<?xml version="1.0" encoding="UTF-8"?>
<testsuite xmlns:xsi="http://www.w3.org/2001/XMLSchema-instance" xsi:noNamespaceSchemaLocation="https://maven.apache.org/surefire/maven-surefire-plugin/xsd/surefire-test-report.xsd" name="org.apache.hadoop.ozone.client.rpc.TestCloseContainerHandlingByClient" time="818.495" tests="8" errors="2" skipped="1" failures="0">
  <properties>
    <property name="awt.toolkit" value="sun.awt.X11.XToolkit"/>
    <property name="file.encoding.pkg" value="sun.io"/>
    <property name="java.specification.version" value="1.8"/>
    <property name="sun.cpu.isalist" value=""/>
    <property name="sun.jnu.encoding" value="UTF-8"/>
    <property name="java.class.path" value="/workdir/hadoop-ozone/integration-test/target/test-classes:/workdir/hadoop-ozone/integration-test/target/classes:/home/user/.m2/repository/org/apache/hadoop/hadoop-ozone-common/0.5.0-SNAPSHOT/hadoop-ozone-common-0.5.0-SNAPSHOT.jar:/home/user/.m2/repository/org/apache/commons/commons-compress/1.4.1/commons-compress-1.4.1.jar:/home/user/.m2/repository/org/tukaani/xz/1.0/xz-1.0.jar:/home/user/.m2/repository/org/apache/hadoop/hadoop-common/3.2.0/hadoop-common-3.2.0.jar:/home/user/.m2/repository/org/apache/hadoop/hadoop-hdfs/3.2.0/hadoop-hdfs-3.2.0.jar:/home/user/.m2/repository/org/apache/hadoop/hadoop-hdfs-client/3.2.0/hadoop-hdfs-client-3.2.0.jar:/home/user/.m2/repository/com/fasterxml/jackson/core/jackson-annotations/2.9.5/jackson-annotations-2.9.5.jar:/home/user/.m2/repository/org/apache/hadoop/hadoop-hdds-common/0.5.0-SNAPSHOT/hadoop-hdds-common-0.5.0-SNAPSHOT.jar:/home/user/.m2/repository/javax/annotation/javax.annotation-api/1.2/javax.annotation-api-1.2.jar:/home/user/.m2/repository/org/apache/ratis/ratis-server/0.4.0-78e95b9-SNAPSHOT/ratis-server-0.4.0-78e95b9-SNAPSHOT.jar:/home/user/.m2/repository/org/apache/ratis/ratis-thirdparty-misc/0.2.0/ratis-thirdparty-misc-0.2.0.jar:/home/user/.m2/repository/org/apache/ratis/ratis-proto/0.4.0-78e95b9-SNAPSHOT/ratis-proto-0.4.0-78e95b9-SNAPSHOT.jar:/home/user/.m2/repository/org/apache/ratis/ratis-common/0.4.0-78e95b9-SNAPSHOT/ratis-common-0.4.0-78e95b9-SNAPSHOT.jar:/home/user/.m2/repository/org/apache/ratis/ratis-client/0.4.0-78e95b9-SNAPSHOT/ratis-client-0.4.0-78e95b9-SNAPSHOT.jar:/home/user/.m2/repository/org/apache/ratis/ratis-metrics/0.4.0-78e95b9-SNAPSHOT/ratis-metrics-0.4.0-78e95b9-SNAPSHOT.jar:/home/user/.m2/repository/com/github/joshelser/dropwizard-metrics-hadoop-metrics2-reporter/0.1.2/dropwizard-metrics-hadoop-metrics2-reporter-0.1.2.jar:/home/user/.m2/repository/io/dropwizard/metrics/metrics-jvm/3.2.5/metrics-jvm-3.2.5.jar:/home/user/.m2/repository/io/dropwizard/metrics/metrics-ganglia/3.2.5/metrics-ganglia-3.2.5.jar:/home/user/.m2/repository/info/ganglia/gmetric4j/gmetric4j/1.0.7/gmetric4j-1.0.7.jar:/home/user/.m2/repository/org/apache/ratis/ratis-netty/0.4.0-78e95b9-SNAPSHOT/ratis-netty-0.4.0-78e95b9-SNAPSHOT.jar:/home/user/.m2/repository/org/apache/ratis/ratis-grpc/0.4.0-78e95b9-SNAPSHOT/ratis-grpc-0.4.0-78e95b9-SNAPSHOT.jar:/home/user/.m2/repository/org/rocksdb/rocksdbjni/6.0.1/rocksdbjni-6.0.1.jar:/home/user/.m2/repository/org/apache/logging/log4j/log4j-api/2.11.0/log4j-api-2.11.0.jar:/home/user/.m2/repository/org/apache/logging/log4j/log4j-core/2.11.0/log4j-core-2.11.0.jar:/home/user/.m2/repository/com/lmax/disruptor/3.4.2/disruptor-3.4.2.jar:/home/user/.m2/repository/org/apache/commons/commons-pool2/2.6.0/commons-pool2-2.6.0.jar:/home/user/.m2/repository/org/bouncycastle/bcpkix-jdk15on/1.60/bcpkix-jdk15on-1.60.jar:/home/user/.m2/repository/commons-validator/commons-validator/1.6/commons-validator-1.6.jar:/home/user/.m2/repository/commons-digester/commons-digester/1.8.1/commons-digester-1.8.1.jar:/home/user/.m2/repository/io/jaegertracing/jaeger-client/0.33.1/jaeger-client-0.33.1.jar:/home/user/.m2/repository/io/jaegertracing/jaeger-thrift/0.33.1/jaeger-thrift-0.33.1.jar:/home/user/.m2/repository/org/apache/thrift/libthrift/0.11.0/libthrift-0.11.0.jar:/home/user/.m2/repository/com/squareup/okhttp3/okhttp/3.9.0/okhttp-3.9.0.jar:/home/user/.m2/repository/com/squareup/okio/okio/1.13.0/okio-1.13.0.jar:/home/user/.m2/repository/io/jaegertracing/jaeger-core/0.33.1/jaeger-core-0.33.1.jar:/home/user/.m2/repository/io/jaegertracing/jaeger-tracerresolver/0.33.1/jaeger-tracerresolver-0.33.1.jar:/home/user/.m2/repository/io/opentracing/contrib/opentracing-tracerresolver/0.1.5/opentracing-tracerresolver-0.1.5.jar:/home/user/.m2/repository/io/opentracing/opentracing-util/0.31.0/opentracing-util-0.31.0.jar:/home/user/.m2/repository/io/opentracing/opentracing-api/0.31.0/opentracing-api-0.31.0.jar:/home/user/.m2/repository/io/opentracing/opentracing-noop/0.31.0/opentracing-noop-0.31.0.jar:/home/user/.m2/repository/org/apache/hadoop/hadoop-hdds-server-framework/0.5.0-SNAPSHOT/hadoop-hdds-server-framework-0.5.0-SNAPSHOT.jar:/home/user/.m2/repository/org/apache/hadoop/hadoop-hdds-container-service/0.5.0-SNAPSHOT/hadoop-hdds-container-service-0.5.0-SNAPSHOT.jar:/home/user/.m2/repository/org/apache/hadoop/hadoop-hdds-client/0.5.0-SNAPSHOT/hadoop-hdds-client-0.5.0-SNAPSHOT.jar:/home/user/.m2/repository/org/apache/hadoop/hadoop-hdds-tools/0.5.0-SNAPSHOT/hadoop-hdds-tools-0.5.0-SNAPSHOT.jar:/home/user/.m2/repository/org/apache/hadoop/hadoop-hdds-server-scm/0.5.0-SNAPSHOT/hadoop-hdds-server-scm-0.5.0-SNAPSHOT.jar:/home/user/.m2/repository/org/apache/hadoop/hadoop-hdds-docs/0.5.0-SNAPSHOT/hadoop-hdds-docs-0.5.0-SNAPSHOT.jar:/home/user/.m2/repository/io/dropwizard/metrics/metrics-core/3.2.4/metrics-core-3.2.4.jar:/home/user/.m2/repository/org/hamcrest/hamcrest-all/1.3/hamcrest-all-1.3.jar:/home/user/.m2/repository/org/bouncycastle/bcprov-jdk15on/1.60/bcprov-jdk15on-1.60.jar:/home/user/.m2/repository/info/picocli/picocli/3.9.6/picocli-3.9.6.jar:/home/user/.m2/repository/com/google/protobuf/protobuf-java/2.5.0/protobuf-java-2.5.0.jar:/home/user/.m2/repository/com/google/guava/guava/11.0.2/guava-11.0.2.jar:/home/user/.m2/repository/org/apache/hadoop/hadoop-ozone-ozone-manager/0.5.0-SNAPSHOT/hadoop-ozone-ozone-manager-0.5.0-SNAPSHOT.jar:/home/user/.m2/repository/org/apache/hadoop/hadoop-minikdc/3.2.0/hadoop-minikdc-3.2.0.jar:/home/user/.m2/repository/commons-io/commons-io/2.5/commons-io-2.5.jar:/home/user/.m2/repository/org/apache/kerby/kerb-simplekdc/1.0.1/kerb-simplekdc-1.0.1.jar:/home/user/.m2/repository/org/apache/kerby/kerb-client/1.0.1/kerb-client-1.0.1.jar:/home/user/.m2/repository/org/apache/kerby/kerby-config/1.0.1/kerby-config-1.0.1.jar:/home/user/.m2/repository/org/apache/kerby/kerb-core/1.0.1/kerb-core-1.0.1.jar:/home/user/.m2/repository/org/apache/kerby/kerby-pkix/1.0.1/kerby-pkix-1.0.1.jar:/home/user/.m2/repository/org/apache/kerby/kerby-asn1/1.0.1/kerby-asn1-1.0.1.jar:/home/user/.m2/repository/org/apache/kerby/kerby-util/1.0.1/kerby-util-1.0.1.jar:/home/user/.m2/repository/org/apache/kerby/kerb-common/1.0.1/kerb-common-1.0.1.jar:/home/user/.m2/repository/org/apache/kerby/kerb-crypto/1.0.1/kerb-crypto-1.0.1.jar:/home/user/.m2/repository/org/apache/kerby/kerb-util/1.0.1/kerb-util-1.0.1.jar:/home/user/.m2/repository/org/apache/kerby/token-provider/1.0.1/token-provider-1.0.1.jar:/home/user/.m2/repository/org/apache/kerby/kerb-admin/1.0.1/kerb-admin-1.0.1.jar:/home/user/.m2/repository/org/apache/kerby/kerb-server/1.0.1/kerb-server-1.0.1.jar:/home/user/.m2/repository/org/apache/kerby/kerb-identity/1.0.1/kerb-identity-1.0.1.jar:/home/user/.m2/repository/org/apache/kerby/kerby-xdr/1.0.1/kerby-xdr-1.0.1.jar:/home/user/.m2/repository/org/slf4j/slf4j-log4j12/1.7.25/slf4j-log4j12-1.7.25.jar:/home/user/.m2/repository/org/apache/hadoop/hadoop-ozone-s3gateway/0.5.0-SNAPSHOT/hadoop-ozone-s3gateway-0.5.0-SNAPSHOT.jar:/home/user/.m2/repository/org/jboss/weld/servlet/weld-servlet/2.4.7.Final/weld-servlet-2.4.7.Final.jar:/home/user/.m2/repository/org/glassfish/jersey/containers/jersey-container-servlet-core/2.27/jersey-container-servlet-core-2.27.jar:/home/user/.m2/repository/org/glassfish/hk2/external/javax.inject/2.5.0-b42/javax.inject-2.5.0-b42.jar:/home/user/.m2/repository/org/glassfish/jersey/core/jersey-common/2.27/jersey-common-2.27.jar:/home/user/.m2/repository/org/glassfish/hk2/osgi-resource-locator/1.0.1/osgi-resource-locator-1.0.1.jar:/home/user/.m2/repository/javax/ws/rs/javax.ws.rs-api/2.1/javax.ws.rs-api-2.1.jar:/home/user/.m2/repository/org/glassfish/jersey/ext/cdi/jersey-cdi1x/2.27/jersey-cdi1x-2.27.jar:/home/user/.m2/repository/org/glassfish/jersey/inject/jersey-hk2/2.27/jersey-hk2-2.27.jar:/home/user/.m2/repository/org/glassfish/hk2/hk2-locator/2.5.0-b42/hk2-locator-2.5.0-b42.jar:/home/user/.m2/repository/org/javassist/javassist/3.22.0-CR2/javassist-3.22.0-CR2.jar:/home/user/.m2/repository/org/glassfish/hk2/hk2-api/2.5.0/hk2-api-2.5.0.jar:/home/user/.m2/repository/org/glassfish/hk2/external/jakarta.inject/2.5.0/jakarta.inject-2.5.0.jar:/home/user/.m2/repository/org/glassfish/hk2/hk2-utils/2.5.0/hk2-utils-2.5.0.jar:/home/user/.m2/repository/jakarta/annotation/jakarta.annotation-api/1.3.4/jakarta.annotation-api-1.3.4.jar:/home/user/.m2/repository/org/glassfish/hk2/external/aopalliance-repackaged/2.5.0/aopalliance-repackaged-2.5.0.jar:/home/user/.m2/repository/com/fasterxml/jackson/dataformat/jackson-dataformat-xml/2.9.0/jackson-dataformat-xml-2.9.0.jar:/home/user/.m2/repository/com/fasterxml/jackson/core/jackson-core/2.9.5/jackson-core-2.9.5.jar:/home/user/.m2/repository/com/fasterxml/jackson/module/jackson-module-jaxb-annotations/2.9.5/jackson-module-jaxb-annotations-2.9.5.jar:/home/user/.m2/repository/javax/enterprise/cdi-api/1.2/cdi-api-1.2.jar:/home/user/.m2/repository/javax/el/javax.el-api/3.0.0/javax.el-api-3.0.0.jar:/home/user/.m2/repository/javax/interceptor/javax.interceptor-api/1.2/javax.interceptor-api-1.2.jar:/home/user/.m2/repository/javax/inject/javax.inject/1/javax.inject-1.jar:/home/user/.m2/repository/com/sun/xml/bind/jaxb-impl/2.3.0.1/jaxb-impl-2.3.0.1.jar:/home/user/.m2/repository/com/sun/xml/bind/jaxb-core/2.3.0.1/jaxb-core-2.3.0.1.jar:/home/user/.m2/repository/javax/xml/bind/jaxb-api/2.3.0/jaxb-api-2.3.0.jar:/home/user/.m2/repository/javax/activation/activation/1.1.1/activation-1.1.1.jar:/home/user/.m2/repository/org/apache/hadoop/hadoop-ozone-csi/0.5.0-SNAPSHOT/hadoop-ozone-csi-0.5.0-SNAPSHOT.jar:/home/user/.m2/repository/com/google/protobuf/protobuf-java-util/3.5.1/protobuf-java-util-3.5.1.jar:/home/user/.m2/repository/org/apache/hadoop/hadoop-hdds-config/0.5.0-SNAPSHOT/hadoop-hdds-config-0.5.0-SNAPSHOT.jar:/home/user/.m2/repository/io/grpc/grpc-netty/1.17.1/grpc-netty-1.17.1.jar:/home/user/.m2/repository/io/grpc/grpc-core/1.17.1/grpc-core-1.17.1.jar:/home/user/.m2/repository/io/grpc/grpc-context/1.17.1/grpc-context-1.17.1.jar:/home/user/.m2/repository/com/google/errorprone/error_prone_annotations/2.2.0/error_prone_annotations-2.2.0.jar:/home/user/.m2/repository/org/codehaus/mojo/animal-sniffer-annotations/1.17/animal-sniffer-annotations-1.17.jar:/home/user/.m2/repository/io/opencensus/opencensus-api/0.17.0/opencensus-api-0.17.0.jar:/home/user/.m2/repository/io/opencensus/opencensus-contrib-grpc-metrics/0.17.0/opencensus-contrib-grpc-metrics-0.17.0.jar:/home/user/.m2/repository/io/netty/netty-codec-http2/4.1.30.Final/netty-codec-http2-4.1.30.Final.jar:/home/user/.m2/repository/io/netty/netty-codec-http/4.1.30.Final/netty-codec-http-4.1.30.Final.jar:/home/user/.m2/repository/io/netty/netty-codec/4.1.30.Final/netty-codec-4.1.30.Final.jar:/home/user/.m2/repository/io/netty/netty-handler/4.1.30.Final/netty-handler-4.1.30.Final.jar:/home/user/.m2/repository/io/netty/netty-handler-proxy/4.1.30.Final/netty-handler-proxy-4.1.30.Final.jar:/home/user/.m2/repository/io/netty/netty-codec-socks/4.1.30.Final/netty-codec-socks-4.1.30.Final.jar:/home/user/.m2/repository/io/netty/netty-transport-native-epoll/4.1.30.Final/netty-transport-native-epoll-4.1.30.Final.jar:/home/user/.m2/repository/io/netty/netty-common/4.1.30.Final/netty-common-4.1.30.Final.jar:/home/user/.m2/repository/io/netty/netty-buffer/4.1.30.Final/netty-buffer-4.1.30.Final.jar:/home/user/.m2/repository/io/netty/netty-transport/4.1.30.Final/netty-transport-4.1.30.Final.jar:/home/user/.m2/repository/io/netty/netty-resolver/4.1.30.Final/netty-resolver-4.1.30.Final.jar:/home/user/.m2/repository/io/netty/netty-transport-native-unix-common/4.1.30.Final/netty-transport-native-unix-common-4.1.30.Final.jar:/home/user/.m2/repository/io/grpc/grpc-protobuf/1.17.1/grpc-protobuf-1.17.1.jar:/home/user/.m2/repository/com/google/api/grpc/proto-google-common-protos/1.0.0/proto-google-common-protos-1.0.0.jar:/home/user/.m2/repository/io/grpc/grpc-protobuf-lite/1.17.1/grpc-protobuf-lite-1.17.1.jar:/home/user/.m2/repository/io/grpc/grpc-stub/1.17.1/grpc-stub-1.17.1.jar:/home/user/.m2/repository/org/apache/hadoop/hadoop-ozone-recon/0.5.0-SNAPSHOT/hadoop-ozone-recon-0.5.0-SNAPSHOT.jar:/home/user/.m2/repository/org/apache/hadoop/hadoop-ozone-reconcodegen/0.5.0-SNAPSHOT/hadoop-ozone-reconcodegen-0.5.0-SNAPSHOT.jar:/home/user/.m2/repository/com/google/inject/extensions/guice-multibindings/4.0/guice-multibindings-4.0.jar:/home/user/.m2/repository/com/google/inject/guice/4.0/guice-4.0.jar:/home/user/.m2/repository/aopalliance/aopalliance/1.0/aopalliance-1.0.jar:/home/user/.m2/repository/com/google/inject/extensions/guice-servlet/4.0/guice-servlet-4.0.jar:/home/user/.m2/repository/org/glassfish/jersey/containers/jersey-container-servlet/2.27/jersey-container-servlet-2.27.jar:/home/user/.m2/repository/org/glassfish/hk2/guice-bridge/2.5.0/guice-bridge-2.5.0.jar:/home/user/.m2/repository/org/glassfish/jersey/core/jersey-server/2.27/jersey-server-2.27.jar:/home/user/.m2/repository/org/glassfish/jersey/core/jersey-client/2.27/jersey-client-2.27.jar:/home/user/.m2/repository/org/glassfish/jersey/media/jersey-media-jaxb/2.27/jersey-media-jaxb-2.27.jar:/home/user/.m2/repository/javax/validation/validation-api/1.1.0.Final/validation-api-1.1.0.Final.jar:/home/user/.m2/repository/org/glassfish/jersey/media/jersey-media-json-jackson/2.27/jersey-media-json-jackson-2.27.jar:/home/user/.m2/repository/org/glassfish/jersey/ext/jersey-entity-filtering/2.27/jersey-entity-filtering-2.27.jar:/home/user/.m2/repository/com/google/inject/extensions/guice-assistedinject/4.0/guice-assistedinject-4.0.jar:/home/user/.m2/repository/org/jooq/jooq/3.11.10/jooq-3.11.10.jar:/home/user/.m2/repository/org/jooq/jooq-meta/3.11.10/jooq-meta-3.11.10.jar:/home/user/.m2/repository/org/jooq/jooq-codegen/3.11.10/jooq-codegen-3.11.10.jar:/home/user/.m2/repository/com/jolbox/bonecp/0.8.0.RELEASE/bonecp-0.8.0.RELEASE.jar:/home/user/.m2/repository/org/xerial/sqlite-jdbc/3.25.2/sqlite-jdbc-3.25.2.jar:/home/user/.m2/repository/org/springframework/spring-jdbc/5.1.3.RELEASE/spring-jdbc-5.1.3.RELEASE.jar:/home/user/.m2/repository/org/springframework/spring-beans/5.1.3.RELEASE/spring-beans-5.1.3.RELEASE.jar:/home/user/.m2/repository/org/springframework/spring-core/5.1.3.RELEASE/spring-core-5.1.3.RELEASE.jar:/home/user/.m2/repository/org/springframework/spring-jcl/5.1.3.RELEASE/spring-jcl-5.1.3.RELEASE.jar:/home/user/.m2/repository/org/springframework/spring-tx/5.1.3.RELEASE/spring-tx-5.1.3.RELEASE.jar:/home/user/.m2/repository/org/apache/hadoop/hadoop-ozone-client/0.5.0-SNAPSHOT/hadoop-ozone-client-0.5.0-SNAPSHOT.jar:/home/user/.m2/repository/commons-lang/commons-lang/2.6/commons-lang-2.6.jar:/home/user/.m2/repository/org/apache/hadoop/hadoop-ozone-ozone-manager/0.5.0-SNAPSHOT/hadoop-ozone-ozone-manager-0.5.0-SNAPSHOT-tests.jar:/home/user/.m2/repository/junit/junit/4.11/junit-4.11.jar:/home/user/.m2/repository/org/hamcrest/hamcrest-core/1.3/hamcrest-core-1.3.jar:/home/user/.m2/repository/org/openjdk/jmh/jmh-core/1.19/jmh-core-1.19.jar:/home/user/.m2/repository/net/sf/jopt-simple/jopt-simple/4.6/jopt-simple-4.6.jar:/home/user/.m2/repository/org/apache/commons/commons-math3/3.1.1/commons-math3-3.1.1.jar:/home/user/.m2/repository/org/openjdk/jmh/jmh-generator-annprocess/1.19/jmh-generator-annprocess-1.19.jar:/home/user/.m2/repository/org/mockito/mockito-all/1.8.5/mockito-all-1.8.5.jar:/home/user/.m2/repository/org/apache/hadoop/hadoop-kms/3.2.0/hadoop-kms-3.2.0.jar:/home/user/.m2/repository/org/apache/hadoop/hadoop-auth/3.2.0/hadoop-auth-3.2.0.jar:/home/user/.m2/repository/com/nimbusds/nimbus-jose-jwt/4.41.1/nimbus-jose-jwt-4.41.1.jar:/home/user/.m2/repository/com/github/stephenc/jcip/jcip-annotations/1.0-1/jcip-annotations-1.0-1.jar:/home/user/.m2/repository/net/minidev/json-smart/2.3/json-smart-2.3.jar:/home/user/.m2/repository/net/minidev/accessors-smart/1.2/accessors-smart-1.2.jar:/home/user/.m2/repository/org/ow2/asm/asm/5.0.4/asm-5.0.4.jar:/home/user/.m2/repository/org/apache/curator/curator-framework/2.12.0/curator-framework-2.12.0.jar:/home/user/.m2/repository/com/sun/jersey/jersey-core/1.19/jersey-core-1.19.jar:/home/user/.m2/repository/javax/ws/rs/jsr311-api/1.1.1/jsr311-api-1.1.1.jar:/home/user/.m2/repository/com/sun/jersey/jersey-server/1.19/jersey-server-1.19.jar:/home/user/.m2/repository/javax/servlet/javax.servlet-api/3.1.0/javax.servlet-api-3.1.0.jar:/home/user/.m2/repository/org/eclipse/jetty/jetty-server/9.3.24.v20180605/jetty-server-9.3.24.v20180605.jar:/home/user/.m2/repository/org/eclipse/jetty/jetty-http/9.3.24.v20180605/jetty-http-9.3.24.v20180605.jar:/home/user/.m2/repository/org/eclipse/jetty/jetty-io/9.3.24.v20180605/jetty-io-9.3.24.v20180605.jar:/home/user/.m2/repository/org/eclipse/jetty/jetty-webapp/9.3.24.v20180605/jetty-webapp-9.3.24.v20180605.jar:/home/user/.m2/repository/org/eclipse/jetty/jetty-xml/9.3.24.v20180605/jetty-xml-9.3.24.v20180605.jar:/home/user/.m2/repository/log4j/log4j/1.2.17/log4j-1.2.17.jar:/home/user/.m2/repository/org/slf4j/slf4j-api/1.7.25/slf4j-api-1.7.25.jar:/home/user/.m2/repository/org/slf4j/jul-to-slf4j/1.7.25/jul-to-slf4j-1.7.25.jar:/home/user/.m2/repository/org/eclipse/jetty/jetty-util/9.3.24.v20180605/jetty-util-9.3.24.v20180605.jar:/home/user/.m2/repository/com/fasterxml/jackson/core/jackson-databind/2.9.5/jackson-databind-2.9.5.jar:/home/user/.m2/repository/org/apache/hadoop/hadoop-kms/3.2.0/hadoop-kms-3.2.0-tests.jar:/home/user/.m2/repository/org/apache/hadoop/hadoop-hdds-server-scm/0.5.0-SNAPSHOT/hadoop-hdds-server-scm-0.5.0-SNAPSHOT-tests.jar:/home/user/.m2/repository/org/apache/hadoop/hadoop-hdds-container-service/0.5.0-SNAPSHOT/hadoop-hdds-container-service-0.5.0-SNAPSHOT-tests.jar:/home/user/.m2/repository/org/yaml/snakeyaml/1.16/snakeyaml-1.16.jar:/home/user/.m2/repository/org/apache/hadoop/hadoop-common/3.2.0/hadoop-common-3.2.0-tests.jar:/home/user/.m2/repository/org/apache/hadoop/hadoop-annotations/3.2.0/hadoop-annotations-3.2.0.jar:/usr/lib/jvm/java-1.8-openjdk/jre/../lib/tools.jar:/home/user/.m2/repository/commons-cli/commons-cli/1.2/commons-cli-1.2.jar:/home/user/.m2/repository/org/apache/httpcomponents/httpclient/4.5.2/httpclient-4.5.2.jar:/home/user/.m2/repository/org/apache/httpcomponents/httpcore/4.4.4/httpcore-4.4.4.jar:/home/user/.m2/repository/commons-codec/commons-codec/1.11/commons-codec-1.11.jar:/home/user/.m2/repository/commons-net/commons-net/3.6/commons-net-3.6.jar:/home/user/.m2/repository/commons-collections/commons-collections/3.2.2/commons-collections-3.2.2.jar:/home/user/.m2/repository/org/eclipse/jetty/jetty-servlet/9.3.24.v20180605/jetty-servlet-9.3.24.v20180605.jar:/home/user/.m2/repository/org/eclipse/jetty/jetty-security/9.3.24.v20180605/jetty-security-9.3.24.v20180605.jar:/home/user/.m2/repository/javax/servlet/jsp/jsp-api/2.1/jsp-api-2.1.jar:/home/user/.m2/repository/com/sun/jersey/jersey-servlet/1.19/jersey-servlet-1.19.jar:/home/user/.m2/repository/com/sun/jersey/jersey-json/1.19/jersey-json-1.19.jar:/home/user/.m2/repository/org/codehaus/jettison/jettison/1.1/jettison-1.1.jar:/home/user/.m2/repository/org/codehaus/jackson/jackson-core-asl/1.9.13/jackson-core-asl-1.9.13.jar:/home/user/.m2/repository/org/codehaus/jackson/jackson-mapper-asl/1.9.13/jackson-mapper-asl-1.9.13.jar:/home/user/.m2/repository/org/codehaus/jackson/jackson-jaxrs/1.9.13/jackson-jaxrs-1.9.13.jar:/home/user/.m2/repository/org/codehaus/jackson/jackson-xc/1.9.13/jackson-xc-1.9.13.jar:/home/user/.m2/repository/commons-logging/commons-logging/1.1.3/commons-logging-1.1.3.jar:/home/user/.m2/repository/commons-beanutils/commons-beanutils/1.9.3/commons-beanutils-1.9.3.jar:/home/user/.m2/repository/org/apache/commons/commons-configuration2/2.1.1/commons-configuration2-2.1.1.jar:/home/user/.m2/repository/org/apache/commons/commons-lang3/3.7/commons-lang3-3.7.jar:/home/user/.m2/repository/org/apache/commons/commons-text/1.4/commons-text-1.4.jar:/home/user/.m2/repository/org/apache/avro/avro/1.7.7/avro-1.7.7.jar:/home/user/.m2/repository/com/thoughtworks/paranamer/paranamer/2.3/paranamer-2.3.jar:/home/user/.m2/repository/org/xerial/snappy/snappy-java/1.0.5/snappy-java-1.0.5.jar:/home/user/.m2/repository/com/google/re2j/re2j/1.1/re2j-1.1.jar:/home/user/.m2/repository/com/google/code/gson/gson/2.2.4/gson-2.2.4.jar:/home/user/.m2/repository/com/jcraft/jsch/0.1.54/jsch-0.1.54.jar:/home/user/.m2/repository/org/apache/curator/curator-client/2.12.0/curator-client-2.12.0.jar:/home/user/.m2/repository/org/apache/curator/curator-recipes/2.12.0/curator-recipes-2.12.0.jar:/home/user/.m2/repository/com/google/code/findbugs/jsr305/3.0.0/jsr305-3.0.0.jar:/home/user/.m2/repository/org/apache/htrace/htrace-core4/4.1.0-incubating/htrace-core4-4.1.0-incubating.jar:/home/user/.m2/repository/org/apache/zookeeper/zookeeper/3.4.13/zookeeper-3.4.13.jar:/home/user/.m2/repository/org/apache/yetus/audience-annotations/0.5.0/audience-annotations-0.5.0.jar:/home/user/.m2/repository/org/codehaus/woodstox/stax2-api/3.1.4/stax2-api-3.1.4.jar:/home/user/.m2/repository/com/fasterxml/woodstox/woodstox-core/5.0.3/woodstox-core-5.0.3.jar:/home/user/.m2/repository/dnsjava/dnsjava/2.1.7/dnsjava-2.1.7.jar:/home/user/.m2/repository/org/apache/hadoop/hadoop-hdfs/3.2.0/hadoop-hdfs-3.2.0-tests.jar:/home/user/.m2/repository/org/eclipse/jetty/jetty-util-ajax/9.3.24.v20180605/jetty-util-ajax-9.3.24.v20180605.jar:/home/user/.m2/repository/commons-daemon/commons-daemon/1.0.13/commons-daemon-1.0.13.jar:/home/user/.m2/repository/io/netty/netty/3.10.5.Final/netty-3.10.5.Final.jar:/home/user/.m2/repository/io/netty/netty-all/4.0.52.Final/netty-all-4.0.52.Final.jar:/home/user/.m2/repository/org/fusesource/leveldbjni/leveldbjni-all/1.8/leveldbjni-all-1.8.jar:"/>
    <property name="java.vm.vendor" value="IcedTea"/>
    <property name="sun.arch.data.model" value="64"/>
    <property name="test.build.dir" value="/workdir/hadoop-ozone/integration-test/target/test-dir"/>
    <property name="test.cache.data" value=""/>
    <property name="java.vendor.url" value="https://icedtea.classpath.org"/>
    <property name="user.timezone" value=""/>
    <property name="java.vm.specification.version" value="1.8"/>
    <property name="os.name" value="Linux"/>
    <property name="test.build.data" value="/workdir/hadoop-ozone/integration-test/target/test-dir"/>
    <property name="user.country" value="US"/>
    <property name="sun.java.launcher" value="SUN_STANDARD"/>
    <property name="sun.boot.library.path" value="/usr/lib/jvm/java-1.8-openjdk/jre/lib/amd64"/>
    <property name="sun.java.command" value="/workdir/hadoop-ozone/integration-test/target/surefire/surefirebooter8997792021300942610.jar /workdir/hadoop-ozone/integration-test/target/surefire 2019-09-11T09-51-54_257-jvmRun1 surefire1267277101436234886tmp surefire_373881409214982054966tmp"/>
    <property name="test" value="!TestMiniChaosOzoneCluster"/>
    <property name="surefire.test.class.path" value="/workdir/hadoop-ozone/integration-test/target/test-classes:/workdir/hadoop-ozone/integration-test/target/classes:/home/user/.m2/repository/org/apache/hadoop/hadoop-ozone-common/0.5.0-SNAPSHOT/hadoop-ozone-common-0.5.0-SNAPSHOT.jar:/home/user/.m2/repository/org/apache/commons/commons-compress/1.4.1/commons-compress-1.4.1.jar:/home/user/.m2/repository/org/tukaani/xz/1.0/xz-1.0.jar:/home/user/.m2/repository/org/apache/hadoop/hadoop-common/3.2.0/hadoop-common-3.2.0.jar:/home/user/.m2/repository/org/apache/hadoop/hadoop-hdfs/3.2.0/hadoop-hdfs-3.2.0.jar:/home/user/.m2/repository/org/apache/hadoop/hadoop-hdfs-client/3.2.0/hadoop-hdfs-client-3.2.0.jar:/home/user/.m2/repository/com/fasterxml/jackson/core/jackson-annotations/2.9.5/jackson-annotations-2.9.5.jar:/home/user/.m2/repository/org/apache/hadoop/hadoop-hdds-common/0.5.0-SNAPSHOT/hadoop-hdds-common-0.5.0-SNAPSHOT.jar:/home/user/.m2/repository/javax/annotation/javax.annotation-api/1.2/javax.annotation-api-1.2.jar:/home/user/.m2/repository/org/apache/ratis/ratis-server/0.4.0-78e95b9-SNAPSHOT/ratis-server-0.4.0-78e95b9-SNAPSHOT.jar:/home/user/.m2/repository/org/apache/ratis/ratis-thirdparty-misc/0.2.0/ratis-thirdparty-misc-0.2.0.jar:/home/user/.m2/repository/org/apache/ratis/ratis-proto/0.4.0-78e95b9-SNAPSHOT/ratis-proto-0.4.0-78e95b9-SNAPSHOT.jar:/home/user/.m2/repository/org/apache/ratis/ratis-common/0.4.0-78e95b9-SNAPSHOT/ratis-common-0.4.0-78e95b9-SNAPSHOT.jar:/home/user/.m2/repository/org/apache/ratis/ratis-client/0.4.0-78e95b9-SNAPSHOT/ratis-client-0.4.0-78e95b9-SNAPSHOT.jar:/home/user/.m2/repository/org/apache/ratis/ratis-metrics/0.4.0-78e95b9-SNAPSHOT/ratis-metrics-0.4.0-78e95b9-SNAPSHOT.jar:/home/user/.m2/repository/com/github/joshelser/dropwizard-metrics-hadoop-metrics2-reporter/0.1.2/dropwizard-metrics-hadoop-metrics2-reporter-0.1.2.jar:/home/user/.m2/repository/io/dropwizard/metrics/metrics-jvm/3.2.5/metrics-jvm-3.2.5.jar:/home/user/.m2/repository/io/dropwizard/metrics/metrics-ganglia/3.2.5/metrics-ganglia-3.2.5.jar:/home/user/.m2/repository/info/ganglia/gmetric4j/gmetric4j/1.0.7/gmetric4j-1.0.7.jar:/home/user/.m2/repository/org/apache/ratis/ratis-netty/0.4.0-78e95b9-SNAPSHOT/ratis-netty-0.4.0-78e95b9-SNAPSHOT.jar:/home/user/.m2/repository/org/apache/ratis/ratis-grpc/0.4.0-78e95b9-SNAPSHOT/ratis-grpc-0.4.0-78e95b9-SNAPSHOT.jar:/home/user/.m2/repository/org/rocksdb/rocksdbjni/6.0.1/rocksdbjni-6.0.1.jar:/home/user/.m2/repository/org/apache/logging/log4j/log4j-api/2.11.0/log4j-api-2.11.0.jar:/home/user/.m2/repository/org/apache/logging/log4j/log4j-core/2.11.0/log4j-core-2.11.0.jar:/home/user/.m2/repository/com/lmax/disruptor/3.4.2/disruptor-3.4.2.jar:/home/user/.m2/repository/org/apache/commons/commons-pool2/2.6.0/commons-pool2-2.6.0.jar:/home/user/.m2/repository/org/bouncycastle/bcpkix-jdk15on/1.60/bcpkix-jdk15on-1.60.jar:/home/user/.m2/repository/commons-validator/commons-validator/1.6/commons-validator-1.6.jar:/home/user/.m2/repository/commons-digester/commons-digester/1.8.1/commons-digester-1.8.1.jar:/home/user/.m2/repository/io/jaegertracing/jaeger-client/0.33.1/jaeger-client-0.33.1.jar:/home/user/.m2/repository/io/jaegertracing/jaeger-thrift/0.33.1/jaeger-thrift-0.33.1.jar:/home/user/.m2/repository/org/apache/thrift/libthrift/0.11.0/libthrift-0.11.0.jar:/home/user/.m2/repository/com/squareup/okhttp3/okhttp/3.9.0/okhttp-3.9.0.jar:/home/user/.m2/repository/com/squareup/okio/okio/1.13.0/okio-1.13.0.jar:/home/user/.m2/repository/io/jaegertracing/jaeger-core/0.33.1/jaeger-core-0.33.1.jar:/home/user/.m2/repository/io/jaegertracing/jaeger-tracerresolver/0.33.1/jaeger-tracerresolver-0.33.1.jar:/home/user/.m2/repository/io/opentracing/contrib/opentracing-tracerresolver/0.1.5/opentracing-tracerresolver-0.1.5.jar:/home/user/.m2/repository/io/opentracing/opentracing-util/0.31.0/opentracing-util-0.31.0.jar:/home/user/.m2/repository/io/opentracing/opentracing-api/0.31.0/opentracing-api-0.31.0.jar:/home/user/.m2/repository/io/opentracing/opentracing-noop/0.31.0/opentracing-noop-0.31.0.jar:/home/user/.m2/repository/org/apache/hadoop/hadoop-hdds-server-framework/0.5.0-SNAPSHOT/hadoop-hdds-server-framework-0.5.0-SNAPSHOT.jar:/home/user/.m2/repository/org/apache/hadoop/hadoop-hdds-container-service/0.5.0-SNAPSHOT/hadoop-hdds-container-service-0.5.0-SNAPSHOT.jar:/home/user/.m2/repository/org/apache/hadoop/hadoop-hdds-client/0.5.0-SNAPSHOT/hadoop-hdds-client-0.5.0-SNAPSHOT.jar:/home/user/.m2/repository/org/apache/hadoop/hadoop-hdds-tools/0.5.0-SNAPSHOT/hadoop-hdds-tools-0.5.0-SNAPSHOT.jar:/home/user/.m2/repository/org/apache/hadoop/hadoop-hdds-server-scm/0.5.0-SNAPSHOT/hadoop-hdds-server-scm-0.5.0-SNAPSHOT.jar:/home/user/.m2/repository/org/apache/hadoop/hadoop-hdds-docs/0.5.0-SNAPSHOT/hadoop-hdds-docs-0.5.0-SNAPSHOT.jar:/home/user/.m2/repository/io/dropwizard/metrics/metrics-core/3.2.4/metrics-core-3.2.4.jar:/home/user/.m2/repository/org/hamcrest/hamcrest-all/1.3/hamcrest-all-1.3.jar:/home/user/.m2/repository/org/bouncycastle/bcprov-jdk15on/1.60/bcprov-jdk15on-1.60.jar:/home/user/.m2/repository/info/picocli/picocli/3.9.6/picocli-3.9.6.jar:/home/user/.m2/repository/com/google/protobuf/protobuf-java/2.5.0/protobuf-java-2.5.0.jar:/home/user/.m2/repository/com/google/guava/guava/11.0.2/guava-11.0.2.jar:/home/user/.m2/repository/org/apache/hadoop/hadoop-ozone-ozone-manager/0.5.0-SNAPSHOT/hadoop-ozone-ozone-manager-0.5.0-SNAPSHOT.jar:/home/user/.m2/repository/org/apache/hadoop/hadoop-minikdc/3.2.0/hadoop-minikdc-3.2.0.jar:/home/user/.m2/repository/commons-io/commons-io/2.5/commons-io-2.5.jar:/home/user/.m2/repository/org/apache/kerby/kerb-simplekdc/1.0.1/kerb-simplekdc-1.0.1.jar:/home/user/.m2/repository/org/apache/kerby/kerb-client/1.0.1/kerb-client-1.0.1.jar:/home/user/.m2/repository/org/apache/kerby/kerby-config/1.0.1/kerby-config-1.0.1.jar:/home/user/.m2/repository/org/apache/kerby/kerb-core/1.0.1/kerb-core-1.0.1.jar:/home/user/.m2/repository/org/apache/kerby/kerby-pkix/1.0.1/kerby-pkix-1.0.1.jar:/home/user/.m2/repository/org/apache/kerby/kerby-asn1/1.0.1/kerby-asn1-1.0.1.jar:/home/user/.m2/repository/org/apache/kerby/kerby-util/1.0.1/kerby-util-1.0.1.jar:/home/user/.m2/repository/org/apache/kerby/kerb-common/1.0.1/kerb-common-1.0.1.jar:/home/user/.m2/repository/org/apache/kerby/kerb-crypto/1.0.1/kerb-crypto-1.0.1.jar:/home/user/.m2/repository/org/apache/kerby/kerb-util/1.0.1/kerb-util-1.0.1.jar:/home/user/.m2/repository/org/apache/kerby/token-provider/1.0.1/token-provider-1.0.1.jar:/home/user/.m2/repository/org/apache/kerby/kerb-admin/1.0.1/kerb-admin-1.0.1.jar:/home/user/.m2/repository/org/apache/kerby/kerb-server/1.0.1/kerb-server-1.0.1.jar:/home/user/.m2/repository/org/apache/kerby/kerb-identity/1.0.1/kerb-identity-1.0.1.jar:/home/user/.m2/repository/org/apache/kerby/kerby-xdr/1.0.1/kerby-xdr-1.0.1.jar:/home/user/.m2/repository/org/slf4j/slf4j-log4j12/1.7.25/slf4j-log4j12-1.7.25.jar:/home/user/.m2/repository/org/apache/hadoop/hadoop-ozone-s3gateway/0.5.0-SNAPSHOT/hadoop-ozone-s3gateway-0.5.0-SNAPSHOT.jar:/home/user/.m2/repository/org/jboss/weld/servlet/weld-servlet/2.4.7.Final/weld-servlet-2.4.7.Final.jar:/home/user/.m2/repository/org/glassfish/jersey/containers/jersey-container-servlet-core/2.27/jersey-container-servlet-core-2.27.jar:/home/user/.m2/repository/org/glassfish/hk2/external/javax.inject/2.5.0-b42/javax.inject-2.5.0-b42.jar:/home/user/.m2/repository/org/glassfish/jersey/core/jersey-common/2.27/jersey-common-2.27.jar:/home/user/.m2/repository/org/glassfish/hk2/osgi-resource-locator/1.0.1/osgi-resource-locator-1.0.1.jar:/home/user/.m2/repository/javax/ws/rs/javax.ws.rs-api/2.1/javax.ws.rs-api-2.1.jar:/home/user/.m2/repository/org/glassfish/jersey/ext/cdi/jersey-cdi1x/2.27/jersey-cdi1x-2.27.jar:/home/user/.m2/repository/org/glassfish/jersey/inject/jersey-hk2/2.27/jersey-hk2-2.27.jar:/home/user/.m2/repository/org/glassfish/hk2/hk2-locator/2.5.0-b42/hk2-locator-2.5.0-b42.jar:/home/user/.m2/repository/org/javassist/javassist/3.22.0-CR2/javassist-3.22.0-CR2.jar:/home/user/.m2/repository/org/glassfish/hk2/hk2-api/2.5.0/hk2-api-2.5.0.jar:/home/user/.m2/repository/org/glassfish/hk2/external/jakarta.inject/2.5.0/jakarta.inject-2.5.0.jar:/home/user/.m2/repository/org/glassfish/hk2/hk2-utils/2.5.0/hk2-utils-2.5.0.jar:/home/user/.m2/repository/jakarta/annotation/jakarta.annotation-api/1.3.4/jakarta.annotation-api-1.3.4.jar:/home/user/.m2/repository/org/glassfish/hk2/external/aopalliance-repackaged/2.5.0/aopalliance-repackaged-2.5.0.jar:/home/user/.m2/repository/com/fasterxml/jackson/dataformat/jackson-dataformat-xml/2.9.0/jackson-dataformat-xml-2.9.0.jar:/home/user/.m2/repository/com/fasterxml/jackson/core/jackson-core/2.9.5/jackson-core-2.9.5.jar:/home/user/.m2/repository/com/fasterxml/jackson/module/jackson-module-jaxb-annotations/2.9.5/jackson-module-jaxb-annotations-2.9.5.jar:/home/user/.m2/repository/javax/enterprise/cdi-api/1.2/cdi-api-1.2.jar:/home/user/.m2/repository/javax/el/javax.el-api/3.0.0/javax.el-api-3.0.0.jar:/home/user/.m2/repository/javax/interceptor/javax.interceptor-api/1.2/javax.interceptor-api-1.2.jar:/home/user/.m2/repository/javax/inject/javax.inject/1/javax.inject-1.jar:/home/user/.m2/repository/com/sun/xml/bind/jaxb-impl/2.3.0.1/jaxb-impl-2.3.0.1.jar:/home/user/.m2/repository/com/sun/xml/bind/jaxb-core/2.3.0.1/jaxb-core-2.3.0.1.jar:/home/user/.m2/repository/javax/xml/bind/jaxb-api/2.3.0/jaxb-api-2.3.0.jar:/home/user/.m2/repository/javax/activation/activation/1.1.1/activation-1.1.1.jar:/home/user/.m2/repository/org/apache/hadoop/hadoop-ozone-csi/0.5.0-SNAPSHOT/hadoop-ozone-csi-0.5.0-SNAPSHOT.jar:/home/user/.m2/repository/com/google/protobuf/protobuf-java-util/3.5.1/protobuf-java-util-3.5.1.jar:/home/user/.m2/repository/org/apache/hadoop/hadoop-hdds-config/0.5.0-SNAPSHOT/hadoop-hdds-config-0.5.0-SNAPSHOT.jar:/home/user/.m2/repository/io/grpc/grpc-netty/1.17.1/grpc-netty-1.17.1.jar:/home/user/.m2/repository/io/grpc/grpc-core/1.17.1/grpc-core-1.17.1.jar:/home/user/.m2/repository/io/grpc/grpc-context/1.17.1/grpc-context-1.17.1.jar:/home/user/.m2/repository/com/google/errorprone/error_prone_annotations/2.2.0/error_prone_annotations-2.2.0.jar:/home/user/.m2/repository/org/codehaus/mojo/animal-sniffer-annotations/1.17/animal-sniffer-annotations-1.17.jar:/home/user/.m2/repository/io/opencensus/opencensus-api/0.17.0/opencensus-api-0.17.0.jar:/home/user/.m2/repository/io/opencensus/opencensus-contrib-grpc-metrics/0.17.0/opencensus-contrib-grpc-metrics-0.17.0.jar:/home/user/.m2/repository/io/netty/netty-codec-http2/4.1.30.Final/netty-codec-http2-4.1.30.Final.jar:/home/user/.m2/repository/io/netty/netty-codec-http/4.1.30.Final/netty-codec-http-4.1.30.Final.jar:/home/user/.m2/repository/io/netty/netty-codec/4.1.30.Final/netty-codec-4.1.30.Final.jar:/home/user/.m2/repository/io/netty/netty-handler/4.1.30.Final/netty-handler-4.1.30.Final.jar:/home/user/.m2/repository/io/netty/netty-handler-proxy/4.1.30.Final/netty-handler-proxy-4.1.30.Final.jar:/home/user/.m2/repository/io/netty/netty-codec-socks/4.1.30.Final/netty-codec-socks-4.1.30.Final.jar:/home/user/.m2/repository/io/netty/netty-transport-native-epoll/4.1.30.Final/netty-transport-native-epoll-4.1.30.Final.jar:/home/user/.m2/repository/io/netty/netty-common/4.1.30.Final/netty-common-4.1.30.Final.jar:/home/user/.m2/repository/io/netty/netty-buffer/4.1.30.Final/netty-buffer-4.1.30.Final.jar:/home/user/.m2/repository/io/netty/netty-transport/4.1.30.Final/netty-transport-4.1.30.Final.jar:/home/user/.m2/repository/io/netty/netty-resolver/4.1.30.Final/netty-resolver-4.1.30.Final.jar:/home/user/.m2/repository/io/netty/netty-transport-native-unix-common/4.1.30.Final/netty-transport-native-unix-common-4.1.30.Final.jar:/home/user/.m2/repository/io/grpc/grpc-protobuf/1.17.1/grpc-protobuf-1.17.1.jar:/home/user/.m2/repository/com/google/api/grpc/proto-google-common-protos/1.0.0/proto-google-common-protos-1.0.0.jar:/home/user/.m2/repository/io/grpc/grpc-protobuf-lite/1.17.1/grpc-protobuf-lite-1.17.1.jar:/home/user/.m2/repository/io/grpc/grpc-stub/1.17.1/grpc-stub-1.17.1.jar:/home/user/.m2/repository/org/apache/hadoop/hadoop-ozone-recon/0.5.0-SNAPSHOT/hadoop-ozone-recon-0.5.0-SNAPSHOT.jar:/home/user/.m2/repository/org/apache/hadoop/hadoop-ozone-reconcodegen/0.5.0-SNAPSHOT/hadoop-ozone-reconcodegen-0.5.0-SNAPSHOT.jar:/home/user/.m2/repository/com/google/inject/extensions/guice-multibindings/4.0/guice-multibindings-4.0.jar:/home/user/.m2/repository/com/google/inject/guice/4.0/guice-4.0.jar:/home/user/.m2/repository/aopalliance/aopalliance/1.0/aopalliance-1.0.jar:/home/user/.m2/repository/com/google/inject/extensions/guice-servlet/4.0/guice-servlet-4.0.jar:/home/user/.m2/repository/org/glassfish/jersey/containers/jersey-container-servlet/2.27/jersey-container-servlet-2.27.jar:/home/user/.m2/repository/org/glassfish/hk2/guice-bridge/2.5.0/guice-bridge-2.5.0.jar:/home/user/.m2/repository/org/glassfish/jersey/core/jersey-server/2.27/jersey-server-2.27.jar:/home/user/.m2/repository/org/glassfish/jersey/core/jersey-client/2.27/jersey-client-2.27.jar:/home/user/.m2/repository/org/glassfish/jersey/media/jersey-media-jaxb/2.27/jersey-media-jaxb-2.27.jar:/home/user/.m2/repository/javax/validation/validation-api/1.1.0.Final/validation-api-1.1.0.Final.jar:/home/user/.m2/repository/org/glassfish/jersey/media/jersey-media-json-jackson/2.27/jersey-media-json-jackson-2.27.jar:/home/user/.m2/repository/org/glassfish/jersey/ext/jersey-entity-filtering/2.27/jersey-entity-filtering-2.27.jar:/home/user/.m2/repository/com/google/inject/extensions/guice-assistedinject/4.0/guice-assistedinject-4.0.jar:/home/user/.m2/repository/org/jooq/jooq/3.11.10/jooq-3.11.10.jar:/home/user/.m2/repository/org/jooq/jooq-meta/3.11.10/jooq-meta-3.11.10.jar:/home/user/.m2/repository/org/jooq/jooq-codegen/3.11.10/jooq-codegen-3.11.10.jar:/home/user/.m2/repository/com/jolbox/bonecp/0.8.0.RELEASE/bonecp-0.8.0.RELEASE.jar:/home/user/.m2/repository/org/xerial/sqlite-jdbc/3.25.2/sqlite-jdbc-3.25.2.jar:/home/user/.m2/repository/org/springframework/spring-jdbc/5.1.3.RELEASE/spring-jdbc-5.1.3.RELEASE.jar:/home/user/.m2/repository/org/springframework/spring-beans/5.1.3.RELEASE/spring-beans-5.1.3.RELEASE.jar:/home/user/.m2/repository/org/springframework/spring-core/5.1.3.RELEASE/spring-core-5.1.3.RELEASE.jar:/home/user/.m2/repository/org/springframework/spring-jcl/5.1.3.RELEASE/spring-jcl-5.1.3.RELEASE.jar:/home/user/.m2/repository/org/springframework/spring-tx/5.1.3.RELEASE/spring-tx-5.1.3.RELEASE.jar:/home/user/.m2/repository/org/apache/hadoop/hadoop-ozone-client/0.5.0-SNAPSHOT/hadoop-ozone-client-0.5.0-SNAPSHOT.jar:/home/user/.m2/repository/commons-lang/commons-lang/2.6/commons-lang-2.6.jar:/home/user/.m2/repository/org/apache/hadoop/hadoop-ozone-ozone-manager/0.5.0-SNAPSHOT/hadoop-ozone-ozone-manager-0.5.0-SNAPSHOT-tests.jar:/home/user/.m2/repository/junit/junit/4.11/junit-4.11.jar:/home/user/.m2/repository/org/hamcrest/hamcrest-core/1.3/hamcrest-core-1.3.jar:/home/user/.m2/repository/org/openjdk/jmh/jmh-core/1.19/jmh-core-1.19.jar:/home/user/.m2/repository/net/sf/jopt-simple/jopt-simple/4.6/jopt-simple-4.6.jar:/home/user/.m2/repository/org/apache/commons/commons-math3/3.1.1/commons-math3-3.1.1.jar:/home/user/.m2/repository/org/openjdk/jmh/jmh-generator-annprocess/1.19/jmh-generator-annprocess-1.19.jar:/home/user/.m2/repository/org/mockito/mockito-all/1.8.5/mockito-all-1.8.5.jar:/home/user/.m2/repository/org/apache/hadoop/hadoop-kms/3.2.0/hadoop-kms-3.2.0.jar:/home/user/.m2/repository/org/apache/hadoop/hadoop-auth/3.2.0/hadoop-auth-3.2.0.jar:/home/user/.m2/repository/com/nimbusds/nimbus-jose-jwt/4.41.1/nimbus-jose-jwt-4.41.1.jar:/home/user/.m2/repository/com/github/stephenc/jcip/jcip-annotations/1.0-1/jcip-annotations-1.0-1.jar:/home/user/.m2/repository/net/minidev/json-smart/2.3/json-smart-2.3.jar:/home/user/.m2/repository/net/minidev/accessors-smart/1.2/accessors-smart-1.2.jar:/home/user/.m2/repository/org/ow2/asm/asm/5.0.4/asm-5.0.4.jar:/home/user/.m2/repository/org/apache/curator/curator-framework/2.12.0/curator-framework-2.12.0.jar:/home/user/.m2/repository/com/sun/jersey/jersey-core/1.19/jersey-core-1.19.jar:/home/user/.m2/repository/javax/ws/rs/jsr311-api/1.1.1/jsr311-api-1.1.1.jar:/home/user/.m2/repository/com/sun/jersey/jersey-server/1.19/jersey-server-1.19.jar:/home/user/.m2/repository/javax/servlet/javax.servlet-api/3.1.0/javax.servlet-api-3.1.0.jar:/home/user/.m2/repository/org/eclipse/jetty/jetty-server/9.3.24.v20180605/jetty-server-9.3.24.v20180605.jar:/home/user/.m2/repository/org/eclipse/jetty/jetty-http/9.3.24.v20180605/jetty-http-9.3.24.v20180605.jar:/home/user/.m2/repository/org/eclipse/jetty/jetty-io/9.3.24.v20180605/jetty-io-9.3.24.v20180605.jar:/home/user/.m2/repository/org/eclipse/jetty/jetty-webapp/9.3.24.v20180605/jetty-webapp-9.3.24.v20180605.jar:/home/user/.m2/repository/org/eclipse/jetty/jetty-xml/9.3.24.v20180605/jetty-xml-9.3.24.v20180605.jar:/home/user/.m2/repository/log4j/log4j/1.2.17/log4j-1.2.17.jar:/home/user/.m2/repository/org/slf4j/slf4j-api/1.7.25/slf4j-api-1.7.25.jar:/home/user/.m2/repository/org/slf4j/jul-to-slf4j/1.7.25/jul-to-slf4j-1.7.25.jar:/home/user/.m2/repository/org/eclipse/jetty/jetty-util/9.3.24.v20180605/jetty-util-9.3.24.v20180605.jar:/home/user/.m2/repository/com/fasterxml/jackson/core/jackson-databind/2.9.5/jackson-databind-2.9.5.jar:/home/user/.m2/repository/org/apache/hadoop/hadoop-kms/3.2.0/hadoop-kms-3.2.0-tests.jar:/home/user/.m2/repository/org/apache/hadoop/hadoop-hdds-server-scm/0.5.0-SNAPSHOT/hadoop-hdds-server-scm-0.5.0-SNAPSHOT-tests.jar:/home/user/.m2/repository/org/apache/hadoop/hadoop-hdds-container-service/0.5.0-SNAPSHOT/hadoop-hdds-container-service-0.5.0-SNAPSHOT-tests.jar:/home/user/.m2/repository/org/yaml/snakeyaml/1.16/snakeyaml-1.16.jar:/home/user/.m2/repository/org/apache/hadoop/hadoop-common/3.2.0/hadoop-common-3.2.0-tests.jar:/home/user/.m2/repository/org/apache/hadoop/hadoop-annotations/3.2.0/hadoop-annotations-3.2.0.jar:/usr/lib/jvm/java-1.8-openjdk/jre/../lib/tools.jar:/home/user/.m2/repository/commons-cli/commons-cli/1.2/commons-cli-1.2.jar:/home/user/.m2/repository/org/apache/httpcomponents/httpclient/4.5.2/httpclient-4.5.2.jar:/home/user/.m2/repository/org/apache/httpcomponents/httpcore/4.4.4/httpcore-4.4.4.jar:/home/user/.m2/repository/commons-codec/commons-codec/1.11/commons-codec-1.11.jar:/home/user/.m2/repository/commons-net/commons-net/3.6/commons-net-3.6.jar:/home/user/.m2/repository/commons-collections/commons-collections/3.2.2/commons-collections-3.2.2.jar:/home/user/.m2/repository/org/eclipse/jetty/jetty-servlet/9.3.24.v20180605/jetty-servlet-9.3.24.v20180605.jar:/home/user/.m2/repository/org/eclipse/jetty/jetty-security/9.3.24.v20180605/jetty-security-9.3.24.v20180605.jar:/home/user/.m2/repository/javax/servlet/jsp/jsp-api/2.1/jsp-api-2.1.jar:/home/user/.m2/repository/com/sun/jersey/jersey-servlet/1.19/jersey-servlet-1.19.jar:/home/user/.m2/repository/com/sun/jersey/jersey-json/1.19/jersey-json-1.19.jar:/home/user/.m2/repository/org/codehaus/jettison/jettison/1.1/jettison-1.1.jar:/home/user/.m2/repository/org/codehaus/jackson/jackson-core-asl/1.9.13/jackson-core-asl-1.9.13.jar:/home/user/.m2/repository/org/codehaus/jackson/jackson-mapper-asl/1.9.13/jackson-mapper-asl-1.9.13.jar:/home/user/.m2/repository/org/codehaus/jackson/jackson-jaxrs/1.9.13/jackson-jaxrs-1.9.13.jar:/home/user/.m2/repository/org/codehaus/jackson/jackson-xc/1.9.13/jackson-xc-1.9.13.jar:/home/user/.m2/repository/commons-logging/commons-logging/1.1.3/commons-logging-1.1.3.jar:/home/user/.m2/repository/commons-beanutils/commons-beanutils/1.9.3/commons-beanutils-1.9.3.jar:/home/user/.m2/repository/org/apache/commons/commons-configuration2/2.1.1/commons-configuration2-2.1.1.jar:/home/user/.m2/repository/org/apache/commons/commons-lang3/3.7/commons-lang3-3.7.jar:/home/user/.m2/repository/org/apache/commons/commons-text/1.4/commons-text-1.4.jar:/home/user/.m2/repository/org/apache/avro/avro/1.7.7/avro-1.7.7.jar:/home/user/.m2/repository/com/thoughtworks/paranamer/paranamer/2.3/paranamer-2.3.jar:/home/user/.m2/repository/org/xerial/snappy/snappy-java/1.0.5/snappy-java-1.0.5.jar:/home/user/.m2/repository/com/google/re2j/re2j/1.1/re2j-1.1.jar:/home/user/.m2/repository/com/google/code/gson/gson/2.2.4/gson-2.2.4.jar:/home/user/.m2/repository/com/jcraft/jsch/0.1.54/jsch-0.1.54.jar:/home/user/.m2/repository/org/apache/curator/curator-client/2.12.0/curator-client-2.12.0.jar:/home/user/.m2/repository/org/apache/curator/curator-recipes/2.12.0/curator-recipes-2.12.0.jar:/home/user/.m2/repository/com/google/code/findbugs/jsr305/3.0.0/jsr305-3.0.0.jar:/home/user/.m2/repository/org/apache/htrace/htrace-core4/4.1.0-incubating/htrace-core4-4.1.0-incubating.jar:/home/user/.m2/repository/org/apache/zookeeper/zookeeper/3.4.13/zookeeper-3.4.13.jar:/home/user/.m2/repository/org/apache/yetus/audience-annotations/0.5.0/audience-annotations-0.5.0.jar:/home/user/.m2/repository/org/codehaus/woodstox/stax2-api/3.1.4/stax2-api-3.1.4.jar:/home/user/.m2/repository/com/fasterxml/woodstox/woodstox-core/5.0.3/woodstox-core-5.0.3.jar:/home/user/.m2/repository/dnsjava/dnsjava/2.1.7/dnsjava-2.1.7.jar:/home/user/.m2/repository/org/apache/hadoop/hadoop-hdfs/3.2.0/hadoop-hdfs-3.2.0-tests.jar:/home/user/.m2/repository/org/eclipse/jetty/jetty-util-ajax/9.3.24.v20180605/jetty-util-ajax-9.3.24.v20180605.jar:/home/user/.m2/repository/commons-daemon/commons-daemon/1.0.13/commons-daemon-1.0.13.jar:/home/user/.m2/repository/io/netty/netty/3.10.5.Final/netty-3.10.5.Final.jar:/home/user/.m2/repository/io/netty/netty-all/4.0.52.Final/netty-all-4.0.52.Final.jar:/home/user/.m2/repository/org/fusesource/leveldbjni/leveldbjni-all/1.8/leveldbjni-all-1.8.jar:"/>
    <property name="sun.cpu.endian" value="little"/>
    <property name="user.home" value="/home/user"/>
    <property name="user.language" value="en"/>
    <property name="java.specification.vendor" value="Oracle Corporation"/>
    <property name="java.home" value="/usr/lib/jvm/java-1.8-openjdk/jre"/>
    <property name="java.security.krb5.conf" value="/workdir/hadoop-ozone/integration-test/target/test-classes/krb5.conf"/>
    <property name="basedir" value="/workdir/hadoop-ozone/integration-test"/>
    <property name="file.separator" value="/"/>
    <property name="line.separator" value="&#10;"/>
    <property name="java.vm.specification.vendor" value="Oracle Corporation"/>
    <property name="java.specification.name" value="Java Platform API Specification"/>
    <property name="java.awt.graphicsenv" value="sun.awt.X11GraphicsEnvironment"/>
    <property name="surefire.real.class.path" value="/workdir/hadoop-ozone/integration-test/target/surefire/surefirebooter8997792021300942610.jar"/>
    <property name="hadoop.log.dir" value="/workdir/hadoop-ozone/integration-test/target/log"/>
    <property name="sun.boot.class.path" value="/usr/lib/jvm/java-1.8-openjdk/jre/lib/resources.jar:/usr/lib/jvm/java-1.8-openjdk/jre/lib/rt.jar:/usr/lib/jvm/java-1.8-openjdk/jre/lib/sunrsasign.jar:/usr/lib/jvm/java-1.8-openjdk/jre/lib/jsse.jar:/usr/lib/jvm/java-1.8-openjdk/jre/lib/jce.jar:/usr/lib/jvm/java-1.8-openjdk/jre/lib/charsets.jar:/usr/lib/jvm/java-1.8-openjdk/jre/lib/jfr.jar:/usr/lib/jvm/java-1.8-openjdk/jre/classes"/>
    <property name="sun.management.compiler" value="HotSpot 64-Bit Tiered Compilers"/>
    <property name="java.runtime.version" value="1.8.0_212-b04"/>
    <property name="java.net.preferIPv4Stack" value="true"/>
    <property name="user.name" value="jenkins1000"/>
    <property name="path.separator" value=":"/>
    <property name="java.security.egd" value="file:///dev/urandom"/>
    <property name="os.version" value="3.10.0-957.12.2.el7.x86_64"/>
    <property name="java.endorsed.dirs" value="/usr/lib/jvm/java-1.8-openjdk/jre/lib/endorsed"/>
    <property name="java.runtime.name" value="OpenJDK Runtime Environment"/>
    <property name="file.encoding" value="UTF-8"/>
    <property name="java.vm.name" value="OpenJDK 64-Bit Server VM"/>
    <property name="test.build.webapps" value=""/>
    <property name="localRepository" value="/home/user/.m2/repository"/>
    <property name="java.vendor.url.bug" value="https://icedtea.classpath.org/bugzilla"/>
    <property name="java.io.tmpdir" value="/tmp"/>
    <property name="require.test.libhadoop" value=""/>
    <property name="java.version" value="1.8.0_212"/>
    <property name="user.dir" value="/workdir/hadoop-ozone/integration-test"/>
    <property name="os.arch" value="amd64"/>
    <property name="java.vm.specification.name" value="Java Virtual Machine Specification"/>
    <property name="test.build.classes" value="/workdir/hadoop-ozone/integration-test/target/test-classes"/>
    <property name="java.awt.printerjob" value="sun.print.PSPrinterJob"/>
    <property name="sun.os.patch.level" value="unknown"/>
    <property name="hadoop.tmp.dir" value="/workdir/hadoop-ozone/integration-test/target/tmp"/>
    <property name="java.library.path" value="/usr/lib/jvm/java-1.8-openjdk/jre/lib/amd64/server:/usr/lib/jvm/java-1.8-openjdk/jre/lib/amd64:/usr/lib/jvm/java-1.8-openjdk/jre/../lib/amd64:/workdir/hadoop-ozone/integration-test/target/native/target/usr/local/lib:/workdir/hadoop-ozone/integration-test/../../hadoop-common-project/hadoop-common/target/native/target/usr/local/lib:/usr/java/packages/lib/amd64:/usr/lib64:/lib64:/lib:/usr/lib"/>
    <property name="java.vm.info" value="mixed mode"/>
    <property name="java.vendor" value="IcedTea"/>
    <property name="java.vm.version" value="25.212-b04"/>
    <property name="java.ext.dirs" value="/usr/lib/jvm/java-1.8-openjdk/jre/lib/ext:/usr/java/packages/lib/ext"/>
    <property name="sun.io.unicode.encoding" value="UnicodeLittle"/>
    <property name="java.class.version" value="52.0"/>
  </properties>
  <testcase name="testBlockWriteViaRatis" classname="org.apache.hadoop.ozone.client.rpc.TestCloseContainerHandlingByClient" time="196.629"/>
  <testcase name="testBlockWritesWithFlushAndClose" classname="org.apache.hadoop.ozone.client.rpc.TestCloseContainerHandlingByClient" time="4.452"/>
  <testcase name="testBlockWritesCloseConsistency" classname="org.apache.hadoop.ozone.client.rpc.TestCloseContainerHandlingByClient" time="3.012"/>
  <testcase name="testMultiBlockWrites" classname="org.apache.hadoop.ozone.client.rpc.TestCloseContainerHandlingByClient" time="188.222">
    <error message="PipelineID=611d975d-381d-4bb5-be57-17832c0c68b9 not found" type="org.apache.hadoop.hdds.scm.pipeline.PipelineNotFoundException">org.apache.hadoop.hdds.scm.pipeline.PipelineNotFoundException: PipelineID=611d975d-381d-4bb5-be57-17832c0c68b9 not found
	at org.apache.hadoop.hdds.scm.pipeline.PipelineStateMap.getPipeline(PipelineStateMap.java:132)
	at org.apache.hadoop.hdds.scm.pipeline.PipelineStateManager.getPipeline(PipelineStateManager.java:66)
	at org.apache.hadoop.hdds.scm.pipeline.SCMPipelineManager.getPipeline(SCMPipelineManager.java:187)
	at org.apache.hadoop.ozone.container.ContainerTestHelper.waitForContainerClose(ContainerTestHelper.java:833)
	at org.apache.hadoop.ozone.container.ContainerTestHelper.waitForContainerClose(ContainerTestHelper.java:741)
	at org.apache.hadoop.ozone.client.rpc.TestCloseContainerHandlingByClient.waitForContainerClose(TestCloseContainerHandlingByClient.java:342)
	at org.apache.hadoop.ozone.client.rpc.TestCloseContainerHandlingByClient.testMultiBlockWrites(TestCloseContainerHandlingByClient.java:206)
	at sun.reflect.NativeMethodAccessorImpl.invoke0(Native Method)
	at sun.reflect.NativeMethodAccessorImpl.invoke(NativeMethodAccessorImpl.java:62)
	at sun.reflect.DelegatingMethodAccessorImpl.invoke(DelegatingMethodAccessorImpl.java:43)
	at java.lang.reflect.Method.invoke(Method.java:498)
	at org.junit.runners.model.FrameworkMethod$1.runReflectiveCall(FrameworkMethod.java:47)
	at org.junit.internal.runners.model.ReflectiveCallable.run(ReflectiveCallable.java:12)
	at org.junit.runners.model.FrameworkMethod.invokeExplosively(FrameworkMethod.java:44)
	at org.junit.internal.runners.statements.InvokeMethod.evaluate(InvokeMethod.java:17)
	at org.junit.runners.ParentRunner.runLeaf(ParentRunner.java:271)
	at org.junit.runners.BlockJUnit4ClassRunner.runChild(BlockJUnit4ClassRunner.java:70)
	at org.junit.runners.BlockJUnit4ClassRunner.runChild(BlockJUnit4ClassRunner.java:50)
	at org.junit.runners.ParentRunner$3.run(ParentRunner.java:238)
	at org.junit.runners.ParentRunner$1.schedule(ParentRunner.java:63)
	at org.junit.runners.ParentRunner.runChildren(ParentRunner.java:236)
	at org.junit.runners.ParentRunner.access$000(ParentRunner.java:53)
	at org.junit.runners.ParentRunner$2.evaluate(ParentRunner.java:229)
	at org.junit.internal.runners.statements.RunBefores.evaluate(RunBefores.java:26)
	at org.junit.internal.runners.statements.RunAfters.evaluate(RunAfters.java:27)
	at org.junit.runners.ParentRunner.run(ParentRunner.java:309)
	at org.apache.maven.surefire.junit4.JUnit4Provider.execute(JUnit4Provider.java:365)
	at org.apache.maven.surefire.junit4.JUnit4Provider.executeWithRerun(JUnit4Provider.java:273)
	at org.apache.maven.surefire.junit4.JUnit4Provider.executeTestSet(JUnit4Provider.java:238)
	at org.apache.maven.surefire.junit4.JUnit4Provider.invoke(JUnit4Provider.java:159)
	at org.apache.maven.surefire.booter.ForkedBooter.invokeProviderInSameClassLoader(ForkedBooter.java:384)
	at org.apache.maven.surefire.booter.ForkedBooter.runSuitesInProcess(ForkedBooter.java:345)
	at org.apache.maven.surefire.booter.ForkedBooter.execute(ForkedBooter.java:126)
	at org.apache.maven.surefire.booter.ForkedBooter.main(ForkedBooter.java:418)
</error>
    <system-out><![CDATA[2019-09-11 10:54:26,025 [grpc-default-executor-6] INFO  impl.RaftServerProxy (RaftServerProxy.java:remove(95)) - 4664729b-c9fa-423e-9516-a47fa5640f67: remove group-99AE50DC5FF9:null
2019-09-11 10:54:26,033 [RatisPipelineUtilsThread] WARN  pipeline.RatisPipelineUtils (RatisPipelineUtils.java:destroyPipeline(66)) - Pipeline destroy failed for pipeline=PipelineID=eec48087-2a8a-460e-b6f5-99ae50dc5ff9 dn=4664729b-c9fa-423e-9516-a47fa5640f67{ip: 192.168.69.96, host: pr-hdds-1982-decom-states-q64lx-3787986432, networkLocation: /default-rack, certSerialId: null}
2019-09-11 10:54:26,041 [grpc-default-executor-0] INFO  impl.RaftServerProxy (RaftServerProxy.java:remove(95)) - 08f1fccb-3813-4a19-b386-9d1a73d37d0e: remove group-99AE50DC5FF9:null
2019-09-11 10:54:26,046 [RatisPipelineUtilsThread] WARN  pipeline.RatisPipelineUtils (RatisPipelineUtils.java:destroyPipeline(66)) - Pipeline destroy failed for pipeline=PipelineID=eec48087-2a8a-460e-b6f5-99ae50dc5ff9 dn=08f1fccb-3813-4a19-b386-9d1a73d37d0e{ip: 192.168.69.96, host: pr-hdds-1982-decom-states-q64lx-3787986432, networkLocation: /default-rack, certSerialId: null}
2019-09-11 10:54:26,050 [grpc-default-executor-7] INFO  impl.RaftServerProxy (RaftServerProxy.java:remove(95)) - 75ec484c-7743-415c-a891-044da79f6b4d: remove group-99AE50DC5FF9:null
2019-09-11 10:54:26,055 [RatisPipelineUtilsThread] WARN  pipeline.RatisPipelineUtils (RatisPipelineUtils.java:destroyPipeline(66)) - Pipeline destroy failed for pipeline=PipelineID=eec48087-2a8a-460e-b6f5-99ae50dc5ff9 dn=75ec484c-7743-415c-a891-044da79f6b4d{ip: 192.168.69.96, host: pr-hdds-1982-decom-states-q64lx-3787986432, networkLocation: /default-rack, certSerialId: null}
2019-09-11 10:54:26,055 [RatisPipelineUtilsThread] ERROR pipeline.SCMPipelineManager (Scheduler.java:lambda$schedule$1(70)) - Destroy pipeline failed for pipeline:Pipeline[ Id: eec48087-2a8a-460e-b6f5-99ae50dc5ff9, Nodes: 4664729b-c9fa-423e-9516-a47fa5640f67{ip: 192.168.69.96, host: pr-hdds-1982-decom-states-q64lx-3787986432, networkLocation: /default-rack, certSerialId: null}08f1fccb-3813-4a19-b386-9d1a73d37d0e{ip: 192.168.69.96, host: pr-hdds-1982-decom-states-q64lx-3787986432, networkLocation: /default-rack, certSerialId: null}75ec484c-7743-415c-a891-044da79f6b4d{ip: 192.168.69.96, host: pr-hdds-1982-decom-states-q64lx-3787986432, networkLocation: /default-rack, certSerialId: null}, Type:RATIS, Factor:THREE, State:CLOSED]
org.apache.hadoop.hdds.scm.pipeline.PipelineNotFoundException: PipelineID=eec48087-2a8a-460e-b6f5-99ae50dc5ff9 not found
	at org.apache.hadoop.hdds.scm.pipeline.PipelineStateMap.getPipeline(PipelineStateMap.java:132)
	at org.apache.hadoop.hdds.scm.pipeline.PipelineStateMap.removePipeline(PipelineStateMap.java:322)
	at org.apache.hadoop.hdds.scm.pipeline.PipelineStateManager.removePipeline(PipelineStateManager.java:107)
	at org.apache.hadoop.hdds.scm.pipeline.SCMPipelineManager.removePipeline(SCMPipelineManager.java:423)
	at org.apache.hadoop.hdds.scm.pipeline.SCMPipelineManager.destroyPipeline(SCMPipelineManager.java:409)
	at org.apache.hadoop.hdds.scm.pipeline.SCMPipelineManager.lambda$finalizeAndDestroyPipeline$0(SCMPipelineManager.java:318)
	at org.apache.hadoop.utils.Scheduler.lambda$schedule$1(Scheduler.java:68)
	at java.util.concurrent.Executors$RunnableAdapter.call(Executors.java:511)
	at java.util.concurrent.FutureTask.run(FutureTask.java:266)
	at java.util.concurrent.ScheduledThreadPoolExecutor$ScheduledFutureTask.access$201(ScheduledThreadPoolExecutor.java:180)
	at java.util.concurrent.ScheduledThreadPoolExecutor$ScheduledFutureTask.run(ScheduledThreadPoolExecutor.java:293)
	at java.util.concurrent.ThreadPoolExecutor.runWorker(ThreadPoolExecutor.java:1149)
	at java.util.concurrent.ThreadPoolExecutor$Worker.run(ThreadPoolExecutor.java:624)
	at java.lang.Thread.run(Thread.java:748)
2019-09-11 10:54:29,029 [grpc-default-executor-0] INFO  impl.RaftServerProxy (RaftServerProxy.java:remove(95)) - 4664729b-c9fa-423e-9516-a47fa5640f67: remove group-99AE50DC5FF9:null
2019-09-11 10:54:29,030 [java.util.concurrent.ThreadPoolExecutor$Worker@d960b43[State = -1, empty queue]] WARN  server.GrpcLogAppender (GrpcLogAppender.java:timeoutAppendRequest(200)) - 2759b58a-2fbd-4e45-94a8-47799d948184@group-17832C0C68B9->2567324e-9700-4950-ac37-98ef668bcfff-GrpcLogAppender: appendEntries Timeout, request=2759b58a-2fbd-4e45-94a8-47799d948184->2567324e-9700-4950-ac37-98ef668bcfff#92-t2, previous=(t:2, i:14), leaderCommit=14, initializing? false, entries: size=1, first=(t:2, i:15), STATEMACHINELOGENTRY, client-ADF5984F8D70, cid=55
2019-09-11 10:54:29,030 [java.util.concurrent.ThreadPoolExecutor$Worker@52611adc[State = -1, empty queue]] WARN  server.GrpcLogAppender (GrpcLogAppender.java:timeoutAppendRequest(200)) - 2759b58a-2fbd-4e45-94a8-47799d948184@group-17832C0C68B9->877608bb-19c4-4d8c-8958-a78beaef70b4-GrpcLogAppender: appendEntries Timeout, request=2759b58a-2fbd-4e45-94a8-47799d948184->877608bb-19c4-4d8c-8958-a78beaef70b4#92-t2, previous=(t:2, i:14), leaderCommit=14, initializing? false, entries: size=1, first=(t:2, i:15), STATEMACHINELOGENTRY, client-ADF5984F8D70, cid=55
2019-09-11 10:54:29,030 [java.util.concurrent.ThreadPoolExecutor$Worker@d960b43[State = -1, empty queue]] WARN  server.GrpcLogAppender (GrpcLogAppender.java:timeoutAppendRequest(200)) - 2759b58a-2fbd-4e45-94a8-47799d948184@group-17832C0C68B9->2567324e-9700-4950-ac37-98ef668bcfff-GrpcLogAppender: appendEntries Timeout, request=2759b58a-2fbd-4e45-94a8-47799d948184->2567324e-9700-4950-ac37-98ef668bcfff#93-t2, previous=(t:2, i:15), leaderCommit=14, initializing? false, entries: size=1, first=(t:2, i:16), STATEMACHINELOGENTRY, client-ADF5984F8D70, cid=56
2019-09-11 10:54:29,030 [java.util.concurrent.ThreadPoolExecutor$Worker@52611adc[State = -1, empty queue]] WARN  server.GrpcLogAppender (GrpcLogAppender.java:timeoutAppendRequest(200)) - 2759b58a-2fbd-4e45-94a8-47799d948184@group-17832C0C68B9->877608bb-19c4-4d8c-8958-a78beaef70b4-GrpcLogAppender: appendEntries Timeout, request=2759b58a-2fbd-4e45-94a8-47799d948184->877608bb-19c4-4d8c-8958-a78beaef70b4#93-t2, previous=(t:2, i:15), leaderCommit=14, initializing? false, entries: size=1, first=(t:2, i:16), STATEMACHINELOGENTRY, client-ADF5984F8D70, cid=56
2019-09-11 10:54:29,035 [java.util.concurrent.ThreadPoolExecutor$Worker@52611adc[State = -1, empty queue]] WARN  server.GrpcLogAppender (GrpcLogAppender.java:timeoutAppendRequest(200)) - 2759b58a-2fbd-4e45-94a8-47799d948184@group-17832C0C68B9->877608bb-19c4-4d8c-8958-a78beaef70b4-GrpcLogAppender: appendEntries Timeout, request=2759b58a-2fbd-4e45-94a8-47799d948184->877608bb-19c4-4d8c-8958-a78beaef70b4#94-t2, previous=(t:2, i:16), leaderCommit=14, initializing? false, entries: size=1, first=(t:2, i:17), STATEMACHINELOGENTRY, client-ADF5984F8D70, cid=57
2019-09-11 10:54:29,035 [java.util.concurrent.ThreadPoolExecutor$Worker@52611adc[State = -1, empty queue]] WARN  server.GrpcLogAppender (GrpcLogAppender.java:timeoutAppendRequest(200)) - 2759b58a-2fbd-4e45-94a8-47799d948184@group-17832C0C68B9->877608bb-19c4-4d8c-8958-a78beaef70b4-GrpcLogAppender: appendEntries Timeout, request=2759b58a-2fbd-4e45-94a8-47799d948184->877608bb-19c4-4d8c-8958-a78beaef70b4#95-t2, previous=(t:2, i:17), leaderCommit=14, initializing? false, entries: size=1, first=(t:2, i:18), STATEMACHINELOGENTRY, client-ADF5984F8D70, cid=58
2019-09-11 10:54:29,035 [java.util.concurrent.ThreadPoolExecutor$Worker@d960b43[State = -1, empty queue]] WARN  server.GrpcLogAppender (GrpcLogAppender.java:timeoutAppendRequest(200)) - 2759b58a-2fbd-4e45-94a8-47799d948184@group-17832C0C68B9->2567324e-9700-4950-ac37-98ef668bcfff-GrpcLogAppender: appendEntries Timeout, request=2759b58a-2fbd-4e45-94a8-47799d948184->2567324e-9700-4950-ac37-98ef668bcfff#94-t2, previous=(t:2, i:16), leaderCommit=14, initializing? false, entries: size=1, first=(t:2, i:17), STATEMACHINELOGENTRY, client-ADF5984F8D70, cid=57
2019-09-11 10:54:29,036 [java.util.concurrent.ThreadPoolExecutor$Worker@d960b43[State = -1, empty queue]] WARN  server.GrpcLogAppender (GrpcLogAppender.java:timeoutAppendRequest(200)) - 2759b58a-2fbd-4e45-94a8-47799d948184@group-17832C0C68B9->2567324e-9700-4950-ac37-98ef668bcfff-GrpcLogAppender: appendEntries Timeout, request=2759b58a-2fbd-4e45-94a8-47799d948184->2567324e-9700-4950-ac37-98ef668bcfff#95-t2, previous=(t:2, i:17), leaderCommit=14, initializing? false, entries: size=1, first=(t:2, i:18), STATEMACHINELOGENTRY, client-ADF5984F8D70, cid=58
2019-09-11 10:54:29,038 [RatisPipelineUtilsThread] WARN  pipeline.RatisPipelineUtils (RatisPipelineUtils.java:destroyPipeline(66)) - Pipeline destroy failed for pipeline=PipelineID=eec48087-2a8a-460e-b6f5-99ae50dc5ff9 dn=4664729b-c9fa-423e-9516-a47fa5640f67{ip: 192.168.69.96, host: pr-hdds-1982-decom-states-q64lx-3787986432, networkLocation: /default-rack, certSerialId: null}
2019-09-11 10:54:29,043 [grpc-default-executor-0] INFO  impl.RaftServerProxy (RaftServerProxy.java:remove(95)) - 08f1fccb-3813-4a19-b386-9d1a73d37d0e: remove group-99AE50DC5FF9:null
2019-09-11 10:54:29,047 [RatisPipelineUtilsThread] WARN  pipeline.RatisPipelineUtils (RatisPipelineUtils.java:destroyPipeline(66)) - Pipeline destroy failed for pipeline=PipelineID=eec48087-2a8a-460e-b6f5-99ae50dc5ff9 dn=08f1fccb-3813-4a19-b386-9d1a73d37d0e{ip: 192.168.69.96, host: pr-hdds-1982-decom-states-q64lx-3787986432, networkLocation: /default-rack, certSerialId: null}
2019-09-11 10:54:29,051 [grpc-default-executor-0] INFO  impl.RaftServerProxy (RaftServerProxy.java:remove(95)) - 75ec484c-7743-415c-a891-044da79f6b4d: remove group-99AE50DC5FF9:null
2019-09-11 10:54:29,055 [RatisPipelineUtilsThread] WARN  pipeline.RatisPipelineUtils (RatisPipelineUtils.java:destroyPipeline(66)) - Pipeline destroy failed for pipeline=PipelineID=eec48087-2a8a-460e-b6f5-99ae50dc5ff9 dn=75ec484c-7743-415c-a891-044da79f6b4d{ip: 192.168.69.96, host: pr-hdds-1982-decom-states-q64lx-3787986432, networkLocation: /default-rack, certSerialId: null}
2019-09-11 10:54:29,055 [RatisPipelineUtilsThread] ERROR pipeline.SCMPipelineManager (Scheduler.java:lambda$schedule$1(70)) - Destroy pipeline failed for pipeline:Pipeline[ Id: eec48087-2a8a-460e-b6f5-99ae50dc5ff9, Nodes: 4664729b-c9fa-423e-9516-a47fa5640f67{ip: 192.168.69.96, host: pr-hdds-1982-decom-states-q64lx-3787986432, networkLocation: /default-rack, certSerialId: null}08f1fccb-3813-4a19-b386-9d1a73d37d0e{ip: 192.168.69.96, host: pr-hdds-1982-decom-states-q64lx-3787986432, networkLocation: /default-rack, certSerialId: null}75ec484c-7743-415c-a891-044da79f6b4d{ip: 192.168.69.96, host: pr-hdds-1982-decom-states-q64lx-3787986432, networkLocation: /default-rack, certSerialId: null}, Type:RATIS, Factor:THREE, State:CLOSED]
org.apache.hadoop.hdds.scm.pipeline.PipelineNotFoundException: PipelineID=eec48087-2a8a-460e-b6f5-99ae50dc5ff9 not found
	at org.apache.hadoop.hdds.scm.pipeline.PipelineStateMap.getPipeline(PipelineStateMap.java:132)
	at org.apache.hadoop.hdds.scm.pipeline.PipelineStateMap.removePipeline(PipelineStateMap.java:322)
	at org.apache.hadoop.hdds.scm.pipeline.PipelineStateManager.removePipeline(PipelineStateManager.java:107)
	at org.apache.hadoop.hdds.scm.pipeline.SCMPipelineManager.removePipeline(SCMPipelineManager.java:423)
	at org.apache.hadoop.hdds.scm.pipeline.SCMPipelineManager.destroyPipeline(SCMPipelineManager.java:409)
	at org.apache.hadoop.hdds.scm.pipeline.SCMPipelineManager.lambda$finalizeAndDestroyPipeline$0(SCMPipelineManager.java:318)
	at org.apache.hadoop.utils.Scheduler.lambda$schedule$1(Scheduler.java:68)
	at java.util.concurrent.Executors$RunnableAdapter.call(Executors.java:511)
	at java.util.concurrent.FutureTask.run(FutureTask.java:266)
	at java.util.concurrent.ScheduledThreadPoolExecutor$ScheduledFutureTask.access$201(ScheduledThreadPoolExecutor.java:180)
	at java.util.concurrent.ScheduledThreadPoolExecutor$ScheduledFutureTask.run(ScheduledThreadPoolExecutor.java:293)
	at java.util.concurrent.ThreadPoolExecutor.runWorker(ThreadPoolExecutor.java:1149)
	at java.util.concurrent.ThreadPoolExecutor$Worker.run(ThreadPoolExecutor.java:624)
	at java.lang.Thread.run(Thread.java:748)
2019-09-11 10:54:31,030 [grpc-default-executor-7] INFO  impl.RaftServerProxy (RaftServerProxy.java:remove(95)) - 4664729b-c9fa-423e-9516-a47fa5640f67: remove group-99AE50DC5FF9:null
2019-09-11 10:54:31,039 [RatisPipelineUtilsThread] WARN  pipeline.RatisPipelineUtils (RatisPipelineUtils.java:destroyPipeline(66)) - Pipeline destroy failed for pipeline=PipelineID=eec48087-2a8a-460e-b6f5-99ae50dc5ff9 dn=4664729b-c9fa-423e-9516-a47fa5640f67{ip: 192.168.69.96, host: pr-hdds-1982-decom-states-q64lx-3787986432, networkLocation: /default-rack, certSerialId: null}
2019-09-11 10:54:31,045 [grpc-default-executor-7] INFO  impl.RaftServerProxy (RaftServerProxy.java:remove(95)) - 08f1fccb-3813-4a19-b386-9d1a73d37d0e: remove group-99AE50DC5FF9:null
2019-09-11 10:54:31,051 [RatisPipelineUtilsThread] WARN  pipeline.RatisPipelineUtils (RatisPipelineUtils.java:destroyPipeline(66)) - Pipeline destroy failed for pipeline=PipelineID=eec48087-2a8a-460e-b6f5-99ae50dc5ff9 dn=08f1fccb-3813-4a19-b386-9d1a73d37d0e{ip: 192.168.69.96, host: pr-hdds-1982-decom-states-q64lx-3787986432, networkLocation: /default-rack, certSerialId: null}
2019-09-11 10:54:31,057 [grpc-default-executor-0] INFO  impl.RaftServerProxy (RaftServerProxy.java:remove(95)) - 75ec484c-7743-415c-a891-044da79f6b4d: remove group-99AE50DC5FF9:null
2019-09-11 10:54:31,062 [grpc-default-executor-7] INFO  client.GrpcClientProtocolClient (GrpcClientProtocolClient.java:onNext(264)) - client-ADF5984F8D70->877608bb-19c4-4d8c-8958-a78beaef70b4: receive RaftClientReply:client-ADF5984F8D70->877608bb-19c4-4d8c-8958-a78beaef70b4@group-17832C0C68B9, cid=55, FAILED org.apache.ratis.protocol.NotLeaderException: Server 877608bb-19c4-4d8c-8958-a78beaef70b4@group-17832C0C68B9 is not the leader 2759b58a-2fbd-4e45-94a8-47799d948184:192.168.69.96:41390, logIndex=0, commits[877608bb-19c4-4d8c-8958-a78beaef70b4:c14, 2567324e-9700-4950-ac37-98ef668bcfff:c14, 2759b58a-2fbd-4e45-94a8-47799d948184:c14]
2019-09-11 10:54:31,068 [RatisPipelineUtilsThread] WARN  pipeline.RatisPipelineUtils (RatisPipelineUtils.java:destroyPipeline(66)) - Pipeline destroy failed for pipeline=PipelineID=eec48087-2a8a-460e-b6f5-99ae50dc5ff9 dn=75ec484c-7743-415c-a891-044da79f6b4d{ip: 192.168.69.96, host: pr-hdds-1982-decom-states-q64lx-3787986432, networkLocation: /default-rack, certSerialId: null}
2019-09-11 10:54:31,082 [RatisPipelineUtilsThread] ERROR pipeline.SCMPipelineManager (Scheduler.java:lambda$schedule$1(70)) - Destroy pipeline failed for pipeline:Pipeline[ Id: eec48087-2a8a-460e-b6f5-99ae50dc5ff9, Nodes: 4664729b-c9fa-423e-9516-a47fa5640f67{ip: 192.168.69.96, host: pr-hdds-1982-decom-states-q64lx-3787986432, networkLocation: /default-rack, certSerialId: null}08f1fccb-3813-4a19-b386-9d1a73d37d0e{ip: 192.168.69.96, host: pr-hdds-1982-decom-states-q64lx-3787986432, networkLocation: /default-rack, certSerialId: null}75ec484c-7743-415c-a891-044da79f6b4d{ip: 192.168.69.96, host: pr-hdds-1982-decom-states-q64lx-3787986432, networkLocation: /default-rack, certSerialId: null}, Type:RATIS, Factor:THREE, State:CLOSED]
org.apache.hadoop.hdds.scm.pipeline.PipelineNotFoundException: PipelineID=eec48087-2a8a-460e-b6f5-99ae50dc5ff9 not found
	at org.apache.hadoop.hdds.scm.pipeline.PipelineStateMap.getPipeline(PipelineStateMap.java:132)
	at org.apache.hadoop.hdds.scm.pipeline.PipelineStateMap.removePipeline(PipelineStateMap.java:322)
	at org.apache.hadoop.hdds.scm.pipeline.PipelineStateManager.removePipeline(PipelineStateManager.java:107)
	at org.apache.hadoop.hdds.scm.pipeline.SCMPipelineManager.removePipeline(SCMPipelineManager.java:423)
	at org.apache.hadoop.hdds.scm.pipeline.SCMPipelineManager.destroyPipeline(SCMPipelineManager.java:409)
	at org.apache.hadoop.hdds.scm.pipeline.SCMPipelineManager.lambda$finalizeAndDestroyPipeline$0(SCMPipelineManager.java:318)
	at org.apache.hadoop.utils.Scheduler.lambda$schedule$1(Scheduler.java:68)
	at java.util.concurrent.Executors$RunnableAdapter.call(Executors.java:511)
	at java.util.concurrent.FutureTask.run(FutureTask.java:266)
	at java.util.concurrent.ScheduledThreadPoolExecutor$ScheduledFutureTask.access$201(ScheduledThreadPoolExecutor.java:180)
	at java.util.concurrent.ScheduledThreadPoolExecutor$ScheduledFutureTask.run(ScheduledThreadPoolExecutor.java:293)
	at java.util.concurrent.ThreadPoolExecutor.runWorker(ThreadPoolExecutor.java:1149)
	at java.util.concurrent.ThreadPoolExecutor$Worker.run(ThreadPoolExecutor.java:624)
	at java.lang.Thread.run(Thread.java:748)
2019-09-11 10:54:31,536 [java.util.concurrent.ThreadPoolExecutor$Worker@52611adc[State = -1, empty queue]] WARN  server.GrpcLogAppender (GrpcLogAppender.java:timeoutAppendRequest(200)) - 2759b58a-2fbd-4e45-94a8-47799d948184@group-17832C0C68B9->877608bb-19c4-4d8c-8958-a78beaef70b4-GrpcLogAppender: appendEntries Timeout, request=2759b58a-2fbd-4e45-94a8-47799d948184->877608bb-19c4-4d8c-8958-a78beaef70b4#96-t2, previous=(t:2, i:18), leaderCommit=14, initializing? false, entries: <empty>
2019-09-11 10:54:31,536 [java.util.concurrent.ThreadPoolExecutor$Worker@d960b43[State = -1, empty queue]] WARN  server.GrpcLogAppender (GrpcLogAppender.java:timeoutAppendRequest(200)) - 2759b58a-2fbd-4e45-94a8-47799d948184@group-17832C0C68B9->2567324e-9700-4950-ac37-98ef668bcfff-GrpcLogAppender: appendEntries Timeout, request=2759b58a-2fbd-4e45-94a8-47799d948184->2567324e-9700-4950-ac37-98ef668bcfff#96-t2, previous=(t:2, i:18), leaderCommit=14, initializing? false, entries: <empty>
2019-09-11 10:54:34,044 [java.util.concurrent.ThreadPoolExecutor$Worker@52611adc[State = -1, empty queue]] WARN  server.GrpcLogAppender (GrpcLogAppender.java:timeoutAppendRequest(200)) - 2759b58a-2fbd-4e45-94a8-47799d948184@group-17832C0C68B9->877608bb-19c4-4d8c-8958-a78beaef70b4-GrpcLogAppender: appendEntries Timeout, request=2759b58a-2fbd-4e45-94a8-47799d948184->877608bb-19c4-4d8c-8958-a78beaef70b4#97-t2, previous=(t:2, i:18), leaderCommit=14, initializing? false, entries: <empty>
2019-09-11 10:54:34,044 [grpc-default-executor-7] INFO  impl.RaftServerProxy (RaftServerProxy.java:remove(95)) - 4664729b-c9fa-423e-9516-a47fa5640f67: remove group-99AE50DC5FF9:null
2019-09-11 10:54:34,044 [java.util.concurrent.ThreadPoolExecutor$Worker@d960b43[State = -1, empty queue]] WARN  server.GrpcLogAppender (GrpcLogAppender.java:timeoutAppendRequest(200)) - 2759b58a-2fbd-4e45-94a8-47799d948184@group-17832C0C68B9->2567324e-9700-4950-ac37-98ef668bcfff-GrpcLogAppender: appendEntries Timeout, request=2759b58a-2fbd-4e45-94a8-47799d948184->2567324e-9700-4950-ac37-98ef668bcfff#97-t2, previous=(t:2, i:18), leaderCommit=14, initializing? false, entries: <empty>
2019-09-11 10:54:34,056 [RatisPipelineUtilsThread] WARN  pipeline.RatisPipelineUtils (RatisPipelineUtils.java:destroyPipeline(66)) - Pipeline destroy failed for pipeline=PipelineID=eec48087-2a8a-460e-b6f5-99ae50dc5ff9 dn=4664729b-c9fa-423e-9516-a47fa5640f67{ip: 192.168.69.96, host: pr-hdds-1982-decom-states-q64lx-3787986432, networkLocation: /default-rack, certSerialId: null}
2019-09-11 10:54:34,060 [grpc-default-executor-7] INFO  impl.RaftServerProxy (RaftServerProxy.java:remove(95)) - 08f1fccb-3813-4a19-b386-9d1a73d37d0e: remove group-99AE50DC5FF9:null
2019-09-11 10:54:34,065 [RatisPipelineUtilsThread] WARN  pipeline.RatisPipelineUtils (RatisPipelineUtils.java:destroyPipeline(66)) - Pipeline destroy failed for pipeline=PipelineID=eec48087-2a8a-460e-b6f5-99ae50dc5ff9 dn=08f1fccb-3813-4a19-b386-9d1a73d37d0e{ip: 192.168.69.96, host: pr-hdds-1982-decom-states-q64lx-3787986432, networkLocation: /default-rack, certSerialId: null}
2019-09-11 10:54:34,068 [grpc-default-executor-7] INFO  impl.RaftServerProxy (RaftServerProxy.java:remove(95)) - 75ec484c-7743-415c-a891-044da79f6b4d: remove group-99AE50DC5FF9:null
2019-09-11 10:54:34,072 [RatisPipelineUtilsThread] WARN  pipeline.RatisPipelineUtils (RatisPipelineUtils.java:destroyPipeline(66)) - Pipeline destroy failed for pipeline=PipelineID=eec48087-2a8a-460e-b6f5-99ae50dc5ff9 dn=75ec484c-7743-415c-a891-044da79f6b4d{ip: 192.168.69.96, host: pr-hdds-1982-decom-states-q64lx-3787986432, networkLocation: /default-rack, certSerialId: null}
2019-09-11 10:54:34,073 [RatisPipelineUtilsThread] ERROR pipeline.SCMPipelineManager (Scheduler.java:lambda$schedule$1(70)) - Destroy pipeline failed for pipeline:Pipeline[ Id: eec48087-2a8a-460e-b6f5-99ae50dc5ff9, Nodes: 4664729b-c9fa-423e-9516-a47fa5640f67{ip: 192.168.69.96, host: pr-hdds-1982-decom-states-q64lx-3787986432, networkLocation: /default-rack, certSerialId: null}08f1fccb-3813-4a19-b386-9d1a73d37d0e{ip: 192.168.69.96, host: pr-hdds-1982-decom-states-q64lx-3787986432, networkLocation: /default-rack, certSerialId: null}75ec484c-7743-415c-a891-044da79f6b4d{ip: 192.168.69.96, host: pr-hdds-1982-decom-states-q64lx-3787986432, networkLocation: /default-rack, certSerialId: null}, Type:RATIS, Factor:THREE, State:CLOSED]
org.apache.hadoop.hdds.scm.pipeline.PipelineNotFoundException: PipelineID=eec48087-2a8a-460e-b6f5-99ae50dc5ff9 not found
	at org.apache.hadoop.hdds.scm.pipeline.PipelineStateMap.getPipeline(PipelineStateMap.java:132)
	at org.apache.hadoop.hdds.scm.pipeline.PipelineStateMap.removePipeline(PipelineStateMap.java:322)
	at org.apache.hadoop.hdds.scm.pipeline.PipelineStateManager.removePipeline(PipelineStateManager.java:107)
	at org.apache.hadoop.hdds.scm.pipeline.SCMPipelineManager.removePipeline(SCMPipelineManager.java:423)
	at org.apache.hadoop.hdds.scm.pipeline.SCMPipelineManager.destroyPipeline(SCMPipelineManager.java:409)
	at org.apache.hadoop.hdds.scm.pipeline.SCMPipelineManager.lambda$finalizeAndDestroyPipeline$0(SCMPipelineManager.java:318)
	at org.apache.hadoop.utils.Scheduler.lambda$schedule$1(Scheduler.java:68)
	at java.util.concurrent.Executors$RunnableAdapter.call(Executors.java:511)
	at java.util.concurrent.FutureTask.run(FutureTask.java:266)
	at java.util.concurrent.ScheduledThreadPoolExecutor$ScheduledFutureTask.access$201(ScheduledThreadPoolExecutor.java:180)
	at java.util.concurrent.ScheduledThreadPoolExecutor$ScheduledFutureTask.run(ScheduledThreadPoolExecutor.java:293)
	at java.util.concurrent.ThreadPoolExecutor.runWorker(ThreadPoolExecutor.java:1149)
	at java.util.concurrent.ThreadPoolExecutor$Worker.run(ThreadPoolExecutor.java:624)
	at java.lang.Thread.run(Thread.java:748)
2019-09-11 10:54:36,025 [grpc-default-executor-7] INFO  impl.RaftServerProxy (RaftServerProxy.java:remove(95)) - 4664729b-c9fa-423e-9516-a47fa5640f67: remove group-99AE50DC5FF9:null
2019-09-11 10:54:36,034 [877608bb-19c4-4d8c-8958-a78beaef70b4@group-17832C0C68B9-SegmentedRaftLogWorker] WARN  segmented.SegmentedRaftLogWorker (SegmentedRaftLogWorker.java:getFromFuture(90)) - Timeout 0/~
org.apache.ratis.protocol.TimeoutIOException: Timeout 10s: WriteLog:15: (t:2, i:15), STATEMACHINELOGENTRY, client-ADF5984F8D70, cid=55-writeStateMachineData
	at org.apache.ratis.util.IOUtils.getFromFuture(IOUtils.java:87)
	at org.apache.ratis.server.raftlog.segmented.SegmentedRaftLogWorker$StateMachineDataPolicy.getFromFuture(SegmentedRaftLogWorker.java:87)
	at org.apache.ratis.server.raftlog.segmented.SegmentedRaftLogWorker$WriteLog.execute(SegmentedRaftLogWorker.java:477)
	at org.apache.ratis.server.raftlog.segmented.SegmentedRaftLogWorker.run(SegmentedRaftLogWorker.java:289)
	at java.lang.Thread.run(Thread.java:748)
Caused by: java.util.concurrent.TimeoutException
	at java.util.concurrent.CompletableFuture.timedGet(CompletableFuture.java:1771)
	at java.util.concurrent.CompletableFuture.get(CompletableFuture.java:1915)
	at org.apache.ratis.util.IOUtils.getFromFuture(IOUtils.java:79)
	... 4 more
2019-09-11 10:54:36,034 [RatisPipelineUtilsThread] WARN  pipeline.RatisPipelineUtils (RatisPipelineUtils.java:destroyPipeline(66)) - Pipeline destroy failed for pipeline=PipelineID=eec48087-2a8a-460e-b6f5-99ae50dc5ff9 dn=4664729b-c9fa-423e-9516-a47fa5640f67{ip: 192.168.69.96, host: pr-hdds-1982-decom-states-q64lx-3787986432, networkLocation: /default-rack, certSerialId: null}
2019-09-11 10:54:36,038 [grpc-default-executor-6] INFO  impl.RaftServerProxy (RaftServerProxy.java:remove(95)) - 08f1fccb-3813-4a19-b386-9d1a73d37d0e: remove group-99AE50DC5FF9:null
2019-09-11 10:54:36,044 [RatisPipelineUtilsThread] WARN  pipeline.RatisPipelineUtils (RatisPipelineUtils.java:destroyPipeline(66)) - Pipeline destroy failed for pipeline=PipelineID=eec48087-2a8a-460e-b6f5-99ae50dc5ff9 dn=08f1fccb-3813-4a19-b386-9d1a73d37d0e{ip: 192.168.69.96, host: pr-hdds-1982-decom-states-q64lx-3787986432, networkLocation: /default-rack, certSerialId: null}
2019-09-11 10:54:36,047 [grpc-default-executor-6] INFO  impl.RaftServerProxy (RaftServerProxy.java:remove(95)) - 75ec484c-7743-415c-a891-044da79f6b4d: remove group-99AE50DC5FF9:null
2019-09-11 10:54:36,052 [RatisPipelineUtilsThread] WARN  pipeline.RatisPipelineUtils (RatisPipelineUtils.java:destroyPipeline(66)) - Pipeline destroy failed for pipeline=PipelineID=eec48087-2a8a-460e-b6f5-99ae50dc5ff9 dn=75ec484c-7743-415c-a891-044da79f6b4d{ip: 192.168.69.96, host: pr-hdds-1982-decom-states-q64lx-3787986432, networkLocation: /default-rack, certSerialId: null}
2019-09-11 10:54:36,053 [RatisPipelineUtilsThread] ERROR pipeline.SCMPipelineManager (Scheduler.java:lambda$schedule$1(70)) - Destroy pipeline failed for pipeline:Pipeline[ Id: eec48087-2a8a-460e-b6f5-99ae50dc5ff9, Nodes: 4664729b-c9fa-423e-9516-a47fa5640f67{ip: 192.168.69.96, host: pr-hdds-1982-decom-states-q64lx-3787986432, networkLocation: /default-rack, certSerialId: null}08f1fccb-3813-4a19-b386-9d1a73d37d0e{ip: 192.168.69.96, host: pr-hdds-1982-decom-states-q64lx-3787986432, networkLocation: /default-rack, certSerialId: null}75ec484c-7743-415c-a891-044da79f6b4d{ip: 192.168.69.96, host: pr-hdds-1982-decom-states-q64lx-3787986432, networkLocation: /default-rack, certSerialId: null}, Type:RATIS, Factor:THREE, State:CLOSED]
org.apache.hadoop.hdds.scm.pipeline.PipelineNotFoundException: PipelineID=eec48087-2a8a-460e-b6f5-99ae50dc5ff9 not found
	at org.apache.hadoop.hdds.scm.pipeline.PipelineStateMap.getPipeline(PipelineStateMap.java:132)
	at org.apache.hadoop.hdds.scm.pipeline.PipelineStateMap.removePipeline(PipelineStateMap.java:322)
	at org.apache.hadoop.hdds.scm.pipeline.PipelineStateManager.removePipeline(PipelineStateManager.java:107)
	at org.apache.hadoop.hdds.scm.pipeline.SCMPipelineManager.removePipeline(SCMPipelineManager.java:423)
	at org.apache.hadoop.hdds.scm.pipeline.SCMPipelineManager.destroyPipeline(SCMPipelineManager.java:409)
	at org.apache.hadoop.hdds.scm.pipeline.SCMPipelineManager.lambda$finalizeAndDestroyPipeline$0(SCMPipelineManager.java:318)
	at org.apache.hadoop.utils.Scheduler.lambda$schedule$1(Scheduler.java:68)
	at java.util.concurrent.Executors$RunnableAdapter.call(Executors.java:511)
	at java.util.concurrent.FutureTask.run(FutureTask.java:266)
	at java.util.concurrent.ScheduledThreadPoolExecutor$ScheduledFutureTask.access$201(ScheduledThreadPoolExecutor.java:180)
	at java.util.concurrent.ScheduledThreadPoolExecutor$ScheduledFutureTask.run(ScheduledThreadPoolExecutor.java:293)
	at java.util.concurrent.ThreadPoolExecutor.runWorker(ThreadPoolExecutor.java:1149)
	at java.util.concurrent.ThreadPoolExecutor$Worker.run(ThreadPoolExecutor.java:624)
	at java.lang.Thread.run(Thread.java:748)
2019-09-11 10:54:36,127 [grpc-default-executor-0] INFO  client.GrpcClientProtocolClient (GrpcClientProtocolClient.java:onNext(264)) - client-ADF5984F8D70->2567324e-9700-4950-ac37-98ef668bcfff: receive RaftClientReply:client-ADF5984F8D70->2567324e-9700-4950-ac37-98ef668bcfff@group-17832C0C68B9, cid=55, FAILED org.apache.ratis.protocol.NotLeaderException: Server 2567324e-9700-4950-ac37-98ef668bcfff@group-17832C0C68B9 is not the leader 2759b58a-2fbd-4e45-94a8-47799d948184:192.168.69.96:41390, logIndex=0, commits[2567324e-9700-4950-ac37-98ef668bcfff:c14, 877608bb-19c4-4d8c-8958-a78beaef70b4:c14, 2759b58a-2fbd-4e45-94a8-47799d948184:c14]
2019-09-11 10:54:36,167 [2567324e-9700-4950-ac37-98ef668bcfff@group-17832C0C68B9-SegmentedRaftLogWorker] WARN  segmented.SegmentedRaftLogWorker (SegmentedRaftLogWorker.java:getFromFuture(90)) - Timeout 0/~
org.apache.ratis.protocol.TimeoutIOException: Timeout 10s: WriteLog:17: (t:2, i:17), STATEMACHINELOGENTRY, client-ADF5984F8D70, cid=57-writeStateMachineData
	at org.apache.ratis.util.IOUtils.getFromFuture(IOUtils.java:87)
	at org.apache.ratis.server.raftlog.segmented.SegmentedRaftLogWorker$StateMachineDataPolicy.getFromFuture(SegmentedRaftLogWorker.java:87)
	at org.apache.ratis.server.raftlog.segmented.SegmentedRaftLogWorker$WriteLog.execute(SegmentedRaftLogWorker.java:477)
	at org.apache.ratis.server.raftlog.segmented.SegmentedRaftLogWorker.run(SegmentedRaftLogWorker.java:289)
	at java.lang.Thread.run(Thread.java:748)
Caused by: java.util.concurrent.TimeoutException
	at java.util.concurrent.CompletableFuture.timedGet(CompletableFuture.java:1771)
	at java.util.concurrent.CompletableFuture.get(CompletableFuture.java:1915)
	at org.apache.ratis.util.IOUtils.getFromFuture(IOUtils.java:79)
	... 4 more
2019-09-11 10:54:36,168 [2759b58a-2fbd-4e45-94a8-47799d948184@group-17832C0C68B9-SegmentedRaftLogWorker] WARN  segmented.SegmentedRaftLogWorker (SegmentedRaftLogWorker.java:getFromFuture(90)) - Timeout 0/~
org.apache.ratis.protocol.TimeoutIOException: Timeout 10s: WriteLog:17: (t:2, i:17), STATEMACHINELOGENTRY, client-ADF5984F8D70, cid=57-writeStateMachineData
	at org.apache.ratis.util.IOUtils.getFromFuture(IOUtils.java:87)
	at org.apache.ratis.server.raftlog.segmented.SegmentedRaftLogWorker$StateMachineDataPolicy.getFromFuture(SegmentedRaftLogWorker.java:87)
	at org.apache.ratis.server.raftlog.segmented.SegmentedRaftLogWorker$WriteLog.execute(SegmentedRaftLogWorker.java:477)
	at org.apache.ratis.server.raftlog.segmented.SegmentedRaftLogWorker.run(SegmentedRaftLogWorker.java:289)
	at java.lang.Thread.run(Thread.java:748)
Caused by: java.util.concurrent.TimeoutException
	at java.util.concurrent.CompletableFuture.timedGet(CompletableFuture.java:1771)
	at java.util.concurrent.CompletableFuture.get(CompletableFuture.java:1915)
	at org.apache.ratis.util.IOUtils.getFromFuture(IOUtils.java:79)
	... 4 more
2019-09-11 10:54:36,537 [java.util.concurrent.ThreadPoolExecutor$Worker@52611adc[State = -1, empty queue]] WARN  server.GrpcLogAppender (GrpcLogAppender.java:timeoutAppendRequest(200)) - 2759b58a-2fbd-4e45-94a8-47799d948184@group-17832C0C68B9->877608bb-19c4-4d8c-8958-a78beaef70b4-GrpcLogAppender: appendEntries Timeout, request=2759b58a-2fbd-4e45-94a8-47799d948184->877608bb-19c4-4d8c-8958-a78beaef70b4#98-t2, previous=(t:2, i:18), leaderCommit=14, initializing? false, entries: <empty>
2019-09-11 10:54:36,537 [java.util.concurrent.ThreadPoolExecutor$Worker@d960b43[State = -1, empty queue]] WARN  server.GrpcLogAppender (GrpcLogAppender.java:timeoutAppendRequest(200)) - 2759b58a-2fbd-4e45-94a8-47799d948184@group-17832C0C68B9->2567324e-9700-4950-ac37-98ef668bcfff-GrpcLogAppender: appendEntries Timeout, request=2759b58a-2fbd-4e45-94a8-47799d948184->2567324e-9700-4950-ac37-98ef668bcfff#98-t2, previous=(t:2, i:18), leaderCommit=14, initializing? false, entries: <empty>
2019-09-11 10:54:39,028 [grpc-default-executor-0] INFO  impl.RaftServerProxy (RaftServerProxy.java:remove(95)) - 4664729b-c9fa-423e-9516-a47fa5640f67: remove group-99AE50DC5FF9:null
2019-09-11 10:54:39,038 [java.util.concurrent.ThreadPoolExecutor$Worker@52611adc[State = -1, empty queue]] WARN  server.GrpcLogAppender (GrpcLogAppender.java:timeoutAppendRequest(200)) - 2759b58a-2fbd-4e45-94a8-47799d948184@group-17832C0C68B9->877608bb-19c4-4d8c-8958-a78beaef70b4-GrpcLogAppender: appendEntries Timeout, request=2759b58a-2fbd-4e45-94a8-47799d948184->877608bb-19c4-4d8c-8958-a78beaef70b4#99-t2, previous=(t:2, i:18), leaderCommit=14, initializing? false, entries: <empty>
2019-09-11 10:54:39,038 [java.util.concurrent.ThreadPoolExecutor$Worker@d960b43[State = -1, empty queue]] WARN  server.GrpcLogAppender (GrpcLogAppender.java:timeoutAppendRequest(200)) - 2759b58a-2fbd-4e45-94a8-47799d948184@group-17832C0C68B9->2567324e-9700-4950-ac37-98ef668bcfff-GrpcLogAppender: appendEntries Timeout, request=2759b58a-2fbd-4e45-94a8-47799d948184->2567324e-9700-4950-ac37-98ef668bcfff#99-t2, previous=(t:2, i:18), leaderCommit=14, initializing? false, entries: <empty>
2019-09-11 10:54:39,042 [RatisPipelineUtilsThread] WARN  pipeline.RatisPipelineUtils (RatisPipelineUtils.java:destroyPipeline(66)) - Pipeline destroy failed for pipeline=PipelineID=eec48087-2a8a-460e-b6f5-99ae50dc5ff9 dn=4664729b-c9fa-423e-9516-a47fa5640f67{ip: 192.168.69.96, host: pr-hdds-1982-decom-states-q64lx-3787986432, networkLocation: /default-rack, certSerialId: null}
2019-09-11 10:54:39,046 [grpc-default-executor-0] INFO  impl.RaftServerProxy (RaftServerProxy.java:remove(95)) - 08f1fccb-3813-4a19-b386-9d1a73d37d0e: remove group-99AE50DC5FF9:null
2019-09-11 10:54:39,052 [RatisPipelineUtilsThread] WARN  pipeline.RatisPipelineUtils (RatisPipelineUtils.java:destroyPipeline(66)) - Pipeline destroy failed for pipeline=PipelineID=eec48087-2a8a-460e-b6f5-99ae50dc5ff9 dn=08f1fccb-3813-4a19-b386-9d1a73d37d0e{ip: 192.168.69.96, host: pr-hdds-1982-decom-states-q64lx-3787986432, networkLocation: /default-rack, certSerialId: null}
2019-09-11 10:54:39,055 [grpc-default-executor-0] INFO  impl.RaftServerProxy (RaftServerProxy.java:remove(95)) - 75ec484c-7743-415c-a891-044da79f6b4d: remove group-99AE50DC5FF9:null
2019-09-11 10:54:39,060 [RatisPipelineUtilsThread] WARN  pipeline.RatisPipelineUtils (RatisPipelineUtils.java:destroyPipeline(66)) - Pipeline destroy failed for pipeline=PipelineID=eec48087-2a8a-460e-b6f5-99ae50dc5ff9 dn=75ec484c-7743-415c-a891-044da79f6b4d{ip: 192.168.69.96, host: pr-hdds-1982-decom-states-q64lx-3787986432, networkLocation: /default-rack, certSerialId: null}
2019-09-11 10:54:39,061 [RatisPipelineUtilsThread] ERROR pipeline.SCMPipelineManager (Scheduler.java:lambda$schedule$1(70)) - Destroy pipeline failed for pipeline:Pipeline[ Id: eec48087-2a8a-460e-b6f5-99ae50dc5ff9, Nodes: 4664729b-c9fa-423e-9516-a47fa5640f67{ip: 192.168.69.96, host: pr-hdds-1982-decom-states-q64lx-3787986432, networkLocation: /default-rack, certSerialId: null}08f1fccb-3813-4a19-b386-9d1a73d37d0e{ip: 192.168.69.96, host: pr-hdds-1982-decom-states-q64lx-3787986432, networkLocation: /default-rack, certSerialId: null}75ec484c-7743-415c-a891-044da79f6b4d{ip: 192.168.69.96, host: pr-hdds-1982-decom-states-q64lx-3787986432, networkLocation: /default-rack, certSerialId: null}, Type:RATIS, Factor:THREE, State:CLOSED]
org.apache.hadoop.hdds.scm.pipeline.PipelineNotFoundException: PipelineID=eec48087-2a8a-460e-b6f5-99ae50dc5ff9 not found
	at org.apache.hadoop.hdds.scm.pipeline.PipelineStateMap.getPipeline(PipelineStateMap.java:132)
	at org.apache.hadoop.hdds.scm.pipeline.PipelineStateMap.removePipeline(PipelineStateMap.java:322)
	at org.apache.hadoop.hdds.scm.pipeline.PipelineStateManager.removePipeline(PipelineStateManager.java:107)
	at org.apache.hadoop.hdds.scm.pipeline.SCMPipelineManager.removePipeline(SCMPipelineManager.java:423)
	at org.apache.hadoop.hdds.scm.pipeline.SCMPipelineManager.destroyPipeline(SCMPipelineManager.java:409)
	at org.apache.hadoop.hdds.scm.pipeline.SCMPipelineManager.lambda$finalizeAndDestroyPipeline$0(SCMPipelineManager.java:318)
	at org.apache.hadoop.utils.Scheduler.lambda$schedule$1(Scheduler.java:68)
	at java.util.concurrent.Executors$RunnableAdapter.call(Executors.java:511)
	at java.util.concurrent.FutureTask.run(FutureTask.java:266)
	at java.util.concurrent.ScheduledThreadPoolExecutor$ScheduledFutureTask.access$201(ScheduledThreadPoolExecutor.java:180)
	at java.util.concurrent.ScheduledThreadPoolExecutor$ScheduledFutureTask.run(ScheduledThreadPoolExecutor.java:293)
	at java.util.concurrent.ThreadPoolExecutor.runWorker(ThreadPoolExecutor.java:1149)
	at java.util.concurrent.ThreadPoolExecutor$Worker.run(ThreadPoolExecutor.java:624)
	at java.lang.Thread.run(Thread.java:748)
2019-09-11 10:54:41,024 [grpc-default-executor-0] INFO  impl.RaftServerProxy (RaftServerProxy.java:remove(95)) - 4664729b-c9fa-423e-9516-a47fa5640f67: remove group-99AE50DC5FF9:null
2019-09-11 10:54:41,032 [RatisPipelineUtilsThread] WARN  pipeline.RatisPipelineUtils (RatisPipelineUtils.java:destroyPipeline(66)) - Pipeline destroy failed for pipeline=PipelineID=eec48087-2a8a-460e-b6f5-99ae50dc5ff9 dn=4664729b-c9fa-423e-9516-a47fa5640f67{ip: 192.168.69.96, host: pr-hdds-1982-decom-states-q64lx-3787986432, networkLocation: /default-rack, certSerialId: null}
2019-09-11 10:54:41,035 [grpc-default-executor-0] INFO  impl.RaftServerProxy (RaftServerProxy.java:remove(95)) - 08f1fccb-3813-4a19-b386-9d1a73d37d0e: remove group-99AE50DC5FF9:null
2019-09-11 10:54:41,040 [RatisPipelineUtilsThread] WARN  pipeline.RatisPipelineUtils (RatisPipelineUtils.java:destroyPipeline(66)) - Pipeline destroy failed for pipeline=PipelineID=eec48087-2a8a-460e-b6f5-99ae50dc5ff9 dn=08f1fccb-3813-4a19-b386-9d1a73d37d0e{ip: 192.168.69.96, host: pr-hdds-1982-decom-states-q64lx-3787986432, networkLocation: /default-rack, certSerialId: null}
2019-09-11 10:54:41,043 [grpc-default-executor-0] INFO  impl.RaftServerProxy (RaftServerProxy.java:remove(95)) - 75ec484c-7743-415c-a891-044da79f6b4d: remove group-99AE50DC5FF9:null
2019-09-11 10:54:41,048 [RatisPipelineUtilsThread] WARN  pipeline.RatisPipelineUtils (RatisPipelineUtils.java:destroyPipeline(66)) - Pipeline destroy failed for pipeline=PipelineID=eec48087-2a8a-460e-b6f5-99ae50dc5ff9 dn=75ec484c-7743-415c-a891-044da79f6b4d{ip: 192.168.69.96, host: pr-hdds-1982-decom-states-q64lx-3787986432, networkLocation: /default-rack, certSerialId: null}
2019-09-11 10:54:41,049 [RatisPipelineUtilsThread] ERROR pipeline.SCMPipelineManager (Scheduler.java:lambda$schedule$1(70)) - Destroy pipeline failed for pipeline:Pipeline[ Id: eec48087-2a8a-460e-b6f5-99ae50dc5ff9, Nodes: 4664729b-c9fa-423e-9516-a47fa5640f67{ip: 192.168.69.96, host: pr-hdds-1982-decom-states-q64lx-3787986432, networkLocation: /default-rack, certSerialId: null}08f1fccb-3813-4a19-b386-9d1a73d37d0e{ip: 192.168.69.96, host: pr-hdds-1982-decom-states-q64lx-3787986432, networkLocation: /default-rack, certSerialId: null}75ec484c-7743-415c-a891-044da79f6b4d{ip: 192.168.69.96, host: pr-hdds-1982-decom-states-q64lx-3787986432, networkLocation: /default-rack, certSerialId: null}, Type:RATIS, Factor:THREE, State:CLOSED]
org.apache.hadoop.hdds.scm.pipeline.PipelineNotFoundException: PipelineID=eec48087-2a8a-460e-b6f5-99ae50dc5ff9 not found
	at org.apache.hadoop.hdds.scm.pipeline.PipelineStateMap.getPipeline(PipelineStateMap.java:132)
	at org.apache.hadoop.hdds.scm.pipeline.PipelineStateMap.removePipeline(PipelineStateMap.java:322)
	at org.apache.hadoop.hdds.scm.pipeline.PipelineStateManager.removePipeline(PipelineStateManager.java:107)
	at org.apache.hadoop.hdds.scm.pipeline.SCMPipelineManager.removePipeline(SCMPipelineManager.java:423)
	at org.apache.hadoop.hdds.scm.pipeline.SCMPipelineManager.destroyPipeline(SCMPipelineManager.java:409)
	at org.apache.hadoop.hdds.scm.pipeline.SCMPipelineManager.lambda$finalizeAndDestroyPipeline$0(SCMPipelineManager.java:318)
	at org.apache.hadoop.utils.Scheduler.lambda$schedule$1(Scheduler.java:68)
	at java.util.concurrent.Executors$RunnableAdapter.call(Executors.java:511)
	at java.util.concurrent.FutureTask.run(FutureTask.java:266)
	at java.util.concurrent.ScheduledThreadPoolExecutor$ScheduledFutureTask.access$201(ScheduledThreadPoolExecutor.java:180)
	at java.util.concurrent.ScheduledThreadPoolExecutor$ScheduledFutureTask.run(ScheduledThreadPoolExecutor.java:293)
	at java.util.concurrent.ThreadPoolExecutor.runWorker(ThreadPoolExecutor.java:1149)
	at java.util.concurrent.ThreadPoolExecutor$Worker.run(ThreadPoolExecutor.java:624)
	at java.lang.Thread.run(Thread.java:748)
2019-09-11 10:54:41,183 [grpc-default-executor-6] INFO  client.GrpcClientProtocolClient (GrpcClientProtocolClient.java:onNext(264)) - client-ADF5984F8D70->2567324e-9700-4950-ac37-98ef668bcfff: receive RaftClientReply:client-ADF5984F8D70->2567324e-9700-4950-ac37-98ef668bcfff@group-17832C0C68B9, cid=55, FAILED org.apache.ratis.protocol.NotLeaderException: Server 2567324e-9700-4950-ac37-98ef668bcfff@group-17832C0C68B9 is not the leader 2759b58a-2fbd-4e45-94a8-47799d948184:192.168.69.96:41390, logIndex=0, commits[2567324e-9700-4950-ac37-98ef668bcfff:c14, 877608bb-19c4-4d8c-8958-a78beaef70b4:c14, 2759b58a-2fbd-4e45-94a8-47799d948184:c14]
2019-09-11 10:54:41,538 [java.util.concurrent.ThreadPoolExecutor$Worker@d960b43[State = -1, empty queue]] WARN  server.GrpcLogAppender (GrpcLogAppender.java:timeoutAppendRequest(200)) - 2759b58a-2fbd-4e45-94a8-47799d948184@group-17832C0C68B9->2567324e-9700-4950-ac37-98ef668bcfff-GrpcLogAppender: appendEntries Timeout, request=2759b58a-2fbd-4e45-94a8-47799d948184->2567324e-9700-4950-ac37-98ef668bcfff#100-t2, previous=(t:2, i:18), leaderCommit=14, initializing? false, entries: <empty>
2019-09-11 10:54:41,538 [java.util.concurrent.ThreadPoolExecutor$Worker@52611adc[State = -1, empty queue]] WARN  server.GrpcLogAppender (GrpcLogAppender.java:timeoutAppendRequest(200)) - 2759b58a-2fbd-4e45-94a8-47799d948184@group-17832C0C68B9->877608bb-19c4-4d8c-8958-a78beaef70b4-GrpcLogAppender: appendEntries Timeout, request=2759b58a-2fbd-4e45-94a8-47799d948184->877608bb-19c4-4d8c-8958-a78beaef70b4#100-t2, previous=(t:2, i:18), leaderCommit=14, initializing? false, entries: <empty>
2019-09-11 10:54:44,028 [grpc-default-executor-0] INFO  impl.RaftServerProxy (RaftServerProxy.java:remove(95)) - 4664729b-c9fa-423e-9516-a47fa5640f67: remove group-99AE50DC5FF9:null
2019-09-11 10:54:44,038 [java.util.concurrent.ThreadPoolExecutor$Worker@d960b43[State = -1, empty queue]] WARN  server.GrpcLogAppender (GrpcLogAppender.java:timeoutAppendRequest(200)) - 2759b58a-2fbd-4e45-94a8-47799d948184@group-17832C0C68B9->2567324e-9700-4950-ac37-98ef668bcfff-GrpcLogAppender: appendEntries Timeout, request=2759b58a-2fbd-4e45-94a8-47799d948184->2567324e-9700-4950-ac37-98ef668bcfff#101-t2, previous=(t:2, i:18), leaderCommit=14, initializing? false, entries: <empty>
2019-09-11 10:54:44,038 [java.util.concurrent.ThreadPoolExecutor$Worker@52611adc[State = -1, empty queue]] WARN  server.GrpcLogAppender (GrpcLogAppender.java:timeoutAppendRequest(200)) - 2759b58a-2fbd-4e45-94a8-47799d948184@group-17832C0C68B9->877608bb-19c4-4d8c-8958-a78beaef70b4-GrpcLogAppender: appendEntries Timeout, request=2759b58a-2fbd-4e45-94a8-47799d948184->877608bb-19c4-4d8c-8958-a78beaef70b4#101-t2, previous=(t:2, i:18), leaderCommit=14, initializing? false, entries: <empty>
2019-09-11 10:54:44,040 [RatisPipelineUtilsThread] WARN  pipeline.RatisPipelineUtils (RatisPipelineUtils.java:destroyPipeline(66)) - Pipeline destroy failed for pipeline=PipelineID=eec48087-2a8a-460e-b6f5-99ae50dc5ff9 dn=4664729b-c9fa-423e-9516-a47fa5640f67{ip: 192.168.69.96, host: pr-hdds-1982-decom-states-q64lx-3787986432, networkLocation: /default-rack, certSerialId: null}
2019-09-11 10:54:44,043 [grpc-default-executor-0] INFO  impl.RaftServerProxy (RaftServerProxy.java:remove(95)) - 08f1fccb-3813-4a19-b386-9d1a73d37d0e: remove group-99AE50DC5FF9:null
2019-09-11 10:54:44,048 [RatisPipelineUtilsThread] WARN  pipeline.RatisPipelineUtils (RatisPipelineUtils.java:destroyPipeline(66)) - Pipeline destroy failed for pipeline=PipelineID=eec48087-2a8a-460e-b6f5-99ae50dc5ff9 dn=08f1fccb-3813-4a19-b386-9d1a73d37d0e{ip: 192.168.69.96, host: pr-hdds-1982-decom-states-q64lx-3787986432, networkLocation: /default-rack, certSerialId: null}
2019-09-11 10:54:44,051 [grpc-default-executor-0] INFO  impl.RaftServerProxy (RaftServerProxy.java:remove(95)) - 75ec484c-7743-415c-a891-044da79f6b4d: remove group-99AE50DC5FF9:null
2019-09-11 10:54:44,056 [RatisPipelineUtilsThread] WARN  pipeline.RatisPipelineUtils (RatisPipelineUtils.java:destroyPipeline(66)) - Pipeline destroy failed for pipeline=PipelineID=eec48087-2a8a-460e-b6f5-99ae50dc5ff9 dn=75ec484c-7743-415c-a891-044da79f6b4d{ip: 192.168.69.96, host: pr-hdds-1982-decom-states-q64lx-3787986432, networkLocation: /default-rack, certSerialId: null}
2019-09-11 10:54:44,056 [RatisPipelineUtilsThread] ERROR pipeline.SCMPipelineManager (Scheduler.java:lambda$schedule$1(70)) - Destroy pipeline failed for pipeline:Pipeline[ Id: eec48087-2a8a-460e-b6f5-99ae50dc5ff9, Nodes: 4664729b-c9fa-423e-9516-a47fa5640f67{ip: 192.168.69.96, host: pr-hdds-1982-decom-states-q64lx-3787986432, networkLocation: /default-rack, certSerialId: null}08f1fccb-3813-4a19-b386-9d1a73d37d0e{ip: 192.168.69.96, host: pr-hdds-1982-decom-states-q64lx-3787986432, networkLocation: /default-rack, certSerialId: null}75ec484c-7743-415c-a891-044da79f6b4d{ip: 192.168.69.96, host: pr-hdds-1982-decom-states-q64lx-3787986432, networkLocation: /default-rack, certSerialId: null}, Type:RATIS, Factor:THREE, State:CLOSED]
org.apache.hadoop.hdds.scm.pipeline.PipelineNotFoundException: PipelineID=eec48087-2a8a-460e-b6f5-99ae50dc5ff9 not found
	at org.apache.hadoop.hdds.scm.pipeline.PipelineStateMap.getPipeline(PipelineStateMap.java:132)
	at org.apache.hadoop.hdds.scm.pipeline.PipelineStateMap.removePipeline(PipelineStateMap.java:322)
	at org.apache.hadoop.hdds.scm.pipeline.PipelineStateManager.removePipeline(PipelineStateManager.java:107)
	at org.apache.hadoop.hdds.scm.pipeline.SCMPipelineManager.removePipeline(SCMPipelineManager.java:423)
	at org.apache.hadoop.hdds.scm.pipeline.SCMPipelineManager.destroyPipeline(SCMPipelineManager.java:409)
	at org.apache.hadoop.hdds.scm.pipeline.SCMPipelineManager.lambda$finalizeAndDestroyPipeline$0(SCMPipelineManager.java:318)
	at org.apache.hadoop.utils.Scheduler.lambda$schedule$1(Scheduler.java:68)
	at java.util.concurrent.Executors$RunnableAdapter.call(Executors.java:511)
	at java.util.concurrent.FutureTask.run(FutureTask.java:266)
	at java.util.concurrent.ScheduledThreadPoolExecutor$ScheduledFutureTask.access$201(ScheduledThreadPoolExecutor.java:180)
	at java.util.concurrent.ScheduledThreadPoolExecutor$ScheduledFutureTask.run(ScheduledThreadPoolExecutor.java:293)
	at java.util.concurrent.ThreadPoolExecutor.runWorker(ThreadPoolExecutor.java:1149)
	at java.util.concurrent.ThreadPoolExecutor$Worker.run(ThreadPoolExecutor.java:624)
	at java.lang.Thread.run(Thread.java:748)
2019-09-11 10:54:46,027 [grpc-default-executor-6] INFO  impl.RaftServerProxy (RaftServerProxy.java:remove(95)) - 4664729b-c9fa-423e-9516-a47fa5640f67: remove group-99AE50DC5FF9:null
2019-09-11 10:54:46,035 [877608bb-19c4-4d8c-8958-a78beaef70b4@group-17832C0C68B9-SegmentedRaftLogWorker] WARN  segmented.SegmentedRaftLogWorker (SegmentedRaftLogWorker.java:getFromFuture(90)) - Timeout 1/~
org.apache.ratis.protocol.TimeoutIOException: Timeout 10s: WriteLog:15: (t:2, i:15), STATEMACHINELOGENTRY, client-ADF5984F8D70, cid=55-writeStateMachineData
	at org.apache.ratis.util.IOUtils.getFromFuture(IOUtils.java:87)
	at org.apache.ratis.server.raftlog.segmented.SegmentedRaftLogWorker$StateMachineDataPolicy.getFromFuture(SegmentedRaftLogWorker.java:87)
	at org.apache.ratis.server.raftlog.segmented.SegmentedRaftLogWorker$WriteLog.execute(SegmentedRaftLogWorker.java:477)
	at org.apache.ratis.server.raftlog.segmented.SegmentedRaftLogWorker.run(SegmentedRaftLogWorker.java:289)
	at java.lang.Thread.run(Thread.java:748)
Caused by: java.util.concurrent.TimeoutException
	at java.util.concurrent.CompletableFuture.timedGet(CompletableFuture.java:1771)
	at java.util.concurrent.CompletableFuture.get(CompletableFuture.java:1915)
	at org.apache.ratis.util.IOUtils.getFromFuture(IOUtils.java:79)
	... 4 more
2019-09-11 10:54:46,037 [RatisPipelineUtilsThread] WARN  pipeline.RatisPipelineUtils (RatisPipelineUtils.java:destroyPipeline(66)) - Pipeline destroy failed for pipeline=PipelineID=eec48087-2a8a-460e-b6f5-99ae50dc5ff9 dn=4664729b-c9fa-423e-9516-a47fa5640f67{ip: 192.168.69.96, host: pr-hdds-1982-decom-states-q64lx-3787986432, networkLocation: /default-rack, certSerialId: null}
2019-09-11 10:54:46,041 [grpc-default-executor-0] INFO  impl.RaftServerProxy (RaftServerProxy.java:remove(95)) - 08f1fccb-3813-4a19-b386-9d1a73d37d0e: remove group-99AE50DC5FF9:null
2019-09-11 10:54:46,047 [RatisPipelineUtilsThread] WARN  pipeline.RatisPipelineUtils (RatisPipelineUtils.java:destroyPipeline(66)) - Pipeline destroy failed for pipeline=PipelineID=eec48087-2a8a-460e-b6f5-99ae50dc5ff9 dn=08f1fccb-3813-4a19-b386-9d1a73d37d0e{ip: 192.168.69.96, host: pr-hdds-1982-decom-states-q64lx-3787986432, networkLocation: /default-rack, certSerialId: null}
2019-09-11 10:54:46,050 [grpc-default-executor-0] INFO  impl.RaftServerProxy (RaftServerProxy.java:remove(95)) - 75ec484c-7743-415c-a891-044da79f6b4d: remove group-99AE50DC5FF9:null
2019-09-11 10:54:46,055 [RatisPipelineUtilsThread] WARN  pipeline.RatisPipelineUtils (RatisPipelineUtils.java:destroyPipeline(66)) - Pipeline destroy failed for pipeline=PipelineID=eec48087-2a8a-460e-b6f5-99ae50dc5ff9 dn=75ec484c-7743-415c-a891-044da79f6b4d{ip: 192.168.69.96, host: pr-hdds-1982-decom-states-q64lx-3787986432, networkLocation: /default-rack, certSerialId: null}
2019-09-11 10:54:46,055 [RatisPipelineUtilsThread] ERROR pipeline.SCMPipelineManager (Scheduler.java:lambda$schedule$1(70)) - Destroy pipeline failed for pipeline:Pipeline[ Id: eec48087-2a8a-460e-b6f5-99ae50dc5ff9, Nodes: 4664729b-c9fa-423e-9516-a47fa5640f67{ip: 192.168.69.96, host: pr-hdds-1982-decom-states-q64lx-3787986432, networkLocation: /default-rack, certSerialId: null}08f1fccb-3813-4a19-b386-9d1a73d37d0e{ip: 192.168.69.96, host: pr-hdds-1982-decom-states-q64lx-3787986432, networkLocation: /default-rack, certSerialId: null}75ec484c-7743-415c-a891-044da79f6b4d{ip: 192.168.69.96, host: pr-hdds-1982-decom-states-q64lx-3787986432, networkLocation: /default-rack, certSerialId: null}, Type:RATIS, Factor:THREE, State:CLOSED]
org.apache.hadoop.hdds.scm.pipeline.PipelineNotFoundException: PipelineID=eec48087-2a8a-460e-b6f5-99ae50dc5ff9 not found
	at org.apache.hadoop.hdds.scm.pipeline.PipelineStateMap.getPipeline(PipelineStateMap.java:132)
	at org.apache.hadoop.hdds.scm.pipeline.PipelineStateMap.removePipeline(PipelineStateMap.java:322)
	at org.apache.hadoop.hdds.scm.pipeline.PipelineStateManager.removePipeline(PipelineStateManager.java:107)
	at org.apache.hadoop.hdds.scm.pipeline.SCMPipelineManager.removePipeline(SCMPipelineManager.java:423)
	at org.apache.hadoop.hdds.scm.pipeline.SCMPipelineManager.destroyPipeline(SCMPipelineManager.java:409)
	at org.apache.hadoop.hdds.scm.pipeline.SCMPipelineManager.lambda$finalizeAndDestroyPipeline$0(SCMPipelineManager.java:318)
	at org.apache.hadoop.utils.Scheduler.lambda$schedule$1(Scheduler.java:68)
	at java.util.concurrent.Executors$RunnableAdapter.call(Executors.java:511)
	at java.util.concurrent.FutureTask.run(FutureTask.java:266)
	at java.util.concurrent.ScheduledThreadPoolExecutor$ScheduledFutureTask.access$201(ScheduledThreadPoolExecutor.java:180)
	at java.util.concurrent.ScheduledThreadPoolExecutor$ScheduledFutureTask.run(ScheduledThreadPoolExecutor.java:293)
	at java.util.concurrent.ThreadPoolExecutor.runWorker(ThreadPoolExecutor.java:1149)
	at java.util.concurrent.ThreadPoolExecutor$Worker.run(ThreadPoolExecutor.java:624)
	at java.lang.Thread.run(Thread.java:748)
2019-09-11 10:54:46,168 [2567324e-9700-4950-ac37-98ef668bcfff@group-17832C0C68B9-SegmentedRaftLogWorker] WARN  segmented.SegmentedRaftLogWorker (SegmentedRaftLogWorker.java:getFromFuture(90)) - Timeout 1/~
org.apache.ratis.protocol.TimeoutIOException: Timeout 10s: WriteLog:17: (t:2, i:17), STATEMACHINELOGENTRY, client-ADF5984F8D70, cid=57-writeStateMachineData
	at org.apache.ratis.util.IOUtils.getFromFuture(IOUtils.java:87)
	at org.apache.ratis.server.raftlog.segmented.SegmentedRaftLogWorker$StateMachineDataPolicy.getFromFuture(SegmentedRaftLogWorker.java:87)
	at org.apache.ratis.server.raftlog.segmented.SegmentedRaftLogWorker$WriteLog.execute(SegmentedRaftLogWorker.java:477)
	at org.apache.ratis.server.raftlog.segmented.SegmentedRaftLogWorker.run(SegmentedRaftLogWorker.java:289)
	at java.lang.Thread.run(Thread.java:748)
Caused by: java.util.concurrent.TimeoutException
	at java.util.concurrent.CompletableFuture.timedGet(CompletableFuture.java:1771)
	at java.util.concurrent.CompletableFuture.get(CompletableFuture.java:1915)
	at org.apache.ratis.util.IOUtils.getFromFuture(IOUtils.java:79)
	... 4 more
2019-09-11 10:54:46,169 [2759b58a-2fbd-4e45-94a8-47799d948184@group-17832C0C68B9-SegmentedRaftLogWorker] WARN  segmented.SegmentedRaftLogWorker (SegmentedRaftLogWorker.java:getFromFuture(90)) - Timeout 1/~
org.apache.ratis.protocol.TimeoutIOException: Timeout 10s: WriteLog:17: (t:2, i:17), STATEMACHINELOGENTRY, client-ADF5984F8D70, cid=57-writeStateMachineData
	at org.apache.ratis.util.IOUtils.getFromFuture(IOUtils.java:87)
	at org.apache.ratis.server.raftlog.segmented.SegmentedRaftLogWorker$StateMachineDataPolicy.getFromFuture(SegmentedRaftLogWorker.java:87)
	at org.apache.ratis.server.raftlog.segmented.SegmentedRaftLogWorker$WriteLog.execute(SegmentedRaftLogWorker.java:477)
	at org.apache.ratis.server.raftlog.segmented.SegmentedRaftLogWorker.run(SegmentedRaftLogWorker.java:289)
	at java.lang.Thread.run(Thread.java:748)
Caused by: java.util.concurrent.TimeoutException
	at java.util.concurrent.CompletableFuture.timedGet(CompletableFuture.java:1771)
	at java.util.concurrent.CompletableFuture.get(CompletableFuture.java:1915)
	at org.apache.ratis.util.IOUtils.getFromFuture(IOUtils.java:79)
	... 4 more
2019-09-11 10:54:46,232 [grpc-default-executor-6] INFO  client.GrpcClientProtocolClient (GrpcClientProtocolClient.java:onNext(264)) - client-ADF5984F8D70->877608bb-19c4-4d8c-8958-a78beaef70b4: receive RaftClientReply:client-ADF5984F8D70->877608bb-19c4-4d8c-8958-a78beaef70b4@group-17832C0C68B9, cid=55, FAILED org.apache.ratis.protocol.NotLeaderException: Server 877608bb-19c4-4d8c-8958-a78beaef70b4@group-17832C0C68B9 is not the leader 2759b58a-2fbd-4e45-94a8-47799d948184:192.168.69.96:41390, logIndex=0, commits[877608bb-19c4-4d8c-8958-a78beaef70b4:c14, 2567324e-9700-4950-ac37-98ef668bcfff:c14, 2759b58a-2fbd-4e45-94a8-47799d948184:c14]
2019-09-11 10:54:46,539 [java.util.concurrent.ThreadPoolExecutor$Worker@52611adc[State = -1, empty queue]] WARN  server.GrpcLogAppender (GrpcLogAppender.java:timeoutAppendRequest(200)) - 2759b58a-2fbd-4e45-94a8-47799d948184@group-17832C0C68B9->877608bb-19c4-4d8c-8958-a78beaef70b4-GrpcLogAppender: appendEntries Timeout, request=2759b58a-2fbd-4e45-94a8-47799d948184->877608bb-19c4-4d8c-8958-a78beaef70b4#102-t2, previous=(t:2, i:18), leaderCommit=14, initializing? false, entries: <empty>
2019-09-11 10:54:46,539 [java.util.concurrent.ThreadPoolExecutor$Worker@d960b43[State = -1, empty queue]] WARN  server.GrpcLogAppender (GrpcLogAppender.java:timeoutAppendRequest(200)) - 2759b58a-2fbd-4e45-94a8-47799d948184@group-17832C0C68B9->2567324e-9700-4950-ac37-98ef668bcfff-GrpcLogAppender: appendEntries Timeout, request=2759b58a-2fbd-4e45-94a8-47799d948184->2567324e-9700-4950-ac37-98ef668bcfff#102-t2, previous=(t:2, i:18), leaderCommit=14, initializing? false, entries: <empty>
2019-09-11 10:54:49,030 [grpc-default-executor-0] INFO  impl.RaftServerProxy (RaftServerProxy.java:remove(95)) - 4664729b-c9fa-423e-9516-a47fa5640f67: remove group-99AE50DC5FF9:null
2019-09-11 10:54:49,039 [java.util.concurrent.ThreadPoolExecutor$Worker@52611adc[State = -1, empty queue]] WARN  server.GrpcLogAppender (GrpcLogAppender.java:timeoutAppendRequest(200)) - 2759b58a-2fbd-4e45-94a8-47799d948184@group-17832C0C68B9->877608bb-19c4-4d8c-8958-a78beaef70b4-GrpcLogAppender: appendEntries Timeout, request=2759b58a-2fbd-4e45-94a8-47799d948184->877608bb-19c4-4d8c-8958-a78beaef70b4#103-t2, previous=(t:2, i:18), leaderCommit=14, initializing? false, entries: <empty>
2019-09-11 10:54:49,039 [RatisPipelineUtilsThread] WARN  pipeline.RatisPipelineUtils (RatisPipelineUtils.java:destroyPipeline(66)) - Pipeline destroy failed for pipeline=PipelineID=eec48087-2a8a-460e-b6f5-99ae50dc5ff9 dn=4664729b-c9fa-423e-9516-a47fa5640f67{ip: 192.168.69.96, host: pr-hdds-1982-decom-states-q64lx-3787986432, networkLocation: /default-rack, certSerialId: null}
2019-09-11 10:54:49,039 [java.util.concurrent.ThreadPoolExecutor$Worker@d960b43[State = -1, empty queue]] WARN  server.GrpcLogAppender (GrpcLogAppender.java:timeoutAppendRequest(200)) - 2759b58a-2fbd-4e45-94a8-47799d948184@group-17832C0C68B9->2567324e-9700-4950-ac37-98ef668bcfff-GrpcLogAppender: appendEntries Timeout, request=2759b58a-2fbd-4e45-94a8-47799d948184->2567324e-9700-4950-ac37-98ef668bcfff#103-t2, previous=(t:2, i:18), leaderCommit=14, initializing? false, entries: <empty>
2019-09-11 10:54:49,043 [grpc-default-executor-0] INFO  impl.RaftServerProxy (RaftServerProxy.java:remove(95)) - 08f1fccb-3813-4a19-b386-9d1a73d37d0e: remove group-99AE50DC5FF9:null
2019-09-11 10:54:49,049 [RatisPipelineUtilsThread] WARN  pipeline.RatisPipelineUtils (RatisPipelineUtils.java:destroyPipeline(66)) - Pipeline destroy failed for pipeline=PipelineID=eec48087-2a8a-460e-b6f5-99ae50dc5ff9 dn=08f1fccb-3813-4a19-b386-9d1a73d37d0e{ip: 192.168.69.96, host: pr-hdds-1982-decom-states-q64lx-3787986432, networkLocation: /default-rack, certSerialId: null}
2019-09-11 10:54:49,053 [grpc-default-executor-0] INFO  impl.RaftServerProxy (RaftServerProxy.java:remove(95)) - 75ec484c-7743-415c-a891-044da79f6b4d: remove group-99AE50DC5FF9:null
2019-09-11 10:54:49,073 [RatisPipelineUtilsThread] WARN  pipeline.RatisPipelineUtils (RatisPipelineUtils.java:destroyPipeline(66)) - Pipeline destroy failed for pipeline=PipelineID=eec48087-2a8a-460e-b6f5-99ae50dc5ff9 dn=75ec484c-7743-415c-a891-044da79f6b4d{ip: 192.168.69.96, host: pr-hdds-1982-decom-states-q64lx-3787986432, networkLocation: /default-rack, certSerialId: null}
2019-09-11 10:54:49,074 [RatisPipelineUtilsThread] ERROR pipeline.SCMPipelineManager (Scheduler.java:lambda$schedule$1(70)) - Destroy pipeline failed for pipeline:Pipeline[ Id: eec48087-2a8a-460e-b6f5-99ae50dc5ff9, Nodes: 4664729b-c9fa-423e-9516-a47fa5640f67{ip: 192.168.69.96, host: pr-hdds-1982-decom-states-q64lx-3787986432, networkLocation: /default-rack, certSerialId: null}08f1fccb-3813-4a19-b386-9d1a73d37d0e{ip: 192.168.69.96, host: pr-hdds-1982-decom-states-q64lx-3787986432, networkLocation: /default-rack, certSerialId: null}75ec484c-7743-415c-a891-044da79f6b4d{ip: 192.168.69.96, host: pr-hdds-1982-decom-states-q64lx-3787986432, networkLocation: /default-rack, certSerialId: null}, Type:RATIS, Factor:THREE, State:CLOSED]
org.apache.hadoop.hdds.scm.pipeline.PipelineNotFoundException: PipelineID=eec48087-2a8a-460e-b6f5-99ae50dc5ff9 not found
	at org.apache.hadoop.hdds.scm.pipeline.PipelineStateMap.getPipeline(PipelineStateMap.java:132)
	at org.apache.hadoop.hdds.scm.pipeline.PipelineStateMap.removePipeline(PipelineStateMap.java:322)
	at org.apache.hadoop.hdds.scm.pipeline.PipelineStateManager.removePipeline(PipelineStateManager.java:107)
	at org.apache.hadoop.hdds.scm.pipeline.SCMPipelineManager.removePipeline(SCMPipelineManager.java:423)
	at org.apache.hadoop.hdds.scm.pipeline.SCMPipelineManager.destroyPipeline(SCMPipelineManager.java:409)
	at org.apache.hadoop.hdds.scm.pipeline.SCMPipelineManager.lambda$finalizeAndDestroyPipeline$0(SCMPipelineManager.java:318)
	at org.apache.hadoop.utils.Scheduler.lambda$schedule$1(Scheduler.java:68)
	at java.util.concurrent.Executors$RunnableAdapter.call(Executors.java:511)
	at java.util.concurrent.FutureTask.run(FutureTask.java:266)
	at java.util.concurrent.ScheduledThreadPoolExecutor$ScheduledFutureTask.access$201(ScheduledThreadPoolExecutor.java:180)
	at java.util.concurrent.ScheduledThreadPoolExecutor$ScheduledFutureTask.run(ScheduledThreadPoolExecutor.java:293)
	at java.util.concurrent.ThreadPoolExecutor.runWorker(ThreadPoolExecutor.java:1149)
	at java.util.concurrent.ThreadPoolExecutor$Worker.run(ThreadPoolExecutor.java:624)
	at java.lang.Thread.run(Thread.java:748)
2019-09-11 10:54:51,032 [grpc-default-executor-0] INFO  impl.RaftServerProxy (RaftServerProxy.java:remove(95)) - 4664729b-c9fa-423e-9516-a47fa5640f67: remove group-99AE50DC5FF9:null
2019-09-11 10:54:51,038 [RatisPipelineUtilsThread] WARN  pipeline.RatisPipelineUtils (RatisPipelineUtils.java:destroyPipeline(66)) - Pipeline destroy failed for pipeline=PipelineID=eec48087-2a8a-460e-b6f5-99ae50dc5ff9 dn=4664729b-c9fa-423e-9516-a47fa5640f67{ip: 192.168.69.96, host: pr-hdds-1982-decom-states-q64lx-3787986432, networkLocation: /default-rack, certSerialId: null}
2019-09-11 10:54:51,042 [grpc-default-executor-0] INFO  impl.RaftServerProxy (RaftServerProxy.java:remove(95)) - 08f1fccb-3813-4a19-b386-9d1a73d37d0e: remove group-99AE50DC5FF9:null
2019-09-11 10:54:51,046 [RatisPipelineUtilsThread] WARN  pipeline.RatisPipelineUtils (RatisPipelineUtils.java:destroyPipeline(66)) - Pipeline destroy failed for pipeline=PipelineID=eec48087-2a8a-460e-b6f5-99ae50dc5ff9 dn=08f1fccb-3813-4a19-b386-9d1a73d37d0e{ip: 192.168.69.96, host: pr-hdds-1982-decom-states-q64lx-3787986432, networkLocation: /default-rack, certSerialId: null}
2019-09-11 10:54:51,049 [grpc-default-executor-0] INFO  impl.RaftServerProxy (RaftServerProxy.java:remove(95)) - 75ec484c-7743-415c-a891-044da79f6b4d: remove group-99AE50DC5FF9:null
2019-09-11 10:54:51,053 [RatisPipelineUtilsThread] WARN  pipeline.RatisPipelineUtils (RatisPipelineUtils.java:destroyPipeline(66)) - Pipeline destroy failed for pipeline=PipelineID=eec48087-2a8a-460e-b6f5-99ae50dc5ff9 dn=75ec484c-7743-415c-a891-044da79f6b4d{ip: 192.168.69.96, host: pr-hdds-1982-decom-states-q64lx-3787986432, networkLocation: /default-rack, certSerialId: null}
2019-09-11 10:54:51,053 [RatisPipelineUtilsThread] ERROR pipeline.SCMPipelineManager (Scheduler.java:lambda$schedule$1(70)) - Destroy pipeline failed for pipeline:Pipeline[ Id: eec48087-2a8a-460e-b6f5-99ae50dc5ff9, Nodes: 4664729b-c9fa-423e-9516-a47fa5640f67{ip: 192.168.69.96, host: pr-hdds-1982-decom-states-q64lx-3787986432, networkLocation: /default-rack, certSerialId: null}08f1fccb-3813-4a19-b386-9d1a73d37d0e{ip: 192.168.69.96, host: pr-hdds-1982-decom-states-q64lx-3787986432, networkLocation: /default-rack, certSerialId: null}75ec484c-7743-415c-a891-044da79f6b4d{ip: 192.168.69.96, host: pr-hdds-1982-decom-states-q64lx-3787986432, networkLocation: /default-rack, certSerialId: null}, Type:RATIS, Factor:THREE, State:CLOSED]
org.apache.hadoop.hdds.scm.pipeline.PipelineNotFoundException: PipelineID=eec48087-2a8a-460e-b6f5-99ae50dc5ff9 not found
	at org.apache.hadoop.hdds.scm.pipeline.PipelineStateMap.getPipeline(PipelineStateMap.java:132)
	at org.apache.hadoop.hdds.scm.pipeline.PipelineStateMap.removePipeline(PipelineStateMap.java:322)
	at org.apache.hadoop.hdds.scm.pipeline.PipelineStateManager.removePipeline(PipelineStateManager.java:107)
	at org.apache.hadoop.hdds.scm.pipeline.SCMPipelineManager.removePipeline(SCMPipelineManager.java:423)
	at org.apache.hadoop.hdds.scm.pipeline.SCMPipelineManager.destroyPipeline(SCMPipelineManager.java:409)
	at org.apache.hadoop.hdds.scm.pipeline.SCMPipelineManager.lambda$finalizeAndDestroyPipeline$0(SCMPipelineManager.java:318)
	at org.apache.hadoop.utils.Scheduler.lambda$schedule$1(Scheduler.java:68)
	at java.util.concurrent.Executors$RunnableAdapter.call(Executors.java:511)
	at java.util.concurrent.FutureTask.run(FutureTask.java:266)
	at java.util.concurrent.ScheduledThreadPoolExecutor$ScheduledFutureTask.access$201(ScheduledThreadPoolExecutor.java:180)
	at java.util.concurrent.ScheduledThreadPoolExecutor$ScheduledFutureTask.run(ScheduledThreadPoolExecutor.java:293)
	at java.util.concurrent.ThreadPoolExecutor.runWorker(ThreadPoolExecutor.java:1149)
	at java.util.concurrent.ThreadPoolExecutor$Worker.run(ThreadPoolExecutor.java:624)
	at java.lang.Thread.run(Thread.java:748)
2019-09-11 10:54:51,294 [grpc-default-executor-6] INFO  client.GrpcClientProtocolClient (GrpcClientProtocolClient.java:onNext(264)) - client-ADF5984F8D70->2567324e-9700-4950-ac37-98ef668bcfff: receive RaftClientReply:client-ADF5984F8D70->2567324e-9700-4950-ac37-98ef668bcfff@group-17832C0C68B9, cid=55, FAILED org.apache.ratis.protocol.NotLeaderException: Server 2567324e-9700-4950-ac37-98ef668bcfff@group-17832C0C68B9 is not the leader 2759b58a-2fbd-4e45-94a8-47799d948184:192.168.69.96:41390, logIndex=0, commits[2567324e-9700-4950-ac37-98ef668bcfff:c14, 877608bb-19c4-4d8c-8958-a78beaef70b4:c14, 2759b58a-2fbd-4e45-94a8-47799d948184:c14]
2019-09-11 10:54:51,540 [java.util.concurrent.ThreadPoolExecutor$Worker@52611adc[State = -1, empty queue]] WARN  server.GrpcLogAppender (GrpcLogAppender.java:timeoutAppendRequest(200)) - 2759b58a-2fbd-4e45-94a8-47799d948184@group-17832C0C68B9->877608bb-19c4-4d8c-8958-a78beaef70b4-GrpcLogAppender: appendEntries Timeout, request=2759b58a-2fbd-4e45-94a8-47799d948184->877608bb-19c4-4d8c-8958-a78beaef70b4#104-t2, previous=(t:2, i:18), leaderCommit=14, initializing? false, entries: <empty>
2019-09-11 10:54:51,540 [java.util.concurrent.ThreadPoolExecutor$Worker@d960b43[State = -1, empty queue]] WARN  server.GrpcLogAppender (GrpcLogAppender.java:timeoutAppendRequest(200)) - 2759b58a-2fbd-4e45-94a8-47799d948184@group-17832C0C68B9->2567324e-9700-4950-ac37-98ef668bcfff-GrpcLogAppender: appendEntries Timeout, request=2759b58a-2fbd-4e45-94a8-47799d948184->2567324e-9700-4950-ac37-98ef668bcfff#104-t2, previous=(t:2, i:18), leaderCommit=14, initializing? false, entries: <empty>
2019-09-11 10:54:54,030 [grpc-default-executor-6] INFO  impl.RaftServerProxy (RaftServerProxy.java:remove(95)) - 4664729b-c9fa-423e-9516-a47fa5640f67: remove group-99AE50DC5FF9:null
2019-09-11 10:54:54,036 [RatisPipelineUtilsThread] WARN  pipeline.RatisPipelineUtils (RatisPipelineUtils.java:destroyPipeline(66)) - Pipeline destroy failed for pipeline=PipelineID=eec48087-2a8a-460e-b6f5-99ae50dc5ff9 dn=4664729b-c9fa-423e-9516-a47fa5640f67{ip: 192.168.69.96, host: pr-hdds-1982-decom-states-q64lx-3787986432, networkLocation: /default-rack, certSerialId: null}
2019-09-11 10:54:54,039 [grpc-default-executor-0] INFO  impl.RaftServerProxy (RaftServerProxy.java:remove(95)) - 08f1fccb-3813-4a19-b386-9d1a73d37d0e: remove group-99AE50DC5FF9:null
2019-09-11 10:54:54,041 [java.util.concurrent.ThreadPoolExecutor$Worker@52611adc[State = -1, empty queue]] WARN  server.GrpcLogAppender (GrpcLogAppender.java:timeoutAppendRequest(200)) - 2759b58a-2fbd-4e45-94a8-47799d948184@group-17832C0C68B9->877608bb-19c4-4d8c-8958-a78beaef70b4-GrpcLogAppender: appendEntries Timeout, request=2759b58a-2fbd-4e45-94a8-47799d948184->877608bb-19c4-4d8c-8958-a78beaef70b4#105-t2, previous=(t:2, i:18), leaderCommit=14, initializing? false, entries: <empty>
2019-09-11 10:54:54,041 [java.util.concurrent.ThreadPoolExecutor$Worker@d960b43[State = -1, empty queue]] WARN  server.GrpcLogAppender (GrpcLogAppender.java:timeoutAppendRequest(200)) - 2759b58a-2fbd-4e45-94a8-47799d948184@group-17832C0C68B9->2567324e-9700-4950-ac37-98ef668bcfff-GrpcLogAppender: appendEntries Timeout, request=2759b58a-2fbd-4e45-94a8-47799d948184->2567324e-9700-4950-ac37-98ef668bcfff#105-t2, previous=(t:2, i:18), leaderCommit=14, initializing? false, entries: <empty>
2019-09-11 10:54:54,042 [RatisPipelineUtilsThread] WARN  pipeline.RatisPipelineUtils (RatisPipelineUtils.java:destroyPipeline(66)) - Pipeline destroy failed for pipeline=PipelineID=eec48087-2a8a-460e-b6f5-99ae50dc5ff9 dn=08f1fccb-3813-4a19-b386-9d1a73d37d0e{ip: 192.168.69.96, host: pr-hdds-1982-decom-states-q64lx-3787986432, networkLocation: /default-rack, certSerialId: null}
2019-09-11 10:54:54,044 [grpc-default-executor-0] INFO  impl.RaftServerProxy (RaftServerProxy.java:remove(95)) - 75ec484c-7743-415c-a891-044da79f6b4d: remove group-99AE50DC5FF9:null
2019-09-11 10:54:54,047 [RatisPipelineUtilsThread] WARN  pipeline.RatisPipelineUtils (RatisPipelineUtils.java:destroyPipeline(66)) - Pipeline destroy failed for pipeline=PipelineID=eec48087-2a8a-460e-b6f5-99ae50dc5ff9 dn=75ec484c-7743-415c-a891-044da79f6b4d{ip: 192.168.69.96, host: pr-hdds-1982-decom-states-q64lx-3787986432, networkLocation: /default-rack, certSerialId: null}
2019-09-11 10:54:54,047 [RatisPipelineUtilsThread] ERROR pipeline.SCMPipelineManager (Scheduler.java:lambda$schedule$1(70)) - Destroy pipeline failed for pipeline:Pipeline[ Id: eec48087-2a8a-460e-b6f5-99ae50dc5ff9, Nodes: 4664729b-c9fa-423e-9516-a47fa5640f67{ip: 192.168.69.96, host: pr-hdds-1982-decom-states-q64lx-3787986432, networkLocation: /default-rack, certSerialId: null}08f1fccb-3813-4a19-b386-9d1a73d37d0e{ip: 192.168.69.96, host: pr-hdds-1982-decom-states-q64lx-3787986432, networkLocation: /default-rack, certSerialId: null}75ec484c-7743-415c-a891-044da79f6b4d{ip: 192.168.69.96, host: pr-hdds-1982-decom-states-q64lx-3787986432, networkLocation: /default-rack, certSerialId: null}, Type:RATIS, Factor:THREE, State:CLOSED]
org.apache.hadoop.hdds.scm.pipeline.PipelineNotFoundException: PipelineID=eec48087-2a8a-460e-b6f5-99ae50dc5ff9 not found
	at org.apache.hadoop.hdds.scm.pipeline.PipelineStateMap.getPipeline(PipelineStateMap.java:132)
	at org.apache.hadoop.hdds.scm.pipeline.PipelineStateMap.removePipeline(PipelineStateMap.java:322)
	at org.apache.hadoop.hdds.scm.pipeline.PipelineStateManager.removePipeline(PipelineStateManager.java:107)
	at org.apache.hadoop.hdds.scm.pipeline.SCMPipelineManager.removePipeline(SCMPipelineManager.java:423)
	at org.apache.hadoop.hdds.scm.pipeline.SCMPipelineManager.destroyPipeline(SCMPipelineManager.java:409)
	at org.apache.hadoop.hdds.scm.pipeline.SCMPipelineManager.lambda$finalizeAndDestroyPipeline$0(SCMPipelineManager.java:318)
	at org.apache.hadoop.utils.Scheduler.lambda$schedule$1(Scheduler.java:68)
	at java.util.concurrent.Executors$RunnableAdapter.call(Executors.java:511)
	at java.util.concurrent.FutureTask.run(FutureTask.java:266)
	at java.util.concurrent.ScheduledThreadPoolExecutor$ScheduledFutureTask.access$201(ScheduledThreadPoolExecutor.java:180)
	at java.util.concurrent.ScheduledThreadPoolExecutor$ScheduledFutureTask.run(ScheduledThreadPoolExecutor.java:293)
	at java.util.concurrent.ThreadPoolExecutor.runWorker(ThreadPoolExecutor.java:1149)
	at java.util.concurrent.ThreadPoolExecutor$Worker.run(ThreadPoolExecutor.java:624)
	at java.lang.Thread.run(Thread.java:748)
2019-09-11 10:54:56,032 [grpc-default-executor-0] INFO  impl.RaftServerProxy (RaftServerProxy.java:remove(95)) - 4664729b-c9fa-423e-9516-a47fa5640f67: remove group-99AE50DC5FF9:null
2019-09-11 10:54:56,036 [RatisPipelineUtilsThread] WARN  pipeline.RatisPipelineUtils (RatisPipelineUtils.java:destroyPipeline(66)) - Pipeline destroy failed for pipeline=PipelineID=eec48087-2a8a-460e-b6f5-99ae50dc5ff9 dn=4664729b-c9fa-423e-9516-a47fa5640f67{ip: 192.168.69.96, host: pr-hdds-1982-decom-states-q64lx-3787986432, networkLocation: /default-rack, certSerialId: null}
2019-09-11 10:54:56,037 [877608bb-19c4-4d8c-8958-a78beaef70b4@group-17832C0C68B9-SegmentedRaftLogWorker] WARN  segmented.SegmentedRaftLogWorker (SegmentedRaftLogWorker.java:getFromFuture(90)) - Timeout 2/~
org.apache.ratis.protocol.TimeoutIOException: Timeout 10s: WriteLog:15: (t:2, i:15), STATEMACHINELOGENTRY, client-ADF5984F8D70, cid=55-writeStateMachineData
	at org.apache.ratis.util.IOUtils.getFromFuture(IOUtils.java:87)
	at org.apache.ratis.server.raftlog.segmented.SegmentedRaftLogWorker$StateMachineDataPolicy.getFromFuture(SegmentedRaftLogWorker.java:87)
	at org.apache.ratis.server.raftlog.segmented.SegmentedRaftLogWorker$WriteLog.execute(SegmentedRaftLogWorker.java:477)
	at org.apache.ratis.server.raftlog.segmented.SegmentedRaftLogWorker.run(SegmentedRaftLogWorker.java:289)
	at java.lang.Thread.run(Thread.java:748)
Caused by: java.util.concurrent.TimeoutException
	at java.util.concurrent.CompletableFuture.timedGet(CompletableFuture.java:1771)
	at java.util.concurrent.CompletableFuture.get(CompletableFuture.java:1915)
	at org.apache.ratis.util.IOUtils.getFromFuture(IOUtils.java:79)
	... 4 more
2019-09-11 10:54:56,039 [grpc-default-executor-0] INFO  impl.RaftServerProxy (RaftServerProxy.java:remove(95)) - 08f1fccb-3813-4a19-b386-9d1a73d37d0e: remove group-99AE50DC5FF9:null
2019-09-11 10:54:56,042 [RatisPipelineUtilsThread] WARN  pipeline.RatisPipelineUtils (RatisPipelineUtils.java:destroyPipeline(66)) - Pipeline destroy failed for pipeline=PipelineID=eec48087-2a8a-460e-b6f5-99ae50dc5ff9 dn=08f1fccb-3813-4a19-b386-9d1a73d37d0e{ip: 192.168.69.96, host: pr-hdds-1982-decom-states-q64lx-3787986432, networkLocation: /default-rack, certSerialId: null}
2019-09-11 10:54:56,045 [grpc-default-executor-0] INFO  impl.RaftServerProxy (RaftServerProxy.java:remove(95)) - 75ec484c-7743-415c-a891-044da79f6b4d: remove group-99AE50DC5FF9:null
2019-09-11 10:54:56,047 [RatisPipelineUtilsThread] WARN  pipeline.RatisPipelineUtils (RatisPipelineUtils.java:destroyPipeline(66)) - Pipeline destroy failed for pipeline=PipelineID=eec48087-2a8a-460e-b6f5-99ae50dc5ff9 dn=75ec484c-7743-415c-a891-044da79f6b4d{ip: 192.168.69.96, host: pr-hdds-1982-decom-states-q64lx-3787986432, networkLocation: /default-rack, certSerialId: null}
2019-09-11 10:54:56,048 [RatisPipelineUtilsThread] ERROR pipeline.SCMPipelineManager (Scheduler.java:lambda$schedule$1(70)) - Destroy pipeline failed for pipeline:Pipeline[ Id: eec48087-2a8a-460e-b6f5-99ae50dc5ff9, Nodes: 4664729b-c9fa-423e-9516-a47fa5640f67{ip: 192.168.69.96, host: pr-hdds-1982-decom-states-q64lx-3787986432, networkLocation: /default-rack, certSerialId: null}08f1fccb-3813-4a19-b386-9d1a73d37d0e{ip: 192.168.69.96, host: pr-hdds-1982-decom-states-q64lx-3787986432, networkLocation: /default-rack, certSerialId: null}75ec484c-7743-415c-a891-044da79f6b4d{ip: 192.168.69.96, host: pr-hdds-1982-decom-states-q64lx-3787986432, networkLocation: /default-rack, certSerialId: null}, Type:RATIS, Factor:THREE, State:CLOSED]
org.apache.hadoop.hdds.scm.pipeline.PipelineNotFoundException: PipelineID=eec48087-2a8a-460e-b6f5-99ae50dc5ff9 not found
	at org.apache.hadoop.hdds.scm.pipeline.PipelineStateMap.getPipeline(PipelineStateMap.java:132)
	at org.apache.hadoop.hdds.scm.pipeline.PipelineStateMap.removePipeline(PipelineStateMap.java:322)
	at org.apache.hadoop.hdds.scm.pipeline.PipelineStateManager.removePipeline(PipelineStateManager.java:107)
	at org.apache.hadoop.hdds.scm.pipeline.SCMPipelineManager.removePipeline(SCMPipelineManager.java:423)
	at org.apache.hadoop.hdds.scm.pipeline.SCMPipelineManager.destroyPipeline(SCMPipelineManager.java:409)
	at org.apache.hadoop.hdds.scm.pipeline.SCMPipelineManager.lambda$finalizeAndDestroyPipeline$0(SCMPipelineManager.java:318)
	at org.apache.hadoop.utils.Scheduler.lambda$schedule$1(Scheduler.java:68)
	at java.util.concurrent.Executors$RunnableAdapter.call(Executors.java:511)
	at java.util.concurrent.FutureTask.run(FutureTask.java:266)
	at java.util.concurrent.ScheduledThreadPoolExecutor$ScheduledFutureTask.access$201(ScheduledThreadPoolExecutor.java:180)
	at java.util.concurrent.ScheduledThreadPoolExecutor$ScheduledFutureTask.run(ScheduledThreadPoolExecutor.java:293)
	at java.util.concurrent.ThreadPoolExecutor.runWorker(ThreadPoolExecutor.java:1149)
	at java.util.concurrent.ThreadPoolExecutor$Worker.run(ThreadPoolExecutor.java:624)
	at java.lang.Thread.run(Thread.java:748)
2019-09-11 10:54:56,169 [2567324e-9700-4950-ac37-98ef668bcfff@group-17832C0C68B9-SegmentedRaftLogWorker] WARN  segmented.SegmentedRaftLogWorker (SegmentedRaftLogWorker.java:getFromFuture(90)) - Timeout 2/~
org.apache.ratis.protocol.TimeoutIOException: Timeout 10s: WriteLog:17: (t:2, i:17), STATEMACHINELOGENTRY, client-ADF5984F8D70, cid=57-writeStateMachineData
	at org.apache.ratis.util.IOUtils.getFromFuture(IOUtils.java:87)
	at org.apache.ratis.server.raftlog.segmented.SegmentedRaftLogWorker$StateMachineDataPolicy.getFromFuture(SegmentedRaftLogWorker.java:87)
	at org.apache.ratis.server.raftlog.segmented.SegmentedRaftLogWorker$WriteLog.execute(SegmentedRaftLogWorker.java:477)
	at org.apache.ratis.server.raftlog.segmented.SegmentedRaftLogWorker.run(SegmentedRaftLogWorker.java:289)
	at java.lang.Thread.run(Thread.java:748)
Caused by: java.util.concurrent.TimeoutException
	at java.util.concurrent.CompletableFuture.timedGet(CompletableFuture.java:1771)
	at java.util.concurrent.CompletableFuture.get(CompletableFuture.java:1915)
	at org.apache.ratis.util.IOUtils.getFromFuture(IOUtils.java:79)
	... 4 more
2019-09-11 10:54:56,170 [2759b58a-2fbd-4e45-94a8-47799d948184@group-17832C0C68B9-SegmentedRaftLogWorker] WARN  segmented.SegmentedRaftLogWorker (SegmentedRaftLogWorker.java:getFromFuture(90)) - Timeout 2/~
org.apache.ratis.protocol.TimeoutIOException: Timeout 10s: WriteLog:17: (t:2, i:17), STATEMACHINELOGENTRY, client-ADF5984F8D70, cid=57-writeStateMachineData
	at org.apache.ratis.util.IOUtils.getFromFuture(IOUtils.java:87)
	at org.apache.ratis.server.raftlog.segmented.SegmentedRaftLogWorker$StateMachineDataPolicy.getFromFuture(SegmentedRaftLogWorker.java:87)
	at org.apache.ratis.server.raftlog.segmented.SegmentedRaftLogWorker$WriteLog.execute(SegmentedRaftLogWorker.java:477)
	at org.apache.ratis.server.raftlog.segmented.SegmentedRaftLogWorker.run(SegmentedRaftLogWorker.java:289)
	at java.lang.Thread.run(Thread.java:748)
Caused by: java.util.concurrent.TimeoutException
	at java.util.concurrent.CompletableFuture.timedGet(CompletableFuture.java:1771)
	at java.util.concurrent.CompletableFuture.get(CompletableFuture.java:1915)
	at org.apache.ratis.util.IOUtils.getFromFuture(IOUtils.java:79)
	... 4 more
2019-09-11 10:54:56,341 [grpc-default-executor-0] INFO  client.GrpcClientProtocolClient (GrpcClientProtocolClient.java:onNext(264)) - client-ADF5984F8D70->2567324e-9700-4950-ac37-98ef668bcfff: receive RaftClientReply:client-ADF5984F8D70->2567324e-9700-4950-ac37-98ef668bcfff@group-17832C0C68B9, cid=55, FAILED org.apache.ratis.protocol.NotLeaderException: Server 2567324e-9700-4950-ac37-98ef668bcfff@group-17832C0C68B9 is not the leader 2759b58a-2fbd-4e45-94a8-47799d948184:192.168.69.96:41390, logIndex=0, commits[2567324e-9700-4950-ac37-98ef668bcfff:c14, 877608bb-19c4-4d8c-8958-a78beaef70b4:c14, 2759b58a-2fbd-4e45-94a8-47799d948184:c14]
2019-09-11 10:54:56,541 [java.util.concurrent.ThreadPoolExecutor$Worker@52611adc[State = -1, empty queue]] WARN  server.GrpcLogAppender (GrpcLogAppender.java:timeoutAppendRequest(200)) - 2759b58a-2fbd-4e45-94a8-47799d948184@group-17832C0C68B9->877608bb-19c4-4d8c-8958-a78beaef70b4-GrpcLogAppender: appendEntries Timeout, request=2759b58a-2fbd-4e45-94a8-47799d948184->877608bb-19c4-4d8c-8958-a78beaef70b4#106-t2, previous=(t:2, i:18), leaderCommit=14, initializing? false, entries: <empty>
2019-09-11 10:54:56,541 [java.util.concurrent.ThreadPoolExecutor$Worker@d960b43[State = -1, empty queue]] WARN  server.GrpcLogAppender (GrpcLogAppender.java:timeoutAppendRequest(200)) - 2759b58a-2fbd-4e45-94a8-47799d948184@group-17832C0C68B9->2567324e-9700-4950-ac37-98ef668bcfff-GrpcLogAppender: appendEntries Timeout, request=2759b58a-2fbd-4e45-94a8-47799d948184->2567324e-9700-4950-ac37-98ef668bcfff#106-t2, previous=(t:2, i:18), leaderCommit=14, initializing? false, entries: <empty>
2019-09-11 10:54:59,027 [grpc-default-executor-0] INFO  impl.RaftServerProxy (RaftServerProxy.java:remove(95)) - 4664729b-c9fa-423e-9516-a47fa5640f67: remove group-99AE50DC5FF9:null
2019-09-11 10:54:59,030 [RatisPipelineUtilsThread] WARN  pipeline.RatisPipelineUtils (RatisPipelineUtils.java:destroyPipeline(66)) - Pipeline destroy failed for pipeline=PipelineID=eec48087-2a8a-460e-b6f5-99ae50dc5ff9 dn=4664729b-c9fa-423e-9516-a47fa5640f67{ip: 192.168.69.96, host: pr-hdds-1982-decom-states-q64lx-3787986432, networkLocation: /default-rack, certSerialId: null}
2019-09-11 10:54:59,034 [grpc-default-executor-0] INFO  impl.RaftServerProxy (RaftServerProxy.java:remove(95)) - 08f1fccb-3813-4a19-b386-9d1a73d37d0e: remove group-99AE50DC5FF9:null
2019-09-11 10:54:59,036 [RatisPipelineUtilsThread] WARN  pipeline.RatisPipelineUtils (RatisPipelineUtils.java:destroyPipeline(66)) - Pipeline destroy failed for pipeline=PipelineID=eec48087-2a8a-460e-b6f5-99ae50dc5ff9 dn=08f1fccb-3813-4a19-b386-9d1a73d37d0e{ip: 192.168.69.96, host: pr-hdds-1982-decom-states-q64lx-3787986432, networkLocation: /default-rack, certSerialId: null}
2019-09-11 10:54:59,039 [grpc-default-executor-0] INFO  impl.RaftServerProxy (RaftServerProxy.java:remove(95)) - 75ec484c-7743-415c-a891-044da79f6b4d: remove group-99AE50DC5FF9:null
2019-09-11 10:54:59,041 [RatisPipelineUtilsThread] WARN  pipeline.RatisPipelineUtils (RatisPipelineUtils.java:destroyPipeline(66)) - Pipeline destroy failed for pipeline=PipelineID=eec48087-2a8a-460e-b6f5-99ae50dc5ff9 dn=75ec484c-7743-415c-a891-044da79f6b4d{ip: 192.168.69.96, host: pr-hdds-1982-decom-states-q64lx-3787986432, networkLocation: /default-rack, certSerialId: null}
2019-09-11 10:54:59,041 [RatisPipelineUtilsThread] ERROR pipeline.SCMPipelineManager (Scheduler.java:lambda$schedule$1(70)) - Destroy pipeline failed for pipeline:Pipeline[ Id: eec48087-2a8a-460e-b6f5-99ae50dc5ff9, Nodes: 4664729b-c9fa-423e-9516-a47fa5640f67{ip: 192.168.69.96, host: pr-hdds-1982-decom-states-q64lx-3787986432, networkLocation: /default-rack, certSerialId: null}08f1fccb-3813-4a19-b386-9d1a73d37d0e{ip: 192.168.69.96, host: pr-hdds-1982-decom-states-q64lx-3787986432, networkLocation: /default-rack, certSerialId: null}75ec484c-7743-415c-a891-044da79f6b4d{ip: 192.168.69.96, host: pr-hdds-1982-decom-states-q64lx-3787986432, networkLocation: /default-rack, certSerialId: null}, Type:RATIS, Factor:THREE, State:CLOSED]
org.apache.hadoop.hdds.scm.pipeline.PipelineNotFoundException: PipelineID=eec48087-2a8a-460e-b6f5-99ae50dc5ff9 not found
	at org.apache.hadoop.hdds.scm.pipeline.PipelineStateMap.getPipeline(PipelineStateMap.java:132)
	at org.apache.hadoop.hdds.scm.pipeline.PipelineStateMap.removePipeline(PipelineStateMap.java:322)
	at org.apache.hadoop.hdds.scm.pipeline.PipelineStateManager.removePipeline(PipelineStateManager.java:107)
	at org.apache.hadoop.hdds.scm.pipeline.SCMPipelineManager.removePipeline(SCMPipelineManager.java:423)
	at org.apache.hadoop.hdds.scm.pipeline.SCMPipelineManager.destroyPipeline(SCMPipelineManager.java:409)
	at org.apache.hadoop.hdds.scm.pipeline.SCMPipelineManager.lambda$finalizeAndDestroyPipeline$0(SCMPipelineManager.java:318)
	at org.apache.hadoop.utils.Scheduler.lambda$schedule$1(Scheduler.java:68)
	at java.util.concurrent.Executors$RunnableAdapter.call(Executors.java:511)
	at java.util.concurrent.FutureTask.run(FutureTask.java:266)
	at java.util.concurrent.ScheduledThreadPoolExecutor$ScheduledFutureTask.access$201(ScheduledThreadPoolExecutor.java:180)
	at java.util.concurrent.ScheduledThreadPoolExecutor$ScheduledFutureTask.run(ScheduledThreadPoolExecutor.java:293)
	at java.util.concurrent.ThreadPoolExecutor.runWorker(ThreadPoolExecutor.java:1149)
	at java.util.concurrent.ThreadPoolExecutor$Worker.run(ThreadPoolExecutor.java:624)
	at java.lang.Thread.run(Thread.java:748)
2019-09-11 10:54:59,042 [java.util.concurrent.ThreadPoolExecutor$Worker@d960b43[State = -1, empty queue]] WARN  server.GrpcLogAppender (GrpcLogAppender.java:timeoutAppendRequest(200)) - 2759b58a-2fbd-4e45-94a8-47799d948184@group-17832C0C68B9->2567324e-9700-4950-ac37-98ef668bcfff-GrpcLogAppender: appendEntries Timeout, request=2759b58a-2fbd-4e45-94a8-47799d948184->2567324e-9700-4950-ac37-98ef668bcfff#107-t2, previous=(t:2, i:18), leaderCommit=14, initializing? false, entries: <empty>
2019-09-11 10:54:59,042 [java.util.concurrent.ThreadPoolExecutor$Worker@52611adc[State = -1, empty queue]] WARN  server.GrpcLogAppender (GrpcLogAppender.java:timeoutAppendRequest(200)) - 2759b58a-2fbd-4e45-94a8-47799d948184@group-17832C0C68B9->877608bb-19c4-4d8c-8958-a78beaef70b4-GrpcLogAppender: appendEntries Timeout, request=2759b58a-2fbd-4e45-94a8-47799d948184->877608bb-19c4-4d8c-8958-a78beaef70b4#107-t2, previous=(t:2, i:18), leaderCommit=14, initializing? false, entries: <empty>
2019-09-11 10:55:01,030 [grpc-default-executor-6] INFO  impl.RaftServerProxy (RaftServerProxy.java:remove(95)) - 4664729b-c9fa-423e-9516-a47fa5640f67: remove group-99AE50DC5FF9:null
2019-09-11 10:55:01,035 [RatisPipelineUtilsThread] WARN  pipeline.RatisPipelineUtils (RatisPipelineUtils.java:destroyPipeline(66)) - Pipeline destroy failed for pipeline=PipelineID=eec48087-2a8a-460e-b6f5-99ae50dc5ff9 dn=4664729b-c9fa-423e-9516-a47fa5640f67{ip: 192.168.69.96, host: pr-hdds-1982-decom-states-q64lx-3787986432, networkLocation: /default-rack, certSerialId: null}
2019-09-11 10:55:01,037 [grpc-default-executor-6] INFO  impl.RaftServerProxy (RaftServerProxy.java:remove(95)) - 08f1fccb-3813-4a19-b386-9d1a73d37d0e: remove group-99AE50DC5FF9:null
2019-09-11 10:55:01,039 [RatisPipelineUtilsThread] WARN  pipeline.RatisPipelineUtils (RatisPipelineUtils.java:destroyPipeline(66)) - Pipeline destroy failed for pipeline=PipelineID=eec48087-2a8a-460e-b6f5-99ae50dc5ff9 dn=08f1fccb-3813-4a19-b386-9d1a73d37d0e{ip: 192.168.69.96, host: pr-hdds-1982-decom-states-q64lx-3787986432, networkLocation: /default-rack, certSerialId: null}
2019-09-11 10:55:01,042 [grpc-default-executor-6] INFO  impl.RaftServerProxy (RaftServerProxy.java:remove(95)) - 75ec484c-7743-415c-a891-044da79f6b4d: remove group-99AE50DC5FF9:null
2019-09-11 10:55:01,044 [RatisPipelineUtilsThread] WARN  pipeline.RatisPipelineUtils (RatisPipelineUtils.java:destroyPipeline(66)) - Pipeline destroy failed for pipeline=PipelineID=eec48087-2a8a-460e-b6f5-99ae50dc5ff9 dn=75ec484c-7743-415c-a891-044da79f6b4d{ip: 192.168.69.96, host: pr-hdds-1982-decom-states-q64lx-3787986432, networkLocation: /default-rack, certSerialId: null}
2019-09-11 10:55:01,045 [RatisPipelineUtilsThread] ERROR pipeline.SCMPipelineManager (Scheduler.java:lambda$schedule$1(70)) - Destroy pipeline failed for pipeline:Pipeline[ Id: eec48087-2a8a-460e-b6f5-99ae50dc5ff9, Nodes: 4664729b-c9fa-423e-9516-a47fa5640f67{ip: 192.168.69.96, host: pr-hdds-1982-decom-states-q64lx-3787986432, networkLocation: /default-rack, certSerialId: null}08f1fccb-3813-4a19-b386-9d1a73d37d0e{ip: 192.168.69.96, host: pr-hdds-1982-decom-states-q64lx-3787986432, networkLocation: /default-rack, certSerialId: null}75ec484c-7743-415c-a891-044da79f6b4d{ip: 192.168.69.96, host: pr-hdds-1982-decom-states-q64lx-3787986432, networkLocation: /default-rack, certSerialId: null}, Type:RATIS, Factor:THREE, State:CLOSED]
org.apache.hadoop.hdds.scm.pipeline.PipelineNotFoundException: PipelineID=eec48087-2a8a-460e-b6f5-99ae50dc5ff9 not found
	at org.apache.hadoop.hdds.scm.pipeline.PipelineStateMap.getPipeline(PipelineStateMap.java:132)
	at org.apache.hadoop.hdds.scm.pipeline.PipelineStateMap.removePipeline(PipelineStateMap.java:322)
	at org.apache.hadoop.hdds.scm.pipeline.PipelineStateManager.removePipeline(PipelineStateManager.java:107)
	at org.apache.hadoop.hdds.scm.pipeline.SCMPipelineManager.removePipeline(SCMPipelineManager.java:423)
	at org.apache.hadoop.hdds.scm.pipeline.SCMPipelineManager.destroyPipeline(SCMPipelineManager.java:409)
	at org.apache.hadoop.hdds.scm.pipeline.SCMPipelineManager.lambda$finalizeAndDestroyPipeline$0(SCMPipelineManager.java:318)
	at org.apache.hadoop.utils.Scheduler.lambda$schedule$1(Scheduler.java:68)
	at java.util.concurrent.Executors$RunnableAdapter.call(Executors.java:511)
	at java.util.concurrent.FutureTask.run(FutureTask.java:266)
	at java.util.concurrent.ScheduledThreadPoolExecutor$ScheduledFutureTask.access$201(ScheduledThreadPoolExecutor.java:180)
	at java.util.concurrent.ScheduledThreadPoolExecutor$ScheduledFutureTask.run(ScheduledThreadPoolExecutor.java:293)
	at java.util.concurrent.ThreadPoolExecutor.runWorker(ThreadPoolExecutor.java:1149)
	at java.util.concurrent.ThreadPoolExecutor$Worker.run(ThreadPoolExecutor.java:624)
	at java.lang.Thread.run(Thread.java:748)
2019-09-11 10:55:01,403 [grpc-default-executor-6] INFO  client.GrpcClientProtocolClient (GrpcClientProtocolClient.java:onNext(264)) - client-ADF5984F8D70->2567324e-9700-4950-ac37-98ef668bcfff: receive RaftClientReply:client-ADF5984F8D70->2567324e-9700-4950-ac37-98ef668bcfff@group-17832C0C68B9, cid=55, FAILED org.apache.ratis.protocol.NotLeaderException: Server 2567324e-9700-4950-ac37-98ef668bcfff@group-17832C0C68B9 is not the leader 2759b58a-2fbd-4e45-94a8-47799d948184:192.168.69.96:41390, logIndex=0, commits[2567324e-9700-4950-ac37-98ef668bcfff:c14, 877608bb-19c4-4d8c-8958-a78beaef70b4:c14, 2759b58a-2fbd-4e45-94a8-47799d948184:c14]
2019-09-11 10:55:01,542 [java.util.concurrent.ThreadPoolExecutor$Worker@d960b43[State = -1, empty queue]] WARN  server.GrpcLogAppender (GrpcLogAppender.java:timeoutAppendRequest(200)) - 2759b58a-2fbd-4e45-94a8-47799d948184@group-17832C0C68B9->2567324e-9700-4950-ac37-98ef668bcfff-GrpcLogAppender: appendEntries Timeout, request=2759b58a-2fbd-4e45-94a8-47799d948184->2567324e-9700-4950-ac37-98ef668bcfff#108-t2, previous=(t:2, i:18), leaderCommit=14, initializing? false, entries: <empty>
2019-09-11 10:55:01,542 [java.util.concurrent.ThreadPoolExecutor$Worker@52611adc[State = -1, empty queue]] WARN  server.GrpcLogAppender (GrpcLogAppender.java:timeoutAppendRequest(200)) - 2759b58a-2fbd-4e45-94a8-47799d948184@group-17832C0C68B9->877608bb-19c4-4d8c-8958-a78beaef70b4-GrpcLogAppender: appendEntries Timeout, request=2759b58a-2fbd-4e45-94a8-47799d948184->877608bb-19c4-4d8c-8958-a78beaef70b4#108-t2, previous=(t:2, i:18), leaderCommit=14, initializing? false, entries: <empty>
2019-09-11 10:55:04,030 [grpc-default-executor-0] INFO  impl.RaftServerProxy (RaftServerProxy.java:remove(95)) - 4664729b-c9fa-423e-9516-a47fa5640f67: remove group-99AE50DC5FF9:null
2019-09-11 10:55:04,034 [RatisPipelineUtilsThread] WARN  pipeline.RatisPipelineUtils (RatisPipelineUtils.java:destroyPipeline(66)) - Pipeline destroy failed for pipeline=PipelineID=eec48087-2a8a-460e-b6f5-99ae50dc5ff9 dn=4664729b-c9fa-423e-9516-a47fa5640f67{ip: 192.168.69.96, host: pr-hdds-1982-decom-states-q64lx-3787986432, networkLocation: /default-rack, certSerialId: null}
2019-09-11 10:55:04,038 [grpc-default-executor-0] INFO  impl.RaftServerProxy (RaftServerProxy.java:remove(95)) - 08f1fccb-3813-4a19-b386-9d1a73d37d0e: remove group-99AE50DC5FF9:null
2019-09-11 10:55:04,040 [RatisPipelineUtilsThread] WARN  pipeline.RatisPipelineUtils (RatisPipelineUtils.java:destroyPipeline(66)) - Pipeline destroy failed for pipeline=PipelineID=eec48087-2a8a-460e-b6f5-99ae50dc5ff9 dn=08f1fccb-3813-4a19-b386-9d1a73d37d0e{ip: 192.168.69.96, host: pr-hdds-1982-decom-states-q64lx-3787986432, networkLocation: /default-rack, certSerialId: null}
2019-09-11 10:55:04,043 [java.util.concurrent.ThreadPoolExecutor$Worker@52611adc[State = -1, empty queue]] WARN  server.GrpcLogAppender (GrpcLogAppender.java:timeoutAppendRequest(200)) - 2759b58a-2fbd-4e45-94a8-47799d948184@group-17832C0C68B9->877608bb-19c4-4d8c-8958-a78beaef70b4-GrpcLogAppender: appendEntries Timeout, request=2759b58a-2fbd-4e45-94a8-47799d948184->877608bb-19c4-4d8c-8958-a78beaef70b4#109-t2, previous=(t:2, i:18), leaderCommit=14, initializing? false, entries: <empty>
2019-09-11 10:55:04,043 [java.util.concurrent.ThreadPoolExecutor$Worker@d960b43[State = -1, empty queue]] WARN  server.GrpcLogAppender (GrpcLogAppender.java:timeoutAppendRequest(200)) - 2759b58a-2fbd-4e45-94a8-47799d948184@group-17832C0C68B9->2567324e-9700-4950-ac37-98ef668bcfff-GrpcLogAppender: appendEntries Timeout, request=2759b58a-2fbd-4e45-94a8-47799d948184->2567324e-9700-4950-ac37-98ef668bcfff#109-t2, previous=(t:2, i:18), leaderCommit=14, initializing? false, entries: <empty>
2019-09-11 10:55:04,045 [grpc-default-executor-0] INFO  impl.RaftServerProxy (RaftServerProxy.java:remove(95)) - 75ec484c-7743-415c-a891-044da79f6b4d: remove group-99AE50DC5FF9:null
2019-09-11 10:55:04,050 [RatisPipelineUtilsThread] WARN  pipeline.RatisPipelineUtils (RatisPipelineUtils.java:destroyPipeline(66)) - Pipeline destroy failed for pipeline=PipelineID=eec48087-2a8a-460e-b6f5-99ae50dc5ff9 dn=75ec484c-7743-415c-a891-044da79f6b4d{ip: 192.168.69.96, host: pr-hdds-1982-decom-states-q64lx-3787986432, networkLocation: /default-rack, certSerialId: null}
2019-09-11 10:55:04,050 [RatisPipelineUtilsThread] ERROR pipeline.SCMPipelineManager (Scheduler.java:lambda$schedule$1(70)) - Destroy pipeline failed for pipeline:Pipeline[ Id: eec48087-2a8a-460e-b6f5-99ae50dc5ff9, Nodes: 4664729b-c9fa-423e-9516-a47fa5640f67{ip: 192.168.69.96, host: pr-hdds-1982-decom-states-q64lx-3787986432, networkLocation: /default-rack, certSerialId: null}08f1fccb-3813-4a19-b386-9d1a73d37d0e{ip: 192.168.69.96, host: pr-hdds-1982-decom-states-q64lx-3787986432, networkLocation: /default-rack, certSerialId: null}75ec484c-7743-415c-a891-044da79f6b4d{ip: 192.168.69.96, host: pr-hdds-1982-decom-states-q64lx-3787986432, networkLocation: /default-rack, certSerialId: null}, Type:RATIS, Factor:THREE, State:CLOSED]
org.apache.hadoop.hdds.scm.pipeline.PipelineNotFoundException: PipelineID=eec48087-2a8a-460e-b6f5-99ae50dc5ff9 not found
	at org.apache.hadoop.hdds.scm.pipeline.PipelineStateMap.getPipeline(PipelineStateMap.java:132)
	at org.apache.hadoop.hdds.scm.pipeline.PipelineStateMap.removePipeline(PipelineStateMap.java:322)
	at org.apache.hadoop.hdds.scm.pipeline.PipelineStateManager.removePipeline(PipelineStateManager.java:107)
	at org.apache.hadoop.hdds.scm.pipeline.SCMPipelineManager.removePipeline(SCMPipelineManager.java:423)
	at org.apache.hadoop.hdds.scm.pipeline.SCMPipelineManager.destroyPipeline(SCMPipelineManager.java:409)
	at org.apache.hadoop.hdds.scm.pipeline.SCMPipelineManager.lambda$finalizeAndDestroyPipeline$0(SCMPipelineManager.java:318)
	at org.apache.hadoop.utils.Scheduler.lambda$schedule$1(Scheduler.java:68)
	at java.util.concurrent.Executors$RunnableAdapter.call(Executors.java:511)
	at java.util.concurrent.FutureTask.run(FutureTask.java:266)
	at java.util.concurrent.ScheduledThreadPoolExecutor$ScheduledFutureTask.access$201(ScheduledThreadPoolExecutor.java:180)
	at java.util.concurrent.ScheduledThreadPoolExecutor$ScheduledFutureTask.run(ScheduledThreadPoolExecutor.java:293)
	at java.util.concurrent.ThreadPoolExecutor.runWorker(ThreadPoolExecutor.java:1149)
	at java.util.concurrent.ThreadPoolExecutor$Worker.run(ThreadPoolExecutor.java:624)
	at java.lang.Thread.run(Thread.java:748)
2019-09-11 10:55:06,032 [grpc-default-executor-6] INFO  impl.RaftServerProxy (RaftServerProxy.java:remove(95)) - 4664729b-c9fa-423e-9516-a47fa5640f67: remove group-99AE50DC5FF9:null
2019-09-11 10:55:06,036 [RatisPipelineUtilsThread] WARN  pipeline.RatisPipelineUtils (RatisPipelineUtils.java:destroyPipeline(66)) - Pipeline destroy failed for pipeline=PipelineID=eec48087-2a8a-460e-b6f5-99ae50dc5ff9 dn=4664729b-c9fa-423e-9516-a47fa5640f67{ip: 192.168.69.96, host: pr-hdds-1982-decom-states-q64lx-3787986432, networkLocation: /default-rack, certSerialId: null}
2019-09-11 10:55:06,039 [877608bb-19c4-4d8c-8958-a78beaef70b4@group-17832C0C68B9-SegmentedRaftLogWorker] WARN  segmented.SegmentedRaftLogWorker (SegmentedRaftLogWorker.java:getFromFuture(90)) - Timeout 3/~
org.apache.ratis.protocol.TimeoutIOException: Timeout 10s: WriteLog:15: (t:2, i:15), STATEMACHINELOGENTRY, client-ADF5984F8D70, cid=55-writeStateMachineData
	at org.apache.ratis.util.IOUtils.getFromFuture(IOUtils.java:87)
	at org.apache.ratis.server.raftlog.segmented.SegmentedRaftLogWorker$StateMachineDataPolicy.getFromFuture(SegmentedRaftLogWorker.java:87)
	at org.apache.ratis.server.raftlog.segmented.SegmentedRaftLogWorker$WriteLog.execute(SegmentedRaftLogWorker.java:477)
	at org.apache.ratis.server.raftlog.segmented.SegmentedRaftLogWorker.run(SegmentedRaftLogWorker.java:289)
	at java.lang.Thread.run(Thread.java:748)
Caused by: java.util.concurrent.TimeoutException
	at java.util.concurrent.CompletableFuture.timedGet(CompletableFuture.java:1771)
	at java.util.concurrent.CompletableFuture.get(CompletableFuture.java:1915)
	at org.apache.ratis.util.IOUtils.getFromFuture(IOUtils.java:79)
	... 4 more
2019-09-11 10:55:06,039 [grpc-default-executor-6] INFO  impl.RaftServerProxy (RaftServerProxy.java:remove(95)) - 08f1fccb-3813-4a19-b386-9d1a73d37d0e: remove group-99AE50DC5FF9:null
2019-09-11 10:55:06,042 [RatisPipelineUtilsThread] WARN  pipeline.RatisPipelineUtils (RatisPipelineUtils.java:destroyPipeline(66)) - Pipeline destroy failed for pipeline=PipelineID=eec48087-2a8a-460e-b6f5-99ae50dc5ff9 dn=08f1fccb-3813-4a19-b386-9d1a73d37d0e{ip: 192.168.69.96, host: pr-hdds-1982-decom-states-q64lx-3787986432, networkLocation: /default-rack, certSerialId: null}
2019-09-11 10:55:06,044 [grpc-default-executor-6] INFO  impl.RaftServerProxy (RaftServerProxy.java:remove(95)) - 75ec484c-7743-415c-a891-044da79f6b4d: remove group-99AE50DC5FF9:null
2019-09-11 10:55:06,046 [RatisPipelineUtilsThread] WARN  pipeline.RatisPipelineUtils (RatisPipelineUtils.java:destroyPipeline(66)) - Pipeline destroy failed for pipeline=PipelineID=eec48087-2a8a-460e-b6f5-99ae50dc5ff9 dn=75ec484c-7743-415c-a891-044da79f6b4d{ip: 192.168.69.96, host: pr-hdds-1982-decom-states-q64lx-3787986432, networkLocation: /default-rack, certSerialId: null}
2019-09-11 10:55:06,047 [RatisPipelineUtilsThread] ERROR pipeline.SCMPipelineManager (Scheduler.java:lambda$schedule$1(70)) - Destroy pipeline failed for pipeline:Pipeline[ Id: eec48087-2a8a-460e-b6f5-99ae50dc5ff9, Nodes: 4664729b-c9fa-423e-9516-a47fa5640f67{ip: 192.168.69.96, host: pr-hdds-1982-decom-states-q64lx-3787986432, networkLocation: /default-rack, certSerialId: null}08f1fccb-3813-4a19-b386-9d1a73d37d0e{ip: 192.168.69.96, host: pr-hdds-1982-decom-states-q64lx-3787986432, networkLocation: /default-rack, certSerialId: null}75ec484c-7743-415c-a891-044da79f6b4d{ip: 192.168.69.96, host: pr-hdds-1982-decom-states-q64lx-3787986432, networkLocation: /default-rack, certSerialId: null}, Type:RATIS, Factor:THREE, State:CLOSED]
org.apache.hadoop.hdds.scm.pipeline.PipelineNotFoundException: PipelineID=eec48087-2a8a-460e-b6f5-99ae50dc5ff9 not found
	at org.apache.hadoop.hdds.scm.pipeline.PipelineStateMap.getPipeline(PipelineStateMap.java:132)
	at org.apache.hadoop.hdds.scm.pipeline.PipelineStateMap.removePipeline(PipelineStateMap.java:322)
	at org.apache.hadoop.hdds.scm.pipeline.PipelineStateManager.removePipeline(PipelineStateManager.java:107)
	at org.apache.hadoop.hdds.scm.pipeline.SCMPipelineManager.removePipeline(SCMPipelineManager.java:423)
	at org.apache.hadoop.hdds.scm.pipeline.SCMPipelineManager.destroyPipeline(SCMPipelineManager.java:409)
	at org.apache.hadoop.hdds.scm.pipeline.SCMPipelineManager.lambda$finalizeAndDestroyPipeline$0(SCMPipelineManager.java:318)
	at org.apache.hadoop.utils.Scheduler.lambda$schedule$1(Scheduler.java:68)
	at java.util.concurrent.Executors$RunnableAdapter.call(Executors.java:511)
	at java.util.concurrent.FutureTask.run(FutureTask.java:266)
	at java.util.concurrent.ScheduledThreadPoolExecutor$ScheduledFutureTask.access$201(ScheduledThreadPoolExecutor.java:180)
	at java.util.concurrent.ScheduledThreadPoolExecutor$ScheduledFutureTask.run(ScheduledThreadPoolExecutor.java:293)
	at java.util.concurrent.ThreadPoolExecutor.runWorker(ThreadPoolExecutor.java:1149)
	at java.util.concurrent.ThreadPoolExecutor$Worker.run(ThreadPoolExecutor.java:624)
	at java.lang.Thread.run(Thread.java:748)
2019-09-11 10:55:06,169 [2567324e-9700-4950-ac37-98ef668bcfff@group-17832C0C68B9-SegmentedRaftLogWorker] WARN  segmented.SegmentedRaftLogWorker (SegmentedRaftLogWorker.java:getFromFuture(90)) - Timeout 3/~
org.apache.ratis.protocol.TimeoutIOException: Timeout 10s: WriteLog:17: (t:2, i:17), STATEMACHINELOGENTRY, client-ADF5984F8D70, cid=57-writeStateMachineData
	at org.apache.ratis.util.IOUtils.getFromFuture(IOUtils.java:87)
	at org.apache.ratis.server.raftlog.segmented.SegmentedRaftLogWorker$StateMachineDataPolicy.getFromFuture(SegmentedRaftLogWorker.java:87)
	at org.apache.ratis.server.raftlog.segmented.SegmentedRaftLogWorker$WriteLog.execute(SegmentedRaftLogWorker.java:477)
	at org.apache.ratis.server.raftlog.segmented.SegmentedRaftLogWorker.run(SegmentedRaftLogWorker.java:289)
	at java.lang.Thread.run(Thread.java:748)
Caused by: java.util.concurrent.TimeoutException
	at java.util.concurrent.CompletableFuture.timedGet(CompletableFuture.java:1771)
	at java.util.concurrent.CompletableFuture.get(CompletableFuture.java:1915)
	at org.apache.ratis.util.IOUtils.getFromFuture(IOUtils.java:79)
	... 4 more
2019-09-11 10:55:06,170 [2759b58a-2fbd-4e45-94a8-47799d948184@group-17832C0C68B9-SegmentedRaftLogWorker] WARN  segmented.SegmentedRaftLogWorker (SegmentedRaftLogWorker.java:getFromFuture(90)) - Timeout 3/~
org.apache.ratis.protocol.TimeoutIOException: Timeout 10s: WriteLog:17: (t:2, i:17), STATEMACHINELOGENTRY, client-ADF5984F8D70, cid=57-writeStateMachineData
	at org.apache.ratis.util.IOUtils.getFromFuture(IOUtils.java:87)
	at org.apache.ratis.server.raftlog.segmented.SegmentedRaftLogWorker$StateMachineDataPolicy.getFromFuture(SegmentedRaftLogWorker.java:87)
	at org.apache.ratis.server.raftlog.segmented.SegmentedRaftLogWorker$WriteLog.execute(SegmentedRaftLogWorker.java:477)
	at org.apache.ratis.server.raftlog.segmented.SegmentedRaftLogWorker.run(SegmentedRaftLogWorker.java:289)
	at java.lang.Thread.run(Thread.java:748)
Caused by: java.util.concurrent.TimeoutException
	at java.util.concurrent.CompletableFuture.timedGet(CompletableFuture.java:1771)
	at java.util.concurrent.CompletableFuture.get(CompletableFuture.java:1915)
	at org.apache.ratis.util.IOUtils.getFromFuture(IOUtils.java:79)
	... 4 more
2019-09-11 10:55:06,457 [grpc-default-executor-0] INFO  client.GrpcClientProtocolClient (GrpcClientProtocolClient.java:onNext(264)) - client-ADF5984F8D70->2567324e-9700-4950-ac37-98ef668bcfff: receive RaftClientReply:client-ADF5984F8D70->2567324e-9700-4950-ac37-98ef668bcfff@group-17832C0C68B9, cid=55, FAILED org.apache.ratis.protocol.NotLeaderException: Server 2567324e-9700-4950-ac37-98ef668bcfff@group-17832C0C68B9 is not the leader 2759b58a-2fbd-4e45-94a8-47799d948184:192.168.69.96:41390, logIndex=0, commits[2567324e-9700-4950-ac37-98ef668bcfff:c14, 877608bb-19c4-4d8c-8958-a78beaef70b4:c14, 2759b58a-2fbd-4e45-94a8-47799d948184:c14]
2019-09-11 10:55:06,549 [java.util.concurrent.ThreadPoolExecutor$Worker@d960b43[State = -1, empty queue]] WARN  server.GrpcLogAppender (GrpcLogAppender.java:timeoutAppendRequest(200)) - 2759b58a-2fbd-4e45-94a8-47799d948184@group-17832C0C68B9->2567324e-9700-4950-ac37-98ef668bcfff-GrpcLogAppender: appendEntries Timeout, request=2759b58a-2fbd-4e45-94a8-47799d948184->2567324e-9700-4950-ac37-98ef668bcfff#110-t2, previous=(t:2, i:18), leaderCommit=14, initializing? false, entries: <empty>
2019-09-11 10:55:06,549 [java.util.concurrent.ThreadPoolExecutor$Worker@52611adc[State = -1, empty queue]] WARN  server.GrpcLogAppender (GrpcLogAppender.java:timeoutAppendRequest(200)) - 2759b58a-2fbd-4e45-94a8-47799d948184@group-17832C0C68B9->877608bb-19c4-4d8c-8958-a78beaef70b4-GrpcLogAppender: appendEntries Timeout, request=2759b58a-2fbd-4e45-94a8-47799d948184->877608bb-19c4-4d8c-8958-a78beaef70b4#110-t2, previous=(t:2, i:18), leaderCommit=14, initializing? false, entries: <empty>
2019-09-11 10:55:09,029 [grpc-default-executor-0] INFO  impl.RaftServerProxy (RaftServerProxy.java:remove(95)) - 4664729b-c9fa-423e-9516-a47fa5640f67: remove group-99AE50DC5FF9:null
2019-09-11 10:55:09,034 [RatisPipelineUtilsThread] WARN  pipeline.RatisPipelineUtils (RatisPipelineUtils.java:destroyPipeline(66)) - Pipeline destroy failed for pipeline=PipelineID=eec48087-2a8a-460e-b6f5-99ae50dc5ff9 dn=4664729b-c9fa-423e-9516-a47fa5640f67{ip: 192.168.69.96, host: pr-hdds-1982-decom-states-q64lx-3787986432, networkLocation: /default-rack, certSerialId: null}
2019-09-11 10:55:09,037 [grpc-default-executor-0] INFO  impl.RaftServerProxy (RaftServerProxy.java:remove(95)) - 08f1fccb-3813-4a19-b386-9d1a73d37d0e: remove group-99AE50DC5FF9:null
2019-09-11 10:55:09,039 [RatisPipelineUtilsThread] WARN  pipeline.RatisPipelineUtils (RatisPipelineUtils.java:destroyPipeline(66)) - Pipeline destroy failed for pipeline=PipelineID=eec48087-2a8a-460e-b6f5-99ae50dc5ff9 dn=08f1fccb-3813-4a19-b386-9d1a73d37d0e{ip: 192.168.69.96, host: pr-hdds-1982-decom-states-q64lx-3787986432, networkLocation: /default-rack, certSerialId: null}
2019-09-11 10:55:09,042 [grpc-default-executor-0] INFO  impl.RaftServerProxy (RaftServerProxy.java:remove(95)) - 75ec484c-7743-415c-a891-044da79f6b4d: remove group-99AE50DC5FF9:null
2019-09-11 10:55:09,044 [RatisPipelineUtilsThread] WARN  pipeline.RatisPipelineUtils (RatisPipelineUtils.java:destroyPipeline(66)) - Pipeline destroy failed for pipeline=PipelineID=eec48087-2a8a-460e-b6f5-99ae50dc5ff9 dn=75ec484c-7743-415c-a891-044da79f6b4d{ip: 192.168.69.96, host: pr-hdds-1982-decom-states-q64lx-3787986432, networkLocation: /default-rack, certSerialId: null}
2019-09-11 10:55:09,045 [RatisPipelineUtilsThread] ERROR pipeline.SCMPipelineManager (Scheduler.java:lambda$schedule$1(70)) - Destroy pipeline failed for pipeline:Pipeline[ Id: eec48087-2a8a-460e-b6f5-99ae50dc5ff9, Nodes: 4664729b-c9fa-423e-9516-a47fa5640f67{ip: 192.168.69.96, host: pr-hdds-1982-decom-states-q64lx-3787986432, networkLocation: /default-rack, certSerialId: null}08f1fccb-3813-4a19-b386-9d1a73d37d0e{ip: 192.168.69.96, host: pr-hdds-1982-decom-states-q64lx-3787986432, networkLocation: /default-rack, certSerialId: null}75ec484c-7743-415c-a891-044da79f6b4d{ip: 192.168.69.96, host: pr-hdds-1982-decom-states-q64lx-3787986432, networkLocation: /default-rack, certSerialId: null}, Type:RATIS, Factor:THREE, State:CLOSED]
org.apache.hadoop.hdds.scm.pipeline.PipelineNotFoundException: PipelineID=eec48087-2a8a-460e-b6f5-99ae50dc5ff9 not found
	at org.apache.hadoop.hdds.scm.pipeline.PipelineStateMap.getPipeline(PipelineStateMap.java:132)
	at org.apache.hadoop.hdds.scm.pipeline.PipelineStateMap.removePipeline(PipelineStateMap.java:322)
	at org.apache.hadoop.hdds.scm.pipeline.PipelineStateManager.removePipeline(PipelineStateManager.java:107)
	at org.apache.hadoop.hdds.scm.pipeline.SCMPipelineManager.removePipeline(SCMPipelineManager.java:423)
	at org.apache.hadoop.hdds.scm.pipeline.SCMPipelineManager.destroyPipeline(SCMPipelineManager.java:409)
	at org.apache.hadoop.hdds.scm.pipeline.SCMPipelineManager.lambda$finalizeAndDestroyPipeline$0(SCMPipelineManager.java:318)
	at org.apache.hadoop.utils.Scheduler.lambda$schedule$1(Scheduler.java:68)
	at java.util.concurrent.Executors$RunnableAdapter.call(Executors.java:511)
	at java.util.concurrent.FutureTask.run(FutureTask.java:266)
	at java.util.concurrent.ScheduledThreadPoolExecutor$ScheduledFutureTask.access$201(ScheduledThreadPoolExecutor.java:180)
	at java.util.concurrent.ScheduledThreadPoolExecutor$ScheduledFutureTask.run(ScheduledThreadPoolExecutor.java:293)
	at java.util.concurrent.ThreadPoolExecutor.runWorker(ThreadPoolExecutor.java:1149)
	at java.util.concurrent.ThreadPoolExecutor$Worker.run(ThreadPoolExecutor.java:624)
	at java.lang.Thread.run(Thread.java:748)
2019-09-11 10:55:09,057 [java.util.concurrent.ThreadPoolExecutor$Worker@52611adc[State = -1, empty queue]] WARN  server.GrpcLogAppender (GrpcLogAppender.java:timeoutAppendRequest(200)) - 2759b58a-2fbd-4e45-94a8-47799d948184@group-17832C0C68B9->877608bb-19c4-4d8c-8958-a78beaef70b4-GrpcLogAppender: appendEntries Timeout, request=2759b58a-2fbd-4e45-94a8-47799d948184->877608bb-19c4-4d8c-8958-a78beaef70b4#111-t2, previous=(t:2, i:18), leaderCommit=14, initializing? false, entries: <empty>
2019-09-11 10:55:09,057 [java.util.concurrent.ThreadPoolExecutor$Worker@d960b43[State = -1, empty queue]] WARN  server.GrpcLogAppender (GrpcLogAppender.java:timeoutAppendRequest(200)) - 2759b58a-2fbd-4e45-94a8-47799d948184@group-17832C0C68B9->2567324e-9700-4950-ac37-98ef668bcfff-GrpcLogAppender: appendEntries Timeout, request=2759b58a-2fbd-4e45-94a8-47799d948184->2567324e-9700-4950-ac37-98ef668bcfff#111-t2, previous=(t:2, i:18), leaderCommit=14, initializing? false, entries: <empty>
2019-09-11 10:55:11,028 [grpc-default-executor-6] INFO  impl.RaftServerProxy (RaftServerProxy.java:remove(95)) - 4664729b-c9fa-423e-9516-a47fa5640f67: remove group-99AE50DC5FF9:null
2019-09-11 10:55:11,033 [RatisPipelineUtilsThread] WARN  pipeline.RatisPipelineUtils (RatisPipelineUtils.java:destroyPipeline(66)) - Pipeline destroy failed for pipeline=PipelineID=eec48087-2a8a-460e-b6f5-99ae50dc5ff9 dn=4664729b-c9fa-423e-9516-a47fa5640f67{ip: 192.168.69.96, host: pr-hdds-1982-decom-states-q64lx-3787986432, networkLocation: /default-rack, certSerialId: null}
2019-09-11 10:55:11,036 [grpc-default-executor-6] INFO  impl.RaftServerProxy (RaftServerProxy.java:remove(95)) - 08f1fccb-3813-4a19-b386-9d1a73d37d0e: remove group-99AE50DC5FF9:null
2019-09-11 10:55:11,038 [RatisPipelineUtilsThread] WARN  pipeline.RatisPipelineUtils (RatisPipelineUtils.java:destroyPipeline(66)) - Pipeline destroy failed for pipeline=PipelineID=eec48087-2a8a-460e-b6f5-99ae50dc5ff9 dn=08f1fccb-3813-4a19-b386-9d1a73d37d0e{ip: 192.168.69.96, host: pr-hdds-1982-decom-states-q64lx-3787986432, networkLocation: /default-rack, certSerialId: null}
2019-09-11 10:55:11,041 [grpc-default-executor-6] INFO  impl.RaftServerProxy (RaftServerProxy.java:remove(95)) - 75ec484c-7743-415c-a891-044da79f6b4d: remove group-99AE50DC5FF9:null
2019-09-11 10:55:11,044 [RatisPipelineUtilsThread] WARN  pipeline.RatisPipelineUtils (RatisPipelineUtils.java:destroyPipeline(66)) - Pipeline destroy failed for pipeline=PipelineID=eec48087-2a8a-460e-b6f5-99ae50dc5ff9 dn=75ec484c-7743-415c-a891-044da79f6b4d{ip: 192.168.69.96, host: pr-hdds-1982-decom-states-q64lx-3787986432, networkLocation: /default-rack, certSerialId: null}
2019-09-11 10:55:11,044 [RatisPipelineUtilsThread] ERROR pipeline.SCMPipelineManager (Scheduler.java:lambda$schedule$1(70)) - Destroy pipeline failed for pipeline:Pipeline[ Id: eec48087-2a8a-460e-b6f5-99ae50dc5ff9, Nodes: 4664729b-c9fa-423e-9516-a47fa5640f67{ip: 192.168.69.96, host: pr-hdds-1982-decom-states-q64lx-3787986432, networkLocation: /default-rack, certSerialId: null}08f1fccb-3813-4a19-b386-9d1a73d37d0e{ip: 192.168.69.96, host: pr-hdds-1982-decom-states-q64lx-3787986432, networkLocation: /default-rack, certSerialId: null}75ec484c-7743-415c-a891-044da79f6b4d{ip: 192.168.69.96, host: pr-hdds-1982-decom-states-q64lx-3787986432, networkLocation: /default-rack, certSerialId: null}, Type:RATIS, Factor:THREE, State:CLOSED]
org.apache.hadoop.hdds.scm.pipeline.PipelineNotFoundException: PipelineID=eec48087-2a8a-460e-b6f5-99ae50dc5ff9 not found
	at org.apache.hadoop.hdds.scm.pipeline.PipelineStateMap.getPipeline(PipelineStateMap.java:132)
	at org.apache.hadoop.hdds.scm.pipeline.PipelineStateMap.removePipeline(PipelineStateMap.java:322)
	at org.apache.hadoop.hdds.scm.pipeline.PipelineStateManager.removePipeline(PipelineStateManager.java:107)
	at org.apache.hadoop.hdds.scm.pipeline.SCMPipelineManager.removePipeline(SCMPipelineManager.java:423)
	at org.apache.hadoop.hdds.scm.pipeline.SCMPipelineManager.destroyPipeline(SCMPipelineManager.java:409)
	at org.apache.hadoop.hdds.scm.pipeline.SCMPipelineManager.lambda$finalizeAndDestroyPipeline$0(SCMPipelineManager.java:318)
	at org.apache.hadoop.utils.Scheduler.lambda$schedule$1(Scheduler.java:68)
	at java.util.concurrent.Executors$RunnableAdapter.call(Executors.java:511)
	at java.util.concurrent.FutureTask.run(FutureTask.java:266)
	at java.util.concurrent.ScheduledThreadPoolExecutor$ScheduledFutureTask.access$201(ScheduledThreadPoolExecutor.java:180)
	at java.util.concurrent.ScheduledThreadPoolExecutor$ScheduledFutureTask.run(ScheduledThreadPoolExecutor.java:293)
	at java.util.concurrent.ThreadPoolExecutor.runWorker(ThreadPoolExecutor.java:1149)
	at java.util.concurrent.ThreadPoolExecutor$Worker.run(ThreadPoolExecutor.java:624)
	at java.lang.Thread.run(Thread.java:748)
2019-09-11 10:55:11,512 [grpc-default-executor-6] INFO  client.GrpcClientProtocolClient (GrpcClientProtocolClient.java:onNext(264)) - client-ADF5984F8D70->2567324e-9700-4950-ac37-98ef668bcfff: receive RaftClientReply:client-ADF5984F8D70->2567324e-9700-4950-ac37-98ef668bcfff@group-17832C0C68B9, cid=55, FAILED org.apache.ratis.protocol.NotLeaderException: Server 2567324e-9700-4950-ac37-98ef668bcfff@group-17832C0C68B9 is not the leader 2759b58a-2fbd-4e45-94a8-47799d948184:192.168.69.96:41390, logIndex=0, commits[2567324e-9700-4950-ac37-98ef668bcfff:c14, 877608bb-19c4-4d8c-8958-a78beaef70b4:c14, 2759b58a-2fbd-4e45-94a8-47799d948184:c14]
2019-09-11 10:55:11,558 [java.util.concurrent.ThreadPoolExecutor$Worker@d960b43[State = -1, empty queue]] WARN  server.GrpcLogAppender (GrpcLogAppender.java:timeoutAppendRequest(200)) - 2759b58a-2fbd-4e45-94a8-47799d948184@group-17832C0C68B9->2567324e-9700-4950-ac37-98ef668bcfff-GrpcLogAppender: appendEntries Timeout, request=2759b58a-2fbd-4e45-94a8-47799d948184->2567324e-9700-4950-ac37-98ef668bcfff#112-t2, previous=(t:2, i:18), leaderCommit=14, initializing? false, entries: <empty>
2019-09-11 10:55:11,558 [java.util.concurrent.ThreadPoolExecutor$Worker@52611adc[State = -1, empty queue]] WARN  server.GrpcLogAppender (GrpcLogAppender.java:timeoutAppendRequest(200)) - 2759b58a-2fbd-4e45-94a8-47799d948184@group-17832C0C68B9->877608bb-19c4-4d8c-8958-a78beaef70b4-GrpcLogAppender: appendEntries Timeout, request=2759b58a-2fbd-4e45-94a8-47799d948184->877608bb-19c4-4d8c-8958-a78beaef70b4#112-t2, previous=(t:2, i:18), leaderCommit=14, initializing? false, entries: <empty>
2019-09-11 10:55:14,028 [grpc-default-executor-0] INFO  impl.RaftServerProxy (RaftServerProxy.java:remove(95)) - 4664729b-c9fa-423e-9516-a47fa5640f67: remove group-99AE50DC5FF9:null
2019-09-11 10:55:14,035 [RatisPipelineUtilsThread] WARN  pipeline.RatisPipelineUtils (RatisPipelineUtils.java:destroyPipeline(66)) - Pipeline destroy failed for pipeline=PipelineID=eec48087-2a8a-460e-b6f5-99ae50dc5ff9 dn=4664729b-c9fa-423e-9516-a47fa5640f67{ip: 192.168.69.96, host: pr-hdds-1982-decom-states-q64lx-3787986432, networkLocation: /default-rack, certSerialId: null}
2019-09-11 10:55:14,039 [grpc-default-executor-0] INFO  impl.RaftServerProxy (RaftServerProxy.java:remove(95)) - 08f1fccb-3813-4a19-b386-9d1a73d37d0e: remove group-99AE50DC5FF9:null
2019-09-11 10:55:14,041 [RatisPipelineUtilsThread] WARN  pipeline.RatisPipelineUtils (RatisPipelineUtils.java:destroyPipeline(66)) - Pipeline destroy failed for pipeline=PipelineID=eec48087-2a8a-460e-b6f5-99ae50dc5ff9 dn=08f1fccb-3813-4a19-b386-9d1a73d37d0e{ip: 192.168.69.96, host: pr-hdds-1982-decom-states-q64lx-3787986432, networkLocation: /default-rack, certSerialId: null}
2019-09-11 10:55:14,044 [grpc-default-executor-0] INFO  impl.RaftServerProxy (RaftServerProxy.java:remove(95)) - 75ec484c-7743-415c-a891-044da79f6b4d: remove group-99AE50DC5FF9:null
2019-09-11 10:55:14,047 [RatisPipelineUtilsThread] WARN  pipeline.RatisPipelineUtils (RatisPipelineUtils.java:destroyPipeline(66)) - Pipeline destroy failed for pipeline=PipelineID=eec48087-2a8a-460e-b6f5-99ae50dc5ff9 dn=75ec484c-7743-415c-a891-044da79f6b4d{ip: 192.168.69.96, host: pr-hdds-1982-decom-states-q64lx-3787986432, networkLocation: /default-rack, certSerialId: null}
2019-09-11 10:55:14,047 [RatisPipelineUtilsThread] ERROR pipeline.SCMPipelineManager (Scheduler.java:lambda$schedule$1(70)) - Destroy pipeline failed for pipeline:Pipeline[ Id: eec48087-2a8a-460e-b6f5-99ae50dc5ff9, Nodes: 4664729b-c9fa-423e-9516-a47fa5640f67{ip: 192.168.69.96, host: pr-hdds-1982-decom-states-q64lx-3787986432, networkLocation: /default-rack, certSerialId: null}08f1fccb-3813-4a19-b386-9d1a73d37d0e{ip: 192.168.69.96, host: pr-hdds-1982-decom-states-q64lx-3787986432, networkLocation: /default-rack, certSerialId: null}75ec484c-7743-415c-a891-044da79f6b4d{ip: 192.168.69.96, host: pr-hdds-1982-decom-states-q64lx-3787986432, networkLocation: /default-rack, certSerialId: null}, Type:RATIS, Factor:THREE, State:CLOSED]
org.apache.hadoop.hdds.scm.pipeline.PipelineNotFoundException: PipelineID=eec48087-2a8a-460e-b6f5-99ae50dc5ff9 not found
	at org.apache.hadoop.hdds.scm.pipeline.PipelineStateMap.getPipeline(PipelineStateMap.java:132)
	at org.apache.hadoop.hdds.scm.pipeline.PipelineStateMap.removePipeline(PipelineStateMap.java:322)
	at org.apache.hadoop.hdds.scm.pipeline.PipelineStateManager.removePipeline(PipelineStateManager.java:107)
	at org.apache.hadoop.hdds.scm.pipeline.SCMPipelineManager.removePipeline(SCMPipelineManager.java:423)
	at org.apache.hadoop.hdds.scm.pipeline.SCMPipelineManager.destroyPipeline(SCMPipelineManager.java:409)
	at org.apache.hadoop.hdds.scm.pipeline.SCMPipelineManager.lambda$finalizeAndDestroyPipeline$0(SCMPipelineManager.java:318)
	at org.apache.hadoop.utils.Scheduler.lambda$schedule$1(Scheduler.java:68)
	at java.util.concurrent.Executors$RunnableAdapter.call(Executors.java:511)
	at java.util.concurrent.FutureTask.run(FutureTask.java:266)
	at java.util.concurrent.ScheduledThreadPoolExecutor$ScheduledFutureTask.access$201(ScheduledThreadPoolExecutor.java:180)
	at java.util.concurrent.ScheduledThreadPoolExecutor$ScheduledFutureTask.run(ScheduledThreadPoolExecutor.java:293)
	at java.util.concurrent.ThreadPoolExecutor.runWorker(ThreadPoolExecutor.java:1149)
	at java.util.concurrent.ThreadPoolExecutor$Worker.run(ThreadPoolExecutor.java:624)
	at java.lang.Thread.run(Thread.java:748)
2019-09-11 10:55:14,058 [java.util.concurrent.ThreadPoolExecutor$Worker@52611adc[State = -1, empty queue]] WARN  server.GrpcLogAppender (GrpcLogAppender.java:timeoutAppendRequest(200)) - 2759b58a-2fbd-4e45-94a8-47799d948184@group-17832C0C68B9->877608bb-19c4-4d8c-8958-a78beaef70b4-GrpcLogAppender: appendEntries Timeout, request=2759b58a-2fbd-4e45-94a8-47799d948184->877608bb-19c4-4d8c-8958-a78beaef70b4#113-t2, previous=(t:2, i:18), leaderCommit=14, initializing? false, entries: <empty>
2019-09-11 10:55:14,058 [java.util.concurrent.ThreadPoolExecutor$Worker@d960b43[State = -1, empty queue]] WARN  server.GrpcLogAppender (GrpcLogAppender.java:timeoutAppendRequest(200)) - 2759b58a-2fbd-4e45-94a8-47799d948184@group-17832C0C68B9->2567324e-9700-4950-ac37-98ef668bcfff-GrpcLogAppender: appendEntries Timeout, request=2759b58a-2fbd-4e45-94a8-47799d948184->2567324e-9700-4950-ac37-98ef668bcfff#113-t2, previous=(t:2, i:18), leaderCommit=14, initializing? false, entries: <empty>
2019-09-11 10:55:16,030 [grpc-default-executor-6] INFO  impl.RaftServerProxy (RaftServerProxy.java:remove(95)) - 4664729b-c9fa-423e-9516-a47fa5640f67: remove group-99AE50DC5FF9:null
2019-09-11 10:55:16,034 [RatisPipelineUtilsThread] WARN  pipeline.RatisPipelineUtils (RatisPipelineUtils.java:destroyPipeline(66)) - Pipeline destroy failed for pipeline=PipelineID=eec48087-2a8a-460e-b6f5-99ae50dc5ff9 dn=4664729b-c9fa-423e-9516-a47fa5640f67{ip: 192.168.69.96, host: pr-hdds-1982-decom-states-q64lx-3787986432, networkLocation: /default-rack, certSerialId: null}
2019-09-11 10:55:16,038 [grpc-default-executor-6] INFO  impl.RaftServerProxy (RaftServerProxy.java:remove(95)) - 08f1fccb-3813-4a19-b386-9d1a73d37d0e: remove group-99AE50DC5FF9:null
2019-09-11 10:55:16,040 [877608bb-19c4-4d8c-8958-a78beaef70b4@group-17832C0C68B9-SegmentedRaftLogWorker] WARN  segmented.SegmentedRaftLogWorker (SegmentedRaftLogWorker.java:getFromFuture(90)) - Timeout 4/~
org.apache.ratis.protocol.TimeoutIOException: Timeout 10s: WriteLog:15: (t:2, i:15), STATEMACHINELOGENTRY, client-ADF5984F8D70, cid=55-writeStateMachineData
	at org.apache.ratis.util.IOUtils.getFromFuture(IOUtils.java:87)
	at org.apache.ratis.server.raftlog.segmented.SegmentedRaftLogWorker$StateMachineDataPolicy.getFromFuture(SegmentedRaftLogWorker.java:87)
	at org.apache.ratis.server.raftlog.segmented.SegmentedRaftLogWorker$WriteLog.execute(SegmentedRaftLogWorker.java:477)
	at org.apache.ratis.server.raftlog.segmented.SegmentedRaftLogWorker.run(SegmentedRaftLogWorker.java:289)
	at java.lang.Thread.run(Thread.java:748)
Caused by: java.util.concurrent.TimeoutException
	at java.util.concurrent.CompletableFuture.timedGet(CompletableFuture.java:1771)
	at java.util.concurrent.CompletableFuture.get(CompletableFuture.java:1915)
	at org.apache.ratis.util.IOUtils.getFromFuture(IOUtils.java:79)
	... 4 more
2019-09-11 10:55:16,041 [RatisPipelineUtilsThread] WARN  pipeline.RatisPipelineUtils (RatisPipelineUtils.java:destroyPipeline(66)) - Pipeline destroy failed for pipeline=PipelineID=eec48087-2a8a-460e-b6f5-99ae50dc5ff9 dn=08f1fccb-3813-4a19-b386-9d1a73d37d0e{ip: 192.168.69.96, host: pr-hdds-1982-decom-states-q64lx-3787986432, networkLocation: /default-rack, certSerialId: null}
2019-09-11 10:55:16,044 [grpc-default-executor-6] INFO  impl.RaftServerProxy (RaftServerProxy.java:remove(95)) - 75ec484c-7743-415c-a891-044da79f6b4d: remove group-99AE50DC5FF9:null
2019-09-11 10:55:16,046 [RatisPipelineUtilsThread] WARN  pipeline.RatisPipelineUtils (RatisPipelineUtils.java:destroyPipeline(66)) - Pipeline destroy failed for pipeline=PipelineID=eec48087-2a8a-460e-b6f5-99ae50dc5ff9 dn=75ec484c-7743-415c-a891-044da79f6b4d{ip: 192.168.69.96, host: pr-hdds-1982-decom-states-q64lx-3787986432, networkLocation: /default-rack, certSerialId: null}
2019-09-11 10:55:16,047 [RatisPipelineUtilsThread] ERROR pipeline.SCMPipelineManager (Scheduler.java:lambda$schedule$1(70)) - Destroy pipeline failed for pipeline:Pipeline[ Id: eec48087-2a8a-460e-b6f5-99ae50dc5ff9, Nodes: 4664729b-c9fa-423e-9516-a47fa5640f67{ip: 192.168.69.96, host: pr-hdds-1982-decom-states-q64lx-3787986432, networkLocation: /default-rack, certSerialId: null}08f1fccb-3813-4a19-b386-9d1a73d37d0e{ip: 192.168.69.96, host: pr-hdds-1982-decom-states-q64lx-3787986432, networkLocation: /default-rack, certSerialId: null}75ec484c-7743-415c-a891-044da79f6b4d{ip: 192.168.69.96, host: pr-hdds-1982-decom-states-q64lx-3787986432, networkLocation: /default-rack, certSerialId: null}, Type:RATIS, Factor:THREE, State:CLOSED]
org.apache.hadoop.hdds.scm.pipeline.PipelineNotFoundException: PipelineID=eec48087-2a8a-460e-b6f5-99ae50dc5ff9 not found
	at org.apache.hadoop.hdds.scm.pipeline.PipelineStateMap.getPipeline(PipelineStateMap.java:132)
	at org.apache.hadoop.hdds.scm.pipeline.PipelineStateMap.removePipeline(PipelineStateMap.java:322)
	at org.apache.hadoop.hdds.scm.pipeline.PipelineStateManager.removePipeline(PipelineStateManager.java:107)
	at org.apache.hadoop.hdds.scm.pipeline.SCMPipelineManager.removePipeline(SCMPipelineManager.java:423)
	at org.apache.hadoop.hdds.scm.pipeline.SCMPipelineManager.destroyPipeline(SCMPipelineManager.java:409)
	at org.apache.hadoop.hdds.scm.pipeline.SCMPipelineManager.lambda$finalizeAndDestroyPipeline$0(SCMPipelineManager.java:318)
	at org.apache.hadoop.utils.Scheduler.lambda$schedule$1(Scheduler.java:68)
	at java.util.concurrent.Executors$RunnableAdapter.call(Executors.java:511)
	at java.util.concurrent.FutureTask.run(FutureTask.java:266)
	at java.util.concurrent.ScheduledThreadPoolExecutor$ScheduledFutureTask.access$201(ScheduledThreadPoolExecutor.java:180)
	at java.util.concurrent.ScheduledThreadPoolExecutor$ScheduledFutureTask.run(ScheduledThreadPoolExecutor.java:293)
	at java.util.concurrent.ThreadPoolExecutor.runWorker(ThreadPoolExecutor.java:1149)
	at java.util.concurrent.ThreadPoolExecutor$Worker.run(ThreadPoolExecutor.java:624)
	at java.lang.Thread.run(Thread.java:748)
2019-09-11 10:55:16,170 [2567324e-9700-4950-ac37-98ef668bcfff@group-17832C0C68B9-SegmentedRaftLogWorker] WARN  segmented.SegmentedRaftLogWorker (SegmentedRaftLogWorker.java:getFromFuture(90)) - Timeout 4/~
org.apache.ratis.protocol.TimeoutIOException: Timeout 10s: WriteLog:17: (t:2, i:17), STATEMACHINELOGENTRY, client-ADF5984F8D70, cid=57-writeStateMachineData
	at org.apache.ratis.util.IOUtils.getFromFuture(IOUtils.java:87)
	at org.apache.ratis.server.raftlog.segmented.SegmentedRaftLogWorker$StateMachineDataPolicy.getFromFuture(SegmentedRaftLogWorker.java:87)
	at org.apache.ratis.server.raftlog.segmented.SegmentedRaftLogWorker$WriteLog.execute(SegmentedRaftLogWorker.java:477)
	at org.apache.ratis.server.raftlog.segmented.SegmentedRaftLogWorker.run(SegmentedRaftLogWorker.java:289)
	at java.lang.Thread.run(Thread.java:748)
Caused by: java.util.concurrent.TimeoutException
	at java.util.concurrent.CompletableFuture.timedGet(CompletableFuture.java:1771)
	at java.util.concurrent.CompletableFuture.get(CompletableFuture.java:1915)
	at org.apache.ratis.util.IOUtils.getFromFuture(IOUtils.java:79)
	... 4 more
2019-09-11 10:55:16,171 [2759b58a-2fbd-4e45-94a8-47799d948184@group-17832C0C68B9-SegmentedRaftLogWorker] WARN  segmented.SegmentedRaftLogWorker (SegmentedRaftLogWorker.java:getFromFuture(90)) - Timeout 4/~
org.apache.ratis.protocol.TimeoutIOException: Timeout 10s: WriteLog:17: (t:2, i:17), STATEMACHINELOGENTRY, client-ADF5984F8D70, cid=57-writeStateMachineData
	at org.apache.ratis.util.IOUtils.getFromFuture(IOUtils.java:87)
	at org.apache.ratis.server.raftlog.segmented.SegmentedRaftLogWorker$StateMachineDataPolicy.getFromFuture(SegmentedRaftLogWorker.java:87)
	at org.apache.ratis.server.raftlog.segmented.SegmentedRaftLogWorker$WriteLog.execute(SegmentedRaftLogWorker.java:477)
	at org.apache.ratis.server.raftlog.segmented.SegmentedRaftLogWorker.run(SegmentedRaftLogWorker.java:289)
	at java.lang.Thread.run(Thread.java:748)
Caused by: java.util.concurrent.TimeoutException
	at java.util.concurrent.CompletableFuture.timedGet(CompletableFuture.java:1771)
	at java.util.concurrent.CompletableFuture.get(CompletableFuture.java:1915)
	at org.apache.ratis.util.IOUtils.getFromFuture(IOUtils.java:79)
	... 4 more
2019-09-11 10:55:16,559 [java.util.concurrent.ThreadPoolExecutor$Worker@d960b43[State = -1, empty queue]] WARN  server.GrpcLogAppender (GrpcLogAppender.java:timeoutAppendRequest(200)) - 2759b58a-2fbd-4e45-94a8-47799d948184@group-17832C0C68B9->2567324e-9700-4950-ac37-98ef668bcfff-GrpcLogAppender: appendEntries Timeout, request=2759b58a-2fbd-4e45-94a8-47799d948184->2567324e-9700-4950-ac37-98ef668bcfff#114-t2, previous=(t:2, i:18), leaderCommit=14, initializing? false, entries: <empty>
2019-09-11 10:55:16,559 [java.util.concurrent.ThreadPoolExecutor$Worker@52611adc[State = -1, empty queue]] WARN  server.GrpcLogAppender (GrpcLogAppender.java:timeoutAppendRequest(200)) - 2759b58a-2fbd-4e45-94a8-47799d948184@group-17832C0C68B9->877608bb-19c4-4d8c-8958-a78beaef70b4-GrpcLogAppender: appendEntries Timeout, request=2759b58a-2fbd-4e45-94a8-47799d948184->877608bb-19c4-4d8c-8958-a78beaef70b4#114-t2, previous=(t:2, i:18), leaderCommit=14, initializing? false, entries: <empty>
2019-09-11 10:55:16,569 [grpc-default-executor-6] INFO  client.GrpcClientProtocolClient (GrpcClientProtocolClient.java:onNext(264)) - client-ADF5984F8D70->877608bb-19c4-4d8c-8958-a78beaef70b4: receive RaftClientReply:client-ADF5984F8D70->877608bb-19c4-4d8c-8958-a78beaef70b4@group-17832C0C68B9, cid=55, FAILED org.apache.ratis.protocol.NotLeaderException: Server 877608bb-19c4-4d8c-8958-a78beaef70b4@group-17832C0C68B9 is not the leader 2759b58a-2fbd-4e45-94a8-47799d948184:192.168.69.96:41390, logIndex=0, commits[877608bb-19c4-4d8c-8958-a78beaef70b4:c14, 2567324e-9700-4950-ac37-98ef668bcfff:c14, 2759b58a-2fbd-4e45-94a8-47799d948184:c14]
2019-09-11 10:55:19,029 [grpc-default-executor-6] INFO  impl.RaftServerProxy (RaftServerProxy.java:remove(95)) - 4664729b-c9fa-423e-9516-a47fa5640f67: remove group-99AE50DC5FF9:null
2019-09-11 10:55:19,033 [RatisPipelineUtilsThread] WARN  pipeline.RatisPipelineUtils (RatisPipelineUtils.java:destroyPipeline(66)) - Pipeline destroy failed for pipeline=PipelineID=eec48087-2a8a-460e-b6f5-99ae50dc5ff9 dn=4664729b-c9fa-423e-9516-a47fa5640f67{ip: 192.168.69.96, host: pr-hdds-1982-decom-states-q64lx-3787986432, networkLocation: /default-rack, certSerialId: null}
2019-09-11 10:55:19,036 [grpc-default-executor-7] INFO  impl.RaftServerProxy (RaftServerProxy.java:remove(95)) - 08f1fccb-3813-4a19-b386-9d1a73d37d0e: remove group-99AE50DC5FF9:null
2019-09-11 10:55:19,039 [RatisPipelineUtilsThread] WARN  pipeline.RatisPipelineUtils (RatisPipelineUtils.java:destroyPipeline(66)) - Pipeline destroy failed for pipeline=PipelineID=eec48087-2a8a-460e-b6f5-99ae50dc5ff9 dn=08f1fccb-3813-4a19-b386-9d1a73d37d0e{ip: 192.168.69.96, host: pr-hdds-1982-decom-states-q64lx-3787986432, networkLocation: /default-rack, certSerialId: null}
2019-09-11 10:55:19,043 [grpc-default-executor-7] INFO  impl.RaftServerProxy (RaftServerProxy.java:remove(95)) - 75ec484c-7743-415c-a891-044da79f6b4d: remove group-99AE50DC5FF9:null
2019-09-11 10:55:19,045 [RatisPipelineUtilsThread] WARN  pipeline.RatisPipelineUtils (RatisPipelineUtils.java:destroyPipeline(66)) - Pipeline destroy failed for pipeline=PipelineID=eec48087-2a8a-460e-b6f5-99ae50dc5ff9 dn=75ec484c-7743-415c-a891-044da79f6b4d{ip: 192.168.69.96, host: pr-hdds-1982-decom-states-q64lx-3787986432, networkLocation: /default-rack, certSerialId: null}
2019-09-11 10:55:19,046 [RatisPipelineUtilsThread] ERROR pipeline.SCMPipelineManager (Scheduler.java:lambda$schedule$1(70)) - Destroy pipeline failed for pipeline:Pipeline[ Id: eec48087-2a8a-460e-b6f5-99ae50dc5ff9, Nodes: 4664729b-c9fa-423e-9516-a47fa5640f67{ip: 192.168.69.96, host: pr-hdds-1982-decom-states-q64lx-3787986432, networkLocation: /default-rack, certSerialId: null}08f1fccb-3813-4a19-b386-9d1a73d37d0e{ip: 192.168.69.96, host: pr-hdds-1982-decom-states-q64lx-3787986432, networkLocation: /default-rack, certSerialId: null}75ec484c-7743-415c-a891-044da79f6b4d{ip: 192.168.69.96, host: pr-hdds-1982-decom-states-q64lx-3787986432, networkLocation: /default-rack, certSerialId: null}, Type:RATIS, Factor:THREE, State:CLOSED]
org.apache.hadoop.hdds.scm.pipeline.PipelineNotFoundException: PipelineID=eec48087-2a8a-460e-b6f5-99ae50dc5ff9 not found
	at org.apache.hadoop.hdds.scm.pipeline.PipelineStateMap.getPipeline(PipelineStateMap.java:132)
	at org.apache.hadoop.hdds.scm.pipeline.PipelineStateMap.removePipeline(PipelineStateMap.java:322)
	at org.apache.hadoop.hdds.scm.pipeline.PipelineStateManager.removePipeline(PipelineStateManager.java:107)
	at org.apache.hadoop.hdds.scm.pipeline.SCMPipelineManager.removePipeline(SCMPipelineManager.java:423)
	at org.apache.hadoop.hdds.scm.pipeline.SCMPipelineManager.destroyPipeline(SCMPipelineManager.java:409)
	at org.apache.hadoop.hdds.scm.pipeline.SCMPipelineManager.lambda$finalizeAndDestroyPipeline$0(SCMPipelineManager.java:318)
	at org.apache.hadoop.utils.Scheduler.lambda$schedule$1(Scheduler.java:68)
	at java.util.concurrent.Executors$RunnableAdapter.call(Executors.java:511)
	at java.util.concurrent.FutureTask.run(FutureTask.java:266)
	at java.util.concurrent.ScheduledThreadPoolExecutor$ScheduledFutureTask.access$201(ScheduledThreadPoolExecutor.java:180)
	at java.util.concurrent.ScheduledThreadPoolExecutor$ScheduledFutureTask.run(ScheduledThreadPoolExecutor.java:293)
	at java.util.concurrent.ThreadPoolExecutor.runWorker(ThreadPoolExecutor.java:1149)
	at java.util.concurrent.ThreadPoolExecutor$Worker.run(ThreadPoolExecutor.java:624)
	at java.lang.Thread.run(Thread.java:748)
2019-09-11 10:55:19,059 [java.util.concurrent.ThreadPoolExecutor$Worker@52611adc[State = -1, empty queue]] WARN  server.GrpcLogAppender (GrpcLogAppender.java:timeoutAppendRequest(200)) - 2759b58a-2fbd-4e45-94a8-47799d948184@group-17832C0C68B9->877608bb-19c4-4d8c-8958-a78beaef70b4-GrpcLogAppender: appendEntries Timeout, request=2759b58a-2fbd-4e45-94a8-47799d948184->877608bb-19c4-4d8c-8958-a78beaef70b4#115-t2, previous=(t:2, i:18), leaderCommit=14, initializing? false, entries: <empty>
2019-09-11 10:55:19,059 [java.util.concurrent.ThreadPoolExecutor$Worker@d960b43[State = -1, empty queue]] WARN  server.GrpcLogAppender (GrpcLogAppender.java:timeoutAppendRequest(200)) - 2759b58a-2fbd-4e45-94a8-47799d948184@group-17832C0C68B9->2567324e-9700-4950-ac37-98ef668bcfff-GrpcLogAppender: appendEntries Timeout, request=2759b58a-2fbd-4e45-94a8-47799d948184->2567324e-9700-4950-ac37-98ef668bcfff#115-t2, previous=(t:2, i:18), leaderCommit=14, initializing? false, entries: <empty>
2019-09-11 10:55:21,027 [grpc-default-executor-7] INFO  impl.RaftServerProxy (RaftServerProxy.java:remove(95)) - 4664729b-c9fa-423e-9516-a47fa5640f67: remove group-99AE50DC5FF9:null
2019-09-11 10:55:21,030 [RatisPipelineUtilsThread] WARN  pipeline.RatisPipelineUtils (RatisPipelineUtils.java:destroyPipeline(66)) - Pipeline destroy failed for pipeline=PipelineID=eec48087-2a8a-460e-b6f5-99ae50dc5ff9 dn=4664729b-c9fa-423e-9516-a47fa5640f67{ip: 192.168.69.96, host: pr-hdds-1982-decom-states-q64lx-3787986432, networkLocation: /default-rack, certSerialId: null}
2019-09-11 10:55:21,033 [grpc-default-executor-7] INFO  impl.RaftServerProxy (RaftServerProxy.java:remove(95)) - 08f1fccb-3813-4a19-b386-9d1a73d37d0e: remove group-99AE50DC5FF9:null
2019-09-11 10:55:21,034 [RatisPipelineUtilsThread] WARN  pipeline.RatisPipelineUtils (RatisPipelineUtils.java:destroyPipeline(66)) - Pipeline destroy failed for pipeline=PipelineID=eec48087-2a8a-460e-b6f5-99ae50dc5ff9 dn=08f1fccb-3813-4a19-b386-9d1a73d37d0e{ip: 192.168.69.96, host: pr-hdds-1982-decom-states-q64lx-3787986432, networkLocation: /default-rack, certSerialId: null}
2019-09-11 10:55:21,037 [grpc-default-executor-7] INFO  impl.RaftServerProxy (RaftServerProxy.java:remove(95)) - 75ec484c-7743-415c-a891-044da79f6b4d: remove group-99AE50DC5FF9:null
2019-09-11 10:55:21,039 [RatisPipelineUtilsThread] WARN  pipeline.RatisPipelineUtils (RatisPipelineUtils.java:destroyPipeline(66)) - Pipeline destroy failed for pipeline=PipelineID=eec48087-2a8a-460e-b6f5-99ae50dc5ff9 dn=75ec484c-7743-415c-a891-044da79f6b4d{ip: 192.168.69.96, host: pr-hdds-1982-decom-states-q64lx-3787986432, networkLocation: /default-rack, certSerialId: null}
2019-09-11 10:55:21,039 [RatisPipelineUtilsThread] ERROR pipeline.SCMPipelineManager (Scheduler.java:lambda$schedule$1(70)) - Destroy pipeline failed for pipeline:Pipeline[ Id: eec48087-2a8a-460e-b6f5-99ae50dc5ff9, Nodes: 4664729b-c9fa-423e-9516-a47fa5640f67{ip: 192.168.69.96, host: pr-hdds-1982-decom-states-q64lx-3787986432, networkLocation: /default-rack, certSerialId: null}08f1fccb-3813-4a19-b386-9d1a73d37d0e{ip: 192.168.69.96, host: pr-hdds-1982-decom-states-q64lx-3787986432, networkLocation: /default-rack, certSerialId: null}75ec484c-7743-415c-a891-044da79f6b4d{ip: 192.168.69.96, host: pr-hdds-1982-decom-states-q64lx-3787986432, networkLocation: /default-rack, certSerialId: null}, Type:RATIS, Factor:THREE, State:CLOSED]
org.apache.hadoop.hdds.scm.pipeline.PipelineNotFoundException: PipelineID=eec48087-2a8a-460e-b6f5-99ae50dc5ff9 not found
	at org.apache.hadoop.hdds.scm.pipeline.PipelineStateMap.getPipeline(PipelineStateMap.java:132)
	at org.apache.hadoop.hdds.scm.pipeline.PipelineStateMap.removePipeline(PipelineStateMap.java:322)
	at org.apache.hadoop.hdds.scm.pipeline.PipelineStateManager.removePipeline(PipelineStateManager.java:107)
	at org.apache.hadoop.hdds.scm.pipeline.SCMPipelineManager.removePipeline(SCMPipelineManager.java:423)
	at org.apache.hadoop.hdds.scm.pipeline.SCMPipelineManager.destroyPipeline(SCMPipelineManager.java:409)
	at org.apache.hadoop.hdds.scm.pipeline.SCMPipelineManager.lambda$finalizeAndDestroyPipeline$0(SCMPipelineManager.java:318)
	at org.apache.hadoop.utils.Scheduler.lambda$schedule$1(Scheduler.java:68)
	at java.util.concurrent.Executors$RunnableAdapter.call(Executors.java:511)
	at java.util.concurrent.FutureTask.run(FutureTask.java:266)
	at java.util.concurrent.ScheduledThreadPoolExecutor$ScheduledFutureTask.access$201(ScheduledThreadPoolExecutor.java:180)
	at java.util.concurrent.ScheduledThreadPoolExecutor$ScheduledFutureTask.run(ScheduledThreadPoolExecutor.java:293)
	at java.util.concurrent.ThreadPoolExecutor.runWorker(ThreadPoolExecutor.java:1149)
	at java.util.concurrent.ThreadPoolExecutor$Worker.run(ThreadPoolExecutor.java:624)
	at java.lang.Thread.run(Thread.java:748)
2019-09-11 10:55:21,560 [java.util.concurrent.ThreadPoolExecutor$Worker@d960b43[State = -1, empty queue]] WARN  server.GrpcLogAppender (GrpcLogAppender.java:timeoutAppendRequest(200)) - 2759b58a-2fbd-4e45-94a8-47799d948184@group-17832C0C68B9->2567324e-9700-4950-ac37-98ef668bcfff-GrpcLogAppender: appendEntries Timeout, request=2759b58a-2fbd-4e45-94a8-47799d948184->2567324e-9700-4950-ac37-98ef668bcfff#116-t2, previous=(t:2, i:18), leaderCommit=14, initializing? false, entries: <empty>
2019-09-11 10:55:21,560 [java.util.concurrent.ThreadPoolExecutor$Worker@52611adc[State = -1, empty queue]] WARN  server.GrpcLogAppender (GrpcLogAppender.java:timeoutAppendRequest(200)) - 2759b58a-2fbd-4e45-94a8-47799d948184@group-17832C0C68B9->877608bb-19c4-4d8c-8958-a78beaef70b4-GrpcLogAppender: appendEntries Timeout, request=2759b58a-2fbd-4e45-94a8-47799d948184->877608bb-19c4-4d8c-8958-a78beaef70b4#116-t2, previous=(t:2, i:18), leaderCommit=14, initializing? false, entries: <empty>
2019-09-11 10:55:21,623 [grpc-default-executor-6] INFO  client.GrpcClientProtocolClient (GrpcClientProtocolClient.java:onNext(264)) - client-ADF5984F8D70->2567324e-9700-4950-ac37-98ef668bcfff: receive RaftClientReply:client-ADF5984F8D70->2567324e-9700-4950-ac37-98ef668bcfff@group-17832C0C68B9, cid=55, FAILED org.apache.ratis.protocol.NotLeaderException: Server 2567324e-9700-4950-ac37-98ef668bcfff@group-17832C0C68B9 is not the leader 2759b58a-2fbd-4e45-94a8-47799d948184:192.168.69.96:41390, logIndex=0, commits[2567324e-9700-4950-ac37-98ef668bcfff:c14, 877608bb-19c4-4d8c-8958-a78beaef70b4:c14, 2759b58a-2fbd-4e45-94a8-47799d948184:c14]
2019-09-11 10:55:22,145 [grpc-default-executor-6] INFO  impl.RaftServerProxy (RaftServerProxy.java:remove(95)) - 4664729b-c9fa-423e-9516-a47fa5640f67: remove group-99AE50DC5FF9:null
2019-09-11 10:55:22,150 [RatisPipelineUtilsThread] WARN  pipeline.RatisPipelineUtils (RatisPipelineUtils.java:destroyPipeline(66)) - Pipeline destroy failed for pipeline=PipelineID=eec48087-2a8a-460e-b6f5-99ae50dc5ff9 dn=4664729b-c9fa-423e-9516-a47fa5640f67{ip: 192.168.69.96, host: pr-hdds-1982-decom-states-q64lx-3787986432, networkLocation: /default-rack, certSerialId: null}
2019-09-11 10:55:22,153 [grpc-default-executor-6] INFO  impl.RaftServerProxy (RaftServerProxy.java:remove(95)) - 08f1fccb-3813-4a19-b386-9d1a73d37d0e: remove group-99AE50DC5FF9:null
2019-09-11 10:55:22,156 [RatisPipelineUtilsThread] WARN  pipeline.RatisPipelineUtils (RatisPipelineUtils.java:destroyPipeline(66)) - Pipeline destroy failed for pipeline=PipelineID=eec48087-2a8a-460e-b6f5-99ae50dc5ff9 dn=08f1fccb-3813-4a19-b386-9d1a73d37d0e{ip: 192.168.69.96, host: pr-hdds-1982-decom-states-q64lx-3787986432, networkLocation: /default-rack, certSerialId: null}
2019-09-11 10:55:22,159 [grpc-default-executor-6] INFO  impl.RaftServerProxy (RaftServerProxy.java:remove(95)) - 75ec484c-7743-415c-a891-044da79f6b4d: remove group-99AE50DC5FF9:null
2019-09-11 10:55:22,161 [RatisPipelineUtilsThread] WARN  pipeline.RatisPipelineUtils (RatisPipelineUtils.java:destroyPipeline(66)) - Pipeline destroy failed for pipeline=PipelineID=eec48087-2a8a-460e-b6f5-99ae50dc5ff9 dn=75ec484c-7743-415c-a891-044da79f6b4d{ip: 192.168.69.96, host: pr-hdds-1982-decom-states-q64lx-3787986432, networkLocation: /default-rack, certSerialId: null}
2019-09-11 10:55:22,162 [RatisPipelineUtilsThread] ERROR pipeline.SCMPipelineManager (Scheduler.java:lambda$schedule$1(70)) - Destroy pipeline failed for pipeline:Pipeline[ Id: eec48087-2a8a-460e-b6f5-99ae50dc5ff9, Nodes: 4664729b-c9fa-423e-9516-a47fa5640f67{ip: 192.168.69.96, host: pr-hdds-1982-decom-states-q64lx-3787986432, networkLocation: /default-rack, certSerialId: null}08f1fccb-3813-4a19-b386-9d1a73d37d0e{ip: 192.168.69.96, host: pr-hdds-1982-decom-states-q64lx-3787986432, networkLocation: /default-rack, certSerialId: null}75ec484c-7743-415c-a891-044da79f6b4d{ip: 192.168.69.96, host: pr-hdds-1982-decom-states-q64lx-3787986432, networkLocation: /default-rack, certSerialId: null}, Type:RATIS, Factor:THREE, State:CLOSED]
org.apache.hadoop.hdds.scm.pipeline.PipelineNotFoundException: PipelineID=eec48087-2a8a-460e-b6f5-99ae50dc5ff9 not found
	at org.apache.hadoop.hdds.scm.pipeline.PipelineStateMap.getPipeline(PipelineStateMap.java:132)
	at org.apache.hadoop.hdds.scm.pipeline.PipelineStateMap.removePipeline(PipelineStateMap.java:322)
	at org.apache.hadoop.hdds.scm.pipeline.PipelineStateManager.removePipeline(PipelineStateManager.java:107)
	at org.apache.hadoop.hdds.scm.pipeline.SCMPipelineManager.removePipeline(SCMPipelineManager.java:423)
	at org.apache.hadoop.hdds.scm.pipeline.SCMPipelineManager.destroyPipeline(SCMPipelineManager.java:409)
	at org.apache.hadoop.hdds.scm.pipeline.SCMPipelineManager.lambda$finalizeAndDestroyPipeline$0(SCMPipelineManager.java:318)
	at org.apache.hadoop.utils.Scheduler.lambda$schedule$1(Scheduler.java:68)
	at java.util.concurrent.Executors$RunnableAdapter.call(Executors.java:511)
	at java.util.concurrent.FutureTask.run(FutureTask.java:266)
	at java.util.concurrent.ScheduledThreadPoolExecutor$ScheduledFutureTask.access$201(ScheduledThreadPoolExecutor.java:180)
	at java.util.concurrent.ScheduledThreadPoolExecutor$ScheduledFutureTask.run(ScheduledThreadPoolExecutor.java:293)
	at java.util.concurrent.ThreadPoolExecutor.runWorker(ThreadPoolExecutor.java:1149)
	at java.util.concurrent.ThreadPoolExecutor$Worker.run(ThreadPoolExecutor.java:624)
	at java.lang.Thread.run(Thread.java:748)
2019-09-11 10:55:22,293 [grpc-default-executor-6] INFO  impl.RaftServerProxy (RaftServerProxy.java:remove(95)) - 4664729b-c9fa-423e-9516-a47fa5640f67: remove group-99AE50DC5FF9:null
2019-09-11 10:55:22,296 [RatisPipelineUtilsThread] WARN  pipeline.RatisPipelineUtils (RatisPipelineUtils.java:destroyPipeline(66)) - Pipeline destroy failed for pipeline=PipelineID=eec48087-2a8a-460e-b6f5-99ae50dc5ff9 dn=4664729b-c9fa-423e-9516-a47fa5640f67{ip: 192.168.69.96, host: pr-hdds-1982-decom-states-q64lx-3787986432, networkLocation: /default-rack, certSerialId: null}
2019-09-11 10:55:22,299 [grpc-default-executor-6] INFO  impl.RaftServerProxy (RaftServerProxy.java:remove(95)) - 08f1fccb-3813-4a19-b386-9d1a73d37d0e: remove group-99AE50DC5FF9:null
2019-09-11 10:55:22,302 [RatisPipelineUtilsThread] WARN  pipeline.RatisPipelineUtils (RatisPipelineUtils.java:destroyPipeline(66)) - Pipeline destroy failed for pipeline=PipelineID=eec48087-2a8a-460e-b6f5-99ae50dc5ff9 dn=08f1fccb-3813-4a19-b386-9d1a73d37d0e{ip: 192.168.69.96, host: pr-hdds-1982-decom-states-q64lx-3787986432, networkLocation: /default-rack, certSerialId: null}
2019-09-11 10:55:22,305 [grpc-default-executor-6] INFO  impl.RaftServerProxy (RaftServerProxy.java:remove(95)) - 75ec484c-7743-415c-a891-044da79f6b4d: remove group-99AE50DC5FF9:null
2019-09-11 10:55:22,314 [RatisPipelineUtilsThread] WARN  pipeline.RatisPipelineUtils (RatisPipelineUtils.java:destroyPipeline(66)) - Pipeline destroy failed for pipeline=PipelineID=eec48087-2a8a-460e-b6f5-99ae50dc5ff9 dn=75ec484c-7743-415c-a891-044da79f6b4d{ip: 192.168.69.96, host: pr-hdds-1982-decom-states-q64lx-3787986432, networkLocation: /default-rack, certSerialId: null}
2019-09-11 10:55:22,314 [RatisPipelineUtilsThread] ERROR pipeline.SCMPipelineManager (Scheduler.java:lambda$schedule$1(70)) - Destroy pipeline failed for pipeline:Pipeline[ Id: eec48087-2a8a-460e-b6f5-99ae50dc5ff9, Nodes: 4664729b-c9fa-423e-9516-a47fa5640f67{ip: 192.168.69.96, host: pr-hdds-1982-decom-states-q64lx-3787986432, networkLocation: /default-rack, certSerialId: null}08f1fccb-3813-4a19-b386-9d1a73d37d0e{ip: 192.168.69.96, host: pr-hdds-1982-decom-states-q64lx-3787986432, networkLocation: /default-rack, certSerialId: null}75ec484c-7743-415c-a891-044da79f6b4d{ip: 192.168.69.96, host: pr-hdds-1982-decom-states-q64lx-3787986432, networkLocation: /default-rack, certSerialId: null}, Type:RATIS, Factor:THREE, State:CLOSED]
org.apache.hadoop.hdds.scm.pipeline.PipelineNotFoundException: PipelineID=eec48087-2a8a-460e-b6f5-99ae50dc5ff9 not found
	at org.apache.hadoop.hdds.scm.pipeline.PipelineStateMap.getPipeline(PipelineStateMap.java:132)
	at org.apache.hadoop.hdds.scm.pipeline.PipelineStateMap.removePipeline(PipelineStateMap.java:322)
	at org.apache.hadoop.hdds.scm.pipeline.PipelineStateManager.removePipeline(PipelineStateManager.java:107)
	at org.apache.hadoop.hdds.scm.pipeline.SCMPipelineManager.removePipeline(SCMPipelineManager.java:423)
	at org.apache.hadoop.hdds.scm.pipeline.SCMPipelineManager.destroyPipeline(SCMPipelineManager.java:409)
	at org.apache.hadoop.hdds.scm.pipeline.SCMPipelineManager.lambda$finalizeAndDestroyPipeline$0(SCMPipelineManager.java:318)
	at org.apache.hadoop.utils.Scheduler.lambda$schedule$1(Scheduler.java:68)
	at java.util.concurrent.Executors$RunnableAdapter.call(Executors.java:511)
	at java.util.concurrent.FutureTask.run(FutureTask.java:266)
	at java.util.concurrent.ScheduledThreadPoolExecutor$ScheduledFutureTask.access$201(ScheduledThreadPoolExecutor.java:180)
	at java.util.concurrent.ScheduledThreadPoolExecutor$ScheduledFutureTask.run(ScheduledThreadPoolExecutor.java:293)
	at java.util.concurrent.ThreadPoolExecutor.runWorker(ThreadPoolExecutor.java:1149)
	at java.util.concurrent.ThreadPoolExecutor$Worker.run(ThreadPoolExecutor.java:624)
	at java.lang.Thread.run(Thread.java:748)
2019-09-11 10:55:22,476 [grpc-default-executor-6] INFO  impl.RaftServerProxy (RaftServerProxy.java:remove(95)) - 4664729b-c9fa-423e-9516-a47fa5640f67: remove group-99AE50DC5FF9:null
2019-09-11 10:55:22,479 [RatisPipelineUtilsThread] WARN  pipeline.RatisPipelineUtils (RatisPipelineUtils.java:destroyPipeline(66)) - Pipeline destroy failed for pipeline=PipelineID=eec48087-2a8a-460e-b6f5-99ae50dc5ff9 dn=4664729b-c9fa-423e-9516-a47fa5640f67{ip: 192.168.69.96, host: pr-hdds-1982-decom-states-q64lx-3787986432, networkLocation: /default-rack, certSerialId: null}
2019-09-11 10:55:22,482 [grpc-default-executor-6] INFO  impl.RaftServerProxy (RaftServerProxy.java:remove(95)) - 08f1fccb-3813-4a19-b386-9d1a73d37d0e: remove group-99AE50DC5FF9:null
2019-09-11 10:55:22,485 [RatisPipelineUtilsThread] WARN  pipeline.RatisPipelineUtils (RatisPipelineUtils.java:destroyPipeline(66)) - Pipeline destroy failed for pipeline=PipelineID=eec48087-2a8a-460e-b6f5-99ae50dc5ff9 dn=08f1fccb-3813-4a19-b386-9d1a73d37d0e{ip: 192.168.69.96, host: pr-hdds-1982-decom-states-q64lx-3787986432, networkLocation: /default-rack, certSerialId: null}
2019-09-11 10:55:22,488 [grpc-default-executor-6] INFO  impl.RaftServerProxy (RaftServerProxy.java:remove(95)) - 75ec484c-7743-415c-a891-044da79f6b4d: remove group-99AE50DC5FF9:null
2019-09-11 10:55:22,490 [RatisPipelineUtilsThread] WARN  pipeline.RatisPipelineUtils (RatisPipelineUtils.java:destroyPipeline(66)) - Pipeline destroy failed for pipeline=PipelineID=eec48087-2a8a-460e-b6f5-99ae50dc5ff9 dn=75ec484c-7743-415c-a891-044da79f6b4d{ip: 192.168.69.96, host: pr-hdds-1982-decom-states-q64lx-3787986432, networkLocation: /default-rack, certSerialId: null}
2019-09-11 10:55:22,491 [RatisPipelineUtilsThread] ERROR pipeline.SCMPipelineManager (Scheduler.java:lambda$schedule$1(70)) - Destroy pipeline failed for pipeline:Pipeline[ Id: eec48087-2a8a-460e-b6f5-99ae50dc5ff9, Nodes: 4664729b-c9fa-423e-9516-a47fa5640f67{ip: 192.168.69.96, host: pr-hdds-1982-decom-states-q64lx-3787986432, networkLocation: /default-rack, certSerialId: null}08f1fccb-3813-4a19-b386-9d1a73d37d0e{ip: 192.168.69.96, host: pr-hdds-1982-decom-states-q64lx-3787986432, networkLocation: /default-rack, certSerialId: null}75ec484c-7743-415c-a891-044da79f6b4d{ip: 192.168.69.96, host: pr-hdds-1982-decom-states-q64lx-3787986432, networkLocation: /default-rack, certSerialId: null}, Type:RATIS, Factor:THREE, State:CLOSED]
org.apache.hadoop.hdds.scm.pipeline.PipelineNotFoundException: PipelineID=eec48087-2a8a-460e-b6f5-99ae50dc5ff9 not found
	at org.apache.hadoop.hdds.scm.pipeline.PipelineStateMap.getPipeline(PipelineStateMap.java:132)
	at org.apache.hadoop.hdds.scm.pipeline.PipelineStateMap.removePipeline(PipelineStateMap.java:322)
	at org.apache.hadoop.hdds.scm.pipeline.PipelineStateManager.removePipeline(PipelineStateManager.java:107)
	at org.apache.hadoop.hdds.scm.pipeline.SCMPipelineManager.removePipeline(SCMPipelineManager.java:423)
	at org.apache.hadoop.hdds.scm.pipeline.SCMPipelineManager.destroyPipeline(SCMPipelineManager.java:409)
	at org.apache.hadoop.hdds.scm.pipeline.SCMPipelineManager.lambda$finalizeAndDestroyPipeline$0(SCMPipelineManager.java:318)
	at org.apache.hadoop.utils.Scheduler.lambda$schedule$1(Scheduler.java:68)
	at java.util.concurrent.Executors$RunnableAdapter.call(Executors.java:511)
	at java.util.concurrent.FutureTask.run(FutureTask.java:266)
	at java.util.concurrent.ScheduledThreadPoolExecutor$ScheduledFutureTask.access$201(ScheduledThreadPoolExecutor.java:180)
	at java.util.concurrent.ScheduledThreadPoolExecutor$ScheduledFutureTask.run(ScheduledThreadPoolExecutor.java:293)
	at java.util.concurrent.ThreadPoolExecutor.runWorker(ThreadPoolExecutor.java:1149)
	at java.util.concurrent.ThreadPoolExecutor$Worker.run(ThreadPoolExecutor.java:624)
	at java.lang.Thread.run(Thread.java:748)
2019-09-11 10:55:24,060 [java.util.concurrent.ThreadPoolExecutor$Worker@52611adc[State = -1, empty queue]] WARN  server.GrpcLogAppender (GrpcLogAppender.java:timeoutAppendRequest(200)) - 2759b58a-2fbd-4e45-94a8-47799d948184@group-17832C0C68B9->877608bb-19c4-4d8c-8958-a78beaef70b4-GrpcLogAppender: appendEntries Timeout, request=2759b58a-2fbd-4e45-94a8-47799d948184->877608bb-19c4-4d8c-8958-a78beaef70b4#117-t2, previous=(t:2, i:18), leaderCommit=14, initializing? false, entries: <empty>
2019-09-11 10:55:24,060 [java.util.concurrent.ThreadPoolExecutor$Worker@d960b43[State = -1, empty queue]] WARN  server.GrpcLogAppender (GrpcLogAppender.java:timeoutAppendRequest(200)) - 2759b58a-2fbd-4e45-94a8-47799d948184@group-17832C0C68B9->2567324e-9700-4950-ac37-98ef668bcfff-GrpcLogAppender: appendEntries Timeout, request=2759b58a-2fbd-4e45-94a8-47799d948184->2567324e-9700-4950-ac37-98ef668bcfff#117-t2, previous=(t:2, i:18), leaderCommit=14, initializing? false, entries: <empty>
2019-09-11 10:55:26,041 [877608bb-19c4-4d8c-8958-a78beaef70b4@group-17832C0C68B9-SegmentedRaftLogWorker] WARN  segmented.SegmentedRaftLogWorker (SegmentedRaftLogWorker.java:getFromFuture(90)) - Timeout 5/~
org.apache.ratis.protocol.TimeoutIOException: Timeout 10s: WriteLog:15: (t:2, i:15), STATEMACHINELOGENTRY, client-ADF5984F8D70, cid=55-writeStateMachineData
	at org.apache.ratis.util.IOUtils.getFromFuture(IOUtils.java:87)
	at org.apache.ratis.server.raftlog.segmented.SegmentedRaftLogWorker$StateMachineDataPolicy.getFromFuture(SegmentedRaftLogWorker.java:87)
	at org.apache.ratis.server.raftlog.segmented.SegmentedRaftLogWorker$WriteLog.execute(SegmentedRaftLogWorker.java:477)
	at org.apache.ratis.server.raftlog.segmented.SegmentedRaftLogWorker.run(SegmentedRaftLogWorker.java:289)
	at java.lang.Thread.run(Thread.java:748)
Caused by: java.util.concurrent.TimeoutException
	at java.util.concurrent.CompletableFuture.timedGet(CompletableFuture.java:1771)
	at java.util.concurrent.CompletableFuture.get(CompletableFuture.java:1915)
	at org.apache.ratis.util.IOUtils.getFromFuture(IOUtils.java:79)
	... 4 more
2019-09-11 10:55:26,171 [2567324e-9700-4950-ac37-98ef668bcfff@group-17832C0C68B9-SegmentedRaftLogWorker] WARN  segmented.SegmentedRaftLogWorker (SegmentedRaftLogWorker.java:getFromFuture(90)) - Timeout 5/~
org.apache.ratis.protocol.TimeoutIOException: Timeout 10s: WriteLog:17: (t:2, i:17), STATEMACHINELOGENTRY, client-ADF5984F8D70, cid=57-writeStateMachineData
	at org.apache.ratis.util.IOUtils.getFromFuture(IOUtils.java:87)
	at org.apache.ratis.server.raftlog.segmented.SegmentedRaftLogWorker$StateMachineDataPolicy.getFromFuture(SegmentedRaftLogWorker.java:87)
	at org.apache.ratis.server.raftlog.segmented.SegmentedRaftLogWorker$WriteLog.execute(SegmentedRaftLogWorker.java:477)
	at org.apache.ratis.server.raftlog.segmented.SegmentedRaftLogWorker.run(SegmentedRaftLogWorker.java:289)
	at java.lang.Thread.run(Thread.java:748)
Caused by: java.util.concurrent.TimeoutException
	at java.util.concurrent.CompletableFuture.timedGet(CompletableFuture.java:1771)
	at java.util.concurrent.CompletableFuture.get(CompletableFuture.java:1915)
	at org.apache.ratis.util.IOUtils.getFromFuture(IOUtils.java:79)
	... 4 more
2019-09-11 10:55:26,172 [2759b58a-2fbd-4e45-94a8-47799d948184@group-17832C0C68B9-SegmentedRaftLogWorker] WARN  segmented.SegmentedRaftLogWorker (SegmentedRaftLogWorker.java:getFromFuture(90)) - Timeout 5/~
org.apache.ratis.protocol.TimeoutIOException: Timeout 10s: WriteLog:17: (t:2, i:17), STATEMACHINELOGENTRY, client-ADF5984F8D70, cid=57-writeStateMachineData
	at org.apache.ratis.util.IOUtils.getFromFuture(IOUtils.java:87)
	at org.apache.ratis.server.raftlog.segmented.SegmentedRaftLogWorker$StateMachineDataPolicy.getFromFuture(SegmentedRaftLogWorker.java:87)
	at org.apache.ratis.server.raftlog.segmented.SegmentedRaftLogWorker$WriteLog.execute(SegmentedRaftLogWorker.java:477)
	at org.apache.ratis.server.raftlog.segmented.SegmentedRaftLogWorker.run(SegmentedRaftLogWorker.java:289)
	at java.lang.Thread.run(Thread.java:748)
Caused by: java.util.concurrent.TimeoutException
	at java.util.concurrent.CompletableFuture.timedGet(CompletableFuture.java:1771)
	at java.util.concurrent.CompletableFuture.get(CompletableFuture.java:1915)
	at org.apache.ratis.util.IOUtils.getFromFuture(IOUtils.java:79)
	... 4 more
2019-09-11 10:55:26,560 [java.util.concurrent.ThreadPoolExecutor$Worker@d960b43[State = -1, empty queue]] WARN  server.GrpcLogAppender (GrpcLogAppender.java:timeoutAppendRequest(200)) - 2759b58a-2fbd-4e45-94a8-47799d948184@group-17832C0C68B9->2567324e-9700-4950-ac37-98ef668bcfff-GrpcLogAppender: appendEntries Timeout, request=2759b58a-2fbd-4e45-94a8-47799d948184->2567324e-9700-4950-ac37-98ef668bcfff#118-t2, previous=(t:2, i:18), leaderCommit=14, initializing? false, entries: <empty>
2019-09-11 10:55:26,560 [java.util.concurrent.ThreadPoolExecutor$Worker@52611adc[State = -1, empty queue]] WARN  server.GrpcLogAppender (GrpcLogAppender.java:timeoutAppendRequest(200)) - 2759b58a-2fbd-4e45-94a8-47799d948184@group-17832C0C68B9->877608bb-19c4-4d8c-8958-a78beaef70b4-GrpcLogAppender: appendEntries Timeout, request=2759b58a-2fbd-4e45-94a8-47799d948184->877608bb-19c4-4d8c-8958-a78beaef70b4#118-t2, previous=(t:2, i:18), leaderCommit=14, initializing? false, entries: <empty>
2019-09-11 10:55:26,683 [grpc-default-executor-7] INFO  client.GrpcClientProtocolClient (GrpcClientProtocolClient.java:onNext(264)) - client-ADF5984F8D70->2567324e-9700-4950-ac37-98ef668bcfff: receive RaftClientReply:client-ADF5984F8D70->2567324e-9700-4950-ac37-98ef668bcfff@group-17832C0C68B9, cid=55, FAILED org.apache.ratis.protocol.NotLeaderException: Server 2567324e-9700-4950-ac37-98ef668bcfff@group-17832C0C68B9 is not the leader 2759b58a-2fbd-4e45-94a8-47799d948184:192.168.69.96:41390, logIndex=0, commits[2567324e-9700-4950-ac37-98ef668bcfff:c14, 877608bb-19c4-4d8c-8958-a78beaef70b4:c14, 2759b58a-2fbd-4e45-94a8-47799d948184:c14]
2019-09-11 10:55:29,061 [java.util.concurrent.ThreadPoolExecutor$Worker@52611adc[State = -1, empty queue]] WARN  server.GrpcLogAppender (GrpcLogAppender.java:timeoutAppendRequest(200)) - 2759b58a-2fbd-4e45-94a8-47799d948184@group-17832C0C68B9->877608bb-19c4-4d8c-8958-a78beaef70b4-GrpcLogAppender: appendEntries Timeout, request=2759b58a-2fbd-4e45-94a8-47799d948184->877608bb-19c4-4d8c-8958-a78beaef70b4#119-t2, previous=(t:2, i:18), leaderCommit=14, initializing? false, entries: <empty>
2019-09-11 10:55:29,061 [java.util.concurrent.ThreadPoolExecutor$Worker@d960b43[State = -1, empty queue]] WARN  server.GrpcLogAppender (GrpcLogAppender.java:timeoutAppendRequest(200)) - 2759b58a-2fbd-4e45-94a8-47799d948184@group-17832C0C68B9->2567324e-9700-4950-ac37-98ef668bcfff-GrpcLogAppender: appendEntries Timeout, request=2759b58a-2fbd-4e45-94a8-47799d948184->2567324e-9700-4950-ac37-98ef668bcfff#119-t2, previous=(t:2, i:18), leaderCommit=14, initializing? false, entries: <empty>
2019-09-11 10:55:31,561 [java.util.concurrent.ThreadPoolExecutor$Worker@52611adc[State = -1, empty queue]] WARN  server.GrpcLogAppender (GrpcLogAppender.java:timeoutAppendRequest(200)) - 2759b58a-2fbd-4e45-94a8-47799d948184@group-17832C0C68B9->877608bb-19c4-4d8c-8958-a78beaef70b4-GrpcLogAppender: appendEntries Timeout, request=2759b58a-2fbd-4e45-94a8-47799d948184->877608bb-19c4-4d8c-8958-a78beaef70b4#120-t2, previous=(t:2, i:18), leaderCommit=14, initializing? false, entries: <empty>
2019-09-11 10:55:31,561 [java.util.concurrent.ThreadPoolExecutor$Worker@d960b43[State = -1, empty queue]] WARN  server.GrpcLogAppender (GrpcLogAppender.java:timeoutAppendRequest(200)) - 2759b58a-2fbd-4e45-94a8-47799d948184@group-17832C0C68B9->2567324e-9700-4950-ac37-98ef668bcfff-GrpcLogAppender: appendEntries Timeout, request=2759b58a-2fbd-4e45-94a8-47799d948184->2567324e-9700-4950-ac37-98ef668bcfff#120-t2, previous=(t:2, i:18), leaderCommit=14, initializing? false, entries: <empty>
2019-09-11 10:55:31,734 [grpc-default-executor-6] INFO  client.GrpcClientProtocolClient (GrpcClientProtocolClient.java:onNext(264)) - client-ADF5984F8D70->877608bb-19c4-4d8c-8958-a78beaef70b4: receive RaftClientReply:client-ADF5984F8D70->877608bb-19c4-4d8c-8958-a78beaef70b4@group-17832C0C68B9, cid=55, FAILED org.apache.ratis.protocol.NotLeaderException: Server 877608bb-19c4-4d8c-8958-a78beaef70b4@group-17832C0C68B9 is not the leader 2759b58a-2fbd-4e45-94a8-47799d948184:192.168.69.96:41390, logIndex=0, commits[877608bb-19c4-4d8c-8958-a78beaef70b4:c14, 2567324e-9700-4950-ac37-98ef668bcfff:c14, 2759b58a-2fbd-4e45-94a8-47799d948184:c14]
2019-09-11 10:55:34,062 [java.util.concurrent.ThreadPoolExecutor$Worker@52611adc[State = -1, empty queue]] WARN  server.GrpcLogAppender (GrpcLogAppender.java:timeoutAppendRequest(200)) - 2759b58a-2fbd-4e45-94a8-47799d948184@group-17832C0C68B9->877608bb-19c4-4d8c-8958-a78beaef70b4-GrpcLogAppender: appendEntries Timeout, request=2759b58a-2fbd-4e45-94a8-47799d948184->877608bb-19c4-4d8c-8958-a78beaef70b4#121-t2, previous=(t:2, i:18), leaderCommit=14, initializing? false, entries: <empty>
2019-09-11 10:55:34,062 [java.util.concurrent.ThreadPoolExecutor$Worker@d960b43[State = -1, empty queue]] WARN  server.GrpcLogAppender (GrpcLogAppender.java:timeoutAppendRequest(200)) - 2759b58a-2fbd-4e45-94a8-47799d948184@group-17832C0C68B9->2567324e-9700-4950-ac37-98ef668bcfff-GrpcLogAppender: appendEntries Timeout, request=2759b58a-2fbd-4e45-94a8-47799d948184->2567324e-9700-4950-ac37-98ef668bcfff#121-t2, previous=(t:2, i:18), leaderCommit=14, initializing? false, entries: <empty>
2019-09-11 10:55:36,042 [877608bb-19c4-4d8c-8958-a78beaef70b4@group-17832C0C68B9-SegmentedRaftLogWorker] WARN  segmented.SegmentedRaftLogWorker (SegmentedRaftLogWorker.java:getFromFuture(90)) - Timeout 6/~
org.apache.ratis.protocol.TimeoutIOException: Timeout 10s: WriteLog:15: (t:2, i:15), STATEMACHINELOGENTRY, client-ADF5984F8D70, cid=55-writeStateMachineData
	at org.apache.ratis.util.IOUtils.getFromFuture(IOUtils.java:87)
	at org.apache.ratis.server.raftlog.segmented.SegmentedRaftLogWorker$StateMachineDataPolicy.getFromFuture(SegmentedRaftLogWorker.java:87)
	at org.apache.ratis.server.raftlog.segmented.SegmentedRaftLogWorker$WriteLog.execute(SegmentedRaftLogWorker.java:477)
	at org.apache.ratis.server.raftlog.segmented.SegmentedRaftLogWorker.run(SegmentedRaftLogWorker.java:289)
	at java.lang.Thread.run(Thread.java:748)
Caused by: java.util.concurrent.TimeoutException
	at java.util.concurrent.CompletableFuture.timedGet(CompletableFuture.java:1771)
	at java.util.concurrent.CompletableFuture.get(CompletableFuture.java:1915)
	at org.apache.ratis.util.IOUtils.getFromFuture(IOUtils.java:79)
	... 4 more
2019-09-11 10:55:36,172 [2567324e-9700-4950-ac37-98ef668bcfff@group-17832C0C68B9-SegmentedRaftLogWorker] WARN  segmented.SegmentedRaftLogWorker (SegmentedRaftLogWorker.java:getFromFuture(90)) - Timeout 6/~
org.apache.ratis.protocol.TimeoutIOException: Timeout 10s: WriteLog:17: (t:2, i:17), STATEMACHINELOGENTRY, client-ADF5984F8D70, cid=57-writeStateMachineData
	at org.apache.ratis.util.IOUtils.getFromFuture(IOUtils.java:87)
	at org.apache.ratis.server.raftlog.segmented.SegmentedRaftLogWorker$StateMachineDataPolicy.getFromFuture(SegmentedRaftLogWorker.java:87)
	at org.apache.ratis.server.raftlog.segmented.SegmentedRaftLogWorker$WriteLog.execute(SegmentedRaftLogWorker.java:477)
	at org.apache.ratis.server.raftlog.segmented.SegmentedRaftLogWorker.run(SegmentedRaftLogWorker.java:289)
	at java.lang.Thread.run(Thread.java:748)
Caused by: java.util.concurrent.TimeoutException
	at java.util.concurrent.CompletableFuture.timedGet(CompletableFuture.java:1771)
	at java.util.concurrent.CompletableFuture.get(CompletableFuture.java:1915)
	at org.apache.ratis.util.IOUtils.getFromFuture(IOUtils.java:79)
	... 4 more
2019-09-11 10:55:36,198 [2759b58a-2fbd-4e45-94a8-47799d948184@group-17832C0C68B9-SegmentedRaftLogWorker] WARN  segmented.SegmentedRaftLogWorker (SegmentedRaftLogWorker.java:getFromFuture(90)) - Timeout 6/~
org.apache.ratis.protocol.TimeoutIOException: Timeout 10s: WriteLog:17: (t:2, i:17), STATEMACHINELOGENTRY, client-ADF5984F8D70, cid=57-writeStateMachineData
	at org.apache.ratis.util.IOUtils.getFromFuture(IOUtils.java:87)
	at org.apache.ratis.server.raftlog.segmented.SegmentedRaftLogWorker$StateMachineDataPolicy.getFromFuture(SegmentedRaftLogWorker.java:87)
	at org.apache.ratis.server.raftlog.segmented.SegmentedRaftLogWorker$WriteLog.execute(SegmentedRaftLogWorker.java:477)
	at org.apache.ratis.server.raftlog.segmented.SegmentedRaftLogWorker.run(SegmentedRaftLogWorker.java:289)
	at java.lang.Thread.run(Thread.java:748)
Caused by: java.util.concurrent.TimeoutException
	at java.util.concurrent.CompletableFuture.timedGet(CompletableFuture.java:1771)
	at java.util.concurrent.CompletableFuture.get(CompletableFuture.java:1915)
	at org.apache.ratis.util.IOUtils.getFromFuture(IOUtils.java:79)
	... 4 more
2019-09-11 10:55:36,563 [java.util.concurrent.ThreadPoolExecutor$Worker@52611adc[State = -1, empty queue]] WARN  server.GrpcLogAppender (GrpcLogAppender.java:timeoutAppendRequest(200)) - 2759b58a-2fbd-4e45-94a8-47799d948184@group-17832C0C68B9->877608bb-19c4-4d8c-8958-a78beaef70b4-GrpcLogAppender: appendEntries Timeout, request=2759b58a-2fbd-4e45-94a8-47799d948184->877608bb-19c4-4d8c-8958-a78beaef70b4#122-t2, previous=(t:2, i:18), leaderCommit=14, initializing? false, entries: <empty>
2019-09-11 10:55:36,563 [java.util.concurrent.ThreadPoolExecutor$Worker@d960b43[State = -1, empty queue]] WARN  server.GrpcLogAppender (GrpcLogAppender.java:timeoutAppendRequest(200)) - 2759b58a-2fbd-4e45-94a8-47799d948184@group-17832C0C68B9->2567324e-9700-4950-ac37-98ef668bcfff-GrpcLogAppender: appendEntries Timeout, request=2759b58a-2fbd-4e45-94a8-47799d948184->2567324e-9700-4950-ac37-98ef668bcfff#122-t2, previous=(t:2, i:18), leaderCommit=14, initializing? false, entries: <empty>
2019-09-11 10:55:36,812 [grpc-default-executor-6] INFO  client.GrpcClientProtocolClient (GrpcClientProtocolClient.java:onNext(264)) - client-ADF5984F8D70->2567324e-9700-4950-ac37-98ef668bcfff: receive RaftClientReply:client-ADF5984F8D70->2567324e-9700-4950-ac37-98ef668bcfff@group-17832C0C68B9, cid=55, FAILED org.apache.ratis.protocol.NotLeaderException: Server 2567324e-9700-4950-ac37-98ef668bcfff@group-17832C0C68B9 is not the leader 2759b58a-2fbd-4e45-94a8-47799d948184:192.168.69.96:41390, logIndex=0, commits[2567324e-9700-4950-ac37-98ef668bcfff:c14, 877608bb-19c4-4d8c-8958-a78beaef70b4:c14, 2759b58a-2fbd-4e45-94a8-47799d948184:c14]
2019-09-11 10:55:39,063 [java.util.concurrent.ThreadPoolExecutor$Worker@d960b43[State = -1, empty queue]] WARN  server.GrpcLogAppender (GrpcLogAppender.java:timeoutAppendRequest(200)) - 2759b58a-2fbd-4e45-94a8-47799d948184@group-17832C0C68B9->2567324e-9700-4950-ac37-98ef668bcfff-GrpcLogAppender: appendEntries Timeout, request=2759b58a-2fbd-4e45-94a8-47799d948184->2567324e-9700-4950-ac37-98ef668bcfff#123-t2, previous=(t:2, i:18), leaderCommit=14, initializing? false, entries: <empty>
2019-09-11 10:55:39,063 [java.util.concurrent.ThreadPoolExecutor$Worker@52611adc[State = -1, empty queue]] WARN  server.GrpcLogAppender (GrpcLogAppender.java:timeoutAppendRequest(200)) - 2759b58a-2fbd-4e45-94a8-47799d948184@group-17832C0C68B9->877608bb-19c4-4d8c-8958-a78beaef70b4-GrpcLogAppender: appendEntries Timeout, request=2759b58a-2fbd-4e45-94a8-47799d948184->877608bb-19c4-4d8c-8958-a78beaef70b4#123-t2, previous=(t:2, i:18), leaderCommit=14, initializing? false, entries: <empty>
2019-09-11 10:55:41,564 [java.util.concurrent.ThreadPoolExecutor$Worker@d960b43[State = -1, empty queue]] WARN  server.GrpcLogAppender (GrpcLogAppender.java:timeoutAppendRequest(200)) - 2759b58a-2fbd-4e45-94a8-47799d948184@group-17832C0C68B9->2567324e-9700-4950-ac37-98ef668bcfff-GrpcLogAppender: appendEntries Timeout, request=2759b58a-2fbd-4e45-94a8-47799d948184->2567324e-9700-4950-ac37-98ef668bcfff#124-t2, previous=(t:2, i:18), leaderCommit=14, initializing? false, entries: <empty>
2019-09-11 10:55:41,564 [java.util.concurrent.ThreadPoolExecutor$Worker@52611adc[State = -1, empty queue]] WARN  server.GrpcLogAppender (GrpcLogAppender.java:timeoutAppendRequest(200)) - 2759b58a-2fbd-4e45-94a8-47799d948184@group-17832C0C68B9->877608bb-19c4-4d8c-8958-a78beaef70b4-GrpcLogAppender: appendEntries Timeout, request=2759b58a-2fbd-4e45-94a8-47799d948184->877608bb-19c4-4d8c-8958-a78beaef70b4#124-t2, previous=(t:2, i:18), leaderCommit=14, initializing? false, entries: <empty>
2019-09-11 10:55:41,912 [grpc-default-executor-6] INFO  client.GrpcClientProtocolClient (GrpcClientProtocolClient.java:onNext(264)) - client-ADF5984F8D70->2567324e-9700-4950-ac37-98ef668bcfff: receive RaftClientReply:client-ADF5984F8D70->2567324e-9700-4950-ac37-98ef668bcfff@group-17832C0C68B9, cid=55, FAILED org.apache.ratis.protocol.NotLeaderException: Server 2567324e-9700-4950-ac37-98ef668bcfff@group-17832C0C68B9 is not the leader 2759b58a-2fbd-4e45-94a8-47799d948184:192.168.69.96:41390, logIndex=0, commits[2567324e-9700-4950-ac37-98ef668bcfff:c14, 877608bb-19c4-4d8c-8958-a78beaef70b4:c14, 2759b58a-2fbd-4e45-94a8-47799d948184:c14]
2019-09-11 10:55:44,064 [java.util.concurrent.ThreadPoolExecutor$Worker@d960b43[State = -1, empty queue]] WARN  server.GrpcLogAppender (GrpcLogAppender.java:timeoutAppendRequest(200)) - 2759b58a-2fbd-4e45-94a8-47799d948184@group-17832C0C68B9->2567324e-9700-4950-ac37-98ef668bcfff-GrpcLogAppender: appendEntries Timeout, request=2759b58a-2fbd-4e45-94a8-47799d948184->2567324e-9700-4950-ac37-98ef668bcfff#125-t2, previous=(t:2, i:18), leaderCommit=14, initializing? false, entries: <empty>
2019-09-11 10:55:44,064 [java.util.concurrent.ThreadPoolExecutor$Worker@52611adc[State = -1, empty queue]] WARN  server.GrpcLogAppender (GrpcLogAppender.java:timeoutAppendRequest(200)) - 2759b58a-2fbd-4e45-94a8-47799d948184@group-17832C0C68B9->877608bb-19c4-4d8c-8958-a78beaef70b4-GrpcLogAppender: appendEntries Timeout, request=2759b58a-2fbd-4e45-94a8-47799d948184->877608bb-19c4-4d8c-8958-a78beaef70b4#125-t2, previous=(t:2, i:18), leaderCommit=14, initializing? false, entries: <empty>
2019-09-11 10:55:46,044 [877608bb-19c4-4d8c-8958-a78beaef70b4@group-17832C0C68B9-SegmentedRaftLogWorker] WARN  segmented.SegmentedRaftLogWorker (SegmentedRaftLogWorker.java:getFromFuture(90)) - Timeout 7/~
org.apache.ratis.protocol.TimeoutIOException: Timeout 10s: WriteLog:15: (t:2, i:15), STATEMACHINELOGENTRY, client-ADF5984F8D70, cid=55-writeStateMachineData
	at org.apache.ratis.util.IOUtils.getFromFuture(IOUtils.java:87)
	at org.apache.ratis.server.raftlog.segmented.SegmentedRaftLogWorker$StateMachineDataPolicy.getFromFuture(SegmentedRaftLogWorker.java:87)
	at org.apache.ratis.server.raftlog.segmented.SegmentedRaftLogWorker$WriteLog.execute(SegmentedRaftLogWorker.java:477)
	at org.apache.ratis.server.raftlog.segmented.SegmentedRaftLogWorker.run(SegmentedRaftLogWorker.java:289)
	at java.lang.Thread.run(Thread.java:748)
Caused by: java.util.concurrent.TimeoutException
	at java.util.concurrent.CompletableFuture.timedGet(CompletableFuture.java:1771)
	at java.util.concurrent.CompletableFuture.get(CompletableFuture.java:1915)
	at org.apache.ratis.util.IOUtils.getFromFuture(IOUtils.java:79)
	... 4 more
2019-09-11 10:55:46,198 [2567324e-9700-4950-ac37-98ef668bcfff@group-17832C0C68B9-SegmentedRaftLogWorker] WARN  segmented.SegmentedRaftLogWorker (SegmentedRaftLogWorker.java:getFromFuture(90)) - Timeout 7/~
org.apache.ratis.protocol.TimeoutIOException: Timeout 10s: WriteLog:17: (t:2, i:17), STATEMACHINELOGENTRY, client-ADF5984F8D70, cid=57-writeStateMachineData
	at org.apache.ratis.util.IOUtils.getFromFuture(IOUtils.java:87)
	at org.apache.ratis.server.raftlog.segmented.SegmentedRaftLogWorker$StateMachineDataPolicy.getFromFuture(SegmentedRaftLogWorker.java:87)
	at org.apache.ratis.server.raftlog.segmented.SegmentedRaftLogWorker$WriteLog.execute(SegmentedRaftLogWorker.java:477)
	at org.apache.ratis.server.raftlog.segmented.SegmentedRaftLogWorker.run(SegmentedRaftLogWorker.java:289)
	at java.lang.Thread.run(Thread.java:748)
Caused by: java.util.concurrent.TimeoutException
	at java.util.concurrent.CompletableFuture.timedGet(CompletableFuture.java:1771)
	at java.util.concurrent.CompletableFuture.get(CompletableFuture.java:1915)
	at org.apache.ratis.util.IOUtils.getFromFuture(IOUtils.java:79)
	... 4 more
2019-09-11 10:55:46,199 [2759b58a-2fbd-4e45-94a8-47799d948184@group-17832C0C68B9-SegmentedRaftLogWorker] WARN  segmented.SegmentedRaftLogWorker (SegmentedRaftLogWorker.java:getFromFuture(90)) - Timeout 7/~
org.apache.ratis.protocol.TimeoutIOException: Timeout 10s: WriteLog:17: (t:2, i:17), STATEMACHINELOGENTRY, client-ADF5984F8D70, cid=57-writeStateMachineData
	at org.apache.ratis.util.IOUtils.getFromFuture(IOUtils.java:87)
	at org.apache.ratis.server.raftlog.segmented.SegmentedRaftLogWorker$StateMachineDataPolicy.getFromFuture(SegmentedRaftLogWorker.java:87)
	at org.apache.ratis.server.raftlog.segmented.SegmentedRaftLogWorker$WriteLog.execute(SegmentedRaftLogWorker.java:477)
	at org.apache.ratis.server.raftlog.segmented.SegmentedRaftLogWorker.run(SegmentedRaftLogWorker.java:289)
	at java.lang.Thread.run(Thread.java:748)
Caused by: java.util.concurrent.TimeoutException
	at java.util.concurrent.CompletableFuture.timedGet(CompletableFuture.java:1771)
	at java.util.concurrent.CompletableFuture.get(CompletableFuture.java:1915)
	at org.apache.ratis.util.IOUtils.getFromFuture(IOUtils.java:79)
	... 4 more
2019-09-11 10:55:46,565 [java.util.concurrent.ThreadPoolExecutor$Worker@d960b43[State = -1, empty queue]] WARN  server.GrpcLogAppender (GrpcLogAppender.java:timeoutAppendRequest(200)) - 2759b58a-2fbd-4e45-94a8-47799d948184@group-17832C0C68B9->2567324e-9700-4950-ac37-98ef668bcfff-GrpcLogAppender: appendEntries Timeout, request=2759b58a-2fbd-4e45-94a8-47799d948184->2567324e-9700-4950-ac37-98ef668bcfff#126-t2, previous=(t:2, i:18), leaderCommit=14, initializing? false, entries: <empty>
2019-09-11 10:55:46,565 [java.util.concurrent.ThreadPoolExecutor$Worker@52611adc[State = -1, empty queue]] WARN  server.GrpcLogAppender (GrpcLogAppender.java:timeoutAppendRequest(200)) - 2759b58a-2fbd-4e45-94a8-47799d948184@group-17832C0C68B9->877608bb-19c4-4d8c-8958-a78beaef70b4-GrpcLogAppender: appendEntries Timeout, request=2759b58a-2fbd-4e45-94a8-47799d948184->877608bb-19c4-4d8c-8958-a78beaef70b4#126-t2, previous=(t:2, i:18), leaderCommit=14, initializing? false, entries: <empty>
2019-09-11 10:55:46,969 [grpc-default-executor-6] INFO  client.GrpcClientProtocolClient (GrpcClientProtocolClient.java:onNext(264)) - client-ADF5984F8D70->2567324e-9700-4950-ac37-98ef668bcfff: receive RaftClientReply:client-ADF5984F8D70->2567324e-9700-4950-ac37-98ef668bcfff@group-17832C0C68B9, cid=55, FAILED org.apache.ratis.protocol.NotLeaderException: Server 2567324e-9700-4950-ac37-98ef668bcfff@group-17832C0C68B9 is not the leader 2759b58a-2fbd-4e45-94a8-47799d948184:192.168.69.96:41390, logIndex=0, commits[2567324e-9700-4950-ac37-98ef668bcfff:c14, 877608bb-19c4-4d8c-8958-a78beaef70b4:c14, 2759b58a-2fbd-4e45-94a8-47799d948184:c14]
2019-09-11 10:55:49,066 [java.util.concurrent.ThreadPoolExecutor$Worker@52611adc[State = -1, empty queue]] WARN  server.GrpcLogAppender (GrpcLogAppender.java:timeoutAppendRequest(200)) - 2759b58a-2fbd-4e45-94a8-47799d948184@group-17832C0C68B9->877608bb-19c4-4d8c-8958-a78beaef70b4-GrpcLogAppender: appendEntries Timeout, request=2759b58a-2fbd-4e45-94a8-47799d948184->877608bb-19c4-4d8c-8958-a78beaef70b4#127-t2, previous=(t:2, i:18), leaderCommit=14, initializing? false, entries: <empty>
2019-09-11 10:55:49,066 [java.util.concurrent.ThreadPoolExecutor$Worker@d960b43[State = -1, empty queue]] WARN  server.GrpcLogAppender (GrpcLogAppender.java:timeoutAppendRequest(200)) - 2759b58a-2fbd-4e45-94a8-47799d948184@group-17832C0C68B9->2567324e-9700-4950-ac37-98ef668bcfff-GrpcLogAppender: appendEntries Timeout, request=2759b58a-2fbd-4e45-94a8-47799d948184->2567324e-9700-4950-ac37-98ef668bcfff#127-t2, previous=(t:2, i:18), leaderCommit=14, initializing? false, entries: <empty>
2019-09-11 10:55:51,566 [java.util.concurrent.ThreadPoolExecutor$Worker@d960b43[State = -1, empty queue]] WARN  server.GrpcLogAppender (GrpcLogAppender.java:timeoutAppendRequest(200)) - 2759b58a-2fbd-4e45-94a8-47799d948184@group-17832C0C68B9->2567324e-9700-4950-ac37-98ef668bcfff-GrpcLogAppender: appendEntries Timeout, request=2759b58a-2fbd-4e45-94a8-47799d948184->2567324e-9700-4950-ac37-98ef668bcfff#128-t2, previous=(t:2, i:18), leaderCommit=14, initializing? false, entries: <empty>
2019-09-11 10:55:51,566 [java.util.concurrent.ThreadPoolExecutor$Worker@52611adc[State = -1, empty queue]] WARN  server.GrpcLogAppender (GrpcLogAppender.java:timeoutAppendRequest(200)) - 2759b58a-2fbd-4e45-94a8-47799d948184@group-17832C0C68B9->877608bb-19c4-4d8c-8958-a78beaef70b4-GrpcLogAppender: appendEntries Timeout, request=2759b58a-2fbd-4e45-94a8-47799d948184->877608bb-19c4-4d8c-8958-a78beaef70b4#128-t2, previous=(t:2, i:18), leaderCommit=14, initializing? false, entries: <empty>
2019-09-11 10:55:52,030 [grpc-default-executor-6] INFO  client.GrpcClientProtocolClient (GrpcClientProtocolClient.java:onNext(264)) - client-ADF5984F8D70->2567324e-9700-4950-ac37-98ef668bcfff: receive RaftClientReply:client-ADF5984F8D70->2567324e-9700-4950-ac37-98ef668bcfff@group-17832C0C68B9, cid=55, FAILED org.apache.ratis.protocol.NotLeaderException: Server 2567324e-9700-4950-ac37-98ef668bcfff@group-17832C0C68B9 is not the leader 2759b58a-2fbd-4e45-94a8-47799d948184:192.168.69.96:41390, logIndex=0, commits[2567324e-9700-4950-ac37-98ef668bcfff:c14, 877608bb-19c4-4d8c-8958-a78beaef70b4:c14, 2759b58a-2fbd-4e45-94a8-47799d948184:c14]
2019-09-11 10:55:54,067 [java.util.concurrent.ThreadPoolExecutor$Worker@52611adc[State = -1, empty queue]] WARN  server.GrpcLogAppender (GrpcLogAppender.java:timeoutAppendRequest(200)) - 2759b58a-2fbd-4e45-94a8-47799d948184@group-17832C0C68B9->877608bb-19c4-4d8c-8958-a78beaef70b4-GrpcLogAppender: appendEntries Timeout, request=2759b58a-2fbd-4e45-94a8-47799d948184->877608bb-19c4-4d8c-8958-a78beaef70b4#129-t2, previous=(t:2, i:18), leaderCommit=14, initializing? false, entries: <empty>
2019-09-11 10:55:54,067 [java.util.concurrent.ThreadPoolExecutor$Worker@d960b43[State = -1, empty queue]] WARN  server.GrpcLogAppender (GrpcLogAppender.java:timeoutAppendRequest(200)) - 2759b58a-2fbd-4e45-94a8-47799d948184@group-17832C0C68B9->2567324e-9700-4950-ac37-98ef668bcfff-GrpcLogAppender: appendEntries Timeout, request=2759b58a-2fbd-4e45-94a8-47799d948184->2567324e-9700-4950-ac37-98ef668bcfff#129-t2, previous=(t:2, i:18), leaderCommit=14, initializing? false, entries: <empty>
2019-09-11 10:55:56,045 [877608bb-19c4-4d8c-8958-a78beaef70b4@group-17832C0C68B9-SegmentedRaftLogWorker] WARN  segmented.SegmentedRaftLogWorker (SegmentedRaftLogWorker.java:getFromFuture(90)) - Timeout 8/~
org.apache.ratis.protocol.TimeoutIOException: Timeout 10s: WriteLog:15: (t:2, i:15), STATEMACHINELOGENTRY, client-ADF5984F8D70, cid=55-writeStateMachineData
	at org.apache.ratis.util.IOUtils.getFromFuture(IOUtils.java:87)
	at org.apache.ratis.server.raftlog.segmented.SegmentedRaftLogWorker$StateMachineDataPolicy.getFromFuture(SegmentedRaftLogWorker.java:87)
	at org.apache.ratis.server.raftlog.segmented.SegmentedRaftLogWorker$WriteLog.execute(SegmentedRaftLogWorker.java:477)
	at org.apache.ratis.server.raftlog.segmented.SegmentedRaftLogWorker.run(SegmentedRaftLogWorker.java:289)
	at java.lang.Thread.run(Thread.java:748)
Caused by: java.util.concurrent.TimeoutException
	at java.util.concurrent.CompletableFuture.timedGet(CompletableFuture.java:1771)
	at java.util.concurrent.CompletableFuture.get(CompletableFuture.java:1915)
	at org.apache.ratis.util.IOUtils.getFromFuture(IOUtils.java:79)
	... 4 more
2019-09-11 10:55:56,199 [2567324e-9700-4950-ac37-98ef668bcfff@group-17832C0C68B9-SegmentedRaftLogWorker] WARN  segmented.SegmentedRaftLogWorker (SegmentedRaftLogWorker.java:getFromFuture(90)) - Timeout 8/~
org.apache.ratis.protocol.TimeoutIOException: Timeout 10s: WriteLog:17: (t:2, i:17), STATEMACHINELOGENTRY, client-ADF5984F8D70, cid=57-writeStateMachineData
	at org.apache.ratis.util.IOUtils.getFromFuture(IOUtils.java:87)
	at org.apache.ratis.server.raftlog.segmented.SegmentedRaftLogWorker$StateMachineDataPolicy.getFromFuture(SegmentedRaftLogWorker.java:87)
	at org.apache.ratis.server.raftlog.segmented.SegmentedRaftLogWorker$WriteLog.execute(SegmentedRaftLogWorker.java:477)
	at org.apache.ratis.server.raftlog.segmented.SegmentedRaftLogWorker.run(SegmentedRaftLogWorker.java:289)
	at java.lang.Thread.run(Thread.java:748)
Caused by: java.util.concurrent.TimeoutException
	at java.util.concurrent.CompletableFuture.timedGet(CompletableFuture.java:1771)
	at java.util.concurrent.CompletableFuture.get(CompletableFuture.java:1915)
	at org.apache.ratis.util.IOUtils.getFromFuture(IOUtils.java:79)
	... 4 more
2019-09-11 10:55:56,200 [2759b58a-2fbd-4e45-94a8-47799d948184@group-17832C0C68B9-SegmentedRaftLogWorker] WARN  segmented.SegmentedRaftLogWorker (SegmentedRaftLogWorker.java:getFromFuture(90)) - Timeout 8/~
org.apache.ratis.protocol.TimeoutIOException: Timeout 10s: WriteLog:17: (t:2, i:17), STATEMACHINELOGENTRY, client-ADF5984F8D70, cid=57-writeStateMachineData
	at org.apache.ratis.util.IOUtils.getFromFuture(IOUtils.java:87)
	at org.apache.ratis.server.raftlog.segmented.SegmentedRaftLogWorker$StateMachineDataPolicy.getFromFuture(SegmentedRaftLogWorker.java:87)
	at org.apache.ratis.server.raftlog.segmented.SegmentedRaftLogWorker$WriteLog.execute(SegmentedRaftLogWorker.java:477)
	at org.apache.ratis.server.raftlog.segmented.SegmentedRaftLogWorker.run(SegmentedRaftLogWorker.java:289)
	at java.lang.Thread.run(Thread.java:748)
Caused by: java.util.concurrent.TimeoutException
	at java.util.concurrent.CompletableFuture.timedGet(CompletableFuture.java:1771)
	at java.util.concurrent.CompletableFuture.get(CompletableFuture.java:1915)
	at org.apache.ratis.util.IOUtils.getFromFuture(IOUtils.java:79)
	... 4 more
2019-09-11 10:55:56,567 [java.util.concurrent.ThreadPoolExecutor$Worker@52611adc[State = -1, empty queue]] WARN  server.GrpcLogAppender (GrpcLogAppender.java:timeoutAppendRequest(200)) - 2759b58a-2fbd-4e45-94a8-47799d948184@group-17832C0C68B9->877608bb-19c4-4d8c-8958-a78beaef70b4-GrpcLogAppender: appendEntries Timeout, request=2759b58a-2fbd-4e45-94a8-47799d948184->877608bb-19c4-4d8c-8958-a78beaef70b4#130-t2, previous=(t:2, i:18), leaderCommit=14, initializing? false, entries: <empty>
2019-09-11 10:55:56,567 [java.util.concurrent.ThreadPoolExecutor$Worker@d960b43[State = -1, empty queue]] WARN  server.GrpcLogAppender (GrpcLogAppender.java:timeoutAppendRequest(200)) - 2759b58a-2fbd-4e45-94a8-47799d948184@group-17832C0C68B9->2567324e-9700-4950-ac37-98ef668bcfff-GrpcLogAppender: appendEntries Timeout, request=2759b58a-2fbd-4e45-94a8-47799d948184->2567324e-9700-4950-ac37-98ef668bcfff#130-t2, previous=(t:2, i:18), leaderCommit=14, initializing? false, entries: <empty>
2019-09-11 10:55:57,096 [grpc-default-executor-6] INFO  client.GrpcClientProtocolClient (GrpcClientProtocolClient.java:onNext(264)) - client-ADF5984F8D70->2567324e-9700-4950-ac37-98ef668bcfff: receive RaftClientReply:client-ADF5984F8D70->2567324e-9700-4950-ac37-98ef668bcfff@group-17832C0C68B9, cid=55, FAILED org.apache.ratis.protocol.NotLeaderException: Server 2567324e-9700-4950-ac37-98ef668bcfff@group-17832C0C68B9 is not the leader 2759b58a-2fbd-4e45-94a8-47799d948184:192.168.69.96:41390, logIndex=0, commits[2567324e-9700-4950-ac37-98ef668bcfff:c14, 877608bb-19c4-4d8c-8958-a78beaef70b4:c14, 2759b58a-2fbd-4e45-94a8-47799d948184:c14]
2019-09-11 10:55:59,068 [java.util.concurrent.ThreadPoolExecutor$Worker@d960b43[State = -1, empty queue]] WARN  server.GrpcLogAppender (GrpcLogAppender.java:timeoutAppendRequest(200)) - 2759b58a-2fbd-4e45-94a8-47799d948184@group-17832C0C68B9->2567324e-9700-4950-ac37-98ef668bcfff-GrpcLogAppender: appendEntries Timeout, request=2759b58a-2fbd-4e45-94a8-47799d948184->2567324e-9700-4950-ac37-98ef668bcfff#131-t2, previous=(t:2, i:18), leaderCommit=14, initializing? false, entries: <empty>
2019-09-11 10:55:59,068 [java.util.concurrent.ThreadPoolExecutor$Worker@52611adc[State = -1, empty queue]] WARN  server.GrpcLogAppender (GrpcLogAppender.java:timeoutAppendRequest(200)) - 2759b58a-2fbd-4e45-94a8-47799d948184@group-17832C0C68B9->877608bb-19c4-4d8c-8958-a78beaef70b4-GrpcLogAppender: appendEntries Timeout, request=2759b58a-2fbd-4e45-94a8-47799d948184->877608bb-19c4-4d8c-8958-a78beaef70b4#131-t2, previous=(t:2, i:18), leaderCommit=14, initializing? false, entries: <empty>
2019-09-11 10:56:01,568 [java.util.concurrent.ThreadPoolExecutor$Worker@d960b43[State = -1, empty queue]] WARN  server.GrpcLogAppender (GrpcLogAppender.java:timeoutAppendRequest(200)) - 2759b58a-2fbd-4e45-94a8-47799d948184@group-17832C0C68B9->2567324e-9700-4950-ac37-98ef668bcfff-GrpcLogAppender: appendEntries Timeout, request=2759b58a-2fbd-4e45-94a8-47799d948184->2567324e-9700-4950-ac37-98ef668bcfff#132-t2, previous=(t:2, i:18), leaderCommit=14, initializing? false, entries: <empty>
2019-09-11 10:56:01,568 [java.util.concurrent.ThreadPoolExecutor$Worker@52611adc[State = -1, empty queue]] WARN  server.GrpcLogAppender (GrpcLogAppender.java:timeoutAppendRequest(200)) - 2759b58a-2fbd-4e45-94a8-47799d948184@group-17832C0C68B9->877608bb-19c4-4d8c-8958-a78beaef70b4-GrpcLogAppender: appendEntries Timeout, request=2759b58a-2fbd-4e45-94a8-47799d948184->877608bb-19c4-4d8c-8958-a78beaef70b4#132-t2, previous=(t:2, i:18), leaderCommit=14, initializing? false, entries: <empty>
2019-09-11 10:56:02,152 [grpc-default-executor-6] INFO  client.GrpcClientProtocolClient (GrpcClientProtocolClient.java:onNext(264)) - client-ADF5984F8D70->2567324e-9700-4950-ac37-98ef668bcfff: receive RaftClientReply:client-ADF5984F8D70->2567324e-9700-4950-ac37-98ef668bcfff@group-17832C0C68B9, cid=55, FAILED org.apache.ratis.protocol.NotLeaderException: Server 2567324e-9700-4950-ac37-98ef668bcfff@group-17832C0C68B9 is not the leader 2759b58a-2fbd-4e45-94a8-47799d948184:192.168.69.96:41390, logIndex=0, commits[2567324e-9700-4950-ac37-98ef668bcfff:c14, 877608bb-19c4-4d8c-8958-a78beaef70b4:c14, 2759b58a-2fbd-4e45-94a8-47799d948184:c14]
2019-09-11 10:56:02,604 [ReplicationMonitor] INFO  container.ReplicationManager (ReplicationManager.java:forceCloseContainer(464)) - Force closing container #2 with BCSID 0, which is in QUASI_CLOSED state.
2019-09-11 10:56:02,606 [ReplicationMonitor] INFO  container.ReplicationManager (ReplicationManager.java:sendCloseCommand(659)) - Sending close container command for container #2 to datanode 4664729b-c9fa-423e-9516-a47fa5640f67{ip: 192.168.69.96, host: pr-hdds-1982-decom-states-q64lx-3787986432, networkLocation: /default-rack, certSerialId: null}.
2019-09-11 10:56:02,606 [ReplicationMonitor] INFO  container.ReplicationManager (ReplicationManager.java:sendCloseCommand(659)) - Sending close container command for container #2 to datanode 75ec484c-7743-415c-a891-044da79f6b4d{ip: 192.168.69.96, host: pr-hdds-1982-decom-states-q64lx-3787986432, networkLocation: /default-rack, certSerialId: null}.
2019-09-11 10:56:02,606 [ReplicationMonitor] INFO  container.ReplicationManager (ReplicationManager.java:sendCloseCommand(659)) - Sending close container command for container #2 to datanode 08f1fccb-3813-4a19-b386-9d1a73d37d0e{ip: 192.168.69.96, host: pr-hdds-1982-decom-states-q64lx-3787986432, networkLocation: /default-rack, certSerialId: null}.
2019-09-11 10:56:02,607 [ReplicationMonitor] INFO  container.ReplicationManager (ReplicationManager.java:run(225)) - Replication Monitor Thread took 12 milliseconds for processing 10 containers.
2019-09-11 10:56:04,068 [java.util.concurrent.ThreadPoolExecutor$Worker@d960b43[State = -1, empty queue]] WARN  server.GrpcLogAppender (GrpcLogAppender.java:timeoutAppendRequest(200)) - 2759b58a-2fbd-4e45-94a8-47799d948184@group-17832C0C68B9->2567324e-9700-4950-ac37-98ef668bcfff-GrpcLogAppender: appendEntries Timeout, request=2759b58a-2fbd-4e45-94a8-47799d948184->2567324e-9700-4950-ac37-98ef668bcfff#133-t2, previous=(t:2, i:18), leaderCommit=14, initializing? false, entries: <empty>
2019-09-11 10:56:04,068 [java.util.concurrent.ThreadPoolExecutor$Worker@52611adc[State = -1, empty queue]] WARN  server.GrpcLogAppender (GrpcLogAppender.java:timeoutAppendRequest(200)) - 2759b58a-2fbd-4e45-94a8-47799d948184@group-17832C0C68B9->877608bb-19c4-4d8c-8958-a78beaef70b4-GrpcLogAppender: appendEntries Timeout, request=2759b58a-2fbd-4e45-94a8-47799d948184->877608bb-19c4-4d8c-8958-a78beaef70b4#133-t2, previous=(t:2, i:18), leaderCommit=14, initializing? false, entries: <empty>
2019-09-11 10:56:04,542 [Command processor thread] INFO  interfaces.Container (KeyValueContainer.java:flushAndSyncDB(386)) - Container 2 is synced with bcsId 0.
2019-09-11 10:56:04,543 [Command processor thread] INFO  interfaces.Container (KeyValueContainer.java:flushAndSyncDB(386)) - Container 2 is synced with bcsId 0.
2019-09-11 10:56:04,569 [Command processor thread] INFO  interfaces.Container (KeyValueContainer.java:close(335)) - Container 2 is closed with bcsId 0.
2019-09-11 10:56:04,570 [EventQueue-IncrementalContainerReportForIncrementalContainerReportHandler] INFO  container.IncrementalContainerReportHandler (AbstractContainerReportHandler.java:updateContainerState(202)) - Moving container #2 to CLOSED state, datanode 4664729b-c9fa-423e-9516-a47fa5640f67{ip: 192.168.69.96, host: pr-hdds-1982-decom-states-q64lx-3787986432, networkLocation: /default-rack, certSerialId: null} reported CLOSED replica.
2019-09-11 10:56:05,543 [Command processor thread] INFO  interfaces.Container (KeyValueContainer.java:flushAndSyncDB(386)) - Container 2 is synced with bcsId 0.
2019-09-11 10:56:05,544 [Command processor thread] INFO  interfaces.Container (KeyValueContainer.java:flushAndSyncDB(386)) - Container 2 is synced with bcsId 0.
2019-09-11 10:56:05,555 [Command processor thread] INFO  interfaces.Container (KeyValueContainer.java:flushAndSyncDB(386)) - Container 2 is synced with bcsId 0.
2019-09-11 10:56:05,555 [Command processor thread] INFO  interfaces.Container (KeyValueContainer.java:flushAndSyncDB(386)) - Container 2 is synced with bcsId 0.
2019-09-11 10:56:05,570 [Command processor thread] INFO  interfaces.Container (KeyValueContainer.java:close(335)) - Container 2 is closed with bcsId 0.
2019-09-11 10:56:05,570 [Command processor thread] INFO  interfaces.Container (KeyValueContainer.java:close(335)) - Container 2 is closed with bcsId 0.
2019-09-11 10:56:06,047 [877608bb-19c4-4d8c-8958-a78beaef70b4@group-17832C0C68B9-SegmentedRaftLogWorker] WARN  segmented.SegmentedRaftLogWorker (SegmentedRaftLogWorker.java:getFromFuture(90)) - Timeout 9/~
org.apache.ratis.protocol.TimeoutIOException: Timeout 10s: WriteLog:15: (t:2, i:15), STATEMACHINELOGENTRY, client-ADF5984F8D70, cid=55-writeStateMachineData
	at org.apache.ratis.util.IOUtils.getFromFuture(IOUtils.java:87)
	at org.apache.ratis.server.raftlog.segmented.SegmentedRaftLogWorker$StateMachineDataPolicy.getFromFuture(SegmentedRaftLogWorker.java:87)
	at org.apache.ratis.server.raftlog.segmented.SegmentedRaftLogWorker$WriteLog.execute(SegmentedRaftLogWorker.java:477)
	at org.apache.ratis.server.raftlog.segmented.SegmentedRaftLogWorker.run(SegmentedRaftLogWorker.java:289)
	at java.lang.Thread.run(Thread.java:748)
Caused by: java.util.concurrent.TimeoutException
	at java.util.concurrent.CompletableFuture.timedGet(CompletableFuture.java:1771)
	at java.util.concurrent.CompletableFuture.get(CompletableFuture.java:1915)
	at org.apache.ratis.util.IOUtils.getFromFuture(IOUtils.java:79)
	... 4 more
2019-09-11 10:56:06,200 [2567324e-9700-4950-ac37-98ef668bcfff@group-17832C0C68B9-SegmentedRaftLogWorker] WARN  segmented.SegmentedRaftLogWorker (SegmentedRaftLogWorker.java:getFromFuture(90)) - Timeout 9/~
org.apache.ratis.protocol.TimeoutIOException: Timeout 10s: WriteLog:17: (t:2, i:17), STATEMACHINELOGENTRY, client-ADF5984F8D70, cid=57-writeStateMachineData
	at org.apache.ratis.util.IOUtils.getFromFuture(IOUtils.java:87)
	at org.apache.ratis.server.raftlog.segmented.SegmentedRaftLogWorker$StateMachineDataPolicy.getFromFuture(SegmentedRaftLogWorker.java:87)
	at org.apache.ratis.server.raftlog.segmented.SegmentedRaftLogWorker$WriteLog.execute(SegmentedRaftLogWorker.java:477)
	at org.apache.ratis.server.raftlog.segmented.SegmentedRaftLogWorker.run(SegmentedRaftLogWorker.java:289)
	at java.lang.Thread.run(Thread.java:748)
Caused by: java.util.concurrent.TimeoutException
	at java.util.concurrent.CompletableFuture.timedGet(CompletableFuture.java:1771)
	at java.util.concurrent.CompletableFuture.get(CompletableFuture.java:1915)
	at org.apache.ratis.util.IOUtils.getFromFuture(IOUtils.java:79)
	... 4 more
2019-09-11 10:56:06,201 [2759b58a-2fbd-4e45-94a8-47799d948184@group-17832C0C68B9-SegmentedRaftLogWorker] WARN  segmented.SegmentedRaftLogWorker (SegmentedRaftLogWorker.java:getFromFuture(90)) - Timeout 9/~
org.apache.ratis.protocol.TimeoutIOException: Timeout 10s: WriteLog:17: (t:2, i:17), STATEMACHINELOGENTRY, client-ADF5984F8D70, cid=57-writeStateMachineData
	at org.apache.ratis.util.IOUtils.getFromFuture(IOUtils.java:87)
	at org.apache.ratis.server.raftlog.segmented.SegmentedRaftLogWorker$StateMachineDataPolicy.getFromFuture(SegmentedRaftLogWorker.java:87)
	at org.apache.ratis.server.raftlog.segmented.SegmentedRaftLogWorker$WriteLog.execute(SegmentedRaftLogWorker.java:477)
	at org.apache.ratis.server.raftlog.segmented.SegmentedRaftLogWorker.run(SegmentedRaftLogWorker.java:289)
	at java.lang.Thread.run(Thread.java:748)
Caused by: java.util.concurrent.TimeoutException
	at java.util.concurrent.CompletableFuture.timedGet(CompletableFuture.java:1771)
	at java.util.concurrent.CompletableFuture.get(CompletableFuture.java:1915)
	at org.apache.ratis.util.IOUtils.getFromFuture(IOUtils.java:79)
	... 4 more
2019-09-11 10:56:06,569 [java.util.concurrent.ThreadPoolExecutor$Worker@d960b43[State = -1, empty queue]] WARN  server.GrpcLogAppender (GrpcLogAppender.java:timeoutAppendRequest(200)) - 2759b58a-2fbd-4e45-94a8-47799d948184@group-17832C0C68B9->2567324e-9700-4950-ac37-98ef668bcfff-GrpcLogAppender: appendEntries Timeout, request=2759b58a-2fbd-4e45-94a8-47799d948184->2567324e-9700-4950-ac37-98ef668bcfff#134-t2, previous=(t:2, i:18), leaderCommit=14, initializing? false, entries: <empty>
2019-09-11 10:56:06,569 [java.util.concurrent.ThreadPoolExecutor$Worker@52611adc[State = -1, empty queue]] WARN  server.GrpcLogAppender (GrpcLogAppender.java:timeoutAppendRequest(200)) - 2759b58a-2fbd-4e45-94a8-47799d948184@group-17832C0C68B9->877608bb-19c4-4d8c-8958-a78beaef70b4-GrpcLogAppender: appendEntries Timeout, request=2759b58a-2fbd-4e45-94a8-47799d948184->877608bb-19c4-4d8c-8958-a78beaef70b4#134-t2, previous=(t:2, i:18), leaderCommit=14, initializing? false, entries: <empty>
2019-09-11 10:56:07,199 [grpc-default-executor-6] INFO  client.GrpcClientProtocolClient (GrpcClientProtocolClient.java:onNext(264)) - client-ADF5984F8D70->2567324e-9700-4950-ac37-98ef668bcfff: receive RaftClientReply:client-ADF5984F8D70->2567324e-9700-4950-ac37-98ef668bcfff@group-17832C0C68B9, cid=55, FAILED org.apache.ratis.protocol.NotLeaderException: Server 2567324e-9700-4950-ac37-98ef668bcfff@group-17832C0C68B9 is not the leader 2759b58a-2fbd-4e45-94a8-47799d948184:192.168.69.96:41390, logIndex=0, commits[2567324e-9700-4950-ac37-98ef668bcfff:c14, 877608bb-19c4-4d8c-8958-a78beaef70b4:c14, 2759b58a-2fbd-4e45-94a8-47799d948184:c14]
2019-09-11 10:56:09,069 [java.util.concurrent.ThreadPoolExecutor$Worker@d960b43[State = -1, empty queue]] WARN  server.GrpcLogAppender (GrpcLogAppender.java:timeoutAppendRequest(200)) - 2759b58a-2fbd-4e45-94a8-47799d948184@group-17832C0C68B9->2567324e-9700-4950-ac37-98ef668bcfff-GrpcLogAppender: appendEntries Timeout, request=2759b58a-2fbd-4e45-94a8-47799d948184->2567324e-9700-4950-ac37-98ef668bcfff#135-t2, previous=(t:2, i:18), leaderCommit=14, initializing? false, entries: <empty>
2019-09-11 10:56:09,069 [java.util.concurrent.ThreadPoolExecutor$Worker@52611adc[State = -1, empty queue]] WARN  server.GrpcLogAppender (GrpcLogAppender.java:timeoutAppendRequest(200)) - 2759b58a-2fbd-4e45-94a8-47799d948184@group-17832C0C68B9->877608bb-19c4-4d8c-8958-a78beaef70b4-GrpcLogAppender: appendEntries Timeout, request=2759b58a-2fbd-4e45-94a8-47799d948184->877608bb-19c4-4d8c-8958-a78beaef70b4#135-t2, previous=(t:2, i:18), leaderCommit=14, initializing? false, entries: <empty>
2019-09-11 10:56:11,569 [java.util.concurrent.ThreadPoolExecutor$Worker@d960b43[State = -1, empty queue]] WARN  server.GrpcLogAppender (GrpcLogAppender.java:timeoutAppendRequest(200)) - 2759b58a-2fbd-4e45-94a8-47799d948184@group-17832C0C68B9->2567324e-9700-4950-ac37-98ef668bcfff-GrpcLogAppender: appendEntries Timeout, request=2759b58a-2fbd-4e45-94a8-47799d948184->2567324e-9700-4950-ac37-98ef668bcfff#136-t2, previous=(t:2, i:18), leaderCommit=14, initializing? false, entries: <empty>
2019-09-11 10:56:11,569 [java.util.concurrent.ThreadPoolExecutor$Worker@52611adc[State = -1, empty queue]] WARN  server.GrpcLogAppender (GrpcLogAppender.java:timeoutAppendRequest(200)) - 2759b58a-2fbd-4e45-94a8-47799d948184@group-17832C0C68B9->877608bb-19c4-4d8c-8958-a78beaef70b4-GrpcLogAppender: appendEntries Timeout, request=2759b58a-2fbd-4e45-94a8-47799d948184->877608bb-19c4-4d8c-8958-a78beaef70b4#136-t2, previous=(t:2, i:18), leaderCommit=14, initializing? false, entries: <empty>
2019-09-11 10:56:12,255 [grpc-default-executor-0] INFO  client.GrpcClientProtocolClient (GrpcClientProtocolClient.java:onNext(264)) - client-ADF5984F8D70->877608bb-19c4-4d8c-8958-a78beaef70b4: receive RaftClientReply:client-ADF5984F8D70->877608bb-19c4-4d8c-8958-a78beaef70b4@group-17832C0C68B9, cid=55, FAILED org.apache.ratis.protocol.NotLeaderException: Server 877608bb-19c4-4d8c-8958-a78beaef70b4@group-17832C0C68B9 is not the leader 2759b58a-2fbd-4e45-94a8-47799d948184:192.168.69.96:41390, logIndex=0, commits[877608bb-19c4-4d8c-8958-a78beaef70b4:c14, 2567324e-9700-4950-ac37-98ef668bcfff:c14, 2759b58a-2fbd-4e45-94a8-47799d948184:c14]
2019-09-11 10:56:14,070 [java.util.concurrent.ThreadPoolExecutor$Worker@d960b43[State = -1, empty queue]] WARN  server.GrpcLogAppender (GrpcLogAppender.java:timeoutAppendRequest(200)) - 2759b58a-2fbd-4e45-94a8-47799d948184@group-17832C0C68B9->2567324e-9700-4950-ac37-98ef668bcfff-GrpcLogAppender: appendEntries Timeout, request=2759b58a-2fbd-4e45-94a8-47799d948184->2567324e-9700-4950-ac37-98ef668bcfff#137-t2, previous=(t:2, i:18), leaderCommit=14, initializing? false, entries: <empty>
2019-09-11 10:56:14,070 [java.util.concurrent.ThreadPoolExecutor$Worker@52611adc[State = -1, empty queue]] WARN  server.GrpcLogAppender (GrpcLogAppender.java:timeoutAppendRequest(200)) - 2759b58a-2fbd-4e45-94a8-47799d948184@group-17832C0C68B9->877608bb-19c4-4d8c-8958-a78beaef70b4-GrpcLogAppender: appendEntries Timeout, request=2759b58a-2fbd-4e45-94a8-47799d948184->877608bb-19c4-4d8c-8958-a78beaef70b4#137-t2, previous=(t:2, i:18), leaderCommit=14, initializing? false, entries: <empty>
2019-09-11 10:56:16,048 [877608bb-19c4-4d8c-8958-a78beaef70b4@group-17832C0C68B9-SegmentedRaftLogWorker] WARN  segmented.SegmentedRaftLogWorker (SegmentedRaftLogWorker.java:getFromFuture(90)) - Timeout 10/~
org.apache.ratis.protocol.TimeoutIOException: Timeout 10s: WriteLog:15: (t:2, i:15), STATEMACHINELOGENTRY, client-ADF5984F8D70, cid=55-writeStateMachineData
	at org.apache.ratis.util.IOUtils.getFromFuture(IOUtils.java:87)
	at org.apache.ratis.server.raftlog.segmented.SegmentedRaftLogWorker$StateMachineDataPolicy.getFromFuture(SegmentedRaftLogWorker.java:87)
	at org.apache.ratis.server.raftlog.segmented.SegmentedRaftLogWorker$WriteLog.execute(SegmentedRaftLogWorker.java:477)
	at org.apache.ratis.server.raftlog.segmented.SegmentedRaftLogWorker.run(SegmentedRaftLogWorker.java:289)
	at java.lang.Thread.run(Thread.java:748)
Caused by: java.util.concurrent.TimeoutException
	at java.util.concurrent.CompletableFuture.timedGet(CompletableFuture.java:1771)
	at java.util.concurrent.CompletableFuture.get(CompletableFuture.java:1915)
	at org.apache.ratis.util.IOUtils.getFromFuture(IOUtils.java:79)
	... 4 more
2019-09-11 10:56:16,201 [2567324e-9700-4950-ac37-98ef668bcfff@group-17832C0C68B9-SegmentedRaftLogWorker] WARN  segmented.SegmentedRaftLogWorker (SegmentedRaftLogWorker.java:getFromFuture(90)) - Timeout 10/~
org.apache.ratis.protocol.TimeoutIOException: Timeout 10s: WriteLog:17: (t:2, i:17), STATEMACHINELOGENTRY, client-ADF5984F8D70, cid=57-writeStateMachineData
	at org.apache.ratis.util.IOUtils.getFromFuture(IOUtils.java:87)
	at org.apache.ratis.server.raftlog.segmented.SegmentedRaftLogWorker$StateMachineDataPolicy.getFromFuture(SegmentedRaftLogWorker.java:87)
	at org.apache.ratis.server.raftlog.segmented.SegmentedRaftLogWorker$WriteLog.execute(SegmentedRaftLogWorker.java:477)
	at org.apache.ratis.server.raftlog.segmented.SegmentedRaftLogWorker.run(SegmentedRaftLogWorker.java:289)
	at java.lang.Thread.run(Thread.java:748)
Caused by: java.util.concurrent.TimeoutException
	at java.util.concurrent.CompletableFuture.timedGet(CompletableFuture.java:1771)
	at java.util.concurrent.CompletableFuture.get(CompletableFuture.java:1915)
	at org.apache.ratis.util.IOUtils.getFromFuture(IOUtils.java:79)
	... 4 more
2019-09-11 10:56:16,202 [2759b58a-2fbd-4e45-94a8-47799d948184@group-17832C0C68B9-SegmentedRaftLogWorker] WARN  segmented.SegmentedRaftLogWorker (SegmentedRaftLogWorker.java:getFromFuture(90)) - Timeout 10/~
org.apache.ratis.protocol.TimeoutIOException: Timeout 10s: WriteLog:17: (t:2, i:17), STATEMACHINELOGENTRY, client-ADF5984F8D70, cid=57-writeStateMachineData
	at org.apache.ratis.util.IOUtils.getFromFuture(IOUtils.java:87)
	at org.apache.ratis.server.raftlog.segmented.SegmentedRaftLogWorker$StateMachineDataPolicy.getFromFuture(SegmentedRaftLogWorker.java:87)
	at org.apache.ratis.server.raftlog.segmented.SegmentedRaftLogWorker$WriteLog.execute(SegmentedRaftLogWorker.java:477)
	at org.apache.ratis.server.raftlog.segmented.SegmentedRaftLogWorker.run(SegmentedRaftLogWorker.java:289)
	at java.lang.Thread.run(Thread.java:748)
Caused by: java.util.concurrent.TimeoutException
	at java.util.concurrent.CompletableFuture.timedGet(CompletableFuture.java:1771)
	at java.util.concurrent.CompletableFuture.get(CompletableFuture.java:1915)
	at org.apache.ratis.util.IOUtils.getFromFuture(IOUtils.java:79)
	... 4 more
2019-09-11 10:56:16,570 [java.util.concurrent.ThreadPoolExecutor$Worker@52611adc[State = -1, empty queue]] WARN  server.GrpcLogAppender (GrpcLogAppender.java:timeoutAppendRequest(200)) - 2759b58a-2fbd-4e45-94a8-47799d948184@group-17832C0C68B9->877608bb-19c4-4d8c-8958-a78beaef70b4-GrpcLogAppender: appendEntries Timeout, request=2759b58a-2fbd-4e45-94a8-47799d948184->877608bb-19c4-4d8c-8958-a78beaef70b4#138-t2, previous=(t:2, i:18), leaderCommit=14, initializing? false, entries: <empty>
2019-09-11 10:56:16,570 [java.util.concurrent.ThreadPoolExecutor$Worker@d960b43[State = -1, empty queue]] WARN  server.GrpcLogAppender (GrpcLogAppender.java:timeoutAppendRequest(200)) - 2759b58a-2fbd-4e45-94a8-47799d948184@group-17832C0C68B9->2567324e-9700-4950-ac37-98ef668bcfff-GrpcLogAppender: appendEntries Timeout, request=2759b58a-2fbd-4e45-94a8-47799d948184->2567324e-9700-4950-ac37-98ef668bcfff#138-t2, previous=(t:2, i:18), leaderCommit=14, initializing? false, entries: <empty>
2019-09-11 10:56:17,300 [grpc-default-executor-6] INFO  client.GrpcClientProtocolClient (GrpcClientProtocolClient.java:onNext(264)) - client-ADF5984F8D70->877608bb-19c4-4d8c-8958-a78beaef70b4: receive RaftClientReply:client-ADF5984F8D70->877608bb-19c4-4d8c-8958-a78beaef70b4@group-17832C0C68B9, cid=55, FAILED org.apache.ratis.protocol.NotLeaderException: Server 877608bb-19c4-4d8c-8958-a78beaef70b4@group-17832C0C68B9 is not the leader 2759b58a-2fbd-4e45-94a8-47799d948184:192.168.69.96:41390, logIndex=0, commits[877608bb-19c4-4d8c-8958-a78beaef70b4:c14, 2567324e-9700-4950-ac37-98ef668bcfff:c14, 2759b58a-2fbd-4e45-94a8-47799d948184:c14]
2019-09-11 10:56:19,070 [java.util.concurrent.ThreadPoolExecutor$Worker@52611adc[State = -1, empty queue]] WARN  server.GrpcLogAppender (GrpcLogAppender.java:timeoutAppendRequest(200)) - 2759b58a-2fbd-4e45-94a8-47799d948184@group-17832C0C68B9->877608bb-19c4-4d8c-8958-a78beaef70b4-GrpcLogAppender: appendEntries Timeout, request=2759b58a-2fbd-4e45-94a8-47799d948184->877608bb-19c4-4d8c-8958-a78beaef70b4#139-t2, previous=(t:2, i:18), leaderCommit=14, initializing? false, entries: <empty>
2019-09-11 10:56:19,070 [java.util.concurrent.ThreadPoolExecutor$Worker@d960b43[State = -1, empty queue]] WARN  server.GrpcLogAppender (GrpcLogAppender.java:timeoutAppendRequest(200)) - 2759b58a-2fbd-4e45-94a8-47799d948184@group-17832C0C68B9->2567324e-9700-4950-ac37-98ef668bcfff-GrpcLogAppender: appendEntries Timeout, request=2759b58a-2fbd-4e45-94a8-47799d948184->2567324e-9700-4950-ac37-98ef668bcfff#139-t2, previous=(t:2, i:18), leaderCommit=14, initializing? false, entries: <empty>
2019-09-11 10:56:21,571 [java.util.concurrent.ThreadPoolExecutor$Worker@d960b43[State = -1, empty queue]] WARN  server.GrpcLogAppender (GrpcLogAppender.java:timeoutAppendRequest(200)) - 2759b58a-2fbd-4e45-94a8-47799d948184@group-17832C0C68B9->2567324e-9700-4950-ac37-98ef668bcfff-GrpcLogAppender: appendEntries Timeout, request=2759b58a-2fbd-4e45-94a8-47799d948184->2567324e-9700-4950-ac37-98ef668bcfff#140-t2, previous=(t:2, i:18), leaderCommit=14, initializing? false, entries: <empty>
2019-09-11 10:56:21,571 [java.util.concurrent.ThreadPoolExecutor$Worker@52611adc[State = -1, empty queue]] WARN  server.GrpcLogAppender (GrpcLogAppender.java:timeoutAppendRequest(200)) - 2759b58a-2fbd-4e45-94a8-47799d948184@group-17832C0C68B9->877608bb-19c4-4d8c-8958-a78beaef70b4-GrpcLogAppender: appendEntries Timeout, request=2759b58a-2fbd-4e45-94a8-47799d948184->877608bb-19c4-4d8c-8958-a78beaef70b4#140-t2, previous=(t:2, i:18), leaderCommit=14, initializing? false, entries: <empty>
2019-09-11 10:56:22,345 [grpc-default-executor-7] INFO  client.GrpcClientProtocolClient (GrpcClientProtocolClient.java:onNext(264)) - client-ADF5984F8D70->877608bb-19c4-4d8c-8958-a78beaef70b4: receive RaftClientReply:client-ADF5984F8D70->877608bb-19c4-4d8c-8958-a78beaef70b4@group-17832C0C68B9, cid=55, FAILED org.apache.ratis.protocol.NotLeaderException: Server 877608bb-19c4-4d8c-8958-a78beaef70b4@group-17832C0C68B9 is not the leader 2759b58a-2fbd-4e45-94a8-47799d948184:192.168.69.96:41390, logIndex=0, commits[877608bb-19c4-4d8c-8958-a78beaef70b4:c14, 2567324e-9700-4950-ac37-98ef668bcfff:c14, 2759b58a-2fbd-4e45-94a8-47799d948184:c14]
2019-09-11 10:56:24,071 [java.util.concurrent.ThreadPoolExecutor$Worker@52611adc[State = -1, empty queue]] WARN  server.GrpcLogAppender (GrpcLogAppender.java:timeoutAppendRequest(200)) - 2759b58a-2fbd-4e45-94a8-47799d948184@group-17832C0C68B9->877608bb-19c4-4d8c-8958-a78beaef70b4-GrpcLogAppender: appendEntries Timeout, request=2759b58a-2fbd-4e45-94a8-47799d948184->877608bb-19c4-4d8c-8958-a78beaef70b4#141-t2, previous=(t:2, i:18), leaderCommit=14, initializing? false, entries: <empty>
2019-09-11 10:56:24,071 [java.util.concurrent.ThreadPoolExecutor$Worker@d960b43[State = -1, empty queue]] WARN  server.GrpcLogAppender (GrpcLogAppender.java:timeoutAppendRequest(200)) - 2759b58a-2fbd-4e45-94a8-47799d948184@group-17832C0C68B9->2567324e-9700-4950-ac37-98ef668bcfff-GrpcLogAppender: appendEntries Timeout, request=2759b58a-2fbd-4e45-94a8-47799d948184->2567324e-9700-4950-ac37-98ef668bcfff#141-t2, previous=(t:2, i:18), leaderCommit=14, initializing? false, entries: <empty>
2019-09-11 10:56:26,050 [877608bb-19c4-4d8c-8958-a78beaef70b4@group-17832C0C68B9-SegmentedRaftLogWorker] WARN  segmented.SegmentedRaftLogWorker (SegmentedRaftLogWorker.java:getFromFuture(90)) - Timeout 11/~
org.apache.ratis.protocol.TimeoutIOException: Timeout 10s: WriteLog:15: (t:2, i:15), STATEMACHINELOGENTRY, client-ADF5984F8D70, cid=55-writeStateMachineData
	at org.apache.ratis.util.IOUtils.getFromFuture(IOUtils.java:87)
	at org.apache.ratis.server.raftlog.segmented.SegmentedRaftLogWorker$StateMachineDataPolicy.getFromFuture(SegmentedRaftLogWorker.java:87)
	at org.apache.ratis.server.raftlog.segmented.SegmentedRaftLogWorker$WriteLog.execute(SegmentedRaftLogWorker.java:477)
	at org.apache.ratis.server.raftlog.segmented.SegmentedRaftLogWorker.run(SegmentedRaftLogWorker.java:289)
	at java.lang.Thread.run(Thread.java:748)
Caused by: java.util.concurrent.TimeoutException
	at java.util.concurrent.CompletableFuture.timedGet(CompletableFuture.java:1771)
	at java.util.concurrent.CompletableFuture.get(CompletableFuture.java:1915)
	at org.apache.ratis.util.IOUtils.getFromFuture(IOUtils.java:79)
	... 4 more
2019-09-11 10:56:26,080 [org.apache.ratis.server.impl.LogAppender$AppenderDaemon$$Lambda$497/1546363005@3cb1a730] ERROR ratis.XceiverServerRatis (XceiverServerRatis.java:triggerPipelineClose(568)) - pipeline Action CLOSE  on pipeline PipelineID=611d975d-381d-4bb5-be57-17832c0c68b9.Reason : 2759b58a-2fbd-4e45-94a8-47799d948184 has not seen follower/s 877608bb-19c4-4d8c-8958-a78beaef70b4 for 121242ms 2567324e-9700-4950-ac37-98ef668bcfff for 121242ms
2019-09-11 10:56:26,080 [org.apache.ratis.server.impl.LogAppender$AppenderDaemon$$Lambda$497/1546363005@53e48356] ERROR ratis.XceiverServerRatis (XceiverServerRatis.java:triggerPipelineClose(568)) - pipeline Action CLOSE  on pipeline PipelineID=611d975d-381d-4bb5-be57-17832c0c68b9.Reason : 2759b58a-2fbd-4e45-94a8-47799d948184 has not seen follower/s 877608bb-19c4-4d8c-8958-a78beaef70b4 for 121242ms 2567324e-9700-4950-ac37-98ef668bcfff for 121242ms
2019-09-11 10:56:26,202 [2567324e-9700-4950-ac37-98ef668bcfff@group-17832C0C68B9-SegmentedRaftLogWorker] WARN  segmented.SegmentedRaftLogWorker (SegmentedRaftLogWorker.java:getFromFuture(90)) - Timeout 11/~
org.apache.ratis.protocol.TimeoutIOException: Timeout 10s: WriteLog:17: (t:2, i:17), STATEMACHINELOGENTRY, client-ADF5984F8D70, cid=57-writeStateMachineData
	at org.apache.ratis.util.IOUtils.getFromFuture(IOUtils.java:87)
	at org.apache.ratis.server.raftlog.segmented.SegmentedRaftLogWorker$StateMachineDataPolicy.getFromFuture(SegmentedRaftLogWorker.java:87)
	at org.apache.ratis.server.raftlog.segmented.SegmentedRaftLogWorker$WriteLog.execute(SegmentedRaftLogWorker.java:477)
	at org.apache.ratis.server.raftlog.segmented.SegmentedRaftLogWorker.run(SegmentedRaftLogWorker.java:289)
	at java.lang.Thread.run(Thread.java:748)
Caused by: java.util.concurrent.TimeoutException
	at java.util.concurrent.CompletableFuture.timedGet(CompletableFuture.java:1771)
	at java.util.concurrent.CompletableFuture.get(CompletableFuture.java:1915)
	at org.apache.ratis.util.IOUtils.getFromFuture(IOUtils.java:79)
	... 4 more
2019-09-11 10:56:26,202 [2759b58a-2fbd-4e45-94a8-47799d948184@group-17832C0C68B9-SegmentedRaftLogWorker] WARN  segmented.SegmentedRaftLogWorker (SegmentedRaftLogWorker.java:getFromFuture(90)) - Timeout 11/~
org.apache.ratis.protocol.TimeoutIOException: Timeout 10s: WriteLog:17: (t:2, i:17), STATEMACHINELOGENTRY, client-ADF5984F8D70, cid=57-writeStateMachineData
	at org.apache.ratis.util.IOUtils.getFromFuture(IOUtils.java:87)
	at org.apache.ratis.server.raftlog.segmented.SegmentedRaftLogWorker$StateMachineDataPolicy.getFromFuture(SegmentedRaftLogWorker.java:87)
	at org.apache.ratis.server.raftlog.segmented.SegmentedRaftLogWorker$WriteLog.execute(SegmentedRaftLogWorker.java:477)
	at org.apache.ratis.server.raftlog.segmented.SegmentedRaftLogWorker.run(SegmentedRaftLogWorker.java:289)
	at java.lang.Thread.run(Thread.java:748)
Caused by: java.util.concurrent.TimeoutException
	at java.util.concurrent.CompletableFuture.timedGet(CompletableFuture.java:1771)
	at java.util.concurrent.CompletableFuture.get(CompletableFuture.java:1915)
	at org.apache.ratis.util.IOUtils.getFromFuture(IOUtils.java:79)
	... 4 more
2019-09-11 10:56:26,213 [EventQueue-PipelineActionsForPipelineActionHandler] ERROR pipeline.PipelineActionHandler (PipelineActionHandler.java:onMessage(60)) - Received pipeline action CLOSE for Pipeline[ Id: 611d975d-381d-4bb5-be57-17832c0c68b9, Nodes: 2567324e-9700-4950-ac37-98ef668bcfff{ip: 192.168.69.96, host: pr-hdds-1982-decom-states-q64lx-3787986432, networkLocation: /default-rack, certSerialId: null}2759b58a-2fbd-4e45-94a8-47799d948184{ip: 192.168.69.96, host: pr-hdds-1982-decom-states-q64lx-3787986432, networkLocation: /default-rack, certSerialId: null}877608bb-19c4-4d8c-8958-a78beaef70b4{ip: 192.168.69.96, host: pr-hdds-1982-decom-states-q64lx-3787986432, networkLocation: /default-rack, certSerialId: null}, Type:RATIS, Factor:THREE, State:OPEN] from datanode 2759b58a-2fbd-4e45-94a8-47799d948184{ip: 192.168.69.96, host: pr-hdds-1982-decom-states-q64lx-3787986432, networkLocation: /default-rack, certSerialId: null}. Reason : 2759b58a-2fbd-4e45-94a8-47799d948184 has not seen follower/s 877608bb-19c4-4d8c-8958-a78beaef70b4 for 121242ms 2567324e-9700-4950-ac37-98ef668bcfff for 121242ms
2019-09-11 10:56:26,213 [EventQueue-PipelineActionsForPipelineActionHandler] INFO  pipeline.SCMPipelineManager (SCMPipelineManager.java:finalizeAndDestroyPipeline(311)) - destroying pipeline:Pipeline[ Id: 611d975d-381d-4bb5-be57-17832c0c68b9, Nodes: 2567324e-9700-4950-ac37-98ef668bcfff{ip: 192.168.69.96, host: pr-hdds-1982-decom-states-q64lx-3787986432, networkLocation: /default-rack, certSerialId: null}2759b58a-2fbd-4e45-94a8-47799d948184{ip: 192.168.69.96, host: pr-hdds-1982-decom-states-q64lx-3787986432, networkLocation: /default-rack, certSerialId: null}877608bb-19c4-4d8c-8958-a78beaef70b4{ip: 192.168.69.96, host: pr-hdds-1982-decom-states-q64lx-3787986432, networkLocation: /default-rack, certSerialId: null}, Type:RATIS, Factor:THREE, State:OPEN]
2019-09-11 10:56:26,213 [EventQueue-PipelineActionsForPipelineActionHandler] INFO  pipeline.PipelineStateManager (PipelineStateManager.java:finalizePipeline(123)) - Pipeline Pipeline[ Id: 611d975d-381d-4bb5-be57-17832c0c68b9, Nodes: 2567324e-9700-4950-ac37-98ef668bcfff{ip: 192.168.69.96, host: pr-hdds-1982-decom-states-q64lx-3787986432, networkLocation: /default-rack, certSerialId: null}2759b58a-2fbd-4e45-94a8-47799d948184{ip: 192.168.69.96, host: pr-hdds-1982-decom-states-q64lx-3787986432, networkLocation: /default-rack, certSerialId: null}877608bb-19c4-4d8c-8958-a78beaef70b4{ip: 192.168.69.96, host: pr-hdds-1982-decom-states-q64lx-3787986432, networkLocation: /default-rack, certSerialId: null}, Type:RATIS, Factor:THREE, State:CLOSED] moved to CLOSED state
2019-09-11 10:56:26,214 [EventQueue-CloseContainerForCloseContainerEventHandler] INFO  container.CloseContainerEventHandler (CloseContainerEventHandler.java:onMessage(61)) - Close container Event triggered for container : #3
2019-09-11 10:56:26,215 [EventQueue-CloseContainerForCloseContainerEventHandler] INFO  container.CloseContainerEventHandler (CloseContainerEventHandler.java:onMessage(61)) - Close container Event triggered for container : #8
2019-09-11 10:56:26,215 [EventQueue-CloseContainerForCloseContainerEventHandler] INFO  container.CloseContainerEventHandler (CloseContainerEventHandler.java:onMessage(61)) - Close container Event triggered for container : #10
2019-09-11 10:56:26,571 [java.util.concurrent.ThreadPoolExecutor$Worker@d960b43[State = -1, empty queue]] WARN  server.GrpcLogAppender (GrpcLogAppender.java:timeoutAppendRequest(200)) - 2759b58a-2fbd-4e45-94a8-47799d948184@group-17832C0C68B9->2567324e-9700-4950-ac37-98ef668bcfff-GrpcLogAppender: appendEntries Timeout, request=2759b58a-2fbd-4e45-94a8-47799d948184->2567324e-9700-4950-ac37-98ef668bcfff#142-t2, previous=(t:2, i:18), leaderCommit=14, initializing? false, entries: <empty>
2019-09-11 10:56:26,571 [java.util.concurrent.ThreadPoolExecutor$Worker@52611adc[State = -1, empty queue]] WARN  server.GrpcLogAppender (GrpcLogAppender.java:timeoutAppendRequest(200)) - 2759b58a-2fbd-4e45-94a8-47799d948184@group-17832C0C68B9->877608bb-19c4-4d8c-8958-a78beaef70b4-GrpcLogAppender: appendEntries Timeout, request=2759b58a-2fbd-4e45-94a8-47799d948184->877608bb-19c4-4d8c-8958-a78beaef70b4#142-t2, previous=(t:2, i:18), leaderCommit=14, initializing? false, entries: <empty>
2019-09-11 10:56:27,424 [grpc-default-executor-7] INFO  client.GrpcClientProtocolClient (GrpcClientProtocolClient.java:onNext(264)) - client-ADF5984F8D70->877608bb-19c4-4d8c-8958-a78beaef70b4: receive RaftClientReply:client-ADF5984F8D70->877608bb-19c4-4d8c-8958-a78beaef70b4@group-17832C0C68B9, cid=55, FAILED org.apache.ratis.protocol.NotLeaderException: Server 877608bb-19c4-4d8c-8958-a78beaef70b4@group-17832C0C68B9 is not the leader 2759b58a-2fbd-4e45-94a8-47799d948184:192.168.69.96:41390, logIndex=0, commits[877608bb-19c4-4d8c-8958-a78beaef70b4:c14, 2567324e-9700-4950-ac37-98ef668bcfff:c14, 2759b58a-2fbd-4e45-94a8-47799d948184:c14]
2019-09-11 10:56:28,234 [org.apache.ratis.server.impl.LogAppender$AppenderDaemon$$Lambda$497/1546363005@53e48356] ERROR ratis.XceiverServerRatis (XceiverServerRatis.java:triggerPipelineClose(568)) - pipeline Action CLOSE  on pipeline PipelineID=611d975d-381d-4bb5-be57-17832c0c68b9.Reason : 2759b58a-2fbd-4e45-94a8-47799d948184 has not seen follower/s 877608bb-19c4-4d8c-8958-a78beaef70b4 for 123404ms 2567324e-9700-4950-ac37-98ef668bcfff for 123404ms
2019-09-11 10:56:28,234 [org.apache.ratis.server.impl.LogAppender$AppenderDaemon$$Lambda$497/1546363005@3cb1a730] ERROR ratis.XceiverServerRatis (XceiverServerRatis.java:triggerPipelineClose(568)) - pipeline Action CLOSE  on pipeline PipelineID=611d975d-381d-4bb5-be57-17832c0c68b9.Reason : 2759b58a-2fbd-4e45-94a8-47799d948184 has not seen follower/s 877608bb-19c4-4d8c-8958-a78beaef70b4 for 123404ms 2567324e-9700-4950-ac37-98ef668bcfff for 123404ms
2019-09-11 10:56:28,257 [Command processor thread] ERROR commandhandler.CloseContainerCommandHandler (CloseContainerCommandHandler.java:handle(84)) - Container #10 does not exist in datanode. Container close failed.
2019-09-11 10:56:29,072 [java.util.concurrent.ThreadPoolExecutor$Worker@52611adc[State = -1, empty queue]] WARN  server.GrpcLogAppender (GrpcLogAppender.java:timeoutAppendRequest(200)) - 2759b58a-2fbd-4e45-94a8-47799d948184@group-17832C0C68B9->877608bb-19c4-4d8c-8958-a78beaef70b4-GrpcLogAppender: appendEntries Timeout, request=2759b58a-2fbd-4e45-94a8-47799d948184->877608bb-19c4-4d8c-8958-a78beaef70b4#143-t2, previous=(t:2, i:18), leaderCommit=14, initializing? false, entries: <empty>
2019-09-11 10:56:29,072 [java.util.concurrent.ThreadPoolExecutor$Worker@d960b43[State = -1, empty queue]] WARN  server.GrpcLogAppender (GrpcLogAppender.java:timeoutAppendRequest(200)) - 2759b58a-2fbd-4e45-94a8-47799d948184@group-17832C0C68B9->2567324e-9700-4950-ac37-98ef668bcfff-GrpcLogAppender: appendEntries Timeout, request=2759b58a-2fbd-4e45-94a8-47799d948184->2567324e-9700-4950-ac37-98ef668bcfff#143-t2, previous=(t:2, i:18), leaderCommit=14, initializing? false, entries: <empty>
2019-09-11 10:56:29,234 [EventQueue-PipelineActionsForPipelineActionHandler] ERROR pipeline.PipelineActionHandler (PipelineActionHandler.java:onMessage(60)) - Received pipeline action CLOSE for Pipeline[ Id: 611d975d-381d-4bb5-be57-17832c0c68b9, Nodes: 2567324e-9700-4950-ac37-98ef668bcfff{ip: 192.168.69.96, host: pr-hdds-1982-decom-states-q64lx-3787986432, networkLocation: /default-rack, certSerialId: null}2759b58a-2fbd-4e45-94a8-47799d948184{ip: 192.168.69.96, host: pr-hdds-1982-decom-states-q64lx-3787986432, networkLocation: /default-rack, certSerialId: null}877608bb-19c4-4d8c-8958-a78beaef70b4{ip: 192.168.69.96, host: pr-hdds-1982-decom-states-q64lx-3787986432, networkLocation: /default-rack, certSerialId: null}, Type:RATIS, Factor:THREE, State:CLOSED] from datanode 2759b58a-2fbd-4e45-94a8-47799d948184{ip: 192.168.69.96, host: pr-hdds-1982-decom-states-q64lx-3787986432, networkLocation: /default-rack, certSerialId: null}. Reason : 2759b58a-2fbd-4e45-94a8-47799d948184 has not seen follower/s 877608bb-19c4-4d8c-8958-a78beaef70b4 for 123404ms 2567324e-9700-4950-ac37-98ef668bcfff for 123404ms
2019-09-11 10:56:29,234 [EventQueue-PipelineActionsForPipelineActionHandler] INFO  pipeline.SCMPipelineManager (SCMPipelineManager.java:finalizeAndDestroyPipeline(311)) - destroying pipeline:Pipeline[ Id: 611d975d-381d-4bb5-be57-17832c0c68b9, Nodes: 2567324e-9700-4950-ac37-98ef668bcfff{ip: 192.168.69.96, host: pr-hdds-1982-decom-states-q64lx-3787986432, networkLocation: /default-rack, certSerialId: null}2759b58a-2fbd-4e45-94a8-47799d948184{ip: 192.168.69.96, host: pr-hdds-1982-decom-states-q64lx-3787986432, networkLocation: /default-rack, certSerialId: null}877608bb-19c4-4d8c-8958-a78beaef70b4{ip: 192.168.69.96, host: pr-hdds-1982-decom-states-q64lx-3787986432, networkLocation: /default-rack, certSerialId: null}, Type:RATIS, Factor:THREE, State:CLOSED]
2019-09-11 10:56:29,253 [Command processor thread] ERROR commandhandler.CloseContainerCommandHandler (CloseContainerCommandHandler.java:handle(84)) - Container #10 does not exist in datanode. Container close failed.
2019-09-11 10:56:30,735 [org.apache.ratis.server.impl.LogAppender$AppenderDaemon$$Lambda$497/1546363005@3cb1a730] ERROR ratis.XceiverServerRatis (XceiverServerRatis.java:triggerPipelineClose(568)) - pipeline Action CLOSE  on pipeline PipelineID=611d975d-381d-4bb5-be57-17832c0c68b9.Reason : 2759b58a-2fbd-4e45-94a8-47799d948184 has not seen follower/s 877608bb-19c4-4d8c-8958-a78beaef70b4 for 125905ms 2567324e-9700-4950-ac37-98ef668bcfff for 125905ms
2019-09-11 10:56:30,735 [org.apache.ratis.server.impl.LogAppender$AppenderDaemon$$Lambda$497/1546363005@53e48356] ERROR ratis.XceiverServerRatis (XceiverServerRatis.java:triggerPipelineClose(568)) - pipeline Action CLOSE  on pipeline PipelineID=611d975d-381d-4bb5-be57-17832c0c68b9.Reason : 2759b58a-2fbd-4e45-94a8-47799d948184 has not seen follower/s 877608bb-19c4-4d8c-8958-a78beaef70b4 for 125905ms 2567324e-9700-4950-ac37-98ef668bcfff for 125905ms
2019-09-11 10:56:31,233 [EventQueue-PipelineActionsForPipelineActionHandler] ERROR pipeline.PipelineActionHandler (PipelineActionHandler.java:onMessage(60)) - Received pipeline action CLOSE for Pipeline[ Id: 611d975d-381d-4bb5-be57-17832c0c68b9, Nodes: 2567324e-9700-4950-ac37-98ef668bcfff{ip: 192.168.69.96, host: pr-hdds-1982-decom-states-q64lx-3787986432, networkLocation: /default-rack, certSerialId: null}2759b58a-2fbd-4e45-94a8-47799d948184{ip: 192.168.69.96, host: pr-hdds-1982-decom-states-q64lx-3787986432, networkLocation: /default-rack, certSerialId: null}877608bb-19c4-4d8c-8958-a78beaef70b4{ip: 192.168.69.96, host: pr-hdds-1982-decom-states-q64lx-3787986432, networkLocation: /default-rack, certSerialId: null}, Type:RATIS, Factor:THREE, State:CLOSED] from datanode 2759b58a-2fbd-4e45-94a8-47799d948184{ip: 192.168.69.96, host: pr-hdds-1982-decom-states-q64lx-3787986432, networkLocation: /default-rack, certSerialId: null}. Reason : 2759b58a-2fbd-4e45-94a8-47799d948184 has not seen follower/s 877608bb-19c4-4d8c-8958-a78beaef70b4 for 125905ms 2567324e-9700-4950-ac37-98ef668bcfff for 125905ms
2019-09-11 10:56:31,233 [EventQueue-PipelineActionsForPipelineActionHandler] INFO  pipeline.SCMPipelineManager (SCMPipelineManager.java:finalizeAndDestroyPipeline(311)) - destroying pipeline:Pipeline[ Id: 611d975d-381d-4bb5-be57-17832c0c68b9, Nodes: 2567324e-9700-4950-ac37-98ef668bcfff{ip: 192.168.69.96, host: pr-hdds-1982-decom-states-q64lx-3787986432, networkLocation: /default-rack, certSerialId: null}2759b58a-2fbd-4e45-94a8-47799d948184{ip: 192.168.69.96, host: pr-hdds-1982-decom-states-q64lx-3787986432, networkLocation: /default-rack, certSerialId: null}877608bb-19c4-4d8c-8958-a78beaef70b4{ip: 192.168.69.96, host: pr-hdds-1982-decom-states-q64lx-3787986432, networkLocation: /default-rack, certSerialId: null}, Type:RATIS, Factor:THREE, State:CLOSED]
2019-09-11 10:56:31,234 [java.util.concurrent.ThreadPoolExecutor$Worker@d960b43[State = -1, empty queue]] WARN  server.GrpcLogAppender (GrpcLogAppender.java:timeoutAppendRequest(200)) - 2759b58a-2fbd-4e45-94a8-47799d948184@group-17832C0C68B9->2567324e-9700-4950-ac37-98ef668bcfff-GrpcLogAppender: appendEntries Timeout, request=2759b58a-2fbd-4e45-94a8-47799d948184->2567324e-9700-4950-ac37-98ef668bcfff#144-t2, previous=(t:2, i:18), leaderCommit=14, initializing? false, entries: size=1, first=(t:2, i:19), STATEMACHINELOGENTRY, client-16CC6F9D7851, cid=42
2019-09-11 10:56:31,234 [java.util.concurrent.ThreadPoolExecutor$Worker@52611adc[State = -1, empty queue]] WARN  server.GrpcLogAppender (GrpcLogAppender.java:timeoutAppendRequest(200)) - 2759b58a-2fbd-4e45-94a8-47799d948184@group-17832C0C68B9->877608bb-19c4-4d8c-8958-a78beaef70b4-GrpcLogAppender: appendEntries Timeout, request=2759b58a-2fbd-4e45-94a8-47799d948184->877608bb-19c4-4d8c-8958-a78beaef70b4#144-t2, previous=(t:2, i:18), leaderCommit=14, initializing? false, entries: size=1, first=(t:2, i:19), STATEMACHINELOGENTRY, client-16CC6F9D7851, cid=42
2019-09-11 10:56:32,478 [grpc-default-executor-7] INFO  client.GrpcClientProtocolClient (GrpcClientProtocolClient.java:onNext(264)) - client-ADF5984F8D70->2567324e-9700-4950-ac37-98ef668bcfff: receive RaftClientReply:client-ADF5984F8D70->2567324e-9700-4950-ac37-98ef668bcfff@group-17832C0C68B9, cid=55, FAILED org.apache.ratis.protocol.NotLeaderException: Server 2567324e-9700-4950-ac37-98ef668bcfff@group-17832C0C68B9 is not the leader 2759b58a-2fbd-4e45-94a8-47799d948184:192.168.69.96:41390, logIndex=0, commits[2567324e-9700-4950-ac37-98ef668bcfff:c14, 877608bb-19c4-4d8c-8958-a78beaef70b4:c14, 2759b58a-2fbd-4e45-94a8-47799d948184:c14]
2019-09-11 10:56:33,236 [org.apache.ratis.server.impl.LogAppender$AppenderDaemon$$Lambda$497/1546363005@3cb1a730] ERROR ratis.XceiverServerRatis (XceiverServerRatis.java:triggerPipelineClose(568)) - pipeline Action CLOSE  on pipeline PipelineID=611d975d-381d-4bb5-be57-17832c0c68b9.Reason : 2759b58a-2fbd-4e45-94a8-47799d948184 has not seen follower/s 877608bb-19c4-4d8c-8958-a78beaef70b4 for 128406ms 2567324e-9700-4950-ac37-98ef668bcfff for 128406ms
2019-09-11 10:56:33,236 [org.apache.ratis.server.impl.LogAppender$AppenderDaemon$$Lambda$497/1546363005@53e48356] ERROR ratis.XceiverServerRatis (XceiverServerRatis.java:triggerPipelineClose(568)) - pipeline Action CLOSE  on pipeline PipelineID=611d975d-381d-4bb5-be57-17832c0c68b9.Reason : 2759b58a-2fbd-4e45-94a8-47799d948184 has not seen follower/s 877608bb-19c4-4d8c-8958-a78beaef70b4 for 128406ms 2567324e-9700-4950-ac37-98ef668bcfff for 128406ms
2019-09-11 10:56:33,735 [java.util.concurrent.ThreadPoolExecutor$Worker@52611adc[State = -1, empty queue]] WARN  server.GrpcLogAppender (GrpcLogAppender.java:timeoutAppendRequest(200)) - 2759b58a-2fbd-4e45-94a8-47799d948184@group-17832C0C68B9->877608bb-19c4-4d8c-8958-a78beaef70b4-GrpcLogAppender: appendEntries Timeout, request=2759b58a-2fbd-4e45-94a8-47799d948184->877608bb-19c4-4d8c-8958-a78beaef70b4#145-t2, previous=(t:2, i:19), leaderCommit=14, initializing? false, entries: <empty>
2019-09-11 10:56:33,735 [java.util.concurrent.ThreadPoolExecutor$Worker@d960b43[State = -1, empty queue]] WARN  server.GrpcLogAppender (GrpcLogAppender.java:timeoutAppendRequest(200)) - 2759b58a-2fbd-4e45-94a8-47799d948184@group-17832C0C68B9->2567324e-9700-4950-ac37-98ef668bcfff-GrpcLogAppender: appendEntries Timeout, request=2759b58a-2fbd-4e45-94a8-47799d948184->2567324e-9700-4950-ac37-98ef668bcfff#145-t2, previous=(t:2, i:19), leaderCommit=14, initializing? false, entries: <empty>
2019-09-11 10:56:34,234 [EventQueue-PipelineActionsForPipelineActionHandler] ERROR pipeline.PipelineActionHandler (PipelineActionHandler.java:onMessage(60)) - Received pipeline action CLOSE for Pipeline[ Id: 611d975d-381d-4bb5-be57-17832c0c68b9, Nodes: 2567324e-9700-4950-ac37-98ef668bcfff{ip: 192.168.69.96, host: pr-hdds-1982-decom-states-q64lx-3787986432, networkLocation: /default-rack, certSerialId: null}2759b58a-2fbd-4e45-94a8-47799d948184{ip: 192.168.69.96, host: pr-hdds-1982-decom-states-q64lx-3787986432, networkLocation: /default-rack, certSerialId: null}877608bb-19c4-4d8c-8958-a78beaef70b4{ip: 192.168.69.96, host: pr-hdds-1982-decom-states-q64lx-3787986432, networkLocation: /default-rack, certSerialId: null}, Type:RATIS, Factor:THREE, State:CLOSED] from datanode 2759b58a-2fbd-4e45-94a8-47799d948184{ip: 192.168.69.96, host: pr-hdds-1982-decom-states-q64lx-3787986432, networkLocation: /default-rack, certSerialId: null}. Reason : 2759b58a-2fbd-4e45-94a8-47799d948184 has not seen follower/s 877608bb-19c4-4d8c-8958-a78beaef70b4 for 128406ms 2567324e-9700-4950-ac37-98ef668bcfff for 128406ms
2019-09-11 10:56:34,234 [EventQueue-PipelineActionsForPipelineActionHandler] INFO  pipeline.SCMPipelineManager (SCMPipelineManager.java:finalizeAndDestroyPipeline(311)) - destroying pipeline:Pipeline[ Id: 611d975d-381d-4bb5-be57-17832c0c68b9, Nodes: 2567324e-9700-4950-ac37-98ef668bcfff{ip: 192.168.69.96, host: pr-hdds-1982-decom-states-q64lx-3787986432, networkLocation: /default-rack, certSerialId: null}2759b58a-2fbd-4e45-94a8-47799d948184{ip: 192.168.69.96, host: pr-hdds-1982-decom-states-q64lx-3787986432, networkLocation: /default-rack, certSerialId: null}877608bb-19c4-4d8c-8958-a78beaef70b4{ip: 192.168.69.96, host: pr-hdds-1982-decom-states-q64lx-3787986432, networkLocation: /default-rack, certSerialId: null}, Type:RATIS, Factor:THREE, State:CLOSED]
2019-09-11 10:56:35,737 [org.apache.ratis.server.impl.LogAppender$AppenderDaemon$$Lambda$497/1546363005@3cb1a730] ERROR ratis.XceiverServerRatis (XceiverServerRatis.java:triggerPipelineClose(568)) - pipeline Action CLOSE  on pipeline PipelineID=611d975d-381d-4bb5-be57-17832c0c68b9.Reason : 2759b58a-2fbd-4e45-94a8-47799d948184 has not seen follower/s 877608bb-19c4-4d8c-8958-a78beaef70b4 for 130907ms 2567324e-9700-4950-ac37-98ef668bcfff for 130907ms
2019-09-11 10:56:35,737 [org.apache.ratis.server.impl.LogAppender$AppenderDaemon$$Lambda$497/1546363005@53e48356] ERROR ratis.XceiverServerRatis (XceiverServerRatis.java:triggerPipelineClose(568)) - pipeline Action CLOSE  on pipeline PipelineID=611d975d-381d-4bb5-be57-17832c0c68b9.Reason : 2759b58a-2fbd-4e45-94a8-47799d948184 has not seen follower/s 877608bb-19c4-4d8c-8958-a78beaef70b4 for 130907ms 2567324e-9700-4950-ac37-98ef668bcfff for 130907ms
2019-09-11 10:56:36,052 [877608bb-19c4-4d8c-8958-a78beaef70b4@group-17832C0C68B9-SegmentedRaftLogWorker] WARN  segmented.SegmentedRaftLogWorker (SegmentedRaftLogWorker.java:getFromFuture(90)) - Timeout 12/~
org.apache.ratis.protocol.TimeoutIOException: Timeout 10s: WriteLog:15: (t:2, i:15), STATEMACHINELOGENTRY, client-ADF5984F8D70, cid=55-writeStateMachineData
	at org.apache.ratis.util.IOUtils.getFromFuture(IOUtils.java:87)
	at org.apache.ratis.server.raftlog.segmented.SegmentedRaftLogWorker$StateMachineDataPolicy.getFromFuture(SegmentedRaftLogWorker.java:87)
	at org.apache.ratis.server.raftlog.segmented.SegmentedRaftLogWorker$WriteLog.execute(SegmentedRaftLogWorker.java:477)
	at org.apache.ratis.server.raftlog.segmented.SegmentedRaftLogWorker.run(SegmentedRaftLogWorker.java:289)
	at java.lang.Thread.run(Thread.java:748)
Caused by: java.util.concurrent.TimeoutException
	at java.util.concurrent.CompletableFuture.timedGet(CompletableFuture.java:1771)
	at java.util.concurrent.CompletableFuture.get(CompletableFuture.java:1915)
	at org.apache.ratis.util.IOUtils.getFromFuture(IOUtils.java:79)
	... 4 more
2019-09-11 10:56:36,203 [2567324e-9700-4950-ac37-98ef668bcfff@group-17832C0C68B9-SegmentedRaftLogWorker] WARN  segmented.SegmentedRaftLogWorker (SegmentedRaftLogWorker.java:getFromFuture(90)) - Timeout 12/~
org.apache.ratis.protocol.TimeoutIOException: Timeout 10s: WriteLog:17: (t:2, i:17), STATEMACHINELOGENTRY, client-ADF5984F8D70, cid=57-writeStateMachineData
	at org.apache.ratis.util.IOUtils.getFromFuture(IOUtils.java:87)
	at org.apache.ratis.server.raftlog.segmented.SegmentedRaftLogWorker$StateMachineDataPolicy.getFromFuture(SegmentedRaftLogWorker.java:87)
	at org.apache.ratis.server.raftlog.segmented.SegmentedRaftLogWorker$WriteLog.execute(SegmentedRaftLogWorker.java:477)
	at org.apache.ratis.server.raftlog.segmented.SegmentedRaftLogWorker.run(SegmentedRaftLogWorker.java:289)
	at java.lang.Thread.run(Thread.java:748)
Caused by: java.util.concurrent.TimeoutException
	at java.util.concurrent.CompletableFuture.timedGet(CompletableFuture.java:1771)
	at java.util.concurrent.CompletableFuture.get(CompletableFuture.java:1915)
	at org.apache.ratis.util.IOUtils.getFromFuture(IOUtils.java:79)
	... 4 more
2019-09-11 10:56:36,203 [2759b58a-2fbd-4e45-94a8-47799d948184@group-17832C0C68B9-SegmentedRaftLogWorker] WARN  segmented.SegmentedRaftLogWorker (SegmentedRaftLogWorker.java:getFromFuture(90)) - Timeout 12/~
org.apache.ratis.protocol.TimeoutIOException: Timeout 10s: WriteLog:17: (t:2, i:17), STATEMACHINELOGENTRY, client-ADF5984F8D70, cid=57-writeStateMachineData
	at org.apache.ratis.util.IOUtils.getFromFuture(IOUtils.java:87)
	at org.apache.ratis.server.raftlog.segmented.SegmentedRaftLogWorker$StateMachineDataPolicy.getFromFuture(SegmentedRaftLogWorker.java:87)
	at org.apache.ratis.server.raftlog.segmented.SegmentedRaftLogWorker$WriteLog.execute(SegmentedRaftLogWorker.java:477)
	at org.apache.ratis.server.raftlog.segmented.SegmentedRaftLogWorker.run(SegmentedRaftLogWorker.java:289)
	at java.lang.Thread.run(Thread.java:748)
Caused by: java.util.concurrent.TimeoutException
	at java.util.concurrent.CompletableFuture.timedGet(CompletableFuture.java:1771)
	at java.util.concurrent.CompletableFuture.get(CompletableFuture.java:1915)
	at org.apache.ratis.util.IOUtils.getFromFuture(IOUtils.java:79)
	... 4 more
2019-09-11 10:56:36,233 [EventQueue-PipelineActionsForPipelineActionHandler] ERROR pipeline.PipelineActionHandler (PipelineActionHandler.java:onMessage(60)) - Received pipeline action CLOSE for Pipeline[ Id: 611d975d-381d-4bb5-be57-17832c0c68b9, Nodes: 2567324e-9700-4950-ac37-98ef668bcfff{ip: 192.168.69.96, host: pr-hdds-1982-decom-states-q64lx-3787986432, networkLocation: /default-rack, certSerialId: null}2759b58a-2fbd-4e45-94a8-47799d948184{ip: 192.168.69.96, host: pr-hdds-1982-decom-states-q64lx-3787986432, networkLocation: /default-rack, certSerialId: null}877608bb-19c4-4d8c-8958-a78beaef70b4{ip: 192.168.69.96, host: pr-hdds-1982-decom-states-q64lx-3787986432, networkLocation: /default-rack, certSerialId: null}, Type:RATIS, Factor:THREE, State:CLOSED] from datanode 2759b58a-2fbd-4e45-94a8-47799d948184{ip: 192.168.69.96, host: pr-hdds-1982-decom-states-q64lx-3787986432, networkLocation: /default-rack, certSerialId: null}. Reason : 2759b58a-2fbd-4e45-94a8-47799d948184 has not seen follower/s 877608bb-19c4-4d8c-8958-a78beaef70b4 for 130907ms 2567324e-9700-4950-ac37-98ef668bcfff for 130907ms
2019-09-11 10:56:36,234 [EventQueue-PipelineActionsForPipelineActionHandler] INFO  pipeline.SCMPipelineManager (SCMPipelineManager.java:finalizeAndDestroyPipeline(311)) - destroying pipeline:Pipeline[ Id: 611d975d-381d-4bb5-be57-17832c0c68b9, Nodes: 2567324e-9700-4950-ac37-98ef668bcfff{ip: 192.168.69.96, host: pr-hdds-1982-decom-states-q64lx-3787986432, networkLocation: /default-rack, certSerialId: null}2759b58a-2fbd-4e45-94a8-47799d948184{ip: 192.168.69.96, host: pr-hdds-1982-decom-states-q64lx-3787986432, networkLocation: /default-rack, certSerialId: null}877608bb-19c4-4d8c-8958-a78beaef70b4{ip: 192.168.69.96, host: pr-hdds-1982-decom-states-q64lx-3787986432, networkLocation: /default-rack, certSerialId: null}, Type:RATIS, Factor:THREE, State:CLOSED]
2019-09-11 10:56:36,236 [java.util.concurrent.ThreadPoolExecutor$Worker@d960b43[State = -1, empty queue]] WARN  server.GrpcLogAppender (GrpcLogAppender.java:timeoutAppendRequest(200)) - 2759b58a-2fbd-4e45-94a8-47799d948184@group-17832C0C68B9->2567324e-9700-4950-ac37-98ef668bcfff-GrpcLogAppender: appendEntries Timeout, request=2759b58a-2fbd-4e45-94a8-47799d948184->2567324e-9700-4950-ac37-98ef668bcfff#146-t2, previous=(t:2, i:19), leaderCommit=14, initializing? false, entries: <empty>
2019-09-11 10:56:36,236 [java.util.concurrent.ThreadPoolExecutor$Worker@52611adc[State = -1, empty queue]] WARN  server.GrpcLogAppender (GrpcLogAppender.java:timeoutAppendRequest(200)) - 2759b58a-2fbd-4e45-94a8-47799d948184@group-17832C0C68B9->877608bb-19c4-4d8c-8958-a78beaef70b4-GrpcLogAppender: appendEntries Timeout, request=2759b58a-2fbd-4e45-94a8-47799d948184->877608bb-19c4-4d8c-8958-a78beaef70b4#146-t2, previous=(t:2, i:19), leaderCommit=14, initializing? false, entries: <empty>
2019-09-11 10:56:37,536 [grpc-default-executor-6] INFO  client.GrpcClientProtocolClient (GrpcClientProtocolClient.java:onNext(264)) - client-ADF5984F8D70->2567324e-9700-4950-ac37-98ef668bcfff: receive RaftClientReply:client-ADF5984F8D70->2567324e-9700-4950-ac37-98ef668bcfff@group-17832C0C68B9, cid=55, FAILED org.apache.ratis.protocol.NotLeaderException: Server 2567324e-9700-4950-ac37-98ef668bcfff@group-17832C0C68B9 is not the leader 2759b58a-2fbd-4e45-94a8-47799d948184:192.168.69.96:41390, logIndex=0, commits[2567324e-9700-4950-ac37-98ef668bcfff:c14, 877608bb-19c4-4d8c-8958-a78beaef70b4:c14, 2759b58a-2fbd-4e45-94a8-47799d948184:c14]
2019-09-11 10:56:38,237 [org.apache.ratis.server.impl.LogAppender$AppenderDaemon$$Lambda$497/1546363005@53e48356] ERROR ratis.XceiverServerRatis (XceiverServerRatis.java:triggerPipelineClose(568)) - pipeline Action CLOSE  on pipeline PipelineID=611d975d-381d-4bb5-be57-17832c0c68b9.Reason : 2759b58a-2fbd-4e45-94a8-47799d948184 has not seen follower/s 877608bb-19c4-4d8c-8958-a78beaef70b4 for 133407ms 2567324e-9700-4950-ac37-98ef668bcfff for 133407ms
2019-09-11 10:56:38,238 [org.apache.ratis.server.impl.LogAppender$AppenderDaemon$$Lambda$497/1546363005@3cb1a730] ERROR ratis.XceiverServerRatis (XceiverServerRatis.java:triggerPipelineClose(568)) - pipeline Action CLOSE  on pipeline PipelineID=611d975d-381d-4bb5-be57-17832c0c68b9.Reason : 2759b58a-2fbd-4e45-94a8-47799d948184 has not seen follower/s 877608bb-19c4-4d8c-8958-a78beaef70b4 for 133408ms 2567324e-9700-4950-ac37-98ef668bcfff for 133408ms
2019-09-11 10:56:38,737 [java.util.concurrent.ThreadPoolExecutor$Worker@d960b43[State = -1, empty queue]] WARN  server.GrpcLogAppender (GrpcLogAppender.java:timeoutAppendRequest(200)) - 2759b58a-2fbd-4e45-94a8-47799d948184@group-17832C0C68B9->2567324e-9700-4950-ac37-98ef668bcfff-GrpcLogAppender: appendEntries Timeout, request=2759b58a-2fbd-4e45-94a8-47799d948184->2567324e-9700-4950-ac37-98ef668bcfff#147-t2, previous=(t:2, i:19), leaderCommit=14, initializing? false, entries: <empty>
2019-09-11 10:56:38,737 [java.util.concurrent.ThreadPoolExecutor$Worker@52611adc[State = -1, empty queue]] WARN  server.GrpcLogAppender (GrpcLogAppender.java:timeoutAppendRequest(200)) - 2759b58a-2fbd-4e45-94a8-47799d948184@group-17832C0C68B9->877608bb-19c4-4d8c-8958-a78beaef70b4-GrpcLogAppender: appendEntries Timeout, request=2759b58a-2fbd-4e45-94a8-47799d948184->877608bb-19c4-4d8c-8958-a78beaef70b4#147-t2, previous=(t:2, i:19), leaderCommit=14, initializing? false, entries: <empty>
2019-09-11 10:56:39,235 [EventQueue-PipelineActionsForPipelineActionHandler] ERROR pipeline.PipelineActionHandler (PipelineActionHandler.java:onMessage(60)) - Received pipeline action CLOSE for Pipeline[ Id: 611d975d-381d-4bb5-be57-17832c0c68b9, Nodes: 2567324e-9700-4950-ac37-98ef668bcfff{ip: 192.168.69.96, host: pr-hdds-1982-decom-states-q64lx-3787986432, networkLocation: /default-rack, certSerialId: null}2759b58a-2fbd-4e45-94a8-47799d948184{ip: 192.168.69.96, host: pr-hdds-1982-decom-states-q64lx-3787986432, networkLocation: /default-rack, certSerialId: null}877608bb-19c4-4d8c-8958-a78beaef70b4{ip: 192.168.69.96, host: pr-hdds-1982-decom-states-q64lx-3787986432, networkLocation: /default-rack, certSerialId: null}, Type:RATIS, Factor:THREE, State:CLOSED] from datanode 2759b58a-2fbd-4e45-94a8-47799d948184{ip: 192.168.69.96, host: pr-hdds-1982-decom-states-q64lx-3787986432, networkLocation: /default-rack, certSerialId: null}. Reason : 2759b58a-2fbd-4e45-94a8-47799d948184 has not seen follower/s 877608bb-19c4-4d8c-8958-a78beaef70b4 for 133407ms 2567324e-9700-4950-ac37-98ef668bcfff for 133407ms
2019-09-11 10:56:39,236 [EventQueue-PipelineActionsForPipelineActionHandler] INFO  pipeline.SCMPipelineManager (SCMPipelineManager.java:finalizeAndDestroyPipeline(311)) - destroying pipeline:Pipeline[ Id: 611d975d-381d-4bb5-be57-17832c0c68b9, Nodes: 2567324e-9700-4950-ac37-98ef668bcfff{ip: 192.168.69.96, host: pr-hdds-1982-decom-states-q64lx-3787986432, networkLocation: /default-rack, certSerialId: null}2759b58a-2fbd-4e45-94a8-47799d948184{ip: 192.168.69.96, host: pr-hdds-1982-decom-states-q64lx-3787986432, networkLocation: /default-rack, certSerialId: null}877608bb-19c4-4d8c-8958-a78beaef70b4{ip: 192.168.69.96, host: pr-hdds-1982-decom-states-q64lx-3787986432, networkLocation: /default-rack, certSerialId: null}, Type:RATIS, Factor:THREE, State:CLOSED]
2019-09-11 10:56:40,738 [org.apache.ratis.server.impl.LogAppender$AppenderDaemon$$Lambda$497/1546363005@53e48356] ERROR ratis.XceiverServerRatis (XceiverServerRatis.java:triggerPipelineClose(568)) - pipeline Action CLOSE  on pipeline PipelineID=611d975d-381d-4bb5-be57-17832c0c68b9.Reason : 2759b58a-2fbd-4e45-94a8-47799d948184 has not seen follower/s 877608bb-19c4-4d8c-8958-a78beaef70b4 for 135908ms 2567324e-9700-4950-ac37-98ef668bcfff for 135908ms
2019-09-11 10:56:40,739 [org.apache.ratis.server.impl.LogAppender$AppenderDaemon$$Lambda$497/1546363005@3cb1a730] ERROR ratis.XceiverServerRatis (XceiverServerRatis.java:triggerPipelineClose(568)) - pipeline Action CLOSE  on pipeline PipelineID=611d975d-381d-4bb5-be57-17832c0c68b9.Reason : 2759b58a-2fbd-4e45-94a8-47799d948184 has not seen follower/s 877608bb-19c4-4d8c-8958-a78beaef70b4 for 135908ms 2567324e-9700-4950-ac37-98ef668bcfff for 135909ms
2019-09-11 10:56:41,234 [EventQueue-PipelineActionsForPipelineActionHandler] ERROR pipeline.PipelineActionHandler (PipelineActionHandler.java:onMessage(60)) - Received pipeline action CLOSE for Pipeline[ Id: 611d975d-381d-4bb5-be57-17832c0c68b9, Nodes: 2567324e-9700-4950-ac37-98ef668bcfff{ip: 192.168.69.96, host: pr-hdds-1982-decom-states-q64lx-3787986432, networkLocation: /default-rack, certSerialId: null}2759b58a-2fbd-4e45-94a8-47799d948184{ip: 192.168.69.96, host: pr-hdds-1982-decom-states-q64lx-3787986432, networkLocation: /default-rack, certSerialId: null}877608bb-19c4-4d8c-8958-a78beaef70b4{ip: 192.168.69.96, host: pr-hdds-1982-decom-states-q64lx-3787986432, networkLocation: /default-rack, certSerialId: null}, Type:RATIS, Factor:THREE, State:CLOSED] from datanode 2759b58a-2fbd-4e45-94a8-47799d948184{ip: 192.168.69.96, host: pr-hdds-1982-decom-states-q64lx-3787986432, networkLocation: /default-rack, certSerialId: null}. Reason : 2759b58a-2fbd-4e45-94a8-47799d948184 has not seen follower/s 877608bb-19c4-4d8c-8958-a78beaef70b4 for 135908ms 2567324e-9700-4950-ac37-98ef668bcfff for 135908ms
2019-09-11 10:56:41,234 [EventQueue-PipelineActionsForPipelineActionHandler] INFO  pipeline.SCMPipelineManager (SCMPipelineManager.java:finalizeAndDestroyPipeline(311)) - destroying pipeline:Pipeline[ Id: 611d975d-381d-4bb5-be57-17832c0c68b9, Nodes: 2567324e-9700-4950-ac37-98ef668bcfff{ip: 192.168.69.96, host: pr-hdds-1982-decom-states-q64lx-3787986432, networkLocation: /default-rack, certSerialId: null}2759b58a-2fbd-4e45-94a8-47799d948184{ip: 192.168.69.96, host: pr-hdds-1982-decom-states-q64lx-3787986432, networkLocation: /default-rack, certSerialId: null}877608bb-19c4-4d8c-8958-a78beaef70b4{ip: 192.168.69.96, host: pr-hdds-1982-decom-states-q64lx-3787986432, networkLocation: /default-rack, certSerialId: null}, Type:RATIS, Factor:THREE, State:CLOSED]
2019-09-11 10:56:41,237 [java.util.concurrent.ThreadPoolExecutor$Worker@52611adc[State = -1, empty queue]] WARN  server.GrpcLogAppender (GrpcLogAppender.java:timeoutAppendRequest(200)) - 2759b58a-2fbd-4e45-94a8-47799d948184@group-17832C0C68B9->877608bb-19c4-4d8c-8958-a78beaef70b4-GrpcLogAppender: appendEntries Timeout, request=2759b58a-2fbd-4e45-94a8-47799d948184->877608bb-19c4-4d8c-8958-a78beaef70b4#148-t2, previous=(t:2, i:19), leaderCommit=14, initializing? false, entries: <empty>
2019-09-11 10:56:41,238 [java.util.concurrent.ThreadPoolExecutor$Worker@d960b43[State = -1, empty queue]] WARN  server.GrpcLogAppender (GrpcLogAppender.java:timeoutAppendRequest(200)) - 2759b58a-2fbd-4e45-94a8-47799d948184@group-17832C0C68B9->2567324e-9700-4950-ac37-98ef668bcfff-GrpcLogAppender: appendEntries Timeout, request=2759b58a-2fbd-4e45-94a8-47799d948184->2567324e-9700-4950-ac37-98ef668bcfff#148-t2, previous=(t:2, i:19), leaderCommit=14, initializing? false, entries: <empty>
2019-09-11 10:56:42,603 [grpc-default-executor-6] INFO  client.GrpcClientProtocolClient (GrpcClientProtocolClient.java:onNext(264)) - client-ADF5984F8D70->877608bb-19c4-4d8c-8958-a78beaef70b4: receive RaftClientReply:client-ADF5984F8D70->877608bb-19c4-4d8c-8958-a78beaef70b4@group-17832C0C68B9, cid=55, FAILED org.apache.ratis.protocol.NotLeaderException: Server 877608bb-19c4-4d8c-8958-a78beaef70b4@group-17832C0C68B9 is not the leader 2759b58a-2fbd-4e45-94a8-47799d948184:192.168.69.96:41390, logIndex=0, commits[877608bb-19c4-4d8c-8958-a78beaef70b4:c14, 2567324e-9700-4950-ac37-98ef668bcfff:c14, 2759b58a-2fbd-4e45-94a8-47799d948184:c14]
2019-09-11 10:56:43,239 [org.apache.ratis.server.impl.LogAppender$AppenderDaemon$$Lambda$497/1546363005@53e48356] ERROR ratis.XceiverServerRatis (XceiverServerRatis.java:triggerPipelineClose(568)) - pipeline Action CLOSE  on pipeline PipelineID=611d975d-381d-4bb5-be57-17832c0c68b9.Reason : 2759b58a-2fbd-4e45-94a8-47799d948184 has not seen follower/s 877608bb-19c4-4d8c-8958-a78beaef70b4 for 138409ms 2567324e-9700-4950-ac37-98ef668bcfff for 138409ms
2019-09-11 10:56:43,239 [org.apache.ratis.server.impl.LogAppender$AppenderDaemon$$Lambda$497/1546363005@3cb1a730] ERROR ratis.XceiverServerRatis (XceiverServerRatis.java:triggerPipelineClose(568)) - pipeline Action CLOSE  on pipeline PipelineID=611d975d-381d-4bb5-be57-17832c0c68b9.Reason : 2759b58a-2fbd-4e45-94a8-47799d948184 has not seen follower/s 877608bb-19c4-4d8c-8958-a78beaef70b4 for 138409ms 2567324e-9700-4950-ac37-98ef668bcfff for 138409ms
2019-09-11 10:56:43,738 [java.util.concurrent.ThreadPoolExecutor$Worker@52611adc[State = -1, empty queue]] WARN  server.GrpcLogAppender (GrpcLogAppender.java:timeoutAppendRequest(200)) - 2759b58a-2fbd-4e45-94a8-47799d948184@group-17832C0C68B9->877608bb-19c4-4d8c-8958-a78beaef70b4-GrpcLogAppender: appendEntries Timeout, request=2759b58a-2fbd-4e45-94a8-47799d948184->877608bb-19c4-4d8c-8958-a78beaef70b4#149-t2, previous=(t:2, i:19), leaderCommit=14, initializing? false, entries: <empty>
2019-09-11 10:56:43,738 [java.util.concurrent.ThreadPoolExecutor$Worker@d960b43[State = -1, empty queue]] WARN  server.GrpcLogAppender (GrpcLogAppender.java:timeoutAppendRequest(200)) - 2759b58a-2fbd-4e45-94a8-47799d948184@group-17832C0C68B9->2567324e-9700-4950-ac37-98ef668bcfff-GrpcLogAppender: appendEntries Timeout, request=2759b58a-2fbd-4e45-94a8-47799d948184->2567324e-9700-4950-ac37-98ef668bcfff#149-t2, previous=(t:2, i:19), leaderCommit=14, initializing? false, entries: <empty>
2019-09-11 10:56:44,235 [EventQueue-PipelineActionsForPipelineActionHandler] ERROR pipeline.PipelineActionHandler (PipelineActionHandler.java:onMessage(60)) - Received pipeline action CLOSE for Pipeline[ Id: 611d975d-381d-4bb5-be57-17832c0c68b9, Nodes: 2567324e-9700-4950-ac37-98ef668bcfff{ip: 192.168.69.96, host: pr-hdds-1982-decom-states-q64lx-3787986432, networkLocation: /default-rack, certSerialId: null}2759b58a-2fbd-4e45-94a8-47799d948184{ip: 192.168.69.96, host: pr-hdds-1982-decom-states-q64lx-3787986432, networkLocation: /default-rack, certSerialId: null}877608bb-19c4-4d8c-8958-a78beaef70b4{ip: 192.168.69.96, host: pr-hdds-1982-decom-states-q64lx-3787986432, networkLocation: /default-rack, certSerialId: null}, Type:RATIS, Factor:THREE, State:CLOSED] from datanode 2759b58a-2fbd-4e45-94a8-47799d948184{ip: 192.168.69.96, host: pr-hdds-1982-decom-states-q64lx-3787986432, networkLocation: /default-rack, certSerialId: null}. Reason : 2759b58a-2fbd-4e45-94a8-47799d948184 has not seen follower/s 877608bb-19c4-4d8c-8958-a78beaef70b4 for 138409ms 2567324e-9700-4950-ac37-98ef668bcfff for 138409ms
2019-09-11 10:56:44,235 [EventQueue-PipelineActionsForPipelineActionHandler] INFO  pipeline.SCMPipelineManager (SCMPipelineManager.java:finalizeAndDestroyPipeline(311)) - destroying pipeline:Pipeline[ Id: 611d975d-381d-4bb5-be57-17832c0c68b9, Nodes: 2567324e-9700-4950-ac37-98ef668bcfff{ip: 192.168.69.96, host: pr-hdds-1982-decom-states-q64lx-3787986432, networkLocation: /default-rack, certSerialId: null}2759b58a-2fbd-4e45-94a8-47799d948184{ip: 192.168.69.96, host: pr-hdds-1982-decom-states-q64lx-3787986432, networkLocation: /default-rack, certSerialId: null}877608bb-19c4-4d8c-8958-a78beaef70b4{ip: 192.168.69.96, host: pr-hdds-1982-decom-states-q64lx-3787986432, networkLocation: /default-rack, certSerialId: null}, Type:RATIS, Factor:THREE, State:CLOSED]
2019-09-11 10:56:45,742 [org.apache.ratis.server.impl.LogAppender$AppenderDaemon$$Lambda$497/1546363005@53e48356] ERROR ratis.XceiverServerRatis (XceiverServerRatis.java:triggerPipelineClose(568)) - pipeline Action CLOSE  on pipeline PipelineID=611d975d-381d-4bb5-be57-17832c0c68b9.Reason : 2759b58a-2fbd-4e45-94a8-47799d948184 has not seen follower/s 877608bb-19c4-4d8c-8958-a78beaef70b4 for 140911ms 2567324e-9700-4950-ac37-98ef668bcfff for 140912ms
2019-09-11 10:56:45,742 [org.apache.ratis.server.impl.LogAppender$AppenderDaemon$$Lambda$497/1546363005@3cb1a730] ERROR ratis.XceiverServerRatis (XceiverServerRatis.java:triggerPipelineClose(568)) - pipeline Action CLOSE  on pipeline PipelineID=611d975d-381d-4bb5-be57-17832c0c68b9.Reason : 2759b58a-2fbd-4e45-94a8-47799d948184 has not seen follower/s 877608bb-19c4-4d8c-8958-a78beaef70b4 for 140911ms 2567324e-9700-4950-ac37-98ef668bcfff for 140912ms
2019-09-11 10:56:46,054 [877608bb-19c4-4d8c-8958-a78beaef70b4@group-17832C0C68B9-SegmentedRaftLogWorker] WARN  segmented.SegmentedRaftLogWorker (SegmentedRaftLogWorker.java:getFromFuture(90)) - Timeout 13/~
org.apache.ratis.protocol.TimeoutIOException: Timeout 10s: WriteLog:15: (t:2, i:15), STATEMACHINELOGENTRY, client-ADF5984F8D70, cid=55-writeStateMachineData
	at org.apache.ratis.util.IOUtils.getFromFuture(IOUtils.java:87)
	at org.apache.ratis.server.raftlog.segmented.SegmentedRaftLogWorker$StateMachineDataPolicy.getFromFuture(SegmentedRaftLogWorker.java:87)
	at org.apache.ratis.server.raftlog.segmented.SegmentedRaftLogWorker$WriteLog.execute(SegmentedRaftLogWorker.java:477)
	at org.apache.ratis.server.raftlog.segmented.SegmentedRaftLogWorker.run(SegmentedRaftLogWorker.java:289)
	at java.lang.Thread.run(Thread.java:748)
Caused by: java.util.concurrent.TimeoutException
	at java.util.concurrent.CompletableFuture.timedGet(CompletableFuture.java:1771)
	at java.util.concurrent.CompletableFuture.get(CompletableFuture.java:1915)
	at org.apache.ratis.util.IOUtils.getFromFuture(IOUtils.java:79)
	... 4 more
2019-09-11 10:56:46,204 [2567324e-9700-4950-ac37-98ef668bcfff@group-17832C0C68B9-SegmentedRaftLogWorker] WARN  segmented.SegmentedRaftLogWorker (SegmentedRaftLogWorker.java:getFromFuture(90)) - Timeout 13/~
org.apache.ratis.protocol.TimeoutIOException: Timeout 10s: WriteLog:17: (t:2, i:17), STATEMACHINELOGENTRY, client-ADF5984F8D70, cid=57-writeStateMachineData
	at org.apache.ratis.util.IOUtils.getFromFuture(IOUtils.java:87)
	at org.apache.ratis.server.raftlog.segmented.SegmentedRaftLogWorker$StateMachineDataPolicy.getFromFuture(SegmentedRaftLogWorker.java:87)
	at org.apache.ratis.server.raftlog.segmented.SegmentedRaftLogWorker$WriteLog.execute(SegmentedRaftLogWorker.java:477)
	at org.apache.ratis.server.raftlog.segmented.SegmentedRaftLogWorker.run(SegmentedRaftLogWorker.java:289)
	at java.lang.Thread.run(Thread.java:748)
Caused by: java.util.concurrent.TimeoutException
	at java.util.concurrent.CompletableFuture.timedGet(CompletableFuture.java:1771)
	at java.util.concurrent.CompletableFuture.get(CompletableFuture.java:1915)
	at org.apache.ratis.util.IOUtils.getFromFuture(IOUtils.java:79)
	... 4 more
2019-09-11 10:56:46,204 [2759b58a-2fbd-4e45-94a8-47799d948184@group-17832C0C68B9-SegmentedRaftLogWorker] WARN  segmented.SegmentedRaftLogWorker (SegmentedRaftLogWorker.java:getFromFuture(90)) - Timeout 13/~
org.apache.ratis.protocol.TimeoutIOException: Timeout 10s: WriteLog:17: (t:2, i:17), STATEMACHINELOGENTRY, client-ADF5984F8D70, cid=57-writeStateMachineData
	at org.apache.ratis.util.IOUtils.getFromFuture(IOUtils.java:87)
	at org.apache.ratis.server.raftlog.segmented.SegmentedRaftLogWorker$StateMachineDataPolicy.getFromFuture(SegmentedRaftLogWorker.java:87)
	at org.apache.ratis.server.raftlog.segmented.SegmentedRaftLogWorker$WriteLog.execute(SegmentedRaftLogWorker.java:477)
	at org.apache.ratis.server.raftlog.segmented.SegmentedRaftLogWorker.run(SegmentedRaftLogWorker.java:289)
	at java.lang.Thread.run(Thread.java:748)
Caused by: java.util.concurrent.TimeoutException
	at java.util.concurrent.CompletableFuture.timedGet(CompletableFuture.java:1771)
	at java.util.concurrent.CompletableFuture.get(CompletableFuture.java:1915)
	at org.apache.ratis.util.IOUtils.getFromFuture(IOUtils.java:79)
	... 4 more
2019-09-11 10:56:46,237 [EventQueue-PipelineActionsForPipelineActionHandler] ERROR pipeline.PipelineActionHandler (PipelineActionHandler.java:onMessage(60)) - Received pipeline action CLOSE for Pipeline[ Id: 611d975d-381d-4bb5-be57-17832c0c68b9, Nodes: 2567324e-9700-4950-ac37-98ef668bcfff{ip: 192.168.69.96, host: pr-hdds-1982-decom-states-q64lx-3787986432, networkLocation: /default-rack, certSerialId: null}2759b58a-2fbd-4e45-94a8-47799d948184{ip: 192.168.69.96, host: pr-hdds-1982-decom-states-q64lx-3787986432, networkLocation: /default-rack, certSerialId: null}877608bb-19c4-4d8c-8958-a78beaef70b4{ip: 192.168.69.96, host: pr-hdds-1982-decom-states-q64lx-3787986432, networkLocation: /default-rack, certSerialId: null}, Type:RATIS, Factor:THREE, State:CLOSED] from datanode 2759b58a-2fbd-4e45-94a8-47799d948184{ip: 192.168.69.96, host: pr-hdds-1982-decom-states-q64lx-3787986432, networkLocation: /default-rack, certSerialId: null}. Reason : 2759b58a-2fbd-4e45-94a8-47799d948184 has not seen follower/s 877608bb-19c4-4d8c-8958-a78beaef70b4 for 140911ms 2567324e-9700-4950-ac37-98ef668bcfff for 140912ms
2019-09-11 10:56:46,238 [EventQueue-PipelineActionsForPipelineActionHandler] INFO  pipeline.SCMPipelineManager (SCMPipelineManager.java:finalizeAndDestroyPipeline(311)) - destroying pipeline:Pipeline[ Id: 611d975d-381d-4bb5-be57-17832c0c68b9, Nodes: 2567324e-9700-4950-ac37-98ef668bcfff{ip: 192.168.69.96, host: pr-hdds-1982-decom-states-q64lx-3787986432, networkLocation: /default-rack, certSerialId: null}2759b58a-2fbd-4e45-94a8-47799d948184{ip: 192.168.69.96, host: pr-hdds-1982-decom-states-q64lx-3787986432, networkLocation: /default-rack, certSerialId: null}877608bb-19c4-4d8c-8958-a78beaef70b4{ip: 192.168.69.96, host: pr-hdds-1982-decom-states-q64lx-3787986432, networkLocation: /default-rack, certSerialId: null}, Type:RATIS, Factor:THREE, State:CLOSED]
2019-09-11 10:56:46,239 [java.util.concurrent.ThreadPoolExecutor$Worker@d960b43[State = -1, empty queue]] WARN  server.GrpcLogAppender (GrpcLogAppender.java:timeoutAppendRequest(200)) - 2759b58a-2fbd-4e45-94a8-47799d948184@group-17832C0C68B9->2567324e-9700-4950-ac37-98ef668bcfff-GrpcLogAppender: appendEntries Timeout, request=2759b58a-2fbd-4e45-94a8-47799d948184->2567324e-9700-4950-ac37-98ef668bcfff#150-t2, previous=(t:2, i:19), leaderCommit=14, initializing? false, entries: <empty>
2019-09-11 10:56:46,239 [java.util.concurrent.ThreadPoolExecutor$Worker@52611adc[State = -1, empty queue]] WARN  server.GrpcLogAppender (GrpcLogAppender.java:timeoutAppendRequest(200)) - 2759b58a-2fbd-4e45-94a8-47799d948184@group-17832C0C68B9->877608bb-19c4-4d8c-8958-a78beaef70b4-GrpcLogAppender: appendEntries Timeout, request=2759b58a-2fbd-4e45-94a8-47799d948184->877608bb-19c4-4d8c-8958-a78beaef70b4#150-t2, previous=(t:2, i:19), leaderCommit=14, initializing? false, entries: <empty>
2019-09-11 10:56:47,690 [grpc-default-executor-6] INFO  client.GrpcClientProtocolClient (GrpcClientProtocolClient.java:onNext(264)) - client-ADF5984F8D70->877608bb-19c4-4d8c-8958-a78beaef70b4: receive RaftClientReply:client-ADF5984F8D70->877608bb-19c4-4d8c-8958-a78beaef70b4@group-17832C0C68B9, cid=55, FAILED org.apache.ratis.protocol.NotLeaderException: Server 877608bb-19c4-4d8c-8958-a78beaef70b4@group-17832C0C68B9 is not the leader 2759b58a-2fbd-4e45-94a8-47799d948184:192.168.69.96:41390, logIndex=0, commits[877608bb-19c4-4d8c-8958-a78beaef70b4:c14, 2567324e-9700-4950-ac37-98ef668bcfff:c14, 2759b58a-2fbd-4e45-94a8-47799d948184:c14]
2019-09-11 10:56:48,242 [org.apache.ratis.server.impl.LogAppender$AppenderDaemon$$Lambda$497/1546363005@3cb1a730] ERROR ratis.XceiverServerRatis (XceiverServerRatis.java:triggerPipelineClose(568)) - pipeline Action CLOSE  on pipeline PipelineID=611d975d-381d-4bb5-be57-17832c0c68b9.Reason : 2759b58a-2fbd-4e45-94a8-47799d948184 has not seen follower/s 877608bb-19c4-4d8c-8958-a78beaef70b4 for 143412ms 2567324e-9700-4950-ac37-98ef668bcfff for 143412ms
2019-09-11 10:56:48,242 [org.apache.ratis.server.impl.LogAppender$AppenderDaemon$$Lambda$497/1546363005@53e48356] ERROR ratis.XceiverServerRatis (XceiverServerRatis.java:triggerPipelineClose(568)) - pipeline Action CLOSE  on pipeline PipelineID=611d975d-381d-4bb5-be57-17832c0c68b9.Reason : 2759b58a-2fbd-4e45-94a8-47799d948184 has not seen follower/s 877608bb-19c4-4d8c-8958-a78beaef70b4 for 143412ms 2567324e-9700-4950-ac37-98ef668bcfff for 143412ms
2019-09-11 10:56:48,741 [java.util.concurrent.ThreadPoolExecutor$Worker@d960b43[State = -1, empty queue]] WARN  server.GrpcLogAppender (GrpcLogAppender.java:timeoutAppendRequest(200)) - 2759b58a-2fbd-4e45-94a8-47799d948184@group-17832C0C68B9->2567324e-9700-4950-ac37-98ef668bcfff-GrpcLogAppender: appendEntries Timeout, request=2759b58a-2fbd-4e45-94a8-47799d948184->2567324e-9700-4950-ac37-98ef668bcfff#151-t2, previous=(t:2, i:19), leaderCommit=14, initializing? false, entries: <empty>
2019-09-11 10:56:48,741 [java.util.concurrent.ThreadPoolExecutor$Worker@52611adc[State = -1, empty queue]] WARN  server.GrpcLogAppender (GrpcLogAppender.java:timeoutAppendRequest(200)) - 2759b58a-2fbd-4e45-94a8-47799d948184@group-17832C0C68B9->877608bb-19c4-4d8c-8958-a78beaef70b4-GrpcLogAppender: appendEntries Timeout, request=2759b58a-2fbd-4e45-94a8-47799d948184->877608bb-19c4-4d8c-8958-a78beaef70b4#151-t2, previous=(t:2, i:19), leaderCommit=14, initializing? false, entries: <empty>
2019-09-11 10:56:49,237 [EventQueue-PipelineActionsForPipelineActionHandler] ERROR pipeline.PipelineActionHandler (PipelineActionHandler.java:onMessage(60)) - Received pipeline action CLOSE for Pipeline[ Id: 611d975d-381d-4bb5-be57-17832c0c68b9, Nodes: 2567324e-9700-4950-ac37-98ef668bcfff{ip: 192.168.69.96, host: pr-hdds-1982-decom-states-q64lx-3787986432, networkLocation: /default-rack, certSerialId: null}2759b58a-2fbd-4e45-94a8-47799d948184{ip: 192.168.69.96, host: pr-hdds-1982-decom-states-q64lx-3787986432, networkLocation: /default-rack, certSerialId: null}877608bb-19c4-4d8c-8958-a78beaef70b4{ip: 192.168.69.96, host: pr-hdds-1982-decom-states-q64lx-3787986432, networkLocation: /default-rack, certSerialId: null}, Type:RATIS, Factor:THREE, State:CLOSED] from datanode 2759b58a-2fbd-4e45-94a8-47799d948184{ip: 192.168.69.96, host: pr-hdds-1982-decom-states-q64lx-3787986432, networkLocation: /default-rack, certSerialId: null}. Reason : 2759b58a-2fbd-4e45-94a8-47799d948184 has not seen follower/s 877608bb-19c4-4d8c-8958-a78beaef70b4 for 143412ms 2567324e-9700-4950-ac37-98ef668bcfff for 143412ms
2019-09-11 10:56:49,238 [EventQueue-PipelineActionsForPipelineActionHandler] INFO  pipeline.SCMPipelineManager (SCMPipelineManager.java:finalizeAndDestroyPipeline(311)) - destroying pipeline:Pipeline[ Id: 611d975d-381d-4bb5-be57-17832c0c68b9, Nodes: 2567324e-9700-4950-ac37-98ef668bcfff{ip: 192.168.69.96, host: pr-hdds-1982-decom-states-q64lx-3787986432, networkLocation: /default-rack, certSerialId: null}2759b58a-2fbd-4e45-94a8-47799d948184{ip: 192.168.69.96, host: pr-hdds-1982-decom-states-q64lx-3787986432, networkLocation: /default-rack, certSerialId: null}877608bb-19c4-4d8c-8958-a78beaef70b4{ip: 192.168.69.96, host: pr-hdds-1982-decom-states-q64lx-3787986432, networkLocation: /default-rack, certSerialId: null}, Type:RATIS, Factor:THREE, State:CLOSED]
2019-09-11 10:56:50,745 [org.apache.ratis.server.impl.LogAppender$AppenderDaemon$$Lambda$497/1546363005@53e48356] ERROR ratis.XceiverServerRatis (XceiverServerRatis.java:triggerPipelineClose(568)) - pipeline Action CLOSE  on pipeline PipelineID=611d975d-381d-4bb5-be57-17832c0c68b9.Reason : 2759b58a-2fbd-4e45-94a8-47799d948184 has not seen follower/s 877608bb-19c4-4d8c-8958-a78beaef70b4 for 145914ms 2567324e-9700-4950-ac37-98ef668bcfff for 145915ms
2019-09-11 10:56:50,745 [org.apache.ratis.server.impl.LogAppender$AppenderDaemon$$Lambda$497/1546363005@3cb1a730] ERROR ratis.XceiverServerRatis (XceiverServerRatis.java:triggerPipelineClose(568)) - pipeline Action CLOSE  on pipeline PipelineID=611d975d-381d-4bb5-be57-17832c0c68b9.Reason : 2759b58a-2fbd-4e45-94a8-47799d948184 has not seen follower/s 877608bb-19c4-4d8c-8958-a78beaef70b4 for 145914ms 2567324e-9700-4950-ac37-98ef668bcfff for 145915ms
2019-09-11 10:56:51,237 [EventQueue-PipelineActionsForPipelineActionHandler] ERROR pipeline.PipelineActionHandler (PipelineActionHandler.java:onMessage(60)) - Received pipeline action CLOSE for Pipeline[ Id: 611d975d-381d-4bb5-be57-17832c0c68b9, Nodes: 2567324e-9700-4950-ac37-98ef668bcfff{ip: 192.168.69.96, host: pr-hdds-1982-decom-states-q64lx-3787986432, networkLocation: /default-rack, certSerialId: null}2759b58a-2fbd-4e45-94a8-47799d948184{ip: 192.168.69.96, host: pr-hdds-1982-decom-states-q64lx-3787986432, networkLocation: /default-rack, certSerialId: null}877608bb-19c4-4d8c-8958-a78beaef70b4{ip: 192.168.69.96, host: pr-hdds-1982-decom-states-q64lx-3787986432, networkLocation: /default-rack, certSerialId: null}, Type:RATIS, Factor:THREE, State:CLOSED] from datanode 2759b58a-2fbd-4e45-94a8-47799d948184{ip: 192.168.69.96, host: pr-hdds-1982-decom-states-q64lx-3787986432, networkLocation: /default-rack, certSerialId: null}. Reason : 2759b58a-2fbd-4e45-94a8-47799d948184 has not seen follower/s 877608bb-19c4-4d8c-8958-a78beaef70b4 for 145914ms 2567324e-9700-4950-ac37-98ef668bcfff for 145915ms
2019-09-11 10:56:51,237 [EventQueue-PipelineActionsForPipelineActionHandler] INFO  pipeline.SCMPipelineManager (SCMPipelineManager.java:finalizeAndDestroyPipeline(311)) - destroying pipeline:Pipeline[ Id: 611d975d-381d-4bb5-be57-17832c0c68b9, Nodes: 2567324e-9700-4950-ac37-98ef668bcfff{ip: 192.168.69.96, host: pr-hdds-1982-decom-states-q64lx-3787986432, networkLocation: /default-rack, certSerialId: null}2759b58a-2fbd-4e45-94a8-47799d948184{ip: 192.168.69.96, host: pr-hdds-1982-decom-states-q64lx-3787986432, networkLocation: /default-rack, certSerialId: null}877608bb-19c4-4d8c-8958-a78beaef70b4{ip: 192.168.69.96, host: pr-hdds-1982-decom-states-q64lx-3787986432, networkLocation: /default-rack, certSerialId: null}, Type:RATIS, Factor:THREE, State:CLOSED]
2019-09-11 10:56:51,242 [java.util.concurrent.ThreadPoolExecutor$Worker@52611adc[State = -1, empty queue]] WARN  server.GrpcLogAppender (GrpcLogAppender.java:timeoutAppendRequest(200)) - 2759b58a-2fbd-4e45-94a8-47799d948184@group-17832C0C68B9->877608bb-19c4-4d8c-8958-a78beaef70b4-GrpcLogAppender: appendEntries Timeout, request=2759b58a-2fbd-4e45-94a8-47799d948184->877608bb-19c4-4d8c-8958-a78beaef70b4#152-t2, previous=(t:2, i:19), leaderCommit=14, initializing? false, entries: <empty>
2019-09-11 10:56:51,242 [java.util.concurrent.ThreadPoolExecutor$Worker@d960b43[State = -1, empty queue]] WARN  server.GrpcLogAppender (GrpcLogAppender.java:timeoutAppendRequest(200)) - 2759b58a-2fbd-4e45-94a8-47799d948184@group-17832C0C68B9->2567324e-9700-4950-ac37-98ef668bcfff-GrpcLogAppender: appendEntries Timeout, request=2759b58a-2fbd-4e45-94a8-47799d948184->2567324e-9700-4950-ac37-98ef668bcfff#152-t2, previous=(t:2, i:19), leaderCommit=14, initializing? false, entries: <empty>
2019-09-11 10:56:52,749 [grpc-default-executor-6] INFO  client.GrpcClientProtocolClient (GrpcClientProtocolClient.java:onNext(264)) - client-ADF5984F8D70->877608bb-19c4-4d8c-8958-a78beaef70b4: receive RaftClientReply:client-ADF5984F8D70->877608bb-19c4-4d8c-8958-a78beaef70b4@group-17832C0C68B9, cid=55, FAILED org.apache.ratis.protocol.NotLeaderException: Server 877608bb-19c4-4d8c-8958-a78beaef70b4@group-17832C0C68B9 is not the leader 2759b58a-2fbd-4e45-94a8-47799d948184:192.168.69.96:41390, logIndex=0, commits[877608bb-19c4-4d8c-8958-a78beaef70b4:c14, 2567324e-9700-4950-ac37-98ef668bcfff:c14, 2759b58a-2fbd-4e45-94a8-47799d948184:c14]
2019-09-11 10:56:53,245 [org.apache.ratis.server.impl.LogAppender$AppenderDaemon$$Lambda$497/1546363005@3cb1a730] ERROR ratis.XceiverServerRatis (XceiverServerRatis.java:triggerPipelineClose(568)) - pipeline Action CLOSE  on pipeline PipelineID=611d975d-381d-4bb5-be57-17832c0c68b9.Reason : 2759b58a-2fbd-4e45-94a8-47799d948184 has not seen follower/s 877608bb-19c4-4d8c-8958-a78beaef70b4 for 148415ms 2567324e-9700-4950-ac37-98ef668bcfff for 148415ms
2019-09-11 10:56:53,245 [org.apache.ratis.server.impl.LogAppender$AppenderDaemon$$Lambda$497/1546363005@53e48356] ERROR ratis.XceiverServerRatis (XceiverServerRatis.java:triggerPipelineClose(568)) - pipeline Action CLOSE  on pipeline PipelineID=611d975d-381d-4bb5-be57-17832c0c68b9.Reason : 2759b58a-2fbd-4e45-94a8-47799d948184 has not seen follower/s 877608bb-19c4-4d8c-8958-a78beaef70b4 for 148415ms 2567324e-9700-4950-ac37-98ef668bcfff for 148415ms
2019-09-11 10:56:53,744 [java.util.concurrent.ThreadPoolExecutor$Worker@d960b43[State = -1, empty queue]] WARN  server.GrpcLogAppender (GrpcLogAppender.java:timeoutAppendRequest(200)) - 2759b58a-2fbd-4e45-94a8-47799d948184@group-17832C0C68B9->2567324e-9700-4950-ac37-98ef668bcfff-GrpcLogAppender: appendEntries Timeout, request=2759b58a-2fbd-4e45-94a8-47799d948184->2567324e-9700-4950-ac37-98ef668bcfff#153-t2, previous=(t:2, i:19), leaderCommit=14, initializing? false, entries: <empty>
2019-09-11 10:56:53,744 [java.util.concurrent.ThreadPoolExecutor$Worker@52611adc[State = -1, empty queue]] WARN  server.GrpcLogAppender (GrpcLogAppender.java:timeoutAppendRequest(200)) - 2759b58a-2fbd-4e45-94a8-47799d948184@group-17832C0C68B9->877608bb-19c4-4d8c-8958-a78beaef70b4-GrpcLogAppender: appendEntries Timeout, request=2759b58a-2fbd-4e45-94a8-47799d948184->877608bb-19c4-4d8c-8958-a78beaef70b4#153-t2, previous=(t:2, i:19), leaderCommit=14, initializing? false, entries: <empty>
2019-09-11 10:56:54,237 [EventQueue-PipelineActionsForPipelineActionHandler] ERROR pipeline.PipelineActionHandler (PipelineActionHandler.java:onMessage(60)) - Received pipeline action CLOSE for Pipeline[ Id: 611d975d-381d-4bb5-be57-17832c0c68b9, Nodes: 2567324e-9700-4950-ac37-98ef668bcfff{ip: 192.168.69.96, host: pr-hdds-1982-decom-states-q64lx-3787986432, networkLocation: /default-rack, certSerialId: null}2759b58a-2fbd-4e45-94a8-47799d948184{ip: 192.168.69.96, host: pr-hdds-1982-decom-states-q64lx-3787986432, networkLocation: /default-rack, certSerialId: null}877608bb-19c4-4d8c-8958-a78beaef70b4{ip: 192.168.69.96, host: pr-hdds-1982-decom-states-q64lx-3787986432, networkLocation: /default-rack, certSerialId: null}, Type:RATIS, Factor:THREE, State:CLOSED] from datanode 2759b58a-2fbd-4e45-94a8-47799d948184{ip: 192.168.69.96, host: pr-hdds-1982-decom-states-q64lx-3787986432, networkLocation: /default-rack, certSerialId: null}. Reason : 2759b58a-2fbd-4e45-94a8-47799d948184 has not seen follower/s 877608bb-19c4-4d8c-8958-a78beaef70b4 for 148415ms 2567324e-9700-4950-ac37-98ef668bcfff for 148415ms
2019-09-11 10:56:54,237 [EventQueue-PipelineActionsForPipelineActionHandler] INFO  pipeline.SCMPipelineManager (SCMPipelineManager.java:finalizeAndDestroyPipeline(311)) - destroying pipeline:Pipeline[ Id: 611d975d-381d-4bb5-be57-17832c0c68b9, Nodes: 2567324e-9700-4950-ac37-98ef668bcfff{ip: 192.168.69.96, host: pr-hdds-1982-decom-states-q64lx-3787986432, networkLocation: /default-rack, certSerialId: null}2759b58a-2fbd-4e45-94a8-47799d948184{ip: 192.168.69.96, host: pr-hdds-1982-decom-states-q64lx-3787986432, networkLocation: /default-rack, certSerialId: null}877608bb-19c4-4d8c-8958-a78beaef70b4{ip: 192.168.69.96, host: pr-hdds-1982-decom-states-q64lx-3787986432, networkLocation: /default-rack, certSerialId: null}, Type:RATIS, Factor:THREE, State:CLOSED]
2019-09-11 10:56:55,746 [org.apache.ratis.server.impl.LogAppender$AppenderDaemon$$Lambda$497/1546363005@53e48356] ERROR ratis.XceiverServerRatis (XceiverServerRatis.java:triggerPipelineClose(568)) - pipeline Action CLOSE  on pipeline PipelineID=611d975d-381d-4bb5-be57-17832c0c68b9.Reason : 2759b58a-2fbd-4e45-94a8-47799d948184 has not seen follower/s 877608bb-19c4-4d8c-8958-a78beaef70b4 for 150916ms 2567324e-9700-4950-ac37-98ef668bcfff for 150916ms
2019-09-11 10:56:55,746 [org.apache.ratis.server.impl.LogAppender$AppenderDaemon$$Lambda$497/1546363005@3cb1a730] ERROR ratis.XceiverServerRatis (XceiverServerRatis.java:triggerPipelineClose(568)) - pipeline Action CLOSE  on pipeline PipelineID=611d975d-381d-4bb5-be57-17832c0c68b9.Reason : 2759b58a-2fbd-4e45-94a8-47799d948184 has not seen follower/s 877608bb-19c4-4d8c-8958-a78beaef70b4 for 150916ms 2567324e-9700-4950-ac37-98ef668bcfff for 150916ms
2019-09-11 10:56:56,055 [877608bb-19c4-4d8c-8958-a78beaef70b4@group-17832C0C68B9-SegmentedRaftLogWorker] WARN  segmented.SegmentedRaftLogWorker (SegmentedRaftLogWorker.java:getFromFuture(90)) - Timeout 14/~
org.apache.ratis.protocol.TimeoutIOException: Timeout 10s: WriteLog:15: (t:2, i:15), STATEMACHINELOGENTRY, client-ADF5984F8D70, cid=55-writeStateMachineData
	at org.apache.ratis.util.IOUtils.getFromFuture(IOUtils.java:87)
	at org.apache.ratis.server.raftlog.segmented.SegmentedRaftLogWorker$StateMachineDataPolicy.getFromFuture(SegmentedRaftLogWorker.java:87)
	at org.apache.ratis.server.raftlog.segmented.SegmentedRaftLogWorker$WriteLog.execute(SegmentedRaftLogWorker.java:477)
	at org.apache.ratis.server.raftlog.segmented.SegmentedRaftLogWorker.run(SegmentedRaftLogWorker.java:289)
	at java.lang.Thread.run(Thread.java:748)
Caused by: java.util.concurrent.TimeoutException
	at java.util.concurrent.CompletableFuture.timedGet(CompletableFuture.java:1771)
	at java.util.concurrent.CompletableFuture.get(CompletableFuture.java:1915)
	at org.apache.ratis.util.IOUtils.getFromFuture(IOUtils.java:79)
	... 4 more
2019-09-11 10:56:56,204 [2567324e-9700-4950-ac37-98ef668bcfff@group-17832C0C68B9-SegmentedRaftLogWorker] WARN  segmented.SegmentedRaftLogWorker (SegmentedRaftLogWorker.java:getFromFuture(90)) - Timeout 14/~
org.apache.ratis.protocol.TimeoutIOException: Timeout 10s: WriteLog:17: (t:2, i:17), STATEMACHINELOGENTRY, client-ADF5984F8D70, cid=57-writeStateMachineData
	at org.apache.ratis.util.IOUtils.getFromFuture(IOUtils.java:87)
	at org.apache.ratis.server.raftlog.segmented.SegmentedRaftLogWorker$StateMachineDataPolicy.getFromFuture(SegmentedRaftLogWorker.java:87)
	at org.apache.ratis.server.raftlog.segmented.SegmentedRaftLogWorker$WriteLog.execute(SegmentedRaftLogWorker.java:477)
	at org.apache.ratis.server.raftlog.segmented.SegmentedRaftLogWorker.run(SegmentedRaftLogWorker.java:289)
	at java.lang.Thread.run(Thread.java:748)
Caused by: java.util.concurrent.TimeoutException
	at java.util.concurrent.CompletableFuture.timedGet(CompletableFuture.java:1771)
	at java.util.concurrent.CompletableFuture.get(CompletableFuture.java:1915)
	at org.apache.ratis.util.IOUtils.getFromFuture(IOUtils.java:79)
	... 4 more
2019-09-11 10:56:56,205 [2759b58a-2fbd-4e45-94a8-47799d948184@group-17832C0C68B9-SegmentedRaftLogWorker] WARN  segmented.SegmentedRaftLogWorker (SegmentedRaftLogWorker.java:getFromFuture(90)) - Timeout 14/~
org.apache.ratis.protocol.TimeoutIOException: Timeout 10s: WriteLog:17: (t:2, i:17), STATEMACHINELOGENTRY, client-ADF5984F8D70, cid=57-writeStateMachineData
	at org.apache.ratis.util.IOUtils.getFromFuture(IOUtils.java:87)
	at org.apache.ratis.server.raftlog.segmented.SegmentedRaftLogWorker$StateMachineDataPolicy.getFromFuture(SegmentedRaftLogWorker.java:87)
	at org.apache.ratis.server.raftlog.segmented.SegmentedRaftLogWorker$WriteLog.execute(SegmentedRaftLogWorker.java:477)
	at org.apache.ratis.server.raftlog.segmented.SegmentedRaftLogWorker.run(SegmentedRaftLogWorker.java:289)
	at java.lang.Thread.run(Thread.java:748)
Caused by: java.util.concurrent.TimeoutException
	at java.util.concurrent.CompletableFuture.timedGet(CompletableFuture.java:1771)
	at java.util.concurrent.CompletableFuture.get(CompletableFuture.java:1915)
	at org.apache.ratis.util.IOUtils.getFromFuture(IOUtils.java:79)
	... 4 more
2019-09-11 10:56:56,238 [EventQueue-PipelineActionsForPipelineActionHandler] ERROR pipeline.PipelineActionHandler (PipelineActionHandler.java:onMessage(60)) - Received pipeline action CLOSE for Pipeline[ Id: 611d975d-381d-4bb5-be57-17832c0c68b9, Nodes: 2567324e-9700-4950-ac37-98ef668bcfff{ip: 192.168.69.96, host: pr-hdds-1982-decom-states-q64lx-3787986432, networkLocation: /default-rack, certSerialId: null}2759b58a-2fbd-4e45-94a8-47799d948184{ip: 192.168.69.96, host: pr-hdds-1982-decom-states-q64lx-3787986432, networkLocation: /default-rack, certSerialId: null}877608bb-19c4-4d8c-8958-a78beaef70b4{ip: 192.168.69.96, host: pr-hdds-1982-decom-states-q64lx-3787986432, networkLocation: /default-rack, certSerialId: null}, Type:RATIS, Factor:THREE, State:CLOSED] from datanode 2759b58a-2fbd-4e45-94a8-47799d948184{ip: 192.168.69.96, host: pr-hdds-1982-decom-states-q64lx-3787986432, networkLocation: /default-rack, certSerialId: null}. Reason : 2759b58a-2fbd-4e45-94a8-47799d948184 has not seen follower/s 877608bb-19c4-4d8c-8958-a78beaef70b4 for 150916ms 2567324e-9700-4950-ac37-98ef668bcfff for 150916ms
2019-09-11 10:56:56,239 [EventQueue-PipelineActionsForPipelineActionHandler] INFO  pipeline.SCMPipelineManager (SCMPipelineManager.java:finalizeAndDestroyPipeline(311)) - destroying pipeline:Pipeline[ Id: 611d975d-381d-4bb5-be57-17832c0c68b9, Nodes: 2567324e-9700-4950-ac37-98ef668bcfff{ip: 192.168.69.96, host: pr-hdds-1982-decom-states-q64lx-3787986432, networkLocation: /default-rack, certSerialId: null}2759b58a-2fbd-4e45-94a8-47799d948184{ip: 192.168.69.96, host: pr-hdds-1982-decom-states-q64lx-3787986432, networkLocation: /default-rack, certSerialId: null}877608bb-19c4-4d8c-8958-a78beaef70b4{ip: 192.168.69.96, host: pr-hdds-1982-decom-states-q64lx-3787986432, networkLocation: /default-rack, certSerialId: null}, Type:RATIS, Factor:THREE, State:CLOSED]
2019-09-11 10:56:56,245 [java.util.concurrent.ThreadPoolExecutor$Worker@52611adc[State = -1, empty queue]] WARN  server.GrpcLogAppender (GrpcLogAppender.java:timeoutAppendRequest(200)) - 2759b58a-2fbd-4e45-94a8-47799d948184@group-17832C0C68B9->877608bb-19c4-4d8c-8958-a78beaef70b4-GrpcLogAppender: appendEntries Timeout, request=2759b58a-2fbd-4e45-94a8-47799d948184->877608bb-19c4-4d8c-8958-a78beaef70b4#154-t2, previous=(t:2, i:19), leaderCommit=14, initializing? false, entries: <empty>
2019-09-11 10:56:56,245 [java.util.concurrent.ThreadPoolExecutor$Worker@d960b43[State = -1, empty queue]] WARN  server.GrpcLogAppender (GrpcLogAppender.java:timeoutAppendRequest(200)) - 2759b58a-2fbd-4e45-94a8-47799d948184@group-17832C0C68B9->2567324e-9700-4950-ac37-98ef668bcfff-GrpcLogAppender: appendEntries Timeout, request=2759b58a-2fbd-4e45-94a8-47799d948184->2567324e-9700-4950-ac37-98ef668bcfff#154-t2, previous=(t:2, i:19), leaderCommit=14, initializing? false, entries: <empty>
2019-09-11 10:56:57,807 [grpc-default-executor-7] INFO  client.GrpcClientProtocolClient (GrpcClientProtocolClient.java:onNext(264)) - client-ADF5984F8D70->2567324e-9700-4950-ac37-98ef668bcfff: receive RaftClientReply:client-ADF5984F8D70->2567324e-9700-4950-ac37-98ef668bcfff@group-17832C0C68B9, cid=55, FAILED org.apache.ratis.protocol.NotLeaderException: Server 2567324e-9700-4950-ac37-98ef668bcfff@group-17832C0C68B9 is not the leader 2759b58a-2fbd-4e45-94a8-47799d948184:192.168.69.96:41390, logIndex=0, commits[2567324e-9700-4950-ac37-98ef668bcfff:c14, 877608bb-19c4-4d8c-8958-a78beaef70b4:c14, 2759b58a-2fbd-4e45-94a8-47799d948184:c14]
2019-09-11 10:56:58,247 [org.apache.ratis.server.impl.LogAppender$AppenderDaemon$$Lambda$497/1546363005@53e48356] ERROR ratis.XceiverServerRatis (XceiverServerRatis.java:triggerPipelineClose(568)) - pipeline Action CLOSE  on pipeline PipelineID=611d975d-381d-4bb5-be57-17832c0c68b9.Reason : 2759b58a-2fbd-4e45-94a8-47799d948184 has not seen follower/s 877608bb-19c4-4d8c-8958-a78beaef70b4 for 153416ms 2567324e-9700-4950-ac37-98ef668bcfff for 153417ms
2019-09-11 10:56:58,247 [org.apache.ratis.server.impl.LogAppender$AppenderDaemon$$Lambda$497/1546363005@3cb1a730] ERROR ratis.XceiverServerRatis (XceiverServerRatis.java:triggerPipelineClose(568)) - pipeline Action CLOSE  on pipeline PipelineID=611d975d-381d-4bb5-be57-17832c0c68b9.Reason : 2759b58a-2fbd-4e45-94a8-47799d948184 has not seen follower/s 877608bb-19c4-4d8c-8958-a78beaef70b4 for 153416ms 2567324e-9700-4950-ac37-98ef668bcfff for 153417ms
2019-09-11 10:56:58,746 [java.util.concurrent.ThreadPoolExecutor$Worker@d960b43[State = -1, empty queue]] WARN  server.GrpcLogAppender (GrpcLogAppender.java:timeoutAppendRequest(200)) - 2759b58a-2fbd-4e45-94a8-47799d948184@group-17832C0C68B9->2567324e-9700-4950-ac37-98ef668bcfff-GrpcLogAppender: appendEntries Timeout, request=2759b58a-2fbd-4e45-94a8-47799d948184->2567324e-9700-4950-ac37-98ef668bcfff#155-t2, previous=(t:2, i:19), leaderCommit=14, initializing? false, entries: <empty>
2019-09-11 10:56:58,746 [java.util.concurrent.ThreadPoolExecutor$Worker@52611adc[State = -1, empty queue]] WARN  server.GrpcLogAppender (GrpcLogAppender.java:timeoutAppendRequest(200)) - 2759b58a-2fbd-4e45-94a8-47799d948184@group-17832C0C68B9->877608bb-19c4-4d8c-8958-a78beaef70b4-GrpcLogAppender: appendEntries Timeout, request=2759b58a-2fbd-4e45-94a8-47799d948184->877608bb-19c4-4d8c-8958-a78beaef70b4#155-t2, previous=(t:2, i:19), leaderCommit=14, initializing? false, entries: <empty>
2019-09-11 10:56:59,239 [EventQueue-PipelineActionsForPipelineActionHandler] ERROR pipeline.PipelineActionHandler (PipelineActionHandler.java:onMessage(60)) - Received pipeline action CLOSE for Pipeline[ Id: 611d975d-381d-4bb5-be57-17832c0c68b9, Nodes: 2567324e-9700-4950-ac37-98ef668bcfff{ip: 192.168.69.96, host: pr-hdds-1982-decom-states-q64lx-3787986432, networkLocation: /default-rack, certSerialId: null}2759b58a-2fbd-4e45-94a8-47799d948184{ip: 192.168.69.96, host: pr-hdds-1982-decom-states-q64lx-3787986432, networkLocation: /default-rack, certSerialId: null}877608bb-19c4-4d8c-8958-a78beaef70b4{ip: 192.168.69.96, host: pr-hdds-1982-decom-states-q64lx-3787986432, networkLocation: /default-rack, certSerialId: null}, Type:RATIS, Factor:THREE, State:CLOSED] from datanode 2759b58a-2fbd-4e45-94a8-47799d948184{ip: 192.168.69.96, host: pr-hdds-1982-decom-states-q64lx-3787986432, networkLocation: /default-rack, certSerialId: null}. Reason : 2759b58a-2fbd-4e45-94a8-47799d948184 has not seen follower/s 877608bb-19c4-4d8c-8958-a78beaef70b4 for 153416ms 2567324e-9700-4950-ac37-98ef668bcfff for 153417ms
2019-09-11 10:56:59,239 [EventQueue-PipelineActionsForPipelineActionHandler] INFO  pipeline.SCMPipelineManager (SCMPipelineManager.java:finalizeAndDestroyPipeline(311)) - destroying pipeline:Pipeline[ Id: 611d975d-381d-4bb5-be57-17832c0c68b9, Nodes: 2567324e-9700-4950-ac37-98ef668bcfff{ip: 192.168.69.96, host: pr-hdds-1982-decom-states-q64lx-3787986432, networkLocation: /default-rack, certSerialId: null}2759b58a-2fbd-4e45-94a8-47799d948184{ip: 192.168.69.96, host: pr-hdds-1982-decom-states-q64lx-3787986432, networkLocation: /default-rack, certSerialId: null}877608bb-19c4-4d8c-8958-a78beaef70b4{ip: 192.168.69.96, host: pr-hdds-1982-decom-states-q64lx-3787986432, networkLocation: /default-rack, certSerialId: null}, Type:RATIS, Factor:THREE, State:CLOSED]
2019-09-11 10:57:00,747 [org.apache.ratis.server.impl.LogAppender$AppenderDaemon$$Lambda$497/1546363005@53e48356] ERROR ratis.XceiverServerRatis (XceiverServerRatis.java:triggerPipelineClose(568)) - pipeline Action CLOSE  on pipeline PipelineID=611d975d-381d-4bb5-be57-17832c0c68b9.Reason : 2759b58a-2fbd-4e45-94a8-47799d948184 has not seen follower/s 877608bb-19c4-4d8c-8958-a78beaef70b4 for 155917ms 2567324e-9700-4950-ac37-98ef668bcfff for 155918ms
2019-09-11 10:57:00,748 [org.apache.ratis.server.impl.LogAppender$AppenderDaemon$$Lambda$497/1546363005@3cb1a730] ERROR ratis.XceiverServerRatis (XceiverServerRatis.java:triggerPipelineClose(568)) - pipeline Action CLOSE  on pipeline PipelineID=611d975d-381d-4bb5-be57-17832c0c68b9.Reason : 2759b58a-2fbd-4e45-94a8-47799d948184 has not seen follower/s 877608bb-19c4-4d8c-8958-a78beaef70b4 for 155917ms 2567324e-9700-4950-ac37-98ef668bcfff for 155918ms
2019-09-11 10:57:01,240 [EventQueue-PipelineActionsForPipelineActionHandler] ERROR pipeline.PipelineActionHandler (PipelineActionHandler.java:onMessage(60)) - Received pipeline action CLOSE for Pipeline[ Id: 611d975d-381d-4bb5-be57-17832c0c68b9, Nodes: 2567324e-9700-4950-ac37-98ef668bcfff{ip: 192.168.69.96, host: pr-hdds-1982-decom-states-q64lx-3787986432, networkLocation: /default-rack, certSerialId: null}2759b58a-2fbd-4e45-94a8-47799d948184{ip: 192.168.69.96, host: pr-hdds-1982-decom-states-q64lx-3787986432, networkLocation: /default-rack, certSerialId: null}877608bb-19c4-4d8c-8958-a78beaef70b4{ip: 192.168.69.96, host: pr-hdds-1982-decom-states-q64lx-3787986432, networkLocation: /default-rack, certSerialId: null}, Type:RATIS, Factor:THREE, State:CLOSED] from datanode 2759b58a-2fbd-4e45-94a8-47799d948184{ip: 192.168.69.96, host: pr-hdds-1982-decom-states-q64lx-3787986432, networkLocation: /default-rack, certSerialId: null}. Reason : 2759b58a-2fbd-4e45-94a8-47799d948184 has not seen follower/s 877608bb-19c4-4d8c-8958-a78beaef70b4 for 155917ms 2567324e-9700-4950-ac37-98ef668bcfff for 155918ms
2019-09-11 10:57:01,240 [EventQueue-PipelineActionsForPipelineActionHandler] INFO  pipeline.SCMPipelineManager (SCMPipelineManager.java:finalizeAndDestroyPipeline(311)) - destroying pipeline:Pipeline[ Id: 611d975d-381d-4bb5-be57-17832c0c68b9, Nodes: 2567324e-9700-4950-ac37-98ef668bcfff{ip: 192.168.69.96, host: pr-hdds-1982-decom-states-q64lx-3787986432, networkLocation: /default-rack, certSerialId: null}2759b58a-2fbd-4e45-94a8-47799d948184{ip: 192.168.69.96, host: pr-hdds-1982-decom-states-q64lx-3787986432, networkLocation: /default-rack, certSerialId: null}877608bb-19c4-4d8c-8958-a78beaef70b4{ip: 192.168.69.96, host: pr-hdds-1982-decom-states-q64lx-3787986432, networkLocation: /default-rack, certSerialId: null}, Type:RATIS, Factor:THREE, State:CLOSED]
2019-09-11 10:57:01,247 [java.util.concurrent.ThreadPoolExecutor$Worker@52611adc[State = -1, empty queue]] WARN  server.GrpcLogAppender (GrpcLogAppender.java:timeoutAppendRequest(200)) - 2759b58a-2fbd-4e45-94a8-47799d948184@group-17832C0C68B9->877608bb-19c4-4d8c-8958-a78beaef70b4-GrpcLogAppender: appendEntries Timeout, request=2759b58a-2fbd-4e45-94a8-47799d948184->877608bb-19c4-4d8c-8958-a78beaef70b4#156-t2, previous=(t:2, i:19), leaderCommit=14, initializing? false, entries: <empty>
2019-09-11 10:57:01,247 [java.util.concurrent.ThreadPoolExecutor$Worker@d960b43[State = -1, empty queue]] WARN  server.GrpcLogAppender (GrpcLogAppender.java:timeoutAppendRequest(200)) - 2759b58a-2fbd-4e45-94a8-47799d948184@group-17832C0C68B9->2567324e-9700-4950-ac37-98ef668bcfff-GrpcLogAppender: appendEntries Timeout, request=2759b58a-2fbd-4e45-94a8-47799d948184->2567324e-9700-4950-ac37-98ef668bcfff#156-t2, previous=(t:2, i:19), leaderCommit=14, initializing? false, entries: <empty>
2019-09-11 10:57:01,490 [grpc-default-executor-0] INFO  impl.RaftServerProxy (RaftServerProxy.java:addNew(89)) - 2759b58a-2fbd-4e45-94a8-47799d948184: addNew group-D76DF239534C:[877608bb-19c4-4d8c-8958-a78beaef70b4:192.168.69.96:35300, 2567324e-9700-4950-ac37-98ef668bcfff:192.168.69.96:42966, 2759b58a-2fbd-4e45-94a8-47799d948184:192.168.69.96:41390] returns group-D76DF239534C:java.util.concurrent.CompletableFuture@145a77e2[Not completed]
2019-09-11 10:57:01,490 [grpc-default-executor-7] INFO  impl.RaftServerProxy (RaftServerProxy.java:addNew(89)) - 877608bb-19c4-4d8c-8958-a78beaef70b4: addNew group-D76DF239534C:[877608bb-19c4-4d8c-8958-a78beaef70b4:192.168.69.96:35300, 2567324e-9700-4950-ac37-98ef668bcfff:192.168.69.96:42966, 2759b58a-2fbd-4e45-94a8-47799d948184:192.168.69.96:41390] returns group-D76DF239534C:java.util.concurrent.CompletableFuture@757f7603[Not completed]
2019-09-11 10:57:01,490 [grpc-default-executor-6] INFO  impl.RaftServerProxy (RaftServerProxy.java:addNew(89)) - 2567324e-9700-4950-ac37-98ef668bcfff: addNew group-D76DF239534C:[877608bb-19c4-4d8c-8958-a78beaef70b4:192.168.69.96:35300, 2567324e-9700-4950-ac37-98ef668bcfff:192.168.69.96:42966, 2759b58a-2fbd-4e45-94a8-47799d948184:192.168.69.96:41390] returns group-D76DF239534C:java.util.concurrent.CompletableFuture@19a3a203[Not completed]
2019-09-11 10:57:01,494 [pool-87-thread-1] INFO  impl.RaftServerImpl (RaftServerImpl.java:<init>(95)) - 2759b58a-2fbd-4e45-94a8-47799d948184: new RaftServerImpl for group-D76DF239534C:[877608bb-19c4-4d8c-8958-a78beaef70b4:192.168.69.96:35300, 2567324e-9700-4950-ac37-98ef668bcfff:192.168.69.96:42966, 2759b58a-2fbd-4e45-94a8-47799d948184:192.168.69.96:41390] with ContainerStateMachine:uninitialized
2019-09-11 10:57:01,494 [pool-87-thread-1] INFO  server.RaftServerConfigKeys (ConfUtils.java:logGet(43)) - raft.server.rpc.timeout.min = 5s (custom)
2019-09-11 10:57:01,495 [pool-87-thread-1] INFO  server.RaftServerConfigKeys (ConfUtils.java:logGet(43)) - raft.server.rpc.timeout.max = 5200ms (custom)
2019-09-11 10:57:01,495 [pool-87-thread-1] INFO  server.RaftServerConfigKeys (ConfUtils.java:logGet(43)) - raft.server.rpcslowness.timeout = 120s (custom)
2019-09-11 10:57:01,495 [pool-87-thread-1] INFO  server.RaftServerConfigKeys (ConfUtils.java:logGet(43)) - raft.server.sleep.deviation.threshold = 300 (default)
2019-09-11 10:57:01,495 [pool-87-thread-1] INFO  server.RaftServerConfigKeys (ConfUtils.java:logGet(43)) - raft.server.log.appender.install.snapshot.enabled = false (custom)
2019-09-11 10:57:01,495 [pool-87-thread-1] INFO  impl.RaftServerImpl (ServerState.java:<init>(103)) - 2759b58a-2fbd-4e45-94a8-47799d948184@group-D76DF239534C: ConfigurationManager, init=-1: [877608bb-19c4-4d8c-8958-a78beaef70b4:192.168.69.96:35300, 2567324e-9700-4950-ac37-98ef668bcfff:192.168.69.96:42966, 2759b58a-2fbd-4e45-94a8-47799d948184:192.168.69.96:41390], old=null, confs=<EMPTY_MAP>
2019-09-11 10:57:01,495 [pool-27-thread-1] INFO  impl.RaftServerImpl (RaftServerImpl.java:<init>(95)) - 877608bb-19c4-4d8c-8958-a78beaef70b4: new RaftServerImpl for group-D76DF239534C:[877608bb-19c4-4d8c-8958-a78beaef70b4:192.168.69.96:35300, 2567324e-9700-4950-ac37-98ef668bcfff:192.168.69.96:42966, 2759b58a-2fbd-4e45-94a8-47799d948184:192.168.69.96:41390] with ContainerStateMachine:uninitialized
2019-09-11 10:57:01,495 [pool-87-thread-1] INFO  server.RaftServerConfigKeys (ConfUtils.java:logGet(43)) - raft.server.storage.dir = [/workdir/hadoop-ozone/integration-test/target/test-dir/MiniOzoneClusterImpl-d1c09eb7-78b5-4432-98f5-8abfc41a1ec2/datanode-6/data/ratis] (custom)
2019-09-11 10:57:01,495 [pool-27-thread-1] INFO  server.RaftServerConfigKeys (ConfUtils.java:logGet(43)) - raft.server.rpc.timeout.min = 5s (custom)
2019-09-11 10:57:01,496 [pool-27-thread-1] INFO  server.RaftServerConfigKeys (ConfUtils.java:logGet(43)) - raft.server.rpc.timeout.max = 5200ms (custom)
2019-09-11 10:57:01,496 [pool-27-thread-1] INFO  server.RaftServerConfigKeys (ConfUtils.java:logGet(43)) - raft.server.rpcslowness.timeout = 120s (custom)
2019-09-11 10:57:01,496 [pool-27-thread-1] INFO  server.RaftServerConfigKeys (ConfUtils.java:logGet(43)) - raft.server.sleep.deviation.threshold = 300 (default)
2019-09-11 10:57:01,496 [pool-27-thread-1] INFO  server.RaftServerConfigKeys (ConfUtils.java:logGet(43)) - raft.server.log.appender.install.snapshot.enabled = false (custom)
2019-09-11 10:57:01,497 [pool-27-thread-1] INFO  impl.RaftServerImpl (ServerState.java:<init>(103)) - 877608bb-19c4-4d8c-8958-a78beaef70b4@group-D76DF239534C: ConfigurationManager, init=-1: [877608bb-19c4-4d8c-8958-a78beaef70b4:192.168.69.96:35300, 2567324e-9700-4950-ac37-98ef668bcfff:192.168.69.96:42966, 2759b58a-2fbd-4e45-94a8-47799d948184:192.168.69.96:41390], old=null, confs=<EMPTY_MAP>
2019-09-11 10:57:01,497 [pool-47-thread-1] INFO  impl.RaftServerImpl (RaftServerImpl.java:<init>(95)) - 2567324e-9700-4950-ac37-98ef668bcfff: new RaftServerImpl for group-D76DF239534C:[877608bb-19c4-4d8c-8958-a78beaef70b4:192.168.69.96:35300, 2567324e-9700-4950-ac37-98ef668bcfff:192.168.69.96:42966, 2759b58a-2fbd-4e45-94a8-47799d948184:192.168.69.96:41390] with ContainerStateMachine:uninitialized
2019-09-11 10:57:01,497 [pool-27-thread-1] INFO  server.RaftServerConfigKeys (ConfUtils.java:logGet(43)) - raft.server.storage.dir = [/workdir/hadoop-ozone/integration-test/target/test-dir/MiniOzoneClusterImpl-d1c09eb7-78b5-4432-98f5-8abfc41a1ec2/datanode-0/data/ratis] (custom)
2019-09-11 10:57:01,497 [pool-47-thread-1] INFO  server.RaftServerConfigKeys (ConfUtils.java:logGet(43)) - raft.server.rpc.timeout.min = 5s (custom)
2019-09-11 10:57:01,497 [pool-47-thread-1] INFO  server.RaftServerConfigKeys (ConfUtils.java:logGet(43)) - raft.server.rpc.timeout.max = 5200ms (custom)
2019-09-11 10:57:01,497 [pool-47-thread-1] INFO  server.RaftServerConfigKeys (ConfUtils.java:logGet(43)) - raft.server.rpcslowness.timeout = 120s (custom)
2019-09-11 10:57:01,497 [pool-47-thread-1] INFO  server.RaftServerConfigKeys (ConfUtils.java:logGet(43)) - raft.server.sleep.deviation.threshold = 300 (default)
2019-09-11 10:57:01,498 [pool-47-thread-1] INFO  server.RaftServerConfigKeys (ConfUtils.java:logGet(43)) - raft.server.log.appender.install.snapshot.enabled = false (custom)
2019-09-11 10:57:01,498 [pool-47-thread-1] INFO  impl.RaftServerImpl (ServerState.java:<init>(103)) - 2567324e-9700-4950-ac37-98ef668bcfff@group-D76DF239534C: ConfigurationManager, init=-1: [877608bb-19c4-4d8c-8958-a78beaef70b4:192.168.69.96:35300, 2567324e-9700-4950-ac37-98ef668bcfff:192.168.69.96:42966, 2759b58a-2fbd-4e45-94a8-47799d948184:192.168.69.96:41390], old=null, confs=<EMPTY_MAP>
2019-09-11 10:57:01,498 [pool-27-thread-1] INFO  storage.RaftStorageDirectory (RaftStorageDirectory.java:analyzeStorage(246)) - The storage directory /workdir/hadoop-ozone/integration-test/target/test-dir/MiniOzoneClusterImpl-d1c09eb7-78b5-4432-98f5-8abfc41a1ec2/datanode-0/data/ratis/e3c1d1a2-4ec1-4d76-8659-d76df239534c does not exist. Creating ...
2019-09-11 10:57:01,498 [pool-87-thread-1] INFO  storage.RaftStorageDirectory (RaftStorageDirectory.java:analyzeStorage(246)) - The storage directory /workdir/hadoop-ozone/integration-test/target/test-dir/MiniOzoneClusterImpl-d1c09eb7-78b5-4432-98f5-8abfc41a1ec2/datanode-6/data/ratis/e3c1d1a2-4ec1-4d76-8659-d76df239534c does not exist. Creating ...
2019-09-11 10:57:01,498 [pool-47-thread-1] INFO  server.RaftServerConfigKeys (ConfUtils.java:logGet(43)) - raft.server.storage.dir = [/workdir/hadoop-ozone/integration-test/target/test-dir/MiniOzoneClusterImpl-d1c09eb7-78b5-4432-98f5-8abfc41a1ec2/datanode-2/data/ratis] (custom)
2019-09-11 10:57:01,498 [pool-47-thread-1] INFO  storage.RaftStorageDirectory (RaftStorageDirectory.java:analyzeStorage(246)) - The storage directory /workdir/hadoop-ozone/integration-test/target/test-dir/MiniOzoneClusterImpl-d1c09eb7-78b5-4432-98f5-8abfc41a1ec2/datanode-2/data/ratis/e3c1d1a2-4ec1-4d76-8659-d76df239534c does not exist. Creating ...
2019-09-11 10:57:01,522 [pool-87-thread-1] INFO  storage.RaftStorageDirectory (RaftStorageDirectory.java:tryLock(328)) - Lock on /workdir/hadoop-ozone/integration-test/target/test-dir/MiniOzoneClusterImpl-d1c09eb7-78b5-4432-98f5-8abfc41a1ec2/datanode-6/data/ratis/e3c1d1a2-4ec1-4d76-8659-d76df239534c/in_use.lock acquired by nodename 30633@pr-hdds-1982-decom-states-q64lx-3787986432
2019-09-11 10:57:01,522 [pool-27-thread-1] INFO  storage.RaftStorageDirectory (RaftStorageDirectory.java:tryLock(328)) - Lock on /workdir/hadoop-ozone/integration-test/target/test-dir/MiniOzoneClusterImpl-d1c09eb7-78b5-4432-98f5-8abfc41a1ec2/datanode-0/data/ratis/e3c1d1a2-4ec1-4d76-8659-d76df239534c/in_use.lock acquired by nodename 30633@pr-hdds-1982-decom-states-q64lx-3787986432
2019-09-11 10:57:01,522 [pool-47-thread-1] INFO  storage.RaftStorageDirectory (RaftStorageDirectory.java:tryLock(328)) - Lock on /workdir/hadoop-ozone/integration-test/target/test-dir/MiniOzoneClusterImpl-d1c09eb7-78b5-4432-98f5-8abfc41a1ec2/datanode-2/data/ratis/e3c1d1a2-4ec1-4d76-8659-d76df239534c/in_use.lock acquired by nodename 30633@pr-hdds-1982-decom-states-q64lx-3787986432
2019-09-11 10:57:01,546 [pool-27-thread-1] INFO  storage.RaftStorage (RaftStorage.java:format(72)) - Storage directory /workdir/hadoop-ozone/integration-test/target/test-dir/MiniOzoneClusterImpl-d1c09eb7-78b5-4432-98f5-8abfc41a1ec2/datanode-0/data/ratis/e3c1d1a2-4ec1-4d76-8659-d76df239534c has been successfully formatted.
2019-09-11 10:57:01,546 [pool-47-thread-1] INFO  storage.RaftStorage (RaftStorage.java:format(72)) - Storage directory /workdir/hadoop-ozone/integration-test/target/test-dir/MiniOzoneClusterImpl-d1c09eb7-78b5-4432-98f5-8abfc41a1ec2/datanode-2/data/ratis/e3c1d1a2-4ec1-4d76-8659-d76df239534c has been successfully formatted.
2019-09-11 10:57:01,546 [pool-87-thread-1] INFO  storage.RaftStorage (RaftStorage.java:format(72)) - Storage directory /workdir/hadoop-ozone/integration-test/target/test-dir/MiniOzoneClusterImpl-d1c09eb7-78b5-4432-98f5-8abfc41a1ec2/datanode-6/data/ratis/e3c1d1a2-4ec1-4d76-8659-d76df239534c has been successfully formatted.
2019-09-11 10:57:01,546 [pool-27-thread-1] INFO  ratis.ContainerStateMachine (ContainerStateMachine.java:loadSnapshot(230)) - group-D76DF239534C: The snapshot info is null. Setting the last applied indexto:(t:0, i:~)
2019-09-11 10:57:01,546 [pool-87-thread-1] INFO  ratis.ContainerStateMachine (ContainerStateMachine.java:loadSnapshot(230)) - group-D76DF239534C: The snapshot info is null. Setting the last applied indexto:(t:0, i:~)
2019-09-11 10:57:01,546 [pool-47-thread-1] INFO  ratis.ContainerStateMachine (ContainerStateMachine.java:loadSnapshot(230)) - group-D76DF239534C: The snapshot info is null. Setting the last applied indexto:(t:0, i:~)
2019-09-11 10:57:01,547 [pool-87-thread-1] INFO  server.RaftServerConfigKeys (ConfUtils.java:logGet(43)) - raft.server.notification.no-leader.timeout = 120s (custom)
2019-09-11 10:57:01,546 [pool-27-thread-1] INFO  server.RaftServerConfigKeys (ConfUtils.java:logGet(43)) - raft.server.notification.no-leader.timeout = 120s (custom)
2019-09-11 10:57:01,547 [pool-87-thread-1] INFO  server.RaftServerConfigKeys (ConfUtils.java:logGet(43)) - raft.server.log.use.memory = false (default)
2019-09-11 10:57:01,547 [pool-47-thread-1] INFO  server.RaftServerConfigKeys (ConfUtils.java:logGet(43)) - raft.server.notification.no-leader.timeout = 120s (custom)
2019-09-11 10:57:01,547 [pool-87-thread-1] INFO  server.RaftServerConfigKeys (ConfUtils.java:logGet(43)) - raft.server.log.purge.gap = 1000000 (custom)
2019-09-11 10:57:01,547 [pool-27-thread-1] INFO  server.RaftServerConfigKeys (ConfUtils.java:logGet(43)) - raft.server.log.use.memory = false (default)
2019-09-11 10:57:01,547 [pool-87-thread-1] INFO  server.RaftServerConfigKeys (ConfUtils.java:logGet(43)) - raft.server.log.appender.buffer.byte-limit = 33554432 (custom)
2019-09-11 10:57:01,547 [pool-47-thread-1] INFO  server.RaftServerConfigKeys (ConfUtils.java:logGet(43)) - raft.server.log.use.memory = false (default)
2019-09-11 10:57:01,547 [pool-87-thread-1] INFO  server.RaftServerConfigKeys (ConfUtils.java:logGet(43)) - raft.server.log.segment.size.max = 1048576 (custom)
2019-09-11 10:57:01,547 [pool-27-thread-1] INFO  server.RaftServerConfigKeys (ConfUtils.java:logGet(43)) - raft.server.log.purge.gap = 1000000 (custom)
2019-09-11 10:57:01,548 [pool-87-thread-1] INFO  server.RaftServerConfigKeys (ConfUtils.java:logGet(43)) - raft.server.log.segment.cache.num.max = 2 (custom)
2019-09-11 10:57:01,548 [pool-47-thread-1] INFO  server.RaftServerConfigKeys (ConfUtils.java:logGet(43)) - raft.server.log.purge.gap = 1000000 (custom)
2019-09-11 10:57:01,548 [pool-87-thread-1] INFO  segmented.SegmentedRaftLogWorker (SegmentedRaftLogWorker.java:<init>(172)) - new 2759b58a-2fbd-4e45-94a8-47799d948184@group-D76DF239534C-SegmentedRaftLogWorker for RaftStorage:Storage Directory /workdir/hadoop-ozone/integration-test/target/test-dir/MiniOzoneClusterImpl-d1c09eb7-78b5-4432-98f5-8abfc41a1ec2/datanode-6/data/ratis/e3c1d1a2-4ec1-4d76-8659-d76df239534c
2019-09-11 10:57:01,548 [pool-27-thread-1] INFO  server.RaftServerConfigKeys (ConfUtils.java:logGet(43)) - raft.server.log.appender.buffer.byte-limit = 33554432 (custom)
2019-09-11 10:57:01,548 [pool-47-thread-1] INFO  server.RaftServerConfigKeys (ConfUtils.java:logGet(43)) - raft.server.log.appender.buffer.byte-limit = 33554432 (custom)
2019-09-11 10:57:01,548 [pool-27-thread-1] INFO  server.RaftServerConfigKeys (ConfUtils.java:logGet(43)) - raft.server.log.segment.size.max = 1048576 (custom)
2019-09-11 10:57:01,548 [pool-87-thread-1] INFO  server.RaftServerConfigKeys (ConfUtils.java:logGet(43)) - raft.server.log.queue.byte-limit = 2147483647 (custom)
2019-09-11 10:57:01,548 [pool-27-thread-1] INFO  server.RaftServerConfigKeys (ConfUtils.java:logGet(43)) - raft.server.log.segment.cache.num.max = 2 (custom)
2019-09-11 10:57:01,548 [pool-47-thread-1] INFO  server.RaftServerConfigKeys (ConfUtils.java:logGet(43)) - raft.server.log.segment.size.max = 1048576 (custom)
2019-09-11 10:57:01,549 [pool-27-thread-1] INFO  segmented.SegmentedRaftLogWorker (SegmentedRaftLogWorker.java:<init>(172)) - new 877608bb-19c4-4d8c-8958-a78beaef70b4@group-D76DF239534C-SegmentedRaftLogWorker for RaftStorage:Storage Directory /workdir/hadoop-ozone/integration-test/target/test-dir/MiniOzoneClusterImpl-d1c09eb7-78b5-4432-98f5-8abfc41a1ec2/datanode-0/data/ratis/e3c1d1a2-4ec1-4d76-8659-d76df239534c
2019-09-11 10:57:01,549 [pool-87-thread-1] INFO  server.RaftServerConfigKeys (ConfUtils.java:logGet(43)) - raft.server.log.queue.element-limit = 1024 (custom)
2019-09-11 10:57:01,549 [pool-27-thread-1] INFO  server.RaftServerConfigKeys (ConfUtils.java:logGet(43)) - raft.server.log.queue.byte-limit = 2147483647 (custom)
2019-09-11 10:57:01,549 [pool-27-thread-1] INFO  server.RaftServerConfigKeys (ConfUtils.java:logGet(43)) - raft.server.log.queue.element-limit = 1024 (custom)
2019-09-11 10:57:01,549 [pool-47-thread-1] INFO  server.RaftServerConfigKeys (ConfUtils.java:logGet(43)) - raft.server.log.segment.cache.num.max = 2 (custom)
2019-09-11 10:57:01,549 [pool-27-thread-1] INFO  server.RaftServerConfigKeys (ConfUtils.java:logGet(43)) - raft.server.log.segment.size.max = 1048576 (custom)
2019-09-11 10:57:01,550 [pool-27-thread-1] INFO  server.RaftServerConfigKeys (ConfUtils.java:logGet(43)) - raft.server.log.preallocated.size = 16384 (custom)
2019-09-11 10:57:01,549 [pool-87-thread-1] INFO  server.RaftServerConfigKeys (ConfUtils.java:logGet(43)) - raft.server.log.segment.size.max = 1048576 (custom)
2019-09-11 10:57:01,550 [pool-27-thread-1] INFO  server.RaftServerConfigKeys (ConfUtils.java:logGet(43)) - raft.server.log.write.buffer.size = 33554432 (custom)
2019-09-11 10:57:01,550 [pool-47-thread-1] INFO  segmented.SegmentedRaftLogWorker (SegmentedRaftLogWorker.java:<init>(172)) - new 2567324e-9700-4950-ac37-98ef668bcfff@group-D76DF239534C-SegmentedRaftLogWorker for RaftStorage:Storage Directory /workdir/hadoop-ozone/integration-test/target/test-dir/MiniOzoneClusterImpl-d1c09eb7-78b5-4432-98f5-8abfc41a1ec2/datanode-2/data/ratis/e3c1d1a2-4ec1-4d76-8659-d76df239534c
2019-09-11 10:57:01,550 [pool-27-thread-1] INFO  server.RaftServerConfigKeys (ConfUtils.java:logGet(43)) - raft.server.log.force.sync.num = 128 (default)
2019-09-11 10:57:01,550 [pool-87-thread-1] INFO  server.RaftServerConfigKeys (ConfUtils.java:logGet(43)) - raft.server.log.preallocated.size = 16384 (custom)
2019-09-11 10:57:01,550 [pool-27-thread-1] INFO  server.RaftServerConfigKeys (ConfUtils.java:logGet(43)) - raft.server.log.statemachine.data.sync = true (default)
2019-09-11 10:57:01,550 [pool-47-thread-1] INFO  server.RaftServerConfigKeys (ConfUtils.java:logGet(43)) - raft.server.log.queue.byte-limit = 2147483647 (custom)
2019-09-11 10:57:01,551 [pool-27-thread-1] INFO  server.RaftServerConfigKeys (ConfUtils.java:logGet(43)) - raft.server.log.statemachine.data.sync.timeout = 10s (default)
2019-09-11 10:57:01,550 [pool-87-thread-1] INFO  server.RaftServerConfigKeys (ConfUtils.java:logGet(43)) - raft.server.log.write.buffer.size = 33554432 (custom)
2019-09-11 10:57:01,551 [pool-27-thread-1] INFO  server.RaftServerConfigKeys (ConfUtils.java:logGet(43)) - raft.server.log.statemachine.data.sync.timeout.retry = -1 (default)
2019-09-11 10:57:01,551 [pool-47-thread-1] INFO  server.RaftServerConfigKeys (ConfUtils.java:logGet(43)) - raft.server.log.queue.element-limit = 1024 (custom)
2019-09-11 10:57:01,551 [pool-27-thread-1] INFO  server.RaftServerConfigKeys (ConfUtils.java:logGet(43)) - raft.server.log.statemachine.data.caching.enabled = true (custom)
2019-09-11 10:57:01,551 [pool-87-thread-1] INFO  server.RaftServerConfigKeys (ConfUtils.java:logGet(43)) - raft.server.log.force.sync.num = 128 (default)
2019-09-11 10:57:01,551 [pool-47-thread-1] INFO  server.RaftServerConfigKeys (ConfUtils.java:logGet(43)) - raft.server.log.segment.size.max = 1048576 (custom)
2019-09-11 10:57:01,551 [pool-27-thread-1] INFO  segmented.SegmentedRaftLogWorker (SegmentedRaftLogWorker.java:lambda$new$0(132)) - 877608bb-19c4-4d8c-8958-a78beaef70b4@group-D76DF239534C-SegmentedRaftLogWorker: flushIndex: setUnconditionally 0 -> -1
2019-09-11 10:57:01,551 [pool-87-thread-1] INFO  server.RaftServerConfigKeys (ConfUtils.java:logGet(43)) - raft.server.log.statemachine.data.sync = true (default)
2019-09-11 10:57:01,552 [pool-47-thread-1] INFO  server.RaftServerConfigKeys (ConfUtils.java:logGet(43)) - raft.server.log.preallocated.size = 16384 (custom)
2019-09-11 10:57:01,552 [pool-27-thread-1] INFO  server.RaftServerConfigKeys (ConfUtils.java:logGet(43)) - raft.server.snapshot.auto.trigger.enabled = true (custom)
2019-09-11 10:57:01,552 [pool-87-thread-1] INFO  server.RaftServerConfigKeys (ConfUtils.java:logGet(43)) - raft.server.log.statemachine.data.sync.timeout = 10s (default)
2019-09-11 10:57:01,552 [pool-27-thread-1] INFO  server.RaftServerConfigKeys (ConfUtils.java:logGet(43)) - raft.server.snapshot.auto.trigger.threshold = 10000 (custom)
2019-09-11 10:57:01,552 [pool-47-thread-1] INFO  server.RaftServerConfigKeys (ConfUtils.java:logGet(43)) - raft.server.log.write.buffer.size = 33554432 (custom)
2019-09-11 10:57:01,552 [pool-27-thread-1] INFO  server.RaftServerConfigKeys (ConfUtils.java:logGet(43)) - raft.server.snapshot.retention.num.files = -1 (default)
2019-09-11 10:57:01,552 [pool-87-thread-1] INFO  server.RaftServerConfigKeys (ConfUtils.java:logGet(43)) - raft.server.log.statemachine.data.sync.timeout.retry = -1 (default)
2019-09-11 10:57:01,553 [pool-27-thread-1] INFO  server.RaftServerConfigKeys (ConfUtils.java:logGet(43)) - raft.server.retrycache.expirytime = 600000ms (custom)
2019-09-11 10:57:01,552 [pool-47-thread-1] INFO  server.RaftServerConfigKeys (ConfUtils.java:logGet(43)) - raft.server.log.force.sync.num = 128 (default)
2019-09-11 10:57:01,553 [pool-87-thread-1] INFO  server.RaftServerConfigKeys (ConfUtils.java:logGet(43)) - raft.server.log.statemachine.data.caching.enabled = true (custom)
2019-09-11 10:57:01,553 [pool-47-thread-1] INFO  server.RaftServerConfigKeys (ConfUtils.java:logGet(43)) - raft.server.log.statemachine.data.sync = true (default)
2019-09-11 10:57:01,553 [pool-47-thread-1] INFO  server.RaftServerConfigKeys (ConfUtils.java:logGet(43)) - raft.server.log.statemachine.data.sync.timeout = 10s (default)
2019-09-11 10:57:01,553 [pool-47-thread-1] INFO  server.RaftServerConfigKeys (ConfUtils.java:logGet(43)) - raft.server.log.statemachine.data.sync.timeout.retry = -1 (default)
2019-09-11 10:57:01,553 [pool-87-thread-1] INFO  segmented.SegmentedRaftLogWorker (SegmentedRaftLogWorker.java:lambda$new$0(132)) - 2759b58a-2fbd-4e45-94a8-47799d948184@group-D76DF239534C-SegmentedRaftLogWorker: flushIndex: setUnconditionally 0 -> -1
2019-09-11 10:57:01,553 [pool-47-thread-1] INFO  server.RaftServerConfigKeys (ConfUtils.java:logGet(43)) - raft.server.log.statemachine.data.caching.enabled = true (custom)
2019-09-11 10:57:01,554 [pool-87-thread-1] INFO  server.RaftServerConfigKeys (ConfUtils.java:logGet(43)) - raft.server.snapshot.auto.trigger.enabled = true (custom)
2019-09-11 10:57:01,554 [pool-47-thread-1] INFO  segmented.SegmentedRaftLogWorker (SegmentedRaftLogWorker.java:lambda$new$0(132)) - 2567324e-9700-4950-ac37-98ef668bcfff@group-D76DF239534C-SegmentedRaftLogWorker: flushIndex: setUnconditionally 0 -> -1
2019-09-11 10:57:01,554 [pool-87-thread-1] INFO  server.RaftServerConfigKeys (ConfUtils.java:logGet(43)) - raft.server.snapshot.auto.trigger.threshold = 10000 (custom)
2019-09-11 10:57:01,554 [pool-47-thread-1] INFO  server.RaftServerConfigKeys (ConfUtils.java:logGet(43)) - raft.server.snapshot.auto.trigger.enabled = true (custom)
2019-09-11 10:57:01,554 [pool-87-thread-1] INFO  server.RaftServerConfigKeys (ConfUtils.java:logGet(43)) - raft.server.snapshot.retention.num.files = -1 (default)
2019-09-11 10:57:01,554 [pool-47-thread-1] INFO  server.RaftServerConfigKeys (ConfUtils.java:logGet(43)) - raft.server.snapshot.auto.trigger.threshold = 10000 (custom)
2019-09-11 10:57:01,555 [pool-87-thread-1] INFO  server.RaftServerConfigKeys (ConfUtils.java:logGet(43)) - raft.server.retrycache.expirytime = 600000ms (custom)
2019-09-11 10:57:01,555 [pool-47-thread-1] INFO  server.RaftServerConfigKeys (ConfUtils.java:logGet(43)) - raft.server.snapshot.retention.num.files = -1 (default)
2019-09-11 10:57:01,555 [pool-47-thread-1] INFO  server.RaftServerConfigKeys (ConfUtils.java:logGet(43)) - raft.server.retrycache.expirytime = 600000ms (custom)
2019-09-11 10:57:01,556 [pool-27-thread-1] INFO  impl.RaftServerImpl (RaftServerImpl.java:start(185)) - 877608bb-19c4-4d8c-8958-a78beaef70b4@group-D76DF239534C: start as a follower, conf=-1: [877608bb-19c4-4d8c-8958-a78beaef70b4:192.168.69.96:35300, 2567324e-9700-4950-ac37-98ef668bcfff:192.168.69.96:42966, 2759b58a-2fbd-4e45-94a8-47799d948184:192.168.69.96:41390], old=null
2019-09-11 10:57:01,556 [pool-27-thread-1] INFO  impl.RaftServerImpl (RaftServerImpl.java:setRole(174)) - 877608bb-19c4-4d8c-8958-a78beaef70b4@group-D76DF239534C: changes role from      null to FOLLOWER at term 0 for startAsFollower
2019-09-11 10:57:01,556 [pool-27-thread-1] INFO  impl.RoleInfo (RoleInfo.java:updateAndGet(143)) - 877608bb-19c4-4d8c-8958-a78beaef70b4: start FollowerState
2019-09-11 10:57:01,557 [pool-27-thread-1] INFO  util.JmxRegister (JmxRegister.java:tryRegister(44)) - Successfully registered JMX Bean with object name Ratis:service=RaftServer,group=group-D76DF239534C,id=877608bb-19c4-4d8c-8958-a78beaef70b4
2019-09-11 10:57:01,558 [pool-87-thread-1] INFO  impl.RaftServerImpl (RaftServerImpl.java:start(185)) - 2759b58a-2fbd-4e45-94a8-47799d948184@group-D76DF239534C: start as a follower, conf=-1: [877608bb-19c4-4d8c-8958-a78beaef70b4:192.168.69.96:35300, 2567324e-9700-4950-ac37-98ef668bcfff:192.168.69.96:42966, 2759b58a-2fbd-4e45-94a8-47799d948184:192.168.69.96:41390], old=null
2019-09-11 10:57:01,558 [pool-47-thread-1] INFO  impl.RaftServerImpl (RaftServerImpl.java:start(185)) - 2567324e-9700-4950-ac37-98ef668bcfff@group-D76DF239534C: start as a follower, conf=-1: [877608bb-19c4-4d8c-8958-a78beaef70b4:192.168.69.96:35300, 2567324e-9700-4950-ac37-98ef668bcfff:192.168.69.96:42966, 2759b58a-2fbd-4e45-94a8-47799d948184:192.168.69.96:41390], old=null
2019-09-11 10:57:01,558 [pool-87-thread-1] INFO  impl.RaftServerImpl (RaftServerImpl.java:setRole(174)) - 2759b58a-2fbd-4e45-94a8-47799d948184@group-D76DF239534C: changes role from      null to FOLLOWER at term 0 for startAsFollower
2019-09-11 10:57:01,559 [pool-47-thread-1] INFO  impl.RaftServerImpl (RaftServerImpl.java:setRole(174)) - 2567324e-9700-4950-ac37-98ef668bcfff@group-D76DF239534C: changes role from      null to FOLLOWER at term 0 for startAsFollower
2019-09-11 10:57:01,559 [pool-87-thread-1] INFO  impl.RoleInfo (RoleInfo.java:updateAndGet(143)) - 2759b58a-2fbd-4e45-94a8-47799d948184: start FollowerState
2019-09-11 10:57:01,559 [pool-47-thread-1] INFO  impl.RoleInfo (RoleInfo.java:updateAndGet(143)) - 2567324e-9700-4950-ac37-98ef668bcfff: start FollowerState
2019-09-11 10:57:01,559 [pool-87-thread-1] INFO  util.JmxRegister (JmxRegister.java:tryRegister(44)) - Successfully registered JMX Bean with object name Ratis:service=RaftServer,group=group-D76DF239534C,id=2759b58a-2fbd-4e45-94a8-47799d948184
2019-09-11 10:57:01,559 [pool-47-thread-1] INFO  util.JmxRegister (JmxRegister.java:tryRegister(44)) - Successfully registered JMX Bean with object name Ratis:service=RaftServer,group=group-D76DF239534C,id=2567324e-9700-4950-ac37-98ef668bcfff
2019-09-11 10:57:01,561 [RatisPipelineUtilsThread] INFO  pipeline.PipelineStateManager (PipelineStateManager.java:addPipeline(56)) - Created pipeline Pipeline[ Id: e3c1d1a2-4ec1-4d76-8659-d76df239534c, Nodes: 2567324e-9700-4950-ac37-98ef668bcfff{ip: 192.168.69.96, host: pr-hdds-1982-decom-states-q64lx-3787986432, networkLocation: /default-rack, certSerialId: null}2759b58a-2fbd-4e45-94a8-47799d948184{ip: 192.168.69.96, host: pr-hdds-1982-decom-states-q64lx-3787986432, networkLocation: /default-rack, certSerialId: null}877608bb-19c4-4d8c-8958-a78beaef70b4{ip: 192.168.69.96, host: pr-hdds-1982-decom-states-q64lx-3787986432, networkLocation: /default-rack, certSerialId: null}, Type:RATIS, Factor:THREE, State:OPEN]
2019-09-11 10:57:02,853 [grpc-default-executor-7] INFO  client.GrpcClientProtocolClient (GrpcClientProtocolClient.java:onNext(264)) - client-ADF5984F8D70->2567324e-9700-4950-ac37-98ef668bcfff: receive RaftClientReply:client-ADF5984F8D70->2567324e-9700-4950-ac37-98ef668bcfff@group-17832C0C68B9, cid=55, FAILED org.apache.ratis.protocol.NotLeaderException: Server 2567324e-9700-4950-ac37-98ef668bcfff@group-17832C0C68B9 is not the leader 2759b58a-2fbd-4e45-94a8-47799d948184:192.168.69.96:41390, logIndex=0, commits[2567324e-9700-4950-ac37-98ef668bcfff:c14, 877608bb-19c4-4d8c-8958-a78beaef70b4:c14, 2759b58a-2fbd-4e45-94a8-47799d948184:c14]
2019-09-11 10:57:03,249 [org.apache.ratis.server.impl.LogAppender$AppenderDaemon$$Lambda$497/1546363005@3cb1a730] ERROR ratis.XceiverServerRatis (XceiverServerRatis.java:triggerPipelineClose(568)) - pipeline Action CLOSE  on pipeline PipelineID=611d975d-381d-4bb5-be57-17832c0c68b9.Reason : 2759b58a-2fbd-4e45-94a8-47799d948184 has not seen follower/s 877608bb-19c4-4d8c-8958-a78beaef70b4 for 158419ms 2567324e-9700-4950-ac37-98ef668bcfff for 158419ms
2019-09-11 10:57:03,250 [org.apache.ratis.server.impl.LogAppender$AppenderDaemon$$Lambda$497/1546363005@53e48356] ERROR ratis.XceiverServerRatis (XceiverServerRatis.java:triggerPipelineClose(568)) - pipeline Action CLOSE  on pipeline PipelineID=611d975d-381d-4bb5-be57-17832c0c68b9.Reason : 2759b58a-2fbd-4e45-94a8-47799d948184 has not seen follower/s 877608bb-19c4-4d8c-8958-a78beaef70b4 for 158419ms 2567324e-9700-4950-ac37-98ef668bcfff for 158419ms
2019-09-11 10:57:03,747 [java.util.concurrent.ThreadPoolExecutor$Worker@d960b43[State = -1, empty queue]] WARN  server.GrpcLogAppender (GrpcLogAppender.java:timeoutAppendRequest(200)) - 2759b58a-2fbd-4e45-94a8-47799d948184@group-17832C0C68B9->2567324e-9700-4950-ac37-98ef668bcfff-GrpcLogAppender: appendEntries Timeout, request=2759b58a-2fbd-4e45-94a8-47799d948184->2567324e-9700-4950-ac37-98ef668bcfff#157-t2, previous=(t:2, i:19), leaderCommit=14, initializing? false, entries: <empty>
2019-09-11 10:57:03,747 [java.util.concurrent.ThreadPoolExecutor$Worker@52611adc[State = -1, empty queue]] WARN  server.GrpcLogAppender (GrpcLogAppender.java:timeoutAppendRequest(200)) - 2759b58a-2fbd-4e45-94a8-47799d948184@group-17832C0C68B9->877608bb-19c4-4d8c-8958-a78beaef70b4-GrpcLogAppender: appendEntries Timeout, request=2759b58a-2fbd-4e45-94a8-47799d948184->877608bb-19c4-4d8c-8958-a78beaef70b4#157-t2, previous=(t:2, i:19), leaderCommit=14, initializing? false, entries: <empty>
2019-09-11 10:57:04,240 [EventQueue-PipelineActionsForPipelineActionHandler] ERROR pipeline.PipelineActionHandler (PipelineActionHandler.java:onMessage(60)) - Received pipeline action CLOSE for Pipeline[ Id: 611d975d-381d-4bb5-be57-17832c0c68b9, Nodes: 2567324e-9700-4950-ac37-98ef668bcfff{ip: 192.168.69.96, host: pr-hdds-1982-decom-states-q64lx-3787986432, networkLocation: /default-rack, certSerialId: null}2759b58a-2fbd-4e45-94a8-47799d948184{ip: 192.168.69.96, host: pr-hdds-1982-decom-states-q64lx-3787986432, networkLocation: /default-rack, certSerialId: null}877608bb-19c4-4d8c-8958-a78beaef70b4{ip: 192.168.69.96, host: pr-hdds-1982-decom-states-q64lx-3787986432, networkLocation: /default-rack, certSerialId: null}, Type:RATIS, Factor:THREE, State:CLOSED] from datanode 2759b58a-2fbd-4e45-94a8-47799d948184{ip: 192.168.69.96, host: pr-hdds-1982-decom-states-q64lx-3787986432, networkLocation: /default-rack, certSerialId: null}. Reason : 2759b58a-2fbd-4e45-94a8-47799d948184 has not seen follower/s 877608bb-19c4-4d8c-8958-a78beaef70b4 for 158419ms 2567324e-9700-4950-ac37-98ef668bcfff for 158419ms
2019-09-11 10:57:04,240 [EventQueue-PipelineActionsForPipelineActionHandler] INFO  pipeline.SCMPipelineManager (SCMPipelineManager.java:finalizeAndDestroyPipeline(311)) - destroying pipeline:Pipeline[ Id: 611d975d-381d-4bb5-be57-17832c0c68b9, Nodes: 2567324e-9700-4950-ac37-98ef668bcfff{ip: 192.168.69.96, host: pr-hdds-1982-decom-states-q64lx-3787986432, networkLocation: /default-rack, certSerialId: null}2759b58a-2fbd-4e45-94a8-47799d948184{ip: 192.168.69.96, host: pr-hdds-1982-decom-states-q64lx-3787986432, networkLocation: /default-rack, certSerialId: null}877608bb-19c4-4d8c-8958-a78beaef70b4{ip: 192.168.69.96, host: pr-hdds-1982-decom-states-q64lx-3787986432, networkLocation: /default-rack, certSerialId: null}, Type:RATIS, Factor:THREE, State:CLOSED]
2019-09-11 10:57:05,750 [org.apache.ratis.server.impl.LogAppender$AppenderDaemon$$Lambda$497/1546363005@3cb1a730] ERROR ratis.XceiverServerRatis (XceiverServerRatis.java:triggerPipelineClose(568)) - pipeline Action CLOSE  on pipeline PipelineID=611d975d-381d-4bb5-be57-17832c0c68b9.Reason : 2759b58a-2fbd-4e45-94a8-47799d948184 has not seen follower/s 877608bb-19c4-4d8c-8958-a78beaef70b4 for 160920ms 2567324e-9700-4950-ac37-98ef668bcfff for 160920ms
2019-09-11 10:57:05,750 [org.apache.ratis.server.impl.LogAppender$AppenderDaemon$$Lambda$497/1546363005@53e48356] ERROR ratis.XceiverServerRatis (XceiverServerRatis.java:triggerPipelineClose(568)) - pipeline Action CLOSE  on pipeline PipelineID=611d975d-381d-4bb5-be57-17832c0c68b9.Reason : 2759b58a-2fbd-4e45-94a8-47799d948184 has not seen follower/s 877608bb-19c4-4d8c-8958-a78beaef70b4 for 160920ms 2567324e-9700-4950-ac37-98ef668bcfff for 160920ms
2019-09-11 10:57:06,056 [877608bb-19c4-4d8c-8958-a78beaef70b4@group-17832C0C68B9-SegmentedRaftLogWorker] WARN  segmented.SegmentedRaftLogWorker (SegmentedRaftLogWorker.java:getFromFuture(90)) - Timeout 15/~
org.apache.ratis.protocol.TimeoutIOException: Timeout 10s: WriteLog:15: (t:2, i:15), STATEMACHINELOGENTRY, client-ADF5984F8D70, cid=55-writeStateMachineData
	at org.apache.ratis.util.IOUtils.getFromFuture(IOUtils.java:87)
	at org.apache.ratis.server.raftlog.segmented.SegmentedRaftLogWorker$StateMachineDataPolicy.getFromFuture(SegmentedRaftLogWorker.java:87)
	at org.apache.ratis.server.raftlog.segmented.SegmentedRaftLogWorker$WriteLog.execute(SegmentedRaftLogWorker.java:477)
	at org.apache.ratis.server.raftlog.segmented.SegmentedRaftLogWorker.run(SegmentedRaftLogWorker.java:289)
	at java.lang.Thread.run(Thread.java:748)
Caused by: java.util.concurrent.TimeoutException
	at java.util.concurrent.CompletableFuture.timedGet(CompletableFuture.java:1771)
	at java.util.concurrent.CompletableFuture.get(CompletableFuture.java:1915)
	at org.apache.ratis.util.IOUtils.getFromFuture(IOUtils.java:79)
	... 4 more
2019-09-11 10:57:06,206 [2567324e-9700-4950-ac37-98ef668bcfff@group-17832C0C68B9-SegmentedRaftLogWorker] WARN  segmented.SegmentedRaftLogWorker (SegmentedRaftLogWorker.java:getFromFuture(90)) - Timeout 15/~
org.apache.ratis.protocol.TimeoutIOException: Timeout 10s: WriteLog:17: (t:2, i:17), STATEMACHINELOGENTRY, client-ADF5984F8D70, cid=57-writeStateMachineData
	at org.apache.ratis.util.IOUtils.getFromFuture(IOUtils.java:87)
	at org.apache.ratis.server.raftlog.segmented.SegmentedRaftLogWorker$StateMachineDataPolicy.getFromFuture(SegmentedRaftLogWorker.java:87)
	at org.apache.ratis.server.raftlog.segmented.SegmentedRaftLogWorker$WriteLog.execute(SegmentedRaftLogWorker.java:477)
	at org.apache.ratis.server.raftlog.segmented.SegmentedRaftLogWorker.run(SegmentedRaftLogWorker.java:289)
	at java.lang.Thread.run(Thread.java:748)
Caused by: java.util.concurrent.TimeoutException
	at java.util.concurrent.CompletableFuture.timedGet(CompletableFuture.java:1771)
	at java.util.concurrent.CompletableFuture.get(CompletableFuture.java:1915)
	at org.apache.ratis.util.IOUtils.getFromFuture(IOUtils.java:79)
	... 4 more
2019-09-11 10:57:06,206 [2759b58a-2fbd-4e45-94a8-47799d948184@group-17832C0C68B9-SegmentedRaftLogWorker] WARN  segmented.SegmentedRaftLogWorker (SegmentedRaftLogWorker.java:getFromFuture(90)) - Timeout 15/~
org.apache.ratis.protocol.TimeoutIOException: Timeout 10s: WriteLog:17: (t:2, i:17), STATEMACHINELOGENTRY, client-ADF5984F8D70, cid=57-writeStateMachineData
	at org.apache.ratis.util.IOUtils.getFromFuture(IOUtils.java:87)
	at org.apache.ratis.server.raftlog.segmented.SegmentedRaftLogWorker$StateMachineDataPolicy.getFromFuture(SegmentedRaftLogWorker.java:87)
	at org.apache.ratis.server.raftlog.segmented.SegmentedRaftLogWorker$WriteLog.execute(SegmentedRaftLogWorker.java:477)
	at org.apache.ratis.server.raftlog.segmented.SegmentedRaftLogWorker.run(SegmentedRaftLogWorker.java:289)
	at java.lang.Thread.run(Thread.java:748)
Caused by: java.util.concurrent.TimeoutException
	at java.util.concurrent.CompletableFuture.timedGet(CompletableFuture.java:1771)
	at java.util.concurrent.CompletableFuture.get(CompletableFuture.java:1915)
	at org.apache.ratis.util.IOUtils.getFromFuture(IOUtils.java:79)
	... 4 more
2019-09-11 10:57:06,240 [EventQueue-PipelineActionsForPipelineActionHandler] ERROR pipeline.PipelineActionHandler (PipelineActionHandler.java:onMessage(60)) - Received pipeline action CLOSE for Pipeline[ Id: 611d975d-381d-4bb5-be57-17832c0c68b9, Nodes: 2567324e-9700-4950-ac37-98ef668bcfff{ip: 192.168.69.96, host: pr-hdds-1982-decom-states-q64lx-3787986432, networkLocation: /default-rack, certSerialId: null}2759b58a-2fbd-4e45-94a8-47799d948184{ip: 192.168.69.96, host: pr-hdds-1982-decom-states-q64lx-3787986432, networkLocation: /default-rack, certSerialId: null}877608bb-19c4-4d8c-8958-a78beaef70b4{ip: 192.168.69.96, host: pr-hdds-1982-decom-states-q64lx-3787986432, networkLocation: /default-rack, certSerialId: null}, Type:RATIS, Factor:THREE, State:CLOSED] from datanode 2759b58a-2fbd-4e45-94a8-47799d948184{ip: 192.168.69.96, host: pr-hdds-1982-decom-states-q64lx-3787986432, networkLocation: /default-rack, certSerialId: null}. Reason : 2759b58a-2fbd-4e45-94a8-47799d948184 has not seen follower/s 877608bb-19c4-4d8c-8958-a78beaef70b4 for 160920ms 2567324e-9700-4950-ac37-98ef668bcfff for 160920ms
2019-09-11 10:57:06,241 [EventQueue-PipelineActionsForPipelineActionHandler] INFO  pipeline.SCMPipelineManager (SCMPipelineManager.java:finalizeAndDestroyPipeline(311)) - destroying pipeline:Pipeline[ Id: 611d975d-381d-4bb5-be57-17832c0c68b9, Nodes: 2567324e-9700-4950-ac37-98ef668bcfff{ip: 192.168.69.96, host: pr-hdds-1982-decom-states-q64lx-3787986432, networkLocation: /default-rack, certSerialId: null}2759b58a-2fbd-4e45-94a8-47799d948184{ip: 192.168.69.96, host: pr-hdds-1982-decom-states-q64lx-3787986432, networkLocation: /default-rack, certSerialId: null}877608bb-19c4-4d8c-8958-a78beaef70b4{ip: 192.168.69.96, host: pr-hdds-1982-decom-states-q64lx-3787986432, networkLocation: /default-rack, certSerialId: null}, Type:RATIS, Factor:THREE, State:CLOSED]
2019-09-11 10:57:06,249 [java.util.concurrent.ThreadPoolExecutor$Worker@52611adc[State = -1, empty queue]] WARN  server.GrpcLogAppender (GrpcLogAppender.java:timeoutAppendRequest(200)) - 2759b58a-2fbd-4e45-94a8-47799d948184@group-17832C0C68B9->877608bb-19c4-4d8c-8958-a78beaef70b4-GrpcLogAppender: appendEntries Timeout, request=2759b58a-2fbd-4e45-94a8-47799d948184->877608bb-19c4-4d8c-8958-a78beaef70b4#158-t2, previous=(t:2, i:19), leaderCommit=14, initializing? false, entries: <empty>
2019-09-11 10:57:06,249 [java.util.concurrent.ThreadPoolExecutor$Worker@d960b43[State = -1, empty queue]] WARN  server.GrpcLogAppender (GrpcLogAppender.java:timeoutAppendRequest(200)) - 2759b58a-2fbd-4e45-94a8-47799d948184@group-17832C0C68B9->2567324e-9700-4950-ac37-98ef668bcfff-GrpcLogAppender: appendEntries Timeout, request=2759b58a-2fbd-4e45-94a8-47799d948184->2567324e-9700-4950-ac37-98ef668bcfff#158-t2, previous=(t:2, i:19), leaderCommit=14, initializing? false, entries: <empty>
2019-09-11 10:57:06,566 [Thread-1427] INFO  impl.FollowerState (FollowerState.java:run(106)) - 2567324e-9700-4950-ac37-98ef668bcfff:group-D76DF239534C changes to CANDIDATE, lastRpcTime:5006, electionTimeout:5006ms
2019-09-11 10:57:06,567 [Thread-1427] INFO  impl.RoleInfo (RoleInfo.java:shutdownFollowerState(121)) - 2567324e-9700-4950-ac37-98ef668bcfff: shutdown FollowerState
2019-09-11 10:57:06,567 [Thread-1427] INFO  impl.RaftServerImpl (RaftServerImpl.java:setRole(174)) - 2567324e-9700-4950-ac37-98ef668bcfff@group-D76DF239534C: changes role from  FOLLOWER to CANDIDATE at term 0 for changeToCandidate
2019-09-11 10:57:06,568 [Thread-1427] INFO  impl.RoleInfo (RoleInfo.java:updateAndGet(143)) - 2567324e-9700-4950-ac37-98ef668bcfff: start LeaderElection
2019-09-11 10:57:06,610 [2567324e-9700-4950-ac37-98ef668bcfff@group-D76DF239534C:LeaderElection16] INFO  impl.LeaderElection (LeaderElection.java:askForVotes(182)) - 2567324e-9700-4950-ac37-98ef668bcfff@group-D76DF239534C:LeaderElection16: begin an election at term 1 for -1: [877608bb-19c4-4d8c-8958-a78beaef70b4:192.168.69.96:35300, 2567324e-9700-4950-ac37-98ef668bcfff:192.168.69.96:42966, 2759b58a-2fbd-4e45-94a8-47799d948184:192.168.69.96:41390], old=null
2019-09-11 10:57:06,619 [grpc-default-executor-7] INFO  impl.RaftServerImpl (RaftServerImpl.java:setRole(174)) - 877608bb-19c4-4d8c-8958-a78beaef70b4@group-D76DF239534C: changes role from  FOLLOWER to FOLLOWER at term 1 for recognizeCandidate:2567324e-9700-4950-ac37-98ef668bcfff
2019-09-11 10:57:06,619 [grpc-default-executor-6] INFO  impl.RaftServerImpl (RaftServerImpl.java:setRole(174)) - 2759b58a-2fbd-4e45-94a8-47799d948184@group-D76DF239534C: changes role from  FOLLOWER to FOLLOWER at term 1 for recognizeCandidate:2567324e-9700-4950-ac37-98ef668bcfff
2019-09-11 10:57:06,619 [grpc-default-executor-7] INFO  impl.RoleInfo (RoleInfo.java:shutdownFollowerState(121)) - 877608bb-19c4-4d8c-8958-a78beaef70b4: shutdown FollowerState
2019-09-11 10:57:06,619 [grpc-default-executor-6] INFO  impl.RoleInfo (RoleInfo.java:shutdownFollowerState(121)) - 2759b58a-2fbd-4e45-94a8-47799d948184: shutdown FollowerState
2019-09-11 10:57:06,619 [grpc-default-executor-7] INFO  impl.RoleInfo (RoleInfo.java:updateAndGet(143)) - 877608bb-19c4-4d8c-8958-a78beaef70b4: start FollowerState
2019-09-11 10:57:06,620 [Thread-1426] INFO  impl.FollowerState (FollowerState.java:run(115)) - 2759b58a-2fbd-4e45-94a8-47799d948184: FollowerState was interrupted: java.lang.InterruptedException: sleep interrupted
2019-09-11 10:57:06,620 [Thread-1424] INFO  impl.FollowerState (FollowerState.java:run(115)) - 877608bb-19c4-4d8c-8958-a78beaef70b4: FollowerState was interrupted: java.lang.InterruptedException: sleep interrupted
2019-09-11 10:57:06,619 [grpc-default-executor-6] INFO  impl.RoleInfo (RoleInfo.java:updateAndGet(143)) - 2759b58a-2fbd-4e45-94a8-47799d948184: start FollowerState
2019-09-11 10:57:06,650 [2567324e-9700-4950-ac37-98ef668bcfff@group-D76DF239534C:LeaderElection16] INFO  impl.LeaderElection (LeaderElection.java:logAndReturn(56)) - 2567324e-9700-4950-ac37-98ef668bcfff@group-D76DF239534C:LeaderElection16: Election PASSED; received 1 response(s) [2567324e-9700-4950-ac37-98ef668bcfff<-2759b58a-2fbd-4e45-94a8-47799d948184#0:OK-t1] and 0 exception(s); 2567324e-9700-4950-ac37-98ef668bcfff@group-D76DF239534C:t1, leader=null, voted=2567324e-9700-4950-ac37-98ef668bcfff, raftlog=2567324e-9700-4950-ac37-98ef668bcfff@group-D76DF239534C-SegmentedRaftLog:OPENED:c-1,f-1,i0, conf=-1: [877608bb-19c4-4d8c-8958-a78beaef70b4:192.168.69.96:35300, 2567324e-9700-4950-ac37-98ef668bcfff:192.168.69.96:42966, 2759b58a-2fbd-4e45-94a8-47799d948184:192.168.69.96:41390], old=null
2019-09-11 10:57:06,650 [2567324e-9700-4950-ac37-98ef668bcfff@group-D76DF239534C:LeaderElection16] INFO  impl.RoleInfo (RoleInfo.java:shutdownLeaderElection(134)) - 2567324e-9700-4950-ac37-98ef668bcfff: shutdown LeaderElection
2019-09-11 10:57:06,651 [2567324e-9700-4950-ac37-98ef668bcfff@group-D76DF239534C:LeaderElection16] INFO  impl.RaftServerImpl (RaftServerImpl.java:setRole(174)) - 2567324e-9700-4950-ac37-98ef668bcfff@group-D76DF239534C: changes role from CANDIDATE to LEADER at term 1 for changeToLeader
2019-09-11 10:57:06,653 [2567324e-9700-4950-ac37-98ef668bcfff@group-D76DF239534C:LeaderElection16] INFO  impl.RaftServerImpl (ServerState.java:setLeader(253)) - 2567324e-9700-4950-ac37-98ef668bcfff@group-D76DF239534C: change Leader from null to 2567324e-9700-4950-ac37-98ef668bcfff at term 1 for becomeLeader, leader elected after 5106ms
2019-09-11 10:57:06,654 [2567324e-9700-4950-ac37-98ef668bcfff@group-D76DF239534C:LeaderElection16] INFO  server.RaftServerConfigKeys (ConfUtils.java:logGet(43)) - raft.server.staging.catchup.gap = 1000 (default)
2019-09-11 10:57:06,654 [2567324e-9700-4950-ac37-98ef668bcfff@group-D76DF239534C:LeaderElection16] INFO  server.RaftServerConfigKeys (ConfUtils.java:logGet(43)) - raft.server.rpc.sleep.time = 25ms (default)
2019-09-11 10:57:06,654 [2567324e-9700-4950-ac37-98ef668bcfff@group-D76DF239534C:LeaderElection16] INFO  server.RaftServerConfigKeys (ConfUtils.java:logGet(43)) - raft.server.write.element-limit = 4096 (default)
2019-09-11 10:57:06,654 [2567324e-9700-4950-ac37-98ef668bcfff@group-D76DF239534C:LeaderElection16] INFO  server.RaftServerConfigKeys (ConfUtils.java:logGet(43)) - raft.server.watch.timeout = 10s (default)
2019-09-11 10:57:06,655 [2567324e-9700-4950-ac37-98ef668bcfff@group-D76DF239534C:LeaderElection16] INFO  server.RaftServerConfigKeys (ConfUtils.java:logGet(43)) - raft.server.watch.timeout.denomination = 1s (default)
2019-09-11 10:57:06,655 [2567324e-9700-4950-ac37-98ef668bcfff@group-D76DF239534C:LeaderElection16] INFO  server.RaftServerConfigKeys (ConfUtils.java:logGet(43)) - raft.server.watch.element-limit = 65536 (default)
2019-09-11 10:57:06,660 [2567324e-9700-4950-ac37-98ef668bcfff@group-D76DF239534C:LeaderElection16] INFO  server.RaftServerConfigKeys (ConfUtils.java:logGet(43)) - raft.server.log.appender.snapshot.chunk.size.max = 16MB (=16777216) (default)
2019-09-11 10:57:06,660 [2567324e-9700-4950-ac37-98ef668bcfff@group-D76DF239534C:LeaderElection16] INFO  server.RaftServerConfigKeys (ConfUtils.java:logGet(43)) - raft.server.log.appender.buffer.byte-limit = 33554432 (custom)
2019-09-11 10:57:06,660 [2567324e-9700-4950-ac37-98ef668bcfff@group-D76DF239534C:LeaderElection16] INFO  server.RaftServerConfigKeys (ConfUtils.java:logGet(43)) - raft.server.log.appender.buffer.element-limit = 1 (custom)
2019-09-11 10:57:06,661 [2567324e-9700-4950-ac37-98ef668bcfff@group-D76DF239534C:LeaderElection16] INFO  grpc.GrpcConfigKeys$Server (ConfUtils.java:logGet(43)) - raft.grpc.server.leader.outstanding.appends.max = 128 (default)
2019-09-11 10:57:06,661 [2567324e-9700-4950-ac37-98ef668bcfff@group-D76DF239534C:LeaderElection16] INFO  server.RaftServerConfigKeys (ConfUtils.java:logGet(43)) - raft.server.rpc.request.timeout = 3000ms (default)
2019-09-11 10:57:06,661 [2567324e-9700-4950-ac37-98ef668bcfff@group-D76DF239534C:LeaderElection16] INFO  server.RaftServerConfigKeys (ConfUtils.java:logGet(43)) - raft.server.log.appender.install.snapshot.enabled = false (custom)
2019-09-11 10:57:06,661 [2567324e-9700-4950-ac37-98ef668bcfff@group-D76DF239534C:LeaderElection16] INFO  server.RaftServerConfigKeys (ConfUtils.java:logGet(43)) - raft.server.log.appender.snapshot.chunk.size.max = 16MB (=16777216) (default)
2019-09-11 10:57:06,662 [2567324e-9700-4950-ac37-98ef668bcfff@group-D76DF239534C:LeaderElection16] INFO  server.RaftServerConfigKeys (ConfUtils.java:logGet(43)) - raft.server.log.appender.buffer.byte-limit = 33554432 (custom)
2019-09-11 10:57:06,662 [2567324e-9700-4950-ac37-98ef668bcfff@group-D76DF239534C:LeaderElection16] INFO  server.RaftServerConfigKeys (ConfUtils.java:logGet(43)) - raft.server.log.appender.buffer.element-limit = 1 (custom)
2019-09-11 10:57:06,662 [2567324e-9700-4950-ac37-98ef668bcfff@group-D76DF239534C:LeaderElection16] INFO  grpc.GrpcConfigKeys$Server (ConfUtils.java:logGet(43)) - raft.grpc.server.leader.outstanding.appends.max = 128 (default)
2019-09-11 10:57:06,662 [2567324e-9700-4950-ac37-98ef668bcfff@group-D76DF239534C:LeaderElection16] INFO  server.RaftServerConfigKeys (ConfUtils.java:logGet(43)) - raft.server.rpc.request.timeout = 3000ms (default)
2019-09-11 10:57:06,662 [2567324e-9700-4950-ac37-98ef668bcfff@group-D76DF239534C:LeaderElection16] INFO  server.RaftServerConfigKeys (ConfUtils.java:logGet(43)) - raft.server.log.appender.install.snapshot.enabled = false (custom)
2019-09-11 10:57:06,663 [2567324e-9700-4950-ac37-98ef668bcfff@group-D76DF239534C:LeaderElection16] INFO  impl.RoleInfo (RoleInfo.java:updateAndGet(143)) - 2567324e-9700-4950-ac37-98ef668bcfff: start LeaderState
2019-09-11 10:57:06,663 [2567324e-9700-4950-ac37-98ef668bcfff@group-D76DF239534C:LeaderElection16] INFO  segmented.SegmentedRaftLogWorker (SegmentedRaftLogWorker.java:startLogSegment(380)) - 2567324e-9700-4950-ac37-98ef668bcfff@group-D76DF239534C-SegmentedRaftLogWorker: Starting segment from index:0
2019-09-11 10:57:06,664 [2567324e-9700-4950-ac37-98ef668bcfff@group-D76DF239534C:LeaderElection16] INFO  impl.RaftServerImpl (ServerState.java:setRaftConf(354)) - 2567324e-9700-4950-ac37-98ef668bcfff@group-D76DF239534C: set configuration 0: [877608bb-19c4-4d8c-8958-a78beaef70b4:192.168.69.96:35300, 2567324e-9700-4950-ac37-98ef668bcfff:192.168.69.96:42966, 2759b58a-2fbd-4e45-94a8-47799d948184:192.168.69.96:41390], old=null at 0
2019-09-11 10:57:06,705 [grpc-default-executor-6] INFO  impl.RaftServerImpl (ServerState.java:setLeader(253)) - 2759b58a-2fbd-4e45-94a8-47799d948184@group-D76DF239534C: change Leader from null to 2567324e-9700-4950-ac37-98ef668bcfff at term 1 for appendEntries, leader elected after 5158ms
2019-09-11 10:57:06,705 [grpc-default-executor-7] INFO  impl.RaftServerImpl (ServerState.java:setLeader(253)) - 877608bb-19c4-4d8c-8958-a78beaef70b4@group-D76DF239534C: change Leader from null to 2567324e-9700-4950-ac37-98ef668bcfff at term 1 for appendEntries, leader elected after 5158ms
2019-09-11 10:57:06,898 [2567324e-9700-4950-ac37-98ef668bcfff@group-D76DF239534C-SegmentedRaftLogWorker] INFO  segmented.SegmentedRaftLogWorker (SegmentedRaftLogWorker.java:execute(569)) - 2567324e-9700-4950-ac37-98ef668bcfff@group-D76DF239534C-SegmentedRaftLogWorker: created new log segment /workdir/hadoop-ozone/integration-test/target/test-dir/MiniOzoneClusterImpl-d1c09eb7-78b5-4432-98f5-8abfc41a1ec2/datanode-2/data/ratis/e3c1d1a2-4ec1-4d76-8659-d76df239534c/current/log_inprogress_0
2019-09-11 10:57:06,899 [grpc-default-executor-7] INFO  impl.RaftServerImpl (ServerState.java:setRaftConf(354)) - 877608bb-19c4-4d8c-8958-a78beaef70b4@group-D76DF239534C: set configuration 0: [877608bb-19c4-4d8c-8958-a78beaef70b4:192.168.69.96:35300, 2567324e-9700-4950-ac37-98ef668bcfff:192.168.69.96:42966, 2759b58a-2fbd-4e45-94a8-47799d948184:192.168.69.96:41390], old=null at 0
2019-09-11 10:57:06,899 [grpc-default-executor-7] INFO  segmented.SegmentedRaftLogWorker (SegmentedRaftLogWorker.java:startLogSegment(380)) - 877608bb-19c4-4d8c-8958-a78beaef70b4@group-D76DF239534C-SegmentedRaftLogWorker: Starting segment from index:0
2019-09-11 10:57:06,899 [grpc-default-executor-6] INFO  impl.RaftServerImpl (ServerState.java:setRaftConf(354)) - 2759b58a-2fbd-4e45-94a8-47799d948184@group-D76DF239534C: set configuration 0: [877608bb-19c4-4d8c-8958-a78beaef70b4:192.168.69.96:35300, 2567324e-9700-4950-ac37-98ef668bcfff:192.168.69.96:42966, 2759b58a-2fbd-4e45-94a8-47799d948184:192.168.69.96:41390], old=null at 0
2019-09-11 10:57:06,900 [grpc-default-executor-6] INFO  segmented.SegmentedRaftLogWorker (SegmentedRaftLogWorker.java:startLogSegment(380)) - 2759b58a-2fbd-4e45-94a8-47799d948184@group-D76DF239534C-SegmentedRaftLogWorker: Starting segment from index:0
2019-09-11 10:57:06,972 [877608bb-19c4-4d8c-8958-a78beaef70b4@group-D76DF239534C-SegmentedRaftLogWorker] INFO  segmented.SegmentedRaftLogWorker (SegmentedRaftLogWorker.java:execute(569)) - 877608bb-19c4-4d8c-8958-a78beaef70b4@group-D76DF239534C-SegmentedRaftLogWorker: created new log segment /workdir/hadoop-ozone/integration-test/target/test-dir/MiniOzoneClusterImpl-d1c09eb7-78b5-4432-98f5-8abfc41a1ec2/datanode-0/data/ratis/e3c1d1a2-4ec1-4d76-8659-d76df239534c/current/log_inprogress_0
2019-09-11 10:57:06,972 [2759b58a-2fbd-4e45-94a8-47799d948184@group-D76DF239534C-SegmentedRaftLogWorker] INFO  segmented.SegmentedRaftLogWorker (SegmentedRaftLogWorker.java:execute(569)) - 2759b58a-2fbd-4e45-94a8-47799d948184@group-D76DF239534C-SegmentedRaftLogWorker: created new log segment /workdir/hadoop-ozone/integration-test/target/test-dir/MiniOzoneClusterImpl-d1c09eb7-78b5-4432-98f5-8abfc41a1ec2/datanode-6/data/ratis/e3c1d1a2-4ec1-4d76-8659-d76df239534c/current/log_inprogress_0
2019-09-11 10:57:07,979 [grpc-default-executor-7] INFO  client.GrpcClientProtocolClient (GrpcClientProtocolClient.java:onNext(264)) - client-ADF5984F8D70->877608bb-19c4-4d8c-8958-a78beaef70b4: receive RaftClientReply:client-ADF5984F8D70->877608bb-19c4-4d8c-8958-a78beaef70b4@group-17832C0C68B9, cid=55, FAILED org.apache.ratis.protocol.NotLeaderException: Server 877608bb-19c4-4d8c-8958-a78beaef70b4@group-17832C0C68B9 is not the leader 2759b58a-2fbd-4e45-94a8-47799d948184:192.168.69.96:41390, logIndex=0, commits[877608bb-19c4-4d8c-8958-a78beaef70b4:c14, 2567324e-9700-4950-ac37-98ef668bcfff:c14, 2759b58a-2fbd-4e45-94a8-47799d948184:c14]
2019-09-11 10:57:08,251 [org.apache.ratis.server.impl.LogAppender$AppenderDaemon$$Lambda$497/1546363005@53e48356] ERROR ratis.XceiverServerRatis (XceiverServerRatis.java:triggerPipelineClose(568)) - pipeline Action CLOSE  on pipeline PipelineID=611d975d-381d-4bb5-be57-17832c0c68b9.Reason : 2759b58a-2fbd-4e45-94a8-47799d948184 has not seen follower/s 877608bb-19c4-4d8c-8958-a78beaef70b4 for 163421ms 2567324e-9700-4950-ac37-98ef668bcfff for 163421ms
2019-09-11 10:57:08,251 [org.apache.ratis.server.impl.LogAppender$AppenderDaemon$$Lambda$497/1546363005@3cb1a730] ERROR ratis.XceiverServerRatis (XceiverServerRatis.java:triggerPipelineClose(568)) - pipeline Action CLOSE  on pipeline PipelineID=611d975d-381d-4bb5-be57-17832c0c68b9.Reason : 2759b58a-2fbd-4e45-94a8-47799d948184 has not seen follower/s 877608bb-19c4-4d8c-8958-a78beaef70b4 for 163421ms 2567324e-9700-4950-ac37-98ef668bcfff for 163421ms
2019-09-11 10:57:08,750 [java.util.concurrent.ThreadPoolExecutor$Worker@52611adc[State = -1, empty queue]] WARN  server.GrpcLogAppender (GrpcLogAppender.java:timeoutAppendRequest(200)) - 2759b58a-2fbd-4e45-94a8-47799d948184@group-17832C0C68B9->877608bb-19c4-4d8c-8958-a78beaef70b4-GrpcLogAppender: appendEntries Timeout, request=2759b58a-2fbd-4e45-94a8-47799d948184->877608bb-19c4-4d8c-8958-a78beaef70b4#159-t2, previous=(t:2, i:19), leaderCommit=14, initializing? false, entries: <empty>
2019-09-11 10:57:08,750 [java.util.concurrent.ThreadPoolExecutor$Worker@d960b43[State = -1, empty queue]] WARN  server.GrpcLogAppender (GrpcLogAppender.java:timeoutAppendRequest(200)) - 2759b58a-2fbd-4e45-94a8-47799d948184@group-17832C0C68B9->2567324e-9700-4950-ac37-98ef668bcfff-GrpcLogAppender: appendEntries Timeout, request=2759b58a-2fbd-4e45-94a8-47799d948184->2567324e-9700-4950-ac37-98ef668bcfff#159-t2, previous=(t:2, i:19), leaderCommit=14, initializing? false, entries: <empty>
2019-09-11 10:57:09,242 [EventQueue-PipelineActionsForPipelineActionHandler] ERROR pipeline.PipelineActionHandler (PipelineActionHandler.java:onMessage(60)) - Received pipeline action CLOSE for Pipeline[ Id: 611d975d-381d-4bb5-be57-17832c0c68b9, Nodes: 2567324e-9700-4950-ac37-98ef668bcfff{ip: 192.168.69.96, host: pr-hdds-1982-decom-states-q64lx-3787986432, networkLocation: /default-rack, certSerialId: null}2759b58a-2fbd-4e45-94a8-47799d948184{ip: 192.168.69.96, host: pr-hdds-1982-decom-states-q64lx-3787986432, networkLocation: /default-rack, certSerialId: null}877608bb-19c4-4d8c-8958-a78beaef70b4{ip: 192.168.69.96, host: pr-hdds-1982-decom-states-q64lx-3787986432, networkLocation: /default-rack, certSerialId: null}, Type:RATIS, Factor:THREE, State:CLOSED] from datanode 2759b58a-2fbd-4e45-94a8-47799d948184{ip: 192.168.69.96, host: pr-hdds-1982-decom-states-q64lx-3787986432, networkLocation: /default-rack, certSerialId: null}. Reason : 2759b58a-2fbd-4e45-94a8-47799d948184 has not seen follower/s 877608bb-19c4-4d8c-8958-a78beaef70b4 for 163421ms 2567324e-9700-4950-ac37-98ef668bcfff for 163421ms
2019-09-11 10:57:09,242 [EventQueue-PipelineActionsForPipelineActionHandler] INFO  pipeline.SCMPipelineManager (SCMPipelineManager.java:finalizeAndDestroyPipeline(311)) - destroying pipeline:Pipeline[ Id: 611d975d-381d-4bb5-be57-17832c0c68b9, Nodes: 2567324e-9700-4950-ac37-98ef668bcfff{ip: 192.168.69.96, host: pr-hdds-1982-decom-states-q64lx-3787986432, networkLocation: /default-rack, certSerialId: null}2759b58a-2fbd-4e45-94a8-47799d948184{ip: 192.168.69.96, host: pr-hdds-1982-decom-states-q64lx-3787986432, networkLocation: /default-rack, certSerialId: null}877608bb-19c4-4d8c-8958-a78beaef70b4{ip: 192.168.69.96, host: pr-hdds-1982-decom-states-q64lx-3787986432, networkLocation: /default-rack, certSerialId: null}, Type:RATIS, Factor:THREE, State:CLOSED]
2019-09-11 10:57:10,754 [org.apache.ratis.server.impl.LogAppender$AppenderDaemon$$Lambda$497/1546363005@3cb1a730] ERROR ratis.XceiverServerRatis (XceiverServerRatis.java:triggerPipelineClose(568)) - pipeline Action CLOSE  on pipeline PipelineID=611d975d-381d-4bb5-be57-17832c0c68b9.Reason : 2759b58a-2fbd-4e45-94a8-47799d948184 has not seen follower/s 877608bb-19c4-4d8c-8958-a78beaef70b4 for 165923ms 2567324e-9700-4950-ac37-98ef668bcfff for 165923ms
2019-09-11 10:57:10,754 [org.apache.ratis.server.impl.LogAppender$AppenderDaemon$$Lambda$497/1546363005@53e48356] ERROR ratis.XceiverServerRatis (XceiverServerRatis.java:triggerPipelineClose(568)) - pipeline Action CLOSE  on pipeline PipelineID=611d975d-381d-4bb5-be57-17832c0c68b9.Reason : 2759b58a-2fbd-4e45-94a8-47799d948184 has not seen follower/s 877608bb-19c4-4d8c-8958-a78beaef70b4 for 165923ms 2567324e-9700-4950-ac37-98ef668bcfff for 165923ms
2019-09-11 10:57:11,243 [EventQueue-PipelineActionsForPipelineActionHandler] ERROR pipeline.PipelineActionHandler (PipelineActionHandler.java:onMessage(60)) - Received pipeline action CLOSE for Pipeline[ Id: 611d975d-381d-4bb5-be57-17832c0c68b9, Nodes: 2567324e-9700-4950-ac37-98ef668bcfff{ip: 192.168.69.96, host: pr-hdds-1982-decom-states-q64lx-3787986432, networkLocation: /default-rack, certSerialId: null}2759b58a-2fbd-4e45-94a8-47799d948184{ip: 192.168.69.96, host: pr-hdds-1982-decom-states-q64lx-3787986432, networkLocation: /default-rack, certSerialId: null}877608bb-19c4-4d8c-8958-a78beaef70b4{ip: 192.168.69.96, host: pr-hdds-1982-decom-states-q64lx-3787986432, networkLocation: /default-rack, certSerialId: null}, Type:RATIS, Factor:THREE, State:CLOSED] from datanode 2759b58a-2fbd-4e45-94a8-47799d948184{ip: 192.168.69.96, host: pr-hdds-1982-decom-states-q64lx-3787986432, networkLocation: /default-rack, certSerialId: null}. Reason : 2759b58a-2fbd-4e45-94a8-47799d948184 has not seen follower/s 877608bb-19c4-4d8c-8958-a78beaef70b4 for 165923ms 2567324e-9700-4950-ac37-98ef668bcfff for 165923ms
2019-09-11 10:57:11,244 [EventQueue-PipelineActionsForPipelineActionHandler] INFO  pipeline.SCMPipelineManager (SCMPipelineManager.java:finalizeAndDestroyPipeline(311)) - destroying pipeline:Pipeline[ Id: 611d975d-381d-4bb5-be57-17832c0c68b9, Nodes: 2567324e-9700-4950-ac37-98ef668bcfff{ip: 192.168.69.96, host: pr-hdds-1982-decom-states-q64lx-3787986432, networkLocation: /default-rack, certSerialId: null}2759b58a-2fbd-4e45-94a8-47799d948184{ip: 192.168.69.96, host: pr-hdds-1982-decom-states-q64lx-3787986432, networkLocation: /default-rack, certSerialId: null}877608bb-19c4-4d8c-8958-a78beaef70b4{ip: 192.168.69.96, host: pr-hdds-1982-decom-states-q64lx-3787986432, networkLocation: /default-rack, certSerialId: null}, Type:RATIS, Factor:THREE, State:CLOSED]
2019-09-11 10:57:11,251 [java.util.concurrent.ThreadPoolExecutor$Worker@52611adc[State = -1, empty queue]] WARN  server.GrpcLogAppender (GrpcLogAppender.java:timeoutAppendRequest(200)) - 2759b58a-2fbd-4e45-94a8-47799d948184@group-17832C0C68B9->877608bb-19c4-4d8c-8958-a78beaef70b4-GrpcLogAppender: appendEntries Timeout, request=2759b58a-2fbd-4e45-94a8-47799d948184->877608bb-19c4-4d8c-8958-a78beaef70b4#160-t2, previous=(t:2, i:19), leaderCommit=14, initializing? false, entries: <empty>
2019-09-11 10:57:11,251 [java.util.concurrent.ThreadPoolExecutor$Worker@d960b43[State = -1, empty queue]] WARN  server.GrpcLogAppender (GrpcLogAppender.java:timeoutAppendRequest(200)) - 2759b58a-2fbd-4e45-94a8-47799d948184@group-17832C0C68B9->2567324e-9700-4950-ac37-98ef668bcfff-GrpcLogAppender: appendEntries Timeout, request=2759b58a-2fbd-4e45-94a8-47799d948184->2567324e-9700-4950-ac37-98ef668bcfff#160-t2, previous=(t:2, i:19), leaderCommit=14, initializing? false, entries: <empty>
2019-09-11 10:57:13,040 [grpc-default-executor-0] INFO  client.GrpcClientProtocolClient (GrpcClientProtocolClient.java:onNext(264)) - client-ADF5984F8D70->2567324e-9700-4950-ac37-98ef668bcfff: receive RaftClientReply:client-ADF5984F8D70->2567324e-9700-4950-ac37-98ef668bcfff@group-17832C0C68B9, cid=55, FAILED org.apache.ratis.protocol.NotLeaderException: Server 2567324e-9700-4950-ac37-98ef668bcfff@group-17832C0C68B9 is not the leader 2759b58a-2fbd-4e45-94a8-47799d948184:192.168.69.96:41390, logIndex=0, commits[2567324e-9700-4950-ac37-98ef668bcfff:c14, 877608bb-19c4-4d8c-8958-a78beaef70b4:c14, 2759b58a-2fbd-4e45-94a8-47799d948184:c14]
2019-09-11 10:57:13,254 [org.apache.ratis.server.impl.LogAppender$AppenderDaemon$$Lambda$497/1546363005@53e48356] ERROR ratis.XceiverServerRatis (XceiverServerRatis.java:triggerPipelineClose(568)) - pipeline Action CLOSE  on pipeline PipelineID=611d975d-381d-4bb5-be57-17832c0c68b9.Reason : 2759b58a-2fbd-4e45-94a8-47799d948184 has not seen follower/s 877608bb-19c4-4d8c-8958-a78beaef70b4 for 168424ms 2567324e-9700-4950-ac37-98ef668bcfff for 168424ms
2019-09-11 10:57:13,254 [org.apache.ratis.server.impl.LogAppender$AppenderDaemon$$Lambda$497/1546363005@3cb1a730] ERROR ratis.XceiverServerRatis (XceiverServerRatis.java:triggerPipelineClose(568)) - pipeline Action CLOSE  on pipeline PipelineID=611d975d-381d-4bb5-be57-17832c0c68b9.Reason : 2759b58a-2fbd-4e45-94a8-47799d948184 has not seen follower/s 877608bb-19c4-4d8c-8958-a78beaef70b4 for 168424ms 2567324e-9700-4950-ac37-98ef668bcfff for 168424ms
2019-09-11 10:57:13,753 [java.util.concurrent.ThreadPoolExecutor$Worker@d960b43[State = -1, empty queue]] WARN  server.GrpcLogAppender (GrpcLogAppender.java:timeoutAppendRequest(200)) - 2759b58a-2fbd-4e45-94a8-47799d948184@group-17832C0C68B9->2567324e-9700-4950-ac37-98ef668bcfff-GrpcLogAppender: appendEntries Timeout, request=2759b58a-2fbd-4e45-94a8-47799d948184->2567324e-9700-4950-ac37-98ef668bcfff#161-t2, previous=(t:2, i:19), leaderCommit=14, initializing? false, entries: <empty>
2019-09-11 10:57:13,753 [java.util.concurrent.ThreadPoolExecutor$Worker@52611adc[State = -1, empty queue]] WARN  server.GrpcLogAppender (GrpcLogAppender.java:timeoutAppendRequest(200)) - 2759b58a-2fbd-4e45-94a8-47799d948184@group-17832C0C68B9->877608bb-19c4-4d8c-8958-a78beaef70b4-GrpcLogAppender: appendEntries Timeout, request=2759b58a-2fbd-4e45-94a8-47799d948184->877608bb-19c4-4d8c-8958-a78beaef70b4#161-t2, previous=(t:2, i:19), leaderCommit=14, initializing? false, entries: <empty>
2019-09-11 10:57:14,242 [EventQueue-PipelineActionsForPipelineActionHandler] ERROR pipeline.PipelineActionHandler (PipelineActionHandler.java:onMessage(60)) - Received pipeline action CLOSE for Pipeline[ Id: 611d975d-381d-4bb5-be57-17832c0c68b9, Nodes: 2567324e-9700-4950-ac37-98ef668bcfff{ip: 192.168.69.96, host: pr-hdds-1982-decom-states-q64lx-3787986432, networkLocation: /default-rack, certSerialId: null}2759b58a-2fbd-4e45-94a8-47799d948184{ip: 192.168.69.96, host: pr-hdds-1982-decom-states-q64lx-3787986432, networkLocation: /default-rack, certSerialId: null}877608bb-19c4-4d8c-8958-a78beaef70b4{ip: 192.168.69.96, host: pr-hdds-1982-decom-states-q64lx-3787986432, networkLocation: /default-rack, certSerialId: null}, Type:RATIS, Factor:THREE, State:CLOSED] from datanode 2759b58a-2fbd-4e45-94a8-47799d948184{ip: 192.168.69.96, host: pr-hdds-1982-decom-states-q64lx-3787986432, networkLocation: /default-rack, certSerialId: null}. Reason : 2759b58a-2fbd-4e45-94a8-47799d948184 has not seen follower/s 877608bb-19c4-4d8c-8958-a78beaef70b4 for 168424ms 2567324e-9700-4950-ac37-98ef668bcfff for 168424ms
2019-09-11 10:57:14,242 [EventQueue-PipelineActionsForPipelineActionHandler] INFO  pipeline.SCMPipelineManager (SCMPipelineManager.java:finalizeAndDestroyPipeline(311)) - destroying pipeline:Pipeline[ Id: 611d975d-381d-4bb5-be57-17832c0c68b9, Nodes: 2567324e-9700-4950-ac37-98ef668bcfff{ip: 192.168.69.96, host: pr-hdds-1982-decom-states-q64lx-3787986432, networkLocation: /default-rack, certSerialId: null}2759b58a-2fbd-4e45-94a8-47799d948184{ip: 192.168.69.96, host: pr-hdds-1982-decom-states-q64lx-3787986432, networkLocation: /default-rack, certSerialId: null}877608bb-19c4-4d8c-8958-a78beaef70b4{ip: 192.168.69.96, host: pr-hdds-1982-decom-states-q64lx-3787986432, networkLocation: /default-rack, certSerialId: null}, Type:RATIS, Factor:THREE, State:CLOSED]
2019-09-11 10:57:15,755 [org.apache.ratis.server.impl.LogAppender$AppenderDaemon$$Lambda$497/1546363005@53e48356] ERROR ratis.XceiverServerRatis (XceiverServerRatis.java:triggerPipelineClose(568)) - pipeline Action CLOSE  on pipeline PipelineID=611d975d-381d-4bb5-be57-17832c0c68b9.Reason : 2759b58a-2fbd-4e45-94a8-47799d948184 has not seen follower/s 877608bb-19c4-4d8c-8958-a78beaef70b4 for 170925ms 2567324e-9700-4950-ac37-98ef668bcfff for 170925ms
2019-09-11 10:57:15,755 [org.apache.ratis.server.impl.LogAppender$AppenderDaemon$$Lambda$497/1546363005@3cb1a730] ERROR ratis.XceiverServerRatis (XceiverServerRatis.java:triggerPipelineClose(568)) - pipeline Action CLOSE  on pipeline PipelineID=611d975d-381d-4bb5-be57-17832c0c68b9.Reason : 2759b58a-2fbd-4e45-94a8-47799d948184 has not seen follower/s 877608bb-19c4-4d8c-8958-a78beaef70b4 for 170925ms 2567324e-9700-4950-ac37-98ef668bcfff for 170925ms
2019-09-11 10:57:16,058 [877608bb-19c4-4d8c-8958-a78beaef70b4@group-17832C0C68B9-SegmentedRaftLogWorker] WARN  segmented.SegmentedRaftLogWorker (SegmentedRaftLogWorker.java:getFromFuture(90)) - Timeout 16/~
org.apache.ratis.protocol.TimeoutIOException: Timeout 10s: WriteLog:15: (t:2, i:15), STATEMACHINELOGENTRY, client-ADF5984F8D70, cid=55-writeStateMachineData
	at org.apache.ratis.util.IOUtils.getFromFuture(IOUtils.java:87)
	at org.apache.ratis.server.raftlog.segmented.SegmentedRaftLogWorker$StateMachineDataPolicy.getFromFuture(SegmentedRaftLogWorker.java:87)
	at org.apache.ratis.server.raftlog.segmented.SegmentedRaftLogWorker$WriteLog.execute(SegmentedRaftLogWorker.java:477)
	at org.apache.ratis.server.raftlog.segmented.SegmentedRaftLogWorker.run(SegmentedRaftLogWorker.java:289)
	at java.lang.Thread.run(Thread.java:748)
Caused by: java.util.concurrent.TimeoutException
	at java.util.concurrent.CompletableFuture.timedGet(CompletableFuture.java:1771)
	at java.util.concurrent.CompletableFuture.get(CompletableFuture.java:1915)
	at org.apache.ratis.util.IOUtils.getFromFuture(IOUtils.java:79)
	... 4 more
2019-09-11 10:57:16,233 [2567324e-9700-4950-ac37-98ef668bcfff@group-17832C0C68B9-SegmentedRaftLogWorker] WARN  segmented.SegmentedRaftLogWorker (SegmentedRaftLogWorker.java:getFromFuture(90)) - Timeout 16/~
org.apache.ratis.protocol.TimeoutIOException: Timeout 10s: WriteLog:17: (t:2, i:17), STATEMACHINELOGENTRY, client-ADF5984F8D70, cid=57-writeStateMachineData
	at org.apache.ratis.util.IOUtils.getFromFuture(IOUtils.java:87)
	at org.apache.ratis.server.raftlog.segmented.SegmentedRaftLogWorker$StateMachineDataPolicy.getFromFuture(SegmentedRaftLogWorker.java:87)
	at org.apache.ratis.server.raftlog.segmented.SegmentedRaftLogWorker$WriteLog.execute(SegmentedRaftLogWorker.java:477)
	at org.apache.ratis.server.raftlog.segmented.SegmentedRaftLogWorker.run(SegmentedRaftLogWorker.java:289)
	at java.lang.Thread.run(Thread.java:748)
Caused by: java.util.concurrent.TimeoutException
	at java.util.concurrent.CompletableFuture.timedGet(CompletableFuture.java:1771)
	at java.util.concurrent.CompletableFuture.get(CompletableFuture.java:1915)
	at org.apache.ratis.util.IOUtils.getFromFuture(IOUtils.java:79)
	... 4 more
2019-09-11 10:57:16,233 [2759b58a-2fbd-4e45-94a8-47799d948184@group-17832C0C68B9-SegmentedRaftLogWorker] WARN  segmented.SegmentedRaftLogWorker (SegmentedRaftLogWorker.java:getFromFuture(90)) - Timeout 16/~
org.apache.ratis.protocol.TimeoutIOException: Timeout 10s: WriteLog:17: (t:2, i:17), STATEMACHINELOGENTRY, client-ADF5984F8D70, cid=57-writeStateMachineData
	at org.apache.ratis.util.IOUtils.getFromFuture(IOUtils.java:87)
	at org.apache.ratis.server.raftlog.segmented.SegmentedRaftLogWorker$StateMachineDataPolicy.getFromFuture(SegmentedRaftLogWorker.java:87)
	at org.apache.ratis.server.raftlog.segmented.SegmentedRaftLogWorker$WriteLog.execute(SegmentedRaftLogWorker.java:477)
	at org.apache.ratis.server.raftlog.segmented.SegmentedRaftLogWorker.run(SegmentedRaftLogWorker.java:289)
	at java.lang.Thread.run(Thread.java:748)
Caused by: java.util.concurrent.TimeoutException
	at java.util.concurrent.CompletableFuture.timedGet(CompletableFuture.java:1771)
	at java.util.concurrent.CompletableFuture.get(CompletableFuture.java:1915)
	at org.apache.ratis.util.IOUtils.getFromFuture(IOUtils.java:79)
	... 4 more
2019-09-11 10:57:16,241 [EventQueue-PipelineActionsForPipelineActionHandler] ERROR pipeline.PipelineActionHandler (PipelineActionHandler.java:onMessage(60)) - Received pipeline action CLOSE for Pipeline[ Id: 611d975d-381d-4bb5-be57-17832c0c68b9, Nodes: 2567324e-9700-4950-ac37-98ef668bcfff{ip: 192.168.69.96, host: pr-hdds-1982-decom-states-q64lx-3787986432, networkLocation: /default-rack, certSerialId: null}2759b58a-2fbd-4e45-94a8-47799d948184{ip: 192.168.69.96, host: pr-hdds-1982-decom-states-q64lx-3787986432, networkLocation: /default-rack, certSerialId: null}877608bb-19c4-4d8c-8958-a78beaef70b4{ip: 192.168.69.96, host: pr-hdds-1982-decom-states-q64lx-3787986432, networkLocation: /default-rack, certSerialId: null}, Type:RATIS, Factor:THREE, State:CLOSED] from datanode 2759b58a-2fbd-4e45-94a8-47799d948184{ip: 192.168.69.96, host: pr-hdds-1982-decom-states-q64lx-3787986432, networkLocation: /default-rack, certSerialId: null}. Reason : 2759b58a-2fbd-4e45-94a8-47799d948184 has not seen follower/s 877608bb-19c4-4d8c-8958-a78beaef70b4 for 170925ms 2567324e-9700-4950-ac37-98ef668bcfff for 170925ms
2019-09-11 10:57:16,241 [EventQueue-PipelineActionsForPipelineActionHandler] INFO  pipeline.SCMPipelineManager (SCMPipelineManager.java:finalizeAndDestroyPipeline(311)) - destroying pipeline:Pipeline[ Id: 611d975d-381d-4bb5-be57-17832c0c68b9, Nodes: 2567324e-9700-4950-ac37-98ef668bcfff{ip: 192.168.69.96, host: pr-hdds-1982-decom-states-q64lx-3787986432, networkLocation: /default-rack, certSerialId: null}2759b58a-2fbd-4e45-94a8-47799d948184{ip: 192.168.69.96, host: pr-hdds-1982-decom-states-q64lx-3787986432, networkLocation: /default-rack, certSerialId: null}877608bb-19c4-4d8c-8958-a78beaef70b4{ip: 192.168.69.96, host: pr-hdds-1982-decom-states-q64lx-3787986432, networkLocation: /default-rack, certSerialId: null}, Type:RATIS, Factor:THREE, State:CLOSED]
2019-09-11 10:57:16,254 [java.util.concurrent.ThreadPoolExecutor$Worker@d960b43[State = -1, empty queue]] WARN  server.GrpcLogAppender (GrpcLogAppender.java:timeoutAppendRequest(200)) - 2759b58a-2fbd-4e45-94a8-47799d948184@group-17832C0C68B9->2567324e-9700-4950-ac37-98ef668bcfff-GrpcLogAppender: appendEntries Timeout, request=2759b58a-2fbd-4e45-94a8-47799d948184->2567324e-9700-4950-ac37-98ef668bcfff#162-t2, previous=(t:2, i:19), leaderCommit=14, initializing? false, entries: <empty>
2019-09-11 10:57:16,254 [java.util.concurrent.ThreadPoolExecutor$Worker@52611adc[State = -1, empty queue]] WARN  server.GrpcLogAppender (GrpcLogAppender.java:timeoutAppendRequest(200)) - 2759b58a-2fbd-4e45-94a8-47799d948184@group-17832C0C68B9->877608bb-19c4-4d8c-8958-a78beaef70b4-GrpcLogAppender: appendEntries Timeout, request=2759b58a-2fbd-4e45-94a8-47799d948184->877608bb-19c4-4d8c-8958-a78beaef70b4#162-t2, previous=(t:2, i:19), leaderCommit=14, initializing? false, entries: <empty>
2019-09-11 10:57:18,085 [grpc-default-executor-0] INFO  client.GrpcClientProtocolClient (GrpcClientProtocolClient.java:onNext(264)) - client-ADF5984F8D70->2567324e-9700-4950-ac37-98ef668bcfff: receive RaftClientReply:client-ADF5984F8D70->2567324e-9700-4950-ac37-98ef668bcfff@group-17832C0C68B9, cid=55, FAILED org.apache.ratis.protocol.NotLeaderException: Server 2567324e-9700-4950-ac37-98ef668bcfff@group-17832C0C68B9 is not the leader 2759b58a-2fbd-4e45-94a8-47799d948184:192.168.69.96:41390, logIndex=0, commits[2567324e-9700-4950-ac37-98ef668bcfff:c14, 877608bb-19c4-4d8c-8958-a78beaef70b4:c14, 2759b58a-2fbd-4e45-94a8-47799d948184:c14]
2019-09-11 10:57:18,256 [org.apache.ratis.server.impl.LogAppender$AppenderDaemon$$Lambda$497/1546363005@53e48356] ERROR ratis.XceiverServerRatis (XceiverServerRatis.java:triggerPipelineClose(568)) - pipeline Action CLOSE  on pipeline PipelineID=611d975d-381d-4bb5-be57-17832c0c68b9.Reason : 2759b58a-2fbd-4e45-94a8-47799d948184 has not seen follower/s 877608bb-19c4-4d8c-8958-a78beaef70b4 for 173425ms 2567324e-9700-4950-ac37-98ef668bcfff for 173426ms
2019-09-11 10:57:18,256 [org.apache.ratis.server.impl.LogAppender$AppenderDaemon$$Lambda$497/1546363005@3cb1a730] ERROR ratis.XceiverServerRatis (XceiverServerRatis.java:triggerPipelineClose(568)) - pipeline Action CLOSE  on pipeline PipelineID=611d975d-381d-4bb5-be57-17832c0c68b9.Reason : 2759b58a-2fbd-4e45-94a8-47799d948184 has not seen follower/s 877608bb-19c4-4d8c-8958-a78beaef70b4 for 173426ms 2567324e-9700-4950-ac37-98ef668bcfff for 173426ms
2019-09-11 10:57:18,755 [java.util.concurrent.ThreadPoolExecutor$Worker@52611adc[State = -1, empty queue]] WARN  server.GrpcLogAppender (GrpcLogAppender.java:timeoutAppendRequest(200)) - 2759b58a-2fbd-4e45-94a8-47799d948184@group-17832C0C68B9->877608bb-19c4-4d8c-8958-a78beaef70b4-GrpcLogAppender: appendEntries Timeout, request=2759b58a-2fbd-4e45-94a8-47799d948184->877608bb-19c4-4d8c-8958-a78beaef70b4#163-t2, previous=(t:2, i:19), leaderCommit=14, initializing? false, entries: <empty>
2019-09-11 10:57:18,755 [java.util.concurrent.ThreadPoolExecutor$Worker@d960b43[State = -1, empty queue]] WARN  server.GrpcLogAppender (GrpcLogAppender.java:timeoutAppendRequest(200)) - 2759b58a-2fbd-4e45-94a8-47799d948184@group-17832C0C68B9->2567324e-9700-4950-ac37-98ef668bcfff-GrpcLogAppender: appendEntries Timeout, request=2759b58a-2fbd-4e45-94a8-47799d948184->2567324e-9700-4950-ac37-98ef668bcfff#163-t2, previous=(t:2, i:19), leaderCommit=14, initializing? false, entries: <empty>
2019-09-11 10:57:19,242 [EventQueue-PipelineActionsForPipelineActionHandler] ERROR pipeline.PipelineActionHandler (PipelineActionHandler.java:onMessage(60)) - Received pipeline action CLOSE for Pipeline[ Id: 611d975d-381d-4bb5-be57-17832c0c68b9, Nodes: 2567324e-9700-4950-ac37-98ef668bcfff{ip: 192.168.69.96, host: pr-hdds-1982-decom-states-q64lx-3787986432, networkLocation: /default-rack, certSerialId: null}2759b58a-2fbd-4e45-94a8-47799d948184{ip: 192.168.69.96, host: pr-hdds-1982-decom-states-q64lx-3787986432, networkLocation: /default-rack, certSerialId: null}877608bb-19c4-4d8c-8958-a78beaef70b4{ip: 192.168.69.96, host: pr-hdds-1982-decom-states-q64lx-3787986432, networkLocation: /default-rack, certSerialId: null}, Type:RATIS, Factor:THREE, State:CLOSED] from datanode 2759b58a-2fbd-4e45-94a8-47799d948184{ip: 192.168.69.96, host: pr-hdds-1982-decom-states-q64lx-3787986432, networkLocation: /default-rack, certSerialId: null}. Reason : 2759b58a-2fbd-4e45-94a8-47799d948184 has not seen follower/s 877608bb-19c4-4d8c-8958-a78beaef70b4 for 173425ms 2567324e-9700-4950-ac37-98ef668bcfff for 173426ms
2019-09-11 10:57:19,242 [EventQueue-PipelineActionsForPipelineActionHandler] INFO  pipeline.SCMPipelineManager (SCMPipelineManager.java:finalizeAndDestroyPipeline(311)) - destroying pipeline:Pipeline[ Id: 611d975d-381d-4bb5-be57-17832c0c68b9, Nodes: 2567324e-9700-4950-ac37-98ef668bcfff{ip: 192.168.69.96, host: pr-hdds-1982-decom-states-q64lx-3787986432, networkLocation: /default-rack, certSerialId: null}2759b58a-2fbd-4e45-94a8-47799d948184{ip: 192.168.69.96, host: pr-hdds-1982-decom-states-q64lx-3787986432, networkLocation: /default-rack, certSerialId: null}877608bb-19c4-4d8c-8958-a78beaef70b4{ip: 192.168.69.96, host: pr-hdds-1982-decom-states-q64lx-3787986432, networkLocation: /default-rack, certSerialId: null}, Type:RATIS, Factor:THREE, State:CLOSED]
2019-09-11 10:57:20,757 [org.apache.ratis.server.impl.LogAppender$AppenderDaemon$$Lambda$497/1546363005@3cb1a730] ERROR ratis.XceiverServerRatis (XceiverServerRatis.java:triggerPipelineClose(568)) - pipeline Action CLOSE  on pipeline PipelineID=611d975d-381d-4bb5-be57-17832c0c68b9.Reason : 2759b58a-2fbd-4e45-94a8-47799d948184 has not seen follower/s 877608bb-19c4-4d8c-8958-a78beaef70b4 for 175926ms 2567324e-9700-4950-ac37-98ef668bcfff for 175927ms
2019-09-11 10:57:20,757 [org.apache.ratis.server.impl.LogAppender$AppenderDaemon$$Lambda$497/1546363005@53e48356] ERROR ratis.XceiverServerRatis (XceiverServerRatis.java:triggerPipelineClose(568)) - pipeline Action CLOSE  on pipeline PipelineID=611d975d-381d-4bb5-be57-17832c0c68b9.Reason : 2759b58a-2fbd-4e45-94a8-47799d948184 has not seen follower/s 877608bb-19c4-4d8c-8958-a78beaef70b4 for 175926ms 2567324e-9700-4950-ac37-98ef668bcfff for 175927ms
2019-09-11 10:57:21,243 [EventQueue-PipelineActionsForPipelineActionHandler] ERROR pipeline.PipelineActionHandler (PipelineActionHandler.java:onMessage(60)) - Received pipeline action CLOSE for Pipeline[ Id: 611d975d-381d-4bb5-be57-17832c0c68b9, Nodes: 2567324e-9700-4950-ac37-98ef668bcfff{ip: 192.168.69.96, host: pr-hdds-1982-decom-states-q64lx-3787986432, networkLocation: /default-rack, certSerialId: null}2759b58a-2fbd-4e45-94a8-47799d948184{ip: 192.168.69.96, host: pr-hdds-1982-decom-states-q64lx-3787986432, networkLocation: /default-rack, certSerialId: null}877608bb-19c4-4d8c-8958-a78beaef70b4{ip: 192.168.69.96, host: pr-hdds-1982-decom-states-q64lx-3787986432, networkLocation: /default-rack, certSerialId: null}, Type:RATIS, Factor:THREE, State:CLOSED] from datanode 2759b58a-2fbd-4e45-94a8-47799d948184{ip: 192.168.69.96, host: pr-hdds-1982-decom-states-q64lx-3787986432, networkLocation: /default-rack, certSerialId: null}. Reason : 2759b58a-2fbd-4e45-94a8-47799d948184 has not seen follower/s 877608bb-19c4-4d8c-8958-a78beaef70b4 for 175926ms 2567324e-9700-4950-ac37-98ef668bcfff for 175927ms
2019-09-11 10:57:21,244 [EventQueue-PipelineActionsForPipelineActionHandler] INFO  pipeline.SCMPipelineManager (SCMPipelineManager.java:finalizeAndDestroyPipeline(311)) - destroying pipeline:Pipeline[ Id: 611d975d-381d-4bb5-be57-17832c0c68b9, Nodes: 2567324e-9700-4950-ac37-98ef668bcfff{ip: 192.168.69.96, host: pr-hdds-1982-decom-states-q64lx-3787986432, networkLocation: /default-rack, certSerialId: null}2759b58a-2fbd-4e45-94a8-47799d948184{ip: 192.168.69.96, host: pr-hdds-1982-decom-states-q64lx-3787986432, networkLocation: /default-rack, certSerialId: null}877608bb-19c4-4d8c-8958-a78beaef70b4{ip: 192.168.69.96, host: pr-hdds-1982-decom-states-q64lx-3787986432, networkLocation: /default-rack, certSerialId: null}, Type:RATIS, Factor:THREE, State:CLOSED]
2019-09-11 10:57:21,256 [java.util.concurrent.ThreadPoolExecutor$Worker@52611adc[State = -1, empty queue]] WARN  server.GrpcLogAppender (GrpcLogAppender.java:timeoutAppendRequest(200)) - 2759b58a-2fbd-4e45-94a8-47799d948184@group-17832C0C68B9->877608bb-19c4-4d8c-8958-a78beaef70b4-GrpcLogAppender: appendEntries Timeout, request=2759b58a-2fbd-4e45-94a8-47799d948184->877608bb-19c4-4d8c-8958-a78beaef70b4#164-t2, previous=(t:2, i:19), leaderCommit=14, initializing? false, entries: <empty>
2019-09-11 10:57:21,256 [java.util.concurrent.ThreadPoolExecutor$Worker@d960b43[State = -1, empty queue]] WARN  server.GrpcLogAppender (GrpcLogAppender.java:timeoutAppendRequest(200)) - 2759b58a-2fbd-4e45-94a8-47799d948184@group-17832C0C68B9->2567324e-9700-4950-ac37-98ef668bcfff-GrpcLogAppender: appendEntries Timeout, request=2759b58a-2fbd-4e45-94a8-47799d948184->2567324e-9700-4950-ac37-98ef668bcfff#164-t2, previous=(t:2, i:19), leaderCommit=14, initializing? false, entries: <empty>
2019-09-11 10:57:23,141 [grpc-default-executor-0] INFO  client.GrpcClientProtocolClient (GrpcClientProtocolClient.java:onNext(264)) - client-ADF5984F8D70->2567324e-9700-4950-ac37-98ef668bcfff: receive RaftClientReply:client-ADF5984F8D70->2567324e-9700-4950-ac37-98ef668bcfff@group-17832C0C68B9, cid=55, FAILED org.apache.ratis.protocol.NotLeaderException: Server 2567324e-9700-4950-ac37-98ef668bcfff@group-17832C0C68B9 is not the leader 2759b58a-2fbd-4e45-94a8-47799d948184:192.168.69.96:41390, logIndex=0, commits[2567324e-9700-4950-ac37-98ef668bcfff:c14, 877608bb-19c4-4d8c-8958-a78beaef70b4:c14, 2759b58a-2fbd-4e45-94a8-47799d948184:c14]
2019-09-11 10:57:23,258 [org.apache.ratis.server.impl.LogAppender$AppenderDaemon$$Lambda$497/1546363005@53e48356] ERROR ratis.XceiverServerRatis (XceiverServerRatis.java:triggerPipelineClose(568)) - pipeline Action CLOSE  on pipeline PipelineID=611d975d-381d-4bb5-be57-17832c0c68b9.Reason : 2759b58a-2fbd-4e45-94a8-47799d948184 has not seen follower/s 877608bb-19c4-4d8c-8958-a78beaef70b4 for 178428ms 2567324e-9700-4950-ac37-98ef668bcfff for 178428ms
2019-09-11 10:57:23,258 [org.apache.ratis.server.impl.LogAppender$AppenderDaemon$$Lambda$497/1546363005@3cb1a730] ERROR ratis.XceiverServerRatis (XceiverServerRatis.java:triggerPipelineClose(568)) - pipeline Action CLOSE  on pipeline PipelineID=611d975d-381d-4bb5-be57-17832c0c68b9.Reason : 2759b58a-2fbd-4e45-94a8-47799d948184 has not seen follower/s 877608bb-19c4-4d8c-8958-a78beaef70b4 for 178428ms 2567324e-9700-4950-ac37-98ef668bcfff for 178428ms
2019-09-11 10:57:23,757 [java.util.concurrent.ThreadPoolExecutor$Worker@d960b43[State = -1, empty queue]] WARN  server.GrpcLogAppender (GrpcLogAppender.java:timeoutAppendRequest(200)) - 2759b58a-2fbd-4e45-94a8-47799d948184@group-17832C0C68B9->2567324e-9700-4950-ac37-98ef668bcfff-GrpcLogAppender: appendEntries Timeout, request=2759b58a-2fbd-4e45-94a8-47799d948184->2567324e-9700-4950-ac37-98ef668bcfff#165-t2, previous=(t:2, i:19), leaderCommit=14, initializing? false, entries: <empty>
2019-09-11 10:57:23,757 [java.util.concurrent.ThreadPoolExecutor$Worker@52611adc[State = -1, empty queue]] WARN  server.GrpcLogAppender (GrpcLogAppender.java:timeoutAppendRequest(200)) - 2759b58a-2fbd-4e45-94a8-47799d948184@group-17832C0C68B9->877608bb-19c4-4d8c-8958-a78beaef70b4-GrpcLogAppender: appendEntries Timeout, request=2759b58a-2fbd-4e45-94a8-47799d948184->877608bb-19c4-4d8c-8958-a78beaef70b4#165-t2, previous=(t:2, i:19), leaderCommit=14, initializing? false, entries: <empty>
2019-09-11 10:57:24,245 [EventQueue-PipelineActionsForPipelineActionHandler] ERROR pipeline.PipelineActionHandler (PipelineActionHandler.java:onMessage(60)) - Received pipeline action CLOSE for Pipeline[ Id: 611d975d-381d-4bb5-be57-17832c0c68b9, Nodes: 2567324e-9700-4950-ac37-98ef668bcfff{ip: 192.168.69.96, host: pr-hdds-1982-decom-states-q64lx-3787986432, networkLocation: /default-rack, certSerialId: null}2759b58a-2fbd-4e45-94a8-47799d948184{ip: 192.168.69.96, host: pr-hdds-1982-decom-states-q64lx-3787986432, networkLocation: /default-rack, certSerialId: null}877608bb-19c4-4d8c-8958-a78beaef70b4{ip: 192.168.69.96, host: pr-hdds-1982-decom-states-q64lx-3787986432, networkLocation: /default-rack, certSerialId: null}, Type:RATIS, Factor:THREE, State:CLOSED] from datanode 2759b58a-2fbd-4e45-94a8-47799d948184{ip: 192.168.69.96, host: pr-hdds-1982-decom-states-q64lx-3787986432, networkLocation: /default-rack, certSerialId: null}. Reason : 2759b58a-2fbd-4e45-94a8-47799d948184 has not seen follower/s 877608bb-19c4-4d8c-8958-a78beaef70b4 for 178428ms 2567324e-9700-4950-ac37-98ef668bcfff for 178428ms
2019-09-11 10:57:24,246 [EventQueue-PipelineActionsForPipelineActionHandler] INFO  pipeline.SCMPipelineManager (SCMPipelineManager.java:finalizeAndDestroyPipeline(311)) - destroying pipeline:Pipeline[ Id: 611d975d-381d-4bb5-be57-17832c0c68b9, Nodes: 2567324e-9700-4950-ac37-98ef668bcfff{ip: 192.168.69.96, host: pr-hdds-1982-decom-states-q64lx-3787986432, networkLocation: /default-rack, certSerialId: null}2759b58a-2fbd-4e45-94a8-47799d948184{ip: 192.168.69.96, host: pr-hdds-1982-decom-states-q64lx-3787986432, networkLocation: /default-rack, certSerialId: null}877608bb-19c4-4d8c-8958-a78beaef70b4{ip: 192.168.69.96, host: pr-hdds-1982-decom-states-q64lx-3787986432, networkLocation: /default-rack, certSerialId: null}, Type:RATIS, Factor:THREE, State:CLOSED]
2019-09-11 10:57:25,759 [org.apache.ratis.server.impl.LogAppender$AppenderDaemon$$Lambda$497/1546363005@3cb1a730] ERROR ratis.XceiverServerRatis (XceiverServerRatis.java:triggerPipelineClose(568)) - pipeline Action CLOSE  on pipeline PipelineID=611d975d-381d-4bb5-be57-17832c0c68b9.Reason : 2759b58a-2fbd-4e45-94a8-47799d948184 has not seen follower/s 877608bb-19c4-4d8c-8958-a78beaef70b4 for 180928ms 2567324e-9700-4950-ac37-98ef668bcfff for 180929ms
2019-09-11 10:57:25,759 [org.apache.ratis.server.impl.LogAppender$AppenderDaemon$$Lambda$497/1546363005@53e48356] ERROR ratis.XceiverServerRatis (XceiverServerRatis.java:triggerPipelineClose(568)) - pipeline Action CLOSE  on pipeline PipelineID=611d975d-381d-4bb5-be57-17832c0c68b9.Reason : 2759b58a-2fbd-4e45-94a8-47799d948184 has not seen follower/s 877608bb-19c4-4d8c-8958-a78beaef70b4 for 180929ms 2567324e-9700-4950-ac37-98ef668bcfff for 180929ms
2019-09-11 10:57:26,059 [877608bb-19c4-4d8c-8958-a78beaef70b4@group-17832C0C68B9-SegmentedRaftLogWorker] WARN  segmented.SegmentedRaftLogWorker (SegmentedRaftLogWorker.java:getFromFuture(90)) - Timeout 17/~
org.apache.ratis.protocol.TimeoutIOException: Timeout 10s: WriteLog:15: (t:2, i:15), STATEMACHINELOGENTRY, client-ADF5984F8D70, cid=55-writeStateMachineData
	at org.apache.ratis.util.IOUtils.getFromFuture(IOUtils.java:87)
	at org.apache.ratis.server.raftlog.segmented.SegmentedRaftLogWorker$StateMachineDataPolicy.getFromFuture(SegmentedRaftLogWorker.java:87)
	at org.apache.ratis.server.raftlog.segmented.SegmentedRaftLogWorker$WriteLog.execute(SegmentedRaftLogWorker.java:477)
	at org.apache.ratis.server.raftlog.segmented.SegmentedRaftLogWorker.run(SegmentedRaftLogWorker.java:289)
	at java.lang.Thread.run(Thread.java:748)
Caused by: java.util.concurrent.TimeoutException
	at java.util.concurrent.CompletableFuture.timedGet(CompletableFuture.java:1771)
	at java.util.concurrent.CompletableFuture.get(CompletableFuture.java:1915)
	at org.apache.ratis.util.IOUtils.getFromFuture(IOUtils.java:79)
	... 4 more
2019-09-11 10:57:26,234 [2567324e-9700-4950-ac37-98ef668bcfff@group-17832C0C68B9-SegmentedRaftLogWorker] WARN  segmented.SegmentedRaftLogWorker (SegmentedRaftLogWorker.java:getFromFuture(90)) - Timeout 17/~
org.apache.ratis.protocol.TimeoutIOException: Timeout 10s: WriteLog:17: (t:2, i:17), STATEMACHINELOGENTRY, client-ADF5984F8D70, cid=57-writeStateMachineData
	at org.apache.ratis.util.IOUtils.getFromFuture(IOUtils.java:87)
	at org.apache.ratis.server.raftlog.segmented.SegmentedRaftLogWorker$StateMachineDataPolicy.getFromFuture(SegmentedRaftLogWorker.java:87)
	at org.apache.ratis.server.raftlog.segmented.SegmentedRaftLogWorker$WriteLog.execute(SegmentedRaftLogWorker.java:477)
	at org.apache.ratis.server.raftlog.segmented.SegmentedRaftLogWorker.run(SegmentedRaftLogWorker.java:289)
	at java.lang.Thread.run(Thread.java:748)
Caused by: java.util.concurrent.TimeoutException
	at java.util.concurrent.CompletableFuture.timedGet(CompletableFuture.java:1771)
	at java.util.concurrent.CompletableFuture.get(CompletableFuture.java:1915)
	at org.apache.ratis.util.IOUtils.getFromFuture(IOUtils.java:79)
	... 4 more
2019-09-11 10:57:26,234 [2759b58a-2fbd-4e45-94a8-47799d948184@group-17832C0C68B9-SegmentedRaftLogWorker] WARN  segmented.SegmentedRaftLogWorker (SegmentedRaftLogWorker.java:getFromFuture(90)) - Timeout 17/~
org.apache.ratis.protocol.TimeoutIOException: Timeout 10s: WriteLog:17: (t:2, i:17), STATEMACHINELOGENTRY, client-ADF5984F8D70, cid=57-writeStateMachineData
	at org.apache.ratis.util.IOUtils.getFromFuture(IOUtils.java:87)
	at org.apache.ratis.server.raftlog.segmented.SegmentedRaftLogWorker$StateMachineDataPolicy.getFromFuture(SegmentedRaftLogWorker.java:87)
	at org.apache.ratis.server.raftlog.segmented.SegmentedRaftLogWorker$WriteLog.execute(SegmentedRaftLogWorker.java:477)
	at org.apache.ratis.server.raftlog.segmented.SegmentedRaftLogWorker.run(SegmentedRaftLogWorker.java:289)
	at java.lang.Thread.run(Thread.java:748)
Caused by: java.util.concurrent.TimeoutException
	at java.util.concurrent.CompletableFuture.timedGet(CompletableFuture.java:1771)
	at java.util.concurrent.CompletableFuture.get(CompletableFuture.java:1915)
	at org.apache.ratis.util.IOUtils.getFromFuture(IOUtils.java:79)
	... 4 more
2019-09-11 10:57:26,243 [EventQueue-PipelineActionsForPipelineActionHandler] ERROR pipeline.PipelineActionHandler (PipelineActionHandler.java:onMessage(60)) - Received pipeline action CLOSE for Pipeline[ Id: 611d975d-381d-4bb5-be57-17832c0c68b9, Nodes: 2567324e-9700-4950-ac37-98ef668bcfff{ip: 192.168.69.96, host: pr-hdds-1982-decom-states-q64lx-3787986432, networkLocation: /default-rack, certSerialId: null}2759b58a-2fbd-4e45-94a8-47799d948184{ip: 192.168.69.96, host: pr-hdds-1982-decom-states-q64lx-3787986432, networkLocation: /default-rack, certSerialId: null}877608bb-19c4-4d8c-8958-a78beaef70b4{ip: 192.168.69.96, host: pr-hdds-1982-decom-states-q64lx-3787986432, networkLocation: /default-rack, certSerialId: null}, Type:RATIS, Factor:THREE, State:CLOSED] from datanode 2759b58a-2fbd-4e45-94a8-47799d948184{ip: 192.168.69.96, host: pr-hdds-1982-decom-states-q64lx-3787986432, networkLocation: /default-rack, certSerialId: null}. Reason : 2759b58a-2fbd-4e45-94a8-47799d948184 has not seen follower/s 877608bb-19c4-4d8c-8958-a78beaef70b4 for 180928ms 2567324e-9700-4950-ac37-98ef668bcfff for 180929ms
2019-09-11 10:57:26,243 [EventQueue-PipelineActionsForPipelineActionHandler] INFO  pipeline.SCMPipelineManager (SCMPipelineManager.java:finalizeAndDestroyPipeline(311)) - destroying pipeline:Pipeline[ Id: 611d975d-381d-4bb5-be57-17832c0c68b9, Nodes: 2567324e-9700-4950-ac37-98ef668bcfff{ip: 192.168.69.96, host: pr-hdds-1982-decom-states-q64lx-3787986432, networkLocation: /default-rack, certSerialId: null}2759b58a-2fbd-4e45-94a8-47799d948184{ip: 192.168.69.96, host: pr-hdds-1982-decom-states-q64lx-3787986432, networkLocation: /default-rack, certSerialId: null}877608bb-19c4-4d8c-8958-a78beaef70b4{ip: 192.168.69.96, host: pr-hdds-1982-decom-states-q64lx-3787986432, networkLocation: /default-rack, certSerialId: null}, Type:RATIS, Factor:THREE, State:CLOSED]
2019-09-11 10:57:26,258 [java.util.concurrent.ThreadPoolExecutor$Worker@d960b43[State = -1, empty queue]] WARN  server.GrpcLogAppender (GrpcLogAppender.java:timeoutAppendRequest(200)) - 2759b58a-2fbd-4e45-94a8-47799d948184@group-17832C0C68B9->2567324e-9700-4950-ac37-98ef668bcfff-GrpcLogAppender: appendEntries Timeout, request=2759b58a-2fbd-4e45-94a8-47799d948184->2567324e-9700-4950-ac37-98ef668bcfff#166-t2, previous=(t:2, i:19), leaderCommit=14, initializing? false, entries: <empty>
2019-09-11 10:57:26,258 [java.util.concurrent.ThreadPoolExecutor$Worker@52611adc[State = -1, empty queue]] WARN  server.GrpcLogAppender (GrpcLogAppender.java:timeoutAppendRequest(200)) - 2759b58a-2fbd-4e45-94a8-47799d948184@group-17832C0C68B9->877608bb-19c4-4d8c-8958-a78beaef70b4-GrpcLogAppender: appendEntries Timeout, request=2759b58a-2fbd-4e45-94a8-47799d948184->877608bb-19c4-4d8c-8958-a78beaef70b4#166-t2, previous=(t:2, i:19), leaderCommit=14, initializing? false, entries: <empty>
2019-09-11 10:57:28,206 [grpc-default-executor-7] INFO  client.GrpcClientProtocolClient (GrpcClientProtocolClient.java:onNext(264)) - client-ADF5984F8D70->877608bb-19c4-4d8c-8958-a78beaef70b4: receive RaftClientReply:client-ADF5984F8D70->877608bb-19c4-4d8c-8958-a78beaef70b4@group-17832C0C68B9, cid=55, FAILED org.apache.ratis.protocol.NotLeaderException: Server 877608bb-19c4-4d8c-8958-a78beaef70b4@group-17832C0C68B9 is not the leader 2759b58a-2fbd-4e45-94a8-47799d948184:192.168.69.96:41390, logIndex=0, commits[877608bb-19c4-4d8c-8958-a78beaef70b4:c14, 2567324e-9700-4950-ac37-98ef668bcfff:c14, 2759b58a-2fbd-4e45-94a8-47799d948184:c14]
2019-09-11 10:57:28,259 [org.apache.ratis.server.impl.LogAppender$AppenderDaemon$$Lambda$497/1546363005@3cb1a730] ERROR ratis.XceiverServerRatis (XceiverServerRatis.java:triggerPipelineClose(568)) - pipeline Action CLOSE  on pipeline PipelineID=611d975d-381d-4bb5-be57-17832c0c68b9.Reason : 2759b58a-2fbd-4e45-94a8-47799d948184 has not seen follower/s 877608bb-19c4-4d8c-8958-a78beaef70b4 for 183429ms 2567324e-9700-4950-ac37-98ef668bcfff for 183429ms
2019-09-11 10:57:28,259 [org.apache.ratis.server.impl.LogAppender$AppenderDaemon$$Lambda$497/1546363005@53e48356] ERROR ratis.XceiverServerRatis (XceiverServerRatis.java:triggerPipelineClose(568)) - pipeline Action CLOSE  on pipeline PipelineID=611d975d-381d-4bb5-be57-17832c0c68b9.Reason : 2759b58a-2fbd-4e45-94a8-47799d948184 has not seen follower/s 877608bb-19c4-4d8c-8958-a78beaef70b4 for 183429ms 2567324e-9700-4950-ac37-98ef668bcfff for 183429ms
2019-09-11 10:57:28,759 [java.util.concurrent.ThreadPoolExecutor$Worker@d960b43[State = -1, empty queue]] WARN  server.GrpcLogAppender (GrpcLogAppender.java:timeoutAppendRequest(200)) - 2759b58a-2fbd-4e45-94a8-47799d948184@group-17832C0C68B9->2567324e-9700-4950-ac37-98ef668bcfff-GrpcLogAppender: appendEntries Timeout, request=2759b58a-2fbd-4e45-94a8-47799d948184->2567324e-9700-4950-ac37-98ef668bcfff#167-t2, previous=(t:2, i:19), leaderCommit=14, initializing? false, entries: <empty>
2019-09-11 10:57:28,759 [java.util.concurrent.ThreadPoolExecutor$Worker@52611adc[State = -1, empty queue]] WARN  server.GrpcLogAppender (GrpcLogAppender.java:timeoutAppendRequest(200)) - 2759b58a-2fbd-4e45-94a8-47799d948184@group-17832C0C68B9->877608bb-19c4-4d8c-8958-a78beaef70b4-GrpcLogAppender: appendEntries Timeout, request=2759b58a-2fbd-4e45-94a8-47799d948184->877608bb-19c4-4d8c-8958-a78beaef70b4#167-t2, previous=(t:2, i:19), leaderCommit=14, initializing? false, entries: <empty>
2019-09-11 10:57:29,244 [EventQueue-PipelineActionsForPipelineActionHandler] ERROR pipeline.PipelineActionHandler (PipelineActionHandler.java:onMessage(60)) - Received pipeline action CLOSE for Pipeline[ Id: 611d975d-381d-4bb5-be57-17832c0c68b9, Nodes: 2567324e-9700-4950-ac37-98ef668bcfff{ip: 192.168.69.96, host: pr-hdds-1982-decom-states-q64lx-3787986432, networkLocation: /default-rack, certSerialId: null}2759b58a-2fbd-4e45-94a8-47799d948184{ip: 192.168.69.96, host: pr-hdds-1982-decom-states-q64lx-3787986432, networkLocation: /default-rack, certSerialId: null}877608bb-19c4-4d8c-8958-a78beaef70b4{ip: 192.168.69.96, host: pr-hdds-1982-decom-states-q64lx-3787986432, networkLocation: /default-rack, certSerialId: null}, Type:RATIS, Factor:THREE, State:CLOSED] from datanode 2759b58a-2fbd-4e45-94a8-47799d948184{ip: 192.168.69.96, host: pr-hdds-1982-decom-states-q64lx-3787986432, networkLocation: /default-rack, certSerialId: null}. Reason : 2759b58a-2fbd-4e45-94a8-47799d948184 has not seen follower/s 877608bb-19c4-4d8c-8958-a78beaef70b4 for 183429ms 2567324e-9700-4950-ac37-98ef668bcfff for 183429ms
2019-09-11 10:57:29,244 [EventQueue-PipelineActionsForPipelineActionHandler] INFO  pipeline.SCMPipelineManager (SCMPipelineManager.java:finalizeAndDestroyPipeline(311)) - destroying pipeline:Pipeline[ Id: 611d975d-381d-4bb5-be57-17832c0c68b9, Nodes: 2567324e-9700-4950-ac37-98ef668bcfff{ip: 192.168.69.96, host: pr-hdds-1982-decom-states-q64lx-3787986432, networkLocation: /default-rack, certSerialId: null}2759b58a-2fbd-4e45-94a8-47799d948184{ip: 192.168.69.96, host: pr-hdds-1982-decom-states-q64lx-3787986432, networkLocation: /default-rack, certSerialId: null}877608bb-19c4-4d8c-8958-a78beaef70b4{ip: 192.168.69.96, host: pr-hdds-1982-decom-states-q64lx-3787986432, networkLocation: /default-rack, certSerialId: null}, Type:RATIS, Factor:THREE, State:CLOSED]
2019-09-11 10:57:30,761 [org.apache.ratis.server.impl.LogAppender$AppenderDaemon$$Lambda$497/1546363005@3cb1a730] ERROR ratis.XceiverServerRatis (XceiverServerRatis.java:triggerPipelineClose(568)) - pipeline Action CLOSE  on pipeline PipelineID=611d975d-381d-4bb5-be57-17832c0c68b9.Reason : 2759b58a-2fbd-4e45-94a8-47799d948184 has not seen follower/s 877608bb-19c4-4d8c-8958-a78beaef70b4 for 185930ms 2567324e-9700-4950-ac37-98ef668bcfff for 185931ms
2019-09-11 10:57:30,761 [org.apache.ratis.server.impl.LogAppender$AppenderDaemon$$Lambda$497/1546363005@53e48356] ERROR ratis.XceiverServerRatis (XceiverServerRatis.java:triggerPipelineClose(568)) - pipeline Action CLOSE  on pipeline PipelineID=611d975d-381d-4bb5-be57-17832c0c68b9.Reason : 2759b58a-2fbd-4e45-94a8-47799d948184 has not seen follower/s 877608bb-19c4-4d8c-8958-a78beaef70b4 for 185930ms 2567324e-9700-4950-ac37-98ef668bcfff for 185931ms
2019-09-11 10:57:31,244 [EventQueue-PipelineActionsForPipelineActionHandler] ERROR pipeline.PipelineActionHandler (PipelineActionHandler.java:onMessage(60)) - Received pipeline action CLOSE for Pipeline[ Id: 611d975d-381d-4bb5-be57-17832c0c68b9, Nodes: 2567324e-9700-4950-ac37-98ef668bcfff{ip: 192.168.69.96, host: pr-hdds-1982-decom-states-q64lx-3787986432, networkLocation: /default-rack, certSerialId: null}2759b58a-2fbd-4e45-94a8-47799d948184{ip: 192.168.69.96, host: pr-hdds-1982-decom-states-q64lx-3787986432, networkLocation: /default-rack, certSerialId: null}877608bb-19c4-4d8c-8958-a78beaef70b4{ip: 192.168.69.96, host: pr-hdds-1982-decom-states-q64lx-3787986432, networkLocation: /default-rack, certSerialId: null}, Type:RATIS, Factor:THREE, State:CLOSED] from datanode 2759b58a-2fbd-4e45-94a8-47799d948184{ip: 192.168.69.96, host: pr-hdds-1982-decom-states-q64lx-3787986432, networkLocation: /default-rack, certSerialId: null}. Reason : 2759b58a-2fbd-4e45-94a8-47799d948184 has not seen follower/s 877608bb-19c4-4d8c-8958-a78beaef70b4 for 185930ms 2567324e-9700-4950-ac37-98ef668bcfff for 185931ms
2019-09-11 10:57:31,244 [EventQueue-PipelineActionsForPipelineActionHandler] INFO  pipeline.SCMPipelineManager (SCMPipelineManager.java:finalizeAndDestroyPipeline(311)) - destroying pipeline:Pipeline[ Id: 611d975d-381d-4bb5-be57-17832c0c68b9, Nodes: 2567324e-9700-4950-ac37-98ef668bcfff{ip: 192.168.69.96, host: pr-hdds-1982-decom-states-q64lx-3787986432, networkLocation: /default-rack, certSerialId: null}2759b58a-2fbd-4e45-94a8-47799d948184{ip: 192.168.69.96, host: pr-hdds-1982-decom-states-q64lx-3787986432, networkLocation: /default-rack, certSerialId: null}877608bb-19c4-4d8c-8958-a78beaef70b4{ip: 192.168.69.96, host: pr-hdds-1982-decom-states-q64lx-3787986432, networkLocation: /default-rack, certSerialId: null}, Type:RATIS, Factor:THREE, State:CLOSED]
2019-09-11 10:57:31,259 [java.util.concurrent.ThreadPoolExecutor$Worker@d960b43[State = -1, empty queue]] WARN  server.GrpcLogAppender (GrpcLogAppender.java:timeoutAppendRequest(200)) - 2759b58a-2fbd-4e45-94a8-47799d948184@group-17832C0C68B9->2567324e-9700-4950-ac37-98ef668bcfff-GrpcLogAppender: appendEntries Timeout, request=2759b58a-2fbd-4e45-94a8-47799d948184->2567324e-9700-4950-ac37-98ef668bcfff#168-t2, previous=(t:2, i:19), leaderCommit=14, initializing? false, entries: <empty>
2019-09-11 10:57:31,259 [java.util.concurrent.ThreadPoolExecutor$Worker@52611adc[State = -1, empty queue]] WARN  server.GrpcLogAppender (GrpcLogAppender.java:timeoutAppendRequest(200)) - 2759b58a-2fbd-4e45-94a8-47799d948184@group-17832C0C68B9->877608bb-19c4-4d8c-8958-a78beaef70b4-GrpcLogAppender: appendEntries Timeout, request=2759b58a-2fbd-4e45-94a8-47799d948184->877608bb-19c4-4d8c-8958-a78beaef70b4#168-t2, previous=(t:2, i:19), leaderCommit=14, initializing? false, entries: <empty>
2019-09-11 10:57:32,228 [grpc-default-executor-6] INFO  impl.RaftServerProxy (RaftServerProxy.java:remove(95)) - 2567324e-9700-4950-ac37-98ef668bcfff: remove  FOLLOWER 2567324e-9700-4950-ac37-98ef668bcfff@group-17832C0C68B9:t2, leader=2759b58a-2fbd-4e45-94a8-47799d948184, voted=2759b58a-2fbd-4e45-94a8-47799d948184, raftlog=2567324e-9700-4950-ac37-98ef668bcfff@group-17832C0C68B9-SegmentedRaftLog:OPENED:c14,f14,i19, conf=0: [877608bb-19c4-4d8c-8958-a78beaef70b4:192.168.69.96:35300, 2567324e-9700-4950-ac37-98ef668bcfff:192.168.69.96:42966, 2759b58a-2fbd-4e45-94a8-47799d948184:192.168.69.96:41390], old=null RUNNING
2019-09-11 10:57:32,229 [grpc-default-executor-6] INFO  impl.RaftServerImpl (RaftServerImpl.java:lambda$shutdown$3(251)) - 2567324e-9700-4950-ac37-98ef668bcfff@group-17832C0C68B9: shutdown
2019-09-11 10:57:32,230 [grpc-default-executor-6] INFO  util.JmxRegister (JmxRegister.java:unregister(73)) - Successfully un-registered JMX Bean with object name Ratis:service=RaftServer,group=group-17832C0C68B9,id=2567324e-9700-4950-ac37-98ef668bcfff
2019-09-11 10:57:32,237 [grpc-default-executor-6] INFO  impl.RoleInfo (RoleInfo.java:shutdownFollowerState(121)) - 2567324e-9700-4950-ac37-98ef668bcfff: shutdown FollowerState
2019-09-11 10:57:32,237 [grpc-default-executor-6] INFO  impl.StateMachineUpdater (StateMachineUpdater.java:stopAndJoin(125)) - 2567324e-9700-4950-ac37-98ef668bcfff@group-17832C0C68B9-StateMachineUpdater: set stopIndex = 14
2019-09-11 10:57:32,237 [2567324e-9700-4950-ac37-98ef668bcfff@group-17832C0C68B9-StateMachineUpdater] INFO  ratis.ContainerStateMachine (ContainerStateMachine.java:takeSnapshot(289)) - group-17832C0C68B9: Taking a snapshot at:(t:2, i:13) file /workdir/hadoop-ozone/integration-test/target/test-dir/MiniOzoneClusterImpl-d1c09eb7-78b5-4432-98f5-8abfc41a1ec2/datanode-2/data/ratis/611d975d-381d-4bb5-be57-17832c0c68b9/sm/snapshot.2_13
2019-09-11 10:57:32,237 [Thread-365] INFO  impl.FollowerState (FollowerState.java:run(115)) - 2567324e-9700-4950-ac37-98ef668bcfff: FollowerState was interrupted: java.lang.InterruptedException: sleep interrupted
2019-09-11 10:57:32,261 [2567324e-9700-4950-ac37-98ef668bcfff@group-17832C0C68B9-StateMachineUpdater] INFO  ratis.ContainerStateMachine (ContainerStateMachine.java:takeSnapshot(300)) - group-17832C0C68B9: Finished taking a snapshot at:(t:2, i:13) file:/workdir/hadoop-ozone/integration-test/target/test-dir/MiniOzoneClusterImpl-d1c09eb7-78b5-4432-98f5-8abfc41a1ec2/datanode-2/data/ratis/611d975d-381d-4bb5-be57-17832c0c68b9/sm/snapshot.2_13 time:23
2019-09-11 10:57:32,261 [2567324e-9700-4950-ac37-98ef668bcfff@group-17832C0C68B9-StateMachineUpdater] INFO  impl.StateMachineUpdater (StateMachineUpdater.java:takeSnapshot(258)) - 2567324e-9700-4950-ac37-98ef668bcfff@group-17832C0C68B9-StateMachineUpdater: Took a snapshot at index 13
2019-09-11 10:57:32,261 [2567324e-9700-4950-ac37-98ef668bcfff@group-17832C0C68B9-StateMachineUpdater] INFO  impl.StateMachineUpdater (StateMachineUpdater.java:lambda$new$0(83)) - 2567324e-9700-4950-ac37-98ef668bcfff@group-17832C0C68B9-StateMachineUpdater: snapshotIndex: updateIncreasingly -1 -> 13
2019-09-11 10:57:32,261 [2567324e-9700-4950-ac37-98ef668bcfff@group-17832C0C68B9-StateMachineUpdater] INFO  ratis.ContainerStateMachine (ContainerStateMachine.java:takeSnapshot(289)) - group-17832C0C68B9: Taking a snapshot at:(t:2, i:13) file /workdir/hadoop-ozone/integration-test/target/test-dir/MiniOzoneClusterImpl-d1c09eb7-78b5-4432-98f5-8abfc41a1ec2/datanode-2/data/ratis/611d975d-381d-4bb5-be57-17832c0c68b9/sm/snapshot.2_13
2019-09-11 10:57:32,284 [2567324e-9700-4950-ac37-98ef668bcfff@group-17832C0C68B9-StateMachineUpdater] INFO  ratis.ContainerStateMachine (ContainerStateMachine.java:takeSnapshot(300)) - group-17832C0C68B9: Finished taking a snapshot at:(t:2, i:13) file:/workdir/hadoop-ozone/integration-test/target/test-dir/MiniOzoneClusterImpl-d1c09eb7-78b5-4432-98f5-8abfc41a1ec2/datanode-2/data/ratis/611d975d-381d-4bb5-be57-17832c0c68b9/sm/snapshot.2_13 time:23
2019-09-11 10:57:32,285 [2567324e-9700-4950-ac37-98ef668bcfff@group-17832C0C68B9-StateMachineUpdater] INFO  impl.StateMachineUpdater (StateMachineUpdater.java:takeSnapshot(258)) - 2567324e-9700-4950-ac37-98ef668bcfff@group-17832C0C68B9-StateMachineUpdater: Took a snapshot at index 13
2019-09-11 10:57:32,285 [2567324e-9700-4950-ac37-98ef668bcfff@group-17832C0C68B9-StateMachineUpdater] INFO  impl.StateMachineUpdater (StateMachineUpdater.java:lambda$new$0(83)) - 2567324e-9700-4950-ac37-98ef668bcfff@group-17832C0C68B9-StateMachineUpdater: snapshotIndex: updateIncreasingly 13 -> 13
2019-09-11 10:57:32,285 [grpc-default-executor-6] INFO  impl.RaftServerImpl (ServerState.java:close(385)) - 2567324e-9700-4950-ac37-98ef668bcfff@group-17832C0C68B9: closes. applyIndex: 14
2019-09-11 10:57:32,288 [2567324e-9700-4950-ac37-98ef668bcfff@group-17832C0C68B9-SegmentedRaftLogWorker] ERROR ratis.XceiverServerRatis (XceiverServerRatis.java:triggerPipelineClose(568)) - pipeline Action CLOSE  on pipeline PipelineID=611d975d-381d-4bb5-be57-17832c0c68b9.Reason : WriteLog:17: (t:2, i:17), STATEMACHINELOGENTRY, client-ADF5984F8D70, cid=57-writeStateMachineData interrupted.
2019-09-11 10:57:32,291 [EventQueue-PipelineActionsForPipelineActionHandler] ERROR pipeline.PipelineActionHandler (PipelineActionHandler.java:onMessage(60)) - Received pipeline action CLOSE for Pipeline[ Id: 611d975d-381d-4bb5-be57-17832c0c68b9, Nodes: 2567324e-9700-4950-ac37-98ef668bcfff{ip: 192.168.69.96, host: pr-hdds-1982-decom-states-q64lx-3787986432, networkLocation: /default-rack, certSerialId: null}2759b58a-2fbd-4e45-94a8-47799d948184{ip: 192.168.69.96, host: pr-hdds-1982-decom-states-q64lx-3787986432, networkLocation: /default-rack, certSerialId: null}877608bb-19c4-4d8c-8958-a78beaef70b4{ip: 192.168.69.96, host: pr-hdds-1982-decom-states-q64lx-3787986432, networkLocation: /default-rack, certSerialId: null}, Type:RATIS, Factor:THREE, State:CLOSED] from datanode 2567324e-9700-4950-ac37-98ef668bcfff{ip: 192.168.69.96, host: pr-hdds-1982-decom-states-q64lx-3787986432, networkLocation: /default-rack, certSerialId: null}. Reason : WriteLog:17: (t:2, i:17), STATEMACHINELOGENTRY, client-ADF5984F8D70, cid=57-writeStateMachineData interrupted.
2019-09-11 10:57:32,291 [EventQueue-PipelineActionsForPipelineActionHandler] INFO  pipeline.SCMPipelineManager (SCMPipelineManager.java:finalizeAndDestroyPipeline(311)) - destroying pipeline:Pipeline[ Id: 611d975d-381d-4bb5-be57-17832c0c68b9, Nodes: 2567324e-9700-4950-ac37-98ef668bcfff{ip: 192.168.69.96, host: pr-hdds-1982-decom-states-q64lx-3787986432, networkLocation: /default-rack, certSerialId: null}2759b58a-2fbd-4e45-94a8-47799d948184{ip: 192.168.69.96, host: pr-hdds-1982-decom-states-q64lx-3787986432, networkLocation: /default-rack, certSerialId: null}877608bb-19c4-4d8c-8958-a78beaef70b4{ip: 192.168.69.96, host: pr-hdds-1982-decom-states-q64lx-3787986432, networkLocation: /default-rack, certSerialId: null}, Type:RATIS, Factor:THREE, State:CLOSED]
2019-09-11 10:57:32,302 [grpc-default-executor-6] INFO  segmented.SegmentedRaftLogWorker (SegmentedRaftLogWorker.java:close(228)) - 2567324e-9700-4950-ac37-98ef668bcfff@group-17832C0C68B9-SegmentedRaftLogWorker close()
2019-09-11 10:57:32,330 [grpc-default-executor-6] INFO  interfaces.Container (KeyValueContainer.java:flushAndSyncDB(386)) - Container 3 is synced with bcsId 5.
2019-09-11 10:57:32,330 [grpc-default-executor-6] INFO  interfaces.Container (KeyValueContainer.java:flushAndSyncDB(386)) - Container 3 is synced with bcsId 5.
2019-09-11 10:57:32,361 [EventQueue-IncrementalContainerReportForIncrementalContainerReportHandler] INFO  container.IncrementalContainerReportHandler (AbstractContainerReportHandler.java:updateContainerState(169)) - Moving container #3 to QUASI_CLOSED state, datanode 2567324e-9700-4950-ac37-98ef668bcfff{ip: 192.168.69.96, host: pr-hdds-1982-decom-states-q64lx-3787986432, networkLocation: /default-rack, certSerialId: null} reported QUASI_CLOSED replica.
2019-09-11 10:57:32,451 [grpc-default-executor-6] INFO  interfaces.Container (KeyValueContainer.java:flushAndSyncDB(386)) - Container 8 is synced with bcsId 0.
2019-09-11 10:57:32,452 [grpc-default-executor-6] INFO  interfaces.Container (KeyValueContainer.java:flushAndSyncDB(386)) - Container 8 is synced with bcsId 0.
2019-09-11 10:57:32,479 [EventQueue-IncrementalContainerReportForIncrementalContainerReportHandler] INFO  container.IncrementalContainerReportHandler (AbstractContainerReportHandler.java:updateContainerState(169)) - Moving container #8 to QUASI_CLOSED state, datanode 2567324e-9700-4950-ac37-98ef668bcfff{ip: 192.168.69.96, host: pr-hdds-1982-decom-states-q64lx-3787986432, networkLocation: /default-rack, certSerialId: null} reported QUASI_CLOSED replica.
2019-09-11 10:57:32,483 [grpc-default-executor-6] INFO  impl.RaftServerProxy (RaftServerProxy.java:remove(95)) - 2759b58a-2fbd-4e45-94a8-47799d948184: remove    LEADER 2759b58a-2fbd-4e45-94a8-47799d948184@group-17832C0C68B9:t2, leader=2759b58a-2fbd-4e45-94a8-47799d948184, voted=2759b58a-2fbd-4e45-94a8-47799d948184, raftlog=2759b58a-2fbd-4e45-94a8-47799d948184@group-17832C0C68B9-SegmentedRaftLog:OPENED:c14,f14,i19, conf=0: [877608bb-19c4-4d8c-8958-a78beaef70b4:192.168.69.96:35300, 2567324e-9700-4950-ac37-98ef668bcfff:192.168.69.96:42966, 2759b58a-2fbd-4e45-94a8-47799d948184:192.168.69.96:41390], old=null RUNNING
2019-09-11 10:57:32,483 [grpc-default-executor-6] INFO  impl.RaftServerImpl (RaftServerImpl.java:lambda$shutdown$3(251)) - 2759b58a-2fbd-4e45-94a8-47799d948184@group-17832C0C68B9: shutdown
2019-09-11 10:57:32,484 [grpc-default-executor-6] INFO  util.JmxRegister (JmxRegister.java:unregister(73)) - Successfully un-registered JMX Bean with object name Ratis:service=RaftServer,group=group-17832C0C68B9,id=2759b58a-2fbd-4e45-94a8-47799d948184
2019-09-11 10:57:32,484 [grpc-default-executor-6] INFO  impl.RoleInfo (RoleInfo.java:shutdownLeaderState(104)) - 2759b58a-2fbd-4e45-94a8-47799d948184: shutdown LeaderState
2019-09-11 10:57:32,490 [grpc-default-executor-6] INFO  impl.PendingRequests (PendingRequests.java:sendNotLeaderResponses(202)) - 2759b58a-2fbd-4e45-94a8-47799d948184-PendingRequests: sendNotLeaderResponses
2019-09-11 10:57:32,490 [org.apache.ratis.server.impl.LogAppender$AppenderDaemon$$Lambda$497/1546363005@3cb1a730] WARN  server.GrpcLogAppender (GrpcLogAppender.java:mayWait(143)) - 2759b58a-2fbd-4e45-94a8-47799d948184@group-17832C0C68B9->2567324e-9700-4950-ac37-98ef668bcfff-GrpcLogAppender: Wait interrupted by java.lang.InterruptedException
2019-09-11 10:57:32,490 [org.apache.ratis.server.impl.LogAppender$AppenderDaemon$$Lambda$497/1546363005@53e48356] WARN  server.GrpcLogAppender (GrpcLogAppender.java:mayWait(143)) - 2759b58a-2fbd-4e45-94a8-47799d948184@group-17832C0C68B9->877608bb-19c4-4d8c-8958-a78beaef70b4-GrpcLogAppender: Wait interrupted by java.lang.InterruptedException
2019-09-11 10:57:32,491 [grpc-default-executor-0] INFO  server.GrpcServerProtocolService (GrpcServerProtocolService.java:onCompleted(113)) - 2567324e-9700-4950-ac37-98ef668bcfff: Completed APPEND_ENTRIES, lastRequest: 2759b58a-2fbd-4e45-94a8-47799d948184->2567324e-9700-4950-ac37-98ef668bcfff#169-t2, previous=(t:2, i:19), leaderCommit=14, initializing? false, entries: <empty>
2019-09-11 10:57:32,491 [grpc-default-executor-7] INFO  server.GrpcServerProtocolService (GrpcServerProtocolService.java:onCompleted(113)) - 877608bb-19c4-4d8c-8958-a78beaef70b4: Completed APPEND_ENTRIES, lastRequest: 2759b58a-2fbd-4e45-94a8-47799d948184->877608bb-19c4-4d8c-8958-a78beaef70b4#169-t2, previous=(t:2, i:19), leaderCommit=14, initializing? false, entries: <empty>
2019-09-11 10:57:32,492 [grpc-default-executor-7] INFO  server.GrpcLogAppender (GrpcLogAppender.java:onCompleted(293)) - 2759b58a-2fbd-4e45-94a8-47799d948184@group-17832C0C68B9->2567324e-9700-4950-ac37-98ef668bcfff-AppendLogResponseHandler: follower responses appendEntries COMPLETED
2019-09-11 10:57:32,492 [grpc-default-executor-0] INFO  server.GrpcLogAppender (GrpcLogAppender.java:onCompleted(293)) - 2759b58a-2fbd-4e45-94a8-47799d948184@group-17832C0C68B9->877608bb-19c4-4d8c-8958-a78beaef70b4-AppendLogResponseHandler: follower responses appendEntries COMPLETED
2019-09-11 10:57:32,492 [grpc-default-executor-7] INFO  impl.FollowerInfo (FollowerInfo.java:lambda$new$0(51)) - 2759b58a-2fbd-4e45-94a8-47799d948184@group-17832C0C68B9->2567324e-9700-4950-ac37-98ef668bcfff: nextIndex: updateUnconditionally 20 -> 15
2019-09-11 10:57:32,492 [grpc-default-executor-0] INFO  impl.FollowerInfo (FollowerInfo.java:lambda$new$0(51)) - 2759b58a-2fbd-4e45-94a8-47799d948184@group-17832C0C68B9->877608bb-19c4-4d8c-8958-a78beaef70b4: nextIndex: updateUnconditionally 20 -> 15
2019-09-11 10:57:32,495 [grpc-default-executor-6] INFO  impl.StateMachineUpdater (StateMachineUpdater.java:stopAndJoin(125)) - 2759b58a-2fbd-4e45-94a8-47799d948184@group-17832C0C68B9-StateMachineUpdater: set stopIndex = 14
2019-09-11 10:57:32,495 [2759b58a-2fbd-4e45-94a8-47799d948184@group-17832C0C68B9-StateMachineUpdater] INFO  ratis.ContainerStateMachine (ContainerStateMachine.java:takeSnapshot(289)) - group-17832C0C68B9: Taking a snapshot at:(t:2, i:14) file /workdir/hadoop-ozone/integration-test/target/test-dir/MiniOzoneClusterImpl-d1c09eb7-78b5-4432-98f5-8abfc41a1ec2/datanode-6/data/ratis/611d975d-381d-4bb5-be57-17832c0c68b9/sm/snapshot.2_14
2019-09-11 10:57:32,518 [2759b58a-2fbd-4e45-94a8-47799d948184@group-17832C0C68B9-StateMachineUpdater] INFO  ratis.ContainerStateMachine (ContainerStateMachine.java:takeSnapshot(300)) - group-17832C0C68B9: Finished taking a snapshot at:(t:2, i:14) file:/workdir/hadoop-ozone/integration-test/target/test-dir/MiniOzoneClusterImpl-d1c09eb7-78b5-4432-98f5-8abfc41a1ec2/datanode-6/data/ratis/611d975d-381d-4bb5-be57-17832c0c68b9/sm/snapshot.2_14 time:23
2019-09-11 10:57:32,519 [2759b58a-2fbd-4e45-94a8-47799d948184@group-17832C0C68B9-StateMachineUpdater] INFO  impl.StateMachineUpdater (StateMachineUpdater.java:takeSnapshot(258)) - 2759b58a-2fbd-4e45-94a8-47799d948184@group-17832C0C68B9-StateMachineUpdater: Took a snapshot at index 14
2019-09-11 10:57:32,519 [2759b58a-2fbd-4e45-94a8-47799d948184@group-17832C0C68B9-StateMachineUpdater] INFO  impl.StateMachineUpdater (StateMachineUpdater.java:lambda$new$0(83)) - 2759b58a-2fbd-4e45-94a8-47799d948184@group-17832C0C68B9-StateMachineUpdater: snapshotIndex: updateIncreasingly -1 -> 14
2019-09-11 10:57:32,519 [grpc-default-executor-6] INFO  impl.RaftServerImpl (ServerState.java:close(385)) - 2759b58a-2fbd-4e45-94a8-47799d948184@group-17832C0C68B9: closes. applyIndex: 14
2019-09-11 10:57:32,519 [Command processor thread] ERROR commandhandler.CloseContainerCommandHandler (CloseContainerCommandHandler.java:handle(125)) - Can't close container #8
java.io.IOException: org.apache.ratis.protocol.GroupMismatchException: 2759b58a-2fbd-4e45-94a8-47799d948184: group-17832C0C68B9 not found.
	at org.apache.hadoop.ozone.container.common.transport.server.ratis.XceiverServerRatis.submitRequest(XceiverServerRatis.java:495)
	at org.apache.hadoop.ozone.container.common.statemachine.commandhandler.CloseContainerCommandHandler.handle(CloseContainerCommandHandler.java:102)
	at org.apache.hadoop.ozone.container.common.statemachine.commandhandler.CommandDispatcher.handle(CommandDispatcher.java:99)
	at org.apache.hadoop.ozone.container.common.statemachine.DatanodeStateMachine.lambda$initCommandHandlerThread$1(DatanodeStateMachine.java:432)
	at java.lang.Thread.run(Thread.java:748)
Caused by: java.util.concurrent.ExecutionException: org.apache.ratis.protocol.GroupMismatchException: 2759b58a-2fbd-4e45-94a8-47799d948184: group-17832C0C68B9 not found.
	at java.util.concurrent.CompletableFuture.reportGet(CompletableFuture.java:357)
	at java.util.concurrent.CompletableFuture.get(CompletableFuture.java:1895)
	at org.apache.hadoop.ozone.container.common.transport.server.ratis.XceiverServerRatis.submitRequest(XceiverServerRatis.java:493)
	... 4 more
Caused by: org.apache.ratis.protocol.GroupMismatchException: 2759b58a-2fbd-4e45-94a8-47799d948184: group-17832C0C68B9 not found.
	at org.apache.ratis.server.impl.RaftServerProxy$ImplMap.get(RaftServerProxy.java:122)
	at org.apache.ratis.server.impl.RaftServerProxy.getImplFuture(RaftServerProxy.java:269)
	at org.apache.ratis.server.impl.RaftServerProxy.submitRequest(RaftServerProxy.java:327)
	at org.apache.ratis.server.impl.RaftServerProxy.submitClientRequestAsync(RaftServerProxy.java:333)
	... 5 more
2019-09-11 10:57:32,520 [2759b58a-2fbd-4e45-94a8-47799d948184@group-17832C0C68B9-SegmentedRaftLogWorker] ERROR ratis.XceiverServerRatis (XceiverServerRatis.java:triggerPipelineClose(568)) - pipeline Action CLOSE  on pipeline PipelineID=611d975d-381d-4bb5-be57-17832c0c68b9.Reason : WriteLog:17: (t:2, i:17), STATEMACHINELOGENTRY, client-ADF5984F8D70, cid=57-writeStateMachineData interrupted.
2019-09-11 10:57:32,520 [Command processor thread] ERROR commandhandler.CloseContainerCommandHandler (CloseContainerCommandHandler.java:handle(84)) - Container #10 does not exist in datanode. Container close failed.
2019-09-11 10:57:32,521 [EventQueue-PipelineActionsForPipelineActionHandler] ERROR pipeline.PipelineActionHandler (PipelineActionHandler.java:onMessage(60)) - Received pipeline action CLOSE for Pipeline[ Id: 611d975d-381d-4bb5-be57-17832c0c68b9, Nodes: 2567324e-9700-4950-ac37-98ef668bcfff{ip: 192.168.69.96, host: pr-hdds-1982-decom-states-q64lx-3787986432, networkLocation: /default-rack, certSerialId: null}2759b58a-2fbd-4e45-94a8-47799d948184{ip: 192.168.69.96, host: pr-hdds-1982-decom-states-q64lx-3787986432, networkLocation: /default-rack, certSerialId: null}877608bb-19c4-4d8c-8958-a78beaef70b4{ip: 192.168.69.96, host: pr-hdds-1982-decom-states-q64lx-3787986432, networkLocation: /default-rack, certSerialId: null}, Type:RATIS, Factor:THREE, State:CLOSED] from datanode 2759b58a-2fbd-4e45-94a8-47799d948184{ip: 192.168.69.96, host: pr-hdds-1982-decom-states-q64lx-3787986432, networkLocation: /default-rack, certSerialId: null}. Reason : WriteLog:17: (t:2, i:17), STATEMACHINELOGENTRY, client-ADF5984F8D70, cid=57-writeStateMachineData interrupted.
2019-09-11 10:57:32,523 [EventQueue-PipelineActionsForPipelineActionHandler] INFO  pipeline.SCMPipelineManager (SCMPipelineManager.java:finalizeAndDestroyPipeline(311)) - destroying pipeline:Pipeline[ Id: 611d975d-381d-4bb5-be57-17832c0c68b9, Nodes: 2567324e-9700-4950-ac37-98ef668bcfff{ip: 192.168.69.96, host: pr-hdds-1982-decom-states-q64lx-3787986432, networkLocation: /default-rack, certSerialId: null}2759b58a-2fbd-4e45-94a8-47799d948184{ip: 192.168.69.96, host: pr-hdds-1982-decom-states-q64lx-3787986432, networkLocation: /default-rack, certSerialId: null}877608bb-19c4-4d8c-8958-a78beaef70b4{ip: 192.168.69.96, host: pr-hdds-1982-decom-states-q64lx-3787986432, networkLocation: /default-rack, certSerialId: null}, Type:RATIS, Factor:THREE, State:CLOSED]
2019-09-11 10:57:32,533 [grpc-default-executor-6] INFO  segmented.SegmentedRaftLogWorker (SegmentedRaftLogWorker.java:close(228)) - 2759b58a-2fbd-4e45-94a8-47799d948184@group-17832C0C68B9-SegmentedRaftLogWorker close()
2019-09-11 10:57:32,562 [grpc-default-executor-6] INFO  interfaces.Container (KeyValueContainer.java:flushAndSyncDB(386)) - Container 3 is synced with bcsId 5.
2019-09-11 10:57:32,562 [grpc-default-executor-6] INFO  interfaces.Container (KeyValueContainer.java:flushAndSyncDB(386)) - Container 3 is synced with bcsId 5.
2019-09-11 10:57:32,679 [grpc-default-executor-6] INFO  interfaces.Container (KeyValueContainer.java:flushAndSyncDB(386)) - Container 8 is synced with bcsId 0.
2019-09-11 10:57:32,679 [grpc-default-executor-6] INFO  interfaces.Container (KeyValueContainer.java:flushAndSyncDB(386)) - Container 8 is synced with bcsId 0.
2019-09-11 10:57:32,710 [grpc-default-executor-6] INFO  impl.RaftServerProxy (RaftServerProxy.java:remove(95)) - 877608bb-19c4-4d8c-8958-a78beaef70b4: remove  FOLLOWER 877608bb-19c4-4d8c-8958-a78beaef70b4@group-17832C0C68B9:t2, leader=2759b58a-2fbd-4e45-94a8-47799d948184, voted=877608bb-19c4-4d8c-8958-a78beaef70b4, raftlog=877608bb-19c4-4d8c-8958-a78beaef70b4@group-17832C0C68B9-SegmentedRaftLog:OPENED:c14,f14,i19, conf=0: [877608bb-19c4-4d8c-8958-a78beaef70b4:192.168.69.96:35300, 2567324e-9700-4950-ac37-98ef668bcfff:192.168.69.96:42966, 2759b58a-2fbd-4e45-94a8-47799d948184:192.168.69.96:41390], old=null RUNNING
2019-09-11 10:57:32,710 [grpc-default-executor-6] INFO  impl.RaftServerImpl (RaftServerImpl.java:lambda$shutdown$3(251)) - 877608bb-19c4-4d8c-8958-a78beaef70b4@group-17832C0C68B9: shutdown
2019-09-11 10:57:32,710 [grpc-default-executor-6] INFO  util.JmxRegister (JmxRegister.java:unregister(73)) - Successfully un-registered JMX Bean with object name Ratis:service=RaftServer,group=group-17832C0C68B9,id=877608bb-19c4-4d8c-8958-a78beaef70b4
2019-09-11 10:57:32,710 [grpc-default-executor-6] INFO  impl.RoleInfo (RoleInfo.java:shutdownFollowerState(121)) - 877608bb-19c4-4d8c-8958-a78beaef70b4: shutdown FollowerState
2019-09-11 10:57:32,711 [grpc-default-executor-6] INFO  impl.StateMachineUpdater (StateMachineUpdater.java:stopAndJoin(125)) - 877608bb-19c4-4d8c-8958-a78beaef70b4@group-17832C0C68B9-StateMachineUpdater: set stopIndex = 14
2019-09-11 10:57:32,711 [Thread-366] INFO  impl.FollowerState (FollowerState.java:run(115)) - 877608bb-19c4-4d8c-8958-a78beaef70b4: FollowerState was interrupted: java.lang.InterruptedException: sleep interrupted
2019-09-11 10:57:32,711 [877608bb-19c4-4d8c-8958-a78beaef70b4@group-17832C0C68B9-StateMachineUpdater] INFO  ratis.ContainerStateMachine (ContainerStateMachine.java:takeSnapshot(289)) - group-17832C0C68B9: Taking a snapshot at:(t:2, i:13) file /workdir/hadoop-ozone/integration-test/target/test-dir/MiniOzoneClusterImpl-d1c09eb7-78b5-4432-98f5-8abfc41a1ec2/datanode-0/data/ratis/611d975d-381d-4bb5-be57-17832c0c68b9/sm/snapshot.2_13
2019-09-11 10:57:32,734 [877608bb-19c4-4d8c-8958-a78beaef70b4@group-17832C0C68B9-StateMachineUpdater] INFO  ratis.ContainerStateMachine (ContainerStateMachine.java:takeSnapshot(300)) - group-17832C0C68B9: Finished taking a snapshot at:(t:2, i:13) file:/workdir/hadoop-ozone/integration-test/target/test-dir/MiniOzoneClusterImpl-d1c09eb7-78b5-4432-98f5-8abfc41a1ec2/datanode-0/data/ratis/611d975d-381d-4bb5-be57-17832c0c68b9/sm/snapshot.2_13 time:24
2019-09-11 10:57:32,735 [877608bb-19c4-4d8c-8958-a78beaef70b4@group-17832C0C68B9-StateMachineUpdater] INFO  impl.StateMachineUpdater (StateMachineUpdater.java:takeSnapshot(258)) - 877608bb-19c4-4d8c-8958-a78beaef70b4@group-17832C0C68B9-StateMachineUpdater: Took a snapshot at index 13
2019-09-11 10:57:32,735 [877608bb-19c4-4d8c-8958-a78beaef70b4@group-17832C0C68B9-StateMachineUpdater] INFO  impl.StateMachineUpdater (StateMachineUpdater.java:lambda$new$0(83)) - 877608bb-19c4-4d8c-8958-a78beaef70b4@group-17832C0C68B9-StateMachineUpdater: snapshotIndex: updateIncreasingly -1 -> 13
2019-09-11 10:57:32,735 [877608bb-19c4-4d8c-8958-a78beaef70b4@group-17832C0C68B9-StateMachineUpdater] INFO  ratis.ContainerStateMachine (ContainerStateMachine.java:takeSnapshot(289)) - group-17832C0C68B9: Taking a snapshot at:(t:2, i:13) file /workdir/hadoop-ozone/integration-test/target/test-dir/MiniOzoneClusterImpl-d1c09eb7-78b5-4432-98f5-8abfc41a1ec2/datanode-0/data/ratis/611d975d-381d-4bb5-be57-17832c0c68b9/sm/snapshot.2_13
2019-09-11 10:57:32,774 [877608bb-19c4-4d8c-8958-a78beaef70b4@group-17832C0C68B9-StateMachineUpdater] INFO  ratis.ContainerStateMachine (ContainerStateMachine.java:takeSnapshot(300)) - group-17832C0C68B9: Finished taking a snapshot at:(t:2, i:13) file:/workdir/hadoop-ozone/integration-test/target/test-dir/MiniOzoneClusterImpl-d1c09eb7-78b5-4432-98f5-8abfc41a1ec2/datanode-0/data/ratis/611d975d-381d-4bb5-be57-17832c0c68b9/sm/snapshot.2_13 time:39
2019-09-11 10:57:32,774 [877608bb-19c4-4d8c-8958-a78beaef70b4@group-17832C0C68B9-StateMachineUpdater] INFO  impl.StateMachineUpdater (StateMachineUpdater.java:takeSnapshot(258)) - 877608bb-19c4-4d8c-8958-a78beaef70b4@group-17832C0C68B9-StateMachineUpdater: Took a snapshot at index 13
2019-09-11 10:57:32,774 [877608bb-19c4-4d8c-8958-a78beaef70b4@group-17832C0C68B9-StateMachineUpdater] INFO  impl.StateMachineUpdater (StateMachineUpdater.java:lambda$new$0(83)) - 877608bb-19c4-4d8c-8958-a78beaef70b4@group-17832C0C68B9-StateMachineUpdater: snapshotIndex: updateIncreasingly 13 -> 13
2019-09-11 10:57:32,775 [grpc-default-executor-6] INFO  impl.RaftServerImpl (ServerState.java:close(385)) - 877608bb-19c4-4d8c-8958-a78beaef70b4@group-17832C0C68B9: closes. applyIndex: 14
2019-09-11 10:57:32,779 [877608bb-19c4-4d8c-8958-a78beaef70b4@group-17832C0C68B9-SegmentedRaftLogWorker] ERROR ratis.XceiverServerRatis (XceiverServerRatis.java:triggerPipelineClose(568)) - pipeline Action CLOSE  on pipeline PipelineID=611d975d-381d-4bb5-be57-17832c0c68b9.Reason : WriteLog:15: (t:2, i:15), STATEMACHINELOGENTRY, client-ADF5984F8D70, cid=55-writeStateMachineData interrupted.
2019-09-11 10:57:32,782 [grpc-default-executor-6] INFO  segmented.SegmentedRaftLogWorker (SegmentedRaftLogWorker.java:close(228)) - 877608bb-19c4-4d8c-8958-a78beaef70b4@group-17832C0C68B9-SegmentedRaftLogWorker close()
2019-09-11 10:57:32,787 [EventQueue-PipelineActionsForPipelineActionHandler] ERROR pipeline.PipelineActionHandler (PipelineActionHandler.java:onMessage(60)) - Received pipeline action CLOSE for Pipeline[ Id: 611d975d-381d-4bb5-be57-17832c0c68b9, Nodes: 2567324e-9700-4950-ac37-98ef668bcfff{ip: 192.168.69.96, host: pr-hdds-1982-decom-states-q64lx-3787986432, networkLocation: /default-rack, certSerialId: null}2759b58a-2fbd-4e45-94a8-47799d948184{ip: 192.168.69.96, host: pr-hdds-1982-decom-states-q64lx-3787986432, networkLocation: /default-rack, certSerialId: null}877608bb-19c4-4d8c-8958-a78beaef70b4{ip: 192.168.69.96, host: pr-hdds-1982-decom-states-q64lx-3787986432, networkLocation: /default-rack, certSerialId: null}, Type:RATIS, Factor:THREE, State:CLOSED] from datanode 877608bb-19c4-4d8c-8958-a78beaef70b4{ip: 192.168.69.96, host: pr-hdds-1982-decom-states-q64lx-3787986432, networkLocation: /default-rack, certSerialId: null}. Reason : WriteLog:15: (t:2, i:15), STATEMACHINELOGENTRY, client-ADF5984F8D70, cid=55-writeStateMachineData interrupted.
2019-09-11 10:57:32,787 [EventQueue-PipelineActionsForPipelineActionHandler] INFO  pipeline.SCMPipelineManager (SCMPipelineManager.java:finalizeAndDestroyPipeline(311)) - destroying pipeline:Pipeline[ Id: 611d975d-381d-4bb5-be57-17832c0c68b9, Nodes: 2567324e-9700-4950-ac37-98ef668bcfff{ip: 192.168.69.96, host: pr-hdds-1982-decom-states-q64lx-3787986432, networkLocation: /default-rack, certSerialId: null}2759b58a-2fbd-4e45-94a8-47799d948184{ip: 192.168.69.96, host: pr-hdds-1982-decom-states-q64lx-3787986432, networkLocation: /default-rack, certSerialId: null}877608bb-19c4-4d8c-8958-a78beaef70b4{ip: 192.168.69.96, host: pr-hdds-1982-decom-states-q64lx-3787986432, networkLocation: /default-rack, certSerialId: null}, Type:RATIS, Factor:THREE, State:CLOSED]
2019-09-11 10:57:32,808 [grpc-default-executor-6] INFO  interfaces.Container (KeyValueContainer.java:flushAndSyncDB(386)) - Container 3 is synced with bcsId 5.
2019-09-11 10:57:32,808 [grpc-default-executor-6] INFO  interfaces.Container (KeyValueContainer.java:flushAndSyncDB(386)) - Container 3 is synced with bcsId 5.
2019-09-11 10:57:32,924 [grpc-default-executor-6] INFO  interfaces.Container (KeyValueContainer.java:flushAndSyncDB(386)) - Container 8 is synced with bcsId 0.
2019-09-11 10:57:32,925 [grpc-default-executor-6] INFO  interfaces.Container (KeyValueContainer.java:flushAndSyncDB(386)) - Container 8 is synced with bcsId 0.
2019-09-11 10:57:32,951 [RatisPipelineUtilsThread] INFO  pipeline.PipelineStateManager (PipelineStateManager.java:removePipeline(108)) - Pipeline Pipeline[ Id: 611d975d-381d-4bb5-be57-17832c0c68b9, Nodes: 2567324e-9700-4950-ac37-98ef668bcfff{ip: 192.168.69.96, host: pr-hdds-1982-decom-states-q64lx-3787986432, networkLocation: /default-rack, certSerialId: null}2759b58a-2fbd-4e45-94a8-47799d948184{ip: 192.168.69.96, host: pr-hdds-1982-decom-states-q64lx-3787986432, networkLocation: /default-rack, certSerialId: null}877608bb-19c4-4d8c-8958-a78beaef70b4{ip: 192.168.69.96, host: pr-hdds-1982-decom-states-q64lx-3787986432, networkLocation: /default-rack, certSerialId: null}, Type:RATIS, Factor:THREE, State:CLOSED] removed from db
2019-09-11 10:57:33,273 [main] WARN  io.KeyOutputStream (KeyOutputStream.java:handleException(276)) - Encountered exception java.io.IOException: Unexpected Storage Container Exception: java.util.concurrent.CompletionException: java.util.concurrent.CompletionException: org.apache.ratis.protocol.GroupMismatchException: 2567324e-9700-4950-ac37-98ef668bcfff: group-17832C0C68B9 not found. on the pipeline Pipeline[ Id: 611d975d-381d-4bb5-be57-17832c0c68b9, Nodes: 2567324e-9700-4950-ac37-98ef668bcfff{ip: 192.168.69.96, host: pr-hdds-1982-decom-states-q64lx-3787986432, networkLocation: /default-rack, certSerialId: null}2759b58a-2fbd-4e45-94a8-47799d948184{ip: 192.168.69.96, host: pr-hdds-1982-decom-states-q64lx-3787986432, networkLocation: /default-rack, certSerialId: null}877608bb-19c4-4d8c-8958-a78beaef70b4{ip: 192.168.69.96, host: pr-hdds-1982-decom-states-q64lx-3787986432, networkLocation: /default-rack, certSerialId: null}, Type:RATIS, Factor:THREE, State:OPEN]. The last committed block length is 0, uncommitted data length is 2097152 retry count 0
2019-09-11 10:57:33,291 [grpc-default-executor-0] INFO  client.GrpcClientProtocolClient (GrpcClientProtocolClient.java:onNext(264)) - client-95694700298B->4664729b-c9fa-423e-9516-a47fa5640f67: receive RaftClientReply:client-95694700298B->4664729b-c9fa-423e-9516-a47fa5640f67@group-8D9933079AAA, cid=142, FAILED org.apache.ratis.protocol.NotLeaderException: Server 4664729b-c9fa-423e-9516-a47fa5640f67@group-8D9933079AAA is not the leader 75ec484c-7743-415c-a891-044da79f6b4d:192.168.69.96:41248, logIndex=0, commits[4664729b-c9fa-423e-9516-a47fa5640f67:c18, 08f1fccb-3813-4a19-b386-9d1a73d37d0e:c18, 75ec484c-7743-415c-a891-044da79f6b4d:c18]
2019-09-11 10:57:33,486 [grpc-default-executor-6] INFO  client.GrpcClientProtocolClient (GrpcClientProtocolClient.java:onNext(264)) - client-95694700298B->75ec484c-7743-415c-a891-044da79f6b4d: receive RaftClientReply:client-95694700298B->75ec484c-7743-415c-a891-044da79f6b4d@group-8D9933079AAA, cid=142, SUCCESS, logIndex=19, commits[75ec484c-7743-415c-a891-044da79f6b4d:c19, 08f1fccb-3813-4a19-b386-9d1a73d37d0e:c18, 4664729b-c9fa-423e-9516-a47fa5640f67:c18]
2019-09-11 10:57:33,597 [grpc-default-executor-7] INFO  client.GrpcClientProtocolClient (GrpcClientProtocolClient.java:onNext(264)) - client-95694700298B->75ec484c-7743-415c-a891-044da79f6b4d: receive RaftClientReply:client-95694700298B->75ec484c-7743-415c-a891-044da79f6b4d@group-8D9933079AAA, cid=143, SUCCESS, logIndex=21, commits[75ec484c-7743-415c-a891-044da79f6b4d:c26, 08f1fccb-3813-4a19-b386-9d1a73d37d0e:c24, 4664729b-c9fa-423e-9516-a47fa5640f67:c24]
2019-09-11 10:57:33,597 [grpc-default-executor-7] INFO  client.GrpcClientProtocolClient (GrpcClientProtocolClient.java:onNext(264)) - client-95694700298B->75ec484c-7743-415c-a891-044da79f6b4d: receive RaftClientReply:client-95694700298B->75ec484c-7743-415c-a891-044da79f6b4d@group-8D9933079AAA, cid=144, SUCCESS, logIndex=22, commits[75ec484c-7743-415c-a891-044da79f6b4d:c26, 08f1fccb-3813-4a19-b386-9d1a73d37d0e:c24, 4664729b-c9fa-423e-9516-a47fa5640f67:c24]
2019-09-11 10:57:33,754 [grpc-default-executor-7] INFO  client.GrpcClientProtocolClient (GrpcClientProtocolClient.java:onNext(264)) - client-95694700298B->75ec484c-7743-415c-a891-044da79f6b4d: receive RaftClientReply:client-95694700298B->75ec484c-7743-415c-a891-044da79f6b4d@group-8D9933079AAA, cid=145, SUCCESS, logIndex=24, commits[75ec484c-7743-415c-a891-044da79f6b4d:c26, 08f1fccb-3813-4a19-b386-9d1a73d37d0e:c24, 4664729b-c9fa-423e-9516-a47fa5640f67:c24]
2019-09-11 10:57:33,795 [grpc-default-executor-0] INFO  client.GrpcClientProtocolClient (GrpcClientProtocolClient.java:onNext(264)) - client-95694700298B->75ec484c-7743-415c-a891-044da79f6b4d: receive RaftClientReply:client-95694700298B->75ec484c-7743-415c-a891-044da79f6b4d@group-8D9933079AAA, cid=146, SUCCESS, logIndex=27, commits[75ec484c-7743-415c-a891-044da79f6b4d:c28, 08f1fccb-3813-4a19-b386-9d1a73d37d0e:c24, 4664729b-c9fa-423e-9516-a47fa5640f67:c26]
2019-09-11 10:57:33,796 [grpc-default-executor-8] INFO  client.GrpcClientProtocolClient (GrpcClientProtocolClient.java:onNext(264)) - client-95694700298B->75ec484c-7743-415c-a891-044da79f6b4d: receive RaftClientReply:client-95694700298B->75ec484c-7743-415c-a891-044da79f6b4d@group-8D9933079AAA, cid=147, SUCCESS, logIndex=28, commits[75ec484c-7743-415c-a891-044da79f6b4d:c30, 08f1fccb-3813-4a19-b386-9d1a73d37d0e:c26, 4664729b-c9fa-423e-9516-a47fa5640f67:c26]
2019-09-11 10:57:33,801 [grpc-default-executor-8] INFO  client.GrpcClientProtocolClient (GrpcClientProtocolClient.java:onNext(264)) - client-95694700298B->75ec484c-7743-415c-a891-044da79f6b4d: receive RaftClientReply:client-95694700298B->75ec484c-7743-415c-a891-044da79f6b4d@group-8D9933079AAA, cid=148, SUCCESS, logIndex=29, commits[75ec484c-7743-415c-a891-044da79f6b4d:c30, 08f1fccb-3813-4a19-b386-9d1a73d37d0e:c26, 4664729b-c9fa-423e-9516-a47fa5640f67:c26]
2019-09-11 10:57:33,802 [grpc-default-executor-8] INFO  client.GrpcClientProtocolClient (GrpcClientProtocolClient.java:onNext(264)) - client-95694700298B->75ec484c-7743-415c-a891-044da79f6b4d: receive RaftClientReply:client-95694700298B->75ec484c-7743-415c-a891-044da79f6b4d@group-8D9933079AAA, cid=149, SUCCESS, logIndex=30, commits[75ec484c-7743-415c-a891-044da79f6b4d:c30, 08f1fccb-3813-4a19-b386-9d1a73d37d0e:c26, 4664729b-c9fa-423e-9516-a47fa5640f67:c26]
2019-09-11 10:57:33,823 [grpc-default-executor-8] INFO  client.GrpcClientProtocolClient (GrpcClientProtocolClient.java:onNext(264)) - client-95694700298B->75ec484c-7743-415c-a891-044da79f6b4d: receive RaftClientReply:client-95694700298B->75ec484c-7743-415c-a891-044da79f6b4d@group-8D9933079AAA, cid=150, SUCCESS, logIndex=0, commits[75ec484c-7743-415c-a891-044da79f6b4d:c33, 08f1fccb-3813-4a19-b386-9d1a73d37d0e:c30, 4664729b-c9fa-423e-9516-a47fa5640f67:c30]
2019-09-11 10:57:33,831 [grpc-default-executor-8] INFO  client.GrpcClientProtocolClient (GrpcClientProtocolClient.java:onNext(264)) - client-95694700298B->75ec484c-7743-415c-a891-044da79f6b4d: receive RaftClientReply:client-95694700298B->75ec484c-7743-415c-a891-044da79f6b4d@group-8D9933079AAA, cid=151, SUCCESS, logIndex=0, commits[75ec484c-7743-415c-a891-044da79f6b4d:c33, 08f1fccb-3813-4a19-b386-9d1a73d37d0e:c30, 4664729b-c9fa-423e-9516-a47fa5640f67:c30]
2019-09-11 10:57:33,876 [grpc-default-executor-0] INFO  client.GrpcClientProtocolClient (GrpcClientProtocolClient.java:onNext(264)) - client-95694700298B->75ec484c-7743-415c-a891-044da79f6b4d: receive RaftClientReply:client-95694700298B->75ec484c-7743-415c-a891-044da79f6b4d@group-8D9933079AAA, cid=152, SUCCESS, logIndex=34, commits[75ec484c-7743-415c-a891-044da79f6b4d:c37, 08f1fccb-3813-4a19-b386-9d1a73d37d0e:c33, 4664729b-c9fa-423e-9516-a47fa5640f67:c33]
2019-09-11 10:57:33,877 [grpc-default-executor-0] INFO  client.GrpcClientProtocolClient (GrpcClientProtocolClient.java:onNext(264)) - client-95694700298B->75ec484c-7743-415c-a891-044da79f6b4d: receive RaftClientReply:client-95694700298B->75ec484c-7743-415c-a891-044da79f6b4d@group-8D9933079AAA, cid=153, SUCCESS, logIndex=35, commits[75ec484c-7743-415c-a891-044da79f6b4d:c37, 08f1fccb-3813-4a19-b386-9d1a73d37d0e:c33, 4664729b-c9fa-423e-9516-a47fa5640f67:c33]
2019-09-11 10:57:33,878 [grpc-default-executor-0] INFO  client.GrpcClientProtocolClient (GrpcClientProtocolClient.java:onNext(264)) - client-95694700298B->75ec484c-7743-415c-a891-044da79f6b4d: receive RaftClientReply:client-95694700298B->75ec484c-7743-415c-a891-044da79f6b4d@group-8D9933079AAA, cid=154, SUCCESS, logIndex=36, commits[75ec484c-7743-415c-a891-044da79f6b4d:c37, 08f1fccb-3813-4a19-b386-9d1a73d37d0e:c33, 4664729b-c9fa-423e-9516-a47fa5640f67:c33]
2019-09-11 10:57:33,879 [grpc-default-executor-0] INFO  client.GrpcClientProtocolClient (GrpcClientProtocolClient.java:onNext(264)) - client-95694700298B->75ec484c-7743-415c-a891-044da79f6b4d: receive RaftClientReply:client-95694700298B->75ec484c-7743-415c-a891-044da79f6b4d@group-8D9933079AAA, cid=155, SUCCESS, logIndex=37, commits[75ec484c-7743-415c-a891-044da79f6b4d:c37, 08f1fccb-3813-4a19-b386-9d1a73d37d0e:c33, 4664729b-c9fa-423e-9516-a47fa5640f67:c33]
2019-09-11 10:57:33,881 [grpc-default-executor-0] INFO  client.GrpcClientProtocolClient (GrpcClientProtocolClient.java:onNext(264)) - client-95694700298B->75ec484c-7743-415c-a891-044da79f6b4d: receive RaftClientReply:client-95694700298B->75ec484c-7743-415c-a891-044da79f6b4d@group-8D9933079AAA, cid=156, SUCCESS, logIndex=0, commits[75ec484c-7743-415c-a891-044da79f6b4d:c41, 08f1fccb-3813-4a19-b386-9d1a73d37d0e:c37, 4664729b-c9fa-423e-9516-a47fa5640f67:c37]
2019-09-11 10:57:33,896 [grpc-default-executor-0] INFO  client.GrpcClientProtocolClient (GrpcClientProtocolClient.java:onNext(264)) - client-95694700298B->75ec484c-7743-415c-a891-044da79f6b4d: receive RaftClientReply:client-95694700298B->75ec484c-7743-415c-a891-044da79f6b4d@group-8D9933079AAA, cid=157, SUCCESS, logIndex=42, commits[75ec484c-7743-415c-a891-044da79f6b4d:c43, 08f1fccb-3813-4a19-b386-9d1a73d37d0e:c41, 4664729b-c9fa-423e-9516-a47fa5640f67:c41]
2019-09-11 10:57:33,896 [grpc-default-executor-0] INFO  client.GrpcClientProtocolClient (GrpcClientProtocolClient.java:onNext(264)) - client-95694700298B->75ec484c-7743-415c-a891-044da79f6b4d: receive RaftClientReply:client-95694700298B->75ec484c-7743-415c-a891-044da79f6b4d@group-8D9933079AAA, cid=158, SUCCESS, logIndex=43, commits[75ec484c-7743-415c-a891-044da79f6b4d:c43, 08f1fccb-3813-4a19-b386-9d1a73d37d0e:c41, 4664729b-c9fa-423e-9516-a47fa5640f67:c41]
2019-09-11 10:57:33,920 [grpc-default-executor-8] INFO  client.GrpcClientProtocolClient (GrpcClientProtocolClient.java:onNext(264)) - client-95694700298B->75ec484c-7743-415c-a891-044da79f6b4d: receive RaftClientReply:client-95694700298B->75ec484c-7743-415c-a891-044da79f6b4d@group-8D9933079AAA, cid=159, SUCCESS, logIndex=46, commits[75ec484c-7743-415c-a891-044da79f6b4d:c47, 08f1fccb-3813-4a19-b386-9d1a73d37d0e:c43, 4664729b-c9fa-423e-9516-a47fa5640f67:c43]
2019-09-11 10:57:33,921 [grpc-default-executor-8] INFO  client.GrpcClientProtocolClient (GrpcClientProtocolClient.java:onNext(264)) - client-95694700298B->75ec484c-7743-415c-a891-044da79f6b4d: receive RaftClientReply:client-95694700298B->75ec484c-7743-415c-a891-044da79f6b4d@group-8D9933079AAA, cid=160, SUCCESS, logIndex=47, commits[75ec484c-7743-415c-a891-044da79f6b4d:c47, 08f1fccb-3813-4a19-b386-9d1a73d37d0e:c43, 4664729b-c9fa-423e-9516-a47fa5640f67:c43]
2019-09-11 10:57:33,932 [grpc-default-executor-8] INFO  client.GrpcClientProtocolClient (GrpcClientProtocolClient.java:onNext(264)) - client-95694700298B->75ec484c-7743-415c-a891-044da79f6b4d: receive RaftClientReply:client-95694700298B->75ec484c-7743-415c-a891-044da79f6b4d@group-8D9933079AAA, cid=161, SUCCESS, logIndex=0, commits[75ec484c-7743-415c-a891-044da79f6b4d:c48, 08f1fccb-3813-4a19-b386-9d1a73d37d0e:c47, 4664729b-c9fa-423e-9516-a47fa5640f67:c47]
2019-09-11 10:57:33,956 [grpc-default-executor-8] INFO  client.GrpcClientProtocolClient (GrpcClientProtocolClient.java:onNext(264)) - client-95694700298B->75ec484c-7743-415c-a891-044da79f6b4d: receive RaftClientReply:client-95694700298B->75ec484c-7743-415c-a891-044da79f6b4d@group-8D9933079AAA, cid=162, SUCCESS, logIndex=50, commits[75ec484c-7743-415c-a891-044da79f6b4d:c51, 08f1fccb-3813-4a19-b386-9d1a73d37d0e:c47, 4664729b-c9fa-423e-9516-a47fa5640f67:c49]
2019-09-11 10:57:33,957 [grpc-default-executor-8] INFO  client.GrpcClientProtocolClient (GrpcClientProtocolClient.java:onNext(264)) - client-95694700298B->75ec484c-7743-415c-a891-044da79f6b4d: receive RaftClientReply:client-95694700298B->75ec484c-7743-415c-a891-044da79f6b4d@group-8D9933079AAA, cid=163, SUCCESS, logIndex=51, commits[75ec484c-7743-415c-a891-044da79f6b4d:c51, 08f1fccb-3813-4a19-b386-9d1a73d37d0e:c47, 4664729b-c9fa-423e-9516-a47fa5640f67:c49]
2019-09-11 10:57:33,967 [grpc-default-executor-8] INFO  client.GrpcClientProtocolClient (GrpcClientProtocolClient.java:onNext(264)) - client-95694700298B->75ec484c-7743-415c-a891-044da79f6b4d: receive RaftClientReply:client-95694700298B->75ec484c-7743-415c-a891-044da79f6b4d@group-8D9933079AAA, cid=164, SUCCESS, logIndex=52, commits[75ec484c-7743-415c-a891-044da79f6b4d:c55, 08f1fccb-3813-4a19-b386-9d1a73d37d0e:c49, 4664729b-c9fa-423e-9516-a47fa5640f67:c51]
2019-09-11 10:57:33,968 [grpc-default-executor-8] INFO  client.GrpcClientProtocolClient (GrpcClientProtocolClient.java:onNext(264)) - client-95694700298B->75ec484c-7743-415c-a891-044da79f6b4d: receive RaftClientReply:client-95694700298B->75ec484c-7743-415c-a891-044da79f6b4d@group-8D9933079AAA, cid=165, SUCCESS, logIndex=53, commits[75ec484c-7743-415c-a891-044da79f6b4d:c55, 08f1fccb-3813-4a19-b386-9d1a73d37d0e:c51, 4664729b-c9fa-423e-9516-a47fa5640f67:c51]
2019-09-11 10:57:33,985 [grpc-default-executor-8] INFO  client.GrpcClientProtocolClient (GrpcClientProtocolClient.java:onNext(264)) - client-95694700298B->75ec484c-7743-415c-a891-044da79f6b4d: receive RaftClientReply:client-95694700298B->75ec484c-7743-415c-a891-044da79f6b4d@group-8D9933079AAA, cid=166, SUCCESS, logIndex=58, commits[75ec484c-7743-415c-a891-044da79f6b4d:c59, 08f1fccb-3813-4a19-b386-9d1a73d37d0e:c57, 4664729b-c9fa-423e-9516-a47fa5640f67:c57]
2019-09-11 10:57:33,986 [grpc-default-executor-8] INFO  client.GrpcClientProtocolClient (GrpcClientProtocolClient.java:onNext(264)) - client-95694700298B->75ec484c-7743-415c-a891-044da79f6b4d: receive RaftClientReply:client-95694700298B->75ec484c-7743-415c-a891-044da79f6b4d@group-8D9933079AAA, cid=167, SUCCESS, logIndex=59, commits[75ec484c-7743-415c-a891-044da79f6b4d:c59, 08f1fccb-3813-4a19-b386-9d1a73d37d0e:c57, 4664729b-c9fa-423e-9516-a47fa5640f67:c57]
2019-09-11 10:57:33,999 [grpc-default-executor-6] INFO  client.GrpcClientProtocolClient (GrpcClientProtocolClient.java:onNext(264)) - client-95694700298B->75ec484c-7743-415c-a891-044da79f6b4d: receive RaftClientReply:client-95694700298B->75ec484c-7743-415c-a891-044da79f6b4d@group-8D9933079AAA, cid=168, SUCCESS, logIndex=62, commits[75ec484c-7743-415c-a891-044da79f6b4d:c63, 08f1fccb-3813-4a19-b386-9d1a73d37d0e:c59, 4664729b-c9fa-423e-9516-a47fa5640f67:c59]
2019-09-11 10:57:34,000 [grpc-default-executor-6] INFO  client.GrpcClientProtocolClient (GrpcClientProtocolClient.java:onNext(264)) - client-95694700298B->75ec484c-7743-415c-a891-044da79f6b4d: receive RaftClientReply:client-95694700298B->75ec484c-7743-415c-a891-044da79f6b4d@group-8D9933079AAA, cid=169, SUCCESS, logIndex=63, commits[75ec484c-7743-415c-a891-044da79f6b4d:c63, 08f1fccb-3813-4a19-b386-9d1a73d37d0e:c59, 4664729b-c9fa-423e-9516-a47fa5640f67:c59]
2019-09-11 10:57:34,010 [grpc-default-executor-6] INFO  client.GrpcClientProtocolClient (GrpcClientProtocolClient.java:onNext(264)) - client-95694700298B->75ec484c-7743-415c-a891-044da79f6b4d: receive RaftClientReply:client-95694700298B->75ec484c-7743-415c-a891-044da79f6b4d@group-8D9933079AAA, cid=170, SUCCESS, logIndex=0, commits[75ec484c-7743-415c-a891-044da79f6b4d:c64, 08f1fccb-3813-4a19-b386-9d1a73d37d0e:c63, 4664729b-c9fa-423e-9516-a47fa5640f67:c63]
]]></system-out>
  </testcase>
  <testcase name="testBlockWrites" classname="org.apache.hadoop.ozone.client.rpc.TestCloseContainerHandlingByClient" time="1.988"/>
  <testcase name="testMultiBlockWrites2" classname="org.apache.hadoop.ozone.client.rpc.TestCloseContainerHandlingByClient" time="195.795">
    <error message="PipelineID=033f66d0-a2ca-418a-99be-8d9933079aaa not found" type="org.apache.hadoop.hdds.scm.pipeline.PipelineNotFoundException">org.apache.hadoop.hdds.scm.pipeline.PipelineNotFoundException: PipelineID=033f66d0-a2ca-418a-99be-8d9933079aaa not found
	at org.apache.hadoop.hdds.scm.pipeline.PipelineStateMap.getPipeline(PipelineStateMap.java:132)
	at org.apache.hadoop.hdds.scm.pipeline.PipelineStateManager.getPipeline(PipelineStateManager.java:66)
	at org.apache.hadoop.hdds.scm.pipeline.SCMPipelineManager.getPipeline(SCMPipelineManager.java:187)
	at org.apache.hadoop.ozone.container.ContainerTestHelper.waitForContainerClose(ContainerTestHelper.java:833)
	at org.apache.hadoop.ozone.container.ContainerTestHelper.waitForContainerClose(ContainerTestHelper.java:741)
	at org.apache.hadoop.ozone.client.rpc.TestCloseContainerHandlingByClient.waitForContainerClose(TestCloseContainerHandlingByClient.java:342)
	at org.apache.hadoop.ozone.client.rpc.TestCloseContainerHandlingByClient.testMultiBlockWrites2(TestCloseContainerHandlingByClient.java:266)
	at sun.reflect.NativeMethodAccessorImpl.invoke0(Native Method)
	at sun.reflect.NativeMethodAccessorImpl.invoke(NativeMethodAccessorImpl.java:62)
	at sun.reflect.DelegatingMethodAccessorImpl.invoke(DelegatingMethodAccessorImpl.java:43)
	at java.lang.reflect.Method.invoke(Method.java:498)
	at org.junit.runners.model.FrameworkMethod$1.runReflectiveCall(FrameworkMethod.java:47)
	at org.junit.internal.runners.model.ReflectiveCallable.run(ReflectiveCallable.java:12)
	at org.junit.runners.model.FrameworkMethod.invokeExplosively(FrameworkMethod.java:44)
	at org.junit.internal.runners.statements.InvokeMethod.evaluate(InvokeMethod.java:17)
	at org.junit.runners.ParentRunner.runLeaf(ParentRunner.java:271)
	at org.junit.runners.BlockJUnit4ClassRunner.runChild(BlockJUnit4ClassRunner.java:70)
	at org.junit.runners.BlockJUnit4ClassRunner.runChild(BlockJUnit4ClassRunner.java:50)
	at org.junit.runners.ParentRunner$3.run(ParentRunner.java:238)
	at org.junit.runners.ParentRunner$1.schedule(ParentRunner.java:63)
	at org.junit.runners.ParentRunner.runChildren(ParentRunner.java:236)
	at org.junit.runners.ParentRunner.access$000(ParentRunner.java:53)
	at org.junit.runners.ParentRunner$2.evaluate(ParentRunner.java:229)
	at org.junit.internal.runners.statements.RunBefores.evaluate(RunBefores.java:26)
	at org.junit.internal.runners.statements.RunAfters.evaluate(RunAfters.java:27)
	at org.junit.runners.ParentRunner.run(ParentRunner.java:309)
	at org.apache.maven.surefire.junit4.JUnit4Provider.execute(JUnit4Provider.java:365)
	at org.apache.maven.surefire.junit4.JUnit4Provider.executeWithRerun(JUnit4Provider.java:273)
	at org.apache.maven.surefire.junit4.JUnit4Provider.executeTestSet(JUnit4Provider.java:238)
	at org.apache.maven.surefire.junit4.JUnit4Provider.invoke(JUnit4Provider.java:159)
	at org.apache.maven.surefire.booter.ForkedBooter.invokeProviderInSameClassLoader(ForkedBooter.java:384)
	at org.apache.maven.surefire.booter.ForkedBooter.runSuitesInProcess(ForkedBooter.java:345)
	at org.apache.maven.surefire.booter.ForkedBooter.execute(ForkedBooter.java:126)
	at org.apache.maven.surefire.booter.ForkedBooter.main(ForkedBooter.java:418)
</error>
    <system-out><![CDATA[2019-09-11 10:57:37,237 [grpc-default-executor-6] INFO  impl.RaftServerProxy (RaftServerProxy.java:remove(95)) - 2567324e-9700-4950-ac37-98ef668bcfff: remove group-17832C0C68B9:null
2019-09-11 10:57:37,239 [RatisPipelineUtilsThread] WARN  pipeline.RatisPipelineUtils (RatisPipelineUtils.java:destroyPipeline(66)) - Pipeline destroy failed for pipeline=PipelineID=611d975d-381d-4bb5-be57-17832c0c68b9 dn=2567324e-9700-4950-ac37-98ef668bcfff{ip: 192.168.69.96, host: pr-hdds-1982-decom-states-q64lx-3787986432, networkLocation: /default-rack, certSerialId: null}
2019-09-11 10:57:37,242 [grpc-default-executor-6] INFO  impl.RaftServerProxy (RaftServerProxy.java:remove(95)) - 2759b58a-2fbd-4e45-94a8-47799d948184: remove group-17832C0C68B9:null
2019-09-11 10:57:37,243 [RatisPipelineUtilsThread] WARN  pipeline.RatisPipelineUtils (RatisPipelineUtils.java:destroyPipeline(66)) - Pipeline destroy failed for pipeline=PipelineID=611d975d-381d-4bb5-be57-17832c0c68b9 dn=2759b58a-2fbd-4e45-94a8-47799d948184{ip: 192.168.69.96, host: pr-hdds-1982-decom-states-q64lx-3787986432, networkLocation: /default-rack, certSerialId: null}
2019-09-11 10:57:37,245 [grpc-default-executor-6] INFO  impl.RaftServerProxy (RaftServerProxy.java:remove(95)) - 877608bb-19c4-4d8c-8958-a78beaef70b4: remove group-17832C0C68B9:null
2019-09-11 10:57:37,246 [RatisPipelineUtilsThread] WARN  pipeline.RatisPipelineUtils (RatisPipelineUtils.java:destroyPipeline(66)) - Pipeline destroy failed for pipeline=PipelineID=611d975d-381d-4bb5-be57-17832c0c68b9 dn=877608bb-19c4-4d8c-8958-a78beaef70b4{ip: 192.168.69.96, host: pr-hdds-1982-decom-states-q64lx-3787986432, networkLocation: /default-rack, certSerialId: null}
2019-09-11 10:57:37,247 [RatisPipelineUtilsThread] ERROR pipeline.SCMPipelineManager (Scheduler.java:lambda$schedule$1(70)) - Destroy pipeline failed for pipeline:Pipeline[ Id: 611d975d-381d-4bb5-be57-17832c0c68b9, Nodes: 2567324e-9700-4950-ac37-98ef668bcfff{ip: 192.168.69.96, host: pr-hdds-1982-decom-states-q64lx-3787986432, networkLocation: /default-rack, certSerialId: null}2759b58a-2fbd-4e45-94a8-47799d948184{ip: 192.168.69.96, host: pr-hdds-1982-decom-states-q64lx-3787986432, networkLocation: /default-rack, certSerialId: null}877608bb-19c4-4d8c-8958-a78beaef70b4{ip: 192.168.69.96, host: pr-hdds-1982-decom-states-q64lx-3787986432, networkLocation: /default-rack, certSerialId: null}, Type:RATIS, Factor:THREE, State:CLOSED]
org.apache.hadoop.hdds.scm.pipeline.PipelineNotFoundException: PipelineID=611d975d-381d-4bb5-be57-17832c0c68b9 not found
	at org.apache.hadoop.hdds.scm.pipeline.PipelineStateMap.getPipeline(PipelineStateMap.java:132)
	at org.apache.hadoop.hdds.scm.pipeline.PipelineStateMap.removePipeline(PipelineStateMap.java:322)
	at org.apache.hadoop.hdds.scm.pipeline.PipelineStateManager.removePipeline(PipelineStateManager.java:107)
	at org.apache.hadoop.hdds.scm.pipeline.SCMPipelineManager.removePipeline(SCMPipelineManager.java:423)
	at org.apache.hadoop.hdds.scm.pipeline.SCMPipelineManager.destroyPipeline(SCMPipelineManager.java:409)
	at org.apache.hadoop.hdds.scm.pipeline.SCMPipelineManager.lambda$finalizeAndDestroyPipeline$0(SCMPipelineManager.java:318)
	at org.apache.hadoop.utils.Scheduler.lambda$schedule$1(Scheduler.java:68)
	at java.util.concurrent.Executors$RunnableAdapter.call(Executors.java:511)
	at java.util.concurrent.FutureTask.run(FutureTask.java:266)
	at java.util.concurrent.ScheduledThreadPoolExecutor$ScheduledFutureTask.access$201(ScheduledThreadPoolExecutor.java:180)
	at java.util.concurrent.ScheduledThreadPoolExecutor$ScheduledFutureTask.run(ScheduledThreadPoolExecutor.java:293)
	at java.util.concurrent.ThreadPoolExecutor.runWorker(ThreadPoolExecutor.java:1149)
	at java.util.concurrent.ThreadPoolExecutor$Worker.run(ThreadPoolExecutor.java:624)
	at java.lang.Thread.run(Thread.java:748)
2019-09-11 10:57:39,380 [java.util.concurrent.ThreadPoolExecutor$Worker@fabb77[State = -1, empty queue]] WARN  server.GrpcLogAppender (GrpcLogAppender.java:timeoutAppendRequest(200)) - 75ec484c-7743-415c-a891-044da79f6b4d@group-8D9933079AAA->08f1fccb-3813-4a19-b386-9d1a73d37d0e-GrpcLogAppender: appendEntries Timeout, request=75ec484c-7743-415c-a891-044da79f6b4d->08f1fccb-3813-4a19-b386-9d1a73d37d0e#151-t1, previous=(t:1, i:75), leaderCommit=75, initializing? false, entries: size=1, first=(t:1, i:76), STATEMACHINELOGENTRY, client-95694700298B, cid=191
2019-09-11 10:57:39,380 [java.util.concurrent.ThreadPoolExecutor$Worker@4b358f7e[State = -1, empty queue]] WARN  server.GrpcLogAppender (GrpcLogAppender.java:timeoutAppendRequest(200)) - 75ec484c-7743-415c-a891-044da79f6b4d@group-8D9933079AAA->4664729b-c9fa-423e-9516-a47fa5640f67-GrpcLogAppender: appendEntries Timeout, request=75ec484c-7743-415c-a891-044da79f6b4d->4664729b-c9fa-423e-9516-a47fa5640f67#151-t1, previous=(t:1, i:75), leaderCommit=75, initializing? false, entries: size=1, first=(t:1, i:76), STATEMACHINELOGENTRY, client-95694700298B, cid=191
2019-09-11 10:57:39,380 [java.util.concurrent.ThreadPoolExecutor$Worker@fabb77[State = -1, empty queue]] WARN  server.GrpcLogAppender (GrpcLogAppender.java:timeoutAppendRequest(200)) - 75ec484c-7743-415c-a891-044da79f6b4d@group-8D9933079AAA->08f1fccb-3813-4a19-b386-9d1a73d37d0e-GrpcLogAppender: appendEntries Timeout, request=75ec484c-7743-415c-a891-044da79f6b4d->08f1fccb-3813-4a19-b386-9d1a73d37d0e#152-t1, previous=(t:1, i:76), leaderCommit=75, initializing? false, entries: size=1, first=(t:1, i:77), STATEMACHINELOGENTRY, client-95694700298B, cid=192
2019-09-11 10:57:39,380 [java.util.concurrent.ThreadPoolExecutor$Worker@4b358f7e[State = -1, empty queue]] WARN  server.GrpcLogAppender (GrpcLogAppender.java:timeoutAppendRequest(200)) - 75ec484c-7743-415c-a891-044da79f6b4d@group-8D9933079AAA->4664729b-c9fa-423e-9516-a47fa5640f67-GrpcLogAppender: appendEntries Timeout, request=75ec484c-7743-415c-a891-044da79f6b4d->4664729b-c9fa-423e-9516-a47fa5640f67#152-t1, previous=(t:1, i:76), leaderCommit=75, initializing? false, entries: size=1, first=(t:1, i:77), STATEMACHINELOGENTRY, client-95694700298B, cid=192
2019-09-11 10:57:39,382 [java.util.concurrent.ThreadPoolExecutor$Worker@fabb77[State = -1, empty queue]] WARN  server.GrpcLogAppender (GrpcLogAppender.java:timeoutAppendRequest(200)) - 75ec484c-7743-415c-a891-044da79f6b4d@group-8D9933079AAA->08f1fccb-3813-4a19-b386-9d1a73d37d0e-GrpcLogAppender: appendEntries Timeout, request=75ec484c-7743-415c-a891-044da79f6b4d->08f1fccb-3813-4a19-b386-9d1a73d37d0e#153-t1, previous=(t:1, i:77), leaderCommit=75, initializing? false, entries: size=1, first=(t:1, i:78), STATEMACHINELOGENTRY, client-95694700298B, cid=193
2019-09-11 10:57:39,382 [java.util.concurrent.ThreadPoolExecutor$Worker@4b358f7e[State = -1, empty queue]] WARN  server.GrpcLogAppender (GrpcLogAppender.java:timeoutAppendRequest(200)) - 75ec484c-7743-415c-a891-044da79f6b4d@group-8D9933079AAA->4664729b-c9fa-423e-9516-a47fa5640f67-GrpcLogAppender: appendEntries Timeout, request=75ec484c-7743-415c-a891-044da79f6b4d->4664729b-c9fa-423e-9516-a47fa5640f67#153-t1, previous=(t:1, i:77), leaderCommit=75, initializing? false, entries: size=1, first=(t:1, i:78), STATEMACHINELOGENTRY, client-95694700298B, cid=193
2019-09-11 10:57:39,382 [java.util.concurrent.ThreadPoolExecutor$Worker@fabb77[State = -1, empty queue]] WARN  server.GrpcLogAppender (GrpcLogAppender.java:timeoutAppendRequest(200)) - 75ec484c-7743-415c-a891-044da79f6b4d@group-8D9933079AAA->08f1fccb-3813-4a19-b386-9d1a73d37d0e-GrpcLogAppender: appendEntries Timeout, request=75ec484c-7743-415c-a891-044da79f6b4d->08f1fccb-3813-4a19-b386-9d1a73d37d0e#154-t1, previous=(t:1, i:78), leaderCommit=75, initializing? false, entries: size=1, first=(t:1, i:79), STATEMACHINELOGENTRY, client-95694700298B, cid=194
2019-09-11 10:57:39,383 [java.util.concurrent.ThreadPoolExecutor$Worker@4b358f7e[State = -1, empty queue]] WARN  server.GrpcLogAppender (GrpcLogAppender.java:timeoutAppendRequest(200)) - 75ec484c-7743-415c-a891-044da79f6b4d@group-8D9933079AAA->4664729b-c9fa-423e-9516-a47fa5640f67-GrpcLogAppender: appendEntries Timeout, request=75ec484c-7743-415c-a891-044da79f6b4d->4664729b-c9fa-423e-9516-a47fa5640f67#154-t1, previous=(t:1, i:78), leaderCommit=75, initializing? false, entries: size=1, first=(t:1, i:79), STATEMACHINELOGENTRY, client-95694700298B, cid=194
2019-09-11 10:57:40,247 [grpc-default-executor-7] INFO  impl.RaftServerProxy (RaftServerProxy.java:remove(95)) - 2567324e-9700-4950-ac37-98ef668bcfff: remove group-17832C0C68B9:null
2019-09-11 10:57:40,252 [RatisPipelineUtilsThread] WARN  pipeline.RatisPipelineUtils (RatisPipelineUtils.java:destroyPipeline(66)) - Pipeline destroy failed for pipeline=PipelineID=611d975d-381d-4bb5-be57-17832c0c68b9 dn=2567324e-9700-4950-ac37-98ef668bcfff{ip: 192.168.69.96, host: pr-hdds-1982-decom-states-q64lx-3787986432, networkLocation: /default-rack, certSerialId: null}
2019-09-11 10:57:40,255 [grpc-default-executor-7] INFO  impl.RaftServerProxy (RaftServerProxy.java:remove(95)) - 2759b58a-2fbd-4e45-94a8-47799d948184: remove group-17832C0C68B9:null
2019-09-11 10:57:40,257 [RatisPipelineUtilsThread] WARN  pipeline.RatisPipelineUtils (RatisPipelineUtils.java:destroyPipeline(66)) - Pipeline destroy failed for pipeline=PipelineID=611d975d-381d-4bb5-be57-17832c0c68b9 dn=2759b58a-2fbd-4e45-94a8-47799d948184{ip: 192.168.69.96, host: pr-hdds-1982-decom-states-q64lx-3787986432, networkLocation: /default-rack, certSerialId: null}
2019-09-11 10:57:40,259 [grpc-default-executor-7] INFO  impl.RaftServerProxy (RaftServerProxy.java:remove(95)) - 877608bb-19c4-4d8c-8958-a78beaef70b4: remove group-17832C0C68B9:null
2019-09-11 10:57:40,261 [RatisPipelineUtilsThread] WARN  pipeline.RatisPipelineUtils (RatisPipelineUtils.java:destroyPipeline(66)) - Pipeline destroy failed for pipeline=PipelineID=611d975d-381d-4bb5-be57-17832c0c68b9 dn=877608bb-19c4-4d8c-8958-a78beaef70b4{ip: 192.168.69.96, host: pr-hdds-1982-decom-states-q64lx-3787986432, networkLocation: /default-rack, certSerialId: null}
2019-09-11 10:57:40,261 [RatisPipelineUtilsThread] ERROR pipeline.SCMPipelineManager (Scheduler.java:lambda$schedule$1(70)) - Destroy pipeline failed for pipeline:Pipeline[ Id: 611d975d-381d-4bb5-be57-17832c0c68b9, Nodes: 2567324e-9700-4950-ac37-98ef668bcfff{ip: 192.168.69.96, host: pr-hdds-1982-decom-states-q64lx-3787986432, networkLocation: /default-rack, certSerialId: null}2759b58a-2fbd-4e45-94a8-47799d948184{ip: 192.168.69.96, host: pr-hdds-1982-decom-states-q64lx-3787986432, networkLocation: /default-rack, certSerialId: null}877608bb-19c4-4d8c-8958-a78beaef70b4{ip: 192.168.69.96, host: pr-hdds-1982-decom-states-q64lx-3787986432, networkLocation: /default-rack, certSerialId: null}, Type:RATIS, Factor:THREE, State:CLOSED]
org.apache.hadoop.hdds.scm.pipeline.PipelineNotFoundException: PipelineID=611d975d-381d-4bb5-be57-17832c0c68b9 not found
	at org.apache.hadoop.hdds.scm.pipeline.PipelineStateMap.getPipeline(PipelineStateMap.java:132)
	at org.apache.hadoop.hdds.scm.pipeline.PipelineStateMap.removePipeline(PipelineStateMap.java:322)
	at org.apache.hadoop.hdds.scm.pipeline.PipelineStateManager.removePipeline(PipelineStateManager.java:107)
	at org.apache.hadoop.hdds.scm.pipeline.SCMPipelineManager.removePipeline(SCMPipelineManager.java:423)
	at org.apache.hadoop.hdds.scm.pipeline.SCMPipelineManager.destroyPipeline(SCMPipelineManager.java:409)
	at org.apache.hadoop.hdds.scm.pipeline.SCMPipelineManager.lambda$finalizeAndDestroyPipeline$0(SCMPipelineManager.java:318)
	at org.apache.hadoop.utils.Scheduler.lambda$schedule$1(Scheduler.java:68)
	at java.util.concurrent.Executors$RunnableAdapter.call(Executors.java:511)
	at java.util.concurrent.FutureTask.run(FutureTask.java:266)
	at java.util.concurrent.ScheduledThreadPoolExecutor$ScheduledFutureTask.access$201(ScheduledThreadPoolExecutor.java:180)
	at java.util.concurrent.ScheduledThreadPoolExecutor$ScheduledFutureTask.run(ScheduledThreadPoolExecutor.java:293)
	at java.util.concurrent.ThreadPoolExecutor.runWorker(ThreadPoolExecutor.java:1149)
	at java.util.concurrent.ThreadPoolExecutor$Worker.run(ThreadPoolExecutor.java:624)
	at java.lang.Thread.run(Thread.java:748)
2019-09-11 10:57:41,415 [grpc-default-executor-6] INFO  client.GrpcClientProtocolClient (GrpcClientProtocolClient.java:onNext(264)) - client-95694700298B->4664729b-c9fa-423e-9516-a47fa5640f67: receive RaftClientReply:client-95694700298B->4664729b-c9fa-423e-9516-a47fa5640f67@group-8D9933079AAA, cid=191, FAILED org.apache.ratis.protocol.NotLeaderException: Server 4664729b-c9fa-423e-9516-a47fa5640f67@group-8D9933079AAA is not the leader 75ec484c-7743-415c-a891-044da79f6b4d:192.168.69.96:41248, logIndex=0, commits[4664729b-c9fa-423e-9516-a47fa5640f67:c75, 08f1fccb-3813-4a19-b386-9d1a73d37d0e:c74, 75ec484c-7743-415c-a891-044da79f6b4d:c75]
2019-09-11 10:57:41,883 [java.util.concurrent.ThreadPoolExecutor$Worker@4b358f7e[State = -1, empty queue]] WARN  server.GrpcLogAppender (GrpcLogAppender.java:timeoutAppendRequest(200)) - 75ec484c-7743-415c-a891-044da79f6b4d@group-8D9933079AAA->4664729b-c9fa-423e-9516-a47fa5640f67-GrpcLogAppender: appendEntries Timeout, request=75ec484c-7743-415c-a891-044da79f6b4d->4664729b-c9fa-423e-9516-a47fa5640f67#155-t1, previous=(t:1, i:79), leaderCommit=75, initializing? false, entries: <empty>
2019-09-11 10:57:41,883 [java.util.concurrent.ThreadPoolExecutor$Worker@fabb77[State = -1, empty queue]] WARN  server.GrpcLogAppender (GrpcLogAppender.java:timeoutAppendRequest(200)) - 75ec484c-7743-415c-a891-044da79f6b4d@group-8D9933079AAA->08f1fccb-3813-4a19-b386-9d1a73d37d0e-GrpcLogAppender: appendEntries Timeout, request=75ec484c-7743-415c-a891-044da79f6b4d->08f1fccb-3813-4a19-b386-9d1a73d37d0e#155-t1, previous=(t:1, i:79), leaderCommit=75, initializing? false, entries: <empty>
2019-09-11 10:57:42,242 [grpc-default-executor-6] INFO  impl.RaftServerProxy (RaftServerProxy.java:remove(95)) - 2567324e-9700-4950-ac37-98ef668bcfff: remove group-17832C0C68B9:null
2019-09-11 10:57:42,245 [RatisPipelineUtilsThread] WARN  pipeline.RatisPipelineUtils (RatisPipelineUtils.java:destroyPipeline(66)) - Pipeline destroy failed for pipeline=PipelineID=611d975d-381d-4bb5-be57-17832c0c68b9 dn=2567324e-9700-4950-ac37-98ef668bcfff{ip: 192.168.69.96, host: pr-hdds-1982-decom-states-q64lx-3787986432, networkLocation: /default-rack, certSerialId: null}
2019-09-11 10:57:42,248 [grpc-default-executor-6] INFO  impl.RaftServerProxy (RaftServerProxy.java:remove(95)) - 2759b58a-2fbd-4e45-94a8-47799d948184: remove group-17832C0C68B9:null
2019-09-11 10:57:42,251 [RatisPipelineUtilsThread] WARN  pipeline.RatisPipelineUtils (RatisPipelineUtils.java:destroyPipeline(66)) - Pipeline destroy failed for pipeline=PipelineID=611d975d-381d-4bb5-be57-17832c0c68b9 dn=2759b58a-2fbd-4e45-94a8-47799d948184{ip: 192.168.69.96, host: pr-hdds-1982-decom-states-q64lx-3787986432, networkLocation: /default-rack, certSerialId: null}
2019-09-11 10:57:42,253 [grpc-default-executor-6] INFO  impl.RaftServerProxy (RaftServerProxy.java:remove(95)) - 877608bb-19c4-4d8c-8958-a78beaef70b4: remove group-17832C0C68B9:null
2019-09-11 10:57:42,256 [RatisPipelineUtilsThread] WARN  pipeline.RatisPipelineUtils (RatisPipelineUtils.java:destroyPipeline(66)) - Pipeline destroy failed for pipeline=PipelineID=611d975d-381d-4bb5-be57-17832c0c68b9 dn=877608bb-19c4-4d8c-8958-a78beaef70b4{ip: 192.168.69.96, host: pr-hdds-1982-decom-states-q64lx-3787986432, networkLocation: /default-rack, certSerialId: null}
2019-09-11 10:57:42,256 [RatisPipelineUtilsThread] ERROR pipeline.SCMPipelineManager (Scheduler.java:lambda$schedule$1(70)) - Destroy pipeline failed for pipeline:Pipeline[ Id: 611d975d-381d-4bb5-be57-17832c0c68b9, Nodes: 2567324e-9700-4950-ac37-98ef668bcfff{ip: 192.168.69.96, host: pr-hdds-1982-decom-states-q64lx-3787986432, networkLocation: /default-rack, certSerialId: null}2759b58a-2fbd-4e45-94a8-47799d948184{ip: 192.168.69.96, host: pr-hdds-1982-decom-states-q64lx-3787986432, networkLocation: /default-rack, certSerialId: null}877608bb-19c4-4d8c-8958-a78beaef70b4{ip: 192.168.69.96, host: pr-hdds-1982-decom-states-q64lx-3787986432, networkLocation: /default-rack, certSerialId: null}, Type:RATIS, Factor:THREE, State:CLOSED]
org.apache.hadoop.hdds.scm.pipeline.PipelineNotFoundException: PipelineID=611d975d-381d-4bb5-be57-17832c0c68b9 not found
	at org.apache.hadoop.hdds.scm.pipeline.PipelineStateMap.getPipeline(PipelineStateMap.java:132)
	at org.apache.hadoop.hdds.scm.pipeline.PipelineStateMap.removePipeline(PipelineStateMap.java:322)
	at org.apache.hadoop.hdds.scm.pipeline.PipelineStateManager.removePipeline(PipelineStateManager.java:107)
	at org.apache.hadoop.hdds.scm.pipeline.SCMPipelineManager.removePipeline(SCMPipelineManager.java:423)
	at org.apache.hadoop.hdds.scm.pipeline.SCMPipelineManager.destroyPipeline(SCMPipelineManager.java:409)
	at org.apache.hadoop.hdds.scm.pipeline.SCMPipelineManager.lambda$finalizeAndDestroyPipeline$0(SCMPipelineManager.java:318)
	at org.apache.hadoop.utils.Scheduler.lambda$schedule$1(Scheduler.java:68)
	at java.util.concurrent.Executors$RunnableAdapter.call(Executors.java:511)
	at java.util.concurrent.FutureTask.run(FutureTask.java:266)
	at java.util.concurrent.ScheduledThreadPoolExecutor$ScheduledFutureTask.access$201(ScheduledThreadPoolExecutor.java:180)
	at java.util.concurrent.ScheduledThreadPoolExecutor$ScheduledFutureTask.run(ScheduledThreadPoolExecutor.java:293)
	at java.util.concurrent.ThreadPoolExecutor.runWorker(ThreadPoolExecutor.java:1149)
	at java.util.concurrent.ThreadPoolExecutor$Worker.run(ThreadPoolExecutor.java:624)
	at java.lang.Thread.run(Thread.java:748)
2019-09-11 10:57:44,384 [java.util.concurrent.ThreadPoolExecutor$Worker@fabb77[State = -1, empty queue]] WARN  server.GrpcLogAppender (GrpcLogAppender.java:timeoutAppendRequest(200)) - 75ec484c-7743-415c-a891-044da79f6b4d@group-8D9933079AAA->08f1fccb-3813-4a19-b386-9d1a73d37d0e-GrpcLogAppender: appendEntries Timeout, request=75ec484c-7743-415c-a891-044da79f6b4d->08f1fccb-3813-4a19-b386-9d1a73d37d0e#156-t1, previous=(t:1, i:79), leaderCommit=75, initializing? false, entries: <empty>
2019-09-11 10:57:44,384 [java.util.concurrent.ThreadPoolExecutor$Worker@4b358f7e[State = -1, empty queue]] WARN  server.GrpcLogAppender (GrpcLogAppender.java:timeoutAppendRequest(200)) - 75ec484c-7743-415c-a891-044da79f6b4d@group-8D9933079AAA->4664729b-c9fa-423e-9516-a47fa5640f67-GrpcLogAppender: appendEntries Timeout, request=75ec484c-7743-415c-a891-044da79f6b4d->4664729b-c9fa-423e-9516-a47fa5640f67#156-t1, previous=(t:1, i:79), leaderCommit=75, initializing? false, entries: <empty>
2019-09-11 10:57:45,242 [grpc-default-executor-6] INFO  impl.RaftServerProxy (RaftServerProxy.java:remove(95)) - 2567324e-9700-4950-ac37-98ef668bcfff: remove group-17832C0C68B9:null
2019-09-11 10:57:45,245 [RatisPipelineUtilsThread] WARN  pipeline.RatisPipelineUtils (RatisPipelineUtils.java:destroyPipeline(66)) - Pipeline destroy failed for pipeline=PipelineID=611d975d-381d-4bb5-be57-17832c0c68b9 dn=2567324e-9700-4950-ac37-98ef668bcfff{ip: 192.168.69.96, host: pr-hdds-1982-decom-states-q64lx-3787986432, networkLocation: /default-rack, certSerialId: null}
2019-09-11 10:57:45,248 [grpc-default-executor-6] INFO  impl.RaftServerProxy (RaftServerProxy.java:remove(95)) - 2759b58a-2fbd-4e45-94a8-47799d948184: remove group-17832C0C68B9:null
2019-09-11 10:57:45,251 [RatisPipelineUtilsThread] WARN  pipeline.RatisPipelineUtils (RatisPipelineUtils.java:destroyPipeline(66)) - Pipeline destroy failed for pipeline=PipelineID=611d975d-381d-4bb5-be57-17832c0c68b9 dn=2759b58a-2fbd-4e45-94a8-47799d948184{ip: 192.168.69.96, host: pr-hdds-1982-decom-states-q64lx-3787986432, networkLocation: /default-rack, certSerialId: null}
2019-09-11 10:57:45,253 [grpc-default-executor-6] INFO  impl.RaftServerProxy (RaftServerProxy.java:remove(95)) - 877608bb-19c4-4d8c-8958-a78beaef70b4: remove group-17832C0C68B9:null
2019-09-11 10:57:45,255 [RatisPipelineUtilsThread] WARN  pipeline.RatisPipelineUtils (RatisPipelineUtils.java:destroyPipeline(66)) - Pipeline destroy failed for pipeline=PipelineID=611d975d-381d-4bb5-be57-17832c0c68b9 dn=877608bb-19c4-4d8c-8958-a78beaef70b4{ip: 192.168.69.96, host: pr-hdds-1982-decom-states-q64lx-3787986432, networkLocation: /default-rack, certSerialId: null}
2019-09-11 10:57:45,256 [RatisPipelineUtilsThread] ERROR pipeline.SCMPipelineManager (Scheduler.java:lambda$schedule$1(70)) - Destroy pipeline failed for pipeline:Pipeline[ Id: 611d975d-381d-4bb5-be57-17832c0c68b9, Nodes: 2567324e-9700-4950-ac37-98ef668bcfff{ip: 192.168.69.96, host: pr-hdds-1982-decom-states-q64lx-3787986432, networkLocation: /default-rack, certSerialId: null}2759b58a-2fbd-4e45-94a8-47799d948184{ip: 192.168.69.96, host: pr-hdds-1982-decom-states-q64lx-3787986432, networkLocation: /default-rack, certSerialId: null}877608bb-19c4-4d8c-8958-a78beaef70b4{ip: 192.168.69.96, host: pr-hdds-1982-decom-states-q64lx-3787986432, networkLocation: /default-rack, certSerialId: null}, Type:RATIS, Factor:THREE, State:CLOSED]
org.apache.hadoop.hdds.scm.pipeline.PipelineNotFoundException: PipelineID=611d975d-381d-4bb5-be57-17832c0c68b9 not found
	at org.apache.hadoop.hdds.scm.pipeline.PipelineStateMap.getPipeline(PipelineStateMap.java:132)
	at org.apache.hadoop.hdds.scm.pipeline.PipelineStateMap.removePipeline(PipelineStateMap.java:322)
	at org.apache.hadoop.hdds.scm.pipeline.PipelineStateManager.removePipeline(PipelineStateManager.java:107)
	at org.apache.hadoop.hdds.scm.pipeline.SCMPipelineManager.removePipeline(SCMPipelineManager.java:423)
	at org.apache.hadoop.hdds.scm.pipeline.SCMPipelineManager.destroyPipeline(SCMPipelineManager.java:409)
	at org.apache.hadoop.hdds.scm.pipeline.SCMPipelineManager.lambda$finalizeAndDestroyPipeline$0(SCMPipelineManager.java:318)
	at org.apache.hadoop.utils.Scheduler.lambda$schedule$1(Scheduler.java:68)
	at java.util.concurrent.Executors$RunnableAdapter.call(Executors.java:511)
	at java.util.concurrent.FutureTask.run(FutureTask.java:266)
	at java.util.concurrent.ScheduledThreadPoolExecutor$ScheduledFutureTask.access$201(ScheduledThreadPoolExecutor.java:180)
	at java.util.concurrent.ScheduledThreadPoolExecutor$ScheduledFutureTask.run(ScheduledThreadPoolExecutor.java:293)
	at java.util.concurrent.ThreadPoolExecutor.runWorker(ThreadPoolExecutor.java:1149)
	at java.util.concurrent.ThreadPoolExecutor$Worker.run(ThreadPoolExecutor.java:624)
	at java.lang.Thread.run(Thread.java:748)
2019-09-11 10:57:46,378 [75ec484c-7743-415c-a891-044da79f6b4d@group-8D9933079AAA-SegmentedRaftLogWorker] WARN  segmented.SegmentedRaftLogWorker (SegmentedRaftLogWorker.java:getFromFuture(90)) - Timeout 0/~
org.apache.ratis.protocol.TimeoutIOException: Timeout 10s: WriteLog:76: (t:1, i:76), STATEMACHINELOGENTRY, client-95694700298B, cid=191-writeStateMachineData
	at org.apache.ratis.util.IOUtils.getFromFuture(IOUtils.java:87)
	at org.apache.ratis.server.raftlog.segmented.SegmentedRaftLogWorker$StateMachineDataPolicy.getFromFuture(SegmentedRaftLogWorker.java:87)
	at org.apache.ratis.server.raftlog.segmented.SegmentedRaftLogWorker$WriteLog.execute(SegmentedRaftLogWorker.java:477)
	at org.apache.ratis.server.raftlog.segmented.SegmentedRaftLogWorker.run(SegmentedRaftLogWorker.java:289)
	at java.lang.Thread.run(Thread.java:748)
Caused by: java.util.concurrent.TimeoutException
	at java.util.concurrent.CompletableFuture.timedGet(CompletableFuture.java:1771)
	at java.util.concurrent.CompletableFuture.get(CompletableFuture.java:1915)
	at org.apache.ratis.util.IOUtils.getFromFuture(IOUtils.java:79)
	... 4 more
2019-09-11 10:57:46,381 [08f1fccb-3813-4a19-b386-9d1a73d37d0e@group-8D9933079AAA-SegmentedRaftLogWorker] WARN  segmented.SegmentedRaftLogWorker (SegmentedRaftLogWorker.java:getFromFuture(90)) - Timeout 0/~
org.apache.ratis.protocol.TimeoutIOException: Timeout 10s: WriteLog:76: (t:1, i:76), STATEMACHINELOGENTRY, client-95694700298B, cid=191-writeStateMachineData
	at org.apache.ratis.util.IOUtils.getFromFuture(IOUtils.java:87)
	at org.apache.ratis.server.raftlog.segmented.SegmentedRaftLogWorker$StateMachineDataPolicy.getFromFuture(SegmentedRaftLogWorker.java:87)
	at org.apache.ratis.server.raftlog.segmented.SegmentedRaftLogWorker$WriteLog.execute(SegmentedRaftLogWorker.java:477)
	at org.apache.ratis.server.raftlog.segmented.SegmentedRaftLogWorker.run(SegmentedRaftLogWorker.java:289)
	at java.lang.Thread.run(Thread.java:748)
Caused by: java.util.concurrent.TimeoutException
	at java.util.concurrent.CompletableFuture.timedGet(CompletableFuture.java:1771)
	at java.util.concurrent.CompletableFuture.get(CompletableFuture.java:1915)
	at org.apache.ratis.util.IOUtils.getFromFuture(IOUtils.java:79)
	... 4 more
2019-09-11 10:57:46,381 [4664729b-c9fa-423e-9516-a47fa5640f67@group-8D9933079AAA-SegmentedRaftLogWorker] WARN  segmented.SegmentedRaftLogWorker (SegmentedRaftLogWorker.java:getFromFuture(90)) - Timeout 0/~
org.apache.ratis.protocol.TimeoutIOException: Timeout 10s: WriteLog:76: (t:1, i:76), STATEMACHINELOGENTRY, client-95694700298B, cid=191-writeStateMachineData
	at org.apache.ratis.util.IOUtils.getFromFuture(IOUtils.java:87)
	at org.apache.ratis.server.raftlog.segmented.SegmentedRaftLogWorker$StateMachineDataPolicy.getFromFuture(SegmentedRaftLogWorker.java:87)
	at org.apache.ratis.server.raftlog.segmented.SegmentedRaftLogWorker$WriteLog.execute(SegmentedRaftLogWorker.java:477)
	at org.apache.ratis.server.raftlog.segmented.SegmentedRaftLogWorker.run(SegmentedRaftLogWorker.java:289)
	at java.lang.Thread.run(Thread.java:748)
Caused by: java.util.concurrent.TimeoutException
	at java.util.concurrent.CompletableFuture.timedGet(CompletableFuture.java:1771)
	at java.util.concurrent.CompletableFuture.get(CompletableFuture.java:1915)
	at org.apache.ratis.util.IOUtils.getFromFuture(IOUtils.java:79)
	... 4 more
2019-09-11 10:57:46,458 [grpc-default-executor-7] INFO  client.GrpcClientProtocolClient (GrpcClientProtocolClient.java:onNext(264)) - client-95694700298B->08f1fccb-3813-4a19-b386-9d1a73d37d0e: receive RaftClientReply:client-95694700298B->08f1fccb-3813-4a19-b386-9d1a73d37d0e@group-8D9933079AAA, cid=191, FAILED org.apache.ratis.protocol.NotLeaderException: Server 08f1fccb-3813-4a19-b386-9d1a73d37d0e@group-8D9933079AAA is not the leader 75ec484c-7743-415c-a891-044da79f6b4d:192.168.69.96:41248, logIndex=0, commits[08f1fccb-3813-4a19-b386-9d1a73d37d0e:c75, 4664729b-c9fa-423e-9516-a47fa5640f67:c74, 75ec484c-7743-415c-a891-044da79f6b4d:c75]
2019-09-11 10:57:46,884 [java.util.concurrent.ThreadPoolExecutor$Worker@fabb77[State = -1, empty queue]] WARN  server.GrpcLogAppender (GrpcLogAppender.java:timeoutAppendRequest(200)) - 75ec484c-7743-415c-a891-044da79f6b4d@group-8D9933079AAA->08f1fccb-3813-4a19-b386-9d1a73d37d0e-GrpcLogAppender: appendEntries Timeout, request=75ec484c-7743-415c-a891-044da79f6b4d->08f1fccb-3813-4a19-b386-9d1a73d37d0e#157-t1, previous=(t:1, i:79), leaderCommit=75, initializing? false, entries: <empty>
2019-09-11 10:57:46,884 [java.util.concurrent.ThreadPoolExecutor$Worker@4b358f7e[State = -1, empty queue]] WARN  server.GrpcLogAppender (GrpcLogAppender.java:timeoutAppendRequest(200)) - 75ec484c-7743-415c-a891-044da79f6b4d@group-8D9933079AAA->4664729b-c9fa-423e-9516-a47fa5640f67-GrpcLogAppender: appendEntries Timeout, request=75ec484c-7743-415c-a891-044da79f6b4d->4664729b-c9fa-423e-9516-a47fa5640f67#157-t1, previous=(t:1, i:79), leaderCommit=75, initializing? false, entries: <empty>
2019-09-11 10:57:47,239 [grpc-default-executor-0] INFO  impl.RaftServerProxy (RaftServerProxy.java:remove(95)) - 2567324e-9700-4950-ac37-98ef668bcfff: remove group-17832C0C68B9:null
2019-09-11 10:57:47,242 [RatisPipelineUtilsThread] WARN  pipeline.RatisPipelineUtils (RatisPipelineUtils.java:destroyPipeline(66)) - Pipeline destroy failed for pipeline=PipelineID=611d975d-381d-4bb5-be57-17832c0c68b9 dn=2567324e-9700-4950-ac37-98ef668bcfff{ip: 192.168.69.96, host: pr-hdds-1982-decom-states-q64lx-3787986432, networkLocation: /default-rack, certSerialId: null}
2019-09-11 10:57:47,245 [grpc-default-executor-0] INFO  impl.RaftServerProxy (RaftServerProxy.java:remove(95)) - 2759b58a-2fbd-4e45-94a8-47799d948184: remove group-17832C0C68B9:null
2019-09-11 10:57:47,248 [RatisPipelineUtilsThread] WARN  pipeline.RatisPipelineUtils (RatisPipelineUtils.java:destroyPipeline(66)) - Pipeline destroy failed for pipeline=PipelineID=611d975d-381d-4bb5-be57-17832c0c68b9 dn=2759b58a-2fbd-4e45-94a8-47799d948184{ip: 192.168.69.96, host: pr-hdds-1982-decom-states-q64lx-3787986432, networkLocation: /default-rack, certSerialId: null}
2019-09-11 10:57:47,251 [grpc-default-executor-0] INFO  impl.RaftServerProxy (RaftServerProxy.java:remove(95)) - 877608bb-19c4-4d8c-8958-a78beaef70b4: remove group-17832C0C68B9:null
2019-09-11 10:57:47,253 [RatisPipelineUtilsThread] WARN  pipeline.RatisPipelineUtils (RatisPipelineUtils.java:destroyPipeline(66)) - Pipeline destroy failed for pipeline=PipelineID=611d975d-381d-4bb5-be57-17832c0c68b9 dn=877608bb-19c4-4d8c-8958-a78beaef70b4{ip: 192.168.69.96, host: pr-hdds-1982-decom-states-q64lx-3787986432, networkLocation: /default-rack, certSerialId: null}
2019-09-11 10:57:47,253 [RatisPipelineUtilsThread] ERROR pipeline.SCMPipelineManager (Scheduler.java:lambda$schedule$1(70)) - Destroy pipeline failed for pipeline:Pipeline[ Id: 611d975d-381d-4bb5-be57-17832c0c68b9, Nodes: 2567324e-9700-4950-ac37-98ef668bcfff{ip: 192.168.69.96, host: pr-hdds-1982-decom-states-q64lx-3787986432, networkLocation: /default-rack, certSerialId: null}2759b58a-2fbd-4e45-94a8-47799d948184{ip: 192.168.69.96, host: pr-hdds-1982-decom-states-q64lx-3787986432, networkLocation: /default-rack, certSerialId: null}877608bb-19c4-4d8c-8958-a78beaef70b4{ip: 192.168.69.96, host: pr-hdds-1982-decom-states-q64lx-3787986432, networkLocation: /default-rack, certSerialId: null}, Type:RATIS, Factor:THREE, State:CLOSED]
org.apache.hadoop.hdds.scm.pipeline.PipelineNotFoundException: PipelineID=611d975d-381d-4bb5-be57-17832c0c68b9 not found
	at org.apache.hadoop.hdds.scm.pipeline.PipelineStateMap.getPipeline(PipelineStateMap.java:132)
	at org.apache.hadoop.hdds.scm.pipeline.PipelineStateMap.removePipeline(PipelineStateMap.java:322)
	at org.apache.hadoop.hdds.scm.pipeline.PipelineStateManager.removePipeline(PipelineStateManager.java:107)
	at org.apache.hadoop.hdds.scm.pipeline.SCMPipelineManager.removePipeline(SCMPipelineManager.java:423)
	at org.apache.hadoop.hdds.scm.pipeline.SCMPipelineManager.destroyPipeline(SCMPipelineManager.java:409)
	at org.apache.hadoop.hdds.scm.pipeline.SCMPipelineManager.lambda$finalizeAndDestroyPipeline$0(SCMPipelineManager.java:318)
	at org.apache.hadoop.utils.Scheduler.lambda$schedule$1(Scheduler.java:68)
	at java.util.concurrent.Executors$RunnableAdapter.call(Executors.java:511)
	at java.util.concurrent.FutureTask.run(FutureTask.java:266)
	at java.util.concurrent.ScheduledThreadPoolExecutor$ScheduledFutureTask.access$201(ScheduledThreadPoolExecutor.java:180)
	at java.util.concurrent.ScheduledThreadPoolExecutor$ScheduledFutureTask.run(ScheduledThreadPoolExecutor.java:293)
	at java.util.concurrent.ThreadPoolExecutor.runWorker(ThreadPoolExecutor.java:1149)
	at java.util.concurrent.ThreadPoolExecutor$Worker.run(ThreadPoolExecutor.java:624)
	at java.lang.Thread.run(Thread.java:748)
2019-09-11 10:57:49,384 [java.util.concurrent.ThreadPoolExecutor$Worker@4b358f7e[State = -1, empty queue]] WARN  server.GrpcLogAppender (GrpcLogAppender.java:timeoutAppendRequest(200)) - 75ec484c-7743-415c-a891-044da79f6b4d@group-8D9933079AAA->4664729b-c9fa-423e-9516-a47fa5640f67-GrpcLogAppender: appendEntries Timeout, request=75ec484c-7743-415c-a891-044da79f6b4d->4664729b-c9fa-423e-9516-a47fa5640f67#158-t1, previous=(t:1, i:79), leaderCommit=75, initializing? false, entries: <empty>
2019-09-11 10:57:49,384 [java.util.concurrent.ThreadPoolExecutor$Worker@fabb77[State = -1, empty queue]] WARN  server.GrpcLogAppender (GrpcLogAppender.java:timeoutAppendRequest(200)) - 75ec484c-7743-415c-a891-044da79f6b4d@group-8D9933079AAA->08f1fccb-3813-4a19-b386-9d1a73d37d0e-GrpcLogAppender: appendEntries Timeout, request=75ec484c-7743-415c-a891-044da79f6b4d->08f1fccb-3813-4a19-b386-9d1a73d37d0e#158-t1, previous=(t:1, i:79), leaderCommit=75, initializing? false, entries: <empty>
2019-09-11 10:57:50,240 [grpc-default-executor-0] INFO  impl.RaftServerProxy (RaftServerProxy.java:remove(95)) - 2567324e-9700-4950-ac37-98ef668bcfff: remove group-17832C0C68B9:null
2019-09-11 10:57:50,243 [RatisPipelineUtilsThread] WARN  pipeline.RatisPipelineUtils (RatisPipelineUtils.java:destroyPipeline(66)) - Pipeline destroy failed for pipeline=PipelineID=611d975d-381d-4bb5-be57-17832c0c68b9 dn=2567324e-9700-4950-ac37-98ef668bcfff{ip: 192.168.69.96, host: pr-hdds-1982-decom-states-q64lx-3787986432, networkLocation: /default-rack, certSerialId: null}
2019-09-11 10:57:50,246 [grpc-default-executor-0] INFO  impl.RaftServerProxy (RaftServerProxy.java:remove(95)) - 2759b58a-2fbd-4e45-94a8-47799d948184: remove group-17832C0C68B9:null
2019-09-11 10:57:50,248 [RatisPipelineUtilsThread] WARN  pipeline.RatisPipelineUtils (RatisPipelineUtils.java:destroyPipeline(66)) - Pipeline destroy failed for pipeline=PipelineID=611d975d-381d-4bb5-be57-17832c0c68b9 dn=2759b58a-2fbd-4e45-94a8-47799d948184{ip: 192.168.69.96, host: pr-hdds-1982-decom-states-q64lx-3787986432, networkLocation: /default-rack, certSerialId: null}
2019-09-11 10:57:50,251 [grpc-default-executor-0] INFO  impl.RaftServerProxy (RaftServerProxy.java:remove(95)) - 877608bb-19c4-4d8c-8958-a78beaef70b4: remove group-17832C0C68B9:null
2019-09-11 10:57:50,253 [RatisPipelineUtilsThread] WARN  pipeline.RatisPipelineUtils (RatisPipelineUtils.java:destroyPipeline(66)) - Pipeline destroy failed for pipeline=PipelineID=611d975d-381d-4bb5-be57-17832c0c68b9 dn=877608bb-19c4-4d8c-8958-a78beaef70b4{ip: 192.168.69.96, host: pr-hdds-1982-decom-states-q64lx-3787986432, networkLocation: /default-rack, certSerialId: null}
2019-09-11 10:57:50,253 [RatisPipelineUtilsThread] ERROR pipeline.SCMPipelineManager (Scheduler.java:lambda$schedule$1(70)) - Destroy pipeline failed for pipeline:Pipeline[ Id: 611d975d-381d-4bb5-be57-17832c0c68b9, Nodes: 2567324e-9700-4950-ac37-98ef668bcfff{ip: 192.168.69.96, host: pr-hdds-1982-decom-states-q64lx-3787986432, networkLocation: /default-rack, certSerialId: null}2759b58a-2fbd-4e45-94a8-47799d948184{ip: 192.168.69.96, host: pr-hdds-1982-decom-states-q64lx-3787986432, networkLocation: /default-rack, certSerialId: null}877608bb-19c4-4d8c-8958-a78beaef70b4{ip: 192.168.69.96, host: pr-hdds-1982-decom-states-q64lx-3787986432, networkLocation: /default-rack, certSerialId: null}, Type:RATIS, Factor:THREE, State:CLOSED]
org.apache.hadoop.hdds.scm.pipeline.PipelineNotFoundException: PipelineID=611d975d-381d-4bb5-be57-17832c0c68b9 not found
	at org.apache.hadoop.hdds.scm.pipeline.PipelineStateMap.getPipeline(PipelineStateMap.java:132)
	at org.apache.hadoop.hdds.scm.pipeline.PipelineStateMap.removePipeline(PipelineStateMap.java:322)
	at org.apache.hadoop.hdds.scm.pipeline.PipelineStateManager.removePipeline(PipelineStateManager.java:107)
	at org.apache.hadoop.hdds.scm.pipeline.SCMPipelineManager.removePipeline(SCMPipelineManager.java:423)
	at org.apache.hadoop.hdds.scm.pipeline.SCMPipelineManager.destroyPipeline(SCMPipelineManager.java:409)
	at org.apache.hadoop.hdds.scm.pipeline.SCMPipelineManager.lambda$finalizeAndDestroyPipeline$0(SCMPipelineManager.java:318)
	at org.apache.hadoop.utils.Scheduler.lambda$schedule$1(Scheduler.java:68)
	at java.util.concurrent.Executors$RunnableAdapter.call(Executors.java:511)
	at java.util.concurrent.FutureTask.run(FutureTask.java:266)
	at java.util.concurrent.ScheduledThreadPoolExecutor$ScheduledFutureTask.access$201(ScheduledThreadPoolExecutor.java:180)
	at java.util.concurrent.ScheduledThreadPoolExecutor$ScheduledFutureTask.run(ScheduledThreadPoolExecutor.java:293)
	at java.util.concurrent.ThreadPoolExecutor.runWorker(ThreadPoolExecutor.java:1149)
	at java.util.concurrent.ThreadPoolExecutor$Worker.run(ThreadPoolExecutor.java:624)
	at java.lang.Thread.run(Thread.java:748)
2019-09-11 10:57:51,501 [grpc-default-executor-0] INFO  client.GrpcClientProtocolClient (GrpcClientProtocolClient.java:onNext(264)) - client-95694700298B->08f1fccb-3813-4a19-b386-9d1a73d37d0e: receive RaftClientReply:client-95694700298B->08f1fccb-3813-4a19-b386-9d1a73d37d0e@group-8D9933079AAA, cid=191, FAILED org.apache.ratis.protocol.NotLeaderException: Server 08f1fccb-3813-4a19-b386-9d1a73d37d0e@group-8D9933079AAA is not the leader 75ec484c-7743-415c-a891-044da79f6b4d:192.168.69.96:41248, logIndex=0, commits[08f1fccb-3813-4a19-b386-9d1a73d37d0e:c75, 4664729b-c9fa-423e-9516-a47fa5640f67:c74, 75ec484c-7743-415c-a891-044da79f6b4d:c75]
2019-09-11 10:57:51,885 [java.util.concurrent.ThreadPoolExecutor$Worker@fabb77[State = -1, empty queue]] WARN  server.GrpcLogAppender (GrpcLogAppender.java:timeoutAppendRequest(200)) - 75ec484c-7743-415c-a891-044da79f6b4d@group-8D9933079AAA->08f1fccb-3813-4a19-b386-9d1a73d37d0e-GrpcLogAppender: appendEntries Timeout, request=75ec484c-7743-415c-a891-044da79f6b4d->08f1fccb-3813-4a19-b386-9d1a73d37d0e#159-t1, previous=(t:1, i:79), leaderCommit=75, initializing? false, entries: <empty>
2019-09-11 10:57:51,885 [java.util.concurrent.ThreadPoolExecutor$Worker@4b358f7e[State = -1, empty queue]] WARN  server.GrpcLogAppender (GrpcLogAppender.java:timeoutAppendRequest(200)) - 75ec484c-7743-415c-a891-044da79f6b4d@group-8D9933079AAA->4664729b-c9fa-423e-9516-a47fa5640f67-GrpcLogAppender: appendEntries Timeout, request=75ec484c-7743-415c-a891-044da79f6b4d->4664729b-c9fa-423e-9516-a47fa5640f67#159-t1, previous=(t:1, i:79), leaderCommit=75, initializing? false, entries: <empty>
2019-09-11 10:57:52,244 [grpc-default-executor-0] INFO  impl.RaftServerProxy (RaftServerProxy.java:remove(95)) - 2567324e-9700-4950-ac37-98ef668bcfff: remove group-17832C0C68B9:null
2019-09-11 10:57:52,248 [RatisPipelineUtilsThread] WARN  pipeline.RatisPipelineUtils (RatisPipelineUtils.java:destroyPipeline(66)) - Pipeline destroy failed for pipeline=PipelineID=611d975d-381d-4bb5-be57-17832c0c68b9 dn=2567324e-9700-4950-ac37-98ef668bcfff{ip: 192.168.69.96, host: pr-hdds-1982-decom-states-q64lx-3787986432, networkLocation: /default-rack, certSerialId: null}
2019-09-11 10:57:52,251 [grpc-default-executor-0] INFO  impl.RaftServerProxy (RaftServerProxy.java:remove(95)) - 2759b58a-2fbd-4e45-94a8-47799d948184: remove group-17832C0C68B9:null
2019-09-11 10:57:52,253 [RatisPipelineUtilsThread] WARN  pipeline.RatisPipelineUtils (RatisPipelineUtils.java:destroyPipeline(66)) - Pipeline destroy failed for pipeline=PipelineID=611d975d-381d-4bb5-be57-17832c0c68b9 dn=2759b58a-2fbd-4e45-94a8-47799d948184{ip: 192.168.69.96, host: pr-hdds-1982-decom-states-q64lx-3787986432, networkLocation: /default-rack, certSerialId: null}
2019-09-11 10:57:52,255 [grpc-default-executor-0] INFO  impl.RaftServerProxy (RaftServerProxy.java:remove(95)) - 877608bb-19c4-4d8c-8958-a78beaef70b4: remove group-17832C0C68B9:null
2019-09-11 10:57:52,257 [RatisPipelineUtilsThread] WARN  pipeline.RatisPipelineUtils (RatisPipelineUtils.java:destroyPipeline(66)) - Pipeline destroy failed for pipeline=PipelineID=611d975d-381d-4bb5-be57-17832c0c68b9 dn=877608bb-19c4-4d8c-8958-a78beaef70b4{ip: 192.168.69.96, host: pr-hdds-1982-decom-states-q64lx-3787986432, networkLocation: /default-rack, certSerialId: null}
2019-09-11 10:57:52,258 [RatisPipelineUtilsThread] ERROR pipeline.SCMPipelineManager (Scheduler.java:lambda$schedule$1(70)) - Destroy pipeline failed for pipeline:Pipeline[ Id: 611d975d-381d-4bb5-be57-17832c0c68b9, Nodes: 2567324e-9700-4950-ac37-98ef668bcfff{ip: 192.168.69.96, host: pr-hdds-1982-decom-states-q64lx-3787986432, networkLocation: /default-rack, certSerialId: null}2759b58a-2fbd-4e45-94a8-47799d948184{ip: 192.168.69.96, host: pr-hdds-1982-decom-states-q64lx-3787986432, networkLocation: /default-rack, certSerialId: null}877608bb-19c4-4d8c-8958-a78beaef70b4{ip: 192.168.69.96, host: pr-hdds-1982-decom-states-q64lx-3787986432, networkLocation: /default-rack, certSerialId: null}, Type:RATIS, Factor:THREE, State:CLOSED]
org.apache.hadoop.hdds.scm.pipeline.PipelineNotFoundException: PipelineID=611d975d-381d-4bb5-be57-17832c0c68b9 not found
	at org.apache.hadoop.hdds.scm.pipeline.PipelineStateMap.getPipeline(PipelineStateMap.java:132)
	at org.apache.hadoop.hdds.scm.pipeline.PipelineStateMap.removePipeline(PipelineStateMap.java:322)
	at org.apache.hadoop.hdds.scm.pipeline.PipelineStateManager.removePipeline(PipelineStateManager.java:107)
	at org.apache.hadoop.hdds.scm.pipeline.SCMPipelineManager.removePipeline(SCMPipelineManager.java:423)
	at org.apache.hadoop.hdds.scm.pipeline.SCMPipelineManager.destroyPipeline(SCMPipelineManager.java:409)
	at org.apache.hadoop.hdds.scm.pipeline.SCMPipelineManager.lambda$finalizeAndDestroyPipeline$0(SCMPipelineManager.java:318)
	at org.apache.hadoop.utils.Scheduler.lambda$schedule$1(Scheduler.java:68)
	at java.util.concurrent.Executors$RunnableAdapter.call(Executors.java:511)
	at java.util.concurrent.FutureTask.run(FutureTask.java:266)
	at java.util.concurrent.ScheduledThreadPoolExecutor$ScheduledFutureTask.access$201(ScheduledThreadPoolExecutor.java:180)
	at java.util.concurrent.ScheduledThreadPoolExecutor$ScheduledFutureTask.run(ScheduledThreadPoolExecutor.java:293)
	at java.util.concurrent.ThreadPoolExecutor.runWorker(ThreadPoolExecutor.java:1149)
	at java.util.concurrent.ThreadPoolExecutor$Worker.run(ThreadPoolExecutor.java:624)
	at java.lang.Thread.run(Thread.java:748)
2019-09-11 10:57:54,385 [java.util.concurrent.ThreadPoolExecutor$Worker@4b358f7e[State = -1, empty queue]] WARN  server.GrpcLogAppender (GrpcLogAppender.java:timeoutAppendRequest(200)) - 75ec484c-7743-415c-a891-044da79f6b4d@group-8D9933079AAA->4664729b-c9fa-423e-9516-a47fa5640f67-GrpcLogAppender: appendEntries Timeout, request=75ec484c-7743-415c-a891-044da79f6b4d->4664729b-c9fa-423e-9516-a47fa5640f67#160-t1, previous=(t:1, i:79), leaderCommit=75, initializing? false, entries: <empty>
2019-09-11 10:57:54,385 [java.util.concurrent.ThreadPoolExecutor$Worker@fabb77[State = -1, empty queue]] WARN  server.GrpcLogAppender (GrpcLogAppender.java:timeoutAppendRequest(200)) - 75ec484c-7743-415c-a891-044da79f6b4d@group-8D9933079AAA->08f1fccb-3813-4a19-b386-9d1a73d37d0e-GrpcLogAppender: appendEntries Timeout, request=75ec484c-7743-415c-a891-044da79f6b4d->08f1fccb-3813-4a19-b386-9d1a73d37d0e#160-t1, previous=(t:1, i:79), leaderCommit=75, initializing? false, entries: <empty>
2019-09-11 10:57:55,249 [grpc-default-executor-7] INFO  impl.RaftServerProxy (RaftServerProxy.java:remove(95)) - 2567324e-9700-4950-ac37-98ef668bcfff: remove group-17832C0C68B9:null
2019-09-11 10:57:55,254 [RatisPipelineUtilsThread] WARN  pipeline.RatisPipelineUtils (RatisPipelineUtils.java:destroyPipeline(66)) - Pipeline destroy failed for pipeline=PipelineID=611d975d-381d-4bb5-be57-17832c0c68b9 dn=2567324e-9700-4950-ac37-98ef668bcfff{ip: 192.168.69.96, host: pr-hdds-1982-decom-states-q64lx-3787986432, networkLocation: /default-rack, certSerialId: null}
2019-09-11 10:57:55,257 [grpc-default-executor-7] INFO  impl.RaftServerProxy (RaftServerProxy.java:remove(95)) - 2759b58a-2fbd-4e45-94a8-47799d948184: remove group-17832C0C68B9:null
2019-09-11 10:57:55,259 [RatisPipelineUtilsThread] WARN  pipeline.RatisPipelineUtils (RatisPipelineUtils.java:destroyPipeline(66)) - Pipeline destroy failed for pipeline=PipelineID=611d975d-381d-4bb5-be57-17832c0c68b9 dn=2759b58a-2fbd-4e45-94a8-47799d948184{ip: 192.168.69.96, host: pr-hdds-1982-decom-states-q64lx-3787986432, networkLocation: /default-rack, certSerialId: null}
2019-09-11 10:57:55,262 [grpc-default-executor-7] INFO  impl.RaftServerProxy (RaftServerProxy.java:remove(95)) - 877608bb-19c4-4d8c-8958-a78beaef70b4: remove group-17832C0C68B9:null
2019-09-11 10:57:55,264 [RatisPipelineUtilsThread] WARN  pipeline.RatisPipelineUtils (RatisPipelineUtils.java:destroyPipeline(66)) - Pipeline destroy failed for pipeline=PipelineID=611d975d-381d-4bb5-be57-17832c0c68b9 dn=877608bb-19c4-4d8c-8958-a78beaef70b4{ip: 192.168.69.96, host: pr-hdds-1982-decom-states-q64lx-3787986432, networkLocation: /default-rack, certSerialId: null}
2019-09-11 10:57:55,264 [RatisPipelineUtilsThread] ERROR pipeline.SCMPipelineManager (Scheduler.java:lambda$schedule$1(70)) - Destroy pipeline failed for pipeline:Pipeline[ Id: 611d975d-381d-4bb5-be57-17832c0c68b9, Nodes: 2567324e-9700-4950-ac37-98ef668bcfff{ip: 192.168.69.96, host: pr-hdds-1982-decom-states-q64lx-3787986432, networkLocation: /default-rack, certSerialId: null}2759b58a-2fbd-4e45-94a8-47799d948184{ip: 192.168.69.96, host: pr-hdds-1982-decom-states-q64lx-3787986432, networkLocation: /default-rack, certSerialId: null}877608bb-19c4-4d8c-8958-a78beaef70b4{ip: 192.168.69.96, host: pr-hdds-1982-decom-states-q64lx-3787986432, networkLocation: /default-rack, certSerialId: null}, Type:RATIS, Factor:THREE, State:CLOSED]
org.apache.hadoop.hdds.scm.pipeline.PipelineNotFoundException: PipelineID=611d975d-381d-4bb5-be57-17832c0c68b9 not found
	at org.apache.hadoop.hdds.scm.pipeline.PipelineStateMap.getPipeline(PipelineStateMap.java:132)
	at org.apache.hadoop.hdds.scm.pipeline.PipelineStateMap.removePipeline(PipelineStateMap.java:322)
	at org.apache.hadoop.hdds.scm.pipeline.PipelineStateManager.removePipeline(PipelineStateManager.java:107)
	at org.apache.hadoop.hdds.scm.pipeline.SCMPipelineManager.removePipeline(SCMPipelineManager.java:423)
	at org.apache.hadoop.hdds.scm.pipeline.SCMPipelineManager.destroyPipeline(SCMPipelineManager.java:409)
	at org.apache.hadoop.hdds.scm.pipeline.SCMPipelineManager.lambda$finalizeAndDestroyPipeline$0(SCMPipelineManager.java:318)
	at org.apache.hadoop.utils.Scheduler.lambda$schedule$1(Scheduler.java:68)
	at java.util.concurrent.Executors$RunnableAdapter.call(Executors.java:511)
	at java.util.concurrent.FutureTask.run(FutureTask.java:266)
	at java.util.concurrent.ScheduledThreadPoolExecutor$ScheduledFutureTask.access$201(ScheduledThreadPoolExecutor.java:180)
	at java.util.concurrent.ScheduledThreadPoolExecutor$ScheduledFutureTask.run(ScheduledThreadPoolExecutor.java:293)
	at java.util.concurrent.ThreadPoolExecutor.runWorker(ThreadPoolExecutor.java:1149)
	at java.util.concurrent.ThreadPoolExecutor$Worker.run(ThreadPoolExecutor.java:624)
	at java.lang.Thread.run(Thread.java:748)
2019-09-11 10:57:56,379 [75ec484c-7743-415c-a891-044da79f6b4d@group-8D9933079AAA-SegmentedRaftLogWorker] WARN  segmented.SegmentedRaftLogWorker (SegmentedRaftLogWorker.java:getFromFuture(90)) - Timeout 1/~
org.apache.ratis.protocol.TimeoutIOException: Timeout 10s: WriteLog:76: (t:1, i:76), STATEMACHINELOGENTRY, client-95694700298B, cid=191-writeStateMachineData
	at org.apache.ratis.util.IOUtils.getFromFuture(IOUtils.java:87)
	at org.apache.ratis.server.raftlog.segmented.SegmentedRaftLogWorker$StateMachineDataPolicy.getFromFuture(SegmentedRaftLogWorker.java:87)
	at org.apache.ratis.server.raftlog.segmented.SegmentedRaftLogWorker$WriteLog.execute(SegmentedRaftLogWorker.java:477)
	at org.apache.ratis.server.raftlog.segmented.SegmentedRaftLogWorker.run(SegmentedRaftLogWorker.java:289)
	at java.lang.Thread.run(Thread.java:748)
Caused by: java.util.concurrent.TimeoutException
	at java.util.concurrent.CompletableFuture.timedGet(CompletableFuture.java:1771)
	at java.util.concurrent.CompletableFuture.get(CompletableFuture.java:1915)
	at org.apache.ratis.util.IOUtils.getFromFuture(IOUtils.java:79)
	... 4 more
2019-09-11 10:57:56,382 [08f1fccb-3813-4a19-b386-9d1a73d37d0e@group-8D9933079AAA-SegmentedRaftLogWorker] WARN  segmented.SegmentedRaftLogWorker (SegmentedRaftLogWorker.java:getFromFuture(90)) - Timeout 1/~
org.apache.ratis.protocol.TimeoutIOException: Timeout 10s: WriteLog:76: (t:1, i:76), STATEMACHINELOGENTRY, client-95694700298B, cid=191-writeStateMachineData
	at org.apache.ratis.util.IOUtils.getFromFuture(IOUtils.java:87)
	at org.apache.ratis.server.raftlog.segmented.SegmentedRaftLogWorker$StateMachineDataPolicy.getFromFuture(SegmentedRaftLogWorker.java:87)
	at org.apache.ratis.server.raftlog.segmented.SegmentedRaftLogWorker$WriteLog.execute(SegmentedRaftLogWorker.java:477)
	at org.apache.ratis.server.raftlog.segmented.SegmentedRaftLogWorker.run(SegmentedRaftLogWorker.java:289)
	at java.lang.Thread.run(Thread.java:748)
Caused by: java.util.concurrent.TimeoutException
	at java.util.concurrent.CompletableFuture.timedGet(CompletableFuture.java:1771)
	at java.util.concurrent.CompletableFuture.get(CompletableFuture.java:1915)
	at org.apache.ratis.util.IOUtils.getFromFuture(IOUtils.java:79)
	... 4 more
2019-09-11 10:57:56,382 [4664729b-c9fa-423e-9516-a47fa5640f67@group-8D9933079AAA-SegmentedRaftLogWorker] WARN  segmented.SegmentedRaftLogWorker (SegmentedRaftLogWorker.java:getFromFuture(90)) - Timeout 1/~
org.apache.ratis.protocol.TimeoutIOException: Timeout 10s: WriteLog:76: (t:1, i:76), STATEMACHINELOGENTRY, client-95694700298B, cid=191-writeStateMachineData
	at org.apache.ratis.util.IOUtils.getFromFuture(IOUtils.java:87)
	at org.apache.ratis.server.raftlog.segmented.SegmentedRaftLogWorker$StateMachineDataPolicy.getFromFuture(SegmentedRaftLogWorker.java:87)
	at org.apache.ratis.server.raftlog.segmented.SegmentedRaftLogWorker$WriteLog.execute(SegmentedRaftLogWorker.java:477)
	at org.apache.ratis.server.raftlog.segmented.SegmentedRaftLogWorker.run(SegmentedRaftLogWorker.java:289)
	at java.lang.Thread.run(Thread.java:748)
Caused by: java.util.concurrent.TimeoutException
	at java.util.concurrent.CompletableFuture.timedGet(CompletableFuture.java:1771)
	at java.util.concurrent.CompletableFuture.get(CompletableFuture.java:1915)
	at org.apache.ratis.util.IOUtils.getFromFuture(IOUtils.java:79)
	... 4 more
2019-09-11 10:57:56,559 [grpc-default-executor-7] INFO  client.GrpcClientProtocolClient (GrpcClientProtocolClient.java:onNext(264)) - client-95694700298B->4664729b-c9fa-423e-9516-a47fa5640f67: receive RaftClientReply:client-95694700298B->4664729b-c9fa-423e-9516-a47fa5640f67@group-8D9933079AAA, cid=191, FAILED org.apache.ratis.protocol.NotLeaderException: Server 4664729b-c9fa-423e-9516-a47fa5640f67@group-8D9933079AAA is not the leader 75ec484c-7743-415c-a891-044da79f6b4d:192.168.69.96:41248, logIndex=0, commits[4664729b-c9fa-423e-9516-a47fa5640f67:c75, 08f1fccb-3813-4a19-b386-9d1a73d37d0e:c74, 75ec484c-7743-415c-a891-044da79f6b4d:c75]
2019-09-11 10:57:56,886 [java.util.concurrent.ThreadPoolExecutor$Worker@fabb77[State = -1, empty queue]] WARN  server.GrpcLogAppender (GrpcLogAppender.java:timeoutAppendRequest(200)) - 75ec484c-7743-415c-a891-044da79f6b4d@group-8D9933079AAA->08f1fccb-3813-4a19-b386-9d1a73d37d0e-GrpcLogAppender: appendEntries Timeout, request=75ec484c-7743-415c-a891-044da79f6b4d->08f1fccb-3813-4a19-b386-9d1a73d37d0e#161-t1, previous=(t:1, i:79), leaderCommit=75, initializing? false, entries: <empty>
2019-09-11 10:57:56,886 [java.util.concurrent.ThreadPoolExecutor$Worker@4b358f7e[State = -1, empty queue]] WARN  server.GrpcLogAppender (GrpcLogAppender.java:timeoutAppendRequest(200)) - 75ec484c-7743-415c-a891-044da79f6b4d@group-8D9933079AAA->4664729b-c9fa-423e-9516-a47fa5640f67-GrpcLogAppender: appendEntries Timeout, request=75ec484c-7743-415c-a891-044da79f6b4d->4664729b-c9fa-423e-9516-a47fa5640f67#161-t1, previous=(t:1, i:79), leaderCommit=75, initializing? false, entries: <empty>
2019-09-11 10:57:57,243 [grpc-default-executor-7] INFO  impl.RaftServerProxy (RaftServerProxy.java:remove(95)) - 2567324e-9700-4950-ac37-98ef668bcfff: remove group-17832C0C68B9:null
2019-09-11 10:57:57,246 [RatisPipelineUtilsThread] WARN  pipeline.RatisPipelineUtils (RatisPipelineUtils.java:destroyPipeline(66)) - Pipeline destroy failed for pipeline=PipelineID=611d975d-381d-4bb5-be57-17832c0c68b9 dn=2567324e-9700-4950-ac37-98ef668bcfff{ip: 192.168.69.96, host: pr-hdds-1982-decom-states-q64lx-3787986432, networkLocation: /default-rack, certSerialId: null}
2019-09-11 10:57:57,248 [grpc-default-executor-7] INFO  impl.RaftServerProxy (RaftServerProxy.java:remove(95)) - 2759b58a-2fbd-4e45-94a8-47799d948184: remove group-17832C0C68B9:null
2019-09-11 10:57:57,250 [RatisPipelineUtilsThread] WARN  pipeline.RatisPipelineUtils (RatisPipelineUtils.java:destroyPipeline(66)) - Pipeline destroy failed for pipeline=PipelineID=611d975d-381d-4bb5-be57-17832c0c68b9 dn=2759b58a-2fbd-4e45-94a8-47799d948184{ip: 192.168.69.96, host: pr-hdds-1982-decom-states-q64lx-3787986432, networkLocation: /default-rack, certSerialId: null}
2019-09-11 10:57:57,252 [grpc-default-executor-7] INFO  impl.RaftServerProxy (RaftServerProxy.java:remove(95)) - 877608bb-19c4-4d8c-8958-a78beaef70b4: remove group-17832C0C68B9:null
2019-09-11 10:57:57,254 [RatisPipelineUtilsThread] WARN  pipeline.RatisPipelineUtils (RatisPipelineUtils.java:destroyPipeline(66)) - Pipeline destroy failed for pipeline=PipelineID=611d975d-381d-4bb5-be57-17832c0c68b9 dn=877608bb-19c4-4d8c-8958-a78beaef70b4{ip: 192.168.69.96, host: pr-hdds-1982-decom-states-q64lx-3787986432, networkLocation: /default-rack, certSerialId: null}
2019-09-11 10:57:57,254 [RatisPipelineUtilsThread] ERROR pipeline.SCMPipelineManager (Scheduler.java:lambda$schedule$1(70)) - Destroy pipeline failed for pipeline:Pipeline[ Id: 611d975d-381d-4bb5-be57-17832c0c68b9, Nodes: 2567324e-9700-4950-ac37-98ef668bcfff{ip: 192.168.69.96, host: pr-hdds-1982-decom-states-q64lx-3787986432, networkLocation: /default-rack, certSerialId: null}2759b58a-2fbd-4e45-94a8-47799d948184{ip: 192.168.69.96, host: pr-hdds-1982-decom-states-q64lx-3787986432, networkLocation: /default-rack, certSerialId: null}877608bb-19c4-4d8c-8958-a78beaef70b4{ip: 192.168.69.96, host: pr-hdds-1982-decom-states-q64lx-3787986432, networkLocation: /default-rack, certSerialId: null}, Type:RATIS, Factor:THREE, State:CLOSED]
org.apache.hadoop.hdds.scm.pipeline.PipelineNotFoundException: PipelineID=611d975d-381d-4bb5-be57-17832c0c68b9 not found
	at org.apache.hadoop.hdds.scm.pipeline.PipelineStateMap.getPipeline(PipelineStateMap.java:132)
	at org.apache.hadoop.hdds.scm.pipeline.PipelineStateMap.removePipeline(PipelineStateMap.java:322)
	at org.apache.hadoop.hdds.scm.pipeline.PipelineStateManager.removePipeline(PipelineStateManager.java:107)
	at org.apache.hadoop.hdds.scm.pipeline.SCMPipelineManager.removePipeline(SCMPipelineManager.java:423)
	at org.apache.hadoop.hdds.scm.pipeline.SCMPipelineManager.destroyPipeline(SCMPipelineManager.java:409)
	at org.apache.hadoop.hdds.scm.pipeline.SCMPipelineManager.lambda$finalizeAndDestroyPipeline$0(SCMPipelineManager.java:318)
	at org.apache.hadoop.utils.Scheduler.lambda$schedule$1(Scheduler.java:68)
	at java.util.concurrent.Executors$RunnableAdapter.call(Executors.java:511)
	at java.util.concurrent.FutureTask.run(FutureTask.java:266)
	at java.util.concurrent.ScheduledThreadPoolExecutor$ScheduledFutureTask.access$201(ScheduledThreadPoolExecutor.java:180)
	at java.util.concurrent.ScheduledThreadPoolExecutor$ScheduledFutureTask.run(ScheduledThreadPoolExecutor.java:293)
	at java.util.concurrent.ThreadPoolExecutor.runWorker(ThreadPoolExecutor.java:1149)
	at java.util.concurrent.ThreadPoolExecutor$Worker.run(ThreadPoolExecutor.java:624)
	at java.lang.Thread.run(Thread.java:748)
2019-09-11 10:57:59,387 [java.util.concurrent.ThreadPoolExecutor$Worker@fabb77[State = -1, empty queue]] WARN  server.GrpcLogAppender (GrpcLogAppender.java:timeoutAppendRequest(200)) - 75ec484c-7743-415c-a891-044da79f6b4d@group-8D9933079AAA->08f1fccb-3813-4a19-b386-9d1a73d37d0e-GrpcLogAppender: appendEntries Timeout, request=75ec484c-7743-415c-a891-044da79f6b4d->08f1fccb-3813-4a19-b386-9d1a73d37d0e#162-t1, previous=(t:1, i:79), leaderCommit=75, initializing? false, entries: <empty>
2019-09-11 10:57:59,387 [java.util.concurrent.ThreadPoolExecutor$Worker@4b358f7e[State = -1, empty queue]] WARN  server.GrpcLogAppender (GrpcLogAppender.java:timeoutAppendRequest(200)) - 75ec484c-7743-415c-a891-044da79f6b4d@group-8D9933079AAA->4664729b-c9fa-423e-9516-a47fa5640f67-GrpcLogAppender: appendEntries Timeout, request=75ec484c-7743-415c-a891-044da79f6b4d->4664729b-c9fa-423e-9516-a47fa5640f67#162-t1, previous=(t:1, i:79), leaderCommit=75, initializing? false, entries: <empty>
2019-09-11 10:58:00,248 [grpc-default-executor-7] INFO  impl.RaftServerProxy (RaftServerProxy.java:remove(95)) - 2567324e-9700-4950-ac37-98ef668bcfff: remove group-17832C0C68B9:null
2019-09-11 10:58:00,252 [RatisPipelineUtilsThread] WARN  pipeline.RatisPipelineUtils (RatisPipelineUtils.java:destroyPipeline(66)) - Pipeline destroy failed for pipeline=PipelineID=611d975d-381d-4bb5-be57-17832c0c68b9 dn=2567324e-9700-4950-ac37-98ef668bcfff{ip: 192.168.69.96, host: pr-hdds-1982-decom-states-q64lx-3787986432, networkLocation: /default-rack, certSerialId: null}
2019-09-11 10:58:00,254 [grpc-default-executor-7] INFO  impl.RaftServerProxy (RaftServerProxy.java:remove(95)) - 2759b58a-2fbd-4e45-94a8-47799d948184: remove group-17832C0C68B9:null
2019-09-11 10:58:00,256 [RatisPipelineUtilsThread] WARN  pipeline.RatisPipelineUtils (RatisPipelineUtils.java:destroyPipeline(66)) - Pipeline destroy failed for pipeline=PipelineID=611d975d-381d-4bb5-be57-17832c0c68b9 dn=2759b58a-2fbd-4e45-94a8-47799d948184{ip: 192.168.69.96, host: pr-hdds-1982-decom-states-q64lx-3787986432, networkLocation: /default-rack, certSerialId: null}
2019-09-11 10:58:00,258 [grpc-default-executor-7] INFO  impl.RaftServerProxy (RaftServerProxy.java:remove(95)) - 877608bb-19c4-4d8c-8958-a78beaef70b4: remove group-17832C0C68B9:null
2019-09-11 10:58:00,260 [RatisPipelineUtilsThread] WARN  pipeline.RatisPipelineUtils (RatisPipelineUtils.java:destroyPipeline(66)) - Pipeline destroy failed for pipeline=PipelineID=611d975d-381d-4bb5-be57-17832c0c68b9 dn=877608bb-19c4-4d8c-8958-a78beaef70b4{ip: 192.168.69.96, host: pr-hdds-1982-decom-states-q64lx-3787986432, networkLocation: /default-rack, certSerialId: null}
2019-09-11 10:58:00,261 [RatisPipelineUtilsThread] ERROR pipeline.SCMPipelineManager (Scheduler.java:lambda$schedule$1(70)) - Destroy pipeline failed for pipeline:Pipeline[ Id: 611d975d-381d-4bb5-be57-17832c0c68b9, Nodes: 2567324e-9700-4950-ac37-98ef668bcfff{ip: 192.168.69.96, host: pr-hdds-1982-decom-states-q64lx-3787986432, networkLocation: /default-rack, certSerialId: null}2759b58a-2fbd-4e45-94a8-47799d948184{ip: 192.168.69.96, host: pr-hdds-1982-decom-states-q64lx-3787986432, networkLocation: /default-rack, certSerialId: null}877608bb-19c4-4d8c-8958-a78beaef70b4{ip: 192.168.69.96, host: pr-hdds-1982-decom-states-q64lx-3787986432, networkLocation: /default-rack, certSerialId: null}, Type:RATIS, Factor:THREE, State:CLOSED]
org.apache.hadoop.hdds.scm.pipeline.PipelineNotFoundException: PipelineID=611d975d-381d-4bb5-be57-17832c0c68b9 not found
	at org.apache.hadoop.hdds.scm.pipeline.PipelineStateMap.getPipeline(PipelineStateMap.java:132)
	at org.apache.hadoop.hdds.scm.pipeline.PipelineStateMap.removePipeline(PipelineStateMap.java:322)
	at org.apache.hadoop.hdds.scm.pipeline.PipelineStateManager.removePipeline(PipelineStateManager.java:107)
	at org.apache.hadoop.hdds.scm.pipeline.SCMPipelineManager.removePipeline(SCMPipelineManager.java:423)
	at org.apache.hadoop.hdds.scm.pipeline.SCMPipelineManager.destroyPipeline(SCMPipelineManager.java:409)
	at org.apache.hadoop.hdds.scm.pipeline.SCMPipelineManager.lambda$finalizeAndDestroyPipeline$0(SCMPipelineManager.java:318)
	at org.apache.hadoop.utils.Scheduler.lambda$schedule$1(Scheduler.java:68)
	at java.util.concurrent.Executors$RunnableAdapter.call(Executors.java:511)
	at java.util.concurrent.FutureTask.run(FutureTask.java:266)
	at java.util.concurrent.ScheduledThreadPoolExecutor$ScheduledFutureTask.access$201(ScheduledThreadPoolExecutor.java:180)
	at java.util.concurrent.ScheduledThreadPoolExecutor$ScheduledFutureTask.run(ScheduledThreadPoolExecutor.java:293)
	at java.util.concurrent.ThreadPoolExecutor.runWorker(ThreadPoolExecutor.java:1149)
	at java.util.concurrent.ThreadPoolExecutor$Worker.run(ThreadPoolExecutor.java:624)
	at java.lang.Thread.run(Thread.java:748)
2019-09-11 10:58:01,635 [grpc-default-executor-6] INFO  client.GrpcClientProtocolClient (GrpcClientProtocolClient.java:onNext(264)) - client-95694700298B->4664729b-c9fa-423e-9516-a47fa5640f67: receive RaftClientReply:client-95694700298B->4664729b-c9fa-423e-9516-a47fa5640f67@group-8D9933079AAA, cid=191, FAILED org.apache.ratis.protocol.NotLeaderException: Server 4664729b-c9fa-423e-9516-a47fa5640f67@group-8D9933079AAA is not the leader 75ec484c-7743-415c-a891-044da79f6b4d:192.168.69.96:41248, logIndex=0, commits[4664729b-c9fa-423e-9516-a47fa5640f67:c75, 08f1fccb-3813-4a19-b386-9d1a73d37d0e:c74, 75ec484c-7743-415c-a891-044da79f6b4d:c75]
2019-09-11 10:58:01,888 [java.util.concurrent.ThreadPoolExecutor$Worker@fabb77[State = -1, empty queue]] WARN  server.GrpcLogAppender (GrpcLogAppender.java:timeoutAppendRequest(200)) - 75ec484c-7743-415c-a891-044da79f6b4d@group-8D9933079AAA->08f1fccb-3813-4a19-b386-9d1a73d37d0e-GrpcLogAppender: appendEntries Timeout, request=75ec484c-7743-415c-a891-044da79f6b4d->08f1fccb-3813-4a19-b386-9d1a73d37d0e#163-t1, previous=(t:1, i:79), leaderCommit=75, initializing? false, entries: <empty>
2019-09-11 10:58:01,888 [java.util.concurrent.ThreadPoolExecutor$Worker@4b358f7e[State = -1, empty queue]] WARN  server.GrpcLogAppender (GrpcLogAppender.java:timeoutAppendRequest(200)) - 75ec484c-7743-415c-a891-044da79f6b4d@group-8D9933079AAA->4664729b-c9fa-423e-9516-a47fa5640f67-GrpcLogAppender: appendEntries Timeout, request=75ec484c-7743-415c-a891-044da79f6b4d->4664729b-c9fa-423e-9516-a47fa5640f67#163-t1, previous=(t:1, i:79), leaderCommit=75, initializing? false, entries: <empty>
2019-09-11 10:58:02,246 [grpc-default-executor-0] INFO  impl.RaftServerProxy (RaftServerProxy.java:remove(95)) - 2567324e-9700-4950-ac37-98ef668bcfff: remove group-17832C0C68B9:null
2019-09-11 10:58:02,250 [RatisPipelineUtilsThread] WARN  pipeline.RatisPipelineUtils (RatisPipelineUtils.java:destroyPipeline(66)) - Pipeline destroy failed for pipeline=PipelineID=611d975d-381d-4bb5-be57-17832c0c68b9 dn=2567324e-9700-4950-ac37-98ef668bcfff{ip: 192.168.69.96, host: pr-hdds-1982-decom-states-q64lx-3787986432, networkLocation: /default-rack, certSerialId: null}
2019-09-11 10:58:02,254 [grpc-default-executor-0] INFO  impl.RaftServerProxy (RaftServerProxy.java:remove(95)) - 2759b58a-2fbd-4e45-94a8-47799d948184: remove group-17832C0C68B9:null
2019-09-11 10:58:02,256 [RatisPipelineUtilsThread] WARN  pipeline.RatisPipelineUtils (RatisPipelineUtils.java:destroyPipeline(66)) - Pipeline destroy failed for pipeline=PipelineID=611d975d-381d-4bb5-be57-17832c0c68b9 dn=2759b58a-2fbd-4e45-94a8-47799d948184{ip: 192.168.69.96, host: pr-hdds-1982-decom-states-q64lx-3787986432, networkLocation: /default-rack, certSerialId: null}
2019-09-11 10:58:02,257 [grpc-default-executor-0] INFO  impl.RaftServerProxy (RaftServerProxy.java:remove(95)) - 877608bb-19c4-4d8c-8958-a78beaef70b4: remove group-17832C0C68B9:null
2019-09-11 10:58:02,259 [RatisPipelineUtilsThread] WARN  pipeline.RatisPipelineUtils (RatisPipelineUtils.java:destroyPipeline(66)) - Pipeline destroy failed for pipeline=PipelineID=611d975d-381d-4bb5-be57-17832c0c68b9 dn=877608bb-19c4-4d8c-8958-a78beaef70b4{ip: 192.168.69.96, host: pr-hdds-1982-decom-states-q64lx-3787986432, networkLocation: /default-rack, certSerialId: null}
2019-09-11 10:58:02,260 [RatisPipelineUtilsThread] ERROR pipeline.SCMPipelineManager (Scheduler.java:lambda$schedule$1(70)) - Destroy pipeline failed for pipeline:Pipeline[ Id: 611d975d-381d-4bb5-be57-17832c0c68b9, Nodes: 2567324e-9700-4950-ac37-98ef668bcfff{ip: 192.168.69.96, host: pr-hdds-1982-decom-states-q64lx-3787986432, networkLocation: /default-rack, certSerialId: null}2759b58a-2fbd-4e45-94a8-47799d948184{ip: 192.168.69.96, host: pr-hdds-1982-decom-states-q64lx-3787986432, networkLocation: /default-rack, certSerialId: null}877608bb-19c4-4d8c-8958-a78beaef70b4{ip: 192.168.69.96, host: pr-hdds-1982-decom-states-q64lx-3787986432, networkLocation: /default-rack, certSerialId: null}, Type:RATIS, Factor:THREE, State:CLOSED]
org.apache.hadoop.hdds.scm.pipeline.PipelineNotFoundException: PipelineID=611d975d-381d-4bb5-be57-17832c0c68b9 not found
	at org.apache.hadoop.hdds.scm.pipeline.PipelineStateMap.getPipeline(PipelineStateMap.java:132)
	at org.apache.hadoop.hdds.scm.pipeline.PipelineStateMap.removePipeline(PipelineStateMap.java:322)
	at org.apache.hadoop.hdds.scm.pipeline.PipelineStateManager.removePipeline(PipelineStateManager.java:107)
	at org.apache.hadoop.hdds.scm.pipeline.SCMPipelineManager.removePipeline(SCMPipelineManager.java:423)
	at org.apache.hadoop.hdds.scm.pipeline.SCMPipelineManager.destroyPipeline(SCMPipelineManager.java:409)
	at org.apache.hadoop.hdds.scm.pipeline.SCMPipelineManager.lambda$finalizeAndDestroyPipeline$0(SCMPipelineManager.java:318)
	at org.apache.hadoop.utils.Scheduler.lambda$schedule$1(Scheduler.java:68)
	at java.util.concurrent.Executors$RunnableAdapter.call(Executors.java:511)
	at java.util.concurrent.FutureTask.run(FutureTask.java:266)
	at java.util.concurrent.ScheduledThreadPoolExecutor$ScheduledFutureTask.access$201(ScheduledThreadPoolExecutor.java:180)
	at java.util.concurrent.ScheduledThreadPoolExecutor$ScheduledFutureTask.run(ScheduledThreadPoolExecutor.java:293)
	at java.util.concurrent.ThreadPoolExecutor.runWorker(ThreadPoolExecutor.java:1149)
	at java.util.concurrent.ThreadPoolExecutor$Worker.run(ThreadPoolExecutor.java:624)
	at java.lang.Thread.run(Thread.java:748)
2019-09-11 10:58:04,389 [java.util.concurrent.ThreadPoolExecutor$Worker@fabb77[State = -1, empty queue]] WARN  server.GrpcLogAppender (GrpcLogAppender.java:timeoutAppendRequest(200)) - 75ec484c-7743-415c-a891-044da79f6b4d@group-8D9933079AAA->08f1fccb-3813-4a19-b386-9d1a73d37d0e-GrpcLogAppender: appendEntries Timeout, request=75ec484c-7743-415c-a891-044da79f6b4d->08f1fccb-3813-4a19-b386-9d1a73d37d0e#164-t1, previous=(t:1, i:79), leaderCommit=75, initializing? false, entries: <empty>
2019-09-11 10:58:04,389 [java.util.concurrent.ThreadPoolExecutor$Worker@4b358f7e[State = -1, empty queue]] WARN  server.GrpcLogAppender (GrpcLogAppender.java:timeoutAppendRequest(200)) - 75ec484c-7743-415c-a891-044da79f6b4d@group-8D9933079AAA->4664729b-c9fa-423e-9516-a47fa5640f67-GrpcLogAppender: appendEntries Timeout, request=75ec484c-7743-415c-a891-044da79f6b4d->4664729b-c9fa-423e-9516-a47fa5640f67#164-t1, previous=(t:1, i:79), leaderCommit=75, initializing? false, entries: <empty>
2019-09-11 10:58:05,251 [grpc-default-executor-6] INFO  impl.RaftServerProxy (RaftServerProxy.java:remove(95)) - 2567324e-9700-4950-ac37-98ef668bcfff: remove group-17832C0C68B9:null
2019-09-11 10:58:05,255 [RatisPipelineUtilsThread] WARN  pipeline.RatisPipelineUtils (RatisPipelineUtils.java:destroyPipeline(66)) - Pipeline destroy failed for pipeline=PipelineID=611d975d-381d-4bb5-be57-17832c0c68b9 dn=2567324e-9700-4950-ac37-98ef668bcfff{ip: 192.168.69.96, host: pr-hdds-1982-decom-states-q64lx-3787986432, networkLocation: /default-rack, certSerialId: null}
2019-09-11 10:58:05,258 [grpc-default-executor-6] INFO  impl.RaftServerProxy (RaftServerProxy.java:remove(95)) - 2759b58a-2fbd-4e45-94a8-47799d948184: remove group-17832C0C68B9:null
2019-09-11 10:58:05,260 [RatisPipelineUtilsThread] WARN  pipeline.RatisPipelineUtils (RatisPipelineUtils.java:destroyPipeline(66)) - Pipeline destroy failed for pipeline=PipelineID=611d975d-381d-4bb5-be57-17832c0c68b9 dn=2759b58a-2fbd-4e45-94a8-47799d948184{ip: 192.168.69.96, host: pr-hdds-1982-decom-states-q64lx-3787986432, networkLocation: /default-rack, certSerialId: null}
2019-09-11 10:58:05,263 [grpc-default-executor-6] INFO  impl.RaftServerProxy (RaftServerProxy.java:remove(95)) - 877608bb-19c4-4d8c-8958-a78beaef70b4: remove group-17832C0C68B9:null
2019-09-11 10:58:05,265 [RatisPipelineUtilsThread] WARN  pipeline.RatisPipelineUtils (RatisPipelineUtils.java:destroyPipeline(66)) - Pipeline destroy failed for pipeline=PipelineID=611d975d-381d-4bb5-be57-17832c0c68b9 dn=877608bb-19c4-4d8c-8958-a78beaef70b4{ip: 192.168.69.96, host: pr-hdds-1982-decom-states-q64lx-3787986432, networkLocation: /default-rack, certSerialId: null}
2019-09-11 10:58:05,265 [RatisPipelineUtilsThread] ERROR pipeline.SCMPipelineManager (Scheduler.java:lambda$schedule$1(70)) - Destroy pipeline failed for pipeline:Pipeline[ Id: 611d975d-381d-4bb5-be57-17832c0c68b9, Nodes: 2567324e-9700-4950-ac37-98ef668bcfff{ip: 192.168.69.96, host: pr-hdds-1982-decom-states-q64lx-3787986432, networkLocation: /default-rack, certSerialId: null}2759b58a-2fbd-4e45-94a8-47799d948184{ip: 192.168.69.96, host: pr-hdds-1982-decom-states-q64lx-3787986432, networkLocation: /default-rack, certSerialId: null}877608bb-19c4-4d8c-8958-a78beaef70b4{ip: 192.168.69.96, host: pr-hdds-1982-decom-states-q64lx-3787986432, networkLocation: /default-rack, certSerialId: null}, Type:RATIS, Factor:THREE, State:CLOSED]
org.apache.hadoop.hdds.scm.pipeline.PipelineNotFoundException: PipelineID=611d975d-381d-4bb5-be57-17832c0c68b9 not found
	at org.apache.hadoop.hdds.scm.pipeline.PipelineStateMap.getPipeline(PipelineStateMap.java:132)
	at org.apache.hadoop.hdds.scm.pipeline.PipelineStateMap.removePipeline(PipelineStateMap.java:322)
	at org.apache.hadoop.hdds.scm.pipeline.PipelineStateManager.removePipeline(PipelineStateManager.java:107)
	at org.apache.hadoop.hdds.scm.pipeline.SCMPipelineManager.removePipeline(SCMPipelineManager.java:423)
	at org.apache.hadoop.hdds.scm.pipeline.SCMPipelineManager.destroyPipeline(SCMPipelineManager.java:409)
	at org.apache.hadoop.hdds.scm.pipeline.SCMPipelineManager.lambda$finalizeAndDestroyPipeline$0(SCMPipelineManager.java:318)
	at org.apache.hadoop.utils.Scheduler.lambda$schedule$1(Scheduler.java:68)
	at java.util.concurrent.Executors$RunnableAdapter.call(Executors.java:511)
	at java.util.concurrent.FutureTask.run(FutureTask.java:266)
	at java.util.concurrent.ScheduledThreadPoolExecutor$ScheduledFutureTask.access$201(ScheduledThreadPoolExecutor.java:180)
	at java.util.concurrent.ScheduledThreadPoolExecutor$ScheduledFutureTask.run(ScheduledThreadPoolExecutor.java:293)
	at java.util.concurrent.ThreadPoolExecutor.runWorker(ThreadPoolExecutor.java:1149)
	at java.util.concurrent.ThreadPoolExecutor$Worker.run(ThreadPoolExecutor.java:624)
	at java.lang.Thread.run(Thread.java:748)
2019-09-11 10:58:06,381 [75ec484c-7743-415c-a891-044da79f6b4d@group-8D9933079AAA-SegmentedRaftLogWorker] WARN  segmented.SegmentedRaftLogWorker (SegmentedRaftLogWorker.java:getFromFuture(90)) - Timeout 2/~
org.apache.ratis.protocol.TimeoutIOException: Timeout 10s: WriteLog:76: (t:1, i:76), STATEMACHINELOGENTRY, client-95694700298B, cid=191-writeStateMachineData
	at org.apache.ratis.util.IOUtils.getFromFuture(IOUtils.java:87)
	at org.apache.ratis.server.raftlog.segmented.SegmentedRaftLogWorker$StateMachineDataPolicy.getFromFuture(SegmentedRaftLogWorker.java:87)
	at org.apache.ratis.server.raftlog.segmented.SegmentedRaftLogWorker$WriteLog.execute(SegmentedRaftLogWorker.java:477)
	at org.apache.ratis.server.raftlog.segmented.SegmentedRaftLogWorker.run(SegmentedRaftLogWorker.java:289)
	at java.lang.Thread.run(Thread.java:748)
Caused by: java.util.concurrent.TimeoutException
	at java.util.concurrent.CompletableFuture.timedGet(CompletableFuture.java:1771)
	at java.util.concurrent.CompletableFuture.get(CompletableFuture.java:1915)
	at org.apache.ratis.util.IOUtils.getFromFuture(IOUtils.java:79)
	... 4 more
2019-09-11 10:58:06,383 [08f1fccb-3813-4a19-b386-9d1a73d37d0e@group-8D9933079AAA-SegmentedRaftLogWorker] WARN  segmented.SegmentedRaftLogWorker (SegmentedRaftLogWorker.java:getFromFuture(90)) - Timeout 2/~
org.apache.ratis.protocol.TimeoutIOException: Timeout 10s: WriteLog:76: (t:1, i:76), STATEMACHINELOGENTRY, client-95694700298B, cid=191-writeStateMachineData
	at org.apache.ratis.util.IOUtils.getFromFuture(IOUtils.java:87)
	at org.apache.ratis.server.raftlog.segmented.SegmentedRaftLogWorker$StateMachineDataPolicy.getFromFuture(SegmentedRaftLogWorker.java:87)
	at org.apache.ratis.server.raftlog.segmented.SegmentedRaftLogWorker$WriteLog.execute(SegmentedRaftLogWorker.java:477)
	at org.apache.ratis.server.raftlog.segmented.SegmentedRaftLogWorker.run(SegmentedRaftLogWorker.java:289)
	at java.lang.Thread.run(Thread.java:748)
Caused by: java.util.concurrent.TimeoutException
	at java.util.concurrent.CompletableFuture.timedGet(CompletableFuture.java:1771)
	at java.util.concurrent.CompletableFuture.get(CompletableFuture.java:1915)
	at org.apache.ratis.util.IOUtils.getFromFuture(IOUtils.java:79)
	... 4 more
2019-09-11 10:58:06,383 [4664729b-c9fa-423e-9516-a47fa5640f67@group-8D9933079AAA-SegmentedRaftLogWorker] WARN  segmented.SegmentedRaftLogWorker (SegmentedRaftLogWorker.java:getFromFuture(90)) - Timeout 2/~
org.apache.ratis.protocol.TimeoutIOException: Timeout 10s: WriteLog:76: (t:1, i:76), STATEMACHINELOGENTRY, client-95694700298B, cid=191-writeStateMachineData
	at org.apache.ratis.util.IOUtils.getFromFuture(IOUtils.java:87)
	at org.apache.ratis.server.raftlog.segmented.SegmentedRaftLogWorker$StateMachineDataPolicy.getFromFuture(SegmentedRaftLogWorker.java:87)
	at org.apache.ratis.server.raftlog.segmented.SegmentedRaftLogWorker$WriteLog.execute(SegmentedRaftLogWorker.java:477)
	at org.apache.ratis.server.raftlog.segmented.SegmentedRaftLogWorker.run(SegmentedRaftLogWorker.java:289)
	at java.lang.Thread.run(Thread.java:748)
Caused by: java.util.concurrent.TimeoutException
	at java.util.concurrent.CompletableFuture.timedGet(CompletableFuture.java:1771)
	at java.util.concurrent.CompletableFuture.get(CompletableFuture.java:1915)
	at org.apache.ratis.util.IOUtils.getFromFuture(IOUtils.java:79)
	... 4 more
2019-09-11 10:58:06,684 [grpc-default-executor-6] INFO  client.GrpcClientProtocolClient (GrpcClientProtocolClient.java:onNext(264)) - client-95694700298B->4664729b-c9fa-423e-9516-a47fa5640f67: receive RaftClientReply:client-95694700298B->4664729b-c9fa-423e-9516-a47fa5640f67@group-8D9933079AAA, cid=191, FAILED org.apache.ratis.protocol.NotLeaderException: Server 4664729b-c9fa-423e-9516-a47fa5640f67@group-8D9933079AAA is not the leader 75ec484c-7743-415c-a891-044da79f6b4d:192.168.69.96:41248, logIndex=0, commits[4664729b-c9fa-423e-9516-a47fa5640f67:c75, 08f1fccb-3813-4a19-b386-9d1a73d37d0e:c74, 75ec484c-7743-415c-a891-044da79f6b4d:c75]
2019-09-11 10:58:06,889 [java.util.concurrent.ThreadPoolExecutor$Worker@4b358f7e[State = -1, empty queue]] WARN  server.GrpcLogAppender (GrpcLogAppender.java:timeoutAppendRequest(200)) - 75ec484c-7743-415c-a891-044da79f6b4d@group-8D9933079AAA->4664729b-c9fa-423e-9516-a47fa5640f67-GrpcLogAppender: appendEntries Timeout, request=75ec484c-7743-415c-a891-044da79f6b4d->4664729b-c9fa-423e-9516-a47fa5640f67#165-t1, previous=(t:1, i:79), leaderCommit=75, initializing? false, entries: <empty>
2019-09-11 10:58:06,889 [java.util.concurrent.ThreadPoolExecutor$Worker@fabb77[State = -1, empty queue]] WARN  server.GrpcLogAppender (GrpcLogAppender.java:timeoutAppendRequest(200)) - 75ec484c-7743-415c-a891-044da79f6b4d@group-8D9933079AAA->08f1fccb-3813-4a19-b386-9d1a73d37d0e-GrpcLogAppender: appendEntries Timeout, request=75ec484c-7743-415c-a891-044da79f6b4d->08f1fccb-3813-4a19-b386-9d1a73d37d0e#165-t1, previous=(t:1, i:79), leaderCommit=75, initializing? false, entries: <empty>
2019-09-11 10:58:07,244 [grpc-default-executor-0] INFO  impl.RaftServerProxy (RaftServerProxy.java:remove(95)) - 2567324e-9700-4950-ac37-98ef668bcfff: remove group-17832C0C68B9:null
2019-09-11 10:58:07,248 [RatisPipelineUtilsThread] WARN  pipeline.RatisPipelineUtils (RatisPipelineUtils.java:destroyPipeline(66)) - Pipeline destroy failed for pipeline=PipelineID=611d975d-381d-4bb5-be57-17832c0c68b9 dn=2567324e-9700-4950-ac37-98ef668bcfff{ip: 192.168.69.96, host: pr-hdds-1982-decom-states-q64lx-3787986432, networkLocation: /default-rack, certSerialId: null}
2019-09-11 10:58:07,251 [grpc-default-executor-0] INFO  impl.RaftServerProxy (RaftServerProxy.java:remove(95)) - 2759b58a-2fbd-4e45-94a8-47799d948184: remove group-17832C0C68B9:null
2019-09-11 10:58:07,253 [RatisPipelineUtilsThread] WARN  pipeline.RatisPipelineUtils (RatisPipelineUtils.java:destroyPipeline(66)) - Pipeline destroy failed for pipeline=PipelineID=611d975d-381d-4bb5-be57-17832c0c68b9 dn=2759b58a-2fbd-4e45-94a8-47799d948184{ip: 192.168.69.96, host: pr-hdds-1982-decom-states-q64lx-3787986432, networkLocation: /default-rack, certSerialId: null}
2019-09-11 10:58:07,256 [grpc-default-executor-0] INFO  impl.RaftServerProxy (RaftServerProxy.java:remove(95)) - 877608bb-19c4-4d8c-8958-a78beaef70b4: remove group-17832C0C68B9:null
2019-09-11 10:58:07,259 [RatisPipelineUtilsThread] WARN  pipeline.RatisPipelineUtils (RatisPipelineUtils.java:destroyPipeline(66)) - Pipeline destroy failed for pipeline=PipelineID=611d975d-381d-4bb5-be57-17832c0c68b9 dn=877608bb-19c4-4d8c-8958-a78beaef70b4{ip: 192.168.69.96, host: pr-hdds-1982-decom-states-q64lx-3787986432, networkLocation: /default-rack, certSerialId: null}
2019-09-11 10:58:07,259 [RatisPipelineUtilsThread] ERROR pipeline.SCMPipelineManager (Scheduler.java:lambda$schedule$1(70)) - Destroy pipeline failed for pipeline:Pipeline[ Id: 611d975d-381d-4bb5-be57-17832c0c68b9, Nodes: 2567324e-9700-4950-ac37-98ef668bcfff{ip: 192.168.69.96, host: pr-hdds-1982-decom-states-q64lx-3787986432, networkLocation: /default-rack, certSerialId: null}2759b58a-2fbd-4e45-94a8-47799d948184{ip: 192.168.69.96, host: pr-hdds-1982-decom-states-q64lx-3787986432, networkLocation: /default-rack, certSerialId: null}877608bb-19c4-4d8c-8958-a78beaef70b4{ip: 192.168.69.96, host: pr-hdds-1982-decom-states-q64lx-3787986432, networkLocation: /default-rack, certSerialId: null}, Type:RATIS, Factor:THREE, State:CLOSED]
org.apache.hadoop.hdds.scm.pipeline.PipelineNotFoundException: PipelineID=611d975d-381d-4bb5-be57-17832c0c68b9 not found
	at org.apache.hadoop.hdds.scm.pipeline.PipelineStateMap.getPipeline(PipelineStateMap.java:132)
	at org.apache.hadoop.hdds.scm.pipeline.PipelineStateMap.removePipeline(PipelineStateMap.java:322)
	at org.apache.hadoop.hdds.scm.pipeline.PipelineStateManager.removePipeline(PipelineStateManager.java:107)
	at org.apache.hadoop.hdds.scm.pipeline.SCMPipelineManager.removePipeline(SCMPipelineManager.java:423)
	at org.apache.hadoop.hdds.scm.pipeline.SCMPipelineManager.destroyPipeline(SCMPipelineManager.java:409)
	at org.apache.hadoop.hdds.scm.pipeline.SCMPipelineManager.lambda$finalizeAndDestroyPipeline$0(SCMPipelineManager.java:318)
	at org.apache.hadoop.utils.Scheduler.lambda$schedule$1(Scheduler.java:68)
	at java.util.concurrent.Executors$RunnableAdapter.call(Executors.java:511)
	at java.util.concurrent.FutureTask.run(FutureTask.java:266)
	at java.util.concurrent.ScheduledThreadPoolExecutor$ScheduledFutureTask.access$201(ScheduledThreadPoolExecutor.java:180)
	at java.util.concurrent.ScheduledThreadPoolExecutor$ScheduledFutureTask.run(ScheduledThreadPoolExecutor.java:293)
	at java.util.concurrent.ThreadPoolExecutor.runWorker(ThreadPoolExecutor.java:1149)
	at java.util.concurrent.ThreadPoolExecutor$Worker.run(ThreadPoolExecutor.java:624)
	at java.lang.Thread.run(Thread.java:748)
2019-09-11 10:58:09,389 [java.util.concurrent.ThreadPoolExecutor$Worker@fabb77[State = -1, empty queue]] WARN  server.GrpcLogAppender (GrpcLogAppender.java:timeoutAppendRequest(200)) - 75ec484c-7743-415c-a891-044da79f6b4d@group-8D9933079AAA->08f1fccb-3813-4a19-b386-9d1a73d37d0e-GrpcLogAppender: appendEntries Timeout, request=75ec484c-7743-415c-a891-044da79f6b4d->08f1fccb-3813-4a19-b386-9d1a73d37d0e#166-t1, previous=(t:1, i:79), leaderCommit=75, initializing? false, entries: <empty>
2019-09-11 10:58:09,389 [java.util.concurrent.ThreadPoolExecutor$Worker@4b358f7e[State = -1, empty queue]] WARN  server.GrpcLogAppender (GrpcLogAppender.java:timeoutAppendRequest(200)) - 75ec484c-7743-415c-a891-044da79f6b4d@group-8D9933079AAA->4664729b-c9fa-423e-9516-a47fa5640f67-GrpcLogAppender: appendEntries Timeout, request=75ec484c-7743-415c-a891-044da79f6b4d->4664729b-c9fa-423e-9516-a47fa5640f67#166-t1, previous=(t:1, i:79), leaderCommit=75, initializing? false, entries: <empty>
2019-09-11 10:58:10,249 [grpc-default-executor-6] INFO  impl.RaftServerProxy (RaftServerProxy.java:remove(95)) - 2567324e-9700-4950-ac37-98ef668bcfff: remove group-17832C0C68B9:null
2019-09-11 10:58:10,252 [RatisPipelineUtilsThread] WARN  pipeline.RatisPipelineUtils (RatisPipelineUtils.java:destroyPipeline(66)) - Pipeline destroy failed for pipeline=PipelineID=611d975d-381d-4bb5-be57-17832c0c68b9 dn=2567324e-9700-4950-ac37-98ef668bcfff{ip: 192.168.69.96, host: pr-hdds-1982-decom-states-q64lx-3787986432, networkLocation: /default-rack, certSerialId: null}
2019-09-11 10:58:10,255 [grpc-default-executor-6] INFO  impl.RaftServerProxy (RaftServerProxy.java:remove(95)) - 2759b58a-2fbd-4e45-94a8-47799d948184: remove group-17832C0C68B9:null
2019-09-11 10:58:10,258 [RatisPipelineUtilsThread] WARN  pipeline.RatisPipelineUtils (RatisPipelineUtils.java:destroyPipeline(66)) - Pipeline destroy failed for pipeline=PipelineID=611d975d-381d-4bb5-be57-17832c0c68b9 dn=2759b58a-2fbd-4e45-94a8-47799d948184{ip: 192.168.69.96, host: pr-hdds-1982-decom-states-q64lx-3787986432, networkLocation: /default-rack, certSerialId: null}
2019-09-11 10:58:10,260 [grpc-default-executor-6] INFO  impl.RaftServerProxy (RaftServerProxy.java:remove(95)) - 877608bb-19c4-4d8c-8958-a78beaef70b4: remove group-17832C0C68B9:null
2019-09-11 10:58:10,262 [RatisPipelineUtilsThread] WARN  pipeline.RatisPipelineUtils (RatisPipelineUtils.java:destroyPipeline(66)) - Pipeline destroy failed for pipeline=PipelineID=611d975d-381d-4bb5-be57-17832c0c68b9 dn=877608bb-19c4-4d8c-8958-a78beaef70b4{ip: 192.168.69.96, host: pr-hdds-1982-decom-states-q64lx-3787986432, networkLocation: /default-rack, certSerialId: null}
2019-09-11 10:58:10,263 [RatisPipelineUtilsThread] ERROR pipeline.SCMPipelineManager (Scheduler.java:lambda$schedule$1(70)) - Destroy pipeline failed for pipeline:Pipeline[ Id: 611d975d-381d-4bb5-be57-17832c0c68b9, Nodes: 2567324e-9700-4950-ac37-98ef668bcfff{ip: 192.168.69.96, host: pr-hdds-1982-decom-states-q64lx-3787986432, networkLocation: /default-rack, certSerialId: null}2759b58a-2fbd-4e45-94a8-47799d948184{ip: 192.168.69.96, host: pr-hdds-1982-decom-states-q64lx-3787986432, networkLocation: /default-rack, certSerialId: null}877608bb-19c4-4d8c-8958-a78beaef70b4{ip: 192.168.69.96, host: pr-hdds-1982-decom-states-q64lx-3787986432, networkLocation: /default-rack, certSerialId: null}, Type:RATIS, Factor:THREE, State:CLOSED]
org.apache.hadoop.hdds.scm.pipeline.PipelineNotFoundException: PipelineID=611d975d-381d-4bb5-be57-17832c0c68b9 not found
	at org.apache.hadoop.hdds.scm.pipeline.PipelineStateMap.getPipeline(PipelineStateMap.java:132)
	at org.apache.hadoop.hdds.scm.pipeline.PipelineStateMap.removePipeline(PipelineStateMap.java:322)
	at org.apache.hadoop.hdds.scm.pipeline.PipelineStateManager.removePipeline(PipelineStateManager.java:107)
	at org.apache.hadoop.hdds.scm.pipeline.SCMPipelineManager.removePipeline(SCMPipelineManager.java:423)
	at org.apache.hadoop.hdds.scm.pipeline.SCMPipelineManager.destroyPipeline(SCMPipelineManager.java:409)
	at org.apache.hadoop.hdds.scm.pipeline.SCMPipelineManager.lambda$finalizeAndDestroyPipeline$0(SCMPipelineManager.java:318)
	at org.apache.hadoop.utils.Scheduler.lambda$schedule$1(Scheduler.java:68)
	at java.util.concurrent.Executors$RunnableAdapter.call(Executors.java:511)
	at java.util.concurrent.FutureTask.run(FutureTask.java:266)
	at java.util.concurrent.ScheduledThreadPoolExecutor$ScheduledFutureTask.access$201(ScheduledThreadPoolExecutor.java:180)
	at java.util.concurrent.ScheduledThreadPoolExecutor$ScheduledFutureTask.run(ScheduledThreadPoolExecutor.java:293)
	at java.util.concurrent.ThreadPoolExecutor.runWorker(ThreadPoolExecutor.java:1149)
	at java.util.concurrent.ThreadPoolExecutor$Worker.run(ThreadPoolExecutor.java:624)
	at java.lang.Thread.run(Thread.java:748)
2019-09-11 10:58:11,751 [grpc-default-executor-0] INFO  client.GrpcClientProtocolClient (GrpcClientProtocolClient.java:onNext(264)) - client-95694700298B->4664729b-c9fa-423e-9516-a47fa5640f67: receive RaftClientReply:client-95694700298B->4664729b-c9fa-423e-9516-a47fa5640f67@group-8D9933079AAA, cid=191, FAILED org.apache.ratis.protocol.NotLeaderException: Server 4664729b-c9fa-423e-9516-a47fa5640f67@group-8D9933079AAA is not the leader 75ec484c-7743-415c-a891-044da79f6b4d:192.168.69.96:41248, logIndex=0, commits[4664729b-c9fa-423e-9516-a47fa5640f67:c75, 08f1fccb-3813-4a19-b386-9d1a73d37d0e:c74, 75ec484c-7743-415c-a891-044da79f6b4d:c75]
2019-09-11 10:58:11,890 [java.util.concurrent.ThreadPoolExecutor$Worker@4b358f7e[State = -1, empty queue]] WARN  server.GrpcLogAppender (GrpcLogAppender.java:timeoutAppendRequest(200)) - 75ec484c-7743-415c-a891-044da79f6b4d@group-8D9933079AAA->4664729b-c9fa-423e-9516-a47fa5640f67-GrpcLogAppender: appendEntries Timeout, request=75ec484c-7743-415c-a891-044da79f6b4d->4664729b-c9fa-423e-9516-a47fa5640f67#167-t1, previous=(t:1, i:79), leaderCommit=75, initializing? false, entries: <empty>
2019-09-11 10:58:11,890 [java.util.concurrent.ThreadPoolExecutor$Worker@fabb77[State = -1, empty queue]] WARN  server.GrpcLogAppender (GrpcLogAppender.java:timeoutAppendRequest(200)) - 75ec484c-7743-415c-a891-044da79f6b4d@group-8D9933079AAA->08f1fccb-3813-4a19-b386-9d1a73d37d0e-GrpcLogAppender: appendEntries Timeout, request=75ec484c-7743-415c-a891-044da79f6b4d->08f1fccb-3813-4a19-b386-9d1a73d37d0e#167-t1, previous=(t:1, i:79), leaderCommit=75, initializing? false, entries: <empty>
2019-09-11 10:58:12,248 [grpc-default-executor-6] INFO  impl.RaftServerProxy (RaftServerProxy.java:remove(95)) - 2567324e-9700-4950-ac37-98ef668bcfff: remove group-17832C0C68B9:null
2019-09-11 10:58:12,251 [RatisPipelineUtilsThread] WARN  pipeline.RatisPipelineUtils (RatisPipelineUtils.java:destroyPipeline(66)) - Pipeline destroy failed for pipeline=PipelineID=611d975d-381d-4bb5-be57-17832c0c68b9 dn=2567324e-9700-4950-ac37-98ef668bcfff{ip: 192.168.69.96, host: pr-hdds-1982-decom-states-q64lx-3787986432, networkLocation: /default-rack, certSerialId: null}
2019-09-11 10:58:12,254 [grpc-default-executor-6] INFO  impl.RaftServerProxy (RaftServerProxy.java:remove(95)) - 2759b58a-2fbd-4e45-94a8-47799d948184: remove group-17832C0C68B9:null
2019-09-11 10:58:12,256 [RatisPipelineUtilsThread] WARN  pipeline.RatisPipelineUtils (RatisPipelineUtils.java:destroyPipeline(66)) - Pipeline destroy failed for pipeline=PipelineID=611d975d-381d-4bb5-be57-17832c0c68b9 dn=2759b58a-2fbd-4e45-94a8-47799d948184{ip: 192.168.69.96, host: pr-hdds-1982-decom-states-q64lx-3787986432, networkLocation: /default-rack, certSerialId: null}
2019-09-11 10:58:12,259 [grpc-default-executor-6] INFO  impl.RaftServerProxy (RaftServerProxy.java:remove(95)) - 877608bb-19c4-4d8c-8958-a78beaef70b4: remove group-17832C0C68B9:null
2019-09-11 10:58:12,261 [RatisPipelineUtilsThread] WARN  pipeline.RatisPipelineUtils (RatisPipelineUtils.java:destroyPipeline(66)) - Pipeline destroy failed for pipeline=PipelineID=611d975d-381d-4bb5-be57-17832c0c68b9 dn=877608bb-19c4-4d8c-8958-a78beaef70b4{ip: 192.168.69.96, host: pr-hdds-1982-decom-states-q64lx-3787986432, networkLocation: /default-rack, certSerialId: null}
2019-09-11 10:58:12,262 [RatisPipelineUtilsThread] ERROR pipeline.SCMPipelineManager (Scheduler.java:lambda$schedule$1(70)) - Destroy pipeline failed for pipeline:Pipeline[ Id: 611d975d-381d-4bb5-be57-17832c0c68b9, Nodes: 2567324e-9700-4950-ac37-98ef668bcfff{ip: 192.168.69.96, host: pr-hdds-1982-decom-states-q64lx-3787986432, networkLocation: /default-rack, certSerialId: null}2759b58a-2fbd-4e45-94a8-47799d948184{ip: 192.168.69.96, host: pr-hdds-1982-decom-states-q64lx-3787986432, networkLocation: /default-rack, certSerialId: null}877608bb-19c4-4d8c-8958-a78beaef70b4{ip: 192.168.69.96, host: pr-hdds-1982-decom-states-q64lx-3787986432, networkLocation: /default-rack, certSerialId: null}, Type:RATIS, Factor:THREE, State:CLOSED]
org.apache.hadoop.hdds.scm.pipeline.PipelineNotFoundException: PipelineID=611d975d-381d-4bb5-be57-17832c0c68b9 not found
	at org.apache.hadoop.hdds.scm.pipeline.PipelineStateMap.getPipeline(PipelineStateMap.java:132)
	at org.apache.hadoop.hdds.scm.pipeline.PipelineStateMap.removePipeline(PipelineStateMap.java:322)
	at org.apache.hadoop.hdds.scm.pipeline.PipelineStateManager.removePipeline(PipelineStateManager.java:107)
	at org.apache.hadoop.hdds.scm.pipeline.SCMPipelineManager.removePipeline(SCMPipelineManager.java:423)
	at org.apache.hadoop.hdds.scm.pipeline.SCMPipelineManager.destroyPipeline(SCMPipelineManager.java:409)
	at org.apache.hadoop.hdds.scm.pipeline.SCMPipelineManager.lambda$finalizeAndDestroyPipeline$0(SCMPipelineManager.java:318)
	at org.apache.hadoop.utils.Scheduler.lambda$schedule$1(Scheduler.java:68)
	at java.util.concurrent.Executors$RunnableAdapter.call(Executors.java:511)
	at java.util.concurrent.FutureTask.run(FutureTask.java:266)
	at java.util.concurrent.ScheduledThreadPoolExecutor$ScheduledFutureTask.access$201(ScheduledThreadPoolExecutor.java:180)
	at java.util.concurrent.ScheduledThreadPoolExecutor$ScheduledFutureTask.run(ScheduledThreadPoolExecutor.java:293)
	at java.util.concurrent.ThreadPoolExecutor.runWorker(ThreadPoolExecutor.java:1149)
	at java.util.concurrent.ThreadPoolExecutor$Worker.run(ThreadPoolExecutor.java:624)
	at java.lang.Thread.run(Thread.java:748)
2019-09-11 10:58:14,391 [java.util.concurrent.ThreadPoolExecutor$Worker@fabb77[State = -1, empty queue]] WARN  server.GrpcLogAppender (GrpcLogAppender.java:timeoutAppendRequest(200)) - 75ec484c-7743-415c-a891-044da79f6b4d@group-8D9933079AAA->08f1fccb-3813-4a19-b386-9d1a73d37d0e-GrpcLogAppender: appendEntries Timeout, request=75ec484c-7743-415c-a891-044da79f6b4d->08f1fccb-3813-4a19-b386-9d1a73d37d0e#168-t1, previous=(t:1, i:79), leaderCommit=75, initializing? false, entries: <empty>
2019-09-11 10:58:14,391 [java.util.concurrent.ThreadPoolExecutor$Worker@4b358f7e[State = -1, empty queue]] WARN  server.GrpcLogAppender (GrpcLogAppender.java:timeoutAppendRequest(200)) - 75ec484c-7743-415c-a891-044da79f6b4d@group-8D9933079AAA->4664729b-c9fa-423e-9516-a47fa5640f67-GrpcLogAppender: appendEntries Timeout, request=75ec484c-7743-415c-a891-044da79f6b4d->4664729b-c9fa-423e-9516-a47fa5640f67#168-t1, previous=(t:1, i:79), leaderCommit=75, initializing? false, entries: <empty>
2019-09-11 10:58:15,257 [grpc-default-executor-0] INFO  impl.RaftServerProxy (RaftServerProxy.java:remove(95)) - 2567324e-9700-4950-ac37-98ef668bcfff: remove group-17832C0C68B9:null
2019-09-11 10:58:15,261 [RatisPipelineUtilsThread] WARN  pipeline.RatisPipelineUtils (RatisPipelineUtils.java:destroyPipeline(66)) - Pipeline destroy failed for pipeline=PipelineID=611d975d-381d-4bb5-be57-17832c0c68b9 dn=2567324e-9700-4950-ac37-98ef668bcfff{ip: 192.168.69.96, host: pr-hdds-1982-decom-states-q64lx-3787986432, networkLocation: /default-rack, certSerialId: null}
2019-09-11 10:58:15,265 [grpc-default-executor-0] INFO  impl.RaftServerProxy (RaftServerProxy.java:remove(95)) - 2759b58a-2fbd-4e45-94a8-47799d948184: remove group-17832C0C68B9:null
2019-09-11 10:58:15,267 [RatisPipelineUtilsThread] WARN  pipeline.RatisPipelineUtils (RatisPipelineUtils.java:destroyPipeline(66)) - Pipeline destroy failed for pipeline=PipelineID=611d975d-381d-4bb5-be57-17832c0c68b9 dn=2759b58a-2fbd-4e45-94a8-47799d948184{ip: 192.168.69.96, host: pr-hdds-1982-decom-states-q64lx-3787986432, networkLocation: /default-rack, certSerialId: null}
2019-09-11 10:58:15,270 [grpc-default-executor-0] INFO  impl.RaftServerProxy (RaftServerProxy.java:remove(95)) - 877608bb-19c4-4d8c-8958-a78beaef70b4: remove group-17832C0C68B9:null
2019-09-11 10:58:15,272 [RatisPipelineUtilsThread] WARN  pipeline.RatisPipelineUtils (RatisPipelineUtils.java:destroyPipeline(66)) - Pipeline destroy failed for pipeline=PipelineID=611d975d-381d-4bb5-be57-17832c0c68b9 dn=877608bb-19c4-4d8c-8958-a78beaef70b4{ip: 192.168.69.96, host: pr-hdds-1982-decom-states-q64lx-3787986432, networkLocation: /default-rack, certSerialId: null}
2019-09-11 10:58:15,273 [RatisPipelineUtilsThread] ERROR pipeline.SCMPipelineManager (Scheduler.java:lambda$schedule$1(70)) - Destroy pipeline failed for pipeline:Pipeline[ Id: 611d975d-381d-4bb5-be57-17832c0c68b9, Nodes: 2567324e-9700-4950-ac37-98ef668bcfff{ip: 192.168.69.96, host: pr-hdds-1982-decom-states-q64lx-3787986432, networkLocation: /default-rack, certSerialId: null}2759b58a-2fbd-4e45-94a8-47799d948184{ip: 192.168.69.96, host: pr-hdds-1982-decom-states-q64lx-3787986432, networkLocation: /default-rack, certSerialId: null}877608bb-19c4-4d8c-8958-a78beaef70b4{ip: 192.168.69.96, host: pr-hdds-1982-decom-states-q64lx-3787986432, networkLocation: /default-rack, certSerialId: null}, Type:RATIS, Factor:THREE, State:CLOSED]
org.apache.hadoop.hdds.scm.pipeline.PipelineNotFoundException: PipelineID=611d975d-381d-4bb5-be57-17832c0c68b9 not found
	at org.apache.hadoop.hdds.scm.pipeline.PipelineStateMap.getPipeline(PipelineStateMap.java:132)
	at org.apache.hadoop.hdds.scm.pipeline.PipelineStateMap.removePipeline(PipelineStateMap.java:322)
	at org.apache.hadoop.hdds.scm.pipeline.PipelineStateManager.removePipeline(PipelineStateManager.java:107)
	at org.apache.hadoop.hdds.scm.pipeline.SCMPipelineManager.removePipeline(SCMPipelineManager.java:423)
	at org.apache.hadoop.hdds.scm.pipeline.SCMPipelineManager.destroyPipeline(SCMPipelineManager.java:409)
	at org.apache.hadoop.hdds.scm.pipeline.SCMPipelineManager.lambda$finalizeAndDestroyPipeline$0(SCMPipelineManager.java:318)
	at org.apache.hadoop.utils.Scheduler.lambda$schedule$1(Scheduler.java:68)
	at java.util.concurrent.Executors$RunnableAdapter.call(Executors.java:511)
	at java.util.concurrent.FutureTask.run(FutureTask.java:266)
	at java.util.concurrent.ScheduledThreadPoolExecutor$ScheduledFutureTask.access$201(ScheduledThreadPoolExecutor.java:180)
	at java.util.concurrent.ScheduledThreadPoolExecutor$ScheduledFutureTask.run(ScheduledThreadPoolExecutor.java:293)
	at java.util.concurrent.ThreadPoolExecutor.runWorker(ThreadPoolExecutor.java:1149)
	at java.util.concurrent.ThreadPoolExecutor$Worker.run(ThreadPoolExecutor.java:624)
	at java.lang.Thread.run(Thread.java:748)
2019-09-11 10:58:16,382 [75ec484c-7743-415c-a891-044da79f6b4d@group-8D9933079AAA-SegmentedRaftLogWorker] WARN  segmented.SegmentedRaftLogWorker (SegmentedRaftLogWorker.java:getFromFuture(90)) - Timeout 3/~
org.apache.ratis.protocol.TimeoutIOException: Timeout 10s: WriteLog:76: (t:1, i:76), STATEMACHINELOGENTRY, client-95694700298B, cid=191-writeStateMachineData
	at org.apache.ratis.util.IOUtils.getFromFuture(IOUtils.java:87)
	at org.apache.ratis.server.raftlog.segmented.SegmentedRaftLogWorker$StateMachineDataPolicy.getFromFuture(SegmentedRaftLogWorker.java:87)
	at org.apache.ratis.server.raftlog.segmented.SegmentedRaftLogWorker$WriteLog.execute(SegmentedRaftLogWorker.java:477)
	at org.apache.ratis.server.raftlog.segmented.SegmentedRaftLogWorker.run(SegmentedRaftLogWorker.java:289)
	at java.lang.Thread.run(Thread.java:748)
Caused by: java.util.concurrent.TimeoutException
	at java.util.concurrent.CompletableFuture.timedGet(CompletableFuture.java:1771)
	at java.util.concurrent.CompletableFuture.get(CompletableFuture.java:1915)
	at org.apache.ratis.util.IOUtils.getFromFuture(IOUtils.java:79)
	... 4 more
2019-09-11 10:58:16,383 [08f1fccb-3813-4a19-b386-9d1a73d37d0e@group-8D9933079AAA-SegmentedRaftLogWorker] WARN  segmented.SegmentedRaftLogWorker (SegmentedRaftLogWorker.java:getFromFuture(90)) - Timeout 3/~
org.apache.ratis.protocol.TimeoutIOException: Timeout 10s: WriteLog:76: (t:1, i:76), STATEMACHINELOGENTRY, client-95694700298B, cid=191-writeStateMachineData
	at org.apache.ratis.util.IOUtils.getFromFuture(IOUtils.java:87)
	at org.apache.ratis.server.raftlog.segmented.SegmentedRaftLogWorker$StateMachineDataPolicy.getFromFuture(SegmentedRaftLogWorker.java:87)
	at org.apache.ratis.server.raftlog.segmented.SegmentedRaftLogWorker$WriteLog.execute(SegmentedRaftLogWorker.java:477)
	at org.apache.ratis.server.raftlog.segmented.SegmentedRaftLogWorker.run(SegmentedRaftLogWorker.java:289)
	at java.lang.Thread.run(Thread.java:748)
Caused by: java.util.concurrent.TimeoutException
	at java.util.concurrent.CompletableFuture.timedGet(CompletableFuture.java:1771)
	at java.util.concurrent.CompletableFuture.get(CompletableFuture.java:1915)
	at org.apache.ratis.util.IOUtils.getFromFuture(IOUtils.java:79)
	... 4 more
2019-09-11 10:58:16,384 [4664729b-c9fa-423e-9516-a47fa5640f67@group-8D9933079AAA-SegmentedRaftLogWorker] WARN  segmented.SegmentedRaftLogWorker (SegmentedRaftLogWorker.java:getFromFuture(90)) - Timeout 3/~
org.apache.ratis.protocol.TimeoutIOException: Timeout 10s: WriteLog:76: (t:1, i:76), STATEMACHINELOGENTRY, client-95694700298B, cid=191-writeStateMachineData
	at org.apache.ratis.util.IOUtils.getFromFuture(IOUtils.java:87)
	at org.apache.ratis.server.raftlog.segmented.SegmentedRaftLogWorker$StateMachineDataPolicy.getFromFuture(SegmentedRaftLogWorker.java:87)
	at org.apache.ratis.server.raftlog.segmented.SegmentedRaftLogWorker$WriteLog.execute(SegmentedRaftLogWorker.java:477)
	at org.apache.ratis.server.raftlog.segmented.SegmentedRaftLogWorker.run(SegmentedRaftLogWorker.java:289)
	at java.lang.Thread.run(Thread.java:748)
Caused by: java.util.concurrent.TimeoutException
	at java.util.concurrent.CompletableFuture.timedGet(CompletableFuture.java:1771)
	at java.util.concurrent.CompletableFuture.get(CompletableFuture.java:1915)
	at org.apache.ratis.util.IOUtils.getFromFuture(IOUtils.java:79)
	... 4 more
2019-09-11 10:58:16,809 [grpc-default-executor-6] INFO  client.GrpcClientProtocolClient (GrpcClientProtocolClient.java:onNext(264)) - client-95694700298B->4664729b-c9fa-423e-9516-a47fa5640f67: receive RaftClientReply:client-95694700298B->4664729b-c9fa-423e-9516-a47fa5640f67@group-8D9933079AAA, cid=191, FAILED org.apache.ratis.protocol.NotLeaderException: Server 4664729b-c9fa-423e-9516-a47fa5640f67@group-8D9933079AAA is not the leader 75ec484c-7743-415c-a891-044da79f6b4d:192.168.69.96:41248, logIndex=0, commits[4664729b-c9fa-423e-9516-a47fa5640f67:c75, 08f1fccb-3813-4a19-b386-9d1a73d37d0e:c74, 75ec484c-7743-415c-a891-044da79f6b4d:c75]
2019-09-11 10:58:16,891 [java.util.concurrent.ThreadPoolExecutor$Worker@4b358f7e[State = -1, empty queue]] WARN  server.GrpcLogAppender (GrpcLogAppender.java:timeoutAppendRequest(200)) - 75ec484c-7743-415c-a891-044da79f6b4d@group-8D9933079AAA->4664729b-c9fa-423e-9516-a47fa5640f67-GrpcLogAppender: appendEntries Timeout, request=75ec484c-7743-415c-a891-044da79f6b4d->4664729b-c9fa-423e-9516-a47fa5640f67#169-t1, previous=(t:1, i:79), leaderCommit=75, initializing? false, entries: <empty>
2019-09-11 10:58:16,891 [java.util.concurrent.ThreadPoolExecutor$Worker@fabb77[State = -1, empty queue]] WARN  server.GrpcLogAppender (GrpcLogAppender.java:timeoutAppendRequest(200)) - 75ec484c-7743-415c-a891-044da79f6b4d@group-8D9933079AAA->08f1fccb-3813-4a19-b386-9d1a73d37d0e-GrpcLogAppender: appendEntries Timeout, request=75ec484c-7743-415c-a891-044da79f6b4d->08f1fccb-3813-4a19-b386-9d1a73d37d0e#169-t1, previous=(t:1, i:79), leaderCommit=75, initializing? false, entries: <empty>
2019-09-11 10:58:17,249 [grpc-default-executor-0] INFO  impl.RaftServerProxy (RaftServerProxy.java:remove(95)) - 2567324e-9700-4950-ac37-98ef668bcfff: remove group-17832C0C68B9:null
2019-09-11 10:58:17,252 [RatisPipelineUtilsThread] WARN  pipeline.RatisPipelineUtils (RatisPipelineUtils.java:destroyPipeline(66)) - Pipeline destroy failed for pipeline=PipelineID=611d975d-381d-4bb5-be57-17832c0c68b9 dn=2567324e-9700-4950-ac37-98ef668bcfff{ip: 192.168.69.96, host: pr-hdds-1982-decom-states-q64lx-3787986432, networkLocation: /default-rack, certSerialId: null}
2019-09-11 10:58:17,254 [grpc-default-executor-0] INFO  impl.RaftServerProxy (RaftServerProxy.java:remove(95)) - 2759b58a-2fbd-4e45-94a8-47799d948184: remove group-17832C0C68B9:null
2019-09-11 10:58:17,256 [RatisPipelineUtilsThread] WARN  pipeline.RatisPipelineUtils (RatisPipelineUtils.java:destroyPipeline(66)) - Pipeline destroy failed for pipeline=PipelineID=611d975d-381d-4bb5-be57-17832c0c68b9 dn=2759b58a-2fbd-4e45-94a8-47799d948184{ip: 192.168.69.96, host: pr-hdds-1982-decom-states-q64lx-3787986432, networkLocation: /default-rack, certSerialId: null}
2019-09-11 10:58:17,258 [grpc-default-executor-0] INFO  impl.RaftServerProxy (RaftServerProxy.java:remove(95)) - 877608bb-19c4-4d8c-8958-a78beaef70b4: remove group-17832C0C68B9:null
2019-09-11 10:58:17,259 [RatisPipelineUtilsThread] WARN  pipeline.RatisPipelineUtils (RatisPipelineUtils.java:destroyPipeline(66)) - Pipeline destroy failed for pipeline=PipelineID=611d975d-381d-4bb5-be57-17832c0c68b9 dn=877608bb-19c4-4d8c-8958-a78beaef70b4{ip: 192.168.69.96, host: pr-hdds-1982-decom-states-q64lx-3787986432, networkLocation: /default-rack, certSerialId: null}
2019-09-11 10:58:17,260 [RatisPipelineUtilsThread] ERROR pipeline.SCMPipelineManager (Scheduler.java:lambda$schedule$1(70)) - Destroy pipeline failed for pipeline:Pipeline[ Id: 611d975d-381d-4bb5-be57-17832c0c68b9, Nodes: 2567324e-9700-4950-ac37-98ef668bcfff{ip: 192.168.69.96, host: pr-hdds-1982-decom-states-q64lx-3787986432, networkLocation: /default-rack, certSerialId: null}2759b58a-2fbd-4e45-94a8-47799d948184{ip: 192.168.69.96, host: pr-hdds-1982-decom-states-q64lx-3787986432, networkLocation: /default-rack, certSerialId: null}877608bb-19c4-4d8c-8958-a78beaef70b4{ip: 192.168.69.96, host: pr-hdds-1982-decom-states-q64lx-3787986432, networkLocation: /default-rack, certSerialId: null}, Type:RATIS, Factor:THREE, State:CLOSED]
org.apache.hadoop.hdds.scm.pipeline.PipelineNotFoundException: PipelineID=611d975d-381d-4bb5-be57-17832c0c68b9 not found
	at org.apache.hadoop.hdds.scm.pipeline.PipelineStateMap.getPipeline(PipelineStateMap.java:132)
	at org.apache.hadoop.hdds.scm.pipeline.PipelineStateMap.removePipeline(PipelineStateMap.java:322)
	at org.apache.hadoop.hdds.scm.pipeline.PipelineStateManager.removePipeline(PipelineStateManager.java:107)
	at org.apache.hadoop.hdds.scm.pipeline.SCMPipelineManager.removePipeline(SCMPipelineManager.java:423)
	at org.apache.hadoop.hdds.scm.pipeline.SCMPipelineManager.destroyPipeline(SCMPipelineManager.java:409)
	at org.apache.hadoop.hdds.scm.pipeline.SCMPipelineManager.lambda$finalizeAndDestroyPipeline$0(SCMPipelineManager.java:318)
	at org.apache.hadoop.utils.Scheduler.lambda$schedule$1(Scheduler.java:68)
	at java.util.concurrent.Executors$RunnableAdapter.call(Executors.java:511)
	at java.util.concurrent.FutureTask.run(FutureTask.java:266)
	at java.util.concurrent.ScheduledThreadPoolExecutor$ScheduledFutureTask.access$201(ScheduledThreadPoolExecutor.java:180)
	at java.util.concurrent.ScheduledThreadPoolExecutor$ScheduledFutureTask.run(ScheduledThreadPoolExecutor.java:293)
	at java.util.concurrent.ThreadPoolExecutor.runWorker(ThreadPoolExecutor.java:1149)
	at java.util.concurrent.ThreadPoolExecutor$Worker.run(ThreadPoolExecutor.java:624)
	at java.lang.Thread.run(Thread.java:748)
2019-09-11 10:58:19,392 [java.util.concurrent.ThreadPoolExecutor$Worker@fabb77[State = -1, empty queue]] WARN  server.GrpcLogAppender (GrpcLogAppender.java:timeoutAppendRequest(200)) - 75ec484c-7743-415c-a891-044da79f6b4d@group-8D9933079AAA->08f1fccb-3813-4a19-b386-9d1a73d37d0e-GrpcLogAppender: appendEntries Timeout, request=75ec484c-7743-415c-a891-044da79f6b4d->08f1fccb-3813-4a19-b386-9d1a73d37d0e#170-t1, previous=(t:1, i:79), leaderCommit=75, initializing? false, entries: <empty>
2019-09-11 10:58:19,392 [java.util.concurrent.ThreadPoolExecutor$Worker@4b358f7e[State = -1, empty queue]] WARN  server.GrpcLogAppender (GrpcLogAppender.java:timeoutAppendRequest(200)) - 75ec484c-7743-415c-a891-044da79f6b4d@group-8D9933079AAA->4664729b-c9fa-423e-9516-a47fa5640f67-GrpcLogAppender: appendEntries Timeout, request=75ec484c-7743-415c-a891-044da79f6b4d->4664729b-c9fa-423e-9516-a47fa5640f67#170-t1, previous=(t:1, i:79), leaderCommit=75, initializing? false, entries: <empty>
2019-09-11 10:58:20,253 [grpc-default-executor-0] INFO  impl.RaftServerProxy (RaftServerProxy.java:remove(95)) - 2567324e-9700-4950-ac37-98ef668bcfff: remove group-17832C0C68B9:null
2019-09-11 10:58:20,258 [RatisPipelineUtilsThread] WARN  pipeline.RatisPipelineUtils (RatisPipelineUtils.java:destroyPipeline(66)) - Pipeline destroy failed for pipeline=PipelineID=611d975d-381d-4bb5-be57-17832c0c68b9 dn=2567324e-9700-4950-ac37-98ef668bcfff{ip: 192.168.69.96, host: pr-hdds-1982-decom-states-q64lx-3787986432, networkLocation: /default-rack, certSerialId: null}
2019-09-11 10:58:20,260 [grpc-default-executor-0] INFO  impl.RaftServerProxy (RaftServerProxy.java:remove(95)) - 2759b58a-2fbd-4e45-94a8-47799d948184: remove group-17832C0C68B9:null
2019-09-11 10:58:20,263 [RatisPipelineUtilsThread] WARN  pipeline.RatisPipelineUtils (RatisPipelineUtils.java:destroyPipeline(66)) - Pipeline destroy failed for pipeline=PipelineID=611d975d-381d-4bb5-be57-17832c0c68b9 dn=2759b58a-2fbd-4e45-94a8-47799d948184{ip: 192.168.69.96, host: pr-hdds-1982-decom-states-q64lx-3787986432, networkLocation: /default-rack, certSerialId: null}
2019-09-11 10:58:20,265 [grpc-default-executor-0] INFO  impl.RaftServerProxy (RaftServerProxy.java:remove(95)) - 877608bb-19c4-4d8c-8958-a78beaef70b4: remove group-17832C0C68B9:null
2019-09-11 10:58:20,267 [RatisPipelineUtilsThread] WARN  pipeline.RatisPipelineUtils (RatisPipelineUtils.java:destroyPipeline(66)) - Pipeline destroy failed for pipeline=PipelineID=611d975d-381d-4bb5-be57-17832c0c68b9 dn=877608bb-19c4-4d8c-8958-a78beaef70b4{ip: 192.168.69.96, host: pr-hdds-1982-decom-states-q64lx-3787986432, networkLocation: /default-rack, certSerialId: null}
2019-09-11 10:58:20,267 [RatisPipelineUtilsThread] ERROR pipeline.SCMPipelineManager (Scheduler.java:lambda$schedule$1(70)) - Destroy pipeline failed for pipeline:Pipeline[ Id: 611d975d-381d-4bb5-be57-17832c0c68b9, Nodes: 2567324e-9700-4950-ac37-98ef668bcfff{ip: 192.168.69.96, host: pr-hdds-1982-decom-states-q64lx-3787986432, networkLocation: /default-rack, certSerialId: null}2759b58a-2fbd-4e45-94a8-47799d948184{ip: 192.168.69.96, host: pr-hdds-1982-decom-states-q64lx-3787986432, networkLocation: /default-rack, certSerialId: null}877608bb-19c4-4d8c-8958-a78beaef70b4{ip: 192.168.69.96, host: pr-hdds-1982-decom-states-q64lx-3787986432, networkLocation: /default-rack, certSerialId: null}, Type:RATIS, Factor:THREE, State:CLOSED]
org.apache.hadoop.hdds.scm.pipeline.PipelineNotFoundException: PipelineID=611d975d-381d-4bb5-be57-17832c0c68b9 not found
	at org.apache.hadoop.hdds.scm.pipeline.PipelineStateMap.getPipeline(PipelineStateMap.java:132)
	at org.apache.hadoop.hdds.scm.pipeline.PipelineStateMap.removePipeline(PipelineStateMap.java:322)
	at org.apache.hadoop.hdds.scm.pipeline.PipelineStateManager.removePipeline(PipelineStateManager.java:107)
	at org.apache.hadoop.hdds.scm.pipeline.SCMPipelineManager.removePipeline(SCMPipelineManager.java:423)
	at org.apache.hadoop.hdds.scm.pipeline.SCMPipelineManager.destroyPipeline(SCMPipelineManager.java:409)
	at org.apache.hadoop.hdds.scm.pipeline.SCMPipelineManager.lambda$finalizeAndDestroyPipeline$0(SCMPipelineManager.java:318)
	at org.apache.hadoop.utils.Scheduler.lambda$schedule$1(Scheduler.java:68)
	at java.util.concurrent.Executors$RunnableAdapter.call(Executors.java:511)
	at java.util.concurrent.FutureTask.run(FutureTask.java:266)
	at java.util.concurrent.ScheduledThreadPoolExecutor$ScheduledFutureTask.access$201(ScheduledThreadPoolExecutor.java:180)
	at java.util.concurrent.ScheduledThreadPoolExecutor$ScheduledFutureTask.run(ScheduledThreadPoolExecutor.java:293)
	at java.util.concurrent.ThreadPoolExecutor.runWorker(ThreadPoolExecutor.java:1149)
	at java.util.concurrent.ThreadPoolExecutor$Worker.run(ThreadPoolExecutor.java:624)
	at java.lang.Thread.run(Thread.java:748)
2019-09-11 10:58:21,868 [grpc-default-executor-7] INFO  client.GrpcClientProtocolClient (GrpcClientProtocolClient.java:onNext(264)) - client-95694700298B->08f1fccb-3813-4a19-b386-9d1a73d37d0e: receive RaftClientReply:client-95694700298B->08f1fccb-3813-4a19-b386-9d1a73d37d0e@group-8D9933079AAA, cid=191, FAILED org.apache.ratis.protocol.NotLeaderException: Server 08f1fccb-3813-4a19-b386-9d1a73d37d0e@group-8D9933079AAA is not the leader 75ec484c-7743-415c-a891-044da79f6b4d:192.168.69.96:41248, logIndex=0, commits[08f1fccb-3813-4a19-b386-9d1a73d37d0e:c75, 4664729b-c9fa-423e-9516-a47fa5640f67:c74, 75ec484c-7743-415c-a891-044da79f6b4d:c75]
2019-09-11 10:58:21,892 [java.util.concurrent.ThreadPoolExecutor$Worker@fabb77[State = -1, empty queue]] WARN  server.GrpcLogAppender (GrpcLogAppender.java:timeoutAppendRequest(200)) - 75ec484c-7743-415c-a891-044da79f6b4d@group-8D9933079AAA->08f1fccb-3813-4a19-b386-9d1a73d37d0e-GrpcLogAppender: appendEntries Timeout, request=75ec484c-7743-415c-a891-044da79f6b4d->08f1fccb-3813-4a19-b386-9d1a73d37d0e#171-t1, previous=(t:1, i:79), leaderCommit=75, initializing? false, entries: <empty>
2019-09-11 10:58:21,892 [java.util.concurrent.ThreadPoolExecutor$Worker@4b358f7e[State = -1, empty queue]] WARN  server.GrpcLogAppender (GrpcLogAppender.java:timeoutAppendRequest(200)) - 75ec484c-7743-415c-a891-044da79f6b4d@group-8D9933079AAA->4664729b-c9fa-423e-9516-a47fa5640f67-GrpcLogAppender: appendEntries Timeout, request=75ec484c-7743-415c-a891-044da79f6b4d->4664729b-c9fa-423e-9516-a47fa5640f67#171-t1, previous=(t:1, i:79), leaderCommit=75, initializing? false, entries: <empty>
2019-09-11 10:58:22,245 [grpc-default-executor-6] INFO  impl.RaftServerProxy (RaftServerProxy.java:remove(95)) - 2567324e-9700-4950-ac37-98ef668bcfff: remove group-17832C0C68B9:null
2019-09-11 10:58:22,248 [RatisPipelineUtilsThread] WARN  pipeline.RatisPipelineUtils (RatisPipelineUtils.java:destroyPipeline(66)) - Pipeline destroy failed for pipeline=PipelineID=611d975d-381d-4bb5-be57-17832c0c68b9 dn=2567324e-9700-4950-ac37-98ef668bcfff{ip: 192.168.69.96, host: pr-hdds-1982-decom-states-q64lx-3787986432, networkLocation: /default-rack, certSerialId: null}
2019-09-11 10:58:22,250 [grpc-default-executor-6] INFO  impl.RaftServerProxy (RaftServerProxy.java:remove(95)) - 2759b58a-2fbd-4e45-94a8-47799d948184: remove group-17832C0C68B9:null
2019-09-11 10:58:22,252 [RatisPipelineUtilsThread] WARN  pipeline.RatisPipelineUtils (RatisPipelineUtils.java:destroyPipeline(66)) - Pipeline destroy failed for pipeline=PipelineID=611d975d-381d-4bb5-be57-17832c0c68b9 dn=2759b58a-2fbd-4e45-94a8-47799d948184{ip: 192.168.69.96, host: pr-hdds-1982-decom-states-q64lx-3787986432, networkLocation: /default-rack, certSerialId: null}
2019-09-11 10:58:22,253 [grpc-default-executor-6] INFO  impl.RaftServerProxy (RaftServerProxy.java:remove(95)) - 877608bb-19c4-4d8c-8958-a78beaef70b4: remove group-17832C0C68B9:null
2019-09-11 10:58:22,255 [RatisPipelineUtilsThread] WARN  pipeline.RatisPipelineUtils (RatisPipelineUtils.java:destroyPipeline(66)) - Pipeline destroy failed for pipeline=PipelineID=611d975d-381d-4bb5-be57-17832c0c68b9 dn=877608bb-19c4-4d8c-8958-a78beaef70b4{ip: 192.168.69.96, host: pr-hdds-1982-decom-states-q64lx-3787986432, networkLocation: /default-rack, certSerialId: null}
2019-09-11 10:58:22,256 [RatisPipelineUtilsThread] ERROR pipeline.SCMPipelineManager (Scheduler.java:lambda$schedule$1(70)) - Destroy pipeline failed for pipeline:Pipeline[ Id: 611d975d-381d-4bb5-be57-17832c0c68b9, Nodes: 2567324e-9700-4950-ac37-98ef668bcfff{ip: 192.168.69.96, host: pr-hdds-1982-decom-states-q64lx-3787986432, networkLocation: /default-rack, certSerialId: null}2759b58a-2fbd-4e45-94a8-47799d948184{ip: 192.168.69.96, host: pr-hdds-1982-decom-states-q64lx-3787986432, networkLocation: /default-rack, certSerialId: null}877608bb-19c4-4d8c-8958-a78beaef70b4{ip: 192.168.69.96, host: pr-hdds-1982-decom-states-q64lx-3787986432, networkLocation: /default-rack, certSerialId: null}, Type:RATIS, Factor:THREE, State:CLOSED]
org.apache.hadoop.hdds.scm.pipeline.PipelineNotFoundException: PipelineID=611d975d-381d-4bb5-be57-17832c0c68b9 not found
	at org.apache.hadoop.hdds.scm.pipeline.PipelineStateMap.getPipeline(PipelineStateMap.java:132)
	at org.apache.hadoop.hdds.scm.pipeline.PipelineStateMap.removePipeline(PipelineStateMap.java:322)
	at org.apache.hadoop.hdds.scm.pipeline.PipelineStateManager.removePipeline(PipelineStateManager.java:107)
	at org.apache.hadoop.hdds.scm.pipeline.SCMPipelineManager.removePipeline(SCMPipelineManager.java:423)
	at org.apache.hadoop.hdds.scm.pipeline.SCMPipelineManager.destroyPipeline(SCMPipelineManager.java:409)
	at org.apache.hadoop.hdds.scm.pipeline.SCMPipelineManager.lambda$finalizeAndDestroyPipeline$0(SCMPipelineManager.java:318)
	at org.apache.hadoop.utils.Scheduler.lambda$schedule$1(Scheduler.java:68)
	at java.util.concurrent.Executors$RunnableAdapter.call(Executors.java:511)
	at java.util.concurrent.FutureTask.run(FutureTask.java:266)
	at java.util.concurrent.ScheduledThreadPoolExecutor$ScheduledFutureTask.access$201(ScheduledThreadPoolExecutor.java:180)
	at java.util.concurrent.ScheduledThreadPoolExecutor$ScheduledFutureTask.run(ScheduledThreadPoolExecutor.java:293)
	at java.util.concurrent.ThreadPoolExecutor.runWorker(ThreadPoolExecutor.java:1149)
	at java.util.concurrent.ThreadPoolExecutor$Worker.run(ThreadPoolExecutor.java:624)
	at java.lang.Thread.run(Thread.java:748)
2019-09-11 10:58:24,393 [java.util.concurrent.ThreadPoolExecutor$Worker@4b358f7e[State = -1, empty queue]] WARN  server.GrpcLogAppender (GrpcLogAppender.java:timeoutAppendRequest(200)) - 75ec484c-7743-415c-a891-044da79f6b4d@group-8D9933079AAA->4664729b-c9fa-423e-9516-a47fa5640f67-GrpcLogAppender: appendEntries Timeout, request=75ec484c-7743-415c-a891-044da79f6b4d->4664729b-c9fa-423e-9516-a47fa5640f67#172-t1, previous=(t:1, i:79), leaderCommit=75, initializing? false, entries: <empty>
2019-09-11 10:58:24,393 [java.util.concurrent.ThreadPoolExecutor$Worker@fabb77[State = -1, empty queue]] WARN  server.GrpcLogAppender (GrpcLogAppender.java:timeoutAppendRequest(200)) - 75ec484c-7743-415c-a891-044da79f6b4d@group-8D9933079AAA->08f1fccb-3813-4a19-b386-9d1a73d37d0e-GrpcLogAppender: appendEntries Timeout, request=75ec484c-7743-415c-a891-044da79f6b4d->08f1fccb-3813-4a19-b386-9d1a73d37d0e#172-t1, previous=(t:1, i:79), leaderCommit=75, initializing? false, entries: <empty>
2019-09-11 10:58:25,253 [grpc-default-executor-6] INFO  impl.RaftServerProxy (RaftServerProxy.java:remove(95)) - 2567324e-9700-4950-ac37-98ef668bcfff: remove group-17832C0C68B9:null
2019-09-11 10:58:25,257 [RatisPipelineUtilsThread] WARN  pipeline.RatisPipelineUtils (RatisPipelineUtils.java:destroyPipeline(66)) - Pipeline destroy failed for pipeline=PipelineID=611d975d-381d-4bb5-be57-17832c0c68b9 dn=2567324e-9700-4950-ac37-98ef668bcfff{ip: 192.168.69.96, host: pr-hdds-1982-decom-states-q64lx-3787986432, networkLocation: /default-rack, certSerialId: null}
2019-09-11 10:58:25,260 [grpc-default-executor-6] INFO  impl.RaftServerProxy (RaftServerProxy.java:remove(95)) - 2759b58a-2fbd-4e45-94a8-47799d948184: remove group-17832C0C68B9:null
2019-09-11 10:58:25,262 [RatisPipelineUtilsThread] WARN  pipeline.RatisPipelineUtils (RatisPipelineUtils.java:destroyPipeline(66)) - Pipeline destroy failed for pipeline=PipelineID=611d975d-381d-4bb5-be57-17832c0c68b9 dn=2759b58a-2fbd-4e45-94a8-47799d948184{ip: 192.168.69.96, host: pr-hdds-1982-decom-states-q64lx-3787986432, networkLocation: /default-rack, certSerialId: null}
2019-09-11 10:58:25,265 [grpc-default-executor-6] INFO  impl.RaftServerProxy (RaftServerProxy.java:remove(95)) - 877608bb-19c4-4d8c-8958-a78beaef70b4: remove group-17832C0C68B9:null
2019-09-11 10:58:25,267 [RatisPipelineUtilsThread] WARN  pipeline.RatisPipelineUtils (RatisPipelineUtils.java:destroyPipeline(66)) - Pipeline destroy failed for pipeline=PipelineID=611d975d-381d-4bb5-be57-17832c0c68b9 dn=877608bb-19c4-4d8c-8958-a78beaef70b4{ip: 192.168.69.96, host: pr-hdds-1982-decom-states-q64lx-3787986432, networkLocation: /default-rack, certSerialId: null}
2019-09-11 10:58:25,267 [RatisPipelineUtilsThread] ERROR pipeline.SCMPipelineManager (Scheduler.java:lambda$schedule$1(70)) - Destroy pipeline failed for pipeline:Pipeline[ Id: 611d975d-381d-4bb5-be57-17832c0c68b9, Nodes: 2567324e-9700-4950-ac37-98ef668bcfff{ip: 192.168.69.96, host: pr-hdds-1982-decom-states-q64lx-3787986432, networkLocation: /default-rack, certSerialId: null}2759b58a-2fbd-4e45-94a8-47799d948184{ip: 192.168.69.96, host: pr-hdds-1982-decom-states-q64lx-3787986432, networkLocation: /default-rack, certSerialId: null}877608bb-19c4-4d8c-8958-a78beaef70b4{ip: 192.168.69.96, host: pr-hdds-1982-decom-states-q64lx-3787986432, networkLocation: /default-rack, certSerialId: null}, Type:RATIS, Factor:THREE, State:CLOSED]
org.apache.hadoop.hdds.scm.pipeline.PipelineNotFoundException: PipelineID=611d975d-381d-4bb5-be57-17832c0c68b9 not found
	at org.apache.hadoop.hdds.scm.pipeline.PipelineStateMap.getPipeline(PipelineStateMap.java:132)
	at org.apache.hadoop.hdds.scm.pipeline.PipelineStateMap.removePipeline(PipelineStateMap.java:322)
	at org.apache.hadoop.hdds.scm.pipeline.PipelineStateManager.removePipeline(PipelineStateManager.java:107)
	at org.apache.hadoop.hdds.scm.pipeline.SCMPipelineManager.removePipeline(SCMPipelineManager.java:423)
	at org.apache.hadoop.hdds.scm.pipeline.SCMPipelineManager.destroyPipeline(SCMPipelineManager.java:409)
	at org.apache.hadoop.hdds.scm.pipeline.SCMPipelineManager.lambda$finalizeAndDestroyPipeline$0(SCMPipelineManager.java:318)
	at org.apache.hadoop.utils.Scheduler.lambda$schedule$1(Scheduler.java:68)
	at java.util.concurrent.Executors$RunnableAdapter.call(Executors.java:511)
	at java.util.concurrent.FutureTask.run(FutureTask.java:266)
	at java.util.concurrent.ScheduledThreadPoolExecutor$ScheduledFutureTask.access$201(ScheduledThreadPoolExecutor.java:180)
	at java.util.concurrent.ScheduledThreadPoolExecutor$ScheduledFutureTask.run(ScheduledThreadPoolExecutor.java:293)
	at java.util.concurrent.ThreadPoolExecutor.runWorker(ThreadPoolExecutor.java:1149)
	at java.util.concurrent.ThreadPoolExecutor$Worker.run(ThreadPoolExecutor.java:624)
	at java.lang.Thread.run(Thread.java:748)
2019-09-11 10:58:26,383 [75ec484c-7743-415c-a891-044da79f6b4d@group-8D9933079AAA-SegmentedRaftLogWorker] WARN  segmented.SegmentedRaftLogWorker (SegmentedRaftLogWorker.java:getFromFuture(90)) - Timeout 4/~
org.apache.ratis.protocol.TimeoutIOException: Timeout 10s: WriteLog:76: (t:1, i:76), STATEMACHINELOGENTRY, client-95694700298B, cid=191-writeStateMachineData
	at org.apache.ratis.util.IOUtils.getFromFuture(IOUtils.java:87)
	at org.apache.ratis.server.raftlog.segmented.SegmentedRaftLogWorker$StateMachineDataPolicy.getFromFuture(SegmentedRaftLogWorker.java:87)
	at org.apache.ratis.server.raftlog.segmented.SegmentedRaftLogWorker$WriteLog.execute(SegmentedRaftLogWorker.java:477)
	at org.apache.ratis.server.raftlog.segmented.SegmentedRaftLogWorker.run(SegmentedRaftLogWorker.java:289)
	at java.lang.Thread.run(Thread.java:748)
Caused by: java.util.concurrent.TimeoutException
	at java.util.concurrent.CompletableFuture.timedGet(CompletableFuture.java:1771)
	at java.util.concurrent.CompletableFuture.get(CompletableFuture.java:1915)
	at org.apache.ratis.util.IOUtils.getFromFuture(IOUtils.java:79)
	... 4 more
2019-09-11 10:58:26,384 [08f1fccb-3813-4a19-b386-9d1a73d37d0e@group-8D9933079AAA-SegmentedRaftLogWorker] WARN  segmented.SegmentedRaftLogWorker (SegmentedRaftLogWorker.java:getFromFuture(90)) - Timeout 4/~
org.apache.ratis.protocol.TimeoutIOException: Timeout 10s: WriteLog:76: (t:1, i:76), STATEMACHINELOGENTRY, client-95694700298B, cid=191-writeStateMachineData
	at org.apache.ratis.util.IOUtils.getFromFuture(IOUtils.java:87)
	at org.apache.ratis.server.raftlog.segmented.SegmentedRaftLogWorker$StateMachineDataPolicy.getFromFuture(SegmentedRaftLogWorker.java:87)
	at org.apache.ratis.server.raftlog.segmented.SegmentedRaftLogWorker$WriteLog.execute(SegmentedRaftLogWorker.java:477)
	at org.apache.ratis.server.raftlog.segmented.SegmentedRaftLogWorker.run(SegmentedRaftLogWorker.java:289)
	at java.lang.Thread.run(Thread.java:748)
Caused by: java.util.concurrent.TimeoutException
	at java.util.concurrent.CompletableFuture.timedGet(CompletableFuture.java:1771)
	at java.util.concurrent.CompletableFuture.get(CompletableFuture.java:1915)
	at org.apache.ratis.util.IOUtils.getFromFuture(IOUtils.java:79)
	... 4 more
2019-09-11 10:58:26,384 [4664729b-c9fa-423e-9516-a47fa5640f67@group-8D9933079AAA-SegmentedRaftLogWorker] WARN  segmented.SegmentedRaftLogWorker (SegmentedRaftLogWorker.java:getFromFuture(90)) - Timeout 4/~
org.apache.ratis.protocol.TimeoutIOException: Timeout 10s: WriteLog:76: (t:1, i:76), STATEMACHINELOGENTRY, client-95694700298B, cid=191-writeStateMachineData
	at org.apache.ratis.util.IOUtils.getFromFuture(IOUtils.java:87)
	at org.apache.ratis.server.raftlog.segmented.SegmentedRaftLogWorker$StateMachineDataPolicy.getFromFuture(SegmentedRaftLogWorker.java:87)
	at org.apache.ratis.server.raftlog.segmented.SegmentedRaftLogWorker$WriteLog.execute(SegmentedRaftLogWorker.java:477)
	at org.apache.ratis.server.raftlog.segmented.SegmentedRaftLogWorker.run(SegmentedRaftLogWorker.java:289)
	at java.lang.Thread.run(Thread.java:748)
Caused by: java.util.concurrent.TimeoutException
	at java.util.concurrent.CompletableFuture.timedGet(CompletableFuture.java:1771)
	at java.util.concurrent.CompletableFuture.get(CompletableFuture.java:1915)
	at org.apache.ratis.util.IOUtils.getFromFuture(IOUtils.java:79)
	... 4 more
2019-09-11 10:58:26,894 [java.util.concurrent.ThreadPoolExecutor$Worker@fabb77[State = -1, empty queue]] WARN  server.GrpcLogAppender (GrpcLogAppender.java:timeoutAppendRequest(200)) - 75ec484c-7743-415c-a891-044da79f6b4d@group-8D9933079AAA->08f1fccb-3813-4a19-b386-9d1a73d37d0e-GrpcLogAppender: appendEntries Timeout, request=75ec484c-7743-415c-a891-044da79f6b4d->08f1fccb-3813-4a19-b386-9d1a73d37d0e#173-t1, previous=(t:1, i:79), leaderCommit=75, initializing? false, entries: <empty>
2019-09-11 10:58:26,894 [java.util.concurrent.ThreadPoolExecutor$Worker@4b358f7e[State = -1, empty queue]] WARN  server.GrpcLogAppender (GrpcLogAppender.java:timeoutAppendRequest(200)) - 75ec484c-7743-415c-a891-044da79f6b4d@group-8D9933079AAA->4664729b-c9fa-423e-9516-a47fa5640f67-GrpcLogAppender: appendEntries Timeout, request=75ec484c-7743-415c-a891-044da79f6b4d->4664729b-c9fa-423e-9516-a47fa5640f67#173-t1, previous=(t:1, i:79), leaderCommit=75, initializing? false, entries: <empty>
2019-09-11 10:58:26,917 [grpc-default-executor-7] INFO  client.GrpcClientProtocolClient (GrpcClientProtocolClient.java:onNext(264)) - client-95694700298B->08f1fccb-3813-4a19-b386-9d1a73d37d0e: receive RaftClientReply:client-95694700298B->08f1fccb-3813-4a19-b386-9d1a73d37d0e@group-8D9933079AAA, cid=191, FAILED org.apache.ratis.protocol.NotLeaderException: Server 08f1fccb-3813-4a19-b386-9d1a73d37d0e@group-8D9933079AAA is not the leader 75ec484c-7743-415c-a891-044da79f6b4d:192.168.69.96:41248, logIndex=0, commits[08f1fccb-3813-4a19-b386-9d1a73d37d0e:c75, 4664729b-c9fa-423e-9516-a47fa5640f67:c74, 75ec484c-7743-415c-a891-044da79f6b4d:c75]
2019-09-11 10:58:27,248 [grpc-default-executor-6] INFO  impl.RaftServerProxy (RaftServerProxy.java:remove(95)) - 2567324e-9700-4950-ac37-98ef668bcfff: remove group-17832C0C68B9:null
2019-09-11 10:58:27,252 [RatisPipelineUtilsThread] WARN  pipeline.RatisPipelineUtils (RatisPipelineUtils.java:destroyPipeline(66)) - Pipeline destroy failed for pipeline=PipelineID=611d975d-381d-4bb5-be57-17832c0c68b9 dn=2567324e-9700-4950-ac37-98ef668bcfff{ip: 192.168.69.96, host: pr-hdds-1982-decom-states-q64lx-3787986432, networkLocation: /default-rack, certSerialId: null}
2019-09-11 10:58:27,255 [grpc-default-executor-6] INFO  impl.RaftServerProxy (RaftServerProxy.java:remove(95)) - 2759b58a-2fbd-4e45-94a8-47799d948184: remove group-17832C0C68B9:null
2019-09-11 10:58:27,257 [RatisPipelineUtilsThread] WARN  pipeline.RatisPipelineUtils (RatisPipelineUtils.java:destroyPipeline(66)) - Pipeline destroy failed for pipeline=PipelineID=611d975d-381d-4bb5-be57-17832c0c68b9 dn=2759b58a-2fbd-4e45-94a8-47799d948184{ip: 192.168.69.96, host: pr-hdds-1982-decom-states-q64lx-3787986432, networkLocation: /default-rack, certSerialId: null}
2019-09-11 10:58:27,260 [grpc-default-executor-6] INFO  impl.RaftServerProxy (RaftServerProxy.java:remove(95)) - 877608bb-19c4-4d8c-8958-a78beaef70b4: remove group-17832C0C68B9:null
2019-09-11 10:58:27,262 [RatisPipelineUtilsThread] WARN  pipeline.RatisPipelineUtils (RatisPipelineUtils.java:destroyPipeline(66)) - Pipeline destroy failed for pipeline=PipelineID=611d975d-381d-4bb5-be57-17832c0c68b9 dn=877608bb-19c4-4d8c-8958-a78beaef70b4{ip: 192.168.69.96, host: pr-hdds-1982-decom-states-q64lx-3787986432, networkLocation: /default-rack, certSerialId: null}
2019-09-11 10:58:27,271 [RatisPipelineUtilsThread] ERROR pipeline.SCMPipelineManager (Scheduler.java:lambda$schedule$1(70)) - Destroy pipeline failed for pipeline:Pipeline[ Id: 611d975d-381d-4bb5-be57-17832c0c68b9, Nodes: 2567324e-9700-4950-ac37-98ef668bcfff{ip: 192.168.69.96, host: pr-hdds-1982-decom-states-q64lx-3787986432, networkLocation: /default-rack, certSerialId: null}2759b58a-2fbd-4e45-94a8-47799d948184{ip: 192.168.69.96, host: pr-hdds-1982-decom-states-q64lx-3787986432, networkLocation: /default-rack, certSerialId: null}877608bb-19c4-4d8c-8958-a78beaef70b4{ip: 192.168.69.96, host: pr-hdds-1982-decom-states-q64lx-3787986432, networkLocation: /default-rack, certSerialId: null}, Type:RATIS, Factor:THREE, State:CLOSED]
org.apache.hadoop.hdds.scm.pipeline.PipelineNotFoundException: PipelineID=611d975d-381d-4bb5-be57-17832c0c68b9 not found
	at org.apache.hadoop.hdds.scm.pipeline.PipelineStateMap.getPipeline(PipelineStateMap.java:132)
	at org.apache.hadoop.hdds.scm.pipeline.PipelineStateMap.removePipeline(PipelineStateMap.java:322)
	at org.apache.hadoop.hdds.scm.pipeline.PipelineStateManager.removePipeline(PipelineStateManager.java:107)
	at org.apache.hadoop.hdds.scm.pipeline.SCMPipelineManager.removePipeline(SCMPipelineManager.java:423)
	at org.apache.hadoop.hdds.scm.pipeline.SCMPipelineManager.destroyPipeline(SCMPipelineManager.java:409)
	at org.apache.hadoop.hdds.scm.pipeline.SCMPipelineManager.lambda$finalizeAndDestroyPipeline$0(SCMPipelineManager.java:318)
	at org.apache.hadoop.utils.Scheduler.lambda$schedule$1(Scheduler.java:68)
	at java.util.concurrent.Executors$RunnableAdapter.call(Executors.java:511)
	at java.util.concurrent.FutureTask.run(FutureTask.java:266)
	at java.util.concurrent.ScheduledThreadPoolExecutor$ScheduledFutureTask.access$201(ScheduledThreadPoolExecutor.java:180)
	at java.util.concurrent.ScheduledThreadPoolExecutor$ScheduledFutureTask.run(ScheduledThreadPoolExecutor.java:293)
	at java.util.concurrent.ThreadPoolExecutor.runWorker(ThreadPoolExecutor.java:1149)
	at java.util.concurrent.ThreadPoolExecutor$Worker.run(ThreadPoolExecutor.java:624)
	at java.lang.Thread.run(Thread.java:748)
2019-09-11 10:58:29,394 [java.util.concurrent.ThreadPoolExecutor$Worker@fabb77[State = -1, empty queue]] WARN  server.GrpcLogAppender (GrpcLogAppender.java:timeoutAppendRequest(200)) - 75ec484c-7743-415c-a891-044da79f6b4d@group-8D9933079AAA->08f1fccb-3813-4a19-b386-9d1a73d37d0e-GrpcLogAppender: appendEntries Timeout, request=75ec484c-7743-415c-a891-044da79f6b4d->08f1fccb-3813-4a19-b386-9d1a73d37d0e#174-t1, previous=(t:1, i:79), leaderCommit=75, initializing? false, entries: <empty>
2019-09-11 10:58:29,394 [java.util.concurrent.ThreadPoolExecutor$Worker@4b358f7e[State = -1, empty queue]] WARN  server.GrpcLogAppender (GrpcLogAppender.java:timeoutAppendRequest(200)) - 75ec484c-7743-415c-a891-044da79f6b4d@group-8D9933079AAA->4664729b-c9fa-423e-9516-a47fa5640f67-GrpcLogAppender: appendEntries Timeout, request=75ec484c-7743-415c-a891-044da79f6b4d->4664729b-c9fa-423e-9516-a47fa5640f67#174-t1, previous=(t:1, i:79), leaderCommit=75, initializing? false, entries: <empty>
2019-09-11 10:58:30,258 [grpc-default-executor-6] INFO  impl.RaftServerProxy (RaftServerProxy.java:remove(95)) - 2567324e-9700-4950-ac37-98ef668bcfff: remove group-17832C0C68B9:null
2019-09-11 10:58:30,263 [RatisPipelineUtilsThread] WARN  pipeline.RatisPipelineUtils (RatisPipelineUtils.java:destroyPipeline(66)) - Pipeline destroy failed for pipeline=PipelineID=611d975d-381d-4bb5-be57-17832c0c68b9 dn=2567324e-9700-4950-ac37-98ef668bcfff{ip: 192.168.69.96, host: pr-hdds-1982-decom-states-q64lx-3787986432, networkLocation: /default-rack, certSerialId: null}
2019-09-11 10:58:30,266 [grpc-default-executor-6] INFO  impl.RaftServerProxy (RaftServerProxy.java:remove(95)) - 2759b58a-2fbd-4e45-94a8-47799d948184: remove group-17832C0C68B9:null
2019-09-11 10:58:30,268 [RatisPipelineUtilsThread] WARN  pipeline.RatisPipelineUtils (RatisPipelineUtils.java:destroyPipeline(66)) - Pipeline destroy failed for pipeline=PipelineID=611d975d-381d-4bb5-be57-17832c0c68b9 dn=2759b58a-2fbd-4e45-94a8-47799d948184{ip: 192.168.69.96, host: pr-hdds-1982-decom-states-q64lx-3787986432, networkLocation: /default-rack, certSerialId: null}
2019-09-11 10:58:30,270 [grpc-default-executor-6] INFO  impl.RaftServerProxy (RaftServerProxy.java:remove(95)) - 877608bb-19c4-4d8c-8958-a78beaef70b4: remove group-17832C0C68B9:null
2019-09-11 10:58:30,272 [RatisPipelineUtilsThread] WARN  pipeline.RatisPipelineUtils (RatisPipelineUtils.java:destroyPipeline(66)) - Pipeline destroy failed for pipeline=PipelineID=611d975d-381d-4bb5-be57-17832c0c68b9 dn=877608bb-19c4-4d8c-8958-a78beaef70b4{ip: 192.168.69.96, host: pr-hdds-1982-decom-states-q64lx-3787986432, networkLocation: /default-rack, certSerialId: null}
2019-09-11 10:58:30,272 [RatisPipelineUtilsThread] ERROR pipeline.SCMPipelineManager (Scheduler.java:lambda$schedule$1(70)) - Destroy pipeline failed for pipeline:Pipeline[ Id: 611d975d-381d-4bb5-be57-17832c0c68b9, Nodes: 2567324e-9700-4950-ac37-98ef668bcfff{ip: 192.168.69.96, host: pr-hdds-1982-decom-states-q64lx-3787986432, networkLocation: /default-rack, certSerialId: null}2759b58a-2fbd-4e45-94a8-47799d948184{ip: 192.168.69.96, host: pr-hdds-1982-decom-states-q64lx-3787986432, networkLocation: /default-rack, certSerialId: null}877608bb-19c4-4d8c-8958-a78beaef70b4{ip: 192.168.69.96, host: pr-hdds-1982-decom-states-q64lx-3787986432, networkLocation: /default-rack, certSerialId: null}, Type:RATIS, Factor:THREE, State:CLOSED]
org.apache.hadoop.hdds.scm.pipeline.PipelineNotFoundException: PipelineID=611d975d-381d-4bb5-be57-17832c0c68b9 not found
	at org.apache.hadoop.hdds.scm.pipeline.PipelineStateMap.getPipeline(PipelineStateMap.java:132)
	at org.apache.hadoop.hdds.scm.pipeline.PipelineStateMap.removePipeline(PipelineStateMap.java:322)
	at org.apache.hadoop.hdds.scm.pipeline.PipelineStateManager.removePipeline(PipelineStateManager.java:107)
	at org.apache.hadoop.hdds.scm.pipeline.SCMPipelineManager.removePipeline(SCMPipelineManager.java:423)
	at org.apache.hadoop.hdds.scm.pipeline.SCMPipelineManager.destroyPipeline(SCMPipelineManager.java:409)
	at org.apache.hadoop.hdds.scm.pipeline.SCMPipelineManager.lambda$finalizeAndDestroyPipeline$0(SCMPipelineManager.java:318)
	at org.apache.hadoop.utils.Scheduler.lambda$schedule$1(Scheduler.java:68)
	at java.util.concurrent.Executors$RunnableAdapter.call(Executors.java:511)
	at java.util.concurrent.FutureTask.run(FutureTask.java:266)
	at java.util.concurrent.ScheduledThreadPoolExecutor$ScheduledFutureTask.access$201(ScheduledThreadPoolExecutor.java:180)
	at java.util.concurrent.ScheduledThreadPoolExecutor$ScheduledFutureTask.run(ScheduledThreadPoolExecutor.java:293)
	at java.util.concurrent.ThreadPoolExecutor.runWorker(ThreadPoolExecutor.java:1149)
	at java.util.concurrent.ThreadPoolExecutor$Worker.run(ThreadPoolExecutor.java:624)
	at java.lang.Thread.run(Thread.java:748)
2019-09-11 10:58:31,895 [java.util.concurrent.ThreadPoolExecutor$Worker@fabb77[State = -1, empty queue]] WARN  server.GrpcLogAppender (GrpcLogAppender.java:timeoutAppendRequest(200)) - 75ec484c-7743-415c-a891-044da79f6b4d@group-8D9933079AAA->08f1fccb-3813-4a19-b386-9d1a73d37d0e-GrpcLogAppender: appendEntries Timeout, request=75ec484c-7743-415c-a891-044da79f6b4d->08f1fccb-3813-4a19-b386-9d1a73d37d0e#175-t1, previous=(t:1, i:79), leaderCommit=75, initializing? false, entries: <empty>
2019-09-11 10:58:31,895 [java.util.concurrent.ThreadPoolExecutor$Worker@4b358f7e[State = -1, empty queue]] WARN  server.GrpcLogAppender (GrpcLogAppender.java:timeoutAppendRequest(200)) - 75ec484c-7743-415c-a891-044da79f6b4d@group-8D9933079AAA->4664729b-c9fa-423e-9516-a47fa5640f67-GrpcLogAppender: appendEntries Timeout, request=75ec484c-7743-415c-a891-044da79f6b4d->4664729b-c9fa-423e-9516-a47fa5640f67#175-t1, previous=(t:1, i:79), leaderCommit=75, initializing? false, entries: <empty>
2019-09-11 10:58:31,968 [grpc-default-executor-6] INFO  client.GrpcClientProtocolClient (GrpcClientProtocolClient.java:onNext(264)) - client-95694700298B->4664729b-c9fa-423e-9516-a47fa5640f67: receive RaftClientReply:client-95694700298B->4664729b-c9fa-423e-9516-a47fa5640f67@group-8D9933079AAA, cid=191, FAILED org.apache.ratis.protocol.NotLeaderException: Server 4664729b-c9fa-423e-9516-a47fa5640f67@group-8D9933079AAA is not the leader 75ec484c-7743-415c-a891-044da79f6b4d:192.168.69.96:41248, logIndex=0, commits[4664729b-c9fa-423e-9516-a47fa5640f67:c75, 08f1fccb-3813-4a19-b386-9d1a73d37d0e:c74, 75ec484c-7743-415c-a891-044da79f6b4d:c75]
2019-09-11 10:58:32,248 [grpc-default-executor-6] INFO  impl.RaftServerProxy (RaftServerProxy.java:remove(95)) - 2567324e-9700-4950-ac37-98ef668bcfff: remove group-17832C0C68B9:null
2019-09-11 10:58:32,252 [RatisPipelineUtilsThread] WARN  pipeline.RatisPipelineUtils (RatisPipelineUtils.java:destroyPipeline(66)) - Pipeline destroy failed for pipeline=PipelineID=611d975d-381d-4bb5-be57-17832c0c68b9 dn=2567324e-9700-4950-ac37-98ef668bcfff{ip: 192.168.69.96, host: pr-hdds-1982-decom-states-q64lx-3787986432, networkLocation: /default-rack, certSerialId: null}
2019-09-11 10:58:32,255 [grpc-default-executor-6] INFO  impl.RaftServerProxy (RaftServerProxy.java:remove(95)) - 2759b58a-2fbd-4e45-94a8-47799d948184: remove group-17832C0C68B9:null
2019-09-11 10:58:32,257 [RatisPipelineUtilsThread] WARN  pipeline.RatisPipelineUtils (RatisPipelineUtils.java:destroyPipeline(66)) - Pipeline destroy failed for pipeline=PipelineID=611d975d-381d-4bb5-be57-17832c0c68b9 dn=2759b58a-2fbd-4e45-94a8-47799d948184{ip: 192.168.69.96, host: pr-hdds-1982-decom-states-q64lx-3787986432, networkLocation: /default-rack, certSerialId: null}
2019-09-11 10:58:32,259 [grpc-default-executor-6] INFO  impl.RaftServerProxy (RaftServerProxy.java:remove(95)) - 877608bb-19c4-4d8c-8958-a78beaef70b4: remove group-17832C0C68B9:null
2019-09-11 10:58:32,261 [RatisPipelineUtilsThread] WARN  pipeline.RatisPipelineUtils (RatisPipelineUtils.java:destroyPipeline(66)) - Pipeline destroy failed for pipeline=PipelineID=611d975d-381d-4bb5-be57-17832c0c68b9 dn=877608bb-19c4-4d8c-8958-a78beaef70b4{ip: 192.168.69.96, host: pr-hdds-1982-decom-states-q64lx-3787986432, networkLocation: /default-rack, certSerialId: null}
2019-09-11 10:58:32,262 [RatisPipelineUtilsThread] ERROR pipeline.SCMPipelineManager (Scheduler.java:lambda$schedule$1(70)) - Destroy pipeline failed for pipeline:Pipeline[ Id: 611d975d-381d-4bb5-be57-17832c0c68b9, Nodes: 2567324e-9700-4950-ac37-98ef668bcfff{ip: 192.168.69.96, host: pr-hdds-1982-decom-states-q64lx-3787986432, networkLocation: /default-rack, certSerialId: null}2759b58a-2fbd-4e45-94a8-47799d948184{ip: 192.168.69.96, host: pr-hdds-1982-decom-states-q64lx-3787986432, networkLocation: /default-rack, certSerialId: null}877608bb-19c4-4d8c-8958-a78beaef70b4{ip: 192.168.69.96, host: pr-hdds-1982-decom-states-q64lx-3787986432, networkLocation: /default-rack, certSerialId: null}, Type:RATIS, Factor:THREE, State:CLOSED]
org.apache.hadoop.hdds.scm.pipeline.PipelineNotFoundException: PipelineID=611d975d-381d-4bb5-be57-17832c0c68b9 not found
	at org.apache.hadoop.hdds.scm.pipeline.PipelineStateMap.getPipeline(PipelineStateMap.java:132)
	at org.apache.hadoop.hdds.scm.pipeline.PipelineStateMap.removePipeline(PipelineStateMap.java:322)
	at org.apache.hadoop.hdds.scm.pipeline.PipelineStateManager.removePipeline(PipelineStateManager.java:107)
	at org.apache.hadoop.hdds.scm.pipeline.SCMPipelineManager.removePipeline(SCMPipelineManager.java:423)
	at org.apache.hadoop.hdds.scm.pipeline.SCMPipelineManager.destroyPipeline(SCMPipelineManager.java:409)
	at org.apache.hadoop.hdds.scm.pipeline.SCMPipelineManager.lambda$finalizeAndDestroyPipeline$0(SCMPipelineManager.java:318)
	at org.apache.hadoop.utils.Scheduler.lambda$schedule$1(Scheduler.java:68)
	at java.util.concurrent.Executors$RunnableAdapter.call(Executors.java:511)
	at java.util.concurrent.FutureTask.run(FutureTask.java:266)
	at java.util.concurrent.ScheduledThreadPoolExecutor$ScheduledFutureTask.access$201(ScheduledThreadPoolExecutor.java:180)
	at java.util.concurrent.ScheduledThreadPoolExecutor$ScheduledFutureTask.run(ScheduledThreadPoolExecutor.java:293)
	at java.util.concurrent.ThreadPoolExecutor.runWorker(ThreadPoolExecutor.java:1149)
	at java.util.concurrent.ThreadPoolExecutor$Worker.run(ThreadPoolExecutor.java:624)
	at java.lang.Thread.run(Thread.java:748)
2019-09-11 10:58:34,395 [java.util.concurrent.ThreadPoolExecutor$Worker@fabb77[State = -1, empty queue]] WARN  server.GrpcLogAppender (GrpcLogAppender.java:timeoutAppendRequest(200)) - 75ec484c-7743-415c-a891-044da79f6b4d@group-8D9933079AAA->08f1fccb-3813-4a19-b386-9d1a73d37d0e-GrpcLogAppender: appendEntries Timeout, request=75ec484c-7743-415c-a891-044da79f6b4d->08f1fccb-3813-4a19-b386-9d1a73d37d0e#176-t1, previous=(t:1, i:79), leaderCommit=75, initializing? false, entries: <empty>
2019-09-11 10:58:34,395 [java.util.concurrent.ThreadPoolExecutor$Worker@4b358f7e[State = -1, empty queue]] WARN  server.GrpcLogAppender (GrpcLogAppender.java:timeoutAppendRequest(200)) - 75ec484c-7743-415c-a891-044da79f6b4d@group-8D9933079AAA->4664729b-c9fa-423e-9516-a47fa5640f67-GrpcLogAppender: appendEntries Timeout, request=75ec484c-7743-415c-a891-044da79f6b4d->4664729b-c9fa-423e-9516-a47fa5640f67#176-t1, previous=(t:1, i:79), leaderCommit=75, initializing? false, entries: <empty>
2019-09-11 10:58:35,252 [grpc-default-executor-7] INFO  impl.RaftServerProxy (RaftServerProxy.java:remove(95)) - 2567324e-9700-4950-ac37-98ef668bcfff: remove group-17832C0C68B9:null
2019-09-11 10:58:35,257 [RatisPipelineUtilsThread] WARN  pipeline.RatisPipelineUtils (RatisPipelineUtils.java:destroyPipeline(66)) - Pipeline destroy failed for pipeline=PipelineID=611d975d-381d-4bb5-be57-17832c0c68b9 dn=2567324e-9700-4950-ac37-98ef668bcfff{ip: 192.168.69.96, host: pr-hdds-1982-decom-states-q64lx-3787986432, networkLocation: /default-rack, certSerialId: null}
2019-09-11 10:58:35,259 [grpc-default-executor-7] INFO  impl.RaftServerProxy (RaftServerProxy.java:remove(95)) - 2759b58a-2fbd-4e45-94a8-47799d948184: remove group-17832C0C68B9:null
2019-09-11 10:58:35,261 [RatisPipelineUtilsThread] WARN  pipeline.RatisPipelineUtils (RatisPipelineUtils.java:destroyPipeline(66)) - Pipeline destroy failed for pipeline=PipelineID=611d975d-381d-4bb5-be57-17832c0c68b9 dn=2759b58a-2fbd-4e45-94a8-47799d948184{ip: 192.168.69.96, host: pr-hdds-1982-decom-states-q64lx-3787986432, networkLocation: /default-rack, certSerialId: null}
2019-09-11 10:58:35,264 [grpc-default-executor-7] INFO  impl.RaftServerProxy (RaftServerProxy.java:remove(95)) - 877608bb-19c4-4d8c-8958-a78beaef70b4: remove group-17832C0C68B9:null
2019-09-11 10:58:35,266 [RatisPipelineUtilsThread] WARN  pipeline.RatisPipelineUtils (RatisPipelineUtils.java:destroyPipeline(66)) - Pipeline destroy failed for pipeline=PipelineID=611d975d-381d-4bb5-be57-17832c0c68b9 dn=877608bb-19c4-4d8c-8958-a78beaef70b4{ip: 192.168.69.96, host: pr-hdds-1982-decom-states-q64lx-3787986432, networkLocation: /default-rack, certSerialId: null}
2019-09-11 10:58:35,266 [RatisPipelineUtilsThread] ERROR pipeline.SCMPipelineManager (Scheduler.java:lambda$schedule$1(70)) - Destroy pipeline failed for pipeline:Pipeline[ Id: 611d975d-381d-4bb5-be57-17832c0c68b9, Nodes: 2567324e-9700-4950-ac37-98ef668bcfff{ip: 192.168.69.96, host: pr-hdds-1982-decom-states-q64lx-3787986432, networkLocation: /default-rack, certSerialId: null}2759b58a-2fbd-4e45-94a8-47799d948184{ip: 192.168.69.96, host: pr-hdds-1982-decom-states-q64lx-3787986432, networkLocation: /default-rack, certSerialId: null}877608bb-19c4-4d8c-8958-a78beaef70b4{ip: 192.168.69.96, host: pr-hdds-1982-decom-states-q64lx-3787986432, networkLocation: /default-rack, certSerialId: null}, Type:RATIS, Factor:THREE, State:CLOSED]
org.apache.hadoop.hdds.scm.pipeline.PipelineNotFoundException: PipelineID=611d975d-381d-4bb5-be57-17832c0c68b9 not found
	at org.apache.hadoop.hdds.scm.pipeline.PipelineStateMap.getPipeline(PipelineStateMap.java:132)
	at org.apache.hadoop.hdds.scm.pipeline.PipelineStateMap.removePipeline(PipelineStateMap.java:322)
	at org.apache.hadoop.hdds.scm.pipeline.PipelineStateManager.removePipeline(PipelineStateManager.java:107)
	at org.apache.hadoop.hdds.scm.pipeline.SCMPipelineManager.removePipeline(SCMPipelineManager.java:423)
	at org.apache.hadoop.hdds.scm.pipeline.SCMPipelineManager.destroyPipeline(SCMPipelineManager.java:409)
	at org.apache.hadoop.hdds.scm.pipeline.SCMPipelineManager.lambda$finalizeAndDestroyPipeline$0(SCMPipelineManager.java:318)
	at org.apache.hadoop.utils.Scheduler.lambda$schedule$1(Scheduler.java:68)
	at java.util.concurrent.Executors$RunnableAdapter.call(Executors.java:511)
	at java.util.concurrent.FutureTask.run(FutureTask.java:266)
	at java.util.concurrent.ScheduledThreadPoolExecutor$ScheduledFutureTask.access$201(ScheduledThreadPoolExecutor.java:180)
	at java.util.concurrent.ScheduledThreadPoolExecutor$ScheduledFutureTask.run(ScheduledThreadPoolExecutor.java:293)
	at java.util.concurrent.ThreadPoolExecutor.runWorker(ThreadPoolExecutor.java:1149)
	at java.util.concurrent.ThreadPoolExecutor$Worker.run(ThreadPoolExecutor.java:624)
	at java.lang.Thread.run(Thread.java:748)
2019-09-11 10:58:36,384 [75ec484c-7743-415c-a891-044da79f6b4d@group-8D9933079AAA-SegmentedRaftLogWorker] WARN  segmented.SegmentedRaftLogWorker (SegmentedRaftLogWorker.java:getFromFuture(90)) - Timeout 5/~
org.apache.ratis.protocol.TimeoutIOException: Timeout 10s: WriteLog:76: (t:1, i:76), STATEMACHINELOGENTRY, client-95694700298B, cid=191-writeStateMachineData
	at org.apache.ratis.util.IOUtils.getFromFuture(IOUtils.java:87)
	at org.apache.ratis.server.raftlog.segmented.SegmentedRaftLogWorker$StateMachineDataPolicy.getFromFuture(SegmentedRaftLogWorker.java:87)
	at org.apache.ratis.server.raftlog.segmented.SegmentedRaftLogWorker$WriteLog.execute(SegmentedRaftLogWorker.java:477)
	at org.apache.ratis.server.raftlog.segmented.SegmentedRaftLogWorker.run(SegmentedRaftLogWorker.java:289)
	at java.lang.Thread.run(Thread.java:748)
Caused by: java.util.concurrent.TimeoutException
	at java.util.concurrent.CompletableFuture.timedGet(CompletableFuture.java:1771)
	at java.util.concurrent.CompletableFuture.get(CompletableFuture.java:1915)
	at org.apache.ratis.util.IOUtils.getFromFuture(IOUtils.java:79)
	... 4 more
2019-09-11 10:58:36,385 [08f1fccb-3813-4a19-b386-9d1a73d37d0e@group-8D9933079AAA-SegmentedRaftLogWorker] WARN  segmented.SegmentedRaftLogWorker (SegmentedRaftLogWorker.java:getFromFuture(90)) - Timeout 5/~
org.apache.ratis.protocol.TimeoutIOException: Timeout 10s: WriteLog:76: (t:1, i:76), STATEMACHINELOGENTRY, client-95694700298B, cid=191-writeStateMachineData
	at org.apache.ratis.util.IOUtils.getFromFuture(IOUtils.java:87)
	at org.apache.ratis.server.raftlog.segmented.SegmentedRaftLogWorker$StateMachineDataPolicy.getFromFuture(SegmentedRaftLogWorker.java:87)
	at org.apache.ratis.server.raftlog.segmented.SegmentedRaftLogWorker$WriteLog.execute(SegmentedRaftLogWorker.java:477)
	at org.apache.ratis.server.raftlog.segmented.SegmentedRaftLogWorker.run(SegmentedRaftLogWorker.java:289)
	at java.lang.Thread.run(Thread.java:748)
Caused by: java.util.concurrent.TimeoutException
	at java.util.concurrent.CompletableFuture.timedGet(CompletableFuture.java:1771)
	at java.util.concurrent.CompletableFuture.get(CompletableFuture.java:1915)
	at org.apache.ratis.util.IOUtils.getFromFuture(IOUtils.java:79)
	... 4 more
2019-09-11 10:58:36,385 [4664729b-c9fa-423e-9516-a47fa5640f67@group-8D9933079AAA-SegmentedRaftLogWorker] WARN  segmented.SegmentedRaftLogWorker (SegmentedRaftLogWorker.java:getFromFuture(90)) - Timeout 5/~
org.apache.ratis.protocol.TimeoutIOException: Timeout 10s: WriteLog:76: (t:1, i:76), STATEMACHINELOGENTRY, client-95694700298B, cid=191-writeStateMachineData
	at org.apache.ratis.util.IOUtils.getFromFuture(IOUtils.java:87)
	at org.apache.ratis.server.raftlog.segmented.SegmentedRaftLogWorker$StateMachineDataPolicy.getFromFuture(SegmentedRaftLogWorker.java:87)
	at org.apache.ratis.server.raftlog.segmented.SegmentedRaftLogWorker$WriteLog.execute(SegmentedRaftLogWorker.java:477)
	at org.apache.ratis.server.raftlog.segmented.SegmentedRaftLogWorker.run(SegmentedRaftLogWorker.java:289)
	at java.lang.Thread.run(Thread.java:748)
Caused by: java.util.concurrent.TimeoutException
	at java.util.concurrent.CompletableFuture.timedGet(CompletableFuture.java:1771)
	at java.util.concurrent.CompletableFuture.get(CompletableFuture.java:1915)
	at org.apache.ratis.util.IOUtils.getFromFuture(IOUtils.java:79)
	... 4 more
2019-09-11 10:58:36,895 [java.util.concurrent.ThreadPoolExecutor$Worker@4b358f7e[State = -1, empty queue]] WARN  server.GrpcLogAppender (GrpcLogAppender.java:timeoutAppendRequest(200)) - 75ec484c-7743-415c-a891-044da79f6b4d@group-8D9933079AAA->4664729b-c9fa-423e-9516-a47fa5640f67-GrpcLogAppender: appendEntries Timeout, request=75ec484c-7743-415c-a891-044da79f6b4d->4664729b-c9fa-423e-9516-a47fa5640f67#177-t1, previous=(t:1, i:79), leaderCommit=75, initializing? false, entries: <empty>
2019-09-11 10:58:36,895 [java.util.concurrent.ThreadPoolExecutor$Worker@fabb77[State = -1, empty queue]] WARN  server.GrpcLogAppender (GrpcLogAppender.java:timeoutAppendRequest(200)) - 75ec484c-7743-415c-a891-044da79f6b4d@group-8D9933079AAA->08f1fccb-3813-4a19-b386-9d1a73d37d0e-GrpcLogAppender: appendEntries Timeout, request=75ec484c-7743-415c-a891-044da79f6b4d->08f1fccb-3813-4a19-b386-9d1a73d37d0e#177-t1, previous=(t:1, i:79), leaderCommit=75, initializing? false, entries: <empty>
2019-09-11 10:58:37,018 [grpc-default-executor-6] INFO  client.GrpcClientProtocolClient (GrpcClientProtocolClient.java:onNext(264)) - client-95694700298B->4664729b-c9fa-423e-9516-a47fa5640f67: receive RaftClientReply:client-95694700298B->4664729b-c9fa-423e-9516-a47fa5640f67@group-8D9933079AAA, cid=191, FAILED org.apache.ratis.protocol.NotLeaderException: Server 4664729b-c9fa-423e-9516-a47fa5640f67@group-8D9933079AAA is not the leader 75ec484c-7743-415c-a891-044da79f6b4d:192.168.69.96:41248, logIndex=0, commits[4664729b-c9fa-423e-9516-a47fa5640f67:c75, 08f1fccb-3813-4a19-b386-9d1a73d37d0e:c74, 75ec484c-7743-415c-a891-044da79f6b4d:c75]
2019-09-11 10:58:37,248 [grpc-default-executor-0] INFO  impl.RaftServerProxy (RaftServerProxy.java:remove(95)) - 2567324e-9700-4950-ac37-98ef668bcfff: remove group-17832C0C68B9:null
2019-09-11 10:58:37,250 [RatisPipelineUtilsThread] WARN  pipeline.RatisPipelineUtils (RatisPipelineUtils.java:destroyPipeline(66)) - Pipeline destroy failed for pipeline=PipelineID=611d975d-381d-4bb5-be57-17832c0c68b9 dn=2567324e-9700-4950-ac37-98ef668bcfff{ip: 192.168.69.96, host: pr-hdds-1982-decom-states-q64lx-3787986432, networkLocation: /default-rack, certSerialId: null}
2019-09-11 10:58:37,253 [grpc-default-executor-0] INFO  impl.RaftServerProxy (RaftServerProxy.java:remove(95)) - 2759b58a-2fbd-4e45-94a8-47799d948184: remove group-17832C0C68B9:null
2019-09-11 10:58:37,255 [RatisPipelineUtilsThread] WARN  pipeline.RatisPipelineUtils (RatisPipelineUtils.java:destroyPipeline(66)) - Pipeline destroy failed for pipeline=PipelineID=611d975d-381d-4bb5-be57-17832c0c68b9 dn=2759b58a-2fbd-4e45-94a8-47799d948184{ip: 192.168.69.96, host: pr-hdds-1982-decom-states-q64lx-3787986432, networkLocation: /default-rack, certSerialId: null}
2019-09-11 10:58:37,257 [grpc-default-executor-0] INFO  impl.RaftServerProxy (RaftServerProxy.java:remove(95)) - 877608bb-19c4-4d8c-8958-a78beaef70b4: remove group-17832C0C68B9:null
2019-09-11 10:58:37,259 [RatisPipelineUtilsThread] WARN  pipeline.RatisPipelineUtils (RatisPipelineUtils.java:destroyPipeline(66)) - Pipeline destroy failed for pipeline=PipelineID=611d975d-381d-4bb5-be57-17832c0c68b9 dn=877608bb-19c4-4d8c-8958-a78beaef70b4{ip: 192.168.69.96, host: pr-hdds-1982-decom-states-q64lx-3787986432, networkLocation: /default-rack, certSerialId: null}
2019-09-11 10:58:37,260 [RatisPipelineUtilsThread] ERROR pipeline.SCMPipelineManager (Scheduler.java:lambda$schedule$1(70)) - Destroy pipeline failed for pipeline:Pipeline[ Id: 611d975d-381d-4bb5-be57-17832c0c68b9, Nodes: 2567324e-9700-4950-ac37-98ef668bcfff{ip: 192.168.69.96, host: pr-hdds-1982-decom-states-q64lx-3787986432, networkLocation: /default-rack, certSerialId: null}2759b58a-2fbd-4e45-94a8-47799d948184{ip: 192.168.69.96, host: pr-hdds-1982-decom-states-q64lx-3787986432, networkLocation: /default-rack, certSerialId: null}877608bb-19c4-4d8c-8958-a78beaef70b4{ip: 192.168.69.96, host: pr-hdds-1982-decom-states-q64lx-3787986432, networkLocation: /default-rack, certSerialId: null}, Type:RATIS, Factor:THREE, State:CLOSED]
org.apache.hadoop.hdds.scm.pipeline.PipelineNotFoundException: PipelineID=611d975d-381d-4bb5-be57-17832c0c68b9 not found
	at org.apache.hadoop.hdds.scm.pipeline.PipelineStateMap.getPipeline(PipelineStateMap.java:132)
	at org.apache.hadoop.hdds.scm.pipeline.PipelineStateMap.removePipeline(PipelineStateMap.java:322)
	at org.apache.hadoop.hdds.scm.pipeline.PipelineStateManager.removePipeline(PipelineStateManager.java:107)
	at org.apache.hadoop.hdds.scm.pipeline.SCMPipelineManager.removePipeline(SCMPipelineManager.java:423)
	at org.apache.hadoop.hdds.scm.pipeline.SCMPipelineManager.destroyPipeline(SCMPipelineManager.java:409)
	at org.apache.hadoop.hdds.scm.pipeline.SCMPipelineManager.lambda$finalizeAndDestroyPipeline$0(SCMPipelineManager.java:318)
	at org.apache.hadoop.utils.Scheduler.lambda$schedule$1(Scheduler.java:68)
	at java.util.concurrent.Executors$RunnableAdapter.call(Executors.java:511)
	at java.util.concurrent.FutureTask.run(FutureTask.java:266)
	at java.util.concurrent.ScheduledThreadPoolExecutor$ScheduledFutureTask.access$201(ScheduledThreadPoolExecutor.java:180)
	at java.util.concurrent.ScheduledThreadPoolExecutor$ScheduledFutureTask.run(ScheduledThreadPoolExecutor.java:293)
	at java.util.concurrent.ThreadPoolExecutor.runWorker(ThreadPoolExecutor.java:1149)
	at java.util.concurrent.ThreadPoolExecutor$Worker.run(ThreadPoolExecutor.java:624)
	at java.lang.Thread.run(Thread.java:748)
2019-09-11 10:58:38,296 [grpc-default-executor-0] INFO  impl.RaftServerProxy (RaftServerProxy.java:remove(95)) - 2567324e-9700-4950-ac37-98ef668bcfff: remove group-17832C0C68B9:null
2019-09-11 10:58:38,298 [RatisPipelineUtilsThread] WARN  pipeline.RatisPipelineUtils (RatisPipelineUtils.java:destroyPipeline(66)) - Pipeline destroy failed for pipeline=PipelineID=611d975d-381d-4bb5-be57-17832c0c68b9 dn=2567324e-9700-4950-ac37-98ef668bcfff{ip: 192.168.69.96, host: pr-hdds-1982-decom-states-q64lx-3787986432, networkLocation: /default-rack, certSerialId: null}
2019-09-11 10:58:38,301 [grpc-default-executor-0] INFO  impl.RaftServerProxy (RaftServerProxy.java:remove(95)) - 2759b58a-2fbd-4e45-94a8-47799d948184: remove group-17832C0C68B9:null
2019-09-11 10:58:38,304 [RatisPipelineUtilsThread] WARN  pipeline.RatisPipelineUtils (RatisPipelineUtils.java:destroyPipeline(66)) - Pipeline destroy failed for pipeline=PipelineID=611d975d-381d-4bb5-be57-17832c0c68b9 dn=2759b58a-2fbd-4e45-94a8-47799d948184{ip: 192.168.69.96, host: pr-hdds-1982-decom-states-q64lx-3787986432, networkLocation: /default-rack, certSerialId: null}
2019-09-11 10:58:38,306 [grpc-default-executor-0] INFO  impl.RaftServerProxy (RaftServerProxy.java:remove(95)) - 877608bb-19c4-4d8c-8958-a78beaef70b4: remove group-17832C0C68B9:null
2019-09-11 10:58:38,309 [RatisPipelineUtilsThread] WARN  pipeline.RatisPipelineUtils (RatisPipelineUtils.java:destroyPipeline(66)) - Pipeline destroy failed for pipeline=PipelineID=611d975d-381d-4bb5-be57-17832c0c68b9 dn=877608bb-19c4-4d8c-8958-a78beaef70b4{ip: 192.168.69.96, host: pr-hdds-1982-decom-states-q64lx-3787986432, networkLocation: /default-rack, certSerialId: null}
2019-09-11 10:58:38,309 [RatisPipelineUtilsThread] ERROR pipeline.SCMPipelineManager (Scheduler.java:lambda$schedule$1(70)) - Destroy pipeline failed for pipeline:Pipeline[ Id: 611d975d-381d-4bb5-be57-17832c0c68b9, Nodes: 2567324e-9700-4950-ac37-98ef668bcfff{ip: 192.168.69.96, host: pr-hdds-1982-decom-states-q64lx-3787986432, networkLocation: /default-rack, certSerialId: null}2759b58a-2fbd-4e45-94a8-47799d948184{ip: 192.168.69.96, host: pr-hdds-1982-decom-states-q64lx-3787986432, networkLocation: /default-rack, certSerialId: null}877608bb-19c4-4d8c-8958-a78beaef70b4{ip: 192.168.69.96, host: pr-hdds-1982-decom-states-q64lx-3787986432, networkLocation: /default-rack, certSerialId: null}, Type:RATIS, Factor:THREE, State:CLOSED]
org.apache.hadoop.hdds.scm.pipeline.PipelineNotFoundException: PipelineID=611d975d-381d-4bb5-be57-17832c0c68b9 not found
	at org.apache.hadoop.hdds.scm.pipeline.PipelineStateMap.getPipeline(PipelineStateMap.java:132)
	at org.apache.hadoop.hdds.scm.pipeline.PipelineStateMap.removePipeline(PipelineStateMap.java:322)
	at org.apache.hadoop.hdds.scm.pipeline.PipelineStateManager.removePipeline(PipelineStateManager.java:107)
	at org.apache.hadoop.hdds.scm.pipeline.SCMPipelineManager.removePipeline(SCMPipelineManager.java:423)
	at org.apache.hadoop.hdds.scm.pipeline.SCMPipelineManager.destroyPipeline(SCMPipelineManager.java:409)
	at org.apache.hadoop.hdds.scm.pipeline.SCMPipelineManager.lambda$finalizeAndDestroyPipeline$0(SCMPipelineManager.java:318)
	at org.apache.hadoop.utils.Scheduler.lambda$schedule$1(Scheduler.java:68)
	at java.util.concurrent.Executors$RunnableAdapter.call(Executors.java:511)
	at java.util.concurrent.FutureTask.run(FutureTask.java:266)
	at java.util.concurrent.ScheduledThreadPoolExecutor$ScheduledFutureTask.access$201(ScheduledThreadPoolExecutor.java:180)
	at java.util.concurrent.ScheduledThreadPoolExecutor$ScheduledFutureTask.run(ScheduledThreadPoolExecutor.java:293)
	at java.util.concurrent.ThreadPoolExecutor.runWorker(ThreadPoolExecutor.java:1149)
	at java.util.concurrent.ThreadPoolExecutor$Worker.run(ThreadPoolExecutor.java:624)
	at java.lang.Thread.run(Thread.java:748)
2019-09-11 10:58:38,526 [grpc-default-executor-0] INFO  impl.RaftServerProxy (RaftServerProxy.java:remove(95)) - 2567324e-9700-4950-ac37-98ef668bcfff: remove group-17832C0C68B9:null
2019-09-11 10:58:38,529 [RatisPipelineUtilsThread] WARN  pipeline.RatisPipelineUtils (RatisPipelineUtils.java:destroyPipeline(66)) - Pipeline destroy failed for pipeline=PipelineID=611d975d-381d-4bb5-be57-17832c0c68b9 dn=2567324e-9700-4950-ac37-98ef668bcfff{ip: 192.168.69.96, host: pr-hdds-1982-decom-states-q64lx-3787986432, networkLocation: /default-rack, certSerialId: null}
2019-09-11 10:58:38,532 [grpc-default-executor-0] INFO  impl.RaftServerProxy (RaftServerProxy.java:remove(95)) - 2759b58a-2fbd-4e45-94a8-47799d948184: remove group-17832C0C68B9:null
2019-09-11 10:58:38,534 [RatisPipelineUtilsThread] WARN  pipeline.RatisPipelineUtils (RatisPipelineUtils.java:destroyPipeline(66)) - Pipeline destroy failed for pipeline=PipelineID=611d975d-381d-4bb5-be57-17832c0c68b9 dn=2759b58a-2fbd-4e45-94a8-47799d948184{ip: 192.168.69.96, host: pr-hdds-1982-decom-states-q64lx-3787986432, networkLocation: /default-rack, certSerialId: null}
2019-09-11 10:58:38,536 [grpc-default-executor-0] INFO  impl.RaftServerProxy (RaftServerProxy.java:remove(95)) - 877608bb-19c4-4d8c-8958-a78beaef70b4: remove group-17832C0C68B9:null
2019-09-11 10:58:38,538 [RatisPipelineUtilsThread] WARN  pipeline.RatisPipelineUtils (RatisPipelineUtils.java:destroyPipeline(66)) - Pipeline destroy failed for pipeline=PipelineID=611d975d-381d-4bb5-be57-17832c0c68b9 dn=877608bb-19c4-4d8c-8958-a78beaef70b4{ip: 192.168.69.96, host: pr-hdds-1982-decom-states-q64lx-3787986432, networkLocation: /default-rack, certSerialId: null}
2019-09-11 10:58:38,539 [RatisPipelineUtilsThread] ERROR pipeline.SCMPipelineManager (Scheduler.java:lambda$schedule$1(70)) - Destroy pipeline failed for pipeline:Pipeline[ Id: 611d975d-381d-4bb5-be57-17832c0c68b9, Nodes: 2567324e-9700-4950-ac37-98ef668bcfff{ip: 192.168.69.96, host: pr-hdds-1982-decom-states-q64lx-3787986432, networkLocation: /default-rack, certSerialId: null}2759b58a-2fbd-4e45-94a8-47799d948184{ip: 192.168.69.96, host: pr-hdds-1982-decom-states-q64lx-3787986432, networkLocation: /default-rack, certSerialId: null}877608bb-19c4-4d8c-8958-a78beaef70b4{ip: 192.168.69.96, host: pr-hdds-1982-decom-states-q64lx-3787986432, networkLocation: /default-rack, certSerialId: null}, Type:RATIS, Factor:THREE, State:CLOSED]
org.apache.hadoop.hdds.scm.pipeline.PipelineNotFoundException: PipelineID=611d975d-381d-4bb5-be57-17832c0c68b9 not found
	at org.apache.hadoop.hdds.scm.pipeline.PipelineStateMap.getPipeline(PipelineStateMap.java:132)
	at org.apache.hadoop.hdds.scm.pipeline.PipelineStateMap.removePipeline(PipelineStateMap.java:322)
	at org.apache.hadoop.hdds.scm.pipeline.PipelineStateManager.removePipeline(PipelineStateManager.java:107)
	at org.apache.hadoop.hdds.scm.pipeline.SCMPipelineManager.removePipeline(SCMPipelineManager.java:423)
	at org.apache.hadoop.hdds.scm.pipeline.SCMPipelineManager.destroyPipeline(SCMPipelineManager.java:409)
	at org.apache.hadoop.hdds.scm.pipeline.SCMPipelineManager.lambda$finalizeAndDestroyPipeline$0(SCMPipelineManager.java:318)
	at org.apache.hadoop.utils.Scheduler.lambda$schedule$1(Scheduler.java:68)
	at java.util.concurrent.Executors$RunnableAdapter.call(Executors.java:511)
	at java.util.concurrent.FutureTask.run(FutureTask.java:266)
	at java.util.concurrent.ScheduledThreadPoolExecutor$ScheduledFutureTask.access$201(ScheduledThreadPoolExecutor.java:180)
	at java.util.concurrent.ScheduledThreadPoolExecutor$ScheduledFutureTask.run(ScheduledThreadPoolExecutor.java:293)
	at java.util.concurrent.ThreadPoolExecutor.runWorker(ThreadPoolExecutor.java:1149)
	at java.util.concurrent.ThreadPoolExecutor$Worker.run(ThreadPoolExecutor.java:624)
	at java.lang.Thread.run(Thread.java:748)
2019-09-11 10:58:38,790 [grpc-default-executor-0] INFO  impl.RaftServerProxy (RaftServerProxy.java:remove(95)) - 2567324e-9700-4950-ac37-98ef668bcfff: remove group-17832C0C68B9:null
2019-09-11 10:58:38,793 [RatisPipelineUtilsThread] WARN  pipeline.RatisPipelineUtils (RatisPipelineUtils.java:destroyPipeline(66)) - Pipeline destroy failed for pipeline=PipelineID=611d975d-381d-4bb5-be57-17832c0c68b9 dn=2567324e-9700-4950-ac37-98ef668bcfff{ip: 192.168.69.96, host: pr-hdds-1982-decom-states-q64lx-3787986432, networkLocation: /default-rack, certSerialId: null}
2019-09-11 10:58:38,796 [grpc-default-executor-0] INFO  impl.RaftServerProxy (RaftServerProxy.java:remove(95)) - 2759b58a-2fbd-4e45-94a8-47799d948184: remove group-17832C0C68B9:null
2019-09-11 10:58:38,798 [RatisPipelineUtilsThread] WARN  pipeline.RatisPipelineUtils (RatisPipelineUtils.java:destroyPipeline(66)) - Pipeline destroy failed for pipeline=PipelineID=611d975d-381d-4bb5-be57-17832c0c68b9 dn=2759b58a-2fbd-4e45-94a8-47799d948184{ip: 192.168.69.96, host: pr-hdds-1982-decom-states-q64lx-3787986432, networkLocation: /default-rack, certSerialId: null}
2019-09-11 10:58:38,800 [grpc-default-executor-0] INFO  impl.RaftServerProxy (RaftServerProxy.java:remove(95)) - 877608bb-19c4-4d8c-8958-a78beaef70b4: remove group-17832C0C68B9:null
2019-09-11 10:58:38,803 [RatisPipelineUtilsThread] WARN  pipeline.RatisPipelineUtils (RatisPipelineUtils.java:destroyPipeline(66)) - Pipeline destroy failed for pipeline=PipelineID=611d975d-381d-4bb5-be57-17832c0c68b9 dn=877608bb-19c4-4d8c-8958-a78beaef70b4{ip: 192.168.69.96, host: pr-hdds-1982-decom-states-q64lx-3787986432, networkLocation: /default-rack, certSerialId: null}
2019-09-11 10:58:38,803 [RatisPipelineUtilsThread] ERROR pipeline.SCMPipelineManager (Scheduler.java:lambda$schedule$1(70)) - Destroy pipeline failed for pipeline:Pipeline[ Id: 611d975d-381d-4bb5-be57-17832c0c68b9, Nodes: 2567324e-9700-4950-ac37-98ef668bcfff{ip: 192.168.69.96, host: pr-hdds-1982-decom-states-q64lx-3787986432, networkLocation: /default-rack, certSerialId: null}2759b58a-2fbd-4e45-94a8-47799d948184{ip: 192.168.69.96, host: pr-hdds-1982-decom-states-q64lx-3787986432, networkLocation: /default-rack, certSerialId: null}877608bb-19c4-4d8c-8958-a78beaef70b4{ip: 192.168.69.96, host: pr-hdds-1982-decom-states-q64lx-3787986432, networkLocation: /default-rack, certSerialId: null}, Type:RATIS, Factor:THREE, State:CLOSED]
org.apache.hadoop.hdds.scm.pipeline.PipelineNotFoundException: PipelineID=611d975d-381d-4bb5-be57-17832c0c68b9 not found
	at org.apache.hadoop.hdds.scm.pipeline.PipelineStateMap.getPipeline(PipelineStateMap.java:132)
	at org.apache.hadoop.hdds.scm.pipeline.PipelineStateMap.removePipeline(PipelineStateMap.java:322)
	at org.apache.hadoop.hdds.scm.pipeline.PipelineStateManager.removePipeline(PipelineStateManager.java:107)
	at org.apache.hadoop.hdds.scm.pipeline.SCMPipelineManager.removePipeline(SCMPipelineManager.java:423)
	at org.apache.hadoop.hdds.scm.pipeline.SCMPipelineManager.destroyPipeline(SCMPipelineManager.java:409)
	at org.apache.hadoop.hdds.scm.pipeline.SCMPipelineManager.lambda$finalizeAndDestroyPipeline$0(SCMPipelineManager.java:318)
	at org.apache.hadoop.utils.Scheduler.lambda$schedule$1(Scheduler.java:68)
	at java.util.concurrent.Executors$RunnableAdapter.call(Executors.java:511)
	at java.util.concurrent.FutureTask.run(FutureTask.java:266)
	at java.util.concurrent.ScheduledThreadPoolExecutor$ScheduledFutureTask.access$201(ScheduledThreadPoolExecutor.java:180)
	at java.util.concurrent.ScheduledThreadPoolExecutor$ScheduledFutureTask.run(ScheduledThreadPoolExecutor.java:293)
	at java.util.concurrent.ThreadPoolExecutor.runWorker(ThreadPoolExecutor.java:1149)
	at java.util.concurrent.ThreadPoolExecutor$Worker.run(ThreadPoolExecutor.java:624)
	at java.lang.Thread.run(Thread.java:748)
2019-09-11 10:58:39,396 [java.util.concurrent.ThreadPoolExecutor$Worker@fabb77[State = -1, empty queue]] WARN  server.GrpcLogAppender (GrpcLogAppender.java:timeoutAppendRequest(200)) - 75ec484c-7743-415c-a891-044da79f6b4d@group-8D9933079AAA->08f1fccb-3813-4a19-b386-9d1a73d37d0e-GrpcLogAppender: appendEntries Timeout, request=75ec484c-7743-415c-a891-044da79f6b4d->08f1fccb-3813-4a19-b386-9d1a73d37d0e#178-t1, previous=(t:1, i:79), leaderCommit=75, initializing? false, entries: <empty>
2019-09-11 10:58:39,396 [java.util.concurrent.ThreadPoolExecutor$Worker@4b358f7e[State = -1, empty queue]] WARN  server.GrpcLogAppender (GrpcLogAppender.java:timeoutAppendRequest(200)) - 75ec484c-7743-415c-a891-044da79f6b4d@group-8D9933079AAA->4664729b-c9fa-423e-9516-a47fa5640f67-GrpcLogAppender: appendEntries Timeout, request=75ec484c-7743-415c-a891-044da79f6b4d->4664729b-c9fa-423e-9516-a47fa5640f67#178-t1, previous=(t:1, i:79), leaderCommit=75, initializing? false, entries: <empty>
2019-09-11 10:58:41,896 [java.util.concurrent.ThreadPoolExecutor$Worker@4b358f7e[State = -1, empty queue]] WARN  server.GrpcLogAppender (GrpcLogAppender.java:timeoutAppendRequest(200)) - 75ec484c-7743-415c-a891-044da79f6b4d@group-8D9933079AAA->4664729b-c9fa-423e-9516-a47fa5640f67-GrpcLogAppender: appendEntries Timeout, request=75ec484c-7743-415c-a891-044da79f6b4d->4664729b-c9fa-423e-9516-a47fa5640f67#179-t1, previous=(t:1, i:79), leaderCommit=75, initializing? false, entries: <empty>
2019-09-11 10:58:41,896 [java.util.concurrent.ThreadPoolExecutor$Worker@fabb77[State = -1, empty queue]] WARN  server.GrpcLogAppender (GrpcLogAppender.java:timeoutAppendRequest(200)) - 75ec484c-7743-415c-a891-044da79f6b4d@group-8D9933079AAA->08f1fccb-3813-4a19-b386-9d1a73d37d0e-GrpcLogAppender: appendEntries Timeout, request=75ec484c-7743-415c-a891-044da79f6b4d->08f1fccb-3813-4a19-b386-9d1a73d37d0e#179-t1, previous=(t:1, i:79), leaderCommit=75, initializing? false, entries: <empty>
2019-09-11 10:58:42,062 [grpc-default-executor-0] INFO  client.GrpcClientProtocolClient (GrpcClientProtocolClient.java:onNext(264)) - client-95694700298B->08f1fccb-3813-4a19-b386-9d1a73d37d0e: receive RaftClientReply:client-95694700298B->08f1fccb-3813-4a19-b386-9d1a73d37d0e@group-8D9933079AAA, cid=191, FAILED org.apache.ratis.protocol.NotLeaderException: Server 08f1fccb-3813-4a19-b386-9d1a73d37d0e@group-8D9933079AAA is not the leader 75ec484c-7743-415c-a891-044da79f6b4d:192.168.69.96:41248, logIndex=0, commits[08f1fccb-3813-4a19-b386-9d1a73d37d0e:c75, 4664729b-c9fa-423e-9516-a47fa5640f67:c74, 75ec484c-7743-415c-a891-044da79f6b4d:c75]
2019-09-11 10:58:44,397 [java.util.concurrent.ThreadPoolExecutor$Worker@4b358f7e[State = -1, empty queue]] WARN  server.GrpcLogAppender (GrpcLogAppender.java:timeoutAppendRequest(200)) - 75ec484c-7743-415c-a891-044da79f6b4d@group-8D9933079AAA->4664729b-c9fa-423e-9516-a47fa5640f67-GrpcLogAppender: appendEntries Timeout, request=75ec484c-7743-415c-a891-044da79f6b4d->4664729b-c9fa-423e-9516-a47fa5640f67#180-t1, previous=(t:1, i:79), leaderCommit=75, initializing? false, entries: <empty>
2019-09-11 10:58:44,397 [java.util.concurrent.ThreadPoolExecutor$Worker@fabb77[State = -1, empty queue]] WARN  server.GrpcLogAppender (GrpcLogAppender.java:timeoutAppendRequest(200)) - 75ec484c-7743-415c-a891-044da79f6b4d@group-8D9933079AAA->08f1fccb-3813-4a19-b386-9d1a73d37d0e-GrpcLogAppender: appendEntries Timeout, request=75ec484c-7743-415c-a891-044da79f6b4d->08f1fccb-3813-4a19-b386-9d1a73d37d0e#180-t1, previous=(t:1, i:79), leaderCommit=75, initializing? false, entries: <empty>
2019-09-11 10:58:46,386 [75ec484c-7743-415c-a891-044da79f6b4d@group-8D9933079AAA-SegmentedRaftLogWorker] WARN  segmented.SegmentedRaftLogWorker (SegmentedRaftLogWorker.java:getFromFuture(90)) - Timeout 6/~
org.apache.ratis.protocol.TimeoutIOException: Timeout 10s: WriteLog:76: (t:1, i:76), STATEMACHINELOGENTRY, client-95694700298B, cid=191-writeStateMachineData
	at org.apache.ratis.util.IOUtils.getFromFuture(IOUtils.java:87)
	at org.apache.ratis.server.raftlog.segmented.SegmentedRaftLogWorker$StateMachineDataPolicy.getFromFuture(SegmentedRaftLogWorker.java:87)
	at org.apache.ratis.server.raftlog.segmented.SegmentedRaftLogWorker$WriteLog.execute(SegmentedRaftLogWorker.java:477)
	at org.apache.ratis.server.raftlog.segmented.SegmentedRaftLogWorker.run(SegmentedRaftLogWorker.java:289)
	at java.lang.Thread.run(Thread.java:748)
Caused by: java.util.concurrent.TimeoutException
	at java.util.concurrent.CompletableFuture.timedGet(CompletableFuture.java:1771)
	at java.util.concurrent.CompletableFuture.get(CompletableFuture.java:1915)
	at org.apache.ratis.util.IOUtils.getFromFuture(IOUtils.java:79)
	... 4 more
2019-09-11 10:58:46,386 [4664729b-c9fa-423e-9516-a47fa5640f67@group-8D9933079AAA-SegmentedRaftLogWorker] WARN  segmented.SegmentedRaftLogWorker (SegmentedRaftLogWorker.java:getFromFuture(90)) - Timeout 6/~
org.apache.ratis.protocol.TimeoutIOException: Timeout 10s: WriteLog:76: (t:1, i:76), STATEMACHINELOGENTRY, client-95694700298B, cid=191-writeStateMachineData
	at org.apache.ratis.util.IOUtils.getFromFuture(IOUtils.java:87)
	at org.apache.ratis.server.raftlog.segmented.SegmentedRaftLogWorker$StateMachineDataPolicy.getFromFuture(SegmentedRaftLogWorker.java:87)
	at org.apache.ratis.server.raftlog.segmented.SegmentedRaftLogWorker$WriteLog.execute(SegmentedRaftLogWorker.java:477)
	at org.apache.ratis.server.raftlog.segmented.SegmentedRaftLogWorker.run(SegmentedRaftLogWorker.java:289)
	at java.lang.Thread.run(Thread.java:748)
Caused by: java.util.concurrent.TimeoutException
	at java.util.concurrent.CompletableFuture.timedGet(CompletableFuture.java:1771)
	at java.util.concurrent.CompletableFuture.get(CompletableFuture.java:1915)
	at org.apache.ratis.util.IOUtils.getFromFuture(IOUtils.java:79)
	... 4 more
2019-09-11 10:58:46,386 [08f1fccb-3813-4a19-b386-9d1a73d37d0e@group-8D9933079AAA-SegmentedRaftLogWorker] WARN  segmented.SegmentedRaftLogWorker (SegmentedRaftLogWorker.java:getFromFuture(90)) - Timeout 6/~
org.apache.ratis.protocol.TimeoutIOException: Timeout 10s: WriteLog:76: (t:1, i:76), STATEMACHINELOGENTRY, client-95694700298B, cid=191-writeStateMachineData
	at org.apache.ratis.util.IOUtils.getFromFuture(IOUtils.java:87)
	at org.apache.ratis.server.raftlog.segmented.SegmentedRaftLogWorker$StateMachineDataPolicy.getFromFuture(SegmentedRaftLogWorker.java:87)
	at org.apache.ratis.server.raftlog.segmented.SegmentedRaftLogWorker$WriteLog.execute(SegmentedRaftLogWorker.java:477)
	at org.apache.ratis.server.raftlog.segmented.SegmentedRaftLogWorker.run(SegmentedRaftLogWorker.java:289)
	at java.lang.Thread.run(Thread.java:748)
Caused by: java.util.concurrent.TimeoutException
	at java.util.concurrent.CompletableFuture.timedGet(CompletableFuture.java:1771)
	at java.util.concurrent.CompletableFuture.get(CompletableFuture.java:1915)
	at org.apache.ratis.util.IOUtils.getFromFuture(IOUtils.java:79)
	... 4 more
2019-09-11 10:58:46,897 [java.util.concurrent.ThreadPoolExecutor$Worker@4b358f7e[State = -1, empty queue]] WARN  server.GrpcLogAppender (GrpcLogAppender.java:timeoutAppendRequest(200)) - 75ec484c-7743-415c-a891-044da79f6b4d@group-8D9933079AAA->4664729b-c9fa-423e-9516-a47fa5640f67-GrpcLogAppender: appendEntries Timeout, request=75ec484c-7743-415c-a891-044da79f6b4d->4664729b-c9fa-423e-9516-a47fa5640f67#181-t1, previous=(t:1, i:79), leaderCommit=75, initializing? false, entries: <empty>
2019-09-11 10:58:46,897 [java.util.concurrent.ThreadPoolExecutor$Worker@fabb77[State = -1, empty queue]] WARN  server.GrpcLogAppender (GrpcLogAppender.java:timeoutAppendRequest(200)) - 75ec484c-7743-415c-a891-044da79f6b4d@group-8D9933079AAA->08f1fccb-3813-4a19-b386-9d1a73d37d0e-GrpcLogAppender: appendEntries Timeout, request=75ec484c-7743-415c-a891-044da79f6b4d->08f1fccb-3813-4a19-b386-9d1a73d37d0e#181-t1, previous=(t:1, i:79), leaderCommit=75, initializing? false, entries: <empty>
2019-09-11 10:58:47,115 [grpc-default-executor-7] INFO  client.GrpcClientProtocolClient (GrpcClientProtocolClient.java:onNext(264)) - client-95694700298B->08f1fccb-3813-4a19-b386-9d1a73d37d0e: receive RaftClientReply:client-95694700298B->08f1fccb-3813-4a19-b386-9d1a73d37d0e@group-8D9933079AAA, cid=191, FAILED org.apache.ratis.protocol.NotLeaderException: Server 08f1fccb-3813-4a19-b386-9d1a73d37d0e@group-8D9933079AAA is not the leader 75ec484c-7743-415c-a891-044da79f6b4d:192.168.69.96:41248, logIndex=0, commits[08f1fccb-3813-4a19-b386-9d1a73d37d0e:c75, 4664729b-c9fa-423e-9516-a47fa5640f67:c74, 75ec484c-7743-415c-a891-044da79f6b4d:c75]
2019-09-11 10:58:49,415 [java.util.concurrent.ThreadPoolExecutor$Worker@4b358f7e[State = -1, empty queue]] WARN  server.GrpcLogAppender (GrpcLogAppender.java:timeoutAppendRequest(200)) - 75ec484c-7743-415c-a891-044da79f6b4d@group-8D9933079AAA->4664729b-c9fa-423e-9516-a47fa5640f67-GrpcLogAppender: appendEntries Timeout, request=75ec484c-7743-415c-a891-044da79f6b4d->4664729b-c9fa-423e-9516-a47fa5640f67#182-t1, previous=(t:1, i:79), leaderCommit=75, initializing? false, entries: <empty>
2019-09-11 10:58:49,415 [java.util.concurrent.ThreadPoolExecutor$Worker@fabb77[State = -1, empty queue]] WARN  server.GrpcLogAppender (GrpcLogAppender.java:timeoutAppendRequest(200)) - 75ec484c-7743-415c-a891-044da79f6b4d@group-8D9933079AAA->08f1fccb-3813-4a19-b386-9d1a73d37d0e-GrpcLogAppender: appendEntries Timeout, request=75ec484c-7743-415c-a891-044da79f6b4d->08f1fccb-3813-4a19-b386-9d1a73d37d0e#182-t1, previous=(t:1, i:79), leaderCommit=75, initializing? false, entries: <empty>
2019-09-11 10:58:51,916 [java.util.concurrent.ThreadPoolExecutor$Worker@fabb77[State = -1, empty queue]] WARN  server.GrpcLogAppender (GrpcLogAppender.java:timeoutAppendRequest(200)) - 75ec484c-7743-415c-a891-044da79f6b4d@group-8D9933079AAA->08f1fccb-3813-4a19-b386-9d1a73d37d0e-GrpcLogAppender: appendEntries Timeout, request=75ec484c-7743-415c-a891-044da79f6b4d->08f1fccb-3813-4a19-b386-9d1a73d37d0e#183-t1, previous=(t:1, i:79), leaderCommit=75, initializing? false, entries: <empty>
2019-09-11 10:58:51,916 [java.util.concurrent.ThreadPoolExecutor$Worker@4b358f7e[State = -1, empty queue]] WARN  server.GrpcLogAppender (GrpcLogAppender.java:timeoutAppendRequest(200)) - 75ec484c-7743-415c-a891-044da79f6b4d@group-8D9933079AAA->4664729b-c9fa-423e-9516-a47fa5640f67-GrpcLogAppender: appendEntries Timeout, request=75ec484c-7743-415c-a891-044da79f6b4d->4664729b-c9fa-423e-9516-a47fa5640f67#183-t1, previous=(t:1, i:79), leaderCommit=75, initializing? false, entries: <empty>
2019-09-11 10:58:52,187 [grpc-default-executor-7] INFO  client.GrpcClientProtocolClient (GrpcClientProtocolClient.java:onNext(264)) - client-95694700298B->4664729b-c9fa-423e-9516-a47fa5640f67: receive RaftClientReply:client-95694700298B->4664729b-c9fa-423e-9516-a47fa5640f67@group-8D9933079AAA, cid=191, FAILED org.apache.ratis.protocol.NotLeaderException: Server 4664729b-c9fa-423e-9516-a47fa5640f67@group-8D9933079AAA is not the leader 75ec484c-7743-415c-a891-044da79f6b4d:192.168.69.96:41248, logIndex=0, commits[4664729b-c9fa-423e-9516-a47fa5640f67:c75, 08f1fccb-3813-4a19-b386-9d1a73d37d0e:c74, 75ec484c-7743-415c-a891-044da79f6b4d:c75]
2019-09-11 10:58:54,416 [java.util.concurrent.ThreadPoolExecutor$Worker@fabb77[State = -1, empty queue]] WARN  server.GrpcLogAppender (GrpcLogAppender.java:timeoutAppendRequest(200)) - 75ec484c-7743-415c-a891-044da79f6b4d@group-8D9933079AAA->08f1fccb-3813-4a19-b386-9d1a73d37d0e-GrpcLogAppender: appendEntries Timeout, request=75ec484c-7743-415c-a891-044da79f6b4d->08f1fccb-3813-4a19-b386-9d1a73d37d0e#184-t1, previous=(t:1, i:79), leaderCommit=75, initializing? false, entries: <empty>
2019-09-11 10:58:54,416 [java.util.concurrent.ThreadPoolExecutor$Worker@4b358f7e[State = -1, empty queue]] WARN  server.GrpcLogAppender (GrpcLogAppender.java:timeoutAppendRequest(200)) - 75ec484c-7743-415c-a891-044da79f6b4d@group-8D9933079AAA->4664729b-c9fa-423e-9516-a47fa5640f67-GrpcLogAppender: appendEntries Timeout, request=75ec484c-7743-415c-a891-044da79f6b4d->4664729b-c9fa-423e-9516-a47fa5640f67#184-t1, previous=(t:1, i:79), leaderCommit=75, initializing? false, entries: <empty>
2019-09-11 10:58:56,388 [75ec484c-7743-415c-a891-044da79f6b4d@group-8D9933079AAA-SegmentedRaftLogWorker] WARN  segmented.SegmentedRaftLogWorker (SegmentedRaftLogWorker.java:getFromFuture(90)) - Timeout 7/~
org.apache.ratis.protocol.TimeoutIOException: Timeout 10s: WriteLog:76: (t:1, i:76), STATEMACHINELOGENTRY, client-95694700298B, cid=191-writeStateMachineData
	at org.apache.ratis.util.IOUtils.getFromFuture(IOUtils.java:87)
	at org.apache.ratis.server.raftlog.segmented.SegmentedRaftLogWorker$StateMachineDataPolicy.getFromFuture(SegmentedRaftLogWorker.java:87)
	at org.apache.ratis.server.raftlog.segmented.SegmentedRaftLogWorker$WriteLog.execute(SegmentedRaftLogWorker.java:477)
	at org.apache.ratis.server.raftlog.segmented.SegmentedRaftLogWorker.run(SegmentedRaftLogWorker.java:289)
	at java.lang.Thread.run(Thread.java:748)
Caused by: java.util.concurrent.TimeoutException
	at java.util.concurrent.CompletableFuture.timedGet(CompletableFuture.java:1771)
	at java.util.concurrent.CompletableFuture.get(CompletableFuture.java:1915)
	at org.apache.ratis.util.IOUtils.getFromFuture(IOUtils.java:79)
	... 4 more
2019-09-11 10:58:56,414 [4664729b-c9fa-423e-9516-a47fa5640f67@group-8D9933079AAA-SegmentedRaftLogWorker] WARN  segmented.SegmentedRaftLogWorker (SegmentedRaftLogWorker.java:getFromFuture(90)) - Timeout 7/~
org.apache.ratis.protocol.TimeoutIOException: Timeout 10s: WriteLog:76: (t:1, i:76), STATEMACHINELOGENTRY, client-95694700298B, cid=191-writeStateMachineData
	at org.apache.ratis.util.IOUtils.getFromFuture(IOUtils.java:87)
	at org.apache.ratis.server.raftlog.segmented.SegmentedRaftLogWorker$StateMachineDataPolicy.getFromFuture(SegmentedRaftLogWorker.java:87)
	at org.apache.ratis.server.raftlog.segmented.SegmentedRaftLogWorker$WriteLog.execute(SegmentedRaftLogWorker.java:477)
	at org.apache.ratis.server.raftlog.segmented.SegmentedRaftLogWorker.run(SegmentedRaftLogWorker.java:289)
	at java.lang.Thread.run(Thread.java:748)
Caused by: java.util.concurrent.TimeoutException
	at java.util.concurrent.CompletableFuture.timedGet(CompletableFuture.java:1771)
	at java.util.concurrent.CompletableFuture.get(CompletableFuture.java:1915)
	at org.apache.ratis.util.IOUtils.getFromFuture(IOUtils.java:79)
	... 4 more
2019-09-11 10:58:56,415 [08f1fccb-3813-4a19-b386-9d1a73d37d0e@group-8D9933079AAA-SegmentedRaftLogWorker] WARN  segmented.SegmentedRaftLogWorker (SegmentedRaftLogWorker.java:getFromFuture(90)) - Timeout 7/~
org.apache.ratis.protocol.TimeoutIOException: Timeout 10s: WriteLog:76: (t:1, i:76), STATEMACHINELOGENTRY, client-95694700298B, cid=191-writeStateMachineData
	at org.apache.ratis.util.IOUtils.getFromFuture(IOUtils.java:87)
	at org.apache.ratis.server.raftlog.segmented.SegmentedRaftLogWorker$StateMachineDataPolicy.getFromFuture(SegmentedRaftLogWorker.java:87)
	at org.apache.ratis.server.raftlog.segmented.SegmentedRaftLogWorker$WriteLog.execute(SegmentedRaftLogWorker.java:477)
	at org.apache.ratis.server.raftlog.segmented.SegmentedRaftLogWorker.run(SegmentedRaftLogWorker.java:289)
	at java.lang.Thread.run(Thread.java:748)
Caused by: java.util.concurrent.TimeoutException
	at java.util.concurrent.CompletableFuture.timedGet(CompletableFuture.java:1771)
	at java.util.concurrent.CompletableFuture.get(CompletableFuture.java:1915)
	at org.apache.ratis.util.IOUtils.getFromFuture(IOUtils.java:79)
	... 4 more
2019-09-11 10:58:56,916 [java.util.concurrent.ThreadPoolExecutor$Worker@fabb77[State = -1, empty queue]] WARN  server.GrpcLogAppender (GrpcLogAppender.java:timeoutAppendRequest(200)) - 75ec484c-7743-415c-a891-044da79f6b4d@group-8D9933079AAA->08f1fccb-3813-4a19-b386-9d1a73d37d0e-GrpcLogAppender: appendEntries Timeout, request=75ec484c-7743-415c-a891-044da79f6b4d->08f1fccb-3813-4a19-b386-9d1a73d37d0e#185-t1, previous=(t:1, i:79), leaderCommit=75, initializing? false, entries: <empty>
2019-09-11 10:58:56,916 [java.util.concurrent.ThreadPoolExecutor$Worker@4b358f7e[State = -1, empty queue]] WARN  server.GrpcLogAppender (GrpcLogAppender.java:timeoutAppendRequest(200)) - 75ec484c-7743-415c-a891-044da79f6b4d@group-8D9933079AAA->4664729b-c9fa-423e-9516-a47fa5640f67-GrpcLogAppender: appendEntries Timeout, request=75ec484c-7743-415c-a891-044da79f6b4d->4664729b-c9fa-423e-9516-a47fa5640f67#185-t1, previous=(t:1, i:79), leaderCommit=75, initializing? false, entries: <empty>
2019-09-11 10:58:57,247 [grpc-default-executor-0] INFO  client.GrpcClientProtocolClient (GrpcClientProtocolClient.java:onNext(264)) - client-95694700298B->08f1fccb-3813-4a19-b386-9d1a73d37d0e: receive RaftClientReply:client-95694700298B->08f1fccb-3813-4a19-b386-9d1a73d37d0e@group-8D9933079AAA, cid=191, FAILED org.apache.ratis.protocol.NotLeaderException: Server 08f1fccb-3813-4a19-b386-9d1a73d37d0e@group-8D9933079AAA is not the leader 75ec484c-7743-415c-a891-044da79f6b4d:192.168.69.96:41248, logIndex=0, commits[08f1fccb-3813-4a19-b386-9d1a73d37d0e:c75, 4664729b-c9fa-423e-9516-a47fa5640f67:c74, 75ec484c-7743-415c-a891-044da79f6b4d:c75]
2019-09-11 10:58:59,417 [java.util.concurrent.ThreadPoolExecutor$Worker@fabb77[State = -1, empty queue]] WARN  server.GrpcLogAppender (GrpcLogAppender.java:timeoutAppendRequest(200)) - 75ec484c-7743-415c-a891-044da79f6b4d@group-8D9933079AAA->08f1fccb-3813-4a19-b386-9d1a73d37d0e-GrpcLogAppender: appendEntries Timeout, request=75ec484c-7743-415c-a891-044da79f6b4d->08f1fccb-3813-4a19-b386-9d1a73d37d0e#186-t1, previous=(t:1, i:79), leaderCommit=75, initializing? false, entries: <empty>
2019-09-11 10:58:59,417 [java.util.concurrent.ThreadPoolExecutor$Worker@4b358f7e[State = -1, empty queue]] WARN  server.GrpcLogAppender (GrpcLogAppender.java:timeoutAppendRequest(200)) - 75ec484c-7743-415c-a891-044da79f6b4d@group-8D9933079AAA->4664729b-c9fa-423e-9516-a47fa5640f67-GrpcLogAppender: appendEntries Timeout, request=75ec484c-7743-415c-a891-044da79f6b4d->4664729b-c9fa-423e-9516-a47fa5640f67#186-t1, previous=(t:1, i:79), leaderCommit=75, initializing? false, entries: <empty>
2019-09-11 10:59:01,917 [java.util.concurrent.ThreadPoolExecutor$Worker@fabb77[State = -1, empty queue]] WARN  server.GrpcLogAppender (GrpcLogAppender.java:timeoutAppendRequest(200)) - 75ec484c-7743-415c-a891-044da79f6b4d@group-8D9933079AAA->08f1fccb-3813-4a19-b386-9d1a73d37d0e-GrpcLogAppender: appendEntries Timeout, request=75ec484c-7743-415c-a891-044da79f6b4d->08f1fccb-3813-4a19-b386-9d1a73d37d0e#187-t1, previous=(t:1, i:79), leaderCommit=75, initializing? false, entries: <empty>
2019-09-11 10:59:01,917 [java.util.concurrent.ThreadPoolExecutor$Worker@4b358f7e[State = -1, empty queue]] WARN  server.GrpcLogAppender (GrpcLogAppender.java:timeoutAppendRequest(200)) - 75ec484c-7743-415c-a891-044da79f6b4d@group-8D9933079AAA->4664729b-c9fa-423e-9516-a47fa5640f67-GrpcLogAppender: appendEntries Timeout, request=75ec484c-7743-415c-a891-044da79f6b4d->4664729b-c9fa-423e-9516-a47fa5640f67#187-t1, previous=(t:1, i:79), leaderCommit=75, initializing? false, entries: <empty>
2019-09-11 10:59:02,305 [grpc-default-executor-7] INFO  client.GrpcClientProtocolClient (GrpcClientProtocolClient.java:onNext(264)) - client-95694700298B->4664729b-c9fa-423e-9516-a47fa5640f67: receive RaftClientReply:client-95694700298B->4664729b-c9fa-423e-9516-a47fa5640f67@group-8D9933079AAA, cid=191, FAILED org.apache.ratis.protocol.NotLeaderException: Server 4664729b-c9fa-423e-9516-a47fa5640f67@group-8D9933079AAA is not the leader 75ec484c-7743-415c-a891-044da79f6b4d:192.168.69.96:41248, logIndex=0, commits[4664729b-c9fa-423e-9516-a47fa5640f67:c75, 08f1fccb-3813-4a19-b386-9d1a73d37d0e:c74, 75ec484c-7743-415c-a891-044da79f6b4d:c75]
2019-09-11 10:59:04,421 [java.util.concurrent.ThreadPoolExecutor$Worker@fabb77[State = -1, empty queue]] WARN  server.GrpcLogAppender (GrpcLogAppender.java:timeoutAppendRequest(200)) - 75ec484c-7743-415c-a891-044da79f6b4d@group-8D9933079AAA->08f1fccb-3813-4a19-b386-9d1a73d37d0e-GrpcLogAppender: appendEntries Timeout, request=75ec484c-7743-415c-a891-044da79f6b4d->08f1fccb-3813-4a19-b386-9d1a73d37d0e#188-t1, previous=(t:1, i:79), leaderCommit=75, initializing? false, entries: <empty>
2019-09-11 10:59:04,421 [java.util.concurrent.ThreadPoolExecutor$Worker@4b358f7e[State = -1, empty queue]] WARN  server.GrpcLogAppender (GrpcLogAppender.java:timeoutAppendRequest(200)) - 75ec484c-7743-415c-a891-044da79f6b4d@group-8D9933079AAA->4664729b-c9fa-423e-9516-a47fa5640f67-GrpcLogAppender: appendEntries Timeout, request=75ec484c-7743-415c-a891-044da79f6b4d->4664729b-c9fa-423e-9516-a47fa5640f67#188-t1, previous=(t:1, i:79), leaderCommit=75, initializing? false, entries: <empty>
2019-09-11 10:59:06,389 [75ec484c-7743-415c-a891-044da79f6b4d@group-8D9933079AAA-SegmentedRaftLogWorker] WARN  segmented.SegmentedRaftLogWorker (SegmentedRaftLogWorker.java:getFromFuture(90)) - Timeout 8/~
org.apache.ratis.protocol.TimeoutIOException: Timeout 10s: WriteLog:76: (t:1, i:76), STATEMACHINELOGENTRY, client-95694700298B, cid=191-writeStateMachineData
	at org.apache.ratis.util.IOUtils.getFromFuture(IOUtils.java:87)
	at org.apache.ratis.server.raftlog.segmented.SegmentedRaftLogWorker$StateMachineDataPolicy.getFromFuture(SegmentedRaftLogWorker.java:87)
	at org.apache.ratis.server.raftlog.segmented.SegmentedRaftLogWorker$WriteLog.execute(SegmentedRaftLogWorker.java:477)
	at org.apache.ratis.server.raftlog.segmented.SegmentedRaftLogWorker.run(SegmentedRaftLogWorker.java:289)
	at java.lang.Thread.run(Thread.java:748)
Caused by: java.util.concurrent.TimeoutException
	at java.util.concurrent.CompletableFuture.timedGet(CompletableFuture.java:1771)
	at java.util.concurrent.CompletableFuture.get(CompletableFuture.java:1915)
	at org.apache.ratis.util.IOUtils.getFromFuture(IOUtils.java:79)
	... 4 more
2019-09-11 10:59:06,415 [4664729b-c9fa-423e-9516-a47fa5640f67@group-8D9933079AAA-SegmentedRaftLogWorker] WARN  segmented.SegmentedRaftLogWorker (SegmentedRaftLogWorker.java:getFromFuture(90)) - Timeout 8/~
org.apache.ratis.protocol.TimeoutIOException: Timeout 10s: WriteLog:76: (t:1, i:76), STATEMACHINELOGENTRY, client-95694700298B, cid=191-writeStateMachineData
	at org.apache.ratis.util.IOUtils.getFromFuture(IOUtils.java:87)
	at org.apache.ratis.server.raftlog.segmented.SegmentedRaftLogWorker$StateMachineDataPolicy.getFromFuture(SegmentedRaftLogWorker.java:87)
	at org.apache.ratis.server.raftlog.segmented.SegmentedRaftLogWorker$WriteLog.execute(SegmentedRaftLogWorker.java:477)
	at org.apache.ratis.server.raftlog.segmented.SegmentedRaftLogWorker.run(SegmentedRaftLogWorker.java:289)
	at java.lang.Thread.run(Thread.java:748)
Caused by: java.util.concurrent.TimeoutException
	at java.util.concurrent.CompletableFuture.timedGet(CompletableFuture.java:1771)
	at java.util.concurrent.CompletableFuture.get(CompletableFuture.java:1915)
	at org.apache.ratis.util.IOUtils.getFromFuture(IOUtils.java:79)
	... 4 more
2019-09-11 10:59:06,415 [08f1fccb-3813-4a19-b386-9d1a73d37d0e@group-8D9933079AAA-SegmentedRaftLogWorker] WARN  segmented.SegmentedRaftLogWorker (SegmentedRaftLogWorker.java:getFromFuture(90)) - Timeout 8/~
org.apache.ratis.protocol.TimeoutIOException: Timeout 10s: WriteLog:76: (t:1, i:76), STATEMACHINELOGENTRY, client-95694700298B, cid=191-writeStateMachineData
	at org.apache.ratis.util.IOUtils.getFromFuture(IOUtils.java:87)
	at org.apache.ratis.server.raftlog.segmented.SegmentedRaftLogWorker$StateMachineDataPolicy.getFromFuture(SegmentedRaftLogWorker.java:87)
	at org.apache.ratis.server.raftlog.segmented.SegmentedRaftLogWorker$WriteLog.execute(SegmentedRaftLogWorker.java:477)
	at org.apache.ratis.server.raftlog.segmented.SegmentedRaftLogWorker.run(SegmentedRaftLogWorker.java:289)
	at java.lang.Thread.run(Thread.java:748)
Caused by: java.util.concurrent.TimeoutException
	at java.util.concurrent.CompletableFuture.timedGet(CompletableFuture.java:1771)
	at java.util.concurrent.CompletableFuture.get(CompletableFuture.java:1915)
	at org.apache.ratis.util.IOUtils.getFromFuture(IOUtils.java:79)
	... 4 more
2019-09-11 10:59:06,921 [java.util.concurrent.ThreadPoolExecutor$Worker@4b358f7e[State = -1, empty queue]] WARN  server.GrpcLogAppender (GrpcLogAppender.java:timeoutAppendRequest(200)) - 75ec484c-7743-415c-a891-044da79f6b4d@group-8D9933079AAA->4664729b-c9fa-423e-9516-a47fa5640f67-GrpcLogAppender: appendEntries Timeout, request=75ec484c-7743-415c-a891-044da79f6b4d->4664729b-c9fa-423e-9516-a47fa5640f67#189-t1, previous=(t:1, i:79), leaderCommit=75, initializing? false, entries: <empty>
2019-09-11 10:59:06,921 [java.util.concurrent.ThreadPoolExecutor$Worker@fabb77[State = -1, empty queue]] WARN  server.GrpcLogAppender (GrpcLogAppender.java:timeoutAppendRequest(200)) - 75ec484c-7743-415c-a891-044da79f6b4d@group-8D9933079AAA->08f1fccb-3813-4a19-b386-9d1a73d37d0e-GrpcLogAppender: appendEntries Timeout, request=75ec484c-7743-415c-a891-044da79f6b4d->08f1fccb-3813-4a19-b386-9d1a73d37d0e#189-t1, previous=(t:1, i:79), leaderCommit=75, initializing? false, entries: <empty>
2019-09-11 10:59:07,365 [grpc-default-executor-7] INFO  client.GrpcClientProtocolClient (GrpcClientProtocolClient.java:onNext(264)) - client-95694700298B->08f1fccb-3813-4a19-b386-9d1a73d37d0e: receive RaftClientReply:client-95694700298B->08f1fccb-3813-4a19-b386-9d1a73d37d0e@group-8D9933079AAA, cid=191, FAILED org.apache.ratis.protocol.NotLeaderException: Server 08f1fccb-3813-4a19-b386-9d1a73d37d0e@group-8D9933079AAA is not the leader 75ec484c-7743-415c-a891-044da79f6b4d:192.168.69.96:41248, logIndex=0, commits[08f1fccb-3813-4a19-b386-9d1a73d37d0e:c75, 4664729b-c9fa-423e-9516-a47fa5640f67:c74, 75ec484c-7743-415c-a891-044da79f6b4d:c75]
2019-09-11 10:59:09,421 [java.util.concurrent.ThreadPoolExecutor$Worker@fabb77[State = -1, empty queue]] WARN  server.GrpcLogAppender (GrpcLogAppender.java:timeoutAppendRequest(200)) - 75ec484c-7743-415c-a891-044da79f6b4d@group-8D9933079AAA->08f1fccb-3813-4a19-b386-9d1a73d37d0e-GrpcLogAppender: appendEntries Timeout, request=75ec484c-7743-415c-a891-044da79f6b4d->08f1fccb-3813-4a19-b386-9d1a73d37d0e#190-t1, previous=(t:1, i:79), leaderCommit=75, initializing? false, entries: <empty>
2019-09-11 10:59:09,421 [java.util.concurrent.ThreadPoolExecutor$Worker@4b358f7e[State = -1, empty queue]] WARN  server.GrpcLogAppender (GrpcLogAppender.java:timeoutAppendRequest(200)) - 75ec484c-7743-415c-a891-044da79f6b4d@group-8D9933079AAA->4664729b-c9fa-423e-9516-a47fa5640f67-GrpcLogAppender: appendEntries Timeout, request=75ec484c-7743-415c-a891-044da79f6b4d->4664729b-c9fa-423e-9516-a47fa5640f67#190-t1, previous=(t:1, i:79), leaderCommit=75, initializing? false, entries: <empty>
2019-09-11 10:59:11,922 [java.util.concurrent.ThreadPoolExecutor$Worker@4b358f7e[State = -1, empty queue]] WARN  server.GrpcLogAppender (GrpcLogAppender.java:timeoutAppendRequest(200)) - 75ec484c-7743-415c-a891-044da79f6b4d@group-8D9933079AAA->4664729b-c9fa-423e-9516-a47fa5640f67-GrpcLogAppender: appendEntries Timeout, request=75ec484c-7743-415c-a891-044da79f6b4d->4664729b-c9fa-423e-9516-a47fa5640f67#191-t1, previous=(t:1, i:79), leaderCommit=75, initializing? false, entries: <empty>
2019-09-11 10:59:11,922 [java.util.concurrent.ThreadPoolExecutor$Worker@fabb77[State = -1, empty queue]] WARN  server.GrpcLogAppender (GrpcLogAppender.java:timeoutAppendRequest(200)) - 75ec484c-7743-415c-a891-044da79f6b4d@group-8D9933079AAA->08f1fccb-3813-4a19-b386-9d1a73d37d0e-GrpcLogAppender: appendEntries Timeout, request=75ec484c-7743-415c-a891-044da79f6b4d->08f1fccb-3813-4a19-b386-9d1a73d37d0e#191-t1, previous=(t:1, i:79), leaderCommit=75, initializing? false, entries: <empty>
2019-09-11 10:59:12,468 [grpc-default-executor-0] INFO  client.GrpcClientProtocolClient (GrpcClientProtocolClient.java:onNext(264)) - client-95694700298B->08f1fccb-3813-4a19-b386-9d1a73d37d0e: receive RaftClientReply:client-95694700298B->08f1fccb-3813-4a19-b386-9d1a73d37d0e@group-8D9933079AAA, cid=191, FAILED org.apache.ratis.protocol.NotLeaderException: Server 08f1fccb-3813-4a19-b386-9d1a73d37d0e@group-8D9933079AAA is not the leader 75ec484c-7743-415c-a891-044da79f6b4d:192.168.69.96:41248, logIndex=0, commits[08f1fccb-3813-4a19-b386-9d1a73d37d0e:c75, 4664729b-c9fa-423e-9516-a47fa5640f67:c74, 75ec484c-7743-415c-a891-044da79f6b4d:c75]
2019-09-11 10:59:14,434 [java.util.concurrent.ThreadPoolExecutor$Worker@fabb77[State = -1, empty queue]] WARN  server.GrpcLogAppender (GrpcLogAppender.java:timeoutAppendRequest(200)) - 75ec484c-7743-415c-a891-044da79f6b4d@group-8D9933079AAA->08f1fccb-3813-4a19-b386-9d1a73d37d0e-GrpcLogAppender: appendEntries Timeout, request=75ec484c-7743-415c-a891-044da79f6b4d->08f1fccb-3813-4a19-b386-9d1a73d37d0e#192-t1, previous=(t:1, i:79), leaderCommit=75, initializing? false, entries: <empty>
2019-09-11 10:59:14,434 [java.util.concurrent.ThreadPoolExecutor$Worker@4b358f7e[State = -1, empty queue]] WARN  server.GrpcLogAppender (GrpcLogAppender.java:timeoutAppendRequest(200)) - 75ec484c-7743-415c-a891-044da79f6b4d@group-8D9933079AAA->4664729b-c9fa-423e-9516-a47fa5640f67-GrpcLogAppender: appendEntries Timeout, request=75ec484c-7743-415c-a891-044da79f6b4d->4664729b-c9fa-423e-9516-a47fa5640f67#192-t1, previous=(t:1, i:79), leaderCommit=75, initializing? false, entries: <empty>
2019-09-11 10:59:16,391 [75ec484c-7743-415c-a891-044da79f6b4d@group-8D9933079AAA-SegmentedRaftLogWorker] WARN  segmented.SegmentedRaftLogWorker (SegmentedRaftLogWorker.java:getFromFuture(90)) - Timeout 9/~
org.apache.ratis.protocol.TimeoutIOException: Timeout 10s: WriteLog:76: (t:1, i:76), STATEMACHINELOGENTRY, client-95694700298B, cid=191-writeStateMachineData
	at org.apache.ratis.util.IOUtils.getFromFuture(IOUtils.java:87)
	at org.apache.ratis.server.raftlog.segmented.SegmentedRaftLogWorker$StateMachineDataPolicy.getFromFuture(SegmentedRaftLogWorker.java:87)
	at org.apache.ratis.server.raftlog.segmented.SegmentedRaftLogWorker$WriteLog.execute(SegmentedRaftLogWorker.java:477)
	at org.apache.ratis.server.raftlog.segmented.SegmentedRaftLogWorker.run(SegmentedRaftLogWorker.java:289)
	at java.lang.Thread.run(Thread.java:748)
Caused by: java.util.concurrent.TimeoutException
	at java.util.concurrent.CompletableFuture.timedGet(CompletableFuture.java:1771)
	at java.util.concurrent.CompletableFuture.get(CompletableFuture.java:1915)
	at org.apache.ratis.util.IOUtils.getFromFuture(IOUtils.java:79)
	... 4 more
2019-09-11 10:59:16,416 [4664729b-c9fa-423e-9516-a47fa5640f67@group-8D9933079AAA-SegmentedRaftLogWorker] WARN  segmented.SegmentedRaftLogWorker (SegmentedRaftLogWorker.java:getFromFuture(90)) - Timeout 9/~
org.apache.ratis.protocol.TimeoutIOException: Timeout 10s: WriteLog:76: (t:1, i:76), STATEMACHINELOGENTRY, client-95694700298B, cid=191-writeStateMachineData
	at org.apache.ratis.util.IOUtils.getFromFuture(IOUtils.java:87)
	at org.apache.ratis.server.raftlog.segmented.SegmentedRaftLogWorker$StateMachineDataPolicy.getFromFuture(SegmentedRaftLogWorker.java:87)
	at org.apache.ratis.server.raftlog.segmented.SegmentedRaftLogWorker$WriteLog.execute(SegmentedRaftLogWorker.java:477)
	at org.apache.ratis.server.raftlog.segmented.SegmentedRaftLogWorker.run(SegmentedRaftLogWorker.java:289)
	at java.lang.Thread.run(Thread.java:748)
Caused by: java.util.concurrent.TimeoutException
	at java.util.concurrent.CompletableFuture.timedGet(CompletableFuture.java:1771)
	at java.util.concurrent.CompletableFuture.get(CompletableFuture.java:1915)
	at org.apache.ratis.util.IOUtils.getFromFuture(IOUtils.java:79)
	... 4 more
2019-09-11 10:59:16,416 [08f1fccb-3813-4a19-b386-9d1a73d37d0e@group-8D9933079AAA-SegmentedRaftLogWorker] WARN  segmented.SegmentedRaftLogWorker (SegmentedRaftLogWorker.java:getFromFuture(90)) - Timeout 9/~
org.apache.ratis.protocol.TimeoutIOException: Timeout 10s: WriteLog:76: (t:1, i:76), STATEMACHINELOGENTRY, client-95694700298B, cid=191-writeStateMachineData
	at org.apache.ratis.util.IOUtils.getFromFuture(IOUtils.java:87)
	at org.apache.ratis.server.raftlog.segmented.SegmentedRaftLogWorker$StateMachineDataPolicy.getFromFuture(SegmentedRaftLogWorker.java:87)
	at org.apache.ratis.server.raftlog.segmented.SegmentedRaftLogWorker$WriteLog.execute(SegmentedRaftLogWorker.java:477)
	at org.apache.ratis.server.raftlog.segmented.SegmentedRaftLogWorker.run(SegmentedRaftLogWorker.java:289)
	at java.lang.Thread.run(Thread.java:748)
Caused by: java.util.concurrent.TimeoutException
	at java.util.concurrent.CompletableFuture.timedGet(CompletableFuture.java:1771)
	at java.util.concurrent.CompletableFuture.get(CompletableFuture.java:1915)
	at org.apache.ratis.util.IOUtils.getFromFuture(IOUtils.java:79)
	... 4 more
2019-09-11 10:59:16,934 [java.util.concurrent.ThreadPoolExecutor$Worker@fabb77[State = -1, empty queue]] WARN  server.GrpcLogAppender (GrpcLogAppender.java:timeoutAppendRequest(200)) - 75ec484c-7743-415c-a891-044da79f6b4d@group-8D9933079AAA->08f1fccb-3813-4a19-b386-9d1a73d37d0e-GrpcLogAppender: appendEntries Timeout, request=75ec484c-7743-415c-a891-044da79f6b4d->08f1fccb-3813-4a19-b386-9d1a73d37d0e#193-t1, previous=(t:1, i:79), leaderCommit=75, initializing? false, entries: <empty>
2019-09-11 10:59:16,934 [java.util.concurrent.ThreadPoolExecutor$Worker@4b358f7e[State = -1, empty queue]] WARN  server.GrpcLogAppender (GrpcLogAppender.java:timeoutAppendRequest(200)) - 75ec484c-7743-415c-a891-044da79f6b4d@group-8D9933079AAA->4664729b-c9fa-423e-9516-a47fa5640f67-GrpcLogAppender: appendEntries Timeout, request=75ec484c-7743-415c-a891-044da79f6b4d->4664729b-c9fa-423e-9516-a47fa5640f67#193-t1, previous=(t:1, i:79), leaderCommit=75, initializing? false, entries: <empty>
2019-09-11 10:59:17,752 [grpc-default-executor-6] INFO  client.GrpcClientProtocolClient (GrpcClientProtocolClient.java:onNext(264)) - client-95694700298B->4664729b-c9fa-423e-9516-a47fa5640f67: receive RaftClientReply:client-95694700298B->4664729b-c9fa-423e-9516-a47fa5640f67@group-8D9933079AAA, cid=191, FAILED org.apache.ratis.protocol.NotLeaderException: Server 4664729b-c9fa-423e-9516-a47fa5640f67@group-8D9933079AAA is not the leader 75ec484c-7743-415c-a891-044da79f6b4d:192.168.69.96:41248, logIndex=0, commits[4664729b-c9fa-423e-9516-a47fa5640f67:c75, 08f1fccb-3813-4a19-b386-9d1a73d37d0e:c74, 75ec484c-7743-415c-a891-044da79f6b4d:c75]
2019-09-11 10:59:19,435 [java.util.concurrent.ThreadPoolExecutor$Worker@4b358f7e[State = -1, empty queue]] WARN  server.GrpcLogAppender (GrpcLogAppender.java:timeoutAppendRequest(200)) - 75ec484c-7743-415c-a891-044da79f6b4d@group-8D9933079AAA->4664729b-c9fa-423e-9516-a47fa5640f67-GrpcLogAppender: appendEntries Timeout, request=75ec484c-7743-415c-a891-044da79f6b4d->4664729b-c9fa-423e-9516-a47fa5640f67#194-t1, previous=(t:1, i:79), leaderCommit=75, initializing? false, entries: <empty>
2019-09-11 10:59:19,435 [java.util.concurrent.ThreadPoolExecutor$Worker@fabb77[State = -1, empty queue]] WARN  server.GrpcLogAppender (GrpcLogAppender.java:timeoutAppendRequest(200)) - 75ec484c-7743-415c-a891-044da79f6b4d@group-8D9933079AAA->08f1fccb-3813-4a19-b386-9d1a73d37d0e-GrpcLogAppender: appendEntries Timeout, request=75ec484c-7743-415c-a891-044da79f6b4d->08f1fccb-3813-4a19-b386-9d1a73d37d0e#194-t1, previous=(t:1, i:79), leaderCommit=75, initializing? false, entries: <empty>
2019-09-11 10:59:21,935 [java.util.concurrent.ThreadPoolExecutor$Worker@fabb77[State = -1, empty queue]] WARN  server.GrpcLogAppender (GrpcLogAppender.java:timeoutAppendRequest(200)) - 75ec484c-7743-415c-a891-044da79f6b4d@group-8D9933079AAA->08f1fccb-3813-4a19-b386-9d1a73d37d0e-GrpcLogAppender: appendEntries Timeout, request=75ec484c-7743-415c-a891-044da79f6b4d->08f1fccb-3813-4a19-b386-9d1a73d37d0e#195-t1, previous=(t:1, i:79), leaderCommit=75, initializing? false, entries: <empty>
2019-09-11 10:59:21,935 [java.util.concurrent.ThreadPoolExecutor$Worker@4b358f7e[State = -1, empty queue]] WARN  server.GrpcLogAppender (GrpcLogAppender.java:timeoutAppendRequest(200)) - 75ec484c-7743-415c-a891-044da79f6b4d@group-8D9933079AAA->4664729b-c9fa-423e-9516-a47fa5640f67-GrpcLogAppender: appendEntries Timeout, request=75ec484c-7743-415c-a891-044da79f6b4d->4664729b-c9fa-423e-9516-a47fa5640f67#195-t1, previous=(t:1, i:79), leaderCommit=75, initializing? false, entries: <empty>
2019-09-11 10:59:22,810 [grpc-default-executor-7] INFO  client.GrpcClientProtocolClient (GrpcClientProtocolClient.java:onNext(264)) - client-95694700298B->08f1fccb-3813-4a19-b386-9d1a73d37d0e: receive RaftClientReply:client-95694700298B->08f1fccb-3813-4a19-b386-9d1a73d37d0e@group-8D9933079AAA, cid=191, FAILED org.apache.ratis.protocol.NotLeaderException: Server 08f1fccb-3813-4a19-b386-9d1a73d37d0e@group-8D9933079AAA is not the leader 75ec484c-7743-415c-a891-044da79f6b4d:192.168.69.96:41248, logIndex=0, commits[08f1fccb-3813-4a19-b386-9d1a73d37d0e:c75, 4664729b-c9fa-423e-9516-a47fa5640f67:c74, 75ec484c-7743-415c-a891-044da79f6b4d:c75]
2019-09-11 10:59:24,436 [java.util.concurrent.ThreadPoolExecutor$Worker@fabb77[State = -1, empty queue]] WARN  server.GrpcLogAppender (GrpcLogAppender.java:timeoutAppendRequest(200)) - 75ec484c-7743-415c-a891-044da79f6b4d@group-8D9933079AAA->08f1fccb-3813-4a19-b386-9d1a73d37d0e-GrpcLogAppender: appendEntries Timeout, request=75ec484c-7743-415c-a891-044da79f6b4d->08f1fccb-3813-4a19-b386-9d1a73d37d0e#196-t1, previous=(t:1, i:79), leaderCommit=75, initializing? false, entries: <empty>
2019-09-11 10:59:24,436 [java.util.concurrent.ThreadPoolExecutor$Worker@4b358f7e[State = -1, empty queue]] WARN  server.GrpcLogAppender (GrpcLogAppender.java:timeoutAppendRequest(200)) - 75ec484c-7743-415c-a891-044da79f6b4d@group-8D9933079AAA->4664729b-c9fa-423e-9516-a47fa5640f67-GrpcLogAppender: appendEntries Timeout, request=75ec484c-7743-415c-a891-044da79f6b4d->4664729b-c9fa-423e-9516-a47fa5640f67#196-t1, previous=(t:1, i:79), leaderCommit=75, initializing? false, entries: <empty>
2019-09-11 10:59:26,393 [75ec484c-7743-415c-a891-044da79f6b4d@group-8D9933079AAA-SegmentedRaftLogWorker] WARN  segmented.SegmentedRaftLogWorker (SegmentedRaftLogWorker.java:getFromFuture(90)) - Timeout 10/~
org.apache.ratis.protocol.TimeoutIOException: Timeout 10s: WriteLog:76: (t:1, i:76), STATEMACHINELOGENTRY, client-95694700298B, cid=191-writeStateMachineData
	at org.apache.ratis.util.IOUtils.getFromFuture(IOUtils.java:87)
	at org.apache.ratis.server.raftlog.segmented.SegmentedRaftLogWorker$StateMachineDataPolicy.getFromFuture(SegmentedRaftLogWorker.java:87)
	at org.apache.ratis.server.raftlog.segmented.SegmentedRaftLogWorker$WriteLog.execute(SegmentedRaftLogWorker.java:477)
	at org.apache.ratis.server.raftlog.segmented.SegmentedRaftLogWorker.run(SegmentedRaftLogWorker.java:289)
	at java.lang.Thread.run(Thread.java:748)
Caused by: java.util.concurrent.TimeoutException
	at java.util.concurrent.CompletableFuture.timedGet(CompletableFuture.java:1771)
	at java.util.concurrent.CompletableFuture.get(CompletableFuture.java:1915)
	at org.apache.ratis.util.IOUtils.getFromFuture(IOUtils.java:79)
	... 4 more
2019-09-11 10:59:26,417 [4664729b-c9fa-423e-9516-a47fa5640f67@group-8D9933079AAA-SegmentedRaftLogWorker] WARN  segmented.SegmentedRaftLogWorker (SegmentedRaftLogWorker.java:getFromFuture(90)) - Timeout 10/~
org.apache.ratis.protocol.TimeoutIOException: Timeout 10s: WriteLog:76: (t:1, i:76), STATEMACHINELOGENTRY, client-95694700298B, cid=191-writeStateMachineData
	at org.apache.ratis.util.IOUtils.getFromFuture(IOUtils.java:87)
	at org.apache.ratis.server.raftlog.segmented.SegmentedRaftLogWorker$StateMachineDataPolicy.getFromFuture(SegmentedRaftLogWorker.java:87)
	at org.apache.ratis.server.raftlog.segmented.SegmentedRaftLogWorker$WriteLog.execute(SegmentedRaftLogWorker.java:477)
	at org.apache.ratis.server.raftlog.segmented.SegmentedRaftLogWorker.run(SegmentedRaftLogWorker.java:289)
	at java.lang.Thread.run(Thread.java:748)
Caused by: java.util.concurrent.TimeoutException
	at java.util.concurrent.CompletableFuture.timedGet(CompletableFuture.java:1771)
	at java.util.concurrent.CompletableFuture.get(CompletableFuture.java:1915)
	at org.apache.ratis.util.IOUtils.getFromFuture(IOUtils.java:79)
	... 4 more
2019-09-11 10:59:26,417 [08f1fccb-3813-4a19-b386-9d1a73d37d0e@group-8D9933079AAA-SegmentedRaftLogWorker] WARN  segmented.SegmentedRaftLogWorker (SegmentedRaftLogWorker.java:getFromFuture(90)) - Timeout 10/~
org.apache.ratis.protocol.TimeoutIOException: Timeout 10s: WriteLog:76: (t:1, i:76), STATEMACHINELOGENTRY, client-95694700298B, cid=191-writeStateMachineData
	at org.apache.ratis.util.IOUtils.getFromFuture(IOUtils.java:87)
	at org.apache.ratis.server.raftlog.segmented.SegmentedRaftLogWorker$StateMachineDataPolicy.getFromFuture(SegmentedRaftLogWorker.java:87)
	at org.apache.ratis.server.raftlog.segmented.SegmentedRaftLogWorker$WriteLog.execute(SegmentedRaftLogWorker.java:477)
	at org.apache.ratis.server.raftlog.segmented.SegmentedRaftLogWorker.run(SegmentedRaftLogWorker.java:289)
	at java.lang.Thread.run(Thread.java:748)
Caused by: java.util.concurrent.TimeoutException
	at java.util.concurrent.CompletableFuture.timedGet(CompletableFuture.java:1771)
	at java.util.concurrent.CompletableFuture.get(CompletableFuture.java:1915)
	at org.apache.ratis.util.IOUtils.getFromFuture(IOUtils.java:79)
	... 4 more
2019-09-11 10:59:26,936 [java.util.concurrent.ThreadPoolExecutor$Worker@fabb77[State = -1, empty queue]] WARN  server.GrpcLogAppender (GrpcLogAppender.java:timeoutAppendRequest(200)) - 75ec484c-7743-415c-a891-044da79f6b4d@group-8D9933079AAA->08f1fccb-3813-4a19-b386-9d1a73d37d0e-GrpcLogAppender: appendEntries Timeout, request=75ec484c-7743-415c-a891-044da79f6b4d->08f1fccb-3813-4a19-b386-9d1a73d37d0e#197-t1, previous=(t:1, i:79), leaderCommit=75, initializing? false, entries: <empty>
2019-09-11 10:59:26,936 [java.util.concurrent.ThreadPoolExecutor$Worker@4b358f7e[State = -1, empty queue]] WARN  server.GrpcLogAppender (GrpcLogAppender.java:timeoutAppendRequest(200)) - 75ec484c-7743-415c-a891-044da79f6b4d@group-8D9933079AAA->4664729b-c9fa-423e-9516-a47fa5640f67-GrpcLogAppender: appendEntries Timeout, request=75ec484c-7743-415c-a891-044da79f6b4d->4664729b-c9fa-423e-9516-a47fa5640f67#197-t1, previous=(t:1, i:79), leaderCommit=75, initializing? false, entries: <empty>
2019-09-11 10:59:27,870 [grpc-default-executor-7] INFO  client.GrpcClientProtocolClient (GrpcClientProtocolClient.java:onNext(264)) - client-95694700298B->4664729b-c9fa-423e-9516-a47fa5640f67: receive RaftClientReply:client-95694700298B->4664729b-c9fa-423e-9516-a47fa5640f67@group-8D9933079AAA, cid=191, FAILED org.apache.ratis.protocol.NotLeaderException: Server 4664729b-c9fa-423e-9516-a47fa5640f67@group-8D9933079AAA is not the leader 75ec484c-7743-415c-a891-044da79f6b4d:192.168.69.96:41248, logIndex=0, commits[4664729b-c9fa-423e-9516-a47fa5640f67:c75, 08f1fccb-3813-4a19-b386-9d1a73d37d0e:c74, 75ec484c-7743-415c-a891-044da79f6b4d:c75]
2019-09-11 10:59:29,437 [java.util.concurrent.ThreadPoolExecutor$Worker@4b358f7e[State = -1, empty queue]] WARN  server.GrpcLogAppender (GrpcLogAppender.java:timeoutAppendRequest(200)) - 75ec484c-7743-415c-a891-044da79f6b4d@group-8D9933079AAA->4664729b-c9fa-423e-9516-a47fa5640f67-GrpcLogAppender: appendEntries Timeout, request=75ec484c-7743-415c-a891-044da79f6b4d->4664729b-c9fa-423e-9516-a47fa5640f67#198-t1, previous=(t:1, i:79), leaderCommit=75, initializing? false, entries: <empty>
2019-09-11 10:59:29,437 [java.util.concurrent.ThreadPoolExecutor$Worker@fabb77[State = -1, empty queue]] WARN  server.GrpcLogAppender (GrpcLogAppender.java:timeoutAppendRequest(200)) - 75ec484c-7743-415c-a891-044da79f6b4d@group-8D9933079AAA->08f1fccb-3813-4a19-b386-9d1a73d37d0e-GrpcLogAppender: appendEntries Timeout, request=75ec484c-7743-415c-a891-044da79f6b4d->08f1fccb-3813-4a19-b386-9d1a73d37d0e#198-t1, previous=(t:1, i:79), leaderCommit=75, initializing? false, entries: <empty>
2019-09-11 10:59:31,938 [java.util.concurrent.ThreadPoolExecutor$Worker@fabb77[State = -1, empty queue]] WARN  server.GrpcLogAppender (GrpcLogAppender.java:timeoutAppendRequest(200)) - 75ec484c-7743-415c-a891-044da79f6b4d@group-8D9933079AAA->08f1fccb-3813-4a19-b386-9d1a73d37d0e-GrpcLogAppender: appendEntries Timeout, request=75ec484c-7743-415c-a891-044da79f6b4d->08f1fccb-3813-4a19-b386-9d1a73d37d0e#199-t1, previous=(t:1, i:79), leaderCommit=75, initializing? false, entries: <empty>
2019-09-11 10:59:31,938 [java.util.concurrent.ThreadPoolExecutor$Worker@4b358f7e[State = -1, empty queue]] WARN  server.GrpcLogAppender (GrpcLogAppender.java:timeoutAppendRequest(200)) - 75ec484c-7743-415c-a891-044da79f6b4d@group-8D9933079AAA->4664729b-c9fa-423e-9516-a47fa5640f67-GrpcLogAppender: appendEntries Timeout, request=75ec484c-7743-415c-a891-044da79f6b4d->4664729b-c9fa-423e-9516-a47fa5640f67#199-t1, previous=(t:1, i:79), leaderCommit=75, initializing? false, entries: <empty>
2019-09-11 10:59:32,931 [grpc-default-executor-6] INFO  client.GrpcClientProtocolClient (GrpcClientProtocolClient.java:onNext(264)) - client-95694700298B->4664729b-c9fa-423e-9516-a47fa5640f67: receive RaftClientReply:client-95694700298B->4664729b-c9fa-423e-9516-a47fa5640f67@group-8D9933079AAA, cid=191, FAILED org.apache.ratis.protocol.NotLeaderException: Server 4664729b-c9fa-423e-9516-a47fa5640f67@group-8D9933079AAA is not the leader 75ec484c-7743-415c-a891-044da79f6b4d:192.168.69.96:41248, logIndex=0, commits[4664729b-c9fa-423e-9516-a47fa5640f67:c75, 08f1fccb-3813-4a19-b386-9d1a73d37d0e:c74, 75ec484c-7743-415c-a891-044da79f6b4d:c75]
2019-09-11 10:59:34,438 [java.util.concurrent.ThreadPoolExecutor$Worker@fabb77[State = -1, empty queue]] WARN  server.GrpcLogAppender (GrpcLogAppender.java:timeoutAppendRequest(200)) - 75ec484c-7743-415c-a891-044da79f6b4d@group-8D9933079AAA->08f1fccb-3813-4a19-b386-9d1a73d37d0e-GrpcLogAppender: appendEntries Timeout, request=75ec484c-7743-415c-a891-044da79f6b4d->08f1fccb-3813-4a19-b386-9d1a73d37d0e#200-t1, previous=(t:1, i:79), leaderCommit=75, initializing? false, entries: <empty>
2019-09-11 10:59:34,438 [java.util.concurrent.ThreadPoolExecutor$Worker@4b358f7e[State = -1, empty queue]] WARN  server.GrpcLogAppender (GrpcLogAppender.java:timeoutAppendRequest(200)) - 75ec484c-7743-415c-a891-044da79f6b4d@group-8D9933079AAA->4664729b-c9fa-423e-9516-a47fa5640f67-GrpcLogAppender: appendEntries Timeout, request=75ec484c-7743-415c-a891-044da79f6b4d->4664729b-c9fa-423e-9516-a47fa5640f67#200-t1, previous=(t:1, i:79), leaderCommit=75, initializing? false, entries: <empty>
2019-09-11 10:59:36,395 [75ec484c-7743-415c-a891-044da79f6b4d@group-8D9933079AAA-SegmentedRaftLogWorker] WARN  segmented.SegmentedRaftLogWorker (SegmentedRaftLogWorker.java:getFromFuture(90)) - Timeout 11/~
org.apache.ratis.protocol.TimeoutIOException: Timeout 10s: WriteLog:76: (t:1, i:76), STATEMACHINELOGENTRY, client-95694700298B, cid=191-writeStateMachineData
	at org.apache.ratis.util.IOUtils.getFromFuture(IOUtils.java:87)
	at org.apache.ratis.server.raftlog.segmented.SegmentedRaftLogWorker$StateMachineDataPolicy.getFromFuture(SegmentedRaftLogWorker.java:87)
	at org.apache.ratis.server.raftlog.segmented.SegmentedRaftLogWorker$WriteLog.execute(SegmentedRaftLogWorker.java:477)
	at org.apache.ratis.server.raftlog.segmented.SegmentedRaftLogWorker.run(SegmentedRaftLogWorker.java:289)
	at java.lang.Thread.run(Thread.java:748)
Caused by: java.util.concurrent.TimeoutException
	at java.util.concurrent.CompletableFuture.timedGet(CompletableFuture.java:1771)
	at java.util.concurrent.CompletableFuture.get(CompletableFuture.java:1915)
	at org.apache.ratis.util.IOUtils.getFromFuture(IOUtils.java:79)
	... 4 more
2019-09-11 10:59:36,417 [4664729b-c9fa-423e-9516-a47fa5640f67@group-8D9933079AAA-SegmentedRaftLogWorker] WARN  segmented.SegmentedRaftLogWorker (SegmentedRaftLogWorker.java:getFromFuture(90)) - Timeout 11/~
org.apache.ratis.protocol.TimeoutIOException: Timeout 10s: WriteLog:76: (t:1, i:76), STATEMACHINELOGENTRY, client-95694700298B, cid=191-writeStateMachineData
	at org.apache.ratis.util.IOUtils.getFromFuture(IOUtils.java:87)
	at org.apache.ratis.server.raftlog.segmented.SegmentedRaftLogWorker$StateMachineDataPolicy.getFromFuture(SegmentedRaftLogWorker.java:87)
	at org.apache.ratis.server.raftlog.segmented.SegmentedRaftLogWorker$WriteLog.execute(SegmentedRaftLogWorker.java:477)
	at org.apache.ratis.server.raftlog.segmented.SegmentedRaftLogWorker.run(SegmentedRaftLogWorker.java:289)
	at java.lang.Thread.run(Thread.java:748)
Caused by: java.util.concurrent.TimeoutException
	at java.util.concurrent.CompletableFuture.timedGet(CompletableFuture.java:1771)
	at java.util.concurrent.CompletableFuture.get(CompletableFuture.java:1915)
	at org.apache.ratis.util.IOUtils.getFromFuture(IOUtils.java:79)
	... 4 more
2019-09-11 10:59:36,418 [08f1fccb-3813-4a19-b386-9d1a73d37d0e@group-8D9933079AAA-SegmentedRaftLogWorker] WARN  segmented.SegmentedRaftLogWorker (SegmentedRaftLogWorker.java:getFromFuture(90)) - Timeout 11/~
org.apache.ratis.protocol.TimeoutIOException: Timeout 10s: WriteLog:76: (t:1, i:76), STATEMACHINELOGENTRY, client-95694700298B, cid=191-writeStateMachineData
	at org.apache.ratis.util.IOUtils.getFromFuture(IOUtils.java:87)
	at org.apache.ratis.server.raftlog.segmented.SegmentedRaftLogWorker$StateMachineDataPolicy.getFromFuture(SegmentedRaftLogWorker.java:87)
	at org.apache.ratis.server.raftlog.segmented.SegmentedRaftLogWorker$WriteLog.execute(SegmentedRaftLogWorker.java:477)
	at org.apache.ratis.server.raftlog.segmented.SegmentedRaftLogWorker.run(SegmentedRaftLogWorker.java:289)
	at java.lang.Thread.run(Thread.java:748)
Caused by: java.util.concurrent.TimeoutException
	at java.util.concurrent.CompletableFuture.timedGet(CompletableFuture.java:1771)
	at java.util.concurrent.CompletableFuture.get(CompletableFuture.java:1915)
	at org.apache.ratis.util.IOUtils.getFromFuture(IOUtils.java:79)
	... 4 more
2019-09-11 10:59:36,439 [org.apache.ratis.server.impl.LogAppender$AppenderDaemon$$Lambda$497/1546363005@3ee2d305] ERROR ratis.XceiverServerRatis (XceiverServerRatis.java:triggerPipelineClose(568)) - pipeline Action CLOSE  on pipeline PipelineID=033f66d0-a2ca-418a-99be-8d9933079aaa.Reason : 75ec484c-7743-415c-a891-044da79f6b4d has not seen follower/s 08f1fccb-3813-4a19-b386-9d1a73d37d0e for 121613ms 4664729b-c9fa-423e-9516-a47fa5640f67 for 121613ms
2019-09-11 10:59:36,439 [org.apache.ratis.server.impl.LogAppender$AppenderDaemon$$Lambda$497/1546363005@e0156e5] ERROR ratis.XceiverServerRatis (XceiverServerRatis.java:triggerPipelineClose(568)) - pipeline Action CLOSE  on pipeline PipelineID=033f66d0-a2ca-418a-99be-8d9933079aaa.Reason : 75ec484c-7743-415c-a891-044da79f6b4d has not seen follower/s 08f1fccb-3813-4a19-b386-9d1a73d37d0e for 121613ms 4664729b-c9fa-423e-9516-a47fa5640f67 for 121613ms
2019-09-11 10:59:36,610 [EventQueue-PipelineActionsForPipelineActionHandler] ERROR pipeline.PipelineActionHandler (PipelineActionHandler.java:onMessage(60)) - Received pipeline action CLOSE for Pipeline[ Id: 033f66d0-a2ca-418a-99be-8d9933079aaa, Nodes: 4664729b-c9fa-423e-9516-a47fa5640f67{ip: 192.168.69.96, host: pr-hdds-1982-decom-states-q64lx-3787986432, networkLocation: /default-rack, certSerialId: null}08f1fccb-3813-4a19-b386-9d1a73d37d0e{ip: 192.168.69.96, host: pr-hdds-1982-decom-states-q64lx-3787986432, networkLocation: /default-rack, certSerialId: null}75ec484c-7743-415c-a891-044da79f6b4d{ip: 192.168.69.96, host: pr-hdds-1982-decom-states-q64lx-3787986432, networkLocation: /default-rack, certSerialId: null}, Type:RATIS, Factor:THREE, State:OPEN] from datanode 75ec484c-7743-415c-a891-044da79f6b4d{ip: 192.168.69.96, host: pr-hdds-1982-decom-states-q64lx-3787986432, networkLocation: /default-rack, certSerialId: null}. Reason : 75ec484c-7743-415c-a891-044da79f6b4d has not seen follower/s 08f1fccb-3813-4a19-b386-9d1a73d37d0e for 121613ms 4664729b-c9fa-423e-9516-a47fa5640f67 for 121613ms
2019-09-11 10:59:36,610 [EventQueue-PipelineActionsForPipelineActionHandler] INFO  pipeline.SCMPipelineManager (SCMPipelineManager.java:finalizeAndDestroyPipeline(311)) - destroying pipeline:Pipeline[ Id: 033f66d0-a2ca-418a-99be-8d9933079aaa, Nodes: 4664729b-c9fa-423e-9516-a47fa5640f67{ip: 192.168.69.96, host: pr-hdds-1982-decom-states-q64lx-3787986432, networkLocation: /default-rack, certSerialId: null}08f1fccb-3813-4a19-b386-9d1a73d37d0e{ip: 192.168.69.96, host: pr-hdds-1982-decom-states-q64lx-3787986432, networkLocation: /default-rack, certSerialId: null}75ec484c-7743-415c-a891-044da79f6b4d{ip: 192.168.69.96, host: pr-hdds-1982-decom-states-q64lx-3787986432, networkLocation: /default-rack, certSerialId: null}, Type:RATIS, Factor:THREE, State:OPEN]
2019-09-11 10:59:36,611 [EventQueue-PipelineActionsForPipelineActionHandler] INFO  pipeline.PipelineStateManager (PipelineStateManager.java:finalizePipeline(123)) - Pipeline Pipeline[ Id: 033f66d0-a2ca-418a-99be-8d9933079aaa, Nodes: 4664729b-c9fa-423e-9516-a47fa5640f67{ip: 192.168.69.96, host: pr-hdds-1982-decom-states-q64lx-3787986432, networkLocation: /default-rack, certSerialId: null}08f1fccb-3813-4a19-b386-9d1a73d37d0e{ip: 192.168.69.96, host: pr-hdds-1982-decom-states-q64lx-3787986432, networkLocation: /default-rack, certSerialId: null}75ec484c-7743-415c-a891-044da79f6b4d{ip: 192.168.69.96, host: pr-hdds-1982-decom-states-q64lx-3787986432, networkLocation: /default-rack, certSerialId: null}, Type:RATIS, Factor:THREE, State:CLOSED] moved to CLOSED state
2019-09-11 10:59:36,611 [EventQueue-CloseContainerForCloseContainerEventHandler] INFO  container.CloseContainerEventHandler (CloseContainerEventHandler.java:onMessage(61)) - Close container Event triggered for container : #5
2019-09-11 10:59:36,612 [EventQueue-CloseContainerForCloseContainerEventHandler] INFO  container.CloseContainerEventHandler (CloseContainerEventHandler.java:onMessage(61)) - Close container Event triggered for container : #7
2019-09-11 10:59:36,613 [EventQueue-CloseContainerForCloseContainerEventHandler] INFO  container.CloseContainerEventHandler (CloseContainerEventHandler.java:onMessage(61)) - Close container Event triggered for container : #12
2019-09-11 10:59:36,938 [java.util.concurrent.ThreadPoolExecutor$Worker@4b358f7e[State = -1, empty queue]] WARN  server.GrpcLogAppender (GrpcLogAppender.java:timeoutAppendRequest(200)) - 75ec484c-7743-415c-a891-044da79f6b4d@group-8D9933079AAA->4664729b-c9fa-423e-9516-a47fa5640f67-GrpcLogAppender: appendEntries Timeout, request=75ec484c-7743-415c-a891-044da79f6b4d->4664729b-c9fa-423e-9516-a47fa5640f67#201-t1, previous=(t:1, i:79), leaderCommit=75, initializing? false, entries: <empty>
2019-09-11 10:59:36,938 [java.util.concurrent.ThreadPoolExecutor$Worker@fabb77[State = -1, empty queue]] WARN  server.GrpcLogAppender (GrpcLogAppender.java:timeoutAppendRequest(200)) - 75ec484c-7743-415c-a891-044da79f6b4d@group-8D9933079AAA->08f1fccb-3813-4a19-b386-9d1a73d37d0e-GrpcLogAppender: appendEntries Timeout, request=75ec484c-7743-415c-a891-044da79f6b4d->08f1fccb-3813-4a19-b386-9d1a73d37d0e#201-t1, previous=(t:1, i:79), leaderCommit=75, initializing? false, entries: <empty>
2019-09-11 10:59:38,002 [grpc-default-executor-6] INFO  client.GrpcClientProtocolClient (GrpcClientProtocolClient.java:onNext(264)) - client-95694700298B->4664729b-c9fa-423e-9516-a47fa5640f67: receive RaftClientReply:client-95694700298B->4664729b-c9fa-423e-9516-a47fa5640f67@group-8D9933079AAA, cid=191, FAILED org.apache.ratis.protocol.NotLeaderException: Server 4664729b-c9fa-423e-9516-a47fa5640f67@group-8D9933079AAA is not the leader 75ec484c-7743-415c-a891-044da79f6b4d:192.168.69.96:41248, logIndex=0, commits[4664729b-c9fa-423e-9516-a47fa5640f67:c75, 08f1fccb-3813-4a19-b386-9d1a73d37d0e:c74, 75ec484c-7743-415c-a891-044da79f6b4d:c75]
2019-09-11 10:59:38,629 [org.apache.ratis.server.impl.LogAppender$AppenderDaemon$$Lambda$497/1546363005@e0156e5] ERROR ratis.XceiverServerRatis (XceiverServerRatis.java:triggerPipelineClose(568)) - pipeline Action CLOSE  on pipeline PipelineID=033f66d0-a2ca-418a-99be-8d9933079aaa.Reason : 75ec484c-7743-415c-a891-044da79f6b4d has not seen follower/s 08f1fccb-3813-4a19-b386-9d1a73d37d0e for 123803ms 4664729b-c9fa-423e-9516-a47fa5640f67 for 123803ms
2019-09-11 10:59:38,629 [org.apache.ratis.server.impl.LogAppender$AppenderDaemon$$Lambda$497/1546363005@3ee2d305] ERROR ratis.XceiverServerRatis (XceiverServerRatis.java:triggerPipelineClose(568)) - pipeline Action CLOSE  on pipeline PipelineID=033f66d0-a2ca-418a-99be-8d9933079aaa.Reason : 75ec484c-7743-415c-a891-044da79f6b4d has not seen follower/s 08f1fccb-3813-4a19-b386-9d1a73d37d0e for 123803ms 4664729b-c9fa-423e-9516-a47fa5640f67 for 123803ms
2019-09-11 10:59:39,439 [java.util.concurrent.ThreadPoolExecutor$Worker@fabb77[State = -1, empty queue]] WARN  server.GrpcLogAppender (GrpcLogAppender.java:timeoutAppendRequest(200)) - 75ec484c-7743-415c-a891-044da79f6b4d@group-8D9933079AAA->08f1fccb-3813-4a19-b386-9d1a73d37d0e-GrpcLogAppender: appendEntries Timeout, request=75ec484c-7743-415c-a891-044da79f6b4d->08f1fccb-3813-4a19-b386-9d1a73d37d0e#202-t1, previous=(t:1, i:79), leaderCommit=75, initializing? false, entries: <empty>
2019-09-11 10:59:39,439 [java.util.concurrent.ThreadPoolExecutor$Worker@4b358f7e[State = -1, empty queue]] WARN  server.GrpcLogAppender (GrpcLogAppender.java:timeoutAppendRequest(200)) - 75ec484c-7743-415c-a891-044da79f6b4d@group-8D9933079AAA->4664729b-c9fa-423e-9516-a47fa5640f67-GrpcLogAppender: appendEntries Timeout, request=75ec484c-7743-415c-a891-044da79f6b4d->4664729b-c9fa-423e-9516-a47fa5640f67#202-t1, previous=(t:1, i:79), leaderCommit=75, initializing? false, entries: <empty>
2019-09-11 10:59:39,627 [EventQueue-PipelineActionsForPipelineActionHandler] ERROR pipeline.PipelineActionHandler (PipelineActionHandler.java:onMessage(60)) - Received pipeline action CLOSE for Pipeline[ Id: 033f66d0-a2ca-418a-99be-8d9933079aaa, Nodes: 4664729b-c9fa-423e-9516-a47fa5640f67{ip: 192.168.69.96, host: pr-hdds-1982-decom-states-q64lx-3787986432, networkLocation: /default-rack, certSerialId: null}08f1fccb-3813-4a19-b386-9d1a73d37d0e{ip: 192.168.69.96, host: pr-hdds-1982-decom-states-q64lx-3787986432, networkLocation: /default-rack, certSerialId: null}75ec484c-7743-415c-a891-044da79f6b4d{ip: 192.168.69.96, host: pr-hdds-1982-decom-states-q64lx-3787986432, networkLocation: /default-rack, certSerialId: null}, Type:RATIS, Factor:THREE, State:CLOSED] from datanode 75ec484c-7743-415c-a891-044da79f6b4d{ip: 192.168.69.96, host: pr-hdds-1982-decom-states-q64lx-3787986432, networkLocation: /default-rack, certSerialId: null}. Reason : 75ec484c-7743-415c-a891-044da79f6b4d has not seen follower/s 08f1fccb-3813-4a19-b386-9d1a73d37d0e for 123803ms 4664729b-c9fa-423e-9516-a47fa5640f67 for 123803ms
2019-09-11 10:59:39,628 [EventQueue-PipelineActionsForPipelineActionHandler] INFO  pipeline.SCMPipelineManager (SCMPipelineManager.java:finalizeAndDestroyPipeline(311)) - destroying pipeline:Pipeline[ Id: 033f66d0-a2ca-418a-99be-8d9933079aaa, Nodes: 4664729b-c9fa-423e-9516-a47fa5640f67{ip: 192.168.69.96, host: pr-hdds-1982-decom-states-q64lx-3787986432, networkLocation: /default-rack, certSerialId: null}08f1fccb-3813-4a19-b386-9d1a73d37d0e{ip: 192.168.69.96, host: pr-hdds-1982-decom-states-q64lx-3787986432, networkLocation: /default-rack, certSerialId: null}75ec484c-7743-415c-a891-044da79f6b4d{ip: 192.168.69.96, host: pr-hdds-1982-decom-states-q64lx-3787986432, networkLocation: /default-rack, certSerialId: null}, Type:RATIS, Factor:THREE, State:CLOSED]
2019-09-11 10:59:41,129 [org.apache.ratis.server.impl.LogAppender$AppenderDaemon$$Lambda$497/1546363005@e0156e5] ERROR ratis.XceiverServerRatis (XceiverServerRatis.java:triggerPipelineClose(568)) - pipeline Action CLOSE  on pipeline PipelineID=033f66d0-a2ca-418a-99be-8d9933079aaa.Reason : 75ec484c-7743-415c-a891-044da79f6b4d has not seen follower/s 08f1fccb-3813-4a19-b386-9d1a73d37d0e for 126303ms 4664729b-c9fa-423e-9516-a47fa5640f67 for 126304ms
2019-09-11 10:59:41,129 [org.apache.ratis.server.impl.LogAppender$AppenderDaemon$$Lambda$497/1546363005@3ee2d305] ERROR ratis.XceiverServerRatis (XceiverServerRatis.java:triggerPipelineClose(568)) - pipeline Action CLOSE  on pipeline PipelineID=033f66d0-a2ca-418a-99be-8d9933079aaa.Reason : 75ec484c-7743-415c-a891-044da79f6b4d has not seen follower/s 08f1fccb-3813-4a19-b386-9d1a73d37d0e for 126303ms 4664729b-c9fa-423e-9516-a47fa5640f67 for 126304ms
2019-09-11 10:59:41,627 [EventQueue-PipelineActionsForPipelineActionHandler] ERROR pipeline.PipelineActionHandler (PipelineActionHandler.java:onMessage(60)) - Received pipeline action CLOSE for Pipeline[ Id: 033f66d0-a2ca-418a-99be-8d9933079aaa, Nodes: 4664729b-c9fa-423e-9516-a47fa5640f67{ip: 192.168.69.96, host: pr-hdds-1982-decom-states-q64lx-3787986432, networkLocation: /default-rack, certSerialId: null}08f1fccb-3813-4a19-b386-9d1a73d37d0e{ip: 192.168.69.96, host: pr-hdds-1982-decom-states-q64lx-3787986432, networkLocation: /default-rack, certSerialId: null}75ec484c-7743-415c-a891-044da79f6b4d{ip: 192.168.69.96, host: pr-hdds-1982-decom-states-q64lx-3787986432, networkLocation: /default-rack, certSerialId: null}, Type:RATIS, Factor:THREE, State:CLOSED] from datanode 75ec484c-7743-415c-a891-044da79f6b4d{ip: 192.168.69.96, host: pr-hdds-1982-decom-states-q64lx-3787986432, networkLocation: /default-rack, certSerialId: null}. Reason : 75ec484c-7743-415c-a891-044da79f6b4d has not seen follower/s 08f1fccb-3813-4a19-b386-9d1a73d37d0e for 126303ms 4664729b-c9fa-423e-9516-a47fa5640f67 for 126304ms
2019-09-11 10:59:41,627 [EventQueue-PipelineActionsForPipelineActionHandler] INFO  pipeline.SCMPipelineManager (SCMPipelineManager.java:finalizeAndDestroyPipeline(311)) - destroying pipeline:Pipeline[ Id: 033f66d0-a2ca-418a-99be-8d9933079aaa, Nodes: 4664729b-c9fa-423e-9516-a47fa5640f67{ip: 192.168.69.96, host: pr-hdds-1982-decom-states-q64lx-3787986432, networkLocation: /default-rack, certSerialId: null}08f1fccb-3813-4a19-b386-9d1a73d37d0e{ip: 192.168.69.96, host: pr-hdds-1982-decom-states-q64lx-3787986432, networkLocation: /default-rack, certSerialId: null}75ec484c-7743-415c-a891-044da79f6b4d{ip: 192.168.69.96, host: pr-hdds-1982-decom-states-q64lx-3787986432, networkLocation: /default-rack, certSerialId: null}, Type:RATIS, Factor:THREE, State:CLOSED]
2019-09-11 10:59:41,629 [java.util.concurrent.ThreadPoolExecutor$Worker@4b358f7e[State = -1, empty queue]] WARN  server.GrpcLogAppender (GrpcLogAppender.java:timeoutAppendRequest(200)) - 75ec484c-7743-415c-a891-044da79f6b4d@group-8D9933079AAA->4664729b-c9fa-423e-9516-a47fa5640f67-GrpcLogAppender: appendEntries Timeout, request=75ec484c-7743-415c-a891-044da79f6b4d->4664729b-c9fa-423e-9516-a47fa5640f67#203-t1, previous=(t:1, i:79), leaderCommit=75, initializing? false, entries: size=1, first=(t:1, i:80), STATEMACHINELOGENTRY, client-62BBC0D66D88, cid=74
2019-09-11 10:59:41,629 [java.util.concurrent.ThreadPoolExecutor$Worker@fabb77[State = -1, empty queue]] WARN  server.GrpcLogAppender (GrpcLogAppender.java:timeoutAppendRequest(200)) - 75ec484c-7743-415c-a891-044da79f6b4d@group-8D9933079AAA->08f1fccb-3813-4a19-b386-9d1a73d37d0e-GrpcLogAppender: appendEntries Timeout, request=75ec484c-7743-415c-a891-044da79f6b4d->08f1fccb-3813-4a19-b386-9d1a73d37d0e#203-t1, previous=(t:1, i:79), leaderCommit=75, initializing? false, entries: size=1, first=(t:1, i:80), STATEMACHINELOGENTRY, client-62BBC0D66D88, cid=74
2019-09-11 10:59:43,044 [grpc-default-executor-6] INFO  client.GrpcClientProtocolClient (GrpcClientProtocolClient.java:onNext(264)) - client-95694700298B->08f1fccb-3813-4a19-b386-9d1a73d37d0e: receive RaftClientReply:client-95694700298B->08f1fccb-3813-4a19-b386-9d1a73d37d0e@group-8D9933079AAA, cid=191, FAILED org.apache.ratis.protocol.NotLeaderException: Server 08f1fccb-3813-4a19-b386-9d1a73d37d0e@group-8D9933079AAA is not the leader 75ec484c-7743-415c-a891-044da79f6b4d:192.168.69.96:41248, logIndex=0, commits[08f1fccb-3813-4a19-b386-9d1a73d37d0e:c75, 4664729b-c9fa-423e-9516-a47fa5640f67:c74, 75ec484c-7743-415c-a891-044da79f6b4d:c75]
2019-09-11 10:59:43,630 [org.apache.ratis.server.impl.LogAppender$AppenderDaemon$$Lambda$497/1546363005@e0156e5] ERROR ratis.XceiverServerRatis (XceiverServerRatis.java:triggerPipelineClose(568)) - pipeline Action CLOSE  on pipeline PipelineID=033f66d0-a2ca-418a-99be-8d9933079aaa.Reason : 75ec484c-7743-415c-a891-044da79f6b4d has not seen follower/s 08f1fccb-3813-4a19-b386-9d1a73d37d0e for 128804ms 4664729b-c9fa-423e-9516-a47fa5640f67 for 128804ms
2019-09-11 10:59:43,630 [org.apache.ratis.server.impl.LogAppender$AppenderDaemon$$Lambda$497/1546363005@3ee2d305] ERROR ratis.XceiverServerRatis (XceiverServerRatis.java:triggerPipelineClose(568)) - pipeline Action CLOSE  on pipeline PipelineID=033f66d0-a2ca-418a-99be-8d9933079aaa.Reason : 75ec484c-7743-415c-a891-044da79f6b4d has not seen follower/s 08f1fccb-3813-4a19-b386-9d1a73d37d0e for 128804ms 4664729b-c9fa-423e-9516-a47fa5640f67 for 128804ms
2019-09-11 10:59:44,129 [java.util.concurrent.ThreadPoolExecutor$Worker@4b358f7e[State = -1, empty queue]] WARN  server.GrpcLogAppender (GrpcLogAppender.java:timeoutAppendRequest(200)) - 75ec484c-7743-415c-a891-044da79f6b4d@group-8D9933079AAA->4664729b-c9fa-423e-9516-a47fa5640f67-GrpcLogAppender: appendEntries Timeout, request=75ec484c-7743-415c-a891-044da79f6b4d->4664729b-c9fa-423e-9516-a47fa5640f67#204-t1, previous=(t:1, i:80), leaderCommit=75, initializing? false, entries: <empty>
2019-09-11 10:59:44,130 [java.util.concurrent.ThreadPoolExecutor$Worker@fabb77[State = -1, empty queue]] WARN  server.GrpcLogAppender (GrpcLogAppender.java:timeoutAppendRequest(200)) - 75ec484c-7743-415c-a891-044da79f6b4d@group-8D9933079AAA->08f1fccb-3813-4a19-b386-9d1a73d37d0e-GrpcLogAppender: appendEntries Timeout, request=75ec484c-7743-415c-a891-044da79f6b4d->08f1fccb-3813-4a19-b386-9d1a73d37d0e#204-t1, previous=(t:1, i:80), leaderCommit=75, initializing? false, entries: <empty>
2019-09-11 10:59:44,627 [EventQueue-PipelineActionsForPipelineActionHandler] ERROR pipeline.PipelineActionHandler (PipelineActionHandler.java:onMessage(60)) - Received pipeline action CLOSE for Pipeline[ Id: 033f66d0-a2ca-418a-99be-8d9933079aaa, Nodes: 4664729b-c9fa-423e-9516-a47fa5640f67{ip: 192.168.69.96, host: pr-hdds-1982-decom-states-q64lx-3787986432, networkLocation: /default-rack, certSerialId: null}08f1fccb-3813-4a19-b386-9d1a73d37d0e{ip: 192.168.69.96, host: pr-hdds-1982-decom-states-q64lx-3787986432, networkLocation: /default-rack, certSerialId: null}75ec484c-7743-415c-a891-044da79f6b4d{ip: 192.168.69.96, host: pr-hdds-1982-decom-states-q64lx-3787986432, networkLocation: /default-rack, certSerialId: null}, Type:RATIS, Factor:THREE, State:CLOSED] from datanode 75ec484c-7743-415c-a891-044da79f6b4d{ip: 192.168.69.96, host: pr-hdds-1982-decom-states-q64lx-3787986432, networkLocation: /default-rack, certSerialId: null}. Reason : 75ec484c-7743-415c-a891-044da79f6b4d has not seen follower/s 08f1fccb-3813-4a19-b386-9d1a73d37d0e for 128804ms 4664729b-c9fa-423e-9516-a47fa5640f67 for 128804ms
2019-09-11 10:59:44,628 [EventQueue-PipelineActionsForPipelineActionHandler] INFO  pipeline.SCMPipelineManager (SCMPipelineManager.java:finalizeAndDestroyPipeline(311)) - destroying pipeline:Pipeline[ Id: 033f66d0-a2ca-418a-99be-8d9933079aaa, Nodes: 4664729b-c9fa-423e-9516-a47fa5640f67{ip: 192.168.69.96, host: pr-hdds-1982-decom-states-q64lx-3787986432, networkLocation: /default-rack, certSerialId: null}08f1fccb-3813-4a19-b386-9d1a73d37d0e{ip: 192.168.69.96, host: pr-hdds-1982-decom-states-q64lx-3787986432, networkLocation: /default-rack, certSerialId: null}75ec484c-7743-415c-a891-044da79f6b4d{ip: 192.168.69.96, host: pr-hdds-1982-decom-states-q64lx-3787986432, networkLocation: /default-rack, certSerialId: null}, Type:RATIS, Factor:THREE, State:CLOSED]
2019-09-11 10:59:46,131 [org.apache.ratis.server.impl.LogAppender$AppenderDaemon$$Lambda$497/1546363005@3ee2d305] ERROR ratis.XceiverServerRatis (XceiverServerRatis.java:triggerPipelineClose(568)) - pipeline Action CLOSE  on pipeline PipelineID=033f66d0-a2ca-418a-99be-8d9933079aaa.Reason : 75ec484c-7743-415c-a891-044da79f6b4d has not seen follower/s 08f1fccb-3813-4a19-b386-9d1a73d37d0e for 131305ms 4664729b-c9fa-423e-9516-a47fa5640f67 for 131305ms
2019-09-11 10:59:46,131 [org.apache.ratis.server.impl.LogAppender$AppenderDaemon$$Lambda$497/1546363005@e0156e5] ERROR ratis.XceiverServerRatis (XceiverServerRatis.java:triggerPipelineClose(568)) - pipeline Action CLOSE  on pipeline PipelineID=033f66d0-a2ca-418a-99be-8d9933079aaa.Reason : 75ec484c-7743-415c-a891-044da79f6b4d has not seen follower/s 08f1fccb-3813-4a19-b386-9d1a73d37d0e for 131305ms 4664729b-c9fa-423e-9516-a47fa5640f67 for 131305ms
2019-09-11 10:59:46,397 [75ec484c-7743-415c-a891-044da79f6b4d@group-8D9933079AAA-SegmentedRaftLogWorker] WARN  segmented.SegmentedRaftLogWorker (SegmentedRaftLogWorker.java:getFromFuture(90)) - Timeout 12/~
org.apache.ratis.protocol.TimeoutIOException: Timeout 10s: WriteLog:76: (t:1, i:76), STATEMACHINELOGENTRY, client-95694700298B, cid=191-writeStateMachineData
	at org.apache.ratis.util.IOUtils.getFromFuture(IOUtils.java:87)
	at org.apache.ratis.server.raftlog.segmented.SegmentedRaftLogWorker$StateMachineDataPolicy.getFromFuture(SegmentedRaftLogWorker.java:87)
	at org.apache.ratis.server.raftlog.segmented.SegmentedRaftLogWorker$WriteLog.execute(SegmentedRaftLogWorker.java:477)
	at org.apache.ratis.server.raftlog.segmented.SegmentedRaftLogWorker.run(SegmentedRaftLogWorker.java:289)
	at java.lang.Thread.run(Thread.java:748)
Caused by: java.util.concurrent.TimeoutException
	at java.util.concurrent.CompletableFuture.timedGet(CompletableFuture.java:1771)
	at java.util.concurrent.CompletableFuture.get(CompletableFuture.java:1915)
	at org.apache.ratis.util.IOUtils.getFromFuture(IOUtils.java:79)
	... 4 more
2019-09-11 10:59:46,418 [4664729b-c9fa-423e-9516-a47fa5640f67@group-8D9933079AAA-SegmentedRaftLogWorker] WARN  segmented.SegmentedRaftLogWorker (SegmentedRaftLogWorker.java:getFromFuture(90)) - Timeout 12/~
org.apache.ratis.protocol.TimeoutIOException: Timeout 10s: WriteLog:76: (t:1, i:76), STATEMACHINELOGENTRY, client-95694700298B, cid=191-writeStateMachineData
	at org.apache.ratis.util.IOUtils.getFromFuture(IOUtils.java:87)
	at org.apache.ratis.server.raftlog.segmented.SegmentedRaftLogWorker$StateMachineDataPolicy.getFromFuture(SegmentedRaftLogWorker.java:87)
	at org.apache.ratis.server.raftlog.segmented.SegmentedRaftLogWorker$WriteLog.execute(SegmentedRaftLogWorker.java:477)
	at org.apache.ratis.server.raftlog.segmented.SegmentedRaftLogWorker.run(SegmentedRaftLogWorker.java:289)
	at java.lang.Thread.run(Thread.java:748)
Caused by: java.util.concurrent.TimeoutException
	at java.util.concurrent.CompletableFuture.timedGet(CompletableFuture.java:1771)
	at java.util.concurrent.CompletableFuture.get(CompletableFuture.java:1915)
	at org.apache.ratis.util.IOUtils.getFromFuture(IOUtils.java:79)
	... 4 more
2019-09-11 10:59:46,418 [08f1fccb-3813-4a19-b386-9d1a73d37d0e@group-8D9933079AAA-SegmentedRaftLogWorker] WARN  segmented.SegmentedRaftLogWorker (SegmentedRaftLogWorker.java:getFromFuture(90)) - Timeout 12/~
org.apache.ratis.protocol.TimeoutIOException: Timeout 10s: WriteLog:76: (t:1, i:76), STATEMACHINELOGENTRY, client-95694700298B, cid=191-writeStateMachineData
	at org.apache.ratis.util.IOUtils.getFromFuture(IOUtils.java:87)
	at org.apache.ratis.server.raftlog.segmented.SegmentedRaftLogWorker$StateMachineDataPolicy.getFromFuture(SegmentedRaftLogWorker.java:87)
	at org.apache.ratis.server.raftlog.segmented.SegmentedRaftLogWorker$WriteLog.execute(SegmentedRaftLogWorker.java:477)
	at org.apache.ratis.server.raftlog.segmented.SegmentedRaftLogWorker.run(SegmentedRaftLogWorker.java:289)
	at java.lang.Thread.run(Thread.java:748)
Caused by: java.util.concurrent.TimeoutException
	at java.util.concurrent.CompletableFuture.timedGet(CompletableFuture.java:1771)
	at java.util.concurrent.CompletableFuture.get(CompletableFuture.java:1915)
	at org.apache.ratis.util.IOUtils.getFromFuture(IOUtils.java:79)
	... 4 more
2019-09-11 10:59:46,628 [EventQueue-PipelineActionsForPipelineActionHandler] ERROR pipeline.PipelineActionHandler (PipelineActionHandler.java:onMessage(60)) - Received pipeline action CLOSE for Pipeline[ Id: 033f66d0-a2ca-418a-99be-8d9933079aaa, Nodes: 4664729b-c9fa-423e-9516-a47fa5640f67{ip: 192.168.69.96, host: pr-hdds-1982-decom-states-q64lx-3787986432, networkLocation: /default-rack, certSerialId: null}08f1fccb-3813-4a19-b386-9d1a73d37d0e{ip: 192.168.69.96, host: pr-hdds-1982-decom-states-q64lx-3787986432, networkLocation: /default-rack, certSerialId: null}75ec484c-7743-415c-a891-044da79f6b4d{ip: 192.168.69.96, host: pr-hdds-1982-decom-states-q64lx-3787986432, networkLocation: /default-rack, certSerialId: null}, Type:RATIS, Factor:THREE, State:CLOSED] from datanode 75ec484c-7743-415c-a891-044da79f6b4d{ip: 192.168.69.96, host: pr-hdds-1982-decom-states-q64lx-3787986432, networkLocation: /default-rack, certSerialId: null}. Reason : 75ec484c-7743-415c-a891-044da79f6b4d has not seen follower/s 08f1fccb-3813-4a19-b386-9d1a73d37d0e for 131305ms 4664729b-c9fa-423e-9516-a47fa5640f67 for 131305ms
2019-09-11 10:59:46,628 [EventQueue-PipelineActionsForPipelineActionHandler] INFO  pipeline.SCMPipelineManager (SCMPipelineManager.java:finalizeAndDestroyPipeline(311)) - destroying pipeline:Pipeline[ Id: 033f66d0-a2ca-418a-99be-8d9933079aaa, Nodes: 4664729b-c9fa-423e-9516-a47fa5640f67{ip: 192.168.69.96, host: pr-hdds-1982-decom-states-q64lx-3787986432, networkLocation: /default-rack, certSerialId: null}08f1fccb-3813-4a19-b386-9d1a73d37d0e{ip: 192.168.69.96, host: pr-hdds-1982-decom-states-q64lx-3787986432, networkLocation: /default-rack, certSerialId: null}75ec484c-7743-415c-a891-044da79f6b4d{ip: 192.168.69.96, host: pr-hdds-1982-decom-states-q64lx-3787986432, networkLocation: /default-rack, certSerialId: null}, Type:RATIS, Factor:THREE, State:CLOSED]
2019-09-11 10:59:46,630 [java.util.concurrent.ThreadPoolExecutor$Worker@4b358f7e[State = -1, empty queue]] WARN  server.GrpcLogAppender (GrpcLogAppender.java:timeoutAppendRequest(200)) - 75ec484c-7743-415c-a891-044da79f6b4d@group-8D9933079AAA->4664729b-c9fa-423e-9516-a47fa5640f67-GrpcLogAppender: appendEntries Timeout, request=75ec484c-7743-415c-a891-044da79f6b4d->4664729b-c9fa-423e-9516-a47fa5640f67#205-t1, previous=(t:1, i:80), leaderCommit=75, initializing? false, entries: <empty>
2019-09-11 10:59:46,630 [java.util.concurrent.ThreadPoolExecutor$Worker@fabb77[State = -1, empty queue]] WARN  server.GrpcLogAppender (GrpcLogAppender.java:timeoutAppendRequest(200)) - 75ec484c-7743-415c-a891-044da79f6b4d@group-8D9933079AAA->08f1fccb-3813-4a19-b386-9d1a73d37d0e-GrpcLogAppender: appendEntries Timeout, request=75ec484c-7743-415c-a891-044da79f6b4d->08f1fccb-3813-4a19-b386-9d1a73d37d0e#205-t1, previous=(t:1, i:80), leaderCommit=75, initializing? false, entries: <empty>
2019-09-11 10:59:48,095 [grpc-default-executor-0] INFO  client.GrpcClientProtocolClient (GrpcClientProtocolClient.java:onNext(264)) - client-95694700298B->08f1fccb-3813-4a19-b386-9d1a73d37d0e: receive RaftClientReply:client-95694700298B->08f1fccb-3813-4a19-b386-9d1a73d37d0e@group-8D9933079AAA, cid=191, FAILED org.apache.ratis.protocol.NotLeaderException: Server 08f1fccb-3813-4a19-b386-9d1a73d37d0e@group-8D9933079AAA is not the leader 75ec484c-7743-415c-a891-044da79f6b4d:192.168.69.96:41248, logIndex=0, commits[08f1fccb-3813-4a19-b386-9d1a73d37d0e:c75, 4664729b-c9fa-423e-9516-a47fa5640f67:c74, 75ec484c-7743-415c-a891-044da79f6b4d:c75]
2019-09-11 10:59:48,632 [org.apache.ratis.server.impl.LogAppender$AppenderDaemon$$Lambda$497/1546363005@e0156e5] ERROR ratis.XceiverServerRatis (XceiverServerRatis.java:triggerPipelineClose(568)) - pipeline Action CLOSE  on pipeline PipelineID=033f66d0-a2ca-418a-99be-8d9933079aaa.Reason : 75ec484c-7743-415c-a891-044da79f6b4d has not seen follower/s 08f1fccb-3813-4a19-b386-9d1a73d37d0e for 133806ms 4664729b-c9fa-423e-9516-a47fa5640f67 for 133806ms
2019-09-11 10:59:48,632 [org.apache.ratis.server.impl.LogAppender$AppenderDaemon$$Lambda$497/1546363005@3ee2d305] ERROR ratis.XceiverServerRatis (XceiverServerRatis.java:triggerPipelineClose(568)) - pipeline Action CLOSE  on pipeline PipelineID=033f66d0-a2ca-418a-99be-8d9933079aaa.Reason : 75ec484c-7743-415c-a891-044da79f6b4d has not seen follower/s 08f1fccb-3813-4a19-b386-9d1a73d37d0e for 133806ms 4664729b-c9fa-423e-9516-a47fa5640f67 for 133806ms
2019-09-11 10:59:49,131 [java.util.concurrent.ThreadPoolExecutor$Worker@fabb77[State = -1, empty queue]] WARN  server.GrpcLogAppender (GrpcLogAppender.java:timeoutAppendRequest(200)) - 75ec484c-7743-415c-a891-044da79f6b4d@group-8D9933079AAA->08f1fccb-3813-4a19-b386-9d1a73d37d0e-GrpcLogAppender: appendEntries Timeout, request=75ec484c-7743-415c-a891-044da79f6b4d->08f1fccb-3813-4a19-b386-9d1a73d37d0e#206-t1, previous=(t:1, i:80), leaderCommit=75, initializing? false, entries: <empty>
2019-09-11 10:59:49,131 [java.util.concurrent.ThreadPoolExecutor$Worker@4b358f7e[State = -1, empty queue]] WARN  server.GrpcLogAppender (GrpcLogAppender.java:timeoutAppendRequest(200)) - 75ec484c-7743-415c-a891-044da79f6b4d@group-8D9933079AAA->4664729b-c9fa-423e-9516-a47fa5640f67-GrpcLogAppender: appendEntries Timeout, request=75ec484c-7743-415c-a891-044da79f6b4d->4664729b-c9fa-423e-9516-a47fa5640f67#206-t1, previous=(t:1, i:80), leaderCommit=75, initializing? false, entries: <empty>
2019-09-11 10:59:49,630 [EventQueue-PipelineActionsForPipelineActionHandler] ERROR pipeline.PipelineActionHandler (PipelineActionHandler.java:onMessage(60)) - Received pipeline action CLOSE for Pipeline[ Id: 033f66d0-a2ca-418a-99be-8d9933079aaa, Nodes: 4664729b-c9fa-423e-9516-a47fa5640f67{ip: 192.168.69.96, host: pr-hdds-1982-decom-states-q64lx-3787986432, networkLocation: /default-rack, certSerialId: null}08f1fccb-3813-4a19-b386-9d1a73d37d0e{ip: 192.168.69.96, host: pr-hdds-1982-decom-states-q64lx-3787986432, networkLocation: /default-rack, certSerialId: null}75ec484c-7743-415c-a891-044da79f6b4d{ip: 192.168.69.96, host: pr-hdds-1982-decom-states-q64lx-3787986432, networkLocation: /default-rack, certSerialId: null}, Type:RATIS, Factor:THREE, State:CLOSED] from datanode 75ec484c-7743-415c-a891-044da79f6b4d{ip: 192.168.69.96, host: pr-hdds-1982-decom-states-q64lx-3787986432, networkLocation: /default-rack, certSerialId: null}. Reason : 75ec484c-7743-415c-a891-044da79f6b4d has not seen follower/s 08f1fccb-3813-4a19-b386-9d1a73d37d0e for 133806ms 4664729b-c9fa-423e-9516-a47fa5640f67 for 133806ms
2019-09-11 10:59:49,631 [EventQueue-PipelineActionsForPipelineActionHandler] INFO  pipeline.SCMPipelineManager (SCMPipelineManager.java:finalizeAndDestroyPipeline(311)) - destroying pipeline:Pipeline[ Id: 033f66d0-a2ca-418a-99be-8d9933079aaa, Nodes: 4664729b-c9fa-423e-9516-a47fa5640f67{ip: 192.168.69.96, host: pr-hdds-1982-decom-states-q64lx-3787986432, networkLocation: /default-rack, certSerialId: null}08f1fccb-3813-4a19-b386-9d1a73d37d0e{ip: 192.168.69.96, host: pr-hdds-1982-decom-states-q64lx-3787986432, networkLocation: /default-rack, certSerialId: null}75ec484c-7743-415c-a891-044da79f6b4d{ip: 192.168.69.96, host: pr-hdds-1982-decom-states-q64lx-3787986432, networkLocation: /default-rack, certSerialId: null}, Type:RATIS, Factor:THREE, State:CLOSED]
2019-09-11 10:59:51,134 [org.apache.ratis.server.impl.LogAppender$AppenderDaemon$$Lambda$497/1546363005@3ee2d305] ERROR ratis.XceiverServerRatis (XceiverServerRatis.java:triggerPipelineClose(568)) - pipeline Action CLOSE  on pipeline PipelineID=033f66d0-a2ca-418a-99be-8d9933079aaa.Reason : 75ec484c-7743-415c-a891-044da79f6b4d has not seen follower/s 08f1fccb-3813-4a19-b386-9d1a73d37d0e for 136307ms 4664729b-c9fa-423e-9516-a47fa5640f67 for 136308ms
2019-09-11 10:59:51,134 [org.apache.ratis.server.impl.LogAppender$AppenderDaemon$$Lambda$497/1546363005@e0156e5] ERROR ratis.XceiverServerRatis (XceiverServerRatis.java:triggerPipelineClose(568)) - pipeline Action CLOSE  on pipeline PipelineID=033f66d0-a2ca-418a-99be-8d9933079aaa.Reason : 75ec484c-7743-415c-a891-044da79f6b4d has not seen follower/s 08f1fccb-3813-4a19-b386-9d1a73d37d0e for 136307ms 4664729b-c9fa-423e-9516-a47fa5640f67 for 136308ms
2019-09-11 10:59:51,630 [EventQueue-PipelineActionsForPipelineActionHandler] ERROR pipeline.PipelineActionHandler (PipelineActionHandler.java:onMessage(60)) - Received pipeline action CLOSE for Pipeline[ Id: 033f66d0-a2ca-418a-99be-8d9933079aaa, Nodes: 4664729b-c9fa-423e-9516-a47fa5640f67{ip: 192.168.69.96, host: pr-hdds-1982-decom-states-q64lx-3787986432, networkLocation: /default-rack, certSerialId: null}08f1fccb-3813-4a19-b386-9d1a73d37d0e{ip: 192.168.69.96, host: pr-hdds-1982-decom-states-q64lx-3787986432, networkLocation: /default-rack, certSerialId: null}75ec484c-7743-415c-a891-044da79f6b4d{ip: 192.168.69.96, host: pr-hdds-1982-decom-states-q64lx-3787986432, networkLocation: /default-rack, certSerialId: null}, Type:RATIS, Factor:THREE, State:CLOSED] from datanode 75ec484c-7743-415c-a891-044da79f6b4d{ip: 192.168.69.96, host: pr-hdds-1982-decom-states-q64lx-3787986432, networkLocation: /default-rack, certSerialId: null}. Reason : 75ec484c-7743-415c-a891-044da79f6b4d has not seen follower/s 08f1fccb-3813-4a19-b386-9d1a73d37d0e for 136307ms 4664729b-c9fa-423e-9516-a47fa5640f67 for 136308ms
2019-09-11 10:59:51,630 [EventQueue-PipelineActionsForPipelineActionHandler] INFO  pipeline.SCMPipelineManager (SCMPipelineManager.java:finalizeAndDestroyPipeline(311)) - destroying pipeline:Pipeline[ Id: 033f66d0-a2ca-418a-99be-8d9933079aaa, Nodes: 4664729b-c9fa-423e-9516-a47fa5640f67{ip: 192.168.69.96, host: pr-hdds-1982-decom-states-q64lx-3787986432, networkLocation: /default-rack, certSerialId: null}08f1fccb-3813-4a19-b386-9d1a73d37d0e{ip: 192.168.69.96, host: pr-hdds-1982-decom-states-q64lx-3787986432, networkLocation: /default-rack, certSerialId: null}75ec484c-7743-415c-a891-044da79f6b4d{ip: 192.168.69.96, host: pr-hdds-1982-decom-states-q64lx-3787986432, networkLocation: /default-rack, certSerialId: null}, Type:RATIS, Factor:THREE, State:CLOSED]
2019-09-11 10:59:51,632 [java.util.concurrent.ThreadPoolExecutor$Worker@fabb77[State = -1, empty queue]] WARN  server.GrpcLogAppender (GrpcLogAppender.java:timeoutAppendRequest(200)) - 75ec484c-7743-415c-a891-044da79f6b4d@group-8D9933079AAA->08f1fccb-3813-4a19-b386-9d1a73d37d0e-GrpcLogAppender: appendEntries Timeout, request=75ec484c-7743-415c-a891-044da79f6b4d->08f1fccb-3813-4a19-b386-9d1a73d37d0e#207-t1, previous=(t:1, i:80), leaderCommit=75, initializing? false, entries: <empty>
2019-09-11 10:59:51,632 [java.util.concurrent.ThreadPoolExecutor$Worker@4b358f7e[State = -1, empty queue]] WARN  server.GrpcLogAppender (GrpcLogAppender.java:timeoutAppendRequest(200)) - 75ec484c-7743-415c-a891-044da79f6b4d@group-8D9933079AAA->4664729b-c9fa-423e-9516-a47fa5640f67-GrpcLogAppender: appendEntries Timeout, request=75ec484c-7743-415c-a891-044da79f6b4d->4664729b-c9fa-423e-9516-a47fa5640f67#207-t1, previous=(t:1, i:80), leaderCommit=75, initializing? false, entries: <empty>
2019-09-11 10:59:53,155 [grpc-default-executor-7] INFO  client.GrpcClientProtocolClient (GrpcClientProtocolClient.java:onNext(264)) - client-95694700298B->08f1fccb-3813-4a19-b386-9d1a73d37d0e: receive RaftClientReply:client-95694700298B->08f1fccb-3813-4a19-b386-9d1a73d37d0e@group-8D9933079AAA, cid=191, FAILED org.apache.ratis.protocol.NotLeaderException: Server 08f1fccb-3813-4a19-b386-9d1a73d37d0e@group-8D9933079AAA is not the leader 75ec484c-7743-415c-a891-044da79f6b4d:192.168.69.96:41248, logIndex=0, commits[08f1fccb-3813-4a19-b386-9d1a73d37d0e:c75, 4664729b-c9fa-423e-9516-a47fa5640f67:c74, 75ec484c-7743-415c-a891-044da79f6b4d:c75]
2019-09-11 10:59:53,634 [org.apache.ratis.server.impl.LogAppender$AppenderDaemon$$Lambda$497/1546363005@3ee2d305] ERROR ratis.XceiverServerRatis (XceiverServerRatis.java:triggerPipelineClose(568)) - pipeline Action CLOSE  on pipeline PipelineID=033f66d0-a2ca-418a-99be-8d9933079aaa.Reason : 75ec484c-7743-415c-a891-044da79f6b4d has not seen follower/s 08f1fccb-3813-4a19-b386-9d1a73d37d0e for 138808ms 4664729b-c9fa-423e-9516-a47fa5640f67 for 138808ms
2019-09-11 10:59:53,634 [org.apache.ratis.server.impl.LogAppender$AppenderDaemon$$Lambda$497/1546363005@e0156e5] ERROR ratis.XceiverServerRatis (XceiverServerRatis.java:triggerPipelineClose(568)) - pipeline Action CLOSE  on pipeline PipelineID=033f66d0-a2ca-418a-99be-8d9933079aaa.Reason : 75ec484c-7743-415c-a891-044da79f6b4d has not seen follower/s 08f1fccb-3813-4a19-b386-9d1a73d37d0e for 138808ms 4664729b-c9fa-423e-9516-a47fa5640f67 for 138808ms
2019-09-11 10:59:54,133 [java.util.concurrent.ThreadPoolExecutor$Worker@4b358f7e[State = -1, empty queue]] WARN  server.GrpcLogAppender (GrpcLogAppender.java:timeoutAppendRequest(200)) - 75ec484c-7743-415c-a891-044da79f6b4d@group-8D9933079AAA->4664729b-c9fa-423e-9516-a47fa5640f67-GrpcLogAppender: appendEntries Timeout, request=75ec484c-7743-415c-a891-044da79f6b4d->4664729b-c9fa-423e-9516-a47fa5640f67#208-t1, previous=(t:1, i:80), leaderCommit=75, initializing? false, entries: <empty>
2019-09-11 10:59:54,133 [java.util.concurrent.ThreadPoolExecutor$Worker@fabb77[State = -1, empty queue]] WARN  server.GrpcLogAppender (GrpcLogAppender.java:timeoutAppendRequest(200)) - 75ec484c-7743-415c-a891-044da79f6b4d@group-8D9933079AAA->08f1fccb-3813-4a19-b386-9d1a73d37d0e-GrpcLogAppender: appendEntries Timeout, request=75ec484c-7743-415c-a891-044da79f6b4d->08f1fccb-3813-4a19-b386-9d1a73d37d0e#208-t1, previous=(t:1, i:80), leaderCommit=75, initializing? false, entries: <empty>
2019-09-11 10:59:54,630 [EventQueue-PipelineActionsForPipelineActionHandler] ERROR pipeline.PipelineActionHandler (PipelineActionHandler.java:onMessage(60)) - Received pipeline action CLOSE for Pipeline[ Id: 033f66d0-a2ca-418a-99be-8d9933079aaa, Nodes: 4664729b-c9fa-423e-9516-a47fa5640f67{ip: 192.168.69.96, host: pr-hdds-1982-decom-states-q64lx-3787986432, networkLocation: /default-rack, certSerialId: null}08f1fccb-3813-4a19-b386-9d1a73d37d0e{ip: 192.168.69.96, host: pr-hdds-1982-decom-states-q64lx-3787986432, networkLocation: /default-rack, certSerialId: null}75ec484c-7743-415c-a891-044da79f6b4d{ip: 192.168.69.96, host: pr-hdds-1982-decom-states-q64lx-3787986432, networkLocation: /default-rack, certSerialId: null}, Type:RATIS, Factor:THREE, State:CLOSED] from datanode 75ec484c-7743-415c-a891-044da79f6b4d{ip: 192.168.69.96, host: pr-hdds-1982-decom-states-q64lx-3787986432, networkLocation: /default-rack, certSerialId: null}. Reason : 75ec484c-7743-415c-a891-044da79f6b4d has not seen follower/s 08f1fccb-3813-4a19-b386-9d1a73d37d0e for 138808ms 4664729b-c9fa-423e-9516-a47fa5640f67 for 138808ms
2019-09-11 10:59:54,631 [EventQueue-PipelineActionsForPipelineActionHandler] INFO  pipeline.SCMPipelineManager (SCMPipelineManager.java:finalizeAndDestroyPipeline(311)) - destroying pipeline:Pipeline[ Id: 033f66d0-a2ca-418a-99be-8d9933079aaa, Nodes: 4664729b-c9fa-423e-9516-a47fa5640f67{ip: 192.168.69.96, host: pr-hdds-1982-decom-states-q64lx-3787986432, networkLocation: /default-rack, certSerialId: null}08f1fccb-3813-4a19-b386-9d1a73d37d0e{ip: 192.168.69.96, host: pr-hdds-1982-decom-states-q64lx-3787986432, networkLocation: /default-rack, certSerialId: null}75ec484c-7743-415c-a891-044da79f6b4d{ip: 192.168.69.96, host: pr-hdds-1982-decom-states-q64lx-3787986432, networkLocation: /default-rack, certSerialId: null}, Type:RATIS, Factor:THREE, State:CLOSED]
2019-09-11 10:59:56,135 [org.apache.ratis.server.impl.LogAppender$AppenderDaemon$$Lambda$497/1546363005@e0156e5] ERROR ratis.XceiverServerRatis (XceiverServerRatis.java:triggerPipelineClose(568)) - pipeline Action CLOSE  on pipeline PipelineID=033f66d0-a2ca-418a-99be-8d9933079aaa.Reason : 75ec484c-7743-415c-a891-044da79f6b4d has not seen follower/s 08f1fccb-3813-4a19-b386-9d1a73d37d0e for 141309ms 4664729b-c9fa-423e-9516-a47fa5640f67 for 141309ms
2019-09-11 10:59:56,135 [org.apache.ratis.server.impl.LogAppender$AppenderDaemon$$Lambda$497/1546363005@3ee2d305] ERROR ratis.XceiverServerRatis (XceiverServerRatis.java:triggerPipelineClose(568)) - pipeline Action CLOSE  on pipeline PipelineID=033f66d0-a2ca-418a-99be-8d9933079aaa.Reason : 75ec484c-7743-415c-a891-044da79f6b4d has not seen follower/s 08f1fccb-3813-4a19-b386-9d1a73d37d0e for 141309ms 4664729b-c9fa-423e-9516-a47fa5640f67 for 141309ms
2019-09-11 10:59:56,398 [75ec484c-7743-415c-a891-044da79f6b4d@group-8D9933079AAA-SegmentedRaftLogWorker] WARN  segmented.SegmentedRaftLogWorker (SegmentedRaftLogWorker.java:getFromFuture(90)) - Timeout 13/~
org.apache.ratis.protocol.TimeoutIOException: Timeout 10s: WriteLog:76: (t:1, i:76), STATEMACHINELOGENTRY, client-95694700298B, cid=191-writeStateMachineData
	at org.apache.ratis.util.IOUtils.getFromFuture(IOUtils.java:87)
	at org.apache.ratis.server.raftlog.segmented.SegmentedRaftLogWorker$StateMachineDataPolicy.getFromFuture(SegmentedRaftLogWorker.java:87)
	at org.apache.ratis.server.raftlog.segmented.SegmentedRaftLogWorker$WriteLog.execute(SegmentedRaftLogWorker.java:477)
	at org.apache.ratis.server.raftlog.segmented.SegmentedRaftLogWorker.run(SegmentedRaftLogWorker.java:289)
	at java.lang.Thread.run(Thread.java:748)
Caused by: java.util.concurrent.TimeoutException
	at java.util.concurrent.CompletableFuture.timedGet(CompletableFuture.java:1771)
	at java.util.concurrent.CompletableFuture.get(CompletableFuture.java:1915)
	at org.apache.ratis.util.IOUtils.getFromFuture(IOUtils.java:79)
	... 4 more
2019-09-11 10:59:56,419 [4664729b-c9fa-423e-9516-a47fa5640f67@group-8D9933079AAA-SegmentedRaftLogWorker] WARN  segmented.SegmentedRaftLogWorker (SegmentedRaftLogWorker.java:getFromFuture(90)) - Timeout 13/~
org.apache.ratis.protocol.TimeoutIOException: Timeout 10s: WriteLog:76: (t:1, i:76), STATEMACHINELOGENTRY, client-95694700298B, cid=191-writeStateMachineData
	at org.apache.ratis.util.IOUtils.getFromFuture(IOUtils.java:87)
	at org.apache.ratis.server.raftlog.segmented.SegmentedRaftLogWorker$StateMachineDataPolicy.getFromFuture(SegmentedRaftLogWorker.java:87)
	at org.apache.ratis.server.raftlog.segmented.SegmentedRaftLogWorker$WriteLog.execute(SegmentedRaftLogWorker.java:477)
	at org.apache.ratis.server.raftlog.segmented.SegmentedRaftLogWorker.run(SegmentedRaftLogWorker.java:289)
	at java.lang.Thread.run(Thread.java:748)
Caused by: java.util.concurrent.TimeoutException
	at java.util.concurrent.CompletableFuture.timedGet(CompletableFuture.java:1771)
	at java.util.concurrent.CompletableFuture.get(CompletableFuture.java:1915)
	at org.apache.ratis.util.IOUtils.getFromFuture(IOUtils.java:79)
	... 4 more
2019-09-11 10:59:56,419 [08f1fccb-3813-4a19-b386-9d1a73d37d0e@group-8D9933079AAA-SegmentedRaftLogWorker] WARN  segmented.SegmentedRaftLogWorker (SegmentedRaftLogWorker.java:getFromFuture(90)) - Timeout 13/~
org.apache.ratis.protocol.TimeoutIOException: Timeout 10s: WriteLog:76: (t:1, i:76), STATEMACHINELOGENTRY, client-95694700298B, cid=191-writeStateMachineData
	at org.apache.ratis.util.IOUtils.getFromFuture(IOUtils.java:87)
	at org.apache.ratis.server.raftlog.segmented.SegmentedRaftLogWorker$StateMachineDataPolicy.getFromFuture(SegmentedRaftLogWorker.java:87)
	at org.apache.ratis.server.raftlog.segmented.SegmentedRaftLogWorker$WriteLog.execute(SegmentedRaftLogWorker.java:477)
	at org.apache.ratis.server.raftlog.segmented.SegmentedRaftLogWorker.run(SegmentedRaftLogWorker.java:289)
	at java.lang.Thread.run(Thread.java:748)
Caused by: java.util.concurrent.TimeoutException
	at java.util.concurrent.CompletableFuture.timedGet(CompletableFuture.java:1771)
	at java.util.concurrent.CompletableFuture.get(CompletableFuture.java:1915)
	at org.apache.ratis.util.IOUtils.getFromFuture(IOUtils.java:79)
	... 4 more
2019-09-11 10:59:56,630 [EventQueue-PipelineActionsForPipelineActionHandler] ERROR pipeline.PipelineActionHandler (PipelineActionHandler.java:onMessage(60)) - Received pipeline action CLOSE for Pipeline[ Id: 033f66d0-a2ca-418a-99be-8d9933079aaa, Nodes: 4664729b-c9fa-423e-9516-a47fa5640f67{ip: 192.168.69.96, host: pr-hdds-1982-decom-states-q64lx-3787986432, networkLocation: /default-rack, certSerialId: null}08f1fccb-3813-4a19-b386-9d1a73d37d0e{ip: 192.168.69.96, host: pr-hdds-1982-decom-states-q64lx-3787986432, networkLocation: /default-rack, certSerialId: null}75ec484c-7743-415c-a891-044da79f6b4d{ip: 192.168.69.96, host: pr-hdds-1982-decom-states-q64lx-3787986432, networkLocation: /default-rack, certSerialId: null}, Type:RATIS, Factor:THREE, State:CLOSED] from datanode 75ec484c-7743-415c-a891-044da79f6b4d{ip: 192.168.69.96, host: pr-hdds-1982-decom-states-q64lx-3787986432, networkLocation: /default-rack, certSerialId: null}. Reason : 75ec484c-7743-415c-a891-044da79f6b4d has not seen follower/s 08f1fccb-3813-4a19-b386-9d1a73d37d0e for 141309ms 4664729b-c9fa-423e-9516-a47fa5640f67 for 141309ms
2019-09-11 10:59:56,630 [EventQueue-PipelineActionsForPipelineActionHandler] INFO  pipeline.SCMPipelineManager (SCMPipelineManager.java:finalizeAndDestroyPipeline(311)) - destroying pipeline:Pipeline[ Id: 033f66d0-a2ca-418a-99be-8d9933079aaa, Nodes: 4664729b-c9fa-423e-9516-a47fa5640f67{ip: 192.168.69.96, host: pr-hdds-1982-decom-states-q64lx-3787986432, networkLocation: /default-rack, certSerialId: null}08f1fccb-3813-4a19-b386-9d1a73d37d0e{ip: 192.168.69.96, host: pr-hdds-1982-decom-states-q64lx-3787986432, networkLocation: /default-rack, certSerialId: null}75ec484c-7743-415c-a891-044da79f6b4d{ip: 192.168.69.96, host: pr-hdds-1982-decom-states-q64lx-3787986432, networkLocation: /default-rack, certSerialId: null}, Type:RATIS, Factor:THREE, State:CLOSED]
2019-09-11 10:59:56,633 [java.util.concurrent.ThreadPoolExecutor$Worker@fabb77[State = -1, empty queue]] WARN  server.GrpcLogAppender (GrpcLogAppender.java:timeoutAppendRequest(200)) - 75ec484c-7743-415c-a891-044da79f6b4d@group-8D9933079AAA->08f1fccb-3813-4a19-b386-9d1a73d37d0e-GrpcLogAppender: appendEntries Timeout, request=75ec484c-7743-415c-a891-044da79f6b4d->08f1fccb-3813-4a19-b386-9d1a73d37d0e#209-t1, previous=(t:1, i:80), leaderCommit=75, initializing? false, entries: <empty>
2019-09-11 10:59:56,634 [java.util.concurrent.ThreadPoolExecutor$Worker@4b358f7e[State = -1, empty queue]] WARN  server.GrpcLogAppender (GrpcLogAppender.java:timeoutAppendRequest(200)) - 75ec484c-7743-415c-a891-044da79f6b4d@group-8D9933079AAA->4664729b-c9fa-423e-9516-a47fa5640f67-GrpcLogAppender: appendEntries Timeout, request=75ec484c-7743-415c-a891-044da79f6b4d->4664729b-c9fa-423e-9516-a47fa5640f67#209-t1, previous=(t:1, i:80), leaderCommit=75, initializing? false, entries: <empty>
2019-09-11 10:59:58,224 [grpc-default-executor-0] INFO  client.GrpcClientProtocolClient (GrpcClientProtocolClient.java:onNext(264)) - client-95694700298B->08f1fccb-3813-4a19-b386-9d1a73d37d0e: receive RaftClientReply:client-95694700298B->08f1fccb-3813-4a19-b386-9d1a73d37d0e@group-8D9933079AAA, cid=191, FAILED org.apache.ratis.protocol.NotLeaderException: Server 08f1fccb-3813-4a19-b386-9d1a73d37d0e@group-8D9933079AAA is not the leader 75ec484c-7743-415c-a891-044da79f6b4d:192.168.69.96:41248, logIndex=0, commits[08f1fccb-3813-4a19-b386-9d1a73d37d0e:c75, 4664729b-c9fa-423e-9516-a47fa5640f67:c74, 75ec484c-7743-415c-a891-044da79f6b4d:c75]
2019-09-11 10:59:58,635 [org.apache.ratis.server.impl.LogAppender$AppenderDaemon$$Lambda$497/1546363005@e0156e5] ERROR ratis.XceiverServerRatis (XceiverServerRatis.java:triggerPipelineClose(568)) - pipeline Action CLOSE  on pipeline PipelineID=033f66d0-a2ca-418a-99be-8d9933079aaa.Reason : 75ec484c-7743-415c-a891-044da79f6b4d has not seen follower/s 08f1fccb-3813-4a19-b386-9d1a73d37d0e for 143809ms 4664729b-c9fa-423e-9516-a47fa5640f67 for 143809ms
2019-09-11 10:59:58,635 [org.apache.ratis.server.impl.LogAppender$AppenderDaemon$$Lambda$497/1546363005@3ee2d305] ERROR ratis.XceiverServerRatis (XceiverServerRatis.java:triggerPipelineClose(568)) - pipeline Action CLOSE  on pipeline PipelineID=033f66d0-a2ca-418a-99be-8d9933079aaa.Reason : 75ec484c-7743-415c-a891-044da79f6b4d has not seen follower/s 08f1fccb-3813-4a19-b386-9d1a73d37d0e for 143809ms 4664729b-c9fa-423e-9516-a47fa5640f67 for 143810ms
2019-09-11 10:59:59,135 [java.util.concurrent.ThreadPoolExecutor$Worker@fabb77[State = -1, empty queue]] WARN  server.GrpcLogAppender (GrpcLogAppender.java:timeoutAppendRequest(200)) - 75ec484c-7743-415c-a891-044da79f6b4d@group-8D9933079AAA->08f1fccb-3813-4a19-b386-9d1a73d37d0e-GrpcLogAppender: appendEntries Timeout, request=75ec484c-7743-415c-a891-044da79f6b4d->08f1fccb-3813-4a19-b386-9d1a73d37d0e#210-t1, previous=(t:1, i:80), leaderCommit=75, initializing? false, entries: <empty>
2019-09-11 10:59:59,135 [java.util.concurrent.ThreadPoolExecutor$Worker@4b358f7e[State = -1, empty queue]] WARN  server.GrpcLogAppender (GrpcLogAppender.java:timeoutAppendRequest(200)) - 75ec484c-7743-415c-a891-044da79f6b4d@group-8D9933079AAA->4664729b-c9fa-423e-9516-a47fa5640f67-GrpcLogAppender: appendEntries Timeout, request=75ec484c-7743-415c-a891-044da79f6b4d->4664729b-c9fa-423e-9516-a47fa5640f67#210-t1, previous=(t:1, i:80), leaderCommit=75, initializing? false, entries: <empty>
2019-09-11 10:59:59,630 [EventQueue-PipelineActionsForPipelineActionHandler] ERROR pipeline.PipelineActionHandler (PipelineActionHandler.java:onMessage(60)) - Received pipeline action CLOSE for Pipeline[ Id: 033f66d0-a2ca-418a-99be-8d9933079aaa, Nodes: 4664729b-c9fa-423e-9516-a47fa5640f67{ip: 192.168.69.96, host: pr-hdds-1982-decom-states-q64lx-3787986432, networkLocation: /default-rack, certSerialId: null}08f1fccb-3813-4a19-b386-9d1a73d37d0e{ip: 192.168.69.96, host: pr-hdds-1982-decom-states-q64lx-3787986432, networkLocation: /default-rack, certSerialId: null}75ec484c-7743-415c-a891-044da79f6b4d{ip: 192.168.69.96, host: pr-hdds-1982-decom-states-q64lx-3787986432, networkLocation: /default-rack, certSerialId: null}, Type:RATIS, Factor:THREE, State:CLOSED] from datanode 75ec484c-7743-415c-a891-044da79f6b4d{ip: 192.168.69.96, host: pr-hdds-1982-decom-states-q64lx-3787986432, networkLocation: /default-rack, certSerialId: null}. Reason : 75ec484c-7743-415c-a891-044da79f6b4d has not seen follower/s 08f1fccb-3813-4a19-b386-9d1a73d37d0e for 143809ms 4664729b-c9fa-423e-9516-a47fa5640f67 for 143809ms
2019-09-11 10:59:59,630 [EventQueue-PipelineActionsForPipelineActionHandler] INFO  pipeline.SCMPipelineManager (SCMPipelineManager.java:finalizeAndDestroyPipeline(311)) - destroying pipeline:Pipeline[ Id: 033f66d0-a2ca-418a-99be-8d9933079aaa, Nodes: 4664729b-c9fa-423e-9516-a47fa5640f67{ip: 192.168.69.96, host: pr-hdds-1982-decom-states-q64lx-3787986432, networkLocation: /default-rack, certSerialId: null}08f1fccb-3813-4a19-b386-9d1a73d37d0e{ip: 192.168.69.96, host: pr-hdds-1982-decom-states-q64lx-3787986432, networkLocation: /default-rack, certSerialId: null}75ec484c-7743-415c-a891-044da79f6b4d{ip: 192.168.69.96, host: pr-hdds-1982-decom-states-q64lx-3787986432, networkLocation: /default-rack, certSerialId: null}, Type:RATIS, Factor:THREE, State:CLOSED]
2019-09-11 11:00:01,136 [org.apache.ratis.server.impl.LogAppender$AppenderDaemon$$Lambda$497/1546363005@e0156e5] ERROR ratis.XceiverServerRatis (XceiverServerRatis.java:triggerPipelineClose(568)) - pipeline Action CLOSE  on pipeline PipelineID=033f66d0-a2ca-418a-99be-8d9933079aaa.Reason : 75ec484c-7743-415c-a891-044da79f6b4d has not seen follower/s 08f1fccb-3813-4a19-b386-9d1a73d37d0e for 146310ms 4664729b-c9fa-423e-9516-a47fa5640f67 for 146310ms
2019-09-11 11:00:01,136 [org.apache.ratis.server.impl.LogAppender$AppenderDaemon$$Lambda$497/1546363005@3ee2d305] ERROR ratis.XceiverServerRatis (XceiverServerRatis.java:triggerPipelineClose(568)) - pipeline Action CLOSE  on pipeline PipelineID=033f66d0-a2ca-418a-99be-8d9933079aaa.Reason : 75ec484c-7743-415c-a891-044da79f6b4d has not seen follower/s 08f1fccb-3813-4a19-b386-9d1a73d37d0e for 146310ms 4664729b-c9fa-423e-9516-a47fa5640f67 for 146311ms
2019-09-11 11:00:01,629 [EventQueue-PipelineActionsForPipelineActionHandler] ERROR pipeline.PipelineActionHandler (PipelineActionHandler.java:onMessage(60)) - Received pipeline action CLOSE for Pipeline[ Id: 033f66d0-a2ca-418a-99be-8d9933079aaa, Nodes: 4664729b-c9fa-423e-9516-a47fa5640f67{ip: 192.168.69.96, host: pr-hdds-1982-decom-states-q64lx-3787986432, networkLocation: /default-rack, certSerialId: null}08f1fccb-3813-4a19-b386-9d1a73d37d0e{ip: 192.168.69.96, host: pr-hdds-1982-decom-states-q64lx-3787986432, networkLocation: /default-rack, certSerialId: null}75ec484c-7743-415c-a891-044da79f6b4d{ip: 192.168.69.96, host: pr-hdds-1982-decom-states-q64lx-3787986432, networkLocation: /default-rack, certSerialId: null}, Type:RATIS, Factor:THREE, State:CLOSED] from datanode 75ec484c-7743-415c-a891-044da79f6b4d{ip: 192.168.69.96, host: pr-hdds-1982-decom-states-q64lx-3787986432, networkLocation: /default-rack, certSerialId: null}. Reason : 75ec484c-7743-415c-a891-044da79f6b4d has not seen follower/s 08f1fccb-3813-4a19-b386-9d1a73d37d0e for 146310ms 4664729b-c9fa-423e-9516-a47fa5640f67 for 146310ms
2019-09-11 11:00:01,630 [EventQueue-PipelineActionsForPipelineActionHandler] INFO  pipeline.SCMPipelineManager (SCMPipelineManager.java:finalizeAndDestroyPipeline(311)) - destroying pipeline:Pipeline[ Id: 033f66d0-a2ca-418a-99be-8d9933079aaa, Nodes: 4664729b-c9fa-423e-9516-a47fa5640f67{ip: 192.168.69.96, host: pr-hdds-1982-decom-states-q64lx-3787986432, networkLocation: /default-rack, certSerialId: null}08f1fccb-3813-4a19-b386-9d1a73d37d0e{ip: 192.168.69.96, host: pr-hdds-1982-decom-states-q64lx-3787986432, networkLocation: /default-rack, certSerialId: null}75ec484c-7743-415c-a891-044da79f6b4d{ip: 192.168.69.96, host: pr-hdds-1982-decom-states-q64lx-3787986432, networkLocation: /default-rack, certSerialId: null}, Type:RATIS, Factor:THREE, State:CLOSED]
2019-09-11 11:00:01,635 [java.util.concurrent.ThreadPoolExecutor$Worker@4b358f7e[State = -1, empty queue]] WARN  server.GrpcLogAppender (GrpcLogAppender.java:timeoutAppendRequest(200)) - 75ec484c-7743-415c-a891-044da79f6b4d@group-8D9933079AAA->4664729b-c9fa-423e-9516-a47fa5640f67-GrpcLogAppender: appendEntries Timeout, request=75ec484c-7743-415c-a891-044da79f6b4d->4664729b-c9fa-423e-9516-a47fa5640f67#211-t1, previous=(t:1, i:80), leaderCommit=75, initializing? false, entries: <empty>
2019-09-11 11:00:01,635 [java.util.concurrent.ThreadPoolExecutor$Worker@fabb77[State = -1, empty queue]] WARN  server.GrpcLogAppender (GrpcLogAppender.java:timeoutAppendRequest(200)) - 75ec484c-7743-415c-a891-044da79f6b4d@group-8D9933079AAA->08f1fccb-3813-4a19-b386-9d1a73d37d0e-GrpcLogAppender: appendEntries Timeout, request=75ec484c-7743-415c-a891-044da79f6b4d->08f1fccb-3813-4a19-b386-9d1a73d37d0e#211-t1, previous=(t:1, i:80), leaderCommit=75, initializing? false, entries: <empty>
2019-09-11 11:00:03,288 [grpc-default-executor-0] INFO  client.GrpcClientProtocolClient (GrpcClientProtocolClient.java:onNext(264)) - client-95694700298B->4664729b-c9fa-423e-9516-a47fa5640f67: receive RaftClientReply:client-95694700298B->4664729b-c9fa-423e-9516-a47fa5640f67@group-8D9933079AAA, cid=191, FAILED org.apache.ratis.protocol.NotLeaderException: Server 4664729b-c9fa-423e-9516-a47fa5640f67@group-8D9933079AAA is not the leader 75ec484c-7743-415c-a891-044da79f6b4d:192.168.69.96:41248, logIndex=0, commits[4664729b-c9fa-423e-9516-a47fa5640f67:c75, 08f1fccb-3813-4a19-b386-9d1a73d37d0e:c74, 75ec484c-7743-415c-a891-044da79f6b4d:c75]
2019-09-11 11:00:03,637 [org.apache.ratis.server.impl.LogAppender$AppenderDaemon$$Lambda$497/1546363005@e0156e5] ERROR ratis.XceiverServerRatis (XceiverServerRatis.java:triggerPipelineClose(568)) - pipeline Action CLOSE  on pipeline PipelineID=033f66d0-a2ca-418a-99be-8d9933079aaa.Reason : 75ec484c-7743-415c-a891-044da79f6b4d has not seen follower/s 08f1fccb-3813-4a19-b386-9d1a73d37d0e for 148811ms 4664729b-c9fa-423e-9516-a47fa5640f67 for 148812ms
2019-09-11 11:00:03,638 [org.apache.ratis.server.impl.LogAppender$AppenderDaemon$$Lambda$497/1546363005@3ee2d305] ERROR ratis.XceiverServerRatis (XceiverServerRatis.java:triggerPipelineClose(568)) - pipeline Action CLOSE  on pipeline PipelineID=033f66d0-a2ca-418a-99be-8d9933079aaa.Reason : 75ec484c-7743-415c-a891-044da79f6b4d has not seen follower/s 08f1fccb-3813-4a19-b386-9d1a73d37d0e for 148811ms 4664729b-c9fa-423e-9516-a47fa5640f67 for 148812ms
2019-09-11 11:00:04,136 [java.util.concurrent.ThreadPoolExecutor$Worker@4b358f7e[State = -1, empty queue]] WARN  server.GrpcLogAppender (GrpcLogAppender.java:timeoutAppendRequest(200)) - 75ec484c-7743-415c-a891-044da79f6b4d@group-8D9933079AAA->4664729b-c9fa-423e-9516-a47fa5640f67-GrpcLogAppender: appendEntries Timeout, request=75ec484c-7743-415c-a891-044da79f6b4d->4664729b-c9fa-423e-9516-a47fa5640f67#212-t1, previous=(t:1, i:80), leaderCommit=75, initializing? false, entries: <empty>
2019-09-11 11:00:04,136 [java.util.concurrent.ThreadPoolExecutor$Worker@fabb77[State = -1, empty queue]] WARN  server.GrpcLogAppender (GrpcLogAppender.java:timeoutAppendRequest(200)) - 75ec484c-7743-415c-a891-044da79f6b4d@group-8D9933079AAA->08f1fccb-3813-4a19-b386-9d1a73d37d0e-GrpcLogAppender: appendEntries Timeout, request=75ec484c-7743-415c-a891-044da79f6b4d->08f1fccb-3813-4a19-b386-9d1a73d37d0e#212-t1, previous=(t:1, i:80), leaderCommit=75, initializing? false, entries: <empty>
2019-09-11 11:00:04,630 [EventQueue-PipelineActionsForPipelineActionHandler] ERROR pipeline.PipelineActionHandler (PipelineActionHandler.java:onMessage(60)) - Received pipeline action CLOSE for Pipeline[ Id: 033f66d0-a2ca-418a-99be-8d9933079aaa, Nodes: 4664729b-c9fa-423e-9516-a47fa5640f67{ip: 192.168.69.96, host: pr-hdds-1982-decom-states-q64lx-3787986432, networkLocation: /default-rack, certSerialId: null}08f1fccb-3813-4a19-b386-9d1a73d37d0e{ip: 192.168.69.96, host: pr-hdds-1982-decom-states-q64lx-3787986432, networkLocation: /default-rack, certSerialId: null}75ec484c-7743-415c-a891-044da79f6b4d{ip: 192.168.69.96, host: pr-hdds-1982-decom-states-q64lx-3787986432, networkLocation: /default-rack, certSerialId: null}, Type:RATIS, Factor:THREE, State:CLOSED] from datanode 75ec484c-7743-415c-a891-044da79f6b4d{ip: 192.168.69.96, host: pr-hdds-1982-decom-states-q64lx-3787986432, networkLocation: /default-rack, certSerialId: null}. Reason : 75ec484c-7743-415c-a891-044da79f6b4d has not seen follower/s 08f1fccb-3813-4a19-b386-9d1a73d37d0e for 148811ms 4664729b-c9fa-423e-9516-a47fa5640f67 for 148812ms
2019-09-11 11:00:04,631 [EventQueue-PipelineActionsForPipelineActionHandler] INFO  pipeline.SCMPipelineManager (SCMPipelineManager.java:finalizeAndDestroyPipeline(311)) - destroying pipeline:Pipeline[ Id: 033f66d0-a2ca-418a-99be-8d9933079aaa, Nodes: 4664729b-c9fa-423e-9516-a47fa5640f67{ip: 192.168.69.96, host: pr-hdds-1982-decom-states-q64lx-3787986432, networkLocation: /default-rack, certSerialId: null}08f1fccb-3813-4a19-b386-9d1a73d37d0e{ip: 192.168.69.96, host: pr-hdds-1982-decom-states-q64lx-3787986432, networkLocation: /default-rack, certSerialId: null}75ec484c-7743-415c-a891-044da79f6b4d{ip: 192.168.69.96, host: pr-hdds-1982-decom-states-q64lx-3787986432, networkLocation: /default-rack, certSerialId: null}, Type:RATIS, Factor:THREE, State:CLOSED]
2019-09-11 11:00:06,139 [org.apache.ratis.server.impl.LogAppender$AppenderDaemon$$Lambda$497/1546363005@e0156e5] ERROR ratis.XceiverServerRatis (XceiverServerRatis.java:triggerPipelineClose(568)) - pipeline Action CLOSE  on pipeline PipelineID=033f66d0-a2ca-418a-99be-8d9933079aaa.Reason : 75ec484c-7743-415c-a891-044da79f6b4d has not seen follower/s 08f1fccb-3813-4a19-b386-9d1a73d37d0e for 151313ms 4664729b-c9fa-423e-9516-a47fa5640f67 for 151313ms
2019-09-11 11:00:06,139 [org.apache.ratis.server.impl.LogAppender$AppenderDaemon$$Lambda$497/1546363005@3ee2d305] ERROR ratis.XceiverServerRatis (XceiverServerRatis.java:triggerPipelineClose(568)) - pipeline Action CLOSE  on pipeline PipelineID=033f66d0-a2ca-418a-99be-8d9933079aaa.Reason : 75ec484c-7743-415c-a891-044da79f6b4d has not seen follower/s 08f1fccb-3813-4a19-b386-9d1a73d37d0e for 151313ms 4664729b-c9fa-423e-9516-a47fa5640f67 for 151313ms
2019-09-11 11:00:06,399 [75ec484c-7743-415c-a891-044da79f6b4d@group-8D9933079AAA-SegmentedRaftLogWorker] WARN  segmented.SegmentedRaftLogWorker (SegmentedRaftLogWorker.java:getFromFuture(90)) - Timeout 14/~
org.apache.ratis.protocol.TimeoutIOException: Timeout 10s: WriteLog:76: (t:1, i:76), STATEMACHINELOGENTRY, client-95694700298B, cid=191-writeStateMachineData
	at org.apache.ratis.util.IOUtils.getFromFuture(IOUtils.java:87)
	at org.apache.ratis.server.raftlog.segmented.SegmentedRaftLogWorker$StateMachineDataPolicy.getFromFuture(SegmentedRaftLogWorker.java:87)
	at org.apache.ratis.server.raftlog.segmented.SegmentedRaftLogWorker$WriteLog.execute(SegmentedRaftLogWorker.java:477)
	at org.apache.ratis.server.raftlog.segmented.SegmentedRaftLogWorker.run(SegmentedRaftLogWorker.java:289)
	at java.lang.Thread.run(Thread.java:748)
Caused by: java.util.concurrent.TimeoutException
	at java.util.concurrent.CompletableFuture.timedGet(CompletableFuture.java:1771)
	at java.util.concurrent.CompletableFuture.get(CompletableFuture.java:1915)
	at org.apache.ratis.util.IOUtils.getFromFuture(IOUtils.java:79)
	... 4 more
2019-09-11 11:00:06,419 [4664729b-c9fa-423e-9516-a47fa5640f67@group-8D9933079AAA-SegmentedRaftLogWorker] WARN  segmented.SegmentedRaftLogWorker (SegmentedRaftLogWorker.java:getFromFuture(90)) - Timeout 14/~
org.apache.ratis.protocol.TimeoutIOException: Timeout 10s: WriteLog:76: (t:1, i:76), STATEMACHINELOGENTRY, client-95694700298B, cid=191-writeStateMachineData
	at org.apache.ratis.util.IOUtils.getFromFuture(IOUtils.java:87)
	at org.apache.ratis.server.raftlog.segmented.SegmentedRaftLogWorker$StateMachineDataPolicy.getFromFuture(SegmentedRaftLogWorker.java:87)
	at org.apache.ratis.server.raftlog.segmented.SegmentedRaftLogWorker$WriteLog.execute(SegmentedRaftLogWorker.java:477)
	at org.apache.ratis.server.raftlog.segmented.SegmentedRaftLogWorker.run(SegmentedRaftLogWorker.java:289)
	at java.lang.Thread.run(Thread.java:748)
Caused by: java.util.concurrent.TimeoutException
	at java.util.concurrent.CompletableFuture.timedGet(CompletableFuture.java:1771)
	at java.util.concurrent.CompletableFuture.get(CompletableFuture.java:1915)
	at org.apache.ratis.util.IOUtils.getFromFuture(IOUtils.java:79)
	... 4 more
2019-09-11 11:00:06,420 [08f1fccb-3813-4a19-b386-9d1a73d37d0e@group-8D9933079AAA-SegmentedRaftLogWorker] WARN  segmented.SegmentedRaftLogWorker (SegmentedRaftLogWorker.java:getFromFuture(90)) - Timeout 14/~
org.apache.ratis.protocol.TimeoutIOException: Timeout 10s: WriteLog:76: (t:1, i:76), STATEMACHINELOGENTRY, client-95694700298B, cid=191-writeStateMachineData
	at org.apache.ratis.util.IOUtils.getFromFuture(IOUtils.java:87)
	at org.apache.ratis.server.raftlog.segmented.SegmentedRaftLogWorker$StateMachineDataPolicy.getFromFuture(SegmentedRaftLogWorker.java:87)
	at org.apache.ratis.server.raftlog.segmented.SegmentedRaftLogWorker$WriteLog.execute(SegmentedRaftLogWorker.java:477)
	at org.apache.ratis.server.raftlog.segmented.SegmentedRaftLogWorker.run(SegmentedRaftLogWorker.java:289)
	at java.lang.Thread.run(Thread.java:748)
Caused by: java.util.concurrent.TimeoutException
	at java.util.concurrent.CompletableFuture.timedGet(CompletableFuture.java:1771)
	at java.util.concurrent.CompletableFuture.get(CompletableFuture.java:1915)
	at org.apache.ratis.util.IOUtils.getFromFuture(IOUtils.java:79)
	... 4 more
2019-09-11 11:00:06,630 [EventQueue-PipelineActionsForPipelineActionHandler] ERROR pipeline.PipelineActionHandler (PipelineActionHandler.java:onMessage(60)) - Received pipeline action CLOSE for Pipeline[ Id: 033f66d0-a2ca-418a-99be-8d9933079aaa, Nodes: 4664729b-c9fa-423e-9516-a47fa5640f67{ip: 192.168.69.96, host: pr-hdds-1982-decom-states-q64lx-3787986432, networkLocation: /default-rack, certSerialId: null}08f1fccb-3813-4a19-b386-9d1a73d37d0e{ip: 192.168.69.96, host: pr-hdds-1982-decom-states-q64lx-3787986432, networkLocation: /default-rack, certSerialId: null}75ec484c-7743-415c-a891-044da79f6b4d{ip: 192.168.69.96, host: pr-hdds-1982-decom-states-q64lx-3787986432, networkLocation: /default-rack, certSerialId: null}, Type:RATIS, Factor:THREE, State:CLOSED] from datanode 75ec484c-7743-415c-a891-044da79f6b4d{ip: 192.168.69.96, host: pr-hdds-1982-decom-states-q64lx-3787986432, networkLocation: /default-rack, certSerialId: null}. Reason : 75ec484c-7743-415c-a891-044da79f6b4d has not seen follower/s 08f1fccb-3813-4a19-b386-9d1a73d37d0e for 151313ms 4664729b-c9fa-423e-9516-a47fa5640f67 for 151313ms
2019-09-11 11:00:06,630 [EventQueue-PipelineActionsForPipelineActionHandler] INFO  pipeline.SCMPipelineManager (SCMPipelineManager.java:finalizeAndDestroyPipeline(311)) - destroying pipeline:Pipeline[ Id: 033f66d0-a2ca-418a-99be-8d9933079aaa, Nodes: 4664729b-c9fa-423e-9516-a47fa5640f67{ip: 192.168.69.96, host: pr-hdds-1982-decom-states-q64lx-3787986432, networkLocation: /default-rack, certSerialId: null}08f1fccb-3813-4a19-b386-9d1a73d37d0e{ip: 192.168.69.96, host: pr-hdds-1982-decom-states-q64lx-3787986432, networkLocation: /default-rack, certSerialId: null}75ec484c-7743-415c-a891-044da79f6b4d{ip: 192.168.69.96, host: pr-hdds-1982-decom-states-q64lx-3787986432, networkLocation: /default-rack, certSerialId: null}, Type:RATIS, Factor:THREE, State:CLOSED]
2019-09-11 11:00:06,637 [java.util.concurrent.ThreadPoolExecutor$Worker@4b358f7e[State = -1, empty queue]] WARN  server.GrpcLogAppender (GrpcLogAppender.java:timeoutAppendRequest(200)) - 75ec484c-7743-415c-a891-044da79f6b4d@group-8D9933079AAA->4664729b-c9fa-423e-9516-a47fa5640f67-GrpcLogAppender: appendEntries Timeout, request=75ec484c-7743-415c-a891-044da79f6b4d->4664729b-c9fa-423e-9516-a47fa5640f67#213-t1, previous=(t:1, i:80), leaderCommit=75, initializing? false, entries: <empty>
2019-09-11 11:00:06,637 [java.util.concurrent.ThreadPoolExecutor$Worker@fabb77[State = -1, empty queue]] WARN  server.GrpcLogAppender (GrpcLogAppender.java:timeoutAppendRequest(200)) - 75ec484c-7743-415c-a891-044da79f6b4d@group-8D9933079AAA->08f1fccb-3813-4a19-b386-9d1a73d37d0e-GrpcLogAppender: appendEntries Timeout, request=75ec484c-7743-415c-a891-044da79f6b4d->08f1fccb-3813-4a19-b386-9d1a73d37d0e#213-t1, previous=(t:1, i:80), leaderCommit=75, initializing? false, entries: <empty>
2019-09-11 11:00:08,353 [grpc-default-executor-6] INFO  client.GrpcClientProtocolClient (GrpcClientProtocolClient.java:onNext(264)) - client-95694700298B->4664729b-c9fa-423e-9516-a47fa5640f67: receive RaftClientReply:client-95694700298B->4664729b-c9fa-423e-9516-a47fa5640f67@group-8D9933079AAA, cid=191, FAILED org.apache.ratis.protocol.NotLeaderException: Server 4664729b-c9fa-423e-9516-a47fa5640f67@group-8D9933079AAA is not the leader 75ec484c-7743-415c-a891-044da79f6b4d:192.168.69.96:41248, logIndex=0, commits[4664729b-c9fa-423e-9516-a47fa5640f67:c75, 08f1fccb-3813-4a19-b386-9d1a73d37d0e:c74, 75ec484c-7743-415c-a891-044da79f6b4d:c75]
2019-09-11 11:00:08,639 [org.apache.ratis.server.impl.LogAppender$AppenderDaemon$$Lambda$497/1546363005@e0156e5] ERROR ratis.XceiverServerRatis (XceiverServerRatis.java:triggerPipelineClose(568)) - pipeline Action CLOSE  on pipeline PipelineID=033f66d0-a2ca-418a-99be-8d9933079aaa.Reason : 75ec484c-7743-415c-a891-044da79f6b4d has not seen follower/s 08f1fccb-3813-4a19-b386-9d1a73d37d0e for 153813ms 4664729b-c9fa-423e-9516-a47fa5640f67 for 153813ms
2019-09-11 11:00:08,639 [org.apache.ratis.server.impl.LogAppender$AppenderDaemon$$Lambda$497/1546363005@3ee2d305] ERROR ratis.XceiverServerRatis (XceiverServerRatis.java:triggerPipelineClose(568)) - pipeline Action CLOSE  on pipeline PipelineID=033f66d0-a2ca-418a-99be-8d9933079aaa.Reason : 75ec484c-7743-415c-a891-044da79f6b4d has not seen follower/s 08f1fccb-3813-4a19-b386-9d1a73d37d0e for 153813ms 4664729b-c9fa-423e-9516-a47fa5640f67 for 153814ms
2019-09-11 11:00:09,138 [java.util.concurrent.ThreadPoolExecutor$Worker@4b358f7e[State = -1, empty queue]] WARN  server.GrpcLogAppender (GrpcLogAppender.java:timeoutAppendRequest(200)) - 75ec484c-7743-415c-a891-044da79f6b4d@group-8D9933079AAA->4664729b-c9fa-423e-9516-a47fa5640f67-GrpcLogAppender: appendEntries Timeout, request=75ec484c-7743-415c-a891-044da79f6b4d->4664729b-c9fa-423e-9516-a47fa5640f67#214-t1, previous=(t:1, i:80), leaderCommit=75, initializing? false, entries: <empty>
2019-09-11 11:00:09,139 [java.util.concurrent.ThreadPoolExecutor$Worker@fabb77[State = -1, empty queue]] WARN  server.GrpcLogAppender (GrpcLogAppender.java:timeoutAppendRequest(200)) - 75ec484c-7743-415c-a891-044da79f6b4d@group-8D9933079AAA->08f1fccb-3813-4a19-b386-9d1a73d37d0e-GrpcLogAppender: appendEntries Timeout, request=75ec484c-7743-415c-a891-044da79f6b4d->08f1fccb-3813-4a19-b386-9d1a73d37d0e#214-t1, previous=(t:1, i:80), leaderCommit=75, initializing? false, entries: <empty>
2019-09-11 11:00:09,631 [EventQueue-PipelineActionsForPipelineActionHandler] ERROR pipeline.PipelineActionHandler (PipelineActionHandler.java:onMessage(60)) - Received pipeline action CLOSE for Pipeline[ Id: 033f66d0-a2ca-418a-99be-8d9933079aaa, Nodes: 4664729b-c9fa-423e-9516-a47fa5640f67{ip: 192.168.69.96, host: pr-hdds-1982-decom-states-q64lx-3787986432, networkLocation: /default-rack, certSerialId: null}08f1fccb-3813-4a19-b386-9d1a73d37d0e{ip: 192.168.69.96, host: pr-hdds-1982-decom-states-q64lx-3787986432, networkLocation: /default-rack, certSerialId: null}75ec484c-7743-415c-a891-044da79f6b4d{ip: 192.168.69.96, host: pr-hdds-1982-decom-states-q64lx-3787986432, networkLocation: /default-rack, certSerialId: null}, Type:RATIS, Factor:THREE, State:CLOSED] from datanode 75ec484c-7743-415c-a891-044da79f6b4d{ip: 192.168.69.96, host: pr-hdds-1982-decom-states-q64lx-3787986432, networkLocation: /default-rack, certSerialId: null}. Reason : 75ec484c-7743-415c-a891-044da79f6b4d has not seen follower/s 08f1fccb-3813-4a19-b386-9d1a73d37d0e for 153813ms 4664729b-c9fa-423e-9516-a47fa5640f67 for 153813ms
2019-09-11 11:00:09,631 [EventQueue-PipelineActionsForPipelineActionHandler] INFO  pipeline.SCMPipelineManager (SCMPipelineManager.java:finalizeAndDestroyPipeline(311)) - destroying pipeline:Pipeline[ Id: 033f66d0-a2ca-418a-99be-8d9933079aaa, Nodes: 4664729b-c9fa-423e-9516-a47fa5640f67{ip: 192.168.69.96, host: pr-hdds-1982-decom-states-q64lx-3787986432, networkLocation: /default-rack, certSerialId: null}08f1fccb-3813-4a19-b386-9d1a73d37d0e{ip: 192.168.69.96, host: pr-hdds-1982-decom-states-q64lx-3787986432, networkLocation: /default-rack, certSerialId: null}75ec484c-7743-415c-a891-044da79f6b4d{ip: 192.168.69.96, host: pr-hdds-1982-decom-states-q64lx-3787986432, networkLocation: /default-rack, certSerialId: null}, Type:RATIS, Factor:THREE, State:CLOSED]
2019-09-11 11:00:11,140 [org.apache.ratis.server.impl.LogAppender$AppenderDaemon$$Lambda$497/1546363005@e0156e5] ERROR ratis.XceiverServerRatis (XceiverServerRatis.java:triggerPipelineClose(568)) - pipeline Action CLOSE  on pipeline PipelineID=033f66d0-a2ca-418a-99be-8d9933079aaa.Reason : 75ec484c-7743-415c-a891-044da79f6b4d has not seen follower/s 08f1fccb-3813-4a19-b386-9d1a73d37d0e for 156314ms 4664729b-c9fa-423e-9516-a47fa5640f67 for 156314ms
2019-09-11 11:00:11,141 [org.apache.ratis.server.impl.LogAppender$AppenderDaemon$$Lambda$497/1546363005@3ee2d305] ERROR ratis.XceiverServerRatis (XceiverServerRatis.java:triggerPipelineClose(568)) - pipeline Action CLOSE  on pipeline PipelineID=033f66d0-a2ca-418a-99be-8d9933079aaa.Reason : 75ec484c-7743-415c-a891-044da79f6b4d has not seen follower/s 08f1fccb-3813-4a19-b386-9d1a73d37d0e for 156314ms 4664729b-c9fa-423e-9516-a47fa5640f67 for 156315ms
2019-09-11 11:00:11,630 [EventQueue-PipelineActionsForPipelineActionHandler] ERROR pipeline.PipelineActionHandler (PipelineActionHandler.java:onMessage(60)) - Received pipeline action CLOSE for Pipeline[ Id: 033f66d0-a2ca-418a-99be-8d9933079aaa, Nodes: 4664729b-c9fa-423e-9516-a47fa5640f67{ip: 192.168.69.96, host: pr-hdds-1982-decom-states-q64lx-3787986432, networkLocation: /default-rack, certSerialId: null}08f1fccb-3813-4a19-b386-9d1a73d37d0e{ip: 192.168.69.96, host: pr-hdds-1982-decom-states-q64lx-3787986432, networkLocation: /default-rack, certSerialId: null}75ec484c-7743-415c-a891-044da79f6b4d{ip: 192.168.69.96, host: pr-hdds-1982-decom-states-q64lx-3787986432, networkLocation: /default-rack, certSerialId: null}, Type:RATIS, Factor:THREE, State:CLOSED] from datanode 75ec484c-7743-415c-a891-044da79f6b4d{ip: 192.168.69.96, host: pr-hdds-1982-decom-states-q64lx-3787986432, networkLocation: /default-rack, certSerialId: null}. Reason : 75ec484c-7743-415c-a891-044da79f6b4d has not seen follower/s 08f1fccb-3813-4a19-b386-9d1a73d37d0e for 156314ms 4664729b-c9fa-423e-9516-a47fa5640f67 for 156314ms
2019-09-11 11:00:11,630 [EventQueue-PipelineActionsForPipelineActionHandler] INFO  pipeline.SCMPipelineManager (SCMPipelineManager.java:finalizeAndDestroyPipeline(311)) - destroying pipeline:Pipeline[ Id: 033f66d0-a2ca-418a-99be-8d9933079aaa, Nodes: 4664729b-c9fa-423e-9516-a47fa5640f67{ip: 192.168.69.96, host: pr-hdds-1982-decom-states-q64lx-3787986432, networkLocation: /default-rack, certSerialId: null}08f1fccb-3813-4a19-b386-9d1a73d37d0e{ip: 192.168.69.96, host: pr-hdds-1982-decom-states-q64lx-3787986432, networkLocation: /default-rack, certSerialId: null}75ec484c-7743-415c-a891-044da79f6b4d{ip: 192.168.69.96, host: pr-hdds-1982-decom-states-q64lx-3787986432, networkLocation: /default-rack, certSerialId: null}, Type:RATIS, Factor:THREE, State:CLOSED]
2019-09-11 11:00:11,639 [java.util.concurrent.ThreadPoolExecutor$Worker@4b358f7e[State = -1, empty queue]] WARN  server.GrpcLogAppender (GrpcLogAppender.java:timeoutAppendRequest(200)) - 75ec484c-7743-415c-a891-044da79f6b4d@group-8D9933079AAA->4664729b-c9fa-423e-9516-a47fa5640f67-GrpcLogAppender: appendEntries Timeout, request=75ec484c-7743-415c-a891-044da79f6b4d->4664729b-c9fa-423e-9516-a47fa5640f67#215-t1, previous=(t:1, i:80), leaderCommit=75, initializing? false, entries: <empty>
2019-09-11 11:00:11,639 [java.util.concurrent.ThreadPoolExecutor$Worker@fabb77[State = -1, empty queue]] WARN  server.GrpcLogAppender (GrpcLogAppender.java:timeoutAppendRequest(200)) - 75ec484c-7743-415c-a891-044da79f6b4d@group-8D9933079AAA->08f1fccb-3813-4a19-b386-9d1a73d37d0e-GrpcLogAppender: appendEntries Timeout, request=75ec484c-7743-415c-a891-044da79f6b4d->08f1fccb-3813-4a19-b386-9d1a73d37d0e#215-t1, previous=(t:1, i:80), leaderCommit=75, initializing? false, entries: <empty>
2019-09-11 11:00:13,430 [grpc-default-executor-0] INFO  client.GrpcClientProtocolClient (GrpcClientProtocolClient.java:onNext(264)) - client-95694700298B->08f1fccb-3813-4a19-b386-9d1a73d37d0e: receive RaftClientReply:client-95694700298B->08f1fccb-3813-4a19-b386-9d1a73d37d0e@group-8D9933079AAA, cid=191, FAILED org.apache.ratis.protocol.NotLeaderException: Server 08f1fccb-3813-4a19-b386-9d1a73d37d0e@group-8D9933079AAA is not the leader 75ec484c-7743-415c-a891-044da79f6b4d:192.168.69.96:41248, logIndex=0, commits[08f1fccb-3813-4a19-b386-9d1a73d37d0e:c75, 4664729b-c9fa-423e-9516-a47fa5640f67:c74, 75ec484c-7743-415c-a891-044da79f6b4d:c75]
2019-09-11 11:00:13,642 [org.apache.ratis.server.impl.LogAppender$AppenderDaemon$$Lambda$497/1546363005@3ee2d305] ERROR ratis.XceiverServerRatis (XceiverServerRatis.java:triggerPipelineClose(568)) - pipeline Action CLOSE  on pipeline PipelineID=033f66d0-a2ca-418a-99be-8d9933079aaa.Reason : 75ec484c-7743-415c-a891-044da79f6b4d has not seen follower/s 08f1fccb-3813-4a19-b386-9d1a73d37d0e for 158816ms 4664729b-c9fa-423e-9516-a47fa5640f67 for 158816ms
2019-09-11 11:00:13,642 [org.apache.ratis.server.impl.LogAppender$AppenderDaemon$$Lambda$497/1546363005@e0156e5] ERROR ratis.XceiverServerRatis (XceiverServerRatis.java:triggerPipelineClose(568)) - pipeline Action CLOSE  on pipeline PipelineID=033f66d0-a2ca-418a-99be-8d9933079aaa.Reason : 75ec484c-7743-415c-a891-044da79f6b4d has not seen follower/s 08f1fccb-3813-4a19-b386-9d1a73d37d0e for 158816ms 4664729b-c9fa-423e-9516-a47fa5640f67 for 158816ms
2019-09-11 11:00:14,140 [java.util.concurrent.ThreadPoolExecutor$Worker@4b358f7e[State = -1, empty queue]] WARN  server.GrpcLogAppender (GrpcLogAppender.java:timeoutAppendRequest(200)) - 75ec484c-7743-415c-a891-044da79f6b4d@group-8D9933079AAA->4664729b-c9fa-423e-9516-a47fa5640f67-GrpcLogAppender: appendEntries Timeout, request=75ec484c-7743-415c-a891-044da79f6b4d->4664729b-c9fa-423e-9516-a47fa5640f67#216-t1, previous=(t:1, i:80), leaderCommit=75, initializing? false, entries: <empty>
2019-09-11 11:00:14,140 [java.util.concurrent.ThreadPoolExecutor$Worker@fabb77[State = -1, empty queue]] WARN  server.GrpcLogAppender (GrpcLogAppender.java:timeoutAppendRequest(200)) - 75ec484c-7743-415c-a891-044da79f6b4d@group-8D9933079AAA->08f1fccb-3813-4a19-b386-9d1a73d37d0e-GrpcLogAppender: appendEntries Timeout, request=75ec484c-7743-415c-a891-044da79f6b4d->08f1fccb-3813-4a19-b386-9d1a73d37d0e#216-t1, previous=(t:1, i:80), leaderCommit=75, initializing? false, entries: <empty>
2019-09-11 11:00:14,631 [EventQueue-PipelineActionsForPipelineActionHandler] ERROR pipeline.PipelineActionHandler (PipelineActionHandler.java:onMessage(60)) - Received pipeline action CLOSE for Pipeline[ Id: 033f66d0-a2ca-418a-99be-8d9933079aaa, Nodes: 4664729b-c9fa-423e-9516-a47fa5640f67{ip: 192.168.69.96, host: pr-hdds-1982-decom-states-q64lx-3787986432, networkLocation: /default-rack, certSerialId: null}08f1fccb-3813-4a19-b386-9d1a73d37d0e{ip: 192.168.69.96, host: pr-hdds-1982-decom-states-q64lx-3787986432, networkLocation: /default-rack, certSerialId: null}75ec484c-7743-415c-a891-044da79f6b4d{ip: 192.168.69.96, host: pr-hdds-1982-decom-states-q64lx-3787986432, networkLocation: /default-rack, certSerialId: null}, Type:RATIS, Factor:THREE, State:CLOSED] from datanode 75ec484c-7743-415c-a891-044da79f6b4d{ip: 192.168.69.96, host: pr-hdds-1982-decom-states-q64lx-3787986432, networkLocation: /default-rack, certSerialId: null}. Reason : 75ec484c-7743-415c-a891-044da79f6b4d has not seen follower/s 08f1fccb-3813-4a19-b386-9d1a73d37d0e for 158816ms 4664729b-c9fa-423e-9516-a47fa5640f67 for 158816ms
2019-09-11 11:00:14,632 [EventQueue-PipelineActionsForPipelineActionHandler] INFO  pipeline.SCMPipelineManager (SCMPipelineManager.java:finalizeAndDestroyPipeline(311)) - destroying pipeline:Pipeline[ Id: 033f66d0-a2ca-418a-99be-8d9933079aaa, Nodes: 4664729b-c9fa-423e-9516-a47fa5640f67{ip: 192.168.69.96, host: pr-hdds-1982-decom-states-q64lx-3787986432, networkLocation: /default-rack, certSerialId: null}08f1fccb-3813-4a19-b386-9d1a73d37d0e{ip: 192.168.69.96, host: pr-hdds-1982-decom-states-q64lx-3787986432, networkLocation: /default-rack, certSerialId: null}75ec484c-7743-415c-a891-044da79f6b4d{ip: 192.168.69.96, host: pr-hdds-1982-decom-states-q64lx-3787986432, networkLocation: /default-rack, certSerialId: null}, Type:RATIS, Factor:THREE, State:CLOSED]
2019-09-11 11:00:16,143 [org.apache.ratis.server.impl.LogAppender$AppenderDaemon$$Lambda$497/1546363005@3ee2d305] ERROR ratis.XceiverServerRatis (XceiverServerRatis.java:triggerPipelineClose(568)) - pipeline Action CLOSE  on pipeline PipelineID=033f66d0-a2ca-418a-99be-8d9933079aaa.Reason : 75ec484c-7743-415c-a891-044da79f6b4d has not seen follower/s 08f1fccb-3813-4a19-b386-9d1a73d37d0e for 161316ms 4664729b-c9fa-423e-9516-a47fa5640f67 for 161317ms
2019-09-11 11:00:16,143 [org.apache.ratis.server.impl.LogAppender$AppenderDaemon$$Lambda$497/1546363005@e0156e5] ERROR ratis.XceiverServerRatis (XceiverServerRatis.java:triggerPipelineClose(568)) - pipeline Action CLOSE  on pipeline PipelineID=033f66d0-a2ca-418a-99be-8d9933079aaa.Reason : 75ec484c-7743-415c-a891-044da79f6b4d has not seen follower/s 08f1fccb-3813-4a19-b386-9d1a73d37d0e for 161317ms 4664729b-c9fa-423e-9516-a47fa5640f67 for 161317ms
2019-09-11 11:00:16,401 [75ec484c-7743-415c-a891-044da79f6b4d@group-8D9933079AAA-SegmentedRaftLogWorker] WARN  segmented.SegmentedRaftLogWorker (SegmentedRaftLogWorker.java:getFromFuture(90)) - Timeout 15/~
org.apache.ratis.protocol.TimeoutIOException: Timeout 10s: WriteLog:76: (t:1, i:76), STATEMACHINELOGENTRY, client-95694700298B, cid=191-writeStateMachineData
	at org.apache.ratis.util.IOUtils.getFromFuture(IOUtils.java:87)
	at org.apache.ratis.server.raftlog.segmented.SegmentedRaftLogWorker$StateMachineDataPolicy.getFromFuture(SegmentedRaftLogWorker.java:87)
	at org.apache.ratis.server.raftlog.segmented.SegmentedRaftLogWorker$WriteLog.execute(SegmentedRaftLogWorker.java:477)
	at org.apache.ratis.server.raftlog.segmented.SegmentedRaftLogWorker.run(SegmentedRaftLogWorker.java:289)
	at java.lang.Thread.run(Thread.java:748)
Caused by: java.util.concurrent.TimeoutException
	at java.util.concurrent.CompletableFuture.timedGet(CompletableFuture.java:1771)
	at java.util.concurrent.CompletableFuture.get(CompletableFuture.java:1915)
	at org.apache.ratis.util.IOUtils.getFromFuture(IOUtils.java:79)
	... 4 more
2019-09-11 11:00:16,420 [4664729b-c9fa-423e-9516-a47fa5640f67@group-8D9933079AAA-SegmentedRaftLogWorker] WARN  segmented.SegmentedRaftLogWorker (SegmentedRaftLogWorker.java:getFromFuture(90)) - Timeout 15/~
org.apache.ratis.protocol.TimeoutIOException: Timeout 10s: WriteLog:76: (t:1, i:76), STATEMACHINELOGENTRY, client-95694700298B, cid=191-writeStateMachineData
	at org.apache.ratis.util.IOUtils.getFromFuture(IOUtils.java:87)
	at org.apache.ratis.server.raftlog.segmented.SegmentedRaftLogWorker$StateMachineDataPolicy.getFromFuture(SegmentedRaftLogWorker.java:87)
	at org.apache.ratis.server.raftlog.segmented.SegmentedRaftLogWorker$WriteLog.execute(SegmentedRaftLogWorker.java:477)
	at org.apache.ratis.server.raftlog.segmented.SegmentedRaftLogWorker.run(SegmentedRaftLogWorker.java:289)
	at java.lang.Thread.run(Thread.java:748)
Caused by: java.util.concurrent.TimeoutException
	at java.util.concurrent.CompletableFuture.timedGet(CompletableFuture.java:1771)
	at java.util.concurrent.CompletableFuture.get(CompletableFuture.java:1915)
	at org.apache.ratis.util.IOUtils.getFromFuture(IOUtils.java:79)
	... 4 more
2019-09-11 11:00:16,442 [08f1fccb-3813-4a19-b386-9d1a73d37d0e@group-8D9933079AAA-SegmentedRaftLogWorker] WARN  segmented.SegmentedRaftLogWorker (SegmentedRaftLogWorker.java:getFromFuture(90)) - Timeout 15/~
org.apache.ratis.protocol.TimeoutIOException: Timeout 10s: WriteLog:76: (t:1, i:76), STATEMACHINELOGENTRY, client-95694700298B, cid=191-writeStateMachineData
	at org.apache.ratis.util.IOUtils.getFromFuture(IOUtils.java:87)
	at org.apache.ratis.server.raftlog.segmented.SegmentedRaftLogWorker$StateMachineDataPolicy.getFromFuture(SegmentedRaftLogWorker.java:87)
	at org.apache.ratis.server.raftlog.segmented.SegmentedRaftLogWorker$WriteLog.execute(SegmentedRaftLogWorker.java:477)
	at org.apache.ratis.server.raftlog.segmented.SegmentedRaftLogWorker.run(SegmentedRaftLogWorker.java:289)
	at java.lang.Thread.run(Thread.java:748)
Caused by: java.util.concurrent.TimeoutException
	at java.util.concurrent.CompletableFuture.timedGet(CompletableFuture.java:1771)
	at java.util.concurrent.CompletableFuture.get(CompletableFuture.java:1915)
	at org.apache.ratis.util.IOUtils.getFromFuture(IOUtils.java:79)
	... 4 more
2019-09-11 11:00:16,629 [EventQueue-PipelineActionsForPipelineActionHandler] ERROR pipeline.PipelineActionHandler (PipelineActionHandler.java:onMessage(60)) - Received pipeline action CLOSE for Pipeline[ Id: 033f66d0-a2ca-418a-99be-8d9933079aaa, Nodes: 4664729b-c9fa-423e-9516-a47fa5640f67{ip: 192.168.69.96, host: pr-hdds-1982-decom-states-q64lx-3787986432, networkLocation: /default-rack, certSerialId: null}08f1fccb-3813-4a19-b386-9d1a73d37d0e{ip: 192.168.69.96, host: pr-hdds-1982-decom-states-q64lx-3787986432, networkLocation: /default-rack, certSerialId: null}75ec484c-7743-415c-a891-044da79f6b4d{ip: 192.168.69.96, host: pr-hdds-1982-decom-states-q64lx-3787986432, networkLocation: /default-rack, certSerialId: null}, Type:RATIS, Factor:THREE, State:CLOSED] from datanode 75ec484c-7743-415c-a891-044da79f6b4d{ip: 192.168.69.96, host: pr-hdds-1982-decom-states-q64lx-3787986432, networkLocation: /default-rack, certSerialId: null}. Reason : 75ec484c-7743-415c-a891-044da79f6b4d has not seen follower/s 08f1fccb-3813-4a19-b386-9d1a73d37d0e for 161316ms 4664729b-c9fa-423e-9516-a47fa5640f67 for 161317ms
2019-09-11 11:00:16,629 [EventQueue-PipelineActionsForPipelineActionHandler] INFO  pipeline.SCMPipelineManager (SCMPipelineManager.java:finalizeAndDestroyPipeline(311)) - destroying pipeline:Pipeline[ Id: 033f66d0-a2ca-418a-99be-8d9933079aaa, Nodes: 4664729b-c9fa-423e-9516-a47fa5640f67{ip: 192.168.69.96, host: pr-hdds-1982-decom-states-q64lx-3787986432, networkLocation: /default-rack, certSerialId: null}08f1fccb-3813-4a19-b386-9d1a73d37d0e{ip: 192.168.69.96, host: pr-hdds-1982-decom-states-q64lx-3787986432, networkLocation: /default-rack, certSerialId: null}75ec484c-7743-415c-a891-044da79f6b4d{ip: 192.168.69.96, host: pr-hdds-1982-decom-states-q64lx-3787986432, networkLocation: /default-rack, certSerialId: null}, Type:RATIS, Factor:THREE, State:CLOSED]
2019-09-11 11:00:16,642 [java.util.concurrent.ThreadPoolExecutor$Worker@fabb77[State = -1, empty queue]] WARN  server.GrpcLogAppender (GrpcLogAppender.java:timeoutAppendRequest(200)) - 75ec484c-7743-415c-a891-044da79f6b4d@group-8D9933079AAA->08f1fccb-3813-4a19-b386-9d1a73d37d0e-GrpcLogAppender: appendEntries Timeout, request=75ec484c-7743-415c-a891-044da79f6b4d->08f1fccb-3813-4a19-b386-9d1a73d37d0e#217-t1, previous=(t:1, i:80), leaderCommit=75, initializing? false, entries: <empty>
2019-09-11 11:00:16,642 [java.util.concurrent.ThreadPoolExecutor$Worker@4b358f7e[State = -1, empty queue]] WARN  server.GrpcLogAppender (GrpcLogAppender.java:timeoutAppendRequest(200)) - 75ec484c-7743-415c-a891-044da79f6b4d@group-8D9933079AAA->4664729b-c9fa-423e-9516-a47fa5640f67-GrpcLogAppender: appendEntries Timeout, request=75ec484c-7743-415c-a891-044da79f6b4d->4664729b-c9fa-423e-9516-a47fa5640f67#217-t1, previous=(t:1, i:80), leaderCommit=75, initializing? false, entries: <empty>
2019-09-11 11:00:18,498 [grpc-default-executor-0] INFO  client.GrpcClientProtocolClient (GrpcClientProtocolClient.java:onNext(264)) - client-95694700298B->4664729b-c9fa-423e-9516-a47fa5640f67: receive RaftClientReply:client-95694700298B->4664729b-c9fa-423e-9516-a47fa5640f67@group-8D9933079AAA, cid=191, FAILED org.apache.ratis.protocol.NotLeaderException: Server 4664729b-c9fa-423e-9516-a47fa5640f67@group-8D9933079AAA is not the leader 75ec484c-7743-415c-a891-044da79f6b4d:192.168.69.96:41248, logIndex=0, commits[4664729b-c9fa-423e-9516-a47fa5640f67:c75, 08f1fccb-3813-4a19-b386-9d1a73d37d0e:c74, 75ec484c-7743-415c-a891-044da79f6b4d:c75]
2019-09-11 11:00:18,643 [org.apache.ratis.server.impl.LogAppender$AppenderDaemon$$Lambda$497/1546363005@3ee2d305] ERROR ratis.XceiverServerRatis (XceiverServerRatis.java:triggerPipelineClose(568)) - pipeline Action CLOSE  on pipeline PipelineID=033f66d0-a2ca-418a-99be-8d9933079aaa.Reason : 75ec484c-7743-415c-a891-044da79f6b4d has not seen follower/s 08f1fccb-3813-4a19-b386-9d1a73d37d0e for 163817ms 4664729b-c9fa-423e-9516-a47fa5640f67 for 163817ms
2019-09-11 11:00:18,643 [org.apache.ratis.server.impl.LogAppender$AppenderDaemon$$Lambda$497/1546363005@e0156e5] ERROR ratis.XceiverServerRatis (XceiverServerRatis.java:triggerPipelineClose(568)) - pipeline Action CLOSE  on pipeline PipelineID=033f66d0-a2ca-418a-99be-8d9933079aaa.Reason : 75ec484c-7743-415c-a891-044da79f6b4d has not seen follower/s 08f1fccb-3813-4a19-b386-9d1a73d37d0e for 163817ms 4664729b-c9fa-423e-9516-a47fa5640f67 for 163817ms
2019-09-11 11:00:19,142 [java.util.concurrent.ThreadPoolExecutor$Worker@fabb77[State = -1, empty queue]] WARN  server.GrpcLogAppender (GrpcLogAppender.java:timeoutAppendRequest(200)) - 75ec484c-7743-415c-a891-044da79f6b4d@group-8D9933079AAA->08f1fccb-3813-4a19-b386-9d1a73d37d0e-GrpcLogAppender: appendEntries Timeout, request=75ec484c-7743-415c-a891-044da79f6b4d->08f1fccb-3813-4a19-b386-9d1a73d37d0e#218-t1, previous=(t:1, i:80), leaderCommit=75, initializing? false, entries: <empty>
2019-09-11 11:00:19,142 [java.util.concurrent.ThreadPoolExecutor$Worker@4b358f7e[State = -1, empty queue]] WARN  server.GrpcLogAppender (GrpcLogAppender.java:timeoutAppendRequest(200)) - 75ec484c-7743-415c-a891-044da79f6b4d@group-8D9933079AAA->4664729b-c9fa-423e-9516-a47fa5640f67-GrpcLogAppender: appendEntries Timeout, request=75ec484c-7743-415c-a891-044da79f6b4d->4664729b-c9fa-423e-9516-a47fa5640f67#218-t1, previous=(t:1, i:80), leaderCommit=75, initializing? false, entries: <empty>
2019-09-11 11:00:19,630 [EventQueue-PipelineActionsForPipelineActionHandler] ERROR pipeline.PipelineActionHandler (PipelineActionHandler.java:onMessage(60)) - Received pipeline action CLOSE for Pipeline[ Id: 033f66d0-a2ca-418a-99be-8d9933079aaa, Nodes: 4664729b-c9fa-423e-9516-a47fa5640f67{ip: 192.168.69.96, host: pr-hdds-1982-decom-states-q64lx-3787986432, networkLocation: /default-rack, certSerialId: null}08f1fccb-3813-4a19-b386-9d1a73d37d0e{ip: 192.168.69.96, host: pr-hdds-1982-decom-states-q64lx-3787986432, networkLocation: /default-rack, certSerialId: null}75ec484c-7743-415c-a891-044da79f6b4d{ip: 192.168.69.96, host: pr-hdds-1982-decom-states-q64lx-3787986432, networkLocation: /default-rack, certSerialId: null}, Type:RATIS, Factor:THREE, State:CLOSED] from datanode 75ec484c-7743-415c-a891-044da79f6b4d{ip: 192.168.69.96, host: pr-hdds-1982-decom-states-q64lx-3787986432, networkLocation: /default-rack, certSerialId: null}. Reason : 75ec484c-7743-415c-a891-044da79f6b4d has not seen follower/s 08f1fccb-3813-4a19-b386-9d1a73d37d0e for 163817ms 4664729b-c9fa-423e-9516-a47fa5640f67 for 163817ms
2019-09-11 11:00:19,631 [EventQueue-PipelineActionsForPipelineActionHandler] INFO  pipeline.SCMPipelineManager (SCMPipelineManager.java:finalizeAndDestroyPipeline(311)) - destroying pipeline:Pipeline[ Id: 033f66d0-a2ca-418a-99be-8d9933079aaa, Nodes: 4664729b-c9fa-423e-9516-a47fa5640f67{ip: 192.168.69.96, host: pr-hdds-1982-decom-states-q64lx-3787986432, networkLocation: /default-rack, certSerialId: null}08f1fccb-3813-4a19-b386-9d1a73d37d0e{ip: 192.168.69.96, host: pr-hdds-1982-decom-states-q64lx-3787986432, networkLocation: /default-rack, certSerialId: null}75ec484c-7743-415c-a891-044da79f6b4d{ip: 192.168.69.96, host: pr-hdds-1982-decom-states-q64lx-3787986432, networkLocation: /default-rack, certSerialId: null}, Type:RATIS, Factor:THREE, State:CLOSED]
2019-09-11 11:00:21,144 [org.apache.ratis.server.impl.LogAppender$AppenderDaemon$$Lambda$497/1546363005@3ee2d305] ERROR ratis.XceiverServerRatis (XceiverServerRatis.java:triggerPipelineClose(568)) - pipeline Action CLOSE  on pipeline PipelineID=033f66d0-a2ca-418a-99be-8d9933079aaa.Reason : 75ec484c-7743-415c-a891-044da79f6b4d has not seen follower/s 08f1fccb-3813-4a19-b386-9d1a73d37d0e for 166317ms 4664729b-c9fa-423e-9516-a47fa5640f67 for 166318ms
2019-09-11 11:00:21,144 [org.apache.ratis.server.impl.LogAppender$AppenderDaemon$$Lambda$497/1546363005@e0156e5] ERROR ratis.XceiverServerRatis (XceiverServerRatis.java:triggerPipelineClose(568)) - pipeline Action CLOSE  on pipeline PipelineID=033f66d0-a2ca-418a-99be-8d9933079aaa.Reason : 75ec484c-7743-415c-a891-044da79f6b4d has not seen follower/s 08f1fccb-3813-4a19-b386-9d1a73d37d0e for 166318ms 4664729b-c9fa-423e-9516-a47fa5640f67 for 166319ms
2019-09-11 11:00:21,632 [EventQueue-PipelineActionsForPipelineActionHandler] ERROR pipeline.PipelineActionHandler (PipelineActionHandler.java:onMessage(60)) - Received pipeline action CLOSE for Pipeline[ Id: 033f66d0-a2ca-418a-99be-8d9933079aaa, Nodes: 4664729b-c9fa-423e-9516-a47fa5640f67{ip: 192.168.69.96, host: pr-hdds-1982-decom-states-q64lx-3787986432, networkLocation: /default-rack, certSerialId: null}08f1fccb-3813-4a19-b386-9d1a73d37d0e{ip: 192.168.69.96, host: pr-hdds-1982-decom-states-q64lx-3787986432, networkLocation: /default-rack, certSerialId: null}75ec484c-7743-415c-a891-044da79f6b4d{ip: 192.168.69.96, host: pr-hdds-1982-decom-states-q64lx-3787986432, networkLocation: /default-rack, certSerialId: null}, Type:RATIS, Factor:THREE, State:CLOSED] from datanode 75ec484c-7743-415c-a891-044da79f6b4d{ip: 192.168.69.96, host: pr-hdds-1982-decom-states-q64lx-3787986432, networkLocation: /default-rack, certSerialId: null}. Reason : 75ec484c-7743-415c-a891-044da79f6b4d has not seen follower/s 08f1fccb-3813-4a19-b386-9d1a73d37d0e for 166317ms 4664729b-c9fa-423e-9516-a47fa5640f67 for 166318ms
2019-09-11 11:00:21,633 [EventQueue-PipelineActionsForPipelineActionHandler] INFO  pipeline.SCMPipelineManager (SCMPipelineManager.java:finalizeAndDestroyPipeline(311)) - destroying pipeline:Pipeline[ Id: 033f66d0-a2ca-418a-99be-8d9933079aaa, Nodes: 4664729b-c9fa-423e-9516-a47fa5640f67{ip: 192.168.69.96, host: pr-hdds-1982-decom-states-q64lx-3787986432, networkLocation: /default-rack, certSerialId: null}08f1fccb-3813-4a19-b386-9d1a73d37d0e{ip: 192.168.69.96, host: pr-hdds-1982-decom-states-q64lx-3787986432, networkLocation: /default-rack, certSerialId: null}75ec484c-7743-415c-a891-044da79f6b4d{ip: 192.168.69.96, host: pr-hdds-1982-decom-states-q64lx-3787986432, networkLocation: /default-rack, certSerialId: null}, Type:RATIS, Factor:THREE, State:CLOSED]
2019-09-11 11:00:21,643 [java.util.concurrent.ThreadPoolExecutor$Worker@fabb77[State = -1, empty queue]] WARN  server.GrpcLogAppender (GrpcLogAppender.java:timeoutAppendRequest(200)) - 75ec484c-7743-415c-a891-044da79f6b4d@group-8D9933079AAA->08f1fccb-3813-4a19-b386-9d1a73d37d0e-GrpcLogAppender: appendEntries Timeout, request=75ec484c-7743-415c-a891-044da79f6b4d->08f1fccb-3813-4a19-b386-9d1a73d37d0e#219-t1, previous=(t:1, i:80), leaderCommit=75, initializing? false, entries: <empty>
2019-09-11 11:00:21,643 [java.util.concurrent.ThreadPoolExecutor$Worker@4b358f7e[State = -1, empty queue]] WARN  server.GrpcLogAppender (GrpcLogAppender.java:timeoutAppendRequest(200)) - 75ec484c-7743-415c-a891-044da79f6b4d@group-8D9933079AAA->4664729b-c9fa-423e-9516-a47fa5640f67-GrpcLogAppender: appendEntries Timeout, request=75ec484c-7743-415c-a891-044da79f6b4d->4664729b-c9fa-423e-9516-a47fa5640f67#219-t1, previous=(t:1, i:80), leaderCommit=75, initializing? false, entries: <empty>
2019-09-11 11:00:23,582 [grpc-default-executor-7] INFO  client.GrpcClientProtocolClient (GrpcClientProtocolClient.java:onNext(264)) - client-95694700298B->08f1fccb-3813-4a19-b386-9d1a73d37d0e: receive RaftClientReply:client-95694700298B->08f1fccb-3813-4a19-b386-9d1a73d37d0e@group-8D9933079AAA, cid=191, FAILED org.apache.ratis.protocol.NotLeaderException: Server 08f1fccb-3813-4a19-b386-9d1a73d37d0e@group-8D9933079AAA is not the leader 75ec484c-7743-415c-a891-044da79f6b4d:192.168.69.96:41248, logIndex=0, commits[08f1fccb-3813-4a19-b386-9d1a73d37d0e:c75, 4664729b-c9fa-423e-9516-a47fa5640f67:c74, 75ec484c-7743-415c-a891-044da79f6b4d:c75]
2019-09-11 11:00:23,645 [org.apache.ratis.server.impl.LogAppender$AppenderDaemon$$Lambda$497/1546363005@3ee2d305] ERROR ratis.XceiverServerRatis (XceiverServerRatis.java:triggerPipelineClose(568)) - pipeline Action CLOSE  on pipeline PipelineID=033f66d0-a2ca-418a-99be-8d9933079aaa.Reason : 75ec484c-7743-415c-a891-044da79f6b4d has not seen follower/s 08f1fccb-3813-4a19-b386-9d1a73d37d0e for 168818ms 4664729b-c9fa-423e-9516-a47fa5640f67 for 168819ms
2019-09-11 11:00:23,645 [org.apache.ratis.server.impl.LogAppender$AppenderDaemon$$Lambda$497/1546363005@e0156e5] ERROR ratis.XceiverServerRatis (XceiverServerRatis.java:triggerPipelineClose(568)) - pipeline Action CLOSE  on pipeline PipelineID=033f66d0-a2ca-418a-99be-8d9933079aaa.Reason : 75ec484c-7743-415c-a891-044da79f6b4d has not seen follower/s 08f1fccb-3813-4a19-b386-9d1a73d37d0e for 168819ms 4664729b-c9fa-423e-9516-a47fa5640f67 for 168819ms
2019-09-11 11:00:24,143 [java.util.concurrent.ThreadPoolExecutor$Worker@fabb77[State = -1, empty queue]] WARN  server.GrpcLogAppender (GrpcLogAppender.java:timeoutAppendRequest(200)) - 75ec484c-7743-415c-a891-044da79f6b4d@group-8D9933079AAA->08f1fccb-3813-4a19-b386-9d1a73d37d0e-GrpcLogAppender: appendEntries Timeout, request=75ec484c-7743-415c-a891-044da79f6b4d->08f1fccb-3813-4a19-b386-9d1a73d37d0e#220-t1, previous=(t:1, i:80), leaderCommit=75, initializing? false, entries: <empty>
2019-09-11 11:00:24,144 [java.util.concurrent.ThreadPoolExecutor$Worker@4b358f7e[State = -1, empty queue]] WARN  server.GrpcLogAppender (GrpcLogAppender.java:timeoutAppendRequest(200)) - 75ec484c-7743-415c-a891-044da79f6b4d@group-8D9933079AAA->4664729b-c9fa-423e-9516-a47fa5640f67-GrpcLogAppender: appendEntries Timeout, request=75ec484c-7743-415c-a891-044da79f6b4d->4664729b-c9fa-423e-9516-a47fa5640f67#220-t1, previous=(t:1, i:80), leaderCommit=75, initializing? false, entries: <empty>
2019-09-11 11:00:24,630 [EventQueue-PipelineActionsForPipelineActionHandler] ERROR pipeline.PipelineActionHandler (PipelineActionHandler.java:onMessage(60)) - Received pipeline action CLOSE for Pipeline[ Id: 033f66d0-a2ca-418a-99be-8d9933079aaa, Nodes: 4664729b-c9fa-423e-9516-a47fa5640f67{ip: 192.168.69.96, host: pr-hdds-1982-decom-states-q64lx-3787986432, networkLocation: /default-rack, certSerialId: null}08f1fccb-3813-4a19-b386-9d1a73d37d0e{ip: 192.168.69.96, host: pr-hdds-1982-decom-states-q64lx-3787986432, networkLocation: /default-rack, certSerialId: null}75ec484c-7743-415c-a891-044da79f6b4d{ip: 192.168.69.96, host: pr-hdds-1982-decom-states-q64lx-3787986432, networkLocation: /default-rack, certSerialId: null}, Type:RATIS, Factor:THREE, State:CLOSED] from datanode 75ec484c-7743-415c-a891-044da79f6b4d{ip: 192.168.69.96, host: pr-hdds-1982-decom-states-q64lx-3787986432, networkLocation: /default-rack, certSerialId: null}. Reason : 75ec484c-7743-415c-a891-044da79f6b4d has not seen follower/s 08f1fccb-3813-4a19-b386-9d1a73d37d0e for 168818ms 4664729b-c9fa-423e-9516-a47fa5640f67 for 168819ms
2019-09-11 11:00:24,631 [EventQueue-PipelineActionsForPipelineActionHandler] INFO  pipeline.SCMPipelineManager (SCMPipelineManager.java:finalizeAndDestroyPipeline(311)) - destroying pipeline:Pipeline[ Id: 033f66d0-a2ca-418a-99be-8d9933079aaa, Nodes: 4664729b-c9fa-423e-9516-a47fa5640f67{ip: 192.168.69.96, host: pr-hdds-1982-decom-states-q64lx-3787986432, networkLocation: /default-rack, certSerialId: null}08f1fccb-3813-4a19-b386-9d1a73d37d0e{ip: 192.168.69.96, host: pr-hdds-1982-decom-states-q64lx-3787986432, networkLocation: /default-rack, certSerialId: null}75ec484c-7743-415c-a891-044da79f6b4d{ip: 192.168.69.96, host: pr-hdds-1982-decom-states-q64lx-3787986432, networkLocation: /default-rack, certSerialId: null}, Type:RATIS, Factor:THREE, State:CLOSED]
2019-09-11 11:00:26,145 [org.apache.ratis.server.impl.LogAppender$AppenderDaemon$$Lambda$497/1546363005@3ee2d305] ERROR ratis.XceiverServerRatis (XceiverServerRatis.java:triggerPipelineClose(568)) - pipeline Action CLOSE  on pipeline PipelineID=033f66d0-a2ca-418a-99be-8d9933079aaa.Reason : 75ec484c-7743-415c-a891-044da79f6b4d has not seen follower/s 08f1fccb-3813-4a19-b386-9d1a73d37d0e for 171319ms 4664729b-c9fa-423e-9516-a47fa5640f67 for 171319ms
2019-09-11 11:00:26,146 [org.apache.ratis.server.impl.LogAppender$AppenderDaemon$$Lambda$497/1546363005@e0156e5] ERROR ratis.XceiverServerRatis (XceiverServerRatis.java:triggerPipelineClose(568)) - pipeline Action CLOSE  on pipeline PipelineID=033f66d0-a2ca-418a-99be-8d9933079aaa.Reason : 75ec484c-7743-415c-a891-044da79f6b4d has not seen follower/s 08f1fccb-3813-4a19-b386-9d1a73d37d0e for 171320ms 4664729b-c9fa-423e-9516-a47fa5640f67 for 171320ms
2019-09-11 11:00:26,402 [75ec484c-7743-415c-a891-044da79f6b4d@group-8D9933079AAA-SegmentedRaftLogWorker] WARN  segmented.SegmentedRaftLogWorker (SegmentedRaftLogWorker.java:getFromFuture(90)) - Timeout 16/~
org.apache.ratis.protocol.TimeoutIOException: Timeout 10s: WriteLog:76: (t:1, i:76), STATEMACHINELOGENTRY, client-95694700298B, cid=191-writeStateMachineData
	at org.apache.ratis.util.IOUtils.getFromFuture(IOUtils.java:87)
	at org.apache.ratis.server.raftlog.segmented.SegmentedRaftLogWorker$StateMachineDataPolicy.getFromFuture(SegmentedRaftLogWorker.java:87)
	at org.apache.ratis.server.raftlog.segmented.SegmentedRaftLogWorker$WriteLog.execute(SegmentedRaftLogWorker.java:477)
	at org.apache.ratis.server.raftlog.segmented.SegmentedRaftLogWorker.run(SegmentedRaftLogWorker.java:289)
	at java.lang.Thread.run(Thread.java:748)
Caused by: java.util.concurrent.TimeoutException
	at java.util.concurrent.CompletableFuture.timedGet(CompletableFuture.java:1771)
	at java.util.concurrent.CompletableFuture.get(CompletableFuture.java:1915)
	at org.apache.ratis.util.IOUtils.getFromFuture(IOUtils.java:79)
	... 4 more
2019-09-11 11:00:26,442 [4664729b-c9fa-423e-9516-a47fa5640f67@group-8D9933079AAA-SegmentedRaftLogWorker] WARN  segmented.SegmentedRaftLogWorker (SegmentedRaftLogWorker.java:getFromFuture(90)) - Timeout 16/~
org.apache.ratis.protocol.TimeoutIOException: Timeout 10s: WriteLog:76: (t:1, i:76), STATEMACHINELOGENTRY, client-95694700298B, cid=191-writeStateMachineData
	at org.apache.ratis.util.IOUtils.getFromFuture(IOUtils.java:87)
	at org.apache.ratis.server.raftlog.segmented.SegmentedRaftLogWorker$StateMachineDataPolicy.getFromFuture(SegmentedRaftLogWorker.java:87)
	at org.apache.ratis.server.raftlog.segmented.SegmentedRaftLogWorker$WriteLog.execute(SegmentedRaftLogWorker.java:477)
	at org.apache.ratis.server.raftlog.segmented.SegmentedRaftLogWorker.run(SegmentedRaftLogWorker.java:289)
	at java.lang.Thread.run(Thread.java:748)
Caused by: java.util.concurrent.TimeoutException
	at java.util.concurrent.CompletableFuture.timedGet(CompletableFuture.java:1771)
	at java.util.concurrent.CompletableFuture.get(CompletableFuture.java:1915)
	at org.apache.ratis.util.IOUtils.getFromFuture(IOUtils.java:79)
	... 4 more
2019-09-11 11:00:26,442 [08f1fccb-3813-4a19-b386-9d1a73d37d0e@group-8D9933079AAA-SegmentedRaftLogWorker] WARN  segmented.SegmentedRaftLogWorker (SegmentedRaftLogWorker.java:getFromFuture(90)) - Timeout 16/~
org.apache.ratis.protocol.TimeoutIOException: Timeout 10s: WriteLog:76: (t:1, i:76), STATEMACHINELOGENTRY, client-95694700298B, cid=191-writeStateMachineData
	at org.apache.ratis.util.IOUtils.getFromFuture(IOUtils.java:87)
	at org.apache.ratis.server.raftlog.segmented.SegmentedRaftLogWorker$StateMachineDataPolicy.getFromFuture(SegmentedRaftLogWorker.java:87)
	at org.apache.ratis.server.raftlog.segmented.SegmentedRaftLogWorker$WriteLog.execute(SegmentedRaftLogWorker.java:477)
	at org.apache.ratis.server.raftlog.segmented.SegmentedRaftLogWorker.run(SegmentedRaftLogWorker.java:289)
	at java.lang.Thread.run(Thread.java:748)
Caused by: java.util.concurrent.TimeoutException
	at java.util.concurrent.CompletableFuture.timedGet(CompletableFuture.java:1771)
	at java.util.concurrent.CompletableFuture.get(CompletableFuture.java:1915)
	at org.apache.ratis.util.IOUtils.getFromFuture(IOUtils.java:79)
	... 4 more
2019-09-11 11:00:26,632 [EventQueue-PipelineActionsForPipelineActionHandler] ERROR pipeline.PipelineActionHandler (PipelineActionHandler.java:onMessage(60)) - Received pipeline action CLOSE for Pipeline[ Id: 033f66d0-a2ca-418a-99be-8d9933079aaa, Nodes: 4664729b-c9fa-423e-9516-a47fa5640f67{ip: 192.168.69.96, host: pr-hdds-1982-decom-states-q64lx-3787986432, networkLocation: /default-rack, certSerialId: null}08f1fccb-3813-4a19-b386-9d1a73d37d0e{ip: 192.168.69.96, host: pr-hdds-1982-decom-states-q64lx-3787986432, networkLocation: /default-rack, certSerialId: null}75ec484c-7743-415c-a891-044da79f6b4d{ip: 192.168.69.96, host: pr-hdds-1982-decom-states-q64lx-3787986432, networkLocation: /default-rack, certSerialId: null}, Type:RATIS, Factor:THREE, State:CLOSED] from datanode 75ec484c-7743-415c-a891-044da79f6b4d{ip: 192.168.69.96, host: pr-hdds-1982-decom-states-q64lx-3787986432, networkLocation: /default-rack, certSerialId: null}. Reason : 75ec484c-7743-415c-a891-044da79f6b4d has not seen follower/s 08f1fccb-3813-4a19-b386-9d1a73d37d0e for 171319ms 4664729b-c9fa-423e-9516-a47fa5640f67 for 171319ms
2019-09-11 11:00:26,632 [EventQueue-PipelineActionsForPipelineActionHandler] INFO  pipeline.SCMPipelineManager (SCMPipelineManager.java:finalizeAndDestroyPipeline(311)) - destroying pipeline:Pipeline[ Id: 033f66d0-a2ca-418a-99be-8d9933079aaa, Nodes: 4664729b-c9fa-423e-9516-a47fa5640f67{ip: 192.168.69.96, host: pr-hdds-1982-decom-states-q64lx-3787986432, networkLocation: /default-rack, certSerialId: null}08f1fccb-3813-4a19-b386-9d1a73d37d0e{ip: 192.168.69.96, host: pr-hdds-1982-decom-states-q64lx-3787986432, networkLocation: /default-rack, certSerialId: null}75ec484c-7743-415c-a891-044da79f6b4d{ip: 192.168.69.96, host: pr-hdds-1982-decom-states-q64lx-3787986432, networkLocation: /default-rack, certSerialId: null}, Type:RATIS, Factor:THREE, State:CLOSED]
2019-09-11 11:00:26,644 [java.util.concurrent.ThreadPoolExecutor$Worker@fabb77[State = -1, empty queue]] WARN  server.GrpcLogAppender (GrpcLogAppender.java:timeoutAppendRequest(200)) - 75ec484c-7743-415c-a891-044da79f6b4d@group-8D9933079AAA->08f1fccb-3813-4a19-b386-9d1a73d37d0e-GrpcLogAppender: appendEntries Timeout, request=75ec484c-7743-415c-a891-044da79f6b4d->08f1fccb-3813-4a19-b386-9d1a73d37d0e#221-t1, previous=(t:1, i:80), leaderCommit=75, initializing? false, entries: <empty>
2019-09-11 11:00:26,645 [java.util.concurrent.ThreadPoolExecutor$Worker@4b358f7e[State = -1, empty queue]] WARN  server.GrpcLogAppender (GrpcLogAppender.java:timeoutAppendRequest(200)) - 75ec484c-7743-415c-a891-044da79f6b4d@group-8D9933079AAA->4664729b-c9fa-423e-9516-a47fa5640f67-GrpcLogAppender: appendEntries Timeout, request=75ec484c-7743-415c-a891-044da79f6b4d->4664729b-c9fa-423e-9516-a47fa5640f67#221-t1, previous=(t:1, i:80), leaderCommit=75, initializing? false, entries: <empty>
2019-09-11 11:00:28,646 [org.apache.ratis.server.impl.LogAppender$AppenderDaemon$$Lambda$497/1546363005@3ee2d305] ERROR ratis.XceiverServerRatis (XceiverServerRatis.java:triggerPipelineClose(568)) - pipeline Action CLOSE  on pipeline PipelineID=033f66d0-a2ca-418a-99be-8d9933079aaa.Reason : 75ec484c-7743-415c-a891-044da79f6b4d has not seen follower/s 08f1fccb-3813-4a19-b386-9d1a73d37d0e for 173819ms 4664729b-c9fa-423e-9516-a47fa5640f67 for 173820ms
2019-09-11 11:00:28,646 [org.apache.ratis.server.impl.LogAppender$AppenderDaemon$$Lambda$497/1546363005@e0156e5] ERROR ratis.XceiverServerRatis (XceiverServerRatis.java:triggerPipelineClose(568)) - pipeline Action CLOSE  on pipeline PipelineID=033f66d0-a2ca-418a-99be-8d9933079aaa.Reason : 75ec484c-7743-415c-a891-044da79f6b4d has not seen follower/s 08f1fccb-3813-4a19-b386-9d1a73d37d0e for 173820ms 4664729b-c9fa-423e-9516-a47fa5640f67 for 173821ms
2019-09-11 11:00:28,659 [grpc-default-executor-7] INFO  client.GrpcClientProtocolClient (GrpcClientProtocolClient.java:onNext(264)) - client-95694700298B->4664729b-c9fa-423e-9516-a47fa5640f67: receive RaftClientReply:client-95694700298B->4664729b-c9fa-423e-9516-a47fa5640f67@group-8D9933079AAA, cid=191, FAILED org.apache.ratis.protocol.NotLeaderException: Server 4664729b-c9fa-423e-9516-a47fa5640f67@group-8D9933079AAA is not the leader 75ec484c-7743-415c-a891-044da79f6b4d:192.168.69.96:41248, logIndex=0, commits[4664729b-c9fa-423e-9516-a47fa5640f67:c75, 08f1fccb-3813-4a19-b386-9d1a73d37d0e:c74, 75ec484c-7743-415c-a891-044da79f6b4d:c75]
2019-09-11 11:00:29,145 [java.util.concurrent.ThreadPoolExecutor$Worker@fabb77[State = -1, empty queue]] WARN  server.GrpcLogAppender (GrpcLogAppender.java:timeoutAppendRequest(200)) - 75ec484c-7743-415c-a891-044da79f6b4d@group-8D9933079AAA->08f1fccb-3813-4a19-b386-9d1a73d37d0e-GrpcLogAppender: appendEntries Timeout, request=75ec484c-7743-415c-a891-044da79f6b4d->08f1fccb-3813-4a19-b386-9d1a73d37d0e#222-t1, previous=(t:1, i:80), leaderCommit=75, initializing? false, entries: <empty>
2019-09-11 11:00:29,146 [java.util.concurrent.ThreadPoolExecutor$Worker@4b358f7e[State = -1, empty queue]] WARN  server.GrpcLogAppender (GrpcLogAppender.java:timeoutAppendRequest(200)) - 75ec484c-7743-415c-a891-044da79f6b4d@group-8D9933079AAA->4664729b-c9fa-423e-9516-a47fa5640f67-GrpcLogAppender: appendEntries Timeout, request=75ec484c-7743-415c-a891-044da79f6b4d->4664729b-c9fa-423e-9516-a47fa5640f67#222-t1, previous=(t:1, i:80), leaderCommit=75, initializing? false, entries: <empty>
2019-09-11 11:00:29,632 [EventQueue-PipelineActionsForPipelineActionHandler] ERROR pipeline.PipelineActionHandler (PipelineActionHandler.java:onMessage(60)) - Received pipeline action CLOSE for Pipeline[ Id: 033f66d0-a2ca-418a-99be-8d9933079aaa, Nodes: 4664729b-c9fa-423e-9516-a47fa5640f67{ip: 192.168.69.96, host: pr-hdds-1982-decom-states-q64lx-3787986432, networkLocation: /default-rack, certSerialId: null}08f1fccb-3813-4a19-b386-9d1a73d37d0e{ip: 192.168.69.96, host: pr-hdds-1982-decom-states-q64lx-3787986432, networkLocation: /default-rack, certSerialId: null}75ec484c-7743-415c-a891-044da79f6b4d{ip: 192.168.69.96, host: pr-hdds-1982-decom-states-q64lx-3787986432, networkLocation: /default-rack, certSerialId: null}, Type:RATIS, Factor:THREE, State:CLOSED] from datanode 75ec484c-7743-415c-a891-044da79f6b4d{ip: 192.168.69.96, host: pr-hdds-1982-decom-states-q64lx-3787986432, networkLocation: /default-rack, certSerialId: null}. Reason : 75ec484c-7743-415c-a891-044da79f6b4d has not seen follower/s 08f1fccb-3813-4a19-b386-9d1a73d37d0e for 173819ms 4664729b-c9fa-423e-9516-a47fa5640f67 for 173820ms
2019-09-11 11:00:29,632 [EventQueue-PipelineActionsForPipelineActionHandler] INFO  pipeline.SCMPipelineManager (SCMPipelineManager.java:finalizeAndDestroyPipeline(311)) - destroying pipeline:Pipeline[ Id: 033f66d0-a2ca-418a-99be-8d9933079aaa, Nodes: 4664729b-c9fa-423e-9516-a47fa5640f67{ip: 192.168.69.96, host: pr-hdds-1982-decom-states-q64lx-3787986432, networkLocation: /default-rack, certSerialId: null}08f1fccb-3813-4a19-b386-9d1a73d37d0e{ip: 192.168.69.96, host: pr-hdds-1982-decom-states-q64lx-3787986432, networkLocation: /default-rack, certSerialId: null}75ec484c-7743-415c-a891-044da79f6b4d{ip: 192.168.69.96, host: pr-hdds-1982-decom-states-q64lx-3787986432, networkLocation: /default-rack, certSerialId: null}, Type:RATIS, Factor:THREE, State:CLOSED]
2019-09-11 11:00:31,148 [org.apache.ratis.server.impl.LogAppender$AppenderDaemon$$Lambda$497/1546363005@e0156e5] ERROR ratis.XceiverServerRatis (XceiverServerRatis.java:triggerPipelineClose(568)) - pipeline Action CLOSE  on pipeline PipelineID=033f66d0-a2ca-418a-99be-8d9933079aaa.Reason : 75ec484c-7743-415c-a891-044da79f6b4d has not seen follower/s 08f1fccb-3813-4a19-b386-9d1a73d37d0e for 176321ms 4664729b-c9fa-423e-9516-a47fa5640f67 for 176322ms
2019-09-11 11:00:31,148 [org.apache.ratis.server.impl.LogAppender$AppenderDaemon$$Lambda$497/1546363005@3ee2d305] ERROR ratis.XceiverServerRatis (XceiverServerRatis.java:triggerPipelineClose(568)) - pipeline Action CLOSE  on pipeline PipelineID=033f66d0-a2ca-418a-99be-8d9933079aaa.Reason : 75ec484c-7743-415c-a891-044da79f6b4d has not seen follower/s 08f1fccb-3813-4a19-b386-9d1a73d37d0e for 176321ms 4664729b-c9fa-423e-9516-a47fa5640f67 for 176322ms
2019-09-11 11:00:31,632 [EventQueue-PipelineActionsForPipelineActionHandler] ERROR pipeline.PipelineActionHandler (PipelineActionHandler.java:onMessage(60)) - Received pipeline action CLOSE for Pipeline[ Id: 033f66d0-a2ca-418a-99be-8d9933079aaa, Nodes: 4664729b-c9fa-423e-9516-a47fa5640f67{ip: 192.168.69.96, host: pr-hdds-1982-decom-states-q64lx-3787986432, networkLocation: /default-rack, certSerialId: null}08f1fccb-3813-4a19-b386-9d1a73d37d0e{ip: 192.168.69.96, host: pr-hdds-1982-decom-states-q64lx-3787986432, networkLocation: /default-rack, certSerialId: null}75ec484c-7743-415c-a891-044da79f6b4d{ip: 192.168.69.96, host: pr-hdds-1982-decom-states-q64lx-3787986432, networkLocation: /default-rack, certSerialId: null}, Type:RATIS, Factor:THREE, State:CLOSED] from datanode 75ec484c-7743-415c-a891-044da79f6b4d{ip: 192.168.69.96, host: pr-hdds-1982-decom-states-q64lx-3787986432, networkLocation: /default-rack, certSerialId: null}. Reason : 75ec484c-7743-415c-a891-044da79f6b4d has not seen follower/s 08f1fccb-3813-4a19-b386-9d1a73d37d0e for 176321ms 4664729b-c9fa-423e-9516-a47fa5640f67 for 176322ms
2019-09-11 11:00:31,632 [EventQueue-PipelineActionsForPipelineActionHandler] INFO  pipeline.SCMPipelineManager (SCMPipelineManager.java:finalizeAndDestroyPipeline(311)) - destroying pipeline:Pipeline[ Id: 033f66d0-a2ca-418a-99be-8d9933079aaa, Nodes: 4664729b-c9fa-423e-9516-a47fa5640f67{ip: 192.168.69.96, host: pr-hdds-1982-decom-states-q64lx-3787986432, networkLocation: /default-rack, certSerialId: null}08f1fccb-3813-4a19-b386-9d1a73d37d0e{ip: 192.168.69.96, host: pr-hdds-1982-decom-states-q64lx-3787986432, networkLocation: /default-rack, certSerialId: null}75ec484c-7743-415c-a891-044da79f6b4d{ip: 192.168.69.96, host: pr-hdds-1982-decom-states-q64lx-3787986432, networkLocation: /default-rack, certSerialId: null}, Type:RATIS, Factor:THREE, State:CLOSED]
2019-09-11 11:00:31,645 [java.util.concurrent.ThreadPoolExecutor$Worker@fabb77[State = -1, empty queue]] WARN  server.GrpcLogAppender (GrpcLogAppender.java:timeoutAppendRequest(200)) - 75ec484c-7743-415c-a891-044da79f6b4d@group-8D9933079AAA->08f1fccb-3813-4a19-b386-9d1a73d37d0e-GrpcLogAppender: appendEntries Timeout, request=75ec484c-7743-415c-a891-044da79f6b4d->08f1fccb-3813-4a19-b386-9d1a73d37d0e#223-t1, previous=(t:1, i:80), leaderCommit=75, initializing? false, entries: <empty>
2019-09-11 11:00:31,646 [java.util.concurrent.ThreadPoolExecutor$Worker@4b358f7e[State = -1, empty queue]] WARN  server.GrpcLogAppender (GrpcLogAppender.java:timeoutAppendRequest(200)) - 75ec484c-7743-415c-a891-044da79f6b4d@group-8D9933079AAA->4664729b-c9fa-423e-9516-a47fa5640f67-GrpcLogAppender: appendEntries Timeout, request=75ec484c-7743-415c-a891-044da79f6b4d->4664729b-c9fa-423e-9516-a47fa5640f67#223-t1, previous=(t:1, i:80), leaderCommit=75, initializing? false, entries: <empty>
2019-09-11 11:00:33,648 [org.apache.ratis.server.impl.LogAppender$AppenderDaemon$$Lambda$497/1546363005@3ee2d305] ERROR ratis.XceiverServerRatis (XceiverServerRatis.java:triggerPipelineClose(568)) - pipeline Action CLOSE  on pipeline PipelineID=033f66d0-a2ca-418a-99be-8d9933079aaa.Reason : 75ec484c-7743-415c-a891-044da79f6b4d has not seen follower/s 08f1fccb-3813-4a19-b386-9d1a73d37d0e for 178822ms 4664729b-c9fa-423e-9516-a47fa5640f67 for 178822ms
2019-09-11 11:00:33,648 [org.apache.ratis.server.impl.LogAppender$AppenderDaemon$$Lambda$497/1546363005@e0156e5] ERROR ratis.XceiverServerRatis (XceiverServerRatis.java:triggerPipelineClose(568)) - pipeline Action CLOSE  on pipeline PipelineID=033f66d0-a2ca-418a-99be-8d9933079aaa.Reason : 75ec484c-7743-415c-a891-044da79f6b4d has not seen follower/s 08f1fccb-3813-4a19-b386-9d1a73d37d0e for 178822ms 4664729b-c9fa-423e-9516-a47fa5640f67 for 178822ms
2019-09-11 11:00:33,727 [grpc-default-executor-0] INFO  client.GrpcClientProtocolClient (GrpcClientProtocolClient.java:onNext(264)) - client-95694700298B->4664729b-c9fa-423e-9516-a47fa5640f67: receive RaftClientReply:client-95694700298B->4664729b-c9fa-423e-9516-a47fa5640f67@group-8D9933079AAA, cid=191, FAILED org.apache.ratis.protocol.NotLeaderException: Server 4664729b-c9fa-423e-9516-a47fa5640f67@group-8D9933079AAA is not the leader 75ec484c-7743-415c-a891-044da79f6b4d:192.168.69.96:41248, logIndex=0, commits[4664729b-c9fa-423e-9516-a47fa5640f67:c75, 08f1fccb-3813-4a19-b386-9d1a73d37d0e:c74, 75ec484c-7743-415c-a891-044da79f6b4d:c75]
2019-09-11 11:00:34,147 [java.util.concurrent.ThreadPoolExecutor$Worker@fabb77[State = -1, empty queue]] WARN  server.GrpcLogAppender (GrpcLogAppender.java:timeoutAppendRequest(200)) - 75ec484c-7743-415c-a891-044da79f6b4d@group-8D9933079AAA->08f1fccb-3813-4a19-b386-9d1a73d37d0e-GrpcLogAppender: appendEntries Timeout, request=75ec484c-7743-415c-a891-044da79f6b4d->08f1fccb-3813-4a19-b386-9d1a73d37d0e#224-t1, previous=(t:1, i:80), leaderCommit=75, initializing? false, entries: <empty>
2019-09-11 11:00:34,147 [java.util.concurrent.ThreadPoolExecutor$Worker@4b358f7e[State = -1, empty queue]] WARN  server.GrpcLogAppender (GrpcLogAppender.java:timeoutAppendRequest(200)) - 75ec484c-7743-415c-a891-044da79f6b4d@group-8D9933079AAA->4664729b-c9fa-423e-9516-a47fa5640f67-GrpcLogAppender: appendEntries Timeout, request=75ec484c-7743-415c-a891-044da79f6b4d->4664729b-c9fa-423e-9516-a47fa5640f67#224-t1, previous=(t:1, i:80), leaderCommit=75, initializing? false, entries: <empty>
2019-09-11 11:00:34,632 [EventQueue-PipelineActionsForPipelineActionHandler] ERROR pipeline.PipelineActionHandler (PipelineActionHandler.java:onMessage(60)) - Received pipeline action CLOSE for Pipeline[ Id: 033f66d0-a2ca-418a-99be-8d9933079aaa, Nodes: 4664729b-c9fa-423e-9516-a47fa5640f67{ip: 192.168.69.96, host: pr-hdds-1982-decom-states-q64lx-3787986432, networkLocation: /default-rack, certSerialId: null}08f1fccb-3813-4a19-b386-9d1a73d37d0e{ip: 192.168.69.96, host: pr-hdds-1982-decom-states-q64lx-3787986432, networkLocation: /default-rack, certSerialId: null}75ec484c-7743-415c-a891-044da79f6b4d{ip: 192.168.69.96, host: pr-hdds-1982-decom-states-q64lx-3787986432, networkLocation: /default-rack, certSerialId: null}, Type:RATIS, Factor:THREE, State:CLOSED] from datanode 75ec484c-7743-415c-a891-044da79f6b4d{ip: 192.168.69.96, host: pr-hdds-1982-decom-states-q64lx-3787986432, networkLocation: /default-rack, certSerialId: null}. Reason : 75ec484c-7743-415c-a891-044da79f6b4d has not seen follower/s 08f1fccb-3813-4a19-b386-9d1a73d37d0e for 178822ms 4664729b-c9fa-423e-9516-a47fa5640f67 for 178822ms
2019-09-11 11:00:34,633 [EventQueue-PipelineActionsForPipelineActionHandler] INFO  pipeline.SCMPipelineManager (SCMPipelineManager.java:finalizeAndDestroyPipeline(311)) - destroying pipeline:Pipeline[ Id: 033f66d0-a2ca-418a-99be-8d9933079aaa, Nodes: 4664729b-c9fa-423e-9516-a47fa5640f67{ip: 192.168.69.96, host: pr-hdds-1982-decom-states-q64lx-3787986432, networkLocation: /default-rack, certSerialId: null}08f1fccb-3813-4a19-b386-9d1a73d37d0e{ip: 192.168.69.96, host: pr-hdds-1982-decom-states-q64lx-3787986432, networkLocation: /default-rack, certSerialId: null}75ec484c-7743-415c-a891-044da79f6b4d{ip: 192.168.69.96, host: pr-hdds-1982-decom-states-q64lx-3787986432, networkLocation: /default-rack, certSerialId: null}, Type:RATIS, Factor:THREE, State:CLOSED]
2019-09-11 11:00:36,149 [org.apache.ratis.server.impl.LogAppender$AppenderDaemon$$Lambda$497/1546363005@e0156e5] ERROR ratis.XceiverServerRatis (XceiverServerRatis.java:triggerPipelineClose(568)) - pipeline Action CLOSE  on pipeline PipelineID=033f66d0-a2ca-418a-99be-8d9933079aaa.Reason : 75ec484c-7743-415c-a891-044da79f6b4d has not seen follower/s 08f1fccb-3813-4a19-b386-9d1a73d37d0e for 181323ms 4664729b-c9fa-423e-9516-a47fa5640f67 for 181323ms
2019-09-11 11:00:36,149 [org.apache.ratis.server.impl.LogAppender$AppenderDaemon$$Lambda$497/1546363005@3ee2d305] ERROR ratis.XceiverServerRatis (XceiverServerRatis.java:triggerPipelineClose(568)) - pipeline Action CLOSE  on pipeline PipelineID=033f66d0-a2ca-418a-99be-8d9933079aaa.Reason : 75ec484c-7743-415c-a891-044da79f6b4d has not seen follower/s 08f1fccb-3813-4a19-b386-9d1a73d37d0e for 181323ms 4664729b-c9fa-423e-9516-a47fa5640f67 for 181323ms
2019-09-11 11:00:36,404 [75ec484c-7743-415c-a891-044da79f6b4d@group-8D9933079AAA-SegmentedRaftLogWorker] WARN  segmented.SegmentedRaftLogWorker (SegmentedRaftLogWorker.java:getFromFuture(90)) - Timeout 17/~
org.apache.ratis.protocol.TimeoutIOException: Timeout 10s: WriteLog:76: (t:1, i:76), STATEMACHINELOGENTRY, client-95694700298B, cid=191-writeStateMachineData
	at org.apache.ratis.util.IOUtils.getFromFuture(IOUtils.java:87)
	at org.apache.ratis.server.raftlog.segmented.SegmentedRaftLogWorker$StateMachineDataPolicy.getFromFuture(SegmentedRaftLogWorker.java:87)
	at org.apache.ratis.server.raftlog.segmented.SegmentedRaftLogWorker$WriteLog.execute(SegmentedRaftLogWorker.java:477)
	at org.apache.ratis.server.raftlog.segmented.SegmentedRaftLogWorker.run(SegmentedRaftLogWorker.java:289)
	at java.lang.Thread.run(Thread.java:748)
Caused by: java.util.concurrent.TimeoutException
	at java.util.concurrent.CompletableFuture.timedGet(CompletableFuture.java:1771)
	at java.util.concurrent.CompletableFuture.get(CompletableFuture.java:1915)
	at org.apache.ratis.util.IOUtils.getFromFuture(IOUtils.java:79)
	... 4 more
2019-09-11 11:00:36,443 [4664729b-c9fa-423e-9516-a47fa5640f67@group-8D9933079AAA-SegmentedRaftLogWorker] WARN  segmented.SegmentedRaftLogWorker (SegmentedRaftLogWorker.java:getFromFuture(90)) - Timeout 17/~
org.apache.ratis.protocol.TimeoutIOException: Timeout 10s: WriteLog:76: (t:1, i:76), STATEMACHINELOGENTRY, client-95694700298B, cid=191-writeStateMachineData
	at org.apache.ratis.util.IOUtils.getFromFuture(IOUtils.java:87)
	at org.apache.ratis.server.raftlog.segmented.SegmentedRaftLogWorker$StateMachineDataPolicy.getFromFuture(SegmentedRaftLogWorker.java:87)
	at org.apache.ratis.server.raftlog.segmented.SegmentedRaftLogWorker$WriteLog.execute(SegmentedRaftLogWorker.java:477)
	at org.apache.ratis.server.raftlog.segmented.SegmentedRaftLogWorker.run(SegmentedRaftLogWorker.java:289)
	at java.lang.Thread.run(Thread.java:748)
Caused by: java.util.concurrent.TimeoutException
	at java.util.concurrent.CompletableFuture.timedGet(CompletableFuture.java:1771)
	at java.util.concurrent.CompletableFuture.get(CompletableFuture.java:1915)
	at org.apache.ratis.util.IOUtils.getFromFuture(IOUtils.java:79)
	... 4 more
2019-09-11 11:00:36,443 [08f1fccb-3813-4a19-b386-9d1a73d37d0e@group-8D9933079AAA-SegmentedRaftLogWorker] WARN  segmented.SegmentedRaftLogWorker (SegmentedRaftLogWorker.java:getFromFuture(90)) - Timeout 17/~
org.apache.ratis.protocol.TimeoutIOException: Timeout 10s: WriteLog:76: (t:1, i:76), STATEMACHINELOGENTRY, client-95694700298B, cid=191-writeStateMachineData
	at org.apache.ratis.util.IOUtils.getFromFuture(IOUtils.java:87)
	at org.apache.ratis.server.raftlog.segmented.SegmentedRaftLogWorker$StateMachineDataPolicy.getFromFuture(SegmentedRaftLogWorker.java:87)
	at org.apache.ratis.server.raftlog.segmented.SegmentedRaftLogWorker$WriteLog.execute(SegmentedRaftLogWorker.java:477)
	at org.apache.ratis.server.raftlog.segmented.SegmentedRaftLogWorker.run(SegmentedRaftLogWorker.java:289)
	at java.lang.Thread.run(Thread.java:748)
Caused by: java.util.concurrent.TimeoutException
	at java.util.concurrent.CompletableFuture.timedGet(CompletableFuture.java:1771)
	at java.util.concurrent.CompletableFuture.get(CompletableFuture.java:1915)
	at org.apache.ratis.util.IOUtils.getFromFuture(IOUtils.java:79)
	... 4 more
2019-09-11 11:00:36,632 [EventQueue-PipelineActionsForPipelineActionHandler] ERROR pipeline.PipelineActionHandler (PipelineActionHandler.java:onMessage(60)) - Received pipeline action CLOSE for Pipeline[ Id: 033f66d0-a2ca-418a-99be-8d9933079aaa, Nodes: 4664729b-c9fa-423e-9516-a47fa5640f67{ip: 192.168.69.96, host: pr-hdds-1982-decom-states-q64lx-3787986432, networkLocation: /default-rack, certSerialId: null}08f1fccb-3813-4a19-b386-9d1a73d37d0e{ip: 192.168.69.96, host: pr-hdds-1982-decom-states-q64lx-3787986432, networkLocation: /default-rack, certSerialId: null}75ec484c-7743-415c-a891-044da79f6b4d{ip: 192.168.69.96, host: pr-hdds-1982-decom-states-q64lx-3787986432, networkLocation: /default-rack, certSerialId: null}, Type:RATIS, Factor:THREE, State:CLOSED] from datanode 75ec484c-7743-415c-a891-044da79f6b4d{ip: 192.168.69.96, host: pr-hdds-1982-decom-states-q64lx-3787986432, networkLocation: /default-rack, certSerialId: null}. Reason : 75ec484c-7743-415c-a891-044da79f6b4d has not seen follower/s 08f1fccb-3813-4a19-b386-9d1a73d37d0e for 181323ms 4664729b-c9fa-423e-9516-a47fa5640f67 for 181323ms
2019-09-11 11:00:36,632 [EventQueue-PipelineActionsForPipelineActionHandler] INFO  pipeline.SCMPipelineManager (SCMPipelineManager.java:finalizeAndDestroyPipeline(311)) - destroying pipeline:Pipeline[ Id: 033f66d0-a2ca-418a-99be-8d9933079aaa, Nodes: 4664729b-c9fa-423e-9516-a47fa5640f67{ip: 192.168.69.96, host: pr-hdds-1982-decom-states-q64lx-3787986432, networkLocation: /default-rack, certSerialId: null}08f1fccb-3813-4a19-b386-9d1a73d37d0e{ip: 192.168.69.96, host: pr-hdds-1982-decom-states-q64lx-3787986432, networkLocation: /default-rack, certSerialId: null}75ec484c-7743-415c-a891-044da79f6b4d{ip: 192.168.69.96, host: pr-hdds-1982-decom-states-q64lx-3787986432, networkLocation: /default-rack, certSerialId: null}, Type:RATIS, Factor:THREE, State:CLOSED]
2019-09-11 11:00:36,648 [java.util.concurrent.ThreadPoolExecutor$Worker@4b358f7e[State = -1, empty queue]] WARN  server.GrpcLogAppender (GrpcLogAppender.java:timeoutAppendRequest(200)) - 75ec484c-7743-415c-a891-044da79f6b4d@group-8D9933079AAA->4664729b-c9fa-423e-9516-a47fa5640f67-GrpcLogAppender: appendEntries Timeout, request=75ec484c-7743-415c-a891-044da79f6b4d->4664729b-c9fa-423e-9516-a47fa5640f67#225-t1, previous=(t:1, i:80), leaderCommit=75, initializing? false, entries: <empty>
2019-09-11 11:00:36,648 [java.util.concurrent.ThreadPoolExecutor$Worker@fabb77[State = -1, empty queue]] WARN  server.GrpcLogAppender (GrpcLogAppender.java:timeoutAppendRequest(200)) - 75ec484c-7743-415c-a891-044da79f6b4d@group-8D9933079AAA->08f1fccb-3813-4a19-b386-9d1a73d37d0e-GrpcLogAppender: appendEntries Timeout, request=75ec484c-7743-415c-a891-044da79f6b4d->08f1fccb-3813-4a19-b386-9d1a73d37d0e#225-t1, previous=(t:1, i:80), leaderCommit=75, initializing? false, entries: <empty>
2019-09-11 11:00:38,650 [org.apache.ratis.server.impl.LogAppender$AppenderDaemon$$Lambda$497/1546363005@e0156e5] ERROR ratis.XceiverServerRatis (XceiverServerRatis.java:triggerPipelineClose(568)) - pipeline Action CLOSE  on pipeline PipelineID=033f66d0-a2ca-418a-99be-8d9933079aaa.Reason : 75ec484c-7743-415c-a891-044da79f6b4d has not seen follower/s 08f1fccb-3813-4a19-b386-9d1a73d37d0e for 183823ms 4664729b-c9fa-423e-9516-a47fa5640f67 for 183824ms
2019-09-11 11:00:38,650 [org.apache.ratis.server.impl.LogAppender$AppenderDaemon$$Lambda$497/1546363005@3ee2d305] ERROR ratis.XceiverServerRatis (XceiverServerRatis.java:triggerPipelineClose(568)) - pipeline Action CLOSE  on pipeline PipelineID=033f66d0-a2ca-418a-99be-8d9933079aaa.Reason : 75ec484c-7743-415c-a891-044da79f6b4d has not seen follower/s 08f1fccb-3813-4a19-b386-9d1a73d37d0e for 183824ms 4664729b-c9fa-423e-9516-a47fa5640f67 for 183824ms
2019-09-11 11:00:38,771 [grpc-default-executor-0] INFO  client.GrpcClientProtocolClient (GrpcClientProtocolClient.java:onNext(264)) - client-95694700298B->08f1fccb-3813-4a19-b386-9d1a73d37d0e: receive RaftClientReply:client-95694700298B->08f1fccb-3813-4a19-b386-9d1a73d37d0e@group-8D9933079AAA, cid=191, FAILED org.apache.ratis.protocol.NotLeaderException: Server 08f1fccb-3813-4a19-b386-9d1a73d37d0e@group-8D9933079AAA is not the leader 75ec484c-7743-415c-a891-044da79f6b4d:192.168.69.96:41248, logIndex=0, commits[08f1fccb-3813-4a19-b386-9d1a73d37d0e:c75, 4664729b-c9fa-423e-9516-a47fa5640f67:c74, 75ec484c-7743-415c-a891-044da79f6b4d:c75]
2019-09-11 11:00:39,148 [java.util.concurrent.ThreadPoolExecutor$Worker@fabb77[State = -1, empty queue]] WARN  server.GrpcLogAppender (GrpcLogAppender.java:timeoutAppendRequest(200)) - 75ec484c-7743-415c-a891-044da79f6b4d@group-8D9933079AAA->08f1fccb-3813-4a19-b386-9d1a73d37d0e-GrpcLogAppender: appendEntries Timeout, request=75ec484c-7743-415c-a891-044da79f6b4d->08f1fccb-3813-4a19-b386-9d1a73d37d0e#226-t1, previous=(t:1, i:80), leaderCommit=75, initializing? false, entries: <empty>
2019-09-11 11:00:39,149 [java.util.concurrent.ThreadPoolExecutor$Worker@4b358f7e[State = -1, empty queue]] WARN  server.GrpcLogAppender (GrpcLogAppender.java:timeoutAppendRequest(200)) - 75ec484c-7743-415c-a891-044da79f6b4d@group-8D9933079AAA->4664729b-c9fa-423e-9516-a47fa5640f67-GrpcLogAppender: appendEntries Timeout, request=75ec484c-7743-415c-a891-044da79f6b4d->4664729b-c9fa-423e-9516-a47fa5640f67#226-t1, previous=(t:1, i:80), leaderCommit=75, initializing? false, entries: <empty>
2019-09-11 11:00:39,632 [EventQueue-PipelineActionsForPipelineActionHandler] ERROR pipeline.PipelineActionHandler (PipelineActionHandler.java:onMessage(60)) - Received pipeline action CLOSE for Pipeline[ Id: 033f66d0-a2ca-418a-99be-8d9933079aaa, Nodes: 4664729b-c9fa-423e-9516-a47fa5640f67{ip: 192.168.69.96, host: pr-hdds-1982-decom-states-q64lx-3787986432, networkLocation: /default-rack, certSerialId: null}08f1fccb-3813-4a19-b386-9d1a73d37d0e{ip: 192.168.69.96, host: pr-hdds-1982-decom-states-q64lx-3787986432, networkLocation: /default-rack, certSerialId: null}75ec484c-7743-415c-a891-044da79f6b4d{ip: 192.168.69.96, host: pr-hdds-1982-decom-states-q64lx-3787986432, networkLocation: /default-rack, certSerialId: null}, Type:RATIS, Factor:THREE, State:CLOSED] from datanode 75ec484c-7743-415c-a891-044da79f6b4d{ip: 192.168.69.96, host: pr-hdds-1982-decom-states-q64lx-3787986432, networkLocation: /default-rack, certSerialId: null}. Reason : 75ec484c-7743-415c-a891-044da79f6b4d has not seen follower/s 08f1fccb-3813-4a19-b386-9d1a73d37d0e for 183823ms 4664729b-c9fa-423e-9516-a47fa5640f67 for 183824ms
2019-09-11 11:00:39,633 [EventQueue-PipelineActionsForPipelineActionHandler] INFO  pipeline.SCMPipelineManager (SCMPipelineManager.java:finalizeAndDestroyPipeline(311)) - destroying pipeline:Pipeline[ Id: 033f66d0-a2ca-418a-99be-8d9933079aaa, Nodes: 4664729b-c9fa-423e-9516-a47fa5640f67{ip: 192.168.69.96, host: pr-hdds-1982-decom-states-q64lx-3787986432, networkLocation: /default-rack, certSerialId: null}08f1fccb-3813-4a19-b386-9d1a73d37d0e{ip: 192.168.69.96, host: pr-hdds-1982-decom-states-q64lx-3787986432, networkLocation: /default-rack, certSerialId: null}75ec484c-7743-415c-a891-044da79f6b4d{ip: 192.168.69.96, host: pr-hdds-1982-decom-states-q64lx-3787986432, networkLocation: /default-rack, certSerialId: null}, Type:RATIS, Factor:THREE, State:CLOSED]
2019-09-11 11:00:41,151 [org.apache.ratis.server.impl.LogAppender$AppenderDaemon$$Lambda$497/1546363005@3ee2d305] ERROR ratis.XceiverServerRatis (XceiverServerRatis.java:triggerPipelineClose(568)) - pipeline Action CLOSE  on pipeline PipelineID=033f66d0-a2ca-418a-99be-8d9933079aaa.Reason : 75ec484c-7743-415c-a891-044da79f6b4d has not seen follower/s 08f1fccb-3813-4a19-b386-9d1a73d37d0e for 186325ms 4664729b-c9fa-423e-9516-a47fa5640f67 for 186325ms
2019-09-11 11:00:41,151 [org.apache.ratis.server.impl.LogAppender$AppenderDaemon$$Lambda$497/1546363005@e0156e5] ERROR ratis.XceiverServerRatis (XceiverServerRatis.java:triggerPipelineClose(568)) - pipeline Action CLOSE  on pipeline PipelineID=033f66d0-a2ca-418a-99be-8d9933079aaa.Reason : 75ec484c-7743-415c-a891-044da79f6b4d has not seen follower/s 08f1fccb-3813-4a19-b386-9d1a73d37d0e for 186325ms 4664729b-c9fa-423e-9516-a47fa5640f67 for 186325ms
2019-09-11 11:00:41,633 [EventQueue-PipelineActionsForPipelineActionHandler] ERROR pipeline.PipelineActionHandler (PipelineActionHandler.java:onMessage(60)) - Received pipeline action CLOSE for Pipeline[ Id: 033f66d0-a2ca-418a-99be-8d9933079aaa, Nodes: 4664729b-c9fa-423e-9516-a47fa5640f67{ip: 192.168.69.96, host: pr-hdds-1982-decom-states-q64lx-3787986432, networkLocation: /default-rack, certSerialId: null}08f1fccb-3813-4a19-b386-9d1a73d37d0e{ip: 192.168.69.96, host: pr-hdds-1982-decom-states-q64lx-3787986432, networkLocation: /default-rack, certSerialId: null}75ec484c-7743-415c-a891-044da79f6b4d{ip: 192.168.69.96, host: pr-hdds-1982-decom-states-q64lx-3787986432, networkLocation: /default-rack, certSerialId: null}, Type:RATIS, Factor:THREE, State:CLOSED] from datanode 75ec484c-7743-415c-a891-044da79f6b4d{ip: 192.168.69.96, host: pr-hdds-1982-decom-states-q64lx-3787986432, networkLocation: /default-rack, certSerialId: null}. Reason : 75ec484c-7743-415c-a891-044da79f6b4d has not seen follower/s 08f1fccb-3813-4a19-b386-9d1a73d37d0e for 186325ms 4664729b-c9fa-423e-9516-a47fa5640f67 for 186325ms
2019-09-11 11:00:41,633 [EventQueue-PipelineActionsForPipelineActionHandler] INFO  pipeline.SCMPipelineManager (SCMPipelineManager.java:finalizeAndDestroyPipeline(311)) - destroying pipeline:Pipeline[ Id: 033f66d0-a2ca-418a-99be-8d9933079aaa, Nodes: 4664729b-c9fa-423e-9516-a47fa5640f67{ip: 192.168.69.96, host: pr-hdds-1982-decom-states-q64lx-3787986432, networkLocation: /default-rack, certSerialId: null}08f1fccb-3813-4a19-b386-9d1a73d37d0e{ip: 192.168.69.96, host: pr-hdds-1982-decom-states-q64lx-3787986432, networkLocation: /default-rack, certSerialId: null}75ec484c-7743-415c-a891-044da79f6b4d{ip: 192.168.69.96, host: pr-hdds-1982-decom-states-q64lx-3787986432, networkLocation: /default-rack, certSerialId: null}, Type:RATIS, Factor:THREE, State:CLOSED]
2019-09-11 11:00:41,649 [java.util.concurrent.ThreadPoolExecutor$Worker@4b358f7e[State = -1, empty queue]] WARN  server.GrpcLogAppender (GrpcLogAppender.java:timeoutAppendRequest(200)) - 75ec484c-7743-415c-a891-044da79f6b4d@group-8D9933079AAA->4664729b-c9fa-423e-9516-a47fa5640f67-GrpcLogAppender: appendEntries Timeout, request=75ec484c-7743-415c-a891-044da79f6b4d->4664729b-c9fa-423e-9516-a47fa5640f67#227-t1, previous=(t:1, i:80), leaderCommit=75, initializing? false, entries: <empty>
2019-09-11 11:00:41,650 [java.util.concurrent.ThreadPoolExecutor$Worker@fabb77[State = -1, empty queue]] WARN  server.GrpcLogAppender (GrpcLogAppender.java:timeoutAppendRequest(200)) - 75ec484c-7743-415c-a891-044da79f6b4d@group-8D9933079AAA->08f1fccb-3813-4a19-b386-9d1a73d37d0e-GrpcLogAppender: appendEntries Timeout, request=75ec484c-7743-415c-a891-044da79f6b4d->08f1fccb-3813-4a19-b386-9d1a73d37d0e#227-t1, previous=(t:1, i:80), leaderCommit=75, initializing? false, entries: <empty>
2019-09-11 11:00:42,623 [grpc-default-executor-0] INFO  impl.RaftServerProxy (RaftServerProxy.java:remove(95)) - 4664729b-c9fa-423e-9516-a47fa5640f67: remove  FOLLOWER 4664729b-c9fa-423e-9516-a47fa5640f67@group-8D9933079AAA:t1, leader=75ec484c-7743-415c-a891-044da79f6b4d, voted=75ec484c-7743-415c-a891-044da79f6b4d, raftlog=4664729b-c9fa-423e-9516-a47fa5640f67@group-8D9933079AAA-SegmentedRaftLog:OPENED:c75,f75,i80, conf=0: [08f1fccb-3813-4a19-b386-9d1a73d37d0e:192.168.69.96:40562, 4664729b-c9fa-423e-9516-a47fa5640f67:192.168.69.96:39932, 75ec484c-7743-415c-a891-044da79f6b4d:192.168.69.96:41248], old=null RUNNING
2019-09-11 11:00:42,624 [grpc-default-executor-0] INFO  impl.RaftServerImpl (RaftServerImpl.java:lambda$shutdown$3(251)) - 4664729b-c9fa-423e-9516-a47fa5640f67@group-8D9933079AAA: shutdown
2019-09-11 11:00:42,625 [grpc-default-executor-0] INFO  util.JmxRegister (JmxRegister.java:unregister(73)) - Successfully un-registered JMX Bean with object name Ratis:service=RaftServer,group=group-8D9933079AAA,id=4664729b-c9fa-423e-9516-a47fa5640f67
2019-09-11 11:00:42,625 [grpc-default-executor-0] INFO  impl.RoleInfo (RoleInfo.java:shutdownFollowerState(121)) - 4664729b-c9fa-423e-9516-a47fa5640f67: shutdown FollowerState
2019-09-11 11:00:42,625 [grpc-default-executor-0] INFO  impl.StateMachineUpdater (StateMachineUpdater.java:stopAndJoin(125)) - 4664729b-c9fa-423e-9516-a47fa5640f67@group-8D9933079AAA-StateMachineUpdater: set stopIndex = 75
2019-09-11 11:00:42,626 [Thread-892] INFO  impl.FollowerState (FollowerState.java:run(115)) - 4664729b-c9fa-423e-9516-a47fa5640f67: FollowerState was interrupted: java.lang.InterruptedException: sleep interrupted
2019-09-11 11:00:42,626 [4664729b-c9fa-423e-9516-a47fa5640f67@group-8D9933079AAA-StateMachineUpdater] INFO  ratis.ContainerStateMachine (ContainerStateMachine.java:takeSnapshot(289)) - group-8D9933079AAA: Taking a snapshot at:(t:1, i:74) file /workdir/hadoop-ozone/integration-test/target/test-dir/MiniOzoneClusterImpl-d1c09eb7-78b5-4432-98f5-8abfc41a1ec2/datanode-3/data/ratis/033f66d0-a2ca-418a-99be-8d9933079aaa/sm/snapshot.1_74
2019-09-11 11:00:42,639 [4664729b-c9fa-423e-9516-a47fa5640f67@group-8D9933079AAA-StateMachineUpdater] INFO  ratis.ContainerStateMachine (ContainerStateMachine.java:takeSnapshot(300)) - group-8D9933079AAA: Finished taking a snapshot at:(t:1, i:74) file:/workdir/hadoop-ozone/integration-test/target/test-dir/MiniOzoneClusterImpl-d1c09eb7-78b5-4432-98f5-8abfc41a1ec2/datanode-3/data/ratis/033f66d0-a2ca-418a-99be-8d9933079aaa/sm/snapshot.1_74 time:14
2019-09-11 11:00:42,640 [4664729b-c9fa-423e-9516-a47fa5640f67@group-8D9933079AAA-StateMachineUpdater] INFO  impl.StateMachineUpdater (StateMachineUpdater.java:takeSnapshot(258)) - 4664729b-c9fa-423e-9516-a47fa5640f67@group-8D9933079AAA-StateMachineUpdater: Took a snapshot at index 74
2019-09-11 11:00:42,640 [4664729b-c9fa-423e-9516-a47fa5640f67@group-8D9933079AAA-StateMachineUpdater] INFO  impl.StateMachineUpdater (StateMachineUpdater.java:lambda$new$0(83)) - 4664729b-c9fa-423e-9516-a47fa5640f67@group-8D9933079AAA-StateMachineUpdater: snapshotIndex: updateIncreasingly -1 -> 74
2019-09-11 11:00:42,640 [4664729b-c9fa-423e-9516-a47fa5640f67@group-8D9933079AAA-StateMachineUpdater] INFO  ratis.ContainerStateMachine (ContainerStateMachine.java:takeSnapshot(289)) - group-8D9933079AAA: Taking a snapshot at:(t:1, i:74) file /workdir/hadoop-ozone/integration-test/target/test-dir/MiniOzoneClusterImpl-d1c09eb7-78b5-4432-98f5-8abfc41a1ec2/datanode-3/data/ratis/033f66d0-a2ca-418a-99be-8d9933079aaa/sm/snapshot.1_74
2019-09-11 11:00:42,647 [4664729b-c9fa-423e-9516-a47fa5640f67@group-8D9933079AAA-StateMachineUpdater] INFO  ratis.ContainerStateMachine (ContainerStateMachine.java:takeSnapshot(300)) - group-8D9933079AAA: Finished taking a snapshot at:(t:1, i:74) file:/workdir/hadoop-ozone/integration-test/target/test-dir/MiniOzoneClusterImpl-d1c09eb7-78b5-4432-98f5-8abfc41a1ec2/datanode-3/data/ratis/033f66d0-a2ca-418a-99be-8d9933079aaa/sm/snapshot.1_74 time:7
2019-09-11 11:00:42,647 [4664729b-c9fa-423e-9516-a47fa5640f67@group-8D9933079AAA-StateMachineUpdater] INFO  impl.StateMachineUpdater (StateMachineUpdater.java:takeSnapshot(258)) - 4664729b-c9fa-423e-9516-a47fa5640f67@group-8D9933079AAA-StateMachineUpdater: Took a snapshot at index 74
2019-09-11 11:00:42,647 [4664729b-c9fa-423e-9516-a47fa5640f67@group-8D9933079AAA-StateMachineUpdater] INFO  impl.StateMachineUpdater (StateMachineUpdater.java:lambda$new$0(83)) - 4664729b-c9fa-423e-9516-a47fa5640f67@group-8D9933079AAA-StateMachineUpdater: snapshotIndex: updateIncreasingly 74 -> 74
2019-09-11 11:00:42,648 [grpc-default-executor-0] INFO  impl.RaftServerImpl (ServerState.java:close(385)) - 4664729b-c9fa-423e-9516-a47fa5640f67@group-8D9933079AAA: closes. applyIndex: 75
2019-09-11 11:00:42,649 [4664729b-c9fa-423e-9516-a47fa5640f67@group-8D9933079AAA-SegmentedRaftLogWorker] ERROR ratis.XceiverServerRatis (XceiverServerRatis.java:triggerPipelineClose(568)) - pipeline Action CLOSE  on pipeline PipelineID=033f66d0-a2ca-418a-99be-8d9933079aaa.Reason : WriteLog:76: (t:1, i:76), STATEMACHINELOGENTRY, client-95694700298B, cid=191-writeStateMachineData interrupted.
2019-09-11 11:00:42,657 [grpc-default-executor-0] INFO  segmented.SegmentedRaftLogWorker (SegmentedRaftLogWorker.java:close(228)) - 4664729b-c9fa-423e-9516-a47fa5640f67@group-8D9933079AAA-SegmentedRaftLogWorker close()
2019-09-11 11:00:42,657 [EventQueue-PipelineActionsForPipelineActionHandler] ERROR pipeline.PipelineActionHandler (PipelineActionHandler.java:onMessage(60)) - Received pipeline action CLOSE for Pipeline[ Id: 033f66d0-a2ca-418a-99be-8d9933079aaa, Nodes: 4664729b-c9fa-423e-9516-a47fa5640f67{ip: 192.168.69.96, host: pr-hdds-1982-decom-states-q64lx-3787986432, networkLocation: /default-rack, certSerialId: null}08f1fccb-3813-4a19-b386-9d1a73d37d0e{ip: 192.168.69.96, host: pr-hdds-1982-decom-states-q64lx-3787986432, networkLocation: /default-rack, certSerialId: null}75ec484c-7743-415c-a891-044da79f6b4d{ip: 192.168.69.96, host: pr-hdds-1982-decom-states-q64lx-3787986432, networkLocation: /default-rack, certSerialId: null}, Type:RATIS, Factor:THREE, State:CLOSED] from datanode 4664729b-c9fa-423e-9516-a47fa5640f67{ip: 192.168.69.96, host: pr-hdds-1982-decom-states-q64lx-3787986432, networkLocation: /default-rack, certSerialId: null}. Reason : WriteLog:76: (t:1, i:76), STATEMACHINELOGENTRY, client-95694700298B, cid=191-writeStateMachineData interrupted.
2019-09-11 11:00:42,662 [EventQueue-PipelineActionsForPipelineActionHandler] INFO  pipeline.SCMPipelineManager (SCMPipelineManager.java:finalizeAndDestroyPipeline(311)) - destroying pipeline:Pipeline[ Id: 033f66d0-a2ca-418a-99be-8d9933079aaa, Nodes: 4664729b-c9fa-423e-9516-a47fa5640f67{ip: 192.168.69.96, host: pr-hdds-1982-decom-states-q64lx-3787986432, networkLocation: /default-rack, certSerialId: null}08f1fccb-3813-4a19-b386-9d1a73d37d0e{ip: 192.168.69.96, host: pr-hdds-1982-decom-states-q64lx-3787986432, networkLocation: /default-rack, certSerialId: null}75ec484c-7743-415c-a891-044da79f6b4d{ip: 192.168.69.96, host: pr-hdds-1982-decom-states-q64lx-3787986432, networkLocation: /default-rack, certSerialId: null}, Type:RATIS, Factor:THREE, State:CLOSED]
2019-09-11 11:00:42,666 [grpc-default-executor-0] INFO  interfaces.Container (KeyValueContainer.java:flushAndSyncDB(386)) - Container 5 is synced with bcsId 47.
2019-09-11 11:00:42,666 [grpc-default-executor-0] INFO  interfaces.Container (KeyValueContainer.java:flushAndSyncDB(386)) - Container 5 is synced with bcsId 47.
2019-09-11 11:00:42,685 [EventQueue-IncrementalContainerReportForIncrementalContainerReportHandler] INFO  container.IncrementalContainerReportHandler (AbstractContainerReportHandler.java:updateContainerState(169)) - Moving container #5 to QUASI_CLOSED state, datanode 4664729b-c9fa-423e-9516-a47fa5640f67{ip: 192.168.69.96, host: pr-hdds-1982-decom-states-q64lx-3787986432, networkLocation: /default-rack, certSerialId: null} reported QUASI_CLOSED replica.
2019-09-11 11:00:42,694 [grpc-default-executor-0] INFO  interfaces.Container (KeyValueContainer.java:flushAndSyncDB(386)) - Container 7 is synced with bcsId 63.
2019-09-11 11:00:42,695 [grpc-default-executor-0] INFO  interfaces.Container (KeyValueContainer.java:flushAndSyncDB(386)) - Container 7 is synced with bcsId 63.
2019-09-11 11:00:42,717 [EventQueue-IncrementalContainerReportForIncrementalContainerReportHandler] INFO  container.IncrementalContainerReportHandler (AbstractContainerReportHandler.java:updateContainerState(169)) - Moving container #7 to QUASI_CLOSED state, datanode 4664729b-c9fa-423e-9516-a47fa5640f67{ip: 192.168.69.96, host: pr-hdds-1982-decom-states-q64lx-3787986432, networkLocation: /default-rack, certSerialId: null} reported QUASI_CLOSED replica.
2019-09-11 11:00:42,775 [grpc-default-executor-0] INFO  interfaces.Container (KeyValueContainer.java:flushAndSyncDB(386)) - Container 12 is synced with bcsId 0.
2019-09-11 11:00:42,775 [grpc-default-executor-0] INFO  interfaces.Container (KeyValueContainer.java:flushAndSyncDB(386)) - Container 12 is synced with bcsId 0.
2019-09-11 11:00:42,825 [EventQueue-IncrementalContainerReportForIncrementalContainerReportHandler] INFO  container.IncrementalContainerReportHandler (AbstractContainerReportHandler.java:updateContainerState(169)) - Moving container #12 to QUASI_CLOSED state, datanode 4664729b-c9fa-423e-9516-a47fa5640f67{ip: 192.168.69.96, host: pr-hdds-1982-decom-states-q64lx-3787986432, networkLocation: /default-rack, certSerialId: null} reported QUASI_CLOSED replica.
2019-09-11 11:00:42,829 [grpc-default-executor-0] INFO  impl.RaftServerProxy (RaftServerProxy.java:remove(95)) - 08f1fccb-3813-4a19-b386-9d1a73d37d0e: remove  FOLLOWER 08f1fccb-3813-4a19-b386-9d1a73d37d0e@group-8D9933079AAA:t1, leader=75ec484c-7743-415c-a891-044da79f6b4d, voted=75ec484c-7743-415c-a891-044da79f6b4d, raftlog=08f1fccb-3813-4a19-b386-9d1a73d37d0e@group-8D9933079AAA-SegmentedRaftLog:OPENED:c75,f75,i80, conf=0: [08f1fccb-3813-4a19-b386-9d1a73d37d0e:192.168.69.96:40562, 4664729b-c9fa-423e-9516-a47fa5640f67:192.168.69.96:39932, 75ec484c-7743-415c-a891-044da79f6b4d:192.168.69.96:41248], old=null RUNNING
2019-09-11 11:00:42,829 [grpc-default-executor-0] INFO  impl.RaftServerImpl (RaftServerImpl.java:lambda$shutdown$3(251)) - 08f1fccb-3813-4a19-b386-9d1a73d37d0e@group-8D9933079AAA: shutdown
2019-09-11 11:00:42,829 [grpc-default-executor-0] INFO  util.JmxRegister (JmxRegister.java:unregister(73)) - Successfully un-registered JMX Bean with object name Ratis:service=RaftServer,group=group-8D9933079AAA,id=08f1fccb-3813-4a19-b386-9d1a73d37d0e
2019-09-11 11:00:42,830 [grpc-default-executor-0] INFO  impl.RoleInfo (RoleInfo.java:shutdownFollowerState(121)) - 08f1fccb-3813-4a19-b386-9d1a73d37d0e: shutdown FollowerState
2019-09-11 11:00:42,830 [grpc-default-executor-0] INFO  impl.StateMachineUpdater (StateMachineUpdater.java:stopAndJoin(125)) - 08f1fccb-3813-4a19-b386-9d1a73d37d0e@group-8D9933079AAA-StateMachineUpdater: set stopIndex = 75
2019-09-11 11:00:42,830 [Thread-893] INFO  impl.FollowerState (FollowerState.java:run(115)) - 08f1fccb-3813-4a19-b386-9d1a73d37d0e: FollowerState was interrupted: java.lang.InterruptedException: sleep interrupted
2019-09-11 11:00:42,830 [08f1fccb-3813-4a19-b386-9d1a73d37d0e@group-8D9933079AAA-StateMachineUpdater] INFO  ratis.ContainerStateMachine (ContainerStateMachine.java:takeSnapshot(289)) - group-8D9933079AAA: Taking a snapshot at:(t:1, i:74) file /workdir/hadoop-ozone/integration-test/target/test-dir/MiniOzoneClusterImpl-d1c09eb7-78b5-4432-98f5-8abfc41a1ec2/datanode-4/data/ratis/033f66d0-a2ca-418a-99be-8d9933079aaa/sm/snapshot.1_74
2019-09-11 11:00:42,848 [08f1fccb-3813-4a19-b386-9d1a73d37d0e@group-8D9933079AAA-StateMachineUpdater] INFO  ratis.ContainerStateMachine (ContainerStateMachine.java:takeSnapshot(300)) - group-8D9933079AAA: Finished taking a snapshot at:(t:1, i:74) file:/workdir/hadoop-ozone/integration-test/target/test-dir/MiniOzoneClusterImpl-d1c09eb7-78b5-4432-98f5-8abfc41a1ec2/datanode-4/data/ratis/033f66d0-a2ca-418a-99be-8d9933079aaa/sm/snapshot.1_74 time:18
2019-09-11 11:00:42,848 [08f1fccb-3813-4a19-b386-9d1a73d37d0e@group-8D9933079AAA-StateMachineUpdater] INFO  impl.StateMachineUpdater (StateMachineUpdater.java:takeSnapshot(258)) - 08f1fccb-3813-4a19-b386-9d1a73d37d0e@group-8D9933079AAA-StateMachineUpdater: Took a snapshot at index 74
2019-09-11 11:00:42,848 [08f1fccb-3813-4a19-b386-9d1a73d37d0e@group-8D9933079AAA-StateMachineUpdater] INFO  impl.StateMachineUpdater (StateMachineUpdater.java:lambda$new$0(83)) - 08f1fccb-3813-4a19-b386-9d1a73d37d0e@group-8D9933079AAA-StateMachineUpdater: snapshotIndex: updateIncreasingly -1 -> 74
2019-09-11 11:00:42,849 [08f1fccb-3813-4a19-b386-9d1a73d37d0e@group-8D9933079AAA-StateMachineUpdater] INFO  ratis.ContainerStateMachine (ContainerStateMachine.java:takeSnapshot(289)) - group-8D9933079AAA: Taking a snapshot at:(t:1, i:74) file /workdir/hadoop-ozone/integration-test/target/test-dir/MiniOzoneClusterImpl-d1c09eb7-78b5-4432-98f5-8abfc41a1ec2/datanode-4/data/ratis/033f66d0-a2ca-418a-99be-8d9933079aaa/sm/snapshot.1_74
2019-09-11 11:00:42,881 [08f1fccb-3813-4a19-b386-9d1a73d37d0e@group-8D9933079AAA-StateMachineUpdater] INFO  ratis.ContainerStateMachine (ContainerStateMachine.java:takeSnapshot(300)) - group-8D9933079AAA: Finished taking a snapshot at:(t:1, i:74) file:/workdir/hadoop-ozone/integration-test/target/test-dir/MiniOzoneClusterImpl-d1c09eb7-78b5-4432-98f5-8abfc41a1ec2/datanode-4/data/ratis/033f66d0-a2ca-418a-99be-8d9933079aaa/sm/snapshot.1_74 time:33
2019-09-11 11:00:42,881 [08f1fccb-3813-4a19-b386-9d1a73d37d0e@group-8D9933079AAA-StateMachineUpdater] INFO  impl.StateMachineUpdater (StateMachineUpdater.java:takeSnapshot(258)) - 08f1fccb-3813-4a19-b386-9d1a73d37d0e@group-8D9933079AAA-StateMachineUpdater: Took a snapshot at index 74
2019-09-11 11:00:42,881 [08f1fccb-3813-4a19-b386-9d1a73d37d0e@group-8D9933079AAA-StateMachineUpdater] INFO  impl.StateMachineUpdater (StateMachineUpdater.java:lambda$new$0(83)) - 08f1fccb-3813-4a19-b386-9d1a73d37d0e@group-8D9933079AAA-StateMachineUpdater: snapshotIndex: updateIncreasingly 74 -> 74
2019-09-11 11:00:42,882 [grpc-default-executor-0] INFO  impl.RaftServerImpl (ServerState.java:close(385)) - 08f1fccb-3813-4a19-b386-9d1a73d37d0e@group-8D9933079AAA: closes. applyIndex: 75
2019-09-11 11:00:42,883 [08f1fccb-3813-4a19-b386-9d1a73d37d0e@group-8D9933079AAA-SegmentedRaftLogWorker] ERROR ratis.XceiverServerRatis (XceiverServerRatis.java:triggerPipelineClose(568)) - pipeline Action CLOSE  on pipeline PipelineID=033f66d0-a2ca-418a-99be-8d9933079aaa.Reason : WriteLog:76: (t:1, i:76), STATEMACHINELOGENTRY, client-95694700298B, cid=191-writeStateMachineData interrupted.
2019-09-11 11:00:42,886 [grpc-default-executor-0] INFO  segmented.SegmentedRaftLogWorker (SegmentedRaftLogWorker.java:close(228)) - 08f1fccb-3813-4a19-b386-9d1a73d37d0e@group-8D9933079AAA-SegmentedRaftLogWorker close()
2019-09-11 11:00:42,891 [EventQueue-PipelineActionsForPipelineActionHandler] ERROR pipeline.PipelineActionHandler (PipelineActionHandler.java:onMessage(60)) - Received pipeline action CLOSE for Pipeline[ Id: 033f66d0-a2ca-418a-99be-8d9933079aaa, Nodes: 4664729b-c9fa-423e-9516-a47fa5640f67{ip: 192.168.69.96, host: pr-hdds-1982-decom-states-q64lx-3787986432, networkLocation: /default-rack, certSerialId: null}08f1fccb-3813-4a19-b386-9d1a73d37d0e{ip: 192.168.69.96, host: pr-hdds-1982-decom-states-q64lx-3787986432, networkLocation: /default-rack, certSerialId: null}75ec484c-7743-415c-a891-044da79f6b4d{ip: 192.168.69.96, host: pr-hdds-1982-decom-states-q64lx-3787986432, networkLocation: /default-rack, certSerialId: null}, Type:RATIS, Factor:THREE, State:CLOSED] from datanode 08f1fccb-3813-4a19-b386-9d1a73d37d0e{ip: 192.168.69.96, host: pr-hdds-1982-decom-states-q64lx-3787986432, networkLocation: /default-rack, certSerialId: null}. Reason : WriteLog:76: (t:1, i:76), STATEMACHINELOGENTRY, client-95694700298B, cid=191-writeStateMachineData interrupted.
2019-09-11 11:00:42,891 [EventQueue-PipelineActionsForPipelineActionHandler] INFO  pipeline.SCMPipelineManager (SCMPipelineManager.java:finalizeAndDestroyPipeline(311)) - destroying pipeline:Pipeline[ Id: 033f66d0-a2ca-418a-99be-8d9933079aaa, Nodes: 4664729b-c9fa-423e-9516-a47fa5640f67{ip: 192.168.69.96, host: pr-hdds-1982-decom-states-q64lx-3787986432, networkLocation: /default-rack, certSerialId: null}08f1fccb-3813-4a19-b386-9d1a73d37d0e{ip: 192.168.69.96, host: pr-hdds-1982-decom-states-q64lx-3787986432, networkLocation: /default-rack, certSerialId: null}75ec484c-7743-415c-a891-044da79f6b4d{ip: 192.168.69.96, host: pr-hdds-1982-decom-states-q64lx-3787986432, networkLocation: /default-rack, certSerialId: null}, Type:RATIS, Factor:THREE, State:CLOSED]
2019-09-11 11:00:42,907 [grpc-default-executor-0] INFO  interfaces.Container (KeyValueContainer.java:flushAndSyncDB(386)) - Container 5 is synced with bcsId 47.
2019-09-11 11:00:42,907 [grpc-default-executor-0] INFO  interfaces.Container (KeyValueContainer.java:flushAndSyncDB(386)) - Container 5 is synced with bcsId 47.
2019-09-11 11:00:42,953 [grpc-default-executor-0] INFO  interfaces.Container (KeyValueContainer.java:flushAndSyncDB(386)) - Container 7 is synced with bcsId 63.
2019-09-11 11:00:42,953 [grpc-default-executor-0] INFO  interfaces.Container (KeyValueContainer.java:flushAndSyncDB(386)) - Container 7 is synced with bcsId 63.
2019-09-11 11:00:43,061 [grpc-default-executor-0] INFO  interfaces.Container (KeyValueContainer.java:flushAndSyncDB(386)) - Container 12 is synced with bcsId 0.
2019-09-11 11:00:43,061 [grpc-default-executor-0] INFO  interfaces.Container (KeyValueContainer.java:flushAndSyncDB(386)) - Container 12 is synced with bcsId 0.
2019-09-11 11:00:43,094 [grpc-default-executor-0] INFO  impl.RaftServerProxy (RaftServerProxy.java:remove(95)) - 75ec484c-7743-415c-a891-044da79f6b4d: remove    LEADER 75ec484c-7743-415c-a891-044da79f6b4d@group-8D9933079AAA:t1, leader=75ec484c-7743-415c-a891-044da79f6b4d, voted=75ec484c-7743-415c-a891-044da79f6b4d, raftlog=75ec484c-7743-415c-a891-044da79f6b4d@group-8D9933079AAA-SegmentedRaftLog:OPENED:c75,f75,i80, conf=0: [08f1fccb-3813-4a19-b386-9d1a73d37d0e:192.168.69.96:40562, 4664729b-c9fa-423e-9516-a47fa5640f67:192.168.69.96:39932, 75ec484c-7743-415c-a891-044da79f6b4d:192.168.69.96:41248], old=null RUNNING
2019-09-11 11:00:43,094 [grpc-default-executor-0] INFO  impl.RaftServerImpl (RaftServerImpl.java:lambda$shutdown$3(251)) - 75ec484c-7743-415c-a891-044da79f6b4d@group-8D9933079AAA: shutdown
2019-09-11 11:00:43,095 [grpc-default-executor-0] INFO  util.JmxRegister (JmxRegister.java:unregister(73)) - Successfully un-registered JMX Bean with object name Ratis:service=RaftServer,group=group-8D9933079AAA,id=75ec484c-7743-415c-a891-044da79f6b4d
2019-09-11 11:00:43,095 [grpc-default-executor-0] INFO  impl.RoleInfo (RoleInfo.java:shutdownLeaderState(104)) - 75ec484c-7743-415c-a891-044da79f6b4d: shutdown LeaderState
2019-09-11 11:00:43,100 [org.apache.ratis.server.impl.LogAppender$AppenderDaemon$$Lambda$497/1546363005@3ee2d305] WARN  server.GrpcLogAppender (GrpcLogAppender.java:mayWait(143)) - 75ec484c-7743-415c-a891-044da79f6b4d@group-8D9933079AAA->08f1fccb-3813-4a19-b386-9d1a73d37d0e-GrpcLogAppender: Wait interrupted by java.lang.InterruptedException
2019-09-11 11:00:43,100 [grpc-default-executor-0] INFO  impl.PendingRequests (PendingRequests.java:sendNotLeaderResponses(202)) - 75ec484c-7743-415c-a891-044da79f6b4d-PendingRequests: sendNotLeaderResponses
2019-09-11 11:00:43,100 [org.apache.ratis.server.impl.LogAppender$AppenderDaemon$$Lambda$497/1546363005@e0156e5] WARN  server.GrpcLogAppender (GrpcLogAppender.java:mayWait(143)) - 75ec484c-7743-415c-a891-044da79f6b4d@group-8D9933079AAA->4664729b-c9fa-423e-9516-a47fa5640f67-GrpcLogAppender: Wait interrupted by java.lang.InterruptedException
2019-09-11 11:00:43,103 [grpc-default-executor-7] INFO  server.GrpcServerProtocolService (GrpcServerProtocolService.java:onCompleted(113)) - 08f1fccb-3813-4a19-b386-9d1a73d37d0e: Completed APPEND_ENTRIES, lastRequest: 75ec484c-7743-415c-a891-044da79f6b4d->08f1fccb-3813-4a19-b386-9d1a73d37d0e#228-t1, previous=(t:1, i:80), leaderCommit=75, initializing? false, entries: <empty>
2019-09-11 11:00:43,104 [grpc-default-executor-6] INFO  server.GrpcServerProtocolService (GrpcServerProtocolService.java:onCompleted(113)) - 4664729b-c9fa-423e-9516-a47fa5640f67: Completed APPEND_ENTRIES, lastRequest: 75ec484c-7743-415c-a891-044da79f6b4d->4664729b-c9fa-423e-9516-a47fa5640f67#228-t1, previous=(t:1, i:80), leaderCommit=75, initializing? false, entries: <empty>
2019-09-11 11:00:43,104 [grpc-default-executor-6] INFO  server.GrpcLogAppender (GrpcLogAppender.java:onCompleted(293)) - 75ec484c-7743-415c-a891-044da79f6b4d@group-8D9933079AAA->08f1fccb-3813-4a19-b386-9d1a73d37d0e-AppendLogResponseHandler: follower responses appendEntries COMPLETED
2019-09-11 11:00:43,109 [75ec484c-7743-415c-a891-044da79f6b4d@group-8D9933079AAA-StateMachineUpdater] INFO  ratis.ContainerStateMachine (ContainerStateMachine.java:takeSnapshot(289)) - group-8D9933079AAA: Taking a snapshot at:(t:1, i:75) file /workdir/hadoop-ozone/integration-test/target/test-dir/MiniOzoneClusterImpl-d1c09eb7-78b5-4432-98f5-8abfc41a1ec2/datanode-5/data/ratis/033f66d0-a2ca-418a-99be-8d9933079aaa/sm/snapshot.1_75
2019-09-11 11:00:43,109 [grpc-default-executor-7] INFO  server.GrpcLogAppender (GrpcLogAppender.java:onCompleted(293)) - 75ec484c-7743-415c-a891-044da79f6b4d@group-8D9933079AAA->4664729b-c9fa-423e-9516-a47fa5640f67-AppendLogResponseHandler: follower responses appendEntries COMPLETED
2019-09-11 11:00:43,109 [grpc-default-executor-0] INFO  impl.StateMachineUpdater (StateMachineUpdater.java:stopAndJoin(125)) - 75ec484c-7743-415c-a891-044da79f6b4d@group-8D9933079AAA-StateMachineUpdater: set stopIndex = 75
2019-09-11 11:00:43,109 [grpc-default-executor-7] INFO  impl.FollowerInfo (FollowerInfo.java:lambda$new$0(51)) - 75ec484c-7743-415c-a891-044da79f6b4d@group-8D9933079AAA->4664729b-c9fa-423e-9516-a47fa5640f67: nextIndex: updateUnconditionally 81 -> 76
2019-09-11 11:00:43,109 [grpc-default-executor-6] INFO  impl.FollowerInfo (FollowerInfo.java:lambda$new$0(51)) - 75ec484c-7743-415c-a891-044da79f6b4d@group-8D9933079AAA->08f1fccb-3813-4a19-b386-9d1a73d37d0e: nextIndex: updateUnconditionally 81 -> 76
2019-09-11 11:00:43,127 [75ec484c-7743-415c-a891-044da79f6b4d@group-8D9933079AAA-StateMachineUpdater] INFO  ratis.ContainerStateMachine (ContainerStateMachine.java:takeSnapshot(300)) - group-8D9933079AAA: Finished taking a snapshot at:(t:1, i:75) file:/workdir/hadoop-ozone/integration-test/target/test-dir/MiniOzoneClusterImpl-d1c09eb7-78b5-4432-98f5-8abfc41a1ec2/datanode-5/data/ratis/033f66d0-a2ca-418a-99be-8d9933079aaa/sm/snapshot.1_75 time:18
2019-09-11 11:00:43,127 [75ec484c-7743-415c-a891-044da79f6b4d@group-8D9933079AAA-StateMachineUpdater] INFO  impl.StateMachineUpdater (StateMachineUpdater.java:takeSnapshot(258)) - 75ec484c-7743-415c-a891-044da79f6b4d@group-8D9933079AAA-StateMachineUpdater: Took a snapshot at index 75
2019-09-11 11:00:43,127 [75ec484c-7743-415c-a891-044da79f6b4d@group-8D9933079AAA-StateMachineUpdater] INFO  impl.StateMachineUpdater (StateMachineUpdater.java:lambda$new$0(83)) - 75ec484c-7743-415c-a891-044da79f6b4d@group-8D9933079AAA-StateMachineUpdater: snapshotIndex: updateIncreasingly -1 -> 75
2019-09-11 11:00:43,127 [grpc-default-executor-0] INFO  impl.RaftServerImpl (ServerState.java:close(385)) - 75ec484c-7743-415c-a891-044da79f6b4d@group-8D9933079AAA: closes. applyIndex: 75
2019-09-11 11:00:43,128 [Command processor thread] ERROR commandhandler.CloseContainerCommandHandler (CloseContainerCommandHandler.java:handle(125)) - Can't close container #7
java.io.IOException: org.apache.ratis.protocol.GroupMismatchException: 75ec484c-7743-415c-a891-044da79f6b4d: group-8D9933079AAA not found.
	at org.apache.hadoop.ozone.container.common.transport.server.ratis.XceiverServerRatis.submitRequest(XceiverServerRatis.java:495)
	at org.apache.hadoop.ozone.container.common.statemachine.commandhandler.CloseContainerCommandHandler.handle(CloseContainerCommandHandler.java:102)
	at org.apache.hadoop.ozone.container.common.statemachine.commandhandler.CommandDispatcher.handle(CommandDispatcher.java:99)
	at org.apache.hadoop.ozone.container.common.statemachine.DatanodeStateMachine.lambda$initCommandHandlerThread$1(DatanodeStateMachine.java:432)
	at java.lang.Thread.run(Thread.java:748)
Caused by: java.util.concurrent.ExecutionException: org.apache.ratis.protocol.GroupMismatchException: 75ec484c-7743-415c-a891-044da79f6b4d: group-8D9933079AAA not found.
	at java.util.concurrent.CompletableFuture.reportGet(CompletableFuture.java:357)
	at java.util.concurrent.CompletableFuture.get(CompletableFuture.java:1895)
	at org.apache.hadoop.ozone.container.common.transport.server.ratis.XceiverServerRatis.submitRequest(XceiverServerRatis.java:493)
	... 4 more
Caused by: org.apache.ratis.protocol.GroupMismatchException: 75ec484c-7743-415c-a891-044da79f6b4d: group-8D9933079AAA not found.
	at org.apache.ratis.server.impl.RaftServerProxy$ImplMap.get(RaftServerProxy.java:122)
	at org.apache.ratis.server.impl.RaftServerProxy.getImplFuture(RaftServerProxy.java:269)
	at org.apache.ratis.server.impl.RaftServerProxy.submitRequest(RaftServerProxy.java:327)
	at org.apache.ratis.server.impl.RaftServerProxy.submitClientRequestAsync(RaftServerProxy.java:333)
	... 5 more
2019-09-11 11:00:43,128 [75ec484c-7743-415c-a891-044da79f6b4d@group-8D9933079AAA-SegmentedRaftLogWorker] ERROR ratis.XceiverServerRatis (XceiverServerRatis.java:triggerPipelineClose(568)) - pipeline Action CLOSE  on pipeline PipelineID=033f66d0-a2ca-418a-99be-8d9933079aaa.Reason : WriteLog:76: (t:1, i:76), STATEMACHINELOGENTRY, client-95694700298B, cid=191-writeStateMachineData interrupted.
2019-09-11 11:00:43,131 [grpc-default-executor-0] INFO  segmented.SegmentedRaftLogWorker (SegmentedRaftLogWorker.java:close(228)) - 75ec484c-7743-415c-a891-044da79f6b4d@group-8D9933079AAA-SegmentedRaftLogWorker close()
2019-09-11 11:00:43,132 [EventQueue-PipelineActionsForPipelineActionHandler] ERROR pipeline.PipelineActionHandler (PipelineActionHandler.java:onMessage(60)) - Received pipeline action CLOSE for Pipeline[ Id: 033f66d0-a2ca-418a-99be-8d9933079aaa, Nodes: 4664729b-c9fa-423e-9516-a47fa5640f67{ip: 192.168.69.96, host: pr-hdds-1982-decom-states-q64lx-3787986432, networkLocation: /default-rack, certSerialId: null}08f1fccb-3813-4a19-b386-9d1a73d37d0e{ip: 192.168.69.96, host: pr-hdds-1982-decom-states-q64lx-3787986432, networkLocation: /default-rack, certSerialId: null}75ec484c-7743-415c-a891-044da79f6b4d{ip: 192.168.69.96, host: pr-hdds-1982-decom-states-q64lx-3787986432, networkLocation: /default-rack, certSerialId: null}, Type:RATIS, Factor:THREE, State:CLOSED] from datanode 75ec484c-7743-415c-a891-044da79f6b4d{ip: 192.168.69.96, host: pr-hdds-1982-decom-states-q64lx-3787986432, networkLocation: /default-rack, certSerialId: null}. Reason : WriteLog:76: (t:1, i:76), STATEMACHINELOGENTRY, client-95694700298B, cid=191-writeStateMachineData interrupted.
2019-09-11 11:00:43,136 [EventQueue-PipelineActionsForPipelineActionHandler] INFO  pipeline.SCMPipelineManager (SCMPipelineManager.java:finalizeAndDestroyPipeline(311)) - destroying pipeline:Pipeline[ Id: 033f66d0-a2ca-418a-99be-8d9933079aaa, Nodes: 4664729b-c9fa-423e-9516-a47fa5640f67{ip: 192.168.69.96, host: pr-hdds-1982-decom-states-q64lx-3787986432, networkLocation: /default-rack, certSerialId: null}08f1fccb-3813-4a19-b386-9d1a73d37d0e{ip: 192.168.69.96, host: pr-hdds-1982-decom-states-q64lx-3787986432, networkLocation: /default-rack, certSerialId: null}75ec484c-7743-415c-a891-044da79f6b4d{ip: 192.168.69.96, host: pr-hdds-1982-decom-states-q64lx-3787986432, networkLocation: /default-rack, certSerialId: null}, Type:RATIS, Factor:THREE, State:CLOSED]
2019-09-11 11:00:43,162 [grpc-default-executor-0] INFO  interfaces.Container (KeyValueContainer.java:flushAndSyncDB(386)) - Container 5 is synced with bcsId 47.
2019-09-11 11:00:43,162 [grpc-default-executor-0] INFO  interfaces.Container (KeyValueContainer.java:flushAndSyncDB(386)) - Container 5 is synced with bcsId 47.
2019-09-11 11:00:43,196 [grpc-default-executor-0] INFO  interfaces.Container (KeyValueContainer.java:flushAndSyncDB(386)) - Container 7 is synced with bcsId 63.
2019-09-11 11:00:43,197 [grpc-default-executor-0] INFO  interfaces.Container (KeyValueContainer.java:flushAndSyncDB(386)) - Container 7 is synced with bcsId 63.
2019-09-11 11:00:43,224 [RatisPipelineUtilsThread] INFO  pipeline.PipelineStateManager (PipelineStateManager.java:removePipeline(108)) - Pipeline Pipeline[ Id: 033f66d0-a2ca-418a-99be-8d9933079aaa, Nodes: 4664729b-c9fa-423e-9516-a47fa5640f67{ip: 192.168.69.96, host: pr-hdds-1982-decom-states-q64lx-3787986432, networkLocation: /default-rack, certSerialId: null}08f1fccb-3813-4a19-b386-9d1a73d37d0e{ip: 192.168.69.96, host: pr-hdds-1982-decom-states-q64lx-3787986432, networkLocation: /default-rack, certSerialId: null}75ec484c-7743-415c-a891-044da79f6b4d{ip: 192.168.69.96, host: pr-hdds-1982-decom-states-q64lx-3787986432, networkLocation: /default-rack, certSerialId: null}, Type:RATIS, Factor:THREE, State:CLOSED] removed from db
2019-09-11 11:00:43,235 [grpc-default-executor-7] INFO  impl.RaftServerProxy (RaftServerProxy.java:addNew(89)) - 4664729b-c9fa-423e-9516-a47fa5640f67: addNew group-628E68FA3245:[08f1fccb-3813-4a19-b386-9d1a73d37d0e:192.168.69.96:40562, 4664729b-c9fa-423e-9516-a47fa5640f67:192.168.69.96:39932, 75ec484c-7743-415c-a891-044da79f6b4d:192.168.69.96:41248] returns group-628E68FA3245:java.util.concurrent.CompletableFuture@6fbc5069[Not completed]
2019-09-11 11:00:43,235 [grpc-default-executor-6] INFO  impl.RaftServerProxy (RaftServerProxy.java:addNew(89)) - 08f1fccb-3813-4a19-b386-9d1a73d37d0e: addNew group-628E68FA3245:[08f1fccb-3813-4a19-b386-9d1a73d37d0e:192.168.69.96:40562, 4664729b-c9fa-423e-9516-a47fa5640f67:192.168.69.96:39932, 75ec484c-7743-415c-a891-044da79f6b4d:192.168.69.96:41248] returns group-628E68FA3245:java.util.concurrent.CompletableFuture@e1be35[Not completed]
2019-09-11 11:00:43,236 [grpc-default-executor-0] INFO  impl.RaftServerProxy (RaftServerProxy.java:addNew(89)) - 75ec484c-7743-415c-a891-044da79f6b4d: addNew group-628E68FA3245:[08f1fccb-3813-4a19-b386-9d1a73d37d0e:192.168.69.96:40562, 4664729b-c9fa-423e-9516-a47fa5640f67:192.168.69.96:39932, 75ec484c-7743-415c-a891-044da79f6b4d:192.168.69.96:41248] returns group-628E68FA3245:java.util.concurrent.CompletableFuture@2d294277[Not completed]
2019-09-11 11:00:43,238 [pool-57-thread-1] INFO  impl.RaftServerImpl (RaftServerImpl.java:<init>(95)) - 4664729b-c9fa-423e-9516-a47fa5640f67: new RaftServerImpl for group-628E68FA3245:[08f1fccb-3813-4a19-b386-9d1a73d37d0e:192.168.69.96:40562, 4664729b-c9fa-423e-9516-a47fa5640f67:192.168.69.96:39932, 75ec484c-7743-415c-a891-044da79f6b4d:192.168.69.96:41248] with ContainerStateMachine:uninitialized
2019-09-11 11:00:43,238 [pool-57-thread-1] INFO  server.RaftServerConfigKeys (ConfUtils.java:logGet(43)) - raft.server.rpc.timeout.min = 5s (custom)
2019-09-11 11:00:43,238 [pool-57-thread-1] INFO  server.RaftServerConfigKeys (ConfUtils.java:logGet(43)) - raft.server.rpc.timeout.max = 5200ms (custom)
2019-09-11 11:00:43,238 [pool-57-thread-1] INFO  server.RaftServerConfigKeys (ConfUtils.java:logGet(43)) - raft.server.rpcslowness.timeout = 120s (custom)
2019-09-11 11:00:43,239 [pool-57-thread-1] INFO  server.RaftServerConfigKeys (ConfUtils.java:logGet(43)) - raft.server.sleep.deviation.threshold = 300 (default)
2019-09-11 11:00:43,239 [pool-57-thread-1] INFO  server.RaftServerConfigKeys (ConfUtils.java:logGet(43)) - raft.server.log.appender.install.snapshot.enabled = false (custom)
2019-09-11 11:00:43,239 [pool-57-thread-1] INFO  impl.RaftServerImpl (ServerState.java:<init>(103)) - 4664729b-c9fa-423e-9516-a47fa5640f67@group-628E68FA3245: ConfigurationManager, init=-1: [08f1fccb-3813-4a19-b386-9d1a73d37d0e:192.168.69.96:40562, 4664729b-c9fa-423e-9516-a47fa5640f67:192.168.69.96:39932, 75ec484c-7743-415c-a891-044da79f6b4d:192.168.69.96:41248], old=null, confs=<EMPTY_MAP>
2019-09-11 11:00:43,239 [pool-77-thread-1] INFO  impl.RaftServerImpl (RaftServerImpl.java:<init>(95)) - 75ec484c-7743-415c-a891-044da79f6b4d: new RaftServerImpl for group-628E68FA3245:[08f1fccb-3813-4a19-b386-9d1a73d37d0e:192.168.69.96:40562, 4664729b-c9fa-423e-9516-a47fa5640f67:192.168.69.96:39932, 75ec484c-7743-415c-a891-044da79f6b4d:192.168.69.96:41248] with ContainerStateMachine:uninitialized
2019-09-11 11:00:43,239 [pool-57-thread-1] INFO  server.RaftServerConfigKeys (ConfUtils.java:logGet(43)) - raft.server.storage.dir = [/workdir/hadoop-ozone/integration-test/target/test-dir/MiniOzoneClusterImpl-d1c09eb7-78b5-4432-98f5-8abfc41a1ec2/datanode-3/data/ratis] (custom)
2019-09-11 11:00:43,239 [pool-77-thread-1] INFO  server.RaftServerConfigKeys (ConfUtils.java:logGet(43)) - raft.server.rpc.timeout.min = 5s (custom)
2019-09-11 11:00:43,240 [pool-77-thread-1] INFO  server.RaftServerConfigKeys (ConfUtils.java:logGet(43)) - raft.server.rpc.timeout.max = 5200ms (custom)
2019-09-11 11:00:43,240 [pool-57-thread-1] INFO  storage.RaftStorageDirectory (RaftStorageDirectory.java:analyzeStorage(246)) - The storage directory /workdir/hadoop-ozone/integration-test/target/test-dir/MiniOzoneClusterImpl-d1c09eb7-78b5-4432-98f5-8abfc41a1ec2/datanode-3/data/ratis/5610ad32-de73-451f-9ca5-628e68fa3245 does not exist. Creating ...
2019-09-11 11:00:43,240 [pool-77-thread-1] INFO  server.RaftServerConfigKeys (ConfUtils.java:logGet(43)) - raft.server.rpcslowness.timeout = 120s (custom)
2019-09-11 11:00:43,240 [pool-67-thread-1] INFO  impl.RaftServerImpl (RaftServerImpl.java:<init>(95)) - 08f1fccb-3813-4a19-b386-9d1a73d37d0e: new RaftServerImpl for group-628E68FA3245:[08f1fccb-3813-4a19-b386-9d1a73d37d0e:192.168.69.96:40562, 4664729b-c9fa-423e-9516-a47fa5640f67:192.168.69.96:39932, 75ec484c-7743-415c-a891-044da79f6b4d:192.168.69.96:41248] with ContainerStateMachine:uninitialized
2019-09-11 11:00:43,240 [pool-77-thread-1] INFO  server.RaftServerConfigKeys (ConfUtils.java:logGet(43)) - raft.server.sleep.deviation.threshold = 300 (default)
2019-09-11 11:00:43,240 [pool-67-thread-1] INFO  server.RaftServerConfigKeys (ConfUtils.java:logGet(43)) - raft.server.rpc.timeout.min = 5s (custom)
2019-09-11 11:00:43,240 [pool-77-thread-1] INFO  server.RaftServerConfigKeys (ConfUtils.java:logGet(43)) - raft.server.log.appender.install.snapshot.enabled = false (custom)
2019-09-11 11:00:43,241 [pool-67-thread-1] INFO  server.RaftServerConfigKeys (ConfUtils.java:logGet(43)) - raft.server.rpc.timeout.max = 5200ms (custom)
2019-09-11 11:00:43,241 [pool-77-thread-1] INFO  impl.RaftServerImpl (ServerState.java:<init>(103)) - 75ec484c-7743-415c-a891-044da79f6b4d@group-628E68FA3245: ConfigurationManager, init=-1: [08f1fccb-3813-4a19-b386-9d1a73d37d0e:192.168.69.96:40562, 4664729b-c9fa-423e-9516-a47fa5640f67:192.168.69.96:39932, 75ec484c-7743-415c-a891-044da79f6b4d:192.168.69.96:41248], old=null, confs=<EMPTY_MAP>
2019-09-11 11:00:43,241 [pool-67-thread-1] INFO  server.RaftServerConfigKeys (ConfUtils.java:logGet(43)) - raft.server.rpcslowness.timeout = 120s (custom)
2019-09-11 11:00:43,241 [pool-77-thread-1] INFO  server.RaftServerConfigKeys (ConfUtils.java:logGet(43)) - raft.server.storage.dir = [/workdir/hadoop-ozone/integration-test/target/test-dir/MiniOzoneClusterImpl-d1c09eb7-78b5-4432-98f5-8abfc41a1ec2/datanode-5/data/ratis] (custom)
2019-09-11 11:00:43,241 [pool-67-thread-1] INFO  server.RaftServerConfigKeys (ConfUtils.java:logGet(43)) - raft.server.sleep.deviation.threshold = 300 (default)
2019-09-11 11:00:43,241 [pool-67-thread-1] INFO  server.RaftServerConfigKeys (ConfUtils.java:logGet(43)) - raft.server.log.appender.install.snapshot.enabled = false (custom)
2019-09-11 11:00:43,242 [pool-77-thread-1] INFO  storage.RaftStorageDirectory (RaftStorageDirectory.java:analyzeStorage(246)) - The storage directory /workdir/hadoop-ozone/integration-test/target/test-dir/MiniOzoneClusterImpl-d1c09eb7-78b5-4432-98f5-8abfc41a1ec2/datanode-5/data/ratis/5610ad32-de73-451f-9ca5-628e68fa3245 does not exist. Creating ...
2019-09-11 11:00:43,242 [pool-67-thread-1] INFO  impl.RaftServerImpl (ServerState.java:<init>(103)) - 08f1fccb-3813-4a19-b386-9d1a73d37d0e@group-628E68FA3245: ConfigurationManager, init=-1: [08f1fccb-3813-4a19-b386-9d1a73d37d0e:192.168.69.96:40562, 4664729b-c9fa-423e-9516-a47fa5640f67:192.168.69.96:39932, 75ec484c-7743-415c-a891-044da79f6b4d:192.168.69.96:41248], old=null, confs=<EMPTY_MAP>
2019-09-11 11:00:43,242 [pool-67-thread-1] INFO  server.RaftServerConfigKeys (ConfUtils.java:logGet(43)) - raft.server.storage.dir = [/workdir/hadoop-ozone/integration-test/target/test-dir/MiniOzoneClusterImpl-d1c09eb7-78b5-4432-98f5-8abfc41a1ec2/datanode-4/data/ratis] (custom)
2019-09-11 11:00:43,243 [pool-67-thread-1] INFO  storage.RaftStorageDirectory (RaftStorageDirectory.java:analyzeStorage(246)) - The storage directory /workdir/hadoop-ozone/integration-test/target/test-dir/MiniOzoneClusterImpl-d1c09eb7-78b5-4432-98f5-8abfc41a1ec2/datanode-4/data/ratis/5610ad32-de73-451f-9ca5-628e68fa3245 does not exist. Creating ...
2019-09-11 11:00:43,273 [pool-67-thread-1] INFO  storage.RaftStorageDirectory (RaftStorageDirectory.java:tryLock(328)) - Lock on /workdir/hadoop-ozone/integration-test/target/test-dir/MiniOzoneClusterImpl-d1c09eb7-78b5-4432-98f5-8abfc41a1ec2/datanode-4/data/ratis/5610ad32-de73-451f-9ca5-628e68fa3245/in_use.lock acquired by nodename 30633@pr-hdds-1982-decom-states-q64lx-3787986432
2019-09-11 11:00:43,273 [pool-77-thread-1] INFO  storage.RaftStorageDirectory (RaftStorageDirectory.java:tryLock(328)) - Lock on /workdir/hadoop-ozone/integration-test/target/test-dir/MiniOzoneClusterImpl-d1c09eb7-78b5-4432-98f5-8abfc41a1ec2/datanode-5/data/ratis/5610ad32-de73-451f-9ca5-628e68fa3245/in_use.lock acquired by nodename 30633@pr-hdds-1982-decom-states-q64lx-3787986432
2019-09-11 11:00:43,273 [pool-57-thread-1] INFO  storage.RaftStorageDirectory (RaftStorageDirectory.java:tryLock(328)) - Lock on /workdir/hadoop-ozone/integration-test/target/test-dir/MiniOzoneClusterImpl-d1c09eb7-78b5-4432-98f5-8abfc41a1ec2/datanode-3/data/ratis/5610ad32-de73-451f-9ca5-628e68fa3245/in_use.lock acquired by nodename 30633@pr-hdds-1982-decom-states-q64lx-3787986432
2019-09-11 11:00:43,298 [pool-77-thread-1] INFO  storage.RaftStorage (RaftStorage.java:format(72)) - Storage directory /workdir/hadoop-ozone/integration-test/target/test-dir/MiniOzoneClusterImpl-d1c09eb7-78b5-4432-98f5-8abfc41a1ec2/datanode-5/data/ratis/5610ad32-de73-451f-9ca5-628e68fa3245 has been successfully formatted.
2019-09-11 11:00:43,298 [pool-57-thread-1] INFO  storage.RaftStorage (RaftStorage.java:format(72)) - Storage directory /workdir/hadoop-ozone/integration-test/target/test-dir/MiniOzoneClusterImpl-d1c09eb7-78b5-4432-98f5-8abfc41a1ec2/datanode-3/data/ratis/5610ad32-de73-451f-9ca5-628e68fa3245 has been successfully formatted.
2019-09-11 11:00:43,298 [pool-67-thread-1] INFO  storage.RaftStorage (RaftStorage.java:format(72)) - Storage directory /workdir/hadoop-ozone/integration-test/target/test-dir/MiniOzoneClusterImpl-d1c09eb7-78b5-4432-98f5-8abfc41a1ec2/datanode-4/data/ratis/5610ad32-de73-451f-9ca5-628e68fa3245 has been successfully formatted.
2019-09-11 11:00:43,299 [pool-57-thread-1] INFO  ratis.ContainerStateMachine (ContainerStateMachine.java:loadSnapshot(230)) - group-628E68FA3245: The snapshot info is null. Setting the last applied indexto:(t:0, i:~)
2019-09-11 11:00:43,299 [pool-77-thread-1] INFO  ratis.ContainerStateMachine (ContainerStateMachine.java:loadSnapshot(230)) - group-628E68FA3245: The snapshot info is null. Setting the last applied indexto:(t:0, i:~)
2019-09-11 11:00:43,299 [pool-57-thread-1] INFO  server.RaftServerConfigKeys (ConfUtils.java:logGet(43)) - raft.server.notification.no-leader.timeout = 120s (custom)
2019-09-11 11:00:43,299 [pool-67-thread-1] INFO  ratis.ContainerStateMachine (ContainerStateMachine.java:loadSnapshot(230)) - group-628E68FA3245: The snapshot info is null. Setting the last applied indexto:(t:0, i:~)
2019-09-11 11:00:43,299 [pool-57-thread-1] INFO  server.RaftServerConfigKeys (ConfUtils.java:logGet(43)) - raft.server.log.use.memory = false (default)
2019-09-11 11:00:43,299 [pool-77-thread-1] INFO  server.RaftServerConfigKeys (ConfUtils.java:logGet(43)) - raft.server.notification.no-leader.timeout = 120s (custom)
2019-09-11 11:00:43,300 [pool-57-thread-1] INFO  server.RaftServerConfigKeys (ConfUtils.java:logGet(43)) - raft.server.log.purge.gap = 1000000 (custom)
2019-09-11 11:00:43,300 [pool-67-thread-1] INFO  server.RaftServerConfigKeys (ConfUtils.java:logGet(43)) - raft.server.notification.no-leader.timeout = 120s (custom)
2019-09-11 11:00:43,300 [pool-57-thread-1] INFO  server.RaftServerConfigKeys (ConfUtils.java:logGet(43)) - raft.server.log.appender.buffer.byte-limit = 33554432 (custom)
2019-09-11 11:00:43,300 [pool-77-thread-1] INFO  server.RaftServerConfigKeys (ConfUtils.java:logGet(43)) - raft.server.log.use.memory = false (default)
2019-09-11 11:00:43,301 [pool-57-thread-1] INFO  server.RaftServerConfigKeys (ConfUtils.java:logGet(43)) - raft.server.log.segment.size.max = 1048576 (custom)
2019-09-11 11:00:43,300 [pool-67-thread-1] INFO  server.RaftServerConfigKeys (ConfUtils.java:logGet(43)) - raft.server.log.use.memory = false (default)
2019-09-11 11:00:43,301 [pool-57-thread-1] INFO  server.RaftServerConfigKeys (ConfUtils.java:logGet(43)) - raft.server.log.segment.cache.num.max = 2 (custom)
2019-09-11 11:00:43,301 [pool-77-thread-1] INFO  server.RaftServerConfigKeys (ConfUtils.java:logGet(43)) - raft.server.log.purge.gap = 1000000 (custom)
2019-09-11 11:00:43,301 [pool-57-thread-1] INFO  segmented.SegmentedRaftLogWorker (SegmentedRaftLogWorker.java:<init>(172)) - new 4664729b-c9fa-423e-9516-a47fa5640f67@group-628E68FA3245-SegmentedRaftLogWorker for RaftStorage:Storage Directory /workdir/hadoop-ozone/integration-test/target/test-dir/MiniOzoneClusterImpl-d1c09eb7-78b5-4432-98f5-8abfc41a1ec2/datanode-3/data/ratis/5610ad32-de73-451f-9ca5-628e68fa3245
2019-09-11 11:00:43,301 [pool-67-thread-1] INFO  server.RaftServerConfigKeys (ConfUtils.java:logGet(43)) - raft.server.log.purge.gap = 1000000 (custom)
2019-09-11 11:00:43,301 [pool-57-thread-1] INFO  server.RaftServerConfigKeys (ConfUtils.java:logGet(43)) - raft.server.log.queue.byte-limit = 2147483647 (custom)
2019-09-11 11:00:43,301 [pool-77-thread-1] INFO  server.RaftServerConfigKeys (ConfUtils.java:logGet(43)) - raft.server.log.appender.buffer.byte-limit = 33554432 (custom)
2019-09-11 11:00:43,302 [pool-57-thread-1] INFO  server.RaftServerConfigKeys (ConfUtils.java:logGet(43)) - raft.server.log.queue.element-limit = 1024 (custom)
2019-09-11 11:00:43,302 [pool-67-thread-1] INFO  server.RaftServerConfigKeys (ConfUtils.java:logGet(43)) - raft.server.log.appender.buffer.byte-limit = 33554432 (custom)
2019-09-11 11:00:43,302 [pool-57-thread-1] INFO  server.RaftServerConfigKeys (ConfUtils.java:logGet(43)) - raft.server.log.segment.size.max = 1048576 (custom)
2019-09-11 11:00:43,302 [pool-77-thread-1] INFO  server.RaftServerConfigKeys (ConfUtils.java:logGet(43)) - raft.server.log.segment.size.max = 1048576 (custom)
2019-09-11 11:00:43,302 [pool-57-thread-1] INFO  server.RaftServerConfigKeys (ConfUtils.java:logGet(43)) - raft.server.log.preallocated.size = 16384 (custom)
2019-09-11 11:00:43,302 [pool-67-thread-1] INFO  server.RaftServerConfigKeys (ConfUtils.java:logGet(43)) - raft.server.log.segment.size.max = 1048576 (custom)
2019-09-11 11:00:43,303 [pool-57-thread-1] INFO  server.RaftServerConfigKeys (ConfUtils.java:logGet(43)) - raft.server.log.write.buffer.size = 33554432 (custom)
2019-09-11 11:00:43,303 [pool-77-thread-1] INFO  server.RaftServerConfigKeys (ConfUtils.java:logGet(43)) - raft.server.log.segment.cache.num.max = 2 (custom)
2019-09-11 11:00:43,303 [pool-57-thread-1] INFO  server.RaftServerConfigKeys (ConfUtils.java:logGet(43)) - raft.server.log.force.sync.num = 128 (default)
2019-09-11 11:00:43,303 [pool-67-thread-1] INFO  server.RaftServerConfigKeys (ConfUtils.java:logGet(43)) - raft.server.log.segment.cache.num.max = 2 (custom)
2019-09-11 11:00:43,303 [pool-57-thread-1] INFO  server.RaftServerConfigKeys (ConfUtils.java:logGet(43)) - raft.server.log.statemachine.data.sync = true (default)
2019-09-11 11:00:43,303 [pool-77-thread-1] INFO  segmented.SegmentedRaftLogWorker (SegmentedRaftLogWorker.java:<init>(172)) - new 75ec484c-7743-415c-a891-044da79f6b4d@group-628E68FA3245-SegmentedRaftLogWorker for RaftStorage:Storage Directory /workdir/hadoop-ozone/integration-test/target/test-dir/MiniOzoneClusterImpl-d1c09eb7-78b5-4432-98f5-8abfc41a1ec2/datanode-5/data/ratis/5610ad32-de73-451f-9ca5-628e68fa3245
2019-09-11 11:00:43,304 [pool-57-thread-1] INFO  server.RaftServerConfigKeys (ConfUtils.java:logGet(43)) - raft.server.log.statemachine.data.sync.timeout = 10s (default)
2019-09-11 11:00:43,304 [pool-67-thread-1] INFO  segmented.SegmentedRaftLogWorker (SegmentedRaftLogWorker.java:<init>(172)) - new 08f1fccb-3813-4a19-b386-9d1a73d37d0e@group-628E68FA3245-SegmentedRaftLogWorker for RaftStorage:Storage Directory /workdir/hadoop-ozone/integration-test/target/test-dir/MiniOzoneClusterImpl-d1c09eb7-78b5-4432-98f5-8abfc41a1ec2/datanode-4/data/ratis/5610ad32-de73-451f-9ca5-628e68fa3245
2019-09-11 11:00:43,304 [pool-57-thread-1] INFO  server.RaftServerConfigKeys (ConfUtils.java:logGet(43)) - raft.server.log.statemachine.data.sync.timeout.retry = -1 (default)
2019-09-11 11:00:43,304 [pool-77-thread-1] INFO  server.RaftServerConfigKeys (ConfUtils.java:logGet(43)) - raft.server.log.queue.byte-limit = 2147483647 (custom)
2019-09-11 11:00:43,304 [pool-57-thread-1] INFO  server.RaftServerConfigKeys (ConfUtils.java:logGet(43)) - raft.server.log.statemachine.data.caching.enabled = true (custom)
2019-09-11 11:00:43,304 [pool-67-thread-1] INFO  server.RaftServerConfigKeys (ConfUtils.java:logGet(43)) - raft.server.log.queue.byte-limit = 2147483647 (custom)
2019-09-11 11:00:43,305 [pool-77-thread-1] INFO  server.RaftServerConfigKeys (ConfUtils.java:logGet(43)) - raft.server.log.queue.element-limit = 1024 (custom)
2019-09-11 11:00:43,305 [pool-57-thread-1] INFO  segmented.SegmentedRaftLogWorker (SegmentedRaftLogWorker.java:lambda$new$0(132)) - 4664729b-c9fa-423e-9516-a47fa5640f67@group-628E68FA3245-SegmentedRaftLogWorker: flushIndex: setUnconditionally 0 -> -1
2019-09-11 11:00:43,305 [pool-67-thread-1] INFO  server.RaftServerConfigKeys (ConfUtils.java:logGet(43)) - raft.server.log.queue.element-limit = 1024 (custom)
2019-09-11 11:00:43,305 [pool-77-thread-1] INFO  server.RaftServerConfigKeys (ConfUtils.java:logGet(43)) - raft.server.log.segment.size.max = 1048576 (custom)
2019-09-11 11:00:43,305 [pool-67-thread-1] INFO  server.RaftServerConfigKeys (ConfUtils.java:logGet(43)) - raft.server.log.segment.size.max = 1048576 (custom)
2019-09-11 11:00:43,305 [pool-77-thread-1] INFO  server.RaftServerConfigKeys (ConfUtils.java:logGet(43)) - raft.server.log.preallocated.size = 16384 (custom)
2019-09-11 11:00:43,305 [pool-57-thread-1] INFO  server.RaftServerConfigKeys (ConfUtils.java:logGet(43)) - raft.server.snapshot.auto.trigger.enabled = true (custom)
2019-09-11 11:00:43,306 [pool-77-thread-1] INFO  server.RaftServerConfigKeys (ConfUtils.java:logGet(43)) - raft.server.log.write.buffer.size = 33554432 (custom)
2019-09-11 11:00:43,306 [pool-67-thread-1] INFO  server.RaftServerConfigKeys (ConfUtils.java:logGet(43)) - raft.server.log.preallocated.size = 16384 (custom)
2019-09-11 11:00:43,306 [pool-77-thread-1] INFO  server.RaftServerConfigKeys (ConfUtils.java:logGet(43)) - raft.server.log.force.sync.num = 128 (default)
2019-09-11 11:00:43,306 [pool-57-thread-1] INFO  server.RaftServerConfigKeys (ConfUtils.java:logGet(43)) - raft.server.snapshot.auto.trigger.threshold = 10000 (custom)
2019-09-11 11:00:43,306 [pool-77-thread-1] INFO  server.RaftServerConfigKeys (ConfUtils.java:logGet(43)) - raft.server.log.statemachine.data.sync = true (default)
2019-09-11 11:00:43,307 [pool-77-thread-1] INFO  server.RaftServerConfigKeys (ConfUtils.java:logGet(43)) - raft.server.log.statemachine.data.sync.timeout = 10s (default)
2019-09-11 11:00:43,306 [pool-67-thread-1] INFO  server.RaftServerConfigKeys (ConfUtils.java:logGet(43)) - raft.server.log.write.buffer.size = 33554432 (custom)
2019-09-11 11:00:43,307 [pool-77-thread-1] INFO  server.RaftServerConfigKeys (ConfUtils.java:logGet(43)) - raft.server.log.statemachine.data.sync.timeout.retry = -1 (default)
2019-09-11 11:00:43,307 [pool-57-thread-1] INFO  server.RaftServerConfigKeys (ConfUtils.java:logGet(43)) - raft.server.snapshot.retention.num.files = -1 (default)
2019-09-11 11:00:43,307 [pool-77-thread-1] INFO  server.RaftServerConfigKeys (ConfUtils.java:logGet(43)) - raft.server.log.statemachine.data.caching.enabled = true (custom)
2019-09-11 11:00:43,307 [pool-57-thread-1] INFO  server.RaftServerConfigKeys (ConfUtils.java:logGet(43)) - raft.server.retrycache.expirytime = 600000ms (custom)
2019-09-11 11:00:43,307 [pool-67-thread-1] INFO  server.RaftServerConfigKeys (ConfUtils.java:logGet(43)) - raft.server.log.force.sync.num = 128 (default)
2019-09-11 11:00:43,307 [pool-77-thread-1] INFO  segmented.SegmentedRaftLogWorker (SegmentedRaftLogWorker.java:lambda$new$0(132)) - 75ec484c-7743-415c-a891-044da79f6b4d@group-628E68FA3245-SegmentedRaftLogWorker: flushIndex: setUnconditionally 0 -> -1
2019-09-11 11:00:43,308 [pool-67-thread-1] INFO  server.RaftServerConfigKeys (ConfUtils.java:logGet(43)) - raft.server.log.statemachine.data.sync = true (default)
2019-09-11 11:00:43,308 [pool-77-thread-1] INFO  server.RaftServerConfigKeys (ConfUtils.java:logGet(43)) - raft.server.snapshot.auto.trigger.enabled = true (custom)
2019-09-11 11:00:43,308 [pool-67-thread-1] INFO  server.RaftServerConfigKeys (ConfUtils.java:logGet(43)) - raft.server.log.statemachine.data.sync.timeout = 10s (default)
2019-09-11 11:00:43,308 [pool-77-thread-1] INFO  server.RaftServerConfigKeys (ConfUtils.java:logGet(43)) - raft.server.snapshot.auto.trigger.threshold = 10000 (custom)
2019-09-11 11:00:43,308 [pool-67-thread-1] INFO  server.RaftServerConfigKeys (ConfUtils.java:logGet(43)) - raft.server.log.statemachine.data.sync.timeout.retry = -1 (default)
2019-09-11 11:00:43,308 [pool-77-thread-1] INFO  server.RaftServerConfigKeys (ConfUtils.java:logGet(43)) - raft.server.snapshot.retention.num.files = -1 (default)
2019-09-11 11:00:43,308 [pool-67-thread-1] INFO  server.RaftServerConfigKeys (ConfUtils.java:logGet(43)) - raft.server.log.statemachine.data.caching.enabled = true (custom)
2019-09-11 11:00:43,309 [pool-77-thread-1] INFO  server.RaftServerConfigKeys (ConfUtils.java:logGet(43)) - raft.server.retrycache.expirytime = 600000ms (custom)
2019-09-11 11:00:43,309 [pool-67-thread-1] INFO  segmented.SegmentedRaftLogWorker (SegmentedRaftLogWorker.java:lambda$new$0(132)) - 08f1fccb-3813-4a19-b386-9d1a73d37d0e@group-628E68FA3245-SegmentedRaftLogWorker: flushIndex: setUnconditionally 0 -> -1
2019-09-11 11:00:43,309 [pool-67-thread-1] INFO  server.RaftServerConfigKeys (ConfUtils.java:logGet(43)) - raft.server.snapshot.auto.trigger.enabled = true (custom)
2019-09-11 11:00:43,309 [pool-67-thread-1] INFO  server.RaftServerConfigKeys (ConfUtils.java:logGet(43)) - raft.server.snapshot.auto.trigger.threshold = 10000 (custom)
2019-09-11 11:00:43,309 [pool-67-thread-1] INFO  server.RaftServerConfigKeys (ConfUtils.java:logGet(43)) - raft.server.snapshot.retention.num.files = -1 (default)
2019-09-11 11:00:43,310 [pool-67-thread-1] INFO  server.RaftServerConfigKeys (ConfUtils.java:logGet(43)) - raft.server.retrycache.expirytime = 600000ms (custom)
2019-09-11 11:00:43,314 [pool-57-thread-1] INFO  impl.RaftServerImpl (RaftServerImpl.java:start(185)) - 4664729b-c9fa-423e-9516-a47fa5640f67@group-628E68FA3245: start as a follower, conf=-1: [08f1fccb-3813-4a19-b386-9d1a73d37d0e:192.168.69.96:40562, 4664729b-c9fa-423e-9516-a47fa5640f67:192.168.69.96:39932, 75ec484c-7743-415c-a891-044da79f6b4d:192.168.69.96:41248], old=null
2019-09-11 11:00:43,314 [pool-57-thread-1] INFO  impl.RaftServerImpl (RaftServerImpl.java:setRole(174)) - 4664729b-c9fa-423e-9516-a47fa5640f67@group-628E68FA3245: changes role from      null to FOLLOWER at term 0 for startAsFollower
2019-09-11 11:00:43,314 [pool-57-thread-1] INFO  impl.RoleInfo (RoleInfo.java:updateAndGet(143)) - 4664729b-c9fa-423e-9516-a47fa5640f67: start FollowerState
2019-09-11 11:00:43,314 [pool-77-thread-1] INFO  impl.RaftServerImpl (RaftServerImpl.java:start(185)) - 75ec484c-7743-415c-a891-044da79f6b4d@group-628E68FA3245: start as a follower, conf=-1: [08f1fccb-3813-4a19-b386-9d1a73d37d0e:192.168.69.96:40562, 4664729b-c9fa-423e-9516-a47fa5640f67:192.168.69.96:39932, 75ec484c-7743-415c-a891-044da79f6b4d:192.168.69.96:41248], old=null
2019-09-11 11:00:43,314 [pool-77-thread-1] INFO  impl.RaftServerImpl (RaftServerImpl.java:setRole(174)) - 75ec484c-7743-415c-a891-044da79f6b4d@group-628E68FA3245: changes role from      null to FOLLOWER at term 0 for startAsFollower
2019-09-11 11:00:43,315 [pool-77-thread-1] INFO  impl.RoleInfo (RoleInfo.java:updateAndGet(143)) - 75ec484c-7743-415c-a891-044da79f6b4d: start FollowerState
2019-09-11 11:00:43,330 [pool-57-thread-1] INFO  util.JmxRegister (JmxRegister.java:tryRegister(44)) - Successfully registered JMX Bean with object name Ratis:service=RaftServer,group=group-628E68FA3245,id=4664729b-c9fa-423e-9516-a47fa5640f67
2019-09-11 11:00:43,315 [pool-67-thread-1] INFO  impl.RaftServerImpl (RaftServerImpl.java:start(185)) - 08f1fccb-3813-4a19-b386-9d1a73d37d0e@group-628E68FA3245: start as a follower, conf=-1: [08f1fccb-3813-4a19-b386-9d1a73d37d0e:192.168.69.96:40562, 4664729b-c9fa-423e-9516-a47fa5640f67:192.168.69.96:39932, 75ec484c-7743-415c-a891-044da79f6b4d:192.168.69.96:41248], old=null
2019-09-11 11:00:43,331 [pool-77-thread-1] INFO  util.JmxRegister (JmxRegister.java:tryRegister(44)) - Successfully registered JMX Bean with object name Ratis:service=RaftServer,group=group-628E68FA3245,id=75ec484c-7743-415c-a891-044da79f6b4d
2019-09-11 11:00:43,331 [pool-67-thread-1] INFO  impl.RaftServerImpl (RaftServerImpl.java:setRole(174)) - 08f1fccb-3813-4a19-b386-9d1a73d37d0e@group-628E68FA3245: changes role from      null to FOLLOWER at term 0 for startAsFollower
2019-09-11 11:00:43,338 [pool-67-thread-1] INFO  impl.RoleInfo (RoleInfo.java:updateAndGet(143)) - 08f1fccb-3813-4a19-b386-9d1a73d37d0e: start FollowerState
2019-09-11 11:00:43,338 [pool-67-thread-1] INFO  util.JmxRegister (JmxRegister.java:tryRegister(44)) - Successfully registered JMX Bean with object name Ratis:service=RaftServer,group=group-628E68FA3245,id=08f1fccb-3813-4a19-b386-9d1a73d37d0e
2019-09-11 11:00:43,340 [RatisPipelineUtilsThread] INFO  pipeline.PipelineStateManager (PipelineStateManager.java:addPipeline(56)) - Created pipeline Pipeline[ Id: 5610ad32-de73-451f-9ca5-628e68fa3245, Nodes: 4664729b-c9fa-423e-9516-a47fa5640f67{ip: 192.168.69.96, host: pr-hdds-1982-decom-states-q64lx-3787986432, networkLocation: /default-rack, certSerialId: null}08f1fccb-3813-4a19-b386-9d1a73d37d0e{ip: 192.168.69.96, host: pr-hdds-1982-decom-states-q64lx-3787986432, networkLocation: /default-rack, certSerialId: null}75ec484c-7743-415c-a891-044da79f6b4d{ip: 192.168.69.96, host: pr-hdds-1982-decom-states-q64lx-3787986432, networkLocation: /default-rack, certSerialId: null}, Type:RATIS, Factor:THREE, State:OPEN]
2019-09-11 11:00:43,838 [main] WARN  io.KeyOutputStream (KeyOutputStream.java:handleException(276)) - Encountered exception java.io.IOException: Unexpected Storage Container Exception: java.util.concurrent.CompletionException: java.util.concurrent.CompletionException: org.apache.ratis.protocol.GroupMismatchException: 4664729b-c9fa-423e-9516-a47fa5640f67: group-8D9933079AAA not found. on the pipeline Pipeline[ Id: 033f66d0-a2ca-418a-99be-8d9933079aaa, Nodes: 4664729b-c9fa-423e-9516-a47fa5640f67{ip: 192.168.69.96, host: pr-hdds-1982-decom-states-q64lx-3787986432, networkLocation: /default-rack, certSerialId: null}08f1fccb-3813-4a19-b386-9d1a73d37d0e{ip: 192.168.69.96, host: pr-hdds-1982-decom-states-q64lx-3787986432, networkLocation: /default-rack, certSerialId: null}75ec484c-7743-415c-a891-044da79f6b4d{ip: 192.168.69.96, host: pr-hdds-1982-decom-states-q64lx-3787986432, networkLocation: /default-rack, certSerialId: null}, Type:RATIS, Factor:THREE, State:OPEN]. The last committed block length is 0, uncommitted data length is 2097152 retry count 0
2019-09-11 11:00:44,058 [grpc-default-executor-6] INFO  client.GrpcClientProtocolClient (GrpcClientProtocolClient.java:onNext(264)) - client-1BDADB51422B->2567324e-9700-4950-ac37-98ef668bcfff: receive RaftClientReply:client-1BDADB51422B->2567324e-9700-4950-ac37-98ef668bcfff@group-D76DF239534C, cid=285, SUCCESS, logIndex=17, commits[2567324e-9700-4950-ac37-98ef668bcfff:c18, 877608bb-19c4-4d8c-8958-a78beaef70b4:c16, 2759b58a-2fbd-4e45-94a8-47799d948184:c16]
2019-09-11 11:00:44,157 [grpc-default-executor-0] INFO  client.GrpcClientProtocolClient (GrpcClientProtocolClient.java:onNext(264)) - client-1BDADB51422B->2567324e-9700-4950-ac37-98ef668bcfff: receive RaftClientReply:client-1BDADB51422B->2567324e-9700-4950-ac37-98ef668bcfff@group-D76DF239534C, cid=286, SUCCESS, logIndex=19, commits[2567324e-9700-4950-ac37-98ef668bcfff:c24, 877608bb-19c4-4d8c-8958-a78beaef70b4:c21, 2759b58a-2fbd-4e45-94a8-47799d948184:c21]
2019-09-11 11:00:44,158 [grpc-default-executor-0] INFO  client.GrpcClientProtocolClient (GrpcClientProtocolClient.java:onNext(264)) - client-1BDADB51422B->2567324e-9700-4950-ac37-98ef668bcfff: receive RaftClientReply:client-1BDADB51422B->2567324e-9700-4950-ac37-98ef668bcfff@group-D76DF239534C, cid=287, SUCCESS, logIndex=20, commits[2567324e-9700-4950-ac37-98ef668bcfff:c24, 877608bb-19c4-4d8c-8958-a78beaef70b4:c21, 2759b58a-2fbd-4e45-94a8-47799d948184:c21]
2019-09-11 11:00:44,290 [grpc-default-executor-0] INFO  client.GrpcClientProtocolClient (GrpcClientProtocolClient.java:onNext(264)) - client-1BDADB51422B->2567324e-9700-4950-ac37-98ef668bcfff: receive RaftClientReply:client-1BDADB51422B->2567324e-9700-4950-ac37-98ef668bcfff@group-D76DF239534C, cid=288, SUCCESS, logIndex=21, commits[2567324e-9700-4950-ac37-98ef668bcfff:c24, 877608bb-19c4-4d8c-8958-a78beaef70b4:c21, 2759b58a-2fbd-4e45-94a8-47799d948184:c21]
2019-09-11 11:00:44,331 [grpc-default-executor-0] INFO  client.GrpcClientProtocolClient (GrpcClientProtocolClient.java:onNext(264)) - client-1BDADB51422B->2567324e-9700-4950-ac37-98ef668bcfff: receive RaftClientReply:client-1BDADB51422B->2567324e-9700-4950-ac37-98ef668bcfff@group-D76DF239534C, cid=289, SUCCESS, logIndex=25, commits[2567324e-9700-4950-ac37-98ef668bcfff:c26, 877608bb-19c4-4d8c-8958-a78beaef70b4:c24, 2759b58a-2fbd-4e45-94a8-47799d948184:c24]
2019-09-11 11:00:44,331 [grpc-default-executor-0] INFO  client.GrpcClientProtocolClient (GrpcClientProtocolClient.java:onNext(264)) - client-1BDADB51422B->2567324e-9700-4950-ac37-98ef668bcfff: receive RaftClientReply:client-1BDADB51422B->2567324e-9700-4950-ac37-98ef668bcfff@group-D76DF239534C, cid=290, SUCCESS, logIndex=26, commits[2567324e-9700-4950-ac37-98ef668bcfff:c26, 877608bb-19c4-4d8c-8958-a78beaef70b4:c24, 2759b58a-2fbd-4e45-94a8-47799d948184:c24]
2019-09-11 11:00:44,341 [grpc-default-executor-7] INFO  client.GrpcClientProtocolClient (GrpcClientProtocolClient.java:onNext(264)) - client-1BDADB51422B->2567324e-9700-4950-ac37-98ef668bcfff: receive RaftClientReply:client-1BDADB51422B->2567324e-9700-4950-ac37-98ef668bcfff@group-D76DF239534C, cid=291, SUCCESS, logIndex=27, commits[2567324e-9700-4950-ac37-98ef668bcfff:c28, 877608bb-19c4-4d8c-8958-a78beaef70b4:c24, 2759b58a-2fbd-4e45-94a8-47799d948184:c24]
2019-09-11 11:00:44,343 [grpc-default-executor-7] INFO  client.GrpcClientProtocolClient (GrpcClientProtocolClient.java:onNext(264)) - client-1BDADB51422B->2567324e-9700-4950-ac37-98ef668bcfff: receive RaftClientReply:client-1BDADB51422B->2567324e-9700-4950-ac37-98ef668bcfff@group-D76DF239534C, cid=292, SUCCESS, logIndex=28, commits[2567324e-9700-4950-ac37-98ef668bcfff:c29, 877608bb-19c4-4d8c-8958-a78beaef70b4:c24, 2759b58a-2fbd-4e45-94a8-47799d948184:c26]
2019-09-11 11:00:44,348 [grpc-default-executor-7] INFO  client.GrpcClientProtocolClient (GrpcClientProtocolClient.java:onNext(264)) - client-1BDADB51422B->2567324e-9700-4950-ac37-98ef668bcfff: receive RaftClientReply:client-1BDADB51422B->2567324e-9700-4950-ac37-98ef668bcfff@group-D76DF239534C, cid=293, SUCCESS, logIndex=0, commits[2567324e-9700-4950-ac37-98ef668bcfff:c32, 877608bb-19c4-4d8c-8958-a78beaef70b4:c28, 2759b58a-2fbd-4e45-94a8-47799d948184:c28]
2019-09-11 11:00:44,350 [grpc-default-executor-7] INFO  client.GrpcClientProtocolClient (GrpcClientProtocolClient.java:onNext(264)) - client-1BDADB51422B->2567324e-9700-4950-ac37-98ef668bcfff: receive RaftClientReply:client-1BDADB51422B->2567324e-9700-4950-ac37-98ef668bcfff@group-D76DF239534C, cid=294, SUCCESS, logIndex=0, commits[2567324e-9700-4950-ac37-98ef668bcfff:c32, 877608bb-19c4-4d8c-8958-a78beaef70b4:c28, 2759b58a-2fbd-4e45-94a8-47799d948184:c28]
2019-09-11 11:00:44,402 [grpc-default-executor-0] INFO  client.GrpcClientProtocolClient (GrpcClientProtocolClient.java:onNext(264)) - client-1F59CBC9FC6B->4664729b-c9fa-423e-9516-a47fa5640f67: receive RaftClientReply:client-1F59CBC9FC6B->4664729b-c9fa-423e-9516-a47fa5640f67@group-628E68FA3245, cid=295, FAILED org.apache.ratis.protocol.NotLeaderException: Server 4664729b-c9fa-423e-9516-a47fa5640f67@group-628E68FA3245 is not the leader, logIndex=0, commits[4664729b-c9fa-423e-9516-a47fa5640f67:c-1]
2019-09-11 11:00:45,428 [grpc-default-executor-9] INFO  client.GrpcClientProtocolClient (GrpcClientProtocolClient.java:onNext(264)) - client-1F59CBC9FC6B->75ec484c-7743-415c-a891-044da79f6b4d: receive RaftClientReply:client-1F59CBC9FC6B->75ec484c-7743-415c-a891-044da79f6b4d@group-628E68FA3245, cid=295, FAILED org.apache.ratis.protocol.NotLeaderException: Server 75ec484c-7743-415c-a891-044da79f6b4d@group-628E68FA3245 is not the leader, logIndex=0, commits[75ec484c-7743-415c-a891-044da79f6b4d:c-1]
2019-09-11 11:00:45,631 [grpc-default-executor-7] INFO  impl.RaftServerProxy (RaftServerProxy.java:remove(95)) - 4664729b-c9fa-423e-9516-a47fa5640f67: remove group-8D9933079AAA:null
2019-09-11 11:00:45,633 [RatisPipelineUtilsThread] WARN  pipeline.RatisPipelineUtils (RatisPipelineUtils.java:destroyPipeline(66)) - Pipeline destroy failed for pipeline=PipelineID=033f66d0-a2ca-418a-99be-8d9933079aaa dn=4664729b-c9fa-423e-9516-a47fa5640f67{ip: 192.168.69.96, host: pr-hdds-1982-decom-states-q64lx-3787986432, networkLocation: /default-rack, certSerialId: null}
2019-09-11 11:00:45,636 [grpc-default-executor-7] INFO  impl.RaftServerProxy (RaftServerProxy.java:remove(95)) - 08f1fccb-3813-4a19-b386-9d1a73d37d0e: remove group-8D9933079AAA:null
2019-09-11 11:00:45,637 [RatisPipelineUtilsThread] WARN  pipeline.RatisPipelineUtils (RatisPipelineUtils.java:destroyPipeline(66)) - Pipeline destroy failed for pipeline=PipelineID=033f66d0-a2ca-418a-99be-8d9933079aaa dn=08f1fccb-3813-4a19-b386-9d1a73d37d0e{ip: 192.168.69.96, host: pr-hdds-1982-decom-states-q64lx-3787986432, networkLocation: /default-rack, certSerialId: null}
2019-09-11 11:00:45,639 [grpc-default-executor-7] INFO  impl.RaftServerProxy (RaftServerProxy.java:remove(95)) - 75ec484c-7743-415c-a891-044da79f6b4d: remove group-8D9933079AAA:null
2019-09-11 11:00:45,641 [RatisPipelineUtilsThread] WARN  pipeline.RatisPipelineUtils (RatisPipelineUtils.java:destroyPipeline(66)) - Pipeline destroy failed for pipeline=PipelineID=033f66d0-a2ca-418a-99be-8d9933079aaa dn=75ec484c-7743-415c-a891-044da79f6b4d{ip: 192.168.69.96, host: pr-hdds-1982-decom-states-q64lx-3787986432, networkLocation: /default-rack, certSerialId: null}
2019-09-11 11:00:45,641 [RatisPipelineUtilsThread] ERROR pipeline.SCMPipelineManager (Scheduler.java:lambda$schedule$1(70)) - Destroy pipeline failed for pipeline:Pipeline[ Id: 033f66d0-a2ca-418a-99be-8d9933079aaa, Nodes: 4664729b-c9fa-423e-9516-a47fa5640f67{ip: 192.168.69.96, host: pr-hdds-1982-decom-states-q64lx-3787986432, networkLocation: /default-rack, certSerialId: null}08f1fccb-3813-4a19-b386-9d1a73d37d0e{ip: 192.168.69.96, host: pr-hdds-1982-decom-states-q64lx-3787986432, networkLocation: /default-rack, certSerialId: null}75ec484c-7743-415c-a891-044da79f6b4d{ip: 192.168.69.96, host: pr-hdds-1982-decom-states-q64lx-3787986432, networkLocation: /default-rack, certSerialId: null}, Type:RATIS, Factor:THREE, State:CLOSED]
org.apache.hadoop.hdds.scm.pipeline.PipelineNotFoundException: PipelineID=033f66d0-a2ca-418a-99be-8d9933079aaa not found
	at org.apache.hadoop.hdds.scm.pipeline.PipelineStateMap.getPipeline(PipelineStateMap.java:132)
	at org.apache.hadoop.hdds.scm.pipeline.PipelineStateMap.removePipeline(PipelineStateMap.java:322)
	at org.apache.hadoop.hdds.scm.pipeline.PipelineStateManager.removePipeline(PipelineStateManager.java:107)
	at org.apache.hadoop.hdds.scm.pipeline.SCMPipelineManager.removePipeline(SCMPipelineManager.java:423)
	at org.apache.hadoop.hdds.scm.pipeline.SCMPipelineManager.destroyPipeline(SCMPipelineManager.java:409)
	at org.apache.hadoop.hdds.scm.pipeline.SCMPipelineManager.lambda$finalizeAndDestroyPipeline$0(SCMPipelineManager.java:318)
	at org.apache.hadoop.utils.Scheduler.lambda$schedule$1(Scheduler.java:68)
	at java.util.concurrent.Executors$RunnableAdapter.call(Executors.java:511)
	at java.util.concurrent.FutureTask.run(FutureTask.java:266)
	at java.util.concurrent.ScheduledThreadPoolExecutor$ScheduledFutureTask.access$201(ScheduledThreadPoolExecutor.java:180)
	at java.util.concurrent.ScheduledThreadPoolExecutor$ScheduledFutureTask.run(ScheduledThreadPoolExecutor.java:293)
	at java.util.concurrent.ThreadPoolExecutor.runWorker(ThreadPoolExecutor.java:1149)
	at java.util.concurrent.ThreadPoolExecutor$Worker.run(ThreadPoolExecutor.java:624)
	at java.lang.Thread.run(Thread.java:748)
2019-09-11 11:00:46,449 [grpc-default-executor-9] INFO  client.GrpcClientProtocolClient (GrpcClientProtocolClient.java:onNext(264)) - client-1F59CBC9FC6B->08f1fccb-3813-4a19-b386-9d1a73d37d0e: receive RaftClientReply:client-1F59CBC9FC6B->08f1fccb-3813-4a19-b386-9d1a73d37d0e@group-628E68FA3245, cid=295, FAILED org.apache.ratis.protocol.NotLeaderException: Server 08f1fccb-3813-4a19-b386-9d1a73d37d0e@group-628E68FA3245 is not the leader, logIndex=0, commits[08f1fccb-3813-4a19-b386-9d1a73d37d0e:c-1]
2019-09-11 11:00:47,470 [grpc-default-executor-9] INFO  client.GrpcClientProtocolClient (GrpcClientProtocolClient.java:onNext(264)) - client-1F59CBC9FC6B->75ec484c-7743-415c-a891-044da79f6b4d: receive RaftClientReply:client-1F59CBC9FC6B->75ec484c-7743-415c-a891-044da79f6b4d@group-628E68FA3245, cid=295, FAILED org.apache.ratis.protocol.NotLeaderException: Server 75ec484c-7743-415c-a891-044da79f6b4d@group-628E68FA3245 is not the leader, logIndex=0, commits[75ec484c-7743-415c-a891-044da79f6b4d:c-1]
2019-09-11 11:00:47,631 [grpc-default-executor-0] INFO  impl.RaftServerProxy (RaftServerProxy.java:remove(95)) - 4664729b-c9fa-423e-9516-a47fa5640f67: remove group-8D9933079AAA:null
2019-09-11 11:00:47,633 [RatisPipelineUtilsThread] WARN  pipeline.RatisPipelineUtils (RatisPipelineUtils.java:destroyPipeline(66)) - Pipeline destroy failed for pipeline=PipelineID=033f66d0-a2ca-418a-99be-8d9933079aaa dn=4664729b-c9fa-423e-9516-a47fa5640f67{ip: 192.168.69.96, host: pr-hdds-1982-decom-states-q64lx-3787986432, networkLocation: /default-rack, certSerialId: null}
2019-09-11 11:00:47,636 [grpc-default-executor-0] INFO  impl.RaftServerProxy (RaftServerProxy.java:remove(95)) - 08f1fccb-3813-4a19-b386-9d1a73d37d0e: remove group-8D9933079AAA:null
2019-09-11 11:00:47,638 [RatisPipelineUtilsThread] WARN  pipeline.RatisPipelineUtils (RatisPipelineUtils.java:destroyPipeline(66)) - Pipeline destroy failed for pipeline=PipelineID=033f66d0-a2ca-418a-99be-8d9933079aaa dn=08f1fccb-3813-4a19-b386-9d1a73d37d0e{ip: 192.168.69.96, host: pr-hdds-1982-decom-states-q64lx-3787986432, networkLocation: /default-rack, certSerialId: null}
2019-09-11 11:00:47,640 [grpc-default-executor-0] INFO  impl.RaftServerProxy (RaftServerProxy.java:remove(95)) - 75ec484c-7743-415c-a891-044da79f6b4d: remove group-8D9933079AAA:null
2019-09-11 11:00:47,642 [RatisPipelineUtilsThread] WARN  pipeline.RatisPipelineUtils (RatisPipelineUtils.java:destroyPipeline(66)) - Pipeline destroy failed for pipeline=PipelineID=033f66d0-a2ca-418a-99be-8d9933079aaa dn=75ec484c-7743-415c-a891-044da79f6b4d{ip: 192.168.69.96, host: pr-hdds-1982-decom-states-q64lx-3787986432, networkLocation: /default-rack, certSerialId: null}
2019-09-11 11:00:47,642 [RatisPipelineUtilsThread] ERROR pipeline.SCMPipelineManager (Scheduler.java:lambda$schedule$1(70)) - Destroy pipeline failed for pipeline:Pipeline[ Id: 033f66d0-a2ca-418a-99be-8d9933079aaa, Nodes: 4664729b-c9fa-423e-9516-a47fa5640f67{ip: 192.168.69.96, host: pr-hdds-1982-decom-states-q64lx-3787986432, networkLocation: /default-rack, certSerialId: null}08f1fccb-3813-4a19-b386-9d1a73d37d0e{ip: 192.168.69.96, host: pr-hdds-1982-decom-states-q64lx-3787986432, networkLocation: /default-rack, certSerialId: null}75ec484c-7743-415c-a891-044da79f6b4d{ip: 192.168.69.96, host: pr-hdds-1982-decom-states-q64lx-3787986432, networkLocation: /default-rack, certSerialId: null}, Type:RATIS, Factor:THREE, State:CLOSED]
org.apache.hadoop.hdds.scm.pipeline.PipelineNotFoundException: PipelineID=033f66d0-a2ca-418a-99be-8d9933079aaa not found
	at org.apache.hadoop.hdds.scm.pipeline.PipelineStateMap.getPipeline(PipelineStateMap.java:132)
	at org.apache.hadoop.hdds.scm.pipeline.PipelineStateMap.removePipeline(PipelineStateMap.java:322)
	at org.apache.hadoop.hdds.scm.pipeline.PipelineStateManager.removePipeline(PipelineStateManager.java:107)
	at org.apache.hadoop.hdds.scm.pipeline.SCMPipelineManager.removePipeline(SCMPipelineManager.java:423)
	at org.apache.hadoop.hdds.scm.pipeline.SCMPipelineManager.destroyPipeline(SCMPipelineManager.java:409)
	at org.apache.hadoop.hdds.scm.pipeline.SCMPipelineManager.lambda$finalizeAndDestroyPipeline$0(SCMPipelineManager.java:318)
	at org.apache.hadoop.utils.Scheduler.lambda$schedule$1(Scheduler.java:68)
	at java.util.concurrent.Executors$RunnableAdapter.call(Executors.java:511)
	at java.util.concurrent.FutureTask.run(FutureTask.java:266)
	at java.util.concurrent.ScheduledThreadPoolExecutor$ScheduledFutureTask.access$201(ScheduledThreadPoolExecutor.java:180)
	at java.util.concurrent.ScheduledThreadPoolExecutor$ScheduledFutureTask.run(ScheduledThreadPoolExecutor.java:293)
	at java.util.concurrent.ThreadPoolExecutor.runWorker(ThreadPoolExecutor.java:1149)
	at java.util.concurrent.ThreadPoolExecutor$Worker.run(ThreadPoolExecutor.java:624)
	at java.lang.Thread.run(Thread.java:748)
2019-09-11 11:00:48,357 [Thread-2296] INFO  impl.FollowerState (FollowerState.java:run(106)) - 08f1fccb-3813-4a19-b386-9d1a73d37d0e:group-628E68FA3245 changes to CANDIDATE, lastRpcTime:5018, electionTimeout:5018ms
2019-09-11 11:00:48,357 [Thread-2296] INFO  impl.RoleInfo (RoleInfo.java:shutdownFollowerState(121)) - 08f1fccb-3813-4a19-b386-9d1a73d37d0e: shutdown FollowerState
2019-09-11 11:00:48,357 [Thread-2296] INFO  impl.RaftServerImpl (RaftServerImpl.java:setRole(174)) - 08f1fccb-3813-4a19-b386-9d1a73d37d0e@group-628E68FA3245: changes role from  FOLLOWER to CANDIDATE at term 0 for changeToCandidate
2019-09-11 11:00:48,358 [Thread-2296] INFO  impl.RoleInfo (RoleInfo.java:updateAndGet(143)) - 08f1fccb-3813-4a19-b386-9d1a73d37d0e: start LeaderElection
2019-09-11 11:00:48,398 [08f1fccb-3813-4a19-b386-9d1a73d37d0e@group-628E68FA3245:LeaderElection17] INFO  impl.LeaderElection (LeaderElection.java:askForVotes(182)) - 08f1fccb-3813-4a19-b386-9d1a73d37d0e@group-628E68FA3245:LeaderElection17: begin an election at term 1 for -1: [08f1fccb-3813-4a19-b386-9d1a73d37d0e:192.168.69.96:40562, 4664729b-c9fa-423e-9516-a47fa5640f67:192.168.69.96:39932, 75ec484c-7743-415c-a891-044da79f6b4d:192.168.69.96:41248], old=null
2019-09-11 11:00:48,408 [grpc-default-executor-0] INFO  impl.RaftServerImpl (RaftServerImpl.java:setRole(174)) - 75ec484c-7743-415c-a891-044da79f6b4d@group-628E68FA3245: changes role from  FOLLOWER to FOLLOWER at term 1 for recognizeCandidate:08f1fccb-3813-4a19-b386-9d1a73d37d0e
2019-09-11 11:00:48,410 [grpc-default-executor-0] INFO  impl.RoleInfo (RoleInfo.java:shutdownFollowerState(121)) - 75ec484c-7743-415c-a891-044da79f6b4d: shutdown FollowerState
2019-09-11 11:00:48,408 [grpc-default-executor-9] INFO  impl.RaftServerImpl (RaftServerImpl.java:setRole(174)) - 4664729b-c9fa-423e-9516-a47fa5640f67@group-628E68FA3245: changes role from  FOLLOWER to FOLLOWER at term 1 for recognizeCandidate:08f1fccb-3813-4a19-b386-9d1a73d37d0e
2019-09-11 11:00:48,410 [grpc-default-executor-0] INFO  impl.RoleInfo (RoleInfo.java:updateAndGet(143)) - 75ec484c-7743-415c-a891-044da79f6b4d: start FollowerState
2019-09-11 11:00:48,410 [Thread-2294] INFO  impl.FollowerState (FollowerState.java:run(115)) - 75ec484c-7743-415c-a891-044da79f6b4d: FollowerState was interrupted: java.lang.InterruptedException: sleep interrupted
2019-09-11 11:00:48,410 [grpc-default-executor-9] INFO  impl.RoleInfo (RoleInfo.java:shutdownFollowerState(121)) - 4664729b-c9fa-423e-9516-a47fa5640f67: shutdown FollowerState
2019-09-11 11:00:48,412 [grpc-default-executor-9] INFO  impl.RoleInfo (RoleInfo.java:updateAndGet(143)) - 4664729b-c9fa-423e-9516-a47fa5640f67: start FollowerState
2019-09-11 11:00:48,428 [08f1fccb-3813-4a19-b386-9d1a73d37d0e@group-628E68FA3245:LeaderElection17] INFO  impl.LeaderElection (LeaderElection.java:logAndReturn(56)) - 08f1fccb-3813-4a19-b386-9d1a73d37d0e@group-628E68FA3245:LeaderElection17: Election PASSED; received 1 response(s) [08f1fccb-3813-4a19-b386-9d1a73d37d0e<-4664729b-c9fa-423e-9516-a47fa5640f67#0:OK-t1] and 0 exception(s); 08f1fccb-3813-4a19-b386-9d1a73d37d0e@group-628E68FA3245:t1, leader=null, voted=08f1fccb-3813-4a19-b386-9d1a73d37d0e, raftlog=08f1fccb-3813-4a19-b386-9d1a73d37d0e@group-628E68FA3245-SegmentedRaftLog:OPENED:c-1,f-1,i0, conf=-1: [08f1fccb-3813-4a19-b386-9d1a73d37d0e:192.168.69.96:40562, 4664729b-c9fa-423e-9516-a47fa5640f67:192.168.69.96:39932, 75ec484c-7743-415c-a891-044da79f6b4d:192.168.69.96:41248], old=null
2019-09-11 11:00:48,428 [08f1fccb-3813-4a19-b386-9d1a73d37d0e@group-628E68FA3245:LeaderElection17] INFO  impl.RoleInfo (RoleInfo.java:shutdownLeaderElection(134)) - 08f1fccb-3813-4a19-b386-9d1a73d37d0e: shutdown LeaderElection
2019-09-11 11:00:48,430 [08f1fccb-3813-4a19-b386-9d1a73d37d0e@group-628E68FA3245:LeaderElection17] INFO  impl.RaftServerImpl (RaftServerImpl.java:setRole(174)) - 08f1fccb-3813-4a19-b386-9d1a73d37d0e@group-628E68FA3245: changes role from CANDIDATE to LEADER at term 1 for changeToLeader
2019-09-11 11:00:48,430 [08f1fccb-3813-4a19-b386-9d1a73d37d0e@group-628E68FA3245:LeaderElection17] INFO  impl.RaftServerImpl (ServerState.java:setLeader(253)) - 08f1fccb-3813-4a19-b386-9d1a73d37d0e@group-628E68FA3245: change Leader from null to 08f1fccb-3813-4a19-b386-9d1a73d37d0e at term 1 for becomeLeader, leader elected after 5130ms
2019-09-11 11:00:48,431 [08f1fccb-3813-4a19-b386-9d1a73d37d0e@group-628E68FA3245:LeaderElection17] INFO  server.RaftServerConfigKeys (ConfUtils.java:logGet(43)) - raft.server.staging.catchup.gap = 1000 (default)
2019-09-11 11:00:48,431 [08f1fccb-3813-4a19-b386-9d1a73d37d0e@group-628E68FA3245:LeaderElection17] INFO  server.RaftServerConfigKeys (ConfUtils.java:logGet(43)) - raft.server.rpc.sleep.time = 25ms (default)
2019-09-11 11:00:48,431 [08f1fccb-3813-4a19-b386-9d1a73d37d0e@group-628E68FA3245:LeaderElection17] INFO  server.RaftServerConfigKeys (ConfUtils.java:logGet(43)) - raft.server.write.element-limit = 4096 (default)
2019-09-11 11:00:48,431 [08f1fccb-3813-4a19-b386-9d1a73d37d0e@group-628E68FA3245:LeaderElection17] INFO  server.RaftServerConfigKeys (ConfUtils.java:logGet(43)) - raft.server.watch.timeout = 10s (default)
2019-09-11 11:00:48,431 [08f1fccb-3813-4a19-b386-9d1a73d37d0e@group-628E68FA3245:LeaderElection17] INFO  server.RaftServerConfigKeys (ConfUtils.java:logGet(43)) - raft.server.watch.timeout.denomination = 1s (default)
2019-09-11 11:00:48,432 [08f1fccb-3813-4a19-b386-9d1a73d37d0e@group-628E68FA3245:LeaderElection17] INFO  server.RaftServerConfigKeys (ConfUtils.java:logGet(43)) - raft.server.watch.element-limit = 65536 (default)
2019-09-11 11:00:48,435 [08f1fccb-3813-4a19-b386-9d1a73d37d0e@group-628E68FA3245:LeaderElection17] INFO  server.RaftServerConfigKeys (ConfUtils.java:logGet(43)) - raft.server.log.appender.snapshot.chunk.size.max = 16MB (=16777216) (default)
2019-09-11 11:00:48,436 [08f1fccb-3813-4a19-b386-9d1a73d37d0e@group-628E68FA3245:LeaderElection17] INFO  server.RaftServerConfigKeys (ConfUtils.java:logGet(43)) - raft.server.log.appender.buffer.byte-limit = 33554432 (custom)
2019-09-11 11:00:48,436 [08f1fccb-3813-4a19-b386-9d1a73d37d0e@group-628E68FA3245:LeaderElection17] INFO  server.RaftServerConfigKeys (ConfUtils.java:logGet(43)) - raft.server.log.appender.buffer.element-limit = 1 (custom)
2019-09-11 11:00:48,436 [08f1fccb-3813-4a19-b386-9d1a73d37d0e@group-628E68FA3245:LeaderElection17] INFO  grpc.GrpcConfigKeys$Server (ConfUtils.java:logGet(43)) - raft.grpc.server.leader.outstanding.appends.max = 128 (default)
2019-09-11 11:00:48,436 [08f1fccb-3813-4a19-b386-9d1a73d37d0e@group-628E68FA3245:LeaderElection17] INFO  server.RaftServerConfigKeys (ConfUtils.java:logGet(43)) - raft.server.rpc.request.timeout = 3000ms (default)
2019-09-11 11:00:48,437 [08f1fccb-3813-4a19-b386-9d1a73d37d0e@group-628E68FA3245:LeaderElection17] INFO  server.RaftServerConfigKeys (ConfUtils.java:logGet(43)) - raft.server.log.appender.install.snapshot.enabled = false (custom)
2019-09-11 11:00:48,437 [08f1fccb-3813-4a19-b386-9d1a73d37d0e@group-628E68FA3245:LeaderElection17] INFO  server.RaftServerConfigKeys (ConfUtils.java:logGet(43)) - raft.server.log.appender.snapshot.chunk.size.max = 16MB (=16777216) (default)
2019-09-11 11:00:48,437 [08f1fccb-3813-4a19-b386-9d1a73d37d0e@group-628E68FA3245:LeaderElection17] INFO  server.RaftServerConfigKeys (ConfUtils.java:logGet(43)) - raft.server.log.appender.buffer.byte-limit = 33554432 (custom)
2019-09-11 11:00:48,437 [08f1fccb-3813-4a19-b386-9d1a73d37d0e@group-628E68FA3245:LeaderElection17] INFO  server.RaftServerConfigKeys (ConfUtils.java:logGet(43)) - raft.server.log.appender.buffer.element-limit = 1 (custom)
2019-09-11 11:00:48,438 [08f1fccb-3813-4a19-b386-9d1a73d37d0e@group-628E68FA3245:LeaderElection17] INFO  grpc.GrpcConfigKeys$Server (ConfUtils.java:logGet(43)) - raft.grpc.server.leader.outstanding.appends.max = 128 (default)
2019-09-11 11:00:48,438 [08f1fccb-3813-4a19-b386-9d1a73d37d0e@group-628E68FA3245:LeaderElection17] INFO  server.RaftServerConfigKeys (ConfUtils.java:logGet(43)) - raft.server.rpc.request.timeout = 3000ms (default)
2019-09-11 11:00:48,438 [08f1fccb-3813-4a19-b386-9d1a73d37d0e@group-628E68FA3245:LeaderElection17] INFO  server.RaftServerConfigKeys (ConfUtils.java:logGet(43)) - raft.server.log.appender.install.snapshot.enabled = false (custom)
2019-09-11 11:00:48,438 [08f1fccb-3813-4a19-b386-9d1a73d37d0e@group-628E68FA3245:LeaderElection17] INFO  impl.RoleInfo (RoleInfo.java:updateAndGet(143)) - 08f1fccb-3813-4a19-b386-9d1a73d37d0e: start LeaderState
2019-09-11 11:00:48,439 [08f1fccb-3813-4a19-b386-9d1a73d37d0e@group-628E68FA3245:LeaderElection17] INFO  segmented.SegmentedRaftLogWorker (SegmentedRaftLogWorker.java:startLogSegment(380)) - 08f1fccb-3813-4a19-b386-9d1a73d37d0e@group-628E68FA3245-SegmentedRaftLogWorker: Starting segment from index:0
2019-09-11 11:00:48,441 [08f1fccb-3813-4a19-b386-9d1a73d37d0e@group-628E68FA3245:LeaderElection17] INFO  impl.RaftServerImpl (ServerState.java:setRaftConf(354)) - 08f1fccb-3813-4a19-b386-9d1a73d37d0e@group-628E68FA3245: set configuration 0: [08f1fccb-3813-4a19-b386-9d1a73d37d0e:192.168.69.96:40562, 4664729b-c9fa-423e-9516-a47fa5640f67:192.168.69.96:39932, 75ec484c-7743-415c-a891-044da79f6b4d:192.168.69.96:41248], old=null at 0
2019-09-11 11:00:48,479 [grpc-default-executor-0] INFO  impl.RaftServerImpl (ServerState.java:setLeader(253)) - 75ec484c-7743-415c-a891-044da79f6b4d@group-628E68FA3245: change Leader from null to 08f1fccb-3813-4a19-b386-9d1a73d37d0e at term 1 for appendEntries, leader elected after 5179ms
2019-09-11 11:00:48,479 [grpc-default-executor-9] INFO  impl.RaftServerImpl (ServerState.java:setLeader(253)) - 4664729b-c9fa-423e-9516-a47fa5640f67@group-628E68FA3245: change Leader from null to 08f1fccb-3813-4a19-b386-9d1a73d37d0e at term 1 for appendEntries, leader elected after 5180ms
2019-09-11 11:00:48,483 [grpc-default-executor-9] INFO  impl.RaftServerImpl (ServerState.java:setRaftConf(354)) - 75ec484c-7743-415c-a891-044da79f6b4d@group-628E68FA3245: set configuration 0: [08f1fccb-3813-4a19-b386-9d1a73d37d0e:192.168.69.96:40562, 4664729b-c9fa-423e-9516-a47fa5640f67:192.168.69.96:39932, 75ec484c-7743-415c-a891-044da79f6b4d:192.168.69.96:41248], old=null at 0
2019-09-11 11:00:48,483 [grpc-default-executor-9] INFO  segmented.SegmentedRaftLogWorker (SegmentedRaftLogWorker.java:startLogSegment(380)) - 75ec484c-7743-415c-a891-044da79f6b4d@group-628E68FA3245-SegmentedRaftLogWorker: Starting segment from index:0
2019-09-11 11:00:48,484 [grpc-default-executor-9] INFO  impl.RaftServerImpl (ServerState.java:setRaftConf(354)) - 4664729b-c9fa-423e-9516-a47fa5640f67@group-628E68FA3245: set configuration 0: [08f1fccb-3813-4a19-b386-9d1a73d37d0e:192.168.69.96:40562, 4664729b-c9fa-423e-9516-a47fa5640f67:192.168.69.96:39932, 75ec484c-7743-415c-a891-044da79f6b4d:192.168.69.96:41248], old=null at 0
2019-09-11 11:00:48,484 [grpc-default-executor-9] INFO  segmented.SegmentedRaftLogWorker (SegmentedRaftLogWorker.java:startLogSegment(380)) - 4664729b-c9fa-423e-9516-a47fa5640f67@group-628E68FA3245-SegmentedRaftLogWorker: Starting segment from index:0
2019-09-11 11:00:48,492 [08f1fccb-3813-4a19-b386-9d1a73d37d0e@group-628E68FA3245-SegmentedRaftLogWorker] INFO  segmented.SegmentedRaftLogWorker (SegmentedRaftLogWorker.java:execute(569)) - 08f1fccb-3813-4a19-b386-9d1a73d37d0e@group-628E68FA3245-SegmentedRaftLogWorker: created new log segment /workdir/hadoop-ozone/integration-test/target/test-dir/MiniOzoneClusterImpl-d1c09eb7-78b5-4432-98f5-8abfc41a1ec2/datanode-4/data/ratis/5610ad32-de73-451f-9ca5-628e68fa3245/current/log_inprogress_0
2019-09-11 11:00:48,499 [grpc-default-executor-0] INFO  client.GrpcClientProtocolClient (GrpcClientProtocolClient.java:onNext(264)) - client-1F59CBC9FC6B->08f1fccb-3813-4a19-b386-9d1a73d37d0e: receive RaftClientReply:client-1F59CBC9FC6B->08f1fccb-3813-4a19-b386-9d1a73d37d0e@group-628E68FA3245, cid=295, FAILED org.apache.ratis.protocol.LeaderNotReadyException: 08f1fccb-3813-4a19-b386-9d1a73d37d0e@group-628E68FA3245 is in LEADER state but not ready yet., logIndex=0, commits[08f1fccb-3813-4a19-b386-9d1a73d37d0e:c-1, 4664729b-c9fa-423e-9516-a47fa5640f67:c-1, 75ec484c-7743-415c-a891-044da79f6b4d:c-1]
2019-09-11 11:00:48,626 [4664729b-c9fa-423e-9516-a47fa5640f67@group-628E68FA3245-SegmentedRaftLogWorker] INFO  segmented.SegmentedRaftLogWorker (SegmentedRaftLogWorker.java:execute(569)) - 4664729b-c9fa-423e-9516-a47fa5640f67@group-628E68FA3245-SegmentedRaftLogWorker: created new log segment /workdir/hadoop-ozone/integration-test/target/test-dir/MiniOzoneClusterImpl-d1c09eb7-78b5-4432-98f5-8abfc41a1ec2/datanode-3/data/ratis/5610ad32-de73-451f-9ca5-628e68fa3245/current/log_inprogress_0
2019-09-11 11:00:48,626 [75ec484c-7743-415c-a891-044da79f6b4d@group-628E68FA3245-SegmentedRaftLogWorker] INFO  segmented.SegmentedRaftLogWorker (SegmentedRaftLogWorker.java:execute(569)) - 75ec484c-7743-415c-a891-044da79f6b4d@group-628E68FA3245-SegmentedRaftLogWorker: created new log segment /workdir/hadoop-ozone/integration-test/target/test-dir/MiniOzoneClusterImpl-d1c09eb7-78b5-4432-98f5-8abfc41a1ec2/datanode-5/data/ratis/5610ad32-de73-451f-9ca5-628e68fa3245/current/log_inprogress_0
2019-09-11 11:00:50,634 [grpc-default-executor-7] INFO  impl.RaftServerProxy (RaftServerProxy.java:remove(95)) - 4664729b-c9fa-423e-9516-a47fa5640f67: remove group-8D9933079AAA:null
2019-09-11 11:00:50,638 [RatisPipelineUtilsThread] WARN  pipeline.RatisPipelineUtils (RatisPipelineUtils.java:destroyPipeline(66)) - Pipeline destroy failed for pipeline=PipelineID=033f66d0-a2ca-418a-99be-8d9933079aaa dn=4664729b-c9fa-423e-9516-a47fa5640f67{ip: 192.168.69.96, host: pr-hdds-1982-decom-states-q64lx-3787986432, networkLocation: /default-rack, certSerialId: null}
2019-09-11 11:00:50,640 [grpc-default-executor-7] INFO  impl.RaftServerProxy (RaftServerProxy.java:remove(95)) - 08f1fccb-3813-4a19-b386-9d1a73d37d0e: remove group-8D9933079AAA:null
2019-09-11 11:00:50,642 [RatisPipelineUtilsThread] WARN  pipeline.RatisPipelineUtils (RatisPipelineUtils.java:destroyPipeline(66)) - Pipeline destroy failed for pipeline=PipelineID=033f66d0-a2ca-418a-99be-8d9933079aaa dn=08f1fccb-3813-4a19-b386-9d1a73d37d0e{ip: 192.168.69.96, host: pr-hdds-1982-decom-states-q64lx-3787986432, networkLocation: /default-rack, certSerialId: null}
2019-09-11 11:00:50,645 [grpc-default-executor-7] INFO  impl.RaftServerProxy (RaftServerProxy.java:remove(95)) - 75ec484c-7743-415c-a891-044da79f6b4d: remove group-8D9933079AAA:null
2019-09-11 11:00:50,647 [RatisPipelineUtilsThread] WARN  pipeline.RatisPipelineUtils (RatisPipelineUtils.java:destroyPipeline(66)) - Pipeline destroy failed for pipeline=PipelineID=033f66d0-a2ca-418a-99be-8d9933079aaa dn=75ec484c-7743-415c-a891-044da79f6b4d{ip: 192.168.69.96, host: pr-hdds-1982-decom-states-q64lx-3787986432, networkLocation: /default-rack, certSerialId: null}
2019-09-11 11:00:50,647 [RatisPipelineUtilsThread] ERROR pipeline.SCMPipelineManager (Scheduler.java:lambda$schedule$1(70)) - Destroy pipeline failed for pipeline:Pipeline[ Id: 033f66d0-a2ca-418a-99be-8d9933079aaa, Nodes: 4664729b-c9fa-423e-9516-a47fa5640f67{ip: 192.168.69.96, host: pr-hdds-1982-decom-states-q64lx-3787986432, networkLocation: /default-rack, certSerialId: null}08f1fccb-3813-4a19-b386-9d1a73d37d0e{ip: 192.168.69.96, host: pr-hdds-1982-decom-states-q64lx-3787986432, networkLocation: /default-rack, certSerialId: null}75ec484c-7743-415c-a891-044da79f6b4d{ip: 192.168.69.96, host: pr-hdds-1982-decom-states-q64lx-3787986432, networkLocation: /default-rack, certSerialId: null}, Type:RATIS, Factor:THREE, State:CLOSED]
org.apache.hadoop.hdds.scm.pipeline.PipelineNotFoundException: PipelineID=033f66d0-a2ca-418a-99be-8d9933079aaa not found
	at org.apache.hadoop.hdds.scm.pipeline.PipelineStateMap.getPipeline(PipelineStateMap.java:132)
	at org.apache.hadoop.hdds.scm.pipeline.PipelineStateMap.removePipeline(PipelineStateMap.java:322)
	at org.apache.hadoop.hdds.scm.pipeline.PipelineStateManager.removePipeline(PipelineStateManager.java:107)
	at org.apache.hadoop.hdds.scm.pipeline.SCMPipelineManager.removePipeline(SCMPipelineManager.java:423)
	at org.apache.hadoop.hdds.scm.pipeline.SCMPipelineManager.destroyPipeline(SCMPipelineManager.java:409)
	at org.apache.hadoop.hdds.scm.pipeline.SCMPipelineManager.lambda$finalizeAndDestroyPipeline$0(SCMPipelineManager.java:318)
	at org.apache.hadoop.utils.Scheduler.lambda$schedule$1(Scheduler.java:68)
	at java.util.concurrent.Executors$RunnableAdapter.call(Executors.java:511)
	at java.util.concurrent.FutureTask.run(FutureTask.java:266)
	at java.util.concurrent.ScheduledThreadPoolExecutor$ScheduledFutureTask.access$201(ScheduledThreadPoolExecutor.java:180)
	at java.util.concurrent.ScheduledThreadPoolExecutor$ScheduledFutureTask.run(ScheduledThreadPoolExecutor.java:293)
	at java.util.concurrent.ThreadPoolExecutor.runWorker(ThreadPoolExecutor.java:1149)
	at java.util.concurrent.ThreadPoolExecutor$Worker.run(ThreadPoolExecutor.java:624)
	at java.lang.Thread.run(Thread.java:748)
2019-09-11 11:00:50,773 [grpc-default-executor-7] INFO  client.GrpcClientProtocolClient (GrpcClientProtocolClient.java:onNext(264)) - client-1F59CBC9FC6B->08f1fccb-3813-4a19-b386-9d1a73d37d0e: receive RaftClientReply:client-1F59CBC9FC6B->08f1fccb-3813-4a19-b386-9d1a73d37d0e@group-628E68FA3245, cid=295, SUCCESS, logIndex=1, commits[08f1fccb-3813-4a19-b386-9d1a73d37d0e:c1, 4664729b-c9fa-423e-9516-a47fa5640f67:c0, 75ec484c-7743-415c-a891-044da79f6b4d:c0]
2019-09-11 11:00:50,904 [grpc-default-executor-0] INFO  client.GrpcClientProtocolClient (GrpcClientProtocolClient.java:onNext(264)) - client-1F59CBC9FC6B->08f1fccb-3813-4a19-b386-9d1a73d37d0e: receive RaftClientReply:client-1F59CBC9FC6B->08f1fccb-3813-4a19-b386-9d1a73d37d0e@group-628E68FA3245, cid=296, SUCCESS, logIndex=3, commits[08f1fccb-3813-4a19-b386-9d1a73d37d0e:c8, 4664729b-c9fa-423e-9516-a47fa5640f67:c5, 75ec484c-7743-415c-a891-044da79f6b4d:c5]
2019-09-11 11:00:50,905 [grpc-default-executor-0] INFO  client.GrpcClientProtocolClient (GrpcClientProtocolClient.java:onNext(264)) - client-1F59CBC9FC6B->08f1fccb-3813-4a19-b386-9d1a73d37d0e: receive RaftClientReply:client-1F59CBC9FC6B->08f1fccb-3813-4a19-b386-9d1a73d37d0e@group-628E68FA3245, cid=297, SUCCESS, logIndex=4, commits[08f1fccb-3813-4a19-b386-9d1a73d37d0e:c8, 4664729b-c9fa-423e-9516-a47fa5640f67:c5, 75ec484c-7743-415c-a891-044da79f6b4d:c5]
2019-09-11 11:00:51,047 [grpc-default-executor-0] INFO  client.GrpcClientProtocolClient (GrpcClientProtocolClient.java:onNext(264)) - client-1F59CBC9FC6B->08f1fccb-3813-4a19-b386-9d1a73d37d0e: receive RaftClientReply:client-1F59CBC9FC6B->08f1fccb-3813-4a19-b386-9d1a73d37d0e@group-628E68FA3245, cid=298, SUCCESS, logIndex=5, commits[08f1fccb-3813-4a19-b386-9d1a73d37d0e:c8, 4664729b-c9fa-423e-9516-a47fa5640f67:c5, 75ec484c-7743-415c-a891-044da79f6b4d:c5]
2019-09-11 11:00:51,074 [grpc-default-executor-9] INFO  client.GrpcClientProtocolClient (GrpcClientProtocolClient.java:onNext(264)) - client-1F59CBC9FC6B->08f1fccb-3813-4a19-b386-9d1a73d37d0e: receive RaftClientReply:client-1F59CBC9FC6B->08f1fccb-3813-4a19-b386-9d1a73d37d0e@group-628E68FA3245, cid=308, SUCCESS, logIndex=9, commits[08f1fccb-3813-4a19-b386-9d1a73d37d0e:c12, 4664729b-c9fa-423e-9516-a47fa5640f67:c8, 75ec484c-7743-415c-a891-044da79f6b4d:c5]
2019-09-11 11:00:51,075 [grpc-default-executor-9] INFO  client.GrpcClientProtocolClient (GrpcClientProtocolClient.java:onNext(264)) - client-1F59CBC9FC6B->08f1fccb-3813-4a19-b386-9d1a73d37d0e: receive RaftClientReply:client-1F59CBC9FC6B->08f1fccb-3813-4a19-b386-9d1a73d37d0e@group-628E68FA3245, cid=309, SUCCESS, logIndex=10, commits[08f1fccb-3813-4a19-b386-9d1a73d37d0e:c12, 4664729b-c9fa-423e-9516-a47fa5640f67:c8, 75ec484c-7743-415c-a891-044da79f6b4d:c8]
2019-09-11 11:00:51,075 [grpc-default-executor-9] INFO  client.GrpcClientProtocolClient (GrpcClientProtocolClient.java:onNext(264)) - client-1F59CBC9FC6B->08f1fccb-3813-4a19-b386-9d1a73d37d0e: receive RaftClientReply:client-1F59CBC9FC6B->08f1fccb-3813-4a19-b386-9d1a73d37d0e@group-628E68FA3245, cid=310, SUCCESS, logIndex=11, commits[08f1fccb-3813-4a19-b386-9d1a73d37d0e:c12, 4664729b-c9fa-423e-9516-a47fa5640f67:c8, 75ec484c-7743-415c-a891-044da79f6b4d:c8]
2019-09-11 11:00:51,075 [grpc-default-executor-9] INFO  client.GrpcClientProtocolClient (GrpcClientProtocolClient.java:onNext(264)) - client-1F59CBC9FC6B->08f1fccb-3813-4a19-b386-9d1a73d37d0e: receive RaftClientReply:client-1F59CBC9FC6B->08f1fccb-3813-4a19-b386-9d1a73d37d0e@group-628E68FA3245, cid=311, SUCCESS, logIndex=12, commits[08f1fccb-3813-4a19-b386-9d1a73d37d0e:c12, 4664729b-c9fa-423e-9516-a47fa5640f67:c8, 75ec484c-7743-415c-a891-044da79f6b4d:c8]
2019-09-11 11:00:51,084 [grpc-default-executor-9] INFO  client.GrpcClientProtocolClient (GrpcClientProtocolClient.java:onNext(264)) - client-1F59CBC9FC6B->08f1fccb-3813-4a19-b386-9d1a73d37d0e: receive RaftClientReply:client-1F59CBC9FC6B->08f1fccb-3813-4a19-b386-9d1a73d37d0e@group-628E68FA3245, cid=312, SUCCESS, logIndex=0, commits[08f1fccb-3813-4a19-b386-9d1a73d37d0e:c13, 4664729b-c9fa-423e-9516-a47fa5640f67:c10, 75ec484c-7743-415c-a891-044da79f6b4d:c12]
2019-09-11 11:00:51,086 [grpc-default-executor-9] INFO  client.GrpcClientProtocolClient (GrpcClientProtocolClient.java:onNext(264)) - client-1F59CBC9FC6B->08f1fccb-3813-4a19-b386-9d1a73d37d0e: receive RaftClientReply:client-1F59CBC9FC6B->08f1fccb-3813-4a19-b386-9d1a73d37d0e@group-628E68FA3245, cid=313, SUCCESS, logIndex=0, commits[08f1fccb-3813-4a19-b386-9d1a73d37d0e:c16, 4664729b-c9fa-423e-9516-a47fa5640f67:c12, 75ec484c-7743-415c-a891-044da79f6b4d:c12]
2019-09-11 11:00:51,323 [grpc-default-executor-9] INFO  client.GrpcClientProtocolClient (GrpcClientProtocolClient.java:onNext(264)) - client-1BDADB51422B->2567324e-9700-4950-ac37-98ef668bcfff: receive RaftClientReply:client-1BDADB51422B->2567324e-9700-4950-ac37-98ef668bcfff@group-D76DF239534C, cid=314, SUCCESS, logIndex=33, commits[2567324e-9700-4950-ac37-98ef668bcfff:c34, 877608bb-19c4-4d8c-8958-a78beaef70b4:c32, 2759b58a-2fbd-4e45-94a8-47799d948184:c32]
2019-09-11 11:00:51,402 [grpc-default-executor-9] INFO  client.GrpcClientProtocolClient (GrpcClientProtocolClient.java:onNext(264)) - client-1BDADB51422B->2567324e-9700-4950-ac37-98ef668bcfff: receive RaftClientReply:client-1BDADB51422B->2567324e-9700-4950-ac37-98ef668bcfff@group-D76DF239534C, cid=315, SUCCESS, logIndex=34, commits[2567324e-9700-4950-ac37-98ef668bcfff:c36, 877608bb-19c4-4d8c-8958-a78beaef70b4:c34, 2759b58a-2fbd-4e45-94a8-47799d948184:c34]
2019-09-11 11:00:51,477 [grpc-default-executor-0] INFO  client.GrpcClientProtocolClient (GrpcClientProtocolClient.java:onNext(264)) - client-1BDADB51422B->2567324e-9700-4950-ac37-98ef668bcfff: receive RaftClientReply:client-1BDADB51422B->2567324e-9700-4950-ac37-98ef668bcfff@group-D76DF239534C, cid=316, SUCCESS, logIndex=37, commits[2567324e-9700-4950-ac37-98ef668bcfff:c38, 877608bb-19c4-4d8c-8958-a78beaef70b4:c36, 2759b58a-2fbd-4e45-94a8-47799d948184:c36]
2019-09-11 11:00:51,795 [grpc-default-executor-0] INFO  client.GrpcClientProtocolClient (GrpcClientProtocolClient.java:onNext(264)) - client-1BDADB51422B->2567324e-9700-4950-ac37-98ef668bcfff: receive RaftClientReply:client-1BDADB51422B->2567324e-9700-4950-ac37-98ef668bcfff@group-D76DF239534C, cid=317, SUCCESS, logIndex=38, commits[2567324e-9700-4950-ac37-98ef668bcfff:c40, 877608bb-19c4-4d8c-8958-a78beaef70b4:c38, 2759b58a-2fbd-4e45-94a8-47799d948184:c38]
]]></system-out>
  </testcase>
  <testcase name="testMultiBlockWrites3" classname="org.apache.hadoop.ozone.client.rpc.TestCloseContainerHandlingByClient" time="195.852"/>
  <testcase name="testDiscardPreallocatedBlocks" classname="org.apache.hadoop.ozone.client.rpc.TestCloseContainerHandlingByClient" time="0">
    <skipped/>
  </testcase>
</testsuite>