<?xml version="1.0" encoding="UTF-8"?>
<testsuite xmlns:xsi="http://www.w3.org/2001/XMLSchema-instance" xsi:noNamespaceSchemaLocation="https://maven.apache.org/surefire/maven-surefire-plugin/xsd/surefire-test-report.xsd" name="org.apache.hadoop.ozone.client.rpc.TestFailureHandlingByClient" time="320.208" tests="5" errors="1" skipped="0" failures="0">
  <properties>
    <property name="awt.toolkit" value="sun.awt.X11.XToolkit"/>
    <property name="file.encoding.pkg" value="sun.io"/>
    <property name="java.specification.version" value="1.8"/>
    <property name="sun.cpu.isalist" value=""/>
    <property name="sun.jnu.encoding" value="UTF-8"/>
    <property name="java.class.path" value="/workdir/hadoop-ozone/integration-test/target/test-classes:/workdir/hadoop-ozone/integration-test/target/classes:/home/user/.m2/repository/org/apache/hadoop/hadoop-ozone-common/0.5.0-SNAPSHOT/hadoop-ozone-common-0.5.0-SNAPSHOT.jar:/home/user/.m2/repository/org/apache/commons/commons-compress/1.4.1/commons-compress-1.4.1.jar:/home/user/.m2/repository/org/tukaani/xz/1.0/xz-1.0.jar:/home/user/.m2/repository/org/apache/hadoop/hadoop-common/3.2.0/hadoop-common-3.2.0.jar:/home/user/.m2/repository/org/apache/hadoop/hadoop-hdfs/3.2.0/hadoop-hdfs-3.2.0.jar:/home/user/.m2/repository/org/apache/hadoop/hadoop-hdfs-client/3.2.0/hadoop-hdfs-client-3.2.0.jar:/home/user/.m2/repository/com/fasterxml/jackson/core/jackson-annotations/2.9.5/jackson-annotations-2.9.5.jar:/home/user/.m2/repository/org/apache/hadoop/hadoop-hdds-common/0.5.0-SNAPSHOT/hadoop-hdds-common-0.5.0-SNAPSHOT.jar:/home/user/.m2/repository/javax/annotation/javax.annotation-api/1.2/javax.annotation-api-1.2.jar:/home/user/.m2/repository/org/apache/ratis/ratis-server/0.4.0-2337318-SNAPSHOT/ratis-server-0.4.0-2337318-SNAPSHOT.jar:/home/user/.m2/repository/org/apache/ratis/ratis-thirdparty-misc/0.2.0/ratis-thirdparty-misc-0.2.0.jar:/home/user/.m2/repository/org/apache/ratis/ratis-proto/0.4.0-2337318-SNAPSHOT/ratis-proto-0.4.0-2337318-SNAPSHOT.jar:/home/user/.m2/repository/org/apache/ratis/ratis-common/0.4.0-2337318-SNAPSHOT/ratis-common-0.4.0-2337318-SNAPSHOT.jar:/home/user/.m2/repository/org/apache/ratis/ratis-client/0.4.0-2337318-SNAPSHOT/ratis-client-0.4.0-2337318-SNAPSHOT.jar:/home/user/.m2/repository/org/apache/ratis/ratis-metrics/0.4.0-2337318-SNAPSHOT/ratis-metrics-0.4.0-2337318-SNAPSHOT.jar:/home/user/.m2/repository/org/apache/ratis/ratis-netty/0.4.0-2337318-SNAPSHOT/ratis-netty-0.4.0-2337318-SNAPSHOT.jar:/home/user/.m2/repository/org/apache/ratis/ratis-grpc/0.4.0-2337318-SNAPSHOT/ratis-grpc-0.4.0-2337318-SNAPSHOT.jar:/home/user/.m2/repository/org/rocksdb/rocksdbjni/6.0.1/rocksdbjni-6.0.1.jar:/home/user/.m2/repository/org/apache/logging/log4j/log4j-api/2.11.0/log4j-api-2.11.0.jar:/home/user/.m2/repository/org/apache/logging/log4j/log4j-core/2.11.0/log4j-core-2.11.0.jar:/home/user/.m2/repository/com/lmax/disruptor/3.4.2/disruptor-3.4.2.jar:/home/user/.m2/repository/org/apache/commons/commons-pool2/2.6.0/commons-pool2-2.6.0.jar:/home/user/.m2/repository/org/bouncycastle/bcpkix-jdk15on/1.60/bcpkix-jdk15on-1.60.jar:/home/user/.m2/repository/commons-validator/commons-validator/1.6/commons-validator-1.6.jar:/home/user/.m2/repository/commons-digester/commons-digester/1.8.1/commons-digester-1.8.1.jar:/home/user/.m2/repository/io/jaegertracing/jaeger-client/0.33.1/jaeger-client-0.33.1.jar:/home/user/.m2/repository/io/jaegertracing/jaeger-thrift/0.33.1/jaeger-thrift-0.33.1.jar:/home/user/.m2/repository/org/apache/thrift/libthrift/0.11.0/libthrift-0.11.0.jar:/home/user/.m2/repository/com/squareup/okhttp3/okhttp/3.9.0/okhttp-3.9.0.jar:/home/user/.m2/repository/com/squareup/okio/okio/1.13.0/okio-1.13.0.jar:/home/user/.m2/repository/io/jaegertracing/jaeger-core/0.33.1/jaeger-core-0.33.1.jar:/home/user/.m2/repository/io/jaegertracing/jaeger-tracerresolver/0.33.1/jaeger-tracerresolver-0.33.1.jar:/home/user/.m2/repository/io/opentracing/contrib/opentracing-tracerresolver/0.1.5/opentracing-tracerresolver-0.1.5.jar:/home/user/.m2/repository/io/opentracing/opentracing-util/0.31.0/opentracing-util-0.31.0.jar:/home/user/.m2/repository/io/opentracing/opentracing-api/0.31.0/opentracing-api-0.31.0.jar:/home/user/.m2/repository/io/opentracing/opentracing-noop/0.31.0/opentracing-noop-0.31.0.jar:/home/user/.m2/repository/org/apache/hadoop/hadoop-hdds-server-framework/0.5.0-SNAPSHOT/hadoop-hdds-server-framework-0.5.0-SNAPSHOT.jar:/home/user/.m2/repository/org/apache/hadoop/hadoop-hdds-container-service/0.5.0-SNAPSHOT/hadoop-hdds-container-service-0.5.0-SNAPSHOT.jar:/home/user/.m2/repository/org/apache/hadoop/hadoop-hdds-client/0.5.0-SNAPSHOT/hadoop-hdds-client-0.5.0-SNAPSHOT.jar:/home/user/.m2/repository/org/apache/hadoop/hadoop-hdds-tools/0.5.0-SNAPSHOT/hadoop-hdds-tools-0.5.0-SNAPSHOT.jar:/home/user/.m2/repository/org/apache/hadoop/hadoop-hdds-server-scm/0.5.0-SNAPSHOT/hadoop-hdds-server-scm-0.5.0-SNAPSHOT.jar:/home/user/.m2/repository/org/apache/hadoop/hadoop-hdds-docs/0.5.0-SNAPSHOT/hadoop-hdds-docs-0.5.0-SNAPSHOT.jar:/home/user/.m2/repository/io/dropwizard/metrics/metrics-core/3.2.4/metrics-core-3.2.4.jar:/home/user/.m2/repository/org/hamcrest/hamcrest-all/1.3/hamcrest-all-1.3.jar:/home/user/.m2/repository/org/bouncycastle/bcprov-jdk15on/1.60/bcprov-jdk15on-1.60.jar:/home/user/.m2/repository/info/picocli/picocli/3.9.6/picocli-3.9.6.jar:/home/user/.m2/repository/com/google/protobuf/protobuf-java/2.5.0/protobuf-java-2.5.0.jar:/home/user/.m2/repository/com/google/guava/guava/11.0.2/guava-11.0.2.jar:/home/user/.m2/repository/org/apache/hadoop/hadoop-ozone-ozone-manager/0.5.0-SNAPSHOT/hadoop-ozone-ozone-manager-0.5.0-SNAPSHOT.jar:/home/user/.m2/repository/org/apache/hadoop/hadoop-minikdc/3.2.0/hadoop-minikdc-3.2.0.jar:/home/user/.m2/repository/commons-io/commons-io/2.5/commons-io-2.5.jar:/home/user/.m2/repository/org/apache/kerby/kerb-simplekdc/1.0.1/kerb-simplekdc-1.0.1.jar:/home/user/.m2/repository/org/apache/kerby/kerb-client/1.0.1/kerb-client-1.0.1.jar:/home/user/.m2/repository/org/apache/kerby/kerby-config/1.0.1/kerby-config-1.0.1.jar:/home/user/.m2/repository/org/apache/kerby/kerb-core/1.0.1/kerb-core-1.0.1.jar:/home/user/.m2/repository/org/apache/kerby/kerby-pkix/1.0.1/kerby-pkix-1.0.1.jar:/home/user/.m2/repository/org/apache/kerby/kerby-asn1/1.0.1/kerby-asn1-1.0.1.jar:/home/user/.m2/repository/org/apache/kerby/kerby-util/1.0.1/kerby-util-1.0.1.jar:/home/user/.m2/repository/org/apache/kerby/kerb-common/1.0.1/kerb-common-1.0.1.jar:/home/user/.m2/repository/org/apache/kerby/kerb-crypto/1.0.1/kerb-crypto-1.0.1.jar:/home/user/.m2/repository/org/apache/kerby/kerb-util/1.0.1/kerb-util-1.0.1.jar:/home/user/.m2/repository/org/apache/kerby/token-provider/1.0.1/token-provider-1.0.1.jar:/home/user/.m2/repository/org/apache/kerby/kerb-admin/1.0.1/kerb-admin-1.0.1.jar:/home/user/.m2/repository/org/apache/kerby/kerb-server/1.0.1/kerb-server-1.0.1.jar:/home/user/.m2/repository/org/apache/kerby/kerb-identity/1.0.1/kerb-identity-1.0.1.jar:/home/user/.m2/repository/org/apache/kerby/kerby-xdr/1.0.1/kerby-xdr-1.0.1.jar:/home/user/.m2/repository/org/slf4j/slf4j-log4j12/1.7.25/slf4j-log4j12-1.7.25.jar:/home/user/.m2/repository/org/apache/hadoop/hadoop-ozone-s3gateway/0.5.0-SNAPSHOT/hadoop-ozone-s3gateway-0.5.0-SNAPSHOT.jar:/home/user/.m2/repository/org/jboss/weld/servlet/weld-servlet/2.4.7.Final/weld-servlet-2.4.7.Final.jar:/home/user/.m2/repository/org/glassfish/jersey/containers/jersey-container-servlet-core/2.27/jersey-container-servlet-core-2.27.jar:/home/user/.m2/repository/org/glassfish/hk2/external/javax.inject/2.5.0-b42/javax.inject-2.5.0-b42.jar:/home/user/.m2/repository/org/glassfish/jersey/core/jersey-common/2.27/jersey-common-2.27.jar:/home/user/.m2/repository/org/glassfish/hk2/osgi-resource-locator/1.0.1/osgi-resource-locator-1.0.1.jar:/home/user/.m2/repository/javax/ws/rs/javax.ws.rs-api/2.1/javax.ws.rs-api-2.1.jar:/home/user/.m2/repository/org/glassfish/jersey/ext/cdi/jersey-cdi1x/2.27/jersey-cdi1x-2.27.jar:/home/user/.m2/repository/org/glassfish/jersey/inject/jersey-hk2/2.27/jersey-hk2-2.27.jar:/home/user/.m2/repository/org/glassfish/hk2/hk2-locator/2.5.0-b42/hk2-locator-2.5.0-b42.jar:/home/user/.m2/repository/org/javassist/javassist/3.22.0-CR2/javassist-3.22.0-CR2.jar:/home/user/.m2/repository/org/glassfish/hk2/hk2-api/2.5.0/hk2-api-2.5.0.jar:/home/user/.m2/repository/org/glassfish/hk2/external/jakarta.inject/2.5.0/jakarta.inject-2.5.0.jar:/home/user/.m2/repository/org/glassfish/hk2/hk2-utils/2.5.0/hk2-utils-2.5.0.jar:/home/user/.m2/repository/jakarta/annotation/jakarta.annotation-api/1.3.4/jakarta.annotation-api-1.3.4.jar:/home/user/.m2/repository/org/glassfish/hk2/external/aopalliance-repackaged/2.5.0/aopalliance-repackaged-2.5.0.jar:/home/user/.m2/repository/com/fasterxml/jackson/dataformat/jackson-dataformat-xml/2.9.0/jackson-dataformat-xml-2.9.0.jar:/home/user/.m2/repository/com/fasterxml/jackson/core/jackson-core/2.9.5/jackson-core-2.9.5.jar:/home/user/.m2/repository/com/fasterxml/jackson/module/jackson-module-jaxb-annotations/2.9.5/jackson-module-jaxb-annotations-2.9.5.jar:/home/user/.m2/repository/javax/enterprise/cdi-api/1.2/cdi-api-1.2.jar:/home/user/.m2/repository/javax/el/javax.el-api/3.0.0/javax.el-api-3.0.0.jar:/home/user/.m2/repository/javax/interceptor/javax.interceptor-api/1.2/javax.interceptor-api-1.2.jar:/home/user/.m2/repository/javax/inject/javax.inject/1/javax.inject-1.jar:/home/user/.m2/repository/com/sun/xml/bind/jaxb-impl/2.3.0.1/jaxb-impl-2.3.0.1.jar:/home/user/.m2/repository/com/sun/xml/bind/jaxb-core/2.3.0.1/jaxb-core-2.3.0.1.jar:/home/user/.m2/repository/javax/xml/bind/jaxb-api/2.3.0/jaxb-api-2.3.0.jar:/home/user/.m2/repository/javax/activation/activation/1.1.1/activation-1.1.1.jar:/home/user/.m2/repository/org/apache/hadoop/hadoop-ozone-csi/0.5.0-SNAPSHOT/hadoop-ozone-csi-0.5.0-SNAPSHOT.jar:/home/user/.m2/repository/com/google/protobuf/protobuf-java-util/3.5.1/protobuf-java-util-3.5.1.jar:/home/user/.m2/repository/org/apache/hadoop/hadoop-hdds-config/0.5.0-SNAPSHOT/hadoop-hdds-config-0.5.0-SNAPSHOT.jar:/home/user/.m2/repository/io/grpc/grpc-netty/1.17.1/grpc-netty-1.17.1.jar:/home/user/.m2/repository/io/grpc/grpc-core/1.17.1/grpc-core-1.17.1.jar:/home/user/.m2/repository/io/grpc/grpc-context/1.17.1/grpc-context-1.17.1.jar:/home/user/.m2/repository/com/google/errorprone/error_prone_annotations/2.2.0/error_prone_annotations-2.2.0.jar:/home/user/.m2/repository/org/codehaus/mojo/animal-sniffer-annotations/1.17/animal-sniffer-annotations-1.17.jar:/home/user/.m2/repository/io/opencensus/opencensus-api/0.17.0/opencensus-api-0.17.0.jar:/home/user/.m2/repository/io/opencensus/opencensus-contrib-grpc-metrics/0.17.0/opencensus-contrib-grpc-metrics-0.17.0.jar:/home/user/.m2/repository/io/netty/netty-codec-http2/4.1.30.Final/netty-codec-http2-4.1.30.Final.jar:/home/user/.m2/repository/io/netty/netty-codec-http/4.1.30.Final/netty-codec-http-4.1.30.Final.jar:/home/user/.m2/repository/io/netty/netty-codec/4.1.30.Final/netty-codec-4.1.30.Final.jar:/home/user/.m2/repository/io/netty/netty-handler/4.1.30.Final/netty-handler-4.1.30.Final.jar:/home/user/.m2/repository/io/netty/netty-handler-proxy/4.1.30.Final/netty-handler-proxy-4.1.30.Final.jar:/home/user/.m2/repository/io/netty/netty-codec-socks/4.1.30.Final/netty-codec-socks-4.1.30.Final.jar:/home/user/.m2/repository/io/netty/netty-transport-native-epoll/4.1.30.Final/netty-transport-native-epoll-4.1.30.Final.jar:/home/user/.m2/repository/io/netty/netty-common/4.1.30.Final/netty-common-4.1.30.Final.jar:/home/user/.m2/repository/io/netty/netty-buffer/4.1.30.Final/netty-buffer-4.1.30.Final.jar:/home/user/.m2/repository/io/netty/netty-transport/4.1.30.Final/netty-transport-4.1.30.Final.jar:/home/user/.m2/repository/io/netty/netty-resolver/4.1.30.Final/netty-resolver-4.1.30.Final.jar:/home/user/.m2/repository/io/netty/netty-transport-native-unix-common/4.1.30.Final/netty-transport-native-unix-common-4.1.30.Final.jar:/home/user/.m2/repository/io/grpc/grpc-protobuf/1.17.1/grpc-protobuf-1.17.1.jar:/home/user/.m2/repository/com/google/api/grpc/proto-google-common-protos/1.0.0/proto-google-common-protos-1.0.0.jar:/home/user/.m2/repository/io/grpc/grpc-protobuf-lite/1.17.1/grpc-protobuf-lite-1.17.1.jar:/home/user/.m2/repository/io/grpc/grpc-stub/1.17.1/grpc-stub-1.17.1.jar:/home/user/.m2/repository/org/apache/hadoop/hadoop-ozone-recon/0.5.0-SNAPSHOT/hadoop-ozone-recon-0.5.0-SNAPSHOT.jar:/home/user/.m2/repository/org/apache/hadoop/hadoop-ozone-reconcodegen/0.5.0-SNAPSHOT/hadoop-ozone-reconcodegen-0.5.0-SNAPSHOT.jar:/home/user/.m2/repository/com/google/inject/extensions/guice-multibindings/4.0/guice-multibindings-4.0.jar:/home/user/.m2/repository/com/google/inject/guice/4.0/guice-4.0.jar:/home/user/.m2/repository/aopalliance/aopalliance/1.0/aopalliance-1.0.jar:/home/user/.m2/repository/com/google/inject/extensions/guice-servlet/4.0/guice-servlet-4.0.jar:/home/user/.m2/repository/org/glassfish/jersey/containers/jersey-container-servlet/2.27/jersey-container-servlet-2.27.jar:/home/user/.m2/repository/org/glassfish/hk2/guice-bridge/2.5.0/guice-bridge-2.5.0.jar:/home/user/.m2/repository/org/glassfish/jersey/core/jersey-server/2.27/jersey-server-2.27.jar:/home/user/.m2/repository/org/glassfish/jersey/core/jersey-client/2.27/jersey-client-2.27.jar:/home/user/.m2/repository/org/glassfish/jersey/media/jersey-media-jaxb/2.27/jersey-media-jaxb-2.27.jar:/home/user/.m2/repository/javax/validation/validation-api/1.1.0.Final/validation-api-1.1.0.Final.jar:/home/user/.m2/repository/org/glassfish/jersey/media/jersey-media-json-jackson/2.27/jersey-media-json-jackson-2.27.jar:/home/user/.m2/repository/org/glassfish/jersey/ext/jersey-entity-filtering/2.27/jersey-entity-filtering-2.27.jar:/home/user/.m2/repository/com/google/inject/extensions/guice-assistedinject/4.0/guice-assistedinject-4.0.jar:/home/user/.m2/repository/org/jooq/jooq/3.11.10/jooq-3.11.10.jar:/home/user/.m2/repository/org/jooq/jooq-meta/3.11.10/jooq-meta-3.11.10.jar:/home/user/.m2/repository/org/jooq/jooq-codegen/3.11.10/jooq-codegen-3.11.10.jar:/home/user/.m2/repository/com/jolbox/bonecp/0.8.0.RELEASE/bonecp-0.8.0.RELEASE.jar:/home/user/.m2/repository/org/xerial/sqlite-jdbc/3.25.2/sqlite-jdbc-3.25.2.jar:/home/user/.m2/repository/org/springframework/spring-jdbc/5.1.3.RELEASE/spring-jdbc-5.1.3.RELEASE.jar:/home/user/.m2/repository/org/springframework/spring-beans/5.1.3.RELEASE/spring-beans-5.1.3.RELEASE.jar:/home/user/.m2/repository/org/springframework/spring-core/5.1.3.RELEASE/spring-core-5.1.3.RELEASE.jar:/home/user/.m2/repository/org/springframework/spring-jcl/5.1.3.RELEASE/spring-jcl-5.1.3.RELEASE.jar:/home/user/.m2/repository/org/springframework/spring-tx/5.1.3.RELEASE/spring-tx-5.1.3.RELEASE.jar:/home/user/.m2/repository/org/apache/hadoop/hadoop-ozone-client/0.5.0-SNAPSHOT/hadoop-ozone-client-0.5.0-SNAPSHOT.jar:/home/user/.m2/repository/commons-lang/commons-lang/2.6/commons-lang-2.6.jar:/home/user/.m2/repository/org/apache/hadoop/hadoop-ozone-ozone-manager/0.5.0-SNAPSHOT/hadoop-ozone-ozone-manager-0.5.0-SNAPSHOT-tests.jar:/home/user/.m2/repository/junit/junit/4.11/junit-4.11.jar:/home/user/.m2/repository/org/hamcrest/hamcrest-core/1.3/hamcrest-core-1.3.jar:/home/user/.m2/repository/org/openjdk/jmh/jmh-core/1.19/jmh-core-1.19.jar:/home/user/.m2/repository/net/sf/jopt-simple/jopt-simple/4.6/jopt-simple-4.6.jar:/home/user/.m2/repository/org/apache/commons/commons-math3/3.1.1/commons-math3-3.1.1.jar:/home/user/.m2/repository/org/openjdk/jmh/jmh-generator-annprocess/1.19/jmh-generator-annprocess-1.19.jar:/home/user/.m2/repository/org/mockito/mockito-all/1.8.5/mockito-all-1.8.5.jar:/home/user/.m2/repository/org/apache/hadoop/hadoop-kms/3.2.0/hadoop-kms-3.2.0.jar:/home/user/.m2/repository/org/apache/hadoop/hadoop-auth/3.2.0/hadoop-auth-3.2.0.jar:/home/user/.m2/repository/com/nimbusds/nimbus-jose-jwt/4.41.1/nimbus-jose-jwt-4.41.1.jar:/home/user/.m2/repository/com/github/stephenc/jcip/jcip-annotations/1.0-1/jcip-annotations-1.0-1.jar:/home/user/.m2/repository/net/minidev/json-smart/2.3/json-smart-2.3.jar:/home/user/.m2/repository/net/minidev/accessors-smart/1.2/accessors-smart-1.2.jar:/home/user/.m2/repository/org/ow2/asm/asm/5.0.4/asm-5.0.4.jar:/home/user/.m2/repository/org/apache/curator/curator-framework/2.12.0/curator-framework-2.12.0.jar:/home/user/.m2/repository/com/sun/jersey/jersey-core/1.19/jersey-core-1.19.jar:/home/user/.m2/repository/javax/ws/rs/jsr311-api/1.1.1/jsr311-api-1.1.1.jar:/home/user/.m2/repository/com/sun/jersey/jersey-server/1.19/jersey-server-1.19.jar:/home/user/.m2/repository/javax/servlet/javax.servlet-api/3.1.0/javax.servlet-api-3.1.0.jar:/home/user/.m2/repository/org/eclipse/jetty/jetty-server/9.3.24.v20180605/jetty-server-9.3.24.v20180605.jar:/home/user/.m2/repository/org/eclipse/jetty/jetty-http/9.3.24.v20180605/jetty-http-9.3.24.v20180605.jar:/home/user/.m2/repository/org/eclipse/jetty/jetty-io/9.3.24.v20180605/jetty-io-9.3.24.v20180605.jar:/home/user/.m2/repository/org/eclipse/jetty/jetty-webapp/9.3.24.v20180605/jetty-webapp-9.3.24.v20180605.jar:/home/user/.m2/repository/org/eclipse/jetty/jetty-xml/9.3.24.v20180605/jetty-xml-9.3.24.v20180605.jar:/home/user/.m2/repository/log4j/log4j/1.2.17/log4j-1.2.17.jar:/home/user/.m2/repository/org/slf4j/slf4j-api/1.7.25/slf4j-api-1.7.25.jar:/home/user/.m2/repository/org/slf4j/jul-to-slf4j/1.7.25/jul-to-slf4j-1.7.25.jar:/home/user/.m2/repository/org/eclipse/jetty/jetty-util/9.3.24.v20180605/jetty-util-9.3.24.v20180605.jar:/home/user/.m2/repository/com/fasterxml/jackson/core/jackson-databind/2.9.5/jackson-databind-2.9.5.jar:/home/user/.m2/repository/org/apache/hadoop/hadoop-kms/3.2.0/hadoop-kms-3.2.0-tests.jar:/home/user/.m2/repository/org/apache/hadoop/hadoop-hdds-server-scm/0.5.0-SNAPSHOT/hadoop-hdds-server-scm-0.5.0-SNAPSHOT-tests.jar:/home/user/.m2/repository/org/apache/hadoop/hadoop-hdds-container-service/0.5.0-SNAPSHOT/hadoop-hdds-container-service-0.5.0-SNAPSHOT-tests.jar:/home/user/.m2/repository/org/yaml/snakeyaml/1.16/snakeyaml-1.16.jar:/home/user/.m2/repository/org/apache/hadoop/hadoop-common/3.2.0/hadoop-common-3.2.0-tests.jar:/home/user/.m2/repository/org/apache/hadoop/hadoop-annotations/3.2.0/hadoop-annotations-3.2.0.jar:/usr/lib/jvm/java-1.8-openjdk/jre/../lib/tools.jar:/home/user/.m2/repository/commons-cli/commons-cli/1.2/commons-cli-1.2.jar:/home/user/.m2/repository/org/apache/httpcomponents/httpclient/4.5.2/httpclient-4.5.2.jar:/home/user/.m2/repository/org/apache/httpcomponents/httpcore/4.4.4/httpcore-4.4.4.jar:/home/user/.m2/repository/commons-codec/commons-codec/1.11/commons-codec-1.11.jar:/home/user/.m2/repository/commons-net/commons-net/3.6/commons-net-3.6.jar:/home/user/.m2/repository/commons-collections/commons-collections/3.2.2/commons-collections-3.2.2.jar:/home/user/.m2/repository/org/eclipse/jetty/jetty-servlet/9.3.24.v20180605/jetty-servlet-9.3.24.v20180605.jar:/home/user/.m2/repository/org/eclipse/jetty/jetty-security/9.3.24.v20180605/jetty-security-9.3.24.v20180605.jar:/home/user/.m2/repository/javax/servlet/jsp/jsp-api/2.1/jsp-api-2.1.jar:/home/user/.m2/repository/com/sun/jersey/jersey-servlet/1.19/jersey-servlet-1.19.jar:/home/user/.m2/repository/com/sun/jersey/jersey-json/1.19/jersey-json-1.19.jar:/home/user/.m2/repository/org/codehaus/jettison/jettison/1.1/jettison-1.1.jar:/home/user/.m2/repository/org/codehaus/jackson/jackson-core-asl/1.9.13/jackson-core-asl-1.9.13.jar:/home/user/.m2/repository/org/codehaus/jackson/jackson-mapper-asl/1.9.13/jackson-mapper-asl-1.9.13.jar:/home/user/.m2/repository/org/codehaus/jackson/jackson-jaxrs/1.9.13/jackson-jaxrs-1.9.13.jar:/home/user/.m2/repository/org/codehaus/jackson/jackson-xc/1.9.13/jackson-xc-1.9.13.jar:/home/user/.m2/repository/commons-logging/commons-logging/1.1.3/commons-logging-1.1.3.jar:/home/user/.m2/repository/commons-beanutils/commons-beanutils/1.9.3/commons-beanutils-1.9.3.jar:/home/user/.m2/repository/org/apache/commons/commons-configuration2/2.1.1/commons-configuration2-2.1.1.jar:/home/user/.m2/repository/org/apache/commons/commons-lang3/3.7/commons-lang3-3.7.jar:/home/user/.m2/repository/org/apache/commons/commons-text/1.4/commons-text-1.4.jar:/home/user/.m2/repository/org/apache/avro/avro/1.7.7/avro-1.7.7.jar:/home/user/.m2/repository/com/thoughtworks/paranamer/paranamer/2.3/paranamer-2.3.jar:/home/user/.m2/repository/org/xerial/snappy/snappy-java/1.0.5/snappy-java-1.0.5.jar:/home/user/.m2/repository/com/google/re2j/re2j/1.1/re2j-1.1.jar:/home/user/.m2/repository/com/google/code/gson/gson/2.2.4/gson-2.2.4.jar:/home/user/.m2/repository/com/jcraft/jsch/0.1.54/jsch-0.1.54.jar:/home/user/.m2/repository/org/apache/curator/curator-client/2.12.0/curator-client-2.12.0.jar:/home/user/.m2/repository/org/apache/curator/curator-recipes/2.12.0/curator-recipes-2.12.0.jar:/home/user/.m2/repository/com/google/code/findbugs/jsr305/3.0.0/jsr305-3.0.0.jar:/home/user/.m2/repository/org/apache/htrace/htrace-core4/4.1.0-incubating/htrace-core4-4.1.0-incubating.jar:/home/user/.m2/repository/org/apache/zookeeper/zookeeper/3.4.13/zookeeper-3.4.13.jar:/home/user/.m2/repository/org/apache/yetus/audience-annotations/0.5.0/audience-annotations-0.5.0.jar:/home/user/.m2/repository/org/codehaus/woodstox/stax2-api/3.1.4/stax2-api-3.1.4.jar:/home/user/.m2/repository/com/fasterxml/woodstox/woodstox-core/5.0.3/woodstox-core-5.0.3.jar:/home/user/.m2/repository/dnsjava/dnsjava/2.1.7/dnsjava-2.1.7.jar:/home/user/.m2/repository/org/apache/hadoop/hadoop-hdfs/3.2.0/hadoop-hdfs-3.2.0-tests.jar:/home/user/.m2/repository/org/eclipse/jetty/jetty-util-ajax/9.3.24.v20180605/jetty-util-ajax-9.3.24.v20180605.jar:/home/user/.m2/repository/commons-daemon/commons-daemon/1.0.13/commons-daemon-1.0.13.jar:/home/user/.m2/repository/io/netty/netty/3.10.5.Final/netty-3.10.5.Final.jar:/home/user/.m2/repository/io/netty/netty-all/4.0.52.Final/netty-all-4.0.52.Final.jar:/home/user/.m2/repository/org/fusesource/leveldbjni/leveldbjni-all/1.8/leveldbjni-all-1.8.jar:"/>
    <property name="java.vm.vendor" value="IcedTea"/>
    <property name="sun.arch.data.model" value="64"/>
    <property name="test.build.dir" value="/workdir/hadoop-ozone/integration-test/target/test-dir"/>
    <property name="test.cache.data" value=""/>
    <property name="java.vendor.url" value="https://icedtea.classpath.org"/>
    <property name="user.timezone" value=""/>
    <property name="java.vm.specification.version" value="1.8"/>
    <property name="os.name" value="Linux"/>
    <property name="test.build.data" value="/workdir/hadoop-ozone/integration-test/target/test-dir"/>
    <property name="user.country" value="US"/>
    <property name="sun.java.launcher" value="SUN_STANDARD"/>
    <property name="sun.boot.library.path" value="/usr/lib/jvm/java-1.8-openjdk/jre/lib/amd64"/>
    <property name="sun.java.command" value="/workdir/hadoop-ozone/integration-test/target/surefire/surefirebooter1218114954224369958.jar /workdir/hadoop-ozone/integration-test/target/surefire 2019-08-29T11-22-32_675-jvmRun1 surefire2258163172183050932tmp surefire_219130970209951752120tmp"/>
    <property name="test" value="!TestMiniChaosOzoneCluster"/>
    <property name="surefire.test.class.path" value="/workdir/hadoop-ozone/integration-test/target/test-classes:/workdir/hadoop-ozone/integration-test/target/classes:/home/user/.m2/repository/org/apache/hadoop/hadoop-ozone-common/0.5.0-SNAPSHOT/hadoop-ozone-common-0.5.0-SNAPSHOT.jar:/home/user/.m2/repository/org/apache/commons/commons-compress/1.4.1/commons-compress-1.4.1.jar:/home/user/.m2/repository/org/tukaani/xz/1.0/xz-1.0.jar:/home/user/.m2/repository/org/apache/hadoop/hadoop-common/3.2.0/hadoop-common-3.2.0.jar:/home/user/.m2/repository/org/apache/hadoop/hadoop-hdfs/3.2.0/hadoop-hdfs-3.2.0.jar:/home/user/.m2/repository/org/apache/hadoop/hadoop-hdfs-client/3.2.0/hadoop-hdfs-client-3.2.0.jar:/home/user/.m2/repository/com/fasterxml/jackson/core/jackson-annotations/2.9.5/jackson-annotations-2.9.5.jar:/home/user/.m2/repository/org/apache/hadoop/hadoop-hdds-common/0.5.0-SNAPSHOT/hadoop-hdds-common-0.5.0-SNAPSHOT.jar:/home/user/.m2/repository/javax/annotation/javax.annotation-api/1.2/javax.annotation-api-1.2.jar:/home/user/.m2/repository/org/apache/ratis/ratis-server/0.4.0-2337318-SNAPSHOT/ratis-server-0.4.0-2337318-SNAPSHOT.jar:/home/user/.m2/repository/org/apache/ratis/ratis-thirdparty-misc/0.2.0/ratis-thirdparty-misc-0.2.0.jar:/home/user/.m2/repository/org/apache/ratis/ratis-proto/0.4.0-2337318-SNAPSHOT/ratis-proto-0.4.0-2337318-SNAPSHOT.jar:/home/user/.m2/repository/org/apache/ratis/ratis-common/0.4.0-2337318-SNAPSHOT/ratis-common-0.4.0-2337318-SNAPSHOT.jar:/home/user/.m2/repository/org/apache/ratis/ratis-client/0.4.0-2337318-SNAPSHOT/ratis-client-0.4.0-2337318-SNAPSHOT.jar:/home/user/.m2/repository/org/apache/ratis/ratis-metrics/0.4.0-2337318-SNAPSHOT/ratis-metrics-0.4.0-2337318-SNAPSHOT.jar:/home/user/.m2/repository/org/apache/ratis/ratis-netty/0.4.0-2337318-SNAPSHOT/ratis-netty-0.4.0-2337318-SNAPSHOT.jar:/home/user/.m2/repository/org/apache/ratis/ratis-grpc/0.4.0-2337318-SNAPSHOT/ratis-grpc-0.4.0-2337318-SNAPSHOT.jar:/home/user/.m2/repository/org/rocksdb/rocksdbjni/6.0.1/rocksdbjni-6.0.1.jar:/home/user/.m2/repository/org/apache/logging/log4j/log4j-api/2.11.0/log4j-api-2.11.0.jar:/home/user/.m2/repository/org/apache/logging/log4j/log4j-core/2.11.0/log4j-core-2.11.0.jar:/home/user/.m2/repository/com/lmax/disruptor/3.4.2/disruptor-3.4.2.jar:/home/user/.m2/repository/org/apache/commons/commons-pool2/2.6.0/commons-pool2-2.6.0.jar:/home/user/.m2/repository/org/bouncycastle/bcpkix-jdk15on/1.60/bcpkix-jdk15on-1.60.jar:/home/user/.m2/repository/commons-validator/commons-validator/1.6/commons-validator-1.6.jar:/home/user/.m2/repository/commons-digester/commons-digester/1.8.1/commons-digester-1.8.1.jar:/home/user/.m2/repository/io/jaegertracing/jaeger-client/0.33.1/jaeger-client-0.33.1.jar:/home/user/.m2/repository/io/jaegertracing/jaeger-thrift/0.33.1/jaeger-thrift-0.33.1.jar:/home/user/.m2/repository/org/apache/thrift/libthrift/0.11.0/libthrift-0.11.0.jar:/home/user/.m2/repository/com/squareup/okhttp3/okhttp/3.9.0/okhttp-3.9.0.jar:/home/user/.m2/repository/com/squareup/okio/okio/1.13.0/okio-1.13.0.jar:/home/user/.m2/repository/io/jaegertracing/jaeger-core/0.33.1/jaeger-core-0.33.1.jar:/home/user/.m2/repository/io/jaegertracing/jaeger-tracerresolver/0.33.1/jaeger-tracerresolver-0.33.1.jar:/home/user/.m2/repository/io/opentracing/contrib/opentracing-tracerresolver/0.1.5/opentracing-tracerresolver-0.1.5.jar:/home/user/.m2/repository/io/opentracing/opentracing-util/0.31.0/opentracing-util-0.31.0.jar:/home/user/.m2/repository/io/opentracing/opentracing-api/0.31.0/opentracing-api-0.31.0.jar:/home/user/.m2/repository/io/opentracing/opentracing-noop/0.31.0/opentracing-noop-0.31.0.jar:/home/user/.m2/repository/org/apache/hadoop/hadoop-hdds-server-framework/0.5.0-SNAPSHOT/hadoop-hdds-server-framework-0.5.0-SNAPSHOT.jar:/home/user/.m2/repository/org/apache/hadoop/hadoop-hdds-container-service/0.5.0-SNAPSHOT/hadoop-hdds-container-service-0.5.0-SNAPSHOT.jar:/home/user/.m2/repository/org/apache/hadoop/hadoop-hdds-client/0.5.0-SNAPSHOT/hadoop-hdds-client-0.5.0-SNAPSHOT.jar:/home/user/.m2/repository/org/apache/hadoop/hadoop-hdds-tools/0.5.0-SNAPSHOT/hadoop-hdds-tools-0.5.0-SNAPSHOT.jar:/home/user/.m2/repository/org/apache/hadoop/hadoop-hdds-server-scm/0.5.0-SNAPSHOT/hadoop-hdds-server-scm-0.5.0-SNAPSHOT.jar:/home/user/.m2/repository/org/apache/hadoop/hadoop-hdds-docs/0.5.0-SNAPSHOT/hadoop-hdds-docs-0.5.0-SNAPSHOT.jar:/home/user/.m2/repository/io/dropwizard/metrics/metrics-core/3.2.4/metrics-core-3.2.4.jar:/home/user/.m2/repository/org/hamcrest/hamcrest-all/1.3/hamcrest-all-1.3.jar:/home/user/.m2/repository/org/bouncycastle/bcprov-jdk15on/1.60/bcprov-jdk15on-1.60.jar:/home/user/.m2/repository/info/picocli/picocli/3.9.6/picocli-3.9.6.jar:/home/user/.m2/repository/com/google/protobuf/protobuf-java/2.5.0/protobuf-java-2.5.0.jar:/home/user/.m2/repository/com/google/guava/guava/11.0.2/guava-11.0.2.jar:/home/user/.m2/repository/org/apache/hadoop/hadoop-ozone-ozone-manager/0.5.0-SNAPSHOT/hadoop-ozone-ozone-manager-0.5.0-SNAPSHOT.jar:/home/user/.m2/repository/org/apache/hadoop/hadoop-minikdc/3.2.0/hadoop-minikdc-3.2.0.jar:/home/user/.m2/repository/commons-io/commons-io/2.5/commons-io-2.5.jar:/home/user/.m2/repository/org/apache/kerby/kerb-simplekdc/1.0.1/kerb-simplekdc-1.0.1.jar:/home/user/.m2/repository/org/apache/kerby/kerb-client/1.0.1/kerb-client-1.0.1.jar:/home/user/.m2/repository/org/apache/kerby/kerby-config/1.0.1/kerby-config-1.0.1.jar:/home/user/.m2/repository/org/apache/kerby/kerb-core/1.0.1/kerb-core-1.0.1.jar:/home/user/.m2/repository/org/apache/kerby/kerby-pkix/1.0.1/kerby-pkix-1.0.1.jar:/home/user/.m2/repository/org/apache/kerby/kerby-asn1/1.0.1/kerby-asn1-1.0.1.jar:/home/user/.m2/repository/org/apache/kerby/kerby-util/1.0.1/kerby-util-1.0.1.jar:/home/user/.m2/repository/org/apache/kerby/kerb-common/1.0.1/kerb-common-1.0.1.jar:/home/user/.m2/repository/org/apache/kerby/kerb-crypto/1.0.1/kerb-crypto-1.0.1.jar:/home/user/.m2/repository/org/apache/kerby/kerb-util/1.0.1/kerb-util-1.0.1.jar:/home/user/.m2/repository/org/apache/kerby/token-provider/1.0.1/token-provider-1.0.1.jar:/home/user/.m2/repository/org/apache/kerby/kerb-admin/1.0.1/kerb-admin-1.0.1.jar:/home/user/.m2/repository/org/apache/kerby/kerb-server/1.0.1/kerb-server-1.0.1.jar:/home/user/.m2/repository/org/apache/kerby/kerb-identity/1.0.1/kerb-identity-1.0.1.jar:/home/user/.m2/repository/org/apache/kerby/kerby-xdr/1.0.1/kerby-xdr-1.0.1.jar:/home/user/.m2/repository/org/slf4j/slf4j-log4j12/1.7.25/slf4j-log4j12-1.7.25.jar:/home/user/.m2/repository/org/apache/hadoop/hadoop-ozone-s3gateway/0.5.0-SNAPSHOT/hadoop-ozone-s3gateway-0.5.0-SNAPSHOT.jar:/home/user/.m2/repository/org/jboss/weld/servlet/weld-servlet/2.4.7.Final/weld-servlet-2.4.7.Final.jar:/home/user/.m2/repository/org/glassfish/jersey/containers/jersey-container-servlet-core/2.27/jersey-container-servlet-core-2.27.jar:/home/user/.m2/repository/org/glassfish/hk2/external/javax.inject/2.5.0-b42/javax.inject-2.5.0-b42.jar:/home/user/.m2/repository/org/glassfish/jersey/core/jersey-common/2.27/jersey-common-2.27.jar:/home/user/.m2/repository/org/glassfish/hk2/osgi-resource-locator/1.0.1/osgi-resource-locator-1.0.1.jar:/home/user/.m2/repository/javax/ws/rs/javax.ws.rs-api/2.1/javax.ws.rs-api-2.1.jar:/home/user/.m2/repository/org/glassfish/jersey/ext/cdi/jersey-cdi1x/2.27/jersey-cdi1x-2.27.jar:/home/user/.m2/repository/org/glassfish/jersey/inject/jersey-hk2/2.27/jersey-hk2-2.27.jar:/home/user/.m2/repository/org/glassfish/hk2/hk2-locator/2.5.0-b42/hk2-locator-2.5.0-b42.jar:/home/user/.m2/repository/org/javassist/javassist/3.22.0-CR2/javassist-3.22.0-CR2.jar:/home/user/.m2/repository/org/glassfish/hk2/hk2-api/2.5.0/hk2-api-2.5.0.jar:/home/user/.m2/repository/org/glassfish/hk2/external/jakarta.inject/2.5.0/jakarta.inject-2.5.0.jar:/home/user/.m2/repository/org/glassfish/hk2/hk2-utils/2.5.0/hk2-utils-2.5.0.jar:/home/user/.m2/repository/jakarta/annotation/jakarta.annotation-api/1.3.4/jakarta.annotation-api-1.3.4.jar:/home/user/.m2/repository/org/glassfish/hk2/external/aopalliance-repackaged/2.5.0/aopalliance-repackaged-2.5.0.jar:/home/user/.m2/repository/com/fasterxml/jackson/dataformat/jackson-dataformat-xml/2.9.0/jackson-dataformat-xml-2.9.0.jar:/home/user/.m2/repository/com/fasterxml/jackson/core/jackson-core/2.9.5/jackson-core-2.9.5.jar:/home/user/.m2/repository/com/fasterxml/jackson/module/jackson-module-jaxb-annotations/2.9.5/jackson-module-jaxb-annotations-2.9.5.jar:/home/user/.m2/repository/javax/enterprise/cdi-api/1.2/cdi-api-1.2.jar:/home/user/.m2/repository/javax/el/javax.el-api/3.0.0/javax.el-api-3.0.0.jar:/home/user/.m2/repository/javax/interceptor/javax.interceptor-api/1.2/javax.interceptor-api-1.2.jar:/home/user/.m2/repository/javax/inject/javax.inject/1/javax.inject-1.jar:/home/user/.m2/repository/com/sun/xml/bind/jaxb-impl/2.3.0.1/jaxb-impl-2.3.0.1.jar:/home/user/.m2/repository/com/sun/xml/bind/jaxb-core/2.3.0.1/jaxb-core-2.3.0.1.jar:/home/user/.m2/repository/javax/xml/bind/jaxb-api/2.3.0/jaxb-api-2.3.0.jar:/home/user/.m2/repository/javax/activation/activation/1.1.1/activation-1.1.1.jar:/home/user/.m2/repository/org/apache/hadoop/hadoop-ozone-csi/0.5.0-SNAPSHOT/hadoop-ozone-csi-0.5.0-SNAPSHOT.jar:/home/user/.m2/repository/com/google/protobuf/protobuf-java-util/3.5.1/protobuf-java-util-3.5.1.jar:/home/user/.m2/repository/org/apache/hadoop/hadoop-hdds-config/0.5.0-SNAPSHOT/hadoop-hdds-config-0.5.0-SNAPSHOT.jar:/home/user/.m2/repository/io/grpc/grpc-netty/1.17.1/grpc-netty-1.17.1.jar:/home/user/.m2/repository/io/grpc/grpc-core/1.17.1/grpc-core-1.17.1.jar:/home/user/.m2/repository/io/grpc/grpc-context/1.17.1/grpc-context-1.17.1.jar:/home/user/.m2/repository/com/google/errorprone/error_prone_annotations/2.2.0/error_prone_annotations-2.2.0.jar:/home/user/.m2/repository/org/codehaus/mojo/animal-sniffer-annotations/1.17/animal-sniffer-annotations-1.17.jar:/home/user/.m2/repository/io/opencensus/opencensus-api/0.17.0/opencensus-api-0.17.0.jar:/home/user/.m2/repository/io/opencensus/opencensus-contrib-grpc-metrics/0.17.0/opencensus-contrib-grpc-metrics-0.17.0.jar:/home/user/.m2/repository/io/netty/netty-codec-http2/4.1.30.Final/netty-codec-http2-4.1.30.Final.jar:/home/user/.m2/repository/io/netty/netty-codec-http/4.1.30.Final/netty-codec-http-4.1.30.Final.jar:/home/user/.m2/repository/io/netty/netty-codec/4.1.30.Final/netty-codec-4.1.30.Final.jar:/home/user/.m2/repository/io/netty/netty-handler/4.1.30.Final/netty-handler-4.1.30.Final.jar:/home/user/.m2/repository/io/netty/netty-handler-proxy/4.1.30.Final/netty-handler-proxy-4.1.30.Final.jar:/home/user/.m2/repository/io/netty/netty-codec-socks/4.1.30.Final/netty-codec-socks-4.1.30.Final.jar:/home/user/.m2/repository/io/netty/netty-transport-native-epoll/4.1.30.Final/netty-transport-native-epoll-4.1.30.Final.jar:/home/user/.m2/repository/io/netty/netty-common/4.1.30.Final/netty-common-4.1.30.Final.jar:/home/user/.m2/repository/io/netty/netty-buffer/4.1.30.Final/netty-buffer-4.1.30.Final.jar:/home/user/.m2/repository/io/netty/netty-transport/4.1.30.Final/netty-transport-4.1.30.Final.jar:/home/user/.m2/repository/io/netty/netty-resolver/4.1.30.Final/netty-resolver-4.1.30.Final.jar:/home/user/.m2/repository/io/netty/netty-transport-native-unix-common/4.1.30.Final/netty-transport-native-unix-common-4.1.30.Final.jar:/home/user/.m2/repository/io/grpc/grpc-protobuf/1.17.1/grpc-protobuf-1.17.1.jar:/home/user/.m2/repository/com/google/api/grpc/proto-google-common-protos/1.0.0/proto-google-common-protos-1.0.0.jar:/home/user/.m2/repository/io/grpc/grpc-protobuf-lite/1.17.1/grpc-protobuf-lite-1.17.1.jar:/home/user/.m2/repository/io/grpc/grpc-stub/1.17.1/grpc-stub-1.17.1.jar:/home/user/.m2/repository/org/apache/hadoop/hadoop-ozone-recon/0.5.0-SNAPSHOT/hadoop-ozone-recon-0.5.0-SNAPSHOT.jar:/home/user/.m2/repository/org/apache/hadoop/hadoop-ozone-reconcodegen/0.5.0-SNAPSHOT/hadoop-ozone-reconcodegen-0.5.0-SNAPSHOT.jar:/home/user/.m2/repository/com/google/inject/extensions/guice-multibindings/4.0/guice-multibindings-4.0.jar:/home/user/.m2/repository/com/google/inject/guice/4.0/guice-4.0.jar:/home/user/.m2/repository/aopalliance/aopalliance/1.0/aopalliance-1.0.jar:/home/user/.m2/repository/com/google/inject/extensions/guice-servlet/4.0/guice-servlet-4.0.jar:/home/user/.m2/repository/org/glassfish/jersey/containers/jersey-container-servlet/2.27/jersey-container-servlet-2.27.jar:/home/user/.m2/repository/org/glassfish/hk2/guice-bridge/2.5.0/guice-bridge-2.5.0.jar:/home/user/.m2/repository/org/glassfish/jersey/core/jersey-server/2.27/jersey-server-2.27.jar:/home/user/.m2/repository/org/glassfish/jersey/core/jersey-client/2.27/jersey-client-2.27.jar:/home/user/.m2/repository/org/glassfish/jersey/media/jersey-media-jaxb/2.27/jersey-media-jaxb-2.27.jar:/home/user/.m2/repository/javax/validation/validation-api/1.1.0.Final/validation-api-1.1.0.Final.jar:/home/user/.m2/repository/org/glassfish/jersey/media/jersey-media-json-jackson/2.27/jersey-media-json-jackson-2.27.jar:/home/user/.m2/repository/org/glassfish/jersey/ext/jersey-entity-filtering/2.27/jersey-entity-filtering-2.27.jar:/home/user/.m2/repository/com/google/inject/extensions/guice-assistedinject/4.0/guice-assistedinject-4.0.jar:/home/user/.m2/repository/org/jooq/jooq/3.11.10/jooq-3.11.10.jar:/home/user/.m2/repository/org/jooq/jooq-meta/3.11.10/jooq-meta-3.11.10.jar:/home/user/.m2/repository/org/jooq/jooq-codegen/3.11.10/jooq-codegen-3.11.10.jar:/home/user/.m2/repository/com/jolbox/bonecp/0.8.0.RELEASE/bonecp-0.8.0.RELEASE.jar:/home/user/.m2/repository/org/xerial/sqlite-jdbc/3.25.2/sqlite-jdbc-3.25.2.jar:/home/user/.m2/repository/org/springframework/spring-jdbc/5.1.3.RELEASE/spring-jdbc-5.1.3.RELEASE.jar:/home/user/.m2/repository/org/springframework/spring-beans/5.1.3.RELEASE/spring-beans-5.1.3.RELEASE.jar:/home/user/.m2/repository/org/springframework/spring-core/5.1.3.RELEASE/spring-core-5.1.3.RELEASE.jar:/home/user/.m2/repository/org/springframework/spring-jcl/5.1.3.RELEASE/spring-jcl-5.1.3.RELEASE.jar:/home/user/.m2/repository/org/springframework/spring-tx/5.1.3.RELEASE/spring-tx-5.1.3.RELEASE.jar:/home/user/.m2/repository/org/apache/hadoop/hadoop-ozone-client/0.5.0-SNAPSHOT/hadoop-ozone-client-0.5.0-SNAPSHOT.jar:/home/user/.m2/repository/commons-lang/commons-lang/2.6/commons-lang-2.6.jar:/home/user/.m2/repository/org/apache/hadoop/hadoop-ozone-ozone-manager/0.5.0-SNAPSHOT/hadoop-ozone-ozone-manager-0.5.0-SNAPSHOT-tests.jar:/home/user/.m2/repository/junit/junit/4.11/junit-4.11.jar:/home/user/.m2/repository/org/hamcrest/hamcrest-core/1.3/hamcrest-core-1.3.jar:/home/user/.m2/repository/org/openjdk/jmh/jmh-core/1.19/jmh-core-1.19.jar:/home/user/.m2/repository/net/sf/jopt-simple/jopt-simple/4.6/jopt-simple-4.6.jar:/home/user/.m2/repository/org/apache/commons/commons-math3/3.1.1/commons-math3-3.1.1.jar:/home/user/.m2/repository/org/openjdk/jmh/jmh-generator-annprocess/1.19/jmh-generator-annprocess-1.19.jar:/home/user/.m2/repository/org/mockito/mockito-all/1.8.5/mockito-all-1.8.5.jar:/home/user/.m2/repository/org/apache/hadoop/hadoop-kms/3.2.0/hadoop-kms-3.2.0.jar:/home/user/.m2/repository/org/apache/hadoop/hadoop-auth/3.2.0/hadoop-auth-3.2.0.jar:/home/user/.m2/repository/com/nimbusds/nimbus-jose-jwt/4.41.1/nimbus-jose-jwt-4.41.1.jar:/home/user/.m2/repository/com/github/stephenc/jcip/jcip-annotations/1.0-1/jcip-annotations-1.0-1.jar:/home/user/.m2/repository/net/minidev/json-smart/2.3/json-smart-2.3.jar:/home/user/.m2/repository/net/minidev/accessors-smart/1.2/accessors-smart-1.2.jar:/home/user/.m2/repository/org/ow2/asm/asm/5.0.4/asm-5.0.4.jar:/home/user/.m2/repository/org/apache/curator/curator-framework/2.12.0/curator-framework-2.12.0.jar:/home/user/.m2/repository/com/sun/jersey/jersey-core/1.19/jersey-core-1.19.jar:/home/user/.m2/repository/javax/ws/rs/jsr311-api/1.1.1/jsr311-api-1.1.1.jar:/home/user/.m2/repository/com/sun/jersey/jersey-server/1.19/jersey-server-1.19.jar:/home/user/.m2/repository/javax/servlet/javax.servlet-api/3.1.0/javax.servlet-api-3.1.0.jar:/home/user/.m2/repository/org/eclipse/jetty/jetty-server/9.3.24.v20180605/jetty-server-9.3.24.v20180605.jar:/home/user/.m2/repository/org/eclipse/jetty/jetty-http/9.3.24.v20180605/jetty-http-9.3.24.v20180605.jar:/home/user/.m2/repository/org/eclipse/jetty/jetty-io/9.3.24.v20180605/jetty-io-9.3.24.v20180605.jar:/home/user/.m2/repository/org/eclipse/jetty/jetty-webapp/9.3.24.v20180605/jetty-webapp-9.3.24.v20180605.jar:/home/user/.m2/repository/org/eclipse/jetty/jetty-xml/9.3.24.v20180605/jetty-xml-9.3.24.v20180605.jar:/home/user/.m2/repository/log4j/log4j/1.2.17/log4j-1.2.17.jar:/home/user/.m2/repository/org/slf4j/slf4j-api/1.7.25/slf4j-api-1.7.25.jar:/home/user/.m2/repository/org/slf4j/jul-to-slf4j/1.7.25/jul-to-slf4j-1.7.25.jar:/home/user/.m2/repository/org/eclipse/jetty/jetty-util/9.3.24.v20180605/jetty-util-9.3.24.v20180605.jar:/home/user/.m2/repository/com/fasterxml/jackson/core/jackson-databind/2.9.5/jackson-databind-2.9.5.jar:/home/user/.m2/repository/org/apache/hadoop/hadoop-kms/3.2.0/hadoop-kms-3.2.0-tests.jar:/home/user/.m2/repository/org/apache/hadoop/hadoop-hdds-server-scm/0.5.0-SNAPSHOT/hadoop-hdds-server-scm-0.5.0-SNAPSHOT-tests.jar:/home/user/.m2/repository/org/apache/hadoop/hadoop-hdds-container-service/0.5.0-SNAPSHOT/hadoop-hdds-container-service-0.5.0-SNAPSHOT-tests.jar:/home/user/.m2/repository/org/yaml/snakeyaml/1.16/snakeyaml-1.16.jar:/home/user/.m2/repository/org/apache/hadoop/hadoop-common/3.2.0/hadoop-common-3.2.0-tests.jar:/home/user/.m2/repository/org/apache/hadoop/hadoop-annotations/3.2.0/hadoop-annotations-3.2.0.jar:/usr/lib/jvm/java-1.8-openjdk/jre/../lib/tools.jar:/home/user/.m2/repository/commons-cli/commons-cli/1.2/commons-cli-1.2.jar:/home/user/.m2/repository/org/apache/httpcomponents/httpclient/4.5.2/httpclient-4.5.2.jar:/home/user/.m2/repository/org/apache/httpcomponents/httpcore/4.4.4/httpcore-4.4.4.jar:/home/user/.m2/repository/commons-codec/commons-codec/1.11/commons-codec-1.11.jar:/home/user/.m2/repository/commons-net/commons-net/3.6/commons-net-3.6.jar:/home/user/.m2/repository/commons-collections/commons-collections/3.2.2/commons-collections-3.2.2.jar:/home/user/.m2/repository/org/eclipse/jetty/jetty-servlet/9.3.24.v20180605/jetty-servlet-9.3.24.v20180605.jar:/home/user/.m2/repository/org/eclipse/jetty/jetty-security/9.3.24.v20180605/jetty-security-9.3.24.v20180605.jar:/home/user/.m2/repository/javax/servlet/jsp/jsp-api/2.1/jsp-api-2.1.jar:/home/user/.m2/repository/com/sun/jersey/jersey-servlet/1.19/jersey-servlet-1.19.jar:/home/user/.m2/repository/com/sun/jersey/jersey-json/1.19/jersey-json-1.19.jar:/home/user/.m2/repository/org/codehaus/jettison/jettison/1.1/jettison-1.1.jar:/home/user/.m2/repository/org/codehaus/jackson/jackson-core-asl/1.9.13/jackson-core-asl-1.9.13.jar:/home/user/.m2/repository/org/codehaus/jackson/jackson-mapper-asl/1.9.13/jackson-mapper-asl-1.9.13.jar:/home/user/.m2/repository/org/codehaus/jackson/jackson-jaxrs/1.9.13/jackson-jaxrs-1.9.13.jar:/home/user/.m2/repository/org/codehaus/jackson/jackson-xc/1.9.13/jackson-xc-1.9.13.jar:/home/user/.m2/repository/commons-logging/commons-logging/1.1.3/commons-logging-1.1.3.jar:/home/user/.m2/repository/commons-beanutils/commons-beanutils/1.9.3/commons-beanutils-1.9.3.jar:/home/user/.m2/repository/org/apache/commons/commons-configuration2/2.1.1/commons-configuration2-2.1.1.jar:/home/user/.m2/repository/org/apache/commons/commons-lang3/3.7/commons-lang3-3.7.jar:/home/user/.m2/repository/org/apache/commons/commons-text/1.4/commons-text-1.4.jar:/home/user/.m2/repository/org/apache/avro/avro/1.7.7/avro-1.7.7.jar:/home/user/.m2/repository/com/thoughtworks/paranamer/paranamer/2.3/paranamer-2.3.jar:/home/user/.m2/repository/org/xerial/snappy/snappy-java/1.0.5/snappy-java-1.0.5.jar:/home/user/.m2/repository/com/google/re2j/re2j/1.1/re2j-1.1.jar:/home/user/.m2/repository/com/google/code/gson/gson/2.2.4/gson-2.2.4.jar:/home/user/.m2/repository/com/jcraft/jsch/0.1.54/jsch-0.1.54.jar:/home/user/.m2/repository/org/apache/curator/curator-client/2.12.0/curator-client-2.12.0.jar:/home/user/.m2/repository/org/apache/curator/curator-recipes/2.12.0/curator-recipes-2.12.0.jar:/home/user/.m2/repository/com/google/code/findbugs/jsr305/3.0.0/jsr305-3.0.0.jar:/home/user/.m2/repository/org/apache/htrace/htrace-core4/4.1.0-incubating/htrace-core4-4.1.0-incubating.jar:/home/user/.m2/repository/org/apache/zookeeper/zookeeper/3.4.13/zookeeper-3.4.13.jar:/home/user/.m2/repository/org/apache/yetus/audience-annotations/0.5.0/audience-annotations-0.5.0.jar:/home/user/.m2/repository/org/codehaus/woodstox/stax2-api/3.1.4/stax2-api-3.1.4.jar:/home/user/.m2/repository/com/fasterxml/woodstox/woodstox-core/5.0.3/woodstox-core-5.0.3.jar:/home/user/.m2/repository/dnsjava/dnsjava/2.1.7/dnsjava-2.1.7.jar:/home/user/.m2/repository/org/apache/hadoop/hadoop-hdfs/3.2.0/hadoop-hdfs-3.2.0-tests.jar:/home/user/.m2/repository/org/eclipse/jetty/jetty-util-ajax/9.3.24.v20180605/jetty-util-ajax-9.3.24.v20180605.jar:/home/user/.m2/repository/commons-daemon/commons-daemon/1.0.13/commons-daemon-1.0.13.jar:/home/user/.m2/repository/io/netty/netty/3.10.5.Final/netty-3.10.5.Final.jar:/home/user/.m2/repository/io/netty/netty-all/4.0.52.Final/netty-all-4.0.52.Final.jar:/home/user/.m2/repository/org/fusesource/leveldbjni/leveldbjni-all/1.8/leveldbjni-all-1.8.jar:"/>
    <property name="sun.cpu.endian" value="little"/>
    <property name="user.home" value="/home/user"/>
    <property name="user.language" value="en"/>
    <property name="java.specification.vendor" value="Oracle Corporation"/>
    <property name="java.home" value="/usr/lib/jvm/java-1.8-openjdk/jre"/>
    <property name="java.security.krb5.conf" value="/workdir/hadoop-ozone/integration-test/target/test-classes/krb5.conf"/>
    <property name="basedir" value="/workdir/hadoop-ozone/integration-test"/>
    <property name="file.separator" value="/"/>
    <property name="line.separator" value="&#10;"/>
    <property name="java.vm.specification.vendor" value="Oracle Corporation"/>
    <property name="java.specification.name" value="Java Platform API Specification"/>
    <property name="java.awt.graphicsenv" value="sun.awt.X11GraphicsEnvironment"/>
    <property name="surefire.real.class.path" value="/workdir/hadoop-ozone/integration-test/target/surefire/surefirebooter1218114954224369958.jar"/>
    <property name="hadoop.log.dir" value="/workdir/hadoop-ozone/integration-test/target/log"/>
    <property name="sun.boot.class.path" value="/usr/lib/jvm/java-1.8-openjdk/jre/lib/resources.jar:/usr/lib/jvm/java-1.8-openjdk/jre/lib/rt.jar:/usr/lib/jvm/java-1.8-openjdk/jre/lib/sunrsasign.jar:/usr/lib/jvm/java-1.8-openjdk/jre/lib/jsse.jar:/usr/lib/jvm/java-1.8-openjdk/jre/lib/jce.jar:/usr/lib/jvm/java-1.8-openjdk/jre/lib/charsets.jar:/usr/lib/jvm/java-1.8-openjdk/jre/lib/jfr.jar:/usr/lib/jvm/java-1.8-openjdk/jre/classes"/>
    <property name="sun.management.compiler" value="HotSpot 64-Bit Tiered Compilers"/>
    <property name="java.runtime.version" value="1.8.0_212-b04"/>
    <property name="java.net.preferIPv4Stack" value="true"/>
    <property name="user.name" value="jenkins1000"/>
    <property name="path.separator" value=":"/>
    <property name="java.security.egd" value="file:///dev/urandom"/>
    <property name="os.version" value="3.10.0-957.12.2.el7.x86_64"/>
    <property name="java.endorsed.dirs" value="/usr/lib/jvm/java-1.8-openjdk/jre/lib/endorsed"/>
    <property name="java.runtime.name" value="OpenJDK Runtime Environment"/>
    <property name="file.encoding" value="UTF-8"/>
    <property name="java.vm.name" value="OpenJDK 64-Bit Server VM"/>
    <property name="test.build.webapps" value=""/>
    <property name="localRepository" value="/home/user/.m2/repository"/>
    <property name="java.vendor.url.bug" value="https://icedtea.classpath.org/bugzilla"/>
    <property name="java.io.tmpdir" value="/tmp"/>
    <property name="require.test.libhadoop" value=""/>
    <property name="java.version" value="1.8.0_212"/>
    <property name="user.dir" value="/workdir/hadoop-ozone/integration-test"/>
    <property name="os.arch" value="amd64"/>
    <property name="java.vm.specification.name" value="Java Virtual Machine Specification"/>
    <property name="test.build.classes" value="/workdir/hadoop-ozone/integration-test/target/test-classes"/>
    <property name="java.awt.printerjob" value="sun.print.PSPrinterJob"/>
    <property name="sun.os.patch.level" value="unknown"/>
    <property name="hadoop.tmp.dir" value="/workdir/hadoop-ozone/integration-test/target/tmp"/>
    <property name="java.library.path" value="/usr/lib/jvm/java-1.8-openjdk/jre/lib/amd64/server:/usr/lib/jvm/java-1.8-openjdk/jre/lib/amd64:/usr/lib/jvm/java-1.8-openjdk/jre/../lib/amd64:/workdir/hadoop-ozone/integration-test/target/native/target/usr/local/lib:/workdir/hadoop-ozone/integration-test/../../hadoop-common-project/hadoop-common/target/native/target/usr/local/lib:/usr/java/packages/lib/amd64:/usr/lib64:/lib64:/lib:/usr/lib"/>
    <property name="java.vm.info" value="mixed mode"/>
    <property name="java.vendor" value="IcedTea"/>
    <property name="java.vm.version" value="25.212-b04"/>
    <property name="java.ext.dirs" value="/usr/lib/jvm/java-1.8-openjdk/jre/lib/ext:/usr/java/packages/lib/ext"/>
    <property name="sun.io.unicode.encoding" value="UnicodeLittle"/>
    <property name="java.class.version" value="52.0"/>
  </properties>
  <testcase name="testPipelineExclusionWithPipelineFailure" classname="org.apache.hadoop.ozone.client.rpc.TestFailureHandlingByClient" time="55.732"/>
  <testcase name="testContainerExclusionWithClosedContainerException" classname="org.apache.hadoop.ozone.client.rpc.TestFailureHandlingByClient" time="35.887"/>
  <testcase name="testWriteSmallFile" classname="org.apache.hadoop.ozone.client.rpc.TestFailureHandlingByClient" time="67.481"/>
  <testcase name="testBlockWritesWithDnFailures" classname="org.apache.hadoop.ozone.client.rpc.TestFailureHandlingByClient" time="112.804">
    <error message="Allocated 0 blocks. Requested 1 blocks" type="INTERNAL_ERROR org.apache.hadoop.ozone.om.exceptions.OMException">INTERNAL_ERROR org.apache.hadoop.ozone.om.exceptions.OMException: Allocated 0 blocks. Requested 1 blocks
	at org.apache.hadoop.ozone.om.protocolPB.OzoneManagerProtocolClientSideTranslatorPB.handleError(OzoneManagerProtocolClientSideTranslatorPB.java:725)
	at org.apache.hadoop.ozone.om.protocolPB.OzoneManagerProtocolClientSideTranslatorPB.allocateBlock(OzoneManagerProtocolClientSideTranslatorPB.java:757)
	at org.apache.hadoop.ozone.client.io.BlockOutputStreamEntryPool.allocateNewBlock(BlockOutputStreamEntryPool.java:248)
	at org.apache.hadoop.ozone.client.io.BlockOutputStreamEntryPool.allocateBlockIfNeeded(BlockOutputStreamEntryPool.java:296)
	at org.apache.hadoop.ozone.client.io.KeyOutputStream.handleWrite(KeyOutputStream.java:201)
	at org.apache.hadoop.ozone.client.io.KeyOutputStream.handleRetry(KeyOutputStream.java:376)
	at org.apache.hadoop.ozone.client.io.KeyOutputStream.handleException(KeyOutputStream.java:325)
	at org.apache.hadoop.ozone.client.io.KeyOutputStream.handleFlushOrClose(KeyOutputStream.java:448)
	at org.apache.hadoop.ozone.client.io.KeyOutputStream.close(KeyOutputStream.java:472)
	at org.apache.hadoop.ozone.client.io.OzoneOutputStream.close(OzoneOutputStream.java:60)
	at org.apache.hadoop.ozone.client.rpc.TestFailureHandlingByClient.testBlockWritesWithDnFailures(TestFailureHandlingByClient.java:163)
	at sun.reflect.NativeMethodAccessorImpl.invoke0(Native Method)
	at sun.reflect.NativeMethodAccessorImpl.invoke(NativeMethodAccessorImpl.java:62)
	at sun.reflect.DelegatingMethodAccessorImpl.invoke(DelegatingMethodAccessorImpl.java:43)
	at java.lang.reflect.Method.invoke(Method.java:498)
	at org.junit.runners.model.FrameworkMethod$1.runReflectiveCall(FrameworkMethod.java:47)
	at org.junit.internal.runners.model.ReflectiveCallable.run(ReflectiveCallable.java:12)
	at org.junit.runners.model.FrameworkMethod.invokeExplosively(FrameworkMethod.java:44)
	at org.junit.internal.runners.statements.InvokeMethod.evaluate(InvokeMethod.java:17)
	at org.junit.internal.runners.statements.RunAfters.evaluate(RunAfters.java:27)
	at org.junit.runners.ParentRunner.runLeaf(ParentRunner.java:271)
	at org.junit.runners.BlockJUnit4ClassRunner.runChild(BlockJUnit4ClassRunner.java:70)
	at org.junit.runners.BlockJUnit4ClassRunner.runChild(BlockJUnit4ClassRunner.java:50)
	at org.junit.runners.ParentRunner$3.run(ParentRunner.java:238)
	at org.junit.runners.ParentRunner$1.schedule(ParentRunner.java:63)
	at org.junit.runners.ParentRunner.runChildren(ParentRunner.java:236)
	at org.junit.runners.ParentRunner.access$000(ParentRunner.java:53)
	at org.junit.runners.ParentRunner$2.evaluate(ParentRunner.java:229)
	at org.junit.runners.ParentRunner.run(ParentRunner.java:309)
	at org.apache.maven.surefire.junit4.JUnit4Provider.execute(JUnit4Provider.java:365)
	at org.apache.maven.surefire.junit4.JUnit4Provider.executeWithRerun(JUnit4Provider.java:273)
	at org.apache.maven.surefire.junit4.JUnit4Provider.executeTestSet(JUnit4Provider.java:238)
	at org.apache.maven.surefire.junit4.JUnit4Provider.invoke(JUnit4Provider.java:159)
	at org.apache.maven.surefire.booter.ForkedBooter.invokeProviderInSameClassLoader(ForkedBooter.java:384)
	at org.apache.maven.surefire.booter.ForkedBooter.runSuitesInProcess(ForkedBooter.java:345)
	at org.apache.maven.surefire.booter.ForkedBooter.execute(ForkedBooter.java:126)
	at org.apache.maven.surefire.booter.ForkedBooter.main(ForkedBooter.java:418)
</error>
    <system-out><![CDATA[2019-08-29 11:53:55,441 [main] WARN  server.ServerUtils (ServerUtils.java:getScmDbDir(145)) - ozone.scm.db.dirs is not configured. We recommend adding this setting. Falling back to ozone.metadata.dirs instead.
2019-08-29 11:54:14,539 [4aff33b0-3771-4cd7-9813-909ce72fd529:group-7557E34BB9B4:LeaderElection116] WARN  util.FileUtils (LogUtils.java:runAndLog(55)) - Failed to Files.move /workdir/hadoop-ozone/integration-test/target/test-dir/MiniOzoneClusterImpl-df45decd-67b9-437c-bae1-492a7abf5862/datanode-1/data/ratis/9d79d59e-5e0f-4bb4-a329-7557e34bb9b4/current/raft-meta.tmp to /workdir/hadoop-ozone/integration-test/target/test-dir/MiniOzoneClusterImpl-df45decd-67b9-437c-bae1-492a7abf5862/datanode-1/data/ratis/9d79d59e-5e0f-4bb4-a329-7557e34bb9b4/current/raft-meta: java.nio.file.NoSuchFileException: /workdir/hadoop-ozone/integration-test/target/test-dir/MiniOzoneClusterImpl-df45decd-67b9-437c-bae1-492a7abf5862/datanode-1/data/ratis/9d79d59e-5e0f-4bb4-a329-7557e34bb9b4/current/raft-meta.tmp
2019-08-29 11:54:14,539 [4aff33b0-3771-4cd7-9813-909ce72fd529:group-7557E34BB9B4:LeaderElection116] WARN  util.AtomicFileOutputStream (AtomicFileOutputStream.java:abort(100)) - Unable to delete tmp file during abort /workdir/hadoop-ozone/integration-test/target/test-dir/MiniOzoneClusterImpl-df45decd-67b9-437c-bae1-492a7abf5862/datanode-1/data/ratis/9d79d59e-5e0f-4bb4-a329-7557e34bb9b4/current/raft-meta.tmp
2019-08-29 11:54:14,540 [4aff33b0-3771-4cd7-9813-909ce72fd529:group-7557E34BB9B4:LeaderElection116] INFO  impl.LeaderElection (LogUtils.java:infoOrTrace(149)) - Failed 4aff33b0-3771-4cd7-9813-909ce72fd529:group-7557E34BB9B4:LeaderElection116, state=CLOSING: {}
java.nio.file.NoSuchFileException: /workdir/hadoop-ozone/integration-test/target/test-dir/MiniOzoneClusterImpl-df45decd-67b9-437c-bae1-492a7abf5862/datanode-1/data/ratis/9d79d59e-5e0f-4bb4-a329-7557e34bb9b4/current/raft-meta.tmp
	at sun.nio.fs.UnixException.translateToIOException(UnixException.java:86)
	at sun.nio.fs.UnixException.rethrowAsIOException(UnixException.java:102)
	at sun.nio.fs.UnixException.rethrowAsIOException(UnixException.java:107)
	at sun.nio.fs.UnixCopyFile.move(UnixCopyFile.java:409)
	at sun.nio.fs.UnixFileSystemProvider.move(UnixFileSystemProvider.java:262)
	at java.nio.file.Files.move(Files.java:1395)
	at org.apache.ratis.util.FileUtils.lambda$move$6(FileUtils.java:65)
	at org.apache.ratis.util.LogUtils.runAndLog(LogUtils.java:50)
	at org.apache.ratis.util.FileUtils.move(FileUtils.java:64)
	at org.apache.ratis.util.FileUtils.move(FileUtils.java:60)
	at org.apache.ratis.util.AtomicFileOutputStream.close(AtomicFileOutputStream.java:73)
	at org.apache.ratis.server.storage.MetaFile.writeFile(MetaFile.java:96)
	at org.apache.ratis.server.storage.MetaFile.set(MetaFile.java:75)
	at org.apache.ratis.server.raftlog.segmented.SegmentedRaftLog.writeMetadata(SegmentedRaftLog.java:401)
	at org.apache.ratis.server.impl.ServerState.persistMetadata(ServerState.java:240)
	at org.apache.ratis.server.impl.LeaderElection.askForVotes(LeaderElection.java:179)
	at org.apache.ratis.server.impl.LeaderElection.run(LeaderElection.java:130)
	at java.lang.Thread.run(Thread.java:748)
2019-08-29 11:54:14,541 [4aff33b0-3771-4cd7-9813-909ce72fd529:group-7557E34BB9B4:LeaderElection116] INFO  impl.LeaderElection (LeaderElection.java:run(141)) - 4aff33b0-3771-4cd7-9813-909ce72fd529:group-7557E34BB9B4:LeaderElection116: NoSuchFileException is safely ignored since this is already CLOSING
2019-08-29 11:54:16,231 [main] WARN  server.ServerUtils (ServerUtils.java:getScmDbDir(145)) - ozone.scm.db.dirs is not configured. We recommend adding this setting. Falling back to ozone.metadata.dirs instead.
2019-08-29 11:54:16,232 [main] WARN  server.ServerUtils (ServerUtils.java:getScmDbDir(145)) - ozone.scm.db.dirs is not configured. We recommend adding this setting. Falling back to ozone.metadata.dirs instead.
2019-08-29 11:54:16,233 [main] INFO  db.DBStoreBuilder (DBStoreBuilder.java:addTable(110)) - using custom profile for table: deletedBlocks
2019-08-29 11:54:16,233 [main] INFO  db.DBStoreBuilder (DBStoreBuilder.java:processTables(161)) - Using default column profile:DBProfile.DISK for Table:deletedBlocks
2019-08-29 11:54:16,234 [main] INFO  db.DBStoreBuilder (DBStoreBuilder.java:addTable(110)) - using custom profile for table: validCerts
2019-08-29 11:54:16,234 [main] INFO  db.DBStoreBuilder (DBStoreBuilder.java:processTables(161)) - Using default column profile:DBProfile.DISK for Table:validCerts
2019-08-29 11:54:16,234 [main] INFO  db.DBStoreBuilder (DBStoreBuilder.java:addTable(110)) - using custom profile for table: revokedCerts
2019-08-29 11:54:16,234 [main] INFO  db.DBStoreBuilder (DBStoreBuilder.java:processTables(161)) - Using default column profile:DBProfile.DISK for Table:revokedCerts
2019-08-29 11:54:16,234 [main] INFO  db.DBStoreBuilder (DBStoreBuilder.java:addTable(110)) - using custom profile for table: default
2019-08-29 11:54:16,235 [main] INFO  db.DBStoreBuilder (DBStoreBuilder.java:processTables(167)) - Using default column profile:DBProfile.DISK for Table:default
2019-08-29 11:54:16,235 [main] INFO  db.DBStoreBuilder (DBStoreBuilder.java:getDbProfile(198)) - Using default options. DBProfile.DISK
2019-08-29 11:54:18,960 [main] INFO  net.NodeSchemaLoader (NodeSchemaLoader.java:loadSchemaFromFile(125)) - Loading file from sun.misc.CompoundEnumeration@48cb2d73
2019-08-29 11:54:18,960 [main] INFO  net.NodeSchemaLoader (NodeSchemaLoader.java:loadSchema(171)) - Loading network topology layer schema file
2019-08-29 11:54:18,965 [main] INFO  node.SCMNodeManager (SCMNodeManager.java:<init>(121)) - Entering startup safe mode.
2019-08-29 11:54:18,966 [main] INFO  algorithms.ContainerPlacementPolicyFactory (ContainerPlacementPolicyFactory.java:getPolicy(55)) - Create container placement policy of type org.apache.hadoop.hdds.scm.container.placement.algorithms.SCMContainerPlacementRandom
2019-08-29 11:54:18,967 [main] WARN  server.ServerUtils (ServerUtils.java:getScmDbDir(145)) - ozone.scm.db.dirs is not configured. We recommend adding this setting. Falling back to ozone.metadata.dirs instead.
2019-08-29 11:54:19,035 [main] INFO  pipeline.SCMPipelineManager (SCMPipelineManager.java:initializePipelineState(126)) - No pipeline exists in current db
2019-08-29 11:54:19,035 [main] WARN  server.ServerUtils (ServerUtils.java:getScmDbDir(145)) - ozone.scm.db.dirs is not configured. We recommend adding this setting. Falling back to ozone.metadata.dirs instead.
2019-08-29 11:54:19,086 [main] WARN  events.EventQueue (EventQueue.java:fireEvent(175)) - No event handler registered for event TypedEvent{payloadType=SafeModeStatus, name='SafeModeStatus'}
2019-08-29 11:54:19,087 [main] INFO  ipc.CallQueueManager (CallQueueManager.java:<init>(84)) - Using callQueue: class java.util.concurrent.LinkedBlockingQueue, queueCapacity: 2000, scheduler: class org.apache.hadoop.ipc.DefaultRpcScheduler, ipcBackoff: false.
2019-08-29 11:54:19,089 [Socket Reader #1 for port 36817] INFO  ipc.Server (Server.java:run(1074)) - Starting Socket Reader #1 for port 36817
2019-08-29 11:54:19,091 [main] INFO  ipc.CallQueueManager (CallQueueManager.java:<init>(84)) - Using callQueue: class java.util.concurrent.LinkedBlockingQueue, queueCapacity: 2000, scheduler: class org.apache.hadoop.ipc.DefaultRpcScheduler, ipcBackoff: false.
2019-08-29 11:54:19,092 [Socket Reader #1 for port 43501] INFO  ipc.Server (Server.java:run(1074)) - Starting Socket Reader #1 for port 43501
2019-08-29 11:54:19,094 [main] INFO  ipc.CallQueueManager (CallQueueManager.java:<init>(84)) - Using callQueue: class java.util.concurrent.LinkedBlockingQueue, queueCapacity: 2000, scheduler: class org.apache.hadoop.ipc.DefaultRpcScheduler, ipcBackoff: false.
2019-08-29 11:54:19,095 [Socket Reader #1 for port 45347] INFO  ipc.Server (Server.java:run(1074)) - Starting Socket Reader #1 for port 45347
2019-08-29 11:54:19,097 [main] INFO  hdfs.DFSUtil (DFSUtil.java:httpServerTemplateForNNAndJN(1641)) - Starting Web-server for scm at: http://0.0.0.0:0
2019-08-29 11:54:19,099 [main] INFO  server.AuthenticationFilter (AuthenticationFilter.java:constructSecretProvider(240)) - Unable to initialize FileSignerSecretProvider, falling back to use random secrets.
2019-08-29 11:54:19,100 [main] WARN  http.HttpRequestLog (HttpRequestLog.java:getRequestLog(97)) - Jetty request log can only be enabled using Log4j
2019-08-29 11:54:19,102 [main] INFO  http.HttpServer2 (HttpServer2.java:addGlobalFilter(975)) - Added global filter 'safety' (class=org.apache.hadoop.http.HttpServer2$QuotingInputFilter)
2019-08-29 11:54:19,103 [main] INFO  http.HttpServer2 (HttpServer2.java:addFilter(948)) - Added filter static_user_filter (class=org.apache.hadoop.http.lib.StaticUserWebFilter$StaticUserFilter) to context scm
2019-08-29 11:54:19,103 [main] INFO  http.HttpServer2 (HttpServer2.java:addFilter(958)) - Added filter static_user_filter (class=org.apache.hadoop.http.lib.StaticUserWebFilter$StaticUserFilter) to context static
2019-08-29 11:54:19,104 [main] INFO  http.HttpServer2 (HttpServer2.java:addFilter(958)) - Added filter static_user_filter (class=org.apache.hadoop.http.lib.StaticUserWebFilter$StaticUserFilter) to context logs
2019-08-29 11:54:19,106 [main] INFO  server.StorageContainerManager (StorageContainerManager.java:start(759)) - StorageContainerLocationProtocol RPC server is listening at /0.0.0.0:45347
2019-08-29 11:54:19,109 [main] WARN  impl.MetricsConfig (MetricsConfig.java:loadFirst(134)) - Cannot locate configuration: tried hadoop-metrics2-storagecontainermanager.properties,hadoop-metrics2.properties
2019-08-29 11:54:19,110 [main] INFO  impl.MetricsSystemImpl (MetricsSystemImpl.java:startTimer(374)) - Scheduled Metric snapshot period at 10 second(s).
2019-08-29 11:54:19,110 [main] INFO  impl.MetricsSystemImpl (MetricsSystemImpl.java:start(191)) - StorageContainerManager metrics system started
2019-08-29 11:54:19,176 [main] INFO  server.SCMClientProtocolServer (SCMClientProtocolServer.java:start(151)) - RPC server for Client  is listening at /0.0.0.0:45347
2019-08-29 11:54:19,177 [IPC Server Responder] INFO  ipc.Server (Server.java:run(1314)) - IPC Server Responder: starting
2019-08-29 11:54:19,177 [IPC Server listener on 45347] INFO  ipc.Server (Server.java:run(1153)) - IPC Server listener on 45347: starting
2019-08-29 11:54:19,180 [main] INFO  server.StorageContainerManager (StorageContainerManager.java:start(769)) - ScmBlockLocationProtocol RPC server is listening at /0.0.0.0:43501
2019-08-29 11:54:19,180 [main] INFO  server.SCMBlockProtocolServer (SCMBlockProtocolServer.java:start(140)) - RPC server for Block Protocol is listening at /0.0.0.0:43501
2019-08-29 11:54:19,181 [IPC Server Responder] INFO  ipc.Server (Server.java:run(1314)) - IPC Server Responder: starting
2019-08-29 11:54:19,181 [IPC Server listener on 43501] INFO  ipc.Server (Server.java:run(1153)) - IPC Server listener on 43501: starting
2019-08-29 11:54:19,183 [main] INFO  server.StorageContainerManager (StorageContainerManager.java:start(773)) - ScmDatanodeProtocl RPC server is listening at /0.0.0.0:36817
2019-08-29 11:54:19,183 [main] INFO  server.SCMDatanodeProtocolServer (SCMDatanodeProtocolServer.java:start(191)) - RPC server for DataNodes is listening at /0.0.0.0:36817
2019-08-29 11:54:19,184 [IPC Server listener on 36817] INFO  ipc.Server (Server.java:run(1153)) - IPC Server listener on 36817: starting
2019-08-29 11:54:19,184 [IPC Server Responder] INFO  ipc.Server (Server.java:run(1314)) - IPC Server Responder: starting
2019-08-29 11:54:19,186 [main] INFO  http.HttpServer2 (HttpServer2.java:bindListener(1191)) - Jetty bound to port 37350
2019-08-29 11:54:19,187 [main] INFO  server.Server (Server.java:doStart(351)) - jetty-9.3.24.v20180605, build timestamp: 2018-06-05T17:11:56Z, git hash: 84205aa28f11a4f31f2a3b86d1bba2cc8ab69827
2019-08-29 11:54:19,188 [main] INFO  handler.ContextHandler (ContextHandler.java:doStart(781)) - Started o.e.j.s.ServletContextHandler@548e43b1{/logs,file:///workdir/hadoop-ozone/integration-test/target/log,AVAILABLE}
2019-08-29 11:54:19,189 [main] INFO  handler.ContextHandler (ContextHandler.java:doStart(781)) - Started o.e.j.s.ServletContextHandler@6d293993{/static,file:///workdir/hadoop-ozone/integration-test/target/test-classes/webapps/static,AVAILABLE}
2019-08-29 11:54:19,192 [main] INFO  handler.ContextHandler (ContextHandler.java:doStart(781)) - Started o.e.j.w.WebAppContext@423ed3b5{/,file:///workdir/hadoop-ozone/integration-test/target/test-classes/webapps/scm/,AVAILABLE}{/scm}
2019-08-29 11:54:19,193 [main] INFO  server.AbstractConnector (AbstractConnector.java:doStart(278)) - Started ServerConnector@5d124d29{HTTP/1.1,[http/1.1]}{0.0.0.0:37350}
2019-08-29 11:54:19,194 [main] INFO  server.Server (Server.java:doStart(419)) - Started @183281ms
2019-08-29 11:54:19,194 [main] INFO  server.BaseHttpServer (BaseHttpServer.java:updateConnectorAddress(213)) - HTTP server of SCM is listening at http://0.0.0.0:37350
2019-08-29 11:54:19,195 [main] WARN  server.ServerUtils (ServerUtils.java:getDBPath(222)) - ozone.om.db.dirs is not configured. We recommend adding this setting. Falling back to ozone.metadata.dirs instead.
2019-08-29 11:54:19,196 [org.apache.hadoop.util.JvmPauseMonitor$Monitor@74960e9d] INFO  util.JvmPauseMonitor (JvmPauseMonitor.java:run(188)) - Starting JVM pause monitor
2019-08-29 11:54:19,207 [main] WARN  server.ServerUtils (ServerUtils.java:getDBPath(222)) - ozone.om.db.dirs is not configured. We recommend adding this setting. Falling back to ozone.metadata.dirs instead.
2019-08-29 11:54:19,207 [main] WARN  server.ServerUtils (ServerUtils.java:getDBPath(222)) - ozone.om.db.dirs is not configured. We recommend adding this setting. Falling back to ozone.metadata.dirs instead.
2019-08-29 11:54:19,208 [main] INFO  om.OzoneManager (OzoneManager.java:setOMNodeDetails(645)) - OM Service ID is not set. Setting it to the default ID: omServiceIdDefault
2019-08-29 11:54:19,208 [main] INFO  om.OzoneManager (OzoneManager.java:setOMNodeDetails(651)) - OM Node ID is not set. Setting it to the OmStorage's OmID: 060e6340-a660-4d30-b243-a753818e830b
2019-08-29 11:54:19,208 [main] INFO  om.OzoneManager (OzoneManager.java:loadOMHAConfigs(602)) - Found matching OM address with OMServiceId: null, OMNodeId: null, RPC Address: localhost:0 and Ratis port: 9872
2019-08-29 11:54:19,217 | INFO  | SCMAudit | user=jenkins1000 | ip=192.168.5.171 | op=GET_SCM_INFO null | ret=SUCCESS |  
2019-08-29 11:54:19,219 [main] WARN  server.ServerUtils (ServerUtils.java:getDBPath(222)) - ozone.om.db.dirs is not configured. We recommend adding this setting. Falling back to ozone.metadata.dirs instead.
2019-08-29 11:54:19,220 [main] INFO  db.DBStoreBuilder (DBStoreBuilder.java:addTable(110)) - using custom profile for table: userTable
2019-08-29 11:54:19,220 [main] INFO  db.DBStoreBuilder (DBStoreBuilder.java:processTables(161)) - Using default column profile:DBProfile.DISK for Table:userTable
2019-08-29 11:54:19,220 [main] INFO  db.DBStoreBuilder (DBStoreBuilder.java:addTable(110)) - using custom profile for table: volumeTable
2019-08-29 11:54:19,220 [main] INFO  db.DBStoreBuilder (DBStoreBuilder.java:processTables(161)) - Using default column profile:DBProfile.DISK for Table:volumeTable
2019-08-29 11:54:19,220 [main] INFO  db.DBStoreBuilder (DBStoreBuilder.java:addTable(110)) - using custom profile for table: bucketTable
2019-08-29 11:54:19,221 [main] INFO  db.DBStoreBuilder (DBStoreBuilder.java:processTables(161)) - Using default column profile:DBProfile.DISK for Table:bucketTable
2019-08-29 11:54:19,221 [main] INFO  db.DBStoreBuilder (DBStoreBuilder.java:addTable(110)) - using custom profile for table: keyTable
2019-08-29 11:54:19,221 [main] INFO  db.DBStoreBuilder (DBStoreBuilder.java:processTables(161)) - Using default column profile:DBProfile.DISK for Table:keyTable
2019-08-29 11:54:19,221 [main] INFO  db.DBStoreBuilder (DBStoreBuilder.java:addTable(110)) - using custom profile for table: deletedTable
2019-08-29 11:54:19,221 [main] INFO  db.DBStoreBuilder (DBStoreBuilder.java:processTables(161)) - Using default column profile:DBProfile.DISK for Table:deletedTable
2019-08-29 11:54:19,221 [main] INFO  db.DBStoreBuilder (DBStoreBuilder.java:addTable(110)) - using custom profile for table: openKeyTable
2019-08-29 11:54:19,222 [main] INFO  db.DBStoreBuilder (DBStoreBuilder.java:processTables(161)) - Using default column profile:DBProfile.DISK for Table:openKeyTable
2019-08-29 11:54:19,222 [main] INFO  db.DBStoreBuilder (DBStoreBuilder.java:addTable(110)) - using custom profile for table: s3Table
2019-08-29 11:54:19,222 [main] INFO  db.DBStoreBuilder (DBStoreBuilder.java:processTables(161)) - Using default column profile:DBProfile.DISK for Table:s3Table
2019-08-29 11:54:19,222 [main] INFO  db.DBStoreBuilder (DBStoreBuilder.java:addTable(110)) - using custom profile for table: multipartInfoTable
2019-08-29 11:54:19,222 [main] INFO  db.DBStoreBuilder (DBStoreBuilder.java:processTables(161)) - Using default column profile:DBProfile.DISK for Table:multipartInfoTable
2019-08-29 11:54:19,222 [main] INFO  db.DBStoreBuilder (DBStoreBuilder.java:addTable(110)) - using custom profile for table: dTokenTable
2019-08-29 11:54:19,223 [main] INFO  db.DBStoreBuilder (DBStoreBuilder.java:processTables(161)) - Using default column profile:DBProfile.DISK for Table:dTokenTable
2019-08-29 11:54:19,223 [main] INFO  db.DBStoreBuilder (DBStoreBuilder.java:addTable(110)) - using custom profile for table: s3SecretTable
2019-08-29 11:54:19,223 [main] INFO  db.DBStoreBuilder (DBStoreBuilder.java:processTables(161)) - Using default column profile:DBProfile.DISK for Table:s3SecretTable
2019-08-29 11:54:19,223 [main] INFO  db.DBStoreBuilder (DBStoreBuilder.java:addTable(110)) - using custom profile for table: prefixTable
2019-08-29 11:54:19,223 [main] INFO  db.DBStoreBuilder (DBStoreBuilder.java:processTables(161)) - Using default column profile:DBProfile.DISK for Table:prefixTable
2019-08-29 11:54:19,224 [main] INFO  db.DBStoreBuilder (DBStoreBuilder.java:addTable(110)) - using custom profile for table: default
2019-08-29 11:54:19,224 [main] INFO  db.DBStoreBuilder (DBStoreBuilder.java:processTables(167)) - Using default column profile:DBProfile.DISK for Table:default
2019-08-29 11:54:19,224 [main] INFO  db.DBStoreBuilder (DBStoreBuilder.java:getDbProfile(198)) - Using default options. DBProfile.DISK
2019-08-29 11:54:28,675 [main] INFO  ipc.CallQueueManager (CallQueueManager.java:<init>(84)) - Using callQueue: class java.util.concurrent.LinkedBlockingQueue, queueCapacity: 2000, scheduler: class org.apache.hadoop.ipc.DefaultRpcScheduler, ipcBackoff: false.
2019-08-29 11:54:28,676 [Socket Reader #1 for port 32856] INFO  ipc.Server (Server.java:run(1074)) - Starting Socket Reader #1 for port 32856
2019-08-29 11:54:28,691 [main] INFO  om.OzoneManager (OzoneManager.java:start(1256)) - OzoneManager RPC server is listening at localhost/127.0.0.1:32856
2019-08-29 11:54:28,691 [main] INFO  impl.MetricsSystemImpl (MetricsSystemImpl.java:init(158)) - OzoneManager metrics system started (again)
2019-08-29 11:54:28,692 [IPC Server Responder] INFO  ipc.Server (Server.java:run(1314)) - IPC Server Responder: starting
2019-08-29 11:54:28,692 [IPC Server listener on 32856] INFO  ipc.Server (Server.java:run(1153)) - IPC Server listener on 32856: starting
2019-08-29 11:54:28,698 [main] INFO  hdfs.DFSUtil (DFSUtil.java:httpServerTemplateForNNAndJN(1641)) - Starting Web-server for ozoneManager at: http://0.0.0.0:0
2019-08-29 11:54:28,700 [main] INFO  server.AuthenticationFilter (AuthenticationFilter.java:constructSecretProvider(240)) - Unable to initialize FileSignerSecretProvider, falling back to use random secrets.
2019-08-29 11:54:28,700 [main] WARN  http.HttpRequestLog (HttpRequestLog.java:getRequestLog(97)) - Jetty request log can only be enabled using Log4j
2019-08-29 11:54:28,702 [main] INFO  http.HttpServer2 (HttpServer2.java:addGlobalFilter(975)) - Added global filter 'safety' (class=org.apache.hadoop.http.HttpServer2$QuotingInputFilter)
2019-08-29 11:54:28,703 [main] INFO  http.HttpServer2 (HttpServer2.java:addFilter(948)) - Added filter static_user_filter (class=org.apache.hadoop.http.lib.StaticUserWebFilter$StaticUserFilter) to context ozoneManager
2019-08-29 11:54:28,703 [main] INFO  http.HttpServer2 (HttpServer2.java:addFilter(958)) - Added filter static_user_filter (class=org.apache.hadoop.http.lib.StaticUserWebFilter$StaticUserFilter) to context logs
2019-08-29 11:54:28,703 [main] INFO  http.HttpServer2 (HttpServer2.java:addFilter(958)) - Added filter static_user_filter (class=org.apache.hadoop.http.lib.StaticUserWebFilter$StaticUserFilter) to context static
2019-08-29 11:54:28,704 [main] INFO  http.HttpServer2 (HttpServer2.java:bindListener(1191)) - Jetty bound to port 33053
2019-08-29 11:54:28,705 [main] INFO  server.Server (Server.java:doStart(351)) - jetty-9.3.24.v20180605, build timestamp: 2018-06-05T17:11:56Z, git hash: 84205aa28f11a4f31f2a3b86d1bba2cc8ab69827
2019-08-29 11:54:28,707 [main] INFO  handler.ContextHandler (ContextHandler.java:doStart(781)) - Started o.e.j.s.ServletContextHandler@586495f1{/logs,file:///workdir/hadoop-ozone/integration-test/target/log,AVAILABLE}
2019-08-29 11:54:28,707 [main] INFO  handler.ContextHandler (ContextHandler.java:doStart(781)) - Started o.e.j.s.ServletContextHandler@2a0ea492{/static,file:///workdir/hadoop-ozone/integration-test/target/test-classes/webapps/static,AVAILABLE}
2019-08-29 11:54:28,712 [main] INFO  handler.ContextHandler (ContextHandler.java:doStart(781)) - Started o.e.j.w.WebAppContext@39ab5ef7{/,file:///workdir/hadoop-ozone/integration-test/target/test-classes/webapps/ozoneManager/,AVAILABLE}{/ozoneManager}
2019-08-29 11:54:28,712 [main] INFO  server.AbstractConnector (AbstractConnector.java:doStart(278)) - Started ServerConnector@517704{HTTP/1.1,[http/1.1]}{0.0.0.0:33053}
2019-08-29 11:54:28,713 [main] INFO  server.Server (Server.java:doStart(419)) - Started @192800ms
2019-08-29 11:54:28,714 [main] INFO  server.BaseHttpServer (BaseHttpServer.java:updateConnectorAddress(213)) - HTTP server of OZONEMANAGER is listening at http://0.0.0.0:33053
2019-08-29 11:54:28,741 [main] INFO  impl.MetricsSystemImpl (MetricsSystemImpl.java:init(158)) - HddsDatanode metrics system started (again)
2019-08-29 11:54:28,743 [main] INFO  ozone.HddsDatanodeService (HddsDatanodeService.java:start(184)) - HddsDatanodeService host:pr-hdds-2058-gt6pm-2007824988 ip:192.168.5.171
2019-08-29 11:54:28,752 [main] INFO  volume.HddsVolume (HddsVolume.java:<init>(176)) - Creating Volume: /workdir/hadoop-ozone/integration-test/target/test-dir/MiniOzoneClusterImpl-16ce5ac2-d92d-4b29-933b-33d00735e97e/datanode-0/data/containers/hdds of  storage type : DISK and capacity : 1482555576320
2019-08-29 11:54:28,765 [main] INFO  volume.VolumeSet (VolumeSet.java:initializeVolumeSet(170)) - Added Volume : /workdir/hadoop-ozone/integration-test/target/test-dir/MiniOzoneClusterImpl-16ce5ac2-d92d-4b29-933b-33d00735e97e/datanode-0/data/containers/hdds to VolumeSet
2019-08-29 11:54:28,766 [main] INFO  volume.ThrottledAsyncChecker (ThrottledAsyncChecker.java:schedule(140)) - Scheduling a check for org.apache.hadoop.ozone.container.common.volume.HddsVolume@296edc75
2019-08-29 11:54:28,766 [main] INFO  volume.HddsVolumeChecker (HddsVolumeChecker.java:checkAllVolumes(203)) - Scheduled health check for volume org.apache.hadoop.ozone.container.common.volume.HddsVolume@296edc75
2019-08-29 11:54:28,785 [main] INFO  impl.RaftServerProxy (ConfUtils.java:logGet(43)) - raft.rpc.type = GRPC (default)
2019-08-29 11:54:28,785 [main] INFO  grpc.GrpcFactory (GrpcFactory.java:checkPooledByteBufAllocatorUseCacheForAllThreads(45)) - PERFORMANCE WARNING: useCacheForAllThreads is true that may cause Netty to create a lot garbage objects and, as a result, trigger GC.
	It is recommended to disable useCacheForAllThreads by setting -Dorg.apache.ratis.thirdparty.io.netty.allocator.useCacheForAllThreads=false in command line.
2019-08-29 11:54:28,785 [main] INFO  grpc.GrpcConfigKeys$Server (ConfUtils.java:logGet(43)) - raft.grpc.server.port = 0 (default)
2019-08-29 11:54:28,786 [main] INFO  server.GrpcService (ConfUtils.java:logGet(43)) - raft.grpc.message.size.max = 33570816 (custom)
2019-08-29 11:54:28,786 [main] INFO  server.RaftServerConfigKeys (ConfUtils.java:logGet(43)) - raft.server.log.appender.buffer.byte-limit = 33554432 (custom)
2019-08-29 11:54:28,786 [main] INFO  server.GrpcService (ConfUtils.java:logGet(43)) - raft.grpc.flow.control.window = 1MB (=1048576) (default)
2019-08-29 11:54:28,787 [main] INFO  server.RaftServerConfigKeys (ConfUtils.java:logGet(43)) - raft.server.rpc.request.timeout = 3000ms (default)
2019-08-29 11:54:28,787 [main] INFO  server.RaftServerConfigKeys (ConfUtils.java:logGet(43)) - raft.server.storage.dir = [/workdir/hadoop-ozone/integration-test/target/test-dir/MiniOzoneClusterImpl-16ce5ac2-d92d-4b29-933b-33d00735e97e/datanode-0/data/ratis] (custom)
2019-08-29 11:54:28,789 [main] INFO  hdfs.DFSUtil (DFSUtil.java:httpServerTemplateForNNAndJN(1641)) - Starting Web-server for hddsDatanode at: http://0.0.0.0:0
2019-08-29 11:54:28,791 [main] INFO  server.AuthenticationFilter (AuthenticationFilter.java:constructSecretProvider(240)) - Unable to initialize FileSignerSecretProvider, falling back to use random secrets.
2019-08-29 11:54:28,792 [main] WARN  http.HttpRequestLog (HttpRequestLog.java:getRequestLog(97)) - Jetty request log can only be enabled using Log4j
2019-08-29 11:54:28,794 [main] INFO  http.HttpServer2 (HttpServer2.java:addGlobalFilter(975)) - Added global filter 'safety' (class=org.apache.hadoop.http.HttpServer2$QuotingInputFilter)
2019-08-29 11:54:28,795 [main] INFO  http.HttpServer2 (HttpServer2.java:addFilter(948)) - Added filter static_user_filter (class=org.apache.hadoop.http.lib.StaticUserWebFilter$StaticUserFilter) to context hddsDatanode
2019-08-29 11:54:28,795 [main] INFO  http.HttpServer2 (HttpServer2.java:addFilter(958)) - Added filter static_user_filter (class=org.apache.hadoop.http.lib.StaticUserWebFilter$StaticUserFilter) to context logs
2019-08-29 11:54:28,795 [main] INFO  http.HttpServer2 (HttpServer2.java:addFilter(958)) - Added filter static_user_filter (class=org.apache.hadoop.http.lib.StaticUserWebFilter$StaticUserFilter) to context static
2019-08-29 11:54:28,796 [main] INFO  http.HttpServer2 (HttpServer2.java:bindListener(1191)) - Jetty bound to port 33206
2019-08-29 11:54:28,796 [main] INFO  server.Server (Server.java:doStart(351)) - jetty-9.3.24.v20180605, build timestamp: 2018-06-05T17:11:56Z, git hash: 84205aa28f11a4f31f2a3b86d1bba2cc8ab69827
2019-08-29 11:54:28,798 [main] INFO  handler.ContextHandler (ContextHandler.java:doStart(781)) - Started o.e.j.s.ServletContextHandler@15214920{/logs,file:///workdir/hadoop-ozone/integration-test/target/log,AVAILABLE}
2019-08-29 11:54:28,799 [main] INFO  handler.ContextHandler (ContextHandler.java:doStart(781)) - Started o.e.j.s.ServletContextHandler@3a0aaaf0{/static,jar:file:/home/user/.m2/repository/org/apache/hadoop/hadoop-hdds-container-service/0.5.0-SNAPSHOT/hadoop-hdds-container-service-0.5.0-SNAPSHOT.jar!/webapps/static,AVAILABLE}
2019-08-29 11:54:28,841 [main] INFO  handler.ContextHandler (ContextHandler.java:doStart(781)) - Started o.e.j.w.WebAppContext@4b03cbad{/,file:///tmp/jetty-0.0.0.0-33206-hddsDatanode-_-any-6578226141596362141.dir/webapp/,AVAILABLE}{/hddsDatanode}
2019-08-29 11:54:28,842 [main] INFO  server.AbstractConnector (AbstractConnector.java:doStart(278)) - Started ServerConnector@5b29ab61{HTTP/1.1,[http/1.1]}{0.0.0.0:33206}
2019-08-29 11:54:28,843 [main] INFO  server.Server (Server.java:doStart(419)) - Started @192930ms
2019-08-29 11:54:28,844 [main] INFO  server.BaseHttpServer (BaseHttpServer.java:updateConnectorAddress(213)) - HTTP server of HDDSDATANODE is listening at http://0.0.0.0:33206
2019-08-29 11:54:28,844 [main] INFO  impl.MetricsSystemImpl (MetricsSystemImpl.java:init(158)) - HddsDatanode metrics system started (again)
2019-08-29 11:54:28,846 [org.apache.hadoop.util.JvmPauseMonitor$Monitor@5ebaed3f] INFO  util.JvmPauseMonitor (JvmPauseMonitor.java:run(188)) - Starting JVM pause monitor
2019-08-29 11:54:28,847 [main] INFO  ozone.HddsDatanodeService (HddsDatanodeService.java:start(184)) - HddsDatanodeService host:pr-hdds-2058-gt6pm-2007824988 ip:192.168.5.171
2019-08-29 11:54:28,848 [Datanode State Machine Thread - 0] INFO  datanode.InitDatanodeState (InitDatanodeState.java:persistContainerDatanodeDetails(140)) - DatanodeDetails is persisted to /workdir/hadoop-ozone/integration-test/target/test-dir/MiniOzoneClusterImpl-16ce5ac2-d92d-4b29-933b-33d00735e97e/datanode-0/meta/datanode.id
2019-08-29 11:54:28,853 [main] INFO  volume.HddsVolume (HddsVolume.java:<init>(176)) - Creating Volume: /workdir/hadoop-ozone/integration-test/target/test-dir/MiniOzoneClusterImpl-16ce5ac2-d92d-4b29-933b-33d00735e97e/datanode-1/data/containers/hdds of  storage type : DISK and capacity : 1482555576320
2019-08-29 11:54:28,854 [main] INFO  volume.VolumeSet (VolumeSet.java:initializeVolumeSet(170)) - Added Volume : /workdir/hadoop-ozone/integration-test/target/test-dir/MiniOzoneClusterImpl-16ce5ac2-d92d-4b29-933b-33d00735e97e/datanode-1/data/containers/hdds to VolumeSet
2019-08-29 11:54:28,854 [main] INFO  volume.ThrottledAsyncChecker (ThrottledAsyncChecker.java:schedule(140)) - Scheduling a check for org.apache.hadoop.ozone.container.common.volume.HddsVolume@7f8a9454
2019-08-29 11:54:28,854 [main] INFO  volume.HddsVolumeChecker (HddsVolumeChecker.java:checkAllVolumes(203)) - Scheduled health check for volume org.apache.hadoop.ozone.container.common.volume.HddsVolume@7f8a9454
2019-08-29 11:54:28,870 [main] INFO  impl.RaftServerProxy (ConfUtils.java:logGet(43)) - raft.rpc.type = GRPC (default)
2019-08-29 11:54:28,870 [main] INFO  grpc.GrpcFactory (GrpcFactory.java:checkPooledByteBufAllocatorUseCacheForAllThreads(45)) - PERFORMANCE WARNING: useCacheForAllThreads is true that may cause Netty to create a lot garbage objects and, as a result, trigger GC.
	It is recommended to disable useCacheForAllThreads by setting -Dorg.apache.ratis.thirdparty.io.netty.allocator.useCacheForAllThreads=false in command line.
2019-08-29 11:54:28,870 [main] INFO  grpc.GrpcConfigKeys$Server (ConfUtils.java:logGet(43)) - raft.grpc.server.port = 0 (default)
2019-08-29 11:54:28,870 [main] INFO  server.GrpcService (ConfUtils.java:logGet(43)) - raft.grpc.message.size.max = 33570816 (custom)
2019-08-29 11:54:28,871 [main] INFO  server.RaftServerConfigKeys (ConfUtils.java:logGet(43)) - raft.server.log.appender.buffer.byte-limit = 33554432 (custom)
2019-08-29 11:54:28,871 [main] INFO  server.GrpcService (ConfUtils.java:logGet(43)) - raft.grpc.flow.control.window = 1MB (=1048576) (default)
2019-08-29 11:54:28,871 [main] INFO  server.RaftServerConfigKeys (ConfUtils.java:logGet(43)) - raft.server.rpc.request.timeout = 3000ms (default)
2019-08-29 11:54:28,872 [main] INFO  server.RaftServerConfigKeys (ConfUtils.java:logGet(43)) - raft.server.storage.dir = [/workdir/hadoop-ozone/integration-test/target/test-dir/MiniOzoneClusterImpl-16ce5ac2-d92d-4b29-933b-33d00735e97e/datanode-1/data/ratis] (custom)
2019-08-29 11:54:28,873 [main] INFO  hdfs.DFSUtil (DFSUtil.java:httpServerTemplateForNNAndJN(1641)) - Starting Web-server for hddsDatanode at: http://0.0.0.0:0
2019-08-29 11:54:28,874 [main] INFO  server.AuthenticationFilter (AuthenticationFilter.java:constructSecretProvider(240)) - Unable to initialize FileSignerSecretProvider, falling back to use random secrets.
2019-08-29 11:54:28,874 [main] WARN  http.HttpRequestLog (HttpRequestLog.java:getRequestLog(97)) - Jetty request log can only be enabled using Log4j
2019-08-29 11:54:28,876 [main] INFO  http.HttpServer2 (HttpServer2.java:addGlobalFilter(975)) - Added global filter 'safety' (class=org.apache.hadoop.http.HttpServer2$QuotingInputFilter)
2019-08-29 11:54:28,876 [main] INFO  http.HttpServer2 (HttpServer2.java:addFilter(948)) - Added filter static_user_filter (class=org.apache.hadoop.http.lib.StaticUserWebFilter$StaticUserFilter) to context hddsDatanode
2019-08-29 11:54:28,876 [main] INFO  http.HttpServer2 (HttpServer2.java:addFilter(958)) - Added filter static_user_filter (class=org.apache.hadoop.http.lib.StaticUserWebFilter$StaticUserFilter) to context static
2019-08-29 11:54:28,877 [main] INFO  http.HttpServer2 (HttpServer2.java:addFilter(958)) - Added filter static_user_filter (class=org.apache.hadoop.http.lib.StaticUserWebFilter$StaticUserFilter) to context logs
2019-08-29 11:54:28,877 [main] INFO  http.HttpServer2 (HttpServer2.java:bindListener(1191)) - Jetty bound to port 34685
2019-08-29 11:54:28,877 [main] INFO  server.Server (Server.java:doStart(351)) - jetty-9.3.24.v20180605, build timestamp: 2018-06-05T17:11:56Z, git hash: 84205aa28f11a4f31f2a3b86d1bba2cc8ab69827
2019-08-29 11:54:28,879 [main] INFO  handler.ContextHandler (ContextHandler.java:doStart(781)) - Started o.e.j.s.ServletContextHandler@551be9f6{/logs,file:///workdir/hadoop-ozone/integration-test/target/log,AVAILABLE}
2019-08-29 11:54:28,879 [main] INFO  handler.ContextHandler (ContextHandler.java:doStart(781)) - Started o.e.j.s.ServletContextHandler@13250132{/static,jar:file:/home/user/.m2/repository/org/apache/hadoop/hadoop-hdds-container-service/0.5.0-SNAPSHOT/hadoop-hdds-container-service-0.5.0-SNAPSHOT.jar!/webapps/static,AVAILABLE}
2019-08-29 11:54:28,908 [main] INFO  handler.ContextHandler (ContextHandler.java:doStart(781)) - Started o.e.j.w.WebAppContext@3c7279a5{/,file:///tmp/jetty-0.0.0.0-34685-hddsDatanode-_-any-1345695009942672810.dir/webapp/,AVAILABLE}{/hddsDatanode}
2019-08-29 11:54:28,909 [main] INFO  server.AbstractConnector (AbstractConnector.java:doStart(278)) - Started ServerConnector@2bebd114{HTTP/1.1,[http/1.1]}{0.0.0.0:34685}
2019-08-29 11:54:28,909 [main] INFO  server.Server (Server.java:doStart(419)) - Started @192996ms
2019-08-29 11:54:28,911 [main] INFO  server.BaseHttpServer (BaseHttpServer.java:updateConnectorAddress(213)) - HTTP server of HDDSDATANODE is listening at http://0.0.0.0:34685
2019-08-29 11:54:28,911 [main] INFO  impl.MetricsSystemImpl (MetricsSystemImpl.java:init(158)) - HddsDatanode metrics system started (again)
2019-08-29 11:54:28,913 [main] INFO  ozone.HddsDatanodeService (HddsDatanodeService.java:start(184)) - HddsDatanodeService host:pr-hdds-2058-gt6pm-2007824988 ip:192.168.5.171
2019-08-29 11:54:28,921 [org.apache.hadoop.util.JvmPauseMonitor$Monitor@6034c2de] INFO  util.JvmPauseMonitor (JvmPauseMonitor.java:run(188)) - Starting JVM pause monitor
2019-08-29 11:54:28,922 [Datanode State Machine Thread - 0] INFO  datanode.InitDatanodeState (InitDatanodeState.java:persistContainerDatanodeDetails(140)) - DatanodeDetails is persisted to /workdir/hadoop-ozone/integration-test/target/test-dir/MiniOzoneClusterImpl-16ce5ac2-d92d-4b29-933b-33d00735e97e/datanode-1/meta/datanode.id
2019-08-29 11:54:28,925 [main] INFO  volume.HddsVolume (HddsVolume.java:<init>(176)) - Creating Volume: /workdir/hadoop-ozone/integration-test/target/test-dir/MiniOzoneClusterImpl-16ce5ac2-d92d-4b29-933b-33d00735e97e/datanode-2/data/containers/hdds of  storage type : DISK and capacity : 1482555576320
2019-08-29 11:54:28,925 [main] INFO  volume.VolumeSet (VolumeSet.java:initializeVolumeSet(170)) - Added Volume : /workdir/hadoop-ozone/integration-test/target/test-dir/MiniOzoneClusterImpl-16ce5ac2-d92d-4b29-933b-33d00735e97e/datanode-2/data/containers/hdds to VolumeSet
2019-08-29 11:54:28,926 [main] INFO  volume.ThrottledAsyncChecker (ThrottledAsyncChecker.java:schedule(140)) - Scheduling a check for org.apache.hadoop.ozone.container.common.volume.HddsVolume@39832280
2019-08-29 11:54:28,926 [main] INFO  volume.HddsVolumeChecker (HddsVolumeChecker.java:checkAllVolumes(203)) - Scheduled health check for volume org.apache.hadoop.ozone.container.common.volume.HddsVolume@39832280
2019-08-29 11:54:28,939 [main] INFO  impl.RaftServerProxy (ConfUtils.java:logGet(43)) - raft.rpc.type = GRPC (default)
2019-08-29 11:54:28,939 [main] INFO  grpc.GrpcFactory (GrpcFactory.java:checkPooledByteBufAllocatorUseCacheForAllThreads(45)) - PERFORMANCE WARNING: useCacheForAllThreads is true that may cause Netty to create a lot garbage objects and, as a result, trigger GC.
	It is recommended to disable useCacheForAllThreads by setting -Dorg.apache.ratis.thirdparty.io.netty.allocator.useCacheForAllThreads=false in command line.
2019-08-29 11:54:28,939 [main] INFO  grpc.GrpcConfigKeys$Server (ConfUtils.java:logGet(43)) - raft.grpc.server.port = 0 (default)
2019-08-29 11:54:28,940 [main] INFO  server.GrpcService (ConfUtils.java:logGet(43)) - raft.grpc.message.size.max = 33570816 (custom)
2019-08-29 11:54:28,940 [main] INFO  server.RaftServerConfigKeys (ConfUtils.java:logGet(43)) - raft.server.log.appender.buffer.byte-limit = 33554432 (custom)
2019-08-29 11:54:28,940 [main] INFO  server.GrpcService (ConfUtils.java:logGet(43)) - raft.grpc.flow.control.window = 1MB (=1048576) (default)
2019-08-29 11:54:28,940 [main] INFO  server.RaftServerConfigKeys (ConfUtils.java:logGet(43)) - raft.server.rpc.request.timeout = 3000ms (default)
2019-08-29 11:54:28,940 [main] INFO  server.RaftServerConfigKeys (ConfUtils.java:logGet(43)) - raft.server.storage.dir = [/workdir/hadoop-ozone/integration-test/target/test-dir/MiniOzoneClusterImpl-16ce5ac2-d92d-4b29-933b-33d00735e97e/datanode-2/data/ratis] (custom)
2019-08-29 11:54:28,942 [main] INFO  hdfs.DFSUtil (DFSUtil.java:httpServerTemplateForNNAndJN(1641)) - Starting Web-server for hddsDatanode at: http://0.0.0.0:0
2019-08-29 11:54:28,943 [main] INFO  server.AuthenticationFilter (AuthenticationFilter.java:constructSecretProvider(240)) - Unable to initialize FileSignerSecretProvider, falling back to use random secrets.
2019-08-29 11:54:28,943 [main] WARN  http.HttpRequestLog (HttpRequestLog.java:getRequestLog(97)) - Jetty request log can only be enabled using Log4j
2019-08-29 11:54:28,944 [main] INFO  http.HttpServer2 (HttpServer2.java:addGlobalFilter(975)) - Added global filter 'safety' (class=org.apache.hadoop.http.HttpServer2$QuotingInputFilter)
2019-08-29 11:54:28,945 [main] INFO  http.HttpServer2 (HttpServer2.java:addFilter(948)) - Added filter static_user_filter (class=org.apache.hadoop.http.lib.StaticUserWebFilter$StaticUserFilter) to context hddsDatanode
2019-08-29 11:54:28,945 [main] INFO  http.HttpServer2 (HttpServer2.java:addFilter(958)) - Added filter static_user_filter (class=org.apache.hadoop.http.lib.StaticUserWebFilter$StaticUserFilter) to context logs
2019-08-29 11:54:28,945 [main] INFO  http.HttpServer2 (HttpServer2.java:addFilter(958)) - Added filter static_user_filter (class=org.apache.hadoop.http.lib.StaticUserWebFilter$StaticUserFilter) to context static
2019-08-29 11:54:28,946 [main] INFO  http.HttpServer2 (HttpServer2.java:bindListener(1191)) - Jetty bound to port 40995
2019-08-29 11:54:28,946 [main] INFO  server.Server (Server.java:doStart(351)) - jetty-9.3.24.v20180605, build timestamp: 2018-06-05T17:11:56Z, git hash: 84205aa28f11a4f31f2a3b86d1bba2cc8ab69827
2019-08-29 11:54:28,947 [main] INFO  handler.ContextHandler (ContextHandler.java:doStart(781)) - Started o.e.j.s.ServletContextHandler@34045582{/logs,file:///workdir/hadoop-ozone/integration-test/target/log,AVAILABLE}
2019-08-29 11:54:28,947 [main] INFO  handler.ContextHandler (ContextHandler.java:doStart(781)) - Started o.e.j.s.ServletContextHandler@1edccfd4{/static,jar:file:/home/user/.m2/repository/org/apache/hadoop/hadoop-hdds-container-service/0.5.0-SNAPSHOT/hadoop-hdds-container-service-0.5.0-SNAPSHOT.jar!/webapps/static,AVAILABLE}
2019-08-29 11:54:28,979 [main] INFO  handler.ContextHandler (ContextHandler.java:doStart(781)) - Started o.e.j.w.WebAppContext@2fd1ad8a{/,file:///tmp/jetty-0.0.0.0-40995-hddsDatanode-_-any-7598333880390085622.dir/webapp/,AVAILABLE}{/hddsDatanode}
2019-08-29 11:54:28,979 [main] INFO  server.AbstractConnector (AbstractConnector.java:doStart(278)) - Started ServerConnector@357f6391{HTTP/1.1,[http/1.1]}{0.0.0.0:40995}
2019-08-29 11:54:28,980 [main] INFO  server.Server (Server.java:doStart(419)) - Started @193067ms
2019-08-29 11:54:28,981 [main] INFO  server.BaseHttpServer (BaseHttpServer.java:updateConnectorAddress(213)) - HTTP server of HDDSDATANODE is listening at http://0.0.0.0:40995
2019-08-29 11:54:28,981 [main] INFO  impl.MetricsSystemImpl (MetricsSystemImpl.java:init(158)) - HddsDatanode metrics system started (again)
2019-08-29 11:54:28,983 [org.apache.hadoop.util.JvmPauseMonitor$Monitor@12ed2960] INFO  util.JvmPauseMonitor (JvmPauseMonitor.java:run(188)) - Starting JVM pause monitor
2019-08-29 11:54:28,983 [main] INFO  ozone.HddsDatanodeService (HddsDatanodeService.java:start(184)) - HddsDatanodeService host:pr-hdds-2058-gt6pm-2007824988 ip:192.168.5.171
2019-08-29 11:54:28,988 [main] INFO  volume.HddsVolume (HddsVolume.java:<init>(176)) - Creating Volume: /workdir/hadoop-ozone/integration-test/target/test-dir/MiniOzoneClusterImpl-16ce5ac2-d92d-4b29-933b-33d00735e97e/datanode-3/data/containers/hdds of  storage type : DISK and capacity : 1482555576320
2019-08-29 11:54:28,992 [main] INFO  volume.VolumeSet (VolumeSet.java:initializeVolumeSet(170)) - Added Volume : /workdir/hadoop-ozone/integration-test/target/test-dir/MiniOzoneClusterImpl-16ce5ac2-d92d-4b29-933b-33d00735e97e/datanode-3/data/containers/hdds to VolumeSet
2019-08-29 11:54:28,992 [main] INFO  volume.ThrottledAsyncChecker (ThrottledAsyncChecker.java:schedule(140)) - Scheduling a check for org.apache.hadoop.ozone.container.common.volume.HddsVolume@78e68401
2019-08-29 11:54:28,993 [main] INFO  volume.HddsVolumeChecker (HddsVolumeChecker.java:checkAllVolumes(203)) - Scheduled health check for volume org.apache.hadoop.ozone.container.common.volume.HddsVolume@78e68401
2019-08-29 11:54:28,993 [Datanode State Machine Thread - 0] INFO  datanode.InitDatanodeState (InitDatanodeState.java:persistContainerDatanodeDetails(140)) - DatanodeDetails is persisted to /workdir/hadoop-ozone/integration-test/target/test-dir/MiniOzoneClusterImpl-16ce5ac2-d92d-4b29-933b-33d00735e97e/datanode-2/meta/datanode.id
2019-08-29 11:54:29,006 [main] INFO  impl.RaftServerProxy (ConfUtils.java:logGet(43)) - raft.rpc.type = GRPC (default)
2019-08-29 11:54:29,006 [main] INFO  grpc.GrpcFactory (GrpcFactory.java:checkPooledByteBufAllocatorUseCacheForAllThreads(45)) - PERFORMANCE WARNING: useCacheForAllThreads is true that may cause Netty to create a lot garbage objects and, as a result, trigger GC.
	It is recommended to disable useCacheForAllThreads by setting -Dorg.apache.ratis.thirdparty.io.netty.allocator.useCacheForAllThreads=false in command line.
2019-08-29 11:54:29,006 [main] INFO  grpc.GrpcConfigKeys$Server (ConfUtils.java:logGet(43)) - raft.grpc.server.port = 0 (default)
2019-08-29 11:54:29,007 [main] INFO  server.GrpcService (ConfUtils.java:logGet(43)) - raft.grpc.message.size.max = 33570816 (custom)
2019-08-29 11:54:29,007 [main] INFO  server.RaftServerConfigKeys (ConfUtils.java:logGet(43)) - raft.server.log.appender.buffer.byte-limit = 33554432 (custom)
2019-08-29 11:54:29,007 [main] INFO  server.GrpcService (ConfUtils.java:logGet(43)) - raft.grpc.flow.control.window = 1MB (=1048576) (default)
2019-08-29 11:54:29,007 [main] INFO  server.RaftServerConfigKeys (ConfUtils.java:logGet(43)) - raft.server.rpc.request.timeout = 3000ms (default)
2019-08-29 11:54:29,008 [main] INFO  server.RaftServerConfigKeys (ConfUtils.java:logGet(43)) - raft.server.storage.dir = [/workdir/hadoop-ozone/integration-test/target/test-dir/MiniOzoneClusterImpl-16ce5ac2-d92d-4b29-933b-33d00735e97e/datanode-3/data/ratis] (custom)
2019-08-29 11:54:29,009 [main] INFO  hdfs.DFSUtil (DFSUtil.java:httpServerTemplateForNNAndJN(1641)) - Starting Web-server for hddsDatanode at: http://0.0.0.0:0
2019-08-29 11:54:29,010 [main] INFO  server.AuthenticationFilter (AuthenticationFilter.java:constructSecretProvider(240)) - Unable to initialize FileSignerSecretProvider, falling back to use random secrets.
2019-08-29 11:54:29,010 [main] WARN  http.HttpRequestLog (HttpRequestLog.java:getRequestLog(97)) - Jetty request log can only be enabled using Log4j
2019-08-29 11:54:29,012 [main] INFO  http.HttpServer2 (HttpServer2.java:addGlobalFilter(975)) - Added global filter 'safety' (class=org.apache.hadoop.http.HttpServer2$QuotingInputFilter)
2019-08-29 11:54:29,012 [main] INFO  http.HttpServer2 (HttpServer2.java:addFilter(948)) - Added filter static_user_filter (class=org.apache.hadoop.http.lib.StaticUserWebFilter$StaticUserFilter) to context hddsDatanode
2019-08-29 11:54:29,012 [main] INFO  http.HttpServer2 (HttpServer2.java:addFilter(958)) - Added filter static_user_filter (class=org.apache.hadoop.http.lib.StaticUserWebFilter$StaticUserFilter) to context static
2019-08-29 11:54:29,012 [main] INFO  http.HttpServer2 (HttpServer2.java:addFilter(958)) - Added filter static_user_filter (class=org.apache.hadoop.http.lib.StaticUserWebFilter$StaticUserFilter) to context logs
2019-08-29 11:54:29,013 [main] INFO  http.HttpServer2 (HttpServer2.java:bindListener(1191)) - Jetty bound to port 38688
2019-08-29 11:54:29,013 [main] INFO  server.Server (Server.java:doStart(351)) - jetty-9.3.24.v20180605, build timestamp: 2018-06-05T17:11:56Z, git hash: 84205aa28f11a4f31f2a3b86d1bba2cc8ab69827
2019-08-29 11:54:29,014 [main] INFO  handler.ContextHandler (ContextHandler.java:doStart(781)) - Started o.e.j.s.ServletContextHandler@240f350a{/logs,file:///workdir/hadoop-ozone/integration-test/target/log,AVAILABLE}
2019-08-29 11:54:29,015 [main] INFO  handler.ContextHandler (ContextHandler.java:doStart(781)) - Started o.e.j.s.ServletContextHandler@3af2f846{/static,jar:file:/home/user/.m2/repository/org/apache/hadoop/hadoop-hdds-container-service/0.5.0-SNAPSHOT/hadoop-hdds-container-service-0.5.0-SNAPSHOT.jar!/webapps/static,AVAILABLE}
2019-08-29 11:54:29,041 [main] INFO  handler.ContextHandler (ContextHandler.java:doStart(781)) - Started o.e.j.w.WebAppContext@41e9f86{/,file:///tmp/jetty-0.0.0.0-38688-hddsDatanode-_-any-1731076898047570745.dir/webapp/,AVAILABLE}{/hddsDatanode}
2019-08-29 11:54:29,041 [main] INFO  server.AbstractConnector (AbstractConnector.java:doStart(278)) - Started ServerConnector@66f5b8fe{HTTP/1.1,[http/1.1]}{0.0.0.0:38688}
2019-08-29 11:54:29,042 [main] INFO  server.Server (Server.java:doStart(419)) - Started @193129ms
2019-08-29 11:54:29,044 [main] INFO  server.BaseHttpServer (BaseHttpServer.java:updateConnectorAddress(213)) - HTTP server of HDDSDATANODE is listening at http://0.0.0.0:38688
2019-08-29 11:54:29,044 [main] INFO  impl.MetricsSystemImpl (MetricsSystemImpl.java:init(158)) - HddsDatanode metrics system started (again)
2019-08-29 11:54:29,046 [org.apache.hadoop.util.JvmPauseMonitor$Monitor@3b19cb79] INFO  util.JvmPauseMonitor (JvmPauseMonitor.java:run(188)) - Starting JVM pause monitor
2019-08-29 11:54:29,046 [main] INFO  ozone.HddsDatanodeService (HddsDatanodeService.java:start(184)) - HddsDatanodeService host:pr-hdds-2058-gt6pm-2007824988 ip:192.168.5.171
2019-08-29 11:54:29,047 [Datanode State Machine Thread - 0] INFO  datanode.InitDatanodeState (InitDatanodeState.java:persistContainerDatanodeDetails(140)) - DatanodeDetails is persisted to /workdir/hadoop-ozone/integration-test/target/test-dir/MiniOzoneClusterImpl-16ce5ac2-d92d-4b29-933b-33d00735e97e/datanode-3/meta/datanode.id
2019-08-29 11:54:29,052 [main] INFO  volume.HddsVolume (HddsVolume.java:<init>(176)) - Creating Volume: /workdir/hadoop-ozone/integration-test/target/test-dir/MiniOzoneClusterImpl-16ce5ac2-d92d-4b29-933b-33d00735e97e/datanode-4/data/containers/hdds of  storage type : DISK and capacity : 1482555576320
2019-08-29 11:54:29,052 [main] INFO  volume.VolumeSet (VolumeSet.java:initializeVolumeSet(170)) - Added Volume : /workdir/hadoop-ozone/integration-test/target/test-dir/MiniOzoneClusterImpl-16ce5ac2-d92d-4b29-933b-33d00735e97e/datanode-4/data/containers/hdds to VolumeSet
2019-08-29 11:54:29,052 [main] INFO  volume.ThrottledAsyncChecker (ThrottledAsyncChecker.java:schedule(140)) - Scheduling a check for org.apache.hadoop.ozone.container.common.volume.HddsVolume@7a65c995
2019-08-29 11:54:29,053 [main] INFO  volume.HddsVolumeChecker (HddsVolumeChecker.java:checkAllVolumes(203)) - Scheduled health check for volume org.apache.hadoop.ozone.container.common.volume.HddsVolume@7a65c995
2019-08-29 11:54:29,066 [main] INFO  impl.RaftServerProxy (ConfUtils.java:logGet(43)) - raft.rpc.type = GRPC (default)
2019-08-29 11:54:29,066 [main] INFO  grpc.GrpcFactory (GrpcFactory.java:checkPooledByteBufAllocatorUseCacheForAllThreads(45)) - PERFORMANCE WARNING: useCacheForAllThreads is true that may cause Netty to create a lot garbage objects and, as a result, trigger GC.
	It is recommended to disable useCacheForAllThreads by setting -Dorg.apache.ratis.thirdparty.io.netty.allocator.useCacheForAllThreads=false in command line.
2019-08-29 11:54:29,067 [main] INFO  grpc.GrpcConfigKeys$Server (ConfUtils.java:logGet(43)) - raft.grpc.server.port = 0 (default)
2019-08-29 11:54:29,067 [main] INFO  server.GrpcService (ConfUtils.java:logGet(43)) - raft.grpc.message.size.max = 33570816 (custom)
2019-08-29 11:54:29,067 [main] INFO  server.RaftServerConfigKeys (ConfUtils.java:logGet(43)) - raft.server.log.appender.buffer.byte-limit = 33554432 (custom)
2019-08-29 11:54:29,067 [main] INFO  server.GrpcService (ConfUtils.java:logGet(43)) - raft.grpc.flow.control.window = 1MB (=1048576) (default)
2019-08-29 11:54:29,067 [main] INFO  server.RaftServerConfigKeys (ConfUtils.java:logGet(43)) - raft.server.rpc.request.timeout = 3000ms (default)
2019-08-29 11:54:29,068 [main] INFO  server.RaftServerConfigKeys (ConfUtils.java:logGet(43)) - raft.server.storage.dir = [/workdir/hadoop-ozone/integration-test/target/test-dir/MiniOzoneClusterImpl-16ce5ac2-d92d-4b29-933b-33d00735e97e/datanode-4/data/ratis] (custom)
2019-08-29 11:54:29,069 [main] INFO  hdfs.DFSUtil (DFSUtil.java:httpServerTemplateForNNAndJN(1641)) - Starting Web-server for hddsDatanode at: http://0.0.0.0:0
2019-08-29 11:54:29,070 [main] INFO  server.AuthenticationFilter (AuthenticationFilter.java:constructSecretProvider(240)) - Unable to initialize FileSignerSecretProvider, falling back to use random secrets.
2019-08-29 11:54:29,071 [main] WARN  http.HttpRequestLog (HttpRequestLog.java:getRequestLog(97)) - Jetty request log can only be enabled using Log4j
2019-08-29 11:54:29,072 [main] INFO  http.HttpServer2 (HttpServer2.java:addGlobalFilter(975)) - Added global filter 'safety' (class=org.apache.hadoop.http.HttpServer2$QuotingInputFilter)
2019-08-29 11:54:29,073 [main] INFO  http.HttpServer2 (HttpServer2.java:addFilter(948)) - Added filter static_user_filter (class=org.apache.hadoop.http.lib.StaticUserWebFilter$StaticUserFilter) to context hddsDatanode
2019-08-29 11:54:29,073 [main] INFO  http.HttpServer2 (HttpServer2.java:addFilter(958)) - Added filter static_user_filter (class=org.apache.hadoop.http.lib.StaticUserWebFilter$StaticUserFilter) to context logs
2019-08-29 11:54:29,073 [main] INFO  http.HttpServer2 (HttpServer2.java:addFilter(958)) - Added filter static_user_filter (class=org.apache.hadoop.http.lib.StaticUserWebFilter$StaticUserFilter) to context static
2019-08-29 11:54:29,074 [main] INFO  http.HttpServer2 (HttpServer2.java:bindListener(1191)) - Jetty bound to port 41789
2019-08-29 11:54:29,074 [main] INFO  server.Server (Server.java:doStart(351)) - jetty-9.3.24.v20180605, build timestamp: 2018-06-05T17:11:56Z, git hash: 84205aa28f11a4f31f2a3b86d1bba2cc8ab69827
2019-08-29 11:54:29,076 [main] INFO  handler.ContextHandler (ContextHandler.java:doStart(781)) - Started o.e.j.s.ServletContextHandler@4a62062a{/logs,file:///workdir/hadoop-ozone/integration-test/target/log,AVAILABLE}
2019-08-29 11:54:29,076 [main] INFO  handler.ContextHandler (ContextHandler.java:doStart(781)) - Started o.e.j.s.ServletContextHandler@53dd42d6{/static,jar:file:/home/user/.m2/repository/org/apache/hadoop/hadoop-hdds-container-service/0.5.0-SNAPSHOT/hadoop-hdds-container-service-0.5.0-SNAPSHOT.jar!/webapps/static,AVAILABLE}
2019-08-29 11:54:29,103 [main] INFO  handler.ContextHandler (ContextHandler.java:doStart(781)) - Started o.e.j.w.WebAppContext@9e02f84{/,file:///tmp/jetty-0.0.0.0-41789-hddsDatanode-_-any-1648747540251174149.dir/webapp/,AVAILABLE}{/hddsDatanode}
2019-08-29 11:54:29,103 [main] INFO  server.AbstractConnector (AbstractConnector.java:doStart(278)) - Started ServerConnector@1e6060f1{HTTP/1.1,[http/1.1]}{0.0.0.0:41789}
2019-08-29 11:54:29,105 [main] INFO  server.Server (Server.java:doStart(419)) - Started @193192ms
2019-08-29 11:54:29,106 [main] INFO  server.BaseHttpServer (BaseHttpServer.java:updateConnectorAddress(213)) - HTTP server of HDDSDATANODE is listening at http://0.0.0.0:41789
2019-08-29 11:54:29,106 [main] INFO  impl.MetricsSystemImpl (MetricsSystemImpl.java:init(158)) - HddsDatanode metrics system started (again)
2019-08-29 11:54:29,108 [org.apache.hadoop.util.JvmPauseMonitor$Monitor@4aa4dea9] INFO  util.JvmPauseMonitor (JvmPauseMonitor.java:run(188)) - Starting JVM pause monitor
2019-08-29 11:54:29,109 [main] INFO  ozone.HddsDatanodeService (HddsDatanodeService.java:start(184)) - HddsDatanodeService host:pr-hdds-2058-gt6pm-2007824988 ip:192.168.5.171
2019-08-29 11:54:29,110 [Datanode State Machine Thread - 0] INFO  datanode.InitDatanodeState (InitDatanodeState.java:persistContainerDatanodeDetails(140)) - DatanodeDetails is persisted to /workdir/hadoop-ozone/integration-test/target/test-dir/MiniOzoneClusterImpl-16ce5ac2-d92d-4b29-933b-33d00735e97e/datanode-4/meta/datanode.id
2019-08-29 11:54:29,114 [main] INFO  volume.HddsVolume (HddsVolume.java:<init>(176)) - Creating Volume: /workdir/hadoop-ozone/integration-test/target/test-dir/MiniOzoneClusterImpl-16ce5ac2-d92d-4b29-933b-33d00735e97e/datanode-5/data/containers/hdds of  storage type : DISK and capacity : 1482555576320
2019-08-29 11:54:29,115 [main] INFO  volume.VolumeSet (VolumeSet.java:initializeVolumeSet(170)) - Added Volume : /workdir/hadoop-ozone/integration-test/target/test-dir/MiniOzoneClusterImpl-16ce5ac2-d92d-4b29-933b-33d00735e97e/datanode-5/data/containers/hdds to VolumeSet
2019-08-29 11:54:29,115 [main] INFO  volume.ThrottledAsyncChecker (ThrottledAsyncChecker.java:schedule(140)) - Scheduling a check for org.apache.hadoop.ozone.container.common.volume.HddsVolume@634f58d2
2019-08-29 11:54:29,115 [main] INFO  volume.HddsVolumeChecker (HddsVolumeChecker.java:checkAllVolumes(203)) - Scheduled health check for volume org.apache.hadoop.ozone.container.common.volume.HddsVolume@634f58d2
2019-08-29 11:54:29,128 [main] INFO  impl.RaftServerProxy (ConfUtils.java:logGet(43)) - raft.rpc.type = GRPC (default)
2019-08-29 11:54:29,128 [main] INFO  grpc.GrpcFactory (GrpcFactory.java:checkPooledByteBufAllocatorUseCacheForAllThreads(45)) - PERFORMANCE WARNING: useCacheForAllThreads is true that may cause Netty to create a lot garbage objects and, as a result, trigger GC.
	It is recommended to disable useCacheForAllThreads by setting -Dorg.apache.ratis.thirdparty.io.netty.allocator.useCacheForAllThreads=false in command line.
2019-08-29 11:54:29,129 [main] INFO  grpc.GrpcConfigKeys$Server (ConfUtils.java:logGet(43)) - raft.grpc.server.port = 0 (default)
2019-08-29 11:54:29,129 [main] INFO  server.GrpcService (ConfUtils.java:logGet(43)) - raft.grpc.message.size.max = 33570816 (custom)
2019-08-29 11:54:29,129 [main] INFO  server.RaftServerConfigKeys (ConfUtils.java:logGet(43)) - raft.server.log.appender.buffer.byte-limit = 33554432 (custom)
2019-08-29 11:54:29,129 [main] INFO  server.GrpcService (ConfUtils.java:logGet(43)) - raft.grpc.flow.control.window = 1MB (=1048576) (default)
2019-08-29 11:54:29,129 [main] INFO  server.RaftServerConfigKeys (ConfUtils.java:logGet(43)) - raft.server.rpc.request.timeout = 3000ms (default)
2019-08-29 11:54:29,130 [main] INFO  server.RaftServerConfigKeys (ConfUtils.java:logGet(43)) - raft.server.storage.dir = [/workdir/hadoop-ozone/integration-test/target/test-dir/MiniOzoneClusterImpl-16ce5ac2-d92d-4b29-933b-33d00735e97e/datanode-5/data/ratis] (custom)
2019-08-29 11:54:29,131 [main] INFO  hdfs.DFSUtil (DFSUtil.java:httpServerTemplateForNNAndJN(1641)) - Starting Web-server for hddsDatanode at: http://0.0.0.0:0
2019-08-29 11:54:29,135 [main] INFO  server.AuthenticationFilter (AuthenticationFilter.java:constructSecretProvider(240)) - Unable to initialize FileSignerSecretProvider, falling back to use random secrets.
2019-08-29 11:54:29,136 [main] WARN  http.HttpRequestLog (HttpRequestLog.java:getRequestLog(97)) - Jetty request log can only be enabled using Log4j
2019-08-29 11:54:29,137 [main] INFO  http.HttpServer2 (HttpServer2.java:addGlobalFilter(975)) - Added global filter 'safety' (class=org.apache.hadoop.http.HttpServer2$QuotingInputFilter)
2019-08-29 11:54:29,138 [main] INFO  http.HttpServer2 (HttpServer2.java:addFilter(948)) - Added filter static_user_filter (class=org.apache.hadoop.http.lib.StaticUserWebFilter$StaticUserFilter) to context hddsDatanode
2019-08-29 11:54:29,138 [main] INFO  http.HttpServer2 (HttpServer2.java:addFilter(958)) - Added filter static_user_filter (class=org.apache.hadoop.http.lib.StaticUserWebFilter$StaticUserFilter) to context logs
2019-08-29 11:54:29,138 [main] INFO  http.HttpServer2 (HttpServer2.java:addFilter(958)) - Added filter static_user_filter (class=org.apache.hadoop.http.lib.StaticUserWebFilter$StaticUserFilter) to context static
2019-08-29 11:54:29,139 [main] INFO  http.HttpServer2 (HttpServer2.java:bindListener(1191)) - Jetty bound to port 38562
2019-08-29 11:54:29,139 [main] INFO  server.Server (Server.java:doStart(351)) - jetty-9.3.24.v20180605, build timestamp: 2018-06-05T17:11:56Z, git hash: 84205aa28f11a4f31f2a3b86d1bba2cc8ab69827
2019-08-29 11:54:29,141 [main] INFO  handler.ContextHandler (ContextHandler.java:doStart(781)) - Started o.e.j.s.ServletContextHandler@2871ac91{/logs,file:///workdir/hadoop-ozone/integration-test/target/log,AVAILABLE}
2019-08-29 11:54:29,141 [main] INFO  handler.ContextHandler (ContextHandler.java:doStart(781)) - Started o.e.j.s.ServletContextHandler@6d69a0d3{/static,jar:file:/home/user/.m2/repository/org/apache/hadoop/hadoop-hdds-container-service/0.5.0-SNAPSHOT/hadoop-hdds-container-service-0.5.0-SNAPSHOT.jar!/webapps/static,AVAILABLE}
2019-08-29 11:54:29,172 [main] INFO  handler.ContextHandler (ContextHandler.java:doStart(781)) - Started o.e.j.w.WebAppContext@4f1afe8f{/,file:///tmp/jetty-0.0.0.0-38562-hddsDatanode-_-any-8615896751836727189.dir/webapp/,AVAILABLE}{/hddsDatanode}
2019-08-29 11:54:29,173 [main] INFO  server.AbstractConnector (AbstractConnector.java:doStart(278)) - Started ServerConnector@492521c4{HTTP/1.1,[http/1.1]}{0.0.0.0:38562}
2019-08-29 11:54:29,176 [main] INFO  server.Server (Server.java:doStart(419)) - Started @193263ms
2019-08-29 11:54:29,178 [main] INFO  server.BaseHttpServer (BaseHttpServer.java:updateConnectorAddress(213)) - HTTP server of HDDSDATANODE is listening at http://0.0.0.0:38562
2019-08-29 11:54:29,178 [main] INFO  impl.MetricsSystemImpl (MetricsSystemImpl.java:init(158)) - HddsDatanode metrics system started (again)
2019-08-29 11:54:29,180 [org.apache.hadoop.util.JvmPauseMonitor$Monitor@4d8551d9] INFO  util.JvmPauseMonitor (JvmPauseMonitor.java:run(188)) - Starting JVM pause monitor
2019-08-29 11:54:29,181 [main] INFO  ozone.HddsDatanodeService (HddsDatanodeService.java:start(184)) - HddsDatanodeService host:pr-hdds-2058-gt6pm-2007824988 ip:192.168.5.171
2019-08-29 11:54:29,182 [Datanode State Machine Thread - 0] INFO  datanode.InitDatanodeState (InitDatanodeState.java:persistContainerDatanodeDetails(140)) - DatanodeDetails is persisted to /workdir/hadoop-ozone/integration-test/target/test-dir/MiniOzoneClusterImpl-16ce5ac2-d92d-4b29-933b-33d00735e97e/datanode-5/meta/datanode.id
2019-08-29 11:54:29,186 [main] INFO  volume.HddsVolume (HddsVolume.java:<init>(176)) - Creating Volume: /workdir/hadoop-ozone/integration-test/target/test-dir/MiniOzoneClusterImpl-16ce5ac2-d92d-4b29-933b-33d00735e97e/datanode-6/data/containers/hdds of  storage type : DISK and capacity : 1482555576320
2019-08-29 11:54:29,187 [main] INFO  volume.VolumeSet (VolumeSet.java:initializeVolumeSet(170)) - Added Volume : /workdir/hadoop-ozone/integration-test/target/test-dir/MiniOzoneClusterImpl-16ce5ac2-d92d-4b29-933b-33d00735e97e/datanode-6/data/containers/hdds to VolumeSet
2019-08-29 11:54:29,187 [main] INFO  volume.ThrottledAsyncChecker (ThrottledAsyncChecker.java:schedule(140)) - Scheduling a check for org.apache.hadoop.ozone.container.common.volume.HddsVolume@42c0a16e
2019-08-29 11:54:29,187 [main] INFO  volume.HddsVolumeChecker (HddsVolumeChecker.java:checkAllVolumes(203)) - Scheduled health check for volume org.apache.hadoop.ozone.container.common.volume.HddsVolume@42c0a16e
2019-08-29 11:54:29,199 [main] INFO  impl.RaftServerProxy (ConfUtils.java:logGet(43)) - raft.rpc.type = GRPC (default)
2019-08-29 11:54:29,199 [main] INFO  grpc.GrpcFactory (GrpcFactory.java:checkPooledByteBufAllocatorUseCacheForAllThreads(45)) - PERFORMANCE WARNING: useCacheForAllThreads is true that may cause Netty to create a lot garbage objects and, as a result, trigger GC.
	It is recommended to disable useCacheForAllThreads by setting -Dorg.apache.ratis.thirdparty.io.netty.allocator.useCacheForAllThreads=false in command line.
2019-08-29 11:54:29,200 [main] INFO  grpc.GrpcConfigKeys$Server (ConfUtils.java:logGet(43)) - raft.grpc.server.port = 0 (default)
2019-08-29 11:54:29,200 [main] INFO  server.GrpcService (ConfUtils.java:logGet(43)) - raft.grpc.message.size.max = 33570816 (custom)
2019-08-29 11:54:29,200 [main] INFO  server.RaftServerConfigKeys (ConfUtils.java:logGet(43)) - raft.server.log.appender.buffer.byte-limit = 33554432 (custom)
2019-08-29 11:54:29,200 [main] INFO  server.GrpcService (ConfUtils.java:logGet(43)) - raft.grpc.flow.control.window = 1MB (=1048576) (default)
2019-08-29 11:54:29,200 [main] INFO  server.RaftServerConfigKeys (ConfUtils.java:logGet(43)) - raft.server.rpc.request.timeout = 3000ms (default)
2019-08-29 11:54:29,201 [main] INFO  server.RaftServerConfigKeys (ConfUtils.java:logGet(43)) - raft.server.storage.dir = [/workdir/hadoop-ozone/integration-test/target/test-dir/MiniOzoneClusterImpl-16ce5ac2-d92d-4b29-933b-33d00735e97e/datanode-6/data/ratis] (custom)
2019-08-29 11:54:29,202 [main] INFO  hdfs.DFSUtil (DFSUtil.java:httpServerTemplateForNNAndJN(1641)) - Starting Web-server for hddsDatanode at: http://0.0.0.0:0
2019-08-29 11:54:29,203 [main] INFO  server.AuthenticationFilter (AuthenticationFilter.java:constructSecretProvider(240)) - Unable to initialize FileSignerSecretProvider, falling back to use random secrets.
2019-08-29 11:54:29,203 [main] WARN  http.HttpRequestLog (HttpRequestLog.java:getRequestLog(97)) - Jetty request log can only be enabled using Log4j
2019-08-29 11:54:29,205 [main] INFO  http.HttpServer2 (HttpServer2.java:addGlobalFilter(975)) - Added global filter 'safety' (class=org.apache.hadoop.http.HttpServer2$QuotingInputFilter)
2019-08-29 11:54:29,205 [main] INFO  http.HttpServer2 (HttpServer2.java:addFilter(948)) - Added filter static_user_filter (class=org.apache.hadoop.http.lib.StaticUserWebFilter$StaticUserFilter) to context hddsDatanode
2019-08-29 11:54:29,205 [main] INFO  http.HttpServer2 (HttpServer2.java:addFilter(958)) - Added filter static_user_filter (class=org.apache.hadoop.http.lib.StaticUserWebFilter$StaticUserFilter) to context static
2019-08-29 11:54:29,205 [main] INFO  http.HttpServer2 (HttpServer2.java:addFilter(958)) - Added filter static_user_filter (class=org.apache.hadoop.http.lib.StaticUserWebFilter$StaticUserFilter) to context logs
2019-08-29 11:54:29,206 [main] INFO  http.HttpServer2 (HttpServer2.java:bindListener(1191)) - Jetty bound to port 46707
2019-08-29 11:54:29,206 [main] INFO  server.Server (Server.java:doStart(351)) - jetty-9.3.24.v20180605, build timestamp: 2018-06-05T17:11:56Z, git hash: 84205aa28f11a4f31f2a3b86d1bba2cc8ab69827
2019-08-29 11:54:29,207 [main] INFO  handler.ContextHandler (ContextHandler.java:doStart(781)) - Started o.e.j.s.ServletContextHandler@6d0e45a5{/logs,file:///workdir/hadoop-ozone/integration-test/target/log,AVAILABLE}
2019-08-29 11:54:29,208 [main] INFO  handler.ContextHandler (ContextHandler.java:doStart(781)) - Started o.e.j.s.ServletContextHandler@7aa01bd9{/static,jar:file:/home/user/.m2/repository/org/apache/hadoop/hadoop-hdds-container-service/0.5.0-SNAPSHOT/hadoop-hdds-container-service-0.5.0-SNAPSHOT.jar!/webapps/static,AVAILABLE}
2019-08-29 11:54:29,236 [main] INFO  handler.ContextHandler (ContextHandler.java:doStart(781)) - Started o.e.j.w.WebAppContext@6a567f7b{/,file:///tmp/jetty-0.0.0.0-46707-hddsDatanode-_-any-7112876016519163010.dir/webapp/,AVAILABLE}{/hddsDatanode}
2019-08-29 11:54:29,236 [main] INFO  server.AbstractConnector (AbstractConnector.java:doStart(278)) - Started ServerConnector@28be7fec{HTTP/1.1,[http/1.1]}{0.0.0.0:46707}
2019-08-29 11:54:29,238 [main] INFO  server.Server (Server.java:doStart(419)) - Started @193325ms
2019-08-29 11:54:29,238 [main] INFO  server.BaseHttpServer (BaseHttpServer.java:updateConnectorAddress(213)) - HTTP server of HDDSDATANODE is listening at http://0.0.0.0:46707
2019-08-29 11:54:29,239 [main] INFO  impl.MetricsSystemImpl (MetricsSystemImpl.java:init(158)) - HddsDatanode metrics system started (again)
2019-08-29 11:54:29,244 [org.apache.hadoop.util.JvmPauseMonitor$Monitor@74c8839b] INFO  util.JvmPauseMonitor (JvmPauseMonitor.java:run(188)) - Starting JVM pause monitor
2019-08-29 11:54:29,244 [main] INFO  ozone.HddsDatanodeService (HddsDatanodeService.java:start(184)) - HddsDatanodeService host:pr-hdds-2058-gt6pm-2007824988 ip:192.168.5.171
2019-08-29 11:54:29,245 [Datanode State Machine Thread - 0] INFO  datanode.InitDatanodeState (InitDatanodeState.java:persistContainerDatanodeDetails(140)) - DatanodeDetails is persisted to /workdir/hadoop-ozone/integration-test/target/test-dir/MiniOzoneClusterImpl-16ce5ac2-d92d-4b29-933b-33d00735e97e/datanode-6/meta/datanode.id
2019-08-29 11:54:29,251 [main] INFO  volume.HddsVolume (HddsVolume.java:<init>(176)) - Creating Volume: /workdir/hadoop-ozone/integration-test/target/test-dir/MiniOzoneClusterImpl-16ce5ac2-d92d-4b29-933b-33d00735e97e/datanode-7/data/containers/hdds of  storage type : DISK and capacity : 1482555576320
2019-08-29 11:54:29,251 [main] INFO  volume.VolumeSet (VolumeSet.java:initializeVolumeSet(170)) - Added Volume : /workdir/hadoop-ozone/integration-test/target/test-dir/MiniOzoneClusterImpl-16ce5ac2-d92d-4b29-933b-33d00735e97e/datanode-7/data/containers/hdds to VolumeSet
2019-08-29 11:54:29,251 [main] INFO  volume.ThrottledAsyncChecker (ThrottledAsyncChecker.java:schedule(140)) - Scheduling a check for org.apache.hadoop.ozone.container.common.volume.HddsVolume@6c0b51da
2019-08-29 11:54:29,251 [main] INFO  volume.HddsVolumeChecker (HddsVolumeChecker.java:checkAllVolumes(203)) - Scheduled health check for volume org.apache.hadoop.ozone.container.common.volume.HddsVolume@6c0b51da
2019-08-29 11:54:29,266 [main] INFO  impl.RaftServerProxy (ConfUtils.java:logGet(43)) - raft.rpc.type = GRPC (default)
2019-08-29 11:54:29,266 [main] INFO  grpc.GrpcFactory (GrpcFactory.java:checkPooledByteBufAllocatorUseCacheForAllThreads(45)) - PERFORMANCE WARNING: useCacheForAllThreads is true that may cause Netty to create a lot garbage objects and, as a result, trigger GC.
	It is recommended to disable useCacheForAllThreads by setting -Dorg.apache.ratis.thirdparty.io.netty.allocator.useCacheForAllThreads=false in command line.
2019-08-29 11:54:29,266 [main] INFO  grpc.GrpcConfigKeys$Server (ConfUtils.java:logGet(43)) - raft.grpc.server.port = 0 (default)
2019-08-29 11:54:29,266 [main] INFO  server.GrpcService (ConfUtils.java:logGet(43)) - raft.grpc.message.size.max = 33570816 (custom)
2019-08-29 11:54:29,267 [main] INFO  server.RaftServerConfigKeys (ConfUtils.java:logGet(43)) - raft.server.log.appender.buffer.byte-limit = 33554432 (custom)
2019-08-29 11:54:29,267 [main] INFO  server.GrpcService (ConfUtils.java:logGet(43)) - raft.grpc.flow.control.window = 1MB (=1048576) (default)
2019-08-29 11:54:29,267 [main] INFO  server.RaftServerConfigKeys (ConfUtils.java:logGet(43)) - raft.server.rpc.request.timeout = 3000ms (default)
2019-08-29 11:54:29,268 [main] INFO  server.RaftServerConfigKeys (ConfUtils.java:logGet(43)) - raft.server.storage.dir = [/workdir/hadoop-ozone/integration-test/target/test-dir/MiniOzoneClusterImpl-16ce5ac2-d92d-4b29-933b-33d00735e97e/datanode-7/data/ratis] (custom)
2019-08-29 11:54:29,269 [main] INFO  hdfs.DFSUtil (DFSUtil.java:httpServerTemplateForNNAndJN(1641)) - Starting Web-server for hddsDatanode at: http://0.0.0.0:0
2019-08-29 11:54:29,270 [main] INFO  server.AuthenticationFilter (AuthenticationFilter.java:constructSecretProvider(240)) - Unable to initialize FileSignerSecretProvider, falling back to use random secrets.
2019-08-29 11:54:29,271 [main] WARN  http.HttpRequestLog (HttpRequestLog.java:getRequestLog(97)) - Jetty request log can only be enabled using Log4j
2019-08-29 11:54:29,272 [main] INFO  http.HttpServer2 (HttpServer2.java:addGlobalFilter(975)) - Added global filter 'safety' (class=org.apache.hadoop.http.HttpServer2$QuotingInputFilter)
2019-08-29 11:54:29,273 [main] INFO  http.HttpServer2 (HttpServer2.java:addFilter(948)) - Added filter static_user_filter (class=org.apache.hadoop.http.lib.StaticUserWebFilter$StaticUserFilter) to context hddsDatanode
2019-08-29 11:54:29,273 [main] INFO  http.HttpServer2 (HttpServer2.java:addFilter(958)) - Added filter static_user_filter (class=org.apache.hadoop.http.lib.StaticUserWebFilter$StaticUserFilter) to context logs
2019-08-29 11:54:29,273 [main] INFO  http.HttpServer2 (HttpServer2.java:addFilter(958)) - Added filter static_user_filter (class=org.apache.hadoop.http.lib.StaticUserWebFilter$StaticUserFilter) to context static
2019-08-29 11:54:29,274 [main] INFO  http.HttpServer2 (HttpServer2.java:bindListener(1191)) - Jetty bound to port 34943
2019-08-29 11:54:29,274 [main] INFO  server.Server (Server.java:doStart(351)) - jetty-9.3.24.v20180605, build timestamp: 2018-06-05T17:11:56Z, git hash: 84205aa28f11a4f31f2a3b86d1bba2cc8ab69827
2019-08-29 11:54:29,276 [main] INFO  handler.ContextHandler (ContextHandler.java:doStart(781)) - Started o.e.j.s.ServletContextHandler@2313db84{/logs,file:///workdir/hadoop-ozone/integration-test/target/log,AVAILABLE}
2019-08-29 11:54:29,276 [main] INFO  handler.ContextHandler (ContextHandler.java:doStart(781)) - Started o.e.j.s.ServletContextHandler@14b4340c{/static,jar:file:/home/user/.m2/repository/org/apache/hadoop/hadoop-hdds-container-service/0.5.0-SNAPSHOT/hadoop-hdds-container-service-0.5.0-SNAPSHOT.jar!/webapps/static,AVAILABLE}
2019-08-29 11:54:29,303 [main] INFO  handler.ContextHandler (ContextHandler.java:doStart(781)) - Started o.e.j.w.WebAppContext@636985df{/,file:///tmp/jetty-0.0.0.0-34943-hddsDatanode-_-any-1947079657988132680.dir/webapp/,AVAILABLE}{/hddsDatanode}
2019-08-29 11:54:29,304 [main] INFO  server.AbstractConnector (AbstractConnector.java:doStart(278)) - Started ServerConnector@6f91fbda{HTTP/1.1,[http/1.1]}{0.0.0.0:34943}
2019-08-29 11:54:29,305 [main] INFO  server.Server (Server.java:doStart(419)) - Started @193392ms
2019-08-29 11:54:29,306 [main] INFO  server.BaseHttpServer (BaseHttpServer.java:updateConnectorAddress(213)) - HTTP server of HDDSDATANODE is listening at http://0.0.0.0:34943
2019-08-29 11:54:29,307 [main] INFO  impl.MetricsSystemImpl (MetricsSystemImpl.java:init(158)) - HddsDatanode metrics system started (again)
2019-08-29 11:54:29,309 [org.apache.hadoop.util.JvmPauseMonitor$Monitor@1ff86aab] INFO  util.JvmPauseMonitor (JvmPauseMonitor.java:run(188)) - Starting JVM pause monitor
2019-08-29 11:54:29,310 [main] INFO  ozone.HddsDatanodeService (HddsDatanodeService.java:start(184)) - HddsDatanodeService host:pr-hdds-2058-gt6pm-2007824988 ip:192.168.5.171
2019-08-29 11:54:29,310 [Datanode State Machine Thread - 0] INFO  datanode.InitDatanodeState (InitDatanodeState.java:persistContainerDatanodeDetails(140)) - DatanodeDetails is persisted to /workdir/hadoop-ozone/integration-test/target/test-dir/MiniOzoneClusterImpl-16ce5ac2-d92d-4b29-933b-33d00735e97e/datanode-7/meta/datanode.id
2019-08-29 11:54:29,319 [main] INFO  volume.HddsVolume (HddsVolume.java:<init>(176)) - Creating Volume: /workdir/hadoop-ozone/integration-test/target/test-dir/MiniOzoneClusterImpl-16ce5ac2-d92d-4b29-933b-33d00735e97e/datanode-8/data/containers/hdds of  storage type : DISK and capacity : 1482555576320
2019-08-29 11:54:29,319 [main] INFO  volume.VolumeSet (VolumeSet.java:initializeVolumeSet(170)) - Added Volume : /workdir/hadoop-ozone/integration-test/target/test-dir/MiniOzoneClusterImpl-16ce5ac2-d92d-4b29-933b-33d00735e97e/datanode-8/data/containers/hdds to VolumeSet
2019-08-29 11:54:29,319 [main] INFO  volume.ThrottledAsyncChecker (ThrottledAsyncChecker.java:schedule(140)) - Scheduling a check for org.apache.hadoop.ozone.container.common.volume.HddsVolume@2dd178f3
2019-08-29 11:54:29,320 [main] INFO  volume.HddsVolumeChecker (HddsVolumeChecker.java:checkAllVolumes(203)) - Scheduled health check for volume org.apache.hadoop.ozone.container.common.volume.HddsVolume@2dd178f3
2019-08-29 11:54:29,333 [main] INFO  impl.RaftServerProxy (ConfUtils.java:logGet(43)) - raft.rpc.type = GRPC (default)
2019-08-29 11:54:29,333 [main] INFO  grpc.GrpcFactory (GrpcFactory.java:checkPooledByteBufAllocatorUseCacheForAllThreads(45)) - PERFORMANCE WARNING: useCacheForAllThreads is true that may cause Netty to create a lot garbage objects and, as a result, trigger GC.
	It is recommended to disable useCacheForAllThreads by setting -Dorg.apache.ratis.thirdparty.io.netty.allocator.useCacheForAllThreads=false in command line.
2019-08-29 11:54:29,333 [main] INFO  grpc.GrpcConfigKeys$Server (ConfUtils.java:logGet(43)) - raft.grpc.server.port = 0 (default)
2019-08-29 11:54:29,334 [main] INFO  server.GrpcService (ConfUtils.java:logGet(43)) - raft.grpc.message.size.max = 33570816 (custom)
2019-08-29 11:54:29,334 [main] INFO  server.RaftServerConfigKeys (ConfUtils.java:logGet(43)) - raft.server.log.appender.buffer.byte-limit = 33554432 (custom)
2019-08-29 11:54:29,334 [main] INFO  server.GrpcService (ConfUtils.java:logGet(43)) - raft.grpc.flow.control.window = 1MB (=1048576) (default)
2019-08-29 11:54:29,334 [main] INFO  server.RaftServerConfigKeys (ConfUtils.java:logGet(43)) - raft.server.rpc.request.timeout = 3000ms (default)
2019-08-29 11:54:29,335 [main] INFO  server.RaftServerConfigKeys (ConfUtils.java:logGet(43)) - raft.server.storage.dir = [/workdir/hadoop-ozone/integration-test/target/test-dir/MiniOzoneClusterImpl-16ce5ac2-d92d-4b29-933b-33d00735e97e/datanode-8/data/ratis] (custom)
2019-08-29 11:54:29,336 [main] INFO  hdfs.DFSUtil (DFSUtil.java:httpServerTemplateForNNAndJN(1641)) - Starting Web-server for hddsDatanode at: http://0.0.0.0:0
2019-08-29 11:54:29,337 [main] INFO  server.AuthenticationFilter (AuthenticationFilter.java:constructSecretProvider(240)) - Unable to initialize FileSignerSecretProvider, falling back to use random secrets.
2019-08-29 11:54:29,337 [main] WARN  http.HttpRequestLog (HttpRequestLog.java:getRequestLog(97)) - Jetty request log can only be enabled using Log4j
2019-08-29 11:54:29,339 [main] INFO  http.HttpServer2 (HttpServer2.java:addGlobalFilter(975)) - Added global filter 'safety' (class=org.apache.hadoop.http.HttpServer2$QuotingInputFilter)
2019-08-29 11:54:29,339 [main] INFO  http.HttpServer2 (HttpServer2.java:addFilter(948)) - Added filter static_user_filter (class=org.apache.hadoop.http.lib.StaticUserWebFilter$StaticUserFilter) to context hddsDatanode
2019-08-29 11:54:29,340 [main] INFO  http.HttpServer2 (HttpServer2.java:addFilter(958)) - Added filter static_user_filter (class=org.apache.hadoop.http.lib.StaticUserWebFilter$StaticUserFilter) to context logs
2019-08-29 11:54:29,340 [main] INFO  http.HttpServer2 (HttpServer2.java:addFilter(958)) - Added filter static_user_filter (class=org.apache.hadoop.http.lib.StaticUserWebFilter$StaticUserFilter) to context static
2019-08-29 11:54:29,340 [main] INFO  http.HttpServer2 (HttpServer2.java:bindListener(1191)) - Jetty bound to port 44488
2019-08-29 11:54:29,341 [main] INFO  server.Server (Server.java:doStart(351)) - jetty-9.3.24.v20180605, build timestamp: 2018-06-05T17:11:56Z, git hash: 84205aa28f11a4f31f2a3b86d1bba2cc8ab69827
2019-08-29 11:54:29,342 [main] INFO  handler.ContextHandler (ContextHandler.java:doStart(781)) - Started o.e.j.s.ServletContextHandler@6b0f266e{/logs,file:///workdir/hadoop-ozone/integration-test/target/log,AVAILABLE}
2019-08-29 11:54:29,342 [main] INFO  handler.ContextHandler (ContextHandler.java:doStart(781)) - Started o.e.j.s.ServletContextHandler@53314f76{/static,jar:file:/home/user/.m2/repository/org/apache/hadoop/hadoop-hdds-container-service/0.5.0-SNAPSHOT/hadoop-hdds-container-service-0.5.0-SNAPSHOT.jar!/webapps/static,AVAILABLE}
2019-08-29 11:54:29,369 [main] INFO  handler.ContextHandler (ContextHandler.java:doStart(781)) - Started o.e.j.w.WebAppContext@6b70d1fb{/,file:///tmp/jetty-0.0.0.0-44488-hddsDatanode-_-any-5776834270744315012.dir/webapp/,AVAILABLE}{/hddsDatanode}
2019-08-29 11:54:29,370 [main] INFO  server.AbstractConnector (AbstractConnector.java:doStart(278)) - Started ServerConnector@3002e397{HTTP/1.1,[http/1.1]}{0.0.0.0:44488}
2019-08-29 11:54:29,373 [main] INFO  server.Server (Server.java:doStart(419)) - Started @193460ms
2019-08-29 11:54:29,374 [main] INFO  server.BaseHttpServer (BaseHttpServer.java:updateConnectorAddress(213)) - HTTP server of HDDSDATANODE is listening at http://0.0.0.0:44488
2019-08-29 11:54:29,374 [main] INFO  impl.MetricsSystemImpl (MetricsSystemImpl.java:init(158)) - HddsDatanode metrics system started (again)
2019-08-29 11:54:29,377 [org.apache.hadoop.util.JvmPauseMonitor$Monitor@61e43b60] INFO  util.JvmPauseMonitor (JvmPauseMonitor.java:run(188)) - Starting JVM pause monitor
2019-08-29 11:54:29,377 [main] INFO  ozone.HddsDatanodeService (HddsDatanodeService.java:start(184)) - HddsDatanodeService host:pr-hdds-2058-gt6pm-2007824988 ip:192.168.5.171
2019-08-29 11:54:29,379 [Datanode State Machine Thread - 0] INFO  datanode.InitDatanodeState (InitDatanodeState.java:persistContainerDatanodeDetails(140)) - DatanodeDetails is persisted to /workdir/hadoop-ozone/integration-test/target/test-dir/MiniOzoneClusterImpl-16ce5ac2-d92d-4b29-933b-33d00735e97e/datanode-8/meta/datanode.id
2019-08-29 11:54:29,390 [main] INFO  volume.HddsVolume (HddsVolume.java:<init>(176)) - Creating Volume: /workdir/hadoop-ozone/integration-test/target/test-dir/MiniOzoneClusterImpl-16ce5ac2-d92d-4b29-933b-33d00735e97e/datanode-9/data/containers/hdds of  storage type : DISK and capacity : 1482555576320
2019-08-29 11:54:29,391 [main] INFO  volume.VolumeSet (VolumeSet.java:initializeVolumeSet(170)) - Added Volume : /workdir/hadoop-ozone/integration-test/target/test-dir/MiniOzoneClusterImpl-16ce5ac2-d92d-4b29-933b-33d00735e97e/datanode-9/data/containers/hdds to VolumeSet
2019-08-29 11:54:29,391 [main] INFO  volume.ThrottledAsyncChecker (ThrottledAsyncChecker.java:schedule(140)) - Scheduling a check for org.apache.hadoop.ozone.container.common.volume.HddsVolume@55361f03
2019-08-29 11:54:29,392 [main] INFO  volume.HddsVolumeChecker (HddsVolumeChecker.java:checkAllVolumes(203)) - Scheduled health check for volume org.apache.hadoop.ozone.container.common.volume.HddsVolume@55361f03
2019-08-29 11:54:29,410 [main] INFO  impl.RaftServerProxy (ConfUtils.java:logGet(43)) - raft.rpc.type = GRPC (default)
2019-08-29 11:54:29,411 [main] INFO  grpc.GrpcFactory (GrpcFactory.java:checkPooledByteBufAllocatorUseCacheForAllThreads(45)) - PERFORMANCE WARNING: useCacheForAllThreads is true that may cause Netty to create a lot garbage objects and, as a result, trigger GC.
	It is recommended to disable useCacheForAllThreads by setting -Dorg.apache.ratis.thirdparty.io.netty.allocator.useCacheForAllThreads=false in command line.
2019-08-29 11:54:29,411 [main] INFO  grpc.GrpcConfigKeys$Server (ConfUtils.java:logGet(43)) - raft.grpc.server.port = 0 (default)
2019-08-29 11:54:29,411 [main] INFO  server.GrpcService (ConfUtils.java:logGet(43)) - raft.grpc.message.size.max = 33570816 (custom)
2019-08-29 11:54:29,412 [main] INFO  server.RaftServerConfigKeys (ConfUtils.java:logGet(43)) - raft.server.log.appender.buffer.byte-limit = 33554432 (custom)
2019-08-29 11:54:29,412 [main] INFO  server.GrpcService (ConfUtils.java:logGet(43)) - raft.grpc.flow.control.window = 1MB (=1048576) (default)
2019-08-29 11:54:29,412 [main] INFO  server.RaftServerConfigKeys (ConfUtils.java:logGet(43)) - raft.server.rpc.request.timeout = 3000ms (default)
2019-08-29 11:54:29,413 [main] INFO  server.RaftServerConfigKeys (ConfUtils.java:logGet(43)) - raft.server.storage.dir = [/workdir/hadoop-ozone/integration-test/target/test-dir/MiniOzoneClusterImpl-16ce5ac2-d92d-4b29-933b-33d00735e97e/datanode-9/data/ratis] (custom)
2019-08-29 11:54:29,414 [main] INFO  hdfs.DFSUtil (DFSUtil.java:httpServerTemplateForNNAndJN(1641)) - Starting Web-server for hddsDatanode at: http://0.0.0.0:0
2019-08-29 11:54:29,416 [main] INFO  server.AuthenticationFilter (AuthenticationFilter.java:constructSecretProvider(240)) - Unable to initialize FileSignerSecretProvider, falling back to use random secrets.
2019-08-29 11:54:29,416 [main] WARN  http.HttpRequestLog (HttpRequestLog.java:getRequestLog(97)) - Jetty request log can only be enabled using Log4j
2019-08-29 11:54:29,418 [main] INFO  http.HttpServer2 (HttpServer2.java:addGlobalFilter(975)) - Added global filter 'safety' (class=org.apache.hadoop.http.HttpServer2$QuotingInputFilter)
2019-08-29 11:54:29,419 [main] INFO  http.HttpServer2 (HttpServer2.java:addFilter(948)) - Added filter static_user_filter (class=org.apache.hadoop.http.lib.StaticUserWebFilter$StaticUserFilter) to context hddsDatanode
2019-08-29 11:54:29,419 [main] INFO  http.HttpServer2 (HttpServer2.java:addFilter(958)) - Added filter static_user_filter (class=org.apache.hadoop.http.lib.StaticUserWebFilter$StaticUserFilter) to context logs
2019-08-29 11:54:29,419 [main] INFO  http.HttpServer2 (HttpServer2.java:addFilter(958)) - Added filter static_user_filter (class=org.apache.hadoop.http.lib.StaticUserWebFilter$StaticUserFilter) to context static
2019-08-29 11:54:29,420 [main] INFO  http.HttpServer2 (HttpServer2.java:bindListener(1191)) - Jetty bound to port 35952
2019-08-29 11:54:29,420 [main] INFO  server.Server (Server.java:doStart(351)) - jetty-9.3.24.v20180605, build timestamp: 2018-06-05T17:11:56Z, git hash: 84205aa28f11a4f31f2a3b86d1bba2cc8ab69827
2019-08-29 11:54:29,422 [main] INFO  handler.ContextHandler (ContextHandler.java:doStart(781)) - Started o.e.j.s.ServletContextHandler@5fb3111a{/logs,file:///workdir/hadoop-ozone/integration-test/target/log,AVAILABLE}
2019-08-29 11:54:29,422 [main] INFO  handler.ContextHandler (ContextHandler.java:doStart(781)) - Started o.e.j.s.ServletContextHandler@23bd0c81{/static,jar:file:/home/user/.m2/repository/org/apache/hadoop/hadoop-hdds-container-service/0.5.0-SNAPSHOT/hadoop-hdds-container-service-0.5.0-SNAPSHOT.jar!/webapps/static,AVAILABLE}
2019-08-29 11:54:29,449 [main] INFO  handler.ContextHandler (ContextHandler.java:doStart(781)) - Started o.e.j.w.WebAppContext@31ab1e67{/,file:///tmp/jetty-0.0.0.0-35952-hddsDatanode-_-any-6734713499485715773.dir/webapp/,AVAILABLE}{/hddsDatanode}
2019-08-29 11:54:29,450 [main] INFO  server.AbstractConnector (AbstractConnector.java:doStart(278)) - Started ServerConnector@29bbc391{HTTP/1.1,[http/1.1]}{0.0.0.0:35952}
2019-08-29 11:54:29,452 [main] INFO  server.Server (Server.java:doStart(419)) - Started @193539ms
2019-08-29 11:54:29,453 [main] INFO  server.BaseHttpServer (BaseHttpServer.java:updateConnectorAddress(213)) - HTTP server of HDDSDATANODE is listening at http://0.0.0.0:35952
2019-08-29 11:54:29,453 [main] INFO  ozone.MiniOzoneClusterImpl (MiniOzoneClusterImpl.java:lambda$waitForClusterToBeReady$0(140)) - Waiting for cluster to be ready. Got 0 of 10 DN Heartbeats.
2019-08-29 11:54:29,454 [org.apache.hadoop.util.JvmPauseMonitor$Monitor@1fd9b151] INFO  util.JvmPauseMonitor (JvmPauseMonitor.java:run(188)) - Starting JVM pause monitor
2019-08-29 11:54:29,455 [Datanode State Machine Thread - 0] INFO  datanode.InitDatanodeState (InitDatanodeState.java:persistContainerDatanodeDetails(140)) - DatanodeDetails is persisted to /workdir/hadoop-ozone/integration-test/target/test-dir/MiniOzoneClusterImpl-16ce5ac2-d92d-4b29-933b-33d00735e97e/datanode-9/meta/datanode.id
2019-08-29 11:54:30,453 [main] INFO  ozone.MiniOzoneClusterImpl (MiniOzoneClusterImpl.java:lambda$waitForClusterToBeReady$0(140)) - Waiting for cluster to be ready. Got 0 of 10 DN Heartbeats.
2019-08-29 11:54:30,853 | INFO  | SCMAudit | user=jenkins1000 | ip=192.168.5.171 | op=GET_VERSION null | ret=SUCCESS |  
2019-08-29 11:54:30,912 [Datanode State Machine Thread - 0] INFO  ozoneimpl.OzoneContainer (OzoneContainer.java:start(201)) - Attempting to start container services.
2019-08-29 11:54:30,913 [Datanode State Machine Thread - 0] INFO  ozoneimpl.OzoneContainer (OzoneContainer.java:startContainerScrub(175)) - Background container scrubber has been disabled by hdds.containerscrub.enabled
2019-08-29 11:54:30,913 [Datanode State Machine Thread - 0] INFO  ratis.XceiverServerRatis (XceiverServerRatis.java:start(393)) - Starting XceiverServerRatis 21c7cf7b-6251-48a4-bdb1-01914484bde5 at port 0
2019-08-29 11:54:30,918 [Datanode State Machine Thread - 0] INFO  impl.RaftServerProxy (RaftServerProxy.java:lambda$start$3(299)) - 21c7cf7b-6251-48a4-bdb1-01914484bde5: start RPC server
2019-08-29 11:54:30,919 [Datanode State Machine Thread - 0] INFO  server.GrpcService (GrpcService.java:startImpl(149)) - 21c7cf7b-6251-48a4-bdb1-01914484bde5: GrpcService started, listening on 0.0.0.0/0.0.0.0:42450
2019-08-29 11:54:30,919 [Datanode State Machine Thread - 0] INFO  ratis.XceiverServerRatis (XceiverServerRatis.java:start(403)) - XceiverServerRatis 21c7cf7b-6251-48a4-bdb1-01914484bde5 is started using port 42450
2019-08-29 11:54:30,920 [Datanode State Machine Thread - 0] INFO  server.XceiverServerGrpc (XceiverServerGrpc.java:start(163)) - XceiverServerGrpc 21c7cf7b-6251-48a4-bdb1-01914484bde5 is started using port 42926
2019-08-29 11:54:30,923 | INFO  | SCMAudit | user=jenkins1000 | ip=192.168.5.171 | op=GET_VERSION null | ret=SUCCESS |  
2019-08-29 11:54:30,938 [Datanode State Machine Thread - 0] INFO  ozoneimpl.OzoneContainer (OzoneContainer.java:start(201)) - Attempting to start container services.
2019-08-29 11:54:30,938 [Datanode State Machine Thread - 0] INFO  ozoneimpl.OzoneContainer (OzoneContainer.java:startContainerScrub(175)) - Background container scrubber has been disabled by hdds.containerscrub.enabled
2019-08-29 11:54:30,938 [Datanode State Machine Thread - 0] INFO  ratis.XceiverServerRatis (XceiverServerRatis.java:start(393)) - Starting XceiverServerRatis 368ac840-1874-400c-9a5e-97ce3a83695d at port 0
2019-08-29 11:54:30,942 [Datanode State Machine Thread - 0] INFO  impl.RaftServerProxy (RaftServerProxy.java:lambda$start$3(299)) - 368ac840-1874-400c-9a5e-97ce3a83695d: start RPC server
2019-08-29 11:54:30,943 [Datanode State Machine Thread - 0] INFO  server.GrpcService (GrpcService.java:startImpl(149)) - 368ac840-1874-400c-9a5e-97ce3a83695d: GrpcService started, listening on 0.0.0.0/0.0.0.0:40345
2019-08-29 11:54:30,943 [Datanode State Machine Thread - 0] INFO  ratis.XceiverServerRatis (XceiverServerRatis.java:start(403)) - XceiverServerRatis 368ac840-1874-400c-9a5e-97ce3a83695d is started using port 40345
2019-08-29 11:54:30,943 [Datanode State Machine Thread - 0] INFO  server.XceiverServerGrpc (XceiverServerGrpc.java:start(163)) - XceiverServerGrpc 368ac840-1874-400c-9a5e-97ce3a83695d is started using port 36011
2019-08-29 11:54:30,984 | INFO  | SCMAudit | user=jenkins1000 | ip=192.168.5.171 | op=GET_VERSION null | ret=SUCCESS |  
2019-08-29 11:54:30,998 [Datanode State Machine Thread - 0] INFO  ozoneimpl.OzoneContainer (OzoneContainer.java:start(201)) - Attempting to start container services.
2019-08-29 11:54:30,998 [Datanode State Machine Thread - 0] INFO  ozoneimpl.OzoneContainer (OzoneContainer.java:startContainerScrub(175)) - Background container scrubber has been disabled by hdds.containerscrub.enabled
2019-08-29 11:54:30,998 [Datanode State Machine Thread - 0] INFO  ratis.XceiverServerRatis (XceiverServerRatis.java:start(393)) - Starting XceiverServerRatis 79404ccb-3783-4150-88ba-2fea440d7696 at port 0
2019-08-29 11:54:31,003 [Datanode State Machine Thread - 0] INFO  impl.RaftServerProxy (RaftServerProxy.java:lambda$start$3(299)) - 79404ccb-3783-4150-88ba-2fea440d7696: start RPC server
2019-08-29 11:54:31,004 [Datanode State Machine Thread - 0] INFO  server.GrpcService (GrpcService.java:startImpl(149)) - 79404ccb-3783-4150-88ba-2fea440d7696: GrpcService started, listening on 0.0.0.0/0.0.0.0:38238
2019-08-29 11:54:31,004 [Datanode State Machine Thread - 0] INFO  ratis.XceiverServerRatis (XceiverServerRatis.java:start(403)) - XceiverServerRatis 79404ccb-3783-4150-88ba-2fea440d7696 is started using port 38238
2019-08-29 11:54:31,006 [Datanode State Machine Thread - 0] INFO  server.XceiverServerGrpc (XceiverServerGrpc.java:start(163)) - XceiverServerGrpc 79404ccb-3783-4150-88ba-2fea440d7696 is started using port 44519
2019-08-29 11:54:31,046 | INFO  | SCMAudit | user=jenkins1000 | ip=192.168.5.171 | op=GET_VERSION null | ret=SUCCESS |  
2019-08-29 11:54:31,059 [Datanode State Machine Thread - 0] INFO  ozoneimpl.OzoneContainer (OzoneContainer.java:start(201)) - Attempting to start container services.
2019-08-29 11:54:31,060 [Datanode State Machine Thread - 0] INFO  ozoneimpl.OzoneContainer (OzoneContainer.java:startContainerScrub(175)) - Background container scrubber has been disabled by hdds.containerscrub.enabled
2019-08-29 11:54:31,060 [Datanode State Machine Thread - 0] INFO  ratis.XceiverServerRatis (XceiverServerRatis.java:start(393)) - Starting XceiverServerRatis edbdd45e-116e-45c7-951f-264ab28d364f at port 0
2019-08-29 11:54:31,063 [Datanode State Machine Thread - 0] INFO  impl.RaftServerProxy (RaftServerProxy.java:lambda$start$3(299)) - edbdd45e-116e-45c7-951f-264ab28d364f: start RPC server
2019-08-29 11:54:31,064 [Datanode State Machine Thread - 0] INFO  server.GrpcService (GrpcService.java:startImpl(149)) - edbdd45e-116e-45c7-951f-264ab28d364f: GrpcService started, listening on 0.0.0.0/0.0.0.0:42495
2019-08-29 11:54:31,064 [Datanode State Machine Thread - 0] INFO  ratis.XceiverServerRatis (XceiverServerRatis.java:start(403)) - XceiverServerRatis edbdd45e-116e-45c7-951f-264ab28d364f is started using port 42495
2019-08-29 11:54:31,064 [Datanode State Machine Thread - 0] INFO  server.XceiverServerGrpc (XceiverServerGrpc.java:start(163)) - XceiverServerGrpc edbdd45e-116e-45c7-951f-264ab28d364f is started using port 33003
2019-08-29 11:54:31,109 | INFO  | SCMAudit | user=jenkins1000 | ip=192.168.5.171 | op=GET_VERSION null | ret=SUCCESS |  
2019-08-29 11:54:31,123 [Datanode State Machine Thread - 0] INFO  ozoneimpl.OzoneContainer (OzoneContainer.java:start(201)) - Attempting to start container services.
2019-08-29 11:54:31,123 [Datanode State Machine Thread - 0] INFO  ozoneimpl.OzoneContainer (OzoneContainer.java:startContainerScrub(175)) - Background container scrubber has been disabled by hdds.containerscrub.enabled
2019-08-29 11:54:31,123 [Datanode State Machine Thread - 0] INFO  ratis.XceiverServerRatis (XceiverServerRatis.java:start(393)) - Starting XceiverServerRatis 0237fb14-0601-4188-bfaa-710869c5af5c at port 0
2019-08-29 11:54:31,129 [Datanode State Machine Thread - 0] INFO  impl.RaftServerProxy (RaftServerProxy.java:lambda$start$3(299)) - 0237fb14-0601-4188-bfaa-710869c5af5c: start RPC server
2019-08-29 11:54:31,130 [Datanode State Machine Thread - 0] INFO  server.GrpcService (GrpcService.java:startImpl(149)) - 0237fb14-0601-4188-bfaa-710869c5af5c: GrpcService started, listening on 0.0.0.0/0.0.0.0:34413
2019-08-29 11:54:31,130 [Datanode State Machine Thread - 0] INFO  ratis.XceiverServerRatis (XceiverServerRatis.java:start(403)) - XceiverServerRatis 0237fb14-0601-4188-bfaa-710869c5af5c is started using port 34413
2019-08-29 11:54:31,130 [Datanode State Machine Thread - 0] INFO  server.XceiverServerGrpc (XceiverServerGrpc.java:start(163)) - XceiverServerGrpc 0237fb14-0601-4188-bfaa-710869c5af5c is started using port 36434
2019-08-29 11:54:31,181 | INFO  | SCMAudit | user=jenkins1000 | ip=192.168.5.171 | op=GET_VERSION null | ret=SUCCESS |  
2019-08-29 11:54:31,195 [Datanode State Machine Thread - 0] INFO  ozoneimpl.OzoneContainer (OzoneContainer.java:start(201)) - Attempting to start container services.
2019-08-29 11:54:31,195 [Datanode State Machine Thread - 0] INFO  ozoneimpl.OzoneContainer (OzoneContainer.java:startContainerScrub(175)) - Background container scrubber has been disabled by hdds.containerscrub.enabled
2019-08-29 11:54:31,195 [Datanode State Machine Thread - 0] INFO  ratis.XceiverServerRatis (XceiverServerRatis.java:start(393)) - Starting XceiverServerRatis 822b3223-74a0-44c8-ae72-b72e27a17b65 at port 0
2019-08-29 11:54:31,200 [Datanode State Machine Thread - 0] INFO  impl.RaftServerProxy (RaftServerProxy.java:lambda$start$3(299)) - 822b3223-74a0-44c8-ae72-b72e27a17b65: start RPC server
2019-08-29 11:54:31,200 [Datanode State Machine Thread - 0] INFO  server.GrpcService (GrpcService.java:startImpl(149)) - 822b3223-74a0-44c8-ae72-b72e27a17b65: GrpcService started, listening on 0.0.0.0/0.0.0.0:45414
2019-08-29 11:54:31,201 [Datanode State Machine Thread - 0] INFO  ratis.XceiverServerRatis (XceiverServerRatis.java:start(403)) - XceiverServerRatis 822b3223-74a0-44c8-ae72-b72e27a17b65 is started using port 45414
2019-08-29 11:54:31,210 [Datanode State Machine Thread - 0] INFO  server.XceiverServerGrpc (XceiverServerGrpc.java:start(163)) - XceiverServerGrpc 822b3223-74a0-44c8-ae72-b72e27a17b65 is started using port 37348
2019-08-29 11:54:31,244 | INFO  | SCMAudit | user=jenkins1000 | ip=192.168.5.171 | op=GET_VERSION null | ret=SUCCESS |  
2019-08-29 11:54:31,258 [Datanode State Machine Thread - 0] INFO  ozoneimpl.OzoneContainer (OzoneContainer.java:start(201)) - Attempting to start container services.
2019-08-29 11:54:31,258 [Datanode State Machine Thread - 0] INFO  ozoneimpl.OzoneContainer (OzoneContainer.java:startContainerScrub(175)) - Background container scrubber has been disabled by hdds.containerscrub.enabled
2019-08-29 11:54:31,258 [Datanode State Machine Thread - 0] INFO  ratis.XceiverServerRatis (XceiverServerRatis.java:start(393)) - Starting XceiverServerRatis 97e3324b-235f-4ceb-956e-993ee2fe234c at port 0
2019-08-29 11:54:31,262 [Datanode State Machine Thread - 0] INFO  impl.RaftServerProxy (RaftServerProxy.java:lambda$start$3(299)) - 97e3324b-235f-4ceb-956e-993ee2fe234c: start RPC server
2019-08-29 11:54:31,262 [Datanode State Machine Thread - 0] INFO  server.GrpcService (GrpcService.java:startImpl(149)) - 97e3324b-235f-4ceb-956e-993ee2fe234c: GrpcService started, listening on 0.0.0.0/0.0.0.0:44511
2019-08-29 11:54:31,263 [Datanode State Machine Thread - 0] INFO  ratis.XceiverServerRatis (XceiverServerRatis.java:start(403)) - XceiverServerRatis 97e3324b-235f-4ceb-956e-993ee2fe234c is started using port 44511
2019-08-29 11:54:31,263 [Datanode State Machine Thread - 0] INFO  server.XceiverServerGrpc (XceiverServerGrpc.java:start(163)) - XceiverServerGrpc 97e3324b-235f-4ceb-956e-993ee2fe234c is started using port 42342
2019-08-29 11:54:31,310 | INFO  | SCMAudit | user=jenkins1000 | ip=192.168.5.171 | op=GET_VERSION null | ret=SUCCESS |  
2019-08-29 11:54:31,324 [Datanode State Machine Thread - 0] INFO  ozoneimpl.OzoneContainer (OzoneContainer.java:start(201)) - Attempting to start container services.
2019-08-29 11:54:31,324 [Datanode State Machine Thread - 0] INFO  ozoneimpl.OzoneContainer (OzoneContainer.java:startContainerScrub(175)) - Background container scrubber has been disabled by hdds.containerscrub.enabled
2019-08-29 11:54:31,324 [Datanode State Machine Thread - 0] INFO  ratis.XceiverServerRatis (XceiverServerRatis.java:start(393)) - Starting XceiverServerRatis 6997f81c-1ecf-488f-a14c-812b649ddfad at port 0
2019-08-29 11:54:31,330 [Datanode State Machine Thread - 0] INFO  impl.RaftServerProxy (RaftServerProxy.java:lambda$start$3(299)) - 6997f81c-1ecf-488f-a14c-812b649ddfad: start RPC server
2019-08-29 11:54:31,331 [Datanode State Machine Thread - 0] INFO  server.GrpcService (GrpcService.java:startImpl(149)) - 6997f81c-1ecf-488f-a14c-812b649ddfad: GrpcService started, listening on 0.0.0.0/0.0.0.0:45289
2019-08-29 11:54:31,331 [Datanode State Machine Thread - 0] INFO  ratis.XceiverServerRatis (XceiverServerRatis.java:start(403)) - XceiverServerRatis 6997f81c-1ecf-488f-a14c-812b649ddfad is started using port 45289
2019-08-29 11:54:31,331 [Datanode State Machine Thread - 0] INFO  server.XceiverServerGrpc (XceiverServerGrpc.java:start(163)) - XceiverServerGrpc 6997f81c-1ecf-488f-a14c-812b649ddfad is started using port 44383
2019-08-29 11:54:31,378 | INFO  | SCMAudit | user=jenkins1000 | ip=192.168.5.171 | op=GET_VERSION null | ret=SUCCESS |  
2019-08-29 11:54:31,393 [Datanode State Machine Thread - 0] INFO  ozoneimpl.OzoneContainer (OzoneContainer.java:start(201)) - Attempting to start container services.
2019-08-29 11:54:31,393 [Datanode State Machine Thread - 0] INFO  ozoneimpl.OzoneContainer (OzoneContainer.java:startContainerScrub(175)) - Background container scrubber has been disabled by hdds.containerscrub.enabled
2019-08-29 11:54:31,393 [Datanode State Machine Thread - 0] INFO  ratis.XceiverServerRatis (XceiverServerRatis.java:start(393)) - Starting XceiverServerRatis 3442b9cb-a0d9-4a64-bd62-61dec9190efe at port 0
2019-08-29 11:54:31,399 [Datanode State Machine Thread - 0] INFO  impl.RaftServerProxy (RaftServerProxy.java:lambda$start$3(299)) - 3442b9cb-a0d9-4a64-bd62-61dec9190efe: start RPC server
2019-08-29 11:54:31,400 [Datanode State Machine Thread - 0] INFO  server.GrpcService (GrpcService.java:startImpl(149)) - 3442b9cb-a0d9-4a64-bd62-61dec9190efe: GrpcService started, listening on 0.0.0.0/0.0.0.0:44430
2019-08-29 11:54:31,400 [Datanode State Machine Thread - 0] INFO  ratis.XceiverServerRatis (XceiverServerRatis.java:start(403)) - XceiverServerRatis 3442b9cb-a0d9-4a64-bd62-61dec9190efe is started using port 44430
2019-08-29 11:54:31,400 [Datanode State Machine Thread - 0] INFO  server.XceiverServerGrpc (XceiverServerGrpc.java:start(163)) - XceiverServerGrpc 3442b9cb-a0d9-4a64-bd62-61dec9190efe is started using port 33423
2019-08-29 11:54:31,454 [main] INFO  ozone.MiniOzoneClusterImpl (MiniOzoneClusterImpl.java:lambda$waitForClusterToBeReady$0(140)) - Waiting for cluster to be ready. Got 0 of 10 DN Heartbeats.
2019-08-29 11:54:31,455 | INFO  | SCMAudit | user=jenkins1000 | ip=192.168.5.171 | op=GET_VERSION null | ret=SUCCESS |  
2019-08-29 11:54:31,468 [Datanode State Machine Thread - 0] INFO  ozoneimpl.OzoneContainer (OzoneContainer.java:start(201)) - Attempting to start container services.
2019-08-29 11:54:31,469 [Datanode State Machine Thread - 0] INFO  ozoneimpl.OzoneContainer (OzoneContainer.java:startContainerScrub(175)) - Background container scrubber has been disabled by hdds.containerscrub.enabled
2019-08-29 11:54:31,469 [Datanode State Machine Thread - 0] INFO  ratis.XceiverServerRatis (XceiverServerRatis.java:start(393)) - Starting XceiverServerRatis 0927c2fb-bc54-48d8-8b4a-6f0f550fa3d8 at port 0
2019-08-29 11:54:31,473 [Datanode State Machine Thread - 0] INFO  impl.RaftServerProxy (RaftServerProxy.java:lambda$start$3(299)) - 0927c2fb-bc54-48d8-8b4a-6f0f550fa3d8: start RPC server
2019-08-29 11:54:31,477 [Datanode State Machine Thread - 0] INFO  server.GrpcService (GrpcService.java:startImpl(149)) - 0927c2fb-bc54-48d8-8b4a-6f0f550fa3d8: GrpcService started, listening on 0.0.0.0/0.0.0.0:45391
2019-08-29 11:54:31,477 [Datanode State Machine Thread - 0] INFO  ratis.XceiverServerRatis (XceiverServerRatis.java:start(403)) - XceiverServerRatis 0927c2fb-bc54-48d8-8b4a-6f0f550fa3d8 is started using port 45391
2019-08-29 11:54:31,493 [Datanode State Machine Thread - 0] INFO  server.XceiverServerGrpc (XceiverServerGrpc.java:start(163)) - XceiverServerGrpc 0927c2fb-bc54-48d8-8b4a-6f0f550fa3d8 is started using port 34800
2019-08-29 11:54:32,454 [main] INFO  ozone.MiniOzoneClusterImpl (MiniOzoneClusterImpl.java:lambda$waitForClusterToBeReady$0(140)) - Waiting for cluster to be ready. Got 0 of 10 DN Heartbeats.
2019-08-29 11:54:32,852 [IPC Server handler 10 on 36817] INFO  net.NetworkTopology (NetworkTopologyImpl.java:add(110)) - Added a new node: /rack1/21c7cf7b-6251-48a4-bdb1-01914484bde5
2019-08-29 11:54:32,855 [IPC Server handler 10 on 36817] INFO  node.SCMNodeManager (SCMNodeManager.java:register(273)) - Registered Data node : 21c7cf7b-6251-48a4-bdb1-01914484bde5{ip: 192.168.5.171, host: pr-hdds-2058-gt6pm-2007824988, networkLocation: /rack1, certSerialId: null}
2019-08-29 11:54:32,856 | INFO  | SCMAudit | user=jenkins1000 | ip=192.168.5.171 | op=REGISTER {datanodeDetails=21c7cf7b-6251-48a4-bdb1-01914484bde5{ip: 192.168.5.171, host: pr-hdds-2058-gt6pm-2007824988, networkLocation: /default-rack, certSerialId: null}} | ret=SUCCESS |  
2019-08-29 11:54:32,856 [EventQueue-NodeRegistrationContainerReportForDataNodeSafeModeRule] INFO  safemode.SCMSafeModeManager (DataNodeSafeModeRule.java:process(71)) - SCM in safe mode. 1 DataNodes registered, 1 required.
2019-08-29 11:54:32,862 [EventQueue-NodeRegistrationContainerReportForDataNodeSafeModeRule] INFO  safemode.SCMSafeModeManager (SCMSafeModeManager.java:validateSafeModeExitRules(177)) - ScmSafeModeManager, all rules are successfully validated
2019-08-29 11:54:32,862 [EventQueue-NodeRegistrationContainerReportForDataNodeSafeModeRule] INFO  safemode.SCMSafeModeManager (SCMSafeModeManager.java:exitSafeMode(193)) - SCM exiting safe mode.
2019-08-29 11:54:32,873 [grpc-default-executor-10] INFO  impl.RaftServerProxy (RaftServerProxy.java:addNew(89)) - 21c7cf7b-6251-48a4-bdb1-01914484bde5: addNew group-F94D6CA4ECBF:[21c7cf7b-6251-48a4-bdb1-01914484bde5:192.168.5.171:42450] returns group-F94D6CA4ECBF:java.util.concurrent.CompletableFuture@1e456266[Not completed]
2019-08-29 11:54:32,874 [pool-389-thread-1] INFO  impl.RaftServerImpl (RaftServerImpl.java:<init>(93)) - 21c7cf7b-6251-48a4-bdb1-01914484bde5: new RaftServerImpl for group-F94D6CA4ECBF:[21c7cf7b-6251-48a4-bdb1-01914484bde5:192.168.5.171:42450] with ContainerStateMachine:uninitialized
2019-08-29 11:54:32,874 [pool-389-thread-1] INFO  server.RaftServerConfigKeys (ConfUtils.java:logGet(43)) - raft.server.rpc.timeout.min = 1s (custom)
2019-08-29 11:54:32,874 [pool-389-thread-1] INFO  server.RaftServerConfigKeys (ConfUtils.java:logGet(43)) - raft.server.rpc.timeout.max = 1200ms (custom)
2019-08-29 11:54:32,875 [pool-389-thread-1] INFO  server.RaftServerConfigKeys (ConfUtils.java:logGet(43)) - raft.server.rpcslowness.timeout = 120s (custom)
2019-08-29 11:54:32,875 [pool-389-thread-1] INFO  server.RaftServerConfigKeys (ConfUtils.java:logGet(43)) - raft.server.sleep.deviation.threshold = 300 (default)
2019-08-29 11:54:32,875 [pool-389-thread-1] INFO  server.RaftServerConfigKeys (ConfUtils.java:logGet(43)) - raft.server.log.appender.install.snapshot.enabled = false (custom)
2019-08-29 11:54:32,875 [pool-389-thread-1] INFO  impl.RaftServerImpl (ServerState.java:<init>(105)) - 21c7cf7b-6251-48a4-bdb1-01914484bde5:group-F94D6CA4ECBF ConfigurationManager, init=-1: [21c7cf7b-6251-48a4-bdb1-01914484bde5:192.168.5.171:42450], old=null, confs=<EMPTY_MAP>
2019-08-29 11:54:32,875 [pool-389-thread-1] INFO  server.RaftServerConfigKeys (ConfUtils.java:logGet(43)) - raft.server.storage.dir = [/workdir/hadoop-ozone/integration-test/target/test-dir/MiniOzoneClusterImpl-16ce5ac2-d92d-4b29-933b-33d00735e97e/datanode-0/data/ratis] (custom)
2019-08-29 11:54:32,876 [pool-389-thread-1] INFO  storage.RaftStorageDirectory (RaftStorageDirectory.java:analyzeStorage(246)) - The storage directory /workdir/hadoop-ozone/integration-test/target/test-dir/MiniOzoneClusterImpl-16ce5ac2-d92d-4b29-933b-33d00735e97e/datanode-0/data/ratis/96d6c6d5-5d1f-4dce-91e8-f94d6ca4ecbf does not exist. Creating ...
2019-08-29 11:54:32,889 [pool-389-thread-1] INFO  storage.RaftStorageDirectory (RaftStorageDirectory.java:tryLock(328)) - Lock on /workdir/hadoop-ozone/integration-test/target/test-dir/MiniOzoneClusterImpl-16ce5ac2-d92d-4b29-933b-33d00735e97e/datanode-0/data/ratis/96d6c6d5-5d1f-4dce-91e8-f94d6ca4ecbf/in_use.lock acquired by nodename 9018@pr-hdds-2058-gt6pm-2007824988
2019-08-29 11:54:32,910 [pool-389-thread-1] INFO  storage.RaftStorage (RaftStorage.java:format(72)) - Storage directory /workdir/hadoop-ozone/integration-test/target/test-dir/MiniOzoneClusterImpl-16ce5ac2-d92d-4b29-933b-33d00735e97e/datanode-0/data/ratis/96d6c6d5-5d1f-4dce-91e8-f94d6ca4ecbf has been successfully formatted.
2019-08-29 11:54:32,910 [pool-389-thread-1] INFO  ratis.ContainerStateMachine (ContainerStateMachine.java:loadSnapshot(227)) - group-F94D6CA4ECBF: The snapshot info is null. Setting the last applied indexto:(t:0, i:~)
2019-08-29 11:54:32,910 [pool-389-thread-1] INFO  server.RaftServerConfigKeys (ConfUtils.java:logGet(43)) - raft.server.leader.election.timeout = 120s (custom)
2019-08-29 11:54:32,911 [pool-389-thread-1] INFO  server.RaftServerConfigKeys (ConfUtils.java:logGet(43)) - raft.server.log.use.memory = false (default)
2019-08-29 11:54:32,911 [pool-389-thread-1] INFO  server.RaftServerConfigKeys (ConfUtils.java:logGet(43)) - raft.server.log.purge.gap = 1000000 (custom)
2019-08-29 11:54:32,911 [pool-389-thread-1] INFO  server.RaftServerConfigKeys (ConfUtils.java:logGet(43)) - raft.server.log.appender.buffer.byte-limit = 33554432 (custom)
2019-08-29 11:54:32,911 [pool-389-thread-1] INFO  server.RaftServerConfigKeys (ConfUtils.java:logGet(43)) - raft.server.log.segment.size.max = 1048576 (custom)
2019-08-29 11:54:32,911 [pool-389-thread-1] INFO  server.RaftServerConfigKeys (ConfUtils.java:logGet(43)) - raft.server.log.segment.cache.num.max = 2 (custom)
2019-08-29 11:54:32,911 [pool-389-thread-1] INFO  segmented.SegmentedRaftLogWorker (SegmentedRaftLogWorker.java:<init>(172)) - new 21c7cf7b-6251-48a4-bdb1-01914484bde5-SegmentedRaftLogWorker:Storage Directory /workdir/hadoop-ozone/integration-test/target/test-dir/MiniOzoneClusterImpl-16ce5ac2-d92d-4b29-933b-33d00735e97e/datanode-0/data/ratis/96d6c6d5-5d1f-4dce-91e8-f94d6ca4ecbf for RaftStorage:Storage Directory /workdir/hadoop-ozone/integration-test/target/test-dir/MiniOzoneClusterImpl-16ce5ac2-d92d-4b29-933b-33d00735e97e/datanode-0/data/ratis/96d6c6d5-5d1f-4dce-91e8-f94d6ca4ecbf
2019-08-29 11:54:32,911 [pool-389-thread-1] INFO  server.RaftServerConfigKeys (ConfUtils.java:logGet(43)) - raft.server.log.queue.byte-limit = 2147483647 (custom)
2019-08-29 11:54:32,911 [pool-389-thread-1] INFO  server.RaftServerConfigKeys (ConfUtils.java:logGet(43)) - raft.server.log.queue.element-limit = 1024 (custom)
2019-08-29 11:54:32,912 [pool-389-thread-1] INFO  server.RaftServerConfigKeys (ConfUtils.java:logGet(43)) - raft.server.log.segment.size.max = 1048576 (custom)
2019-08-29 11:54:32,912 [pool-389-thread-1] INFO  server.RaftServerConfigKeys (ConfUtils.java:logGet(43)) - raft.server.log.preallocated.size = 16384 (custom)
2019-08-29 11:54:32,912 [pool-389-thread-1] INFO  server.RaftServerConfigKeys (ConfUtils.java:logGet(43)) - raft.server.log.write.buffer.size = 33554432 (custom)
2019-08-29 11:54:32,912 [pool-389-thread-1] INFO  server.RaftServerConfigKeys (ConfUtils.java:logGet(43)) - raft.server.log.force.sync.num = 128 (default)
2019-08-29 11:54:32,912 [pool-389-thread-1] INFO  server.RaftServerConfigKeys (ConfUtils.java:logGet(43)) - raft.server.log.statemachine.data.sync = true (default)
2019-08-29 11:54:32,912 [pool-389-thread-1] INFO  server.RaftServerConfigKeys (ConfUtils.java:logGet(43)) - raft.server.log.statemachine.data.sync.timeout = 10s (default)
2019-08-29 11:54:32,912 [pool-389-thread-1] INFO  server.RaftServerConfigKeys (ConfUtils.java:logGet(43)) - raft.server.log.statemachine.data.sync.timeout.retry = -1 (default)
2019-08-29 11:54:32,913 [pool-389-thread-1] INFO  server.RaftServerConfigKeys (ConfUtils.java:logGet(43)) - raft.server.log.statemachine.data.caching.enabled = true (custom)
2019-08-29 11:54:32,913 [pool-389-thread-1] INFO  segmented.SegmentedRaftLogWorker (SegmentedRaftLogWorker.java:lambda$new$0(132)) - 21c7cf7b-6251-48a4-bdb1-01914484bde5-SegmentedRaftLogWorker:Storage Directory /workdir/hadoop-ozone/integration-test/target/test-dir/MiniOzoneClusterImpl-16ce5ac2-d92d-4b29-933b-33d00735e97e/datanode-0/data/ratis/96d6c6d5-5d1f-4dce-91e8-f94d6ca4ecbf: flushIndex: setUnconditionally 0 -> -1
2019-08-29 11:54:32,952 [IPC Server handler 12 on 36817] INFO  net.NetworkTopology (NetworkTopologyImpl.java:add(110)) - Added a new node: /rack1/368ac840-1874-400c-9a5e-97ce3a83695d
2019-08-29 11:54:32,952 [pool-389-thread-1] INFO  server.RaftServerConfigKeys (ConfUtils.java:logGet(43)) - raft.server.snapshot.auto.trigger.enabled = true (custom)
2019-08-29 11:54:32,952 [IPC Server handler 12 on 36817] INFO  node.SCMNodeManager (SCMNodeManager.java:register(273)) - Registered Data node : 368ac840-1874-400c-9a5e-97ce3a83695d{ip: 192.168.5.171, host: pr-hdds-2058-gt6pm-2007824988, networkLocation: /rack1, certSerialId: null}
2019-08-29 11:54:32,952 [pool-389-thread-1] INFO  server.RaftServerConfigKeys (ConfUtils.java:logGet(43)) - raft.server.snapshot.auto.trigger.threshold = 10000 (custom)
2019-08-29 11:54:32,952 | INFO  | SCMAudit | user=jenkins1000 | ip=192.168.5.171 | op=REGISTER {datanodeDetails=368ac840-1874-400c-9a5e-97ce3a83695d{ip: 192.168.5.171, host: pr-hdds-2058-gt6pm-2007824988, networkLocation: /default-rack, certSerialId: null}} | ret=SUCCESS |  
2019-08-29 11:54:32,952 [pool-389-thread-1] INFO  server.RaftServerConfigKeys (ConfUtils.java:logGet(43)) - raft.server.retrycache.expirytime = 600000ms (custom)
2019-08-29 11:54:32,953 [pool-389-thread-1] INFO  impl.RaftServerImpl (RaftServerImpl.java:start(180)) - 21c7cf7b-6251-48a4-bdb1-01914484bde5: start group-F94D6CA4ECBF
2019-08-29 11:54:32,953 [pool-389-thread-1] INFO  impl.RaftServerImpl (RaftServerImpl.java:setRole(171)) - 21c7cf7b-6251-48a4-bdb1-01914484bde5:group-F94D6CA4ECBF changes role from null to FOLLOWER at term 0 for startAsFollower
2019-08-29 11:54:32,953 [pool-389-thread-1] INFO  impl.RoleInfo (RoleInfo.java:updateAndGet(143)) - 21c7cf7b-6251-48a4-bdb1-01914484bde5: start FollowerState
2019-08-29 11:54:32,966 [pool-389-thread-1] INFO  util.JmxRegister (JmxRegister.java:tryRegister(44)) - Successfully registered JMX Bean with object name Ratis:service=RaftServer,group=group-F94D6CA4ECBF,id=21c7cf7b-6251-48a4-bdb1-01914484bde5
2019-08-29 11:54:33,149 [IPC Server handler 11 on 36817] INFO  net.NetworkTopology (NetworkTopologyImpl.java:add(110)) - Added a new node: /rack1/79404ccb-3783-4150-88ba-2fea440d7696
2019-08-29 11:54:33,149 [IPC Server handler 9 on 36817] INFO  net.NetworkTopology (NetworkTopologyImpl.java:add(110)) - Added a new node: /rack1/edbdd45e-116e-45c7-951f-264ab28d364f
2019-08-29 11:54:33,149 [IPC Server handler 13 on 36817] INFO  net.NetworkTopology (NetworkTopologyImpl.java:add(110)) - Added a new node: /rack1/0237fb14-0601-4188-bfaa-710869c5af5c
2019-08-29 11:54:33,149 [IPC Server handler 9 on 36817] INFO  node.SCMNodeManager (SCMNodeManager.java:register(273)) - Registered Data node : edbdd45e-116e-45c7-951f-264ab28d364f{ip: 192.168.5.171, host: pr-hdds-2058-gt6pm-2007824988, networkLocation: /rack1, certSerialId: null}
2019-08-29 11:54:33,149 [IPC Server handler 11 on 36817] INFO  node.SCMNodeManager (SCMNodeManager.java:register(273)) - Registered Data node : 79404ccb-3783-4150-88ba-2fea440d7696{ip: 192.168.5.171, host: pr-hdds-2058-gt6pm-2007824988, networkLocation: /rack1, certSerialId: null}
2019-08-29 11:54:33,150 [IPC Server handler 13 on 36817] INFO  node.SCMNodeManager (SCMNodeManager.java:register(273)) - Registered Data node : 0237fb14-0601-4188-bfaa-710869c5af5c{ip: 192.168.5.171, host: pr-hdds-2058-gt6pm-2007824988, networkLocation: /rack1, certSerialId: null}
2019-08-29 11:54:33,153 | INFO  | SCMAudit | user=jenkins1000 | ip=192.168.5.171 | op=REGISTER {datanodeDetails=79404ccb-3783-4150-88ba-2fea440d7696{ip: 192.168.5.171, host: pr-hdds-2058-gt6pm-2007824988, networkLocation: /default-rack, certSerialId: null}} | ret=SUCCESS |  
2019-08-29 11:54:33,153 | INFO  | SCMAudit | user=jenkins1000 | ip=192.168.5.171 | op=REGISTER {datanodeDetails=edbdd45e-116e-45c7-951f-264ab28d364f{ip: 192.168.5.171, host: pr-hdds-2058-gt6pm-2007824988, networkLocation: /default-rack, certSerialId: null}} | ret=SUCCESS |  
2019-08-29 11:54:33,153 | INFO  | SCMAudit | user=jenkins1000 | ip=192.168.5.171 | op=REGISTER {datanodeDetails=0237fb14-0601-4188-bfaa-710869c5af5c{ip: 192.168.5.171, host: pr-hdds-2058-gt6pm-2007824988, networkLocation: /default-rack, certSerialId: null}} | ret=SUCCESS |  
2019-08-29 11:54:33,163 [RatisPipelineUtilsThread] INFO  pipeline.PipelineStateManager (PipelineStateManager.java:addPipeline(56)) - Created pipeline Pipeline[ Id: 96d6c6d5-5d1f-4dce-91e8-f94d6ca4ecbf, Nodes: 21c7cf7b-6251-48a4-bdb1-01914484bde5{ip: 192.168.5.171, host: pr-hdds-2058-gt6pm-2007824988, networkLocation: /rack1, certSerialId: null}, Type:RATIS, Factor:ONE, State:OPEN]
2019-08-29 11:54:33,172 [grpc-default-executor-10] INFO  impl.RaftServerProxy (RaftServerProxy.java:addNew(89)) - 0237fb14-0601-4188-bfaa-710869c5af5c: addNew group-73233F4C92A1:[0237fb14-0601-4188-bfaa-710869c5af5c:192.168.5.171:34413] returns group-73233F4C92A1:java.util.concurrent.CompletableFuture@30226887[Not completed]
2019-08-29 11:54:33,173 [pool-429-thread-1] INFO  impl.RaftServerImpl (RaftServerImpl.java:<init>(93)) - 0237fb14-0601-4188-bfaa-710869c5af5c: new RaftServerImpl for group-73233F4C92A1:[0237fb14-0601-4188-bfaa-710869c5af5c:192.168.5.171:34413] with ContainerStateMachine:uninitialized
2019-08-29 11:54:33,174 [pool-429-thread-1] INFO  server.RaftServerConfigKeys (ConfUtils.java:logGet(43)) - raft.server.rpc.timeout.min = 1s (custom)
2019-08-29 11:54:33,174 [pool-429-thread-1] INFO  server.RaftServerConfigKeys (ConfUtils.java:logGet(43)) - raft.server.rpc.timeout.max = 1200ms (custom)
2019-08-29 11:54:33,174 [pool-429-thread-1] INFO  server.RaftServerConfigKeys (ConfUtils.java:logGet(43)) - raft.server.rpcslowness.timeout = 120s (custom)
2019-08-29 11:54:33,174 [pool-429-thread-1] INFO  server.RaftServerConfigKeys (ConfUtils.java:logGet(43)) - raft.server.sleep.deviation.threshold = 300 (default)
2019-08-29 11:54:33,174 [pool-429-thread-1] INFO  server.RaftServerConfigKeys (ConfUtils.java:logGet(43)) - raft.server.log.appender.install.snapshot.enabled = false (custom)
2019-08-29 11:54:33,174 [pool-429-thread-1] INFO  impl.RaftServerImpl (ServerState.java:<init>(105)) - 0237fb14-0601-4188-bfaa-710869c5af5c:group-73233F4C92A1 ConfigurationManager, init=-1: [0237fb14-0601-4188-bfaa-710869c5af5c:192.168.5.171:34413], old=null, confs=<EMPTY_MAP>
2019-08-29 11:54:33,174 [pool-429-thread-1] INFO  server.RaftServerConfigKeys (ConfUtils.java:logGet(43)) - raft.server.storage.dir = [/workdir/hadoop-ozone/integration-test/target/test-dir/MiniOzoneClusterImpl-16ce5ac2-d92d-4b29-933b-33d00735e97e/datanode-4/data/ratis] (custom)
2019-08-29 11:54:33,175 [pool-429-thread-1] INFO  storage.RaftStorageDirectory (RaftStorageDirectory.java:analyzeStorage(246)) - The storage directory /workdir/hadoop-ozone/integration-test/target/test-dir/MiniOzoneClusterImpl-16ce5ac2-d92d-4b29-933b-33d00735e97e/datanode-4/data/ratis/dacf4f1f-1126-4fe4-81eb-73233f4c92a1 does not exist. Creating ...
2019-08-29 11:54:33,182 [IPC Server handler 8 on 36817] INFO  net.NetworkTopology (NetworkTopologyImpl.java:add(110)) - Added a new node: /rack1/822b3223-74a0-44c8-ae72-b72e27a17b65
2019-08-29 11:54:33,182 [IPC Server handler 8 on 36817] INFO  node.SCMNodeManager (SCMNodeManager.java:register(273)) - Registered Data node : 822b3223-74a0-44c8-ae72-b72e27a17b65{ip: 192.168.5.171, host: pr-hdds-2058-gt6pm-2007824988, networkLocation: /rack1, certSerialId: null}
2019-08-29 11:54:33,182 | INFO  | SCMAudit | user=jenkins1000 | ip=192.168.5.171 | op=REGISTER {datanodeDetails=822b3223-74a0-44c8-ae72-b72e27a17b65{ip: 192.168.5.171, host: pr-hdds-2058-gt6pm-2007824988, networkLocation: /default-rack, certSerialId: null}} | ret=SUCCESS |  
2019-08-29 11:54:33,190 [pool-429-thread-1] INFO  storage.RaftStorageDirectory (RaftStorageDirectory.java:tryLock(328)) - Lock on /workdir/hadoop-ozone/integration-test/target/test-dir/MiniOzoneClusterImpl-16ce5ac2-d92d-4b29-933b-33d00735e97e/datanode-4/data/ratis/dacf4f1f-1126-4fe4-81eb-73233f4c92a1/in_use.lock acquired by nodename 9018@pr-hdds-2058-gt6pm-2007824988
2019-08-29 11:54:33,210 [pool-429-thread-1] INFO  storage.RaftStorage (RaftStorage.java:format(72)) - Storage directory /workdir/hadoop-ozone/integration-test/target/test-dir/MiniOzoneClusterImpl-16ce5ac2-d92d-4b29-933b-33d00735e97e/datanode-4/data/ratis/dacf4f1f-1126-4fe4-81eb-73233f4c92a1 has been successfully formatted.
2019-08-29 11:54:33,210 [pool-429-thread-1] INFO  ratis.ContainerStateMachine (ContainerStateMachine.java:loadSnapshot(227)) - group-73233F4C92A1: The snapshot info is null. Setting the last applied indexto:(t:0, i:~)
2019-08-29 11:54:33,210 [pool-429-thread-1] INFO  server.RaftServerConfigKeys (ConfUtils.java:logGet(43)) - raft.server.leader.election.timeout = 120s (custom)
2019-08-29 11:54:33,210 [pool-429-thread-1] INFO  server.RaftServerConfigKeys (ConfUtils.java:logGet(43)) - raft.server.log.use.memory = false (default)
2019-08-29 11:54:33,210 [pool-429-thread-1] INFO  server.RaftServerConfigKeys (ConfUtils.java:logGet(43)) - raft.server.log.purge.gap = 1000000 (custom)
2019-08-29 11:54:33,210 [pool-429-thread-1] INFO  server.RaftServerConfigKeys (ConfUtils.java:logGet(43)) - raft.server.log.appender.buffer.byte-limit = 33554432 (custom)
2019-08-29 11:54:33,211 [pool-429-thread-1] INFO  server.RaftServerConfigKeys (ConfUtils.java:logGet(43)) - raft.server.log.segment.size.max = 1048576 (custom)
2019-08-29 11:54:33,211 [pool-429-thread-1] INFO  server.RaftServerConfigKeys (ConfUtils.java:logGet(43)) - raft.server.log.segment.cache.num.max = 2 (custom)
2019-08-29 11:54:33,211 [pool-429-thread-1] INFO  segmented.SegmentedRaftLogWorker (SegmentedRaftLogWorker.java:<init>(172)) - new 0237fb14-0601-4188-bfaa-710869c5af5c-SegmentedRaftLogWorker:Storage Directory /workdir/hadoop-ozone/integration-test/target/test-dir/MiniOzoneClusterImpl-16ce5ac2-d92d-4b29-933b-33d00735e97e/datanode-4/data/ratis/dacf4f1f-1126-4fe4-81eb-73233f4c92a1 for RaftStorage:Storage Directory /workdir/hadoop-ozone/integration-test/target/test-dir/MiniOzoneClusterImpl-16ce5ac2-d92d-4b29-933b-33d00735e97e/datanode-4/data/ratis/dacf4f1f-1126-4fe4-81eb-73233f4c92a1
2019-08-29 11:54:33,211 [pool-429-thread-1] INFO  server.RaftServerConfigKeys (ConfUtils.java:logGet(43)) - raft.server.log.queue.byte-limit = 2147483647 (custom)
2019-08-29 11:54:33,211 [pool-429-thread-1] INFO  server.RaftServerConfigKeys (ConfUtils.java:logGet(43)) - raft.server.log.queue.element-limit = 1024 (custom)
2019-08-29 11:54:33,211 [pool-429-thread-1] INFO  server.RaftServerConfigKeys (ConfUtils.java:logGet(43)) - raft.server.log.segment.size.max = 1048576 (custom)
2019-08-29 11:54:33,211 [pool-429-thread-1] INFO  server.RaftServerConfigKeys (ConfUtils.java:logGet(43)) - raft.server.log.preallocated.size = 16384 (custom)
2019-08-29 11:54:33,211 [pool-429-thread-1] INFO  server.RaftServerConfigKeys (ConfUtils.java:logGet(43)) - raft.server.log.write.buffer.size = 33554432 (custom)
2019-08-29 11:54:33,212 [pool-429-thread-1] INFO  server.RaftServerConfigKeys (ConfUtils.java:logGet(43)) - raft.server.log.force.sync.num = 128 (default)
2019-08-29 11:54:33,212 [pool-429-thread-1] INFO  server.RaftServerConfigKeys (ConfUtils.java:logGet(43)) - raft.server.log.statemachine.data.sync = true (default)
2019-08-29 11:54:33,212 [pool-429-thread-1] INFO  server.RaftServerConfigKeys (ConfUtils.java:logGet(43)) - raft.server.log.statemachine.data.sync.timeout = 10s (default)
2019-08-29 11:54:33,212 [pool-429-thread-1] INFO  server.RaftServerConfigKeys (ConfUtils.java:logGet(43)) - raft.server.log.statemachine.data.sync.timeout.retry = -1 (default)
2019-08-29 11:54:33,212 [pool-429-thread-1] INFO  server.RaftServerConfigKeys (ConfUtils.java:logGet(43)) - raft.server.log.statemachine.data.caching.enabled = true (custom)
2019-08-29 11:54:33,212 [pool-429-thread-1] INFO  segmented.SegmentedRaftLogWorker (SegmentedRaftLogWorker.java:lambda$new$0(132)) - 0237fb14-0601-4188-bfaa-710869c5af5c-SegmentedRaftLogWorker:Storage Directory /workdir/hadoop-ozone/integration-test/target/test-dir/MiniOzoneClusterImpl-16ce5ac2-d92d-4b29-933b-33d00735e97e/datanode-4/data/ratis/dacf4f1f-1126-4fe4-81eb-73233f4c92a1: flushIndex: setUnconditionally 0 -> -1
2019-08-29 11:54:33,213 [pool-429-thread-1] INFO  server.RaftServerConfigKeys (ConfUtils.java:logGet(43)) - raft.server.snapshot.auto.trigger.enabled = true (custom)
2019-08-29 11:54:33,213 [pool-429-thread-1] INFO  server.RaftServerConfigKeys (ConfUtils.java:logGet(43)) - raft.server.snapshot.auto.trigger.threshold = 10000 (custom)
2019-08-29 11:54:33,213 [pool-429-thread-1] INFO  server.RaftServerConfigKeys (ConfUtils.java:logGet(43)) - raft.server.retrycache.expirytime = 600000ms (custom)
2019-08-29 11:54:33,213 [pool-429-thread-1] INFO  impl.RaftServerImpl (RaftServerImpl.java:start(180)) - 0237fb14-0601-4188-bfaa-710869c5af5c: start group-73233F4C92A1
2019-08-29 11:54:33,213 [pool-429-thread-1] INFO  impl.RaftServerImpl (RaftServerImpl.java:setRole(171)) - 0237fb14-0601-4188-bfaa-710869c5af5c:group-73233F4C92A1 changes role from null to FOLLOWER at term 0 for startAsFollower
2019-08-29 11:54:33,213 [pool-429-thread-1] INFO  impl.RoleInfo (RoleInfo.java:updateAndGet(143)) - 0237fb14-0601-4188-bfaa-710869c5af5c: start FollowerState
2019-08-29 11:54:33,214 [pool-429-thread-1] INFO  util.JmxRegister (JmxRegister.java:tryRegister(44)) - Successfully registered JMX Bean with object name Ratis:service=RaftServer,group=group-73233F4C92A1,id=0237fb14-0601-4188-bfaa-710869c5af5c
2019-08-29 11:54:33,219 [RatisPipelineUtilsThread] INFO  pipeline.PipelineStateManager (PipelineStateManager.java:addPipeline(56)) - Created pipeline Pipeline[ Id: dacf4f1f-1126-4fe4-81eb-73233f4c92a1, Nodes: 0237fb14-0601-4188-bfaa-710869c5af5c{ip: 192.168.5.171, host: pr-hdds-2058-gt6pm-2007824988, networkLocation: /rack1, certSerialId: null}, Type:RATIS, Factor:ONE, State:OPEN]
2019-08-29 11:54:33,225 [grpc-default-executor-10] INFO  impl.RaftServerProxy (RaftServerProxy.java:addNew(89)) - 79404ccb-3783-4150-88ba-2fea440d7696: addNew group-60DACC7DE322:[79404ccb-3783-4150-88ba-2fea440d7696:192.168.5.171:38238] returns group-60DACC7DE322:java.util.concurrent.CompletableFuture@34ad699d[Not completed]
2019-08-29 11:54:33,226 [pool-409-thread-1] INFO  impl.RaftServerImpl (RaftServerImpl.java:<init>(93)) - 79404ccb-3783-4150-88ba-2fea440d7696: new RaftServerImpl for group-60DACC7DE322:[79404ccb-3783-4150-88ba-2fea440d7696:192.168.5.171:38238] with ContainerStateMachine:uninitialized
2019-08-29 11:54:33,227 [pool-409-thread-1] INFO  server.RaftServerConfigKeys (ConfUtils.java:logGet(43)) - raft.server.rpc.timeout.min = 1s (custom)
2019-08-29 11:54:33,227 [pool-409-thread-1] INFO  server.RaftServerConfigKeys (ConfUtils.java:logGet(43)) - raft.server.rpc.timeout.max = 1200ms (custom)
2019-08-29 11:54:33,227 [pool-409-thread-1] INFO  server.RaftServerConfigKeys (ConfUtils.java:logGet(43)) - raft.server.rpcslowness.timeout = 120s (custom)
2019-08-29 11:54:33,227 [pool-409-thread-1] INFO  server.RaftServerConfigKeys (ConfUtils.java:logGet(43)) - raft.server.sleep.deviation.threshold = 300 (default)
2019-08-29 11:54:33,227 [pool-409-thread-1] INFO  server.RaftServerConfigKeys (ConfUtils.java:logGet(43)) - raft.server.log.appender.install.snapshot.enabled = false (custom)
2019-08-29 11:54:33,227 [pool-409-thread-1] INFO  impl.RaftServerImpl (ServerState.java:<init>(105)) - 79404ccb-3783-4150-88ba-2fea440d7696:group-60DACC7DE322 ConfigurationManager, init=-1: [79404ccb-3783-4150-88ba-2fea440d7696:192.168.5.171:38238], old=null, confs=<EMPTY_MAP>
2019-08-29 11:54:33,227 [pool-409-thread-1] INFO  server.RaftServerConfigKeys (ConfUtils.java:logGet(43)) - raft.server.storage.dir = [/workdir/hadoop-ozone/integration-test/target/test-dir/MiniOzoneClusterImpl-16ce5ac2-d92d-4b29-933b-33d00735e97e/datanode-2/data/ratis] (custom)
2019-08-29 11:54:33,228 [pool-409-thread-1] INFO  storage.RaftStorageDirectory (RaftStorageDirectory.java:analyzeStorage(246)) - The storage directory /workdir/hadoop-ozone/integration-test/target/test-dir/MiniOzoneClusterImpl-16ce5ac2-d92d-4b29-933b-33d00735e97e/datanode-2/data/ratis/246a054e-fdac-4fce-b1f8-60dacc7de322 does not exist. Creating ...
2019-08-29 11:54:33,241 [pool-409-thread-1] INFO  storage.RaftStorageDirectory (RaftStorageDirectory.java:tryLock(328)) - Lock on /workdir/hadoop-ozone/integration-test/target/test-dir/MiniOzoneClusterImpl-16ce5ac2-d92d-4b29-933b-33d00735e97e/datanode-2/data/ratis/246a054e-fdac-4fce-b1f8-60dacc7de322/in_use.lock acquired by nodename 9018@pr-hdds-2058-gt6pm-2007824988
2019-08-29 11:54:33,244 [IPC Server handler 1 on 36817] INFO  net.NetworkTopology (NetworkTopologyImpl.java:add(110)) - Added a new node: /rack1/97e3324b-235f-4ceb-956e-993ee2fe234c
2019-08-29 11:54:33,245 [IPC Server handler 1 on 36817] INFO  node.SCMNodeManager (SCMNodeManager.java:register(273)) - Registered Data node : 97e3324b-235f-4ceb-956e-993ee2fe234c{ip: 192.168.5.171, host: pr-hdds-2058-gt6pm-2007824988, networkLocation: /rack1, certSerialId: null}
2019-08-29 11:54:33,245 | INFO  | SCMAudit | user=jenkins1000 | ip=192.168.5.171 | op=REGISTER {datanodeDetails=97e3324b-235f-4ceb-956e-993ee2fe234c{ip: 192.168.5.171, host: pr-hdds-2058-gt6pm-2007824988, networkLocation: /default-rack, certSerialId: null}} | ret=SUCCESS |  
2019-08-29 11:54:33,282 [pool-409-thread-1] INFO  storage.RaftStorage (RaftStorage.java:format(72)) - Storage directory /workdir/hadoop-ozone/integration-test/target/test-dir/MiniOzoneClusterImpl-16ce5ac2-d92d-4b29-933b-33d00735e97e/datanode-2/data/ratis/246a054e-fdac-4fce-b1f8-60dacc7de322 has been successfully formatted.
2019-08-29 11:54:33,283 [pool-409-thread-1] INFO  ratis.ContainerStateMachine (ContainerStateMachine.java:loadSnapshot(227)) - group-60DACC7DE322: The snapshot info is null. Setting the last applied indexto:(t:0, i:~)
2019-08-29 11:54:33,283 [pool-409-thread-1] INFO  server.RaftServerConfigKeys (ConfUtils.java:logGet(43)) - raft.server.leader.election.timeout = 120s (custom)
2019-08-29 11:54:33,283 [pool-409-thread-1] INFO  server.RaftServerConfigKeys (ConfUtils.java:logGet(43)) - raft.server.log.use.memory = false (default)
2019-08-29 11:54:33,283 [pool-409-thread-1] INFO  server.RaftServerConfigKeys (ConfUtils.java:logGet(43)) - raft.server.log.purge.gap = 1000000 (custom)
2019-08-29 11:54:33,283 [pool-409-thread-1] INFO  server.RaftServerConfigKeys (ConfUtils.java:logGet(43)) - raft.server.log.appender.buffer.byte-limit = 33554432 (custom)
2019-08-29 11:54:33,283 [pool-409-thread-1] INFO  server.RaftServerConfigKeys (ConfUtils.java:logGet(43)) - raft.server.log.segment.size.max = 1048576 (custom)
2019-08-29 11:54:33,284 [pool-409-thread-1] INFO  server.RaftServerConfigKeys (ConfUtils.java:logGet(43)) - raft.server.log.segment.cache.num.max = 2 (custom)
2019-08-29 11:54:33,284 [pool-409-thread-1] INFO  segmented.SegmentedRaftLogWorker (SegmentedRaftLogWorker.java:<init>(172)) - new 79404ccb-3783-4150-88ba-2fea440d7696-SegmentedRaftLogWorker:Storage Directory /workdir/hadoop-ozone/integration-test/target/test-dir/MiniOzoneClusterImpl-16ce5ac2-d92d-4b29-933b-33d00735e97e/datanode-2/data/ratis/246a054e-fdac-4fce-b1f8-60dacc7de322 for RaftStorage:Storage Directory /workdir/hadoop-ozone/integration-test/target/test-dir/MiniOzoneClusterImpl-16ce5ac2-d92d-4b29-933b-33d00735e97e/datanode-2/data/ratis/246a054e-fdac-4fce-b1f8-60dacc7de322
2019-08-29 11:54:33,284 [pool-409-thread-1] INFO  server.RaftServerConfigKeys (ConfUtils.java:logGet(43)) - raft.server.log.queue.byte-limit = 2147483647 (custom)
2019-08-29 11:54:33,284 [pool-409-thread-1] INFO  server.RaftServerConfigKeys (ConfUtils.java:logGet(43)) - raft.server.log.queue.element-limit = 1024 (custom)
2019-08-29 11:54:33,284 [pool-409-thread-1] INFO  server.RaftServerConfigKeys (ConfUtils.java:logGet(43)) - raft.server.log.segment.size.max = 1048576 (custom)
2019-08-29 11:54:33,284 [pool-409-thread-1] INFO  server.RaftServerConfigKeys (ConfUtils.java:logGet(43)) - raft.server.log.preallocated.size = 16384 (custom)
2019-08-29 11:54:33,284 [pool-409-thread-1] INFO  server.RaftServerConfigKeys (ConfUtils.java:logGet(43)) - raft.server.log.write.buffer.size = 33554432 (custom)
2019-08-29 11:54:33,285 [pool-409-thread-1] INFO  server.RaftServerConfigKeys (ConfUtils.java:logGet(43)) - raft.server.log.force.sync.num = 128 (default)
2019-08-29 11:54:33,285 [pool-409-thread-1] INFO  server.RaftServerConfigKeys (ConfUtils.java:logGet(43)) - raft.server.log.statemachine.data.sync = true (default)
2019-08-29 11:54:33,285 [pool-409-thread-1] INFO  server.RaftServerConfigKeys (ConfUtils.java:logGet(43)) - raft.server.log.statemachine.data.sync.timeout = 10s (default)
2019-08-29 11:54:33,285 [pool-409-thread-1] INFO  server.RaftServerConfigKeys (ConfUtils.java:logGet(43)) - raft.server.log.statemachine.data.sync.timeout.retry = -1 (default)
2019-08-29 11:54:33,285 [pool-409-thread-1] INFO  server.RaftServerConfigKeys (ConfUtils.java:logGet(43)) - raft.server.log.statemachine.data.caching.enabled = true (custom)
2019-08-29 11:54:33,285 [pool-409-thread-1] INFO  segmented.SegmentedRaftLogWorker (SegmentedRaftLogWorker.java:lambda$new$0(132)) - 79404ccb-3783-4150-88ba-2fea440d7696-SegmentedRaftLogWorker:Storage Directory /workdir/hadoop-ozone/integration-test/target/test-dir/MiniOzoneClusterImpl-16ce5ac2-d92d-4b29-933b-33d00735e97e/datanode-2/data/ratis/246a054e-fdac-4fce-b1f8-60dacc7de322: flushIndex: setUnconditionally 0 -> -1
2019-08-29 11:54:33,286 [pool-409-thread-1] INFO  server.RaftServerConfigKeys (ConfUtils.java:logGet(43)) - raft.server.snapshot.auto.trigger.enabled = true (custom)
2019-08-29 11:54:33,286 [pool-409-thread-1] INFO  server.RaftServerConfigKeys (ConfUtils.java:logGet(43)) - raft.server.snapshot.auto.trigger.threshold = 10000 (custom)
2019-08-29 11:54:33,286 [pool-409-thread-1] INFO  server.RaftServerConfigKeys (ConfUtils.java:logGet(43)) - raft.server.retrycache.expirytime = 600000ms (custom)
2019-08-29 11:54:33,286 [pool-409-thread-1] INFO  impl.RaftServerImpl (RaftServerImpl.java:start(180)) - 79404ccb-3783-4150-88ba-2fea440d7696: start group-60DACC7DE322
2019-08-29 11:54:33,286 [pool-409-thread-1] INFO  impl.RaftServerImpl (RaftServerImpl.java:setRole(171)) - 79404ccb-3783-4150-88ba-2fea440d7696:group-60DACC7DE322 changes role from null to FOLLOWER at term 0 for startAsFollower
2019-08-29 11:54:33,286 [pool-409-thread-1] INFO  impl.RoleInfo (RoleInfo.java:updateAndGet(143)) - 79404ccb-3783-4150-88ba-2fea440d7696: start FollowerState
2019-08-29 11:54:33,286 [pool-409-thread-1] INFO  util.JmxRegister (JmxRegister.java:tryRegister(44)) - Successfully registered JMX Bean with object name Ratis:service=RaftServer,group=group-60DACC7DE322,id=79404ccb-3783-4150-88ba-2fea440d7696
2019-08-29 11:54:33,292 [RatisPipelineUtilsThread] INFO  pipeline.PipelineStateManager (PipelineStateManager.java:addPipeline(56)) - Created pipeline Pipeline[ Id: 246a054e-fdac-4fce-b1f8-60dacc7de322, Nodes: 79404ccb-3783-4150-88ba-2fea440d7696{ip: 192.168.5.171, host: pr-hdds-2058-gt6pm-2007824988, networkLocation: /rack1, certSerialId: null}, Type:RATIS, Factor:ONE, State:OPEN]
2019-08-29 11:54:33,311 [grpc-default-executor-10] INFO  impl.RaftServerProxy (RaftServerProxy.java:addNew(89)) - 822b3223-74a0-44c8-ae72-b72e27a17b65: addNew group-1690B3800CC1:[822b3223-74a0-44c8-ae72-b72e27a17b65:192.168.5.171:45414] returns group-1690B3800CC1:java.util.concurrent.CompletableFuture@535e9f9d[Not completed]
2019-08-29 11:54:33,312 [IPC Server handler 3 on 36817] INFO  net.NetworkTopology (NetworkTopologyImpl.java:add(110)) - Added a new node: /rack1/6997f81c-1ecf-488f-a14c-812b649ddfad
2019-08-29 11:54:33,312 [IPC Server handler 3 on 36817] INFO  node.SCMNodeManager (SCMNodeManager.java:register(273)) - Registered Data node : 6997f81c-1ecf-488f-a14c-812b649ddfad{ip: 192.168.5.171, host: pr-hdds-2058-gt6pm-2007824988, networkLocation: /rack1, certSerialId: null}
2019-08-29 11:54:33,312 | INFO  | SCMAudit | user=jenkins1000 | ip=192.168.5.171 | op=REGISTER {datanodeDetails=6997f81c-1ecf-488f-a14c-812b649ddfad{ip: 192.168.5.171, host: pr-hdds-2058-gt6pm-2007824988, networkLocation: /default-rack, certSerialId: null}} | ret=SUCCESS |  
2019-08-29 11:54:33,313 [pool-439-thread-1] INFO  impl.RaftServerImpl (RaftServerImpl.java:<init>(93)) - 822b3223-74a0-44c8-ae72-b72e27a17b65: new RaftServerImpl for group-1690B3800CC1:[822b3223-74a0-44c8-ae72-b72e27a17b65:192.168.5.171:45414] with ContainerStateMachine:uninitialized
2019-08-29 11:54:33,313 [pool-439-thread-1] INFO  server.RaftServerConfigKeys (ConfUtils.java:logGet(43)) - raft.server.rpc.timeout.min = 1s (custom)
2019-08-29 11:54:33,313 [pool-439-thread-1] INFO  server.RaftServerConfigKeys (ConfUtils.java:logGet(43)) - raft.server.rpc.timeout.max = 1200ms (custom)
2019-08-29 11:54:33,313 [pool-439-thread-1] INFO  server.RaftServerConfigKeys (ConfUtils.java:logGet(43)) - raft.server.rpcslowness.timeout = 120s (custom)
2019-08-29 11:54:33,313 [pool-439-thread-1] INFO  server.RaftServerConfigKeys (ConfUtils.java:logGet(43)) - raft.server.sleep.deviation.threshold = 300 (default)
2019-08-29 11:54:33,313 [pool-439-thread-1] INFO  server.RaftServerConfigKeys (ConfUtils.java:logGet(43)) - raft.server.log.appender.install.snapshot.enabled = false (custom)
2019-08-29 11:54:33,313 [pool-439-thread-1] INFO  impl.RaftServerImpl (ServerState.java:<init>(105)) - 822b3223-74a0-44c8-ae72-b72e27a17b65:group-1690B3800CC1 ConfigurationManager, init=-1: [822b3223-74a0-44c8-ae72-b72e27a17b65:192.168.5.171:45414], old=null, confs=<EMPTY_MAP>
2019-08-29 11:54:33,313 [pool-439-thread-1] INFO  server.RaftServerConfigKeys (ConfUtils.java:logGet(43)) - raft.server.storage.dir = [/workdir/hadoop-ozone/integration-test/target/test-dir/MiniOzoneClusterImpl-16ce5ac2-d92d-4b29-933b-33d00735e97e/datanode-5/data/ratis] (custom)
2019-08-29 11:54:33,314 [pool-439-thread-1] INFO  storage.RaftStorageDirectory (RaftStorageDirectory.java:analyzeStorage(246)) - The storage directory /workdir/hadoop-ozone/integration-test/target/test-dir/MiniOzoneClusterImpl-16ce5ac2-d92d-4b29-933b-33d00735e97e/datanode-5/data/ratis/177fe4fd-12d4-4625-a68e-1690b3800cc1 does not exist. Creating ...
2019-08-29 11:54:33,325 [pool-439-thread-1] INFO  storage.RaftStorageDirectory (RaftStorageDirectory.java:tryLock(328)) - Lock on /workdir/hadoop-ozone/integration-test/target/test-dir/MiniOzoneClusterImpl-16ce5ac2-d92d-4b29-933b-33d00735e97e/datanode-5/data/ratis/177fe4fd-12d4-4625-a68e-1690b3800cc1/in_use.lock acquired by nodename 9018@pr-hdds-2058-gt6pm-2007824988
2019-08-29 11:54:33,337 [pool-439-thread-1] INFO  storage.RaftStorage (RaftStorage.java:format(72)) - Storage directory /workdir/hadoop-ozone/integration-test/target/test-dir/MiniOzoneClusterImpl-16ce5ac2-d92d-4b29-933b-33d00735e97e/datanode-5/data/ratis/177fe4fd-12d4-4625-a68e-1690b3800cc1 has been successfully formatted.
2019-08-29 11:54:33,337 [pool-439-thread-1] INFO  ratis.ContainerStateMachine (ContainerStateMachine.java:loadSnapshot(227)) - group-1690B3800CC1: The snapshot info is null. Setting the last applied indexto:(t:0, i:~)
2019-08-29 11:54:33,337 [pool-439-thread-1] INFO  server.RaftServerConfigKeys (ConfUtils.java:logGet(43)) - raft.server.leader.election.timeout = 120s (custom)
2019-08-29 11:54:33,337 [pool-439-thread-1] INFO  server.RaftServerConfigKeys (ConfUtils.java:logGet(43)) - raft.server.log.use.memory = false (default)
2019-08-29 11:54:33,337 [pool-439-thread-1] INFO  server.RaftServerConfigKeys (ConfUtils.java:logGet(43)) - raft.server.log.purge.gap = 1000000 (custom)
2019-08-29 11:54:33,337 [pool-439-thread-1] INFO  server.RaftServerConfigKeys (ConfUtils.java:logGet(43)) - raft.server.log.appender.buffer.byte-limit = 33554432 (custom)
2019-08-29 11:54:33,338 [pool-439-thread-1] INFO  server.RaftServerConfigKeys (ConfUtils.java:logGet(43)) - raft.server.log.segment.size.max = 1048576 (custom)
2019-08-29 11:54:33,338 [pool-439-thread-1] INFO  server.RaftServerConfigKeys (ConfUtils.java:logGet(43)) - raft.server.log.segment.cache.num.max = 2 (custom)
2019-08-29 11:54:33,338 [pool-439-thread-1] INFO  segmented.SegmentedRaftLogWorker (SegmentedRaftLogWorker.java:<init>(172)) - new 822b3223-74a0-44c8-ae72-b72e27a17b65-SegmentedRaftLogWorker:Storage Directory /workdir/hadoop-ozone/integration-test/target/test-dir/MiniOzoneClusterImpl-16ce5ac2-d92d-4b29-933b-33d00735e97e/datanode-5/data/ratis/177fe4fd-12d4-4625-a68e-1690b3800cc1 for RaftStorage:Storage Directory /workdir/hadoop-ozone/integration-test/target/test-dir/MiniOzoneClusterImpl-16ce5ac2-d92d-4b29-933b-33d00735e97e/datanode-5/data/ratis/177fe4fd-12d4-4625-a68e-1690b3800cc1
2019-08-29 11:54:33,338 [pool-439-thread-1] INFO  server.RaftServerConfigKeys (ConfUtils.java:logGet(43)) - raft.server.log.queue.byte-limit = 2147483647 (custom)
2019-08-29 11:54:33,338 [pool-439-thread-1] INFO  server.RaftServerConfigKeys (ConfUtils.java:logGet(43)) - raft.server.log.queue.element-limit = 1024 (custom)
2019-08-29 11:54:33,338 [pool-439-thread-1] INFO  server.RaftServerConfigKeys (ConfUtils.java:logGet(43)) - raft.server.log.segment.size.max = 1048576 (custom)
2019-08-29 11:54:33,338 [pool-439-thread-1] INFO  server.RaftServerConfigKeys (ConfUtils.java:logGet(43)) - raft.server.log.preallocated.size = 16384 (custom)
2019-08-29 11:54:33,338 [pool-439-thread-1] INFO  server.RaftServerConfigKeys (ConfUtils.java:logGet(43)) - raft.server.log.write.buffer.size = 33554432 (custom)
2019-08-29 11:54:33,339 [pool-439-thread-1] INFO  server.RaftServerConfigKeys (ConfUtils.java:logGet(43)) - raft.server.log.force.sync.num = 128 (default)
2019-08-29 11:54:33,339 [pool-439-thread-1] INFO  server.RaftServerConfigKeys (ConfUtils.java:logGet(43)) - raft.server.log.statemachine.data.sync = true (default)
2019-08-29 11:54:33,339 [pool-439-thread-1] INFO  server.RaftServerConfigKeys (ConfUtils.java:logGet(43)) - raft.server.log.statemachine.data.sync.timeout = 10s (default)
2019-08-29 11:54:33,339 [pool-439-thread-1] INFO  server.RaftServerConfigKeys (ConfUtils.java:logGet(43)) - raft.server.log.statemachine.data.sync.timeout.retry = -1 (default)
2019-08-29 11:54:33,339 [pool-439-thread-1] INFO  server.RaftServerConfigKeys (ConfUtils.java:logGet(43)) - raft.server.log.statemachine.data.caching.enabled = true (custom)
2019-08-29 11:54:33,339 [pool-439-thread-1] INFO  segmented.SegmentedRaftLogWorker (SegmentedRaftLogWorker.java:lambda$new$0(132)) - 822b3223-74a0-44c8-ae72-b72e27a17b65-SegmentedRaftLogWorker:Storage Directory /workdir/hadoop-ozone/integration-test/target/test-dir/MiniOzoneClusterImpl-16ce5ac2-d92d-4b29-933b-33d00735e97e/datanode-5/data/ratis/177fe4fd-12d4-4625-a68e-1690b3800cc1: flushIndex: setUnconditionally 0 -> -1
2019-08-29 11:54:33,340 [pool-439-thread-1] INFO  server.RaftServerConfigKeys (ConfUtils.java:logGet(43)) - raft.server.snapshot.auto.trigger.enabled = true (custom)
2019-08-29 11:54:33,340 [pool-439-thread-1] INFO  server.RaftServerConfigKeys (ConfUtils.java:logGet(43)) - raft.server.snapshot.auto.trigger.threshold = 10000 (custom)
2019-08-29 11:54:33,340 [pool-439-thread-1] INFO  server.RaftServerConfigKeys (ConfUtils.java:logGet(43)) - raft.server.retrycache.expirytime = 600000ms (custom)
2019-08-29 11:54:33,340 [pool-439-thread-1] INFO  impl.RaftServerImpl (RaftServerImpl.java:start(180)) - 822b3223-74a0-44c8-ae72-b72e27a17b65: start group-1690B3800CC1
2019-08-29 11:54:33,340 [pool-439-thread-1] INFO  impl.RaftServerImpl (RaftServerImpl.java:setRole(171)) - 822b3223-74a0-44c8-ae72-b72e27a17b65:group-1690B3800CC1 changes role from null to FOLLOWER at term 0 for startAsFollower
2019-08-29 11:54:33,340 [pool-439-thread-1] INFO  impl.RoleInfo (RoleInfo.java:updateAndGet(143)) - 822b3223-74a0-44c8-ae72-b72e27a17b65: start FollowerState
2019-08-29 11:54:33,341 [pool-439-thread-1] INFO  util.JmxRegister (JmxRegister.java:tryRegister(44)) - Successfully registered JMX Bean with object name Ratis:service=RaftServer,group=group-1690B3800CC1,id=822b3223-74a0-44c8-ae72-b72e27a17b65
2019-08-29 11:54:33,346 [RatisPipelineUtilsThread] INFO  pipeline.PipelineStateManager (PipelineStateManager.java:addPipeline(56)) - Created pipeline Pipeline[ Id: 177fe4fd-12d4-4625-a68e-1690b3800cc1, Nodes: 822b3223-74a0-44c8-ae72-b72e27a17b65{ip: 192.168.5.171, host: pr-hdds-2058-gt6pm-2007824988, networkLocation: /rack1, certSerialId: null}, Type:RATIS, Factor:ONE, State:OPEN]
2019-08-29 11:54:33,354 [grpc-default-executor-10] INFO  impl.RaftServerProxy (RaftServerProxy.java:addNew(89)) - 368ac840-1874-400c-9a5e-97ce3a83695d: addNew group-74947C0F9A02:[368ac840-1874-400c-9a5e-97ce3a83695d:192.168.5.171:40345] returns group-74947C0F9A02:java.util.concurrent.CompletableFuture@540655c8[Not completed]
2019-08-29 11:54:33,355 [pool-399-thread-1] INFO  impl.RaftServerImpl (RaftServerImpl.java:<init>(93)) - 368ac840-1874-400c-9a5e-97ce3a83695d: new RaftServerImpl for group-74947C0F9A02:[368ac840-1874-400c-9a5e-97ce3a83695d:192.168.5.171:40345] with ContainerStateMachine:uninitialized
2019-08-29 11:54:33,355 [pool-399-thread-1] INFO  server.RaftServerConfigKeys (ConfUtils.java:logGet(43)) - raft.server.rpc.timeout.min = 1s (custom)
2019-08-29 11:54:33,355 [pool-399-thread-1] INFO  server.RaftServerConfigKeys (ConfUtils.java:logGet(43)) - raft.server.rpc.timeout.max = 1200ms (custom)
2019-08-29 11:54:33,355 [pool-399-thread-1] INFO  server.RaftServerConfigKeys (ConfUtils.java:logGet(43)) - raft.server.rpcslowness.timeout = 120s (custom)
2019-08-29 11:54:33,355 [pool-399-thread-1] INFO  server.RaftServerConfigKeys (ConfUtils.java:logGet(43)) - raft.server.sleep.deviation.threshold = 300 (default)
2019-08-29 11:54:33,355 [pool-399-thread-1] INFO  server.RaftServerConfigKeys (ConfUtils.java:logGet(43)) - raft.server.log.appender.install.snapshot.enabled = false (custom)
2019-08-29 11:54:33,355 [pool-399-thread-1] INFO  impl.RaftServerImpl (ServerState.java:<init>(105)) - 368ac840-1874-400c-9a5e-97ce3a83695d:group-74947C0F9A02 ConfigurationManager, init=-1: [368ac840-1874-400c-9a5e-97ce3a83695d:192.168.5.171:40345], old=null, confs=<EMPTY_MAP>
2019-08-29 11:54:33,356 [pool-399-thread-1] INFO  server.RaftServerConfigKeys (ConfUtils.java:logGet(43)) - raft.server.storage.dir = [/workdir/hadoop-ozone/integration-test/target/test-dir/MiniOzoneClusterImpl-16ce5ac2-d92d-4b29-933b-33d00735e97e/datanode-1/data/ratis] (custom)
2019-08-29 11:54:33,356 [pool-399-thread-1] INFO  storage.RaftStorageDirectory (RaftStorageDirectory.java:analyzeStorage(246)) - The storage directory /workdir/hadoop-ozone/integration-test/target/test-dir/MiniOzoneClusterImpl-16ce5ac2-d92d-4b29-933b-33d00735e97e/datanode-1/data/ratis/905f5de4-4b28-4487-8dde-74947c0f9a02 does not exist. Creating ...
2019-08-29 11:54:33,367 [pool-399-thread-1] INFO  storage.RaftStorageDirectory (RaftStorageDirectory.java:tryLock(328)) - Lock on /workdir/hadoop-ozone/integration-test/target/test-dir/MiniOzoneClusterImpl-16ce5ac2-d92d-4b29-933b-33d00735e97e/datanode-1/data/ratis/905f5de4-4b28-4487-8dde-74947c0f9a02/in_use.lock acquired by nodename 9018@pr-hdds-2058-gt6pm-2007824988
2019-08-29 11:54:33,371 [pool-399-thread-1] INFO  storage.RaftStorage (RaftStorage.java:format(72)) - Storage directory /workdir/hadoop-ozone/integration-test/target/test-dir/MiniOzoneClusterImpl-16ce5ac2-d92d-4b29-933b-33d00735e97e/datanode-1/data/ratis/905f5de4-4b28-4487-8dde-74947c0f9a02 has been successfully formatted.
2019-08-29 11:54:33,371 [pool-399-thread-1] INFO  ratis.ContainerStateMachine (ContainerStateMachine.java:loadSnapshot(227)) - group-74947C0F9A02: The snapshot info is null. Setting the last applied indexto:(t:0, i:~)
2019-08-29 11:54:33,371 [pool-399-thread-1] INFO  server.RaftServerConfigKeys (ConfUtils.java:logGet(43)) - raft.server.leader.election.timeout = 120s (custom)
2019-08-29 11:54:33,371 [pool-399-thread-1] INFO  server.RaftServerConfigKeys (ConfUtils.java:logGet(43)) - raft.server.log.use.memory = false (default)
2019-08-29 11:54:33,371 [pool-399-thread-1] INFO  server.RaftServerConfigKeys (ConfUtils.java:logGet(43)) - raft.server.log.purge.gap = 1000000 (custom)
2019-08-29 11:54:33,371 [pool-399-thread-1] INFO  server.RaftServerConfigKeys (ConfUtils.java:logGet(43)) - raft.server.log.appender.buffer.byte-limit = 33554432 (custom)
2019-08-29 11:54:33,371 [pool-399-thread-1] INFO  server.RaftServerConfigKeys (ConfUtils.java:logGet(43)) - raft.server.log.segment.size.max = 1048576 (custom)
2019-08-29 11:54:33,371 [pool-399-thread-1] INFO  server.RaftServerConfigKeys (ConfUtils.java:logGet(43)) - raft.server.log.segment.cache.num.max = 2 (custom)
2019-08-29 11:54:33,371 [pool-399-thread-1] INFO  segmented.SegmentedRaftLogWorker (SegmentedRaftLogWorker.java:<init>(172)) - new 368ac840-1874-400c-9a5e-97ce3a83695d-SegmentedRaftLogWorker:Storage Directory /workdir/hadoop-ozone/integration-test/target/test-dir/MiniOzoneClusterImpl-16ce5ac2-d92d-4b29-933b-33d00735e97e/datanode-1/data/ratis/905f5de4-4b28-4487-8dde-74947c0f9a02 for RaftStorage:Storage Directory /workdir/hadoop-ozone/integration-test/target/test-dir/MiniOzoneClusterImpl-16ce5ac2-d92d-4b29-933b-33d00735e97e/datanode-1/data/ratis/905f5de4-4b28-4487-8dde-74947c0f9a02
2019-08-29 11:54:33,372 [pool-399-thread-1] INFO  server.RaftServerConfigKeys (ConfUtils.java:logGet(43)) - raft.server.log.queue.byte-limit = 2147483647 (custom)
2019-08-29 11:54:33,372 [pool-399-thread-1] INFO  server.RaftServerConfigKeys (ConfUtils.java:logGet(43)) - raft.server.log.queue.element-limit = 1024 (custom)
2019-08-29 11:54:33,372 [pool-399-thread-1] INFO  server.RaftServerConfigKeys (ConfUtils.java:logGet(43)) - raft.server.log.segment.size.max = 1048576 (custom)
2019-08-29 11:54:33,372 [pool-399-thread-1] INFO  server.RaftServerConfigKeys (ConfUtils.java:logGet(43)) - raft.server.log.preallocated.size = 16384 (custom)
2019-08-29 11:54:33,372 [pool-399-thread-1] INFO  server.RaftServerConfigKeys (ConfUtils.java:logGet(43)) - raft.server.log.write.buffer.size = 33554432 (custom)
2019-08-29 11:54:33,372 [pool-399-thread-1] INFO  server.RaftServerConfigKeys (ConfUtils.java:logGet(43)) - raft.server.log.force.sync.num = 128 (default)
2019-08-29 11:54:33,372 [pool-399-thread-1] INFO  server.RaftServerConfigKeys (ConfUtils.java:logGet(43)) - raft.server.log.statemachine.data.sync = true (default)
2019-08-29 11:54:33,372 [pool-399-thread-1] INFO  server.RaftServerConfigKeys (ConfUtils.java:logGet(43)) - raft.server.log.statemachine.data.sync.timeout = 10s (default)
2019-08-29 11:54:33,372 [pool-399-thread-1] INFO  server.RaftServerConfigKeys (ConfUtils.java:logGet(43)) - raft.server.log.statemachine.data.sync.timeout.retry = -1 (default)
2019-08-29 11:54:33,372 [pool-399-thread-1] INFO  server.RaftServerConfigKeys (ConfUtils.java:logGet(43)) - raft.server.log.statemachine.data.caching.enabled = true (custom)
2019-08-29 11:54:33,373 [pool-399-thread-1] INFO  segmented.SegmentedRaftLogWorker (SegmentedRaftLogWorker.java:lambda$new$0(132)) - 368ac840-1874-400c-9a5e-97ce3a83695d-SegmentedRaftLogWorker:Storage Directory /workdir/hadoop-ozone/integration-test/target/test-dir/MiniOzoneClusterImpl-16ce5ac2-d92d-4b29-933b-33d00735e97e/datanode-1/data/ratis/905f5de4-4b28-4487-8dde-74947c0f9a02: flushIndex: setUnconditionally 0 -> -1
2019-08-29 11:54:33,373 [pool-399-thread-1] INFO  server.RaftServerConfigKeys (ConfUtils.java:logGet(43)) - raft.server.snapshot.auto.trigger.enabled = true (custom)
2019-08-29 11:54:33,373 [pool-399-thread-1] INFO  server.RaftServerConfigKeys (ConfUtils.java:logGet(43)) - raft.server.snapshot.auto.trigger.threshold = 10000 (custom)
2019-08-29 11:54:33,373 [pool-399-thread-1] INFO  server.RaftServerConfigKeys (ConfUtils.java:logGet(43)) - raft.server.retrycache.expirytime = 600000ms (custom)
2019-08-29 11:54:33,373 [pool-399-thread-1] INFO  impl.RaftServerImpl (RaftServerImpl.java:start(180)) - 368ac840-1874-400c-9a5e-97ce3a83695d: start group-74947C0F9A02
2019-08-29 11:54:33,373 [pool-399-thread-1] INFO  impl.RaftServerImpl (RaftServerImpl.java:setRole(171)) - 368ac840-1874-400c-9a5e-97ce3a83695d:group-74947C0F9A02 changes role from null to FOLLOWER at term 0 for startAsFollower
2019-08-29 11:54:33,373 [pool-399-thread-1] INFO  impl.RoleInfo (RoleInfo.java:updateAndGet(143)) - 368ac840-1874-400c-9a5e-97ce3a83695d: start FollowerState
2019-08-29 11:54:33,374 [pool-399-thread-1] INFO  util.JmxRegister (JmxRegister.java:tryRegister(44)) - Successfully registered JMX Bean with object name Ratis:service=RaftServer,group=group-74947C0F9A02,id=368ac840-1874-400c-9a5e-97ce3a83695d
2019-08-29 11:54:33,380 [IPC Server handler 4 on 36817] INFO  net.NetworkTopology (NetworkTopologyImpl.java:add(110)) - Added a new node: /rack1/3442b9cb-a0d9-4a64-bd62-61dec9190efe
2019-08-29 11:54:33,380 [RatisPipelineUtilsThread] INFO  pipeline.PipelineStateManager (PipelineStateManager.java:addPipeline(56)) - Created pipeline Pipeline[ Id: 905f5de4-4b28-4487-8dde-74947c0f9a02, Nodes: 368ac840-1874-400c-9a5e-97ce3a83695d{ip: 192.168.5.171, host: pr-hdds-2058-gt6pm-2007824988, networkLocation: /rack1, certSerialId: null}, Type:RATIS, Factor:ONE, State:OPEN]
2019-08-29 11:54:33,380 [IPC Server handler 4 on 36817] INFO  node.SCMNodeManager (SCMNodeManager.java:register(273)) - Registered Data node : 3442b9cb-a0d9-4a64-bd62-61dec9190efe{ip: 192.168.5.171, host: pr-hdds-2058-gt6pm-2007824988, networkLocation: /rack1, certSerialId: null}
2019-08-29 11:54:33,380 | INFO  | SCMAudit | user=jenkins1000 | ip=192.168.5.171 | op=REGISTER {datanodeDetails=3442b9cb-a0d9-4a64-bd62-61dec9190efe{ip: 192.168.5.171, host: pr-hdds-2058-gt6pm-2007824988, networkLocation: /default-rack, certSerialId: null}} | ret=SUCCESS |  
2019-08-29 11:54:33,390 [grpc-default-executor-10] INFO  impl.RaftServerProxy (RaftServerProxy.java:addNew(89)) - 6997f81c-1ecf-488f-a14c-812b649ddfad: addNew group-F505FC24C190:[6997f81c-1ecf-488f-a14c-812b649ddfad:192.168.5.171:45289] returns group-F505FC24C190:java.util.concurrent.CompletableFuture@3e0a592e[Not completed]
2019-08-29 11:54:33,391 [pool-459-thread-1] INFO  impl.RaftServerImpl (RaftServerImpl.java:<init>(93)) - 6997f81c-1ecf-488f-a14c-812b649ddfad: new RaftServerImpl for group-F505FC24C190:[6997f81c-1ecf-488f-a14c-812b649ddfad:192.168.5.171:45289] with ContainerStateMachine:uninitialized
2019-08-29 11:54:33,391 [pool-459-thread-1] INFO  server.RaftServerConfigKeys (ConfUtils.java:logGet(43)) - raft.server.rpc.timeout.min = 1s (custom)
2019-08-29 11:54:33,391 [pool-459-thread-1] INFO  server.RaftServerConfigKeys (ConfUtils.java:logGet(43)) - raft.server.rpc.timeout.max = 1200ms (custom)
2019-08-29 11:54:33,391 [pool-459-thread-1] INFO  server.RaftServerConfigKeys (ConfUtils.java:logGet(43)) - raft.server.rpcslowness.timeout = 120s (custom)
2019-08-29 11:54:33,391 [pool-459-thread-1] INFO  server.RaftServerConfigKeys (ConfUtils.java:logGet(43)) - raft.server.sleep.deviation.threshold = 300 (default)
2019-08-29 11:54:33,391 [pool-459-thread-1] INFO  server.RaftServerConfigKeys (ConfUtils.java:logGet(43)) - raft.server.log.appender.install.snapshot.enabled = false (custom)
2019-08-29 11:54:33,392 [pool-459-thread-1] INFO  impl.RaftServerImpl (ServerState.java:<init>(105)) - 6997f81c-1ecf-488f-a14c-812b649ddfad:group-F505FC24C190 ConfigurationManager, init=-1: [6997f81c-1ecf-488f-a14c-812b649ddfad:192.168.5.171:45289], old=null, confs=<EMPTY_MAP>
2019-08-29 11:54:33,392 [pool-459-thread-1] INFO  server.RaftServerConfigKeys (ConfUtils.java:logGet(43)) - raft.server.storage.dir = [/workdir/hadoop-ozone/integration-test/target/test-dir/MiniOzoneClusterImpl-16ce5ac2-d92d-4b29-933b-33d00735e97e/datanode-7/data/ratis] (custom)
2019-08-29 11:54:33,392 [pool-459-thread-1] INFO  storage.RaftStorageDirectory (RaftStorageDirectory.java:analyzeStorage(246)) - The storage directory /workdir/hadoop-ozone/integration-test/target/test-dir/MiniOzoneClusterImpl-16ce5ac2-d92d-4b29-933b-33d00735e97e/datanode-7/data/ratis/24c94828-8050-4bdd-b8ab-f505fc24c190 does not exist. Creating ...
2019-08-29 11:54:33,397 [pool-459-thread-1] INFO  storage.RaftStorageDirectory (RaftStorageDirectory.java:tryLock(328)) - Lock on /workdir/hadoop-ozone/integration-test/target/test-dir/MiniOzoneClusterImpl-16ce5ac2-d92d-4b29-933b-33d00735e97e/datanode-7/data/ratis/24c94828-8050-4bdd-b8ab-f505fc24c190/in_use.lock acquired by nodename 9018@pr-hdds-2058-gt6pm-2007824988
2019-08-29 11:54:33,409 [pool-459-thread-1] INFO  storage.RaftStorage (RaftStorage.java:format(72)) - Storage directory /workdir/hadoop-ozone/integration-test/target/test-dir/MiniOzoneClusterImpl-16ce5ac2-d92d-4b29-933b-33d00735e97e/datanode-7/data/ratis/24c94828-8050-4bdd-b8ab-f505fc24c190 has been successfully formatted.
2019-08-29 11:54:33,409 [pool-459-thread-1] INFO  ratis.ContainerStateMachine (ContainerStateMachine.java:loadSnapshot(227)) - group-F505FC24C190: The snapshot info is null. Setting the last applied indexto:(t:0, i:~)
2019-08-29 11:54:33,409 [pool-459-thread-1] INFO  server.RaftServerConfigKeys (ConfUtils.java:logGet(43)) - raft.server.leader.election.timeout = 120s (custom)
2019-08-29 11:54:33,409 [pool-459-thread-1] INFO  server.RaftServerConfigKeys (ConfUtils.java:logGet(43)) - raft.server.log.use.memory = false (default)
2019-08-29 11:54:33,409 [pool-459-thread-1] INFO  server.RaftServerConfigKeys (ConfUtils.java:logGet(43)) - raft.server.log.purge.gap = 1000000 (custom)
2019-08-29 11:54:33,410 [pool-459-thread-1] INFO  server.RaftServerConfigKeys (ConfUtils.java:logGet(43)) - raft.server.log.appender.buffer.byte-limit = 33554432 (custom)
2019-08-29 11:54:33,410 [pool-459-thread-1] INFO  server.RaftServerConfigKeys (ConfUtils.java:logGet(43)) - raft.server.log.segment.size.max = 1048576 (custom)
2019-08-29 11:54:33,410 [pool-459-thread-1] INFO  server.RaftServerConfigKeys (ConfUtils.java:logGet(43)) - raft.server.log.segment.cache.num.max = 2 (custom)
2019-08-29 11:54:33,410 [pool-459-thread-1] INFO  segmented.SegmentedRaftLogWorker (SegmentedRaftLogWorker.java:<init>(172)) - new 6997f81c-1ecf-488f-a14c-812b649ddfad-SegmentedRaftLogWorker:Storage Directory /workdir/hadoop-ozone/integration-test/target/test-dir/MiniOzoneClusterImpl-16ce5ac2-d92d-4b29-933b-33d00735e97e/datanode-7/data/ratis/24c94828-8050-4bdd-b8ab-f505fc24c190 for RaftStorage:Storage Directory /workdir/hadoop-ozone/integration-test/target/test-dir/MiniOzoneClusterImpl-16ce5ac2-d92d-4b29-933b-33d00735e97e/datanode-7/data/ratis/24c94828-8050-4bdd-b8ab-f505fc24c190
2019-08-29 11:54:33,410 [pool-459-thread-1] INFO  server.RaftServerConfigKeys (ConfUtils.java:logGet(43)) - raft.server.log.queue.byte-limit = 2147483647 (custom)
2019-08-29 11:54:33,410 [pool-459-thread-1] INFO  server.RaftServerConfigKeys (ConfUtils.java:logGet(43)) - raft.server.log.queue.element-limit = 1024 (custom)
2019-08-29 11:54:33,410 [pool-459-thread-1] INFO  server.RaftServerConfigKeys (ConfUtils.java:logGet(43)) - raft.server.log.segment.size.max = 1048576 (custom)
2019-08-29 11:54:33,411 [pool-459-thread-1] INFO  server.RaftServerConfigKeys (ConfUtils.java:logGet(43)) - raft.server.log.preallocated.size = 16384 (custom)
2019-08-29 11:54:33,411 [pool-459-thread-1] INFO  server.RaftServerConfigKeys (ConfUtils.java:logGet(43)) - raft.server.log.write.buffer.size = 33554432 (custom)
2019-08-29 11:54:33,411 [pool-459-thread-1] INFO  server.RaftServerConfigKeys (ConfUtils.java:logGet(43)) - raft.server.log.force.sync.num = 128 (default)
2019-08-29 11:54:33,411 [pool-459-thread-1] INFO  server.RaftServerConfigKeys (ConfUtils.java:logGet(43)) - raft.server.log.statemachine.data.sync = true (default)
2019-08-29 11:54:33,411 [pool-459-thread-1] INFO  server.RaftServerConfigKeys (ConfUtils.java:logGet(43)) - raft.server.log.statemachine.data.sync.timeout = 10s (default)
2019-08-29 11:54:33,411 [pool-459-thread-1] INFO  server.RaftServerConfigKeys (ConfUtils.java:logGet(43)) - raft.server.log.statemachine.data.sync.timeout.retry = -1 (default)
2019-08-29 11:54:33,411 [pool-459-thread-1] INFO  server.RaftServerConfigKeys (ConfUtils.java:logGet(43)) - raft.server.log.statemachine.data.caching.enabled = true (custom)
2019-08-29 11:54:33,412 [pool-459-thread-1] INFO  segmented.SegmentedRaftLogWorker (SegmentedRaftLogWorker.java:lambda$new$0(132)) - 6997f81c-1ecf-488f-a14c-812b649ddfad-SegmentedRaftLogWorker:Storage Directory /workdir/hadoop-ozone/integration-test/target/test-dir/MiniOzoneClusterImpl-16ce5ac2-d92d-4b29-933b-33d00735e97e/datanode-7/data/ratis/24c94828-8050-4bdd-b8ab-f505fc24c190: flushIndex: setUnconditionally 0 -> -1
2019-08-29 11:54:33,412 [pool-459-thread-1] INFO  server.RaftServerConfigKeys (ConfUtils.java:logGet(43)) - raft.server.snapshot.auto.trigger.enabled = true (custom)
2019-08-29 11:54:33,412 [pool-459-thread-1] INFO  server.RaftServerConfigKeys (ConfUtils.java:logGet(43)) - raft.server.snapshot.auto.trigger.threshold = 10000 (custom)
2019-08-29 11:54:33,412 [pool-459-thread-1] INFO  server.RaftServerConfigKeys (ConfUtils.java:logGet(43)) - raft.server.retrycache.expirytime = 600000ms (custom)
2019-08-29 11:54:33,412 [pool-459-thread-1] INFO  impl.RaftServerImpl (RaftServerImpl.java:start(180)) - 6997f81c-1ecf-488f-a14c-812b649ddfad: start group-F505FC24C190
2019-08-29 11:54:33,412 [pool-459-thread-1] INFO  impl.RaftServerImpl (RaftServerImpl.java:setRole(171)) - 6997f81c-1ecf-488f-a14c-812b649ddfad:group-F505FC24C190 changes role from null to FOLLOWER at term 0 for startAsFollower
2019-08-29 11:54:33,413 [pool-459-thread-1] INFO  impl.RoleInfo (RoleInfo.java:updateAndGet(143)) - 6997f81c-1ecf-488f-a14c-812b649ddfad: start FollowerState
2019-08-29 11:54:33,413 [pool-459-thread-1] INFO  util.JmxRegister (JmxRegister.java:tryRegister(44)) - Successfully registered JMX Bean with object name Ratis:service=RaftServer,group=group-F505FC24C190,id=6997f81c-1ecf-488f-a14c-812b649ddfad
2019-08-29 11:54:33,418 [RatisPipelineUtilsThread] INFO  pipeline.PipelineStateManager (PipelineStateManager.java:addPipeline(56)) - Created pipeline Pipeline[ Id: 24c94828-8050-4bdd-b8ab-f505fc24c190, Nodes: 6997f81c-1ecf-488f-a14c-812b649ddfad{ip: 192.168.5.171, host: pr-hdds-2058-gt6pm-2007824988, networkLocation: /rack1, certSerialId: null}, Type:RATIS, Factor:ONE, State:OPEN]
2019-08-29 11:54:33,435 [grpc-default-executor-10] INFO  impl.RaftServerProxy (RaftServerProxy.java:addNew(89)) - edbdd45e-116e-45c7-951f-264ab28d364f: addNew group-CD4A0D27A525:[edbdd45e-116e-45c7-951f-264ab28d364f:192.168.5.171:42495] returns group-CD4A0D27A525:java.util.concurrent.CompletableFuture@740d1776[Not completed]
2019-08-29 11:54:33,436 [pool-419-thread-1] INFO  impl.RaftServerImpl (RaftServerImpl.java:<init>(93)) - edbdd45e-116e-45c7-951f-264ab28d364f: new RaftServerImpl for group-CD4A0D27A525:[edbdd45e-116e-45c7-951f-264ab28d364f:192.168.5.171:42495] with ContainerStateMachine:uninitialized
2019-08-29 11:54:33,436 [pool-419-thread-1] INFO  server.RaftServerConfigKeys (ConfUtils.java:logGet(43)) - raft.server.rpc.timeout.min = 1s (custom)
2019-08-29 11:54:33,436 [pool-419-thread-1] INFO  server.RaftServerConfigKeys (ConfUtils.java:logGet(43)) - raft.server.rpc.timeout.max = 1200ms (custom)
2019-08-29 11:54:33,436 [pool-419-thread-1] INFO  server.RaftServerConfigKeys (ConfUtils.java:logGet(43)) - raft.server.rpcslowness.timeout = 120s (custom)
2019-08-29 11:54:33,436 [pool-419-thread-1] INFO  server.RaftServerConfigKeys (ConfUtils.java:logGet(43)) - raft.server.sleep.deviation.threshold = 300 (default)
2019-08-29 11:54:33,436 [pool-419-thread-1] INFO  server.RaftServerConfigKeys (ConfUtils.java:logGet(43)) - raft.server.log.appender.install.snapshot.enabled = false (custom)
2019-08-29 11:54:33,436 [pool-419-thread-1] INFO  impl.RaftServerImpl (ServerState.java:<init>(105)) - edbdd45e-116e-45c7-951f-264ab28d364f:group-CD4A0D27A525 ConfigurationManager, init=-1: [edbdd45e-116e-45c7-951f-264ab28d364f:192.168.5.171:42495], old=null, confs=<EMPTY_MAP>
2019-08-29 11:54:33,436 [pool-419-thread-1] INFO  server.RaftServerConfigKeys (ConfUtils.java:logGet(43)) - raft.server.storage.dir = [/workdir/hadoop-ozone/integration-test/target/test-dir/MiniOzoneClusterImpl-16ce5ac2-d92d-4b29-933b-33d00735e97e/datanode-3/data/ratis] (custom)
2019-08-29 11:54:33,437 [pool-419-thread-1] INFO  storage.RaftStorageDirectory (RaftStorageDirectory.java:analyzeStorage(246)) - The storage directory /workdir/hadoop-ozone/integration-test/target/test-dir/MiniOzoneClusterImpl-16ce5ac2-d92d-4b29-933b-33d00735e97e/datanode-3/data/ratis/04b5ed36-5121-4525-ae82-cd4a0d27a525 does not exist. Creating ...
2019-08-29 11:54:33,455 [main] INFO  ozone.MiniOzoneClusterImpl (MiniOzoneClusterImpl.java:lambda$waitForClusterToBeReady$0(140)) - Waiting for cluster to be ready. Got 9 of 10 DN Heartbeats.
2019-08-29 11:54:33,456 [IPC Server handler 10 on 36817] INFO  net.NetworkTopology (NetworkTopologyImpl.java:add(110)) - Added a new node: /rack1/0927c2fb-bc54-48d8-8b4a-6f0f550fa3d8
2019-08-29 11:54:33,456 [IPC Server handler 10 on 36817] INFO  node.SCMNodeManager (SCMNodeManager.java:register(273)) - Registered Data node : 0927c2fb-bc54-48d8-8b4a-6f0f550fa3d8{ip: 192.168.5.171, host: pr-hdds-2058-gt6pm-2007824988, networkLocation: /rack1, certSerialId: null}
2019-08-29 11:54:33,457 | INFO  | SCMAudit | user=jenkins1000 | ip=192.168.5.171 | op=REGISTER {datanodeDetails=0927c2fb-bc54-48d8-8b4a-6f0f550fa3d8{ip: 192.168.5.171, host: pr-hdds-2058-gt6pm-2007824988, networkLocation: /default-rack, certSerialId: null}} | ret=SUCCESS |  
2019-08-29 11:54:33,476 [pool-419-thread-1] INFO  storage.RaftStorageDirectory (RaftStorageDirectory.java:tryLock(328)) - Lock on /workdir/hadoop-ozone/integration-test/target/test-dir/MiniOzoneClusterImpl-16ce5ac2-d92d-4b29-933b-33d00735e97e/datanode-3/data/ratis/04b5ed36-5121-4525-ae82-cd4a0d27a525/in_use.lock acquired by nodename 9018@pr-hdds-2058-gt6pm-2007824988
2019-08-29 11:54:33,499 [pool-419-thread-1] INFO  storage.RaftStorage (RaftStorage.java:format(72)) - Storage directory /workdir/hadoop-ozone/integration-test/target/test-dir/MiniOzoneClusterImpl-16ce5ac2-d92d-4b29-933b-33d00735e97e/datanode-3/data/ratis/04b5ed36-5121-4525-ae82-cd4a0d27a525 has been successfully formatted.
2019-08-29 11:54:33,499 [pool-419-thread-1] INFO  ratis.ContainerStateMachine (ContainerStateMachine.java:loadSnapshot(227)) - group-CD4A0D27A525: The snapshot info is null. Setting the last applied indexto:(t:0, i:~)
2019-08-29 11:54:33,499 [pool-419-thread-1] INFO  server.RaftServerConfigKeys (ConfUtils.java:logGet(43)) - raft.server.leader.election.timeout = 120s (custom)
2019-08-29 11:54:33,500 [pool-419-thread-1] INFO  server.RaftServerConfigKeys (ConfUtils.java:logGet(43)) - raft.server.log.use.memory = false (default)
2019-08-29 11:54:33,500 [pool-419-thread-1] INFO  server.RaftServerConfigKeys (ConfUtils.java:logGet(43)) - raft.server.log.purge.gap = 1000000 (custom)
2019-08-29 11:54:33,500 [pool-419-thread-1] INFO  server.RaftServerConfigKeys (ConfUtils.java:logGet(43)) - raft.server.log.appender.buffer.byte-limit = 33554432 (custom)
2019-08-29 11:54:33,500 [pool-419-thread-1] INFO  server.RaftServerConfigKeys (ConfUtils.java:logGet(43)) - raft.server.log.segment.size.max = 1048576 (custom)
2019-08-29 11:54:33,500 [pool-419-thread-1] INFO  server.RaftServerConfigKeys (ConfUtils.java:logGet(43)) - raft.server.log.segment.cache.num.max = 2 (custom)
2019-08-29 11:54:33,500 [pool-419-thread-1] INFO  segmented.SegmentedRaftLogWorker (SegmentedRaftLogWorker.java:<init>(172)) - new edbdd45e-116e-45c7-951f-264ab28d364f-SegmentedRaftLogWorker:Storage Directory /workdir/hadoop-ozone/integration-test/target/test-dir/MiniOzoneClusterImpl-16ce5ac2-d92d-4b29-933b-33d00735e97e/datanode-3/data/ratis/04b5ed36-5121-4525-ae82-cd4a0d27a525 for RaftStorage:Storage Directory /workdir/hadoop-ozone/integration-test/target/test-dir/MiniOzoneClusterImpl-16ce5ac2-d92d-4b29-933b-33d00735e97e/datanode-3/data/ratis/04b5ed36-5121-4525-ae82-cd4a0d27a525
2019-08-29 11:54:33,500 [pool-419-thread-1] INFO  server.RaftServerConfigKeys (ConfUtils.java:logGet(43)) - raft.server.log.queue.byte-limit = 2147483647 (custom)
2019-08-29 11:54:33,501 [pool-419-thread-1] INFO  server.RaftServerConfigKeys (ConfUtils.java:logGet(43)) - raft.server.log.queue.element-limit = 1024 (custom)
2019-08-29 11:54:33,501 [pool-419-thread-1] INFO  server.RaftServerConfigKeys (ConfUtils.java:logGet(43)) - raft.server.log.segment.size.max = 1048576 (custom)
2019-08-29 11:54:33,501 [pool-419-thread-1] INFO  server.RaftServerConfigKeys (ConfUtils.java:logGet(43)) - raft.server.log.preallocated.size = 16384 (custom)
2019-08-29 11:54:33,501 [pool-419-thread-1] INFO  server.RaftServerConfigKeys (ConfUtils.java:logGet(43)) - raft.server.log.write.buffer.size = 33554432 (custom)
2019-08-29 11:54:33,501 [pool-419-thread-1] INFO  server.RaftServerConfigKeys (ConfUtils.java:logGet(43)) - raft.server.log.force.sync.num = 128 (default)
2019-08-29 11:54:33,501 [pool-419-thread-1] INFO  server.RaftServerConfigKeys (ConfUtils.java:logGet(43)) - raft.server.log.statemachine.data.sync = true (default)
2019-08-29 11:54:33,502 [pool-419-thread-1] INFO  server.RaftServerConfigKeys (ConfUtils.java:logGet(43)) - raft.server.log.statemachine.data.sync.timeout = 10s (default)
2019-08-29 11:54:33,502 [pool-419-thread-1] INFO  server.RaftServerConfigKeys (ConfUtils.java:logGet(43)) - raft.server.log.statemachine.data.sync.timeout.retry = -1 (default)
2019-08-29 11:54:33,502 [pool-419-thread-1] INFO  server.RaftServerConfigKeys (ConfUtils.java:logGet(43)) - raft.server.log.statemachine.data.caching.enabled = true (custom)
2019-08-29 11:54:33,502 [pool-419-thread-1] INFO  segmented.SegmentedRaftLogWorker (SegmentedRaftLogWorker.java:lambda$new$0(132)) - edbdd45e-116e-45c7-951f-264ab28d364f-SegmentedRaftLogWorker:Storage Directory /workdir/hadoop-ozone/integration-test/target/test-dir/MiniOzoneClusterImpl-16ce5ac2-d92d-4b29-933b-33d00735e97e/datanode-3/data/ratis/04b5ed36-5121-4525-ae82-cd4a0d27a525: flushIndex: setUnconditionally 0 -> -1
2019-08-29 11:54:33,503 [pool-419-thread-1] INFO  server.RaftServerConfigKeys (ConfUtils.java:logGet(43)) - raft.server.snapshot.auto.trigger.enabled = true (custom)
2019-08-29 11:54:33,503 [pool-419-thread-1] INFO  server.RaftServerConfigKeys (ConfUtils.java:logGet(43)) - raft.server.snapshot.auto.trigger.threshold = 10000 (custom)
2019-08-29 11:54:33,503 [pool-419-thread-1] INFO  server.RaftServerConfigKeys (ConfUtils.java:logGet(43)) - raft.server.retrycache.expirytime = 600000ms (custom)
2019-08-29 11:54:33,503 [pool-419-thread-1] INFO  impl.RaftServerImpl (RaftServerImpl.java:start(180)) - edbdd45e-116e-45c7-951f-264ab28d364f: start group-CD4A0D27A525
2019-08-29 11:54:33,503 [pool-419-thread-1] INFO  impl.RaftServerImpl (RaftServerImpl.java:setRole(171)) - edbdd45e-116e-45c7-951f-264ab28d364f:group-CD4A0D27A525 changes role from null to FOLLOWER at term 0 for startAsFollower
2019-08-29 11:54:33,503 [pool-419-thread-1] INFO  impl.RoleInfo (RoleInfo.java:updateAndGet(143)) - edbdd45e-116e-45c7-951f-264ab28d364f: start FollowerState
2019-08-29 11:54:33,504 [pool-419-thread-1] INFO  util.JmxRegister (JmxRegister.java:tryRegister(44)) - Successfully registered JMX Bean with object name Ratis:service=RaftServer,group=group-CD4A0D27A525,id=edbdd45e-116e-45c7-951f-264ab28d364f
2019-08-29 11:54:33,510 [RatisPipelineUtilsThread] INFO  pipeline.PipelineStateManager (PipelineStateManager.java:addPipeline(56)) - Created pipeline Pipeline[ Id: 04b5ed36-5121-4525-ae82-cd4a0d27a525, Nodes: edbdd45e-116e-45c7-951f-264ab28d364f{ip: 192.168.5.171, host: pr-hdds-2058-gt6pm-2007824988, networkLocation: /rack1, certSerialId: null}, Type:RATIS, Factor:ONE, State:OPEN]
2019-08-29 11:54:33,518 [grpc-default-executor-10] INFO  impl.RaftServerProxy (RaftServerProxy.java:addNew(89)) - 0927c2fb-bc54-48d8-8b4a-6f0f550fa3d8: addNew group-B349831769D1:[0927c2fb-bc54-48d8-8b4a-6f0f550fa3d8:192.168.5.171:45391] returns group-B349831769D1:java.util.concurrent.CompletableFuture@39032bf3[Not completed]
2019-08-29 11:54:33,519 [pool-479-thread-1] INFO  impl.RaftServerImpl (RaftServerImpl.java:<init>(93)) - 0927c2fb-bc54-48d8-8b4a-6f0f550fa3d8: new RaftServerImpl for group-B349831769D1:[0927c2fb-bc54-48d8-8b4a-6f0f550fa3d8:192.168.5.171:45391] with ContainerStateMachine:uninitialized
2019-08-29 11:54:33,519 [pool-479-thread-1] INFO  server.RaftServerConfigKeys (ConfUtils.java:logGet(43)) - raft.server.rpc.timeout.min = 1s (custom)
2019-08-29 11:54:33,519 [pool-479-thread-1] INFO  server.RaftServerConfigKeys (ConfUtils.java:logGet(43)) - raft.server.rpc.timeout.max = 1200ms (custom)
2019-08-29 11:54:33,520 [pool-479-thread-1] INFO  server.RaftServerConfigKeys (ConfUtils.java:logGet(43)) - raft.server.rpcslowness.timeout = 120s (custom)
2019-08-29 11:54:33,520 [pool-479-thread-1] INFO  server.RaftServerConfigKeys (ConfUtils.java:logGet(43)) - raft.server.sleep.deviation.threshold = 300 (default)
2019-08-29 11:54:33,520 [pool-479-thread-1] INFO  server.RaftServerConfigKeys (ConfUtils.java:logGet(43)) - raft.server.log.appender.install.snapshot.enabled = false (custom)
2019-08-29 11:54:33,520 [pool-479-thread-1] INFO  impl.RaftServerImpl (ServerState.java:<init>(105)) - 0927c2fb-bc54-48d8-8b4a-6f0f550fa3d8:group-B349831769D1 ConfigurationManager, init=-1: [0927c2fb-bc54-48d8-8b4a-6f0f550fa3d8:192.168.5.171:45391], old=null, confs=<EMPTY_MAP>
2019-08-29 11:54:33,520 [pool-479-thread-1] INFO  server.RaftServerConfigKeys (ConfUtils.java:logGet(43)) - raft.server.storage.dir = [/workdir/hadoop-ozone/integration-test/target/test-dir/MiniOzoneClusterImpl-16ce5ac2-d92d-4b29-933b-33d00735e97e/datanode-9/data/ratis] (custom)
2019-08-29 11:54:33,521 [pool-479-thread-1] INFO  storage.RaftStorageDirectory (RaftStorageDirectory.java:analyzeStorage(246)) - The storage directory /workdir/hadoop-ozone/integration-test/target/test-dir/MiniOzoneClusterImpl-16ce5ac2-d92d-4b29-933b-33d00735e97e/datanode-9/data/ratis/069afdb9-be72-425b-8ef1-b349831769d1 does not exist. Creating ...
2019-08-29 11:54:33,534 [pool-479-thread-1] INFO  storage.RaftStorageDirectory (RaftStorageDirectory.java:tryLock(328)) - Lock on /workdir/hadoop-ozone/integration-test/target/test-dir/MiniOzoneClusterImpl-16ce5ac2-d92d-4b29-933b-33d00735e97e/datanode-9/data/ratis/069afdb9-be72-425b-8ef1-b349831769d1/in_use.lock acquired by nodename 9018@pr-hdds-2058-gt6pm-2007824988
2019-08-29 11:54:33,548 [pool-479-thread-1] INFO  storage.RaftStorage (RaftStorage.java:format(72)) - Storage directory /workdir/hadoop-ozone/integration-test/target/test-dir/MiniOzoneClusterImpl-16ce5ac2-d92d-4b29-933b-33d00735e97e/datanode-9/data/ratis/069afdb9-be72-425b-8ef1-b349831769d1 has been successfully formatted.
2019-08-29 11:54:33,548 [pool-479-thread-1] INFO  ratis.ContainerStateMachine (ContainerStateMachine.java:loadSnapshot(227)) - group-B349831769D1: The snapshot info is null. Setting the last applied indexto:(t:0, i:~)
2019-08-29 11:54:33,548 [pool-479-thread-1] INFO  server.RaftServerConfigKeys (ConfUtils.java:logGet(43)) - raft.server.leader.election.timeout = 120s (custom)
2019-08-29 11:54:33,548 [pool-479-thread-1] INFO  server.RaftServerConfigKeys (ConfUtils.java:logGet(43)) - raft.server.log.use.memory = false (default)
2019-08-29 11:54:33,548 [pool-479-thread-1] INFO  server.RaftServerConfigKeys (ConfUtils.java:logGet(43)) - raft.server.log.purge.gap = 1000000 (custom)
2019-08-29 11:54:33,549 [pool-479-thread-1] INFO  server.RaftServerConfigKeys (ConfUtils.java:logGet(43)) - raft.server.log.appender.buffer.byte-limit = 33554432 (custom)
2019-08-29 11:54:33,549 [pool-479-thread-1] INFO  server.RaftServerConfigKeys (ConfUtils.java:logGet(43)) - raft.server.log.segment.size.max = 1048576 (custom)
2019-08-29 11:54:33,549 [pool-479-thread-1] INFO  server.RaftServerConfigKeys (ConfUtils.java:logGet(43)) - raft.server.log.segment.cache.num.max = 2 (custom)
2019-08-29 11:54:33,549 [pool-479-thread-1] INFO  segmented.SegmentedRaftLogWorker (SegmentedRaftLogWorker.java:<init>(172)) - new 0927c2fb-bc54-48d8-8b4a-6f0f550fa3d8-SegmentedRaftLogWorker:Storage Directory /workdir/hadoop-ozone/integration-test/target/test-dir/MiniOzoneClusterImpl-16ce5ac2-d92d-4b29-933b-33d00735e97e/datanode-9/data/ratis/069afdb9-be72-425b-8ef1-b349831769d1 for RaftStorage:Storage Directory /workdir/hadoop-ozone/integration-test/target/test-dir/MiniOzoneClusterImpl-16ce5ac2-d92d-4b29-933b-33d00735e97e/datanode-9/data/ratis/069afdb9-be72-425b-8ef1-b349831769d1
2019-08-29 11:54:33,549 [pool-479-thread-1] INFO  server.RaftServerConfigKeys (ConfUtils.java:logGet(43)) - raft.server.log.queue.byte-limit = 2147483647 (custom)
2019-08-29 11:54:33,549 [pool-479-thread-1] INFO  server.RaftServerConfigKeys (ConfUtils.java:logGet(43)) - raft.server.log.queue.element-limit = 1024 (custom)
2019-08-29 11:54:33,550 [pool-479-thread-1] INFO  server.RaftServerConfigKeys (ConfUtils.java:logGet(43)) - raft.server.log.segment.size.max = 1048576 (custom)
2019-08-29 11:54:33,550 [pool-479-thread-1] INFO  server.RaftServerConfigKeys (ConfUtils.java:logGet(43)) - raft.server.log.preallocated.size = 16384 (custom)
2019-08-29 11:54:33,550 [pool-479-thread-1] INFO  server.RaftServerConfigKeys (ConfUtils.java:logGet(43)) - raft.server.log.write.buffer.size = 33554432 (custom)
2019-08-29 11:54:33,550 [pool-479-thread-1] INFO  server.RaftServerConfigKeys (ConfUtils.java:logGet(43)) - raft.server.log.force.sync.num = 128 (default)
2019-08-29 11:54:33,550 [pool-479-thread-1] INFO  server.RaftServerConfigKeys (ConfUtils.java:logGet(43)) - raft.server.log.statemachine.data.sync = true (default)
2019-08-29 11:54:33,550 [pool-479-thread-1] INFO  server.RaftServerConfigKeys (ConfUtils.java:logGet(43)) - raft.server.log.statemachine.data.sync.timeout = 10s (default)
2019-08-29 11:54:33,550 [pool-479-thread-1] INFO  server.RaftServerConfigKeys (ConfUtils.java:logGet(43)) - raft.server.log.statemachine.data.sync.timeout.retry = -1 (default)
2019-08-29 11:54:33,551 [pool-479-thread-1] INFO  server.RaftServerConfigKeys (ConfUtils.java:logGet(43)) - raft.server.log.statemachine.data.caching.enabled = true (custom)
2019-08-29 11:54:33,551 [pool-479-thread-1] INFO  segmented.SegmentedRaftLogWorker (SegmentedRaftLogWorker.java:lambda$new$0(132)) - 0927c2fb-bc54-48d8-8b4a-6f0f550fa3d8-SegmentedRaftLogWorker:Storage Directory /workdir/hadoop-ozone/integration-test/target/test-dir/MiniOzoneClusterImpl-16ce5ac2-d92d-4b29-933b-33d00735e97e/datanode-9/data/ratis/069afdb9-be72-425b-8ef1-b349831769d1: flushIndex: setUnconditionally 0 -> -1
2019-08-29 11:54:33,551 [pool-479-thread-1] INFO  server.RaftServerConfigKeys (ConfUtils.java:logGet(43)) - raft.server.snapshot.auto.trigger.enabled = true (custom)
2019-08-29 11:54:33,551 [pool-479-thread-1] INFO  server.RaftServerConfigKeys (ConfUtils.java:logGet(43)) - raft.server.snapshot.auto.trigger.threshold = 10000 (custom)
2019-08-29 11:54:33,552 [pool-479-thread-1] INFO  server.RaftServerConfigKeys (ConfUtils.java:logGet(43)) - raft.server.retrycache.expirytime = 600000ms (custom)
2019-08-29 11:54:33,552 [pool-479-thread-1] INFO  impl.RaftServerImpl (RaftServerImpl.java:start(180)) - 0927c2fb-bc54-48d8-8b4a-6f0f550fa3d8: start group-B349831769D1
2019-08-29 11:54:33,552 [pool-479-thread-1] INFO  impl.RaftServerImpl (RaftServerImpl.java:setRole(171)) - 0927c2fb-bc54-48d8-8b4a-6f0f550fa3d8:group-B349831769D1 changes role from null to FOLLOWER at term 0 for startAsFollower
2019-08-29 11:54:33,552 [pool-479-thread-1] INFO  impl.RoleInfo (RoleInfo.java:updateAndGet(143)) - 0927c2fb-bc54-48d8-8b4a-6f0f550fa3d8: start FollowerState
2019-08-29 11:54:33,552 [pool-479-thread-1] INFO  util.JmxRegister (JmxRegister.java:tryRegister(44)) - Successfully registered JMX Bean with object name Ratis:service=RaftServer,group=group-B349831769D1,id=0927c2fb-bc54-48d8-8b4a-6f0f550fa3d8
2019-08-29 11:54:33,558 [RatisPipelineUtilsThread] INFO  pipeline.PipelineStateManager (PipelineStateManager.java:addPipeline(56)) - Created pipeline Pipeline[ Id: 069afdb9-be72-425b-8ef1-b349831769d1, Nodes: 0927c2fb-bc54-48d8-8b4a-6f0f550fa3d8{ip: 192.168.5.171, host: pr-hdds-2058-gt6pm-2007824988, networkLocation: /rack1, certSerialId: null}, Type:RATIS, Factor:ONE, State:OPEN]
2019-08-29 11:54:33,566 [grpc-default-executor-10] INFO  impl.RaftServerProxy (RaftServerProxy.java:addNew(89)) - 97e3324b-235f-4ceb-956e-993ee2fe234c: addNew group-B0168627F536:[97e3324b-235f-4ceb-956e-993ee2fe234c:192.168.5.171:44511] returns group-B0168627F536:java.util.concurrent.CompletableFuture@4f0bf1b4[Not completed]
2019-08-29 11:54:33,568 [pool-449-thread-1] INFO  impl.RaftServerImpl (RaftServerImpl.java:<init>(93)) - 97e3324b-235f-4ceb-956e-993ee2fe234c: new RaftServerImpl for group-B0168627F536:[97e3324b-235f-4ceb-956e-993ee2fe234c:192.168.5.171:44511] with ContainerStateMachine:uninitialized
2019-08-29 11:54:33,568 [pool-449-thread-1] INFO  server.RaftServerConfigKeys (ConfUtils.java:logGet(43)) - raft.server.rpc.timeout.min = 1s (custom)
2019-08-29 11:54:33,568 [pool-449-thread-1] INFO  server.RaftServerConfigKeys (ConfUtils.java:logGet(43)) - raft.server.rpc.timeout.max = 1200ms (custom)
2019-08-29 11:54:33,568 [pool-449-thread-1] INFO  server.RaftServerConfigKeys (ConfUtils.java:logGet(43)) - raft.server.rpcslowness.timeout = 120s (custom)
2019-08-29 11:54:33,568 [pool-449-thread-1] INFO  server.RaftServerConfigKeys (ConfUtils.java:logGet(43)) - raft.server.sleep.deviation.threshold = 300 (default)
2019-08-29 11:54:33,568 [pool-449-thread-1] INFO  server.RaftServerConfigKeys (ConfUtils.java:logGet(43)) - raft.server.log.appender.install.snapshot.enabled = false (custom)
2019-08-29 11:54:33,568 [pool-449-thread-1] INFO  impl.RaftServerImpl (ServerState.java:<init>(105)) - 97e3324b-235f-4ceb-956e-993ee2fe234c:group-B0168627F536 ConfigurationManager, init=-1: [97e3324b-235f-4ceb-956e-993ee2fe234c:192.168.5.171:44511], old=null, confs=<EMPTY_MAP>
2019-08-29 11:54:33,569 [pool-449-thread-1] INFO  server.RaftServerConfigKeys (ConfUtils.java:logGet(43)) - raft.server.storage.dir = [/workdir/hadoop-ozone/integration-test/target/test-dir/MiniOzoneClusterImpl-16ce5ac2-d92d-4b29-933b-33d00735e97e/datanode-6/data/ratis] (custom)
2019-08-29 11:54:33,569 [pool-449-thread-1] INFO  storage.RaftStorageDirectory (RaftStorageDirectory.java:analyzeStorage(246)) - The storage directory /workdir/hadoop-ozone/integration-test/target/test-dir/MiniOzoneClusterImpl-16ce5ac2-d92d-4b29-933b-33d00735e97e/datanode-6/data/ratis/fb890f54-cccf-4389-8bf5-b0168627f536 does not exist. Creating ...
2019-08-29 11:54:33,582 [pool-449-thread-1] INFO  storage.RaftStorageDirectory (RaftStorageDirectory.java:tryLock(328)) - Lock on /workdir/hadoop-ozone/integration-test/target/test-dir/MiniOzoneClusterImpl-16ce5ac2-d92d-4b29-933b-33d00735e97e/datanode-6/data/ratis/fb890f54-cccf-4389-8bf5-b0168627f536/in_use.lock acquired by nodename 9018@pr-hdds-2058-gt6pm-2007824988
2019-08-29 11:54:33,595 [pool-449-thread-1] INFO  storage.RaftStorage (RaftStorage.java:format(72)) - Storage directory /workdir/hadoop-ozone/integration-test/target/test-dir/MiniOzoneClusterImpl-16ce5ac2-d92d-4b29-933b-33d00735e97e/datanode-6/data/ratis/fb890f54-cccf-4389-8bf5-b0168627f536 has been successfully formatted.
2019-08-29 11:54:33,596 [pool-449-thread-1] INFO  ratis.ContainerStateMachine (ContainerStateMachine.java:loadSnapshot(227)) - group-B0168627F536: The snapshot info is null. Setting the last applied indexto:(t:0, i:~)
2019-08-29 11:54:33,596 [pool-449-thread-1] INFO  server.RaftServerConfigKeys (ConfUtils.java:logGet(43)) - raft.server.leader.election.timeout = 120s (custom)
2019-08-29 11:54:33,596 [pool-449-thread-1] INFO  server.RaftServerConfigKeys (ConfUtils.java:logGet(43)) - raft.server.log.use.memory = false (default)
2019-08-29 11:54:33,596 [pool-449-thread-1] INFO  server.RaftServerConfigKeys (ConfUtils.java:logGet(43)) - raft.server.log.purge.gap = 1000000 (custom)
2019-08-29 11:54:33,596 [pool-449-thread-1] INFO  server.RaftServerConfigKeys (ConfUtils.java:logGet(43)) - raft.server.log.appender.buffer.byte-limit = 33554432 (custom)
2019-08-29 11:54:33,596 [pool-449-thread-1] INFO  server.RaftServerConfigKeys (ConfUtils.java:logGet(43)) - raft.server.log.segment.size.max = 1048576 (custom)
2019-08-29 11:54:33,596 [pool-449-thread-1] INFO  server.RaftServerConfigKeys (ConfUtils.java:logGet(43)) - raft.server.log.segment.cache.num.max = 2 (custom)
2019-08-29 11:54:33,597 [pool-449-thread-1] INFO  segmented.SegmentedRaftLogWorker (SegmentedRaftLogWorker.java:<init>(172)) - new 97e3324b-235f-4ceb-956e-993ee2fe234c-SegmentedRaftLogWorker:Storage Directory /workdir/hadoop-ozone/integration-test/target/test-dir/MiniOzoneClusterImpl-16ce5ac2-d92d-4b29-933b-33d00735e97e/datanode-6/data/ratis/fb890f54-cccf-4389-8bf5-b0168627f536 for RaftStorage:Storage Directory /workdir/hadoop-ozone/integration-test/target/test-dir/MiniOzoneClusterImpl-16ce5ac2-d92d-4b29-933b-33d00735e97e/datanode-6/data/ratis/fb890f54-cccf-4389-8bf5-b0168627f536
2019-08-29 11:54:33,597 [pool-449-thread-1] INFO  server.RaftServerConfigKeys (ConfUtils.java:logGet(43)) - raft.server.log.queue.byte-limit = 2147483647 (custom)
2019-08-29 11:54:33,597 [pool-449-thread-1] INFO  server.RaftServerConfigKeys (ConfUtils.java:logGet(43)) - raft.server.log.queue.element-limit = 1024 (custom)
2019-08-29 11:54:33,597 [pool-449-thread-1] INFO  server.RaftServerConfigKeys (ConfUtils.java:logGet(43)) - raft.server.log.segment.size.max = 1048576 (custom)
2019-08-29 11:54:33,597 [pool-449-thread-1] INFO  server.RaftServerConfigKeys (ConfUtils.java:logGet(43)) - raft.server.log.preallocated.size = 16384 (custom)
2019-08-29 11:54:33,597 [pool-449-thread-1] INFO  server.RaftServerConfigKeys (ConfUtils.java:logGet(43)) - raft.server.log.write.buffer.size = 33554432 (custom)
2019-08-29 11:54:33,597 [pool-449-thread-1] INFO  server.RaftServerConfigKeys (ConfUtils.java:logGet(43)) - raft.server.log.force.sync.num = 128 (default)
2019-08-29 11:54:33,598 [pool-449-thread-1] INFO  server.RaftServerConfigKeys (ConfUtils.java:logGet(43)) - raft.server.log.statemachine.data.sync = true (default)
2019-08-29 11:54:33,598 [pool-449-thread-1] INFO  server.RaftServerConfigKeys (ConfUtils.java:logGet(43)) - raft.server.log.statemachine.data.sync.timeout = 10s (default)
2019-08-29 11:54:33,598 [pool-449-thread-1] INFO  server.RaftServerConfigKeys (ConfUtils.java:logGet(43)) - raft.server.log.statemachine.data.sync.timeout.retry = -1 (default)
2019-08-29 11:54:33,598 [pool-449-thread-1] INFO  server.RaftServerConfigKeys (ConfUtils.java:logGet(43)) - raft.server.log.statemachine.data.caching.enabled = true (custom)
2019-08-29 11:54:33,598 [pool-449-thread-1] INFO  segmented.SegmentedRaftLogWorker (SegmentedRaftLogWorker.java:lambda$new$0(132)) - 97e3324b-235f-4ceb-956e-993ee2fe234c-SegmentedRaftLogWorker:Storage Directory /workdir/hadoop-ozone/integration-test/target/test-dir/MiniOzoneClusterImpl-16ce5ac2-d92d-4b29-933b-33d00735e97e/datanode-6/data/ratis/fb890f54-cccf-4389-8bf5-b0168627f536: flushIndex: setUnconditionally 0 -> -1
2019-08-29 11:54:33,599 [pool-449-thread-1] INFO  server.RaftServerConfigKeys (ConfUtils.java:logGet(43)) - raft.server.snapshot.auto.trigger.enabled = true (custom)
2019-08-29 11:54:33,599 [pool-449-thread-1] INFO  server.RaftServerConfigKeys (ConfUtils.java:logGet(43)) - raft.server.snapshot.auto.trigger.threshold = 10000 (custom)
2019-08-29 11:54:33,599 [pool-449-thread-1] INFO  server.RaftServerConfigKeys (ConfUtils.java:logGet(43)) - raft.server.retrycache.expirytime = 600000ms (custom)
2019-08-29 11:54:33,599 [pool-449-thread-1] INFO  impl.RaftServerImpl (RaftServerImpl.java:start(180)) - 97e3324b-235f-4ceb-956e-993ee2fe234c: start group-B0168627F536
2019-08-29 11:54:33,599 [pool-449-thread-1] INFO  impl.RaftServerImpl (RaftServerImpl.java:setRole(171)) - 97e3324b-235f-4ceb-956e-993ee2fe234c:group-B0168627F536 changes role from null to FOLLOWER at term 0 for startAsFollower
2019-08-29 11:54:33,599 [pool-449-thread-1] INFO  impl.RoleInfo (RoleInfo.java:updateAndGet(143)) - 97e3324b-235f-4ceb-956e-993ee2fe234c: start FollowerState
2019-08-29 11:54:33,600 [pool-449-thread-1] INFO  util.JmxRegister (JmxRegister.java:tryRegister(44)) - Successfully registered JMX Bean with object name Ratis:service=RaftServer,group=group-B0168627F536,id=97e3324b-235f-4ceb-956e-993ee2fe234c
2019-08-29 11:54:33,607 [RatisPipelineUtilsThread] INFO  pipeline.PipelineStateManager (PipelineStateManager.java:addPipeline(56)) - Created pipeline Pipeline[ Id: fb890f54-cccf-4389-8bf5-b0168627f536, Nodes: 97e3324b-235f-4ceb-956e-993ee2fe234c{ip: 192.168.5.171, host: pr-hdds-2058-gt6pm-2007824988, networkLocation: /rack1, certSerialId: null}, Type:RATIS, Factor:ONE, State:OPEN]
2019-08-29 11:54:33,623 [grpc-default-executor-10] INFO  impl.RaftServerProxy (RaftServerProxy.java:addNew(89)) - 3442b9cb-a0d9-4a64-bd62-61dec9190efe: addNew group-56BBAE2A5A03:[3442b9cb-a0d9-4a64-bd62-61dec9190efe:192.168.5.171:44430] returns group-56BBAE2A5A03:java.util.concurrent.CompletableFuture@760d93cc[Not completed]
2019-08-29 11:54:33,624 [pool-469-thread-1] INFO  impl.RaftServerImpl (RaftServerImpl.java:<init>(93)) - 3442b9cb-a0d9-4a64-bd62-61dec9190efe: new RaftServerImpl for group-56BBAE2A5A03:[3442b9cb-a0d9-4a64-bd62-61dec9190efe:192.168.5.171:44430] with ContainerStateMachine:uninitialized
2019-08-29 11:54:33,624 [pool-469-thread-1] INFO  server.RaftServerConfigKeys (ConfUtils.java:logGet(43)) - raft.server.rpc.timeout.min = 1s (custom)
2019-08-29 11:54:33,625 [pool-469-thread-1] INFO  server.RaftServerConfigKeys (ConfUtils.java:logGet(43)) - raft.server.rpc.timeout.max = 1200ms (custom)
2019-08-29 11:54:33,625 [pool-469-thread-1] INFO  server.RaftServerConfigKeys (ConfUtils.java:logGet(43)) - raft.server.rpcslowness.timeout = 120s (custom)
2019-08-29 11:54:33,625 [pool-469-thread-1] INFO  server.RaftServerConfigKeys (ConfUtils.java:logGet(43)) - raft.server.sleep.deviation.threshold = 300 (default)
2019-08-29 11:54:33,625 [pool-469-thread-1] INFO  server.RaftServerConfigKeys (ConfUtils.java:logGet(43)) - raft.server.log.appender.install.snapshot.enabled = false (custom)
2019-08-29 11:54:33,625 [pool-469-thread-1] INFO  impl.RaftServerImpl (ServerState.java:<init>(105)) - 3442b9cb-a0d9-4a64-bd62-61dec9190efe:group-56BBAE2A5A03 ConfigurationManager, init=-1: [3442b9cb-a0d9-4a64-bd62-61dec9190efe:192.168.5.171:44430], old=null, confs=<EMPTY_MAP>
2019-08-29 11:54:33,625 [pool-469-thread-1] INFO  server.RaftServerConfigKeys (ConfUtils.java:logGet(43)) - raft.server.storage.dir = [/workdir/hadoop-ozone/integration-test/target/test-dir/MiniOzoneClusterImpl-16ce5ac2-d92d-4b29-933b-33d00735e97e/datanode-8/data/ratis] (custom)
2019-08-29 11:54:33,626 [pool-469-thread-1] INFO  storage.RaftStorageDirectory (RaftStorageDirectory.java:analyzeStorage(246)) - The storage directory /workdir/hadoop-ozone/integration-test/target/test-dir/MiniOzoneClusterImpl-16ce5ac2-d92d-4b29-933b-33d00735e97e/datanode-8/data/ratis/43c0543d-8426-4e50-aa3a-56bbae2a5a03 does not exist. Creating ...
2019-08-29 11:54:33,634 [pool-469-thread-1] INFO  storage.RaftStorageDirectory (RaftStorageDirectory.java:tryLock(328)) - Lock on /workdir/hadoop-ozone/integration-test/target/test-dir/MiniOzoneClusterImpl-16ce5ac2-d92d-4b29-933b-33d00735e97e/datanode-8/data/ratis/43c0543d-8426-4e50-aa3a-56bbae2a5a03/in_use.lock acquired by nodename 9018@pr-hdds-2058-gt6pm-2007824988
2019-08-29 11:54:33,648 [pool-469-thread-1] INFO  storage.RaftStorage (RaftStorage.java:format(72)) - Storage directory /workdir/hadoop-ozone/integration-test/target/test-dir/MiniOzoneClusterImpl-16ce5ac2-d92d-4b29-933b-33d00735e97e/datanode-8/data/ratis/43c0543d-8426-4e50-aa3a-56bbae2a5a03 has been successfully formatted.
2019-08-29 11:54:33,648 [pool-469-thread-1] INFO  ratis.ContainerStateMachine (ContainerStateMachine.java:loadSnapshot(227)) - group-56BBAE2A5A03: The snapshot info is null. Setting the last applied indexto:(t:0, i:~)
2019-08-29 11:54:33,648 [pool-469-thread-1] INFO  server.RaftServerConfigKeys (ConfUtils.java:logGet(43)) - raft.server.leader.election.timeout = 120s (custom)
2019-08-29 11:54:33,648 [pool-469-thread-1] INFO  server.RaftServerConfigKeys (ConfUtils.java:logGet(43)) - raft.server.log.use.memory = false (default)
2019-08-29 11:54:33,649 [pool-469-thread-1] INFO  server.RaftServerConfigKeys (ConfUtils.java:logGet(43)) - raft.server.log.purge.gap = 1000000 (custom)
2019-08-29 11:54:33,649 [pool-469-thread-1] INFO  server.RaftServerConfigKeys (ConfUtils.java:logGet(43)) - raft.server.log.appender.buffer.byte-limit = 33554432 (custom)
2019-08-29 11:54:33,649 [pool-469-thread-1] INFO  server.RaftServerConfigKeys (ConfUtils.java:logGet(43)) - raft.server.log.segment.size.max = 1048576 (custom)
2019-08-29 11:54:33,649 [pool-469-thread-1] INFO  server.RaftServerConfigKeys (ConfUtils.java:logGet(43)) - raft.server.log.segment.cache.num.max = 2 (custom)
2019-08-29 11:54:33,649 [pool-469-thread-1] INFO  segmented.SegmentedRaftLogWorker (SegmentedRaftLogWorker.java:<init>(172)) - new 3442b9cb-a0d9-4a64-bd62-61dec9190efe-SegmentedRaftLogWorker:Storage Directory /workdir/hadoop-ozone/integration-test/target/test-dir/MiniOzoneClusterImpl-16ce5ac2-d92d-4b29-933b-33d00735e97e/datanode-8/data/ratis/43c0543d-8426-4e50-aa3a-56bbae2a5a03 for RaftStorage:Storage Directory /workdir/hadoop-ozone/integration-test/target/test-dir/MiniOzoneClusterImpl-16ce5ac2-d92d-4b29-933b-33d00735e97e/datanode-8/data/ratis/43c0543d-8426-4e50-aa3a-56bbae2a5a03
2019-08-29 11:54:33,649 [pool-469-thread-1] INFO  server.RaftServerConfigKeys (ConfUtils.java:logGet(43)) - raft.server.log.queue.byte-limit = 2147483647 (custom)
2019-08-29 11:54:33,649 [pool-469-thread-1] INFO  server.RaftServerConfigKeys (ConfUtils.java:logGet(43)) - raft.server.log.queue.element-limit = 1024 (custom)
2019-08-29 11:54:33,650 [pool-469-thread-1] INFO  server.RaftServerConfigKeys (ConfUtils.java:logGet(43)) - raft.server.log.segment.size.max = 1048576 (custom)
2019-08-29 11:54:33,650 [pool-469-thread-1] INFO  server.RaftServerConfigKeys (ConfUtils.java:logGet(43)) - raft.server.log.preallocated.size = 16384 (custom)
2019-08-29 11:54:33,650 [pool-469-thread-1] INFO  server.RaftServerConfigKeys (ConfUtils.java:logGet(43)) - raft.server.log.write.buffer.size = 33554432 (custom)
2019-08-29 11:54:33,650 [pool-469-thread-1] INFO  server.RaftServerConfigKeys (ConfUtils.java:logGet(43)) - raft.server.log.force.sync.num = 128 (default)
2019-08-29 11:54:33,650 [pool-469-thread-1] INFO  server.RaftServerConfigKeys (ConfUtils.java:logGet(43)) - raft.server.log.statemachine.data.sync = true (default)
2019-08-29 11:54:33,650 [pool-469-thread-1] INFO  server.RaftServerConfigKeys (ConfUtils.java:logGet(43)) - raft.server.log.statemachine.data.sync.timeout = 10s (default)
2019-08-29 11:54:33,650 [pool-469-thread-1] INFO  server.RaftServerConfigKeys (ConfUtils.java:logGet(43)) - raft.server.log.statemachine.data.sync.timeout.retry = -1 (default)
2019-08-29 11:54:33,651 [pool-469-thread-1] INFO  server.RaftServerConfigKeys (ConfUtils.java:logGet(43)) - raft.server.log.statemachine.data.caching.enabled = true (custom)
2019-08-29 11:54:33,651 [pool-469-thread-1] INFO  segmented.SegmentedRaftLogWorker (SegmentedRaftLogWorker.java:lambda$new$0(132)) - 3442b9cb-a0d9-4a64-bd62-61dec9190efe-SegmentedRaftLogWorker:Storage Directory /workdir/hadoop-ozone/integration-test/target/test-dir/MiniOzoneClusterImpl-16ce5ac2-d92d-4b29-933b-33d00735e97e/datanode-8/data/ratis/43c0543d-8426-4e50-aa3a-56bbae2a5a03: flushIndex: setUnconditionally 0 -> -1
2019-08-29 11:54:33,651 [pool-469-thread-1] INFO  server.RaftServerConfigKeys (ConfUtils.java:logGet(43)) - raft.server.snapshot.auto.trigger.enabled = true (custom)
2019-08-29 11:54:33,651 [pool-469-thread-1] INFO  server.RaftServerConfigKeys (ConfUtils.java:logGet(43)) - raft.server.snapshot.auto.trigger.threshold = 10000 (custom)
2019-08-29 11:54:33,651 [pool-469-thread-1] INFO  server.RaftServerConfigKeys (ConfUtils.java:logGet(43)) - raft.server.retrycache.expirytime = 600000ms (custom)
2019-08-29 11:54:33,652 [pool-469-thread-1] INFO  impl.RaftServerImpl (RaftServerImpl.java:start(180)) - 3442b9cb-a0d9-4a64-bd62-61dec9190efe: start group-56BBAE2A5A03
2019-08-29 11:54:33,652 [pool-469-thread-1] INFO  impl.RaftServerImpl (RaftServerImpl.java:setRole(171)) - 3442b9cb-a0d9-4a64-bd62-61dec9190efe:group-56BBAE2A5A03 changes role from null to FOLLOWER at term 0 for startAsFollower
2019-08-29 11:54:33,652 [pool-469-thread-1] INFO  impl.RoleInfo (RoleInfo.java:updateAndGet(143)) - 3442b9cb-a0d9-4a64-bd62-61dec9190efe: start FollowerState
2019-08-29 11:54:33,652 [pool-469-thread-1] INFO  util.JmxRegister (JmxRegister.java:tryRegister(44)) - Successfully registered JMX Bean with object name Ratis:service=RaftServer,group=group-56BBAE2A5A03,id=3442b9cb-a0d9-4a64-bd62-61dec9190efe
2019-08-29 11:54:33,658 [RatisPipelineUtilsThread] INFO  pipeline.PipelineStateManager (PipelineStateManager.java:addPipeline(56)) - Created pipeline Pipeline[ Id: 43c0543d-8426-4e50-aa3a-56bbae2a5a03, Nodes: 3442b9cb-a0d9-4a64-bd62-61dec9190efe{ip: 192.168.5.171, host: pr-hdds-2058-gt6pm-2007824988, networkLocation: /rack1, certSerialId: null}, Type:RATIS, Factor:ONE, State:OPEN]
2019-08-29 11:54:33,675 [grpc-default-executor-7] INFO  impl.RaftServerProxy (RaftServerProxy.java:addNew(89)) - 0927c2fb-bc54-48d8-8b4a-6f0f550fa3d8: addNew group-A8FA0292109A:[0927c2fb-bc54-48d8-8b4a-6f0f550fa3d8:192.168.5.171:45391, 79404ccb-3783-4150-88ba-2fea440d7696:192.168.5.171:38238, 0237fb14-0601-4188-bfaa-710869c5af5c:192.168.5.171:34413] returns group-A8FA0292109A:java.util.concurrent.CompletableFuture@139b6937[Not completed]
2019-08-29 11:54:33,675 [grpc-default-executor-4] INFO  impl.RaftServerProxy (RaftServerProxy.java:addNew(89)) - 79404ccb-3783-4150-88ba-2fea440d7696: addNew group-A8FA0292109A:[0927c2fb-bc54-48d8-8b4a-6f0f550fa3d8:192.168.5.171:45391, 79404ccb-3783-4150-88ba-2fea440d7696:192.168.5.171:38238, 0237fb14-0601-4188-bfaa-710869c5af5c:192.168.5.171:34413] returns group-A8FA0292109A:java.util.concurrent.CompletableFuture@339989c9[Not completed]
2019-08-29 11:54:33,675 [grpc-default-executor-7] INFO  impl.RaftServerProxy (RaftServerProxy.java:addNew(89)) - 0237fb14-0601-4188-bfaa-710869c5af5c: addNew group-A8FA0292109A:[0927c2fb-bc54-48d8-8b4a-6f0f550fa3d8:192.168.5.171:45391, 79404ccb-3783-4150-88ba-2fea440d7696:192.168.5.171:38238, 0237fb14-0601-4188-bfaa-710869c5af5c:192.168.5.171:34413] returns group-A8FA0292109A:java.util.concurrent.CompletableFuture@562f3ae0[Not completed]
2019-08-29 11:54:33,676 [pool-479-thread-1] INFO  impl.RaftServerImpl (RaftServerImpl.java:<init>(93)) - 0927c2fb-bc54-48d8-8b4a-6f0f550fa3d8: new RaftServerImpl for group-A8FA0292109A:[0927c2fb-bc54-48d8-8b4a-6f0f550fa3d8:192.168.5.171:45391, 79404ccb-3783-4150-88ba-2fea440d7696:192.168.5.171:38238, 0237fb14-0601-4188-bfaa-710869c5af5c:192.168.5.171:34413] with ContainerStateMachine:uninitialized
2019-08-29 11:54:33,676 [pool-479-thread-1] INFO  server.RaftServerConfigKeys (ConfUtils.java:logGet(43)) - raft.server.rpc.timeout.min = 1s (custom)
2019-08-29 11:54:33,676 [pool-479-thread-1] INFO  server.RaftServerConfigKeys (ConfUtils.java:logGet(43)) - raft.server.rpc.timeout.max = 1200ms (custom)
2019-08-29 11:54:33,676 [pool-479-thread-1] INFO  server.RaftServerConfigKeys (ConfUtils.java:logGet(43)) - raft.server.rpcslowness.timeout = 120s (custom)
2019-08-29 11:54:33,676 [pool-479-thread-1] INFO  server.RaftServerConfigKeys (ConfUtils.java:logGet(43)) - raft.server.sleep.deviation.threshold = 300 (default)
2019-08-29 11:54:33,676 [pool-479-thread-1] INFO  server.RaftServerConfigKeys (ConfUtils.java:logGet(43)) - raft.server.log.appender.install.snapshot.enabled = false (custom)
2019-08-29 11:54:33,677 [pool-479-thread-1] INFO  impl.RaftServerImpl (ServerState.java:<init>(105)) - 0927c2fb-bc54-48d8-8b4a-6f0f550fa3d8:group-A8FA0292109A ConfigurationManager, init=-1: [0927c2fb-bc54-48d8-8b4a-6f0f550fa3d8:192.168.5.171:45391, 79404ccb-3783-4150-88ba-2fea440d7696:192.168.5.171:38238, 0237fb14-0601-4188-bfaa-710869c5af5c:192.168.5.171:34413], old=null, confs=<EMPTY_MAP>
2019-08-29 11:54:33,677 [pool-479-thread-1] INFO  server.RaftServerConfigKeys (ConfUtils.java:logGet(43)) - raft.server.storage.dir = [/workdir/hadoop-ozone/integration-test/target/test-dir/MiniOzoneClusterImpl-16ce5ac2-d92d-4b29-933b-33d00735e97e/datanode-9/data/ratis] (custom)
2019-08-29 11:54:33,677 [pool-409-thread-1] INFO  impl.RaftServerImpl (RaftServerImpl.java:<init>(93)) - 79404ccb-3783-4150-88ba-2fea440d7696: new RaftServerImpl for group-A8FA0292109A:[0927c2fb-bc54-48d8-8b4a-6f0f550fa3d8:192.168.5.171:45391, 79404ccb-3783-4150-88ba-2fea440d7696:192.168.5.171:38238, 0237fb14-0601-4188-bfaa-710869c5af5c:192.168.5.171:34413] with ContainerStateMachine:uninitialized
2019-08-29 11:54:33,677 [pool-479-thread-1] INFO  storage.RaftStorageDirectory (RaftStorageDirectory.java:analyzeStorage(246)) - The storage directory /workdir/hadoop-ozone/integration-test/target/test-dir/MiniOzoneClusterImpl-16ce5ac2-d92d-4b29-933b-33d00735e97e/datanode-9/data/ratis/2f0ce970-39b3-492c-9e8e-a8fa0292109a does not exist. Creating ...
2019-08-29 11:54:33,677 [pool-409-thread-1] INFO  server.RaftServerConfigKeys (ConfUtils.java:logGet(43)) - raft.server.rpc.timeout.min = 1s (custom)
2019-08-29 11:54:33,677 [pool-429-thread-1] INFO  impl.RaftServerImpl (RaftServerImpl.java:<init>(93)) - 0237fb14-0601-4188-bfaa-710869c5af5c: new RaftServerImpl for group-A8FA0292109A:[0927c2fb-bc54-48d8-8b4a-6f0f550fa3d8:192.168.5.171:45391, 79404ccb-3783-4150-88ba-2fea440d7696:192.168.5.171:38238, 0237fb14-0601-4188-bfaa-710869c5af5c:192.168.5.171:34413] with ContainerStateMachine:uninitialized
2019-08-29 11:54:33,677 [pool-409-thread-1] INFO  server.RaftServerConfigKeys (ConfUtils.java:logGet(43)) - raft.server.rpc.timeout.max = 1200ms (custom)
2019-08-29 11:54:33,678 [pool-429-thread-1] INFO  server.RaftServerConfigKeys (ConfUtils.java:logGet(43)) - raft.server.rpc.timeout.min = 1s (custom)
2019-08-29 11:54:33,678 [pool-409-thread-1] INFO  server.RaftServerConfigKeys (ConfUtils.java:logGet(43)) - raft.server.rpcslowness.timeout = 120s (custom)
2019-08-29 11:54:33,678 [pool-429-thread-1] INFO  server.RaftServerConfigKeys (ConfUtils.java:logGet(43)) - raft.server.rpc.timeout.max = 1200ms (custom)
2019-08-29 11:54:33,678 [pool-409-thread-1] INFO  server.RaftServerConfigKeys (ConfUtils.java:logGet(43)) - raft.server.sleep.deviation.threshold = 300 (default)
2019-08-29 11:54:33,678 [pool-429-thread-1] INFO  server.RaftServerConfigKeys (ConfUtils.java:logGet(43)) - raft.server.rpcslowness.timeout = 120s (custom)
2019-08-29 11:54:33,678 [pool-409-thread-1] INFO  server.RaftServerConfigKeys (ConfUtils.java:logGet(43)) - raft.server.log.appender.install.snapshot.enabled = false (custom)
2019-08-29 11:54:33,678 [pool-429-thread-1] INFO  server.RaftServerConfigKeys (ConfUtils.java:logGet(43)) - raft.server.sleep.deviation.threshold = 300 (default)
2019-08-29 11:54:33,679 [pool-409-thread-1] INFO  impl.RaftServerImpl (ServerState.java:<init>(105)) - 79404ccb-3783-4150-88ba-2fea440d7696:group-A8FA0292109A ConfigurationManager, init=-1: [0927c2fb-bc54-48d8-8b4a-6f0f550fa3d8:192.168.5.171:45391, 79404ccb-3783-4150-88ba-2fea440d7696:192.168.5.171:38238, 0237fb14-0601-4188-bfaa-710869c5af5c:192.168.5.171:34413], old=null, confs=<EMPTY_MAP>
2019-08-29 11:54:33,679 [pool-429-thread-1] INFO  server.RaftServerConfigKeys (ConfUtils.java:logGet(43)) - raft.server.log.appender.install.snapshot.enabled = false (custom)
2019-08-29 11:54:33,679 [pool-409-thread-1] INFO  server.RaftServerConfigKeys (ConfUtils.java:logGet(43)) - raft.server.storage.dir = [/workdir/hadoop-ozone/integration-test/target/test-dir/MiniOzoneClusterImpl-16ce5ac2-d92d-4b29-933b-33d00735e97e/datanode-2/data/ratis] (custom)
2019-08-29 11:54:33,679 [pool-429-thread-1] INFO  impl.RaftServerImpl (ServerState.java:<init>(105)) - 0237fb14-0601-4188-bfaa-710869c5af5c:group-A8FA0292109A ConfigurationManager, init=-1: [0927c2fb-bc54-48d8-8b4a-6f0f550fa3d8:192.168.5.171:45391, 79404ccb-3783-4150-88ba-2fea440d7696:192.168.5.171:38238, 0237fb14-0601-4188-bfaa-710869c5af5c:192.168.5.171:34413], old=null, confs=<EMPTY_MAP>
2019-08-29 11:54:33,679 [pool-429-thread-1] INFO  server.RaftServerConfigKeys (ConfUtils.java:logGet(43)) - raft.server.storage.dir = [/workdir/hadoop-ozone/integration-test/target/test-dir/MiniOzoneClusterImpl-16ce5ac2-d92d-4b29-933b-33d00735e97e/datanode-4/data/ratis] (custom)
2019-08-29 11:54:33,679 [pool-409-thread-1] INFO  storage.RaftStorageDirectory (RaftStorageDirectory.java:analyzeStorage(246)) - The storage directory /workdir/hadoop-ozone/integration-test/target/test-dir/MiniOzoneClusterImpl-16ce5ac2-d92d-4b29-933b-33d00735e97e/datanode-2/data/ratis/2f0ce970-39b3-492c-9e8e-a8fa0292109a does not exist. Creating ...
2019-08-29 11:54:33,679 [pool-429-thread-1] INFO  storage.RaftStorageDirectory (RaftStorageDirectory.java:analyzeStorage(246)) - The storage directory /workdir/hadoop-ozone/integration-test/target/test-dir/MiniOzoneClusterImpl-16ce5ac2-d92d-4b29-933b-33d00735e97e/datanode-4/data/ratis/2f0ce970-39b3-492c-9e8e-a8fa0292109a does not exist. Creating ...
2019-08-29 11:54:33,691 [pool-479-thread-1] INFO  storage.RaftStorageDirectory (RaftStorageDirectory.java:tryLock(328)) - Lock on /workdir/hadoop-ozone/integration-test/target/test-dir/MiniOzoneClusterImpl-16ce5ac2-d92d-4b29-933b-33d00735e97e/datanode-9/data/ratis/2f0ce970-39b3-492c-9e8e-a8fa0292109a/in_use.lock acquired by nodename 9018@pr-hdds-2058-gt6pm-2007824988
2019-08-29 11:54:33,691 [pool-409-thread-1] INFO  storage.RaftStorageDirectory (RaftStorageDirectory.java:tryLock(328)) - Lock on /workdir/hadoop-ozone/integration-test/target/test-dir/MiniOzoneClusterImpl-16ce5ac2-d92d-4b29-933b-33d00735e97e/datanode-2/data/ratis/2f0ce970-39b3-492c-9e8e-a8fa0292109a/in_use.lock acquired by nodename 9018@pr-hdds-2058-gt6pm-2007824988
2019-08-29 11:54:33,691 [pool-429-thread-1] INFO  storage.RaftStorageDirectory (RaftStorageDirectory.java:tryLock(328)) - Lock on /workdir/hadoop-ozone/integration-test/target/test-dir/MiniOzoneClusterImpl-16ce5ac2-d92d-4b29-933b-33d00735e97e/datanode-4/data/ratis/2f0ce970-39b3-492c-9e8e-a8fa0292109a/in_use.lock acquired by nodename 9018@pr-hdds-2058-gt6pm-2007824988
2019-08-29 11:54:33,704 [pool-479-thread-1] INFO  storage.RaftStorage (RaftStorage.java:format(72)) - Storage directory /workdir/hadoop-ozone/integration-test/target/test-dir/MiniOzoneClusterImpl-16ce5ac2-d92d-4b29-933b-33d00735e97e/datanode-9/data/ratis/2f0ce970-39b3-492c-9e8e-a8fa0292109a has been successfully formatted.
2019-08-29 11:54:33,704 [pool-409-thread-1] INFO  storage.RaftStorage (RaftStorage.java:format(72)) - Storage directory /workdir/hadoop-ozone/integration-test/target/test-dir/MiniOzoneClusterImpl-16ce5ac2-d92d-4b29-933b-33d00735e97e/datanode-2/data/ratis/2f0ce970-39b3-492c-9e8e-a8fa0292109a has been successfully formatted.
2019-08-29 11:54:33,704 [pool-429-thread-1] INFO  storage.RaftStorage (RaftStorage.java:format(72)) - Storage directory /workdir/hadoop-ozone/integration-test/target/test-dir/MiniOzoneClusterImpl-16ce5ac2-d92d-4b29-933b-33d00735e97e/datanode-4/data/ratis/2f0ce970-39b3-492c-9e8e-a8fa0292109a has been successfully formatted.
2019-08-29 11:54:33,705 [pool-479-thread-1] INFO  ratis.ContainerStateMachine (ContainerStateMachine.java:loadSnapshot(227)) - group-A8FA0292109A: The snapshot info is null. Setting the last applied indexto:(t:0, i:~)
2019-08-29 11:54:33,705 [pool-409-thread-1] INFO  ratis.ContainerStateMachine (ContainerStateMachine.java:loadSnapshot(227)) - group-A8FA0292109A: The snapshot info is null. Setting the last applied indexto:(t:0, i:~)
2019-08-29 11:54:33,705 [pool-479-thread-1] INFO  server.RaftServerConfigKeys (ConfUtils.java:logGet(43)) - raft.server.leader.election.timeout = 120s (custom)
2019-08-29 11:54:33,705 [pool-429-thread-1] INFO  ratis.ContainerStateMachine (ContainerStateMachine.java:loadSnapshot(227)) - group-A8FA0292109A: The snapshot info is null. Setting the last applied indexto:(t:0, i:~)
2019-08-29 11:54:33,705 [pool-479-thread-1] INFO  server.RaftServerConfigKeys (ConfUtils.java:logGet(43)) - raft.server.log.use.memory = false (default)
2019-08-29 11:54:33,705 [pool-409-thread-1] INFO  server.RaftServerConfigKeys (ConfUtils.java:logGet(43)) - raft.server.leader.election.timeout = 120s (custom)
2019-08-29 11:54:33,706 [pool-479-thread-1] INFO  server.RaftServerConfigKeys (ConfUtils.java:logGet(43)) - raft.server.log.purge.gap = 1000000 (custom)
2019-08-29 11:54:33,705 [pool-429-thread-1] INFO  server.RaftServerConfigKeys (ConfUtils.java:logGet(43)) - raft.server.leader.election.timeout = 120s (custom)
2019-08-29 11:54:33,706 [pool-479-thread-1] INFO  server.RaftServerConfigKeys (ConfUtils.java:logGet(43)) - raft.server.log.appender.buffer.byte-limit = 33554432 (custom)
2019-08-29 11:54:33,706 [pool-479-thread-1] INFO  server.RaftServerConfigKeys (ConfUtils.java:logGet(43)) - raft.server.log.segment.size.max = 1048576 (custom)
2019-08-29 11:54:33,706 [pool-409-thread-1] INFO  server.RaftServerConfigKeys (ConfUtils.java:logGet(43)) - raft.server.log.use.memory = false (default)
2019-08-29 11:54:33,706 [pool-479-thread-1] INFO  server.RaftServerConfigKeys (ConfUtils.java:logGet(43)) - raft.server.log.segment.cache.num.max = 2 (custom)
2019-08-29 11:54:33,706 [pool-479-thread-1] INFO  segmented.SegmentedRaftLogWorker (SegmentedRaftLogWorker.java:<init>(172)) - new 0927c2fb-bc54-48d8-8b4a-6f0f550fa3d8-SegmentedRaftLogWorker:Storage Directory /workdir/hadoop-ozone/integration-test/target/test-dir/MiniOzoneClusterImpl-16ce5ac2-d92d-4b29-933b-33d00735e97e/datanode-9/data/ratis/2f0ce970-39b3-492c-9e8e-a8fa0292109a for RaftStorage:Storage Directory /workdir/hadoop-ozone/integration-test/target/test-dir/MiniOzoneClusterImpl-16ce5ac2-d92d-4b29-933b-33d00735e97e/datanode-9/data/ratis/2f0ce970-39b3-492c-9e8e-a8fa0292109a
2019-08-29 11:54:33,706 [pool-429-thread-1] INFO  server.RaftServerConfigKeys (ConfUtils.java:logGet(43)) - raft.server.log.use.memory = false (default)
2019-08-29 11:54:33,706 [pool-479-thread-1] INFO  server.RaftServerConfigKeys (ConfUtils.java:logGet(43)) - raft.server.log.queue.byte-limit = 2147483647 (custom)
2019-08-29 11:54:33,707 [pool-479-thread-1] INFO  server.RaftServerConfigKeys (ConfUtils.java:logGet(43)) - raft.server.log.queue.element-limit = 1024 (custom)
2019-08-29 11:54:33,706 [pool-409-thread-1] INFO  server.RaftServerConfigKeys (ConfUtils.java:logGet(43)) - raft.server.log.purge.gap = 1000000 (custom)
2019-08-29 11:54:33,707 [pool-479-thread-1] INFO  server.RaftServerConfigKeys (ConfUtils.java:logGet(43)) - raft.server.log.segment.size.max = 1048576 (custom)
2019-08-29 11:54:33,707 [pool-479-thread-1] INFO  server.RaftServerConfigKeys (ConfUtils.java:logGet(43)) - raft.server.log.preallocated.size = 16384 (custom)
2019-08-29 11:54:33,707 [pool-429-thread-1] INFO  server.RaftServerConfigKeys (ConfUtils.java:logGet(43)) - raft.server.log.purge.gap = 1000000 (custom)
2019-08-29 11:54:33,707 [pool-479-thread-1] INFO  server.RaftServerConfigKeys (ConfUtils.java:logGet(43)) - raft.server.log.write.buffer.size = 33554432 (custom)
2019-08-29 11:54:33,707 [pool-409-thread-1] INFO  server.RaftServerConfigKeys (ConfUtils.java:logGet(43)) - raft.server.log.appender.buffer.byte-limit = 33554432 (custom)
2019-08-29 11:54:33,707 [pool-479-thread-1] INFO  server.RaftServerConfigKeys (ConfUtils.java:logGet(43)) - raft.server.log.force.sync.num = 128 (default)
2019-08-29 11:54:33,707 [pool-429-thread-1] INFO  server.RaftServerConfigKeys (ConfUtils.java:logGet(43)) - raft.server.log.appender.buffer.byte-limit = 33554432 (custom)
2019-08-29 11:54:33,708 [pool-479-thread-1] INFO  server.RaftServerConfigKeys (ConfUtils.java:logGet(43)) - raft.server.log.statemachine.data.sync = true (default)
2019-08-29 11:54:33,707 [pool-409-thread-1] INFO  server.RaftServerConfigKeys (ConfUtils.java:logGet(43)) - raft.server.log.segment.size.max = 1048576 (custom)
2019-08-29 11:54:33,708 [pool-479-thread-1] INFO  server.RaftServerConfigKeys (ConfUtils.java:logGet(43)) - raft.server.log.statemachine.data.sync.timeout = 10s (default)
2019-08-29 11:54:33,708 [pool-429-thread-1] INFO  server.RaftServerConfigKeys (ConfUtils.java:logGet(43)) - raft.server.log.segment.size.max = 1048576 (custom)
2019-08-29 11:54:33,708 [pool-479-thread-1] INFO  server.RaftServerConfigKeys (ConfUtils.java:logGet(43)) - raft.server.log.statemachine.data.sync.timeout.retry = -1 (default)
2019-08-29 11:54:33,708 [pool-409-thread-1] INFO  server.RaftServerConfigKeys (ConfUtils.java:logGet(43)) - raft.server.log.segment.cache.num.max = 2 (custom)
2019-08-29 11:54:33,708 [pool-479-thread-1] INFO  server.RaftServerConfigKeys (ConfUtils.java:logGet(43)) - raft.server.log.statemachine.data.caching.enabled = true (custom)
2019-08-29 11:54:33,708 [pool-429-thread-1] INFO  server.RaftServerConfigKeys (ConfUtils.java:logGet(43)) - raft.server.log.segment.cache.num.max = 2 (custom)
2019-08-29 11:54:33,708 [pool-409-thread-1] INFO  segmented.SegmentedRaftLogWorker (SegmentedRaftLogWorker.java:<init>(172)) - new 79404ccb-3783-4150-88ba-2fea440d7696-SegmentedRaftLogWorker:Storage Directory /workdir/hadoop-ozone/integration-test/target/test-dir/MiniOzoneClusterImpl-16ce5ac2-d92d-4b29-933b-33d00735e97e/datanode-2/data/ratis/2f0ce970-39b3-492c-9e8e-a8fa0292109a for RaftStorage:Storage Directory /workdir/hadoop-ozone/integration-test/target/test-dir/MiniOzoneClusterImpl-16ce5ac2-d92d-4b29-933b-33d00735e97e/datanode-2/data/ratis/2f0ce970-39b3-492c-9e8e-a8fa0292109a
2019-08-29 11:54:33,709 [pool-479-thread-1] INFO  segmented.SegmentedRaftLogWorker (SegmentedRaftLogWorker.java:lambda$new$0(132)) - 0927c2fb-bc54-48d8-8b4a-6f0f550fa3d8-SegmentedRaftLogWorker:Storage Directory /workdir/hadoop-ozone/integration-test/target/test-dir/MiniOzoneClusterImpl-16ce5ac2-d92d-4b29-933b-33d00735e97e/datanode-9/data/ratis/2f0ce970-39b3-492c-9e8e-a8fa0292109a: flushIndex: setUnconditionally 0 -> -1
2019-08-29 11:54:33,709 [pool-429-thread-1] INFO  segmented.SegmentedRaftLogWorker (SegmentedRaftLogWorker.java:<init>(172)) - new 0237fb14-0601-4188-bfaa-710869c5af5c-SegmentedRaftLogWorker:Storage Directory /workdir/hadoop-ozone/integration-test/target/test-dir/MiniOzoneClusterImpl-16ce5ac2-d92d-4b29-933b-33d00735e97e/datanode-4/data/ratis/2f0ce970-39b3-492c-9e8e-a8fa0292109a for RaftStorage:Storage Directory /workdir/hadoop-ozone/integration-test/target/test-dir/MiniOzoneClusterImpl-16ce5ac2-d92d-4b29-933b-33d00735e97e/datanode-4/data/ratis/2f0ce970-39b3-492c-9e8e-a8fa0292109a
2019-08-29 11:54:33,709 [pool-409-thread-1] INFO  server.RaftServerConfigKeys (ConfUtils.java:logGet(43)) - raft.server.log.queue.byte-limit = 2147483647 (custom)
2019-08-29 11:54:33,709 [pool-479-thread-1] INFO  server.RaftServerConfigKeys (ConfUtils.java:logGet(43)) - raft.server.snapshot.auto.trigger.enabled = true (custom)
2019-08-29 11:54:33,709 [pool-429-thread-1] INFO  server.RaftServerConfigKeys (ConfUtils.java:logGet(43)) - raft.server.log.queue.byte-limit = 2147483647 (custom)
2019-08-29 11:54:33,709 [pool-479-thread-1] INFO  server.RaftServerConfigKeys (ConfUtils.java:logGet(43)) - raft.server.snapshot.auto.trigger.threshold = 10000 (custom)
2019-08-29 11:54:33,709 [pool-409-thread-1] INFO  server.RaftServerConfigKeys (ConfUtils.java:logGet(43)) - raft.server.log.queue.element-limit = 1024 (custom)
2019-08-29 11:54:33,710 [pool-479-thread-1] INFO  server.RaftServerConfigKeys (ConfUtils.java:logGet(43)) - raft.server.retrycache.expirytime = 600000ms (custom)
2019-08-29 11:54:33,709 [pool-429-thread-1] INFO  server.RaftServerConfigKeys (ConfUtils.java:logGet(43)) - raft.server.log.queue.element-limit = 1024 (custom)
2019-08-29 11:54:33,710 [pool-479-thread-1] INFO  impl.RaftServerImpl (RaftServerImpl.java:start(180)) - 0927c2fb-bc54-48d8-8b4a-6f0f550fa3d8: start group-A8FA0292109A
2019-08-29 11:54:33,710 [pool-479-thread-1] INFO  impl.RaftServerImpl (RaftServerImpl.java:setRole(171)) - 0927c2fb-bc54-48d8-8b4a-6f0f550fa3d8:group-A8FA0292109A changes role from null to FOLLOWER at term 0 for startAsFollower
2019-08-29 11:54:33,710 [pool-409-thread-1] INFO  server.RaftServerConfigKeys (ConfUtils.java:logGet(43)) - raft.server.log.segment.size.max = 1048576 (custom)
2019-08-29 11:54:33,710 [pool-479-thread-1] INFO  impl.RoleInfo (RoleInfo.java:updateAndGet(143)) - 0927c2fb-bc54-48d8-8b4a-6f0f550fa3d8: start FollowerState
2019-08-29 11:54:33,710 [pool-429-thread-1] INFO  server.RaftServerConfigKeys (ConfUtils.java:logGet(43)) - raft.server.log.segment.size.max = 1048576 (custom)
2019-08-29 11:54:33,710 [pool-409-thread-1] INFO  server.RaftServerConfigKeys (ConfUtils.java:logGet(43)) - raft.server.log.preallocated.size = 16384 (custom)
2019-08-29 11:54:33,711 [pool-429-thread-1] INFO  server.RaftServerConfigKeys (ConfUtils.java:logGet(43)) - raft.server.log.preallocated.size = 16384 (custom)
2019-08-29 11:54:33,711 [pool-479-thread-1] INFO  util.JmxRegister (JmxRegister.java:tryRegister(44)) - Successfully registered JMX Bean with object name Ratis:service=RaftServer,group=group-A8FA0292109A,id=0927c2fb-bc54-48d8-8b4a-6f0f550fa3d8
2019-08-29 11:54:33,711 [pool-409-thread-1] INFO  server.RaftServerConfigKeys (ConfUtils.java:logGet(43)) - raft.server.log.write.buffer.size = 33554432 (custom)
2019-08-29 11:54:33,711 [pool-429-thread-1] INFO  server.RaftServerConfigKeys (ConfUtils.java:logGet(43)) - raft.server.log.write.buffer.size = 33554432 (custom)
2019-08-29 11:54:33,711 [pool-409-thread-1] INFO  server.RaftServerConfigKeys (ConfUtils.java:logGet(43)) - raft.server.log.force.sync.num = 128 (default)
2019-08-29 11:54:33,711 [pool-429-thread-1] INFO  server.RaftServerConfigKeys (ConfUtils.java:logGet(43)) - raft.server.log.force.sync.num = 128 (default)
2019-08-29 11:54:33,711 [pool-409-thread-1] INFO  server.RaftServerConfigKeys (ConfUtils.java:logGet(43)) - raft.server.log.statemachine.data.sync = true (default)
2019-08-29 11:54:33,712 [pool-429-thread-1] INFO  server.RaftServerConfigKeys (ConfUtils.java:logGet(43)) - raft.server.log.statemachine.data.sync = true (default)
2019-08-29 11:54:33,712 [pool-409-thread-1] INFO  server.RaftServerConfigKeys (ConfUtils.java:logGet(43)) - raft.server.log.statemachine.data.sync.timeout = 10s (default)
2019-08-29 11:54:33,712 [pool-429-thread-1] INFO  server.RaftServerConfigKeys (ConfUtils.java:logGet(43)) - raft.server.log.statemachine.data.sync.timeout = 10s (default)
2019-08-29 11:54:33,712 [pool-409-thread-1] INFO  server.RaftServerConfigKeys (ConfUtils.java:logGet(43)) - raft.server.log.statemachine.data.sync.timeout.retry = -1 (default)
2019-08-29 11:54:33,712 [pool-429-thread-1] INFO  server.RaftServerConfigKeys (ConfUtils.java:logGet(43)) - raft.server.log.statemachine.data.sync.timeout.retry = -1 (default)
2019-08-29 11:54:34,015 [Thread-2744] INFO  impl.FollowerState (FollowerState.java:run(106)) - 21c7cf7b-6251-48a4-bdb1-01914484bde5:group-F94D6CA4ECBF changes to CANDIDATE, lastRpcTime:1061, electionTimeout:1048ms
2019-08-29 11:54:34,015 [Thread-2744] INFO  impl.RoleInfo (RoleInfo.java:shutdownFollowerState(121)) - 21c7cf7b-6251-48a4-bdb1-01914484bde5: shutdown FollowerState
2019-08-29 11:54:34,015 [Thread-2744] INFO  impl.RaftServerImpl (RaftServerImpl.java:setRole(171)) - 21c7cf7b-6251-48a4-bdb1-01914484bde5:group-F94D6CA4ECBF changes role from FOLLOWER to CANDIDATE at term 0 for changeToCandidate
2019-08-29 11:54:34,076 [Thread-2744] INFO  impl.RoleInfo (RoleInfo.java:updateAndGet(143)) - 21c7cf7b-6251-48a4-bdb1-01914484bde5: start LeaderElection
2019-08-29 11:54:34,076 [pool-409-thread-1] INFO  server.RaftServerConfigKeys (ConfUtils.java:logGet(43)) - raft.server.log.statemachine.data.caching.enabled = true (custom)
2019-08-29 11:54:34,076 [pool-429-thread-1] INFO  server.RaftServerConfigKeys (ConfUtils.java:logGet(43)) - raft.server.log.statemachine.data.caching.enabled = true (custom)
2019-08-29 11:54:34,077 [pool-409-thread-1] INFO  segmented.SegmentedRaftLogWorker (SegmentedRaftLogWorker.java:lambda$new$0(132)) - 79404ccb-3783-4150-88ba-2fea440d7696-SegmentedRaftLogWorker:Storage Directory /workdir/hadoop-ozone/integration-test/target/test-dir/MiniOzoneClusterImpl-16ce5ac2-d92d-4b29-933b-33d00735e97e/datanode-2/data/ratis/2f0ce970-39b3-492c-9e8e-a8fa0292109a: flushIndex: setUnconditionally 0 -> -1
2019-08-29 11:54:34,077 [pool-429-thread-1] INFO  segmented.SegmentedRaftLogWorker (SegmentedRaftLogWorker.java:lambda$new$0(132)) - 0237fb14-0601-4188-bfaa-710869c5af5c-SegmentedRaftLogWorker:Storage Directory /workdir/hadoop-ozone/integration-test/target/test-dir/MiniOzoneClusterImpl-16ce5ac2-d92d-4b29-933b-33d00735e97e/datanode-4/data/ratis/2f0ce970-39b3-492c-9e8e-a8fa0292109a: flushIndex: setUnconditionally 0 -> -1
2019-08-29 11:54:34,117 [pool-429-thread-1] INFO  server.RaftServerConfigKeys (ConfUtils.java:logGet(43)) - raft.server.snapshot.auto.trigger.enabled = true (custom)
2019-08-29 11:54:34,117 [pool-409-thread-1] INFO  server.RaftServerConfigKeys (ConfUtils.java:logGet(43)) - raft.server.snapshot.auto.trigger.enabled = true (custom)
2019-08-29 11:54:34,117 [pool-429-thread-1] INFO  server.RaftServerConfigKeys (ConfUtils.java:logGet(43)) - raft.server.snapshot.auto.trigger.threshold = 10000 (custom)
2019-08-29 11:54:34,117 [pool-409-thread-1] INFO  server.RaftServerConfigKeys (ConfUtils.java:logGet(43)) - raft.server.snapshot.auto.trigger.threshold = 10000 (custom)
2019-08-29 11:54:34,117 [pool-429-thread-1] INFO  server.RaftServerConfigKeys (ConfUtils.java:logGet(43)) - raft.server.retrycache.expirytime = 600000ms (custom)
2019-08-29 11:54:34,117 [pool-409-thread-1] INFO  server.RaftServerConfigKeys (ConfUtils.java:logGet(43)) - raft.server.retrycache.expirytime = 600000ms (custom)
2019-08-29 11:54:34,118 [pool-429-thread-1] INFO  impl.RaftServerImpl (RaftServerImpl.java:start(180)) - 0237fb14-0601-4188-bfaa-710869c5af5c: start group-A8FA0292109A
2019-08-29 11:54:34,118 [pool-429-thread-1] INFO  impl.RaftServerImpl (RaftServerImpl.java:setRole(171)) - 0237fb14-0601-4188-bfaa-710869c5af5c:group-A8FA0292109A changes role from null to FOLLOWER at term 0 for startAsFollower
2019-08-29 11:54:34,118 [pool-409-thread-1] INFO  impl.RaftServerImpl (RaftServerImpl.java:start(180)) - 79404ccb-3783-4150-88ba-2fea440d7696: start group-A8FA0292109A
2019-08-29 11:54:34,137 [pool-429-thread-1] INFO  impl.RoleInfo (RoleInfo.java:updateAndGet(143)) - 0237fb14-0601-4188-bfaa-710869c5af5c: start FollowerState
2019-08-29 11:54:34,137 [pool-409-thread-1] INFO  impl.RaftServerImpl (RaftServerImpl.java:setRole(171)) - 79404ccb-3783-4150-88ba-2fea440d7696:group-A8FA0292109A changes role from null to FOLLOWER at term 0 for startAsFollower
2019-08-29 11:54:34,137 [pool-409-thread-1] INFO  impl.RoleInfo (RoleInfo.java:updateAndGet(143)) - 79404ccb-3783-4150-88ba-2fea440d7696: start FollowerState
2019-08-29 11:54:34,138 [pool-429-thread-1] INFO  util.JmxRegister (JmxRegister.java:tryRegister(44)) - Successfully registered JMX Bean with object name Ratis:service=RaftServer,group=group-A8FA0292109A,id=0237fb14-0601-4188-bfaa-710869c5af5c
2019-08-29 11:54:34,150 [21c7cf7b-6251-48a4-bdb1-01914484bde5:group-F94D6CA4ECBF:LeaderElection117] INFO  impl.LeaderElection (LeaderElection.java:askForVotes(181)) - 21c7cf7b-6251-48a4-bdb1-01914484bde5:group-F94D6CA4ECBF:LeaderElection117: begin an election at term 1 for -1: [21c7cf7b-6251-48a4-bdb1-01914484bde5:192.168.5.171:42450], old=null
2019-08-29 11:54:34,150 [21c7cf7b-6251-48a4-bdb1-01914484bde5:group-F94D6CA4ECBF:LeaderElection117] INFO  impl.RoleInfo (RoleInfo.java:shutdownLeaderElection(134)) - 21c7cf7b-6251-48a4-bdb1-01914484bde5: shutdown LeaderElection
2019-08-29 11:54:34,150 [21c7cf7b-6251-48a4-bdb1-01914484bde5:group-F94D6CA4ECBF:LeaderElection117] INFO  impl.RaftServerImpl (RaftServerImpl.java:setRole(171)) - 21c7cf7b-6251-48a4-bdb1-01914484bde5:group-F94D6CA4ECBF changes role from CANDIDATE to LEADER at term 1 for changeToLeader
2019-08-29 11:54:34,150 [21c7cf7b-6251-48a4-bdb1-01914484bde5:group-F94D6CA4ECBF:LeaderElection117] INFO  impl.RaftServerImpl (ServerState.java:setLeader(263)) - 21c7cf7b-6251-48a4-bdb1-01914484bde5:group-F94D6CA4ECBF change Leader from null to 21c7cf7b-6251-48a4-bdb1-01914484bde5 at term 1 for becomeLeader, leader elected after 1239ms
2019-08-29 11:54:34,150 [21c7cf7b-6251-48a4-bdb1-01914484bde5:group-F94D6CA4ECBF:LeaderElection117] INFO  server.RaftServerConfigKeys (ConfUtils.java:logGet(43)) - raft.server.staging.catchup.gap = 1000 (default)
2019-08-29 11:54:34,150 [21c7cf7b-6251-48a4-bdb1-01914484bde5:group-F94D6CA4ECBF:LeaderElection117] INFO  server.RaftServerConfigKeys (ConfUtils.java:logGet(43)) - raft.server.rpc.sleep.time = 25ms (default)
2019-08-29 11:54:34,195 [21c7cf7b-6251-48a4-bdb1-01914484bde5:group-F94D6CA4ECBF:LeaderElection117] INFO  server.RaftServerConfigKeys (ConfUtils.java:logGet(43)) - raft.server.write.element-limit = 4096 (default)
2019-08-29 11:54:34,195 [pool-409-thread-1] INFO  util.JmxRegister (JmxRegister.java:tryRegister(44)) - Successfully registered JMX Bean with object name Ratis:service=RaftServer,group=group-A8FA0292109A,id=79404ccb-3783-4150-88ba-2fea440d7696
2019-08-29 11:54:34,195 [21c7cf7b-6251-48a4-bdb1-01914484bde5:group-F94D6CA4ECBF:LeaderElection117] INFO  server.RaftServerConfigKeys (ConfUtils.java:logGet(43)) - raft.server.watch.timeout = 10s (default)
2019-08-29 11:54:34,195 [21c7cf7b-6251-48a4-bdb1-01914484bde5:group-F94D6CA4ECBF:LeaderElection117] INFO  server.RaftServerConfigKeys (ConfUtils.java:logGet(43)) - raft.server.watch.timeout.denomination = 1s (default)
2019-08-29 11:54:34,195 [21c7cf7b-6251-48a4-bdb1-01914484bde5:group-F94D6CA4ECBF:LeaderElection117] INFO  server.RaftServerConfigKeys (ConfUtils.java:logGet(43)) - raft.server.watch.element-limit = 65536 (default)
2019-08-29 11:54:34,195 [21c7cf7b-6251-48a4-bdb1-01914484bde5:group-F94D6CA4ECBF:LeaderElection117] INFO  impl.RoleInfo (RoleInfo.java:updateAndGet(143)) - 21c7cf7b-6251-48a4-bdb1-01914484bde5: start LeaderState
2019-08-29 11:54:34,195 [21c7cf7b-6251-48a4-bdb1-01914484bde5:group-F94D6CA4ECBF:LeaderElection117] INFO  segmented.SegmentedRaftLogWorker (SegmentedRaftLogWorker.java:startLogSegment(380)) - 21c7cf7b-6251-48a4-bdb1-01914484bde5-SegmentedRaftLogWorker:Storage Directory /workdir/hadoop-ozone/integration-test/target/test-dir/MiniOzoneClusterImpl-16ce5ac2-d92d-4b29-933b-33d00735e97e/datanode-0/data/ratis/96d6c6d5-5d1f-4dce-91e8-f94d6ca4ecbf: Starting segment from index:0
2019-08-29 11:54:34,231 [21c7cf7b-6251-48a4-bdb1-01914484bde5:group-F94D6CA4ECBF:LeaderElection117] INFO  impl.RaftServerImpl (ServerState.java:setRaftConf(361)) - 21c7cf7b-6251-48a4-bdb1-01914484bde5:group-F94D6CA4ECBF set configuration 0: [21c7cf7b-6251-48a4-bdb1-01914484bde5:192.168.5.171:42450], old=null at 0
2019-08-29 11:54:34,270 [RatisPipelineUtilsThread] INFO  pipeline.PipelineStateManager (PipelineStateManager.java:addPipeline(56)) - Created pipeline Pipeline[ Id: 2f0ce970-39b3-492c-9e8e-a8fa0292109a, Nodes: 0237fb14-0601-4188-bfaa-710869c5af5c{ip: 192.168.5.171, host: pr-hdds-2058-gt6pm-2007824988, networkLocation: /rack1, certSerialId: null}0927c2fb-bc54-48d8-8b4a-6f0f550fa3d8{ip: 192.168.5.171, host: pr-hdds-2058-gt6pm-2007824988, networkLocation: /rack1, certSerialId: null}79404ccb-3783-4150-88ba-2fea440d7696{ip: 192.168.5.171, host: pr-hdds-2058-gt6pm-2007824988, networkLocation: /rack1, certSerialId: null}, Type:RATIS, Factor:THREE, State:OPEN]
2019-08-29 11:54:34,271 [21c7cf7b-6251-48a4-bdb1-01914484bde5-SegmentedRaftLogWorker:Storage Directory /workdir/hadoop-ozone/integration-test/target/test-dir/MiniOzoneClusterImpl-16ce5ac2-d92d-4b29-933b-33d00735e97e/datanode-0/data/ratis/96d6c6d5-5d1f-4dce-91e8-f94d6ca4ecbf] INFO  segmented.SegmentedRaftLogWorker (SegmentedRaftLogWorker.java:execute(569)) - 21c7cf7b-6251-48a4-bdb1-01914484bde5-SegmentedRaftLogWorker:Storage Directory /workdir/hadoop-ozone/integration-test/target/test-dir/MiniOzoneClusterImpl-16ce5ac2-d92d-4b29-933b-33d00735e97e/datanode-0/data/ratis/96d6c6d5-5d1f-4dce-91e8-f94d6ca4ecbf: created new log segment /workdir/hadoop-ozone/integration-test/target/test-dir/MiniOzoneClusterImpl-16ce5ac2-d92d-4b29-933b-33d00735e97e/datanode-0/data/ratis/96d6c6d5-5d1f-4dce-91e8-f94d6ca4ecbf/current/log_inprogress_0
2019-08-29 11:54:34,281 [grpc-default-executor-7] INFO  impl.RaftServerProxy (RaftServerProxy.java:addNew(89)) - 822b3223-74a0-44c8-ae72-b72e27a17b65: addNew group-C6E4A73C4023:[822b3223-74a0-44c8-ae72-b72e27a17b65:192.168.5.171:45414, 21c7cf7b-6251-48a4-bdb1-01914484bde5:192.168.5.171:42450, 368ac840-1874-400c-9a5e-97ce3a83695d:192.168.5.171:40345] returns group-C6E4A73C4023:java.util.concurrent.CompletableFuture@34bdf26f[Not completed]
2019-08-29 11:54:34,282 [grpc-default-executor-10] INFO  impl.RaftServerProxy (RaftServerProxy.java:addNew(89)) - 368ac840-1874-400c-9a5e-97ce3a83695d: addNew group-C6E4A73C4023:[822b3223-74a0-44c8-ae72-b72e27a17b65:192.168.5.171:45414, 21c7cf7b-6251-48a4-bdb1-01914484bde5:192.168.5.171:42450, 368ac840-1874-400c-9a5e-97ce3a83695d:192.168.5.171:40345] returns group-C6E4A73C4023:java.util.concurrent.CompletableFuture@653b0a33[Not completed]
2019-08-29 11:54:34,281 [grpc-default-executor-4] INFO  impl.RaftServerProxy (RaftServerProxy.java:addNew(89)) - 21c7cf7b-6251-48a4-bdb1-01914484bde5: addNew group-C6E4A73C4023:[822b3223-74a0-44c8-ae72-b72e27a17b65:192.168.5.171:45414, 21c7cf7b-6251-48a4-bdb1-01914484bde5:192.168.5.171:42450, 368ac840-1874-400c-9a5e-97ce3a83695d:192.168.5.171:40345] returns group-C6E4A73C4023:java.util.concurrent.CompletableFuture@260e9fb3[Not completed]
2019-08-29 11:54:34,283 [pool-389-thread-1] INFO  impl.RaftServerImpl (RaftServerImpl.java:<init>(93)) - 21c7cf7b-6251-48a4-bdb1-01914484bde5: new RaftServerImpl for group-C6E4A73C4023:[822b3223-74a0-44c8-ae72-b72e27a17b65:192.168.5.171:45414, 21c7cf7b-6251-48a4-bdb1-01914484bde5:192.168.5.171:42450, 368ac840-1874-400c-9a5e-97ce3a83695d:192.168.5.171:40345] with ContainerStateMachine:uninitialized
2019-08-29 11:54:34,283 [pool-389-thread-1] INFO  server.RaftServerConfigKeys (ConfUtils.java:logGet(43)) - raft.server.rpc.timeout.min = 1s (custom)
2019-08-29 11:54:34,283 [pool-389-thread-1] INFO  server.RaftServerConfigKeys (ConfUtils.java:logGet(43)) - raft.server.rpc.timeout.max = 1200ms (custom)
2019-08-29 11:54:34,283 [pool-389-thread-1] INFO  server.RaftServerConfigKeys (ConfUtils.java:logGet(43)) - raft.server.rpcslowness.timeout = 120s (custom)
2019-08-29 11:54:34,283 [pool-399-thread-1] INFO  impl.RaftServerImpl (RaftServerImpl.java:<init>(93)) - 368ac840-1874-400c-9a5e-97ce3a83695d: new RaftServerImpl for group-C6E4A73C4023:[822b3223-74a0-44c8-ae72-b72e27a17b65:192.168.5.171:45414, 21c7cf7b-6251-48a4-bdb1-01914484bde5:192.168.5.171:42450, 368ac840-1874-400c-9a5e-97ce3a83695d:192.168.5.171:40345] with ContainerStateMachine:uninitialized
2019-08-29 11:54:34,283 [pool-389-thread-1] INFO  server.RaftServerConfigKeys (ConfUtils.java:logGet(43)) - raft.server.sleep.deviation.threshold = 300 (default)
2019-08-29 11:54:34,283 [pool-399-thread-1] INFO  server.RaftServerConfigKeys (ConfUtils.java:logGet(43)) - raft.server.rpc.timeout.min = 1s (custom)
2019-08-29 11:54:34,283 [pool-389-thread-1] INFO  server.RaftServerConfigKeys (ConfUtils.java:logGet(43)) - raft.server.log.appender.install.snapshot.enabled = false (custom)
2019-08-29 11:54:34,283 [pool-399-thread-1] INFO  server.RaftServerConfigKeys (ConfUtils.java:logGet(43)) - raft.server.rpc.timeout.max = 1200ms (custom)
2019-08-29 11:54:34,283 [pool-389-thread-1] INFO  impl.RaftServerImpl (ServerState.java:<init>(105)) - 21c7cf7b-6251-48a4-bdb1-01914484bde5:group-C6E4A73C4023 ConfigurationManager, init=-1: [822b3223-74a0-44c8-ae72-b72e27a17b65:192.168.5.171:45414, 21c7cf7b-6251-48a4-bdb1-01914484bde5:192.168.5.171:42450, 368ac840-1874-400c-9a5e-97ce3a83695d:192.168.5.171:40345], old=null, confs=<EMPTY_MAP>
2019-08-29 11:54:34,284 [pool-399-thread-1] INFO  server.RaftServerConfigKeys (ConfUtils.java:logGet(43)) - raft.server.rpcslowness.timeout = 120s (custom)
2019-08-29 11:54:34,284 [pool-439-thread-1] INFO  impl.RaftServerImpl (RaftServerImpl.java:<init>(93)) - 822b3223-74a0-44c8-ae72-b72e27a17b65: new RaftServerImpl for group-C6E4A73C4023:[822b3223-74a0-44c8-ae72-b72e27a17b65:192.168.5.171:45414, 21c7cf7b-6251-48a4-bdb1-01914484bde5:192.168.5.171:42450, 368ac840-1874-400c-9a5e-97ce3a83695d:192.168.5.171:40345] with ContainerStateMachine:uninitialized
2019-08-29 11:54:34,284 [pool-389-thread-1] INFO  server.RaftServerConfigKeys (ConfUtils.java:logGet(43)) - raft.server.storage.dir = [/workdir/hadoop-ozone/integration-test/target/test-dir/MiniOzoneClusterImpl-16ce5ac2-d92d-4b29-933b-33d00735e97e/datanode-0/data/ratis] (custom)
2019-08-29 11:54:34,284 [pool-399-thread-1] INFO  server.RaftServerConfigKeys (ConfUtils.java:logGet(43)) - raft.server.sleep.deviation.threshold = 300 (default)
2019-08-29 11:54:34,284 [pool-439-thread-1] INFO  server.RaftServerConfigKeys (ConfUtils.java:logGet(43)) - raft.server.rpc.timeout.min = 1s (custom)
2019-08-29 11:54:34,284 [pool-399-thread-1] INFO  server.RaftServerConfigKeys (ConfUtils.java:logGet(43)) - raft.server.log.appender.install.snapshot.enabled = false (custom)
2019-08-29 11:54:34,284 [pool-389-thread-1] INFO  storage.RaftStorageDirectory (RaftStorageDirectory.java:analyzeStorage(246)) - The storage directory /workdir/hadoop-ozone/integration-test/target/test-dir/MiniOzoneClusterImpl-16ce5ac2-d92d-4b29-933b-33d00735e97e/datanode-0/data/ratis/a09c7214-0f17-4bde-9a6c-c6e4a73c4023 does not exist. Creating ...
2019-08-29 11:54:34,284 [pool-439-thread-1] INFO  server.RaftServerConfigKeys (ConfUtils.java:logGet(43)) - raft.server.rpc.timeout.max = 1200ms (custom)
2019-08-29 11:54:34,284 [pool-399-thread-1] INFO  impl.RaftServerImpl (ServerState.java:<init>(105)) - 368ac840-1874-400c-9a5e-97ce3a83695d:group-C6E4A73C4023 ConfigurationManager, init=-1: [822b3223-74a0-44c8-ae72-b72e27a17b65:192.168.5.171:45414, 21c7cf7b-6251-48a4-bdb1-01914484bde5:192.168.5.171:42450, 368ac840-1874-400c-9a5e-97ce3a83695d:192.168.5.171:40345], old=null, confs=<EMPTY_MAP>
2019-08-29 11:54:34,284 [pool-439-thread-1] INFO  server.RaftServerConfigKeys (ConfUtils.java:logGet(43)) - raft.server.rpcslowness.timeout = 120s (custom)
2019-08-29 11:54:34,284 [pool-399-thread-1] INFO  server.RaftServerConfigKeys (ConfUtils.java:logGet(43)) - raft.server.storage.dir = [/workdir/hadoop-ozone/integration-test/target/test-dir/MiniOzoneClusterImpl-16ce5ac2-d92d-4b29-933b-33d00735e97e/datanode-1/data/ratis] (custom)
2019-08-29 11:54:34,284 [pool-439-thread-1] INFO  server.RaftServerConfigKeys (ConfUtils.java:logGet(43)) - raft.server.sleep.deviation.threshold = 300 (default)
2019-08-29 11:54:34,285 [pool-439-thread-1] INFO  server.RaftServerConfigKeys (ConfUtils.java:logGet(43)) - raft.server.log.appender.install.snapshot.enabled = false (custom)
2019-08-29 11:54:34,285 [pool-399-thread-1] INFO  storage.RaftStorageDirectory (RaftStorageDirectory.java:analyzeStorage(246)) - The storage directory /workdir/hadoop-ozone/integration-test/target/test-dir/MiniOzoneClusterImpl-16ce5ac2-d92d-4b29-933b-33d00735e97e/datanode-1/data/ratis/a09c7214-0f17-4bde-9a6c-c6e4a73c4023 does not exist. Creating ...
2019-08-29 11:54:34,285 [pool-439-thread-1] INFO  impl.RaftServerImpl (ServerState.java:<init>(105)) - 822b3223-74a0-44c8-ae72-b72e27a17b65:group-C6E4A73C4023 ConfigurationManager, init=-1: [822b3223-74a0-44c8-ae72-b72e27a17b65:192.168.5.171:45414, 21c7cf7b-6251-48a4-bdb1-01914484bde5:192.168.5.171:42450, 368ac840-1874-400c-9a5e-97ce3a83695d:192.168.5.171:40345], old=null, confs=<EMPTY_MAP>
2019-08-29 11:54:34,285 [pool-439-thread-1] INFO  server.RaftServerConfigKeys (ConfUtils.java:logGet(43)) - raft.server.storage.dir = [/workdir/hadoop-ozone/integration-test/target/test-dir/MiniOzoneClusterImpl-16ce5ac2-d92d-4b29-933b-33d00735e97e/datanode-5/data/ratis] (custom)
2019-08-29 11:54:34,285 [pool-439-thread-1] INFO  storage.RaftStorageDirectory (RaftStorageDirectory.java:analyzeStorage(246)) - The storage directory /workdir/hadoop-ozone/integration-test/target/test-dir/MiniOzoneClusterImpl-16ce5ac2-d92d-4b29-933b-33d00735e97e/datanode-5/data/ratis/a09c7214-0f17-4bde-9a6c-c6e4a73c4023 does not exist. Creating ...
2019-08-29 11:54:34,292 [pool-439-thread-1] INFO  storage.RaftStorageDirectory (RaftStorageDirectory.java:tryLock(328)) - Lock on /workdir/hadoop-ozone/integration-test/target/test-dir/MiniOzoneClusterImpl-16ce5ac2-d92d-4b29-933b-33d00735e97e/datanode-5/data/ratis/a09c7214-0f17-4bde-9a6c-c6e4a73c4023/in_use.lock acquired by nodename 9018@pr-hdds-2058-gt6pm-2007824988
2019-08-29 11:54:34,292 [pool-399-thread-1] INFO  storage.RaftStorageDirectory (RaftStorageDirectory.java:tryLock(328)) - Lock on /workdir/hadoop-ozone/integration-test/target/test-dir/MiniOzoneClusterImpl-16ce5ac2-d92d-4b29-933b-33d00735e97e/datanode-1/data/ratis/a09c7214-0f17-4bde-9a6c-c6e4a73c4023/in_use.lock acquired by nodename 9018@pr-hdds-2058-gt6pm-2007824988
2019-08-29 11:54:34,292 [pool-389-thread-1] INFO  storage.RaftStorageDirectory (RaftStorageDirectory.java:tryLock(328)) - Lock on /workdir/hadoop-ozone/integration-test/target/test-dir/MiniOzoneClusterImpl-16ce5ac2-d92d-4b29-933b-33d00735e97e/datanode-0/data/ratis/a09c7214-0f17-4bde-9a6c-c6e4a73c4023/in_use.lock acquired by nodename 9018@pr-hdds-2058-gt6pm-2007824988
2019-08-29 11:54:34,306 [pool-399-thread-1] INFO  storage.RaftStorage (RaftStorage.java:format(72)) - Storage directory /workdir/hadoop-ozone/integration-test/target/test-dir/MiniOzoneClusterImpl-16ce5ac2-d92d-4b29-933b-33d00735e97e/datanode-1/data/ratis/a09c7214-0f17-4bde-9a6c-c6e4a73c4023 has been successfully formatted.
2019-08-29 11:54:34,306 [pool-439-thread-1] INFO  storage.RaftStorage (RaftStorage.java:format(72)) - Storage directory /workdir/hadoop-ozone/integration-test/target/test-dir/MiniOzoneClusterImpl-16ce5ac2-d92d-4b29-933b-33d00735e97e/datanode-5/data/ratis/a09c7214-0f17-4bde-9a6c-c6e4a73c4023 has been successfully formatted.
2019-08-29 11:54:34,306 [pool-399-thread-1] INFO  ratis.ContainerStateMachine (ContainerStateMachine.java:loadSnapshot(227)) - group-C6E4A73C4023: The snapshot info is null. Setting the last applied indexto:(t:0, i:~)
2019-08-29 11:54:34,306 [pool-389-thread-1] INFO  storage.RaftStorage (RaftStorage.java:format(72)) - Storage directory /workdir/hadoop-ozone/integration-test/target/test-dir/MiniOzoneClusterImpl-16ce5ac2-d92d-4b29-933b-33d00735e97e/datanode-0/data/ratis/a09c7214-0f17-4bde-9a6c-c6e4a73c4023 has been successfully formatted.
2019-08-29 11:54:34,306 [pool-399-thread-1] INFO  server.RaftServerConfigKeys (ConfUtils.java:logGet(43)) - raft.server.leader.election.timeout = 120s (custom)
2019-08-29 11:54:34,306 [pool-439-thread-1] INFO  ratis.ContainerStateMachine (ContainerStateMachine.java:loadSnapshot(227)) - group-C6E4A73C4023: The snapshot info is null. Setting the last applied indexto:(t:0, i:~)
2019-08-29 11:54:34,306 [pool-399-thread-1] INFO  server.RaftServerConfigKeys (ConfUtils.java:logGet(43)) - raft.server.log.use.memory = false (default)
2019-08-29 11:54:34,306 [pool-389-thread-1] INFO  ratis.ContainerStateMachine (ContainerStateMachine.java:loadSnapshot(227)) - group-C6E4A73C4023: The snapshot info is null. Setting the last applied indexto:(t:0, i:~)
2019-08-29 11:54:34,307 [pool-399-thread-1] INFO  server.RaftServerConfigKeys (ConfUtils.java:logGet(43)) - raft.server.log.purge.gap = 1000000 (custom)
2019-08-29 11:54:34,307 [pool-439-thread-1] INFO  server.RaftServerConfigKeys (ConfUtils.java:logGet(43)) - raft.server.leader.election.timeout = 120s (custom)
2019-08-29 11:54:34,307 [pool-399-thread-1] INFO  server.RaftServerConfigKeys (ConfUtils.java:logGet(43)) - raft.server.log.appender.buffer.byte-limit = 33554432 (custom)
2019-08-29 11:54:34,307 [pool-389-thread-1] INFO  server.RaftServerConfigKeys (ConfUtils.java:logGet(43)) - raft.server.leader.election.timeout = 120s (custom)
2019-08-29 11:54:34,307 [pool-399-thread-1] INFO  server.RaftServerConfigKeys (ConfUtils.java:logGet(43)) - raft.server.log.segment.size.max = 1048576 (custom)
2019-08-29 11:54:34,307 [pool-439-thread-1] INFO  server.RaftServerConfigKeys (ConfUtils.java:logGet(43)) - raft.server.log.use.memory = false (default)
2019-08-29 11:54:34,307 [pool-399-thread-1] INFO  server.RaftServerConfigKeys (ConfUtils.java:logGet(43)) - raft.server.log.segment.cache.num.max = 2 (custom)
2019-08-29 11:54:34,307 [pool-389-thread-1] INFO  server.RaftServerConfigKeys (ConfUtils.java:logGet(43)) - raft.server.log.use.memory = false (default)
2019-08-29 11:54:34,307 [pool-399-thread-1] INFO  segmented.SegmentedRaftLogWorker (SegmentedRaftLogWorker.java:<init>(172)) - new 368ac840-1874-400c-9a5e-97ce3a83695d-SegmentedRaftLogWorker:Storage Directory /workdir/hadoop-ozone/integration-test/target/test-dir/MiniOzoneClusterImpl-16ce5ac2-d92d-4b29-933b-33d00735e97e/datanode-1/data/ratis/a09c7214-0f17-4bde-9a6c-c6e4a73c4023 for RaftStorage:Storage Directory /workdir/hadoop-ozone/integration-test/target/test-dir/MiniOzoneClusterImpl-16ce5ac2-d92d-4b29-933b-33d00735e97e/datanode-1/data/ratis/a09c7214-0f17-4bde-9a6c-c6e4a73c4023
2019-08-29 11:54:34,307 [pool-439-thread-1] INFO  server.RaftServerConfigKeys (ConfUtils.java:logGet(43)) - raft.server.log.purge.gap = 1000000 (custom)
2019-08-29 11:54:34,308 [pool-399-thread-1] INFO  server.RaftServerConfigKeys (ConfUtils.java:logGet(43)) - raft.server.log.queue.byte-limit = 2147483647 (custom)
2019-08-29 11:54:34,307 [pool-389-thread-1] INFO  server.RaftServerConfigKeys (ConfUtils.java:logGet(43)) - raft.server.log.purge.gap = 1000000 (custom)
2019-08-29 11:54:34,308 [pool-399-thread-1] INFO  server.RaftServerConfigKeys (ConfUtils.java:logGet(43)) - raft.server.log.queue.element-limit = 1024 (custom)
2019-08-29 11:54:34,308 [pool-439-thread-1] INFO  server.RaftServerConfigKeys (ConfUtils.java:logGet(43)) - raft.server.log.appender.buffer.byte-limit = 33554432 (custom)
2019-08-29 11:54:34,308 [pool-399-thread-1] INFO  server.RaftServerConfigKeys (ConfUtils.java:logGet(43)) - raft.server.log.segment.size.max = 1048576 (custom)
2019-08-29 11:54:34,308 [pool-389-thread-1] INFO  server.RaftServerConfigKeys (ConfUtils.java:logGet(43)) - raft.server.log.appender.buffer.byte-limit = 33554432 (custom)
2019-08-29 11:54:34,308 [pool-399-thread-1] INFO  server.RaftServerConfigKeys (ConfUtils.java:logGet(43)) - raft.server.log.preallocated.size = 16384 (custom)
2019-08-29 11:54:34,308 [pool-439-thread-1] INFO  server.RaftServerConfigKeys (ConfUtils.java:logGet(43)) - raft.server.log.segment.size.max = 1048576 (custom)
2019-08-29 11:54:34,308 [pool-399-thread-1] INFO  server.RaftServerConfigKeys (ConfUtils.java:logGet(43)) - raft.server.log.write.buffer.size = 33554432 (custom)
2019-08-29 11:54:34,308 [pool-399-thread-1] INFO  server.RaftServerConfigKeys (ConfUtils.java:logGet(43)) - raft.server.log.force.sync.num = 128 (default)
2019-08-29 11:54:34,308 [pool-389-thread-1] INFO  server.RaftServerConfigKeys (ConfUtils.java:logGet(43)) - raft.server.log.segment.size.max = 1048576 (custom)
2019-08-29 11:54:34,309 [pool-399-thread-1] INFO  server.RaftServerConfigKeys (ConfUtils.java:logGet(43)) - raft.server.log.statemachine.data.sync = true (default)
2019-08-29 11:54:34,308 [pool-439-thread-1] INFO  server.RaftServerConfigKeys (ConfUtils.java:logGet(43)) - raft.server.log.segment.cache.num.max = 2 (custom)
2019-08-29 11:54:34,309 [pool-399-thread-1] INFO  server.RaftServerConfigKeys (ConfUtils.java:logGet(43)) - raft.server.log.statemachine.data.sync.timeout = 10s (default)
2019-08-29 11:54:34,309 [pool-389-thread-1] INFO  server.RaftServerConfigKeys (ConfUtils.java:logGet(43)) - raft.server.log.segment.cache.num.max = 2 (custom)
2019-08-29 11:54:34,309 [pool-399-thread-1] INFO  server.RaftServerConfigKeys (ConfUtils.java:logGet(43)) - raft.server.log.statemachine.data.sync.timeout.retry = -1 (default)
2019-08-29 11:54:34,309 [pool-439-thread-1] INFO  segmented.SegmentedRaftLogWorker (SegmentedRaftLogWorker.java:<init>(172)) - new 822b3223-74a0-44c8-ae72-b72e27a17b65-SegmentedRaftLogWorker:Storage Directory /workdir/hadoop-ozone/integration-test/target/test-dir/MiniOzoneClusterImpl-16ce5ac2-d92d-4b29-933b-33d00735e97e/datanode-5/data/ratis/a09c7214-0f17-4bde-9a6c-c6e4a73c4023 for RaftStorage:Storage Directory /workdir/hadoop-ozone/integration-test/target/test-dir/MiniOzoneClusterImpl-16ce5ac2-d92d-4b29-933b-33d00735e97e/datanode-5/data/ratis/a09c7214-0f17-4bde-9a6c-c6e4a73c4023
2019-08-29 11:54:34,309 [pool-399-thread-1] INFO  server.RaftServerConfigKeys (ConfUtils.java:logGet(43)) - raft.server.log.statemachine.data.caching.enabled = true (custom)
2019-08-29 11:54:34,309 [pool-389-thread-1] INFO  segmented.SegmentedRaftLogWorker (SegmentedRaftLogWorker.java:<init>(172)) - new 21c7cf7b-6251-48a4-bdb1-01914484bde5-SegmentedRaftLogWorker:Storage Directory /workdir/hadoop-ozone/integration-test/target/test-dir/MiniOzoneClusterImpl-16ce5ac2-d92d-4b29-933b-33d00735e97e/datanode-0/data/ratis/a09c7214-0f17-4bde-9a6c-c6e4a73c4023 for RaftStorage:Storage Directory /workdir/hadoop-ozone/integration-test/target/test-dir/MiniOzoneClusterImpl-16ce5ac2-d92d-4b29-933b-33d00735e97e/datanode-0/data/ratis/a09c7214-0f17-4bde-9a6c-c6e4a73c4023
2019-08-29 11:54:34,309 [pool-439-thread-1] INFO  server.RaftServerConfigKeys (ConfUtils.java:logGet(43)) - raft.server.log.queue.byte-limit = 2147483647 (custom)
2019-08-29 11:54:34,310 [pool-399-thread-1] INFO  segmented.SegmentedRaftLogWorker (SegmentedRaftLogWorker.java:lambda$new$0(132)) - 368ac840-1874-400c-9a5e-97ce3a83695d-SegmentedRaftLogWorker:Storage Directory /workdir/hadoop-ozone/integration-test/target/test-dir/MiniOzoneClusterImpl-16ce5ac2-d92d-4b29-933b-33d00735e97e/datanode-1/data/ratis/a09c7214-0f17-4bde-9a6c-c6e4a73c4023: flushIndex: setUnconditionally 0 -> -1
2019-08-29 11:54:34,310 [pool-389-thread-1] INFO  server.RaftServerConfigKeys (ConfUtils.java:logGet(43)) - raft.server.log.queue.byte-limit = 2147483647 (custom)
2019-08-29 11:54:34,310 [pool-439-thread-1] INFO  server.RaftServerConfigKeys (ConfUtils.java:logGet(43)) - raft.server.log.queue.element-limit = 1024 (custom)
2019-08-29 11:54:34,310 [pool-399-thread-1] INFO  server.RaftServerConfigKeys (ConfUtils.java:logGet(43)) - raft.server.snapshot.auto.trigger.enabled = true (custom)
2019-08-29 11:54:34,310 [pool-389-thread-1] INFO  server.RaftServerConfigKeys (ConfUtils.java:logGet(43)) - raft.server.log.queue.element-limit = 1024 (custom)
2019-08-29 11:54:34,310 [pool-399-thread-1] INFO  server.RaftServerConfigKeys (ConfUtils.java:logGet(43)) - raft.server.snapshot.auto.trigger.threshold = 10000 (custom)
2019-08-29 11:54:34,310 [pool-439-thread-1] INFO  server.RaftServerConfigKeys (ConfUtils.java:logGet(43)) - raft.server.log.segment.size.max = 1048576 (custom)
2019-08-29 11:54:34,310 [pool-399-thread-1] INFO  server.RaftServerConfigKeys (ConfUtils.java:logGet(43)) - raft.server.retrycache.expirytime = 600000ms (custom)
2019-08-29 11:54:34,310 [pool-389-thread-1] INFO  server.RaftServerConfigKeys (ConfUtils.java:logGet(43)) - raft.server.log.segment.size.max = 1048576 (custom)
2019-08-29 11:54:34,311 [pool-399-thread-1] INFO  impl.RaftServerImpl (RaftServerImpl.java:start(180)) - 368ac840-1874-400c-9a5e-97ce3a83695d: start group-C6E4A73C4023
2019-08-29 11:54:34,310 [pool-439-thread-1] INFO  server.RaftServerConfigKeys (ConfUtils.java:logGet(43)) - raft.server.log.preallocated.size = 16384 (custom)
2019-08-29 11:54:34,311 [pool-399-thread-1] INFO  impl.RaftServerImpl (RaftServerImpl.java:setRole(171)) - 368ac840-1874-400c-9a5e-97ce3a83695d:group-C6E4A73C4023 changes role from null to FOLLOWER at term 0 for startAsFollower
2019-08-29 11:54:34,311 [pool-389-thread-1] INFO  server.RaftServerConfigKeys (ConfUtils.java:logGet(43)) - raft.server.log.preallocated.size = 16384 (custom)
2019-08-29 11:54:34,311 [pool-399-thread-1] INFO  impl.RoleInfo (RoleInfo.java:updateAndGet(143)) - 368ac840-1874-400c-9a5e-97ce3a83695d: start FollowerState
2019-08-29 11:54:34,311 [pool-439-thread-1] INFO  server.RaftServerConfigKeys (ConfUtils.java:logGet(43)) - raft.server.log.write.buffer.size = 33554432 (custom)
2019-08-29 11:54:34,311 [pool-389-thread-1] INFO  server.RaftServerConfigKeys (ConfUtils.java:logGet(43)) - raft.server.log.write.buffer.size = 33554432 (custom)
2019-08-29 11:54:34,311 [pool-439-thread-1] INFO  server.RaftServerConfigKeys (ConfUtils.java:logGet(43)) - raft.server.log.force.sync.num = 128 (default)
2019-08-29 11:54:34,311 [pool-399-thread-1] INFO  util.JmxRegister (JmxRegister.java:tryRegister(44)) - Successfully registered JMX Bean with object name Ratis:service=RaftServer,group=group-C6E4A73C4023,id=368ac840-1874-400c-9a5e-97ce3a83695d
2019-08-29 11:54:34,311 [pool-389-thread-1] INFO  server.RaftServerConfigKeys (ConfUtils.java:logGet(43)) - raft.server.log.force.sync.num = 128 (default)
2019-08-29 11:54:34,311 [pool-439-thread-1] INFO  server.RaftServerConfigKeys (ConfUtils.java:logGet(43)) - raft.server.log.statemachine.data.sync = true (default)
2019-08-29 11:54:34,312 [pool-389-thread-1] INFO  server.RaftServerConfigKeys (ConfUtils.java:logGet(43)) - raft.server.log.statemachine.data.sync = true (default)
2019-08-29 11:54:34,312 [pool-439-thread-1] INFO  server.RaftServerConfigKeys (ConfUtils.java:logGet(43)) - raft.server.log.statemachine.data.sync.timeout = 10s (default)
2019-08-29 11:54:34,312 [pool-389-thread-1] INFO  server.RaftServerConfigKeys (ConfUtils.java:logGet(43)) - raft.server.log.statemachine.data.sync.timeout = 10s (default)
2019-08-29 11:54:34,312 [pool-439-thread-1] INFO  server.RaftServerConfigKeys (ConfUtils.java:logGet(43)) - raft.server.log.statemachine.data.sync.timeout.retry = -1 (default)
2019-08-29 11:54:34,312 [pool-389-thread-1] INFO  server.RaftServerConfigKeys (ConfUtils.java:logGet(43)) - raft.server.log.statemachine.data.sync.timeout.retry = -1 (default)
2019-08-29 11:54:34,312 [pool-439-thread-1] INFO  server.RaftServerConfigKeys (ConfUtils.java:logGet(43)) - raft.server.log.statemachine.data.caching.enabled = true (custom)
2019-08-29 11:54:34,312 [pool-389-thread-1] INFO  server.RaftServerConfigKeys (ConfUtils.java:logGet(43)) - raft.server.log.statemachine.data.caching.enabled = true (custom)
2019-08-29 11:54:34,312 [pool-439-thread-1] INFO  segmented.SegmentedRaftLogWorker (SegmentedRaftLogWorker.java:lambda$new$0(132)) - 822b3223-74a0-44c8-ae72-b72e27a17b65-SegmentedRaftLogWorker:Storage Directory /workdir/hadoop-ozone/integration-test/target/test-dir/MiniOzoneClusterImpl-16ce5ac2-d92d-4b29-933b-33d00735e97e/datanode-5/data/ratis/a09c7214-0f17-4bde-9a6c-c6e4a73c4023: flushIndex: setUnconditionally 0 -> -1
2019-08-29 11:54:34,312 [pool-389-thread-1] INFO  segmented.SegmentedRaftLogWorker (SegmentedRaftLogWorker.java:lambda$new$0(132)) - 21c7cf7b-6251-48a4-bdb1-01914484bde5-SegmentedRaftLogWorker:Storage Directory /workdir/hadoop-ozone/integration-test/target/test-dir/MiniOzoneClusterImpl-16ce5ac2-d92d-4b29-933b-33d00735e97e/datanode-0/data/ratis/a09c7214-0f17-4bde-9a6c-c6e4a73c4023: flushIndex: setUnconditionally 0 -> -1
2019-08-29 11:54:34,316 [pool-439-thread-1] INFO  server.RaftServerConfigKeys (ConfUtils.java:logGet(43)) - raft.server.snapshot.auto.trigger.enabled = true (custom)
2019-08-29 11:54:34,316 [pool-439-thread-1] INFO  server.RaftServerConfigKeys (ConfUtils.java:logGet(43)) - raft.server.snapshot.auto.trigger.threshold = 10000 (custom)
2019-08-29 11:54:34,316 [pool-389-thread-1] INFO  server.RaftServerConfigKeys (ConfUtils.java:logGet(43)) - raft.server.snapshot.auto.trigger.enabled = true (custom)
2019-08-29 11:54:34,316 [pool-439-thread-1] INFO  server.RaftServerConfigKeys (ConfUtils.java:logGet(43)) - raft.server.retrycache.expirytime = 600000ms (custom)
2019-08-29 11:54:34,316 [pool-389-thread-1] INFO  server.RaftServerConfigKeys (ConfUtils.java:logGet(43)) - raft.server.snapshot.auto.trigger.threshold = 10000 (custom)
2019-08-29 11:54:34,316 [pool-439-thread-1] INFO  impl.RaftServerImpl (RaftServerImpl.java:start(180)) - 822b3223-74a0-44c8-ae72-b72e27a17b65: start group-C6E4A73C4023
2019-08-29 11:54:34,316 [pool-389-thread-1] INFO  server.RaftServerConfigKeys (ConfUtils.java:logGet(43)) - raft.server.retrycache.expirytime = 600000ms (custom)
2019-08-29 11:54:34,316 [pool-439-thread-1] INFO  impl.RaftServerImpl (RaftServerImpl.java:setRole(171)) - 822b3223-74a0-44c8-ae72-b72e27a17b65:group-C6E4A73C4023 changes role from null to FOLLOWER at term 0 for startAsFollower
2019-08-29 11:54:34,316 [pool-389-thread-1] INFO  impl.RaftServerImpl (RaftServerImpl.java:start(180)) - 21c7cf7b-6251-48a4-bdb1-01914484bde5: start group-C6E4A73C4023
2019-08-29 11:54:34,316 [pool-439-thread-1] INFO  impl.RoleInfo (RoleInfo.java:updateAndGet(143)) - 822b3223-74a0-44c8-ae72-b72e27a17b65: start FollowerState
2019-08-29 11:54:34,317 [pool-389-thread-1] INFO  impl.RaftServerImpl (RaftServerImpl.java:setRole(171)) - 21c7cf7b-6251-48a4-bdb1-01914484bde5:group-C6E4A73C4023 changes role from null to FOLLOWER at term 0 for startAsFollower
2019-08-29 11:54:34,317 [pool-389-thread-1] INFO  impl.RoleInfo (RoleInfo.java:updateAndGet(143)) - 21c7cf7b-6251-48a4-bdb1-01914484bde5: start FollowerState
2019-08-29 11:54:34,317 [pool-439-thread-1] INFO  util.JmxRegister (JmxRegister.java:tryRegister(44)) - Successfully registered JMX Bean with object name Ratis:service=RaftServer,group=group-C6E4A73C4023,id=822b3223-74a0-44c8-ae72-b72e27a17b65
2019-08-29 11:54:34,317 [pool-389-thread-1] INFO  util.JmxRegister (JmxRegister.java:tryRegister(44)) - Successfully registered JMX Bean with object name Ratis:service=RaftServer,group=group-C6E4A73C4023,id=21c7cf7b-6251-48a4-bdb1-01914484bde5
2019-08-29 11:54:34,324 [RatisPipelineUtilsThread] INFO  pipeline.PipelineStateManager (PipelineStateManager.java:addPipeline(56)) - Created pipeline Pipeline[ Id: a09c7214-0f17-4bde-9a6c-c6e4a73c4023, Nodes: 21c7cf7b-6251-48a4-bdb1-01914484bde5{ip: 192.168.5.171, host: pr-hdds-2058-gt6pm-2007824988, networkLocation: /rack1, certSerialId: null}822b3223-74a0-44c8-ae72-b72e27a17b65{ip: 192.168.5.171, host: pr-hdds-2058-gt6pm-2007824988, networkLocation: /rack1, certSerialId: null}368ac840-1874-400c-9a5e-97ce3a83695d{ip: 192.168.5.171, host: pr-hdds-2058-gt6pm-2007824988, networkLocation: /rack1, certSerialId: null}, Type:RATIS, Factor:THREE, State:OPEN]
2019-08-29 11:54:34,337 [grpc-default-executor-4] INFO  impl.RaftServerProxy (RaftServerProxy.java:addNew(89)) - edbdd45e-116e-45c7-951f-264ab28d364f: addNew group-FEC9ABEF0498:[97e3324b-235f-4ceb-956e-993ee2fe234c:192.168.5.171:44511, 6997f81c-1ecf-488f-a14c-812b649ddfad:192.168.5.171:45289, edbdd45e-116e-45c7-951f-264ab28d364f:192.168.5.171:42495] returns group-FEC9ABEF0498:java.util.concurrent.CompletableFuture@12330007[Not completed]
2019-08-29 11:54:34,337 [grpc-default-executor-7] INFO  impl.RaftServerProxy (RaftServerProxy.java:addNew(89)) - 6997f81c-1ecf-488f-a14c-812b649ddfad: addNew group-FEC9ABEF0498:[97e3324b-235f-4ceb-956e-993ee2fe234c:192.168.5.171:44511, 6997f81c-1ecf-488f-a14c-812b649ddfad:192.168.5.171:45289, edbdd45e-116e-45c7-951f-264ab28d364f:192.168.5.171:42495] returns group-FEC9ABEF0498:java.util.concurrent.CompletableFuture@53f03a40[Not completed]
2019-08-29 11:54:34,337 [grpc-default-executor-10] INFO  impl.RaftServerProxy (RaftServerProxy.java:addNew(89)) - 97e3324b-235f-4ceb-956e-993ee2fe234c: addNew group-FEC9ABEF0498:[97e3324b-235f-4ceb-956e-993ee2fe234c:192.168.5.171:44511, 6997f81c-1ecf-488f-a14c-812b649ddfad:192.168.5.171:45289, edbdd45e-116e-45c7-951f-264ab28d364f:192.168.5.171:42495] returns group-FEC9ABEF0498:java.util.concurrent.CompletableFuture@43c22fbf[Not completed]
2019-08-29 11:54:34,338 [pool-449-thread-1] INFO  impl.RaftServerImpl (RaftServerImpl.java:<init>(93)) - 97e3324b-235f-4ceb-956e-993ee2fe234c: new RaftServerImpl for group-FEC9ABEF0498:[97e3324b-235f-4ceb-956e-993ee2fe234c:192.168.5.171:44511, 6997f81c-1ecf-488f-a14c-812b649ddfad:192.168.5.171:45289, edbdd45e-116e-45c7-951f-264ab28d364f:192.168.5.171:42495] with ContainerStateMachine:uninitialized
2019-08-29 11:54:34,338 [pool-449-thread-1] INFO  server.RaftServerConfigKeys (ConfUtils.java:logGet(43)) - raft.server.rpc.timeout.min = 1s (custom)
2019-08-29 11:54:34,338 [pool-449-thread-1] INFO  server.RaftServerConfigKeys (ConfUtils.java:logGet(43)) - raft.server.rpc.timeout.max = 1200ms (custom)
2019-08-29 11:54:34,339 [pool-449-thread-1] INFO  server.RaftServerConfigKeys (ConfUtils.java:logGet(43)) - raft.server.rpcslowness.timeout = 120s (custom)
2019-08-29 11:54:34,339 [pool-419-thread-1] INFO  impl.RaftServerImpl (RaftServerImpl.java:<init>(93)) - edbdd45e-116e-45c7-951f-264ab28d364f: new RaftServerImpl for group-FEC9ABEF0498:[97e3324b-235f-4ceb-956e-993ee2fe234c:192.168.5.171:44511, 6997f81c-1ecf-488f-a14c-812b649ddfad:192.168.5.171:45289, edbdd45e-116e-45c7-951f-264ab28d364f:192.168.5.171:42495] with ContainerStateMachine:uninitialized
2019-08-29 11:54:34,339 [pool-449-thread-1] INFO  server.RaftServerConfigKeys (ConfUtils.java:logGet(43)) - raft.server.sleep.deviation.threshold = 300 (default)
2019-08-29 11:54:34,339 [pool-419-thread-1] INFO  server.RaftServerConfigKeys (ConfUtils.java:logGet(43)) - raft.server.rpc.timeout.min = 1s (custom)
2019-08-29 11:54:34,339 [pool-449-thread-1] INFO  server.RaftServerConfigKeys (ConfUtils.java:logGet(43)) - raft.server.log.appender.install.snapshot.enabled = false (custom)
2019-08-29 11:54:34,339 [pool-419-thread-1] INFO  server.RaftServerConfigKeys (ConfUtils.java:logGet(43)) - raft.server.rpc.timeout.max = 1200ms (custom)
2019-08-29 11:54:34,339 [pool-459-thread-1] INFO  impl.RaftServerImpl (RaftServerImpl.java:<init>(93)) - 6997f81c-1ecf-488f-a14c-812b649ddfad: new RaftServerImpl for group-FEC9ABEF0498:[97e3324b-235f-4ceb-956e-993ee2fe234c:192.168.5.171:44511, 6997f81c-1ecf-488f-a14c-812b649ddfad:192.168.5.171:45289, edbdd45e-116e-45c7-951f-264ab28d364f:192.168.5.171:42495] with ContainerStateMachine:uninitialized
2019-08-29 11:54:34,339 [pool-449-thread-1] INFO  impl.RaftServerImpl (ServerState.java:<init>(105)) - 97e3324b-235f-4ceb-956e-993ee2fe234c:group-FEC9ABEF0498 ConfigurationManager, init=-1: [97e3324b-235f-4ceb-956e-993ee2fe234c:192.168.5.171:44511, 6997f81c-1ecf-488f-a14c-812b649ddfad:192.168.5.171:45289, edbdd45e-116e-45c7-951f-264ab28d364f:192.168.5.171:42495], old=null, confs=<EMPTY_MAP>
2019-08-29 11:54:34,339 [pool-459-thread-1] INFO  server.RaftServerConfigKeys (ConfUtils.java:logGet(43)) - raft.server.rpc.timeout.min = 1s (custom)
2019-08-29 11:54:34,339 [pool-419-thread-1] INFO  server.RaftServerConfigKeys (ConfUtils.java:logGet(43)) - raft.server.rpcslowness.timeout = 120s (custom)
2019-08-29 11:54:34,339 [pool-459-thread-1] INFO  server.RaftServerConfigKeys (ConfUtils.java:logGet(43)) - raft.server.rpc.timeout.max = 1200ms (custom)
2019-08-29 11:54:34,339 [pool-449-thread-1] INFO  server.RaftServerConfigKeys (ConfUtils.java:logGet(43)) - raft.server.storage.dir = [/workdir/hadoop-ozone/integration-test/target/test-dir/MiniOzoneClusterImpl-16ce5ac2-d92d-4b29-933b-33d00735e97e/datanode-6/data/ratis] (custom)
2019-08-29 11:54:34,339 [pool-459-thread-1] INFO  server.RaftServerConfigKeys (ConfUtils.java:logGet(43)) - raft.server.rpcslowness.timeout = 120s (custom)
2019-08-29 11:54:34,339 [pool-419-thread-1] INFO  server.RaftServerConfigKeys (ConfUtils.java:logGet(43)) - raft.server.sleep.deviation.threshold = 300 (default)
2019-08-29 11:54:34,340 [Thread-2747] INFO  impl.FollowerState (FollowerState.java:run(106)) - 0237fb14-0601-4188-bfaa-710869c5af5c:group-73233F4C92A1 changes to CANDIDATE, lastRpcTime:1126, electionTimeout:1126ms
2019-08-29 11:54:34,340 [pool-459-thread-1] INFO  server.RaftServerConfigKeys (ConfUtils.java:logGet(43)) - raft.server.sleep.deviation.threshold = 300 (default)
2019-08-29 11:54:34,340 [Thread-2747] INFO  impl.RoleInfo (RoleInfo.java:shutdownFollowerState(121)) - 0237fb14-0601-4188-bfaa-710869c5af5c: shutdown FollowerState
2019-08-29 11:54:34,340 [pool-449-thread-1] INFO  storage.RaftStorageDirectory (RaftStorageDirectory.java:analyzeStorage(246)) - The storage directory /workdir/hadoop-ozone/integration-test/target/test-dir/MiniOzoneClusterImpl-16ce5ac2-d92d-4b29-933b-33d00735e97e/datanode-6/data/ratis/cc63ca43-a1dc-4de9-a7b3-fec9abef0498 does not exist. Creating ...
2019-08-29 11:54:34,340 [pool-419-thread-1] INFO  server.RaftServerConfigKeys (ConfUtils.java:logGet(43)) - raft.server.log.appender.install.snapshot.enabled = false (custom)
2019-08-29 11:54:34,340 [Thread-2747] INFO  impl.RaftServerImpl (RaftServerImpl.java:setRole(171)) - 0237fb14-0601-4188-bfaa-710869c5af5c:group-73233F4C92A1 changes role from FOLLOWER to CANDIDATE at term 0 for changeToCandidate
2019-08-29 11:54:34,340 [pool-459-thread-1] INFO  server.RaftServerConfigKeys (ConfUtils.java:logGet(43)) - raft.server.log.appender.install.snapshot.enabled = false (custom)
2019-08-29 11:54:34,340 [Thread-2747] INFO  impl.RoleInfo (RoleInfo.java:updateAndGet(143)) - 0237fb14-0601-4188-bfaa-710869c5af5c: start LeaderElection
2019-08-29 11:54:34,340 [pool-419-thread-1] INFO  impl.RaftServerImpl (ServerState.java:<init>(105)) - edbdd45e-116e-45c7-951f-264ab28d364f:group-FEC9ABEF0498 ConfigurationManager, init=-1: [97e3324b-235f-4ceb-956e-993ee2fe234c:192.168.5.171:44511, 6997f81c-1ecf-488f-a14c-812b649ddfad:192.168.5.171:45289, edbdd45e-116e-45c7-951f-264ab28d364f:192.168.5.171:42495], old=null, confs=<EMPTY_MAP>
2019-08-29 11:54:34,340 [pool-459-thread-1] INFO  impl.RaftServerImpl (ServerState.java:<init>(105)) - 6997f81c-1ecf-488f-a14c-812b649ddfad:group-FEC9ABEF0498 ConfigurationManager, init=-1: [97e3324b-235f-4ceb-956e-993ee2fe234c:192.168.5.171:44511, 6997f81c-1ecf-488f-a14c-812b649ddfad:192.168.5.171:45289, edbdd45e-116e-45c7-951f-264ab28d364f:192.168.5.171:42495], old=null, confs=<EMPTY_MAP>
2019-08-29 11:54:34,341 [pool-419-thread-1] INFO  server.RaftServerConfigKeys (ConfUtils.java:logGet(43)) - raft.server.storage.dir = [/workdir/hadoop-ozone/integration-test/target/test-dir/MiniOzoneClusterImpl-16ce5ac2-d92d-4b29-933b-33d00735e97e/datanode-3/data/ratis] (custom)
2019-08-29 11:54:34,341 [pool-459-thread-1] INFO  server.RaftServerConfigKeys (ConfUtils.java:logGet(43)) - raft.server.storage.dir = [/workdir/hadoop-ozone/integration-test/target/test-dir/MiniOzoneClusterImpl-16ce5ac2-d92d-4b29-933b-33d00735e97e/datanode-7/data/ratis] (custom)
2019-08-29 11:54:34,343 [pool-419-thread-1] INFO  storage.RaftStorageDirectory (RaftStorageDirectory.java:analyzeStorage(246)) - The storage directory /workdir/hadoop-ozone/integration-test/target/test-dir/MiniOzoneClusterImpl-16ce5ac2-d92d-4b29-933b-33d00735e97e/datanode-3/data/ratis/cc63ca43-a1dc-4de9-a7b3-fec9abef0498 does not exist. Creating ...
2019-08-29 11:54:34,343 [pool-459-thread-1] INFO  storage.RaftStorageDirectory (RaftStorageDirectory.java:analyzeStorage(246)) - The storage directory /workdir/hadoop-ozone/integration-test/target/test-dir/MiniOzoneClusterImpl-16ce5ac2-d92d-4b29-933b-33d00735e97e/datanode-7/data/ratis/cc63ca43-a1dc-4de9-a7b3-fec9abef0498 does not exist. Creating ...
2019-08-29 11:54:34,357 [pool-449-thread-1] INFO  storage.RaftStorageDirectory (RaftStorageDirectory.java:tryLock(328)) - Lock on /workdir/hadoop-ozone/integration-test/target/test-dir/MiniOzoneClusterImpl-16ce5ac2-d92d-4b29-933b-33d00735e97e/datanode-6/data/ratis/cc63ca43-a1dc-4de9-a7b3-fec9abef0498/in_use.lock acquired by nodename 9018@pr-hdds-2058-gt6pm-2007824988
2019-08-29 11:54:34,357 [0237fb14-0601-4188-bfaa-710869c5af5c:group-73233F4C92A1:LeaderElection118] INFO  impl.LeaderElection (LeaderElection.java:askForVotes(181)) - 0237fb14-0601-4188-bfaa-710869c5af5c:group-73233F4C92A1:LeaderElection118: begin an election at term 1 for -1: [0237fb14-0601-4188-bfaa-710869c5af5c:192.168.5.171:34413], old=null
2019-08-29 11:54:34,357 [pool-459-thread-1] INFO  storage.RaftStorageDirectory (RaftStorageDirectory.java:tryLock(328)) - Lock on /workdir/hadoop-ozone/integration-test/target/test-dir/MiniOzoneClusterImpl-16ce5ac2-d92d-4b29-933b-33d00735e97e/datanode-7/data/ratis/cc63ca43-a1dc-4de9-a7b3-fec9abef0498/in_use.lock acquired by nodename 9018@pr-hdds-2058-gt6pm-2007824988
2019-08-29 11:54:34,357 [pool-419-thread-1] INFO  storage.RaftStorageDirectory (RaftStorageDirectory.java:tryLock(328)) - Lock on /workdir/hadoop-ozone/integration-test/target/test-dir/MiniOzoneClusterImpl-16ce5ac2-d92d-4b29-933b-33d00735e97e/datanode-3/data/ratis/cc63ca43-a1dc-4de9-a7b3-fec9abef0498/in_use.lock acquired by nodename 9018@pr-hdds-2058-gt6pm-2007824988
2019-08-29 11:54:34,358 [0237fb14-0601-4188-bfaa-710869c5af5c:group-73233F4C92A1:LeaderElection118] INFO  impl.RoleInfo (RoleInfo.java:shutdownLeaderElection(134)) - 0237fb14-0601-4188-bfaa-710869c5af5c: shutdown LeaderElection
2019-08-29 11:54:34,358 [0237fb14-0601-4188-bfaa-710869c5af5c:group-73233F4C92A1:LeaderElection118] INFO  impl.RaftServerImpl (RaftServerImpl.java:setRole(171)) - 0237fb14-0601-4188-bfaa-710869c5af5c:group-73233F4C92A1 changes role from CANDIDATE to LEADER at term 1 for changeToLeader
2019-08-29 11:54:34,358 [0237fb14-0601-4188-bfaa-710869c5af5c:group-73233F4C92A1:LeaderElection118] INFO  impl.RaftServerImpl (ServerState.java:setLeader(263)) - 0237fb14-0601-4188-bfaa-710869c5af5c:group-73233F4C92A1 change Leader from null to 0237fb14-0601-4188-bfaa-710869c5af5c at term 1 for becomeLeader, leader elected after 1147ms
2019-08-29 11:54:34,358 [0237fb14-0601-4188-bfaa-710869c5af5c:group-73233F4C92A1:LeaderElection118] INFO  server.RaftServerConfigKeys (ConfUtils.java:logGet(43)) - raft.server.staging.catchup.gap = 1000 (default)
2019-08-29 11:54:34,358 [0237fb14-0601-4188-bfaa-710869c5af5c:group-73233F4C92A1:LeaderElection118] INFO  server.RaftServerConfigKeys (ConfUtils.java:logGet(43)) - raft.server.rpc.sleep.time = 25ms (default)
2019-08-29 11:54:34,358 [0237fb14-0601-4188-bfaa-710869c5af5c:group-73233F4C92A1:LeaderElection118] INFO  server.RaftServerConfigKeys (ConfUtils.java:logGet(43)) - raft.server.write.element-limit = 4096 (default)
2019-08-29 11:54:34,358 [0237fb14-0601-4188-bfaa-710869c5af5c:group-73233F4C92A1:LeaderElection118] INFO  server.RaftServerConfigKeys (ConfUtils.java:logGet(43)) - raft.server.watch.timeout = 10s (default)
2019-08-29 11:54:34,359 [0237fb14-0601-4188-bfaa-710869c5af5c:group-73233F4C92A1:LeaderElection118] INFO  server.RaftServerConfigKeys (ConfUtils.java:logGet(43)) - raft.server.watch.timeout.denomination = 1s (default)
2019-08-29 11:54:34,359 [0237fb14-0601-4188-bfaa-710869c5af5c:group-73233F4C92A1:LeaderElection118] INFO  server.RaftServerConfigKeys (ConfUtils.java:logGet(43)) - raft.server.watch.element-limit = 65536 (default)
2019-08-29 11:54:34,359 [0237fb14-0601-4188-bfaa-710869c5af5c:group-73233F4C92A1:LeaderElection118] INFO  impl.RoleInfo (RoleInfo.java:updateAndGet(143)) - 0237fb14-0601-4188-bfaa-710869c5af5c: start LeaderState
2019-08-29 11:54:34,359 [0237fb14-0601-4188-bfaa-710869c5af5c:group-73233F4C92A1:LeaderElection118] INFO  segmented.SegmentedRaftLogWorker (SegmentedRaftLogWorker.java:startLogSegment(380)) - 0237fb14-0601-4188-bfaa-710869c5af5c-SegmentedRaftLogWorker:Storage Directory /workdir/hadoop-ozone/integration-test/target/test-dir/MiniOzoneClusterImpl-16ce5ac2-d92d-4b29-933b-33d00735e97e/datanode-4/data/ratis/dacf4f1f-1126-4fe4-81eb-73233f4c92a1: Starting segment from index:0
2019-08-29 11:54:34,359 [0237fb14-0601-4188-bfaa-710869c5af5c:group-73233F4C92A1:LeaderElection118] INFO  impl.RaftServerImpl (ServerState.java:setRaftConf(361)) - 0237fb14-0601-4188-bfaa-710869c5af5c:group-73233F4C92A1 set configuration 0: [0237fb14-0601-4188-bfaa-710869c5af5c:192.168.5.171:34413], old=null at 0
2019-08-29 11:54:34,386 [Thread-2753] INFO  impl.FollowerState (FollowerState.java:run(106)) - 822b3223-74a0-44c8-ae72-b72e27a17b65:group-1690B3800CC1 changes to CANDIDATE, lastRpcTime:1045, electionTimeout:1044ms
2019-08-29 11:54:34,386 [pool-419-thread-1] INFO  storage.RaftStorage (RaftStorage.java:format(72)) - Storage directory /workdir/hadoop-ozone/integration-test/target/test-dir/MiniOzoneClusterImpl-16ce5ac2-d92d-4b29-933b-33d00735e97e/datanode-3/data/ratis/cc63ca43-a1dc-4de9-a7b3-fec9abef0498 has been successfully formatted.
2019-08-29 11:54:34,386 [pool-449-thread-1] INFO  storage.RaftStorage (RaftStorage.java:format(72)) - Storage directory /workdir/hadoop-ozone/integration-test/target/test-dir/MiniOzoneClusterImpl-16ce5ac2-d92d-4b29-933b-33d00735e97e/datanode-6/data/ratis/cc63ca43-a1dc-4de9-a7b3-fec9abef0498 has been successfully formatted.
2019-08-29 11:54:34,386 [pool-419-thread-1] INFO  ratis.ContainerStateMachine (ContainerStateMachine.java:loadSnapshot(227)) - group-FEC9ABEF0498: The snapshot info is null. Setting the last applied indexto:(t:0, i:~)
2019-08-29 11:54:34,386 [Thread-2753] INFO  impl.RoleInfo (RoleInfo.java:shutdownFollowerState(121)) - 822b3223-74a0-44c8-ae72-b72e27a17b65: shutdown FollowerState
2019-08-29 11:54:34,387 [Thread-2753] INFO  impl.RaftServerImpl (RaftServerImpl.java:setRole(171)) - 822b3223-74a0-44c8-ae72-b72e27a17b65:group-1690B3800CC1 changes role from FOLLOWER to CANDIDATE at term 0 for changeToCandidate
2019-08-29 11:54:34,386 [pool-459-thread-1] INFO  storage.RaftStorage (RaftStorage.java:format(72)) - Storage directory /workdir/hadoop-ozone/integration-test/target/test-dir/MiniOzoneClusterImpl-16ce5ac2-d92d-4b29-933b-33d00735e97e/datanode-7/data/ratis/cc63ca43-a1dc-4de9-a7b3-fec9abef0498 has been successfully formatted.
2019-08-29 11:54:34,387 [Thread-2753] INFO  impl.RoleInfo (RoleInfo.java:updateAndGet(143)) - 822b3223-74a0-44c8-ae72-b72e27a17b65: start LeaderElection
2019-08-29 11:54:34,387 [pool-449-thread-1] INFO  ratis.ContainerStateMachine (ContainerStateMachine.java:loadSnapshot(227)) - group-FEC9ABEF0498: The snapshot info is null. Setting the last applied indexto:(t:0, i:~)
2019-08-29 11:54:34,387 [pool-419-thread-1] INFO  server.RaftServerConfigKeys (ConfUtils.java:logGet(43)) - raft.server.leader.election.timeout = 120s (custom)
2019-08-29 11:54:34,387 [pool-449-thread-1] INFO  server.RaftServerConfigKeys (ConfUtils.java:logGet(43)) - raft.server.leader.election.timeout = 120s (custom)
2019-08-29 11:54:34,389 [pool-449-thread-1] INFO  server.RaftServerConfigKeys (ConfUtils.java:logGet(43)) - raft.server.log.use.memory = false (default)
2019-08-29 11:54:34,387 [pool-459-thread-1] INFO  ratis.ContainerStateMachine (ContainerStateMachine.java:loadSnapshot(227)) - group-FEC9ABEF0498: The snapshot info is null. Setting the last applied indexto:(t:0, i:~)
2019-08-29 11:54:34,389 [pool-449-thread-1] INFO  server.RaftServerConfigKeys (ConfUtils.java:logGet(43)) - raft.server.log.purge.gap = 1000000 (custom)
2019-08-29 11:54:34,389 [pool-419-thread-1] INFO  server.RaftServerConfigKeys (ConfUtils.java:logGet(43)) - raft.server.log.use.memory = false (default)
2019-08-29 11:54:34,390 [pool-449-thread-1] INFO  server.RaftServerConfigKeys (ConfUtils.java:logGet(43)) - raft.server.log.appender.buffer.byte-limit = 33554432 (custom)
2019-08-29 11:54:34,390 [pool-459-thread-1] INFO  server.RaftServerConfigKeys (ConfUtils.java:logGet(43)) - raft.server.leader.election.timeout = 120s (custom)
2019-08-29 11:54:34,390 [pool-449-thread-1] INFO  server.RaftServerConfigKeys (ConfUtils.java:logGet(43)) - raft.server.log.segment.size.max = 1048576 (custom)
2019-08-29 11:54:34,390 [pool-419-thread-1] INFO  server.RaftServerConfigKeys (ConfUtils.java:logGet(43)) - raft.server.log.purge.gap = 1000000 (custom)
2019-08-29 11:54:34,390 [pool-449-thread-1] INFO  server.RaftServerConfigKeys (ConfUtils.java:logGet(43)) - raft.server.log.segment.cache.num.max = 2 (custom)
2019-08-29 11:54:34,390 [pool-459-thread-1] INFO  server.RaftServerConfigKeys (ConfUtils.java:logGet(43)) - raft.server.log.use.memory = false (default)
2019-08-29 11:54:34,390 [pool-449-thread-1] INFO  segmented.SegmentedRaftLogWorker (SegmentedRaftLogWorker.java:<init>(172)) - new 97e3324b-235f-4ceb-956e-993ee2fe234c-SegmentedRaftLogWorker:Storage Directory /workdir/hadoop-ozone/integration-test/target/test-dir/MiniOzoneClusterImpl-16ce5ac2-d92d-4b29-933b-33d00735e97e/datanode-6/data/ratis/cc63ca43-a1dc-4de9-a7b3-fec9abef0498 for RaftStorage:Storage Directory /workdir/hadoop-ozone/integration-test/target/test-dir/MiniOzoneClusterImpl-16ce5ac2-d92d-4b29-933b-33d00735e97e/datanode-6/data/ratis/cc63ca43-a1dc-4de9-a7b3-fec9abef0498
2019-08-29 11:54:34,390 [pool-419-thread-1] INFO  server.RaftServerConfigKeys (ConfUtils.java:logGet(43)) - raft.server.log.appender.buffer.byte-limit = 33554432 (custom)
2019-08-29 11:54:34,391 [pool-449-thread-1] INFO  server.RaftServerConfigKeys (ConfUtils.java:logGet(43)) - raft.server.log.queue.byte-limit = 2147483647 (custom)
2019-08-29 11:54:34,390 [pool-459-thread-1] INFO  server.RaftServerConfigKeys (ConfUtils.java:logGet(43)) - raft.server.log.purge.gap = 1000000 (custom)
2019-08-29 11:54:34,391 [pool-449-thread-1] INFO  server.RaftServerConfigKeys (ConfUtils.java:logGet(43)) - raft.server.log.queue.element-limit = 1024 (custom)
2019-08-29 11:54:34,391 [pool-419-thread-1] INFO  server.RaftServerConfigKeys (ConfUtils.java:logGet(43)) - raft.server.log.segment.size.max = 1048576 (custom)
2019-08-29 11:54:34,391 [pool-449-thread-1] INFO  server.RaftServerConfigKeys (ConfUtils.java:logGet(43)) - raft.server.log.segment.size.max = 1048576 (custom)
2019-08-29 11:54:34,391 [pool-459-thread-1] INFO  server.RaftServerConfigKeys (ConfUtils.java:logGet(43)) - raft.server.log.appender.buffer.byte-limit = 33554432 (custom)
2019-08-29 11:54:34,391 [pool-449-thread-1] INFO  server.RaftServerConfigKeys (ConfUtils.java:logGet(43)) - raft.server.log.preallocated.size = 16384 (custom)
2019-08-29 11:54:34,391 [pool-419-thread-1] INFO  server.RaftServerConfigKeys (ConfUtils.java:logGet(43)) - raft.server.log.segment.cache.num.max = 2 (custom)
2019-08-29 11:54:34,391 [pool-449-thread-1] INFO  server.RaftServerConfigKeys (ConfUtils.java:logGet(43)) - raft.server.log.write.buffer.size = 33554432 (custom)
2019-08-29 11:54:34,391 [pool-459-thread-1] INFO  server.RaftServerConfigKeys (ConfUtils.java:logGet(43)) - raft.server.log.segment.size.max = 1048576 (custom)
2019-08-29 11:54:34,391 [pool-449-thread-1] INFO  server.RaftServerConfigKeys (ConfUtils.java:logGet(43)) - raft.server.log.force.sync.num = 128 (default)
2019-08-29 11:54:34,391 [pool-419-thread-1] INFO  segmented.SegmentedRaftLogWorker (SegmentedRaftLogWorker.java:<init>(172)) - new edbdd45e-116e-45c7-951f-264ab28d364f-SegmentedRaftLogWorker:Storage Directory /workdir/hadoop-ozone/integration-test/target/test-dir/MiniOzoneClusterImpl-16ce5ac2-d92d-4b29-933b-33d00735e97e/datanode-3/data/ratis/cc63ca43-a1dc-4de9-a7b3-fec9abef0498 for RaftStorage:Storage Directory /workdir/hadoop-ozone/integration-test/target/test-dir/MiniOzoneClusterImpl-16ce5ac2-d92d-4b29-933b-33d00735e97e/datanode-3/data/ratis/cc63ca43-a1dc-4de9-a7b3-fec9abef0498
2019-08-29 11:54:34,392 [pool-449-thread-1] INFO  server.RaftServerConfigKeys (ConfUtils.java:logGet(43)) - raft.server.log.statemachine.data.sync = true (default)
2019-08-29 11:54:34,391 [pool-459-thread-1] INFO  server.RaftServerConfigKeys (ConfUtils.java:logGet(43)) - raft.server.log.segment.cache.num.max = 2 (custom)
2019-08-29 11:54:34,392 [pool-449-thread-1] INFO  server.RaftServerConfigKeys (ConfUtils.java:logGet(43)) - raft.server.log.statemachine.data.sync.timeout = 10s (default)
2019-08-29 11:54:34,392 [pool-419-thread-1] INFO  server.RaftServerConfigKeys (ConfUtils.java:logGet(43)) - raft.server.log.queue.byte-limit = 2147483647 (custom)
2019-08-29 11:54:34,392 [pool-449-thread-1] INFO  server.RaftServerConfigKeys (ConfUtils.java:logGet(43)) - raft.server.log.statemachine.data.sync.timeout.retry = -1 (default)
2019-08-29 11:54:34,392 [pool-459-thread-1] INFO  segmented.SegmentedRaftLogWorker (SegmentedRaftLogWorker.java:<init>(172)) - new 6997f81c-1ecf-488f-a14c-812b649ddfad-SegmentedRaftLogWorker:Storage Directory /workdir/hadoop-ozone/integration-test/target/test-dir/MiniOzoneClusterImpl-16ce5ac2-d92d-4b29-933b-33d00735e97e/datanode-7/data/ratis/cc63ca43-a1dc-4de9-a7b3-fec9abef0498 for RaftStorage:Storage Directory /workdir/hadoop-ozone/integration-test/target/test-dir/MiniOzoneClusterImpl-16ce5ac2-d92d-4b29-933b-33d00735e97e/datanode-7/data/ratis/cc63ca43-a1dc-4de9-a7b3-fec9abef0498
2019-08-29 11:54:34,392 [pool-449-thread-1] INFO  server.RaftServerConfigKeys (ConfUtils.java:logGet(43)) - raft.server.log.statemachine.data.caching.enabled = true (custom)
2019-08-29 11:54:34,392 [pool-419-thread-1] INFO  server.RaftServerConfigKeys (ConfUtils.java:logGet(43)) - raft.server.log.queue.element-limit = 1024 (custom)
2019-08-29 11:54:34,392 [pool-459-thread-1] INFO  server.RaftServerConfigKeys (ConfUtils.java:logGet(43)) - raft.server.log.queue.byte-limit = 2147483647 (custom)
2019-08-29 11:54:34,393 [pool-419-thread-1] INFO  server.RaftServerConfigKeys (ConfUtils.java:logGet(43)) - raft.server.log.segment.size.max = 1048576 (custom)
2019-08-29 11:54:34,393 [pool-449-thread-1] INFO  segmented.SegmentedRaftLogWorker (SegmentedRaftLogWorker.java:lambda$new$0(132)) - 97e3324b-235f-4ceb-956e-993ee2fe234c-SegmentedRaftLogWorker:Storage Directory /workdir/hadoop-ozone/integration-test/target/test-dir/MiniOzoneClusterImpl-16ce5ac2-d92d-4b29-933b-33d00735e97e/datanode-6/data/ratis/cc63ca43-a1dc-4de9-a7b3-fec9abef0498: flushIndex: setUnconditionally 0 -> -1
2019-08-29 11:54:34,393 [pool-419-thread-1] INFO  server.RaftServerConfigKeys (ConfUtils.java:logGet(43)) - raft.server.log.preallocated.size = 16384 (custom)
2019-08-29 11:54:34,393 [pool-459-thread-1] INFO  server.RaftServerConfigKeys (ConfUtils.java:logGet(43)) - raft.server.log.queue.element-limit = 1024 (custom)
2019-08-29 11:54:34,393 [pool-449-thread-1] INFO  server.RaftServerConfigKeys (ConfUtils.java:logGet(43)) - raft.server.snapshot.auto.trigger.enabled = true (custom)
2019-08-29 11:54:34,393 [pool-419-thread-1] INFO  server.RaftServerConfigKeys (ConfUtils.java:logGet(43)) - raft.server.log.write.buffer.size = 33554432 (custom)
2019-08-29 11:54:34,393 [pool-449-thread-1] INFO  server.RaftServerConfigKeys (ConfUtils.java:logGet(43)) - raft.server.snapshot.auto.trigger.threshold = 10000 (custom)
2019-08-29 11:54:34,393 [pool-459-thread-1] INFO  server.RaftServerConfigKeys (ConfUtils.java:logGet(43)) - raft.server.log.segment.size.max = 1048576 (custom)
2019-08-29 11:54:34,393 [pool-449-thread-1] INFO  server.RaftServerConfigKeys (ConfUtils.java:logGet(43)) - raft.server.retrycache.expirytime = 600000ms (custom)
2019-08-29 11:54:34,393 [pool-419-thread-1] INFO  server.RaftServerConfigKeys (ConfUtils.java:logGet(43)) - raft.server.log.force.sync.num = 128 (default)
2019-08-29 11:54:34,393 [pool-449-thread-1] INFO  impl.RaftServerImpl (RaftServerImpl.java:start(180)) - 97e3324b-235f-4ceb-956e-993ee2fe234c: start group-FEC9ABEF0498
2019-08-29 11:54:34,393 [pool-459-thread-1] INFO  server.RaftServerConfigKeys (ConfUtils.java:logGet(43)) - raft.server.log.preallocated.size = 16384 (custom)
2019-08-29 11:54:34,394 [pool-449-thread-1] INFO  impl.RaftServerImpl (RaftServerImpl.java:setRole(171)) - 97e3324b-235f-4ceb-956e-993ee2fe234c:group-FEC9ABEF0498 changes role from null to FOLLOWER at term 0 for startAsFollower
2019-08-29 11:54:34,393 [pool-419-thread-1] INFO  server.RaftServerConfigKeys (ConfUtils.java:logGet(43)) - raft.server.log.statemachine.data.sync = true (default)
2019-08-29 11:54:34,394 [pool-449-thread-1] INFO  impl.RoleInfo (RoleInfo.java:updateAndGet(143)) - 97e3324b-235f-4ceb-956e-993ee2fe234c: start FollowerState
2019-08-29 11:54:34,394 [pool-459-thread-1] INFO  server.RaftServerConfigKeys (ConfUtils.java:logGet(43)) - raft.server.log.write.buffer.size = 33554432 (custom)
2019-08-29 11:54:34,394 [pool-419-thread-1] INFO  server.RaftServerConfigKeys (ConfUtils.java:logGet(43)) - raft.server.log.statemachine.data.sync.timeout = 10s (default)
2019-08-29 11:54:34,394 [pool-459-thread-1] INFO  server.RaftServerConfigKeys (ConfUtils.java:logGet(43)) - raft.server.log.force.sync.num = 128 (default)
2019-08-29 11:54:34,394 [pool-449-thread-1] INFO  util.JmxRegister (JmxRegister.java:tryRegister(44)) - Successfully registered JMX Bean with object name Ratis:service=RaftServer,group=group-FEC9ABEF0498,id=97e3324b-235f-4ceb-956e-993ee2fe234c
2019-08-29 11:54:34,394 [pool-419-thread-1] INFO  server.RaftServerConfigKeys (ConfUtils.java:logGet(43)) - raft.server.log.statemachine.data.sync.timeout.retry = -1 (default)
2019-08-29 11:54:34,394 [pool-459-thread-1] INFO  server.RaftServerConfigKeys (ConfUtils.java:logGet(43)) - raft.server.log.statemachine.data.sync = true (default)
2019-08-29 11:54:34,394 [pool-419-thread-1] INFO  server.RaftServerConfigKeys (ConfUtils.java:logGet(43)) - raft.server.log.statemachine.data.caching.enabled = true (custom)
2019-08-29 11:54:34,394 [pool-459-thread-1] INFO  server.RaftServerConfigKeys (ConfUtils.java:logGet(43)) - raft.server.log.statemachine.data.sync.timeout = 10s (default)
2019-08-29 11:54:34,395 [pool-459-thread-1] INFO  server.RaftServerConfigKeys (ConfUtils.java:logGet(43)) - raft.server.log.statemachine.data.sync.timeout.retry = -1 (default)
2019-08-29 11:54:34,395 [pool-419-thread-1] INFO  segmented.SegmentedRaftLogWorker (SegmentedRaftLogWorker.java:lambda$new$0(132)) - edbdd45e-116e-45c7-951f-264ab28d364f-SegmentedRaftLogWorker:Storage Directory /workdir/hadoop-ozone/integration-test/target/test-dir/MiniOzoneClusterImpl-16ce5ac2-d92d-4b29-933b-33d00735e97e/datanode-3/data/ratis/cc63ca43-a1dc-4de9-a7b3-fec9abef0498: flushIndex: setUnconditionally 0 -> -1
2019-08-29 11:54:34,395 [pool-459-thread-1] INFO  server.RaftServerConfigKeys (ConfUtils.java:logGet(43)) - raft.server.log.statemachine.data.caching.enabled = true (custom)
2019-08-29 11:54:34,395 [pool-419-thread-1] INFO  server.RaftServerConfigKeys (ConfUtils.java:logGet(43)) - raft.server.snapshot.auto.trigger.enabled = true (custom)
2019-08-29 11:54:34,395 [pool-459-thread-1] INFO  segmented.SegmentedRaftLogWorker (SegmentedRaftLogWorker.java:lambda$new$0(132)) - 6997f81c-1ecf-488f-a14c-812b649ddfad-SegmentedRaftLogWorker:Storage Directory /workdir/hadoop-ozone/integration-test/target/test-dir/MiniOzoneClusterImpl-16ce5ac2-d92d-4b29-933b-33d00735e97e/datanode-7/data/ratis/cc63ca43-a1dc-4de9-a7b3-fec9abef0498: flushIndex: setUnconditionally 0 -> -1
2019-08-29 11:54:34,395 [pool-419-thread-1] INFO  server.RaftServerConfigKeys (ConfUtils.java:logGet(43)) - raft.server.snapshot.auto.trigger.threshold = 10000 (custom)
2019-08-29 11:54:34,398 [pool-459-thread-1] INFO  server.RaftServerConfigKeys (ConfUtils.java:logGet(43)) - raft.server.snapshot.auto.trigger.enabled = true (custom)
2019-08-29 11:54:34,398 [pool-419-thread-1] INFO  server.RaftServerConfigKeys (ConfUtils.java:logGet(43)) - raft.server.retrycache.expirytime = 600000ms (custom)
2019-08-29 11:54:34,398 [pool-459-thread-1] INFO  server.RaftServerConfigKeys (ConfUtils.java:logGet(43)) - raft.server.snapshot.auto.trigger.threshold = 10000 (custom)
2019-08-29 11:54:34,398 [pool-419-thread-1] INFO  impl.RaftServerImpl (RaftServerImpl.java:start(180)) - edbdd45e-116e-45c7-951f-264ab28d364f: start group-FEC9ABEF0498
2019-08-29 11:54:34,398 [pool-459-thread-1] INFO  server.RaftServerConfigKeys (ConfUtils.java:logGet(43)) - raft.server.retrycache.expirytime = 600000ms (custom)
2019-08-29 11:54:34,398 [pool-419-thread-1] INFO  impl.RaftServerImpl (RaftServerImpl.java:setRole(171)) - edbdd45e-116e-45c7-951f-264ab28d364f:group-FEC9ABEF0498 changes role from null to FOLLOWER at term 0 for startAsFollower
2019-08-29 11:54:34,398 [pool-459-thread-1] INFO  impl.RaftServerImpl (RaftServerImpl.java:start(180)) - 6997f81c-1ecf-488f-a14c-812b649ddfad: start group-FEC9ABEF0498
2019-08-29 11:54:34,398 [pool-419-thread-1] INFO  impl.RoleInfo (RoleInfo.java:updateAndGet(143)) - edbdd45e-116e-45c7-951f-264ab28d364f: start FollowerState
2019-08-29 11:54:34,398 [pool-459-thread-1] INFO  impl.RaftServerImpl (RaftServerImpl.java:setRole(171)) - 6997f81c-1ecf-488f-a14c-812b649ddfad:group-FEC9ABEF0498 changes role from null to FOLLOWER at term 0 for startAsFollower
2019-08-29 11:54:34,398 [pool-459-thread-1] INFO  impl.RoleInfo (RoleInfo.java:updateAndGet(143)) - 6997f81c-1ecf-488f-a14c-812b649ddfad: start FollowerState
2019-08-29 11:54:34,399 [pool-419-thread-1] INFO  util.JmxRegister (JmxRegister.java:tryRegister(44)) - Successfully registered JMX Bean with object name Ratis:service=RaftServer,group=group-FEC9ABEF0498,id=edbdd45e-116e-45c7-951f-264ab28d364f
2019-08-29 11:54:34,399 [pool-459-thread-1] INFO  util.JmxRegister (JmxRegister.java:tryRegister(44)) - Successfully registered JMX Bean with object name Ratis:service=RaftServer,group=group-FEC9ABEF0498,id=6997f81c-1ecf-488f-a14c-812b649ddfad
2019-08-29 11:54:34,403 [RatisPipelineUtilsThread] INFO  pipeline.PipelineStateManager (PipelineStateManager.java:addPipeline(56)) - Created pipeline Pipeline[ Id: cc63ca43-a1dc-4de9-a7b3-fec9abef0498, Nodes: 6997f81c-1ecf-488f-a14c-812b649ddfad{ip: 192.168.5.171, host: pr-hdds-2058-gt6pm-2007824988, networkLocation: /rack1, certSerialId: null}edbdd45e-116e-45c7-951f-264ab28d364f{ip: 192.168.5.171, host: pr-hdds-2058-gt6pm-2007824988, networkLocation: /rack1, certSerialId: null}97e3324b-235f-4ceb-956e-993ee2fe234c{ip: 192.168.5.171, host: pr-hdds-2058-gt6pm-2007824988, networkLocation: /rack1, certSerialId: null}, Type:RATIS, Factor:THREE, State:OPEN]
2019-08-29 11:54:34,410 [0237fb14-0601-4188-bfaa-710869c5af5c-SegmentedRaftLogWorker:Storage Directory /workdir/hadoop-ozone/integration-test/target/test-dir/MiniOzoneClusterImpl-16ce5ac2-d92d-4b29-933b-33d00735e97e/datanode-4/data/ratis/dacf4f1f-1126-4fe4-81eb-73233f4c92a1] INFO  segmented.SegmentedRaftLogWorker (SegmentedRaftLogWorker.java:execute(569)) - 0237fb14-0601-4188-bfaa-710869c5af5c-SegmentedRaftLogWorker:Storage Directory /workdir/hadoop-ozone/integration-test/target/test-dir/MiniOzoneClusterImpl-16ce5ac2-d92d-4b29-933b-33d00735e97e/datanode-4/data/ratis/dacf4f1f-1126-4fe4-81eb-73233f4c92a1: created new log segment /workdir/hadoop-ozone/integration-test/target/test-dir/MiniOzoneClusterImpl-16ce5ac2-d92d-4b29-933b-33d00735e97e/datanode-4/data/ratis/dacf4f1f-1126-4fe4-81eb-73233f4c92a1/current/log_inprogress_0
2019-08-29 11:54:34,410 [822b3223-74a0-44c8-ae72-b72e27a17b65:group-1690B3800CC1:LeaderElection119] INFO  impl.LeaderElection (LeaderElection.java:askForVotes(181)) - 822b3223-74a0-44c8-ae72-b72e27a17b65:group-1690B3800CC1:LeaderElection119: begin an election at term 1 for -1: [822b3223-74a0-44c8-ae72-b72e27a17b65:192.168.5.171:45414], old=null
2019-08-29 11:54:34,410 [822b3223-74a0-44c8-ae72-b72e27a17b65:group-1690B3800CC1:LeaderElection119] INFO  impl.RoleInfo (RoleInfo.java:shutdownLeaderElection(134)) - 822b3223-74a0-44c8-ae72-b72e27a17b65: shutdown LeaderElection
2019-08-29 11:54:34,410 [822b3223-74a0-44c8-ae72-b72e27a17b65:group-1690B3800CC1:LeaderElection119] INFO  impl.RaftServerImpl (RaftServerImpl.java:setRole(171)) - 822b3223-74a0-44c8-ae72-b72e27a17b65:group-1690B3800CC1 changes role from CANDIDATE to LEADER at term 1 for changeToLeader
2019-08-29 11:54:34,410 [822b3223-74a0-44c8-ae72-b72e27a17b65:group-1690B3800CC1:LeaderElection119] INFO  impl.RaftServerImpl (ServerState.java:setLeader(263)) - 822b3223-74a0-44c8-ae72-b72e27a17b65:group-1690B3800CC1 change Leader from null to 822b3223-74a0-44c8-ae72-b72e27a17b65 at term 1 for becomeLeader, leader elected after 1073ms
2019-08-29 11:54:34,410 [822b3223-74a0-44c8-ae72-b72e27a17b65:group-1690B3800CC1:LeaderElection119] INFO  server.RaftServerConfigKeys (ConfUtils.java:logGet(43)) - raft.server.staging.catchup.gap = 1000 (default)
2019-08-29 11:54:34,410 [822b3223-74a0-44c8-ae72-b72e27a17b65:group-1690B3800CC1:LeaderElection119] INFO  server.RaftServerConfigKeys (ConfUtils.java:logGet(43)) - raft.server.rpc.sleep.time = 25ms (default)
2019-08-29 11:54:34,411 [822b3223-74a0-44c8-ae72-b72e27a17b65:group-1690B3800CC1:LeaderElection119] INFO  server.RaftServerConfigKeys (ConfUtils.java:logGet(43)) - raft.server.write.element-limit = 4096 (default)
2019-08-29 11:54:34,411 [822b3223-74a0-44c8-ae72-b72e27a17b65:group-1690B3800CC1:LeaderElection119] INFO  server.RaftServerConfigKeys (ConfUtils.java:logGet(43)) - raft.server.watch.timeout = 10s (default)
2019-08-29 11:54:34,411 [822b3223-74a0-44c8-ae72-b72e27a17b65:group-1690B3800CC1:LeaderElection119] INFO  server.RaftServerConfigKeys (ConfUtils.java:logGet(43)) - raft.server.watch.timeout.denomination = 1s (default)
2019-08-29 11:54:34,411 [822b3223-74a0-44c8-ae72-b72e27a17b65:group-1690B3800CC1:LeaderElection119] INFO  server.RaftServerConfigKeys (ConfUtils.java:logGet(43)) - raft.server.watch.element-limit = 65536 (default)
2019-08-29 11:54:34,411 [822b3223-74a0-44c8-ae72-b72e27a17b65:group-1690B3800CC1:LeaderElection119] INFO  impl.RoleInfo (RoleInfo.java:updateAndGet(143)) - 822b3223-74a0-44c8-ae72-b72e27a17b65: start LeaderState
2019-08-29 11:54:34,411 [822b3223-74a0-44c8-ae72-b72e27a17b65:group-1690B3800CC1:LeaderElection119] INFO  segmented.SegmentedRaftLogWorker (SegmentedRaftLogWorker.java:startLogSegment(380)) - 822b3223-74a0-44c8-ae72-b72e27a17b65-SegmentedRaftLogWorker:Storage Directory /workdir/hadoop-ozone/integration-test/target/test-dir/MiniOzoneClusterImpl-16ce5ac2-d92d-4b29-933b-33d00735e97e/datanode-5/data/ratis/177fe4fd-12d4-4625-a68e-1690b3800cc1: Starting segment from index:0
2019-08-29 11:54:34,412 [822b3223-74a0-44c8-ae72-b72e27a17b65:group-1690B3800CC1:LeaderElection119] INFO  impl.RaftServerImpl (ServerState.java:setRaftConf(361)) - 822b3223-74a0-44c8-ae72-b72e27a17b65:group-1690B3800CC1 set configuration 0: [822b3223-74a0-44c8-ae72-b72e27a17b65:192.168.5.171:45414], old=null at 0
2019-08-29 11:54:34,441 [Thread-2750] INFO  impl.FollowerState (FollowerState.java:run(106)) - 79404ccb-3783-4150-88ba-2fea440d7696:group-60DACC7DE322 changes to CANDIDATE, lastRpcTime:1154, electionTimeout:1154ms
2019-08-29 11:54:34,441 [Thread-2750] INFO  impl.RoleInfo (RoleInfo.java:shutdownFollowerState(121)) - 79404ccb-3783-4150-88ba-2fea440d7696: shutdown FollowerState
2019-08-29 11:54:34,441 [Thread-2750] INFO  impl.RaftServerImpl (RaftServerImpl.java:setRole(171)) - 79404ccb-3783-4150-88ba-2fea440d7696:group-60DACC7DE322 changes role from FOLLOWER to CANDIDATE at term 0 for changeToCandidate
2019-08-29 11:54:34,441 [Thread-2750] INFO  impl.RoleInfo (RoleInfo.java:updateAndGet(143)) - 79404ccb-3783-4150-88ba-2fea440d7696: start LeaderElection
2019-08-29 11:54:34,451 [822b3223-74a0-44c8-ae72-b72e27a17b65-SegmentedRaftLogWorker:Storage Directory /workdir/hadoop-ozone/integration-test/target/test-dir/MiniOzoneClusterImpl-16ce5ac2-d92d-4b29-933b-33d00735e97e/datanode-5/data/ratis/177fe4fd-12d4-4625-a68e-1690b3800cc1] INFO  segmented.SegmentedRaftLogWorker (SegmentedRaftLogWorker.java:execute(569)) - 822b3223-74a0-44c8-ae72-b72e27a17b65-SegmentedRaftLogWorker:Storage Directory /workdir/hadoop-ozone/integration-test/target/test-dir/MiniOzoneClusterImpl-16ce5ac2-d92d-4b29-933b-33d00735e97e/datanode-5/data/ratis/177fe4fd-12d4-4625-a68e-1690b3800cc1: created new log segment /workdir/hadoop-ozone/integration-test/target/test-dir/MiniOzoneClusterImpl-16ce5ac2-d92d-4b29-933b-33d00735e97e/datanode-5/data/ratis/177fe4fd-12d4-4625-a68e-1690b3800cc1/current/log_inprogress_0
2019-08-29 11:54:34,452 [79404ccb-3783-4150-88ba-2fea440d7696:group-60DACC7DE322:LeaderElection120] INFO  impl.LeaderElection (LeaderElection.java:askForVotes(181)) - 79404ccb-3783-4150-88ba-2fea440d7696:group-60DACC7DE322:LeaderElection120: begin an election at term 1 for -1: [79404ccb-3783-4150-88ba-2fea440d7696:192.168.5.171:38238], old=null
2019-08-29 11:54:34,452 [79404ccb-3783-4150-88ba-2fea440d7696:group-60DACC7DE322:LeaderElection120] INFO  impl.RoleInfo (RoleInfo.java:shutdownLeaderElection(134)) - 79404ccb-3783-4150-88ba-2fea440d7696: shutdown LeaderElection
2019-08-29 11:54:34,452 [79404ccb-3783-4150-88ba-2fea440d7696:group-60DACC7DE322:LeaderElection120] INFO  impl.RaftServerImpl (RaftServerImpl.java:setRole(171)) - 79404ccb-3783-4150-88ba-2fea440d7696:group-60DACC7DE322 changes role from CANDIDATE to LEADER at term 1 for changeToLeader
2019-08-29 11:54:34,452 [79404ccb-3783-4150-88ba-2fea440d7696:group-60DACC7DE322:LeaderElection120] INFO  impl.RaftServerImpl (ServerState.java:setLeader(263)) - 79404ccb-3783-4150-88ba-2fea440d7696:group-60DACC7DE322 change Leader from null to 79404ccb-3783-4150-88ba-2fea440d7696 at term 1 for becomeLeader, leader elected after 1168ms
2019-08-29 11:54:34,452 [79404ccb-3783-4150-88ba-2fea440d7696:group-60DACC7DE322:LeaderElection120] INFO  server.RaftServerConfigKeys (ConfUtils.java:logGet(43)) - raft.server.staging.catchup.gap = 1000 (default)
2019-08-29 11:54:34,452 [79404ccb-3783-4150-88ba-2fea440d7696:group-60DACC7DE322:LeaderElection120] INFO  server.RaftServerConfigKeys (ConfUtils.java:logGet(43)) - raft.server.rpc.sleep.time = 25ms (default)
2019-08-29 11:54:34,452 [79404ccb-3783-4150-88ba-2fea440d7696:group-60DACC7DE322:LeaderElection120] INFO  server.RaftServerConfigKeys (ConfUtils.java:logGet(43)) - raft.server.write.element-limit = 4096 (default)
2019-08-29 11:54:34,452 [79404ccb-3783-4150-88ba-2fea440d7696:group-60DACC7DE322:LeaderElection120] INFO  server.RaftServerConfigKeys (ConfUtils.java:logGet(43)) - raft.server.watch.timeout = 10s (default)
2019-08-29 11:54:34,452 [79404ccb-3783-4150-88ba-2fea440d7696:group-60DACC7DE322:LeaderElection120] INFO  server.RaftServerConfigKeys (ConfUtils.java:logGet(43)) - raft.server.watch.timeout.denomination = 1s (default)
2019-08-29 11:54:34,452 [79404ccb-3783-4150-88ba-2fea440d7696:group-60DACC7DE322:LeaderElection120] INFO  server.RaftServerConfigKeys (ConfUtils.java:logGet(43)) - raft.server.watch.element-limit = 65536 (default)
2019-08-29 11:54:34,453 [79404ccb-3783-4150-88ba-2fea440d7696:group-60DACC7DE322:LeaderElection120] INFO  impl.RoleInfo (RoleInfo.java:updateAndGet(143)) - 79404ccb-3783-4150-88ba-2fea440d7696: start LeaderState
2019-08-29 11:54:34,453 [79404ccb-3783-4150-88ba-2fea440d7696:group-60DACC7DE322:LeaderElection120] INFO  segmented.SegmentedRaftLogWorker (SegmentedRaftLogWorker.java:startLogSegment(380)) - 79404ccb-3783-4150-88ba-2fea440d7696-SegmentedRaftLogWorker:Storage Directory /workdir/hadoop-ozone/integration-test/target/test-dir/MiniOzoneClusterImpl-16ce5ac2-d92d-4b29-933b-33d00735e97e/datanode-2/data/ratis/246a054e-fdac-4fce-b1f8-60dacc7de322: Starting segment from index:0
2019-08-29 11:54:34,453 [79404ccb-3783-4150-88ba-2fea440d7696:group-60DACC7DE322:LeaderElection120] INFO  impl.RaftServerImpl (ServerState.java:setRaftConf(361)) - 79404ccb-3783-4150-88ba-2fea440d7696:group-60DACC7DE322 set configuration 0: [79404ccb-3783-4150-88ba-2fea440d7696:192.168.5.171:38238], old=null at 0
2019-08-29 11:54:34,479 [Thread-2759] INFO  impl.FollowerState (FollowerState.java:run(106)) - 6997f81c-1ecf-488f-a14c-812b649ddfad:group-F505FC24C190 changes to CANDIDATE, lastRpcTime:1066, electionTimeout:1066ms
2019-08-29 11:54:34,480 [main] INFO  ozone.MiniOzoneClusterImpl (MiniOzoneClusterImpl.java:lambda$waitForClusterToBeReady$0(140)) - Cluster is ready. Got 10 of 10 DN Heartbeats.
2019-08-29 11:54:34,480 [Thread-2759] INFO  impl.RoleInfo (RoleInfo.java:shutdownFollowerState(121)) - 6997f81c-1ecf-488f-a14c-812b649ddfad: shutdown FollowerState
2019-08-29 11:54:34,480 [Thread-2759] INFO  impl.RaftServerImpl (RaftServerImpl.java:setRole(171)) - 6997f81c-1ecf-488f-a14c-812b649ddfad:group-F505FC24C190 changes role from FOLLOWER to CANDIDATE at term 0 for changeToCandidate
2019-08-29 11:54:34,480 [Thread-2759] INFO  impl.RoleInfo (RoleInfo.java:updateAndGet(143)) - 6997f81c-1ecf-488f-a14c-812b649ddfad: start LeaderElection
2019-08-29 11:54:34,493 [79404ccb-3783-4150-88ba-2fea440d7696-SegmentedRaftLogWorker:Storage Directory /workdir/hadoop-ozone/integration-test/target/test-dir/MiniOzoneClusterImpl-16ce5ac2-d92d-4b29-933b-33d00735e97e/datanode-2/data/ratis/246a054e-fdac-4fce-b1f8-60dacc7de322] INFO  segmented.SegmentedRaftLogWorker (SegmentedRaftLogWorker.java:execute(569)) - 79404ccb-3783-4150-88ba-2fea440d7696-SegmentedRaftLogWorker:Storage Directory /workdir/hadoop-ozone/integration-test/target/test-dir/MiniOzoneClusterImpl-16ce5ac2-d92d-4b29-933b-33d00735e97e/datanode-2/data/ratis/246a054e-fdac-4fce-b1f8-60dacc7de322: created new log segment /workdir/hadoop-ozone/integration-test/target/test-dir/MiniOzoneClusterImpl-16ce5ac2-d92d-4b29-933b-33d00735e97e/datanode-2/data/ratis/246a054e-fdac-4fce-b1f8-60dacc7de322/current/log_inprogress_0
2019-08-29 11:54:34,493 [6997f81c-1ecf-488f-a14c-812b649ddfad:group-F505FC24C190:LeaderElection121] INFO  impl.LeaderElection (LeaderElection.java:askForVotes(181)) - 6997f81c-1ecf-488f-a14c-812b649ddfad:group-F505FC24C190:LeaderElection121: begin an election at term 1 for -1: [6997f81c-1ecf-488f-a14c-812b649ddfad:192.168.5.171:45289], old=null
2019-08-29 11:54:34,494 [6997f81c-1ecf-488f-a14c-812b649ddfad:group-F505FC24C190:LeaderElection121] INFO  impl.RoleInfo (RoleInfo.java:shutdownLeaderElection(134)) - 6997f81c-1ecf-488f-a14c-812b649ddfad: shutdown LeaderElection
2019-08-29 11:54:34,494 [6997f81c-1ecf-488f-a14c-812b649ddfad:group-F505FC24C190:LeaderElection121] INFO  impl.RaftServerImpl (RaftServerImpl.java:setRole(171)) - 6997f81c-1ecf-488f-a14c-812b649ddfad:group-F505FC24C190 changes role from CANDIDATE to LEADER at term 1 for changeToLeader
2019-08-29 11:54:34,494 [6997f81c-1ecf-488f-a14c-812b649ddfad:group-F505FC24C190:LeaderElection121] INFO  impl.RaftServerImpl (ServerState.java:setLeader(263)) - 6997f81c-1ecf-488f-a14c-812b649ddfad:group-F505FC24C190 change Leader from null to 6997f81c-1ecf-488f-a14c-812b649ddfad at term 1 for becomeLeader, leader elected after 1084ms
2019-08-29 11:54:34,494 [6997f81c-1ecf-488f-a14c-812b649ddfad:group-F505FC24C190:LeaderElection121] INFO  server.RaftServerConfigKeys (ConfUtils.java:logGet(43)) - raft.server.staging.catchup.gap = 1000 (default)
2019-08-29 11:54:34,494 [6997f81c-1ecf-488f-a14c-812b649ddfad:group-F505FC24C190:LeaderElection121] INFO  server.RaftServerConfigKeys (ConfUtils.java:logGet(43)) - raft.server.rpc.sleep.time = 25ms (default)
2019-08-29 11:54:34,509 [Thread-2756] INFO  impl.FollowerState (FollowerState.java:run(106)) - 368ac840-1874-400c-9a5e-97ce3a83695d:group-74947C0F9A02 changes to CANDIDATE, lastRpcTime:1135, electionTimeout:1130ms
2019-08-29 11:54:34,509 [6997f81c-1ecf-488f-a14c-812b649ddfad:group-F505FC24C190:LeaderElection121] INFO  server.RaftServerConfigKeys (ConfUtils.java:logGet(43)) - raft.server.write.element-limit = 4096 (default)
2019-08-29 11:54:34,509 [Thread-2756] INFO  impl.RoleInfo (RoleInfo.java:shutdownFollowerState(121)) - 368ac840-1874-400c-9a5e-97ce3a83695d: shutdown FollowerState
2019-08-29 11:54:34,509 [6997f81c-1ecf-488f-a14c-812b649ddfad:group-F505FC24C190:LeaderElection121] INFO  server.RaftServerConfigKeys (ConfUtils.java:logGet(43)) - raft.server.watch.timeout = 10s (default)
2019-08-29 11:54:34,509 [Thread-2756] INFO  impl.RaftServerImpl (RaftServerImpl.java:setRole(171)) - 368ac840-1874-400c-9a5e-97ce3a83695d:group-74947C0F9A02 changes role from FOLLOWER to CANDIDATE at term 0 for changeToCandidate
2019-08-29 11:54:34,509 [6997f81c-1ecf-488f-a14c-812b649ddfad:group-F505FC24C190:LeaderElection121] INFO  server.RaftServerConfigKeys (ConfUtils.java:logGet(43)) - raft.server.watch.timeout.denomination = 1s (default)
2019-08-29 11:54:34,509 [Thread-2756] INFO  impl.RoleInfo (RoleInfo.java:updateAndGet(143)) - 368ac840-1874-400c-9a5e-97ce3a83695d: start LeaderElection
2019-08-29 11:54:34,510 [6997f81c-1ecf-488f-a14c-812b649ddfad:group-F505FC24C190:LeaderElection121] INFO  server.RaftServerConfigKeys (ConfUtils.java:logGet(43)) - raft.server.watch.element-limit = 65536 (default)
2019-08-29 11:54:34,510 [6997f81c-1ecf-488f-a14c-812b649ddfad:group-F505FC24C190:LeaderElection121] INFO  impl.RoleInfo (RoleInfo.java:updateAndGet(143)) - 6997f81c-1ecf-488f-a14c-812b649ddfad: start LeaderState
2019-08-29 11:54:34,517 [6997f81c-1ecf-488f-a14c-812b649ddfad:group-F505FC24C190:LeaderElection121] INFO  segmented.SegmentedRaftLogWorker (SegmentedRaftLogWorker.java:startLogSegment(380)) - 6997f81c-1ecf-488f-a14c-812b649ddfad-SegmentedRaftLogWorker:Storage Directory /workdir/hadoop-ozone/integration-test/target/test-dir/MiniOzoneClusterImpl-16ce5ac2-d92d-4b29-933b-33d00735e97e/datanode-7/data/ratis/24c94828-8050-4bdd-b8ab-f505fc24c190: Starting segment from index:0
2019-08-29 11:54:34,518 [6997f81c-1ecf-488f-a14c-812b649ddfad:group-F505FC24C190:LeaderElection121] INFO  impl.RaftServerImpl (ServerState.java:setRaftConf(361)) - 6997f81c-1ecf-488f-a14c-812b649ddfad:group-F505FC24C190 set configuration 0: [6997f81c-1ecf-488f-a14c-812b649ddfad:192.168.5.171:45289], old=null at 0
2019-08-29 11:54:34,549 [368ac840-1874-400c-9a5e-97ce3a83695d:group-74947C0F9A02:LeaderElection122] INFO  impl.LeaderElection (LeaderElection.java:askForVotes(181)) - 368ac840-1874-400c-9a5e-97ce3a83695d:group-74947C0F9A02:LeaderElection122: begin an election at term 1 for -1: [368ac840-1874-400c-9a5e-97ce3a83695d:192.168.5.171:40345], old=null
2019-08-29 11:54:34,549 [368ac840-1874-400c-9a5e-97ce3a83695d:group-74947C0F9A02:LeaderElection122] INFO  impl.RoleInfo (RoleInfo.java:shutdownLeaderElection(134)) - 368ac840-1874-400c-9a5e-97ce3a83695d: shutdown LeaderElection
2019-08-29 11:54:34,549 [368ac840-1874-400c-9a5e-97ce3a83695d:group-74947C0F9A02:LeaderElection122] INFO  impl.RaftServerImpl (RaftServerImpl.java:setRole(171)) - 368ac840-1874-400c-9a5e-97ce3a83695d:group-74947C0F9A02 changes role from CANDIDATE to LEADER at term 1 for changeToLeader
2019-08-29 11:54:34,552 [368ac840-1874-400c-9a5e-97ce3a83695d:group-74947C0F9A02:LeaderElection122] INFO  impl.RaftServerImpl (ServerState.java:setLeader(263)) - 368ac840-1874-400c-9a5e-97ce3a83695d:group-74947C0F9A02 change Leader from null to 368ac840-1874-400c-9a5e-97ce3a83695d at term 1 for becomeLeader, leader elected after 1181ms
2019-08-29 11:54:34,552 [368ac840-1874-400c-9a5e-97ce3a83695d:group-74947C0F9A02:LeaderElection122] INFO  server.RaftServerConfigKeys (ConfUtils.java:logGet(43)) - raft.server.staging.catchup.gap = 1000 (default)
2019-08-29 11:54:34,552 [368ac840-1874-400c-9a5e-97ce3a83695d:group-74947C0F9A02:LeaderElection122] INFO  server.RaftServerConfigKeys (ConfUtils.java:logGet(43)) - raft.server.rpc.sleep.time = 25ms (default)
2019-08-29 11:54:34,553 [368ac840-1874-400c-9a5e-97ce3a83695d:group-74947C0F9A02:LeaderElection122] INFO  server.RaftServerConfigKeys (ConfUtils.java:logGet(43)) - raft.server.write.element-limit = 4096 (default)
2019-08-29 11:54:34,553 [368ac840-1874-400c-9a5e-97ce3a83695d:group-74947C0F9A02:LeaderElection122] INFO  server.RaftServerConfigKeys (ConfUtils.java:logGet(43)) - raft.server.watch.timeout = 10s (default)
2019-08-29 11:54:34,553 [368ac840-1874-400c-9a5e-97ce3a83695d:group-74947C0F9A02:LeaderElection122] INFO  server.RaftServerConfigKeys (ConfUtils.java:logGet(43)) - raft.server.watch.timeout.denomination = 1s (default)
2019-08-29 11:54:34,553 [368ac840-1874-400c-9a5e-97ce3a83695d:group-74947C0F9A02:LeaderElection122] INFO  server.RaftServerConfigKeys (ConfUtils.java:logGet(43)) - raft.server.watch.element-limit = 65536 (default)
2019-08-29 11:54:34,553 [368ac840-1874-400c-9a5e-97ce3a83695d:group-74947C0F9A02:LeaderElection122] INFO  impl.RoleInfo (RoleInfo.java:updateAndGet(143)) - 368ac840-1874-400c-9a5e-97ce3a83695d: start LeaderState
2019-08-29 11:54:34,553 [368ac840-1874-400c-9a5e-97ce3a83695d:group-74947C0F9A02:LeaderElection122] INFO  segmented.SegmentedRaftLogWorker (SegmentedRaftLogWorker.java:startLogSegment(380)) - 368ac840-1874-400c-9a5e-97ce3a83695d-SegmentedRaftLogWorker:Storage Directory /workdir/hadoop-ozone/integration-test/target/test-dir/MiniOzoneClusterImpl-16ce5ac2-d92d-4b29-933b-33d00735e97e/datanode-1/data/ratis/905f5de4-4b28-4487-8dde-74947c0f9a02: Starting segment from index:0
2019-08-29 11:54:34,553 [368ac840-1874-400c-9a5e-97ce3a83695d:group-74947C0F9A02:LeaderElection122] INFO  impl.RaftServerImpl (ServerState.java:setRaftConf(361)) - 368ac840-1874-400c-9a5e-97ce3a83695d:group-74947C0F9A02 set configuration 0: [368ac840-1874-400c-9a5e-97ce3a83695d:192.168.5.171:40345], old=null at 0
2019-08-29 11:54:34,554 [main] INFO  rpc.RpcClient (RpcClient.java:createVolume(293)) - Creating Volume: datanodefailurehandlingtest, with jenkins1000 as owner.
2019-08-29 11:54:34,580 [6997f81c-1ecf-488f-a14c-812b649ddfad-SegmentedRaftLogWorker:Storage Directory /workdir/hadoop-ozone/integration-test/target/test-dir/MiniOzoneClusterImpl-16ce5ac2-d92d-4b29-933b-33d00735e97e/datanode-7/data/ratis/24c94828-8050-4bdd-b8ab-f505fc24c190] INFO  segmented.SegmentedRaftLogWorker (SegmentedRaftLogWorker.java:execute(569)) - 6997f81c-1ecf-488f-a14c-812b649ddfad-SegmentedRaftLogWorker:Storage Directory /workdir/hadoop-ozone/integration-test/target/test-dir/MiniOzoneClusterImpl-16ce5ac2-d92d-4b29-933b-33d00735e97e/datanode-7/data/ratis/24c94828-8050-4bdd-b8ab-f505fc24c190: created new log segment /workdir/hadoop-ozone/integration-test/target/test-dir/MiniOzoneClusterImpl-16ce5ac2-d92d-4b29-933b-33d00735e97e/datanode-7/data/ratis/24c94828-8050-4bdd-b8ab-f505fc24c190/current/log_inprogress_0
2019-08-29 11:54:34,580 [Thread-2762] INFO  impl.FollowerState (FollowerState.java:run(106)) - edbdd45e-116e-45c7-951f-264ab28d364f:group-CD4A0D27A525 changes to CANDIDATE, lastRpcTime:1076, electionTimeout:1075ms
2019-08-29 11:54:34,581 [Thread-2762] INFO  impl.RoleInfo (RoleInfo.java:shutdownFollowerState(121)) - edbdd45e-116e-45c7-951f-264ab28d364f: shutdown FollowerState
2019-08-29 11:54:34,581 [Thread-2762] INFO  impl.RaftServerImpl (RaftServerImpl.java:setRole(171)) - edbdd45e-116e-45c7-951f-264ab28d364f:group-CD4A0D27A525 changes role from FOLLOWER to CANDIDATE at term 0 for changeToCandidate
2019-08-29 11:54:34,581 [Thread-2762] INFO  impl.RoleInfo (RoleInfo.java:updateAndGet(143)) - edbdd45e-116e-45c7-951f-264ab28d364f: start LeaderElection
2019-08-29 11:54:34,586 | INFO  | OMAudit | user=jenkins1000 | ip=127.0.0.1 | op=CREATE_VOLUME {admin=jenkins1000, owner=jenkins1000, volume=datanodefailurehandlingtest, creationTime=1567079674585, quotaInBytes=1152921504606846976} | ret=SUCCESS |  
2019-08-29 11:54:34,601 | INFO  | OMAudit | user=jenkins1000 | ip=127.0.0.1 | op=READ_VOLUME {volume=datanodefailurehandlingtest} | ret=SUCCESS |  
2019-08-29 11:54:34,602 [main] INFO  rpc.RpcClient (RpcClient.java:createBucket(432)) - Creating Bucket: datanodefailurehandlingtest/datanodefailurehandlingtest, with Versioning false and Storage Type set to DISK and Encryption set to false 
2019-08-29 11:54:34,603 [368ac840-1874-400c-9a5e-97ce3a83695d-SegmentedRaftLogWorker:Storage Directory /workdir/hadoop-ozone/integration-test/target/test-dir/MiniOzoneClusterImpl-16ce5ac2-d92d-4b29-933b-33d00735e97e/datanode-1/data/ratis/905f5de4-4b28-4487-8dde-74947c0f9a02] INFO  segmented.SegmentedRaftLogWorker (SegmentedRaftLogWorker.java:execute(569)) - 368ac840-1874-400c-9a5e-97ce3a83695d-SegmentedRaftLogWorker:Storage Directory /workdir/hadoop-ozone/integration-test/target/test-dir/MiniOzoneClusterImpl-16ce5ac2-d92d-4b29-933b-33d00735e97e/datanode-1/data/ratis/905f5de4-4b28-4487-8dde-74947c0f9a02: created new log segment /workdir/hadoop-ozone/integration-test/target/test-dir/MiniOzoneClusterImpl-16ce5ac2-d92d-4b29-933b-33d00735e97e/datanode-1/data/ratis/905f5de4-4b28-4487-8dde-74947c0f9a02/current/log_inprogress_0
2019-08-29 11:54:34,606 [edbdd45e-116e-45c7-951f-264ab28d364f:group-CD4A0D27A525:LeaderElection123] INFO  impl.LeaderElection (LeaderElection.java:askForVotes(181)) - edbdd45e-116e-45c7-951f-264ab28d364f:group-CD4A0D27A525:LeaderElection123: begin an election at term 1 for -1: [edbdd45e-116e-45c7-951f-264ab28d364f:192.168.5.171:42495], old=null
2019-08-29 11:54:34,606 [edbdd45e-116e-45c7-951f-264ab28d364f:group-CD4A0D27A525:LeaderElection123] INFO  impl.RoleInfo (RoleInfo.java:shutdownLeaderElection(134)) - edbdd45e-116e-45c7-951f-264ab28d364f: shutdown LeaderElection
2019-08-29 11:54:34,606 [edbdd45e-116e-45c7-951f-264ab28d364f:group-CD4A0D27A525:LeaderElection123] INFO  impl.RaftServerImpl (RaftServerImpl.java:setRole(171)) - edbdd45e-116e-45c7-951f-264ab28d364f:group-CD4A0D27A525 changes role from CANDIDATE to LEADER at term 1 for changeToLeader
2019-08-29 11:54:34,606 [edbdd45e-116e-45c7-951f-264ab28d364f:group-CD4A0D27A525:LeaderElection123] INFO  impl.RaftServerImpl (ServerState.java:setLeader(263)) - edbdd45e-116e-45c7-951f-264ab28d364f:group-CD4A0D27A525 change Leader from null to edbdd45e-116e-45c7-951f-264ab28d364f at term 1 for becomeLeader, leader elected after 1106ms
2019-08-29 11:54:34,606 | INFO  | OMAudit | user=jenkins1000 | ip=127.0.0.1 | op=CREATE_BUCKET {volume=datanodefailurehandlingtest, bucket=datanodefailurehandlingtest, acls=[user:jenkins1000:a[ACCESS], group:default:a[ACCESS]], isVersionEnabled=false, storageType=DISK, creationTime=0} | ret=SUCCESS |  
2019-08-29 11:54:34,606 [edbdd45e-116e-45c7-951f-264ab28d364f:group-CD4A0D27A525:LeaderElection123] INFO  server.RaftServerConfigKeys (ConfUtils.java:logGet(43)) - raft.server.staging.catchup.gap = 1000 (default)
2019-08-29 11:54:34,606 [edbdd45e-116e-45c7-951f-264ab28d364f:group-CD4A0D27A525:LeaderElection123] INFO  server.RaftServerConfigKeys (ConfUtils.java:logGet(43)) - raft.server.rpc.sleep.time = 25ms (default)
2019-08-29 11:54:34,606 [edbdd45e-116e-45c7-951f-264ab28d364f:group-CD4A0D27A525:LeaderElection123] INFO  server.RaftServerConfigKeys (ConfUtils.java:logGet(43)) - raft.server.write.element-limit = 4096 (default)
2019-08-29 11:54:34,607 [edbdd45e-116e-45c7-951f-264ab28d364f:group-CD4A0D27A525:LeaderElection123] INFO  server.RaftServerConfigKeys (ConfUtils.java:logGet(43)) - raft.server.watch.timeout = 10s (default)
2019-08-29 11:54:34,607 [edbdd45e-116e-45c7-951f-264ab28d364f:group-CD4A0D27A525:LeaderElection123] INFO  server.RaftServerConfigKeys (ConfUtils.java:logGet(43)) - raft.server.watch.timeout.denomination = 1s (default)
2019-08-29 11:54:34,607 [edbdd45e-116e-45c7-951f-264ab28d364f:group-CD4A0D27A525:LeaderElection123] INFO  server.RaftServerConfigKeys (ConfUtils.java:logGet(43)) - raft.server.watch.element-limit = 65536 (default)
2019-08-29 11:54:34,607 [edbdd45e-116e-45c7-951f-264ab28d364f:group-CD4A0D27A525:LeaderElection123] INFO  impl.RoleInfo (RoleInfo.java:updateAndGet(143)) - edbdd45e-116e-45c7-951f-264ab28d364f: start LeaderState
2019-08-29 11:54:34,607 [edbdd45e-116e-45c7-951f-264ab28d364f:group-CD4A0D27A525:LeaderElection123] INFO  segmented.SegmentedRaftLogWorker (SegmentedRaftLogWorker.java:startLogSegment(380)) - edbdd45e-116e-45c7-951f-264ab28d364f-SegmentedRaftLogWorker:Storage Directory /workdir/hadoop-ozone/integration-test/target/test-dir/MiniOzoneClusterImpl-16ce5ac2-d92d-4b29-933b-33d00735e97e/datanode-3/data/ratis/04b5ed36-5121-4525-ae82-cd4a0d27a525: Starting segment from index:0
2019-08-29 11:54:34,607 | INFO  | OMAudit | user=jenkins1000 | ip=127.0.0.1 | op=READ_VOLUME {volume=datanodefailurehandlingtest} | ret=SUCCESS |  
2019-08-29 11:54:34,607 [edbdd45e-116e-45c7-951f-264ab28d364f:group-CD4A0D27A525:LeaderElection123] INFO  impl.RaftServerImpl (ServerState.java:setRaftConf(361)) - edbdd45e-116e-45c7-951f-264ab28d364f:group-CD4A0D27A525 set configuration 0: [edbdd45e-116e-45c7-951f-264ab28d364f:192.168.5.171:42495], old=null at 0
2019-08-29 11:54:34,637 | INFO  | OMAudit | user=jenkins1000 | ip=127.0.0.1 | op=READ_BUCKET {volume=datanodefailurehandlingtest, bucket=datanodefailurehandlingtest} | ret=SUCCESS |  
2019-08-29 11:54:34,646 [edbdd45e-116e-45c7-951f-264ab28d364f-SegmentedRaftLogWorker:Storage Directory /workdir/hadoop-ozone/integration-test/target/test-dir/MiniOzoneClusterImpl-16ce5ac2-d92d-4b29-933b-33d00735e97e/datanode-3/data/ratis/04b5ed36-5121-4525-ae82-cd4a0d27a525] INFO  segmented.SegmentedRaftLogWorker (SegmentedRaftLogWorker.java:execute(569)) - edbdd45e-116e-45c7-951f-264ab28d364f-SegmentedRaftLogWorker:Storage Directory /workdir/hadoop-ozone/integration-test/target/test-dir/MiniOzoneClusterImpl-16ce5ac2-d92d-4b29-933b-33d00735e97e/datanode-3/data/ratis/04b5ed36-5121-4525-ae82-cd4a0d27a525: created new log segment /workdir/hadoop-ozone/integration-test/target/test-dir/MiniOzoneClusterImpl-16ce5ac2-d92d-4b29-933b-33d00735e97e/datanode-3/data/ratis/04b5ed36-5121-4525-ae82-cd4a0d27a525/current/log_inprogress_0
2019-08-29 11:54:34,648 | INFO  | SCMAudit | user=jenkins1000 | ip=192.168.5.171 | op=ALLOCATE_BLOCK {owner=060e6340-a660-4d30-b243-a753818e830b, size=4194304, type=RATIS, factor=THREE} | ret=SUCCESS |  
2019-08-29 11:54:34,649 | INFO  | OMAudit | user=jenkins1000 | ip=127.0.0.1 | op=ALLOCATE_KEY {volume=datanodefailurehandlingtest, bucket=datanodefailurehandlingtest, key=a3818b4c-2e44-4539-b697-733cbbcc5aa4, dataSize=0, replicationType=RATIS, replicationFactor=THREE, keyLocationInfo=null} | ret=SUCCESS |  
2019-08-29 11:54:34,683 [Thread-2765] INFO  impl.FollowerState (FollowerState.java:run(106)) - 0927c2fb-bc54-48d8-8b4a-6f0f550fa3d8:group-B349831769D1 changes to CANDIDATE, lastRpcTime:1130, electionTimeout:1130ms
2019-08-29 11:54:34,683 [Thread-2765] INFO  impl.RoleInfo (RoleInfo.java:shutdownFollowerState(121)) - 0927c2fb-bc54-48d8-8b4a-6f0f550fa3d8: shutdown FollowerState
2019-08-29 11:54:34,683 [Thread-2765] INFO  impl.RaftServerImpl (RaftServerImpl.java:setRole(171)) - 0927c2fb-bc54-48d8-8b4a-6f0f550fa3d8:group-B349831769D1 changes role from FOLLOWER to CANDIDATE at term 0 for changeToCandidate
2019-08-29 11:54:34,683 [Thread-2765] INFO  impl.RoleInfo (RoleInfo.java:updateAndGet(143)) - 0927c2fb-bc54-48d8-8b4a-6f0f550fa3d8: start LeaderElection
2019-08-29 11:54:34,702 [0927c2fb-bc54-48d8-8b4a-6f0f550fa3d8:group-B349831769D1:LeaderElection124] INFO  impl.LeaderElection (LeaderElection.java:askForVotes(181)) - 0927c2fb-bc54-48d8-8b4a-6f0f550fa3d8:group-B349831769D1:LeaderElection124: begin an election at term 1 for -1: [0927c2fb-bc54-48d8-8b4a-6f0f550fa3d8:192.168.5.171:45391], old=null
2019-08-29 11:54:34,703 [0927c2fb-bc54-48d8-8b4a-6f0f550fa3d8:group-B349831769D1:LeaderElection124] INFO  impl.RoleInfo (RoleInfo.java:shutdownLeaderElection(134)) - 0927c2fb-bc54-48d8-8b4a-6f0f550fa3d8: shutdown LeaderElection
2019-08-29 11:54:34,703 [0927c2fb-bc54-48d8-8b4a-6f0f550fa3d8:group-B349831769D1:LeaderElection124] INFO  impl.RaftServerImpl (RaftServerImpl.java:setRole(171)) - 0927c2fb-bc54-48d8-8b4a-6f0f550fa3d8:group-B349831769D1 changes role from CANDIDATE to LEADER at term 1 for changeToLeader
2019-08-29 11:54:34,703 [0927c2fb-bc54-48d8-8b4a-6f0f550fa3d8:group-B349831769D1:LeaderElection124] INFO  impl.RaftServerImpl (ServerState.java:setLeader(263)) - 0927c2fb-bc54-48d8-8b4a-6f0f550fa3d8:group-B349831769D1 change Leader from null to 0927c2fb-bc54-48d8-8b4a-6f0f550fa3d8 at term 1 for becomeLeader, leader elected after 1154ms
2019-08-29 11:54:34,703 [0927c2fb-bc54-48d8-8b4a-6f0f550fa3d8:group-B349831769D1:LeaderElection124] INFO  server.RaftServerConfigKeys (ConfUtils.java:logGet(43)) - raft.server.staging.catchup.gap = 1000 (default)
2019-08-29 11:54:34,703 [0927c2fb-bc54-48d8-8b4a-6f0f550fa3d8:group-B349831769D1:LeaderElection124] INFO  server.RaftServerConfigKeys (ConfUtils.java:logGet(43)) - raft.server.rpc.sleep.time = 25ms (default)
2019-08-29 11:54:34,703 [0927c2fb-bc54-48d8-8b4a-6f0f550fa3d8:group-B349831769D1:LeaderElection124] INFO  server.RaftServerConfigKeys (ConfUtils.java:logGet(43)) - raft.server.write.element-limit = 4096 (default)
2019-08-29 11:54:34,703 [0927c2fb-bc54-48d8-8b4a-6f0f550fa3d8:group-B349831769D1:LeaderElection124] INFO  server.RaftServerConfigKeys (ConfUtils.java:logGet(43)) - raft.server.watch.timeout = 10s (default)
2019-08-29 11:54:34,703 [0927c2fb-bc54-48d8-8b4a-6f0f550fa3d8:group-B349831769D1:LeaderElection124] INFO  server.RaftServerConfigKeys (ConfUtils.java:logGet(43)) - raft.server.watch.timeout.denomination = 1s (default)
2019-08-29 11:54:34,703 [0927c2fb-bc54-48d8-8b4a-6f0f550fa3d8:group-B349831769D1:LeaderElection124] INFO  server.RaftServerConfigKeys (ConfUtils.java:logGet(43)) - raft.server.watch.element-limit = 65536 (default)
2019-08-29 11:54:34,704 [0927c2fb-bc54-48d8-8b4a-6f0f550fa3d8:group-B349831769D1:LeaderElection124] INFO  impl.RoleInfo (RoleInfo.java:updateAndGet(143)) - 0927c2fb-bc54-48d8-8b4a-6f0f550fa3d8: start LeaderState
2019-08-29 11:54:34,706 [0927c2fb-bc54-48d8-8b4a-6f0f550fa3d8:group-B349831769D1:LeaderElection124] INFO  segmented.SegmentedRaftLogWorker (SegmentedRaftLogWorker.java:startLogSegment(380)) - 0927c2fb-bc54-48d8-8b4a-6f0f550fa3d8-SegmentedRaftLogWorker:Storage Directory /workdir/hadoop-ozone/integration-test/target/test-dir/MiniOzoneClusterImpl-16ce5ac2-d92d-4b29-933b-33d00735e97e/datanode-9/data/ratis/069afdb9-be72-425b-8ef1-b349831769d1: Starting segment from index:0
2019-08-29 11:54:34,707 [0927c2fb-bc54-48d8-8b4a-6f0f550fa3d8:group-B349831769D1:LeaderElection124] INFO  impl.RaftServerImpl (ServerState.java:setRaftConf(361)) - 0927c2fb-bc54-48d8-8b4a-6f0f550fa3d8:group-B349831769D1 set configuration 0: [0927c2fb-bc54-48d8-8b4a-6f0f550fa3d8:192.168.5.171:45391], old=null at 0
2019-08-29 11:54:34,741 [grpc-default-executor-10] INFO  client.GrpcClientProtocolClient (GrpcClientProtocolClient.java:onNext(255)) - client-ADD2EED1A349->0237fb14-0601-4188-bfaa-710869c5af5c: receive RaftClientReply:client-ADD2EED1A349->0237fb14-0601-4188-bfaa-710869c5af5c@group-A8FA0292109A, cid=94, FAILED org.apache.ratis.protocol.NotLeaderException: Server 0237fb14-0601-4188-bfaa-710869c5af5c is not the leader (null). Request must be sent to leader., logIndex=0, commits[0237fb14-0601-4188-bfaa-710869c5af5c:c-1]
2019-08-29 11:54:34,744 [0927c2fb-bc54-48d8-8b4a-6f0f550fa3d8-SegmentedRaftLogWorker:Storage Directory /workdir/hadoop-ozone/integration-test/target/test-dir/MiniOzoneClusterImpl-16ce5ac2-d92d-4b29-933b-33d00735e97e/datanode-9/data/ratis/069afdb9-be72-425b-8ef1-b349831769d1] INFO  segmented.SegmentedRaftLogWorker (SegmentedRaftLogWorker.java:execute(569)) - 0927c2fb-bc54-48d8-8b4a-6f0f550fa3d8-SegmentedRaftLogWorker:Storage Directory /workdir/hadoop-ozone/integration-test/target/test-dir/MiniOzoneClusterImpl-16ce5ac2-d92d-4b29-933b-33d00735e97e/datanode-9/data/ratis/069afdb9-be72-425b-8ef1-b349831769d1: created new log segment /workdir/hadoop-ozone/integration-test/target/test-dir/MiniOzoneClusterImpl-16ce5ac2-d92d-4b29-933b-33d00735e97e/datanode-9/data/ratis/069afdb9-be72-425b-8ef1-b349831769d1/current/log_inprogress_0
2019-08-29 11:54:34,746 [Thread-2768] INFO  impl.FollowerState (FollowerState.java:run(106)) - 97e3324b-235f-4ceb-956e-993ee2fe234c:group-B0168627F536 changes to CANDIDATE, lastRpcTime:1146, electionTimeout:1146ms
2019-08-29 11:54:34,746 [Thread-2768] INFO  impl.RoleInfo (RoleInfo.java:shutdownFollowerState(121)) - 97e3324b-235f-4ceb-956e-993ee2fe234c: shutdown FollowerState
2019-08-29 11:54:34,746 [Thread-2768] INFO  impl.RaftServerImpl (RaftServerImpl.java:setRole(171)) - 97e3324b-235f-4ceb-956e-993ee2fe234c:group-B0168627F536 changes role from FOLLOWER to CANDIDATE at term 0 for changeToCandidate
2019-08-29 11:54:34,754 [Thread-2768] INFO  impl.RoleInfo (RoleInfo.java:updateAndGet(143)) - 97e3324b-235f-4ceb-956e-993ee2fe234c: start LeaderElection
2019-08-29 11:54:34,770 [97e3324b-235f-4ceb-956e-993ee2fe234c:group-B0168627F536:LeaderElection125] INFO  impl.LeaderElection (LeaderElection.java:askForVotes(181)) - 97e3324b-235f-4ceb-956e-993ee2fe234c:group-B0168627F536:LeaderElection125: begin an election at term 1 for -1: [97e3324b-235f-4ceb-956e-993ee2fe234c:192.168.5.171:44511], old=null
2019-08-29 11:54:34,770 [97e3324b-235f-4ceb-956e-993ee2fe234c:group-B0168627F536:LeaderElection125] INFO  impl.RoleInfo (RoleInfo.java:shutdownLeaderElection(134)) - 97e3324b-235f-4ceb-956e-993ee2fe234c: shutdown LeaderElection
2019-08-29 11:54:34,770 [97e3324b-235f-4ceb-956e-993ee2fe234c:group-B0168627F536:LeaderElection125] INFO  impl.RaftServerImpl (RaftServerImpl.java:setRole(171)) - 97e3324b-235f-4ceb-956e-993ee2fe234c:group-B0168627F536 changes role from CANDIDATE to LEADER at term 1 for changeToLeader
2019-08-29 11:54:34,770 [97e3324b-235f-4ceb-956e-993ee2fe234c:group-B0168627F536:LeaderElection125] INFO  impl.RaftServerImpl (ServerState.java:setLeader(263)) - 97e3324b-235f-4ceb-956e-993ee2fe234c:group-B0168627F536 change Leader from null to 97e3324b-235f-4ceb-956e-993ee2fe234c at term 1 for becomeLeader, leader elected after 1174ms
2019-08-29 11:54:34,770 [97e3324b-235f-4ceb-956e-993ee2fe234c:group-B0168627F536:LeaderElection125] INFO  server.RaftServerConfigKeys (ConfUtils.java:logGet(43)) - raft.server.staging.catchup.gap = 1000 (default)
2019-08-29 11:54:34,770 [97e3324b-235f-4ceb-956e-993ee2fe234c:group-B0168627F536:LeaderElection125] INFO  server.RaftServerConfigKeys (ConfUtils.java:logGet(43)) - raft.server.rpc.sleep.time = 25ms (default)
2019-08-29 11:54:34,771 [97e3324b-235f-4ceb-956e-993ee2fe234c:group-B0168627F536:LeaderElection125] INFO  server.RaftServerConfigKeys (ConfUtils.java:logGet(43)) - raft.server.write.element-limit = 4096 (default)
2019-08-29 11:54:34,771 [97e3324b-235f-4ceb-956e-993ee2fe234c:group-B0168627F536:LeaderElection125] INFO  server.RaftServerConfigKeys (ConfUtils.java:logGet(43)) - raft.server.watch.timeout = 10s (default)
2019-08-29 11:54:34,771 [97e3324b-235f-4ceb-956e-993ee2fe234c:group-B0168627F536:LeaderElection125] INFO  server.RaftServerConfigKeys (ConfUtils.java:logGet(43)) - raft.server.watch.timeout.denomination = 1s (default)
2019-08-29 11:54:34,771 [97e3324b-235f-4ceb-956e-993ee2fe234c:group-B0168627F536:LeaderElection125] INFO  server.RaftServerConfigKeys (ConfUtils.java:logGet(43)) - raft.server.watch.element-limit = 65536 (default)
2019-08-29 11:54:34,771 [97e3324b-235f-4ceb-956e-993ee2fe234c:group-B0168627F536:LeaderElection125] INFO  impl.RoleInfo (RoleInfo.java:updateAndGet(143)) - 97e3324b-235f-4ceb-956e-993ee2fe234c: start LeaderState
2019-08-29 11:54:34,772 [97e3324b-235f-4ceb-956e-993ee2fe234c:group-B0168627F536:LeaderElection125] INFO  segmented.SegmentedRaftLogWorker (SegmentedRaftLogWorker.java:startLogSegment(380)) - 97e3324b-235f-4ceb-956e-993ee2fe234c-SegmentedRaftLogWorker:Storage Directory /workdir/hadoop-ozone/integration-test/target/test-dir/MiniOzoneClusterImpl-16ce5ac2-d92d-4b29-933b-33d00735e97e/datanode-6/data/ratis/fb890f54-cccf-4389-8bf5-b0168627f536: Starting segment from index:0
2019-08-29 11:54:34,772 [97e3324b-235f-4ceb-956e-993ee2fe234c:group-B0168627F536:LeaderElection125] INFO  impl.RaftServerImpl (ServerState.java:setRaftConf(361)) - 97e3324b-235f-4ceb-956e-993ee2fe234c:group-B0168627F536 set configuration 0: [97e3324b-235f-4ceb-956e-993ee2fe234c:192.168.5.171:44511], old=null at 0
2019-08-29 11:54:34,801 [Thread-2771] INFO  impl.FollowerState (FollowerState.java:run(106)) - 3442b9cb-a0d9-4a64-bd62-61dec9190efe:group-56BBAE2A5A03 changes to CANDIDATE, lastRpcTime:1148, electionTimeout:1129ms
2019-08-29 11:54:34,801 [Thread-2774] INFO  impl.FollowerState (FollowerState.java:run(106)) - 0927c2fb-bc54-48d8-8b4a-6f0f550fa3d8:group-A8FA0292109A changes to CANDIDATE, lastRpcTime:1090, electionTimeout:1071ms
2019-08-29 11:54:34,801 [Thread-2771] INFO  impl.RoleInfo (RoleInfo.java:shutdownFollowerState(121)) - 3442b9cb-a0d9-4a64-bd62-61dec9190efe: shutdown FollowerState
2019-08-29 11:54:34,801 [Thread-2774] INFO  impl.RoleInfo (RoleInfo.java:shutdownFollowerState(121)) - 0927c2fb-bc54-48d8-8b4a-6f0f550fa3d8: shutdown FollowerState
2019-08-29 11:54:34,801 [Thread-2771] INFO  impl.RaftServerImpl (RaftServerImpl.java:setRole(171)) - 3442b9cb-a0d9-4a64-bd62-61dec9190efe:group-56BBAE2A5A03 changes role from FOLLOWER to CANDIDATE at term 0 for changeToCandidate
2019-08-29 11:54:34,801 [Thread-2774] INFO  impl.RaftServerImpl (RaftServerImpl.java:setRole(171)) - 0927c2fb-bc54-48d8-8b4a-6f0f550fa3d8:group-A8FA0292109A changes role from FOLLOWER to CANDIDATE at term 0 for changeToCandidate
2019-08-29 11:54:34,801 [Thread-2771] INFO  impl.RoleInfo (RoleInfo.java:updateAndGet(143)) - 3442b9cb-a0d9-4a64-bd62-61dec9190efe: start LeaderElection
2019-08-29 11:54:34,801 [Thread-2774] INFO  impl.RoleInfo (RoleInfo.java:updateAndGet(143)) - 0927c2fb-bc54-48d8-8b4a-6f0f550fa3d8: start LeaderElection
2019-08-29 11:54:34,814 [97e3324b-235f-4ceb-956e-993ee2fe234c-SegmentedRaftLogWorker:Storage Directory /workdir/hadoop-ozone/integration-test/target/test-dir/MiniOzoneClusterImpl-16ce5ac2-d92d-4b29-933b-33d00735e97e/datanode-6/data/ratis/fb890f54-cccf-4389-8bf5-b0168627f536] INFO  segmented.SegmentedRaftLogWorker (SegmentedRaftLogWorker.java:execute(569)) - 97e3324b-235f-4ceb-956e-993ee2fe234c-SegmentedRaftLogWorker:Storage Directory /workdir/hadoop-ozone/integration-test/target/test-dir/MiniOzoneClusterImpl-16ce5ac2-d92d-4b29-933b-33d00735e97e/datanode-6/data/ratis/fb890f54-cccf-4389-8bf5-b0168627f536: created new log segment /workdir/hadoop-ozone/integration-test/target/test-dir/MiniOzoneClusterImpl-16ce5ac2-d92d-4b29-933b-33d00735e97e/datanode-6/data/ratis/fb890f54-cccf-4389-8bf5-b0168627f536/current/log_inprogress_0
2019-08-29 11:54:34,814 [3442b9cb-a0d9-4a64-bd62-61dec9190efe:group-56BBAE2A5A03:LeaderElection126] INFO  impl.LeaderElection (LeaderElection.java:askForVotes(181)) - 3442b9cb-a0d9-4a64-bd62-61dec9190efe:group-56BBAE2A5A03:LeaderElection126: begin an election at term 1 for -1: [3442b9cb-a0d9-4a64-bd62-61dec9190efe:192.168.5.171:44430], old=null
2019-08-29 11:54:34,814 [0927c2fb-bc54-48d8-8b4a-6f0f550fa3d8:group-A8FA0292109A:LeaderElection127] INFO  impl.LeaderElection (LeaderElection.java:askForVotes(181)) - 0927c2fb-bc54-48d8-8b4a-6f0f550fa3d8:group-A8FA0292109A:LeaderElection127: begin an election at term 1 for -1: [0927c2fb-bc54-48d8-8b4a-6f0f550fa3d8:192.168.5.171:45391, 79404ccb-3783-4150-88ba-2fea440d7696:192.168.5.171:38238, 0237fb14-0601-4188-bfaa-710869c5af5c:192.168.5.171:34413], old=null
2019-08-29 11:54:34,814 [3442b9cb-a0d9-4a64-bd62-61dec9190efe:group-56BBAE2A5A03:LeaderElection126] INFO  impl.RoleInfo (RoleInfo.java:shutdownLeaderElection(134)) - 3442b9cb-a0d9-4a64-bd62-61dec9190efe: shutdown LeaderElection
2019-08-29 11:54:34,815 [3442b9cb-a0d9-4a64-bd62-61dec9190efe:group-56BBAE2A5A03:LeaderElection126] INFO  impl.RaftServerImpl (RaftServerImpl.java:setRole(171)) - 3442b9cb-a0d9-4a64-bd62-61dec9190efe:group-56BBAE2A5A03 changes role from CANDIDATE to LEADER at term 1 for changeToLeader
2019-08-29 11:54:34,815 [3442b9cb-a0d9-4a64-bd62-61dec9190efe:group-56BBAE2A5A03:LeaderElection126] INFO  impl.RaftServerImpl (ServerState.java:setLeader(263)) - 3442b9cb-a0d9-4a64-bd62-61dec9190efe:group-56BBAE2A5A03 change Leader from null to 3442b9cb-a0d9-4a64-bd62-61dec9190efe at term 1 for becomeLeader, leader elected after 1166ms
2019-08-29 11:54:34,815 [3442b9cb-a0d9-4a64-bd62-61dec9190efe:group-56BBAE2A5A03:LeaderElection126] INFO  server.RaftServerConfigKeys (ConfUtils.java:logGet(43)) - raft.server.staging.catchup.gap = 1000 (default)
2019-08-29 11:54:34,815 [3442b9cb-a0d9-4a64-bd62-61dec9190efe:group-56BBAE2A5A03:LeaderElection126] INFO  server.RaftServerConfigKeys (ConfUtils.java:logGet(43)) - raft.server.rpc.sleep.time = 25ms (default)
2019-08-29 11:54:34,815 [3442b9cb-a0d9-4a64-bd62-61dec9190efe:group-56BBAE2A5A03:LeaderElection126] INFO  server.RaftServerConfigKeys (ConfUtils.java:logGet(43)) - raft.server.write.element-limit = 4096 (default)
2019-08-29 11:54:34,815 [3442b9cb-a0d9-4a64-bd62-61dec9190efe:group-56BBAE2A5A03:LeaderElection126] INFO  server.RaftServerConfigKeys (ConfUtils.java:logGet(43)) - raft.server.watch.timeout = 10s (default)
2019-08-29 11:54:34,815 [3442b9cb-a0d9-4a64-bd62-61dec9190efe:group-56BBAE2A5A03:LeaderElection126] INFO  server.RaftServerConfigKeys (ConfUtils.java:logGet(43)) - raft.server.watch.timeout.denomination = 1s (default)
2019-08-29 11:54:34,815 [3442b9cb-a0d9-4a64-bd62-61dec9190efe:group-56BBAE2A5A03:LeaderElection126] INFO  server.RaftServerConfigKeys (ConfUtils.java:logGet(43)) - raft.server.watch.element-limit = 65536 (default)
2019-08-29 11:54:34,816 [3442b9cb-a0d9-4a64-bd62-61dec9190efe:group-56BBAE2A5A03:LeaderElection126] INFO  impl.RoleInfo (RoleInfo.java:updateAndGet(143)) - 3442b9cb-a0d9-4a64-bd62-61dec9190efe: start LeaderState
2019-08-29 11:54:34,816 [3442b9cb-a0d9-4a64-bd62-61dec9190efe:group-56BBAE2A5A03:LeaderElection126] INFO  segmented.SegmentedRaftLogWorker (SegmentedRaftLogWorker.java:startLogSegment(380)) - 3442b9cb-a0d9-4a64-bd62-61dec9190efe-SegmentedRaftLogWorker:Storage Directory /workdir/hadoop-ozone/integration-test/target/test-dir/MiniOzoneClusterImpl-16ce5ac2-d92d-4b29-933b-33d00735e97e/datanode-8/data/ratis/43c0543d-8426-4e50-aa3a-56bbae2a5a03: Starting segment from index:0
2019-08-29 11:54:34,816 [3442b9cb-a0d9-4a64-bd62-61dec9190efe:group-56BBAE2A5A03:LeaderElection126] INFO  impl.RaftServerImpl (ServerState.java:setRaftConf(361)) - 3442b9cb-a0d9-4a64-bd62-61dec9190efe:group-56BBAE2A5A03 set configuration 0: [3442b9cb-a0d9-4a64-bd62-61dec9190efe:192.168.5.171:44430], old=null at 0
2019-08-29 11:54:34,845 [grpc-default-executor-7] INFO  impl.RaftServerImpl (RaftServerImpl.java:setRole(171)) - 0237fb14-0601-4188-bfaa-710869c5af5c:group-A8FA0292109A changes role from FOLLOWER to FOLLOWER at term 1 for recognizeCandidate:0927c2fb-bc54-48d8-8b4a-6f0f550fa3d8
2019-08-29 11:54:34,847 [grpc-default-executor-10] INFO  impl.RaftServerImpl (RaftServerImpl.java:setRole(171)) - 79404ccb-3783-4150-88ba-2fea440d7696:group-A8FA0292109A changes role from FOLLOWER to FOLLOWER at term 1 for recognizeCandidate:0927c2fb-bc54-48d8-8b4a-6f0f550fa3d8
2019-08-29 11:54:34,847 [grpc-default-executor-7] INFO  impl.RoleInfo (RoleInfo.java:shutdownFollowerState(121)) - 0237fb14-0601-4188-bfaa-710869c5af5c: shutdown FollowerState
2019-08-29 11:54:34,847 [grpc-default-executor-10] INFO  impl.RoleInfo (RoleInfo.java:shutdownFollowerState(121)) - 79404ccb-3783-4150-88ba-2fea440d7696: shutdown FollowerState
2019-08-29 11:54:34,847 [grpc-default-executor-7] INFO  impl.RoleInfo (RoleInfo.java:updateAndGet(143)) - 0237fb14-0601-4188-bfaa-710869c5af5c: start FollowerState
2019-08-29 11:54:34,848 | INFO  | SCMAudit | user=jenkins1000 | ip=192.168.5.171 | op=SEND_HEARTBEAT {datanodeUUID=21c7cf7b-6251-48a4-bdb1-01914484bde5, command=[]} | ret=SUCCESS |  
2019-08-29 11:54:34,847 [Thread-2779] INFO  impl.FollowerState (FollowerState.java:run(114)) - 0237fb14-0601-4188-bfaa-710869c5af5c: FollowerState was interrupted: java.lang.InterruptedException: sleep interrupted
2019-08-29 11:54:34,847 [grpc-default-executor-10] INFO  impl.RoleInfo (RoleInfo.java:updateAndGet(143)) - 79404ccb-3783-4150-88ba-2fea440d7696: start FollowerState
2019-08-29 11:54:34,848 [Thread-2780] INFO  impl.FollowerState (FollowerState.java:run(114)) - 79404ccb-3783-4150-88ba-2fea440d7696: FollowerState was interrupted: java.lang.InterruptedException: sleep interrupted
2019-08-29 11:54:34,856 [3442b9cb-a0d9-4a64-bd62-61dec9190efe-SegmentedRaftLogWorker:Storage Directory /workdir/hadoop-ozone/integration-test/target/test-dir/MiniOzoneClusterImpl-16ce5ac2-d92d-4b29-933b-33d00735e97e/datanode-8/data/ratis/43c0543d-8426-4e50-aa3a-56bbae2a5a03] INFO  segmented.SegmentedRaftLogWorker (SegmentedRaftLogWorker.java:execute(569)) - 3442b9cb-a0d9-4a64-bd62-61dec9190efe-SegmentedRaftLogWorker:Storage Directory /workdir/hadoop-ozone/integration-test/target/test-dir/MiniOzoneClusterImpl-16ce5ac2-d92d-4b29-933b-33d00735e97e/datanode-8/data/ratis/43c0543d-8426-4e50-aa3a-56bbae2a5a03: created new log segment /workdir/hadoop-ozone/integration-test/target/test-dir/MiniOzoneClusterImpl-16ce5ac2-d92d-4b29-933b-33d00735e97e/datanode-8/data/ratis/43c0543d-8426-4e50-aa3a-56bbae2a5a03/current/log_inprogress_0
2019-08-29 11:54:34,863 [0927c2fb-bc54-48d8-8b4a-6f0f550fa3d8:group-A8FA0292109A:LeaderElection127] INFO  impl.LeaderElection (LeaderElection.java:logAndReturn(56)) - 0927c2fb-bc54-48d8-8b4a-6f0f550fa3d8:group-A8FA0292109A:LeaderElection127: Election PASSED; received 1 response(s) [0927c2fb-bc54-48d8-8b4a-6f0f550fa3d8<-0237fb14-0601-4188-bfaa-710869c5af5c#0:OK-t1] and 0 exception(s); 0927c2fb-bc54-48d8-8b4a-6f0f550fa3d8:t1, leader=null, voted=0927c2fb-bc54-48d8-8b4a-6f0f550fa3d8, raftlog=0927c2fb-bc54-48d8-8b4a-6f0f550fa3d8-SegmentedRaftLog:OPENED:c-1,f-1,i0, conf=-1: [0927c2fb-bc54-48d8-8b4a-6f0f550fa3d8:192.168.5.171:45391, 79404ccb-3783-4150-88ba-2fea440d7696:192.168.5.171:38238, 0237fb14-0601-4188-bfaa-710869c5af5c:192.168.5.171:34413], old=null
2019-08-29 11:54:34,863 [0927c2fb-bc54-48d8-8b4a-6f0f550fa3d8:group-A8FA0292109A:LeaderElection127] INFO  impl.RoleInfo (RoleInfo.java:shutdownLeaderElection(134)) - 0927c2fb-bc54-48d8-8b4a-6f0f550fa3d8: shutdown LeaderElection
2019-08-29 11:54:34,863 [0927c2fb-bc54-48d8-8b4a-6f0f550fa3d8:group-A8FA0292109A:LeaderElection127] INFO  impl.RaftServerImpl (RaftServerImpl.java:setRole(171)) - 0927c2fb-bc54-48d8-8b4a-6f0f550fa3d8:group-A8FA0292109A changes role from CANDIDATE to LEADER at term 1 for changeToLeader
2019-08-29 11:54:34,863 [0927c2fb-bc54-48d8-8b4a-6f0f550fa3d8:group-A8FA0292109A:LeaderElection127] INFO  impl.RaftServerImpl (ServerState.java:setLeader(263)) - 0927c2fb-bc54-48d8-8b4a-6f0f550fa3d8:group-A8FA0292109A change Leader from null to 0927c2fb-bc54-48d8-8b4a-6f0f550fa3d8 at term 1 for becomeLeader, leader elected after 1158ms
2019-08-29 11:54:34,863 [0927c2fb-bc54-48d8-8b4a-6f0f550fa3d8:group-A8FA0292109A:LeaderElection127] INFO  server.RaftServerConfigKeys (ConfUtils.java:logGet(43)) - raft.server.staging.catchup.gap = 1000 (default)
2019-08-29 11:54:34,864 [0927c2fb-bc54-48d8-8b4a-6f0f550fa3d8:group-A8FA0292109A:LeaderElection127] INFO  server.RaftServerConfigKeys (ConfUtils.java:logGet(43)) - raft.server.rpc.sleep.time = 25ms (default)
2019-08-29 11:54:34,864 [0927c2fb-bc54-48d8-8b4a-6f0f550fa3d8:group-A8FA0292109A:LeaderElection127] INFO  server.RaftServerConfigKeys (ConfUtils.java:logGet(43)) - raft.server.write.element-limit = 4096 (default)
2019-08-29 11:54:34,864 [0927c2fb-bc54-48d8-8b4a-6f0f550fa3d8:group-A8FA0292109A:LeaderElection127] INFO  server.RaftServerConfigKeys (ConfUtils.java:logGet(43)) - raft.server.watch.timeout = 10s (default)
2019-08-29 11:54:34,864 [0927c2fb-bc54-48d8-8b4a-6f0f550fa3d8:group-A8FA0292109A:LeaderElection127] INFO  server.RaftServerConfigKeys (ConfUtils.java:logGet(43)) - raft.server.watch.timeout.denomination = 1s (default)
2019-08-29 11:54:34,864 [0927c2fb-bc54-48d8-8b4a-6f0f550fa3d8:group-A8FA0292109A:LeaderElection127] INFO  server.RaftServerConfigKeys (ConfUtils.java:logGet(43)) - raft.server.watch.element-limit = 65536 (default)
2019-08-29 11:54:34,864 [0927c2fb-bc54-48d8-8b4a-6f0f550fa3d8:group-A8FA0292109A:LeaderElection127] INFO  server.RaftServerConfigKeys (ConfUtils.java:logGet(43)) - raft.server.log.appender.snapshot.chunk.size.max = 16MB (=16777216) (default)
2019-08-29 11:54:34,864 [0927c2fb-bc54-48d8-8b4a-6f0f550fa3d8:group-A8FA0292109A:LeaderElection127] INFO  server.RaftServerConfigKeys (ConfUtils.java:logGet(43)) - raft.server.log.appender.buffer.byte-limit = 33554432 (custom)
2019-08-29 11:54:34,864 [0927c2fb-bc54-48d8-8b4a-6f0f550fa3d8:group-A8FA0292109A:LeaderElection127] INFO  server.RaftServerConfigKeys (ConfUtils.java:logGet(43)) - raft.server.log.appender.buffer.element-limit = 1 (custom)
2019-08-29 11:54:34,865 [0927c2fb-bc54-48d8-8b4a-6f0f550fa3d8:group-A8FA0292109A:LeaderElection127] INFO  grpc.GrpcConfigKeys$Server (ConfUtils.java:logGet(43)) - raft.grpc.server.leader.outstanding.appends.max = 128 (default)
2019-08-29 11:54:34,865 [0927c2fb-bc54-48d8-8b4a-6f0f550fa3d8:group-A8FA0292109A:LeaderElection127] INFO  server.RaftServerConfigKeys (ConfUtils.java:logGet(43)) - raft.server.rpc.request.timeout = 3000ms (default)
2019-08-29 11:54:34,865 [0927c2fb-bc54-48d8-8b4a-6f0f550fa3d8:group-A8FA0292109A:LeaderElection127] INFO  server.RaftServerConfigKeys (ConfUtils.java:logGet(43)) - raft.server.log.appender.install.snapshot.enabled = false (custom)
2019-08-29 11:54:34,865 [0927c2fb-bc54-48d8-8b4a-6f0f550fa3d8:group-A8FA0292109A:LeaderElection127] INFO  server.RaftServerConfigKeys (ConfUtils.java:logGet(43)) - raft.server.log.appender.snapshot.chunk.size.max = 16MB (=16777216) (default)
2019-08-29 11:54:34,865 [0927c2fb-bc54-48d8-8b4a-6f0f550fa3d8:group-A8FA0292109A:LeaderElection127] INFO  server.RaftServerConfigKeys (ConfUtils.java:logGet(43)) - raft.server.log.appender.buffer.byte-limit = 33554432 (custom)
2019-08-29 11:54:34,865 [0927c2fb-bc54-48d8-8b4a-6f0f550fa3d8:group-A8FA0292109A:LeaderElection127] INFO  server.RaftServerConfigKeys (ConfUtils.java:logGet(43)) - raft.server.log.appender.buffer.element-limit = 1 (custom)
2019-08-29 11:54:34,865 [0927c2fb-bc54-48d8-8b4a-6f0f550fa3d8:group-A8FA0292109A:LeaderElection127] INFO  grpc.GrpcConfigKeys$Server (ConfUtils.java:logGet(43)) - raft.grpc.server.leader.outstanding.appends.max = 128 (default)
2019-08-29 11:54:34,865 [0927c2fb-bc54-48d8-8b4a-6f0f550fa3d8:group-A8FA0292109A:LeaderElection127] INFO  server.RaftServerConfigKeys (ConfUtils.java:logGet(43)) - raft.server.rpc.request.timeout = 3000ms (default)
2019-08-29 11:54:34,865 [0927c2fb-bc54-48d8-8b4a-6f0f550fa3d8:group-A8FA0292109A:LeaderElection127] INFO  server.RaftServerConfigKeys (ConfUtils.java:logGet(43)) - raft.server.log.appender.install.snapshot.enabled = false (custom)
2019-08-29 11:54:34,866 [0927c2fb-bc54-48d8-8b4a-6f0f550fa3d8:group-A8FA0292109A:LeaderElection127] INFO  impl.RoleInfo (RoleInfo.java:updateAndGet(143)) - 0927c2fb-bc54-48d8-8b4a-6f0f550fa3d8: start LeaderState
2019-08-29 11:54:34,866 [0927c2fb-bc54-48d8-8b4a-6f0f550fa3d8:group-A8FA0292109A:LeaderElection127] INFO  segmented.SegmentedRaftLogWorker (SegmentedRaftLogWorker.java:startLogSegment(380)) - 0927c2fb-bc54-48d8-8b4a-6f0f550fa3d8-SegmentedRaftLogWorker:Storage Directory /workdir/hadoop-ozone/integration-test/target/test-dir/MiniOzoneClusterImpl-16ce5ac2-d92d-4b29-933b-33d00735e97e/datanode-9/data/ratis/2f0ce970-39b3-492c-9e8e-a8fa0292109a: Starting segment from index:0
2019-08-29 11:54:34,866 [0927c2fb-bc54-48d8-8b4a-6f0f550fa3d8:group-A8FA0292109A:LeaderElection127] INFO  impl.RaftServerImpl (ServerState.java:setRaftConf(361)) - 0927c2fb-bc54-48d8-8b4a-6f0f550fa3d8:group-A8FA0292109A set configuration 0: [0927c2fb-bc54-48d8-8b4a-6f0f550fa3d8:192.168.5.171:45391, 79404ccb-3783-4150-88ba-2fea440d7696:192.168.5.171:38238, 0237fb14-0601-4188-bfaa-710869c5af5c:192.168.5.171:34413], old=null at 0
2019-08-29 11:54:34,907 [grpc-default-executor-10] INFO  impl.RaftServerImpl (ServerState.java:setLeader(263)) - 79404ccb-3783-4150-88ba-2fea440d7696:group-A8FA0292109A change Leader from null to 0927c2fb-bc54-48d8-8b4a-6f0f550fa3d8 at term 1 for appendEntries, leader elected after 1202ms
2019-08-29 11:54:34,907 [grpc-default-executor-7] INFO  impl.RaftServerImpl (ServerState.java:setLeader(263)) - 0237fb14-0601-4188-bfaa-710869c5af5c:group-A8FA0292109A change Leader from null to 0927c2fb-bc54-48d8-8b4a-6f0f550fa3d8 at term 1 for appendEntries, leader elected after 1201ms
2019-08-29 11:54:34,914 [grpc-default-executor-10] INFO  impl.RaftServerImpl (ServerState.java:setRaftConf(361)) - 79404ccb-3783-4150-88ba-2fea440d7696:group-A8FA0292109A set configuration 0: [0927c2fb-bc54-48d8-8b4a-6f0f550fa3d8:192.168.5.171:45391, 79404ccb-3783-4150-88ba-2fea440d7696:192.168.5.171:38238, 0237fb14-0601-4188-bfaa-710869c5af5c:192.168.5.171:34413], old=null at 0
2019-08-29 11:54:34,914 [grpc-default-executor-7] INFO  impl.RaftServerImpl (ServerState.java:setRaftConf(361)) - 0237fb14-0601-4188-bfaa-710869c5af5c:group-A8FA0292109A set configuration 0: [0927c2fb-bc54-48d8-8b4a-6f0f550fa3d8:192.168.5.171:45391, 79404ccb-3783-4150-88ba-2fea440d7696:192.168.5.171:38238, 0237fb14-0601-4188-bfaa-710869c5af5c:192.168.5.171:34413], old=null at 0
2019-08-29 11:54:34,914 [grpc-default-executor-10] INFO  segmented.SegmentedRaftLogWorker (SegmentedRaftLogWorker.java:startLogSegment(380)) - 79404ccb-3783-4150-88ba-2fea440d7696-SegmentedRaftLogWorker:Storage Directory /workdir/hadoop-ozone/integration-test/target/test-dir/MiniOzoneClusterImpl-16ce5ac2-d92d-4b29-933b-33d00735e97e/datanode-2/data/ratis/2f0ce970-39b3-492c-9e8e-a8fa0292109a: Starting segment from index:0
2019-08-29 11:54:34,914 [grpc-default-executor-7] INFO  segmented.SegmentedRaftLogWorker (SegmentedRaftLogWorker.java:startLogSegment(380)) - 0237fb14-0601-4188-bfaa-710869c5af5c-SegmentedRaftLogWorker:Storage Directory /workdir/hadoop-ozone/integration-test/target/test-dir/MiniOzoneClusterImpl-16ce5ac2-d92d-4b29-933b-33d00735e97e/datanode-4/data/ratis/2f0ce970-39b3-492c-9e8e-a8fa0292109a: Starting segment from index:0
2019-08-29 11:54:34,919 [0927c2fb-bc54-48d8-8b4a-6f0f550fa3d8-SegmentedRaftLogWorker:Storage Directory /workdir/hadoop-ozone/integration-test/target/test-dir/MiniOzoneClusterImpl-16ce5ac2-d92d-4b29-933b-33d00735e97e/datanode-9/data/ratis/2f0ce970-39b3-492c-9e8e-a8fa0292109a] INFO  segmented.SegmentedRaftLogWorker (SegmentedRaftLogWorker.java:execute(569)) - 0927c2fb-bc54-48d8-8b4a-6f0f550fa3d8-SegmentedRaftLogWorker:Storage Directory /workdir/hadoop-ozone/integration-test/target/test-dir/MiniOzoneClusterImpl-16ce5ac2-d92d-4b29-933b-33d00735e97e/datanode-9/data/ratis/2f0ce970-39b3-492c-9e8e-a8fa0292109a: created new log segment /workdir/hadoop-ozone/integration-test/target/test-dir/MiniOzoneClusterImpl-16ce5ac2-d92d-4b29-933b-33d00735e97e/datanode-9/data/ratis/2f0ce970-39b3-492c-9e8e-a8fa0292109a/current/log_inprogress_0
2019-08-29 11:54:34,924 | INFO  | SCMAudit | user=jenkins1000 | ip=192.168.5.171 | op=SEND_HEARTBEAT {datanodeUUID=368ac840-1874-400c-9a5e-97ce3a83695d, command=[]} | ret=SUCCESS |  
2019-08-29 11:54:34,953 [0237fb14-0601-4188-bfaa-710869c5af5c-SegmentedRaftLogWorker:Storage Directory /workdir/hadoop-ozone/integration-test/target/test-dir/MiniOzoneClusterImpl-16ce5ac2-d92d-4b29-933b-33d00735e97e/datanode-4/data/ratis/2f0ce970-39b3-492c-9e8e-a8fa0292109a] INFO  segmented.SegmentedRaftLogWorker (SegmentedRaftLogWorker.java:execute(569)) - 0237fb14-0601-4188-bfaa-710869c5af5c-SegmentedRaftLogWorker:Storage Directory /workdir/hadoop-ozone/integration-test/target/test-dir/MiniOzoneClusterImpl-16ce5ac2-d92d-4b29-933b-33d00735e97e/datanode-4/data/ratis/2f0ce970-39b3-492c-9e8e-a8fa0292109a: created new log segment /workdir/hadoop-ozone/integration-test/target/test-dir/MiniOzoneClusterImpl-16ce5ac2-d92d-4b29-933b-33d00735e97e/datanode-4/data/ratis/2f0ce970-39b3-492c-9e8e-a8fa0292109a/current/log_inprogress_0
2019-08-29 11:54:34,953 [79404ccb-3783-4150-88ba-2fea440d7696-SegmentedRaftLogWorker:Storage Directory /workdir/hadoop-ozone/integration-test/target/test-dir/MiniOzoneClusterImpl-16ce5ac2-d92d-4b29-933b-33d00735e97e/datanode-2/data/ratis/2f0ce970-39b3-492c-9e8e-a8fa0292109a] INFO  segmented.SegmentedRaftLogWorker (SegmentedRaftLogWorker.java:execute(569)) - 79404ccb-3783-4150-88ba-2fea440d7696-SegmentedRaftLogWorker:Storage Directory /workdir/hadoop-ozone/integration-test/target/test-dir/MiniOzoneClusterImpl-16ce5ac2-d92d-4b29-933b-33d00735e97e/datanode-2/data/ratis/2f0ce970-39b3-492c-9e8e-a8fa0292109a: created new log segment /workdir/hadoop-ozone/integration-test/target/test-dir/MiniOzoneClusterImpl-16ce5ac2-d92d-4b29-933b-33d00735e97e/datanode-2/data/ratis/2f0ce970-39b3-492c-9e8e-a8fa0292109a/current/log_inprogress_0
2019-08-29 11:54:34,984 | INFO  | SCMAudit | user=jenkins1000 | ip=192.168.5.171 | op=SEND_HEARTBEAT {datanodeUUID=79404ccb-3783-4150-88ba-2fea440d7696, command=[]} | ret=SUCCESS |  
2019-08-29 11:54:35,047 | INFO  | SCMAudit | user=jenkins1000 | ip=192.168.5.171 | op=SEND_HEARTBEAT {datanodeUUID=edbdd45e-116e-45c7-951f-264ab28d364f, command=[]} | ret=SUCCESS |  
2019-08-29 11:54:35,109 [Datanode State Machine Thread - 0] INFO  statemachine.DatanodeStateMachine (DatanodeStateMachine.java:lambda$startDaemon$0(350)) - Ozone container server started.
2019-08-29 11:54:35,182 | INFO  | SCMAudit | user=jenkins1000 | ip=192.168.5.171 | op=SEND_HEARTBEAT {datanodeUUID=822b3223-74a0-44c8-ae72-b72e27a17b65, command=[]} | ret=SUCCESS |  
2019-08-29 11:54:35,244 | INFO  | SCMAudit | user=jenkins1000 | ip=192.168.5.171 | op=SEND_HEARTBEAT {datanodeUUID=97e3324b-235f-4ceb-956e-993ee2fe234c, command=[]} | ret=SUCCESS |  
2019-08-29 11:54:35,311 | INFO  | SCMAudit | user=jenkins1000 | ip=192.168.5.171 | op=SEND_HEARTBEAT {datanodeUUID=6997f81c-1ecf-488f-a14c-812b649ddfad, command=[]} | ret=SUCCESS |  
2019-08-29 11:54:35,367 [Thread-2785] INFO  impl.FollowerState (FollowerState.java:run(106)) - 368ac840-1874-400c-9a5e-97ce3a83695d:group-C6E4A73C4023 changes to CANDIDATE, lastRpcTime:1056, electionTimeout:1056ms
2019-08-29 11:54:35,368 [Thread-2785] INFO  impl.RoleInfo (RoleInfo.java:shutdownFollowerState(121)) - 368ac840-1874-400c-9a5e-97ce3a83695d: shutdown FollowerState
2019-08-29 11:54:35,368 [Thread-2785] INFO  impl.RaftServerImpl (RaftServerImpl.java:setRole(171)) - 368ac840-1874-400c-9a5e-97ce3a83695d:group-C6E4A73C4023 changes role from FOLLOWER to CANDIDATE at term 0 for changeToCandidate
2019-08-29 11:54:35,368 [Thread-2785] INFO  impl.RoleInfo (RoleInfo.java:updateAndGet(143)) - 368ac840-1874-400c-9a5e-97ce3a83695d: start LeaderElection
2019-08-29 11:54:35,380 | INFO  | SCMAudit | user=jenkins1000 | ip=192.168.5.171 | op=SEND_HEARTBEAT {datanodeUUID=3442b9cb-a0d9-4a64-bd62-61dec9190efe, command=[]} | ret=SUCCESS |  
2019-08-29 11:54:35,394 [368ac840-1874-400c-9a5e-97ce3a83695d:group-C6E4A73C4023:LeaderElection128] INFO  impl.LeaderElection (LeaderElection.java:askForVotes(181)) - 368ac840-1874-400c-9a5e-97ce3a83695d:group-C6E4A73C4023:LeaderElection128: begin an election at term 1 for -1: [822b3223-74a0-44c8-ae72-b72e27a17b65:192.168.5.171:45414, 21c7cf7b-6251-48a4-bdb1-01914484bde5:192.168.5.171:42450, 368ac840-1874-400c-9a5e-97ce3a83695d:192.168.5.171:40345], old=null
2019-08-29 11:54:35,395 [Thread-2789] INFO  impl.FollowerState (FollowerState.java:run(106)) - 822b3223-74a0-44c8-ae72-b72e27a17b65:group-C6E4A73C4023 changes to CANDIDATE, lastRpcTime:1078, electionTimeout:1078ms
2019-08-29 11:54:35,395 [Thread-2789] INFO  impl.RoleInfo (RoleInfo.java:shutdownFollowerState(121)) - 822b3223-74a0-44c8-ae72-b72e27a17b65: shutdown FollowerState
2019-08-29 11:54:35,395 [Thread-2789] INFO  impl.RaftServerImpl (RaftServerImpl.java:setRole(171)) - 822b3223-74a0-44c8-ae72-b72e27a17b65:group-C6E4A73C4023 changes role from FOLLOWER to CANDIDATE at term 0 for changeToCandidate
2019-08-29 11:54:35,395 [Thread-2789] INFO  impl.RoleInfo (RoleInfo.java:updateAndGet(143)) - 822b3223-74a0-44c8-ae72-b72e27a17b65: start LeaderElection
2019-08-29 11:54:35,449 [Thread-2797] INFO  impl.FollowerState (FollowerState.java:run(106)) - 97e3324b-235f-4ceb-956e-993ee2fe234c:group-FEC9ABEF0498 changes to CANDIDATE, lastRpcTime:1054, electionTimeout:1054ms
2019-08-29 11:54:35,449 [Thread-2797] INFO  impl.RoleInfo (RoleInfo.java:shutdownFollowerState(121)) - 97e3324b-235f-4ceb-956e-993ee2fe234c: shutdown FollowerState
2019-08-29 11:54:35,449 [Thread-2797] INFO  impl.RaftServerImpl (RaftServerImpl.java:setRole(171)) - 97e3324b-235f-4ceb-956e-993ee2fe234c:group-FEC9ABEF0498 changes role from FOLLOWER to CANDIDATE at term 0 for changeToCandidate
2019-08-29 11:54:35,449 [Thread-2797] INFO  impl.RoleInfo (RoleInfo.java:updateAndGet(143)) - 97e3324b-235f-4ceb-956e-993ee2fe234c: start LeaderElection
2019-08-29 11:54:35,456 | INFO  | SCMAudit | user=jenkins1000 | ip=192.168.5.171 | op=SEND_HEARTBEAT {datanodeUUID=0927c2fb-bc54-48d8-8b4a-6f0f550fa3d8, command=[]} | ret=SUCCESS |  
2019-08-29 11:54:35,462 [822b3223-74a0-44c8-ae72-b72e27a17b65:group-C6E4A73C4023:LeaderElection129] INFO  impl.LeaderElection (LeaderElection.java:askForVotes(181)) - 822b3223-74a0-44c8-ae72-b72e27a17b65:group-C6E4A73C4023:LeaderElection129: begin an election at term 1 for -1: [822b3223-74a0-44c8-ae72-b72e27a17b65:192.168.5.171:45414, 21c7cf7b-6251-48a4-bdb1-01914484bde5:192.168.5.171:42450, 368ac840-1874-400c-9a5e-97ce3a83695d:192.168.5.171:40345], old=null
2019-08-29 11:54:35,480 [Thread-2801] INFO  impl.FollowerState (FollowerState.java:run(106)) - edbdd45e-116e-45c7-951f-264ab28d364f:group-FEC9ABEF0498 changes to CANDIDATE, lastRpcTime:1081, electionTimeout:1081ms
2019-08-29 11:54:35,480 [Thread-2801] INFO  impl.RoleInfo (RoleInfo.java:shutdownFollowerState(121)) - edbdd45e-116e-45c7-951f-264ab28d364f: shutdown FollowerState
2019-08-29 11:54:35,480 [Thread-2801] INFO  impl.RaftServerImpl (RaftServerImpl.java:setRole(171)) - edbdd45e-116e-45c7-951f-264ab28d364f:group-FEC9ABEF0498 changes role from FOLLOWER to CANDIDATE at term 0 for changeToCandidate
2019-08-29 11:54:35,532 [Thread-2802] INFO  impl.FollowerState (FollowerState.java:run(106)) - 6997f81c-1ecf-488f-a14c-812b649ddfad:group-FEC9ABEF0498 changes to CANDIDATE, lastRpcTime:1133, electionTimeout:1133ms
2019-08-29 11:54:35,532 [Thread-2802] INFO  impl.RoleInfo (RoleInfo.java:shutdownFollowerState(121)) - 6997f81c-1ecf-488f-a14c-812b649ddfad: shutdown FollowerState
2019-08-29 11:54:35,532 [Thread-2802] INFO  impl.RaftServerImpl (RaftServerImpl.java:setRole(171)) - 6997f81c-1ecf-488f-a14c-812b649ddfad:group-FEC9ABEF0498 changes role from FOLLOWER to CANDIDATE at term 0 for changeToCandidate
2019-08-29 11:54:35,592 [Thread-2802] INFO  impl.RoleInfo (RoleInfo.java:updateAndGet(143)) - 6997f81c-1ecf-488f-a14c-812b649ddfad: start LeaderElection
2019-08-29 11:54:35,592 [Thread-2801] INFO  impl.RoleInfo (RoleInfo.java:updateAndGet(143)) - edbdd45e-116e-45c7-951f-264ab28d364f: start LeaderElection
2019-08-29 11:54:35,598 [grpc-default-executor-10] INFO  impl.RaftServerImpl (RaftServerImpl.java:setRole(171)) - 21c7cf7b-6251-48a4-bdb1-01914484bde5:group-C6E4A73C4023 changes role from FOLLOWER to FOLLOWER at term 1 for recognizeCandidate:368ac840-1874-400c-9a5e-97ce3a83695d
2019-08-29 11:54:35,601 [grpc-default-executor-10] INFO  impl.RoleInfo (RoleInfo.java:shutdownFollowerState(121)) - 21c7cf7b-6251-48a4-bdb1-01914484bde5: shutdown FollowerState
2019-08-29 11:54:35,602 [grpc-default-executor-10] INFO  impl.RoleInfo (RoleInfo.java:updateAndGet(143)) - 21c7cf7b-6251-48a4-bdb1-01914484bde5: start FollowerState
2019-08-29 11:54:35,615 [edbdd45e-116e-45c7-951f-264ab28d364f:group-FEC9ABEF0498:LeaderElection131] INFO  impl.LeaderElection (LeaderElection.java:askForVotes(181)) - edbdd45e-116e-45c7-951f-264ab28d364f:group-FEC9ABEF0498:LeaderElection131: begin an election at term 1 for -1: [97e3324b-235f-4ceb-956e-993ee2fe234c:192.168.5.171:44511, 6997f81c-1ecf-488f-a14c-812b649ddfad:192.168.5.171:45289, edbdd45e-116e-45c7-951f-264ab28d364f:192.168.5.171:42495], old=null
2019-08-29 11:54:35,615 [97e3324b-235f-4ceb-956e-993ee2fe234c:group-FEC9ABEF0498:LeaderElection130] INFO  impl.LeaderElection (LeaderElection.java:askForVotes(181)) - 97e3324b-235f-4ceb-956e-993ee2fe234c:group-FEC9ABEF0498:LeaderElection130: begin an election at term 1 for -1: [97e3324b-235f-4ceb-956e-993ee2fe234c:192.168.5.171:44511, 6997f81c-1ecf-488f-a14c-812b649ddfad:192.168.5.171:45289, edbdd45e-116e-45c7-951f-264ab28d364f:192.168.5.171:42495], old=null
2019-08-29 11:54:35,615 [6997f81c-1ecf-488f-a14c-812b649ddfad:group-FEC9ABEF0498:LeaderElection132] INFO  impl.LeaderElection (LeaderElection.java:askForVotes(181)) - 6997f81c-1ecf-488f-a14c-812b649ddfad:group-FEC9ABEF0498:LeaderElection132: begin an election at term 1 for -1: [97e3324b-235f-4ceb-956e-993ee2fe234c:192.168.5.171:44511, 6997f81c-1ecf-488f-a14c-812b649ddfad:192.168.5.171:45289, edbdd45e-116e-45c7-951f-264ab28d364f:192.168.5.171:42495], old=null
2019-08-29 11:54:35,622 [368ac840-1874-400c-9a5e-97ce3a83695d:group-C6E4A73C4023:LeaderElection128] INFO  impl.LeaderElection (LeaderElection.java:logAndReturn(56)) - 368ac840-1874-400c-9a5e-97ce3a83695d:group-C6E4A73C4023:LeaderElection128: Election PASSED; received 2 response(s) [368ac840-1874-400c-9a5e-97ce3a83695d<-822b3223-74a0-44c8-ae72-b72e27a17b65#0:FAIL-t1, 368ac840-1874-400c-9a5e-97ce3a83695d<-21c7cf7b-6251-48a4-bdb1-01914484bde5#0:OK-t1] and 0 exception(s); 368ac840-1874-400c-9a5e-97ce3a83695d:t1, leader=null, voted=368ac840-1874-400c-9a5e-97ce3a83695d, raftlog=368ac840-1874-400c-9a5e-97ce3a83695d-SegmentedRaftLog:OPENED:c-1,f-1,i0, conf=-1: [822b3223-74a0-44c8-ae72-b72e27a17b65:192.168.5.171:45414, 21c7cf7b-6251-48a4-bdb1-01914484bde5:192.168.5.171:42450, 368ac840-1874-400c-9a5e-97ce3a83695d:192.168.5.171:40345], old=null
2019-08-29 11:54:35,622 [822b3223-74a0-44c8-ae72-b72e27a17b65:group-C6E4A73C4023:LeaderElection129] INFO  impl.LeaderElection (LeaderElection.java:logAndReturn(56)) - 822b3223-74a0-44c8-ae72-b72e27a17b65:group-C6E4A73C4023:LeaderElection129: Election REJECTED; received 2 response(s) [822b3223-74a0-44c8-ae72-b72e27a17b65<-21c7cf7b-6251-48a4-bdb1-01914484bde5#0:FAIL-t1, 822b3223-74a0-44c8-ae72-b72e27a17b65<-368ac840-1874-400c-9a5e-97ce3a83695d#0:FAIL-t1] and 0 exception(s); 822b3223-74a0-44c8-ae72-b72e27a17b65:t1, leader=null, voted=822b3223-74a0-44c8-ae72-b72e27a17b65, raftlog=822b3223-74a0-44c8-ae72-b72e27a17b65-SegmentedRaftLog:OPENED:c-1,f-1,i0, conf=-1: [822b3223-74a0-44c8-ae72-b72e27a17b65:192.168.5.171:45414, 21c7cf7b-6251-48a4-bdb1-01914484bde5:192.168.5.171:42450, 368ac840-1874-400c-9a5e-97ce3a83695d:192.168.5.171:40345], old=null
2019-08-29 11:54:35,622 [368ac840-1874-400c-9a5e-97ce3a83695d:group-C6E4A73C4023:LeaderElection128] INFO  impl.RoleInfo (RoleInfo.java:shutdownLeaderElection(134)) - 368ac840-1874-400c-9a5e-97ce3a83695d: shutdown LeaderElection
2019-08-29 11:54:35,622 [822b3223-74a0-44c8-ae72-b72e27a17b65:group-C6E4A73C4023:LeaderElection129] INFO  impl.RaftServerImpl (RaftServerImpl.java:setRole(171)) - 822b3223-74a0-44c8-ae72-b72e27a17b65:group-C6E4A73C4023 changes role from CANDIDATE to FOLLOWER at term 1 for DISCOVERED_A_NEW_TERM
2019-08-29 11:54:35,622 [368ac840-1874-400c-9a5e-97ce3a83695d:group-C6E4A73C4023:LeaderElection128] INFO  impl.RaftServerImpl (RaftServerImpl.java:setRole(171)) - 368ac840-1874-400c-9a5e-97ce3a83695d:group-C6E4A73C4023 changes role from CANDIDATE to LEADER at term 1 for changeToLeader
2019-08-29 11:54:35,623 [822b3223-74a0-44c8-ae72-b72e27a17b65:group-C6E4A73C4023:LeaderElection129] INFO  impl.RoleInfo (RoleInfo.java:shutdownLeaderElection(134)) - 822b3223-74a0-44c8-ae72-b72e27a17b65: shutdown LeaderElection
2019-08-29 11:54:35,623 [368ac840-1874-400c-9a5e-97ce3a83695d:group-C6E4A73C4023:LeaderElection128] INFO  impl.RaftServerImpl (ServerState.java:setLeader(263)) - 368ac840-1874-400c-9a5e-97ce3a83695d:group-C6E4A73C4023 change Leader from null to 368ac840-1874-400c-9a5e-97ce3a83695d at term 1 for becomeLeader, leader elected after 1316ms
2019-08-29 11:54:35,623 [822b3223-74a0-44c8-ae72-b72e27a17b65:group-C6E4A73C4023:LeaderElection129] INFO  impl.RoleInfo (RoleInfo.java:updateAndGet(143)) - 822b3223-74a0-44c8-ae72-b72e27a17b65: start FollowerState
2019-08-29 11:54:35,623 [368ac840-1874-400c-9a5e-97ce3a83695d:group-C6E4A73C4023:LeaderElection128] INFO  server.RaftServerConfigKeys (ConfUtils.java:logGet(43)) - raft.server.staging.catchup.gap = 1000 (default)
2019-08-29 11:54:35,623 [368ac840-1874-400c-9a5e-97ce3a83695d:group-C6E4A73C4023:LeaderElection128] INFO  server.RaftServerConfigKeys (ConfUtils.java:logGet(43)) - raft.server.rpc.sleep.time = 25ms (default)
2019-08-29 11:54:35,626 [368ac840-1874-400c-9a5e-97ce3a83695d:group-C6E4A73C4023:LeaderElection128] INFO  server.RaftServerConfigKeys (ConfUtils.java:logGet(43)) - raft.server.write.element-limit = 4096 (default)
2019-08-29 11:54:35,626 [368ac840-1874-400c-9a5e-97ce3a83695d:group-C6E4A73C4023:LeaderElection128] INFO  server.RaftServerConfigKeys (ConfUtils.java:logGet(43)) - raft.server.watch.timeout = 10s (default)
2019-08-29 11:54:35,626 [368ac840-1874-400c-9a5e-97ce3a83695d:group-C6E4A73C4023:LeaderElection128] INFO  server.RaftServerConfigKeys (ConfUtils.java:logGet(43)) - raft.server.watch.timeout.denomination = 1s (default)
2019-08-29 11:54:35,626 [368ac840-1874-400c-9a5e-97ce3a83695d:group-C6E4A73C4023:LeaderElection128] INFO  server.RaftServerConfigKeys (ConfUtils.java:logGet(43)) - raft.server.watch.element-limit = 65536 (default)
2019-08-29 11:54:35,627 [368ac840-1874-400c-9a5e-97ce3a83695d:group-C6E4A73C4023:LeaderElection128] INFO  server.RaftServerConfigKeys (ConfUtils.java:logGet(43)) - raft.server.log.appender.snapshot.chunk.size.max = 16MB (=16777216) (default)
2019-08-29 11:54:35,627 [368ac840-1874-400c-9a5e-97ce3a83695d:group-C6E4A73C4023:LeaderElection128] INFO  server.RaftServerConfigKeys (ConfUtils.java:logGet(43)) - raft.server.log.appender.buffer.byte-limit = 33554432 (custom)
2019-08-29 11:54:35,627 [368ac840-1874-400c-9a5e-97ce3a83695d:group-C6E4A73C4023:LeaderElection128] INFO  server.RaftServerConfigKeys (ConfUtils.java:logGet(43)) - raft.server.log.appender.buffer.element-limit = 1 (custom)
2019-08-29 11:54:35,627 [368ac840-1874-400c-9a5e-97ce3a83695d:group-C6E4A73C4023:LeaderElection128] INFO  grpc.GrpcConfigKeys$Server (ConfUtils.java:logGet(43)) - raft.grpc.server.leader.outstanding.appends.max = 128 (default)
2019-08-29 11:54:35,627 [368ac840-1874-400c-9a5e-97ce3a83695d:group-C6E4A73C4023:LeaderElection128] INFO  server.RaftServerConfigKeys (ConfUtils.java:logGet(43)) - raft.server.rpc.request.timeout = 3000ms (default)
2019-08-29 11:54:35,627 [368ac840-1874-400c-9a5e-97ce3a83695d:group-C6E4A73C4023:LeaderElection128] INFO  server.RaftServerConfigKeys (ConfUtils.java:logGet(43)) - raft.server.log.appender.install.snapshot.enabled = false (custom)
2019-08-29 11:54:35,627 [368ac840-1874-400c-9a5e-97ce3a83695d:group-C6E4A73C4023:LeaderElection128] INFO  server.RaftServerConfigKeys (ConfUtils.java:logGet(43)) - raft.server.log.appender.snapshot.chunk.size.max = 16MB (=16777216) (default)
2019-08-29 11:54:35,627 [368ac840-1874-400c-9a5e-97ce3a83695d:group-C6E4A73C4023:LeaderElection128] INFO  server.RaftServerConfigKeys (ConfUtils.java:logGet(43)) - raft.server.log.appender.buffer.byte-limit = 33554432 (custom)
2019-08-29 11:54:35,628 [368ac840-1874-400c-9a5e-97ce3a83695d:group-C6E4A73C4023:LeaderElection128] INFO  server.RaftServerConfigKeys (ConfUtils.java:logGet(43)) - raft.server.log.appender.buffer.element-limit = 1 (custom)
2019-08-29 11:54:35,628 [368ac840-1874-400c-9a5e-97ce3a83695d:group-C6E4A73C4023:LeaderElection128] INFO  grpc.GrpcConfigKeys$Server (ConfUtils.java:logGet(43)) - raft.grpc.server.leader.outstanding.appends.max = 128 (default)
2019-08-29 11:54:35,628 [368ac840-1874-400c-9a5e-97ce3a83695d:group-C6E4A73C4023:LeaderElection128] INFO  server.RaftServerConfigKeys (ConfUtils.java:logGet(43)) - raft.server.rpc.request.timeout = 3000ms (default)
2019-08-29 11:54:35,631 [368ac840-1874-400c-9a5e-97ce3a83695d:group-C6E4A73C4023:LeaderElection128] INFO  server.RaftServerConfigKeys (ConfUtils.java:logGet(43)) - raft.server.log.appender.install.snapshot.enabled = false (custom)
2019-08-29 11:54:35,634 [368ac840-1874-400c-9a5e-97ce3a83695d:group-C6E4A73C4023:LeaderElection128] INFO  impl.RoleInfo (RoleInfo.java:updateAndGet(143)) - 368ac840-1874-400c-9a5e-97ce3a83695d: start LeaderState
2019-08-29 11:54:35,634 [368ac840-1874-400c-9a5e-97ce3a83695d:group-C6E4A73C4023:LeaderElection128] INFO  segmented.SegmentedRaftLogWorker (SegmentedRaftLogWorker.java:startLogSegment(380)) - 368ac840-1874-400c-9a5e-97ce3a83695d-SegmentedRaftLogWorker:Storage Directory /workdir/hadoop-ozone/integration-test/target/test-dir/MiniOzoneClusterImpl-16ce5ac2-d92d-4b29-933b-33d00735e97e/datanode-1/data/ratis/a09c7214-0f17-4bde-9a6c-c6e4a73c4023: Starting segment from index:0
2019-08-29 11:54:35,672 [97e3324b-235f-4ceb-956e-993ee2fe234c:group-FEC9ABEF0498:LeaderElection130] INFO  impl.LeaderElection (LeaderElection.java:logAndReturn(56)) - 97e3324b-235f-4ceb-956e-993ee2fe234c:group-FEC9ABEF0498:LeaderElection130: Election REJECTED; received 2 response(s) [97e3324b-235f-4ceb-956e-993ee2fe234c<-6997f81c-1ecf-488f-a14c-812b649ddfad#0:FAIL-t1, 97e3324b-235f-4ceb-956e-993ee2fe234c<-edbdd45e-116e-45c7-951f-264ab28d364f#0:FAIL-t1] and 0 exception(s); 97e3324b-235f-4ceb-956e-993ee2fe234c:t1, leader=null, voted=97e3324b-235f-4ceb-956e-993ee2fe234c, raftlog=97e3324b-235f-4ceb-956e-993ee2fe234c-SegmentedRaftLog:OPENED:c-1,f-1,i0, conf=-1: [97e3324b-235f-4ceb-956e-993ee2fe234c:192.168.5.171:44511, 6997f81c-1ecf-488f-a14c-812b649ddfad:192.168.5.171:45289, edbdd45e-116e-45c7-951f-264ab28d364f:192.168.5.171:42495], old=null
2019-08-29 11:54:35,672 [368ac840-1874-400c-9a5e-97ce3a83695d:group-C6E4A73C4023:LeaderElection128] INFO  impl.RaftServerImpl (ServerState.java:setRaftConf(361)) - 368ac840-1874-400c-9a5e-97ce3a83695d:group-C6E4A73C4023 set configuration 0: [822b3223-74a0-44c8-ae72-b72e27a17b65:192.168.5.171:45414, 21c7cf7b-6251-48a4-bdb1-01914484bde5:192.168.5.171:42450, 368ac840-1874-400c-9a5e-97ce3a83695d:192.168.5.171:40345], old=null at 0
2019-08-29 11:54:35,672 [6997f81c-1ecf-488f-a14c-812b649ddfad:group-FEC9ABEF0498:LeaderElection132] INFO  impl.LeaderElection (LeaderElection.java:logAndReturn(56)) - 6997f81c-1ecf-488f-a14c-812b649ddfad:group-FEC9ABEF0498:LeaderElection132: Election REJECTED; received 2 response(s) [6997f81c-1ecf-488f-a14c-812b649ddfad<-97e3324b-235f-4ceb-956e-993ee2fe234c#0:FAIL-t1, 6997f81c-1ecf-488f-a14c-812b649ddfad<-edbdd45e-116e-45c7-951f-264ab28d364f#0:FAIL-t1] and 0 exception(s); 6997f81c-1ecf-488f-a14c-812b649ddfad:t1, leader=null, voted=6997f81c-1ecf-488f-a14c-812b649ddfad, raftlog=6997f81c-1ecf-488f-a14c-812b649ddfad-SegmentedRaftLog:OPENED:c-1,f-1,i0, conf=-1: [97e3324b-235f-4ceb-956e-993ee2fe234c:192.168.5.171:44511, 6997f81c-1ecf-488f-a14c-812b649ddfad:192.168.5.171:45289, edbdd45e-116e-45c7-951f-264ab28d364f:192.168.5.171:42495], old=null
2019-08-29 11:54:35,676 [edbdd45e-116e-45c7-951f-264ab28d364f:group-FEC9ABEF0498:LeaderElection131] INFO  impl.LeaderElection (LeaderElection.java:logAndReturn(56)) - edbdd45e-116e-45c7-951f-264ab28d364f:group-FEC9ABEF0498:LeaderElection131: Election REJECTED; received 2 response(s) [edbdd45e-116e-45c7-951f-264ab28d364f<-97e3324b-235f-4ceb-956e-993ee2fe234c#0:FAIL-t1, edbdd45e-116e-45c7-951f-264ab28d364f<-6997f81c-1ecf-488f-a14c-812b649ddfad#0:FAIL-t1] and 0 exception(s); edbdd45e-116e-45c7-951f-264ab28d364f:t1, leader=null, voted=edbdd45e-116e-45c7-951f-264ab28d364f, raftlog=edbdd45e-116e-45c7-951f-264ab28d364f-SegmentedRaftLog:OPENED:c-1,f-1,i0, conf=-1: [97e3324b-235f-4ceb-956e-993ee2fe234c:192.168.5.171:44511, 6997f81c-1ecf-488f-a14c-812b649ddfad:192.168.5.171:45289, edbdd45e-116e-45c7-951f-264ab28d364f:192.168.5.171:42495], old=null
2019-08-29 11:54:35,676 [97e3324b-235f-4ceb-956e-993ee2fe234c:group-FEC9ABEF0498:LeaderElection130] INFO  impl.RaftServerImpl (RaftServerImpl.java:setRole(171)) - 97e3324b-235f-4ceb-956e-993ee2fe234c:group-FEC9ABEF0498 changes role from CANDIDATE to FOLLOWER at term 1 for DISCOVERED_A_NEW_TERM
2019-08-29 11:54:35,677 [edbdd45e-116e-45c7-951f-264ab28d364f:group-FEC9ABEF0498:LeaderElection131] INFO  impl.RaftServerImpl (RaftServerImpl.java:setRole(171)) - edbdd45e-116e-45c7-951f-264ab28d364f:group-FEC9ABEF0498 changes role from CANDIDATE to FOLLOWER at term 1 for DISCOVERED_A_NEW_TERM
2019-08-29 11:54:35,676 [6997f81c-1ecf-488f-a14c-812b649ddfad:group-FEC9ABEF0498:LeaderElection132] INFO  impl.RaftServerImpl (RaftServerImpl.java:setRole(171)) - 6997f81c-1ecf-488f-a14c-812b649ddfad:group-FEC9ABEF0498 changes role from CANDIDATE to FOLLOWER at term 1 for DISCOVERED_A_NEW_TERM
2019-08-29 11:54:35,677 [edbdd45e-116e-45c7-951f-264ab28d364f:group-FEC9ABEF0498:LeaderElection131] INFO  impl.RoleInfo (RoleInfo.java:shutdownLeaderElection(134)) - edbdd45e-116e-45c7-951f-264ab28d364f: shutdown LeaderElection
2019-08-29 11:54:35,677 [97e3324b-235f-4ceb-956e-993ee2fe234c:group-FEC9ABEF0498:LeaderElection130] INFO  impl.RoleInfo (RoleInfo.java:shutdownLeaderElection(134)) - 97e3324b-235f-4ceb-956e-993ee2fe234c: shutdown LeaderElection
2019-08-29 11:54:35,677 [grpc-default-executor-10] INFO  impl.RaftServerImpl (ServerState.java:setLeader(263)) - 822b3223-74a0-44c8-ae72-b72e27a17b65:group-C6E4A73C4023 change Leader from null to 368ac840-1874-400c-9a5e-97ce3a83695d at term 1 for appendEntries, leader elected after 1370ms
2019-08-29 11:54:35,677 [6997f81c-1ecf-488f-a14c-812b649ddfad:group-FEC9ABEF0498:LeaderElection132] INFO  impl.RoleInfo (RoleInfo.java:shutdownLeaderElection(134)) - 6997f81c-1ecf-488f-a14c-812b649ddfad: shutdown LeaderElection
2019-08-29 11:54:35,677 [grpc-default-executor-3] INFO  impl.RaftServerImpl (ServerState.java:setLeader(263)) - 21c7cf7b-6251-48a4-bdb1-01914484bde5:group-C6E4A73C4023 change Leader from null to 368ac840-1874-400c-9a5e-97ce3a83695d at term 1 for appendEntries, leader elected after 1370ms
2019-08-29 11:54:35,677 [97e3324b-235f-4ceb-956e-993ee2fe234c:group-FEC9ABEF0498:LeaderElection130] INFO  impl.RoleInfo (RoleInfo.java:updateAndGet(143)) - 97e3324b-235f-4ceb-956e-993ee2fe234c: start FollowerState
2019-08-29 11:54:35,677 [edbdd45e-116e-45c7-951f-264ab28d364f:group-FEC9ABEF0498:LeaderElection131] INFO  impl.RoleInfo (RoleInfo.java:updateAndGet(143)) - edbdd45e-116e-45c7-951f-264ab28d364f: start FollowerState
2019-08-29 11:54:35,677 [6997f81c-1ecf-488f-a14c-812b649ddfad:group-FEC9ABEF0498:LeaderElection132] INFO  impl.RoleInfo (RoleInfo.java:updateAndGet(143)) - 6997f81c-1ecf-488f-a14c-812b649ddfad: start FollowerState
2019-08-29 11:54:35,679 [grpc-default-executor-3] INFO  impl.RaftServerImpl (ServerState.java:setRaftConf(361)) - 822b3223-74a0-44c8-ae72-b72e27a17b65:group-C6E4A73C4023 set configuration 0: [822b3223-74a0-44c8-ae72-b72e27a17b65:192.168.5.171:45414, 21c7cf7b-6251-48a4-bdb1-01914484bde5:192.168.5.171:42450, 368ac840-1874-400c-9a5e-97ce3a83695d:192.168.5.171:40345], old=null at 0
2019-08-29 11:54:35,680 [grpc-default-executor-10] INFO  impl.RaftServerImpl (ServerState.java:setRaftConf(361)) - 21c7cf7b-6251-48a4-bdb1-01914484bde5:group-C6E4A73C4023 set configuration 0: [822b3223-74a0-44c8-ae72-b72e27a17b65:192.168.5.171:45414, 21c7cf7b-6251-48a4-bdb1-01914484bde5:192.168.5.171:42450, 368ac840-1874-400c-9a5e-97ce3a83695d:192.168.5.171:40345], old=null at 0
2019-08-29 11:54:35,680 [grpc-default-executor-3] INFO  segmented.SegmentedRaftLogWorker (SegmentedRaftLogWorker.java:startLogSegment(380)) - 822b3223-74a0-44c8-ae72-b72e27a17b65-SegmentedRaftLogWorker:Storage Directory /workdir/hadoop-ozone/integration-test/target/test-dir/MiniOzoneClusterImpl-16ce5ac2-d92d-4b29-933b-33d00735e97e/datanode-5/data/ratis/a09c7214-0f17-4bde-9a6c-c6e4a73c4023: Starting segment from index:0
2019-08-29 11:54:35,680 [grpc-default-executor-10] INFO  segmented.SegmentedRaftLogWorker (SegmentedRaftLogWorker.java:startLogSegment(380)) - 21c7cf7b-6251-48a4-bdb1-01914484bde5-SegmentedRaftLogWorker:Storage Directory /workdir/hadoop-ozone/integration-test/target/test-dir/MiniOzoneClusterImpl-16ce5ac2-d92d-4b29-933b-33d00735e97e/datanode-0/data/ratis/a09c7214-0f17-4bde-9a6c-c6e4a73c4023: Starting segment from index:0
2019-08-29 11:54:35,685 [368ac840-1874-400c-9a5e-97ce3a83695d-SegmentedRaftLogWorker:Storage Directory /workdir/hadoop-ozone/integration-test/target/test-dir/MiniOzoneClusterImpl-16ce5ac2-d92d-4b29-933b-33d00735e97e/datanode-1/data/ratis/a09c7214-0f17-4bde-9a6c-c6e4a73c4023] INFO  segmented.SegmentedRaftLogWorker (SegmentedRaftLogWorker.java:execute(569)) - 368ac840-1874-400c-9a5e-97ce3a83695d-SegmentedRaftLogWorker:Storage Directory /workdir/hadoop-ozone/integration-test/target/test-dir/MiniOzoneClusterImpl-16ce5ac2-d92d-4b29-933b-33d00735e97e/datanode-1/data/ratis/a09c7214-0f17-4bde-9a6c-c6e4a73c4023: created new log segment /workdir/hadoop-ozone/integration-test/target/test-dir/MiniOzoneClusterImpl-16ce5ac2-d92d-4b29-933b-33d00735e97e/datanode-1/data/ratis/a09c7214-0f17-4bde-9a6c-c6e4a73c4023/current/log_inprogress_0
2019-08-29 11:54:35,723 [21c7cf7b-6251-48a4-bdb1-01914484bde5-SegmentedRaftLogWorker:Storage Directory /workdir/hadoop-ozone/integration-test/target/test-dir/MiniOzoneClusterImpl-16ce5ac2-d92d-4b29-933b-33d00735e97e/datanode-0/data/ratis/a09c7214-0f17-4bde-9a6c-c6e4a73c4023] INFO  segmented.SegmentedRaftLogWorker (SegmentedRaftLogWorker.java:execute(569)) - 21c7cf7b-6251-48a4-bdb1-01914484bde5-SegmentedRaftLogWorker:Storage Directory /workdir/hadoop-ozone/integration-test/target/test-dir/MiniOzoneClusterImpl-16ce5ac2-d92d-4b29-933b-33d00735e97e/datanode-0/data/ratis/a09c7214-0f17-4bde-9a6c-c6e4a73c4023: created new log segment /workdir/hadoop-ozone/integration-test/target/test-dir/MiniOzoneClusterImpl-16ce5ac2-d92d-4b29-933b-33d00735e97e/datanode-0/data/ratis/a09c7214-0f17-4bde-9a6c-c6e4a73c4023/current/log_inprogress_0
2019-08-29 11:54:35,723 [822b3223-74a0-44c8-ae72-b72e27a17b65-SegmentedRaftLogWorker:Storage Directory /workdir/hadoop-ozone/integration-test/target/test-dir/MiniOzoneClusterImpl-16ce5ac2-d92d-4b29-933b-33d00735e97e/datanode-5/data/ratis/a09c7214-0f17-4bde-9a6c-c6e4a73c4023] INFO  segmented.SegmentedRaftLogWorker (SegmentedRaftLogWorker.java:execute(569)) - 822b3223-74a0-44c8-ae72-b72e27a17b65-SegmentedRaftLogWorker:Storage Directory /workdir/hadoop-ozone/integration-test/target/test-dir/MiniOzoneClusterImpl-16ce5ac2-d92d-4b29-933b-33d00735e97e/datanode-5/data/ratis/a09c7214-0f17-4bde-9a6c-c6e4a73c4023: created new log segment /workdir/hadoop-ozone/integration-test/target/test-dir/MiniOzoneClusterImpl-16ce5ac2-d92d-4b29-933b-33d00735e97e/datanode-5/data/ratis/a09c7214-0f17-4bde-9a6c-c6e4a73c4023/current/log_inprogress_0
2019-08-29 11:54:35,775 [grpc-default-executor-3] INFO  client.GrpcClientProtocolClient (GrpcClientProtocolClient.java:onNext(255)) - client-ADD2EED1A349->79404ccb-3783-4150-88ba-2fea440d7696: receive RaftClientReply:client-ADD2EED1A349->79404ccb-3783-4150-88ba-2fea440d7696@group-A8FA0292109A, cid=94, FAILED org.apache.ratis.protocol.NotLeaderException: Server 79404ccb-3783-4150-88ba-2fea440d7696 is not the leader (0927c2fb-bc54-48d8-8b4a-6f0f550fa3d8:192.168.5.171:45391). Request must be sent to leader., logIndex=0, commits[79404ccb-3783-4150-88ba-2fea440d7696:c0, 0927c2fb-bc54-48d8-8b4a-6f0f550fa3d8:c0, 0237fb14-0601-4188-bfaa-710869c5af5c:c-1]
2019-08-29 11:54:35,848 | INFO  | SCMAudit | user=jenkins1000 | ip=192.168.5.171 | op=SEND_HEARTBEAT {datanodeUUID=21c7cf7b-6251-48a4-bdb1-01914484bde5, command=[]} | ret=SUCCESS |  
2019-08-29 11:54:35,863 [Thread-2742] INFO  container.ReplicationManager (ReplicationManager.java:start(152)) - Starting Replication Monitor Thread.
2019-08-29 11:54:35,868 [ReplicationMonitor] INFO  container.ReplicationManager (ReplicationManager.java:run(215)) - Replication Monitor Thread took 0 milliseconds for processing 1 containers.
2019-08-29 11:54:35,915 | INFO  | SCMAudit | user=jenkins1000 | ip=192.168.5.171 | op=SEND_HEARTBEAT {datanodeUUID=79404ccb-3783-4150-88ba-2fea440d7696, command=[]} | ret=SUCCESS |  
2019-08-29 11:54:35,923 | INFO  | DNAudit | user=null | ip=null | op=WRITE_CHUNK {blockData=conID: 1 locID: 102700133557731338 bcsId: 0} | ret=SUCCESS |  
2019-08-29 11:54:35,923 | INFO  | DNAudit | user=null | ip=null | op=WRITE_CHUNK {blockData=conID: 1 locID: 102700133557731338 bcsId: 0} | ret=SUCCESS |  
2019-08-29 11:54:35,924 | INFO  | SCMAudit | user=jenkins1000 | ip=192.168.5.171 | op=SEND_HEARTBEAT {datanodeUUID=368ac840-1874-400c-9a5e-97ce3a83695d, command=[]} | ret=SUCCESS |  
2019-08-29 11:54:36,048 | INFO  | SCMAudit | user=jenkins1000 | ip=192.168.5.171 | op=SEND_HEARTBEAT {datanodeUUID=edbdd45e-116e-45c7-951f-264ab28d364f, command=[]} | ret=SUCCESS |  
2019-08-29 11:54:36,182 | INFO  | SCMAudit | user=jenkins1000 | ip=192.168.5.171 | op=SEND_HEARTBEAT {datanodeUUID=822b3223-74a0-44c8-ae72-b72e27a17b65, command=[]} | ret=SUCCESS |  
2019-08-29 11:54:36,209 | INFO  | SCMAudit | user=jenkins1000 | ip=192.168.5.171 | op=SEND_HEARTBEAT {datanodeUUID=0927c2fb-bc54-48d8-8b4a-6f0f550fa3d8, command=[]} | ret=SUCCESS |  
2019-08-29 11:54:36,214 | INFO  | DNAudit | user=null | ip=null | op=WRITE_CHUNK {blockData=conID: 1 locID: 102700133557731338 bcsId: 0} | ret=SUCCESS |  
2019-08-29 11:54:36,227 | INFO  | DNAudit | user=null | ip=null | op=WRITE_CHUNK {blockData=conID: 1 locID: 102700133557731338 bcsId: 0} | ret=SUCCESS |  
2019-08-29 11:54:36,245 | INFO  | SCMAudit | user=jenkins1000 | ip=192.168.5.171 | op=SEND_HEARTBEAT {datanodeUUID=97e3324b-235f-4ceb-956e-993ee2fe234c, command=[]} | ret=SUCCESS |  
2019-08-29 11:54:36,245 [grpc-default-executor-10] INFO  client.GrpcClientProtocolClient (GrpcClientProtocolClient.java:onNext(255)) - client-ADD2EED1A349->0927c2fb-bc54-48d8-8b4a-6f0f550fa3d8: receive RaftClientReply:client-ADD2EED1A349->0927c2fb-bc54-48d8-8b4a-6f0f550fa3d8@group-A8FA0292109A, cid=94, SUCCESS, logIndex=1, commits[0927c2fb-bc54-48d8-8b4a-6f0f550fa3d8:c2, 79404ccb-3783-4150-88ba-2fea440d7696:c0, 0237fb14-0601-4188-bfaa-710869c5af5c:c0]
2019-08-29 11:54:36,269 | INFO  | DNAudit | user=null | ip=null | op=WRITE_CHUNK {blockData=conID: 1 locID: 102700133557731338 bcsId: 0} | ret=SUCCESS |  
2019-08-29 11:54:36,269 | INFO  | DNAudit | user=null | ip=null | op=WRITE_CHUNK {blockData=conID: 1 locID: 102700133557731338 bcsId: 0} | ret=SUCCESS |  
2019-08-29 11:54:36,311 | INFO  | SCMAudit | user=jenkins1000 | ip=192.168.5.171 | op=SEND_HEARTBEAT {datanodeUUID=6997f81c-1ecf-488f-a14c-812b649ddfad, command=[]} | ret=SUCCESS |  
2019-08-29 11:54:36,313 | INFO  | DNAudit | user=null | ip=null | op=PUT_BLOCK {blockData=[blockId=conID: 1 locID: 102700133557731338 bcsId: 0,size=1048576]} | ret=SUCCESS |  
2019-08-29 11:54:36,318 [grpc-default-executor-10] INFO  client.GrpcClientProtocolClient (GrpcClientProtocolClient.java:onNext(255)) - client-ADD2EED1A349->0927c2fb-bc54-48d8-8b4a-6f0f550fa3d8: receive RaftClientReply:client-ADD2EED1A349->0927c2fb-bc54-48d8-8b4a-6f0f550fa3d8@group-A8FA0292109A, cid=95, SUCCESS, logIndex=3, commits[0927c2fb-bc54-48d8-8b4a-6f0f550fa3d8:c4, 79404ccb-3783-4150-88ba-2fea440d7696:c3, 0237fb14-0601-4188-bfaa-710869c5af5c:c3]
2019-08-29 11:54:36,360 | INFO  | DNAudit | user=null | ip=null | op=PUT_BLOCK {blockData=[blockId=conID: 1 locID: 102700133557731338 bcsId: 0,size=1048576]} | ret=SUCCESS |  
2019-08-29 11:54:36,380 | INFO  | SCMAudit | user=jenkins1000 | ip=192.168.5.171 | op=SEND_HEARTBEAT {datanodeUUID=3442b9cb-a0d9-4a64-bd62-61dec9190efe, command=[]} | ret=SUCCESS |  
2019-08-29 11:54:36,402 | INFO  | DNAudit | user=null | ip=null | op=PUT_BLOCK {blockData=[blockId=conID: 1 locID: 102700133557731338 bcsId: 0,size=1048576]} | ret=SUCCESS |  
2019-08-29 11:54:36,816 [Thread-2864] INFO  impl.FollowerState (FollowerState.java:run(106)) - edbdd45e-116e-45c7-951f-264ab28d364f:group-FEC9ABEF0498 changes to CANDIDATE, lastRpcTime:1138, electionTimeout:1137ms
2019-08-29 11:54:36,816 [Thread-2864] INFO  impl.RoleInfo (RoleInfo.java:shutdownFollowerState(121)) - edbdd45e-116e-45c7-951f-264ab28d364f: shutdown FollowerState
2019-08-29 11:54:36,816 [Thread-2864] INFO  impl.RaftServerImpl (RaftServerImpl.java:setRole(171)) - edbdd45e-116e-45c7-951f-264ab28d364f:group-FEC9ABEF0498 changes role from FOLLOWER to CANDIDATE at term 1 for changeToCandidate
2019-08-29 11:54:36,816 [Thread-2864] INFO  impl.RoleInfo (RoleInfo.java:updateAndGet(143)) - edbdd45e-116e-45c7-951f-264ab28d364f: start LeaderElection
2019-08-29 11:54:36,830 [edbdd45e-116e-45c7-951f-264ab28d364f:group-FEC9ABEF0498:LeaderElection133] INFO  impl.LeaderElection (LeaderElection.java:askForVotes(181)) - edbdd45e-116e-45c7-951f-264ab28d364f:group-FEC9ABEF0498:LeaderElection133: begin an election at term 2 for -1: [97e3324b-235f-4ceb-956e-993ee2fe234c:192.168.5.171:44511, 6997f81c-1ecf-488f-a14c-812b649ddfad:192.168.5.171:45289, edbdd45e-116e-45c7-951f-264ab28d364f:192.168.5.171:42495], old=null
2019-08-29 11:54:36,833 [grpc-default-executor-4] INFO  impl.RaftServerImpl (RaftServerImpl.java:setRole(171)) - 97e3324b-235f-4ceb-956e-993ee2fe234c:group-FEC9ABEF0498 changes role from FOLLOWER to FOLLOWER at term 2 for recognizeCandidate:edbdd45e-116e-45c7-951f-264ab28d364f
2019-08-29 11:54:36,833 [grpc-default-executor-10] INFO  impl.RaftServerImpl (RaftServerImpl.java:setRole(171)) - 6997f81c-1ecf-488f-a14c-812b649ddfad:group-FEC9ABEF0498 changes role from FOLLOWER to FOLLOWER at term 2 for recognizeCandidate:edbdd45e-116e-45c7-951f-264ab28d364f
2019-08-29 11:54:36,834 [grpc-default-executor-4] INFO  impl.RoleInfo (RoleInfo.java:shutdownFollowerState(121)) - 97e3324b-235f-4ceb-956e-993ee2fe234c: shutdown FollowerState
2019-08-29 11:54:36,834 [grpc-default-executor-10] INFO  impl.RoleInfo (RoleInfo.java:shutdownFollowerState(121)) - 6997f81c-1ecf-488f-a14c-812b649ddfad: shutdown FollowerState
2019-08-29 11:54:36,834 [grpc-default-executor-4] INFO  impl.RoleInfo (RoleInfo.java:updateAndGet(143)) - 97e3324b-235f-4ceb-956e-993ee2fe234c: start FollowerState
2019-08-29 11:54:36,834 [Thread-2865] INFO  impl.FollowerState (FollowerState.java:run(114)) - 97e3324b-235f-4ceb-956e-993ee2fe234c: FollowerState was interrupted: java.lang.InterruptedException: sleep interrupted
2019-08-29 11:54:36,834 [grpc-default-executor-10] INFO  impl.RoleInfo (RoleInfo.java:updateAndGet(143)) - 6997f81c-1ecf-488f-a14c-812b649ddfad: start FollowerState
2019-08-29 11:54:36,834 [Thread-2867] INFO  impl.FollowerState (FollowerState.java:run(114)) - 6997f81c-1ecf-488f-a14c-812b649ddfad: FollowerState was interrupted: java.lang.InterruptedException: sleep interrupted
2019-08-29 11:54:36,848 | INFO  | SCMAudit | user=jenkins1000 | ip=192.168.5.171 | op=SEND_HEARTBEAT {datanodeUUID=21c7cf7b-6251-48a4-bdb1-01914484bde5, command=[]} | ret=SUCCESS |  
2019-08-29 11:54:36,850 [edbdd45e-116e-45c7-951f-264ab28d364f:group-FEC9ABEF0498:LeaderElection133] INFO  impl.LeaderElection (LeaderElection.java:logAndReturn(56)) - edbdd45e-116e-45c7-951f-264ab28d364f:group-FEC9ABEF0498:LeaderElection133: Election PASSED; received 1 response(s) [edbdd45e-116e-45c7-951f-264ab28d364f<-6997f81c-1ecf-488f-a14c-812b649ddfad#0:OK-t2] and 0 exception(s); edbdd45e-116e-45c7-951f-264ab28d364f:t2, leader=null, voted=edbdd45e-116e-45c7-951f-264ab28d364f, raftlog=edbdd45e-116e-45c7-951f-264ab28d364f-SegmentedRaftLog:OPENED:c-1,f-1,i0, conf=-1: [97e3324b-235f-4ceb-956e-993ee2fe234c:192.168.5.171:44511, 6997f81c-1ecf-488f-a14c-812b649ddfad:192.168.5.171:45289, edbdd45e-116e-45c7-951f-264ab28d364f:192.168.5.171:42495], old=null
2019-08-29 11:54:36,850 [edbdd45e-116e-45c7-951f-264ab28d364f:group-FEC9ABEF0498:LeaderElection133] INFO  impl.RoleInfo (RoleInfo.java:shutdownLeaderElection(134)) - edbdd45e-116e-45c7-951f-264ab28d364f: shutdown LeaderElection
2019-08-29 11:54:36,850 [edbdd45e-116e-45c7-951f-264ab28d364f:group-FEC9ABEF0498:LeaderElection133] INFO  impl.RaftServerImpl (RaftServerImpl.java:setRole(171)) - edbdd45e-116e-45c7-951f-264ab28d364f:group-FEC9ABEF0498 changes role from CANDIDATE to LEADER at term 2 for changeToLeader
2019-08-29 11:54:36,850 [edbdd45e-116e-45c7-951f-264ab28d364f:group-FEC9ABEF0498:LeaderElection133] INFO  impl.RaftServerImpl (ServerState.java:setLeader(263)) - edbdd45e-116e-45c7-951f-264ab28d364f:group-FEC9ABEF0498 change Leader from null to edbdd45e-116e-45c7-951f-264ab28d364f at term 2 for becomeLeader, leader elected after 2463ms
2019-08-29 11:54:36,850 [edbdd45e-116e-45c7-951f-264ab28d364f:group-FEC9ABEF0498:LeaderElection133] INFO  server.RaftServerConfigKeys (ConfUtils.java:logGet(43)) - raft.server.staging.catchup.gap = 1000 (default)
2019-08-29 11:54:36,850 [edbdd45e-116e-45c7-951f-264ab28d364f:group-FEC9ABEF0498:LeaderElection133] INFO  server.RaftServerConfigKeys (ConfUtils.java:logGet(43)) - raft.server.rpc.sleep.time = 25ms (default)
2019-08-29 11:54:36,850 [edbdd45e-116e-45c7-951f-264ab28d364f:group-FEC9ABEF0498:LeaderElection133] INFO  server.RaftServerConfigKeys (ConfUtils.java:logGet(43)) - raft.server.write.element-limit = 4096 (default)
2019-08-29 11:54:36,851 [edbdd45e-116e-45c7-951f-264ab28d364f:group-FEC9ABEF0498:LeaderElection133] INFO  server.RaftServerConfigKeys (ConfUtils.java:logGet(43)) - raft.server.watch.timeout = 10s (default)
2019-08-29 11:54:36,851 [edbdd45e-116e-45c7-951f-264ab28d364f:group-FEC9ABEF0498:LeaderElection133] INFO  server.RaftServerConfigKeys (ConfUtils.java:logGet(43)) - raft.server.watch.timeout.denomination = 1s (default)
2019-08-29 11:54:36,851 [edbdd45e-116e-45c7-951f-264ab28d364f:group-FEC9ABEF0498:LeaderElection133] INFO  server.RaftServerConfigKeys (ConfUtils.java:logGet(43)) - raft.server.watch.element-limit = 65536 (default)
2019-08-29 11:54:36,851 [edbdd45e-116e-45c7-951f-264ab28d364f:group-FEC9ABEF0498:LeaderElection133] INFO  server.RaftServerConfigKeys (ConfUtils.java:logGet(43)) - raft.server.log.appender.snapshot.chunk.size.max = 16MB (=16777216) (default)
2019-08-29 11:54:36,851 [edbdd45e-116e-45c7-951f-264ab28d364f:group-FEC9ABEF0498:LeaderElection133] INFO  server.RaftServerConfigKeys (ConfUtils.java:logGet(43)) - raft.server.log.appender.buffer.byte-limit = 33554432 (custom)
2019-08-29 11:54:36,852 [edbdd45e-116e-45c7-951f-264ab28d364f:group-FEC9ABEF0498:LeaderElection133] INFO  server.RaftServerConfigKeys (ConfUtils.java:logGet(43)) - raft.server.log.appender.buffer.element-limit = 1 (custom)
2019-08-29 11:54:36,852 [edbdd45e-116e-45c7-951f-264ab28d364f:group-FEC9ABEF0498:LeaderElection133] INFO  grpc.GrpcConfigKeys$Server (ConfUtils.java:logGet(43)) - raft.grpc.server.leader.outstanding.appends.max = 128 (default)
2019-08-29 11:54:36,852 [edbdd45e-116e-45c7-951f-264ab28d364f:group-FEC9ABEF0498:LeaderElection133] INFO  server.RaftServerConfigKeys (ConfUtils.java:logGet(43)) - raft.server.rpc.request.timeout = 3000ms (default)
2019-08-29 11:54:36,852 [edbdd45e-116e-45c7-951f-264ab28d364f:group-FEC9ABEF0498:LeaderElection133] INFO  server.RaftServerConfigKeys (ConfUtils.java:logGet(43)) - raft.server.log.appender.install.snapshot.enabled = false (custom)
2019-08-29 11:54:36,852 [edbdd45e-116e-45c7-951f-264ab28d364f:group-FEC9ABEF0498:LeaderElection133] INFO  server.RaftServerConfigKeys (ConfUtils.java:logGet(43)) - raft.server.log.appender.snapshot.chunk.size.max = 16MB (=16777216) (default)
2019-08-29 11:54:36,852 [edbdd45e-116e-45c7-951f-264ab28d364f:group-FEC9ABEF0498:LeaderElection133] INFO  server.RaftServerConfigKeys (ConfUtils.java:logGet(43)) - raft.server.log.appender.buffer.byte-limit = 33554432 (custom)
2019-08-29 11:54:36,853 [edbdd45e-116e-45c7-951f-264ab28d364f:group-FEC9ABEF0498:LeaderElection133] INFO  server.RaftServerConfigKeys (ConfUtils.java:logGet(43)) - raft.server.log.appender.buffer.element-limit = 1 (custom)
2019-08-29 11:54:36,853 [edbdd45e-116e-45c7-951f-264ab28d364f:group-FEC9ABEF0498:LeaderElection133] INFO  grpc.GrpcConfigKeys$Server (ConfUtils.java:logGet(43)) - raft.grpc.server.leader.outstanding.appends.max = 128 (default)
2019-08-29 11:54:36,853 [edbdd45e-116e-45c7-951f-264ab28d364f:group-FEC9ABEF0498:LeaderElection133] INFO  server.RaftServerConfigKeys (ConfUtils.java:logGet(43)) - raft.server.rpc.request.timeout = 3000ms (default)
2019-08-29 11:54:36,853 [edbdd45e-116e-45c7-951f-264ab28d364f:group-FEC9ABEF0498:LeaderElection133] INFO  server.RaftServerConfigKeys (ConfUtils.java:logGet(43)) - raft.server.log.appender.install.snapshot.enabled = false (custom)
2019-08-29 11:54:36,853 [edbdd45e-116e-45c7-951f-264ab28d364f:group-FEC9ABEF0498:LeaderElection133] INFO  impl.RoleInfo (RoleInfo.java:updateAndGet(143)) - edbdd45e-116e-45c7-951f-264ab28d364f: start LeaderState
2019-08-29 11:54:36,854 [edbdd45e-116e-45c7-951f-264ab28d364f:group-FEC9ABEF0498:LeaderElection133] INFO  segmented.SegmentedRaftLogWorker (SegmentedRaftLogWorker.java:startLogSegment(380)) - edbdd45e-116e-45c7-951f-264ab28d364f-SegmentedRaftLogWorker:Storage Directory /workdir/hadoop-ozone/integration-test/target/test-dir/MiniOzoneClusterImpl-16ce5ac2-d92d-4b29-933b-33d00735e97e/datanode-3/data/ratis/cc63ca43-a1dc-4de9-a7b3-fec9abef0498: Starting segment from index:0
2019-08-29 11:54:36,854 [edbdd45e-116e-45c7-951f-264ab28d364f:group-FEC9ABEF0498:LeaderElection133] INFO  impl.RaftServerImpl (ServerState.java:setRaftConf(361)) - edbdd45e-116e-45c7-951f-264ab28d364f:group-FEC9ABEF0498 set configuration 0: [97e3324b-235f-4ceb-956e-993ee2fe234c:192.168.5.171:44511, 6997f81c-1ecf-488f-a14c-812b649ddfad:192.168.5.171:45289, edbdd45e-116e-45c7-951f-264ab28d364f:192.168.5.171:42495], old=null at 0
2019-08-29 11:54:36,855 [grpc-default-executor-10] INFO  impl.RaftServerImpl (ServerState.java:setLeader(263)) - 6997f81c-1ecf-488f-a14c-812b649ddfad:group-FEC9ABEF0498 change Leader from null to edbdd45e-116e-45c7-951f-264ab28d364f at term 2 for appendEntries, leader elected after 2465ms
2019-08-29 11:54:36,855 [grpc-default-executor-4] INFO  impl.RaftServerImpl (ServerState.java:setLeader(263)) - 97e3324b-235f-4ceb-956e-993ee2fe234c:group-FEC9ABEF0498 change Leader from null to edbdd45e-116e-45c7-951f-264ab28d364f at term 2 for appendEntries, leader elected after 2468ms
2019-08-29 11:54:36,857 [grpc-default-executor-4] INFO  impl.RaftServerImpl (ServerState.java:setRaftConf(361)) - 6997f81c-1ecf-488f-a14c-812b649ddfad:group-FEC9ABEF0498 set configuration 0: [97e3324b-235f-4ceb-956e-993ee2fe234c:192.168.5.171:44511, 6997f81c-1ecf-488f-a14c-812b649ddfad:192.168.5.171:45289, edbdd45e-116e-45c7-951f-264ab28d364f:192.168.5.171:42495], old=null at 0
2019-08-29 11:54:36,858 [grpc-default-executor-10] INFO  impl.RaftServerImpl (ServerState.java:setRaftConf(361)) - 97e3324b-235f-4ceb-956e-993ee2fe234c:group-FEC9ABEF0498 set configuration 0: [97e3324b-235f-4ceb-956e-993ee2fe234c:192.168.5.171:44511, 6997f81c-1ecf-488f-a14c-812b649ddfad:192.168.5.171:45289, edbdd45e-116e-45c7-951f-264ab28d364f:192.168.5.171:42495], old=null at 0
2019-08-29 11:54:36,858 [grpc-default-executor-4] INFO  segmented.SegmentedRaftLogWorker (SegmentedRaftLogWorker.java:startLogSegment(380)) - 6997f81c-1ecf-488f-a14c-812b649ddfad-SegmentedRaftLogWorker:Storage Directory /workdir/hadoop-ozone/integration-test/target/test-dir/MiniOzoneClusterImpl-16ce5ac2-d92d-4b29-933b-33d00735e97e/datanode-7/data/ratis/cc63ca43-a1dc-4de9-a7b3-fec9abef0498: Starting segment from index:0
2019-08-29 11:54:36,858 [grpc-default-executor-10] INFO  segmented.SegmentedRaftLogWorker (SegmentedRaftLogWorker.java:startLogSegment(380)) - 97e3324b-235f-4ceb-956e-993ee2fe234c-SegmentedRaftLogWorker:Storage Directory /workdir/hadoop-ozone/integration-test/target/test-dir/MiniOzoneClusterImpl-16ce5ac2-d92d-4b29-933b-33d00735e97e/datanode-6/data/ratis/cc63ca43-a1dc-4de9-a7b3-fec9abef0498: Starting segment from index:0
2019-08-29 11:54:36,900 [6997f81c-1ecf-488f-a14c-812b649ddfad-SegmentedRaftLogWorker:Storage Directory /workdir/hadoop-ozone/integration-test/target/test-dir/MiniOzoneClusterImpl-16ce5ac2-d92d-4b29-933b-33d00735e97e/datanode-7/data/ratis/cc63ca43-a1dc-4de9-a7b3-fec9abef0498] INFO  segmented.SegmentedRaftLogWorker (SegmentedRaftLogWorker.java:execute(569)) - 6997f81c-1ecf-488f-a14c-812b649ddfad-SegmentedRaftLogWorker:Storage Directory /workdir/hadoop-ozone/integration-test/target/test-dir/MiniOzoneClusterImpl-16ce5ac2-d92d-4b29-933b-33d00735e97e/datanode-7/data/ratis/cc63ca43-a1dc-4de9-a7b3-fec9abef0498: created new log segment /workdir/hadoop-ozone/integration-test/target/test-dir/MiniOzoneClusterImpl-16ce5ac2-d92d-4b29-933b-33d00735e97e/datanode-7/data/ratis/cc63ca43-a1dc-4de9-a7b3-fec9abef0498/current/log_inprogress_0
2019-08-29 11:54:36,900 [97e3324b-235f-4ceb-956e-993ee2fe234c-SegmentedRaftLogWorker:Storage Directory /workdir/hadoop-ozone/integration-test/target/test-dir/MiniOzoneClusterImpl-16ce5ac2-d92d-4b29-933b-33d00735e97e/datanode-6/data/ratis/cc63ca43-a1dc-4de9-a7b3-fec9abef0498] INFO  segmented.SegmentedRaftLogWorker (SegmentedRaftLogWorker.java:execute(569)) - 97e3324b-235f-4ceb-956e-993ee2fe234c-SegmentedRaftLogWorker:Storage Directory /workdir/hadoop-ozone/integration-test/target/test-dir/MiniOzoneClusterImpl-16ce5ac2-d92d-4b29-933b-33d00735e97e/datanode-6/data/ratis/cc63ca43-a1dc-4de9-a7b3-fec9abef0498: created new log segment /workdir/hadoop-ozone/integration-test/target/test-dir/MiniOzoneClusterImpl-16ce5ac2-d92d-4b29-933b-33d00735e97e/datanode-6/data/ratis/cc63ca43-a1dc-4de9-a7b3-fec9abef0498/current/log_inprogress_0
2019-08-29 11:54:36,900 [edbdd45e-116e-45c7-951f-264ab28d364f-SegmentedRaftLogWorker:Storage Directory /workdir/hadoop-ozone/integration-test/target/test-dir/MiniOzoneClusterImpl-16ce5ac2-d92d-4b29-933b-33d00735e97e/datanode-3/data/ratis/cc63ca43-a1dc-4de9-a7b3-fec9abef0498] INFO  segmented.SegmentedRaftLogWorker (SegmentedRaftLogWorker.java:execute(569)) - edbdd45e-116e-45c7-951f-264ab28d364f-SegmentedRaftLogWorker:Storage Directory /workdir/hadoop-ozone/integration-test/target/test-dir/MiniOzoneClusterImpl-16ce5ac2-d92d-4b29-933b-33d00735e97e/datanode-3/data/ratis/cc63ca43-a1dc-4de9-a7b3-fec9abef0498: created new log segment /workdir/hadoop-ozone/integration-test/target/test-dir/MiniOzoneClusterImpl-16ce5ac2-d92d-4b29-933b-33d00735e97e/datanode-3/data/ratis/cc63ca43-a1dc-4de9-a7b3-fec9abef0498/current/log_inprogress_0
2019-08-29 11:54:36,914 | INFO  | SCMAudit | user=jenkins1000 | ip=192.168.5.171 | op=SEND_HEARTBEAT {datanodeUUID=79404ccb-3783-4150-88ba-2fea440d7696, command=[]} | ret=SUCCESS |  
2019-08-29 11:54:36,924 | INFO  | SCMAudit | user=jenkins1000 | ip=192.168.5.171 | op=SEND_HEARTBEAT {datanodeUUID=368ac840-1874-400c-9a5e-97ce3a83695d, command=[]} | ret=SUCCESS |  
2019-08-29 11:54:37,048 | INFO  | SCMAudit | user=jenkins1000 | ip=192.168.5.171 | op=SEND_HEARTBEAT {datanodeUUID=edbdd45e-116e-45c7-951f-264ab28d364f, command=[]} | ret=SUCCESS |  
2019-08-29 11:54:37,182 | INFO  | SCMAudit | user=jenkins1000 | ip=192.168.5.171 | op=SEND_HEARTBEAT {datanodeUUID=822b3223-74a0-44c8-ae72-b72e27a17b65, command=[]} | ret=SUCCESS |  
2019-08-29 11:54:37,209 | INFO  | SCMAudit | user=jenkins1000 | ip=192.168.5.171 | op=SEND_HEARTBEAT {datanodeUUID=0927c2fb-bc54-48d8-8b4a-6f0f550fa3d8, command=[]} | ret=SUCCESS |  
2019-08-29 11:54:37,245 | INFO  | SCMAudit | user=jenkins1000 | ip=192.168.5.171 | op=SEND_HEARTBEAT {datanodeUUID=97e3324b-235f-4ceb-956e-993ee2fe234c, command=[]} | ret=SUCCESS |  
2019-08-29 11:54:37,311 | INFO  | SCMAudit | user=jenkins1000 | ip=192.168.5.171 | op=SEND_HEARTBEAT {datanodeUUID=6997f81c-1ecf-488f-a14c-812b649ddfad, command=[]} | ret=SUCCESS |  
2019-08-29 11:54:37,381 | INFO  | SCMAudit | user=jenkins1000 | ip=192.168.5.171 | op=SEND_HEARTBEAT {datanodeUUID=3442b9cb-a0d9-4a64-bd62-61dec9190efe, command=[]} | ret=SUCCESS |  
2019-08-29 11:54:37,848 | INFO  | SCMAudit | user=jenkins1000 | ip=192.168.5.171 | op=SEND_HEARTBEAT {datanodeUUID=21c7cf7b-6251-48a4-bdb1-01914484bde5, command=[]} | ret=SUCCESS |  
2019-08-29 11:54:37,914 | INFO  | SCMAudit | user=jenkins1000 | ip=192.168.5.171 | op=SEND_HEARTBEAT {datanodeUUID=79404ccb-3783-4150-88ba-2fea440d7696, command=[]} | ret=SUCCESS |  
2019-08-29 11:54:37,923 | INFO  | SCMAudit | user=jenkins1000 | ip=192.168.5.171 | op=SEND_HEARTBEAT {datanodeUUID=368ac840-1874-400c-9a5e-97ce3a83695d, command=[]} | ret=SUCCESS |  
2019-08-29 11:54:38,048 | INFO  | SCMAudit | user=jenkins1000 | ip=192.168.5.171 | op=SEND_HEARTBEAT {datanodeUUID=edbdd45e-116e-45c7-951f-264ab28d364f, command=[]} | ret=SUCCESS |  
2019-08-29 11:54:38,182 | INFO  | SCMAudit | user=jenkins1000 | ip=192.168.5.171 | op=SEND_HEARTBEAT {datanodeUUID=822b3223-74a0-44c8-ae72-b72e27a17b65, command=[]} | ret=SUCCESS |  
2019-08-29 11:54:38,209 | INFO  | SCMAudit | user=jenkins1000 | ip=192.168.5.171 | op=SEND_HEARTBEAT {datanodeUUID=0927c2fb-bc54-48d8-8b4a-6f0f550fa3d8, command=[]} | ret=SUCCESS |  
2019-08-29 11:54:38,245 | INFO  | SCMAudit | user=jenkins1000 | ip=192.168.5.171 | op=SEND_HEARTBEAT {datanodeUUID=97e3324b-235f-4ceb-956e-993ee2fe234c, command=[]} | ret=SUCCESS |  
2019-08-29 11:54:38,311 | INFO  | SCMAudit | user=jenkins1000 | ip=192.168.5.171 | op=SEND_HEARTBEAT {datanodeUUID=6997f81c-1ecf-488f-a14c-812b649ddfad, command=[]} | ret=SUCCESS |  
2019-08-29 11:54:38,381 | INFO  | SCMAudit | user=jenkins1000 | ip=192.168.5.171 | op=SEND_HEARTBEAT {datanodeUUID=3442b9cb-a0d9-4a64-bd62-61dec9190efe, command=[]} | ret=SUCCESS |  
2019-08-29 11:54:38,848 | INFO  | SCMAudit | user=jenkins1000 | ip=192.168.5.171 | op=SEND_HEARTBEAT {datanodeUUID=21c7cf7b-6251-48a4-bdb1-01914484bde5, command=[]} | ret=SUCCESS |  
2019-08-29 11:54:38,914 | INFO  | SCMAudit | user=jenkins1000 | ip=192.168.5.171 | op=SEND_HEARTBEAT {datanodeUUID=79404ccb-3783-4150-88ba-2fea440d7696, command=[]} | ret=SUCCESS |  
2019-08-29 11:54:38,923 | INFO  | SCMAudit | user=jenkins1000 | ip=192.168.5.171 | op=SEND_HEARTBEAT {datanodeUUID=368ac840-1874-400c-9a5e-97ce3a83695d, command=[]} | ret=SUCCESS |  
2019-08-29 11:54:39,048 | INFO  | SCMAudit | user=jenkins1000 | ip=192.168.5.171 | op=SEND_HEARTBEAT {datanodeUUID=edbdd45e-116e-45c7-951f-264ab28d364f, command=[]} | ret=SUCCESS |  
2019-08-29 11:54:39,182 | INFO  | SCMAudit | user=jenkins1000 | ip=192.168.5.171 | op=SEND_HEARTBEAT {datanodeUUID=822b3223-74a0-44c8-ae72-b72e27a17b65, command=[]} | ret=SUCCESS |  
2019-08-29 11:54:39,209 | INFO  | SCMAudit | user=jenkins1000 | ip=192.168.5.171 | op=SEND_HEARTBEAT {datanodeUUID=0927c2fb-bc54-48d8-8b4a-6f0f550fa3d8, command=[]} | ret=SUCCESS |  
2019-08-29 11:54:39,245 | INFO  | SCMAudit | user=jenkins1000 | ip=192.168.5.171 | op=SEND_HEARTBEAT {datanodeUUID=97e3324b-235f-4ceb-956e-993ee2fe234c, command=[]} | ret=SUCCESS |  
2019-08-29 11:54:39,311 | INFO  | SCMAudit | user=jenkins1000 | ip=192.168.5.171 | op=SEND_HEARTBEAT {datanodeUUID=6997f81c-1ecf-488f-a14c-812b649ddfad, command=[]} | ret=SUCCESS |  
2019-08-29 11:54:39,381 | INFO  | SCMAudit | user=jenkins1000 | ip=192.168.5.171 | op=SEND_HEARTBEAT {datanodeUUID=3442b9cb-a0d9-4a64-bd62-61dec9190efe, command=[]} | ret=SUCCESS |  
2019-08-29 11:54:39,704 [main] INFO  ozoneimpl.OzoneContainer (OzoneContainer.java:stop(215)) - Attempting to stop container services.
2019-08-29 11:54:39,704 [main] INFO  impl.RaftServerProxy (RaftServerProxy.java:lambda$close$4(314)) - 0237fb14-0601-4188-bfaa-710869c5af5c: close
2019-08-29 11:54:39,705 [main] INFO  impl.RaftServerImpl (RaftServerImpl.java:lambda$shutdown$3(245)) - 0237fb14-0601-4188-bfaa-710869c5af5c: shutdown group-73233F4C92A1
2019-08-29 11:54:39,705 [ForkJoinPool.commonPool-worker-1] INFO  impl.RaftServerImpl (RaftServerImpl.java:lambda$shutdown$3(245)) - 0237fb14-0601-4188-bfaa-710869c5af5c: shutdown group-A8FA0292109A
2019-08-29 11:54:39,705 [main] INFO  util.JmxRegister (JmxRegister.java:unregister(73)) - Successfully un-registered JMX Bean with object name Ratis:service=RaftServer,group=group-73233F4C92A1,id=0237fb14-0601-4188-bfaa-710869c5af5c
2019-08-29 11:54:39,706 [ForkJoinPool.commonPool-worker-1] INFO  util.JmxRegister (JmxRegister.java:unregister(73)) - Successfully un-registered JMX Bean with object name Ratis:service=RaftServer,group=group-A8FA0292109A,id=0237fb14-0601-4188-bfaa-710869c5af5c
2019-08-29 11:54:39,706 [main] INFO  impl.RoleInfo (RoleInfo.java:shutdownLeaderState(104)) - 0237fb14-0601-4188-bfaa-710869c5af5c: shutdown LeaderState
2019-08-29 11:54:39,706 [ForkJoinPool.commonPool-worker-1] INFO  impl.RoleInfo (RoleInfo.java:shutdownFollowerState(121)) - 0237fb14-0601-4188-bfaa-710869c5af5c: shutdown FollowerState
2019-08-29 11:54:39,706 [main] INFO  impl.PendingRequests (PendingRequests.java:sendNotLeaderResponses(202)) - 0237fb14-0601-4188-bfaa-710869c5af5c-PendingRequests: sendNotLeaderResponses
2019-08-29 11:54:39,707 [StateMachineUpdater:0237fb14-0601-4188-bfaa-710869c5af5c:group-A8FA0292109A] INFO  ratis.ContainerStateMachine (ContainerStateMachine.java:takeSnapshot(284)) - group-A8FA0292109A: Taking a snapshot at:(t:1, i:3) file /workdir/hadoop-ozone/integration-test/target/test-dir/MiniOzoneClusterImpl-16ce5ac2-d92d-4b29-933b-33d00735e97e/datanode-4/data/ratis/2f0ce970-39b3-492c-9e8e-a8fa0292109a/sm/snapshot.1_3
2019-08-29 11:54:39,707 [Thread-2829] INFO  impl.FollowerState (FollowerState.java:run(114)) - 0237fb14-0601-4188-bfaa-710869c5af5c: FollowerState was interrupted: java.lang.InterruptedException: sleep interrupted
2019-08-29 11:54:39,707 [ForkJoinPool.commonPool-worker-1] INFO  impl.StateMachineUpdater (StateMachineUpdater.java:stopAndJoin(115)) - StateMachineUpdater:0237fb14-0601-4188-bfaa-710869c5af5c:group-A8FA0292109A: set stopIndex = 4
2019-08-29 11:54:39,707 [main] INFO  impl.StateMachineUpdater (StateMachineUpdater.java:stopAndJoin(115)) - StateMachineUpdater:0237fb14-0601-4188-bfaa-710869c5af5c:group-73233F4C92A1: set stopIndex = 0
2019-08-29 11:54:39,708 [main] INFO  impl.RaftServerImpl (ServerState.java:close(394)) - 0237fb14-0601-4188-bfaa-710869c5af5c:group-73233F4C92A1 closes. The last applied log index is 0
2019-08-29 11:54:39,708 [0237fb14-0601-4188-bfaa-710869c5af5c-SegmentedRaftLogWorker:Storage Directory /workdir/hadoop-ozone/integration-test/target/test-dir/MiniOzoneClusterImpl-16ce5ac2-d92d-4b29-933b-33d00735e97e/datanode-4/data/ratis/dacf4f1f-1126-4fe4-81eb-73233f4c92a1] INFO  segmented.SegmentedRaftLogWorker (SegmentedRaftLogWorker.java:run(313)) - 0237fb14-0601-4188-bfaa-710869c5af5c-SegmentedRaftLogWorker:Storage Directory /workdir/hadoop-ozone/integration-test/target/test-dir/MiniOzoneClusterImpl-16ce5ac2-d92d-4b29-933b-33d00735e97e/datanode-4/data/ratis/dacf4f1f-1126-4fe4-81eb-73233f4c92a1 was interrupted, exiting. There are 0 tasks remaining in the queue.
2019-08-29 11:54:39,714 [main] INFO  segmented.SegmentedRaftLogWorker (SegmentedRaftLogWorker.java:close(228)) - 0237fb14-0601-4188-bfaa-710869c5af5c-SegmentedRaftLogWorker:Storage Directory /workdir/hadoop-ozone/integration-test/target/test-dir/MiniOzoneClusterImpl-16ce5ac2-d92d-4b29-933b-33d00735e97e/datanode-4/data/ratis/dacf4f1f-1126-4fe4-81eb-73233f4c92a1 close()
2019-08-29 11:54:39,733 [StateMachineUpdater:0237fb14-0601-4188-bfaa-710869c5af5c:group-A8FA0292109A] INFO  ratis.ContainerStateMachine (ContainerStateMachine.java:takeSnapshot(295)) - group-A8FA0292109A: Finished taking a snapshot at:(t:1, i:3) file:/workdir/hadoop-ozone/integration-test/target/test-dir/MiniOzoneClusterImpl-16ce5ac2-d92d-4b29-933b-33d00735e97e/datanode-4/data/ratis/2f0ce970-39b3-492c-9e8e-a8fa0292109a/sm/snapshot.1_3 time:26
2019-08-29 11:54:39,734 [StateMachineUpdater:0237fb14-0601-4188-bfaa-710869c5af5c:group-A8FA0292109A] INFO  impl.StateMachineUpdater (StateMachineUpdater.java:takeSnapshot(242)) - StateMachineUpdater:0237fb14-0601-4188-bfaa-710869c5af5c:group-A8FA0292109A: Took a snapshot at index 3
2019-08-29 11:54:39,734 [StateMachineUpdater:0237fb14-0601-4188-bfaa-710869c5af5c:group-A8FA0292109A] INFO  impl.StateMachineUpdater (StateMachineUpdater.java:lambda$new$0(80)) - StateMachineUpdater:0237fb14-0601-4188-bfaa-710869c5af5c:group-A8FA0292109A: snapshotIndex: updateIncreasingly -1 -> 3
2019-08-29 11:54:39,734 [ForkJoinPool.commonPool-worker-1] INFO  impl.RaftServerImpl (ServerState.java:close(394)) - 0237fb14-0601-4188-bfaa-710869c5af5c:group-A8FA0292109A closes. The last applied log index is 4
2019-08-29 11:54:39,735 [0237fb14-0601-4188-bfaa-710869c5af5c-SegmentedRaftLogWorker:Storage Directory /workdir/hadoop-ozone/integration-test/target/test-dir/MiniOzoneClusterImpl-16ce5ac2-d92d-4b29-933b-33d00735e97e/datanode-4/data/ratis/2f0ce970-39b3-492c-9e8e-a8fa0292109a] INFO  segmented.SegmentedRaftLogWorker (SegmentedRaftLogWorker.java:run(313)) - 0237fb14-0601-4188-bfaa-710869c5af5c-SegmentedRaftLogWorker:Storage Directory /workdir/hadoop-ozone/integration-test/target/test-dir/MiniOzoneClusterImpl-16ce5ac2-d92d-4b29-933b-33d00735e97e/datanode-4/data/ratis/2f0ce970-39b3-492c-9e8e-a8fa0292109a was interrupted, exiting. There are 0 tasks remaining in the queue.
2019-08-29 11:54:39,739 [ForkJoinPool.commonPool-worker-1] INFO  segmented.SegmentedRaftLogWorker (SegmentedRaftLogWorker.java:close(228)) - 0237fb14-0601-4188-bfaa-710869c5af5c-SegmentedRaftLogWorker:Storage Directory /workdir/hadoop-ozone/integration-test/target/test-dir/MiniOzoneClusterImpl-16ce5ac2-d92d-4b29-933b-33d00735e97e/datanode-4/data/ratis/2f0ce970-39b3-492c-9e8e-a8fa0292109a close()
2019-08-29 11:54:39,742 [main] INFO  server.GrpcService (GrpcService.java:closeImpl(155)) - 0237fb14-0601-4188-bfaa-710869c5af5c: shutdown server with port 34413 now
2019-08-29 11:54:39,746 [grpc-default-executor-7] WARN  server.GrpcServerProtocolService (LogUtils.java:warn(134)) - 0237fb14-0601-4188-bfaa-710869c5af5c: appendEntries onError: org.apache.ratis.thirdparty.io.grpc.StatusRuntimeException: CANCELLED: cancelled before receiving half close
2019-08-29 11:54:39,746 [main] INFO  server.GrpcService (GrpcService.java:closeImpl(163)) - 0237fb14-0601-4188-bfaa-710869c5af5c: shutdown server with port 34413 successfully
2019-08-29 11:54:39,746 [grpc-default-executor-10] WARN  server.GrpcLogAppender (LogUtils.java:warn(134)) - 0927c2fb-bc54-48d8-8b4a-6f0f550fa3d8->0237fb14-0601-4188-bfaa-710869c5af5c: Failed appendEntries: org.apache.ratis.thirdparty.io.grpc.StatusRuntimeException: CANCELLED: HTTP/2 error code: CANCEL
Received Rst Stream
2019-08-29 11:54:39,748 [grpc-default-executor-10] INFO  impl.FollowerInfo (FollowerInfo.java:lambda$new$0(50)) - 0927c2fb-bc54-48d8-8b4a-6f0f550fa3d8->0237fb14-0601-4188-bfaa-710869c5af5c: nextIndex: updateUnconditionally 5 -> 4
2019-08-29 11:54:39,748 [refreshUsed-/workdir/hadoop-ozone/integration-test/target/test-dir/MiniOzoneClusterImpl-16ce5ac2-d92d-4b29-933b-33d00735e97e/datanode-4/data/containers] WARN  fs.CachingGetSpaceUsed (CachingGetSpaceUsed.java:run(183)) - Thread Interrupted waiting to refresh disk information: sleep interrupted
2019-08-29 11:54:39,764 [main] INFO  utils.BackgroundService (BackgroundService.java:shutdown(148)) - Shutting down service BlockDeletingService
2019-08-29 11:54:39,773 [main] INFO  statemachine.DatanodeStateMachine (DatanodeStateMachine.java:stopDaemon(395)) - Ozone container server stopped.
2019-08-29 11:54:39,774 [main] INFO  handler.ContextHandler (ContextHandler.java:doStop(910)) - Stopped o.e.j.w.WebAppContext@9e02f84{/,null,UNAVAILABLE}{/hddsDatanode}
2019-08-29 11:54:39,775 [main] INFO  server.AbstractConnector (AbstractConnector.java:doStop(318)) - Stopped ServerConnector@1e6060f1{HTTP/1.1,[http/1.1]}{0.0.0.0:0}
2019-08-29 11:54:39,775 [main] INFO  handler.ContextHandler (ContextHandler.java:doStop(910)) - Stopped o.e.j.s.ServletContextHandler@53dd42d6{/static,jar:file:/home/user/.m2/repository/org/apache/hadoop/hadoop-hdds-container-service/0.5.0-SNAPSHOT/hadoop-hdds-container-service-0.5.0-SNAPSHOT.jar!/webapps/static,UNAVAILABLE}
2019-08-29 11:54:39,775 [main] INFO  handler.ContextHandler (ContextHandler.java:doStop(910)) - Stopped o.e.j.s.ServletContextHandler@4a62062a{/logs,file:///workdir/hadoop-ozone/integration-test/target/log,UNAVAILABLE}
2019-08-29 11:54:39,848 | INFO  | SCMAudit | user=jenkins1000 | ip=192.168.5.171 | op=SEND_HEARTBEAT {datanodeUUID=21c7cf7b-6251-48a4-bdb1-01914484bde5, command=[]} | ret=SUCCESS |  
2019-08-29 11:54:39,915 | INFO  | SCMAudit | user=jenkins1000 | ip=192.168.5.171 | op=SEND_HEARTBEAT {datanodeUUID=79404ccb-3783-4150-88ba-2fea440d7696, command=[]} | ret=SUCCESS |  
2019-08-29 11:54:39,924 | INFO  | SCMAudit | user=jenkins1000 | ip=192.168.5.171 | op=SEND_HEARTBEAT {datanodeUUID=368ac840-1874-400c-9a5e-97ce3a83695d, command=[]} | ret=SUCCESS |  
2019-08-29 11:54:40,038 [grpc-default-executor-7] WARN  server.GrpcLogAppender (LogUtils.java:warn(134)) - 0927c2fb-bc54-48d8-8b4a-6f0f550fa3d8->0237fb14-0601-4188-bfaa-710869c5af5c: Failed appendEntries: org.apache.ratis.thirdparty.io.grpc.StatusRuntimeException: UNAVAILABLE: io exception
2019-08-29 11:54:40,038 [grpc-default-executor-7] INFO  impl.FollowerInfo (FollowerInfo.java:lambda$new$0(50)) - 0927c2fb-bc54-48d8-8b4a-6f0f550fa3d8->0237fb14-0601-4188-bfaa-710869c5af5c: nextIndex: updateUnconditionally 4 -> 3
2019-08-29 11:54:40,048 | INFO  | SCMAudit | user=jenkins1000 | ip=192.168.5.171 | op=SEND_HEARTBEAT {datanodeUUID=edbdd45e-116e-45c7-951f-264ab28d364f, command=[]} | ret=SUCCESS |  
2019-08-29 11:54:40,182 | INFO  | SCMAudit | user=jenkins1000 | ip=192.168.5.171 | op=SEND_HEARTBEAT {datanodeUUID=822b3223-74a0-44c8-ae72-b72e27a17b65, command=[]} | ret=SUCCESS |  
2019-08-29 11:54:40,208 [Datanode State Machine Thread - 0] INFO  statemachine.DatanodeStateMachine (DatanodeStateMachine.java:lambda$startDaemon$0(350)) - Ozone container server started.
2019-08-29 11:54:40,245 | INFO  | SCMAudit | user=jenkins1000 | ip=192.168.5.171 | op=SEND_HEARTBEAT {datanodeUUID=97e3324b-235f-4ceb-956e-993ee2fe234c, command=[]} | ret=SUCCESS |  
2019-08-29 11:54:40,312 | INFO  | SCMAudit | user=jenkins1000 | ip=192.168.5.171 | op=SEND_HEARTBEAT {datanodeUUID=6997f81c-1ecf-488f-a14c-812b649ddfad, command=[]} | ret=SUCCESS |  
2019-08-29 11:54:40,381 | INFO  | SCMAudit | user=jenkins1000 | ip=192.168.5.171 | op=SEND_HEARTBEAT {datanodeUUID=3442b9cb-a0d9-4a64-bd62-61dec9190efe, command=[]} | ret=SUCCESS |  
2019-08-29 11:54:40,538 [grpc-default-executor-9] WARN  server.GrpcLogAppender (LogUtils.java:warn(134)) - 0927c2fb-bc54-48d8-8b4a-6f0f550fa3d8->0237fb14-0601-4188-bfaa-710869c5af5c: Failed appendEntries: org.apache.ratis.thirdparty.io.grpc.StatusRuntimeException: UNAVAILABLE: io exception
2019-08-29 11:54:40,539 [grpc-default-executor-9] INFO  impl.FollowerInfo (FollowerInfo.java:lambda$new$0(50)) - 0927c2fb-bc54-48d8-8b4a-6f0f550fa3d8->0237fb14-0601-4188-bfaa-710869c5af5c: nextIndex: updateUnconditionally 3 -> 2
2019-08-29 11:54:40,848 | INFO  | SCMAudit | user=jenkins1000 | ip=192.168.5.171 | op=SEND_HEARTBEAT {datanodeUUID=21c7cf7b-6251-48a4-bdb1-01914484bde5, command=[]} | ret=SUCCESS |  
2019-08-29 11:54:40,916 | INFO  | SCMAudit | user=jenkins1000 | ip=192.168.5.171 | op=SEND_HEARTBEAT {datanodeUUID=79404ccb-3783-4150-88ba-2fea440d7696, command=[]} | ret=SUCCESS |  
2019-08-29 11:54:40,924 | INFO  | SCMAudit | user=jenkins1000 | ip=192.168.5.171 | op=SEND_HEARTBEAT {datanodeUUID=368ac840-1874-400c-9a5e-97ce3a83695d, command=[]} | ret=SUCCESS |  
2019-08-29 11:54:41,039 [grpc-default-executor-4] WARN  server.GrpcLogAppender (LogUtils.java:warn(134)) - 0927c2fb-bc54-48d8-8b4a-6f0f550fa3d8->0237fb14-0601-4188-bfaa-710869c5af5c: Failed appendEntries: org.apache.ratis.thirdparty.io.grpc.StatusRuntimeException: UNAVAILABLE: io exception
2019-08-29 11:54:41,039 [grpc-default-executor-4] INFO  impl.FollowerInfo (FollowerInfo.java:lambda$new$0(50)) - 0927c2fb-bc54-48d8-8b4a-6f0f550fa3d8->0237fb14-0601-4188-bfaa-710869c5af5c: nextIndex: updateUnconditionally 2 -> 1
2019-08-29 11:54:41,048 | INFO  | SCMAudit | user=jenkins1000 | ip=192.168.5.171 | op=SEND_HEARTBEAT {datanodeUUID=edbdd45e-116e-45c7-951f-264ab28d364f, command=[]} | ret=SUCCESS |  
2019-08-29 11:54:41,182 | INFO  | SCMAudit | user=jenkins1000 | ip=192.168.5.171 | op=SEND_HEARTBEAT {datanodeUUID=822b3223-74a0-44c8-ae72-b72e27a17b65, command=[]} | ret=SUCCESS |  
2019-08-29 11:54:41,245 | INFO  | SCMAudit | user=jenkins1000 | ip=192.168.5.171 | op=SEND_HEARTBEAT {datanodeUUID=97e3324b-235f-4ceb-956e-993ee2fe234c, command=[]} | ret=SUCCESS |  
2019-08-29 11:54:41,312 | INFO  | SCMAudit | user=jenkins1000 | ip=192.168.5.171 | op=SEND_HEARTBEAT {datanodeUUID=6997f81c-1ecf-488f-a14c-812b649ddfad, command=[]} | ret=SUCCESS |  
2019-08-29 11:54:41,381 | INFO  | SCMAudit | user=jenkins1000 | ip=192.168.5.171 | op=SEND_HEARTBEAT {datanodeUUID=3442b9cb-a0d9-4a64-bd62-61dec9190efe, command=[]} | ret=SUCCESS |  
2019-08-29 11:54:41,540 [grpc-default-executor-7] WARN  server.GrpcLogAppender (LogUtils.java:warn(134)) - 0927c2fb-bc54-48d8-8b4a-6f0f550fa3d8->0237fb14-0601-4188-bfaa-710869c5af5c: Failed appendEntries: org.apache.ratis.thirdparty.io.grpc.StatusRuntimeException: UNAVAILABLE: io exception
2019-08-29 11:54:41,540 [grpc-default-executor-7] INFO  impl.FollowerInfo (FollowerInfo.java:lambda$new$0(50)) - 0927c2fb-bc54-48d8-8b4a-6f0f550fa3d8->0237fb14-0601-4188-bfaa-710869c5af5c: nextIndex: updateUnconditionally 1 -> 0
2019-08-29 11:54:41,848 | INFO  | SCMAudit | user=jenkins1000 | ip=192.168.5.171 | op=SEND_HEARTBEAT {datanodeUUID=21c7cf7b-6251-48a4-bdb1-01914484bde5, command=[]} | ret=SUCCESS |  
2019-08-29 11:54:41,917 | INFO  | SCMAudit | user=jenkins1000 | ip=192.168.5.171 | op=SEND_HEARTBEAT {datanodeUUID=79404ccb-3783-4150-88ba-2fea440d7696, command=[]} | ret=SUCCESS |  
2019-08-29 11:54:41,924 | INFO  | SCMAudit | user=jenkins1000 | ip=192.168.5.171 | op=SEND_HEARTBEAT {datanodeUUID=368ac840-1874-400c-9a5e-97ce3a83695d, command=[]} | ret=SUCCESS |  
2019-08-29 11:54:42,040 [grpc-default-executor-3] WARN  server.GrpcLogAppender (LogUtils.java:warn(134)) - 0927c2fb-bc54-48d8-8b4a-6f0f550fa3d8->0237fb14-0601-4188-bfaa-710869c5af5c: Failed appendEntries: org.apache.ratis.thirdparty.io.grpc.StatusRuntimeException: UNAVAILABLE: io exception
2019-08-29 11:54:42,041 [grpc-default-executor-3] INFO  impl.FollowerInfo (FollowerInfo.java:lambda$new$0(50)) - 0927c2fb-bc54-48d8-8b4a-6f0f550fa3d8->0237fb14-0601-4188-bfaa-710869c5af5c: nextIndex: updateUnconditionally 0 -> 0
2019-08-29 11:54:42,048 | INFO  | SCMAudit | user=jenkins1000 | ip=192.168.5.171 | op=SEND_HEARTBEAT {datanodeUUID=edbdd45e-116e-45c7-951f-264ab28d364f, command=[]} | ret=SUCCESS |  
2019-08-29 11:54:42,182 | INFO  | SCMAudit | user=jenkins1000 | ip=192.168.5.171 | op=SEND_HEARTBEAT {datanodeUUID=822b3223-74a0-44c8-ae72-b72e27a17b65, command=[]} | ret=SUCCESS |  
2019-08-29 11:54:42,246 | INFO  | SCMAudit | user=jenkins1000 | ip=192.168.5.171 | op=SEND_HEARTBEAT {datanodeUUID=97e3324b-235f-4ceb-956e-993ee2fe234c, command=[]} | ret=SUCCESS |  
2019-08-29 11:54:42,312 | INFO  | SCMAudit | user=jenkins1000 | ip=192.168.5.171 | op=SEND_HEARTBEAT {datanodeUUID=6997f81c-1ecf-488f-a14c-812b649ddfad, command=[]} | ret=SUCCESS |  
2019-08-29 11:54:42,381 | INFO  | SCMAudit | user=jenkins1000 | ip=192.168.5.171 | op=SEND_HEARTBEAT {datanodeUUID=3442b9cb-a0d9-4a64-bd62-61dec9190efe, command=[]} | ret=SUCCESS |  
2019-08-29 11:54:42,541 [grpc-default-executor-9] WARN  server.GrpcLogAppender (LogUtils.java:warn(134)) - 0927c2fb-bc54-48d8-8b4a-6f0f550fa3d8->0237fb14-0601-4188-bfaa-710869c5af5c: Failed appendEntries: org.apache.ratis.thirdparty.io.grpc.StatusRuntimeException: UNAVAILABLE: io exception
2019-08-29 11:54:42,542 [grpc-default-executor-9] INFO  impl.FollowerInfo (FollowerInfo.java:lambda$new$0(50)) - 0927c2fb-bc54-48d8-8b4a-6f0f550fa3d8->0237fb14-0601-4188-bfaa-710869c5af5c: nextIndex: updateUnconditionally 0 -> 0
2019-08-29 11:54:42,848 | INFO  | SCMAudit | user=jenkins1000 | ip=192.168.5.171 | op=SEND_HEARTBEAT {datanodeUUID=21c7cf7b-6251-48a4-bdb1-01914484bde5, command=[]} | ret=SUCCESS |  
2019-08-29 11:54:42,917 | INFO  | SCMAudit | user=jenkins1000 | ip=192.168.5.171 | op=SEND_HEARTBEAT {datanodeUUID=79404ccb-3783-4150-88ba-2fea440d7696, command=[]} | ret=SUCCESS |  
2019-08-29 11:54:42,923 | INFO  | SCMAudit | user=jenkins1000 | ip=192.168.5.171 | op=SEND_HEARTBEAT {datanodeUUID=368ac840-1874-400c-9a5e-97ce3a83695d, command=[]} | ret=SUCCESS |  
2019-08-29 11:54:43,042 [grpc-default-executor-9] WARN  server.GrpcLogAppender (LogUtils.java:warn(134)) - 0927c2fb-bc54-48d8-8b4a-6f0f550fa3d8->0237fb14-0601-4188-bfaa-710869c5af5c: Failed appendEntries: org.apache.ratis.thirdparty.io.grpc.StatusRuntimeException: UNAVAILABLE: io exception
2019-08-29 11:54:43,042 [grpc-default-executor-9] INFO  impl.FollowerInfo (FollowerInfo.java:lambda$new$0(50)) - 0927c2fb-bc54-48d8-8b4a-6f0f550fa3d8->0237fb14-0601-4188-bfaa-710869c5af5c: nextIndex: updateUnconditionally 0 -> 0
2019-08-29 11:54:43,048 | INFO  | SCMAudit | user=jenkins1000 | ip=192.168.5.171 | op=SEND_HEARTBEAT {datanodeUUID=edbdd45e-116e-45c7-951f-264ab28d364f, command=[]} | ret=SUCCESS |  
2019-08-29 11:54:43,182 | INFO  | SCMAudit | user=jenkins1000 | ip=192.168.5.171 | op=SEND_HEARTBEAT {datanodeUUID=822b3223-74a0-44c8-ae72-b72e27a17b65, command=[]} | ret=SUCCESS |  
2019-08-29 11:54:43,246 | INFO  | SCMAudit | user=jenkins1000 | ip=192.168.5.171 | op=SEND_HEARTBEAT {datanodeUUID=97e3324b-235f-4ceb-956e-993ee2fe234c, command=[]} | ret=SUCCESS |  
2019-08-29 11:54:43,312 | INFO  | SCMAudit | user=jenkins1000 | ip=192.168.5.171 | op=SEND_HEARTBEAT {datanodeUUID=6997f81c-1ecf-488f-a14c-812b649ddfad, command=[]} | ret=SUCCESS |  
2019-08-29 11:54:43,381 | INFO  | SCMAudit | user=jenkins1000 | ip=192.168.5.171 | op=SEND_HEARTBEAT {datanodeUUID=3442b9cb-a0d9-4a64-bd62-61dec9190efe, command=[]} | ret=SUCCESS |  
2019-08-29 11:54:43,543 [grpc-default-executor-9] WARN  server.GrpcLogAppender (LogUtils.java:warn(134)) - 0927c2fb-bc54-48d8-8b4a-6f0f550fa3d8->0237fb14-0601-4188-bfaa-710869c5af5c: Failed appendEntries: org.apache.ratis.thirdparty.io.grpc.StatusRuntimeException: UNAVAILABLE: io exception
2019-08-29 11:54:43,544 [grpc-default-executor-9] INFO  impl.FollowerInfo (FollowerInfo.java:lambda$new$0(50)) - 0927c2fb-bc54-48d8-8b4a-6f0f550fa3d8->0237fb14-0601-4188-bfaa-710869c5af5c: nextIndex: updateUnconditionally 0 -> 0
2019-08-29 11:54:43,848 | INFO  | SCMAudit | user=jenkins1000 | ip=192.168.5.171 | op=SEND_HEARTBEAT {datanodeUUID=21c7cf7b-6251-48a4-bdb1-01914484bde5, command=[]} | ret=SUCCESS |  
2019-08-29 11:54:43,917 | INFO  | SCMAudit | user=jenkins1000 | ip=192.168.5.171 | op=SEND_HEARTBEAT {datanodeUUID=79404ccb-3783-4150-88ba-2fea440d7696, command=[]} | ret=SUCCESS |  
2019-08-29 11:54:43,923 | INFO  | SCMAudit | user=jenkins1000 | ip=192.168.5.171 | op=SEND_HEARTBEAT {datanodeUUID=368ac840-1874-400c-9a5e-97ce3a83695d, command=[]} | ret=SUCCESS |  
2019-08-29 11:54:44,044 [grpc-default-executor-9] WARN  server.GrpcLogAppender (LogUtils.java:warn(134)) - 0927c2fb-bc54-48d8-8b4a-6f0f550fa3d8->0237fb14-0601-4188-bfaa-710869c5af5c: Failed appendEntries: org.apache.ratis.thirdparty.io.grpc.StatusRuntimeException: UNAVAILABLE: io exception
2019-08-29 11:54:44,044 [grpc-default-executor-9] INFO  impl.FollowerInfo (FollowerInfo.java:lambda$new$0(50)) - 0927c2fb-bc54-48d8-8b4a-6f0f550fa3d8->0237fb14-0601-4188-bfaa-710869c5af5c: nextIndex: updateUnconditionally 0 -> 0
2019-08-29 11:54:44,048 | INFO  | SCMAudit | user=jenkins1000 | ip=192.168.5.171 | op=SEND_HEARTBEAT {datanodeUUID=edbdd45e-116e-45c7-951f-264ab28d364f, command=[]} | ret=SUCCESS |  
2019-08-29 11:54:44,182 | INFO  | SCMAudit | user=jenkins1000 | ip=192.168.5.171 | op=SEND_HEARTBEAT {datanodeUUID=822b3223-74a0-44c8-ae72-b72e27a17b65, command=[]} | ret=SUCCESS |  
2019-08-29 11:54:44,246 | INFO  | SCMAudit | user=jenkins1000 | ip=192.168.5.171 | op=SEND_HEARTBEAT {datanodeUUID=97e3324b-235f-4ceb-956e-993ee2fe234c, command=[]} | ret=SUCCESS |  
2019-08-29 11:54:44,312 | INFO  | SCMAudit | user=jenkins1000 | ip=192.168.5.171 | op=SEND_HEARTBEAT {datanodeUUID=6997f81c-1ecf-488f-a14c-812b649ddfad, command=[]} | ret=SUCCESS |  
2019-08-29 11:54:44,380 | INFO  | SCMAudit | user=jenkins1000 | ip=192.168.5.171 | op=SEND_HEARTBEAT {datanodeUUID=3442b9cb-a0d9-4a64-bd62-61dec9190efe, command=[]} | ret=SUCCESS |  
2019-08-29 11:54:44,544 [grpc-default-executor-9] WARN  server.GrpcLogAppender (LogUtils.java:warn(134)) - 0927c2fb-bc54-48d8-8b4a-6f0f550fa3d8->0237fb14-0601-4188-bfaa-710869c5af5c: Failed appendEntries: org.apache.ratis.thirdparty.io.grpc.StatusRuntimeException: UNAVAILABLE: io exception
2019-08-29 11:54:44,545 [grpc-default-executor-9] INFO  impl.FollowerInfo (FollowerInfo.java:lambda$new$0(50)) - 0927c2fb-bc54-48d8-8b4a-6f0f550fa3d8->0237fb14-0601-4188-bfaa-710869c5af5c: nextIndex: updateUnconditionally 0 -> 0
2019-08-29 11:54:44,777 [main] INFO  ozoneimpl.OzoneContainer (OzoneContainer.java:stop(215)) - Attempting to stop container services.
2019-08-29 11:54:44,778 [main] INFO  impl.RaftServerProxy (RaftServerProxy.java:lambda$close$4(314)) - 0927c2fb-bc54-48d8-8b4a-6f0f550fa3d8: close
2019-08-29 11:54:44,779 [main] INFO  impl.RaftServerImpl (RaftServerImpl.java:lambda$shutdown$3(245)) - 0927c2fb-bc54-48d8-8b4a-6f0f550fa3d8: shutdown group-B349831769D1
2019-08-29 11:54:44,779 [ForkJoinPool.commonPool-worker-0] INFO  impl.RaftServerImpl (RaftServerImpl.java:lambda$shutdown$3(245)) - 0927c2fb-bc54-48d8-8b4a-6f0f550fa3d8: shutdown group-A8FA0292109A
2019-08-29 11:54:44,780 [main] INFO  util.JmxRegister (JmxRegister.java:unregister(73)) - Successfully un-registered JMX Bean with object name Ratis:service=RaftServer,group=group-B349831769D1,id=0927c2fb-bc54-48d8-8b4a-6f0f550fa3d8
2019-08-29 11:54:44,780 [ForkJoinPool.commonPool-worker-0] INFO  util.JmxRegister (JmxRegister.java:unregister(73)) - Successfully un-registered JMX Bean with object name Ratis:service=RaftServer,group=group-A8FA0292109A,id=0927c2fb-bc54-48d8-8b4a-6f0f550fa3d8
2019-08-29 11:54:44,780 [main] INFO  impl.RoleInfo (RoleInfo.java:shutdownLeaderState(104)) - 0927c2fb-bc54-48d8-8b4a-6f0f550fa3d8: shutdown LeaderState
2019-08-29 11:54:44,780 [ForkJoinPool.commonPool-worker-0] INFO  impl.RoleInfo (RoleInfo.java:shutdownLeaderState(104)) - 0927c2fb-bc54-48d8-8b4a-6f0f550fa3d8: shutdown LeaderState
2019-08-29 11:54:44,781 [main] INFO  impl.PendingRequests (PendingRequests.java:sendNotLeaderResponses(202)) - 0927c2fb-bc54-48d8-8b4a-6f0f550fa3d8-PendingRequests: sendNotLeaderResponses
2019-08-29 11:54:44,785 [org.apache.ratis.server.impl.LogAppender$AppenderDaemon$$Lambda$537/769722511@15e7dd2f] WARN  server.GrpcLogAppender (GrpcLogAppender.java:mayWait(143)) - GrpcLogAppender(0927c2fb-bc54-48d8-8b4a-6f0f550fa3d8->79404ccb-3783-4150-88ba-2fea440d7696): Wait interrupted by java.lang.InterruptedException
2019-08-29 11:54:44,785 [ForkJoinPool.commonPool-worker-0] INFO  impl.PendingRequests (PendingRequests.java:sendNotLeaderResponses(202)) - 0927c2fb-bc54-48d8-8b4a-6f0f550fa3d8-PendingRequests: sendNotLeaderResponses
2019-08-29 11:54:44,785 [org.apache.ratis.server.impl.LogAppender$AppenderDaemon$$Lambda$537/769722511@50e541f7] WARN  server.GrpcLogAppender (GrpcLogAppender.java:mayWait(143)) - GrpcLogAppender(0927c2fb-bc54-48d8-8b4a-6f0f550fa3d8->0237fb14-0601-4188-bfaa-710869c5af5c): Wait interrupted by java.lang.InterruptedException
2019-08-29 11:54:44,786 [main] INFO  impl.StateMachineUpdater (StateMachineUpdater.java:stopAndJoin(115)) - StateMachineUpdater:0927c2fb-bc54-48d8-8b4a-6f0f550fa3d8:group-B349831769D1: set stopIndex = 0
2019-08-29 11:54:44,790 [ForkJoinPool.commonPool-worker-0] INFO  impl.StateMachineUpdater (StateMachineUpdater.java:stopAndJoin(115)) - StateMachineUpdater:0927c2fb-bc54-48d8-8b4a-6f0f550fa3d8:group-A8FA0292109A: set stopIndex = 4
2019-08-29 11:54:44,786 [grpc-default-executor-3] INFO  server.GrpcServerProtocolService (GrpcServerProtocolService.java:onCompleted(104)) - 79404ccb-3783-4150-88ba-2fea440d7696: appendEntries completed
2019-08-29 11:54:44,790 [main] INFO  impl.RaftServerImpl (ServerState.java:close(394)) - 0927c2fb-bc54-48d8-8b4a-6f0f550fa3d8:group-B349831769D1 closes. The last applied log index is 0
2019-08-29 11:54:44,790 [StateMachineUpdater:0927c2fb-bc54-48d8-8b4a-6f0f550fa3d8:group-A8FA0292109A] INFO  ratis.ContainerStateMachine (ContainerStateMachine.java:takeSnapshot(284)) - group-A8FA0292109A: Taking a snapshot at:(t:1, i:4) file /workdir/hadoop-ozone/integration-test/target/test-dir/MiniOzoneClusterImpl-16ce5ac2-d92d-4b29-933b-33d00735e97e/datanode-9/data/ratis/2f0ce970-39b3-492c-9e8e-a8fa0292109a/sm/snapshot.1_4
2019-08-29 11:54:44,791 [grpc-default-executor-3] INFO  server.GrpcLogAppender (GrpcLogAppender.java:onCompleted(292)) - 0927c2fb-bc54-48d8-8b4a-6f0f550fa3d8->79404ccb-3783-4150-88ba-2fea440d7696: follower responses appendEntries COMPLETED
2019-08-29 11:54:44,791 [0927c2fb-bc54-48d8-8b4a-6f0f550fa3d8-SegmentedRaftLogWorker:Storage Directory /workdir/hadoop-ozone/integration-test/target/test-dir/MiniOzoneClusterImpl-16ce5ac2-d92d-4b29-933b-33d00735e97e/datanode-9/data/ratis/069afdb9-be72-425b-8ef1-b349831769d1] INFO  segmented.SegmentedRaftLogWorker (SegmentedRaftLogWorker.java:run(313)) - 0927c2fb-bc54-48d8-8b4a-6f0f550fa3d8-SegmentedRaftLogWorker:Storage Directory /workdir/hadoop-ozone/integration-test/target/test-dir/MiniOzoneClusterImpl-16ce5ac2-d92d-4b29-933b-33d00735e97e/datanode-9/data/ratis/069afdb9-be72-425b-8ef1-b349831769d1 was interrupted, exiting. There are 0 tasks remaining in the queue.
2019-08-29 11:54:44,791 [grpc-default-executor-3] INFO  impl.FollowerInfo (FollowerInfo.java:lambda$new$0(50)) - 0927c2fb-bc54-48d8-8b4a-6f0f550fa3d8->79404ccb-3783-4150-88ba-2fea440d7696: nextIndex: updateUnconditionally 5 -> 4
2019-08-29 11:54:44,794 [main] INFO  segmented.SegmentedRaftLogWorker (SegmentedRaftLogWorker.java:close(228)) - 0927c2fb-bc54-48d8-8b4a-6f0f550fa3d8-SegmentedRaftLogWorker:Storage Directory /workdir/hadoop-ozone/integration-test/target/test-dir/MiniOzoneClusterImpl-16ce5ac2-d92d-4b29-933b-33d00735e97e/datanode-9/data/ratis/069afdb9-be72-425b-8ef1-b349831769d1 close()
2019-08-29 11:54:44,847 | INFO  | SCMAudit | user=jenkins1000 | ip=192.168.5.171 | op=SEND_HEARTBEAT {datanodeUUID=21c7cf7b-6251-48a4-bdb1-01914484bde5, command=[]} | ret=SUCCESS |  
2019-08-29 11:54:44,917 | INFO  | SCMAudit | user=jenkins1000 | ip=192.168.5.171 | op=SEND_HEARTBEAT {datanodeUUID=79404ccb-3783-4150-88ba-2fea440d7696, command=[]} | ret=SUCCESS |  
2019-08-29 11:54:44,924 | INFO  | SCMAudit | user=jenkins1000 | ip=192.168.5.171 | op=SEND_HEARTBEAT {datanodeUUID=368ac840-1874-400c-9a5e-97ce3a83695d, command=[]} | ret=SUCCESS |  
2019-08-29 11:54:45,048 | INFO  | SCMAudit | user=jenkins1000 | ip=192.168.5.171 | op=SEND_HEARTBEAT {datanodeUUID=edbdd45e-116e-45c7-951f-264ab28d364f, command=[]} | ret=SUCCESS |  
2019-08-29 11:54:45,183 | INFO  | SCMAudit | user=jenkins1000 | ip=192.168.5.171 | op=SEND_HEARTBEAT {datanodeUUID=822b3223-74a0-44c8-ae72-b72e27a17b65, command=[]} | ret=SUCCESS |  
2019-08-29 11:54:45,246 | INFO  | SCMAudit | user=jenkins1000 | ip=192.168.5.171 | op=SEND_HEARTBEAT {datanodeUUID=97e3324b-235f-4ceb-956e-993ee2fe234c, command=[]} | ret=SUCCESS |  
2019-08-29 11:54:45,312 | INFO  | SCMAudit | user=jenkins1000 | ip=192.168.5.171 | op=SEND_HEARTBEAT {datanodeUUID=6997f81c-1ecf-488f-a14c-812b649ddfad, command=[]} | ret=SUCCESS |  
2019-08-29 11:54:45,381 | INFO  | SCMAudit | user=jenkins1000 | ip=192.168.5.171 | op=SEND_HEARTBEAT {datanodeUUID=3442b9cb-a0d9-4a64-bd62-61dec9190efe, command=[]} | ret=SUCCESS |  
2019-08-29 11:54:45,847 | INFO  | SCMAudit | user=jenkins1000 | ip=192.168.5.171 | op=SEND_HEARTBEAT {datanodeUUID=21c7cf7b-6251-48a4-bdb1-01914484bde5, command=[]} | ret=SUCCESS |  
2019-08-29 11:54:45,918 | INFO  | SCMAudit | user=jenkins1000 | ip=192.168.5.171 | op=SEND_HEARTBEAT {datanodeUUID=79404ccb-3783-4150-88ba-2fea440d7696, command=[]} | ret=SUCCESS |  
2019-08-29 11:54:45,924 | INFO  | SCMAudit | user=jenkins1000 | ip=192.168.5.171 | op=SEND_HEARTBEAT {datanodeUUID=368ac840-1874-400c-9a5e-97ce3a83695d, command=[]} | ret=SUCCESS |  
2019-08-29 11:54:46,048 | INFO  | SCMAudit | user=jenkins1000 | ip=192.168.5.171 | op=SEND_HEARTBEAT {datanodeUUID=edbdd45e-116e-45c7-951f-264ab28d364f, command=[]} | ret=SUCCESS |  
2019-08-29 11:54:46,131 [StateMachineUpdater:0927c2fb-bc54-48d8-8b4a-6f0f550fa3d8:group-A8FA0292109A] INFO  ratis.ContainerStateMachine (ContainerStateMachine.java:takeSnapshot(295)) - group-A8FA0292109A: Finished taking a snapshot at:(t:1, i:4) file:/workdir/hadoop-ozone/integration-test/target/test-dir/MiniOzoneClusterImpl-16ce5ac2-d92d-4b29-933b-33d00735e97e/datanode-9/data/ratis/2f0ce970-39b3-492c-9e8e-a8fa0292109a/sm/snapshot.1_4 time:1341
2019-08-29 11:54:46,131 [StateMachineUpdater:0927c2fb-bc54-48d8-8b4a-6f0f550fa3d8:group-A8FA0292109A] INFO  impl.StateMachineUpdater (StateMachineUpdater.java:takeSnapshot(242)) - StateMachineUpdater:0927c2fb-bc54-48d8-8b4a-6f0f550fa3d8:group-A8FA0292109A: Took a snapshot at index 4
2019-08-29 11:54:46,131 [StateMachineUpdater:0927c2fb-bc54-48d8-8b4a-6f0f550fa3d8:group-A8FA0292109A] INFO  impl.StateMachineUpdater (StateMachineUpdater.java:lambda$new$0(80)) - StateMachineUpdater:0927c2fb-bc54-48d8-8b4a-6f0f550fa3d8:group-A8FA0292109A: snapshotIndex: updateIncreasingly -1 -> 4
2019-08-29 11:54:46,132 [ForkJoinPool.commonPool-worker-0] INFO  impl.RaftServerImpl (ServerState.java:close(394)) - 0927c2fb-bc54-48d8-8b4a-6f0f550fa3d8:group-A8FA0292109A closes. The last applied log index is 4
2019-08-29 11:54:46,132 [0927c2fb-bc54-48d8-8b4a-6f0f550fa3d8-SegmentedRaftLogWorker:Storage Directory /workdir/hadoop-ozone/integration-test/target/test-dir/MiniOzoneClusterImpl-16ce5ac2-d92d-4b29-933b-33d00735e97e/datanode-9/data/ratis/2f0ce970-39b3-492c-9e8e-a8fa0292109a] INFO  segmented.SegmentedRaftLogWorker (SegmentedRaftLogWorker.java:run(313)) - 0927c2fb-bc54-48d8-8b4a-6f0f550fa3d8-SegmentedRaftLogWorker:Storage Directory /workdir/hadoop-ozone/integration-test/target/test-dir/MiniOzoneClusterImpl-16ce5ac2-d92d-4b29-933b-33d00735e97e/datanode-9/data/ratis/2f0ce970-39b3-492c-9e8e-a8fa0292109a was interrupted, exiting. There are 0 tasks remaining in the queue.
2019-08-29 11:54:46,136 [ForkJoinPool.commonPool-worker-0] INFO  segmented.SegmentedRaftLogWorker (SegmentedRaftLogWorker.java:close(228)) - 0927c2fb-bc54-48d8-8b4a-6f0f550fa3d8-SegmentedRaftLogWorker:Storage Directory /workdir/hadoop-ozone/integration-test/target/test-dir/MiniOzoneClusterImpl-16ce5ac2-d92d-4b29-933b-33d00735e97e/datanode-9/data/ratis/2f0ce970-39b3-492c-9e8e-a8fa0292109a close()
2019-08-29 11:54:46,139 [main] INFO  server.GrpcService (GrpcService.java:closeImpl(155)) - 0927c2fb-bc54-48d8-8b4a-6f0f550fa3d8: shutdown server with port 45391 now
2019-08-29 11:54:46,140 [main] INFO  server.GrpcService (GrpcService.java:closeImpl(163)) - 0927c2fb-bc54-48d8-8b4a-6f0f550fa3d8: shutdown server with port 45391 successfully
2019-08-29 11:54:46,142 [refreshUsed-/workdir/hadoop-ozone/integration-test/target/test-dir/MiniOzoneClusterImpl-16ce5ac2-d92d-4b29-933b-33d00735e97e/datanode-9/data/containers] WARN  fs.CachingGetSpaceUsed (CachingGetSpaceUsed.java:run(183)) - Thread Interrupted waiting to refresh disk information: sleep interrupted
2019-08-29 11:54:46,156 [main] INFO  utils.BackgroundService (BackgroundService.java:shutdown(148)) - Shutting down service BlockDeletingService
2019-08-29 11:54:46,163 [main] INFO  statemachine.DatanodeStateMachine (DatanodeStateMachine.java:stopDaemon(395)) - Ozone container server stopped.
2019-08-29 11:54:46,165 [main] INFO  handler.ContextHandler (ContextHandler.java:doStop(910)) - Stopped o.e.j.w.WebAppContext@31ab1e67{/,null,UNAVAILABLE}{/hddsDatanode}
2019-08-29 11:54:46,165 [main] INFO  server.AbstractConnector (AbstractConnector.java:doStop(318)) - Stopped ServerConnector@29bbc391{HTTP/1.1,[http/1.1]}{0.0.0.0:0}
2019-08-29 11:54:46,166 [main] INFO  handler.ContextHandler (ContextHandler.java:doStop(910)) - Stopped o.e.j.s.ServletContextHandler@23bd0c81{/static,jar:file:/home/user/.m2/repository/org/apache/hadoop/hadoop-hdds-container-service/0.5.0-SNAPSHOT/hadoop-hdds-container-service-0.5.0-SNAPSHOT.jar!/webapps/static,UNAVAILABLE}
2019-08-29 11:54:46,166 [main] INFO  handler.ContextHandler (ContextHandler.java:doStop(910)) - Stopped o.e.j.s.ServletContextHandler@5fb3111a{/logs,file:///workdir/hadoop-ozone/integration-test/target/log,UNAVAILABLE}
2019-08-29 11:54:46,184 | INFO  | SCMAudit | user=jenkins1000 | ip=192.168.5.171 | op=SEND_HEARTBEAT {datanodeUUID=822b3223-74a0-44c8-ae72-b72e27a17b65, command=[]} | ret=SUCCESS |  
2019-08-29 11:54:46,246 | INFO  | SCMAudit | user=jenkins1000 | ip=192.168.5.171 | op=SEND_HEARTBEAT {datanodeUUID=97e3324b-235f-4ceb-956e-993ee2fe234c, command=[]} | ret=SUCCESS |  
2019-08-29 11:54:46,312 | INFO  | SCMAudit | user=jenkins1000 | ip=192.168.5.171 | op=SEND_HEARTBEAT {datanodeUUID=6997f81c-1ecf-488f-a14c-812b649ddfad, command=[]} | ret=SUCCESS |  
2019-08-29 11:54:46,382 | INFO  | SCMAudit | user=jenkins1000 | ip=192.168.5.171 | op=SEND_HEARTBEAT {datanodeUUID=3442b9cb-a0d9-4a64-bd62-61dec9190efe, command=[]} | ret=SUCCESS |  
2019-08-29 11:54:46,721 [Thread-2830] INFO  impl.FollowerState (FollowerState.java:run(106)) - 79404ccb-3783-4150-88ba-2fea440d7696:group-A8FA0292109A changes to CANDIDATE, lastRpcTime:1986, electionTimeout:1144ms
2019-08-29 11:54:46,722 [Thread-2830] INFO  impl.RoleInfo (RoleInfo.java:shutdownFollowerState(121)) - 79404ccb-3783-4150-88ba-2fea440d7696: shutdown FollowerState
2019-08-29 11:54:46,722 [Thread-2830] INFO  impl.RaftServerImpl (RaftServerImpl.java:setRole(171)) - 79404ccb-3783-4150-88ba-2fea440d7696:group-A8FA0292109A changes role from FOLLOWER to CANDIDATE at term 1 for changeToCandidate
2019-08-29 11:54:46,722 [Thread-2830] INFO  impl.RoleInfo (RoleInfo.java:updateAndGet(143)) - 79404ccb-3783-4150-88ba-2fea440d7696: start LeaderElection
2019-08-29 11:54:46,722 [79404ccb-3783-4150-88ba-2fea440d7696:group-A8FA0292109A:LeaderElection134] INFO  impl.RaftServerImpl (ServerState.java:setLeader(263)) - 79404ccb-3783-4150-88ba-2fea440d7696:group-A8FA0292109A change Leader from 0927c2fb-bc54-48d8-8b4a-6f0f550fa3d8 to null at term 1 for initElection
2019-08-29 11:54:46,848 | INFO  | SCMAudit | user=jenkins1000 | ip=192.168.5.171 | op=SEND_HEARTBEAT {datanodeUUID=21c7cf7b-6251-48a4-bdb1-01914484bde5, command=[]} | ret=SUCCESS |  
2019-08-29 11:54:46,918 | INFO  | SCMAudit | user=jenkins1000 | ip=192.168.5.171 | op=SEND_HEARTBEAT {datanodeUUID=79404ccb-3783-4150-88ba-2fea440d7696, command=[]} | ret=SUCCESS |  
2019-08-29 11:54:46,924 | INFO  | SCMAudit | user=jenkins1000 | ip=192.168.5.171 | op=SEND_HEARTBEAT {datanodeUUID=368ac840-1874-400c-9a5e-97ce3a83695d, command=[]} | ret=SUCCESS |  
2019-08-29 11:54:47,048 | INFO  | SCMAudit | user=jenkins1000 | ip=192.168.5.171 | op=SEND_HEARTBEAT {datanodeUUID=edbdd45e-116e-45c7-951f-264ab28d364f, command=[]} | ret=SUCCESS |  
2019-08-29 11:54:47,183 | INFO  | SCMAudit | user=jenkins1000 | ip=192.168.5.171 | op=SEND_HEARTBEAT {datanodeUUID=822b3223-74a0-44c8-ae72-b72e27a17b65, command=[]} | ret=SUCCESS |  
2019-08-29 11:54:47,246 | INFO  | SCMAudit | user=jenkins1000 | ip=192.168.5.171 | op=SEND_HEARTBEAT {datanodeUUID=97e3324b-235f-4ceb-956e-993ee2fe234c, command=[]} | ret=SUCCESS |  
2019-08-29 11:54:47,313 | INFO  | SCMAudit | user=jenkins1000 | ip=192.168.5.171 | op=SEND_HEARTBEAT {datanodeUUID=6997f81c-1ecf-488f-a14c-812b649ddfad, command=[]} | ret=SUCCESS |  
2019-08-29 11:54:47,382 | INFO  | SCMAudit | user=jenkins1000 | ip=192.168.5.171 | op=SEND_HEARTBEAT {datanodeUUID=3442b9cb-a0d9-4a64-bd62-61dec9190efe, command=[]} | ret=SUCCESS |  
2019-08-29 11:54:47,848 | INFO  | SCMAudit | user=jenkins1000 | ip=192.168.5.171 | op=SEND_HEARTBEAT {datanodeUUID=21c7cf7b-6251-48a4-bdb1-01914484bde5, command=[]} | ret=SUCCESS |  
2019-08-29 11:54:47,918 | INFO  | SCMAudit | user=jenkins1000 | ip=192.168.5.171 | op=SEND_HEARTBEAT {datanodeUUID=79404ccb-3783-4150-88ba-2fea440d7696, command=[]} | ret=SUCCESS |  
2019-08-29 11:54:47,924 | INFO  | SCMAudit | user=jenkins1000 | ip=192.168.5.171 | op=SEND_HEARTBEAT {datanodeUUID=368ac840-1874-400c-9a5e-97ce3a83695d, command=[]} | ret=SUCCESS |  
2019-08-29 11:54:48,048 | INFO  | SCMAudit | user=jenkins1000 | ip=192.168.5.171 | op=SEND_HEARTBEAT {datanodeUUID=edbdd45e-116e-45c7-951f-264ab28d364f, command=[]} | ret=SUCCESS |  
2019-08-29 11:54:48,189 | INFO  | SCMAudit | user=jenkins1000 | ip=192.168.5.171 | op=SEND_HEARTBEAT {datanodeUUID=822b3223-74a0-44c8-ae72-b72e27a17b65, command=[]} | ret=SUCCESS |  
2019-08-29 11:54:48,246 | INFO  | SCMAudit | user=jenkins1000 | ip=192.168.5.171 | op=SEND_HEARTBEAT {datanodeUUID=97e3324b-235f-4ceb-956e-993ee2fe234c, command=[]} | ret=SUCCESS |  
2019-08-29 11:54:48,312 | INFO  | SCMAudit | user=jenkins1000 | ip=192.168.5.171 | op=SEND_HEARTBEAT {datanodeUUID=6997f81c-1ecf-488f-a14c-812b649ddfad, command=[]} | ret=SUCCESS |  
2019-08-29 11:54:48,383 | INFO  | SCMAudit | user=jenkins1000 | ip=192.168.5.171 | op=SEND_HEARTBEAT {datanodeUUID=3442b9cb-a0d9-4a64-bd62-61dec9190efe, command=[]} | ret=SUCCESS |  
2019-08-29 11:54:48,848 | INFO  | SCMAudit | user=jenkins1000 | ip=192.168.5.171 | op=SEND_HEARTBEAT {datanodeUUID=21c7cf7b-6251-48a4-bdb1-01914484bde5, command=[]} | ret=SUCCESS |  
2019-08-29 11:54:48,895 [79404ccb-3783-4150-88ba-2fea440d7696:group-A8FA0292109A:LeaderElection134] INFO  impl.LeaderElection (LeaderElection.java:askForVotes(181)) - 79404ccb-3783-4150-88ba-2fea440d7696:group-A8FA0292109A:LeaderElection134: begin an election at term 2 for 0: [0927c2fb-bc54-48d8-8b4a-6f0f550fa3d8:192.168.5.171:45391, 79404ccb-3783-4150-88ba-2fea440d7696:192.168.5.171:38238, 0237fb14-0601-4188-bfaa-710869c5af5c:192.168.5.171:34413], old=null
2019-08-29 11:54:48,898 [79404ccb-3783-4150-88ba-2fea440d7696:group-A8FA0292109A:LeaderElection134] INFO  impl.LeaderElection (LogUtils.java:infoOrTrace(149)) - 79404ccb-3783-4150-88ba-2fea440d7696:group-A8FA0292109A:LeaderElection134 got exception when requesting votes: {}
java.util.concurrent.ExecutionException: org.apache.ratis.thirdparty.io.grpc.StatusRuntimeException: UNAVAILABLE: io exception
	at java.util.concurrent.FutureTask.report(FutureTask.java:122)
	at java.util.concurrent.FutureTask.get(FutureTask.java:192)
	at org.apache.ratis.server.impl.LeaderElection.waitForResults(LeaderElection.java:262)
	at org.apache.ratis.server.impl.LeaderElection.askForVotes(LeaderElection.java:200)
	at org.apache.ratis.server.impl.LeaderElection.run(LeaderElection.java:130)
	at java.lang.Thread.run(Thread.java:748)
Caused by: org.apache.ratis.thirdparty.io.grpc.StatusRuntimeException: UNAVAILABLE: io exception
	at org.apache.ratis.thirdparty.io.grpc.stub.ClientCalls.toStatusRuntimeException(ClientCalls.java:233)
	at org.apache.ratis.thirdparty.io.grpc.stub.ClientCalls.getUnchecked(ClientCalls.java:214)
	at org.apache.ratis.thirdparty.io.grpc.stub.ClientCalls.blockingUnaryCall(ClientCalls.java:139)
	at org.apache.ratis.proto.grpc.RaftServerProtocolServiceGrpc$RaftServerProtocolServiceBlockingStub.requestVote(RaftServerProtocolServiceGrpc.java:265)
	at org.apache.ratis.grpc.server.GrpcServerProtocolClient.requestVote(GrpcServerProtocolClient.java:83)
	at org.apache.ratis.grpc.server.GrpcService.requestVote(GrpcService.java:195)
	at org.apache.ratis.server.impl.LeaderElection.lambda$submitRequests$1(LeaderElection.java:237)
	at java.util.concurrent.FutureTask.run(FutureTask.java:266)
	at java.util.concurrent.Executors$RunnableAdapter.call(Executors.java:511)
	at java.util.concurrent.FutureTask.run(FutureTask.java:266)
	at java.util.concurrent.ThreadPoolExecutor.runWorker(ThreadPoolExecutor.java:1149)
	at java.util.concurrent.ThreadPoolExecutor$Worker.run(ThreadPoolExecutor.java:624)
	... 1 more
Caused by: org.apache.ratis.thirdparty.io.netty.channel.AbstractChannel$AnnotatedConnectException: Connection refused: /192.168.5.171:45391
	at sun.nio.ch.SocketChannelImpl.checkConnect(Native Method)
	at sun.nio.ch.SocketChannelImpl.finishConnect(SocketChannelImpl.java:717)
	at org.apache.ratis.thirdparty.io.netty.channel.socket.nio.NioSocketChannel.doFinishConnect(NioSocketChannel.java:327)
	at org.apache.ratis.thirdparty.io.netty.channel.nio.AbstractNioChannel$AbstractNioUnsafe.finishConnect(AbstractNioChannel.java:340)
	at org.apache.ratis.thirdparty.io.netty.channel.nio.NioEventLoop.processSelectedKey(NioEventLoop.java:632)
	at org.apache.ratis.thirdparty.io.netty.channel.nio.NioEventLoop.processSelectedKeysOptimized(NioEventLoop.java:579)
	at org.apache.ratis.thirdparty.io.netty.channel.nio.NioEventLoop.processSelectedKeys(NioEventLoop.java:496)
	at org.apache.ratis.thirdparty.io.netty.channel.nio.NioEventLoop.run(NioEventLoop.java:458)
	at org.apache.ratis.thirdparty.io.netty.util.concurrent.SingleThreadEventExecutor$5.run(SingleThreadEventExecutor.java:897)
	at org.apache.ratis.thirdparty.io.netty.util.concurrent.FastThreadLocalRunnable.run(FastThreadLocalRunnable.java:30)
	... 1 more
Caused by: java.net.ConnectException: Connection refused
	... 11 more
2019-08-29 11:54:48,899 [79404ccb-3783-4150-88ba-2fea440d7696:group-A8FA0292109A:LeaderElection134] INFO  impl.LeaderElection (LogUtils.java:infoOrTrace(149)) - 79404ccb-3783-4150-88ba-2fea440d7696:group-A8FA0292109A:LeaderElection134 got exception when requesting votes: {}
java.util.concurrent.ExecutionException: org.apache.ratis.thirdparty.io.grpc.StatusRuntimeException: UNAVAILABLE: io exception
	at java.util.concurrent.FutureTask.report(FutureTask.java:122)
	at java.util.concurrent.FutureTask.get(FutureTask.java:192)
	at org.apache.ratis.server.impl.LeaderElection.waitForResults(LeaderElection.java:262)
	at org.apache.ratis.server.impl.LeaderElection.askForVotes(LeaderElection.java:200)
	at org.apache.ratis.server.impl.LeaderElection.run(LeaderElection.java:130)
	at java.lang.Thread.run(Thread.java:748)
Caused by: org.apache.ratis.thirdparty.io.grpc.StatusRuntimeException: UNAVAILABLE: io exception
	at org.apache.ratis.thirdparty.io.grpc.stub.ClientCalls.toStatusRuntimeException(ClientCalls.java:233)
	at org.apache.ratis.thirdparty.io.grpc.stub.ClientCalls.getUnchecked(ClientCalls.java:214)
	at org.apache.ratis.thirdparty.io.grpc.stub.ClientCalls.blockingUnaryCall(ClientCalls.java:139)
	at org.apache.ratis.proto.grpc.RaftServerProtocolServiceGrpc$RaftServerProtocolServiceBlockingStub.requestVote(RaftServerProtocolServiceGrpc.java:265)
	at org.apache.ratis.grpc.server.GrpcServerProtocolClient.requestVote(GrpcServerProtocolClient.java:83)
	at org.apache.ratis.grpc.server.GrpcService.requestVote(GrpcService.java:195)
	at org.apache.ratis.server.impl.LeaderElection.lambda$submitRequests$1(LeaderElection.java:237)
	at java.util.concurrent.FutureTask.run(FutureTask.java:266)
	at java.util.concurrent.Executors$RunnableAdapter.call(Executors.java:511)
	at java.util.concurrent.FutureTask.run(FutureTask.java:266)
	at java.util.concurrent.ThreadPoolExecutor.runWorker(ThreadPoolExecutor.java:1149)
	at java.util.concurrent.ThreadPoolExecutor$Worker.run(ThreadPoolExecutor.java:624)
	... 1 more
Caused by: org.apache.ratis.thirdparty.io.netty.channel.AbstractChannel$AnnotatedConnectException: Connection refused: /192.168.5.171:34413
	at sun.nio.ch.SocketChannelImpl.checkConnect(Native Method)
	at sun.nio.ch.SocketChannelImpl.finishConnect(SocketChannelImpl.java:717)
	at org.apache.ratis.thirdparty.io.netty.channel.socket.nio.NioSocketChannel.doFinishConnect(NioSocketChannel.java:327)
	at org.apache.ratis.thirdparty.io.netty.channel.nio.AbstractNioChannel$AbstractNioUnsafe.finishConnect(AbstractNioChannel.java:340)
	at org.apache.ratis.thirdparty.io.netty.channel.nio.NioEventLoop.processSelectedKey(NioEventLoop.java:632)
	at org.apache.ratis.thirdparty.io.netty.channel.nio.NioEventLoop.processSelectedKeysOptimized(NioEventLoop.java:579)
	at org.apache.ratis.thirdparty.io.netty.channel.nio.NioEventLoop.processSelectedKeys(NioEventLoop.java:496)
	at org.apache.ratis.thirdparty.io.netty.channel.nio.NioEventLoop.run(NioEventLoop.java:458)
	at org.apache.ratis.thirdparty.io.netty.util.concurrent.SingleThreadEventExecutor$5.run(SingleThreadEventExecutor.java:897)
	at org.apache.ratis.thirdparty.io.netty.util.concurrent.FastThreadLocalRunnable.run(FastThreadLocalRunnable.java:30)
	... 1 more
Caused by: java.net.ConnectException: Connection refused
	... 11 more
2019-08-29 11:54:48,899 [79404ccb-3783-4150-88ba-2fea440d7696:group-A8FA0292109A:LeaderElection134] INFO  impl.LeaderElection (LeaderElection.java:logAndReturn(56)) - 79404ccb-3783-4150-88ba-2fea440d7696:group-A8FA0292109A:LeaderElection134: Election REJECTED; received 0 response(s) [] and 2 exception(s); 79404ccb-3783-4150-88ba-2fea440d7696:t2, leader=null, voted=79404ccb-3783-4150-88ba-2fea440d7696, raftlog=79404ccb-3783-4150-88ba-2fea440d7696-SegmentedRaftLog:OPENED:c4,f4,i4, conf=0: [0927c2fb-bc54-48d8-8b4a-6f0f550fa3d8:192.168.5.171:45391, 79404ccb-3783-4150-88ba-2fea440d7696:192.168.5.171:38238, 0237fb14-0601-4188-bfaa-710869c5af5c:192.168.5.171:34413], old=null
2019-08-29 11:54:48,899 [79404ccb-3783-4150-88ba-2fea440d7696:group-A8FA0292109A:LeaderElection134] INFO  impl.LeaderElection (LogUtils.java:infoOrTrace(149)) -   Exception 0: {}
java.util.concurrent.ExecutionException: org.apache.ratis.thirdparty.io.grpc.StatusRuntimeException: UNAVAILABLE: io exception
	at java.util.concurrent.FutureTask.report(FutureTask.java:122)
	at java.util.concurrent.FutureTask.get(FutureTask.java:192)
	at org.apache.ratis.server.impl.LeaderElection.waitForResults(LeaderElection.java:262)
	at org.apache.ratis.server.impl.LeaderElection.askForVotes(LeaderElection.java:200)
	at org.apache.ratis.server.impl.LeaderElection.run(LeaderElection.java:130)
	at java.lang.Thread.run(Thread.java:748)
Caused by: org.apache.ratis.thirdparty.io.grpc.StatusRuntimeException: UNAVAILABLE: io exception
	at org.apache.ratis.thirdparty.io.grpc.stub.ClientCalls.toStatusRuntimeException(ClientCalls.java:233)
	at org.apache.ratis.thirdparty.io.grpc.stub.ClientCalls.getUnchecked(ClientCalls.java:214)
	at org.apache.ratis.thirdparty.io.grpc.stub.ClientCalls.blockingUnaryCall(ClientCalls.java:139)
	at org.apache.ratis.proto.grpc.RaftServerProtocolServiceGrpc$RaftServerProtocolServiceBlockingStub.requestVote(RaftServerProtocolServiceGrpc.java:265)
	at org.apache.ratis.grpc.server.GrpcServerProtocolClient.requestVote(GrpcServerProtocolClient.java:83)
	at org.apache.ratis.grpc.server.GrpcService.requestVote(GrpcService.java:195)
	at org.apache.ratis.server.impl.LeaderElection.lambda$submitRequests$1(LeaderElection.java:237)
	at java.util.concurrent.FutureTask.run(FutureTask.java:266)
	at java.util.concurrent.Executors$RunnableAdapter.call(Executors.java:511)
	at java.util.concurrent.FutureTask.run(FutureTask.java:266)
	at java.util.concurrent.ThreadPoolExecutor.runWorker(ThreadPoolExecutor.java:1149)
	at java.util.concurrent.ThreadPoolExecutor$Worker.run(ThreadPoolExecutor.java:624)
	... 1 more
Caused by: org.apache.ratis.thirdparty.io.netty.channel.AbstractChannel$AnnotatedConnectException: Connection refused: /192.168.5.171:45391
	at sun.nio.ch.SocketChannelImpl.checkConnect(Native Method)
	at sun.nio.ch.SocketChannelImpl.finishConnect(SocketChannelImpl.java:717)
	at org.apache.ratis.thirdparty.io.netty.channel.socket.nio.NioSocketChannel.doFinishConnect(NioSocketChannel.java:327)
	at org.apache.ratis.thirdparty.io.netty.channel.nio.AbstractNioChannel$AbstractNioUnsafe.finishConnect(AbstractNioChannel.java:340)
	at org.apache.ratis.thirdparty.io.netty.channel.nio.NioEventLoop.processSelectedKey(NioEventLoop.java:632)
	at org.apache.ratis.thirdparty.io.netty.channel.nio.NioEventLoop.processSelectedKeysOptimized(NioEventLoop.java:579)
	at org.apache.ratis.thirdparty.io.netty.channel.nio.NioEventLoop.processSelectedKeys(NioEventLoop.java:496)
	at org.apache.ratis.thirdparty.io.netty.channel.nio.NioEventLoop.run(NioEventLoop.java:458)
	at org.apache.ratis.thirdparty.io.netty.util.concurrent.SingleThreadEventExecutor$5.run(SingleThreadEventExecutor.java:897)
	at org.apache.ratis.thirdparty.io.netty.util.concurrent.FastThreadLocalRunnable.run(FastThreadLocalRunnable.java:30)
	... 1 more
Caused by: java.net.ConnectException: Connection refused
	... 11 more
2019-08-29 11:54:48,900 [79404ccb-3783-4150-88ba-2fea440d7696:group-A8FA0292109A:LeaderElection134] INFO  impl.LeaderElection (LogUtils.java:infoOrTrace(149)) -   Exception 1: {}
java.util.concurrent.ExecutionException: org.apache.ratis.thirdparty.io.grpc.StatusRuntimeException: UNAVAILABLE: io exception
	at java.util.concurrent.FutureTask.report(FutureTask.java:122)
	at java.util.concurrent.FutureTask.get(FutureTask.java:192)
	at org.apache.ratis.server.impl.LeaderElection.waitForResults(LeaderElection.java:262)
	at org.apache.ratis.server.impl.LeaderElection.askForVotes(LeaderElection.java:200)
	at org.apache.ratis.server.impl.LeaderElection.run(LeaderElection.java:130)
	at java.lang.Thread.run(Thread.java:748)
Caused by: org.apache.ratis.thirdparty.io.grpc.StatusRuntimeException: UNAVAILABLE: io exception
	at org.apache.ratis.thirdparty.io.grpc.stub.ClientCalls.toStatusRuntimeException(ClientCalls.java:233)
	at org.apache.ratis.thirdparty.io.grpc.stub.ClientCalls.getUnchecked(ClientCalls.java:214)
	at org.apache.ratis.thirdparty.io.grpc.stub.ClientCalls.blockingUnaryCall(ClientCalls.java:139)
	at org.apache.ratis.proto.grpc.RaftServerProtocolServiceGrpc$RaftServerProtocolServiceBlockingStub.requestVote(RaftServerProtocolServiceGrpc.java:265)
	at org.apache.ratis.grpc.server.GrpcServerProtocolClient.requestVote(GrpcServerProtocolClient.java:83)
	at org.apache.ratis.grpc.server.GrpcService.requestVote(GrpcService.java:195)
	at org.apache.ratis.server.impl.LeaderElection.lambda$submitRequests$1(LeaderElection.java:237)
	at java.util.concurrent.FutureTask.run(FutureTask.java:266)
	at java.util.concurrent.Executors$RunnableAdapter.call(Executors.java:511)
	at java.util.concurrent.FutureTask.run(FutureTask.java:266)
	at java.util.concurrent.ThreadPoolExecutor.runWorker(ThreadPoolExecutor.java:1149)
	at java.util.concurrent.ThreadPoolExecutor$Worker.run(ThreadPoolExecutor.java:624)
	... 1 more
Caused by: org.apache.ratis.thirdparty.io.netty.channel.AbstractChannel$AnnotatedConnectException: Connection refused: /192.168.5.171:34413
	at sun.nio.ch.SocketChannelImpl.checkConnect(Native Method)
	at sun.nio.ch.SocketChannelImpl.finishConnect(SocketChannelImpl.java:717)
	at org.apache.ratis.thirdparty.io.netty.channel.socket.nio.NioSocketChannel.doFinishConnect(NioSocketChannel.java:327)
	at org.apache.ratis.thirdparty.io.netty.channel.nio.AbstractNioChannel$AbstractNioUnsafe.finishConnect(AbstractNioChannel.java:340)
	at org.apache.ratis.thirdparty.io.netty.channel.nio.NioEventLoop.processSelectedKey(NioEventLoop.java:632)
	at org.apache.ratis.thirdparty.io.netty.channel.nio.NioEventLoop.processSelectedKeysOptimized(NioEventLoop.java:579)
	at org.apache.ratis.thirdparty.io.netty.channel.nio.NioEventLoop.processSelectedKeys(NioEventLoop.java:496)
	at org.apache.ratis.thirdparty.io.netty.channel.nio.NioEventLoop.run(NioEventLoop.java:458)
	at org.apache.ratis.thirdparty.io.netty.util.concurrent.SingleThreadEventExecutor$5.run(SingleThreadEventExecutor.java:897)
	at org.apache.ratis.thirdparty.io.netty.util.concurrent.FastThreadLocalRunnable.run(FastThreadLocalRunnable.java:30)
	... 1 more
Caused by: java.net.ConnectException: Connection refused
	... 11 more
2019-08-29 11:54:48,900 [79404ccb-3783-4150-88ba-2fea440d7696:group-A8FA0292109A:LeaderElection134] INFO  impl.RaftServerImpl (RaftServerImpl.java:setRole(171)) - 79404ccb-3783-4150-88ba-2fea440d7696:group-A8FA0292109A changes role from CANDIDATE to FOLLOWER at term 2 for DISCOVERED_A_NEW_TERM
2019-08-29 11:54:48,900 [79404ccb-3783-4150-88ba-2fea440d7696:group-A8FA0292109A:LeaderElection134] INFO  impl.RoleInfo (RoleInfo.java:shutdownLeaderElection(134)) - 79404ccb-3783-4150-88ba-2fea440d7696: shutdown LeaderElection
2019-08-29 11:54:48,901 [79404ccb-3783-4150-88ba-2fea440d7696:group-A8FA0292109A:LeaderElection134] INFO  impl.RoleInfo (RoleInfo.java:updateAndGet(143)) - 79404ccb-3783-4150-88ba-2fea440d7696: start FollowerState
2019-08-29 11:54:48,918 | INFO  | SCMAudit | user=jenkins1000 | ip=192.168.5.171 | op=SEND_HEARTBEAT {datanodeUUID=79404ccb-3783-4150-88ba-2fea440d7696, command=[]} | ret=SUCCESS |  
2019-08-29 11:54:48,924 | INFO  | SCMAudit | user=jenkins1000 | ip=192.168.5.171 | op=SEND_HEARTBEAT {datanodeUUID=368ac840-1874-400c-9a5e-97ce3a83695d, command=[]} | ret=SUCCESS |  
2019-08-29 11:54:49,049 | INFO  | SCMAudit | user=jenkins1000 | ip=192.168.5.171 | op=SEND_HEARTBEAT {datanodeUUID=edbdd45e-116e-45c7-951f-264ab28d364f, command=[]} | ret=SUCCESS |  
2019-08-29 11:54:49,191 | INFO  | SCMAudit | user=jenkins1000 | ip=192.168.5.171 | op=SEND_HEARTBEAT {datanodeUUID=822b3223-74a0-44c8-ae72-b72e27a17b65, command=[]} | ret=SUCCESS |  
2019-08-29 11:54:49,198 [grpc-default-executor-3] INFO  client.GrpcClientProtocolClient (GrpcClientProtocolClient.java:onNext(255)) - client-ADD2EED1A349->79404ccb-3783-4150-88ba-2fea440d7696: receive RaftClientReply:client-ADD2EED1A349->79404ccb-3783-4150-88ba-2fea440d7696@group-A8FA0292109A, cid=96, FAILED org.apache.ratis.protocol.NotLeaderException: Server 79404ccb-3783-4150-88ba-2fea440d7696 is not the leader (null). Request must be sent to leader., logIndex=0, commits[79404ccb-3783-4150-88ba-2fea440d7696:c4, 0927c2fb-bc54-48d8-8b4a-6f0f550fa3d8:c4, 0237fb14-0601-4188-bfaa-710869c5af5c:c4]
2019-08-29 11:54:49,246 | INFO  | SCMAudit | user=jenkins1000 | ip=192.168.5.171 | op=SEND_HEARTBEAT {datanodeUUID=97e3324b-235f-4ceb-956e-993ee2fe234c, command=[]} | ret=SUCCESS |  
2019-08-29 11:54:49,312 | INFO  | SCMAudit | user=jenkins1000 | ip=192.168.5.171 | op=SEND_HEARTBEAT {datanodeUUID=6997f81c-1ecf-488f-a14c-812b649ddfad, command=[]} | ret=SUCCESS |  
2019-08-29 11:54:49,385 | INFO  | SCMAudit | user=jenkins1000 | ip=192.168.5.171 | op=SEND_HEARTBEAT {datanodeUUID=3442b9cb-a0d9-4a64-bd62-61dec9190efe, command=[]} | ret=SUCCESS |  
2019-08-29 11:54:49,848 | INFO  | SCMAudit | user=jenkins1000 | ip=192.168.5.171 | op=SEND_HEARTBEAT {datanodeUUID=21c7cf7b-6251-48a4-bdb1-01914484bde5, command=[]} | ret=SUCCESS |  
2019-08-29 11:54:49,918 | INFO  | SCMAudit | user=jenkins1000 | ip=192.168.5.171 | op=SEND_HEARTBEAT {datanodeUUID=79404ccb-3783-4150-88ba-2fea440d7696, command=[]} | ret=SUCCESS |  
2019-08-29 11:54:49,923 | INFO  | SCMAudit | user=jenkins1000 | ip=192.168.5.171 | op=SEND_HEARTBEAT {datanodeUUID=368ac840-1874-400c-9a5e-97ce3a83695d, command=[]} | ret=SUCCESS |  
2019-08-29 11:54:50,008 [Thread-3032] INFO  impl.FollowerState (FollowerState.java:run(106)) - 79404ccb-3783-4150-88ba-2fea440d7696:group-A8FA0292109A changes to CANDIDATE, lastRpcTime:1107, electionTimeout:1107ms
2019-08-29 11:54:50,008 [Thread-3032] INFO  impl.RoleInfo (RoleInfo.java:shutdownFollowerState(121)) - 79404ccb-3783-4150-88ba-2fea440d7696: shutdown FollowerState
2019-08-29 11:54:50,008 [Thread-3032] INFO  impl.RaftServerImpl (RaftServerImpl.java:setRole(171)) - 79404ccb-3783-4150-88ba-2fea440d7696:group-A8FA0292109A changes role from FOLLOWER to CANDIDATE at term 2 for changeToCandidate
2019-08-29 11:54:50,009 [Thread-3032] INFO  impl.RoleInfo (RoleInfo.java:updateAndGet(143)) - 79404ccb-3783-4150-88ba-2fea440d7696: start LeaderElection
2019-08-29 11:54:50,049 | INFO  | SCMAudit | user=jenkins1000 | ip=192.168.5.171 | op=SEND_HEARTBEAT {datanodeUUID=edbdd45e-116e-45c7-951f-264ab28d364f, command=[]} | ret=SUCCESS |  
2019-08-29 11:54:50,189 | INFO  | SCMAudit | user=jenkins1000 | ip=192.168.5.171 | op=SEND_HEARTBEAT {datanodeUUID=822b3223-74a0-44c8-ae72-b72e27a17b65, command=[]} | ret=SUCCESS |  
2019-08-29 11:54:50,246 | INFO  | SCMAudit | user=jenkins1000 | ip=192.168.5.171 | op=SEND_HEARTBEAT {datanodeUUID=97e3324b-235f-4ceb-956e-993ee2fe234c, command=[]} | ret=SUCCESS |  
2019-08-29 11:54:50,312 | INFO  | SCMAudit | user=jenkins1000 | ip=192.168.5.171 | op=SEND_HEARTBEAT {datanodeUUID=6997f81c-1ecf-488f-a14c-812b649ddfad, command=[]} | ret=SUCCESS |  
2019-08-29 11:54:50,385 | INFO  | SCMAudit | user=jenkins1000 | ip=192.168.5.171 | op=SEND_HEARTBEAT {datanodeUUID=3442b9cb-a0d9-4a64-bd62-61dec9190efe, command=[]} | ret=SUCCESS |  
2019-08-29 11:54:50,850 | INFO  | SCMAudit | user=jenkins1000 | ip=192.168.5.171 | op=SEND_HEARTBEAT {datanodeUUID=21c7cf7b-6251-48a4-bdb1-01914484bde5, command=[]} | ret=SUCCESS |  
2019-08-29 11:54:50,918 | INFO  | SCMAudit | user=jenkins1000 | ip=192.168.5.171 | op=SEND_HEARTBEAT {datanodeUUID=79404ccb-3783-4150-88ba-2fea440d7696, command=[]} | ret=SUCCESS |  
2019-08-29 11:54:50,924 | INFO  | SCMAudit | user=jenkins1000 | ip=192.168.5.171 | op=SEND_HEARTBEAT {datanodeUUID=368ac840-1874-400c-9a5e-97ce3a83695d, command=[]} | ret=SUCCESS |  
2019-08-29 11:54:51,050 | INFO  | SCMAudit | user=jenkins1000 | ip=192.168.5.171 | op=SEND_HEARTBEAT {datanodeUUID=edbdd45e-116e-45c7-951f-264ab28d364f, command=[]} | ret=SUCCESS |  
2019-08-29 11:54:51,189 | INFO  | SCMAudit | user=jenkins1000 | ip=192.168.5.171 | op=SEND_HEARTBEAT {datanodeUUID=822b3223-74a0-44c8-ae72-b72e27a17b65, command=[]} | ret=SUCCESS |  
2019-08-29 11:54:51,221 [grpc-default-executor-4] INFO  client.GrpcClientProtocolClient (GrpcClientProtocolClient.java:onNext(255)) - client-ADD2EED1A349->79404ccb-3783-4150-88ba-2fea440d7696: receive RaftClientReply:client-ADD2EED1A349->79404ccb-3783-4150-88ba-2fea440d7696@group-A8FA0292109A, cid=96, FAILED org.apache.ratis.protocol.NotLeaderException: Server 79404ccb-3783-4150-88ba-2fea440d7696 is not the leader (null). Request must be sent to leader., logIndex=0, commits[79404ccb-3783-4150-88ba-2fea440d7696:c4, 0927c2fb-bc54-48d8-8b4a-6f0f550fa3d8:c4, 0237fb14-0601-4188-bfaa-710869c5af5c:c4]
2019-08-29 11:54:51,247 | INFO  | SCMAudit | user=jenkins1000 | ip=192.168.5.171 | op=SEND_HEARTBEAT {datanodeUUID=97e3324b-235f-4ceb-956e-993ee2fe234c, command=[]} | ret=SUCCESS |  
2019-08-29 11:54:51,313 | INFO  | SCMAudit | user=jenkins1000 | ip=192.168.5.171 | op=SEND_HEARTBEAT {datanodeUUID=6997f81c-1ecf-488f-a14c-812b649ddfad, command=[]} | ret=SUCCESS |  
2019-08-29 11:54:51,386 | INFO  | SCMAudit | user=jenkins1000 | ip=192.168.5.171 | op=SEND_HEARTBEAT {datanodeUUID=3442b9cb-a0d9-4a64-bd62-61dec9190efe, command=[]} | ret=SUCCESS |  
2019-08-29 11:54:51,850 | INFO  | SCMAudit | user=jenkins1000 | ip=192.168.5.171 | op=SEND_HEARTBEAT {datanodeUUID=21c7cf7b-6251-48a4-bdb1-01914484bde5, command=[]} | ret=SUCCESS |  
2019-08-29 11:54:51,918 | INFO  | SCMAudit | user=jenkins1000 | ip=192.168.5.171 | op=SEND_HEARTBEAT {datanodeUUID=79404ccb-3783-4150-88ba-2fea440d7696, command=[]} | ret=SUCCESS |  
2019-08-29 11:54:51,925 | INFO  | SCMAudit | user=jenkins1000 | ip=192.168.5.171 | op=SEND_HEARTBEAT {datanodeUUID=368ac840-1874-400c-9a5e-97ce3a83695d, command=[]} | ret=SUCCESS |  
2019-08-29 11:54:52,050 | INFO  | SCMAudit | user=jenkins1000 | ip=192.168.5.171 | op=SEND_HEARTBEAT {datanodeUUID=edbdd45e-116e-45c7-951f-264ab28d364f, command=[]} | ret=SUCCESS |  
2019-08-29 11:54:52,189 | INFO  | SCMAudit | user=jenkins1000 | ip=192.168.5.171 | op=SEND_HEARTBEAT {datanodeUUID=822b3223-74a0-44c8-ae72-b72e27a17b65, command=[]} | ret=SUCCESS |  
2019-08-29 11:54:52,246 | INFO  | SCMAudit | user=jenkins1000 | ip=192.168.5.171 | op=SEND_HEARTBEAT {datanodeUUID=97e3324b-235f-4ceb-956e-993ee2fe234c, command=[]} | ret=SUCCESS |  
2019-08-29 11:54:52,313 | INFO  | SCMAudit | user=jenkins1000 | ip=192.168.5.171 | op=SEND_HEARTBEAT {datanodeUUID=6997f81c-1ecf-488f-a14c-812b649ddfad, command=[]} | ret=SUCCESS |  
2019-08-29 11:54:52,385 | INFO  | SCMAudit | user=jenkins1000 | ip=192.168.5.171 | op=SEND_HEARTBEAT {datanodeUUID=3442b9cb-a0d9-4a64-bd62-61dec9190efe, command=[]} | ret=SUCCESS |  
2019-08-29 11:54:52,516 [79404ccb-3783-4150-88ba-2fea440d7696:group-A8FA0292109A:LeaderElection135] INFO  impl.LeaderElection (LeaderElection.java:askForVotes(181)) - 79404ccb-3783-4150-88ba-2fea440d7696:group-A8FA0292109A:LeaderElection135: begin an election at term 3 for 0: [0927c2fb-bc54-48d8-8b4a-6f0f550fa3d8:192.168.5.171:45391, 79404ccb-3783-4150-88ba-2fea440d7696:192.168.5.171:38238, 0237fb14-0601-4188-bfaa-710869c5af5c:192.168.5.171:34413], old=null
2019-08-29 11:54:52,517 [79404ccb-3783-4150-88ba-2fea440d7696:group-A8FA0292109A:LeaderElection135] INFO  impl.LeaderElection (LogUtils.java:infoOrTrace(149)) - 79404ccb-3783-4150-88ba-2fea440d7696:group-A8FA0292109A:LeaderElection135 got exception when requesting votes: {}
java.util.concurrent.ExecutionException: org.apache.ratis.thirdparty.io.grpc.StatusRuntimeException: UNAVAILABLE: io exception
	at java.util.concurrent.FutureTask.report(FutureTask.java:122)
	at java.util.concurrent.FutureTask.get(FutureTask.java:192)
	at org.apache.ratis.server.impl.LeaderElection.waitForResults(LeaderElection.java:262)
	at org.apache.ratis.server.impl.LeaderElection.askForVotes(LeaderElection.java:200)
	at org.apache.ratis.server.impl.LeaderElection.run(LeaderElection.java:130)
	at java.lang.Thread.run(Thread.java:748)
Caused by: org.apache.ratis.thirdparty.io.grpc.StatusRuntimeException: UNAVAILABLE: io exception
	at org.apache.ratis.thirdparty.io.grpc.stub.ClientCalls.toStatusRuntimeException(ClientCalls.java:233)
	at org.apache.ratis.thirdparty.io.grpc.stub.ClientCalls.getUnchecked(ClientCalls.java:214)
	at org.apache.ratis.thirdparty.io.grpc.stub.ClientCalls.blockingUnaryCall(ClientCalls.java:139)
	at org.apache.ratis.proto.grpc.RaftServerProtocolServiceGrpc$RaftServerProtocolServiceBlockingStub.requestVote(RaftServerProtocolServiceGrpc.java:265)
	at org.apache.ratis.grpc.server.GrpcServerProtocolClient.requestVote(GrpcServerProtocolClient.java:83)
	at org.apache.ratis.grpc.server.GrpcService.requestVote(GrpcService.java:195)
	at org.apache.ratis.server.impl.LeaderElection.lambda$submitRequests$1(LeaderElection.java:237)
	at java.util.concurrent.FutureTask.run(FutureTask.java:266)
	at java.util.concurrent.Executors$RunnableAdapter.call(Executors.java:511)
	at java.util.concurrent.FutureTask.run(FutureTask.java:266)
	at java.util.concurrent.ThreadPoolExecutor.runWorker(ThreadPoolExecutor.java:1149)
	at java.util.concurrent.ThreadPoolExecutor$Worker.run(ThreadPoolExecutor.java:624)
	... 1 more
Caused by: org.apache.ratis.thirdparty.io.netty.channel.AbstractChannel$AnnotatedConnectException: Connection refused: /192.168.5.171:45391
	at sun.nio.ch.SocketChannelImpl.checkConnect(Native Method)
	at sun.nio.ch.SocketChannelImpl.finishConnect(SocketChannelImpl.java:717)
	at org.apache.ratis.thirdparty.io.netty.channel.socket.nio.NioSocketChannel.doFinishConnect(NioSocketChannel.java:327)
	at org.apache.ratis.thirdparty.io.netty.channel.nio.AbstractNioChannel$AbstractNioUnsafe.finishConnect(AbstractNioChannel.java:340)
	at org.apache.ratis.thirdparty.io.netty.channel.nio.NioEventLoop.processSelectedKey(NioEventLoop.java:632)
	at org.apache.ratis.thirdparty.io.netty.channel.nio.NioEventLoop.processSelectedKeysOptimized(NioEventLoop.java:579)
	at org.apache.ratis.thirdparty.io.netty.channel.nio.NioEventLoop.processSelectedKeys(NioEventLoop.java:496)
	at org.apache.ratis.thirdparty.io.netty.channel.nio.NioEventLoop.run(NioEventLoop.java:458)
	at org.apache.ratis.thirdparty.io.netty.util.concurrent.SingleThreadEventExecutor$5.run(SingleThreadEventExecutor.java:897)
	at org.apache.ratis.thirdparty.io.netty.util.concurrent.FastThreadLocalRunnable.run(FastThreadLocalRunnable.java:30)
	... 1 more
Caused by: java.net.ConnectException: Connection refused
	... 11 more
2019-08-29 11:54:52,517 [79404ccb-3783-4150-88ba-2fea440d7696:group-A8FA0292109A:LeaderElection135] INFO  impl.LeaderElection (LogUtils.java:infoOrTrace(149)) - 79404ccb-3783-4150-88ba-2fea440d7696:group-A8FA0292109A:LeaderElection135 got exception when requesting votes: {}
java.util.concurrent.ExecutionException: org.apache.ratis.thirdparty.io.grpc.StatusRuntimeException: UNAVAILABLE: io exception
	at java.util.concurrent.FutureTask.report(FutureTask.java:122)
	at java.util.concurrent.FutureTask.get(FutureTask.java:192)
	at org.apache.ratis.server.impl.LeaderElection.waitForResults(LeaderElection.java:262)
	at org.apache.ratis.server.impl.LeaderElection.askForVotes(LeaderElection.java:200)
	at org.apache.ratis.server.impl.LeaderElection.run(LeaderElection.java:130)
	at java.lang.Thread.run(Thread.java:748)
Caused by: org.apache.ratis.thirdparty.io.grpc.StatusRuntimeException: UNAVAILABLE: io exception
	at org.apache.ratis.thirdparty.io.grpc.stub.ClientCalls.toStatusRuntimeException(ClientCalls.java:233)
	at org.apache.ratis.thirdparty.io.grpc.stub.ClientCalls.getUnchecked(ClientCalls.java:214)
	at org.apache.ratis.thirdparty.io.grpc.stub.ClientCalls.blockingUnaryCall(ClientCalls.java:139)
	at org.apache.ratis.proto.grpc.RaftServerProtocolServiceGrpc$RaftServerProtocolServiceBlockingStub.requestVote(RaftServerProtocolServiceGrpc.java:265)
	at org.apache.ratis.grpc.server.GrpcServerProtocolClient.requestVote(GrpcServerProtocolClient.java:83)
	at org.apache.ratis.grpc.server.GrpcService.requestVote(GrpcService.java:195)
	at org.apache.ratis.server.impl.LeaderElection.lambda$submitRequests$1(LeaderElection.java:237)
	at java.util.concurrent.FutureTask.run(FutureTask.java:266)
	at java.util.concurrent.Executors$RunnableAdapter.call(Executors.java:511)
	at java.util.concurrent.FutureTask.run(FutureTask.java:266)
	at java.util.concurrent.ThreadPoolExecutor.runWorker(ThreadPoolExecutor.java:1149)
	at java.util.concurrent.ThreadPoolExecutor$Worker.run(ThreadPoolExecutor.java:624)
	... 1 more
Caused by: org.apache.ratis.thirdparty.io.netty.channel.AbstractChannel$AnnotatedConnectException: Connection refused: /192.168.5.171:34413
	at sun.nio.ch.SocketChannelImpl.checkConnect(Native Method)
	at sun.nio.ch.SocketChannelImpl.finishConnect(SocketChannelImpl.java:717)
	at org.apache.ratis.thirdparty.io.netty.channel.socket.nio.NioSocketChannel.doFinishConnect(NioSocketChannel.java:327)
	at org.apache.ratis.thirdparty.io.netty.channel.nio.AbstractNioChannel$AbstractNioUnsafe.finishConnect(AbstractNioChannel.java:340)
	at org.apache.ratis.thirdparty.io.netty.channel.nio.NioEventLoop.processSelectedKey(NioEventLoop.java:632)
	at org.apache.ratis.thirdparty.io.netty.channel.nio.NioEventLoop.processSelectedKeysOptimized(NioEventLoop.java:579)
	at org.apache.ratis.thirdparty.io.netty.channel.nio.NioEventLoop.processSelectedKeys(NioEventLoop.java:496)
	at org.apache.ratis.thirdparty.io.netty.channel.nio.NioEventLoop.run(NioEventLoop.java:458)
	at org.apache.ratis.thirdparty.io.netty.util.concurrent.SingleThreadEventExecutor$5.run(SingleThreadEventExecutor.java:897)
	at org.apache.ratis.thirdparty.io.netty.util.concurrent.FastThreadLocalRunnable.run(FastThreadLocalRunnable.java:30)
	... 1 more
Caused by: java.net.ConnectException: Connection refused
	... 11 more
2019-08-29 11:54:52,518 [79404ccb-3783-4150-88ba-2fea440d7696:group-A8FA0292109A:LeaderElection135] INFO  impl.LeaderElection (LeaderElection.java:logAndReturn(56)) - 79404ccb-3783-4150-88ba-2fea440d7696:group-A8FA0292109A:LeaderElection135: Election REJECTED; received 0 response(s) [] and 2 exception(s); 79404ccb-3783-4150-88ba-2fea440d7696:t3, leader=null, voted=79404ccb-3783-4150-88ba-2fea440d7696, raftlog=79404ccb-3783-4150-88ba-2fea440d7696-SegmentedRaftLog:OPENED:c4,f4,i4, conf=0: [0927c2fb-bc54-48d8-8b4a-6f0f550fa3d8:192.168.5.171:45391, 79404ccb-3783-4150-88ba-2fea440d7696:192.168.5.171:38238, 0237fb14-0601-4188-bfaa-710869c5af5c:192.168.5.171:34413], old=null
2019-08-29 11:54:52,518 [79404ccb-3783-4150-88ba-2fea440d7696:group-A8FA0292109A:LeaderElection135] INFO  impl.LeaderElection (LogUtils.java:infoOrTrace(149)) -   Exception 0: {}
java.util.concurrent.ExecutionException: org.apache.ratis.thirdparty.io.grpc.StatusRuntimeException: UNAVAILABLE: io exception
	at java.util.concurrent.FutureTask.report(FutureTask.java:122)
	at java.util.concurrent.FutureTask.get(FutureTask.java:192)
	at org.apache.ratis.server.impl.LeaderElection.waitForResults(LeaderElection.java:262)
	at org.apache.ratis.server.impl.LeaderElection.askForVotes(LeaderElection.java:200)
	at org.apache.ratis.server.impl.LeaderElection.run(LeaderElection.java:130)
	at java.lang.Thread.run(Thread.java:748)
Caused by: org.apache.ratis.thirdparty.io.grpc.StatusRuntimeException: UNAVAILABLE: io exception
	at org.apache.ratis.thirdparty.io.grpc.stub.ClientCalls.toStatusRuntimeException(ClientCalls.java:233)
	at org.apache.ratis.thirdparty.io.grpc.stub.ClientCalls.getUnchecked(ClientCalls.java:214)
	at org.apache.ratis.thirdparty.io.grpc.stub.ClientCalls.blockingUnaryCall(ClientCalls.java:139)
	at org.apache.ratis.proto.grpc.RaftServerProtocolServiceGrpc$RaftServerProtocolServiceBlockingStub.requestVote(RaftServerProtocolServiceGrpc.java:265)
	at org.apache.ratis.grpc.server.GrpcServerProtocolClient.requestVote(GrpcServerProtocolClient.java:83)
	at org.apache.ratis.grpc.server.GrpcService.requestVote(GrpcService.java:195)
	at org.apache.ratis.server.impl.LeaderElection.lambda$submitRequests$1(LeaderElection.java:237)
	at java.util.concurrent.FutureTask.run(FutureTask.java:266)
	at java.util.concurrent.Executors$RunnableAdapter.call(Executors.java:511)
	at java.util.concurrent.FutureTask.run(FutureTask.java:266)
	at java.util.concurrent.ThreadPoolExecutor.runWorker(ThreadPoolExecutor.java:1149)
	at java.util.concurrent.ThreadPoolExecutor$Worker.run(ThreadPoolExecutor.java:624)
	... 1 more
Caused by: org.apache.ratis.thirdparty.io.netty.channel.AbstractChannel$AnnotatedConnectException: Connection refused: /192.168.5.171:45391
	at sun.nio.ch.SocketChannelImpl.checkConnect(Native Method)
	at sun.nio.ch.SocketChannelImpl.finishConnect(SocketChannelImpl.java:717)
	at org.apache.ratis.thirdparty.io.netty.channel.socket.nio.NioSocketChannel.doFinishConnect(NioSocketChannel.java:327)
	at org.apache.ratis.thirdparty.io.netty.channel.nio.AbstractNioChannel$AbstractNioUnsafe.finishConnect(AbstractNioChannel.java:340)
	at org.apache.ratis.thirdparty.io.netty.channel.nio.NioEventLoop.processSelectedKey(NioEventLoop.java:632)
	at org.apache.ratis.thirdparty.io.netty.channel.nio.NioEventLoop.processSelectedKeysOptimized(NioEventLoop.java:579)
	at org.apache.ratis.thirdparty.io.netty.channel.nio.NioEventLoop.processSelectedKeys(NioEventLoop.java:496)
	at org.apache.ratis.thirdparty.io.netty.channel.nio.NioEventLoop.run(NioEventLoop.java:458)
	at org.apache.ratis.thirdparty.io.netty.util.concurrent.SingleThreadEventExecutor$5.run(SingleThreadEventExecutor.java:897)
	at org.apache.ratis.thirdparty.io.netty.util.concurrent.FastThreadLocalRunnable.run(FastThreadLocalRunnable.java:30)
	... 1 more
Caused by: java.net.ConnectException: Connection refused
	... 11 more
2019-08-29 11:54:52,518 [79404ccb-3783-4150-88ba-2fea440d7696:group-A8FA0292109A:LeaderElection135] INFO  impl.LeaderElection (LogUtils.java:infoOrTrace(149)) -   Exception 1: {}
java.util.concurrent.ExecutionException: org.apache.ratis.thirdparty.io.grpc.StatusRuntimeException: UNAVAILABLE: io exception
	at java.util.concurrent.FutureTask.report(FutureTask.java:122)
	at java.util.concurrent.FutureTask.get(FutureTask.java:192)
	at org.apache.ratis.server.impl.LeaderElection.waitForResults(LeaderElection.java:262)
	at org.apache.ratis.server.impl.LeaderElection.askForVotes(LeaderElection.java:200)
	at org.apache.ratis.server.impl.LeaderElection.run(LeaderElection.java:130)
	at java.lang.Thread.run(Thread.java:748)
Caused by: org.apache.ratis.thirdparty.io.grpc.StatusRuntimeException: UNAVAILABLE: io exception
	at org.apache.ratis.thirdparty.io.grpc.stub.ClientCalls.toStatusRuntimeException(ClientCalls.java:233)
	at org.apache.ratis.thirdparty.io.grpc.stub.ClientCalls.getUnchecked(ClientCalls.java:214)
	at org.apache.ratis.thirdparty.io.grpc.stub.ClientCalls.blockingUnaryCall(ClientCalls.java:139)
	at org.apache.ratis.proto.grpc.RaftServerProtocolServiceGrpc$RaftServerProtocolServiceBlockingStub.requestVote(RaftServerProtocolServiceGrpc.java:265)
	at org.apache.ratis.grpc.server.GrpcServerProtocolClient.requestVote(GrpcServerProtocolClient.java:83)
	at org.apache.ratis.grpc.server.GrpcService.requestVote(GrpcService.java:195)
	at org.apache.ratis.server.impl.LeaderElection.lambda$submitRequests$1(LeaderElection.java:237)
	at java.util.concurrent.FutureTask.run(FutureTask.java:266)
	at java.util.concurrent.Executors$RunnableAdapter.call(Executors.java:511)
	at java.util.concurrent.FutureTask.run(FutureTask.java:266)
	at java.util.concurrent.ThreadPoolExecutor.runWorker(ThreadPoolExecutor.java:1149)
	at java.util.concurrent.ThreadPoolExecutor$Worker.run(ThreadPoolExecutor.java:624)
	... 1 more
Caused by: org.apache.ratis.thirdparty.io.netty.channel.AbstractChannel$AnnotatedConnectException: Connection refused: /192.168.5.171:34413
	at sun.nio.ch.SocketChannelImpl.checkConnect(Native Method)
	at sun.nio.ch.SocketChannelImpl.finishConnect(SocketChannelImpl.java:717)
	at org.apache.ratis.thirdparty.io.netty.channel.socket.nio.NioSocketChannel.doFinishConnect(NioSocketChannel.java:327)
	at org.apache.ratis.thirdparty.io.netty.channel.nio.AbstractNioChannel$AbstractNioUnsafe.finishConnect(AbstractNioChannel.java:340)
	at org.apache.ratis.thirdparty.io.netty.channel.nio.NioEventLoop.processSelectedKey(NioEventLoop.java:632)
	at org.apache.ratis.thirdparty.io.netty.channel.nio.NioEventLoop.processSelectedKeysOptimized(NioEventLoop.java:579)
	at org.apache.ratis.thirdparty.io.netty.channel.nio.NioEventLoop.processSelectedKeys(NioEventLoop.java:496)
	at org.apache.ratis.thirdparty.io.netty.channel.nio.NioEventLoop.run(NioEventLoop.java:458)
	at org.apache.ratis.thirdparty.io.netty.util.concurrent.SingleThreadEventExecutor$5.run(SingleThreadEventExecutor.java:897)
	at org.apache.ratis.thirdparty.io.netty.util.concurrent.FastThreadLocalRunnable.run(FastThreadLocalRunnable.java:30)
	... 1 more
Caused by: java.net.ConnectException: Connection refused
	... 11 more
2019-08-29 11:54:52,518 [79404ccb-3783-4150-88ba-2fea440d7696:group-A8FA0292109A:LeaderElection135] INFO  impl.RaftServerImpl (RaftServerImpl.java:setRole(171)) - 79404ccb-3783-4150-88ba-2fea440d7696:group-A8FA0292109A changes role from CANDIDATE to FOLLOWER at term 3 for DISCOVERED_A_NEW_TERM
2019-08-29 11:54:52,519 [79404ccb-3783-4150-88ba-2fea440d7696:group-A8FA0292109A:LeaderElection135] INFO  impl.RoleInfo (RoleInfo.java:shutdownLeaderElection(134)) - 79404ccb-3783-4150-88ba-2fea440d7696: shutdown LeaderElection
2019-08-29 11:54:52,519 [79404ccb-3783-4150-88ba-2fea440d7696:group-A8FA0292109A:LeaderElection135] INFO  impl.RoleInfo (RoleInfo.java:updateAndGet(143)) - 79404ccb-3783-4150-88ba-2fea440d7696: start FollowerState
2019-08-29 11:54:52,850 | INFO  | SCMAudit | user=jenkins1000 | ip=192.168.5.171 | op=SEND_HEARTBEAT {datanodeUUID=21c7cf7b-6251-48a4-bdb1-01914484bde5, command=[]} | ret=SUCCESS |  
2019-08-29 11:54:52,918 | INFO  | SCMAudit | user=jenkins1000 | ip=192.168.5.171 | op=SEND_HEARTBEAT {datanodeUUID=79404ccb-3783-4150-88ba-2fea440d7696, command=[]} | ret=SUCCESS |  
2019-08-29 11:54:52,925 | INFO  | SCMAudit | user=jenkins1000 | ip=192.168.5.171 | op=SEND_HEARTBEAT {datanodeUUID=368ac840-1874-400c-9a5e-97ce3a83695d, command=[]} | ret=SUCCESS |  
2019-08-29 11:54:53,050 | INFO  | SCMAudit | user=jenkins1000 | ip=192.168.5.171 | op=SEND_HEARTBEAT {datanodeUUID=edbdd45e-116e-45c7-951f-264ab28d364f, command=[]} | ret=SUCCESS |  
2019-08-29 11:54:53,189 | INFO  | SCMAudit | user=jenkins1000 | ip=192.168.5.171 | op=SEND_HEARTBEAT {datanodeUUID=822b3223-74a0-44c8-ae72-b72e27a17b65, command=[]} | ret=SUCCESS |  
2019-08-29 11:54:53,246 | INFO  | SCMAudit | user=jenkins1000 | ip=192.168.5.171 | op=SEND_HEARTBEAT {datanodeUUID=97e3324b-235f-4ceb-956e-993ee2fe234c, command=[]} | ret=SUCCESS |  
2019-08-29 11:54:53,313 | INFO  | SCMAudit | user=jenkins1000 | ip=192.168.5.171 | op=SEND_HEARTBEAT {datanodeUUID=6997f81c-1ecf-488f-a14c-812b649ddfad, command=[]} | ret=SUCCESS |  
2019-08-29 11:54:53,385 | INFO  | SCMAudit | user=jenkins1000 | ip=192.168.5.171 | op=SEND_HEARTBEAT {datanodeUUID=3442b9cb-a0d9-4a64-bd62-61dec9190efe, command=[]} | ret=SUCCESS |  
2019-08-29 11:54:53,552 [Thread-3073] INFO  impl.FollowerState (FollowerState.java:run(106)) - 79404ccb-3783-4150-88ba-2fea440d7696:group-A8FA0292109A changes to CANDIDATE, lastRpcTime:1033, electionTimeout:1033ms
2019-08-29 11:54:53,552 [Thread-3073] INFO  impl.RoleInfo (RoleInfo.java:shutdownFollowerState(121)) - 79404ccb-3783-4150-88ba-2fea440d7696: shutdown FollowerState
2019-08-29 11:54:53,552 [Thread-3073] INFO  impl.RaftServerImpl (RaftServerImpl.java:setRole(171)) - 79404ccb-3783-4150-88ba-2fea440d7696:group-A8FA0292109A changes role from FOLLOWER to CANDIDATE at term 3 for changeToCandidate
2019-08-29 11:54:53,553 [Thread-3073] INFO  impl.RoleInfo (RoleInfo.java:updateAndGet(143)) - 79404ccb-3783-4150-88ba-2fea440d7696: start LeaderElection
2019-08-29 11:54:53,850 | INFO  | SCMAudit | user=jenkins1000 | ip=192.168.5.171 | op=SEND_HEARTBEAT {datanodeUUID=21c7cf7b-6251-48a4-bdb1-01914484bde5, command=[]} | ret=SUCCESS |  
2019-08-29 11:54:53,918 | INFO  | SCMAudit | user=jenkins1000 | ip=192.168.5.171 | op=SEND_HEARTBEAT {datanodeUUID=79404ccb-3783-4150-88ba-2fea440d7696, command=[]} | ret=SUCCESS |  
2019-08-29 11:54:53,925 | INFO  | SCMAudit | user=jenkins1000 | ip=192.168.5.171 | op=SEND_HEARTBEAT {datanodeUUID=368ac840-1874-400c-9a5e-97ce3a83695d, command=[]} | ret=SUCCESS |  
2019-08-29 11:54:54,050 | INFO  | SCMAudit | user=jenkins1000 | ip=192.168.5.171 | op=SEND_HEARTBEAT {datanodeUUID=edbdd45e-116e-45c7-951f-264ab28d364f, command=[]} | ret=SUCCESS |  
2019-08-29 11:54:54,189 | INFO  | SCMAudit | user=jenkins1000 | ip=192.168.5.171 | op=SEND_HEARTBEAT {datanodeUUID=822b3223-74a0-44c8-ae72-b72e27a17b65, command=[]} | ret=SUCCESS |  
2019-08-29 11:54:54,246 | INFO  | SCMAudit | user=jenkins1000 | ip=192.168.5.171 | op=SEND_HEARTBEAT {datanodeUUID=97e3324b-235f-4ceb-956e-993ee2fe234c, command=[]} | ret=SUCCESS |  
2019-08-29 11:54:54,252 [grpc-default-executor-3] INFO  client.GrpcClientProtocolClient (GrpcClientProtocolClient.java:onNext(255)) - client-ADD2EED1A349->79404ccb-3783-4150-88ba-2fea440d7696: receive RaftClientReply:client-ADD2EED1A349->79404ccb-3783-4150-88ba-2fea440d7696@group-A8FA0292109A, cid=96, FAILED org.apache.ratis.protocol.NotLeaderException: Server 79404ccb-3783-4150-88ba-2fea440d7696 is not the leader (null). Request must be sent to leader., logIndex=0, commits[79404ccb-3783-4150-88ba-2fea440d7696:c4, 0927c2fb-bc54-48d8-8b4a-6f0f550fa3d8:c4, 0237fb14-0601-4188-bfaa-710869c5af5c:c4]
2019-08-29 11:54:54,313 | INFO  | SCMAudit | user=jenkins1000 | ip=192.168.5.171 | op=SEND_HEARTBEAT {datanodeUUID=6997f81c-1ecf-488f-a14c-812b649ddfad, command=[]} | ret=SUCCESS |  
2019-08-29 11:54:54,385 | INFO  | SCMAudit | user=jenkins1000 | ip=192.168.5.171 | op=SEND_HEARTBEAT {datanodeUUID=3442b9cb-a0d9-4a64-bd62-61dec9190efe, command=[]} | ret=SUCCESS |  
2019-08-29 11:54:54,850 | INFO  | SCMAudit | user=jenkins1000 | ip=192.168.5.171 | op=SEND_HEARTBEAT {datanodeUUID=21c7cf7b-6251-48a4-bdb1-01914484bde5, command=[]} | ret=SUCCESS |  
2019-08-29 11:54:54,920 | INFO  | SCMAudit | user=jenkins1000 | ip=192.168.5.171 | op=SEND_HEARTBEAT {datanodeUUID=79404ccb-3783-4150-88ba-2fea440d7696, command=[]} | ret=SUCCESS |  
2019-08-29 11:54:54,925 | INFO  | SCMAudit | user=jenkins1000 | ip=192.168.5.171 | op=SEND_HEARTBEAT {datanodeUUID=368ac840-1874-400c-9a5e-97ce3a83695d, command=[]} | ret=SUCCESS |  
2019-08-29 11:54:55,050 | INFO  | SCMAudit | user=jenkins1000 | ip=192.168.5.171 | op=SEND_HEARTBEAT {datanodeUUID=edbdd45e-116e-45c7-951f-264ab28d364f, command=[]} | ret=SUCCESS |  
2019-08-29 11:54:55,189 | INFO  | SCMAudit | user=jenkins1000 | ip=192.168.5.171 | op=SEND_HEARTBEAT {datanodeUUID=822b3223-74a0-44c8-ae72-b72e27a17b65, command=[]} | ret=SUCCESS |  
2019-08-29 11:54:55,246 | INFO  | SCMAudit | user=jenkins1000 | ip=192.168.5.171 | op=SEND_HEARTBEAT {datanodeUUID=97e3324b-235f-4ceb-956e-993ee2fe234c, command=[]} | ret=SUCCESS |  
2019-08-29 11:54:55,268 [main] WARN  io.KeyOutputStream (KeyOutputStream.java:handleException(276)) - Encountered exception java.io.IOException: Unexpected Storage Container Exception: java.util.concurrent.CompletionException: java.util.concurrent.CompletionException: org.apache.ratis.protocol.RaftRetryFailureException: Failed RaftClientRequest:client-ADD2EED1A349->0237fb14-0601-4188-bfaa-710869c5af5c@group-A8FA0292109A, cid=96, seq=3*, RW, org.apache.hadoop.hdds.scm.XceiverClientRatis$$Lambda$472/1811587238@7017c7f4 for 10 attempts with RetryLimited(maxAttempts=10, sleepTime=1000ms) on the pipeline Pipeline[ Id: 2f0ce970-39b3-492c-9e8e-a8fa0292109a, Nodes: 0237fb14-0601-4188-bfaa-710869c5af5c{ip: 192.168.5.171, host: pr-hdds-2058-gt6pm-2007824988, networkLocation: /rack1, certSerialId: null}0927c2fb-bc54-48d8-8b4a-6f0f550fa3d8{ip: 192.168.5.171, host: pr-hdds-2058-gt6pm-2007824988, networkLocation: /rack1, certSerialId: null}79404ccb-3783-4150-88ba-2fea440d7696{ip: 192.168.5.171, host: pr-hdds-2058-gt6pm-2007824988, networkLocation: /rack1, certSerialId: null}, Type:RATIS, Factor:THREE, State:OPEN]. The last committed block length is 1048576, uncommitted data length is 524288 retry count 0
2019-08-29 11:54:55,294 | INFO  | SCMAudit | user=jenkins1000 | ip=192.168.5.171 | op=ALLOCATE_BLOCK {owner=060e6340-a660-4d30-b243-a753818e830b, size=4194304, type=RATIS, factor=THREE} | ret=SUCCESS |  
2019-08-29 11:54:55,296 | INFO  | OMAudit | user=jenkins1000 | ip=127.0.0.1 | op=ALLOCATE_BLOCK {volume=datanodefailurehandlingtest, bucket=datanodefailurehandlingtest, key=a3818b4c-2e44-4539-b697-733cbbcc5aa4, dataSize=0, replicationType=null, replicationFactor=null, keyLocationInfo=null, clientID=102700133557141513} | ret=SUCCESS |  
2019-08-29 11:54:55,310 [grpc-default-executor-4] INFO  client.GrpcClientProtocolClient (GrpcClientProtocolClient.java:onNext(255)) - client-98CDBA4AB153->6997f81c-1ecf-488f-a14c-812b649ddfad: receive RaftClientReply:client-98CDBA4AB153->6997f81c-1ecf-488f-a14c-812b649ddfad@group-FEC9ABEF0498, cid=98, FAILED org.apache.ratis.protocol.NotLeaderException: Server 6997f81c-1ecf-488f-a14c-812b649ddfad is not the leader (edbdd45e-116e-45c7-951f-264ab28d364f:192.168.5.171:42495). Request must be sent to leader., logIndex=0, commits[6997f81c-1ecf-488f-a14c-812b649ddfad:c0, 97e3324b-235f-4ceb-956e-993ee2fe234c:c0, edbdd45e-116e-45c7-951f-264ab28d364f:c0]
2019-08-29 11:54:55,320 | INFO  | SCMAudit | user=jenkins1000 | ip=192.168.5.171 | op=SEND_HEARTBEAT {datanodeUUID=6997f81c-1ecf-488f-a14c-812b649ddfad, command=[]} | ret=SUCCESS |  
2019-08-29 11:54:55,385 | INFO  | SCMAudit | user=jenkins1000 | ip=192.168.5.171 | op=SEND_HEARTBEAT {datanodeUUID=3442b9cb-a0d9-4a64-bd62-61dec9190efe, command=[]} | ret=SUCCESS |  
2019-08-29 11:54:55,850 | INFO  | SCMAudit | user=jenkins1000 | ip=192.168.5.171 | op=SEND_HEARTBEAT {datanodeUUID=21c7cf7b-6251-48a4-bdb1-01914484bde5, command=[]} | ret=SUCCESS |  
2019-08-29 11:54:55,920 | INFO  | SCMAudit | user=jenkins1000 | ip=192.168.5.171 | op=SEND_HEARTBEAT {datanodeUUID=79404ccb-3783-4150-88ba-2fea440d7696, command=[]} | ret=SUCCESS |  
2019-08-29 11:54:55,925 | INFO  | SCMAudit | user=jenkins1000 | ip=192.168.5.171 | op=SEND_HEARTBEAT {datanodeUUID=368ac840-1874-400c-9a5e-97ce3a83695d, command=[]} | ret=SUCCESS |  
2019-08-29 11:54:56,050 | INFO  | SCMAudit | user=jenkins1000 | ip=192.168.5.171 | op=SEND_HEARTBEAT {datanodeUUID=edbdd45e-116e-45c7-951f-264ab28d364f, command=[]} | ret=SUCCESS |  
2019-08-29 11:54:56,189 | INFO  | SCMAudit | user=jenkins1000 | ip=192.168.5.171 | op=SEND_HEARTBEAT {datanodeUUID=822b3223-74a0-44c8-ae72-b72e27a17b65, command=[]} | ret=SUCCESS |  
2019-08-29 11:54:56,246 | INFO  | SCMAudit | user=jenkins1000 | ip=192.168.5.171 | op=SEND_HEARTBEAT {datanodeUUID=97e3324b-235f-4ceb-956e-993ee2fe234c, command=[]} | ret=SUCCESS |  
2019-08-29 11:54:56,314 | INFO  | SCMAudit | user=jenkins1000 | ip=192.168.5.171 | op=SEND_HEARTBEAT {datanodeUUID=6997f81c-1ecf-488f-a14c-812b649ddfad, command=[]} | ret=SUCCESS |  
2019-08-29 11:54:56,385 | INFO  | SCMAudit | user=jenkins1000 | ip=192.168.5.171 | op=SEND_HEARTBEAT {datanodeUUID=3442b9cb-a0d9-4a64-bd62-61dec9190efe, command=[]} | ret=SUCCESS |  
2019-08-29 11:54:56,850 | INFO  | SCMAudit | user=jenkins1000 | ip=192.168.5.171 | op=SEND_HEARTBEAT {datanodeUUID=21c7cf7b-6251-48a4-bdb1-01914484bde5, command=[]} | ret=SUCCESS |  
2019-08-29 11:54:56,920 | INFO  | SCMAudit | user=jenkins1000 | ip=192.168.5.171 | op=SEND_HEARTBEAT {datanodeUUID=79404ccb-3783-4150-88ba-2fea440d7696, command=[]} | ret=SUCCESS |  
2019-08-29 11:54:56,925 | INFO  | SCMAudit | user=jenkins1000 | ip=192.168.5.171 | op=SEND_HEARTBEAT {datanodeUUID=368ac840-1874-400c-9a5e-97ce3a83695d, command=[]} | ret=SUCCESS |  
2019-08-29 11:54:57,050 | INFO  | SCMAudit | user=jenkins1000 | ip=192.168.5.171 | op=SEND_HEARTBEAT {datanodeUUID=edbdd45e-116e-45c7-951f-264ab28d364f, command=[]} | ret=SUCCESS |  
2019-08-29 11:54:57,189 | INFO  | SCMAudit | user=jenkins1000 | ip=192.168.5.171 | op=SEND_HEARTBEAT {datanodeUUID=822b3223-74a0-44c8-ae72-b72e27a17b65, command=[]} | ret=SUCCESS |  
2019-08-29 11:54:57,246 | INFO  | SCMAudit | user=jenkins1000 | ip=192.168.5.171 | op=SEND_HEARTBEAT {datanodeUUID=97e3324b-235f-4ceb-956e-993ee2fe234c, command=[]} | ret=SUCCESS |  
2019-08-29 11:54:57,314 | INFO  | SCMAudit | user=jenkins1000 | ip=192.168.5.171 | op=SEND_HEARTBEAT {datanodeUUID=6997f81c-1ecf-488f-a14c-812b649ddfad, command=[]} | ret=SUCCESS |  
2019-08-29 11:54:57,385 | INFO  | SCMAudit | user=jenkins1000 | ip=192.168.5.171 | op=SEND_HEARTBEAT {datanodeUUID=3442b9cb-a0d9-4a64-bd62-61dec9190efe, command=[]} | ret=SUCCESS |  
2019-08-29 11:54:57,851 | INFO  | SCMAudit | user=jenkins1000 | ip=192.168.5.171 | op=SEND_HEARTBEAT {datanodeUUID=21c7cf7b-6251-48a4-bdb1-01914484bde5, command=[]} | ret=SUCCESS |  
2019-08-29 11:54:57,920 | INFO  | SCMAudit | user=jenkins1000 | ip=192.168.5.171 | op=SEND_HEARTBEAT {datanodeUUID=79404ccb-3783-4150-88ba-2fea440d7696, command=[]} | ret=SUCCESS |  
2019-08-29 11:54:57,925 | INFO  | SCMAudit | user=jenkins1000 | ip=192.168.5.171 | op=SEND_HEARTBEAT {datanodeUUID=368ac840-1874-400c-9a5e-97ce3a83695d, command=[]} | ret=SUCCESS |  
2019-08-29 11:54:58,050 | INFO  | SCMAudit | user=jenkins1000 | ip=192.168.5.171 | op=SEND_HEARTBEAT {datanodeUUID=edbdd45e-116e-45c7-951f-264ab28d364f, command=[]} | ret=SUCCESS |  
2019-08-29 11:54:58,189 | INFO  | SCMAudit | user=jenkins1000 | ip=192.168.5.171 | op=SEND_HEARTBEAT {datanodeUUID=822b3223-74a0-44c8-ae72-b72e27a17b65, command=[]} | ret=SUCCESS |  
2019-08-29 11:54:58,246 | INFO  | SCMAudit | user=jenkins1000 | ip=192.168.5.171 | op=SEND_HEARTBEAT {datanodeUUID=97e3324b-235f-4ceb-956e-993ee2fe234c, command=[]} | ret=SUCCESS |  
2019-08-29 11:54:58,314 | INFO  | SCMAudit | user=jenkins1000 | ip=192.168.5.171 | op=SEND_HEARTBEAT {datanodeUUID=6997f81c-1ecf-488f-a14c-812b649ddfad, command=[]} | ret=SUCCESS |  
2019-08-29 11:54:58,328 [java.util.concurrent.ThreadPoolExecutor$Worker@2351d1e1[State = -1, empty queue]] WARN  server.GrpcLogAppender (GrpcLogAppender.java:timeoutAppendRequest(200)) - GrpcLogAppender(edbdd45e-116e-45c7-951f-264ab28d364f->97e3324b-235f-4ceb-956e-993ee2fe234c): appendEntries Timeout, request=edbdd45e-116e-45c7-951f-264ab28d364f->97e3324b-235f-4ceb-956e-993ee2fe234c#38-t2, previous=(t:2, i:0), leaderCommit=0, initializing? false, entries: size=1, first=(t:2, i:1), STATEMACHINELOGENTRY, client-98CDBA4AB153, cid=98
2019-08-29 11:54:58,328 [java.util.concurrent.ThreadPoolExecutor$Worker@52380d3[State = -1, empty queue]] WARN  server.GrpcLogAppender (GrpcLogAppender.java:timeoutAppendRequest(200)) - GrpcLogAppender(edbdd45e-116e-45c7-951f-264ab28d364f->6997f81c-1ecf-488f-a14c-812b649ddfad): appendEntries Timeout, request=edbdd45e-116e-45c7-951f-264ab28d364f->6997f81c-1ecf-488f-a14c-812b649ddfad#38-t2, previous=(t:2, i:0), leaderCommit=0, initializing? false, entries: size=1, first=(t:2, i:1), STATEMACHINELOGENTRY, client-98CDBA4AB153, cid=98
2019-08-29 11:54:58,385 | INFO  | SCMAudit | user=jenkins1000 | ip=192.168.5.171 | op=SEND_HEARTBEAT {datanodeUUID=3442b9cb-a0d9-4a64-bd62-61dec9190efe, command=[]} | ret=SUCCESS |  
2019-08-29 11:54:58,828 [java.util.concurrent.ThreadPoolExecutor$Worker@2351d1e1[State = -1, empty queue]] WARN  server.GrpcLogAppender (GrpcLogAppender.java:timeoutAppendRequest(200)) - GrpcLogAppender(edbdd45e-116e-45c7-951f-264ab28d364f->97e3324b-235f-4ceb-956e-993ee2fe234c): appendEntries Timeout, request=edbdd45e-116e-45c7-951f-264ab28d364f->97e3324b-235f-4ceb-956e-993ee2fe234c#39-t2, previous=(t:2, i:1), leaderCommit=0, initializing? false, entries: <empty>
2019-08-29 11:54:58,828 [java.util.concurrent.ThreadPoolExecutor$Worker@52380d3[State = -1, empty queue]] WARN  server.GrpcLogAppender (GrpcLogAppender.java:timeoutAppendRequest(200)) - GrpcLogAppender(edbdd45e-116e-45c7-951f-264ab28d364f->6997f81c-1ecf-488f-a14c-812b649ddfad): appendEntries Timeout, request=edbdd45e-116e-45c7-951f-264ab28d364f->6997f81c-1ecf-488f-a14c-812b649ddfad#39-t2, previous=(t:2, i:1), leaderCommit=0, initializing? false, entries: <empty>
2019-08-29 11:54:58,851 | INFO  | SCMAudit | user=jenkins1000 | ip=192.168.5.171 | op=SEND_HEARTBEAT {datanodeUUID=21c7cf7b-6251-48a4-bdb1-01914484bde5, command=[]} | ret=SUCCESS |  
2019-08-29 11:54:58,920 | INFO  | SCMAudit | user=jenkins1000 | ip=192.168.5.171 | op=SEND_HEARTBEAT {datanodeUUID=79404ccb-3783-4150-88ba-2fea440d7696, command=[]} | ret=SUCCESS |  
2019-08-29 11:54:58,924 | INFO  | SCMAudit | user=jenkins1000 | ip=192.168.5.171 | op=SEND_HEARTBEAT {datanodeUUID=368ac840-1874-400c-9a5e-97ce3a83695d, command=[]} | ret=SUCCESS |  
2019-08-29 11:54:58,962 [79404ccb-3783-4150-88ba-2fea440d7696:group-A8FA0292109A:LeaderElection136] INFO  impl.LeaderElection (LeaderElection.java:askForVotes(181)) - 79404ccb-3783-4150-88ba-2fea440d7696:group-A8FA0292109A:LeaderElection136: begin an election at term 4 for 0: [0927c2fb-bc54-48d8-8b4a-6f0f550fa3d8:192.168.5.171:45391, 79404ccb-3783-4150-88ba-2fea440d7696:192.168.5.171:38238, 0237fb14-0601-4188-bfaa-710869c5af5c:192.168.5.171:34413], old=null
2019-08-29 11:54:58,963 [79404ccb-3783-4150-88ba-2fea440d7696:group-A8FA0292109A:LeaderElection136] INFO  impl.LeaderElection (LogUtils.java:infoOrTrace(149)) - 79404ccb-3783-4150-88ba-2fea440d7696:group-A8FA0292109A:LeaderElection136 got exception when requesting votes: {}
java.util.concurrent.ExecutionException: org.apache.ratis.thirdparty.io.grpc.StatusRuntimeException: UNAVAILABLE: io exception
	at java.util.concurrent.FutureTask.report(FutureTask.java:122)
	at java.util.concurrent.FutureTask.get(FutureTask.java:192)
	at org.apache.ratis.server.impl.LeaderElection.waitForResults(LeaderElection.java:262)
	at org.apache.ratis.server.impl.LeaderElection.askForVotes(LeaderElection.java:200)
	at org.apache.ratis.server.impl.LeaderElection.run(LeaderElection.java:130)
	at java.lang.Thread.run(Thread.java:748)
Caused by: org.apache.ratis.thirdparty.io.grpc.StatusRuntimeException: UNAVAILABLE: io exception
	at org.apache.ratis.thirdparty.io.grpc.stub.ClientCalls.toStatusRuntimeException(ClientCalls.java:233)
	at org.apache.ratis.thirdparty.io.grpc.stub.ClientCalls.getUnchecked(ClientCalls.java:214)
	at org.apache.ratis.thirdparty.io.grpc.stub.ClientCalls.blockingUnaryCall(ClientCalls.java:139)
	at org.apache.ratis.proto.grpc.RaftServerProtocolServiceGrpc$RaftServerProtocolServiceBlockingStub.requestVote(RaftServerProtocolServiceGrpc.java:265)
	at org.apache.ratis.grpc.server.GrpcServerProtocolClient.requestVote(GrpcServerProtocolClient.java:83)
	at org.apache.ratis.grpc.server.GrpcService.requestVote(GrpcService.java:195)
	at org.apache.ratis.server.impl.LeaderElection.lambda$submitRequests$1(LeaderElection.java:237)
	at java.util.concurrent.FutureTask.run(FutureTask.java:266)
	at java.util.concurrent.Executors$RunnableAdapter.call(Executors.java:511)
	at java.util.concurrent.FutureTask.run(FutureTask.java:266)
	at java.util.concurrent.ThreadPoolExecutor.runWorker(ThreadPoolExecutor.java:1149)
	at java.util.concurrent.ThreadPoolExecutor$Worker.run(ThreadPoolExecutor.java:624)
	... 1 more
Caused by: org.apache.ratis.thirdparty.io.netty.channel.AbstractChannel$AnnotatedConnectException: Connection refused: /192.168.5.171:34413
	at sun.nio.ch.SocketChannelImpl.checkConnect(Native Method)
	at sun.nio.ch.SocketChannelImpl.finishConnect(SocketChannelImpl.java:717)
	at org.apache.ratis.thirdparty.io.netty.channel.socket.nio.NioSocketChannel.doFinishConnect(NioSocketChannel.java:327)
	at org.apache.ratis.thirdparty.io.netty.channel.nio.AbstractNioChannel$AbstractNioUnsafe.finishConnect(AbstractNioChannel.java:340)
	at org.apache.ratis.thirdparty.io.netty.channel.nio.NioEventLoop.processSelectedKey(NioEventLoop.java:632)
	at org.apache.ratis.thirdparty.io.netty.channel.nio.NioEventLoop.processSelectedKeysOptimized(NioEventLoop.java:579)
	at org.apache.ratis.thirdparty.io.netty.channel.nio.NioEventLoop.processSelectedKeys(NioEventLoop.java:496)
	at org.apache.ratis.thirdparty.io.netty.channel.nio.NioEventLoop.run(NioEventLoop.java:458)
	at org.apache.ratis.thirdparty.io.netty.util.concurrent.SingleThreadEventExecutor$5.run(SingleThreadEventExecutor.java:897)
	at org.apache.ratis.thirdparty.io.netty.util.concurrent.FastThreadLocalRunnable.run(FastThreadLocalRunnable.java:30)
	... 1 more
Caused by: java.net.ConnectException: Connection refused
	... 11 more
2019-08-29 11:54:58,964 [79404ccb-3783-4150-88ba-2fea440d7696:group-A8FA0292109A:LeaderElection136] INFO  impl.LeaderElection (LogUtils.java:infoOrTrace(149)) - 79404ccb-3783-4150-88ba-2fea440d7696:group-A8FA0292109A:LeaderElection136 got exception when requesting votes: {}
java.util.concurrent.ExecutionException: org.apache.ratis.thirdparty.io.grpc.StatusRuntimeException: UNAVAILABLE: io exception
	at java.util.concurrent.FutureTask.report(FutureTask.java:122)
	at java.util.concurrent.FutureTask.get(FutureTask.java:192)
	at org.apache.ratis.server.impl.LeaderElection.waitForResults(LeaderElection.java:262)
	at org.apache.ratis.server.impl.LeaderElection.askForVotes(LeaderElection.java:200)
	at org.apache.ratis.server.impl.LeaderElection.run(LeaderElection.java:130)
	at java.lang.Thread.run(Thread.java:748)
Caused by: org.apache.ratis.thirdparty.io.grpc.StatusRuntimeException: UNAVAILABLE: io exception
	at org.apache.ratis.thirdparty.io.grpc.stub.ClientCalls.toStatusRuntimeException(ClientCalls.java:233)
	at org.apache.ratis.thirdparty.io.grpc.stub.ClientCalls.getUnchecked(ClientCalls.java:214)
	at org.apache.ratis.thirdparty.io.grpc.stub.ClientCalls.blockingUnaryCall(ClientCalls.java:139)
	at org.apache.ratis.proto.grpc.RaftServerProtocolServiceGrpc$RaftServerProtocolServiceBlockingStub.requestVote(RaftServerProtocolServiceGrpc.java:265)
	at org.apache.ratis.grpc.server.GrpcServerProtocolClient.requestVote(GrpcServerProtocolClient.java:83)
	at org.apache.ratis.grpc.server.GrpcService.requestVote(GrpcService.java:195)
	at org.apache.ratis.server.impl.LeaderElection.lambda$submitRequests$1(LeaderElection.java:237)
	at java.util.concurrent.FutureTask.run(FutureTask.java:266)
	at java.util.concurrent.Executors$RunnableAdapter.call(Executors.java:511)
	at java.util.concurrent.FutureTask.run(FutureTask.java:266)
	at java.util.concurrent.ThreadPoolExecutor.runWorker(ThreadPoolExecutor.java:1149)
	at java.util.concurrent.ThreadPoolExecutor$Worker.run(ThreadPoolExecutor.java:624)
	... 1 more
Caused by: org.apache.ratis.thirdparty.io.netty.channel.AbstractChannel$AnnotatedConnectException: Connection refused: /192.168.5.171:45391
	at sun.nio.ch.SocketChannelImpl.checkConnect(Native Method)
	at sun.nio.ch.SocketChannelImpl.finishConnect(SocketChannelImpl.java:717)
	at org.apache.ratis.thirdparty.io.netty.channel.socket.nio.NioSocketChannel.doFinishConnect(NioSocketChannel.java:327)
	at org.apache.ratis.thirdparty.io.netty.channel.nio.AbstractNioChannel$AbstractNioUnsafe.finishConnect(AbstractNioChannel.java:340)
	at org.apache.ratis.thirdparty.io.netty.channel.nio.NioEventLoop.processSelectedKey(NioEventLoop.java:632)
	at org.apache.ratis.thirdparty.io.netty.channel.nio.NioEventLoop.processSelectedKeysOptimized(NioEventLoop.java:579)
	at org.apache.ratis.thirdparty.io.netty.channel.nio.NioEventLoop.processSelectedKeys(NioEventLoop.java:496)
	at org.apache.ratis.thirdparty.io.netty.channel.nio.NioEventLoop.run(NioEventLoop.java:458)
	at org.apache.ratis.thirdparty.io.netty.util.concurrent.SingleThreadEventExecutor$5.run(SingleThreadEventExecutor.java:897)
	at org.apache.ratis.thirdparty.io.netty.util.concurrent.FastThreadLocalRunnable.run(FastThreadLocalRunnable.java:30)
	... 1 more
Caused by: java.net.ConnectException: Connection refused
	... 11 more
2019-08-29 11:54:58,964 [79404ccb-3783-4150-88ba-2fea440d7696:group-A8FA0292109A:LeaderElection136] INFO  impl.LeaderElection (LeaderElection.java:logAndReturn(56)) - 79404ccb-3783-4150-88ba-2fea440d7696:group-A8FA0292109A:LeaderElection136: Election REJECTED; received 0 response(s) [] and 2 exception(s); 79404ccb-3783-4150-88ba-2fea440d7696:t4, leader=null, voted=79404ccb-3783-4150-88ba-2fea440d7696, raftlog=79404ccb-3783-4150-88ba-2fea440d7696-SegmentedRaftLog:OPENED:c4,f4,i4, conf=0: [0927c2fb-bc54-48d8-8b4a-6f0f550fa3d8:192.168.5.171:45391, 79404ccb-3783-4150-88ba-2fea440d7696:192.168.5.171:38238, 0237fb14-0601-4188-bfaa-710869c5af5c:192.168.5.171:34413], old=null
2019-08-29 11:54:58,964 [79404ccb-3783-4150-88ba-2fea440d7696:group-A8FA0292109A:LeaderElection136] INFO  impl.LeaderElection (LogUtils.java:infoOrTrace(149)) -   Exception 0: {}
java.util.concurrent.ExecutionException: org.apache.ratis.thirdparty.io.grpc.StatusRuntimeException: UNAVAILABLE: io exception
	at java.util.concurrent.FutureTask.report(FutureTask.java:122)
	at java.util.concurrent.FutureTask.get(FutureTask.java:192)
	at org.apache.ratis.server.impl.LeaderElection.waitForResults(LeaderElection.java:262)
	at org.apache.ratis.server.impl.LeaderElection.askForVotes(LeaderElection.java:200)
	at org.apache.ratis.server.impl.LeaderElection.run(LeaderElection.java:130)
	at java.lang.Thread.run(Thread.java:748)
Caused by: org.apache.ratis.thirdparty.io.grpc.StatusRuntimeException: UNAVAILABLE: io exception
	at org.apache.ratis.thirdparty.io.grpc.stub.ClientCalls.toStatusRuntimeException(ClientCalls.java:233)
	at org.apache.ratis.thirdparty.io.grpc.stub.ClientCalls.getUnchecked(ClientCalls.java:214)
	at org.apache.ratis.thirdparty.io.grpc.stub.ClientCalls.blockingUnaryCall(ClientCalls.java:139)
	at org.apache.ratis.proto.grpc.RaftServerProtocolServiceGrpc$RaftServerProtocolServiceBlockingStub.requestVote(RaftServerProtocolServiceGrpc.java:265)
	at org.apache.ratis.grpc.server.GrpcServerProtocolClient.requestVote(GrpcServerProtocolClient.java:83)
	at org.apache.ratis.grpc.server.GrpcService.requestVote(GrpcService.java:195)
	at org.apache.ratis.server.impl.LeaderElection.lambda$submitRequests$1(LeaderElection.java:237)
	at java.util.concurrent.FutureTask.run(FutureTask.java:266)
	at java.util.concurrent.Executors$RunnableAdapter.call(Executors.java:511)
	at java.util.concurrent.FutureTask.run(FutureTask.java:266)
	at java.util.concurrent.ThreadPoolExecutor.runWorker(ThreadPoolExecutor.java:1149)
	at java.util.concurrent.ThreadPoolExecutor$Worker.run(ThreadPoolExecutor.java:624)
	... 1 more
Caused by: org.apache.ratis.thirdparty.io.netty.channel.AbstractChannel$AnnotatedConnectException: Connection refused: /192.168.5.171:34413
	at sun.nio.ch.SocketChannelImpl.checkConnect(Native Method)
	at sun.nio.ch.SocketChannelImpl.finishConnect(SocketChannelImpl.java:717)
	at org.apache.ratis.thirdparty.io.netty.channel.socket.nio.NioSocketChannel.doFinishConnect(NioSocketChannel.java:327)
	at org.apache.ratis.thirdparty.io.netty.channel.nio.AbstractNioChannel$AbstractNioUnsafe.finishConnect(AbstractNioChannel.java:340)
	at org.apache.ratis.thirdparty.io.netty.channel.nio.NioEventLoop.processSelectedKey(NioEventLoop.java:632)
	at org.apache.ratis.thirdparty.io.netty.channel.nio.NioEventLoop.processSelectedKeysOptimized(NioEventLoop.java:579)
	at org.apache.ratis.thirdparty.io.netty.channel.nio.NioEventLoop.processSelectedKeys(NioEventLoop.java:496)
	at org.apache.ratis.thirdparty.io.netty.channel.nio.NioEventLoop.run(NioEventLoop.java:458)
	at org.apache.ratis.thirdparty.io.netty.util.concurrent.SingleThreadEventExecutor$5.run(SingleThreadEventExecutor.java:897)
	at org.apache.ratis.thirdparty.io.netty.util.concurrent.FastThreadLocalRunnable.run(FastThreadLocalRunnable.java:30)
	... 1 more
Caused by: java.net.ConnectException: Connection refused
	... 11 more
2019-08-29 11:54:58,964 [79404ccb-3783-4150-88ba-2fea440d7696:group-A8FA0292109A:LeaderElection136] INFO  impl.LeaderElection (LogUtils.java:infoOrTrace(149)) -   Exception 1: {}
java.util.concurrent.ExecutionException: org.apache.ratis.thirdparty.io.grpc.StatusRuntimeException: UNAVAILABLE: io exception
	at java.util.concurrent.FutureTask.report(FutureTask.java:122)
	at java.util.concurrent.FutureTask.get(FutureTask.java:192)
	at org.apache.ratis.server.impl.LeaderElection.waitForResults(LeaderElection.java:262)
	at org.apache.ratis.server.impl.LeaderElection.askForVotes(LeaderElection.java:200)
	at org.apache.ratis.server.impl.LeaderElection.run(LeaderElection.java:130)
	at java.lang.Thread.run(Thread.java:748)
Caused by: org.apache.ratis.thirdparty.io.grpc.StatusRuntimeException: UNAVAILABLE: io exception
	at org.apache.ratis.thirdparty.io.grpc.stub.ClientCalls.toStatusRuntimeException(ClientCalls.java:233)
	at org.apache.ratis.thirdparty.io.grpc.stub.ClientCalls.getUnchecked(ClientCalls.java:214)
	at org.apache.ratis.thirdparty.io.grpc.stub.ClientCalls.blockingUnaryCall(ClientCalls.java:139)
	at org.apache.ratis.proto.grpc.RaftServerProtocolServiceGrpc$RaftServerProtocolServiceBlockingStub.requestVote(RaftServerProtocolServiceGrpc.java:265)
	at org.apache.ratis.grpc.server.GrpcServerProtocolClient.requestVote(GrpcServerProtocolClient.java:83)
	at org.apache.ratis.grpc.server.GrpcService.requestVote(GrpcService.java:195)
	at org.apache.ratis.server.impl.LeaderElection.lambda$submitRequests$1(LeaderElection.java:237)
	at java.util.concurrent.FutureTask.run(FutureTask.java:266)
	at java.util.concurrent.Executors$RunnableAdapter.call(Executors.java:511)
	at java.util.concurrent.FutureTask.run(FutureTask.java:266)
	at java.util.concurrent.ThreadPoolExecutor.runWorker(ThreadPoolExecutor.java:1149)
	at java.util.concurrent.ThreadPoolExecutor$Worker.run(ThreadPoolExecutor.java:624)
	... 1 more
Caused by: org.apache.ratis.thirdparty.io.netty.channel.AbstractChannel$AnnotatedConnectException: Connection refused: /192.168.5.171:45391
	at sun.nio.ch.SocketChannelImpl.checkConnect(Native Method)
	at sun.nio.ch.SocketChannelImpl.finishConnect(SocketChannelImpl.java:717)
	at org.apache.ratis.thirdparty.io.netty.channel.socket.nio.NioSocketChannel.doFinishConnect(NioSocketChannel.java:327)
	at org.apache.ratis.thirdparty.io.netty.channel.nio.AbstractNioChannel$AbstractNioUnsafe.finishConnect(AbstractNioChannel.java:340)
	at org.apache.ratis.thirdparty.io.netty.channel.nio.NioEventLoop.processSelectedKey(NioEventLoop.java:632)
	at org.apache.ratis.thirdparty.io.netty.channel.nio.NioEventLoop.processSelectedKeysOptimized(NioEventLoop.java:579)
	at org.apache.ratis.thirdparty.io.netty.channel.nio.NioEventLoop.processSelectedKeys(NioEventLoop.java:496)
	at org.apache.ratis.thirdparty.io.netty.channel.nio.NioEventLoop.run(NioEventLoop.java:458)
	at org.apache.ratis.thirdparty.io.netty.util.concurrent.SingleThreadEventExecutor$5.run(SingleThreadEventExecutor.java:897)
	at org.apache.ratis.thirdparty.io.netty.util.concurrent.FastThreadLocalRunnable.run(FastThreadLocalRunnable.java:30)
	... 1 more
Caused by: java.net.ConnectException: Connection refused
	... 11 more
2019-08-29 11:54:58,964 [79404ccb-3783-4150-88ba-2fea440d7696:group-A8FA0292109A:LeaderElection136] INFO  impl.RaftServerImpl (RaftServerImpl.java:setRole(171)) - 79404ccb-3783-4150-88ba-2fea440d7696:group-A8FA0292109A changes role from CANDIDATE to FOLLOWER at term 4 for DISCOVERED_A_NEW_TERM
2019-08-29 11:54:58,965 [79404ccb-3783-4150-88ba-2fea440d7696:group-A8FA0292109A:LeaderElection136] INFO  impl.RoleInfo (RoleInfo.java:shutdownLeaderElection(134)) - 79404ccb-3783-4150-88ba-2fea440d7696: shutdown LeaderElection
2019-08-29 11:54:58,965 [79404ccb-3783-4150-88ba-2fea440d7696:group-A8FA0292109A:LeaderElection136] INFO  impl.RoleInfo (RoleInfo.java:updateAndGet(143)) - 79404ccb-3783-4150-88ba-2fea440d7696: start FollowerState
2019-08-29 11:54:59,051 | INFO  | SCMAudit | user=jenkins1000 | ip=192.168.5.171 | op=SEND_HEARTBEAT {datanodeUUID=edbdd45e-116e-45c7-951f-264ab28d364f, command=[]} | ret=SUCCESS |  
2019-08-29 11:54:59,189 | INFO  | SCMAudit | user=jenkins1000 | ip=192.168.5.171 | op=SEND_HEARTBEAT {datanodeUUID=822b3223-74a0-44c8-ae72-b72e27a17b65, command=[]} | ret=SUCCESS |  
2019-08-29 11:54:59,246 | INFO  | SCMAudit | user=jenkins1000 | ip=192.168.5.171 | op=SEND_HEARTBEAT {datanodeUUID=97e3324b-235f-4ceb-956e-993ee2fe234c, command=[]} | ret=SUCCESS |  
2019-08-29 11:54:59,314 | INFO  | SCMAudit | user=jenkins1000 | ip=192.168.5.171 | op=SEND_HEARTBEAT {datanodeUUID=6997f81c-1ecf-488f-a14c-812b649ddfad, command=[]} | ret=SUCCESS |  
2019-08-29 11:54:59,328 [java.util.concurrent.ThreadPoolExecutor$Worker@2351d1e1[State = -1, empty queue]] WARN  server.GrpcLogAppender (GrpcLogAppender.java:timeoutAppendRequest(200)) - GrpcLogAppender(edbdd45e-116e-45c7-951f-264ab28d364f->97e3324b-235f-4ceb-956e-993ee2fe234c): appendEntries Timeout, request=edbdd45e-116e-45c7-951f-264ab28d364f->97e3324b-235f-4ceb-956e-993ee2fe234c#40-t2, previous=(t:2, i:1), leaderCommit=0, initializing? false, entries: <empty>
2019-08-29 11:54:59,329 [java.util.concurrent.ThreadPoolExecutor$Worker@52380d3[State = -1, empty queue]] WARN  server.GrpcLogAppender (GrpcLogAppender.java:timeoutAppendRequest(200)) - GrpcLogAppender(edbdd45e-116e-45c7-951f-264ab28d364f->6997f81c-1ecf-488f-a14c-812b649ddfad): appendEntries Timeout, request=edbdd45e-116e-45c7-951f-264ab28d364f->6997f81c-1ecf-488f-a14c-812b649ddfad#40-t2, previous=(t:2, i:1), leaderCommit=0, initializing? false, entries: <empty>
2019-08-29 11:54:59,385 | INFO  | SCMAudit | user=jenkins1000 | ip=192.168.5.171 | op=SEND_HEARTBEAT {datanodeUUID=3442b9cb-a0d9-4a64-bd62-61dec9190efe, command=[]} | ret=SUCCESS |  
2019-08-29 11:54:59,828 [java.util.concurrent.ThreadPoolExecutor$Worker@2351d1e1[State = -1, empty queue]] WARN  server.GrpcLogAppender (GrpcLogAppender.java:timeoutAppendRequest(200)) - GrpcLogAppender(edbdd45e-116e-45c7-951f-264ab28d364f->97e3324b-235f-4ceb-956e-993ee2fe234c): appendEntries Timeout, request=edbdd45e-116e-45c7-951f-264ab28d364f->97e3324b-235f-4ceb-956e-993ee2fe234c#41-t2, previous=(t:2, i:1), leaderCommit=0, initializing? false, entries: <empty>
2019-08-29 11:54:59,829 [java.util.concurrent.ThreadPoolExecutor$Worker@52380d3[State = -1, empty queue]] WARN  server.GrpcLogAppender (GrpcLogAppender.java:timeoutAppendRequest(200)) - GrpcLogAppender(edbdd45e-116e-45c7-951f-264ab28d364f->6997f81c-1ecf-488f-a14c-812b649ddfad): appendEntries Timeout, request=edbdd45e-116e-45c7-951f-264ab28d364f->6997f81c-1ecf-488f-a14c-812b649ddfad#41-t2, previous=(t:2, i:1), leaderCommit=0, initializing? false, entries: <empty>
2019-08-29 11:54:59,851 | INFO  | SCMAudit | user=jenkins1000 | ip=192.168.5.171 | op=SEND_HEARTBEAT {datanodeUUID=21c7cf7b-6251-48a4-bdb1-01914484bde5, command=[]} | ret=SUCCESS |  
2019-08-29 11:54:59,920 | INFO  | SCMAudit | user=jenkins1000 | ip=192.168.5.171 | op=SEND_HEARTBEAT {datanodeUUID=79404ccb-3783-4150-88ba-2fea440d7696, command=[]} | ret=SUCCESS |  
2019-08-29 11:54:59,925 | INFO  | SCMAudit | user=jenkins1000 | ip=192.168.5.171 | op=SEND_HEARTBEAT {datanodeUUID=368ac840-1874-400c-9a5e-97ce3a83695d, command=[]} | ret=SUCCESS |  
2019-08-29 11:55:00,030 [Thread-3149] INFO  impl.FollowerState (FollowerState.java:run(106)) - 79404ccb-3783-4150-88ba-2fea440d7696:group-A8FA0292109A changes to CANDIDATE, lastRpcTime:1065, electionTimeout:1065ms
2019-08-29 11:55:00,030 [Thread-3149] INFO  impl.RoleInfo (RoleInfo.java:shutdownFollowerState(121)) - 79404ccb-3783-4150-88ba-2fea440d7696: shutdown FollowerState
2019-08-29 11:55:00,031 [Thread-3149] INFO  impl.RaftServerImpl (RaftServerImpl.java:setRole(171)) - 79404ccb-3783-4150-88ba-2fea440d7696:group-A8FA0292109A changes role from FOLLOWER to CANDIDATE at term 4 for changeToCandidate
2019-08-29 11:55:00,031 [Thread-3149] INFO  impl.RoleInfo (RoleInfo.java:updateAndGet(143)) - 79404ccb-3783-4150-88ba-2fea440d7696: start LeaderElection
2019-08-29 11:55:00,050 | INFO  | SCMAudit | user=jenkins1000 | ip=192.168.5.171 | op=SEND_HEARTBEAT {datanodeUUID=edbdd45e-116e-45c7-951f-264ab28d364f, command=[]} | ret=SUCCESS |  
2019-08-29 11:55:00,189 | INFO  | SCMAudit | user=jenkins1000 | ip=192.168.5.171 | op=SEND_HEARTBEAT {datanodeUUID=822b3223-74a0-44c8-ae72-b72e27a17b65, command=[]} | ret=SUCCESS |  
2019-08-29 11:55:00,246 | INFO  | SCMAudit | user=jenkins1000 | ip=192.168.5.171 | op=SEND_HEARTBEAT {datanodeUUID=97e3324b-235f-4ceb-956e-993ee2fe234c, command=[]} | ret=SUCCESS |  
2019-08-29 11:55:00,314 | INFO  | SCMAudit | user=jenkins1000 | ip=192.168.5.171 | op=SEND_HEARTBEAT {datanodeUUID=6997f81c-1ecf-488f-a14c-812b649ddfad, command=[]} | ret=SUCCESS |  
2019-08-29 11:55:00,329 [java.util.concurrent.ThreadPoolExecutor$Worker@2351d1e1[State = -1, empty queue]] WARN  server.GrpcLogAppender (GrpcLogAppender.java:timeoutAppendRequest(200)) - GrpcLogAppender(edbdd45e-116e-45c7-951f-264ab28d364f->97e3324b-235f-4ceb-956e-993ee2fe234c): appendEntries Timeout, request=edbdd45e-116e-45c7-951f-264ab28d364f->97e3324b-235f-4ceb-956e-993ee2fe234c#42-t2, previous=(t:2, i:1), leaderCommit=0, initializing? false, entries: <empty>
2019-08-29 11:55:00,329 [java.util.concurrent.ThreadPoolExecutor$Worker@52380d3[State = -1, empty queue]] WARN  server.GrpcLogAppender (GrpcLogAppender.java:timeoutAppendRequest(200)) - GrpcLogAppender(edbdd45e-116e-45c7-951f-264ab28d364f->6997f81c-1ecf-488f-a14c-812b649ddfad): appendEntries Timeout, request=edbdd45e-116e-45c7-951f-264ab28d364f->6997f81c-1ecf-488f-a14c-812b649ddfad#42-t2, previous=(t:2, i:1), leaderCommit=0, initializing? false, entries: <empty>
2019-08-29 11:55:00,346 [grpc-default-executor-4] INFO  client.GrpcClientProtocolClient (GrpcClientProtocolClient.java:onNext(255)) - client-98CDBA4AB153->6997f81c-1ecf-488f-a14c-812b649ddfad: receive RaftClientReply:client-98CDBA4AB153->6997f81c-1ecf-488f-a14c-812b649ddfad@group-FEC9ABEF0498, cid=98, FAILED org.apache.ratis.protocol.NotLeaderException: Server 6997f81c-1ecf-488f-a14c-812b649ddfad is not the leader (edbdd45e-116e-45c7-951f-264ab28d364f:192.168.5.171:42495). Request must be sent to leader., logIndex=0, commits[6997f81c-1ecf-488f-a14c-812b649ddfad:c0, 97e3324b-235f-4ceb-956e-993ee2fe234c:c0, edbdd45e-116e-45c7-951f-264ab28d364f:c0]
2019-08-29 11:55:00,385 | INFO  | SCMAudit | user=jenkins1000 | ip=192.168.5.171 | op=SEND_HEARTBEAT {datanodeUUID=3442b9cb-a0d9-4a64-bd62-61dec9190efe, command=[]} | ret=SUCCESS |  
2019-08-29 11:55:00,829 [java.util.concurrent.ThreadPoolExecutor$Worker@2351d1e1[State = -1, empty queue]] WARN  server.GrpcLogAppender (GrpcLogAppender.java:timeoutAppendRequest(200)) - GrpcLogAppender(edbdd45e-116e-45c7-951f-264ab28d364f->97e3324b-235f-4ceb-956e-993ee2fe234c): appendEntries Timeout, request=edbdd45e-116e-45c7-951f-264ab28d364f->97e3324b-235f-4ceb-956e-993ee2fe234c#43-t2, previous=(t:2, i:1), leaderCommit=0, initializing? false, entries: <empty>
2019-08-29 11:55:00,829 [java.util.concurrent.ThreadPoolExecutor$Worker@52380d3[State = -1, empty queue]] WARN  server.GrpcLogAppender (GrpcLogAppender.java:timeoutAppendRequest(200)) - GrpcLogAppender(edbdd45e-116e-45c7-951f-264ab28d364f->6997f81c-1ecf-488f-a14c-812b649ddfad): appendEntries Timeout, request=edbdd45e-116e-45c7-951f-264ab28d364f->6997f81c-1ecf-488f-a14c-812b649ddfad#43-t2, previous=(t:2, i:1), leaderCommit=0, initializing? false, entries: <empty>
2019-08-29 11:55:00,851 | INFO  | SCMAudit | user=jenkins1000 | ip=192.168.5.171 | op=SEND_HEARTBEAT {datanodeUUID=21c7cf7b-6251-48a4-bdb1-01914484bde5, command=[]} | ret=SUCCESS |  
2019-08-29 11:55:00,920 | INFO  | SCMAudit | user=jenkins1000 | ip=192.168.5.171 | op=SEND_HEARTBEAT {datanodeUUID=79404ccb-3783-4150-88ba-2fea440d7696, command=[]} | ret=SUCCESS |  
2019-08-29 11:55:00,926 | INFO  | SCMAudit | user=jenkins1000 | ip=192.168.5.171 | op=SEND_HEARTBEAT {datanodeUUID=368ac840-1874-400c-9a5e-97ce3a83695d, command=[]} | ret=SUCCESS |  
2019-08-29 11:55:01,050 | INFO  | SCMAudit | user=jenkins1000 | ip=192.168.5.171 | op=SEND_HEARTBEAT {datanodeUUID=edbdd45e-116e-45c7-951f-264ab28d364f, command=[]} | ret=SUCCESS |  
2019-08-29 11:55:01,189 | INFO  | SCMAudit | user=jenkins1000 | ip=192.168.5.171 | op=SEND_HEARTBEAT {datanodeUUID=822b3223-74a0-44c8-ae72-b72e27a17b65, command=[]} | ret=SUCCESS |  
2019-08-29 11:55:01,246 | INFO  | SCMAudit | user=jenkins1000 | ip=192.168.5.171 | op=SEND_HEARTBEAT {datanodeUUID=97e3324b-235f-4ceb-956e-993ee2fe234c, command=[]} | ret=SUCCESS |  
2019-08-29 11:55:01,315 | INFO  | SCMAudit | user=jenkins1000 | ip=192.168.5.171 | op=SEND_HEARTBEAT {datanodeUUID=6997f81c-1ecf-488f-a14c-812b649ddfad, command=[]} | ret=SUCCESS |  
2019-08-29 11:55:01,329 [java.util.concurrent.ThreadPoolExecutor$Worker@2351d1e1[State = -1, empty queue]] WARN  server.GrpcLogAppender (GrpcLogAppender.java:timeoutAppendRequest(200)) - GrpcLogAppender(edbdd45e-116e-45c7-951f-264ab28d364f->97e3324b-235f-4ceb-956e-993ee2fe234c): appendEntries Timeout, request=edbdd45e-116e-45c7-951f-264ab28d364f->97e3324b-235f-4ceb-956e-993ee2fe234c#44-t2, previous=(t:2, i:1), leaderCommit=0, initializing? false, entries: <empty>
2019-08-29 11:55:01,329 [java.util.concurrent.ThreadPoolExecutor$Worker@52380d3[State = -1, empty queue]] WARN  server.GrpcLogAppender (GrpcLogAppender.java:timeoutAppendRequest(200)) - GrpcLogAppender(edbdd45e-116e-45c7-951f-264ab28d364f->6997f81c-1ecf-488f-a14c-812b649ddfad): appendEntries Timeout, request=edbdd45e-116e-45c7-951f-264ab28d364f->6997f81c-1ecf-488f-a14c-812b649ddfad#44-t2, previous=(t:2, i:1), leaderCommit=0, initializing? false, entries: <empty>
2019-08-29 11:55:01,386 | INFO  | SCMAudit | user=jenkins1000 | ip=192.168.5.171 | op=SEND_HEARTBEAT {datanodeUUID=3442b9cb-a0d9-4a64-bd62-61dec9190efe, command=[]} | ret=SUCCESS |  
2019-08-29 11:55:01,830 [java.util.concurrent.ThreadPoolExecutor$Worker@2351d1e1[State = -1, empty queue]] WARN  server.GrpcLogAppender (GrpcLogAppender.java:timeoutAppendRequest(200)) - GrpcLogAppender(edbdd45e-116e-45c7-951f-264ab28d364f->97e3324b-235f-4ceb-956e-993ee2fe234c): appendEntries Timeout, request=edbdd45e-116e-45c7-951f-264ab28d364f->97e3324b-235f-4ceb-956e-993ee2fe234c#45-t2, previous=(t:2, i:1), leaderCommit=0, initializing? false, entries: <empty>
2019-08-29 11:55:01,830 [java.util.concurrent.ThreadPoolExecutor$Worker@52380d3[State = -1, empty queue]] WARN  server.GrpcLogAppender (GrpcLogAppender.java:timeoutAppendRequest(200)) - GrpcLogAppender(edbdd45e-116e-45c7-951f-264ab28d364f->6997f81c-1ecf-488f-a14c-812b649ddfad): appendEntries Timeout, request=edbdd45e-116e-45c7-951f-264ab28d364f->6997f81c-1ecf-488f-a14c-812b649ddfad#45-t2, previous=(t:2, i:1), leaderCommit=0, initializing? false, entries: <empty>
2019-08-29 11:55:01,852 | INFO  | SCMAudit | user=jenkins1000 | ip=192.168.5.171 | op=SEND_HEARTBEAT {datanodeUUID=21c7cf7b-6251-48a4-bdb1-01914484bde5, command=[]} | ret=SUCCESS |  
2019-08-29 11:55:01,920 | INFO  | SCMAudit | user=jenkins1000 | ip=192.168.5.171 | op=SEND_HEARTBEAT {datanodeUUID=79404ccb-3783-4150-88ba-2fea440d7696, command=[]} | ret=SUCCESS |  
2019-08-29 11:55:01,926 | INFO  | SCMAudit | user=jenkins1000 | ip=192.168.5.171 | op=SEND_HEARTBEAT {datanodeUUID=368ac840-1874-400c-9a5e-97ce3a83695d, command=[]} | ret=SUCCESS |  
2019-08-29 11:55:02,050 | INFO  | SCMAudit | user=jenkins1000 | ip=192.168.5.171 | op=SEND_HEARTBEAT {datanodeUUID=edbdd45e-116e-45c7-951f-264ab28d364f, command=[]} | ret=SUCCESS |  
2019-08-29 11:55:02,189 | INFO  | SCMAudit | user=jenkins1000 | ip=192.168.5.171 | op=SEND_HEARTBEAT {datanodeUUID=822b3223-74a0-44c8-ae72-b72e27a17b65, command=[]} | ret=SUCCESS |  
2019-08-29 11:55:02,246 | INFO  | SCMAudit | user=jenkins1000 | ip=192.168.5.171 | op=SEND_HEARTBEAT {datanodeUUID=97e3324b-235f-4ceb-956e-993ee2fe234c, command=[]} | ret=SUCCESS |  
2019-08-29 11:55:02,315 | INFO  | SCMAudit | user=jenkins1000 | ip=192.168.5.171 | op=SEND_HEARTBEAT {datanodeUUID=6997f81c-1ecf-488f-a14c-812b649ddfad, command=[]} | ret=SUCCESS |  
2019-08-29 11:55:02,330 [java.util.concurrent.ThreadPoolExecutor$Worker@2351d1e1[State = -1, empty queue]] WARN  server.GrpcLogAppender (GrpcLogAppender.java:timeoutAppendRequest(200)) - GrpcLogAppender(edbdd45e-116e-45c7-951f-264ab28d364f->97e3324b-235f-4ceb-956e-993ee2fe234c): appendEntries Timeout, request=edbdd45e-116e-45c7-951f-264ab28d364f->97e3324b-235f-4ceb-956e-993ee2fe234c#46-t2, previous=(t:2, i:1), leaderCommit=0, initializing? false, entries: <empty>
2019-08-29 11:55:02,330 [java.util.concurrent.ThreadPoolExecutor$Worker@52380d3[State = -1, empty queue]] WARN  server.GrpcLogAppender (GrpcLogAppender.java:timeoutAppendRequest(200)) - GrpcLogAppender(edbdd45e-116e-45c7-951f-264ab28d364f->6997f81c-1ecf-488f-a14c-812b649ddfad): appendEntries Timeout, request=edbdd45e-116e-45c7-951f-264ab28d364f->6997f81c-1ecf-488f-a14c-812b649ddfad#46-t2, previous=(t:2, i:1), leaderCommit=0, initializing? false, entries: <empty>
2019-08-29 11:55:02,386 | INFO  | SCMAudit | user=jenkins1000 | ip=192.168.5.171 | op=SEND_HEARTBEAT {datanodeUUID=3442b9cb-a0d9-4a64-bd62-61dec9190efe, command=[]} | ret=SUCCESS |  
2019-08-29 11:55:02,830 [java.util.concurrent.ThreadPoolExecutor$Worker@2351d1e1[State = -1, empty queue]] WARN  server.GrpcLogAppender (GrpcLogAppender.java:timeoutAppendRequest(200)) - GrpcLogAppender(edbdd45e-116e-45c7-951f-264ab28d364f->97e3324b-235f-4ceb-956e-993ee2fe234c): appendEntries Timeout, request=edbdd45e-116e-45c7-951f-264ab28d364f->97e3324b-235f-4ceb-956e-993ee2fe234c#47-t2, previous=(t:2, i:1), leaderCommit=0, initializing? false, entries: <empty>
2019-08-29 11:55:02,830 [java.util.concurrent.ThreadPoolExecutor$Worker@52380d3[State = -1, empty queue]] WARN  server.GrpcLogAppender (GrpcLogAppender.java:timeoutAppendRequest(200)) - GrpcLogAppender(edbdd45e-116e-45c7-951f-264ab28d364f->6997f81c-1ecf-488f-a14c-812b649ddfad): appendEntries Timeout, request=edbdd45e-116e-45c7-951f-264ab28d364f->6997f81c-1ecf-488f-a14c-812b649ddfad#47-t2, previous=(t:2, i:1), leaderCommit=0, initializing? false, entries: <empty>
2019-08-29 11:55:02,852 | INFO  | SCMAudit | user=jenkins1000 | ip=192.168.5.171 | op=SEND_HEARTBEAT {datanodeUUID=21c7cf7b-6251-48a4-bdb1-01914484bde5, command=[]} | ret=SUCCESS |  
2019-08-29 11:55:02,920 | INFO  | SCMAudit | user=jenkins1000 | ip=192.168.5.171 | op=SEND_HEARTBEAT {datanodeUUID=79404ccb-3783-4150-88ba-2fea440d7696, command=[]} | ret=SUCCESS |  
2019-08-29 11:55:02,926 | INFO  | SCMAudit | user=jenkins1000 | ip=192.168.5.171 | op=SEND_HEARTBEAT {datanodeUUID=368ac840-1874-400c-9a5e-97ce3a83695d, command=[]} | ret=SUCCESS |  
2019-08-29 11:55:03,051 | INFO  | SCMAudit | user=jenkins1000 | ip=192.168.5.171 | op=SEND_HEARTBEAT {datanodeUUID=edbdd45e-116e-45c7-951f-264ab28d364f, command=[]} | ret=SUCCESS |  
2019-08-29 11:55:03,189 | INFO  | SCMAudit | user=jenkins1000 | ip=192.168.5.171 | op=SEND_HEARTBEAT {datanodeUUID=822b3223-74a0-44c8-ae72-b72e27a17b65, command=[]} | ret=SUCCESS |  
2019-08-29 11:55:03,246 | INFO  | SCMAudit | user=jenkins1000 | ip=192.168.5.171 | op=SEND_HEARTBEAT {datanodeUUID=97e3324b-235f-4ceb-956e-993ee2fe234c, command=[]} | ret=SUCCESS |  
2019-08-29 11:55:03,315 | INFO  | SCMAudit | user=jenkins1000 | ip=192.168.5.171 | op=SEND_HEARTBEAT {datanodeUUID=6997f81c-1ecf-488f-a14c-812b649ddfad, command=[]} | ret=SUCCESS |  
2019-08-29 11:55:03,330 [java.util.concurrent.ThreadPoolExecutor$Worker@52380d3[State = -1, empty queue]] WARN  server.GrpcLogAppender (GrpcLogAppender.java:timeoutAppendRequest(200)) - GrpcLogAppender(edbdd45e-116e-45c7-951f-264ab28d364f->6997f81c-1ecf-488f-a14c-812b649ddfad): appendEntries Timeout, request=edbdd45e-116e-45c7-951f-264ab28d364f->6997f81c-1ecf-488f-a14c-812b649ddfad#48-t2, previous=(t:2, i:1), leaderCommit=0, initializing? false, entries: <empty>
2019-08-29 11:55:03,330 [java.util.concurrent.ThreadPoolExecutor$Worker@2351d1e1[State = -1, empty queue]] WARN  server.GrpcLogAppender (GrpcLogAppender.java:timeoutAppendRequest(200)) - GrpcLogAppender(edbdd45e-116e-45c7-951f-264ab28d364f->97e3324b-235f-4ceb-956e-993ee2fe234c): appendEntries Timeout, request=edbdd45e-116e-45c7-951f-264ab28d364f->97e3324b-235f-4ceb-956e-993ee2fe234c#48-t2, previous=(t:2, i:1), leaderCommit=0, initializing? false, entries: <empty>
2019-08-29 11:55:03,386 | INFO  | SCMAudit | user=jenkins1000 | ip=192.168.5.171 | op=SEND_HEARTBEAT {datanodeUUID=3442b9cb-a0d9-4a64-bd62-61dec9190efe, command=[]} | ret=SUCCESS |  
2019-08-29 11:55:03,438 [79404ccb-3783-4150-88ba-2fea440d7696:group-A8FA0292109A:LeaderElection137] INFO  impl.LeaderElection (LeaderElection.java:askForVotes(181)) - 79404ccb-3783-4150-88ba-2fea440d7696:group-A8FA0292109A:LeaderElection137: begin an election at term 5 for 0: [0927c2fb-bc54-48d8-8b4a-6f0f550fa3d8:192.168.5.171:45391, 79404ccb-3783-4150-88ba-2fea440d7696:192.168.5.171:38238, 0237fb14-0601-4188-bfaa-710869c5af5c:192.168.5.171:34413], old=null
2019-08-29 11:55:03,440 [79404ccb-3783-4150-88ba-2fea440d7696:group-A8FA0292109A:LeaderElection137] INFO  impl.LeaderElection (LogUtils.java:infoOrTrace(149)) - 79404ccb-3783-4150-88ba-2fea440d7696:group-A8FA0292109A:LeaderElection137 got exception when requesting votes: {}
java.util.concurrent.ExecutionException: org.apache.ratis.thirdparty.io.grpc.StatusRuntimeException: UNAVAILABLE: io exception
	at java.util.concurrent.FutureTask.report(FutureTask.java:122)
	at java.util.concurrent.FutureTask.get(FutureTask.java:192)
	at org.apache.ratis.server.impl.LeaderElection.waitForResults(LeaderElection.java:262)
	at org.apache.ratis.server.impl.LeaderElection.askForVotes(LeaderElection.java:200)
	at org.apache.ratis.server.impl.LeaderElection.run(LeaderElection.java:130)
	at java.lang.Thread.run(Thread.java:748)
Caused by: org.apache.ratis.thirdparty.io.grpc.StatusRuntimeException: UNAVAILABLE: io exception
	at org.apache.ratis.thirdparty.io.grpc.stub.ClientCalls.toStatusRuntimeException(ClientCalls.java:233)
	at org.apache.ratis.thirdparty.io.grpc.stub.ClientCalls.getUnchecked(ClientCalls.java:214)
	at org.apache.ratis.thirdparty.io.grpc.stub.ClientCalls.blockingUnaryCall(ClientCalls.java:139)
	at org.apache.ratis.proto.grpc.RaftServerProtocolServiceGrpc$RaftServerProtocolServiceBlockingStub.requestVote(RaftServerProtocolServiceGrpc.java:265)
	at org.apache.ratis.grpc.server.GrpcServerProtocolClient.requestVote(GrpcServerProtocolClient.java:83)
	at org.apache.ratis.grpc.server.GrpcService.requestVote(GrpcService.java:195)
	at org.apache.ratis.server.impl.LeaderElection.lambda$submitRequests$1(LeaderElection.java:237)
	at java.util.concurrent.FutureTask.run(FutureTask.java:266)
	at java.util.concurrent.Executors$RunnableAdapter.call(Executors.java:511)
	at java.util.concurrent.FutureTask.run(FutureTask.java:266)
	at java.util.concurrent.ThreadPoolExecutor.runWorker(ThreadPoolExecutor.java:1149)
	at java.util.concurrent.ThreadPoolExecutor$Worker.run(ThreadPoolExecutor.java:624)
	... 1 more
Caused by: org.apache.ratis.thirdparty.io.netty.channel.AbstractChannel$AnnotatedConnectException: Connection refused: /192.168.5.171:45391
	at sun.nio.ch.SocketChannelImpl.checkConnect(Native Method)
	at sun.nio.ch.SocketChannelImpl.finishConnect(SocketChannelImpl.java:717)
	at org.apache.ratis.thirdparty.io.netty.channel.socket.nio.NioSocketChannel.doFinishConnect(NioSocketChannel.java:327)
	at org.apache.ratis.thirdparty.io.netty.channel.nio.AbstractNioChannel$AbstractNioUnsafe.finishConnect(AbstractNioChannel.java:340)
	at org.apache.ratis.thirdparty.io.netty.channel.nio.NioEventLoop.processSelectedKey(NioEventLoop.java:632)
	at org.apache.ratis.thirdparty.io.netty.channel.nio.NioEventLoop.processSelectedKeysOptimized(NioEventLoop.java:579)
	at org.apache.ratis.thirdparty.io.netty.channel.nio.NioEventLoop.processSelectedKeys(NioEventLoop.java:496)
	at org.apache.ratis.thirdparty.io.netty.channel.nio.NioEventLoop.run(NioEventLoop.java:458)
	at org.apache.ratis.thirdparty.io.netty.util.concurrent.SingleThreadEventExecutor$5.run(SingleThreadEventExecutor.java:897)
	at org.apache.ratis.thirdparty.io.netty.util.concurrent.FastThreadLocalRunnable.run(FastThreadLocalRunnable.java:30)
	... 1 more
Caused by: java.net.ConnectException: Connection refused
	... 11 more
2019-08-29 11:55:03,440 [79404ccb-3783-4150-88ba-2fea440d7696:group-A8FA0292109A:LeaderElection137] INFO  impl.LeaderElection (LogUtils.java:infoOrTrace(149)) - 79404ccb-3783-4150-88ba-2fea440d7696:group-A8FA0292109A:LeaderElection137 got exception when requesting votes: {}
java.util.concurrent.ExecutionException: org.apache.ratis.thirdparty.io.grpc.StatusRuntimeException: UNAVAILABLE: io exception
	at java.util.concurrent.FutureTask.report(FutureTask.java:122)
	at java.util.concurrent.FutureTask.get(FutureTask.java:192)
	at org.apache.ratis.server.impl.LeaderElection.waitForResults(LeaderElection.java:262)
	at org.apache.ratis.server.impl.LeaderElection.askForVotes(LeaderElection.java:200)
	at org.apache.ratis.server.impl.LeaderElection.run(LeaderElection.java:130)
	at java.lang.Thread.run(Thread.java:748)
Caused by: org.apache.ratis.thirdparty.io.grpc.StatusRuntimeException: UNAVAILABLE: io exception
	at org.apache.ratis.thirdparty.io.grpc.stub.ClientCalls.toStatusRuntimeException(ClientCalls.java:233)
	at org.apache.ratis.thirdparty.io.grpc.stub.ClientCalls.getUnchecked(ClientCalls.java:214)
	at org.apache.ratis.thirdparty.io.grpc.stub.ClientCalls.blockingUnaryCall(ClientCalls.java:139)
	at org.apache.ratis.proto.grpc.RaftServerProtocolServiceGrpc$RaftServerProtocolServiceBlockingStub.requestVote(RaftServerProtocolServiceGrpc.java:265)
	at org.apache.ratis.grpc.server.GrpcServerProtocolClient.requestVote(GrpcServerProtocolClient.java:83)
	at org.apache.ratis.grpc.server.GrpcService.requestVote(GrpcService.java:195)
	at org.apache.ratis.server.impl.LeaderElection.lambda$submitRequests$1(LeaderElection.java:237)
	at java.util.concurrent.FutureTask.run(FutureTask.java:266)
	at java.util.concurrent.Executors$RunnableAdapter.call(Executors.java:511)
	at java.util.concurrent.FutureTask.run(FutureTask.java:266)
	at java.util.concurrent.ThreadPoolExecutor.runWorker(ThreadPoolExecutor.java:1149)
	at java.util.concurrent.ThreadPoolExecutor$Worker.run(ThreadPoolExecutor.java:624)
	... 1 more
Caused by: org.apache.ratis.thirdparty.io.netty.channel.AbstractChannel$AnnotatedConnectException: Connection refused: /192.168.5.171:34413
	at sun.nio.ch.SocketChannelImpl.checkConnect(Native Method)
	at sun.nio.ch.SocketChannelImpl.finishConnect(SocketChannelImpl.java:717)
	at org.apache.ratis.thirdparty.io.netty.channel.socket.nio.NioSocketChannel.doFinishConnect(NioSocketChannel.java:327)
	at org.apache.ratis.thirdparty.io.netty.channel.nio.AbstractNioChannel$AbstractNioUnsafe.finishConnect(AbstractNioChannel.java:340)
	at org.apache.ratis.thirdparty.io.netty.channel.nio.NioEventLoop.processSelectedKey(NioEventLoop.java:632)
	at org.apache.ratis.thirdparty.io.netty.channel.nio.NioEventLoop.processSelectedKeysOptimized(NioEventLoop.java:579)
	at org.apache.ratis.thirdparty.io.netty.channel.nio.NioEventLoop.processSelectedKeys(NioEventLoop.java:496)
	at org.apache.ratis.thirdparty.io.netty.channel.nio.NioEventLoop.run(NioEventLoop.java:458)
	at org.apache.ratis.thirdparty.io.netty.util.concurrent.SingleThreadEventExecutor$5.run(SingleThreadEventExecutor.java:897)
	at org.apache.ratis.thirdparty.io.netty.util.concurrent.FastThreadLocalRunnable.run(FastThreadLocalRunnable.java:30)
	... 1 more
Caused by: java.net.ConnectException: Connection refused
	... 11 more
2019-08-29 11:55:03,441 [79404ccb-3783-4150-88ba-2fea440d7696:group-A8FA0292109A:LeaderElection137] INFO  impl.LeaderElection (LeaderElection.java:logAndReturn(56)) - 79404ccb-3783-4150-88ba-2fea440d7696:group-A8FA0292109A:LeaderElection137: Election REJECTED; received 0 response(s) [] and 2 exception(s); 79404ccb-3783-4150-88ba-2fea440d7696:t5, leader=null, voted=79404ccb-3783-4150-88ba-2fea440d7696, raftlog=79404ccb-3783-4150-88ba-2fea440d7696-SegmentedRaftLog:OPENED:c4,f4,i4, conf=0: [0927c2fb-bc54-48d8-8b4a-6f0f550fa3d8:192.168.5.171:45391, 79404ccb-3783-4150-88ba-2fea440d7696:192.168.5.171:38238, 0237fb14-0601-4188-bfaa-710869c5af5c:192.168.5.171:34413], old=null
2019-08-29 11:55:03,441 [79404ccb-3783-4150-88ba-2fea440d7696:group-A8FA0292109A:LeaderElection137] INFO  impl.LeaderElection (LogUtils.java:infoOrTrace(149)) -   Exception 0: {}
java.util.concurrent.ExecutionException: org.apache.ratis.thirdparty.io.grpc.StatusRuntimeException: UNAVAILABLE: io exception
	at java.util.concurrent.FutureTask.report(FutureTask.java:122)
	at java.util.concurrent.FutureTask.get(FutureTask.java:192)
	at org.apache.ratis.server.impl.LeaderElection.waitForResults(LeaderElection.java:262)
	at org.apache.ratis.server.impl.LeaderElection.askForVotes(LeaderElection.java:200)
	at org.apache.ratis.server.impl.LeaderElection.run(LeaderElection.java:130)
	at java.lang.Thread.run(Thread.java:748)
Caused by: org.apache.ratis.thirdparty.io.grpc.StatusRuntimeException: UNAVAILABLE: io exception
	at org.apache.ratis.thirdparty.io.grpc.stub.ClientCalls.toStatusRuntimeException(ClientCalls.java:233)
	at org.apache.ratis.thirdparty.io.grpc.stub.ClientCalls.getUnchecked(ClientCalls.java:214)
	at org.apache.ratis.thirdparty.io.grpc.stub.ClientCalls.blockingUnaryCall(ClientCalls.java:139)
	at org.apache.ratis.proto.grpc.RaftServerProtocolServiceGrpc$RaftServerProtocolServiceBlockingStub.requestVote(RaftServerProtocolServiceGrpc.java:265)
	at org.apache.ratis.grpc.server.GrpcServerProtocolClient.requestVote(GrpcServerProtocolClient.java:83)
	at org.apache.ratis.grpc.server.GrpcService.requestVote(GrpcService.java:195)
	at org.apache.ratis.server.impl.LeaderElection.lambda$submitRequests$1(LeaderElection.java:237)
	at java.util.concurrent.FutureTask.run(FutureTask.java:266)
	at java.util.concurrent.Executors$RunnableAdapter.call(Executors.java:511)
	at java.util.concurrent.FutureTask.run(FutureTask.java:266)
	at java.util.concurrent.ThreadPoolExecutor.runWorker(ThreadPoolExecutor.java:1149)
	at java.util.concurrent.ThreadPoolExecutor$Worker.run(ThreadPoolExecutor.java:624)
	... 1 more
Caused by: org.apache.ratis.thirdparty.io.netty.channel.AbstractChannel$AnnotatedConnectException: Connection refused: /192.168.5.171:45391
	at sun.nio.ch.SocketChannelImpl.checkConnect(Native Method)
	at sun.nio.ch.SocketChannelImpl.finishConnect(SocketChannelImpl.java:717)
	at org.apache.ratis.thirdparty.io.netty.channel.socket.nio.NioSocketChannel.doFinishConnect(NioSocketChannel.java:327)
	at org.apache.ratis.thirdparty.io.netty.channel.nio.AbstractNioChannel$AbstractNioUnsafe.finishConnect(AbstractNioChannel.java:340)
	at org.apache.ratis.thirdparty.io.netty.channel.nio.NioEventLoop.processSelectedKey(NioEventLoop.java:632)
	at org.apache.ratis.thirdparty.io.netty.channel.nio.NioEventLoop.processSelectedKeysOptimized(NioEventLoop.java:579)
	at org.apache.ratis.thirdparty.io.netty.channel.nio.NioEventLoop.processSelectedKeys(NioEventLoop.java:496)
	at org.apache.ratis.thirdparty.io.netty.channel.nio.NioEventLoop.run(NioEventLoop.java:458)
	at org.apache.ratis.thirdparty.io.netty.util.concurrent.SingleThreadEventExecutor$5.run(SingleThreadEventExecutor.java:897)
	at org.apache.ratis.thirdparty.io.netty.util.concurrent.FastThreadLocalRunnable.run(FastThreadLocalRunnable.java:30)
	... 1 more
Caused by: java.net.ConnectException: Connection refused
	... 11 more
2019-08-29 11:55:03,442 [79404ccb-3783-4150-88ba-2fea440d7696:group-A8FA0292109A:LeaderElection137] INFO  impl.LeaderElection (LogUtils.java:infoOrTrace(149)) -   Exception 1: {}
java.util.concurrent.ExecutionException: org.apache.ratis.thirdparty.io.grpc.StatusRuntimeException: UNAVAILABLE: io exception
	at java.util.concurrent.FutureTask.report(FutureTask.java:122)
	at java.util.concurrent.FutureTask.get(FutureTask.java:192)
	at org.apache.ratis.server.impl.LeaderElection.waitForResults(LeaderElection.java:262)
	at org.apache.ratis.server.impl.LeaderElection.askForVotes(LeaderElection.java:200)
	at org.apache.ratis.server.impl.LeaderElection.run(LeaderElection.java:130)
	at java.lang.Thread.run(Thread.java:748)
Caused by: org.apache.ratis.thirdparty.io.grpc.StatusRuntimeException: UNAVAILABLE: io exception
	at org.apache.ratis.thirdparty.io.grpc.stub.ClientCalls.toStatusRuntimeException(ClientCalls.java:233)
	at org.apache.ratis.thirdparty.io.grpc.stub.ClientCalls.getUnchecked(ClientCalls.java:214)
	at org.apache.ratis.thirdparty.io.grpc.stub.ClientCalls.blockingUnaryCall(ClientCalls.java:139)
	at org.apache.ratis.proto.grpc.RaftServerProtocolServiceGrpc$RaftServerProtocolServiceBlockingStub.requestVote(RaftServerProtocolServiceGrpc.java:265)
	at org.apache.ratis.grpc.server.GrpcServerProtocolClient.requestVote(GrpcServerProtocolClient.java:83)
	at org.apache.ratis.grpc.server.GrpcService.requestVote(GrpcService.java:195)
	at org.apache.ratis.server.impl.LeaderElection.lambda$submitRequests$1(LeaderElection.java:237)
	at java.util.concurrent.FutureTask.run(FutureTask.java:266)
	at java.util.concurrent.Executors$RunnableAdapter.call(Executors.java:511)
	at java.util.concurrent.FutureTask.run(FutureTask.java:266)
	at java.util.concurrent.ThreadPoolExecutor.runWorker(ThreadPoolExecutor.java:1149)
	at java.util.concurrent.ThreadPoolExecutor$Worker.run(ThreadPoolExecutor.java:624)
	... 1 more
Caused by: org.apache.ratis.thirdparty.io.netty.channel.AbstractChannel$AnnotatedConnectException: Connection refused: /192.168.5.171:34413
	at sun.nio.ch.SocketChannelImpl.checkConnect(Native Method)
	at sun.nio.ch.SocketChannelImpl.finishConnect(SocketChannelImpl.java:717)
	at org.apache.ratis.thirdparty.io.netty.channel.socket.nio.NioSocketChannel.doFinishConnect(NioSocketChannel.java:327)
	at org.apache.ratis.thirdparty.io.netty.channel.nio.AbstractNioChannel$AbstractNioUnsafe.finishConnect(AbstractNioChannel.java:340)
	at org.apache.ratis.thirdparty.io.netty.channel.nio.NioEventLoop.processSelectedKey(NioEventLoop.java:632)
	at org.apache.ratis.thirdparty.io.netty.channel.nio.NioEventLoop.processSelectedKeysOptimized(NioEventLoop.java:579)
	at org.apache.ratis.thirdparty.io.netty.channel.nio.NioEventLoop.processSelectedKeys(NioEventLoop.java:496)
	at org.apache.ratis.thirdparty.io.netty.channel.nio.NioEventLoop.run(NioEventLoop.java:458)
	at org.apache.ratis.thirdparty.io.netty.util.concurrent.SingleThreadEventExecutor$5.run(SingleThreadEventExecutor.java:897)
	at org.apache.ratis.thirdparty.io.netty.util.concurrent.FastThreadLocalRunnable.run(FastThreadLocalRunnable.java:30)
	... 1 more
Caused by: java.net.ConnectException: Connection refused
	... 11 more
2019-08-29 11:55:03,442 [79404ccb-3783-4150-88ba-2fea440d7696:group-A8FA0292109A:LeaderElection137] INFO  impl.RaftServerImpl (RaftServerImpl.java:setRole(171)) - 79404ccb-3783-4150-88ba-2fea440d7696:group-A8FA0292109A changes role from CANDIDATE to FOLLOWER at term 5 for DISCOVERED_A_NEW_TERM
2019-08-29 11:55:03,442 [79404ccb-3783-4150-88ba-2fea440d7696:group-A8FA0292109A:LeaderElection137] INFO  impl.RoleInfo (RoleInfo.java:shutdownLeaderElection(134)) - 79404ccb-3783-4150-88ba-2fea440d7696: shutdown LeaderElection
2019-08-29 11:55:03,442 [79404ccb-3783-4150-88ba-2fea440d7696:group-A8FA0292109A:LeaderElection137] INFO  impl.RoleInfo (RoleInfo.java:updateAndGet(143)) - 79404ccb-3783-4150-88ba-2fea440d7696: start FollowerState
2019-08-29 11:55:03,831 [java.util.concurrent.ThreadPoolExecutor$Worker@2351d1e1[State = -1, empty queue]] WARN  server.GrpcLogAppender (GrpcLogAppender.java:timeoutAppendRequest(200)) - GrpcLogAppender(edbdd45e-116e-45c7-951f-264ab28d364f->97e3324b-235f-4ceb-956e-993ee2fe234c): appendEntries Timeout, request=edbdd45e-116e-45c7-951f-264ab28d364f->97e3324b-235f-4ceb-956e-993ee2fe234c#49-t2, previous=(t:2, i:1), leaderCommit=0, initializing? false, entries: <empty>
2019-08-29 11:55:03,831 [java.util.concurrent.ThreadPoolExecutor$Worker@52380d3[State = -1, empty queue]] WARN  server.GrpcLogAppender (GrpcLogAppender.java:timeoutAppendRequest(200)) - GrpcLogAppender(edbdd45e-116e-45c7-951f-264ab28d364f->6997f81c-1ecf-488f-a14c-812b649ddfad): appendEntries Timeout, request=edbdd45e-116e-45c7-951f-264ab28d364f->6997f81c-1ecf-488f-a14c-812b649ddfad#49-t2, previous=(t:2, i:1), leaderCommit=0, initializing? false, entries: <empty>
2019-08-29 11:55:03,852 | INFO  | SCMAudit | user=jenkins1000 | ip=192.168.5.171 | op=SEND_HEARTBEAT {datanodeUUID=21c7cf7b-6251-48a4-bdb1-01914484bde5, command=[]} | ret=SUCCESS |  
2019-08-29 11:55:03,920 | INFO  | SCMAudit | user=jenkins1000 | ip=192.168.5.171 | op=SEND_HEARTBEAT {datanodeUUID=79404ccb-3783-4150-88ba-2fea440d7696, command=[]} | ret=SUCCESS |  
2019-08-29 11:55:03,926 | INFO  | SCMAudit | user=jenkins1000 | ip=192.168.5.171 | op=SEND_HEARTBEAT {datanodeUUID=368ac840-1874-400c-9a5e-97ce3a83695d, command=[]} | ret=SUCCESS |  
2019-08-29 11:55:04,051 | INFO  | SCMAudit | user=jenkins1000 | ip=192.168.5.171 | op=SEND_HEARTBEAT {datanodeUUID=edbdd45e-116e-45c7-951f-264ab28d364f, command=[]} | ret=SUCCESS |  
2019-08-29 11:55:04,189 | INFO  | SCMAudit | user=jenkins1000 | ip=192.168.5.171 | op=SEND_HEARTBEAT {datanodeUUID=822b3223-74a0-44c8-ae72-b72e27a17b65, command=[]} | ret=SUCCESS |  
2019-08-29 11:55:04,246 | INFO  | SCMAudit | user=jenkins1000 | ip=192.168.5.171 | op=SEND_HEARTBEAT {datanodeUUID=97e3324b-235f-4ceb-956e-993ee2fe234c, command=[]} | ret=SUCCESS |  
2019-08-29 11:55:04,315 | INFO  | SCMAudit | user=jenkins1000 | ip=192.168.5.171 | op=SEND_HEARTBEAT {datanodeUUID=6997f81c-1ecf-488f-a14c-812b649ddfad, command=[]} | ret=SUCCESS |  
2019-08-29 11:55:04,331 [java.util.concurrent.ThreadPoolExecutor$Worker@2351d1e1[State = -1, empty queue]] WARN  server.GrpcLogAppender (GrpcLogAppender.java:timeoutAppendRequest(200)) - GrpcLogAppender(edbdd45e-116e-45c7-951f-264ab28d364f->97e3324b-235f-4ceb-956e-993ee2fe234c): appendEntries Timeout, request=edbdd45e-116e-45c7-951f-264ab28d364f->97e3324b-235f-4ceb-956e-993ee2fe234c#50-t2, previous=(t:2, i:1), leaderCommit=0, initializing? false, entries: <empty>
2019-08-29 11:55:04,331 [java.util.concurrent.ThreadPoolExecutor$Worker@52380d3[State = -1, empty queue]] WARN  server.GrpcLogAppender (GrpcLogAppender.java:timeoutAppendRequest(200)) - GrpcLogAppender(edbdd45e-116e-45c7-951f-264ab28d364f->6997f81c-1ecf-488f-a14c-812b649ddfad): appendEntries Timeout, request=edbdd45e-116e-45c7-951f-264ab28d364f->6997f81c-1ecf-488f-a14c-812b649ddfad#50-t2, previous=(t:2, i:1), leaderCommit=0, initializing? false, entries: <empty>
2019-08-29 11:55:04,386 | INFO  | SCMAudit | user=jenkins1000 | ip=192.168.5.171 | op=SEND_HEARTBEAT {datanodeUUID=3442b9cb-a0d9-4a64-bd62-61dec9190efe, command=[]} | ret=SUCCESS |  
2019-08-29 11:55:04,478 [Thread-3195] INFO  impl.FollowerState (FollowerState.java:run(106)) - 79404ccb-3783-4150-88ba-2fea440d7696:group-A8FA0292109A changes to CANDIDATE, lastRpcTime:1035, electionTimeout:1035ms
2019-08-29 11:55:04,478 [Thread-3195] INFO  impl.RoleInfo (RoleInfo.java:shutdownFollowerState(121)) - 79404ccb-3783-4150-88ba-2fea440d7696: shutdown FollowerState
2019-08-29 11:55:04,479 [Thread-3195] INFO  impl.RaftServerImpl (RaftServerImpl.java:setRole(171)) - 79404ccb-3783-4150-88ba-2fea440d7696:group-A8FA0292109A changes role from FOLLOWER to CANDIDATE at term 5 for changeToCandidate
2019-08-29 11:55:04,479 [Thread-3195] INFO  impl.RoleInfo (RoleInfo.java:updateAndGet(143)) - 79404ccb-3783-4150-88ba-2fea440d7696: start LeaderElection
2019-08-29 11:55:04,831 [java.util.concurrent.ThreadPoolExecutor$Worker@52380d3[State = -1, empty queue]] WARN  server.GrpcLogAppender (GrpcLogAppender.java:timeoutAppendRequest(200)) - GrpcLogAppender(edbdd45e-116e-45c7-951f-264ab28d364f->6997f81c-1ecf-488f-a14c-812b649ddfad): appendEntries Timeout, request=edbdd45e-116e-45c7-951f-264ab28d364f->6997f81c-1ecf-488f-a14c-812b649ddfad#51-t2, previous=(t:2, i:1), leaderCommit=0, initializing? false, entries: <empty>
2019-08-29 11:55:04,831 [java.util.concurrent.ThreadPoolExecutor$Worker@2351d1e1[State = -1, empty queue]] WARN  server.GrpcLogAppender (GrpcLogAppender.java:timeoutAppendRequest(200)) - GrpcLogAppender(edbdd45e-116e-45c7-951f-264ab28d364f->97e3324b-235f-4ceb-956e-993ee2fe234c): appendEntries Timeout, request=edbdd45e-116e-45c7-951f-264ab28d364f->97e3324b-235f-4ceb-956e-993ee2fe234c#51-t2, previous=(t:2, i:1), leaderCommit=0, initializing? false, entries: <empty>
2019-08-29 11:55:04,852 | INFO  | SCMAudit | user=jenkins1000 | ip=192.168.5.171 | op=SEND_HEARTBEAT {datanodeUUID=21c7cf7b-6251-48a4-bdb1-01914484bde5, command=[]} | ret=SUCCESS |  
2019-08-29 11:55:04,920 | INFO  | SCMAudit | user=jenkins1000 | ip=192.168.5.171 | op=SEND_HEARTBEAT {datanodeUUID=79404ccb-3783-4150-88ba-2fea440d7696, command=[]} | ret=SUCCESS |  
2019-08-29 11:55:04,925 | INFO  | SCMAudit | user=jenkins1000 | ip=192.168.5.171 | op=SEND_HEARTBEAT {datanodeUUID=368ac840-1874-400c-9a5e-97ce3a83695d, command=[]} | ret=SUCCESS |  
2019-08-29 11:55:05,051 | INFO  | SCMAudit | user=jenkins1000 | ip=192.168.5.171 | op=SEND_HEARTBEAT {datanodeUUID=edbdd45e-116e-45c7-951f-264ab28d364f, command=[]} | ret=SUCCESS |  
2019-08-29 11:55:05,189 | INFO  | SCMAudit | user=jenkins1000 | ip=192.168.5.171 | op=SEND_HEARTBEAT {datanodeUUID=822b3223-74a0-44c8-ae72-b72e27a17b65, command=[]} | ret=SUCCESS |  
2019-08-29 11:55:05,246 | INFO  | SCMAudit | user=jenkins1000 | ip=192.168.5.171 | op=SEND_HEARTBEAT {datanodeUUID=97e3324b-235f-4ceb-956e-993ee2fe234c, command=[]} | ret=SUCCESS |  
2019-08-29 11:55:05,316 | INFO  | SCMAudit | user=jenkins1000 | ip=192.168.5.171 | op=SEND_HEARTBEAT {datanodeUUID=6997f81c-1ecf-488f-a14c-812b649ddfad, command=[]} | ret=SUCCESS |  
2019-08-29 11:55:05,327 [edbdd45e-116e-45c7-951f-264ab28d364f-SegmentedRaftLogWorker:Storage Directory /workdir/hadoop-ozone/integration-test/target/test-dir/MiniOzoneClusterImpl-16ce5ac2-d92d-4b29-933b-33d00735e97e/datanode-3/data/ratis/cc63ca43-a1dc-4de9-a7b3-fec9abef0498] WARN  segmented.SegmentedRaftLogWorker (SegmentedRaftLogWorker.java:getFromFuture(90)) - Timeout 0/~
org.apache.ratis.protocol.TimeoutIOException: Timeout 10s: WriteLog:1: (t:2, i:1), STATEMACHINELOGENTRY, client-98CDBA4AB153, cid=98-writeStateMachineData
	at org.apache.ratis.util.IOUtils.getFromFuture(IOUtils.java:87)
	at org.apache.ratis.server.raftlog.segmented.SegmentedRaftLogWorker$StateMachineDataPolicy.getFromFuture(SegmentedRaftLogWorker.java:87)
	at org.apache.ratis.server.raftlog.segmented.SegmentedRaftLogWorker$WriteLog.execute(SegmentedRaftLogWorker.java:477)
	at org.apache.ratis.server.raftlog.segmented.SegmentedRaftLogWorker.run(SegmentedRaftLogWorker.java:289)
	at java.lang.Thread.run(Thread.java:748)
Caused by: java.util.concurrent.TimeoutException
	at java.util.concurrent.CompletableFuture.timedGet(CompletableFuture.java:1771)
	at java.util.concurrent.CompletableFuture.get(CompletableFuture.java:1915)
	at org.apache.ratis.util.IOUtils.getFromFuture(IOUtils.java:79)
	... 4 more
2019-08-29 11:55:05,330 [97e3324b-235f-4ceb-956e-993ee2fe234c-SegmentedRaftLogWorker:Storage Directory /workdir/hadoop-ozone/integration-test/target/test-dir/MiniOzoneClusterImpl-16ce5ac2-d92d-4b29-933b-33d00735e97e/datanode-6/data/ratis/cc63ca43-a1dc-4de9-a7b3-fec9abef0498] WARN  segmented.SegmentedRaftLogWorker (SegmentedRaftLogWorker.java:getFromFuture(90)) - Timeout 0/~
org.apache.ratis.protocol.TimeoutIOException: Timeout 10s: WriteLog:1: (t:2, i:1), STATEMACHINELOGENTRY, client-98CDBA4AB153, cid=98-writeStateMachineData
	at org.apache.ratis.util.IOUtils.getFromFuture(IOUtils.java:87)
	at org.apache.ratis.server.raftlog.segmented.SegmentedRaftLogWorker$StateMachineDataPolicy.getFromFuture(SegmentedRaftLogWorker.java:87)
	at org.apache.ratis.server.raftlog.segmented.SegmentedRaftLogWorker$WriteLog.execute(SegmentedRaftLogWorker.java:477)
	at org.apache.ratis.server.raftlog.segmented.SegmentedRaftLogWorker.run(SegmentedRaftLogWorker.java:289)
	at java.lang.Thread.run(Thread.java:748)
Caused by: java.util.concurrent.TimeoutException
	at java.util.concurrent.CompletableFuture.timedGet(CompletableFuture.java:1771)
	at java.util.concurrent.CompletableFuture.get(CompletableFuture.java:1915)
	at org.apache.ratis.util.IOUtils.getFromFuture(IOUtils.java:79)
	... 4 more
2019-08-29 11:55:05,331 [6997f81c-1ecf-488f-a14c-812b649ddfad-SegmentedRaftLogWorker:Storage Directory /workdir/hadoop-ozone/integration-test/target/test-dir/MiniOzoneClusterImpl-16ce5ac2-d92d-4b29-933b-33d00735e97e/datanode-7/data/ratis/cc63ca43-a1dc-4de9-a7b3-fec9abef0498] WARN  segmented.SegmentedRaftLogWorker (SegmentedRaftLogWorker.java:getFromFuture(90)) - Timeout 0/~
org.apache.ratis.protocol.TimeoutIOException: Timeout 10s: WriteLog:1: (t:2, i:1), STATEMACHINELOGENTRY, client-98CDBA4AB153, cid=98-writeStateMachineData
	at org.apache.ratis.util.IOUtils.getFromFuture(IOUtils.java:87)
	at org.apache.ratis.server.raftlog.segmented.SegmentedRaftLogWorker$StateMachineDataPolicy.getFromFuture(SegmentedRaftLogWorker.java:87)
	at org.apache.ratis.server.raftlog.segmented.SegmentedRaftLogWorker$WriteLog.execute(SegmentedRaftLogWorker.java:477)
	at org.apache.ratis.server.raftlog.segmented.SegmentedRaftLogWorker.run(SegmentedRaftLogWorker.java:289)
	at java.lang.Thread.run(Thread.java:748)
Caused by: java.util.concurrent.TimeoutException
	at java.util.concurrent.CompletableFuture.timedGet(CompletableFuture.java:1771)
	at java.util.concurrent.CompletableFuture.get(CompletableFuture.java:1915)
	at org.apache.ratis.util.IOUtils.getFromFuture(IOUtils.java:79)
	... 4 more
2019-08-29 11:55:05,331 [java.util.concurrent.ThreadPoolExecutor$Worker@2351d1e1[State = -1, empty queue]] WARN  server.GrpcLogAppender (GrpcLogAppender.java:timeoutAppendRequest(200)) - GrpcLogAppender(edbdd45e-116e-45c7-951f-264ab28d364f->97e3324b-235f-4ceb-956e-993ee2fe234c): appendEntries Timeout, request=edbdd45e-116e-45c7-951f-264ab28d364f->97e3324b-235f-4ceb-956e-993ee2fe234c#52-t2, previous=(t:2, i:1), leaderCommit=0, initializing? false, entries: <empty>
2019-08-29 11:55:05,331 [java.util.concurrent.ThreadPoolExecutor$Worker@52380d3[State = -1, empty queue]] WARN  server.GrpcLogAppender (GrpcLogAppender.java:timeoutAppendRequest(200)) - GrpcLogAppender(edbdd45e-116e-45c7-951f-264ab28d364f->6997f81c-1ecf-488f-a14c-812b649ddfad): appendEntries Timeout, request=edbdd45e-116e-45c7-951f-264ab28d364f->6997f81c-1ecf-488f-a14c-812b649ddfad#52-t2, previous=(t:2, i:1), leaderCommit=0, initializing? false, entries: <empty>
2019-08-29 11:55:05,374 [grpc-default-executor-4] INFO  client.GrpcClientProtocolClient (GrpcClientProtocolClient.java:onNext(255)) - client-98CDBA4AB153->97e3324b-235f-4ceb-956e-993ee2fe234c: receive RaftClientReply:client-98CDBA4AB153->97e3324b-235f-4ceb-956e-993ee2fe234c@group-FEC9ABEF0498, cid=98, FAILED org.apache.ratis.protocol.NotLeaderException: Server 97e3324b-235f-4ceb-956e-993ee2fe234c is not the leader (edbdd45e-116e-45c7-951f-264ab28d364f:192.168.5.171:42495). Request must be sent to leader., logIndex=0, commits[97e3324b-235f-4ceb-956e-993ee2fe234c:c0, 6997f81c-1ecf-488f-a14c-812b649ddfad:c0, edbdd45e-116e-45c7-951f-264ab28d364f:c0]
2019-08-29 11:55:05,386 | INFO  | SCMAudit | user=jenkins1000 | ip=192.168.5.171 | op=SEND_HEARTBEAT {datanodeUUID=3442b9cb-a0d9-4a64-bd62-61dec9190efe, command=[]} | ret=SUCCESS |  
2019-08-29 11:55:05,832 [java.util.concurrent.ThreadPoolExecutor$Worker@2351d1e1[State = -1, empty queue]] WARN  server.GrpcLogAppender (GrpcLogAppender.java:timeoutAppendRequest(200)) - GrpcLogAppender(edbdd45e-116e-45c7-951f-264ab28d364f->97e3324b-235f-4ceb-956e-993ee2fe234c): appendEntries Timeout, request=edbdd45e-116e-45c7-951f-264ab28d364f->97e3324b-235f-4ceb-956e-993ee2fe234c#53-t2, previous=(t:2, i:1), leaderCommit=0, initializing? false, entries: <empty>
2019-08-29 11:55:05,832 [java.util.concurrent.ThreadPoolExecutor$Worker@52380d3[State = -1, empty queue]] WARN  server.GrpcLogAppender (GrpcLogAppender.java:timeoutAppendRequest(200)) - GrpcLogAppender(edbdd45e-116e-45c7-951f-264ab28d364f->6997f81c-1ecf-488f-a14c-812b649ddfad): appendEntries Timeout, request=edbdd45e-116e-45c7-951f-264ab28d364f->6997f81c-1ecf-488f-a14c-812b649ddfad#53-t2, previous=(t:2, i:1), leaderCommit=0, initializing? false, entries: <empty>
2019-08-29 11:55:05,852 | INFO  | SCMAudit | user=jenkins1000 | ip=192.168.5.171 | op=SEND_HEARTBEAT {datanodeUUID=21c7cf7b-6251-48a4-bdb1-01914484bde5, command=[]} | ret=SUCCESS |  
2019-08-29 11:55:05,920 | INFO  | SCMAudit | user=jenkins1000 | ip=192.168.5.171 | op=SEND_HEARTBEAT {datanodeUUID=79404ccb-3783-4150-88ba-2fea440d7696, command=[]} | ret=SUCCESS |  
2019-08-29 11:55:05,926 | INFO  | SCMAudit | user=jenkins1000 | ip=192.168.5.171 | op=SEND_HEARTBEAT {datanodeUUID=368ac840-1874-400c-9a5e-97ce3a83695d, command=[]} | ret=SUCCESS |  
2019-08-29 11:55:06,051 | INFO  | SCMAudit | user=jenkins1000 | ip=192.168.5.171 | op=SEND_HEARTBEAT {datanodeUUID=edbdd45e-116e-45c7-951f-264ab28d364f, command=[]} | ret=SUCCESS |  
2019-08-29 11:55:06,189 | INFO  | SCMAudit | user=jenkins1000 | ip=192.168.5.171 | op=SEND_HEARTBEAT {datanodeUUID=822b3223-74a0-44c8-ae72-b72e27a17b65, command=[]} | ret=SUCCESS |  
2019-08-29 11:55:06,246 | INFO  | SCMAudit | user=jenkins1000 | ip=192.168.5.171 | op=SEND_HEARTBEAT {datanodeUUID=97e3324b-235f-4ceb-956e-993ee2fe234c, command=[]} | ret=SUCCESS |  
2019-08-29 11:55:06,315 | INFO  | SCMAudit | user=jenkins1000 | ip=192.168.5.171 | op=SEND_HEARTBEAT {datanodeUUID=6997f81c-1ecf-488f-a14c-812b649ddfad, command=[]} | ret=SUCCESS |  
2019-08-29 11:55:06,332 [java.util.concurrent.ThreadPoolExecutor$Worker@2351d1e1[State = -1, empty queue]] WARN  server.GrpcLogAppender (GrpcLogAppender.java:timeoutAppendRequest(200)) - GrpcLogAppender(edbdd45e-116e-45c7-951f-264ab28d364f->97e3324b-235f-4ceb-956e-993ee2fe234c): appendEntries Timeout, request=edbdd45e-116e-45c7-951f-264ab28d364f->97e3324b-235f-4ceb-956e-993ee2fe234c#54-t2, previous=(t:2, i:1), leaderCommit=0, initializing? false, entries: <empty>
2019-08-29 11:55:06,332 [java.util.concurrent.ThreadPoolExecutor$Worker@52380d3[State = -1, empty queue]] WARN  server.GrpcLogAppender (GrpcLogAppender.java:timeoutAppendRequest(200)) - GrpcLogAppender(edbdd45e-116e-45c7-951f-264ab28d364f->6997f81c-1ecf-488f-a14c-812b649ddfad): appendEntries Timeout, request=edbdd45e-116e-45c7-951f-264ab28d364f->6997f81c-1ecf-488f-a14c-812b649ddfad#54-t2, previous=(t:2, i:1), leaderCommit=0, initializing? false, entries: <empty>
2019-08-29 11:55:06,386 | INFO  | SCMAudit | user=jenkins1000 | ip=192.168.5.171 | op=SEND_HEARTBEAT {datanodeUUID=3442b9cb-a0d9-4a64-bd62-61dec9190efe, command=[]} | ret=SUCCESS |  
2019-08-29 11:55:06,832 [java.util.concurrent.ThreadPoolExecutor$Worker@52380d3[State = -1, empty queue]] WARN  server.GrpcLogAppender (GrpcLogAppender.java:timeoutAppendRequest(200)) - GrpcLogAppender(edbdd45e-116e-45c7-951f-264ab28d364f->6997f81c-1ecf-488f-a14c-812b649ddfad): appendEntries Timeout, request=edbdd45e-116e-45c7-951f-264ab28d364f->6997f81c-1ecf-488f-a14c-812b649ddfad#55-t2, previous=(t:2, i:1), leaderCommit=0, initializing? false, entries: <empty>
2019-08-29 11:55:06,832 [java.util.concurrent.ThreadPoolExecutor$Worker@2351d1e1[State = -1, empty queue]] WARN  server.GrpcLogAppender (GrpcLogAppender.java:timeoutAppendRequest(200)) - GrpcLogAppender(edbdd45e-116e-45c7-951f-264ab28d364f->97e3324b-235f-4ceb-956e-993ee2fe234c): appendEntries Timeout, request=edbdd45e-116e-45c7-951f-264ab28d364f->97e3324b-235f-4ceb-956e-993ee2fe234c#55-t2, previous=(t:2, i:1), leaderCommit=0, initializing? false, entries: <empty>
2019-08-29 11:55:06,852 | INFO  | SCMAudit | user=jenkins1000 | ip=192.168.5.171 | op=SEND_HEARTBEAT {datanodeUUID=21c7cf7b-6251-48a4-bdb1-01914484bde5, command=[]} | ret=SUCCESS |  
2019-08-29 11:55:06,920 | INFO  | SCMAudit | user=jenkins1000 | ip=192.168.5.171 | op=SEND_HEARTBEAT {datanodeUUID=79404ccb-3783-4150-88ba-2fea440d7696, command=[]} | ret=SUCCESS |  
2019-08-29 11:55:06,926 | INFO  | SCMAudit | user=jenkins1000 | ip=192.168.5.171 | op=SEND_HEARTBEAT {datanodeUUID=368ac840-1874-400c-9a5e-97ce3a83695d, command=[]} | ret=SUCCESS |  
2019-08-29 11:55:07,051 | INFO  | SCMAudit | user=jenkins1000 | ip=192.168.5.171 | op=SEND_HEARTBEAT {datanodeUUID=edbdd45e-116e-45c7-951f-264ab28d364f, command=[]} | ret=SUCCESS |  
2019-08-29 11:55:07,191 | INFO  | SCMAudit | user=jenkins1000 | ip=192.168.5.171 | op=SEND_HEARTBEAT {datanodeUUID=822b3223-74a0-44c8-ae72-b72e27a17b65, command=[]} | ret=SUCCESS |  
2019-08-29 11:55:07,246 | INFO  | SCMAudit | user=jenkins1000 | ip=192.168.5.171 | op=SEND_HEARTBEAT {datanodeUUID=97e3324b-235f-4ceb-956e-993ee2fe234c, command=[]} | ret=SUCCESS |  
2019-08-29 11:55:07,316 | INFO  | SCMAudit | user=jenkins1000 | ip=192.168.5.171 | op=SEND_HEARTBEAT {datanodeUUID=6997f81c-1ecf-488f-a14c-812b649ddfad, command=[]} | ret=SUCCESS |  
2019-08-29 11:55:07,332 [java.util.concurrent.ThreadPoolExecutor$Worker@52380d3[State = -1, empty queue]] WARN  server.GrpcLogAppender (GrpcLogAppender.java:timeoutAppendRequest(200)) - GrpcLogAppender(edbdd45e-116e-45c7-951f-264ab28d364f->6997f81c-1ecf-488f-a14c-812b649ddfad): appendEntries Timeout, request=edbdd45e-116e-45c7-951f-264ab28d364f->6997f81c-1ecf-488f-a14c-812b649ddfad#56-t2, previous=(t:2, i:1), leaderCommit=0, initializing? false, entries: <empty>
2019-08-29 11:55:07,332 [java.util.concurrent.ThreadPoolExecutor$Worker@2351d1e1[State = -1, empty queue]] WARN  server.GrpcLogAppender (GrpcLogAppender.java:timeoutAppendRequest(200)) - GrpcLogAppender(edbdd45e-116e-45c7-951f-264ab28d364f->97e3324b-235f-4ceb-956e-993ee2fe234c): appendEntries Timeout, request=edbdd45e-116e-45c7-951f-264ab28d364f->97e3324b-235f-4ceb-956e-993ee2fe234c#56-t2, previous=(t:2, i:1), leaderCommit=0, initializing? false, entries: <empty>
2019-08-29 11:55:07,386 | INFO  | SCMAudit | user=jenkins1000 | ip=192.168.5.171 | op=SEND_HEARTBEAT {datanodeUUID=3442b9cb-a0d9-4a64-bd62-61dec9190efe, command=[]} | ret=SUCCESS |  
2019-08-29 11:55:07,832 [java.util.concurrent.ThreadPoolExecutor$Worker@2351d1e1[State = -1, empty queue]] WARN  server.GrpcLogAppender (GrpcLogAppender.java:timeoutAppendRequest(200)) - GrpcLogAppender(edbdd45e-116e-45c7-951f-264ab28d364f->97e3324b-235f-4ceb-956e-993ee2fe234c): appendEntries Timeout, request=edbdd45e-116e-45c7-951f-264ab28d364f->97e3324b-235f-4ceb-956e-993ee2fe234c#57-t2, previous=(t:2, i:1), leaderCommit=0, initializing? false, entries: <empty>
2019-08-29 11:55:07,832 [java.util.concurrent.ThreadPoolExecutor$Worker@52380d3[State = -1, empty queue]] WARN  server.GrpcLogAppender (GrpcLogAppender.java:timeoutAppendRequest(200)) - GrpcLogAppender(edbdd45e-116e-45c7-951f-264ab28d364f->6997f81c-1ecf-488f-a14c-812b649ddfad): appendEntries Timeout, request=edbdd45e-116e-45c7-951f-264ab28d364f->6997f81c-1ecf-488f-a14c-812b649ddfad#57-t2, previous=(t:2, i:1), leaderCommit=0, initializing? false, entries: <empty>
2019-08-29 11:55:07,853 | INFO  | SCMAudit | user=jenkins1000 | ip=192.168.5.171 | op=SEND_HEARTBEAT {datanodeUUID=21c7cf7b-6251-48a4-bdb1-01914484bde5, command=[]} | ret=SUCCESS |  
2019-08-29 11:55:07,920 | INFO  | SCMAudit | user=jenkins1000 | ip=192.168.5.171 | op=SEND_HEARTBEAT {datanodeUUID=79404ccb-3783-4150-88ba-2fea440d7696, command=[]} | ret=SUCCESS |  
2019-08-29 11:55:07,925 | INFO  | SCMAudit | user=jenkins1000 | ip=192.168.5.171 | op=SEND_HEARTBEAT {datanodeUUID=368ac840-1874-400c-9a5e-97ce3a83695d, command=[]} | ret=SUCCESS |  
2019-08-29 11:55:08,051 | INFO  | SCMAudit | user=jenkins1000 | ip=192.168.5.171 | op=SEND_HEARTBEAT {datanodeUUID=edbdd45e-116e-45c7-951f-264ab28d364f, command=[]} | ret=SUCCESS |  
2019-08-29 11:55:08,192 | INFO  | SCMAudit | user=jenkins1000 | ip=192.168.5.171 | op=SEND_HEARTBEAT {datanodeUUID=822b3223-74a0-44c8-ae72-b72e27a17b65, command=[]} | ret=SUCCESS |  
2019-08-29 11:55:08,246 | INFO  | SCMAudit | user=jenkins1000 | ip=192.168.5.171 | op=SEND_HEARTBEAT {datanodeUUID=97e3324b-235f-4ceb-956e-993ee2fe234c, command=[]} | ret=SUCCESS |  
2019-08-29 11:55:08,317 | INFO  | SCMAudit | user=jenkins1000 | ip=192.168.5.171 | op=SEND_HEARTBEAT {datanodeUUID=6997f81c-1ecf-488f-a14c-812b649ddfad, command=[]} | ret=SUCCESS |  
2019-08-29 11:55:08,333 [java.util.concurrent.ThreadPoolExecutor$Worker@2351d1e1[State = -1, empty queue]] WARN  server.GrpcLogAppender (GrpcLogAppender.java:timeoutAppendRequest(200)) - GrpcLogAppender(edbdd45e-116e-45c7-951f-264ab28d364f->97e3324b-235f-4ceb-956e-993ee2fe234c): appendEntries Timeout, request=edbdd45e-116e-45c7-951f-264ab28d364f->97e3324b-235f-4ceb-956e-993ee2fe234c#58-t2, previous=(t:2, i:1), leaderCommit=0, initializing? false, entries: <empty>
2019-08-29 11:55:08,333 [java.util.concurrent.ThreadPoolExecutor$Worker@52380d3[State = -1, empty queue]] WARN  server.GrpcLogAppender (GrpcLogAppender.java:timeoutAppendRequest(200)) - GrpcLogAppender(edbdd45e-116e-45c7-951f-264ab28d364f->6997f81c-1ecf-488f-a14c-812b649ddfad): appendEntries Timeout, request=edbdd45e-116e-45c7-951f-264ab28d364f->6997f81c-1ecf-488f-a14c-812b649ddfad#58-t2, previous=(t:2, i:1), leaderCommit=0, initializing? false, entries: <empty>
2019-08-29 11:55:08,386 | INFO  | SCMAudit | user=jenkins1000 | ip=192.168.5.171 | op=SEND_HEARTBEAT {datanodeUUID=3442b9cb-a0d9-4a64-bd62-61dec9190efe, command=[]} | ret=SUCCESS |  
2019-08-29 11:55:08,548 [79404ccb-3783-4150-88ba-2fea440d7696:group-A8FA0292109A:LeaderElection138] INFO  impl.LeaderElection (LeaderElection.java:askForVotes(181)) - 79404ccb-3783-4150-88ba-2fea440d7696:group-A8FA0292109A:LeaderElection138: begin an election at term 6 for 0: [0927c2fb-bc54-48d8-8b4a-6f0f550fa3d8:192.168.5.171:45391, 79404ccb-3783-4150-88ba-2fea440d7696:192.168.5.171:38238, 0237fb14-0601-4188-bfaa-710869c5af5c:192.168.5.171:34413], old=null
2019-08-29 11:55:08,549 [79404ccb-3783-4150-88ba-2fea440d7696:group-A8FA0292109A:LeaderElection138] INFO  impl.LeaderElection (LogUtils.java:infoOrTrace(149)) - 79404ccb-3783-4150-88ba-2fea440d7696:group-A8FA0292109A:LeaderElection138 got exception when requesting votes: {}
java.util.concurrent.ExecutionException: org.apache.ratis.thirdparty.io.grpc.StatusRuntimeException: UNAVAILABLE: io exception
	at java.util.concurrent.FutureTask.report(FutureTask.java:122)
	at java.util.concurrent.FutureTask.get(FutureTask.java:192)
	at org.apache.ratis.server.impl.LeaderElection.waitForResults(LeaderElection.java:262)
	at org.apache.ratis.server.impl.LeaderElection.askForVotes(LeaderElection.java:200)
	at org.apache.ratis.server.impl.LeaderElection.run(LeaderElection.java:130)
	at java.lang.Thread.run(Thread.java:748)
Caused by: org.apache.ratis.thirdparty.io.grpc.StatusRuntimeException: UNAVAILABLE: io exception
	at org.apache.ratis.thirdparty.io.grpc.stub.ClientCalls.toStatusRuntimeException(ClientCalls.java:233)
	at org.apache.ratis.thirdparty.io.grpc.stub.ClientCalls.getUnchecked(ClientCalls.java:214)
	at org.apache.ratis.thirdparty.io.grpc.stub.ClientCalls.blockingUnaryCall(ClientCalls.java:139)
	at org.apache.ratis.proto.grpc.RaftServerProtocolServiceGrpc$RaftServerProtocolServiceBlockingStub.requestVote(RaftServerProtocolServiceGrpc.java:265)
	at org.apache.ratis.grpc.server.GrpcServerProtocolClient.requestVote(GrpcServerProtocolClient.java:83)
	at org.apache.ratis.grpc.server.GrpcService.requestVote(GrpcService.java:195)
	at org.apache.ratis.server.impl.LeaderElection.lambda$submitRequests$1(LeaderElection.java:237)
	at java.util.concurrent.FutureTask.run(FutureTask.java:266)
	at java.util.concurrent.Executors$RunnableAdapter.call(Executors.java:511)
	at java.util.concurrent.FutureTask.run(FutureTask.java:266)
	at java.util.concurrent.ThreadPoolExecutor.runWorker(ThreadPoolExecutor.java:1149)
	at java.util.concurrent.ThreadPoolExecutor$Worker.run(ThreadPoolExecutor.java:624)
	... 1 more
Caused by: org.apache.ratis.thirdparty.io.netty.channel.AbstractChannel$AnnotatedConnectException: Connection refused: /192.168.5.171:45391
	at sun.nio.ch.SocketChannelImpl.checkConnect(Native Method)
	at sun.nio.ch.SocketChannelImpl.finishConnect(SocketChannelImpl.java:717)
	at org.apache.ratis.thirdparty.io.netty.channel.socket.nio.NioSocketChannel.doFinishConnect(NioSocketChannel.java:327)
	at org.apache.ratis.thirdparty.io.netty.channel.nio.AbstractNioChannel$AbstractNioUnsafe.finishConnect(AbstractNioChannel.java:340)
	at org.apache.ratis.thirdparty.io.netty.channel.nio.NioEventLoop.processSelectedKey(NioEventLoop.java:632)
	at org.apache.ratis.thirdparty.io.netty.channel.nio.NioEventLoop.processSelectedKeysOptimized(NioEventLoop.java:579)
	at org.apache.ratis.thirdparty.io.netty.channel.nio.NioEventLoop.processSelectedKeys(NioEventLoop.java:496)
	at org.apache.ratis.thirdparty.io.netty.channel.nio.NioEventLoop.run(NioEventLoop.java:458)
	at org.apache.ratis.thirdparty.io.netty.util.concurrent.SingleThreadEventExecutor$5.run(SingleThreadEventExecutor.java:897)
	at org.apache.ratis.thirdparty.io.netty.util.concurrent.FastThreadLocalRunnable.run(FastThreadLocalRunnable.java:30)
	... 1 more
Caused by: java.net.ConnectException: Connection refused
	... 11 more
2019-08-29 11:55:08,550 [79404ccb-3783-4150-88ba-2fea440d7696:group-A8FA0292109A:LeaderElection138] INFO  impl.LeaderElection (LogUtils.java:infoOrTrace(149)) - 79404ccb-3783-4150-88ba-2fea440d7696:group-A8FA0292109A:LeaderElection138 got exception when requesting votes: {}
java.util.concurrent.ExecutionException: org.apache.ratis.thirdparty.io.grpc.StatusRuntimeException: UNAVAILABLE: io exception
	at java.util.concurrent.FutureTask.report(FutureTask.java:122)
	at java.util.concurrent.FutureTask.get(FutureTask.java:192)
	at org.apache.ratis.server.impl.LeaderElection.waitForResults(LeaderElection.java:262)
	at org.apache.ratis.server.impl.LeaderElection.askForVotes(LeaderElection.java:200)
	at org.apache.ratis.server.impl.LeaderElection.run(LeaderElection.java:130)
	at java.lang.Thread.run(Thread.java:748)
Caused by: org.apache.ratis.thirdparty.io.grpc.StatusRuntimeException: UNAVAILABLE: io exception
	at org.apache.ratis.thirdparty.io.grpc.stub.ClientCalls.toStatusRuntimeException(ClientCalls.java:233)
	at org.apache.ratis.thirdparty.io.grpc.stub.ClientCalls.getUnchecked(ClientCalls.java:214)
	at org.apache.ratis.thirdparty.io.grpc.stub.ClientCalls.blockingUnaryCall(ClientCalls.java:139)
	at org.apache.ratis.proto.grpc.RaftServerProtocolServiceGrpc$RaftServerProtocolServiceBlockingStub.requestVote(RaftServerProtocolServiceGrpc.java:265)
	at org.apache.ratis.grpc.server.GrpcServerProtocolClient.requestVote(GrpcServerProtocolClient.java:83)
	at org.apache.ratis.grpc.server.GrpcService.requestVote(GrpcService.java:195)
	at org.apache.ratis.server.impl.LeaderElection.lambda$submitRequests$1(LeaderElection.java:237)
	at java.util.concurrent.FutureTask.run(FutureTask.java:266)
	at java.util.concurrent.Executors$RunnableAdapter.call(Executors.java:511)
	at java.util.concurrent.FutureTask.run(FutureTask.java:266)
	at java.util.concurrent.ThreadPoolExecutor.runWorker(ThreadPoolExecutor.java:1149)
	at java.util.concurrent.ThreadPoolExecutor$Worker.run(ThreadPoolExecutor.java:624)
	... 1 more
Caused by: org.apache.ratis.thirdparty.io.netty.channel.AbstractChannel$AnnotatedConnectException: Connection refused: /192.168.5.171:34413
	at sun.nio.ch.SocketChannelImpl.checkConnect(Native Method)
	at sun.nio.ch.SocketChannelImpl.finishConnect(SocketChannelImpl.java:717)
	at org.apache.ratis.thirdparty.io.netty.channel.socket.nio.NioSocketChannel.doFinishConnect(NioSocketChannel.java:327)
	at org.apache.ratis.thirdparty.io.netty.channel.nio.AbstractNioChannel$AbstractNioUnsafe.finishConnect(AbstractNioChannel.java:340)
	at org.apache.ratis.thirdparty.io.netty.channel.nio.NioEventLoop.processSelectedKey(NioEventLoop.java:632)
	at org.apache.ratis.thirdparty.io.netty.channel.nio.NioEventLoop.processSelectedKeysOptimized(NioEventLoop.java:579)
	at org.apache.ratis.thirdparty.io.netty.channel.nio.NioEventLoop.processSelectedKeys(NioEventLoop.java:496)
	at org.apache.ratis.thirdparty.io.netty.channel.nio.NioEventLoop.run(NioEventLoop.java:458)
	at org.apache.ratis.thirdparty.io.netty.util.concurrent.SingleThreadEventExecutor$5.run(SingleThreadEventExecutor.java:897)
	at org.apache.ratis.thirdparty.io.netty.util.concurrent.FastThreadLocalRunnable.run(FastThreadLocalRunnable.java:30)
	... 1 more
Caused by: java.net.ConnectException: Connection refused
	... 11 more
2019-08-29 11:55:08,550 [79404ccb-3783-4150-88ba-2fea440d7696:group-A8FA0292109A:LeaderElection138] INFO  impl.LeaderElection (LeaderElection.java:logAndReturn(56)) - 79404ccb-3783-4150-88ba-2fea440d7696:group-A8FA0292109A:LeaderElection138: Election REJECTED; received 0 response(s) [] and 2 exception(s); 79404ccb-3783-4150-88ba-2fea440d7696:t6, leader=null, voted=79404ccb-3783-4150-88ba-2fea440d7696, raftlog=79404ccb-3783-4150-88ba-2fea440d7696-SegmentedRaftLog:OPENED:c4,f4,i4, conf=0: [0927c2fb-bc54-48d8-8b4a-6f0f550fa3d8:192.168.5.171:45391, 79404ccb-3783-4150-88ba-2fea440d7696:192.168.5.171:38238, 0237fb14-0601-4188-bfaa-710869c5af5c:192.168.5.171:34413], old=null
2019-08-29 11:55:08,550 [79404ccb-3783-4150-88ba-2fea440d7696:group-A8FA0292109A:LeaderElection138] INFO  impl.LeaderElection (LogUtils.java:infoOrTrace(149)) -   Exception 0: {}
java.util.concurrent.ExecutionException: org.apache.ratis.thirdparty.io.grpc.StatusRuntimeException: UNAVAILABLE: io exception
	at java.util.concurrent.FutureTask.report(FutureTask.java:122)
	at java.util.concurrent.FutureTask.get(FutureTask.java:192)
	at org.apache.ratis.server.impl.LeaderElection.waitForResults(LeaderElection.java:262)
	at org.apache.ratis.server.impl.LeaderElection.askForVotes(LeaderElection.java:200)
	at org.apache.ratis.server.impl.LeaderElection.run(LeaderElection.java:130)
	at java.lang.Thread.run(Thread.java:748)
Caused by: org.apache.ratis.thirdparty.io.grpc.StatusRuntimeException: UNAVAILABLE: io exception
	at org.apache.ratis.thirdparty.io.grpc.stub.ClientCalls.toStatusRuntimeException(ClientCalls.java:233)
	at org.apache.ratis.thirdparty.io.grpc.stub.ClientCalls.getUnchecked(ClientCalls.java:214)
	at org.apache.ratis.thirdparty.io.grpc.stub.ClientCalls.blockingUnaryCall(ClientCalls.java:139)
	at org.apache.ratis.proto.grpc.RaftServerProtocolServiceGrpc$RaftServerProtocolServiceBlockingStub.requestVote(RaftServerProtocolServiceGrpc.java:265)
	at org.apache.ratis.grpc.server.GrpcServerProtocolClient.requestVote(GrpcServerProtocolClient.java:83)
	at org.apache.ratis.grpc.server.GrpcService.requestVote(GrpcService.java:195)
	at org.apache.ratis.server.impl.LeaderElection.lambda$submitRequests$1(LeaderElection.java:237)
	at java.util.concurrent.FutureTask.run(FutureTask.java:266)
	at java.util.concurrent.Executors$RunnableAdapter.call(Executors.java:511)
	at java.util.concurrent.FutureTask.run(FutureTask.java:266)
	at java.util.concurrent.ThreadPoolExecutor.runWorker(ThreadPoolExecutor.java:1149)
	at java.util.concurrent.ThreadPoolExecutor$Worker.run(ThreadPoolExecutor.java:624)
	... 1 more
Caused by: org.apache.ratis.thirdparty.io.netty.channel.AbstractChannel$AnnotatedConnectException: Connection refused: /192.168.5.171:45391
	at sun.nio.ch.SocketChannelImpl.checkConnect(Native Method)
	at sun.nio.ch.SocketChannelImpl.finishConnect(SocketChannelImpl.java:717)
	at org.apache.ratis.thirdparty.io.netty.channel.socket.nio.NioSocketChannel.doFinishConnect(NioSocketChannel.java:327)
	at org.apache.ratis.thirdparty.io.netty.channel.nio.AbstractNioChannel$AbstractNioUnsafe.finishConnect(AbstractNioChannel.java:340)
	at org.apache.ratis.thirdparty.io.netty.channel.nio.NioEventLoop.processSelectedKey(NioEventLoop.java:632)
	at org.apache.ratis.thirdparty.io.netty.channel.nio.NioEventLoop.processSelectedKeysOptimized(NioEventLoop.java:579)
	at org.apache.ratis.thirdparty.io.netty.channel.nio.NioEventLoop.processSelectedKeys(NioEventLoop.java:496)
	at org.apache.ratis.thirdparty.io.netty.channel.nio.NioEventLoop.run(NioEventLoop.java:458)
	at org.apache.ratis.thirdparty.io.netty.util.concurrent.SingleThreadEventExecutor$5.run(SingleThreadEventExecutor.java:897)
	at org.apache.ratis.thirdparty.io.netty.util.concurrent.FastThreadLocalRunnable.run(FastThreadLocalRunnable.java:30)
	... 1 more
Caused by: java.net.ConnectException: Connection refused
	... 11 more
2019-08-29 11:55:08,551 [79404ccb-3783-4150-88ba-2fea440d7696:group-A8FA0292109A:LeaderElection138] INFO  impl.LeaderElection (LogUtils.java:infoOrTrace(149)) -   Exception 1: {}
java.util.concurrent.ExecutionException: org.apache.ratis.thirdparty.io.grpc.StatusRuntimeException: UNAVAILABLE: io exception
	at java.util.concurrent.FutureTask.report(FutureTask.java:122)
	at java.util.concurrent.FutureTask.get(FutureTask.java:192)
	at org.apache.ratis.server.impl.LeaderElection.waitForResults(LeaderElection.java:262)
	at org.apache.ratis.server.impl.LeaderElection.askForVotes(LeaderElection.java:200)
	at org.apache.ratis.server.impl.LeaderElection.run(LeaderElection.java:130)
	at java.lang.Thread.run(Thread.java:748)
Caused by: org.apache.ratis.thirdparty.io.grpc.StatusRuntimeException: UNAVAILABLE: io exception
	at org.apache.ratis.thirdparty.io.grpc.stub.ClientCalls.toStatusRuntimeException(ClientCalls.java:233)
	at org.apache.ratis.thirdparty.io.grpc.stub.ClientCalls.getUnchecked(ClientCalls.java:214)
	at org.apache.ratis.thirdparty.io.grpc.stub.ClientCalls.blockingUnaryCall(ClientCalls.java:139)
	at org.apache.ratis.proto.grpc.RaftServerProtocolServiceGrpc$RaftServerProtocolServiceBlockingStub.requestVote(RaftServerProtocolServiceGrpc.java:265)
	at org.apache.ratis.grpc.server.GrpcServerProtocolClient.requestVote(GrpcServerProtocolClient.java:83)
	at org.apache.ratis.grpc.server.GrpcService.requestVote(GrpcService.java:195)
	at org.apache.ratis.server.impl.LeaderElection.lambda$submitRequests$1(LeaderElection.java:237)
	at java.util.concurrent.FutureTask.run(FutureTask.java:266)
	at java.util.concurrent.Executors$RunnableAdapter.call(Executors.java:511)
	at java.util.concurrent.FutureTask.run(FutureTask.java:266)
	at java.util.concurrent.ThreadPoolExecutor.runWorker(ThreadPoolExecutor.java:1149)
	at java.util.concurrent.ThreadPoolExecutor$Worker.run(ThreadPoolExecutor.java:624)
	... 1 more
Caused by: org.apache.ratis.thirdparty.io.netty.channel.AbstractChannel$AnnotatedConnectException: Connection refused: /192.168.5.171:34413
	at sun.nio.ch.SocketChannelImpl.checkConnect(Native Method)
	at sun.nio.ch.SocketChannelImpl.finishConnect(SocketChannelImpl.java:717)
	at org.apache.ratis.thirdparty.io.netty.channel.socket.nio.NioSocketChannel.doFinishConnect(NioSocketChannel.java:327)
	at org.apache.ratis.thirdparty.io.netty.channel.nio.AbstractNioChannel$AbstractNioUnsafe.finishConnect(AbstractNioChannel.java:340)
	at org.apache.ratis.thirdparty.io.netty.channel.nio.NioEventLoop.processSelectedKey(NioEventLoop.java:632)
	at org.apache.ratis.thirdparty.io.netty.channel.nio.NioEventLoop.processSelectedKeysOptimized(NioEventLoop.java:579)
	at org.apache.ratis.thirdparty.io.netty.channel.nio.NioEventLoop.processSelectedKeys(NioEventLoop.java:496)
	at org.apache.ratis.thirdparty.io.netty.channel.nio.NioEventLoop.run(NioEventLoop.java:458)
	at org.apache.ratis.thirdparty.io.netty.util.concurrent.SingleThreadEventExecutor$5.run(SingleThreadEventExecutor.java:897)
	at org.apache.ratis.thirdparty.io.netty.util.concurrent.FastThreadLocalRunnable.run(FastThreadLocalRunnable.java:30)
	... 1 more
Caused by: java.net.ConnectException: Connection refused
	... 11 more
2019-08-29 11:55:08,551 [79404ccb-3783-4150-88ba-2fea440d7696:group-A8FA0292109A:LeaderElection138] INFO  impl.RaftServerImpl (RaftServerImpl.java:setRole(171)) - 79404ccb-3783-4150-88ba-2fea440d7696:group-A8FA0292109A changes role from CANDIDATE to FOLLOWER at term 6 for DISCOVERED_A_NEW_TERM
2019-08-29 11:55:08,551 [79404ccb-3783-4150-88ba-2fea440d7696:group-A8FA0292109A:LeaderElection138] INFO  impl.RoleInfo (RoleInfo.java:shutdownLeaderElection(134)) - 79404ccb-3783-4150-88ba-2fea440d7696: shutdown LeaderElection
2019-08-29 11:55:08,552 [79404ccb-3783-4150-88ba-2fea440d7696:group-A8FA0292109A:LeaderElection138] INFO  impl.RoleInfo (RoleInfo.java:updateAndGet(143)) - 79404ccb-3783-4150-88ba-2fea440d7696: start FollowerState
2019-08-29 11:55:08,833 [java.util.concurrent.ThreadPoolExecutor$Worker@52380d3[State = -1, empty queue]] WARN  server.GrpcLogAppender (GrpcLogAppender.java:timeoutAppendRequest(200)) - GrpcLogAppender(edbdd45e-116e-45c7-951f-264ab28d364f->6997f81c-1ecf-488f-a14c-812b649ddfad): appendEntries Timeout, request=edbdd45e-116e-45c7-951f-264ab28d364f->6997f81c-1ecf-488f-a14c-812b649ddfad#59-t2, previous=(t:2, i:1), leaderCommit=0, initializing? false, entries: <empty>
2019-08-29 11:55:08,833 [java.util.concurrent.ThreadPoolExecutor$Worker@2351d1e1[State = -1, empty queue]] WARN  server.GrpcLogAppender (GrpcLogAppender.java:timeoutAppendRequest(200)) - GrpcLogAppender(edbdd45e-116e-45c7-951f-264ab28d364f->97e3324b-235f-4ceb-956e-993ee2fe234c): appendEntries Timeout, request=edbdd45e-116e-45c7-951f-264ab28d364f->97e3324b-235f-4ceb-956e-993ee2fe234c#59-t2, previous=(t:2, i:1), leaderCommit=0, initializing? false, entries: <empty>
2019-08-29 11:55:08,853 | INFO  | SCMAudit | user=jenkins1000 | ip=192.168.5.171 | op=SEND_HEARTBEAT {datanodeUUID=21c7cf7b-6251-48a4-bdb1-01914484bde5, command=[]} | ret=SUCCESS |  
2019-08-29 11:55:08,920 | INFO  | SCMAudit | user=jenkins1000 | ip=192.168.5.171 | op=SEND_HEARTBEAT {datanodeUUID=79404ccb-3783-4150-88ba-2fea440d7696, command=[]} | ret=SUCCESS |  
2019-08-29 11:55:08,926 | INFO  | SCMAudit | user=jenkins1000 | ip=192.168.5.171 | op=SEND_HEARTBEAT {datanodeUUID=368ac840-1874-400c-9a5e-97ce3a83695d, command=[]} | ret=SUCCESS |  
2019-08-29 11:55:09,051 | INFO  | SCMAudit | user=jenkins1000 | ip=192.168.5.171 | op=SEND_HEARTBEAT {datanodeUUID=edbdd45e-116e-45c7-951f-264ab28d364f, command=[]} | ret=SUCCESS |  
2019-08-29 11:55:09,192 | INFO  | SCMAudit | user=jenkins1000 | ip=192.168.5.171 | op=SEND_HEARTBEAT {datanodeUUID=822b3223-74a0-44c8-ae72-b72e27a17b65, command=[]} | ret=SUCCESS |  
2019-08-29 11:55:09,246 | INFO  | SCMAudit | user=jenkins1000 | ip=192.168.5.171 | op=SEND_HEARTBEAT {datanodeUUID=97e3324b-235f-4ceb-956e-993ee2fe234c, command=[]} | ret=SUCCESS |  
2019-08-29 11:55:09,317 | INFO  | SCMAudit | user=jenkins1000 | ip=192.168.5.171 | op=SEND_HEARTBEAT {datanodeUUID=6997f81c-1ecf-488f-a14c-812b649ddfad, command=[]} | ret=SUCCESS |  
2019-08-29 11:55:09,333 [java.util.concurrent.ThreadPoolExecutor$Worker@2351d1e1[State = -1, empty queue]] WARN  server.GrpcLogAppender (GrpcLogAppender.java:timeoutAppendRequest(200)) - GrpcLogAppender(edbdd45e-116e-45c7-951f-264ab28d364f->97e3324b-235f-4ceb-956e-993ee2fe234c): appendEntries Timeout, request=edbdd45e-116e-45c7-951f-264ab28d364f->97e3324b-235f-4ceb-956e-993ee2fe234c#60-t2, previous=(t:2, i:1), leaderCommit=0, initializing? false, entries: <empty>
2019-08-29 11:55:09,333 [java.util.concurrent.ThreadPoolExecutor$Worker@52380d3[State = -1, empty queue]] WARN  server.GrpcLogAppender (GrpcLogAppender.java:timeoutAppendRequest(200)) - GrpcLogAppender(edbdd45e-116e-45c7-951f-264ab28d364f->6997f81c-1ecf-488f-a14c-812b649ddfad): appendEntries Timeout, request=edbdd45e-116e-45c7-951f-264ab28d364f->6997f81c-1ecf-488f-a14c-812b649ddfad#60-t2, previous=(t:2, i:1), leaderCommit=0, initializing? false, entries: <empty>
2019-08-29 11:55:09,390 | INFO  | SCMAudit | user=jenkins1000 | ip=192.168.5.171 | op=SEND_HEARTBEAT {datanodeUUID=3442b9cb-a0d9-4a64-bd62-61dec9190efe, command=[]} | ret=SUCCESS |  
2019-08-29 11:55:09,653 [Thread-3245] INFO  impl.FollowerState (FollowerState.java:run(106)) - 79404ccb-3783-4150-88ba-2fea440d7696:group-A8FA0292109A changes to CANDIDATE, lastRpcTime:1101, electionTimeout:1101ms
2019-08-29 11:55:09,653 [Thread-3245] INFO  impl.RoleInfo (RoleInfo.java:shutdownFollowerState(121)) - 79404ccb-3783-4150-88ba-2fea440d7696: shutdown FollowerState
2019-08-29 11:55:09,654 [Thread-3245] INFO  impl.RaftServerImpl (RaftServerImpl.java:setRole(171)) - 79404ccb-3783-4150-88ba-2fea440d7696:group-A8FA0292109A changes role from FOLLOWER to CANDIDATE at term 6 for changeToCandidate
2019-08-29 11:55:09,654 [Thread-3245] INFO  impl.RoleInfo (RoleInfo.java:updateAndGet(143)) - 79404ccb-3783-4150-88ba-2fea440d7696: start LeaderElection
2019-08-29 11:55:09,834 [java.util.concurrent.ThreadPoolExecutor$Worker@2351d1e1[State = -1, empty queue]] WARN  server.GrpcLogAppender (GrpcLogAppender.java:timeoutAppendRequest(200)) - GrpcLogAppender(edbdd45e-116e-45c7-951f-264ab28d364f->97e3324b-235f-4ceb-956e-993ee2fe234c): appendEntries Timeout, request=edbdd45e-116e-45c7-951f-264ab28d364f->97e3324b-235f-4ceb-956e-993ee2fe234c#61-t2, previous=(t:2, i:1), leaderCommit=0, initializing? false, entries: <empty>
2019-08-29 11:55:09,834 [java.util.concurrent.ThreadPoolExecutor$Worker@52380d3[State = -1, empty queue]] WARN  server.GrpcLogAppender (GrpcLogAppender.java:timeoutAppendRequest(200)) - GrpcLogAppender(edbdd45e-116e-45c7-951f-264ab28d364f->6997f81c-1ecf-488f-a14c-812b649ddfad): appendEntries Timeout, request=edbdd45e-116e-45c7-951f-264ab28d364f->6997f81c-1ecf-488f-a14c-812b649ddfad#61-t2, previous=(t:2, i:1), leaderCommit=0, initializing? false, entries: <empty>
2019-08-29 11:55:09,853 | INFO  | SCMAudit | user=jenkins1000 | ip=192.168.5.171 | op=SEND_HEARTBEAT {datanodeUUID=21c7cf7b-6251-48a4-bdb1-01914484bde5, command=[]} | ret=SUCCESS |  
2019-08-29 11:55:09,920 | INFO  | SCMAudit | user=jenkins1000 | ip=192.168.5.171 | op=SEND_HEARTBEAT {datanodeUUID=79404ccb-3783-4150-88ba-2fea440d7696, command=[]} | ret=SUCCESS |  
2019-08-29 11:55:09,927 | INFO  | SCMAudit | user=jenkins1000 | ip=192.168.5.171 | op=SEND_HEARTBEAT {datanodeUUID=368ac840-1874-400c-9a5e-97ce3a83695d, command=[]} | ret=SUCCESS |  
2019-08-29 11:55:10,051 | INFO  | SCMAudit | user=jenkins1000 | ip=192.168.5.171 | op=SEND_HEARTBEAT {datanodeUUID=edbdd45e-116e-45c7-951f-264ab28d364f, command=[]} | ret=SUCCESS |  
2019-08-29 11:55:10,192 | INFO  | SCMAudit | user=jenkins1000 | ip=192.168.5.171 | op=SEND_HEARTBEAT {datanodeUUID=822b3223-74a0-44c8-ae72-b72e27a17b65, command=[]} | ret=SUCCESS |  
2019-08-29 11:55:10,246 | INFO  | SCMAudit | user=jenkins1000 | ip=192.168.5.171 | op=SEND_HEARTBEAT {datanodeUUID=97e3324b-235f-4ceb-956e-993ee2fe234c, command=[]} | ret=SUCCESS |  
2019-08-29 11:55:10,318 | INFO  | SCMAudit | user=jenkins1000 | ip=192.168.5.171 | op=SEND_HEARTBEAT {datanodeUUID=6997f81c-1ecf-488f-a14c-812b649ddfad, command=[]} | ret=SUCCESS |  
2019-08-29 11:55:10,334 [java.util.concurrent.ThreadPoolExecutor$Worker@2351d1e1[State = -1, empty queue]] WARN  server.GrpcLogAppender (GrpcLogAppender.java:timeoutAppendRequest(200)) - GrpcLogAppender(edbdd45e-116e-45c7-951f-264ab28d364f->97e3324b-235f-4ceb-956e-993ee2fe234c): appendEntries Timeout, request=edbdd45e-116e-45c7-951f-264ab28d364f->97e3324b-235f-4ceb-956e-993ee2fe234c#62-t2, previous=(t:2, i:1), leaderCommit=0, initializing? false, entries: <empty>
2019-08-29 11:55:10,334 [java.util.concurrent.ThreadPoolExecutor$Worker@52380d3[State = -1, empty queue]] WARN  server.GrpcLogAppender (GrpcLogAppender.java:timeoutAppendRequest(200)) - GrpcLogAppender(edbdd45e-116e-45c7-951f-264ab28d364f->6997f81c-1ecf-488f-a14c-812b649ddfad): appendEntries Timeout, request=edbdd45e-116e-45c7-951f-264ab28d364f->6997f81c-1ecf-488f-a14c-812b649ddfad#62-t2, previous=(t:2, i:1), leaderCommit=0, initializing? false, entries: <empty>
2019-08-29 11:55:10,388 | INFO  | SCMAudit | user=jenkins1000 | ip=192.168.5.171 | op=SEND_HEARTBEAT {datanodeUUID=3442b9cb-a0d9-4a64-bd62-61dec9190efe, command=[]} | ret=SUCCESS |  
2019-08-29 11:55:10,409 [grpc-default-executor-4] INFO  client.GrpcClientProtocolClient (GrpcClientProtocolClient.java:onNext(255)) - client-98CDBA4AB153->6997f81c-1ecf-488f-a14c-812b649ddfad: receive RaftClientReply:client-98CDBA4AB153->6997f81c-1ecf-488f-a14c-812b649ddfad@group-FEC9ABEF0498, cid=98, FAILED org.apache.ratis.protocol.NotLeaderException: Server 6997f81c-1ecf-488f-a14c-812b649ddfad is not the leader (edbdd45e-116e-45c7-951f-264ab28d364f:192.168.5.171:42495). Request must be sent to leader., logIndex=0, commits[6997f81c-1ecf-488f-a14c-812b649ddfad:c0, 97e3324b-235f-4ceb-956e-993ee2fe234c:c0, edbdd45e-116e-45c7-951f-264ab28d364f:c0]
2019-08-29 11:55:10,420 [main] WARN  io.KeyOutputStream (KeyOutputStream.java:handleException(276)) - Encountered exception java.io.IOException: Unexpected Storage Container Exception: java.util.concurrent.CompletionException: java.util.concurrent.CompletionException: org.apache.ratis.protocol.RaftRetryFailureException: Failed RaftClientRequest:client-98CDBA4AB153->6997f81c-1ecf-488f-a14c-812b649ddfad@group-FEC9ABEF0498, cid=98, seq=1*, RW, org.apache.hadoop.hdds.scm.XceiverClientRatis$$Lambda$472/1811587238@54f71d8 for 10 attempts with RetryLimited(maxAttempts=10, sleepTime=1000ms) on the pipeline Pipeline[ Id: cc63ca43-a1dc-4de9-a7b3-fec9abef0498, Nodes: 6997f81c-1ecf-488f-a14c-812b649ddfad{ip: 192.168.5.171, host: pr-hdds-2058-gt6pm-2007824988, networkLocation: /rack1, certSerialId: null}edbdd45e-116e-45c7-951f-264ab28d364f{ip: 192.168.5.171, host: pr-hdds-2058-gt6pm-2007824988, networkLocation: /rack1, certSerialId: null}97e3324b-235f-4ceb-956e-993ee2fe234c{ip: 192.168.5.171, host: pr-hdds-2058-gt6pm-2007824988, networkLocation: /rack1, certSerialId: null}, Type:RATIS, Factor:THREE, State:OPEN]. The last committed block length is 0, uncommitted data length is 524288 retry count 0
2019-08-29 11:55:10,451 | INFO  | SCMAudit | user=jenkins1000 | ip=192.168.5.171 | op=ALLOCATE_BLOCK {owner=060e6340-a660-4d30-b243-a753818e830b, size=4194304, type=RATIS, factor=THREE} | ret=SUCCESS |  
2019-08-29 11:55:10,453 | INFO  | OMAudit | user=jenkins1000 | ip=127.0.0.1 | op=ALLOCATE_BLOCK {volume=datanodefailurehandlingtest, bucket=datanodefailurehandlingtest, key=a3818b4c-2e44-4539-b697-733cbbcc5aa4, dataSize=0, replicationType=null, replicationFactor=null, keyLocationInfo=null, clientID=102700133557141513} | ret=SUCCESS |  
2019-08-29 11:55:10,465 [grpc-default-executor-4] INFO  client.GrpcClientProtocolClient (GrpcClientProtocolClient.java:onNext(255)) - client-5AD365A517BD->21c7cf7b-6251-48a4-bdb1-01914484bde5: receive RaftClientReply:client-5AD365A517BD->21c7cf7b-6251-48a4-bdb1-01914484bde5@group-C6E4A73C4023, cid=100, FAILED org.apache.ratis.protocol.NotLeaderException: Server 21c7cf7b-6251-48a4-bdb1-01914484bde5 is not the leader (368ac840-1874-400c-9a5e-97ce3a83695d:192.168.5.171:40345). Request must be sent to leader., logIndex=0, commits[21c7cf7b-6251-48a4-bdb1-01914484bde5:c0, 822b3223-74a0-44c8-ae72-b72e27a17b65:c0, 368ac840-1874-400c-9a5e-97ce3a83695d:c0]
2019-08-29 11:55:10,834 [java.util.concurrent.ThreadPoolExecutor$Worker@2351d1e1[State = -1, empty queue]] WARN  server.GrpcLogAppender (GrpcLogAppender.java:timeoutAppendRequest(200)) - GrpcLogAppender(edbdd45e-116e-45c7-951f-264ab28d364f->97e3324b-235f-4ceb-956e-993ee2fe234c): appendEntries Timeout, request=edbdd45e-116e-45c7-951f-264ab28d364f->97e3324b-235f-4ceb-956e-993ee2fe234c#63-t2, previous=(t:2, i:1), leaderCommit=0, initializing? false, entries: <empty>
2019-08-29 11:55:10,834 [java.util.concurrent.ThreadPoolExecutor$Worker@52380d3[State = -1, empty queue]] WARN  server.GrpcLogAppender (GrpcLogAppender.java:timeoutAppendRequest(200)) - GrpcLogAppender(edbdd45e-116e-45c7-951f-264ab28d364f->6997f81c-1ecf-488f-a14c-812b649ddfad): appendEntries Timeout, request=edbdd45e-116e-45c7-951f-264ab28d364f->6997f81c-1ecf-488f-a14c-812b649ddfad#63-t2, previous=(t:2, i:1), leaderCommit=0, initializing? false, entries: <empty>
2019-08-29 11:55:10,854 | INFO  | SCMAudit | user=jenkins1000 | ip=192.168.5.171 | op=SEND_HEARTBEAT {datanodeUUID=21c7cf7b-6251-48a4-bdb1-01914484bde5, command=[]} | ret=SUCCESS |  
2019-08-29 11:55:10,920 | INFO  | SCMAudit | user=jenkins1000 | ip=192.168.5.171 | op=SEND_HEARTBEAT {datanodeUUID=79404ccb-3783-4150-88ba-2fea440d7696, command=[]} | ret=SUCCESS |  
2019-08-29 11:55:10,928 | INFO  | SCMAudit | user=jenkins1000 | ip=192.168.5.171 | op=SEND_HEARTBEAT {datanodeUUID=368ac840-1874-400c-9a5e-97ce3a83695d, command=[]} | ret=SUCCESS |  
2019-08-29 11:55:11,051 | INFO  | SCMAudit | user=jenkins1000 | ip=192.168.5.171 | op=SEND_HEARTBEAT {datanodeUUID=edbdd45e-116e-45c7-951f-264ab28d364f, command=[]} | ret=SUCCESS |  
2019-08-29 11:55:11,192 | INFO  | SCMAudit | user=jenkins1000 | ip=192.168.5.171 | op=SEND_HEARTBEAT {datanodeUUID=822b3223-74a0-44c8-ae72-b72e27a17b65, command=[]} | ret=SUCCESS |  
2019-08-29 11:55:11,246 | INFO  | SCMAudit | user=jenkins1000 | ip=192.168.5.171 | op=SEND_HEARTBEAT {datanodeUUID=97e3324b-235f-4ceb-956e-993ee2fe234c, command=[]} | ret=SUCCESS |  
2019-08-29 11:55:11,318 | INFO  | SCMAudit | user=jenkins1000 | ip=192.168.5.171 | op=SEND_HEARTBEAT {datanodeUUID=6997f81c-1ecf-488f-a14c-812b649ddfad, command=[]} | ret=SUCCESS |  
2019-08-29 11:55:11,335 [java.util.concurrent.ThreadPoolExecutor$Worker@2351d1e1[State = -1, empty queue]] WARN  server.GrpcLogAppender (GrpcLogAppender.java:timeoutAppendRequest(200)) - GrpcLogAppender(edbdd45e-116e-45c7-951f-264ab28d364f->97e3324b-235f-4ceb-956e-993ee2fe234c): appendEntries Timeout, request=edbdd45e-116e-45c7-951f-264ab28d364f->97e3324b-235f-4ceb-956e-993ee2fe234c#64-t2, previous=(t:2, i:1), leaderCommit=0, initializing? false, entries: <empty>
2019-08-29 11:55:11,335 [java.util.concurrent.ThreadPoolExecutor$Worker@52380d3[State = -1, empty queue]] WARN  server.GrpcLogAppender (GrpcLogAppender.java:timeoutAppendRequest(200)) - GrpcLogAppender(edbdd45e-116e-45c7-951f-264ab28d364f->6997f81c-1ecf-488f-a14c-812b649ddfad): appendEntries Timeout, request=edbdd45e-116e-45c7-951f-264ab28d364f->6997f81c-1ecf-488f-a14c-812b649ddfad#64-t2, previous=(t:2, i:1), leaderCommit=0, initializing? false, entries: <empty>
2019-08-29 11:55:11,388 | INFO  | SCMAudit | user=jenkins1000 | ip=192.168.5.171 | op=SEND_HEARTBEAT {datanodeUUID=3442b9cb-a0d9-4a64-bd62-61dec9190efe, command=[]} | ret=SUCCESS |  
2019-08-29 11:55:11,835 [java.util.concurrent.ThreadPoolExecutor$Worker@2351d1e1[State = -1, empty queue]] WARN  server.GrpcLogAppender (GrpcLogAppender.java:timeoutAppendRequest(200)) - GrpcLogAppender(edbdd45e-116e-45c7-951f-264ab28d364f->97e3324b-235f-4ceb-956e-993ee2fe234c): appendEntries Timeout, request=edbdd45e-116e-45c7-951f-264ab28d364f->97e3324b-235f-4ceb-956e-993ee2fe234c#65-t2, previous=(t:2, i:1), leaderCommit=0, initializing? false, entries: <empty>
2019-08-29 11:55:11,835 [java.util.concurrent.ThreadPoolExecutor$Worker@52380d3[State = -1, empty queue]] WARN  server.GrpcLogAppender (GrpcLogAppender.java:timeoutAppendRequest(200)) - GrpcLogAppender(edbdd45e-116e-45c7-951f-264ab28d364f->6997f81c-1ecf-488f-a14c-812b649ddfad): appendEntries Timeout, request=edbdd45e-116e-45c7-951f-264ab28d364f->6997f81c-1ecf-488f-a14c-812b649ddfad#65-t2, previous=(t:2, i:1), leaderCommit=0, initializing? false, entries: <empty>
2019-08-29 11:55:11,854 | INFO  | SCMAudit | user=jenkins1000 | ip=192.168.5.171 | op=SEND_HEARTBEAT {datanodeUUID=21c7cf7b-6251-48a4-bdb1-01914484bde5, command=[]} | ret=SUCCESS |  
2019-08-29 11:55:11,920 | INFO  | SCMAudit | user=jenkins1000 | ip=192.168.5.171 | op=SEND_HEARTBEAT {datanodeUUID=79404ccb-3783-4150-88ba-2fea440d7696, command=[]} | ret=SUCCESS |  
2019-08-29 11:55:11,928 | INFO  | SCMAudit | user=jenkins1000 | ip=192.168.5.171 | op=SEND_HEARTBEAT {datanodeUUID=368ac840-1874-400c-9a5e-97ce3a83695d, command=[]} | ret=SUCCESS |  
2019-08-29 11:55:12,051 | INFO  | SCMAudit | user=jenkins1000 | ip=192.168.5.171 | op=SEND_HEARTBEAT {datanodeUUID=edbdd45e-116e-45c7-951f-264ab28d364f, command=[]} | ret=SUCCESS |  
2019-08-29 11:55:12,192 | INFO  | SCMAudit | user=jenkins1000 | ip=192.168.5.171 | op=SEND_HEARTBEAT {datanodeUUID=822b3223-74a0-44c8-ae72-b72e27a17b65, command=[]} | ret=SUCCESS |  
2019-08-29 11:55:12,246 | INFO  | SCMAudit | user=jenkins1000 | ip=192.168.5.171 | op=SEND_HEARTBEAT {datanodeUUID=97e3324b-235f-4ceb-956e-993ee2fe234c, command=[]} | ret=SUCCESS |  
2019-08-29 11:55:12,318 | INFO  | SCMAudit | user=jenkins1000 | ip=192.168.5.171 | op=SEND_HEARTBEAT {datanodeUUID=6997f81c-1ecf-488f-a14c-812b649ddfad, command=[]} | ret=SUCCESS |  
2019-08-29 11:55:12,335 [java.util.concurrent.ThreadPoolExecutor$Worker@2351d1e1[State = -1, empty queue]] WARN  server.GrpcLogAppender (GrpcLogAppender.java:timeoutAppendRequest(200)) - GrpcLogAppender(edbdd45e-116e-45c7-951f-264ab28d364f->97e3324b-235f-4ceb-956e-993ee2fe234c): appendEntries Timeout, request=edbdd45e-116e-45c7-951f-264ab28d364f->97e3324b-235f-4ceb-956e-993ee2fe234c#66-t2, previous=(t:2, i:1), leaderCommit=0, initializing? false, entries: <empty>
2019-08-29 11:55:12,335 [java.util.concurrent.ThreadPoolExecutor$Worker@52380d3[State = -1, empty queue]] WARN  server.GrpcLogAppender (GrpcLogAppender.java:timeoutAppendRequest(200)) - GrpcLogAppender(edbdd45e-116e-45c7-951f-264ab28d364f->6997f81c-1ecf-488f-a14c-812b649ddfad): appendEntries Timeout, request=edbdd45e-116e-45c7-951f-264ab28d364f->6997f81c-1ecf-488f-a14c-812b649ddfad#66-t2, previous=(t:2, i:1), leaderCommit=0, initializing? false, entries: <empty>
2019-08-29 11:55:12,389 | INFO  | SCMAudit | user=jenkins1000 | ip=192.168.5.171 | op=SEND_HEARTBEAT {datanodeUUID=3442b9cb-a0d9-4a64-bd62-61dec9190efe, command=[]} | ret=SUCCESS |  
2019-08-29 11:55:12,836 [java.util.concurrent.ThreadPoolExecutor$Worker@2351d1e1[State = -1, empty queue]] WARN  server.GrpcLogAppender (GrpcLogAppender.java:timeoutAppendRequest(200)) - GrpcLogAppender(edbdd45e-116e-45c7-951f-264ab28d364f->97e3324b-235f-4ceb-956e-993ee2fe234c): appendEntries Timeout, request=edbdd45e-116e-45c7-951f-264ab28d364f->97e3324b-235f-4ceb-956e-993ee2fe234c#67-t2, previous=(t:2, i:1), leaderCommit=0, initializing? false, entries: <empty>
2019-08-29 11:55:12,836 [java.util.concurrent.ThreadPoolExecutor$Worker@52380d3[State = -1, empty queue]] WARN  server.GrpcLogAppender (GrpcLogAppender.java:timeoutAppendRequest(200)) - GrpcLogAppender(edbdd45e-116e-45c7-951f-264ab28d364f->6997f81c-1ecf-488f-a14c-812b649ddfad): appendEntries Timeout, request=edbdd45e-116e-45c7-951f-264ab28d364f->6997f81c-1ecf-488f-a14c-812b649ddfad#67-t2, previous=(t:2, i:1), leaderCommit=0, initializing? false, entries: <empty>
2019-08-29 11:55:12,854 | INFO  | SCMAudit | user=jenkins1000 | ip=192.168.5.171 | op=SEND_HEARTBEAT {datanodeUUID=21c7cf7b-6251-48a4-bdb1-01914484bde5, command=[]} | ret=SUCCESS |  
2019-08-29 11:55:12,920 | INFO  | SCMAudit | user=jenkins1000 | ip=192.168.5.171 | op=SEND_HEARTBEAT {datanodeUUID=79404ccb-3783-4150-88ba-2fea440d7696, command=[]} | ret=SUCCESS |  
2019-08-29 11:55:12,928 | INFO  | SCMAudit | user=jenkins1000 | ip=192.168.5.171 | op=SEND_HEARTBEAT {datanodeUUID=368ac840-1874-400c-9a5e-97ce3a83695d, command=[]} | ret=SUCCESS |  
2019-08-29 11:55:13,051 | INFO  | SCMAudit | user=jenkins1000 | ip=192.168.5.171 | op=SEND_HEARTBEAT {datanodeUUID=edbdd45e-116e-45c7-951f-264ab28d364f, command=[]} | ret=SUCCESS |  
2019-08-29 11:55:13,192 | INFO  | SCMAudit | user=jenkins1000 | ip=192.168.5.171 | op=SEND_HEARTBEAT {datanodeUUID=822b3223-74a0-44c8-ae72-b72e27a17b65, command=[]} | ret=SUCCESS |  
2019-08-29 11:55:13,246 | INFO  | SCMAudit | user=jenkins1000 | ip=192.168.5.171 | op=SEND_HEARTBEAT {datanodeUUID=97e3324b-235f-4ceb-956e-993ee2fe234c, command=[]} | ret=SUCCESS |  
2019-08-29 11:55:13,318 | INFO  | SCMAudit | user=jenkins1000 | ip=192.168.5.171 | op=SEND_HEARTBEAT {datanodeUUID=6997f81c-1ecf-488f-a14c-812b649ddfad, command=[]} | ret=SUCCESS |  
2019-08-29 11:55:13,336 [java.util.concurrent.ThreadPoolExecutor$Worker@2351d1e1[State = -1, empty queue]] WARN  server.GrpcLogAppender (GrpcLogAppender.java:timeoutAppendRequest(200)) - GrpcLogAppender(edbdd45e-116e-45c7-951f-264ab28d364f->97e3324b-235f-4ceb-956e-993ee2fe234c): appendEntries Timeout, request=edbdd45e-116e-45c7-951f-264ab28d364f->97e3324b-235f-4ceb-956e-993ee2fe234c#68-t2, previous=(t:2, i:1), leaderCommit=0, initializing? false, entries: <empty>
2019-08-29 11:55:13,336 [java.util.concurrent.ThreadPoolExecutor$Worker@52380d3[State = -1, empty queue]] WARN  server.GrpcLogAppender (GrpcLogAppender.java:timeoutAppendRequest(200)) - GrpcLogAppender(edbdd45e-116e-45c7-951f-264ab28d364f->6997f81c-1ecf-488f-a14c-812b649ddfad): appendEntries Timeout, request=edbdd45e-116e-45c7-951f-264ab28d364f->6997f81c-1ecf-488f-a14c-812b649ddfad#68-t2, previous=(t:2, i:1), leaderCommit=0, initializing? false, entries: <empty>
2019-08-29 11:55:13,389 | INFO  | SCMAudit | user=jenkins1000 | ip=192.168.5.171 | op=SEND_HEARTBEAT {datanodeUUID=3442b9cb-a0d9-4a64-bd62-61dec9190efe, command=[]} | ret=SUCCESS |  
2019-08-29 11:55:13,490 [java.util.concurrent.ThreadPoolExecutor$Worker@4a2cd158[State = -1, empty queue]] WARN  server.GrpcLogAppender (GrpcLogAppender.java:timeoutAppendRequest(200)) - GrpcLogAppender(368ac840-1874-400c-9a5e-97ce3a83695d->21c7cf7b-6251-48a4-bdb1-01914484bde5): appendEntries Timeout, request=368ac840-1874-400c-9a5e-97ce3a83695d->21c7cf7b-6251-48a4-bdb1-01914484bde5#70-t1, previous=(t:1, i:0), leaderCommit=0, initializing? false, entries: size=1, first=(t:1, i:1), STATEMACHINELOGENTRY, client-5AD365A517BD, cid=100
2019-08-29 11:55:13,490 [java.util.concurrent.ThreadPoolExecutor$Worker@67975a21[State = -1, empty queue]] WARN  server.GrpcLogAppender (GrpcLogAppender.java:timeoutAppendRequest(200)) - GrpcLogAppender(368ac840-1874-400c-9a5e-97ce3a83695d->822b3223-74a0-44c8-ae72-b72e27a17b65): appendEntries Timeout, request=368ac840-1874-400c-9a5e-97ce3a83695d->822b3223-74a0-44c8-ae72-b72e27a17b65#70-t1, previous=(t:1, i:0), leaderCommit=0, initializing? false, entries: size=1, first=(t:1, i:1), STATEMACHINELOGENTRY, client-5AD365A517BD, cid=100
2019-08-29 11:55:13,836 [java.util.concurrent.ThreadPoolExecutor$Worker@2351d1e1[State = -1, empty queue]] WARN  server.GrpcLogAppender (GrpcLogAppender.java:timeoutAppendRequest(200)) - GrpcLogAppender(edbdd45e-116e-45c7-951f-264ab28d364f->97e3324b-235f-4ceb-956e-993ee2fe234c): appendEntries Timeout, request=edbdd45e-116e-45c7-951f-264ab28d364f->97e3324b-235f-4ceb-956e-993ee2fe234c#69-t2, previous=(t:2, i:1), leaderCommit=0, initializing? false, entries: <empty>
2019-08-29 11:55:13,836 [java.util.concurrent.ThreadPoolExecutor$Worker@52380d3[State = -1, empty queue]] WARN  server.GrpcLogAppender (GrpcLogAppender.java:timeoutAppendRequest(200)) - GrpcLogAppender(edbdd45e-116e-45c7-951f-264ab28d364f->6997f81c-1ecf-488f-a14c-812b649ddfad): appendEntries Timeout, request=edbdd45e-116e-45c7-951f-264ab28d364f->6997f81c-1ecf-488f-a14c-812b649ddfad#69-t2, previous=(t:2, i:1), leaderCommit=0, initializing? false, entries: <empty>
2019-08-29 11:55:13,854 | INFO  | SCMAudit | user=jenkins1000 | ip=192.168.5.171 | op=SEND_HEARTBEAT {datanodeUUID=21c7cf7b-6251-48a4-bdb1-01914484bde5, command=[]} | ret=SUCCESS |  
2019-08-29 11:55:13,875 [79404ccb-3783-4150-88ba-2fea440d7696:group-A8FA0292109A:LeaderElection139] INFO  impl.LeaderElection (LeaderElection.java:askForVotes(181)) - 79404ccb-3783-4150-88ba-2fea440d7696:group-A8FA0292109A:LeaderElection139: begin an election at term 7 for 0: [0927c2fb-bc54-48d8-8b4a-6f0f550fa3d8:192.168.5.171:45391, 79404ccb-3783-4150-88ba-2fea440d7696:192.168.5.171:38238, 0237fb14-0601-4188-bfaa-710869c5af5c:192.168.5.171:34413], old=null
2019-08-29 11:55:13,876 [79404ccb-3783-4150-88ba-2fea440d7696:group-A8FA0292109A:LeaderElection139] INFO  impl.LeaderElection (LogUtils.java:infoOrTrace(149)) - 79404ccb-3783-4150-88ba-2fea440d7696:group-A8FA0292109A:LeaderElection139 got exception when requesting votes: {}
java.util.concurrent.ExecutionException: org.apache.ratis.thirdparty.io.grpc.StatusRuntimeException: UNAVAILABLE: io exception
	at java.util.concurrent.FutureTask.report(FutureTask.java:122)
	at java.util.concurrent.FutureTask.get(FutureTask.java:192)
	at org.apache.ratis.server.impl.LeaderElection.waitForResults(LeaderElection.java:262)
	at org.apache.ratis.server.impl.LeaderElection.askForVotes(LeaderElection.java:200)
	at org.apache.ratis.server.impl.LeaderElection.run(LeaderElection.java:130)
	at java.lang.Thread.run(Thread.java:748)
Caused by: org.apache.ratis.thirdparty.io.grpc.StatusRuntimeException: UNAVAILABLE: io exception
	at org.apache.ratis.thirdparty.io.grpc.stub.ClientCalls.toStatusRuntimeException(ClientCalls.java:233)
	at org.apache.ratis.thirdparty.io.grpc.stub.ClientCalls.getUnchecked(ClientCalls.java:214)
	at org.apache.ratis.thirdparty.io.grpc.stub.ClientCalls.blockingUnaryCall(ClientCalls.java:139)
	at org.apache.ratis.proto.grpc.RaftServerProtocolServiceGrpc$RaftServerProtocolServiceBlockingStub.requestVote(RaftServerProtocolServiceGrpc.java:265)
	at org.apache.ratis.grpc.server.GrpcServerProtocolClient.requestVote(GrpcServerProtocolClient.java:83)
	at org.apache.ratis.grpc.server.GrpcService.requestVote(GrpcService.java:195)
	at org.apache.ratis.server.impl.LeaderElection.lambda$submitRequests$1(LeaderElection.java:237)
	at java.util.concurrent.FutureTask.run(FutureTask.java:266)
	at java.util.concurrent.Executors$RunnableAdapter.call(Executors.java:511)
	at java.util.concurrent.FutureTask.run(FutureTask.java:266)
	at java.util.concurrent.ThreadPoolExecutor.runWorker(ThreadPoolExecutor.java:1149)
	at java.util.concurrent.ThreadPoolExecutor$Worker.run(ThreadPoolExecutor.java:624)
	... 1 more
Caused by: org.apache.ratis.thirdparty.io.netty.channel.AbstractChannel$AnnotatedConnectException: Connection refused: /192.168.5.171:45391
	at sun.nio.ch.SocketChannelImpl.checkConnect(Native Method)
	at sun.nio.ch.SocketChannelImpl.finishConnect(SocketChannelImpl.java:717)
	at org.apache.ratis.thirdparty.io.netty.channel.socket.nio.NioSocketChannel.doFinishConnect(NioSocketChannel.java:327)
	at org.apache.ratis.thirdparty.io.netty.channel.nio.AbstractNioChannel$AbstractNioUnsafe.finishConnect(AbstractNioChannel.java:340)
	at org.apache.ratis.thirdparty.io.netty.channel.nio.NioEventLoop.processSelectedKey(NioEventLoop.java:632)
	at org.apache.ratis.thirdparty.io.netty.channel.nio.NioEventLoop.processSelectedKeysOptimized(NioEventLoop.java:579)
	at org.apache.ratis.thirdparty.io.netty.channel.nio.NioEventLoop.processSelectedKeys(NioEventLoop.java:496)
	at org.apache.ratis.thirdparty.io.netty.channel.nio.NioEventLoop.run(NioEventLoop.java:458)
	at org.apache.ratis.thirdparty.io.netty.util.concurrent.SingleThreadEventExecutor$5.run(SingleThreadEventExecutor.java:897)
	at org.apache.ratis.thirdparty.io.netty.util.concurrent.FastThreadLocalRunnable.run(FastThreadLocalRunnable.java:30)
	... 1 more
Caused by: java.net.ConnectException: Connection refused
	... 11 more
2019-08-29 11:55:13,876 [79404ccb-3783-4150-88ba-2fea440d7696:group-A8FA0292109A:LeaderElection139] INFO  impl.LeaderElection (LogUtils.java:infoOrTrace(149)) - 79404ccb-3783-4150-88ba-2fea440d7696:group-A8FA0292109A:LeaderElection139 got exception when requesting votes: {}
java.util.concurrent.ExecutionException: org.apache.ratis.thirdparty.io.grpc.StatusRuntimeException: UNAVAILABLE: io exception
	at java.util.concurrent.FutureTask.report(FutureTask.java:122)
	at java.util.concurrent.FutureTask.get(FutureTask.java:192)
	at org.apache.ratis.server.impl.LeaderElection.waitForResults(LeaderElection.java:262)
	at org.apache.ratis.server.impl.LeaderElection.askForVotes(LeaderElection.java:200)
	at org.apache.ratis.server.impl.LeaderElection.run(LeaderElection.java:130)
	at java.lang.Thread.run(Thread.java:748)
Caused by: org.apache.ratis.thirdparty.io.grpc.StatusRuntimeException: UNAVAILABLE: io exception
	at org.apache.ratis.thirdparty.io.grpc.stub.ClientCalls.toStatusRuntimeException(ClientCalls.java:233)
	at org.apache.ratis.thirdparty.io.grpc.stub.ClientCalls.getUnchecked(ClientCalls.java:214)
	at org.apache.ratis.thirdparty.io.grpc.stub.ClientCalls.blockingUnaryCall(ClientCalls.java:139)
	at org.apache.ratis.proto.grpc.RaftServerProtocolServiceGrpc$RaftServerProtocolServiceBlockingStub.requestVote(RaftServerProtocolServiceGrpc.java:265)
	at org.apache.ratis.grpc.server.GrpcServerProtocolClient.requestVote(GrpcServerProtocolClient.java:83)
	at org.apache.ratis.grpc.server.GrpcService.requestVote(GrpcService.java:195)
	at org.apache.ratis.server.impl.LeaderElection.lambda$submitRequests$1(LeaderElection.java:237)
	at java.util.concurrent.FutureTask.run(FutureTask.java:266)
	at java.util.concurrent.Executors$RunnableAdapter.call(Executors.java:511)
	at java.util.concurrent.FutureTask.run(FutureTask.java:266)
	at java.util.concurrent.ThreadPoolExecutor.runWorker(ThreadPoolExecutor.java:1149)
	at java.util.concurrent.ThreadPoolExecutor$Worker.run(ThreadPoolExecutor.java:624)
	... 1 more
Caused by: org.apache.ratis.thirdparty.io.netty.channel.AbstractChannel$AnnotatedConnectException: Connection refused: /192.168.5.171:34413
	at sun.nio.ch.SocketChannelImpl.checkConnect(Native Method)
	at sun.nio.ch.SocketChannelImpl.finishConnect(SocketChannelImpl.java:717)
	at org.apache.ratis.thirdparty.io.netty.channel.socket.nio.NioSocketChannel.doFinishConnect(NioSocketChannel.java:327)
	at org.apache.ratis.thirdparty.io.netty.channel.nio.AbstractNioChannel$AbstractNioUnsafe.finishConnect(AbstractNioChannel.java:340)
	at org.apache.ratis.thirdparty.io.netty.channel.nio.NioEventLoop.processSelectedKey(NioEventLoop.java:632)
	at org.apache.ratis.thirdparty.io.netty.channel.nio.NioEventLoop.processSelectedKeysOptimized(NioEventLoop.java:579)
	at org.apache.ratis.thirdparty.io.netty.channel.nio.NioEventLoop.processSelectedKeys(NioEventLoop.java:496)
	at org.apache.ratis.thirdparty.io.netty.channel.nio.NioEventLoop.run(NioEventLoop.java:458)
	at org.apache.ratis.thirdparty.io.netty.util.concurrent.SingleThreadEventExecutor$5.run(SingleThreadEventExecutor.java:897)
	at org.apache.ratis.thirdparty.io.netty.util.concurrent.FastThreadLocalRunnable.run(FastThreadLocalRunnable.java:30)
	... 1 more
Caused by: java.net.ConnectException: Connection refused
	... 11 more
2019-08-29 11:55:13,877 [79404ccb-3783-4150-88ba-2fea440d7696:group-A8FA0292109A:LeaderElection139] INFO  impl.LeaderElection (LeaderElection.java:logAndReturn(56)) - 79404ccb-3783-4150-88ba-2fea440d7696:group-A8FA0292109A:LeaderElection139: Election REJECTED; received 0 response(s) [] and 2 exception(s); 79404ccb-3783-4150-88ba-2fea440d7696:t7, leader=null, voted=79404ccb-3783-4150-88ba-2fea440d7696, raftlog=79404ccb-3783-4150-88ba-2fea440d7696-SegmentedRaftLog:OPENED:c4,f4,i4, conf=0: [0927c2fb-bc54-48d8-8b4a-6f0f550fa3d8:192.168.5.171:45391, 79404ccb-3783-4150-88ba-2fea440d7696:192.168.5.171:38238, 0237fb14-0601-4188-bfaa-710869c5af5c:192.168.5.171:34413], old=null
2019-08-29 11:55:13,877 [79404ccb-3783-4150-88ba-2fea440d7696:group-A8FA0292109A:LeaderElection139] INFO  impl.LeaderElection (LogUtils.java:infoOrTrace(149)) -   Exception 0: {}
java.util.concurrent.ExecutionException: org.apache.ratis.thirdparty.io.grpc.StatusRuntimeException: UNAVAILABLE: io exception
	at java.util.concurrent.FutureTask.report(FutureTask.java:122)
	at java.util.concurrent.FutureTask.get(FutureTask.java:192)
	at org.apache.ratis.server.impl.LeaderElection.waitForResults(LeaderElection.java:262)
	at org.apache.ratis.server.impl.LeaderElection.askForVotes(LeaderElection.java:200)
	at org.apache.ratis.server.impl.LeaderElection.run(LeaderElection.java:130)
	at java.lang.Thread.run(Thread.java:748)
Caused by: org.apache.ratis.thirdparty.io.grpc.StatusRuntimeException: UNAVAILABLE: io exception
	at org.apache.ratis.thirdparty.io.grpc.stub.ClientCalls.toStatusRuntimeException(ClientCalls.java:233)
	at org.apache.ratis.thirdparty.io.grpc.stub.ClientCalls.getUnchecked(ClientCalls.java:214)
	at org.apache.ratis.thirdparty.io.grpc.stub.ClientCalls.blockingUnaryCall(ClientCalls.java:139)
	at org.apache.ratis.proto.grpc.RaftServerProtocolServiceGrpc$RaftServerProtocolServiceBlockingStub.requestVote(RaftServerProtocolServiceGrpc.java:265)
	at org.apache.ratis.grpc.server.GrpcServerProtocolClient.requestVote(GrpcServerProtocolClient.java:83)
	at org.apache.ratis.grpc.server.GrpcService.requestVote(GrpcService.java:195)
	at org.apache.ratis.server.impl.LeaderElection.lambda$submitRequests$1(LeaderElection.java:237)
	at java.util.concurrent.FutureTask.run(FutureTask.java:266)
	at java.util.concurrent.Executors$RunnableAdapter.call(Executors.java:511)
	at java.util.concurrent.FutureTask.run(FutureTask.java:266)
	at java.util.concurrent.ThreadPoolExecutor.runWorker(ThreadPoolExecutor.java:1149)
	at java.util.concurrent.ThreadPoolExecutor$Worker.run(ThreadPoolExecutor.java:624)
	... 1 more
Caused by: org.apache.ratis.thirdparty.io.netty.channel.AbstractChannel$AnnotatedConnectException: Connection refused: /192.168.5.171:45391
	at sun.nio.ch.SocketChannelImpl.checkConnect(Native Method)
	at sun.nio.ch.SocketChannelImpl.finishConnect(SocketChannelImpl.java:717)
	at org.apache.ratis.thirdparty.io.netty.channel.socket.nio.NioSocketChannel.doFinishConnect(NioSocketChannel.java:327)
	at org.apache.ratis.thirdparty.io.netty.channel.nio.AbstractNioChannel$AbstractNioUnsafe.finishConnect(AbstractNioChannel.java:340)
	at org.apache.ratis.thirdparty.io.netty.channel.nio.NioEventLoop.processSelectedKey(NioEventLoop.java:632)
	at org.apache.ratis.thirdparty.io.netty.channel.nio.NioEventLoop.processSelectedKeysOptimized(NioEventLoop.java:579)
	at org.apache.ratis.thirdparty.io.netty.channel.nio.NioEventLoop.processSelectedKeys(NioEventLoop.java:496)
	at org.apache.ratis.thirdparty.io.netty.channel.nio.NioEventLoop.run(NioEventLoop.java:458)
	at org.apache.ratis.thirdparty.io.netty.util.concurrent.SingleThreadEventExecutor$5.run(SingleThreadEventExecutor.java:897)
	at org.apache.ratis.thirdparty.io.netty.util.concurrent.FastThreadLocalRunnable.run(FastThreadLocalRunnable.java:30)
	... 1 more
Caused by: java.net.ConnectException: Connection refused
	... 11 more
2019-08-29 11:55:13,877 [79404ccb-3783-4150-88ba-2fea440d7696:group-A8FA0292109A:LeaderElection139] INFO  impl.LeaderElection (LogUtils.java:infoOrTrace(149)) -   Exception 1: {}
java.util.concurrent.ExecutionException: org.apache.ratis.thirdparty.io.grpc.StatusRuntimeException: UNAVAILABLE: io exception
	at java.util.concurrent.FutureTask.report(FutureTask.java:122)
	at java.util.concurrent.FutureTask.get(FutureTask.java:192)
	at org.apache.ratis.server.impl.LeaderElection.waitForResults(LeaderElection.java:262)
	at org.apache.ratis.server.impl.LeaderElection.askForVotes(LeaderElection.java:200)
	at org.apache.ratis.server.impl.LeaderElection.run(LeaderElection.java:130)
	at java.lang.Thread.run(Thread.java:748)
Caused by: org.apache.ratis.thirdparty.io.grpc.StatusRuntimeException: UNAVAILABLE: io exception
	at org.apache.ratis.thirdparty.io.grpc.stub.ClientCalls.toStatusRuntimeException(ClientCalls.java:233)
	at org.apache.ratis.thirdparty.io.grpc.stub.ClientCalls.getUnchecked(ClientCalls.java:214)
	at org.apache.ratis.thirdparty.io.grpc.stub.ClientCalls.blockingUnaryCall(ClientCalls.java:139)
	at org.apache.ratis.proto.grpc.RaftServerProtocolServiceGrpc$RaftServerProtocolServiceBlockingStub.requestVote(RaftServerProtocolServiceGrpc.java:265)
	at org.apache.ratis.grpc.server.GrpcServerProtocolClient.requestVote(GrpcServerProtocolClient.java:83)
	at org.apache.ratis.grpc.server.GrpcService.requestVote(GrpcService.java:195)
	at org.apache.ratis.server.impl.LeaderElection.lambda$submitRequests$1(LeaderElection.java:237)
	at java.util.concurrent.FutureTask.run(FutureTask.java:266)
	at java.util.concurrent.Executors$RunnableAdapter.call(Executors.java:511)
	at java.util.concurrent.FutureTask.run(FutureTask.java:266)
	at java.util.concurrent.ThreadPoolExecutor.runWorker(ThreadPoolExecutor.java:1149)
	at java.util.concurrent.ThreadPoolExecutor$Worker.run(ThreadPoolExecutor.java:624)
	... 1 more
Caused by: org.apache.ratis.thirdparty.io.netty.channel.AbstractChannel$AnnotatedConnectException: Connection refused: /192.168.5.171:34413
	at sun.nio.ch.SocketChannelImpl.checkConnect(Native Method)
	at sun.nio.ch.SocketChannelImpl.finishConnect(SocketChannelImpl.java:717)
	at org.apache.ratis.thirdparty.io.netty.channel.socket.nio.NioSocketChannel.doFinishConnect(NioSocketChannel.java:327)
	at org.apache.ratis.thirdparty.io.netty.channel.nio.AbstractNioChannel$AbstractNioUnsafe.finishConnect(AbstractNioChannel.java:340)
	at org.apache.ratis.thirdparty.io.netty.channel.nio.NioEventLoop.processSelectedKey(NioEventLoop.java:632)
	at org.apache.ratis.thirdparty.io.netty.channel.nio.NioEventLoop.processSelectedKeysOptimized(NioEventLoop.java:579)
	at org.apache.ratis.thirdparty.io.netty.channel.nio.NioEventLoop.processSelectedKeys(NioEventLoop.java:496)
	at org.apache.ratis.thirdparty.io.netty.channel.nio.NioEventLoop.run(NioEventLoop.java:458)
	at org.apache.ratis.thirdparty.io.netty.util.concurrent.SingleThreadEventExecutor$5.run(SingleThreadEventExecutor.java:897)
	at org.apache.ratis.thirdparty.io.netty.util.concurrent.FastThreadLocalRunnable.run(FastThreadLocalRunnable.java:30)
	... 1 more
Caused by: java.net.ConnectException: Connection refused
	... 11 more
2019-08-29 11:55:13,878 [79404ccb-3783-4150-88ba-2fea440d7696:group-A8FA0292109A:LeaderElection139] INFO  impl.RaftServerImpl (RaftServerImpl.java:setRole(171)) - 79404ccb-3783-4150-88ba-2fea440d7696:group-A8FA0292109A changes role from CANDIDATE to FOLLOWER at term 7 for DISCOVERED_A_NEW_TERM
2019-08-29 11:55:13,878 [79404ccb-3783-4150-88ba-2fea440d7696:group-A8FA0292109A:LeaderElection139] INFO  impl.RoleInfo (RoleInfo.java:shutdownLeaderElection(134)) - 79404ccb-3783-4150-88ba-2fea440d7696: shutdown LeaderElection
2019-08-29 11:55:13,878 [79404ccb-3783-4150-88ba-2fea440d7696:group-A8FA0292109A:LeaderElection139] INFO  impl.RoleInfo (RoleInfo.java:updateAndGet(143)) - 79404ccb-3783-4150-88ba-2fea440d7696: start FollowerState
2019-08-29 11:55:13,921 | INFO  | SCMAudit | user=jenkins1000 | ip=192.168.5.171 | op=SEND_HEARTBEAT {datanodeUUID=79404ccb-3783-4150-88ba-2fea440d7696, command=[]} | ret=SUCCESS |  
2019-08-29 11:55:13,928 | INFO  | SCMAudit | user=jenkins1000 | ip=192.168.5.171 | op=SEND_HEARTBEAT {datanodeUUID=368ac840-1874-400c-9a5e-97ce3a83695d, command=[]} | ret=SUCCESS |  
2019-08-29 11:55:13,991 [java.util.concurrent.ThreadPoolExecutor$Worker@4a2cd158[State = -1, empty queue]] WARN  server.GrpcLogAppender (GrpcLogAppender.java:timeoutAppendRequest(200)) - GrpcLogAppender(368ac840-1874-400c-9a5e-97ce3a83695d->21c7cf7b-6251-48a4-bdb1-01914484bde5): appendEntries Timeout, request=368ac840-1874-400c-9a5e-97ce3a83695d->21c7cf7b-6251-48a4-bdb1-01914484bde5#71-t1, previous=(t:1, i:1), leaderCommit=0, initializing? false, entries: <empty>
2019-08-29 11:55:13,991 [java.util.concurrent.ThreadPoolExecutor$Worker@67975a21[State = -1, empty queue]] WARN  server.GrpcLogAppender (GrpcLogAppender.java:timeoutAppendRequest(200)) - GrpcLogAppender(368ac840-1874-400c-9a5e-97ce3a83695d->822b3223-74a0-44c8-ae72-b72e27a17b65): appendEntries Timeout, request=368ac840-1874-400c-9a5e-97ce3a83695d->822b3223-74a0-44c8-ae72-b72e27a17b65#71-t1, previous=(t:1, i:1), leaderCommit=0, initializing? false, entries: <empty>
2019-08-29 11:55:14,051 | INFO  | SCMAudit | user=jenkins1000 | ip=192.168.5.171 | op=SEND_HEARTBEAT {datanodeUUID=edbdd45e-116e-45c7-951f-264ab28d364f, command=[]} | ret=SUCCESS |  
2019-08-29 11:55:14,192 | INFO  | SCMAudit | user=jenkins1000 | ip=192.168.5.171 | op=SEND_HEARTBEAT {datanodeUUID=822b3223-74a0-44c8-ae72-b72e27a17b65, command=[]} | ret=SUCCESS |  
2019-08-29 11:55:14,246 | INFO  | SCMAudit | user=jenkins1000 | ip=192.168.5.171 | op=SEND_HEARTBEAT {datanodeUUID=97e3324b-235f-4ceb-956e-993ee2fe234c, command=[]} | ret=SUCCESS |  
2019-08-29 11:55:14,318 | INFO  | SCMAudit | user=jenkins1000 | ip=192.168.5.171 | op=SEND_HEARTBEAT {datanodeUUID=6997f81c-1ecf-488f-a14c-812b649ddfad, command=[]} | ret=SUCCESS |  
2019-08-29 11:55:14,336 [java.util.concurrent.ThreadPoolExecutor$Worker@2351d1e1[State = -1, empty queue]] WARN  server.GrpcLogAppender (GrpcLogAppender.java:timeoutAppendRequest(200)) - GrpcLogAppender(edbdd45e-116e-45c7-951f-264ab28d364f->97e3324b-235f-4ceb-956e-993ee2fe234c): appendEntries Timeout, request=edbdd45e-116e-45c7-951f-264ab28d364f->97e3324b-235f-4ceb-956e-993ee2fe234c#70-t2, previous=(t:2, i:1), leaderCommit=0, initializing? false, entries: <empty>
2019-08-29 11:55:14,336 [java.util.concurrent.ThreadPoolExecutor$Worker@52380d3[State = -1, empty queue]] WARN  server.GrpcLogAppender (GrpcLogAppender.java:timeoutAppendRequest(200)) - GrpcLogAppender(edbdd45e-116e-45c7-951f-264ab28d364f->6997f81c-1ecf-488f-a14c-812b649ddfad): appendEntries Timeout, request=edbdd45e-116e-45c7-951f-264ab28d364f->6997f81c-1ecf-488f-a14c-812b649ddfad#70-t2, previous=(t:2, i:1), leaderCommit=0, initializing? false, entries: <empty>
2019-08-29 11:55:14,389 | INFO  | SCMAudit | user=jenkins1000 | ip=192.168.5.171 | op=SEND_HEARTBEAT {datanodeUUID=3442b9cb-a0d9-4a64-bd62-61dec9190efe, command=[]} | ret=SUCCESS |  
2019-08-29 11:55:14,493 [java.util.concurrent.ThreadPoolExecutor$Worker@67975a21[State = -1, empty queue]] WARN  server.GrpcLogAppender (GrpcLogAppender.java:timeoutAppendRequest(200)) - GrpcLogAppender(368ac840-1874-400c-9a5e-97ce3a83695d->822b3223-74a0-44c8-ae72-b72e27a17b65): appendEntries Timeout, request=368ac840-1874-400c-9a5e-97ce3a83695d->822b3223-74a0-44c8-ae72-b72e27a17b65#72-t1, previous=(t:1, i:1), leaderCommit=0, initializing? false, entries: <empty>
2019-08-29 11:55:14,493 [java.util.concurrent.ThreadPoolExecutor$Worker@4a2cd158[State = -1, empty queue]] WARN  server.GrpcLogAppender (GrpcLogAppender.java:timeoutAppendRequest(200)) - GrpcLogAppender(368ac840-1874-400c-9a5e-97ce3a83695d->21c7cf7b-6251-48a4-bdb1-01914484bde5): appendEntries Timeout, request=368ac840-1874-400c-9a5e-97ce3a83695d->21c7cf7b-6251-48a4-bdb1-01914484bde5#72-t1, previous=(t:1, i:1), leaderCommit=0, initializing? false, entries: <empty>
2019-08-29 11:55:14,837 [java.util.concurrent.ThreadPoolExecutor$Worker@2351d1e1[State = -1, empty queue]] WARN  server.GrpcLogAppender (GrpcLogAppender.java:timeoutAppendRequest(200)) - GrpcLogAppender(edbdd45e-116e-45c7-951f-264ab28d364f->97e3324b-235f-4ceb-956e-993ee2fe234c): appendEntries Timeout, request=edbdd45e-116e-45c7-951f-264ab28d364f->97e3324b-235f-4ceb-956e-993ee2fe234c#71-t2, previous=(t:2, i:1), leaderCommit=0, initializing? false, entries: <empty>
2019-08-29 11:55:14,837 [java.util.concurrent.ThreadPoolExecutor$Worker@52380d3[State = -1, empty queue]] WARN  server.GrpcLogAppender (GrpcLogAppender.java:timeoutAppendRequest(200)) - GrpcLogAppender(edbdd45e-116e-45c7-951f-264ab28d364f->6997f81c-1ecf-488f-a14c-812b649ddfad): appendEntries Timeout, request=edbdd45e-116e-45c7-951f-264ab28d364f->6997f81c-1ecf-488f-a14c-812b649ddfad#71-t2, previous=(t:2, i:1), leaderCommit=0, initializing? false, entries: <empty>
2019-08-29 11:55:14,854 | INFO  | SCMAudit | user=jenkins1000 | ip=192.168.5.171 | op=SEND_HEARTBEAT {datanodeUUID=21c7cf7b-6251-48a4-bdb1-01914484bde5, command=[]} | ret=SUCCESS |  
2019-08-29 11:55:14,921 | INFO  | SCMAudit | user=jenkins1000 | ip=192.168.5.171 | op=SEND_HEARTBEAT {datanodeUUID=79404ccb-3783-4150-88ba-2fea440d7696, command=[]} | ret=SUCCESS |  
2019-08-29 11:55:14,928 | INFO  | SCMAudit | user=jenkins1000 | ip=192.168.5.171 | op=SEND_HEARTBEAT {datanodeUUID=368ac840-1874-400c-9a5e-97ce3a83695d, command=[]} | ret=SUCCESS |  
2019-08-29 11:55:14,991 [java.util.concurrent.ThreadPoolExecutor$Worker@4a2cd158[State = -1, empty queue]] WARN  server.GrpcLogAppender (GrpcLogAppender.java:timeoutAppendRequest(200)) - GrpcLogAppender(368ac840-1874-400c-9a5e-97ce3a83695d->21c7cf7b-6251-48a4-bdb1-01914484bde5): appendEntries Timeout, request=368ac840-1874-400c-9a5e-97ce3a83695d->21c7cf7b-6251-48a4-bdb1-01914484bde5#73-t1, previous=(t:1, i:1), leaderCommit=0, initializing? false, entries: <empty>
2019-08-29 11:55:14,991 [java.util.concurrent.ThreadPoolExecutor$Worker@67975a21[State = -1, empty queue]] WARN  server.GrpcLogAppender (GrpcLogAppender.java:timeoutAppendRequest(200)) - GrpcLogAppender(368ac840-1874-400c-9a5e-97ce3a83695d->822b3223-74a0-44c8-ae72-b72e27a17b65): appendEntries Timeout, request=368ac840-1874-400c-9a5e-97ce3a83695d->822b3223-74a0-44c8-ae72-b72e27a17b65#73-t1, previous=(t:1, i:1), leaderCommit=0, initializing? false, entries: <empty>
2019-08-29 11:55:15,030 [Thread-3305] INFO  impl.FollowerState (FollowerState.java:run(106)) - 79404ccb-3783-4150-88ba-2fea440d7696:group-A8FA0292109A changes to CANDIDATE, lastRpcTime:1152, electionTimeout:1152ms
2019-08-29 11:55:15,031 [Thread-3305] INFO  impl.RoleInfo (RoleInfo.java:shutdownFollowerState(121)) - 79404ccb-3783-4150-88ba-2fea440d7696: shutdown FollowerState
2019-08-29 11:55:15,031 [Thread-3305] INFO  impl.RaftServerImpl (RaftServerImpl.java:setRole(171)) - 79404ccb-3783-4150-88ba-2fea440d7696:group-A8FA0292109A changes role from FOLLOWER to CANDIDATE at term 7 for changeToCandidate
2019-08-29 11:55:15,031 [Thread-3305] INFO  impl.RoleInfo (RoleInfo.java:updateAndGet(143)) - 79404ccb-3783-4150-88ba-2fea440d7696: start LeaderElection
2019-08-29 11:55:15,051 | INFO  | SCMAudit | user=jenkins1000 | ip=192.168.5.171 | op=SEND_HEARTBEAT {datanodeUUID=edbdd45e-116e-45c7-951f-264ab28d364f, command=[]} | ret=SUCCESS |  
2019-08-29 11:55:15,192 | INFO  | SCMAudit | user=jenkins1000 | ip=192.168.5.171 | op=SEND_HEARTBEAT {datanodeUUID=822b3223-74a0-44c8-ae72-b72e27a17b65, command=[]} | ret=SUCCESS |  
2019-08-29 11:55:15,247 | INFO  | SCMAudit | user=jenkins1000 | ip=192.168.5.171 | op=SEND_HEARTBEAT {datanodeUUID=97e3324b-235f-4ceb-956e-993ee2fe234c, command=[]} | ret=SUCCESS |  
2019-08-29 11:55:15,318 | INFO  | SCMAudit | user=jenkins1000 | ip=192.168.5.171 | op=SEND_HEARTBEAT {datanodeUUID=6997f81c-1ecf-488f-a14c-812b649ddfad, command=[]} | ret=SUCCESS |  
2019-08-29 11:55:15,327 [edbdd45e-116e-45c7-951f-264ab28d364f-SegmentedRaftLogWorker:Storage Directory /workdir/hadoop-ozone/integration-test/target/test-dir/MiniOzoneClusterImpl-16ce5ac2-d92d-4b29-933b-33d00735e97e/datanode-3/data/ratis/cc63ca43-a1dc-4de9-a7b3-fec9abef0498] WARN  segmented.SegmentedRaftLogWorker (SegmentedRaftLogWorker.java:getFromFuture(90)) - Timeout 1/~
org.apache.ratis.protocol.TimeoutIOException: Timeout 10s: WriteLog:1: (t:2, i:1), STATEMACHINELOGENTRY, client-98CDBA4AB153, cid=98-writeStateMachineData
	at org.apache.ratis.util.IOUtils.getFromFuture(IOUtils.java:87)
	at org.apache.ratis.server.raftlog.segmented.SegmentedRaftLogWorker$StateMachineDataPolicy.getFromFuture(SegmentedRaftLogWorker.java:87)
	at org.apache.ratis.server.raftlog.segmented.SegmentedRaftLogWorker$WriteLog.execute(SegmentedRaftLogWorker.java:477)
	at org.apache.ratis.server.raftlog.segmented.SegmentedRaftLogWorker.run(SegmentedRaftLogWorker.java:289)
	at java.lang.Thread.run(Thread.java:748)
Caused by: java.util.concurrent.TimeoutException
	at java.util.concurrent.CompletableFuture.timedGet(CompletableFuture.java:1771)
	at java.util.concurrent.CompletableFuture.get(CompletableFuture.java:1915)
	at org.apache.ratis.util.IOUtils.getFromFuture(IOUtils.java:79)
	... 4 more
2019-08-29 11:55:15,330 [97e3324b-235f-4ceb-956e-993ee2fe234c-SegmentedRaftLogWorker:Storage Directory /workdir/hadoop-ozone/integration-test/target/test-dir/MiniOzoneClusterImpl-16ce5ac2-d92d-4b29-933b-33d00735e97e/datanode-6/data/ratis/cc63ca43-a1dc-4de9-a7b3-fec9abef0498] WARN  segmented.SegmentedRaftLogWorker (SegmentedRaftLogWorker.java:getFromFuture(90)) - Timeout 1/~
org.apache.ratis.protocol.TimeoutIOException: Timeout 10s: WriteLog:1: (t:2, i:1), STATEMACHINELOGENTRY, client-98CDBA4AB153, cid=98-writeStateMachineData
	at org.apache.ratis.util.IOUtils.getFromFuture(IOUtils.java:87)
	at org.apache.ratis.server.raftlog.segmented.SegmentedRaftLogWorker$StateMachineDataPolicy.getFromFuture(SegmentedRaftLogWorker.java:87)
	at org.apache.ratis.server.raftlog.segmented.SegmentedRaftLogWorker$WriteLog.execute(SegmentedRaftLogWorker.java:477)
	at org.apache.ratis.server.raftlog.segmented.SegmentedRaftLogWorker.run(SegmentedRaftLogWorker.java:289)
	at java.lang.Thread.run(Thread.java:748)
Caused by: java.util.concurrent.TimeoutException
	at java.util.concurrent.CompletableFuture.timedGet(CompletableFuture.java:1771)
	at java.util.concurrent.CompletableFuture.get(CompletableFuture.java:1915)
	at org.apache.ratis.util.IOUtils.getFromFuture(IOUtils.java:79)
	... 4 more
2019-08-29 11:55:15,331 [6997f81c-1ecf-488f-a14c-812b649ddfad-SegmentedRaftLogWorker:Storage Directory /workdir/hadoop-ozone/integration-test/target/test-dir/MiniOzoneClusterImpl-16ce5ac2-d92d-4b29-933b-33d00735e97e/datanode-7/data/ratis/cc63ca43-a1dc-4de9-a7b3-fec9abef0498] WARN  segmented.SegmentedRaftLogWorker (SegmentedRaftLogWorker.java:getFromFuture(90)) - Timeout 1/~
org.apache.ratis.protocol.TimeoutIOException: Timeout 10s: WriteLog:1: (t:2, i:1), STATEMACHINELOGENTRY, client-98CDBA4AB153, cid=98-writeStateMachineData
	at org.apache.ratis.util.IOUtils.getFromFuture(IOUtils.java:87)
	at org.apache.ratis.server.raftlog.segmented.SegmentedRaftLogWorker$StateMachineDataPolicy.getFromFuture(SegmentedRaftLogWorker.java:87)
	at org.apache.ratis.server.raftlog.segmented.SegmentedRaftLogWorker$WriteLog.execute(SegmentedRaftLogWorker.java:477)
	at org.apache.ratis.server.raftlog.segmented.SegmentedRaftLogWorker.run(SegmentedRaftLogWorker.java:289)
	at java.lang.Thread.run(Thread.java:748)
Caused by: java.util.concurrent.TimeoutException
	at java.util.concurrent.CompletableFuture.timedGet(CompletableFuture.java:1771)
	at java.util.concurrent.CompletableFuture.get(CompletableFuture.java:1915)
	at org.apache.ratis.util.IOUtils.getFromFuture(IOUtils.java:79)
	... 4 more
2019-08-29 11:55:15,337 [java.util.concurrent.ThreadPoolExecutor$Worker@2351d1e1[State = -1, empty queue]] WARN  server.GrpcLogAppender (GrpcLogAppender.java:timeoutAppendRequest(200)) - GrpcLogAppender(edbdd45e-116e-45c7-951f-264ab28d364f->97e3324b-235f-4ceb-956e-993ee2fe234c): appendEntries Timeout, request=edbdd45e-116e-45c7-951f-264ab28d364f->97e3324b-235f-4ceb-956e-993ee2fe234c#72-t2, previous=(t:2, i:1), leaderCommit=0, initializing? false, entries: <empty>
2019-08-29 11:55:15,337 [java.util.concurrent.ThreadPoolExecutor$Worker@52380d3[State = -1, empty queue]] WARN  server.GrpcLogAppender (GrpcLogAppender.java:timeoutAppendRequest(200)) - GrpcLogAppender(edbdd45e-116e-45c7-951f-264ab28d364f->6997f81c-1ecf-488f-a14c-812b649ddfad): appendEntries Timeout, request=edbdd45e-116e-45c7-951f-264ab28d364f->6997f81c-1ecf-488f-a14c-812b649ddfad#72-t2, previous=(t:2, i:1), leaderCommit=0, initializing? false, entries: <empty>
2019-08-29 11:55:15,389 | INFO  | SCMAudit | user=jenkins1000 | ip=192.168.5.171 | op=SEND_HEARTBEAT {datanodeUUID=3442b9cb-a0d9-4a64-bd62-61dec9190efe, command=[]} | ret=SUCCESS |  
2019-08-29 11:55:15,492 [java.util.concurrent.ThreadPoolExecutor$Worker@4a2cd158[State = -1, empty queue]] WARN  server.GrpcLogAppender (GrpcLogAppender.java:timeoutAppendRequest(200)) - GrpcLogAppender(368ac840-1874-400c-9a5e-97ce3a83695d->21c7cf7b-6251-48a4-bdb1-01914484bde5): appendEntries Timeout, request=368ac840-1874-400c-9a5e-97ce3a83695d->21c7cf7b-6251-48a4-bdb1-01914484bde5#74-t1, previous=(t:1, i:1), leaderCommit=0, initializing? false, entries: <empty>
2019-08-29 11:55:15,492 [java.util.concurrent.ThreadPoolExecutor$Worker@67975a21[State = -1, empty queue]] WARN  server.GrpcLogAppender (GrpcLogAppender.java:timeoutAppendRequest(200)) - GrpcLogAppender(368ac840-1874-400c-9a5e-97ce3a83695d->822b3223-74a0-44c8-ae72-b72e27a17b65): appendEntries Timeout, request=368ac840-1874-400c-9a5e-97ce3a83695d->822b3223-74a0-44c8-ae72-b72e27a17b65#74-t1, previous=(t:1, i:1), leaderCommit=0, initializing? false, entries: <empty>
2019-08-29 11:55:15,524 [grpc-default-executor-4] INFO  client.GrpcClientProtocolClient (GrpcClientProtocolClient.java:onNext(255)) - client-5AD365A517BD->21c7cf7b-6251-48a4-bdb1-01914484bde5: receive RaftClientReply:client-5AD365A517BD->21c7cf7b-6251-48a4-bdb1-01914484bde5@group-C6E4A73C4023, cid=100, FAILED org.apache.ratis.protocol.NotLeaderException: Server 21c7cf7b-6251-48a4-bdb1-01914484bde5 is not the leader (368ac840-1874-400c-9a5e-97ce3a83695d:192.168.5.171:40345). Request must be sent to leader., logIndex=0, commits[21c7cf7b-6251-48a4-bdb1-01914484bde5:c0, 822b3223-74a0-44c8-ae72-b72e27a17b65:c0, 368ac840-1874-400c-9a5e-97ce3a83695d:c0]
2019-08-29 11:55:15,838 [java.util.concurrent.ThreadPoolExecutor$Worker@52380d3[State = -1, empty queue]] WARN  server.GrpcLogAppender (GrpcLogAppender.java:timeoutAppendRequest(200)) - GrpcLogAppender(edbdd45e-116e-45c7-951f-264ab28d364f->6997f81c-1ecf-488f-a14c-812b649ddfad): appendEntries Timeout, request=edbdd45e-116e-45c7-951f-264ab28d364f->6997f81c-1ecf-488f-a14c-812b649ddfad#73-t2, previous=(t:2, i:1), leaderCommit=0, initializing? false, entries: <empty>
2019-08-29 11:55:15,838 [java.util.concurrent.ThreadPoolExecutor$Worker@2351d1e1[State = -1, empty queue]] WARN  server.GrpcLogAppender (GrpcLogAppender.java:timeoutAppendRequest(200)) - GrpcLogAppender(edbdd45e-116e-45c7-951f-264ab28d364f->97e3324b-235f-4ceb-956e-993ee2fe234c): appendEntries Timeout, request=edbdd45e-116e-45c7-951f-264ab28d364f->97e3324b-235f-4ceb-956e-993ee2fe234c#73-t2, previous=(t:2, i:1), leaderCommit=0, initializing? false, entries: <empty>
2019-08-29 11:55:15,854 | INFO  | SCMAudit | user=jenkins1000 | ip=192.168.5.171 | op=SEND_HEARTBEAT {datanodeUUID=21c7cf7b-6251-48a4-bdb1-01914484bde5, command=[]} | ret=SUCCESS |  
2019-08-29 11:55:15,921 | INFO  | SCMAudit | user=jenkins1000 | ip=192.168.5.171 | op=SEND_HEARTBEAT {datanodeUUID=79404ccb-3783-4150-88ba-2fea440d7696, command=[]} | ret=SUCCESS |  
2019-08-29 11:55:15,927 | INFO  | SCMAudit | user=jenkins1000 | ip=192.168.5.171 | op=SEND_HEARTBEAT {datanodeUUID=368ac840-1874-400c-9a5e-97ce3a83695d, command=[]} | ret=SUCCESS |  
2019-08-29 11:55:15,992 [java.util.concurrent.ThreadPoolExecutor$Worker@4a2cd158[State = -1, empty queue]] WARN  server.GrpcLogAppender (GrpcLogAppender.java:timeoutAppendRequest(200)) - GrpcLogAppender(368ac840-1874-400c-9a5e-97ce3a83695d->21c7cf7b-6251-48a4-bdb1-01914484bde5): appendEntries Timeout, request=368ac840-1874-400c-9a5e-97ce3a83695d->21c7cf7b-6251-48a4-bdb1-01914484bde5#75-t1, previous=(t:1, i:1), leaderCommit=0, initializing? false, entries: <empty>
2019-08-29 11:55:15,992 [java.util.concurrent.ThreadPoolExecutor$Worker@67975a21[State = -1, empty queue]] WARN  server.GrpcLogAppender (GrpcLogAppender.java:timeoutAppendRequest(200)) - GrpcLogAppender(368ac840-1874-400c-9a5e-97ce3a83695d->822b3223-74a0-44c8-ae72-b72e27a17b65): appendEntries Timeout, request=368ac840-1874-400c-9a5e-97ce3a83695d->822b3223-74a0-44c8-ae72-b72e27a17b65#75-t1, previous=(t:1, i:1), leaderCommit=0, initializing? false, entries: <empty>
2019-08-29 11:55:16,051 | INFO  | SCMAudit | user=jenkins1000 | ip=192.168.5.171 | op=SEND_HEARTBEAT {datanodeUUID=edbdd45e-116e-45c7-951f-264ab28d364f, command=[]} | ret=SUCCESS |  
2019-08-29 11:55:16,192 | INFO  | SCMAudit | user=jenkins1000 | ip=192.168.5.171 | op=SEND_HEARTBEAT {datanodeUUID=822b3223-74a0-44c8-ae72-b72e27a17b65, command=[]} | ret=SUCCESS |  
2019-08-29 11:55:16,248 | INFO  | SCMAudit | user=jenkins1000 | ip=192.168.5.171 | op=SEND_HEARTBEAT {datanodeUUID=97e3324b-235f-4ceb-956e-993ee2fe234c, command=[]} | ret=SUCCESS |  
2019-08-29 11:55:16,318 | INFO  | SCMAudit | user=jenkins1000 | ip=192.168.5.171 | op=SEND_HEARTBEAT {datanodeUUID=6997f81c-1ecf-488f-a14c-812b649ddfad, command=[]} | ret=SUCCESS |  
2019-08-29 11:55:16,338 [java.util.concurrent.ThreadPoolExecutor$Worker@52380d3[State = -1, empty queue]] WARN  server.GrpcLogAppender (GrpcLogAppender.java:timeoutAppendRequest(200)) - GrpcLogAppender(edbdd45e-116e-45c7-951f-264ab28d364f->6997f81c-1ecf-488f-a14c-812b649ddfad): appendEntries Timeout, request=edbdd45e-116e-45c7-951f-264ab28d364f->6997f81c-1ecf-488f-a14c-812b649ddfad#74-t2, previous=(t:2, i:1), leaderCommit=0, initializing? false, entries: <empty>
2019-08-29 11:55:16,338 [java.util.concurrent.ThreadPoolExecutor$Worker@2351d1e1[State = -1, empty queue]] WARN  server.GrpcLogAppender (GrpcLogAppender.java:timeoutAppendRequest(200)) - GrpcLogAppender(edbdd45e-116e-45c7-951f-264ab28d364f->97e3324b-235f-4ceb-956e-993ee2fe234c): appendEntries Timeout, request=edbdd45e-116e-45c7-951f-264ab28d364f->97e3324b-235f-4ceb-956e-993ee2fe234c#74-t2, previous=(t:2, i:1), leaderCommit=0, initializing? false, entries: <empty>
2019-08-29 11:55:16,389 | INFO  | SCMAudit | user=jenkins1000 | ip=192.168.5.171 | op=SEND_HEARTBEAT {datanodeUUID=3442b9cb-a0d9-4a64-bd62-61dec9190efe, command=[]} | ret=SUCCESS |  
2019-08-29 11:55:16,492 [java.util.concurrent.ThreadPoolExecutor$Worker@4a2cd158[State = -1, empty queue]] WARN  server.GrpcLogAppender (GrpcLogAppender.java:timeoutAppendRequest(200)) - GrpcLogAppender(368ac840-1874-400c-9a5e-97ce3a83695d->21c7cf7b-6251-48a4-bdb1-01914484bde5): appendEntries Timeout, request=368ac840-1874-400c-9a5e-97ce3a83695d->21c7cf7b-6251-48a4-bdb1-01914484bde5#76-t1, previous=(t:1, i:1), leaderCommit=0, initializing? false, entries: <empty>
2019-08-29 11:55:16,492 [java.util.concurrent.ThreadPoolExecutor$Worker@67975a21[State = -1, empty queue]] WARN  server.GrpcLogAppender (GrpcLogAppender.java:timeoutAppendRequest(200)) - GrpcLogAppender(368ac840-1874-400c-9a5e-97ce3a83695d->822b3223-74a0-44c8-ae72-b72e27a17b65): appendEntries Timeout, request=368ac840-1874-400c-9a5e-97ce3a83695d->822b3223-74a0-44c8-ae72-b72e27a17b65#76-t1, previous=(t:1, i:1), leaderCommit=0, initializing? false, entries: <empty>
2019-08-29 11:55:16,838 [java.util.concurrent.ThreadPoolExecutor$Worker@2351d1e1[State = -1, empty queue]] WARN  server.GrpcLogAppender (GrpcLogAppender.java:timeoutAppendRequest(200)) - GrpcLogAppender(edbdd45e-116e-45c7-951f-264ab28d364f->97e3324b-235f-4ceb-956e-993ee2fe234c): appendEntries Timeout, request=edbdd45e-116e-45c7-951f-264ab28d364f->97e3324b-235f-4ceb-956e-993ee2fe234c#75-t2, previous=(t:2, i:1), leaderCommit=0, initializing? false, entries: <empty>
2019-08-29 11:55:16,838 [java.util.concurrent.ThreadPoolExecutor$Worker@52380d3[State = -1, empty queue]] WARN  server.GrpcLogAppender (GrpcLogAppender.java:timeoutAppendRequest(200)) - GrpcLogAppender(edbdd45e-116e-45c7-951f-264ab28d364f->6997f81c-1ecf-488f-a14c-812b649ddfad): appendEntries Timeout, request=edbdd45e-116e-45c7-951f-264ab28d364f->6997f81c-1ecf-488f-a14c-812b649ddfad#75-t2, previous=(t:2, i:1), leaderCommit=0, initializing? false, entries: <empty>
2019-08-29 11:55:16,854 | INFO  | SCMAudit | user=jenkins1000 | ip=192.168.5.171 | op=SEND_HEARTBEAT {datanodeUUID=21c7cf7b-6251-48a4-bdb1-01914484bde5, command=[]} | ret=SUCCESS |  
2019-08-29 11:55:16,921 | INFO  | SCMAudit | user=jenkins1000 | ip=192.168.5.171 | op=SEND_HEARTBEAT {datanodeUUID=79404ccb-3783-4150-88ba-2fea440d7696, command=[]} | ret=SUCCESS |  
2019-08-29 11:55:16,928 | INFO  | SCMAudit | user=jenkins1000 | ip=192.168.5.171 | op=SEND_HEARTBEAT {datanodeUUID=368ac840-1874-400c-9a5e-97ce3a83695d, command=[]} | ret=SUCCESS |  
2019-08-29 11:55:16,993 [java.util.concurrent.ThreadPoolExecutor$Worker@4a2cd158[State = -1, empty queue]] WARN  server.GrpcLogAppender (GrpcLogAppender.java:timeoutAppendRequest(200)) - GrpcLogAppender(368ac840-1874-400c-9a5e-97ce3a83695d->21c7cf7b-6251-48a4-bdb1-01914484bde5): appendEntries Timeout, request=368ac840-1874-400c-9a5e-97ce3a83695d->21c7cf7b-6251-48a4-bdb1-01914484bde5#77-t1, previous=(t:1, i:1), leaderCommit=0, initializing? false, entries: <empty>
2019-08-29 11:55:16,993 [java.util.concurrent.ThreadPoolExecutor$Worker@67975a21[State = -1, empty queue]] WARN  server.GrpcLogAppender (GrpcLogAppender.java:timeoutAppendRequest(200)) - GrpcLogAppender(368ac840-1874-400c-9a5e-97ce3a83695d->822b3223-74a0-44c8-ae72-b72e27a17b65): appendEntries Timeout, request=368ac840-1874-400c-9a5e-97ce3a83695d->822b3223-74a0-44c8-ae72-b72e27a17b65#77-t1, previous=(t:1, i:1), leaderCommit=0, initializing? false, entries: <empty>
2019-08-29 11:55:17,051 | INFO  | SCMAudit | user=jenkins1000 | ip=192.168.5.171 | op=SEND_HEARTBEAT {datanodeUUID=edbdd45e-116e-45c7-951f-264ab28d364f, command=[]} | ret=SUCCESS |  
2019-08-29 11:55:17,192 | INFO  | SCMAudit | user=jenkins1000 | ip=192.168.5.171 | op=SEND_HEARTBEAT {datanodeUUID=822b3223-74a0-44c8-ae72-b72e27a17b65, command=[]} | ret=SUCCESS |  
2019-08-29 11:55:17,247 | INFO  | SCMAudit | user=jenkins1000 | ip=192.168.5.171 | op=SEND_HEARTBEAT {datanodeUUID=97e3324b-235f-4ceb-956e-993ee2fe234c, command=[]} | ret=SUCCESS |  
2019-08-29 11:55:17,319 | INFO  | SCMAudit | user=jenkins1000 | ip=192.168.5.171 | op=SEND_HEARTBEAT {datanodeUUID=6997f81c-1ecf-488f-a14c-812b649ddfad, command=[]} | ret=SUCCESS |  
2019-08-29 11:55:17,338 [java.util.concurrent.ThreadPoolExecutor$Worker@2351d1e1[State = -1, empty queue]] WARN  server.GrpcLogAppender (GrpcLogAppender.java:timeoutAppendRequest(200)) - GrpcLogAppender(edbdd45e-116e-45c7-951f-264ab28d364f->97e3324b-235f-4ceb-956e-993ee2fe234c): appendEntries Timeout, request=edbdd45e-116e-45c7-951f-264ab28d364f->97e3324b-235f-4ceb-956e-993ee2fe234c#76-t2, previous=(t:2, i:1), leaderCommit=0, initializing? false, entries: <empty>
2019-08-29 11:55:17,338 [java.util.concurrent.ThreadPoolExecutor$Worker@52380d3[State = -1, empty queue]] WARN  server.GrpcLogAppender (GrpcLogAppender.java:timeoutAppendRequest(200)) - GrpcLogAppender(edbdd45e-116e-45c7-951f-264ab28d364f->6997f81c-1ecf-488f-a14c-812b649ddfad): appendEntries Timeout, request=edbdd45e-116e-45c7-951f-264ab28d364f->6997f81c-1ecf-488f-a14c-812b649ddfad#76-t2, previous=(t:2, i:1), leaderCommit=0, initializing? false, entries: <empty>
2019-08-29 11:55:17,389 | INFO  | SCMAudit | user=jenkins1000 | ip=192.168.5.171 | op=SEND_HEARTBEAT {datanodeUUID=3442b9cb-a0d9-4a64-bd62-61dec9190efe, command=[]} | ret=SUCCESS |  
2019-08-29 11:55:17,494 [java.util.concurrent.ThreadPoolExecutor$Worker@67975a21[State = -1, empty queue]] WARN  server.GrpcLogAppender (GrpcLogAppender.java:timeoutAppendRequest(200)) - GrpcLogAppender(368ac840-1874-400c-9a5e-97ce3a83695d->822b3223-74a0-44c8-ae72-b72e27a17b65): appendEntries Timeout, request=368ac840-1874-400c-9a5e-97ce3a83695d->822b3223-74a0-44c8-ae72-b72e27a17b65#78-t1, previous=(t:1, i:1), leaderCommit=0, initializing? false, entries: <empty>
2019-08-29 11:55:17,494 [java.util.concurrent.ThreadPoolExecutor$Worker@4a2cd158[State = -1, empty queue]] WARN  server.GrpcLogAppender (GrpcLogAppender.java:timeoutAppendRequest(200)) - GrpcLogAppender(368ac840-1874-400c-9a5e-97ce3a83695d->21c7cf7b-6251-48a4-bdb1-01914484bde5): appendEntries Timeout, request=368ac840-1874-400c-9a5e-97ce3a83695d->21c7cf7b-6251-48a4-bdb1-01914484bde5#78-t1, previous=(t:1, i:1), leaderCommit=0, initializing? false, entries: <empty>
2019-08-29 11:55:17,839 [java.util.concurrent.ThreadPoolExecutor$Worker@2351d1e1[State = -1, empty queue]] WARN  server.GrpcLogAppender (GrpcLogAppender.java:timeoutAppendRequest(200)) - GrpcLogAppender(edbdd45e-116e-45c7-951f-264ab28d364f->97e3324b-235f-4ceb-956e-993ee2fe234c): appendEntries Timeout, request=edbdd45e-116e-45c7-951f-264ab28d364f->97e3324b-235f-4ceb-956e-993ee2fe234c#77-t2, previous=(t:2, i:1), leaderCommit=0, initializing? false, entries: <empty>
2019-08-29 11:55:17,839 [java.util.concurrent.ThreadPoolExecutor$Worker@52380d3[State = -1, empty queue]] WARN  server.GrpcLogAppender (GrpcLogAppender.java:timeoutAppendRequest(200)) - GrpcLogAppender(edbdd45e-116e-45c7-951f-264ab28d364f->6997f81c-1ecf-488f-a14c-812b649ddfad): appendEntries Timeout, request=edbdd45e-116e-45c7-951f-264ab28d364f->6997f81c-1ecf-488f-a14c-812b649ddfad#77-t2, previous=(t:2, i:1), leaderCommit=0, initializing? false, entries: <empty>
2019-08-29 11:55:17,854 | INFO  | SCMAudit | user=jenkins1000 | ip=192.168.5.171 | op=SEND_HEARTBEAT {datanodeUUID=21c7cf7b-6251-48a4-bdb1-01914484bde5, command=[]} | ret=SUCCESS |  
2019-08-29 11:55:17,921 | INFO  | SCMAudit | user=jenkins1000 | ip=192.168.5.171 | op=SEND_HEARTBEAT {datanodeUUID=79404ccb-3783-4150-88ba-2fea440d7696, command=[]} | ret=SUCCESS |  
2019-08-29 11:55:17,928 | INFO  | SCMAudit | user=jenkins1000 | ip=192.168.5.171 | op=SEND_HEARTBEAT {datanodeUUID=368ac840-1874-400c-9a5e-97ce3a83695d, command=[]} | ret=SUCCESS |  
2019-08-29 11:55:17,994 [java.util.concurrent.ThreadPoolExecutor$Worker@67975a21[State = -1, empty queue]] WARN  server.GrpcLogAppender (GrpcLogAppender.java:timeoutAppendRequest(200)) - GrpcLogAppender(368ac840-1874-400c-9a5e-97ce3a83695d->822b3223-74a0-44c8-ae72-b72e27a17b65): appendEntries Timeout, request=368ac840-1874-400c-9a5e-97ce3a83695d->822b3223-74a0-44c8-ae72-b72e27a17b65#79-t1, previous=(t:1, i:1), leaderCommit=0, initializing? false, entries: <empty>
2019-08-29 11:55:17,994 [java.util.concurrent.ThreadPoolExecutor$Worker@4a2cd158[State = -1, empty queue]] WARN  server.GrpcLogAppender (GrpcLogAppender.java:timeoutAppendRequest(200)) - GrpcLogAppender(368ac840-1874-400c-9a5e-97ce3a83695d->21c7cf7b-6251-48a4-bdb1-01914484bde5): appendEntries Timeout, request=368ac840-1874-400c-9a5e-97ce3a83695d->21c7cf7b-6251-48a4-bdb1-01914484bde5#79-t1, previous=(t:1, i:1), leaderCommit=0, initializing? false, entries: <empty>
2019-08-29 11:55:18,051 | INFO  | SCMAudit | user=jenkins1000 | ip=192.168.5.171 | op=SEND_HEARTBEAT {datanodeUUID=edbdd45e-116e-45c7-951f-264ab28d364f, command=[]} | ret=SUCCESS |  
2019-08-29 11:55:18,192 | INFO  | SCMAudit | user=jenkins1000 | ip=192.168.5.171 | op=SEND_HEARTBEAT {datanodeUUID=822b3223-74a0-44c8-ae72-b72e27a17b65, command=[]} | ret=SUCCESS |  
2019-08-29 11:55:18,247 | INFO  | SCMAudit | user=jenkins1000 | ip=192.168.5.171 | op=SEND_HEARTBEAT {datanodeUUID=97e3324b-235f-4ceb-956e-993ee2fe234c, command=[]} | ret=SUCCESS |  
2019-08-29 11:55:18,320 | INFO  | SCMAudit | user=jenkins1000 | ip=192.168.5.171 | op=SEND_HEARTBEAT {datanodeUUID=6997f81c-1ecf-488f-a14c-812b649ddfad, command=[]} | ret=SUCCESS |  
2019-08-29 11:55:18,339 [java.util.concurrent.ThreadPoolExecutor$Worker@2351d1e1[State = -1, empty queue]] WARN  server.GrpcLogAppender (GrpcLogAppender.java:timeoutAppendRequest(200)) - GrpcLogAppender(edbdd45e-116e-45c7-951f-264ab28d364f->97e3324b-235f-4ceb-956e-993ee2fe234c): appendEntries Timeout, request=edbdd45e-116e-45c7-951f-264ab28d364f->97e3324b-235f-4ceb-956e-993ee2fe234c#78-t2, previous=(t:2, i:1), leaderCommit=0, initializing? false, entries: <empty>
2019-08-29 11:55:18,339 [java.util.concurrent.ThreadPoolExecutor$Worker@52380d3[State = -1, empty queue]] WARN  server.GrpcLogAppender (GrpcLogAppender.java:timeoutAppendRequest(200)) - GrpcLogAppender(edbdd45e-116e-45c7-951f-264ab28d364f->6997f81c-1ecf-488f-a14c-812b649ddfad): appendEntries Timeout, request=edbdd45e-116e-45c7-951f-264ab28d364f->6997f81c-1ecf-488f-a14c-812b649ddfad#78-t2, previous=(t:2, i:1), leaderCommit=0, initializing? false, entries: <empty>
2019-08-29 11:55:18,389 | INFO  | SCMAudit | user=jenkins1000 | ip=192.168.5.171 | op=SEND_HEARTBEAT {datanodeUUID=3442b9cb-a0d9-4a64-bd62-61dec9190efe, command=[]} | ret=SUCCESS |  
2019-08-29 11:55:18,494 [java.util.concurrent.ThreadPoolExecutor$Worker@4a2cd158[State = -1, empty queue]] WARN  server.GrpcLogAppender (GrpcLogAppender.java:timeoutAppendRequest(200)) - GrpcLogAppender(368ac840-1874-400c-9a5e-97ce3a83695d->21c7cf7b-6251-48a4-bdb1-01914484bde5): appendEntries Timeout, request=368ac840-1874-400c-9a5e-97ce3a83695d->21c7cf7b-6251-48a4-bdb1-01914484bde5#80-t1, previous=(t:1, i:1), leaderCommit=0, initializing? false, entries: <empty>
2019-08-29 11:55:18,494 [java.util.concurrent.ThreadPoolExecutor$Worker@67975a21[State = -1, empty queue]] WARN  server.GrpcLogAppender (GrpcLogAppender.java:timeoutAppendRequest(200)) - GrpcLogAppender(368ac840-1874-400c-9a5e-97ce3a83695d->822b3223-74a0-44c8-ae72-b72e27a17b65): appendEntries Timeout, request=368ac840-1874-400c-9a5e-97ce3a83695d->822b3223-74a0-44c8-ae72-b72e27a17b65#80-t1, previous=(t:1, i:1), leaderCommit=0, initializing? false, entries: <empty>
2019-08-29 11:55:18,839 [java.util.concurrent.ThreadPoolExecutor$Worker@52380d3[State = -1, empty queue]] WARN  server.GrpcLogAppender (GrpcLogAppender.java:timeoutAppendRequest(200)) - GrpcLogAppender(edbdd45e-116e-45c7-951f-264ab28d364f->6997f81c-1ecf-488f-a14c-812b649ddfad): appendEntries Timeout, request=edbdd45e-116e-45c7-951f-264ab28d364f->6997f81c-1ecf-488f-a14c-812b649ddfad#79-t2, previous=(t:2, i:1), leaderCommit=0, initializing? false, entries: <empty>
2019-08-29 11:55:18,839 [java.util.concurrent.ThreadPoolExecutor$Worker@2351d1e1[State = -1, empty queue]] WARN  server.GrpcLogAppender (GrpcLogAppender.java:timeoutAppendRequest(200)) - GrpcLogAppender(edbdd45e-116e-45c7-951f-264ab28d364f->97e3324b-235f-4ceb-956e-993ee2fe234c): appendEntries Timeout, request=edbdd45e-116e-45c7-951f-264ab28d364f->97e3324b-235f-4ceb-956e-993ee2fe234c#79-t2, previous=(t:2, i:1), leaderCommit=0, initializing? false, entries: <empty>
2019-08-29 11:55:18,854 | INFO  | SCMAudit | user=jenkins1000 | ip=192.168.5.171 | op=SEND_HEARTBEAT {datanodeUUID=21c7cf7b-6251-48a4-bdb1-01914484bde5, command=[]} | ret=SUCCESS |  
2019-08-29 11:55:18,921 | INFO  | SCMAudit | user=jenkins1000 | ip=192.168.5.171 | op=SEND_HEARTBEAT {datanodeUUID=79404ccb-3783-4150-88ba-2fea440d7696, command=[]} | ret=SUCCESS |  
2019-08-29 11:55:18,928 | INFO  | SCMAudit | user=jenkins1000 | ip=192.168.5.171 | op=SEND_HEARTBEAT {datanodeUUID=368ac840-1874-400c-9a5e-97ce3a83695d, command=[]} | ret=SUCCESS |  
2019-08-29 11:55:18,994 [java.util.concurrent.ThreadPoolExecutor$Worker@4a2cd158[State = -1, empty queue]] WARN  server.GrpcLogAppender (GrpcLogAppender.java:timeoutAppendRequest(200)) - GrpcLogAppender(368ac840-1874-400c-9a5e-97ce3a83695d->21c7cf7b-6251-48a4-bdb1-01914484bde5): appendEntries Timeout, request=368ac840-1874-400c-9a5e-97ce3a83695d->21c7cf7b-6251-48a4-bdb1-01914484bde5#81-t1, previous=(t:1, i:1), leaderCommit=0, initializing? false, entries: <empty>
2019-08-29 11:55:18,995 [java.util.concurrent.ThreadPoolExecutor$Worker@67975a21[State = -1, empty queue]] WARN  server.GrpcLogAppender (GrpcLogAppender.java:timeoutAppendRequest(200)) - GrpcLogAppender(368ac840-1874-400c-9a5e-97ce3a83695d->822b3223-74a0-44c8-ae72-b72e27a17b65): appendEntries Timeout, request=368ac840-1874-400c-9a5e-97ce3a83695d->822b3223-74a0-44c8-ae72-b72e27a17b65#81-t1, previous=(t:1, i:1), leaderCommit=0, initializing? false, entries: <empty>
2019-08-29 11:55:19,051 | INFO  | SCMAudit | user=jenkins1000 | ip=192.168.5.171 | op=SEND_HEARTBEAT {datanodeUUID=edbdd45e-116e-45c7-951f-264ab28d364f, command=[]} | ret=SUCCESS |  
2019-08-29 11:55:19,192 | INFO  | SCMAudit | user=jenkins1000 | ip=192.168.5.171 | op=SEND_HEARTBEAT {datanodeUUID=822b3223-74a0-44c8-ae72-b72e27a17b65, command=[]} | ret=SUCCESS |  
2019-08-29 11:55:19,248 | INFO  | SCMAudit | user=jenkins1000 | ip=192.168.5.171 | op=SEND_HEARTBEAT {datanodeUUID=97e3324b-235f-4ceb-956e-993ee2fe234c, command=[]} | ret=SUCCESS |  
2019-08-29 11:55:19,321 | INFO  | SCMAudit | user=jenkins1000 | ip=192.168.5.171 | op=SEND_HEARTBEAT {datanodeUUID=6997f81c-1ecf-488f-a14c-812b649ddfad, command=[]} | ret=SUCCESS |  
2019-08-29 11:55:19,337 [79404ccb-3783-4150-88ba-2fea440d7696:group-A8FA0292109A:LeaderElection140] INFO  impl.LeaderElection (LeaderElection.java:askForVotes(181)) - 79404ccb-3783-4150-88ba-2fea440d7696:group-A8FA0292109A:LeaderElection140: begin an election at term 8 for 0: [0927c2fb-bc54-48d8-8b4a-6f0f550fa3d8:192.168.5.171:45391, 79404ccb-3783-4150-88ba-2fea440d7696:192.168.5.171:38238, 0237fb14-0601-4188-bfaa-710869c5af5c:192.168.5.171:34413], old=null
2019-08-29 11:55:19,339 [79404ccb-3783-4150-88ba-2fea440d7696:group-A8FA0292109A:LeaderElection140] INFO  impl.LeaderElection (LogUtils.java:infoOrTrace(149)) - 79404ccb-3783-4150-88ba-2fea440d7696:group-A8FA0292109A:LeaderElection140 got exception when requesting votes: {}
java.util.concurrent.ExecutionException: org.apache.ratis.thirdparty.io.grpc.StatusRuntimeException: UNAVAILABLE: io exception
	at java.util.concurrent.FutureTask.report(FutureTask.java:122)
	at java.util.concurrent.FutureTask.get(FutureTask.java:192)
	at org.apache.ratis.server.impl.LeaderElection.waitForResults(LeaderElection.java:262)
	at org.apache.ratis.server.impl.LeaderElection.askForVotes(LeaderElection.java:200)
	at org.apache.ratis.server.impl.LeaderElection.run(LeaderElection.java:130)
	at java.lang.Thread.run(Thread.java:748)
Caused by: org.apache.ratis.thirdparty.io.grpc.StatusRuntimeException: UNAVAILABLE: io exception
	at org.apache.ratis.thirdparty.io.grpc.stub.ClientCalls.toStatusRuntimeException(ClientCalls.java:233)
	at org.apache.ratis.thirdparty.io.grpc.stub.ClientCalls.getUnchecked(ClientCalls.java:214)
	at org.apache.ratis.thirdparty.io.grpc.stub.ClientCalls.blockingUnaryCall(ClientCalls.java:139)
	at org.apache.ratis.proto.grpc.RaftServerProtocolServiceGrpc$RaftServerProtocolServiceBlockingStub.requestVote(RaftServerProtocolServiceGrpc.java:265)
	at org.apache.ratis.grpc.server.GrpcServerProtocolClient.requestVote(GrpcServerProtocolClient.java:83)
	at org.apache.ratis.grpc.server.GrpcService.requestVote(GrpcService.java:195)
	at org.apache.ratis.server.impl.LeaderElection.lambda$submitRequests$1(LeaderElection.java:237)
	at java.util.concurrent.FutureTask.run(FutureTask.java:266)
	at java.util.concurrent.Executors$RunnableAdapter.call(Executors.java:511)
	at java.util.concurrent.FutureTask.run(FutureTask.java:266)
	at java.util.concurrent.ThreadPoolExecutor.runWorker(ThreadPoolExecutor.java:1149)
	at java.util.concurrent.ThreadPoolExecutor$Worker.run(ThreadPoolExecutor.java:624)
	... 1 more
Caused by: org.apache.ratis.thirdparty.io.netty.channel.AbstractChannel$AnnotatedConnectException: Connection refused: /192.168.5.171:45391
	at sun.nio.ch.SocketChannelImpl.checkConnect(Native Method)
	at sun.nio.ch.SocketChannelImpl.finishConnect(SocketChannelImpl.java:717)
	at org.apache.ratis.thirdparty.io.netty.channel.socket.nio.NioSocketChannel.doFinishConnect(NioSocketChannel.java:327)
	at org.apache.ratis.thirdparty.io.netty.channel.nio.AbstractNioChannel$AbstractNioUnsafe.finishConnect(AbstractNioChannel.java:340)
	at org.apache.ratis.thirdparty.io.netty.channel.nio.NioEventLoop.processSelectedKey(NioEventLoop.java:632)
	at org.apache.ratis.thirdparty.io.netty.channel.nio.NioEventLoop.processSelectedKeysOptimized(NioEventLoop.java:579)
	at org.apache.ratis.thirdparty.io.netty.channel.nio.NioEventLoop.processSelectedKeys(NioEventLoop.java:496)
	at org.apache.ratis.thirdparty.io.netty.channel.nio.NioEventLoop.run(NioEventLoop.java:458)
	at org.apache.ratis.thirdparty.io.netty.util.concurrent.SingleThreadEventExecutor$5.run(SingleThreadEventExecutor.java:897)
	at org.apache.ratis.thirdparty.io.netty.util.concurrent.FastThreadLocalRunnable.run(FastThreadLocalRunnable.java:30)
	... 1 more
Caused by: java.net.ConnectException: Connection refused
	... 11 more
2019-08-29 11:55:19,339 [79404ccb-3783-4150-88ba-2fea440d7696:group-A8FA0292109A:LeaderElection140] INFO  impl.LeaderElection (LogUtils.java:infoOrTrace(149)) - 79404ccb-3783-4150-88ba-2fea440d7696:group-A8FA0292109A:LeaderElection140 got exception when requesting votes: {}
java.util.concurrent.ExecutionException: org.apache.ratis.thirdparty.io.grpc.StatusRuntimeException: UNAVAILABLE: io exception
	at java.util.concurrent.FutureTask.report(FutureTask.java:122)
	at java.util.concurrent.FutureTask.get(FutureTask.java:192)
	at org.apache.ratis.server.impl.LeaderElection.waitForResults(LeaderElection.java:262)
	at org.apache.ratis.server.impl.LeaderElection.askForVotes(LeaderElection.java:200)
	at org.apache.ratis.server.impl.LeaderElection.run(LeaderElection.java:130)
	at java.lang.Thread.run(Thread.java:748)
Caused by: org.apache.ratis.thirdparty.io.grpc.StatusRuntimeException: UNAVAILABLE: io exception
	at org.apache.ratis.thirdparty.io.grpc.stub.ClientCalls.toStatusRuntimeException(ClientCalls.java:233)
	at org.apache.ratis.thirdparty.io.grpc.stub.ClientCalls.getUnchecked(ClientCalls.java:214)
	at org.apache.ratis.thirdparty.io.grpc.stub.ClientCalls.blockingUnaryCall(ClientCalls.java:139)
	at org.apache.ratis.proto.grpc.RaftServerProtocolServiceGrpc$RaftServerProtocolServiceBlockingStub.requestVote(RaftServerProtocolServiceGrpc.java:265)
	at org.apache.ratis.grpc.server.GrpcServerProtocolClient.requestVote(GrpcServerProtocolClient.java:83)
	at org.apache.ratis.grpc.server.GrpcService.requestVote(GrpcService.java:195)
	at org.apache.ratis.server.impl.LeaderElection.lambda$submitRequests$1(LeaderElection.java:237)
	at java.util.concurrent.FutureTask.run(FutureTask.java:266)
	at java.util.concurrent.Executors$RunnableAdapter.call(Executors.java:511)
	at java.util.concurrent.FutureTask.run(FutureTask.java:266)
	at java.util.concurrent.ThreadPoolExecutor.runWorker(ThreadPoolExecutor.java:1149)
	at java.util.concurrent.ThreadPoolExecutor$Worker.run(ThreadPoolExecutor.java:624)
	... 1 more
Caused by: org.apache.ratis.thirdparty.io.netty.channel.AbstractChannel$AnnotatedConnectException: Connection refused: /192.168.5.171:34413
	at sun.nio.ch.SocketChannelImpl.checkConnect(Native Method)
	at sun.nio.ch.SocketChannelImpl.finishConnect(SocketChannelImpl.java:717)
	at org.apache.ratis.thirdparty.io.netty.channel.socket.nio.NioSocketChannel.doFinishConnect(NioSocketChannel.java:327)
	at org.apache.ratis.thirdparty.io.netty.channel.nio.AbstractNioChannel$AbstractNioUnsafe.finishConnect(AbstractNioChannel.java:340)
	at org.apache.ratis.thirdparty.io.netty.channel.nio.NioEventLoop.processSelectedKey(NioEventLoop.java:632)
	at org.apache.ratis.thirdparty.io.netty.channel.nio.NioEventLoop.processSelectedKeysOptimized(NioEventLoop.java:579)
	at org.apache.ratis.thirdparty.io.netty.channel.nio.NioEventLoop.processSelectedKeys(NioEventLoop.java:496)
	at org.apache.ratis.thirdparty.io.netty.channel.nio.NioEventLoop.run(NioEventLoop.java:458)
	at org.apache.ratis.thirdparty.io.netty.util.concurrent.SingleThreadEventExecutor$5.run(SingleThreadEventExecutor.java:897)
	at org.apache.ratis.thirdparty.io.netty.util.concurrent.FastThreadLocalRunnable.run(FastThreadLocalRunnable.java:30)
	... 1 more
Caused by: java.net.ConnectException: Connection refused
	... 11 more
2019-08-29 11:55:19,340 [java.util.concurrent.ThreadPoolExecutor$Worker@52380d3[State = -1, empty queue]] WARN  server.GrpcLogAppender (GrpcLogAppender.java:timeoutAppendRequest(200)) - GrpcLogAppender(edbdd45e-116e-45c7-951f-264ab28d364f->6997f81c-1ecf-488f-a14c-812b649ddfad): appendEntries Timeout, request=edbdd45e-116e-45c7-951f-264ab28d364f->6997f81c-1ecf-488f-a14c-812b649ddfad#80-t2, previous=(t:2, i:1), leaderCommit=0, initializing? false, entries: <empty>
2019-08-29 11:55:19,340 [java.util.concurrent.ThreadPoolExecutor$Worker@2351d1e1[State = -1, empty queue]] WARN  server.GrpcLogAppender (GrpcLogAppender.java:timeoutAppendRequest(200)) - GrpcLogAppender(edbdd45e-116e-45c7-951f-264ab28d364f->97e3324b-235f-4ceb-956e-993ee2fe234c): appendEntries Timeout, request=edbdd45e-116e-45c7-951f-264ab28d364f->97e3324b-235f-4ceb-956e-993ee2fe234c#80-t2, previous=(t:2, i:1), leaderCommit=0, initializing? false, entries: <empty>
2019-08-29 11:55:19,340 [79404ccb-3783-4150-88ba-2fea440d7696:group-A8FA0292109A:LeaderElection140] INFO  impl.LeaderElection (LeaderElection.java:logAndReturn(56)) - 79404ccb-3783-4150-88ba-2fea440d7696:group-A8FA0292109A:LeaderElection140: Election REJECTED; received 0 response(s) [] and 2 exception(s); 79404ccb-3783-4150-88ba-2fea440d7696:t8, leader=null, voted=79404ccb-3783-4150-88ba-2fea440d7696, raftlog=79404ccb-3783-4150-88ba-2fea440d7696-SegmentedRaftLog:OPENED:c4,f4,i4, conf=0: [0927c2fb-bc54-48d8-8b4a-6f0f550fa3d8:192.168.5.171:45391, 79404ccb-3783-4150-88ba-2fea440d7696:192.168.5.171:38238, 0237fb14-0601-4188-bfaa-710869c5af5c:192.168.5.171:34413], old=null
2019-08-29 11:55:19,340 [79404ccb-3783-4150-88ba-2fea440d7696:group-A8FA0292109A:LeaderElection140] INFO  impl.LeaderElection (LogUtils.java:infoOrTrace(149)) -   Exception 0: {}
java.util.concurrent.ExecutionException: org.apache.ratis.thirdparty.io.grpc.StatusRuntimeException: UNAVAILABLE: io exception
	at java.util.concurrent.FutureTask.report(FutureTask.java:122)
	at java.util.concurrent.FutureTask.get(FutureTask.java:192)
	at org.apache.ratis.server.impl.LeaderElection.waitForResults(LeaderElection.java:262)
	at org.apache.ratis.server.impl.LeaderElection.askForVotes(LeaderElection.java:200)
	at org.apache.ratis.server.impl.LeaderElection.run(LeaderElection.java:130)
	at java.lang.Thread.run(Thread.java:748)
Caused by: org.apache.ratis.thirdparty.io.grpc.StatusRuntimeException: UNAVAILABLE: io exception
	at org.apache.ratis.thirdparty.io.grpc.stub.ClientCalls.toStatusRuntimeException(ClientCalls.java:233)
	at org.apache.ratis.thirdparty.io.grpc.stub.ClientCalls.getUnchecked(ClientCalls.java:214)
	at org.apache.ratis.thirdparty.io.grpc.stub.ClientCalls.blockingUnaryCall(ClientCalls.java:139)
	at org.apache.ratis.proto.grpc.RaftServerProtocolServiceGrpc$RaftServerProtocolServiceBlockingStub.requestVote(RaftServerProtocolServiceGrpc.java:265)
	at org.apache.ratis.grpc.server.GrpcServerProtocolClient.requestVote(GrpcServerProtocolClient.java:83)
	at org.apache.ratis.grpc.server.GrpcService.requestVote(GrpcService.java:195)
	at org.apache.ratis.server.impl.LeaderElection.lambda$submitRequests$1(LeaderElection.java:237)
	at java.util.concurrent.FutureTask.run(FutureTask.java:266)
	at java.util.concurrent.Executors$RunnableAdapter.call(Executors.java:511)
	at java.util.concurrent.FutureTask.run(FutureTask.java:266)
	at java.util.concurrent.ThreadPoolExecutor.runWorker(ThreadPoolExecutor.java:1149)
	at java.util.concurrent.ThreadPoolExecutor$Worker.run(ThreadPoolExecutor.java:624)
	... 1 more
Caused by: org.apache.ratis.thirdparty.io.netty.channel.AbstractChannel$AnnotatedConnectException: Connection refused: /192.168.5.171:45391
	at sun.nio.ch.SocketChannelImpl.checkConnect(Native Method)
	at sun.nio.ch.SocketChannelImpl.finishConnect(SocketChannelImpl.java:717)
	at org.apache.ratis.thirdparty.io.netty.channel.socket.nio.NioSocketChannel.doFinishConnect(NioSocketChannel.java:327)
	at org.apache.ratis.thirdparty.io.netty.channel.nio.AbstractNioChannel$AbstractNioUnsafe.finishConnect(AbstractNioChannel.java:340)
	at org.apache.ratis.thirdparty.io.netty.channel.nio.NioEventLoop.processSelectedKey(NioEventLoop.java:632)
	at org.apache.ratis.thirdparty.io.netty.channel.nio.NioEventLoop.processSelectedKeysOptimized(NioEventLoop.java:579)
	at org.apache.ratis.thirdparty.io.netty.channel.nio.NioEventLoop.processSelectedKeys(NioEventLoop.java:496)
	at org.apache.ratis.thirdparty.io.netty.channel.nio.NioEventLoop.run(NioEventLoop.java:458)
	at org.apache.ratis.thirdparty.io.netty.util.concurrent.SingleThreadEventExecutor$5.run(SingleThreadEventExecutor.java:897)
	at org.apache.ratis.thirdparty.io.netty.util.concurrent.FastThreadLocalRunnable.run(FastThreadLocalRunnable.java:30)
	... 1 more
Caused by: java.net.ConnectException: Connection refused
	... 11 more
2019-08-29 11:55:19,341 [79404ccb-3783-4150-88ba-2fea440d7696:group-A8FA0292109A:LeaderElection140] INFO  impl.LeaderElection (LogUtils.java:infoOrTrace(149)) -   Exception 1: {}
java.util.concurrent.ExecutionException: org.apache.ratis.thirdparty.io.grpc.StatusRuntimeException: UNAVAILABLE: io exception
	at java.util.concurrent.FutureTask.report(FutureTask.java:122)
	at java.util.concurrent.FutureTask.get(FutureTask.java:192)
	at org.apache.ratis.server.impl.LeaderElection.waitForResults(LeaderElection.java:262)
	at org.apache.ratis.server.impl.LeaderElection.askForVotes(LeaderElection.java:200)
	at org.apache.ratis.server.impl.LeaderElection.run(LeaderElection.java:130)
	at java.lang.Thread.run(Thread.java:748)
Caused by: org.apache.ratis.thirdparty.io.grpc.StatusRuntimeException: UNAVAILABLE: io exception
	at org.apache.ratis.thirdparty.io.grpc.stub.ClientCalls.toStatusRuntimeException(ClientCalls.java:233)
	at org.apache.ratis.thirdparty.io.grpc.stub.ClientCalls.getUnchecked(ClientCalls.java:214)
	at org.apache.ratis.thirdparty.io.grpc.stub.ClientCalls.blockingUnaryCall(ClientCalls.java:139)
	at org.apache.ratis.proto.grpc.RaftServerProtocolServiceGrpc$RaftServerProtocolServiceBlockingStub.requestVote(RaftServerProtocolServiceGrpc.java:265)
	at org.apache.ratis.grpc.server.GrpcServerProtocolClient.requestVote(GrpcServerProtocolClient.java:83)
	at org.apache.ratis.grpc.server.GrpcService.requestVote(GrpcService.java:195)
	at org.apache.ratis.server.impl.LeaderElection.lambda$submitRequests$1(LeaderElection.java:237)
	at java.util.concurrent.FutureTask.run(FutureTask.java:266)
	at java.util.concurrent.Executors$RunnableAdapter.call(Executors.java:511)
	at java.util.concurrent.FutureTask.run(FutureTask.java:266)
	at java.util.concurrent.ThreadPoolExecutor.runWorker(ThreadPoolExecutor.java:1149)
	at java.util.concurrent.ThreadPoolExecutor$Worker.run(ThreadPoolExecutor.java:624)
	... 1 more
Caused by: org.apache.ratis.thirdparty.io.netty.channel.AbstractChannel$AnnotatedConnectException: Connection refused: /192.168.5.171:34413
	at sun.nio.ch.SocketChannelImpl.checkConnect(Native Method)
	at sun.nio.ch.SocketChannelImpl.finishConnect(SocketChannelImpl.java:717)
	at org.apache.ratis.thirdparty.io.netty.channel.socket.nio.NioSocketChannel.doFinishConnect(NioSocketChannel.java:327)
	at org.apache.ratis.thirdparty.io.netty.channel.nio.AbstractNioChannel$AbstractNioUnsafe.finishConnect(AbstractNioChannel.java:340)
	at org.apache.ratis.thirdparty.io.netty.channel.nio.NioEventLoop.processSelectedKey(NioEventLoop.java:632)
	at org.apache.ratis.thirdparty.io.netty.channel.nio.NioEventLoop.processSelectedKeysOptimized(NioEventLoop.java:579)
	at org.apache.ratis.thirdparty.io.netty.channel.nio.NioEventLoop.processSelectedKeys(NioEventLoop.java:496)
	at org.apache.ratis.thirdparty.io.netty.channel.nio.NioEventLoop.run(NioEventLoop.java:458)
	at org.apache.ratis.thirdparty.io.netty.util.concurrent.SingleThreadEventExecutor$5.run(SingleThreadEventExecutor.java:897)
	at org.apache.ratis.thirdparty.io.netty.util.concurrent.FastThreadLocalRunnable.run(FastThreadLocalRunnable.java:30)
	... 1 more
Caused by: java.net.ConnectException: Connection refused
	... 11 more
2019-08-29 11:55:19,341 [79404ccb-3783-4150-88ba-2fea440d7696:group-A8FA0292109A:LeaderElection140] INFO  impl.RaftServerImpl (RaftServerImpl.java:setRole(171)) - 79404ccb-3783-4150-88ba-2fea440d7696:group-A8FA0292109A changes role from CANDIDATE to FOLLOWER at term 8 for DISCOVERED_A_NEW_TERM
2019-08-29 11:55:19,341 [79404ccb-3783-4150-88ba-2fea440d7696:group-A8FA0292109A:LeaderElection140] INFO  impl.RoleInfo (RoleInfo.java:shutdownLeaderElection(134)) - 79404ccb-3783-4150-88ba-2fea440d7696: shutdown LeaderElection
2019-08-29 11:55:19,342 [79404ccb-3783-4150-88ba-2fea440d7696:group-A8FA0292109A:LeaderElection140] INFO  impl.RoleInfo (RoleInfo.java:updateAndGet(143)) - 79404ccb-3783-4150-88ba-2fea440d7696: start FollowerState
2019-08-29 11:55:19,389 | INFO  | SCMAudit | user=jenkins1000 | ip=192.168.5.171 | op=SEND_HEARTBEAT {datanodeUUID=3442b9cb-a0d9-4a64-bd62-61dec9190efe, command=[]} | ret=SUCCESS |  
2019-08-29 11:55:19,495 [java.util.concurrent.ThreadPoolExecutor$Worker@4a2cd158[State = -1, empty queue]] WARN  server.GrpcLogAppender (GrpcLogAppender.java:timeoutAppendRequest(200)) - GrpcLogAppender(368ac840-1874-400c-9a5e-97ce3a83695d->21c7cf7b-6251-48a4-bdb1-01914484bde5): appendEntries Timeout, request=368ac840-1874-400c-9a5e-97ce3a83695d->21c7cf7b-6251-48a4-bdb1-01914484bde5#82-t1, previous=(t:1, i:1), leaderCommit=0, initializing? false, entries: <empty>
2019-08-29 11:55:19,495 [java.util.concurrent.ThreadPoolExecutor$Worker@67975a21[State = -1, empty queue]] WARN  server.GrpcLogAppender (GrpcLogAppender.java:timeoutAppendRequest(200)) - GrpcLogAppender(368ac840-1874-400c-9a5e-97ce3a83695d->822b3223-74a0-44c8-ae72-b72e27a17b65): appendEntries Timeout, request=368ac840-1874-400c-9a5e-97ce3a83695d->822b3223-74a0-44c8-ae72-b72e27a17b65#82-t1, previous=(t:1, i:1), leaderCommit=0, initializing? false, entries: <empty>
2019-08-29 11:55:19,840 [java.util.concurrent.ThreadPoolExecutor$Worker@52380d3[State = -1, empty queue]] WARN  server.GrpcLogAppender (GrpcLogAppender.java:timeoutAppendRequest(200)) - GrpcLogAppender(edbdd45e-116e-45c7-951f-264ab28d364f->6997f81c-1ecf-488f-a14c-812b649ddfad): appendEntries Timeout, request=edbdd45e-116e-45c7-951f-264ab28d364f->6997f81c-1ecf-488f-a14c-812b649ddfad#81-t2, previous=(t:2, i:1), leaderCommit=0, initializing? false, entries: <empty>
2019-08-29 11:55:19,840 [java.util.concurrent.ThreadPoolExecutor$Worker@2351d1e1[State = -1, empty queue]] WARN  server.GrpcLogAppender (GrpcLogAppender.java:timeoutAppendRequest(200)) - GrpcLogAppender(edbdd45e-116e-45c7-951f-264ab28d364f->97e3324b-235f-4ceb-956e-993ee2fe234c): appendEntries Timeout, request=edbdd45e-116e-45c7-951f-264ab28d364f->97e3324b-235f-4ceb-956e-993ee2fe234c#81-t2, previous=(t:2, i:1), leaderCommit=0, initializing? false, entries: <empty>
2019-08-29 11:55:19,854 | INFO  | SCMAudit | user=jenkins1000 | ip=192.168.5.171 | op=SEND_HEARTBEAT {datanodeUUID=21c7cf7b-6251-48a4-bdb1-01914484bde5, command=[]} | ret=SUCCESS |  
2019-08-29 11:55:19,921 | INFO  | SCMAudit | user=jenkins1000 | ip=192.168.5.171 | op=SEND_HEARTBEAT {datanodeUUID=79404ccb-3783-4150-88ba-2fea440d7696, command=[]} | ret=SUCCESS |  
2019-08-29 11:55:19,928 | INFO  | SCMAudit | user=jenkins1000 | ip=192.168.5.171 | op=SEND_HEARTBEAT {datanodeUUID=368ac840-1874-400c-9a5e-97ce3a83695d, command=[]} | ret=SUCCESS |  
2019-08-29 11:55:19,995 [java.util.concurrent.ThreadPoolExecutor$Worker@4a2cd158[State = -1, empty queue]] WARN  server.GrpcLogAppender (GrpcLogAppender.java:timeoutAppendRequest(200)) - GrpcLogAppender(368ac840-1874-400c-9a5e-97ce3a83695d->21c7cf7b-6251-48a4-bdb1-01914484bde5): appendEntries Timeout, request=368ac840-1874-400c-9a5e-97ce3a83695d->21c7cf7b-6251-48a4-bdb1-01914484bde5#83-t1, previous=(t:1, i:1), leaderCommit=0, initializing? false, entries: <empty>
2019-08-29 11:55:19,995 [java.util.concurrent.ThreadPoolExecutor$Worker@67975a21[State = -1, empty queue]] WARN  server.GrpcLogAppender (GrpcLogAppender.java:timeoutAppendRequest(200)) - GrpcLogAppender(368ac840-1874-400c-9a5e-97ce3a83695d->822b3223-74a0-44c8-ae72-b72e27a17b65): appendEntries Timeout, request=368ac840-1874-400c-9a5e-97ce3a83695d->822b3223-74a0-44c8-ae72-b72e27a17b65#83-t1, previous=(t:1, i:1), leaderCommit=0, initializing? false, entries: <empty>
2019-08-29 11:55:20,051 | INFO  | SCMAudit | user=jenkins1000 | ip=192.168.5.171 | op=SEND_HEARTBEAT {datanodeUUID=edbdd45e-116e-45c7-951f-264ab28d364f, command=[]} | ret=SUCCESS |  
2019-08-29 11:55:20,193 | INFO  | SCMAudit | user=jenkins1000 | ip=192.168.5.171 | op=SEND_HEARTBEAT {datanodeUUID=822b3223-74a0-44c8-ae72-b72e27a17b65, command=[]} | ret=SUCCESS |  
2019-08-29 11:55:20,248 | INFO  | SCMAudit | user=jenkins1000 | ip=192.168.5.171 | op=SEND_HEARTBEAT {datanodeUUID=97e3324b-235f-4ceb-956e-993ee2fe234c, command=[]} | ret=SUCCESS |  
2019-08-29 11:55:20,322 | INFO  | SCMAudit | user=jenkins1000 | ip=192.168.5.171 | op=SEND_HEARTBEAT {datanodeUUID=6997f81c-1ecf-488f-a14c-812b649ddfad, command=[]} | ret=SUCCESS |  
2019-08-29 11:55:20,340 [java.util.concurrent.ThreadPoolExecutor$Worker@2351d1e1[State = -1, empty queue]] WARN  server.GrpcLogAppender (GrpcLogAppender.java:timeoutAppendRequest(200)) - GrpcLogAppender(edbdd45e-116e-45c7-951f-264ab28d364f->97e3324b-235f-4ceb-956e-993ee2fe234c): appendEntries Timeout, request=edbdd45e-116e-45c7-951f-264ab28d364f->97e3324b-235f-4ceb-956e-993ee2fe234c#82-t2, previous=(t:2, i:1), leaderCommit=0, initializing? false, entries: <empty>
2019-08-29 11:55:20,340 [java.util.concurrent.ThreadPoolExecutor$Worker@52380d3[State = -1, empty queue]] WARN  server.GrpcLogAppender (GrpcLogAppender.java:timeoutAppendRequest(200)) - GrpcLogAppender(edbdd45e-116e-45c7-951f-264ab28d364f->6997f81c-1ecf-488f-a14c-812b649ddfad): appendEntries Timeout, request=edbdd45e-116e-45c7-951f-264ab28d364f->6997f81c-1ecf-488f-a14c-812b649ddfad#82-t2, previous=(t:2, i:1), leaderCommit=0, initializing? false, entries: <empty>
2019-08-29 11:55:20,389 | INFO  | SCMAudit | user=jenkins1000 | ip=192.168.5.171 | op=SEND_HEARTBEAT {datanodeUUID=3442b9cb-a0d9-4a64-bd62-61dec9190efe, command=[]} | ret=SUCCESS |  
2019-08-29 11:55:20,490 [368ac840-1874-400c-9a5e-97ce3a83695d-SegmentedRaftLogWorker:Storage Directory /workdir/hadoop-ozone/integration-test/target/test-dir/MiniOzoneClusterImpl-16ce5ac2-d92d-4b29-933b-33d00735e97e/datanode-1/data/ratis/a09c7214-0f17-4bde-9a6c-c6e4a73c4023] WARN  segmented.SegmentedRaftLogWorker (SegmentedRaftLogWorker.java:getFromFuture(90)) - Timeout 0/~
org.apache.ratis.protocol.TimeoutIOException: Timeout 10s: WriteLog:1: (t:1, i:1), STATEMACHINELOGENTRY, client-5AD365A517BD, cid=100-writeStateMachineData
	at org.apache.ratis.util.IOUtils.getFromFuture(IOUtils.java:87)
	at org.apache.ratis.server.raftlog.segmented.SegmentedRaftLogWorker$StateMachineDataPolicy.getFromFuture(SegmentedRaftLogWorker.java:87)
	at org.apache.ratis.server.raftlog.segmented.SegmentedRaftLogWorker$WriteLog.execute(SegmentedRaftLogWorker.java:477)
	at org.apache.ratis.server.raftlog.segmented.SegmentedRaftLogWorker.run(SegmentedRaftLogWorker.java:289)
	at java.lang.Thread.run(Thread.java:748)
Caused by: java.util.concurrent.TimeoutException
	at java.util.concurrent.CompletableFuture.timedGet(CompletableFuture.java:1771)
	at java.util.concurrent.CompletableFuture.get(CompletableFuture.java:1915)
	at org.apache.ratis.util.IOUtils.getFromFuture(IOUtils.java:79)
	... 4 more
2019-08-29 11:55:20,491 [Thread-3357] INFO  impl.FollowerState (FollowerState.java:run(106)) - 79404ccb-3783-4150-88ba-2fea440d7696:group-A8FA0292109A changes to CANDIDATE, lastRpcTime:1149, electionTimeout:1146ms
2019-08-29 11:55:20,491 [Thread-3357] INFO  impl.RoleInfo (RoleInfo.java:shutdownFollowerState(121)) - 79404ccb-3783-4150-88ba-2fea440d7696: shutdown FollowerState
2019-08-29 11:55:20,491 [Thread-3357] INFO  impl.RaftServerImpl (RaftServerImpl.java:setRole(171)) - 79404ccb-3783-4150-88ba-2fea440d7696:group-A8FA0292109A changes role from FOLLOWER to CANDIDATE at term 8 for changeToCandidate
2019-08-29 11:55:20,491 [Thread-3357] INFO  impl.RoleInfo (RoleInfo.java:updateAndGet(143)) - 79404ccb-3783-4150-88ba-2fea440d7696: start LeaderElection
2019-08-29 11:55:20,492 [21c7cf7b-6251-48a4-bdb1-01914484bde5-SegmentedRaftLogWorker:Storage Directory /workdir/hadoop-ozone/integration-test/target/test-dir/MiniOzoneClusterImpl-16ce5ac2-d92d-4b29-933b-33d00735e97e/datanode-0/data/ratis/a09c7214-0f17-4bde-9a6c-c6e4a73c4023] WARN  segmented.SegmentedRaftLogWorker (SegmentedRaftLogWorker.java:getFromFuture(90)) - Timeout 0/~
org.apache.ratis.protocol.TimeoutIOException: Timeout 10s: WriteLog:1: (t:1, i:1), STATEMACHINELOGENTRY, client-5AD365A517BD, cid=100-writeStateMachineData
	at org.apache.ratis.util.IOUtils.getFromFuture(IOUtils.java:87)
	at org.apache.ratis.server.raftlog.segmented.SegmentedRaftLogWorker$StateMachineDataPolicy.getFromFuture(SegmentedRaftLogWorker.java:87)
	at org.apache.ratis.server.raftlog.segmented.SegmentedRaftLogWorker$WriteLog.execute(SegmentedRaftLogWorker.java:477)
	at org.apache.ratis.server.raftlog.segmented.SegmentedRaftLogWorker.run(SegmentedRaftLogWorker.java:289)
	at java.lang.Thread.run(Thread.java:748)
Caused by: java.util.concurrent.TimeoutException
	at java.util.concurrent.CompletableFuture.timedGet(CompletableFuture.java:1771)
	at java.util.concurrent.CompletableFuture.get(CompletableFuture.java:1915)
	at org.apache.ratis.util.IOUtils.getFromFuture(IOUtils.java:79)
	... 4 more
2019-08-29 11:55:20,493 [822b3223-74a0-44c8-ae72-b72e27a17b65-SegmentedRaftLogWorker:Storage Directory /workdir/hadoop-ozone/integration-test/target/test-dir/MiniOzoneClusterImpl-16ce5ac2-d92d-4b29-933b-33d00735e97e/datanode-5/data/ratis/a09c7214-0f17-4bde-9a6c-c6e4a73c4023] WARN  segmented.SegmentedRaftLogWorker (SegmentedRaftLogWorker.java:getFromFuture(90)) - Timeout 0/~
org.apache.ratis.protocol.TimeoutIOException: Timeout 10s: WriteLog:1: (t:1, i:1), STATEMACHINELOGENTRY, client-5AD365A517BD, cid=100-writeStateMachineData
	at org.apache.ratis.util.IOUtils.getFromFuture(IOUtils.java:87)
	at org.apache.ratis.server.raftlog.segmented.SegmentedRaftLogWorker$StateMachineDataPolicy.getFromFuture(SegmentedRaftLogWorker.java:87)
	at org.apache.ratis.server.raftlog.segmented.SegmentedRaftLogWorker$WriteLog.execute(SegmentedRaftLogWorker.java:477)
	at org.apache.ratis.server.raftlog.segmented.SegmentedRaftLogWorker.run(SegmentedRaftLogWorker.java:289)
	at java.lang.Thread.run(Thread.java:748)
Caused by: java.util.concurrent.TimeoutException
	at java.util.concurrent.CompletableFuture.timedGet(CompletableFuture.java:1771)
	at java.util.concurrent.CompletableFuture.get(CompletableFuture.java:1915)
	at org.apache.ratis.util.IOUtils.getFromFuture(IOUtils.java:79)
	... 4 more
2019-08-29 11:55:20,495 [java.util.concurrent.ThreadPoolExecutor$Worker@4a2cd158[State = -1, empty queue]] WARN  server.GrpcLogAppender (GrpcLogAppender.java:timeoutAppendRequest(200)) - GrpcLogAppender(368ac840-1874-400c-9a5e-97ce3a83695d->21c7cf7b-6251-48a4-bdb1-01914484bde5): appendEntries Timeout, request=368ac840-1874-400c-9a5e-97ce3a83695d->21c7cf7b-6251-48a4-bdb1-01914484bde5#84-t1, previous=(t:1, i:1), leaderCommit=0, initializing? false, entries: <empty>
2019-08-29 11:55:20,495 [java.util.concurrent.ThreadPoolExecutor$Worker@67975a21[State = -1, empty queue]] WARN  server.GrpcLogAppender (GrpcLogAppender.java:timeoutAppendRequest(200)) - GrpcLogAppender(368ac840-1874-400c-9a5e-97ce3a83695d->822b3223-74a0-44c8-ae72-b72e27a17b65): appendEntries Timeout, request=368ac840-1874-400c-9a5e-97ce3a83695d->822b3223-74a0-44c8-ae72-b72e27a17b65#84-t1, previous=(t:1, i:1), leaderCommit=0, initializing? false, entries: <empty>
2019-08-29 11:55:20,558 [grpc-default-executor-4] INFO  client.GrpcClientProtocolClient (GrpcClientProtocolClient.java:onNext(255)) - client-5AD365A517BD->21c7cf7b-6251-48a4-bdb1-01914484bde5: receive RaftClientReply:client-5AD365A517BD->21c7cf7b-6251-48a4-bdb1-01914484bde5@group-C6E4A73C4023, cid=100, FAILED org.apache.ratis.protocol.NotLeaderException: Server 21c7cf7b-6251-48a4-bdb1-01914484bde5 is not the leader (368ac840-1874-400c-9a5e-97ce3a83695d:192.168.5.171:40345). Request must be sent to leader., logIndex=0, commits[21c7cf7b-6251-48a4-bdb1-01914484bde5:c0, 822b3223-74a0-44c8-ae72-b72e27a17b65:c0, 368ac840-1874-400c-9a5e-97ce3a83695d:c0]
2019-08-29 11:55:20,840 [java.util.concurrent.ThreadPoolExecutor$Worker@2351d1e1[State = -1, empty queue]] WARN  server.GrpcLogAppender (GrpcLogAppender.java:timeoutAppendRequest(200)) - GrpcLogAppender(edbdd45e-116e-45c7-951f-264ab28d364f->97e3324b-235f-4ceb-956e-993ee2fe234c): appendEntries Timeout, request=edbdd45e-116e-45c7-951f-264ab28d364f->97e3324b-235f-4ceb-956e-993ee2fe234c#83-t2, previous=(t:2, i:1), leaderCommit=0, initializing? false, entries: <empty>
2019-08-29 11:55:20,840 [java.util.concurrent.ThreadPoolExecutor$Worker@52380d3[State = -1, empty queue]] WARN  server.GrpcLogAppender (GrpcLogAppender.java:timeoutAppendRequest(200)) - GrpcLogAppender(edbdd45e-116e-45c7-951f-264ab28d364f->6997f81c-1ecf-488f-a14c-812b649ddfad): appendEntries Timeout, request=edbdd45e-116e-45c7-951f-264ab28d364f->6997f81c-1ecf-488f-a14c-812b649ddfad#83-t2, previous=(t:2, i:1), leaderCommit=0, initializing? false, entries: <empty>
2019-08-29 11:55:20,854 | INFO  | SCMAudit | user=jenkins1000 | ip=192.168.5.171 | op=SEND_HEARTBEAT {datanodeUUID=21c7cf7b-6251-48a4-bdb1-01914484bde5, command=[]} | ret=SUCCESS |  
2019-08-29 11:55:20,922 | INFO  | SCMAudit | user=jenkins1000 | ip=192.168.5.171 | op=SEND_HEARTBEAT {datanodeUUID=79404ccb-3783-4150-88ba-2fea440d7696, command=[]} | ret=SUCCESS |  
2019-08-29 11:55:20,927 | INFO  | SCMAudit | user=jenkins1000 | ip=192.168.5.171 | op=SEND_HEARTBEAT {datanodeUUID=368ac840-1874-400c-9a5e-97ce3a83695d, command=[]} | ret=SUCCESS |  
2019-08-29 11:55:20,996 [java.util.concurrent.ThreadPoolExecutor$Worker@4a2cd158[State = -1, empty queue]] WARN  server.GrpcLogAppender (GrpcLogAppender.java:timeoutAppendRequest(200)) - GrpcLogAppender(368ac840-1874-400c-9a5e-97ce3a83695d->21c7cf7b-6251-48a4-bdb1-01914484bde5): appendEntries Timeout, request=368ac840-1874-400c-9a5e-97ce3a83695d->21c7cf7b-6251-48a4-bdb1-01914484bde5#85-t1, previous=(t:1, i:1), leaderCommit=0, initializing? false, entries: <empty>
2019-08-29 11:55:20,996 [java.util.concurrent.ThreadPoolExecutor$Worker@67975a21[State = -1, empty queue]] WARN  server.GrpcLogAppender (GrpcLogAppender.java:timeoutAppendRequest(200)) - GrpcLogAppender(368ac840-1874-400c-9a5e-97ce3a83695d->822b3223-74a0-44c8-ae72-b72e27a17b65): appendEntries Timeout, request=368ac840-1874-400c-9a5e-97ce3a83695d->822b3223-74a0-44c8-ae72-b72e27a17b65#85-t1, previous=(t:1, i:1), leaderCommit=0, initializing? false, entries: <empty>
2019-08-29 11:55:21,051 | INFO  | SCMAudit | user=jenkins1000 | ip=192.168.5.171 | op=SEND_HEARTBEAT {datanodeUUID=edbdd45e-116e-45c7-951f-264ab28d364f, command=[]} | ret=SUCCESS |  
2019-08-29 11:55:21,193 | INFO  | SCMAudit | user=jenkins1000 | ip=192.168.5.171 | op=SEND_HEARTBEAT {datanodeUUID=822b3223-74a0-44c8-ae72-b72e27a17b65, command=[]} | ret=SUCCESS |  
2019-08-29 11:55:21,250 | INFO  | SCMAudit | user=jenkins1000 | ip=192.168.5.171 | op=SEND_HEARTBEAT {datanodeUUID=97e3324b-235f-4ceb-956e-993ee2fe234c, command=[]} | ret=SUCCESS |  
2019-08-29 11:55:21,323 | INFO  | SCMAudit | user=jenkins1000 | ip=192.168.5.171 | op=SEND_HEARTBEAT {datanodeUUID=6997f81c-1ecf-488f-a14c-812b649ddfad, command=[]} | ret=SUCCESS |  
2019-08-29 11:55:21,341 [java.util.concurrent.ThreadPoolExecutor$Worker@2351d1e1[State = -1, empty queue]] WARN  server.GrpcLogAppender (GrpcLogAppender.java:timeoutAppendRequest(200)) - GrpcLogAppender(edbdd45e-116e-45c7-951f-264ab28d364f->97e3324b-235f-4ceb-956e-993ee2fe234c): appendEntries Timeout, request=edbdd45e-116e-45c7-951f-264ab28d364f->97e3324b-235f-4ceb-956e-993ee2fe234c#84-t2, previous=(t:2, i:1), leaderCommit=0, initializing? false, entries: <empty>
2019-08-29 11:55:21,341 [java.util.concurrent.ThreadPoolExecutor$Worker@52380d3[State = -1, empty queue]] WARN  server.GrpcLogAppender (GrpcLogAppender.java:timeoutAppendRequest(200)) - GrpcLogAppender(edbdd45e-116e-45c7-951f-264ab28d364f->6997f81c-1ecf-488f-a14c-812b649ddfad): appendEntries Timeout, request=edbdd45e-116e-45c7-951f-264ab28d364f->6997f81c-1ecf-488f-a14c-812b649ddfad#84-t2, previous=(t:2, i:1), leaderCommit=0, initializing? false, entries: <empty>
2019-08-29 11:55:21,389 | INFO  | SCMAudit | user=jenkins1000 | ip=192.168.5.171 | op=SEND_HEARTBEAT {datanodeUUID=3442b9cb-a0d9-4a64-bd62-61dec9190efe, command=[]} | ret=SUCCESS |  
2019-08-29 11:55:21,496 [java.util.concurrent.ThreadPoolExecutor$Worker@4a2cd158[State = -1, empty queue]] WARN  server.GrpcLogAppender (GrpcLogAppender.java:timeoutAppendRequest(200)) - GrpcLogAppender(368ac840-1874-400c-9a5e-97ce3a83695d->21c7cf7b-6251-48a4-bdb1-01914484bde5): appendEntries Timeout, request=368ac840-1874-400c-9a5e-97ce3a83695d->21c7cf7b-6251-48a4-bdb1-01914484bde5#86-t1, previous=(t:1, i:1), leaderCommit=0, initializing? false, entries: <empty>
2019-08-29 11:55:21,496 [java.util.concurrent.ThreadPoolExecutor$Worker@67975a21[State = -1, empty queue]] WARN  server.GrpcLogAppender (GrpcLogAppender.java:timeoutAppendRequest(200)) - GrpcLogAppender(368ac840-1874-400c-9a5e-97ce3a83695d->822b3223-74a0-44c8-ae72-b72e27a17b65): appendEntries Timeout, request=368ac840-1874-400c-9a5e-97ce3a83695d->822b3223-74a0-44c8-ae72-b72e27a17b65#86-t1, previous=(t:1, i:1), leaderCommit=0, initializing? false, entries: <empty>
2019-08-29 11:55:21,841 [java.util.concurrent.ThreadPoolExecutor$Worker@2351d1e1[State = -1, empty queue]] WARN  server.GrpcLogAppender (GrpcLogAppender.java:timeoutAppendRequest(200)) - GrpcLogAppender(edbdd45e-116e-45c7-951f-264ab28d364f->97e3324b-235f-4ceb-956e-993ee2fe234c): appendEntries Timeout, request=edbdd45e-116e-45c7-951f-264ab28d364f->97e3324b-235f-4ceb-956e-993ee2fe234c#85-t2, previous=(t:2, i:1), leaderCommit=0, initializing? false, entries: <empty>
2019-08-29 11:55:21,841 [java.util.concurrent.ThreadPoolExecutor$Worker@52380d3[State = -1, empty queue]] WARN  server.GrpcLogAppender (GrpcLogAppender.java:timeoutAppendRequest(200)) - GrpcLogAppender(edbdd45e-116e-45c7-951f-264ab28d364f->6997f81c-1ecf-488f-a14c-812b649ddfad): appendEntries Timeout, request=edbdd45e-116e-45c7-951f-264ab28d364f->6997f81c-1ecf-488f-a14c-812b649ddfad#85-t2, previous=(t:2, i:1), leaderCommit=0, initializing? false, entries: <empty>
2019-08-29 11:55:21,854 | INFO  | SCMAudit | user=jenkins1000 | ip=192.168.5.171 | op=SEND_HEARTBEAT {datanodeUUID=21c7cf7b-6251-48a4-bdb1-01914484bde5, command=[]} | ret=SUCCESS |  
2019-08-29 11:55:21,921 | INFO  | SCMAudit | user=jenkins1000 | ip=192.168.5.171 | op=SEND_HEARTBEAT {datanodeUUID=79404ccb-3783-4150-88ba-2fea440d7696, command=[]} | ret=SUCCESS |  
2019-08-29 11:55:21,927 | INFO  | SCMAudit | user=jenkins1000 | ip=192.168.5.171 | op=SEND_HEARTBEAT {datanodeUUID=368ac840-1874-400c-9a5e-97ce3a83695d, command=[]} | ret=SUCCESS |  
2019-08-29 11:55:21,996 [java.util.concurrent.ThreadPoolExecutor$Worker@4a2cd158[State = -1, empty queue]] WARN  server.GrpcLogAppender (GrpcLogAppender.java:timeoutAppendRequest(200)) - GrpcLogAppender(368ac840-1874-400c-9a5e-97ce3a83695d->21c7cf7b-6251-48a4-bdb1-01914484bde5): appendEntries Timeout, request=368ac840-1874-400c-9a5e-97ce3a83695d->21c7cf7b-6251-48a4-bdb1-01914484bde5#87-t1, previous=(t:1, i:1), leaderCommit=0, initializing? false, entries: <empty>
2019-08-29 11:55:21,996 [java.util.concurrent.ThreadPoolExecutor$Worker@67975a21[State = -1, empty queue]] WARN  server.GrpcLogAppender (GrpcLogAppender.java:timeoutAppendRequest(200)) - GrpcLogAppender(368ac840-1874-400c-9a5e-97ce3a83695d->822b3223-74a0-44c8-ae72-b72e27a17b65): appendEntries Timeout, request=368ac840-1874-400c-9a5e-97ce3a83695d->822b3223-74a0-44c8-ae72-b72e27a17b65#87-t1, previous=(t:1, i:1), leaderCommit=0, initializing? false, entries: <empty>
2019-08-29 11:55:22,051 | INFO  | SCMAudit | user=jenkins1000 | ip=192.168.5.171 | op=SEND_HEARTBEAT {datanodeUUID=edbdd45e-116e-45c7-951f-264ab28d364f, command=[]} | ret=SUCCESS |  
2019-08-29 11:55:22,193 | INFO  | SCMAudit | user=jenkins1000 | ip=192.168.5.171 | op=SEND_HEARTBEAT {datanodeUUID=822b3223-74a0-44c8-ae72-b72e27a17b65, command=[]} | ret=SUCCESS |  
2019-08-29 11:55:22,250 | INFO  | SCMAudit | user=jenkins1000 | ip=192.168.5.171 | op=SEND_HEARTBEAT {datanodeUUID=97e3324b-235f-4ceb-956e-993ee2fe234c, command=[]} | ret=SUCCESS |  
2019-08-29 11:55:22,323 | INFO  | SCMAudit | user=jenkins1000 | ip=192.168.5.171 | op=SEND_HEARTBEAT {datanodeUUID=6997f81c-1ecf-488f-a14c-812b649ddfad, command=[]} | ret=SUCCESS |  
2019-08-29 11:55:22,341 [java.util.concurrent.ThreadPoolExecutor$Worker@52380d3[State = -1, empty queue]] WARN  server.GrpcLogAppender (GrpcLogAppender.java:timeoutAppendRequest(200)) - GrpcLogAppender(edbdd45e-116e-45c7-951f-264ab28d364f->6997f81c-1ecf-488f-a14c-812b649ddfad): appendEntries Timeout, request=edbdd45e-116e-45c7-951f-264ab28d364f->6997f81c-1ecf-488f-a14c-812b649ddfad#86-t2, previous=(t:2, i:1), leaderCommit=0, initializing? false, entries: <empty>
2019-08-29 11:55:22,341 [java.util.concurrent.ThreadPoolExecutor$Worker@2351d1e1[State = -1, empty queue]] WARN  server.GrpcLogAppender (GrpcLogAppender.java:timeoutAppendRequest(200)) - GrpcLogAppender(edbdd45e-116e-45c7-951f-264ab28d364f->97e3324b-235f-4ceb-956e-993ee2fe234c): appendEntries Timeout, request=edbdd45e-116e-45c7-951f-264ab28d364f->97e3324b-235f-4ceb-956e-993ee2fe234c#86-t2, previous=(t:2, i:1), leaderCommit=0, initializing? false, entries: <empty>
2019-08-29 11:55:22,389 | INFO  | SCMAudit | user=jenkins1000 | ip=192.168.5.171 | op=SEND_HEARTBEAT {datanodeUUID=3442b9cb-a0d9-4a64-bd62-61dec9190efe, command=[]} | ret=SUCCESS |  
2019-08-29 11:55:22,497 [java.util.concurrent.ThreadPoolExecutor$Worker@4a2cd158[State = -1, empty queue]] WARN  server.GrpcLogAppender (GrpcLogAppender.java:timeoutAppendRequest(200)) - GrpcLogAppender(368ac840-1874-400c-9a5e-97ce3a83695d->21c7cf7b-6251-48a4-bdb1-01914484bde5): appendEntries Timeout, request=368ac840-1874-400c-9a5e-97ce3a83695d->21c7cf7b-6251-48a4-bdb1-01914484bde5#88-t1, previous=(t:1, i:1), leaderCommit=0, initializing? false, entries: <empty>
2019-08-29 11:55:22,497 [java.util.concurrent.ThreadPoolExecutor$Worker@67975a21[State = -1, empty queue]] WARN  server.GrpcLogAppender (GrpcLogAppender.java:timeoutAppendRequest(200)) - GrpcLogAppender(368ac840-1874-400c-9a5e-97ce3a83695d->822b3223-74a0-44c8-ae72-b72e27a17b65): appendEntries Timeout, request=368ac840-1874-400c-9a5e-97ce3a83695d->822b3223-74a0-44c8-ae72-b72e27a17b65#88-t1, previous=(t:1, i:1), leaderCommit=0, initializing? false, entries: <empty>
2019-08-29 11:55:22,842 [java.util.concurrent.ThreadPoolExecutor$Worker@52380d3[State = -1, empty queue]] WARN  server.GrpcLogAppender (GrpcLogAppender.java:timeoutAppendRequest(200)) - GrpcLogAppender(edbdd45e-116e-45c7-951f-264ab28d364f->6997f81c-1ecf-488f-a14c-812b649ddfad): appendEntries Timeout, request=edbdd45e-116e-45c7-951f-264ab28d364f->6997f81c-1ecf-488f-a14c-812b649ddfad#87-t2, previous=(t:2, i:1), leaderCommit=0, initializing? false, entries: <empty>
2019-08-29 11:55:22,842 [java.util.concurrent.ThreadPoolExecutor$Worker@2351d1e1[State = -1, empty queue]] WARN  server.GrpcLogAppender (GrpcLogAppender.java:timeoutAppendRequest(200)) - GrpcLogAppender(edbdd45e-116e-45c7-951f-264ab28d364f->97e3324b-235f-4ceb-956e-993ee2fe234c): appendEntries Timeout, request=edbdd45e-116e-45c7-951f-264ab28d364f->97e3324b-235f-4ceb-956e-993ee2fe234c#87-t2, previous=(t:2, i:1), leaderCommit=0, initializing? false, entries: <empty>
2019-08-29 11:55:22,854 | INFO  | SCMAudit | user=jenkins1000 | ip=192.168.5.171 | op=SEND_HEARTBEAT {datanodeUUID=21c7cf7b-6251-48a4-bdb1-01914484bde5, command=[]} | ret=SUCCESS |  
2019-08-29 11:55:22,921 | INFO  | SCMAudit | user=jenkins1000 | ip=192.168.5.171 | op=SEND_HEARTBEAT {datanodeUUID=79404ccb-3783-4150-88ba-2fea440d7696, command=[]} | ret=SUCCESS |  
2019-08-29 11:55:22,928 | INFO  | SCMAudit | user=jenkins1000 | ip=192.168.5.171 | op=SEND_HEARTBEAT {datanodeUUID=368ac840-1874-400c-9a5e-97ce3a83695d, command=[]} | ret=SUCCESS |  
2019-08-29 11:55:22,997 [java.util.concurrent.ThreadPoolExecutor$Worker@4a2cd158[State = -1, empty queue]] WARN  server.GrpcLogAppender (GrpcLogAppender.java:timeoutAppendRequest(200)) - GrpcLogAppender(368ac840-1874-400c-9a5e-97ce3a83695d->21c7cf7b-6251-48a4-bdb1-01914484bde5): appendEntries Timeout, request=368ac840-1874-400c-9a5e-97ce3a83695d->21c7cf7b-6251-48a4-bdb1-01914484bde5#89-t1, previous=(t:1, i:1), leaderCommit=0, initializing? false, entries: <empty>
2019-08-29 11:55:22,997 [java.util.concurrent.ThreadPoolExecutor$Worker@67975a21[State = -1, empty queue]] WARN  server.GrpcLogAppender (GrpcLogAppender.java:timeoutAppendRequest(200)) - GrpcLogAppender(368ac840-1874-400c-9a5e-97ce3a83695d->822b3223-74a0-44c8-ae72-b72e27a17b65): appendEntries Timeout, request=368ac840-1874-400c-9a5e-97ce3a83695d->822b3223-74a0-44c8-ae72-b72e27a17b65#89-t1, previous=(t:1, i:1), leaderCommit=0, initializing? false, entries: <empty>
2019-08-29 11:55:23,051 | INFO  | SCMAudit | user=jenkins1000 | ip=192.168.5.171 | op=SEND_HEARTBEAT {datanodeUUID=edbdd45e-116e-45c7-951f-264ab28d364f, command=[]} | ret=SUCCESS |  
2019-08-29 11:55:23,193 | INFO  | SCMAudit | user=jenkins1000 | ip=192.168.5.171 | op=SEND_HEARTBEAT {datanodeUUID=822b3223-74a0-44c8-ae72-b72e27a17b65, command=[]} | ret=SUCCESS |  
2019-08-29 11:55:23,250 | INFO  | SCMAudit | user=jenkins1000 | ip=192.168.5.171 | op=SEND_HEARTBEAT {datanodeUUID=97e3324b-235f-4ceb-956e-993ee2fe234c, command=[]} | ret=SUCCESS |  
2019-08-29 11:55:23,323 | INFO  | SCMAudit | user=jenkins1000 | ip=192.168.5.171 | op=SEND_HEARTBEAT {datanodeUUID=6997f81c-1ecf-488f-a14c-812b649ddfad, command=[]} | ret=SUCCESS |  
2019-08-29 11:55:23,342 [java.util.concurrent.ThreadPoolExecutor$Worker@2351d1e1[State = -1, empty queue]] WARN  server.GrpcLogAppender (GrpcLogAppender.java:timeoutAppendRequest(200)) - GrpcLogAppender(edbdd45e-116e-45c7-951f-264ab28d364f->97e3324b-235f-4ceb-956e-993ee2fe234c): appendEntries Timeout, request=edbdd45e-116e-45c7-951f-264ab28d364f->97e3324b-235f-4ceb-956e-993ee2fe234c#88-t2, previous=(t:2, i:1), leaderCommit=0, initializing? false, entries: <empty>
2019-08-29 11:55:23,342 [java.util.concurrent.ThreadPoolExecutor$Worker@52380d3[State = -1, empty queue]] WARN  server.GrpcLogAppender (GrpcLogAppender.java:timeoutAppendRequest(200)) - GrpcLogAppender(edbdd45e-116e-45c7-951f-264ab28d364f->6997f81c-1ecf-488f-a14c-812b649ddfad): appendEntries Timeout, request=edbdd45e-116e-45c7-951f-264ab28d364f->6997f81c-1ecf-488f-a14c-812b649ddfad#88-t2, previous=(t:2, i:1), leaderCommit=0, initializing? false, entries: <empty>
2019-08-29 11:55:23,389 | INFO  | SCMAudit | user=jenkins1000 | ip=192.168.5.171 | op=SEND_HEARTBEAT {datanodeUUID=3442b9cb-a0d9-4a64-bd62-61dec9190efe, command=[]} | ret=SUCCESS |  
2019-08-29 11:55:23,497 [java.util.concurrent.ThreadPoolExecutor$Worker@67975a21[State = -1, empty queue]] WARN  server.GrpcLogAppender (GrpcLogAppender.java:timeoutAppendRequest(200)) - GrpcLogAppender(368ac840-1874-400c-9a5e-97ce3a83695d->822b3223-74a0-44c8-ae72-b72e27a17b65): appendEntries Timeout, request=368ac840-1874-400c-9a5e-97ce3a83695d->822b3223-74a0-44c8-ae72-b72e27a17b65#90-t1, previous=(t:1, i:1), leaderCommit=0, initializing? false, entries: <empty>
2019-08-29 11:55:23,497 [java.util.concurrent.ThreadPoolExecutor$Worker@4a2cd158[State = -1, empty queue]] WARN  server.GrpcLogAppender (GrpcLogAppender.java:timeoutAppendRequest(200)) - GrpcLogAppender(368ac840-1874-400c-9a5e-97ce3a83695d->21c7cf7b-6251-48a4-bdb1-01914484bde5): appendEntries Timeout, request=368ac840-1874-400c-9a5e-97ce3a83695d->21c7cf7b-6251-48a4-bdb1-01914484bde5#90-t1, previous=(t:1, i:1), leaderCommit=0, initializing? false, entries: <empty>
2019-08-29 11:55:23,842 [java.util.concurrent.ThreadPoolExecutor$Worker@52380d3[State = -1, empty queue]] WARN  server.GrpcLogAppender (GrpcLogAppender.java:timeoutAppendRequest(200)) - GrpcLogAppender(edbdd45e-116e-45c7-951f-264ab28d364f->6997f81c-1ecf-488f-a14c-812b649ddfad): appendEntries Timeout, request=edbdd45e-116e-45c7-951f-264ab28d364f->6997f81c-1ecf-488f-a14c-812b649ddfad#89-t2, previous=(t:2, i:1), leaderCommit=0, initializing? false, entries: <empty>
2019-08-29 11:55:23,842 [java.util.concurrent.ThreadPoolExecutor$Worker@2351d1e1[State = -1, empty queue]] WARN  server.GrpcLogAppender (GrpcLogAppender.java:timeoutAppendRequest(200)) - GrpcLogAppender(edbdd45e-116e-45c7-951f-264ab28d364f->97e3324b-235f-4ceb-956e-993ee2fe234c): appendEntries Timeout, request=edbdd45e-116e-45c7-951f-264ab28d364f->97e3324b-235f-4ceb-956e-993ee2fe234c#89-t2, previous=(t:2, i:1), leaderCommit=0, initializing? false, entries: <empty>
2019-08-29 11:55:23,854 | INFO  | SCMAudit | user=jenkins1000 | ip=192.168.5.171 | op=SEND_HEARTBEAT {datanodeUUID=21c7cf7b-6251-48a4-bdb1-01914484bde5, command=[]} | ret=SUCCESS |  
2019-08-29 11:55:23,921 | INFO  | SCMAudit | user=jenkins1000 | ip=192.168.5.171 | op=SEND_HEARTBEAT {datanodeUUID=79404ccb-3783-4150-88ba-2fea440d7696, command=[]} | ret=SUCCESS |  
2019-08-29 11:55:23,928 | INFO  | SCMAudit | user=jenkins1000 | ip=192.168.5.171 | op=SEND_HEARTBEAT {datanodeUUID=368ac840-1874-400c-9a5e-97ce3a83695d, command=[]} | ret=SUCCESS |  
2019-08-29 11:55:23,998 [java.util.concurrent.ThreadPoolExecutor$Worker@4a2cd158[State = -1, empty queue]] WARN  server.GrpcLogAppender (GrpcLogAppender.java:timeoutAppendRequest(200)) - GrpcLogAppender(368ac840-1874-400c-9a5e-97ce3a83695d->21c7cf7b-6251-48a4-bdb1-01914484bde5): appendEntries Timeout, request=368ac840-1874-400c-9a5e-97ce3a83695d->21c7cf7b-6251-48a4-bdb1-01914484bde5#91-t1, previous=(t:1, i:1), leaderCommit=0, initializing? false, entries: <empty>
2019-08-29 11:55:23,998 [java.util.concurrent.ThreadPoolExecutor$Worker@67975a21[State = -1, empty queue]] WARN  server.GrpcLogAppender (GrpcLogAppender.java:timeoutAppendRequest(200)) - GrpcLogAppender(368ac840-1874-400c-9a5e-97ce3a83695d->822b3223-74a0-44c8-ae72-b72e27a17b65): appendEntries Timeout, request=368ac840-1874-400c-9a5e-97ce3a83695d->822b3223-74a0-44c8-ae72-b72e27a17b65#91-t1, previous=(t:1, i:1), leaderCommit=0, initializing? false, entries: <empty>
2019-08-29 11:55:24,051 | INFO  | SCMAudit | user=jenkins1000 | ip=192.168.5.171 | op=SEND_HEARTBEAT {datanodeUUID=edbdd45e-116e-45c7-951f-264ab28d364f, command=[]} | ret=SUCCESS |  
2019-08-29 11:55:24,121 | INFO  | SCMAudit | user=jenkins1000 | ip=192.168.5.171 | op=SEND_HEARTBEAT {datanodeUUID=97e3324b-235f-4ceb-956e-993ee2fe234c, command=[]} | ret=SUCCESS |  
2019-08-29 11:55:24,122 | INFO  | SCMAudit | user=jenkins1000 | ip=192.168.5.171 | op=SEND_HEARTBEAT {datanodeUUID=edbdd45e-116e-45c7-951f-264ab28d364f, command=[]} | ret=SUCCESS |  
2019-08-29 11:55:24,124 | INFO  | SCMAudit | user=jenkins1000 | ip=192.168.5.171 | op=SEND_HEARTBEAT {datanodeUUID=6997f81c-1ecf-488f-a14c-812b649ddfad, command=[]} | ret=SUCCESS |  
2019-08-29 11:55:24,193 | INFO  | SCMAudit | user=jenkins1000 | ip=192.168.5.171 | op=SEND_HEARTBEAT {datanodeUUID=822b3223-74a0-44c8-ae72-b72e27a17b65, command=[]} | ret=SUCCESS |  
2019-08-29 11:55:24,342 [java.util.concurrent.ThreadPoolExecutor$Worker@2351d1e1[State = -1, empty queue]] WARN  server.GrpcLogAppender (GrpcLogAppender.java:timeoutAppendRequest(200)) - GrpcLogAppender(edbdd45e-116e-45c7-951f-264ab28d364f->97e3324b-235f-4ceb-956e-993ee2fe234c): appendEntries Timeout, request=edbdd45e-116e-45c7-951f-264ab28d364f->97e3324b-235f-4ceb-956e-993ee2fe234c#90-t2, previous=(t:2, i:1), leaderCommit=0, initializing? false, entries: <empty>
2019-08-29 11:55:24,342 [java.util.concurrent.ThreadPoolExecutor$Worker@52380d3[State = -1, empty queue]] WARN  server.GrpcLogAppender (GrpcLogAppender.java:timeoutAppendRequest(200)) - GrpcLogAppender(edbdd45e-116e-45c7-951f-264ab28d364f->6997f81c-1ecf-488f-a14c-812b649ddfad): appendEntries Timeout, request=edbdd45e-116e-45c7-951f-264ab28d364f->6997f81c-1ecf-488f-a14c-812b649ddfad#90-t2, previous=(t:2, i:1), leaderCommit=0, initializing? false, entries: <empty>
2019-08-29 11:55:24,389 | INFO  | SCMAudit | user=jenkins1000 | ip=192.168.5.171 | op=SEND_HEARTBEAT {datanodeUUID=3442b9cb-a0d9-4a64-bd62-61dec9190efe, command=[]} | ret=SUCCESS |  
2019-08-29 11:55:24,498 [java.util.concurrent.ThreadPoolExecutor$Worker@4a2cd158[State = -1, empty queue]] WARN  server.GrpcLogAppender (GrpcLogAppender.java:timeoutAppendRequest(200)) - GrpcLogAppender(368ac840-1874-400c-9a5e-97ce3a83695d->21c7cf7b-6251-48a4-bdb1-01914484bde5): appendEntries Timeout, request=368ac840-1874-400c-9a5e-97ce3a83695d->21c7cf7b-6251-48a4-bdb1-01914484bde5#92-t1, previous=(t:1, i:1), leaderCommit=0, initializing? false, entries: <empty>
2019-08-29 11:55:24,498 [java.util.concurrent.ThreadPoolExecutor$Worker@67975a21[State = -1, empty queue]] WARN  server.GrpcLogAppender (GrpcLogAppender.java:timeoutAppendRequest(200)) - GrpcLogAppender(368ac840-1874-400c-9a5e-97ce3a83695d->822b3223-74a0-44c8-ae72-b72e27a17b65): appendEntries Timeout, request=368ac840-1874-400c-9a5e-97ce3a83695d->822b3223-74a0-44c8-ae72-b72e27a17b65#92-t1, previous=(t:1, i:1), leaderCommit=0, initializing? false, entries: <empty>
2019-08-29 11:55:24,755 [79404ccb-3783-4150-88ba-2fea440d7696:group-A8FA0292109A:LeaderElection141] INFO  impl.LeaderElection (LeaderElection.java:askForVotes(181)) - 79404ccb-3783-4150-88ba-2fea440d7696:group-A8FA0292109A:LeaderElection141: begin an election at term 9 for 0: [0927c2fb-bc54-48d8-8b4a-6f0f550fa3d8:192.168.5.171:45391, 79404ccb-3783-4150-88ba-2fea440d7696:192.168.5.171:38238, 0237fb14-0601-4188-bfaa-710869c5af5c:192.168.5.171:34413], old=null
2019-08-29 11:55:24,757 [79404ccb-3783-4150-88ba-2fea440d7696:group-A8FA0292109A:LeaderElection141] INFO  impl.LeaderElection (LogUtils.java:infoOrTrace(149)) - 79404ccb-3783-4150-88ba-2fea440d7696:group-A8FA0292109A:LeaderElection141 got exception when requesting votes: {}
java.util.concurrent.ExecutionException: org.apache.ratis.thirdparty.io.grpc.StatusRuntimeException: UNAVAILABLE: io exception
	at java.util.concurrent.FutureTask.report(FutureTask.java:122)
	at java.util.concurrent.FutureTask.get(FutureTask.java:192)
	at org.apache.ratis.server.impl.LeaderElection.waitForResults(LeaderElection.java:262)
	at org.apache.ratis.server.impl.LeaderElection.askForVotes(LeaderElection.java:200)
	at org.apache.ratis.server.impl.LeaderElection.run(LeaderElection.java:130)
	at java.lang.Thread.run(Thread.java:748)
Caused by: org.apache.ratis.thirdparty.io.grpc.StatusRuntimeException: UNAVAILABLE: io exception
	at org.apache.ratis.thirdparty.io.grpc.stub.ClientCalls.toStatusRuntimeException(ClientCalls.java:233)
	at org.apache.ratis.thirdparty.io.grpc.stub.ClientCalls.getUnchecked(ClientCalls.java:214)
	at org.apache.ratis.thirdparty.io.grpc.stub.ClientCalls.blockingUnaryCall(ClientCalls.java:139)
	at org.apache.ratis.proto.grpc.RaftServerProtocolServiceGrpc$RaftServerProtocolServiceBlockingStub.requestVote(RaftServerProtocolServiceGrpc.java:265)
	at org.apache.ratis.grpc.server.GrpcServerProtocolClient.requestVote(GrpcServerProtocolClient.java:83)
	at org.apache.ratis.grpc.server.GrpcService.requestVote(GrpcService.java:195)
	at org.apache.ratis.server.impl.LeaderElection.lambda$submitRequests$1(LeaderElection.java:237)
	at java.util.concurrent.FutureTask.run(FutureTask.java:266)
	at java.util.concurrent.Executors$RunnableAdapter.call(Executors.java:511)
	at java.util.concurrent.FutureTask.run(FutureTask.java:266)
	at java.util.concurrent.ThreadPoolExecutor.runWorker(ThreadPoolExecutor.java:1149)
	at java.util.concurrent.ThreadPoolExecutor$Worker.run(ThreadPoolExecutor.java:624)
	... 1 more
Caused by: org.apache.ratis.thirdparty.io.netty.channel.AbstractChannel$AnnotatedConnectException: Connection refused: /192.168.5.171:45391
	at sun.nio.ch.SocketChannelImpl.checkConnect(Native Method)
	at sun.nio.ch.SocketChannelImpl.finishConnect(SocketChannelImpl.java:717)
	at org.apache.ratis.thirdparty.io.netty.channel.socket.nio.NioSocketChannel.doFinishConnect(NioSocketChannel.java:327)
	at org.apache.ratis.thirdparty.io.netty.channel.nio.AbstractNioChannel$AbstractNioUnsafe.finishConnect(AbstractNioChannel.java:340)
	at org.apache.ratis.thirdparty.io.netty.channel.nio.NioEventLoop.processSelectedKey(NioEventLoop.java:632)
	at org.apache.ratis.thirdparty.io.netty.channel.nio.NioEventLoop.processSelectedKeysOptimized(NioEventLoop.java:579)
	at org.apache.ratis.thirdparty.io.netty.channel.nio.NioEventLoop.processSelectedKeys(NioEventLoop.java:496)
	at org.apache.ratis.thirdparty.io.netty.channel.nio.NioEventLoop.run(NioEventLoop.java:458)
	at org.apache.ratis.thirdparty.io.netty.util.concurrent.SingleThreadEventExecutor$5.run(SingleThreadEventExecutor.java:897)
	at org.apache.ratis.thirdparty.io.netty.util.concurrent.FastThreadLocalRunnable.run(FastThreadLocalRunnable.java:30)
	... 1 more
Caused by: java.net.ConnectException: Connection refused
	... 11 more
2019-08-29 11:55:24,757 [79404ccb-3783-4150-88ba-2fea440d7696:group-A8FA0292109A:LeaderElection141] INFO  impl.LeaderElection (LogUtils.java:infoOrTrace(149)) - 79404ccb-3783-4150-88ba-2fea440d7696:group-A8FA0292109A:LeaderElection141 got exception when requesting votes: {}
java.util.concurrent.ExecutionException: org.apache.ratis.thirdparty.io.grpc.StatusRuntimeException: UNAVAILABLE: io exception
	at java.util.concurrent.FutureTask.report(FutureTask.java:122)
	at java.util.concurrent.FutureTask.get(FutureTask.java:192)
	at org.apache.ratis.server.impl.LeaderElection.waitForResults(LeaderElection.java:262)
	at org.apache.ratis.server.impl.LeaderElection.askForVotes(LeaderElection.java:200)
	at org.apache.ratis.server.impl.LeaderElection.run(LeaderElection.java:130)
	at java.lang.Thread.run(Thread.java:748)
Caused by: org.apache.ratis.thirdparty.io.grpc.StatusRuntimeException: UNAVAILABLE: io exception
	at org.apache.ratis.thirdparty.io.grpc.stub.ClientCalls.toStatusRuntimeException(ClientCalls.java:233)
	at org.apache.ratis.thirdparty.io.grpc.stub.ClientCalls.getUnchecked(ClientCalls.java:214)
	at org.apache.ratis.thirdparty.io.grpc.stub.ClientCalls.blockingUnaryCall(ClientCalls.java:139)
	at org.apache.ratis.proto.grpc.RaftServerProtocolServiceGrpc$RaftServerProtocolServiceBlockingStub.requestVote(RaftServerProtocolServiceGrpc.java:265)
	at org.apache.ratis.grpc.server.GrpcServerProtocolClient.requestVote(GrpcServerProtocolClient.java:83)
	at org.apache.ratis.grpc.server.GrpcService.requestVote(GrpcService.java:195)
	at org.apache.ratis.server.impl.LeaderElection.lambda$submitRequests$1(LeaderElection.java:237)
	at java.util.concurrent.FutureTask.run(FutureTask.java:266)
	at java.util.concurrent.Executors$RunnableAdapter.call(Executors.java:511)
	at java.util.concurrent.FutureTask.run(FutureTask.java:266)
	at java.util.concurrent.ThreadPoolExecutor.runWorker(ThreadPoolExecutor.java:1149)
	at java.util.concurrent.ThreadPoolExecutor$Worker.run(ThreadPoolExecutor.java:624)
	... 1 more
Caused by: org.apache.ratis.thirdparty.io.netty.channel.AbstractChannel$AnnotatedConnectException: Connection refused: /192.168.5.171:34413
	at sun.nio.ch.SocketChannelImpl.checkConnect(Native Method)
	at sun.nio.ch.SocketChannelImpl.finishConnect(SocketChannelImpl.java:717)
	at org.apache.ratis.thirdparty.io.netty.channel.socket.nio.NioSocketChannel.doFinishConnect(NioSocketChannel.java:327)
	at org.apache.ratis.thirdparty.io.netty.channel.nio.AbstractNioChannel$AbstractNioUnsafe.finishConnect(AbstractNioChannel.java:340)
	at org.apache.ratis.thirdparty.io.netty.channel.nio.NioEventLoop.processSelectedKey(NioEventLoop.java:632)
	at org.apache.ratis.thirdparty.io.netty.channel.nio.NioEventLoop.processSelectedKeysOptimized(NioEventLoop.java:579)
	at org.apache.ratis.thirdparty.io.netty.channel.nio.NioEventLoop.processSelectedKeys(NioEventLoop.java:496)
	at org.apache.ratis.thirdparty.io.netty.channel.nio.NioEventLoop.run(NioEventLoop.java:458)
	at org.apache.ratis.thirdparty.io.netty.util.concurrent.SingleThreadEventExecutor$5.run(SingleThreadEventExecutor.java:897)
	at org.apache.ratis.thirdparty.io.netty.util.concurrent.FastThreadLocalRunnable.run(FastThreadLocalRunnable.java:30)
	... 1 more
Caused by: java.net.ConnectException: Connection refused
	... 11 more
2019-08-29 11:55:24,758 | INFO  | DNAudit | user=null | ip=null | op=WRITE_CHUNK {blockData=conID: 2 locID: 102700134910787595 bcsId: 0} | ret=SUCCESS |  
2019-08-29 11:55:24,758 | INFO  | DNAudit | user=null | ip=null | op=WRITE_CHUNK {blockData=conID: 2 locID: 102700134910787595 bcsId: 0} | ret=SUCCESS |  
2019-08-29 11:55:24,758 [79404ccb-3783-4150-88ba-2fea440d7696:group-A8FA0292109A:LeaderElection141] INFO  impl.LeaderElection (LeaderElection.java:logAndReturn(56)) - 79404ccb-3783-4150-88ba-2fea440d7696:group-A8FA0292109A:LeaderElection141: Election REJECTED; received 0 response(s) [] and 2 exception(s); 79404ccb-3783-4150-88ba-2fea440d7696:t9, leader=null, voted=79404ccb-3783-4150-88ba-2fea440d7696, raftlog=79404ccb-3783-4150-88ba-2fea440d7696-SegmentedRaftLog:OPENED:c4,f4,i4, conf=0: [0927c2fb-bc54-48d8-8b4a-6f0f550fa3d8:192.168.5.171:45391, 79404ccb-3783-4150-88ba-2fea440d7696:192.168.5.171:38238, 0237fb14-0601-4188-bfaa-710869c5af5c:192.168.5.171:34413], old=null
2019-08-29 11:55:24,758 | INFO  | DNAudit | user=null | ip=null | op=WRITE_CHUNK {blockData=conID: 2 locID: 102700134910787595 bcsId: 0} | ret=SUCCESS |  
2019-08-29 11:55:24,758 [79404ccb-3783-4150-88ba-2fea440d7696:group-A8FA0292109A:LeaderElection141] INFO  impl.LeaderElection (LogUtils.java:infoOrTrace(149)) -   Exception 0: {}
java.util.concurrent.ExecutionException: org.apache.ratis.thirdparty.io.grpc.StatusRuntimeException: UNAVAILABLE: io exception
	at java.util.concurrent.FutureTask.report(FutureTask.java:122)
	at java.util.concurrent.FutureTask.get(FutureTask.java:192)
	at org.apache.ratis.server.impl.LeaderElection.waitForResults(LeaderElection.java:262)
	at org.apache.ratis.server.impl.LeaderElection.askForVotes(LeaderElection.java:200)
	at org.apache.ratis.server.impl.LeaderElection.run(LeaderElection.java:130)
	at java.lang.Thread.run(Thread.java:748)
Caused by: org.apache.ratis.thirdparty.io.grpc.StatusRuntimeException: UNAVAILABLE: io exception
	at org.apache.ratis.thirdparty.io.grpc.stub.ClientCalls.toStatusRuntimeException(ClientCalls.java:233)
	at org.apache.ratis.thirdparty.io.grpc.stub.ClientCalls.getUnchecked(ClientCalls.java:214)
	at org.apache.ratis.thirdparty.io.grpc.stub.ClientCalls.blockingUnaryCall(ClientCalls.java:139)
	at org.apache.ratis.proto.grpc.RaftServerProtocolServiceGrpc$RaftServerProtocolServiceBlockingStub.requestVote(RaftServerProtocolServiceGrpc.java:265)
	at org.apache.ratis.grpc.server.GrpcServerProtocolClient.requestVote(GrpcServerProtocolClient.java:83)
	at org.apache.ratis.grpc.server.GrpcService.requestVote(GrpcService.java:195)
	at org.apache.ratis.server.impl.LeaderElection.lambda$submitRequests$1(LeaderElection.java:237)
	at java.util.concurrent.FutureTask.run(FutureTask.java:266)
	at java.util.concurrent.Executors$RunnableAdapter.call(Executors.java:511)
	at java.util.concurrent.FutureTask.run(FutureTask.java:266)
	at java.util.concurrent.ThreadPoolExecutor.runWorker(ThreadPoolExecutor.java:1149)
	at java.util.concurrent.ThreadPoolExecutor$Worker.run(ThreadPoolExecutor.java:624)
	... 1 more
Caused by: org.apache.ratis.thirdparty.io.netty.channel.AbstractChannel$AnnotatedConnectException: Connection refused: /192.168.5.171:45391
	at sun.nio.ch.SocketChannelImpl.checkConnect(Native Method)
	at sun.nio.ch.SocketChannelImpl.finishConnect(SocketChannelImpl.java:717)
	at org.apache.ratis.thirdparty.io.netty.channel.socket.nio.NioSocketChannel.doFinishConnect(NioSocketChannel.java:327)
	at org.apache.ratis.thirdparty.io.netty.channel.nio.AbstractNioChannel$AbstractNioUnsafe.finishConnect(AbstractNioChannel.java:340)
	at org.apache.ratis.thirdparty.io.netty.channel.nio.NioEventLoop.processSelectedKey(NioEventLoop.java:632)
	at org.apache.ratis.thirdparty.io.netty.channel.nio.NioEventLoop.processSelectedKeysOptimized(NioEventLoop.java:579)
	at org.apache.ratis.thirdparty.io.netty.channel.nio.NioEventLoop.processSelectedKeys(NioEventLoop.java:496)
	at org.apache.ratis.thirdparty.io.netty.channel.nio.NioEventLoop.run(NioEventLoop.java:458)
	at org.apache.ratis.thirdparty.io.netty.util.concurrent.SingleThreadEventExecutor$5.run(SingleThreadEventExecutor.java:897)
	at org.apache.ratis.thirdparty.io.netty.util.concurrent.FastThreadLocalRunnable.run(FastThreadLocalRunnable.java:30)
	... 1 more
Caused by: java.net.ConnectException: Connection refused
	... 11 more
2019-08-29 11:55:24,758 [79404ccb-3783-4150-88ba-2fea440d7696:group-A8FA0292109A:LeaderElection141] INFO  impl.LeaderElection (LogUtils.java:infoOrTrace(149)) -   Exception 1: {}
java.util.concurrent.ExecutionException: org.apache.ratis.thirdparty.io.grpc.StatusRuntimeException: UNAVAILABLE: io exception
	at java.util.concurrent.FutureTask.report(FutureTask.java:122)
	at java.util.concurrent.FutureTask.get(FutureTask.java:192)
	at org.apache.ratis.server.impl.LeaderElection.waitForResults(LeaderElection.java:262)
	at org.apache.ratis.server.impl.LeaderElection.askForVotes(LeaderElection.java:200)
	at org.apache.ratis.server.impl.LeaderElection.run(LeaderElection.java:130)
	at java.lang.Thread.run(Thread.java:748)
Caused by: org.apache.ratis.thirdparty.io.grpc.StatusRuntimeException: UNAVAILABLE: io exception
	at org.apache.ratis.thirdparty.io.grpc.stub.ClientCalls.toStatusRuntimeException(ClientCalls.java:233)
	at org.apache.ratis.thirdparty.io.grpc.stub.ClientCalls.getUnchecked(ClientCalls.java:214)
	at org.apache.ratis.thirdparty.io.grpc.stub.ClientCalls.blockingUnaryCall(ClientCalls.java:139)
	at org.apache.ratis.proto.grpc.RaftServerProtocolServiceGrpc$RaftServerProtocolServiceBlockingStub.requestVote(RaftServerProtocolServiceGrpc.java:265)
	at org.apache.ratis.grpc.server.GrpcServerProtocolClient.requestVote(GrpcServerProtocolClient.java:83)
	at org.apache.ratis.grpc.server.GrpcService.requestVote(GrpcService.java:195)
	at org.apache.ratis.server.impl.LeaderElection.lambda$submitRequests$1(LeaderElection.java:237)
	at java.util.concurrent.FutureTask.run(FutureTask.java:266)
	at java.util.concurrent.Executors$RunnableAdapter.call(Executors.java:511)
	at java.util.concurrent.FutureTask.run(FutureTask.java:266)
	at java.util.concurrent.ThreadPoolExecutor.runWorker(ThreadPoolExecutor.java:1149)
	at java.util.concurrent.ThreadPoolExecutor$Worker.run(ThreadPoolExecutor.java:624)
	... 1 more
Caused by: org.apache.ratis.thirdparty.io.netty.channel.AbstractChannel$AnnotatedConnectException: Connection refused: /192.168.5.171:34413
	at sun.nio.ch.SocketChannelImpl.checkConnect(Native Method)
	at sun.nio.ch.SocketChannelImpl.finishConnect(SocketChannelImpl.java:717)
	at org.apache.ratis.thirdparty.io.netty.channel.socket.nio.NioSocketChannel.doFinishConnect(NioSocketChannel.java:327)
	at org.apache.ratis.thirdparty.io.netty.channel.nio.AbstractNioChannel$AbstractNioUnsafe.finishConnect(AbstractNioChannel.java:340)
	at org.apache.ratis.thirdparty.io.netty.channel.nio.NioEventLoop.processSelectedKey(NioEventLoop.java:632)
	at org.apache.ratis.thirdparty.io.netty.channel.nio.NioEventLoop.processSelectedKeysOptimized(NioEventLoop.java:579)
	at org.apache.ratis.thirdparty.io.netty.channel.nio.NioEventLoop.processSelectedKeys(NioEventLoop.java:496)
	at org.apache.ratis.thirdparty.io.netty.channel.nio.NioEventLoop.run(NioEventLoop.java:458)
	at org.apache.ratis.thirdparty.io.netty.util.concurrent.SingleThreadEventExecutor$5.run(SingleThreadEventExecutor.java:897)
	at org.apache.ratis.thirdparty.io.netty.util.concurrent.FastThreadLocalRunnable.run(FastThreadLocalRunnable.java:30)
	... 1 more
Caused by: java.net.ConnectException: Connection refused
	... 11 more
2019-08-29 11:55:24,759 [79404ccb-3783-4150-88ba-2fea440d7696:group-A8FA0292109A:LeaderElection141] INFO  impl.RaftServerImpl (RaftServerImpl.java:setRole(171)) - 79404ccb-3783-4150-88ba-2fea440d7696:group-A8FA0292109A changes role from CANDIDATE to FOLLOWER at term 9 for DISCOVERED_A_NEW_TERM
2019-08-29 11:55:24,759 [79404ccb-3783-4150-88ba-2fea440d7696:group-A8FA0292109A:LeaderElection141] INFO  impl.RoleInfo (RoleInfo.java:shutdownLeaderElection(134)) - 79404ccb-3783-4150-88ba-2fea440d7696: shutdown LeaderElection
2019-08-29 11:55:24,759 [79404ccb-3783-4150-88ba-2fea440d7696:group-A8FA0292109A:LeaderElection141] INFO  impl.RoleInfo (RoleInfo.java:updateAndGet(143)) - 79404ccb-3783-4150-88ba-2fea440d7696: start FollowerState
2019-08-29 11:55:24,843 [java.util.concurrent.ThreadPoolExecutor$Worker@52380d3[State = -1, empty queue]] WARN  server.GrpcLogAppender (GrpcLogAppender.java:timeoutAppendRequest(200)) - GrpcLogAppender(edbdd45e-116e-45c7-951f-264ab28d364f->6997f81c-1ecf-488f-a14c-812b649ddfad): appendEntries Timeout, request=edbdd45e-116e-45c7-951f-264ab28d364f->6997f81c-1ecf-488f-a14c-812b649ddfad#91-t2, previous=(t:2, i:1), leaderCommit=0, initializing? false, entries: <empty>
2019-08-29 11:55:24,843 [java.util.concurrent.ThreadPoolExecutor$Worker@2351d1e1[State = -1, empty queue]] WARN  server.GrpcLogAppender (GrpcLogAppender.java:timeoutAppendRequest(200)) - GrpcLogAppender(edbdd45e-116e-45c7-951f-264ab28d364f->97e3324b-235f-4ceb-956e-993ee2fe234c): appendEntries Timeout, request=edbdd45e-116e-45c7-951f-264ab28d364f->97e3324b-235f-4ceb-956e-993ee2fe234c#91-t2, previous=(t:2, i:1), leaderCommit=0, initializing? false, entries: <empty>
2019-08-29 11:55:24,855 | INFO  | SCMAudit | user=jenkins1000 | ip=192.168.5.171 | op=SEND_HEARTBEAT {datanodeUUID=21c7cf7b-6251-48a4-bdb1-01914484bde5, command=[]} | ret=SUCCESS |  
2019-08-29 11:55:24,921 | INFO  | SCMAudit | user=jenkins1000 | ip=192.168.5.171 | op=SEND_HEARTBEAT {datanodeUUID=79404ccb-3783-4150-88ba-2fea440d7696, command=[]} | ret=SUCCESS |  
2019-08-29 11:55:24,928 | INFO  | SCMAudit | user=jenkins1000 | ip=192.168.5.171 | op=SEND_HEARTBEAT {datanodeUUID=368ac840-1874-400c-9a5e-97ce3a83695d, command=[]} | ret=SUCCESS |  
2019-08-29 11:55:24,998 [java.util.concurrent.ThreadPoolExecutor$Worker@4a2cd158[State = -1, empty queue]] WARN  server.GrpcLogAppender (GrpcLogAppender.java:timeoutAppendRequest(200)) - GrpcLogAppender(368ac840-1874-400c-9a5e-97ce3a83695d->21c7cf7b-6251-48a4-bdb1-01914484bde5): appendEntries Timeout, request=368ac840-1874-400c-9a5e-97ce3a83695d->21c7cf7b-6251-48a4-bdb1-01914484bde5#93-t1, previous=(t:1, i:1), leaderCommit=0, initializing? false, entries: <empty>
2019-08-29 11:55:24,998 [java.util.concurrent.ThreadPoolExecutor$Worker@67975a21[State = -1, empty queue]] WARN  server.GrpcLogAppender (GrpcLogAppender.java:timeoutAppendRequest(200)) - GrpcLogAppender(368ac840-1874-400c-9a5e-97ce3a83695d->822b3223-74a0-44c8-ae72-b72e27a17b65): appendEntries Timeout, request=368ac840-1874-400c-9a5e-97ce3a83695d->822b3223-74a0-44c8-ae72-b72e27a17b65#93-t1, previous=(t:1, i:1), leaderCommit=0, initializing? false, entries: <empty>
2019-08-29 11:55:25,119 | INFO  | SCMAudit | user=jenkins1000 | ip=192.168.5.171 | op=SEND_HEARTBEAT {datanodeUUID=edbdd45e-116e-45c7-951f-264ab28d364f, command=[]} | ret=SUCCESS |  
2019-08-29 11:55:25,120 | INFO  | SCMAudit | user=jenkins1000 | ip=192.168.5.171 | op=SEND_HEARTBEAT {datanodeUUID=97e3324b-235f-4ceb-956e-993ee2fe234c, command=[]} | ret=SUCCESS |  
2019-08-29 11:55:25,121 | INFO  | SCMAudit | user=jenkins1000 | ip=192.168.5.171 | op=SEND_HEARTBEAT {datanodeUUID=6997f81c-1ecf-488f-a14c-812b649ddfad, command=[]} | ret=SUCCESS |  
2019-08-29 11:55:25,193 | INFO  | SCMAudit | user=jenkins1000 | ip=192.168.5.171 | op=SEND_HEARTBEAT {datanodeUUID=822b3223-74a0-44c8-ae72-b72e27a17b65, command=[]} | ret=SUCCESS |  
2019-08-29 11:55:25,223 [grpc-default-executor-9] WARN  server.GrpcLogAppender (GrpcLogAppender.java:onNextImpl(250)) - org.apache.ratis.grpc.server.GrpcLogAppender$AppendLogResponseHandler@5a8729: Request not found, ignoring reply: edbdd45e-116e-45c7-951f-264ab28d364f<-6997f81c-1ecf-488f-a14c-812b649ddfad#38:OK,SUCCESS,nextIndex:2,term:2,followerCommit:0
2019-08-29 11:55:25,224 [grpc-default-executor-9] WARN  server.GrpcLogAppender (GrpcLogAppender.java:onNextImpl(250)) - org.apache.ratis.grpc.server.GrpcLogAppender$AppendLogResponseHandler@5a8729: Request not found, ignoring reply: edbdd45e-116e-45c7-951f-264ab28d364f<-6997f81c-1ecf-488f-a14c-812b649ddfad#39:OK,SUCCESS,nextIndex:2,term:2,followerCommit:0
2019-08-29 11:55:25,224 [grpc-default-executor-9] WARN  server.GrpcLogAppender (GrpcLogAppender.java:onNextImpl(250)) - org.apache.ratis.grpc.server.GrpcLogAppender$AppendLogResponseHandler@5a8729: Request not found, ignoring reply: edbdd45e-116e-45c7-951f-264ab28d364f<-6997f81c-1ecf-488f-a14c-812b649ddfad#40:OK,SUCCESS,nextIndex:2,term:2,followerCommit:0
2019-08-29 11:55:25,225 [grpc-default-executor-9] WARN  server.GrpcLogAppender (GrpcLogAppender.java:onNextImpl(250)) - org.apache.ratis.grpc.server.GrpcLogAppender$AppendLogResponseHandler@5a8729: Request not found, ignoring reply: edbdd45e-116e-45c7-951f-264ab28d364f<-6997f81c-1ecf-488f-a14c-812b649ddfad#41:OK,SUCCESS,nextIndex:2,term:2,followerCommit:0
2019-08-29 11:55:25,225 [grpc-default-executor-9] WARN  server.GrpcLogAppender (GrpcLogAppender.java:onNextImpl(250)) - org.apache.ratis.grpc.server.GrpcLogAppender$AppendLogResponseHandler@5a8729: Request not found, ignoring reply: edbdd45e-116e-45c7-951f-264ab28d364f<-6997f81c-1ecf-488f-a14c-812b649ddfad#42:OK,SUCCESS,nextIndex:2,term:2,followerCommit:0
2019-08-29 11:55:25,225 [grpc-default-executor-9] WARN  server.GrpcLogAppender (GrpcLogAppender.java:onNextImpl(250)) - org.apache.ratis.grpc.server.GrpcLogAppender$AppendLogResponseHandler@5a8729: Request not found, ignoring reply: edbdd45e-116e-45c7-951f-264ab28d364f<-6997f81c-1ecf-488f-a14c-812b649ddfad#43:OK,SUCCESS,nextIndex:2,term:2,followerCommit:0
2019-08-29 11:55:25,225 [grpc-default-executor-9] WARN  server.GrpcLogAppender (GrpcLogAppender.java:onNextImpl(250)) - org.apache.ratis.grpc.server.GrpcLogAppender$AppendLogResponseHandler@5a8729: Request not found, ignoring reply: edbdd45e-116e-45c7-951f-264ab28d364f<-6997f81c-1ecf-488f-a14c-812b649ddfad#44:OK,SUCCESS,nextIndex:2,term:2,followerCommit:0
2019-08-29 11:55:25,226 [grpc-default-executor-9] WARN  server.GrpcLogAppender (GrpcLogAppender.java:onNextImpl(250)) - org.apache.ratis.grpc.server.GrpcLogAppender$AppendLogResponseHandler@5a8729: Request not found, ignoring reply: edbdd45e-116e-45c7-951f-264ab28d364f<-6997f81c-1ecf-488f-a14c-812b649ddfad#45:OK,SUCCESS,nextIndex:2,term:2,followerCommit:0
2019-08-29 11:55:25,226 [grpc-default-executor-9] WARN  server.GrpcLogAppender (GrpcLogAppender.java:onNextImpl(250)) - org.apache.ratis.grpc.server.GrpcLogAppender$AppendLogResponseHandler@5a8729: Request not found, ignoring reply: edbdd45e-116e-45c7-951f-264ab28d364f<-6997f81c-1ecf-488f-a14c-812b649ddfad#46:OK,SUCCESS,nextIndex:2,term:2,followerCommit:0
2019-08-29 11:55:25,226 [grpc-default-executor-9] WARN  server.GrpcLogAppender (GrpcLogAppender.java:onNextImpl(250)) - org.apache.ratis.grpc.server.GrpcLogAppender$AppendLogResponseHandler@5a8729: Request not found, ignoring reply: edbdd45e-116e-45c7-951f-264ab28d364f<-6997f81c-1ecf-488f-a14c-812b649ddfad#47:OK,SUCCESS,nextIndex:2,term:2,followerCommit:0
2019-08-29 11:55:25,226 [grpc-default-executor-9] WARN  server.GrpcLogAppender (GrpcLogAppender.java:onNextImpl(250)) - org.apache.ratis.grpc.server.GrpcLogAppender$AppendLogResponseHandler@5a8729: Request not found, ignoring reply: edbdd45e-116e-45c7-951f-264ab28d364f<-6997f81c-1ecf-488f-a14c-812b649ddfad#48:OK,SUCCESS,nextIndex:2,term:2,followerCommit:0
2019-08-29 11:55:25,227 [grpc-default-executor-9] WARN  server.GrpcLogAppender (GrpcLogAppender.java:onNextImpl(250)) - org.apache.ratis.grpc.server.GrpcLogAppender$AppendLogResponseHandler@5a8729: Request not found, ignoring reply: edbdd45e-116e-45c7-951f-264ab28d364f<-6997f81c-1ecf-488f-a14c-812b649ddfad#49:OK,SUCCESS,nextIndex:2,term:2,followerCommit:0
2019-08-29 11:55:25,227 [grpc-default-executor-9] WARN  server.GrpcLogAppender (GrpcLogAppender.java:onNextImpl(250)) - org.apache.ratis.grpc.server.GrpcLogAppender$AppendLogResponseHandler@5a8729: Request not found, ignoring reply: edbdd45e-116e-45c7-951f-264ab28d364f<-6997f81c-1ecf-488f-a14c-812b649ddfad#50:OK,SUCCESS,nextIndex:2,term:2,followerCommit:0
2019-08-29 11:55:25,227 [grpc-default-executor-9] WARN  server.GrpcLogAppender (GrpcLogAppender.java:onNextImpl(250)) - org.apache.ratis.grpc.server.GrpcLogAppender$AppendLogResponseHandler@5a8729: Request not found, ignoring reply: edbdd45e-116e-45c7-951f-264ab28d364f<-6997f81c-1ecf-488f-a14c-812b649ddfad#51:OK,SUCCESS,nextIndex:2,term:2,followerCommit:0
2019-08-29 11:55:25,227 [grpc-default-executor-9] WARN  server.GrpcLogAppender (GrpcLogAppender.java:onNextImpl(250)) - org.apache.ratis.grpc.server.GrpcLogAppender$AppendLogResponseHandler@5a8729: Request not found, ignoring reply: edbdd45e-116e-45c7-951f-264ab28d364f<-6997f81c-1ecf-488f-a14c-812b649ddfad#52:OK,SUCCESS,nextIndex:2,term:2,followerCommit:0
2019-08-29 11:55:25,227 [grpc-default-executor-9] WARN  server.GrpcLogAppender (GrpcLogAppender.java:onNextImpl(250)) - org.apache.ratis.grpc.server.GrpcLogAppender$AppendLogResponseHandler@5a8729: Request not found, ignoring reply: edbdd45e-116e-45c7-951f-264ab28d364f<-6997f81c-1ecf-488f-a14c-812b649ddfad#53:OK,SUCCESS,nextIndex:2,term:2,followerCommit:0
2019-08-29 11:55:25,228 [grpc-default-executor-9] WARN  server.GrpcLogAppender (GrpcLogAppender.java:onNextImpl(250)) - org.apache.ratis.grpc.server.GrpcLogAppender$AppendLogResponseHandler@5a8729: Request not found, ignoring reply: edbdd45e-116e-45c7-951f-264ab28d364f<-6997f81c-1ecf-488f-a14c-812b649ddfad#54:OK,SUCCESS,nextIndex:2,term:2,followerCommit:0
2019-08-29 11:55:25,229 [grpc-default-executor-9] WARN  server.GrpcLogAppender (GrpcLogAppender.java:onNextImpl(250)) - org.apache.ratis.grpc.server.GrpcLogAppender$AppendLogResponseHandler@5a8729: Request not found, ignoring reply: edbdd45e-116e-45c7-951f-264ab28d364f<-6997f81c-1ecf-488f-a14c-812b649ddfad#55:OK,SUCCESS,nextIndex:2,term:2,followerCommit:0
2019-08-29 11:55:25,229 [grpc-default-executor-9] WARN  server.GrpcLogAppender (GrpcLogAppender.java:onNextImpl(250)) - org.apache.ratis.grpc.server.GrpcLogAppender$AppendLogResponseHandler@5a8729: Request not found, ignoring reply: edbdd45e-116e-45c7-951f-264ab28d364f<-6997f81c-1ecf-488f-a14c-812b649ddfad#56:OK,SUCCESS,nextIndex:2,term:2,followerCommit:0
2019-08-29 11:55:25,229 [grpc-default-executor-9] WARN  server.GrpcLogAppender (GrpcLogAppender.java:onNextImpl(250)) - org.apache.ratis.grpc.server.GrpcLogAppender$AppendLogResponseHandler@5a8729: Request not found, ignoring reply: edbdd45e-116e-45c7-951f-264ab28d364f<-6997f81c-1ecf-488f-a14c-812b649ddfad#57:OK,SUCCESS,nextIndex:2,term:2,followerCommit:0
2019-08-29 11:55:25,230 [grpc-default-executor-9] WARN  server.GrpcLogAppender (GrpcLogAppender.java:onNextImpl(250)) - org.apache.ratis.grpc.server.GrpcLogAppender$AppendLogResponseHandler@5a8729: Request not found, ignoring reply: edbdd45e-116e-45c7-951f-264ab28d364f<-6997f81c-1ecf-488f-a14c-812b649ddfad#58:OK,SUCCESS,nextIndex:2,term:2,followerCommit:0
2019-08-29 11:55:25,230 [grpc-default-executor-9] WARN  server.GrpcLogAppender (GrpcLogAppender.java:onNextImpl(250)) - org.apache.ratis.grpc.server.GrpcLogAppender$AppendLogResponseHandler@5a8729: Request not found, ignoring reply: edbdd45e-116e-45c7-951f-264ab28d364f<-6997f81c-1ecf-488f-a14c-812b649ddfad#59:OK,SUCCESS,nextIndex:2,term:2,followerCommit:0
2019-08-29 11:55:25,230 [grpc-default-executor-9] WARN  server.GrpcLogAppender (GrpcLogAppender.java:onNextImpl(250)) - org.apache.ratis.grpc.server.GrpcLogAppender$AppendLogResponseHandler@5a8729: Request not found, ignoring reply: edbdd45e-116e-45c7-951f-264ab28d364f<-6997f81c-1ecf-488f-a14c-812b649ddfad#60:OK,SUCCESS,nextIndex:2,term:2,followerCommit:0
2019-08-29 11:55:25,230 [grpc-default-executor-9] WARN  server.GrpcLogAppender (GrpcLogAppender.java:onNextImpl(250)) - org.apache.ratis.grpc.server.GrpcLogAppender$AppendLogResponseHandler@5a8729: Request not found, ignoring reply: edbdd45e-116e-45c7-951f-264ab28d364f<-6997f81c-1ecf-488f-a14c-812b649ddfad#61:OK,SUCCESS,nextIndex:2,term:2,followerCommit:0
2019-08-29 11:55:25,231 [grpc-default-executor-9] WARN  server.GrpcLogAppender (GrpcLogAppender.java:onNextImpl(250)) - org.apache.ratis.grpc.server.GrpcLogAppender$AppendLogResponseHandler@5a8729: Request not found, ignoring reply: edbdd45e-116e-45c7-951f-264ab28d364f<-6997f81c-1ecf-488f-a14c-812b649ddfad#62:OK,SUCCESS,nextIndex:2,term:2,followerCommit:0
2019-08-29 11:55:25,231 [grpc-default-executor-9] WARN  server.GrpcLogAppender (GrpcLogAppender.java:onNextImpl(250)) - org.apache.ratis.grpc.server.GrpcLogAppender$AppendLogResponseHandler@5a8729: Request not found, ignoring reply: edbdd45e-116e-45c7-951f-264ab28d364f<-6997f81c-1ecf-488f-a14c-812b649ddfad#63:OK,SUCCESS,nextIndex:2,term:2,followerCommit:0
2019-08-29 11:55:25,231 [grpc-default-executor-9] WARN  server.GrpcLogAppender (GrpcLogAppender.java:onNextImpl(250)) - org.apache.ratis.grpc.server.GrpcLogAppender$AppendLogResponseHandler@5a8729: Request not found, ignoring reply: edbdd45e-116e-45c7-951f-264ab28d364f<-6997f81c-1ecf-488f-a14c-812b649ddfad#64:OK,SUCCESS,nextIndex:2,term:2,followerCommit:0
2019-08-29 11:55:25,231 [grpc-default-executor-9] WARN  server.GrpcLogAppender (GrpcLogAppender.java:onNextImpl(250)) - org.apache.ratis.grpc.server.GrpcLogAppender$AppendLogResponseHandler@5a8729: Request not found, ignoring reply: edbdd45e-116e-45c7-951f-264ab28d364f<-6997f81c-1ecf-488f-a14c-812b649ddfad#65:OK,SUCCESS,nextIndex:2,term:2,followerCommit:0
2019-08-29 11:55:25,232 [grpc-default-executor-9] WARN  server.GrpcLogAppender (GrpcLogAppender.java:onNextImpl(250)) - org.apache.ratis.grpc.server.GrpcLogAppender$AppendLogResponseHandler@5a8729: Request not found, ignoring reply: edbdd45e-116e-45c7-951f-264ab28d364f<-6997f81c-1ecf-488f-a14c-812b649ddfad#66:OK,SUCCESS,nextIndex:2,term:2,followerCommit:0
2019-08-29 11:55:25,232 [grpc-default-executor-9] WARN  server.GrpcLogAppender (GrpcLogAppender.java:onNextImpl(250)) - org.apache.ratis.grpc.server.GrpcLogAppender$AppendLogResponseHandler@5a8729: Request not found, ignoring reply: edbdd45e-116e-45c7-951f-264ab28d364f<-6997f81c-1ecf-488f-a14c-812b649ddfad#67:OK,SUCCESS,nextIndex:2,term:2,followerCommit:0
2019-08-29 11:55:25,232 [grpc-default-executor-9] WARN  server.GrpcLogAppender (GrpcLogAppender.java:onNextImpl(250)) - org.apache.ratis.grpc.server.GrpcLogAppender$AppendLogResponseHandler@5a8729: Request not found, ignoring reply: edbdd45e-116e-45c7-951f-264ab28d364f<-6997f81c-1ecf-488f-a14c-812b649ddfad#68:OK,SUCCESS,nextIndex:2,term:2,followerCommit:0
2019-08-29 11:55:25,232 [grpc-default-executor-9] WARN  server.GrpcLogAppender (GrpcLogAppender.java:onNextImpl(250)) - org.apache.ratis.grpc.server.GrpcLogAppender$AppendLogResponseHandler@5a8729: Request not found, ignoring reply: edbdd45e-116e-45c7-951f-264ab28d364f<-6997f81c-1ecf-488f-a14c-812b649ddfad#69:OK,SUCCESS,nextIndex:2,term:2,followerCommit:0
2019-08-29 11:55:25,233 [grpc-default-executor-4] WARN  server.GrpcLogAppender (GrpcLogAppender.java:onNextImpl(250)) - org.apache.ratis.grpc.server.GrpcLogAppender$AppendLogResponseHandler@7a997dc2: Request not found, ignoring reply: edbdd45e-116e-45c7-951f-264ab28d364f<-97e3324b-235f-4ceb-956e-993ee2fe234c#38:OK,SUCCESS,nextIndex:2,term:2,followerCommit:0
2019-08-29 11:55:25,233 [grpc-default-executor-9] WARN  server.GrpcLogAppender (GrpcLogAppender.java:onNextImpl(250)) - org.apache.ratis.grpc.server.GrpcLogAppender$AppendLogResponseHandler@5a8729: Request not found, ignoring reply: edbdd45e-116e-45c7-951f-264ab28d364f<-6997f81c-1ecf-488f-a14c-812b649ddfad#70:OK,SUCCESS,nextIndex:2,term:2,followerCommit:0
2019-08-29 11:55:25,233 [grpc-default-executor-9] WARN  server.GrpcLogAppender (GrpcLogAppender.java:onNextImpl(250)) - org.apache.ratis.grpc.server.GrpcLogAppender$AppendLogResponseHandler@7a997dc2: Request not found, ignoring reply: edbdd45e-116e-45c7-951f-264ab28d364f<-97e3324b-235f-4ceb-956e-993ee2fe234c#39:OK,SUCCESS,nextIndex:2,term:2,followerCommit:0
2019-08-29 11:55:25,233 [grpc-default-executor-4] WARN  server.GrpcLogAppender (GrpcLogAppender.java:onNextImpl(250)) - org.apache.ratis.grpc.server.GrpcLogAppender$AppendLogResponseHandler@5a8729: Request not found, ignoring reply: edbdd45e-116e-45c7-951f-264ab28d364f<-6997f81c-1ecf-488f-a14c-812b649ddfad#71:OK,SUCCESS,nextIndex:2,term:2,followerCommit:0
2019-08-29 11:55:25,234 [grpc-default-executor-9] WARN  server.GrpcLogAppender (GrpcLogAppender.java:onNextImpl(250)) - org.apache.ratis.grpc.server.GrpcLogAppender$AppendLogResponseHandler@7a997dc2: Request not found, ignoring reply: edbdd45e-116e-45c7-951f-264ab28d364f<-97e3324b-235f-4ceb-956e-993ee2fe234c#40:OK,SUCCESS,nextIndex:2,term:2,followerCommit:0
2019-08-29 11:55:25,234 [grpc-default-executor-4] WARN  server.GrpcLogAppender (GrpcLogAppender.java:onNextImpl(250)) - org.apache.ratis.grpc.server.GrpcLogAppender$AppendLogResponseHandler@5a8729: Request not found, ignoring reply: edbdd45e-116e-45c7-951f-264ab28d364f<-6997f81c-1ecf-488f-a14c-812b649ddfad#72:OK,SUCCESS,nextIndex:2,term:2,followerCommit:0
2019-08-29 11:55:25,234 [grpc-default-executor-9] WARN  server.GrpcLogAppender (GrpcLogAppender.java:onNextImpl(250)) - org.apache.ratis.grpc.server.GrpcLogAppender$AppendLogResponseHandler@7a997dc2: Request not found, ignoring reply: edbdd45e-116e-45c7-951f-264ab28d364f<-97e3324b-235f-4ceb-956e-993ee2fe234c#41:OK,SUCCESS,nextIndex:2,term:2,followerCommit:0
2019-08-29 11:55:25,234 [grpc-default-executor-4] WARN  server.GrpcLogAppender (GrpcLogAppender.java:onNextImpl(250)) - org.apache.ratis.grpc.server.GrpcLogAppender$AppendLogResponseHandler@5a8729: Request not found, ignoring reply: edbdd45e-116e-45c7-951f-264ab28d364f<-6997f81c-1ecf-488f-a14c-812b649ddfad#73:OK,SUCCESS,nextIndex:2,term:2,followerCommit:0
2019-08-29 11:55:25,234 [grpc-default-executor-9] WARN  server.GrpcLogAppender (GrpcLogAppender.java:onNextImpl(250)) - org.apache.ratis.grpc.server.GrpcLogAppender$AppendLogResponseHandler@7a997dc2: Request not found, ignoring reply: edbdd45e-116e-45c7-951f-264ab28d364f<-97e3324b-235f-4ceb-956e-993ee2fe234c#42:OK,SUCCESS,nextIndex:2,term:2,followerCommit:0
2019-08-29 11:55:25,234 [grpc-default-executor-4] WARN  server.GrpcLogAppender (GrpcLogAppender.java:onNextImpl(250)) - org.apache.ratis.grpc.server.GrpcLogAppender$AppendLogResponseHandler@5a8729: Request not found, ignoring reply: edbdd45e-116e-45c7-951f-264ab28d364f<-6997f81c-1ecf-488f-a14c-812b649ddfad#74:OK,SUCCESS,nextIndex:2,term:2,followerCommit:0
2019-08-29 11:55:25,235 [grpc-default-executor-9] WARN  server.GrpcLogAppender (GrpcLogAppender.java:onNextImpl(250)) - org.apache.ratis.grpc.server.GrpcLogAppender$AppendLogResponseHandler@7a997dc2: Request not found, ignoring reply: edbdd45e-116e-45c7-951f-264ab28d364f<-97e3324b-235f-4ceb-956e-993ee2fe234c#43:OK,SUCCESS,nextIndex:2,term:2,followerCommit:0
2019-08-29 11:55:25,235 [grpc-default-executor-4] WARN  server.GrpcLogAppender (GrpcLogAppender.java:onNextImpl(250)) - org.apache.ratis.grpc.server.GrpcLogAppender$AppendLogResponseHandler@5a8729: Request not found, ignoring reply: edbdd45e-116e-45c7-951f-264ab28d364f<-6997f81c-1ecf-488f-a14c-812b649ddfad#75:OK,SUCCESS,nextIndex:2,term:2,followerCommit:0
2019-08-29 11:55:25,235 [grpc-default-executor-9] WARN  server.GrpcLogAppender (GrpcLogAppender.java:onNextImpl(250)) - org.apache.ratis.grpc.server.GrpcLogAppender$AppendLogResponseHandler@7a997dc2: Request not found, ignoring reply: edbdd45e-116e-45c7-951f-264ab28d364f<-97e3324b-235f-4ceb-956e-993ee2fe234c#44:OK,SUCCESS,nextIndex:2,term:2,followerCommit:0
2019-08-29 11:55:25,235 [grpc-default-executor-4] WARN  server.GrpcLogAppender (GrpcLogAppender.java:onNextImpl(250)) - org.apache.ratis.grpc.server.GrpcLogAppender$AppendLogResponseHandler@5a8729: Request not found, ignoring reply: edbdd45e-116e-45c7-951f-264ab28d364f<-6997f81c-1ecf-488f-a14c-812b649ddfad#76:OK,SUCCESS,nextIndex:2,term:2,followerCommit:0
2019-08-29 11:55:25,235 [grpc-default-executor-9] WARN  server.GrpcLogAppender (GrpcLogAppender.java:onNextImpl(250)) - org.apache.ratis.grpc.server.GrpcLogAppender$AppendLogResponseHandler@7a997dc2: Request not found, ignoring reply: edbdd45e-116e-45c7-951f-264ab28d364f<-97e3324b-235f-4ceb-956e-993ee2fe234c#45:OK,SUCCESS,nextIndex:2,term:2,followerCommit:0
2019-08-29 11:55:25,235 [grpc-default-executor-4] WARN  server.GrpcLogAppender (GrpcLogAppender.java:onNextImpl(250)) - org.apache.ratis.grpc.server.GrpcLogAppender$AppendLogResponseHandler@5a8729: Request not found, ignoring reply: edbdd45e-116e-45c7-951f-264ab28d364f<-6997f81c-1ecf-488f-a14c-812b649ddfad#77:OK,SUCCESS,nextIndex:2,term:2,followerCommit:0
2019-08-29 11:55:25,235 [grpc-default-executor-9] WARN  server.GrpcLogAppender (GrpcLogAppender.java:onNextImpl(250)) - org.apache.ratis.grpc.server.GrpcLogAppender$AppendLogResponseHandler@7a997dc2: Request not found, ignoring reply: edbdd45e-116e-45c7-951f-264ab28d364f<-97e3324b-235f-4ceb-956e-993ee2fe234c#46:OK,SUCCESS,nextIndex:2,term:2,followerCommit:0
2019-08-29 11:55:25,236 [grpc-default-executor-4] WARN  server.GrpcLogAppender (GrpcLogAppender.java:onNextImpl(250)) - org.apache.ratis.grpc.server.GrpcLogAppender$AppendLogResponseHandler@5a8729: Request not found, ignoring reply: edbdd45e-116e-45c7-951f-264ab28d364f<-6997f81c-1ecf-488f-a14c-812b649ddfad#78:OK,SUCCESS,nextIndex:2,term:2,followerCommit:0
2019-08-29 11:55:25,236 [grpc-default-executor-9] WARN  server.GrpcLogAppender (GrpcLogAppender.java:onNextImpl(250)) - org.apache.ratis.grpc.server.GrpcLogAppender$AppendLogResponseHandler@7a997dc2: Request not found, ignoring reply: edbdd45e-116e-45c7-951f-264ab28d364f<-97e3324b-235f-4ceb-956e-993ee2fe234c#47:OK,SUCCESS,nextIndex:2,term:2,followerCommit:0
2019-08-29 11:55:25,236 [grpc-default-executor-4] WARN  server.GrpcLogAppender (GrpcLogAppender.java:onNextImpl(250)) - org.apache.ratis.grpc.server.GrpcLogAppender$AppendLogResponseHandler@5a8729: Request not found, ignoring reply: edbdd45e-116e-45c7-951f-264ab28d364f<-6997f81c-1ecf-488f-a14c-812b649ddfad#79:OK,SUCCESS,nextIndex:2,term:2,followerCommit:0
2019-08-29 11:55:25,236 [grpc-default-executor-9] WARN  server.GrpcLogAppender (GrpcLogAppender.java:onNextImpl(250)) - org.apache.ratis.grpc.server.GrpcLogAppender$AppendLogResponseHandler@7a997dc2: Request not found, ignoring reply: edbdd45e-116e-45c7-951f-264ab28d364f<-97e3324b-235f-4ceb-956e-993ee2fe234c#48:OK,SUCCESS,nextIndex:2,term:2,followerCommit:0
2019-08-29 11:55:25,236 [grpc-default-executor-4] WARN  server.GrpcLogAppender (GrpcLogAppender.java:onNextImpl(250)) - org.apache.ratis.grpc.server.GrpcLogAppender$AppendLogResponseHandler@5a8729: Request not found, ignoring reply: edbdd45e-116e-45c7-951f-264ab28d364f<-6997f81c-1ecf-488f-a14c-812b649ddfad#80:OK,SUCCESS,nextIndex:2,term:2,followerCommit:0
2019-08-29 11:55:25,236 [grpc-default-executor-9] WARN  server.GrpcLogAppender (GrpcLogAppender.java:onNextImpl(250)) - org.apache.ratis.grpc.server.GrpcLogAppender$AppendLogResponseHandler@7a997dc2: Request not found, ignoring reply: edbdd45e-116e-45c7-951f-264ab28d364f<-97e3324b-235f-4ceb-956e-993ee2fe234c#49:OK,SUCCESS,nextIndex:2,term:2,followerCommit:0
2019-08-29 11:55:25,236 [grpc-default-executor-4] WARN  server.GrpcLogAppender (GrpcLogAppender.java:onNextImpl(250)) - org.apache.ratis.grpc.server.GrpcLogAppender$AppendLogResponseHandler@5a8729: Request not found, ignoring reply: edbdd45e-116e-45c7-951f-264ab28d364f<-6997f81c-1ecf-488f-a14c-812b649ddfad#81:OK,SUCCESS,nextIndex:2,term:2,followerCommit:0
2019-08-29 11:55:25,237 [grpc-default-executor-9] WARN  server.GrpcLogAppender (GrpcLogAppender.java:onNextImpl(250)) - org.apache.ratis.grpc.server.GrpcLogAppender$AppendLogResponseHandler@7a997dc2: Request not found, ignoring reply: edbdd45e-116e-45c7-951f-264ab28d364f<-97e3324b-235f-4ceb-956e-993ee2fe234c#50:OK,SUCCESS,nextIndex:2,term:2,followerCommit:0
2019-08-29 11:55:25,237 [grpc-default-executor-4] WARN  server.GrpcLogAppender (GrpcLogAppender.java:onNextImpl(250)) - org.apache.ratis.grpc.server.GrpcLogAppender$AppendLogResponseHandler@5a8729: Request not found, ignoring reply: edbdd45e-116e-45c7-951f-264ab28d364f<-6997f81c-1ecf-488f-a14c-812b649ddfad#82:OK,SUCCESS,nextIndex:2,term:2,followerCommit:0
2019-08-29 11:55:25,237 [grpc-default-executor-9] WARN  server.GrpcLogAppender (GrpcLogAppender.java:onNextImpl(250)) - org.apache.ratis.grpc.server.GrpcLogAppender$AppendLogResponseHandler@7a997dc2: Request not found, ignoring reply: edbdd45e-116e-45c7-951f-264ab28d364f<-97e3324b-235f-4ceb-956e-993ee2fe234c#51:OK,SUCCESS,nextIndex:2,term:2,followerCommit:0
2019-08-29 11:55:25,237 [grpc-default-executor-4] WARN  server.GrpcLogAppender (GrpcLogAppender.java:onNextImpl(250)) - org.apache.ratis.grpc.server.GrpcLogAppender$AppendLogResponseHandler@5a8729: Request not found, ignoring reply: edbdd45e-116e-45c7-951f-264ab28d364f<-6997f81c-1ecf-488f-a14c-812b649ddfad#83:OK,SUCCESS,nextIndex:2,term:2,followerCommit:0
2019-08-29 11:55:25,237 [grpc-default-executor-9] WARN  server.GrpcLogAppender (GrpcLogAppender.java:onNextImpl(250)) - org.apache.ratis.grpc.server.GrpcLogAppender$AppendLogResponseHandler@7a997dc2: Request not found, ignoring reply: edbdd45e-116e-45c7-951f-264ab28d364f<-97e3324b-235f-4ceb-956e-993ee2fe234c#52:OK,SUCCESS,nextIndex:2,term:2,followerCommit:0
2019-08-29 11:55:25,237 [grpc-default-executor-4] WARN  server.GrpcLogAppender (GrpcLogAppender.java:onNextImpl(250)) - org.apache.ratis.grpc.server.GrpcLogAppender$AppendLogResponseHandler@5a8729: Request not found, ignoring reply: edbdd45e-116e-45c7-951f-264ab28d364f<-6997f81c-1ecf-488f-a14c-812b649ddfad#84:OK,SUCCESS,nextIndex:2,term:2,followerCommit:0
2019-08-29 11:55:25,237 [grpc-default-executor-9] WARN  server.GrpcLogAppender (GrpcLogAppender.java:onNextImpl(250)) - org.apache.ratis.grpc.server.GrpcLogAppender$AppendLogResponseHandler@7a997dc2: Request not found, ignoring reply: edbdd45e-116e-45c7-951f-264ab28d364f<-97e3324b-235f-4ceb-956e-993ee2fe234c#53:OK,SUCCESS,nextIndex:2,term:2,followerCommit:0
2019-08-29 11:55:25,238 [grpc-default-executor-4] WARN  server.GrpcLogAppender (GrpcLogAppender.java:onNextImpl(250)) - org.apache.ratis.grpc.server.GrpcLogAppender$AppendLogResponseHandler@5a8729: Request not found, ignoring reply: edbdd45e-116e-45c7-951f-264ab28d364f<-6997f81c-1ecf-488f-a14c-812b649ddfad#85:OK,SUCCESS,nextIndex:2,term:2,followerCommit:0
2019-08-29 11:55:25,238 [grpc-default-executor-9] WARN  server.GrpcLogAppender (GrpcLogAppender.java:onNextImpl(250)) - org.apache.ratis.grpc.server.GrpcLogAppender$AppendLogResponseHandler@7a997dc2: Request not found, ignoring reply: edbdd45e-116e-45c7-951f-264ab28d364f<-97e3324b-235f-4ceb-956e-993ee2fe234c#54:OK,SUCCESS,nextIndex:2,term:2,followerCommit:0
2019-08-29 11:55:25,238 [grpc-default-executor-4] WARN  server.GrpcLogAppender (GrpcLogAppender.java:onNextImpl(250)) - org.apache.ratis.grpc.server.GrpcLogAppender$AppendLogResponseHandler@5a8729: Request not found, ignoring reply: edbdd45e-116e-45c7-951f-264ab28d364f<-6997f81c-1ecf-488f-a14c-812b649ddfad#86:OK,SUCCESS,nextIndex:2,term:2,followerCommit:0
2019-08-29 11:55:25,238 [grpc-default-executor-9] WARN  server.GrpcLogAppender (GrpcLogAppender.java:onNextImpl(250)) - org.apache.ratis.grpc.server.GrpcLogAppender$AppendLogResponseHandler@7a997dc2: Request not found, ignoring reply: edbdd45e-116e-45c7-951f-264ab28d364f<-97e3324b-235f-4ceb-956e-993ee2fe234c#55:OK,SUCCESS,nextIndex:2,term:2,followerCommit:0
2019-08-29 11:55:25,238 [grpc-default-executor-4] WARN  server.GrpcLogAppender (GrpcLogAppender.java:onNextImpl(250)) - org.apache.ratis.grpc.server.GrpcLogAppender$AppendLogResponseHandler@5a8729: Request not found, ignoring reply: edbdd45e-116e-45c7-951f-264ab28d364f<-6997f81c-1ecf-488f-a14c-812b649ddfad#87:OK,SUCCESS,nextIndex:2,term:2,followerCommit:0
2019-08-29 11:55:25,238 [grpc-default-executor-9] WARN  server.GrpcLogAppender (GrpcLogAppender.java:onNextImpl(250)) - org.apache.ratis.grpc.server.GrpcLogAppender$AppendLogResponseHandler@7a997dc2: Request not found, ignoring reply: edbdd45e-116e-45c7-951f-264ab28d364f<-97e3324b-235f-4ceb-956e-993ee2fe234c#56:OK,SUCCESS,nextIndex:2,term:2,followerCommit:0
2019-08-29 11:55:25,239 [grpc-default-executor-4] WARN  server.GrpcLogAppender (GrpcLogAppender.java:onNextImpl(250)) - org.apache.ratis.grpc.server.GrpcLogAppender$AppendLogResponseHandler@5a8729: Request not found, ignoring reply: edbdd45e-116e-45c7-951f-264ab28d364f<-6997f81c-1ecf-488f-a14c-812b649ddfad#88:OK,SUCCESS,nextIndex:2,term:2,followerCommit:0
2019-08-29 11:55:25,239 [grpc-default-executor-9] WARN  server.GrpcLogAppender (GrpcLogAppender.java:onNextImpl(250)) - org.apache.ratis.grpc.server.GrpcLogAppender$AppendLogResponseHandler@7a997dc2: Request not found, ignoring reply: edbdd45e-116e-45c7-951f-264ab28d364f<-97e3324b-235f-4ceb-956e-993ee2fe234c#57:OK,SUCCESS,nextIndex:2,term:2,followerCommit:0
2019-08-29 11:55:25,239 [grpc-default-executor-4] WARN  server.GrpcLogAppender (GrpcLogAppender.java:onNextImpl(250)) - org.apache.ratis.grpc.server.GrpcLogAppender$AppendLogResponseHandler@5a8729: Request not found, ignoring reply: edbdd45e-116e-45c7-951f-264ab28d364f<-6997f81c-1ecf-488f-a14c-812b649ddfad#89:OK,SUCCESS,nextIndex:2,term:2,followerCommit:0
2019-08-29 11:55:25,239 [grpc-default-executor-9] WARN  server.GrpcLogAppender (GrpcLogAppender.java:onNextImpl(250)) - org.apache.ratis.grpc.server.GrpcLogAppender$AppendLogResponseHandler@7a997dc2: Request not found, ignoring reply: edbdd45e-116e-45c7-951f-264ab28d364f<-97e3324b-235f-4ceb-956e-993ee2fe234c#58:OK,SUCCESS,nextIndex:2,term:2,followerCommit:0
2019-08-29 11:55:25,239 [grpc-default-executor-4] WARN  server.GrpcLogAppender (GrpcLogAppender.java:onNextImpl(250)) - org.apache.ratis.grpc.server.GrpcLogAppender$AppendLogResponseHandler@5a8729: Request not found, ignoring reply: edbdd45e-116e-45c7-951f-264ab28d364f<-6997f81c-1ecf-488f-a14c-812b649ddfad#90:OK,SUCCESS,nextIndex:2,term:2,followerCommit:0
2019-08-29 11:55:25,239 [grpc-default-executor-9] WARN  server.GrpcLogAppender (GrpcLogAppender.java:onNextImpl(250)) - org.apache.ratis.grpc.server.GrpcLogAppender$AppendLogResponseHandler@7a997dc2: Request not found, ignoring reply: edbdd45e-116e-45c7-951f-264ab28d364f<-97e3324b-235f-4ceb-956e-993ee2fe234c#59:OK,SUCCESS,nextIndex:2,term:2,followerCommit:0
2019-08-29 11:55:25,239 [grpc-default-executor-4] WARN  server.GrpcLogAppender (GrpcLogAppender.java:onNextImpl(250)) - org.apache.ratis.grpc.server.GrpcLogAppender$AppendLogResponseHandler@5a8729: Request not found, ignoring reply: edbdd45e-116e-45c7-951f-264ab28d364f<-6997f81c-1ecf-488f-a14c-812b649ddfad#91:OK,SUCCESS,nextIndex:2,term:2,followerCommit:0
2019-08-29 11:55:25,240 [grpc-default-executor-9] WARN  server.GrpcLogAppender (GrpcLogAppender.java:onNextImpl(250)) - org.apache.ratis.grpc.server.GrpcLogAppender$AppendLogResponseHandler@7a997dc2: Request not found, ignoring reply: edbdd45e-116e-45c7-951f-264ab28d364f<-97e3324b-235f-4ceb-956e-993ee2fe234c#60:OK,SUCCESS,nextIndex:2,term:2,followerCommit:0
2019-08-29 11:55:25,240 [grpc-default-executor-9] WARN  server.GrpcLogAppender (GrpcLogAppender.java:onNextImpl(250)) - org.apache.ratis.grpc.server.GrpcLogAppender$AppendLogResponseHandler@7a997dc2: Request not found, ignoring reply: edbdd45e-116e-45c7-951f-264ab28d364f<-97e3324b-235f-4ceb-956e-993ee2fe234c#61:OK,SUCCESS,nextIndex:2,term:2,followerCommit:0
2019-08-29 11:55:25,240 [grpc-default-executor-9] WARN  server.GrpcLogAppender (GrpcLogAppender.java:onNextImpl(250)) - org.apache.ratis.grpc.server.GrpcLogAppender$AppendLogResponseHandler@7a997dc2: Request not found, ignoring reply: edbdd45e-116e-45c7-951f-264ab28d364f<-97e3324b-235f-4ceb-956e-993ee2fe234c#62:OK,SUCCESS,nextIndex:2,term:2,followerCommit:0
2019-08-29 11:55:25,240 [grpc-default-executor-9] WARN  server.GrpcLogAppender (GrpcLogAppender.java:onNextImpl(250)) - org.apache.ratis.grpc.server.GrpcLogAppender$AppendLogResponseHandler@7a997dc2: Request not found, ignoring reply: edbdd45e-116e-45c7-951f-264ab28d364f<-97e3324b-235f-4ceb-956e-993ee2fe234c#63:OK,SUCCESS,nextIndex:2,term:2,followerCommit:0
2019-08-29 11:55:25,241 [grpc-default-executor-9] WARN  server.GrpcLogAppender (GrpcLogAppender.java:onNextImpl(250)) - org.apache.ratis.grpc.server.GrpcLogAppender$AppendLogResponseHandler@7a997dc2: Request not found, ignoring reply: edbdd45e-116e-45c7-951f-264ab28d364f<-97e3324b-235f-4ceb-956e-993ee2fe234c#64:OK,SUCCESS,nextIndex:2,term:2,followerCommit:0
2019-08-29 11:55:25,241 [grpc-default-executor-9] WARN  server.GrpcLogAppender (GrpcLogAppender.java:onNextImpl(250)) - org.apache.ratis.grpc.server.GrpcLogAppender$AppendLogResponseHandler@7a997dc2: Request not found, ignoring reply: edbdd45e-116e-45c7-951f-264ab28d364f<-97e3324b-235f-4ceb-956e-993ee2fe234c#65:OK,SUCCESS,nextIndex:2,term:2,followerCommit:0
2019-08-29 11:55:25,242 [grpc-default-executor-9] WARN  server.GrpcLogAppender (GrpcLogAppender.java:onNextImpl(250)) - org.apache.ratis.grpc.server.GrpcLogAppender$AppendLogResponseHandler@7a997dc2: Request not found, ignoring reply: edbdd45e-116e-45c7-951f-264ab28d364f<-97e3324b-235f-4ceb-956e-993ee2fe234c#66:OK,SUCCESS,nextIndex:2,term:2,followerCommit:0
2019-08-29 11:55:25,242 [grpc-default-executor-9] WARN  server.GrpcLogAppender (GrpcLogAppender.java:onNextImpl(250)) - org.apache.ratis.grpc.server.GrpcLogAppender$AppendLogResponseHandler@7a997dc2: Request not found, ignoring reply: edbdd45e-116e-45c7-951f-264ab28d364f<-97e3324b-235f-4ceb-956e-993ee2fe234c#67:OK,SUCCESS,nextIndex:2,term:2,followerCommit:0
2019-08-29 11:55:25,242 [grpc-default-executor-9] WARN  server.GrpcLogAppender (GrpcLogAppender.java:onNextImpl(250)) - org.apache.ratis.grpc.server.GrpcLogAppender$AppendLogResponseHandler@7a997dc2: Request not found, ignoring reply: edbdd45e-116e-45c7-951f-264ab28d364f<-97e3324b-235f-4ceb-956e-993ee2fe234c#68:OK,SUCCESS,nextIndex:2,term:2,followerCommit:0
2019-08-29 11:55:25,242 [grpc-default-executor-9] WARN  server.GrpcLogAppender (GrpcLogAppender.java:onNextImpl(250)) - org.apache.ratis.grpc.server.GrpcLogAppender$AppendLogResponseHandler@7a997dc2: Request not found, ignoring reply: edbdd45e-116e-45c7-951f-264ab28d364f<-97e3324b-235f-4ceb-956e-993ee2fe234c#69:OK,SUCCESS,nextIndex:2,term:2,followerCommit:0
2019-08-29 11:55:25,242 [grpc-default-executor-9] WARN  server.GrpcLogAppender (GrpcLogAppender.java:onNextImpl(250)) - org.apache.ratis.grpc.server.GrpcLogAppender$AppendLogResponseHandler@7a997dc2: Request not found, ignoring reply: edbdd45e-116e-45c7-951f-264ab28d364f<-97e3324b-235f-4ceb-956e-993ee2fe234c#70:OK,SUCCESS,nextIndex:2,term:2,followerCommit:0
2019-08-29 11:55:25,242 [grpc-default-executor-9] WARN  server.GrpcLogAppender (GrpcLogAppender.java:onNextImpl(250)) - org.apache.ratis.grpc.server.GrpcLogAppender$AppendLogResponseHandler@7a997dc2: Request not found, ignoring reply: edbdd45e-116e-45c7-951f-264ab28d364f<-97e3324b-235f-4ceb-956e-993ee2fe234c#71:OK,SUCCESS,nextIndex:2,term:2,followerCommit:0
2019-08-29 11:55:25,243 [grpc-default-executor-9] WARN  server.GrpcLogAppender (GrpcLogAppender.java:onNextImpl(250)) - org.apache.ratis.grpc.server.GrpcLogAppender$AppendLogResponseHandler@7a997dc2: Request not found, ignoring reply: edbdd45e-116e-45c7-951f-264ab28d364f<-97e3324b-235f-4ceb-956e-993ee2fe234c#72:OK,SUCCESS,nextIndex:2,term:2,followerCommit:0
2019-08-29 11:55:25,243 [grpc-default-executor-9] WARN  server.GrpcLogAppender (GrpcLogAppender.java:onNextImpl(250)) - org.apache.ratis.grpc.server.GrpcLogAppender$AppendLogResponseHandler@7a997dc2: Request not found, ignoring reply: edbdd45e-116e-45c7-951f-264ab28d364f<-97e3324b-235f-4ceb-956e-993ee2fe234c#73:OK,SUCCESS,nextIndex:2,term:2,followerCommit:0
2019-08-29 11:55:25,243 [grpc-default-executor-9] WARN  server.GrpcLogAppender (GrpcLogAppender.java:onNextImpl(250)) - org.apache.ratis.grpc.server.GrpcLogAppender$AppendLogResponseHandler@7a997dc2: Request not found, ignoring reply: edbdd45e-116e-45c7-951f-264ab28d364f<-97e3324b-235f-4ceb-956e-993ee2fe234c#74:OK,SUCCESS,nextIndex:2,term:2,followerCommit:0
2019-08-29 11:55:25,243 [grpc-default-executor-9] WARN  server.GrpcLogAppender (GrpcLogAppender.java:onNextImpl(250)) - org.apache.ratis.grpc.server.GrpcLogAppender$AppendLogResponseHandler@7a997dc2: Request not found, ignoring reply: edbdd45e-116e-45c7-951f-264ab28d364f<-97e3324b-235f-4ceb-956e-993ee2fe234c#75:OK,SUCCESS,nextIndex:2,term:2,followerCommit:0
2019-08-29 11:55:25,243 [grpc-default-executor-9] WARN  server.GrpcLogAppender (GrpcLogAppender.java:onNextImpl(250)) - org.apache.ratis.grpc.server.GrpcLogAppender$AppendLogResponseHandler@7a997dc2: Request not found, ignoring reply: edbdd45e-116e-45c7-951f-264ab28d364f<-97e3324b-235f-4ceb-956e-993ee2fe234c#76:OK,SUCCESS,nextIndex:2,term:2,followerCommit:0
2019-08-29 11:55:25,244 [grpc-default-executor-9] WARN  server.GrpcLogAppender (GrpcLogAppender.java:onNextImpl(250)) - org.apache.ratis.grpc.server.GrpcLogAppender$AppendLogResponseHandler@7a997dc2: Request not found, ignoring reply: edbdd45e-116e-45c7-951f-264ab28d364f<-97e3324b-235f-4ceb-956e-993ee2fe234c#77:OK,SUCCESS,nextIndex:2,term:2,followerCommit:0
2019-08-29 11:55:25,244 [grpc-default-executor-9] WARN  server.GrpcLogAppender (GrpcLogAppender.java:onNextImpl(250)) - org.apache.ratis.grpc.server.GrpcLogAppender$AppendLogResponseHandler@7a997dc2: Request not found, ignoring reply: edbdd45e-116e-45c7-951f-264ab28d364f<-97e3324b-235f-4ceb-956e-993ee2fe234c#78:OK,SUCCESS,nextIndex:2,term:2,followerCommit:0
2019-08-29 11:55:25,244 [grpc-default-executor-9] WARN  server.GrpcLogAppender (GrpcLogAppender.java:onNextImpl(250)) - org.apache.ratis.grpc.server.GrpcLogAppender$AppendLogResponseHandler@7a997dc2: Request not found, ignoring reply: edbdd45e-116e-45c7-951f-264ab28d364f<-97e3324b-235f-4ceb-956e-993ee2fe234c#79:OK,SUCCESS,nextIndex:2,term:2,followerCommit:0
2019-08-29 11:55:25,244 [grpc-default-executor-9] WARN  server.GrpcLogAppender (GrpcLogAppender.java:onNextImpl(250)) - org.apache.ratis.grpc.server.GrpcLogAppender$AppendLogResponseHandler@7a997dc2: Request not found, ignoring reply: edbdd45e-116e-45c7-951f-264ab28d364f<-97e3324b-235f-4ceb-956e-993ee2fe234c#80:OK,SUCCESS,nextIndex:2,term:2,followerCommit:0
2019-08-29 11:55:25,244 [grpc-default-executor-9] WARN  server.GrpcLogAppender (GrpcLogAppender.java:onNextImpl(250)) - org.apache.ratis.grpc.server.GrpcLogAppender$AppendLogResponseHandler@7a997dc2: Request not found, ignoring reply: edbdd45e-116e-45c7-951f-264ab28d364f<-97e3324b-235f-4ceb-956e-993ee2fe234c#81:OK,SUCCESS,nextIndex:2,term:2,followerCommit:0
2019-08-29 11:55:25,245 [grpc-default-executor-9] WARN  server.GrpcLogAppender (GrpcLogAppender.java:onNextImpl(250)) - org.apache.ratis.grpc.server.GrpcLogAppender$AppendLogResponseHandler@7a997dc2: Request not found, ignoring reply: edbdd45e-116e-45c7-951f-264ab28d364f<-97e3324b-235f-4ceb-956e-993ee2fe234c#82:OK,SUCCESS,nextIndex:2,term:2,followerCommit:0
2019-08-29 11:55:25,245 [grpc-default-executor-9] WARN  server.GrpcLogAppender (GrpcLogAppender.java:onNextImpl(250)) - org.apache.ratis.grpc.server.GrpcLogAppender$AppendLogResponseHandler@7a997dc2: Request not found, ignoring reply: edbdd45e-116e-45c7-951f-264ab28d364f<-97e3324b-235f-4ceb-956e-993ee2fe234c#83:OK,SUCCESS,nextIndex:2,term:2,followerCommit:0
2019-08-29 11:55:25,245 [grpc-default-executor-9] WARN  server.GrpcLogAppender (GrpcLogAppender.java:onNextImpl(250)) - org.apache.ratis.grpc.server.GrpcLogAppender$AppendLogResponseHandler@7a997dc2: Request not found, ignoring reply: edbdd45e-116e-45c7-951f-264ab28d364f<-97e3324b-235f-4ceb-956e-993ee2fe234c#84:OK,SUCCESS,nextIndex:2,term:2,followerCommit:0
2019-08-29 11:55:25,245 [grpc-default-executor-9] WARN  server.GrpcLogAppender (GrpcLogAppender.java:onNextImpl(250)) - org.apache.ratis.grpc.server.GrpcLogAppender$AppendLogResponseHandler@7a997dc2: Request not found, ignoring reply: edbdd45e-116e-45c7-951f-264ab28d364f<-97e3324b-235f-4ceb-956e-993ee2fe234c#85:OK,SUCCESS,nextIndex:2,term:2,followerCommit:0
2019-08-29 11:55:25,245 [grpc-default-executor-9] WARN  server.GrpcLogAppender (GrpcLogAppender.java:onNextImpl(250)) - org.apache.ratis.grpc.server.GrpcLogAppender$AppendLogResponseHandler@7a997dc2: Request not found, ignoring reply: edbdd45e-116e-45c7-951f-264ab28d364f<-97e3324b-235f-4ceb-956e-993ee2fe234c#86:OK,SUCCESS,nextIndex:2,term:2,followerCommit:0
2019-08-29 11:55:25,245 [grpc-default-executor-9] WARN  server.GrpcLogAppender (GrpcLogAppender.java:onNextImpl(250)) - org.apache.ratis.grpc.server.GrpcLogAppender$AppendLogResponseHandler@7a997dc2: Request not found, ignoring reply: edbdd45e-116e-45c7-951f-264ab28d364f<-97e3324b-235f-4ceb-956e-993ee2fe234c#87:OK,SUCCESS,nextIndex:2,term:2,followerCommit:0
2019-08-29 11:55:25,246 [grpc-default-executor-9] WARN  server.GrpcLogAppender (GrpcLogAppender.java:onNextImpl(250)) - org.apache.ratis.grpc.server.GrpcLogAppender$AppendLogResponseHandler@7a997dc2: Request not found, ignoring reply: edbdd45e-116e-45c7-951f-264ab28d364f<-97e3324b-235f-4ceb-956e-993ee2fe234c#88:OK,SUCCESS,nextIndex:2,term:2,followerCommit:0
2019-08-29 11:55:25,246 [grpc-default-executor-9] WARN  server.GrpcLogAppender (GrpcLogAppender.java:onNextImpl(250)) - org.apache.ratis.grpc.server.GrpcLogAppender$AppendLogResponseHandler@7a997dc2: Request not found, ignoring reply: edbdd45e-116e-45c7-951f-264ab28d364f<-97e3324b-235f-4ceb-956e-993ee2fe234c#89:OK,SUCCESS,nextIndex:2,term:2,followerCommit:0
2019-08-29 11:55:25,246 [grpc-default-executor-9] WARN  server.GrpcLogAppender (GrpcLogAppender.java:onNextImpl(250)) - org.apache.ratis.grpc.server.GrpcLogAppender$AppendLogResponseHandler@7a997dc2: Request not found, ignoring reply: edbdd45e-116e-45c7-951f-264ab28d364f<-97e3324b-235f-4ceb-956e-993ee2fe234c#90:OK,SUCCESS,nextIndex:2,term:2,followerCommit:0
2019-08-29 11:55:25,246 [grpc-default-executor-9] WARN  server.GrpcLogAppender (GrpcLogAppender.java:onNextImpl(250)) - org.apache.ratis.grpc.server.GrpcLogAppender$AppendLogResponseHandler@7a997dc2: Request not found, ignoring reply: edbdd45e-116e-45c7-951f-264ab28d364f<-97e3324b-235f-4ceb-956e-993ee2fe234c#91:OK,SUCCESS,nextIndex:2,term:2,followerCommit:0
2019-08-29 11:55:25,389 | INFO  | SCMAudit | user=jenkins1000 | ip=192.168.5.171 | op=SEND_HEARTBEAT {datanodeUUID=3442b9cb-a0d9-4a64-bd62-61dec9190efe, command=[]} | ret=SUCCESS |  
2019-08-29 11:55:25,498 [java.util.concurrent.ThreadPoolExecutor$Worker@4a2cd158[State = -1, empty queue]] WARN  server.GrpcLogAppender (GrpcLogAppender.java:timeoutAppendRequest(200)) - GrpcLogAppender(368ac840-1874-400c-9a5e-97ce3a83695d->21c7cf7b-6251-48a4-bdb1-01914484bde5): appendEntries Timeout, request=368ac840-1874-400c-9a5e-97ce3a83695d->21c7cf7b-6251-48a4-bdb1-01914484bde5#94-t1, previous=(t:1, i:1), leaderCommit=0, initializing? false, entries: <empty>
2019-08-29 11:55:25,498 [java.util.concurrent.ThreadPoolExecutor$Worker@67975a21[State = -1, empty queue]] WARN  server.GrpcLogAppender (GrpcLogAppender.java:timeoutAppendRequest(200)) - GrpcLogAppender(368ac840-1874-400c-9a5e-97ce3a83695d->822b3223-74a0-44c8-ae72-b72e27a17b65): appendEntries Timeout, request=368ac840-1874-400c-9a5e-97ce3a83695d->822b3223-74a0-44c8-ae72-b72e27a17b65#94-t1, previous=(t:1, i:1), leaderCommit=0, initializing? false, entries: <empty>
2019-08-29 11:55:25,592 [grpc-default-executor-9] INFO  client.GrpcClientProtocolClient (GrpcClientProtocolClient.java:onNext(255)) - client-5AD365A517BD->21c7cf7b-6251-48a4-bdb1-01914484bde5: receive RaftClientReply:client-5AD365A517BD->21c7cf7b-6251-48a4-bdb1-01914484bde5@group-C6E4A73C4023, cid=100, FAILED org.apache.ratis.protocol.NotLeaderException: Server 21c7cf7b-6251-48a4-bdb1-01914484bde5 is not the leader (368ac840-1874-400c-9a5e-97ce3a83695d:192.168.5.171:40345). Request must be sent to leader., logIndex=0, commits[21c7cf7b-6251-48a4-bdb1-01914484bde5:c0, 822b3223-74a0-44c8-ae72-b72e27a17b65:c0, 368ac840-1874-400c-9a5e-97ce3a83695d:c0]
2019-08-29 11:55:25,602 [main] WARN  io.KeyOutputStream (KeyOutputStream.java:handleException(276)) - Encountered exception java.io.IOException: Unexpected Storage Container Exception: java.util.concurrent.CompletionException: java.util.concurrent.CompletionException: org.apache.ratis.protocol.RaftRetryFailureException: Failed RaftClientRequest:client-5AD365A517BD->21c7cf7b-6251-48a4-bdb1-01914484bde5@group-C6E4A73C4023, cid=100, seq=1*, RW, org.apache.hadoop.hdds.scm.XceiverClientRatis$$Lambda$472/1811587238@58a71e6d for 10 attempts with RetryLimited(maxAttempts=10, sleepTime=1000ms) on the pipeline Pipeline[ Id: a09c7214-0f17-4bde-9a6c-c6e4a73c4023, Nodes: 21c7cf7b-6251-48a4-bdb1-01914484bde5{ip: 192.168.5.171, host: pr-hdds-2058-gt6pm-2007824988, networkLocation: /rack1, certSerialId: null}822b3223-74a0-44c8-ae72-b72e27a17b65{ip: 192.168.5.171, host: pr-hdds-2058-gt6pm-2007824988, networkLocation: /rack1, certSerialId: null}368ac840-1874-400c-9a5e-97ce3a83695d{ip: 192.168.5.171, host: pr-hdds-2058-gt6pm-2007824988, networkLocation: /rack1, certSerialId: null}, Type:RATIS, Factor:THREE, State:OPEN]. The last committed block length is 0, uncommitted data length is 524288 retry count 0
2019-08-29 11:55:25,635 [IPC Server handler 7 on 43501] WARN  block.BlockManagerImpl (BlockManagerImpl.java:allocateBlock(192)) - Pipeline creation failed for type:RATIS factor:THREE. Retrying get pipelines call once.
org.apache.hadoop.hdds.scm.pipeline.InsufficientDatanodesException: Cannot create pipeline of factor 3 using 1 nodes.
	at org.apache.hadoop.hdds.scm.pipeline.RatisPipelineProvider.create(RatisPipelineProvider.java:151)
	at org.apache.hadoop.hdds.scm.pipeline.PipelineFactory.create(PipelineFactory.java:57)
	at org.apache.hadoop.hdds.scm.pipeline.SCMPipelineManager.createPipeline(SCMPipelineManager.java:149)
	at org.apache.hadoop.hdds.scm.block.BlockManagerImpl.allocateBlock(BlockManagerImpl.java:190)
	at org.apache.hadoop.hdds.scm.server.SCMBlockProtocolServer.allocateBlock(SCMBlockProtocolServer.java:175)
	at org.apache.hadoop.ozone.protocolPB.ScmBlockLocationProtocolServerSideTranslatorPB.allocateScmBlock(ScmBlockLocationProtocolServerSideTranslatorPB.java:153)
	at org.apache.hadoop.ozone.protocolPB.ScmBlockLocationProtocolServerSideTranslatorPB.send(ScmBlockLocationProtocolServerSideTranslatorPB.java:112)
	at org.apache.hadoop.hdds.protocol.proto.ScmBlockLocationProtocolProtos$ScmBlockLocationProtocolService$2.callBlockingMethod(ScmBlockLocationProtocolProtos.java:13157)
	at org.apache.hadoop.ipc.ProtobufRpcEngine$Server$ProtoBufRpcInvoker.call(ProtobufRpcEngine.java:524)
	at org.apache.hadoop.ipc.RPC$Server.call(RPC.java:1025)
	at org.apache.hadoop.ipc.Server$RpcCall.run(Server.java:876)
	at org.apache.hadoop.ipc.Server$RpcCall.run(Server.java:822)
	at java.security.AccessController.doPrivileged(Native Method)
	at javax.security.auth.Subject.doAs(Subject.java:422)
	at org.apache.hadoop.security.UserGroupInformation.doAs(UserGroupInformation.java:1730)
	at org.apache.hadoop.ipc.Server$Handler.run(Server.java:2682)
2019-08-29 11:55:25,638 [IPC Server handler 7 on 43501] INFO  block.BlockManagerImpl (BlockManagerImpl.java:allocateBlock(198)) - Could not find available pipeline of type:RATIS and factor:THREE even after retrying
2019-08-29 11:55:25,638 [IPC Server handler 7 on 43501] ERROR block.BlockManagerImpl (BlockManagerImpl.java:allocateBlock(222)) - Unable to allocate a block for the size: 4194304, type: RATIS, factor: THREE
2019-08-29 11:55:25,638 | INFO  | SCMAudit | user=jenkins1000 | ip=192.168.5.171 | op=ALLOCATE_BLOCK {owner=060e6340-a660-4d30-b243-a753818e830b, size=4194304, type=RATIS, factor=THREE} | ret=SUCCESS |  
2019-08-29 11:55:25,641 | ERROR | OMAudit | user=jenkins1000 | ip=127.0.0.1 | op=ALLOCATE_BLOCK {volume=datanodefailurehandlingtest, bucket=datanodefailurehandlingtest, key=a3818b4c-2e44-4539-b697-733cbbcc5aa4, dataSize=0, replicationType=null, replicationFactor=null, keyLocationInfo=null, clientID=102700133557141513} | ret=FAILURE | org.apache.hadoop.hdds.scm.exceptions.SCMException: Allocated 0 blocks. Requested 1 blocks
	at org.apache.hadoop.hdds.scm.protocolPB.ScmBlockLocationProtocolClientSideTranslatorPB.handleError(ScmBlockLocationProtocolClientSideTranslatorPB.java:118)
	at org.apache.hadoop.hdds.scm.protocolPB.ScmBlockLocationProtocolClientSideTranslatorPB.allocateBlock(ScmBlockLocationProtocolClientSideTranslatorPB.java:156) 
2019-08-29 11:55:25,646 [main] ERROR io.BlockOutputStreamEntryPool (BlockOutputStreamEntryPool.java:allocateBlockIfNeeded(299)) - Try to allocate more blocks for write failed, already allocated 0 blocks for this write.
INTERNAL_ERROR org.apache.hadoop.ozone.om.exceptions.OMException: Allocated 0 blocks. Requested 1 blocks
	at org.apache.hadoop.ozone.om.protocolPB.OzoneManagerProtocolClientSideTranslatorPB.handleError(OzoneManagerProtocolClientSideTranslatorPB.java:725)
	at org.apache.hadoop.ozone.om.protocolPB.OzoneManagerProtocolClientSideTranslatorPB.allocateBlock(OzoneManagerProtocolClientSideTranslatorPB.java:757)
	at org.apache.hadoop.ozone.client.io.BlockOutputStreamEntryPool.allocateNewBlock(BlockOutputStreamEntryPool.java:248)
	at org.apache.hadoop.ozone.client.io.BlockOutputStreamEntryPool.allocateBlockIfNeeded(BlockOutputStreamEntryPool.java:296)
	at org.apache.hadoop.ozone.client.io.KeyOutputStream.handleWrite(KeyOutputStream.java:201)
	at org.apache.hadoop.ozone.client.io.KeyOutputStream.handleRetry(KeyOutputStream.java:376)
	at org.apache.hadoop.ozone.client.io.KeyOutputStream.handleException(KeyOutputStream.java:325)
	at org.apache.hadoop.ozone.client.io.KeyOutputStream.handleFlushOrClose(KeyOutputStream.java:448)
	at org.apache.hadoop.ozone.client.io.KeyOutputStream.close(KeyOutputStream.java:472)
	at org.apache.hadoop.ozone.client.io.OzoneOutputStream.close(OzoneOutputStream.java:60)
	at org.apache.hadoop.ozone.client.rpc.TestFailureHandlingByClient.testBlockWritesWithDnFailures(TestFailureHandlingByClient.java:163)
	at sun.reflect.NativeMethodAccessorImpl.invoke0(Native Method)
	at sun.reflect.NativeMethodAccessorImpl.invoke(NativeMethodAccessorImpl.java:62)
	at sun.reflect.DelegatingMethodAccessorImpl.invoke(DelegatingMethodAccessorImpl.java:43)
	at java.lang.reflect.Method.invoke(Method.java:498)
	at org.junit.runners.model.FrameworkMethod$1.runReflectiveCall(FrameworkMethod.java:47)
	at org.junit.internal.runners.model.ReflectiveCallable.run(ReflectiveCallable.java:12)
	at org.junit.runners.model.FrameworkMethod.invokeExplosively(FrameworkMethod.java:44)
	at org.junit.internal.runners.statements.InvokeMethod.evaluate(InvokeMethod.java:17)
	at org.junit.internal.runners.statements.RunAfters.evaluate(RunAfters.java:27)
	at org.junit.runners.ParentRunner.runLeaf(ParentRunner.java:271)
	at org.junit.runners.BlockJUnit4ClassRunner.runChild(BlockJUnit4ClassRunner.java:70)
	at org.junit.runners.BlockJUnit4ClassRunner.runChild(BlockJUnit4ClassRunner.java:50)
	at org.junit.runners.ParentRunner$3.run(ParentRunner.java:238)
	at org.junit.runners.ParentRunner$1.schedule(ParentRunner.java:63)
	at org.junit.runners.ParentRunner.runChildren(ParentRunner.java:236)
	at org.junit.runners.ParentRunner.access$000(ParentRunner.java:53)
	at org.junit.runners.ParentRunner$2.evaluate(ParentRunner.java:229)
	at org.junit.runners.ParentRunner.run(ParentRunner.java:309)
	at org.apache.maven.surefire.junit4.JUnit4Provider.execute(JUnit4Provider.java:365)
	at org.apache.maven.surefire.junit4.JUnit4Provider.executeWithRerun(JUnit4Provider.java:273)
	at org.apache.maven.surefire.junit4.JUnit4Provider.executeTestSet(JUnit4Provider.java:238)
	at org.apache.maven.surefire.junit4.JUnit4Provider.invoke(JUnit4Provider.java:159)
	at org.apache.maven.surefire.booter.ForkedBooter.invokeProviderInSameClassLoader(ForkedBooter.java:384)
	at org.apache.maven.surefire.booter.ForkedBooter.runSuitesInProcess(ForkedBooter.java:345)
	at org.apache.maven.surefire.booter.ForkedBooter.execute(ForkedBooter.java:126)
	at org.apache.maven.surefire.booter.ForkedBooter.main(ForkedBooter.java:418)
2019-08-29 11:55:25,647 [main] INFO  ozone.MiniOzoneClusterImpl (MiniOzoneClusterImpl.java:shutdown(307)) - Shutting down the Mini Ozone Cluster
2019-08-29 11:55:25,648 | INFO  | SCMAudit | user=null | ip=null | op=GET_SCM_INFO null | ret=SUCCESS |  
2019-08-29 11:55:25,648 [main] INFO  ozone.MiniOzoneClusterImpl (MiniOzoneClusterImpl.java:stop(322)) - Stopping the Mini Ozone Cluster
2019-08-29 11:55:25,648 [main] INFO  ozone.MiniOzoneClusterImpl (MiniOzoneClusterImpl.java:stop(324)) - Stopping the OzoneManager
2019-08-29 11:55:25,648 [main] INFO  ipc.Server (Server.java:stop(3082)) - Stopping server on 32856
2019-08-29 11:55:25,654 [IPC Server listener on 32856] INFO  ipc.Server (Server.java:run(1185)) - Stopping IPC Server listener on 32856
2019-08-29 11:55:25,661 [IPC Server Responder] INFO  ipc.Server (Server.java:run(1319)) - Stopping IPC Server Responder
2019-08-29 11:55:25,661 [main] INFO  ratis.OzoneManagerDoubleBuffer (OzoneManagerDoubleBuffer.java:stop(248)) - Stopping OMDoubleBuffer flush thread
2019-08-29 11:55:25,683 [OMDoubleBufferFlushThread] INFO  ratis.OzoneManagerDoubleBuffer (OzoneManagerDoubleBuffer.java:flushTransactions(191)) - OMDoubleBuffer flush thread OMDoubleBufferFlushThread is interrupted and will exit. OMDoubleBufferFlushThread
2019-08-29 11:55:25,683 [main] INFO  utils.BackgroundService (BackgroundService.java:shutdown(148)) - Shutting down service KeyDeletingService
2019-08-29 11:55:25,685 [main] INFO  handler.ContextHandler (ContextHandler.java:doStop(910)) - Stopped o.e.j.w.WebAppContext@39ab5ef7{/,null,UNAVAILABLE}{/ozoneManager}
2019-08-29 11:55:25,685 [main] INFO  server.AbstractConnector (AbstractConnector.java:doStop(318)) - Stopped ServerConnector@517704{HTTP/1.1,[http/1.1]}{0.0.0.0:0}
2019-08-29 11:55:25,686 [main] INFO  handler.ContextHandler (ContextHandler.java:doStop(910)) - Stopped o.e.j.s.ServletContextHandler@2a0ea492{/static,file:///workdir/hadoop-ozone/integration-test/target/test-classes/webapps/static,UNAVAILABLE}
2019-08-29 11:55:25,686 [main] INFO  handler.ContextHandler (ContextHandler.java:doStop(910)) - Stopped o.e.j.s.ServletContextHandler@586495f1{/logs,file:///workdir/hadoop-ozone/integration-test/target/log,UNAVAILABLE}
2019-08-29 11:55:25,856 | INFO  | SCMAudit | user=jenkins1000 | ip=192.168.5.171 | op=SEND_HEARTBEAT {datanodeUUID=21c7cf7b-6251-48a4-bdb1-01914484bde5, command=[]} | ret=SUCCESS |  
2019-08-29 11:55:25,922 | INFO  | SCMAudit | user=jenkins1000 | ip=192.168.5.171 | op=SEND_HEARTBEAT {datanodeUUID=79404ccb-3783-4150-88ba-2fea440d7696, command=[]} | ret=SUCCESS |  
2019-08-29 11:55:25,927 | INFO  | SCMAudit | user=jenkins1000 | ip=192.168.5.171 | op=SEND_HEARTBEAT {datanodeUUID=368ac840-1874-400c-9a5e-97ce3a83695d, command=[]} | ret=SUCCESS |  
2019-08-29 11:55:25,958 [Thread-3412] INFO  impl.FollowerState (FollowerState.java:run(106)) - 79404ccb-3783-4150-88ba-2fea440d7696:group-A8FA0292109A changes to CANDIDATE, lastRpcTime:1198, electionTimeout:1198ms
2019-08-29 11:55:25,958 [Thread-3412] INFO  impl.RoleInfo (RoleInfo.java:shutdownFollowerState(121)) - 79404ccb-3783-4150-88ba-2fea440d7696: shutdown FollowerState
2019-08-29 11:55:25,958 [Thread-3412] INFO  impl.RaftServerImpl (RaftServerImpl.java:setRole(171)) - 79404ccb-3783-4150-88ba-2fea440d7696:group-A8FA0292109A changes role from FOLLOWER to CANDIDATE at term 9 for changeToCandidate
2019-08-29 11:55:25,958 [Thread-3412] INFO  impl.RoleInfo (RoleInfo.java:updateAndGet(143)) - 79404ccb-3783-4150-88ba-2fea440d7696: start LeaderElection
2019-08-29 11:55:25,979 | INFO  | DNAudit | user=null | ip=null | op=WRITE_CHUNK {blockData=conID: 2 locID: 102700134910787595 bcsId: 0} | ret=SUCCESS |  
2019-08-29 11:55:25,979 | INFO  | DNAudit | user=null | ip=null | op=WRITE_CHUNK {blockData=conID: 2 locID: 102700134910787595 bcsId: 0} | ret=SUCCESS |  
2019-08-29 11:55:25,979 | INFO  | DNAudit | user=null | ip=null | op=WRITE_CHUNK {blockData=conID: 2 locID: 102700134910787595 bcsId: 0} | ret=SUCCESS |  
2019-08-29 11:55:25,980 [main] INFO  ozone.MiniOzoneClusterImpl (MiniOzoneClusterImpl.java:stop(330)) - Shutting the HddsDatanodes
2019-08-29 11:55:25,999 [java.util.concurrent.ThreadPoolExecutor$Worker@67975a21[State = -1, empty queue]] WARN  server.GrpcLogAppender (GrpcLogAppender.java:timeoutAppendRequest(200)) - GrpcLogAppender(368ac840-1874-400c-9a5e-97ce3a83695d->822b3223-74a0-44c8-ae72-b72e27a17b65): appendEntries Timeout, request=368ac840-1874-400c-9a5e-97ce3a83695d->822b3223-74a0-44c8-ae72-b72e27a17b65#95-t1, previous=(t:1, i:1), leaderCommit=0, initializing? false, entries: <empty>
2019-08-29 11:55:25,999 [java.util.concurrent.ThreadPoolExecutor$Worker@4a2cd158[State = -1, empty queue]] WARN  server.GrpcLogAppender (GrpcLogAppender.java:timeoutAppendRequest(200)) - GrpcLogAppender(368ac840-1874-400c-9a5e-97ce3a83695d->21c7cf7b-6251-48a4-bdb1-01914484bde5): appendEntries Timeout, request=368ac840-1874-400c-9a5e-97ce3a83695d->21c7cf7b-6251-48a4-bdb1-01914484bde5#95-t1, previous=(t:1, i:1), leaderCommit=0, initializing? false, entries: <empty>
2019-08-29 11:55:26,120 | INFO  | SCMAudit | user=jenkins1000 | ip=192.168.5.171 | op=SEND_HEARTBEAT {datanodeUUID=97e3324b-235f-4ceb-956e-993ee2fe234c, command=[]} | ret=SUCCESS |  
2019-08-29 11:55:26,120 | INFO  | SCMAudit | user=jenkins1000 | ip=192.168.5.171 | op=SEND_HEARTBEAT {datanodeUUID=edbdd45e-116e-45c7-951f-264ab28d364f, command=[]} | ret=SUCCESS |  
2019-08-29 11:55:26,122 | INFO  | SCMAudit | user=jenkins1000 | ip=192.168.5.171 | op=SEND_HEARTBEAT {datanodeUUID=6997f81c-1ecf-488f-a14c-812b649ddfad, command=[]} | ret=SUCCESS |  
2019-08-29 11:55:26,192 [Datanode State Machine Thread - 0] INFO  statemachine.DatanodeStateMachine (DatanodeStateMachine.java:lambda$startDaemon$0(350)) - Ozone container server started.
2019-08-29 11:55:26,389 | INFO  | SCMAudit | user=jenkins1000 | ip=192.168.5.171 | op=SEND_HEARTBEAT {datanodeUUID=3442b9cb-a0d9-4a64-bd62-61dec9190efe, command=[]} | ret=SUCCESS |  
2019-08-29 11:55:26,499 [java.util.concurrent.ThreadPoolExecutor$Worker@4a2cd158[State = -1, empty queue]] WARN  server.GrpcLogAppender (GrpcLogAppender.java:timeoutAppendRequest(200)) - GrpcLogAppender(368ac840-1874-400c-9a5e-97ce3a83695d->21c7cf7b-6251-48a4-bdb1-01914484bde5): appendEntries Timeout, request=368ac840-1874-400c-9a5e-97ce3a83695d->21c7cf7b-6251-48a4-bdb1-01914484bde5#96-t1, previous=(t:1, i:1), leaderCommit=0, initializing? false, entries: <empty>
2019-08-29 11:55:26,499 [java.util.concurrent.ThreadPoolExecutor$Worker@67975a21[State = -1, empty queue]] WARN  server.GrpcLogAppender (GrpcLogAppender.java:timeoutAppendRequest(200)) - GrpcLogAppender(368ac840-1874-400c-9a5e-97ce3a83695d->822b3223-74a0-44c8-ae72-b72e27a17b65): appendEntries Timeout, request=368ac840-1874-400c-9a5e-97ce3a83695d->822b3223-74a0-44c8-ae72-b72e27a17b65#96-t1, previous=(t:1, i:1), leaderCommit=0, initializing? false, entries: <empty>
2019-08-29 11:55:26,518 [79404ccb-3783-4150-88ba-2fea440d7696:group-A8FA0292109A:LeaderElection142] INFO  impl.LeaderElection (LeaderElection.java:askForVotes(181)) - 79404ccb-3783-4150-88ba-2fea440d7696:group-A8FA0292109A:LeaderElection142: begin an election at term 10 for 0: [0927c2fb-bc54-48d8-8b4a-6f0f550fa3d8:192.168.5.171:45391, 79404ccb-3783-4150-88ba-2fea440d7696:192.168.5.171:38238, 0237fb14-0601-4188-bfaa-710869c5af5c:192.168.5.171:34413], old=null
2019-08-29 11:55:26,519 [79404ccb-3783-4150-88ba-2fea440d7696:group-A8FA0292109A:LeaderElection142] INFO  impl.LeaderElection (LogUtils.java:infoOrTrace(149)) - 79404ccb-3783-4150-88ba-2fea440d7696:group-A8FA0292109A:LeaderElection142 got exception when requesting votes: {}
java.util.concurrent.ExecutionException: org.apache.ratis.thirdparty.io.grpc.StatusRuntimeException: UNAVAILABLE: io exception
	at java.util.concurrent.FutureTask.report(FutureTask.java:122)
	at java.util.concurrent.FutureTask.get(FutureTask.java:192)
	at org.apache.ratis.server.impl.LeaderElection.waitForResults(LeaderElection.java:262)
	at org.apache.ratis.server.impl.LeaderElection.askForVotes(LeaderElection.java:200)
	at org.apache.ratis.server.impl.LeaderElection.run(LeaderElection.java:130)
	at java.lang.Thread.run(Thread.java:748)
Caused by: org.apache.ratis.thirdparty.io.grpc.StatusRuntimeException: UNAVAILABLE: io exception
	at org.apache.ratis.thirdparty.io.grpc.stub.ClientCalls.toStatusRuntimeException(ClientCalls.java:233)
	at org.apache.ratis.thirdparty.io.grpc.stub.ClientCalls.getUnchecked(ClientCalls.java:214)
	at org.apache.ratis.thirdparty.io.grpc.stub.ClientCalls.blockingUnaryCall(ClientCalls.java:139)
	at org.apache.ratis.proto.grpc.RaftServerProtocolServiceGrpc$RaftServerProtocolServiceBlockingStub.requestVote(RaftServerProtocolServiceGrpc.java:265)
	at org.apache.ratis.grpc.server.GrpcServerProtocolClient.requestVote(GrpcServerProtocolClient.java:83)
	at org.apache.ratis.grpc.server.GrpcService.requestVote(GrpcService.java:195)
	at org.apache.ratis.server.impl.LeaderElection.lambda$submitRequests$1(LeaderElection.java:237)
	at java.util.concurrent.FutureTask.run(FutureTask.java:266)
	at java.util.concurrent.Executors$RunnableAdapter.call(Executors.java:511)
	at java.util.concurrent.FutureTask.run(FutureTask.java:266)
	at java.util.concurrent.ThreadPoolExecutor.runWorker(ThreadPoolExecutor.java:1149)
	at java.util.concurrent.ThreadPoolExecutor$Worker.run(ThreadPoolExecutor.java:624)
	... 1 more
Caused by: org.apache.ratis.thirdparty.io.netty.channel.AbstractChannel$AnnotatedConnectException: Connection refused: /192.168.5.171:45391
	at sun.nio.ch.SocketChannelImpl.checkConnect(Native Method)
	at sun.nio.ch.SocketChannelImpl.finishConnect(SocketChannelImpl.java:717)
	at org.apache.ratis.thirdparty.io.netty.channel.socket.nio.NioSocketChannel.doFinishConnect(NioSocketChannel.java:327)
	at org.apache.ratis.thirdparty.io.netty.channel.nio.AbstractNioChannel$AbstractNioUnsafe.finishConnect(AbstractNioChannel.java:340)
	at org.apache.ratis.thirdparty.io.netty.channel.nio.NioEventLoop.processSelectedKey(NioEventLoop.java:632)
	at org.apache.ratis.thirdparty.io.netty.channel.nio.NioEventLoop.processSelectedKeysOptimized(NioEventLoop.java:579)
	at org.apache.ratis.thirdparty.io.netty.channel.nio.NioEventLoop.processSelectedKeys(NioEventLoop.java:496)
	at org.apache.ratis.thirdparty.io.netty.channel.nio.NioEventLoop.run(NioEventLoop.java:458)
	at org.apache.ratis.thirdparty.io.netty.util.concurrent.SingleThreadEventExecutor$5.run(SingleThreadEventExecutor.java:897)
	at org.apache.ratis.thirdparty.io.netty.util.concurrent.FastThreadLocalRunnable.run(FastThreadLocalRunnable.java:30)
	... 1 more
Caused by: java.net.ConnectException: Connection refused
	... 11 more
2019-08-29 11:55:26,520 [79404ccb-3783-4150-88ba-2fea440d7696:group-A8FA0292109A:LeaderElection142] INFO  impl.LeaderElection (LogUtils.java:infoOrTrace(149)) - 79404ccb-3783-4150-88ba-2fea440d7696:group-A8FA0292109A:LeaderElection142 got exception when requesting votes: {}
java.util.concurrent.ExecutionException: org.apache.ratis.thirdparty.io.grpc.StatusRuntimeException: UNAVAILABLE: io exception
	at java.util.concurrent.FutureTask.report(FutureTask.java:122)
	at java.util.concurrent.FutureTask.get(FutureTask.java:192)
	at org.apache.ratis.server.impl.LeaderElection.waitForResults(LeaderElection.java:262)
	at org.apache.ratis.server.impl.LeaderElection.askForVotes(LeaderElection.java:200)
	at org.apache.ratis.server.impl.LeaderElection.run(LeaderElection.java:130)
	at java.lang.Thread.run(Thread.java:748)
Caused by: org.apache.ratis.thirdparty.io.grpc.StatusRuntimeException: UNAVAILABLE: io exception
	at org.apache.ratis.thirdparty.io.grpc.stub.ClientCalls.toStatusRuntimeException(ClientCalls.java:233)
	at org.apache.ratis.thirdparty.io.grpc.stub.ClientCalls.getUnchecked(ClientCalls.java:214)
	at org.apache.ratis.thirdparty.io.grpc.stub.ClientCalls.blockingUnaryCall(ClientCalls.java:139)
	at org.apache.ratis.proto.grpc.RaftServerProtocolServiceGrpc$RaftServerProtocolServiceBlockingStub.requestVote(RaftServerProtocolServiceGrpc.java:265)
	at org.apache.ratis.grpc.server.GrpcServerProtocolClient.requestVote(GrpcServerProtocolClient.java:83)
	at org.apache.ratis.grpc.server.GrpcService.requestVote(GrpcService.java:195)
	at org.apache.ratis.server.impl.LeaderElection.lambda$submitRequests$1(LeaderElection.java:237)
	at java.util.concurrent.FutureTask.run(FutureTask.java:266)
	at java.util.concurrent.Executors$RunnableAdapter.call(Executors.java:511)
	at java.util.concurrent.FutureTask.run(FutureTask.java:266)
	at java.util.concurrent.ThreadPoolExecutor.runWorker(ThreadPoolExecutor.java:1149)
	at java.util.concurrent.ThreadPoolExecutor$Worker.run(ThreadPoolExecutor.java:624)
	... 1 more
Caused by: org.apache.ratis.thirdparty.io.netty.channel.AbstractChannel$AnnotatedConnectException: Connection refused: /192.168.5.171:34413
	at sun.nio.ch.SocketChannelImpl.checkConnect(Native Method)
	at sun.nio.ch.SocketChannelImpl.finishConnect(SocketChannelImpl.java:717)
	at org.apache.ratis.thirdparty.io.netty.channel.socket.nio.NioSocketChannel.doFinishConnect(NioSocketChannel.java:327)
	at org.apache.ratis.thirdparty.io.netty.channel.nio.AbstractNioChannel$AbstractNioUnsafe.finishConnect(AbstractNioChannel.java:340)
	at org.apache.ratis.thirdparty.io.netty.channel.nio.NioEventLoop.processSelectedKey(NioEventLoop.java:632)
	at org.apache.ratis.thirdparty.io.netty.channel.nio.NioEventLoop.processSelectedKeysOptimized(NioEventLoop.java:579)
	at org.apache.ratis.thirdparty.io.netty.channel.nio.NioEventLoop.processSelectedKeys(NioEventLoop.java:496)
	at org.apache.ratis.thirdparty.io.netty.channel.nio.NioEventLoop.run(NioEventLoop.java:458)
	at org.apache.ratis.thirdparty.io.netty.util.concurrent.SingleThreadEventExecutor$5.run(SingleThreadEventExecutor.java:897)
	at org.apache.ratis.thirdparty.io.netty.util.concurrent.FastThreadLocalRunnable.run(FastThreadLocalRunnable.java:30)
	... 1 more
Caused by: java.net.ConnectException: Connection refused
	... 11 more
2019-08-29 11:55:26,520 [79404ccb-3783-4150-88ba-2fea440d7696:group-A8FA0292109A:LeaderElection142] INFO  impl.LeaderElection (LeaderElection.java:logAndReturn(56)) - 79404ccb-3783-4150-88ba-2fea440d7696:group-A8FA0292109A:LeaderElection142: Election REJECTED; received 0 response(s) [] and 2 exception(s); 79404ccb-3783-4150-88ba-2fea440d7696:t10, leader=null, voted=79404ccb-3783-4150-88ba-2fea440d7696, raftlog=79404ccb-3783-4150-88ba-2fea440d7696-SegmentedRaftLog:OPENED:c4,f4,i4, conf=0: [0927c2fb-bc54-48d8-8b4a-6f0f550fa3d8:192.168.5.171:45391, 79404ccb-3783-4150-88ba-2fea440d7696:192.168.5.171:38238, 0237fb14-0601-4188-bfaa-710869c5af5c:192.168.5.171:34413], old=null
2019-08-29 11:55:26,520 [79404ccb-3783-4150-88ba-2fea440d7696:group-A8FA0292109A:LeaderElection142] INFO  impl.LeaderElection (LogUtils.java:infoOrTrace(149)) -   Exception 0: {}
java.util.concurrent.ExecutionException: org.apache.ratis.thirdparty.io.grpc.StatusRuntimeException: UNAVAILABLE: io exception
	at java.util.concurrent.FutureTask.report(FutureTask.java:122)
	at java.util.concurrent.FutureTask.get(FutureTask.java:192)
	at org.apache.ratis.server.impl.LeaderElection.waitForResults(LeaderElection.java:262)
	at org.apache.ratis.server.impl.LeaderElection.askForVotes(LeaderElection.java:200)
	at org.apache.ratis.server.impl.LeaderElection.run(LeaderElection.java:130)
	at java.lang.Thread.run(Thread.java:748)
Caused by: org.apache.ratis.thirdparty.io.grpc.StatusRuntimeException: UNAVAILABLE: io exception
	at org.apache.ratis.thirdparty.io.grpc.stub.ClientCalls.toStatusRuntimeException(ClientCalls.java:233)
	at org.apache.ratis.thirdparty.io.grpc.stub.ClientCalls.getUnchecked(ClientCalls.java:214)
	at org.apache.ratis.thirdparty.io.grpc.stub.ClientCalls.blockingUnaryCall(ClientCalls.java:139)
	at org.apache.ratis.proto.grpc.RaftServerProtocolServiceGrpc$RaftServerProtocolServiceBlockingStub.requestVote(RaftServerProtocolServiceGrpc.java:265)
	at org.apache.ratis.grpc.server.GrpcServerProtocolClient.requestVote(GrpcServerProtocolClient.java:83)
	at org.apache.ratis.grpc.server.GrpcService.requestVote(GrpcService.java:195)
	at org.apache.ratis.server.impl.LeaderElection.lambda$submitRequests$1(LeaderElection.java:237)
	at java.util.concurrent.FutureTask.run(FutureTask.java:266)
	at java.util.concurrent.Executors$RunnableAdapter.call(Executors.java:511)
	at java.util.concurrent.FutureTask.run(FutureTask.java:266)
	at java.util.concurrent.ThreadPoolExecutor.runWorker(ThreadPoolExecutor.java:1149)
	at java.util.concurrent.ThreadPoolExecutor$Worker.run(ThreadPoolExecutor.java:624)
	... 1 more
Caused by: org.apache.ratis.thirdparty.io.netty.channel.AbstractChannel$AnnotatedConnectException: Connection refused: /192.168.5.171:45391
	at sun.nio.ch.SocketChannelImpl.checkConnect(Native Method)
	at sun.nio.ch.SocketChannelImpl.finishConnect(SocketChannelImpl.java:717)
	at org.apache.ratis.thirdparty.io.netty.channel.socket.nio.NioSocketChannel.doFinishConnect(NioSocketChannel.java:327)
	at org.apache.ratis.thirdparty.io.netty.channel.nio.AbstractNioChannel$AbstractNioUnsafe.finishConnect(AbstractNioChannel.java:340)
	at org.apache.ratis.thirdparty.io.netty.channel.nio.NioEventLoop.processSelectedKey(NioEventLoop.java:632)
	at org.apache.ratis.thirdparty.io.netty.channel.nio.NioEventLoop.processSelectedKeysOptimized(NioEventLoop.java:579)
	at org.apache.ratis.thirdparty.io.netty.channel.nio.NioEventLoop.processSelectedKeys(NioEventLoop.java:496)
	at org.apache.ratis.thirdparty.io.netty.channel.nio.NioEventLoop.run(NioEventLoop.java:458)
	at org.apache.ratis.thirdparty.io.netty.util.concurrent.SingleThreadEventExecutor$5.run(SingleThreadEventExecutor.java:897)
	at org.apache.ratis.thirdparty.io.netty.util.concurrent.FastThreadLocalRunnable.run(FastThreadLocalRunnable.java:30)
	... 1 more
Caused by: java.net.ConnectException: Connection refused
	... 11 more
2019-08-29 11:55:26,521 [79404ccb-3783-4150-88ba-2fea440d7696:group-A8FA0292109A:LeaderElection142] INFO  impl.LeaderElection (LogUtils.java:infoOrTrace(149)) -   Exception 1: {}
java.util.concurrent.ExecutionException: org.apache.ratis.thirdparty.io.grpc.StatusRuntimeException: UNAVAILABLE: io exception
	at java.util.concurrent.FutureTask.report(FutureTask.java:122)
	at java.util.concurrent.FutureTask.get(FutureTask.java:192)
	at org.apache.ratis.server.impl.LeaderElection.waitForResults(LeaderElection.java:262)
	at org.apache.ratis.server.impl.LeaderElection.askForVotes(LeaderElection.java:200)
	at org.apache.ratis.server.impl.LeaderElection.run(LeaderElection.java:130)
	at java.lang.Thread.run(Thread.java:748)
Caused by: org.apache.ratis.thirdparty.io.grpc.StatusRuntimeException: UNAVAILABLE: io exception
	at org.apache.ratis.thirdparty.io.grpc.stub.ClientCalls.toStatusRuntimeException(ClientCalls.java:233)
	at org.apache.ratis.thirdparty.io.grpc.stub.ClientCalls.getUnchecked(ClientCalls.java:214)
	at org.apache.ratis.thirdparty.io.grpc.stub.ClientCalls.blockingUnaryCall(ClientCalls.java:139)
	at org.apache.ratis.proto.grpc.RaftServerProtocolServiceGrpc$RaftServerProtocolServiceBlockingStub.requestVote(RaftServerProtocolServiceGrpc.java:265)
	at org.apache.ratis.grpc.server.GrpcServerProtocolClient.requestVote(GrpcServerProtocolClient.java:83)
	at org.apache.ratis.grpc.server.GrpcService.requestVote(GrpcService.java:195)
	at org.apache.ratis.server.impl.LeaderElection.lambda$submitRequests$1(LeaderElection.java:237)
	at java.util.concurrent.FutureTask.run(FutureTask.java:266)
	at java.util.concurrent.Executors$RunnableAdapter.call(Executors.java:511)
	at java.util.concurrent.FutureTask.run(FutureTask.java:266)
	at java.util.concurrent.ThreadPoolExecutor.runWorker(ThreadPoolExecutor.java:1149)
	at java.util.concurrent.ThreadPoolExecutor$Worker.run(ThreadPoolExecutor.java:624)
	... 1 more
Caused by: org.apache.ratis.thirdparty.io.netty.channel.AbstractChannel$AnnotatedConnectException: Connection refused: /192.168.5.171:34413
	at sun.nio.ch.SocketChannelImpl.checkConnect(Native Method)
	at sun.nio.ch.SocketChannelImpl.finishConnect(SocketChannelImpl.java:717)
	at org.apache.ratis.thirdparty.io.netty.channel.socket.nio.NioSocketChannel.doFinishConnect(NioSocketChannel.java:327)
	at org.apache.ratis.thirdparty.io.netty.channel.nio.AbstractNioChannel$AbstractNioUnsafe.finishConnect(AbstractNioChannel.java:340)
	at org.apache.ratis.thirdparty.io.netty.channel.nio.NioEventLoop.processSelectedKey(NioEventLoop.java:632)
	at org.apache.ratis.thirdparty.io.netty.channel.nio.NioEventLoop.processSelectedKeysOptimized(NioEventLoop.java:579)
	at org.apache.ratis.thirdparty.io.netty.channel.nio.NioEventLoop.processSelectedKeys(NioEventLoop.java:496)
	at org.apache.ratis.thirdparty.io.netty.channel.nio.NioEventLoop.run(NioEventLoop.java:458)
	at org.apache.ratis.thirdparty.io.netty.util.concurrent.SingleThreadEventExecutor$5.run(SingleThreadEventExecutor.java:897)
	at org.apache.ratis.thirdparty.io.netty.util.concurrent.FastThreadLocalRunnable.run(FastThreadLocalRunnable.java:30)
	... 1 more
Caused by: java.net.ConnectException: Connection refused
	... 11 more
2019-08-29 11:55:26,521 [79404ccb-3783-4150-88ba-2fea440d7696:group-A8FA0292109A:LeaderElection142] INFO  impl.RaftServerImpl (RaftServerImpl.java:setRole(171)) - 79404ccb-3783-4150-88ba-2fea440d7696:group-A8FA0292109A changes role from CANDIDATE to FOLLOWER at term 10 for DISCOVERED_A_NEW_TERM
2019-08-29 11:55:26,521 [79404ccb-3783-4150-88ba-2fea440d7696:group-A8FA0292109A:LeaderElection142] INFO  impl.RoleInfo (RoleInfo.java:shutdownLeaderElection(134)) - 79404ccb-3783-4150-88ba-2fea440d7696: shutdown LeaderElection
2019-08-29 11:55:26,521 [79404ccb-3783-4150-88ba-2fea440d7696:group-A8FA0292109A:LeaderElection142] INFO  impl.RoleInfo (RoleInfo.java:updateAndGet(143)) - 79404ccb-3783-4150-88ba-2fea440d7696: start FollowerState
2019-08-29 11:55:26,856 | INFO  | SCMAudit | user=jenkins1000 | ip=192.168.5.171 | op=SEND_HEARTBEAT {datanodeUUID=21c7cf7b-6251-48a4-bdb1-01914484bde5, command=[]} | ret=SUCCESS |  
2019-08-29 11:55:26,923 [Datanode State Machine Thread - 0] INFO  statemachine.DatanodeStateMachine (DatanodeStateMachine.java:lambda$startDaemon$0(350)) - Ozone container server started.
2019-08-29 11:55:26,928 | INFO  | SCMAudit | user=jenkins1000 | ip=192.168.5.171 | op=SEND_HEARTBEAT {datanodeUUID=368ac840-1874-400c-9a5e-97ce3a83695d, command=[]} | ret=SUCCESS |  
2019-08-29 11:55:26,999 [java.util.concurrent.ThreadPoolExecutor$Worker@4a2cd158[State = -1, empty queue]] WARN  server.GrpcLogAppender (GrpcLogAppender.java:timeoutAppendRequest(200)) - GrpcLogAppender(368ac840-1874-400c-9a5e-97ce3a83695d->21c7cf7b-6251-48a4-bdb1-01914484bde5): appendEntries Timeout, request=368ac840-1874-400c-9a5e-97ce3a83695d->21c7cf7b-6251-48a4-bdb1-01914484bde5#97-t1, previous=(t:1, i:1), leaderCommit=0, initializing? false, entries: <empty>
2019-08-29 11:55:26,999 [java.util.concurrent.ThreadPoolExecutor$Worker@67975a21[State = -1, empty queue]] WARN  server.GrpcLogAppender (GrpcLogAppender.java:timeoutAppendRequest(200)) - GrpcLogAppender(368ac840-1874-400c-9a5e-97ce3a83695d->822b3223-74a0-44c8-ae72-b72e27a17b65): appendEntries Timeout, request=368ac840-1874-400c-9a5e-97ce3a83695d->822b3223-74a0-44c8-ae72-b72e27a17b65#97-t1, previous=(t:1, i:1), leaderCommit=0, initializing? false, entries: <empty>
2019-08-29 11:55:27,120 | INFO  | SCMAudit | user=jenkins1000 | ip=192.168.5.171 | op=SEND_HEARTBEAT {datanodeUUID=97e3324b-235f-4ceb-956e-993ee2fe234c, command=[]} | ret=SUCCESS |  
2019-08-29 11:55:27,121 | INFO  | SCMAudit | user=jenkins1000 | ip=192.168.5.171 | op=SEND_HEARTBEAT {datanodeUUID=edbdd45e-116e-45c7-951f-264ab28d364f, command=[]} | ret=SUCCESS |  
2019-08-29 11:55:27,121 | INFO  | SCMAudit | user=jenkins1000 | ip=192.168.5.171 | op=SEND_HEARTBEAT {datanodeUUID=6997f81c-1ecf-488f-a14c-812b649ddfad, command=[]} | ret=SUCCESS |  
2019-08-29 11:55:27,389 | INFO  | SCMAudit | user=jenkins1000 | ip=192.168.5.171 | op=SEND_HEARTBEAT {datanodeUUID=3442b9cb-a0d9-4a64-bd62-61dec9190efe, command=[]} | ret=SUCCESS |  
2019-08-29 11:55:27,500 [java.util.concurrent.ThreadPoolExecutor$Worker@4a2cd158[State = -1, empty queue]] WARN  server.GrpcLogAppender (GrpcLogAppender.java:timeoutAppendRequest(200)) - GrpcLogAppender(368ac840-1874-400c-9a5e-97ce3a83695d->21c7cf7b-6251-48a4-bdb1-01914484bde5): appendEntries Timeout, request=368ac840-1874-400c-9a5e-97ce3a83695d->21c7cf7b-6251-48a4-bdb1-01914484bde5#98-t1, previous=(t:1, i:1), leaderCommit=0, initializing? false, entries: <empty>
2019-08-29 11:55:27,500 [java.util.concurrent.ThreadPoolExecutor$Worker@67975a21[State = -1, empty queue]] WARN  server.GrpcLogAppender (GrpcLogAppender.java:timeoutAppendRequest(200)) - GrpcLogAppender(368ac840-1874-400c-9a5e-97ce3a83695d->822b3223-74a0-44c8-ae72-b72e27a17b65): appendEntries Timeout, request=368ac840-1874-400c-9a5e-97ce3a83695d->822b3223-74a0-44c8-ae72-b72e27a17b65#98-t1, previous=(t:1, i:1), leaderCommit=0, initializing? false, entries: <empty>
2019-08-29 11:55:27,578 [Thread-3442] INFO  impl.FollowerState (FollowerState.java:run(106)) - 79404ccb-3783-4150-88ba-2fea440d7696:group-A8FA0292109A changes to CANDIDATE, lastRpcTime:1056, electionTimeout:1056ms
2019-08-29 11:55:27,578 [Thread-3442] INFO  impl.RoleInfo (RoleInfo.java:shutdownFollowerState(121)) - 79404ccb-3783-4150-88ba-2fea440d7696: shutdown FollowerState
2019-08-29 11:55:27,578 [Thread-3442] INFO  impl.RaftServerImpl (RaftServerImpl.java:setRole(171)) - 79404ccb-3783-4150-88ba-2fea440d7696:group-A8FA0292109A changes role from FOLLOWER to CANDIDATE at term 10 for changeToCandidate
2019-08-29 11:55:27,578 [Thread-3442] INFO  impl.RoleInfo (RoleInfo.java:updateAndGet(143)) - 79404ccb-3783-4150-88ba-2fea440d7696: start LeaderElection
2019-08-29 11:55:27,857 | INFO  | SCMAudit | user=jenkins1000 | ip=192.168.5.171 | op=SEND_HEARTBEAT {datanodeUUID=21c7cf7b-6251-48a4-bdb1-01914484bde5, command=[]} | ret=SUCCESS |  
2019-08-29 11:55:27,928 | INFO  | SCMAudit | user=jenkins1000 | ip=192.168.5.171 | op=SEND_HEARTBEAT {datanodeUUID=368ac840-1874-400c-9a5e-97ce3a83695d, command=[]} | ret=SUCCESS |  
2019-08-29 11:55:28,000 [java.util.concurrent.ThreadPoolExecutor$Worker@67975a21[State = -1, empty queue]] WARN  server.GrpcLogAppender (GrpcLogAppender.java:timeoutAppendRequest(200)) - GrpcLogAppender(368ac840-1874-400c-9a5e-97ce3a83695d->822b3223-74a0-44c8-ae72-b72e27a17b65): appendEntries Timeout, request=368ac840-1874-400c-9a5e-97ce3a83695d->822b3223-74a0-44c8-ae72-b72e27a17b65#99-t1, previous=(t:1, i:1), leaderCommit=0, initializing? false, entries: <empty>
2019-08-29 11:55:28,000 [java.util.concurrent.ThreadPoolExecutor$Worker@4a2cd158[State = -1, empty queue]] WARN  server.GrpcLogAppender (GrpcLogAppender.java:timeoutAppendRequest(200)) - GrpcLogAppender(368ac840-1874-400c-9a5e-97ce3a83695d->21c7cf7b-6251-48a4-bdb1-01914484bde5): appendEntries Timeout, request=368ac840-1874-400c-9a5e-97ce3a83695d->21c7cf7b-6251-48a4-bdb1-01914484bde5#99-t1, previous=(t:1, i:1), leaderCommit=0, initializing? false, entries: <empty>
2019-08-29 11:55:28,120 | INFO  | SCMAudit | user=jenkins1000 | ip=192.168.5.171 | op=SEND_HEARTBEAT {datanodeUUID=97e3324b-235f-4ceb-956e-993ee2fe234c, command=[]} | ret=SUCCESS |  
2019-08-29 11:55:28,120 | INFO  | SCMAudit | user=jenkins1000 | ip=192.168.5.171 | op=SEND_HEARTBEAT {datanodeUUID=edbdd45e-116e-45c7-951f-264ab28d364f, command=[]} | ret=SUCCESS |  
2019-08-29 11:55:28,122 | INFO  | SCMAudit | user=jenkins1000 | ip=192.168.5.171 | op=SEND_HEARTBEAT {datanodeUUID=6997f81c-1ecf-488f-a14c-812b649ddfad, command=[]} | ret=SUCCESS |  
2019-08-29 11:55:28,389 | INFO  | SCMAudit | user=jenkins1000 | ip=192.168.5.171 | op=SEND_HEARTBEAT {datanodeUUID=3442b9cb-a0d9-4a64-bd62-61dec9190efe, command=[]} | ret=SUCCESS |  
2019-08-29 11:55:28,500 [java.util.concurrent.ThreadPoolExecutor$Worker@67975a21[State = -1, empty queue]] WARN  server.GrpcLogAppender (GrpcLogAppender.java:timeoutAppendRequest(200)) - GrpcLogAppender(368ac840-1874-400c-9a5e-97ce3a83695d->822b3223-74a0-44c8-ae72-b72e27a17b65): appendEntries Timeout, request=368ac840-1874-400c-9a5e-97ce3a83695d->822b3223-74a0-44c8-ae72-b72e27a17b65#100-t1, previous=(t:1, i:1), leaderCommit=0, initializing? false, entries: <empty>
2019-08-29 11:55:28,500 [java.util.concurrent.ThreadPoolExecutor$Worker@4a2cd158[State = -1, empty queue]] WARN  server.GrpcLogAppender (GrpcLogAppender.java:timeoutAppendRequest(200)) - GrpcLogAppender(368ac840-1874-400c-9a5e-97ce3a83695d->21c7cf7b-6251-48a4-bdb1-01914484bde5): appendEntries Timeout, request=368ac840-1874-400c-9a5e-97ce3a83695d->21c7cf7b-6251-48a4-bdb1-01914484bde5#100-t1, previous=(t:1, i:1), leaderCommit=0, initializing? false, entries: <empty>
2019-08-29 11:55:28,859 | INFO  | SCMAudit | user=jenkins1000 | ip=192.168.5.171 | op=SEND_HEARTBEAT {datanodeUUID=21c7cf7b-6251-48a4-bdb1-01914484bde5, command=[]} | ret=SUCCESS |  
2019-08-29 11:55:28,929 | INFO  | SCMAudit | user=jenkins1000 | ip=192.168.5.171 | op=SEND_HEARTBEAT {datanodeUUID=368ac840-1874-400c-9a5e-97ce3a83695d, command=[]} | ret=SUCCESS |  
2019-08-29 11:55:29,001 [java.util.concurrent.ThreadPoolExecutor$Worker@4a2cd158[State = -1, empty queue]] WARN  server.GrpcLogAppender (GrpcLogAppender.java:timeoutAppendRequest(200)) - GrpcLogAppender(368ac840-1874-400c-9a5e-97ce3a83695d->21c7cf7b-6251-48a4-bdb1-01914484bde5): appendEntries Timeout, request=368ac840-1874-400c-9a5e-97ce3a83695d->21c7cf7b-6251-48a4-bdb1-01914484bde5#101-t1, previous=(t:1, i:1), leaderCommit=0, initializing? false, entries: <empty>
2019-08-29 11:55:29,001 [java.util.concurrent.ThreadPoolExecutor$Worker@67975a21[State = -1, empty queue]] WARN  server.GrpcLogAppender (GrpcLogAppender.java:timeoutAppendRequest(200)) - GrpcLogAppender(368ac840-1874-400c-9a5e-97ce3a83695d->822b3223-74a0-44c8-ae72-b72e27a17b65): appendEntries Timeout, request=368ac840-1874-400c-9a5e-97ce3a83695d->822b3223-74a0-44c8-ae72-b72e27a17b65#101-t1, previous=(t:1, i:1), leaderCommit=0, initializing? false, entries: <empty>
2019-08-29 11:55:29,120 | INFO  | SCMAudit | user=jenkins1000 | ip=192.168.5.171 | op=SEND_HEARTBEAT {datanodeUUID=97e3324b-235f-4ceb-956e-993ee2fe234c, command=[]} | ret=SUCCESS |  
2019-08-29 11:55:29,121 | INFO  | SCMAudit | user=jenkins1000 | ip=192.168.5.171 | op=SEND_HEARTBEAT {datanodeUUID=edbdd45e-116e-45c7-951f-264ab28d364f, command=[]} | ret=SUCCESS |  
2019-08-29 11:55:29,122 | INFO  | SCMAudit | user=jenkins1000 | ip=192.168.5.171 | op=SEND_HEARTBEAT {datanodeUUID=6997f81c-1ecf-488f-a14c-812b649ddfad, command=[]} | ret=SUCCESS |  
2019-08-29 11:55:29,390 | INFO  | SCMAudit | user=jenkins1000 | ip=192.168.5.171 | op=SEND_HEARTBEAT {datanodeUUID=3442b9cb-a0d9-4a64-bd62-61dec9190efe, command=[]} | ret=SUCCESS |  
2019-08-29 11:55:29,501 [java.util.concurrent.ThreadPoolExecutor$Worker@4a2cd158[State = -1, empty queue]] WARN  server.GrpcLogAppender (GrpcLogAppender.java:timeoutAppendRequest(200)) - GrpcLogAppender(368ac840-1874-400c-9a5e-97ce3a83695d->21c7cf7b-6251-48a4-bdb1-01914484bde5): appendEntries Timeout, request=368ac840-1874-400c-9a5e-97ce3a83695d->21c7cf7b-6251-48a4-bdb1-01914484bde5#102-t1, previous=(t:1, i:1), leaderCommit=0, initializing? false, entries: <empty>
2019-08-29 11:55:29,501 [java.util.concurrent.ThreadPoolExecutor$Worker@67975a21[State = -1, empty queue]] WARN  server.GrpcLogAppender (GrpcLogAppender.java:timeoutAppendRequest(200)) - GrpcLogAppender(368ac840-1874-400c-9a5e-97ce3a83695d->822b3223-74a0-44c8-ae72-b72e27a17b65): appendEntries Timeout, request=368ac840-1874-400c-9a5e-97ce3a83695d->822b3223-74a0-44c8-ae72-b72e27a17b65#102-t1, previous=(t:1, i:1), leaderCommit=0, initializing? false, entries: <empty>
2019-08-29 11:55:29,857 | INFO  | SCMAudit | user=jenkins1000 | ip=192.168.5.171 | op=SEND_HEARTBEAT {datanodeUUID=21c7cf7b-6251-48a4-bdb1-01914484bde5, command=[]} | ret=SUCCESS |  
2019-08-29 11:55:29,929 | INFO  | SCMAudit | user=jenkins1000 | ip=192.168.5.171 | op=SEND_HEARTBEAT {datanodeUUID=368ac840-1874-400c-9a5e-97ce3a83695d, command=[]} | ret=SUCCESS |  
2019-08-29 11:55:30,001 [java.util.concurrent.ThreadPoolExecutor$Worker@4a2cd158[State = -1, empty queue]] WARN  server.GrpcLogAppender (GrpcLogAppender.java:timeoutAppendRequest(200)) - GrpcLogAppender(368ac840-1874-400c-9a5e-97ce3a83695d->21c7cf7b-6251-48a4-bdb1-01914484bde5): appendEntries Timeout, request=368ac840-1874-400c-9a5e-97ce3a83695d->21c7cf7b-6251-48a4-bdb1-01914484bde5#103-t1, previous=(t:1, i:1), leaderCommit=0, initializing? false, entries: <empty>
2019-08-29 11:55:30,001 [java.util.concurrent.ThreadPoolExecutor$Worker@67975a21[State = -1, empty queue]] WARN  server.GrpcLogAppender (GrpcLogAppender.java:timeoutAppendRequest(200)) - GrpcLogAppender(368ac840-1874-400c-9a5e-97ce3a83695d->822b3223-74a0-44c8-ae72-b72e27a17b65): appendEntries Timeout, request=368ac840-1874-400c-9a5e-97ce3a83695d->822b3223-74a0-44c8-ae72-b72e27a17b65#103-t1, previous=(t:1, i:1), leaderCommit=0, initializing? false, entries: <empty>
2019-08-29 11:55:30,120 | INFO  | SCMAudit | user=jenkins1000 | ip=192.168.5.171 | op=SEND_HEARTBEAT {datanodeUUID=97e3324b-235f-4ceb-956e-993ee2fe234c, command=[]} | ret=SUCCESS |  
2019-08-29 11:55:30,121 | INFO  | SCMAudit | user=jenkins1000 | ip=192.168.5.171 | op=SEND_HEARTBEAT {datanodeUUID=edbdd45e-116e-45c7-951f-264ab28d364f, command=[]} | ret=SUCCESS |  
2019-08-29 11:55:30,122 | INFO  | SCMAudit | user=jenkins1000 | ip=192.168.5.171 | op=SEND_HEARTBEAT {datanodeUUID=6997f81c-1ecf-488f-a14c-812b649ddfad, command=[]} | ret=SUCCESS |  
2019-08-29 11:55:30,389 | INFO  | SCMAudit | user=jenkins1000 | ip=192.168.5.171 | op=SEND_HEARTBEAT {datanodeUUID=3442b9cb-a0d9-4a64-bd62-61dec9190efe, command=[]} | ret=SUCCESS |  
2019-08-29 11:55:30,491 [368ac840-1874-400c-9a5e-97ce3a83695d-SegmentedRaftLogWorker:Storage Directory /workdir/hadoop-ozone/integration-test/target/test-dir/MiniOzoneClusterImpl-16ce5ac2-d92d-4b29-933b-33d00735e97e/datanode-1/data/ratis/a09c7214-0f17-4bde-9a6c-c6e4a73c4023] WARN  segmented.SegmentedRaftLogWorker (SegmentedRaftLogWorker.java:getFromFuture(90)) - Timeout 1/~
org.apache.ratis.protocol.TimeoutIOException: Timeout 10s: WriteLog:1: (t:1, i:1), STATEMACHINELOGENTRY, client-5AD365A517BD, cid=100-writeStateMachineData
	at org.apache.ratis.util.IOUtils.getFromFuture(IOUtils.java:87)
	at org.apache.ratis.server.raftlog.segmented.SegmentedRaftLogWorker$StateMachineDataPolicy.getFromFuture(SegmentedRaftLogWorker.java:87)
	at org.apache.ratis.server.raftlog.segmented.SegmentedRaftLogWorker$WriteLog.execute(SegmentedRaftLogWorker.java:477)
	at org.apache.ratis.server.raftlog.segmented.SegmentedRaftLogWorker.run(SegmentedRaftLogWorker.java:289)
	at java.lang.Thread.run(Thread.java:748)
Caused by: java.util.concurrent.TimeoutException
	at java.util.concurrent.CompletableFuture.timedGet(CompletableFuture.java:1771)
	at java.util.concurrent.CompletableFuture.get(CompletableFuture.java:1915)
	at org.apache.ratis.util.IOUtils.getFromFuture(IOUtils.java:79)
	... 4 more
2019-08-29 11:55:30,493 [21c7cf7b-6251-48a4-bdb1-01914484bde5-SegmentedRaftLogWorker:Storage Directory /workdir/hadoop-ozone/integration-test/target/test-dir/MiniOzoneClusterImpl-16ce5ac2-d92d-4b29-933b-33d00735e97e/datanode-0/data/ratis/a09c7214-0f17-4bde-9a6c-c6e4a73c4023] WARN  segmented.SegmentedRaftLogWorker (SegmentedRaftLogWorker.java:getFromFuture(90)) - Timeout 1/~
org.apache.ratis.protocol.TimeoutIOException: Timeout 10s: WriteLog:1: (t:1, i:1), STATEMACHINELOGENTRY, client-5AD365A517BD, cid=100-writeStateMachineData
	at org.apache.ratis.util.IOUtils.getFromFuture(IOUtils.java:87)
	at org.apache.ratis.server.raftlog.segmented.SegmentedRaftLogWorker$StateMachineDataPolicy.getFromFuture(SegmentedRaftLogWorker.java:87)
	at org.apache.ratis.server.raftlog.segmented.SegmentedRaftLogWorker$WriteLog.execute(SegmentedRaftLogWorker.java:477)
	at org.apache.ratis.server.raftlog.segmented.SegmentedRaftLogWorker.run(SegmentedRaftLogWorker.java:289)
	at java.lang.Thread.run(Thread.java:748)
Caused by: java.util.concurrent.TimeoutException
	at java.util.concurrent.CompletableFuture.timedGet(CompletableFuture.java:1771)
	at java.util.concurrent.CompletableFuture.get(CompletableFuture.java:1915)
	at org.apache.ratis.util.IOUtils.getFromFuture(IOUtils.java:79)
	... 4 more
2019-08-29 11:55:30,493 [822b3223-74a0-44c8-ae72-b72e27a17b65-SegmentedRaftLogWorker:Storage Directory /workdir/hadoop-ozone/integration-test/target/test-dir/MiniOzoneClusterImpl-16ce5ac2-d92d-4b29-933b-33d00735e97e/datanode-5/data/ratis/a09c7214-0f17-4bde-9a6c-c6e4a73c4023] WARN  segmented.SegmentedRaftLogWorker (SegmentedRaftLogWorker.java:getFromFuture(90)) - Timeout 1/~
org.apache.ratis.protocol.TimeoutIOException: Timeout 10s: WriteLog:1: (t:1, i:1), STATEMACHINELOGENTRY, client-5AD365A517BD, cid=100-writeStateMachineData
	at org.apache.ratis.util.IOUtils.getFromFuture(IOUtils.java:87)
	at org.apache.ratis.server.raftlog.segmented.SegmentedRaftLogWorker$StateMachineDataPolicy.getFromFuture(SegmentedRaftLogWorker.java:87)
	at org.apache.ratis.server.raftlog.segmented.SegmentedRaftLogWorker$WriteLog.execute(SegmentedRaftLogWorker.java:477)
	at org.apache.ratis.server.raftlog.segmented.SegmentedRaftLogWorker.run(SegmentedRaftLogWorker.java:289)
	at java.lang.Thread.run(Thread.java:748)
Caused by: java.util.concurrent.TimeoutException
	at java.util.concurrent.CompletableFuture.timedGet(CompletableFuture.java:1771)
	at java.util.concurrent.CompletableFuture.get(CompletableFuture.java:1915)
	at org.apache.ratis.util.IOUtils.getFromFuture(IOUtils.java:79)
	... 4 more
2019-08-29 11:55:30,502 [java.util.concurrent.ThreadPoolExecutor$Worker@67975a21[State = -1, empty queue]] WARN  server.GrpcLogAppender (GrpcLogAppender.java:timeoutAppendRequest(200)) - GrpcLogAppender(368ac840-1874-400c-9a5e-97ce3a83695d->822b3223-74a0-44c8-ae72-b72e27a17b65): appendEntries Timeout, request=368ac840-1874-400c-9a5e-97ce3a83695d->822b3223-74a0-44c8-ae72-b72e27a17b65#104-t1, previous=(t:1, i:1), leaderCommit=0, initializing? false, entries: <empty>
2019-08-29 11:55:30,502 [java.util.concurrent.ThreadPoolExecutor$Worker@4a2cd158[State = -1, empty queue]] WARN  server.GrpcLogAppender (GrpcLogAppender.java:timeoutAppendRequest(200)) - GrpcLogAppender(368ac840-1874-400c-9a5e-97ce3a83695d->21c7cf7b-6251-48a4-bdb1-01914484bde5): appendEntries Timeout, request=368ac840-1874-400c-9a5e-97ce3a83695d->21c7cf7b-6251-48a4-bdb1-01914484bde5#104-t1, previous=(t:1, i:1), leaderCommit=0, initializing? false, entries: <empty>
2019-08-29 11:55:30,857 | INFO  | SCMAudit | user=jenkins1000 | ip=192.168.5.171 | op=SEND_HEARTBEAT {datanodeUUID=21c7cf7b-6251-48a4-bdb1-01914484bde5, command=[]} | ret=SUCCESS |  
2019-08-29 11:55:30,929 | INFO  | SCMAudit | user=jenkins1000 | ip=192.168.5.171 | op=SEND_HEARTBEAT {datanodeUUID=368ac840-1874-400c-9a5e-97ce3a83695d, command=[]} | ret=SUCCESS |  
2019-08-29 11:55:30,996 [main] INFO  ozoneimpl.OzoneContainer (OzoneContainer.java:stop(215)) - Attempting to stop container services.
2019-08-29 11:55:30,997 [main] INFO  impl.RaftServerProxy (RaftServerProxy.java:lambda$close$4(314)) - 822b3223-74a0-44c8-ae72-b72e27a17b65: close
2019-08-29 11:55:30,997 [main] INFO  impl.RaftServerImpl (RaftServerImpl.java:lambda$shutdown$3(245)) - 822b3223-74a0-44c8-ae72-b72e27a17b65: shutdown group-C6E4A73C4023
2019-08-29 11:55:30,998 [main] INFO  util.JmxRegister (JmxRegister.java:unregister(73)) - Successfully un-registered JMX Bean with object name Ratis:service=RaftServer,group=group-C6E4A73C4023,id=822b3223-74a0-44c8-ae72-b72e27a17b65
2019-08-29 11:55:30,998 [main] INFO  impl.RoleInfo (RoleInfo.java:shutdownFollowerState(121)) - 822b3223-74a0-44c8-ae72-b72e27a17b65: shutdown FollowerState
2019-08-29 11:55:30,999 [main] INFO  impl.StateMachineUpdater (StateMachineUpdater.java:stopAndJoin(115)) - StateMachineUpdater:822b3223-74a0-44c8-ae72-b72e27a17b65:group-C6E4A73C4023: set stopIndex = 0
2019-08-29 11:55:30,999 [Thread-2858] INFO  impl.FollowerState (FollowerState.java:run(114)) - 822b3223-74a0-44c8-ae72-b72e27a17b65: FollowerState was interrupted: java.lang.InterruptedException: sleep interrupted
2019-08-29 11:55:30,999 [main] INFO  impl.RaftServerImpl (ServerState.java:close(394)) - 822b3223-74a0-44c8-ae72-b72e27a17b65:group-C6E4A73C4023 closes. The last applied log index is 0
2019-08-29 11:55:31,002 [java.util.concurrent.ThreadPoolExecutor$Worker@67975a21[State = -1, empty queue]] WARN  server.GrpcLogAppender (GrpcLogAppender.java:timeoutAppendRequest(200)) - GrpcLogAppender(368ac840-1874-400c-9a5e-97ce3a83695d->822b3223-74a0-44c8-ae72-b72e27a17b65): appendEntries Timeout, request=368ac840-1874-400c-9a5e-97ce3a83695d->822b3223-74a0-44c8-ae72-b72e27a17b65#105-t1, previous=(t:1, i:1), leaderCommit=0, initializing? false, entries: <empty>
2019-08-29 11:55:31,002 [java.util.concurrent.ThreadPoolExecutor$Worker@4a2cd158[State = -1, empty queue]] WARN  server.GrpcLogAppender (GrpcLogAppender.java:timeoutAppendRequest(200)) - GrpcLogAppender(368ac840-1874-400c-9a5e-97ce3a83695d->21c7cf7b-6251-48a4-bdb1-01914484bde5): appendEntries Timeout, request=368ac840-1874-400c-9a5e-97ce3a83695d->21c7cf7b-6251-48a4-bdb1-01914484bde5#105-t1, previous=(t:1, i:1), leaderCommit=0, initializing? false, entries: <empty>
2019-08-29 11:55:31,006 [ForkJoinPool.commonPool-worker-1] INFO  ozoneimpl.OzoneContainer (OzoneContainer.java:stop(215)) - Attempting to stop container services.
2019-08-29 11:55:31,007 [ForkJoinPool.commonPool-worker-1] INFO  impl.RaftServerProxy (RaftServerProxy.java:lambda$close$4(314)) - 79404ccb-3783-4150-88ba-2fea440d7696: close
2019-08-29 11:55:31,007 [ForkJoinPool.commonPool-worker-1] INFO  impl.RaftServerImpl (RaftServerImpl.java:lambda$shutdown$3(245)) - 79404ccb-3783-4150-88ba-2fea440d7696: shutdown group-60DACC7DE322
2019-08-29 11:55:31,007 [ForkJoinPool.commonPool-worker-1] INFO  util.JmxRegister (JmxRegister.java:unregister(73)) - Successfully un-registered JMX Bean with object name Ratis:service=RaftServer,group=group-60DACC7DE322,id=79404ccb-3783-4150-88ba-2fea440d7696
2019-08-29 11:55:31,008 [ForkJoinPool.commonPool-worker-1] INFO  impl.RoleInfo (RoleInfo.java:shutdownLeaderState(104)) - 79404ccb-3783-4150-88ba-2fea440d7696: shutdown LeaderState
2019-08-29 11:55:31,008 [ForkJoinPool.commonPool-worker-1] INFO  impl.PendingRequests (PendingRequests.java:sendNotLeaderResponses(202)) - 79404ccb-3783-4150-88ba-2fea440d7696-PendingRequests: sendNotLeaderResponses
2019-08-29 11:55:31,008 [ForkJoinPool.commonPool-worker-1] INFO  impl.StateMachineUpdater (StateMachineUpdater.java:stopAndJoin(115)) - StateMachineUpdater:79404ccb-3783-4150-88ba-2fea440d7696:group-60DACC7DE322: set stopIndex = 0
2019-08-29 11:55:31,009 [ForkJoinPool.commonPool-worker-1] INFO  impl.RaftServerImpl (ServerState.java:close(394)) - 79404ccb-3783-4150-88ba-2fea440d7696:group-60DACC7DE322 closes. The last applied log index is 0
2019-08-29 11:55:31,009 [79404ccb-3783-4150-88ba-2fea440d7696-SegmentedRaftLogWorker:Storage Directory /workdir/hadoop-ozone/integration-test/target/test-dir/MiniOzoneClusterImpl-16ce5ac2-d92d-4b29-933b-33d00735e97e/datanode-2/data/ratis/246a054e-fdac-4fce-b1f8-60dacc7de322] INFO  segmented.SegmentedRaftLogWorker (SegmentedRaftLogWorker.java:run(313)) - 79404ccb-3783-4150-88ba-2fea440d7696-SegmentedRaftLogWorker:Storage Directory /workdir/hadoop-ozone/integration-test/target/test-dir/MiniOzoneClusterImpl-16ce5ac2-d92d-4b29-933b-33d00735e97e/datanode-2/data/ratis/246a054e-fdac-4fce-b1f8-60dacc7de322 was interrupted, exiting. There are 0 tasks remaining in the queue.
2019-08-29 11:55:31,021 [822b3223-74a0-44c8-ae72-b72e27a17b65-SegmentedRaftLogWorker:Storage Directory /workdir/hadoop-ozone/integration-test/target/test-dir/MiniOzoneClusterImpl-16ce5ac2-d92d-4b29-933b-33d00735e97e/datanode-5/data/ratis/a09c7214-0f17-4bde-9a6c-c6e4a73c4023] ERROR ratis.XceiverServerRatis (XceiverServerRatis.java:triggerPipelineClose(557)) - pipeline Action CLOSE  on pipeline PipelineID=a09c7214-0f17-4bde-9a6c-c6e4a73c4023.Reason : WriteLog:1: (t:1, i:1), STATEMACHINELOGENTRY, client-5AD365A517BD, cid=100-writeStateMachineData interrupted.
2019-08-29 11:55:31,120 | INFO  | SCMAudit | user=jenkins1000 | ip=192.168.5.171 | op=SEND_HEARTBEAT {datanodeUUID=97e3324b-235f-4ceb-956e-993ee2fe234c, command=[]} | ret=SUCCESS |  
2019-08-29 11:55:31,121 | INFO  | SCMAudit | user=jenkins1000 | ip=192.168.5.171 | op=SEND_HEARTBEAT {datanodeUUID=edbdd45e-116e-45c7-951f-264ab28d364f, command=[]} | ret=SUCCESS |  
2019-08-29 11:55:31,121 | INFO  | SCMAudit | user=jenkins1000 | ip=192.168.5.171 | op=SEND_HEARTBEAT {datanodeUUID=6997f81c-1ecf-488f-a14c-812b649ddfad, command=[]} | ret=SUCCESS |  
2019-08-29 11:55:31,294 [main] INFO  segmented.SegmentedRaftLogWorker (SegmentedRaftLogWorker.java:close(228)) - 822b3223-74a0-44c8-ae72-b72e27a17b65-SegmentedRaftLogWorker:Storage Directory /workdir/hadoop-ozone/integration-test/target/test-dir/MiniOzoneClusterImpl-16ce5ac2-d92d-4b29-933b-33d00735e97e/datanode-5/data/ratis/a09c7214-0f17-4bde-9a6c-c6e4a73c4023 close()
2019-08-29 11:55:31,294 [ForkJoinPool.commonPool-worker-1] INFO  segmented.SegmentedRaftLogWorker (SegmentedRaftLogWorker.java:close(228)) - 79404ccb-3783-4150-88ba-2fea440d7696-SegmentedRaftLogWorker:Storage Directory /workdir/hadoop-ozone/integration-test/target/test-dir/MiniOzoneClusterImpl-16ce5ac2-d92d-4b29-933b-33d00735e97e/datanode-2/data/ratis/246a054e-fdac-4fce-b1f8-60dacc7de322 close()
2019-08-29 11:55:31,299 [main] INFO  impl.RaftServerImpl (RaftServerImpl.java:lambda$shutdown$3(245)) - 822b3223-74a0-44c8-ae72-b72e27a17b65: shutdown group-1690B3800CC1
2019-08-29 11:55:31,301 [ForkJoinPool.commonPool-worker-1] INFO  impl.RaftServerImpl (RaftServerImpl.java:lambda$shutdown$3(245)) - 79404ccb-3783-4150-88ba-2fea440d7696: shutdown group-A8FA0292109A
2019-08-29 11:55:31,302 [main] INFO  util.JmxRegister (JmxRegister.java:unregister(73)) - Successfully un-registered JMX Bean with object name Ratis:service=RaftServer,group=group-1690B3800CC1,id=822b3223-74a0-44c8-ae72-b72e27a17b65
2019-08-29 11:55:31,302 [ForkJoinPool.commonPool-worker-1] INFO  util.JmxRegister (JmxRegister.java:unregister(73)) - Successfully un-registered JMX Bean with object name Ratis:service=RaftServer,group=group-A8FA0292109A,id=79404ccb-3783-4150-88ba-2fea440d7696
2019-08-29 11:55:31,302 [main] INFO  impl.RoleInfo (RoleInfo.java:shutdownLeaderState(104)) - 822b3223-74a0-44c8-ae72-b72e27a17b65: shutdown LeaderState
2019-08-29 11:55:31,303 [ForkJoinPool.commonPool-worker-1] INFO  impl.RoleInfo (RoleInfo.java:shutdownLeaderElection(134)) - 79404ccb-3783-4150-88ba-2fea440d7696: shutdown LeaderElection
2019-08-29 11:55:31,303 [main] INFO  impl.PendingRequests (PendingRequests.java:sendNotLeaderResponses(202)) - 822b3223-74a0-44c8-ae72-b72e27a17b65-PendingRequests: sendNotLeaderResponses
2019-08-29 11:55:31,304 [StateMachineUpdater:79404ccb-3783-4150-88ba-2fea440d7696:group-A8FA0292109A] INFO  ratis.ContainerStateMachine (ContainerStateMachine.java:takeSnapshot(284)) - group-A8FA0292109A: Taking a snapshot at:(t:1, i:3) file /workdir/hadoop-ozone/integration-test/target/test-dir/MiniOzoneClusterImpl-16ce5ac2-d92d-4b29-933b-33d00735e97e/datanode-2/data/ratis/2f0ce970-39b3-492c-9e8e-a8fa0292109a/sm/snapshot.1_3
2019-08-29 11:55:31,303 [ForkJoinPool.commonPool-worker-1] INFO  impl.StateMachineUpdater (StateMachineUpdater.java:stopAndJoin(115)) - StateMachineUpdater:79404ccb-3783-4150-88ba-2fea440d7696:group-A8FA0292109A: set stopIndex = 4
2019-08-29 11:55:31,304 [main] INFO  impl.StateMachineUpdater (StateMachineUpdater.java:stopAndJoin(115)) - StateMachineUpdater:822b3223-74a0-44c8-ae72-b72e27a17b65:group-1690B3800CC1: set stopIndex = 0
2019-08-29 11:55:31,305 [main] INFO  impl.RaftServerImpl (ServerState.java:close(394)) - 822b3223-74a0-44c8-ae72-b72e27a17b65:group-1690B3800CC1 closes. The last applied log index is 0
2019-08-29 11:55:31,305 [822b3223-74a0-44c8-ae72-b72e27a17b65-SegmentedRaftLogWorker:Storage Directory /workdir/hadoop-ozone/integration-test/target/test-dir/MiniOzoneClusterImpl-16ce5ac2-d92d-4b29-933b-33d00735e97e/datanode-5/data/ratis/177fe4fd-12d4-4625-a68e-1690b3800cc1] INFO  segmented.SegmentedRaftLogWorker (SegmentedRaftLogWorker.java:run(313)) - 822b3223-74a0-44c8-ae72-b72e27a17b65-SegmentedRaftLogWorker:Storage Directory /workdir/hadoop-ozone/integration-test/target/test-dir/MiniOzoneClusterImpl-16ce5ac2-d92d-4b29-933b-33d00735e97e/datanode-5/data/ratis/177fe4fd-12d4-4625-a68e-1690b3800cc1 was interrupted, exiting. There are 0 tasks remaining in the queue.
2019-08-29 11:55:31,308 [main] INFO  segmented.SegmentedRaftLogWorker (SegmentedRaftLogWorker.java:close(228)) - 822b3223-74a0-44c8-ae72-b72e27a17b65-SegmentedRaftLogWorker:Storage Directory /workdir/hadoop-ozone/integration-test/target/test-dir/MiniOzoneClusterImpl-16ce5ac2-d92d-4b29-933b-33d00735e97e/datanode-5/data/ratis/177fe4fd-12d4-4625-a68e-1690b3800cc1 close()
2019-08-29 11:55:31,311 [main] INFO  server.GrpcService (GrpcService.java:closeImpl(155)) - 822b3223-74a0-44c8-ae72-b72e27a17b65: shutdown server with port 45414 now
2019-08-29 11:55:31,312 [grpc-default-executor-3] WARN  server.GrpcServerProtocolService (LogUtils.java:warn(134)) - 822b3223-74a0-44c8-ae72-b72e27a17b65: appendEntries onError: org.apache.ratis.thirdparty.io.grpc.StatusRuntimeException: CANCELLED: cancelled before receiving half close
2019-08-29 11:55:31,312 [main] INFO  server.GrpcService (GrpcService.java:closeImpl(163)) - 822b3223-74a0-44c8-ae72-b72e27a17b65: shutdown server with port 45414 successfully
2019-08-29 11:55:31,313 [grpc-default-executor-9] WARN  server.GrpcLogAppender (LogUtils.java:warn(134)) - 368ac840-1874-400c-9a5e-97ce3a83695d->822b3223-74a0-44c8-ae72-b72e27a17b65: Failed appendEntries: org.apache.ratis.thirdparty.io.grpc.StatusRuntimeException: CANCELLED: HTTP/2 error code: CANCEL
Received Rst Stream
2019-08-29 11:55:31,313 [grpc-default-executor-9] INFO  impl.FollowerInfo (FollowerInfo.java:lambda$new$0(50)) - 368ac840-1874-400c-9a5e-97ce3a83695d->822b3223-74a0-44c8-ae72-b72e27a17b65: nextIndex: updateUnconditionally 2 -> 1
2019-08-29 11:55:31,314 [refreshUsed-/workdir/hadoop-ozone/integration-test/target/test-dir/MiniOzoneClusterImpl-16ce5ac2-d92d-4b29-933b-33d00735e97e/datanode-5/data/containers] WARN  fs.CachingGetSpaceUsed (CachingGetSpaceUsed.java:run(183)) - Thread Interrupted waiting to refresh disk information: sleep interrupted
2019-08-29 11:55:31,334 [main] INFO  utils.BackgroundService (BackgroundService.java:shutdown(148)) - Shutting down service BlockDeletingService
2019-08-29 11:55:31,343 [main] INFO  statemachine.DatanodeStateMachine (DatanodeStateMachine.java:stopDaemon(395)) - Ozone container server stopped.
2019-08-29 11:55:31,344 [main] INFO  handler.ContextHandler (ContextHandler.java:doStop(910)) - Stopped o.e.j.w.WebAppContext@4f1afe8f{/,null,UNAVAILABLE}{/hddsDatanode}
2019-08-29 11:55:31,347 [main] INFO  server.AbstractConnector (AbstractConnector.java:doStop(318)) - Stopped ServerConnector@492521c4{HTTP/1.1,[http/1.1]}{0.0.0.0:0}
2019-08-29 11:55:31,347 [main] INFO  handler.ContextHandler (ContextHandler.java:doStop(910)) - Stopped o.e.j.s.ServletContextHandler@6d69a0d3{/static,jar:file:/home/user/.m2/repository/org/apache/hadoop/hadoop-hdds-container-service/0.5.0-SNAPSHOT/hadoop-hdds-container-service-0.5.0-SNAPSHOT.jar!/webapps/static,UNAVAILABLE}
2019-08-29 11:55:31,348 [main] INFO  handler.ContextHandler (ContextHandler.java:doStop(910)) - Stopped o.e.j.s.ServletContextHandler@2871ac91{/logs,file:///workdir/hadoop-ozone/integration-test/target/log,UNAVAILABLE}
2019-08-29 11:55:31,389 | INFO  | SCMAudit | user=jenkins1000 | ip=192.168.5.171 | op=SEND_HEARTBEAT {datanodeUUID=3442b9cb-a0d9-4a64-bd62-61dec9190efe, command=[]} | ret=SUCCESS |  
2019-08-29 11:55:31,502 [java.util.concurrent.ThreadPoolExecutor$Worker@4a2cd158[State = -1, empty queue]] WARN  server.GrpcLogAppender (GrpcLogAppender.java:timeoutAppendRequest(200)) - GrpcLogAppender(368ac840-1874-400c-9a5e-97ce3a83695d->21c7cf7b-6251-48a4-bdb1-01914484bde5): appendEntries Timeout, request=368ac840-1874-400c-9a5e-97ce3a83695d->21c7cf7b-6251-48a4-bdb1-01914484bde5#106-t1, previous=(t:1, i:1), leaderCommit=0, initializing? false, entries: <empty>
2019-08-29 11:55:31,505 [grpc-default-executor-3] WARN  server.GrpcLogAppender (LogUtils.java:warn(134)) - 368ac840-1874-400c-9a5e-97ce3a83695d->822b3223-74a0-44c8-ae72-b72e27a17b65: Failed appendEntries: org.apache.ratis.thirdparty.io.grpc.StatusRuntimeException: UNAVAILABLE: io exception
2019-08-29 11:55:31,506 [grpc-default-executor-3] INFO  impl.FollowerInfo (FollowerInfo.java:lambda$new$0(50)) - 368ac840-1874-400c-9a5e-97ce3a83695d->822b3223-74a0-44c8-ae72-b72e27a17b65: nextIndex: updateUnconditionally 1 -> 0
2019-08-29 11:55:31,857 | INFO  | SCMAudit | user=jenkins1000 | ip=192.168.5.171 | op=SEND_HEARTBEAT {datanodeUUID=21c7cf7b-6251-48a4-bdb1-01914484bde5, command=[]} | ret=SUCCESS |  
2019-08-29 11:55:31,929 | INFO  | SCMAudit | user=jenkins1000 | ip=192.168.5.171 | op=SEND_HEARTBEAT {datanodeUUID=368ac840-1874-400c-9a5e-97ce3a83695d, command=[]} | ret=SUCCESS |  
2019-08-29 11:55:32,003 [java.util.concurrent.ThreadPoolExecutor$Worker@4a2cd158[State = -1, empty queue]] WARN  server.GrpcLogAppender (GrpcLogAppender.java:timeoutAppendRequest(200)) - GrpcLogAppender(368ac840-1874-400c-9a5e-97ce3a83695d->21c7cf7b-6251-48a4-bdb1-01914484bde5): appendEntries Timeout, request=368ac840-1874-400c-9a5e-97ce3a83695d->21c7cf7b-6251-48a4-bdb1-01914484bde5#107-t1, previous=(t:1, i:1), leaderCommit=0, initializing? false, entries: <empty>
2019-08-29 11:55:32,546 [79404ccb-3783-4150-88ba-2fea440d7696:group-A8FA0292109A:LeaderElection143] INFO  impl.LeaderElection (LeaderElection.java:askForVotes(181)) - 79404ccb-3783-4150-88ba-2fea440d7696:group-A8FA0292109A:LeaderElection143: begin an election at term 11 for 0: [0927c2fb-bc54-48d8-8b4a-6f0f550fa3d8:192.168.5.171:45391, 79404ccb-3783-4150-88ba-2fea440d7696:192.168.5.171:38238, 0237fb14-0601-4188-bfaa-710869c5af5c:192.168.5.171:34413], old=null
2019-08-29 11:55:32,546 [java.util.concurrent.ThreadPoolExecutor$Worker@4a2cd158[State = -1, empty queue]] WARN  server.GrpcLogAppender (GrpcLogAppender.java:timeoutAppendRequest(200)) - GrpcLogAppender(368ac840-1874-400c-9a5e-97ce3a83695d->21c7cf7b-6251-48a4-bdb1-01914484bde5): appendEntries Timeout, request=368ac840-1874-400c-9a5e-97ce3a83695d->21c7cf7b-6251-48a4-bdb1-01914484bde5#108-t1, previous=(t:1, i:1), leaderCommit=0, initializing? false, entries: <empty>
2019-08-29 11:55:32,546 [Datanode State Machine Thread - 0] INFO  statemachine.DatanodeStateMachine (DatanodeStateMachine.java:lambda$startDaemon$0(350)) - Ozone container server started.
2019-08-29 11:55:32,547 | INFO  | SCMAudit | user=jenkins1000 | ip=192.168.5.171 | op=SEND_HEARTBEAT {datanodeUUID=6997f81c-1ecf-488f-a14c-812b649ddfad, command=[]} | ret=SUCCESS |  
2019-08-29 11:55:32,547 | INFO  | SCMAudit | user=jenkins1000 | ip=192.168.5.171 | op=SEND_HEARTBEAT {datanodeUUID=3442b9cb-a0d9-4a64-bd62-61dec9190efe, command=[]} | ret=SUCCESS |  
2019-08-29 11:55:32,552 | INFO  | SCMAudit | user=jenkins1000 | ip=192.168.5.171 | op=SEND_HEARTBEAT {datanodeUUID=edbdd45e-116e-45c7-951f-264ab28d364f, command=[]} | ret=SUCCESS |  
2019-08-29 11:55:32,553 [grpc-default-executor-10] WARN  server.GrpcLogAppender (LogUtils.java:warn(134)) - 368ac840-1874-400c-9a5e-97ce3a83695d->822b3223-74a0-44c8-ae72-b72e27a17b65: Failed appendEntries: org.apache.ratis.thirdparty.io.grpc.StatusRuntimeException: UNAVAILABLE: io exception
2019-08-29 11:55:32,553 [79404ccb-3783-4150-88ba-2fea440d7696:group-A8FA0292109A:LeaderElection143] INFO  impl.LeaderElection (LeaderElection.java:logAndReturn(56)) - 79404ccb-3783-4150-88ba-2fea440d7696:group-A8FA0292109A:LeaderElection143: Election REJECTED; received 0 response(s) [] and 0 exception(s); 79404ccb-3783-4150-88ba-2fea440d7696:t11, leader=null, voted=79404ccb-3783-4150-88ba-2fea440d7696, raftlog=79404ccb-3783-4150-88ba-2fea440d7696-SegmentedRaftLog:OPENED:c4,f4,i4, conf=0: [0927c2fb-bc54-48d8-8b4a-6f0f550fa3d8:192.168.5.171:45391, 79404ccb-3783-4150-88ba-2fea440d7696:192.168.5.171:38238, 0237fb14-0601-4188-bfaa-710869c5af5c:192.168.5.171:34413], old=null
2019-08-29 11:55:32,556 [grpc-default-executor-10] INFO  impl.FollowerInfo (FollowerInfo.java:lambda$new$0(50)) - 368ac840-1874-400c-9a5e-97ce3a83695d->822b3223-74a0-44c8-ae72-b72e27a17b65: nextIndex: updateUnconditionally 0 -> 0
2019-08-29 11:55:32,858 | INFO  | SCMAudit | user=jenkins1000 | ip=192.168.5.171 | op=SEND_HEARTBEAT {datanodeUUID=21c7cf7b-6251-48a4-bdb1-01914484bde5, command=[]} | ret=SUCCESS |  
2019-08-29 11:55:32,896 [StateMachineUpdater:79404ccb-3783-4150-88ba-2fea440d7696:group-A8FA0292109A] INFO  ratis.ContainerStateMachine (ContainerStateMachine.java:takeSnapshot(295)) - group-A8FA0292109A: Finished taking a snapshot at:(t:1, i:3) file:/workdir/hadoop-ozone/integration-test/target/test-dir/MiniOzoneClusterImpl-16ce5ac2-d92d-4b29-933b-33d00735e97e/datanode-2/data/ratis/2f0ce970-39b3-492c-9e8e-a8fa0292109a/sm/snapshot.1_3 time:1593
2019-08-29 11:55:32,897 [StateMachineUpdater:79404ccb-3783-4150-88ba-2fea440d7696:group-A8FA0292109A] INFO  impl.StateMachineUpdater (StateMachineUpdater.java:takeSnapshot(242)) - StateMachineUpdater:79404ccb-3783-4150-88ba-2fea440d7696:group-A8FA0292109A: Took a snapshot at index 3
2019-08-29 11:55:32,897 [StateMachineUpdater:79404ccb-3783-4150-88ba-2fea440d7696:group-A8FA0292109A] INFO  impl.StateMachineUpdater (StateMachineUpdater.java:lambda$new$0(80)) - StateMachineUpdater:79404ccb-3783-4150-88ba-2fea440d7696:group-A8FA0292109A: snapshotIndex: updateIncreasingly -1 -> 3
2019-08-29 11:55:32,897 [ForkJoinPool.commonPool-worker-1] INFO  impl.RaftServerImpl (ServerState.java:close(394)) - 79404ccb-3783-4150-88ba-2fea440d7696:group-A8FA0292109A closes. The last applied log index is 4
2019-08-29 11:55:32,898 [79404ccb-3783-4150-88ba-2fea440d7696-SegmentedRaftLogWorker:Storage Directory /workdir/hadoop-ozone/integration-test/target/test-dir/MiniOzoneClusterImpl-16ce5ac2-d92d-4b29-933b-33d00735e97e/datanode-2/data/ratis/2f0ce970-39b3-492c-9e8e-a8fa0292109a] INFO  segmented.SegmentedRaftLogWorker (SegmentedRaftLogWorker.java:run(313)) - 79404ccb-3783-4150-88ba-2fea440d7696-SegmentedRaftLogWorker:Storage Directory /workdir/hadoop-ozone/integration-test/target/test-dir/MiniOzoneClusterImpl-16ce5ac2-d92d-4b29-933b-33d00735e97e/datanode-2/data/ratis/2f0ce970-39b3-492c-9e8e-a8fa0292109a was interrupted, exiting. There are 0 tasks remaining in the queue.
2019-08-29 11:55:32,910 [ForkJoinPool.commonPool-worker-1] INFO  segmented.SegmentedRaftLogWorker (SegmentedRaftLogWorker.java:close(228)) - 79404ccb-3783-4150-88ba-2fea440d7696-SegmentedRaftLogWorker:Storage Directory /workdir/hadoop-ozone/integration-test/target/test-dir/MiniOzoneClusterImpl-16ce5ac2-d92d-4b29-933b-33d00735e97e/datanode-2/data/ratis/2f0ce970-39b3-492c-9e8e-a8fa0292109a close()
2019-08-29 11:55:32,914 [ForkJoinPool.commonPool-worker-1] INFO  server.GrpcService (GrpcService.java:closeImpl(155)) - 79404ccb-3783-4150-88ba-2fea440d7696: shutdown server with port 38238 now
2019-08-29 11:55:32,915 [ForkJoinPool.commonPool-worker-1] INFO  server.GrpcService (GrpcService.java:closeImpl(163)) - 79404ccb-3783-4150-88ba-2fea440d7696: shutdown server with port 38238 successfully
2019-08-29 11:55:32,921 [refreshUsed-/workdir/hadoop-ozone/integration-test/target/test-dir/MiniOzoneClusterImpl-16ce5ac2-d92d-4b29-933b-33d00735e97e/datanode-2/data/containers] WARN  fs.CachingGetSpaceUsed (CachingGetSpaceUsed.java:run(183)) - Thread Interrupted waiting to refresh disk information: sleep interrupted
2019-08-29 11:55:32,927 | INFO  | SCMAudit | user=jenkins1000 | ip=192.168.5.171 | op=SEND_HEARTBEAT {datanodeUUID=368ac840-1874-400c-9a5e-97ce3a83695d, command=[]} | ret=SUCCESS |  
2019-08-29 11:55:32,927 | INFO  | SCMAudit | user=jenkins1000 | ip=192.168.5.171 | op=SEND_HEARTBEAT {datanodeUUID=21c7cf7b-6251-48a4-bdb1-01914484bde5, command=[]} | ret=SUCCESS |  
2019-08-29 11:55:32,928 | INFO  | DNAudit | user=null | ip=null | op=WRITE_CHUNK {blockData=conID: 3 locID: 102700135904116748 bcsId: 0} | ret=SUCCESS |  
2019-08-29 11:55:32,928 | INFO  | DNAudit | user=null | ip=null | op=WRITE_CHUNK {blockData=conID: 3 locID: 102700135904116748 bcsId: 0} | ret=SUCCESS |  
2019-08-29 11:55:32,928 | INFO  | DNAudit | user=null | ip=null | op=WRITE_CHUNK {blockData=conID: 3 locID: 102700135904116748 bcsId: 0} | ret=SUCCESS |  
2019-08-29 11:55:32,932 [ForkJoinPool.commonPool-worker-1] INFO  utils.BackgroundService (BackgroundService.java:shutdown(148)) - Shutting down service BlockDeletingService
2019-08-29 11:55:32,938 [ForkJoinPool.commonPool-worker-1] INFO  statemachine.DatanodeStateMachine (DatanodeStateMachine.java:stopDaemon(395)) - Ozone container server stopped.
2019-08-29 11:55:32,945 [ForkJoinPool.commonPool-worker-1] INFO  handler.ContextHandler (ContextHandler.java:doStop(910)) - Stopped o.e.j.w.WebAppContext@2fd1ad8a{/,null,UNAVAILABLE}{/hddsDatanode}
2019-08-29 11:55:32,946 [ForkJoinPool.commonPool-worker-1] INFO  server.AbstractConnector (AbstractConnector.java:doStop(318)) - Stopped ServerConnector@357f6391{HTTP/1.1,[http/1.1]}{0.0.0.0:0}
2019-08-29 11:55:32,946 [grpc-default-executor-10] WARN  server.GrpcLogAppender (GrpcLogAppender.java:onNextImpl(250)) - org.apache.ratis.grpc.server.GrpcLogAppender$AppendLogResponseHandler@4f380c72: Request not found, ignoring reply: 368ac840-1874-400c-9a5e-97ce3a83695d<-21c7cf7b-6251-48a4-bdb1-01914484bde5#70:OK,SUCCESS,nextIndex:2,term:1,followerCommit:0
2019-08-29 11:55:32,948 [ForkJoinPool.commonPool-worker-1] INFO  handler.ContextHandler (ContextHandler.java:doStop(910)) - Stopped o.e.j.s.ServletContextHandler@1edccfd4{/static,jar:file:/home/user/.m2/repository/org/apache/hadoop/hadoop-hdds-container-service/0.5.0-SNAPSHOT/hadoop-hdds-container-service-0.5.0-SNAPSHOT.jar!/webapps/static,UNAVAILABLE}
2019-08-29 11:55:32,948 [grpc-default-executor-10] WARN  server.GrpcLogAppender (GrpcLogAppender.java:onNextImpl(250)) - org.apache.ratis.grpc.server.GrpcLogAppender$AppendLogResponseHandler@4f380c72: Request not found, ignoring reply: 368ac840-1874-400c-9a5e-97ce3a83695d<-21c7cf7b-6251-48a4-bdb1-01914484bde5#71:OK,SUCCESS,nextIndex:2,term:1,followerCommit:0
2019-08-29 11:55:32,950 [ForkJoinPool.commonPool-worker-1] INFO  handler.ContextHandler (ContextHandler.java:doStop(910)) - Stopped o.e.j.s.ServletContextHandler@34045582{/logs,file:///workdir/hadoop-ozone/integration-test/target/log,UNAVAILABLE}
2019-08-29 11:55:32,950 [grpc-default-executor-10] WARN  server.GrpcLogAppender (GrpcLogAppender.java:onNextImpl(250)) - org.apache.ratis.grpc.server.GrpcLogAppender$AppendLogResponseHandler@4f380c72: Request not found, ignoring reply: 368ac840-1874-400c-9a5e-97ce3a83695d<-21c7cf7b-6251-48a4-bdb1-01914484bde5#72:OK,SUCCESS,nextIndex:2,term:1,followerCommit:0
2019-08-29 11:55:32,950 [grpc-default-executor-10] WARN  server.GrpcLogAppender (GrpcLogAppender.java:onNextImpl(250)) - org.apache.ratis.grpc.server.GrpcLogAppender$AppendLogResponseHandler@4f380c72: Request not found, ignoring reply: 368ac840-1874-400c-9a5e-97ce3a83695d<-21c7cf7b-6251-48a4-bdb1-01914484bde5#73:OK,SUCCESS,nextIndex:2,term:1,followerCommit:0
2019-08-29 11:55:32,951 [grpc-default-executor-10] WARN  server.GrpcLogAppender (GrpcLogAppender.java:onNextImpl(250)) - org.apache.ratis.grpc.server.GrpcLogAppender$AppendLogResponseHandler@4f380c72: Request not found, ignoring reply: 368ac840-1874-400c-9a5e-97ce3a83695d<-21c7cf7b-6251-48a4-bdb1-01914484bde5#74:OK,SUCCESS,nextIndex:2,term:1,followerCommit:0
2019-08-29 11:55:32,951 [grpc-default-executor-10] WARN  server.GrpcLogAppender (GrpcLogAppender.java:onNextImpl(250)) - org.apache.ratis.grpc.server.GrpcLogAppender$AppendLogResponseHandler@4f380c72: Request not found, ignoring reply: 368ac840-1874-400c-9a5e-97ce3a83695d<-21c7cf7b-6251-48a4-bdb1-01914484bde5#75:OK,SUCCESS,nextIndex:2,term:1,followerCommit:0
2019-08-29 11:55:32,951 [grpc-default-executor-10] WARN  server.GrpcLogAppender (GrpcLogAppender.java:onNextImpl(250)) - org.apache.ratis.grpc.server.GrpcLogAppender$AppendLogResponseHandler@4f380c72: Request not found, ignoring reply: 368ac840-1874-400c-9a5e-97ce3a83695d<-21c7cf7b-6251-48a4-bdb1-01914484bde5#76:OK,SUCCESS,nextIndex:2,term:1,followerCommit:0
2019-08-29 11:55:32,951 [grpc-default-executor-10] WARN  server.GrpcLogAppender (GrpcLogAppender.java:onNextImpl(250)) - org.apache.ratis.grpc.server.GrpcLogAppender$AppendLogResponseHandler@4f380c72: Request not found, ignoring reply: 368ac840-1874-400c-9a5e-97ce3a83695d<-21c7cf7b-6251-48a4-bdb1-01914484bde5#77:OK,SUCCESS,nextIndex:2,term:1,followerCommit:0
2019-08-29 11:55:32,951 [grpc-default-executor-10] WARN  server.GrpcLogAppender (GrpcLogAppender.java:onNextImpl(250)) - org.apache.ratis.grpc.server.GrpcLogAppender$AppendLogResponseHandler@4f380c72: Request not found, ignoring reply: 368ac840-1874-400c-9a5e-97ce3a83695d<-21c7cf7b-6251-48a4-bdb1-01914484bde5#78:OK,SUCCESS,nextIndex:2,term:1,followerCommit:0
2019-08-29 11:55:32,952 [grpc-default-executor-10] WARN  server.GrpcLogAppender (GrpcLogAppender.java:onNextImpl(250)) - org.apache.ratis.grpc.server.GrpcLogAppender$AppendLogResponseHandler@4f380c72: Request not found, ignoring reply: 368ac840-1874-400c-9a5e-97ce3a83695d<-21c7cf7b-6251-48a4-bdb1-01914484bde5#79:OK,SUCCESS,nextIndex:2,term:1,followerCommit:0
2019-08-29 11:55:32,952 [grpc-default-executor-10] WARN  server.GrpcLogAppender (GrpcLogAppender.java:onNextImpl(250)) - org.apache.ratis.grpc.server.GrpcLogAppender$AppendLogResponseHandler@4f380c72: Request not found, ignoring reply: 368ac840-1874-400c-9a5e-97ce3a83695d<-21c7cf7b-6251-48a4-bdb1-01914484bde5#80:OK,SUCCESS,nextIndex:2,term:1,followerCommit:0
2019-08-29 11:55:32,952 [grpc-default-executor-10] WARN  server.GrpcLogAppender (GrpcLogAppender.java:onNextImpl(250)) - org.apache.ratis.grpc.server.GrpcLogAppender$AppendLogResponseHandler@4f380c72: Request not found, ignoring reply: 368ac840-1874-400c-9a5e-97ce3a83695d<-21c7cf7b-6251-48a4-bdb1-01914484bde5#81:OK,SUCCESS,nextIndex:2,term:1,followerCommit:0
2019-08-29 11:55:32,952 [grpc-default-executor-10] WARN  server.GrpcLogAppender (GrpcLogAppender.java:onNextImpl(250)) - org.apache.ratis.grpc.server.GrpcLogAppender$AppendLogResponseHandler@4f380c72: Request not found, ignoring reply: 368ac840-1874-400c-9a5e-97ce3a83695d<-21c7cf7b-6251-48a4-bdb1-01914484bde5#82:OK,SUCCESS,nextIndex:2,term:1,followerCommit:0
2019-08-29 11:55:32,952 [grpc-default-executor-10] WARN  server.GrpcLogAppender (GrpcLogAppender.java:onNextImpl(250)) - org.apache.ratis.grpc.server.GrpcLogAppender$AppendLogResponseHandler@4f380c72: Request not found, ignoring reply: 368ac840-1874-400c-9a5e-97ce3a83695d<-21c7cf7b-6251-48a4-bdb1-01914484bde5#83:OK,SUCCESS,nextIndex:2,term:1,followerCommit:0
2019-08-29 11:55:32,952 [grpc-default-executor-10] WARN  server.GrpcLogAppender (GrpcLogAppender.java:onNextImpl(250)) - org.apache.ratis.grpc.server.GrpcLogAppender$AppendLogResponseHandler@4f380c72: Request not found, ignoring reply: 368ac840-1874-400c-9a5e-97ce3a83695d<-21c7cf7b-6251-48a4-bdb1-01914484bde5#84:OK,SUCCESS,nextIndex:2,term:1,followerCommit:0
2019-08-29 11:55:32,953 [grpc-default-executor-10] WARN  server.GrpcLogAppender (GrpcLogAppender.java:onNextImpl(250)) - org.apache.ratis.grpc.server.GrpcLogAppender$AppendLogResponseHandler@4f380c72: Request not found, ignoring reply: 368ac840-1874-400c-9a5e-97ce3a83695d<-21c7cf7b-6251-48a4-bdb1-01914484bde5#85:OK,SUCCESS,nextIndex:2,term:1,followerCommit:0
2019-08-29 11:55:32,953 [grpc-default-executor-10] WARN  server.GrpcLogAppender (GrpcLogAppender.java:onNextImpl(250)) - org.apache.ratis.grpc.server.GrpcLogAppender$AppendLogResponseHandler@4f380c72: Request not found, ignoring reply: 368ac840-1874-400c-9a5e-97ce3a83695d<-21c7cf7b-6251-48a4-bdb1-01914484bde5#86:OK,SUCCESS,nextIndex:2,term:1,followerCommit:0
2019-08-29 11:55:32,953 [grpc-default-executor-10] WARN  server.GrpcLogAppender (GrpcLogAppender.java:onNextImpl(250)) - org.apache.ratis.grpc.server.GrpcLogAppender$AppendLogResponseHandler@4f380c72: Request not found, ignoring reply: 368ac840-1874-400c-9a5e-97ce3a83695d<-21c7cf7b-6251-48a4-bdb1-01914484bde5#87:OK,SUCCESS,nextIndex:2,term:1,followerCommit:0
2019-08-29 11:55:32,953 [grpc-default-executor-10] WARN  server.GrpcLogAppender (GrpcLogAppender.java:onNextImpl(250)) - org.apache.ratis.grpc.server.GrpcLogAppender$AppendLogResponseHandler@4f380c72: Request not found, ignoring reply: 368ac840-1874-400c-9a5e-97ce3a83695d<-21c7cf7b-6251-48a4-bdb1-01914484bde5#88:OK,SUCCESS,nextIndex:2,term:1,followerCommit:0
2019-08-29 11:55:32,953 [grpc-default-executor-10] WARN  server.GrpcLogAppender (GrpcLogAppender.java:onNextImpl(250)) - org.apache.ratis.grpc.server.GrpcLogAppender$AppendLogResponseHandler@4f380c72: Request not found, ignoring reply: 368ac840-1874-400c-9a5e-97ce3a83695d<-21c7cf7b-6251-48a4-bdb1-01914484bde5#89:OK,SUCCESS,nextIndex:2,term:1,followerCommit:0
2019-08-29 11:55:32,953 [grpc-default-executor-10] WARN  server.GrpcLogAppender (GrpcLogAppender.java:onNextImpl(250)) - org.apache.ratis.grpc.server.GrpcLogAppender$AppendLogResponseHandler@4f380c72: Request not found, ignoring reply: 368ac840-1874-400c-9a5e-97ce3a83695d<-21c7cf7b-6251-48a4-bdb1-01914484bde5#90:OK,SUCCESS,nextIndex:2,term:1,followerCommit:0
2019-08-29 11:55:32,953 [grpc-default-executor-10] WARN  server.GrpcLogAppender (GrpcLogAppender.java:onNextImpl(250)) - org.apache.ratis.grpc.server.GrpcLogAppender$AppendLogResponseHandler@4f380c72: Request not found, ignoring reply: 368ac840-1874-400c-9a5e-97ce3a83695d<-21c7cf7b-6251-48a4-bdb1-01914484bde5#91:OK,SUCCESS,nextIndex:2,term:1,followerCommit:0
2019-08-29 11:55:32,954 [grpc-default-executor-10] WARN  server.GrpcLogAppender (GrpcLogAppender.java:onNextImpl(250)) - org.apache.ratis.grpc.server.GrpcLogAppender$AppendLogResponseHandler@4f380c72: Request not found, ignoring reply: 368ac840-1874-400c-9a5e-97ce3a83695d<-21c7cf7b-6251-48a4-bdb1-01914484bde5#92:OK,SUCCESS,nextIndex:2,term:1,followerCommit:0
2019-08-29 11:55:32,954 [grpc-default-executor-10] WARN  server.GrpcLogAppender (GrpcLogAppender.java:onNextImpl(250)) - org.apache.ratis.grpc.server.GrpcLogAppender$AppendLogResponseHandler@4f380c72: Request not found, ignoring reply: 368ac840-1874-400c-9a5e-97ce3a83695d<-21c7cf7b-6251-48a4-bdb1-01914484bde5#93:OK,SUCCESS,nextIndex:2,term:1,followerCommit:0
2019-08-29 11:55:32,954 [grpc-default-executor-10] WARN  server.GrpcLogAppender (GrpcLogAppender.java:onNextImpl(250)) - org.apache.ratis.grpc.server.GrpcLogAppender$AppendLogResponseHandler@4f380c72: Request not found, ignoring reply: 368ac840-1874-400c-9a5e-97ce3a83695d<-21c7cf7b-6251-48a4-bdb1-01914484bde5#94:OK,SUCCESS,nextIndex:2,term:1,followerCommit:0
2019-08-29 11:55:32,954 [grpc-default-executor-10] WARN  server.GrpcLogAppender (GrpcLogAppender.java:onNextImpl(250)) - org.apache.ratis.grpc.server.GrpcLogAppender$AppendLogResponseHandler@4f380c72: Request not found, ignoring reply: 368ac840-1874-400c-9a5e-97ce3a83695d<-21c7cf7b-6251-48a4-bdb1-01914484bde5#95:OK,SUCCESS,nextIndex:2,term:1,followerCommit:0
2019-08-29 11:55:32,954 [grpc-default-executor-10] WARN  server.GrpcLogAppender (GrpcLogAppender.java:onNextImpl(250)) - org.apache.ratis.grpc.server.GrpcLogAppender$AppendLogResponseHandler@4f380c72: Request not found, ignoring reply: 368ac840-1874-400c-9a5e-97ce3a83695d<-21c7cf7b-6251-48a4-bdb1-01914484bde5#96:OK,SUCCESS,nextIndex:2,term:1,followerCommit:0
2019-08-29 11:55:32,954 [grpc-default-executor-10] WARN  server.GrpcLogAppender (GrpcLogAppender.java:onNextImpl(250)) - org.apache.ratis.grpc.server.GrpcLogAppender$AppendLogResponseHandler@4f380c72: Request not found, ignoring reply: 368ac840-1874-400c-9a5e-97ce3a83695d<-21c7cf7b-6251-48a4-bdb1-01914484bde5#97:OK,SUCCESS,nextIndex:2,term:1,followerCommit:0
2019-08-29 11:55:32,955 [grpc-default-executor-10] WARN  server.GrpcLogAppender (GrpcLogAppender.java:onNextImpl(250)) - org.apache.ratis.grpc.server.GrpcLogAppender$AppendLogResponseHandler@4f380c72: Request not found, ignoring reply: 368ac840-1874-400c-9a5e-97ce3a83695d<-21c7cf7b-6251-48a4-bdb1-01914484bde5#98:OK,SUCCESS,nextIndex:2,term:1,followerCommit:0
2019-08-29 11:55:32,955 [grpc-default-executor-10] WARN  server.GrpcLogAppender (GrpcLogAppender.java:onNextImpl(250)) - org.apache.ratis.grpc.server.GrpcLogAppender$AppendLogResponseHandler@4f380c72: Request not found, ignoring reply: 368ac840-1874-400c-9a5e-97ce3a83695d<-21c7cf7b-6251-48a4-bdb1-01914484bde5#99:OK,SUCCESS,nextIndex:2,term:1,followerCommit:0
2019-08-29 11:55:32,955 [grpc-default-executor-10] WARN  server.GrpcLogAppender (GrpcLogAppender.java:onNextImpl(250)) - org.apache.ratis.grpc.server.GrpcLogAppender$AppendLogResponseHandler@4f380c72: Request not found, ignoring reply: 368ac840-1874-400c-9a5e-97ce3a83695d<-21c7cf7b-6251-48a4-bdb1-01914484bde5#100:OK,SUCCESS,nextIndex:2,term:1,followerCommit:0
2019-08-29 11:55:32,955 [grpc-default-executor-10] WARN  server.GrpcLogAppender (GrpcLogAppender.java:onNextImpl(250)) - org.apache.ratis.grpc.server.GrpcLogAppender$AppendLogResponseHandler@4f380c72: Request not found, ignoring reply: 368ac840-1874-400c-9a5e-97ce3a83695d<-21c7cf7b-6251-48a4-bdb1-01914484bde5#101:OK,SUCCESS,nextIndex:2,term:1,followerCommit:0
2019-08-29 11:55:32,955 [grpc-default-executor-10] WARN  server.GrpcLogAppender (GrpcLogAppender.java:onNextImpl(250)) - org.apache.ratis.grpc.server.GrpcLogAppender$AppendLogResponseHandler@4f380c72: Request not found, ignoring reply: 368ac840-1874-400c-9a5e-97ce3a83695d<-21c7cf7b-6251-48a4-bdb1-01914484bde5#102:OK,SUCCESS,nextIndex:2,term:1,followerCommit:0
2019-08-29 11:55:32,955 [grpc-default-executor-10] WARN  server.GrpcLogAppender (GrpcLogAppender.java:onNextImpl(250)) - org.apache.ratis.grpc.server.GrpcLogAppender$AppendLogResponseHandler@4f380c72: Request not found, ignoring reply: 368ac840-1874-400c-9a5e-97ce3a83695d<-21c7cf7b-6251-48a4-bdb1-01914484bde5#103:OK,SUCCESS,nextIndex:2,term:1,followerCommit:0
2019-08-29 11:55:32,956 [grpc-default-executor-10] WARN  server.GrpcLogAppender (GrpcLogAppender.java:onNextImpl(250)) - org.apache.ratis.grpc.server.GrpcLogAppender$AppendLogResponseHandler@4f380c72: Request not found, ignoring reply: 368ac840-1874-400c-9a5e-97ce3a83695d<-21c7cf7b-6251-48a4-bdb1-01914484bde5#104:OK,SUCCESS,nextIndex:2,term:1,followerCommit:0
2019-08-29 11:55:32,956 [grpc-default-executor-10] WARN  server.GrpcLogAppender (GrpcLogAppender.java:onNextImpl(250)) - org.apache.ratis.grpc.server.GrpcLogAppender$AppendLogResponseHandler@4f380c72: Request not found, ignoring reply: 368ac840-1874-400c-9a5e-97ce3a83695d<-21c7cf7b-6251-48a4-bdb1-01914484bde5#105:OK,SUCCESS,nextIndex:2,term:1,followerCommit:0
2019-08-29 11:55:32,956 [grpc-default-executor-10] WARN  server.GrpcLogAppender (GrpcLogAppender.java:onNextImpl(250)) - org.apache.ratis.grpc.server.GrpcLogAppender$AppendLogResponseHandler@4f380c72: Request not found, ignoring reply: 368ac840-1874-400c-9a5e-97ce3a83695d<-21c7cf7b-6251-48a4-bdb1-01914484bde5#106:OK,SUCCESS,nextIndex:2,term:1,followerCommit:0
2019-08-29 11:55:32,956 [grpc-default-executor-10] WARN  server.GrpcLogAppender (GrpcLogAppender.java:onNextImpl(250)) - org.apache.ratis.grpc.server.GrpcLogAppender$AppendLogResponseHandler@4f380c72: Request not found, ignoring reply: 368ac840-1874-400c-9a5e-97ce3a83695d<-21c7cf7b-6251-48a4-bdb1-01914484bde5#107:OK,SUCCESS,nextIndex:2,term:1,followerCommit:0
2019-08-29 11:55:32,956 [grpc-default-executor-10] WARN  server.GrpcLogAppender (GrpcLogAppender.java:onNextImpl(250)) - org.apache.ratis.grpc.server.GrpcLogAppender$AppendLogResponseHandler@4f380c72: Request not found, ignoring reply: 368ac840-1874-400c-9a5e-97ce3a83695d<-21c7cf7b-6251-48a4-bdb1-01914484bde5#108:OK,SUCCESS,nextIndex:2,term:1,followerCommit:0
2019-08-29 11:55:32,960 | INFO  | DNAudit | user=null | ip=null | op=WRITE_CHUNK {blockData=conID: 3 locID: 102700135904116748 bcsId: 0} | ret=SUCCESS |  
2019-08-29 11:55:32,968 [grpc-default-executor-4] WARN  server.GrpcLogAppender (LogUtils.java:warn(134)) - 368ac840-1874-400c-9a5e-97ce3a83695d->822b3223-74a0-44c8-ae72-b72e27a17b65: Failed appendEntries: org.apache.ratis.thirdparty.io.grpc.StatusRuntimeException: UNAVAILABLE: io exception
2019-08-29 11:55:32,969 [grpc-default-executor-4] INFO  impl.FollowerInfo (FollowerInfo.java:lambda$new$0(50)) - 368ac840-1874-400c-9a5e-97ce3a83695d->822b3223-74a0-44c8-ae72-b72e27a17b65: nextIndex: updateUnconditionally 0 -> 0
2019-08-29 11:55:32,973 | INFO  | DNAudit | user=null | ip=null | op=WRITE_CHUNK {blockData=conID: 3 locID: 102700135904116748 bcsId: 0} | ret=SUCCESS |  
2019-08-29 11:55:32,974 [grpc-default-executor-10] WARN  server.GrpcLogAppender (LogUtils.java:warn(134)) - 368ac840-1874-400c-9a5e-97ce3a83695d->822b3223-74a0-44c8-ae72-b72e27a17b65: Failed appendEntries: org.apache.ratis.thirdparty.io.grpc.StatusRuntimeException: UNAVAILABLE: io exception
2019-08-29 11:55:32,974 [grpc-default-executor-10] INFO  impl.FollowerInfo (FollowerInfo.java:lambda$new$0(50)) - 368ac840-1874-400c-9a5e-97ce3a83695d->822b3223-74a0-44c8-ae72-b72e27a17b65: nextIndex: updateUnconditionally 1 -> 0
2019-08-29 11:55:32,975 | INFO  | DNAudit | user=null | ip=null | op=READ_CHUNK {blockData=conID: 3 locID: 102700135904116748 bcsId: 0} | ret=SUCCESS |  
2019-08-29 11:55:33,120 [Datanode State Machine Thread - 0] INFO  statemachine.DatanodeStateMachine (DatanodeStateMachine.java:lambda$startDaemon$0(350)) - Ozone container server started.
2019-08-29 11:55:33,123 | INFO  | SCMAudit | user=jenkins1000 | ip=192.168.5.171 | op=SEND_HEARTBEAT {datanodeUUID=6997f81c-1ecf-488f-a14c-812b649ddfad, command=[]} | ret=SUCCESS |  
2019-08-29 11:55:33,389 | INFO  | SCMAudit | user=jenkins1000 | ip=192.168.5.171 | op=SEND_HEARTBEAT {datanodeUUID=3442b9cb-a0d9-4a64-bd62-61dec9190efe, command=[]} | ret=SUCCESS |  
2019-08-29 11:55:33,477 [grpc-default-executor-10] WARN  server.GrpcLogAppender (LogUtils.java:warn(134)) - 368ac840-1874-400c-9a5e-97ce3a83695d->822b3223-74a0-44c8-ae72-b72e27a17b65: Failed appendEntries: org.apache.ratis.thirdparty.io.grpc.StatusRuntimeException: UNAVAILABLE: io exception
2019-08-29 11:55:33,477 [grpc-default-executor-10] INFO  impl.FollowerInfo (FollowerInfo.java:lambda$new$0(50)) - 368ac840-1874-400c-9a5e-97ce3a83695d->822b3223-74a0-44c8-ae72-b72e27a17b65: nextIndex: updateUnconditionally 0 -> 0
2019-08-29 11:55:33,927 | INFO  | SCMAudit | user=jenkins1000 | ip=192.168.5.171 | op=SEND_HEARTBEAT {datanodeUUID=21c7cf7b-6251-48a4-bdb1-01914484bde5, command=[]} | ret=SUCCESS |  
2019-08-29 11:55:33,927 | INFO  | SCMAudit | user=jenkins1000 | ip=192.168.5.171 | op=SEND_HEARTBEAT {datanodeUUID=368ac840-1874-400c-9a5e-97ce3a83695d, command=[]} | ret=SUCCESS |  
2019-08-29 11:55:33,977 [grpc-default-executor-4] WARN  server.GrpcLogAppender (LogUtils.java:warn(134)) - 368ac840-1874-400c-9a5e-97ce3a83695d->822b3223-74a0-44c8-ae72-b72e27a17b65: Failed appendEntries: org.apache.ratis.thirdparty.io.grpc.StatusRuntimeException: UNAVAILABLE: io exception
2019-08-29 11:55:33,978 [grpc-default-executor-4] INFO  impl.FollowerInfo (FollowerInfo.java:lambda$new$0(50)) - 368ac840-1874-400c-9a5e-97ce3a83695d->822b3223-74a0-44c8-ae72-b72e27a17b65: nextIndex: updateUnconditionally 0 -> 0
2019-08-29 11:55:34,123 | INFO  | SCMAudit | user=jenkins1000 | ip=192.168.5.171 | op=SEND_HEARTBEAT {datanodeUUID=6997f81c-1ecf-488f-a14c-812b649ddfad, command=[]} | ret=SUCCESS |  
2019-08-29 11:55:34,389 | INFO  | SCMAudit | user=jenkins1000 | ip=192.168.5.171 | op=SEND_HEARTBEAT {datanodeUUID=3442b9cb-a0d9-4a64-bd62-61dec9190efe, command=[]} | ret=SUCCESS |  
2019-08-29 11:55:34,478 [grpc-default-executor-4] WARN  server.GrpcLogAppender (LogUtils.java:warn(134)) - 368ac840-1874-400c-9a5e-97ce3a83695d->822b3223-74a0-44c8-ae72-b72e27a17b65: Failed appendEntries: org.apache.ratis.thirdparty.io.grpc.StatusRuntimeException: UNAVAILABLE: io exception
2019-08-29 11:55:34,478 [grpc-default-executor-4] INFO  impl.FollowerInfo (FollowerInfo.java:lambda$new$0(50)) - 368ac840-1874-400c-9a5e-97ce3a83695d->822b3223-74a0-44c8-ae72-b72e27a17b65: nextIndex: updateUnconditionally 0 -> 0
2019-08-29 11:55:34,928 | INFO  | SCMAudit | user=jenkins1000 | ip=192.168.5.171 | op=SEND_HEARTBEAT {datanodeUUID=368ac840-1874-400c-9a5e-97ce3a83695d, command=[]} | ret=SUCCESS |  
2019-08-29 11:55:34,928 | INFO  | SCMAudit | user=jenkins1000 | ip=192.168.5.171 | op=SEND_HEARTBEAT {datanodeUUID=21c7cf7b-6251-48a4-bdb1-01914484bde5, command=[]} | ret=SUCCESS |  
2019-08-29 11:55:34,979 [grpc-default-executor-4] WARN  server.GrpcLogAppender (LogUtils.java:warn(134)) - 368ac840-1874-400c-9a5e-97ce3a83695d->822b3223-74a0-44c8-ae72-b72e27a17b65: Failed appendEntries: org.apache.ratis.thirdparty.io.grpc.StatusRuntimeException: UNAVAILABLE: io exception
2019-08-29 11:55:34,979 [grpc-default-executor-4] INFO  impl.FollowerInfo (FollowerInfo.java:lambda$new$0(50)) - 368ac840-1874-400c-9a5e-97ce3a83695d->822b3223-74a0-44c8-ae72-b72e27a17b65: nextIndex: updateUnconditionally 0 -> 0
2019-08-29 11:55:35,123 | INFO  | SCMAudit | user=jenkins1000 | ip=192.168.5.171 | op=SEND_HEARTBEAT {datanodeUUID=6997f81c-1ecf-488f-a14c-812b649ddfad, command=[]} | ret=SUCCESS |  
2019-08-29 11:55:35,389 | INFO  | SCMAudit | user=jenkins1000 | ip=192.168.5.171 | op=SEND_HEARTBEAT {datanodeUUID=3442b9cb-a0d9-4a64-bd62-61dec9190efe, command=[]} | ret=SUCCESS |  
2019-08-29 11:55:35,479 [grpc-default-executor-9] WARN  server.GrpcLogAppender (LogUtils.java:warn(134)) - 368ac840-1874-400c-9a5e-97ce3a83695d->822b3223-74a0-44c8-ae72-b72e27a17b65: Failed appendEntries: org.apache.ratis.thirdparty.io.grpc.StatusRuntimeException: UNAVAILABLE: io exception
2019-08-29 11:55:35,480 [grpc-default-executor-9] INFO  impl.FollowerInfo (FollowerInfo.java:lambda$new$0(50)) - 368ac840-1874-400c-9a5e-97ce3a83695d->822b3223-74a0-44c8-ae72-b72e27a17b65: nextIndex: updateUnconditionally 0 -> 0
2019-08-29 11:55:35,928 | INFO  | SCMAudit | user=jenkins1000 | ip=192.168.5.171 | op=SEND_HEARTBEAT {datanodeUUID=368ac840-1874-400c-9a5e-97ce3a83695d, command=[]} | ret=SUCCESS |  
2019-08-29 11:55:35,928 | INFO  | SCMAudit | user=jenkins1000 | ip=192.168.5.171 | op=SEND_HEARTBEAT {datanodeUUID=21c7cf7b-6251-48a4-bdb1-01914484bde5, command=[]} | ret=SUCCESS |  
2019-08-29 11:55:35,980 [grpc-default-executor-4] WARN  server.GrpcLogAppender (LogUtils.java:warn(134)) - 368ac840-1874-400c-9a5e-97ce3a83695d->822b3223-74a0-44c8-ae72-b72e27a17b65: Failed appendEntries: org.apache.ratis.thirdparty.io.grpc.StatusRuntimeException: UNAVAILABLE: io exception
2019-08-29 11:55:35,981 [grpc-default-executor-4] INFO  impl.FollowerInfo (FollowerInfo.java:lambda$new$0(50)) - 368ac840-1874-400c-9a5e-97ce3a83695d->822b3223-74a0-44c8-ae72-b72e27a17b65: nextIndex: updateUnconditionally 0 -> 0
2019-08-29 11:55:36,123 | INFO  | SCMAudit | user=jenkins1000 | ip=192.168.5.171 | op=SEND_HEARTBEAT {datanodeUUID=6997f81c-1ecf-488f-a14c-812b649ddfad, command=[]} | ret=SUCCESS |  
2019-08-29 11:55:36,349 [main] INFO  ozoneimpl.OzoneContainer (OzoneContainer.java:stop(215)) - Attempting to stop container services.
2019-08-29 11:55:36,350 [main] INFO  impl.RaftServerProxy (RaftServerProxy.java:lambda$close$4(314)) - 97e3324b-235f-4ceb-956e-993ee2fe234c: close
2019-08-29 11:55:36,350 [main] INFO  impl.RaftServerImpl (RaftServerImpl.java:lambda$shutdown$3(245)) - 97e3324b-235f-4ceb-956e-993ee2fe234c: shutdown group-FEC9ABEF0498
2019-08-29 11:55:36,351 [main] INFO  util.JmxRegister (JmxRegister.java:unregister(73)) - Successfully un-registered JMX Bean with object name Ratis:service=RaftServer,group=group-FEC9ABEF0498,id=97e3324b-235f-4ceb-956e-993ee2fe234c
2019-08-29 11:55:36,351 [main] INFO  impl.RoleInfo (RoleInfo.java:shutdownFollowerState(121)) - 97e3324b-235f-4ceb-956e-993ee2fe234c: shutdown FollowerState
2019-08-29 11:55:36,352 [main] INFO  impl.StateMachineUpdater (StateMachineUpdater.java:stopAndJoin(115)) - StateMachineUpdater:97e3324b-235f-4ceb-956e-993ee2fe234c:group-FEC9ABEF0498: set stopIndex = 2
2019-08-29 11:55:36,352 [Thread-2901] INFO  impl.FollowerState (FollowerState.java:run(114)) - 97e3324b-235f-4ceb-956e-993ee2fe234c: FollowerState was interrupted: java.lang.InterruptedException: sleep interrupted
2019-08-29 11:55:36,352 [StateMachineUpdater:97e3324b-235f-4ceb-956e-993ee2fe234c:group-FEC9ABEF0498] INFO  ratis.ContainerStateMachine (ContainerStateMachine.java:takeSnapshot(284)) - group-FEC9ABEF0498: Taking a snapshot at:(t:2, i:1) file /workdir/hadoop-ozone/integration-test/target/test-dir/MiniOzoneClusterImpl-16ce5ac2-d92d-4b29-933b-33d00735e97e/datanode-6/data/ratis/cc63ca43-a1dc-4de9-a7b3-fec9abef0498/sm/snapshot.2_1
2019-08-29 11:55:36,372 [StateMachineUpdater:97e3324b-235f-4ceb-956e-993ee2fe234c:group-FEC9ABEF0498] INFO  ratis.ContainerStateMachine (ContainerStateMachine.java:takeSnapshot(295)) - group-FEC9ABEF0498: Finished taking a snapshot at:(t:2, i:1) file:/workdir/hadoop-ozone/integration-test/target/test-dir/MiniOzoneClusterImpl-16ce5ac2-d92d-4b29-933b-33d00735e97e/datanode-6/data/ratis/cc63ca43-a1dc-4de9-a7b3-fec9abef0498/sm/snapshot.2_1 time:20
2019-08-29 11:55:36,372 [StateMachineUpdater:97e3324b-235f-4ceb-956e-993ee2fe234c:group-FEC9ABEF0498] INFO  impl.StateMachineUpdater (StateMachineUpdater.java:takeSnapshot(242)) - StateMachineUpdater:97e3324b-235f-4ceb-956e-993ee2fe234c:group-FEC9ABEF0498: Took a snapshot at index 1
2019-08-29 11:55:36,372 [StateMachineUpdater:97e3324b-235f-4ceb-956e-993ee2fe234c:group-FEC9ABEF0498] INFO  impl.StateMachineUpdater (StateMachineUpdater.java:lambda$new$0(80)) - StateMachineUpdater:97e3324b-235f-4ceb-956e-993ee2fe234c:group-FEC9ABEF0498: snapshotIndex: updateIncreasingly -1 -> 1
2019-08-29 11:55:36,373 [main] INFO  impl.RaftServerImpl (ServerState.java:close(394)) - 97e3324b-235f-4ceb-956e-993ee2fe234c:group-FEC9ABEF0498 closes. The last applied log index is 2
2019-08-29 11:55:36,373 [97e3324b-235f-4ceb-956e-993ee2fe234c-SegmentedRaftLogWorker:Storage Directory /workdir/hadoop-ozone/integration-test/target/test-dir/MiniOzoneClusterImpl-16ce5ac2-d92d-4b29-933b-33d00735e97e/datanode-6/data/ratis/cc63ca43-a1dc-4de9-a7b3-fec9abef0498] INFO  segmented.SegmentedRaftLogWorker (SegmentedRaftLogWorker.java:run(313)) - 97e3324b-235f-4ceb-956e-993ee2fe234c-SegmentedRaftLogWorker:Storage Directory /workdir/hadoop-ozone/integration-test/target/test-dir/MiniOzoneClusterImpl-16ce5ac2-d92d-4b29-933b-33d00735e97e/datanode-6/data/ratis/cc63ca43-a1dc-4de9-a7b3-fec9abef0498 was interrupted, exiting. There are 0 tasks remaining in the queue.
2019-08-29 11:55:36,376 [main] INFO  segmented.SegmentedRaftLogWorker (SegmentedRaftLogWorker.java:close(228)) - 97e3324b-235f-4ceb-956e-993ee2fe234c-SegmentedRaftLogWorker:Storage Directory /workdir/hadoop-ozone/integration-test/target/test-dir/MiniOzoneClusterImpl-16ce5ac2-d92d-4b29-933b-33d00735e97e/datanode-6/data/ratis/cc63ca43-a1dc-4de9-a7b3-fec9abef0498 close()
2019-08-29 11:55:36,378 [main] INFO  impl.RaftServerImpl (RaftServerImpl.java:lambda$shutdown$3(245)) - 97e3324b-235f-4ceb-956e-993ee2fe234c: shutdown group-B0168627F536
2019-08-29 11:55:36,379 [main] INFO  util.JmxRegister (JmxRegister.java:unregister(73)) - Successfully un-registered JMX Bean with object name Ratis:service=RaftServer,group=group-B0168627F536,id=97e3324b-235f-4ceb-956e-993ee2fe234c
2019-08-29 11:55:36,379 [main] INFO  impl.RoleInfo (RoleInfo.java:shutdownLeaderState(104)) - 97e3324b-235f-4ceb-956e-993ee2fe234c: shutdown LeaderState
2019-08-29 11:55:36,380 [main] INFO  impl.PendingRequests (PendingRequests.java:sendNotLeaderResponses(202)) - 97e3324b-235f-4ceb-956e-993ee2fe234c-PendingRequests: sendNotLeaderResponses
2019-08-29 11:55:36,380 [main] INFO  impl.StateMachineUpdater (StateMachineUpdater.java:stopAndJoin(115)) - StateMachineUpdater:97e3324b-235f-4ceb-956e-993ee2fe234c:group-B0168627F536: set stopIndex = 0
2019-08-29 11:55:36,381 [main] INFO  impl.RaftServerImpl (ServerState.java:close(394)) - 97e3324b-235f-4ceb-956e-993ee2fe234c:group-B0168627F536 closes. The last applied log index is 0
2019-08-29 11:55:36,381 [97e3324b-235f-4ceb-956e-993ee2fe234c-SegmentedRaftLogWorker:Storage Directory /workdir/hadoop-ozone/integration-test/target/test-dir/MiniOzoneClusterImpl-16ce5ac2-d92d-4b29-933b-33d00735e97e/datanode-6/data/ratis/fb890f54-cccf-4389-8bf5-b0168627f536] INFO  segmented.SegmentedRaftLogWorker (SegmentedRaftLogWorker.java:run(313)) - 97e3324b-235f-4ceb-956e-993ee2fe234c-SegmentedRaftLogWorker:Storage Directory /workdir/hadoop-ozone/integration-test/target/test-dir/MiniOzoneClusterImpl-16ce5ac2-d92d-4b29-933b-33d00735e97e/datanode-6/data/ratis/fb890f54-cccf-4389-8bf5-b0168627f536 was interrupted, exiting. There are 0 tasks remaining in the queue.
2019-08-29 11:55:36,383 [main] INFO  segmented.SegmentedRaftLogWorker (SegmentedRaftLogWorker.java:close(228)) - 97e3324b-235f-4ceb-956e-993ee2fe234c-SegmentedRaftLogWorker:Storage Directory /workdir/hadoop-ozone/integration-test/target/test-dir/MiniOzoneClusterImpl-16ce5ac2-d92d-4b29-933b-33d00735e97e/datanode-6/data/ratis/fb890f54-cccf-4389-8bf5-b0168627f536 close()
2019-08-29 11:55:36,393 [main] INFO  server.GrpcService (GrpcService.java:closeImpl(155)) - 97e3324b-235f-4ceb-956e-993ee2fe234c: shutdown server with port 44511 now
2019-08-29 11:55:36,394 | INFO  | SCMAudit | user=jenkins1000 | ip=192.168.5.171 | op=SEND_HEARTBEAT {datanodeUUID=3442b9cb-a0d9-4a64-bd62-61dec9190efe, command=[]} | ret=SUCCESS |  
2019-08-29 11:55:36,394 [grpc-default-executor-4] WARN  server.GrpcServerProtocolService (LogUtils.java:warn(134)) - 97e3324b-235f-4ceb-956e-993ee2fe234c: appendEntries onError: org.apache.ratis.thirdparty.io.grpc.StatusRuntimeException: CANCELLED: cancelled before receiving half close
2019-08-29 11:55:36,394 [main] INFO  server.GrpcService (GrpcService.java:closeImpl(163)) - 97e3324b-235f-4ceb-956e-993ee2fe234c: shutdown server with port 44511 successfully
2019-08-29 11:55:36,394 [grpc-default-executor-3] WARN  server.GrpcLogAppender (LogUtils.java:warn(134)) - edbdd45e-116e-45c7-951f-264ab28d364f->97e3324b-235f-4ceb-956e-993ee2fe234c: Failed appendEntries: org.apache.ratis.thirdparty.io.grpc.StatusRuntimeException: CANCELLED: HTTP/2 error code: CANCEL
Received Rst Stream
2019-08-29 11:55:36,395 [grpc-default-executor-3] INFO  impl.FollowerInfo (FollowerInfo.java:lambda$new$0(50)) - edbdd45e-116e-45c7-951f-264ab28d364f->97e3324b-235f-4ceb-956e-993ee2fe234c: nextIndex: updateUnconditionally 3 -> 2
2019-08-29 11:55:36,396 [refreshUsed-/workdir/hadoop-ozone/integration-test/target/test-dir/MiniOzoneClusterImpl-16ce5ac2-d92d-4b29-933b-33d00735e97e/datanode-6/data/containers] WARN  fs.CachingGetSpaceUsed (CachingGetSpaceUsed.java:run(183)) - Thread Interrupted waiting to refresh disk information: sleep interrupted
2019-08-29 11:55:36,417 [main] INFO  utils.BackgroundService (BackgroundService.java:shutdown(148)) - Shutting down service BlockDeletingService
2019-08-29 11:55:36,424 [main] INFO  statemachine.DatanodeStateMachine (DatanodeStateMachine.java:stopDaemon(395)) - Ozone container server stopped.
2019-08-29 11:55:36,425 [main] INFO  handler.ContextHandler (ContextHandler.java:doStop(910)) - Stopped o.e.j.w.WebAppContext@6a567f7b{/,null,UNAVAILABLE}{/hddsDatanode}
2019-08-29 11:55:36,426 [main] INFO  server.AbstractConnector (AbstractConnector.java:doStop(318)) - Stopped ServerConnector@28be7fec{HTTP/1.1,[http/1.1]}{0.0.0.0:0}
2019-08-29 11:55:36,426 [main] INFO  handler.ContextHandler (ContextHandler.java:doStop(910)) - Stopped o.e.j.s.ServletContextHandler@7aa01bd9{/static,jar:file:/home/user/.m2/repository/org/apache/hadoop/hadoop-hdds-container-service/0.5.0-SNAPSHOT/hadoop-hdds-container-service-0.5.0-SNAPSHOT.jar!/webapps/static,UNAVAILABLE}
2019-08-29 11:55:36,426 [main] INFO  handler.ContextHandler (ContextHandler.java:doStop(910)) - Stopped o.e.j.s.ServletContextHandler@6d0e45a5{/logs,file:///workdir/hadoop-ozone/integration-test/target/log,UNAVAILABLE}
2019-08-29 11:55:36,481 [grpc-default-executor-3] WARN  server.GrpcLogAppender (LogUtils.java:warn(134)) - 368ac840-1874-400c-9a5e-97ce3a83695d->822b3223-74a0-44c8-ae72-b72e27a17b65: Failed appendEntries: org.apache.ratis.thirdparty.io.grpc.StatusRuntimeException: UNAVAILABLE: io exception
2019-08-29 11:55:36,481 [grpc-default-executor-3] INFO  impl.FollowerInfo (FollowerInfo.java:lambda$new$0(50)) - 368ac840-1874-400c-9a5e-97ce3a83695d->822b3223-74a0-44c8-ae72-b72e27a17b65: nextIndex: updateUnconditionally 0 -> 0
2019-08-29 11:55:36,569 [grpc-default-executor-10] WARN  server.GrpcLogAppender (LogUtils.java:warn(134)) - edbdd45e-116e-45c7-951f-264ab28d364f->97e3324b-235f-4ceb-956e-993ee2fe234c: Failed appendEntries: org.apache.ratis.thirdparty.io.grpc.StatusRuntimeException: UNAVAILABLE: io exception
2019-08-29 11:55:36,569 [grpc-default-executor-10] INFO  impl.FollowerInfo (FollowerInfo.java:lambda$new$0(50)) - edbdd45e-116e-45c7-951f-264ab28d364f->97e3324b-235f-4ceb-956e-993ee2fe234c: nextIndex: updateUnconditionally 2 -> 1
2019-08-29 11:55:36,929 | INFO  | SCMAudit | user=jenkins1000 | ip=192.168.5.171 | op=SEND_HEARTBEAT {datanodeUUID=368ac840-1874-400c-9a5e-97ce3a83695d, command=[]} | ret=SUCCESS |  
2019-08-29 11:55:36,929 | INFO  | SCMAudit | user=jenkins1000 | ip=192.168.5.171 | op=SEND_HEARTBEAT {datanodeUUID=21c7cf7b-6251-48a4-bdb1-01914484bde5, command=[]} | ret=SUCCESS |  
2019-08-29 11:55:36,981 [grpc-default-executor-10] WARN  server.GrpcLogAppender (LogUtils.java:warn(134)) - 368ac840-1874-400c-9a5e-97ce3a83695d->822b3223-74a0-44c8-ae72-b72e27a17b65: Failed appendEntries: org.apache.ratis.thirdparty.io.grpc.StatusRuntimeException: UNAVAILABLE: io exception
2019-08-29 11:55:36,982 [grpc-default-executor-10] INFO  impl.FollowerInfo (FollowerInfo.java:lambda$new$0(50)) - 368ac840-1874-400c-9a5e-97ce3a83695d->822b3223-74a0-44c8-ae72-b72e27a17b65: nextIndex: updateUnconditionally 0 -> 0
2019-08-29 11:55:37,069 [grpc-default-executor-10] WARN  server.GrpcLogAppender (LogUtils.java:warn(134)) - edbdd45e-116e-45c7-951f-264ab28d364f->97e3324b-235f-4ceb-956e-993ee2fe234c: Failed appendEntries: org.apache.ratis.thirdparty.io.grpc.StatusRuntimeException: UNAVAILABLE: io exception
2019-08-29 11:55:37,070 [grpc-default-executor-10] INFO  impl.FollowerInfo (FollowerInfo.java:lambda$new$0(50)) - edbdd45e-116e-45c7-951f-264ab28d364f->97e3324b-235f-4ceb-956e-993ee2fe234c: nextIndex: updateUnconditionally 1 -> 0
2019-08-29 11:55:37,123 | INFO  | SCMAudit | user=jenkins1000 | ip=192.168.5.171 | op=SEND_HEARTBEAT {datanodeUUID=6997f81c-1ecf-488f-a14c-812b649ddfad, command=[]} | ret=SUCCESS |  
2019-08-29 11:55:37,393 [Datanode State Machine Thread - 0] INFO  statemachine.DatanodeStateMachine (DatanodeStateMachine.java:lambda$startDaemon$0(350)) - Ozone container server started.
2019-08-29 11:55:37,482 [grpc-default-executor-4] WARN  server.GrpcLogAppender (LogUtils.java:warn(134)) - 368ac840-1874-400c-9a5e-97ce3a83695d->822b3223-74a0-44c8-ae72-b72e27a17b65: Failed appendEntries: org.apache.ratis.thirdparty.io.grpc.StatusRuntimeException: UNAVAILABLE: io exception
2019-08-29 11:55:37,482 [grpc-default-executor-4] INFO  impl.FollowerInfo (FollowerInfo.java:lambda$new$0(50)) - 368ac840-1874-400c-9a5e-97ce3a83695d->822b3223-74a0-44c8-ae72-b72e27a17b65: nextIndex: updateUnconditionally 0 -> 0
2019-08-29 11:55:37,570 [grpc-default-executor-4] WARN  server.GrpcLogAppender (LogUtils.java:warn(134)) - edbdd45e-116e-45c7-951f-264ab28d364f->97e3324b-235f-4ceb-956e-993ee2fe234c: Failed appendEntries: org.apache.ratis.thirdparty.io.grpc.StatusRuntimeException: UNAVAILABLE: io exception
2019-08-29 11:55:37,571 [grpc-default-executor-4] INFO  impl.FollowerInfo (FollowerInfo.java:lambda$new$0(50)) - edbdd45e-116e-45c7-951f-264ab28d364f->97e3324b-235f-4ceb-956e-993ee2fe234c: nextIndex: updateUnconditionally 0 -> 0
2019-08-29 11:55:37,929 | INFO  | SCMAudit | user=jenkins1000 | ip=192.168.5.171 | op=SEND_HEARTBEAT {datanodeUUID=368ac840-1874-400c-9a5e-97ce3a83695d, command=[]} | ret=SUCCESS |  
2019-08-29 11:55:37,929 | INFO  | SCMAudit | user=jenkins1000 | ip=192.168.5.171 | op=SEND_HEARTBEAT {datanodeUUID=21c7cf7b-6251-48a4-bdb1-01914484bde5, command=[]} | ret=SUCCESS |  
2019-08-29 11:55:37,951 [ForkJoinPool.commonPool-worker-1] INFO  ozoneimpl.OzoneContainer (OzoneContainer.java:stop(215)) - Attempting to stop container services.
2019-08-29 11:55:37,951 [ForkJoinPool.commonPool-worker-1] INFO  impl.RaftServerProxy (RaftServerProxy.java:lambda$close$4(314)) - edbdd45e-116e-45c7-951f-264ab28d364f: close
2019-08-29 11:55:37,952 [ForkJoinPool.commonPool-worker-1] INFO  impl.RaftServerImpl (RaftServerImpl.java:lambda$shutdown$3(245)) - edbdd45e-116e-45c7-951f-264ab28d364f: shutdown group-FEC9ABEF0498
2019-08-29 11:55:37,952 [ForkJoinPool.commonPool-worker-1] INFO  util.JmxRegister (JmxRegister.java:unregister(73)) - Successfully un-registered JMX Bean with object name Ratis:service=RaftServer,group=group-FEC9ABEF0498,id=edbdd45e-116e-45c7-951f-264ab28d364f
2019-08-29 11:55:37,952 [ForkJoinPool.commonPool-worker-1] INFO  impl.RoleInfo (RoleInfo.java:shutdownLeaderState(104)) - edbdd45e-116e-45c7-951f-264ab28d364f: shutdown LeaderState
2019-08-29 11:55:37,956 [ForkJoinPool.commonPool-worker-1] INFO  impl.PendingRequests (PendingRequests.java:sendNotLeaderResponses(202)) - edbdd45e-116e-45c7-951f-264ab28d364f-PendingRequests: sendNotLeaderResponses
2019-08-29 11:55:37,956 [org.apache.ratis.server.impl.LogAppender$AppenderDaemon$$Lambda$537/769722511@7b8b0aaa] WARN  server.GrpcLogAppender (GrpcLogAppender.java:mayWait(143)) - GrpcLogAppender(edbdd45e-116e-45c7-951f-264ab28d364f->97e3324b-235f-4ceb-956e-993ee2fe234c): Wait interrupted by java.lang.InterruptedException
2019-08-29 11:55:37,956 [org.apache.ratis.server.impl.LogAppender$AppenderDaemon$$Lambda$537/769722511@3e899bbf] WARN  server.GrpcLogAppender (GrpcLogAppender.java:mayWait(143)) - GrpcLogAppender(edbdd45e-116e-45c7-951f-264ab28d364f->6997f81c-1ecf-488f-a14c-812b649ddfad): Wait interrupted by java.lang.InterruptedException
2019-08-29 11:55:37,963 [ForkJoinPool.commonPool-worker-1] INFO  impl.StateMachineUpdater (StateMachineUpdater.java:stopAndJoin(115)) - StateMachineUpdater:edbdd45e-116e-45c7-951f-264ab28d364f:group-FEC9ABEF0498: set stopIndex = 2
2019-08-29 11:55:37,963 [StateMachineUpdater:edbdd45e-116e-45c7-951f-264ab28d364f:group-FEC9ABEF0498] INFO  ratis.ContainerStateMachine (ContainerStateMachine.java:takeSnapshot(284)) - group-FEC9ABEF0498: Taking a snapshot at:(t:2, i:1) file /workdir/hadoop-ozone/integration-test/target/test-dir/MiniOzoneClusterImpl-16ce5ac2-d92d-4b29-933b-33d00735e97e/datanode-3/data/ratis/cc63ca43-a1dc-4de9-a7b3-fec9abef0498/sm/snapshot.2_1
2019-08-29 11:55:37,963 [grpc-default-executor-4] INFO  server.GrpcServerProtocolService (GrpcServerProtocolService.java:onCompleted(104)) - 6997f81c-1ecf-488f-a14c-812b649ddfad: appendEntries completed
2019-08-29 11:55:37,964 [grpc-default-executor-4] INFO  server.GrpcLogAppender (GrpcLogAppender.java:onCompleted(292)) - edbdd45e-116e-45c7-951f-264ab28d364f->6997f81c-1ecf-488f-a14c-812b649ddfad: follower responses appendEntries COMPLETED
2019-08-29 11:55:37,964 [grpc-default-executor-4] INFO  impl.FollowerInfo (FollowerInfo.java:lambda$new$0(50)) - edbdd45e-116e-45c7-951f-264ab28d364f->6997f81c-1ecf-488f-a14c-812b649ddfad: nextIndex: updateUnconditionally 3 -> 2
2019-08-29 11:55:37,976 [StateMachineUpdater:edbdd45e-116e-45c7-951f-264ab28d364f:group-FEC9ABEF0498] INFO  ratis.ContainerStateMachine (ContainerStateMachine.java:takeSnapshot(295)) - group-FEC9ABEF0498: Finished taking a snapshot at:(t:2, i:1) file:/workdir/hadoop-ozone/integration-test/target/test-dir/MiniOzoneClusterImpl-16ce5ac2-d92d-4b29-933b-33d00735e97e/datanode-3/data/ratis/cc63ca43-a1dc-4de9-a7b3-fec9abef0498/sm/snapshot.2_1 time:13
2019-08-29 11:55:37,976 [StateMachineUpdater:edbdd45e-116e-45c7-951f-264ab28d364f:group-FEC9ABEF0498] INFO  impl.StateMachineUpdater (StateMachineUpdater.java:takeSnapshot(242)) - StateMachineUpdater:edbdd45e-116e-45c7-951f-264ab28d364f:group-FEC9ABEF0498: Took a snapshot at index 1
2019-08-29 11:55:37,976 [StateMachineUpdater:edbdd45e-116e-45c7-951f-264ab28d364f:group-FEC9ABEF0498] INFO  impl.StateMachineUpdater (StateMachineUpdater.java:lambda$new$0(80)) - StateMachineUpdater:edbdd45e-116e-45c7-951f-264ab28d364f:group-FEC9ABEF0498: snapshotIndex: updateIncreasingly -1 -> 1
2019-08-29 11:55:37,976 [ForkJoinPool.commonPool-worker-1] INFO  impl.RaftServerImpl (ServerState.java:close(394)) - edbdd45e-116e-45c7-951f-264ab28d364f:group-FEC9ABEF0498 closes. The last applied log index is 2
2019-08-29 11:55:37,977 [edbdd45e-116e-45c7-951f-264ab28d364f-SegmentedRaftLogWorker:Storage Directory /workdir/hadoop-ozone/integration-test/target/test-dir/MiniOzoneClusterImpl-16ce5ac2-d92d-4b29-933b-33d00735e97e/datanode-3/data/ratis/cc63ca43-a1dc-4de9-a7b3-fec9abef0498] INFO  segmented.SegmentedRaftLogWorker (SegmentedRaftLogWorker.java:run(313)) - edbdd45e-116e-45c7-951f-264ab28d364f-SegmentedRaftLogWorker:Storage Directory /workdir/hadoop-ozone/integration-test/target/test-dir/MiniOzoneClusterImpl-16ce5ac2-d92d-4b29-933b-33d00735e97e/datanode-3/data/ratis/cc63ca43-a1dc-4de9-a7b3-fec9abef0498 was interrupted, exiting. There are 0 tasks remaining in the queue.
2019-08-29 11:55:37,977 [ForkJoinPool.commonPool-worker-1] INFO  segmented.SegmentedRaftLogWorker (SegmentedRaftLogWorker.java:close(228)) - edbdd45e-116e-45c7-951f-264ab28d364f-SegmentedRaftLogWorker:Storage Directory /workdir/hadoop-ozone/integration-test/target/test-dir/MiniOzoneClusterImpl-16ce5ac2-d92d-4b29-933b-33d00735e97e/datanode-3/data/ratis/cc63ca43-a1dc-4de9-a7b3-fec9abef0498 close()
2019-08-29 11:55:37,977 [ForkJoinPool.commonPool-worker-1] INFO  impl.RaftServerImpl (RaftServerImpl.java:lambda$shutdown$3(245)) - edbdd45e-116e-45c7-951f-264ab28d364f: shutdown group-CD4A0D27A525
2019-08-29 11:55:37,978 [ForkJoinPool.commonPool-worker-1] INFO  util.JmxRegister (JmxRegister.java:unregister(73)) - Successfully un-registered JMX Bean with object name Ratis:service=RaftServer,group=group-CD4A0D27A525,id=edbdd45e-116e-45c7-951f-264ab28d364f
2019-08-29 11:55:37,978 [ForkJoinPool.commonPool-worker-1] INFO  impl.RoleInfo (RoleInfo.java:shutdownLeaderState(104)) - edbdd45e-116e-45c7-951f-264ab28d364f: shutdown LeaderState
2019-08-29 11:55:37,978 [ForkJoinPool.commonPool-worker-1] INFO  impl.PendingRequests (PendingRequests.java:sendNotLeaderResponses(202)) - edbdd45e-116e-45c7-951f-264ab28d364f-PendingRequests: sendNotLeaderResponses
2019-08-29 11:55:37,978 [ForkJoinPool.commonPool-worker-1] INFO  impl.StateMachineUpdater (StateMachineUpdater.java:stopAndJoin(115)) - StateMachineUpdater:edbdd45e-116e-45c7-951f-264ab28d364f:group-CD4A0D27A525: set stopIndex = 0
2019-08-29 11:55:37,979 [ForkJoinPool.commonPool-worker-1] INFO  impl.RaftServerImpl (ServerState.java:close(394)) - edbdd45e-116e-45c7-951f-264ab28d364f:group-CD4A0D27A525 closes. The last applied log index is 0
2019-08-29 11:55:37,979 [edbdd45e-116e-45c7-951f-264ab28d364f-SegmentedRaftLogWorker:Storage Directory /workdir/hadoop-ozone/integration-test/target/test-dir/MiniOzoneClusterImpl-16ce5ac2-d92d-4b29-933b-33d00735e97e/datanode-3/data/ratis/04b5ed36-5121-4525-ae82-cd4a0d27a525] INFO  segmented.SegmentedRaftLogWorker (SegmentedRaftLogWorker.java:run(313)) - edbdd45e-116e-45c7-951f-264ab28d364f-SegmentedRaftLogWorker:Storage Directory /workdir/hadoop-ozone/integration-test/target/test-dir/MiniOzoneClusterImpl-16ce5ac2-d92d-4b29-933b-33d00735e97e/datanode-3/data/ratis/04b5ed36-5121-4525-ae82-cd4a0d27a525 was interrupted, exiting. There are 0 tasks remaining in the queue.
2019-08-29 11:55:37,979 [ForkJoinPool.commonPool-worker-1] INFO  segmented.SegmentedRaftLogWorker (SegmentedRaftLogWorker.java:close(228)) - edbdd45e-116e-45c7-951f-264ab28d364f-SegmentedRaftLogWorker:Storage Directory /workdir/hadoop-ozone/integration-test/target/test-dir/MiniOzoneClusterImpl-16ce5ac2-d92d-4b29-933b-33d00735e97e/datanode-3/data/ratis/04b5ed36-5121-4525-ae82-cd4a0d27a525 close()
2019-08-29 11:55:37,979 [ForkJoinPool.commonPool-worker-1] INFO  server.GrpcService (GrpcService.java:closeImpl(155)) - edbdd45e-116e-45c7-951f-264ab28d364f: shutdown server with port 42495 now
2019-08-29 11:55:37,980 [ForkJoinPool.commonPool-worker-1] INFO  server.GrpcService (GrpcService.java:closeImpl(163)) - edbdd45e-116e-45c7-951f-264ab28d364f: shutdown server with port 42495 successfully
2019-08-29 11:55:37,982 [refreshUsed-/workdir/hadoop-ozone/integration-test/target/test-dir/MiniOzoneClusterImpl-16ce5ac2-d92d-4b29-933b-33d00735e97e/datanode-3/data/containers] WARN  fs.CachingGetSpaceUsed (CachingGetSpaceUsed.java:run(183)) - Thread Interrupted waiting to refresh disk information: sleep interrupted
2019-08-29 11:55:37,982 [grpc-default-executor-3] WARN  server.GrpcLogAppender (LogUtils.java:warn(134)) - 368ac840-1874-400c-9a5e-97ce3a83695d->822b3223-74a0-44c8-ae72-b72e27a17b65: Failed appendEntries: org.apache.ratis.thirdparty.io.grpc.StatusRuntimeException: UNAVAILABLE: io exception
2019-08-29 11:55:37,983 [grpc-default-executor-3] INFO  impl.FollowerInfo (FollowerInfo.java:lambda$new$0(50)) - 368ac840-1874-400c-9a5e-97ce3a83695d->822b3223-74a0-44c8-ae72-b72e27a17b65: nextIndex: updateUnconditionally 0 -> 0
2019-08-29 11:55:37,996 [ForkJoinPool.commonPool-worker-1] INFO  utils.BackgroundService (BackgroundService.java:shutdown(148)) - Shutting down service BlockDeletingService
2019-08-29 11:55:38,001 [ForkJoinPool.commonPool-worker-1] INFO  statemachine.DatanodeStateMachine (DatanodeStateMachine.java:stopDaemon(395)) - Ozone container server stopped.
2019-08-29 11:55:38,005 [ForkJoinPool.commonPool-worker-1] INFO  handler.ContextHandler (ContextHandler.java:doStop(910)) - Stopped o.e.j.w.WebAppContext@41e9f86{/,null,UNAVAILABLE}{/hddsDatanode}
2019-08-29 11:55:38,006 [ForkJoinPool.commonPool-worker-1] INFO  server.AbstractConnector (AbstractConnector.java:doStop(318)) - Stopped ServerConnector@66f5b8fe{HTTP/1.1,[http/1.1]}{0.0.0.0:0}
2019-08-29 11:55:38,010 [ForkJoinPool.commonPool-worker-1] INFO  handler.ContextHandler (ContextHandler.java:doStop(910)) - Stopped o.e.j.s.ServletContextHandler@3af2f846{/static,jar:file:/home/user/.m2/repository/org/apache/hadoop/hadoop-hdds-container-service/0.5.0-SNAPSHOT/hadoop-hdds-container-service-0.5.0-SNAPSHOT.jar!/webapps/static,UNAVAILABLE}
2019-08-29 11:55:38,011 [ForkJoinPool.commonPool-worker-1] INFO  handler.ContextHandler (ContextHandler.java:doStop(910)) - Stopped o.e.j.s.ServletContextHandler@240f350a{/logs,file:///workdir/hadoop-ozone/integration-test/target/log,UNAVAILABLE}
2019-08-29 11:55:38,123 | INFO  | SCMAudit | user=jenkins1000 | ip=192.168.5.171 | op=SEND_HEARTBEAT {datanodeUUID=6997f81c-1ecf-488f-a14c-812b649ddfad, command=[]} | ret=SUCCESS |  
2019-08-29 11:55:38,483 [grpc-default-executor-10] WARN  server.GrpcLogAppender (LogUtils.java:warn(134)) - 368ac840-1874-400c-9a5e-97ce3a83695d->822b3223-74a0-44c8-ae72-b72e27a17b65: Failed appendEntries: org.apache.ratis.thirdparty.io.grpc.StatusRuntimeException: UNAVAILABLE: io exception
2019-08-29 11:55:38,484 [grpc-default-executor-10] INFO  impl.FollowerInfo (FollowerInfo.java:lambda$new$0(50)) - 368ac840-1874-400c-9a5e-97ce3a83695d->822b3223-74a0-44c8-ae72-b72e27a17b65: nextIndex: updateUnconditionally 0 -> 0
2019-08-29 11:55:38,813 [Thread-2902] INFO  impl.FollowerState (FollowerState.java:run(106)) - 6997f81c-1ecf-488f-a14c-812b649ddfad:group-FEC9ABEF0498 changes to CANDIDATE, lastRpcTime:1241, electionTimeout:1062ms
2019-08-29 11:55:38,814 [Thread-2902] INFO  impl.RoleInfo (RoleInfo.java:shutdownFollowerState(121)) - 6997f81c-1ecf-488f-a14c-812b649ddfad: shutdown FollowerState
2019-08-29 11:55:38,814 [Thread-2902] INFO  impl.RaftServerImpl (RaftServerImpl.java:setRole(171)) - 6997f81c-1ecf-488f-a14c-812b649ddfad:group-FEC9ABEF0498 changes role from FOLLOWER to CANDIDATE at term 2 for changeToCandidate
2019-08-29 11:55:38,814 [Thread-2902] INFO  impl.RoleInfo (RoleInfo.java:updateAndGet(143)) - 6997f81c-1ecf-488f-a14c-812b649ddfad: start LeaderElection
2019-08-29 11:55:38,814 [6997f81c-1ecf-488f-a14c-812b649ddfad:group-FEC9ABEF0498:LeaderElection144] INFO  impl.RaftServerImpl (ServerState.java:setLeader(263)) - 6997f81c-1ecf-488f-a14c-812b649ddfad:group-FEC9ABEF0498 change Leader from edbdd45e-116e-45c7-951f-264ab28d364f to null at term 2 for initElection
2019-08-29 11:55:38,829 [6997f81c-1ecf-488f-a14c-812b649ddfad:group-FEC9ABEF0498:LeaderElection144] INFO  impl.LeaderElection (LeaderElection.java:askForVotes(181)) - 6997f81c-1ecf-488f-a14c-812b649ddfad:group-FEC9ABEF0498:LeaderElection144: begin an election at term 3 for 0: [97e3324b-235f-4ceb-956e-993ee2fe234c:192.168.5.171:44511, 6997f81c-1ecf-488f-a14c-812b649ddfad:192.168.5.171:45289, edbdd45e-116e-45c7-951f-264ab28d364f:192.168.5.171:42495], old=null
2019-08-29 11:55:38,831 [6997f81c-1ecf-488f-a14c-812b649ddfad:group-FEC9ABEF0498:LeaderElection144] INFO  impl.LeaderElection (LogUtils.java:infoOrTrace(149)) - 6997f81c-1ecf-488f-a14c-812b649ddfad:group-FEC9ABEF0498:LeaderElection144 got exception when requesting votes: {}
java.util.concurrent.ExecutionException: org.apache.ratis.thirdparty.io.grpc.StatusRuntimeException: UNAVAILABLE: io exception
	at java.util.concurrent.FutureTask.report(FutureTask.java:122)
	at java.util.concurrent.FutureTask.get(FutureTask.java:192)
	at org.apache.ratis.server.impl.LeaderElection.waitForResults(LeaderElection.java:262)
	at org.apache.ratis.server.impl.LeaderElection.askForVotes(LeaderElection.java:200)
	at org.apache.ratis.server.impl.LeaderElection.run(LeaderElection.java:130)
	at java.lang.Thread.run(Thread.java:748)
Caused by: org.apache.ratis.thirdparty.io.grpc.StatusRuntimeException: UNAVAILABLE: io exception
	at org.apache.ratis.thirdparty.io.grpc.stub.ClientCalls.toStatusRuntimeException(ClientCalls.java:233)
	at org.apache.ratis.thirdparty.io.grpc.stub.ClientCalls.getUnchecked(ClientCalls.java:214)
	at org.apache.ratis.thirdparty.io.grpc.stub.ClientCalls.blockingUnaryCall(ClientCalls.java:139)
	at org.apache.ratis.proto.grpc.RaftServerProtocolServiceGrpc$RaftServerProtocolServiceBlockingStub.requestVote(RaftServerProtocolServiceGrpc.java:265)
	at org.apache.ratis.grpc.server.GrpcServerProtocolClient.requestVote(GrpcServerProtocolClient.java:83)
	at org.apache.ratis.grpc.server.GrpcService.requestVote(GrpcService.java:195)
	at org.apache.ratis.server.impl.LeaderElection.lambda$submitRequests$1(LeaderElection.java:237)
	at java.util.concurrent.FutureTask.run(FutureTask.java:266)
	at java.util.concurrent.Executors$RunnableAdapter.call(Executors.java:511)
	at java.util.concurrent.FutureTask.run(FutureTask.java:266)
	at java.util.concurrent.ThreadPoolExecutor.runWorker(ThreadPoolExecutor.java:1149)
	at java.util.concurrent.ThreadPoolExecutor$Worker.run(ThreadPoolExecutor.java:624)
	... 1 more
Caused by: org.apache.ratis.thirdparty.io.netty.channel.AbstractChannel$AnnotatedConnectException: Connection refused: /192.168.5.171:42495
	at sun.nio.ch.SocketChannelImpl.checkConnect(Native Method)
	at sun.nio.ch.SocketChannelImpl.finishConnect(SocketChannelImpl.java:717)
	at org.apache.ratis.thirdparty.io.netty.channel.socket.nio.NioSocketChannel.doFinishConnect(NioSocketChannel.java:327)
	at org.apache.ratis.thirdparty.io.netty.channel.nio.AbstractNioChannel$AbstractNioUnsafe.finishConnect(AbstractNioChannel.java:340)
	at org.apache.ratis.thirdparty.io.netty.channel.nio.NioEventLoop.processSelectedKey(NioEventLoop.java:632)
	at org.apache.ratis.thirdparty.io.netty.channel.nio.NioEventLoop.processSelectedKeysOptimized(NioEventLoop.java:579)
	at org.apache.ratis.thirdparty.io.netty.channel.nio.NioEventLoop.processSelectedKeys(NioEventLoop.java:496)
	at org.apache.ratis.thirdparty.io.netty.channel.nio.NioEventLoop.run(NioEventLoop.java:458)
	at org.apache.ratis.thirdparty.io.netty.util.concurrent.SingleThreadEventExecutor$5.run(SingleThreadEventExecutor.java:897)
	at org.apache.ratis.thirdparty.io.netty.util.concurrent.FastThreadLocalRunnable.run(FastThreadLocalRunnable.java:30)
	... 1 more
Caused by: java.net.ConnectException: Connection refused
	... 11 more
2019-08-29 11:55:38,831 [6997f81c-1ecf-488f-a14c-812b649ddfad:group-FEC9ABEF0498:LeaderElection144] INFO  impl.LeaderElection (LogUtils.java:infoOrTrace(149)) - 6997f81c-1ecf-488f-a14c-812b649ddfad:group-FEC9ABEF0498:LeaderElection144 got exception when requesting votes: {}
java.util.concurrent.ExecutionException: org.apache.ratis.thirdparty.io.grpc.StatusRuntimeException: UNAVAILABLE: io exception
	at java.util.concurrent.FutureTask.report(FutureTask.java:122)
	at java.util.concurrent.FutureTask.get(FutureTask.java:192)
	at org.apache.ratis.server.impl.LeaderElection.waitForResults(LeaderElection.java:262)
	at org.apache.ratis.server.impl.LeaderElection.askForVotes(LeaderElection.java:200)
	at org.apache.ratis.server.impl.LeaderElection.run(LeaderElection.java:130)
	at java.lang.Thread.run(Thread.java:748)
Caused by: org.apache.ratis.thirdparty.io.grpc.StatusRuntimeException: UNAVAILABLE: io exception
	at org.apache.ratis.thirdparty.io.grpc.stub.ClientCalls.toStatusRuntimeException(ClientCalls.java:233)
	at org.apache.ratis.thirdparty.io.grpc.stub.ClientCalls.getUnchecked(ClientCalls.java:214)
	at org.apache.ratis.thirdparty.io.grpc.stub.ClientCalls.blockingUnaryCall(ClientCalls.java:139)
	at org.apache.ratis.proto.grpc.RaftServerProtocolServiceGrpc$RaftServerProtocolServiceBlockingStub.requestVote(RaftServerProtocolServiceGrpc.java:265)
	at org.apache.ratis.grpc.server.GrpcServerProtocolClient.requestVote(GrpcServerProtocolClient.java:83)
	at org.apache.ratis.grpc.server.GrpcService.requestVote(GrpcService.java:195)
	at org.apache.ratis.server.impl.LeaderElection.lambda$submitRequests$1(LeaderElection.java:237)
	at java.util.concurrent.FutureTask.run(FutureTask.java:266)
	at java.util.concurrent.Executors$RunnableAdapter.call(Executors.java:511)
	at java.util.concurrent.FutureTask.run(FutureTask.java:266)
	at java.util.concurrent.ThreadPoolExecutor.runWorker(ThreadPoolExecutor.java:1149)
	at java.util.concurrent.ThreadPoolExecutor$Worker.run(ThreadPoolExecutor.java:624)
	... 1 more
Caused by: org.apache.ratis.thirdparty.io.netty.channel.AbstractChannel$AnnotatedConnectException: Connection refused: /192.168.5.171:44511
	at sun.nio.ch.SocketChannelImpl.checkConnect(Native Method)
	at sun.nio.ch.SocketChannelImpl.finishConnect(SocketChannelImpl.java:717)
	at org.apache.ratis.thirdparty.io.netty.channel.socket.nio.NioSocketChannel.doFinishConnect(NioSocketChannel.java:327)
	at org.apache.ratis.thirdparty.io.netty.channel.nio.AbstractNioChannel$AbstractNioUnsafe.finishConnect(AbstractNioChannel.java:340)
	at org.apache.ratis.thirdparty.io.netty.channel.nio.NioEventLoop.processSelectedKey(NioEventLoop.java:632)
	at org.apache.ratis.thirdparty.io.netty.channel.nio.NioEventLoop.processSelectedKeysOptimized(NioEventLoop.java:579)
	at org.apache.ratis.thirdparty.io.netty.channel.nio.NioEventLoop.processSelectedKeys(NioEventLoop.java:496)
	at org.apache.ratis.thirdparty.io.netty.channel.nio.NioEventLoop.run(NioEventLoop.java:458)
	at org.apache.ratis.thirdparty.io.netty.util.concurrent.SingleThreadEventExecutor$5.run(SingleThreadEventExecutor.java:897)
	at org.apache.ratis.thirdparty.io.netty.util.concurrent.FastThreadLocalRunnable.run(FastThreadLocalRunnable.java:30)
	... 1 more
Caused by: java.net.ConnectException: Connection refused
	... 11 more
2019-08-29 11:55:38,832 [6997f81c-1ecf-488f-a14c-812b649ddfad:group-FEC9ABEF0498:LeaderElection144] INFO  impl.LeaderElection (LeaderElection.java:logAndReturn(56)) - 6997f81c-1ecf-488f-a14c-812b649ddfad:group-FEC9ABEF0498:LeaderElection144: Election REJECTED; received 0 response(s) [] and 2 exception(s); 6997f81c-1ecf-488f-a14c-812b649ddfad:t3, leader=null, voted=6997f81c-1ecf-488f-a14c-812b649ddfad, raftlog=6997f81c-1ecf-488f-a14c-812b649ddfad-SegmentedRaftLog:OPENED:c2,f2,i2, conf=0: [97e3324b-235f-4ceb-956e-993ee2fe234c:192.168.5.171:44511, 6997f81c-1ecf-488f-a14c-812b649ddfad:192.168.5.171:45289, edbdd45e-116e-45c7-951f-264ab28d364f:192.168.5.171:42495], old=null
2019-08-29 11:55:38,832 [6997f81c-1ecf-488f-a14c-812b649ddfad:group-FEC9ABEF0498:LeaderElection144] INFO  impl.LeaderElection (LogUtils.java:infoOrTrace(149)) -   Exception 0: {}
java.util.concurrent.ExecutionException: org.apache.ratis.thirdparty.io.grpc.StatusRuntimeException: UNAVAILABLE: io exception
	at java.util.concurrent.FutureTask.report(FutureTask.java:122)
	at java.util.concurrent.FutureTask.get(FutureTask.java:192)
	at org.apache.ratis.server.impl.LeaderElection.waitForResults(LeaderElection.java:262)
	at org.apache.ratis.server.impl.LeaderElection.askForVotes(LeaderElection.java:200)
	at org.apache.ratis.server.impl.LeaderElection.run(LeaderElection.java:130)
	at java.lang.Thread.run(Thread.java:748)
Caused by: org.apache.ratis.thirdparty.io.grpc.StatusRuntimeException: UNAVAILABLE: io exception
	at org.apache.ratis.thirdparty.io.grpc.stub.ClientCalls.toStatusRuntimeException(ClientCalls.java:233)
	at org.apache.ratis.thirdparty.io.grpc.stub.ClientCalls.getUnchecked(ClientCalls.java:214)
	at org.apache.ratis.thirdparty.io.grpc.stub.ClientCalls.blockingUnaryCall(ClientCalls.java:139)
	at org.apache.ratis.proto.grpc.RaftServerProtocolServiceGrpc$RaftServerProtocolServiceBlockingStub.requestVote(RaftServerProtocolServiceGrpc.java:265)
	at org.apache.ratis.grpc.server.GrpcServerProtocolClient.requestVote(GrpcServerProtocolClient.java:83)
	at org.apache.ratis.grpc.server.GrpcService.requestVote(GrpcService.java:195)
	at org.apache.ratis.server.impl.LeaderElection.lambda$submitRequests$1(LeaderElection.java:237)
	at java.util.concurrent.FutureTask.run(FutureTask.java:266)
	at java.util.concurrent.Executors$RunnableAdapter.call(Executors.java:511)
	at java.util.concurrent.FutureTask.run(FutureTask.java:266)
	at java.util.concurrent.ThreadPoolExecutor.runWorker(ThreadPoolExecutor.java:1149)
	at java.util.concurrent.ThreadPoolExecutor$Worker.run(ThreadPoolExecutor.java:624)
	... 1 more
Caused by: org.apache.ratis.thirdparty.io.netty.channel.AbstractChannel$AnnotatedConnectException: Connection refused: /192.168.5.171:42495
	at sun.nio.ch.SocketChannelImpl.checkConnect(Native Method)
	at sun.nio.ch.SocketChannelImpl.finishConnect(SocketChannelImpl.java:717)
	at org.apache.ratis.thirdparty.io.netty.channel.socket.nio.NioSocketChannel.doFinishConnect(NioSocketChannel.java:327)
	at org.apache.ratis.thirdparty.io.netty.channel.nio.AbstractNioChannel$AbstractNioUnsafe.finishConnect(AbstractNioChannel.java:340)
	at org.apache.ratis.thirdparty.io.netty.channel.nio.NioEventLoop.processSelectedKey(NioEventLoop.java:632)
	at org.apache.ratis.thirdparty.io.netty.channel.nio.NioEventLoop.processSelectedKeysOptimized(NioEventLoop.java:579)
	at org.apache.ratis.thirdparty.io.netty.channel.nio.NioEventLoop.processSelectedKeys(NioEventLoop.java:496)
	at org.apache.ratis.thirdparty.io.netty.channel.nio.NioEventLoop.run(NioEventLoop.java:458)
	at org.apache.ratis.thirdparty.io.netty.util.concurrent.SingleThreadEventExecutor$5.run(SingleThreadEventExecutor.java:897)
	at org.apache.ratis.thirdparty.io.netty.util.concurrent.FastThreadLocalRunnable.run(FastThreadLocalRunnable.java:30)
	... 1 more
Caused by: java.net.ConnectException: Connection refused
	... 11 more
2019-08-29 11:55:38,832 [6997f81c-1ecf-488f-a14c-812b649ddfad:group-FEC9ABEF0498:LeaderElection144] INFO  impl.LeaderElection (LogUtils.java:infoOrTrace(149)) -   Exception 1: {}
java.util.concurrent.ExecutionException: org.apache.ratis.thirdparty.io.grpc.StatusRuntimeException: UNAVAILABLE: io exception
	at java.util.concurrent.FutureTask.report(FutureTask.java:122)
	at java.util.concurrent.FutureTask.get(FutureTask.java:192)
	at org.apache.ratis.server.impl.LeaderElection.waitForResults(LeaderElection.java:262)
	at org.apache.ratis.server.impl.LeaderElection.askForVotes(LeaderElection.java:200)
	at org.apache.ratis.server.impl.LeaderElection.run(LeaderElection.java:130)
	at java.lang.Thread.run(Thread.java:748)
Caused by: org.apache.ratis.thirdparty.io.grpc.StatusRuntimeException: UNAVAILABLE: io exception
	at org.apache.ratis.thirdparty.io.grpc.stub.ClientCalls.toStatusRuntimeException(ClientCalls.java:233)
	at org.apache.ratis.thirdparty.io.grpc.stub.ClientCalls.getUnchecked(ClientCalls.java:214)
	at org.apache.ratis.thirdparty.io.grpc.stub.ClientCalls.blockingUnaryCall(ClientCalls.java:139)
	at org.apache.ratis.proto.grpc.RaftServerProtocolServiceGrpc$RaftServerProtocolServiceBlockingStub.requestVote(RaftServerProtocolServiceGrpc.java:265)
	at org.apache.ratis.grpc.server.GrpcServerProtocolClient.requestVote(GrpcServerProtocolClient.java:83)
	at org.apache.ratis.grpc.server.GrpcService.requestVote(GrpcService.java:195)
	at org.apache.ratis.server.impl.LeaderElection.lambda$submitRequests$1(LeaderElection.java:237)
	at java.util.concurrent.FutureTask.run(FutureTask.java:266)
	at java.util.concurrent.Executors$RunnableAdapter.call(Executors.java:511)
	at java.util.concurrent.FutureTask.run(FutureTask.java:266)
	at java.util.concurrent.ThreadPoolExecutor.runWorker(ThreadPoolExecutor.java:1149)
	at java.util.concurrent.ThreadPoolExecutor$Worker.run(ThreadPoolExecutor.java:624)
	... 1 more
Caused by: org.apache.ratis.thirdparty.io.netty.channel.AbstractChannel$AnnotatedConnectException: Connection refused: /192.168.5.171:44511
	at sun.nio.ch.SocketChannelImpl.checkConnect(Native Method)
	at sun.nio.ch.SocketChannelImpl.finishConnect(SocketChannelImpl.java:717)
	at org.apache.ratis.thirdparty.io.netty.channel.socket.nio.NioSocketChannel.doFinishConnect(NioSocketChannel.java:327)
	at org.apache.ratis.thirdparty.io.netty.channel.nio.AbstractNioChannel$AbstractNioUnsafe.finishConnect(AbstractNioChannel.java:340)
	at org.apache.ratis.thirdparty.io.netty.channel.nio.NioEventLoop.processSelectedKey(NioEventLoop.java:632)
	at org.apache.ratis.thirdparty.io.netty.channel.nio.NioEventLoop.processSelectedKeysOptimized(NioEventLoop.java:579)
	at org.apache.ratis.thirdparty.io.netty.channel.nio.NioEventLoop.processSelectedKeys(NioEventLoop.java:496)
	at org.apache.ratis.thirdparty.io.netty.channel.nio.NioEventLoop.run(NioEventLoop.java:458)
	at org.apache.ratis.thirdparty.io.netty.util.concurrent.SingleThreadEventExecutor$5.run(SingleThreadEventExecutor.java:897)
	at org.apache.ratis.thirdparty.io.netty.util.concurrent.FastThreadLocalRunnable.run(FastThreadLocalRunnable.java:30)
	... 1 more
Caused by: java.net.ConnectException: Connection refused
	... 11 more
2019-08-29 11:55:38,832 [6997f81c-1ecf-488f-a14c-812b649ddfad:group-FEC9ABEF0498:LeaderElection144] INFO  impl.RaftServerImpl (RaftServerImpl.java:setRole(171)) - 6997f81c-1ecf-488f-a14c-812b649ddfad:group-FEC9ABEF0498 changes role from CANDIDATE to FOLLOWER at term 3 for DISCOVERED_A_NEW_TERM
2019-08-29 11:55:38,832 [6997f81c-1ecf-488f-a14c-812b649ddfad:group-FEC9ABEF0498:LeaderElection144] INFO  impl.RoleInfo (RoleInfo.java:shutdownLeaderElection(134)) - 6997f81c-1ecf-488f-a14c-812b649ddfad: shutdown LeaderElection
2019-08-29 11:55:38,832 [6997f81c-1ecf-488f-a14c-812b649ddfad:group-FEC9ABEF0498:LeaderElection144] INFO  impl.RoleInfo (RoleInfo.java:updateAndGet(143)) - 6997f81c-1ecf-488f-a14c-812b649ddfad: start FollowerState
2019-08-29 11:55:38,928 [Datanode State Machine Thread - 0] INFO  statemachine.DatanodeStateMachine (DatanodeStateMachine.java:lambda$startDaemon$0(350)) - Ozone container server started.
2019-08-29 11:55:38,929 | INFO  | SCMAudit | user=jenkins1000 | ip=192.168.5.171 | op=SEND_HEARTBEAT {datanodeUUID=368ac840-1874-400c-9a5e-97ce3a83695d, command=[]} | ret=SUCCESS |  
2019-08-29 11:55:38,984 [grpc-default-executor-4] WARN  server.GrpcLogAppender (LogUtils.java:warn(134)) - 368ac840-1874-400c-9a5e-97ce3a83695d->822b3223-74a0-44c8-ae72-b72e27a17b65: Failed appendEntries: org.apache.ratis.thirdparty.io.grpc.StatusRuntimeException: UNAVAILABLE: io exception
2019-08-29 11:55:38,984 [grpc-default-executor-4] INFO  impl.FollowerInfo (FollowerInfo.java:lambda$new$0(50)) - 368ac840-1874-400c-9a5e-97ce3a83695d->822b3223-74a0-44c8-ae72-b72e27a17b65: nextIndex: updateUnconditionally 0 -> 0
2019-08-29 11:55:39,123 | INFO  | SCMAudit | user=jenkins1000 | ip=192.168.5.171 | op=SEND_HEARTBEAT {datanodeUUID=6997f81c-1ecf-488f-a14c-812b649ddfad, command=[]} | ret=SUCCESS |  
2019-08-29 11:55:39,485 [grpc-default-executor-4] WARN  server.GrpcLogAppender (LogUtils.java:warn(134)) - 368ac840-1874-400c-9a5e-97ce3a83695d->822b3223-74a0-44c8-ae72-b72e27a17b65: Failed appendEntries: org.apache.ratis.thirdparty.io.grpc.StatusRuntimeException: UNAVAILABLE: io exception
2019-08-29 11:55:39,485 [grpc-default-executor-4] INFO  impl.FollowerInfo (FollowerInfo.java:lambda$new$0(50)) - 368ac840-1874-400c-9a5e-97ce3a83695d->822b3223-74a0-44c8-ae72-b72e27a17b65: nextIndex: updateUnconditionally 0 -> 0
2019-08-29 11:55:39,848 [Thread-3539] INFO  impl.FollowerState (FollowerState.java:run(106)) - 6997f81c-1ecf-488f-a14c-812b649ddfad:group-FEC9ABEF0498 changes to CANDIDATE, lastRpcTime:1015, electionTimeout:1015ms
2019-08-29 11:55:39,848 [Thread-3539] INFO  impl.RoleInfo (RoleInfo.java:shutdownFollowerState(121)) - 6997f81c-1ecf-488f-a14c-812b649ddfad: shutdown FollowerState
2019-08-29 11:55:39,848 [Thread-3539] INFO  impl.RaftServerImpl (RaftServerImpl.java:setRole(171)) - 6997f81c-1ecf-488f-a14c-812b649ddfad:group-FEC9ABEF0498 changes role from FOLLOWER to CANDIDATE at term 3 for changeToCandidate
2019-08-29 11:55:39,848 [Thread-3539] INFO  impl.RoleInfo (RoleInfo.java:updateAndGet(143)) - 6997f81c-1ecf-488f-a14c-812b649ddfad: start LeaderElection
2019-08-29 11:55:39,863 [6997f81c-1ecf-488f-a14c-812b649ddfad:group-FEC9ABEF0498:LeaderElection145] INFO  impl.LeaderElection (LeaderElection.java:askForVotes(181)) - 6997f81c-1ecf-488f-a14c-812b649ddfad:group-FEC9ABEF0498:LeaderElection145: begin an election at term 4 for 0: [97e3324b-235f-4ceb-956e-993ee2fe234c:192.168.5.171:44511, 6997f81c-1ecf-488f-a14c-812b649ddfad:192.168.5.171:45289, edbdd45e-116e-45c7-951f-264ab28d364f:192.168.5.171:42495], old=null
2019-08-29 11:55:39,865 [6997f81c-1ecf-488f-a14c-812b649ddfad:group-FEC9ABEF0498:LeaderElection145] INFO  impl.LeaderElection (LogUtils.java:infoOrTrace(149)) - 6997f81c-1ecf-488f-a14c-812b649ddfad:group-FEC9ABEF0498:LeaderElection145 got exception when requesting votes: {}
java.util.concurrent.ExecutionException: org.apache.ratis.thirdparty.io.grpc.StatusRuntimeException: UNAVAILABLE: io exception
	at java.util.concurrent.FutureTask.report(FutureTask.java:122)
	at java.util.concurrent.FutureTask.get(FutureTask.java:192)
	at org.apache.ratis.server.impl.LeaderElection.waitForResults(LeaderElection.java:262)
	at org.apache.ratis.server.impl.LeaderElection.askForVotes(LeaderElection.java:200)
	at org.apache.ratis.server.impl.LeaderElection.run(LeaderElection.java:130)
	at java.lang.Thread.run(Thread.java:748)
Caused by: org.apache.ratis.thirdparty.io.grpc.StatusRuntimeException: UNAVAILABLE: io exception
	at org.apache.ratis.thirdparty.io.grpc.stub.ClientCalls.toStatusRuntimeException(ClientCalls.java:233)
	at org.apache.ratis.thirdparty.io.grpc.stub.ClientCalls.getUnchecked(ClientCalls.java:214)
	at org.apache.ratis.thirdparty.io.grpc.stub.ClientCalls.blockingUnaryCall(ClientCalls.java:139)
	at org.apache.ratis.proto.grpc.RaftServerProtocolServiceGrpc$RaftServerProtocolServiceBlockingStub.requestVote(RaftServerProtocolServiceGrpc.java:265)
	at org.apache.ratis.grpc.server.GrpcServerProtocolClient.requestVote(GrpcServerProtocolClient.java:83)
	at org.apache.ratis.grpc.server.GrpcService.requestVote(GrpcService.java:195)
	at org.apache.ratis.server.impl.LeaderElection.lambda$submitRequests$1(LeaderElection.java:237)
	at java.util.concurrent.FutureTask.run(FutureTask.java:266)
	at java.util.concurrent.Executors$RunnableAdapter.call(Executors.java:511)
	at java.util.concurrent.FutureTask.run(FutureTask.java:266)
	at java.util.concurrent.ThreadPoolExecutor.runWorker(ThreadPoolExecutor.java:1149)
	at java.util.concurrent.ThreadPoolExecutor$Worker.run(ThreadPoolExecutor.java:624)
	... 1 more
Caused by: org.apache.ratis.thirdparty.io.netty.channel.AbstractChannel$AnnotatedConnectException: Connection refused: /192.168.5.171:44511
	at sun.nio.ch.SocketChannelImpl.checkConnect(Native Method)
	at sun.nio.ch.SocketChannelImpl.finishConnect(SocketChannelImpl.java:717)
	at org.apache.ratis.thirdparty.io.netty.channel.socket.nio.NioSocketChannel.doFinishConnect(NioSocketChannel.java:327)
	at org.apache.ratis.thirdparty.io.netty.channel.nio.AbstractNioChannel$AbstractNioUnsafe.finishConnect(AbstractNioChannel.java:340)
	at org.apache.ratis.thirdparty.io.netty.channel.nio.NioEventLoop.processSelectedKey(NioEventLoop.java:632)
	at org.apache.ratis.thirdparty.io.netty.channel.nio.NioEventLoop.processSelectedKeysOptimized(NioEventLoop.java:579)
	at org.apache.ratis.thirdparty.io.netty.channel.nio.NioEventLoop.processSelectedKeys(NioEventLoop.java:496)
	at org.apache.ratis.thirdparty.io.netty.channel.nio.NioEventLoop.run(NioEventLoop.java:458)
	at org.apache.ratis.thirdparty.io.netty.util.concurrent.SingleThreadEventExecutor$5.run(SingleThreadEventExecutor.java:897)
	at org.apache.ratis.thirdparty.io.netty.util.concurrent.FastThreadLocalRunnable.run(FastThreadLocalRunnable.java:30)
	... 1 more
Caused by: java.net.ConnectException: Connection refused
	... 11 more
2019-08-29 11:55:39,865 [6997f81c-1ecf-488f-a14c-812b649ddfad:group-FEC9ABEF0498:LeaderElection145] INFO  impl.LeaderElection (LogUtils.java:infoOrTrace(149)) - 6997f81c-1ecf-488f-a14c-812b649ddfad:group-FEC9ABEF0498:LeaderElection145 got exception when requesting votes: {}
java.util.concurrent.ExecutionException: org.apache.ratis.thirdparty.io.grpc.StatusRuntimeException: UNAVAILABLE: io exception
	at java.util.concurrent.FutureTask.report(FutureTask.java:122)
	at java.util.concurrent.FutureTask.get(FutureTask.java:192)
	at org.apache.ratis.server.impl.LeaderElection.waitForResults(LeaderElection.java:262)
	at org.apache.ratis.server.impl.LeaderElection.askForVotes(LeaderElection.java:200)
	at org.apache.ratis.server.impl.LeaderElection.run(LeaderElection.java:130)
	at java.lang.Thread.run(Thread.java:748)
Caused by: org.apache.ratis.thirdparty.io.grpc.StatusRuntimeException: UNAVAILABLE: io exception
	at org.apache.ratis.thirdparty.io.grpc.stub.ClientCalls.toStatusRuntimeException(ClientCalls.java:233)
	at org.apache.ratis.thirdparty.io.grpc.stub.ClientCalls.getUnchecked(ClientCalls.java:214)
	at org.apache.ratis.thirdparty.io.grpc.stub.ClientCalls.blockingUnaryCall(ClientCalls.java:139)
	at org.apache.ratis.proto.grpc.RaftServerProtocolServiceGrpc$RaftServerProtocolServiceBlockingStub.requestVote(RaftServerProtocolServiceGrpc.java:265)
	at org.apache.ratis.grpc.server.GrpcServerProtocolClient.requestVote(GrpcServerProtocolClient.java:83)
	at org.apache.ratis.grpc.server.GrpcService.requestVote(GrpcService.java:195)
	at org.apache.ratis.server.impl.LeaderElection.lambda$submitRequests$1(LeaderElection.java:237)
	at java.util.concurrent.FutureTask.run(FutureTask.java:266)
	at java.util.concurrent.Executors$RunnableAdapter.call(Executors.java:511)
	at java.util.concurrent.FutureTask.run(FutureTask.java:266)
	at java.util.concurrent.ThreadPoolExecutor.runWorker(ThreadPoolExecutor.java:1149)
	at java.util.concurrent.ThreadPoolExecutor$Worker.run(ThreadPoolExecutor.java:624)
	... 1 more
Caused by: org.apache.ratis.thirdparty.io.netty.channel.AbstractChannel$AnnotatedConnectException: Connection refused: /192.168.5.171:42495
	at sun.nio.ch.SocketChannelImpl.checkConnect(Native Method)
	at sun.nio.ch.SocketChannelImpl.finishConnect(SocketChannelImpl.java:717)
	at org.apache.ratis.thirdparty.io.netty.channel.socket.nio.NioSocketChannel.doFinishConnect(NioSocketChannel.java:327)
	at org.apache.ratis.thirdparty.io.netty.channel.nio.AbstractNioChannel$AbstractNioUnsafe.finishConnect(AbstractNioChannel.java:340)
	at org.apache.ratis.thirdparty.io.netty.channel.nio.NioEventLoop.processSelectedKey(NioEventLoop.java:632)
	at org.apache.ratis.thirdparty.io.netty.channel.nio.NioEventLoop.processSelectedKeysOptimized(NioEventLoop.java:579)
	at org.apache.ratis.thirdparty.io.netty.channel.nio.NioEventLoop.processSelectedKeys(NioEventLoop.java:496)
	at org.apache.ratis.thirdparty.io.netty.channel.nio.NioEventLoop.run(NioEventLoop.java:458)
	at org.apache.ratis.thirdparty.io.netty.util.concurrent.SingleThreadEventExecutor$5.run(SingleThreadEventExecutor.java:897)
	at org.apache.ratis.thirdparty.io.netty.util.concurrent.FastThreadLocalRunnable.run(FastThreadLocalRunnable.java:30)
	... 1 more
Caused by: java.net.ConnectException: Connection refused
	... 11 more
2019-08-29 11:55:39,866 [6997f81c-1ecf-488f-a14c-812b649ddfad:group-FEC9ABEF0498:LeaderElection145] INFO  impl.LeaderElection (LeaderElection.java:logAndReturn(56)) - 6997f81c-1ecf-488f-a14c-812b649ddfad:group-FEC9ABEF0498:LeaderElection145: Election REJECTED; received 0 response(s) [] and 2 exception(s); 6997f81c-1ecf-488f-a14c-812b649ddfad:t4, leader=null, voted=6997f81c-1ecf-488f-a14c-812b649ddfad, raftlog=6997f81c-1ecf-488f-a14c-812b649ddfad-SegmentedRaftLog:OPENED:c2,f2,i2, conf=0: [97e3324b-235f-4ceb-956e-993ee2fe234c:192.168.5.171:44511, 6997f81c-1ecf-488f-a14c-812b649ddfad:192.168.5.171:45289, edbdd45e-116e-45c7-951f-264ab28d364f:192.168.5.171:42495], old=null
2019-08-29 11:55:39,866 [6997f81c-1ecf-488f-a14c-812b649ddfad:group-FEC9ABEF0498:LeaderElection145] INFO  impl.LeaderElection (LogUtils.java:infoOrTrace(149)) -   Exception 0: {}
java.util.concurrent.ExecutionException: org.apache.ratis.thirdparty.io.grpc.StatusRuntimeException: UNAVAILABLE: io exception
	at java.util.concurrent.FutureTask.report(FutureTask.java:122)
	at java.util.concurrent.FutureTask.get(FutureTask.java:192)
	at org.apache.ratis.server.impl.LeaderElection.waitForResults(LeaderElection.java:262)
	at org.apache.ratis.server.impl.LeaderElection.askForVotes(LeaderElection.java:200)
	at org.apache.ratis.server.impl.LeaderElection.run(LeaderElection.java:130)
	at java.lang.Thread.run(Thread.java:748)
Caused by: org.apache.ratis.thirdparty.io.grpc.StatusRuntimeException: UNAVAILABLE: io exception
	at org.apache.ratis.thirdparty.io.grpc.stub.ClientCalls.toStatusRuntimeException(ClientCalls.java:233)
	at org.apache.ratis.thirdparty.io.grpc.stub.ClientCalls.getUnchecked(ClientCalls.java:214)
	at org.apache.ratis.thirdparty.io.grpc.stub.ClientCalls.blockingUnaryCall(ClientCalls.java:139)
	at org.apache.ratis.proto.grpc.RaftServerProtocolServiceGrpc$RaftServerProtocolServiceBlockingStub.requestVote(RaftServerProtocolServiceGrpc.java:265)
	at org.apache.ratis.grpc.server.GrpcServerProtocolClient.requestVote(GrpcServerProtocolClient.java:83)
	at org.apache.ratis.grpc.server.GrpcService.requestVote(GrpcService.java:195)
	at org.apache.ratis.server.impl.LeaderElection.lambda$submitRequests$1(LeaderElection.java:237)
	at java.util.concurrent.FutureTask.run(FutureTask.java:266)
	at java.util.concurrent.Executors$RunnableAdapter.call(Executors.java:511)
	at java.util.concurrent.FutureTask.run(FutureTask.java:266)
	at java.util.concurrent.ThreadPoolExecutor.runWorker(ThreadPoolExecutor.java:1149)
	at java.util.concurrent.ThreadPoolExecutor$Worker.run(ThreadPoolExecutor.java:624)
	... 1 more
Caused by: org.apache.ratis.thirdparty.io.netty.channel.AbstractChannel$AnnotatedConnectException: Connection refused: /192.168.5.171:44511
	at sun.nio.ch.SocketChannelImpl.checkConnect(Native Method)
	at sun.nio.ch.SocketChannelImpl.finishConnect(SocketChannelImpl.java:717)
	at org.apache.ratis.thirdparty.io.netty.channel.socket.nio.NioSocketChannel.doFinishConnect(NioSocketChannel.java:327)
	at org.apache.ratis.thirdparty.io.netty.channel.nio.AbstractNioChannel$AbstractNioUnsafe.finishConnect(AbstractNioChannel.java:340)
	at org.apache.ratis.thirdparty.io.netty.channel.nio.NioEventLoop.processSelectedKey(NioEventLoop.java:632)
	at org.apache.ratis.thirdparty.io.netty.channel.nio.NioEventLoop.processSelectedKeysOptimized(NioEventLoop.java:579)
	at org.apache.ratis.thirdparty.io.netty.channel.nio.NioEventLoop.processSelectedKeys(NioEventLoop.java:496)
	at org.apache.ratis.thirdparty.io.netty.channel.nio.NioEventLoop.run(NioEventLoop.java:458)
	at org.apache.ratis.thirdparty.io.netty.util.concurrent.SingleThreadEventExecutor$5.run(SingleThreadEventExecutor.java:897)
	at org.apache.ratis.thirdparty.io.netty.util.concurrent.FastThreadLocalRunnable.run(FastThreadLocalRunnable.java:30)
	... 1 more
Caused by: java.net.ConnectException: Connection refused
	... 11 more
2019-08-29 11:55:39,866 [6997f81c-1ecf-488f-a14c-812b649ddfad:group-FEC9ABEF0498:LeaderElection145] INFO  impl.LeaderElection (LogUtils.java:infoOrTrace(149)) -   Exception 1: {}
java.util.concurrent.ExecutionException: org.apache.ratis.thirdparty.io.grpc.StatusRuntimeException: UNAVAILABLE: io exception
	at java.util.concurrent.FutureTask.report(FutureTask.java:122)
	at java.util.concurrent.FutureTask.get(FutureTask.java:192)
	at org.apache.ratis.server.impl.LeaderElection.waitForResults(LeaderElection.java:262)
	at org.apache.ratis.server.impl.LeaderElection.askForVotes(LeaderElection.java:200)
	at org.apache.ratis.server.impl.LeaderElection.run(LeaderElection.java:130)
	at java.lang.Thread.run(Thread.java:748)
Caused by: org.apache.ratis.thirdparty.io.grpc.StatusRuntimeException: UNAVAILABLE: io exception
	at org.apache.ratis.thirdparty.io.grpc.stub.ClientCalls.toStatusRuntimeException(ClientCalls.java:233)
	at org.apache.ratis.thirdparty.io.grpc.stub.ClientCalls.getUnchecked(ClientCalls.java:214)
	at org.apache.ratis.thirdparty.io.grpc.stub.ClientCalls.blockingUnaryCall(ClientCalls.java:139)
	at org.apache.ratis.proto.grpc.RaftServerProtocolServiceGrpc$RaftServerProtocolServiceBlockingStub.requestVote(RaftServerProtocolServiceGrpc.java:265)
	at org.apache.ratis.grpc.server.GrpcServerProtocolClient.requestVote(GrpcServerProtocolClient.java:83)
	at org.apache.ratis.grpc.server.GrpcService.requestVote(GrpcService.java:195)
	at org.apache.ratis.server.impl.LeaderElection.lambda$submitRequests$1(LeaderElection.java:237)
	at java.util.concurrent.FutureTask.run(FutureTask.java:266)
	at java.util.concurrent.Executors$RunnableAdapter.call(Executors.java:511)
	at java.util.concurrent.FutureTask.run(FutureTask.java:266)
	at java.util.concurrent.ThreadPoolExecutor.runWorker(ThreadPoolExecutor.java:1149)
	at java.util.concurrent.ThreadPoolExecutor$Worker.run(ThreadPoolExecutor.java:624)
	... 1 more
Caused by: org.apache.ratis.thirdparty.io.netty.channel.AbstractChannel$AnnotatedConnectException: Connection refused: /192.168.5.171:42495
	at sun.nio.ch.SocketChannelImpl.checkConnect(Native Method)
	at sun.nio.ch.SocketChannelImpl.finishConnect(SocketChannelImpl.java:717)
	at org.apache.ratis.thirdparty.io.netty.channel.socket.nio.NioSocketChannel.doFinishConnect(NioSocketChannel.java:327)
	at org.apache.ratis.thirdparty.io.netty.channel.nio.AbstractNioChannel$AbstractNioUnsafe.finishConnect(AbstractNioChannel.java:340)
	at org.apache.ratis.thirdparty.io.netty.channel.nio.NioEventLoop.processSelectedKey(NioEventLoop.java:632)
	at org.apache.ratis.thirdparty.io.netty.channel.nio.NioEventLoop.processSelectedKeysOptimized(NioEventLoop.java:579)
	at org.apache.ratis.thirdparty.io.netty.channel.nio.NioEventLoop.processSelectedKeys(NioEventLoop.java:496)
	at org.apache.ratis.thirdparty.io.netty.channel.nio.NioEventLoop.run(NioEventLoop.java:458)
	at org.apache.ratis.thirdparty.io.netty.util.concurrent.SingleThreadEventExecutor$5.run(SingleThreadEventExecutor.java:897)
	at org.apache.ratis.thirdparty.io.netty.util.concurrent.FastThreadLocalRunnable.run(FastThreadLocalRunnable.java:30)
	... 1 more
Caused by: java.net.ConnectException: Connection refused
	... 11 more
2019-08-29 11:55:39,867 [6997f81c-1ecf-488f-a14c-812b649ddfad:group-FEC9ABEF0498:LeaderElection145] INFO  impl.RaftServerImpl (RaftServerImpl.java:setRole(171)) - 6997f81c-1ecf-488f-a14c-812b649ddfad:group-FEC9ABEF0498 changes role from CANDIDATE to FOLLOWER at term 4 for DISCOVERED_A_NEW_TERM
2019-08-29 11:55:39,867 [6997f81c-1ecf-488f-a14c-812b649ddfad:group-FEC9ABEF0498:LeaderElection145] INFO  impl.RoleInfo (RoleInfo.java:shutdownLeaderElection(134)) - 6997f81c-1ecf-488f-a14c-812b649ddfad: shutdown LeaderElection
2019-08-29 11:55:39,867 [6997f81c-1ecf-488f-a14c-812b649ddfad:group-FEC9ABEF0498:LeaderElection145] INFO  impl.RoleInfo (RoleInfo.java:updateAndGet(143)) - 6997f81c-1ecf-488f-a14c-812b649ddfad: start FollowerState
2019-08-29 11:55:39,929 | INFO  | SCMAudit | user=jenkins1000 | ip=192.168.5.171 | op=SEND_HEARTBEAT {datanodeUUID=368ac840-1874-400c-9a5e-97ce3a83695d, command=[]} | ret=SUCCESS |  
2019-08-29 11:55:39,987 [grpc-default-executor-10] WARN  server.GrpcLogAppender (LogUtils.java:warn(134)) - 368ac840-1874-400c-9a5e-97ce3a83695d->822b3223-74a0-44c8-ae72-b72e27a17b65: Failed appendEntries: org.apache.ratis.thirdparty.io.grpc.StatusRuntimeException: UNAVAILABLE: io exception
2019-08-29 11:55:39,987 [grpc-default-executor-10] INFO  impl.FollowerInfo (FollowerInfo.java:lambda$new$0(50)) - 368ac840-1874-400c-9a5e-97ce3a83695d->822b3223-74a0-44c8-ae72-b72e27a17b65: nextIndex: updateUnconditionally 0 -> 0
2019-08-29 11:55:40,123 | INFO  | SCMAudit | user=jenkins1000 | ip=192.168.5.171 | op=SEND_HEARTBEAT {datanodeUUID=6997f81c-1ecf-488f-a14c-812b649ddfad, command=[]} | ret=SUCCESS |  
2019-08-29 11:55:40,487 [grpc-default-executor-10] WARN  server.GrpcLogAppender (LogUtils.java:warn(134)) - 368ac840-1874-400c-9a5e-97ce3a83695d->822b3223-74a0-44c8-ae72-b72e27a17b65: Failed appendEntries: org.apache.ratis.thirdparty.io.grpc.StatusRuntimeException: UNAVAILABLE: io exception
2019-08-29 11:55:40,488 [grpc-default-executor-10] INFO  impl.FollowerInfo (FollowerInfo.java:lambda$new$0(50)) - 368ac840-1874-400c-9a5e-97ce3a83695d->822b3223-74a0-44c8-ae72-b72e27a17b65: nextIndex: updateUnconditionally 0 -> 0
2019-08-29 11:55:40,929 | INFO  | SCMAudit | user=jenkins1000 | ip=192.168.5.171 | op=SEND_HEARTBEAT {datanodeUUID=368ac840-1874-400c-9a5e-97ce3a83695d, command=[]} | ret=SUCCESS |  
2019-08-29 11:55:40,987 [grpc-default-executor-10] WARN  server.GrpcLogAppender (LogUtils.java:warn(134)) - 368ac840-1874-400c-9a5e-97ce3a83695d->822b3223-74a0-44c8-ae72-b72e27a17b65: Failed appendEntries: org.apache.ratis.thirdparty.io.grpc.StatusRuntimeException: UNAVAILABLE: io exception
2019-08-29 11:55:40,988 [grpc-default-executor-10] INFO  impl.FollowerInfo (FollowerInfo.java:lambda$new$0(50)) - 368ac840-1874-400c-9a5e-97ce3a83695d->822b3223-74a0-44c8-ae72-b72e27a17b65: nextIndex: updateUnconditionally 0 -> 0
2019-08-29 11:55:41,062 [Thread-3545] INFO  impl.FollowerState (FollowerState.java:run(106)) - 6997f81c-1ecf-488f-a14c-812b649ddfad:group-FEC9ABEF0498 changes to CANDIDATE, lastRpcTime:1194, electionTimeout:1194ms
2019-08-29 11:55:41,062 [Thread-3545] INFO  impl.RoleInfo (RoleInfo.java:shutdownFollowerState(121)) - 6997f81c-1ecf-488f-a14c-812b649ddfad: shutdown FollowerState
2019-08-29 11:55:41,062 [Thread-3545] INFO  impl.RaftServerImpl (RaftServerImpl.java:setRole(171)) - 6997f81c-1ecf-488f-a14c-812b649ddfad:group-FEC9ABEF0498 changes role from FOLLOWER to CANDIDATE at term 4 for changeToCandidate
2019-08-29 11:55:41,062 [Thread-3545] INFO  impl.RoleInfo (RoleInfo.java:updateAndGet(143)) - 6997f81c-1ecf-488f-a14c-812b649ddfad: start LeaderElection
2019-08-29 11:55:41,078 [6997f81c-1ecf-488f-a14c-812b649ddfad:group-FEC9ABEF0498:LeaderElection146] INFO  impl.LeaderElection (LeaderElection.java:askForVotes(181)) - 6997f81c-1ecf-488f-a14c-812b649ddfad:group-FEC9ABEF0498:LeaderElection146: begin an election at term 5 for 0: [97e3324b-235f-4ceb-956e-993ee2fe234c:192.168.5.171:44511, 6997f81c-1ecf-488f-a14c-812b649ddfad:192.168.5.171:45289, edbdd45e-116e-45c7-951f-264ab28d364f:192.168.5.171:42495], old=null
2019-08-29 11:55:41,079 [6997f81c-1ecf-488f-a14c-812b649ddfad:group-FEC9ABEF0498:LeaderElection146] INFO  impl.LeaderElection (LogUtils.java:infoOrTrace(149)) - 6997f81c-1ecf-488f-a14c-812b649ddfad:group-FEC9ABEF0498:LeaderElection146 got exception when requesting votes: {}
java.util.concurrent.ExecutionException: org.apache.ratis.thirdparty.io.grpc.StatusRuntimeException: UNAVAILABLE: io exception
	at java.util.concurrent.FutureTask.report(FutureTask.java:122)
	at java.util.concurrent.FutureTask.get(FutureTask.java:192)
	at org.apache.ratis.server.impl.LeaderElection.waitForResults(LeaderElection.java:262)
	at org.apache.ratis.server.impl.LeaderElection.askForVotes(LeaderElection.java:200)
	at org.apache.ratis.server.impl.LeaderElection.run(LeaderElection.java:130)
	at java.lang.Thread.run(Thread.java:748)
Caused by: org.apache.ratis.thirdparty.io.grpc.StatusRuntimeException: UNAVAILABLE: io exception
	at org.apache.ratis.thirdparty.io.grpc.stub.ClientCalls.toStatusRuntimeException(ClientCalls.java:233)
	at org.apache.ratis.thirdparty.io.grpc.stub.ClientCalls.getUnchecked(ClientCalls.java:214)
	at org.apache.ratis.thirdparty.io.grpc.stub.ClientCalls.blockingUnaryCall(ClientCalls.java:139)
	at org.apache.ratis.proto.grpc.RaftServerProtocolServiceGrpc$RaftServerProtocolServiceBlockingStub.requestVote(RaftServerProtocolServiceGrpc.java:265)
	at org.apache.ratis.grpc.server.GrpcServerProtocolClient.requestVote(GrpcServerProtocolClient.java:83)
	at org.apache.ratis.grpc.server.GrpcService.requestVote(GrpcService.java:195)
	at org.apache.ratis.server.impl.LeaderElection.lambda$submitRequests$1(LeaderElection.java:237)
	at java.util.concurrent.FutureTask.run(FutureTask.java:266)
	at java.util.concurrent.Executors$RunnableAdapter.call(Executors.java:511)
	at java.util.concurrent.FutureTask.run(FutureTask.java:266)
	at java.util.concurrent.ThreadPoolExecutor.runWorker(ThreadPoolExecutor.java:1149)
	at java.util.concurrent.ThreadPoolExecutor$Worker.run(ThreadPoolExecutor.java:624)
	... 1 more
Caused by: org.apache.ratis.thirdparty.io.netty.channel.AbstractChannel$AnnotatedConnectException: Connection refused: /192.168.5.171:44511
	at sun.nio.ch.SocketChannelImpl.checkConnect(Native Method)
	at sun.nio.ch.SocketChannelImpl.finishConnect(SocketChannelImpl.java:717)
	at org.apache.ratis.thirdparty.io.netty.channel.socket.nio.NioSocketChannel.doFinishConnect(NioSocketChannel.java:327)
	at org.apache.ratis.thirdparty.io.netty.channel.nio.AbstractNioChannel$AbstractNioUnsafe.finishConnect(AbstractNioChannel.java:340)
	at org.apache.ratis.thirdparty.io.netty.channel.nio.NioEventLoop.processSelectedKey(NioEventLoop.java:632)
	at org.apache.ratis.thirdparty.io.netty.channel.nio.NioEventLoop.processSelectedKeysOptimized(NioEventLoop.java:579)
	at org.apache.ratis.thirdparty.io.netty.channel.nio.NioEventLoop.processSelectedKeys(NioEventLoop.java:496)
	at org.apache.ratis.thirdparty.io.netty.channel.nio.NioEventLoop.run(NioEventLoop.java:458)
	at org.apache.ratis.thirdparty.io.netty.util.concurrent.SingleThreadEventExecutor$5.run(SingleThreadEventExecutor.java:897)
	at org.apache.ratis.thirdparty.io.netty.util.concurrent.FastThreadLocalRunnable.run(FastThreadLocalRunnable.java:30)
	... 1 more
Caused by: java.net.ConnectException: Connection refused
	... 11 more
2019-08-29 11:55:41,079 [6997f81c-1ecf-488f-a14c-812b649ddfad:group-FEC9ABEF0498:LeaderElection146] INFO  impl.LeaderElection (LogUtils.java:infoOrTrace(149)) - 6997f81c-1ecf-488f-a14c-812b649ddfad:group-FEC9ABEF0498:LeaderElection146 got exception when requesting votes: {}
java.util.concurrent.ExecutionException: org.apache.ratis.thirdparty.io.grpc.StatusRuntimeException: UNAVAILABLE: io exception
	at java.util.concurrent.FutureTask.report(FutureTask.java:122)
	at java.util.concurrent.FutureTask.get(FutureTask.java:192)
	at org.apache.ratis.server.impl.LeaderElection.waitForResults(LeaderElection.java:262)
	at org.apache.ratis.server.impl.LeaderElection.askForVotes(LeaderElection.java:200)
	at org.apache.ratis.server.impl.LeaderElection.run(LeaderElection.java:130)
	at java.lang.Thread.run(Thread.java:748)
Caused by: org.apache.ratis.thirdparty.io.grpc.StatusRuntimeException: UNAVAILABLE: io exception
	at org.apache.ratis.thirdparty.io.grpc.stub.ClientCalls.toStatusRuntimeException(ClientCalls.java:233)
	at org.apache.ratis.thirdparty.io.grpc.stub.ClientCalls.getUnchecked(ClientCalls.java:214)
	at org.apache.ratis.thirdparty.io.grpc.stub.ClientCalls.blockingUnaryCall(ClientCalls.java:139)
	at org.apache.ratis.proto.grpc.RaftServerProtocolServiceGrpc$RaftServerProtocolServiceBlockingStub.requestVote(RaftServerProtocolServiceGrpc.java:265)
	at org.apache.ratis.grpc.server.GrpcServerProtocolClient.requestVote(GrpcServerProtocolClient.java:83)
	at org.apache.ratis.grpc.server.GrpcService.requestVote(GrpcService.java:195)
	at org.apache.ratis.server.impl.LeaderElection.lambda$submitRequests$1(LeaderElection.java:237)
	at java.util.concurrent.FutureTask.run(FutureTask.java:266)
	at java.util.concurrent.Executors$RunnableAdapter.call(Executors.java:511)
	at java.util.concurrent.FutureTask.run(FutureTask.java:266)
	at java.util.concurrent.ThreadPoolExecutor.runWorker(ThreadPoolExecutor.java:1149)
	at java.util.concurrent.ThreadPoolExecutor$Worker.run(ThreadPoolExecutor.java:624)
	... 1 more
Caused by: org.apache.ratis.thirdparty.io.netty.channel.AbstractChannel$AnnotatedConnectException: Connection refused: /192.168.5.171:42495
	at sun.nio.ch.SocketChannelImpl.checkConnect(Native Method)
	at sun.nio.ch.SocketChannelImpl.finishConnect(SocketChannelImpl.java:717)
	at org.apache.ratis.thirdparty.io.netty.channel.socket.nio.NioSocketChannel.doFinishConnect(NioSocketChannel.java:327)
	at org.apache.ratis.thirdparty.io.netty.channel.nio.AbstractNioChannel$AbstractNioUnsafe.finishConnect(AbstractNioChannel.java:340)
	at org.apache.ratis.thirdparty.io.netty.channel.nio.NioEventLoop.processSelectedKey(NioEventLoop.java:632)
	at org.apache.ratis.thirdparty.io.netty.channel.nio.NioEventLoop.processSelectedKeysOptimized(NioEventLoop.java:579)
	at org.apache.ratis.thirdparty.io.netty.channel.nio.NioEventLoop.processSelectedKeys(NioEventLoop.java:496)
	at org.apache.ratis.thirdparty.io.netty.channel.nio.NioEventLoop.run(NioEventLoop.java:458)
	at org.apache.ratis.thirdparty.io.netty.util.concurrent.SingleThreadEventExecutor$5.run(SingleThreadEventExecutor.java:897)
	at org.apache.ratis.thirdparty.io.netty.util.concurrent.FastThreadLocalRunnable.run(FastThreadLocalRunnable.java:30)
	... 1 more
Caused by: java.net.ConnectException: Connection refused
	... 11 more
2019-08-29 11:55:41,080 [6997f81c-1ecf-488f-a14c-812b649ddfad:group-FEC9ABEF0498:LeaderElection146] INFO  impl.LeaderElection (LeaderElection.java:logAndReturn(56)) - 6997f81c-1ecf-488f-a14c-812b649ddfad:group-FEC9ABEF0498:LeaderElection146: Election REJECTED; received 0 response(s) [] and 2 exception(s); 6997f81c-1ecf-488f-a14c-812b649ddfad:t5, leader=null, voted=6997f81c-1ecf-488f-a14c-812b649ddfad, raftlog=6997f81c-1ecf-488f-a14c-812b649ddfad-SegmentedRaftLog:OPENED:c2,f2,i2, conf=0: [97e3324b-235f-4ceb-956e-993ee2fe234c:192.168.5.171:44511, 6997f81c-1ecf-488f-a14c-812b649ddfad:192.168.5.171:45289, edbdd45e-116e-45c7-951f-264ab28d364f:192.168.5.171:42495], old=null
2019-08-29 11:55:41,080 [6997f81c-1ecf-488f-a14c-812b649ddfad:group-FEC9ABEF0498:LeaderElection146] INFO  impl.LeaderElection (LogUtils.java:infoOrTrace(149)) -   Exception 0: {}
java.util.concurrent.ExecutionException: org.apache.ratis.thirdparty.io.grpc.StatusRuntimeException: UNAVAILABLE: io exception
	at java.util.concurrent.FutureTask.report(FutureTask.java:122)
	at java.util.concurrent.FutureTask.get(FutureTask.java:192)
	at org.apache.ratis.server.impl.LeaderElection.waitForResults(LeaderElection.java:262)
	at org.apache.ratis.server.impl.LeaderElection.askForVotes(LeaderElection.java:200)
	at org.apache.ratis.server.impl.LeaderElection.run(LeaderElection.java:130)
	at java.lang.Thread.run(Thread.java:748)
Caused by: org.apache.ratis.thirdparty.io.grpc.StatusRuntimeException: UNAVAILABLE: io exception
	at org.apache.ratis.thirdparty.io.grpc.stub.ClientCalls.toStatusRuntimeException(ClientCalls.java:233)
	at org.apache.ratis.thirdparty.io.grpc.stub.ClientCalls.getUnchecked(ClientCalls.java:214)
	at org.apache.ratis.thirdparty.io.grpc.stub.ClientCalls.blockingUnaryCall(ClientCalls.java:139)
	at org.apache.ratis.proto.grpc.RaftServerProtocolServiceGrpc$RaftServerProtocolServiceBlockingStub.requestVote(RaftServerProtocolServiceGrpc.java:265)
	at org.apache.ratis.grpc.server.GrpcServerProtocolClient.requestVote(GrpcServerProtocolClient.java:83)
	at org.apache.ratis.grpc.server.GrpcService.requestVote(GrpcService.java:195)
	at org.apache.ratis.server.impl.LeaderElection.lambda$submitRequests$1(LeaderElection.java:237)
	at java.util.concurrent.FutureTask.run(FutureTask.java:266)
	at java.util.concurrent.Executors$RunnableAdapter.call(Executors.java:511)
	at java.util.concurrent.FutureTask.run(FutureTask.java:266)
	at java.util.concurrent.ThreadPoolExecutor.runWorker(ThreadPoolExecutor.java:1149)
	at java.util.concurrent.ThreadPoolExecutor$Worker.run(ThreadPoolExecutor.java:624)
	... 1 more
Caused by: org.apache.ratis.thirdparty.io.netty.channel.AbstractChannel$AnnotatedConnectException: Connection refused: /192.168.5.171:44511
	at sun.nio.ch.SocketChannelImpl.checkConnect(Native Method)
	at sun.nio.ch.SocketChannelImpl.finishConnect(SocketChannelImpl.java:717)
	at org.apache.ratis.thirdparty.io.netty.channel.socket.nio.NioSocketChannel.doFinishConnect(NioSocketChannel.java:327)
	at org.apache.ratis.thirdparty.io.netty.channel.nio.AbstractNioChannel$AbstractNioUnsafe.finishConnect(AbstractNioChannel.java:340)
	at org.apache.ratis.thirdparty.io.netty.channel.nio.NioEventLoop.processSelectedKey(NioEventLoop.java:632)
	at org.apache.ratis.thirdparty.io.netty.channel.nio.NioEventLoop.processSelectedKeysOptimized(NioEventLoop.java:579)
	at org.apache.ratis.thirdparty.io.netty.channel.nio.NioEventLoop.processSelectedKeys(NioEventLoop.java:496)
	at org.apache.ratis.thirdparty.io.netty.channel.nio.NioEventLoop.run(NioEventLoop.java:458)
	at org.apache.ratis.thirdparty.io.netty.util.concurrent.SingleThreadEventExecutor$5.run(SingleThreadEventExecutor.java:897)
	at org.apache.ratis.thirdparty.io.netty.util.concurrent.FastThreadLocalRunnable.run(FastThreadLocalRunnable.java:30)
	... 1 more
Caused by: java.net.ConnectException: Connection refused
	... 11 more
2019-08-29 11:55:41,080 [6997f81c-1ecf-488f-a14c-812b649ddfad:group-FEC9ABEF0498:LeaderElection146] INFO  impl.LeaderElection (LogUtils.java:infoOrTrace(149)) -   Exception 1: {}
java.util.concurrent.ExecutionException: org.apache.ratis.thirdparty.io.grpc.StatusRuntimeException: UNAVAILABLE: io exception
	at java.util.concurrent.FutureTask.report(FutureTask.java:122)
	at java.util.concurrent.FutureTask.get(FutureTask.java:192)
	at org.apache.ratis.server.impl.LeaderElection.waitForResults(LeaderElection.java:262)
	at org.apache.ratis.server.impl.LeaderElection.askForVotes(LeaderElection.java:200)
	at org.apache.ratis.server.impl.LeaderElection.run(LeaderElection.java:130)
	at java.lang.Thread.run(Thread.java:748)
Caused by: org.apache.ratis.thirdparty.io.grpc.StatusRuntimeException: UNAVAILABLE: io exception
	at org.apache.ratis.thirdparty.io.grpc.stub.ClientCalls.toStatusRuntimeException(ClientCalls.java:233)
	at org.apache.ratis.thirdparty.io.grpc.stub.ClientCalls.getUnchecked(ClientCalls.java:214)
	at org.apache.ratis.thirdparty.io.grpc.stub.ClientCalls.blockingUnaryCall(ClientCalls.java:139)
	at org.apache.ratis.proto.grpc.RaftServerProtocolServiceGrpc$RaftServerProtocolServiceBlockingStub.requestVote(RaftServerProtocolServiceGrpc.java:265)
	at org.apache.ratis.grpc.server.GrpcServerProtocolClient.requestVote(GrpcServerProtocolClient.java:83)
	at org.apache.ratis.grpc.server.GrpcService.requestVote(GrpcService.java:195)
	at org.apache.ratis.server.impl.LeaderElection.lambda$submitRequests$1(LeaderElection.java:237)
	at java.util.concurrent.FutureTask.run(FutureTask.java:266)
	at java.util.concurrent.Executors$RunnableAdapter.call(Executors.java:511)
	at java.util.concurrent.FutureTask.run(FutureTask.java:266)
	at java.util.concurrent.ThreadPoolExecutor.runWorker(ThreadPoolExecutor.java:1149)
	at java.util.concurrent.ThreadPoolExecutor$Worker.run(ThreadPoolExecutor.java:624)
	... 1 more
Caused by: org.apache.ratis.thirdparty.io.netty.channel.AbstractChannel$AnnotatedConnectException: Connection refused: /192.168.5.171:42495
	at sun.nio.ch.SocketChannelImpl.checkConnect(Native Method)
	at sun.nio.ch.SocketChannelImpl.finishConnect(SocketChannelImpl.java:717)
	at org.apache.ratis.thirdparty.io.netty.channel.socket.nio.NioSocketChannel.doFinishConnect(NioSocketChannel.java:327)
	at org.apache.ratis.thirdparty.io.netty.channel.nio.AbstractNioChannel$AbstractNioUnsafe.finishConnect(AbstractNioChannel.java:340)
	at org.apache.ratis.thirdparty.io.netty.channel.nio.NioEventLoop.processSelectedKey(NioEventLoop.java:632)
	at org.apache.ratis.thirdparty.io.netty.channel.nio.NioEventLoop.processSelectedKeysOptimized(NioEventLoop.java:579)
	at org.apache.ratis.thirdparty.io.netty.channel.nio.NioEventLoop.processSelectedKeys(NioEventLoop.java:496)
	at org.apache.ratis.thirdparty.io.netty.channel.nio.NioEventLoop.run(NioEventLoop.java:458)
	at org.apache.ratis.thirdparty.io.netty.util.concurrent.SingleThreadEventExecutor$5.run(SingleThreadEventExecutor.java:897)
	at org.apache.ratis.thirdparty.io.netty.util.concurrent.FastThreadLocalRunnable.run(FastThreadLocalRunnable.java:30)
	... 1 more
Caused by: java.net.ConnectException: Connection refused
	... 11 more
2019-08-29 11:55:41,081 [6997f81c-1ecf-488f-a14c-812b649ddfad:group-FEC9ABEF0498:LeaderElection146] INFO  impl.RaftServerImpl (RaftServerImpl.java:setRole(171)) - 6997f81c-1ecf-488f-a14c-812b649ddfad:group-FEC9ABEF0498 changes role from CANDIDATE to FOLLOWER at term 5 for DISCOVERED_A_NEW_TERM
2019-08-29 11:55:41,081 [6997f81c-1ecf-488f-a14c-812b649ddfad:group-FEC9ABEF0498:LeaderElection146] INFO  impl.RoleInfo (RoleInfo.java:shutdownLeaderElection(134)) - 6997f81c-1ecf-488f-a14c-812b649ddfad: shutdown LeaderElection
2019-08-29 11:55:41,081 [6997f81c-1ecf-488f-a14c-812b649ddfad:group-FEC9ABEF0498:LeaderElection146] INFO  impl.RoleInfo (RoleInfo.java:updateAndGet(143)) - 6997f81c-1ecf-488f-a14c-812b649ddfad: start FollowerState
2019-08-29 11:55:41,124 | INFO  | SCMAudit | user=jenkins1000 | ip=192.168.5.171 | op=SEND_HEARTBEAT {datanodeUUID=6997f81c-1ecf-488f-a14c-812b649ddfad, command=[]} | ret=SUCCESS |  
2019-08-29 11:55:41,428 [main] INFO  ozoneimpl.OzoneContainer (OzoneContainer.java:stop(215)) - Attempting to stop container services.
2019-08-29 11:55:41,429 [main] INFO  impl.RaftServerProxy (RaftServerProxy.java:lambda$close$4(314)) - 3442b9cb-a0d9-4a64-bd62-61dec9190efe: close
2019-08-29 11:55:41,431 [main] INFO  impl.RaftServerImpl (RaftServerImpl.java:lambda$shutdown$3(245)) - 3442b9cb-a0d9-4a64-bd62-61dec9190efe: shutdown group-56BBAE2A5A03
2019-08-29 11:55:41,432 [main] INFO  util.JmxRegister (JmxRegister.java:unregister(73)) - Successfully un-registered JMX Bean with object name Ratis:service=RaftServer,group=group-56BBAE2A5A03,id=3442b9cb-a0d9-4a64-bd62-61dec9190efe
2019-08-29 11:55:41,432 [main] INFO  impl.RoleInfo (RoleInfo.java:shutdownLeaderState(104)) - 3442b9cb-a0d9-4a64-bd62-61dec9190efe: shutdown LeaderState
2019-08-29 11:55:41,433 [main] INFO  impl.PendingRequests (PendingRequests.java:sendNotLeaderResponses(202)) - 3442b9cb-a0d9-4a64-bd62-61dec9190efe-PendingRequests: sendNotLeaderResponses
2019-08-29 11:55:41,433 [main] INFO  impl.StateMachineUpdater (StateMachineUpdater.java:stopAndJoin(115)) - StateMachineUpdater:3442b9cb-a0d9-4a64-bd62-61dec9190efe:group-56BBAE2A5A03: set stopIndex = 0
2019-08-29 11:55:41,434 [main] INFO  impl.RaftServerImpl (ServerState.java:close(394)) - 3442b9cb-a0d9-4a64-bd62-61dec9190efe:group-56BBAE2A5A03 closes. The last applied log index is 0
2019-08-29 11:55:41,434 [3442b9cb-a0d9-4a64-bd62-61dec9190efe-SegmentedRaftLogWorker:Storage Directory /workdir/hadoop-ozone/integration-test/target/test-dir/MiniOzoneClusterImpl-16ce5ac2-d92d-4b29-933b-33d00735e97e/datanode-8/data/ratis/43c0543d-8426-4e50-aa3a-56bbae2a5a03] INFO  segmented.SegmentedRaftLogWorker (SegmentedRaftLogWorker.java:run(313)) - 3442b9cb-a0d9-4a64-bd62-61dec9190efe-SegmentedRaftLogWorker:Storage Directory /workdir/hadoop-ozone/integration-test/target/test-dir/MiniOzoneClusterImpl-16ce5ac2-d92d-4b29-933b-33d00735e97e/datanode-8/data/ratis/43c0543d-8426-4e50-aa3a-56bbae2a5a03 was interrupted, exiting. There are 0 tasks remaining in the queue.
2019-08-29 11:55:41,435 [main] INFO  segmented.SegmentedRaftLogWorker (SegmentedRaftLogWorker.java:close(228)) - 3442b9cb-a0d9-4a64-bd62-61dec9190efe-SegmentedRaftLogWorker:Storage Directory /workdir/hadoop-ozone/integration-test/target/test-dir/MiniOzoneClusterImpl-16ce5ac2-d92d-4b29-933b-33d00735e97e/datanode-8/data/ratis/43c0543d-8426-4e50-aa3a-56bbae2a5a03 close()
2019-08-29 11:55:41,435 [main] INFO  server.GrpcService (GrpcService.java:closeImpl(155)) - 3442b9cb-a0d9-4a64-bd62-61dec9190efe: shutdown server with port 44430 now
2019-08-29 11:55:41,437 [main] INFO  server.GrpcService (GrpcService.java:closeImpl(163)) - 3442b9cb-a0d9-4a64-bd62-61dec9190efe: shutdown server with port 44430 successfully
2019-08-29 11:55:41,444 [refreshUsed-/workdir/hadoop-ozone/integration-test/target/test-dir/MiniOzoneClusterImpl-16ce5ac2-d92d-4b29-933b-33d00735e97e/datanode-8/data/containers] WARN  fs.CachingGetSpaceUsed (CachingGetSpaceUsed.java:run(183)) - Thread Interrupted waiting to refresh disk information: sleep interrupted
2019-08-29 11:55:41,463 [main] INFO  utils.BackgroundService (BackgroundService.java:shutdown(148)) - Shutting down service BlockDeletingService
2019-08-29 11:55:41,467 [main] INFO  statemachine.DatanodeStateMachine (DatanodeStateMachine.java:stopDaemon(395)) - Ozone container server stopped.
2019-08-29 11:55:41,486 [main] INFO  handler.ContextHandler (ContextHandler.java:doStop(910)) - Stopped o.e.j.w.WebAppContext@6b70d1fb{/,null,UNAVAILABLE}{/hddsDatanode}
2019-08-29 11:55:41,487 [main] INFO  server.AbstractConnector (AbstractConnector.java:doStop(318)) - Stopped ServerConnector@3002e397{HTTP/1.1,[http/1.1]}{0.0.0.0:0}
2019-08-29 11:55:41,487 [main] INFO  handler.ContextHandler (ContextHandler.java:doStop(910)) - Stopped o.e.j.s.ServletContextHandler@53314f76{/static,jar:file:/home/user/.m2/repository/org/apache/hadoop/hadoop-hdds-container-service/0.5.0-SNAPSHOT/hadoop-hdds-container-service-0.5.0-SNAPSHOT.jar!/webapps/static,UNAVAILABLE}
2019-08-29 11:55:41,488 [main] INFO  handler.ContextHandler (ContextHandler.java:doStop(910)) - Stopped o.e.j.s.ServletContextHandler@6b0f266e{/logs,file:///workdir/hadoop-ozone/integration-test/target/log,UNAVAILABLE}
2019-08-29 11:55:41,490 [grpc-default-executor-3] WARN  server.GrpcLogAppender (LogUtils.java:warn(134)) - 368ac840-1874-400c-9a5e-97ce3a83695d->822b3223-74a0-44c8-ae72-b72e27a17b65: Failed appendEntries: org.apache.ratis.thirdparty.io.grpc.StatusRuntimeException: UNAVAILABLE: io exception
2019-08-29 11:55:41,490 [grpc-default-executor-3] INFO  impl.FollowerInfo (FollowerInfo.java:lambda$new$0(50)) - 368ac840-1874-400c-9a5e-97ce3a83695d->822b3223-74a0-44c8-ae72-b72e27a17b65: nextIndex: updateUnconditionally 0 -> 0
2019-08-29 11:55:41,930 | INFO  | SCMAudit | user=jenkins1000 | ip=192.168.5.171 | op=SEND_HEARTBEAT {datanodeUUID=368ac840-1874-400c-9a5e-97ce3a83695d, command=[]} | ret=SUCCESS |  
2019-08-29 11:55:41,990 [grpc-default-executor-3] WARN  server.GrpcLogAppender (LogUtils.java:warn(134)) - 368ac840-1874-400c-9a5e-97ce3a83695d->822b3223-74a0-44c8-ae72-b72e27a17b65: Failed appendEntries: org.apache.ratis.thirdparty.io.grpc.StatusRuntimeException: UNAVAILABLE: io exception
2019-08-29 11:55:41,991 [grpc-default-executor-3] INFO  impl.FollowerInfo (FollowerInfo.java:lambda$new$0(50)) - 368ac840-1874-400c-9a5e-97ce3a83695d->822b3223-74a0-44c8-ae72-b72e27a17b65: nextIndex: updateUnconditionally 0 -> 0
2019-08-29 11:55:42,123 [Datanode State Machine Thread - 0] INFO  statemachine.DatanodeStateMachine (DatanodeStateMachine.java:lambda$startDaemon$0(350)) - Ozone container server started.
2019-08-29 11:55:42,173 [Thread-3552] INFO  impl.FollowerState (FollowerState.java:run(106)) - 6997f81c-1ecf-488f-a14c-812b649ddfad:group-FEC9ABEF0498 changes to CANDIDATE, lastRpcTime:1091, electionTimeout:1091ms
2019-08-29 11:55:42,173 [Thread-3552] INFO  impl.RoleInfo (RoleInfo.java:shutdownFollowerState(121)) - 6997f81c-1ecf-488f-a14c-812b649ddfad: shutdown FollowerState
2019-08-29 11:55:42,173 [Thread-3552] INFO  impl.RaftServerImpl (RaftServerImpl.java:setRole(171)) - 6997f81c-1ecf-488f-a14c-812b649ddfad:group-FEC9ABEF0498 changes role from FOLLOWER to CANDIDATE at term 5 for changeToCandidate
2019-08-29 11:55:42,173 [Thread-3552] INFO  impl.RoleInfo (RoleInfo.java:updateAndGet(143)) - 6997f81c-1ecf-488f-a14c-812b649ddfad: start LeaderElection
2019-08-29 11:55:42,188 [6997f81c-1ecf-488f-a14c-812b649ddfad:group-FEC9ABEF0498:LeaderElection147] INFO  impl.LeaderElection (LeaderElection.java:askForVotes(181)) - 6997f81c-1ecf-488f-a14c-812b649ddfad:group-FEC9ABEF0498:LeaderElection147: begin an election at term 6 for 0: [97e3324b-235f-4ceb-956e-993ee2fe234c:192.168.5.171:44511, 6997f81c-1ecf-488f-a14c-812b649ddfad:192.168.5.171:45289, edbdd45e-116e-45c7-951f-264ab28d364f:192.168.5.171:42495], old=null
2019-08-29 11:55:42,189 [6997f81c-1ecf-488f-a14c-812b649ddfad:group-FEC9ABEF0498:LeaderElection147] INFO  impl.LeaderElection (LogUtils.java:infoOrTrace(149)) - 6997f81c-1ecf-488f-a14c-812b649ddfad:group-FEC9ABEF0498:LeaderElection147 got exception when requesting votes: {}
java.util.concurrent.ExecutionException: org.apache.ratis.thirdparty.io.grpc.StatusRuntimeException: UNAVAILABLE: io exception
	at java.util.concurrent.FutureTask.report(FutureTask.java:122)
	at java.util.concurrent.FutureTask.get(FutureTask.java:192)
	at org.apache.ratis.server.impl.LeaderElection.waitForResults(LeaderElection.java:262)
	at org.apache.ratis.server.impl.LeaderElection.askForVotes(LeaderElection.java:200)
	at org.apache.ratis.server.impl.LeaderElection.run(LeaderElection.java:130)
	at java.lang.Thread.run(Thread.java:748)
Caused by: org.apache.ratis.thirdparty.io.grpc.StatusRuntimeException: UNAVAILABLE: io exception
	at org.apache.ratis.thirdparty.io.grpc.stub.ClientCalls.toStatusRuntimeException(ClientCalls.java:233)
	at org.apache.ratis.thirdparty.io.grpc.stub.ClientCalls.getUnchecked(ClientCalls.java:214)
	at org.apache.ratis.thirdparty.io.grpc.stub.ClientCalls.blockingUnaryCall(ClientCalls.java:139)
	at org.apache.ratis.proto.grpc.RaftServerProtocolServiceGrpc$RaftServerProtocolServiceBlockingStub.requestVote(RaftServerProtocolServiceGrpc.java:265)
	at org.apache.ratis.grpc.server.GrpcServerProtocolClient.requestVote(GrpcServerProtocolClient.java:83)
	at org.apache.ratis.grpc.server.GrpcService.requestVote(GrpcService.java:195)
	at org.apache.ratis.server.impl.LeaderElection.lambda$submitRequests$1(LeaderElection.java:237)
	at java.util.concurrent.FutureTask.run(FutureTask.java:266)
	at java.util.concurrent.Executors$RunnableAdapter.call(Executors.java:511)
	at java.util.concurrent.FutureTask.run(FutureTask.java:266)
	at java.util.concurrent.ThreadPoolExecutor.runWorker(ThreadPoolExecutor.java:1149)
	at java.util.concurrent.ThreadPoolExecutor$Worker.run(ThreadPoolExecutor.java:624)
	... 1 more
Caused by: org.apache.ratis.thirdparty.io.netty.channel.AbstractChannel$AnnotatedConnectException: Connection refused: /192.168.5.171:44511
	at sun.nio.ch.SocketChannelImpl.checkConnect(Native Method)
	at sun.nio.ch.SocketChannelImpl.finishConnect(SocketChannelImpl.java:717)
	at org.apache.ratis.thirdparty.io.netty.channel.socket.nio.NioSocketChannel.doFinishConnect(NioSocketChannel.java:327)
	at org.apache.ratis.thirdparty.io.netty.channel.nio.AbstractNioChannel$AbstractNioUnsafe.finishConnect(AbstractNioChannel.java:340)
	at org.apache.ratis.thirdparty.io.netty.channel.nio.NioEventLoop.processSelectedKey(NioEventLoop.java:632)
	at org.apache.ratis.thirdparty.io.netty.channel.nio.NioEventLoop.processSelectedKeysOptimized(NioEventLoop.java:579)
	at org.apache.ratis.thirdparty.io.netty.channel.nio.NioEventLoop.processSelectedKeys(NioEventLoop.java:496)
	at org.apache.ratis.thirdparty.io.netty.channel.nio.NioEventLoop.run(NioEventLoop.java:458)
	at org.apache.ratis.thirdparty.io.netty.util.concurrent.SingleThreadEventExecutor$5.run(SingleThreadEventExecutor.java:897)
	at org.apache.ratis.thirdparty.io.netty.util.concurrent.FastThreadLocalRunnable.run(FastThreadLocalRunnable.java:30)
	... 1 more
Caused by: java.net.ConnectException: Connection refused
	... 11 more
2019-08-29 11:55:42,190 [6997f81c-1ecf-488f-a14c-812b649ddfad:group-FEC9ABEF0498:LeaderElection147] INFO  impl.LeaderElection (LogUtils.java:infoOrTrace(149)) - 6997f81c-1ecf-488f-a14c-812b649ddfad:group-FEC9ABEF0498:LeaderElection147 got exception when requesting votes: {}
java.util.concurrent.ExecutionException: org.apache.ratis.thirdparty.io.grpc.StatusRuntimeException: UNAVAILABLE: io exception
	at java.util.concurrent.FutureTask.report(FutureTask.java:122)
	at java.util.concurrent.FutureTask.get(FutureTask.java:192)
	at org.apache.ratis.server.impl.LeaderElection.waitForResults(LeaderElection.java:262)
	at org.apache.ratis.server.impl.LeaderElection.askForVotes(LeaderElection.java:200)
	at org.apache.ratis.server.impl.LeaderElection.run(LeaderElection.java:130)
	at java.lang.Thread.run(Thread.java:748)
Caused by: org.apache.ratis.thirdparty.io.grpc.StatusRuntimeException: UNAVAILABLE: io exception
	at org.apache.ratis.thirdparty.io.grpc.stub.ClientCalls.toStatusRuntimeException(ClientCalls.java:233)
	at org.apache.ratis.thirdparty.io.grpc.stub.ClientCalls.getUnchecked(ClientCalls.java:214)
	at org.apache.ratis.thirdparty.io.grpc.stub.ClientCalls.blockingUnaryCall(ClientCalls.java:139)
	at org.apache.ratis.proto.grpc.RaftServerProtocolServiceGrpc$RaftServerProtocolServiceBlockingStub.requestVote(RaftServerProtocolServiceGrpc.java:265)
	at org.apache.ratis.grpc.server.GrpcServerProtocolClient.requestVote(GrpcServerProtocolClient.java:83)
	at org.apache.ratis.grpc.server.GrpcService.requestVote(GrpcService.java:195)
	at org.apache.ratis.server.impl.LeaderElection.lambda$submitRequests$1(LeaderElection.java:237)
	at java.util.concurrent.FutureTask.run(FutureTask.java:266)
	at java.util.concurrent.Executors$RunnableAdapter.call(Executors.java:511)
	at java.util.concurrent.FutureTask.run(FutureTask.java:266)
	at java.util.concurrent.ThreadPoolExecutor.runWorker(ThreadPoolExecutor.java:1149)
	at java.util.concurrent.ThreadPoolExecutor$Worker.run(ThreadPoolExecutor.java:624)
	... 1 more
Caused by: org.apache.ratis.thirdparty.io.netty.channel.AbstractChannel$AnnotatedConnectException: Connection refused: /192.168.5.171:42495
	at sun.nio.ch.SocketChannelImpl.checkConnect(Native Method)
	at sun.nio.ch.SocketChannelImpl.finishConnect(SocketChannelImpl.java:717)
	at org.apache.ratis.thirdparty.io.netty.channel.socket.nio.NioSocketChannel.doFinishConnect(NioSocketChannel.java:327)
	at org.apache.ratis.thirdparty.io.netty.channel.nio.AbstractNioChannel$AbstractNioUnsafe.finishConnect(AbstractNioChannel.java:340)
	at org.apache.ratis.thirdparty.io.netty.channel.nio.NioEventLoop.processSelectedKey(NioEventLoop.java:632)
	at org.apache.ratis.thirdparty.io.netty.channel.nio.NioEventLoop.processSelectedKeysOptimized(NioEventLoop.java:579)
	at org.apache.ratis.thirdparty.io.netty.channel.nio.NioEventLoop.processSelectedKeys(NioEventLoop.java:496)
	at org.apache.ratis.thirdparty.io.netty.channel.nio.NioEventLoop.run(NioEventLoop.java:458)
	at org.apache.ratis.thirdparty.io.netty.util.concurrent.SingleThreadEventExecutor$5.run(SingleThreadEventExecutor.java:897)
	at org.apache.ratis.thirdparty.io.netty.util.concurrent.FastThreadLocalRunnable.run(FastThreadLocalRunnable.java:30)
	... 1 more
Caused by: java.net.ConnectException: Connection refused
	... 11 more
2019-08-29 11:55:42,190 [6997f81c-1ecf-488f-a14c-812b649ddfad:group-FEC9ABEF0498:LeaderElection147] INFO  impl.LeaderElection (LeaderElection.java:logAndReturn(56)) - 6997f81c-1ecf-488f-a14c-812b649ddfad:group-FEC9ABEF0498:LeaderElection147: Election REJECTED; received 0 response(s) [] and 2 exception(s); 6997f81c-1ecf-488f-a14c-812b649ddfad:t6, leader=null, voted=6997f81c-1ecf-488f-a14c-812b649ddfad, raftlog=6997f81c-1ecf-488f-a14c-812b649ddfad-SegmentedRaftLog:OPENED:c2,f2,i2, conf=0: [97e3324b-235f-4ceb-956e-993ee2fe234c:192.168.5.171:44511, 6997f81c-1ecf-488f-a14c-812b649ddfad:192.168.5.171:45289, edbdd45e-116e-45c7-951f-264ab28d364f:192.168.5.171:42495], old=null
2019-08-29 11:55:42,190 [6997f81c-1ecf-488f-a14c-812b649ddfad:group-FEC9ABEF0498:LeaderElection147] INFO  impl.LeaderElection (LogUtils.java:infoOrTrace(149)) -   Exception 0: {}
java.util.concurrent.ExecutionException: org.apache.ratis.thirdparty.io.grpc.StatusRuntimeException: UNAVAILABLE: io exception
	at java.util.concurrent.FutureTask.report(FutureTask.java:122)
	at java.util.concurrent.FutureTask.get(FutureTask.java:192)
	at org.apache.ratis.server.impl.LeaderElection.waitForResults(LeaderElection.java:262)
	at org.apache.ratis.server.impl.LeaderElection.askForVotes(LeaderElection.java:200)
	at org.apache.ratis.server.impl.LeaderElection.run(LeaderElection.java:130)
	at java.lang.Thread.run(Thread.java:748)
Caused by: org.apache.ratis.thirdparty.io.grpc.StatusRuntimeException: UNAVAILABLE: io exception
	at org.apache.ratis.thirdparty.io.grpc.stub.ClientCalls.toStatusRuntimeException(ClientCalls.java:233)
	at org.apache.ratis.thirdparty.io.grpc.stub.ClientCalls.getUnchecked(ClientCalls.java:214)
	at org.apache.ratis.thirdparty.io.grpc.stub.ClientCalls.blockingUnaryCall(ClientCalls.java:139)
	at org.apache.ratis.proto.grpc.RaftServerProtocolServiceGrpc$RaftServerProtocolServiceBlockingStub.requestVote(RaftServerProtocolServiceGrpc.java:265)
	at org.apache.ratis.grpc.server.GrpcServerProtocolClient.requestVote(GrpcServerProtocolClient.java:83)
	at org.apache.ratis.grpc.server.GrpcService.requestVote(GrpcService.java:195)
	at org.apache.ratis.server.impl.LeaderElection.lambda$submitRequests$1(LeaderElection.java:237)
	at java.util.concurrent.FutureTask.run(FutureTask.java:266)
	at java.util.concurrent.Executors$RunnableAdapter.call(Executors.java:511)
	at java.util.concurrent.FutureTask.run(FutureTask.java:266)
	at java.util.concurrent.ThreadPoolExecutor.runWorker(ThreadPoolExecutor.java:1149)
	at java.util.concurrent.ThreadPoolExecutor$Worker.run(ThreadPoolExecutor.java:624)
	... 1 more
Caused by: org.apache.ratis.thirdparty.io.netty.channel.AbstractChannel$AnnotatedConnectException: Connection refused: /192.168.5.171:44511
	at sun.nio.ch.SocketChannelImpl.checkConnect(Native Method)
	at sun.nio.ch.SocketChannelImpl.finishConnect(SocketChannelImpl.java:717)
	at org.apache.ratis.thirdparty.io.netty.channel.socket.nio.NioSocketChannel.doFinishConnect(NioSocketChannel.java:327)
	at org.apache.ratis.thirdparty.io.netty.channel.nio.AbstractNioChannel$AbstractNioUnsafe.finishConnect(AbstractNioChannel.java:340)
	at org.apache.ratis.thirdparty.io.netty.channel.nio.NioEventLoop.processSelectedKey(NioEventLoop.java:632)
	at org.apache.ratis.thirdparty.io.netty.channel.nio.NioEventLoop.processSelectedKeysOptimized(NioEventLoop.java:579)
	at org.apache.ratis.thirdparty.io.netty.channel.nio.NioEventLoop.processSelectedKeys(NioEventLoop.java:496)
	at org.apache.ratis.thirdparty.io.netty.channel.nio.NioEventLoop.run(NioEventLoop.java:458)
	at org.apache.ratis.thirdparty.io.netty.util.concurrent.SingleThreadEventExecutor$5.run(SingleThreadEventExecutor.java:897)
	at org.apache.ratis.thirdparty.io.netty.util.concurrent.FastThreadLocalRunnable.run(FastThreadLocalRunnable.java:30)
	... 1 more
Caused by: java.net.ConnectException: Connection refused
	... 11 more
2019-08-29 11:55:42,191 [6997f81c-1ecf-488f-a14c-812b649ddfad:group-FEC9ABEF0498:LeaderElection147] INFO  impl.LeaderElection (LogUtils.java:infoOrTrace(149)) -   Exception 1: {}
java.util.concurrent.ExecutionException: org.apache.ratis.thirdparty.io.grpc.StatusRuntimeException: UNAVAILABLE: io exception
	at java.util.concurrent.FutureTask.report(FutureTask.java:122)
	at java.util.concurrent.FutureTask.get(FutureTask.java:192)
	at org.apache.ratis.server.impl.LeaderElection.waitForResults(LeaderElection.java:262)
	at org.apache.ratis.server.impl.LeaderElection.askForVotes(LeaderElection.java:200)
	at org.apache.ratis.server.impl.LeaderElection.run(LeaderElection.java:130)
	at java.lang.Thread.run(Thread.java:748)
Caused by: org.apache.ratis.thirdparty.io.grpc.StatusRuntimeException: UNAVAILABLE: io exception
	at org.apache.ratis.thirdparty.io.grpc.stub.ClientCalls.toStatusRuntimeException(ClientCalls.java:233)
	at org.apache.ratis.thirdparty.io.grpc.stub.ClientCalls.getUnchecked(ClientCalls.java:214)
	at org.apache.ratis.thirdparty.io.grpc.stub.ClientCalls.blockingUnaryCall(ClientCalls.java:139)
	at org.apache.ratis.proto.grpc.RaftServerProtocolServiceGrpc$RaftServerProtocolServiceBlockingStub.requestVote(RaftServerProtocolServiceGrpc.java:265)
	at org.apache.ratis.grpc.server.GrpcServerProtocolClient.requestVote(GrpcServerProtocolClient.java:83)
	at org.apache.ratis.grpc.server.GrpcService.requestVote(GrpcService.java:195)
	at org.apache.ratis.server.impl.LeaderElection.lambda$submitRequests$1(LeaderElection.java:237)
	at java.util.concurrent.FutureTask.run(FutureTask.java:266)
	at java.util.concurrent.Executors$RunnableAdapter.call(Executors.java:511)
	at java.util.concurrent.FutureTask.run(FutureTask.java:266)
	at java.util.concurrent.ThreadPoolExecutor.runWorker(ThreadPoolExecutor.java:1149)
	at java.util.concurrent.ThreadPoolExecutor$Worker.run(ThreadPoolExecutor.java:624)
	... 1 more
Caused by: org.apache.ratis.thirdparty.io.netty.channel.AbstractChannel$AnnotatedConnectException: Connection refused: /192.168.5.171:42495
	at sun.nio.ch.SocketChannelImpl.checkConnect(Native Method)
	at sun.nio.ch.SocketChannelImpl.finishConnect(SocketChannelImpl.java:717)
	at org.apache.ratis.thirdparty.io.netty.channel.socket.nio.NioSocketChannel.doFinishConnect(NioSocketChannel.java:327)
	at org.apache.ratis.thirdparty.io.netty.channel.nio.AbstractNioChannel$AbstractNioUnsafe.finishConnect(AbstractNioChannel.java:340)
	at org.apache.ratis.thirdparty.io.netty.channel.nio.NioEventLoop.processSelectedKey(NioEventLoop.java:632)
	at org.apache.ratis.thirdparty.io.netty.channel.nio.NioEventLoop.processSelectedKeysOptimized(NioEventLoop.java:579)
	at org.apache.ratis.thirdparty.io.netty.channel.nio.NioEventLoop.processSelectedKeys(NioEventLoop.java:496)
	at org.apache.ratis.thirdparty.io.netty.channel.nio.NioEventLoop.run(NioEventLoop.java:458)
	at org.apache.ratis.thirdparty.io.netty.util.concurrent.SingleThreadEventExecutor$5.run(SingleThreadEventExecutor.java:897)
	at org.apache.ratis.thirdparty.io.netty.util.concurrent.FastThreadLocalRunnable.run(FastThreadLocalRunnable.java:30)
	... 1 more
Caused by: java.net.ConnectException: Connection refused
	... 11 more
2019-08-29 11:55:42,191 [6997f81c-1ecf-488f-a14c-812b649ddfad:group-FEC9ABEF0498:LeaderElection147] INFO  impl.RaftServerImpl (RaftServerImpl.java:setRole(171)) - 6997f81c-1ecf-488f-a14c-812b649ddfad:group-FEC9ABEF0498 changes role from CANDIDATE to FOLLOWER at term 6 for DISCOVERED_A_NEW_TERM
2019-08-29 11:55:42,191 [6997f81c-1ecf-488f-a14c-812b649ddfad:group-FEC9ABEF0498:LeaderElection147] INFO  impl.RoleInfo (RoleInfo.java:shutdownLeaderElection(134)) - 6997f81c-1ecf-488f-a14c-812b649ddfad: shutdown LeaderElection
2019-08-29 11:55:42,191 [6997f81c-1ecf-488f-a14c-812b649ddfad:group-FEC9ABEF0498:LeaderElection147] INFO  impl.RoleInfo (RoleInfo.java:updateAndGet(143)) - 6997f81c-1ecf-488f-a14c-812b649ddfad: start FollowerState
2019-08-29 11:55:42,491 [grpc-default-executor-3] WARN  server.GrpcLogAppender (LogUtils.java:warn(134)) - 368ac840-1874-400c-9a5e-97ce3a83695d->822b3223-74a0-44c8-ae72-b72e27a17b65: Failed appendEntries: org.apache.ratis.thirdparty.io.grpc.StatusRuntimeException: UNAVAILABLE: io exception
2019-08-29 11:55:42,491 [grpc-default-executor-3] INFO  impl.FollowerInfo (FollowerInfo.java:lambda$new$0(50)) - 368ac840-1874-400c-9a5e-97ce3a83695d->822b3223-74a0-44c8-ae72-b72e27a17b65: nextIndex: updateUnconditionally 0 -> 0
2019-08-29 11:55:42,929 | INFO  | SCMAudit | user=jenkins1000 | ip=192.168.5.171 | op=SEND_HEARTBEAT {datanodeUUID=368ac840-1874-400c-9a5e-97ce3a83695d, command=[]} | ret=SUCCESS |  
2019-08-29 11:55:42,992 [grpc-default-executor-3] WARN  server.GrpcLogAppender (LogUtils.java:warn(134)) - 368ac840-1874-400c-9a5e-97ce3a83695d->822b3223-74a0-44c8-ae72-b72e27a17b65: Failed appendEntries: org.apache.ratis.thirdparty.io.grpc.StatusRuntimeException: UNAVAILABLE: io exception
2019-08-29 11:55:42,992 [grpc-default-executor-3] INFO  impl.FollowerInfo (FollowerInfo.java:lambda$new$0(50)) - 368ac840-1874-400c-9a5e-97ce3a83695d->822b3223-74a0-44c8-ae72-b72e27a17b65: nextIndex: updateUnconditionally 0 -> 0
2019-08-29 11:55:43,012 [ForkJoinPool.commonPool-worker-1] INFO  ozoneimpl.OzoneContainer (OzoneContainer.java:stop(215)) - Attempting to stop container services.
2019-08-29 11:55:43,012 [ForkJoinPool.commonPool-worker-1] INFO  impl.RaftServerProxy (RaftServerProxy.java:lambda$close$4(314)) - 21c7cf7b-6251-48a4-bdb1-01914484bde5: close
2019-08-29 11:55:43,013 [ForkJoinPool.commonPool-worker-1] INFO  impl.RaftServerImpl (RaftServerImpl.java:lambda$shutdown$3(245)) - 21c7cf7b-6251-48a4-bdb1-01914484bde5: shutdown group-C6E4A73C4023
2019-08-29 11:55:43,013 [ForkJoinPool.commonPool-worker-1] INFO  util.JmxRegister (JmxRegister.java:unregister(73)) - Successfully un-registered JMX Bean with object name Ratis:service=RaftServer,group=group-C6E4A73C4023,id=21c7cf7b-6251-48a4-bdb1-01914484bde5
2019-08-29 11:55:43,013 [ForkJoinPool.commonPool-worker-1] INFO  impl.RoleInfo (RoleInfo.java:shutdownFollowerState(121)) - 21c7cf7b-6251-48a4-bdb1-01914484bde5: shutdown FollowerState
2019-08-29 11:55:43,013 [ForkJoinPool.commonPool-worker-1] INFO  impl.StateMachineUpdater (StateMachineUpdater.java:stopAndJoin(115)) - StateMachineUpdater:21c7cf7b-6251-48a4-bdb1-01914484bde5:group-C6E4A73C4023: set stopIndex = 2
2019-08-29 11:55:43,013 [StateMachineUpdater:21c7cf7b-6251-48a4-bdb1-01914484bde5:group-C6E4A73C4023] INFO  ratis.ContainerStateMachine (ContainerStateMachine.java:takeSnapshot(284)) - group-C6E4A73C4023: Taking a snapshot at:(t:1, i:1) file /workdir/hadoop-ozone/integration-test/target/test-dir/MiniOzoneClusterImpl-16ce5ac2-d92d-4b29-933b-33d00735e97e/datanode-0/data/ratis/a09c7214-0f17-4bde-9a6c-c6e4a73c4023/sm/snapshot.1_1
2019-08-29 11:55:43,013 [Thread-2851] INFO  impl.FollowerState (FollowerState.java:run(114)) - 21c7cf7b-6251-48a4-bdb1-01914484bde5: FollowerState was interrupted: java.lang.InterruptedException: sleep interrupted
2019-08-29 11:55:43,027 [StateMachineUpdater:21c7cf7b-6251-48a4-bdb1-01914484bde5:group-C6E4A73C4023] INFO  ratis.ContainerStateMachine (ContainerStateMachine.java:takeSnapshot(295)) - group-C6E4A73C4023: Finished taking a snapshot at:(t:1, i:1) file:/workdir/hadoop-ozone/integration-test/target/test-dir/MiniOzoneClusterImpl-16ce5ac2-d92d-4b29-933b-33d00735e97e/datanode-0/data/ratis/a09c7214-0f17-4bde-9a6c-c6e4a73c4023/sm/snapshot.1_1 time:14
2019-08-29 11:55:43,027 [StateMachineUpdater:21c7cf7b-6251-48a4-bdb1-01914484bde5:group-C6E4A73C4023] INFO  impl.StateMachineUpdater (StateMachineUpdater.java:takeSnapshot(242)) - StateMachineUpdater:21c7cf7b-6251-48a4-bdb1-01914484bde5:group-C6E4A73C4023: Took a snapshot at index 1
2019-08-29 11:55:43,027 [StateMachineUpdater:21c7cf7b-6251-48a4-bdb1-01914484bde5:group-C6E4A73C4023] INFO  impl.StateMachineUpdater (StateMachineUpdater.java:lambda$new$0(80)) - StateMachineUpdater:21c7cf7b-6251-48a4-bdb1-01914484bde5:group-C6E4A73C4023: snapshotIndex: updateIncreasingly -1 -> 1
2019-08-29 11:55:43,028 [ForkJoinPool.commonPool-worker-1] INFO  impl.RaftServerImpl (ServerState.java:close(394)) - 21c7cf7b-6251-48a4-bdb1-01914484bde5:group-C6E4A73C4023 closes. The last applied log index is 2
2019-08-29 11:55:43,028 [21c7cf7b-6251-48a4-bdb1-01914484bde5-SegmentedRaftLogWorker:Storage Directory /workdir/hadoop-ozone/integration-test/target/test-dir/MiniOzoneClusterImpl-16ce5ac2-d92d-4b29-933b-33d00735e97e/datanode-0/data/ratis/a09c7214-0f17-4bde-9a6c-c6e4a73c4023] INFO  segmented.SegmentedRaftLogWorker (SegmentedRaftLogWorker.java:run(313)) - 21c7cf7b-6251-48a4-bdb1-01914484bde5-SegmentedRaftLogWorker:Storage Directory /workdir/hadoop-ozone/integration-test/target/test-dir/MiniOzoneClusterImpl-16ce5ac2-d92d-4b29-933b-33d00735e97e/datanode-0/data/ratis/a09c7214-0f17-4bde-9a6c-c6e4a73c4023 was interrupted, exiting. There are 0 tasks remaining in the queue.
2019-08-29 11:55:43,029 [ForkJoinPool.commonPool-worker-1] INFO  segmented.SegmentedRaftLogWorker (SegmentedRaftLogWorker.java:close(228)) - 21c7cf7b-6251-48a4-bdb1-01914484bde5-SegmentedRaftLogWorker:Storage Directory /workdir/hadoop-ozone/integration-test/target/test-dir/MiniOzoneClusterImpl-16ce5ac2-d92d-4b29-933b-33d00735e97e/datanode-0/data/ratis/a09c7214-0f17-4bde-9a6c-c6e4a73c4023 close()
2019-08-29 11:55:43,029 [ForkJoinPool.commonPool-worker-1] INFO  impl.RaftServerImpl (RaftServerImpl.java:lambda$shutdown$3(245)) - 21c7cf7b-6251-48a4-bdb1-01914484bde5: shutdown group-F94D6CA4ECBF
2019-08-29 11:55:43,029 [ForkJoinPool.commonPool-worker-1] INFO  util.JmxRegister (JmxRegister.java:unregister(73)) - Successfully un-registered JMX Bean with object name Ratis:service=RaftServer,group=group-F94D6CA4ECBF,id=21c7cf7b-6251-48a4-bdb1-01914484bde5
2019-08-29 11:55:43,029 [ForkJoinPool.commonPool-worker-1] INFO  impl.RoleInfo (RoleInfo.java:shutdownLeaderState(104)) - 21c7cf7b-6251-48a4-bdb1-01914484bde5: shutdown LeaderState
2019-08-29 11:55:43,030 [ForkJoinPool.commonPool-worker-1] INFO  impl.PendingRequests (PendingRequests.java:sendNotLeaderResponses(202)) - 21c7cf7b-6251-48a4-bdb1-01914484bde5-PendingRequests: sendNotLeaderResponses
2019-08-29 11:55:43,030 [ForkJoinPool.commonPool-worker-1] INFO  impl.StateMachineUpdater (StateMachineUpdater.java:stopAndJoin(115)) - StateMachineUpdater:21c7cf7b-6251-48a4-bdb1-01914484bde5:group-F94D6CA4ECBF: set stopIndex = 0
2019-08-29 11:55:43,030 [ForkJoinPool.commonPool-worker-1] INFO  impl.RaftServerImpl (ServerState.java:close(394)) - 21c7cf7b-6251-48a4-bdb1-01914484bde5:group-F94D6CA4ECBF closes. The last applied log index is 0
2019-08-29 11:55:43,030 [21c7cf7b-6251-48a4-bdb1-01914484bde5-SegmentedRaftLogWorker:Storage Directory /workdir/hadoop-ozone/integration-test/target/test-dir/MiniOzoneClusterImpl-16ce5ac2-d92d-4b29-933b-33d00735e97e/datanode-0/data/ratis/96d6c6d5-5d1f-4dce-91e8-f94d6ca4ecbf] INFO  segmented.SegmentedRaftLogWorker (SegmentedRaftLogWorker.java:run(313)) - 21c7cf7b-6251-48a4-bdb1-01914484bde5-SegmentedRaftLogWorker:Storage Directory /workdir/hadoop-ozone/integration-test/target/test-dir/MiniOzoneClusterImpl-16ce5ac2-d92d-4b29-933b-33d00735e97e/datanode-0/data/ratis/96d6c6d5-5d1f-4dce-91e8-f94d6ca4ecbf was interrupted, exiting. There are 0 tasks remaining in the queue.
2019-08-29 11:55:43,030 [ForkJoinPool.commonPool-worker-1] INFO  segmented.SegmentedRaftLogWorker (SegmentedRaftLogWorker.java:close(228)) - 21c7cf7b-6251-48a4-bdb1-01914484bde5-SegmentedRaftLogWorker:Storage Directory /workdir/hadoop-ozone/integration-test/target/test-dir/MiniOzoneClusterImpl-16ce5ac2-d92d-4b29-933b-33d00735e97e/datanode-0/data/ratis/96d6c6d5-5d1f-4dce-91e8-f94d6ca4ecbf close()
2019-08-29 11:55:43,031 [ForkJoinPool.commonPool-worker-1] INFO  server.GrpcService (GrpcService.java:closeImpl(155)) - 21c7cf7b-6251-48a4-bdb1-01914484bde5: shutdown server with port 42450 now
2019-08-29 11:55:43,031 [grpc-default-executor-9] WARN  server.GrpcServerProtocolService (LogUtils.java:warn(134)) - 21c7cf7b-6251-48a4-bdb1-01914484bde5: appendEntries onError: org.apache.ratis.thirdparty.io.grpc.StatusRuntimeException: CANCELLED: cancelled before receiving half close
2019-08-29 11:55:43,032 [grpc-default-executor-9] WARN  server.GrpcLogAppender (LogUtils.java:warn(134)) - 368ac840-1874-400c-9a5e-97ce3a83695d->21c7cf7b-6251-48a4-bdb1-01914484bde5: Failed appendEntries: org.apache.ratis.thirdparty.io.grpc.StatusRuntimeException: CANCELLED: HTTP/2 error code: CANCEL
Received Rst Stream
2019-08-29 11:55:43,032 [ForkJoinPool.commonPool-worker-1] INFO  server.GrpcService (GrpcService.java:closeImpl(163)) - 21c7cf7b-6251-48a4-bdb1-01914484bde5: shutdown server with port 42450 successfully
2019-08-29 11:55:43,032 [grpc-default-executor-9] INFO  impl.FollowerInfo (FollowerInfo.java:lambda$new$0(50)) - 368ac840-1874-400c-9a5e-97ce3a83695d->21c7cf7b-6251-48a4-bdb1-01914484bde5: nextIndex: updateUnconditionally 3 -> 2
2019-08-29 11:55:43,032 [grpc-default-executor-10] WARN  client.GrpcClientProtocolService (LogUtils.java:warn(134)) - 3-OrderedRequestStreamObserver3: onError: org.apache.ratis.thirdparty.io.grpc.StatusRuntimeException: CANCELLED: cancelled before receiving half close
2019-08-29 11:55:43,033 [refreshUsed-/workdir/hadoop-ozone/integration-test/target/test-dir/MiniOzoneClusterImpl-16ce5ac2-d92d-4b29-933b-33d00735e97e/datanode-0/data/containers] WARN  fs.CachingGetSpaceUsed (CachingGetSpaceUsed.java:run(183)) - Thread Interrupted waiting to refresh disk information: sleep interrupted
2019-08-29 11:55:43,047 [ForkJoinPool.commonPool-worker-1] INFO  utils.BackgroundService (BackgroundService.java:shutdown(148)) - Shutting down service BlockDeletingService
2019-08-29 11:55:43,050 [ForkJoinPool.commonPool-worker-1] INFO  statemachine.DatanodeStateMachine (DatanodeStateMachine.java:stopDaemon(395)) - Ozone container server stopped.
2019-08-29 11:55:43,052 [ForkJoinPool.commonPool-worker-1] INFO  handler.ContextHandler (ContextHandler.java:doStop(910)) - Stopped o.e.j.w.WebAppContext@4b03cbad{/,null,UNAVAILABLE}{/hddsDatanode}
2019-08-29 11:55:43,053 [ForkJoinPool.commonPool-worker-1] INFO  server.AbstractConnector (AbstractConnector.java:doStop(318)) - Stopped ServerConnector@5b29ab61{HTTP/1.1,[http/1.1]}{0.0.0.0:0}
2019-08-29 11:55:43,053 [ForkJoinPool.commonPool-worker-1] INFO  handler.ContextHandler (ContextHandler.java:doStop(910)) - Stopped o.e.j.s.ServletContextHandler@3a0aaaf0{/static,jar:file:/home/user/.m2/repository/org/apache/hadoop/hadoop-hdds-container-service/0.5.0-SNAPSHOT/hadoop-hdds-container-service-0.5.0-SNAPSHOT.jar!/webapps/static,UNAVAILABLE}
2019-08-29 11:55:43,054 [ForkJoinPool.commonPool-worker-1] INFO  handler.ContextHandler (ContextHandler.java:doStop(910)) - Stopped o.e.j.s.ServletContextHandler@15214920{/logs,file:///workdir/hadoop-ozone/integration-test/target/log,UNAVAILABLE}
2019-08-29 11:55:43,315 [Thread-3558] INFO  impl.FollowerState (FollowerState.java:run(106)) - 6997f81c-1ecf-488f-a14c-812b649ddfad:group-FEC9ABEF0498 changes to CANDIDATE, lastRpcTime:1123, electionTimeout:1123ms
2019-08-29 11:55:43,315 [Thread-3558] INFO  impl.RoleInfo (RoleInfo.java:shutdownFollowerState(121)) - 6997f81c-1ecf-488f-a14c-812b649ddfad: shutdown FollowerState
2019-08-29 11:55:43,315 [Thread-3558] INFO  impl.RaftServerImpl (RaftServerImpl.java:setRole(171)) - 6997f81c-1ecf-488f-a14c-812b649ddfad:group-FEC9ABEF0498 changes role from FOLLOWER to CANDIDATE at term 6 for changeToCandidate
2019-08-29 11:55:43,315 [Thread-3558] INFO  impl.RoleInfo (RoleInfo.java:updateAndGet(143)) - 6997f81c-1ecf-488f-a14c-812b649ddfad: start LeaderElection
2019-08-29 11:55:43,328 [6997f81c-1ecf-488f-a14c-812b649ddfad:group-FEC9ABEF0498:LeaderElection148] INFO  impl.LeaderElection (LeaderElection.java:askForVotes(181)) - 6997f81c-1ecf-488f-a14c-812b649ddfad:group-FEC9ABEF0498:LeaderElection148: begin an election at term 7 for 0: [97e3324b-235f-4ceb-956e-993ee2fe234c:192.168.5.171:44511, 6997f81c-1ecf-488f-a14c-812b649ddfad:192.168.5.171:45289, edbdd45e-116e-45c7-951f-264ab28d364f:192.168.5.171:42495], old=null
2019-08-29 11:55:43,329 [6997f81c-1ecf-488f-a14c-812b649ddfad:group-FEC9ABEF0498:LeaderElection148] INFO  impl.LeaderElection (LogUtils.java:infoOrTrace(149)) - 6997f81c-1ecf-488f-a14c-812b649ddfad:group-FEC9ABEF0498:LeaderElection148 got exception when requesting votes: {}
java.util.concurrent.ExecutionException: org.apache.ratis.thirdparty.io.grpc.StatusRuntimeException: UNAVAILABLE: io exception
	at java.util.concurrent.FutureTask.report(FutureTask.java:122)
	at java.util.concurrent.FutureTask.get(FutureTask.java:192)
	at org.apache.ratis.server.impl.LeaderElection.waitForResults(LeaderElection.java:262)
	at org.apache.ratis.server.impl.LeaderElection.askForVotes(LeaderElection.java:200)
	at org.apache.ratis.server.impl.LeaderElection.run(LeaderElection.java:130)
	at java.lang.Thread.run(Thread.java:748)
Caused by: org.apache.ratis.thirdparty.io.grpc.StatusRuntimeException: UNAVAILABLE: io exception
	at org.apache.ratis.thirdparty.io.grpc.stub.ClientCalls.toStatusRuntimeException(ClientCalls.java:233)
	at org.apache.ratis.thirdparty.io.grpc.stub.ClientCalls.getUnchecked(ClientCalls.java:214)
	at org.apache.ratis.thirdparty.io.grpc.stub.ClientCalls.blockingUnaryCall(ClientCalls.java:139)
	at org.apache.ratis.proto.grpc.RaftServerProtocolServiceGrpc$RaftServerProtocolServiceBlockingStub.requestVote(RaftServerProtocolServiceGrpc.java:265)
	at org.apache.ratis.grpc.server.GrpcServerProtocolClient.requestVote(GrpcServerProtocolClient.java:83)
	at org.apache.ratis.grpc.server.GrpcService.requestVote(GrpcService.java:195)
	at org.apache.ratis.server.impl.LeaderElection.lambda$submitRequests$1(LeaderElection.java:237)
	at java.util.concurrent.FutureTask.run(FutureTask.java:266)
	at java.util.concurrent.Executors$RunnableAdapter.call(Executors.java:511)
	at java.util.concurrent.FutureTask.run(FutureTask.java:266)
	at java.util.concurrent.ThreadPoolExecutor.runWorker(ThreadPoolExecutor.java:1149)
	at java.util.concurrent.ThreadPoolExecutor$Worker.run(ThreadPoolExecutor.java:624)
	... 1 more
Caused by: org.apache.ratis.thirdparty.io.netty.channel.AbstractChannel$AnnotatedConnectException: Connection refused: /192.168.5.171:44511
	at sun.nio.ch.SocketChannelImpl.checkConnect(Native Method)
	at sun.nio.ch.SocketChannelImpl.finishConnect(SocketChannelImpl.java:717)
	at org.apache.ratis.thirdparty.io.netty.channel.socket.nio.NioSocketChannel.doFinishConnect(NioSocketChannel.java:327)
	at org.apache.ratis.thirdparty.io.netty.channel.nio.AbstractNioChannel$AbstractNioUnsafe.finishConnect(AbstractNioChannel.java:340)
	at org.apache.ratis.thirdparty.io.netty.channel.nio.NioEventLoop.processSelectedKey(NioEventLoop.java:632)
	at org.apache.ratis.thirdparty.io.netty.channel.nio.NioEventLoop.processSelectedKeysOptimized(NioEventLoop.java:579)
	at org.apache.ratis.thirdparty.io.netty.channel.nio.NioEventLoop.processSelectedKeys(NioEventLoop.java:496)
	at org.apache.ratis.thirdparty.io.netty.channel.nio.NioEventLoop.run(NioEventLoop.java:458)
	at org.apache.ratis.thirdparty.io.netty.util.concurrent.SingleThreadEventExecutor$5.run(SingleThreadEventExecutor.java:897)
	at org.apache.ratis.thirdparty.io.netty.util.concurrent.FastThreadLocalRunnable.run(FastThreadLocalRunnable.java:30)
	... 1 more
Caused by: java.net.ConnectException: Connection refused
	... 11 more
2019-08-29 11:55:43,329 [6997f81c-1ecf-488f-a14c-812b649ddfad:group-FEC9ABEF0498:LeaderElection148] INFO  impl.LeaderElection (LogUtils.java:infoOrTrace(149)) - 6997f81c-1ecf-488f-a14c-812b649ddfad:group-FEC9ABEF0498:LeaderElection148 got exception when requesting votes: {}
java.util.concurrent.ExecutionException: org.apache.ratis.thirdparty.io.grpc.StatusRuntimeException: UNAVAILABLE: io exception
	at java.util.concurrent.FutureTask.report(FutureTask.java:122)
	at java.util.concurrent.FutureTask.get(FutureTask.java:192)
	at org.apache.ratis.server.impl.LeaderElection.waitForResults(LeaderElection.java:262)
	at org.apache.ratis.server.impl.LeaderElection.askForVotes(LeaderElection.java:200)
	at org.apache.ratis.server.impl.LeaderElection.run(LeaderElection.java:130)
	at java.lang.Thread.run(Thread.java:748)
Caused by: org.apache.ratis.thirdparty.io.grpc.StatusRuntimeException: UNAVAILABLE: io exception
	at org.apache.ratis.thirdparty.io.grpc.stub.ClientCalls.toStatusRuntimeException(ClientCalls.java:233)
	at org.apache.ratis.thirdparty.io.grpc.stub.ClientCalls.getUnchecked(ClientCalls.java:214)
	at org.apache.ratis.thirdparty.io.grpc.stub.ClientCalls.blockingUnaryCall(ClientCalls.java:139)
	at org.apache.ratis.proto.grpc.RaftServerProtocolServiceGrpc$RaftServerProtocolServiceBlockingStub.requestVote(RaftServerProtocolServiceGrpc.java:265)
	at org.apache.ratis.grpc.server.GrpcServerProtocolClient.requestVote(GrpcServerProtocolClient.java:83)
	at org.apache.ratis.grpc.server.GrpcService.requestVote(GrpcService.java:195)
	at org.apache.ratis.server.impl.LeaderElection.lambda$submitRequests$1(LeaderElection.java:237)
	at java.util.concurrent.FutureTask.run(FutureTask.java:266)
	at java.util.concurrent.Executors$RunnableAdapter.call(Executors.java:511)
	at java.util.concurrent.FutureTask.run(FutureTask.java:266)
	at java.util.concurrent.ThreadPoolExecutor.runWorker(ThreadPoolExecutor.java:1149)
	at java.util.concurrent.ThreadPoolExecutor$Worker.run(ThreadPoolExecutor.java:624)
	... 1 more
Caused by: org.apache.ratis.thirdparty.io.netty.channel.AbstractChannel$AnnotatedConnectException: Connection refused: /192.168.5.171:42495
	at sun.nio.ch.SocketChannelImpl.checkConnect(Native Method)
	at sun.nio.ch.SocketChannelImpl.finishConnect(SocketChannelImpl.java:717)
	at org.apache.ratis.thirdparty.io.netty.channel.socket.nio.NioSocketChannel.doFinishConnect(NioSocketChannel.java:327)
	at org.apache.ratis.thirdparty.io.netty.channel.nio.AbstractNioChannel$AbstractNioUnsafe.finishConnect(AbstractNioChannel.java:340)
	at org.apache.ratis.thirdparty.io.netty.channel.nio.NioEventLoop.processSelectedKey(NioEventLoop.java:632)
	at org.apache.ratis.thirdparty.io.netty.channel.nio.NioEventLoop.processSelectedKeysOptimized(NioEventLoop.java:579)
	at org.apache.ratis.thirdparty.io.netty.channel.nio.NioEventLoop.processSelectedKeys(NioEventLoop.java:496)
	at org.apache.ratis.thirdparty.io.netty.channel.nio.NioEventLoop.run(NioEventLoop.java:458)
	at org.apache.ratis.thirdparty.io.netty.util.concurrent.SingleThreadEventExecutor$5.run(SingleThreadEventExecutor.java:897)
	at org.apache.ratis.thirdparty.io.netty.util.concurrent.FastThreadLocalRunnable.run(FastThreadLocalRunnable.java:30)
	... 1 more
Caused by: java.net.ConnectException: Connection refused
	... 11 more
2019-08-29 11:55:43,330 [6997f81c-1ecf-488f-a14c-812b649ddfad:group-FEC9ABEF0498:LeaderElection148] INFO  impl.LeaderElection (LeaderElection.java:logAndReturn(56)) - 6997f81c-1ecf-488f-a14c-812b649ddfad:group-FEC9ABEF0498:LeaderElection148: Election REJECTED; received 0 response(s) [] and 2 exception(s); 6997f81c-1ecf-488f-a14c-812b649ddfad:t7, leader=null, voted=6997f81c-1ecf-488f-a14c-812b649ddfad, raftlog=6997f81c-1ecf-488f-a14c-812b649ddfad-SegmentedRaftLog:OPENED:c2,f2,i2, conf=0: [97e3324b-235f-4ceb-956e-993ee2fe234c:192.168.5.171:44511, 6997f81c-1ecf-488f-a14c-812b649ddfad:192.168.5.171:45289, edbdd45e-116e-45c7-951f-264ab28d364f:192.168.5.171:42495], old=null
2019-08-29 11:55:43,330 [6997f81c-1ecf-488f-a14c-812b649ddfad:group-FEC9ABEF0498:LeaderElection148] INFO  impl.LeaderElection (LogUtils.java:infoOrTrace(149)) -   Exception 0: {}
java.util.concurrent.ExecutionException: org.apache.ratis.thirdparty.io.grpc.StatusRuntimeException: UNAVAILABLE: io exception
	at java.util.concurrent.FutureTask.report(FutureTask.java:122)
	at java.util.concurrent.FutureTask.get(FutureTask.java:192)
	at org.apache.ratis.server.impl.LeaderElection.waitForResults(LeaderElection.java:262)
	at org.apache.ratis.server.impl.LeaderElection.askForVotes(LeaderElection.java:200)
	at org.apache.ratis.server.impl.LeaderElection.run(LeaderElection.java:130)
	at java.lang.Thread.run(Thread.java:748)
Caused by: org.apache.ratis.thirdparty.io.grpc.StatusRuntimeException: UNAVAILABLE: io exception
	at org.apache.ratis.thirdparty.io.grpc.stub.ClientCalls.toStatusRuntimeException(ClientCalls.java:233)
	at org.apache.ratis.thirdparty.io.grpc.stub.ClientCalls.getUnchecked(ClientCalls.java:214)
	at org.apache.ratis.thirdparty.io.grpc.stub.ClientCalls.blockingUnaryCall(ClientCalls.java:139)
	at org.apache.ratis.proto.grpc.RaftServerProtocolServiceGrpc$RaftServerProtocolServiceBlockingStub.requestVote(RaftServerProtocolServiceGrpc.java:265)
	at org.apache.ratis.grpc.server.GrpcServerProtocolClient.requestVote(GrpcServerProtocolClient.java:83)
	at org.apache.ratis.grpc.server.GrpcService.requestVote(GrpcService.java:195)
	at org.apache.ratis.server.impl.LeaderElection.lambda$submitRequests$1(LeaderElection.java:237)
	at java.util.concurrent.FutureTask.run(FutureTask.java:266)
	at java.util.concurrent.Executors$RunnableAdapter.call(Executors.java:511)
	at java.util.concurrent.FutureTask.run(FutureTask.java:266)
	at java.util.concurrent.ThreadPoolExecutor.runWorker(ThreadPoolExecutor.java:1149)
	at java.util.concurrent.ThreadPoolExecutor$Worker.run(ThreadPoolExecutor.java:624)
	... 1 more
Caused by: org.apache.ratis.thirdparty.io.netty.channel.AbstractChannel$AnnotatedConnectException: Connection refused: /192.168.5.171:44511
	at sun.nio.ch.SocketChannelImpl.checkConnect(Native Method)
	at sun.nio.ch.SocketChannelImpl.finishConnect(SocketChannelImpl.java:717)
	at org.apache.ratis.thirdparty.io.netty.channel.socket.nio.NioSocketChannel.doFinishConnect(NioSocketChannel.java:327)
	at org.apache.ratis.thirdparty.io.netty.channel.nio.AbstractNioChannel$AbstractNioUnsafe.finishConnect(AbstractNioChannel.java:340)
	at org.apache.ratis.thirdparty.io.netty.channel.nio.NioEventLoop.processSelectedKey(NioEventLoop.java:632)
	at org.apache.ratis.thirdparty.io.netty.channel.nio.NioEventLoop.processSelectedKeysOptimized(NioEventLoop.java:579)
	at org.apache.ratis.thirdparty.io.netty.channel.nio.NioEventLoop.processSelectedKeys(NioEventLoop.java:496)
	at org.apache.ratis.thirdparty.io.netty.channel.nio.NioEventLoop.run(NioEventLoop.java:458)
	at org.apache.ratis.thirdparty.io.netty.util.concurrent.SingleThreadEventExecutor$5.run(SingleThreadEventExecutor.java:897)
	at org.apache.ratis.thirdparty.io.netty.util.concurrent.FastThreadLocalRunnable.run(FastThreadLocalRunnable.java:30)
	... 1 more
Caused by: java.net.ConnectException: Connection refused
	... 11 more
2019-08-29 11:55:43,330 [6997f81c-1ecf-488f-a14c-812b649ddfad:group-FEC9ABEF0498:LeaderElection148] INFO  impl.LeaderElection (LogUtils.java:infoOrTrace(149)) -   Exception 1: {}
java.util.concurrent.ExecutionException: org.apache.ratis.thirdparty.io.grpc.StatusRuntimeException: UNAVAILABLE: io exception
	at java.util.concurrent.FutureTask.report(FutureTask.java:122)
	at java.util.concurrent.FutureTask.get(FutureTask.java:192)
	at org.apache.ratis.server.impl.LeaderElection.waitForResults(LeaderElection.java:262)
	at org.apache.ratis.server.impl.LeaderElection.askForVotes(LeaderElection.java:200)
	at org.apache.ratis.server.impl.LeaderElection.run(LeaderElection.java:130)
	at java.lang.Thread.run(Thread.java:748)
Caused by: org.apache.ratis.thirdparty.io.grpc.StatusRuntimeException: UNAVAILABLE: io exception
	at org.apache.ratis.thirdparty.io.grpc.stub.ClientCalls.toStatusRuntimeException(ClientCalls.java:233)
	at org.apache.ratis.thirdparty.io.grpc.stub.ClientCalls.getUnchecked(ClientCalls.java:214)
	at org.apache.ratis.thirdparty.io.grpc.stub.ClientCalls.blockingUnaryCall(ClientCalls.java:139)
	at org.apache.ratis.proto.grpc.RaftServerProtocolServiceGrpc$RaftServerProtocolServiceBlockingStub.requestVote(RaftServerProtocolServiceGrpc.java:265)
	at org.apache.ratis.grpc.server.GrpcServerProtocolClient.requestVote(GrpcServerProtocolClient.java:83)
	at org.apache.ratis.grpc.server.GrpcService.requestVote(GrpcService.java:195)
	at org.apache.ratis.server.impl.LeaderElection.lambda$submitRequests$1(LeaderElection.java:237)
	at java.util.concurrent.FutureTask.run(FutureTask.java:266)
	at java.util.concurrent.Executors$RunnableAdapter.call(Executors.java:511)
	at java.util.concurrent.FutureTask.run(FutureTask.java:266)
	at java.util.concurrent.ThreadPoolExecutor.runWorker(ThreadPoolExecutor.java:1149)
	at java.util.concurrent.ThreadPoolExecutor$Worker.run(ThreadPoolExecutor.java:624)
	... 1 more
Caused by: org.apache.ratis.thirdparty.io.netty.channel.AbstractChannel$AnnotatedConnectException: Connection refused: /192.168.5.171:42495
	at sun.nio.ch.SocketChannelImpl.checkConnect(Native Method)
	at sun.nio.ch.SocketChannelImpl.finishConnect(SocketChannelImpl.java:717)
	at org.apache.ratis.thirdparty.io.netty.channel.socket.nio.NioSocketChannel.doFinishConnect(NioSocketChannel.java:327)
	at org.apache.ratis.thirdparty.io.netty.channel.nio.AbstractNioChannel$AbstractNioUnsafe.finishConnect(AbstractNioChannel.java:340)
	at org.apache.ratis.thirdparty.io.netty.channel.nio.NioEventLoop.processSelectedKey(NioEventLoop.java:632)
	at org.apache.ratis.thirdparty.io.netty.channel.nio.NioEventLoop.processSelectedKeysOptimized(NioEventLoop.java:579)
	at org.apache.ratis.thirdparty.io.netty.channel.nio.NioEventLoop.processSelectedKeys(NioEventLoop.java:496)
	at org.apache.ratis.thirdparty.io.netty.channel.nio.NioEventLoop.run(NioEventLoop.java:458)
	at org.apache.ratis.thirdparty.io.netty.util.concurrent.SingleThreadEventExecutor$5.run(SingleThreadEventExecutor.java:897)
	at org.apache.ratis.thirdparty.io.netty.util.concurrent.FastThreadLocalRunnable.run(FastThreadLocalRunnable.java:30)
	... 1 more
Caused by: java.net.ConnectException: Connection refused
	... 11 more
2019-08-29 11:55:43,330 [6997f81c-1ecf-488f-a14c-812b649ddfad:group-FEC9ABEF0498:LeaderElection148] INFO  impl.RaftServerImpl (RaftServerImpl.java:setRole(171)) - 6997f81c-1ecf-488f-a14c-812b649ddfad:group-FEC9ABEF0498 changes role from CANDIDATE to FOLLOWER at term 7 for DISCOVERED_A_NEW_TERM
2019-08-29 11:55:43,331 [6997f81c-1ecf-488f-a14c-812b649ddfad:group-FEC9ABEF0498:LeaderElection148] INFO  impl.RoleInfo (RoleInfo.java:shutdownLeaderElection(134)) - 6997f81c-1ecf-488f-a14c-812b649ddfad: shutdown LeaderElection
2019-08-29 11:55:43,331 [6997f81c-1ecf-488f-a14c-812b649ddfad:group-FEC9ABEF0498:LeaderElection148] INFO  impl.RoleInfo (RoleInfo.java:updateAndGet(143)) - 6997f81c-1ecf-488f-a14c-812b649ddfad: start FollowerState
2019-08-29 11:55:43,492 [grpc-default-executor-10] WARN  server.GrpcLogAppender (LogUtils.java:warn(134)) - 368ac840-1874-400c-9a5e-97ce3a83695d->822b3223-74a0-44c8-ae72-b72e27a17b65: Failed appendEntries: org.apache.ratis.thirdparty.io.grpc.StatusRuntimeException: UNAVAILABLE: io exception
2019-08-29 11:55:43,493 [grpc-default-executor-10] INFO  impl.FollowerInfo (FollowerInfo.java:lambda$new$0(50)) - 368ac840-1874-400c-9a5e-97ce3a83695d->822b3223-74a0-44c8-ae72-b72e27a17b65: nextIndex: updateUnconditionally 0 -> 0
2019-08-29 11:55:43,507 [grpc-default-executor-10] WARN  server.GrpcLogAppender (LogUtils.java:warn(134)) - 368ac840-1874-400c-9a5e-97ce3a83695d->21c7cf7b-6251-48a4-bdb1-01914484bde5: Failed appendEntries: org.apache.ratis.thirdparty.io.grpc.StatusRuntimeException: UNAVAILABLE: io exception
2019-08-29 11:55:43,507 [grpc-default-executor-10] INFO  impl.FollowerInfo (FollowerInfo.java:lambda$new$0(50)) - 368ac840-1874-400c-9a5e-97ce3a83695d->21c7cf7b-6251-48a4-bdb1-01914484bde5: nextIndex: updateUnconditionally 2 -> 1
2019-08-29 11:55:43,929 [Datanode State Machine Thread - 0] INFO  statemachine.DatanodeStateMachine (DatanodeStateMachine.java:lambda$startDaemon$0(350)) - Ozone container server started.
2019-08-29 11:55:43,993 [grpc-default-executor-3] WARN  server.GrpcLogAppender (LogUtils.java:warn(134)) - 368ac840-1874-400c-9a5e-97ce3a83695d->822b3223-74a0-44c8-ae72-b72e27a17b65: Failed appendEntries: org.apache.ratis.thirdparty.io.grpc.StatusRuntimeException: UNAVAILABLE: io exception
2019-08-29 11:55:43,994 [grpc-default-executor-3] INFO  impl.FollowerInfo (FollowerInfo.java:lambda$new$0(50)) - 368ac840-1874-400c-9a5e-97ce3a83695d->822b3223-74a0-44c8-ae72-b72e27a17b65: nextIndex: updateUnconditionally 0 -> 0
2019-08-29 11:55:44,007 [grpc-default-executor-3] WARN  server.GrpcLogAppender (LogUtils.java:warn(134)) - 368ac840-1874-400c-9a5e-97ce3a83695d->21c7cf7b-6251-48a4-bdb1-01914484bde5: Failed appendEntries: org.apache.ratis.thirdparty.io.grpc.StatusRuntimeException: UNAVAILABLE: io exception
2019-08-29 11:55:44,008 [grpc-default-executor-3] INFO  impl.FollowerInfo (FollowerInfo.java:lambda$new$0(50)) - 368ac840-1874-400c-9a5e-97ce3a83695d->21c7cf7b-6251-48a4-bdb1-01914484bde5: nextIndex: updateUnconditionally 1 -> 0
2019-08-29 11:55:44,464 [Thread-3564] INFO  impl.FollowerState (FollowerState.java:run(106)) - 6997f81c-1ecf-488f-a14c-812b649ddfad:group-FEC9ABEF0498 changes to CANDIDATE, lastRpcTime:1133, electionTimeout:1133ms
2019-08-29 11:55:44,464 [Thread-3564] INFO  impl.RoleInfo (RoleInfo.java:shutdownFollowerState(121)) - 6997f81c-1ecf-488f-a14c-812b649ddfad: shutdown FollowerState
2019-08-29 11:55:44,464 [Thread-3564] INFO  impl.RaftServerImpl (RaftServerImpl.java:setRole(171)) - 6997f81c-1ecf-488f-a14c-812b649ddfad:group-FEC9ABEF0498 changes role from FOLLOWER to CANDIDATE at term 7 for changeToCandidate
2019-08-29 11:55:44,465 [Thread-3564] INFO  impl.RoleInfo (RoleInfo.java:updateAndGet(143)) - 6997f81c-1ecf-488f-a14c-812b649ddfad: start LeaderElection
2019-08-29 11:55:44,492 [6997f81c-1ecf-488f-a14c-812b649ddfad:group-FEC9ABEF0498:LeaderElection149] INFO  impl.LeaderElection (LeaderElection.java:askForVotes(181)) - 6997f81c-1ecf-488f-a14c-812b649ddfad:group-FEC9ABEF0498:LeaderElection149: begin an election at term 8 for 0: [97e3324b-235f-4ceb-956e-993ee2fe234c:192.168.5.171:44511, 6997f81c-1ecf-488f-a14c-812b649ddfad:192.168.5.171:45289, edbdd45e-116e-45c7-951f-264ab28d364f:192.168.5.171:42495], old=null
2019-08-29 11:55:44,493 [6997f81c-1ecf-488f-a14c-812b649ddfad:group-FEC9ABEF0498:LeaderElection149] INFO  impl.LeaderElection (LogUtils.java:infoOrTrace(149)) - 6997f81c-1ecf-488f-a14c-812b649ddfad:group-FEC9ABEF0498:LeaderElection149 got exception when requesting votes: {}
java.util.concurrent.ExecutionException: org.apache.ratis.thirdparty.io.grpc.StatusRuntimeException: UNAVAILABLE: io exception
	at java.util.concurrent.FutureTask.report(FutureTask.java:122)
	at java.util.concurrent.FutureTask.get(FutureTask.java:192)
	at org.apache.ratis.server.impl.LeaderElection.waitForResults(LeaderElection.java:262)
	at org.apache.ratis.server.impl.LeaderElection.askForVotes(LeaderElection.java:200)
	at org.apache.ratis.server.impl.LeaderElection.run(LeaderElection.java:130)
	at java.lang.Thread.run(Thread.java:748)
Caused by: org.apache.ratis.thirdparty.io.grpc.StatusRuntimeException: UNAVAILABLE: io exception
	at org.apache.ratis.thirdparty.io.grpc.stub.ClientCalls.toStatusRuntimeException(ClientCalls.java:233)
	at org.apache.ratis.thirdparty.io.grpc.stub.ClientCalls.getUnchecked(ClientCalls.java:214)
	at org.apache.ratis.thirdparty.io.grpc.stub.ClientCalls.blockingUnaryCall(ClientCalls.java:139)
	at org.apache.ratis.proto.grpc.RaftServerProtocolServiceGrpc$RaftServerProtocolServiceBlockingStub.requestVote(RaftServerProtocolServiceGrpc.java:265)
	at org.apache.ratis.grpc.server.GrpcServerProtocolClient.requestVote(GrpcServerProtocolClient.java:83)
	at org.apache.ratis.grpc.server.GrpcService.requestVote(GrpcService.java:195)
	at org.apache.ratis.server.impl.LeaderElection.lambda$submitRequests$1(LeaderElection.java:237)
	at java.util.concurrent.FutureTask.run(FutureTask.java:266)
	at java.util.concurrent.Executors$RunnableAdapter.call(Executors.java:511)
	at java.util.concurrent.FutureTask.run(FutureTask.java:266)
	at java.util.concurrent.ThreadPoolExecutor.runWorker(ThreadPoolExecutor.java:1149)
	at java.util.concurrent.ThreadPoolExecutor$Worker.run(ThreadPoolExecutor.java:624)
	... 1 more
Caused by: org.apache.ratis.thirdparty.io.netty.channel.AbstractChannel$AnnotatedConnectException: Connection refused: /192.168.5.171:44511
	at sun.nio.ch.SocketChannelImpl.checkConnect(Native Method)
	at sun.nio.ch.SocketChannelImpl.finishConnect(SocketChannelImpl.java:717)
	at org.apache.ratis.thirdparty.io.netty.channel.socket.nio.NioSocketChannel.doFinishConnect(NioSocketChannel.java:327)
	at org.apache.ratis.thirdparty.io.netty.channel.nio.AbstractNioChannel$AbstractNioUnsafe.finishConnect(AbstractNioChannel.java:340)
	at org.apache.ratis.thirdparty.io.netty.channel.nio.NioEventLoop.processSelectedKey(NioEventLoop.java:632)
	at org.apache.ratis.thirdparty.io.netty.channel.nio.NioEventLoop.processSelectedKeysOptimized(NioEventLoop.java:579)
	at org.apache.ratis.thirdparty.io.netty.channel.nio.NioEventLoop.processSelectedKeys(NioEventLoop.java:496)
	at org.apache.ratis.thirdparty.io.netty.channel.nio.NioEventLoop.run(NioEventLoop.java:458)
	at org.apache.ratis.thirdparty.io.netty.util.concurrent.SingleThreadEventExecutor$5.run(SingleThreadEventExecutor.java:897)
	at org.apache.ratis.thirdparty.io.netty.util.concurrent.FastThreadLocalRunnable.run(FastThreadLocalRunnable.java:30)
	... 1 more
Caused by: java.net.ConnectException: Connection refused
	... 11 more
2019-08-29 11:55:44,494 [6997f81c-1ecf-488f-a14c-812b649ddfad:group-FEC9ABEF0498:LeaderElection149] INFO  impl.LeaderElection (LogUtils.java:infoOrTrace(149)) - 6997f81c-1ecf-488f-a14c-812b649ddfad:group-FEC9ABEF0498:LeaderElection149 got exception when requesting votes: {}
java.util.concurrent.ExecutionException: org.apache.ratis.thirdparty.io.grpc.StatusRuntimeException: UNAVAILABLE: io exception
	at java.util.concurrent.FutureTask.report(FutureTask.java:122)
	at java.util.concurrent.FutureTask.get(FutureTask.java:192)
	at org.apache.ratis.server.impl.LeaderElection.waitForResults(LeaderElection.java:262)
	at org.apache.ratis.server.impl.LeaderElection.askForVotes(LeaderElection.java:200)
	at org.apache.ratis.server.impl.LeaderElection.run(LeaderElection.java:130)
	at java.lang.Thread.run(Thread.java:748)
Caused by: org.apache.ratis.thirdparty.io.grpc.StatusRuntimeException: UNAVAILABLE: io exception
	at org.apache.ratis.thirdparty.io.grpc.stub.ClientCalls.toStatusRuntimeException(ClientCalls.java:233)
	at org.apache.ratis.thirdparty.io.grpc.stub.ClientCalls.getUnchecked(ClientCalls.java:214)
	at org.apache.ratis.thirdparty.io.grpc.stub.ClientCalls.blockingUnaryCall(ClientCalls.java:139)
	at org.apache.ratis.proto.grpc.RaftServerProtocolServiceGrpc$RaftServerProtocolServiceBlockingStub.requestVote(RaftServerProtocolServiceGrpc.java:265)
	at org.apache.ratis.grpc.server.GrpcServerProtocolClient.requestVote(GrpcServerProtocolClient.java:83)
	at org.apache.ratis.grpc.server.GrpcService.requestVote(GrpcService.java:195)
	at org.apache.ratis.server.impl.LeaderElection.lambda$submitRequests$1(LeaderElection.java:237)
	at java.util.concurrent.FutureTask.run(FutureTask.java:266)
	at java.util.concurrent.Executors$RunnableAdapter.call(Executors.java:511)
	at java.util.concurrent.FutureTask.run(FutureTask.java:266)
	at java.util.concurrent.ThreadPoolExecutor.runWorker(ThreadPoolExecutor.java:1149)
	at java.util.concurrent.ThreadPoolExecutor$Worker.run(ThreadPoolExecutor.java:624)
	... 1 more
Caused by: org.apache.ratis.thirdparty.io.netty.channel.AbstractChannel$AnnotatedConnectException: Connection refused: /192.168.5.171:42495
	at sun.nio.ch.SocketChannelImpl.checkConnect(Native Method)
	at sun.nio.ch.SocketChannelImpl.finishConnect(SocketChannelImpl.java:717)
	at org.apache.ratis.thirdparty.io.netty.channel.socket.nio.NioSocketChannel.doFinishConnect(NioSocketChannel.java:327)
	at org.apache.ratis.thirdparty.io.netty.channel.nio.AbstractNioChannel$AbstractNioUnsafe.finishConnect(AbstractNioChannel.java:340)
	at org.apache.ratis.thirdparty.io.netty.channel.nio.NioEventLoop.processSelectedKey(NioEventLoop.java:632)
	at org.apache.ratis.thirdparty.io.netty.channel.nio.NioEventLoop.processSelectedKeysOptimized(NioEventLoop.java:579)
	at org.apache.ratis.thirdparty.io.netty.channel.nio.NioEventLoop.processSelectedKeys(NioEventLoop.java:496)
	at org.apache.ratis.thirdparty.io.netty.channel.nio.NioEventLoop.run(NioEventLoop.java:458)
	at org.apache.ratis.thirdparty.io.netty.util.concurrent.SingleThreadEventExecutor$5.run(SingleThreadEventExecutor.java:897)
	at org.apache.ratis.thirdparty.io.netty.util.concurrent.FastThreadLocalRunnable.run(FastThreadLocalRunnable.java:30)
	... 1 more
Caused by: java.net.ConnectException: Connection refused
	... 11 more
2019-08-29 11:55:44,494 [grpc-default-executor-9] WARN  server.GrpcLogAppender (LogUtils.java:warn(134)) - 368ac840-1874-400c-9a5e-97ce3a83695d->822b3223-74a0-44c8-ae72-b72e27a17b65: Failed appendEntries: org.apache.ratis.thirdparty.io.grpc.StatusRuntimeException: UNAVAILABLE: io exception
2019-08-29 11:55:44,495 [6997f81c-1ecf-488f-a14c-812b649ddfad:group-FEC9ABEF0498:LeaderElection149] INFO  impl.LeaderElection (LeaderElection.java:logAndReturn(56)) - 6997f81c-1ecf-488f-a14c-812b649ddfad:group-FEC9ABEF0498:LeaderElection149: Election REJECTED; received 0 response(s) [] and 2 exception(s); 6997f81c-1ecf-488f-a14c-812b649ddfad:t8, leader=null, voted=6997f81c-1ecf-488f-a14c-812b649ddfad, raftlog=6997f81c-1ecf-488f-a14c-812b649ddfad-SegmentedRaftLog:OPENED:c2,f2,i2, conf=0: [97e3324b-235f-4ceb-956e-993ee2fe234c:192.168.5.171:44511, 6997f81c-1ecf-488f-a14c-812b649ddfad:192.168.5.171:45289, edbdd45e-116e-45c7-951f-264ab28d364f:192.168.5.171:42495], old=null
2019-08-29 11:55:44,495 [6997f81c-1ecf-488f-a14c-812b649ddfad:group-FEC9ABEF0498:LeaderElection149] INFO  impl.LeaderElection (LogUtils.java:infoOrTrace(149)) -   Exception 0: {}
java.util.concurrent.ExecutionException: org.apache.ratis.thirdparty.io.grpc.StatusRuntimeException: UNAVAILABLE: io exception
	at java.util.concurrent.FutureTask.report(FutureTask.java:122)
	at java.util.concurrent.FutureTask.get(FutureTask.java:192)
	at org.apache.ratis.server.impl.LeaderElection.waitForResults(LeaderElection.java:262)
	at org.apache.ratis.server.impl.LeaderElection.askForVotes(LeaderElection.java:200)
	at org.apache.ratis.server.impl.LeaderElection.run(LeaderElection.java:130)
	at java.lang.Thread.run(Thread.java:748)
Caused by: org.apache.ratis.thirdparty.io.grpc.StatusRuntimeException: UNAVAILABLE: io exception
	at org.apache.ratis.thirdparty.io.grpc.stub.ClientCalls.toStatusRuntimeException(ClientCalls.java:233)
	at org.apache.ratis.thirdparty.io.grpc.stub.ClientCalls.getUnchecked(ClientCalls.java:214)
	at org.apache.ratis.thirdparty.io.grpc.stub.ClientCalls.blockingUnaryCall(ClientCalls.java:139)
	at org.apache.ratis.proto.grpc.RaftServerProtocolServiceGrpc$RaftServerProtocolServiceBlockingStub.requestVote(RaftServerProtocolServiceGrpc.java:265)
	at org.apache.ratis.grpc.server.GrpcServerProtocolClient.requestVote(GrpcServerProtocolClient.java:83)
	at org.apache.ratis.grpc.server.GrpcService.requestVote(GrpcService.java:195)
	at org.apache.ratis.server.impl.LeaderElection.lambda$submitRequests$1(LeaderElection.java:237)
	at java.util.concurrent.FutureTask.run(FutureTask.java:266)
	at java.util.concurrent.Executors$RunnableAdapter.call(Executors.java:511)
	at java.util.concurrent.FutureTask.run(FutureTask.java:266)
	at java.util.concurrent.ThreadPoolExecutor.runWorker(ThreadPoolExecutor.java:1149)
	at java.util.concurrent.ThreadPoolExecutor$Worker.run(ThreadPoolExecutor.java:624)
	... 1 more
Caused by: org.apache.ratis.thirdparty.io.netty.channel.AbstractChannel$AnnotatedConnectException: Connection refused: /192.168.5.171:44511
	at sun.nio.ch.SocketChannelImpl.checkConnect(Native Method)
	at sun.nio.ch.SocketChannelImpl.finishConnect(SocketChannelImpl.java:717)
	at org.apache.ratis.thirdparty.io.netty.channel.socket.nio.NioSocketChannel.doFinishConnect(NioSocketChannel.java:327)
	at org.apache.ratis.thirdparty.io.netty.channel.nio.AbstractNioChannel$AbstractNioUnsafe.finishConnect(AbstractNioChannel.java:340)
	at org.apache.ratis.thirdparty.io.netty.channel.nio.NioEventLoop.processSelectedKey(NioEventLoop.java:632)
	at org.apache.ratis.thirdparty.io.netty.channel.nio.NioEventLoop.processSelectedKeysOptimized(NioEventLoop.java:579)
	at org.apache.ratis.thirdparty.io.netty.channel.nio.NioEventLoop.processSelectedKeys(NioEventLoop.java:496)
	at org.apache.ratis.thirdparty.io.netty.channel.nio.NioEventLoop.run(NioEventLoop.java:458)
	at org.apache.ratis.thirdparty.io.netty.util.concurrent.SingleThreadEventExecutor$5.run(SingleThreadEventExecutor.java:897)
	at org.apache.ratis.thirdparty.io.netty.util.concurrent.FastThreadLocalRunnable.run(FastThreadLocalRunnable.java:30)
	... 1 more
Caused by: java.net.ConnectException: Connection refused
	... 11 more
2019-08-29 11:55:44,495 [6997f81c-1ecf-488f-a14c-812b649ddfad:group-FEC9ABEF0498:LeaderElection149] INFO  impl.LeaderElection (LogUtils.java:infoOrTrace(149)) -   Exception 1: {}
java.util.concurrent.ExecutionException: org.apache.ratis.thirdparty.io.grpc.StatusRuntimeException: UNAVAILABLE: io exception
	at java.util.concurrent.FutureTask.report(FutureTask.java:122)
	at java.util.concurrent.FutureTask.get(FutureTask.java:192)
	at org.apache.ratis.server.impl.LeaderElection.waitForResults(LeaderElection.java:262)
	at org.apache.ratis.server.impl.LeaderElection.askForVotes(LeaderElection.java:200)
	at org.apache.ratis.server.impl.LeaderElection.run(LeaderElection.java:130)
	at java.lang.Thread.run(Thread.java:748)
Caused by: org.apache.ratis.thirdparty.io.grpc.StatusRuntimeException: UNAVAILABLE: io exception
	at org.apache.ratis.thirdparty.io.grpc.stub.ClientCalls.toStatusRuntimeException(ClientCalls.java:233)
	at org.apache.ratis.thirdparty.io.grpc.stub.ClientCalls.getUnchecked(ClientCalls.java:214)
	at org.apache.ratis.thirdparty.io.grpc.stub.ClientCalls.blockingUnaryCall(ClientCalls.java:139)
	at org.apache.ratis.proto.grpc.RaftServerProtocolServiceGrpc$RaftServerProtocolServiceBlockingStub.requestVote(RaftServerProtocolServiceGrpc.java:265)
	at org.apache.ratis.grpc.server.GrpcServerProtocolClient.requestVote(GrpcServerProtocolClient.java:83)
	at org.apache.ratis.grpc.server.GrpcService.requestVote(GrpcService.java:195)
	at org.apache.ratis.server.impl.LeaderElection.lambda$submitRequests$1(LeaderElection.java:237)
	at java.util.concurrent.FutureTask.run(FutureTask.java:266)
	at java.util.concurrent.Executors$RunnableAdapter.call(Executors.java:511)
	at java.util.concurrent.FutureTask.run(FutureTask.java:266)
	at java.util.concurrent.ThreadPoolExecutor.runWorker(ThreadPoolExecutor.java:1149)
	at java.util.concurrent.ThreadPoolExecutor$Worker.run(ThreadPoolExecutor.java:624)
	... 1 more
Caused by: org.apache.ratis.thirdparty.io.netty.channel.AbstractChannel$AnnotatedConnectException: Connection refused: /192.168.5.171:42495
	at sun.nio.ch.SocketChannelImpl.checkConnect(Native Method)
	at sun.nio.ch.SocketChannelImpl.finishConnect(SocketChannelImpl.java:717)
	at org.apache.ratis.thirdparty.io.netty.channel.socket.nio.NioSocketChannel.doFinishConnect(NioSocketChannel.java:327)
	at org.apache.ratis.thirdparty.io.netty.channel.nio.AbstractNioChannel$AbstractNioUnsafe.finishConnect(AbstractNioChannel.java:340)
	at org.apache.ratis.thirdparty.io.netty.channel.nio.NioEventLoop.processSelectedKey(NioEventLoop.java:632)
	at org.apache.ratis.thirdparty.io.netty.channel.nio.NioEventLoop.processSelectedKeysOptimized(NioEventLoop.java:579)
	at org.apache.ratis.thirdparty.io.netty.channel.nio.NioEventLoop.processSelectedKeys(NioEventLoop.java:496)
	at org.apache.ratis.thirdparty.io.netty.channel.nio.NioEventLoop.run(NioEventLoop.java:458)
	at org.apache.ratis.thirdparty.io.netty.util.concurrent.SingleThreadEventExecutor$5.run(SingleThreadEventExecutor.java:897)
	at org.apache.ratis.thirdparty.io.netty.util.concurrent.FastThreadLocalRunnable.run(FastThreadLocalRunnable.java:30)
	... 1 more
Caused by: java.net.ConnectException: Connection refused
	... 11 more
2019-08-29 11:55:44,495 [grpc-default-executor-9] INFO  impl.FollowerInfo (FollowerInfo.java:lambda$new$0(50)) - 368ac840-1874-400c-9a5e-97ce3a83695d->822b3223-74a0-44c8-ae72-b72e27a17b65: nextIndex: updateUnconditionally 0 -> 0
2019-08-29 11:55:44,495 [6997f81c-1ecf-488f-a14c-812b649ddfad:group-FEC9ABEF0498:LeaderElection149] INFO  impl.RaftServerImpl (RaftServerImpl.java:setRole(171)) - 6997f81c-1ecf-488f-a14c-812b649ddfad:group-FEC9ABEF0498 changes role from CANDIDATE to FOLLOWER at term 8 for DISCOVERED_A_NEW_TERM
2019-08-29 11:55:44,496 [6997f81c-1ecf-488f-a14c-812b649ddfad:group-FEC9ABEF0498:LeaderElection149] INFO  impl.RoleInfo (RoleInfo.java:shutdownLeaderElection(134)) - 6997f81c-1ecf-488f-a14c-812b649ddfad: shutdown LeaderElection
2019-08-29 11:55:44,496 [6997f81c-1ecf-488f-a14c-812b649ddfad:group-FEC9ABEF0498:LeaderElection149] INFO  impl.RoleInfo (RoleInfo.java:updateAndGet(143)) - 6997f81c-1ecf-488f-a14c-812b649ddfad: start FollowerState
2019-08-29 11:55:44,508 [grpc-default-executor-9] WARN  server.GrpcLogAppender (LogUtils.java:warn(134)) - 368ac840-1874-400c-9a5e-97ce3a83695d->21c7cf7b-6251-48a4-bdb1-01914484bde5: Failed appendEntries: org.apache.ratis.thirdparty.io.grpc.StatusRuntimeException: UNAVAILABLE: io exception
2019-08-29 11:55:44,508 [grpc-default-executor-9] INFO  impl.FollowerInfo (FollowerInfo.java:lambda$new$0(50)) - 368ac840-1874-400c-9a5e-97ce3a83695d->21c7cf7b-6251-48a4-bdb1-01914484bde5: nextIndex: updateUnconditionally 0 -> 0
2019-08-29 11:55:44,995 [grpc-default-executor-10] WARN  server.GrpcLogAppender (LogUtils.java:warn(134)) - 368ac840-1874-400c-9a5e-97ce3a83695d->822b3223-74a0-44c8-ae72-b72e27a17b65: Failed appendEntries: org.apache.ratis.thirdparty.io.grpc.StatusRuntimeException: UNAVAILABLE: io exception
2019-08-29 11:55:44,995 [grpc-default-executor-10] INFO  impl.FollowerInfo (FollowerInfo.java:lambda$new$0(50)) - 368ac840-1874-400c-9a5e-97ce3a83695d->822b3223-74a0-44c8-ae72-b72e27a17b65: nextIndex: updateUnconditionally 0 -> 0
2019-08-29 11:55:45,008 [grpc-default-executor-10] WARN  server.GrpcLogAppender (LogUtils.java:warn(134)) - 368ac840-1874-400c-9a5e-97ce3a83695d->21c7cf7b-6251-48a4-bdb1-01914484bde5: Failed appendEntries: org.apache.ratis.thirdparty.io.grpc.StatusRuntimeException: UNAVAILABLE: io exception
2019-08-29 11:55:45,009 [grpc-default-executor-10] INFO  impl.FollowerInfo (FollowerInfo.java:lambda$new$0(50)) - 368ac840-1874-400c-9a5e-97ce3a83695d->21c7cf7b-6251-48a4-bdb1-01914484bde5: nextIndex: updateUnconditionally 0 -> 0
2019-08-29 11:55:45,495 [grpc-default-executor-3] WARN  server.GrpcLogAppender (LogUtils.java:warn(134)) - 368ac840-1874-400c-9a5e-97ce3a83695d->822b3223-74a0-44c8-ae72-b72e27a17b65: Failed appendEntries: org.apache.ratis.thirdparty.io.grpc.StatusRuntimeException: UNAVAILABLE: io exception
2019-08-29 11:55:45,496 [grpc-default-executor-3] INFO  impl.FollowerInfo (FollowerInfo.java:lambda$new$0(50)) - 368ac840-1874-400c-9a5e-97ce3a83695d->822b3223-74a0-44c8-ae72-b72e27a17b65: nextIndex: updateUnconditionally 0 -> 0
2019-08-29 11:55:45,509 [grpc-default-executor-3] WARN  server.GrpcLogAppender (LogUtils.java:warn(134)) - 368ac840-1874-400c-9a5e-97ce3a83695d->21c7cf7b-6251-48a4-bdb1-01914484bde5: Failed appendEntries: org.apache.ratis.thirdparty.io.grpc.StatusRuntimeException: UNAVAILABLE: io exception
2019-08-29 11:55:45,510 [grpc-default-executor-3] INFO  impl.FollowerInfo (FollowerInfo.java:lambda$new$0(50)) - 368ac840-1874-400c-9a5e-97ce3a83695d->21c7cf7b-6251-48a4-bdb1-01914484bde5: nextIndex: updateUnconditionally 0 -> 0
2019-08-29 11:55:45,549 [Thread-3568] INFO  impl.FollowerState (FollowerState.java:run(106)) - 6997f81c-1ecf-488f-a14c-812b649ddfad:group-FEC9ABEF0498 changes to CANDIDATE, lastRpcTime:1052, electionTimeout:1052ms
2019-08-29 11:55:45,549 [Thread-3568] INFO  impl.RoleInfo (RoleInfo.java:shutdownFollowerState(121)) - 6997f81c-1ecf-488f-a14c-812b649ddfad: shutdown FollowerState
2019-08-29 11:55:45,549 [Thread-3568] INFO  impl.RaftServerImpl (RaftServerImpl.java:setRole(171)) - 6997f81c-1ecf-488f-a14c-812b649ddfad:group-FEC9ABEF0498 changes role from FOLLOWER to CANDIDATE at term 8 for changeToCandidate
2019-08-29 11:55:45,549 [Thread-3568] INFO  impl.RoleInfo (RoleInfo.java:updateAndGet(143)) - 6997f81c-1ecf-488f-a14c-812b649ddfad: start LeaderElection
2019-08-29 11:55:45,571 [6997f81c-1ecf-488f-a14c-812b649ddfad:group-FEC9ABEF0498:LeaderElection150] INFO  impl.LeaderElection (LeaderElection.java:askForVotes(181)) - 6997f81c-1ecf-488f-a14c-812b649ddfad:group-FEC9ABEF0498:LeaderElection150: begin an election at term 9 for 0: [97e3324b-235f-4ceb-956e-993ee2fe234c:192.168.5.171:44511, 6997f81c-1ecf-488f-a14c-812b649ddfad:192.168.5.171:45289, edbdd45e-116e-45c7-951f-264ab28d364f:192.168.5.171:42495], old=null
2019-08-29 11:55:45,573 [6997f81c-1ecf-488f-a14c-812b649ddfad:group-FEC9ABEF0498:LeaderElection150] INFO  impl.LeaderElection (LogUtils.java:infoOrTrace(149)) - 6997f81c-1ecf-488f-a14c-812b649ddfad:group-FEC9ABEF0498:LeaderElection150 got exception when requesting votes: {}
java.util.concurrent.ExecutionException: org.apache.ratis.thirdparty.io.grpc.StatusRuntimeException: UNAVAILABLE: io exception
	at java.util.concurrent.FutureTask.report(FutureTask.java:122)
	at java.util.concurrent.FutureTask.get(FutureTask.java:192)
	at org.apache.ratis.server.impl.LeaderElection.waitForResults(LeaderElection.java:262)
	at org.apache.ratis.server.impl.LeaderElection.askForVotes(LeaderElection.java:200)
	at org.apache.ratis.server.impl.LeaderElection.run(LeaderElection.java:130)
	at java.lang.Thread.run(Thread.java:748)
Caused by: org.apache.ratis.thirdparty.io.grpc.StatusRuntimeException: UNAVAILABLE: io exception
	at org.apache.ratis.thirdparty.io.grpc.stub.ClientCalls.toStatusRuntimeException(ClientCalls.java:233)
	at org.apache.ratis.thirdparty.io.grpc.stub.ClientCalls.getUnchecked(ClientCalls.java:214)
	at org.apache.ratis.thirdparty.io.grpc.stub.ClientCalls.blockingUnaryCall(ClientCalls.java:139)
	at org.apache.ratis.proto.grpc.RaftServerProtocolServiceGrpc$RaftServerProtocolServiceBlockingStub.requestVote(RaftServerProtocolServiceGrpc.java:265)
	at org.apache.ratis.grpc.server.GrpcServerProtocolClient.requestVote(GrpcServerProtocolClient.java:83)
	at org.apache.ratis.grpc.server.GrpcService.requestVote(GrpcService.java:195)
	at org.apache.ratis.server.impl.LeaderElection.lambda$submitRequests$1(LeaderElection.java:237)
	at java.util.concurrent.FutureTask.run(FutureTask.java:266)
	at java.util.concurrent.Executors$RunnableAdapter.call(Executors.java:511)
	at java.util.concurrent.FutureTask.run(FutureTask.java:266)
	at java.util.concurrent.ThreadPoolExecutor.runWorker(ThreadPoolExecutor.java:1149)
	at java.util.concurrent.ThreadPoolExecutor$Worker.run(ThreadPoolExecutor.java:624)
	... 1 more
Caused by: org.apache.ratis.thirdparty.io.netty.channel.AbstractChannel$AnnotatedConnectException: Connection refused: /192.168.5.171:44511
	at sun.nio.ch.SocketChannelImpl.checkConnect(Native Method)
	at sun.nio.ch.SocketChannelImpl.finishConnect(SocketChannelImpl.java:717)
	at org.apache.ratis.thirdparty.io.netty.channel.socket.nio.NioSocketChannel.doFinishConnect(NioSocketChannel.java:327)
	at org.apache.ratis.thirdparty.io.netty.channel.nio.AbstractNioChannel$AbstractNioUnsafe.finishConnect(AbstractNioChannel.java:340)
	at org.apache.ratis.thirdparty.io.netty.channel.nio.NioEventLoop.processSelectedKey(NioEventLoop.java:632)
	at org.apache.ratis.thirdparty.io.netty.channel.nio.NioEventLoop.processSelectedKeysOptimized(NioEventLoop.java:579)
	at org.apache.ratis.thirdparty.io.netty.channel.nio.NioEventLoop.processSelectedKeys(NioEventLoop.java:496)
	at org.apache.ratis.thirdparty.io.netty.channel.nio.NioEventLoop.run(NioEventLoop.java:458)
	at org.apache.ratis.thirdparty.io.netty.util.concurrent.SingleThreadEventExecutor$5.run(SingleThreadEventExecutor.java:897)
	at org.apache.ratis.thirdparty.io.netty.util.concurrent.FastThreadLocalRunnable.run(FastThreadLocalRunnable.java:30)
	... 1 more
Caused by: java.net.ConnectException: Connection refused
	... 11 more
2019-08-29 11:55:45,573 [6997f81c-1ecf-488f-a14c-812b649ddfad:group-FEC9ABEF0498:LeaderElection150] INFO  impl.LeaderElection (LogUtils.java:infoOrTrace(149)) - 6997f81c-1ecf-488f-a14c-812b649ddfad:group-FEC9ABEF0498:LeaderElection150 got exception when requesting votes: {}
java.util.concurrent.ExecutionException: org.apache.ratis.thirdparty.io.grpc.StatusRuntimeException: UNAVAILABLE: io exception
	at java.util.concurrent.FutureTask.report(FutureTask.java:122)
	at java.util.concurrent.FutureTask.get(FutureTask.java:192)
	at org.apache.ratis.server.impl.LeaderElection.waitForResults(LeaderElection.java:262)
	at org.apache.ratis.server.impl.LeaderElection.askForVotes(LeaderElection.java:200)
	at org.apache.ratis.server.impl.LeaderElection.run(LeaderElection.java:130)
	at java.lang.Thread.run(Thread.java:748)
Caused by: org.apache.ratis.thirdparty.io.grpc.StatusRuntimeException: UNAVAILABLE: io exception
	at org.apache.ratis.thirdparty.io.grpc.stub.ClientCalls.toStatusRuntimeException(ClientCalls.java:233)
	at org.apache.ratis.thirdparty.io.grpc.stub.ClientCalls.getUnchecked(ClientCalls.java:214)
	at org.apache.ratis.thirdparty.io.grpc.stub.ClientCalls.blockingUnaryCall(ClientCalls.java:139)
	at org.apache.ratis.proto.grpc.RaftServerProtocolServiceGrpc$RaftServerProtocolServiceBlockingStub.requestVote(RaftServerProtocolServiceGrpc.java:265)
	at org.apache.ratis.grpc.server.GrpcServerProtocolClient.requestVote(GrpcServerProtocolClient.java:83)
	at org.apache.ratis.grpc.server.GrpcService.requestVote(GrpcService.java:195)
	at org.apache.ratis.server.impl.LeaderElection.lambda$submitRequests$1(LeaderElection.java:237)
	at java.util.concurrent.FutureTask.run(FutureTask.java:266)
	at java.util.concurrent.Executors$RunnableAdapter.call(Executors.java:511)
	at java.util.concurrent.FutureTask.run(FutureTask.java:266)
	at java.util.concurrent.ThreadPoolExecutor.runWorker(ThreadPoolExecutor.java:1149)
	at java.util.concurrent.ThreadPoolExecutor$Worker.run(ThreadPoolExecutor.java:624)
	... 1 more
Caused by: org.apache.ratis.thirdparty.io.netty.channel.AbstractChannel$AnnotatedConnectException: Connection refused: /192.168.5.171:42495
	at sun.nio.ch.SocketChannelImpl.checkConnect(Native Method)
	at sun.nio.ch.SocketChannelImpl.finishConnect(SocketChannelImpl.java:717)
	at org.apache.ratis.thirdparty.io.netty.channel.socket.nio.NioSocketChannel.doFinishConnect(NioSocketChannel.java:327)
	at org.apache.ratis.thirdparty.io.netty.channel.nio.AbstractNioChannel$AbstractNioUnsafe.finishConnect(AbstractNioChannel.java:340)
	at org.apache.ratis.thirdparty.io.netty.channel.nio.NioEventLoop.processSelectedKey(NioEventLoop.java:632)
	at org.apache.ratis.thirdparty.io.netty.channel.nio.NioEventLoop.processSelectedKeysOptimized(NioEventLoop.java:579)
	at org.apache.ratis.thirdparty.io.netty.channel.nio.NioEventLoop.processSelectedKeys(NioEventLoop.java:496)
	at org.apache.ratis.thirdparty.io.netty.channel.nio.NioEventLoop.run(NioEventLoop.java:458)
	at org.apache.ratis.thirdparty.io.netty.util.concurrent.SingleThreadEventExecutor$5.run(SingleThreadEventExecutor.java:897)
	at org.apache.ratis.thirdparty.io.netty.util.concurrent.FastThreadLocalRunnable.run(FastThreadLocalRunnable.java:30)
	... 1 more
Caused by: java.net.ConnectException: Connection refused
	... 11 more
2019-08-29 11:55:45,574 [6997f81c-1ecf-488f-a14c-812b649ddfad:group-FEC9ABEF0498:LeaderElection150] INFO  impl.LeaderElection (LeaderElection.java:logAndReturn(56)) - 6997f81c-1ecf-488f-a14c-812b649ddfad:group-FEC9ABEF0498:LeaderElection150: Election REJECTED; received 0 response(s) [] and 2 exception(s); 6997f81c-1ecf-488f-a14c-812b649ddfad:t9, leader=null, voted=6997f81c-1ecf-488f-a14c-812b649ddfad, raftlog=6997f81c-1ecf-488f-a14c-812b649ddfad-SegmentedRaftLog:OPENED:c2,f2,i2, conf=0: [97e3324b-235f-4ceb-956e-993ee2fe234c:192.168.5.171:44511, 6997f81c-1ecf-488f-a14c-812b649ddfad:192.168.5.171:45289, edbdd45e-116e-45c7-951f-264ab28d364f:192.168.5.171:42495], old=null
2019-08-29 11:55:45,574 [6997f81c-1ecf-488f-a14c-812b649ddfad:group-FEC9ABEF0498:LeaderElection150] INFO  impl.LeaderElection (LogUtils.java:infoOrTrace(149)) -   Exception 0: {}
java.util.concurrent.ExecutionException: org.apache.ratis.thirdparty.io.grpc.StatusRuntimeException: UNAVAILABLE: io exception
	at java.util.concurrent.FutureTask.report(FutureTask.java:122)
	at java.util.concurrent.FutureTask.get(FutureTask.java:192)
	at org.apache.ratis.server.impl.LeaderElection.waitForResults(LeaderElection.java:262)
	at org.apache.ratis.server.impl.LeaderElection.askForVotes(LeaderElection.java:200)
	at org.apache.ratis.server.impl.LeaderElection.run(LeaderElection.java:130)
	at java.lang.Thread.run(Thread.java:748)
Caused by: org.apache.ratis.thirdparty.io.grpc.StatusRuntimeException: UNAVAILABLE: io exception
	at org.apache.ratis.thirdparty.io.grpc.stub.ClientCalls.toStatusRuntimeException(ClientCalls.java:233)
	at org.apache.ratis.thirdparty.io.grpc.stub.ClientCalls.getUnchecked(ClientCalls.java:214)
	at org.apache.ratis.thirdparty.io.grpc.stub.ClientCalls.blockingUnaryCall(ClientCalls.java:139)
	at org.apache.ratis.proto.grpc.RaftServerProtocolServiceGrpc$RaftServerProtocolServiceBlockingStub.requestVote(RaftServerProtocolServiceGrpc.java:265)
	at org.apache.ratis.grpc.server.GrpcServerProtocolClient.requestVote(GrpcServerProtocolClient.java:83)
	at org.apache.ratis.grpc.server.GrpcService.requestVote(GrpcService.java:195)
	at org.apache.ratis.server.impl.LeaderElection.lambda$submitRequests$1(LeaderElection.java:237)
	at java.util.concurrent.FutureTask.run(FutureTask.java:266)
	at java.util.concurrent.Executors$RunnableAdapter.call(Executors.java:511)
	at java.util.concurrent.FutureTask.run(FutureTask.java:266)
	at java.util.concurrent.ThreadPoolExecutor.runWorker(ThreadPoolExecutor.java:1149)
	at java.util.concurrent.ThreadPoolExecutor$Worker.run(ThreadPoolExecutor.java:624)
	... 1 more
Caused by: org.apache.ratis.thirdparty.io.netty.channel.AbstractChannel$AnnotatedConnectException: Connection refused: /192.168.5.171:44511
	at sun.nio.ch.SocketChannelImpl.checkConnect(Native Method)
	at sun.nio.ch.SocketChannelImpl.finishConnect(SocketChannelImpl.java:717)
	at org.apache.ratis.thirdparty.io.netty.channel.socket.nio.NioSocketChannel.doFinishConnect(NioSocketChannel.java:327)
	at org.apache.ratis.thirdparty.io.netty.channel.nio.AbstractNioChannel$AbstractNioUnsafe.finishConnect(AbstractNioChannel.java:340)
	at org.apache.ratis.thirdparty.io.netty.channel.nio.NioEventLoop.processSelectedKey(NioEventLoop.java:632)
	at org.apache.ratis.thirdparty.io.netty.channel.nio.NioEventLoop.processSelectedKeysOptimized(NioEventLoop.java:579)
	at org.apache.ratis.thirdparty.io.netty.channel.nio.NioEventLoop.processSelectedKeys(NioEventLoop.java:496)
	at org.apache.ratis.thirdparty.io.netty.channel.nio.NioEventLoop.run(NioEventLoop.java:458)
	at org.apache.ratis.thirdparty.io.netty.util.concurrent.SingleThreadEventExecutor$5.run(SingleThreadEventExecutor.java:897)
	at org.apache.ratis.thirdparty.io.netty.util.concurrent.FastThreadLocalRunnable.run(FastThreadLocalRunnable.java:30)
	... 1 more
Caused by: java.net.ConnectException: Connection refused
	... 11 more
2019-08-29 11:55:45,574 [6997f81c-1ecf-488f-a14c-812b649ddfad:group-FEC9ABEF0498:LeaderElection150] INFO  impl.LeaderElection (LogUtils.java:infoOrTrace(149)) -   Exception 1: {}
java.util.concurrent.ExecutionException: org.apache.ratis.thirdparty.io.grpc.StatusRuntimeException: UNAVAILABLE: io exception
	at java.util.concurrent.FutureTask.report(FutureTask.java:122)
	at java.util.concurrent.FutureTask.get(FutureTask.java:192)
	at org.apache.ratis.server.impl.LeaderElection.waitForResults(LeaderElection.java:262)
	at org.apache.ratis.server.impl.LeaderElection.askForVotes(LeaderElection.java:200)
	at org.apache.ratis.server.impl.LeaderElection.run(LeaderElection.java:130)
	at java.lang.Thread.run(Thread.java:748)
Caused by: org.apache.ratis.thirdparty.io.grpc.StatusRuntimeException: UNAVAILABLE: io exception
	at org.apache.ratis.thirdparty.io.grpc.stub.ClientCalls.toStatusRuntimeException(ClientCalls.java:233)
	at org.apache.ratis.thirdparty.io.grpc.stub.ClientCalls.getUnchecked(ClientCalls.java:214)
	at org.apache.ratis.thirdparty.io.grpc.stub.ClientCalls.blockingUnaryCall(ClientCalls.java:139)
	at org.apache.ratis.proto.grpc.RaftServerProtocolServiceGrpc$RaftServerProtocolServiceBlockingStub.requestVote(RaftServerProtocolServiceGrpc.java:265)
	at org.apache.ratis.grpc.server.GrpcServerProtocolClient.requestVote(GrpcServerProtocolClient.java:83)
	at org.apache.ratis.grpc.server.GrpcService.requestVote(GrpcService.java:195)
	at org.apache.ratis.server.impl.LeaderElection.lambda$submitRequests$1(LeaderElection.java:237)
	at java.util.concurrent.FutureTask.run(FutureTask.java:266)
	at java.util.concurrent.Executors$RunnableAdapter.call(Executors.java:511)
	at java.util.concurrent.FutureTask.run(FutureTask.java:266)
	at java.util.concurrent.ThreadPoolExecutor.runWorker(ThreadPoolExecutor.java:1149)
	at java.util.concurrent.ThreadPoolExecutor$Worker.run(ThreadPoolExecutor.java:624)
	... 1 more
Caused by: org.apache.ratis.thirdparty.io.netty.channel.AbstractChannel$AnnotatedConnectException: Connection refused: /192.168.5.171:42495
	at sun.nio.ch.SocketChannelImpl.checkConnect(Native Method)
	at sun.nio.ch.SocketChannelImpl.finishConnect(SocketChannelImpl.java:717)
	at org.apache.ratis.thirdparty.io.netty.channel.socket.nio.NioSocketChannel.doFinishConnect(NioSocketChannel.java:327)
	at org.apache.ratis.thirdparty.io.netty.channel.nio.AbstractNioChannel$AbstractNioUnsafe.finishConnect(AbstractNioChannel.java:340)
	at org.apache.ratis.thirdparty.io.netty.channel.nio.NioEventLoop.processSelectedKey(NioEventLoop.java:632)
	at org.apache.ratis.thirdparty.io.netty.channel.nio.NioEventLoop.processSelectedKeysOptimized(NioEventLoop.java:579)
	at org.apache.ratis.thirdparty.io.netty.channel.nio.NioEventLoop.processSelectedKeys(NioEventLoop.java:496)
	at org.apache.ratis.thirdparty.io.netty.channel.nio.NioEventLoop.run(NioEventLoop.java:458)
	at org.apache.ratis.thirdparty.io.netty.util.concurrent.SingleThreadEventExecutor$5.run(SingleThreadEventExecutor.java:897)
	at org.apache.ratis.thirdparty.io.netty.util.concurrent.FastThreadLocalRunnable.run(FastThreadLocalRunnable.java:30)
	... 1 more
Caused by: java.net.ConnectException: Connection refused
	... 11 more
2019-08-29 11:55:45,574 [6997f81c-1ecf-488f-a14c-812b649ddfad:group-FEC9ABEF0498:LeaderElection150] INFO  impl.RaftServerImpl (RaftServerImpl.java:setRole(171)) - 6997f81c-1ecf-488f-a14c-812b649ddfad:group-FEC9ABEF0498 changes role from CANDIDATE to FOLLOWER at term 9 for DISCOVERED_A_NEW_TERM
2019-08-29 11:55:45,575 [6997f81c-1ecf-488f-a14c-812b649ddfad:group-FEC9ABEF0498:LeaderElection150] INFO  impl.RoleInfo (RoleInfo.java:shutdownLeaderElection(134)) - 6997f81c-1ecf-488f-a14c-812b649ddfad: shutdown LeaderElection
2019-08-29 11:55:45,575 [6997f81c-1ecf-488f-a14c-812b649ddfad:group-FEC9ABEF0498:LeaderElection150] INFO  impl.RoleInfo (RoleInfo.java:updateAndGet(143)) - 6997f81c-1ecf-488f-a14c-812b649ddfad: start FollowerState
2019-08-29 11:55:45,996 [grpc-default-executor-3] WARN  server.GrpcLogAppender (LogUtils.java:warn(134)) - 368ac840-1874-400c-9a5e-97ce3a83695d->822b3223-74a0-44c8-ae72-b72e27a17b65: Failed appendEntries: org.apache.ratis.thirdparty.io.grpc.StatusRuntimeException: UNAVAILABLE: io exception
2019-08-29 11:55:45,996 [grpc-default-executor-3] INFO  impl.FollowerInfo (FollowerInfo.java:lambda$new$0(50)) - 368ac840-1874-400c-9a5e-97ce3a83695d->822b3223-74a0-44c8-ae72-b72e27a17b65: nextIndex: updateUnconditionally 0 -> 0
2019-08-29 11:55:46,010 [grpc-default-executor-3] WARN  server.GrpcLogAppender (LogUtils.java:warn(134)) - 368ac840-1874-400c-9a5e-97ce3a83695d->21c7cf7b-6251-48a4-bdb1-01914484bde5: Failed appendEntries: org.apache.ratis.thirdparty.io.grpc.StatusRuntimeException: UNAVAILABLE: io exception
2019-08-29 11:55:46,010 [grpc-default-executor-3] INFO  impl.FollowerInfo (FollowerInfo.java:lambda$new$0(50)) - 368ac840-1874-400c-9a5e-97ce3a83695d->21c7cf7b-6251-48a4-bdb1-01914484bde5: nextIndex: updateUnconditionally 0 -> 0
2019-08-29 11:55:46,490 [main] INFO  ozoneimpl.OzoneContainer (OzoneContainer.java:stop(215)) - Attempting to stop container services.
2019-08-29 11:55:46,491 [main] INFO  impl.RaftServerProxy (RaftServerProxy.java:lambda$close$4(314)) - 6997f81c-1ecf-488f-a14c-812b649ddfad: close
2019-08-29 11:55:46,491 [main] INFO  impl.RaftServerImpl (RaftServerImpl.java:lambda$shutdown$3(245)) - 6997f81c-1ecf-488f-a14c-812b649ddfad: shutdown group-F505FC24C190
2019-08-29 11:55:46,492 [main] INFO  util.JmxRegister (JmxRegister.java:unregister(73)) - Successfully un-registered JMX Bean with object name Ratis:service=RaftServer,group=group-F505FC24C190,id=6997f81c-1ecf-488f-a14c-812b649ddfad
2019-08-29 11:55:46,492 [main] INFO  impl.RoleInfo (RoleInfo.java:shutdownLeaderState(104)) - 6997f81c-1ecf-488f-a14c-812b649ddfad: shutdown LeaderState
2019-08-29 11:55:46,492 [main] INFO  impl.PendingRequests (PendingRequests.java:sendNotLeaderResponses(202)) - 6997f81c-1ecf-488f-a14c-812b649ddfad-PendingRequests: sendNotLeaderResponses
2019-08-29 11:55:46,493 [main] INFO  impl.StateMachineUpdater (StateMachineUpdater.java:stopAndJoin(115)) - StateMachineUpdater:6997f81c-1ecf-488f-a14c-812b649ddfad:group-F505FC24C190: set stopIndex = 0
2019-08-29 11:55:46,493 [main] INFO  impl.RaftServerImpl (ServerState.java:close(394)) - 6997f81c-1ecf-488f-a14c-812b649ddfad:group-F505FC24C190 closes. The last applied log index is 0
2019-08-29 11:55:46,494 [6997f81c-1ecf-488f-a14c-812b649ddfad-SegmentedRaftLogWorker:Storage Directory /workdir/hadoop-ozone/integration-test/target/test-dir/MiniOzoneClusterImpl-16ce5ac2-d92d-4b29-933b-33d00735e97e/datanode-7/data/ratis/24c94828-8050-4bdd-b8ab-f505fc24c190] INFO  segmented.SegmentedRaftLogWorker (SegmentedRaftLogWorker.java:run(313)) - 6997f81c-1ecf-488f-a14c-812b649ddfad-SegmentedRaftLogWorker:Storage Directory /workdir/hadoop-ozone/integration-test/target/test-dir/MiniOzoneClusterImpl-16ce5ac2-d92d-4b29-933b-33d00735e97e/datanode-7/data/ratis/24c94828-8050-4bdd-b8ab-f505fc24c190 was interrupted, exiting. There are 0 tasks remaining in the queue.
2019-08-29 11:55:46,494 [main] INFO  segmented.SegmentedRaftLogWorker (SegmentedRaftLogWorker.java:close(228)) - 6997f81c-1ecf-488f-a14c-812b649ddfad-SegmentedRaftLogWorker:Storage Directory /workdir/hadoop-ozone/integration-test/target/test-dir/MiniOzoneClusterImpl-16ce5ac2-d92d-4b29-933b-33d00735e97e/datanode-7/data/ratis/24c94828-8050-4bdd-b8ab-f505fc24c190 close()
2019-08-29 11:55:46,495 [main] INFO  impl.RaftServerImpl (RaftServerImpl.java:lambda$shutdown$3(245)) - 6997f81c-1ecf-488f-a14c-812b649ddfad: shutdown group-FEC9ABEF0498
2019-08-29 11:55:46,495 [main] INFO  util.JmxRegister (JmxRegister.java:unregister(73)) - Successfully un-registered JMX Bean with object name Ratis:service=RaftServer,group=group-FEC9ABEF0498,id=6997f81c-1ecf-488f-a14c-812b649ddfad
2019-08-29 11:55:46,496 [main] INFO  impl.RoleInfo (RoleInfo.java:shutdownFollowerState(121)) - 6997f81c-1ecf-488f-a14c-812b649ddfad: shutdown FollowerState
2019-08-29 11:55:46,496 [main] INFO  impl.StateMachineUpdater (StateMachineUpdater.java:stopAndJoin(115)) - StateMachineUpdater:6997f81c-1ecf-488f-a14c-812b649ddfad:group-FEC9ABEF0498: set stopIndex = 2
2019-08-29 11:55:46,496 [StateMachineUpdater:6997f81c-1ecf-488f-a14c-812b649ddfad:group-FEC9ABEF0498] INFO  ratis.ContainerStateMachine (ContainerStateMachine.java:takeSnapshot(284)) - group-FEC9ABEF0498: Taking a snapshot at:(t:2, i:1) file /workdir/hadoop-ozone/integration-test/target/test-dir/MiniOzoneClusterImpl-16ce5ac2-d92d-4b29-933b-33d00735e97e/datanode-7/data/ratis/cc63ca43-a1dc-4de9-a7b3-fec9abef0498/sm/snapshot.2_1
2019-08-29 11:55:46,496 [Thread-3572] INFO  impl.FollowerState (FollowerState.java:run(114)) - 6997f81c-1ecf-488f-a14c-812b649ddfad: FollowerState was interrupted: java.lang.InterruptedException: sleep interrupted
2019-08-29 11:55:46,497 [grpc-default-executor-9] WARN  server.GrpcLogAppender (LogUtils.java:warn(134)) - 368ac840-1874-400c-9a5e-97ce3a83695d->822b3223-74a0-44c8-ae72-b72e27a17b65: Failed appendEntries: org.apache.ratis.thirdparty.io.grpc.StatusRuntimeException: UNAVAILABLE: io exception
2019-08-29 11:55:46,497 [grpc-default-executor-9] INFO  impl.FollowerInfo (FollowerInfo.java:lambda$new$0(50)) - 368ac840-1874-400c-9a5e-97ce3a83695d->822b3223-74a0-44c8-ae72-b72e27a17b65: nextIndex: updateUnconditionally 0 -> 0
2019-08-29 11:55:46,511 [StateMachineUpdater:6997f81c-1ecf-488f-a14c-812b649ddfad:group-FEC9ABEF0498] INFO  ratis.ContainerStateMachine (ContainerStateMachine.java:takeSnapshot(295)) - group-FEC9ABEF0498: Finished taking a snapshot at:(t:2, i:1) file:/workdir/hadoop-ozone/integration-test/target/test-dir/MiniOzoneClusterImpl-16ce5ac2-d92d-4b29-933b-33d00735e97e/datanode-7/data/ratis/cc63ca43-a1dc-4de9-a7b3-fec9abef0498/sm/snapshot.2_1 time:15
2019-08-29 11:55:46,512 [StateMachineUpdater:6997f81c-1ecf-488f-a14c-812b649ddfad:group-FEC9ABEF0498] INFO  impl.StateMachineUpdater (StateMachineUpdater.java:takeSnapshot(242)) - StateMachineUpdater:6997f81c-1ecf-488f-a14c-812b649ddfad:group-FEC9ABEF0498: Took a snapshot at index 1
2019-08-29 11:55:46,512 [StateMachineUpdater:6997f81c-1ecf-488f-a14c-812b649ddfad:group-FEC9ABEF0498] INFO  impl.StateMachineUpdater (StateMachineUpdater.java:lambda$new$0(80)) - StateMachineUpdater:6997f81c-1ecf-488f-a14c-812b649ddfad:group-FEC9ABEF0498: snapshotIndex: updateIncreasingly -1 -> 1
2019-08-29 11:55:46,512 [grpc-default-executor-10] WARN  server.GrpcLogAppender (LogUtils.java:warn(134)) - 368ac840-1874-400c-9a5e-97ce3a83695d->21c7cf7b-6251-48a4-bdb1-01914484bde5: Failed appendEntries: org.apache.ratis.thirdparty.io.grpc.StatusRuntimeException: UNAVAILABLE: io exception
2019-08-29 11:55:46,512 [main] INFO  impl.RaftServerImpl (ServerState.java:close(394)) - 6997f81c-1ecf-488f-a14c-812b649ddfad:group-FEC9ABEF0498 closes. The last applied log index is 2
2019-08-29 11:55:46,512 [grpc-default-executor-10] INFO  impl.FollowerInfo (FollowerInfo.java:lambda$new$0(50)) - 368ac840-1874-400c-9a5e-97ce3a83695d->21c7cf7b-6251-48a4-bdb1-01914484bde5: nextIndex: updateUnconditionally 0 -> 0
2019-08-29 11:55:46,513 [6997f81c-1ecf-488f-a14c-812b649ddfad-SegmentedRaftLogWorker:Storage Directory /workdir/hadoop-ozone/integration-test/target/test-dir/MiniOzoneClusterImpl-16ce5ac2-d92d-4b29-933b-33d00735e97e/datanode-7/data/ratis/cc63ca43-a1dc-4de9-a7b3-fec9abef0498] INFO  segmented.SegmentedRaftLogWorker (SegmentedRaftLogWorker.java:run(313)) - 6997f81c-1ecf-488f-a14c-812b649ddfad-SegmentedRaftLogWorker:Storage Directory /workdir/hadoop-ozone/integration-test/target/test-dir/MiniOzoneClusterImpl-16ce5ac2-d92d-4b29-933b-33d00735e97e/datanode-7/data/ratis/cc63ca43-a1dc-4de9-a7b3-fec9abef0498 was interrupted, exiting. There are 0 tasks remaining in the queue.
2019-08-29 11:55:46,513 [main] INFO  segmented.SegmentedRaftLogWorker (SegmentedRaftLogWorker.java:close(228)) - 6997f81c-1ecf-488f-a14c-812b649ddfad-SegmentedRaftLogWorker:Storage Directory /workdir/hadoop-ozone/integration-test/target/test-dir/MiniOzoneClusterImpl-16ce5ac2-d92d-4b29-933b-33d00735e97e/datanode-7/data/ratis/cc63ca43-a1dc-4de9-a7b3-fec9abef0498 close()
2019-08-29 11:55:46,514 [main] INFO  server.GrpcService (GrpcService.java:closeImpl(155)) - 6997f81c-1ecf-488f-a14c-812b649ddfad: shutdown server with port 45289 now
2019-08-29 11:55:46,515 [grpc-default-executor-9] WARN  client.GrpcClientProtocolService (LogUtils.java:warn(134)) - 2-OrderedRequestStreamObserver2: onError: org.apache.ratis.thirdparty.io.grpc.StatusRuntimeException: CANCELLED: cancelled before receiving half close
2019-08-29 11:55:46,516 [main] INFO  server.GrpcService (GrpcService.java:closeImpl(163)) - 6997f81c-1ecf-488f-a14c-812b649ddfad: shutdown server with port 45289 successfully
2019-08-29 11:55:46,522 [refreshUsed-/workdir/hadoop-ozone/integration-test/target/test-dir/MiniOzoneClusterImpl-16ce5ac2-d92d-4b29-933b-33d00735e97e/datanode-7/data/containers] WARN  fs.CachingGetSpaceUsed (CachingGetSpaceUsed.java:run(183)) - Thread Interrupted waiting to refresh disk information: sleep interrupted
2019-08-29 11:55:46,537 [main] INFO  utils.BackgroundService (BackgroundService.java:shutdown(148)) - Shutting down service BlockDeletingService
2019-08-29 11:55:46,544 [main] INFO  statemachine.DatanodeStateMachine (DatanodeStateMachine.java:stopDaemon(395)) - Ozone container server stopped.
2019-08-29 11:55:46,545 [main] INFO  handler.ContextHandler (ContextHandler.java:doStop(910)) - Stopped o.e.j.w.WebAppContext@636985df{/,null,UNAVAILABLE}{/hddsDatanode}
2019-08-29 11:55:46,546 [main] INFO  server.AbstractConnector (AbstractConnector.java:doStop(318)) - Stopped ServerConnector@6f91fbda{HTTP/1.1,[http/1.1]}{0.0.0.0:0}
2019-08-29 11:55:46,546 [main] INFO  handler.ContextHandler (ContextHandler.java:doStop(910)) - Stopped o.e.j.s.ServletContextHandler@14b4340c{/static,jar:file:/home/user/.m2/repository/org/apache/hadoop/hadoop-hdds-container-service/0.5.0-SNAPSHOT/hadoop-hdds-container-service-0.5.0-SNAPSHOT.jar!/webapps/static,UNAVAILABLE}
2019-08-29 11:55:46,547 [main] INFO  handler.ContextHandler (ContextHandler.java:doStop(910)) - Stopped o.e.j.s.ServletContextHandler@2313db84{/logs,file:///workdir/hadoop-ozone/integration-test/target/log,UNAVAILABLE}
2019-08-29 11:55:46,997 [grpc-default-executor-9] WARN  server.GrpcLogAppender (LogUtils.java:warn(134)) - 368ac840-1874-400c-9a5e-97ce3a83695d->822b3223-74a0-44c8-ae72-b72e27a17b65: Failed appendEntries: org.apache.ratis.thirdparty.io.grpc.StatusRuntimeException: UNAVAILABLE: io exception
2019-08-29 11:55:46,998 [grpc-default-executor-9] INFO  impl.FollowerInfo (FollowerInfo.java:lambda$new$0(50)) - 368ac840-1874-400c-9a5e-97ce3a83695d->822b3223-74a0-44c8-ae72-b72e27a17b65: nextIndex: updateUnconditionally 0 -> 0
2019-08-29 11:55:47,011 [grpc-default-executor-9] WARN  server.GrpcLogAppender (LogUtils.java:warn(134)) - 368ac840-1874-400c-9a5e-97ce3a83695d->21c7cf7b-6251-48a4-bdb1-01914484bde5: Failed appendEntries: org.apache.ratis.thirdparty.io.grpc.StatusRuntimeException: UNAVAILABLE: io exception
2019-08-29 11:55:47,011 [grpc-default-executor-9] INFO  impl.FollowerInfo (FollowerInfo.java:lambda$new$0(50)) - 368ac840-1874-400c-9a5e-97ce3a83695d->21c7cf7b-6251-48a4-bdb1-01914484bde5: nextIndex: updateUnconditionally 0 -> 0
2019-08-29 11:55:47,498 [grpc-default-executor-9] WARN  server.GrpcLogAppender (LogUtils.java:warn(134)) - 368ac840-1874-400c-9a5e-97ce3a83695d->822b3223-74a0-44c8-ae72-b72e27a17b65: Failed appendEntries: org.apache.ratis.thirdparty.io.grpc.StatusRuntimeException: UNAVAILABLE: io exception
2019-08-29 11:55:47,498 [grpc-default-executor-9] INFO  impl.FollowerInfo (FollowerInfo.java:lambda$new$0(50)) - 368ac840-1874-400c-9a5e-97ce3a83695d->822b3223-74a0-44c8-ae72-b72e27a17b65: nextIndex: updateUnconditionally 0 -> 0
2019-08-29 11:55:47,512 [grpc-default-executor-9] WARN  server.GrpcLogAppender (LogUtils.java:warn(134)) - 368ac840-1874-400c-9a5e-97ce3a83695d->21c7cf7b-6251-48a4-bdb1-01914484bde5: Failed appendEntries: org.apache.ratis.thirdparty.io.grpc.StatusRuntimeException: UNAVAILABLE: io exception
2019-08-29 11:55:47,512 [grpc-default-executor-9] INFO  impl.FollowerInfo (FollowerInfo.java:lambda$new$0(50)) - 368ac840-1874-400c-9a5e-97ce3a83695d->21c7cf7b-6251-48a4-bdb1-01914484bde5: nextIndex: updateUnconditionally 0 -> 0
2019-08-29 11:55:47,998 [grpc-default-executor-9] WARN  server.GrpcLogAppender (LogUtils.java:warn(134)) - 368ac840-1874-400c-9a5e-97ce3a83695d->822b3223-74a0-44c8-ae72-b72e27a17b65: Failed appendEntries: org.apache.ratis.thirdparty.io.grpc.StatusRuntimeException: UNAVAILABLE: io exception
2019-08-29 11:55:47,999 [grpc-default-executor-9] INFO  impl.FollowerInfo (FollowerInfo.java:lambda$new$0(50)) - 368ac840-1874-400c-9a5e-97ce3a83695d->822b3223-74a0-44c8-ae72-b72e27a17b65: nextIndex: updateUnconditionally 0 -> 0
2019-08-29 11:55:48,012 [grpc-default-executor-3] WARN  server.GrpcLogAppender (LogUtils.java:warn(134)) - 368ac840-1874-400c-9a5e-97ce3a83695d->21c7cf7b-6251-48a4-bdb1-01914484bde5: Failed appendEntries: org.apache.ratis.thirdparty.io.grpc.StatusRuntimeException: UNAVAILABLE: io exception
2019-08-29 11:55:48,013 [grpc-default-executor-3] INFO  impl.FollowerInfo (FollowerInfo.java:lambda$new$0(50)) - 368ac840-1874-400c-9a5e-97ce3a83695d->21c7cf7b-6251-48a4-bdb1-01914484bde5: nextIndex: updateUnconditionally 0 -> 0
2019-08-29 11:55:48,055 [ForkJoinPool.commonPool-worker-1] INFO  ozoneimpl.OzoneContainer (OzoneContainer.java:stop(215)) - Attempting to stop container services.
2019-08-29 11:55:48,056 [ForkJoinPool.commonPool-worker-1] INFO  impl.RaftServerProxy (RaftServerProxy.java:lambda$close$4(314)) - 368ac840-1874-400c-9a5e-97ce3a83695d: close
2019-08-29 11:55:48,056 [ForkJoinPool.commonPool-worker-1] INFO  impl.RaftServerImpl (RaftServerImpl.java:lambda$shutdown$3(245)) - 368ac840-1874-400c-9a5e-97ce3a83695d: shutdown group-74947C0F9A02
2019-08-29 11:55:48,056 [ForkJoinPool.commonPool-worker-1] INFO  util.JmxRegister (JmxRegister.java:unregister(73)) - Successfully un-registered JMX Bean with object name Ratis:service=RaftServer,group=group-74947C0F9A02,id=368ac840-1874-400c-9a5e-97ce3a83695d
2019-08-29 11:55:48,057 [ForkJoinPool.commonPool-worker-1] INFO  impl.RoleInfo (RoleInfo.java:shutdownLeaderState(104)) - 368ac840-1874-400c-9a5e-97ce3a83695d: shutdown LeaderState
2019-08-29 11:55:48,057 [ForkJoinPool.commonPool-worker-1] INFO  impl.PendingRequests (PendingRequests.java:sendNotLeaderResponses(202)) - 368ac840-1874-400c-9a5e-97ce3a83695d-PendingRequests: sendNotLeaderResponses
2019-08-29 11:55:48,057 [ForkJoinPool.commonPool-worker-1] INFO  impl.StateMachineUpdater (StateMachineUpdater.java:stopAndJoin(115)) - StateMachineUpdater:368ac840-1874-400c-9a5e-97ce3a83695d:group-74947C0F9A02: set stopIndex = 0
2019-08-29 11:55:48,058 [ForkJoinPool.commonPool-worker-1] INFO  impl.RaftServerImpl (ServerState.java:close(394)) - 368ac840-1874-400c-9a5e-97ce3a83695d:group-74947C0F9A02 closes. The last applied log index is 0
2019-08-29 11:55:48,058 [368ac840-1874-400c-9a5e-97ce3a83695d-SegmentedRaftLogWorker:Storage Directory /workdir/hadoop-ozone/integration-test/target/test-dir/MiniOzoneClusterImpl-16ce5ac2-d92d-4b29-933b-33d00735e97e/datanode-1/data/ratis/905f5de4-4b28-4487-8dde-74947c0f9a02] INFO  segmented.SegmentedRaftLogWorker (SegmentedRaftLogWorker.java:run(313)) - 368ac840-1874-400c-9a5e-97ce3a83695d-SegmentedRaftLogWorker:Storage Directory /workdir/hadoop-ozone/integration-test/target/test-dir/MiniOzoneClusterImpl-16ce5ac2-d92d-4b29-933b-33d00735e97e/datanode-1/data/ratis/905f5de4-4b28-4487-8dde-74947c0f9a02 was interrupted, exiting. There are 0 tasks remaining in the queue.
2019-08-29 11:55:48,058 [ForkJoinPool.commonPool-worker-1] INFO  segmented.SegmentedRaftLogWorker (SegmentedRaftLogWorker.java:close(228)) - 368ac840-1874-400c-9a5e-97ce3a83695d-SegmentedRaftLogWorker:Storage Directory /workdir/hadoop-ozone/integration-test/target/test-dir/MiniOzoneClusterImpl-16ce5ac2-d92d-4b29-933b-33d00735e97e/datanode-1/data/ratis/905f5de4-4b28-4487-8dde-74947c0f9a02 close()
2019-08-29 11:55:48,059 [ForkJoinPool.commonPool-worker-1] INFO  impl.RaftServerImpl (RaftServerImpl.java:lambda$shutdown$3(245)) - 368ac840-1874-400c-9a5e-97ce3a83695d: shutdown group-C6E4A73C4023
2019-08-29 11:55:48,059 [ForkJoinPool.commonPool-worker-1] INFO  util.JmxRegister (JmxRegister.java:unregister(73)) - Successfully un-registered JMX Bean with object name Ratis:service=RaftServer,group=group-C6E4A73C4023,id=368ac840-1874-400c-9a5e-97ce3a83695d
2019-08-29 11:55:48,059 [ForkJoinPool.commonPool-worker-1] INFO  impl.RoleInfo (RoleInfo.java:shutdownLeaderState(104)) - 368ac840-1874-400c-9a5e-97ce3a83695d: shutdown LeaderState
2019-08-29 11:55:48,061 [org.apache.ratis.server.impl.LogAppender$AppenderDaemon$$Lambda$537/769722511@38a1c4fb] WARN  server.GrpcLogAppender (GrpcLogAppender.java:mayWait(143)) - GrpcLogAppender(368ac840-1874-400c-9a5e-97ce3a83695d->822b3223-74a0-44c8-ae72-b72e27a17b65): Wait interrupted by java.lang.InterruptedException
2019-08-29 11:55:48,061 [ForkJoinPool.commonPool-worker-1] INFO  impl.PendingRequests (PendingRequests.java:sendNotLeaderResponses(202)) - 368ac840-1874-400c-9a5e-97ce3a83695d-PendingRequests: sendNotLeaderResponses
2019-08-29 11:55:48,061 [org.apache.ratis.server.impl.LogAppender$AppenderDaemon$$Lambda$537/769722511@7da34d8b] WARN  server.GrpcLogAppender (GrpcLogAppender.java:mayWait(143)) - GrpcLogAppender(368ac840-1874-400c-9a5e-97ce3a83695d->21c7cf7b-6251-48a4-bdb1-01914484bde5): Wait interrupted by java.lang.InterruptedException
2019-08-29 11:55:48,063 [ForkJoinPool.commonPool-worker-1] INFO  impl.StateMachineUpdater (StateMachineUpdater.java:stopAndJoin(115)) - StateMachineUpdater:368ac840-1874-400c-9a5e-97ce3a83695d:group-C6E4A73C4023: set stopIndex = 2
2019-08-29 11:55:48,063 [StateMachineUpdater:368ac840-1874-400c-9a5e-97ce3a83695d:group-C6E4A73C4023] INFO  ratis.ContainerStateMachine (ContainerStateMachine.java:takeSnapshot(284)) - group-C6E4A73C4023: Taking a snapshot at:(t:1, i:1) file /workdir/hadoop-ozone/integration-test/target/test-dir/MiniOzoneClusterImpl-16ce5ac2-d92d-4b29-933b-33d00735e97e/datanode-1/data/ratis/a09c7214-0f17-4bde-9a6c-c6e4a73c4023/sm/snapshot.1_1
2019-08-29 11:55:48,090 [StateMachineUpdater:368ac840-1874-400c-9a5e-97ce3a83695d:group-C6E4A73C4023] INFO  ratis.ContainerStateMachine (ContainerStateMachine.java:takeSnapshot(295)) - group-C6E4A73C4023: Finished taking a snapshot at:(t:1, i:1) file:/workdir/hadoop-ozone/integration-test/target/test-dir/MiniOzoneClusterImpl-16ce5ac2-d92d-4b29-933b-33d00735e97e/datanode-1/data/ratis/a09c7214-0f17-4bde-9a6c-c6e4a73c4023/sm/snapshot.1_1 time:27
2019-08-29 11:55:48,090 [StateMachineUpdater:368ac840-1874-400c-9a5e-97ce3a83695d:group-C6E4A73C4023] INFO  impl.StateMachineUpdater (StateMachineUpdater.java:takeSnapshot(242)) - StateMachineUpdater:368ac840-1874-400c-9a5e-97ce3a83695d:group-C6E4A73C4023: Took a snapshot at index 1
2019-08-29 11:55:48,091 [StateMachineUpdater:368ac840-1874-400c-9a5e-97ce3a83695d:group-C6E4A73C4023] INFO  impl.StateMachineUpdater (StateMachineUpdater.java:lambda$new$0(80)) - StateMachineUpdater:368ac840-1874-400c-9a5e-97ce3a83695d:group-C6E4A73C4023: snapshotIndex: updateIncreasingly -1 -> 1
2019-08-29 11:55:48,091 [ForkJoinPool.commonPool-worker-1] INFO  impl.RaftServerImpl (ServerState.java:close(394)) - 368ac840-1874-400c-9a5e-97ce3a83695d:group-C6E4A73C4023 closes. The last applied log index is 2
2019-08-29 11:55:48,091 [368ac840-1874-400c-9a5e-97ce3a83695d-SegmentedRaftLogWorker:Storage Directory /workdir/hadoop-ozone/integration-test/target/test-dir/MiniOzoneClusterImpl-16ce5ac2-d92d-4b29-933b-33d00735e97e/datanode-1/data/ratis/a09c7214-0f17-4bde-9a6c-c6e4a73c4023] INFO  segmented.SegmentedRaftLogWorker (SegmentedRaftLogWorker.java:run(313)) - 368ac840-1874-400c-9a5e-97ce3a83695d-SegmentedRaftLogWorker:Storage Directory /workdir/hadoop-ozone/integration-test/target/test-dir/MiniOzoneClusterImpl-16ce5ac2-d92d-4b29-933b-33d00735e97e/datanode-1/data/ratis/a09c7214-0f17-4bde-9a6c-c6e4a73c4023 was interrupted, exiting. There are 0 tasks remaining in the queue.
2019-08-29 11:55:48,092 [ForkJoinPool.commonPool-worker-1] INFO  segmented.SegmentedRaftLogWorker (SegmentedRaftLogWorker.java:close(228)) - 368ac840-1874-400c-9a5e-97ce3a83695d-SegmentedRaftLogWorker:Storage Directory /workdir/hadoop-ozone/integration-test/target/test-dir/MiniOzoneClusterImpl-16ce5ac2-d92d-4b29-933b-33d00735e97e/datanode-1/data/ratis/a09c7214-0f17-4bde-9a6c-c6e4a73c4023 close()
2019-08-29 11:55:48,092 [ForkJoinPool.commonPool-worker-1] INFO  server.GrpcService (GrpcService.java:closeImpl(155)) - 368ac840-1874-400c-9a5e-97ce3a83695d: shutdown server with port 40345 now
2019-08-29 11:55:48,092 [ForkJoinPool.commonPool-worker-1] INFO  server.GrpcService (GrpcService.java:closeImpl(163)) - 368ac840-1874-400c-9a5e-97ce3a83695d: shutdown server with port 40345 successfully
2019-08-29 11:55:48,094 [refreshUsed-/workdir/hadoop-ozone/integration-test/target/test-dir/MiniOzoneClusterImpl-16ce5ac2-d92d-4b29-933b-33d00735e97e/datanode-1/data/containers] WARN  fs.CachingGetSpaceUsed (CachingGetSpaceUsed.java:run(183)) - Thread Interrupted waiting to refresh disk information: sleep interrupted
2019-08-29 11:55:48,112 [ForkJoinPool.commonPool-worker-1] INFO  utils.BackgroundService (BackgroundService.java:shutdown(148)) - Shutting down service BlockDeletingService
2019-08-29 11:55:48,114 [ForkJoinPool.commonPool-worker-1] INFO  statemachine.DatanodeStateMachine (DatanodeStateMachine.java:stopDaemon(395)) - Ozone container server stopped.
2019-08-29 11:55:48,116 [ForkJoinPool.commonPool-worker-1] INFO  handler.ContextHandler (ContextHandler.java:doStop(910)) - Stopped o.e.j.w.WebAppContext@3c7279a5{/,null,UNAVAILABLE}{/hddsDatanode}
2019-08-29 11:55:48,117 [ForkJoinPool.commonPool-worker-1] INFO  server.AbstractConnector (AbstractConnector.java:doStop(318)) - Stopped ServerConnector@2bebd114{HTTP/1.1,[http/1.1]}{0.0.0.0:0}
2019-08-29 11:55:48,117 [ForkJoinPool.commonPool-worker-1] INFO  handler.ContextHandler (ContextHandler.java:doStop(910)) - Stopped o.e.j.s.ServletContextHandler@13250132{/static,jar:file:/home/user/.m2/repository/org/apache/hadoop/hadoop-hdds-container-service/0.5.0-SNAPSHOT/hadoop-hdds-container-service-0.5.0-SNAPSHOT.jar!/webapps/static,UNAVAILABLE}
2019-08-29 11:55:48,117 [ForkJoinPool.commonPool-worker-1] INFO  handler.ContextHandler (ContextHandler.java:doStop(910)) - Stopped o.e.j.s.ServletContextHandler@551be9f6{/logs,file:///workdir/hadoop-ozone/integration-test/target/log,UNAVAILABLE}
2019-08-29 11:55:48,118 [main] INFO  ozone.MiniOzoneClusterImpl (MiniOzoneClusterImpl.java:stop(339)) - Stopping the StorageContainerManager
2019-08-29 11:55:48,118 [main] INFO  server.StorageContainerManager (StorageContainerManager.java:stop(797)) - Stopping Replication Manager Service.
2019-08-29 11:55:48,118 [main] INFO  container.ReplicationManager (ReplicationManager.java:stop(193)) - Stopping Replication Monitor Thread.
2019-08-29 11:55:48,118 [main] INFO  server.StorageContainerManager (StorageContainerManager.java:stop(804)) - Stopping Lease Manager of the command watchers
2019-08-29 11:55:48,119 [main] INFO  server.StorageContainerManager (StorageContainerManager.java:stop(811)) - Stopping datanode service RPC server
2019-08-29 11:55:48,119 [main] INFO  server.SCMDatanodeProtocolServer (SCMDatanodeProtocolServer.java:stop(367)) - Stopping the RPC server for DataNodes
2019-08-29 11:55:48,119 [main] INFO  ipc.Server (Server.java:stop(3082)) - Stopping server on 36817
2019-08-29 11:55:48,121 [IPC Server listener on 36817] INFO  ipc.Server (Server.java:run(1185)) - Stopping IPC Server listener on 36817
2019-08-29 11:55:48,122 [IPC Server Responder] INFO  ipc.Server (Server.java:run(1319)) - Stopping IPC Server Responder
2019-08-29 11:55:48,168 [SCM Heartbeat Processing Thread - 0] WARN  node.NodeStateManager (NodeStateManager.java:scheduleNextHealthCheck(646)) - Current Thread is interrupted, shutting down HB processing thread for Node Manager.
2019-08-29 11:55:48,168 [main] INFO  server.StorageContainerManager (StorageContainerManager.java:stop(819)) - Stopping block service RPC server
2019-08-29 11:55:48,168 [main] INFO  server.SCMBlockProtocolServer (SCMBlockProtocolServer.java:stop(148)) - Stopping the RPC server for Block Protocol
2019-08-29 11:55:48,168 [main] INFO  ipc.Server (Server.java:stop(3082)) - Stopping server on 43501
2019-08-29 11:55:48,171 [IPC Server listener on 43501] INFO  ipc.Server (Server.java:run(1185)) - Stopping IPC Server listener on 43501
2019-08-29 11:55:48,171 [IPC Server Responder] INFO  ipc.Server (Server.java:run(1319)) - Stopping IPC Server Responder
2019-08-29 11:55:48,171 [main] INFO  server.StorageContainerManager (StorageContainerManager.java:stop(826)) - Stopping the StorageContainerLocationProtocol RPC server
2019-08-29 11:55:48,171 [main] INFO  server.SCMClientProtocolServer (SCMClientProtocolServer.java:stop(159)) - Stopping the RPC server for Client Protocol
2019-08-29 11:55:48,172 [main] INFO  ipc.Server (Server.java:stop(3082)) - Stopping server on 45347
2019-08-29 11:55:48,174 [main] INFO  server.StorageContainerManager (StorageContainerManager.java:stop(833)) - Stopping Storage Container Manager HTTP server.
2019-08-29 11:55:48,174 [IPC Server Responder] INFO  ipc.Server (Server.java:run(1319)) - Stopping IPC Server Responder
2019-08-29 11:55:48,174 [IPC Server listener on 45347] INFO  ipc.Server (Server.java:run(1185)) - Stopping IPC Server listener on 45347
2019-08-29 11:55:48,175 [main] INFO  handler.ContextHandler (ContextHandler.java:doStop(910)) - Stopped o.e.j.w.WebAppContext@423ed3b5{/,null,UNAVAILABLE}{/scm}
2019-08-29 11:55:48,176 [main] INFO  server.AbstractConnector (AbstractConnector.java:doStop(318)) - Stopped ServerConnector@5d124d29{HTTP/1.1,[http/1.1]}{0.0.0.0:0}
2019-08-29 11:55:48,176 [main] INFO  handler.ContextHandler (ContextHandler.java:doStop(910)) - Stopped o.e.j.s.ServletContextHandler@6d293993{/static,file:///workdir/hadoop-ozone/integration-test/target/test-classes/webapps/static,UNAVAILABLE}
2019-08-29 11:55:48,177 [main] INFO  handler.ContextHandler (ContextHandler.java:doStop(910)) - Stopped o.e.j.s.ServletContextHandler@548e43b1{/logs,file:///workdir/hadoop-ozone/integration-test/target/log,UNAVAILABLE}
2019-08-29 11:55:48,177 [main] INFO  server.StorageContainerManager (StorageContainerManager.java:stop(844)) - Stopping Block Manager Service.
2019-08-29 11:55:48,178 [main] INFO  utils.BackgroundService (BackgroundService.java:shutdown(148)) - Shutting down service SCMBlockDeletingService
2019-08-29 11:55:48,178 [main] INFO  utils.BackgroundService (BackgroundService.java:shutdown(148)) - Shutting down service SCMBlockDeletingService
2019-08-29 11:55:48,178 [main] INFO  server.StorageContainerManager (StorageContainerManager.java:stop(866)) - Stopping SCM Event Queue.
2019-08-29 11:55:48,183 [main] INFO  impl.MetricsSystemImpl (MetricsSystemImpl.java:stop(210)) - Stopping HddsDatanode metrics system...
2019-08-29 11:55:48,189 [main] INFO  impl.MetricsSystemImpl (MetricsSystemImpl.java:stop(216)) - HddsDatanode metrics system stopped.
]]></system-out>
  </testcase>
  <testcase name="testDatanodeExclusionWithMajorityCommit" classname="org.apache.hadoop.ozone.client.rpc.TestFailureHandlingByClient" time="48.239"/>
</testsuite>