<?xml version="1.0" encoding="UTF-8"?>
<testsuite xmlns:xsi="http://www.w3.org/2001/XMLSchema-instance" xsi:noNamespaceSchemaLocation="https://maven.apache.org/surefire/maven-surefire-plugin/xsd/surefire-test-report.xsd" name="org.apache.hadoop.ozone.client.rpc.TestContainerStateMachine" time="94.394" tests="1" errors="1" skipped="0" failures="0">
  <properties>
    <property name="awt.toolkit" value="sun.awt.X11.XToolkit"/>
    <property name="file.encoding.pkg" value="sun.io"/>
    <property name="java.specification.version" value="1.8"/>
    <property name="sun.cpu.isalist" value=""/>
    <property name="sun.jnu.encoding" value="UTF-8"/>
    <property name="java.class.path" value="/workdir/hadoop-ozone/integration-test/target/test-classes:/workdir/hadoop-ozone/integration-test/target/classes:/home/user/.m2/repository/org/apache/hadoop/hadoop-ozone-common/0.5.0-SNAPSHOT/hadoop-ozone-common-0.5.0-SNAPSHOT.jar:/home/user/.m2/repository/org/apache/commons/commons-compress/1.4.1/commons-compress-1.4.1.jar:/home/user/.m2/repository/org/tukaani/xz/1.0/xz-1.0.jar:/home/user/.m2/repository/org/apache/hadoop/hadoop-common/3.2.0/hadoop-common-3.2.0.jar:/home/user/.m2/repository/org/apache/hadoop/hadoop-hdfs/3.2.0/hadoop-hdfs-3.2.0.jar:/home/user/.m2/repository/org/apache/hadoop/hadoop-hdfs-client/3.2.0/hadoop-hdfs-client-3.2.0.jar:/home/user/.m2/repository/com/fasterxml/jackson/core/jackson-annotations/2.9.5/jackson-annotations-2.9.5.jar:/home/user/.m2/repository/org/apache/hadoop/hadoop-hdds-common/0.5.0-SNAPSHOT/hadoop-hdds-common-0.5.0-SNAPSHOT.jar:/home/user/.m2/repository/javax/annotation/javax.annotation-api/1.2/javax.annotation-api-1.2.jar:/home/user/.m2/repository/org/apache/ratis/ratis-server/0.4.0-2337318-SNAPSHOT/ratis-server-0.4.0-2337318-SNAPSHOT.jar:/home/user/.m2/repository/org/apache/ratis/ratis-thirdparty-misc/0.2.0/ratis-thirdparty-misc-0.2.0.jar:/home/user/.m2/repository/org/apache/ratis/ratis-proto/0.4.0-2337318-SNAPSHOT/ratis-proto-0.4.0-2337318-SNAPSHOT.jar:/home/user/.m2/repository/org/apache/ratis/ratis-common/0.4.0-2337318-SNAPSHOT/ratis-common-0.4.0-2337318-SNAPSHOT.jar:/home/user/.m2/repository/org/apache/ratis/ratis-client/0.4.0-2337318-SNAPSHOT/ratis-client-0.4.0-2337318-SNAPSHOT.jar:/home/user/.m2/repository/org/apache/ratis/ratis-metrics/0.4.0-2337318-SNAPSHOT/ratis-metrics-0.4.0-2337318-SNAPSHOT.jar:/home/user/.m2/repository/org/apache/ratis/ratis-netty/0.4.0-2337318-SNAPSHOT/ratis-netty-0.4.0-2337318-SNAPSHOT.jar:/home/user/.m2/repository/org/apache/ratis/ratis-grpc/0.4.0-2337318-SNAPSHOT/ratis-grpc-0.4.0-2337318-SNAPSHOT.jar:/home/user/.m2/repository/org/rocksdb/rocksdbjni/6.0.1/rocksdbjni-6.0.1.jar:/home/user/.m2/repository/org/apache/logging/log4j/log4j-api/2.11.0/log4j-api-2.11.0.jar:/home/user/.m2/repository/org/apache/logging/log4j/log4j-core/2.11.0/log4j-core-2.11.0.jar:/home/user/.m2/repository/com/lmax/disruptor/3.4.2/disruptor-3.4.2.jar:/home/user/.m2/repository/org/apache/commons/commons-pool2/2.6.0/commons-pool2-2.6.0.jar:/home/user/.m2/repository/org/bouncycastle/bcpkix-jdk15on/1.60/bcpkix-jdk15on-1.60.jar:/home/user/.m2/repository/commons-validator/commons-validator/1.6/commons-validator-1.6.jar:/home/user/.m2/repository/commons-digester/commons-digester/1.8.1/commons-digester-1.8.1.jar:/home/user/.m2/repository/io/jaegertracing/jaeger-client/0.33.1/jaeger-client-0.33.1.jar:/home/user/.m2/repository/io/jaegertracing/jaeger-thrift/0.33.1/jaeger-thrift-0.33.1.jar:/home/user/.m2/repository/org/apache/thrift/libthrift/0.11.0/libthrift-0.11.0.jar:/home/user/.m2/repository/com/squareup/okhttp3/okhttp/3.9.0/okhttp-3.9.0.jar:/home/user/.m2/repository/com/squareup/okio/okio/1.13.0/okio-1.13.0.jar:/home/user/.m2/repository/io/jaegertracing/jaeger-core/0.33.1/jaeger-core-0.33.1.jar:/home/user/.m2/repository/io/jaegertracing/jaeger-tracerresolver/0.33.1/jaeger-tracerresolver-0.33.1.jar:/home/user/.m2/repository/io/opentracing/contrib/opentracing-tracerresolver/0.1.5/opentracing-tracerresolver-0.1.5.jar:/home/user/.m2/repository/io/opentracing/opentracing-util/0.31.0/opentracing-util-0.31.0.jar:/home/user/.m2/repository/io/opentracing/opentracing-api/0.31.0/opentracing-api-0.31.0.jar:/home/user/.m2/repository/io/opentracing/opentracing-noop/0.31.0/opentracing-noop-0.31.0.jar:/home/user/.m2/repository/org/apache/hadoop/hadoop-hdds-server-framework/0.5.0-SNAPSHOT/hadoop-hdds-server-framework-0.5.0-SNAPSHOT.jar:/home/user/.m2/repository/org/apache/hadoop/hadoop-hdds-container-service/0.5.0-SNAPSHOT/hadoop-hdds-container-service-0.5.0-SNAPSHOT.jar:/home/user/.m2/repository/org/apache/hadoop/hadoop-hdds-client/0.5.0-SNAPSHOT/hadoop-hdds-client-0.5.0-SNAPSHOT.jar:/home/user/.m2/repository/org/apache/hadoop/hadoop-hdds-tools/0.5.0-SNAPSHOT/hadoop-hdds-tools-0.5.0-SNAPSHOT.jar:/home/user/.m2/repository/org/apache/hadoop/hadoop-hdds-server-scm/0.5.0-SNAPSHOT/hadoop-hdds-server-scm-0.5.0-SNAPSHOT.jar:/home/user/.m2/repository/org/apache/hadoop/hadoop-hdds-docs/0.5.0-SNAPSHOT/hadoop-hdds-docs-0.5.0-SNAPSHOT.jar:/home/user/.m2/repository/io/dropwizard/metrics/metrics-core/3.2.4/metrics-core-3.2.4.jar:/home/user/.m2/repository/org/hamcrest/hamcrest-all/1.3/hamcrest-all-1.3.jar:/home/user/.m2/repository/org/bouncycastle/bcprov-jdk15on/1.60/bcprov-jdk15on-1.60.jar:/home/user/.m2/repository/info/picocli/picocli/3.9.6/picocli-3.9.6.jar:/home/user/.m2/repository/com/google/protobuf/protobuf-java/2.5.0/protobuf-java-2.5.0.jar:/home/user/.m2/repository/com/google/guava/guava/11.0.2/guava-11.0.2.jar:/home/user/.m2/repository/org/apache/hadoop/hadoop-ozone-ozone-manager/0.5.0-SNAPSHOT/hadoop-ozone-ozone-manager-0.5.0-SNAPSHOT.jar:/home/user/.m2/repository/org/apache/hadoop/hadoop-minikdc/3.2.0/hadoop-minikdc-3.2.0.jar:/home/user/.m2/repository/commons-io/commons-io/2.5/commons-io-2.5.jar:/home/user/.m2/repository/org/apache/kerby/kerb-simplekdc/1.0.1/kerb-simplekdc-1.0.1.jar:/home/user/.m2/repository/org/apache/kerby/kerb-client/1.0.1/kerb-client-1.0.1.jar:/home/user/.m2/repository/org/apache/kerby/kerby-config/1.0.1/kerby-config-1.0.1.jar:/home/user/.m2/repository/org/apache/kerby/kerb-core/1.0.1/kerb-core-1.0.1.jar:/home/user/.m2/repository/org/apache/kerby/kerby-pkix/1.0.1/kerby-pkix-1.0.1.jar:/home/user/.m2/repository/org/apache/kerby/kerby-asn1/1.0.1/kerby-asn1-1.0.1.jar:/home/user/.m2/repository/org/apache/kerby/kerby-util/1.0.1/kerby-util-1.0.1.jar:/home/user/.m2/repository/org/apache/kerby/kerb-common/1.0.1/kerb-common-1.0.1.jar:/home/user/.m2/repository/org/apache/kerby/kerb-crypto/1.0.1/kerb-crypto-1.0.1.jar:/home/user/.m2/repository/org/apache/kerby/kerb-util/1.0.1/kerb-util-1.0.1.jar:/home/user/.m2/repository/org/apache/kerby/token-provider/1.0.1/token-provider-1.0.1.jar:/home/user/.m2/repository/org/apache/kerby/kerb-admin/1.0.1/kerb-admin-1.0.1.jar:/home/user/.m2/repository/org/apache/kerby/kerb-server/1.0.1/kerb-server-1.0.1.jar:/home/user/.m2/repository/org/apache/kerby/kerb-identity/1.0.1/kerb-identity-1.0.1.jar:/home/user/.m2/repository/org/apache/kerby/kerby-xdr/1.0.1/kerby-xdr-1.0.1.jar:/home/user/.m2/repository/org/slf4j/slf4j-log4j12/1.7.25/slf4j-log4j12-1.7.25.jar:/home/user/.m2/repository/org/apache/hadoop/hadoop-ozone-s3gateway/0.5.0-SNAPSHOT/hadoop-ozone-s3gateway-0.5.0-SNAPSHOT.jar:/home/user/.m2/repository/org/jboss/weld/servlet/weld-servlet/2.4.7.Final/weld-servlet-2.4.7.Final.jar:/home/user/.m2/repository/org/glassfish/jersey/containers/jersey-container-servlet-core/2.27/jersey-container-servlet-core-2.27.jar:/home/user/.m2/repository/org/glassfish/hk2/external/javax.inject/2.5.0-b42/javax.inject-2.5.0-b42.jar:/home/user/.m2/repository/org/glassfish/jersey/core/jersey-common/2.27/jersey-common-2.27.jar:/home/user/.m2/repository/org/glassfish/hk2/osgi-resource-locator/1.0.1/osgi-resource-locator-1.0.1.jar:/home/user/.m2/repository/javax/ws/rs/javax.ws.rs-api/2.1/javax.ws.rs-api-2.1.jar:/home/user/.m2/repository/org/glassfish/jersey/ext/cdi/jersey-cdi1x/2.27/jersey-cdi1x-2.27.jar:/home/user/.m2/repository/org/glassfish/jersey/inject/jersey-hk2/2.27/jersey-hk2-2.27.jar:/home/user/.m2/repository/org/glassfish/hk2/hk2-locator/2.5.0-b42/hk2-locator-2.5.0-b42.jar:/home/user/.m2/repository/org/javassist/javassist/3.22.0-CR2/javassist-3.22.0-CR2.jar:/home/user/.m2/repository/org/glassfish/hk2/hk2-api/2.5.0/hk2-api-2.5.0.jar:/home/user/.m2/repository/org/glassfish/hk2/external/jakarta.inject/2.5.0/jakarta.inject-2.5.0.jar:/home/user/.m2/repository/org/glassfish/hk2/hk2-utils/2.5.0/hk2-utils-2.5.0.jar:/home/user/.m2/repository/jakarta/annotation/jakarta.annotation-api/1.3.4/jakarta.annotation-api-1.3.4.jar:/home/user/.m2/repository/org/glassfish/hk2/external/aopalliance-repackaged/2.5.0/aopalliance-repackaged-2.5.0.jar:/home/user/.m2/repository/com/fasterxml/jackson/dataformat/jackson-dataformat-xml/2.9.0/jackson-dataformat-xml-2.9.0.jar:/home/user/.m2/repository/com/fasterxml/jackson/core/jackson-core/2.9.5/jackson-core-2.9.5.jar:/home/user/.m2/repository/com/fasterxml/jackson/module/jackson-module-jaxb-annotations/2.9.5/jackson-module-jaxb-annotations-2.9.5.jar:/home/user/.m2/repository/javax/enterprise/cdi-api/1.2/cdi-api-1.2.jar:/home/user/.m2/repository/javax/el/javax.el-api/3.0.0/javax.el-api-3.0.0.jar:/home/user/.m2/repository/javax/interceptor/javax.interceptor-api/1.2/javax.interceptor-api-1.2.jar:/home/user/.m2/repository/javax/inject/javax.inject/1/javax.inject-1.jar:/home/user/.m2/repository/com/sun/xml/bind/jaxb-impl/2.3.0.1/jaxb-impl-2.3.0.1.jar:/home/user/.m2/repository/com/sun/xml/bind/jaxb-core/2.3.0.1/jaxb-core-2.3.0.1.jar:/home/user/.m2/repository/javax/xml/bind/jaxb-api/2.3.0/jaxb-api-2.3.0.jar:/home/user/.m2/repository/javax/activation/activation/1.1.1/activation-1.1.1.jar:/home/user/.m2/repository/org/apache/hadoop/hadoop-ozone-csi/0.5.0-SNAPSHOT/hadoop-ozone-csi-0.5.0-SNAPSHOT.jar:/home/user/.m2/repository/com/google/protobuf/protobuf-java-util/3.5.1/protobuf-java-util-3.5.1.jar:/home/user/.m2/repository/org/apache/hadoop/hadoop-hdds-config/0.5.0-SNAPSHOT/hadoop-hdds-config-0.5.0-SNAPSHOT.jar:/home/user/.m2/repository/io/grpc/grpc-netty/1.17.1/grpc-netty-1.17.1.jar:/home/user/.m2/repository/io/grpc/grpc-core/1.17.1/grpc-core-1.17.1.jar:/home/user/.m2/repository/io/grpc/grpc-context/1.17.1/grpc-context-1.17.1.jar:/home/user/.m2/repository/com/google/errorprone/error_prone_annotations/2.2.0/error_prone_annotations-2.2.0.jar:/home/user/.m2/repository/org/codehaus/mojo/animal-sniffer-annotations/1.17/animal-sniffer-annotations-1.17.jar:/home/user/.m2/repository/io/opencensus/opencensus-api/0.17.0/opencensus-api-0.17.0.jar:/home/user/.m2/repository/io/opencensus/opencensus-contrib-grpc-metrics/0.17.0/opencensus-contrib-grpc-metrics-0.17.0.jar:/home/user/.m2/repository/io/netty/netty-codec-http2/4.1.30.Final/netty-codec-http2-4.1.30.Final.jar:/home/user/.m2/repository/io/netty/netty-codec-http/4.1.30.Final/netty-codec-http-4.1.30.Final.jar:/home/user/.m2/repository/io/netty/netty-codec/4.1.30.Final/netty-codec-4.1.30.Final.jar:/home/user/.m2/repository/io/netty/netty-handler/4.1.30.Final/netty-handler-4.1.30.Final.jar:/home/user/.m2/repository/io/netty/netty-handler-proxy/4.1.30.Final/netty-handler-proxy-4.1.30.Final.jar:/home/user/.m2/repository/io/netty/netty-codec-socks/4.1.30.Final/netty-codec-socks-4.1.30.Final.jar:/home/user/.m2/repository/io/netty/netty-transport-native-epoll/4.1.30.Final/netty-transport-native-epoll-4.1.30.Final.jar:/home/user/.m2/repository/io/netty/netty-common/4.1.30.Final/netty-common-4.1.30.Final.jar:/home/user/.m2/repository/io/netty/netty-buffer/4.1.30.Final/netty-buffer-4.1.30.Final.jar:/home/user/.m2/repository/io/netty/netty-transport/4.1.30.Final/netty-transport-4.1.30.Final.jar:/home/user/.m2/repository/io/netty/netty-resolver/4.1.30.Final/netty-resolver-4.1.30.Final.jar:/home/user/.m2/repository/io/netty/netty-transport-native-unix-common/4.1.30.Final/netty-transport-native-unix-common-4.1.30.Final.jar:/home/user/.m2/repository/io/grpc/grpc-protobuf/1.17.1/grpc-protobuf-1.17.1.jar:/home/user/.m2/repository/com/google/api/grpc/proto-google-common-protos/1.0.0/proto-google-common-protos-1.0.0.jar:/home/user/.m2/repository/io/grpc/grpc-protobuf-lite/1.17.1/grpc-protobuf-lite-1.17.1.jar:/home/user/.m2/repository/io/grpc/grpc-stub/1.17.1/grpc-stub-1.17.1.jar:/home/user/.m2/repository/org/apache/hadoop/hadoop-ozone-recon/0.5.0-SNAPSHOT/hadoop-ozone-recon-0.5.0-SNAPSHOT.jar:/home/user/.m2/repository/org/apache/hadoop/hadoop-ozone-reconcodegen/0.5.0-SNAPSHOT/hadoop-ozone-reconcodegen-0.5.0-SNAPSHOT.jar:/home/user/.m2/repository/com/google/inject/extensions/guice-multibindings/4.0/guice-multibindings-4.0.jar:/home/user/.m2/repository/com/google/inject/guice/4.0/guice-4.0.jar:/home/user/.m2/repository/aopalliance/aopalliance/1.0/aopalliance-1.0.jar:/home/user/.m2/repository/com/google/inject/extensions/guice-servlet/4.0/guice-servlet-4.0.jar:/home/user/.m2/repository/org/glassfish/jersey/containers/jersey-container-servlet/2.27/jersey-container-servlet-2.27.jar:/home/user/.m2/repository/org/glassfish/hk2/guice-bridge/2.5.0/guice-bridge-2.5.0.jar:/home/user/.m2/repository/org/glassfish/jersey/core/jersey-server/2.27/jersey-server-2.27.jar:/home/user/.m2/repository/org/glassfish/jersey/core/jersey-client/2.27/jersey-client-2.27.jar:/home/user/.m2/repository/org/glassfish/jersey/media/jersey-media-jaxb/2.27/jersey-media-jaxb-2.27.jar:/home/user/.m2/repository/javax/validation/validation-api/1.1.0.Final/validation-api-1.1.0.Final.jar:/home/user/.m2/repository/org/glassfish/jersey/media/jersey-media-json-jackson/2.27/jersey-media-json-jackson-2.27.jar:/home/user/.m2/repository/org/glassfish/jersey/ext/jersey-entity-filtering/2.27/jersey-entity-filtering-2.27.jar:/home/user/.m2/repository/com/google/inject/extensions/guice-assistedinject/4.0/guice-assistedinject-4.0.jar:/home/user/.m2/repository/org/jooq/jooq/3.11.10/jooq-3.11.10.jar:/home/user/.m2/repository/org/jooq/jooq-meta/3.11.10/jooq-meta-3.11.10.jar:/home/user/.m2/repository/org/jooq/jooq-codegen/3.11.10/jooq-codegen-3.11.10.jar:/home/user/.m2/repository/com/jolbox/bonecp/0.8.0.RELEASE/bonecp-0.8.0.RELEASE.jar:/home/user/.m2/repository/org/xerial/sqlite-jdbc/3.25.2/sqlite-jdbc-3.25.2.jar:/home/user/.m2/repository/org/springframework/spring-jdbc/5.1.3.RELEASE/spring-jdbc-5.1.3.RELEASE.jar:/home/user/.m2/repository/org/springframework/spring-beans/5.1.3.RELEASE/spring-beans-5.1.3.RELEASE.jar:/home/user/.m2/repository/org/springframework/spring-core/5.1.3.RELEASE/spring-core-5.1.3.RELEASE.jar:/home/user/.m2/repository/org/springframework/spring-jcl/5.1.3.RELEASE/spring-jcl-5.1.3.RELEASE.jar:/home/user/.m2/repository/org/springframework/spring-tx/5.1.3.RELEASE/spring-tx-5.1.3.RELEASE.jar:/home/user/.m2/repository/org/apache/hadoop/hadoop-ozone-client/0.5.0-SNAPSHOT/hadoop-ozone-client-0.5.0-SNAPSHOT.jar:/home/user/.m2/repository/commons-lang/commons-lang/2.6/commons-lang-2.6.jar:/home/user/.m2/repository/org/apache/hadoop/hadoop-ozone-ozone-manager/0.5.0-SNAPSHOT/hadoop-ozone-ozone-manager-0.5.0-SNAPSHOT-tests.jar:/home/user/.m2/repository/junit/junit/4.11/junit-4.11.jar:/home/user/.m2/repository/org/hamcrest/hamcrest-core/1.3/hamcrest-core-1.3.jar:/home/user/.m2/repository/org/openjdk/jmh/jmh-core/1.19/jmh-core-1.19.jar:/home/user/.m2/repository/net/sf/jopt-simple/jopt-simple/4.6/jopt-simple-4.6.jar:/home/user/.m2/repository/org/apache/commons/commons-math3/3.1.1/commons-math3-3.1.1.jar:/home/user/.m2/repository/org/openjdk/jmh/jmh-generator-annprocess/1.19/jmh-generator-annprocess-1.19.jar:/home/user/.m2/repository/org/mockito/mockito-all/1.8.5/mockito-all-1.8.5.jar:/home/user/.m2/repository/org/apache/hadoop/hadoop-kms/3.2.0/hadoop-kms-3.2.0.jar:/home/user/.m2/repository/org/apache/hadoop/hadoop-auth/3.2.0/hadoop-auth-3.2.0.jar:/home/user/.m2/repository/com/nimbusds/nimbus-jose-jwt/4.41.1/nimbus-jose-jwt-4.41.1.jar:/home/user/.m2/repository/com/github/stephenc/jcip/jcip-annotations/1.0-1/jcip-annotations-1.0-1.jar:/home/user/.m2/repository/net/minidev/json-smart/2.3/json-smart-2.3.jar:/home/user/.m2/repository/net/minidev/accessors-smart/1.2/accessors-smart-1.2.jar:/home/user/.m2/repository/org/ow2/asm/asm/5.0.4/asm-5.0.4.jar:/home/user/.m2/repository/org/apache/curator/curator-framework/2.12.0/curator-framework-2.12.0.jar:/home/user/.m2/repository/com/sun/jersey/jersey-core/1.19/jersey-core-1.19.jar:/home/user/.m2/repository/javax/ws/rs/jsr311-api/1.1.1/jsr311-api-1.1.1.jar:/home/user/.m2/repository/com/sun/jersey/jersey-server/1.19/jersey-server-1.19.jar:/home/user/.m2/repository/javax/servlet/javax.servlet-api/3.1.0/javax.servlet-api-3.1.0.jar:/home/user/.m2/repository/org/eclipse/jetty/jetty-server/9.3.24.v20180605/jetty-server-9.3.24.v20180605.jar:/home/user/.m2/repository/org/eclipse/jetty/jetty-http/9.3.24.v20180605/jetty-http-9.3.24.v20180605.jar:/home/user/.m2/repository/org/eclipse/jetty/jetty-io/9.3.24.v20180605/jetty-io-9.3.24.v20180605.jar:/home/user/.m2/repository/org/eclipse/jetty/jetty-webapp/9.3.24.v20180605/jetty-webapp-9.3.24.v20180605.jar:/home/user/.m2/repository/org/eclipse/jetty/jetty-xml/9.3.24.v20180605/jetty-xml-9.3.24.v20180605.jar:/home/user/.m2/repository/log4j/log4j/1.2.17/log4j-1.2.17.jar:/home/user/.m2/repository/org/slf4j/slf4j-api/1.7.25/slf4j-api-1.7.25.jar:/home/user/.m2/repository/org/slf4j/jul-to-slf4j/1.7.25/jul-to-slf4j-1.7.25.jar:/home/user/.m2/repository/org/eclipse/jetty/jetty-util/9.3.24.v20180605/jetty-util-9.3.24.v20180605.jar:/home/user/.m2/repository/com/fasterxml/jackson/core/jackson-databind/2.9.5/jackson-databind-2.9.5.jar:/home/user/.m2/repository/org/apache/hadoop/hadoop-kms/3.2.0/hadoop-kms-3.2.0-tests.jar:/home/user/.m2/repository/org/apache/hadoop/hadoop-hdds-server-scm/0.5.0-SNAPSHOT/hadoop-hdds-server-scm-0.5.0-SNAPSHOT-tests.jar:/home/user/.m2/repository/org/apache/hadoop/hadoop-hdds-container-service/0.5.0-SNAPSHOT/hadoop-hdds-container-service-0.5.0-SNAPSHOT-tests.jar:/home/user/.m2/repository/org/yaml/snakeyaml/1.16/snakeyaml-1.16.jar:/home/user/.m2/repository/org/apache/hadoop/hadoop-common/3.2.0/hadoop-common-3.2.0-tests.jar:/home/user/.m2/repository/org/apache/hadoop/hadoop-annotations/3.2.0/hadoop-annotations-3.2.0.jar:/usr/lib/jvm/java-1.8-openjdk/jre/../lib/tools.jar:/home/user/.m2/repository/commons-cli/commons-cli/1.2/commons-cli-1.2.jar:/home/user/.m2/repository/org/apache/httpcomponents/httpclient/4.5.2/httpclient-4.5.2.jar:/home/user/.m2/repository/org/apache/httpcomponents/httpcore/4.4.4/httpcore-4.4.4.jar:/home/user/.m2/repository/commons-codec/commons-codec/1.11/commons-codec-1.11.jar:/home/user/.m2/repository/commons-net/commons-net/3.6/commons-net-3.6.jar:/home/user/.m2/repository/commons-collections/commons-collections/3.2.2/commons-collections-3.2.2.jar:/home/user/.m2/repository/org/eclipse/jetty/jetty-servlet/9.3.24.v20180605/jetty-servlet-9.3.24.v20180605.jar:/home/user/.m2/repository/org/eclipse/jetty/jetty-security/9.3.24.v20180605/jetty-security-9.3.24.v20180605.jar:/home/user/.m2/repository/javax/servlet/jsp/jsp-api/2.1/jsp-api-2.1.jar:/home/user/.m2/repository/com/sun/jersey/jersey-servlet/1.19/jersey-servlet-1.19.jar:/home/user/.m2/repository/com/sun/jersey/jersey-json/1.19/jersey-json-1.19.jar:/home/user/.m2/repository/org/codehaus/jettison/jettison/1.1/jettison-1.1.jar:/home/user/.m2/repository/org/codehaus/jackson/jackson-core-asl/1.9.13/jackson-core-asl-1.9.13.jar:/home/user/.m2/repository/org/codehaus/jackson/jackson-mapper-asl/1.9.13/jackson-mapper-asl-1.9.13.jar:/home/user/.m2/repository/org/codehaus/jackson/jackson-jaxrs/1.9.13/jackson-jaxrs-1.9.13.jar:/home/user/.m2/repository/org/codehaus/jackson/jackson-xc/1.9.13/jackson-xc-1.9.13.jar:/home/user/.m2/repository/commons-logging/commons-logging/1.1.3/commons-logging-1.1.3.jar:/home/user/.m2/repository/commons-beanutils/commons-beanutils/1.9.3/commons-beanutils-1.9.3.jar:/home/user/.m2/repository/org/apache/commons/commons-configuration2/2.1.1/commons-configuration2-2.1.1.jar:/home/user/.m2/repository/org/apache/commons/commons-lang3/3.7/commons-lang3-3.7.jar:/home/user/.m2/repository/org/apache/commons/commons-text/1.4/commons-text-1.4.jar:/home/user/.m2/repository/org/apache/avro/avro/1.7.7/avro-1.7.7.jar:/home/user/.m2/repository/com/thoughtworks/paranamer/paranamer/2.3/paranamer-2.3.jar:/home/user/.m2/repository/org/xerial/snappy/snappy-java/1.0.5/snappy-java-1.0.5.jar:/home/user/.m2/repository/com/google/re2j/re2j/1.1/re2j-1.1.jar:/home/user/.m2/repository/com/google/code/gson/gson/2.2.4/gson-2.2.4.jar:/home/user/.m2/repository/com/jcraft/jsch/0.1.54/jsch-0.1.54.jar:/home/user/.m2/repository/org/apache/curator/curator-client/2.12.0/curator-client-2.12.0.jar:/home/user/.m2/repository/org/apache/curator/curator-recipes/2.12.0/curator-recipes-2.12.0.jar:/home/user/.m2/repository/com/google/code/findbugs/jsr305/3.0.0/jsr305-3.0.0.jar:/home/user/.m2/repository/org/apache/htrace/htrace-core4/4.1.0-incubating/htrace-core4-4.1.0-incubating.jar:/home/user/.m2/repository/org/apache/zookeeper/zookeeper/3.4.13/zookeeper-3.4.13.jar:/home/user/.m2/repository/org/apache/yetus/audience-annotations/0.5.0/audience-annotations-0.5.0.jar:/home/user/.m2/repository/org/codehaus/woodstox/stax2-api/3.1.4/stax2-api-3.1.4.jar:/home/user/.m2/repository/com/fasterxml/woodstox/woodstox-core/5.0.3/woodstox-core-5.0.3.jar:/home/user/.m2/repository/dnsjava/dnsjava/2.1.7/dnsjava-2.1.7.jar:/home/user/.m2/repository/org/apache/hadoop/hadoop-hdfs/3.2.0/hadoop-hdfs-3.2.0-tests.jar:/home/user/.m2/repository/org/eclipse/jetty/jetty-util-ajax/9.3.24.v20180605/jetty-util-ajax-9.3.24.v20180605.jar:/home/user/.m2/repository/commons-daemon/commons-daemon/1.0.13/commons-daemon-1.0.13.jar:/home/user/.m2/repository/io/netty/netty/3.10.5.Final/netty-3.10.5.Final.jar:/home/user/.m2/repository/io/netty/netty-all/4.0.52.Final/netty-all-4.0.52.Final.jar:/home/user/.m2/repository/org/fusesource/leveldbjni/leveldbjni-all/1.8/leveldbjni-all-1.8.jar:"/>
    <property name="java.vm.vendor" value="IcedTea"/>
    <property name="sun.arch.data.model" value="64"/>
    <property name="test.build.dir" value="/workdir/hadoop-ozone/integration-test/target/test-dir"/>
    <property name="test.cache.data" value=""/>
    <property name="java.vendor.url" value="https://icedtea.classpath.org"/>
    <property name="user.timezone" value=""/>
    <property name="java.vm.specification.version" value="1.8"/>
    <property name="os.name" value="Linux"/>
    <property name="test.build.data" value="/workdir/hadoop-ozone/integration-test/target/test-dir"/>
    <property name="user.country" value="US"/>
    <property name="sun.java.launcher" value="SUN_STANDARD"/>
    <property name="sun.boot.library.path" value="/usr/lib/jvm/java-1.8-openjdk/jre/lib/amd64"/>
    <property name="sun.java.command" value="/workdir/hadoop-ozone/integration-test/target/surefire/surefirebooter2303374915267643731.jar /workdir/hadoop-ozone/integration-test/target/surefire 2019-08-29T11-22-32_675-jvmRun1 surefire1174371859056695999tmp surefire_277397064389714439741tmp"/>
    <property name="test" value="!TestMiniChaosOzoneCluster"/>
    <property name="surefire.test.class.path" value="/workdir/hadoop-ozone/integration-test/target/test-classes:/workdir/hadoop-ozone/integration-test/target/classes:/home/user/.m2/repository/org/apache/hadoop/hadoop-ozone-common/0.5.0-SNAPSHOT/hadoop-ozone-common-0.5.0-SNAPSHOT.jar:/home/user/.m2/repository/org/apache/commons/commons-compress/1.4.1/commons-compress-1.4.1.jar:/home/user/.m2/repository/org/tukaani/xz/1.0/xz-1.0.jar:/home/user/.m2/repository/org/apache/hadoop/hadoop-common/3.2.0/hadoop-common-3.2.0.jar:/home/user/.m2/repository/org/apache/hadoop/hadoop-hdfs/3.2.0/hadoop-hdfs-3.2.0.jar:/home/user/.m2/repository/org/apache/hadoop/hadoop-hdfs-client/3.2.0/hadoop-hdfs-client-3.2.0.jar:/home/user/.m2/repository/com/fasterxml/jackson/core/jackson-annotations/2.9.5/jackson-annotations-2.9.5.jar:/home/user/.m2/repository/org/apache/hadoop/hadoop-hdds-common/0.5.0-SNAPSHOT/hadoop-hdds-common-0.5.0-SNAPSHOT.jar:/home/user/.m2/repository/javax/annotation/javax.annotation-api/1.2/javax.annotation-api-1.2.jar:/home/user/.m2/repository/org/apache/ratis/ratis-server/0.4.0-2337318-SNAPSHOT/ratis-server-0.4.0-2337318-SNAPSHOT.jar:/home/user/.m2/repository/org/apache/ratis/ratis-thirdparty-misc/0.2.0/ratis-thirdparty-misc-0.2.0.jar:/home/user/.m2/repository/org/apache/ratis/ratis-proto/0.4.0-2337318-SNAPSHOT/ratis-proto-0.4.0-2337318-SNAPSHOT.jar:/home/user/.m2/repository/org/apache/ratis/ratis-common/0.4.0-2337318-SNAPSHOT/ratis-common-0.4.0-2337318-SNAPSHOT.jar:/home/user/.m2/repository/org/apache/ratis/ratis-client/0.4.0-2337318-SNAPSHOT/ratis-client-0.4.0-2337318-SNAPSHOT.jar:/home/user/.m2/repository/org/apache/ratis/ratis-metrics/0.4.0-2337318-SNAPSHOT/ratis-metrics-0.4.0-2337318-SNAPSHOT.jar:/home/user/.m2/repository/org/apache/ratis/ratis-netty/0.4.0-2337318-SNAPSHOT/ratis-netty-0.4.0-2337318-SNAPSHOT.jar:/home/user/.m2/repository/org/apache/ratis/ratis-grpc/0.4.0-2337318-SNAPSHOT/ratis-grpc-0.4.0-2337318-SNAPSHOT.jar:/home/user/.m2/repository/org/rocksdb/rocksdbjni/6.0.1/rocksdbjni-6.0.1.jar:/home/user/.m2/repository/org/apache/logging/log4j/log4j-api/2.11.0/log4j-api-2.11.0.jar:/home/user/.m2/repository/org/apache/logging/log4j/log4j-core/2.11.0/log4j-core-2.11.0.jar:/home/user/.m2/repository/com/lmax/disruptor/3.4.2/disruptor-3.4.2.jar:/home/user/.m2/repository/org/apache/commons/commons-pool2/2.6.0/commons-pool2-2.6.0.jar:/home/user/.m2/repository/org/bouncycastle/bcpkix-jdk15on/1.60/bcpkix-jdk15on-1.60.jar:/home/user/.m2/repository/commons-validator/commons-validator/1.6/commons-validator-1.6.jar:/home/user/.m2/repository/commons-digester/commons-digester/1.8.1/commons-digester-1.8.1.jar:/home/user/.m2/repository/io/jaegertracing/jaeger-client/0.33.1/jaeger-client-0.33.1.jar:/home/user/.m2/repository/io/jaegertracing/jaeger-thrift/0.33.1/jaeger-thrift-0.33.1.jar:/home/user/.m2/repository/org/apache/thrift/libthrift/0.11.0/libthrift-0.11.0.jar:/home/user/.m2/repository/com/squareup/okhttp3/okhttp/3.9.0/okhttp-3.9.0.jar:/home/user/.m2/repository/com/squareup/okio/okio/1.13.0/okio-1.13.0.jar:/home/user/.m2/repository/io/jaegertracing/jaeger-core/0.33.1/jaeger-core-0.33.1.jar:/home/user/.m2/repository/io/jaegertracing/jaeger-tracerresolver/0.33.1/jaeger-tracerresolver-0.33.1.jar:/home/user/.m2/repository/io/opentracing/contrib/opentracing-tracerresolver/0.1.5/opentracing-tracerresolver-0.1.5.jar:/home/user/.m2/repository/io/opentracing/opentracing-util/0.31.0/opentracing-util-0.31.0.jar:/home/user/.m2/repository/io/opentracing/opentracing-api/0.31.0/opentracing-api-0.31.0.jar:/home/user/.m2/repository/io/opentracing/opentracing-noop/0.31.0/opentracing-noop-0.31.0.jar:/home/user/.m2/repository/org/apache/hadoop/hadoop-hdds-server-framework/0.5.0-SNAPSHOT/hadoop-hdds-server-framework-0.5.0-SNAPSHOT.jar:/home/user/.m2/repository/org/apache/hadoop/hadoop-hdds-container-service/0.5.0-SNAPSHOT/hadoop-hdds-container-service-0.5.0-SNAPSHOT.jar:/home/user/.m2/repository/org/apache/hadoop/hadoop-hdds-client/0.5.0-SNAPSHOT/hadoop-hdds-client-0.5.0-SNAPSHOT.jar:/home/user/.m2/repository/org/apache/hadoop/hadoop-hdds-tools/0.5.0-SNAPSHOT/hadoop-hdds-tools-0.5.0-SNAPSHOT.jar:/home/user/.m2/repository/org/apache/hadoop/hadoop-hdds-server-scm/0.5.0-SNAPSHOT/hadoop-hdds-server-scm-0.5.0-SNAPSHOT.jar:/home/user/.m2/repository/org/apache/hadoop/hadoop-hdds-docs/0.5.0-SNAPSHOT/hadoop-hdds-docs-0.5.0-SNAPSHOT.jar:/home/user/.m2/repository/io/dropwizard/metrics/metrics-core/3.2.4/metrics-core-3.2.4.jar:/home/user/.m2/repository/org/hamcrest/hamcrest-all/1.3/hamcrest-all-1.3.jar:/home/user/.m2/repository/org/bouncycastle/bcprov-jdk15on/1.60/bcprov-jdk15on-1.60.jar:/home/user/.m2/repository/info/picocli/picocli/3.9.6/picocli-3.9.6.jar:/home/user/.m2/repository/com/google/protobuf/protobuf-java/2.5.0/protobuf-java-2.5.0.jar:/home/user/.m2/repository/com/google/guava/guava/11.0.2/guava-11.0.2.jar:/home/user/.m2/repository/org/apache/hadoop/hadoop-ozone-ozone-manager/0.5.0-SNAPSHOT/hadoop-ozone-ozone-manager-0.5.0-SNAPSHOT.jar:/home/user/.m2/repository/org/apache/hadoop/hadoop-minikdc/3.2.0/hadoop-minikdc-3.2.0.jar:/home/user/.m2/repository/commons-io/commons-io/2.5/commons-io-2.5.jar:/home/user/.m2/repository/org/apache/kerby/kerb-simplekdc/1.0.1/kerb-simplekdc-1.0.1.jar:/home/user/.m2/repository/org/apache/kerby/kerb-client/1.0.1/kerb-client-1.0.1.jar:/home/user/.m2/repository/org/apache/kerby/kerby-config/1.0.1/kerby-config-1.0.1.jar:/home/user/.m2/repository/org/apache/kerby/kerb-core/1.0.1/kerb-core-1.0.1.jar:/home/user/.m2/repository/org/apache/kerby/kerby-pkix/1.0.1/kerby-pkix-1.0.1.jar:/home/user/.m2/repository/org/apache/kerby/kerby-asn1/1.0.1/kerby-asn1-1.0.1.jar:/home/user/.m2/repository/org/apache/kerby/kerby-util/1.0.1/kerby-util-1.0.1.jar:/home/user/.m2/repository/org/apache/kerby/kerb-common/1.0.1/kerb-common-1.0.1.jar:/home/user/.m2/repository/org/apache/kerby/kerb-crypto/1.0.1/kerb-crypto-1.0.1.jar:/home/user/.m2/repository/org/apache/kerby/kerb-util/1.0.1/kerb-util-1.0.1.jar:/home/user/.m2/repository/org/apache/kerby/token-provider/1.0.1/token-provider-1.0.1.jar:/home/user/.m2/repository/org/apache/kerby/kerb-admin/1.0.1/kerb-admin-1.0.1.jar:/home/user/.m2/repository/org/apache/kerby/kerb-server/1.0.1/kerb-server-1.0.1.jar:/home/user/.m2/repository/org/apache/kerby/kerb-identity/1.0.1/kerb-identity-1.0.1.jar:/home/user/.m2/repository/org/apache/kerby/kerby-xdr/1.0.1/kerby-xdr-1.0.1.jar:/home/user/.m2/repository/org/slf4j/slf4j-log4j12/1.7.25/slf4j-log4j12-1.7.25.jar:/home/user/.m2/repository/org/apache/hadoop/hadoop-ozone-s3gateway/0.5.0-SNAPSHOT/hadoop-ozone-s3gateway-0.5.0-SNAPSHOT.jar:/home/user/.m2/repository/org/jboss/weld/servlet/weld-servlet/2.4.7.Final/weld-servlet-2.4.7.Final.jar:/home/user/.m2/repository/org/glassfish/jersey/containers/jersey-container-servlet-core/2.27/jersey-container-servlet-core-2.27.jar:/home/user/.m2/repository/org/glassfish/hk2/external/javax.inject/2.5.0-b42/javax.inject-2.5.0-b42.jar:/home/user/.m2/repository/org/glassfish/jersey/core/jersey-common/2.27/jersey-common-2.27.jar:/home/user/.m2/repository/org/glassfish/hk2/osgi-resource-locator/1.0.1/osgi-resource-locator-1.0.1.jar:/home/user/.m2/repository/javax/ws/rs/javax.ws.rs-api/2.1/javax.ws.rs-api-2.1.jar:/home/user/.m2/repository/org/glassfish/jersey/ext/cdi/jersey-cdi1x/2.27/jersey-cdi1x-2.27.jar:/home/user/.m2/repository/org/glassfish/jersey/inject/jersey-hk2/2.27/jersey-hk2-2.27.jar:/home/user/.m2/repository/org/glassfish/hk2/hk2-locator/2.5.0-b42/hk2-locator-2.5.0-b42.jar:/home/user/.m2/repository/org/javassist/javassist/3.22.0-CR2/javassist-3.22.0-CR2.jar:/home/user/.m2/repository/org/glassfish/hk2/hk2-api/2.5.0/hk2-api-2.5.0.jar:/home/user/.m2/repository/org/glassfish/hk2/external/jakarta.inject/2.5.0/jakarta.inject-2.5.0.jar:/home/user/.m2/repository/org/glassfish/hk2/hk2-utils/2.5.0/hk2-utils-2.5.0.jar:/home/user/.m2/repository/jakarta/annotation/jakarta.annotation-api/1.3.4/jakarta.annotation-api-1.3.4.jar:/home/user/.m2/repository/org/glassfish/hk2/external/aopalliance-repackaged/2.5.0/aopalliance-repackaged-2.5.0.jar:/home/user/.m2/repository/com/fasterxml/jackson/dataformat/jackson-dataformat-xml/2.9.0/jackson-dataformat-xml-2.9.0.jar:/home/user/.m2/repository/com/fasterxml/jackson/core/jackson-core/2.9.5/jackson-core-2.9.5.jar:/home/user/.m2/repository/com/fasterxml/jackson/module/jackson-module-jaxb-annotations/2.9.5/jackson-module-jaxb-annotations-2.9.5.jar:/home/user/.m2/repository/javax/enterprise/cdi-api/1.2/cdi-api-1.2.jar:/home/user/.m2/repository/javax/el/javax.el-api/3.0.0/javax.el-api-3.0.0.jar:/home/user/.m2/repository/javax/interceptor/javax.interceptor-api/1.2/javax.interceptor-api-1.2.jar:/home/user/.m2/repository/javax/inject/javax.inject/1/javax.inject-1.jar:/home/user/.m2/repository/com/sun/xml/bind/jaxb-impl/2.3.0.1/jaxb-impl-2.3.0.1.jar:/home/user/.m2/repository/com/sun/xml/bind/jaxb-core/2.3.0.1/jaxb-core-2.3.0.1.jar:/home/user/.m2/repository/javax/xml/bind/jaxb-api/2.3.0/jaxb-api-2.3.0.jar:/home/user/.m2/repository/javax/activation/activation/1.1.1/activation-1.1.1.jar:/home/user/.m2/repository/org/apache/hadoop/hadoop-ozone-csi/0.5.0-SNAPSHOT/hadoop-ozone-csi-0.5.0-SNAPSHOT.jar:/home/user/.m2/repository/com/google/protobuf/protobuf-java-util/3.5.1/protobuf-java-util-3.5.1.jar:/home/user/.m2/repository/org/apache/hadoop/hadoop-hdds-config/0.5.0-SNAPSHOT/hadoop-hdds-config-0.5.0-SNAPSHOT.jar:/home/user/.m2/repository/io/grpc/grpc-netty/1.17.1/grpc-netty-1.17.1.jar:/home/user/.m2/repository/io/grpc/grpc-core/1.17.1/grpc-core-1.17.1.jar:/home/user/.m2/repository/io/grpc/grpc-context/1.17.1/grpc-context-1.17.1.jar:/home/user/.m2/repository/com/google/errorprone/error_prone_annotations/2.2.0/error_prone_annotations-2.2.0.jar:/home/user/.m2/repository/org/codehaus/mojo/animal-sniffer-annotations/1.17/animal-sniffer-annotations-1.17.jar:/home/user/.m2/repository/io/opencensus/opencensus-api/0.17.0/opencensus-api-0.17.0.jar:/home/user/.m2/repository/io/opencensus/opencensus-contrib-grpc-metrics/0.17.0/opencensus-contrib-grpc-metrics-0.17.0.jar:/home/user/.m2/repository/io/netty/netty-codec-http2/4.1.30.Final/netty-codec-http2-4.1.30.Final.jar:/home/user/.m2/repository/io/netty/netty-codec-http/4.1.30.Final/netty-codec-http-4.1.30.Final.jar:/home/user/.m2/repository/io/netty/netty-codec/4.1.30.Final/netty-codec-4.1.30.Final.jar:/home/user/.m2/repository/io/netty/netty-handler/4.1.30.Final/netty-handler-4.1.30.Final.jar:/home/user/.m2/repository/io/netty/netty-handler-proxy/4.1.30.Final/netty-handler-proxy-4.1.30.Final.jar:/home/user/.m2/repository/io/netty/netty-codec-socks/4.1.30.Final/netty-codec-socks-4.1.30.Final.jar:/home/user/.m2/repository/io/netty/netty-transport-native-epoll/4.1.30.Final/netty-transport-native-epoll-4.1.30.Final.jar:/home/user/.m2/repository/io/netty/netty-common/4.1.30.Final/netty-common-4.1.30.Final.jar:/home/user/.m2/repository/io/netty/netty-buffer/4.1.30.Final/netty-buffer-4.1.30.Final.jar:/home/user/.m2/repository/io/netty/netty-transport/4.1.30.Final/netty-transport-4.1.30.Final.jar:/home/user/.m2/repository/io/netty/netty-resolver/4.1.30.Final/netty-resolver-4.1.30.Final.jar:/home/user/.m2/repository/io/netty/netty-transport-native-unix-common/4.1.30.Final/netty-transport-native-unix-common-4.1.30.Final.jar:/home/user/.m2/repository/io/grpc/grpc-protobuf/1.17.1/grpc-protobuf-1.17.1.jar:/home/user/.m2/repository/com/google/api/grpc/proto-google-common-protos/1.0.0/proto-google-common-protos-1.0.0.jar:/home/user/.m2/repository/io/grpc/grpc-protobuf-lite/1.17.1/grpc-protobuf-lite-1.17.1.jar:/home/user/.m2/repository/io/grpc/grpc-stub/1.17.1/grpc-stub-1.17.1.jar:/home/user/.m2/repository/org/apache/hadoop/hadoop-ozone-recon/0.5.0-SNAPSHOT/hadoop-ozone-recon-0.5.0-SNAPSHOT.jar:/home/user/.m2/repository/org/apache/hadoop/hadoop-ozone-reconcodegen/0.5.0-SNAPSHOT/hadoop-ozone-reconcodegen-0.5.0-SNAPSHOT.jar:/home/user/.m2/repository/com/google/inject/extensions/guice-multibindings/4.0/guice-multibindings-4.0.jar:/home/user/.m2/repository/com/google/inject/guice/4.0/guice-4.0.jar:/home/user/.m2/repository/aopalliance/aopalliance/1.0/aopalliance-1.0.jar:/home/user/.m2/repository/com/google/inject/extensions/guice-servlet/4.0/guice-servlet-4.0.jar:/home/user/.m2/repository/org/glassfish/jersey/containers/jersey-container-servlet/2.27/jersey-container-servlet-2.27.jar:/home/user/.m2/repository/org/glassfish/hk2/guice-bridge/2.5.0/guice-bridge-2.5.0.jar:/home/user/.m2/repository/org/glassfish/jersey/core/jersey-server/2.27/jersey-server-2.27.jar:/home/user/.m2/repository/org/glassfish/jersey/core/jersey-client/2.27/jersey-client-2.27.jar:/home/user/.m2/repository/org/glassfish/jersey/media/jersey-media-jaxb/2.27/jersey-media-jaxb-2.27.jar:/home/user/.m2/repository/javax/validation/validation-api/1.1.0.Final/validation-api-1.1.0.Final.jar:/home/user/.m2/repository/org/glassfish/jersey/media/jersey-media-json-jackson/2.27/jersey-media-json-jackson-2.27.jar:/home/user/.m2/repository/org/glassfish/jersey/ext/jersey-entity-filtering/2.27/jersey-entity-filtering-2.27.jar:/home/user/.m2/repository/com/google/inject/extensions/guice-assistedinject/4.0/guice-assistedinject-4.0.jar:/home/user/.m2/repository/org/jooq/jooq/3.11.10/jooq-3.11.10.jar:/home/user/.m2/repository/org/jooq/jooq-meta/3.11.10/jooq-meta-3.11.10.jar:/home/user/.m2/repository/org/jooq/jooq-codegen/3.11.10/jooq-codegen-3.11.10.jar:/home/user/.m2/repository/com/jolbox/bonecp/0.8.0.RELEASE/bonecp-0.8.0.RELEASE.jar:/home/user/.m2/repository/org/xerial/sqlite-jdbc/3.25.2/sqlite-jdbc-3.25.2.jar:/home/user/.m2/repository/org/springframework/spring-jdbc/5.1.3.RELEASE/spring-jdbc-5.1.3.RELEASE.jar:/home/user/.m2/repository/org/springframework/spring-beans/5.1.3.RELEASE/spring-beans-5.1.3.RELEASE.jar:/home/user/.m2/repository/org/springframework/spring-core/5.1.3.RELEASE/spring-core-5.1.3.RELEASE.jar:/home/user/.m2/repository/org/springframework/spring-jcl/5.1.3.RELEASE/spring-jcl-5.1.3.RELEASE.jar:/home/user/.m2/repository/org/springframework/spring-tx/5.1.3.RELEASE/spring-tx-5.1.3.RELEASE.jar:/home/user/.m2/repository/org/apache/hadoop/hadoop-ozone-client/0.5.0-SNAPSHOT/hadoop-ozone-client-0.5.0-SNAPSHOT.jar:/home/user/.m2/repository/commons-lang/commons-lang/2.6/commons-lang-2.6.jar:/home/user/.m2/repository/org/apache/hadoop/hadoop-ozone-ozone-manager/0.5.0-SNAPSHOT/hadoop-ozone-ozone-manager-0.5.0-SNAPSHOT-tests.jar:/home/user/.m2/repository/junit/junit/4.11/junit-4.11.jar:/home/user/.m2/repository/org/hamcrest/hamcrest-core/1.3/hamcrest-core-1.3.jar:/home/user/.m2/repository/org/openjdk/jmh/jmh-core/1.19/jmh-core-1.19.jar:/home/user/.m2/repository/net/sf/jopt-simple/jopt-simple/4.6/jopt-simple-4.6.jar:/home/user/.m2/repository/org/apache/commons/commons-math3/3.1.1/commons-math3-3.1.1.jar:/home/user/.m2/repository/org/openjdk/jmh/jmh-generator-annprocess/1.19/jmh-generator-annprocess-1.19.jar:/home/user/.m2/repository/org/mockito/mockito-all/1.8.5/mockito-all-1.8.5.jar:/home/user/.m2/repository/org/apache/hadoop/hadoop-kms/3.2.0/hadoop-kms-3.2.0.jar:/home/user/.m2/repository/org/apache/hadoop/hadoop-auth/3.2.0/hadoop-auth-3.2.0.jar:/home/user/.m2/repository/com/nimbusds/nimbus-jose-jwt/4.41.1/nimbus-jose-jwt-4.41.1.jar:/home/user/.m2/repository/com/github/stephenc/jcip/jcip-annotations/1.0-1/jcip-annotations-1.0-1.jar:/home/user/.m2/repository/net/minidev/json-smart/2.3/json-smart-2.3.jar:/home/user/.m2/repository/net/minidev/accessors-smart/1.2/accessors-smart-1.2.jar:/home/user/.m2/repository/org/ow2/asm/asm/5.0.4/asm-5.0.4.jar:/home/user/.m2/repository/org/apache/curator/curator-framework/2.12.0/curator-framework-2.12.0.jar:/home/user/.m2/repository/com/sun/jersey/jersey-core/1.19/jersey-core-1.19.jar:/home/user/.m2/repository/javax/ws/rs/jsr311-api/1.1.1/jsr311-api-1.1.1.jar:/home/user/.m2/repository/com/sun/jersey/jersey-server/1.19/jersey-server-1.19.jar:/home/user/.m2/repository/javax/servlet/javax.servlet-api/3.1.0/javax.servlet-api-3.1.0.jar:/home/user/.m2/repository/org/eclipse/jetty/jetty-server/9.3.24.v20180605/jetty-server-9.3.24.v20180605.jar:/home/user/.m2/repository/org/eclipse/jetty/jetty-http/9.3.24.v20180605/jetty-http-9.3.24.v20180605.jar:/home/user/.m2/repository/org/eclipse/jetty/jetty-io/9.3.24.v20180605/jetty-io-9.3.24.v20180605.jar:/home/user/.m2/repository/org/eclipse/jetty/jetty-webapp/9.3.24.v20180605/jetty-webapp-9.3.24.v20180605.jar:/home/user/.m2/repository/org/eclipse/jetty/jetty-xml/9.3.24.v20180605/jetty-xml-9.3.24.v20180605.jar:/home/user/.m2/repository/log4j/log4j/1.2.17/log4j-1.2.17.jar:/home/user/.m2/repository/org/slf4j/slf4j-api/1.7.25/slf4j-api-1.7.25.jar:/home/user/.m2/repository/org/slf4j/jul-to-slf4j/1.7.25/jul-to-slf4j-1.7.25.jar:/home/user/.m2/repository/org/eclipse/jetty/jetty-util/9.3.24.v20180605/jetty-util-9.3.24.v20180605.jar:/home/user/.m2/repository/com/fasterxml/jackson/core/jackson-databind/2.9.5/jackson-databind-2.9.5.jar:/home/user/.m2/repository/org/apache/hadoop/hadoop-kms/3.2.0/hadoop-kms-3.2.0-tests.jar:/home/user/.m2/repository/org/apache/hadoop/hadoop-hdds-server-scm/0.5.0-SNAPSHOT/hadoop-hdds-server-scm-0.5.0-SNAPSHOT-tests.jar:/home/user/.m2/repository/org/apache/hadoop/hadoop-hdds-container-service/0.5.0-SNAPSHOT/hadoop-hdds-container-service-0.5.0-SNAPSHOT-tests.jar:/home/user/.m2/repository/org/yaml/snakeyaml/1.16/snakeyaml-1.16.jar:/home/user/.m2/repository/org/apache/hadoop/hadoop-common/3.2.0/hadoop-common-3.2.0-tests.jar:/home/user/.m2/repository/org/apache/hadoop/hadoop-annotations/3.2.0/hadoop-annotations-3.2.0.jar:/usr/lib/jvm/java-1.8-openjdk/jre/../lib/tools.jar:/home/user/.m2/repository/commons-cli/commons-cli/1.2/commons-cli-1.2.jar:/home/user/.m2/repository/org/apache/httpcomponents/httpclient/4.5.2/httpclient-4.5.2.jar:/home/user/.m2/repository/org/apache/httpcomponents/httpcore/4.4.4/httpcore-4.4.4.jar:/home/user/.m2/repository/commons-codec/commons-codec/1.11/commons-codec-1.11.jar:/home/user/.m2/repository/commons-net/commons-net/3.6/commons-net-3.6.jar:/home/user/.m2/repository/commons-collections/commons-collections/3.2.2/commons-collections-3.2.2.jar:/home/user/.m2/repository/org/eclipse/jetty/jetty-servlet/9.3.24.v20180605/jetty-servlet-9.3.24.v20180605.jar:/home/user/.m2/repository/org/eclipse/jetty/jetty-security/9.3.24.v20180605/jetty-security-9.3.24.v20180605.jar:/home/user/.m2/repository/javax/servlet/jsp/jsp-api/2.1/jsp-api-2.1.jar:/home/user/.m2/repository/com/sun/jersey/jersey-servlet/1.19/jersey-servlet-1.19.jar:/home/user/.m2/repository/com/sun/jersey/jersey-json/1.19/jersey-json-1.19.jar:/home/user/.m2/repository/org/codehaus/jettison/jettison/1.1/jettison-1.1.jar:/home/user/.m2/repository/org/codehaus/jackson/jackson-core-asl/1.9.13/jackson-core-asl-1.9.13.jar:/home/user/.m2/repository/org/codehaus/jackson/jackson-mapper-asl/1.9.13/jackson-mapper-asl-1.9.13.jar:/home/user/.m2/repository/org/codehaus/jackson/jackson-jaxrs/1.9.13/jackson-jaxrs-1.9.13.jar:/home/user/.m2/repository/org/codehaus/jackson/jackson-xc/1.9.13/jackson-xc-1.9.13.jar:/home/user/.m2/repository/commons-logging/commons-logging/1.1.3/commons-logging-1.1.3.jar:/home/user/.m2/repository/commons-beanutils/commons-beanutils/1.9.3/commons-beanutils-1.9.3.jar:/home/user/.m2/repository/org/apache/commons/commons-configuration2/2.1.1/commons-configuration2-2.1.1.jar:/home/user/.m2/repository/org/apache/commons/commons-lang3/3.7/commons-lang3-3.7.jar:/home/user/.m2/repository/org/apache/commons/commons-text/1.4/commons-text-1.4.jar:/home/user/.m2/repository/org/apache/avro/avro/1.7.7/avro-1.7.7.jar:/home/user/.m2/repository/com/thoughtworks/paranamer/paranamer/2.3/paranamer-2.3.jar:/home/user/.m2/repository/org/xerial/snappy/snappy-java/1.0.5/snappy-java-1.0.5.jar:/home/user/.m2/repository/com/google/re2j/re2j/1.1/re2j-1.1.jar:/home/user/.m2/repository/com/google/code/gson/gson/2.2.4/gson-2.2.4.jar:/home/user/.m2/repository/com/jcraft/jsch/0.1.54/jsch-0.1.54.jar:/home/user/.m2/repository/org/apache/curator/curator-client/2.12.0/curator-client-2.12.0.jar:/home/user/.m2/repository/org/apache/curator/curator-recipes/2.12.0/curator-recipes-2.12.0.jar:/home/user/.m2/repository/com/google/code/findbugs/jsr305/3.0.0/jsr305-3.0.0.jar:/home/user/.m2/repository/org/apache/htrace/htrace-core4/4.1.0-incubating/htrace-core4-4.1.0-incubating.jar:/home/user/.m2/repository/org/apache/zookeeper/zookeeper/3.4.13/zookeeper-3.4.13.jar:/home/user/.m2/repository/org/apache/yetus/audience-annotations/0.5.0/audience-annotations-0.5.0.jar:/home/user/.m2/repository/org/codehaus/woodstox/stax2-api/3.1.4/stax2-api-3.1.4.jar:/home/user/.m2/repository/com/fasterxml/woodstox/woodstox-core/5.0.3/woodstox-core-5.0.3.jar:/home/user/.m2/repository/dnsjava/dnsjava/2.1.7/dnsjava-2.1.7.jar:/home/user/.m2/repository/org/apache/hadoop/hadoop-hdfs/3.2.0/hadoop-hdfs-3.2.0-tests.jar:/home/user/.m2/repository/org/eclipse/jetty/jetty-util-ajax/9.3.24.v20180605/jetty-util-ajax-9.3.24.v20180605.jar:/home/user/.m2/repository/commons-daemon/commons-daemon/1.0.13/commons-daemon-1.0.13.jar:/home/user/.m2/repository/io/netty/netty/3.10.5.Final/netty-3.10.5.Final.jar:/home/user/.m2/repository/io/netty/netty-all/4.0.52.Final/netty-all-4.0.52.Final.jar:/home/user/.m2/repository/org/fusesource/leveldbjni/leveldbjni-all/1.8/leveldbjni-all-1.8.jar:"/>
    <property name="sun.cpu.endian" value="little"/>
    <property name="user.home" value="/home/user"/>
    <property name="user.language" value="en"/>
    <property name="java.specification.vendor" value="Oracle Corporation"/>
    <property name="java.home" value="/usr/lib/jvm/java-1.8-openjdk/jre"/>
    <property name="java.security.krb5.conf" value="/workdir/hadoop-ozone/integration-test/target/test-classes/krb5.conf"/>
    <property name="basedir" value="/workdir/hadoop-ozone/integration-test"/>
    <property name="file.separator" value="/"/>
    <property name="line.separator" value="&#10;"/>
    <property name="java.vm.specification.vendor" value="Oracle Corporation"/>
    <property name="java.specification.name" value="Java Platform API Specification"/>
    <property name="java.awt.graphicsenv" value="sun.awt.X11GraphicsEnvironment"/>
    <property name="surefire.real.class.path" value="/workdir/hadoop-ozone/integration-test/target/surefire/surefirebooter2303374915267643731.jar"/>
    <property name="hadoop.log.dir" value="/workdir/hadoop-ozone/integration-test/target/log"/>
    <property name="sun.boot.class.path" value="/usr/lib/jvm/java-1.8-openjdk/jre/lib/resources.jar:/usr/lib/jvm/java-1.8-openjdk/jre/lib/rt.jar:/usr/lib/jvm/java-1.8-openjdk/jre/lib/sunrsasign.jar:/usr/lib/jvm/java-1.8-openjdk/jre/lib/jsse.jar:/usr/lib/jvm/java-1.8-openjdk/jre/lib/jce.jar:/usr/lib/jvm/java-1.8-openjdk/jre/lib/charsets.jar:/usr/lib/jvm/java-1.8-openjdk/jre/lib/jfr.jar:/usr/lib/jvm/java-1.8-openjdk/jre/classes"/>
    <property name="sun.management.compiler" value="HotSpot 64-Bit Tiered Compilers"/>
    <property name="java.runtime.version" value="1.8.0_212-b04"/>
    <property name="java.net.preferIPv4Stack" value="true"/>
    <property name="user.name" value="jenkins1000"/>
    <property name="path.separator" value=":"/>
    <property name="java.security.egd" value="file:///dev/urandom"/>
    <property name="os.version" value="3.10.0-957.12.2.el7.x86_64"/>
    <property name="java.endorsed.dirs" value="/usr/lib/jvm/java-1.8-openjdk/jre/lib/endorsed"/>
    <property name="java.runtime.name" value="OpenJDK Runtime Environment"/>
    <property name="file.encoding" value="UTF-8"/>
    <property name="java.vm.name" value="OpenJDK 64-Bit Server VM"/>
    <property name="test.build.webapps" value=""/>
    <property name="localRepository" value="/home/user/.m2/repository"/>
    <property name="java.vendor.url.bug" value="https://icedtea.classpath.org/bugzilla"/>
    <property name="java.io.tmpdir" value="/tmp"/>
    <property name="require.test.libhadoop" value=""/>
    <property name="java.version" value="1.8.0_212"/>
    <property name="user.dir" value="/workdir/hadoop-ozone/integration-test"/>
    <property name="os.arch" value="amd64"/>
    <property name="java.vm.specification.name" value="Java Virtual Machine Specification"/>
    <property name="test.build.classes" value="/workdir/hadoop-ozone/integration-test/target/test-classes"/>
    <property name="java.awt.printerjob" value="sun.print.PSPrinterJob"/>
    <property name="sun.os.patch.level" value="unknown"/>
    <property name="hadoop.tmp.dir" value="/workdir/hadoop-ozone/integration-test/target/tmp"/>
    <property name="java.library.path" value="/usr/lib/jvm/java-1.8-openjdk/jre/lib/amd64/server:/usr/lib/jvm/java-1.8-openjdk/jre/lib/amd64:/usr/lib/jvm/java-1.8-openjdk/jre/../lib/amd64:/workdir/hadoop-ozone/integration-test/target/native/target/usr/local/lib:/workdir/hadoop-ozone/integration-test/../../hadoop-common-project/hadoop-common/target/native/target/usr/local/lib:/usr/java/packages/lib/amd64:/usr/lib64:/lib64:/lib:/usr/lib"/>
    <property name="java.vm.info" value="mixed mode"/>
    <property name="java.vendor" value="IcedTea"/>
    <property name="java.vm.version" value="25.212-b04"/>
    <property name="java.ext.dirs" value="/usr/lib/jvm/java-1.8-openjdk/jre/lib/ext:/usr/java/packages/lib/ext"/>
    <property name="sun.io.unicode.encoding" value="UnicodeLittle"/>
    <property name="java.class.version" value="52.0"/>
  </properties>
  <testcase name="testContainerStateMachineFailures" classname="org.apache.hadoop.ozone.client.rpc.TestContainerStateMachine" time="77.486">
    <error message="Allocated 0 blocks. Requested 1 blocks" type="INTERNAL_ERROR org.apache.hadoop.ozone.om.exceptions.OMException">INTERNAL_ERROR org.apache.hadoop.ozone.om.exceptions.OMException: Allocated 0 blocks. Requested 1 blocks
	at org.apache.hadoop.ozone.om.protocolPB.OzoneManagerProtocolClientSideTranslatorPB.handleError(OzoneManagerProtocolClientSideTranslatorPB.java:725)
	at org.apache.hadoop.ozone.om.protocolPB.OzoneManagerProtocolClientSideTranslatorPB.allocateBlock(OzoneManagerProtocolClientSideTranslatorPB.java:757)
	at org.apache.hadoop.ozone.client.io.BlockOutputStreamEntryPool.allocateNewBlock(BlockOutputStreamEntryPool.java:248)
	at org.apache.hadoop.ozone.client.io.BlockOutputStreamEntryPool.allocateBlockIfNeeded(BlockOutputStreamEntryPool.java:296)
	at org.apache.hadoop.ozone.client.io.KeyOutputStream.handleWrite(KeyOutputStream.java:201)
	at org.apache.hadoop.ozone.client.io.KeyOutputStream.handleRetry(KeyOutputStream.java:376)
	at org.apache.hadoop.ozone.client.io.KeyOutputStream.handleException(KeyOutputStream.java:325)
	at org.apache.hadoop.ozone.client.io.KeyOutputStream.handleFlushOrClose(KeyOutputStream.java:448)
	at org.apache.hadoop.ozone.client.io.KeyOutputStream.close(KeyOutputStream.java:472)
	at org.apache.hadoop.ozone.client.io.OzoneOutputStream.close(OzoneOutputStream.java:60)
	at org.apache.hadoop.ozone.client.rpc.TestContainerStateMachine.testContainerStateMachineFailures(TestContainerStateMachine.java:142)
	at sun.reflect.NativeMethodAccessorImpl.invoke0(Native Method)
	at sun.reflect.NativeMethodAccessorImpl.invoke(NativeMethodAccessorImpl.java:62)
	at sun.reflect.DelegatingMethodAccessorImpl.invoke(DelegatingMethodAccessorImpl.java:43)
	at java.lang.reflect.Method.invoke(Method.java:498)
	at org.junit.runners.model.FrameworkMethod$1.runReflectiveCall(FrameworkMethod.java:47)
	at org.junit.internal.runners.model.ReflectiveCallable.run(ReflectiveCallable.java:12)
	at org.junit.runners.model.FrameworkMethod.invokeExplosively(FrameworkMethod.java:44)
	at org.junit.internal.runners.statements.InvokeMethod.evaluate(InvokeMethod.java:17)
	at org.junit.runners.ParentRunner.runLeaf(ParentRunner.java:271)
	at org.junit.runners.BlockJUnit4ClassRunner.runChild(BlockJUnit4ClassRunner.java:70)
	at org.junit.runners.BlockJUnit4ClassRunner.runChild(BlockJUnit4ClassRunner.java:50)
	at org.junit.runners.ParentRunner$3.run(ParentRunner.java:238)
	at org.junit.runners.ParentRunner$1.schedule(ParentRunner.java:63)
	at org.junit.runners.ParentRunner.runChildren(ParentRunner.java:236)
	at org.junit.runners.ParentRunner.access$000(ParentRunner.java:53)
	at org.junit.runners.ParentRunner$2.evaluate(ParentRunner.java:229)
	at org.junit.internal.runners.statements.RunBefores.evaluate(RunBefores.java:26)
	at org.junit.internal.runners.statements.RunAfters.evaluate(RunAfters.java:27)
	at org.junit.runners.ParentRunner.run(ParentRunner.java:309)
	at org.apache.maven.surefire.junit4.JUnit4Provider.execute(JUnit4Provider.java:365)
	at org.apache.maven.surefire.junit4.JUnit4Provider.executeWithRerun(JUnit4Provider.java:273)
	at org.apache.maven.surefire.junit4.JUnit4Provider.executeTestSet(JUnit4Provider.java:238)
	at org.apache.maven.surefire.junit4.JUnit4Provider.invoke(JUnit4Provider.java:159)
	at org.apache.maven.surefire.booter.ForkedBooter.invokeProviderInSameClassLoader(ForkedBooter.java:384)
	at org.apache.maven.surefire.booter.ForkedBooter.runSuitesInProcess(ForkedBooter.java:345)
	at org.apache.maven.surefire.booter.ForkedBooter.execute(ForkedBooter.java:126)
	at org.apache.maven.surefire.booter.ForkedBooter.main(ForkedBooter.java:418)
</error>
    <system-out><![CDATA[2019-08-29 12:00:24,924 [main] WARN  server.ServerUtils (ServerUtils.java:getScmDbDir(145)) - ozone.scm.db.dirs is not configured. We recommend adding this setting. Falling back to ozone.metadata.dirs instead.
2019-08-29 12:00:25,222 [main] WARN  server.ServerUtils (ServerUtils.java:getScmDbDir(145)) - ozone.scm.db.dirs is not configured. We recommend adding this setting. Falling back to ozone.metadata.dirs instead.
2019-08-29 12:00:25,226 [main] WARN  server.ServerUtils (ServerUtils.java:getScmDbDir(145)) - ozone.scm.db.dirs is not configured. We recommend adding this setting. Falling back to ozone.metadata.dirs instead.
2019-08-29 12:00:25,251 [main] INFO  util.log (Log.java:initialized(192)) - Logging initialized @3301ms
2019-08-29 12:00:25,360 [main] INFO  db.DBStoreBuilder (DBStoreBuilder.java:addTable(110)) - using custom profile for table: deletedBlocks
2019-08-29 12:00:25,361 [main] INFO  db.DBStoreBuilder (DBStoreBuilder.java:processTables(161)) - Using default column profile:DBProfile.DISK for Table:deletedBlocks
2019-08-29 12:00:25,361 [main] INFO  db.DBStoreBuilder (DBStoreBuilder.java:addTable(110)) - using custom profile for table: validCerts
2019-08-29 12:00:25,361 [main] INFO  db.DBStoreBuilder (DBStoreBuilder.java:processTables(161)) - Using default column profile:DBProfile.DISK for Table:validCerts
2019-08-29 12:00:25,362 [main] INFO  db.DBStoreBuilder (DBStoreBuilder.java:addTable(110)) - using custom profile for table: revokedCerts
2019-08-29 12:00:25,362 [main] INFO  db.DBStoreBuilder (DBStoreBuilder.java:processTables(161)) - Using default column profile:DBProfile.DISK for Table:revokedCerts
2019-08-29 12:00:25,374 [main] INFO  db.DBStoreBuilder (DBStoreBuilder.java:addTable(110)) - using custom profile for table: default
2019-08-29 12:00:25,374 [main] INFO  db.DBStoreBuilder (DBStoreBuilder.java:processTables(167)) - Using default column profile:DBProfile.DISK for Table:default
2019-08-29 12:00:25,375 [main] INFO  db.DBStoreBuilder (DBStoreBuilder.java:getDbProfile(198)) - Using default options. DBProfile.DISK
2019-08-29 12:00:25,544 [main] INFO  net.NodeSchemaLoader (NodeSchemaLoader.java:loadSchemaFromFile(125)) - Loading file from sun.misc.CompoundEnumeration@6d24ffa1
2019-08-29 12:00:25,547 [main] INFO  net.NodeSchemaLoader (NodeSchemaLoader.java:loadSchema(171)) - Loading network topology layer schema file
2019-08-29 12:00:25,625 [main] INFO  node.SCMNodeManager (SCMNodeManager.java:<init>(121)) - Entering startup safe mode.
2019-08-29 12:00:25,644 [main] INFO  algorithms.ContainerPlacementPolicyFactory (ContainerPlacementPolicyFactory.java:getPolicy(55)) - Create container placement policy of type org.apache.hadoop.hdds.scm.container.placement.algorithms.SCMContainerPlacementRandom
2019-08-29 12:00:25,658 [main] WARN  server.ServerUtils (ServerUtils.java:getScmDbDir(145)) - ozone.scm.db.dirs is not configured. We recommend adding this setting. Falling back to ozone.metadata.dirs instead.
2019-08-29 12:00:25,729 [main] INFO  pipeline.SCMPipelineManager (SCMPipelineManager.java:initializePipelineState(126)) - No pipeline exists in current db
2019-08-29 12:00:25,732 [main] WARN  server.ServerUtils (ServerUtils.java:getScmDbDir(145)) - ozone.scm.db.dirs is not configured. We recommend adding this setting. Falling back to ozone.metadata.dirs instead.
2019-08-29 12:00:25,914 [main] WARN  events.EventQueue (EventQueue.java:fireEvent(175)) - No event handler registered for event TypedEvent{payloadType=SafeModeStatus, name='SafeModeStatus'}
2019-08-29 12:00:26,009 [main] INFO  ipc.CallQueueManager (CallQueueManager.java:<init>(84)) - Using callQueue: class java.util.concurrent.LinkedBlockingQueue, queueCapacity: 2000, scheduler: class org.apache.hadoop.ipc.DefaultRpcScheduler, ipcBackoff: false.
2019-08-29 12:00:26,037 [Socket Reader #1 for port 44686] INFO  ipc.Server (Server.java:run(1074)) - Starting Socket Reader #1 for port 44686
2019-08-29 12:00:26,059 [main] INFO  ipc.CallQueueManager (CallQueueManager.java:<init>(84)) - Using callQueue: class java.util.concurrent.LinkedBlockingQueue, queueCapacity: 2000, scheduler: class org.apache.hadoop.ipc.DefaultRpcScheduler, ipcBackoff: false.
2019-08-29 12:00:26,060 [Socket Reader #1 for port 32993] INFO  ipc.Server (Server.java:run(1074)) - Starting Socket Reader #1 for port 32993
2019-08-29 12:00:26,068 [main] INFO  ipc.CallQueueManager (CallQueueManager.java:<init>(84)) - Using callQueue: class java.util.concurrent.LinkedBlockingQueue, queueCapacity: 2000, scheduler: class org.apache.hadoop.ipc.DefaultRpcScheduler, ipcBackoff: false.
2019-08-29 12:00:26,068 [Socket Reader #1 for port 35258] INFO  ipc.Server (Server.java:run(1074)) - Starting Socket Reader #1 for port 35258
2019-08-29 12:00:26,089 [main] INFO  hdfs.DFSUtil (DFSUtil.java:httpServerTemplateForNNAndJN(1641)) - Starting Web-server for scm at: http://0.0.0.0:0
2019-08-29 12:00:26,253 [main] INFO  server.AuthenticationFilter (AuthenticationFilter.java:constructSecretProvider(240)) - Unable to initialize FileSignerSecretProvider, falling back to use random secrets.
2019-08-29 12:00:26,265 [main] WARN  http.HttpRequestLog (HttpRequestLog.java:getRequestLog(97)) - Jetty request log can only be enabled using Log4j
2019-08-29 12:00:26,275 [main] INFO  http.HttpServer2 (HttpServer2.java:addGlobalFilter(975)) - Added global filter 'safety' (class=org.apache.hadoop.http.HttpServer2$QuotingInputFilter)
2019-08-29 12:00:26,279 [main] INFO  http.HttpServer2 (HttpServer2.java:addFilter(948)) - Added filter static_user_filter (class=org.apache.hadoop.http.lib.StaticUserWebFilter$StaticUserFilter) to context scm
2019-08-29 12:00:26,279 [main] INFO  http.HttpServer2 (HttpServer2.java:addFilter(958)) - Added filter static_user_filter (class=org.apache.hadoop.http.lib.StaticUserWebFilter$StaticUserFilter) to context static
2019-08-29 12:00:26,279 [main] INFO  http.HttpServer2 (HttpServer2.java:addFilter(958)) - Added filter static_user_filter (class=org.apache.hadoop.http.lib.StaticUserWebFilter$StaticUserFilter) to context logs
2019-08-29 12:00:26,345 [main] INFO  server.StorageContainerManager (StorageContainerManager.java:start(759)) - StorageContainerLocationProtocol RPC server is listening at /0.0.0.0:35258
2019-08-29 12:00:26,411 [main] WARN  impl.MetricsConfig (MetricsConfig.java:loadFirst(134)) - Cannot locate configuration: tried hadoop-metrics2-storagecontainermanager.properties,hadoop-metrics2.properties
2019-08-29 12:00:26,427 [main] INFO  impl.MetricsSystemImpl (MetricsSystemImpl.java:startTimer(374)) - Scheduled Metric snapshot period at 10 second(s).
2019-08-29 12:00:26,428 [main] INFO  impl.MetricsSystemImpl (MetricsSystemImpl.java:start(191)) - StorageContainerManager metrics system started
2019-08-29 12:00:26,478 [main] INFO  server.SCMClientProtocolServer (SCMClientProtocolServer.java:start(151)) - RPC server for Client  is listening at /0.0.0.0:35258
2019-08-29 12:00:26,478 [IPC Server Responder] INFO  ipc.Server (Server.java:run(1314)) - IPC Server Responder: starting
2019-08-29 12:00:26,479 [IPC Server listener on 35258] INFO  ipc.Server (Server.java:run(1153)) - IPC Server listener on 35258: starting
2019-08-29 12:00:26,484 [main] INFO  server.StorageContainerManager (StorageContainerManager.java:start(769)) - ScmBlockLocationProtocol RPC server is listening at /0.0.0.0:32993
2019-08-29 12:00:26,484 [main] INFO  server.SCMBlockProtocolServer (SCMBlockProtocolServer.java:start(140)) - RPC server for Block Protocol is listening at /0.0.0.0:32993
2019-08-29 12:00:26,484 [IPC Server Responder] INFO  ipc.Server (Server.java:run(1314)) - IPC Server Responder: starting
2019-08-29 12:00:26,485 [IPC Server listener on 32993] INFO  ipc.Server (Server.java:run(1153)) - IPC Server listener on 32993: starting
2019-08-29 12:00:26,489 [main] INFO  server.StorageContainerManager (StorageContainerManager.java:start(773)) - ScmDatanodeProtocl RPC server is listening at /0.0.0.0:44686
2019-08-29 12:00:26,489 [main] INFO  server.SCMDatanodeProtocolServer (SCMDatanodeProtocolServer.java:start(191)) - RPC server for DataNodes is listening at /0.0.0.0:44686
2019-08-29 12:00:26,490 [IPC Server Responder] INFO  ipc.Server (Server.java:run(1314)) - IPC Server Responder: starting
2019-08-29 12:00:26,490 [IPC Server listener on 44686] INFO  ipc.Server (Server.java:run(1153)) - IPC Server listener on 44686: starting
2019-08-29 12:00:26,495 [main] INFO  http.HttpServer2 (HttpServer2.java:bindListener(1191)) - Jetty bound to port 41990
2019-08-29 12:00:26,497 [main] INFO  server.Server (Server.java:doStart(351)) - jetty-9.3.24.v20180605, build timestamp: 2018-06-05T17:11:56Z, git hash: 84205aa28f11a4f31f2a3b86d1bba2cc8ab69827
2019-08-29 12:00:26,540 [main] INFO  handler.ContextHandler (ContextHandler.java:doStart(781)) - Started o.e.j.s.ServletContextHandler@a68df9{/logs,file:///workdir/hadoop-ozone/integration-test/target/log,AVAILABLE}
2019-08-29 12:00:26,541 [main] INFO  handler.ContextHandler (ContextHandler.java:doStart(781)) - Started o.e.j.s.ServletContextHandler@7cf7aee{/static,file:///workdir/hadoop-ozone/integration-test/target/test-classes/webapps/static,AVAILABLE}
2019-08-29 12:00:26,575 [main] INFO  handler.ContextHandler (ContextHandler.java:doStart(781)) - Started o.e.j.w.WebAppContext@5183d589{/,file:///workdir/hadoop-ozone/integration-test/target/test-classes/webapps/scm/,AVAILABLE}{/scm}
2019-08-29 12:00:26,582 [main] INFO  server.AbstractConnector (AbstractConnector.java:doStart(278)) - Started ServerConnector@7c974942{HTTP/1.1,[http/1.1]}{0.0.0.0:41990}
2019-08-29 12:00:26,582 [main] INFO  server.Server (Server.java:doStart(419)) - Started @4632ms
2019-08-29 12:00:26,584 [main] INFO  server.BaseHttpServer (BaseHttpServer.java:updateConnectorAddress(213)) - HTTP server of SCM is listening at http://0.0.0.0:41990
2019-08-29 12:00:26,593 [org.apache.hadoop.util.JvmPauseMonitor$Monitor@7c211fd0] INFO  util.JvmPauseMonitor (JvmPauseMonitor.java:run(188)) - Starting JVM pause monitor
2019-08-29 12:00:26,597 [main] WARN  server.ServerUtils (ServerUtils.java:getDBPath(222)) - ozone.om.db.dirs is not configured. We recommend adding this setting. Falling back to ozone.metadata.dirs instead.
2019-08-29 12:00:26,652 [main] WARN  server.ServerUtils (ServerUtils.java:getDBPath(222)) - ozone.om.db.dirs is not configured. We recommend adding this setting. Falling back to ozone.metadata.dirs instead.
2019-08-29 12:00:26,653 [main] WARN  server.ServerUtils (ServerUtils.java:getDBPath(222)) - ozone.om.db.dirs is not configured. We recommend adding this setting. Falling back to ozone.metadata.dirs instead.
2019-08-29 12:00:26,655 [main] INFO  om.OzoneManager (OzoneManager.java:setOMNodeDetails(645)) - OM Service ID is not set. Setting it to the default ID: omServiceIdDefault
2019-08-29 12:00:26,655 [main] INFO  om.OzoneManager (OzoneManager.java:setOMNodeDetails(651)) - OM Node ID is not set. Setting it to the OmStorage's OmID: 53daa88d-d332-4cef-9945-d28a1c599051
2019-08-29 12:00:26,658 [main] INFO  om.OzoneManager (OzoneManager.java:loadOMHAConfigs(602)) - Found matching OM address with OMServiceId: null, OMNodeId: null, RPC Address: localhost:0 and Ratis port: 9872
2019-08-29 12:00:26,789 [main] WARN  server.ServerUtils (ServerUtils.java:getDBPath(222)) - ozone.om.db.dirs is not configured. We recommend adding this setting. Falling back to ozone.metadata.dirs instead.
2019-08-29 12:00:26,796 [main] INFO  db.DBStoreBuilder (DBStoreBuilder.java:addTable(110)) - using custom profile for table: userTable
2019-08-29 12:00:26,797 [main] INFO  db.DBStoreBuilder (DBStoreBuilder.java:processTables(161)) - Using default column profile:DBProfile.DISK for Table:userTable
2019-08-29 12:00:26,797 [main] INFO  db.DBStoreBuilder (DBStoreBuilder.java:addTable(110)) - using custom profile for table: volumeTable
2019-08-29 12:00:26,797 [main] INFO  db.DBStoreBuilder (DBStoreBuilder.java:processTables(161)) - Using default column profile:DBProfile.DISK for Table:volumeTable
2019-08-29 12:00:26,797 [main] INFO  db.DBStoreBuilder (DBStoreBuilder.java:addTable(110)) - using custom profile for table: bucketTable
2019-08-29 12:00:26,797 [main] INFO  db.DBStoreBuilder (DBStoreBuilder.java:processTables(161)) - Using default column profile:DBProfile.DISK for Table:bucketTable
2019-08-29 12:00:26,798 [main] INFO  db.DBStoreBuilder (DBStoreBuilder.java:addTable(110)) - using custom profile for table: keyTable
2019-08-29 12:00:26,798 [main] INFO  db.DBStoreBuilder (DBStoreBuilder.java:processTables(161)) - Using default column profile:DBProfile.DISK for Table:keyTable
2019-08-29 12:00:26,798 [main] INFO  db.DBStoreBuilder (DBStoreBuilder.java:addTable(110)) - using custom profile for table: deletedTable
2019-08-29 12:00:26,798 [main] INFO  db.DBStoreBuilder (DBStoreBuilder.java:processTables(161)) - Using default column profile:DBProfile.DISK for Table:deletedTable
2019-08-29 12:00:26,799 [main] INFO  db.DBStoreBuilder (DBStoreBuilder.java:addTable(110)) - using custom profile for table: openKeyTable
2019-08-29 12:00:26,799 [main] INFO  db.DBStoreBuilder (DBStoreBuilder.java:processTables(161)) - Using default column profile:DBProfile.DISK for Table:openKeyTable
2019-08-29 12:00:26,799 [main] INFO  db.DBStoreBuilder (DBStoreBuilder.java:addTable(110)) - using custom profile for table: s3Table
2019-08-29 12:00:26,799 [main] INFO  db.DBStoreBuilder (DBStoreBuilder.java:processTables(161)) - Using default column profile:DBProfile.DISK for Table:s3Table
2019-08-29 12:00:26,800 [main] INFO  db.DBStoreBuilder (DBStoreBuilder.java:addTable(110)) - using custom profile for table: multipartInfoTable
2019-08-29 12:00:26,800 [main] INFO  db.DBStoreBuilder (DBStoreBuilder.java:processTables(161)) - Using default column profile:DBProfile.DISK for Table:multipartInfoTable
2019-08-29 12:00:26,800 [main] INFO  db.DBStoreBuilder (DBStoreBuilder.java:addTable(110)) - using custom profile for table: dTokenTable
2019-08-29 12:00:26,800 [main] INFO  db.DBStoreBuilder (DBStoreBuilder.java:processTables(161)) - Using default column profile:DBProfile.DISK for Table:dTokenTable
2019-08-29 12:00:26,800 [main] INFO  db.DBStoreBuilder (DBStoreBuilder.java:addTable(110)) - using custom profile for table: s3SecretTable
2019-08-29 12:00:26,801 [main] INFO  db.DBStoreBuilder (DBStoreBuilder.java:processTables(161)) - Using default column profile:DBProfile.DISK for Table:s3SecretTable
2019-08-29 12:00:26,801 [main] INFO  db.DBStoreBuilder (DBStoreBuilder.java:addTable(110)) - using custom profile for table: prefixTable
2019-08-29 12:00:26,801 [main] INFO  db.DBStoreBuilder (DBStoreBuilder.java:processTables(161)) - Using default column profile:DBProfile.DISK for Table:prefixTable
2019-08-29 12:00:26,801 [main] INFO  db.DBStoreBuilder (DBStoreBuilder.java:addTable(110)) - using custom profile for table: default
2019-08-29 12:00:26,802 [main] INFO  db.DBStoreBuilder (DBStoreBuilder.java:processTables(167)) - Using default column profile:DBProfile.DISK for Table:default
2019-08-29 12:00:26,802 [main] INFO  db.DBStoreBuilder (DBStoreBuilder.java:getDbProfile(198)) - Using default options. DBProfile.DISK
2019-08-29 12:00:27,383 [main] INFO  ipc.CallQueueManager (CallQueueManager.java:<init>(84)) - Using callQueue: class java.util.concurrent.LinkedBlockingQueue, queueCapacity: 2000, scheduler: class org.apache.hadoop.ipc.DefaultRpcScheduler, ipcBackoff: false.
2019-08-29 12:00:27,384 [Socket Reader #1 for port 45239] INFO  ipc.Server (Server.java:run(1074)) - Starting Socket Reader #1 for port 45239
2019-08-29 12:00:27,411 [main] INFO  om.OzoneManager (OzoneManager.java:start(1256)) - OzoneManager RPC server is listening at localhost/127.0.0.1:45239
2019-08-29 12:00:27,411 [main] INFO  impl.MetricsSystemImpl (MetricsSystemImpl.java:init(158)) - OzoneManager metrics system started (again)
2019-08-29 12:00:27,413 [IPC Server Responder] INFO  ipc.Server (Server.java:run(1314)) - IPC Server Responder: starting
2019-08-29 12:00:27,413 [IPC Server listener on 45239] INFO  ipc.Server (Server.java:run(1153)) - IPC Server listener on 45239: starting
2019-08-29 12:00:27,420 [main] INFO  hdfs.DFSUtil (DFSUtil.java:httpServerTemplateForNNAndJN(1641)) - Starting Web-server for ozoneManager at: http://0.0.0.0:0
2019-08-29 12:00:27,422 [main] INFO  server.AuthenticationFilter (AuthenticationFilter.java:constructSecretProvider(240)) - Unable to initialize FileSignerSecretProvider, falling back to use random secrets.
2019-08-29 12:00:27,423 [main] WARN  http.HttpRequestLog (HttpRequestLog.java:getRequestLog(97)) - Jetty request log can only be enabled using Log4j
2019-08-29 12:00:27,427 [main] INFO  http.HttpServer2 (HttpServer2.java:addGlobalFilter(975)) - Added global filter 'safety' (class=org.apache.hadoop.http.HttpServer2$QuotingInputFilter)
2019-08-29 12:00:27,429 [main] INFO  http.HttpServer2 (HttpServer2.java:addFilter(948)) - Added filter static_user_filter (class=org.apache.hadoop.http.lib.StaticUserWebFilter$StaticUserFilter) to context ozoneManager
2019-08-29 12:00:27,429 [main] INFO  http.HttpServer2 (HttpServer2.java:addFilter(958)) - Added filter static_user_filter (class=org.apache.hadoop.http.lib.StaticUserWebFilter$StaticUserFilter) to context static
2019-08-29 12:00:27,429 [main] INFO  http.HttpServer2 (HttpServer2.java:addFilter(958)) - Added filter static_user_filter (class=org.apache.hadoop.http.lib.StaticUserWebFilter$StaticUserFilter) to context logs
2019-08-29 12:00:27,432 [main] INFO  http.HttpServer2 (HttpServer2.java:bindListener(1191)) - Jetty bound to port 41397
2019-08-29 12:00:27,432 [main] INFO  server.Server (Server.java:doStart(351)) - jetty-9.3.24.v20180605, build timestamp: 2018-06-05T17:11:56Z, git hash: 84205aa28f11a4f31f2a3b86d1bba2cc8ab69827
2019-08-29 12:00:27,435 [main] INFO  handler.ContextHandler (ContextHandler.java:doStart(781)) - Started o.e.j.s.ServletContextHandler@19ccca5{/logs,file:///workdir/hadoop-ozone/integration-test/target/log,AVAILABLE}
2019-08-29 12:00:27,436 [main] INFO  handler.ContextHandler (ContextHandler.java:doStart(781)) - Started o.e.j.s.ServletContextHandler@5e4fa1da{/static,file:///workdir/hadoop-ozone/integration-test/target/test-classes/webapps/static,AVAILABLE}
2019-08-29 12:00:27,443 [main] INFO  handler.ContextHandler (ContextHandler.java:doStart(781)) - Started o.e.j.w.WebAppContext@31da6b2e{/,file:///workdir/hadoop-ozone/integration-test/target/test-classes/webapps/ozoneManager/,AVAILABLE}{/ozoneManager}
2019-08-29 12:00:27,445 [main] INFO  server.AbstractConnector (AbstractConnector.java:doStart(278)) - Started ServerConnector@61c76850{HTTP/1.1,[http/1.1]}{0.0.0.0:41397}
2019-08-29 12:00:27,445 [main] INFO  server.Server (Server.java:doStart(419)) - Started @5496ms
2019-08-29 12:00:27,446 [main] INFO  server.BaseHttpServer (BaseHttpServer.java:updateConnectorAddress(213)) - HTTP server of OZONEMANAGER is listening at http://0.0.0.0:41397
2019-08-29 12:00:27,757 [main] INFO  impl.MetricsSystemImpl (MetricsSystemImpl.java:init(158)) - HddsDatanode metrics system started (again)
2019-08-29 12:00:27,865 [main] INFO  ozone.HddsDatanodeService (HddsDatanodeService.java:start(184)) - HddsDatanodeService host:pr-hdds-2058-gt6pm-2007824988 ip:192.168.5.171
2019-08-29 12:00:27,896 [main] INFO  volume.HddsVolume (HddsVolume.java:<init>(176)) - Creating Volume: /workdir/hadoop-ozone/integration-test/target/test-dir/MiniOzoneClusterImpl-e14d95b3-32bd-4caf-9763-f8f6a19d1a7e/datanode-0/data/containers/hdds of  storage type : DISK and capacity : 1482555576320
2019-08-29 12:00:27,898 [main] INFO  volume.VolumeSet (VolumeSet.java:initializeVolumeSet(170)) - Added Volume : /workdir/hadoop-ozone/integration-test/target/test-dir/MiniOzoneClusterImpl-e14d95b3-32bd-4caf-9763-f8f6a19d1a7e/datanode-0/data/containers/hdds to VolumeSet
2019-08-29 12:00:27,901 [main] INFO  volume.ThrottledAsyncChecker (ThrottledAsyncChecker.java:schedule(140)) - Scheduling a check for org.apache.hadoop.ozone.container.common.volume.HddsVolume@28fd3dc1
2019-08-29 12:00:27,919 [main] INFO  volume.HddsVolumeChecker (HddsVolumeChecker.java:checkAllVolumes(203)) - Scheduled health check for volume org.apache.hadoop.ozone.container.common.volume.HddsVolume@28fd3dc1
2019-08-29 12:00:28,059 [main] INFO  impl.RaftServerProxy (ConfUtils.java:logGet(43)) - raft.rpc.type = GRPC (default)
2019-08-29 12:00:28,140 [main] INFO  grpc.GrpcFactory (GrpcFactory.java:checkPooledByteBufAllocatorUseCacheForAllThreads(45)) - PERFORMANCE WARNING: useCacheForAllThreads is true that may cause Netty to create a lot garbage objects and, as a result, trigger GC.
	It is recommended to disable useCacheForAllThreads by setting -Dorg.apache.ratis.thirdparty.io.netty.allocator.useCacheForAllThreads=false in command line.
2019-08-29 12:00:28,145 [main] INFO  grpc.GrpcConfigKeys$Server (ConfUtils.java:logGet(43)) - raft.grpc.server.port = 0 (default)
2019-08-29 12:00:28,146 [main] INFO  server.GrpcService (ConfUtils.java:logGet(43)) - raft.grpc.message.size.max = 33570816 (custom)
2019-08-29 12:00:28,148 [main] INFO  server.RaftServerConfigKeys (ConfUtils.java:logGet(43)) - raft.server.log.appender.buffer.byte-limit = 33554432 (custom)
2019-08-29 12:00:28,148 [main] INFO  server.GrpcService (ConfUtils.java:logGet(43)) - raft.grpc.flow.control.window = 1MB (=1048576) (default)
2019-08-29 12:00:28,149 [main] INFO  server.RaftServerConfigKeys (ConfUtils.java:logGet(43)) - raft.server.rpc.request.timeout = 3000ms (default)
2019-08-29 12:00:28,338 [main] INFO  server.RaftServerConfigKeys (ConfUtils.java:logGet(43)) - raft.server.storage.dir = [/workdir/hadoop-ozone/integration-test/target/test-dir/MiniOzoneClusterImpl-e14d95b3-32bd-4caf-9763-f8f6a19d1a7e/datanode-0/data/ratis] (custom)
2019-08-29 12:00:28,398 [main] INFO  hdfs.DFSUtil (DFSUtil.java:httpServerTemplateForNNAndJN(1641)) - Starting Web-server for hddsDatanode at: http://0.0.0.0:0
2019-08-29 12:00:28,401 [main] INFO  server.AuthenticationFilter (AuthenticationFilter.java:constructSecretProvider(240)) - Unable to initialize FileSignerSecretProvider, falling back to use random secrets.
2019-08-29 12:00:28,401 [main] WARN  http.HttpRequestLog (HttpRequestLog.java:getRequestLog(97)) - Jetty request log can only be enabled using Log4j
2019-08-29 12:00:28,404 [main] INFO  http.HttpServer2 (HttpServer2.java:addGlobalFilter(975)) - Added global filter 'safety' (class=org.apache.hadoop.http.HttpServer2$QuotingInputFilter)
2019-08-29 12:00:28,405 [main] INFO  http.HttpServer2 (HttpServer2.java:addFilter(948)) - Added filter static_user_filter (class=org.apache.hadoop.http.lib.StaticUserWebFilter$StaticUserFilter) to context hddsDatanode
2019-08-29 12:00:28,405 [main] INFO  http.HttpServer2 (HttpServer2.java:addFilter(958)) - Added filter static_user_filter (class=org.apache.hadoop.http.lib.StaticUserWebFilter$StaticUserFilter) to context logs
2019-08-29 12:00:28,406 [main] INFO  http.HttpServer2 (HttpServer2.java:addFilter(958)) - Added filter static_user_filter (class=org.apache.hadoop.http.lib.StaticUserWebFilter$StaticUserFilter) to context static
2019-08-29 12:00:28,407 [main] INFO  http.HttpServer2 (HttpServer2.java:bindListener(1191)) - Jetty bound to port 41581
2019-08-29 12:00:28,407 [main] INFO  server.Server (Server.java:doStart(351)) - jetty-9.3.24.v20180605, build timestamp: 2018-06-05T17:11:56Z, git hash: 84205aa28f11a4f31f2a3b86d1bba2cc8ab69827
2019-08-29 12:00:28,414 [main] INFO  handler.ContextHandler (ContextHandler.java:doStart(781)) - Started o.e.j.s.ServletContextHandler@7c8c70d6{/logs,file:///workdir/hadoop-ozone/integration-test/target/log,AVAILABLE}
2019-08-29 12:00:28,414 [main] INFO  handler.ContextHandler (ContextHandler.java:doStart(781)) - Started o.e.j.s.ServletContextHandler@6edf29c1{/static,jar:file:/home/user/.m2/repository/org/apache/hadoop/hadoop-hdds-container-service/0.5.0-SNAPSHOT/hadoop-hdds-container-service-0.5.0-SNAPSHOT.jar!/webapps/static,AVAILABLE}
2019-08-29 12:00:28,457 [main] INFO  handler.ContextHandler (ContextHandler.java:doStart(781)) - Started o.e.j.w.WebAppContext@26350ea2{/,file:///tmp/jetty-0.0.0.0-41581-hddsDatanode-_-any-7275462020746071350.dir/webapp/,AVAILABLE}{/hddsDatanode}
2019-08-29 12:00:28,458 [main] INFO  server.AbstractConnector (AbstractConnector.java:doStart(278)) - Started ServerConnector@1e9469b8{HTTP/1.1,[http/1.1]}{0.0.0.0:41581}
2019-08-29 12:00:28,458 [main] INFO  server.Server (Server.java:doStart(419)) - Started @6509ms
2019-08-29 12:00:28,460 [main] INFO  server.BaseHttpServer (BaseHttpServer.java:updateConnectorAddress(213)) - HTTP server of HDDSDATANODE is listening at http://0.0.0.0:41581
2019-08-29 12:00:28,462 [main] INFO  ozone.MiniOzoneClusterImpl (MiniOzoneClusterImpl.java:lambda$waitForClusterToBeReady$0(140)) - Waiting for cluster to be ready. Got 0 of 1 DN Heartbeats.
2019-08-29 12:00:28,467 [org.apache.hadoop.util.JvmPauseMonitor$Monitor@6897d3bc] INFO  util.JvmPauseMonitor (JvmPauseMonitor.java:run(188)) - Starting JVM pause monitor
2019-08-29 12:00:28,606 [Datanode State Machine Thread - 0] INFO  datanode.InitDatanodeState (InitDatanodeState.java:persistContainerDatanodeDetails(140)) - DatanodeDetails is persisted to /workdir/hadoop-ozone/integration-test/target/test-dir/MiniOzoneClusterImpl-e14d95b3-32bd-4caf-9763-f8f6a19d1a7e/datanode-0/meta/datanode.id
2019-08-29 12:00:29,463 [main] INFO  ozone.MiniOzoneClusterImpl (MiniOzoneClusterImpl.java:lambda$waitForClusterToBeReady$0(140)) - Waiting for cluster to be ready. Got 0 of 1 DN Heartbeats.
2019-08-29 12:00:30,463 [main] INFO  ozone.MiniOzoneClusterImpl (MiniOzoneClusterImpl.java:lambda$waitForClusterToBeReady$0(140)) - Waiting for cluster to be ready. Got 0 of 1 DN Heartbeats.
2019-08-29 12:00:30,644 | INFO  | SCMAudit | user=jenkins1000 | ip=192.168.5.171 | op=GET_VERSION null | ret=SUCCESS |  
2019-08-29 12:00:30,722 [Datanode State Machine Thread - 0] INFO  ozoneimpl.OzoneContainer (OzoneContainer.java:start(201)) - Attempting to start container services.
2019-08-29 12:00:30,723 [Datanode State Machine Thread - 0] INFO  ozoneimpl.OzoneContainer (OzoneContainer.java:startContainerScrub(175)) - Background container scrubber has been disabled by hdds.containerscrub.enabled
2019-08-29 12:00:30,723 [Datanode State Machine Thread - 0] INFO  ratis.XceiverServerRatis (XceiverServerRatis.java:start(393)) - Starting XceiverServerRatis a6d4b8c4-ec33-44f1-a274-75705838ed4b at port 0
2019-08-29 12:00:30,749 [Datanode State Machine Thread - 0] INFO  impl.RaftServerProxy (RaftServerProxy.java:lambda$start$3(299)) - a6d4b8c4-ec33-44f1-a274-75705838ed4b: start RPC server
2019-08-29 12:00:30,905 [Datanode State Machine Thread - 0] INFO  server.GrpcService (GrpcService.java:startImpl(149)) - a6d4b8c4-ec33-44f1-a274-75705838ed4b: GrpcService started, listening on 0.0.0.0/0.0.0.0:33649
2019-08-29 12:00:30,906 [Datanode State Machine Thread - 0] INFO  ratis.XceiverServerRatis (XceiverServerRatis.java:start(403)) - XceiverServerRatis a6d4b8c4-ec33-44f1-a274-75705838ed4b is started using port 33649
2019-08-29 12:00:30,909 [Datanode State Machine Thread - 0] INFO  server.XceiverServerGrpc (XceiverServerGrpc.java:start(163)) - XceiverServerGrpc a6d4b8c4-ec33-44f1-a274-75705838ed4b is started using port 43930
2019-08-29 12:00:31,464 [main] INFO  ozone.MiniOzoneClusterImpl (MiniOzoneClusterImpl.java:lambda$waitForClusterToBeReady$0(140)) - Waiting for cluster to be ready. Got 0 of 1 DN Heartbeats.
2019-08-29 12:00:32,465 [main] INFO  ozone.MiniOzoneClusterImpl (MiniOzoneClusterImpl.java:lambda$waitForClusterToBeReady$0(140)) - Waiting for cluster to be ready. Got 0 of 1 DN Heartbeats.
2019-08-29 12:00:32,507 [IPC Server handler 4 on 44686] INFO  net.NetworkTopology (NetworkTopologyImpl.java:add(110)) - Added a new node: /default-rack/a6d4b8c4-ec33-44f1-a274-75705838ed4b
2019-08-29 12:00:32,508 [IPC Server handler 4 on 44686] INFO  node.SCMNodeManager (SCMNodeManager.java:register(273)) - Registered Data node : a6d4b8c4-ec33-44f1-a274-75705838ed4b{ip: 192.168.5.171, host: pr-hdds-2058-gt6pm-2007824988, networkLocation: /default-rack, certSerialId: null}
2019-08-29 12:00:32,512 [EventQueue-NodeRegistrationContainerReportForDataNodeSafeModeRule] INFO  safemode.SCMSafeModeManager (DataNodeSafeModeRule.java:process(71)) - SCM in safe mode. 1 DataNodes registered, 1 required.
2019-08-29 12:00:32,512 [EventQueue-NodeRegistrationContainerReportForDataNodeSafeModeRule] INFO  safemode.SCMSafeModeManager (SCMSafeModeManager.java:validateSafeModeExitRules(177)) - ScmSafeModeManager, all rules are successfully validated
2019-08-29 12:00:32,512 [EventQueue-NodeRegistrationContainerReportForDataNodeSafeModeRule] INFO  safemode.SCMSafeModeManager (SCMSafeModeManager.java:exitSafeMode(193)) - SCM exiting safe mode.
2019-08-29 12:00:32,518 | INFO  | SCMAudit | user=jenkins1000 | ip=192.168.5.171 | op=REGISTER {datanodeDetails=a6d4b8c4-ec33-44f1-a274-75705838ed4b{ip: 192.168.5.171, host: pr-hdds-2058-gt6pm-2007824988, networkLocation: /default-rack, certSerialId: null}} | ret=SUCCESS |  
2019-08-29 12:00:33,009 [grpc-default-executor-0] INFO  impl.RaftServerProxy (RaftServerProxy.java:addNew(89)) - a6d4b8c4-ec33-44f1-a274-75705838ed4b: addNew group-A3D538E767F3:[a6d4b8c4-ec33-44f1-a274-75705838ed4b:192.168.5.171:33649] returns group-A3D538E767F3:java.util.concurrent.CompletableFuture@11f12fc0[Not completed]
2019-08-29 12:00:33,029 [pool-27-thread-1] INFO  impl.RaftServerImpl (RaftServerImpl.java:<init>(93)) - a6d4b8c4-ec33-44f1-a274-75705838ed4b: new RaftServerImpl for group-A3D538E767F3:[a6d4b8c4-ec33-44f1-a274-75705838ed4b:192.168.5.171:33649] with ContainerStateMachine:uninitialized
2019-08-29 12:00:33,034 [pool-27-thread-1] INFO  server.RaftServerConfigKeys (ConfUtils.java:logGet(43)) - raft.server.rpc.timeout.min = 5s (custom)
2019-08-29 12:00:33,035 [pool-27-thread-1] INFO  server.RaftServerConfigKeys (ConfUtils.java:logGet(43)) - raft.server.rpc.timeout.max = 5200ms (custom)
2019-08-29 12:00:33,036 [pool-27-thread-1] INFO  server.RaftServerConfigKeys (ConfUtils.java:logGet(43)) - raft.server.rpcslowness.timeout = 120s (custom)
2019-08-29 12:00:33,038 [pool-27-thread-1] INFO  server.RaftServerConfigKeys (ConfUtils.java:logGet(43)) - raft.server.sleep.deviation.threshold = 300 (default)
2019-08-29 12:00:33,039 [pool-27-thread-1] INFO  server.RaftServerConfigKeys (ConfUtils.java:logGet(43)) - raft.server.log.appender.install.snapshot.enabled = false (custom)
2019-08-29 12:00:33,048 [pool-27-thread-1] INFO  impl.RaftServerImpl (ServerState.java:<init>(105)) - a6d4b8c4-ec33-44f1-a274-75705838ed4b:group-A3D538E767F3 ConfigurationManager, init=-1: [a6d4b8c4-ec33-44f1-a274-75705838ed4b:192.168.5.171:33649], old=null, confs=<EMPTY_MAP>
2019-08-29 12:00:33,049 [pool-27-thread-1] INFO  server.RaftServerConfigKeys (ConfUtils.java:logGet(43)) - raft.server.storage.dir = [/workdir/hadoop-ozone/integration-test/target/test-dir/MiniOzoneClusterImpl-e14d95b3-32bd-4caf-9763-f8f6a19d1a7e/datanode-0/data/ratis] (custom)
2019-08-29 12:00:33,056 [pool-27-thread-1] INFO  storage.RaftStorageDirectory (RaftStorageDirectory.java:analyzeStorage(246)) - The storage directory /workdir/hadoop-ozone/integration-test/target/test-dir/MiniOzoneClusterImpl-e14d95b3-32bd-4caf-9763-f8f6a19d1a7e/datanode-0/data/ratis/ba4ce21a-e350-4d0e-9074-a3d538e767f3 does not exist. Creating ...
2019-08-29 12:00:33,069 [pool-27-thread-1] INFO  storage.RaftStorageDirectory (RaftStorageDirectory.java:tryLock(328)) - Lock on /workdir/hadoop-ozone/integration-test/target/test-dir/MiniOzoneClusterImpl-e14d95b3-32bd-4caf-9763-f8f6a19d1a7e/datanode-0/data/ratis/ba4ce21a-e350-4d0e-9074-a3d538e767f3/in_use.lock acquired by nodename 26226@pr-hdds-2058-gt6pm-2007824988
2019-08-29 12:00:33,101 [pool-27-thread-1] INFO  storage.RaftStorage (RaftStorage.java:format(72)) - Storage directory /workdir/hadoop-ozone/integration-test/target/test-dir/MiniOzoneClusterImpl-e14d95b3-32bd-4caf-9763-f8f6a19d1a7e/datanode-0/data/ratis/ba4ce21a-e350-4d0e-9074-a3d538e767f3 has been successfully formatted.
2019-08-29 12:00:33,105 [pool-27-thread-1] INFO  ratis.ContainerStateMachine (ContainerStateMachine.java:loadSnapshot(227)) - group-A3D538E767F3: The snapshot info is null. Setting the last applied indexto:(t:0, i:~)
2019-08-29 12:00:33,106 [pool-27-thread-1] INFO  server.RaftServerConfigKeys (ConfUtils.java:logGet(43)) - raft.server.leader.election.timeout = 120s (custom)
2019-08-29 12:00:33,109 [pool-27-thread-1] INFO  server.RaftServerConfigKeys (ConfUtils.java:logGet(43)) - raft.server.log.use.memory = false (default)
2019-08-29 12:00:33,115 [pool-27-thread-1] INFO  server.RaftServerConfigKeys (ConfUtils.java:logGet(43)) - raft.server.log.purge.gap = 1000000 (custom)
2019-08-29 12:00:33,115 [pool-27-thread-1] INFO  server.RaftServerConfigKeys (ConfUtils.java:logGet(43)) - raft.server.log.appender.buffer.byte-limit = 33554432 (custom)
2019-08-29 12:00:33,116 [pool-27-thread-1] INFO  server.RaftServerConfigKeys (ConfUtils.java:logGet(43)) - raft.server.log.segment.size.max = 1048576 (custom)
2019-08-29 12:00:33,121 [pool-27-thread-1] INFO  server.RaftServerConfigKeys (ConfUtils.java:logGet(43)) - raft.server.log.segment.cache.num.max = 2 (custom)
2019-08-29 12:00:33,126 [pool-27-thread-1] INFO  segmented.SegmentedRaftLogWorker (SegmentedRaftLogWorker.java:<init>(172)) - new a6d4b8c4-ec33-44f1-a274-75705838ed4b-SegmentedRaftLogWorker:Storage Directory /workdir/hadoop-ozone/integration-test/target/test-dir/MiniOzoneClusterImpl-e14d95b3-32bd-4caf-9763-f8f6a19d1a7e/datanode-0/data/ratis/ba4ce21a-e350-4d0e-9074-a3d538e767f3 for RaftStorage:Storage Directory /workdir/hadoop-ozone/integration-test/target/test-dir/MiniOzoneClusterImpl-e14d95b3-32bd-4caf-9763-f8f6a19d1a7e/datanode-0/data/ratis/ba4ce21a-e350-4d0e-9074-a3d538e767f3
2019-08-29 12:00:33,138 [pool-27-thread-1] INFO  server.RaftServerConfigKeys (ConfUtils.java:logGet(43)) - raft.server.log.queue.byte-limit = 2147483647 (custom)
2019-08-29 12:00:33,138 [pool-27-thread-1] INFO  server.RaftServerConfigKeys (ConfUtils.java:logGet(43)) - raft.server.log.queue.element-limit = 1024 (custom)
2019-08-29 12:00:33,143 [pool-27-thread-1] INFO  server.RaftServerConfigKeys (ConfUtils.java:logGet(43)) - raft.server.log.segment.size.max = 1048576 (custom)
2019-08-29 12:00:33,143 [pool-27-thread-1] INFO  server.RaftServerConfigKeys (ConfUtils.java:logGet(43)) - raft.server.log.preallocated.size = 16384 (custom)
2019-08-29 12:00:33,144 [pool-27-thread-1] INFO  server.RaftServerConfigKeys (ConfUtils.java:logGet(43)) - raft.server.log.write.buffer.size = 33554432 (custom)
2019-08-29 12:00:33,144 [pool-27-thread-1] INFO  server.RaftServerConfigKeys (ConfUtils.java:logGet(43)) - raft.server.log.force.sync.num = 128 (default)
2019-08-29 12:00:33,145 [pool-27-thread-1] INFO  server.RaftServerConfigKeys (ConfUtils.java:logGet(43)) - raft.server.log.statemachine.data.sync = true (default)
2019-08-29 12:00:33,146 [pool-27-thread-1] INFO  server.RaftServerConfigKeys (ConfUtils.java:logGet(43)) - raft.server.log.statemachine.data.sync.timeout = 10s (default)
2019-08-29 12:00:33,146 [pool-27-thread-1] INFO  server.RaftServerConfigKeys (ConfUtils.java:logGet(43)) - raft.server.log.statemachine.data.sync.timeout.retry = -1 (default)
2019-08-29 12:00:33,155 [pool-27-thread-1] INFO  server.RaftServerConfigKeys (ConfUtils.java:logGet(43)) - raft.server.log.statemachine.data.caching.enabled = true (custom)
2019-08-29 12:00:33,159 [pool-27-thread-1] INFO  segmented.SegmentedRaftLogWorker (SegmentedRaftLogWorker.java:lambda$new$0(132)) - a6d4b8c4-ec33-44f1-a274-75705838ed4b-SegmentedRaftLogWorker:Storage Directory /workdir/hadoop-ozone/integration-test/target/test-dir/MiniOzoneClusterImpl-e14d95b3-32bd-4caf-9763-f8f6a19d1a7e/datanode-0/data/ratis/ba4ce21a-e350-4d0e-9074-a3d538e767f3: flushIndex: setUnconditionally 0 -> -1
2019-08-29 12:00:33,163 [pool-27-thread-1] INFO  server.RaftServerConfigKeys (ConfUtils.java:logGet(43)) - raft.server.snapshot.auto.trigger.enabled = true (custom)
2019-08-29 12:00:33,164 [pool-27-thread-1] INFO  server.RaftServerConfigKeys (ConfUtils.java:logGet(43)) - raft.server.snapshot.auto.trigger.threshold = 10000 (custom)
2019-08-29 12:00:33,164 [pool-27-thread-1] INFO  server.RaftServerConfigKeys (ConfUtils.java:logGet(43)) - raft.server.retrycache.expirytime = 600000ms (custom)
2019-08-29 12:00:33,185 [pool-27-thread-1] INFO  impl.RaftServerImpl (RaftServerImpl.java:start(180)) - a6d4b8c4-ec33-44f1-a274-75705838ed4b: start group-A3D538E767F3
2019-08-29 12:00:33,186 [pool-27-thread-1] INFO  impl.RaftServerImpl (RaftServerImpl.java:setRole(171)) - a6d4b8c4-ec33-44f1-a274-75705838ed4b:group-A3D538E767F3 changes role from null to FOLLOWER at term 0 for startAsFollower
2019-08-29 12:00:33,187 [pool-27-thread-1] INFO  impl.RoleInfo (RoleInfo.java:updateAndGet(143)) - a6d4b8c4-ec33-44f1-a274-75705838ed4b: start FollowerState
2019-08-29 12:00:33,189 [pool-27-thread-1] INFO  util.JmxRegister (JmxRegister.java:tryRegister(44)) - Successfully registered JMX Bean with object name Ratis:service=RaftServer,group=group-A3D538E767F3,id=a6d4b8c4-ec33-44f1-a274-75705838ed4b
2019-08-29 12:00:33,249 [RatisPipelineUtilsThread] INFO  pipeline.PipelineStateManager (PipelineStateManager.java:addPipeline(56)) - Created pipeline Pipeline[ Id: ba4ce21a-e350-4d0e-9074-a3d538e767f3, Nodes: a6d4b8c4-ec33-44f1-a274-75705838ed4b{ip: 192.168.5.171, host: pr-hdds-2058-gt6pm-2007824988, networkLocation: /default-rack, certSerialId: null}, Type:RATIS, Factor:ONE, State:OPEN]
2019-08-29 12:00:33,466 [main] INFO  ozone.MiniOzoneClusterImpl (MiniOzoneClusterImpl.java:lambda$waitForClusterToBeReady$0(140)) - Cluster is ready. Got 1 of 1 DN Heartbeats.
2019-08-29 12:00:33,466 [main] INFO  om.OzoneManager (OzoneManager.java:readKeyPair(880)) - Reading keypair and certificate from file system.
2019-08-29 12:00:33,466 [main] INFO  om.OzoneManager (OzoneManager.java:startSecretManager(846)) - Starting OM block token secret manager
2019-08-29 12:00:33,467 [main] INFO  security.OzoneBlockTokenSecretManager (OzoneSecretManager.java:updateCurrentKey(167)) - Updating the current master key for generating tokens
2019-08-29 12:00:33,931 [main] INFO  rpc.RpcClient (RpcClient.java:createVolume(293)) - Creating Volume: testcontainerstatemachinefailures, with jenkins1000 as owner.
2019-08-29 12:00:33,951 | INFO  | OMAudit | user=jenkins1000 | ip=127.0.0.1 | op=CREATE_VOLUME {admin=jenkins1000, owner=jenkins1000, volume=testcontainerstatemachinefailures, creationTime=1567080033947, quotaInBytes=1152921504606846976} | ret=SUCCESS |  
2019-08-29 12:00:33,963 | INFO  | OMAudit | user=jenkins1000 | ip=127.0.0.1 | op=READ_VOLUME {volume=testcontainerstatemachinefailures} | ret=SUCCESS |  
2019-08-29 12:00:33,970 [main] INFO  rpc.RpcClient (RpcClient.java:createBucket(432)) - Creating Bucket: testcontainerstatemachinefailures/testcontainerstatemachinefailures, with Versioning false and Storage Type set to DISK and Encryption set to false 
2019-08-29 12:00:33,985 | INFO  | OMAudit | user=jenkins1000 | ip=127.0.0.1 | op=CREATE_BUCKET {volume=testcontainerstatemachinefailures, bucket=testcontainerstatemachinefailures, acls=[user:jenkins1000:a[ACCESS], group:default:a[ACCESS]], isVersionEnabled=false, storageType=DISK, creationTime=0} | ret=SUCCESS |  
2019-08-29 12:00:33,992 | INFO  | OMAudit | user=jenkins1000 | ip=127.0.0.1 | op=READ_VOLUME {volume=testcontainerstatemachinefailures} | ret=SUCCESS |  
2019-08-29 12:00:33,997 | INFO  | OMAudit | user=jenkins1000 | ip=127.0.0.1 | op=READ_BUCKET {volume=testcontainerstatemachinefailures, bucket=testcontainerstatemachinefailures} | ret=SUCCESS |  
2019-08-29 12:00:34,072 | INFO  | SCMAudit | user=jenkins1000 | ip=192.168.5.171 | op=ALLOCATE_BLOCK {owner=53daa88d-d332-4cef-9945-d28a1c599051, size=4194304, type=RATIS, factor=ONE} | ret=SUCCESS |  
2019-08-29 12:00:34,110 | INFO  | OMAudit | user=jenkins1000 | ip=127.0.0.1 | op=ALLOCATE_KEY {volume=testcontainerstatemachinefailures, bucket=testcontainerstatemachinefailures, key=ratis, dataSize=1024, replicationType=RATIS, replicationFactor=ONE, keyLocationInfo=null} | ret=SUCCESS |  
2019-08-29 12:00:34,463 [main] INFO  impl.MetricsSystemImpl (MetricsSystemImpl.java:init(158)) - XceiverClientMetrics metrics system started (again)
2019-08-29 12:00:34,493 | INFO  | SCMAudit | user=jenkins1000 | ip=192.168.5.171 | op=SEND_HEARTBEAT {datanodeUUID=a6d4b8c4-ec33-44f1-a274-75705838ed4b, command=[]} | ret=SUCCESS |  
2019-08-29 12:00:34,579 [grpc-default-executor-0] INFO  client.GrpcClientProtocolClient (GrpcClientProtocolClient.java:onNext(255)) - client-67E8FC448AFE->a6d4b8c4-ec33-44f1-a274-75705838ed4b: receive RaftClientReply:client-67E8FC448AFE->a6d4b8c4-ec33-44f1-a274-75705838ed4b@group-A3D538E767F3, cid=1, FAILED org.apache.ratis.protocol.NotLeaderException: Server a6d4b8c4-ec33-44f1-a274-75705838ed4b is not the leader (null). Request must be sent to leader., logIndex=0, commits[a6d4b8c4-ec33-44f1-a274-75705838ed4b:c-1]
2019-08-29 12:00:34,669 | INFO  | SCMAudit | user=jenkins1000 | ip=192.168.5.171 | op=SEND_HEARTBEAT {datanodeUUID=a6d4b8c4-ec33-44f1-a274-75705838ed4b, command=[]} | ret=SUCCESS |  
2019-08-29 12:00:34,869 | INFO  | SCMAudit | user=jenkins1000 | ip=192.168.5.171 | op=SEND_HEARTBEAT {datanodeUUID=a6d4b8c4-ec33-44f1-a274-75705838ed4b, command=[]} | ret=SUCCESS |  
2019-08-29 12:00:35,069 | INFO  | SCMAudit | user=jenkins1000 | ip=192.168.5.171 | op=SEND_HEARTBEAT {datanodeUUID=a6d4b8c4-ec33-44f1-a274-75705838ed4b, command=[]} | ret=SUCCESS |  
2019-08-29 12:00:35,269 | INFO  | SCMAudit | user=jenkins1000 | ip=192.168.5.171 | op=SEND_HEARTBEAT {datanodeUUID=a6d4b8c4-ec33-44f1-a274-75705838ed4b, command=[]} | ret=SUCCESS |  
2019-08-29 12:00:35,470 | INFO  | SCMAudit | user=jenkins1000 | ip=192.168.5.171 | op=SEND_HEARTBEAT {datanodeUUID=a6d4b8c4-ec33-44f1-a274-75705838ed4b, command=[]} | ret=SUCCESS |  
2019-08-29 12:00:35,514 [Thread-146] INFO  container.ReplicationManager (ReplicationManager.java:start(152)) - Starting Replication Monitor Thread.
2019-08-29 12:00:35,519 [ReplicationMonitor] INFO  container.ReplicationManager (ReplicationManager.java:run(215)) - Replication Monitor Thread took 3 milliseconds for processing 1 containers.
2019-08-29 12:00:35,670 | INFO  | SCMAudit | user=jenkins1000 | ip=192.168.5.171 | op=SEND_HEARTBEAT {datanodeUUID=a6d4b8c4-ec33-44f1-a274-75705838ed4b, command=[]} | ret=SUCCESS |  
2019-08-29 12:00:35,870 | INFO  | SCMAudit | user=jenkins1000 | ip=192.168.5.171 | op=SEND_HEARTBEAT {datanodeUUID=a6d4b8c4-ec33-44f1-a274-75705838ed4b, command=[]} | ret=SUCCESS |  
2019-08-29 12:00:36,074 | INFO  | SCMAudit | user=jenkins1000 | ip=192.168.5.171 | op=SEND_HEARTBEAT {datanodeUUID=a6d4b8c4-ec33-44f1-a274-75705838ed4b, command=[]} | ret=SUCCESS |  
2019-08-29 12:00:36,271 | INFO  | SCMAudit | user=jenkins1000 | ip=192.168.5.171 | op=SEND_HEARTBEAT {datanodeUUID=a6d4b8c4-ec33-44f1-a274-75705838ed4b, command=[]} | ret=SUCCESS |  
2019-08-29 12:00:36,473 | INFO  | SCMAudit | user=jenkins1000 | ip=192.168.5.171 | op=SEND_HEARTBEAT {datanodeUUID=a6d4b8c4-ec33-44f1-a274-75705838ed4b, command=[]} | ret=SUCCESS |  
2019-08-29 12:00:36,616 [grpc-default-executor-1] INFO  client.GrpcClientProtocolClient (GrpcClientProtocolClient.java:onNext(255)) - client-67E8FC448AFE->a6d4b8c4-ec33-44f1-a274-75705838ed4b: receive RaftClientReply:client-67E8FC448AFE->a6d4b8c4-ec33-44f1-a274-75705838ed4b@group-A3D538E767F3, cid=1, FAILED org.apache.ratis.protocol.NotLeaderException: Server a6d4b8c4-ec33-44f1-a274-75705838ed4b is not the leader (null). Request must be sent to leader., logIndex=0, commits[a6d4b8c4-ec33-44f1-a274-75705838ed4b:c-1]
2019-08-29 12:00:36,671 | INFO  | SCMAudit | user=jenkins1000 | ip=192.168.5.171 | op=SEND_HEARTBEAT {datanodeUUID=a6d4b8c4-ec33-44f1-a274-75705838ed4b, command=[]} | ret=SUCCESS |  
2019-08-29 12:00:36,871 | INFO  | SCMAudit | user=jenkins1000 | ip=192.168.5.171 | op=SEND_HEARTBEAT {datanodeUUID=a6d4b8c4-ec33-44f1-a274-75705838ed4b, command=[]} | ret=SUCCESS |  
2019-08-29 12:00:37,071 | INFO  | SCMAudit | user=jenkins1000 | ip=192.168.5.171 | op=SEND_HEARTBEAT {datanodeUUID=a6d4b8c4-ec33-44f1-a274-75705838ed4b, command=[]} | ret=SUCCESS |  
2019-08-29 12:00:37,271 | INFO  | SCMAudit | user=jenkins1000 | ip=192.168.5.171 | op=SEND_HEARTBEAT {datanodeUUID=a6d4b8c4-ec33-44f1-a274-75705838ed4b, command=[]} | ret=SUCCESS |  
2019-08-29 12:00:37,472 | INFO  | SCMAudit | user=jenkins1000 | ip=192.168.5.171 | op=SEND_HEARTBEAT {datanodeUUID=a6d4b8c4-ec33-44f1-a274-75705838ed4b, command=[]} | ret=SUCCESS |  
2019-08-29 12:00:37,672 | INFO  | SCMAudit | user=jenkins1000 | ip=192.168.5.171 | op=SEND_HEARTBEAT {datanodeUUID=a6d4b8c4-ec33-44f1-a274-75705838ed4b, command=[]} | ret=SUCCESS |  
2019-08-29 12:00:37,873 | INFO  | SCMAudit | user=jenkins1000 | ip=192.168.5.171 | op=SEND_HEARTBEAT {datanodeUUID=a6d4b8c4-ec33-44f1-a274-75705838ed4b, command=[]} | ret=SUCCESS |  
2019-08-29 12:00:38,073 | INFO  | SCMAudit | user=jenkins1000 | ip=192.168.5.171 | op=SEND_HEARTBEAT {datanodeUUID=a6d4b8c4-ec33-44f1-a274-75705838ed4b, command=[]} | ret=SUCCESS |  
2019-08-29 12:00:38,273 | INFO  | SCMAudit | user=jenkins1000 | ip=192.168.5.171 | op=SEND_HEARTBEAT {datanodeUUID=a6d4b8c4-ec33-44f1-a274-75705838ed4b, command=[]} | ret=SUCCESS |  
2019-08-29 12:00:38,347 [Thread-148] INFO  impl.FollowerState (FollowerState.java:run(106)) - a6d4b8c4-ec33-44f1-a274-75705838ed4b:group-A3D538E767F3 changes to CANDIDATE, lastRpcTime:5160, electionTimeout:5159ms
2019-08-29 12:00:38,347 [Thread-148] INFO  impl.RoleInfo (RoleInfo.java:shutdownFollowerState(121)) - a6d4b8c4-ec33-44f1-a274-75705838ed4b: shutdown FollowerState
2019-08-29 12:00:38,348 [Thread-148] INFO  impl.RaftServerImpl (RaftServerImpl.java:setRole(171)) - a6d4b8c4-ec33-44f1-a274-75705838ed4b:group-A3D538E767F3 changes role from FOLLOWER to CANDIDATE at term 0 for changeToCandidate
2019-08-29 12:00:38,353 [Thread-148] INFO  impl.RoleInfo (RoleInfo.java:updateAndGet(143)) - a6d4b8c4-ec33-44f1-a274-75705838ed4b: start LeaderElection
2019-08-29 12:00:38,421 [a6d4b8c4-ec33-44f1-a274-75705838ed4b:group-A3D538E767F3:LeaderElection1] INFO  impl.LeaderElection (LeaderElection.java:askForVotes(181)) - a6d4b8c4-ec33-44f1-a274-75705838ed4b:group-A3D538E767F3:LeaderElection1: begin an election at term 1 for -1: [a6d4b8c4-ec33-44f1-a274-75705838ed4b:192.168.5.171:33649], old=null
2019-08-29 12:00:38,424 [a6d4b8c4-ec33-44f1-a274-75705838ed4b:group-A3D538E767F3:LeaderElection1] INFO  impl.RoleInfo (RoleInfo.java:shutdownLeaderElection(134)) - a6d4b8c4-ec33-44f1-a274-75705838ed4b: shutdown LeaderElection
2019-08-29 12:00:38,425 [a6d4b8c4-ec33-44f1-a274-75705838ed4b:group-A3D538E767F3:LeaderElection1] INFO  impl.RaftServerImpl (RaftServerImpl.java:setRole(171)) - a6d4b8c4-ec33-44f1-a274-75705838ed4b:group-A3D538E767F3 changes role from CANDIDATE to LEADER at term 1 for changeToLeader
2019-08-29 12:00:38,425 [a6d4b8c4-ec33-44f1-a274-75705838ed4b:group-A3D538E767F3:LeaderElection1] INFO  impl.RaftServerImpl (ServerState.java:setLeader(263)) - a6d4b8c4-ec33-44f1-a274-75705838ed4b:group-A3D538E767F3 change Leader from null to a6d4b8c4-ec33-44f1-a274-75705838ed4b at term 1 for becomeLeader, leader elected after 5319ms
2019-08-29 12:00:38,434 [a6d4b8c4-ec33-44f1-a274-75705838ed4b:group-A3D538E767F3:LeaderElection1] INFO  server.RaftServerConfigKeys (ConfUtils.java:logGet(43)) - raft.server.staging.catchup.gap = 1000 (default)
2019-08-29 12:00:38,434 [a6d4b8c4-ec33-44f1-a274-75705838ed4b:group-A3D538E767F3:LeaderElection1] INFO  server.RaftServerConfigKeys (ConfUtils.java:logGet(43)) - raft.server.rpc.sleep.time = 25ms (default)
2019-08-29 12:00:38,440 [a6d4b8c4-ec33-44f1-a274-75705838ed4b:group-A3D538E767F3:LeaderElection1] INFO  server.RaftServerConfigKeys (ConfUtils.java:logGet(43)) - raft.server.write.element-limit = 4096 (default)
2019-08-29 12:00:38,444 [a6d4b8c4-ec33-44f1-a274-75705838ed4b:group-A3D538E767F3:LeaderElection1] INFO  server.RaftServerConfigKeys (ConfUtils.java:logGet(43)) - raft.server.watch.timeout = 10s (default)
2019-08-29 12:00:38,444 [a6d4b8c4-ec33-44f1-a274-75705838ed4b:group-A3D538E767F3:LeaderElection1] INFO  server.RaftServerConfigKeys (ConfUtils.java:logGet(43)) - raft.server.watch.timeout.denomination = 1s (default)
2019-08-29 12:00:38,446 [a6d4b8c4-ec33-44f1-a274-75705838ed4b:group-A3D538E767F3:LeaderElection1] INFO  server.RaftServerConfigKeys (ConfUtils.java:logGet(43)) - raft.server.watch.element-limit = 65536 (default)
2019-08-29 12:00:38,457 [a6d4b8c4-ec33-44f1-a274-75705838ed4b:group-A3D538E767F3:LeaderElection1] INFO  impl.RoleInfo (RoleInfo.java:updateAndGet(143)) - a6d4b8c4-ec33-44f1-a274-75705838ed4b: start LeaderState
2019-08-29 12:00:38,473 | INFO  | SCMAudit | user=jenkins1000 | ip=192.168.5.171 | op=SEND_HEARTBEAT {datanodeUUID=a6d4b8c4-ec33-44f1-a274-75705838ed4b, command=[]} | ret=SUCCESS |  
2019-08-29 12:00:38,485 [a6d4b8c4-ec33-44f1-a274-75705838ed4b:group-A3D538E767F3:LeaderElection1] INFO  segmented.SegmentedRaftLogWorker (SegmentedRaftLogWorker.java:startLogSegment(380)) - a6d4b8c4-ec33-44f1-a274-75705838ed4b-SegmentedRaftLogWorker:Storage Directory /workdir/hadoop-ozone/integration-test/target/test-dir/MiniOzoneClusterImpl-e14d95b3-32bd-4caf-9763-f8f6a19d1a7e/datanode-0/data/ratis/ba4ce21a-e350-4d0e-9074-a3d538e767f3: Starting segment from index:0
2019-08-29 12:00:38,502 [a6d4b8c4-ec33-44f1-a274-75705838ed4b:group-A3D538E767F3:LeaderElection1] INFO  impl.RaftServerImpl (ServerState.java:setRaftConf(361)) - a6d4b8c4-ec33-44f1-a274-75705838ed4b:group-A3D538E767F3 set configuration 0: [a6d4b8c4-ec33-44f1-a274-75705838ed4b:192.168.5.171:33649], old=null at 0
2019-08-29 12:00:38,641 [grpc-default-executor-0] INFO  client.GrpcClientProtocolClient (GrpcClientProtocolClient.java:onNext(255)) - client-67E8FC448AFE->a6d4b8c4-ec33-44f1-a274-75705838ed4b: receive RaftClientReply:client-67E8FC448AFE->a6d4b8c4-ec33-44f1-a274-75705838ed4b@group-A3D538E767F3, cid=1, FAILED org.apache.ratis.protocol.LeaderNotReadyException: a6d4b8c4-ec33-44f1-a274-75705838ed4b is in LEADER state but not ready yet., logIndex=0, commits[a6d4b8c4-ec33-44f1-a274-75705838ed4b:c-1]
2019-08-29 12:00:38,673 | INFO  | SCMAudit | user=jenkins1000 | ip=192.168.5.171 | op=SEND_HEARTBEAT {datanodeUUID=a6d4b8c4-ec33-44f1-a274-75705838ed4b, command=[]} | ret=SUCCESS |  
2019-08-29 12:00:38,718 [a6d4b8c4-ec33-44f1-a274-75705838ed4b-SegmentedRaftLogWorker:Storage Directory /workdir/hadoop-ozone/integration-test/target/test-dir/MiniOzoneClusterImpl-e14d95b3-32bd-4caf-9763-f8f6a19d1a7e/datanode-0/data/ratis/ba4ce21a-e350-4d0e-9074-a3d538e767f3] INFO  segmented.SegmentedRaftLogWorker (SegmentedRaftLogWorker.java:execute(569)) - a6d4b8c4-ec33-44f1-a274-75705838ed4b-SegmentedRaftLogWorker:Storage Directory /workdir/hadoop-ozone/integration-test/target/test-dir/MiniOzoneClusterImpl-e14d95b3-32bd-4caf-9763-f8f6a19d1a7e/datanode-0/data/ratis/ba4ce21a-e350-4d0e-9074-a3d538e767f3: created new log segment /workdir/hadoop-ozone/integration-test/target/test-dir/MiniOzoneClusterImpl-e14d95b3-32bd-4caf-9763-f8f6a19d1a7e/datanode-0/data/ratis/ba4ce21a-e350-4d0e-9074-a3d538e767f3/current/log_inprogress_0
2019-08-29 12:00:38,873 | INFO  | SCMAudit | user=jenkins1000 | ip=192.168.5.171 | op=SEND_HEARTBEAT {datanodeUUID=a6d4b8c4-ec33-44f1-a274-75705838ed4b, command=[]} | ret=SUCCESS |  
2019-08-29 12:00:39,073 | INFO  | SCMAudit | user=jenkins1000 | ip=192.168.5.171 | op=SEND_HEARTBEAT {datanodeUUID=a6d4b8c4-ec33-44f1-a274-75705838ed4b, command=[]} | ret=SUCCESS |  
2019-08-29 12:00:39,273 | INFO  | SCMAudit | user=jenkins1000 | ip=192.168.5.171 | op=SEND_HEARTBEAT {datanodeUUID=a6d4b8c4-ec33-44f1-a274-75705838ed4b, command=[]} | ret=SUCCESS |  
2019-08-29 12:00:39,472 | INFO  | SCMAudit | user=jenkins1000 | ip=192.168.5.171 | op=SEND_HEARTBEAT {datanodeUUID=a6d4b8c4-ec33-44f1-a274-75705838ed4b, command=[]} | ret=SUCCESS |  
2019-08-29 12:00:39,673 | INFO  | SCMAudit | user=jenkins1000 | ip=192.168.5.171 | op=SEND_HEARTBEAT {datanodeUUID=a6d4b8c4-ec33-44f1-a274-75705838ed4b, command=[]} | ret=SUCCESS |  
2019-08-29 12:00:39,873 | INFO  | SCMAudit | user=jenkins1000 | ip=192.168.5.171 | op=SEND_HEARTBEAT {datanodeUUID=a6d4b8c4-ec33-44f1-a274-75705838ed4b, command=[]} | ret=SUCCESS |  
2019-08-29 12:00:40,077 | INFO  | SCMAudit | user=jenkins1000 | ip=192.168.5.171 | op=SEND_HEARTBEAT {datanodeUUID=a6d4b8c4-ec33-44f1-a274-75705838ed4b, command=[]} | ret=SUCCESS |  
2019-08-29 12:00:40,273 | INFO  | SCMAudit | user=jenkins1000 | ip=192.168.5.171 | op=SEND_HEARTBEAT {datanodeUUID=a6d4b8c4-ec33-44f1-a274-75705838ed4b, command=[]} | ret=SUCCESS |  
2019-08-29 12:00:40,473 | INFO  | SCMAudit | user=jenkins1000 | ip=192.168.5.171 | op=SEND_HEARTBEAT {datanodeUUID=a6d4b8c4-ec33-44f1-a274-75705838ed4b, command=[]} | ret=SUCCESS |  
2019-08-29 12:00:40,675 | INFO  | SCMAudit | user=jenkins1000 | ip=192.168.5.171 | op=SEND_HEARTBEAT {datanodeUUID=a6d4b8c4-ec33-44f1-a274-75705838ed4b, command=[]} | ret=SUCCESS |  
2019-08-29 12:00:40,874 | INFO  | SCMAudit | user=jenkins1000 | ip=192.168.5.171 | op=SEND_HEARTBEAT {datanodeUUID=a6d4b8c4-ec33-44f1-a274-75705838ed4b, command=[]} | ret=SUCCESS |  
2019-08-29 12:00:41,073 | INFO  | SCMAudit | user=jenkins1000 | ip=192.168.5.171 | op=SEND_HEARTBEAT {datanodeUUID=a6d4b8c4-ec33-44f1-a274-75705838ed4b, command=[]} | ret=SUCCESS |  
2019-08-29 12:00:41,273 | INFO  | SCMAudit | user=jenkins1000 | ip=192.168.5.171 | op=SEND_HEARTBEAT {datanodeUUID=a6d4b8c4-ec33-44f1-a274-75705838ed4b, command=[]} | ret=SUCCESS |  
2019-08-29 12:00:41,390 | INFO  | SCMAudit | user=jenkins1000 | ip=192.168.5.171 | op=SEND_HEARTBEAT {datanodeUUID=a6d4b8c4-ec33-44f1-a274-75705838ed4b, command=[]} | ret=SUCCESS |  
2019-08-29 12:00:41,416 | INFO  | DNAudit | user=null | ip=null | op=WRITE_CHUNK {blockData=conID: 1 locID: 102700157112745985 bcsId: 0} | ret=SUCCESS |  
2019-08-29 12:00:41,425 | INFO  | DNAudit | user=null | ip=null | op=WRITE_CHUNK {blockData=conID: 1 locID: 102700157112745985 bcsId: 0} | ret=SUCCESS |  
2019-08-29 12:00:41,439 [grpc-default-executor-0] INFO  client.GrpcClientProtocolClient (GrpcClientProtocolClient.java:onNext(255)) - client-67E8FC448AFE->a6d4b8c4-ec33-44f1-a274-75705838ed4b: receive RaftClientReply:client-67E8FC448AFE->a6d4b8c4-ec33-44f1-a274-75705838ed4b@group-A3D538E767F3, cid=1, SUCCESS, logIndex=1, commits[a6d4b8c4-ec33-44f1-a274-75705838ed4b:c1]
2019-08-29 12:00:41,536 | INFO  | DNAudit | user=null | ip=null | op=PUT_BLOCK {blockData=[blockId=conID: 1 locID: 102700157112745985 bcsId: 0,size=5]} | ret=SUCCESS |  
2019-08-29 12:00:41,542 [grpc-default-executor-0] INFO  client.GrpcClientProtocolClient (GrpcClientProtocolClient.java:onNext(255)) - client-67E8FC448AFE->a6d4b8c4-ec33-44f1-a274-75705838ed4b: receive RaftClientReply:client-67E8FC448AFE->a6d4b8c4-ec33-44f1-a274-75705838ed4b@group-A3D538E767F3, cid=2, SUCCESS, logIndex=3, commits[a6d4b8c4-ec33-44f1-a274-75705838ed4b:c4]
2019-08-29 12:00:41,555 [pool-26-thread-2] ERROR impl.ChunkManagerImpl (ChunkUtils.java:getChunkFile(234)) - Chunks path does not exist
2019-08-29 12:00:41,556 [pool-26-thread-2] INFO  keyvalue.KeyValueHandler (ContainerUtils.java:logAndReturnError(146)) - Operation: WriteChunk : Trace ID: a86835580c267b09:a86835580c267b09:0:0 : Message: Unable to get Chunks directory. : Result: UNABLE_TO_FIND_DATA_DIR
2019-08-29 12:00:41,557 [pool-26-thread-2] WARN  keyvalue.KeyValueHandler (KeyValueHandler.java:markContainerUnhealthy(885)) - Unexpected error while marking container 1 as unhealthy
org.apache.hadoop.hdds.scm.container.common.helpers.StorageContainerException: Error while creating/ updating .container file. ContainerID: 1
	at org.apache.hadoop.ozone.container.keyvalue.KeyValueContainer.writeToContainerFile(KeyValueContainer.java:233)
	at org.apache.hadoop.ozone.container.keyvalue.KeyValueContainer.updateContainerFile(KeyValueContainer.java:253)
	at org.apache.hadoop.ozone.container.keyvalue.KeyValueContainer.updateContainerData(KeyValueContainer.java:349)
	at org.apache.hadoop.ozone.container.keyvalue.KeyValueContainer.markContainerUnhealthy(KeyValueContainer.java:294)
	at org.apache.hadoop.ozone.container.keyvalue.KeyValueHandler.markContainerUnhealthy(KeyValueHandler.java:880)
	at org.apache.hadoop.ozone.container.common.impl.HddsDispatcher.dispatchRequest(HddsDispatcher.java:303)
	at org.apache.hadoop.ozone.container.common.impl.HddsDispatcher.dispatch(HddsDispatcher.java:148)
	at org.apache.hadoop.ozone.container.common.transport.server.ratis.ContainerStateMachine.dispatchCommand(ContainerStateMachine.java:396)
	at org.apache.hadoop.ozone.container.common.transport.server.ratis.ContainerStateMachine.runCommand(ContainerStateMachine.java:404)
	at org.apache.hadoop.ozone.container.common.transport.server.ratis.ContainerStateMachine.lambda$handleWriteChunk$1(ContainerStateMachine.java:436)
	at java.util.concurrent.CompletableFuture$AsyncSupply.run(CompletableFuture.java:1590)
	at java.util.concurrent.ThreadPoolExecutor.runWorker(ThreadPoolExecutor.java:1149)
	at java.util.concurrent.ThreadPoolExecutor$Worker.run(ThreadPoolExecutor.java:624)
	at java.lang.Thread.run(Thread.java:748)
Caused by: java.io.IOException: No such file or directory
	at java.io.UnixFileSystem.createFileExclusively(Native Method)
	at java.io.File.createTempFile(File.java:2024)
	at org.apache.hadoop.ozone.container.keyvalue.KeyValueContainer.createTempFile(KeyValueContainer.java:733)
	at org.apache.hadoop.ozone.container.keyvalue.KeyValueContainer.writeToContainerFile(KeyValueContainer.java:218)
	... 13 more
2019-08-29 12:00:41,561 | INFO  | SCMAudit | user=jenkins1000 | ip=192.168.5.171 | op=SEND_HEARTBEAT {datanodeUUID=a6d4b8c4-ec33-44f1-a274-75705838ed4b, command=[]} | ret=SUCCESS |  
2019-08-29 12:00:41,561 [EventQueue-IncrementalContainerReportForIncrementalContainerReportHandler] WARN  container.IncrementalContainerReportHandler (AbstractContainerReportHandler.java:updateContainerState(143)) - Container #1 is in OPEN state, but the datanode a6d4b8c4-ec33-44f1-a274-75705838ed4b{ip: 192.168.5.171, host: pr-hdds-2058-gt6pm-2007824988, networkLocation: /default-rack, certSerialId: null} reports an UNHEALTHY replica.
2019-08-29 12:00:41,568 | ERROR | DNAudit | user=null | ip=null | op=WRITE_CHUNK {blockData=conID: 1 locID: 102700157112745985 bcsId: 3} | ret=FAILURE | java.lang.Exception: Unable to get Chunks directory.
	at org.apache.hadoop.ozone.container.common.impl.HddsDispatcher.dispatchRequest(HddsDispatcher.java:320)
	at org.apache.hadoop.ozone.container.common.impl.HddsDispatcher.dispatch(HddsDispatcher.java:148) 
2019-08-29 12:00:41,569 [pool-26-thread-2] ERROR ratis.ContainerStateMachine (ContainerStateMachine.java:lambda$handleWriteChunk$2(450)) - group-A3D538E767F3: writeChunk writeStateMachineData failed: blockIdcontainerID: 1
localID: 102700157112745985
blockCommitSequenceId: 3
 logIndex 5 chunkName 102700157112745985_chunk_2 Error message: Unable to get Chunks directory. Container Result: UNABLE_TO_FIND_DATA_DIR
2019-08-29 12:00:41,582 [a6d4b8c4-ec33-44f1-a274-75705838ed4b-SegmentedRaftLogWorker:Storage Directory /workdir/hadoop-ozone/integration-test/target/test-dir/MiniOzoneClusterImpl-e14d95b3-32bd-4caf-9763-f8f6a19d1a7e/datanode-0/data/ratis/ba4ce21a-e350-4d0e-9074-a3d538e767f3] ERROR ratis.XceiverServerRatis (XceiverServerRatis.java:triggerPipelineClose(557)) - pipeline Action CLOSE  on pipeline PipelineID=ba4ce21a-e350-4d0e-9074-a3d538e767f3.Reason : Unable to get Chunks directory.
2019-08-29 12:00:41,584 [a6d4b8c4-ec33-44f1-a274-75705838ed4b-SegmentedRaftLogWorker:Storage Directory /workdir/hadoop-ozone/integration-test/target/test-dir/MiniOzoneClusterImpl-e14d95b3-32bd-4caf-9763-f8f6a19d1a7e/datanode-0/data/ratis/ba4ce21a-e350-4d0e-9074-a3d538e767f3] ERROR ratis.XceiverServerRatis (XceiverServerRatis.java:triggerPipelineClose(557)) - pipeline Action CLOSE  on pipeline PipelineID=ba4ce21a-e350-4d0e-9074-a3d538e767f3.Reason : Log already failed at index 5 for task WriteLog:5: (t:1, i:5), STATEMACHINELOGENTRY, client-67E8FC448AFE, cid=3
2019-08-29 12:00:41,588 | INFO  | SCMAudit | user=jenkins1000 | ip=192.168.5.171 | op=SEND_HEARTBEAT {datanodeUUID=a6d4b8c4-ec33-44f1-a274-75705838ed4b, command=[]} | ret=SUCCESS |  
2019-08-29 12:00:41,589 [EventQueue-PipelineActionsForPipelineActionHandler] ERROR pipeline.PipelineActionHandler (PipelineActionHandler.java:onMessage(60)) - Received pipeline action CLOSE for Pipeline[ Id: ba4ce21a-e350-4d0e-9074-a3d538e767f3, Nodes: a6d4b8c4-ec33-44f1-a274-75705838ed4b{ip: 192.168.5.171, host: pr-hdds-2058-gt6pm-2007824988, networkLocation: /default-rack, certSerialId: null}, Type:RATIS, Factor:ONE, State:OPEN] from datanode a6d4b8c4-ec33-44f1-a274-75705838ed4b{ip: 192.168.5.171, host: pr-hdds-2058-gt6pm-2007824988, networkLocation: /default-rack, certSerialId: null}. Reason : Unable to get Chunks directory.
2019-08-29 12:00:41,589 [EventQueue-PipelineActionsForPipelineActionHandler] INFO  pipeline.SCMPipelineManager (SCMPipelineManager.java:finalizeAndDestroyPipeline(309)) - destroying pipeline:Pipeline[ Id: ba4ce21a-e350-4d0e-9074-a3d538e767f3, Nodes: a6d4b8c4-ec33-44f1-a274-75705838ed4b{ip: 192.168.5.171, host: pr-hdds-2058-gt6pm-2007824988, networkLocation: /default-rack, certSerialId: null}, Type:RATIS, Factor:ONE, State:OPEN]
2019-08-29 12:00:41,590 [EventQueue-CloseContainerForCloseContainerEventHandler] INFO  container.CloseContainerEventHandler (CloseContainerEventHandler.java:onMessage(61)) - Close container Event triggered for container : #1
2019-08-29 12:00:41,591 | INFO  | SCMAudit | user=jenkins1000 | ip=192.168.5.171 | op=SEND_HEARTBEAT {datanodeUUID=a6d4b8c4-ec33-44f1-a274-75705838ed4b, command=[]} | ret=SUCCESS |  
2019-08-29 12:00:41,591 [EventQueue-PipelineActionsForPipelineActionHandler] INFO  pipeline.PipelineStateManager (PipelineStateManager.java:finalizePipeline(123)) - Pipeline Pipeline[ Id: ba4ce21a-e350-4d0e-9074-a3d538e767f3, Nodes: a6d4b8c4-ec33-44f1-a274-75705838ed4b{ip: 192.168.5.171, host: pr-hdds-2058-gt6pm-2007824988, networkLocation: /default-rack, certSerialId: null}, Type:RATIS, Factor:ONE, State:CLOSED] moved to CLOSED state
2019-08-29 12:00:41,595 [EventQueue-CloseContainerForCloseContainerEventHandler] INFO  container.CloseContainerEventHandler (CloseContainerEventHandler.java:onMessage(61)) - Close container Event triggered for container : #1
2019-08-29 12:00:41,821 | INFO  | SCMAudit | user=jenkins1000 | ip=192.168.5.171 | op=SEND_HEARTBEAT {datanodeUUID=a6d4b8c4-ec33-44f1-a274-75705838ed4b, command=[commandType: closeContainerCommand closeContainerCommandProto { containerID: 1 pipelineID { id: "ba4ce21a-e350-4d0e-9074-a3d538e767f3" } cmdId: 1 force: false } , commandType: closeContainerCommand closeContainerCommandProto { containerID: 1 pipelineID { id: "ba4ce21a-e350-4d0e-9074-a3d538e767f3" } cmdId: 1 force: false } ]} | ret=SUCCESS |  
2019-08-29 12:00:41,985 | INFO  | SCMAudit | user=jenkins1000 | ip=192.168.5.171 | op=SEND_HEARTBEAT {datanodeUUID=a6d4b8c4-ec33-44f1-a274-75705838ed4b, command=[]} | ret=SUCCESS |  
2019-08-29 12:00:42,076 [a6d4b8c4-ec33-44f1-a274-75705838ed4b-SegmentedRaftLogWorker:Storage Directory /workdir/hadoop-ozone/integration-test/target/test-dir/MiniOzoneClusterImpl-e14d95b3-32bd-4caf-9763-f8f6a19d1a7e/datanode-0/data/ratis/ba4ce21a-e350-4d0e-9074-a3d538e767f3] ERROR ratis.XceiverServerRatis (XceiverServerRatis.java:triggerPipelineClose(557)) - pipeline Action CLOSE  on pipeline PipelineID=ba4ce21a-e350-4d0e-9074-a3d538e767f3.Reason : Log already failed at index 5 for task WriteLog:5: (t:1, i:5), STATEMACHINELOGENTRY, client-67E8FC448AFE, cid=3
2019-08-29 12:00:42,078 | INFO  | SCMAudit | user=jenkins1000 | ip=192.168.5.171 | op=SEND_HEARTBEAT {datanodeUUID=a6d4b8c4-ec33-44f1-a274-75705838ed4b, command=[]} | ret=SUCCESS |  
2019-08-29 12:00:42,078 [EventQueue-PipelineActionsForPipelineActionHandler] ERROR pipeline.PipelineActionHandler (PipelineActionHandler.java:onMessage(60)) - Received pipeline action CLOSE for Pipeline[ Id: ba4ce21a-e350-4d0e-9074-a3d538e767f3, Nodes: a6d4b8c4-ec33-44f1-a274-75705838ed4b{ip: 192.168.5.171, host: pr-hdds-2058-gt6pm-2007824988, networkLocation: /default-rack, certSerialId: null}, Type:RATIS, Factor:ONE, State:CLOSED] from datanode a6d4b8c4-ec33-44f1-a274-75705838ed4b{ip: 192.168.5.171, host: pr-hdds-2058-gt6pm-2007824988, networkLocation: /default-rack, certSerialId: null}. Reason : Log already failed at index 5 for task WriteLog:5: (t:1, i:5), STATEMACHINELOGENTRY, client-67E8FC448AFE, cid=3
2019-08-29 12:00:42,078 [EventQueue-PipelineActionsForPipelineActionHandler] INFO  pipeline.SCMPipelineManager (SCMPipelineManager.java:finalizeAndDestroyPipeline(309)) - destroying pipeline:Pipeline[ Id: ba4ce21a-e350-4d0e-9074-a3d538e767f3, Nodes: a6d4b8c4-ec33-44f1-a274-75705838ed4b{ip: 192.168.5.171, host: pr-hdds-2058-gt6pm-2007824988, networkLocation: /default-rack, certSerialId: null}, Type:RATIS, Factor:ONE, State:CLOSED]
2019-08-29 12:00:42,278 | INFO  | SCMAudit | user=jenkins1000 | ip=192.168.5.171 | op=SEND_HEARTBEAT {datanodeUUID=a6d4b8c4-ec33-44f1-a274-75705838ed4b, command=[]} | ret=SUCCESS |  
2019-08-29 12:00:42,478 | INFO  | SCMAudit | user=jenkins1000 | ip=192.168.5.171 | op=SEND_HEARTBEAT {datanodeUUID=a6d4b8c4-ec33-44f1-a274-75705838ed4b, command=[]} | ret=SUCCESS |  
2019-08-29 12:00:42,677 | INFO  | SCMAudit | user=jenkins1000 | ip=192.168.5.171 | op=SEND_HEARTBEAT {datanodeUUID=a6d4b8c4-ec33-44f1-a274-75705838ed4b, command=[]} | ret=SUCCESS |  
2019-08-29 12:00:42,878 | INFO  | SCMAudit | user=jenkins1000 | ip=192.168.5.171 | op=SEND_HEARTBEAT {datanodeUUID=a6d4b8c4-ec33-44f1-a274-75705838ed4b, command=[]} | ret=SUCCESS |  
2019-08-29 12:00:43,078 | INFO  | SCMAudit | user=jenkins1000 | ip=192.168.5.171 | op=SEND_HEARTBEAT {datanodeUUID=a6d4b8c4-ec33-44f1-a274-75705838ed4b, command=[]} | ret=SUCCESS |  
2019-08-29 12:00:43,278 | INFO  | SCMAudit | user=jenkins1000 | ip=192.168.5.171 | op=SEND_HEARTBEAT {datanodeUUID=a6d4b8c4-ec33-44f1-a274-75705838ed4b, command=[]} | ret=SUCCESS |  
2019-08-29 12:00:43,478 | INFO  | SCMAudit | user=jenkins1000 | ip=192.168.5.171 | op=SEND_HEARTBEAT {datanodeUUID=a6d4b8c4-ec33-44f1-a274-75705838ed4b, command=[]} | ret=SUCCESS |  
2019-08-29 12:00:43,678 | INFO  | SCMAudit | user=jenkins1000 | ip=192.168.5.171 | op=SEND_HEARTBEAT {datanodeUUID=a6d4b8c4-ec33-44f1-a274-75705838ed4b, command=[]} | ret=SUCCESS |  
2019-08-29 12:00:43,878 | INFO  | SCMAudit | user=jenkins1000 | ip=192.168.5.171 | op=SEND_HEARTBEAT {datanodeUUID=a6d4b8c4-ec33-44f1-a274-75705838ed4b, command=[]} | ret=SUCCESS |  
2019-08-29 12:00:44,078 | INFO  | SCMAudit | user=jenkins1000 | ip=192.168.5.171 | op=SEND_HEARTBEAT {datanodeUUID=a6d4b8c4-ec33-44f1-a274-75705838ed4b, command=[]} | ret=SUCCESS |  
2019-08-29 12:00:44,278 | INFO  | SCMAudit | user=jenkins1000 | ip=192.168.5.171 | op=SEND_HEARTBEAT {datanodeUUID=a6d4b8c4-ec33-44f1-a274-75705838ed4b, command=[]} | ret=SUCCESS |  
2019-08-29 12:00:44,478 | INFO  | SCMAudit | user=jenkins1000 | ip=192.168.5.171 | op=SEND_HEARTBEAT {datanodeUUID=a6d4b8c4-ec33-44f1-a274-75705838ed4b, command=[]} | ret=SUCCESS |  
2019-08-29 12:00:44,678 | INFO  | SCMAudit | user=jenkins1000 | ip=192.168.5.171 | op=SEND_HEARTBEAT {datanodeUUID=a6d4b8c4-ec33-44f1-a274-75705838ed4b, command=[]} | ret=SUCCESS |  
2019-08-29 12:00:44,878 | INFO  | SCMAudit | user=jenkins1000 | ip=192.168.5.171 | op=SEND_HEARTBEAT {datanodeUUID=a6d4b8c4-ec33-44f1-a274-75705838ed4b, command=[]} | ret=SUCCESS |  
2019-08-29 12:00:45,078 | INFO  | SCMAudit | user=jenkins1000 | ip=192.168.5.171 | op=SEND_HEARTBEAT {datanodeUUID=a6d4b8c4-ec33-44f1-a274-75705838ed4b, command=[]} | ret=SUCCESS |  
2019-08-29 12:00:45,277 | INFO  | SCMAudit | user=jenkins1000 | ip=192.168.5.171 | op=SEND_HEARTBEAT {datanodeUUID=a6d4b8c4-ec33-44f1-a274-75705838ed4b, command=[]} | ret=SUCCESS |  
2019-08-29 12:00:45,478 | INFO  | SCMAudit | user=jenkins1000 | ip=192.168.5.171 | op=SEND_HEARTBEAT {datanodeUUID=a6d4b8c4-ec33-44f1-a274-75705838ed4b, command=[]} | ret=SUCCESS |  
2019-08-29 12:00:45,678 | INFO  | SCMAudit | user=jenkins1000 | ip=192.168.5.171 | op=SEND_HEARTBEAT {datanodeUUID=a6d4b8c4-ec33-44f1-a274-75705838ed4b, command=[]} | ret=SUCCESS |  
2019-08-29 12:00:45,879 | INFO  | SCMAudit | user=jenkins1000 | ip=192.168.5.171 | op=SEND_HEARTBEAT {datanodeUUID=a6d4b8c4-ec33-44f1-a274-75705838ed4b, command=[]} | ret=SUCCESS |  
2019-08-29 12:00:46,079 | INFO  | SCMAudit | user=jenkins1000 | ip=192.168.5.171 | op=SEND_HEARTBEAT {datanodeUUID=a6d4b8c4-ec33-44f1-a274-75705838ed4b, command=[]} | ret=SUCCESS |  
2019-08-29 12:00:46,279 | INFO  | SCMAudit | user=jenkins1000 | ip=192.168.5.171 | op=SEND_HEARTBEAT {datanodeUUID=a6d4b8c4-ec33-44f1-a274-75705838ed4b, command=[]} | ret=SUCCESS |  
2019-08-29 12:00:46,479 | INFO  | SCMAudit | user=jenkins1000 | ip=192.168.5.171 | op=SEND_HEARTBEAT {datanodeUUID=a6d4b8c4-ec33-44f1-a274-75705838ed4b, command=[]} | ret=SUCCESS |  
2019-08-29 12:00:46,680 | INFO  | SCMAudit | user=jenkins1000 | ip=192.168.5.171 | op=SEND_HEARTBEAT {datanodeUUID=a6d4b8c4-ec33-44f1-a274-75705838ed4b, command=[]} | ret=SUCCESS |  
2019-08-29 12:00:46,880 | INFO  | SCMAudit | user=jenkins1000 | ip=192.168.5.171 | op=SEND_HEARTBEAT {datanodeUUID=a6d4b8c4-ec33-44f1-a274-75705838ed4b, command=[]} | ret=SUCCESS |  
2019-08-29 12:00:47,080 | INFO  | SCMAudit | user=jenkins1000 | ip=192.168.5.171 | op=SEND_HEARTBEAT {datanodeUUID=a6d4b8c4-ec33-44f1-a274-75705838ed4b, command=[]} | ret=SUCCESS |  
2019-08-29 12:00:47,280 | INFO  | SCMAudit | user=jenkins1000 | ip=192.168.5.171 | op=SEND_HEARTBEAT {datanodeUUID=a6d4b8c4-ec33-44f1-a274-75705838ed4b, command=[]} | ret=SUCCESS |  
2019-08-29 12:00:47,481 | INFO  | SCMAudit | user=jenkins1000 | ip=192.168.5.171 | op=SEND_HEARTBEAT {datanodeUUID=a6d4b8c4-ec33-44f1-a274-75705838ed4b, command=[]} | ret=SUCCESS |  
2019-08-29 12:00:47,680 | INFO  | SCMAudit | user=jenkins1000 | ip=192.168.5.171 | op=SEND_HEARTBEAT {datanodeUUID=a6d4b8c4-ec33-44f1-a274-75705838ed4b, command=[]} | ret=SUCCESS |  
2019-08-29 12:00:47,881 | INFO  | SCMAudit | user=jenkins1000 | ip=192.168.5.171 | op=SEND_HEARTBEAT {datanodeUUID=a6d4b8c4-ec33-44f1-a274-75705838ed4b, command=[]} | ret=SUCCESS |  
2019-08-29 12:00:48,080 | INFO  | SCMAudit | user=jenkins1000 | ip=192.168.5.171 | op=SEND_HEARTBEAT {datanodeUUID=a6d4b8c4-ec33-44f1-a274-75705838ed4b, command=[]} | ret=SUCCESS |  
2019-08-29 12:00:48,280 | INFO  | SCMAudit | user=jenkins1000 | ip=192.168.5.171 | op=SEND_HEARTBEAT {datanodeUUID=a6d4b8c4-ec33-44f1-a274-75705838ed4b, command=[]} | ret=SUCCESS |  
2019-08-29 12:00:48,481 | INFO  | SCMAudit | user=jenkins1000 | ip=192.168.5.171 | op=SEND_HEARTBEAT {datanodeUUID=a6d4b8c4-ec33-44f1-a274-75705838ed4b, command=[]} | ret=SUCCESS |  
2019-08-29 12:00:48,681 | INFO  | SCMAudit | user=jenkins1000 | ip=192.168.5.171 | op=SEND_HEARTBEAT {datanodeUUID=a6d4b8c4-ec33-44f1-a274-75705838ed4b, command=[]} | ret=SUCCESS |  
2019-08-29 12:00:48,884 | INFO  | SCMAudit | user=jenkins1000 | ip=192.168.5.171 | op=SEND_HEARTBEAT {datanodeUUID=a6d4b8c4-ec33-44f1-a274-75705838ed4b, command=[]} | ret=SUCCESS |  
2019-08-29 12:00:49,081 | INFO  | SCMAudit | user=jenkins1000 | ip=192.168.5.171 | op=SEND_HEARTBEAT {datanodeUUID=a6d4b8c4-ec33-44f1-a274-75705838ed4b, command=[]} | ret=SUCCESS |  
2019-08-29 12:00:49,281 | INFO  | SCMAudit | user=jenkins1000 | ip=192.168.5.171 | op=SEND_HEARTBEAT {datanodeUUID=a6d4b8c4-ec33-44f1-a274-75705838ed4b, command=[]} | ret=SUCCESS |  
2019-08-29 12:00:49,482 | INFO  | SCMAudit | user=jenkins1000 | ip=192.168.5.171 | op=SEND_HEARTBEAT {datanodeUUID=a6d4b8c4-ec33-44f1-a274-75705838ed4b, command=[]} | ret=SUCCESS |  
2019-08-29 12:00:49,682 | INFO  | SCMAudit | user=jenkins1000 | ip=192.168.5.171 | op=SEND_HEARTBEAT {datanodeUUID=a6d4b8c4-ec33-44f1-a274-75705838ed4b, command=[]} | ret=SUCCESS |  
2019-08-29 12:00:49,882 | INFO  | SCMAudit | user=jenkins1000 | ip=192.168.5.171 | op=SEND_HEARTBEAT {datanodeUUID=a6d4b8c4-ec33-44f1-a274-75705838ed4b, command=[]} | ret=SUCCESS |  
2019-08-29 12:00:50,082 | INFO  | SCMAudit | user=jenkins1000 | ip=192.168.5.171 | op=SEND_HEARTBEAT {datanodeUUID=a6d4b8c4-ec33-44f1-a274-75705838ed4b, command=[]} | ret=SUCCESS |  
2019-08-29 12:00:50,282 | INFO  | SCMAudit | user=jenkins1000 | ip=192.168.5.171 | op=SEND_HEARTBEAT {datanodeUUID=a6d4b8c4-ec33-44f1-a274-75705838ed4b, command=[]} | ret=SUCCESS |  
2019-08-29 12:00:50,482 | INFO  | SCMAudit | user=jenkins1000 | ip=192.168.5.171 | op=SEND_HEARTBEAT {datanodeUUID=a6d4b8c4-ec33-44f1-a274-75705838ed4b, command=[]} | ret=SUCCESS |  
2019-08-29 12:00:50,682 | INFO  | SCMAudit | user=jenkins1000 | ip=192.168.5.171 | op=SEND_HEARTBEAT {datanodeUUID=a6d4b8c4-ec33-44f1-a274-75705838ed4b, command=[]} | ret=SUCCESS |  
2019-08-29 12:00:50,882 | INFO  | SCMAudit | user=jenkins1000 | ip=192.168.5.171 | op=SEND_HEARTBEAT {datanodeUUID=a6d4b8c4-ec33-44f1-a274-75705838ed4b, command=[]} | ret=SUCCESS |  
2019-08-29 12:00:51,081 | INFO  | SCMAudit | user=jenkins1000 | ip=192.168.5.171 | op=SEND_HEARTBEAT {datanodeUUID=a6d4b8c4-ec33-44f1-a274-75705838ed4b, command=[]} | ret=SUCCESS |  
2019-08-29 12:00:51,282 | INFO  | SCMAudit | user=jenkins1000 | ip=192.168.5.171 | op=SEND_HEARTBEAT {datanodeUUID=a6d4b8c4-ec33-44f1-a274-75705838ed4b, command=[]} | ret=SUCCESS |  
2019-08-29 12:00:51,482 | INFO  | SCMAudit | user=jenkins1000 | ip=192.168.5.171 | op=SEND_HEARTBEAT {datanodeUUID=a6d4b8c4-ec33-44f1-a274-75705838ed4b, command=[]} | ret=SUCCESS |  
2019-08-29 12:00:51,681 | INFO  | SCMAudit | user=jenkins1000 | ip=192.168.5.171 | op=SEND_HEARTBEAT {datanodeUUID=a6d4b8c4-ec33-44f1-a274-75705838ed4b, command=[]} | ret=SUCCESS |  
2019-08-29 12:00:51,882 | INFO  | SCMAudit | user=jenkins1000 | ip=192.168.5.171 | op=SEND_HEARTBEAT {datanodeUUID=a6d4b8c4-ec33-44f1-a274-75705838ed4b, command=[]} | ret=SUCCESS |  
2019-08-29 12:00:52,082 | INFO  | SCMAudit | user=jenkins1000 | ip=192.168.5.171 | op=SEND_HEARTBEAT {datanodeUUID=a6d4b8c4-ec33-44f1-a274-75705838ed4b, command=[]} | ret=SUCCESS |  
2019-08-29 12:00:52,282 | INFO  | SCMAudit | user=jenkins1000 | ip=192.168.5.171 | op=SEND_HEARTBEAT {datanodeUUID=a6d4b8c4-ec33-44f1-a274-75705838ed4b, command=[]} | ret=SUCCESS |  
2019-08-29 12:00:52,483 | INFO  | SCMAudit | user=jenkins1000 | ip=192.168.5.171 | op=SEND_HEARTBEAT {datanodeUUID=a6d4b8c4-ec33-44f1-a274-75705838ed4b, command=[]} | ret=SUCCESS |  
2019-08-29 12:00:52,683 | INFO  | SCMAudit | user=jenkins1000 | ip=192.168.5.171 | op=SEND_HEARTBEAT {datanodeUUID=a6d4b8c4-ec33-44f1-a274-75705838ed4b, command=[]} | ret=SUCCESS |  
2019-08-29 12:00:52,883 | INFO  | SCMAudit | user=jenkins1000 | ip=192.168.5.171 | op=SEND_HEARTBEAT {datanodeUUID=a6d4b8c4-ec33-44f1-a274-75705838ed4b, command=[]} | ret=SUCCESS |  
2019-08-29 12:00:53,083 | INFO  | SCMAudit | user=jenkins1000 | ip=192.168.5.171 | op=SEND_HEARTBEAT {datanodeUUID=a6d4b8c4-ec33-44f1-a274-75705838ed4b, command=[]} | ret=SUCCESS |  
2019-08-29 12:00:53,284 | INFO  | SCMAudit | user=jenkins1000 | ip=192.168.5.171 | op=SEND_HEARTBEAT {datanodeUUID=a6d4b8c4-ec33-44f1-a274-75705838ed4b, command=[]} | ret=SUCCESS |  
2019-08-29 12:00:53,484 | INFO  | SCMAudit | user=jenkins1000 | ip=192.168.5.171 | op=SEND_HEARTBEAT {datanodeUUID=a6d4b8c4-ec33-44f1-a274-75705838ed4b, command=[]} | ret=SUCCESS |  
2019-08-29 12:00:53,683 | INFO  | SCMAudit | user=jenkins1000 | ip=192.168.5.171 | op=SEND_HEARTBEAT {datanodeUUID=a6d4b8c4-ec33-44f1-a274-75705838ed4b, command=[]} | ret=SUCCESS |  
2019-08-29 12:00:53,883 | INFO  | SCMAudit | user=jenkins1000 | ip=192.168.5.171 | op=SEND_HEARTBEAT {datanodeUUID=a6d4b8c4-ec33-44f1-a274-75705838ed4b, command=[]} | ret=SUCCESS |  
2019-08-29 12:00:54,084 | INFO  | SCMAudit | user=jenkins1000 | ip=192.168.5.171 | op=SEND_HEARTBEAT {datanodeUUID=a6d4b8c4-ec33-44f1-a274-75705838ed4b, command=[]} | ret=SUCCESS |  
2019-08-29 12:00:54,284 | INFO  | SCMAudit | user=jenkins1000 | ip=192.168.5.171 | op=SEND_HEARTBEAT {datanodeUUID=a6d4b8c4-ec33-44f1-a274-75705838ed4b, command=[]} | ret=SUCCESS |  
2019-08-29 12:00:54,484 | INFO  | SCMAudit | user=jenkins1000 | ip=192.168.5.171 | op=SEND_HEARTBEAT {datanodeUUID=a6d4b8c4-ec33-44f1-a274-75705838ed4b, command=[]} | ret=SUCCESS |  
2019-08-29 12:00:54,684 | INFO  | SCMAudit | user=jenkins1000 | ip=192.168.5.171 | op=SEND_HEARTBEAT {datanodeUUID=a6d4b8c4-ec33-44f1-a274-75705838ed4b, command=[]} | ret=SUCCESS |  
2019-08-29 12:00:54,883 | INFO  | SCMAudit | user=jenkins1000 | ip=192.168.5.171 | op=SEND_HEARTBEAT {datanodeUUID=a6d4b8c4-ec33-44f1-a274-75705838ed4b, command=[]} | ret=SUCCESS |  
2019-08-29 12:00:55,083 | INFO  | SCMAudit | user=jenkins1000 | ip=192.168.5.171 | op=SEND_HEARTBEAT {datanodeUUID=a6d4b8c4-ec33-44f1-a274-75705838ed4b, command=[]} | ret=SUCCESS |  
2019-08-29 12:00:55,283 | INFO  | SCMAudit | user=jenkins1000 | ip=192.168.5.171 | op=SEND_HEARTBEAT {datanodeUUID=a6d4b8c4-ec33-44f1-a274-75705838ed4b, command=[]} | ret=SUCCESS |  
2019-08-29 12:00:55,484 | INFO  | SCMAudit | user=jenkins1000 | ip=192.168.5.171 | op=SEND_HEARTBEAT {datanodeUUID=a6d4b8c4-ec33-44f1-a274-75705838ed4b, command=[]} | ret=SUCCESS |  
2019-08-29 12:00:55,684 | INFO  | SCMAudit | user=jenkins1000 | ip=192.168.5.171 | op=SEND_HEARTBEAT {datanodeUUID=a6d4b8c4-ec33-44f1-a274-75705838ed4b, command=[]} | ret=SUCCESS |  
2019-08-29 12:00:55,883 | INFO  | SCMAudit | user=jenkins1000 | ip=192.168.5.171 | op=SEND_HEARTBEAT {datanodeUUID=a6d4b8c4-ec33-44f1-a274-75705838ed4b, command=[]} | ret=SUCCESS |  
2019-08-29 12:00:56,084 | INFO  | SCMAudit | user=jenkins1000 | ip=192.168.5.171 | op=SEND_HEARTBEAT {datanodeUUID=a6d4b8c4-ec33-44f1-a274-75705838ed4b, command=[]} | ret=SUCCESS |  
2019-08-29 12:00:56,284 | INFO  | SCMAudit | user=jenkins1000 | ip=192.168.5.171 | op=SEND_HEARTBEAT {datanodeUUID=a6d4b8c4-ec33-44f1-a274-75705838ed4b, command=[]} | ret=SUCCESS |  
2019-08-29 12:00:56,483 | INFO  | SCMAudit | user=jenkins1000 | ip=192.168.5.171 | op=SEND_HEARTBEAT {datanodeUUID=a6d4b8c4-ec33-44f1-a274-75705838ed4b, command=[]} | ret=SUCCESS |  
2019-08-29 12:00:56,684 | INFO  | SCMAudit | user=jenkins1000 | ip=192.168.5.171 | op=SEND_HEARTBEAT {datanodeUUID=a6d4b8c4-ec33-44f1-a274-75705838ed4b, command=[]} | ret=SUCCESS |  
2019-08-29 12:00:56,884 | INFO  | SCMAudit | user=jenkins1000 | ip=192.168.5.171 | op=SEND_HEARTBEAT {datanodeUUID=a6d4b8c4-ec33-44f1-a274-75705838ed4b, command=[]} | ret=SUCCESS |  
2019-08-29 12:00:57,084 | INFO  | SCMAudit | user=jenkins1000 | ip=192.168.5.171 | op=SEND_HEARTBEAT {datanodeUUID=a6d4b8c4-ec33-44f1-a274-75705838ed4b, command=[]} | ret=SUCCESS |  
2019-08-29 12:00:57,284 | INFO  | SCMAudit | user=jenkins1000 | ip=192.168.5.171 | op=SEND_HEARTBEAT {datanodeUUID=a6d4b8c4-ec33-44f1-a274-75705838ed4b, command=[]} | ret=SUCCESS |  
2019-08-29 12:00:57,484 | INFO  | SCMAudit | user=jenkins1000 | ip=192.168.5.171 | op=SEND_HEARTBEAT {datanodeUUID=a6d4b8c4-ec33-44f1-a274-75705838ed4b, command=[]} | ret=SUCCESS |  
2019-08-29 12:00:57,685 | INFO  | SCMAudit | user=jenkins1000 | ip=192.168.5.171 | op=SEND_HEARTBEAT {datanodeUUID=a6d4b8c4-ec33-44f1-a274-75705838ed4b, command=[]} | ret=SUCCESS |  
2019-08-29 12:00:57,885 | INFO  | SCMAudit | user=jenkins1000 | ip=192.168.5.171 | op=SEND_HEARTBEAT {datanodeUUID=a6d4b8c4-ec33-44f1-a274-75705838ed4b, command=[]} | ret=SUCCESS |  
2019-08-29 12:00:58,086 | INFO  | SCMAudit | user=jenkins1000 | ip=192.168.5.171 | op=SEND_HEARTBEAT {datanodeUUID=a6d4b8c4-ec33-44f1-a274-75705838ed4b, command=[]} | ret=SUCCESS |  
2019-08-29 12:00:58,286 | INFO  | SCMAudit | user=jenkins1000 | ip=192.168.5.171 | op=SEND_HEARTBEAT {datanodeUUID=a6d4b8c4-ec33-44f1-a274-75705838ed4b, command=[]} | ret=SUCCESS |  
2019-08-29 12:00:58,486 | INFO  | SCMAudit | user=jenkins1000 | ip=192.168.5.171 | op=SEND_HEARTBEAT {datanodeUUID=a6d4b8c4-ec33-44f1-a274-75705838ed4b, command=[]} | ret=SUCCESS |  
2019-08-29 12:00:58,687 | INFO  | SCMAudit | user=jenkins1000 | ip=192.168.5.171 | op=SEND_HEARTBEAT {datanodeUUID=a6d4b8c4-ec33-44f1-a274-75705838ed4b, command=[]} | ret=SUCCESS |  
2019-08-29 12:00:58,887 | INFO  | SCMAudit | user=jenkins1000 | ip=192.168.5.171 | op=SEND_HEARTBEAT {datanodeUUID=a6d4b8c4-ec33-44f1-a274-75705838ed4b, command=[]} | ret=SUCCESS |  
2019-08-29 12:00:59,087 | INFO  | SCMAudit | user=jenkins1000 | ip=192.168.5.171 | op=SEND_HEARTBEAT {datanodeUUID=a6d4b8c4-ec33-44f1-a274-75705838ed4b, command=[]} | ret=SUCCESS |  
2019-08-29 12:00:59,287 | INFO  | SCMAudit | user=jenkins1000 | ip=192.168.5.171 | op=SEND_HEARTBEAT {datanodeUUID=a6d4b8c4-ec33-44f1-a274-75705838ed4b, command=[]} | ret=SUCCESS |  
2019-08-29 12:00:59,487 | INFO  | SCMAudit | user=jenkins1000 | ip=192.168.5.171 | op=SEND_HEARTBEAT {datanodeUUID=a6d4b8c4-ec33-44f1-a274-75705838ed4b, command=[]} | ret=SUCCESS |  
2019-08-29 12:00:59,687 | INFO  | SCMAudit | user=jenkins1000 | ip=192.168.5.171 | op=SEND_HEARTBEAT {datanodeUUID=a6d4b8c4-ec33-44f1-a274-75705838ed4b, command=[]} | ret=SUCCESS |  
2019-08-29 12:00:59,887 | INFO  | SCMAudit | user=jenkins1000 | ip=192.168.5.171 | op=SEND_HEARTBEAT {datanodeUUID=a6d4b8c4-ec33-44f1-a274-75705838ed4b, command=[]} | ret=SUCCESS |  
2019-08-29 12:01:00,087 | INFO  | SCMAudit | user=jenkins1000 | ip=192.168.5.171 | op=SEND_HEARTBEAT {datanodeUUID=a6d4b8c4-ec33-44f1-a274-75705838ed4b, command=[]} | ret=SUCCESS |  
2019-08-29 12:01:00,288 | INFO  | SCMAudit | user=jenkins1000 | ip=192.168.5.171 | op=SEND_HEARTBEAT {datanodeUUID=a6d4b8c4-ec33-44f1-a274-75705838ed4b, command=[]} | ret=SUCCESS |  
2019-08-29 12:01:00,488 | INFO  | SCMAudit | user=jenkins1000 | ip=192.168.5.171 | op=SEND_HEARTBEAT {datanodeUUID=a6d4b8c4-ec33-44f1-a274-75705838ed4b, command=[]} | ret=SUCCESS |  
2019-08-29 12:01:00,688 | INFO  | SCMAudit | user=jenkins1000 | ip=192.168.5.171 | op=SEND_HEARTBEAT {datanodeUUID=a6d4b8c4-ec33-44f1-a274-75705838ed4b, command=[]} | ret=SUCCESS |  
2019-08-29 12:01:00,888 | INFO  | SCMAudit | user=jenkins1000 | ip=192.168.5.171 | op=SEND_HEARTBEAT {datanodeUUID=a6d4b8c4-ec33-44f1-a274-75705838ed4b, command=[]} | ret=SUCCESS |  
2019-08-29 12:01:01,088 | INFO  | SCMAudit | user=jenkins1000 | ip=192.168.5.171 | op=SEND_HEARTBEAT {datanodeUUID=a6d4b8c4-ec33-44f1-a274-75705838ed4b, command=[]} | ret=SUCCESS |  
2019-08-29 12:01:01,287 | INFO  | SCMAudit | user=jenkins1000 | ip=192.168.5.171 | op=SEND_HEARTBEAT {datanodeUUID=a6d4b8c4-ec33-44f1-a274-75705838ed4b, command=[]} | ret=SUCCESS |  
2019-08-29 12:01:01,487 | INFO  | SCMAudit | user=jenkins1000 | ip=192.168.5.171 | op=SEND_HEARTBEAT {datanodeUUID=a6d4b8c4-ec33-44f1-a274-75705838ed4b, command=[]} | ret=SUCCESS |  
2019-08-29 12:01:01,688 | INFO  | SCMAudit | user=jenkins1000 | ip=192.168.5.171 | op=SEND_HEARTBEAT {datanodeUUID=a6d4b8c4-ec33-44f1-a274-75705838ed4b, command=[]} | ret=SUCCESS |  
2019-08-29 12:01:01,888 | INFO  | SCMAudit | user=jenkins1000 | ip=192.168.5.171 | op=SEND_HEARTBEAT {datanodeUUID=a6d4b8c4-ec33-44f1-a274-75705838ed4b, command=[]} | ret=SUCCESS |  
2019-08-29 12:01:02,088 | INFO  | SCMAudit | user=jenkins1000 | ip=192.168.5.171 | op=SEND_HEARTBEAT {datanodeUUID=a6d4b8c4-ec33-44f1-a274-75705838ed4b, command=[]} | ret=SUCCESS |  
2019-08-29 12:01:02,288 | INFO  | SCMAudit | user=jenkins1000 | ip=192.168.5.171 | op=SEND_HEARTBEAT {datanodeUUID=a6d4b8c4-ec33-44f1-a274-75705838ed4b, command=[]} | ret=SUCCESS |  
2019-08-29 12:01:02,488 | INFO  | SCMAudit | user=jenkins1000 | ip=192.168.5.171 | op=SEND_HEARTBEAT {datanodeUUID=a6d4b8c4-ec33-44f1-a274-75705838ed4b, command=[]} | ret=SUCCESS |  
2019-08-29 12:01:02,688 | INFO  | SCMAudit | user=jenkins1000 | ip=192.168.5.171 | op=SEND_HEARTBEAT {datanodeUUID=a6d4b8c4-ec33-44f1-a274-75705838ed4b, command=[]} | ret=SUCCESS |  
2019-08-29 12:01:02,887 | INFO  | SCMAudit | user=jenkins1000 | ip=192.168.5.171 | op=SEND_HEARTBEAT {datanodeUUID=a6d4b8c4-ec33-44f1-a274-75705838ed4b, command=[]} | ret=SUCCESS |  
2019-08-29 12:01:03,088 | INFO  | SCMAudit | user=jenkins1000 | ip=192.168.5.171 | op=SEND_HEARTBEAT {datanodeUUID=a6d4b8c4-ec33-44f1-a274-75705838ed4b, command=[]} | ret=SUCCESS |  
2019-08-29 12:01:03,288 | INFO  | SCMAudit | user=jenkins1000 | ip=192.168.5.171 | op=SEND_HEARTBEAT {datanodeUUID=a6d4b8c4-ec33-44f1-a274-75705838ed4b, command=[]} | ret=SUCCESS |  
2019-08-29 12:01:03,488 | INFO  | SCMAudit | user=jenkins1000 | ip=192.168.5.171 | op=SEND_HEARTBEAT {datanodeUUID=a6d4b8c4-ec33-44f1-a274-75705838ed4b, command=[]} | ret=SUCCESS |  
2019-08-29 12:01:03,688 | INFO  | SCMAudit | user=jenkins1000 | ip=192.168.5.171 | op=SEND_HEARTBEAT {datanodeUUID=a6d4b8c4-ec33-44f1-a274-75705838ed4b, command=[]} | ret=SUCCESS |  
2019-08-29 12:01:03,887 | INFO  | SCMAudit | user=jenkins1000 | ip=192.168.5.171 | op=SEND_HEARTBEAT {datanodeUUID=a6d4b8c4-ec33-44f1-a274-75705838ed4b, command=[]} | ret=SUCCESS |  
2019-08-29 12:01:04,087 | INFO  | SCMAudit | user=jenkins1000 | ip=192.168.5.171 | op=SEND_HEARTBEAT {datanodeUUID=a6d4b8c4-ec33-44f1-a274-75705838ed4b, command=[]} | ret=SUCCESS |  
2019-08-29 12:01:04,287 | INFO  | SCMAudit | user=jenkins1000 | ip=192.168.5.171 | op=SEND_HEARTBEAT {datanodeUUID=a6d4b8c4-ec33-44f1-a274-75705838ed4b, command=[]} | ret=SUCCESS |  
2019-08-29 12:01:04,487 | INFO  | SCMAudit | user=jenkins1000 | ip=192.168.5.171 | op=SEND_HEARTBEAT {datanodeUUID=a6d4b8c4-ec33-44f1-a274-75705838ed4b, command=[]} | ret=SUCCESS |  
2019-08-29 12:01:04,687 | INFO  | SCMAudit | user=jenkins1000 | ip=192.168.5.171 | op=SEND_HEARTBEAT {datanodeUUID=a6d4b8c4-ec33-44f1-a274-75705838ed4b, command=[]} | ret=SUCCESS |  
2019-08-29 12:01:04,887 | INFO  | SCMAudit | user=jenkins1000 | ip=192.168.5.171 | op=SEND_HEARTBEAT {datanodeUUID=a6d4b8c4-ec33-44f1-a274-75705838ed4b, command=[]} | ret=SUCCESS |  
2019-08-29 12:01:05,087 | INFO  | SCMAudit | user=jenkins1000 | ip=192.168.5.171 | op=SEND_HEARTBEAT {datanodeUUID=a6d4b8c4-ec33-44f1-a274-75705838ed4b, command=[]} | ret=SUCCESS |  
2019-08-29 12:01:05,288 | INFO  | SCMAudit | user=jenkins1000 | ip=192.168.5.171 | op=SEND_HEARTBEAT {datanodeUUID=a6d4b8c4-ec33-44f1-a274-75705838ed4b, command=[]} | ret=SUCCESS |  
2019-08-29 12:01:05,488 | INFO  | SCMAudit | user=jenkins1000 | ip=192.168.5.171 | op=SEND_HEARTBEAT {datanodeUUID=a6d4b8c4-ec33-44f1-a274-75705838ed4b, command=[]} | ret=SUCCESS |  
2019-08-29 12:01:05,689 | INFO  | SCMAudit | user=jenkins1000 | ip=192.168.5.171 | op=SEND_HEARTBEAT {datanodeUUID=a6d4b8c4-ec33-44f1-a274-75705838ed4b, command=[]} | ret=SUCCESS |  
2019-08-29 12:01:05,889 | INFO  | SCMAudit | user=jenkins1000 | ip=192.168.5.171 | op=SEND_HEARTBEAT {datanodeUUID=a6d4b8c4-ec33-44f1-a274-75705838ed4b, command=[]} | ret=SUCCESS |  
2019-08-29 12:01:06,089 | INFO  | SCMAudit | user=jenkins1000 | ip=192.168.5.171 | op=SEND_HEARTBEAT {datanodeUUID=a6d4b8c4-ec33-44f1-a274-75705838ed4b, command=[]} | ret=SUCCESS |  
2019-08-29 12:01:06,290 | INFO  | SCMAudit | user=jenkins1000 | ip=192.168.5.171 | op=SEND_HEARTBEAT {datanodeUUID=a6d4b8c4-ec33-44f1-a274-75705838ed4b, command=[]} | ret=SUCCESS |  
2019-08-29 12:01:06,490 | INFO  | SCMAudit | user=jenkins1000 | ip=192.168.5.171 | op=SEND_HEARTBEAT {datanodeUUID=a6d4b8c4-ec33-44f1-a274-75705838ed4b, command=[]} | ret=SUCCESS |  
2019-08-29 12:01:06,689 | INFO  | SCMAudit | user=jenkins1000 | ip=192.168.5.171 | op=SEND_HEARTBEAT {datanodeUUID=a6d4b8c4-ec33-44f1-a274-75705838ed4b, command=[]} | ret=SUCCESS |  
2019-08-29 12:01:06,889 | INFO  | SCMAudit | user=jenkins1000 | ip=192.168.5.171 | op=SEND_HEARTBEAT {datanodeUUID=a6d4b8c4-ec33-44f1-a274-75705838ed4b, command=[]} | ret=SUCCESS |  
2019-08-29 12:01:07,089 | INFO  | SCMAudit | user=jenkins1000 | ip=192.168.5.171 | op=SEND_HEARTBEAT {datanodeUUID=a6d4b8c4-ec33-44f1-a274-75705838ed4b, command=[]} | ret=SUCCESS |  
2019-08-29 12:01:07,289 | INFO  | SCMAudit | user=jenkins1000 | ip=192.168.5.171 | op=SEND_HEARTBEAT {datanodeUUID=a6d4b8c4-ec33-44f1-a274-75705838ed4b, command=[]} | ret=SUCCESS |  
2019-08-29 12:01:07,490 | INFO  | SCMAudit | user=jenkins1000 | ip=192.168.5.171 | op=SEND_HEARTBEAT {datanodeUUID=a6d4b8c4-ec33-44f1-a274-75705838ed4b, command=[]} | ret=SUCCESS |  
2019-08-29 12:01:07,690 | INFO  | SCMAudit | user=jenkins1000 | ip=192.168.5.171 | op=SEND_HEARTBEAT {datanodeUUID=a6d4b8c4-ec33-44f1-a274-75705838ed4b, command=[]} | ret=SUCCESS |  
2019-08-29 12:01:07,889 | INFO  | SCMAudit | user=jenkins1000 | ip=192.168.5.171 | op=SEND_HEARTBEAT {datanodeUUID=a6d4b8c4-ec33-44f1-a274-75705838ed4b, command=[]} | ret=SUCCESS |  
2019-08-29 12:01:08,090 | INFO  | SCMAudit | user=jenkins1000 | ip=192.168.5.171 | op=SEND_HEARTBEAT {datanodeUUID=a6d4b8c4-ec33-44f1-a274-75705838ed4b, command=[]} | ret=SUCCESS |  
2019-08-29 12:01:08,290 | INFO  | SCMAudit | user=jenkins1000 | ip=192.168.5.171 | op=SEND_HEARTBEAT {datanodeUUID=a6d4b8c4-ec33-44f1-a274-75705838ed4b, command=[]} | ret=SUCCESS |  
2019-08-29 12:01:08,490 | INFO  | SCMAudit | user=jenkins1000 | ip=192.168.5.171 | op=SEND_HEARTBEAT {datanodeUUID=a6d4b8c4-ec33-44f1-a274-75705838ed4b, command=[]} | ret=SUCCESS |  
2019-08-29 12:01:08,690 | INFO  | SCMAudit | user=jenkins1000 | ip=192.168.5.171 | op=SEND_HEARTBEAT {datanodeUUID=a6d4b8c4-ec33-44f1-a274-75705838ed4b, command=[]} | ret=SUCCESS |  
2019-08-29 12:01:08,890 | INFO  | SCMAudit | user=jenkins1000 | ip=192.168.5.171 | op=SEND_HEARTBEAT {datanodeUUID=a6d4b8c4-ec33-44f1-a274-75705838ed4b, command=[]} | ret=SUCCESS |  
2019-08-29 12:01:09,091 | INFO  | SCMAudit | user=jenkins1000 | ip=192.168.5.171 | op=SEND_HEARTBEAT {datanodeUUID=a6d4b8c4-ec33-44f1-a274-75705838ed4b, command=[]} | ret=SUCCESS |  
2019-08-29 12:01:09,291 | INFO  | SCMAudit | user=jenkins1000 | ip=192.168.5.171 | op=SEND_HEARTBEAT {datanodeUUID=a6d4b8c4-ec33-44f1-a274-75705838ed4b, command=[]} | ret=SUCCESS |  
2019-08-29 12:01:09,491 | INFO  | SCMAudit | user=jenkins1000 | ip=192.168.5.171 | op=SEND_HEARTBEAT {datanodeUUID=a6d4b8c4-ec33-44f1-a274-75705838ed4b, command=[]} | ret=SUCCESS |  
2019-08-29 12:01:09,691 | INFO  | SCMAudit | user=jenkins1000 | ip=192.168.5.171 | op=SEND_HEARTBEAT {datanodeUUID=a6d4b8c4-ec33-44f1-a274-75705838ed4b, command=[]} | ret=SUCCESS |  
2019-08-29 12:01:09,892 | INFO  | SCMAudit | user=jenkins1000 | ip=192.168.5.171 | op=SEND_HEARTBEAT {datanodeUUID=a6d4b8c4-ec33-44f1-a274-75705838ed4b, command=[]} | ret=SUCCESS |  
2019-08-29 12:01:10,092 | INFO  | SCMAudit | user=jenkins1000 | ip=192.168.5.171 | op=SEND_HEARTBEAT {datanodeUUID=a6d4b8c4-ec33-44f1-a274-75705838ed4b, command=[]} | ret=SUCCESS |  
2019-08-29 12:01:10,293 | INFO  | SCMAudit | user=jenkins1000 | ip=192.168.5.171 | op=SEND_HEARTBEAT {datanodeUUID=a6d4b8c4-ec33-44f1-a274-75705838ed4b, command=[]} | ret=SUCCESS |  
2019-08-29 12:01:10,493 | INFO  | SCMAudit | user=jenkins1000 | ip=192.168.5.171 | op=SEND_HEARTBEAT {datanodeUUID=a6d4b8c4-ec33-44f1-a274-75705838ed4b, command=[]} | ret=SUCCESS |  
2019-08-29 12:01:10,692 | INFO  | SCMAudit | user=jenkins1000 | ip=192.168.5.171 | op=SEND_HEARTBEAT {datanodeUUID=a6d4b8c4-ec33-44f1-a274-75705838ed4b, command=[]} | ret=SUCCESS |  
2019-08-29 12:01:10,893 | INFO  | SCMAudit | user=jenkins1000 | ip=192.168.5.171 | op=SEND_HEARTBEAT {datanodeUUID=a6d4b8c4-ec33-44f1-a274-75705838ed4b, command=[]} | ret=SUCCESS |  
2019-08-29 12:01:11,093 | INFO  | SCMAudit | user=jenkins1000 | ip=192.168.5.171 | op=SEND_HEARTBEAT {datanodeUUID=a6d4b8c4-ec33-44f1-a274-75705838ed4b, command=[]} | ret=SUCCESS |  
2019-08-29 12:01:11,293 | INFO  | SCMAudit | user=jenkins1000 | ip=192.168.5.171 | op=SEND_HEARTBEAT {datanodeUUID=a6d4b8c4-ec33-44f1-a274-75705838ed4b, command=[]} | ret=SUCCESS |  
2019-08-29 12:01:11,492 | INFO  | SCMAudit | user=jenkins1000 | ip=192.168.5.171 | op=SEND_HEARTBEAT {datanodeUUID=a6d4b8c4-ec33-44f1-a274-75705838ed4b, command=[]} | ret=SUCCESS |  
2019-08-29 12:01:11,692 | INFO  | SCMAudit | user=jenkins1000 | ip=192.168.5.171 | op=SEND_HEARTBEAT {datanodeUUID=a6d4b8c4-ec33-44f1-a274-75705838ed4b, command=[]} | ret=SUCCESS |  
2019-08-29 12:01:11,892 | INFO  | SCMAudit | user=jenkins1000 | ip=192.168.5.171 | op=SEND_HEARTBEAT {datanodeUUID=a6d4b8c4-ec33-44f1-a274-75705838ed4b, command=[]} | ret=SUCCESS |  
2019-08-29 12:01:12,092 | INFO  | SCMAudit | user=jenkins1000 | ip=192.168.5.171 | op=SEND_HEARTBEAT {datanodeUUID=a6d4b8c4-ec33-44f1-a274-75705838ed4b, command=[]} | ret=SUCCESS |  
2019-08-29 12:01:12,293 | INFO  | SCMAudit | user=jenkins1000 | ip=192.168.5.171 | op=SEND_HEARTBEAT {datanodeUUID=a6d4b8c4-ec33-44f1-a274-75705838ed4b, command=[]} | ret=SUCCESS |  
2019-08-29 12:01:12,493 | INFO  | SCMAudit | user=jenkins1000 | ip=192.168.5.171 | op=SEND_HEARTBEAT {datanodeUUID=a6d4b8c4-ec33-44f1-a274-75705838ed4b, command=[]} | ret=SUCCESS |  
2019-08-29 12:01:12,693 | INFO  | SCMAudit | user=jenkins1000 | ip=192.168.5.171 | op=SEND_HEARTBEAT {datanodeUUID=a6d4b8c4-ec33-44f1-a274-75705838ed4b, command=[]} | ret=SUCCESS |  
2019-08-29 12:01:12,893 | INFO  | SCMAudit | user=jenkins1000 | ip=192.168.5.171 | op=SEND_HEARTBEAT {datanodeUUID=a6d4b8c4-ec33-44f1-a274-75705838ed4b, command=[]} | ret=SUCCESS |  
2019-08-29 12:01:13,092 | INFO  | SCMAudit | user=jenkins1000 | ip=192.168.5.171 | op=SEND_HEARTBEAT {datanodeUUID=a6d4b8c4-ec33-44f1-a274-75705838ed4b, command=[]} | ret=SUCCESS |  
2019-08-29 12:01:13,292 | INFO  | SCMAudit | user=jenkins1000 | ip=192.168.5.171 | op=SEND_HEARTBEAT {datanodeUUID=a6d4b8c4-ec33-44f1-a274-75705838ed4b, command=[]} | ret=SUCCESS |  
2019-08-29 12:01:13,492 | INFO  | SCMAudit | user=jenkins1000 | ip=192.168.5.171 | op=SEND_HEARTBEAT {datanodeUUID=a6d4b8c4-ec33-44f1-a274-75705838ed4b, command=[]} | ret=SUCCESS |  
2019-08-29 12:01:13,693 | INFO  | SCMAudit | user=jenkins1000 | ip=192.168.5.171 | op=SEND_HEARTBEAT {datanodeUUID=a6d4b8c4-ec33-44f1-a274-75705838ed4b, command=[]} | ret=SUCCESS |  
2019-08-29 12:01:13,893 | INFO  | SCMAudit | user=jenkins1000 | ip=192.168.5.171 | op=SEND_HEARTBEAT {datanodeUUID=a6d4b8c4-ec33-44f1-a274-75705838ed4b, command=[]} | ret=SUCCESS |  
2019-08-29 12:01:14,093 | INFO  | SCMAudit | user=jenkins1000 | ip=192.168.5.171 | op=SEND_HEARTBEAT {datanodeUUID=a6d4b8c4-ec33-44f1-a274-75705838ed4b, command=[]} | ret=SUCCESS |  
2019-08-29 12:01:14,293 | INFO  | SCMAudit | user=jenkins1000 | ip=192.168.5.171 | op=SEND_HEARTBEAT {datanodeUUID=a6d4b8c4-ec33-44f1-a274-75705838ed4b, command=[]} | ret=SUCCESS |  
2019-08-29 12:01:14,493 | INFO  | SCMAudit | user=jenkins1000 | ip=192.168.5.171 | op=SEND_HEARTBEAT {datanodeUUID=a6d4b8c4-ec33-44f1-a274-75705838ed4b, command=[]} | ret=SUCCESS |  
2019-08-29 12:01:14,693 | INFO  | SCMAudit | user=jenkins1000 | ip=192.168.5.171 | op=SEND_HEARTBEAT {datanodeUUID=a6d4b8c4-ec33-44f1-a274-75705838ed4b, command=[]} | ret=SUCCESS |  
2019-08-29 12:01:14,893 | INFO  | SCMAudit | user=jenkins1000 | ip=192.168.5.171 | op=SEND_HEARTBEAT {datanodeUUID=a6d4b8c4-ec33-44f1-a274-75705838ed4b, command=[]} | ret=SUCCESS |  
2019-08-29 12:01:15,093 | INFO  | SCMAudit | user=jenkins1000 | ip=192.168.5.171 | op=SEND_HEARTBEAT {datanodeUUID=a6d4b8c4-ec33-44f1-a274-75705838ed4b, command=[]} | ret=SUCCESS |  
2019-08-29 12:01:15,292 | INFO  | SCMAudit | user=jenkins1000 | ip=192.168.5.171 | op=SEND_HEARTBEAT {datanodeUUID=a6d4b8c4-ec33-44f1-a274-75705838ed4b, command=[]} | ret=SUCCESS |  
2019-08-29 12:01:15,492 | INFO  | SCMAudit | user=jenkins1000 | ip=192.168.5.171 | op=SEND_HEARTBEAT {datanodeUUID=a6d4b8c4-ec33-44f1-a274-75705838ed4b, command=[]} | ret=SUCCESS |  
2019-08-29 12:01:15,692 | INFO  | SCMAudit | user=jenkins1000 | ip=192.168.5.171 | op=SEND_HEARTBEAT {datanodeUUID=a6d4b8c4-ec33-44f1-a274-75705838ed4b, command=[]} | ret=SUCCESS |  
2019-08-29 12:01:15,893 | INFO  | SCMAudit | user=jenkins1000 | ip=192.168.5.171 | op=SEND_HEARTBEAT {datanodeUUID=a6d4b8c4-ec33-44f1-a274-75705838ed4b, command=[]} | ret=SUCCESS |  
2019-08-29 12:01:16,093 | INFO  | SCMAudit | user=jenkins1000 | ip=192.168.5.171 | op=SEND_HEARTBEAT {datanodeUUID=a6d4b8c4-ec33-44f1-a274-75705838ed4b, command=[]} | ret=SUCCESS |  
2019-08-29 12:01:16,293 | INFO  | SCMAudit | user=jenkins1000 | ip=192.168.5.171 | op=SEND_HEARTBEAT {datanodeUUID=a6d4b8c4-ec33-44f1-a274-75705838ed4b, command=[]} | ret=SUCCESS |  
2019-08-29 12:01:16,494 | INFO  | SCMAudit | user=jenkins1000 | ip=192.168.5.171 | op=SEND_HEARTBEAT {datanodeUUID=a6d4b8c4-ec33-44f1-a274-75705838ed4b, command=[]} | ret=SUCCESS |  
2019-08-29 12:01:16,695 | INFO  | SCMAudit | user=jenkins1000 | ip=192.168.5.171 | op=SEND_HEARTBEAT {datanodeUUID=a6d4b8c4-ec33-44f1-a274-75705838ed4b, command=[]} | ret=SUCCESS |  
2019-08-29 12:01:16,895 | INFO  | SCMAudit | user=jenkins1000 | ip=192.168.5.171 | op=SEND_HEARTBEAT {datanodeUUID=a6d4b8c4-ec33-44f1-a274-75705838ed4b, command=[]} | ret=SUCCESS |  
2019-08-29 12:01:17,095 | INFO  | SCMAudit | user=jenkins1000 | ip=192.168.5.171 | op=SEND_HEARTBEAT {datanodeUUID=a6d4b8c4-ec33-44f1-a274-75705838ed4b, command=[]} | ret=SUCCESS |  
2019-08-29 12:01:17,294 | INFO  | SCMAudit | user=jenkins1000 | ip=192.168.5.171 | op=SEND_HEARTBEAT {datanodeUUID=a6d4b8c4-ec33-44f1-a274-75705838ed4b, command=[]} | ret=SUCCESS |  
2019-08-29 12:01:17,494 | INFO  | SCMAudit | user=jenkins1000 | ip=192.168.5.171 | op=SEND_HEARTBEAT {datanodeUUID=a6d4b8c4-ec33-44f1-a274-75705838ed4b, command=[]} | ret=SUCCESS |  
2019-08-29 12:01:17,695 | INFO  | SCMAudit | user=jenkins1000 | ip=192.168.5.171 | op=SEND_HEARTBEAT {datanodeUUID=a6d4b8c4-ec33-44f1-a274-75705838ed4b, command=[]} | ret=SUCCESS |  
2019-08-29 12:01:17,894 | INFO  | SCMAudit | user=jenkins1000 | ip=192.168.5.171 | op=SEND_HEARTBEAT {datanodeUUID=a6d4b8c4-ec33-44f1-a274-75705838ed4b, command=[]} | ret=SUCCESS |  
2019-08-29 12:01:18,094 | INFO  | SCMAudit | user=jenkins1000 | ip=192.168.5.171 | op=SEND_HEARTBEAT {datanodeUUID=a6d4b8c4-ec33-44f1-a274-75705838ed4b, command=[]} | ret=SUCCESS |  
2019-08-29 12:01:18,294 | INFO  | SCMAudit | user=jenkins1000 | ip=192.168.5.171 | op=SEND_HEARTBEAT {datanodeUUID=a6d4b8c4-ec33-44f1-a274-75705838ed4b, command=[]} | ret=SUCCESS |  
2019-08-29 12:01:18,494 | INFO  | SCMAudit | user=jenkins1000 | ip=192.168.5.171 | op=SEND_HEARTBEAT {datanodeUUID=a6d4b8c4-ec33-44f1-a274-75705838ed4b, command=[]} | ret=SUCCESS |  
2019-08-29 12:01:18,695 | INFO  | SCMAudit | user=jenkins1000 | ip=192.168.5.171 | op=SEND_HEARTBEAT {datanodeUUID=a6d4b8c4-ec33-44f1-a274-75705838ed4b, command=[]} | ret=SUCCESS |  
2019-08-29 12:01:18,895 | INFO  | SCMAudit | user=jenkins1000 | ip=192.168.5.171 | op=SEND_HEARTBEAT {datanodeUUID=a6d4b8c4-ec33-44f1-a274-75705838ed4b, command=[]} | ret=SUCCESS |  
2019-08-29 12:01:19,095 | INFO  | SCMAudit | user=jenkins1000 | ip=192.168.5.171 | op=SEND_HEARTBEAT {datanodeUUID=a6d4b8c4-ec33-44f1-a274-75705838ed4b, command=[]} | ret=SUCCESS |  
2019-08-29 12:01:19,295 | INFO  | SCMAudit | user=jenkins1000 | ip=192.168.5.171 | op=SEND_HEARTBEAT {datanodeUUID=a6d4b8c4-ec33-44f1-a274-75705838ed4b, command=[]} | ret=SUCCESS |  
2019-08-29 12:01:19,494 | INFO  | SCMAudit | user=jenkins1000 | ip=192.168.5.171 | op=SEND_HEARTBEAT {datanodeUUID=a6d4b8c4-ec33-44f1-a274-75705838ed4b, command=[]} | ret=SUCCESS |  
2019-08-29 12:01:19,695 | INFO  | SCMAudit | user=jenkins1000 | ip=192.168.5.171 | op=SEND_HEARTBEAT {datanodeUUID=a6d4b8c4-ec33-44f1-a274-75705838ed4b, command=[]} | ret=SUCCESS |  
2019-08-29 12:01:19,913 | INFO  | SCMAudit | user=jenkins1000 | ip=192.168.5.171 | op=SEND_HEARTBEAT {datanodeUUID=a6d4b8c4-ec33-44f1-a274-75705838ed4b, command=[]} | ret=SUCCESS |  
2019-08-29 12:01:20,095 | INFO  | SCMAudit | user=jenkins1000 | ip=192.168.5.171 | op=SEND_HEARTBEAT {datanodeUUID=a6d4b8c4-ec33-44f1-a274-75705838ed4b, command=[]} | ret=SUCCESS |  
2019-08-29 12:01:20,295 | INFO  | SCMAudit | user=jenkins1000 | ip=192.168.5.171 | op=SEND_HEARTBEAT {datanodeUUID=a6d4b8c4-ec33-44f1-a274-75705838ed4b, command=[]} | ret=SUCCESS |  
2019-08-29 12:01:20,495 | INFO  | SCMAudit | user=jenkins1000 | ip=192.168.5.171 | op=SEND_HEARTBEAT {datanodeUUID=a6d4b8c4-ec33-44f1-a274-75705838ed4b, command=[]} | ret=SUCCESS |  
2019-08-29 12:01:20,694 | INFO  | SCMAudit | user=jenkins1000 | ip=192.168.5.171 | op=SEND_HEARTBEAT {datanodeUUID=a6d4b8c4-ec33-44f1-a274-75705838ed4b, command=[]} | ret=SUCCESS |  
2019-08-29 12:01:20,894 | INFO  | SCMAudit | user=jenkins1000 | ip=192.168.5.171 | op=SEND_HEARTBEAT {datanodeUUID=a6d4b8c4-ec33-44f1-a274-75705838ed4b, command=[]} | ret=SUCCESS |  
2019-08-29 12:01:21,095 | INFO  | SCMAudit | user=jenkins1000 | ip=192.168.5.171 | op=SEND_HEARTBEAT {datanodeUUID=a6d4b8c4-ec33-44f1-a274-75705838ed4b, command=[]} | ret=SUCCESS |  
2019-08-29 12:01:21,295 | INFO  | SCMAudit | user=jenkins1000 | ip=192.168.5.171 | op=SEND_HEARTBEAT {datanodeUUID=a6d4b8c4-ec33-44f1-a274-75705838ed4b, command=[]} | ret=SUCCESS |  
2019-08-29 12:01:21,495 | INFO  | SCMAudit | user=jenkins1000 | ip=192.168.5.171 | op=SEND_HEARTBEAT {datanodeUUID=a6d4b8c4-ec33-44f1-a274-75705838ed4b, command=[]} | ret=SUCCESS |  
2019-08-29 12:01:21,695 | INFO  | SCMAudit | user=jenkins1000 | ip=192.168.5.171 | op=SEND_HEARTBEAT {datanodeUUID=a6d4b8c4-ec33-44f1-a274-75705838ed4b, command=[]} | ret=SUCCESS |  
2019-08-29 12:01:21,895 | INFO  | SCMAudit | user=jenkins1000 | ip=192.168.5.171 | op=SEND_HEARTBEAT {datanodeUUID=a6d4b8c4-ec33-44f1-a274-75705838ed4b, command=[]} | ret=SUCCESS |  
2019-08-29 12:01:22,095 | INFO  | SCMAudit | user=jenkins1000 | ip=192.168.5.171 | op=SEND_HEARTBEAT {datanodeUUID=a6d4b8c4-ec33-44f1-a274-75705838ed4b, command=[]} | ret=SUCCESS |  
2019-08-29 12:01:22,295 | INFO  | SCMAudit | user=jenkins1000 | ip=192.168.5.171 | op=SEND_HEARTBEAT {datanodeUUID=a6d4b8c4-ec33-44f1-a274-75705838ed4b, command=[]} | ret=SUCCESS |  
2019-08-29 12:01:22,495 | INFO  | SCMAudit | user=jenkins1000 | ip=192.168.5.171 | op=SEND_HEARTBEAT {datanodeUUID=a6d4b8c4-ec33-44f1-a274-75705838ed4b, command=[]} | ret=SUCCESS |  
2019-08-29 12:01:22,695 | INFO  | SCMAudit | user=jenkins1000 | ip=192.168.5.171 | op=SEND_HEARTBEAT {datanodeUUID=a6d4b8c4-ec33-44f1-a274-75705838ed4b, command=[]} | ret=SUCCESS |  
2019-08-29 12:01:22,895 | INFO  | SCMAudit | user=jenkins1000 | ip=192.168.5.171 | op=SEND_HEARTBEAT {datanodeUUID=a6d4b8c4-ec33-44f1-a274-75705838ed4b, command=[]} | ret=SUCCESS |  
2019-08-29 12:01:23,095 | INFO  | SCMAudit | user=jenkins1000 | ip=192.168.5.171 | op=SEND_HEARTBEAT {datanodeUUID=a6d4b8c4-ec33-44f1-a274-75705838ed4b, command=[]} | ret=SUCCESS |  
2019-08-29 12:01:23,294 | INFO  | SCMAudit | user=jenkins1000 | ip=192.168.5.171 | op=SEND_HEARTBEAT {datanodeUUID=a6d4b8c4-ec33-44f1-a274-75705838ed4b, command=[]} | ret=SUCCESS |  
2019-08-29 12:01:23,494 | INFO  | SCMAudit | user=jenkins1000 | ip=192.168.5.171 | op=SEND_HEARTBEAT {datanodeUUID=a6d4b8c4-ec33-44f1-a274-75705838ed4b, command=[]} | ret=SUCCESS |  
2019-08-29 12:01:23,695 | INFO  | SCMAudit | user=jenkins1000 | ip=192.168.5.171 | op=SEND_HEARTBEAT {datanodeUUID=a6d4b8c4-ec33-44f1-a274-75705838ed4b, command=[]} | ret=SUCCESS |  
2019-08-29 12:01:23,895 | INFO  | SCMAudit | user=jenkins1000 | ip=192.168.5.171 | op=SEND_HEARTBEAT {datanodeUUID=a6d4b8c4-ec33-44f1-a274-75705838ed4b, command=[]} | ret=SUCCESS |  
2019-08-29 12:01:24,096 | INFO  | SCMAudit | user=jenkins1000 | ip=192.168.5.171 | op=SEND_HEARTBEAT {datanodeUUID=a6d4b8c4-ec33-44f1-a274-75705838ed4b, command=[]} | ret=SUCCESS |  
2019-08-29 12:01:24,297 | INFO  | SCMAudit | user=jenkins1000 | ip=192.168.5.171 | op=SEND_HEARTBEAT {datanodeUUID=a6d4b8c4-ec33-44f1-a274-75705838ed4b, command=[]} | ret=SUCCESS |  
2019-08-29 12:01:24,496 | INFO  | SCMAudit | user=jenkins1000 | ip=192.168.5.171 | op=SEND_HEARTBEAT {datanodeUUID=a6d4b8c4-ec33-44f1-a274-75705838ed4b, command=[]} | ret=SUCCESS |  
2019-08-29 12:01:24,696 | INFO  | SCMAudit | user=jenkins1000 | ip=192.168.5.171 | op=SEND_HEARTBEAT {datanodeUUID=a6d4b8c4-ec33-44f1-a274-75705838ed4b, command=[]} | ret=SUCCESS |  
2019-08-29 12:01:24,896 | INFO  | SCMAudit | user=jenkins1000 | ip=192.168.5.171 | op=SEND_HEARTBEAT {datanodeUUID=a6d4b8c4-ec33-44f1-a274-75705838ed4b, command=[]} | ret=SUCCESS |  
2019-08-29 12:01:25,097 | INFO  | SCMAudit | user=jenkins1000 | ip=192.168.5.171 | op=SEND_HEARTBEAT {datanodeUUID=a6d4b8c4-ec33-44f1-a274-75705838ed4b, command=[]} | ret=SUCCESS |  
2019-08-29 12:01:25,297 | INFO  | SCMAudit | user=jenkins1000 | ip=192.168.5.171 | op=SEND_HEARTBEAT {datanodeUUID=a6d4b8c4-ec33-44f1-a274-75705838ed4b, command=[]} | ret=SUCCESS |  
2019-08-29 12:01:25,498 | INFO  | SCMAudit | user=jenkins1000 | ip=192.168.5.171 | op=SEND_HEARTBEAT {datanodeUUID=a6d4b8c4-ec33-44f1-a274-75705838ed4b, command=[]} | ret=SUCCESS |  
2019-08-29 12:01:25,698 | INFO  | SCMAudit | user=jenkins1000 | ip=192.168.5.171 | op=SEND_HEARTBEAT {datanodeUUID=a6d4b8c4-ec33-44f1-a274-75705838ed4b, command=[]} | ret=SUCCESS |  
2019-08-29 12:01:25,898 | INFO  | SCMAudit | user=jenkins1000 | ip=192.168.5.171 | op=SEND_HEARTBEAT {datanodeUUID=a6d4b8c4-ec33-44f1-a274-75705838ed4b, command=[]} | ret=SUCCESS |  
2019-08-29 12:01:26,098 | INFO  | SCMAudit | user=jenkins1000 | ip=192.168.5.171 | op=SEND_HEARTBEAT {datanodeUUID=a6d4b8c4-ec33-44f1-a274-75705838ed4b, command=[]} | ret=SUCCESS |  
2019-08-29 12:01:26,298 | INFO  | SCMAudit | user=jenkins1000 | ip=192.168.5.171 | op=SEND_HEARTBEAT {datanodeUUID=a6d4b8c4-ec33-44f1-a274-75705838ed4b, command=[]} | ret=SUCCESS |  
2019-08-29 12:01:26,498 | INFO  | SCMAudit | user=jenkins1000 | ip=192.168.5.171 | op=SEND_HEARTBEAT {datanodeUUID=a6d4b8c4-ec33-44f1-a274-75705838ed4b, command=[]} | ret=SUCCESS |  
2019-08-29 12:01:26,699 | INFO  | SCMAudit | user=jenkins1000 | ip=192.168.5.171 | op=SEND_HEARTBEAT {datanodeUUID=a6d4b8c4-ec33-44f1-a274-75705838ed4b, command=[]} | ret=SUCCESS |  
2019-08-29 12:01:26,898 | INFO  | SCMAudit | user=jenkins1000 | ip=192.168.5.171 | op=SEND_HEARTBEAT {datanodeUUID=a6d4b8c4-ec33-44f1-a274-75705838ed4b, command=[]} | ret=SUCCESS |  
2019-08-29 12:01:27,098 | INFO  | SCMAudit | user=jenkins1000 | ip=192.168.5.171 | op=SEND_HEARTBEAT {datanodeUUID=a6d4b8c4-ec33-44f1-a274-75705838ed4b, command=[]} | ret=SUCCESS |  
2019-08-29 12:01:27,298 | INFO  | SCMAudit | user=jenkins1000 | ip=192.168.5.171 | op=SEND_HEARTBEAT {datanodeUUID=a6d4b8c4-ec33-44f1-a274-75705838ed4b, command=[]} | ret=SUCCESS |  
2019-08-29 12:01:27,499 | INFO  | SCMAudit | user=jenkins1000 | ip=192.168.5.171 | op=SEND_HEARTBEAT {datanodeUUID=a6d4b8c4-ec33-44f1-a274-75705838ed4b, command=[]} | ret=SUCCESS |  
2019-08-29 12:01:27,698 | INFO  | SCMAudit | user=jenkins1000 | ip=192.168.5.171 | op=SEND_HEARTBEAT {datanodeUUID=a6d4b8c4-ec33-44f1-a274-75705838ed4b, command=[]} | ret=SUCCESS |  
2019-08-29 12:01:27,898 | INFO  | SCMAudit | user=jenkins1000 | ip=192.168.5.171 | op=SEND_HEARTBEAT {datanodeUUID=a6d4b8c4-ec33-44f1-a274-75705838ed4b, command=[]} | ret=SUCCESS |  
2019-08-29 12:01:28,098 | INFO  | SCMAudit | user=jenkins1000 | ip=192.168.5.171 | op=SEND_HEARTBEAT {datanodeUUID=a6d4b8c4-ec33-44f1-a274-75705838ed4b, command=[]} | ret=SUCCESS |  
2019-08-29 12:01:28,298 | INFO  | SCMAudit | user=jenkins1000 | ip=192.168.5.171 | op=SEND_HEARTBEAT {datanodeUUID=a6d4b8c4-ec33-44f1-a274-75705838ed4b, command=[]} | ret=SUCCESS |  
2019-08-29 12:01:28,499 | INFO  | SCMAudit | user=jenkins1000 | ip=192.168.5.171 | op=SEND_HEARTBEAT {datanodeUUID=a6d4b8c4-ec33-44f1-a274-75705838ed4b, command=[]} | ret=SUCCESS |  
2019-08-29 12:01:28,698 | INFO  | SCMAudit | user=jenkins1000 | ip=192.168.5.171 | op=SEND_HEARTBEAT {datanodeUUID=a6d4b8c4-ec33-44f1-a274-75705838ed4b, command=[]} | ret=SUCCESS |  
2019-08-29 12:01:28,899 | INFO  | SCMAudit | user=jenkins1000 | ip=192.168.5.171 | op=SEND_HEARTBEAT {datanodeUUID=a6d4b8c4-ec33-44f1-a274-75705838ed4b, command=[]} | ret=SUCCESS |  
2019-08-29 12:01:29,098 | INFO  | SCMAudit | user=jenkins1000 | ip=192.168.5.171 | op=SEND_HEARTBEAT {datanodeUUID=a6d4b8c4-ec33-44f1-a274-75705838ed4b, command=[]} | ret=SUCCESS |  
2019-08-29 12:01:29,299 | INFO  | SCMAudit | user=jenkins1000 | ip=192.168.5.171 | op=SEND_HEARTBEAT {datanodeUUID=a6d4b8c4-ec33-44f1-a274-75705838ed4b, command=[]} | ret=SUCCESS |  
2019-08-29 12:01:29,499 | INFO  | SCMAudit | user=jenkins1000 | ip=192.168.5.171 | op=SEND_HEARTBEAT {datanodeUUID=a6d4b8c4-ec33-44f1-a274-75705838ed4b, command=[]} | ret=SUCCESS |  
2019-08-29 12:01:29,700 | INFO  | SCMAudit | user=jenkins1000 | ip=192.168.5.171 | op=SEND_HEARTBEAT {datanodeUUID=a6d4b8c4-ec33-44f1-a274-75705838ed4b, command=[]} | ret=SUCCESS |  
2019-08-29 12:01:29,899 | INFO  | SCMAudit | user=jenkins1000 | ip=192.168.5.171 | op=SEND_HEARTBEAT {datanodeUUID=a6d4b8c4-ec33-44f1-a274-75705838ed4b, command=[]} | ret=SUCCESS |  
2019-08-29 12:01:30,099 | INFO  | SCMAudit | user=jenkins1000 | ip=192.168.5.171 | op=SEND_HEARTBEAT {datanodeUUID=a6d4b8c4-ec33-44f1-a274-75705838ed4b, command=[]} | ret=SUCCESS |  
2019-08-29 12:01:30,299 | INFO  | SCMAudit | user=jenkins1000 | ip=192.168.5.171 | op=SEND_HEARTBEAT {datanodeUUID=a6d4b8c4-ec33-44f1-a274-75705838ed4b, command=[]} | ret=SUCCESS |  
2019-08-29 12:01:30,499 | INFO  | SCMAudit | user=jenkins1000 | ip=192.168.5.171 | op=SEND_HEARTBEAT {datanodeUUID=a6d4b8c4-ec33-44f1-a274-75705838ed4b, command=[]} | ret=SUCCESS |  
2019-08-29 12:01:30,700 | INFO  | SCMAudit | user=jenkins1000 | ip=192.168.5.171 | op=SEND_HEARTBEAT {datanodeUUID=a6d4b8c4-ec33-44f1-a274-75705838ed4b, command=[]} | ret=SUCCESS |  
2019-08-29 12:01:30,900 | INFO  | SCMAudit | user=jenkins1000 | ip=192.168.5.171 | op=SEND_HEARTBEAT {datanodeUUID=a6d4b8c4-ec33-44f1-a274-75705838ed4b, command=[]} | ret=SUCCESS |  
2019-08-29 12:01:31,100 | INFO  | SCMAudit | user=jenkins1000 | ip=192.168.5.171 | op=SEND_HEARTBEAT {datanodeUUID=a6d4b8c4-ec33-44f1-a274-75705838ed4b, command=[]} | ret=SUCCESS |  
2019-08-29 12:01:31,300 | INFO  | SCMAudit | user=jenkins1000 | ip=192.168.5.171 | op=SEND_HEARTBEAT {datanodeUUID=a6d4b8c4-ec33-44f1-a274-75705838ed4b, command=[]} | ret=SUCCESS |  
2019-08-29 12:01:31,500 | INFO  | SCMAudit | user=jenkins1000 | ip=192.168.5.171 | op=SEND_HEARTBEAT {datanodeUUID=a6d4b8c4-ec33-44f1-a274-75705838ed4b, command=[]} | ret=SUCCESS |  
2019-08-29 12:01:31,700 | INFO  | SCMAudit | user=jenkins1000 | ip=192.168.5.171 | op=SEND_HEARTBEAT {datanodeUUID=a6d4b8c4-ec33-44f1-a274-75705838ed4b, command=[]} | ret=SUCCESS |  
2019-08-29 12:01:31,900 | INFO  | SCMAudit | user=jenkins1000 | ip=192.168.5.171 | op=SEND_HEARTBEAT {datanodeUUID=a6d4b8c4-ec33-44f1-a274-75705838ed4b, command=[]} | ret=SUCCESS |  
2019-08-29 12:01:32,100 | INFO  | SCMAudit | user=jenkins1000 | ip=192.168.5.171 | op=SEND_HEARTBEAT {datanodeUUID=a6d4b8c4-ec33-44f1-a274-75705838ed4b, command=[]} | ret=SUCCESS |  
2019-08-29 12:01:32,300 | INFO  | SCMAudit | user=jenkins1000 | ip=192.168.5.171 | op=SEND_HEARTBEAT {datanodeUUID=a6d4b8c4-ec33-44f1-a274-75705838ed4b, command=[]} | ret=SUCCESS |  
2019-08-29 12:01:32,501 | INFO  | SCMAudit | user=jenkins1000 | ip=192.168.5.171 | op=SEND_HEARTBEAT {datanodeUUID=a6d4b8c4-ec33-44f1-a274-75705838ed4b, command=[]} | ret=SUCCESS |  
2019-08-29 12:01:32,700 | INFO  | SCMAudit | user=jenkins1000 | ip=192.168.5.171 | op=SEND_HEARTBEAT {datanodeUUID=a6d4b8c4-ec33-44f1-a274-75705838ed4b, command=[]} | ret=SUCCESS |  
2019-08-29 12:01:32,901 | INFO  | SCMAudit | user=jenkins1000 | ip=192.168.5.171 | op=SEND_HEARTBEAT {datanodeUUID=a6d4b8c4-ec33-44f1-a274-75705838ed4b, command=[]} | ret=SUCCESS |  
2019-08-29 12:01:33,101 | INFO  | SCMAudit | user=jenkins1000 | ip=192.168.5.171 | op=SEND_HEARTBEAT {datanodeUUID=a6d4b8c4-ec33-44f1-a274-75705838ed4b, command=[]} | ret=SUCCESS |  
2019-08-29 12:01:33,302 | INFO  | SCMAudit | user=jenkins1000 | ip=192.168.5.171 | op=SEND_HEARTBEAT {datanodeUUID=a6d4b8c4-ec33-44f1-a274-75705838ed4b, command=[]} | ret=SUCCESS |  
2019-08-29 12:01:33,502 | INFO  | SCMAudit | user=jenkins1000 | ip=192.168.5.171 | op=SEND_HEARTBEAT {datanodeUUID=a6d4b8c4-ec33-44f1-a274-75705838ed4b, command=[]} | ret=SUCCESS |  
2019-08-29 12:01:33,703 | INFO  | SCMAudit | user=jenkins1000 | ip=192.168.5.171 | op=SEND_HEARTBEAT {datanodeUUID=a6d4b8c4-ec33-44f1-a274-75705838ed4b, command=[]} | ret=SUCCESS |  
2019-08-29 12:01:33,904 | INFO  | SCMAudit | user=jenkins1000 | ip=192.168.5.171 | op=SEND_HEARTBEAT {datanodeUUID=a6d4b8c4-ec33-44f1-a274-75705838ed4b, command=[]} | ret=SUCCESS |  
2019-08-29 12:01:34,103 | INFO  | SCMAudit | user=jenkins1000 | ip=192.168.5.171 | op=SEND_HEARTBEAT {datanodeUUID=a6d4b8c4-ec33-44f1-a274-75705838ed4b, command=[]} | ret=SUCCESS |  
2019-08-29 12:01:34,303 | INFO  | SCMAudit | user=jenkins1000 | ip=192.168.5.171 | op=SEND_HEARTBEAT {datanodeUUID=a6d4b8c4-ec33-44f1-a274-75705838ed4b, command=[]} | ret=SUCCESS |  
2019-08-29 12:01:34,504 | INFO  | SCMAudit | user=jenkins1000 | ip=192.168.5.171 | op=SEND_HEARTBEAT {datanodeUUID=a6d4b8c4-ec33-44f1-a274-75705838ed4b, command=[]} | ret=SUCCESS |  
2019-08-29 12:01:34,705 | INFO  | SCMAudit | user=jenkins1000 | ip=192.168.5.171 | op=SEND_HEARTBEAT {datanodeUUID=a6d4b8c4-ec33-44f1-a274-75705838ed4b, command=[]} | ret=SUCCESS |  
2019-08-29 12:01:34,904 | INFO  | SCMAudit | user=jenkins1000 | ip=192.168.5.171 | op=SEND_HEARTBEAT {datanodeUUID=a6d4b8c4-ec33-44f1-a274-75705838ed4b, command=[]} | ret=SUCCESS |  
2019-08-29 12:01:35,104 | INFO  | SCMAudit | user=jenkins1000 | ip=192.168.5.171 | op=SEND_HEARTBEAT {datanodeUUID=a6d4b8c4-ec33-44f1-a274-75705838ed4b, command=[]} | ret=SUCCESS |  
2019-08-29 12:01:35,304 | INFO  | SCMAudit | user=jenkins1000 | ip=192.168.5.171 | op=SEND_HEARTBEAT {datanodeUUID=a6d4b8c4-ec33-44f1-a274-75705838ed4b, command=[]} | ret=SUCCESS |  
2019-08-29 12:01:35,503 | INFO  | SCMAudit | user=jenkins1000 | ip=192.168.5.171 | op=SEND_HEARTBEAT {datanodeUUID=a6d4b8c4-ec33-44f1-a274-75705838ed4b, command=[]} | ret=SUCCESS |  
2019-08-29 12:01:35,703 | INFO  | SCMAudit | user=jenkins1000 | ip=192.168.5.171 | op=SEND_HEARTBEAT {datanodeUUID=a6d4b8c4-ec33-44f1-a274-75705838ed4b, command=[]} | ret=SUCCESS |  
2019-08-29 12:01:35,903 | INFO  | SCMAudit | user=jenkins1000 | ip=192.168.5.171 | op=SEND_HEARTBEAT {datanodeUUID=a6d4b8c4-ec33-44f1-a274-75705838ed4b, command=[]} | ret=SUCCESS |  
2019-08-29 12:01:36,104 | INFO  | SCMAudit | user=jenkins1000 | ip=192.168.5.171 | op=SEND_HEARTBEAT {datanodeUUID=a6d4b8c4-ec33-44f1-a274-75705838ed4b, command=[]} | ret=SUCCESS |  
2019-08-29 12:01:36,303 | INFO  | SCMAudit | user=jenkins1000 | ip=192.168.5.171 | op=SEND_HEARTBEAT {datanodeUUID=a6d4b8c4-ec33-44f1-a274-75705838ed4b, command=[]} | ret=SUCCESS |  
2019-08-29 12:01:36,503 | INFO  | SCMAudit | user=jenkins1000 | ip=192.168.5.171 | op=SEND_HEARTBEAT {datanodeUUID=a6d4b8c4-ec33-44f1-a274-75705838ed4b, command=[]} | ret=SUCCESS |  
2019-08-29 12:01:36,703 | INFO  | SCMAudit | user=jenkins1000 | ip=192.168.5.171 | op=SEND_HEARTBEAT {datanodeUUID=a6d4b8c4-ec33-44f1-a274-75705838ed4b, command=[]} | ret=SUCCESS |  
2019-08-29 12:01:36,903 | INFO  | SCMAudit | user=jenkins1000 | ip=192.168.5.171 | op=SEND_HEARTBEAT {datanodeUUID=a6d4b8c4-ec33-44f1-a274-75705838ed4b, command=[]} | ret=SUCCESS |  
2019-08-29 12:01:37,104 | INFO  | SCMAudit | user=jenkins1000 | ip=192.168.5.171 | op=SEND_HEARTBEAT {datanodeUUID=a6d4b8c4-ec33-44f1-a274-75705838ed4b, command=[]} | ret=SUCCESS |  
2019-08-29 12:01:37,305 | INFO  | SCMAudit | user=jenkins1000 | ip=192.168.5.171 | op=SEND_HEARTBEAT {datanodeUUID=a6d4b8c4-ec33-44f1-a274-75705838ed4b, command=[]} | ret=SUCCESS |  
2019-08-29 12:01:37,504 | INFO  | SCMAudit | user=jenkins1000 | ip=192.168.5.171 | op=SEND_HEARTBEAT {datanodeUUID=a6d4b8c4-ec33-44f1-a274-75705838ed4b, command=[]} | ret=SUCCESS |  
2019-08-29 12:01:37,704 | INFO  | SCMAudit | user=jenkins1000 | ip=192.168.5.171 | op=SEND_HEARTBEAT {datanodeUUID=a6d4b8c4-ec33-44f1-a274-75705838ed4b, command=[]} | ret=SUCCESS |  
2019-08-29 12:01:37,904 | INFO  | SCMAudit | user=jenkins1000 | ip=192.168.5.171 | op=SEND_HEARTBEAT {datanodeUUID=a6d4b8c4-ec33-44f1-a274-75705838ed4b, command=[]} | ret=SUCCESS |  
2019-08-29 12:01:38,105 | INFO  | SCMAudit | user=jenkins1000 | ip=192.168.5.171 | op=SEND_HEARTBEAT {datanodeUUID=a6d4b8c4-ec33-44f1-a274-75705838ed4b, command=[]} | ret=SUCCESS |  
2019-08-29 12:01:38,305 | INFO  | SCMAudit | user=jenkins1000 | ip=192.168.5.171 | op=SEND_HEARTBEAT {datanodeUUID=a6d4b8c4-ec33-44f1-a274-75705838ed4b, command=[]} | ret=SUCCESS |  
2019-08-29 12:01:38,505 | INFO  | SCMAudit | user=jenkins1000 | ip=192.168.5.171 | op=SEND_HEARTBEAT {datanodeUUID=a6d4b8c4-ec33-44f1-a274-75705838ed4b, command=[]} | ret=SUCCESS |  
2019-08-29 12:01:38,705 | INFO  | SCMAudit | user=jenkins1000 | ip=192.168.5.171 | op=SEND_HEARTBEAT {datanodeUUID=a6d4b8c4-ec33-44f1-a274-75705838ed4b, command=[]} | ret=SUCCESS |  
2019-08-29 12:01:38,905 | INFO  | SCMAudit | user=jenkins1000 | ip=192.168.5.171 | op=SEND_HEARTBEAT {datanodeUUID=a6d4b8c4-ec33-44f1-a274-75705838ed4b, command=[]} | ret=SUCCESS |  
2019-08-29 12:01:39,106 | INFO  | SCMAudit | user=jenkins1000 | ip=192.168.5.171 | op=SEND_HEARTBEAT {datanodeUUID=a6d4b8c4-ec33-44f1-a274-75705838ed4b, command=[]} | ret=SUCCESS |  
2019-08-29 12:01:39,305 | INFO  | SCMAudit | user=jenkins1000 | ip=192.168.5.171 | op=SEND_HEARTBEAT {datanodeUUID=a6d4b8c4-ec33-44f1-a274-75705838ed4b, command=[]} | ret=SUCCESS |  
2019-08-29 12:01:39,506 | INFO  | SCMAudit | user=jenkins1000 | ip=192.168.5.171 | op=SEND_HEARTBEAT {datanodeUUID=a6d4b8c4-ec33-44f1-a274-75705838ed4b, command=[]} | ret=SUCCESS |  
2019-08-29 12:01:39,706 | INFO  | SCMAudit | user=jenkins1000 | ip=192.168.5.171 | op=SEND_HEARTBEAT {datanodeUUID=a6d4b8c4-ec33-44f1-a274-75705838ed4b, command=[]} | ret=SUCCESS |  
2019-08-29 12:01:39,906 | INFO  | SCMAudit | user=jenkins1000 | ip=192.168.5.171 | op=SEND_HEARTBEAT {datanodeUUID=a6d4b8c4-ec33-44f1-a274-75705838ed4b, command=[]} | ret=SUCCESS |  
2019-08-29 12:01:40,106 | INFO  | SCMAudit | user=jenkins1000 | ip=192.168.5.171 | op=SEND_HEARTBEAT {datanodeUUID=a6d4b8c4-ec33-44f1-a274-75705838ed4b, command=[]} | ret=SUCCESS |  
2019-08-29 12:01:40,307 | INFO  | SCMAudit | user=jenkins1000 | ip=192.168.5.171 | op=SEND_HEARTBEAT {datanodeUUID=a6d4b8c4-ec33-44f1-a274-75705838ed4b, command=[]} | ret=SUCCESS |  
2019-08-29 12:01:40,506 | INFO  | SCMAudit | user=jenkins1000 | ip=192.168.5.171 | op=SEND_HEARTBEAT {datanodeUUID=a6d4b8c4-ec33-44f1-a274-75705838ed4b, command=[]} | ret=SUCCESS |  
2019-08-29 12:01:40,706 | INFO  | SCMAudit | user=jenkins1000 | ip=192.168.5.171 | op=SEND_HEARTBEAT {datanodeUUID=a6d4b8c4-ec33-44f1-a274-75705838ed4b, command=[]} | ret=SUCCESS |  
2019-08-29 12:01:40,906 | INFO  | SCMAudit | user=jenkins1000 | ip=192.168.5.171 | op=SEND_HEARTBEAT {datanodeUUID=a6d4b8c4-ec33-44f1-a274-75705838ed4b, command=[]} | ret=SUCCESS |  
2019-08-29 12:01:41,106 | INFO  | SCMAudit | user=jenkins1000 | ip=192.168.5.171 | op=SEND_HEARTBEAT {datanodeUUID=a6d4b8c4-ec33-44f1-a274-75705838ed4b, command=[]} | ret=SUCCESS |  
2019-08-29 12:01:41,306 | INFO  | SCMAudit | user=jenkins1000 | ip=192.168.5.171 | op=SEND_HEARTBEAT {datanodeUUID=a6d4b8c4-ec33-44f1-a274-75705838ed4b, command=[]} | ret=SUCCESS |  
2019-08-29 12:01:41,506 | INFO  | SCMAudit | user=jenkins1000 | ip=192.168.5.171 | op=SEND_HEARTBEAT {datanodeUUID=a6d4b8c4-ec33-44f1-a274-75705838ed4b, command=[]} | ret=SUCCESS |  
2019-08-29 12:01:41,707 | INFO  | SCMAudit | user=jenkins1000 | ip=192.168.5.171 | op=SEND_HEARTBEAT {datanodeUUID=a6d4b8c4-ec33-44f1-a274-75705838ed4b, command=[]} | ret=SUCCESS |  
2019-08-29 12:01:41,908 | INFO  | SCMAudit | user=jenkins1000 | ip=192.168.5.171 | op=SEND_HEARTBEAT {datanodeUUID=a6d4b8c4-ec33-44f1-a274-75705838ed4b, command=[]} | ret=SUCCESS |  
2019-08-29 12:01:42,109 | INFO  | SCMAudit | user=jenkins1000 | ip=192.168.5.171 | op=SEND_HEARTBEAT {datanodeUUID=a6d4b8c4-ec33-44f1-a274-75705838ed4b, command=[]} | ret=SUCCESS |  
2019-08-29 12:01:42,308 | INFO  | SCMAudit | user=jenkins1000 | ip=192.168.5.171 | op=SEND_HEARTBEAT {datanodeUUID=a6d4b8c4-ec33-44f1-a274-75705838ed4b, command=[]} | ret=SUCCESS |  
2019-08-29 12:01:42,508 | INFO  | SCMAudit | user=jenkins1000 | ip=192.168.5.171 | op=SEND_HEARTBEAT {datanodeUUID=a6d4b8c4-ec33-44f1-a274-75705838ed4b, command=[]} | ret=SUCCESS |  
2019-08-29 12:01:42,709 | INFO  | SCMAudit | user=jenkins1000 | ip=192.168.5.171 | op=SEND_HEARTBEAT {datanodeUUID=a6d4b8c4-ec33-44f1-a274-75705838ed4b, command=[]} | ret=SUCCESS |  
2019-08-29 12:01:42,908 | INFO  | SCMAudit | user=jenkins1000 | ip=192.168.5.171 | op=SEND_HEARTBEAT {datanodeUUID=a6d4b8c4-ec33-44f1-a274-75705838ed4b, command=[]} | ret=SUCCESS |  
2019-08-29 12:01:43,108 | INFO  | SCMAudit | user=jenkins1000 | ip=192.168.5.171 | op=SEND_HEARTBEAT {datanodeUUID=a6d4b8c4-ec33-44f1-a274-75705838ed4b, command=[]} | ret=SUCCESS |  
2019-08-29 12:01:43,308 | INFO  | SCMAudit | user=jenkins1000 | ip=192.168.5.171 | op=SEND_HEARTBEAT {datanodeUUID=a6d4b8c4-ec33-44f1-a274-75705838ed4b, command=[]} | ret=SUCCESS |  
2019-08-29 12:01:43,508 | INFO  | SCMAudit | user=jenkins1000 | ip=192.168.5.171 | op=SEND_HEARTBEAT {datanodeUUID=a6d4b8c4-ec33-44f1-a274-75705838ed4b, command=[]} | ret=SUCCESS |  
2019-08-29 12:01:43,708 | INFO  | SCMAudit | user=jenkins1000 | ip=192.168.5.171 | op=SEND_HEARTBEAT {datanodeUUID=a6d4b8c4-ec33-44f1-a274-75705838ed4b, command=[]} | ret=SUCCESS |  
2019-08-29 12:01:43,908 | INFO  | SCMAudit | user=jenkins1000 | ip=192.168.5.171 | op=SEND_HEARTBEAT {datanodeUUID=a6d4b8c4-ec33-44f1-a274-75705838ed4b, command=[]} | ret=SUCCESS |  
2019-08-29 12:01:44,109 | INFO  | SCMAudit | user=jenkins1000 | ip=192.168.5.171 | op=SEND_HEARTBEAT {datanodeUUID=a6d4b8c4-ec33-44f1-a274-75705838ed4b, command=[]} | ret=SUCCESS |  
2019-08-29 12:01:44,308 | INFO  | SCMAudit | user=jenkins1000 | ip=192.168.5.171 | op=SEND_HEARTBEAT {datanodeUUID=a6d4b8c4-ec33-44f1-a274-75705838ed4b, command=[]} | ret=SUCCESS |  
2019-08-29 12:01:44,509 | INFO  | SCMAudit | user=jenkins1000 | ip=192.168.5.171 | op=SEND_HEARTBEAT {datanodeUUID=a6d4b8c4-ec33-44f1-a274-75705838ed4b, command=[]} | ret=SUCCESS |  
2019-08-29 12:01:44,710 | INFO  | SCMAudit | user=jenkins1000 | ip=192.168.5.171 | op=SEND_HEARTBEAT {datanodeUUID=a6d4b8c4-ec33-44f1-a274-75705838ed4b, command=[]} | ret=SUCCESS |  
2019-08-29 12:01:44,910 | INFO  | SCMAudit | user=jenkins1000 | ip=192.168.5.171 | op=SEND_HEARTBEAT {datanodeUUID=a6d4b8c4-ec33-44f1-a274-75705838ed4b, command=[]} | ret=SUCCESS |  
2019-08-29 12:01:45,110 | INFO  | SCMAudit | user=jenkins1000 | ip=192.168.5.171 | op=SEND_HEARTBEAT {datanodeUUID=a6d4b8c4-ec33-44f1-a274-75705838ed4b, command=[]} | ret=SUCCESS |  
2019-08-29 12:01:45,311 | INFO  | SCMAudit | user=jenkins1000 | ip=192.168.5.171 | op=SEND_HEARTBEAT {datanodeUUID=a6d4b8c4-ec33-44f1-a274-75705838ed4b, command=[]} | ret=SUCCESS |  
2019-08-29 12:01:45,511 | INFO  | SCMAudit | user=jenkins1000 | ip=192.168.5.171 | op=SEND_HEARTBEAT {datanodeUUID=a6d4b8c4-ec33-44f1-a274-75705838ed4b, command=[]} | ret=SUCCESS |  
2019-08-29 12:01:45,711 | INFO  | SCMAudit | user=jenkins1000 | ip=192.168.5.171 | op=SEND_HEARTBEAT {datanodeUUID=a6d4b8c4-ec33-44f1-a274-75705838ed4b, command=[]} | ret=SUCCESS |  
2019-08-29 12:01:45,911 | INFO  | SCMAudit | user=jenkins1000 | ip=192.168.5.171 | op=SEND_HEARTBEAT {datanodeUUID=a6d4b8c4-ec33-44f1-a274-75705838ed4b, command=[]} | ret=SUCCESS |  
2019-08-29 12:01:46,111 | INFO  | SCMAudit | user=jenkins1000 | ip=192.168.5.171 | op=SEND_HEARTBEAT {datanodeUUID=a6d4b8c4-ec33-44f1-a274-75705838ed4b, command=[]} | ret=SUCCESS |  
2019-08-29 12:01:46,312 | INFO  | SCMAudit | user=jenkins1000 | ip=192.168.5.171 | op=SEND_HEARTBEAT {datanodeUUID=a6d4b8c4-ec33-44f1-a274-75705838ed4b, command=[]} | ret=SUCCESS |  
2019-08-29 12:01:46,513 | INFO  | SCMAudit | user=jenkins1000 | ip=192.168.5.171 | op=SEND_HEARTBEAT {datanodeUUID=a6d4b8c4-ec33-44f1-a274-75705838ed4b, command=[]} | ret=SUCCESS |  
2019-08-29 12:01:46,713 | INFO  | SCMAudit | user=jenkins1000 | ip=192.168.5.171 | op=SEND_HEARTBEAT {datanodeUUID=a6d4b8c4-ec33-44f1-a274-75705838ed4b, command=[]} | ret=SUCCESS |  
2019-08-29 12:01:46,913 | INFO  | SCMAudit | user=jenkins1000 | ip=192.168.5.171 | op=SEND_HEARTBEAT {datanodeUUID=a6d4b8c4-ec33-44f1-a274-75705838ed4b, command=[]} | ret=SUCCESS |  
2019-08-29 12:01:47,113 | INFO  | SCMAudit | user=jenkins1000 | ip=192.168.5.171 | op=SEND_HEARTBEAT {datanodeUUID=a6d4b8c4-ec33-44f1-a274-75705838ed4b, command=[]} | ret=SUCCESS |  
2019-08-29 12:01:47,313 | INFO  | SCMAudit | user=jenkins1000 | ip=192.168.5.171 | op=SEND_HEARTBEAT {datanodeUUID=a6d4b8c4-ec33-44f1-a274-75705838ed4b, command=[]} | ret=SUCCESS |  
2019-08-29 12:01:47,513 | INFO  | SCMAudit | user=jenkins1000 | ip=192.168.5.171 | op=SEND_HEARTBEAT {datanodeUUID=a6d4b8c4-ec33-44f1-a274-75705838ed4b, command=[]} | ret=SUCCESS |  
2019-08-29 12:01:47,614 [grpc-default-executor-0] INFO  impl.RaftServerProxy (RaftServerProxy.java:remove(95)) - a6d4b8c4-ec33-44f1-a274-75705838ed4b: remove   LEADER group-A3D538E767F3 a6d4b8c4-ec33-44f1-a274-75705838ed4b:t1, leader=a6d4b8c4-ec33-44f1-a274-75705838ed4b, voted=a6d4b8c4-ec33-44f1-a274-75705838ed4b, raftlog=a6d4b8c4-ec33-44f1-a274-75705838ed4b-SegmentedRaftLog:OPENED:c4,f4,i7, conf=0: [a6d4b8c4-ec33-44f1-a274-75705838ed4b:192.168.5.171:33649], old=null RUNNING
2019-08-29 12:01:47,617 [grpc-default-executor-0] INFO  impl.RaftServerImpl (RaftServerImpl.java:lambda$shutdown$3(245)) - a6d4b8c4-ec33-44f1-a274-75705838ed4b: shutdown group-A3D538E767F3
2019-08-29 12:01:47,618 [grpc-default-executor-0] INFO  util.JmxRegister (JmxRegister.java:unregister(73)) - Successfully un-registered JMX Bean with object name Ratis:service=RaftServer,group=group-A3D538E767F3,id=a6d4b8c4-ec33-44f1-a274-75705838ed4b
2019-08-29 12:01:47,619 [grpc-default-executor-0] INFO  impl.RoleInfo (RoleInfo.java:shutdownLeaderState(104)) - a6d4b8c4-ec33-44f1-a274-75705838ed4b: shutdown LeaderState
2019-08-29 12:01:47,619 [grpc-default-executor-0] INFO  impl.PendingRequests (PendingRequests.java:sendNotLeaderResponses(202)) - a6d4b8c4-ec33-44f1-a274-75705838ed4b-PendingRequests: sendNotLeaderResponses
2019-08-29 12:01:47,622 [Command processor thread] ERROR commandhandler.CloseContainerCommandHandler (CloseContainerCommandHandler.java:handle(124)) - Can't close container #1
org.apache.hadoop.hdds.scm.container.common.helpers.StorageContainerException: Cannot quasi close container #1 while in UNHEALTHY state.
	at org.apache.hadoop.ozone.container.keyvalue.KeyValueHandler.quasiCloseContainer(KeyValueHandler.java:906)
	at org.apache.hadoop.ozone.container.ozoneimpl.ContainerController.quasiCloseContainer(ContainerController.java:107)
	at org.apache.hadoop.ozone.container.common.statemachine.commandhandler.CloseContainerCommandHandler.handle(CloseContainerCommandHandler.java:116)
	at org.apache.hadoop.ozone.container.common.statemachine.commandhandler.CommandDispatcher.handle(CommandDispatcher.java:99)
	at org.apache.hadoop.ozone.container.common.statemachine.DatanodeStateMachine.lambda$initCommandHandlerThread$1(DatanodeStateMachine.java:432)
	at java.lang.Thread.run(Thread.java:748)
2019-08-29 12:01:47,629 [grpc-default-executor-0] INFO  impl.StateMachineUpdater (StateMachineUpdater.java:stopAndJoin(115)) - StateMachineUpdater:a6d4b8c4-ec33-44f1-a274-75705838ed4b:group-A3D538E767F3: set stopIndex = 4
2019-08-29 12:01:47,630 [StateMachineUpdater:a6d4b8c4-ec33-44f1-a274-75705838ed4b:group-A3D538E767F3] INFO  ratis.ContainerStateMachine (ContainerStateMachine.java:takeSnapshot(284)) - group-A3D538E767F3: Taking a snapshot at:(t:1, i:4) file /workdir/hadoop-ozone/integration-test/target/test-dir/MiniOzoneClusterImpl-e14d95b3-32bd-4caf-9763-f8f6a19d1a7e/datanode-0/data/ratis/ba4ce21a-e350-4d0e-9074-a3d538e767f3/sm/snapshot.1_4
2019-08-29 12:01:47,713 | INFO  | SCMAudit | user=jenkins1000 | ip=192.168.5.171 | op=SEND_HEARTBEAT {datanodeUUID=a6d4b8c4-ec33-44f1-a274-75705838ed4b, command=[]} | ret=SUCCESS |  
2019-08-29 12:01:47,803 [main] WARN  io.KeyOutputStream (KeyOutputStream.java:handleException(276)) - Encountered exception java.io.IOException: Unexpected Storage Container Exception: java.util.concurrent.CompletionException: java.util.concurrent.CompletionException: org.apache.ratis.protocol.GroupMismatchException: a6d4b8c4-ec33-44f1-a274-75705838ed4b: group-A3D538E767F3 not found. on the pipeline Pipeline[ Id: ba4ce21a-e350-4d0e-9074-a3d538e767f3, Nodes: a6d4b8c4-ec33-44f1-a274-75705838ed4b{ip: 192.168.5.171, host: pr-hdds-2058-gt6pm-2007824988, networkLocation: /default-rack, certSerialId: null}, Type:RATIS, Factor:ONE, State:OPEN]. The last committed block length is 5, uncommitted data length is 5 retry count 0
2019-08-29 12:01:47,847 [grpc-default-executor-2] INFO  impl.RaftServerProxy (RaftServerProxy.java:addNew(89)) - a6d4b8c4-ec33-44f1-a274-75705838ed4b: addNew group-C669F97383ED:[a6d4b8c4-ec33-44f1-a274-75705838ed4b:192.168.5.171:33649] returns group-C669F97383ED:java.util.concurrent.CompletableFuture@29574c49[Not completed]
2019-08-29 12:01:47,850 [pool-27-thread-1] INFO  impl.RaftServerImpl (RaftServerImpl.java:<init>(93)) - a6d4b8c4-ec33-44f1-a274-75705838ed4b: new RaftServerImpl for group-C669F97383ED:[a6d4b8c4-ec33-44f1-a274-75705838ed4b:192.168.5.171:33649] with ContainerStateMachine:uninitialized
2019-08-29 12:01:47,851 [pool-27-thread-1] INFO  server.RaftServerConfigKeys (ConfUtils.java:logGet(43)) - raft.server.rpc.timeout.min = 5s (custom)
2019-08-29 12:01:47,851 [pool-27-thread-1] INFO  server.RaftServerConfigKeys (ConfUtils.java:logGet(43)) - raft.server.rpc.timeout.max = 5200ms (custom)
2019-08-29 12:01:47,851 [pool-27-thread-1] INFO  server.RaftServerConfigKeys (ConfUtils.java:logGet(43)) - raft.server.rpcslowness.timeout = 120s (custom)
2019-08-29 12:01:47,851 [pool-27-thread-1] INFO  server.RaftServerConfigKeys (ConfUtils.java:logGet(43)) - raft.server.sleep.deviation.threshold = 300 (default)
2019-08-29 12:01:47,852 [pool-27-thread-1] INFO  server.RaftServerConfigKeys (ConfUtils.java:logGet(43)) - raft.server.log.appender.install.snapshot.enabled = false (custom)
2019-08-29 12:01:47,852 [pool-27-thread-1] INFO  impl.RaftServerImpl (ServerState.java:<init>(105)) - a6d4b8c4-ec33-44f1-a274-75705838ed4b:group-C669F97383ED ConfigurationManager, init=-1: [a6d4b8c4-ec33-44f1-a274-75705838ed4b:192.168.5.171:33649], old=null, confs=<EMPTY_MAP>
2019-08-29 12:01:47,852 [pool-27-thread-1] INFO  server.RaftServerConfigKeys (ConfUtils.java:logGet(43)) - raft.server.storage.dir = [/workdir/hadoop-ozone/integration-test/target/test-dir/MiniOzoneClusterImpl-e14d95b3-32bd-4caf-9763-f8f6a19d1a7e/datanode-0/data/ratis] (custom)
2019-08-29 12:01:47,853 [pool-27-thread-1] INFO  storage.RaftStorageDirectory (RaftStorageDirectory.java:analyzeStorage(246)) - The storage directory /workdir/hadoop-ozone/integration-test/target/test-dir/MiniOzoneClusterImpl-e14d95b3-32bd-4caf-9763-f8f6a19d1a7e/datanode-0/data/ratis/caf0d203-db1f-4f69-8e60-c669f97383ed does not exist. Creating ...
2019-08-29 12:01:47,913 | INFO  | SCMAudit | user=jenkins1000 | ip=192.168.5.171 | op=SEND_HEARTBEAT {datanodeUUID=a6d4b8c4-ec33-44f1-a274-75705838ed4b, command=[]} | ret=SUCCESS |  
2019-08-29 12:01:48,113 | INFO  | SCMAudit | user=jenkins1000 | ip=192.168.5.171 | op=SEND_HEARTBEAT {datanodeUUID=a6d4b8c4-ec33-44f1-a274-75705838ed4b, command=[]} | ret=SUCCESS |  
2019-08-29 12:01:48,313 | INFO  | SCMAudit | user=jenkins1000 | ip=192.168.5.171 | op=SEND_HEARTBEAT {datanodeUUID=a6d4b8c4-ec33-44f1-a274-75705838ed4b, command=[]} | ret=SUCCESS |  
2019-08-29 12:01:48,513 | INFO  | SCMAudit | user=jenkins1000 | ip=192.168.5.171 | op=SEND_HEARTBEAT {datanodeUUID=a6d4b8c4-ec33-44f1-a274-75705838ed4b, command=[]} | ret=SUCCESS |  
2019-08-29 12:01:48,713 | INFO  | SCMAudit | user=jenkins1000 | ip=192.168.5.171 | op=SEND_HEARTBEAT {datanodeUUID=a6d4b8c4-ec33-44f1-a274-75705838ed4b, command=[]} | ret=SUCCESS |  
2019-08-29 12:01:48,912 | INFO  | SCMAudit | user=jenkins1000 | ip=192.168.5.171 | op=SEND_HEARTBEAT {datanodeUUID=a6d4b8c4-ec33-44f1-a274-75705838ed4b, command=[]} | ret=SUCCESS |  
2019-08-29 12:01:48,943 [pool-27-thread-1] INFO  storage.RaftStorageDirectory (RaftStorageDirectory.java:tryLock(328)) - Lock on /workdir/hadoop-ozone/integration-test/target/test-dir/MiniOzoneClusterImpl-e14d95b3-32bd-4caf-9763-f8f6a19d1a7e/datanode-0/data/ratis/caf0d203-db1f-4f69-8e60-c669f97383ed/in_use.lock acquired by nodename 26226@pr-hdds-2058-gt6pm-2007824988
2019-08-29 12:01:49,112 | INFO  | SCMAudit | user=jenkins1000 | ip=192.168.5.171 | op=SEND_HEARTBEAT {datanodeUUID=a6d4b8c4-ec33-44f1-a274-75705838ed4b, command=[]} | ret=SUCCESS |  
2019-08-29 12:01:49,312 | INFO  | SCMAudit | user=jenkins1000 | ip=192.168.5.171 | op=SEND_HEARTBEAT {datanodeUUID=a6d4b8c4-ec33-44f1-a274-75705838ed4b, command=[]} | ret=SUCCESS |  
2019-08-29 12:01:49,513 | INFO  | SCMAudit | user=jenkins1000 | ip=192.168.5.171 | op=SEND_HEARTBEAT {datanodeUUID=a6d4b8c4-ec33-44f1-a274-75705838ed4b, command=[]} | ret=SUCCESS |  
2019-08-29 12:01:49,713 | INFO  | SCMAudit | user=jenkins1000 | ip=192.168.5.171 | op=SEND_HEARTBEAT {datanodeUUID=a6d4b8c4-ec33-44f1-a274-75705838ed4b, command=[]} | ret=SUCCESS |  
2019-08-29 12:01:49,912 | INFO  | SCMAudit | user=jenkins1000 | ip=192.168.5.171 | op=SEND_HEARTBEAT {datanodeUUID=a6d4b8c4-ec33-44f1-a274-75705838ed4b, command=[]} | ret=SUCCESS |  
2019-08-29 12:01:50,112 | INFO  | SCMAudit | user=jenkins1000 | ip=192.168.5.171 | op=SEND_HEARTBEAT {datanodeUUID=a6d4b8c4-ec33-44f1-a274-75705838ed4b, command=[]} | ret=SUCCESS |  
2019-08-29 12:01:50,312 | INFO  | SCMAudit | user=jenkins1000 | ip=192.168.5.171 | op=SEND_HEARTBEAT {datanodeUUID=a6d4b8c4-ec33-44f1-a274-75705838ed4b, command=[]} | ret=SUCCESS |  
2019-08-29 12:01:50,513 | INFO  | SCMAudit | user=jenkins1000 | ip=192.168.5.171 | op=SEND_HEARTBEAT {datanodeUUID=a6d4b8c4-ec33-44f1-a274-75705838ed4b, command=[]} | ret=SUCCESS |  
2019-08-29 12:01:50,610 [RatisPipelineUtilsThread] WARN  pipeline.RatisPipelineUtils (RatisPipelineUtils.java:destroyPipeline(66)) - Pipeline destroy failed for pipeline=PipelineID=ba4ce21a-e350-4d0e-9074-a3d538e767f3 dn=a6d4b8c4-ec33-44f1-a274-75705838ed4b{ip: 192.168.5.171, host: pr-hdds-2058-gt6pm-2007824988, networkLocation: /default-rack, certSerialId: null}
2019-08-29 12:01:50,714 | INFO  | SCMAudit | user=jenkins1000 | ip=192.168.5.171 | op=SEND_HEARTBEAT {datanodeUUID=a6d4b8c4-ec33-44f1-a274-75705838ed4b, command=[]} | ret=SUCCESS |  
2019-08-29 12:01:50,842 [RATISCREATEPIPELINE2] ERROR pipeline.RatisPipelineProvider (RatisPipelineProvider.java:lambda$null$5(235)) - Failed invoke Ratis rpc org.apache.hadoop.hdds.scm.pipeline.RatisPipelineProvider$$Lambda$171/382212301@7460a2ef for a6d4b8c4-ec33-44f1-a274-75705838ed4b
org.apache.ratis.protocol.TimeoutIOException: deadline exceeded after 2999686540ns
	at org.apache.ratis.grpc.GrpcUtil.tryUnwrapException(GrpcUtil.java:82)
	at org.apache.ratis.grpc.GrpcUtil.unwrapException(GrpcUtil.java:75)
	at org.apache.ratis.grpc.client.GrpcClientProtocolClient.blockingCall(GrpcClientProtocolClient.java:169)
	at org.apache.ratis.grpc.client.GrpcClientProtocolClient.groupAdd(GrpcClientProtocolClient.java:138)
	at org.apache.ratis.grpc.client.GrpcClientRpc.sendRequest(GrpcClientRpc.java:94)
	at org.apache.ratis.client.impl.RaftClientImpl.sendRequest(RaftClientImpl.java:279)
	at org.apache.ratis.client.impl.RaftClientImpl.groupAdd(RaftClientImpl.java:206)
	at org.apache.hadoop.hdds.scm.pipeline.RatisPipelineProvider.lambda$initializePipeline$4(RatisPipelineProvider.java:194)
	at org.apache.hadoop.hdds.scm.pipeline.RatisPipelineProvider.lambda$null$5(RatisPipelineProvider.java:231)
	at java.util.stream.ForEachOps$ForEachOp$OfRef.accept(ForEachOps.java:184)
	at java.util.ArrayList$ArrayListSpliterator.forEachRemaining(ArrayList.java:1382)
	at java.util.stream.AbstractPipeline.copyInto(AbstractPipeline.java:482)
	at java.util.stream.ForEachOps$ForEachTask.compute(ForEachOps.java:291)
	at java.util.concurrent.CountedCompleter.exec(CountedCompleter.java:731)
	at java.util.concurrent.ForkJoinTask.doExec(ForkJoinTask.java:289)
	at java.util.concurrent.ForkJoinTask.doInvoke(ForkJoinTask.java:401)
	at java.util.concurrent.ForkJoinTask.invoke(ForkJoinTask.java:734)
	at java.util.stream.ForEachOps$ForEachOp.evaluateParallel(ForEachOps.java:160)
	at java.util.stream.ForEachOps$ForEachOp$OfRef.evaluateParallel(ForEachOps.java:174)
	at java.util.stream.AbstractPipeline.evaluate(AbstractPipeline.java:233)
	at java.util.stream.ReferencePipeline.forEach(ReferencePipeline.java:418)
	at java.util.stream.ReferencePipeline$Head.forEach(ReferencePipeline.java:583)
	at org.apache.hadoop.hdds.scm.pipeline.RatisPipelineProvider.lambda$callRatisRpc$6(RatisPipelineProvider.java:225)
	at java.util.concurrent.ForkJoinTask$AdaptedRunnableAction.exec(ForkJoinTask.java:1386)
	at java.util.concurrent.ForkJoinTask.doExec(ForkJoinTask.java:289)
	at java.util.concurrent.ForkJoinPool$WorkQueue.runTask(ForkJoinPool.java:1056)
	at java.util.concurrent.ForkJoinPool.runWorker(ForkJoinPool.java:1692)
	at java.util.concurrent.ForkJoinWorkerThread.run(ForkJoinWorkerThread.java:157)
Caused by: org.apache.ratis.thirdparty.io.grpc.StatusRuntimeException: DEADLINE_EXCEEDED: deadline exceeded after 2999686540ns
	at org.apache.ratis.thirdparty.io.grpc.stub.ClientCalls.toStatusRuntimeException(ClientCalls.java:233)
	at org.apache.ratis.thirdparty.io.grpc.stub.ClientCalls.getUnchecked(ClientCalls.java:214)
	at org.apache.ratis.thirdparty.io.grpc.stub.ClientCalls.blockingUnaryCall(ClientCalls.java:139)
	at org.apache.ratis.proto.grpc.AdminProtocolServiceGrpc$AdminProtocolServiceBlockingStub.groupManagement(AdminProtocolServiceGrpc.java:274)
	at org.apache.ratis.grpc.client.GrpcClientProtocolClient.lambda$groupAdd$3(GrpcClientProtocolClient.java:140)
	at org.apache.ratis.grpc.client.GrpcClientProtocolClient.blockingCall(GrpcClientProtocolClient.java:167)
	... 25 more
2019-08-29 12:01:50,845 [IPC Server handler 0 on 32993] WARN  block.BlockManagerImpl (BlockManagerImpl.java:allocateBlock(192)) - Pipeline creation failed for type:RATIS factor:ONE. Retrying get pipelines call once.
java.io.IOException: Failed invoke Ratis rpc org.apache.hadoop.hdds.scm.pipeline.RatisPipelineProvider$$Lambda$171/382212301@7460a2ef for a6d4b8c4-ec33-44f1-a274-75705838ed4b
	at org.apache.hadoop.hdds.scm.pipeline.RatisPipelineProvider.lambda$null$5(RatisPipelineProvider.java:236)
	at java.util.stream.ForEachOps$ForEachOp$OfRef.accept(ForEachOps.java:184)
	at java.util.ArrayList$ArrayListSpliterator.forEachRemaining(ArrayList.java:1382)
	at java.util.stream.AbstractPipeline.copyInto(AbstractPipeline.java:482)
	at java.util.stream.ForEachOps$ForEachTask.compute(ForEachOps.java:291)
	at java.util.concurrent.CountedCompleter.exec(CountedCompleter.java:731)
	at java.util.concurrent.ForkJoinTask.doExec(ForkJoinTask.java:289)
	at java.util.concurrent.ForkJoinTask.doInvoke(ForkJoinTask.java:401)
	at java.util.concurrent.ForkJoinTask.invoke(ForkJoinTask.java:734)
	at java.util.stream.ForEachOps$ForEachOp.evaluateParallel(ForEachOps.java:160)
	at java.util.stream.ForEachOps$ForEachOp$OfRef.evaluateParallel(ForEachOps.java:174)
	at java.util.stream.AbstractPipeline.evaluate(AbstractPipeline.java:233)
	at java.util.stream.ReferencePipeline.forEach(ReferencePipeline.java:418)
	at java.util.stream.ReferencePipeline$Head.forEach(ReferencePipeline.java:583)
	at org.apache.hadoop.hdds.scm.pipeline.RatisPipelineProvider.lambda$callRatisRpc$6(RatisPipelineProvider.java:225)
	at java.util.concurrent.ForkJoinTask$AdaptedRunnableAction.exec(ForkJoinTask.java:1386)
	at java.util.concurrent.ForkJoinTask.doExec(ForkJoinTask.java:289)
	at java.util.concurrent.ForkJoinPool$WorkQueue.runTask(ForkJoinPool.java:1056)
	at java.util.concurrent.ForkJoinPool.runWorker(ForkJoinPool.java:1692)
	at java.util.concurrent.ForkJoinWorkerThread.run(ForkJoinWorkerThread.java:157)
Caused by: org.apache.ratis.protocol.TimeoutIOException: deadline exceeded after 2999686540ns
	at org.apache.ratis.grpc.GrpcUtil.tryUnwrapException(GrpcUtil.java:82)
	at org.apache.ratis.grpc.GrpcUtil.unwrapException(GrpcUtil.java:75)
	at org.apache.ratis.grpc.client.GrpcClientProtocolClient.blockingCall(GrpcClientProtocolClient.java:169)
	at org.apache.ratis.grpc.client.GrpcClientProtocolClient.groupAdd(GrpcClientProtocolClient.java:138)
	at org.apache.ratis.grpc.client.GrpcClientRpc.sendRequest(GrpcClientRpc.java:94)
	at org.apache.ratis.client.impl.RaftClientImpl.sendRequest(RaftClientImpl.java:279)
	at org.apache.ratis.client.impl.RaftClientImpl.groupAdd(RaftClientImpl.java:206)
	at org.apache.hadoop.hdds.scm.pipeline.RatisPipelineProvider.lambda$initializePipeline$4(RatisPipelineProvider.java:194)
	at org.apache.hadoop.hdds.scm.pipeline.RatisPipelineProvider.lambda$null$5(RatisPipelineProvider.java:231)
	... 19 more
Caused by: org.apache.ratis.thirdparty.io.grpc.StatusRuntimeException: DEADLINE_EXCEEDED: deadline exceeded after 2999686540ns
	at org.apache.ratis.thirdparty.io.grpc.stub.ClientCalls.toStatusRuntimeException(ClientCalls.java:233)
	at org.apache.ratis.thirdparty.io.grpc.stub.ClientCalls.getUnchecked(ClientCalls.java:214)
	at org.apache.ratis.thirdparty.io.grpc.stub.ClientCalls.blockingUnaryCall(ClientCalls.java:139)
	at org.apache.ratis.proto.grpc.AdminProtocolServiceGrpc$AdminProtocolServiceBlockingStub.groupManagement(AdminProtocolServiceGrpc.java:274)
	at org.apache.ratis.grpc.client.GrpcClientProtocolClient.lambda$groupAdd$3(GrpcClientProtocolClient.java:140)
	at org.apache.ratis.grpc.client.GrpcClientProtocolClient.blockingCall(GrpcClientProtocolClient.java:167)
	... 25 more
2019-08-29 12:01:50,846 [RatisPipelineUtilsThread] INFO  pipeline.PipelineStateManager (PipelineStateManager.java:removePipeline(108)) - Pipeline Pipeline[ Id: ba4ce21a-e350-4d0e-9074-a3d538e767f3, Nodes: a6d4b8c4-ec33-44f1-a274-75705838ed4b{ip: 192.168.5.171, host: pr-hdds-2058-gt6pm-2007824988, networkLocation: /default-rack, certSerialId: null}, Type:RATIS, Factor:ONE, State:CLOSED] removed from db
2019-08-29 12:01:50,847 [IPC Server handler 0 on 32993] INFO  block.BlockManagerImpl (BlockManagerImpl.java:allocateBlock(198)) - Could not find available pipeline of type:RATIS and factor:ONE even after retrying
2019-08-29 12:01:50,848 [IPC Server handler 0 on 32993] ERROR block.BlockManagerImpl (BlockManagerImpl.java:allocateBlock(222)) - Unable to allocate a block for the size: 4194304, type: RATIS, factor: ONE
2019-08-29 12:01:50,848 | INFO  | SCMAudit | user=jenkins1000 | ip=192.168.5.171 | op=ALLOCATE_BLOCK {owner=53daa88d-d332-4cef-9945-d28a1c599051, size=4194304, type=RATIS, factor=ONE} | ret=SUCCESS |  
2019-08-29 12:01:50,851 | ERROR | OMAudit | user=jenkins1000 | ip=127.0.0.1 | op=ALLOCATE_BLOCK {volume=testcontainerstatemachinefailures, bucket=testcontainerstatemachinefailures, key=ratis, dataSize=0, replicationType=null, replicationFactor=null, keyLocationInfo=null, clientID=102700157108944896} | ret=FAILURE | org.apache.hadoop.hdds.scm.exceptions.SCMException: Allocated 0 blocks. Requested 1 blocks
	at org.apache.hadoop.hdds.scm.protocolPB.ScmBlockLocationProtocolClientSideTranslatorPB.handleError(ScmBlockLocationProtocolClientSideTranslatorPB.java:118)
	at org.apache.hadoop.hdds.scm.protocolPB.ScmBlockLocationProtocolClientSideTranslatorPB.allocateBlock(ScmBlockLocationProtocolClientSideTranslatorPB.java:156) 
2019-08-29 12:01:50,857 [main] ERROR io.BlockOutputStreamEntryPool (BlockOutputStreamEntryPool.java:allocateBlockIfNeeded(299)) - Try to allocate more blocks for write failed, already allocated 0 blocks for this write.
INTERNAL_ERROR org.apache.hadoop.ozone.om.exceptions.OMException: Allocated 0 blocks. Requested 1 blocks
	at org.apache.hadoop.ozone.om.protocolPB.OzoneManagerProtocolClientSideTranslatorPB.handleError(OzoneManagerProtocolClientSideTranslatorPB.java:725)
	at org.apache.hadoop.ozone.om.protocolPB.OzoneManagerProtocolClientSideTranslatorPB.allocateBlock(OzoneManagerProtocolClientSideTranslatorPB.java:757)
	at org.apache.hadoop.ozone.client.io.BlockOutputStreamEntryPool.allocateNewBlock(BlockOutputStreamEntryPool.java:248)
	at org.apache.hadoop.ozone.client.io.BlockOutputStreamEntryPool.allocateBlockIfNeeded(BlockOutputStreamEntryPool.java:296)
	at org.apache.hadoop.ozone.client.io.KeyOutputStream.handleWrite(KeyOutputStream.java:201)
	at org.apache.hadoop.ozone.client.io.KeyOutputStream.handleRetry(KeyOutputStream.java:376)
	at org.apache.hadoop.ozone.client.io.KeyOutputStream.handleException(KeyOutputStream.java:325)
	at org.apache.hadoop.ozone.client.io.KeyOutputStream.handleFlushOrClose(KeyOutputStream.java:448)
	at org.apache.hadoop.ozone.client.io.KeyOutputStream.close(KeyOutputStream.java:472)
	at org.apache.hadoop.ozone.client.io.OzoneOutputStream.close(OzoneOutputStream.java:60)
	at org.apache.hadoop.ozone.client.rpc.TestContainerStateMachine.testContainerStateMachineFailures(TestContainerStateMachine.java:142)
	at sun.reflect.NativeMethodAccessorImpl.invoke0(Native Method)
	at sun.reflect.NativeMethodAccessorImpl.invoke(NativeMethodAccessorImpl.java:62)
	at sun.reflect.DelegatingMethodAccessorImpl.invoke(DelegatingMethodAccessorImpl.java:43)
	at java.lang.reflect.Method.invoke(Method.java:498)
	at org.junit.runners.model.FrameworkMethod$1.runReflectiveCall(FrameworkMethod.java:47)
	at org.junit.internal.runners.model.ReflectiveCallable.run(ReflectiveCallable.java:12)
	at org.junit.runners.model.FrameworkMethod.invokeExplosively(FrameworkMethod.java:44)
	at org.junit.internal.runners.statements.InvokeMethod.evaluate(InvokeMethod.java:17)
	at org.junit.runners.ParentRunner.runLeaf(ParentRunner.java:271)
	at org.junit.runners.BlockJUnit4ClassRunner.runChild(BlockJUnit4ClassRunner.java:70)
	at org.junit.runners.BlockJUnit4ClassRunner.runChild(BlockJUnit4ClassRunner.java:50)
	at org.junit.runners.ParentRunner$3.run(ParentRunner.java:238)
	at org.junit.runners.ParentRunner$1.schedule(ParentRunner.java:63)
	at org.junit.runners.ParentRunner.runChildren(ParentRunner.java:236)
	at org.junit.runners.ParentRunner.access$000(ParentRunner.java:53)
	at org.junit.runners.ParentRunner$2.evaluate(ParentRunner.java:229)
	at org.junit.internal.runners.statements.RunBefores.evaluate(RunBefores.java:26)
	at org.junit.internal.runners.statements.RunAfters.evaluate(RunAfters.java:27)
	at org.junit.runners.ParentRunner.run(ParentRunner.java:309)
	at org.apache.maven.surefire.junit4.JUnit4Provider.execute(JUnit4Provider.java:365)
	at org.apache.maven.surefire.junit4.JUnit4Provider.executeWithRerun(JUnit4Provider.java:273)
	at org.apache.maven.surefire.junit4.JUnit4Provider.executeTestSet(JUnit4Provider.java:238)
	at org.apache.maven.surefire.junit4.JUnit4Provider.invoke(JUnit4Provider.java:159)
	at org.apache.maven.surefire.booter.ForkedBooter.invokeProviderInSameClassLoader(ForkedBooter.java:384)
	at org.apache.maven.surefire.booter.ForkedBooter.runSuitesInProcess(ForkedBooter.java:345)
	at org.apache.maven.surefire.booter.ForkedBooter.execute(ForkedBooter.java:126)
	at org.apache.maven.surefire.booter.ForkedBooter.main(ForkedBooter.java:418)
2019-08-29 12:01:50,865 [grpc-default-executor-3] INFO  impl.RaftServerProxy (RaftServerProxy.java:remove(95)) - a6d4b8c4-ec33-44f1-a274-75705838ed4b: remove group-A3D538E767F3:null
2019-08-29 12:01:50,881 [RatisPipelineUtilsThread] WARN  pipeline.RatisPipelineUtils (RatisPipelineUtils.java:destroyPipeline(66)) - Pipeline destroy failed for pipeline=PipelineID=ba4ce21a-e350-4d0e-9074-a3d538e767f3 dn=a6d4b8c4-ec33-44f1-a274-75705838ed4b{ip: 192.168.5.171, host: pr-hdds-2058-gt6pm-2007824988, networkLocation: /default-rack, certSerialId: null}
2019-08-29 12:01:50,886 [RatisPipelineUtilsThread] ERROR pipeline.SCMPipelineManager (Scheduler.java:lambda$schedule$1(70)) - Destroy pipeline failed for pipeline:Pipeline[ Id: ba4ce21a-e350-4d0e-9074-a3d538e767f3, Nodes: a6d4b8c4-ec33-44f1-a274-75705838ed4b{ip: 192.168.5.171, host: pr-hdds-2058-gt6pm-2007824988, networkLocation: /default-rack, certSerialId: null}, Type:RATIS, Factor:ONE, State:CLOSED]
org.apache.hadoop.hdds.scm.pipeline.PipelineNotFoundException: PipelineID=ba4ce21a-e350-4d0e-9074-a3d538e767f3 not found
	at org.apache.hadoop.hdds.scm.pipeline.PipelineStateMap.getPipeline(PipelineStateMap.java:132)
	at org.apache.hadoop.hdds.scm.pipeline.PipelineStateMap.removePipeline(PipelineStateMap.java:322)
	at org.apache.hadoop.hdds.scm.pipeline.PipelineStateManager.removePipeline(PipelineStateManager.java:107)
	at org.apache.hadoop.hdds.scm.pipeline.SCMPipelineManager.removePipeline(SCMPipelineManager.java:397)
	at org.apache.hadoop.hdds.scm.pipeline.SCMPipelineManager.destroyPipeline(SCMPipelineManager.java:383)
	at org.apache.hadoop.hdds.scm.pipeline.SCMPipelineManager.lambda$finalizeAndDestroyPipeline$0(SCMPipelineManager.java:316)
	at org.apache.hadoop.utils.Scheduler.lambda$schedule$1(Scheduler.java:68)
	at java.util.concurrent.Executors$RunnableAdapter.call(Executors.java:511)
	at java.util.concurrent.FutureTask.run(FutureTask.java:266)
	at java.util.concurrent.ScheduledThreadPoolExecutor$ScheduledFutureTask.access$201(ScheduledThreadPoolExecutor.java:180)
	at java.util.concurrent.ScheduledThreadPoolExecutor$ScheduledFutureTask.run(ScheduledThreadPoolExecutor.java:293)
	at java.util.concurrent.ThreadPoolExecutor.runWorker(ThreadPoolExecutor.java:1149)
	at java.util.concurrent.ThreadPoolExecutor$Worker.run(ThreadPoolExecutor.java:624)
	at java.lang.Thread.run(Thread.java:748)
]]></system-out>
  </testcase>
</testsuite>