<?xml version="1.0" encoding="UTF-8"?>
<testsuite xmlns:xsi="http://www.w3.org/2001/XMLSchema-instance" xsi:noNamespaceSchemaLocation="https://maven.apache.org/surefire/maven-surefire-plugin/xsd/surefire-test-report.xsd" name="org.apache.hadoop.ozone.client.rpc.TestBlockOutputStreamWithFailures" time="718.56" tests="8" errors="0" skipped="0" failures="1">
  <properties>
    <property name="awt.toolkit" value="sun.awt.X11.XToolkit"/>
    <property name="file.encoding.pkg" value="sun.io"/>
    <property name="java.specification.version" value="1.8"/>
    <property name="sun.cpu.isalist" value=""/>
    <property name="sun.jnu.encoding" value="UTF-8"/>
    <property name="java.class.path" value="/workdir/hadoop-ozone/integration-test/target/test-classes:/workdir/hadoop-ozone/integration-test/target/classes:/home/user/.m2/repository/org/apache/hadoop/hadoop-ozone-common/0.5.0-SNAPSHOT/hadoop-ozone-common-0.5.0-SNAPSHOT.jar:/home/user/.m2/repository/org/apache/commons/commons-compress/1.4.1/commons-compress-1.4.1.jar:/home/user/.m2/repository/org/tukaani/xz/1.0/xz-1.0.jar:/home/user/.m2/repository/org/apache/hadoop/hadoop-common/3.2.0/hadoop-common-3.2.0.jar:/home/user/.m2/repository/org/apache/hadoop/hadoop-hdfs/3.2.0/hadoop-hdfs-3.2.0.jar:/home/user/.m2/repository/org/apache/hadoop/hadoop-hdfs-client/3.2.0/hadoop-hdfs-client-3.2.0.jar:/home/user/.m2/repository/com/fasterxml/jackson/core/jackson-annotations/2.9.5/jackson-annotations-2.9.5.jar:/home/user/.m2/repository/org/apache/hadoop/hadoop-hdds-common/0.5.0-SNAPSHOT/hadoop-hdds-common-0.5.0-SNAPSHOT.jar:/home/user/.m2/repository/javax/annotation/javax.annotation-api/1.2/javax.annotation-api-1.2.jar:/home/user/.m2/repository/org/apache/ratis/ratis-server/0.4.0-2337318-SNAPSHOT/ratis-server-0.4.0-2337318-SNAPSHOT.jar:/home/user/.m2/repository/org/apache/ratis/ratis-thirdparty-misc/0.2.0/ratis-thirdparty-misc-0.2.0.jar:/home/user/.m2/repository/org/apache/ratis/ratis-proto/0.4.0-2337318-SNAPSHOT/ratis-proto-0.4.0-2337318-SNAPSHOT.jar:/home/user/.m2/repository/org/apache/ratis/ratis-common/0.4.0-2337318-SNAPSHOT/ratis-common-0.4.0-2337318-SNAPSHOT.jar:/home/user/.m2/repository/org/apache/ratis/ratis-client/0.4.0-2337318-SNAPSHOT/ratis-client-0.4.0-2337318-SNAPSHOT.jar:/home/user/.m2/repository/org/apache/ratis/ratis-metrics/0.4.0-2337318-SNAPSHOT/ratis-metrics-0.4.0-2337318-SNAPSHOT.jar:/home/user/.m2/repository/org/apache/ratis/ratis-netty/0.4.0-2337318-SNAPSHOT/ratis-netty-0.4.0-2337318-SNAPSHOT.jar:/home/user/.m2/repository/org/apache/ratis/ratis-grpc/0.4.0-2337318-SNAPSHOT/ratis-grpc-0.4.0-2337318-SNAPSHOT.jar:/home/user/.m2/repository/org/rocksdb/rocksdbjni/6.0.1/rocksdbjni-6.0.1.jar:/home/user/.m2/repository/org/apache/logging/log4j/log4j-api/2.11.0/log4j-api-2.11.0.jar:/home/user/.m2/repository/org/apache/logging/log4j/log4j-core/2.11.0/log4j-core-2.11.0.jar:/home/user/.m2/repository/com/lmax/disruptor/3.4.2/disruptor-3.4.2.jar:/home/user/.m2/repository/org/apache/commons/commons-pool2/2.6.0/commons-pool2-2.6.0.jar:/home/user/.m2/repository/org/bouncycastle/bcpkix-jdk15on/1.60/bcpkix-jdk15on-1.60.jar:/home/user/.m2/repository/commons-validator/commons-validator/1.6/commons-validator-1.6.jar:/home/user/.m2/repository/commons-digester/commons-digester/1.8.1/commons-digester-1.8.1.jar:/home/user/.m2/repository/io/jaegertracing/jaeger-client/0.33.1/jaeger-client-0.33.1.jar:/home/user/.m2/repository/io/jaegertracing/jaeger-thrift/0.33.1/jaeger-thrift-0.33.1.jar:/home/user/.m2/repository/org/apache/thrift/libthrift/0.11.0/libthrift-0.11.0.jar:/home/user/.m2/repository/com/squareup/okhttp3/okhttp/3.9.0/okhttp-3.9.0.jar:/home/user/.m2/repository/com/squareup/okio/okio/1.13.0/okio-1.13.0.jar:/home/user/.m2/repository/io/jaegertracing/jaeger-core/0.33.1/jaeger-core-0.33.1.jar:/home/user/.m2/repository/io/jaegertracing/jaeger-tracerresolver/0.33.1/jaeger-tracerresolver-0.33.1.jar:/home/user/.m2/repository/io/opentracing/contrib/opentracing-tracerresolver/0.1.5/opentracing-tracerresolver-0.1.5.jar:/home/user/.m2/repository/io/opentracing/opentracing-util/0.31.0/opentracing-util-0.31.0.jar:/home/user/.m2/repository/io/opentracing/opentracing-api/0.31.0/opentracing-api-0.31.0.jar:/home/user/.m2/repository/io/opentracing/opentracing-noop/0.31.0/opentracing-noop-0.31.0.jar:/home/user/.m2/repository/org/apache/hadoop/hadoop-hdds-server-framework/0.5.0-SNAPSHOT/hadoop-hdds-server-framework-0.5.0-SNAPSHOT.jar:/home/user/.m2/repository/org/apache/hadoop/hadoop-hdds-container-service/0.5.0-SNAPSHOT/hadoop-hdds-container-service-0.5.0-SNAPSHOT.jar:/home/user/.m2/repository/org/apache/hadoop/hadoop-hdds-client/0.5.0-SNAPSHOT/hadoop-hdds-client-0.5.0-SNAPSHOT.jar:/home/user/.m2/repository/org/apache/hadoop/hadoop-hdds-tools/0.5.0-SNAPSHOT/hadoop-hdds-tools-0.5.0-SNAPSHOT.jar:/home/user/.m2/repository/org/apache/hadoop/hadoop-hdds-server-scm/0.5.0-SNAPSHOT/hadoop-hdds-server-scm-0.5.0-SNAPSHOT.jar:/home/user/.m2/repository/org/apache/hadoop/hadoop-hdds-docs/0.5.0-SNAPSHOT/hadoop-hdds-docs-0.5.0-SNAPSHOT.jar:/home/user/.m2/repository/com/sun/xml/bind/jaxb-impl/2.3.0.1/jaxb-impl-2.3.0.1.jar:/home/user/.m2/repository/com/sun/xml/bind/jaxb-core/2.3.0.1/jaxb-core-2.3.0.1.jar:/home/user/.m2/repository/javax/xml/bind/jaxb-api/2.3.0/jaxb-api-2.3.0.jar:/home/user/.m2/repository/javax/activation/activation/1.1.1/activation-1.1.1.jar:/home/user/.m2/repository/io/dropwizard/metrics/metrics-core/3.2.4/metrics-core-3.2.4.jar:/home/user/.m2/repository/org/hamcrest/hamcrest-all/1.3/hamcrest-all-1.3.jar:/home/user/.m2/repository/org/bouncycastle/bcprov-jdk15on/1.60/bcprov-jdk15on-1.60.jar:/home/user/.m2/repository/info/picocli/picocli/3.9.6/picocli-3.9.6.jar:/home/user/.m2/repository/com/google/protobuf/protobuf-java/2.5.0/protobuf-java-2.5.0.jar:/home/user/.m2/repository/com/google/guava/guava/11.0.2/guava-11.0.2.jar:/home/user/.m2/repository/org/apache/hadoop/hadoop-ozone-ozone-manager/0.5.0-SNAPSHOT/hadoop-ozone-ozone-manager-0.5.0-SNAPSHOT.jar:/home/user/.m2/repository/org/apache/hadoop/hadoop-minikdc/3.2.0/hadoop-minikdc-3.2.0.jar:/home/user/.m2/repository/commons-io/commons-io/2.5/commons-io-2.5.jar:/home/user/.m2/repository/org/apache/kerby/kerb-simplekdc/1.0.1/kerb-simplekdc-1.0.1.jar:/home/user/.m2/repository/org/apache/kerby/kerb-client/1.0.1/kerb-client-1.0.1.jar:/home/user/.m2/repository/org/apache/kerby/kerby-config/1.0.1/kerby-config-1.0.1.jar:/home/user/.m2/repository/org/apache/kerby/kerb-core/1.0.1/kerb-core-1.0.1.jar:/home/user/.m2/repository/org/apache/kerby/kerby-pkix/1.0.1/kerby-pkix-1.0.1.jar:/home/user/.m2/repository/org/apache/kerby/kerby-asn1/1.0.1/kerby-asn1-1.0.1.jar:/home/user/.m2/repository/org/apache/kerby/kerby-util/1.0.1/kerby-util-1.0.1.jar:/home/user/.m2/repository/org/apache/kerby/kerb-common/1.0.1/kerb-common-1.0.1.jar:/home/user/.m2/repository/org/apache/kerby/kerb-crypto/1.0.1/kerb-crypto-1.0.1.jar:/home/user/.m2/repository/org/apache/kerby/kerb-util/1.0.1/kerb-util-1.0.1.jar:/home/user/.m2/repository/org/apache/kerby/token-provider/1.0.1/token-provider-1.0.1.jar:/home/user/.m2/repository/org/apache/kerby/kerb-admin/1.0.1/kerb-admin-1.0.1.jar:/home/user/.m2/repository/org/apache/kerby/kerb-server/1.0.1/kerb-server-1.0.1.jar:/home/user/.m2/repository/org/apache/kerby/kerb-identity/1.0.1/kerb-identity-1.0.1.jar:/home/user/.m2/repository/org/apache/kerby/kerby-xdr/1.0.1/kerby-xdr-1.0.1.jar:/home/user/.m2/repository/org/slf4j/slf4j-log4j12/1.7.25/slf4j-log4j12-1.7.25.jar:/home/user/.m2/repository/org/apache/hadoop/hadoop-ozone-s3gateway/0.5.0-SNAPSHOT/hadoop-ozone-s3gateway-0.5.0-SNAPSHOT.jar:/home/user/.m2/repository/org/jboss/weld/servlet/weld-servlet/2.4.7.Final/weld-servlet-2.4.7.Final.jar:/home/user/.m2/repository/org/glassfish/jersey/containers/jersey-container-servlet-core/2.27/jersey-container-servlet-core-2.27.jar:/home/user/.m2/repository/org/glassfish/hk2/external/javax.inject/2.5.0-b42/javax.inject-2.5.0-b42.jar:/home/user/.m2/repository/org/glassfish/jersey/core/jersey-common/2.27/jersey-common-2.27.jar:/home/user/.m2/repository/org/glassfish/hk2/osgi-resource-locator/1.0.1/osgi-resource-locator-1.0.1.jar:/home/user/.m2/repository/javax/ws/rs/javax.ws.rs-api/2.1/javax.ws.rs-api-2.1.jar:/home/user/.m2/repository/org/glassfish/jersey/ext/cdi/jersey-cdi1x/2.27/jersey-cdi1x-2.27.jar:/home/user/.m2/repository/org/glassfish/jersey/inject/jersey-hk2/2.27/jersey-hk2-2.27.jar:/home/user/.m2/repository/org/glassfish/hk2/hk2-locator/2.5.0-b42/hk2-locator-2.5.0-b42.jar:/home/user/.m2/repository/org/javassist/javassist/3.22.0-CR2/javassist-3.22.0-CR2.jar:/home/user/.m2/repository/org/glassfish/hk2/hk2-api/2.5.0/hk2-api-2.5.0.jar:/home/user/.m2/repository/org/glassfish/hk2/external/jakarta.inject/2.5.0/jakarta.inject-2.5.0.jar:/home/user/.m2/repository/org/glassfish/hk2/hk2-utils/2.5.0/hk2-utils-2.5.0.jar:/home/user/.m2/repository/jakarta/annotation/jakarta.annotation-api/1.3.4/jakarta.annotation-api-1.3.4.jar:/home/user/.m2/repository/org/glassfish/hk2/external/aopalliance-repackaged/2.5.0/aopalliance-repackaged-2.5.0.jar:/home/user/.m2/repository/com/fasterxml/jackson/dataformat/jackson-dataformat-xml/2.9.0/jackson-dataformat-xml-2.9.0.jar:/home/user/.m2/repository/com/fasterxml/jackson/core/jackson-core/2.9.5/jackson-core-2.9.5.jar:/home/user/.m2/repository/com/fasterxml/jackson/module/jackson-module-jaxb-annotations/2.9.5/jackson-module-jaxb-annotations-2.9.5.jar:/home/user/.m2/repository/javax/enterprise/cdi-api/1.2/cdi-api-1.2.jar:/home/user/.m2/repository/javax/el/javax.el-api/3.0.0/javax.el-api-3.0.0.jar:/home/user/.m2/repository/javax/interceptor/javax.interceptor-api/1.2/javax.interceptor-api-1.2.jar:/home/user/.m2/repository/javax/inject/javax.inject/1/javax.inject-1.jar:/home/user/.m2/repository/org/apache/hadoop/hadoop-ozone-csi/0.5.0-SNAPSHOT/hadoop-ozone-csi-0.5.0-SNAPSHOT.jar:/home/user/.m2/repository/com/google/protobuf/protobuf-java-util/3.5.1/protobuf-java-util-3.5.1.jar:/home/user/.m2/repository/org/apache/hadoop/hadoop-hdds-config/0.5.0-SNAPSHOT/hadoop-hdds-config-0.5.0-SNAPSHOT.jar:/home/user/.m2/repository/io/grpc/grpc-netty/1.17.1/grpc-netty-1.17.1.jar:/home/user/.m2/repository/io/grpc/grpc-core/1.17.1/grpc-core-1.17.1.jar:/home/user/.m2/repository/io/grpc/grpc-context/1.17.1/grpc-context-1.17.1.jar:/home/user/.m2/repository/com/google/errorprone/error_prone_annotations/2.2.0/error_prone_annotations-2.2.0.jar:/home/user/.m2/repository/org/codehaus/mojo/animal-sniffer-annotations/1.17/animal-sniffer-annotations-1.17.jar:/home/user/.m2/repository/io/opencensus/opencensus-api/0.17.0/opencensus-api-0.17.0.jar:/home/user/.m2/repository/io/opencensus/opencensus-contrib-grpc-metrics/0.17.0/opencensus-contrib-grpc-metrics-0.17.0.jar:/home/user/.m2/repository/io/netty/netty-codec-http2/4.1.30.Final/netty-codec-http2-4.1.30.Final.jar:/home/user/.m2/repository/io/netty/netty-codec-http/4.1.30.Final/netty-codec-http-4.1.30.Final.jar:/home/user/.m2/repository/io/netty/netty-codec/4.1.30.Final/netty-codec-4.1.30.Final.jar:/home/user/.m2/repository/io/netty/netty-handler/4.1.30.Final/netty-handler-4.1.30.Final.jar:/home/user/.m2/repository/io/netty/netty-handler-proxy/4.1.30.Final/netty-handler-proxy-4.1.30.Final.jar:/home/user/.m2/repository/io/netty/netty-codec-socks/4.1.30.Final/netty-codec-socks-4.1.30.Final.jar:/home/user/.m2/repository/io/netty/netty-transport-native-epoll/4.1.30.Final/netty-transport-native-epoll-4.1.30.Final.jar:/home/user/.m2/repository/io/netty/netty-common/4.1.30.Final/netty-common-4.1.30.Final.jar:/home/user/.m2/repository/io/netty/netty-buffer/4.1.30.Final/netty-buffer-4.1.30.Final.jar:/home/user/.m2/repository/io/netty/netty-transport/4.1.30.Final/netty-transport-4.1.30.Final.jar:/home/user/.m2/repository/io/netty/netty-resolver/4.1.30.Final/netty-resolver-4.1.30.Final.jar:/home/user/.m2/repository/io/netty/netty-transport-native-unix-common/4.1.30.Final/netty-transport-native-unix-common-4.1.30.Final.jar:/home/user/.m2/repository/io/grpc/grpc-protobuf/1.17.1/grpc-protobuf-1.17.1.jar:/home/user/.m2/repository/com/google/api/grpc/proto-google-common-protos/1.0.0/proto-google-common-protos-1.0.0.jar:/home/user/.m2/repository/io/grpc/grpc-protobuf-lite/1.17.1/grpc-protobuf-lite-1.17.1.jar:/home/user/.m2/repository/io/grpc/grpc-stub/1.17.1/grpc-stub-1.17.1.jar:/home/user/.m2/repository/org/apache/hadoop/hadoop-ozone-recon/0.5.0-SNAPSHOT/hadoop-ozone-recon-0.5.0-SNAPSHOT.jar:/home/user/.m2/repository/org/apache/hadoop/hadoop-ozone-reconcodegen/0.5.0-SNAPSHOT/hadoop-ozone-reconcodegen-0.5.0-SNAPSHOT.jar:/home/user/.m2/repository/com/google/inject/extensions/guice-multibindings/4.0/guice-multibindings-4.0.jar:/home/user/.m2/repository/com/google/inject/guice/4.0/guice-4.0.jar:/home/user/.m2/repository/aopalliance/aopalliance/1.0/aopalliance-1.0.jar:/home/user/.m2/repository/com/google/inject/extensions/guice-servlet/4.0/guice-servlet-4.0.jar:/home/user/.m2/repository/org/glassfish/jersey/containers/jersey-container-servlet/2.27/jersey-container-servlet-2.27.jar:/home/user/.m2/repository/org/glassfish/hk2/guice-bridge/2.5.0/guice-bridge-2.5.0.jar:/home/user/.m2/repository/org/glassfish/jersey/core/jersey-server/2.27/jersey-server-2.27.jar:/home/user/.m2/repository/org/glassfish/jersey/core/jersey-client/2.27/jersey-client-2.27.jar:/home/user/.m2/repository/org/glassfish/jersey/media/jersey-media-jaxb/2.27/jersey-media-jaxb-2.27.jar:/home/user/.m2/repository/javax/validation/validation-api/1.1.0.Final/validation-api-1.1.0.Final.jar:/home/user/.m2/repository/org/glassfish/jersey/media/jersey-media-json-jackson/2.27/jersey-media-json-jackson-2.27.jar:/home/user/.m2/repository/org/glassfish/jersey/ext/jersey-entity-filtering/2.27/jersey-entity-filtering-2.27.jar:/home/user/.m2/repository/com/google/inject/extensions/guice-assistedinject/4.0/guice-assistedinject-4.0.jar:/home/user/.m2/repository/org/jooq/jooq/3.11.10/jooq-3.11.10.jar:/home/user/.m2/repository/org/jooq/jooq-meta/3.11.10/jooq-meta-3.11.10.jar:/home/user/.m2/repository/org/jooq/jooq-codegen/3.11.10/jooq-codegen-3.11.10.jar:/home/user/.m2/repository/com/jolbox/bonecp/0.8.0.RELEASE/bonecp-0.8.0.RELEASE.jar:/home/user/.m2/repository/org/xerial/sqlite-jdbc/3.25.2/sqlite-jdbc-3.25.2.jar:/home/user/.m2/repository/org/springframework/spring-jdbc/5.1.3.RELEASE/spring-jdbc-5.1.3.RELEASE.jar:/home/user/.m2/repository/org/springframework/spring-beans/5.1.3.RELEASE/spring-beans-5.1.3.RELEASE.jar:/home/user/.m2/repository/org/springframework/spring-core/5.1.3.RELEASE/spring-core-5.1.3.RELEASE.jar:/home/user/.m2/repository/org/springframework/spring-jcl/5.1.3.RELEASE/spring-jcl-5.1.3.RELEASE.jar:/home/user/.m2/repository/org/springframework/spring-tx/5.1.3.RELEASE/spring-tx-5.1.3.RELEASE.jar:/home/user/.m2/repository/org/apache/hadoop/hadoop-ozone-client/0.5.0-SNAPSHOT/hadoop-ozone-client-0.5.0-SNAPSHOT.jar:/home/user/.m2/repository/commons-lang/commons-lang/2.6/commons-lang-2.6.jar:/home/user/.m2/repository/org/apache/hadoop/hadoop-ozone-ozone-manager/0.5.0-SNAPSHOT/hadoop-ozone-ozone-manager-0.5.0-SNAPSHOT-tests.jar:/home/user/.m2/repository/junit/junit/4.11/junit-4.11.jar:/home/user/.m2/repository/org/hamcrest/hamcrest-core/1.3/hamcrest-core-1.3.jar:/home/user/.m2/repository/org/openjdk/jmh/jmh-core/1.19/jmh-core-1.19.jar:/home/user/.m2/repository/net/sf/jopt-simple/jopt-simple/4.6/jopt-simple-4.6.jar:/home/user/.m2/repository/org/apache/commons/commons-math3/3.1.1/commons-math3-3.1.1.jar:/home/user/.m2/repository/org/openjdk/jmh/jmh-generator-annprocess/1.19/jmh-generator-annprocess-1.19.jar:/home/user/.m2/repository/org/mockito/mockito-all/1.8.5/mockito-all-1.8.5.jar:/home/user/.m2/repository/org/apache/hadoop/hadoop-kms/3.2.0/hadoop-kms-3.2.0.jar:/home/user/.m2/repository/org/apache/hadoop/hadoop-auth/3.2.0/hadoop-auth-3.2.0.jar:/home/user/.m2/repository/com/nimbusds/nimbus-jose-jwt/4.41.1/nimbus-jose-jwt-4.41.1.jar:/home/user/.m2/repository/com/github/stephenc/jcip/jcip-annotations/1.0-1/jcip-annotations-1.0-1.jar:/home/user/.m2/repository/net/minidev/json-smart/2.3/json-smart-2.3.jar:/home/user/.m2/repository/net/minidev/accessors-smart/1.2/accessors-smart-1.2.jar:/home/user/.m2/repository/org/ow2/asm/asm/5.0.4/asm-5.0.4.jar:/home/user/.m2/repository/org/apache/curator/curator-framework/2.12.0/curator-framework-2.12.0.jar:/home/user/.m2/repository/com/sun/jersey/jersey-core/1.19/jersey-core-1.19.jar:/home/user/.m2/repository/javax/ws/rs/jsr311-api/1.1.1/jsr311-api-1.1.1.jar:/home/user/.m2/repository/com/sun/jersey/jersey-server/1.19/jersey-server-1.19.jar:/home/user/.m2/repository/javax/servlet/javax.servlet-api/3.1.0/javax.servlet-api-3.1.0.jar:/home/user/.m2/repository/org/eclipse/jetty/jetty-server/9.3.24.v20180605/jetty-server-9.3.24.v20180605.jar:/home/user/.m2/repository/org/eclipse/jetty/jetty-http/9.3.24.v20180605/jetty-http-9.3.24.v20180605.jar:/home/user/.m2/repository/org/eclipse/jetty/jetty-io/9.3.24.v20180605/jetty-io-9.3.24.v20180605.jar:/home/user/.m2/repository/org/eclipse/jetty/jetty-webapp/9.3.24.v20180605/jetty-webapp-9.3.24.v20180605.jar:/home/user/.m2/repository/org/eclipse/jetty/jetty-xml/9.3.24.v20180605/jetty-xml-9.3.24.v20180605.jar:/home/user/.m2/repository/log4j/log4j/1.2.17/log4j-1.2.17.jar:/home/user/.m2/repository/org/slf4j/slf4j-api/1.7.25/slf4j-api-1.7.25.jar:/home/user/.m2/repository/org/slf4j/jul-to-slf4j/1.7.25/jul-to-slf4j-1.7.25.jar:/home/user/.m2/repository/org/eclipse/jetty/jetty-util/9.3.24.v20180605/jetty-util-9.3.24.v20180605.jar:/home/user/.m2/repository/com/fasterxml/jackson/core/jackson-databind/2.9.5/jackson-databind-2.9.5.jar:/home/user/.m2/repository/org/apache/hadoop/hadoop-kms/3.2.0/hadoop-kms-3.2.0-tests.jar:/home/user/.m2/repository/org/apache/hadoop/hadoop-hdds-server-scm/0.5.0-SNAPSHOT/hadoop-hdds-server-scm-0.5.0-SNAPSHOT-tests.jar:/home/user/.m2/repository/org/apache/hadoop/hadoop-hdds-container-service/0.5.0-SNAPSHOT/hadoop-hdds-container-service-0.5.0-SNAPSHOT-tests.jar:/home/user/.m2/repository/org/yaml/snakeyaml/1.16/snakeyaml-1.16.jar:/home/user/.m2/repository/org/apache/hadoop/hadoop-common/3.2.0/hadoop-common-3.2.0-tests.jar:/home/user/.m2/repository/org/apache/hadoop/hadoop-annotations/3.2.0/hadoop-annotations-3.2.0.jar:/usr/lib/jvm/java-1.8-openjdk/jre/../lib/tools.jar:/home/user/.m2/repository/commons-cli/commons-cli/1.2/commons-cli-1.2.jar:/home/user/.m2/repository/org/apache/httpcomponents/httpclient/4.5.2/httpclient-4.5.2.jar:/home/user/.m2/repository/org/apache/httpcomponents/httpcore/4.4.4/httpcore-4.4.4.jar:/home/user/.m2/repository/commons-codec/commons-codec/1.11/commons-codec-1.11.jar:/home/user/.m2/repository/commons-net/commons-net/3.6/commons-net-3.6.jar:/home/user/.m2/repository/commons-collections/commons-collections/3.2.2/commons-collections-3.2.2.jar:/home/user/.m2/repository/org/eclipse/jetty/jetty-servlet/9.3.24.v20180605/jetty-servlet-9.3.24.v20180605.jar:/home/user/.m2/repository/org/eclipse/jetty/jetty-security/9.3.24.v20180605/jetty-security-9.3.24.v20180605.jar:/home/user/.m2/repository/javax/servlet/jsp/jsp-api/2.1/jsp-api-2.1.jar:/home/user/.m2/repository/com/sun/jersey/jersey-servlet/1.19/jersey-servlet-1.19.jar:/home/user/.m2/repository/com/sun/jersey/jersey-json/1.19/jersey-json-1.19.jar:/home/user/.m2/repository/org/codehaus/jettison/jettison/1.1/jettison-1.1.jar:/home/user/.m2/repository/org/codehaus/jackson/jackson-core-asl/1.9.13/jackson-core-asl-1.9.13.jar:/home/user/.m2/repository/org/codehaus/jackson/jackson-mapper-asl/1.9.13/jackson-mapper-asl-1.9.13.jar:/home/user/.m2/repository/org/codehaus/jackson/jackson-jaxrs/1.9.13/jackson-jaxrs-1.9.13.jar:/home/user/.m2/repository/org/codehaus/jackson/jackson-xc/1.9.13/jackson-xc-1.9.13.jar:/home/user/.m2/repository/commons-logging/commons-logging/1.1.3/commons-logging-1.1.3.jar:/home/user/.m2/repository/commons-beanutils/commons-beanutils/1.9.3/commons-beanutils-1.9.3.jar:/home/user/.m2/repository/org/apache/commons/commons-configuration2/2.1.1/commons-configuration2-2.1.1.jar:/home/user/.m2/repository/org/apache/commons/commons-lang3/3.7/commons-lang3-3.7.jar:/home/user/.m2/repository/org/apache/commons/commons-text/1.4/commons-text-1.4.jar:/home/user/.m2/repository/org/apache/avro/avro/1.7.7/avro-1.7.7.jar:/home/user/.m2/repository/com/thoughtworks/paranamer/paranamer/2.3/paranamer-2.3.jar:/home/user/.m2/repository/org/xerial/snappy/snappy-java/1.0.5/snappy-java-1.0.5.jar:/home/user/.m2/repository/com/google/re2j/re2j/1.1/re2j-1.1.jar:/home/user/.m2/repository/com/google/code/gson/gson/2.2.4/gson-2.2.4.jar:/home/user/.m2/repository/com/jcraft/jsch/0.1.54/jsch-0.1.54.jar:/home/user/.m2/repository/org/apache/curator/curator-client/2.12.0/curator-client-2.12.0.jar:/home/user/.m2/repository/org/apache/curator/curator-recipes/2.12.0/curator-recipes-2.12.0.jar:/home/user/.m2/repository/com/google/code/findbugs/jsr305/3.0.0/jsr305-3.0.0.jar:/home/user/.m2/repository/org/apache/htrace/htrace-core4/4.1.0-incubating/htrace-core4-4.1.0-incubating.jar:/home/user/.m2/repository/org/apache/zookeeper/zookeeper/3.4.13/zookeeper-3.4.13.jar:/home/user/.m2/repository/org/apache/yetus/audience-annotations/0.5.0/audience-annotations-0.5.0.jar:/home/user/.m2/repository/org/codehaus/woodstox/stax2-api/3.1.4/stax2-api-3.1.4.jar:/home/user/.m2/repository/com/fasterxml/woodstox/woodstox-core/5.0.3/woodstox-core-5.0.3.jar:/home/user/.m2/repository/dnsjava/dnsjava/2.1.7/dnsjava-2.1.7.jar:/home/user/.m2/repository/org/apache/hadoop/hadoop-hdfs/3.2.0/hadoop-hdfs-3.2.0-tests.jar:/home/user/.m2/repository/org/eclipse/jetty/jetty-util-ajax/9.3.24.v20180605/jetty-util-ajax-9.3.24.v20180605.jar:/home/user/.m2/repository/commons-daemon/commons-daemon/1.0.13/commons-daemon-1.0.13.jar:/home/user/.m2/repository/io/netty/netty/3.10.5.Final/netty-3.10.5.Final.jar:/home/user/.m2/repository/io/netty/netty-all/4.0.52.Final/netty-all-4.0.52.Final.jar:/home/user/.m2/repository/org/fusesource/leveldbjni/leveldbjni-all/1.8/leveldbjni-all-1.8.jar:"/>
    <property name="java.vm.vendor" value="IcedTea"/>
    <property name="sun.arch.data.model" value="64"/>
    <property name="test.build.dir" value="/workdir/hadoop-ozone/integration-test/target/test-dir"/>
    <property name="test.cache.data" value=""/>
    <property name="java.vendor.url" value="https://icedtea.classpath.org"/>
    <property name="user.timezone" value=""/>
    <property name="java.vm.specification.version" value="1.8"/>
    <property name="os.name" value="Linux"/>
    <property name="test.build.data" value="/workdir/hadoop-ozone/integration-test/target/test-dir"/>
    <property name="user.country" value="US"/>
    <property name="sun.java.launcher" value="SUN_STANDARD"/>
    <property name="sun.boot.library.path" value="/usr/lib/jvm/java-1.8-openjdk/jre/lib/amd64"/>
    <property name="sun.java.command" value="/workdir/hadoop-ozone/integration-test/target/surefire/surefirebooter3018203573097741576.jar /workdir/hadoop-ozone/integration-test/target/surefire 2019-08-28T19-11-04_711-jvmRun1 surefire1102214971877391813tmp surefire_202792104233465794212tmp"/>
    <property name="test" value="!TestMiniChaosOzoneCluster"/>
    <property name="surefire.test.class.path" value="/workdir/hadoop-ozone/integration-test/target/test-classes:/workdir/hadoop-ozone/integration-test/target/classes:/home/user/.m2/repository/org/apache/hadoop/hadoop-ozone-common/0.5.0-SNAPSHOT/hadoop-ozone-common-0.5.0-SNAPSHOT.jar:/home/user/.m2/repository/org/apache/commons/commons-compress/1.4.1/commons-compress-1.4.1.jar:/home/user/.m2/repository/org/tukaani/xz/1.0/xz-1.0.jar:/home/user/.m2/repository/org/apache/hadoop/hadoop-common/3.2.0/hadoop-common-3.2.0.jar:/home/user/.m2/repository/org/apache/hadoop/hadoop-hdfs/3.2.0/hadoop-hdfs-3.2.0.jar:/home/user/.m2/repository/org/apache/hadoop/hadoop-hdfs-client/3.2.0/hadoop-hdfs-client-3.2.0.jar:/home/user/.m2/repository/com/fasterxml/jackson/core/jackson-annotations/2.9.5/jackson-annotations-2.9.5.jar:/home/user/.m2/repository/org/apache/hadoop/hadoop-hdds-common/0.5.0-SNAPSHOT/hadoop-hdds-common-0.5.0-SNAPSHOT.jar:/home/user/.m2/repository/javax/annotation/javax.annotation-api/1.2/javax.annotation-api-1.2.jar:/home/user/.m2/repository/org/apache/ratis/ratis-server/0.4.0-2337318-SNAPSHOT/ratis-server-0.4.0-2337318-SNAPSHOT.jar:/home/user/.m2/repository/org/apache/ratis/ratis-thirdparty-misc/0.2.0/ratis-thirdparty-misc-0.2.0.jar:/home/user/.m2/repository/org/apache/ratis/ratis-proto/0.4.0-2337318-SNAPSHOT/ratis-proto-0.4.0-2337318-SNAPSHOT.jar:/home/user/.m2/repository/org/apache/ratis/ratis-common/0.4.0-2337318-SNAPSHOT/ratis-common-0.4.0-2337318-SNAPSHOT.jar:/home/user/.m2/repository/org/apache/ratis/ratis-client/0.4.0-2337318-SNAPSHOT/ratis-client-0.4.0-2337318-SNAPSHOT.jar:/home/user/.m2/repository/org/apache/ratis/ratis-metrics/0.4.0-2337318-SNAPSHOT/ratis-metrics-0.4.0-2337318-SNAPSHOT.jar:/home/user/.m2/repository/org/apache/ratis/ratis-netty/0.4.0-2337318-SNAPSHOT/ratis-netty-0.4.0-2337318-SNAPSHOT.jar:/home/user/.m2/repository/org/apache/ratis/ratis-grpc/0.4.0-2337318-SNAPSHOT/ratis-grpc-0.4.0-2337318-SNAPSHOT.jar:/home/user/.m2/repository/org/rocksdb/rocksdbjni/6.0.1/rocksdbjni-6.0.1.jar:/home/user/.m2/repository/org/apache/logging/log4j/log4j-api/2.11.0/log4j-api-2.11.0.jar:/home/user/.m2/repository/org/apache/logging/log4j/log4j-core/2.11.0/log4j-core-2.11.0.jar:/home/user/.m2/repository/com/lmax/disruptor/3.4.2/disruptor-3.4.2.jar:/home/user/.m2/repository/org/apache/commons/commons-pool2/2.6.0/commons-pool2-2.6.0.jar:/home/user/.m2/repository/org/bouncycastle/bcpkix-jdk15on/1.60/bcpkix-jdk15on-1.60.jar:/home/user/.m2/repository/commons-validator/commons-validator/1.6/commons-validator-1.6.jar:/home/user/.m2/repository/commons-digester/commons-digester/1.8.1/commons-digester-1.8.1.jar:/home/user/.m2/repository/io/jaegertracing/jaeger-client/0.33.1/jaeger-client-0.33.1.jar:/home/user/.m2/repository/io/jaegertracing/jaeger-thrift/0.33.1/jaeger-thrift-0.33.1.jar:/home/user/.m2/repository/org/apache/thrift/libthrift/0.11.0/libthrift-0.11.0.jar:/home/user/.m2/repository/com/squareup/okhttp3/okhttp/3.9.0/okhttp-3.9.0.jar:/home/user/.m2/repository/com/squareup/okio/okio/1.13.0/okio-1.13.0.jar:/home/user/.m2/repository/io/jaegertracing/jaeger-core/0.33.1/jaeger-core-0.33.1.jar:/home/user/.m2/repository/io/jaegertracing/jaeger-tracerresolver/0.33.1/jaeger-tracerresolver-0.33.1.jar:/home/user/.m2/repository/io/opentracing/contrib/opentracing-tracerresolver/0.1.5/opentracing-tracerresolver-0.1.5.jar:/home/user/.m2/repository/io/opentracing/opentracing-util/0.31.0/opentracing-util-0.31.0.jar:/home/user/.m2/repository/io/opentracing/opentracing-api/0.31.0/opentracing-api-0.31.0.jar:/home/user/.m2/repository/io/opentracing/opentracing-noop/0.31.0/opentracing-noop-0.31.0.jar:/home/user/.m2/repository/org/apache/hadoop/hadoop-hdds-server-framework/0.5.0-SNAPSHOT/hadoop-hdds-server-framework-0.5.0-SNAPSHOT.jar:/home/user/.m2/repository/org/apache/hadoop/hadoop-hdds-container-service/0.5.0-SNAPSHOT/hadoop-hdds-container-service-0.5.0-SNAPSHOT.jar:/home/user/.m2/repository/org/apache/hadoop/hadoop-hdds-client/0.5.0-SNAPSHOT/hadoop-hdds-client-0.5.0-SNAPSHOT.jar:/home/user/.m2/repository/org/apache/hadoop/hadoop-hdds-tools/0.5.0-SNAPSHOT/hadoop-hdds-tools-0.5.0-SNAPSHOT.jar:/home/user/.m2/repository/org/apache/hadoop/hadoop-hdds-server-scm/0.5.0-SNAPSHOT/hadoop-hdds-server-scm-0.5.0-SNAPSHOT.jar:/home/user/.m2/repository/org/apache/hadoop/hadoop-hdds-docs/0.5.0-SNAPSHOT/hadoop-hdds-docs-0.5.0-SNAPSHOT.jar:/home/user/.m2/repository/com/sun/xml/bind/jaxb-impl/2.3.0.1/jaxb-impl-2.3.0.1.jar:/home/user/.m2/repository/com/sun/xml/bind/jaxb-core/2.3.0.1/jaxb-core-2.3.0.1.jar:/home/user/.m2/repository/javax/xml/bind/jaxb-api/2.3.0/jaxb-api-2.3.0.jar:/home/user/.m2/repository/javax/activation/activation/1.1.1/activation-1.1.1.jar:/home/user/.m2/repository/io/dropwizard/metrics/metrics-core/3.2.4/metrics-core-3.2.4.jar:/home/user/.m2/repository/org/hamcrest/hamcrest-all/1.3/hamcrest-all-1.3.jar:/home/user/.m2/repository/org/bouncycastle/bcprov-jdk15on/1.60/bcprov-jdk15on-1.60.jar:/home/user/.m2/repository/info/picocli/picocli/3.9.6/picocli-3.9.6.jar:/home/user/.m2/repository/com/google/protobuf/protobuf-java/2.5.0/protobuf-java-2.5.0.jar:/home/user/.m2/repository/com/google/guava/guava/11.0.2/guava-11.0.2.jar:/home/user/.m2/repository/org/apache/hadoop/hadoop-ozone-ozone-manager/0.5.0-SNAPSHOT/hadoop-ozone-ozone-manager-0.5.0-SNAPSHOT.jar:/home/user/.m2/repository/org/apache/hadoop/hadoop-minikdc/3.2.0/hadoop-minikdc-3.2.0.jar:/home/user/.m2/repository/commons-io/commons-io/2.5/commons-io-2.5.jar:/home/user/.m2/repository/org/apache/kerby/kerb-simplekdc/1.0.1/kerb-simplekdc-1.0.1.jar:/home/user/.m2/repository/org/apache/kerby/kerb-client/1.0.1/kerb-client-1.0.1.jar:/home/user/.m2/repository/org/apache/kerby/kerby-config/1.0.1/kerby-config-1.0.1.jar:/home/user/.m2/repository/org/apache/kerby/kerb-core/1.0.1/kerb-core-1.0.1.jar:/home/user/.m2/repository/org/apache/kerby/kerby-pkix/1.0.1/kerby-pkix-1.0.1.jar:/home/user/.m2/repository/org/apache/kerby/kerby-asn1/1.0.1/kerby-asn1-1.0.1.jar:/home/user/.m2/repository/org/apache/kerby/kerby-util/1.0.1/kerby-util-1.0.1.jar:/home/user/.m2/repository/org/apache/kerby/kerb-common/1.0.1/kerb-common-1.0.1.jar:/home/user/.m2/repository/org/apache/kerby/kerb-crypto/1.0.1/kerb-crypto-1.0.1.jar:/home/user/.m2/repository/org/apache/kerby/kerb-util/1.0.1/kerb-util-1.0.1.jar:/home/user/.m2/repository/org/apache/kerby/token-provider/1.0.1/token-provider-1.0.1.jar:/home/user/.m2/repository/org/apache/kerby/kerb-admin/1.0.1/kerb-admin-1.0.1.jar:/home/user/.m2/repository/org/apache/kerby/kerb-server/1.0.1/kerb-server-1.0.1.jar:/home/user/.m2/repository/org/apache/kerby/kerb-identity/1.0.1/kerb-identity-1.0.1.jar:/home/user/.m2/repository/org/apache/kerby/kerby-xdr/1.0.1/kerby-xdr-1.0.1.jar:/home/user/.m2/repository/org/slf4j/slf4j-log4j12/1.7.25/slf4j-log4j12-1.7.25.jar:/home/user/.m2/repository/org/apache/hadoop/hadoop-ozone-s3gateway/0.5.0-SNAPSHOT/hadoop-ozone-s3gateway-0.5.0-SNAPSHOT.jar:/home/user/.m2/repository/org/jboss/weld/servlet/weld-servlet/2.4.7.Final/weld-servlet-2.4.7.Final.jar:/home/user/.m2/repository/org/glassfish/jersey/containers/jersey-container-servlet-core/2.27/jersey-container-servlet-core-2.27.jar:/home/user/.m2/repository/org/glassfish/hk2/external/javax.inject/2.5.0-b42/javax.inject-2.5.0-b42.jar:/home/user/.m2/repository/org/glassfish/jersey/core/jersey-common/2.27/jersey-common-2.27.jar:/home/user/.m2/repository/org/glassfish/hk2/osgi-resource-locator/1.0.1/osgi-resource-locator-1.0.1.jar:/home/user/.m2/repository/javax/ws/rs/javax.ws.rs-api/2.1/javax.ws.rs-api-2.1.jar:/home/user/.m2/repository/org/glassfish/jersey/ext/cdi/jersey-cdi1x/2.27/jersey-cdi1x-2.27.jar:/home/user/.m2/repository/org/glassfish/jersey/inject/jersey-hk2/2.27/jersey-hk2-2.27.jar:/home/user/.m2/repository/org/glassfish/hk2/hk2-locator/2.5.0-b42/hk2-locator-2.5.0-b42.jar:/home/user/.m2/repository/org/javassist/javassist/3.22.0-CR2/javassist-3.22.0-CR2.jar:/home/user/.m2/repository/org/glassfish/hk2/hk2-api/2.5.0/hk2-api-2.5.0.jar:/home/user/.m2/repository/org/glassfish/hk2/external/jakarta.inject/2.5.0/jakarta.inject-2.5.0.jar:/home/user/.m2/repository/org/glassfish/hk2/hk2-utils/2.5.0/hk2-utils-2.5.0.jar:/home/user/.m2/repository/jakarta/annotation/jakarta.annotation-api/1.3.4/jakarta.annotation-api-1.3.4.jar:/home/user/.m2/repository/org/glassfish/hk2/external/aopalliance-repackaged/2.5.0/aopalliance-repackaged-2.5.0.jar:/home/user/.m2/repository/com/fasterxml/jackson/dataformat/jackson-dataformat-xml/2.9.0/jackson-dataformat-xml-2.9.0.jar:/home/user/.m2/repository/com/fasterxml/jackson/core/jackson-core/2.9.5/jackson-core-2.9.5.jar:/home/user/.m2/repository/com/fasterxml/jackson/module/jackson-module-jaxb-annotations/2.9.5/jackson-module-jaxb-annotations-2.9.5.jar:/home/user/.m2/repository/javax/enterprise/cdi-api/1.2/cdi-api-1.2.jar:/home/user/.m2/repository/javax/el/javax.el-api/3.0.0/javax.el-api-3.0.0.jar:/home/user/.m2/repository/javax/interceptor/javax.interceptor-api/1.2/javax.interceptor-api-1.2.jar:/home/user/.m2/repository/javax/inject/javax.inject/1/javax.inject-1.jar:/home/user/.m2/repository/org/apache/hadoop/hadoop-ozone-csi/0.5.0-SNAPSHOT/hadoop-ozone-csi-0.5.0-SNAPSHOT.jar:/home/user/.m2/repository/com/google/protobuf/protobuf-java-util/3.5.1/protobuf-java-util-3.5.1.jar:/home/user/.m2/repository/org/apache/hadoop/hadoop-hdds-config/0.5.0-SNAPSHOT/hadoop-hdds-config-0.5.0-SNAPSHOT.jar:/home/user/.m2/repository/io/grpc/grpc-netty/1.17.1/grpc-netty-1.17.1.jar:/home/user/.m2/repository/io/grpc/grpc-core/1.17.1/grpc-core-1.17.1.jar:/home/user/.m2/repository/io/grpc/grpc-context/1.17.1/grpc-context-1.17.1.jar:/home/user/.m2/repository/com/google/errorprone/error_prone_annotations/2.2.0/error_prone_annotations-2.2.0.jar:/home/user/.m2/repository/org/codehaus/mojo/animal-sniffer-annotations/1.17/animal-sniffer-annotations-1.17.jar:/home/user/.m2/repository/io/opencensus/opencensus-api/0.17.0/opencensus-api-0.17.0.jar:/home/user/.m2/repository/io/opencensus/opencensus-contrib-grpc-metrics/0.17.0/opencensus-contrib-grpc-metrics-0.17.0.jar:/home/user/.m2/repository/io/netty/netty-codec-http2/4.1.30.Final/netty-codec-http2-4.1.30.Final.jar:/home/user/.m2/repository/io/netty/netty-codec-http/4.1.30.Final/netty-codec-http-4.1.30.Final.jar:/home/user/.m2/repository/io/netty/netty-codec/4.1.30.Final/netty-codec-4.1.30.Final.jar:/home/user/.m2/repository/io/netty/netty-handler/4.1.30.Final/netty-handler-4.1.30.Final.jar:/home/user/.m2/repository/io/netty/netty-handler-proxy/4.1.30.Final/netty-handler-proxy-4.1.30.Final.jar:/home/user/.m2/repository/io/netty/netty-codec-socks/4.1.30.Final/netty-codec-socks-4.1.30.Final.jar:/home/user/.m2/repository/io/netty/netty-transport-native-epoll/4.1.30.Final/netty-transport-native-epoll-4.1.30.Final.jar:/home/user/.m2/repository/io/netty/netty-common/4.1.30.Final/netty-common-4.1.30.Final.jar:/home/user/.m2/repository/io/netty/netty-buffer/4.1.30.Final/netty-buffer-4.1.30.Final.jar:/home/user/.m2/repository/io/netty/netty-transport/4.1.30.Final/netty-transport-4.1.30.Final.jar:/home/user/.m2/repository/io/netty/netty-resolver/4.1.30.Final/netty-resolver-4.1.30.Final.jar:/home/user/.m2/repository/io/netty/netty-transport-native-unix-common/4.1.30.Final/netty-transport-native-unix-common-4.1.30.Final.jar:/home/user/.m2/repository/io/grpc/grpc-protobuf/1.17.1/grpc-protobuf-1.17.1.jar:/home/user/.m2/repository/com/google/api/grpc/proto-google-common-protos/1.0.0/proto-google-common-protos-1.0.0.jar:/home/user/.m2/repository/io/grpc/grpc-protobuf-lite/1.17.1/grpc-protobuf-lite-1.17.1.jar:/home/user/.m2/repository/io/grpc/grpc-stub/1.17.1/grpc-stub-1.17.1.jar:/home/user/.m2/repository/org/apache/hadoop/hadoop-ozone-recon/0.5.0-SNAPSHOT/hadoop-ozone-recon-0.5.0-SNAPSHOT.jar:/home/user/.m2/repository/org/apache/hadoop/hadoop-ozone-reconcodegen/0.5.0-SNAPSHOT/hadoop-ozone-reconcodegen-0.5.0-SNAPSHOT.jar:/home/user/.m2/repository/com/google/inject/extensions/guice-multibindings/4.0/guice-multibindings-4.0.jar:/home/user/.m2/repository/com/google/inject/guice/4.0/guice-4.0.jar:/home/user/.m2/repository/aopalliance/aopalliance/1.0/aopalliance-1.0.jar:/home/user/.m2/repository/com/google/inject/extensions/guice-servlet/4.0/guice-servlet-4.0.jar:/home/user/.m2/repository/org/glassfish/jersey/containers/jersey-container-servlet/2.27/jersey-container-servlet-2.27.jar:/home/user/.m2/repository/org/glassfish/hk2/guice-bridge/2.5.0/guice-bridge-2.5.0.jar:/home/user/.m2/repository/org/glassfish/jersey/core/jersey-server/2.27/jersey-server-2.27.jar:/home/user/.m2/repository/org/glassfish/jersey/core/jersey-client/2.27/jersey-client-2.27.jar:/home/user/.m2/repository/org/glassfish/jersey/media/jersey-media-jaxb/2.27/jersey-media-jaxb-2.27.jar:/home/user/.m2/repository/javax/validation/validation-api/1.1.0.Final/validation-api-1.1.0.Final.jar:/home/user/.m2/repository/org/glassfish/jersey/media/jersey-media-json-jackson/2.27/jersey-media-json-jackson-2.27.jar:/home/user/.m2/repository/org/glassfish/jersey/ext/jersey-entity-filtering/2.27/jersey-entity-filtering-2.27.jar:/home/user/.m2/repository/com/google/inject/extensions/guice-assistedinject/4.0/guice-assistedinject-4.0.jar:/home/user/.m2/repository/org/jooq/jooq/3.11.10/jooq-3.11.10.jar:/home/user/.m2/repository/org/jooq/jooq-meta/3.11.10/jooq-meta-3.11.10.jar:/home/user/.m2/repository/org/jooq/jooq-codegen/3.11.10/jooq-codegen-3.11.10.jar:/home/user/.m2/repository/com/jolbox/bonecp/0.8.0.RELEASE/bonecp-0.8.0.RELEASE.jar:/home/user/.m2/repository/org/xerial/sqlite-jdbc/3.25.2/sqlite-jdbc-3.25.2.jar:/home/user/.m2/repository/org/springframework/spring-jdbc/5.1.3.RELEASE/spring-jdbc-5.1.3.RELEASE.jar:/home/user/.m2/repository/org/springframework/spring-beans/5.1.3.RELEASE/spring-beans-5.1.3.RELEASE.jar:/home/user/.m2/repository/org/springframework/spring-core/5.1.3.RELEASE/spring-core-5.1.3.RELEASE.jar:/home/user/.m2/repository/org/springframework/spring-jcl/5.1.3.RELEASE/spring-jcl-5.1.3.RELEASE.jar:/home/user/.m2/repository/org/springframework/spring-tx/5.1.3.RELEASE/spring-tx-5.1.3.RELEASE.jar:/home/user/.m2/repository/org/apache/hadoop/hadoop-ozone-client/0.5.0-SNAPSHOT/hadoop-ozone-client-0.5.0-SNAPSHOT.jar:/home/user/.m2/repository/commons-lang/commons-lang/2.6/commons-lang-2.6.jar:/home/user/.m2/repository/org/apache/hadoop/hadoop-ozone-ozone-manager/0.5.0-SNAPSHOT/hadoop-ozone-ozone-manager-0.5.0-SNAPSHOT-tests.jar:/home/user/.m2/repository/junit/junit/4.11/junit-4.11.jar:/home/user/.m2/repository/org/hamcrest/hamcrest-core/1.3/hamcrest-core-1.3.jar:/home/user/.m2/repository/org/openjdk/jmh/jmh-core/1.19/jmh-core-1.19.jar:/home/user/.m2/repository/net/sf/jopt-simple/jopt-simple/4.6/jopt-simple-4.6.jar:/home/user/.m2/repository/org/apache/commons/commons-math3/3.1.1/commons-math3-3.1.1.jar:/home/user/.m2/repository/org/openjdk/jmh/jmh-generator-annprocess/1.19/jmh-generator-annprocess-1.19.jar:/home/user/.m2/repository/org/mockito/mockito-all/1.8.5/mockito-all-1.8.5.jar:/home/user/.m2/repository/org/apache/hadoop/hadoop-kms/3.2.0/hadoop-kms-3.2.0.jar:/home/user/.m2/repository/org/apache/hadoop/hadoop-auth/3.2.0/hadoop-auth-3.2.0.jar:/home/user/.m2/repository/com/nimbusds/nimbus-jose-jwt/4.41.1/nimbus-jose-jwt-4.41.1.jar:/home/user/.m2/repository/com/github/stephenc/jcip/jcip-annotations/1.0-1/jcip-annotations-1.0-1.jar:/home/user/.m2/repository/net/minidev/json-smart/2.3/json-smart-2.3.jar:/home/user/.m2/repository/net/minidev/accessors-smart/1.2/accessors-smart-1.2.jar:/home/user/.m2/repository/org/ow2/asm/asm/5.0.4/asm-5.0.4.jar:/home/user/.m2/repository/org/apache/curator/curator-framework/2.12.0/curator-framework-2.12.0.jar:/home/user/.m2/repository/com/sun/jersey/jersey-core/1.19/jersey-core-1.19.jar:/home/user/.m2/repository/javax/ws/rs/jsr311-api/1.1.1/jsr311-api-1.1.1.jar:/home/user/.m2/repository/com/sun/jersey/jersey-server/1.19/jersey-server-1.19.jar:/home/user/.m2/repository/javax/servlet/javax.servlet-api/3.1.0/javax.servlet-api-3.1.0.jar:/home/user/.m2/repository/org/eclipse/jetty/jetty-server/9.3.24.v20180605/jetty-server-9.3.24.v20180605.jar:/home/user/.m2/repository/org/eclipse/jetty/jetty-http/9.3.24.v20180605/jetty-http-9.3.24.v20180605.jar:/home/user/.m2/repository/org/eclipse/jetty/jetty-io/9.3.24.v20180605/jetty-io-9.3.24.v20180605.jar:/home/user/.m2/repository/org/eclipse/jetty/jetty-webapp/9.3.24.v20180605/jetty-webapp-9.3.24.v20180605.jar:/home/user/.m2/repository/org/eclipse/jetty/jetty-xml/9.3.24.v20180605/jetty-xml-9.3.24.v20180605.jar:/home/user/.m2/repository/log4j/log4j/1.2.17/log4j-1.2.17.jar:/home/user/.m2/repository/org/slf4j/slf4j-api/1.7.25/slf4j-api-1.7.25.jar:/home/user/.m2/repository/org/slf4j/jul-to-slf4j/1.7.25/jul-to-slf4j-1.7.25.jar:/home/user/.m2/repository/org/eclipse/jetty/jetty-util/9.3.24.v20180605/jetty-util-9.3.24.v20180605.jar:/home/user/.m2/repository/com/fasterxml/jackson/core/jackson-databind/2.9.5/jackson-databind-2.9.5.jar:/home/user/.m2/repository/org/apache/hadoop/hadoop-kms/3.2.0/hadoop-kms-3.2.0-tests.jar:/home/user/.m2/repository/org/apache/hadoop/hadoop-hdds-server-scm/0.5.0-SNAPSHOT/hadoop-hdds-server-scm-0.5.0-SNAPSHOT-tests.jar:/home/user/.m2/repository/org/apache/hadoop/hadoop-hdds-container-service/0.5.0-SNAPSHOT/hadoop-hdds-container-service-0.5.0-SNAPSHOT-tests.jar:/home/user/.m2/repository/org/yaml/snakeyaml/1.16/snakeyaml-1.16.jar:/home/user/.m2/repository/org/apache/hadoop/hadoop-common/3.2.0/hadoop-common-3.2.0-tests.jar:/home/user/.m2/repository/org/apache/hadoop/hadoop-annotations/3.2.0/hadoop-annotations-3.2.0.jar:/usr/lib/jvm/java-1.8-openjdk/jre/../lib/tools.jar:/home/user/.m2/repository/commons-cli/commons-cli/1.2/commons-cli-1.2.jar:/home/user/.m2/repository/org/apache/httpcomponents/httpclient/4.5.2/httpclient-4.5.2.jar:/home/user/.m2/repository/org/apache/httpcomponents/httpcore/4.4.4/httpcore-4.4.4.jar:/home/user/.m2/repository/commons-codec/commons-codec/1.11/commons-codec-1.11.jar:/home/user/.m2/repository/commons-net/commons-net/3.6/commons-net-3.6.jar:/home/user/.m2/repository/commons-collections/commons-collections/3.2.2/commons-collections-3.2.2.jar:/home/user/.m2/repository/org/eclipse/jetty/jetty-servlet/9.3.24.v20180605/jetty-servlet-9.3.24.v20180605.jar:/home/user/.m2/repository/org/eclipse/jetty/jetty-security/9.3.24.v20180605/jetty-security-9.3.24.v20180605.jar:/home/user/.m2/repository/javax/servlet/jsp/jsp-api/2.1/jsp-api-2.1.jar:/home/user/.m2/repository/com/sun/jersey/jersey-servlet/1.19/jersey-servlet-1.19.jar:/home/user/.m2/repository/com/sun/jersey/jersey-json/1.19/jersey-json-1.19.jar:/home/user/.m2/repository/org/codehaus/jettison/jettison/1.1/jettison-1.1.jar:/home/user/.m2/repository/org/codehaus/jackson/jackson-core-asl/1.9.13/jackson-core-asl-1.9.13.jar:/home/user/.m2/repository/org/codehaus/jackson/jackson-mapper-asl/1.9.13/jackson-mapper-asl-1.9.13.jar:/home/user/.m2/repository/org/codehaus/jackson/jackson-jaxrs/1.9.13/jackson-jaxrs-1.9.13.jar:/home/user/.m2/repository/org/codehaus/jackson/jackson-xc/1.9.13/jackson-xc-1.9.13.jar:/home/user/.m2/repository/commons-logging/commons-logging/1.1.3/commons-logging-1.1.3.jar:/home/user/.m2/repository/commons-beanutils/commons-beanutils/1.9.3/commons-beanutils-1.9.3.jar:/home/user/.m2/repository/org/apache/commons/commons-configuration2/2.1.1/commons-configuration2-2.1.1.jar:/home/user/.m2/repository/org/apache/commons/commons-lang3/3.7/commons-lang3-3.7.jar:/home/user/.m2/repository/org/apache/commons/commons-text/1.4/commons-text-1.4.jar:/home/user/.m2/repository/org/apache/avro/avro/1.7.7/avro-1.7.7.jar:/home/user/.m2/repository/com/thoughtworks/paranamer/paranamer/2.3/paranamer-2.3.jar:/home/user/.m2/repository/org/xerial/snappy/snappy-java/1.0.5/snappy-java-1.0.5.jar:/home/user/.m2/repository/com/google/re2j/re2j/1.1/re2j-1.1.jar:/home/user/.m2/repository/com/google/code/gson/gson/2.2.4/gson-2.2.4.jar:/home/user/.m2/repository/com/jcraft/jsch/0.1.54/jsch-0.1.54.jar:/home/user/.m2/repository/org/apache/curator/curator-client/2.12.0/curator-client-2.12.0.jar:/home/user/.m2/repository/org/apache/curator/curator-recipes/2.12.0/curator-recipes-2.12.0.jar:/home/user/.m2/repository/com/google/code/findbugs/jsr305/3.0.0/jsr305-3.0.0.jar:/home/user/.m2/repository/org/apache/htrace/htrace-core4/4.1.0-incubating/htrace-core4-4.1.0-incubating.jar:/home/user/.m2/repository/org/apache/zookeeper/zookeeper/3.4.13/zookeeper-3.4.13.jar:/home/user/.m2/repository/org/apache/yetus/audience-annotations/0.5.0/audience-annotations-0.5.0.jar:/home/user/.m2/repository/org/codehaus/woodstox/stax2-api/3.1.4/stax2-api-3.1.4.jar:/home/user/.m2/repository/com/fasterxml/woodstox/woodstox-core/5.0.3/woodstox-core-5.0.3.jar:/home/user/.m2/repository/dnsjava/dnsjava/2.1.7/dnsjava-2.1.7.jar:/home/user/.m2/repository/org/apache/hadoop/hadoop-hdfs/3.2.0/hadoop-hdfs-3.2.0-tests.jar:/home/user/.m2/repository/org/eclipse/jetty/jetty-util-ajax/9.3.24.v20180605/jetty-util-ajax-9.3.24.v20180605.jar:/home/user/.m2/repository/commons-daemon/commons-daemon/1.0.13/commons-daemon-1.0.13.jar:/home/user/.m2/repository/io/netty/netty/3.10.5.Final/netty-3.10.5.Final.jar:/home/user/.m2/repository/io/netty/netty-all/4.0.52.Final/netty-all-4.0.52.Final.jar:/home/user/.m2/repository/org/fusesource/leveldbjni/leveldbjni-all/1.8/leveldbjni-all-1.8.jar:"/>
    <property name="sun.cpu.endian" value="little"/>
    <property name="user.home" value="/home/user"/>
    <property name="user.language" value="en"/>
    <property name="java.specification.vendor" value="Oracle Corporation"/>
    <property name="java.home" value="/usr/lib/jvm/java-1.8-openjdk/jre"/>
    <property name="java.security.krb5.conf" value="/workdir/hadoop-ozone/integration-test/target/test-classes/krb5.conf"/>
    <property name="basedir" value="/workdir/hadoop-ozone/integration-test"/>
    <property name="file.separator" value="/"/>
    <property name="line.separator" value="&#10;"/>
    <property name="java.vm.specification.vendor" value="Oracle Corporation"/>
    <property name="java.specification.name" value="Java Platform API Specification"/>
    <property name="java.awt.graphicsenv" value="sun.awt.X11GraphicsEnvironment"/>
    <property name="surefire.real.class.path" value="/workdir/hadoop-ozone/integration-test/target/surefire/surefirebooter3018203573097741576.jar"/>
    <property name="hadoop.log.dir" value="/workdir/hadoop-ozone/integration-test/target/log"/>
    <property name="sun.boot.class.path" value="/usr/lib/jvm/java-1.8-openjdk/jre/lib/resources.jar:/usr/lib/jvm/java-1.8-openjdk/jre/lib/rt.jar:/usr/lib/jvm/java-1.8-openjdk/jre/lib/sunrsasign.jar:/usr/lib/jvm/java-1.8-openjdk/jre/lib/jsse.jar:/usr/lib/jvm/java-1.8-openjdk/jre/lib/jce.jar:/usr/lib/jvm/java-1.8-openjdk/jre/lib/charsets.jar:/usr/lib/jvm/java-1.8-openjdk/jre/lib/jfr.jar:/usr/lib/jvm/java-1.8-openjdk/jre/classes"/>
    <property name="sun.management.compiler" value="HotSpot 64-Bit Tiered Compilers"/>
    <property name="java.runtime.version" value="1.8.0_212-b04"/>
    <property name="java.net.preferIPv4Stack" value="true"/>
    <property name="user.name" value="jenkins1000"/>
    <property name="path.separator" value=":"/>
    <property name="java.security.egd" value="file:///dev/urandom"/>
    <property name="os.version" value="3.10.0-957.12.2.el7.x86_64"/>
    <property name="java.endorsed.dirs" value="/usr/lib/jvm/java-1.8-openjdk/jre/lib/endorsed"/>
    <property name="java.runtime.name" value="OpenJDK Runtime Environment"/>
    <property name="file.encoding" value="UTF-8"/>
    <property name="java.vm.name" value="OpenJDK 64-Bit Server VM"/>
    <property name="test.build.webapps" value=""/>
    <property name="localRepository" value="/home/user/.m2/repository"/>
    <property name="java.vendor.url.bug" value="https://icedtea.classpath.org/bugzilla"/>
    <property name="java.io.tmpdir" value="/tmp"/>
    <property name="require.test.libhadoop" value=""/>
    <property name="java.version" value="1.8.0_212"/>
    <property name="user.dir" value="/workdir/hadoop-ozone/integration-test"/>
    <property name="os.arch" value="amd64"/>
    <property name="java.vm.specification.name" value="Java Virtual Machine Specification"/>
    <property name="test.build.classes" value="/workdir/hadoop-ozone/integration-test/target/test-classes"/>
    <property name="java.awt.printerjob" value="sun.print.PSPrinterJob"/>
    <property name="sun.os.patch.level" value="unknown"/>
    <property name="hadoop.tmp.dir" value="/workdir/hadoop-ozone/integration-test/target/tmp"/>
    <property name="java.library.path" value="/usr/lib/jvm/java-1.8-openjdk/jre/lib/amd64/server:/usr/lib/jvm/java-1.8-openjdk/jre/lib/amd64:/usr/lib/jvm/java-1.8-openjdk/jre/../lib/amd64:/workdir/hadoop-ozone/integration-test/target/native/target/usr/local/lib:/workdir/hadoop-ozone/integration-test/../../hadoop-common-project/hadoop-common/target/native/target/usr/local/lib:/usr/java/packages/lib/amd64:/usr/lib64:/lib64:/lib:/usr/lib"/>
    <property name="java.vm.info" value="mixed mode"/>
    <property name="java.vendor" value="IcedTea"/>
    <property name="java.vm.version" value="25.212-b04"/>
    <property name="java.ext.dirs" value="/usr/lib/jvm/java-1.8-openjdk/jre/lib/ext:/usr/java/packages/lib/ext"/>
    <property name="sun.io.unicode.encoding" value="UnicodeLittle"/>
    <property name="java.class.version" value="52.0"/>
  </properties>
  <testcase name="test2DatanodesFailure" classname="org.apache.hadoop.ozone.client.rpc.TestBlockOutputStreamWithFailures" time="58.375"/>
  <testcase name="testDatanodeFailureWithPreAllocation" classname="org.apache.hadoop.ozone.client.rpc.TestBlockOutputStreamWithFailures" time="226.177"/>
  <testcase name="testDatanodeFailureWithSingleNodeRatis" classname="org.apache.hadoop.ozone.client.rpc.TestBlockOutputStreamWithFailures" time="243.352"/>
  <testcase name="testWatchForCommitWithSingleNodeRatis" classname="org.apache.hadoop.ozone.client.rpc.TestBlockOutputStreamWithFailures" time="36.901"/>
  <testcase name="testWatchForCommitDatanodeFailure" classname="org.apache.hadoop.ozone.client.rpc.TestBlockOutputStreamWithFailures" time="36.642"/>
  <testcase name="testFailureWithPrimeSizedData" classname="org.apache.hadoop.ozone.client.rpc.TestBlockOutputStreamWithFailures" time="35.468">
    <failure message="expected:&lt;3&gt; but was:&lt;2&gt;" type="java.lang.AssertionError"><![CDATA[java.lang.AssertionError: expected:<3> but was:<2>
	at org.junit.Assert.fail(Assert.java:88)
	at org.junit.Assert.failNotEquals(Assert.java:743)
	at org.junit.Assert.assertEquals(Assert.java:118)
	at org.junit.Assert.assertEquals(Assert.java:555)
	at org.junit.Assert.assertEquals(Assert.java:542)
	at org.apache.hadoop.ozone.client.rpc.TestBlockOutputStreamWithFailures.testFailureWithPrimeSizedData(TestBlockOutputStreamWithFailures.java:625)
	at sun.reflect.NativeMethodAccessorImpl.invoke0(Native Method)
	at sun.reflect.NativeMethodAccessorImpl.invoke(NativeMethodAccessorImpl.java:62)
	at sun.reflect.DelegatingMethodAccessorImpl.invoke(DelegatingMethodAccessorImpl.java:43)
	at java.lang.reflect.Method.invoke(Method.java:498)
	at org.junit.runners.model.FrameworkMethod$1.runReflectiveCall(FrameworkMethod.java:47)
	at org.junit.internal.runners.model.ReflectiveCallable.run(ReflectiveCallable.java:12)
	at org.junit.runners.model.FrameworkMethod.invokeExplosively(FrameworkMethod.java:44)
	at org.junit.internal.runners.statements.InvokeMethod.evaluate(InvokeMethod.java:17)
	at org.junit.internal.runners.statements.RunBefores.evaluate(RunBefores.java:26)
	at org.junit.internal.runners.statements.RunAfters.evaluate(RunAfters.java:27)
	at org.junit.runners.ParentRunner.runLeaf(ParentRunner.java:271)
	at org.junit.runners.BlockJUnit4ClassRunner.runChild(BlockJUnit4ClassRunner.java:70)
	at org.junit.runners.BlockJUnit4ClassRunner.runChild(BlockJUnit4ClassRunner.java:50)
	at org.junit.runners.ParentRunner$3.run(ParentRunner.java:238)
	at org.junit.runners.ParentRunner$1.schedule(ParentRunner.java:63)
	at org.junit.runners.ParentRunner.runChildren(ParentRunner.java:236)
	at org.junit.runners.ParentRunner.access$000(ParentRunner.java:53)
	at org.junit.runners.ParentRunner$2.evaluate(ParentRunner.java:229)
	at org.junit.runners.ParentRunner.run(ParentRunner.java:309)
	at org.apache.maven.surefire.junit4.JUnit4Provider.execute(JUnit4Provider.java:365)
	at org.apache.maven.surefire.junit4.JUnit4Provider.executeWithRerun(JUnit4Provider.java:273)
	at org.apache.maven.surefire.junit4.JUnit4Provider.executeTestSet(JUnit4Provider.java:238)
	at org.apache.maven.surefire.junit4.JUnit4Provider.invoke(JUnit4Provider.java:159)
	at org.apache.maven.surefire.booter.ForkedBooter.invokeProviderInSameClassLoader(ForkedBooter.java:384)
	at org.apache.maven.surefire.booter.ForkedBooter.runSuitesInProcess(ForkedBooter.java:345)
	at org.apache.maven.surefire.booter.ForkedBooter.execute(ForkedBooter.java:126)
	at org.apache.maven.surefire.booter.ForkedBooter.main(ForkedBooter.java:418)
]]></failure>
    <system-out><![CDATA[2019-08-28 19:30:54,608 [main] WARN  server.ServerUtils (ServerUtils.java:getScmDbDir(155)) - ozone.scm.db.dirs is not configured. We recommend adding this setting. Falling back to ozone.metadata.dirs instead.
2019-08-28 19:30:54,647 [main] WARN  server.ServerUtils (ServerUtils.java:getScmDbDir(155)) - ozone.scm.db.dirs is not configured. We recommend adding this setting. Falling back to ozone.metadata.dirs instead.
2019-08-28 19:30:54,647 [main] WARN  server.ServerUtils (ServerUtils.java:getScmDbDir(155)) - ozone.scm.db.dirs is not configured. We recommend adding this setting. Falling back to ozone.metadata.dirs instead.
2019-08-28 19:30:54,648 [main] INFO  db.DBStoreBuilder (DBStoreBuilder.java:addTable(110)) - using custom profile for table: deletedBlocks
2019-08-28 19:30:54,648 [main] INFO  db.DBStoreBuilder (DBStoreBuilder.java:processTables(161)) - Using default column profile:DBProfile.DISK for Table:deletedBlocks
2019-08-28 19:30:54,648 [main] INFO  db.DBStoreBuilder (DBStoreBuilder.java:addTable(110)) - using custom profile for table: validCerts
2019-08-28 19:30:54,648 [main] INFO  db.DBStoreBuilder (DBStoreBuilder.java:processTables(161)) - Using default column profile:DBProfile.DISK for Table:validCerts
2019-08-28 19:30:54,649 [main] INFO  db.DBStoreBuilder (DBStoreBuilder.java:addTable(110)) - using custom profile for table: revokedCerts
2019-08-28 19:30:54,649 [main] INFO  db.DBStoreBuilder (DBStoreBuilder.java:processTables(161)) - Using default column profile:DBProfile.DISK for Table:revokedCerts
2019-08-28 19:30:54,649 [main] INFO  db.DBStoreBuilder (DBStoreBuilder.java:addTable(110)) - using custom profile for table: default
2019-08-28 19:30:54,649 [main] INFO  db.DBStoreBuilder (DBStoreBuilder.java:processTables(167)) - Using default column profile:DBProfile.DISK for Table:default
2019-08-28 19:30:54,650 [main] INFO  db.DBStoreBuilder (DBStoreBuilder.java:getDbProfile(198)) - Using default options. DBProfile.DISK
2019-08-28 19:30:55,032 [main] INFO  net.NodeSchemaLoader (NodeSchemaLoader.java:loadSchemaFromFile(125)) - Loading file from sun.misc.CompoundEnumeration@134a8ead
2019-08-28 19:30:55,032 [main] INFO  net.NodeSchemaLoader (NodeSchemaLoader.java:loadSchema(171)) - Loading network topology layer schema file
2019-08-28 19:30:55,037 [main] INFO  node.SCMNodeManager (SCMNodeManager.java:<init>(121)) - Entering startup safe mode.
2019-08-28 19:30:55,038 [main] INFO  algorithms.ContainerPlacementPolicyFactory (ContainerPlacementPolicyFactory.java:getPolicy(55)) - Create container placement policy of type org.apache.hadoop.hdds.scm.container.placement.algorithms.SCMContainerPlacementRandom
2019-08-28 19:30:55,039 [main] WARN  server.ServerUtils (ServerUtils.java:getScmDbDir(155)) - ozone.scm.db.dirs is not configured. We recommend adding this setting. Falling back to ozone.metadata.dirs instead.
2019-08-28 19:30:55,174 [main] INFO  pipeline.SCMPipelineManager (SCMPipelineManager.java:initializePipelineState(126)) - No pipeline exists in current db
2019-08-28 19:30:55,174 [main] WARN  server.ServerUtils (ServerUtils.java:getScmDbDir(155)) - ozone.scm.db.dirs is not configured. We recommend adding this setting. Falling back to ozone.metadata.dirs instead.
2019-08-28 19:30:55,623 [main] WARN  events.EventQueue (EventQueue.java:fireEvent(175)) - No event handler registered for event TypedEvent{payloadType=SafeModeStatus, name='SafeModeStatus'}
2019-08-28 19:30:55,623 [main] INFO  ipc.CallQueueManager (CallQueueManager.java:<init>(84)) - Using callQueue: class java.util.concurrent.LinkedBlockingQueue, queueCapacity: 2000, scheduler: class org.apache.hadoop.ipc.DefaultRpcScheduler, ipcBackoff: false.
2019-08-28 19:30:55,625 [Socket Reader #1 for port 38662] INFO  ipc.Server (Server.java:run(1074)) - Starting Socket Reader #1 for port 38662
2019-08-28 19:30:55,626 [main] INFO  ipc.CallQueueManager (CallQueueManager.java:<init>(84)) - Using callQueue: class java.util.concurrent.LinkedBlockingQueue, queueCapacity: 2000, scheduler: class org.apache.hadoop.ipc.DefaultRpcScheduler, ipcBackoff: false.
2019-08-28 19:30:55,627 [Socket Reader #1 for port 34048] INFO  ipc.Server (Server.java:run(1074)) - Starting Socket Reader #1 for port 34048
2019-08-28 19:30:55,628 [main] INFO  ipc.CallQueueManager (CallQueueManager.java:<init>(84)) - Using callQueue: class java.util.concurrent.LinkedBlockingQueue, queueCapacity: 2000, scheduler: class org.apache.hadoop.ipc.DefaultRpcScheduler, ipcBackoff: false.
2019-08-28 19:30:55,629 [Socket Reader #1 for port 42389] INFO  ipc.Server (Server.java:run(1074)) - Starting Socket Reader #1 for port 42389
2019-08-28 19:30:55,632 [main] INFO  hdfs.DFSUtil (DFSUtil.java:httpServerTemplateForNNAndJN(1641)) - Starting Web-server for scm at: http://0.0.0.0:0
2019-08-28 19:30:55,635 [main] INFO  server.AuthenticationFilter (AuthenticationFilter.java:constructSecretProvider(240)) - Unable to initialize FileSignerSecretProvider, falling back to use random secrets.
2019-08-28 19:30:55,636 [main] WARN  http.HttpRequestLog (HttpRequestLog.java:getRequestLog(97)) - Jetty request log can only be enabled using Log4j
2019-08-28 19:30:55,638 [main] INFO  http.HttpServer2 (HttpServer2.java:addGlobalFilter(975)) - Added global filter 'safety' (class=org.apache.hadoop.http.HttpServer2$QuotingInputFilter)
2019-08-28 19:30:55,638 [main] INFO  http.HttpServer2 (HttpServer2.java:addFilter(948)) - Added filter static_user_filter (class=org.apache.hadoop.http.lib.StaticUserWebFilter$StaticUserFilter) to context scm
2019-08-28 19:30:55,638 [main] INFO  http.HttpServer2 (HttpServer2.java:addFilter(958)) - Added filter static_user_filter (class=org.apache.hadoop.http.lib.StaticUserWebFilter$StaticUserFilter) to context logs
2019-08-28 19:30:55,639 [main] INFO  http.HttpServer2 (HttpServer2.java:addFilter(958)) - Added filter static_user_filter (class=org.apache.hadoop.http.lib.StaticUserWebFilter$StaticUserFilter) to context static
2019-08-28 19:30:55,641 [main] INFO  server.StorageContainerManager (StorageContainerManager.java:start(759)) - StorageContainerLocationProtocol RPC server is listening at /0.0.0.0:42389
2019-08-28 19:30:55,643 [main] WARN  impl.MetricsConfig (MetricsConfig.java:loadFirst(134)) - Cannot locate configuration: tried hadoop-metrics2-storagecontainermanager.properties,hadoop-metrics2.properties
2019-08-28 19:30:55,644 [main] INFO  impl.MetricsSystemImpl (MetricsSystemImpl.java:startTimer(374)) - Scheduled Metric snapshot period at 10 second(s).
2019-08-28 19:30:55,644 [main] INFO  impl.MetricsSystemImpl (MetricsSystemImpl.java:start(191)) - StorageContainerManager metrics system started
2019-08-28 19:30:55,724 [main] INFO  server.SCMClientProtocolServer (SCMClientProtocolServer.java:start(151)) - RPC server for Client  is listening at /0.0.0.0:42389
2019-08-28 19:30:55,724 [IPC Server Responder] INFO  ipc.Server (Server.java:run(1314)) - IPC Server Responder: starting
2019-08-28 19:30:55,724 [IPC Server listener on 42389] INFO  ipc.Server (Server.java:run(1153)) - IPC Server listener on 42389: starting
2019-08-28 19:30:55,726 [main] INFO  server.StorageContainerManager (StorageContainerManager.java:start(769)) - ScmBlockLocationProtocol RPC server is listening at /127.0.0.1:34048
2019-08-28 19:30:55,727 [main] INFO  server.SCMBlockProtocolServer (SCMBlockProtocolServer.java:start(141)) - RPC server for Block Protocol is listening at /127.0.0.1:34048
2019-08-28 19:30:55,727 [IPC Server Responder] INFO  ipc.Server (Server.java:run(1314)) - IPC Server Responder: starting
2019-08-28 19:30:55,727 [IPC Server listener on 34048] INFO  ipc.Server (Server.java:run(1153)) - IPC Server listener on 34048: starting
2019-08-28 19:30:55,729 [main] INFO  server.StorageContainerManager (StorageContainerManager.java:start(773)) - ScmDatanodeProtocl RPC server is listening at /0.0.0.0:38662
2019-08-28 19:30:55,729 [main] INFO  server.SCMDatanodeProtocolServer (SCMDatanodeProtocolServer.java:start(191)) - RPC server for DataNodes is listening at /0.0.0.0:38662
2019-08-28 19:30:55,730 [IPC Server Responder] INFO  ipc.Server (Server.java:run(1314)) - IPC Server Responder: starting
2019-08-28 19:30:55,731 [IPC Server listener on 38662] INFO  ipc.Server (Server.java:run(1153)) - IPC Server listener on 38662: starting
2019-08-28 19:30:55,734 [main] INFO  http.HttpServer2 (HttpServer2.java:bindListener(1191)) - Jetty bound to port 32881
2019-08-28 19:30:55,734 [main] INFO  server.Server (Server.java:doStart(351)) - jetty-9.3.24.v20180605, build timestamp: 2018-06-05T17:11:56Z, git hash: 84205aa28f11a4f31f2a3b86d1bba2cc8ab69827
2019-08-28 19:30:55,735 [main] INFO  handler.ContextHandler (ContextHandler.java:doStart(781)) - Started o.e.j.s.ServletContextHandler@207dd1b7{/logs,file:///workdir/hadoop-ozone/integration-test/target/log,AVAILABLE}
2019-08-28 19:30:55,736 [main] INFO  handler.ContextHandler (ContextHandler.java:doStart(781)) - Started o.e.j.s.ServletContextHandler@23ad2d17{/static,file:///workdir/hadoop-ozone/integration-test/target/test-classes/webapps/static,AVAILABLE}
2019-08-28 19:30:55,740 [main] INFO  handler.ContextHandler (ContextHandler.java:doStart(781)) - Started o.e.j.w.WebAppContext@6c8efde4{/,file:///workdir/hadoop-ozone/integration-test/target/test-classes/webapps/scm/,AVAILABLE}{/scm}
2019-08-28 19:30:55,740 [main] INFO  server.AbstractConnector (AbstractConnector.java:doStart(278)) - Started ServerConnector@24e5389c{HTTP/1.1,[http/1.1]}{0.0.0.0:32881}
2019-08-28 19:30:55,741 [main] INFO  server.Server (Server.java:doStart(419)) - Started @603204ms
2019-08-28 19:30:55,742 [main] INFO  server.BaseHttpServer (BaseHttpServer.java:updateConnectorAddress(226)) - HTTP server of SCM is listening at http://0.0.0.0:32881
2019-08-28 19:30:55,742 [main] WARN  server.ServerUtils (ServerUtils.java:getDBPath(232)) - ozone.om.db.dirs is not configured. We recommend adding this setting. Falling back to ozone.metadata.dirs instead.
2019-08-28 19:30:55,743 [org.apache.hadoop.util.JvmPauseMonitor$Monitor@5e9bf744] INFO  util.JvmPauseMonitor (JvmPauseMonitor.java:run(188)) - Starting JVM pause monitor
2019-08-28 19:30:55,760 [main] WARN  server.ServerUtils (ServerUtils.java:getDBPath(232)) - ozone.om.db.dirs is not configured. We recommend adding this setting. Falling back to ozone.metadata.dirs instead.
2019-08-28 19:30:55,760 [main] WARN  server.ServerUtils (ServerUtils.java:getDBPath(232)) - ozone.om.db.dirs is not configured. We recommend adding this setting. Falling back to ozone.metadata.dirs instead.
2019-08-28 19:30:55,760 [main] INFO  om.OzoneManager (OzoneManager.java:setOMNodeDetails(645)) - OM Service ID is not set. Setting it to the default ID: omServiceIdDefault
2019-08-28 19:30:55,761 [main] INFO  om.OzoneManager (OzoneManager.java:setOMNodeDetails(651)) - OM Node ID is not set. Setting it to the OmStorage's OmID: f14bffc5-a893-450e-8f80-f0fa59063ac9
2019-08-28 19:30:55,761 [main] INFO  om.OzoneManager (OzoneManager.java:loadOMHAConfigs(602)) - Found matching OM address with OMServiceId: null, OMNodeId: null, RPC Address: localhost:0 and Ratis port: 9872
2019-08-28 19:30:55,765 | INFO  | SCMAudit | user=jenkins1000 | ip=127.0.0.1 | op=GET_SCM_INFO null | ret=SUCCESS |  
2019-08-28 19:30:55,767 [main] WARN  server.ServerUtils (ServerUtils.java:getDBPath(232)) - ozone.om.db.dirs is not configured. We recommend adding this setting. Falling back to ozone.metadata.dirs instead.
2019-08-28 19:30:55,767 [main] INFO  db.DBStoreBuilder (DBStoreBuilder.java:addTable(110)) - using custom profile for table: userTable
2019-08-28 19:30:55,767 [main] INFO  db.DBStoreBuilder (DBStoreBuilder.java:processTables(161)) - Using default column profile:DBProfile.DISK for Table:userTable
2019-08-28 19:30:55,767 [main] INFO  db.DBStoreBuilder (DBStoreBuilder.java:addTable(110)) - using custom profile for table: volumeTable
2019-08-28 19:30:55,767 [main] INFO  db.DBStoreBuilder (DBStoreBuilder.java:processTables(161)) - Using default column profile:DBProfile.DISK for Table:volumeTable
2019-08-28 19:30:55,768 [main] INFO  db.DBStoreBuilder (DBStoreBuilder.java:addTable(110)) - using custom profile for table: bucketTable
2019-08-28 19:30:55,768 [main] INFO  db.DBStoreBuilder (DBStoreBuilder.java:processTables(161)) - Using default column profile:DBProfile.DISK for Table:bucketTable
2019-08-28 19:30:55,768 [main] INFO  db.DBStoreBuilder (DBStoreBuilder.java:addTable(110)) - using custom profile for table: keyTable
2019-08-28 19:30:55,768 [main] INFO  db.DBStoreBuilder (DBStoreBuilder.java:processTables(161)) - Using default column profile:DBProfile.DISK for Table:keyTable
2019-08-28 19:30:55,768 [main] INFO  db.DBStoreBuilder (DBStoreBuilder.java:addTable(110)) - using custom profile for table: deletedTable
2019-08-28 19:30:55,768 [main] INFO  db.DBStoreBuilder (DBStoreBuilder.java:processTables(161)) - Using default column profile:DBProfile.DISK for Table:deletedTable
2019-08-28 19:30:55,769 [main] INFO  db.DBStoreBuilder (DBStoreBuilder.java:addTable(110)) - using custom profile for table: openKeyTable
2019-08-28 19:30:55,769 [main] INFO  db.DBStoreBuilder (DBStoreBuilder.java:processTables(161)) - Using default column profile:DBProfile.DISK for Table:openKeyTable
2019-08-28 19:30:55,769 [main] INFO  db.DBStoreBuilder (DBStoreBuilder.java:addTable(110)) - using custom profile for table: s3Table
2019-08-28 19:30:55,769 [main] INFO  db.DBStoreBuilder (DBStoreBuilder.java:processTables(161)) - Using default column profile:DBProfile.DISK for Table:s3Table
2019-08-28 19:30:55,769 [main] INFO  db.DBStoreBuilder (DBStoreBuilder.java:addTable(110)) - using custom profile for table: multipartInfoTable
2019-08-28 19:30:55,769 [main] INFO  db.DBStoreBuilder (DBStoreBuilder.java:processTables(161)) - Using default column profile:DBProfile.DISK for Table:multipartInfoTable
2019-08-28 19:30:55,769 [main] INFO  db.DBStoreBuilder (DBStoreBuilder.java:addTable(110)) - using custom profile for table: dTokenTable
2019-08-28 19:30:55,770 [main] INFO  db.DBStoreBuilder (DBStoreBuilder.java:processTables(161)) - Using default column profile:DBProfile.DISK for Table:dTokenTable
2019-08-28 19:30:55,770 [main] INFO  db.DBStoreBuilder (DBStoreBuilder.java:addTable(110)) - using custom profile for table: s3SecretTable
2019-08-28 19:30:55,770 [main] INFO  db.DBStoreBuilder (DBStoreBuilder.java:processTables(161)) - Using default column profile:DBProfile.DISK for Table:s3SecretTable
2019-08-28 19:30:55,770 [main] INFO  db.DBStoreBuilder (DBStoreBuilder.java:addTable(110)) - using custom profile for table: prefixTable
2019-08-28 19:30:55,770 [main] INFO  db.DBStoreBuilder (DBStoreBuilder.java:processTables(161)) - Using default column profile:DBProfile.DISK for Table:prefixTable
2019-08-28 19:30:55,770 [main] INFO  db.DBStoreBuilder (DBStoreBuilder.java:addTable(110)) - using custom profile for table: default
2019-08-28 19:30:55,771 [main] INFO  db.DBStoreBuilder (DBStoreBuilder.java:processTables(167)) - Using default column profile:DBProfile.DISK for Table:default
2019-08-28 19:30:55,771 [main] INFO  db.DBStoreBuilder (DBStoreBuilder.java:getDbProfile(198)) - Using default options. DBProfile.DISK
2019-08-28 19:30:56,659 [main] INFO  ipc.CallQueueManager (CallQueueManager.java:<init>(84)) - Using callQueue: class java.util.concurrent.LinkedBlockingQueue, queueCapacity: 2000, scheduler: class org.apache.hadoop.ipc.DefaultRpcScheduler, ipcBackoff: false.
2019-08-28 19:30:56,660 [Socket Reader #1 for port 33290] INFO  ipc.Server (Server.java:run(1074)) - Starting Socket Reader #1 for port 33290
2019-08-28 19:30:56,671 [main] INFO  om.OzoneManager (OzoneManager.java:start(1256)) - OzoneManager RPC server is listening at localhost/127.0.0.1:33290
2019-08-28 19:30:56,671 [main] INFO  impl.MetricsSystemImpl (MetricsSystemImpl.java:init(158)) - OzoneManager metrics system started (again)
2019-08-28 19:30:56,672 [IPC Server Responder] INFO  ipc.Server (Server.java:run(1314)) - IPC Server Responder: starting
2019-08-28 19:30:56,672 [IPC Server listener on 33290] INFO  ipc.Server (Server.java:run(1153)) - IPC Server listener on 33290: starting
2019-08-28 19:30:56,676 [main] INFO  hdfs.DFSUtil (DFSUtil.java:httpServerTemplateForNNAndJN(1641)) - Starting Web-server for ozoneManager at: http://0.0.0.0:0
2019-08-28 19:30:56,678 [main] INFO  server.AuthenticationFilter (AuthenticationFilter.java:constructSecretProvider(240)) - Unable to initialize FileSignerSecretProvider, falling back to use random secrets.
2019-08-28 19:30:56,678 [main] WARN  http.HttpRequestLog (HttpRequestLog.java:getRequestLog(97)) - Jetty request log can only be enabled using Log4j
2019-08-28 19:30:56,679 [main] INFO  http.HttpServer2 (HttpServer2.java:addGlobalFilter(975)) - Added global filter 'safety' (class=org.apache.hadoop.http.HttpServer2$QuotingInputFilter)
2019-08-28 19:30:56,680 [main] INFO  http.HttpServer2 (HttpServer2.java:addFilter(948)) - Added filter static_user_filter (class=org.apache.hadoop.http.lib.StaticUserWebFilter$StaticUserFilter) to context ozoneManager
2019-08-28 19:30:56,680 [main] INFO  http.HttpServer2 (HttpServer2.java:addFilter(958)) - Added filter static_user_filter (class=org.apache.hadoop.http.lib.StaticUserWebFilter$StaticUserFilter) to context static
2019-08-28 19:30:56,680 [main] INFO  http.HttpServer2 (HttpServer2.java:addFilter(958)) - Added filter static_user_filter (class=org.apache.hadoop.http.lib.StaticUserWebFilter$StaticUserFilter) to context logs
2019-08-28 19:30:56,681 [main] INFO  http.HttpServer2 (HttpServer2.java:bindListener(1191)) - Jetty bound to port 46506
2019-08-28 19:30:56,681 [main] INFO  server.Server (Server.java:doStart(351)) - jetty-9.3.24.v20180605, build timestamp: 2018-06-05T17:11:56Z, git hash: 84205aa28f11a4f31f2a3b86d1bba2cc8ab69827
2019-08-28 19:30:56,682 [main] INFO  handler.ContextHandler (ContextHandler.java:doStart(781)) - Started o.e.j.s.ServletContextHandler@29bd85db{/logs,file:///workdir/hadoop-ozone/integration-test/target/log,AVAILABLE}
2019-08-28 19:30:56,683 [main] INFO  handler.ContextHandler (ContextHandler.java:doStart(781)) - Started o.e.j.s.ServletContextHandler@5c234920{/static,file:///workdir/hadoop-ozone/integration-test/target/test-classes/webapps/static,AVAILABLE}
2019-08-28 19:30:56,686 [main] INFO  handler.ContextHandler (ContextHandler.java:doStart(781)) - Started o.e.j.w.WebAppContext@2ad7bd26{/,file:///workdir/hadoop-ozone/integration-test/target/test-classes/webapps/ozoneManager/,AVAILABLE}{/ozoneManager}
2019-08-28 19:30:56,687 [main] INFO  server.AbstractConnector (AbstractConnector.java:doStart(278)) - Started ServerConnector@3cc3f13e{HTTP/1.1,[http/1.1]}{0.0.0.0:46506}
2019-08-28 19:30:56,688 [main] INFO  server.Server (Server.java:doStart(419)) - Started @604150ms
2019-08-28 19:30:56,688 [main] INFO  server.BaseHttpServer (BaseHttpServer.java:updateConnectorAddress(226)) - HTTP server of OZONEMANAGER is listening at http://0.0.0.0:46506
2019-08-28 19:30:56,713 [main] INFO  impl.MetricsSystemImpl (MetricsSystemImpl.java:init(158)) - HddsDatanode metrics system started (again)
2019-08-28 19:30:56,715 [main] INFO  ozone.HddsDatanodeService (HddsDatanodeService.java:start(190)) - HddsDatanodeService host:pr-hdds-1949-vp5nt-881372353 ip:192.168.69.113
2019-08-28 19:30:56,721 [main] INFO  volume.HddsVolume (HddsVolume.java:<init>(176)) - Creating Volume: /workdir/hadoop-ozone/integration-test/target/test-dir/MiniOzoneClusterImpl-4c216f00-9015-443b-bac6-aeadc5876bb8/datanode-0/data/containers/hdds of  storage type : DISK and capacity : 1482555576320
2019-08-28 19:30:56,721 [main] INFO  volume.VolumeSet (VolumeSet.java:initializeVolumeSet(170)) - Added Volume : /workdir/hadoop-ozone/integration-test/target/test-dir/MiniOzoneClusterImpl-4c216f00-9015-443b-bac6-aeadc5876bb8/datanode-0/data/containers/hdds to VolumeSet
2019-08-28 19:30:56,722 [main] INFO  volume.ThrottledAsyncChecker (ThrottledAsyncChecker.java:schedule(140)) - Scheduling a check for org.apache.hadoop.ozone.container.common.volume.HddsVolume@29170a47
2019-08-28 19:30:56,723 [main] INFO  volume.HddsVolumeChecker (HddsVolumeChecker.java:checkAllVolumes(203)) - Scheduled health check for volume org.apache.hadoop.ozone.container.common.volume.HddsVolume@29170a47
2019-08-28 19:30:56,738 [main] INFO  impl.RaftServerProxy (ConfUtils.java:logGet(43)) - raft.rpc.type = GRPC (default)
2019-08-28 19:30:56,738 [main] INFO  grpc.GrpcFactory (GrpcFactory.java:checkPooledByteBufAllocatorUseCacheForAllThreads(45)) - PERFORMANCE WARNING: useCacheForAllThreads is true that may cause Netty to create a lot garbage objects and, as a result, trigger GC.
	It is recommended to disable useCacheForAllThreads by setting -Dorg.apache.ratis.thirdparty.io.netty.allocator.useCacheForAllThreads=false in command line.
2019-08-28 19:30:56,739 [main] INFO  grpc.GrpcConfigKeys$Server (ConfUtils.java:logGet(43)) - raft.grpc.server.port = 0 (default)
2019-08-28 19:30:56,739 [main] INFO  server.GrpcService (ConfUtils.java:logGet(43)) - raft.grpc.message.size.max = 33570816 (custom)
2019-08-28 19:30:56,739 [main] INFO  server.RaftServerConfigKeys (ConfUtils.java:logGet(43)) - raft.server.log.appender.buffer.byte-limit = 33554432 (custom)
2019-08-28 19:30:56,739 [main] INFO  server.GrpcService (ConfUtils.java:logGet(43)) - raft.grpc.flow.control.window = 1MB (=1048576) (default)
2019-08-28 19:30:56,739 [main] INFO  server.RaftServerConfigKeys (ConfUtils.java:logGet(43)) - raft.server.rpc.request.timeout = 3000ms (default)
2019-08-28 19:30:56,740 [main] INFO  server.RaftServerConfigKeys (ConfUtils.java:logGet(43)) - raft.server.storage.dir = [/workdir/hadoop-ozone/integration-test/target/test-dir/MiniOzoneClusterImpl-4c216f00-9015-443b-bac6-aeadc5876bb8/datanode-0/data/ratis] (custom)
2019-08-28 19:30:56,740 [main] INFO  replication.SimpleContainerDownloader (SimpleContainerDownloader.java:<init>(72)) - Starting container downloader service to copy containers to replicate.
2019-08-28 19:30:56,741 [main] INFO  hdfs.DFSUtil (DFSUtil.java:httpServerTemplateForNNAndJN(1641)) - Starting Web-server for hddsDatanode at: http://0.0.0.0:0
2019-08-28 19:30:56,743 [main] INFO  server.AuthenticationFilter (AuthenticationFilter.java:constructSecretProvider(240)) - Unable to initialize FileSignerSecretProvider, falling back to use random secrets.
2019-08-28 19:30:56,743 [main] WARN  http.HttpRequestLog (HttpRequestLog.java:getRequestLog(97)) - Jetty request log can only be enabled using Log4j
2019-08-28 19:30:56,744 [main] INFO  http.HttpServer2 (HttpServer2.java:addGlobalFilter(975)) - Added global filter 'safety' (class=org.apache.hadoop.http.HttpServer2$QuotingInputFilter)
2019-08-28 19:30:56,745 [main] INFO  http.HttpServer2 (HttpServer2.java:addFilter(948)) - Added filter static_user_filter (class=org.apache.hadoop.http.lib.StaticUserWebFilter$StaticUserFilter) to context hddsDatanode
2019-08-28 19:30:56,745 [main] INFO  http.HttpServer2 (HttpServer2.java:addFilter(958)) - Added filter static_user_filter (class=org.apache.hadoop.http.lib.StaticUserWebFilter$StaticUserFilter) to context logs
2019-08-28 19:30:56,745 [main] INFO  http.HttpServer2 (HttpServer2.java:addFilter(958)) - Added filter static_user_filter (class=org.apache.hadoop.http.lib.StaticUserWebFilter$StaticUserFilter) to context static
2019-08-28 19:30:56,746 [main] INFO  http.HttpServer2 (HttpServer2.java:bindListener(1191)) - Jetty bound to port 40914
2019-08-28 19:30:56,746 [main] INFO  server.Server (Server.java:doStart(351)) - jetty-9.3.24.v20180605, build timestamp: 2018-06-05T17:11:56Z, git hash: 84205aa28f11a4f31f2a3b86d1bba2cc8ab69827
2019-08-28 19:30:56,747 [main] INFO  handler.ContextHandler (ContextHandler.java:doStart(781)) - Started o.e.j.s.ServletContextHandler@714e861f{/logs,file:///workdir/hadoop-ozone/integration-test/target/log,AVAILABLE}
2019-08-28 19:30:56,748 [main] INFO  handler.ContextHandler (ContextHandler.java:doStart(781)) - Started o.e.j.s.ServletContextHandler@6eda012b{/static,jar:file:/home/user/.m2/repository/org/apache/hadoop/hadoop-hdds-container-service/0.5.0-SNAPSHOT/hadoop-hdds-container-service-0.5.0-SNAPSHOT.jar!/webapps/static,AVAILABLE}
2019-08-28 19:30:56,779 [main] INFO  handler.ContextHandler (ContextHandler.java:doStart(781)) - Started o.e.j.w.WebAppContext@150d6eaf{/,file:///tmp/jetty-0.0.0.0-40914-hddsDatanode-_-any-5934954627205176775.dir/webapp/,AVAILABLE}{/hddsDatanode}
2019-08-28 19:30:56,780 [main] INFO  server.AbstractConnector (AbstractConnector.java:doStart(278)) - Started ServerConnector@63124022{HTTP/1.1,[http/1.1]}{0.0.0.0:40914}
2019-08-28 19:30:56,782 [main] INFO  server.Server (Server.java:doStart(419)) - Started @604245ms
2019-08-28 19:30:56,783 [main] INFO  server.BaseHttpServer (BaseHttpServer.java:updateConnectorAddress(226)) - HTTP server of HDDSDATANODE is listening at http://0.0.0.0:40914
2019-08-28 19:30:56,783 [main] INFO  impl.MetricsSystemImpl (MetricsSystemImpl.java:init(158)) - HddsDatanode metrics system started (again)
2019-08-28 19:30:56,785 [org.apache.hadoop.util.JvmPauseMonitor$Monitor@5a25c979] INFO  util.JvmPauseMonitor (JvmPauseMonitor.java:run(188)) - Starting JVM pause monitor
2019-08-28 19:30:56,787 [main] INFO  ozone.HddsDatanodeService (HddsDatanodeService.java:start(190)) - HddsDatanodeService host:pr-hdds-1949-vp5nt-881372353 ip:192.168.69.113
2019-08-28 19:30:56,788 [Datanode State Machine Thread - 0] INFO  datanode.InitDatanodeState (InitDatanodeState.java:persistContainerDatanodeDetails(140)) - DatanodeDetails is persisted to /workdir/hadoop-ozone/integration-test/target/test-dir/MiniOzoneClusterImpl-4c216f00-9015-443b-bac6-aeadc5876bb8/datanode-0/meta/datanode.id
2019-08-28 19:30:56,793 [main] INFO  volume.HddsVolume (HddsVolume.java:<init>(176)) - Creating Volume: /workdir/hadoop-ozone/integration-test/target/test-dir/MiniOzoneClusterImpl-4c216f00-9015-443b-bac6-aeadc5876bb8/datanode-1/data/containers/hdds of  storage type : DISK and capacity : 1482555576320
2019-08-28 19:30:56,793 [main] INFO  volume.VolumeSet (VolumeSet.java:initializeVolumeSet(170)) - Added Volume : /workdir/hadoop-ozone/integration-test/target/test-dir/MiniOzoneClusterImpl-4c216f00-9015-443b-bac6-aeadc5876bb8/datanode-1/data/containers/hdds to VolumeSet
2019-08-28 19:30:56,793 [main] INFO  volume.ThrottledAsyncChecker (ThrottledAsyncChecker.java:schedule(140)) - Scheduling a check for org.apache.hadoop.ozone.container.common.volume.HddsVolume@1ab53860
2019-08-28 19:30:56,794 [main] INFO  volume.HddsVolumeChecker (HddsVolumeChecker.java:checkAllVolumes(203)) - Scheduled health check for volume org.apache.hadoop.ozone.container.common.volume.HddsVolume@1ab53860
2019-08-28 19:30:56,810 [main] INFO  impl.RaftServerProxy (ConfUtils.java:logGet(43)) - raft.rpc.type = GRPC (default)
2019-08-28 19:30:56,811 [main] INFO  grpc.GrpcFactory (GrpcFactory.java:checkPooledByteBufAllocatorUseCacheForAllThreads(45)) - PERFORMANCE WARNING: useCacheForAllThreads is true that may cause Netty to create a lot garbage objects and, as a result, trigger GC.
	It is recommended to disable useCacheForAllThreads by setting -Dorg.apache.ratis.thirdparty.io.netty.allocator.useCacheForAllThreads=false in command line.
2019-08-28 19:30:56,811 [main] INFO  grpc.GrpcConfigKeys$Server (ConfUtils.java:logGet(43)) - raft.grpc.server.port = 0 (default)
2019-08-28 19:30:56,811 [main] INFO  server.GrpcService (ConfUtils.java:logGet(43)) - raft.grpc.message.size.max = 33570816 (custom)
2019-08-28 19:30:56,811 [main] INFO  server.RaftServerConfigKeys (ConfUtils.java:logGet(43)) - raft.server.log.appender.buffer.byte-limit = 33554432 (custom)
2019-08-28 19:30:56,811 [main] INFO  server.GrpcService (ConfUtils.java:logGet(43)) - raft.grpc.flow.control.window = 1MB (=1048576) (default)
2019-08-28 19:30:56,811 [main] INFO  server.RaftServerConfigKeys (ConfUtils.java:logGet(43)) - raft.server.rpc.request.timeout = 3000ms (default)
2019-08-28 19:30:56,812 [main] INFO  server.RaftServerConfigKeys (ConfUtils.java:logGet(43)) - raft.server.storage.dir = [/workdir/hadoop-ozone/integration-test/target/test-dir/MiniOzoneClusterImpl-4c216f00-9015-443b-bac6-aeadc5876bb8/datanode-1/data/ratis] (custom)
2019-08-28 19:30:56,813 [main] INFO  replication.SimpleContainerDownloader (SimpleContainerDownloader.java:<init>(72)) - Starting container downloader service to copy containers to replicate.
2019-08-28 19:30:56,814 [main] INFO  hdfs.DFSUtil (DFSUtil.java:httpServerTemplateForNNAndJN(1641)) - Starting Web-server for hddsDatanode at: http://0.0.0.0:0
2019-08-28 19:30:56,815 [main] INFO  server.AuthenticationFilter (AuthenticationFilter.java:constructSecretProvider(240)) - Unable to initialize FileSignerSecretProvider, falling back to use random secrets.
2019-08-28 19:30:56,816 [main] WARN  http.HttpRequestLog (HttpRequestLog.java:getRequestLog(97)) - Jetty request log can only be enabled using Log4j
2019-08-28 19:30:56,817 [main] INFO  http.HttpServer2 (HttpServer2.java:addGlobalFilter(975)) - Added global filter 'safety' (class=org.apache.hadoop.http.HttpServer2$QuotingInputFilter)
2019-08-28 19:30:56,817 [main] INFO  http.HttpServer2 (HttpServer2.java:addFilter(948)) - Added filter static_user_filter (class=org.apache.hadoop.http.lib.StaticUserWebFilter$StaticUserFilter) to context hddsDatanode
2019-08-28 19:30:56,818 [main] INFO  http.HttpServer2 (HttpServer2.java:addFilter(958)) - Added filter static_user_filter (class=org.apache.hadoop.http.lib.StaticUserWebFilter$StaticUserFilter) to context logs
2019-08-28 19:30:56,818 [main] INFO  http.HttpServer2 (HttpServer2.java:addFilter(958)) - Added filter static_user_filter (class=org.apache.hadoop.http.lib.StaticUserWebFilter$StaticUserFilter) to context static
2019-08-28 19:30:56,818 [main] INFO  http.HttpServer2 (HttpServer2.java:bindListener(1191)) - Jetty bound to port 40580
2019-08-28 19:30:56,819 [main] INFO  server.Server (Server.java:doStart(351)) - jetty-9.3.24.v20180605, build timestamp: 2018-06-05T17:11:56Z, git hash: 84205aa28f11a4f31f2a3b86d1bba2cc8ab69827
2019-08-28 19:30:56,820 [main] INFO  handler.ContextHandler (ContextHandler.java:doStart(781)) - Started o.e.j.s.ServletContextHandler@401317a0{/logs,file:///workdir/hadoop-ozone/integration-test/target/log,AVAILABLE}
2019-08-28 19:30:56,821 [main] INFO  handler.ContextHandler (ContextHandler.java:doStart(781)) - Started o.e.j.s.ServletContextHandler@5844a2d1{/static,jar:file:/home/user/.m2/repository/org/apache/hadoop/hadoop-hdds-container-service/0.5.0-SNAPSHOT/hadoop-hdds-container-service-0.5.0-SNAPSHOT.jar!/webapps/static,AVAILABLE}
2019-08-28 19:30:56,848 [main] INFO  handler.ContextHandler (ContextHandler.java:doStart(781)) - Started o.e.j.w.WebAppContext@6bb4cc0e{/,file:///tmp/jetty-0.0.0.0-40580-hddsDatanode-_-any-6863695876635774014.dir/webapp/,AVAILABLE}{/hddsDatanode}
2019-08-28 19:30:56,848 [main] INFO  server.AbstractConnector (AbstractConnector.java:doStart(278)) - Started ServerConnector@5cc1bf20{HTTP/1.1,[http/1.1]}{0.0.0.0:40580}
2019-08-28 19:30:56,850 [main] INFO  server.Server (Server.java:doStart(419)) - Started @604312ms
2019-08-28 19:30:56,850 [main] INFO  server.BaseHttpServer (BaseHttpServer.java:updateConnectorAddress(226)) - HTTP server of HDDSDATANODE is listening at http://0.0.0.0:40580
2019-08-28 19:30:56,851 [main] INFO  impl.MetricsSystemImpl (MetricsSystemImpl.java:init(158)) - HddsDatanode metrics system started (again)
2019-08-28 19:30:56,853 [org.apache.hadoop.util.JvmPauseMonitor$Monitor@307584f] INFO  util.JvmPauseMonitor (JvmPauseMonitor.java:run(188)) - Starting JVM pause monitor
2019-08-28 19:30:56,853 [main] INFO  ozone.HddsDatanodeService (HddsDatanodeService.java:start(190)) - HddsDatanodeService host:pr-hdds-1949-vp5nt-881372353 ip:192.168.69.113
2019-08-28 19:30:56,854 [Datanode State Machine Thread - 0] INFO  datanode.InitDatanodeState (InitDatanodeState.java:persistContainerDatanodeDetails(140)) - DatanodeDetails is persisted to /workdir/hadoop-ozone/integration-test/target/test-dir/MiniOzoneClusterImpl-4c216f00-9015-443b-bac6-aeadc5876bb8/datanode-1/meta/datanode.id
2019-08-28 19:30:56,858 [main] INFO  volume.HddsVolume (HddsVolume.java:<init>(176)) - Creating Volume: /workdir/hadoop-ozone/integration-test/target/test-dir/MiniOzoneClusterImpl-4c216f00-9015-443b-bac6-aeadc5876bb8/datanode-2/data/containers/hdds of  storage type : DISK and capacity : 1482555576320
2019-08-28 19:30:56,858 [main] INFO  volume.VolumeSet (VolumeSet.java:initializeVolumeSet(170)) - Added Volume : /workdir/hadoop-ozone/integration-test/target/test-dir/MiniOzoneClusterImpl-4c216f00-9015-443b-bac6-aeadc5876bb8/datanode-2/data/containers/hdds to VolumeSet
2019-08-28 19:30:56,859 [main] INFO  volume.ThrottledAsyncChecker (ThrottledAsyncChecker.java:schedule(140)) - Scheduling a check for org.apache.hadoop.ozone.container.common.volume.HddsVolume@179ee36b
2019-08-28 19:30:56,859 [main] INFO  volume.HddsVolumeChecker (HddsVolumeChecker.java:checkAllVolumes(203)) - Scheduled health check for volume org.apache.hadoop.ozone.container.common.volume.HddsVolume@179ee36b
2019-08-28 19:30:56,872 [main] INFO  impl.RaftServerProxy (ConfUtils.java:logGet(43)) - raft.rpc.type = GRPC (default)
2019-08-28 19:30:56,872 [main] INFO  grpc.GrpcFactory (GrpcFactory.java:checkPooledByteBufAllocatorUseCacheForAllThreads(45)) - PERFORMANCE WARNING: useCacheForAllThreads is true that may cause Netty to create a lot garbage objects and, as a result, trigger GC.
	It is recommended to disable useCacheForAllThreads by setting -Dorg.apache.ratis.thirdparty.io.netty.allocator.useCacheForAllThreads=false in command line.
2019-08-28 19:30:56,872 [main] INFO  grpc.GrpcConfigKeys$Server (ConfUtils.java:logGet(43)) - raft.grpc.server.port = 0 (default)
2019-08-28 19:30:56,872 [main] INFO  server.GrpcService (ConfUtils.java:logGet(43)) - raft.grpc.message.size.max = 33570816 (custom)
2019-08-28 19:30:56,872 [main] INFO  server.RaftServerConfigKeys (ConfUtils.java:logGet(43)) - raft.server.log.appender.buffer.byte-limit = 33554432 (custom)
2019-08-28 19:30:56,873 [main] INFO  server.GrpcService (ConfUtils.java:logGet(43)) - raft.grpc.flow.control.window = 1MB (=1048576) (default)
2019-08-28 19:30:56,873 [main] INFO  server.RaftServerConfigKeys (ConfUtils.java:logGet(43)) - raft.server.rpc.request.timeout = 3000ms (default)
2019-08-28 19:30:56,873 [main] INFO  server.RaftServerConfigKeys (ConfUtils.java:logGet(43)) - raft.server.storage.dir = [/workdir/hadoop-ozone/integration-test/target/test-dir/MiniOzoneClusterImpl-4c216f00-9015-443b-bac6-aeadc5876bb8/datanode-2/data/ratis] (custom)
2019-08-28 19:30:56,874 [main] INFO  replication.SimpleContainerDownloader (SimpleContainerDownloader.java:<init>(72)) - Starting container downloader service to copy containers to replicate.
2019-08-28 19:30:56,874 [main] INFO  hdfs.DFSUtil (DFSUtil.java:httpServerTemplateForNNAndJN(1641)) - Starting Web-server for hddsDatanode at: http://0.0.0.0:0
2019-08-28 19:30:56,876 [main] INFO  server.AuthenticationFilter (AuthenticationFilter.java:constructSecretProvider(240)) - Unable to initialize FileSignerSecretProvider, falling back to use random secrets.
2019-08-28 19:30:56,876 [main] WARN  http.HttpRequestLog (HttpRequestLog.java:getRequestLog(97)) - Jetty request log can only be enabled using Log4j
2019-08-28 19:30:56,877 [main] INFO  http.HttpServer2 (HttpServer2.java:addGlobalFilter(975)) - Added global filter 'safety' (class=org.apache.hadoop.http.HttpServer2$QuotingInputFilter)
2019-08-28 19:30:56,877 [main] INFO  http.HttpServer2 (HttpServer2.java:addFilter(948)) - Added filter static_user_filter (class=org.apache.hadoop.http.lib.StaticUserWebFilter$StaticUserFilter) to context hddsDatanode
2019-08-28 19:30:56,878 [main] INFO  http.HttpServer2 (HttpServer2.java:addFilter(958)) - Added filter static_user_filter (class=org.apache.hadoop.http.lib.StaticUserWebFilter$StaticUserFilter) to context logs
2019-08-28 19:30:56,878 [main] INFO  http.HttpServer2 (HttpServer2.java:addFilter(958)) - Added filter static_user_filter (class=org.apache.hadoop.http.lib.StaticUserWebFilter$StaticUserFilter) to context static
2019-08-28 19:30:56,878 [main] INFO  http.HttpServer2 (HttpServer2.java:bindListener(1191)) - Jetty bound to port 41537
2019-08-28 19:30:56,879 [main] INFO  server.Server (Server.java:doStart(351)) - jetty-9.3.24.v20180605, build timestamp: 2018-06-05T17:11:56Z, git hash: 84205aa28f11a4f31f2a3b86d1bba2cc8ab69827
2019-08-28 19:30:56,880 [main] INFO  handler.ContextHandler (ContextHandler.java:doStart(781)) - Started o.e.j.s.ServletContextHandler@57c69937{/logs,file:///workdir/hadoop-ozone/integration-test/target/log,AVAILABLE}
2019-08-28 19:30:56,880 [main] INFO  handler.ContextHandler (ContextHandler.java:doStart(781)) - Started o.e.j.s.ServletContextHandler@446b64b3{/static,jar:file:/home/user/.m2/repository/org/apache/hadoop/hadoop-hdds-container-service/0.5.0-SNAPSHOT/hadoop-hdds-container-service-0.5.0-SNAPSHOT.jar!/webapps/static,AVAILABLE}
2019-08-28 19:30:56,908 [main] INFO  handler.ContextHandler (ContextHandler.java:doStart(781)) - Started o.e.j.w.WebAppContext@7cc2c551{/,file:///tmp/jetty-0.0.0.0-41537-hddsDatanode-_-any-2130717798369423167.dir/webapp/,AVAILABLE}{/hddsDatanode}
2019-08-28 19:30:56,908 [main] INFO  server.AbstractConnector (AbstractConnector.java:doStart(278)) - Started ServerConnector@d84b3a2{HTTP/1.1,[http/1.1]}{0.0.0.0:41537}
2019-08-28 19:30:56,910 [main] INFO  server.Server (Server.java:doStart(419)) - Started @604372ms
2019-08-28 19:30:56,910 [main] INFO  server.BaseHttpServer (BaseHttpServer.java:updateConnectorAddress(226)) - HTTP server of HDDSDATANODE is listening at http://0.0.0.0:41537
2019-08-28 19:30:56,911 [main] INFO  impl.MetricsSystemImpl (MetricsSystemImpl.java:init(158)) - HddsDatanode metrics system started (again)
2019-08-28 19:30:56,913 [org.apache.hadoop.util.JvmPauseMonitor$Monitor@781dcefd] INFO  util.JvmPauseMonitor (JvmPauseMonitor.java:run(188)) - Starting JVM pause monitor
2019-08-28 19:30:56,913 [main] INFO  ozone.HddsDatanodeService (HddsDatanodeService.java:start(190)) - HddsDatanodeService host:pr-hdds-1949-vp5nt-881372353 ip:192.168.69.113
2019-08-28 19:30:56,914 [Datanode State Machine Thread - 0] INFO  datanode.InitDatanodeState (InitDatanodeState.java:persistContainerDatanodeDetails(140)) - DatanodeDetails is persisted to /workdir/hadoop-ozone/integration-test/target/test-dir/MiniOzoneClusterImpl-4c216f00-9015-443b-bac6-aeadc5876bb8/datanode-2/meta/datanode.id
2019-08-28 19:30:56,919 [main] INFO  volume.HddsVolume (HddsVolume.java:<init>(176)) - Creating Volume: /workdir/hadoop-ozone/integration-test/target/test-dir/MiniOzoneClusterImpl-4c216f00-9015-443b-bac6-aeadc5876bb8/datanode-3/data/containers/hdds of  storage type : DISK and capacity : 1482555576320
2019-08-28 19:30:56,919 [main] INFO  volume.VolumeSet (VolumeSet.java:initializeVolumeSet(170)) - Added Volume : /workdir/hadoop-ozone/integration-test/target/test-dir/MiniOzoneClusterImpl-4c216f00-9015-443b-bac6-aeadc5876bb8/datanode-3/data/containers/hdds to VolumeSet
2019-08-28 19:30:56,919 [main] INFO  volume.ThrottledAsyncChecker (ThrottledAsyncChecker.java:schedule(140)) - Scheduling a check for org.apache.hadoop.ozone.container.common.volume.HddsVolume@41fc0084
2019-08-28 19:30:56,920 [main] INFO  volume.HddsVolumeChecker (HddsVolumeChecker.java:checkAllVolumes(203)) - Scheduled health check for volume org.apache.hadoop.ozone.container.common.volume.HddsVolume@41fc0084
2019-08-28 19:30:56,934 [main] INFO  impl.RaftServerProxy (ConfUtils.java:logGet(43)) - raft.rpc.type = GRPC (default)
2019-08-28 19:30:56,934 [main] INFO  grpc.GrpcFactory (GrpcFactory.java:checkPooledByteBufAllocatorUseCacheForAllThreads(45)) - PERFORMANCE WARNING: useCacheForAllThreads is true that may cause Netty to create a lot garbage objects and, as a result, trigger GC.
	It is recommended to disable useCacheForAllThreads by setting -Dorg.apache.ratis.thirdparty.io.netty.allocator.useCacheForAllThreads=false in command line.
2019-08-28 19:30:56,934 [main] INFO  grpc.GrpcConfigKeys$Server (ConfUtils.java:logGet(43)) - raft.grpc.server.port = 0 (default)
2019-08-28 19:30:56,935 [main] INFO  server.GrpcService (ConfUtils.java:logGet(43)) - raft.grpc.message.size.max = 33570816 (custom)
2019-08-28 19:30:56,935 [main] INFO  server.RaftServerConfigKeys (ConfUtils.java:logGet(43)) - raft.server.log.appender.buffer.byte-limit = 33554432 (custom)
2019-08-28 19:30:56,935 [main] INFO  server.GrpcService (ConfUtils.java:logGet(43)) - raft.grpc.flow.control.window = 1MB (=1048576) (default)
2019-08-28 19:30:56,935 [main] INFO  server.RaftServerConfigKeys (ConfUtils.java:logGet(43)) - raft.server.rpc.request.timeout = 3000ms (default)
2019-08-28 19:30:56,936 [main] INFO  server.RaftServerConfigKeys (ConfUtils.java:logGet(43)) - raft.server.storage.dir = [/workdir/hadoop-ozone/integration-test/target/test-dir/MiniOzoneClusterImpl-4c216f00-9015-443b-bac6-aeadc5876bb8/datanode-3/data/ratis] (custom)
2019-08-28 19:30:56,936 [main] INFO  replication.SimpleContainerDownloader (SimpleContainerDownloader.java:<init>(72)) - Starting container downloader service to copy containers to replicate.
2019-08-28 19:30:56,937 [main] INFO  hdfs.DFSUtil (DFSUtil.java:httpServerTemplateForNNAndJN(1641)) - Starting Web-server for hddsDatanode at: http://0.0.0.0:0
2019-08-28 19:30:56,939 [main] INFO  server.AuthenticationFilter (AuthenticationFilter.java:constructSecretProvider(240)) - Unable to initialize FileSignerSecretProvider, falling back to use random secrets.
2019-08-28 19:30:56,939 [main] WARN  http.HttpRequestLog (HttpRequestLog.java:getRequestLog(97)) - Jetty request log can only be enabled using Log4j
2019-08-28 19:30:56,940 [main] INFO  http.HttpServer2 (HttpServer2.java:addGlobalFilter(975)) - Added global filter 'safety' (class=org.apache.hadoop.http.HttpServer2$QuotingInputFilter)
2019-08-28 19:30:56,941 [main] INFO  http.HttpServer2 (HttpServer2.java:addFilter(948)) - Added filter static_user_filter (class=org.apache.hadoop.http.lib.StaticUserWebFilter$StaticUserFilter) to context hddsDatanode
2019-08-28 19:30:56,941 [main] INFO  http.HttpServer2 (HttpServer2.java:addFilter(958)) - Added filter static_user_filter (class=org.apache.hadoop.http.lib.StaticUserWebFilter$StaticUserFilter) to context logs
2019-08-28 19:30:56,941 [main] INFO  http.HttpServer2 (HttpServer2.java:addFilter(958)) - Added filter static_user_filter (class=org.apache.hadoop.http.lib.StaticUserWebFilter$StaticUserFilter) to context static
2019-08-28 19:30:56,942 [main] INFO  http.HttpServer2 (HttpServer2.java:bindListener(1191)) - Jetty bound to port 41309
2019-08-28 19:30:56,942 [main] INFO  server.Server (Server.java:doStart(351)) - jetty-9.3.24.v20180605, build timestamp: 2018-06-05T17:11:56Z, git hash: 84205aa28f11a4f31f2a3b86d1bba2cc8ab69827
2019-08-28 19:30:56,943 [main] INFO  handler.ContextHandler (ContextHandler.java:doStart(781)) - Started o.e.j.s.ServletContextHandler@539fc5d1{/logs,file:///workdir/hadoop-ozone/integration-test/target/log,AVAILABLE}
2019-08-28 19:30:56,944 [main] INFO  handler.ContextHandler (ContextHandler.java:doStart(781)) - Started o.e.j.s.ServletContextHandler@60b616c8{/static,jar:file:/home/user/.m2/repository/org/apache/hadoop/hadoop-hdds-container-service/0.5.0-SNAPSHOT/hadoop-hdds-container-service-0.5.0-SNAPSHOT.jar!/webapps/static,AVAILABLE}
2019-08-28 19:30:56,973 [main] INFO  handler.ContextHandler (ContextHandler.java:doStart(781)) - Started o.e.j.w.WebAppContext@532dacf5{/,file:///tmp/jetty-0.0.0.0-41309-hddsDatanode-_-any-2625827139353745471.dir/webapp/,AVAILABLE}{/hddsDatanode}
2019-08-28 19:30:56,974 [main] INFO  server.AbstractConnector (AbstractConnector.java:doStart(278)) - Started ServerConnector@da09250{HTTP/1.1,[http/1.1]}{0.0.0.0:41309}
2019-08-28 19:30:56,975 [main] INFO  server.Server (Server.java:doStart(419)) - Started @604438ms
2019-08-28 19:30:56,976 [main] INFO  server.BaseHttpServer (BaseHttpServer.java:updateConnectorAddress(226)) - HTTP server of HDDSDATANODE is listening at http://0.0.0.0:41309
2019-08-28 19:30:56,976 [main] INFO  impl.MetricsSystemImpl (MetricsSystemImpl.java:init(158)) - HddsDatanode metrics system started (again)
2019-08-28 19:30:56,979 [main] INFO  ozone.HddsDatanodeService (HddsDatanodeService.java:start(190)) - HddsDatanodeService host:pr-hdds-1949-vp5nt-881372353 ip:192.168.69.113
2019-08-28 19:30:56,980 [org.apache.hadoop.util.JvmPauseMonitor$Monitor@59d66480] INFO  util.JvmPauseMonitor (JvmPauseMonitor.java:run(188)) - Starting JVM pause monitor
2019-08-28 19:30:56,981 [Datanode State Machine Thread - 0] INFO  datanode.InitDatanodeState (InitDatanodeState.java:persistContainerDatanodeDetails(140)) - DatanodeDetails is persisted to /workdir/hadoop-ozone/integration-test/target/test-dir/MiniOzoneClusterImpl-4c216f00-9015-443b-bac6-aeadc5876bb8/datanode-3/meta/datanode.id
2019-08-28 19:30:56,990 [main] INFO  volume.HddsVolume (HddsVolume.java:<init>(176)) - Creating Volume: /workdir/hadoop-ozone/integration-test/target/test-dir/MiniOzoneClusterImpl-4c216f00-9015-443b-bac6-aeadc5876bb8/datanode-4/data/containers/hdds of  storage type : DISK and capacity : 1482555576320
2019-08-28 19:30:56,990 [main] INFO  volume.VolumeSet (VolumeSet.java:initializeVolumeSet(170)) - Added Volume : /workdir/hadoop-ozone/integration-test/target/test-dir/MiniOzoneClusterImpl-4c216f00-9015-443b-bac6-aeadc5876bb8/datanode-4/data/containers/hdds to VolumeSet
2019-08-28 19:30:56,990 [main] INFO  volume.ThrottledAsyncChecker (ThrottledAsyncChecker.java:schedule(140)) - Scheduling a check for org.apache.hadoop.ozone.container.common.volume.HddsVolume@38de5daf
2019-08-28 19:30:56,991 [main] INFO  volume.HddsVolumeChecker (HddsVolumeChecker.java:checkAllVolumes(203)) - Scheduled health check for volume org.apache.hadoop.ozone.container.common.volume.HddsVolume@38de5daf
2019-08-28 19:30:57,003 [main] INFO  impl.RaftServerProxy (ConfUtils.java:logGet(43)) - raft.rpc.type = GRPC (default)
2019-08-28 19:30:57,004 [main] INFO  grpc.GrpcFactory (GrpcFactory.java:checkPooledByteBufAllocatorUseCacheForAllThreads(45)) - PERFORMANCE WARNING: useCacheForAllThreads is true that may cause Netty to create a lot garbage objects and, as a result, trigger GC.
	It is recommended to disable useCacheForAllThreads by setting -Dorg.apache.ratis.thirdparty.io.netty.allocator.useCacheForAllThreads=false in command line.
2019-08-28 19:30:57,004 [main] INFO  grpc.GrpcConfigKeys$Server (ConfUtils.java:logGet(43)) - raft.grpc.server.port = 0 (default)
2019-08-28 19:30:57,004 [main] INFO  server.GrpcService (ConfUtils.java:logGet(43)) - raft.grpc.message.size.max = 33570816 (custom)
2019-08-28 19:30:57,004 [main] INFO  server.RaftServerConfigKeys (ConfUtils.java:logGet(43)) - raft.server.log.appender.buffer.byte-limit = 33554432 (custom)
2019-08-28 19:30:57,005 [main] INFO  server.GrpcService (ConfUtils.java:logGet(43)) - raft.grpc.flow.control.window = 1MB (=1048576) (default)
2019-08-28 19:30:57,005 [main] INFO  server.RaftServerConfigKeys (ConfUtils.java:logGet(43)) - raft.server.rpc.request.timeout = 3000ms (default)
2019-08-28 19:30:57,005 [main] INFO  server.RaftServerConfigKeys (ConfUtils.java:logGet(43)) - raft.server.storage.dir = [/workdir/hadoop-ozone/integration-test/target/test-dir/MiniOzoneClusterImpl-4c216f00-9015-443b-bac6-aeadc5876bb8/datanode-4/data/ratis] (custom)
2019-08-28 19:30:57,006 [main] INFO  replication.SimpleContainerDownloader (SimpleContainerDownloader.java:<init>(72)) - Starting container downloader service to copy containers to replicate.
2019-08-28 19:30:57,007 [main] INFO  hdfs.DFSUtil (DFSUtil.java:httpServerTemplateForNNAndJN(1641)) - Starting Web-server for hddsDatanode at: http://0.0.0.0:0
2019-08-28 19:30:57,008 [main] INFO  server.AuthenticationFilter (AuthenticationFilter.java:constructSecretProvider(240)) - Unable to initialize FileSignerSecretProvider, falling back to use random secrets.
2019-08-28 19:30:57,008 [main] WARN  http.HttpRequestLog (HttpRequestLog.java:getRequestLog(97)) - Jetty request log can only be enabled using Log4j
2019-08-28 19:30:57,009 [main] INFO  http.HttpServer2 (HttpServer2.java:addGlobalFilter(975)) - Added global filter 'safety' (class=org.apache.hadoop.http.HttpServer2$QuotingInputFilter)
2019-08-28 19:30:57,010 [main] INFO  http.HttpServer2 (HttpServer2.java:addFilter(948)) - Added filter static_user_filter (class=org.apache.hadoop.http.lib.StaticUserWebFilter$StaticUserFilter) to context hddsDatanode
2019-08-28 19:30:57,010 [main] INFO  http.HttpServer2 (HttpServer2.java:addFilter(958)) - Added filter static_user_filter (class=org.apache.hadoop.http.lib.StaticUserWebFilter$StaticUserFilter) to context static
2019-08-28 19:30:57,010 [main] INFO  http.HttpServer2 (HttpServer2.java:addFilter(958)) - Added filter static_user_filter (class=org.apache.hadoop.http.lib.StaticUserWebFilter$StaticUserFilter) to context logs
2019-08-28 19:30:57,011 [main] INFO  http.HttpServer2 (HttpServer2.java:bindListener(1191)) - Jetty bound to port 45969
2019-08-28 19:30:57,011 [main] INFO  server.Server (Server.java:doStart(351)) - jetty-9.3.24.v20180605, build timestamp: 2018-06-05T17:11:56Z, git hash: 84205aa28f11a4f31f2a3b86d1bba2cc8ab69827
2019-08-28 19:30:57,013 [main] INFO  handler.ContextHandler (ContextHandler.java:doStart(781)) - Started o.e.j.s.ServletContextHandler@2fbd390{/logs,file:///workdir/hadoop-ozone/integration-test/target/log,AVAILABLE}
2019-08-28 19:30:57,013 [main] INFO  handler.ContextHandler (ContextHandler.java:doStart(781)) - Started o.e.j.s.ServletContextHandler@5e68be2{/static,jar:file:/home/user/.m2/repository/org/apache/hadoop/hadoop-hdds-container-service/0.5.0-SNAPSHOT/hadoop-hdds-container-service-0.5.0-SNAPSHOT.jar!/webapps/static,AVAILABLE}
2019-08-28 19:30:57,040 [main] INFO  handler.ContextHandler (ContextHandler.java:doStart(781)) - Started o.e.j.w.WebAppContext@7c901203{/,file:///tmp/jetty-0.0.0.0-45969-hddsDatanode-_-any-2367712915567603078.dir/webapp/,AVAILABLE}{/hddsDatanode}
2019-08-28 19:30:57,041 [main] INFO  server.AbstractConnector (AbstractConnector.java:doStart(278)) - Started ServerConnector@1e721583{HTTP/1.1,[http/1.1]}{0.0.0.0:45969}
2019-08-28 19:30:57,042 [main] INFO  server.Server (Server.java:doStart(419)) - Started @604505ms
2019-08-28 19:30:57,043 [main] INFO  server.BaseHttpServer (BaseHttpServer.java:updateConnectorAddress(226)) - HTTP server of HDDSDATANODE is listening at http://0.0.0.0:45969
2019-08-28 19:30:57,043 [main] INFO  impl.MetricsSystemImpl (MetricsSystemImpl.java:init(158)) - HddsDatanode metrics system started (again)
2019-08-28 19:30:57,046 [org.apache.hadoop.util.JvmPauseMonitor$Monitor@62f65138] INFO  util.JvmPauseMonitor (JvmPauseMonitor.java:run(188)) - Starting JVM pause monitor
2019-08-28 19:30:57,046 [main] INFO  ozone.HddsDatanodeService (HddsDatanodeService.java:start(190)) - HddsDatanodeService host:pr-hdds-1949-vp5nt-881372353 ip:192.168.69.113
2019-08-28 19:30:57,047 [Datanode State Machine Thread - 0] INFO  datanode.InitDatanodeState (InitDatanodeState.java:persistContainerDatanodeDetails(140)) - DatanodeDetails is persisted to /workdir/hadoop-ozone/integration-test/target/test-dir/MiniOzoneClusterImpl-4c216f00-9015-443b-bac6-aeadc5876bb8/datanode-4/meta/datanode.id
2019-08-28 19:30:57,052 [main] INFO  volume.HddsVolume (HddsVolume.java:<init>(176)) - Creating Volume: /workdir/hadoop-ozone/integration-test/target/test-dir/MiniOzoneClusterImpl-4c216f00-9015-443b-bac6-aeadc5876bb8/datanode-5/data/containers/hdds of  storage type : DISK and capacity : 1482555576320
2019-08-28 19:30:57,052 [main] INFO  volume.VolumeSet (VolumeSet.java:initializeVolumeSet(170)) - Added Volume : /workdir/hadoop-ozone/integration-test/target/test-dir/MiniOzoneClusterImpl-4c216f00-9015-443b-bac6-aeadc5876bb8/datanode-5/data/containers/hdds to VolumeSet
2019-08-28 19:30:57,053 [main] INFO  volume.ThrottledAsyncChecker (ThrottledAsyncChecker.java:schedule(140)) - Scheduling a check for org.apache.hadoop.ozone.container.common.volume.HddsVolume@2bb31455
2019-08-28 19:30:57,053 [main] INFO  volume.HddsVolumeChecker (HddsVolumeChecker.java:checkAllVolumes(203)) - Scheduled health check for volume org.apache.hadoop.ozone.container.common.volume.HddsVolume@2bb31455
2019-08-28 19:30:57,065 [main] INFO  impl.RaftServerProxy (ConfUtils.java:logGet(43)) - raft.rpc.type = GRPC (default)
2019-08-28 19:30:57,065 [main] INFO  grpc.GrpcFactory (GrpcFactory.java:checkPooledByteBufAllocatorUseCacheForAllThreads(45)) - PERFORMANCE WARNING: useCacheForAllThreads is true that may cause Netty to create a lot garbage objects and, as a result, trigger GC.
	It is recommended to disable useCacheForAllThreads by setting -Dorg.apache.ratis.thirdparty.io.netty.allocator.useCacheForAllThreads=false in command line.
2019-08-28 19:30:57,065 [main] INFO  grpc.GrpcConfigKeys$Server (ConfUtils.java:logGet(43)) - raft.grpc.server.port = 0 (default)
2019-08-28 19:30:57,065 [main] INFO  server.GrpcService (ConfUtils.java:logGet(43)) - raft.grpc.message.size.max = 33570816 (custom)
2019-08-28 19:30:57,066 [main] INFO  server.RaftServerConfigKeys (ConfUtils.java:logGet(43)) - raft.server.log.appender.buffer.byte-limit = 33554432 (custom)
2019-08-28 19:30:57,066 [main] INFO  server.GrpcService (ConfUtils.java:logGet(43)) - raft.grpc.flow.control.window = 1MB (=1048576) (default)
2019-08-28 19:30:57,066 [main] INFO  server.RaftServerConfigKeys (ConfUtils.java:logGet(43)) - raft.server.rpc.request.timeout = 3000ms (default)
2019-08-28 19:30:57,066 [main] INFO  server.RaftServerConfigKeys (ConfUtils.java:logGet(43)) - raft.server.storage.dir = [/workdir/hadoop-ozone/integration-test/target/test-dir/MiniOzoneClusterImpl-4c216f00-9015-443b-bac6-aeadc5876bb8/datanode-5/data/ratis] (custom)
2019-08-28 19:30:57,067 [main] INFO  replication.SimpleContainerDownloader (SimpleContainerDownloader.java:<init>(72)) - Starting container downloader service to copy containers to replicate.
2019-08-28 19:30:57,069 [main] INFO  hdfs.DFSUtil (DFSUtil.java:httpServerTemplateForNNAndJN(1641)) - Starting Web-server for hddsDatanode at: http://0.0.0.0:0
2019-08-28 19:30:57,070 [main] INFO  server.AuthenticationFilter (AuthenticationFilter.java:constructSecretProvider(240)) - Unable to initialize FileSignerSecretProvider, falling back to use random secrets.
2019-08-28 19:30:57,071 [main] WARN  http.HttpRequestLog (HttpRequestLog.java:getRequestLog(97)) - Jetty request log can only be enabled using Log4j
2019-08-28 19:30:57,072 [main] INFO  http.HttpServer2 (HttpServer2.java:addGlobalFilter(975)) - Added global filter 'safety' (class=org.apache.hadoop.http.HttpServer2$QuotingInputFilter)
2019-08-28 19:30:57,072 [main] INFO  http.HttpServer2 (HttpServer2.java:addFilter(948)) - Added filter static_user_filter (class=org.apache.hadoop.http.lib.StaticUserWebFilter$StaticUserFilter) to context hddsDatanode
2019-08-28 19:30:57,073 [main] INFO  http.HttpServer2 (HttpServer2.java:addFilter(958)) - Added filter static_user_filter (class=org.apache.hadoop.http.lib.StaticUserWebFilter$StaticUserFilter) to context logs
2019-08-28 19:30:57,073 [main] INFO  http.HttpServer2 (HttpServer2.java:addFilter(958)) - Added filter static_user_filter (class=org.apache.hadoop.http.lib.StaticUserWebFilter$StaticUserFilter) to context static
2019-08-28 19:30:57,073 [main] INFO  http.HttpServer2 (HttpServer2.java:bindListener(1191)) - Jetty bound to port 38668
2019-08-28 19:30:57,073 [main] INFO  server.Server (Server.java:doStart(351)) - jetty-9.3.24.v20180605, build timestamp: 2018-06-05T17:11:56Z, git hash: 84205aa28f11a4f31f2a3b86d1bba2cc8ab69827
2019-08-28 19:30:57,075 [main] INFO  handler.ContextHandler (ContextHandler.java:doStart(781)) - Started o.e.j.s.ServletContextHandler@652e345{/logs,file:///workdir/hadoop-ozone/integration-test/target/log,AVAILABLE}
2019-08-28 19:30:57,076 [main] INFO  handler.ContextHandler (ContextHandler.java:doStart(781)) - Started o.e.j.s.ServletContextHandler@7bede4ea{/static,jar:file:/home/user/.m2/repository/org/apache/hadoop/hadoop-hdds-container-service/0.5.0-SNAPSHOT/hadoop-hdds-container-service-0.5.0-SNAPSHOT.jar!/webapps/static,AVAILABLE}
2019-08-28 19:30:57,182 [main] INFO  handler.ContextHandler (ContextHandler.java:doStart(781)) - Started o.e.j.w.WebAppContext@4e3283f6{/,file:///tmp/jetty-0.0.0.0-38668-hddsDatanode-_-any-8210477267395980233.dir/webapp/,AVAILABLE}{/hddsDatanode}
2019-08-28 19:30:57,183 [main] INFO  server.AbstractConnector (AbstractConnector.java:doStart(278)) - Started ServerConnector@539316bb{HTTP/1.1,[http/1.1]}{0.0.0.0:38668}
2019-08-28 19:30:57,184 [main] INFO  server.Server (Server.java:doStart(419)) - Started @604647ms
2019-08-28 19:30:57,185 [main] INFO  server.BaseHttpServer (BaseHttpServer.java:updateConnectorAddress(226)) - HTTP server of HDDSDATANODE is listening at http://0.0.0.0:38668
2019-08-28 19:30:57,186 [main] INFO  impl.MetricsSystemImpl (MetricsSystemImpl.java:init(158)) - HddsDatanode metrics system started (again)
2019-08-28 19:30:57,189 [org.apache.hadoop.util.JvmPauseMonitor$Monitor@6f5d3d65] INFO  util.JvmPauseMonitor (JvmPauseMonitor.java:run(188)) - Starting JVM pause monitor
2019-08-28 19:30:57,190 [main] INFO  ozone.HddsDatanodeService (HddsDatanodeService.java:start(190)) - HddsDatanodeService host:pr-hdds-1949-vp5nt-881372353 ip:192.168.69.113
2019-08-28 19:30:57,191 [Datanode State Machine Thread - 0] INFO  datanode.InitDatanodeState (InitDatanodeState.java:persistContainerDatanodeDetails(140)) - DatanodeDetails is persisted to /workdir/hadoop-ozone/integration-test/target/test-dir/MiniOzoneClusterImpl-4c216f00-9015-443b-bac6-aeadc5876bb8/datanode-5/meta/datanode.id
2019-08-28 19:30:57,196 [main] INFO  volume.HddsVolume (HddsVolume.java:<init>(176)) - Creating Volume: /workdir/hadoop-ozone/integration-test/target/test-dir/MiniOzoneClusterImpl-4c216f00-9015-443b-bac6-aeadc5876bb8/datanode-6/data/containers/hdds of  storage type : DISK and capacity : 1482555576320
2019-08-28 19:30:57,196 [main] INFO  volume.VolumeSet (VolumeSet.java:initializeVolumeSet(170)) - Added Volume : /workdir/hadoop-ozone/integration-test/target/test-dir/MiniOzoneClusterImpl-4c216f00-9015-443b-bac6-aeadc5876bb8/datanode-6/data/containers/hdds to VolumeSet
2019-08-28 19:30:57,197 [main] INFO  volume.ThrottledAsyncChecker (ThrottledAsyncChecker.java:schedule(140)) - Scheduling a check for org.apache.hadoop.ozone.container.common.volume.HddsVolume@7604198a
2019-08-28 19:30:57,197 [main] INFO  volume.HddsVolumeChecker (HddsVolumeChecker.java:checkAllVolumes(203)) - Scheduled health check for volume org.apache.hadoop.ozone.container.common.volume.HddsVolume@7604198a
2019-08-28 19:30:57,209 [main] INFO  impl.RaftServerProxy (ConfUtils.java:logGet(43)) - raft.rpc.type = GRPC (default)
2019-08-28 19:30:57,210 [main] INFO  grpc.GrpcFactory (GrpcFactory.java:checkPooledByteBufAllocatorUseCacheForAllThreads(45)) - PERFORMANCE WARNING: useCacheForAllThreads is true that may cause Netty to create a lot garbage objects and, as a result, trigger GC.
	It is recommended to disable useCacheForAllThreads by setting -Dorg.apache.ratis.thirdparty.io.netty.allocator.useCacheForAllThreads=false in command line.
2019-08-28 19:30:57,210 [main] INFO  grpc.GrpcConfigKeys$Server (ConfUtils.java:logGet(43)) - raft.grpc.server.port = 0 (default)
2019-08-28 19:30:57,210 [main] INFO  server.GrpcService (ConfUtils.java:logGet(43)) - raft.grpc.message.size.max = 33570816 (custom)
2019-08-28 19:30:57,210 [main] INFO  server.RaftServerConfigKeys (ConfUtils.java:logGet(43)) - raft.server.log.appender.buffer.byte-limit = 33554432 (custom)
2019-08-28 19:30:57,210 [main] INFO  server.GrpcService (ConfUtils.java:logGet(43)) - raft.grpc.flow.control.window = 1MB (=1048576) (default)
2019-08-28 19:30:57,210 [main] INFO  server.RaftServerConfigKeys (ConfUtils.java:logGet(43)) - raft.server.rpc.request.timeout = 3000ms (default)
2019-08-28 19:30:57,211 [main] INFO  server.RaftServerConfigKeys (ConfUtils.java:logGet(43)) - raft.server.storage.dir = [/workdir/hadoop-ozone/integration-test/target/test-dir/MiniOzoneClusterImpl-4c216f00-9015-443b-bac6-aeadc5876bb8/datanode-6/data/ratis] (custom)
2019-08-28 19:30:57,211 [main] INFO  replication.SimpleContainerDownloader (SimpleContainerDownloader.java:<init>(72)) - Starting container downloader service to copy containers to replicate.
2019-08-28 19:30:57,212 [main] INFO  hdfs.DFSUtil (DFSUtil.java:httpServerTemplateForNNAndJN(1641)) - Starting Web-server for hddsDatanode at: http://0.0.0.0:0
2019-08-28 19:30:57,213 [main] INFO  server.AuthenticationFilter (AuthenticationFilter.java:constructSecretProvider(240)) - Unable to initialize FileSignerSecretProvider, falling back to use random secrets.
2019-08-28 19:30:57,214 [main] WARN  http.HttpRequestLog (HttpRequestLog.java:getRequestLog(97)) - Jetty request log can only be enabled using Log4j
2019-08-28 19:30:57,215 [main] INFO  http.HttpServer2 (HttpServer2.java:addGlobalFilter(975)) - Added global filter 'safety' (class=org.apache.hadoop.http.HttpServer2$QuotingInputFilter)
2019-08-28 19:30:57,215 [main] INFO  http.HttpServer2 (HttpServer2.java:addFilter(948)) - Added filter static_user_filter (class=org.apache.hadoop.http.lib.StaticUserWebFilter$StaticUserFilter) to context hddsDatanode
2019-08-28 19:30:57,216 [main] INFO  http.HttpServer2 (HttpServer2.java:addFilter(958)) - Added filter static_user_filter (class=org.apache.hadoop.http.lib.StaticUserWebFilter$StaticUserFilter) to context static
2019-08-28 19:30:57,216 [main] INFO  http.HttpServer2 (HttpServer2.java:addFilter(958)) - Added filter static_user_filter (class=org.apache.hadoop.http.lib.StaticUserWebFilter$StaticUserFilter) to context logs
2019-08-28 19:30:57,216 [main] INFO  http.HttpServer2 (HttpServer2.java:bindListener(1191)) - Jetty bound to port 39958
2019-08-28 19:30:57,216 [main] INFO  server.Server (Server.java:doStart(351)) - jetty-9.3.24.v20180605, build timestamp: 2018-06-05T17:11:56Z, git hash: 84205aa28f11a4f31f2a3b86d1bba2cc8ab69827
2019-08-28 19:30:57,218 [main] INFO  handler.ContextHandler (ContextHandler.java:doStart(781)) - Started o.e.j.s.ServletContextHandler@4c5406b{/logs,file:///workdir/hadoop-ozone/integration-test/target/log,AVAILABLE}
2019-08-28 19:30:57,218 [main] INFO  handler.ContextHandler (ContextHandler.java:doStart(781)) - Started o.e.j.s.ServletContextHandler@74a58a06{/static,jar:file:/home/user/.m2/repository/org/apache/hadoop/hadoop-hdds-container-service/0.5.0-SNAPSHOT/hadoop-hdds-container-service-0.5.0-SNAPSHOT.jar!/webapps/static,AVAILABLE}
2019-08-28 19:30:57,245 [main] INFO  handler.ContextHandler (ContextHandler.java:doStart(781)) - Started o.e.j.w.WebAppContext@65859b44{/,file:///tmp/jetty-0.0.0.0-39958-hddsDatanode-_-any-1160075019838447667.dir/webapp/,AVAILABLE}{/hddsDatanode}
2019-08-28 19:30:57,245 [main] INFO  server.AbstractConnector (AbstractConnector.java:doStart(278)) - Started ServerConnector@d9f5fce{HTTP/1.1,[http/1.1]}{0.0.0.0:39958}
2019-08-28 19:30:57,247 [main] INFO  server.Server (Server.java:doStart(419)) - Started @604708ms
2019-08-28 19:30:57,247 [main] INFO  server.BaseHttpServer (BaseHttpServer.java:updateConnectorAddress(226)) - HTTP server of HDDSDATANODE is listening at http://0.0.0.0:39958
2019-08-28 19:30:57,248 [main] INFO  ozone.MiniOzoneClusterImpl (MiniOzoneClusterImpl.java:lambda$waitForClusterToBeReady$0(142)) - Waiting for cluster to be ready. Got 0 of 7 DN Heartbeats.
2019-08-28 19:30:57,249 [org.apache.hadoop.util.JvmPauseMonitor$Monitor@655cde86] INFO  util.JvmPauseMonitor (JvmPauseMonitor.java:run(188)) - Starting JVM pause monitor
2019-08-28 19:30:57,250 [Datanode State Machine Thread - 0] INFO  datanode.InitDatanodeState (InitDatanodeState.java:persistContainerDatanodeDetails(140)) - DatanodeDetails is persisted to /workdir/hadoop-ozone/integration-test/target/test-dir/MiniOzoneClusterImpl-4c216f00-9015-443b-bac6-aeadc5876bb8/datanode-6/meta/datanode.id
2019-08-28 19:30:58,248 [main] INFO  ozone.MiniOzoneClusterImpl (MiniOzoneClusterImpl.java:lambda$waitForClusterToBeReady$0(142)) - Waiting for cluster to be ready. Got 0 of 7 DN Heartbeats.
2019-08-28 19:30:58,790 | INFO  | SCMAudit | user=jenkins1000 | ip=192.168.69.113 | op=GET_VERSION null | ret=SUCCESS |  
2019-08-28 19:30:58,853 | INFO  | SCMAudit | user=jenkins1000 | ip=192.168.69.113 | op=GET_VERSION null | ret=SUCCESS |  
2019-08-28 19:30:58,874 [Datanode State Machine Thread - 0] INFO  ozoneimpl.OzoneContainer (OzoneContainer.java:start(201)) - Attempting to start container services.
2019-08-28 19:30:58,874 [Datanode State Machine Thread - 0] INFO  ozoneimpl.OzoneContainer (OzoneContainer.java:startContainerScrub(175)) - Background container scrubber has been disabled by hdds.containerscrub.enabled
2019-08-28 19:30:58,874 [Datanode State Machine Thread - 0] INFO  ratis.XceiverServerRatis (XceiverServerRatis.java:start(393)) - Starting XceiverServerRatis 893d9933-a2b1-4f23-acb1-093dec15f61d at port 0
2019-08-28 19:30:58,884 [Datanode State Machine Thread - 0] INFO  impl.RaftServerProxy (RaftServerProxy.java:lambda$start$3(299)) - 893d9933-a2b1-4f23-acb1-093dec15f61d: start RPC server
2019-08-28 19:30:58,886 [Datanode State Machine Thread - 0] INFO  server.GrpcService (GrpcService.java:startImpl(149)) - 893d9933-a2b1-4f23-acb1-093dec15f61d: GrpcService started, listening on 0.0.0.0/0.0.0.0:42152
2019-08-28 19:30:58,887 [Datanode State Machine Thread - 0] INFO  ratis.XceiverServerRatis (XceiverServerRatis.java:start(403)) - XceiverServerRatis 893d9933-a2b1-4f23-acb1-093dec15f61d is started using port 42152
2019-08-28 19:30:58,887 [Datanode State Machine Thread - 0] INFO  server.XceiverServerGrpc (XceiverServerGrpc.java:start(163)) - XceiverServerGrpc 893d9933-a2b1-4f23-acb1-093dec15f61d is started using port 33037
2019-08-28 19:30:58,891 [Datanode State Machine Thread - 0] INFO  ozoneimpl.OzoneContainer (OzoneContainer.java:start(201)) - Attempting to start container services.
2019-08-28 19:30:58,891 [Datanode State Machine Thread - 0] INFO  ozoneimpl.OzoneContainer (OzoneContainer.java:startContainerScrub(175)) - Background container scrubber has been disabled by hdds.containerscrub.enabled
2019-08-28 19:30:58,891 [Datanode State Machine Thread - 0] INFO  ratis.XceiverServerRatis (XceiverServerRatis.java:start(393)) - Starting XceiverServerRatis 427dba9e-3238-4f6b-b193-fefaba865310 at port 0
2019-08-28 19:30:58,901 [Datanode State Machine Thread - 0] INFO  impl.RaftServerProxy (RaftServerProxy.java:lambda$start$3(299)) - 427dba9e-3238-4f6b-b193-fefaba865310: start RPC server
2019-08-28 19:30:58,909 [Datanode State Machine Thread - 0] INFO  server.GrpcService (GrpcService.java:startImpl(149)) - 427dba9e-3238-4f6b-b193-fefaba865310: GrpcService started, listening on 0.0.0.0/0.0.0.0:39704
2019-08-28 19:30:58,909 [Datanode State Machine Thread - 0] INFO  ratis.XceiverServerRatis (XceiverServerRatis.java:start(403)) - XceiverServerRatis 427dba9e-3238-4f6b-b193-fefaba865310 is started using port 39704
2019-08-28 19:30:58,909 [Datanode State Machine Thread - 0] INFO  server.XceiverServerGrpc (XceiverServerGrpc.java:start(163)) - XceiverServerGrpc 427dba9e-3238-4f6b-b193-fefaba865310 is started using port 40087
2019-08-28 19:30:58,913 | INFO  | SCMAudit | user=jenkins1000 | ip=192.168.69.113 | op=GET_VERSION null | ret=SUCCESS |  
2019-08-28 19:30:58,967 [Datanode State Machine Thread - 0] INFO  ozoneimpl.OzoneContainer (OzoneContainer.java:start(201)) - Attempting to start container services.
2019-08-28 19:30:58,967 [Datanode State Machine Thread - 0] INFO  ozoneimpl.OzoneContainer (OzoneContainer.java:startContainerScrub(175)) - Background container scrubber has been disabled by hdds.containerscrub.enabled
2019-08-28 19:30:58,968 [Datanode State Machine Thread - 0] INFO  ratis.XceiverServerRatis (XceiverServerRatis.java:start(393)) - Starting XceiverServerRatis c1b0cc15-b089-4c23-99e9-47ed0bade53e at port 0
2019-08-28 19:30:58,977 [Datanode State Machine Thread - 0] INFO  impl.RaftServerProxy (RaftServerProxy.java:lambda$start$3(299)) - c1b0cc15-b089-4c23-99e9-47ed0bade53e: start RPC server
2019-08-28 19:30:58,980 [Datanode State Machine Thread - 0] INFO  server.GrpcService (GrpcService.java:startImpl(149)) - c1b0cc15-b089-4c23-99e9-47ed0bade53e: GrpcService started, listening on 0.0.0.0/0.0.0.0:39807
2019-08-28 19:30:58,980 [Datanode State Machine Thread - 0] INFO  ratis.XceiverServerRatis (XceiverServerRatis.java:start(403)) - XceiverServerRatis c1b0cc15-b089-4c23-99e9-47ed0bade53e is started using port 39807
2019-08-28 19:30:58,988 | INFO  | SCMAudit | user=jenkins1000 | ip=192.168.69.113 | op=GET_VERSION null | ret=SUCCESS |  
2019-08-28 19:30:58,990 [Datanode State Machine Thread - 0] INFO  server.XceiverServerGrpc (XceiverServerGrpc.java:start(163)) - XceiverServerGrpc c1b0cc15-b089-4c23-99e9-47ed0bade53e is started using port 45866
2019-08-28 19:30:59,010 [Datanode State Machine Thread - 0] INFO  ozoneimpl.OzoneContainer (OzoneContainer.java:start(201)) - Attempting to start container services.
2019-08-28 19:30:59,010 [Datanode State Machine Thread - 0] INFO  ozoneimpl.OzoneContainer (OzoneContainer.java:startContainerScrub(175)) - Background container scrubber has been disabled by hdds.containerscrub.enabled
2019-08-28 19:30:59,010 [Datanode State Machine Thread - 0] INFO  ratis.XceiverServerRatis (XceiverServerRatis.java:start(393)) - Starting XceiverServerRatis 322d1ff0-d33a-48c4-9ad0-1ff851e73344 at port 0
2019-08-28 19:30:59,020 [Datanode State Machine Thread - 0] INFO  impl.RaftServerProxy (RaftServerProxy.java:lambda$start$3(299)) - 322d1ff0-d33a-48c4-9ad0-1ff851e73344: start RPC server
2019-08-28 19:30:59,023 [Datanode State Machine Thread - 0] INFO  server.GrpcService (GrpcService.java:startImpl(149)) - 322d1ff0-d33a-48c4-9ad0-1ff851e73344: GrpcService started, listening on 0.0.0.0/0.0.0.0:44705
2019-08-28 19:30:59,023 [Datanode State Machine Thread - 0] INFO  ratis.XceiverServerRatis (XceiverServerRatis.java:start(403)) - XceiverServerRatis 322d1ff0-d33a-48c4-9ad0-1ff851e73344 is started using port 44705
2019-08-28 19:30:59,023 [Datanode State Machine Thread - 0] INFO  server.XceiverServerGrpc (XceiverServerGrpc.java:start(163)) - XceiverServerGrpc 322d1ff0-d33a-48c4-9ad0-1ff851e73344 is started using port 37558
2019-08-28 19:30:59,046 | INFO  | SCMAudit | user=jenkins1000 | ip=192.168.69.113 | op=GET_VERSION null | ret=SUCCESS |  
2019-08-28 19:30:59,070 [Datanode State Machine Thread - 0] INFO  ozoneimpl.OzoneContainer (OzoneContainer.java:start(201)) - Attempting to start container services.
2019-08-28 19:30:59,071 [Datanode State Machine Thread - 0] INFO  ozoneimpl.OzoneContainer (OzoneContainer.java:startContainerScrub(175)) - Background container scrubber has been disabled by hdds.containerscrub.enabled
2019-08-28 19:30:59,071 [Datanode State Machine Thread - 0] INFO  ratis.XceiverServerRatis (XceiverServerRatis.java:start(393)) - Starting XceiverServerRatis fe19b4e3-4861-4e0d-90fc-58955537b207 at port 0
2019-08-28 19:30:59,081 [Datanode State Machine Thread - 0] INFO  impl.RaftServerProxy (RaftServerProxy.java:lambda$start$3(299)) - fe19b4e3-4861-4e0d-90fc-58955537b207: start RPC server
2019-08-28 19:30:59,082 [Datanode State Machine Thread - 0] INFO  server.GrpcService (GrpcService.java:startImpl(149)) - fe19b4e3-4861-4e0d-90fc-58955537b207: GrpcService started, listening on 0.0.0.0/0.0.0.0:45775
2019-08-28 19:30:59,082 [Datanode State Machine Thread - 0] INFO  ratis.XceiverServerRatis (XceiverServerRatis.java:start(403)) - XceiverServerRatis fe19b4e3-4861-4e0d-90fc-58955537b207 is started using port 45775
2019-08-28 19:30:59,082 [Datanode State Machine Thread - 0] INFO  server.XceiverServerGrpc (XceiverServerGrpc.java:start(163)) - XceiverServerGrpc fe19b4e3-4861-4e0d-90fc-58955537b207 is started using port 43237
2019-08-28 19:30:59,190 | INFO  | SCMAudit | user=jenkins1000 | ip=192.168.69.113 | op=GET_VERSION null | ret=SUCCESS |  
2019-08-28 19:30:59,210 [Datanode State Machine Thread - 0] INFO  ozoneimpl.OzoneContainer (OzoneContainer.java:start(201)) - Attempting to start container services.
2019-08-28 19:30:59,211 [Datanode State Machine Thread - 0] INFO  ozoneimpl.OzoneContainer (OzoneContainer.java:startContainerScrub(175)) - Background container scrubber has been disabled by hdds.containerscrub.enabled
2019-08-28 19:30:59,211 [Datanode State Machine Thread - 0] INFO  ratis.XceiverServerRatis (XceiverServerRatis.java:start(393)) - Starting XceiverServerRatis c5bcbe8d-02dd-463d-aab3-dfd296a706f4 at port 0
2019-08-28 19:30:59,216 [Datanode State Machine Thread - 0] INFO  impl.RaftServerProxy (RaftServerProxy.java:lambda$start$3(299)) - c5bcbe8d-02dd-463d-aab3-dfd296a706f4: start RPC server
2019-08-28 19:30:59,217 [Datanode State Machine Thread - 0] INFO  server.GrpcService (GrpcService.java:startImpl(149)) - c5bcbe8d-02dd-463d-aab3-dfd296a706f4: GrpcService started, listening on 0.0.0.0/0.0.0.0:41348
2019-08-28 19:30:59,217 [Datanode State Machine Thread - 0] INFO  ratis.XceiverServerRatis (XceiverServerRatis.java:start(403)) - XceiverServerRatis c5bcbe8d-02dd-463d-aab3-dfd296a706f4 is started using port 41348
2019-08-28 19:30:59,217 [Datanode State Machine Thread - 0] INFO  server.XceiverServerGrpc (XceiverServerGrpc.java:start(163)) - XceiverServerGrpc c5bcbe8d-02dd-463d-aab3-dfd296a706f4 is started using port 45427
2019-08-28 19:30:59,249 [main] INFO  ozone.MiniOzoneClusterImpl (MiniOzoneClusterImpl.java:lambda$waitForClusterToBeReady$0(142)) - Waiting for cluster to be ready. Got 0 of 7 DN Heartbeats.
2019-08-28 19:30:59,249 | INFO  | SCMAudit | user=jenkins1000 | ip=192.168.69.113 | op=GET_VERSION null | ret=SUCCESS |  
2019-08-28 19:30:59,283 [Datanode State Machine Thread - 0] INFO  ozoneimpl.OzoneContainer (OzoneContainer.java:start(201)) - Attempting to start container services.
2019-08-28 19:30:59,283 [Datanode State Machine Thread - 0] INFO  ozoneimpl.OzoneContainer (OzoneContainer.java:startContainerScrub(175)) - Background container scrubber has been disabled by hdds.containerscrub.enabled
2019-08-28 19:30:59,284 [Datanode State Machine Thread - 0] INFO  ratis.XceiverServerRatis (XceiverServerRatis.java:start(393)) - Starting XceiverServerRatis 63b1ce8f-7208-4998-b631-5145f20d59fa at port 0
2019-08-28 19:30:59,290 [Datanode State Machine Thread - 0] INFO  impl.RaftServerProxy (RaftServerProxy.java:lambda$start$3(299)) - 63b1ce8f-7208-4998-b631-5145f20d59fa: start RPC server
2019-08-28 19:30:59,290 [Datanode State Machine Thread - 0] INFO  server.GrpcService (GrpcService.java:startImpl(149)) - 63b1ce8f-7208-4998-b631-5145f20d59fa: GrpcService started, listening on 0.0.0.0/0.0.0.0:34004
2019-08-28 19:30:59,291 [Datanode State Machine Thread - 0] INFO  ratis.XceiverServerRatis (XceiverServerRatis.java:start(403)) - XceiverServerRatis 63b1ce8f-7208-4998-b631-5145f20d59fa is started using port 34004
2019-08-28 19:30:59,291 [Datanode State Machine Thread - 0] INFO  server.XceiverServerGrpc (XceiverServerGrpc.java:start(163)) - XceiverServerGrpc 63b1ce8f-7208-4998-b631-5145f20d59fa is started using port 35978
2019-08-28 19:31:00,249 [main] INFO  ozone.MiniOzoneClusterImpl (MiniOzoneClusterImpl.java:lambda$waitForClusterToBeReady$0(142)) - Waiting for cluster to be ready. Got 0 of 7 DN Heartbeats.
2019-08-28 19:31:00,790 [IPC Server handler 3 on 38662] INFO  net.NetworkTopology (NetworkTopologyImpl.java:add(110)) - Added a new node: /default-rack/893d9933-a2b1-4f23-acb1-093dec15f61d
2019-08-28 19:31:00,793 [IPC Server handler 3 on 38662] INFO  node.SCMNodeManager (SCMNodeManager.java:register(273)) - Registered Data node : 893d9933-a2b1-4f23-acb1-093dec15f61d{ip: 192.168.69.113, host: pr-hdds-1949-vp5nt-881372353, networkLocation: /default-rack, certSerialId: null}
2019-08-28 19:31:00,794 [EventQueue-NodeRegistrationContainerReportForDataNodeSafeModeRule] INFO  safemode.SCMSafeModeManager (DataNodeSafeModeRule.java:process(71)) - SCM in safe mode. 1 DataNodes registered, 1 required.
2019-08-28 19:31:00,794 | INFO  | SCMAudit | user=jenkins1000 | ip=192.168.69.113 | op=REGISTER {datanodeDetails=893d9933-a2b1-4f23-acb1-093dec15f61d{ip: 192.168.69.113, host: pr-hdds-1949-vp5nt-881372353, networkLocation: /default-rack, certSerialId: null}} | ret=SUCCESS |  
2019-08-28 19:31:00,797 [EventQueue-NodeRegistrationContainerReportForDataNodeSafeModeRule] INFO  safemode.SCMSafeModeManager (SCMSafeModeManager.java:validateSafeModeExitRules(177)) - ScmSafeModeManager, all rules are successfully validated
2019-08-28 19:31:00,797 [EventQueue-NodeRegistrationContainerReportForDataNodeSafeModeRule] INFO  safemode.SCMSafeModeManager (SCMSafeModeManager.java:exitSafeMode(193)) - SCM exiting safe mode.
2019-08-28 19:31:00,806 [grpc-default-executor-5] INFO  impl.RaftServerProxy (RaftServerProxy.java:addNew(89)) - 893d9933-a2b1-4f23-acb1-093dec15f61d: addNew group-DD059F845FF1:[893d9933-a2b1-4f23-acb1-093dec15f61d:192.168.69.113:42152] returns group-DD059F845FF1:java.util.concurrent.CompletableFuture@61019abd[Not completed]
2019-08-28 19:31:00,807 [pool-536-thread-1] INFO  impl.RaftServerImpl (RaftServerImpl.java:<init>(93)) - 893d9933-a2b1-4f23-acb1-093dec15f61d: new RaftServerImpl for group-DD059F845FF1:[893d9933-a2b1-4f23-acb1-093dec15f61d:192.168.69.113:42152] with ContainerStateMachine:uninitialized
2019-08-28 19:31:00,808 [pool-536-thread-1] INFO  server.RaftServerConfigKeys (ConfUtils.java:logGet(43)) - raft.server.rpc.timeout.min = 5s (custom)
2019-08-28 19:31:00,808 [pool-536-thread-1] INFO  server.RaftServerConfigKeys (ConfUtils.java:logGet(43)) - raft.server.rpc.timeout.max = 5200ms (custom)
2019-08-28 19:31:00,808 [pool-536-thread-1] INFO  server.RaftServerConfigKeys (ConfUtils.java:logGet(43)) - raft.server.rpcslowness.timeout = 120s (custom)
2019-08-28 19:31:00,808 [pool-536-thread-1] INFO  server.RaftServerConfigKeys (ConfUtils.java:logGet(43)) - raft.server.sleep.deviation.threshold = 300 (default)
2019-08-28 19:31:00,808 [pool-536-thread-1] INFO  server.RaftServerConfigKeys (ConfUtils.java:logGet(43)) - raft.server.log.appender.install.snapshot.enabled = false (custom)
2019-08-28 19:31:00,808 [pool-536-thread-1] INFO  impl.RaftServerImpl (ServerState.java:<init>(105)) - 893d9933-a2b1-4f23-acb1-093dec15f61d:group-DD059F845FF1 ConfigurationManager, init=-1: [893d9933-a2b1-4f23-acb1-093dec15f61d:192.168.69.113:42152], old=null, confs=<EMPTY_MAP>
2019-08-28 19:31:00,809 [pool-536-thread-1] INFO  server.RaftServerConfigKeys (ConfUtils.java:logGet(43)) - raft.server.storage.dir = [/workdir/hadoop-ozone/integration-test/target/test-dir/MiniOzoneClusterImpl-4c216f00-9015-443b-bac6-aeadc5876bb8/datanode-0/data/ratis] (custom)
2019-08-28 19:31:00,809 [pool-536-thread-1] INFO  storage.RaftStorageDirectory (RaftStorageDirectory.java:analyzeStorage(246)) - The storage directory /workdir/hadoop-ozone/integration-test/target/test-dir/MiniOzoneClusterImpl-4c216f00-9015-443b-bac6-aeadc5876bb8/datanode-0/data/ratis/e9c9ce84-86b9-472d-a07d-dd059f845ff1 does not exist. Creating ...
2019-08-28 19:31:00,834 [pool-536-thread-1] INFO  storage.RaftStorageDirectory (RaftStorageDirectory.java:tryLock(328)) - Lock on /workdir/hadoop-ozone/integration-test/target/test-dir/MiniOzoneClusterImpl-4c216f00-9015-443b-bac6-aeadc5876bb8/datanode-0/data/ratis/e9c9ce84-86b9-472d-a07d-dd059f845ff1/in_use.lock acquired by nodename 17106@pr-hdds-1949-vp5nt-881372353
2019-08-28 19:31:00,851 [pool-536-thread-1] INFO  storage.RaftStorage (RaftStorage.java:format(72)) - Storage directory /workdir/hadoop-ozone/integration-test/target/test-dir/MiniOzoneClusterImpl-4c216f00-9015-443b-bac6-aeadc5876bb8/datanode-0/data/ratis/e9c9ce84-86b9-472d-a07d-dd059f845ff1 has been successfully formatted.
2019-08-28 19:31:00,852 [pool-536-thread-1] INFO  ratis.ContainerStateMachine (ContainerStateMachine.java:loadSnapshot(227)) - group-DD059F845FF1: The snapshot info is null. Setting the last applied indexto:(t:0, i:~)
2019-08-28 19:31:00,852 [pool-536-thread-1] INFO  server.RaftServerConfigKeys (ConfUtils.java:logGet(43)) - raft.server.leader.election.timeout = 120s (custom)
2019-08-28 19:31:00,852 [pool-536-thread-1] INFO  server.RaftServerConfigKeys (ConfUtils.java:logGet(43)) - raft.server.log.use.memory = false (default)
2019-08-28 19:31:00,852 [pool-536-thread-1] INFO  server.RaftServerConfigKeys (ConfUtils.java:logGet(43)) - raft.server.log.purge.gap = 1000000 (custom)
2019-08-28 19:31:00,853 [pool-536-thread-1] INFO  server.RaftServerConfigKeys (ConfUtils.java:logGet(43)) - raft.server.log.appender.buffer.byte-limit = 33554432 (custom)
2019-08-28 19:31:00,853 [pool-536-thread-1] INFO  server.RaftServerConfigKeys (ConfUtils.java:logGet(43)) - raft.server.log.segment.size.max = 1048576 (custom)
2019-08-28 19:31:00,853 [pool-536-thread-1] INFO  server.RaftServerConfigKeys (ConfUtils.java:logGet(43)) - raft.server.log.segment.cache.num.max = 2 (custom)
2019-08-28 19:31:00,853 [pool-536-thread-1] INFO  segmented.SegmentedRaftLogWorker (SegmentedRaftLogWorker.java:<init>(172)) - new 893d9933-a2b1-4f23-acb1-093dec15f61d-SegmentedRaftLogWorker:Storage Directory /workdir/hadoop-ozone/integration-test/target/test-dir/MiniOzoneClusterImpl-4c216f00-9015-443b-bac6-aeadc5876bb8/datanode-0/data/ratis/e9c9ce84-86b9-472d-a07d-dd059f845ff1 for RaftStorage:Storage Directory /workdir/hadoop-ozone/integration-test/target/test-dir/MiniOzoneClusterImpl-4c216f00-9015-443b-bac6-aeadc5876bb8/datanode-0/data/ratis/e9c9ce84-86b9-472d-a07d-dd059f845ff1
2019-08-28 19:31:00,853 [pool-536-thread-1] INFO  server.RaftServerConfigKeys (ConfUtils.java:logGet(43)) - raft.server.log.queue.byte-limit = 2147483647 (custom)
2019-08-28 19:31:00,854 [pool-536-thread-1] INFO  server.RaftServerConfigKeys (ConfUtils.java:logGet(43)) - raft.server.log.queue.element-limit = 1024 (custom)
2019-08-28 19:31:00,854 [pool-536-thread-1] INFO  server.RaftServerConfigKeys (ConfUtils.java:logGet(43)) - raft.server.log.segment.size.max = 1048576 (custom)
2019-08-28 19:31:00,854 [IPC Server handler 1 on 38662] INFO  net.NetworkTopology (NetworkTopologyImpl.java:add(110)) - Added a new node: /default-rack/427dba9e-3238-4f6b-b193-fefaba865310
2019-08-28 19:31:00,854 [pool-536-thread-1] INFO  server.RaftServerConfigKeys (ConfUtils.java:logGet(43)) - raft.server.log.preallocated.size = 16384 (custom)
2019-08-28 19:31:00,855 [IPC Server handler 1 on 38662] INFO  node.SCMNodeManager (SCMNodeManager.java:register(273)) - Registered Data node : 427dba9e-3238-4f6b-b193-fefaba865310{ip: 192.168.69.113, host: pr-hdds-1949-vp5nt-881372353, networkLocation: /default-rack, certSerialId: null}
2019-08-28 19:31:00,855 [pool-536-thread-1] INFO  server.RaftServerConfigKeys (ConfUtils.java:logGet(43)) - raft.server.log.write.buffer.size = 33554432 (custom)
2019-08-28 19:31:00,855 | INFO  | SCMAudit | user=jenkins1000 | ip=192.168.69.113 | op=REGISTER {datanodeDetails=427dba9e-3238-4f6b-b193-fefaba865310{ip: 192.168.69.113, host: pr-hdds-1949-vp5nt-881372353, networkLocation: /default-rack, certSerialId: null}} | ret=SUCCESS |  
2019-08-28 19:31:00,855 [pool-536-thread-1] INFO  server.RaftServerConfigKeys (ConfUtils.java:logGet(43)) - raft.server.log.force.sync.num = 128 (default)
2019-08-28 19:31:00,855 [pool-536-thread-1] INFO  server.RaftServerConfigKeys (ConfUtils.java:logGet(43)) - raft.server.log.statemachine.data.sync = true (default)
2019-08-28 19:31:00,855 [pool-536-thread-1] INFO  server.RaftServerConfigKeys (ConfUtils.java:logGet(43)) - raft.server.log.statemachine.data.sync.timeout = 10s (default)
2019-08-28 19:31:00,856 [pool-536-thread-1] INFO  server.RaftServerConfigKeys (ConfUtils.java:logGet(43)) - raft.server.log.statemachine.data.sync.timeout.retry = -1 (default)
2019-08-28 19:31:00,856 [pool-536-thread-1] INFO  server.RaftServerConfigKeys (ConfUtils.java:logGet(43)) - raft.server.log.statemachine.data.caching.enabled = true (custom)
2019-08-28 19:31:00,856 [pool-536-thread-1] INFO  segmented.SegmentedRaftLogWorker (SegmentedRaftLogWorker.java:lambda$new$0(132)) - 893d9933-a2b1-4f23-acb1-093dec15f61d-SegmentedRaftLogWorker:Storage Directory /workdir/hadoop-ozone/integration-test/target/test-dir/MiniOzoneClusterImpl-4c216f00-9015-443b-bac6-aeadc5876bb8/datanode-0/data/ratis/e9c9ce84-86b9-472d-a07d-dd059f845ff1: flushIndex: setUnconditionally 0 -> -1
2019-08-28 19:31:00,857 [pool-536-thread-1] INFO  server.RaftServerConfigKeys (ConfUtils.java:logGet(43)) - raft.server.snapshot.auto.trigger.enabled = true (custom)
2019-08-28 19:31:00,857 [pool-536-thread-1] INFO  server.RaftServerConfigKeys (ConfUtils.java:logGet(43)) - raft.server.snapshot.auto.trigger.threshold = 10000 (custom)
2019-08-28 19:31:00,857 [pool-536-thread-1] INFO  server.RaftServerConfigKeys (ConfUtils.java:logGet(43)) - raft.server.retrycache.expirytime = 600000ms (custom)
2019-08-28 19:31:00,858 [pool-536-thread-1] INFO  impl.RaftServerImpl (RaftServerImpl.java:start(180)) - 893d9933-a2b1-4f23-acb1-093dec15f61d: start group-DD059F845FF1
2019-08-28 19:31:00,858 [pool-536-thread-1] INFO  impl.RaftServerImpl (RaftServerImpl.java:setRole(171)) - 893d9933-a2b1-4f23-acb1-093dec15f61d:group-DD059F845FF1 changes role from null to FOLLOWER at term 0 for startAsFollower
2019-08-28 19:31:00,858 [pool-536-thread-1] INFO  impl.RoleInfo (RoleInfo.java:updateAndGet(143)) - 893d9933-a2b1-4f23-acb1-093dec15f61d: start FollowerState
2019-08-28 19:31:00,859 [pool-536-thread-1] INFO  util.JmxRegister (JmxRegister.java:tryRegister(44)) - Successfully registered JMX Bean with object name Ratis:service=RaftServer,group=group-DD059F845FF1,id=893d9933-a2b1-4f23-acb1-093dec15f61d
2019-08-28 19:31:00,863 [RatisPipelineUtilsThread] INFO  pipeline.PipelineStateManager (PipelineStateManager.java:addPipeline(56)) - Created pipeline Pipeline[ Id: e9c9ce84-86b9-472d-a07d-dd059f845ff1, Nodes: 893d9933-a2b1-4f23-acb1-093dec15f61d{ip: 192.168.69.113, host: pr-hdds-1949-vp5nt-881372353, networkLocation: /default-rack, certSerialId: null}, Type:RATIS, Factor:ONE, State:OPEN]
2019-08-28 19:31:00,875 [grpc-default-executor-5] INFO  impl.RaftServerProxy (RaftServerProxy.java:addNew(89)) - 427dba9e-3238-4f6b-b193-fefaba865310: addNew group-07B4BF93B076:[427dba9e-3238-4f6b-b193-fefaba865310:192.168.69.113:39704] returns group-07B4BF93B076:java.util.concurrent.CompletableFuture@32fc4ac2[Not completed]
2019-08-28 19:31:00,877 [pool-547-thread-1] INFO  impl.RaftServerImpl (RaftServerImpl.java:<init>(93)) - 427dba9e-3238-4f6b-b193-fefaba865310: new RaftServerImpl for group-07B4BF93B076:[427dba9e-3238-4f6b-b193-fefaba865310:192.168.69.113:39704] with ContainerStateMachine:uninitialized
2019-08-28 19:31:00,877 [pool-547-thread-1] INFO  server.RaftServerConfigKeys (ConfUtils.java:logGet(43)) - raft.server.rpc.timeout.min = 5s (custom)
2019-08-28 19:31:00,877 [pool-547-thread-1] INFO  server.RaftServerConfigKeys (ConfUtils.java:logGet(43)) - raft.server.rpc.timeout.max = 5200ms (custom)
2019-08-28 19:31:00,877 [pool-547-thread-1] INFO  server.RaftServerConfigKeys (ConfUtils.java:logGet(43)) - raft.server.rpcslowness.timeout = 120s (custom)
2019-08-28 19:31:00,877 [pool-547-thread-1] INFO  server.RaftServerConfigKeys (ConfUtils.java:logGet(43)) - raft.server.sleep.deviation.threshold = 300 (default)
2019-08-28 19:31:00,878 [pool-547-thread-1] INFO  server.RaftServerConfigKeys (ConfUtils.java:logGet(43)) - raft.server.log.appender.install.snapshot.enabled = false (custom)
2019-08-28 19:31:00,878 [pool-547-thread-1] INFO  impl.RaftServerImpl (ServerState.java:<init>(105)) - 427dba9e-3238-4f6b-b193-fefaba865310:group-07B4BF93B076 ConfigurationManager, init=-1: [427dba9e-3238-4f6b-b193-fefaba865310:192.168.69.113:39704], old=null, confs=<EMPTY_MAP>
2019-08-28 19:31:00,878 [pool-547-thread-1] INFO  server.RaftServerConfigKeys (ConfUtils.java:logGet(43)) - raft.server.storage.dir = [/workdir/hadoop-ozone/integration-test/target/test-dir/MiniOzoneClusterImpl-4c216f00-9015-443b-bac6-aeadc5876bb8/datanode-1/data/ratis] (custom)
2019-08-28 19:31:00,878 [pool-547-thread-1] INFO  storage.RaftStorageDirectory (RaftStorageDirectory.java:analyzeStorage(246)) - The storage directory /workdir/hadoop-ozone/integration-test/target/test-dir/MiniOzoneClusterImpl-4c216f00-9015-443b-bac6-aeadc5876bb8/datanode-1/data/ratis/0f83ae07-e4db-44ce-8f20-07b4bf93b076 does not exist. Creating ...
2019-08-28 19:31:00,902 [pool-547-thread-1] INFO  storage.RaftStorageDirectory (RaftStorageDirectory.java:tryLock(328)) - Lock on /workdir/hadoop-ozone/integration-test/target/test-dir/MiniOzoneClusterImpl-4c216f00-9015-443b-bac6-aeadc5876bb8/datanode-1/data/ratis/0f83ae07-e4db-44ce-8f20-07b4bf93b076/in_use.lock acquired by nodename 17106@pr-hdds-1949-vp5nt-881372353
2019-08-28 19:31:00,914 [IPC Server handler 0 on 38662] INFO  net.NetworkTopology (NetworkTopologyImpl.java:add(110)) - Added a new node: /default-rack/c1b0cc15-b089-4c23-99e9-47ed0bade53e
2019-08-28 19:31:00,914 [IPC Server handler 0 on 38662] INFO  node.SCMNodeManager (SCMNodeManager.java:register(273)) - Registered Data node : c1b0cc15-b089-4c23-99e9-47ed0bade53e{ip: 192.168.69.113, host: pr-hdds-1949-vp5nt-881372353, networkLocation: /default-rack, certSerialId: null}
2019-08-28 19:31:00,914 | INFO  | SCMAudit | user=jenkins1000 | ip=192.168.69.113 | op=REGISTER {datanodeDetails=c1b0cc15-b089-4c23-99e9-47ed0bade53e{ip: 192.168.69.113, host: pr-hdds-1949-vp5nt-881372353, networkLocation: /default-rack, certSerialId: null}} | ret=SUCCESS |  
2019-08-28 19:31:00,927 [pool-547-thread-1] INFO  storage.RaftStorage (RaftStorage.java:format(72)) - Storage directory /workdir/hadoop-ozone/integration-test/target/test-dir/MiniOzoneClusterImpl-4c216f00-9015-443b-bac6-aeadc5876bb8/datanode-1/data/ratis/0f83ae07-e4db-44ce-8f20-07b4bf93b076 has been successfully formatted.
2019-08-28 19:31:00,927 [pool-547-thread-1] INFO  ratis.ContainerStateMachine (ContainerStateMachine.java:loadSnapshot(227)) - group-07B4BF93B076: The snapshot info is null. Setting the last applied indexto:(t:0, i:~)
2019-08-28 19:31:00,928 [pool-547-thread-1] INFO  server.RaftServerConfigKeys (ConfUtils.java:logGet(43)) - raft.server.leader.election.timeout = 120s (custom)
2019-08-28 19:31:00,928 [pool-547-thread-1] INFO  server.RaftServerConfigKeys (ConfUtils.java:logGet(43)) - raft.server.log.use.memory = false (default)
2019-08-28 19:31:00,928 [pool-547-thread-1] INFO  server.RaftServerConfigKeys (ConfUtils.java:logGet(43)) - raft.server.log.purge.gap = 1000000 (custom)
2019-08-28 19:31:00,928 [pool-547-thread-1] INFO  server.RaftServerConfigKeys (ConfUtils.java:logGet(43)) - raft.server.log.appender.buffer.byte-limit = 33554432 (custom)
2019-08-28 19:31:00,928 [pool-547-thread-1] INFO  server.RaftServerConfigKeys (ConfUtils.java:logGet(43)) - raft.server.log.segment.size.max = 1048576 (custom)
2019-08-28 19:31:00,928 [pool-547-thread-1] INFO  server.RaftServerConfigKeys (ConfUtils.java:logGet(43)) - raft.server.log.segment.cache.num.max = 2 (custom)
2019-08-28 19:31:00,929 [pool-547-thread-1] INFO  segmented.SegmentedRaftLogWorker (SegmentedRaftLogWorker.java:<init>(172)) - new 427dba9e-3238-4f6b-b193-fefaba865310-SegmentedRaftLogWorker:Storage Directory /workdir/hadoop-ozone/integration-test/target/test-dir/MiniOzoneClusterImpl-4c216f00-9015-443b-bac6-aeadc5876bb8/datanode-1/data/ratis/0f83ae07-e4db-44ce-8f20-07b4bf93b076 for RaftStorage:Storage Directory /workdir/hadoop-ozone/integration-test/target/test-dir/MiniOzoneClusterImpl-4c216f00-9015-443b-bac6-aeadc5876bb8/datanode-1/data/ratis/0f83ae07-e4db-44ce-8f20-07b4bf93b076
2019-08-28 19:31:00,929 [pool-547-thread-1] INFO  server.RaftServerConfigKeys (ConfUtils.java:logGet(43)) - raft.server.log.queue.byte-limit = 2147483647 (custom)
2019-08-28 19:31:00,929 [pool-547-thread-1] INFO  server.RaftServerConfigKeys (ConfUtils.java:logGet(43)) - raft.server.log.queue.element-limit = 1024 (custom)
2019-08-28 19:31:00,929 [pool-547-thread-1] INFO  server.RaftServerConfigKeys (ConfUtils.java:logGet(43)) - raft.server.log.segment.size.max = 1048576 (custom)
2019-08-28 19:31:00,929 [pool-547-thread-1] INFO  server.RaftServerConfigKeys (ConfUtils.java:logGet(43)) - raft.server.log.preallocated.size = 16384 (custom)
2019-08-28 19:31:00,930 [pool-547-thread-1] INFO  server.RaftServerConfigKeys (ConfUtils.java:logGet(43)) - raft.server.log.write.buffer.size = 33554432 (custom)
2019-08-28 19:31:00,930 [pool-547-thread-1] INFO  server.RaftServerConfigKeys (ConfUtils.java:logGet(43)) - raft.server.log.force.sync.num = 128 (default)
2019-08-28 19:31:00,930 [pool-547-thread-1] INFO  server.RaftServerConfigKeys (ConfUtils.java:logGet(43)) - raft.server.log.statemachine.data.sync = true (default)
2019-08-28 19:31:00,930 [pool-547-thread-1] INFO  server.RaftServerConfigKeys (ConfUtils.java:logGet(43)) - raft.server.log.statemachine.data.sync.timeout = 10s (default)
2019-08-28 19:31:00,930 [pool-547-thread-1] INFO  server.RaftServerConfigKeys (ConfUtils.java:logGet(43)) - raft.server.log.statemachine.data.sync.timeout.retry = -1 (default)
2019-08-28 19:31:00,930 [pool-547-thread-1] INFO  server.RaftServerConfigKeys (ConfUtils.java:logGet(43)) - raft.server.log.statemachine.data.caching.enabled = true (custom)
2019-08-28 19:31:00,931 [pool-547-thread-1] INFO  segmented.SegmentedRaftLogWorker (SegmentedRaftLogWorker.java:lambda$new$0(132)) - 427dba9e-3238-4f6b-b193-fefaba865310-SegmentedRaftLogWorker:Storage Directory /workdir/hadoop-ozone/integration-test/target/test-dir/MiniOzoneClusterImpl-4c216f00-9015-443b-bac6-aeadc5876bb8/datanode-1/data/ratis/0f83ae07-e4db-44ce-8f20-07b4bf93b076: flushIndex: setUnconditionally 0 -> -1
2019-08-28 19:31:00,931 [pool-547-thread-1] INFO  server.RaftServerConfigKeys (ConfUtils.java:logGet(43)) - raft.server.snapshot.auto.trigger.enabled = true (custom)
2019-08-28 19:31:00,931 [pool-547-thread-1] INFO  server.RaftServerConfigKeys (ConfUtils.java:logGet(43)) - raft.server.snapshot.auto.trigger.threshold = 10000 (custom)
2019-08-28 19:31:00,931 [pool-547-thread-1] INFO  server.RaftServerConfigKeys (ConfUtils.java:logGet(43)) - raft.server.retrycache.expirytime = 600000ms (custom)
2019-08-28 19:31:00,932 [pool-547-thread-1] INFO  impl.RaftServerImpl (RaftServerImpl.java:start(180)) - 427dba9e-3238-4f6b-b193-fefaba865310: start group-07B4BF93B076
2019-08-28 19:31:00,932 [pool-547-thread-1] INFO  impl.RaftServerImpl (RaftServerImpl.java:setRole(171)) - 427dba9e-3238-4f6b-b193-fefaba865310:group-07B4BF93B076 changes role from null to FOLLOWER at term 0 for startAsFollower
2019-08-28 19:31:00,932 [pool-547-thread-1] INFO  impl.RoleInfo (RoleInfo.java:updateAndGet(143)) - 427dba9e-3238-4f6b-b193-fefaba865310: start FollowerState
2019-08-28 19:31:00,932 [pool-547-thread-1] INFO  util.JmxRegister (JmxRegister.java:tryRegister(44)) - Successfully registered JMX Bean with object name Ratis:service=RaftServer,group=group-07B4BF93B076,id=427dba9e-3238-4f6b-b193-fefaba865310
2019-08-28 19:31:00,935 [RatisPipelineUtilsThread] INFO  pipeline.PipelineStateManager (PipelineStateManager.java:addPipeline(56)) - Created pipeline Pipeline[ Id: 0f83ae07-e4db-44ce-8f20-07b4bf93b076, Nodes: 427dba9e-3238-4f6b-b193-fefaba865310{ip: 192.168.69.113, host: pr-hdds-1949-vp5nt-881372353, networkLocation: /default-rack, certSerialId: null}, Type:RATIS, Factor:ONE, State:OPEN]
2019-08-28 19:31:00,942 [grpc-default-executor-5] INFO  impl.RaftServerProxy (RaftServerProxy.java:addNew(89)) - c1b0cc15-b089-4c23-99e9-47ed0bade53e: addNew group-9A8AA65119D1:[c1b0cc15-b089-4c23-99e9-47ed0bade53e:192.168.69.113:39807] returns group-9A8AA65119D1:java.util.concurrent.CompletableFuture@6aa9c6b9[Not completed]
2019-08-28 19:31:00,943 [pool-558-thread-1] INFO  impl.RaftServerImpl (RaftServerImpl.java:<init>(93)) - c1b0cc15-b089-4c23-99e9-47ed0bade53e: new RaftServerImpl for group-9A8AA65119D1:[c1b0cc15-b089-4c23-99e9-47ed0bade53e:192.168.69.113:39807] with ContainerStateMachine:uninitialized
2019-08-28 19:31:00,943 [pool-558-thread-1] INFO  server.RaftServerConfigKeys (ConfUtils.java:logGet(43)) - raft.server.rpc.timeout.min = 5s (custom)
2019-08-28 19:31:00,944 [pool-558-thread-1] INFO  server.RaftServerConfigKeys (ConfUtils.java:logGet(43)) - raft.server.rpc.timeout.max = 5200ms (custom)
2019-08-28 19:31:00,944 [pool-558-thread-1] INFO  server.RaftServerConfigKeys (ConfUtils.java:logGet(43)) - raft.server.rpcslowness.timeout = 120s (custom)
2019-08-28 19:31:00,944 [pool-558-thread-1] INFO  server.RaftServerConfigKeys (ConfUtils.java:logGet(43)) - raft.server.sleep.deviation.threshold = 300 (default)
2019-08-28 19:31:00,944 [pool-558-thread-1] INFO  server.RaftServerConfigKeys (ConfUtils.java:logGet(43)) - raft.server.log.appender.install.snapshot.enabled = false (custom)
2019-08-28 19:31:00,944 [pool-558-thread-1] INFO  impl.RaftServerImpl (ServerState.java:<init>(105)) - c1b0cc15-b089-4c23-99e9-47ed0bade53e:group-9A8AA65119D1 ConfigurationManager, init=-1: [c1b0cc15-b089-4c23-99e9-47ed0bade53e:192.168.69.113:39807], old=null, confs=<EMPTY_MAP>
2019-08-28 19:31:00,944 [pool-558-thread-1] INFO  server.RaftServerConfigKeys (ConfUtils.java:logGet(43)) - raft.server.storage.dir = [/workdir/hadoop-ozone/integration-test/target/test-dir/MiniOzoneClusterImpl-4c216f00-9015-443b-bac6-aeadc5876bb8/datanode-2/data/ratis] (custom)
2019-08-28 19:31:00,945 [pool-558-thread-1] INFO  storage.RaftStorageDirectory (RaftStorageDirectory.java:analyzeStorage(246)) - The storage directory /workdir/hadoop-ozone/integration-test/target/test-dir/MiniOzoneClusterImpl-4c216f00-9015-443b-bac6-aeadc5876bb8/datanode-2/data/ratis/16ec1551-05c9-423a-949f-9a8aa65119d1 does not exist. Creating ...
2019-08-28 19:31:00,961 [pool-558-thread-1] INFO  storage.RaftStorageDirectory (RaftStorageDirectory.java:tryLock(328)) - Lock on /workdir/hadoop-ozone/integration-test/target/test-dir/MiniOzoneClusterImpl-4c216f00-9015-443b-bac6-aeadc5876bb8/datanode-2/data/ratis/16ec1551-05c9-423a-949f-9a8aa65119d1/in_use.lock acquired by nodename 17106@pr-hdds-1949-vp5nt-881372353
2019-08-28 19:31:00,981 [IPC Server handler 2 on 38662] INFO  net.NetworkTopology (NetworkTopologyImpl.java:add(110)) - Added a new node: /default-rack/322d1ff0-d33a-48c4-9ad0-1ff851e73344
2019-08-28 19:31:00,981 [IPC Server handler 2 on 38662] INFO  node.SCMNodeManager (SCMNodeManager.java:register(273)) - Registered Data node : 322d1ff0-d33a-48c4-9ad0-1ff851e73344{ip: 192.168.69.113, host: pr-hdds-1949-vp5nt-881372353, networkLocation: /default-rack, certSerialId: null}
2019-08-28 19:31:00,982 | INFO  | SCMAudit | user=jenkins1000 | ip=192.168.69.113 | op=REGISTER {datanodeDetails=322d1ff0-d33a-48c4-9ad0-1ff851e73344{ip: 192.168.69.113, host: pr-hdds-1949-vp5nt-881372353, networkLocation: /default-rack, certSerialId: null}} | ret=SUCCESS |  
2019-08-28 19:31:00,986 [pool-558-thread-1] INFO  storage.RaftStorage (RaftStorage.java:format(72)) - Storage directory /workdir/hadoop-ozone/integration-test/target/test-dir/MiniOzoneClusterImpl-4c216f00-9015-443b-bac6-aeadc5876bb8/datanode-2/data/ratis/16ec1551-05c9-423a-949f-9a8aa65119d1 has been successfully formatted.
2019-08-28 19:31:00,987 [pool-558-thread-1] INFO  ratis.ContainerStateMachine (ContainerStateMachine.java:loadSnapshot(227)) - group-9A8AA65119D1: The snapshot info is null. Setting the last applied indexto:(t:0, i:~)
2019-08-28 19:31:00,987 [pool-558-thread-1] INFO  server.RaftServerConfigKeys (ConfUtils.java:logGet(43)) - raft.server.leader.election.timeout = 120s (custom)
2019-08-28 19:31:00,987 [pool-558-thread-1] INFO  server.RaftServerConfigKeys (ConfUtils.java:logGet(43)) - raft.server.log.use.memory = false (default)
2019-08-28 19:31:00,987 [pool-558-thread-1] INFO  server.RaftServerConfigKeys (ConfUtils.java:logGet(43)) - raft.server.log.purge.gap = 1000000 (custom)
2019-08-28 19:31:00,987 [pool-558-thread-1] INFO  server.RaftServerConfigKeys (ConfUtils.java:logGet(43)) - raft.server.log.appender.buffer.byte-limit = 33554432 (custom)
2019-08-28 19:31:00,988 [pool-558-thread-1] INFO  server.RaftServerConfigKeys (ConfUtils.java:logGet(43)) - raft.server.log.segment.size.max = 1048576 (custom)
2019-08-28 19:31:00,988 [pool-558-thread-1] INFO  server.RaftServerConfigKeys (ConfUtils.java:logGet(43)) - raft.server.log.segment.cache.num.max = 2 (custom)
2019-08-28 19:31:00,988 [pool-558-thread-1] INFO  segmented.SegmentedRaftLogWorker (SegmentedRaftLogWorker.java:<init>(172)) - new c1b0cc15-b089-4c23-99e9-47ed0bade53e-SegmentedRaftLogWorker:Storage Directory /workdir/hadoop-ozone/integration-test/target/test-dir/MiniOzoneClusterImpl-4c216f00-9015-443b-bac6-aeadc5876bb8/datanode-2/data/ratis/16ec1551-05c9-423a-949f-9a8aa65119d1 for RaftStorage:Storage Directory /workdir/hadoop-ozone/integration-test/target/test-dir/MiniOzoneClusterImpl-4c216f00-9015-443b-bac6-aeadc5876bb8/datanode-2/data/ratis/16ec1551-05c9-423a-949f-9a8aa65119d1
2019-08-28 19:31:00,988 [pool-558-thread-1] INFO  server.RaftServerConfigKeys (ConfUtils.java:logGet(43)) - raft.server.log.queue.byte-limit = 2147483647 (custom)
2019-08-28 19:31:00,988 [pool-558-thread-1] INFO  server.RaftServerConfigKeys (ConfUtils.java:logGet(43)) - raft.server.log.queue.element-limit = 1024 (custom)
2019-08-28 19:31:00,989 [pool-558-thread-1] INFO  server.RaftServerConfigKeys (ConfUtils.java:logGet(43)) - raft.server.log.segment.size.max = 1048576 (custom)
2019-08-28 19:31:00,989 [pool-558-thread-1] INFO  server.RaftServerConfigKeys (ConfUtils.java:logGet(43)) - raft.server.log.preallocated.size = 16384 (custom)
2019-08-28 19:31:00,989 [pool-558-thread-1] INFO  server.RaftServerConfigKeys (ConfUtils.java:logGet(43)) - raft.server.log.write.buffer.size = 33554432 (custom)
2019-08-28 19:31:00,989 [pool-558-thread-1] INFO  server.RaftServerConfigKeys (ConfUtils.java:logGet(43)) - raft.server.log.force.sync.num = 128 (default)
2019-08-28 19:31:00,989 [pool-558-thread-1] INFO  server.RaftServerConfigKeys (ConfUtils.java:logGet(43)) - raft.server.log.statemachine.data.sync = true (default)
2019-08-28 19:31:00,990 [pool-558-thread-1] INFO  server.RaftServerConfigKeys (ConfUtils.java:logGet(43)) - raft.server.log.statemachine.data.sync.timeout = 10s (default)
2019-08-28 19:31:00,990 [pool-558-thread-1] INFO  server.RaftServerConfigKeys (ConfUtils.java:logGet(43)) - raft.server.log.statemachine.data.sync.timeout.retry = -1 (default)
2019-08-28 19:31:00,990 [pool-558-thread-1] INFO  server.RaftServerConfigKeys (ConfUtils.java:logGet(43)) - raft.server.log.statemachine.data.caching.enabled = true (custom)
2019-08-28 19:31:00,990 [pool-558-thread-1] INFO  segmented.SegmentedRaftLogWorker (SegmentedRaftLogWorker.java:lambda$new$0(132)) - c1b0cc15-b089-4c23-99e9-47ed0bade53e-SegmentedRaftLogWorker:Storage Directory /workdir/hadoop-ozone/integration-test/target/test-dir/MiniOzoneClusterImpl-4c216f00-9015-443b-bac6-aeadc5876bb8/datanode-2/data/ratis/16ec1551-05c9-423a-949f-9a8aa65119d1: flushIndex: setUnconditionally 0 -> -1
2019-08-28 19:31:00,991 [pool-558-thread-1] INFO  server.RaftServerConfigKeys (ConfUtils.java:logGet(43)) - raft.server.snapshot.auto.trigger.enabled = true (custom)
2019-08-28 19:31:00,991 [pool-558-thread-1] INFO  server.RaftServerConfigKeys (ConfUtils.java:logGet(43)) - raft.server.snapshot.auto.trigger.threshold = 10000 (custom)
2019-08-28 19:31:00,991 [pool-558-thread-1] INFO  server.RaftServerConfigKeys (ConfUtils.java:logGet(43)) - raft.server.retrycache.expirytime = 600000ms (custom)
2019-08-28 19:31:00,991 [pool-558-thread-1] INFO  impl.RaftServerImpl (RaftServerImpl.java:start(180)) - c1b0cc15-b089-4c23-99e9-47ed0bade53e: start group-9A8AA65119D1
2019-08-28 19:31:00,992 [pool-558-thread-1] INFO  impl.RaftServerImpl (RaftServerImpl.java:setRole(171)) - c1b0cc15-b089-4c23-99e9-47ed0bade53e:group-9A8AA65119D1 changes role from null to FOLLOWER at term 0 for startAsFollower
2019-08-28 19:31:00,992 [pool-558-thread-1] INFO  impl.RoleInfo (RoleInfo.java:updateAndGet(143)) - c1b0cc15-b089-4c23-99e9-47ed0bade53e: start FollowerState
2019-08-28 19:31:00,992 [pool-558-thread-1] INFO  util.JmxRegister (JmxRegister.java:tryRegister(44)) - Successfully registered JMX Bean with object name Ratis:service=RaftServer,group=group-9A8AA65119D1,id=c1b0cc15-b089-4c23-99e9-47ed0bade53e
2019-08-28 19:31:00,995 [RatisPipelineUtilsThread] INFO  pipeline.PipelineStateManager (PipelineStateManager.java:addPipeline(56)) - Created pipeline Pipeline[ Id: 16ec1551-05c9-423a-949f-9a8aa65119d1, Nodes: c1b0cc15-b089-4c23-99e9-47ed0bade53e{ip: 192.168.69.113, host: pr-hdds-1949-vp5nt-881372353, networkLocation: /default-rack, certSerialId: null}, Type:RATIS, Factor:ONE, State:OPEN]
2019-08-28 19:31:01,002 [grpc-default-executor-5] INFO  impl.RaftServerProxy (RaftServerProxy.java:addNew(89)) - 322d1ff0-d33a-48c4-9ad0-1ff851e73344: addNew group-7FCFAE9F5CE6:[322d1ff0-d33a-48c4-9ad0-1ff851e73344:192.168.69.113:44705] returns group-7FCFAE9F5CE6:java.util.concurrent.CompletableFuture@5a1dcf3a[Not completed]
2019-08-28 19:31:01,004 [pool-569-thread-1] INFO  impl.RaftServerImpl (RaftServerImpl.java:<init>(93)) - 322d1ff0-d33a-48c4-9ad0-1ff851e73344: new RaftServerImpl for group-7FCFAE9F5CE6:[322d1ff0-d33a-48c4-9ad0-1ff851e73344:192.168.69.113:44705] with ContainerStateMachine:uninitialized
2019-08-28 19:31:01,004 [pool-569-thread-1] INFO  server.RaftServerConfigKeys (ConfUtils.java:logGet(43)) - raft.server.rpc.timeout.min = 5s (custom)
2019-08-28 19:31:01,004 [pool-569-thread-1] INFO  server.RaftServerConfigKeys (ConfUtils.java:logGet(43)) - raft.server.rpc.timeout.max = 5200ms (custom)
2019-08-28 19:31:01,004 [pool-569-thread-1] INFO  server.RaftServerConfigKeys (ConfUtils.java:logGet(43)) - raft.server.rpcslowness.timeout = 120s (custom)
2019-08-28 19:31:01,004 [pool-569-thread-1] INFO  server.RaftServerConfigKeys (ConfUtils.java:logGet(43)) - raft.server.sleep.deviation.threshold = 300 (default)
2019-08-28 19:31:01,005 [pool-569-thread-1] INFO  server.RaftServerConfigKeys (ConfUtils.java:logGet(43)) - raft.server.log.appender.install.snapshot.enabled = false (custom)
2019-08-28 19:31:01,005 [pool-569-thread-1] INFO  impl.RaftServerImpl (ServerState.java:<init>(105)) - 322d1ff0-d33a-48c4-9ad0-1ff851e73344:group-7FCFAE9F5CE6 ConfigurationManager, init=-1: [322d1ff0-d33a-48c4-9ad0-1ff851e73344:192.168.69.113:44705], old=null, confs=<EMPTY_MAP>
2019-08-28 19:31:01,005 [pool-569-thread-1] INFO  server.RaftServerConfigKeys (ConfUtils.java:logGet(43)) - raft.server.storage.dir = [/workdir/hadoop-ozone/integration-test/target/test-dir/MiniOzoneClusterImpl-4c216f00-9015-443b-bac6-aeadc5876bb8/datanode-3/data/ratis] (custom)
2019-08-28 19:31:01,005 [pool-569-thread-1] INFO  storage.RaftStorageDirectory (RaftStorageDirectory.java:analyzeStorage(246)) - The storage directory /workdir/hadoop-ozone/integration-test/target/test-dir/MiniOzoneClusterImpl-4c216f00-9015-443b-bac6-aeadc5876bb8/datanode-3/data/ratis/319a8ac0-b9cb-47ba-b2e0-7fcfae9f5ce6 does not exist. Creating ...
2019-08-28 19:31:01,037 [pool-569-thread-1] INFO  storage.RaftStorageDirectory (RaftStorageDirectory.java:tryLock(328)) - Lock on /workdir/hadoop-ozone/integration-test/target/test-dir/MiniOzoneClusterImpl-4c216f00-9015-443b-bac6-aeadc5876bb8/datanode-3/data/ratis/319a8ac0-b9cb-47ba-b2e0-7fcfae9f5ce6/in_use.lock acquired by nodename 17106@pr-hdds-1949-vp5nt-881372353
2019-08-28 19:31:01,047 [IPC Server handler 4 on 38662] INFO  net.NetworkTopology (NetworkTopologyImpl.java:add(110)) - Added a new node: /default-rack/fe19b4e3-4861-4e0d-90fc-58955537b207
2019-08-28 19:31:01,047 [IPC Server handler 4 on 38662] INFO  node.SCMNodeManager (SCMNodeManager.java:register(273)) - Registered Data node : fe19b4e3-4861-4e0d-90fc-58955537b207{ip: 192.168.69.113, host: pr-hdds-1949-vp5nt-881372353, networkLocation: /default-rack, certSerialId: null}
2019-08-28 19:31:01,047 | INFO  | SCMAudit | user=jenkins1000 | ip=192.168.69.113 | op=REGISTER {datanodeDetails=fe19b4e3-4861-4e0d-90fc-58955537b207{ip: 192.168.69.113, host: pr-hdds-1949-vp5nt-881372353, networkLocation: /default-rack, certSerialId: null}} | ret=SUCCESS |  
2019-08-28 19:31:01,054 [pool-569-thread-1] INFO  storage.RaftStorage (RaftStorage.java:format(72)) - Storage directory /workdir/hadoop-ozone/integration-test/target/test-dir/MiniOzoneClusterImpl-4c216f00-9015-443b-bac6-aeadc5876bb8/datanode-3/data/ratis/319a8ac0-b9cb-47ba-b2e0-7fcfae9f5ce6 has been successfully formatted.
2019-08-28 19:31:01,055 [pool-569-thread-1] INFO  ratis.ContainerStateMachine (ContainerStateMachine.java:loadSnapshot(227)) - group-7FCFAE9F5CE6: The snapshot info is null. Setting the last applied indexto:(t:0, i:~)
2019-08-28 19:31:01,055 [pool-569-thread-1] INFO  server.RaftServerConfigKeys (ConfUtils.java:logGet(43)) - raft.server.leader.election.timeout = 120s (custom)
2019-08-28 19:31:01,055 [pool-569-thread-1] INFO  server.RaftServerConfigKeys (ConfUtils.java:logGet(43)) - raft.server.log.use.memory = false (default)
2019-08-28 19:31:01,055 [pool-569-thread-1] INFO  server.RaftServerConfigKeys (ConfUtils.java:logGet(43)) - raft.server.log.purge.gap = 1000000 (custom)
2019-08-28 19:31:01,056 [pool-569-thread-1] INFO  server.RaftServerConfigKeys (ConfUtils.java:logGet(43)) - raft.server.log.appender.buffer.byte-limit = 33554432 (custom)
2019-08-28 19:31:01,056 [pool-569-thread-1] INFO  server.RaftServerConfigKeys (ConfUtils.java:logGet(43)) - raft.server.log.segment.size.max = 1048576 (custom)
2019-08-28 19:31:01,056 [pool-569-thread-1] INFO  server.RaftServerConfigKeys (ConfUtils.java:logGet(43)) - raft.server.log.segment.cache.num.max = 2 (custom)
2019-08-28 19:31:01,056 [pool-569-thread-1] INFO  segmented.SegmentedRaftLogWorker (SegmentedRaftLogWorker.java:<init>(172)) - new 322d1ff0-d33a-48c4-9ad0-1ff851e73344-SegmentedRaftLogWorker:Storage Directory /workdir/hadoop-ozone/integration-test/target/test-dir/MiniOzoneClusterImpl-4c216f00-9015-443b-bac6-aeadc5876bb8/datanode-3/data/ratis/319a8ac0-b9cb-47ba-b2e0-7fcfae9f5ce6 for RaftStorage:Storage Directory /workdir/hadoop-ozone/integration-test/target/test-dir/MiniOzoneClusterImpl-4c216f00-9015-443b-bac6-aeadc5876bb8/datanode-3/data/ratis/319a8ac0-b9cb-47ba-b2e0-7fcfae9f5ce6
2019-08-28 19:31:01,057 [pool-569-thread-1] INFO  server.RaftServerConfigKeys (ConfUtils.java:logGet(43)) - raft.server.log.queue.byte-limit = 2147483647 (custom)
2019-08-28 19:31:01,057 [pool-569-thread-1] INFO  server.RaftServerConfigKeys (ConfUtils.java:logGet(43)) - raft.server.log.queue.element-limit = 1024 (custom)
2019-08-28 19:31:01,057 [pool-569-thread-1] INFO  server.RaftServerConfigKeys (ConfUtils.java:logGet(43)) - raft.server.log.segment.size.max = 1048576 (custom)
2019-08-28 19:31:01,057 [pool-569-thread-1] INFO  server.RaftServerConfigKeys (ConfUtils.java:logGet(43)) - raft.server.log.preallocated.size = 16384 (custom)
2019-08-28 19:31:01,058 [pool-569-thread-1] INFO  server.RaftServerConfigKeys (ConfUtils.java:logGet(43)) - raft.server.log.write.buffer.size = 33554432 (custom)
2019-08-28 19:31:01,058 [pool-569-thread-1] INFO  server.RaftServerConfigKeys (ConfUtils.java:logGet(43)) - raft.server.log.force.sync.num = 128 (default)
2019-08-28 19:31:01,058 [pool-569-thread-1] INFO  server.RaftServerConfigKeys (ConfUtils.java:logGet(43)) - raft.server.log.statemachine.data.sync = true (default)
2019-08-28 19:31:01,058 [pool-569-thread-1] INFO  server.RaftServerConfigKeys (ConfUtils.java:logGet(43)) - raft.server.log.statemachine.data.sync.timeout = 10s (default)
2019-08-28 19:31:01,058 [pool-569-thread-1] INFO  server.RaftServerConfigKeys (ConfUtils.java:logGet(43)) - raft.server.log.statemachine.data.sync.timeout.retry = -1 (default)
2019-08-28 19:31:01,059 [pool-569-thread-1] INFO  server.RaftServerConfigKeys (ConfUtils.java:logGet(43)) - raft.server.log.statemachine.data.caching.enabled = true (custom)
2019-08-28 19:31:01,059 [pool-569-thread-1] INFO  segmented.SegmentedRaftLogWorker (SegmentedRaftLogWorker.java:lambda$new$0(132)) - 322d1ff0-d33a-48c4-9ad0-1ff851e73344-SegmentedRaftLogWorker:Storage Directory /workdir/hadoop-ozone/integration-test/target/test-dir/MiniOzoneClusterImpl-4c216f00-9015-443b-bac6-aeadc5876bb8/datanode-3/data/ratis/319a8ac0-b9cb-47ba-b2e0-7fcfae9f5ce6: flushIndex: setUnconditionally 0 -> -1
2019-08-28 19:31:01,060 [pool-569-thread-1] INFO  server.RaftServerConfigKeys (ConfUtils.java:logGet(43)) - raft.server.snapshot.auto.trigger.enabled = true (custom)
2019-08-28 19:31:01,060 [pool-569-thread-1] INFO  server.RaftServerConfigKeys (ConfUtils.java:logGet(43)) - raft.server.snapshot.auto.trigger.threshold = 10000 (custom)
2019-08-28 19:31:01,060 [pool-569-thread-1] INFO  server.RaftServerConfigKeys (ConfUtils.java:logGet(43)) - raft.server.retrycache.expirytime = 600000ms (custom)
2019-08-28 19:31:01,060 [pool-569-thread-1] INFO  impl.RaftServerImpl (RaftServerImpl.java:start(180)) - 322d1ff0-d33a-48c4-9ad0-1ff851e73344: start group-7FCFAE9F5CE6
2019-08-28 19:31:01,060 [pool-569-thread-1] INFO  impl.RaftServerImpl (RaftServerImpl.java:setRole(171)) - 322d1ff0-d33a-48c4-9ad0-1ff851e73344:group-7FCFAE9F5CE6 changes role from null to FOLLOWER at term 0 for startAsFollower
2019-08-28 19:31:01,061 [pool-569-thread-1] INFO  impl.RoleInfo (RoleInfo.java:updateAndGet(143)) - 322d1ff0-d33a-48c4-9ad0-1ff851e73344: start FollowerState
2019-08-28 19:31:01,061 [pool-569-thread-1] INFO  util.JmxRegister (JmxRegister.java:tryRegister(44)) - Successfully registered JMX Bean with object name Ratis:service=RaftServer,group=group-7FCFAE9F5CE6,id=322d1ff0-d33a-48c4-9ad0-1ff851e73344
2019-08-28 19:31:01,064 [RatisPipelineUtilsThread] INFO  pipeline.PipelineStateManager (PipelineStateManager.java:addPipeline(56)) - Created pipeline Pipeline[ Id: 319a8ac0-b9cb-47ba-b2e0-7fcfae9f5ce6, Nodes: 322d1ff0-d33a-48c4-9ad0-1ff851e73344{ip: 192.168.69.113, host: pr-hdds-1949-vp5nt-881372353, networkLocation: /default-rack, certSerialId: null}, Type:RATIS, Factor:ONE, State:OPEN]
2019-08-28 19:31:01,084 [grpc-default-executor-5] INFO  impl.RaftServerProxy (RaftServerProxy.java:addNew(89)) - fe19b4e3-4861-4e0d-90fc-58955537b207: addNew group-BC5460A79F37:[fe19b4e3-4861-4e0d-90fc-58955537b207:192.168.69.113:45775] returns group-BC5460A79F37:java.util.concurrent.CompletableFuture@355a0c33[Not completed]
2019-08-28 19:31:01,085 [pool-580-thread-1] INFO  impl.RaftServerImpl (RaftServerImpl.java:<init>(93)) - fe19b4e3-4861-4e0d-90fc-58955537b207: new RaftServerImpl for group-BC5460A79F37:[fe19b4e3-4861-4e0d-90fc-58955537b207:192.168.69.113:45775] with ContainerStateMachine:uninitialized
2019-08-28 19:31:01,086 [pool-580-thread-1] INFO  server.RaftServerConfigKeys (ConfUtils.java:logGet(43)) - raft.server.rpc.timeout.min = 5s (custom)
2019-08-28 19:31:01,086 [pool-580-thread-1] INFO  server.RaftServerConfigKeys (ConfUtils.java:logGet(43)) - raft.server.rpc.timeout.max = 5200ms (custom)
2019-08-28 19:31:01,086 [pool-580-thread-1] INFO  server.RaftServerConfigKeys (ConfUtils.java:logGet(43)) - raft.server.rpcslowness.timeout = 120s (custom)
2019-08-28 19:31:01,086 [pool-580-thread-1] INFO  server.RaftServerConfigKeys (ConfUtils.java:logGet(43)) - raft.server.sleep.deviation.threshold = 300 (default)
2019-08-28 19:31:01,086 [pool-580-thread-1] INFO  server.RaftServerConfigKeys (ConfUtils.java:logGet(43)) - raft.server.log.appender.install.snapshot.enabled = false (custom)
2019-08-28 19:31:01,086 [pool-580-thread-1] INFO  impl.RaftServerImpl (ServerState.java:<init>(105)) - fe19b4e3-4861-4e0d-90fc-58955537b207:group-BC5460A79F37 ConfigurationManager, init=-1: [fe19b4e3-4861-4e0d-90fc-58955537b207:192.168.69.113:45775], old=null, confs=<EMPTY_MAP>
2019-08-28 19:31:01,086 [pool-580-thread-1] INFO  server.RaftServerConfigKeys (ConfUtils.java:logGet(43)) - raft.server.storage.dir = [/workdir/hadoop-ozone/integration-test/target/test-dir/MiniOzoneClusterImpl-4c216f00-9015-443b-bac6-aeadc5876bb8/datanode-4/data/ratis] (custom)
2019-08-28 19:31:01,087 [pool-580-thread-1] INFO  storage.RaftStorageDirectory (RaftStorageDirectory.java:analyzeStorage(246)) - The storage directory /workdir/hadoop-ozone/integration-test/target/test-dir/MiniOzoneClusterImpl-4c216f00-9015-443b-bac6-aeadc5876bb8/datanode-4/data/ratis/229e2907-f8f5-4cd6-ae57-bc5460a79f37 does not exist. Creating ...
2019-08-28 19:31:01,113 [pool-580-thread-1] INFO  storage.RaftStorageDirectory (RaftStorageDirectory.java:tryLock(328)) - Lock on /workdir/hadoop-ozone/integration-test/target/test-dir/MiniOzoneClusterImpl-4c216f00-9015-443b-bac6-aeadc5876bb8/datanode-4/data/ratis/229e2907-f8f5-4cd6-ae57-bc5460a79f37/in_use.lock acquired by nodename 17106@pr-hdds-1949-vp5nt-881372353
2019-08-28 19:31:01,139 [pool-580-thread-1] INFO  storage.RaftStorage (RaftStorage.java:format(72)) - Storage directory /workdir/hadoop-ozone/integration-test/target/test-dir/MiniOzoneClusterImpl-4c216f00-9015-443b-bac6-aeadc5876bb8/datanode-4/data/ratis/229e2907-f8f5-4cd6-ae57-bc5460a79f37 has been successfully formatted.
2019-08-28 19:31:01,139 [pool-580-thread-1] INFO  ratis.ContainerStateMachine (ContainerStateMachine.java:loadSnapshot(227)) - group-BC5460A79F37: The snapshot info is null. Setting the last applied indexto:(t:0, i:~)
2019-08-28 19:31:01,139 [pool-580-thread-1] INFO  server.RaftServerConfigKeys (ConfUtils.java:logGet(43)) - raft.server.leader.election.timeout = 120s (custom)
2019-08-28 19:31:01,139 [pool-580-thread-1] INFO  server.RaftServerConfigKeys (ConfUtils.java:logGet(43)) - raft.server.log.use.memory = false (default)
2019-08-28 19:31:01,139 [pool-580-thread-1] INFO  server.RaftServerConfigKeys (ConfUtils.java:logGet(43)) - raft.server.log.purge.gap = 1000000 (custom)
2019-08-28 19:31:01,140 [pool-580-thread-1] INFO  server.RaftServerConfigKeys (ConfUtils.java:logGet(43)) - raft.server.log.appender.buffer.byte-limit = 33554432 (custom)
2019-08-28 19:31:01,140 [pool-580-thread-1] INFO  server.RaftServerConfigKeys (ConfUtils.java:logGet(43)) - raft.server.log.segment.size.max = 1048576 (custom)
2019-08-28 19:31:01,140 [pool-580-thread-1] INFO  server.RaftServerConfigKeys (ConfUtils.java:logGet(43)) - raft.server.log.segment.cache.num.max = 2 (custom)
2019-08-28 19:31:01,140 [pool-580-thread-1] INFO  segmented.SegmentedRaftLogWorker (SegmentedRaftLogWorker.java:<init>(172)) - new fe19b4e3-4861-4e0d-90fc-58955537b207-SegmentedRaftLogWorker:Storage Directory /workdir/hadoop-ozone/integration-test/target/test-dir/MiniOzoneClusterImpl-4c216f00-9015-443b-bac6-aeadc5876bb8/datanode-4/data/ratis/229e2907-f8f5-4cd6-ae57-bc5460a79f37 for RaftStorage:Storage Directory /workdir/hadoop-ozone/integration-test/target/test-dir/MiniOzoneClusterImpl-4c216f00-9015-443b-bac6-aeadc5876bb8/datanode-4/data/ratis/229e2907-f8f5-4cd6-ae57-bc5460a79f37
2019-08-28 19:31:01,140 [pool-580-thread-1] INFO  server.RaftServerConfigKeys (ConfUtils.java:logGet(43)) - raft.server.log.queue.byte-limit = 2147483647 (custom)
2019-08-28 19:31:01,141 [pool-580-thread-1] INFO  server.RaftServerConfigKeys (ConfUtils.java:logGet(43)) - raft.server.log.queue.element-limit = 1024 (custom)
2019-08-28 19:31:01,141 [pool-580-thread-1] INFO  server.RaftServerConfigKeys (ConfUtils.java:logGet(43)) - raft.server.log.segment.size.max = 1048576 (custom)
2019-08-28 19:31:01,141 [pool-580-thread-1] INFO  server.RaftServerConfigKeys (ConfUtils.java:logGet(43)) - raft.server.log.preallocated.size = 16384 (custom)
2019-08-28 19:31:01,141 [pool-580-thread-1] INFO  server.RaftServerConfigKeys (ConfUtils.java:logGet(43)) - raft.server.log.write.buffer.size = 33554432 (custom)
2019-08-28 19:31:01,141 [pool-580-thread-1] INFO  server.RaftServerConfigKeys (ConfUtils.java:logGet(43)) - raft.server.log.force.sync.num = 128 (default)
2019-08-28 19:31:01,142 [pool-580-thread-1] INFO  server.RaftServerConfigKeys (ConfUtils.java:logGet(43)) - raft.server.log.statemachine.data.sync = true (default)
2019-08-28 19:31:01,142 [pool-580-thread-1] INFO  server.RaftServerConfigKeys (ConfUtils.java:logGet(43)) - raft.server.log.statemachine.data.sync.timeout = 10s (default)
2019-08-28 19:31:01,142 [pool-580-thread-1] INFO  server.RaftServerConfigKeys (ConfUtils.java:logGet(43)) - raft.server.log.statemachine.data.sync.timeout.retry = -1 (default)
2019-08-28 19:31:01,142 [pool-580-thread-1] INFO  server.RaftServerConfigKeys (ConfUtils.java:logGet(43)) - raft.server.log.statemachine.data.caching.enabled = true (custom)
2019-08-28 19:31:01,142 [pool-580-thread-1] INFO  segmented.SegmentedRaftLogWorker (SegmentedRaftLogWorker.java:lambda$new$0(132)) - fe19b4e3-4861-4e0d-90fc-58955537b207-SegmentedRaftLogWorker:Storage Directory /workdir/hadoop-ozone/integration-test/target/test-dir/MiniOzoneClusterImpl-4c216f00-9015-443b-bac6-aeadc5876bb8/datanode-4/data/ratis/229e2907-f8f5-4cd6-ae57-bc5460a79f37: flushIndex: setUnconditionally 0 -> -1
2019-08-28 19:31:01,143 [pool-580-thread-1] INFO  server.RaftServerConfigKeys (ConfUtils.java:logGet(43)) - raft.server.snapshot.auto.trigger.enabled = true (custom)
2019-08-28 19:31:01,143 [pool-580-thread-1] INFO  server.RaftServerConfigKeys (ConfUtils.java:logGet(43)) - raft.server.snapshot.auto.trigger.threshold = 10000 (custom)
2019-08-28 19:31:01,143 [pool-580-thread-1] INFO  server.RaftServerConfigKeys (ConfUtils.java:logGet(43)) - raft.server.retrycache.expirytime = 600000ms (custom)
2019-08-28 19:31:01,143 [pool-580-thread-1] INFO  impl.RaftServerImpl (RaftServerImpl.java:start(180)) - fe19b4e3-4861-4e0d-90fc-58955537b207: start group-BC5460A79F37
2019-08-28 19:31:01,143 [pool-580-thread-1] INFO  impl.RaftServerImpl (RaftServerImpl.java:setRole(171)) - fe19b4e3-4861-4e0d-90fc-58955537b207:group-BC5460A79F37 changes role from null to FOLLOWER at term 0 for startAsFollower
2019-08-28 19:31:01,144 [pool-580-thread-1] INFO  impl.RoleInfo (RoleInfo.java:updateAndGet(143)) - fe19b4e3-4861-4e0d-90fc-58955537b207: start FollowerState
2019-08-28 19:31:01,144 [pool-580-thread-1] INFO  util.JmxRegister (JmxRegister.java:tryRegister(44)) - Successfully registered JMX Bean with object name Ratis:service=RaftServer,group=group-BC5460A79F37,id=fe19b4e3-4861-4e0d-90fc-58955537b207
2019-08-28 19:31:01,147 [RatisPipelineUtilsThread] INFO  pipeline.PipelineStateManager (PipelineStateManager.java:addPipeline(56)) - Created pipeline Pipeline[ Id: 229e2907-f8f5-4cd6-ae57-bc5460a79f37, Nodes: fe19b4e3-4861-4e0d-90fc-58955537b207{ip: 192.168.69.113, host: pr-hdds-1949-vp5nt-881372353, networkLocation: /default-rack, certSerialId: null}, Type:RATIS, Factor:ONE, State:OPEN]
2019-08-28 19:31:01,160 [grpc-default-executor-17] INFO  impl.RaftServerProxy (RaftServerProxy.java:addNew(89)) - c1b0cc15-b089-4c23-99e9-47ed0bade53e: addNew group-CE2CFCFD105D:[c1b0cc15-b089-4c23-99e9-47ed0bade53e:192.168.69.113:39807, 322d1ff0-d33a-48c4-9ad0-1ff851e73344:192.168.69.113:44705, 893d9933-a2b1-4f23-acb1-093dec15f61d:192.168.69.113:42152] returns group-CE2CFCFD105D:java.util.concurrent.CompletableFuture@29397489[Not completed]
2019-08-28 19:31:01,160 [grpc-default-executor-15] INFO  impl.RaftServerProxy (RaftServerProxy.java:addNew(89)) - 322d1ff0-d33a-48c4-9ad0-1ff851e73344: addNew group-CE2CFCFD105D:[c1b0cc15-b089-4c23-99e9-47ed0bade53e:192.168.69.113:39807, 322d1ff0-d33a-48c4-9ad0-1ff851e73344:192.168.69.113:44705, 893d9933-a2b1-4f23-acb1-093dec15f61d:192.168.69.113:42152] returns group-CE2CFCFD105D:java.util.concurrent.CompletableFuture@7a834141[Not completed]
2019-08-28 19:31:01,160 [grpc-default-executor-5] INFO  impl.RaftServerProxy (RaftServerProxy.java:addNew(89)) - 893d9933-a2b1-4f23-acb1-093dec15f61d: addNew group-CE2CFCFD105D:[c1b0cc15-b089-4c23-99e9-47ed0bade53e:192.168.69.113:39807, 322d1ff0-d33a-48c4-9ad0-1ff851e73344:192.168.69.113:44705, 893d9933-a2b1-4f23-acb1-093dec15f61d:192.168.69.113:42152] returns group-CE2CFCFD105D:java.util.concurrent.CompletableFuture@554dd464[Not completed]
2019-08-28 19:31:01,161 [pool-558-thread-1] INFO  impl.RaftServerImpl (RaftServerImpl.java:<init>(93)) - c1b0cc15-b089-4c23-99e9-47ed0bade53e: new RaftServerImpl for group-CE2CFCFD105D:[c1b0cc15-b089-4c23-99e9-47ed0bade53e:192.168.69.113:39807, 322d1ff0-d33a-48c4-9ad0-1ff851e73344:192.168.69.113:44705, 893d9933-a2b1-4f23-acb1-093dec15f61d:192.168.69.113:42152] with ContainerStateMachine:uninitialized
2019-08-28 19:31:01,161 [pool-558-thread-1] INFO  server.RaftServerConfigKeys (ConfUtils.java:logGet(43)) - raft.server.rpc.timeout.min = 5s (custom)
2019-08-28 19:31:01,161 [pool-558-thread-1] INFO  server.RaftServerConfigKeys (ConfUtils.java:logGet(43)) - raft.server.rpc.timeout.max = 5200ms (custom)
2019-08-28 19:31:01,161 [pool-558-thread-1] INFO  server.RaftServerConfigKeys (ConfUtils.java:logGet(43)) - raft.server.rpcslowness.timeout = 120s (custom)
2019-08-28 19:31:01,161 [pool-536-thread-1] INFO  impl.RaftServerImpl (RaftServerImpl.java:<init>(93)) - 893d9933-a2b1-4f23-acb1-093dec15f61d: new RaftServerImpl for group-CE2CFCFD105D:[c1b0cc15-b089-4c23-99e9-47ed0bade53e:192.168.69.113:39807, 322d1ff0-d33a-48c4-9ad0-1ff851e73344:192.168.69.113:44705, 893d9933-a2b1-4f23-acb1-093dec15f61d:192.168.69.113:42152] with ContainerStateMachine:uninitialized
2019-08-28 19:31:01,161 [pool-558-thread-1] INFO  server.RaftServerConfigKeys (ConfUtils.java:logGet(43)) - raft.server.sleep.deviation.threshold = 300 (default)
2019-08-28 19:31:01,162 [pool-536-thread-1] INFO  server.RaftServerConfigKeys (ConfUtils.java:logGet(43)) - raft.server.rpc.timeout.min = 5s (custom)
2019-08-28 19:31:01,162 [pool-569-thread-1] INFO  impl.RaftServerImpl (RaftServerImpl.java:<init>(93)) - 322d1ff0-d33a-48c4-9ad0-1ff851e73344: new RaftServerImpl for group-CE2CFCFD105D:[c1b0cc15-b089-4c23-99e9-47ed0bade53e:192.168.69.113:39807, 322d1ff0-d33a-48c4-9ad0-1ff851e73344:192.168.69.113:44705, 893d9933-a2b1-4f23-acb1-093dec15f61d:192.168.69.113:42152] with ContainerStateMachine:uninitialized
2019-08-28 19:31:01,162 [pool-558-thread-1] INFO  server.RaftServerConfigKeys (ConfUtils.java:logGet(43)) - raft.server.log.appender.install.snapshot.enabled = false (custom)
2019-08-28 19:31:01,162 [pool-569-thread-1] INFO  server.RaftServerConfigKeys (ConfUtils.java:logGet(43)) - raft.server.rpc.timeout.min = 5s (custom)
2019-08-28 19:31:01,162 [pool-536-thread-1] INFO  server.RaftServerConfigKeys (ConfUtils.java:logGet(43)) - raft.server.rpc.timeout.max = 5200ms (custom)
2019-08-28 19:31:01,162 [pool-569-thread-1] INFO  server.RaftServerConfigKeys (ConfUtils.java:logGet(43)) - raft.server.rpc.timeout.max = 5200ms (custom)
2019-08-28 19:31:01,163 [pool-569-thread-1] INFO  server.RaftServerConfigKeys (ConfUtils.java:logGet(43)) - raft.server.rpcslowness.timeout = 120s (custom)
2019-08-28 19:31:01,162 [pool-558-thread-1] INFO  impl.RaftServerImpl (ServerState.java:<init>(105)) - c1b0cc15-b089-4c23-99e9-47ed0bade53e:group-CE2CFCFD105D ConfigurationManager, init=-1: [c1b0cc15-b089-4c23-99e9-47ed0bade53e:192.168.69.113:39807, 322d1ff0-d33a-48c4-9ad0-1ff851e73344:192.168.69.113:44705, 893d9933-a2b1-4f23-acb1-093dec15f61d:192.168.69.113:42152], old=null, confs=<EMPTY_MAP>
2019-08-28 19:31:01,163 [pool-569-thread-1] INFO  server.RaftServerConfigKeys (ConfUtils.java:logGet(43)) - raft.server.sleep.deviation.threshold = 300 (default)
2019-08-28 19:31:01,163 [pool-569-thread-1] INFO  server.RaftServerConfigKeys (ConfUtils.java:logGet(43)) - raft.server.log.appender.install.snapshot.enabled = false (custom)
2019-08-28 19:31:01,162 [pool-536-thread-1] INFO  server.RaftServerConfigKeys (ConfUtils.java:logGet(43)) - raft.server.rpcslowness.timeout = 120s (custom)
2019-08-28 19:31:01,163 [pool-569-thread-1] INFO  impl.RaftServerImpl (ServerState.java:<init>(105)) - 322d1ff0-d33a-48c4-9ad0-1ff851e73344:group-CE2CFCFD105D ConfigurationManager, init=-1: [c1b0cc15-b089-4c23-99e9-47ed0bade53e:192.168.69.113:39807, 322d1ff0-d33a-48c4-9ad0-1ff851e73344:192.168.69.113:44705, 893d9933-a2b1-4f23-acb1-093dec15f61d:192.168.69.113:42152], old=null, confs=<EMPTY_MAP>
2019-08-28 19:31:01,163 [pool-558-thread-1] INFO  server.RaftServerConfigKeys (ConfUtils.java:logGet(43)) - raft.server.storage.dir = [/workdir/hadoop-ozone/integration-test/target/test-dir/MiniOzoneClusterImpl-4c216f00-9015-443b-bac6-aeadc5876bb8/datanode-2/data/ratis] (custom)
2019-08-28 19:31:01,163 [pool-569-thread-1] INFO  server.RaftServerConfigKeys (ConfUtils.java:logGet(43)) - raft.server.storage.dir = [/workdir/hadoop-ozone/integration-test/target/test-dir/MiniOzoneClusterImpl-4c216f00-9015-443b-bac6-aeadc5876bb8/datanode-3/data/ratis] (custom)
2019-08-28 19:31:01,163 [pool-536-thread-1] INFO  server.RaftServerConfigKeys (ConfUtils.java:logGet(43)) - raft.server.sleep.deviation.threshold = 300 (default)
2019-08-28 19:31:01,164 [pool-558-thread-1] INFO  storage.RaftStorageDirectory (RaftStorageDirectory.java:analyzeStorage(246)) - The storage directory /workdir/hadoop-ozone/integration-test/target/test-dir/MiniOzoneClusterImpl-4c216f00-9015-443b-bac6-aeadc5876bb8/datanode-2/data/ratis/61d300c1-f68c-43ef-b41e-ce2cfcfd105d does not exist. Creating ...
2019-08-28 19:31:01,164 [pool-569-thread-1] INFO  storage.RaftStorageDirectory (RaftStorageDirectory.java:analyzeStorage(246)) - The storage directory /workdir/hadoop-ozone/integration-test/target/test-dir/MiniOzoneClusterImpl-4c216f00-9015-443b-bac6-aeadc5876bb8/datanode-3/data/ratis/61d300c1-f68c-43ef-b41e-ce2cfcfd105d does not exist. Creating ...
2019-08-28 19:31:01,164 [pool-536-thread-1] INFO  server.RaftServerConfigKeys (ConfUtils.java:logGet(43)) - raft.server.log.appender.install.snapshot.enabled = false (custom)
2019-08-28 19:31:01,164 [pool-536-thread-1] INFO  impl.RaftServerImpl (ServerState.java:<init>(105)) - 893d9933-a2b1-4f23-acb1-093dec15f61d:group-CE2CFCFD105D ConfigurationManager, init=-1: [c1b0cc15-b089-4c23-99e9-47ed0bade53e:192.168.69.113:39807, 322d1ff0-d33a-48c4-9ad0-1ff851e73344:192.168.69.113:44705, 893d9933-a2b1-4f23-acb1-093dec15f61d:192.168.69.113:42152], old=null, confs=<EMPTY_MAP>
2019-08-28 19:31:01,164 [pool-536-thread-1] INFO  server.RaftServerConfigKeys (ConfUtils.java:logGet(43)) - raft.server.storage.dir = [/workdir/hadoop-ozone/integration-test/target/test-dir/MiniOzoneClusterImpl-4c216f00-9015-443b-bac6-aeadc5876bb8/datanode-0/data/ratis] (custom)
2019-08-28 19:31:01,165 [pool-536-thread-1] INFO  storage.RaftStorageDirectory (RaftStorageDirectory.java:analyzeStorage(246)) - The storage directory /workdir/hadoop-ozone/integration-test/target/test-dir/MiniOzoneClusterImpl-4c216f00-9015-443b-bac6-aeadc5876bb8/datanode-0/data/ratis/61d300c1-f68c-43ef-b41e-ce2cfcfd105d does not exist. Creating ...
2019-08-28 19:31:01,191 [IPC Server handler 6 on 38662] INFO  net.NetworkTopology (NetworkTopologyImpl.java:add(110)) - Added a new node: /default-rack/c5bcbe8d-02dd-463d-aab3-dfd296a706f4
2019-08-28 19:31:01,191 [IPC Server handler 6 on 38662] INFO  node.SCMNodeManager (SCMNodeManager.java:register(273)) - Registered Data node : c5bcbe8d-02dd-463d-aab3-dfd296a706f4{ip: 192.168.69.113, host: pr-hdds-1949-vp5nt-881372353, networkLocation: /default-rack, certSerialId: null}
2019-08-28 19:31:01,191 | INFO  | SCMAudit | user=jenkins1000 | ip=192.168.69.113 | op=REGISTER {datanodeDetails=c5bcbe8d-02dd-463d-aab3-dfd296a706f4{ip: 192.168.69.113, host: pr-hdds-1949-vp5nt-881372353, networkLocation: /default-rack, certSerialId: null}} | ret=SUCCESS |  
2019-08-28 19:31:01,198 [pool-569-thread-1] INFO  storage.RaftStorageDirectory (RaftStorageDirectory.java:tryLock(328)) - Lock on /workdir/hadoop-ozone/integration-test/target/test-dir/MiniOzoneClusterImpl-4c216f00-9015-443b-bac6-aeadc5876bb8/datanode-3/data/ratis/61d300c1-f68c-43ef-b41e-ce2cfcfd105d/in_use.lock acquired by nodename 17106@pr-hdds-1949-vp5nt-881372353
2019-08-28 19:31:01,198 [pool-536-thread-1] INFO  storage.RaftStorageDirectory (RaftStorageDirectory.java:tryLock(328)) - Lock on /workdir/hadoop-ozone/integration-test/target/test-dir/MiniOzoneClusterImpl-4c216f00-9015-443b-bac6-aeadc5876bb8/datanode-0/data/ratis/61d300c1-f68c-43ef-b41e-ce2cfcfd105d/in_use.lock acquired by nodename 17106@pr-hdds-1949-vp5nt-881372353
2019-08-28 19:31:01,198 [pool-558-thread-1] INFO  storage.RaftStorageDirectory (RaftStorageDirectory.java:tryLock(328)) - Lock on /workdir/hadoop-ozone/integration-test/target/test-dir/MiniOzoneClusterImpl-4c216f00-9015-443b-bac6-aeadc5876bb8/datanode-2/data/ratis/61d300c1-f68c-43ef-b41e-ce2cfcfd105d/in_use.lock acquired by nodename 17106@pr-hdds-1949-vp5nt-881372353
2019-08-28 19:31:01,215 [pool-569-thread-1] INFO  storage.RaftStorage (RaftStorage.java:format(72)) - Storage directory /workdir/hadoop-ozone/integration-test/target/test-dir/MiniOzoneClusterImpl-4c216f00-9015-443b-bac6-aeadc5876bb8/datanode-3/data/ratis/61d300c1-f68c-43ef-b41e-ce2cfcfd105d has been successfully formatted.
2019-08-28 19:31:01,215 [pool-558-thread-1] INFO  storage.RaftStorage (RaftStorage.java:format(72)) - Storage directory /workdir/hadoop-ozone/integration-test/target/test-dir/MiniOzoneClusterImpl-4c216f00-9015-443b-bac6-aeadc5876bb8/datanode-2/data/ratis/61d300c1-f68c-43ef-b41e-ce2cfcfd105d has been successfully formatted.
2019-08-28 19:31:01,215 [pool-536-thread-1] INFO  storage.RaftStorage (RaftStorage.java:format(72)) - Storage directory /workdir/hadoop-ozone/integration-test/target/test-dir/MiniOzoneClusterImpl-4c216f00-9015-443b-bac6-aeadc5876bb8/datanode-0/data/ratis/61d300c1-f68c-43ef-b41e-ce2cfcfd105d has been successfully formatted.
2019-08-28 19:31:01,216 [pool-558-thread-1] INFO  ratis.ContainerStateMachine (ContainerStateMachine.java:loadSnapshot(227)) - group-CE2CFCFD105D: The snapshot info is null. Setting the last applied indexto:(t:0, i:~)
2019-08-28 19:31:01,215 [pool-569-thread-1] INFO  ratis.ContainerStateMachine (ContainerStateMachine.java:loadSnapshot(227)) - group-CE2CFCFD105D: The snapshot info is null. Setting the last applied indexto:(t:0, i:~)
2019-08-28 19:31:01,216 [pool-558-thread-1] INFO  server.RaftServerConfigKeys (ConfUtils.java:logGet(43)) - raft.server.leader.election.timeout = 120s (custom)
2019-08-28 19:31:01,216 [pool-536-thread-1] INFO  ratis.ContainerStateMachine (ContainerStateMachine.java:loadSnapshot(227)) - group-CE2CFCFD105D: The snapshot info is null. Setting the last applied indexto:(t:0, i:~)
2019-08-28 19:31:01,216 [pool-558-thread-1] INFO  server.RaftServerConfigKeys (ConfUtils.java:logGet(43)) - raft.server.log.use.memory = false (default)
2019-08-28 19:31:01,216 [pool-569-thread-1] INFO  server.RaftServerConfigKeys (ConfUtils.java:logGet(43)) - raft.server.leader.election.timeout = 120s (custom)
2019-08-28 19:31:01,217 [pool-558-thread-1] INFO  server.RaftServerConfigKeys (ConfUtils.java:logGet(43)) - raft.server.log.purge.gap = 1000000 (custom)
2019-08-28 19:31:01,216 [pool-536-thread-1] INFO  server.RaftServerConfigKeys (ConfUtils.java:logGet(43)) - raft.server.leader.election.timeout = 120s (custom)
2019-08-28 19:31:01,217 [pool-558-thread-1] INFO  server.RaftServerConfigKeys (ConfUtils.java:logGet(43)) - raft.server.log.appender.buffer.byte-limit = 33554432 (custom)
2019-08-28 19:31:01,217 [pool-569-thread-1] INFO  server.RaftServerConfigKeys (ConfUtils.java:logGet(43)) - raft.server.log.use.memory = false (default)
2019-08-28 19:31:01,217 [pool-558-thread-1] INFO  server.RaftServerConfigKeys (ConfUtils.java:logGet(43)) - raft.server.log.segment.size.max = 1048576 (custom)
2019-08-28 19:31:01,217 [pool-536-thread-1] INFO  server.RaftServerConfigKeys (ConfUtils.java:logGet(43)) - raft.server.log.use.memory = false (default)
2019-08-28 19:31:01,217 [pool-558-thread-1] INFO  server.RaftServerConfigKeys (ConfUtils.java:logGet(43)) - raft.server.log.segment.cache.num.max = 2 (custom)
2019-08-28 19:31:01,217 [pool-569-thread-1] INFO  server.RaftServerConfigKeys (ConfUtils.java:logGet(43)) - raft.server.log.purge.gap = 1000000 (custom)
2019-08-28 19:31:01,218 [pool-558-thread-1] INFO  segmented.SegmentedRaftLogWorker (SegmentedRaftLogWorker.java:<init>(172)) - new c1b0cc15-b089-4c23-99e9-47ed0bade53e-SegmentedRaftLogWorker:Storage Directory /workdir/hadoop-ozone/integration-test/target/test-dir/MiniOzoneClusterImpl-4c216f00-9015-443b-bac6-aeadc5876bb8/datanode-2/data/ratis/61d300c1-f68c-43ef-b41e-ce2cfcfd105d for RaftStorage:Storage Directory /workdir/hadoop-ozone/integration-test/target/test-dir/MiniOzoneClusterImpl-4c216f00-9015-443b-bac6-aeadc5876bb8/datanode-2/data/ratis/61d300c1-f68c-43ef-b41e-ce2cfcfd105d
2019-08-28 19:31:01,218 [pool-536-thread-1] INFO  server.RaftServerConfigKeys (ConfUtils.java:logGet(43)) - raft.server.log.purge.gap = 1000000 (custom)
2019-08-28 19:31:01,218 [pool-558-thread-1] INFO  server.RaftServerConfigKeys (ConfUtils.java:logGet(43)) - raft.server.log.queue.byte-limit = 2147483647 (custom)
2019-08-28 19:31:01,218 [pool-569-thread-1] INFO  server.RaftServerConfigKeys (ConfUtils.java:logGet(43)) - raft.server.log.appender.buffer.byte-limit = 33554432 (custom)
2019-08-28 19:31:01,218 [pool-558-thread-1] INFO  server.RaftServerConfigKeys (ConfUtils.java:logGet(43)) - raft.server.log.queue.element-limit = 1024 (custom)
2019-08-28 19:31:01,218 [pool-536-thread-1] INFO  server.RaftServerConfigKeys (ConfUtils.java:logGet(43)) - raft.server.log.appender.buffer.byte-limit = 33554432 (custom)
2019-08-28 19:31:01,219 [pool-558-thread-1] INFO  server.RaftServerConfigKeys (ConfUtils.java:logGet(43)) - raft.server.log.segment.size.max = 1048576 (custom)
2019-08-28 19:31:01,218 [pool-569-thread-1] INFO  server.RaftServerConfigKeys (ConfUtils.java:logGet(43)) - raft.server.log.segment.size.max = 1048576 (custom)
2019-08-28 19:31:01,219 [pool-558-thread-1] INFO  server.RaftServerConfigKeys (ConfUtils.java:logGet(43)) - raft.server.log.preallocated.size = 16384 (custom)
2019-08-28 19:31:01,219 [pool-558-thread-1] INFO  server.RaftServerConfigKeys (ConfUtils.java:logGet(43)) - raft.server.log.write.buffer.size = 33554432 (custom)
2019-08-28 19:31:01,219 [pool-536-thread-1] INFO  server.RaftServerConfigKeys (ConfUtils.java:logGet(43)) - raft.server.log.segment.size.max = 1048576 (custom)
2019-08-28 19:31:01,219 [pool-558-thread-1] INFO  server.RaftServerConfigKeys (ConfUtils.java:logGet(43)) - raft.server.log.force.sync.num = 128 (default)
2019-08-28 19:31:01,219 [pool-569-thread-1] INFO  server.RaftServerConfigKeys (ConfUtils.java:logGet(43)) - raft.server.log.segment.cache.num.max = 2 (custom)
2019-08-28 19:31:01,220 [pool-558-thread-1] INFO  server.RaftServerConfigKeys (ConfUtils.java:logGet(43)) - raft.server.log.statemachine.data.sync = true (default)
2019-08-28 19:31:01,220 [pool-536-thread-1] INFO  server.RaftServerConfigKeys (ConfUtils.java:logGet(43)) - raft.server.log.segment.cache.num.max = 2 (custom)
2019-08-28 19:31:01,220 [pool-558-thread-1] INFO  server.RaftServerConfigKeys (ConfUtils.java:logGet(43)) - raft.server.log.statemachine.data.sync.timeout = 10s (default)
2019-08-28 19:31:01,220 [pool-558-thread-1] INFO  server.RaftServerConfigKeys (ConfUtils.java:logGet(43)) - raft.server.log.statemachine.data.sync.timeout.retry = -1 (default)
2019-08-28 19:31:01,220 [pool-569-thread-1] INFO  segmented.SegmentedRaftLogWorker (SegmentedRaftLogWorker.java:<init>(172)) - new 322d1ff0-d33a-48c4-9ad0-1ff851e73344-SegmentedRaftLogWorker:Storage Directory /workdir/hadoop-ozone/integration-test/target/test-dir/MiniOzoneClusterImpl-4c216f00-9015-443b-bac6-aeadc5876bb8/datanode-3/data/ratis/61d300c1-f68c-43ef-b41e-ce2cfcfd105d for RaftStorage:Storage Directory /workdir/hadoop-ozone/integration-test/target/test-dir/MiniOzoneClusterImpl-4c216f00-9015-443b-bac6-aeadc5876bb8/datanode-3/data/ratis/61d300c1-f68c-43ef-b41e-ce2cfcfd105d
2019-08-28 19:31:01,221 [pool-558-thread-1] INFO  server.RaftServerConfigKeys (ConfUtils.java:logGet(43)) - raft.server.log.statemachine.data.caching.enabled = true (custom)
2019-08-28 19:31:01,220 [pool-536-thread-1] INFO  segmented.SegmentedRaftLogWorker (SegmentedRaftLogWorker.java:<init>(172)) - new 893d9933-a2b1-4f23-acb1-093dec15f61d-SegmentedRaftLogWorker:Storage Directory /workdir/hadoop-ozone/integration-test/target/test-dir/MiniOzoneClusterImpl-4c216f00-9015-443b-bac6-aeadc5876bb8/datanode-0/data/ratis/61d300c1-f68c-43ef-b41e-ce2cfcfd105d for RaftStorage:Storage Directory /workdir/hadoop-ozone/integration-test/target/test-dir/MiniOzoneClusterImpl-4c216f00-9015-443b-bac6-aeadc5876bb8/datanode-0/data/ratis/61d300c1-f68c-43ef-b41e-ce2cfcfd105d
2019-08-28 19:31:01,221 [pool-569-thread-1] INFO  server.RaftServerConfigKeys (ConfUtils.java:logGet(43)) - raft.server.log.queue.byte-limit = 2147483647 (custom)
2019-08-28 19:31:01,221 [pool-536-thread-1] INFO  server.RaftServerConfigKeys (ConfUtils.java:logGet(43)) - raft.server.log.queue.byte-limit = 2147483647 (custom)
2019-08-28 19:31:01,221 [pool-558-thread-1] INFO  segmented.SegmentedRaftLogWorker (SegmentedRaftLogWorker.java:lambda$new$0(132)) - c1b0cc15-b089-4c23-99e9-47ed0bade53e-SegmentedRaftLogWorker:Storage Directory /workdir/hadoop-ozone/integration-test/target/test-dir/MiniOzoneClusterImpl-4c216f00-9015-443b-bac6-aeadc5876bb8/datanode-2/data/ratis/61d300c1-f68c-43ef-b41e-ce2cfcfd105d: flushIndex: setUnconditionally 0 -> -1
2019-08-28 19:31:01,221 [pool-536-thread-1] INFO  server.RaftServerConfigKeys (ConfUtils.java:logGet(43)) - raft.server.log.queue.element-limit = 1024 (custom)
2019-08-28 19:31:01,221 [pool-569-thread-1] INFO  server.RaftServerConfigKeys (ConfUtils.java:logGet(43)) - raft.server.log.queue.element-limit = 1024 (custom)
2019-08-28 19:31:01,222 [pool-536-thread-1] INFO  server.RaftServerConfigKeys (ConfUtils.java:logGet(43)) - raft.server.log.segment.size.max = 1048576 (custom)
2019-08-28 19:31:01,222 [pool-558-thread-1] INFO  server.RaftServerConfigKeys (ConfUtils.java:logGet(43)) - raft.server.snapshot.auto.trigger.enabled = true (custom)
2019-08-28 19:31:01,222 [pool-536-thread-1] INFO  server.RaftServerConfigKeys (ConfUtils.java:logGet(43)) - raft.server.log.preallocated.size = 16384 (custom)
2019-08-28 19:31:01,222 [pool-569-thread-1] INFO  server.RaftServerConfigKeys (ConfUtils.java:logGet(43)) - raft.server.log.segment.size.max = 1048576 (custom)
2019-08-28 19:31:01,222 [pool-536-thread-1] INFO  server.RaftServerConfigKeys (ConfUtils.java:logGet(43)) - raft.server.log.write.buffer.size = 33554432 (custom)
2019-08-28 19:31:01,222 [pool-558-thread-1] INFO  server.RaftServerConfigKeys (ConfUtils.java:logGet(43)) - raft.server.snapshot.auto.trigger.threshold = 10000 (custom)
2019-08-28 19:31:01,222 [pool-536-thread-1] INFO  server.RaftServerConfigKeys (ConfUtils.java:logGet(43)) - raft.server.log.force.sync.num = 128 (default)
2019-08-28 19:31:01,222 [pool-569-thread-1] INFO  server.RaftServerConfigKeys (ConfUtils.java:logGet(43)) - raft.server.log.preallocated.size = 16384 (custom)
2019-08-28 19:31:01,223 [pool-536-thread-1] INFO  server.RaftServerConfigKeys (ConfUtils.java:logGet(43)) - raft.server.log.statemachine.data.sync = true (default)
2019-08-28 19:31:01,223 [pool-558-thread-1] INFO  server.RaftServerConfigKeys (ConfUtils.java:logGet(43)) - raft.server.retrycache.expirytime = 600000ms (custom)
2019-08-28 19:31:01,223 [pool-536-thread-1] INFO  server.RaftServerConfigKeys (ConfUtils.java:logGet(43)) - raft.server.log.statemachine.data.sync.timeout = 10s (default)
2019-08-28 19:31:01,223 [pool-569-thread-1] INFO  server.RaftServerConfigKeys (ConfUtils.java:logGet(43)) - raft.server.log.write.buffer.size = 33554432 (custom)
2019-08-28 19:31:01,223 [pool-536-thread-1] INFO  server.RaftServerConfigKeys (ConfUtils.java:logGet(43)) - raft.server.log.statemachine.data.sync.timeout.retry = -1 (default)
2019-08-28 19:31:01,223 [pool-558-thread-1] INFO  impl.RaftServerImpl (RaftServerImpl.java:start(180)) - c1b0cc15-b089-4c23-99e9-47ed0bade53e: start group-CE2CFCFD105D
2019-08-28 19:31:01,224 [pool-536-thread-1] INFO  server.RaftServerConfigKeys (ConfUtils.java:logGet(43)) - raft.server.log.statemachine.data.caching.enabled = true (custom)
2019-08-28 19:31:01,223 [pool-569-thread-1] INFO  server.RaftServerConfigKeys (ConfUtils.java:logGet(43)) - raft.server.log.force.sync.num = 128 (default)
2019-08-28 19:31:01,224 [pool-558-thread-1] INFO  impl.RaftServerImpl (RaftServerImpl.java:setRole(171)) - c1b0cc15-b089-4c23-99e9-47ed0bade53e:group-CE2CFCFD105D changes role from null to FOLLOWER at term 0 for startAsFollower
2019-08-28 19:31:01,224 [pool-536-thread-1] INFO  segmented.SegmentedRaftLogWorker (SegmentedRaftLogWorker.java:lambda$new$0(132)) - 893d9933-a2b1-4f23-acb1-093dec15f61d-SegmentedRaftLogWorker:Storage Directory /workdir/hadoop-ozone/integration-test/target/test-dir/MiniOzoneClusterImpl-4c216f00-9015-443b-bac6-aeadc5876bb8/datanode-0/data/ratis/61d300c1-f68c-43ef-b41e-ce2cfcfd105d: flushIndex: setUnconditionally 0 -> -1
2019-08-28 19:31:01,224 [pool-569-thread-1] INFO  server.RaftServerConfigKeys (ConfUtils.java:logGet(43)) - raft.server.log.statemachine.data.sync = true (default)
2019-08-28 19:31:01,224 [pool-558-thread-1] INFO  impl.RoleInfo (RoleInfo.java:updateAndGet(143)) - c1b0cc15-b089-4c23-99e9-47ed0bade53e: start FollowerState
2019-08-28 19:31:01,225 [pool-536-thread-1] INFO  server.RaftServerConfigKeys (ConfUtils.java:logGet(43)) - raft.server.snapshot.auto.trigger.enabled = true (custom)
2019-08-28 19:31:01,225 [pool-569-thread-1] INFO  server.RaftServerConfigKeys (ConfUtils.java:logGet(43)) - raft.server.log.statemachine.data.sync.timeout = 10s (default)
2019-08-28 19:31:01,225 [pool-536-thread-1] INFO  server.RaftServerConfigKeys (ConfUtils.java:logGet(43)) - raft.server.snapshot.auto.trigger.threshold = 10000 (custom)
2019-08-28 19:31:01,225 [pool-558-thread-1] INFO  util.JmxRegister (JmxRegister.java:tryRegister(44)) - Successfully registered JMX Bean with object name Ratis:service=RaftServer,group=group-CE2CFCFD105D,id=c1b0cc15-b089-4c23-99e9-47ed0bade53e
2019-08-28 19:31:01,225 [pool-569-thread-1] INFO  server.RaftServerConfigKeys (ConfUtils.java:logGet(43)) - raft.server.log.statemachine.data.sync.timeout.retry = -1 (default)
2019-08-28 19:31:01,225 [pool-536-thread-1] INFO  server.RaftServerConfigKeys (ConfUtils.java:logGet(43)) - raft.server.retrycache.expirytime = 600000ms (custom)
2019-08-28 19:31:01,225 [pool-569-thread-1] INFO  server.RaftServerConfigKeys (ConfUtils.java:logGet(43)) - raft.server.log.statemachine.data.caching.enabled = true (custom)
2019-08-28 19:31:01,226 [pool-536-thread-1] INFO  impl.RaftServerImpl (RaftServerImpl.java:start(180)) - 893d9933-a2b1-4f23-acb1-093dec15f61d: start group-CE2CFCFD105D
2019-08-28 19:31:01,226 [pool-569-thread-1] INFO  segmented.SegmentedRaftLogWorker (SegmentedRaftLogWorker.java:lambda$new$0(132)) - 322d1ff0-d33a-48c4-9ad0-1ff851e73344-SegmentedRaftLogWorker:Storage Directory /workdir/hadoop-ozone/integration-test/target/test-dir/MiniOzoneClusterImpl-4c216f00-9015-443b-bac6-aeadc5876bb8/datanode-3/data/ratis/61d300c1-f68c-43ef-b41e-ce2cfcfd105d: flushIndex: setUnconditionally 0 -> -1
2019-08-28 19:31:01,226 [pool-536-thread-1] INFO  impl.RaftServerImpl (RaftServerImpl.java:setRole(171)) - 893d9933-a2b1-4f23-acb1-093dec15f61d:group-CE2CFCFD105D changes role from null to FOLLOWER at term 0 for startAsFollower
2019-08-28 19:31:01,226 [pool-569-thread-1] INFO  server.RaftServerConfigKeys (ConfUtils.java:logGet(43)) - raft.server.snapshot.auto.trigger.enabled = true (custom)
2019-08-28 19:31:01,226 [pool-536-thread-1] INFO  impl.RoleInfo (RoleInfo.java:updateAndGet(143)) - 893d9933-a2b1-4f23-acb1-093dec15f61d: start FollowerState
2019-08-28 19:31:01,226 [pool-569-thread-1] INFO  server.RaftServerConfigKeys (ConfUtils.java:logGet(43)) - raft.server.snapshot.auto.trigger.threshold = 10000 (custom)
2019-08-28 19:31:01,227 [pool-569-thread-1] INFO  server.RaftServerConfigKeys (ConfUtils.java:logGet(43)) - raft.server.retrycache.expirytime = 600000ms (custom)
2019-08-28 19:31:01,227 [pool-569-thread-1] INFO  impl.RaftServerImpl (RaftServerImpl.java:start(180)) - 322d1ff0-d33a-48c4-9ad0-1ff851e73344: start group-CE2CFCFD105D
2019-08-28 19:31:01,227 [pool-536-thread-1] INFO  util.JmxRegister (JmxRegister.java:tryRegister(44)) - Successfully registered JMX Bean with object name Ratis:service=RaftServer,group=group-CE2CFCFD105D,id=893d9933-a2b1-4f23-acb1-093dec15f61d
2019-08-28 19:31:01,227 [pool-569-thread-1] INFO  impl.RaftServerImpl (RaftServerImpl.java:setRole(171)) - 322d1ff0-d33a-48c4-9ad0-1ff851e73344:group-CE2CFCFD105D changes role from null to FOLLOWER at term 0 for startAsFollower
2019-08-28 19:31:01,227 [pool-569-thread-1] INFO  impl.RoleInfo (RoleInfo.java:updateAndGet(143)) - 322d1ff0-d33a-48c4-9ad0-1ff851e73344: start FollowerState
2019-08-28 19:31:01,228 [pool-569-thread-1] INFO  util.JmxRegister (JmxRegister.java:tryRegister(44)) - Successfully registered JMX Bean with object name Ratis:service=RaftServer,group=group-CE2CFCFD105D,id=322d1ff0-d33a-48c4-9ad0-1ff851e73344
2019-08-28 19:31:01,230 [RatisPipelineUtilsThread] INFO  pipeline.PipelineStateManager (PipelineStateManager.java:addPipeline(56)) - Created pipeline Pipeline[ Id: 61d300c1-f68c-43ef-b41e-ce2cfcfd105d, Nodes: 893d9933-a2b1-4f23-acb1-093dec15f61d{ip: 192.168.69.113, host: pr-hdds-1949-vp5nt-881372353, networkLocation: /default-rack, certSerialId: null}c1b0cc15-b089-4c23-99e9-47ed0bade53e{ip: 192.168.69.113, host: pr-hdds-1949-vp5nt-881372353, networkLocation: /default-rack, certSerialId: null}322d1ff0-d33a-48c4-9ad0-1ff851e73344{ip: 192.168.69.113, host: pr-hdds-1949-vp5nt-881372353, networkLocation: /default-rack, certSerialId: null}, Type:RATIS, Factor:THREE, State:OPEN]
2019-08-28 19:31:01,242 [grpc-default-executor-5] INFO  impl.RaftServerProxy (RaftServerProxy.java:addNew(89)) - 427dba9e-3238-4f6b-b193-fefaba865310: addNew group-80A2C0CCB592:[c5bcbe8d-02dd-463d-aab3-dfd296a706f4:192.168.69.113:41348, 427dba9e-3238-4f6b-b193-fefaba865310:192.168.69.113:39704, fe19b4e3-4861-4e0d-90fc-58955537b207:192.168.69.113:45775] returns group-80A2C0CCB592:java.util.concurrent.CompletableFuture@1fe5452a[Not completed]
2019-08-28 19:31:01,243 [grpc-default-executor-5] INFO  impl.RaftServerProxy (RaftServerProxy.java:addNew(89)) - fe19b4e3-4861-4e0d-90fc-58955537b207: addNew group-80A2C0CCB592:[c5bcbe8d-02dd-463d-aab3-dfd296a706f4:192.168.69.113:41348, 427dba9e-3238-4f6b-b193-fefaba865310:192.168.69.113:39704, fe19b4e3-4861-4e0d-90fc-58955537b207:192.168.69.113:45775] returns group-80A2C0CCB592:java.util.concurrent.CompletableFuture@4d30c8e2[Not completed]
2019-08-28 19:31:01,246 [grpc-default-executor-17] INFO  impl.RaftServerProxy (RaftServerProxy.java:addNew(89)) - c5bcbe8d-02dd-463d-aab3-dfd296a706f4: addNew group-80A2C0CCB592:[c5bcbe8d-02dd-463d-aab3-dfd296a706f4:192.168.69.113:41348, 427dba9e-3238-4f6b-b193-fefaba865310:192.168.69.113:39704, fe19b4e3-4861-4e0d-90fc-58955537b207:192.168.69.113:45775] returns group-80A2C0CCB592:java.util.concurrent.CompletableFuture@3b59d31a[Not completed]
2019-08-28 19:31:01,246 [pool-547-thread-1] INFO  impl.RaftServerImpl (RaftServerImpl.java:<init>(93)) - 427dba9e-3238-4f6b-b193-fefaba865310: new RaftServerImpl for group-80A2C0CCB592:[c5bcbe8d-02dd-463d-aab3-dfd296a706f4:192.168.69.113:41348, 427dba9e-3238-4f6b-b193-fefaba865310:192.168.69.113:39704, fe19b4e3-4861-4e0d-90fc-58955537b207:192.168.69.113:45775] with ContainerStateMachine:uninitialized
2019-08-28 19:31:01,246 [pool-547-thread-1] INFO  server.RaftServerConfigKeys (ConfUtils.java:logGet(43)) - raft.server.rpc.timeout.min = 5s (custom)
2019-08-28 19:31:01,246 [pool-547-thread-1] INFO  server.RaftServerConfigKeys (ConfUtils.java:logGet(43)) - raft.server.rpc.timeout.max = 5200ms (custom)
2019-08-28 19:31:01,246 [pool-547-thread-1] INFO  server.RaftServerConfigKeys (ConfUtils.java:logGet(43)) - raft.server.rpcslowness.timeout = 120s (custom)
2019-08-28 19:31:01,246 [pool-547-thread-1] INFO  server.RaftServerConfigKeys (ConfUtils.java:logGet(43)) - raft.server.sleep.deviation.threshold = 300 (default)
2019-08-28 19:31:01,247 [pool-580-thread-1] INFO  impl.RaftServerImpl (RaftServerImpl.java:<init>(93)) - fe19b4e3-4861-4e0d-90fc-58955537b207: new RaftServerImpl for group-80A2C0CCB592:[c5bcbe8d-02dd-463d-aab3-dfd296a706f4:192.168.69.113:41348, 427dba9e-3238-4f6b-b193-fefaba865310:192.168.69.113:39704, fe19b4e3-4861-4e0d-90fc-58955537b207:192.168.69.113:45775] with ContainerStateMachine:uninitialized
2019-08-28 19:31:01,247 [pool-547-thread-1] INFO  server.RaftServerConfigKeys (ConfUtils.java:logGet(43)) - raft.server.log.appender.install.snapshot.enabled = false (custom)
2019-08-28 19:31:01,247 [pool-580-thread-1] INFO  server.RaftServerConfigKeys (ConfUtils.java:logGet(43)) - raft.server.rpc.timeout.min = 5s (custom)
2019-08-28 19:31:01,247 [pool-547-thread-1] INFO  impl.RaftServerImpl (ServerState.java:<init>(105)) - 427dba9e-3238-4f6b-b193-fefaba865310:group-80A2C0CCB592 ConfigurationManager, init=-1: [c5bcbe8d-02dd-463d-aab3-dfd296a706f4:192.168.69.113:41348, 427dba9e-3238-4f6b-b193-fefaba865310:192.168.69.113:39704, fe19b4e3-4861-4e0d-90fc-58955537b207:192.168.69.113:45775], old=null, confs=<EMPTY_MAP>
2019-08-28 19:31:01,247 [pool-580-thread-1] INFO  server.RaftServerConfigKeys (ConfUtils.java:logGet(43)) - raft.server.rpc.timeout.max = 5200ms (custom)
2019-08-28 19:31:01,247 [pool-591-thread-1] INFO  impl.RaftServerImpl (RaftServerImpl.java:<init>(93)) - c5bcbe8d-02dd-463d-aab3-dfd296a706f4: new RaftServerImpl for group-80A2C0CCB592:[c5bcbe8d-02dd-463d-aab3-dfd296a706f4:192.168.69.113:41348, 427dba9e-3238-4f6b-b193-fefaba865310:192.168.69.113:39704, fe19b4e3-4861-4e0d-90fc-58955537b207:192.168.69.113:45775] with ContainerStateMachine:uninitialized
2019-08-28 19:31:01,247 [pool-547-thread-1] INFO  server.RaftServerConfigKeys (ConfUtils.java:logGet(43)) - raft.server.storage.dir = [/workdir/hadoop-ozone/integration-test/target/test-dir/MiniOzoneClusterImpl-4c216f00-9015-443b-bac6-aeadc5876bb8/datanode-1/data/ratis] (custom)
2019-08-28 19:31:01,247 [pool-591-thread-1] INFO  server.RaftServerConfigKeys (ConfUtils.java:logGet(43)) - raft.server.rpc.timeout.min = 5s (custom)
2019-08-28 19:31:01,247 [pool-580-thread-1] INFO  server.RaftServerConfigKeys (ConfUtils.java:logGet(43)) - raft.server.rpcslowness.timeout = 120s (custom)
2019-08-28 19:31:01,248 [pool-547-thread-1] INFO  storage.RaftStorageDirectory (RaftStorageDirectory.java:analyzeStorage(246)) - The storage directory /workdir/hadoop-ozone/integration-test/target/test-dir/MiniOzoneClusterImpl-4c216f00-9015-443b-bac6-aeadc5876bb8/datanode-1/data/ratis/2e2042e9-da0a-4e62-ae5d-80a2c0ccb592 does not exist. Creating ...
2019-08-28 19:31:01,248 [pool-591-thread-1] INFO  server.RaftServerConfigKeys (ConfUtils.java:logGet(43)) - raft.server.rpc.timeout.max = 5200ms (custom)
2019-08-28 19:31:01,248 [pool-580-thread-1] INFO  server.RaftServerConfigKeys (ConfUtils.java:logGet(43)) - raft.server.sleep.deviation.threshold = 300 (default)
2019-08-28 19:31:01,248 [pool-591-thread-1] INFO  server.RaftServerConfigKeys (ConfUtils.java:logGet(43)) - raft.server.rpcslowness.timeout = 120s (custom)
2019-08-28 19:31:01,248 [pool-580-thread-1] INFO  server.RaftServerConfigKeys (ConfUtils.java:logGet(43)) - raft.server.log.appender.install.snapshot.enabled = false (custom)
2019-08-28 19:31:01,248 [pool-591-thread-1] INFO  server.RaftServerConfigKeys (ConfUtils.java:logGet(43)) - raft.server.sleep.deviation.threshold = 300 (default)
2019-08-28 19:31:01,249 [pool-580-thread-1] INFO  impl.RaftServerImpl (ServerState.java:<init>(105)) - fe19b4e3-4861-4e0d-90fc-58955537b207:group-80A2C0CCB592 ConfigurationManager, init=-1: [c5bcbe8d-02dd-463d-aab3-dfd296a706f4:192.168.69.113:41348, 427dba9e-3238-4f6b-b193-fefaba865310:192.168.69.113:39704, fe19b4e3-4861-4e0d-90fc-58955537b207:192.168.69.113:45775], old=null, confs=<EMPTY_MAP>
2019-08-28 19:31:01,249 [pool-591-thread-1] INFO  server.RaftServerConfigKeys (ConfUtils.java:logGet(43)) - raft.server.log.appender.install.snapshot.enabled = false (custom)
2019-08-28 19:31:01,249 [pool-580-thread-1] INFO  server.RaftServerConfigKeys (ConfUtils.java:logGet(43)) - raft.server.storage.dir = [/workdir/hadoop-ozone/integration-test/target/test-dir/MiniOzoneClusterImpl-4c216f00-9015-443b-bac6-aeadc5876bb8/datanode-4/data/ratis] (custom)
2019-08-28 19:31:01,249 [IPC Server handler 5 on 38662] INFO  net.NetworkTopology (NetworkTopologyImpl.java:add(110)) - Added a new node: /default-rack/63b1ce8f-7208-4998-b631-5145f20d59fa
2019-08-28 19:31:01,249 [pool-591-thread-1] INFO  impl.RaftServerImpl (ServerState.java:<init>(105)) - c5bcbe8d-02dd-463d-aab3-dfd296a706f4:group-80A2C0CCB592 ConfigurationManager, init=-1: [c5bcbe8d-02dd-463d-aab3-dfd296a706f4:192.168.69.113:41348, 427dba9e-3238-4f6b-b193-fefaba865310:192.168.69.113:39704, fe19b4e3-4861-4e0d-90fc-58955537b207:192.168.69.113:45775], old=null, confs=<EMPTY_MAP>
2019-08-28 19:31:01,249 [pool-580-thread-1] INFO  storage.RaftStorageDirectory (RaftStorageDirectory.java:analyzeStorage(246)) - The storage directory /workdir/hadoop-ozone/integration-test/target/test-dir/MiniOzoneClusterImpl-4c216f00-9015-443b-bac6-aeadc5876bb8/datanode-4/data/ratis/2e2042e9-da0a-4e62-ae5d-80a2c0ccb592 does not exist. Creating ...
2019-08-28 19:31:01,249 [IPC Server handler 5 on 38662] INFO  node.SCMNodeManager (SCMNodeManager.java:register(273)) - Registered Data node : 63b1ce8f-7208-4998-b631-5145f20d59fa{ip: 192.168.69.113, host: pr-hdds-1949-vp5nt-881372353, networkLocation: /default-rack, certSerialId: null}
2019-08-28 19:31:01,250 | INFO  | SCMAudit | user=jenkins1000 | ip=192.168.69.113 | op=REGISTER {datanodeDetails=63b1ce8f-7208-4998-b631-5145f20d59fa{ip: 192.168.69.113, host: pr-hdds-1949-vp5nt-881372353, networkLocation: /default-rack, certSerialId: null}} | ret=SUCCESS |  
2019-08-28 19:31:01,250 [main] INFO  ozone.MiniOzoneClusterImpl (MiniOzoneClusterImpl.java:lambda$waitForClusterToBeReady$0(142)) - Cluster is ready. Got 7 of 7 DN Heartbeats.
2019-08-28 19:31:01,250 [pool-591-thread-1] INFO  server.RaftServerConfigKeys (ConfUtils.java:logGet(43)) - raft.server.storage.dir = [/workdir/hadoop-ozone/integration-test/target/test-dir/MiniOzoneClusterImpl-4c216f00-9015-443b-bac6-aeadc5876bb8/datanode-5/data/ratis] (custom)
2019-08-28 19:31:01,251 [pool-591-thread-1] INFO  storage.RaftStorageDirectory (RaftStorageDirectory.java:analyzeStorage(246)) - The storage directory /workdir/hadoop-ozone/integration-test/target/test-dir/MiniOzoneClusterImpl-4c216f00-9015-443b-bac6-aeadc5876bb8/datanode-5/data/ratis/2e2042e9-da0a-4e62-ae5d-80a2c0ccb592 does not exist. Creating ...
2019-08-28 19:31:01,274 [pool-547-thread-1] INFO  storage.RaftStorageDirectory (RaftStorageDirectory.java:tryLock(328)) - Lock on /workdir/hadoop-ozone/integration-test/target/test-dir/MiniOzoneClusterImpl-4c216f00-9015-443b-bac6-aeadc5876bb8/datanode-1/data/ratis/2e2042e9-da0a-4e62-ae5d-80a2c0ccb592/in_use.lock acquired by nodename 17106@pr-hdds-1949-vp5nt-881372353
2019-08-28 19:31:01,274 [pool-591-thread-1] INFO  storage.RaftStorageDirectory (RaftStorageDirectory.java:tryLock(328)) - Lock on /workdir/hadoop-ozone/integration-test/target/test-dir/MiniOzoneClusterImpl-4c216f00-9015-443b-bac6-aeadc5876bb8/datanode-5/data/ratis/2e2042e9-da0a-4e62-ae5d-80a2c0ccb592/in_use.lock acquired by nodename 17106@pr-hdds-1949-vp5nt-881372353
2019-08-28 19:31:01,274 [pool-580-thread-1] INFO  storage.RaftStorageDirectory (RaftStorageDirectory.java:tryLock(328)) - Lock on /workdir/hadoop-ozone/integration-test/target/test-dir/MiniOzoneClusterImpl-4c216f00-9015-443b-bac6-aeadc5876bb8/datanode-4/data/ratis/2e2042e9-da0a-4e62-ae5d-80a2c0ccb592/in_use.lock acquired by nodename 17106@pr-hdds-1949-vp5nt-881372353
2019-08-28 19:31:01,275 [main] INFO  rpc.RpcClient (RpcClient.java:createVolume(293)) - Creating Volume: testblockoutputstream, with jenkins1000 as owner.
2019-08-28 19:31:01,278 | INFO  | OMAudit | user=jenkins1000 | ip=127.0.0.1 | op=CREATE_VOLUME {admin=jenkins1000, owner=jenkins1000, volume=testblockoutputstream, creationTime=1567020661277, quotaInBytes=1152921504606846976} | ret=SUCCESS |  
2019-08-28 19:31:01,286 | INFO  | OMAudit | user=jenkins1000 | ip=127.0.0.1 | op=READ_VOLUME {volume=testblockoutputstream} | ret=SUCCESS |  
2019-08-28 19:31:01,287 [main] INFO  rpc.RpcClient (RpcClient.java:createBucket(432)) - Creating Bucket: testblockoutputstream/testblockoutputstream, with Versioning false and Storage Type set to DISK and Encryption set to false 
2019-08-28 19:31:01,290 [pool-547-thread-1] INFO  storage.RaftStorage (RaftStorage.java:format(72)) - Storage directory /workdir/hadoop-ozone/integration-test/target/test-dir/MiniOzoneClusterImpl-4c216f00-9015-443b-bac6-aeadc5876bb8/datanode-1/data/ratis/2e2042e9-da0a-4e62-ae5d-80a2c0ccb592 has been successfully formatted.
2019-08-28 19:31:01,290 [pool-591-thread-1] INFO  storage.RaftStorage (RaftStorage.java:format(72)) - Storage directory /workdir/hadoop-ozone/integration-test/target/test-dir/MiniOzoneClusterImpl-4c216f00-9015-443b-bac6-aeadc5876bb8/datanode-5/data/ratis/2e2042e9-da0a-4e62-ae5d-80a2c0ccb592 has been successfully formatted.
2019-08-28 19:31:01,290 [pool-547-thread-1] INFO  ratis.ContainerStateMachine (ContainerStateMachine.java:loadSnapshot(227)) - group-80A2C0CCB592: The snapshot info is null. Setting the last applied indexto:(t:0, i:~)
2019-08-28 19:31:01,290 [pool-580-thread-1] INFO  storage.RaftStorage (RaftStorage.java:format(72)) - Storage directory /workdir/hadoop-ozone/integration-test/target/test-dir/MiniOzoneClusterImpl-4c216f00-9015-443b-bac6-aeadc5876bb8/datanode-4/data/ratis/2e2042e9-da0a-4e62-ae5d-80a2c0ccb592 has been successfully formatted.
2019-08-28 19:31:01,290 | INFO  | OMAudit | user=jenkins1000 | ip=127.0.0.1 | op=CREATE_BUCKET {volume=testblockoutputstream, bucket=testblockoutputstream, acls=[user:jenkins1000:a[ACCESS], group:default:a[ACCESS]], isVersionEnabled=false, storageType=DISK, creationTime=0} | ret=SUCCESS |  
2019-08-28 19:31:01,290 [pool-591-thread-1] INFO  ratis.ContainerStateMachine (ContainerStateMachine.java:loadSnapshot(227)) - group-80A2C0CCB592: The snapshot info is null. Setting the last applied indexto:(t:0, i:~)
2019-08-28 19:31:01,290 [pool-547-thread-1] INFO  server.RaftServerConfigKeys (ConfUtils.java:logGet(43)) - raft.server.leader.election.timeout = 120s (custom)
2019-08-28 19:31:01,290 [pool-591-thread-1] INFO  server.RaftServerConfigKeys (ConfUtils.java:logGet(43)) - raft.server.leader.election.timeout = 120s (custom)
2019-08-28 19:31:01,290 [pool-580-thread-1] INFO  ratis.ContainerStateMachine (ContainerStateMachine.java:loadSnapshot(227)) - group-80A2C0CCB592: The snapshot info is null. Setting the last applied indexto:(t:0, i:~)
2019-08-28 19:31:01,291 [pool-591-thread-1] INFO  server.RaftServerConfigKeys (ConfUtils.java:logGet(43)) - raft.server.log.use.memory = false (default)
2019-08-28 19:31:01,290 [pool-547-thread-1] INFO  server.RaftServerConfigKeys (ConfUtils.java:logGet(43)) - raft.server.log.use.memory = false (default)
2019-08-28 19:31:01,291 [pool-591-thread-1] INFO  server.RaftServerConfigKeys (ConfUtils.java:logGet(43)) - raft.server.log.purge.gap = 1000000 (custom)
2019-08-28 19:31:01,291 [pool-580-thread-1] INFO  server.RaftServerConfigKeys (ConfUtils.java:logGet(43)) - raft.server.leader.election.timeout = 120s (custom)
2019-08-28 19:31:01,291 [pool-591-thread-1] INFO  server.RaftServerConfigKeys (ConfUtils.java:logGet(43)) - raft.server.log.appender.buffer.byte-limit = 33554432 (custom)
2019-08-28 19:31:01,292 | INFO  | OMAudit | user=jenkins1000 | ip=127.0.0.1 | op=READ_VOLUME {volume=testblockoutputstream} | ret=SUCCESS |  
2019-08-28 19:31:01,291 [pool-547-thread-1] INFO  server.RaftServerConfigKeys (ConfUtils.java:logGet(43)) - raft.server.log.purge.gap = 1000000 (custom)
2019-08-28 19:31:01,292 [pool-591-thread-1] INFO  server.RaftServerConfigKeys (ConfUtils.java:logGet(43)) - raft.server.log.segment.size.max = 1048576 (custom)
2019-08-28 19:31:01,291 [pool-580-thread-1] INFO  server.RaftServerConfigKeys (ConfUtils.java:logGet(43)) - raft.server.log.use.memory = false (default)
2019-08-28 19:31:01,292 [pool-591-thread-1] INFO  server.RaftServerConfigKeys (ConfUtils.java:logGet(43)) - raft.server.log.segment.cache.num.max = 2 (custom)
2019-08-28 19:31:01,292 [pool-547-thread-1] INFO  server.RaftServerConfigKeys (ConfUtils.java:logGet(43)) - raft.server.log.appender.buffer.byte-limit = 33554432 (custom)
2019-08-28 19:31:01,292 [pool-591-thread-1] INFO  segmented.SegmentedRaftLogWorker (SegmentedRaftLogWorker.java:<init>(172)) - new c5bcbe8d-02dd-463d-aab3-dfd296a706f4-SegmentedRaftLogWorker:Storage Directory /workdir/hadoop-ozone/integration-test/target/test-dir/MiniOzoneClusterImpl-4c216f00-9015-443b-bac6-aeadc5876bb8/datanode-5/data/ratis/2e2042e9-da0a-4e62-ae5d-80a2c0ccb592 for RaftStorage:Storage Directory /workdir/hadoop-ozone/integration-test/target/test-dir/MiniOzoneClusterImpl-4c216f00-9015-443b-bac6-aeadc5876bb8/datanode-5/data/ratis/2e2042e9-da0a-4e62-ae5d-80a2c0ccb592
2019-08-28 19:31:01,292 [pool-580-thread-1] INFO  server.RaftServerConfigKeys (ConfUtils.java:logGet(43)) - raft.server.log.purge.gap = 1000000 (custom)
2019-08-28 19:31:01,292 [pool-547-thread-1] INFO  server.RaftServerConfigKeys (ConfUtils.java:logGet(43)) - raft.server.log.segment.size.max = 1048576 (custom)
2019-08-28 19:31:01,293 [pool-591-thread-1] INFO  server.RaftServerConfigKeys (ConfUtils.java:logGet(43)) - raft.server.log.queue.byte-limit = 2147483647 (custom)
2019-08-28 19:31:01,293 | INFO  | OMAudit | user=jenkins1000 | ip=127.0.0.1 | op=READ_BUCKET {volume=testblockoutputstream, bucket=testblockoutputstream} | ret=SUCCESS |  
2019-08-28 19:31:01,292 [pool-580-thread-1] INFO  server.RaftServerConfigKeys (ConfUtils.java:logGet(43)) - raft.server.log.appender.buffer.byte-limit = 33554432 (custom)
2019-08-28 19:31:01,293 [pool-591-thread-1] INFO  server.RaftServerConfigKeys (ConfUtils.java:logGet(43)) - raft.server.log.queue.element-limit = 1024 (custom)
2019-08-28 19:31:01,293 [pool-547-thread-1] INFO  server.RaftServerConfigKeys (ConfUtils.java:logGet(43)) - raft.server.log.segment.cache.num.max = 2 (custom)
2019-08-28 19:31:01,293 [pool-580-thread-1] INFO  server.RaftServerConfigKeys (ConfUtils.java:logGet(43)) - raft.server.log.segment.size.max = 1048576 (custom)
2019-08-28 19:31:01,293 [pool-591-thread-1] INFO  server.RaftServerConfigKeys (ConfUtils.java:logGet(43)) - raft.server.log.segment.size.max = 1048576 (custom)
2019-08-28 19:31:01,293 [pool-580-thread-1] INFO  server.RaftServerConfigKeys (ConfUtils.java:logGet(43)) - raft.server.log.segment.cache.num.max = 2 (custom)
2019-08-28 19:31:01,293 [pool-547-thread-1] INFO  segmented.SegmentedRaftLogWorker (SegmentedRaftLogWorker.java:<init>(172)) - new 427dba9e-3238-4f6b-b193-fefaba865310-SegmentedRaftLogWorker:Storage Directory /workdir/hadoop-ozone/integration-test/target/test-dir/MiniOzoneClusterImpl-4c216f00-9015-443b-bac6-aeadc5876bb8/datanode-1/data/ratis/2e2042e9-da0a-4e62-ae5d-80a2c0ccb592 for RaftStorage:Storage Directory /workdir/hadoop-ozone/integration-test/target/test-dir/MiniOzoneClusterImpl-4c216f00-9015-443b-bac6-aeadc5876bb8/datanode-1/data/ratis/2e2042e9-da0a-4e62-ae5d-80a2c0ccb592
2019-08-28 19:31:01,294 [pool-580-thread-1] INFO  segmented.SegmentedRaftLogWorker (SegmentedRaftLogWorker.java:<init>(172)) - new fe19b4e3-4861-4e0d-90fc-58955537b207-SegmentedRaftLogWorker:Storage Directory /workdir/hadoop-ozone/integration-test/target/test-dir/MiniOzoneClusterImpl-4c216f00-9015-443b-bac6-aeadc5876bb8/datanode-4/data/ratis/2e2042e9-da0a-4e62-ae5d-80a2c0ccb592 for RaftStorage:Storage Directory /workdir/hadoop-ozone/integration-test/target/test-dir/MiniOzoneClusterImpl-4c216f00-9015-443b-bac6-aeadc5876bb8/datanode-4/data/ratis/2e2042e9-da0a-4e62-ae5d-80a2c0ccb592
2019-08-28 19:31:01,293 [pool-591-thread-1] INFO  server.RaftServerConfigKeys (ConfUtils.java:logGet(43)) - raft.server.log.preallocated.size = 16384 (custom)
2019-08-28 19:31:01,294 [pool-580-thread-1] INFO  server.RaftServerConfigKeys (ConfUtils.java:logGet(43)) - raft.server.log.queue.byte-limit = 2147483647 (custom)
2019-08-28 19:31:01,294 [pool-547-thread-1] INFO  server.RaftServerConfigKeys (ConfUtils.java:logGet(43)) - raft.server.log.queue.byte-limit = 2147483647 (custom)
2019-08-28 19:31:01,294 [pool-580-thread-1] INFO  server.RaftServerConfigKeys (ConfUtils.java:logGet(43)) - raft.server.log.queue.element-limit = 1024 (custom)
2019-08-28 19:31:01,294 [pool-591-thread-1] INFO  server.RaftServerConfigKeys (ConfUtils.java:logGet(43)) - raft.server.log.write.buffer.size = 33554432 (custom)
2019-08-28 19:31:01,294 [pool-580-thread-1] INFO  server.RaftServerConfigKeys (ConfUtils.java:logGet(43)) - raft.server.log.segment.size.max = 1048576 (custom)
2019-08-28 19:31:01,295 [pool-580-thread-1] INFO  server.RaftServerConfigKeys (ConfUtils.java:logGet(43)) - raft.server.log.preallocated.size = 16384 (custom)
2019-08-28 19:31:01,294 [pool-547-thread-1] INFO  server.RaftServerConfigKeys (ConfUtils.java:logGet(43)) - raft.server.log.queue.element-limit = 1024 (custom)
2019-08-28 19:31:01,295 [pool-580-thread-1] INFO  server.RaftServerConfigKeys (ConfUtils.java:logGet(43)) - raft.server.log.write.buffer.size = 33554432 (custom)
2019-08-28 19:31:01,294 [pool-591-thread-1] INFO  server.RaftServerConfigKeys (ConfUtils.java:logGet(43)) - raft.server.log.force.sync.num = 128 (default)
2019-08-28 19:31:01,295 [pool-580-thread-1] INFO  server.RaftServerConfigKeys (ConfUtils.java:logGet(43)) - raft.server.log.force.sync.num = 128 (default)
2019-08-28 19:31:01,295 [pool-580-thread-1] INFO  server.RaftServerConfigKeys (ConfUtils.java:logGet(43)) - raft.server.log.statemachine.data.sync = true (default)
2019-08-28 19:31:01,295 [pool-547-thread-1] INFO  server.RaftServerConfigKeys (ConfUtils.java:logGet(43)) - raft.server.log.segment.size.max = 1048576 (custom)
2019-08-28 19:31:01,295 [pool-580-thread-1] INFO  server.RaftServerConfigKeys (ConfUtils.java:logGet(43)) - raft.server.log.statemachine.data.sync.timeout = 10s (default)
2019-08-28 19:31:01,295 [pool-591-thread-1] INFO  server.RaftServerConfigKeys (ConfUtils.java:logGet(43)) - raft.server.log.statemachine.data.sync = true (default)
2019-08-28 19:31:01,295 [pool-580-thread-1] INFO  server.RaftServerConfigKeys (ConfUtils.java:logGet(43)) - raft.server.log.statemachine.data.sync.timeout.retry = -1 (default)
2019-08-28 19:31:01,295 [pool-547-thread-1] INFO  server.RaftServerConfigKeys (ConfUtils.java:logGet(43)) - raft.server.log.preallocated.size = 16384 (custom)
2019-08-28 19:31:01,296 [pool-580-thread-1] INFO  server.RaftServerConfigKeys (ConfUtils.java:logGet(43)) - raft.server.log.statemachine.data.caching.enabled = true (custom)
2019-08-28 19:31:01,296 [pool-591-thread-1] INFO  server.RaftServerConfigKeys (ConfUtils.java:logGet(43)) - raft.server.log.statemachine.data.sync.timeout = 10s (default)
2019-08-28 19:31:01,296 [pool-547-thread-1] INFO  server.RaftServerConfigKeys (ConfUtils.java:logGet(43)) - raft.server.log.write.buffer.size = 33554432 (custom)
2019-08-28 19:31:01,296 [pool-591-thread-1] INFO  server.RaftServerConfigKeys (ConfUtils.java:logGet(43)) - raft.server.log.statemachine.data.sync.timeout.retry = -1 (default)
2019-08-28 19:31:01,296 [pool-547-thread-1] INFO  server.RaftServerConfigKeys (ConfUtils.java:logGet(43)) - raft.server.log.force.sync.num = 128 (default)
2019-08-28 19:31:01,297 [pool-547-thread-1] INFO  server.RaftServerConfigKeys (ConfUtils.java:logGet(43)) - raft.server.log.statemachine.data.sync = true (default)
2019-08-28 19:31:01,297 [pool-591-thread-1] INFO  server.RaftServerConfigKeys (ConfUtils.java:logGet(43)) - raft.server.log.statemachine.data.caching.enabled = true (custom)
2019-08-28 19:31:01,297 [pool-547-thread-1] INFO  server.RaftServerConfigKeys (ConfUtils.java:logGet(43)) - raft.server.log.statemachine.data.sync.timeout = 10s (default)
2019-08-28 19:31:01,297 [pool-547-thread-1] INFO  server.RaftServerConfigKeys (ConfUtils.java:logGet(43)) - raft.server.log.statemachine.data.sync.timeout.retry = -1 (default)
2019-08-28 19:31:01,297 [pool-547-thread-1] INFO  server.RaftServerConfigKeys (ConfUtils.java:logGet(43)) - raft.server.log.statemachine.data.caching.enabled = true (custom)
2019-08-28 19:31:01,301 [pool-591-thread-1] INFO  segmented.SegmentedRaftLogWorker (SegmentedRaftLogWorker.java:lambda$new$0(132)) - c5bcbe8d-02dd-463d-aab3-dfd296a706f4-SegmentedRaftLogWorker:Storage Directory /workdir/hadoop-ozone/integration-test/target/test-dir/MiniOzoneClusterImpl-4c216f00-9015-443b-bac6-aeadc5876bb8/datanode-5/data/ratis/2e2042e9-da0a-4e62-ae5d-80a2c0ccb592: flushIndex: setUnconditionally 0 -> -1
2019-08-28 19:31:01,301 [pool-547-thread-1] INFO  segmented.SegmentedRaftLogWorker (SegmentedRaftLogWorker.java:lambda$new$0(132)) - 427dba9e-3238-4f6b-b193-fefaba865310-SegmentedRaftLogWorker:Storage Directory /workdir/hadoop-ozone/integration-test/target/test-dir/MiniOzoneClusterImpl-4c216f00-9015-443b-bac6-aeadc5876bb8/datanode-1/data/ratis/2e2042e9-da0a-4e62-ae5d-80a2c0ccb592: flushIndex: setUnconditionally 0 -> -1
2019-08-28 19:31:01,301 [pool-580-thread-1] INFO  segmented.SegmentedRaftLogWorker (SegmentedRaftLogWorker.java:lambda$new$0(132)) - fe19b4e3-4861-4e0d-90fc-58955537b207-SegmentedRaftLogWorker:Storage Directory /workdir/hadoop-ozone/integration-test/target/test-dir/MiniOzoneClusterImpl-4c216f00-9015-443b-bac6-aeadc5876bb8/datanode-4/data/ratis/2e2042e9-da0a-4e62-ae5d-80a2c0ccb592: flushIndex: setUnconditionally 0 -> -1
2019-08-28 19:31:01,302 [pool-591-thread-1] INFO  server.RaftServerConfigKeys (ConfUtils.java:logGet(43)) - raft.server.snapshot.auto.trigger.enabled = true (custom)
2019-08-28 19:31:01,302 [pool-547-thread-1] INFO  server.RaftServerConfigKeys (ConfUtils.java:logGet(43)) - raft.server.snapshot.auto.trigger.enabled = true (custom)
2019-08-28 19:31:01,302 [pool-591-thread-1] INFO  server.RaftServerConfigKeys (ConfUtils.java:logGet(43)) - raft.server.snapshot.auto.trigger.threshold = 10000 (custom)
2019-08-28 19:31:01,302 [pool-580-thread-1] INFO  server.RaftServerConfigKeys (ConfUtils.java:logGet(43)) - raft.server.snapshot.auto.trigger.enabled = true (custom)
2019-08-28 19:31:01,302 [pool-591-thread-1] INFO  server.RaftServerConfigKeys (ConfUtils.java:logGet(43)) - raft.server.retrycache.expirytime = 600000ms (custom)
2019-08-28 19:31:01,302 [pool-547-thread-1] INFO  server.RaftServerConfigKeys (ConfUtils.java:logGet(43)) - raft.server.snapshot.auto.trigger.threshold = 10000 (custom)
2019-08-28 19:31:01,302 [pool-580-thread-1] INFO  server.RaftServerConfigKeys (ConfUtils.java:logGet(43)) - raft.server.snapshot.auto.trigger.threshold = 10000 (custom)
2019-08-28 19:31:01,303 [pool-591-thread-1] INFO  impl.RaftServerImpl (RaftServerImpl.java:start(180)) - c5bcbe8d-02dd-463d-aab3-dfd296a706f4: start group-80A2C0CCB592
2019-08-28 19:31:01,303 [pool-547-thread-1] INFO  server.RaftServerConfigKeys (ConfUtils.java:logGet(43)) - raft.server.retrycache.expirytime = 600000ms (custom)
2019-08-28 19:31:01,303 [pool-591-thread-1] INFO  impl.RaftServerImpl (RaftServerImpl.java:setRole(171)) - c5bcbe8d-02dd-463d-aab3-dfd296a706f4:group-80A2C0CCB592 changes role from null to FOLLOWER at term 0 for startAsFollower
2019-08-28 19:31:01,303 [pool-580-thread-1] INFO  server.RaftServerConfigKeys (ConfUtils.java:logGet(43)) - raft.server.retrycache.expirytime = 600000ms (custom)
2019-08-28 19:31:01,303 [pool-591-thread-1] INFO  impl.RoleInfo (RoleInfo.java:updateAndGet(143)) - c5bcbe8d-02dd-463d-aab3-dfd296a706f4: start FollowerState
2019-08-28 19:31:01,303 [pool-547-thread-1] INFO  impl.RaftServerImpl (RaftServerImpl.java:start(180)) - 427dba9e-3238-4f6b-b193-fefaba865310: start group-80A2C0CCB592
2019-08-28 19:31:01,303 [pool-547-thread-1] INFO  impl.RaftServerImpl (RaftServerImpl.java:setRole(171)) - 427dba9e-3238-4f6b-b193-fefaba865310:group-80A2C0CCB592 changes role from null to FOLLOWER at term 0 for startAsFollower
2019-08-28 19:31:01,304 [pool-547-thread-1] INFO  impl.RoleInfo (RoleInfo.java:updateAndGet(143)) - 427dba9e-3238-4f6b-b193-fefaba865310: start FollowerState
2019-08-28 19:31:01,303 [pool-580-thread-1] INFO  impl.RaftServerImpl (RaftServerImpl.java:start(180)) - fe19b4e3-4861-4e0d-90fc-58955537b207: start group-80A2C0CCB592
2019-08-28 19:31:01,304 [pool-591-thread-1] INFO  util.JmxRegister (JmxRegister.java:tryRegister(44)) - Successfully registered JMX Bean with object name Ratis:service=RaftServer,group=group-80A2C0CCB592,id=c5bcbe8d-02dd-463d-aab3-dfd296a706f4
2019-08-28 19:31:01,304 [pool-580-thread-1] INFO  impl.RaftServerImpl (RaftServerImpl.java:setRole(171)) - fe19b4e3-4861-4e0d-90fc-58955537b207:group-80A2C0CCB592 changes role from null to FOLLOWER at term 0 for startAsFollower
2019-08-28 19:31:01,304 [pool-547-thread-1] INFO  util.JmxRegister (JmxRegister.java:tryRegister(44)) - Successfully registered JMX Bean with object name Ratis:service=RaftServer,group=group-80A2C0CCB592,id=427dba9e-3238-4f6b-b193-fefaba865310
2019-08-28 19:31:01,304 [pool-580-thread-1] INFO  impl.RoleInfo (RoleInfo.java:updateAndGet(143)) - fe19b4e3-4861-4e0d-90fc-58955537b207: start FollowerState
2019-08-28 19:31:01,305 [pool-580-thread-1] INFO  util.JmxRegister (JmxRegister.java:tryRegister(44)) - Successfully registered JMX Bean with object name Ratis:service=RaftServer,group=group-80A2C0CCB592,id=fe19b4e3-4861-4e0d-90fc-58955537b207
2019-08-28 19:31:01,316 [RatisPipelineUtilsThread] INFO  pipeline.PipelineStateManager (PipelineStateManager.java:addPipeline(56)) - Created pipeline Pipeline[ Id: 2e2042e9-da0a-4e62-ae5d-80a2c0ccb592, Nodes: c5bcbe8d-02dd-463d-aab3-dfd296a706f4{ip: 192.168.69.113, host: pr-hdds-1949-vp5nt-881372353, networkLocation: /default-rack, certSerialId: null}427dba9e-3238-4f6b-b193-fefaba865310{ip: 192.168.69.113, host: pr-hdds-1949-vp5nt-881372353, networkLocation: /default-rack, certSerialId: null}fe19b4e3-4861-4e0d-90fc-58955537b207{ip: 192.168.69.113, host: pr-hdds-1949-vp5nt-881372353, networkLocation: /default-rack, certSerialId: null}, Type:RATIS, Factor:THREE, State:OPEN]
2019-08-28 19:31:01,322 [grpc-default-executor-17] INFO  impl.RaftServerProxy (RaftServerProxy.java:addNew(89)) - c5bcbe8d-02dd-463d-aab3-dfd296a706f4: addNew group-40C9E5213392:[c5bcbe8d-02dd-463d-aab3-dfd296a706f4:192.168.69.113:41348] returns group-40C9E5213392:java.util.concurrent.CompletableFuture@439186d3[Not completed]
2019-08-28 19:31:01,323 [pool-591-thread-1] INFO  impl.RaftServerImpl (RaftServerImpl.java:<init>(93)) - c5bcbe8d-02dd-463d-aab3-dfd296a706f4: new RaftServerImpl for group-40C9E5213392:[c5bcbe8d-02dd-463d-aab3-dfd296a706f4:192.168.69.113:41348] with ContainerStateMachine:uninitialized
2019-08-28 19:31:01,323 [pool-591-thread-1] INFO  server.RaftServerConfigKeys (ConfUtils.java:logGet(43)) - raft.server.rpc.timeout.min = 5s (custom)
2019-08-28 19:31:01,323 [pool-591-thread-1] INFO  server.RaftServerConfigKeys (ConfUtils.java:logGet(43)) - raft.server.rpc.timeout.max = 5200ms (custom)
2019-08-28 19:31:01,323 [pool-591-thread-1] INFO  server.RaftServerConfigKeys (ConfUtils.java:logGet(43)) - raft.server.rpcslowness.timeout = 120s (custom)
2019-08-28 19:31:01,323 [pool-591-thread-1] INFO  server.RaftServerConfigKeys (ConfUtils.java:logGet(43)) - raft.server.sleep.deviation.threshold = 300 (default)
2019-08-28 19:31:01,323 [pool-591-thread-1] INFO  server.RaftServerConfigKeys (ConfUtils.java:logGet(43)) - raft.server.log.appender.install.snapshot.enabled = false (custom)
2019-08-28 19:31:01,323 [pool-591-thread-1] INFO  impl.RaftServerImpl (ServerState.java:<init>(105)) - c5bcbe8d-02dd-463d-aab3-dfd296a706f4:group-40C9E5213392 ConfigurationManager, init=-1: [c5bcbe8d-02dd-463d-aab3-dfd296a706f4:192.168.69.113:41348], old=null, confs=<EMPTY_MAP>
2019-08-28 19:31:01,324 [pool-591-thread-1] INFO  server.RaftServerConfigKeys (ConfUtils.java:logGet(43)) - raft.server.storage.dir = [/workdir/hadoop-ozone/integration-test/target/test-dir/MiniOzoneClusterImpl-4c216f00-9015-443b-bac6-aeadc5876bb8/datanode-5/data/ratis] (custom)
2019-08-28 19:31:01,324 [pool-591-thread-1] INFO  storage.RaftStorageDirectory (RaftStorageDirectory.java:analyzeStorage(246)) - The storage directory /workdir/hadoop-ozone/integration-test/target/test-dir/MiniOzoneClusterImpl-4c216f00-9015-443b-bac6-aeadc5876bb8/datanode-5/data/ratis/9cdd7da3-0bdd-40c3-b637-40c9e5213392 does not exist. Creating ...
2019-08-28 19:31:01,343 [pool-591-thread-1] INFO  storage.RaftStorageDirectory (RaftStorageDirectory.java:tryLock(328)) - Lock on /workdir/hadoop-ozone/integration-test/target/test-dir/MiniOzoneClusterImpl-4c216f00-9015-443b-bac6-aeadc5876bb8/datanode-5/data/ratis/9cdd7da3-0bdd-40c3-b637-40c9e5213392/in_use.lock acquired by nodename 17106@pr-hdds-1949-vp5nt-881372353
2019-08-28 19:31:01,380 [pool-591-thread-1] INFO  storage.RaftStorage (RaftStorage.java:format(72)) - Storage directory /workdir/hadoop-ozone/integration-test/target/test-dir/MiniOzoneClusterImpl-4c216f00-9015-443b-bac6-aeadc5876bb8/datanode-5/data/ratis/9cdd7da3-0bdd-40c3-b637-40c9e5213392 has been successfully formatted.
2019-08-28 19:31:01,381 [pool-591-thread-1] INFO  ratis.ContainerStateMachine (ContainerStateMachine.java:loadSnapshot(227)) - group-40C9E5213392: The snapshot info is null. Setting the last applied indexto:(t:0, i:~)
2019-08-28 19:31:01,381 [pool-591-thread-1] INFO  server.RaftServerConfigKeys (ConfUtils.java:logGet(43)) - raft.server.leader.election.timeout = 120s (custom)
2019-08-28 19:31:01,381 [pool-591-thread-1] INFO  server.RaftServerConfigKeys (ConfUtils.java:logGet(43)) - raft.server.log.use.memory = false (default)
2019-08-28 19:31:01,381 [pool-591-thread-1] INFO  server.RaftServerConfigKeys (ConfUtils.java:logGet(43)) - raft.server.log.purge.gap = 1000000 (custom)
2019-08-28 19:31:01,381 [pool-591-thread-1] INFO  server.RaftServerConfigKeys (ConfUtils.java:logGet(43)) - raft.server.log.appender.buffer.byte-limit = 33554432 (custom)
2019-08-28 19:31:01,382 [pool-591-thread-1] INFO  server.RaftServerConfigKeys (ConfUtils.java:logGet(43)) - raft.server.log.segment.size.max = 1048576 (custom)
2019-08-28 19:31:01,382 [pool-591-thread-1] INFO  server.RaftServerConfigKeys (ConfUtils.java:logGet(43)) - raft.server.log.segment.cache.num.max = 2 (custom)
2019-08-28 19:31:01,382 [pool-591-thread-1] INFO  segmented.SegmentedRaftLogWorker (SegmentedRaftLogWorker.java:<init>(172)) - new c5bcbe8d-02dd-463d-aab3-dfd296a706f4-SegmentedRaftLogWorker:Storage Directory /workdir/hadoop-ozone/integration-test/target/test-dir/MiniOzoneClusterImpl-4c216f00-9015-443b-bac6-aeadc5876bb8/datanode-5/data/ratis/9cdd7da3-0bdd-40c3-b637-40c9e5213392 for RaftStorage:Storage Directory /workdir/hadoop-ozone/integration-test/target/test-dir/MiniOzoneClusterImpl-4c216f00-9015-443b-bac6-aeadc5876bb8/datanode-5/data/ratis/9cdd7da3-0bdd-40c3-b637-40c9e5213392
2019-08-28 19:31:01,382 [pool-591-thread-1] INFO  server.RaftServerConfigKeys (ConfUtils.java:logGet(43)) - raft.server.log.queue.byte-limit = 2147483647 (custom)
2019-08-28 19:31:01,382 [pool-591-thread-1] INFO  server.RaftServerConfigKeys (ConfUtils.java:logGet(43)) - raft.server.log.queue.element-limit = 1024 (custom)
2019-08-28 19:31:01,382 [pool-591-thread-1] INFO  server.RaftServerConfigKeys (ConfUtils.java:logGet(43)) - raft.server.log.segment.size.max = 1048576 (custom)
2019-08-28 19:31:01,382 [pool-591-thread-1] INFO  server.RaftServerConfigKeys (ConfUtils.java:logGet(43)) - raft.server.log.preallocated.size = 16384 (custom)
2019-08-28 19:31:01,382 [pool-591-thread-1] INFO  server.RaftServerConfigKeys (ConfUtils.java:logGet(43)) - raft.server.log.write.buffer.size = 33554432 (custom)
2019-08-28 19:31:01,382 [pool-591-thread-1] INFO  server.RaftServerConfigKeys (ConfUtils.java:logGet(43)) - raft.server.log.force.sync.num = 128 (default)
2019-08-28 19:31:01,383 [pool-591-thread-1] INFO  server.RaftServerConfigKeys (ConfUtils.java:logGet(43)) - raft.server.log.statemachine.data.sync = true (default)
2019-08-28 19:31:01,383 [pool-591-thread-1] INFO  server.RaftServerConfigKeys (ConfUtils.java:logGet(43)) - raft.server.log.statemachine.data.sync.timeout = 10s (default)
2019-08-28 19:31:01,383 [pool-591-thread-1] INFO  server.RaftServerConfigKeys (ConfUtils.java:logGet(43)) - raft.server.log.statemachine.data.sync.timeout.retry = -1 (default)
2019-08-28 19:31:01,383 [pool-591-thread-1] INFO  server.RaftServerConfigKeys (ConfUtils.java:logGet(43)) - raft.server.log.statemachine.data.caching.enabled = true (custom)
2019-08-28 19:31:01,383 [pool-591-thread-1] INFO  segmented.SegmentedRaftLogWorker (SegmentedRaftLogWorker.java:lambda$new$0(132)) - c5bcbe8d-02dd-463d-aab3-dfd296a706f4-SegmentedRaftLogWorker:Storage Directory /workdir/hadoop-ozone/integration-test/target/test-dir/MiniOzoneClusterImpl-4c216f00-9015-443b-bac6-aeadc5876bb8/datanode-5/data/ratis/9cdd7da3-0bdd-40c3-b637-40c9e5213392: flushIndex: setUnconditionally 0 -> -1
2019-08-28 19:31:01,383 [pool-591-thread-1] INFO  server.RaftServerConfigKeys (ConfUtils.java:logGet(43)) - raft.server.snapshot.auto.trigger.enabled = true (custom)
2019-08-28 19:31:01,384 [pool-591-thread-1] INFO  server.RaftServerConfigKeys (ConfUtils.java:logGet(43)) - raft.server.snapshot.auto.trigger.threshold = 10000 (custom)
2019-08-28 19:31:01,384 [pool-591-thread-1] INFO  server.RaftServerConfigKeys (ConfUtils.java:logGet(43)) - raft.server.retrycache.expirytime = 600000ms (custom)
2019-08-28 19:31:01,384 [pool-591-thread-1] INFO  impl.RaftServerImpl (RaftServerImpl.java:start(180)) - c5bcbe8d-02dd-463d-aab3-dfd296a706f4: start group-40C9E5213392
2019-08-28 19:31:01,384 [pool-591-thread-1] INFO  impl.RaftServerImpl (RaftServerImpl.java:setRole(171)) - c5bcbe8d-02dd-463d-aab3-dfd296a706f4:group-40C9E5213392 changes role from null to FOLLOWER at term 0 for startAsFollower
2019-08-28 19:31:01,384 [pool-591-thread-1] INFO  impl.RoleInfo (RoleInfo.java:updateAndGet(143)) - c5bcbe8d-02dd-463d-aab3-dfd296a706f4: start FollowerState
2019-08-28 19:31:01,384 [pool-591-thread-1] INFO  util.JmxRegister (JmxRegister.java:tryRegister(44)) - Successfully registered JMX Bean with object name Ratis:service=RaftServer,group=group-40C9E5213392,id=c5bcbe8d-02dd-463d-aab3-dfd296a706f4
2019-08-28 19:31:01,387 [RatisPipelineUtilsThread] INFO  pipeline.PipelineStateManager (PipelineStateManager.java:addPipeline(56)) - Created pipeline Pipeline[ Id: 9cdd7da3-0bdd-40c3-b637-40c9e5213392, Nodes: c5bcbe8d-02dd-463d-aab3-dfd296a706f4{ip: 192.168.69.113, host: pr-hdds-1949-vp5nt-881372353, networkLocation: /default-rack, certSerialId: null}, Type:RATIS, Factor:ONE, State:OPEN]
2019-08-28 19:31:01,400 [grpc-default-executor-17] INFO  impl.RaftServerProxy (RaftServerProxy.java:addNew(89)) - 63b1ce8f-7208-4998-b631-5145f20d59fa: addNew group-1C2F92374515:[63b1ce8f-7208-4998-b631-5145f20d59fa:192.168.69.113:34004] returns group-1C2F92374515:java.util.concurrent.CompletableFuture@177d80d3[Not completed]
2019-08-28 19:31:01,401 [pool-602-thread-1] INFO  impl.RaftServerImpl (RaftServerImpl.java:<init>(93)) - 63b1ce8f-7208-4998-b631-5145f20d59fa: new RaftServerImpl for group-1C2F92374515:[63b1ce8f-7208-4998-b631-5145f20d59fa:192.168.69.113:34004] with ContainerStateMachine:uninitialized
2019-08-28 19:31:01,401 [pool-602-thread-1] INFO  server.RaftServerConfigKeys (ConfUtils.java:logGet(43)) - raft.server.rpc.timeout.min = 5s (custom)
2019-08-28 19:31:01,402 [pool-602-thread-1] INFO  server.RaftServerConfigKeys (ConfUtils.java:logGet(43)) - raft.server.rpc.timeout.max = 5200ms (custom)
2019-08-28 19:31:01,402 [pool-602-thread-1] INFO  server.RaftServerConfigKeys (ConfUtils.java:logGet(43)) - raft.server.rpcslowness.timeout = 120s (custom)
2019-08-28 19:31:01,402 [pool-602-thread-1] INFO  server.RaftServerConfigKeys (ConfUtils.java:logGet(43)) - raft.server.sleep.deviation.threshold = 300 (default)
2019-08-28 19:31:01,402 [pool-602-thread-1] INFO  server.RaftServerConfigKeys (ConfUtils.java:logGet(43)) - raft.server.log.appender.install.snapshot.enabled = false (custom)
2019-08-28 19:31:01,402 [pool-602-thread-1] INFO  impl.RaftServerImpl (ServerState.java:<init>(105)) - 63b1ce8f-7208-4998-b631-5145f20d59fa:group-1C2F92374515 ConfigurationManager, init=-1: [63b1ce8f-7208-4998-b631-5145f20d59fa:192.168.69.113:34004], old=null, confs=<EMPTY_MAP>
2019-08-28 19:31:01,402 [pool-602-thread-1] INFO  server.RaftServerConfigKeys (ConfUtils.java:logGet(43)) - raft.server.storage.dir = [/workdir/hadoop-ozone/integration-test/target/test-dir/MiniOzoneClusterImpl-4c216f00-9015-443b-bac6-aeadc5876bb8/datanode-6/data/ratis] (custom)
2019-08-28 19:31:01,402 [pool-602-thread-1] INFO  storage.RaftStorageDirectory (RaftStorageDirectory.java:analyzeStorage(246)) - The storage directory /workdir/hadoop-ozone/integration-test/target/test-dir/MiniOzoneClusterImpl-4c216f00-9015-443b-bac6-aeadc5876bb8/datanode-6/data/ratis/535d01db-eb83-427c-a437-1c2f92374515 does not exist. Creating ...
2019-08-28 19:31:01,436 [pool-602-thread-1] INFO  storage.RaftStorageDirectory (RaftStorageDirectory.java:tryLock(328)) - Lock on /workdir/hadoop-ozone/integration-test/target/test-dir/MiniOzoneClusterImpl-4c216f00-9015-443b-bac6-aeadc5876bb8/datanode-6/data/ratis/535d01db-eb83-427c-a437-1c2f92374515/in_use.lock acquired by nodename 17106@pr-hdds-1949-vp5nt-881372353
2019-08-28 19:31:01,455 [pool-602-thread-1] INFO  storage.RaftStorage (RaftStorage.java:format(72)) - Storage directory /workdir/hadoop-ozone/integration-test/target/test-dir/MiniOzoneClusterImpl-4c216f00-9015-443b-bac6-aeadc5876bb8/datanode-6/data/ratis/535d01db-eb83-427c-a437-1c2f92374515 has been successfully formatted.
2019-08-28 19:31:01,455 [pool-602-thread-1] INFO  ratis.ContainerStateMachine (ContainerStateMachine.java:loadSnapshot(227)) - group-1C2F92374515: The snapshot info is null. Setting the last applied indexto:(t:0, i:~)
2019-08-28 19:31:01,455 [pool-602-thread-1] INFO  server.RaftServerConfigKeys (ConfUtils.java:logGet(43)) - raft.server.leader.election.timeout = 120s (custom)
2019-08-28 19:31:01,455 [pool-602-thread-1] INFO  server.RaftServerConfigKeys (ConfUtils.java:logGet(43)) - raft.server.log.use.memory = false (default)
2019-08-28 19:31:01,456 [pool-602-thread-1] INFO  server.RaftServerConfigKeys (ConfUtils.java:logGet(43)) - raft.server.log.purge.gap = 1000000 (custom)
2019-08-28 19:31:01,456 [pool-602-thread-1] INFO  server.RaftServerConfigKeys (ConfUtils.java:logGet(43)) - raft.server.log.appender.buffer.byte-limit = 33554432 (custom)
2019-08-28 19:31:01,456 [pool-602-thread-1] INFO  server.RaftServerConfigKeys (ConfUtils.java:logGet(43)) - raft.server.log.segment.size.max = 1048576 (custom)
2019-08-28 19:31:01,456 [pool-602-thread-1] INFO  server.RaftServerConfigKeys (ConfUtils.java:logGet(43)) - raft.server.log.segment.cache.num.max = 2 (custom)
2019-08-28 19:31:01,456 [pool-602-thread-1] INFO  segmented.SegmentedRaftLogWorker (SegmentedRaftLogWorker.java:<init>(172)) - new 63b1ce8f-7208-4998-b631-5145f20d59fa-SegmentedRaftLogWorker:Storage Directory /workdir/hadoop-ozone/integration-test/target/test-dir/MiniOzoneClusterImpl-4c216f00-9015-443b-bac6-aeadc5876bb8/datanode-6/data/ratis/535d01db-eb83-427c-a437-1c2f92374515 for RaftStorage:Storage Directory /workdir/hadoop-ozone/integration-test/target/test-dir/MiniOzoneClusterImpl-4c216f00-9015-443b-bac6-aeadc5876bb8/datanode-6/data/ratis/535d01db-eb83-427c-a437-1c2f92374515
2019-08-28 19:31:01,456 [pool-602-thread-1] INFO  server.RaftServerConfigKeys (ConfUtils.java:logGet(43)) - raft.server.log.queue.byte-limit = 2147483647 (custom)
2019-08-28 19:31:01,457 [pool-602-thread-1] INFO  server.RaftServerConfigKeys (ConfUtils.java:logGet(43)) - raft.server.log.queue.element-limit = 1024 (custom)
2019-08-28 19:31:01,457 [pool-602-thread-1] INFO  server.RaftServerConfigKeys (ConfUtils.java:logGet(43)) - raft.server.log.segment.size.max = 1048576 (custom)
2019-08-28 19:31:01,457 [pool-602-thread-1] INFO  server.RaftServerConfigKeys (ConfUtils.java:logGet(43)) - raft.server.log.preallocated.size = 16384 (custom)
2019-08-28 19:31:01,457 [pool-602-thread-1] INFO  server.RaftServerConfigKeys (ConfUtils.java:logGet(43)) - raft.server.log.write.buffer.size = 33554432 (custom)
2019-08-28 19:31:01,457 [pool-602-thread-1] INFO  server.RaftServerConfigKeys (ConfUtils.java:logGet(43)) - raft.server.log.force.sync.num = 128 (default)
2019-08-28 19:31:01,457 [pool-602-thread-1] INFO  server.RaftServerConfigKeys (ConfUtils.java:logGet(43)) - raft.server.log.statemachine.data.sync = true (default)
2019-08-28 19:31:01,457 [pool-602-thread-1] INFO  server.RaftServerConfigKeys (ConfUtils.java:logGet(43)) - raft.server.log.statemachine.data.sync.timeout = 10s (default)
2019-08-28 19:31:01,457 [pool-602-thread-1] INFO  server.RaftServerConfigKeys (ConfUtils.java:logGet(43)) - raft.server.log.statemachine.data.sync.timeout.retry = -1 (default)
2019-08-28 19:31:01,458 [pool-602-thread-1] INFO  server.RaftServerConfigKeys (ConfUtils.java:logGet(43)) - raft.server.log.statemachine.data.caching.enabled = true (custom)
2019-08-28 19:31:01,458 [pool-602-thread-1] INFO  segmented.SegmentedRaftLogWorker (SegmentedRaftLogWorker.java:lambda$new$0(132)) - 63b1ce8f-7208-4998-b631-5145f20d59fa-SegmentedRaftLogWorker:Storage Directory /workdir/hadoop-ozone/integration-test/target/test-dir/MiniOzoneClusterImpl-4c216f00-9015-443b-bac6-aeadc5876bb8/datanode-6/data/ratis/535d01db-eb83-427c-a437-1c2f92374515: flushIndex: setUnconditionally 0 -> -1
2019-08-28 19:31:01,458 [pool-602-thread-1] INFO  server.RaftServerConfigKeys (ConfUtils.java:logGet(43)) - raft.server.snapshot.auto.trigger.enabled = true (custom)
2019-08-28 19:31:01,458 [pool-602-thread-1] INFO  server.RaftServerConfigKeys (ConfUtils.java:logGet(43)) - raft.server.snapshot.auto.trigger.threshold = 10000 (custom)
2019-08-28 19:31:01,458 [pool-602-thread-1] INFO  server.RaftServerConfigKeys (ConfUtils.java:logGet(43)) - raft.server.retrycache.expirytime = 600000ms (custom)
2019-08-28 19:31:01,458 [pool-602-thread-1] INFO  impl.RaftServerImpl (RaftServerImpl.java:start(180)) - 63b1ce8f-7208-4998-b631-5145f20d59fa: start group-1C2F92374515
2019-08-28 19:31:01,459 [pool-602-thread-1] INFO  impl.RaftServerImpl (RaftServerImpl.java:setRole(171)) - 63b1ce8f-7208-4998-b631-5145f20d59fa:group-1C2F92374515 changes role from null to FOLLOWER at term 0 for startAsFollower
2019-08-28 19:31:01,459 [pool-602-thread-1] INFO  impl.RoleInfo (RoleInfo.java:updateAndGet(143)) - 63b1ce8f-7208-4998-b631-5145f20d59fa: start FollowerState
2019-08-28 19:31:01,459 [pool-602-thread-1] INFO  util.JmxRegister (JmxRegister.java:tryRegister(44)) - Successfully registered JMX Bean with object name Ratis:service=RaftServer,group=group-1C2F92374515,id=63b1ce8f-7208-4998-b631-5145f20d59fa
2019-08-28 19:31:01,461 [RatisPipelineUtilsThread] INFO  pipeline.PipelineStateManager (PipelineStateManager.java:addPipeline(56)) - Created pipeline Pipeline[ Id: 535d01db-eb83-427c-a437-1c2f92374515, Nodes: 63b1ce8f-7208-4998-b631-5145f20d59fa{ip: 192.168.69.113, host: pr-hdds-1949-vp5nt-881372353, networkLocation: /default-rack, certSerialId: null}, Type:RATIS, Factor:ONE, State:OPEN]
2019-08-28 19:31:01,463 | INFO  | SCMAudit | user=jenkins1000 | ip=127.0.0.1 | op=ALLOCATE_BLOCK {owner=f14bffc5-a893-450e-8f80-f0fa59063ac9, size=800, type=RATIS, factor=THREE} | ret=SUCCESS |  
2019-08-28 19:31:01,466 | INFO  | OMAudit | user=jenkins1000 | ip=127.0.0.1 | op=ALLOCATE_KEY {volume=testblockoutputstream, bucket=testblockoutputstream, key=100a5a59-277c-4757-b758-cb21702a7fdd, dataSize=0, replicationType=RATIS, replicationFactor=THREE, keyLocationInfo=null} | ret=SUCCESS |  
2019-08-28 19:31:01,482 [grpc-default-executor-17] INFO  client.GrpcClientProtocolClient (GrpcClientProtocolClient.java:onNext(255)) - client-DE1ECD76B78C->893d9933-a2b1-4f23-acb1-093dec15f61d: receive RaftClientReply:client-DE1ECD76B78C->893d9933-a2b1-4f23-acb1-093dec15f61d@group-CE2CFCFD105D, cid=207, FAILED org.apache.ratis.protocol.NotLeaderException: Server 893d9933-a2b1-4f23-acb1-093dec15f61d is not the leader (null). Request must be sent to leader., logIndex=0, commits[893d9933-a2b1-4f23-acb1-093dec15f61d:c-1]
2019-08-28 19:31:02,497 [grpc-default-executor-5] INFO  client.GrpcClientProtocolClient (GrpcClientProtocolClient.java:onNext(255)) - client-DE1ECD76B78C->c1b0cc15-b089-4c23-99e9-47ed0bade53e: receive RaftClientReply:client-DE1ECD76B78C->c1b0cc15-b089-4c23-99e9-47ed0bade53e@group-CE2CFCFD105D, cid=207, FAILED org.apache.ratis.protocol.NotLeaderException: Server c1b0cc15-b089-4c23-99e9-47ed0bade53e is not the leader (null). Request must be sent to leader., logIndex=0, commits[c1b0cc15-b089-4c23-99e9-47ed0bade53e:c-1]
2019-08-28 19:31:02,785 | INFO  | SCMAudit | user=jenkins1000 | ip=192.168.69.113 | op=SEND_HEARTBEAT {datanodeUUID=893d9933-a2b1-4f23-acb1-093dec15f61d, command=[]} | ret=SUCCESS |  
2019-08-28 19:31:02,855 | INFO  | SCMAudit | user=jenkins1000 | ip=192.168.69.113 | op=SEND_HEARTBEAT {datanodeUUID=427dba9e-3238-4f6b-b193-fefaba865310, command=[]} | ret=SUCCESS |  
2019-08-28 19:31:02,914 | INFO  | SCMAudit | user=jenkins1000 | ip=192.168.69.113 | op=SEND_HEARTBEAT {datanodeUUID=c1b0cc15-b089-4c23-99e9-47ed0bade53e, command=[]} | ret=SUCCESS |  
2019-08-28 19:31:02,981 | INFO  | SCMAudit | user=jenkins1000 | ip=192.168.69.113 | op=SEND_HEARTBEAT {datanodeUUID=322d1ff0-d33a-48c4-9ad0-1ff851e73344, command=[]} | ret=SUCCESS |  
2019-08-28 19:31:03,047 | INFO  | SCMAudit | user=jenkins1000 | ip=192.168.69.113 | op=SEND_HEARTBEAT {datanodeUUID=fe19b4e3-4861-4e0d-90fc-58955537b207, command=[]} | ret=SUCCESS |  
2019-08-28 19:31:03,190 | INFO  | SCMAudit | user=jenkins1000 | ip=192.168.69.113 | op=SEND_HEARTBEAT {datanodeUUID=c5bcbe8d-02dd-463d-aab3-dfd296a706f4, command=[]} | ret=SUCCESS |  
2019-08-28 19:31:03,249 | INFO  | SCMAudit | user=jenkins1000 | ip=192.168.69.113 | op=SEND_HEARTBEAT {datanodeUUID=63b1ce8f-7208-4998-b631-5145f20d59fa, command=[]} | ret=SUCCESS |  
2019-08-28 19:31:03,505 [grpc-default-executor-5] INFO  client.GrpcClientProtocolClient (GrpcClientProtocolClient.java:onNext(255)) - client-DE1ECD76B78C->893d9933-a2b1-4f23-acb1-093dec15f61d: receive RaftClientReply:client-DE1ECD76B78C->893d9933-a2b1-4f23-acb1-093dec15f61d@group-CE2CFCFD105D, cid=207, FAILED org.apache.ratis.protocol.NotLeaderException: Server 893d9933-a2b1-4f23-acb1-093dec15f61d is not the leader (null). Request must be sent to leader., logIndex=0, commits[893d9933-a2b1-4f23-acb1-093dec15f61d:c-1]
2019-08-28 19:31:03,786 | INFO  | SCMAudit | user=jenkins1000 | ip=192.168.69.113 | op=SEND_HEARTBEAT {datanodeUUID=893d9933-a2b1-4f23-acb1-093dec15f61d, command=[]} | ret=SUCCESS |  
2019-08-28 19:31:03,798 [Thread-3866] INFO  container.ReplicationManager (ReplicationManager.java:start(152)) - Starting Replication Monitor Thread.
2019-08-28 19:31:03,802 [ReplicationMonitor] INFO  container.ReplicationManager (ReplicationManager.java:run(215)) - Replication Monitor Thread took 0 milliseconds for processing 1 containers.
2019-08-28 19:31:03,855 | INFO  | SCMAudit | user=jenkins1000 | ip=192.168.69.113 | op=SEND_HEARTBEAT {datanodeUUID=427dba9e-3238-4f6b-b193-fefaba865310, command=[]} | ret=SUCCESS |  
2019-08-28 19:31:03,913 | INFO  | SCMAudit | user=jenkins1000 | ip=192.168.69.113 | op=SEND_HEARTBEAT {datanodeUUID=c1b0cc15-b089-4c23-99e9-47ed0bade53e, command=[]} | ret=SUCCESS |  
2019-08-28 19:31:03,981 | INFO  | SCMAudit | user=jenkins1000 | ip=192.168.69.113 | op=SEND_HEARTBEAT {datanodeUUID=322d1ff0-d33a-48c4-9ad0-1ff851e73344, command=[]} | ret=SUCCESS |  
2019-08-28 19:31:04,046 | INFO  | SCMAudit | user=jenkins1000 | ip=192.168.69.113 | op=SEND_HEARTBEAT {datanodeUUID=fe19b4e3-4861-4e0d-90fc-58955537b207, command=[]} | ret=SUCCESS |  
2019-08-28 19:31:04,191 | INFO  | SCMAudit | user=jenkins1000 | ip=192.168.69.113 | op=SEND_HEARTBEAT {datanodeUUID=c5bcbe8d-02dd-463d-aab3-dfd296a706f4, command=[]} | ret=SUCCESS |  
2019-08-28 19:31:04,249 | INFO  | SCMAudit | user=jenkins1000 | ip=192.168.69.113 | op=SEND_HEARTBEAT {datanodeUUID=63b1ce8f-7208-4998-b631-5145f20d59fa, command=[]} | ret=SUCCESS |  
2019-08-28 19:31:04,515 [grpc-default-executor-17] INFO  client.GrpcClientProtocolClient (GrpcClientProtocolClient.java:onNext(255)) - client-DE1ECD76B78C->322d1ff0-d33a-48c4-9ad0-1ff851e73344: receive RaftClientReply:client-DE1ECD76B78C->322d1ff0-d33a-48c4-9ad0-1ff851e73344@group-CE2CFCFD105D, cid=207, FAILED org.apache.ratis.protocol.NotLeaderException: Server 322d1ff0-d33a-48c4-9ad0-1ff851e73344 is not the leader (null). Request must be sent to leader., logIndex=0, commits[322d1ff0-d33a-48c4-9ad0-1ff851e73344:c-1]
2019-08-28 19:31:04,786 | INFO  | SCMAudit | user=jenkins1000 | ip=192.168.69.113 | op=SEND_HEARTBEAT {datanodeUUID=893d9933-a2b1-4f23-acb1-093dec15f61d, command=[]} | ret=SUCCESS |  
2019-08-28 19:31:04,855 | INFO  | SCMAudit | user=jenkins1000 | ip=192.168.69.113 | op=SEND_HEARTBEAT {datanodeUUID=427dba9e-3238-4f6b-b193-fefaba865310, command=[]} | ret=SUCCESS |  
2019-08-28 19:31:04,913 | INFO  | SCMAudit | user=jenkins1000 | ip=192.168.69.113 | op=SEND_HEARTBEAT {datanodeUUID=c1b0cc15-b089-4c23-99e9-47ed0bade53e, command=[]} | ret=SUCCESS |  
2019-08-28 19:31:04,981 | INFO  | SCMAudit | user=jenkins1000 | ip=192.168.69.113 | op=SEND_HEARTBEAT {datanodeUUID=322d1ff0-d33a-48c4-9ad0-1ff851e73344, command=[]} | ret=SUCCESS |  
2019-08-28 19:31:05,046 | INFO  | SCMAudit | user=jenkins1000 | ip=192.168.69.113 | op=SEND_HEARTBEAT {datanodeUUID=fe19b4e3-4861-4e0d-90fc-58955537b207, command=[]} | ret=SUCCESS |  
2019-08-28 19:31:05,191 | INFO  | SCMAudit | user=jenkins1000 | ip=192.168.69.113 | op=SEND_HEARTBEAT {datanodeUUID=c5bcbe8d-02dd-463d-aab3-dfd296a706f4, command=[]} | ret=SUCCESS |  
2019-08-28 19:31:05,249 | INFO  | SCMAudit | user=jenkins1000 | ip=192.168.69.113 | op=SEND_HEARTBEAT {datanodeUUID=63b1ce8f-7208-4998-b631-5145f20d59fa, command=[]} | ret=SUCCESS |  
2019-08-28 19:31:05,525 [grpc-default-executor-17] INFO  client.GrpcClientProtocolClient (GrpcClientProtocolClient.java:onNext(255)) - client-DE1ECD76B78C->c1b0cc15-b089-4c23-99e9-47ed0bade53e: receive RaftClientReply:client-DE1ECD76B78C->c1b0cc15-b089-4c23-99e9-47ed0bade53e@group-CE2CFCFD105D, cid=207, FAILED org.apache.ratis.protocol.NotLeaderException: Server c1b0cc15-b089-4c23-99e9-47ed0bade53e is not the leader (null). Request must be sent to leader., logIndex=0, commits[c1b0cc15-b089-4c23-99e9-47ed0bade53e:c-1]
2019-08-28 19:31:05,786 | INFO  | SCMAudit | user=jenkins1000 | ip=192.168.69.113 | op=SEND_HEARTBEAT {datanodeUUID=893d9933-a2b1-4f23-acb1-093dec15f61d, command=[]} | ret=SUCCESS |  
2019-08-28 19:31:05,855 | INFO  | SCMAudit | user=jenkins1000 | ip=192.168.69.113 | op=SEND_HEARTBEAT {datanodeUUID=427dba9e-3238-4f6b-b193-fefaba865310, command=[]} | ret=SUCCESS |  
2019-08-28 19:31:05,887 [Thread-3868] INFO  impl.FollowerState (FollowerState.java:run(106)) - 893d9933-a2b1-4f23-acb1-093dec15f61d:group-DD059F845FF1 changes to CANDIDATE, lastRpcTime:5028, electionTimeout:5028ms
2019-08-28 19:31:05,887 [Thread-3868] INFO  impl.RoleInfo (RoleInfo.java:shutdownFollowerState(121)) - 893d9933-a2b1-4f23-acb1-093dec15f61d: shutdown FollowerState
2019-08-28 19:31:05,887 [Thread-3868] INFO  impl.RaftServerImpl (RaftServerImpl.java:setRole(171)) - 893d9933-a2b1-4f23-acb1-093dec15f61d:group-DD059F845FF1 changes role from FOLLOWER to CANDIDATE at term 0 for changeToCandidate
2019-08-28 19:31:05,887 [Thread-3868] INFO  impl.RoleInfo (RoleInfo.java:updateAndGet(143)) - 893d9933-a2b1-4f23-acb1-093dec15f61d: start LeaderElection
2019-08-28 19:31:05,913 | INFO  | SCMAudit | user=jenkins1000 | ip=192.168.69.113 | op=SEND_HEARTBEAT {datanodeUUID=c1b0cc15-b089-4c23-99e9-47ed0bade53e, command=[]} | ret=SUCCESS |  
2019-08-28 19:31:05,940 [893d9933-a2b1-4f23-acb1-093dec15f61d:group-DD059F845FF1:LeaderElection88] INFO  impl.LeaderElection (LeaderElection.java:askForVotes(181)) - 893d9933-a2b1-4f23-acb1-093dec15f61d:group-DD059F845FF1:LeaderElection88: begin an election at term 1 for -1: [893d9933-a2b1-4f23-acb1-093dec15f61d:192.168.69.113:42152], old=null
2019-08-28 19:31:05,940 [893d9933-a2b1-4f23-acb1-093dec15f61d:group-DD059F845FF1:LeaderElection88] INFO  impl.RoleInfo (RoleInfo.java:shutdownLeaderElection(134)) - 893d9933-a2b1-4f23-acb1-093dec15f61d: shutdown LeaderElection
2019-08-28 19:31:05,940 [893d9933-a2b1-4f23-acb1-093dec15f61d:group-DD059F845FF1:LeaderElection88] INFO  impl.RaftServerImpl (RaftServerImpl.java:setRole(171)) - 893d9933-a2b1-4f23-acb1-093dec15f61d:group-DD059F845FF1 changes role from CANDIDATE to LEADER at term 1 for changeToLeader
2019-08-28 19:31:05,940 [893d9933-a2b1-4f23-acb1-093dec15f61d:group-DD059F845FF1:LeaderElection88] INFO  impl.RaftServerImpl (ServerState.java:setLeader(263)) - 893d9933-a2b1-4f23-acb1-093dec15f61d:group-DD059F845FF1 change Leader from null to 893d9933-a2b1-4f23-acb1-093dec15f61d at term 1 for becomeLeader, leader elected after 5088ms
2019-08-28 19:31:05,941 [893d9933-a2b1-4f23-acb1-093dec15f61d:group-DD059F845FF1:LeaderElection88] INFO  server.RaftServerConfigKeys (ConfUtils.java:logGet(43)) - raft.server.staging.catchup.gap = 1000 (default)
2019-08-28 19:31:05,941 [893d9933-a2b1-4f23-acb1-093dec15f61d:group-DD059F845FF1:LeaderElection88] INFO  server.RaftServerConfigKeys (ConfUtils.java:logGet(43)) - raft.server.rpc.sleep.time = 25ms (default)
2019-08-28 19:31:05,941 [893d9933-a2b1-4f23-acb1-093dec15f61d:group-DD059F845FF1:LeaderElection88] INFO  server.RaftServerConfigKeys (ConfUtils.java:logGet(43)) - raft.server.write.element-limit = 4096 (default)
2019-08-28 19:31:05,941 [893d9933-a2b1-4f23-acb1-093dec15f61d:group-DD059F845FF1:LeaderElection88] INFO  server.RaftServerConfigKeys (ConfUtils.java:logGet(43)) - raft.server.watch.timeout = 10s (default)
2019-08-28 19:31:05,941 [893d9933-a2b1-4f23-acb1-093dec15f61d:group-DD059F845FF1:LeaderElection88] INFO  server.RaftServerConfigKeys (ConfUtils.java:logGet(43)) - raft.server.watch.timeout.denomination = 1s (default)
2019-08-28 19:31:05,942 [893d9933-a2b1-4f23-acb1-093dec15f61d:group-DD059F845FF1:LeaderElection88] INFO  server.RaftServerConfigKeys (ConfUtils.java:logGet(43)) - raft.server.watch.element-limit = 65536 (default)
2019-08-28 19:31:05,942 [893d9933-a2b1-4f23-acb1-093dec15f61d:group-DD059F845FF1:LeaderElection88] INFO  impl.RoleInfo (RoleInfo.java:updateAndGet(143)) - 893d9933-a2b1-4f23-acb1-093dec15f61d: start LeaderState
2019-08-28 19:31:05,942 [893d9933-a2b1-4f23-acb1-093dec15f61d:group-DD059F845FF1:LeaderElection88] INFO  segmented.SegmentedRaftLogWorker (SegmentedRaftLogWorker.java:startLogSegment(380)) - 893d9933-a2b1-4f23-acb1-093dec15f61d-SegmentedRaftLogWorker:Storage Directory /workdir/hadoop-ozone/integration-test/target/test-dir/MiniOzoneClusterImpl-4c216f00-9015-443b-bac6-aeadc5876bb8/datanode-0/data/ratis/e9c9ce84-86b9-472d-a07d-dd059f845ff1: Starting segment from index:0
2019-08-28 19:31:05,943 [893d9933-a2b1-4f23-acb1-093dec15f61d:group-DD059F845FF1:LeaderElection88] INFO  impl.RaftServerImpl (ServerState.java:setRaftConf(361)) - 893d9933-a2b1-4f23-acb1-093dec15f61d:group-DD059F845FF1 set configuration 0: [893d9933-a2b1-4f23-acb1-093dec15f61d:192.168.69.113:42152], old=null at 0
2019-08-28 19:31:05,981 | INFO  | SCMAudit | user=jenkins1000 | ip=192.168.69.113 | op=SEND_HEARTBEAT {datanodeUUID=322d1ff0-d33a-48c4-9ad0-1ff851e73344, command=[]} | ret=SUCCESS |  
2019-08-28 19:31:06,046 | INFO  | SCMAudit | user=jenkins1000 | ip=192.168.69.113 | op=SEND_HEARTBEAT {datanodeUUID=fe19b4e3-4861-4e0d-90fc-58955537b207, command=[]} | ret=SUCCESS |  
2019-08-28 19:31:06,079 [893d9933-a2b1-4f23-acb1-093dec15f61d-SegmentedRaftLogWorker:Storage Directory /workdir/hadoop-ozone/integration-test/target/test-dir/MiniOzoneClusterImpl-4c216f00-9015-443b-bac6-aeadc5876bb8/datanode-0/data/ratis/e9c9ce84-86b9-472d-a07d-dd059f845ff1] INFO  segmented.SegmentedRaftLogWorker (SegmentedRaftLogWorker.java:execute(569)) - 893d9933-a2b1-4f23-acb1-093dec15f61d-SegmentedRaftLogWorker:Storage Directory /workdir/hadoop-ozone/integration-test/target/test-dir/MiniOzoneClusterImpl-4c216f00-9015-443b-bac6-aeadc5876bb8/datanode-0/data/ratis/e9c9ce84-86b9-472d-a07d-dd059f845ff1: created new log segment /workdir/hadoop-ozone/integration-test/target/test-dir/MiniOzoneClusterImpl-4c216f00-9015-443b-bac6-aeadc5876bb8/datanode-0/data/ratis/e9c9ce84-86b9-472d-a07d-dd059f845ff1/current/log_inprogress_0
2019-08-28 19:31:06,088 [Thread-3874] INFO  impl.FollowerState (FollowerState.java:run(106)) - c1b0cc15-b089-4c23-99e9-47ed0bade53e:group-9A8AA65119D1 changes to CANDIDATE, lastRpcTime:5096, electionTimeout:5096ms
2019-08-28 19:31:06,088 [Thread-3874] INFO  impl.RoleInfo (RoleInfo.java:shutdownFollowerState(121)) - c1b0cc15-b089-4c23-99e9-47ed0bade53e: shutdown FollowerState
2019-08-28 19:31:06,088 [Thread-3874] INFO  impl.RaftServerImpl (RaftServerImpl.java:setRole(171)) - c1b0cc15-b089-4c23-99e9-47ed0bade53e:group-9A8AA65119D1 changes role from FOLLOWER to CANDIDATE at term 0 for changeToCandidate
2019-08-28 19:31:06,089 [Thread-3874] INFO  impl.RoleInfo (RoleInfo.java:updateAndGet(143)) - c1b0cc15-b089-4c23-99e9-47ed0bade53e: start LeaderElection
2019-08-28 19:31:06,102 [Thread-3877] INFO  impl.FollowerState (FollowerState.java:run(106)) - 322d1ff0-d33a-48c4-9ad0-1ff851e73344:group-7FCFAE9F5CE6 changes to CANDIDATE, lastRpcTime:5041, electionTimeout:5028ms
2019-08-28 19:31:06,106 [Thread-3877] INFO  impl.RoleInfo (RoleInfo.java:shutdownFollowerState(121)) - 322d1ff0-d33a-48c4-9ad0-1ff851e73344: shutdown FollowerState
2019-08-28 19:31:06,107 [Thread-3877] INFO  impl.RaftServerImpl (RaftServerImpl.java:setRole(171)) - 322d1ff0-d33a-48c4-9ad0-1ff851e73344:group-7FCFAE9F5CE6 changes role from FOLLOWER to CANDIDATE at term 0 for changeToCandidate
2019-08-28 19:31:06,107 [Thread-3877] INFO  impl.RoleInfo (RoleInfo.java:updateAndGet(143)) - 322d1ff0-d33a-48c4-9ad0-1ff851e73344: start LeaderElection
2019-08-28 19:31:06,113 [Thread-3871] INFO  impl.FollowerState (FollowerState.java:run(106)) - 427dba9e-3238-4f6b-b193-fefaba865310:group-07B4BF93B076 changes to CANDIDATE, lastRpcTime:5181, electionTimeout:5181ms
2019-08-28 19:31:06,114 [Thread-3871] INFO  impl.RoleInfo (RoleInfo.java:shutdownFollowerState(121)) - 427dba9e-3238-4f6b-b193-fefaba865310: shutdown FollowerState
2019-08-28 19:31:06,114 [Thread-3871] INFO  impl.RaftServerImpl (RaftServerImpl.java:setRole(171)) - 427dba9e-3238-4f6b-b193-fefaba865310:group-07B4BF93B076 changes role from FOLLOWER to CANDIDATE at term 0 for changeToCandidate
2019-08-28 19:31:06,114 [Thread-3871] INFO  impl.RoleInfo (RoleInfo.java:updateAndGet(143)) - 427dba9e-3238-4f6b-b193-fefaba865310: start LeaderElection
2019-08-28 19:31:06,175 [Thread-3880] INFO  impl.FollowerState (FollowerState.java:run(106)) - fe19b4e3-4861-4e0d-90fc-58955537b207:group-BC5460A79F37 changes to CANDIDATE, lastRpcTime:5031, electionTimeout:5031ms
2019-08-28 19:31:06,175 [Thread-3880] INFO  impl.RoleInfo (RoleInfo.java:shutdownFollowerState(121)) - fe19b4e3-4861-4e0d-90fc-58955537b207: shutdown FollowerState
2019-08-28 19:31:06,176 [Thread-3880] INFO  impl.RaftServerImpl (RaftServerImpl.java:setRole(171)) - fe19b4e3-4861-4e0d-90fc-58955537b207:group-BC5460A79F37 changes role from FOLLOWER to CANDIDATE at term 0 for changeToCandidate
2019-08-28 19:31:06,176 [Thread-3880] INFO  impl.RoleInfo (RoleInfo.java:updateAndGet(143)) - fe19b4e3-4861-4e0d-90fc-58955537b207: start LeaderElection
2019-08-28 19:31:06,191 | INFO  | SCMAudit | user=jenkins1000 | ip=192.168.69.113 | op=SEND_HEARTBEAT {datanodeUUID=c5bcbe8d-02dd-463d-aab3-dfd296a706f4, command=[]} | ret=SUCCESS |  
2019-08-28 19:31:06,198 [427dba9e-3238-4f6b-b193-fefaba865310:group-07B4BF93B076:LeaderElection91] INFO  impl.LeaderElection (LeaderElection.java:askForVotes(181)) - 427dba9e-3238-4f6b-b193-fefaba865310:group-07B4BF93B076:LeaderElection91: begin an election at term 1 for -1: [427dba9e-3238-4f6b-b193-fefaba865310:192.168.69.113:39704], old=null
2019-08-28 19:31:06,198 [c1b0cc15-b089-4c23-99e9-47ed0bade53e:group-9A8AA65119D1:LeaderElection89] INFO  impl.LeaderElection (LeaderElection.java:askForVotes(181)) - c1b0cc15-b089-4c23-99e9-47ed0bade53e:group-9A8AA65119D1:LeaderElection89: begin an election at term 1 for -1: [c1b0cc15-b089-4c23-99e9-47ed0bade53e:192.168.69.113:39807], old=null
2019-08-28 19:31:06,198 [427dba9e-3238-4f6b-b193-fefaba865310:group-07B4BF93B076:LeaderElection91] INFO  impl.RoleInfo (RoleInfo.java:shutdownLeaderElection(134)) - 427dba9e-3238-4f6b-b193-fefaba865310: shutdown LeaderElection
2019-08-28 19:31:06,198 [fe19b4e3-4861-4e0d-90fc-58955537b207:group-BC5460A79F37:LeaderElection92] INFO  impl.LeaderElection (LeaderElection.java:askForVotes(181)) - fe19b4e3-4861-4e0d-90fc-58955537b207:group-BC5460A79F37:LeaderElection92: begin an election at term 1 for -1: [fe19b4e3-4861-4e0d-90fc-58955537b207:192.168.69.113:45775], old=null
2019-08-28 19:31:06,198 [322d1ff0-d33a-48c4-9ad0-1ff851e73344:group-7FCFAE9F5CE6:LeaderElection90] INFO  impl.LeaderElection (LeaderElection.java:askForVotes(181)) - 322d1ff0-d33a-48c4-9ad0-1ff851e73344:group-7FCFAE9F5CE6:LeaderElection90: begin an election at term 1 for -1: [322d1ff0-d33a-48c4-9ad0-1ff851e73344:192.168.69.113:44705], old=null
2019-08-28 19:31:06,198 [fe19b4e3-4861-4e0d-90fc-58955537b207:group-BC5460A79F37:LeaderElection92] INFO  impl.RoleInfo (RoleInfo.java:shutdownLeaderElection(134)) - fe19b4e3-4861-4e0d-90fc-58955537b207: shutdown LeaderElection
2019-08-28 19:31:06,198 [427dba9e-3238-4f6b-b193-fefaba865310:group-07B4BF93B076:LeaderElection91] INFO  impl.RaftServerImpl (RaftServerImpl.java:setRole(171)) - 427dba9e-3238-4f6b-b193-fefaba865310:group-07B4BF93B076 changes role from CANDIDATE to LEADER at term 1 for changeToLeader
2019-08-28 19:31:06,198 [c1b0cc15-b089-4c23-99e9-47ed0bade53e:group-9A8AA65119D1:LeaderElection89] INFO  impl.RoleInfo (RoleInfo.java:shutdownLeaderElection(134)) - c1b0cc15-b089-4c23-99e9-47ed0bade53e: shutdown LeaderElection
2019-08-28 19:31:06,199 [427dba9e-3238-4f6b-b193-fefaba865310:group-07B4BF93B076:LeaderElection91] INFO  impl.RaftServerImpl (ServerState.java:setLeader(263)) - 427dba9e-3238-4f6b-b193-fefaba865310:group-07B4BF93B076 change Leader from null to 427dba9e-3238-4f6b-b193-fefaba865310 at term 1 for becomeLeader, leader elected after 5271ms
2019-08-28 19:31:06,199 [fe19b4e3-4861-4e0d-90fc-58955537b207:group-BC5460A79F37:LeaderElection92] INFO  impl.RaftServerImpl (RaftServerImpl.java:setRole(171)) - fe19b4e3-4861-4e0d-90fc-58955537b207:group-BC5460A79F37 changes role from CANDIDATE to LEADER at term 1 for changeToLeader
2019-08-28 19:31:06,198 [322d1ff0-d33a-48c4-9ad0-1ff851e73344:group-7FCFAE9F5CE6:LeaderElection90] INFO  impl.RoleInfo (RoleInfo.java:shutdownLeaderElection(134)) - 322d1ff0-d33a-48c4-9ad0-1ff851e73344: shutdown LeaderElection
2019-08-28 19:31:06,199 [fe19b4e3-4861-4e0d-90fc-58955537b207:group-BC5460A79F37:LeaderElection92] INFO  impl.RaftServerImpl (ServerState.java:setLeader(263)) - fe19b4e3-4861-4e0d-90fc-58955537b207:group-BC5460A79F37 change Leader from null to fe19b4e3-4861-4e0d-90fc-58955537b207 at term 1 for becomeLeader, leader elected after 5059ms
2019-08-28 19:31:06,199 [427dba9e-3238-4f6b-b193-fefaba865310:group-07B4BF93B076:LeaderElection91] INFO  server.RaftServerConfigKeys (ConfUtils.java:logGet(43)) - raft.server.staging.catchup.gap = 1000 (default)
2019-08-28 19:31:06,199 [c1b0cc15-b089-4c23-99e9-47ed0bade53e:group-9A8AA65119D1:LeaderElection89] INFO  impl.RaftServerImpl (RaftServerImpl.java:setRole(171)) - c1b0cc15-b089-4c23-99e9-47ed0bade53e:group-9A8AA65119D1 changes role from CANDIDATE to LEADER at term 1 for changeToLeader
2019-08-28 19:31:06,199 [427dba9e-3238-4f6b-b193-fefaba865310:group-07B4BF93B076:LeaderElection91] INFO  server.RaftServerConfigKeys (ConfUtils.java:logGet(43)) - raft.server.rpc.sleep.time = 25ms (default)
2019-08-28 19:31:06,199 [fe19b4e3-4861-4e0d-90fc-58955537b207:group-BC5460A79F37:LeaderElection92] INFO  server.RaftServerConfigKeys (ConfUtils.java:logGet(43)) - raft.server.staging.catchup.gap = 1000 (default)
2019-08-28 19:31:06,199 [322d1ff0-d33a-48c4-9ad0-1ff851e73344:group-7FCFAE9F5CE6:LeaderElection90] INFO  impl.RaftServerImpl (RaftServerImpl.java:setRole(171)) - 322d1ff0-d33a-48c4-9ad0-1ff851e73344:group-7FCFAE9F5CE6 changes role from CANDIDATE to LEADER at term 1 for changeToLeader
2019-08-28 19:31:06,200 [fe19b4e3-4861-4e0d-90fc-58955537b207:group-BC5460A79F37:LeaderElection92] INFO  server.RaftServerConfigKeys (ConfUtils.java:logGet(43)) - raft.server.rpc.sleep.time = 25ms (default)
2019-08-28 19:31:06,200 [427dba9e-3238-4f6b-b193-fefaba865310:group-07B4BF93B076:LeaderElection91] INFO  server.RaftServerConfigKeys (ConfUtils.java:logGet(43)) - raft.server.write.element-limit = 4096 (default)
2019-08-28 19:31:06,200 [c1b0cc15-b089-4c23-99e9-47ed0bade53e:group-9A8AA65119D1:LeaderElection89] INFO  impl.RaftServerImpl (ServerState.java:setLeader(263)) - c1b0cc15-b089-4c23-99e9-47ed0bade53e:group-9A8AA65119D1 change Leader from null to c1b0cc15-b089-4c23-99e9-47ed0bade53e at term 1 for becomeLeader, leader elected after 5212ms
2019-08-28 19:31:06,200 [427dba9e-3238-4f6b-b193-fefaba865310:group-07B4BF93B076:LeaderElection91] INFO  server.RaftServerConfigKeys (ConfUtils.java:logGet(43)) - raft.server.watch.timeout = 10s (default)
2019-08-28 19:31:06,200 [fe19b4e3-4861-4e0d-90fc-58955537b207:group-BC5460A79F37:LeaderElection92] INFO  server.RaftServerConfigKeys (ConfUtils.java:logGet(43)) - raft.server.write.element-limit = 4096 (default)
2019-08-28 19:31:06,200 [322d1ff0-d33a-48c4-9ad0-1ff851e73344:group-7FCFAE9F5CE6:LeaderElection90] INFO  impl.RaftServerImpl (ServerState.java:setLeader(263)) - 322d1ff0-d33a-48c4-9ad0-1ff851e73344:group-7FCFAE9F5CE6 change Leader from null to 322d1ff0-d33a-48c4-9ad0-1ff851e73344 at term 1 for becomeLeader, leader elected after 5145ms
2019-08-28 19:31:06,201 [fe19b4e3-4861-4e0d-90fc-58955537b207:group-BC5460A79F37:LeaderElection92] INFO  server.RaftServerConfigKeys (ConfUtils.java:logGet(43)) - raft.server.watch.timeout = 10s (default)
2019-08-28 19:31:06,201 [427dba9e-3238-4f6b-b193-fefaba865310:group-07B4BF93B076:LeaderElection91] INFO  server.RaftServerConfigKeys (ConfUtils.java:logGet(43)) - raft.server.watch.timeout.denomination = 1s (default)
2019-08-28 19:31:06,201 [427dba9e-3238-4f6b-b193-fefaba865310:group-07B4BF93B076:LeaderElection91] INFO  server.RaftServerConfigKeys (ConfUtils.java:logGet(43)) - raft.server.watch.element-limit = 65536 (default)
2019-08-28 19:31:06,201 [c1b0cc15-b089-4c23-99e9-47ed0bade53e:group-9A8AA65119D1:LeaderElection89] INFO  server.RaftServerConfigKeys (ConfUtils.java:logGet(43)) - raft.server.staging.catchup.gap = 1000 (default)
2019-08-28 19:31:06,202 [427dba9e-3238-4f6b-b193-fefaba865310:group-07B4BF93B076:LeaderElection91] INFO  impl.RoleInfo (RoleInfo.java:updateAndGet(143)) - 427dba9e-3238-4f6b-b193-fefaba865310: start LeaderState
2019-08-28 19:31:06,202 [c1b0cc15-b089-4c23-99e9-47ed0bade53e:group-9A8AA65119D1:LeaderElection89] INFO  server.RaftServerConfigKeys (ConfUtils.java:logGet(43)) - raft.server.rpc.sleep.time = 25ms (default)
2019-08-28 19:31:06,201 [fe19b4e3-4861-4e0d-90fc-58955537b207:group-BC5460A79F37:LeaderElection92] INFO  server.RaftServerConfigKeys (ConfUtils.java:logGet(43)) - raft.server.watch.timeout.denomination = 1s (default)
2019-08-28 19:31:06,201 [322d1ff0-d33a-48c4-9ad0-1ff851e73344:group-7FCFAE9F5CE6:LeaderElection90] INFO  server.RaftServerConfigKeys (ConfUtils.java:logGet(43)) - raft.server.staging.catchup.gap = 1000 (default)
2019-08-28 19:31:06,202 [fe19b4e3-4861-4e0d-90fc-58955537b207:group-BC5460A79F37:LeaderElection92] INFO  server.RaftServerConfigKeys (ConfUtils.java:logGet(43)) - raft.server.watch.element-limit = 65536 (default)
2019-08-28 19:31:06,202 [c1b0cc15-b089-4c23-99e9-47ed0bade53e:group-9A8AA65119D1:LeaderElection89] INFO  server.RaftServerConfigKeys (ConfUtils.java:logGet(43)) - raft.server.write.element-limit = 4096 (default)
2019-08-28 19:31:06,202 [fe19b4e3-4861-4e0d-90fc-58955537b207:group-BC5460A79F37:LeaderElection92] INFO  impl.RoleInfo (RoleInfo.java:updateAndGet(143)) - fe19b4e3-4861-4e0d-90fc-58955537b207: start LeaderState
2019-08-28 19:31:06,202 [427dba9e-3238-4f6b-b193-fefaba865310:group-07B4BF93B076:LeaderElection91] INFO  segmented.SegmentedRaftLogWorker (SegmentedRaftLogWorker.java:startLogSegment(380)) - 427dba9e-3238-4f6b-b193-fefaba865310-SegmentedRaftLogWorker:Storage Directory /workdir/hadoop-ozone/integration-test/target/test-dir/MiniOzoneClusterImpl-4c216f00-9015-443b-bac6-aeadc5876bb8/datanode-1/data/ratis/0f83ae07-e4db-44ce-8f20-07b4bf93b076: Starting segment from index:0
2019-08-28 19:31:06,203 [fe19b4e3-4861-4e0d-90fc-58955537b207:group-BC5460A79F37:LeaderElection92] INFO  segmented.SegmentedRaftLogWorker (SegmentedRaftLogWorker.java:startLogSegment(380)) - fe19b4e3-4861-4e0d-90fc-58955537b207-SegmentedRaftLogWorker:Storage Directory /workdir/hadoop-ozone/integration-test/target/test-dir/MiniOzoneClusterImpl-4c216f00-9015-443b-bac6-aeadc5876bb8/datanode-4/data/ratis/229e2907-f8f5-4cd6-ae57-bc5460a79f37: Starting segment from index:0
2019-08-28 19:31:06,203 [c1b0cc15-b089-4c23-99e9-47ed0bade53e:group-9A8AA65119D1:LeaderElection89] INFO  server.RaftServerConfigKeys (ConfUtils.java:logGet(43)) - raft.server.watch.timeout = 10s (default)
2019-08-28 19:31:06,202 [322d1ff0-d33a-48c4-9ad0-1ff851e73344:group-7FCFAE9F5CE6:LeaderElection90] INFO  server.RaftServerConfigKeys (ConfUtils.java:logGet(43)) - raft.server.rpc.sleep.time = 25ms (default)
2019-08-28 19:31:06,203 [427dba9e-3238-4f6b-b193-fefaba865310:group-07B4BF93B076:LeaderElection91] INFO  impl.RaftServerImpl (ServerState.java:setRaftConf(361)) - 427dba9e-3238-4f6b-b193-fefaba865310:group-07B4BF93B076 set configuration 0: [427dba9e-3238-4f6b-b193-fefaba865310:192.168.69.113:39704], old=null at 0
2019-08-28 19:31:06,203 [c1b0cc15-b089-4c23-99e9-47ed0bade53e:group-9A8AA65119D1:LeaderElection89] INFO  server.RaftServerConfigKeys (ConfUtils.java:logGet(43)) - raft.server.watch.timeout.denomination = 1s (default)
2019-08-28 19:31:06,203 [322d1ff0-d33a-48c4-9ad0-1ff851e73344:group-7FCFAE9F5CE6:LeaderElection90] INFO  server.RaftServerConfigKeys (ConfUtils.java:logGet(43)) - raft.server.write.element-limit = 4096 (default)
2019-08-28 19:31:06,203 [fe19b4e3-4861-4e0d-90fc-58955537b207:group-BC5460A79F37:LeaderElection92] INFO  impl.RaftServerImpl (ServerState.java:setRaftConf(361)) - fe19b4e3-4861-4e0d-90fc-58955537b207:group-BC5460A79F37 set configuration 0: [fe19b4e3-4861-4e0d-90fc-58955537b207:192.168.69.113:45775], old=null at 0
2019-08-28 19:31:06,204 [322d1ff0-d33a-48c4-9ad0-1ff851e73344:group-7FCFAE9F5CE6:LeaderElection90] INFO  server.RaftServerConfigKeys (ConfUtils.java:logGet(43)) - raft.server.watch.timeout = 10s (default)
2019-08-28 19:31:06,204 [322d1ff0-d33a-48c4-9ad0-1ff851e73344:group-7FCFAE9F5CE6:LeaderElection90] INFO  server.RaftServerConfigKeys (ConfUtils.java:logGet(43)) - raft.server.watch.timeout.denomination = 1s (default)
2019-08-28 19:31:06,204 [c1b0cc15-b089-4c23-99e9-47ed0bade53e:group-9A8AA65119D1:LeaderElection89] INFO  server.RaftServerConfigKeys (ConfUtils.java:logGet(43)) - raft.server.watch.element-limit = 65536 (default)
2019-08-28 19:31:06,204 [322d1ff0-d33a-48c4-9ad0-1ff851e73344:group-7FCFAE9F5CE6:LeaderElection90] INFO  server.RaftServerConfigKeys (ConfUtils.java:logGet(43)) - raft.server.watch.element-limit = 65536 (default)
2019-08-28 19:31:06,205 [c1b0cc15-b089-4c23-99e9-47ed0bade53e:group-9A8AA65119D1:LeaderElection89] INFO  impl.RoleInfo (RoleInfo.java:updateAndGet(143)) - c1b0cc15-b089-4c23-99e9-47ed0bade53e: start LeaderState
2019-08-28 19:31:06,205 [322d1ff0-d33a-48c4-9ad0-1ff851e73344:group-7FCFAE9F5CE6:LeaderElection90] INFO  impl.RoleInfo (RoleInfo.java:updateAndGet(143)) - 322d1ff0-d33a-48c4-9ad0-1ff851e73344: start LeaderState
2019-08-28 19:31:06,205 [c1b0cc15-b089-4c23-99e9-47ed0bade53e:group-9A8AA65119D1:LeaderElection89] INFO  segmented.SegmentedRaftLogWorker (SegmentedRaftLogWorker.java:startLogSegment(380)) - c1b0cc15-b089-4c23-99e9-47ed0bade53e-SegmentedRaftLogWorker:Storage Directory /workdir/hadoop-ozone/integration-test/target/test-dir/MiniOzoneClusterImpl-4c216f00-9015-443b-bac6-aeadc5876bb8/datanode-2/data/ratis/16ec1551-05c9-423a-949f-9a8aa65119d1: Starting segment from index:0
2019-08-28 19:31:06,205 [322d1ff0-d33a-48c4-9ad0-1ff851e73344:group-7FCFAE9F5CE6:LeaderElection90] INFO  segmented.SegmentedRaftLogWorker (SegmentedRaftLogWorker.java:startLogSegment(380)) - 322d1ff0-d33a-48c4-9ad0-1ff851e73344-SegmentedRaftLogWorker:Storage Directory /workdir/hadoop-ozone/integration-test/target/test-dir/MiniOzoneClusterImpl-4c216f00-9015-443b-bac6-aeadc5876bb8/datanode-3/data/ratis/319a8ac0-b9cb-47ba-b2e0-7fcfae9f5ce6: Starting segment from index:0
2019-08-28 19:31:06,205 [c1b0cc15-b089-4c23-99e9-47ed0bade53e:group-9A8AA65119D1:LeaderElection89] INFO  impl.RaftServerImpl (ServerState.java:setRaftConf(361)) - c1b0cc15-b089-4c23-99e9-47ed0bade53e:group-9A8AA65119D1 set configuration 0: [c1b0cc15-b089-4c23-99e9-47ed0bade53e:192.168.69.113:39807], old=null at 0
2019-08-28 19:31:06,206 [322d1ff0-d33a-48c4-9ad0-1ff851e73344:group-7FCFAE9F5CE6:LeaderElection90] INFO  impl.RaftServerImpl (ServerState.java:setRaftConf(361)) - 322d1ff0-d33a-48c4-9ad0-1ff851e73344:group-7FCFAE9F5CE6 set configuration 0: [322d1ff0-d33a-48c4-9ad0-1ff851e73344:192.168.69.113:44705], old=null at 0
2019-08-28 19:31:06,235 [Thread-3886] INFO  impl.FollowerState (FollowerState.java:run(106)) - 893d9933-a2b1-4f23-acb1-093dec15f61d:group-CE2CFCFD105D changes to CANDIDATE, lastRpcTime:5008, electionTimeout:5008ms
2019-08-28 19:31:06,235 [Thread-3886] INFO  impl.RoleInfo (RoleInfo.java:shutdownFollowerState(121)) - 893d9933-a2b1-4f23-acb1-093dec15f61d: shutdown FollowerState
2019-08-28 19:31:06,235 [Thread-3886] INFO  impl.RaftServerImpl (RaftServerImpl.java:setRole(171)) - 893d9933-a2b1-4f23-acb1-093dec15f61d:group-CE2CFCFD105D changes role from FOLLOWER to CANDIDATE at term 0 for changeToCandidate
2019-08-28 19:31:06,236 [Thread-3886] INFO  impl.RoleInfo (RoleInfo.java:updateAndGet(143)) - 893d9933-a2b1-4f23-acb1-093dec15f61d: start LeaderElection
2019-08-28 19:31:06,249 | INFO  | SCMAudit | user=jenkins1000 | ip=192.168.69.113 | op=SEND_HEARTBEAT {datanodeUUID=63b1ce8f-7208-4998-b631-5145f20d59fa, command=[]} | ret=SUCCESS |  
2019-08-28 19:31:06,298 [Thread-3888] INFO  impl.FollowerState (FollowerState.java:run(106)) - 322d1ff0-d33a-48c4-9ad0-1ff851e73344:group-CE2CFCFD105D changes to CANDIDATE, lastRpcTime:5070, electionTimeout:5070ms
2019-08-28 19:31:06,298 [Thread-3888] INFO  impl.RoleInfo (RoleInfo.java:shutdownFollowerState(121)) - 322d1ff0-d33a-48c4-9ad0-1ff851e73344: shutdown FollowerState
2019-08-28 19:31:06,298 [Thread-3888] INFO  impl.RaftServerImpl (RaftServerImpl.java:setRole(171)) - 322d1ff0-d33a-48c4-9ad0-1ff851e73344:group-CE2CFCFD105D changes role from FOLLOWER to CANDIDATE at term 0 for changeToCandidate
2019-08-28 19:31:06,298 [Thread-3888] INFO  impl.RoleInfo (RoleInfo.java:updateAndGet(143)) - 322d1ff0-d33a-48c4-9ad0-1ff851e73344: start LeaderElection
2019-08-28 19:31:06,304 [c1b0cc15-b089-4c23-99e9-47ed0bade53e-SegmentedRaftLogWorker:Storage Directory /workdir/hadoop-ozone/integration-test/target/test-dir/MiniOzoneClusterImpl-4c216f00-9015-443b-bac6-aeadc5876bb8/datanode-2/data/ratis/16ec1551-05c9-423a-949f-9a8aa65119d1] INFO  segmented.SegmentedRaftLogWorker (SegmentedRaftLogWorker.java:execute(569)) - c1b0cc15-b089-4c23-99e9-47ed0bade53e-SegmentedRaftLogWorker:Storage Directory /workdir/hadoop-ozone/integration-test/target/test-dir/MiniOzoneClusterImpl-4c216f00-9015-443b-bac6-aeadc5876bb8/datanode-2/data/ratis/16ec1551-05c9-423a-949f-9a8aa65119d1: created new log segment /workdir/hadoop-ozone/integration-test/target/test-dir/MiniOzoneClusterImpl-4c216f00-9015-443b-bac6-aeadc5876bb8/datanode-2/data/ratis/16ec1551-05c9-423a-949f-9a8aa65119d1/current/log_inprogress_0
2019-08-28 19:31:06,304 [893d9933-a2b1-4f23-acb1-093dec15f61d:group-CE2CFCFD105D:LeaderElection93] INFO  impl.LeaderElection (LeaderElection.java:askForVotes(181)) - 893d9933-a2b1-4f23-acb1-093dec15f61d:group-CE2CFCFD105D:LeaderElection93: begin an election at term 1 for -1: [c1b0cc15-b089-4c23-99e9-47ed0bade53e:192.168.69.113:39807, 322d1ff0-d33a-48c4-9ad0-1ff851e73344:192.168.69.113:44705, 893d9933-a2b1-4f23-acb1-093dec15f61d:192.168.69.113:42152], old=null
2019-08-28 19:31:06,304 [322d1ff0-d33a-48c4-9ad0-1ff851e73344-SegmentedRaftLogWorker:Storage Directory /workdir/hadoop-ozone/integration-test/target/test-dir/MiniOzoneClusterImpl-4c216f00-9015-443b-bac6-aeadc5876bb8/datanode-3/data/ratis/319a8ac0-b9cb-47ba-b2e0-7fcfae9f5ce6] INFO  segmented.SegmentedRaftLogWorker (SegmentedRaftLogWorker.java:execute(569)) - 322d1ff0-d33a-48c4-9ad0-1ff851e73344-SegmentedRaftLogWorker:Storage Directory /workdir/hadoop-ozone/integration-test/target/test-dir/MiniOzoneClusterImpl-4c216f00-9015-443b-bac6-aeadc5876bb8/datanode-3/data/ratis/319a8ac0-b9cb-47ba-b2e0-7fcfae9f5ce6: created new log segment /workdir/hadoop-ozone/integration-test/target/test-dir/MiniOzoneClusterImpl-4c216f00-9015-443b-bac6-aeadc5876bb8/datanode-3/data/ratis/319a8ac0-b9cb-47ba-b2e0-7fcfae9f5ce6/current/log_inprogress_0
2019-08-28 19:31:06,304 [427dba9e-3238-4f6b-b193-fefaba865310-SegmentedRaftLogWorker:Storage Directory /workdir/hadoop-ozone/integration-test/target/test-dir/MiniOzoneClusterImpl-4c216f00-9015-443b-bac6-aeadc5876bb8/datanode-1/data/ratis/0f83ae07-e4db-44ce-8f20-07b4bf93b076] INFO  segmented.SegmentedRaftLogWorker (SegmentedRaftLogWorker.java:execute(569)) - 427dba9e-3238-4f6b-b193-fefaba865310-SegmentedRaftLogWorker:Storage Directory /workdir/hadoop-ozone/integration-test/target/test-dir/MiniOzoneClusterImpl-4c216f00-9015-443b-bac6-aeadc5876bb8/datanode-1/data/ratis/0f83ae07-e4db-44ce-8f20-07b4bf93b076: created new log segment /workdir/hadoop-ozone/integration-test/target/test-dir/MiniOzoneClusterImpl-4c216f00-9015-443b-bac6-aeadc5876bb8/datanode-1/data/ratis/0f83ae07-e4db-44ce-8f20-07b4bf93b076/current/log_inprogress_0
2019-08-28 19:31:06,304 [fe19b4e3-4861-4e0d-90fc-58955537b207-SegmentedRaftLogWorker:Storage Directory /workdir/hadoop-ozone/integration-test/target/test-dir/MiniOzoneClusterImpl-4c216f00-9015-443b-bac6-aeadc5876bb8/datanode-4/data/ratis/229e2907-f8f5-4cd6-ae57-bc5460a79f37] INFO  segmented.SegmentedRaftLogWorker (SegmentedRaftLogWorker.java:execute(569)) - fe19b4e3-4861-4e0d-90fc-58955537b207-SegmentedRaftLogWorker:Storage Directory /workdir/hadoop-ozone/integration-test/target/test-dir/MiniOzoneClusterImpl-4c216f00-9015-443b-bac6-aeadc5876bb8/datanode-4/data/ratis/229e2907-f8f5-4cd6-ae57-bc5460a79f37: created new log segment /workdir/hadoop-ozone/integration-test/target/test-dir/MiniOzoneClusterImpl-4c216f00-9015-443b-bac6-aeadc5876bb8/datanode-4/data/ratis/229e2907-f8f5-4cd6-ae57-bc5460a79f37/current/log_inprogress_0
2019-08-28 19:31:06,308 [grpc-default-executor-17] INFO  impl.RaftServerImpl (RaftServerImpl.java:setRole(171)) - c1b0cc15-b089-4c23-99e9-47ed0bade53e:group-CE2CFCFD105D changes role from FOLLOWER to FOLLOWER at term 1 for recognizeCandidate:893d9933-a2b1-4f23-acb1-093dec15f61d
2019-08-28 19:31:06,308 [grpc-default-executor-17] INFO  impl.RoleInfo (RoleInfo.java:shutdownFollowerState(121)) - c1b0cc15-b089-4c23-99e9-47ed0bade53e: shutdown FollowerState
2019-08-28 19:31:06,309 [grpc-default-executor-17] INFO  impl.RoleInfo (RoleInfo.java:updateAndGet(143)) - c1b0cc15-b089-4c23-99e9-47ed0bade53e: start FollowerState
2019-08-28 19:31:06,309 [Thread-3883] INFO  impl.FollowerState (FollowerState.java:run(114)) - c1b0cc15-b089-4c23-99e9-47ed0bade53e: FollowerState was interrupted: java.lang.InterruptedException: sleep interrupted
2019-08-28 19:31:06,329 [322d1ff0-d33a-48c4-9ad0-1ff851e73344:group-CE2CFCFD105D:LeaderElection94] INFO  impl.LeaderElection (LeaderElection.java:askForVotes(181)) - 322d1ff0-d33a-48c4-9ad0-1ff851e73344:group-CE2CFCFD105D:LeaderElection94: begin an election at term 1 for -1: [c1b0cc15-b089-4c23-99e9-47ed0bade53e:192.168.69.113:39807, 322d1ff0-d33a-48c4-9ad0-1ff851e73344:192.168.69.113:44705, 893d9933-a2b1-4f23-acb1-093dec15f61d:192.168.69.113:42152], old=null
2019-08-28 19:31:06,330 [893d9933-a2b1-4f23-acb1-093dec15f61d:group-CE2CFCFD105D:LeaderElection93] INFO  impl.LeaderElection (LeaderElection.java:logAndReturn(56)) - 893d9933-a2b1-4f23-acb1-093dec15f61d:group-CE2CFCFD105D:LeaderElection93: Election PASSED; received 2 response(s) [893d9933-a2b1-4f23-acb1-093dec15f61d<-c1b0cc15-b089-4c23-99e9-47ed0bade53e#0:OK-t1, 893d9933-a2b1-4f23-acb1-093dec15f61d<-322d1ff0-d33a-48c4-9ad0-1ff851e73344#0:FAIL-t1] and 0 exception(s); 893d9933-a2b1-4f23-acb1-093dec15f61d:t1, leader=null, voted=893d9933-a2b1-4f23-acb1-093dec15f61d, raftlog=893d9933-a2b1-4f23-acb1-093dec15f61d-SegmentedRaftLog:OPENED:c-1,f-1,i0, conf=-1: [c1b0cc15-b089-4c23-99e9-47ed0bade53e:192.168.69.113:39807, 322d1ff0-d33a-48c4-9ad0-1ff851e73344:192.168.69.113:44705, 893d9933-a2b1-4f23-acb1-093dec15f61d:192.168.69.113:42152], old=null
2019-08-28 19:31:06,330 [893d9933-a2b1-4f23-acb1-093dec15f61d:group-CE2CFCFD105D:LeaderElection93] INFO  impl.RoleInfo (RoleInfo.java:shutdownLeaderElection(134)) - 893d9933-a2b1-4f23-acb1-093dec15f61d: shutdown LeaderElection
2019-08-28 19:31:06,330 [893d9933-a2b1-4f23-acb1-093dec15f61d:group-CE2CFCFD105D:LeaderElection93] INFO  impl.RaftServerImpl (RaftServerImpl.java:setRole(171)) - 893d9933-a2b1-4f23-acb1-093dec15f61d:group-CE2CFCFD105D changes role from CANDIDATE to LEADER at term 1 for changeToLeader
2019-08-28 19:31:06,330 [893d9933-a2b1-4f23-acb1-093dec15f61d:group-CE2CFCFD105D:LeaderElection93] INFO  impl.RaftServerImpl (ServerState.java:setLeader(263)) - 893d9933-a2b1-4f23-acb1-093dec15f61d:group-CE2CFCFD105D change Leader from null to 893d9933-a2b1-4f23-acb1-093dec15f61d at term 1 for becomeLeader, leader elected after 5113ms
2019-08-28 19:31:06,330 [893d9933-a2b1-4f23-acb1-093dec15f61d:group-CE2CFCFD105D:LeaderElection93] INFO  server.RaftServerConfigKeys (ConfUtils.java:logGet(43)) - raft.server.staging.catchup.gap = 1000 (default)
2019-08-28 19:31:06,330 [893d9933-a2b1-4f23-acb1-093dec15f61d:group-CE2CFCFD105D:LeaderElection93] INFO  server.RaftServerConfigKeys (ConfUtils.java:logGet(43)) - raft.server.rpc.sleep.time = 25ms (default)
2019-08-28 19:31:06,330 [893d9933-a2b1-4f23-acb1-093dec15f61d:group-CE2CFCFD105D:LeaderElection93] INFO  server.RaftServerConfigKeys (ConfUtils.java:logGet(43)) - raft.server.write.element-limit = 4096 (default)
2019-08-28 19:31:06,331 [893d9933-a2b1-4f23-acb1-093dec15f61d:group-CE2CFCFD105D:LeaderElection93] INFO  server.RaftServerConfigKeys (ConfUtils.java:logGet(43)) - raft.server.watch.timeout = 10s (default)
2019-08-28 19:31:06,331 [893d9933-a2b1-4f23-acb1-093dec15f61d:group-CE2CFCFD105D:LeaderElection93] INFO  server.RaftServerConfigKeys (ConfUtils.java:logGet(43)) - raft.server.watch.timeout.denomination = 1s (default)
2019-08-28 19:31:06,331 [893d9933-a2b1-4f23-acb1-093dec15f61d:group-CE2CFCFD105D:LeaderElection93] INFO  server.RaftServerConfigKeys (ConfUtils.java:logGet(43)) - raft.server.watch.element-limit = 65536 (default)
2019-08-28 19:31:06,331 [893d9933-a2b1-4f23-acb1-093dec15f61d:group-CE2CFCFD105D:LeaderElection93] INFO  server.RaftServerConfigKeys (ConfUtils.java:logGet(43)) - raft.server.log.appender.snapshot.chunk.size.max = 16MB (=16777216) (default)
2019-08-28 19:31:06,331 [893d9933-a2b1-4f23-acb1-093dec15f61d:group-CE2CFCFD105D:LeaderElection93] INFO  server.RaftServerConfigKeys (ConfUtils.java:logGet(43)) - raft.server.log.appender.buffer.byte-limit = 33554432 (custom)
2019-08-28 19:31:06,331 [893d9933-a2b1-4f23-acb1-093dec15f61d:group-CE2CFCFD105D:LeaderElection93] INFO  server.RaftServerConfigKeys (ConfUtils.java:logGet(43)) - raft.server.log.appender.buffer.element-limit = 1 (custom)
2019-08-28 19:31:06,332 [893d9933-a2b1-4f23-acb1-093dec15f61d:group-CE2CFCFD105D:LeaderElection93] INFO  grpc.GrpcConfigKeys$Server (ConfUtils.java:logGet(43)) - raft.grpc.server.leader.outstanding.appends.max = 128 (default)
2019-08-28 19:31:06,332 [893d9933-a2b1-4f23-acb1-093dec15f61d:group-CE2CFCFD105D:LeaderElection93] INFO  server.RaftServerConfigKeys (ConfUtils.java:logGet(43)) - raft.server.rpc.request.timeout = 3000ms (default)
2019-08-28 19:31:06,332 [893d9933-a2b1-4f23-acb1-093dec15f61d:group-CE2CFCFD105D:LeaderElection93] INFO  server.RaftServerConfigKeys (ConfUtils.java:logGet(43)) - raft.server.log.appender.install.snapshot.enabled = false (custom)
2019-08-28 19:31:06,332 [893d9933-a2b1-4f23-acb1-093dec15f61d:group-CE2CFCFD105D:LeaderElection93] INFO  server.RaftServerConfigKeys (ConfUtils.java:logGet(43)) - raft.server.log.appender.snapshot.chunk.size.max = 16MB (=16777216) (default)
2019-08-28 19:31:06,335 [893d9933-a2b1-4f23-acb1-093dec15f61d:group-CE2CFCFD105D:LeaderElection93] INFO  server.RaftServerConfigKeys (ConfUtils.java:logGet(43)) - raft.server.log.appender.buffer.byte-limit = 33554432 (custom)
2019-08-28 19:31:06,335 [893d9933-a2b1-4f23-acb1-093dec15f61d:group-CE2CFCFD105D:LeaderElection93] INFO  server.RaftServerConfigKeys (ConfUtils.java:logGet(43)) - raft.server.log.appender.buffer.element-limit = 1 (custom)
2019-08-28 19:31:06,335 [893d9933-a2b1-4f23-acb1-093dec15f61d:group-CE2CFCFD105D:LeaderElection93] INFO  grpc.GrpcConfigKeys$Server (ConfUtils.java:logGet(43)) - raft.grpc.server.leader.outstanding.appends.max = 128 (default)
2019-08-28 19:31:06,336 [893d9933-a2b1-4f23-acb1-093dec15f61d:group-CE2CFCFD105D:LeaderElection93] INFO  server.RaftServerConfigKeys (ConfUtils.java:logGet(43)) - raft.server.rpc.request.timeout = 3000ms (default)
2019-08-28 19:31:06,336 [893d9933-a2b1-4f23-acb1-093dec15f61d:group-CE2CFCFD105D:LeaderElection93] INFO  server.RaftServerConfigKeys (ConfUtils.java:logGet(43)) - raft.server.log.appender.install.snapshot.enabled = false (custom)
2019-08-28 19:31:06,336 [Thread-3898] INFO  impl.FollowerState (FollowerState.java:run(106)) - fe19b4e3-4861-4e0d-90fc-58955537b207:group-80A2C0CCB592 changes to CANDIDATE, lastRpcTime:5031, electionTimeout:5031ms
2019-08-28 19:31:06,336 [893d9933-a2b1-4f23-acb1-093dec15f61d:group-CE2CFCFD105D:LeaderElection93] INFO  impl.RoleInfo (RoleInfo.java:updateAndGet(143)) - 893d9933-a2b1-4f23-acb1-093dec15f61d: start LeaderState
2019-08-28 19:31:06,336 [Thread-3898] INFO  impl.RoleInfo (RoleInfo.java:shutdownFollowerState(121)) - fe19b4e3-4861-4e0d-90fc-58955537b207: shutdown FollowerState
2019-08-28 19:31:06,336 [893d9933-a2b1-4f23-acb1-093dec15f61d:group-CE2CFCFD105D:LeaderElection93] INFO  segmented.SegmentedRaftLogWorker (SegmentedRaftLogWorker.java:startLogSegment(380)) - 893d9933-a2b1-4f23-acb1-093dec15f61d-SegmentedRaftLogWorker:Storage Directory /workdir/hadoop-ozone/integration-test/target/test-dir/MiniOzoneClusterImpl-4c216f00-9015-443b-bac6-aeadc5876bb8/datanode-0/data/ratis/61d300c1-f68c-43ef-b41e-ce2cfcfd105d: Starting segment from index:0
2019-08-28 19:31:06,336 [Thread-3898] INFO  impl.RaftServerImpl (RaftServerImpl.java:setRole(171)) - fe19b4e3-4861-4e0d-90fc-58955537b207:group-80A2C0CCB592 changes role from FOLLOWER to CANDIDATE at term 0 for changeToCandidate
2019-08-28 19:31:06,337 [Thread-3898] INFO  impl.RoleInfo (RoleInfo.java:updateAndGet(143)) - fe19b4e3-4861-4e0d-90fc-58955537b207: start LeaderElection
2019-08-28 19:31:06,337 [893d9933-a2b1-4f23-acb1-093dec15f61d:group-CE2CFCFD105D:LeaderElection93] INFO  impl.RaftServerImpl (ServerState.java:setRaftConf(361)) - 893d9933-a2b1-4f23-acb1-093dec15f61d:group-CE2CFCFD105D set configuration 0: [c1b0cc15-b089-4c23-99e9-47ed0bade53e:192.168.69.113:39807, 322d1ff0-d33a-48c4-9ad0-1ff851e73344:192.168.69.113:44705, 893d9933-a2b1-4f23-acb1-093dec15f61d:192.168.69.113:42152], old=null at 0
2019-08-28 19:31:06,337 [grpc-default-executor-17] INFO  impl.RaftServerImpl (RaftServerImpl.java:requestVote(754)) - 893d9933-a2b1-4f23-acb1-093dec15f61d-LEADER: Withhold vote from candidate 322d1ff0-d33a-48c4-9ad0-1ff851e73344 with term 1. State: leader=893d9933-a2b1-4f23-acb1-093dec15f61d, term=1, lastRpcElapsed=null
2019-08-28 19:31:06,369 [322d1ff0-d33a-48c4-9ad0-1ff851e73344:group-CE2CFCFD105D:LeaderElection94] INFO  impl.LeaderElection (LeaderElection.java:logAndReturn(56)) - 322d1ff0-d33a-48c4-9ad0-1ff851e73344:group-CE2CFCFD105D:LeaderElection94: Election REJECTED; received 2 response(s) [322d1ff0-d33a-48c4-9ad0-1ff851e73344<-c1b0cc15-b089-4c23-99e9-47ed0bade53e#0:FAIL-t1, 322d1ff0-d33a-48c4-9ad0-1ff851e73344<-893d9933-a2b1-4f23-acb1-093dec15f61d#0:FAIL-t1] and 0 exception(s); 322d1ff0-d33a-48c4-9ad0-1ff851e73344:t1, leader=null, voted=322d1ff0-d33a-48c4-9ad0-1ff851e73344, raftlog=322d1ff0-d33a-48c4-9ad0-1ff851e73344-SegmentedRaftLog:OPENED:c-1,f-1,i0, conf=-1: [c1b0cc15-b089-4c23-99e9-47ed0bade53e:192.168.69.113:39807, 322d1ff0-d33a-48c4-9ad0-1ff851e73344:192.168.69.113:44705, 893d9933-a2b1-4f23-acb1-093dec15f61d:192.168.69.113:42152], old=null
2019-08-28 19:31:06,369 [grpc-default-executor-5] INFO  impl.RaftServerImpl (ServerState.java:setLeader(263)) - c1b0cc15-b089-4c23-99e9-47ed0bade53e:group-CE2CFCFD105D change Leader from null to 893d9933-a2b1-4f23-acb1-093dec15f61d at term 1 for appendEntries, leader elected after 5153ms
2019-08-28 19:31:06,369 [grpc-default-executor-17] INFO  impl.RaftServerImpl (RaftServerImpl.java:setRole(171)) - 322d1ff0-d33a-48c4-9ad0-1ff851e73344:group-CE2CFCFD105D changes role from CANDIDATE to FOLLOWER at term 1 for appendEntries
2019-08-28 19:31:06,370 [grpc-default-executor-17] INFO  impl.RoleInfo (RoleInfo.java:shutdownLeaderElection(134)) - 322d1ff0-d33a-48c4-9ad0-1ff851e73344: shutdown LeaderElection
2019-08-28 19:31:06,370 [grpc-default-executor-17] INFO  impl.RoleInfo (RoleInfo.java:updateAndGet(143)) - 322d1ff0-d33a-48c4-9ad0-1ff851e73344: start FollowerState
2019-08-28 19:31:06,370 [grpc-default-executor-17] INFO  impl.RaftServerImpl (ServerState.java:setLeader(263)) - 322d1ff0-d33a-48c4-9ad0-1ff851e73344:group-CE2CFCFD105D change Leader from null to 893d9933-a2b1-4f23-acb1-093dec15f61d at term 1 for appendEntries, leader elected after 5154ms
2019-08-28 19:31:06,371 [grpc-default-executor-17] INFO  impl.RaftServerImpl (ServerState.java:setRaftConf(361)) - c1b0cc15-b089-4c23-99e9-47ed0bade53e:group-CE2CFCFD105D set configuration 0: [c1b0cc15-b089-4c23-99e9-47ed0bade53e:192.168.69.113:39807, 322d1ff0-d33a-48c4-9ad0-1ff851e73344:192.168.69.113:44705, 893d9933-a2b1-4f23-acb1-093dec15f61d:192.168.69.113:42152], old=null at 0
2019-08-28 19:31:06,371 [grpc-default-executor-17] INFO  segmented.SegmentedRaftLogWorker (SegmentedRaftLogWorker.java:startLogSegment(380)) - c1b0cc15-b089-4c23-99e9-47ed0bade53e-SegmentedRaftLogWorker:Storage Directory /workdir/hadoop-ozone/integration-test/target/test-dir/MiniOzoneClusterImpl-4c216f00-9015-443b-bac6-aeadc5876bb8/datanode-2/data/ratis/61d300c1-f68c-43ef-b41e-ce2cfcfd105d: Starting segment from index:0
2019-08-28 19:31:06,372 [grpc-default-executor-5] INFO  impl.RaftServerImpl (ServerState.java:setRaftConf(361)) - 322d1ff0-d33a-48c4-9ad0-1ff851e73344:group-CE2CFCFD105D set configuration 0: [c1b0cc15-b089-4c23-99e9-47ed0bade53e:192.168.69.113:39807, 322d1ff0-d33a-48c4-9ad0-1ff851e73344:192.168.69.113:44705, 893d9933-a2b1-4f23-acb1-093dec15f61d:192.168.69.113:42152], old=null at 0
2019-08-28 19:31:06,372 [grpc-default-executor-5] INFO  segmented.SegmentedRaftLogWorker (SegmentedRaftLogWorker.java:startLogSegment(380)) - 322d1ff0-d33a-48c4-9ad0-1ff851e73344-SegmentedRaftLogWorker:Storage Directory /workdir/hadoop-ozone/integration-test/target/test-dir/MiniOzoneClusterImpl-4c216f00-9015-443b-bac6-aeadc5876bb8/datanode-3/data/ratis/61d300c1-f68c-43ef-b41e-ce2cfcfd105d: Starting segment from index:0
2019-08-28 19:31:06,394 [Thread-3896] INFO  impl.FollowerState (FollowerState.java:run(106)) - c5bcbe8d-02dd-463d-aab3-dfd296a706f4:group-80A2C0CCB592 changes to CANDIDATE, lastRpcTime:5090, electionTimeout:5090ms
2019-08-28 19:31:06,394 [Thread-3896] INFO  impl.RoleInfo (RoleInfo.java:shutdownFollowerState(121)) - c5bcbe8d-02dd-463d-aab3-dfd296a706f4: shutdown FollowerState
2019-08-28 19:31:06,394 [Thread-3896] INFO  impl.RaftServerImpl (RaftServerImpl.java:setRole(171)) - c5bcbe8d-02dd-463d-aab3-dfd296a706f4:group-80A2C0CCB592 changes role from FOLLOWER to CANDIDATE at term 0 for changeToCandidate
2019-08-28 19:31:06,394 [Thread-3896] INFO  impl.RoleInfo (RoleInfo.java:updateAndGet(143)) - c5bcbe8d-02dd-463d-aab3-dfd296a706f4: start LeaderElection
2019-08-28 19:31:06,404 [Thread-3903] INFO  impl.FollowerState (FollowerState.java:run(106)) - c5bcbe8d-02dd-463d-aab3-dfd296a706f4:group-40C9E5213392 changes to CANDIDATE, lastRpcTime:5019, electionTimeout:5011ms
2019-08-28 19:31:06,404 [Thread-3903] INFO  impl.RoleInfo (RoleInfo.java:shutdownFollowerState(121)) - c5bcbe8d-02dd-463d-aab3-dfd296a706f4: shutdown FollowerState
2019-08-28 19:31:06,404 [Thread-3903] INFO  impl.RaftServerImpl (RaftServerImpl.java:setRole(171)) - c5bcbe8d-02dd-463d-aab3-dfd296a706f4:group-40C9E5213392 changes role from FOLLOWER to CANDIDATE at term 0 for changeToCandidate
2019-08-28 19:31:06,404 [Thread-3903] INFO  impl.RoleInfo (RoleInfo.java:updateAndGet(143)) - c5bcbe8d-02dd-463d-aab3-dfd296a706f4: start LeaderElection
2019-08-28 19:31:06,441 [Thread-3897] INFO  impl.FollowerState (FollowerState.java:run(106)) - 427dba9e-3238-4f6b-b193-fefaba865310:group-80A2C0CCB592 changes to CANDIDATE, lastRpcTime:5137, electionTimeout:5137ms
2019-08-28 19:31:06,441 [Thread-3897] INFO  impl.RoleInfo (RoleInfo.java:shutdownFollowerState(121)) - 427dba9e-3238-4f6b-b193-fefaba865310: shutdown FollowerState
2019-08-28 19:31:06,441 [Thread-3897] INFO  impl.RaftServerImpl (RaftServerImpl.java:setRole(171)) - 427dba9e-3238-4f6b-b193-fefaba865310:group-80A2C0CCB592 changes role from FOLLOWER to CANDIDATE at term 0 for changeToCandidate
2019-08-28 19:31:06,442 [Thread-3897] INFO  impl.RoleInfo (RoleInfo.java:updateAndGet(143)) - 427dba9e-3238-4f6b-b193-fefaba865310: start LeaderElection
2019-08-28 19:31:06,445 [322d1ff0-d33a-48c4-9ad0-1ff851e73344-SegmentedRaftLogWorker:Storage Directory /workdir/hadoop-ozone/integration-test/target/test-dir/MiniOzoneClusterImpl-4c216f00-9015-443b-bac6-aeadc5876bb8/datanode-3/data/ratis/61d300c1-f68c-43ef-b41e-ce2cfcfd105d] INFO  segmented.SegmentedRaftLogWorker (SegmentedRaftLogWorker.java:execute(569)) - 322d1ff0-d33a-48c4-9ad0-1ff851e73344-SegmentedRaftLogWorker:Storage Directory /workdir/hadoop-ozone/integration-test/target/test-dir/MiniOzoneClusterImpl-4c216f00-9015-443b-bac6-aeadc5876bb8/datanode-3/data/ratis/61d300c1-f68c-43ef-b41e-ce2cfcfd105d: created new log segment /workdir/hadoop-ozone/integration-test/target/test-dir/MiniOzoneClusterImpl-4c216f00-9015-443b-bac6-aeadc5876bb8/datanode-3/data/ratis/61d300c1-f68c-43ef-b41e-ce2cfcfd105d/current/log_inprogress_0
2019-08-28 19:31:06,445 [fe19b4e3-4861-4e0d-90fc-58955537b207:group-80A2C0CCB592:LeaderElection95] INFO  impl.LeaderElection (LeaderElection.java:askForVotes(181)) - fe19b4e3-4861-4e0d-90fc-58955537b207:group-80A2C0CCB592:LeaderElection95: begin an election at term 1 for -1: [c5bcbe8d-02dd-463d-aab3-dfd296a706f4:192.168.69.113:41348, 427dba9e-3238-4f6b-b193-fefaba865310:192.168.69.113:39704, fe19b4e3-4861-4e0d-90fc-58955537b207:192.168.69.113:45775], old=null
2019-08-28 19:31:06,445 [c5bcbe8d-02dd-463d-aab3-dfd296a706f4:group-40C9E5213392:LeaderElection97] INFO  impl.LeaderElection (LeaderElection.java:askForVotes(181)) - c5bcbe8d-02dd-463d-aab3-dfd296a706f4:group-40C9E5213392:LeaderElection97: begin an election at term 1 for -1: [c5bcbe8d-02dd-463d-aab3-dfd296a706f4:192.168.69.113:41348], old=null
2019-08-28 19:31:06,445 [c5bcbe8d-02dd-463d-aab3-dfd296a706f4:group-80A2C0CCB592:LeaderElection96] INFO  impl.LeaderElection (LeaderElection.java:askForVotes(181)) - c5bcbe8d-02dd-463d-aab3-dfd296a706f4:group-80A2C0CCB592:LeaderElection96: begin an election at term 1 for -1: [c5bcbe8d-02dd-463d-aab3-dfd296a706f4:192.168.69.113:41348, 427dba9e-3238-4f6b-b193-fefaba865310:192.168.69.113:39704, fe19b4e3-4861-4e0d-90fc-58955537b207:192.168.69.113:45775], old=null
2019-08-28 19:31:06,445 [c1b0cc15-b089-4c23-99e9-47ed0bade53e-SegmentedRaftLogWorker:Storage Directory /workdir/hadoop-ozone/integration-test/target/test-dir/MiniOzoneClusterImpl-4c216f00-9015-443b-bac6-aeadc5876bb8/datanode-2/data/ratis/61d300c1-f68c-43ef-b41e-ce2cfcfd105d] INFO  segmented.SegmentedRaftLogWorker (SegmentedRaftLogWorker.java:execute(569)) - c1b0cc15-b089-4c23-99e9-47ed0bade53e-SegmentedRaftLogWorker:Storage Directory /workdir/hadoop-ozone/integration-test/target/test-dir/MiniOzoneClusterImpl-4c216f00-9015-443b-bac6-aeadc5876bb8/datanode-2/data/ratis/61d300c1-f68c-43ef-b41e-ce2cfcfd105d: created new log segment /workdir/hadoop-ozone/integration-test/target/test-dir/MiniOzoneClusterImpl-4c216f00-9015-443b-bac6-aeadc5876bb8/datanode-2/data/ratis/61d300c1-f68c-43ef-b41e-ce2cfcfd105d/current/log_inprogress_0
2019-08-28 19:31:06,445 [893d9933-a2b1-4f23-acb1-093dec15f61d-SegmentedRaftLogWorker:Storage Directory /workdir/hadoop-ozone/integration-test/target/test-dir/MiniOzoneClusterImpl-4c216f00-9015-443b-bac6-aeadc5876bb8/datanode-0/data/ratis/61d300c1-f68c-43ef-b41e-ce2cfcfd105d] INFO  segmented.SegmentedRaftLogWorker (SegmentedRaftLogWorker.java:execute(569)) - 893d9933-a2b1-4f23-acb1-093dec15f61d-SegmentedRaftLogWorker:Storage Directory /workdir/hadoop-ozone/integration-test/target/test-dir/MiniOzoneClusterImpl-4c216f00-9015-443b-bac6-aeadc5876bb8/datanode-0/data/ratis/61d300c1-f68c-43ef-b41e-ce2cfcfd105d: created new log segment /workdir/hadoop-ozone/integration-test/target/test-dir/MiniOzoneClusterImpl-4c216f00-9015-443b-bac6-aeadc5876bb8/datanode-0/data/ratis/61d300c1-f68c-43ef-b41e-ce2cfcfd105d/current/log_inprogress_0
2019-08-28 19:31:06,445 [c5bcbe8d-02dd-463d-aab3-dfd296a706f4:group-40C9E5213392:LeaderElection97] INFO  impl.RoleInfo (RoleInfo.java:shutdownLeaderElection(134)) - c5bcbe8d-02dd-463d-aab3-dfd296a706f4: shutdown LeaderElection
2019-08-28 19:31:06,446 [c5bcbe8d-02dd-463d-aab3-dfd296a706f4:group-40C9E5213392:LeaderElection97] INFO  impl.RaftServerImpl (RaftServerImpl.java:setRole(171)) - c5bcbe8d-02dd-463d-aab3-dfd296a706f4:group-40C9E5213392 changes role from CANDIDATE to LEADER at term 1 for changeToLeader
2019-08-28 19:31:06,446 [c5bcbe8d-02dd-463d-aab3-dfd296a706f4:group-40C9E5213392:LeaderElection97] INFO  impl.RaftServerImpl (ServerState.java:setLeader(263)) - c5bcbe8d-02dd-463d-aab3-dfd296a706f4:group-40C9E5213392 change Leader from null to c5bcbe8d-02dd-463d-aab3-dfd296a706f4 at term 1 for becomeLeader, leader elected after 5064ms
2019-08-28 19:31:06,446 [c5bcbe8d-02dd-463d-aab3-dfd296a706f4:group-40C9E5213392:LeaderElection97] INFO  server.RaftServerConfigKeys (ConfUtils.java:logGet(43)) - raft.server.staging.catchup.gap = 1000 (default)
2019-08-28 19:31:06,446 [c5bcbe8d-02dd-463d-aab3-dfd296a706f4:group-40C9E5213392:LeaderElection97] INFO  server.RaftServerConfigKeys (ConfUtils.java:logGet(43)) - raft.server.rpc.sleep.time = 25ms (default)
2019-08-28 19:31:06,446 [c5bcbe8d-02dd-463d-aab3-dfd296a706f4:group-40C9E5213392:LeaderElection97] INFO  server.RaftServerConfigKeys (ConfUtils.java:logGet(43)) - raft.server.write.element-limit = 4096 (default)
2019-08-28 19:31:06,446 [c5bcbe8d-02dd-463d-aab3-dfd296a706f4:group-40C9E5213392:LeaderElection97] INFO  server.RaftServerConfigKeys (ConfUtils.java:logGet(43)) - raft.server.watch.timeout = 10s (default)
2019-08-28 19:31:06,447 [c5bcbe8d-02dd-463d-aab3-dfd296a706f4:group-40C9E5213392:LeaderElection97] INFO  server.RaftServerConfigKeys (ConfUtils.java:logGet(43)) - raft.server.watch.timeout.denomination = 1s (default)
2019-08-28 19:31:06,449 [c5bcbe8d-02dd-463d-aab3-dfd296a706f4:group-40C9E5213392:LeaderElection97] INFO  server.RaftServerConfigKeys (ConfUtils.java:logGet(43)) - raft.server.watch.element-limit = 65536 (default)
2019-08-28 19:31:06,449 [c5bcbe8d-02dd-463d-aab3-dfd296a706f4:group-40C9E5213392:LeaderElection97] INFO  impl.RoleInfo (RoleInfo.java:updateAndGet(143)) - c5bcbe8d-02dd-463d-aab3-dfd296a706f4: start LeaderState
2019-08-28 19:31:06,449 [c5bcbe8d-02dd-463d-aab3-dfd296a706f4:group-40C9E5213392:LeaderElection97] INFO  segmented.SegmentedRaftLogWorker (SegmentedRaftLogWorker.java:startLogSegment(380)) - c5bcbe8d-02dd-463d-aab3-dfd296a706f4-SegmentedRaftLogWorker:Storage Directory /workdir/hadoop-ozone/integration-test/target/test-dir/MiniOzoneClusterImpl-4c216f00-9015-443b-bac6-aeadc5876bb8/datanode-5/data/ratis/9cdd7da3-0bdd-40c3-b637-40c9e5213392: Starting segment from index:0
2019-08-28 19:31:06,450 [c5bcbe8d-02dd-463d-aab3-dfd296a706f4:group-40C9E5213392:LeaderElection97] INFO  impl.RaftServerImpl (ServerState.java:setRaftConf(361)) - c5bcbe8d-02dd-463d-aab3-dfd296a706f4:group-40C9E5213392 set configuration 0: [c5bcbe8d-02dd-463d-aab3-dfd296a706f4:192.168.69.113:41348], old=null at 0
2019-08-28 19:31:06,467 [427dba9e-3238-4f6b-b193-fefaba865310:group-80A2C0CCB592:LeaderElection98] INFO  impl.LeaderElection (LeaderElection.java:askForVotes(181)) - 427dba9e-3238-4f6b-b193-fefaba865310:group-80A2C0CCB592:LeaderElection98: begin an election at term 1 for -1: [c5bcbe8d-02dd-463d-aab3-dfd296a706f4:192.168.69.113:41348, 427dba9e-3238-4f6b-b193-fefaba865310:192.168.69.113:39704, fe19b4e3-4861-4e0d-90fc-58955537b207:192.168.69.113:45775], old=null
2019-08-28 19:31:06,468 [c5bcbe8d-02dd-463d-aab3-dfd296a706f4:group-80A2C0CCB592:LeaderElection96] INFO  impl.LeaderElection (LeaderElection.java:logAndReturn(56)) - c5bcbe8d-02dd-463d-aab3-dfd296a706f4:group-80A2C0CCB592:LeaderElection96: Election REJECTED; received 2 response(s) [c5bcbe8d-02dd-463d-aab3-dfd296a706f4<-fe19b4e3-4861-4e0d-90fc-58955537b207#0:FAIL-t1, c5bcbe8d-02dd-463d-aab3-dfd296a706f4<-427dba9e-3238-4f6b-b193-fefaba865310#0:FAIL-t1] and 0 exception(s); c5bcbe8d-02dd-463d-aab3-dfd296a706f4:t1, leader=null, voted=c5bcbe8d-02dd-463d-aab3-dfd296a706f4, raftlog=c5bcbe8d-02dd-463d-aab3-dfd296a706f4-SegmentedRaftLog:OPENED:c-1,f-1,i0, conf=-1: [c5bcbe8d-02dd-463d-aab3-dfd296a706f4:192.168.69.113:41348, 427dba9e-3238-4f6b-b193-fefaba865310:192.168.69.113:39704, fe19b4e3-4861-4e0d-90fc-58955537b207:192.168.69.113:45775], old=null
2019-08-28 19:31:06,468 [fe19b4e3-4861-4e0d-90fc-58955537b207:group-80A2C0CCB592:LeaderElection95] INFO  impl.LeaderElection (LeaderElection.java:logAndReturn(56)) - fe19b4e3-4861-4e0d-90fc-58955537b207:group-80A2C0CCB592:LeaderElection95: Election REJECTED; received 2 response(s) [fe19b4e3-4861-4e0d-90fc-58955537b207<-c5bcbe8d-02dd-463d-aab3-dfd296a706f4#0:FAIL-t1, fe19b4e3-4861-4e0d-90fc-58955537b207<-427dba9e-3238-4f6b-b193-fefaba865310#0:FAIL-t1] and 0 exception(s); fe19b4e3-4861-4e0d-90fc-58955537b207:t1, leader=null, voted=fe19b4e3-4861-4e0d-90fc-58955537b207, raftlog=fe19b4e3-4861-4e0d-90fc-58955537b207-SegmentedRaftLog:OPENED:c-1,f-1,i0, conf=-1: [c5bcbe8d-02dd-463d-aab3-dfd296a706f4:192.168.69.113:41348, 427dba9e-3238-4f6b-b193-fefaba865310:192.168.69.113:39704, fe19b4e3-4861-4e0d-90fc-58955537b207:192.168.69.113:45775], old=null
2019-08-28 19:31:06,468 [c5bcbe8d-02dd-463d-aab3-dfd296a706f4:group-80A2C0CCB592:LeaderElection96] INFO  impl.RaftServerImpl (RaftServerImpl.java:setRole(171)) - c5bcbe8d-02dd-463d-aab3-dfd296a706f4:group-80A2C0CCB592 changes role from CANDIDATE to FOLLOWER at term 1 for DISCOVERED_A_NEW_TERM
2019-08-28 19:31:06,468 [fe19b4e3-4861-4e0d-90fc-58955537b207:group-80A2C0CCB592:LeaderElection95] INFO  impl.RaftServerImpl (RaftServerImpl.java:setRole(171)) - fe19b4e3-4861-4e0d-90fc-58955537b207:group-80A2C0CCB592 changes role from CANDIDATE to FOLLOWER at term 1 for DISCOVERED_A_NEW_TERM
2019-08-28 19:31:06,468 [c5bcbe8d-02dd-463d-aab3-dfd296a706f4:group-80A2C0CCB592:LeaderElection96] INFO  impl.RoleInfo (RoleInfo.java:shutdownLeaderElection(134)) - c5bcbe8d-02dd-463d-aab3-dfd296a706f4: shutdown LeaderElection
2019-08-28 19:31:06,468 [fe19b4e3-4861-4e0d-90fc-58955537b207:group-80A2C0CCB592:LeaderElection95] INFO  impl.RoleInfo (RoleInfo.java:shutdownLeaderElection(134)) - fe19b4e3-4861-4e0d-90fc-58955537b207: shutdown LeaderElection
2019-08-28 19:31:06,469 [c5bcbe8d-02dd-463d-aab3-dfd296a706f4:group-80A2C0CCB592:LeaderElection96] INFO  impl.RoleInfo (RoleInfo.java:updateAndGet(143)) - c5bcbe8d-02dd-463d-aab3-dfd296a706f4: start FollowerState
2019-08-28 19:31:06,469 [fe19b4e3-4861-4e0d-90fc-58955537b207:group-80A2C0CCB592:LeaderElection95] INFO  impl.RoleInfo (RoleInfo.java:updateAndGet(143)) - fe19b4e3-4861-4e0d-90fc-58955537b207: start FollowerState
2019-08-28 19:31:06,471 [427dba9e-3238-4f6b-b193-fefaba865310:group-80A2C0CCB592:LeaderElection98] INFO  impl.LeaderElection (LeaderElection.java:logAndReturn(56)) - 427dba9e-3238-4f6b-b193-fefaba865310:group-80A2C0CCB592:LeaderElection98: Election REJECTED; received 2 response(s) [427dba9e-3238-4f6b-b193-fefaba865310<-c5bcbe8d-02dd-463d-aab3-dfd296a706f4#0:FAIL-t1, 427dba9e-3238-4f6b-b193-fefaba865310<-fe19b4e3-4861-4e0d-90fc-58955537b207#0:FAIL-t1] and 0 exception(s); 427dba9e-3238-4f6b-b193-fefaba865310:t1, leader=null, voted=427dba9e-3238-4f6b-b193-fefaba865310, raftlog=427dba9e-3238-4f6b-b193-fefaba865310-SegmentedRaftLog:OPENED:c-1,f-1,i0, conf=-1: [c5bcbe8d-02dd-463d-aab3-dfd296a706f4:192.168.69.113:41348, 427dba9e-3238-4f6b-b193-fefaba865310:192.168.69.113:39704, fe19b4e3-4861-4e0d-90fc-58955537b207:192.168.69.113:45775], old=null
2019-08-28 19:31:06,471 [427dba9e-3238-4f6b-b193-fefaba865310:group-80A2C0CCB592:LeaderElection98] INFO  impl.RaftServerImpl (RaftServerImpl.java:setRole(171)) - 427dba9e-3238-4f6b-b193-fefaba865310:group-80A2C0CCB592 changes role from CANDIDATE to FOLLOWER at term 1 for DISCOVERED_A_NEW_TERM
2019-08-28 19:31:06,472 [427dba9e-3238-4f6b-b193-fefaba865310:group-80A2C0CCB592:LeaderElection98] INFO  impl.RoleInfo (RoleInfo.java:shutdownLeaderElection(134)) - 427dba9e-3238-4f6b-b193-fefaba865310: shutdown LeaderElection
2019-08-28 19:31:06,472 [427dba9e-3238-4f6b-b193-fefaba865310:group-80A2C0CCB592:LeaderElection98] INFO  impl.RoleInfo (RoleInfo.java:updateAndGet(143)) - 427dba9e-3238-4f6b-b193-fefaba865310: start FollowerState
2019-08-28 19:31:06,501 [c5bcbe8d-02dd-463d-aab3-dfd296a706f4-SegmentedRaftLogWorker:Storage Directory /workdir/hadoop-ozone/integration-test/target/test-dir/MiniOzoneClusterImpl-4c216f00-9015-443b-bac6-aeadc5876bb8/datanode-5/data/ratis/9cdd7da3-0bdd-40c3-b637-40c9e5213392] INFO  segmented.SegmentedRaftLogWorker (SegmentedRaftLogWorker.java:execute(569)) - c5bcbe8d-02dd-463d-aab3-dfd296a706f4-SegmentedRaftLogWorker:Storage Directory /workdir/hadoop-ozone/integration-test/target/test-dir/MiniOzoneClusterImpl-4c216f00-9015-443b-bac6-aeadc5876bb8/datanode-5/data/ratis/9cdd7da3-0bdd-40c3-b637-40c9e5213392: created new log segment /workdir/hadoop-ozone/integration-test/target/test-dir/MiniOzoneClusterImpl-4c216f00-9015-443b-bac6-aeadc5876bb8/datanode-5/data/ratis/9cdd7da3-0bdd-40c3-b637-40c9e5213392/current/log_inprogress_0
2019-08-28 19:31:06,511 [Thread-3906] INFO  impl.FollowerState (FollowerState.java:run(106)) - 63b1ce8f-7208-4998-b631-5145f20d59fa:group-1C2F92374515 changes to CANDIDATE, lastRpcTime:5052, electionTimeout:5052ms
2019-08-28 19:31:06,511 [Thread-3906] INFO  impl.RoleInfo (RoleInfo.java:shutdownFollowerState(121)) - 63b1ce8f-7208-4998-b631-5145f20d59fa: shutdown FollowerState
2019-08-28 19:31:06,511 [Thread-3906] INFO  impl.RaftServerImpl (RaftServerImpl.java:setRole(171)) - 63b1ce8f-7208-4998-b631-5145f20d59fa:group-1C2F92374515 changes role from FOLLOWER to CANDIDATE at term 0 for changeToCandidate
2019-08-28 19:31:06,512 [Thread-3906] INFO  impl.RoleInfo (RoleInfo.java:updateAndGet(143)) - 63b1ce8f-7208-4998-b631-5145f20d59fa: start LeaderElection
2019-08-28 19:31:06,532 [63b1ce8f-7208-4998-b631-5145f20d59fa:group-1C2F92374515:LeaderElection99] INFO  impl.LeaderElection (LeaderElection.java:askForVotes(181)) - 63b1ce8f-7208-4998-b631-5145f20d59fa:group-1C2F92374515:LeaderElection99: begin an election at term 1 for -1: [63b1ce8f-7208-4998-b631-5145f20d59fa:192.168.69.113:34004], old=null
2019-08-28 19:31:06,532 [63b1ce8f-7208-4998-b631-5145f20d59fa:group-1C2F92374515:LeaderElection99] INFO  impl.RoleInfo (RoleInfo.java:shutdownLeaderElection(134)) - 63b1ce8f-7208-4998-b631-5145f20d59fa: shutdown LeaderElection
2019-08-28 19:31:06,533 [63b1ce8f-7208-4998-b631-5145f20d59fa:group-1C2F92374515:LeaderElection99] INFO  impl.RaftServerImpl (RaftServerImpl.java:setRole(171)) - 63b1ce8f-7208-4998-b631-5145f20d59fa:group-1C2F92374515 changes role from CANDIDATE to LEADER at term 1 for changeToLeader
2019-08-28 19:31:06,533 [63b1ce8f-7208-4998-b631-5145f20d59fa:group-1C2F92374515:LeaderElection99] INFO  impl.RaftServerImpl (ServerState.java:setLeader(263)) - 63b1ce8f-7208-4998-b631-5145f20d59fa:group-1C2F92374515 change Leader from null to 63b1ce8f-7208-4998-b631-5145f20d59fa at term 1 for becomeLeader, leader elected after 5077ms
2019-08-28 19:31:06,533 [63b1ce8f-7208-4998-b631-5145f20d59fa:group-1C2F92374515:LeaderElection99] INFO  server.RaftServerConfigKeys (ConfUtils.java:logGet(43)) - raft.server.staging.catchup.gap = 1000 (default)
2019-08-28 19:31:06,533 [63b1ce8f-7208-4998-b631-5145f20d59fa:group-1C2F92374515:LeaderElection99] INFO  server.RaftServerConfigKeys (ConfUtils.java:logGet(43)) - raft.server.rpc.sleep.time = 25ms (default)
2019-08-28 19:31:06,533 [63b1ce8f-7208-4998-b631-5145f20d59fa:group-1C2F92374515:LeaderElection99] INFO  server.RaftServerConfigKeys (ConfUtils.java:logGet(43)) - raft.server.write.element-limit = 4096 (default)
2019-08-28 19:31:06,533 [63b1ce8f-7208-4998-b631-5145f20d59fa:group-1C2F92374515:LeaderElection99] INFO  server.RaftServerConfigKeys (ConfUtils.java:logGet(43)) - raft.server.watch.timeout = 10s (default)
2019-08-28 19:31:06,533 [63b1ce8f-7208-4998-b631-5145f20d59fa:group-1C2F92374515:LeaderElection99] INFO  server.RaftServerConfigKeys (ConfUtils.java:logGet(43)) - raft.server.watch.timeout.denomination = 1s (default)
2019-08-28 19:31:06,534 [63b1ce8f-7208-4998-b631-5145f20d59fa:group-1C2F92374515:LeaderElection99] INFO  server.RaftServerConfigKeys (ConfUtils.java:logGet(43)) - raft.server.watch.element-limit = 65536 (default)
2019-08-28 19:31:06,534 [63b1ce8f-7208-4998-b631-5145f20d59fa:group-1C2F92374515:LeaderElection99] INFO  impl.RoleInfo (RoleInfo.java:updateAndGet(143)) - 63b1ce8f-7208-4998-b631-5145f20d59fa: start LeaderState
2019-08-28 19:31:06,534 [63b1ce8f-7208-4998-b631-5145f20d59fa:group-1C2F92374515:LeaderElection99] INFO  segmented.SegmentedRaftLogWorker (SegmentedRaftLogWorker.java:startLogSegment(380)) - 63b1ce8f-7208-4998-b631-5145f20d59fa-SegmentedRaftLogWorker:Storage Directory /workdir/hadoop-ozone/integration-test/target/test-dir/MiniOzoneClusterImpl-4c216f00-9015-443b-bac6-aeadc5876bb8/datanode-6/data/ratis/535d01db-eb83-427c-a437-1c2f92374515: Starting segment from index:0
2019-08-28 19:31:06,534 [63b1ce8f-7208-4998-b631-5145f20d59fa:group-1C2F92374515:LeaderElection99] INFO  impl.RaftServerImpl (ServerState.java:setRaftConf(361)) - 63b1ce8f-7208-4998-b631-5145f20d59fa:group-1C2F92374515 set configuration 0: [63b1ce8f-7208-4998-b631-5145f20d59fa:192.168.69.113:34004], old=null at 0
2019-08-28 19:31:06,667 [63b1ce8f-7208-4998-b631-5145f20d59fa-SegmentedRaftLogWorker:Storage Directory /workdir/hadoop-ozone/integration-test/target/test-dir/MiniOzoneClusterImpl-4c216f00-9015-443b-bac6-aeadc5876bb8/datanode-6/data/ratis/535d01db-eb83-427c-a437-1c2f92374515] INFO  segmented.SegmentedRaftLogWorker (SegmentedRaftLogWorker.java:execute(569)) - 63b1ce8f-7208-4998-b631-5145f20d59fa-SegmentedRaftLogWorker:Storage Directory /workdir/hadoop-ozone/integration-test/target/test-dir/MiniOzoneClusterImpl-4c216f00-9015-443b-bac6-aeadc5876bb8/datanode-6/data/ratis/535d01db-eb83-427c-a437-1c2f92374515: created new log segment /workdir/hadoop-ozone/integration-test/target/test-dir/MiniOzoneClusterImpl-4c216f00-9015-443b-bac6-aeadc5876bb8/datanode-6/data/ratis/535d01db-eb83-427c-a437-1c2f92374515/current/log_inprogress_0
2019-08-28 19:31:06,787 | INFO  | SCMAudit | user=jenkins1000 | ip=192.168.69.113 | op=SEND_HEARTBEAT {datanodeUUID=893d9933-a2b1-4f23-acb1-093dec15f61d, command=[]} | ret=SUCCESS |  
2019-08-28 19:31:06,829 | INFO  | DNAudit | user=null | ip=null | op=WRITE_CHUNK {blockData=conID: 1 locID: 102696266069573649 bcsId: 0} | ret=SUCCESS |  
2019-08-28 19:31:06,832 | INFO  | DNAudit | user=null | ip=null | op=WRITE_CHUNK {blockData=conID: 1 locID: 102696266069573649 bcsId: 0} | ret=SUCCESS |  
2019-08-28 19:31:06,832 | INFO  | DNAudit | user=null | ip=null | op=WRITE_CHUNK {blockData=conID: 1 locID: 102696266069573649 bcsId: 0} | ret=SUCCESS |  
2019-08-28 19:31:06,832 | INFO  | SCMAudit | user=jenkins1000 | ip=192.168.69.113 | op=SEND_HEARTBEAT {datanodeUUID=c1b0cc15-b089-4c23-99e9-47ed0bade53e, command=[]} | ret=SUCCESS |  
2019-08-28 19:31:06,833 | INFO  | SCMAudit | user=jenkins1000 | ip=192.168.69.113 | op=SEND_HEARTBEAT {datanodeUUID=893d9933-a2b1-4f23-acb1-093dec15f61d, command=[]} | ret=SUCCESS |  
2019-08-28 19:31:06,833 | INFO  | SCMAudit | user=jenkins1000 | ip=192.168.69.113 | op=SEND_HEARTBEAT {datanodeUUID=322d1ff0-d33a-48c4-9ad0-1ff851e73344, command=[]} | ret=SUCCESS |  
2019-08-28 19:31:06,845 | INFO  | DNAudit | user=null | ip=null | op=WRITE_CHUNK {blockData=conID: 1 locID: 102696266069573649 bcsId: 0} | ret=SUCCESS |  
2019-08-28 19:31:06,850 [grpc-default-executor-5] INFO  client.GrpcClientProtocolClient (GrpcClientProtocolClient.java:onNext(255)) - client-DE1ECD76B78C->893d9933-a2b1-4f23-acb1-093dec15f61d: receive RaftClientReply:client-DE1ECD76B78C->893d9933-a2b1-4f23-acb1-093dec15f61d@group-CE2CFCFD105D, cid=207, SUCCESS, logIndex=1, commits[893d9933-a2b1-4f23-acb1-093dec15f61d:c1, c1b0cc15-b089-4c23-99e9-47ed0bade53e:c0, 322d1ff0-d33a-48c4-9ad0-1ff851e73344:c0]
2019-08-28 19:31:06,852 | INFO  | DNAudit | user=null | ip=null | op=WRITE_CHUNK {blockData=conID: 1 locID: 102696266069573649 bcsId: 0} | ret=SUCCESS |  
2019-08-28 19:31:06,853 | INFO  | DNAudit | user=null | ip=null | op=WRITE_CHUNK {blockData=conID: 1 locID: 102696266069573649 bcsId: 0} | ret=SUCCESS |  
2019-08-28 19:31:06,853 | INFO  | DNAudit | user=null | ip=null | op=WRITE_CHUNK {blockData=conID: 1 locID: 102696266069573649 bcsId: 0} | ret=SUCCESS |  
2019-08-28 19:31:06,854 | INFO  | DNAudit | user=null | ip=null | op=WRITE_CHUNK {blockData=conID: 1 locID: 102696266069573649 bcsId: 0} | ret=SUCCESS |  
2019-08-28 19:31:06,854 | INFO  | DNAudit | user=null | ip=null | op=WRITE_CHUNK {blockData=conID: 1 locID: 102696266069573649 bcsId: 0} | ret=SUCCESS |  
2019-08-28 19:31:06,855 | INFO  | SCMAudit | user=jenkins1000 | ip=192.168.69.113 | op=SEND_HEARTBEAT {datanodeUUID=427dba9e-3238-4f6b-b193-fefaba865310, command=[]} | ret=SUCCESS |  
2019-08-28 19:31:06,870 | INFO  | DNAudit | user=null | ip=null | op=WRITE_CHUNK {blockData=conID: 1 locID: 102696266069573649 bcsId: 0} | ret=SUCCESS |  
2019-08-28 19:31:06,873 [grpc-default-executor-15] INFO  client.GrpcClientProtocolClient (GrpcClientProtocolClient.java:onNext(255)) - client-DE1ECD76B78C->893d9933-a2b1-4f23-acb1-093dec15f61d: receive RaftClientReply:client-DE1ECD76B78C->893d9933-a2b1-4f23-acb1-093dec15f61d@group-CE2CFCFD105D, cid=208, SUCCESS, logIndex=3, commits[893d9933-a2b1-4f23-acb1-093dec15f61d:c3, c1b0cc15-b089-4c23-99e9-47ed0bade53e:c2, 322d1ff0-d33a-48c4-9ad0-1ff851e73344:c2]
2019-08-28 19:31:06,878 | INFO  | DNAudit | user=null | ip=null | op=WRITE_CHUNK {blockData=conID: 1 locID: 102696266069573649 bcsId: 0} | ret=SUCCESS |  
2019-08-28 19:31:06,879 | INFO  | DNAudit | user=null | ip=null | op=WRITE_CHUNK {blockData=conID: 1 locID: 102696266069573649 bcsId: 0} | ret=SUCCESS |  
2019-08-28 19:31:07,046 | INFO  | SCMAudit | user=jenkins1000 | ip=192.168.69.113 | op=SEND_HEARTBEAT {datanodeUUID=fe19b4e3-4861-4e0d-90fc-58955537b207, command=[]} | ret=SUCCESS |  
2019-08-28 19:31:07,191 | INFO  | SCMAudit | user=jenkins1000 | ip=192.168.69.113 | op=SEND_HEARTBEAT {datanodeUUID=c5bcbe8d-02dd-463d-aab3-dfd296a706f4, command=[]} | ret=SUCCESS |  
2019-08-28 19:31:07,249 | INFO  | SCMAudit | user=jenkins1000 | ip=192.168.69.113 | op=SEND_HEARTBEAT {datanodeUUID=63b1ce8f-7208-4998-b631-5145f20d59fa, command=[]} | ret=SUCCESS |  
2019-08-28 19:31:07,637 | INFO  | DNAudit | user=null | ip=null | op=PUT_BLOCK {blockData=[blockId=conID: 1 locID: 102696266069573649 bcsId: 0,size=167]} | ret=SUCCESS |  
2019-08-28 19:31:07,639 [grpc-default-executor-15] INFO  client.GrpcClientProtocolClient (GrpcClientProtocolClient.java:onNext(255)) - client-DE1ECD76B78C->893d9933-a2b1-4f23-acb1-093dec15f61d: receive RaftClientReply:client-DE1ECD76B78C->893d9933-a2b1-4f23-acb1-093dec15f61d@group-CE2CFCFD105D, cid=209, SUCCESS, logIndex=4, commits[893d9933-a2b1-4f23-acb1-093dec15f61d:c6, c1b0cc15-b089-4c23-99e9-47ed0bade53e:c3, 322d1ff0-d33a-48c4-9ad0-1ff851e73344:c3]
2019-08-28 19:31:07,828 | INFO  | SCMAudit | user=jenkins1000 | ip=192.168.69.113 | op=SEND_HEARTBEAT {datanodeUUID=c1b0cc15-b089-4c23-99e9-47ed0bade53e, command=[]} | ret=SUCCESS |  
2019-08-28 19:31:07,833 | INFO  | SCMAudit | user=jenkins1000 | ip=192.168.69.113 | op=SEND_HEARTBEAT {datanodeUUID=893d9933-a2b1-4f23-acb1-093dec15f61d, command=[]} | ret=SUCCESS |  
2019-08-28 19:31:07,833 | INFO  | SCMAudit | user=jenkins1000 | ip=192.168.69.113 | op=SEND_HEARTBEAT {datanodeUUID=322d1ff0-d33a-48c4-9ad0-1ff851e73344, command=[]} | ret=SUCCESS |  
2019-08-28 19:31:07,855 | INFO  | SCMAudit | user=jenkins1000 | ip=192.168.69.113 | op=SEND_HEARTBEAT {datanodeUUID=427dba9e-3238-4f6b-b193-fefaba865310, command=[]} | ret=SUCCESS |  
2019-08-28 19:31:08,046 | INFO  | SCMAudit | user=jenkins1000 | ip=192.168.69.113 | op=SEND_HEARTBEAT {datanodeUUID=fe19b4e3-4861-4e0d-90fc-58955537b207, command=[]} | ret=SUCCESS |  
2019-08-28 19:31:08,191 | INFO  | SCMAudit | user=jenkins1000 | ip=192.168.69.113 | op=SEND_HEARTBEAT {datanodeUUID=c5bcbe8d-02dd-463d-aab3-dfd296a706f4, command=[]} | ret=SUCCESS |  
2019-08-28 19:31:08,249 | INFO  | SCMAudit | user=jenkins1000 | ip=192.168.69.113 | op=SEND_HEARTBEAT {datanodeUUID=63b1ce8f-7208-4998-b631-5145f20d59fa, command=[]} | ret=SUCCESS |  
2019-08-28 19:31:08,641 [main] WARN  scm.XceiverClientRatis (XceiverClientRatis.java:watchForCommit(262)) - 3 way commit failed on pipeline Pipeline[ Id: 61d300c1-f68c-43ef-b41e-ce2cfcfd105d, Nodes: 893d9933-a2b1-4f23-acb1-093dec15f61d{ip: 192.168.69.113, host: pr-hdds-1949-vp5nt-881372353, networkLocation: /default-rack, certSerialId: null}c1b0cc15-b089-4c23-99e9-47ed0bade53e{ip: 192.168.69.113, host: pr-hdds-1949-vp5nt-881372353, networkLocation: /default-rack, certSerialId: null}322d1ff0-d33a-48c4-9ad0-1ff851e73344{ip: 192.168.69.113, host: pr-hdds-1949-vp5nt-881372353, networkLocation: /default-rack, certSerialId: null}, Type:RATIS, Factor:THREE, State:OPEN]
java.util.concurrent.TimeoutException
	at java.util.concurrent.CompletableFuture.timedGet(CompletableFuture.java:1771)
	at java.util.concurrent.CompletableFuture.get(CompletableFuture.java:1915)
	at org.apache.hadoop.hdds.scm.XceiverClientRatis.watchForCommit(XceiverClientRatis.java:259)
	at org.apache.hadoop.hdds.scm.storage.CommitWatcher.watchForCommit(CommitWatcher.java:194)
	at org.apache.hadoop.hdds.scm.storage.CommitWatcher.watchOnLastIndex(CommitWatcher.java:157)
	at org.apache.hadoop.hdds.scm.storage.BlockOutputStream.watchForCommit(BlockOutputStream.java:347)
	at org.apache.hadoop.hdds.scm.storage.BlockOutputStream.handleFlush(BlockOutputStream.java:479)
	at org.apache.hadoop.hdds.scm.storage.BlockOutputStream.flush(BlockOutputStream.java:428)
	at org.apache.hadoop.ozone.client.io.BlockOutputStreamEntry.flush(BlockOutputStreamEntry.java:136)
	at org.apache.hadoop.ozone.client.io.KeyOutputStream.handleFlushOrClose(KeyOutputStream.java:442)
	at org.apache.hadoop.ozone.client.io.KeyOutputStream.flush(KeyOutputStream.java:396)
	at org.apache.hadoop.ozone.client.io.OzoneOutputStream.flush(OzoneOutputStream.java:54)
	at org.apache.hadoop.ozone.client.rpc.TestBlockOutputStreamWithFailures.testFailureWithPrimeSizedData(TestBlockOutputStreamWithFailures.java:599)
	at sun.reflect.NativeMethodAccessorImpl.invoke0(Native Method)
	at sun.reflect.NativeMethodAccessorImpl.invoke(NativeMethodAccessorImpl.java:62)
	at sun.reflect.DelegatingMethodAccessorImpl.invoke(DelegatingMethodAccessorImpl.java:43)
	at java.lang.reflect.Method.invoke(Method.java:498)
	at org.junit.runners.model.FrameworkMethod$1.runReflectiveCall(FrameworkMethod.java:47)
	at org.junit.internal.runners.model.ReflectiveCallable.run(ReflectiveCallable.java:12)
	at org.junit.runners.model.FrameworkMethod.invokeExplosively(FrameworkMethod.java:44)
	at org.junit.internal.runners.statements.InvokeMethod.evaluate(InvokeMethod.java:17)
	at org.junit.internal.runners.statements.RunBefores.evaluate(RunBefores.java:26)
	at org.junit.internal.runners.statements.RunAfters.evaluate(RunAfters.java:27)
	at org.junit.runners.ParentRunner.runLeaf(ParentRunner.java:271)
	at org.junit.runners.BlockJUnit4ClassRunner.runChild(BlockJUnit4ClassRunner.java:70)
	at org.junit.runners.BlockJUnit4ClassRunner.runChild(BlockJUnit4ClassRunner.java:50)
	at org.junit.runners.ParentRunner$3.run(ParentRunner.java:238)
	at org.junit.runners.ParentRunner$1.schedule(ParentRunner.java:63)
	at org.junit.runners.ParentRunner.runChildren(ParentRunner.java:236)
	at org.junit.runners.ParentRunner.access$000(ParentRunner.java:53)
	at org.junit.runners.ParentRunner$2.evaluate(ParentRunner.java:229)
	at org.junit.runners.ParentRunner.run(ParentRunner.java:309)
	at org.apache.maven.surefire.junit4.JUnit4Provider.execute(JUnit4Provider.java:365)
	at org.apache.maven.surefire.junit4.JUnit4Provider.executeWithRerun(JUnit4Provider.java:273)
	at org.apache.maven.surefire.junit4.JUnit4Provider.executeTestSet(JUnit4Provider.java:238)
	at org.apache.maven.surefire.junit4.JUnit4Provider.invoke(JUnit4Provider.java:159)
	at org.apache.maven.surefire.booter.ForkedBooter.invokeProviderInSameClassLoader(ForkedBooter.java:384)
	at org.apache.maven.surefire.booter.ForkedBooter.runSuitesInProcess(ForkedBooter.java:345)
	at org.apache.maven.surefire.booter.ForkedBooter.execute(ForkedBooter.java:126)
	at org.apache.maven.surefire.booter.ForkedBooter.main(ForkedBooter.java:418)
2019-08-28 19:31:08,828 | INFO  | SCMAudit | user=jenkins1000 | ip=192.168.69.113 | op=SEND_HEARTBEAT {datanodeUUID=c1b0cc15-b089-4c23-99e9-47ed0bade53e, command=[]} | ret=SUCCESS |  
2019-08-28 19:31:08,833 | INFO  | SCMAudit | user=jenkins1000 | ip=192.168.69.113 | op=SEND_HEARTBEAT {datanodeUUID=893d9933-a2b1-4f23-acb1-093dec15f61d, command=[]} | ret=SUCCESS |  
2019-08-28 19:31:08,833 | INFO  | SCMAudit | user=jenkins1000 | ip=192.168.69.113 | op=SEND_HEARTBEAT {datanodeUUID=322d1ff0-d33a-48c4-9ad0-1ff851e73344, command=[]} | ret=SUCCESS |  
2019-08-28 19:31:08,855 | INFO  | SCMAudit | user=jenkins1000 | ip=192.168.69.113 | op=SEND_HEARTBEAT {datanodeUUID=427dba9e-3238-4f6b-b193-fefaba865310, command=[]} | ret=SUCCESS |  
2019-08-28 19:31:09,046 | INFO  | SCMAudit | user=jenkins1000 | ip=192.168.69.113 | op=SEND_HEARTBEAT {datanodeUUID=fe19b4e3-4861-4e0d-90fc-58955537b207, command=[]} | ret=SUCCESS |  
2019-08-28 19:31:09,191 | INFO  | SCMAudit | user=jenkins1000 | ip=192.168.69.113 | op=SEND_HEARTBEAT {datanodeUUID=c5bcbe8d-02dd-463d-aab3-dfd296a706f4, command=[]} | ret=SUCCESS |  
2019-08-28 19:31:09,250 | INFO  | SCMAudit | user=jenkins1000 | ip=192.168.69.113 | op=SEND_HEARTBEAT {datanodeUUID=63b1ce8f-7208-4998-b631-5145f20d59fa, command=[]} | ret=SUCCESS |  
2019-08-28 19:31:09,641 [grpc-default-executor-17] INFO  client.GrpcClientProtocolClient (GrpcClientProtocolClient.java:onNext(255)) - client-DE1ECD76B78C->893d9933-a2b1-4f23-acb1-093dec15f61d: receive RaftClientReply:client-DE1ECD76B78C->893d9933-a2b1-4f23-acb1-093dec15f61d@group-CE2CFCFD105D, cid=211, SUCCESS, logIndex=0, commits[893d9933-a2b1-4f23-acb1-093dec15f61d:c6, c1b0cc15-b089-4c23-99e9-47ed0bade53e:c3, 322d1ff0-d33a-48c4-9ad0-1ff851e73344:c6]
2019-08-28 19:31:09,641 [grpc-default-executor-17] INFO  client.GrpcClientProtocolClient (GrpcClientProtocolClient.java:onNext(255)) - client-DE1ECD76B78C->893d9933-a2b1-4f23-acb1-093dec15f61d: receive RaftClientReply:client-DE1ECD76B78C->893d9933-a2b1-4f23-acb1-093dec15f61d@group-CE2CFCFD105D, cid=210, SUCCESS, logIndex=0, commits[893d9933-a2b1-4f23-acb1-093dec15f61d:c6, c1b0cc15-b089-4c23-99e9-47ed0bade53e:c6, 322d1ff0-d33a-48c4-9ad0-1ff851e73344:c6]
2019-08-28 19:31:09,641 [main] INFO  scm.XceiverClientRatis (XceiverClientRatis.java:lambda$watchForCommit$7(280)) - Could not commit index 4 on pipeline Pipeline[ Id: 61d300c1-f68c-43ef-b41e-ce2cfcfd105d, Nodes: 893d9933-a2b1-4f23-acb1-093dec15f61d{ip: 192.168.69.113, host: pr-hdds-1949-vp5nt-881372353, networkLocation: /default-rack, certSerialId: null}c1b0cc15-b089-4c23-99e9-47ed0bade53e{ip: 192.168.69.113, host: pr-hdds-1949-vp5nt-881372353, networkLocation: /default-rack, certSerialId: null}322d1ff0-d33a-48c4-9ad0-1ff851e73344{ip: 192.168.69.113, host: pr-hdds-1949-vp5nt-881372353, networkLocation: /default-rack, certSerialId: null}, Type:RATIS, Factor:THREE, State:OPEN] to all the nodes. Server c1b0cc15-b089-4c23-99e9-47ed0bade53e has failed. Committed by majority.
2019-08-28 19:31:09,642 [main] WARN  storage.BlockOutputStream (BlockOutputStream.java:watchForCommit(353)) - Failed to commit BlockId conID: 1 locID: 102696266069573649 bcsId: 4 on Pipeline[ Id: 61d300c1-f68c-43ef-b41e-ce2cfcfd105d, Nodes: 893d9933-a2b1-4f23-acb1-093dec15f61d{ip: 192.168.69.113, host: pr-hdds-1949-vp5nt-881372353, networkLocation: /default-rack, certSerialId: null}c1b0cc15-b089-4c23-99e9-47ed0bade53e{ip: 192.168.69.113, host: pr-hdds-1949-vp5nt-881372353, networkLocation: /default-rack, certSerialId: null}322d1ff0-d33a-48c4-9ad0-1ff851e73344{ip: 192.168.69.113, host: pr-hdds-1949-vp5nt-881372353, networkLocation: /default-rack, certSerialId: null}, Type:RATIS, Factor:THREE, State:OPEN]. Failed nodes: [c1b0cc15-b089-4c23-99e9-47ed0bade53e{ip: null, host: null, networkLocation: /default-rack, certSerialId: null}]
2019-08-28 19:31:09,643 [main] INFO  ozone.MiniOzoneClusterImpl (MiniOzoneClusterImpl.java:shutdown(309)) - Shutting down the Mini Ozone Cluster
2019-08-28 19:31:09,643 | INFO  | SCMAudit | user=null | ip=null | op=GET_SCM_INFO null | ret=SUCCESS |  
2019-08-28 19:31:09,643 [main] INFO  ozone.MiniOzoneClusterImpl (MiniOzoneClusterImpl.java:stop(325)) - Stopping the Mini Ozone Cluster
2019-08-28 19:31:09,644 [main] INFO  ozone.MiniOzoneClusterImpl (MiniOzoneClusterImpl.java:stopOM(395)) - Stopping the OzoneManager
2019-08-28 19:31:09,644 [main] INFO  ipc.Server (Server.java:stop(3082)) - Stopping server on 33290
2019-08-28 19:31:09,653 [IPC Server listener on 33290] INFO  ipc.Server (Server.java:run(1185)) - Stopping IPC Server listener on 33290
2019-08-28 19:31:09,654 [main] INFO  ratis.OzoneManagerDoubleBuffer (OzoneManagerDoubleBuffer.java:stop(248)) - Stopping OMDoubleBuffer flush thread
2019-08-28 19:31:09,656 [IPC Server Responder] INFO  ipc.Server (Server.java:run(1319)) - Stopping IPC Server Responder
2019-08-28 19:31:09,665 [OMDoubleBufferFlushThread] INFO  ratis.OzoneManagerDoubleBuffer (OzoneManagerDoubleBuffer.java:flushTransactions(191)) - OMDoubleBuffer flush thread OMDoubleBufferFlushThread is interrupted and will exit. OMDoubleBufferFlushThread
2019-08-28 19:31:09,681 [main] INFO  utils.BackgroundService (BackgroundService.java:shutdown(148)) - Shutting down service KeyDeletingService
2019-08-28 19:31:09,683 [main] INFO  handler.ContextHandler (ContextHandler.java:doStop(910)) - Stopped o.e.j.w.WebAppContext@2ad7bd26{/,null,UNAVAILABLE}{/ozoneManager}
2019-08-28 19:31:09,684 [main] INFO  server.AbstractConnector (AbstractConnector.java:doStop(318)) - Stopped ServerConnector@3cc3f13e{HTTP/1.1,[http/1.1]}{0.0.0.0:0}
2019-08-28 19:31:09,684 [main] INFO  handler.ContextHandler (ContextHandler.java:doStop(910)) - Stopped o.e.j.s.ServletContextHandler@5c234920{/static,file:///workdir/hadoop-ozone/integration-test/target/test-classes/webapps/static,UNAVAILABLE}
2019-08-28 19:31:09,684 [main] INFO  handler.ContextHandler (ContextHandler.java:doStop(910)) - Stopped o.e.j.s.ServletContextHandler@29bd85db{/logs,file:///workdir/hadoop-ozone/integration-test/target/log,UNAVAILABLE}
2019-08-28 19:31:09,696 [main] INFO  ozone.MiniOzoneClusterImpl (MiniOzoneClusterImpl.java:stopDatanodes(372)) - Stopping the HddsDatanodes
2019-08-28 19:31:09,750 | INFO  | DNAudit | user=null | ip=null | op=PUT_BLOCK {blockData=[blockId=conID: 1 locID: 102696266069573649 bcsId: 0,size=167]} | ret=SUCCESS |  
2019-08-28 19:31:09,829 | INFO  | SCMAudit | user=jenkins1000 | ip=192.168.69.113 | op=SEND_HEARTBEAT {datanodeUUID=c1b0cc15-b089-4c23-99e9-47ed0bade53e, command=[]} | ret=SUCCESS |  
2019-08-28 19:31:09,833 | INFO  | SCMAudit | user=jenkins1000 | ip=192.168.69.113 | op=SEND_HEARTBEAT {datanodeUUID=893d9933-a2b1-4f23-acb1-093dec15f61d, command=[]} | ret=SUCCESS |  
2019-08-28 19:31:09,833 | INFO  | SCMAudit | user=jenkins1000 | ip=192.168.69.113 | op=SEND_HEARTBEAT {datanodeUUID=322d1ff0-d33a-48c4-9ad0-1ff851e73344, command=[]} | ret=SUCCESS |  
2019-08-28 19:31:09,854 [Datanode State Machine Thread - 0] INFO  statemachine.DatanodeStateMachine (DatanodeStateMachine.java:lambda$startDaemon$0(350)) - Ozone container server started.
2019-08-28 19:31:09,934 | INFO  | DNAudit | user=null | ip=null | op=PUT_BLOCK {blockData=[blockId=conID: 1 locID: 102696266069573649 bcsId: 0,size=167]} | ret=SUCCESS |  
2019-08-28 19:31:10,046 [Datanode State Machine Thread - 0] INFO  statemachine.DatanodeStateMachine (DatanodeStateMachine.java:lambda$startDaemon$0(350)) - Ozone container server started.
2019-08-28 19:31:10,192 | INFO  | SCMAudit | user=jenkins1000 | ip=192.168.69.113 | op=SEND_HEARTBEAT {datanodeUUID=c5bcbe8d-02dd-463d-aab3-dfd296a706f4, command=[]} | ret=SUCCESS |  
2019-08-28 19:31:10,249 | INFO  | SCMAudit | user=jenkins1000 | ip=192.168.69.113 | op=SEND_HEARTBEAT {datanodeUUID=63b1ce8f-7208-4998-b631-5145f20d59fa, command=[]} | ret=SUCCESS |  
2019-08-28 19:31:10,829 | INFO  | SCMAudit | user=jenkins1000 | ip=192.168.69.113 | op=SEND_HEARTBEAT {datanodeUUID=c1b0cc15-b089-4c23-99e9-47ed0bade53e, command=[]} | ret=SUCCESS |  
2019-08-28 19:31:10,833 | INFO  | SCMAudit | user=jenkins1000 | ip=192.168.69.113 | op=SEND_HEARTBEAT {datanodeUUID=322d1ff0-d33a-48c4-9ad0-1ff851e73344, command=[]} | ret=SUCCESS |  
2019-08-28 19:31:10,834 | INFO  | SCMAudit | user=jenkins1000 | ip=192.168.69.113 | op=SEND_HEARTBEAT {datanodeUUID=893d9933-a2b1-4f23-acb1-093dec15f61d, command=[]} | ret=SUCCESS |  
2019-08-28 19:31:11,191 | INFO  | SCMAudit | user=jenkins1000 | ip=192.168.69.113 | op=SEND_HEARTBEAT {datanodeUUID=c5bcbe8d-02dd-463d-aab3-dfd296a706f4, command=[]} | ret=SUCCESS |  
2019-08-28 19:31:11,249 | INFO  | SCMAudit | user=jenkins1000 | ip=192.168.69.113 | op=SEND_HEARTBEAT {datanodeUUID=63b1ce8f-7208-4998-b631-5145f20d59fa, command=[]} | ret=SUCCESS |  
2019-08-28 19:31:11,524 [Thread-3962] INFO  impl.FollowerState (FollowerState.java:run(106)) - c5bcbe8d-02dd-463d-aab3-dfd296a706f4:group-80A2C0CCB592 changes to CANDIDATE, lastRpcTime:5055, electionTimeout:5055ms
2019-08-28 19:31:11,525 [Thread-3962] INFO  impl.RoleInfo (RoleInfo.java:shutdownFollowerState(121)) - c5bcbe8d-02dd-463d-aab3-dfd296a706f4: shutdown FollowerState
2019-08-28 19:31:11,525 [Thread-3962] INFO  impl.RaftServerImpl (RaftServerImpl.java:setRole(171)) - c5bcbe8d-02dd-463d-aab3-dfd296a706f4:group-80A2C0CCB592 changes role from FOLLOWER to CANDIDATE at term 1 for changeToCandidate
2019-08-28 19:31:11,525 [Thread-3962] INFO  impl.RoleInfo (RoleInfo.java:updateAndGet(143)) - c5bcbe8d-02dd-463d-aab3-dfd296a706f4: start LeaderElection
2019-08-28 19:31:11,613 [Thread-3963] INFO  impl.FollowerState (FollowerState.java:run(106)) - fe19b4e3-4861-4e0d-90fc-58955537b207:group-80A2C0CCB592 changes to CANDIDATE, lastRpcTime:5143, electionTimeout:5143ms
2019-08-28 19:31:11,613 [Thread-3963] INFO  impl.RoleInfo (RoleInfo.java:shutdownFollowerState(121)) - fe19b4e3-4861-4e0d-90fc-58955537b207: shutdown FollowerState
2019-08-28 19:31:11,613 [Thread-3963] INFO  impl.RaftServerImpl (RaftServerImpl.java:setRole(171)) - fe19b4e3-4861-4e0d-90fc-58955537b207:group-80A2C0CCB592 changes role from FOLLOWER to CANDIDATE at term 1 for changeToCandidate
2019-08-28 19:31:11,613 [Thread-3963] INFO  impl.RoleInfo (RoleInfo.java:updateAndGet(143)) - fe19b4e3-4861-4e0d-90fc-58955537b207: start LeaderElection
2019-08-28 19:31:11,642 [Thread-3964] INFO  impl.FollowerState (FollowerState.java:run(106)) - 427dba9e-3238-4f6b-b193-fefaba865310:group-80A2C0CCB592 changes to CANDIDATE, lastRpcTime:5170, electionTimeout:5170ms
2019-08-28 19:31:11,642 [Thread-3964] INFO  impl.RoleInfo (RoleInfo.java:shutdownFollowerState(121)) - 427dba9e-3238-4f6b-b193-fefaba865310: shutdown FollowerState
2019-08-28 19:31:11,642 [Thread-3964] INFO  impl.RaftServerImpl (RaftServerImpl.java:setRole(171)) - 427dba9e-3238-4f6b-b193-fefaba865310:group-80A2C0CCB592 changes role from FOLLOWER to CANDIDATE at term 1 for changeToCandidate
2019-08-28 19:31:11,643 [Thread-3964] INFO  impl.RoleInfo (RoleInfo.java:updateAndGet(143)) - 427dba9e-3238-4f6b-b193-fefaba865310: start LeaderElection
2019-08-28 19:31:11,829 | INFO  | SCMAudit | user=jenkins1000 | ip=192.168.69.113 | op=SEND_HEARTBEAT {datanodeUUID=c1b0cc15-b089-4c23-99e9-47ed0bade53e, command=[]} | ret=SUCCESS |  
2019-08-28 19:31:11,833 | INFO  | SCMAudit | user=jenkins1000 | ip=192.168.69.113 | op=SEND_HEARTBEAT {datanodeUUID=322d1ff0-d33a-48c4-9ad0-1ff851e73344, command=[]} | ret=SUCCESS |  
2019-08-28 19:31:11,834 | INFO  | SCMAudit | user=jenkins1000 | ip=192.168.69.113 | op=SEND_HEARTBEAT {datanodeUUID=893d9933-a2b1-4f23-acb1-093dec15f61d, command=[]} | ret=SUCCESS |  
2019-08-28 19:31:12,030 [fe19b4e3-4861-4e0d-90fc-58955537b207:group-80A2C0CCB592:LeaderElection101] INFO  impl.LeaderElection (LeaderElection.java:askForVotes(181)) - fe19b4e3-4861-4e0d-90fc-58955537b207:group-80A2C0CCB592:LeaderElection101: begin an election at term 2 for -1: [c5bcbe8d-02dd-463d-aab3-dfd296a706f4:192.168.69.113:41348, 427dba9e-3238-4f6b-b193-fefaba865310:192.168.69.113:39704, fe19b4e3-4861-4e0d-90fc-58955537b207:192.168.69.113:45775], old=null
2019-08-28 19:31:12,030 [427dba9e-3238-4f6b-b193-fefaba865310:group-80A2C0CCB592:LeaderElection102] INFO  impl.LeaderElection (LeaderElection.java:askForVotes(181)) - 427dba9e-3238-4f6b-b193-fefaba865310:group-80A2C0CCB592:LeaderElection102: begin an election at term 2 for -1: [c5bcbe8d-02dd-463d-aab3-dfd296a706f4:192.168.69.113:41348, 427dba9e-3238-4f6b-b193-fefaba865310:192.168.69.113:39704, fe19b4e3-4861-4e0d-90fc-58955537b207:192.168.69.113:45775], old=null
2019-08-28 19:31:12,030 [c5bcbe8d-02dd-463d-aab3-dfd296a706f4:group-80A2C0CCB592:LeaderElection100] INFO  impl.LeaderElection (LeaderElection.java:askForVotes(181)) - c5bcbe8d-02dd-463d-aab3-dfd296a706f4:group-80A2C0CCB592:LeaderElection100: begin an election at term 2 for -1: [c5bcbe8d-02dd-463d-aab3-dfd296a706f4:192.168.69.113:41348, 427dba9e-3238-4f6b-b193-fefaba865310:192.168.69.113:39704, fe19b4e3-4861-4e0d-90fc-58955537b207:192.168.69.113:45775], old=null
2019-08-28 19:31:12,036 [c5bcbe8d-02dd-463d-aab3-dfd296a706f4:group-80A2C0CCB592:LeaderElection100] INFO  impl.LeaderElection (LeaderElection.java:logAndReturn(56)) - c5bcbe8d-02dd-463d-aab3-dfd296a706f4:group-80A2C0CCB592:LeaderElection100: Election REJECTED; received 2 response(s) [c5bcbe8d-02dd-463d-aab3-dfd296a706f4<-fe19b4e3-4861-4e0d-90fc-58955537b207#0:FAIL-t2, c5bcbe8d-02dd-463d-aab3-dfd296a706f4<-427dba9e-3238-4f6b-b193-fefaba865310#0:FAIL-t2] and 0 exception(s); c5bcbe8d-02dd-463d-aab3-dfd296a706f4:t2, leader=null, voted=c5bcbe8d-02dd-463d-aab3-dfd296a706f4, raftlog=c5bcbe8d-02dd-463d-aab3-dfd296a706f4-SegmentedRaftLog:OPENED:c-1,f-1,i0, conf=-1: [c5bcbe8d-02dd-463d-aab3-dfd296a706f4:192.168.69.113:41348, 427dba9e-3238-4f6b-b193-fefaba865310:192.168.69.113:39704, fe19b4e3-4861-4e0d-90fc-58955537b207:192.168.69.113:45775], old=null
2019-08-28 19:31:12,036 [c5bcbe8d-02dd-463d-aab3-dfd296a706f4:group-80A2C0CCB592:LeaderElection100] INFO  impl.RaftServerImpl (RaftServerImpl.java:setRole(171)) - c5bcbe8d-02dd-463d-aab3-dfd296a706f4:group-80A2C0CCB592 changes role from CANDIDATE to FOLLOWER at term 2 for DISCOVERED_A_NEW_TERM
2019-08-28 19:31:12,036 [c5bcbe8d-02dd-463d-aab3-dfd296a706f4:group-80A2C0CCB592:LeaderElection100] INFO  impl.RoleInfo (RoleInfo.java:shutdownLeaderElection(134)) - c5bcbe8d-02dd-463d-aab3-dfd296a706f4: shutdown LeaderElection
2019-08-28 19:31:12,036 [c5bcbe8d-02dd-463d-aab3-dfd296a706f4:group-80A2C0CCB592:LeaderElection100] INFO  impl.RoleInfo (RoleInfo.java:updateAndGet(143)) - c5bcbe8d-02dd-463d-aab3-dfd296a706f4: start FollowerState
2019-08-28 19:31:12,037 [427dba9e-3238-4f6b-b193-fefaba865310:group-80A2C0CCB592:LeaderElection102] INFO  impl.LeaderElection (LeaderElection.java:logAndReturn(56)) - 427dba9e-3238-4f6b-b193-fefaba865310:group-80A2C0CCB592:LeaderElection102: Election REJECTED; received 2 response(s) [427dba9e-3238-4f6b-b193-fefaba865310<-c5bcbe8d-02dd-463d-aab3-dfd296a706f4#0:FAIL-t2, 427dba9e-3238-4f6b-b193-fefaba865310<-fe19b4e3-4861-4e0d-90fc-58955537b207#0:FAIL-t2] and 0 exception(s); 427dba9e-3238-4f6b-b193-fefaba865310:t2, leader=null, voted=427dba9e-3238-4f6b-b193-fefaba865310, raftlog=427dba9e-3238-4f6b-b193-fefaba865310-SegmentedRaftLog:OPENED:c-1,f-1,i0, conf=-1: [c5bcbe8d-02dd-463d-aab3-dfd296a706f4:192.168.69.113:41348, 427dba9e-3238-4f6b-b193-fefaba865310:192.168.69.113:39704, fe19b4e3-4861-4e0d-90fc-58955537b207:192.168.69.113:45775], old=null
2019-08-28 19:31:12,037 [fe19b4e3-4861-4e0d-90fc-58955537b207:group-80A2C0CCB592:LeaderElection101] INFO  impl.LeaderElection (LeaderElection.java:logAndReturn(56)) - fe19b4e3-4861-4e0d-90fc-58955537b207:group-80A2C0CCB592:LeaderElection101: Election REJECTED; received 2 response(s) [fe19b4e3-4861-4e0d-90fc-58955537b207<-c5bcbe8d-02dd-463d-aab3-dfd296a706f4#0:FAIL-t2, fe19b4e3-4861-4e0d-90fc-58955537b207<-427dba9e-3238-4f6b-b193-fefaba865310#0:FAIL-t2] and 0 exception(s); fe19b4e3-4861-4e0d-90fc-58955537b207:t2, leader=null, voted=fe19b4e3-4861-4e0d-90fc-58955537b207, raftlog=fe19b4e3-4861-4e0d-90fc-58955537b207-SegmentedRaftLog:OPENED:c-1,f-1,i0, conf=-1: [c5bcbe8d-02dd-463d-aab3-dfd296a706f4:192.168.69.113:41348, 427dba9e-3238-4f6b-b193-fefaba865310:192.168.69.113:39704, fe19b4e3-4861-4e0d-90fc-58955537b207:192.168.69.113:45775], old=null
2019-08-28 19:31:12,037 [427dba9e-3238-4f6b-b193-fefaba865310:group-80A2C0CCB592:LeaderElection102] INFO  impl.RaftServerImpl (RaftServerImpl.java:setRole(171)) - 427dba9e-3238-4f6b-b193-fefaba865310:group-80A2C0CCB592 changes role from CANDIDATE to FOLLOWER at term 2 for DISCOVERED_A_NEW_TERM
2019-08-28 19:31:12,037 [fe19b4e3-4861-4e0d-90fc-58955537b207:group-80A2C0CCB592:LeaderElection101] INFO  impl.RaftServerImpl (RaftServerImpl.java:setRole(171)) - fe19b4e3-4861-4e0d-90fc-58955537b207:group-80A2C0CCB592 changes role from CANDIDATE to FOLLOWER at term 2 for DISCOVERED_A_NEW_TERM
2019-08-28 19:31:12,037 [427dba9e-3238-4f6b-b193-fefaba865310:group-80A2C0CCB592:LeaderElection102] INFO  impl.RoleInfo (RoleInfo.java:shutdownLeaderElection(134)) - 427dba9e-3238-4f6b-b193-fefaba865310: shutdown LeaderElection
2019-08-28 19:31:12,038 [fe19b4e3-4861-4e0d-90fc-58955537b207:group-80A2C0CCB592:LeaderElection101] INFO  impl.RoleInfo (RoleInfo.java:shutdownLeaderElection(134)) - fe19b4e3-4861-4e0d-90fc-58955537b207: shutdown LeaderElection
2019-08-28 19:31:12,038 [427dba9e-3238-4f6b-b193-fefaba865310:group-80A2C0CCB592:LeaderElection102] INFO  impl.RoleInfo (RoleInfo.java:updateAndGet(143)) - 427dba9e-3238-4f6b-b193-fefaba865310: start FollowerState
2019-08-28 19:31:12,038 [fe19b4e3-4861-4e0d-90fc-58955537b207:group-80A2C0CCB592:LeaderElection101] INFO  impl.RoleInfo (RoleInfo.java:updateAndGet(143)) - fe19b4e3-4861-4e0d-90fc-58955537b207: start FollowerState
2019-08-28 19:31:12,191 | INFO  | SCMAudit | user=jenkins1000 | ip=192.168.69.113 | op=SEND_HEARTBEAT {datanodeUUID=c5bcbe8d-02dd-463d-aab3-dfd296a706f4, command=[]} | ret=SUCCESS |  
2019-08-28 19:31:12,249 | INFO  | SCMAudit | user=jenkins1000 | ip=192.168.69.113 | op=SEND_HEARTBEAT {datanodeUUID=63b1ce8f-7208-4998-b631-5145f20d59fa, command=[]} | ret=SUCCESS |  
2019-08-28 19:31:12,830 | INFO  | SCMAudit | user=jenkins1000 | ip=192.168.69.113 | op=SEND_HEARTBEAT {datanodeUUID=c1b0cc15-b089-4c23-99e9-47ed0bade53e, command=[]} | ret=SUCCESS |  
2019-08-28 19:31:12,833 | INFO  | SCMAudit | user=jenkins1000 | ip=192.168.69.113 | op=SEND_HEARTBEAT {datanodeUUID=322d1ff0-d33a-48c4-9ad0-1ff851e73344, command=[]} | ret=SUCCESS |  
2019-08-28 19:31:12,834 | INFO  | SCMAudit | user=jenkins1000 | ip=192.168.69.113 | op=SEND_HEARTBEAT {datanodeUUID=893d9933-a2b1-4f23-acb1-093dec15f61d, command=[]} | ret=SUCCESS |  
2019-08-28 19:31:13,192 | INFO  | SCMAudit | user=jenkins1000 | ip=192.168.69.113 | op=SEND_HEARTBEAT {datanodeUUID=c5bcbe8d-02dd-463d-aab3-dfd296a706f4, command=[]} | ret=SUCCESS |  
2019-08-28 19:31:13,249 | INFO  | SCMAudit | user=jenkins1000 | ip=192.168.69.113 | op=SEND_HEARTBEAT {datanodeUUID=63b1ce8f-7208-4998-b631-5145f20d59fa, command=[]} | ret=SUCCESS |  
2019-08-28 19:31:13,829 | INFO  | SCMAudit | user=jenkins1000 | ip=192.168.69.113 | op=SEND_HEARTBEAT {datanodeUUID=c1b0cc15-b089-4c23-99e9-47ed0bade53e, command=[]} | ret=SUCCESS |  
2019-08-28 19:31:13,833 | INFO  | SCMAudit | user=jenkins1000 | ip=192.168.69.113 | op=SEND_HEARTBEAT {datanodeUUID=322d1ff0-d33a-48c4-9ad0-1ff851e73344, command=[]} | ret=SUCCESS |  
2019-08-28 19:31:13,835 | INFO  | SCMAudit | user=jenkins1000 | ip=192.168.69.113 | op=SEND_HEARTBEAT {datanodeUUID=893d9933-a2b1-4f23-acb1-093dec15f61d, command=[]} | ret=SUCCESS |  
2019-08-28 19:31:13,887 [EventQueue-StaleNodeForStaleNodeHandler] INFO  node.StaleNodeHandler (StaleNodeHandler.java:onMessage(58)) - Datanode 427dba9e-3238-4f6b-b193-fefaba865310{ip: 192.168.69.113, host: pr-hdds-1949-vp5nt-881372353, networkLocation: /default-rack, certSerialId: null} moved to stale state. Finalizing its pipelines [PipelineID=0f83ae07-e4db-44ce-8f20-07b4bf93b076, PipelineID=2e2042e9-da0a-4e62-ae5d-80a2c0ccb592]
2019-08-28 19:31:13,887 [EventQueue-StaleNodeForStaleNodeHandler] INFO  pipeline.SCMPipelineManager (SCMPipelineManager.java:finalizeAndDestroyPipeline(309)) - destroying pipeline:Pipeline[ Id: 0f83ae07-e4db-44ce-8f20-07b4bf93b076, Nodes: 427dba9e-3238-4f6b-b193-fefaba865310{ip: 192.168.69.113, host: pr-hdds-1949-vp5nt-881372353, networkLocation: /default-rack, certSerialId: null}, Type:RATIS, Factor:ONE, State:OPEN]
2019-08-28 19:31:13,888 [EventQueue-StaleNodeForStaleNodeHandler] INFO  pipeline.PipelineStateManager (PipelineStateManager.java:finalizePipeline(123)) - Pipeline Pipeline[ Id: 0f83ae07-e4db-44ce-8f20-07b4bf93b076, Nodes: 427dba9e-3238-4f6b-b193-fefaba865310{ip: 192.168.69.113, host: pr-hdds-1949-vp5nt-881372353, networkLocation: /default-rack, certSerialId: null}, Type:RATIS, Factor:ONE, State:CLOSED] moved to CLOSED state
2019-08-28 19:31:13,888 [EventQueue-StaleNodeForStaleNodeHandler] INFO  pipeline.SCMPipelineManager (SCMPipelineManager.java:finalizeAndDestroyPipeline(309)) - destroying pipeline:Pipeline[ Id: 2e2042e9-da0a-4e62-ae5d-80a2c0ccb592, Nodes: c5bcbe8d-02dd-463d-aab3-dfd296a706f4{ip: 192.168.69.113, host: pr-hdds-1949-vp5nt-881372353, networkLocation: /default-rack, certSerialId: null}427dba9e-3238-4f6b-b193-fefaba865310{ip: 192.168.69.113, host: pr-hdds-1949-vp5nt-881372353, networkLocation: /default-rack, certSerialId: null}fe19b4e3-4861-4e0d-90fc-58955537b207{ip: 192.168.69.113, host: pr-hdds-1949-vp5nt-881372353, networkLocation: /default-rack, certSerialId: null}, Type:RATIS, Factor:THREE, State:OPEN]
2019-08-28 19:31:13,888 [EventQueue-StaleNodeForStaleNodeHandler] INFO  pipeline.PipelineStateManager (PipelineStateManager.java:finalizePipeline(123)) - Pipeline Pipeline[ Id: 2e2042e9-da0a-4e62-ae5d-80a2c0ccb592, Nodes: c5bcbe8d-02dd-463d-aab3-dfd296a706f4{ip: 192.168.69.113, host: pr-hdds-1949-vp5nt-881372353, networkLocation: /default-rack, certSerialId: null}427dba9e-3238-4f6b-b193-fefaba865310{ip: 192.168.69.113, host: pr-hdds-1949-vp5nt-881372353, networkLocation: /default-rack, certSerialId: null}fe19b4e3-4861-4e0d-90fc-58955537b207{ip: 192.168.69.113, host: pr-hdds-1949-vp5nt-881372353, networkLocation: /default-rack, certSerialId: null}, Type:RATIS, Factor:THREE, State:CLOSED] moved to CLOSED state
2019-08-28 19:31:14,087 [EventQueue-StaleNodeForStaleNodeHandler] INFO  node.StaleNodeHandler (StaleNodeHandler.java:onMessage(58)) - Datanode fe19b4e3-4861-4e0d-90fc-58955537b207{ip: 192.168.69.113, host: pr-hdds-1949-vp5nt-881372353, networkLocation: /default-rack, certSerialId: null} moved to stale state. Finalizing its pipelines [PipelineID=2e2042e9-da0a-4e62-ae5d-80a2c0ccb592, PipelineID=229e2907-f8f5-4cd6-ae57-bc5460a79f37]
2019-08-28 19:31:14,087 [EventQueue-StaleNodeForStaleNodeHandler] INFO  pipeline.SCMPipelineManager (SCMPipelineManager.java:finalizeAndDestroyPipeline(309)) - destroying pipeline:Pipeline[ Id: 2e2042e9-da0a-4e62-ae5d-80a2c0ccb592, Nodes: c5bcbe8d-02dd-463d-aab3-dfd296a706f4{ip: 192.168.69.113, host: pr-hdds-1949-vp5nt-881372353, networkLocation: /default-rack, certSerialId: null}427dba9e-3238-4f6b-b193-fefaba865310{ip: 192.168.69.113, host: pr-hdds-1949-vp5nt-881372353, networkLocation: /default-rack, certSerialId: null}fe19b4e3-4861-4e0d-90fc-58955537b207{ip: 192.168.69.113, host: pr-hdds-1949-vp5nt-881372353, networkLocation: /default-rack, certSerialId: null}, Type:RATIS, Factor:THREE, State:CLOSED]
2019-08-28 19:31:14,088 [EventQueue-StaleNodeForStaleNodeHandler] INFO  pipeline.SCMPipelineManager (SCMPipelineManager.java:finalizeAndDestroyPipeline(309)) - destroying pipeline:Pipeline[ Id: 229e2907-f8f5-4cd6-ae57-bc5460a79f37, Nodes: fe19b4e3-4861-4e0d-90fc-58955537b207{ip: 192.168.69.113, host: pr-hdds-1949-vp5nt-881372353, networkLocation: /default-rack, certSerialId: null}, Type:RATIS, Factor:ONE, State:OPEN]
2019-08-28 19:31:14,088 [EventQueue-StaleNodeForStaleNodeHandler] INFO  pipeline.PipelineStateManager (PipelineStateManager.java:finalizePipeline(123)) - Pipeline Pipeline[ Id: 229e2907-f8f5-4cd6-ae57-bc5460a79f37, Nodes: fe19b4e3-4861-4e0d-90fc-58955537b207{ip: 192.168.69.113, host: pr-hdds-1949-vp5nt-881372353, networkLocation: /default-rack, certSerialId: null}, Type:RATIS, Factor:ONE, State:CLOSED] moved to CLOSED state
2019-08-28 19:31:14,192 | INFO  | SCMAudit | user=jenkins1000 | ip=192.168.69.113 | op=SEND_HEARTBEAT {datanodeUUID=c5bcbe8d-02dd-463d-aab3-dfd296a706f4, command=[]} | ret=SUCCESS |  
2019-08-28 19:31:14,250 | INFO  | SCMAudit | user=jenkins1000 | ip=192.168.69.113 | op=SEND_HEARTBEAT {datanodeUUID=63b1ce8f-7208-4998-b631-5145f20d59fa, command=[]} | ret=SUCCESS |  
2019-08-28 19:31:14,698 [main] INFO  ozoneimpl.OzoneContainer (OzoneContainer.java:stop(215)) - Attempting to stop container services.
2019-08-28 19:31:14,698 [ForkJoinPool.commonPool-worker-0] INFO  ozoneimpl.OzoneContainer (OzoneContainer.java:stop(215)) - Attempting to stop container services.
2019-08-28 19:31:14,698 [main] INFO  impl.RaftServerProxy (RaftServerProxy.java:lambda$close$4(314)) - fe19b4e3-4861-4e0d-90fc-58955537b207: close
2019-08-28 19:31:14,699 [ForkJoinPool.commonPool-worker-0] INFO  impl.RaftServerProxy (RaftServerProxy.java:lambda$close$4(314)) - 427dba9e-3238-4f6b-b193-fefaba865310: close
2019-08-28 19:31:14,702 [main] INFO  impl.RaftServerImpl (RaftServerImpl.java:lambda$shutdown$3(245)) - fe19b4e3-4861-4e0d-90fc-58955537b207: shutdown group-80A2C0CCB592
2019-08-28 19:31:14,703 [ForkJoinPool.commonPool-worker-0] INFO  impl.RaftServerImpl (RaftServerImpl.java:lambda$shutdown$3(245)) - 427dba9e-3238-4f6b-b193-fefaba865310: shutdown group-07B4BF93B076
2019-08-28 19:31:14,703 [main] INFO  util.JmxRegister (JmxRegister.java:unregister(73)) - Successfully un-registered JMX Bean with object name Ratis:service=RaftServer,group=group-80A2C0CCB592,id=fe19b4e3-4861-4e0d-90fc-58955537b207
2019-08-28 19:31:14,704 [main] INFO  impl.RoleInfo (RoleInfo.java:shutdownFollowerState(121)) - fe19b4e3-4861-4e0d-90fc-58955537b207: shutdown FollowerState
2019-08-28 19:31:14,703 [ForkJoinPool.commonPool-worker-0] INFO  util.JmxRegister (JmxRegister.java:unregister(73)) - Successfully un-registered JMX Bean with object name Ratis:service=RaftServer,group=group-07B4BF93B076,id=427dba9e-3238-4f6b-b193-fefaba865310
2019-08-28 19:31:14,704 [Thread-4011] INFO  impl.FollowerState (FollowerState.java:run(114)) - fe19b4e3-4861-4e0d-90fc-58955537b207: FollowerState was interrupted: java.lang.InterruptedException: sleep interrupted
2019-08-28 19:31:14,704 [main] INFO  impl.StateMachineUpdater (StateMachineUpdater.java:stopAndJoin(115)) - StateMachineUpdater:fe19b4e3-4861-4e0d-90fc-58955537b207:group-80A2C0CCB592: set stopIndex = -1
2019-08-28 19:31:14,708 [main] INFO  impl.RaftServerImpl (ServerState.java:close(394)) - fe19b4e3-4861-4e0d-90fc-58955537b207:group-80A2C0CCB592 closes. The last applied log index is -1
2019-08-28 19:31:14,704 [ForkJoinPool.commonPool-worker-0] INFO  impl.RoleInfo (RoleInfo.java:shutdownLeaderState(104)) - 427dba9e-3238-4f6b-b193-fefaba865310: shutdown LeaderState
2019-08-28 19:31:14,708 [fe19b4e3-4861-4e0d-90fc-58955537b207-SegmentedRaftLogWorker:Storage Directory /workdir/hadoop-ozone/integration-test/target/test-dir/MiniOzoneClusterImpl-4c216f00-9015-443b-bac6-aeadc5876bb8/datanode-4/data/ratis/2e2042e9-da0a-4e62-ae5d-80a2c0ccb592] INFO  segmented.SegmentedRaftLogWorker (SegmentedRaftLogWorker.java:run(313)) - fe19b4e3-4861-4e0d-90fc-58955537b207-SegmentedRaftLogWorker:Storage Directory /workdir/hadoop-ozone/integration-test/target/test-dir/MiniOzoneClusterImpl-4c216f00-9015-443b-bac6-aeadc5876bb8/datanode-4/data/ratis/2e2042e9-da0a-4e62-ae5d-80a2c0ccb592 was interrupted, exiting. There are 0 tasks remaining in the queue.
2019-08-28 19:31:14,708 [ForkJoinPool.commonPool-worker-0] INFO  impl.PendingRequests (PendingRequests.java:sendNotLeaderResponses(202)) - 427dba9e-3238-4f6b-b193-fefaba865310-PendingRequests: sendNotLeaderResponses
2019-08-28 19:31:14,709 [main] INFO  segmented.SegmentedRaftLogWorker (SegmentedRaftLogWorker.java:close(228)) - fe19b4e3-4861-4e0d-90fc-58955537b207-SegmentedRaftLogWorker:Storage Directory /workdir/hadoop-ozone/integration-test/target/test-dir/MiniOzoneClusterImpl-4c216f00-9015-443b-bac6-aeadc5876bb8/datanode-4/data/ratis/2e2042e9-da0a-4e62-ae5d-80a2c0ccb592 close()
2019-08-28 19:31:14,709 [ForkJoinPool.commonPool-worker-0] INFO  impl.StateMachineUpdater (StateMachineUpdater.java:stopAndJoin(115)) - StateMachineUpdater:427dba9e-3238-4f6b-b193-fefaba865310:group-07B4BF93B076: set stopIndex = 0
2019-08-28 19:31:14,713 [main] INFO  impl.RaftServerImpl (RaftServerImpl.java:lambda$shutdown$3(245)) - fe19b4e3-4861-4e0d-90fc-58955537b207: shutdown group-BC5460A79F37
2019-08-28 19:31:14,713 [ForkJoinPool.commonPool-worker-0] INFO  impl.RaftServerImpl (ServerState.java:close(394)) - 427dba9e-3238-4f6b-b193-fefaba865310:group-07B4BF93B076 closes. The last applied log index is 0
2019-08-28 19:31:14,713 [main] INFO  util.JmxRegister (JmxRegister.java:unregister(73)) - Successfully un-registered JMX Bean with object name Ratis:service=RaftServer,group=group-BC5460A79F37,id=fe19b4e3-4861-4e0d-90fc-58955537b207
2019-08-28 19:31:14,714 [427dba9e-3238-4f6b-b193-fefaba865310-SegmentedRaftLogWorker:Storage Directory /workdir/hadoop-ozone/integration-test/target/test-dir/MiniOzoneClusterImpl-4c216f00-9015-443b-bac6-aeadc5876bb8/datanode-1/data/ratis/0f83ae07-e4db-44ce-8f20-07b4bf93b076] INFO  segmented.SegmentedRaftLogWorker (SegmentedRaftLogWorker.java:run(313)) - 427dba9e-3238-4f6b-b193-fefaba865310-SegmentedRaftLogWorker:Storage Directory /workdir/hadoop-ozone/integration-test/target/test-dir/MiniOzoneClusterImpl-4c216f00-9015-443b-bac6-aeadc5876bb8/datanode-1/data/ratis/0f83ae07-e4db-44ce-8f20-07b4bf93b076 was interrupted, exiting. There are 0 tasks remaining in the queue.
2019-08-28 19:31:14,714 [main] INFO  impl.RoleInfo (RoleInfo.java:shutdownLeaderState(104)) - fe19b4e3-4861-4e0d-90fc-58955537b207: shutdown LeaderState
2019-08-28 19:31:14,716 [ForkJoinPool.commonPool-worker-0] INFO  segmented.SegmentedRaftLogWorker (SegmentedRaftLogWorker.java:close(228)) - 427dba9e-3238-4f6b-b193-fefaba865310-SegmentedRaftLogWorker:Storage Directory /workdir/hadoop-ozone/integration-test/target/test-dir/MiniOzoneClusterImpl-4c216f00-9015-443b-bac6-aeadc5876bb8/datanode-1/data/ratis/0f83ae07-e4db-44ce-8f20-07b4bf93b076 close()
2019-08-28 19:31:14,716 [main] INFO  impl.PendingRequests (PendingRequests.java:sendNotLeaderResponses(202)) - fe19b4e3-4861-4e0d-90fc-58955537b207-PendingRequests: sendNotLeaderResponses
2019-08-28 19:31:14,720 [ForkJoinPool.commonPool-worker-0] INFO  impl.RaftServerImpl (RaftServerImpl.java:lambda$shutdown$3(245)) - 427dba9e-3238-4f6b-b193-fefaba865310: shutdown group-80A2C0CCB592
2019-08-28 19:31:14,720 [main] INFO  impl.StateMachineUpdater (StateMachineUpdater.java:stopAndJoin(115)) - StateMachineUpdater:fe19b4e3-4861-4e0d-90fc-58955537b207:group-BC5460A79F37: set stopIndex = 0
2019-08-28 19:31:14,720 [ForkJoinPool.commonPool-worker-0] INFO  util.JmxRegister (JmxRegister.java:unregister(73)) - Successfully un-registered JMX Bean with object name Ratis:service=RaftServer,group=group-80A2C0CCB592,id=427dba9e-3238-4f6b-b193-fefaba865310
2019-08-28 19:31:14,721 [main] INFO  impl.RaftServerImpl (ServerState.java:close(394)) - fe19b4e3-4861-4e0d-90fc-58955537b207:group-BC5460A79F37 closes. The last applied log index is 0
2019-08-28 19:31:14,721 [ForkJoinPool.commonPool-worker-0] INFO  impl.RoleInfo (RoleInfo.java:shutdownFollowerState(121)) - 427dba9e-3238-4f6b-b193-fefaba865310: shutdown FollowerState
2019-08-28 19:31:14,721 [fe19b4e3-4861-4e0d-90fc-58955537b207-SegmentedRaftLogWorker:Storage Directory /workdir/hadoop-ozone/integration-test/target/test-dir/MiniOzoneClusterImpl-4c216f00-9015-443b-bac6-aeadc5876bb8/datanode-4/data/ratis/229e2907-f8f5-4cd6-ae57-bc5460a79f37] INFO  segmented.SegmentedRaftLogWorker (SegmentedRaftLogWorker.java:run(313)) - fe19b4e3-4861-4e0d-90fc-58955537b207-SegmentedRaftLogWorker:Storage Directory /workdir/hadoop-ozone/integration-test/target/test-dir/MiniOzoneClusterImpl-4c216f00-9015-443b-bac6-aeadc5876bb8/datanode-4/data/ratis/229e2907-f8f5-4cd6-ae57-bc5460a79f37 was interrupted, exiting. There are 0 tasks remaining in the queue.
2019-08-28 19:31:14,722 [Thread-4010] INFO  impl.FollowerState (FollowerState.java:run(114)) - 427dba9e-3238-4f6b-b193-fefaba865310: FollowerState was interrupted: java.lang.InterruptedException: sleep interrupted
2019-08-28 19:31:14,722 [ForkJoinPool.commonPool-worker-0] INFO  impl.StateMachineUpdater (StateMachineUpdater.java:stopAndJoin(115)) - StateMachineUpdater:427dba9e-3238-4f6b-b193-fefaba865310:group-80A2C0CCB592: set stopIndex = -1
2019-08-28 19:31:14,725 [main] INFO  segmented.SegmentedRaftLogWorker (SegmentedRaftLogWorker.java:close(228)) - fe19b4e3-4861-4e0d-90fc-58955537b207-SegmentedRaftLogWorker:Storage Directory /workdir/hadoop-ozone/integration-test/target/test-dir/MiniOzoneClusterImpl-4c216f00-9015-443b-bac6-aeadc5876bb8/datanode-4/data/ratis/229e2907-f8f5-4cd6-ae57-bc5460a79f37 close()
2019-08-28 19:31:14,725 [ForkJoinPool.commonPool-worker-0] INFO  impl.RaftServerImpl (ServerState.java:close(394)) - 427dba9e-3238-4f6b-b193-fefaba865310:group-80A2C0CCB592 closes. The last applied log index is -1
2019-08-28 19:31:14,729 [main] INFO  server.GrpcService (GrpcService.java:closeImpl(155)) - fe19b4e3-4861-4e0d-90fc-58955537b207: shutdown server with port 45775 now
2019-08-28 19:31:14,729 [427dba9e-3238-4f6b-b193-fefaba865310-SegmentedRaftLogWorker:Storage Directory /workdir/hadoop-ozone/integration-test/target/test-dir/MiniOzoneClusterImpl-4c216f00-9015-443b-bac6-aeadc5876bb8/datanode-1/data/ratis/2e2042e9-da0a-4e62-ae5d-80a2c0ccb592] INFO  segmented.SegmentedRaftLogWorker (SegmentedRaftLogWorker.java:run(313)) - 427dba9e-3238-4f6b-b193-fefaba865310-SegmentedRaftLogWorker:Storage Directory /workdir/hadoop-ozone/integration-test/target/test-dir/MiniOzoneClusterImpl-4c216f00-9015-443b-bac6-aeadc5876bb8/datanode-1/data/ratis/2e2042e9-da0a-4e62-ae5d-80a2c0ccb592 was interrupted, exiting. There are 0 tasks remaining in the queue.
2019-08-28 19:31:14,730 [ForkJoinPool.commonPool-worker-0] INFO  segmented.SegmentedRaftLogWorker (SegmentedRaftLogWorker.java:close(228)) - 427dba9e-3238-4f6b-b193-fefaba865310-SegmentedRaftLogWorker:Storage Directory /workdir/hadoop-ozone/integration-test/target/test-dir/MiniOzoneClusterImpl-4c216f00-9015-443b-bac6-aeadc5876bb8/datanode-1/data/ratis/2e2042e9-da0a-4e62-ae5d-80a2c0ccb592 close()
2019-08-28 19:31:14,733 [ForkJoinPool.commonPool-worker-0] INFO  server.GrpcService (GrpcService.java:closeImpl(155)) - 427dba9e-3238-4f6b-b193-fefaba865310: shutdown server with port 39704 now
2019-08-28 19:31:14,734 [main] INFO  server.GrpcService (GrpcService.java:closeImpl(163)) - fe19b4e3-4861-4e0d-90fc-58955537b207: shutdown server with port 45775 successfully
2019-08-28 19:31:14,734 [ForkJoinPool.commonPool-worker-0] INFO  server.GrpcService (GrpcService.java:closeImpl(163)) - 427dba9e-3238-4f6b-b193-fefaba865310: shutdown server with port 39704 successfully
2019-08-28 19:31:14,736 [refreshUsed-/workdir/hadoop-ozone/integration-test/target/test-dir/MiniOzoneClusterImpl-4c216f00-9015-443b-bac6-aeadc5876bb8/datanode-4/data/containers] WARN  fs.CachingGetSpaceUsed (CachingGetSpaceUsed.java:run(183)) - Thread Interrupted waiting to refresh disk information: sleep interrupted
2019-08-28 19:31:14,738 [refreshUsed-/workdir/hadoop-ozone/integration-test/target/test-dir/MiniOzoneClusterImpl-4c216f00-9015-443b-bac6-aeadc5876bb8/datanode-1/data/containers] WARN  fs.CachingGetSpaceUsed (CachingGetSpaceUsed.java:run(183)) - Thread Interrupted waiting to refresh disk information: sleep interrupted
2019-08-28 19:31:14,754 [main] INFO  utils.BackgroundService (BackgroundService.java:shutdown(148)) - Shutting down service BlockDeletingService
2019-08-28 19:31:14,765 [main] INFO  statemachine.DatanodeStateMachine (DatanodeStateMachine.java:stopDaemon(395)) - Ozone container server stopped.
2019-08-28 19:31:14,765 [ForkJoinPool.commonPool-worker-0] INFO  utils.BackgroundService (BackgroundService.java:shutdown(148)) - Shutting down service BlockDeletingService
2019-08-28 19:31:14,767 [main] INFO  handler.ContextHandler (ContextHandler.java:doStop(910)) - Stopped o.e.j.w.WebAppContext@7c901203{/,null,UNAVAILABLE}{/hddsDatanode}
2019-08-28 19:31:14,769 [ForkJoinPool.commonPool-worker-0] INFO  statemachine.DatanodeStateMachine (DatanodeStateMachine.java:stopDaemon(395)) - Ozone container server stopped.
2019-08-28 19:31:14,772 [main] INFO  server.AbstractConnector (AbstractConnector.java:doStop(318)) - Stopped ServerConnector@1e721583{HTTP/1.1,[http/1.1]}{0.0.0.0:0}
2019-08-28 19:31:14,773 [ForkJoinPool.commonPool-worker-0] INFO  handler.ContextHandler (ContextHandler.java:doStop(910)) - Stopped o.e.j.w.WebAppContext@6bb4cc0e{/,null,UNAVAILABLE}{/hddsDatanode}
2019-08-28 19:31:14,773 [main] INFO  handler.ContextHandler (ContextHandler.java:doStop(910)) - Stopped o.e.j.s.ServletContextHandler@5e68be2{/static,jar:file:/home/user/.m2/repository/org/apache/hadoop/hadoop-hdds-container-service/0.5.0-SNAPSHOT/hadoop-hdds-container-service-0.5.0-SNAPSHOT.jar!/webapps/static,UNAVAILABLE}
2019-08-28 19:31:14,774 [ForkJoinPool.commonPool-worker-0] INFO  server.AbstractConnector (AbstractConnector.java:doStop(318)) - Stopped ServerConnector@5cc1bf20{HTTP/1.1,[http/1.1]}{0.0.0.0:0}
2019-08-28 19:31:14,774 [main] INFO  handler.ContextHandler (ContextHandler.java:doStop(910)) - Stopped o.e.j.s.ServletContextHandler@2fbd390{/logs,file:///workdir/hadoop-ozone/integration-test/target/log,UNAVAILABLE}
2019-08-28 19:31:14,775 [ForkJoinPool.commonPool-worker-0] INFO  handler.ContextHandler (ContextHandler.java:doStop(910)) - Stopped o.e.j.s.ServletContextHandler@5844a2d1{/static,jar:file:/home/user/.m2/repository/org/apache/hadoop/hadoop-hdds-container-service/0.5.0-SNAPSHOT/hadoop-hdds-container-service-0.5.0-SNAPSHOT.jar!/webapps/static,UNAVAILABLE}
2019-08-28 19:31:14,777 [ForkJoinPool.commonPool-worker-0] INFO  handler.ContextHandler (ContextHandler.java:doStop(910)) - Stopped o.e.j.s.ServletContextHandler@401317a0{/logs,file:///workdir/hadoop-ozone/integration-test/target/log,UNAVAILABLE}
2019-08-28 19:31:14,829 [Datanode State Machine Thread - 0] INFO  statemachine.DatanodeStateMachine (DatanodeStateMachine.java:lambda$startDaemon$0(350)) - Ozone container server started.
2019-08-28 19:31:14,833 [Datanode State Machine Thread - 0] INFO  statemachine.DatanodeStateMachine (DatanodeStateMachine.java:lambda$startDaemon$0(350)) - Ozone container server started.
2019-08-28 19:31:14,835 | INFO  | SCMAudit | user=jenkins1000 | ip=192.168.69.113 | op=SEND_HEARTBEAT {datanodeUUID=893d9933-a2b1-4f23-acb1-093dec15f61d, command=[]} | ret=SUCCESS |  
2019-08-28 19:31:15,192 | INFO  | SCMAudit | user=jenkins1000 | ip=192.168.69.113 | op=SEND_HEARTBEAT {datanodeUUID=c5bcbe8d-02dd-463d-aab3-dfd296a706f4, command=[]} | ret=SUCCESS |  
2019-08-28 19:31:15,250 | INFO  | SCMAudit | user=jenkins1000 | ip=192.168.69.113 | op=SEND_HEARTBEAT {datanodeUUID=63b1ce8f-7208-4998-b631-5145f20d59fa, command=[]} | ret=SUCCESS |  
2019-08-28 19:31:15,836 | INFO  | SCMAudit | user=jenkins1000 | ip=192.168.69.113 | op=SEND_HEARTBEAT {datanodeUUID=893d9933-a2b1-4f23-acb1-093dec15f61d, command=[]} | ret=SUCCESS |  
2019-08-28 19:31:16,193 | INFO  | SCMAudit | user=jenkins1000 | ip=192.168.69.113 | op=SEND_HEARTBEAT {datanodeUUID=c5bcbe8d-02dd-463d-aab3-dfd296a706f4, command=[]} | ret=SUCCESS |  
2019-08-28 19:31:16,250 | INFO  | SCMAudit | user=jenkins1000 | ip=192.168.69.113 | op=SEND_HEARTBEAT {datanodeUUID=63b1ce8f-7208-4998-b631-5145f20d59fa, command=[]} | ret=SUCCESS |  
2019-08-28 19:31:16,836 | INFO  | SCMAudit | user=jenkins1000 | ip=192.168.69.113 | op=SEND_HEARTBEAT {datanodeUUID=893d9933-a2b1-4f23-acb1-093dec15f61d, command=[]} | ret=SUCCESS |  
2019-08-28 19:31:17,168 [Thread-4009] INFO  impl.FollowerState (FollowerState.java:run(106)) - c5bcbe8d-02dd-463d-aab3-dfd296a706f4:group-80A2C0CCB592 changes to CANDIDATE, lastRpcTime:5131, electionTimeout:5131ms
2019-08-28 19:31:17,168 [Thread-4009] INFO  impl.RoleInfo (RoleInfo.java:shutdownFollowerState(121)) - c5bcbe8d-02dd-463d-aab3-dfd296a706f4: shutdown FollowerState
2019-08-28 19:31:17,169 [Thread-4009] INFO  impl.RaftServerImpl (RaftServerImpl.java:setRole(171)) - c5bcbe8d-02dd-463d-aab3-dfd296a706f4:group-80A2C0CCB592 changes role from FOLLOWER to CANDIDATE at term 2 for changeToCandidate
2019-08-28 19:31:17,169 [Thread-4009] INFO  impl.RoleInfo (RoleInfo.java:updateAndGet(143)) - c5bcbe8d-02dd-463d-aab3-dfd296a706f4: start LeaderElection
2019-08-28 19:31:17,190 [c5bcbe8d-02dd-463d-aab3-dfd296a706f4:group-80A2C0CCB592:LeaderElection103] INFO  impl.LeaderElection (LeaderElection.java:askForVotes(181)) - c5bcbe8d-02dd-463d-aab3-dfd296a706f4:group-80A2C0CCB592:LeaderElection103: begin an election at term 3 for -1: [c5bcbe8d-02dd-463d-aab3-dfd296a706f4:192.168.69.113:41348, 427dba9e-3238-4f6b-b193-fefaba865310:192.168.69.113:39704, fe19b4e3-4861-4e0d-90fc-58955537b207:192.168.69.113:45775], old=null
2019-08-28 19:31:17,195 | INFO  | SCMAudit | user=jenkins1000 | ip=192.168.69.113 | op=SEND_HEARTBEAT {datanodeUUID=c5bcbe8d-02dd-463d-aab3-dfd296a706f4, command=[]} | ret=SUCCESS |  
2019-08-28 19:31:17,192 [c5bcbe8d-02dd-463d-aab3-dfd296a706f4:group-80A2C0CCB592:LeaderElection103] INFO  impl.LeaderElection (LogUtils.java:infoOrTrace(149)) - c5bcbe8d-02dd-463d-aab3-dfd296a706f4:group-80A2C0CCB592:LeaderElection103 got exception when requesting votes: {}
java.util.concurrent.ExecutionException: org.apache.ratis.thirdparty.io.grpc.StatusRuntimeException: UNAVAILABLE: io exception
	at java.util.concurrent.FutureTask.report(FutureTask.java:122)
	at java.util.concurrent.FutureTask.get(FutureTask.java:192)
	at org.apache.ratis.server.impl.LeaderElection.waitForResults(LeaderElection.java:262)
	at org.apache.ratis.server.impl.LeaderElection.askForVotes(LeaderElection.java:200)
	at org.apache.ratis.server.impl.LeaderElection.run(LeaderElection.java:130)
	at java.lang.Thread.run(Thread.java:748)
Caused by: org.apache.ratis.thirdparty.io.grpc.StatusRuntimeException: UNAVAILABLE: io exception
	at org.apache.ratis.thirdparty.io.grpc.stub.ClientCalls.toStatusRuntimeException(ClientCalls.java:233)
	at org.apache.ratis.thirdparty.io.grpc.stub.ClientCalls.getUnchecked(ClientCalls.java:214)
	at org.apache.ratis.thirdparty.io.grpc.stub.ClientCalls.blockingUnaryCall(ClientCalls.java:139)
	at org.apache.ratis.proto.grpc.RaftServerProtocolServiceGrpc$RaftServerProtocolServiceBlockingStub.requestVote(RaftServerProtocolServiceGrpc.java:265)
	at org.apache.ratis.grpc.server.GrpcServerProtocolClient.requestVote(GrpcServerProtocolClient.java:83)
	at org.apache.ratis.grpc.server.GrpcService.requestVote(GrpcService.java:195)
	at org.apache.ratis.server.impl.LeaderElection.lambda$submitRequests$1(LeaderElection.java:237)
	at java.util.concurrent.FutureTask.run(FutureTask.java:266)
	at java.util.concurrent.Executors$RunnableAdapter.call(Executors.java:511)
	at java.util.concurrent.FutureTask.run(FutureTask.java:266)
	at java.util.concurrent.ThreadPoolExecutor.runWorker(ThreadPoolExecutor.java:1149)
	at java.util.concurrent.ThreadPoolExecutor$Worker.run(ThreadPoolExecutor.java:624)
	... 1 more
Caused by: org.apache.ratis.thirdparty.io.netty.channel.AbstractChannel$AnnotatedConnectException: Connection refused: /192.168.69.113:39704
	at sun.nio.ch.SocketChannelImpl.checkConnect(Native Method)
	at sun.nio.ch.SocketChannelImpl.finishConnect(SocketChannelImpl.java:717)
	at org.apache.ratis.thirdparty.io.netty.channel.socket.nio.NioSocketChannel.doFinishConnect(NioSocketChannel.java:327)
	at org.apache.ratis.thirdparty.io.netty.channel.nio.AbstractNioChannel$AbstractNioUnsafe.finishConnect(AbstractNioChannel.java:340)
	at org.apache.ratis.thirdparty.io.netty.channel.nio.NioEventLoop.processSelectedKey(NioEventLoop.java:632)
	at org.apache.ratis.thirdparty.io.netty.channel.nio.NioEventLoop.processSelectedKeysOptimized(NioEventLoop.java:579)
	at org.apache.ratis.thirdparty.io.netty.channel.nio.NioEventLoop.processSelectedKeys(NioEventLoop.java:496)
	at org.apache.ratis.thirdparty.io.netty.channel.nio.NioEventLoop.run(NioEventLoop.java:458)
	at org.apache.ratis.thirdparty.io.netty.util.concurrent.SingleThreadEventExecutor$5.run(SingleThreadEventExecutor.java:897)
	at org.apache.ratis.thirdparty.io.netty.util.concurrent.FastThreadLocalRunnable.run(FastThreadLocalRunnable.java:30)
	... 1 more
Caused by: java.net.ConnectException: Connection refused
	... 11 more
2019-08-28 19:31:17,195 [c5bcbe8d-02dd-463d-aab3-dfd296a706f4:group-80A2C0CCB592:LeaderElection103] INFO  impl.LeaderElection (LogUtils.java:infoOrTrace(149)) - c5bcbe8d-02dd-463d-aab3-dfd296a706f4:group-80A2C0CCB592:LeaderElection103 got exception when requesting votes: {}
java.util.concurrent.ExecutionException: org.apache.ratis.thirdparty.io.grpc.StatusRuntimeException: UNAVAILABLE: io exception
	at java.util.concurrent.FutureTask.report(FutureTask.java:122)
	at java.util.concurrent.FutureTask.get(FutureTask.java:192)
	at org.apache.ratis.server.impl.LeaderElection.waitForResults(LeaderElection.java:262)
	at org.apache.ratis.server.impl.LeaderElection.askForVotes(LeaderElection.java:200)
	at org.apache.ratis.server.impl.LeaderElection.run(LeaderElection.java:130)
	at java.lang.Thread.run(Thread.java:748)
Caused by: org.apache.ratis.thirdparty.io.grpc.StatusRuntimeException: UNAVAILABLE: io exception
	at org.apache.ratis.thirdparty.io.grpc.stub.ClientCalls.toStatusRuntimeException(ClientCalls.java:233)
	at org.apache.ratis.thirdparty.io.grpc.stub.ClientCalls.getUnchecked(ClientCalls.java:214)
	at org.apache.ratis.thirdparty.io.grpc.stub.ClientCalls.blockingUnaryCall(ClientCalls.java:139)
	at org.apache.ratis.proto.grpc.RaftServerProtocolServiceGrpc$RaftServerProtocolServiceBlockingStub.requestVote(RaftServerProtocolServiceGrpc.java:265)
	at org.apache.ratis.grpc.server.GrpcServerProtocolClient.requestVote(GrpcServerProtocolClient.java:83)
	at org.apache.ratis.grpc.server.GrpcService.requestVote(GrpcService.java:195)
	at org.apache.ratis.server.impl.LeaderElection.lambda$submitRequests$1(LeaderElection.java:237)
	at java.util.concurrent.FutureTask.run(FutureTask.java:266)
	at java.util.concurrent.Executors$RunnableAdapter.call(Executors.java:511)
	at java.util.concurrent.FutureTask.run(FutureTask.java:266)
	at java.util.concurrent.ThreadPoolExecutor.runWorker(ThreadPoolExecutor.java:1149)
	at java.util.concurrent.ThreadPoolExecutor$Worker.run(ThreadPoolExecutor.java:624)
	... 1 more
Caused by: org.apache.ratis.thirdparty.io.netty.channel.AbstractChannel$AnnotatedConnectException: Connection refused: /192.168.69.113:45775
	at sun.nio.ch.SocketChannelImpl.checkConnect(Native Method)
	at sun.nio.ch.SocketChannelImpl.finishConnect(SocketChannelImpl.java:717)
	at org.apache.ratis.thirdparty.io.netty.channel.socket.nio.NioSocketChannel.doFinishConnect(NioSocketChannel.java:327)
	at org.apache.ratis.thirdparty.io.netty.channel.nio.AbstractNioChannel$AbstractNioUnsafe.finishConnect(AbstractNioChannel.java:340)
	at org.apache.ratis.thirdparty.io.netty.channel.nio.NioEventLoop.processSelectedKey(NioEventLoop.java:632)
	at org.apache.ratis.thirdparty.io.netty.channel.nio.NioEventLoop.processSelectedKeysOptimized(NioEventLoop.java:579)
	at org.apache.ratis.thirdparty.io.netty.channel.nio.NioEventLoop.processSelectedKeys(NioEventLoop.java:496)
	at org.apache.ratis.thirdparty.io.netty.channel.nio.NioEventLoop.run(NioEventLoop.java:458)
	at org.apache.ratis.thirdparty.io.netty.util.concurrent.SingleThreadEventExecutor$5.run(SingleThreadEventExecutor.java:897)
	at org.apache.ratis.thirdparty.io.netty.util.concurrent.FastThreadLocalRunnable.run(FastThreadLocalRunnable.java:30)
	... 1 more
Caused by: java.net.ConnectException: Connection refused
	... 11 more
2019-08-28 19:31:17,197 [c5bcbe8d-02dd-463d-aab3-dfd296a706f4:group-80A2C0CCB592:LeaderElection103] INFO  impl.LeaderElection (LeaderElection.java:logAndReturn(56)) - c5bcbe8d-02dd-463d-aab3-dfd296a706f4:group-80A2C0CCB592:LeaderElection103: Election REJECTED; received 0 response(s) [] and 2 exception(s); c5bcbe8d-02dd-463d-aab3-dfd296a706f4:t3, leader=null, voted=c5bcbe8d-02dd-463d-aab3-dfd296a706f4, raftlog=c5bcbe8d-02dd-463d-aab3-dfd296a706f4-SegmentedRaftLog:OPENED:c-1,f-1,i0, conf=-1: [c5bcbe8d-02dd-463d-aab3-dfd296a706f4:192.168.69.113:41348, 427dba9e-3238-4f6b-b193-fefaba865310:192.168.69.113:39704, fe19b4e3-4861-4e0d-90fc-58955537b207:192.168.69.113:45775], old=null
2019-08-28 19:31:17,198 [c5bcbe8d-02dd-463d-aab3-dfd296a706f4:group-80A2C0CCB592:LeaderElection103] INFO  impl.LeaderElection (LogUtils.java:infoOrTrace(149)) -   Exception 0: {}
java.util.concurrent.ExecutionException: org.apache.ratis.thirdparty.io.grpc.StatusRuntimeException: UNAVAILABLE: io exception
	at java.util.concurrent.FutureTask.report(FutureTask.java:122)
	at java.util.concurrent.FutureTask.get(FutureTask.java:192)
	at org.apache.ratis.server.impl.LeaderElection.waitForResults(LeaderElection.java:262)
	at org.apache.ratis.server.impl.LeaderElection.askForVotes(LeaderElection.java:200)
	at org.apache.ratis.server.impl.LeaderElection.run(LeaderElection.java:130)
	at java.lang.Thread.run(Thread.java:748)
Caused by: org.apache.ratis.thirdparty.io.grpc.StatusRuntimeException: UNAVAILABLE: io exception
	at org.apache.ratis.thirdparty.io.grpc.stub.ClientCalls.toStatusRuntimeException(ClientCalls.java:233)
	at org.apache.ratis.thirdparty.io.grpc.stub.ClientCalls.getUnchecked(ClientCalls.java:214)
	at org.apache.ratis.thirdparty.io.grpc.stub.ClientCalls.blockingUnaryCall(ClientCalls.java:139)
	at org.apache.ratis.proto.grpc.RaftServerProtocolServiceGrpc$RaftServerProtocolServiceBlockingStub.requestVote(RaftServerProtocolServiceGrpc.java:265)
	at org.apache.ratis.grpc.server.GrpcServerProtocolClient.requestVote(GrpcServerProtocolClient.java:83)
	at org.apache.ratis.grpc.server.GrpcService.requestVote(GrpcService.java:195)
	at org.apache.ratis.server.impl.LeaderElection.lambda$submitRequests$1(LeaderElection.java:237)
	at java.util.concurrent.FutureTask.run(FutureTask.java:266)
	at java.util.concurrent.Executors$RunnableAdapter.call(Executors.java:511)
	at java.util.concurrent.FutureTask.run(FutureTask.java:266)
	at java.util.concurrent.ThreadPoolExecutor.runWorker(ThreadPoolExecutor.java:1149)
	at java.util.concurrent.ThreadPoolExecutor$Worker.run(ThreadPoolExecutor.java:624)
	... 1 more
Caused by: org.apache.ratis.thirdparty.io.netty.channel.AbstractChannel$AnnotatedConnectException: Connection refused: /192.168.69.113:39704
	at sun.nio.ch.SocketChannelImpl.checkConnect(Native Method)
	at sun.nio.ch.SocketChannelImpl.finishConnect(SocketChannelImpl.java:717)
	at org.apache.ratis.thirdparty.io.netty.channel.socket.nio.NioSocketChannel.doFinishConnect(NioSocketChannel.java:327)
	at org.apache.ratis.thirdparty.io.netty.channel.nio.AbstractNioChannel$AbstractNioUnsafe.finishConnect(AbstractNioChannel.java:340)
	at org.apache.ratis.thirdparty.io.netty.channel.nio.NioEventLoop.processSelectedKey(NioEventLoop.java:632)
	at org.apache.ratis.thirdparty.io.netty.channel.nio.NioEventLoop.processSelectedKeysOptimized(NioEventLoop.java:579)
	at org.apache.ratis.thirdparty.io.netty.channel.nio.NioEventLoop.processSelectedKeys(NioEventLoop.java:496)
	at org.apache.ratis.thirdparty.io.netty.channel.nio.NioEventLoop.run(NioEventLoop.java:458)
	at org.apache.ratis.thirdparty.io.netty.util.concurrent.SingleThreadEventExecutor$5.run(SingleThreadEventExecutor.java:897)
	at org.apache.ratis.thirdparty.io.netty.util.concurrent.FastThreadLocalRunnable.run(FastThreadLocalRunnable.java:30)
	... 1 more
Caused by: java.net.ConnectException: Connection refused
	... 11 more
2019-08-28 19:31:17,198 [c5bcbe8d-02dd-463d-aab3-dfd296a706f4:group-80A2C0CCB592:LeaderElection103] INFO  impl.LeaderElection (LogUtils.java:infoOrTrace(149)) -   Exception 1: {}
java.util.concurrent.ExecutionException: org.apache.ratis.thirdparty.io.grpc.StatusRuntimeException: UNAVAILABLE: io exception
	at java.util.concurrent.FutureTask.report(FutureTask.java:122)
	at java.util.concurrent.FutureTask.get(FutureTask.java:192)
	at org.apache.ratis.server.impl.LeaderElection.waitForResults(LeaderElection.java:262)
	at org.apache.ratis.server.impl.LeaderElection.askForVotes(LeaderElection.java:200)
	at org.apache.ratis.server.impl.LeaderElection.run(LeaderElection.java:130)
	at java.lang.Thread.run(Thread.java:748)
Caused by: org.apache.ratis.thirdparty.io.grpc.StatusRuntimeException: UNAVAILABLE: io exception
	at org.apache.ratis.thirdparty.io.grpc.stub.ClientCalls.toStatusRuntimeException(ClientCalls.java:233)
	at org.apache.ratis.thirdparty.io.grpc.stub.ClientCalls.getUnchecked(ClientCalls.java:214)
	at org.apache.ratis.thirdparty.io.grpc.stub.ClientCalls.blockingUnaryCall(ClientCalls.java:139)
	at org.apache.ratis.proto.grpc.RaftServerProtocolServiceGrpc$RaftServerProtocolServiceBlockingStub.requestVote(RaftServerProtocolServiceGrpc.java:265)
	at org.apache.ratis.grpc.server.GrpcServerProtocolClient.requestVote(GrpcServerProtocolClient.java:83)
	at org.apache.ratis.grpc.server.GrpcService.requestVote(GrpcService.java:195)
	at org.apache.ratis.server.impl.LeaderElection.lambda$submitRequests$1(LeaderElection.java:237)
	at java.util.concurrent.FutureTask.run(FutureTask.java:266)
	at java.util.concurrent.Executors$RunnableAdapter.call(Executors.java:511)
	at java.util.concurrent.FutureTask.run(FutureTask.java:266)
	at java.util.concurrent.ThreadPoolExecutor.runWorker(ThreadPoolExecutor.java:1149)
	at java.util.concurrent.ThreadPoolExecutor$Worker.run(ThreadPoolExecutor.java:624)
	... 1 more
Caused by: org.apache.ratis.thirdparty.io.netty.channel.AbstractChannel$AnnotatedConnectException: Connection refused: /192.168.69.113:45775
	at sun.nio.ch.SocketChannelImpl.checkConnect(Native Method)
	at sun.nio.ch.SocketChannelImpl.finishConnect(SocketChannelImpl.java:717)
	at org.apache.ratis.thirdparty.io.netty.channel.socket.nio.NioSocketChannel.doFinishConnect(NioSocketChannel.java:327)
	at org.apache.ratis.thirdparty.io.netty.channel.nio.AbstractNioChannel$AbstractNioUnsafe.finishConnect(AbstractNioChannel.java:340)
	at org.apache.ratis.thirdparty.io.netty.channel.nio.NioEventLoop.processSelectedKey(NioEventLoop.java:632)
	at org.apache.ratis.thirdparty.io.netty.channel.nio.NioEventLoop.processSelectedKeysOptimized(NioEventLoop.java:579)
	at org.apache.ratis.thirdparty.io.netty.channel.nio.NioEventLoop.processSelectedKeys(NioEventLoop.java:496)
	at org.apache.ratis.thirdparty.io.netty.channel.nio.NioEventLoop.run(NioEventLoop.java:458)
	at org.apache.ratis.thirdparty.io.netty.util.concurrent.SingleThreadEventExecutor$5.run(SingleThreadEventExecutor.java:897)
	at org.apache.ratis.thirdparty.io.netty.util.concurrent.FastThreadLocalRunnable.run(FastThreadLocalRunnable.java:30)
	... 1 more
Caused by: java.net.ConnectException: Connection refused
	... 11 more
2019-08-28 19:31:17,198 [c5bcbe8d-02dd-463d-aab3-dfd296a706f4:group-80A2C0CCB592:LeaderElection103] INFO  impl.RaftServerImpl (RaftServerImpl.java:setRole(171)) - c5bcbe8d-02dd-463d-aab3-dfd296a706f4:group-80A2C0CCB592 changes role from CANDIDATE to FOLLOWER at term 3 for DISCOVERED_A_NEW_TERM
2019-08-28 19:31:17,198 [c5bcbe8d-02dd-463d-aab3-dfd296a706f4:group-80A2C0CCB592:LeaderElection103] INFO  impl.RoleInfo (RoleInfo.java:shutdownLeaderElection(134)) - c5bcbe8d-02dd-463d-aab3-dfd296a706f4: shutdown LeaderElection
2019-08-28 19:31:17,199 [c5bcbe8d-02dd-463d-aab3-dfd296a706f4:group-80A2C0CCB592:LeaderElection103] INFO  impl.RoleInfo (RoleInfo.java:updateAndGet(143)) - c5bcbe8d-02dd-463d-aab3-dfd296a706f4: start FollowerState
2019-08-28 19:31:17,251 | INFO  | SCMAudit | user=jenkins1000 | ip=192.168.69.113 | op=SEND_HEARTBEAT {datanodeUUID=63b1ce8f-7208-4998-b631-5145f20d59fa, command=[]} | ret=SUCCESS |  
2019-08-28 19:31:17,837 | INFO  | SCMAudit | user=jenkins1000 | ip=192.168.69.113 | op=SEND_HEARTBEAT {datanodeUUID=893d9933-a2b1-4f23-acb1-093dec15f61d, command=[]} | ret=SUCCESS |  
2019-08-28 19:31:18,192 | INFO  | SCMAudit | user=jenkins1000 | ip=192.168.69.113 | op=SEND_HEARTBEAT {datanodeUUID=c5bcbe8d-02dd-463d-aab3-dfd296a706f4, command=[]} | ret=SUCCESS |  
2019-08-28 19:31:18,251 | INFO  | SCMAudit | user=jenkins1000 | ip=192.168.69.113 | op=SEND_HEARTBEAT {datanodeUUID=63b1ce8f-7208-4998-b631-5145f20d59fa, command=[]} | ret=SUCCESS |  
2019-08-28 19:31:18,836 | INFO  | SCMAudit | user=jenkins1000 | ip=192.168.69.113 | op=SEND_HEARTBEAT {datanodeUUID=893d9933-a2b1-4f23-acb1-093dec15f61d, command=[]} | ret=SUCCESS |  
2019-08-28 19:31:18,894 [EventQueue-StaleNodeForStaleNodeHandler] INFO  node.StaleNodeHandler (StaleNodeHandler.java:onMessage(58)) - Datanode c1b0cc15-b089-4c23-99e9-47ed0bade53e{ip: 192.168.69.113, host: pr-hdds-1949-vp5nt-881372353, networkLocation: /default-rack, certSerialId: null} moved to stale state. Finalizing its pipelines [PipelineID=61d300c1-f68c-43ef-b41e-ce2cfcfd105d, PipelineID=16ec1551-05c9-423a-949f-9a8aa65119d1]
2019-08-28 19:31:18,894 [EventQueue-StaleNodeForStaleNodeHandler] INFO  pipeline.SCMPipelineManager (SCMPipelineManager.java:finalizeAndDestroyPipeline(309)) - destroying pipeline:Pipeline[ Id: 61d300c1-f68c-43ef-b41e-ce2cfcfd105d, Nodes: 893d9933-a2b1-4f23-acb1-093dec15f61d{ip: 192.168.69.113, host: pr-hdds-1949-vp5nt-881372353, networkLocation: /default-rack, certSerialId: null}c1b0cc15-b089-4c23-99e9-47ed0bade53e{ip: 192.168.69.113, host: pr-hdds-1949-vp5nt-881372353, networkLocation: /default-rack, certSerialId: null}322d1ff0-d33a-48c4-9ad0-1ff851e73344{ip: 192.168.69.113, host: pr-hdds-1949-vp5nt-881372353, networkLocation: /default-rack, certSerialId: null}, Type:RATIS, Factor:THREE, State:OPEN]
2019-08-28 19:31:18,894 [EventQueue-StaleNodeForStaleNodeHandler] INFO  pipeline.PipelineStateManager (PipelineStateManager.java:finalizePipeline(123)) - Pipeline Pipeline[ Id: 61d300c1-f68c-43ef-b41e-ce2cfcfd105d, Nodes: 893d9933-a2b1-4f23-acb1-093dec15f61d{ip: 192.168.69.113, host: pr-hdds-1949-vp5nt-881372353, networkLocation: /default-rack, certSerialId: null}c1b0cc15-b089-4c23-99e9-47ed0bade53e{ip: 192.168.69.113, host: pr-hdds-1949-vp5nt-881372353, networkLocation: /default-rack, certSerialId: null}322d1ff0-d33a-48c4-9ad0-1ff851e73344{ip: 192.168.69.113, host: pr-hdds-1949-vp5nt-881372353, networkLocation: /default-rack, certSerialId: null}, Type:RATIS, Factor:THREE, State:CLOSED] moved to CLOSED state
2019-08-28 19:31:18,895 [EventQueue-StaleNodeForStaleNodeHandler] INFO  pipeline.SCMPipelineManager (SCMPipelineManager.java:finalizeAndDestroyPipeline(309)) - destroying pipeline:Pipeline[ Id: 16ec1551-05c9-423a-949f-9a8aa65119d1, Nodes: c1b0cc15-b089-4c23-99e9-47ed0bade53e{ip: 192.168.69.113, host: pr-hdds-1949-vp5nt-881372353, networkLocation: /default-rack, certSerialId: null}, Type:RATIS, Factor:ONE, State:OPEN]
2019-08-28 19:31:18,895 [EventQueue-CloseContainerForCloseContainerEventHandler] INFO  container.CloseContainerEventHandler (CloseContainerEventHandler.java:onMessage(61)) - Close container Event triggered for container : #1
2019-08-28 19:31:18,895 [EventQueue-StaleNodeForStaleNodeHandler] INFO  pipeline.PipelineStateManager (PipelineStateManager.java:finalizePipeline(123)) - Pipeline Pipeline[ Id: 16ec1551-05c9-423a-949f-9a8aa65119d1, Nodes: c1b0cc15-b089-4c23-99e9-47ed0bade53e{ip: 192.168.69.113, host: pr-hdds-1949-vp5nt-881372353, networkLocation: /default-rack, certSerialId: null}, Type:RATIS, Factor:ONE, State:CLOSED] moved to CLOSED state
2019-08-28 19:31:18,895 [EventQueue-StaleNodeForStaleNodeHandler] INFO  node.StaleNodeHandler (StaleNodeHandler.java:onMessage(58)) - Datanode 322d1ff0-d33a-48c4-9ad0-1ff851e73344{ip: 192.168.69.113, host: pr-hdds-1949-vp5nt-881372353, networkLocation: /default-rack, certSerialId: null} moved to stale state. Finalizing its pipelines [PipelineID=61d300c1-f68c-43ef-b41e-ce2cfcfd105d, PipelineID=319a8ac0-b9cb-47ba-b2e0-7fcfae9f5ce6]
2019-08-28 19:31:18,896 [EventQueue-StaleNodeForStaleNodeHandler] INFO  pipeline.SCMPipelineManager (SCMPipelineManager.java:finalizeAndDestroyPipeline(309)) - destroying pipeline:Pipeline[ Id: 61d300c1-f68c-43ef-b41e-ce2cfcfd105d, Nodes: 893d9933-a2b1-4f23-acb1-093dec15f61d{ip: 192.168.69.113, host: pr-hdds-1949-vp5nt-881372353, networkLocation: /default-rack, certSerialId: null}c1b0cc15-b089-4c23-99e9-47ed0bade53e{ip: 192.168.69.113, host: pr-hdds-1949-vp5nt-881372353, networkLocation: /default-rack, certSerialId: null}322d1ff0-d33a-48c4-9ad0-1ff851e73344{ip: 192.168.69.113, host: pr-hdds-1949-vp5nt-881372353, networkLocation: /default-rack, certSerialId: null}, Type:RATIS, Factor:THREE, State:CLOSED]
2019-08-28 19:31:18,896 [EventQueue-StaleNodeForStaleNodeHandler] INFO  pipeline.SCMPipelineManager (SCMPipelineManager.java:finalizeAndDestroyPipeline(309)) - destroying pipeline:Pipeline[ Id: 319a8ac0-b9cb-47ba-b2e0-7fcfae9f5ce6, Nodes: 322d1ff0-d33a-48c4-9ad0-1ff851e73344{ip: 192.168.69.113, host: pr-hdds-1949-vp5nt-881372353, networkLocation: /default-rack, certSerialId: null}, Type:RATIS, Factor:ONE, State:OPEN]
2019-08-28 19:31:18,896 [EventQueue-StaleNodeForStaleNodeHandler] INFO  pipeline.PipelineStateManager (PipelineStateManager.java:finalizePipeline(123)) - Pipeline Pipeline[ Id: 319a8ac0-b9cb-47ba-b2e0-7fcfae9f5ce6, Nodes: 322d1ff0-d33a-48c4-9ad0-1ff851e73344{ip: 192.168.69.113, host: pr-hdds-1949-vp5nt-881372353, networkLocation: /default-rack, certSerialId: null}, Type:RATIS, Factor:ONE, State:CLOSED] moved to CLOSED state
2019-08-28 19:31:19,192 | INFO  | SCMAudit | user=jenkins1000 | ip=192.168.69.113 | op=SEND_HEARTBEAT {datanodeUUID=c5bcbe8d-02dd-463d-aab3-dfd296a706f4, command=[]} | ret=SUCCESS |  
2019-08-28 19:31:19,251 | INFO  | SCMAudit | user=jenkins1000 | ip=192.168.69.113 | op=SEND_HEARTBEAT {datanodeUUID=63b1ce8f-7208-4998-b631-5145f20d59fa, command=[]} | ret=SUCCESS |  
2019-08-28 19:31:19,778 [main] INFO  ozoneimpl.OzoneContainer (OzoneContainer.java:stop(215)) - Attempting to stop container services.
2019-08-28 19:31:19,778 [ForkJoinPool.commonPool-worker-0] INFO  ozoneimpl.OzoneContainer (OzoneContainer.java:stop(215)) - Attempting to stop container services.
2019-08-28 19:31:19,778 [main] INFO  impl.RaftServerProxy (RaftServerProxy.java:lambda$close$4(314)) - 322d1ff0-d33a-48c4-9ad0-1ff851e73344: close
2019-08-28 19:31:19,779 [ForkJoinPool.commonPool-worker-0] INFO  impl.RaftServerProxy (RaftServerProxy.java:lambda$close$4(314)) - c1b0cc15-b089-4c23-99e9-47ed0bade53e: close
2019-08-28 19:31:19,779 [main] INFO  impl.RaftServerImpl (RaftServerImpl.java:lambda$shutdown$3(245)) - 322d1ff0-d33a-48c4-9ad0-1ff851e73344: shutdown group-CE2CFCFD105D
2019-08-28 19:31:19,779 [ForkJoinPool.commonPool-worker-0] INFO  impl.RaftServerImpl (RaftServerImpl.java:lambda$shutdown$3(245)) - c1b0cc15-b089-4c23-99e9-47ed0bade53e: shutdown group-CE2CFCFD105D
2019-08-28 19:31:19,780 [main] INFO  util.JmxRegister (JmxRegister.java:unregister(73)) - Successfully un-registered JMX Bean with object name Ratis:service=RaftServer,group=group-CE2CFCFD105D,id=322d1ff0-d33a-48c4-9ad0-1ff851e73344
2019-08-28 19:31:19,780 [ForkJoinPool.commonPool-worker-0] INFO  util.JmxRegister (JmxRegister.java:unregister(73)) - Successfully un-registered JMX Bean with object name Ratis:service=RaftServer,group=group-CE2CFCFD105D,id=c1b0cc15-b089-4c23-99e9-47ed0bade53e
2019-08-28 19:31:19,780 [main] INFO  impl.RoleInfo (RoleInfo.java:shutdownFollowerState(121)) - 322d1ff0-d33a-48c4-9ad0-1ff851e73344: shutdown FollowerState
2019-08-28 19:31:19,781 [ForkJoinPool.commonPool-worker-0] INFO  impl.RoleInfo (RoleInfo.java:shutdownFollowerState(121)) - c1b0cc15-b089-4c23-99e9-47ed0bade53e: shutdown FollowerState
2019-08-28 19:31:19,781 [StateMachineUpdater:322d1ff0-d33a-48c4-9ad0-1ff851e73344:group-CE2CFCFD105D] INFO  ratis.ContainerStateMachine (ContainerStateMachine.java:takeSnapshot(284)) - group-CE2CFCFD105D: Taking a snapshot at:(t:1, i:6) file /workdir/hadoop-ozone/integration-test/target/test-dir/MiniOzoneClusterImpl-4c216f00-9015-443b-bac6-aeadc5876bb8/datanode-3/data/ratis/61d300c1-f68c-43ef-b41e-ce2cfcfd105d/sm/snapshot.1_6
2019-08-28 19:31:19,782 [StateMachineUpdater:c1b0cc15-b089-4c23-99e9-47ed0bade53e:group-CE2CFCFD105D] INFO  ratis.ContainerStateMachine (ContainerStateMachine.java:takeSnapshot(284)) - group-CE2CFCFD105D: Taking a snapshot at:(t:1, i:6) file /workdir/hadoop-ozone/integration-test/target/test-dir/MiniOzoneClusterImpl-4c216f00-9015-443b-bac6-aeadc5876bb8/datanode-2/data/ratis/61d300c1-f68c-43ef-b41e-ce2cfcfd105d/sm/snapshot.1_6
2019-08-28 19:31:19,781 [Thread-3948] INFO  impl.FollowerState (FollowerState.java:run(114)) - 322d1ff0-d33a-48c4-9ad0-1ff851e73344: FollowerState was interrupted: java.lang.InterruptedException: sleep interrupted
2019-08-28 19:31:19,781 [main] INFO  impl.StateMachineUpdater (StateMachineUpdater.java:stopAndJoin(115)) - StateMachineUpdater:322d1ff0-d33a-48c4-9ad0-1ff851e73344:group-CE2CFCFD105D: set stopIndex = 6
2019-08-28 19:31:19,782 [Thread-3938] INFO  impl.FollowerState (FollowerState.java:run(114)) - c1b0cc15-b089-4c23-99e9-47ed0bade53e: FollowerState was interrupted: java.lang.InterruptedException: sleep interrupted
2019-08-28 19:31:19,781 [ForkJoinPool.commonPool-worker-0] INFO  impl.StateMachineUpdater (StateMachineUpdater.java:stopAndJoin(115)) - StateMachineUpdater:c1b0cc15-b089-4c23-99e9-47ed0bade53e:group-CE2CFCFD105D: set stopIndex = 6
2019-08-28 19:31:19,834 [StateMachineUpdater:322d1ff0-d33a-48c4-9ad0-1ff851e73344:group-CE2CFCFD105D] INFO  ratis.ContainerStateMachine (ContainerStateMachine.java:takeSnapshot(295)) - group-CE2CFCFD105D: Finished taking a snapshot at:(t:1, i:6) file:/workdir/hadoop-ozone/integration-test/target/test-dir/MiniOzoneClusterImpl-4c216f00-9015-443b-bac6-aeadc5876bb8/datanode-3/data/ratis/61d300c1-f68c-43ef-b41e-ce2cfcfd105d/sm/snapshot.1_6 time:53
2019-08-28 19:31:19,834 [StateMachineUpdater:322d1ff0-d33a-48c4-9ad0-1ff851e73344:group-CE2CFCFD105D] INFO  impl.StateMachineUpdater (StateMachineUpdater.java:takeSnapshot(242)) - StateMachineUpdater:322d1ff0-d33a-48c4-9ad0-1ff851e73344:group-CE2CFCFD105D: Took a snapshot at index 6
2019-08-28 19:31:19,834 [StateMachineUpdater:c1b0cc15-b089-4c23-99e9-47ed0bade53e:group-CE2CFCFD105D] INFO  ratis.ContainerStateMachine (ContainerStateMachine.java:takeSnapshot(295)) - group-CE2CFCFD105D: Finished taking a snapshot at:(t:1, i:6) file:/workdir/hadoop-ozone/integration-test/target/test-dir/MiniOzoneClusterImpl-4c216f00-9015-443b-bac6-aeadc5876bb8/datanode-2/data/ratis/61d300c1-f68c-43ef-b41e-ce2cfcfd105d/sm/snapshot.1_6 time:53
2019-08-28 19:31:19,834 [StateMachineUpdater:322d1ff0-d33a-48c4-9ad0-1ff851e73344:group-CE2CFCFD105D] INFO  impl.StateMachineUpdater (StateMachineUpdater.java:lambda$new$0(80)) - StateMachineUpdater:322d1ff0-d33a-48c4-9ad0-1ff851e73344:group-CE2CFCFD105D: snapshotIndex: updateIncreasingly -1 -> 6
2019-08-28 19:31:19,835 [StateMachineUpdater:c1b0cc15-b089-4c23-99e9-47ed0bade53e:group-CE2CFCFD105D] INFO  impl.StateMachineUpdater (StateMachineUpdater.java:takeSnapshot(242)) - StateMachineUpdater:c1b0cc15-b089-4c23-99e9-47ed0bade53e:group-CE2CFCFD105D: Took a snapshot at index 6
2019-08-28 19:31:19,835 [StateMachineUpdater:c1b0cc15-b089-4c23-99e9-47ed0bade53e:group-CE2CFCFD105D] INFO  impl.StateMachineUpdater (StateMachineUpdater.java:lambda$new$0(80)) - StateMachineUpdater:c1b0cc15-b089-4c23-99e9-47ed0bade53e:group-CE2CFCFD105D: snapshotIndex: updateIncreasingly -1 -> 6
2019-08-28 19:31:19,835 [main] INFO  impl.RaftServerImpl (ServerState.java:close(394)) - 322d1ff0-d33a-48c4-9ad0-1ff851e73344:group-CE2CFCFD105D closes. The last applied log index is 6
2019-08-28 19:31:19,835 [ForkJoinPool.commonPool-worker-0] INFO  impl.RaftServerImpl (ServerState.java:close(394)) - c1b0cc15-b089-4c23-99e9-47ed0bade53e:group-CE2CFCFD105D closes. The last applied log index is 6
2019-08-28 19:31:19,836 [322d1ff0-d33a-48c4-9ad0-1ff851e73344-SegmentedRaftLogWorker:Storage Directory /workdir/hadoop-ozone/integration-test/target/test-dir/MiniOzoneClusterImpl-4c216f00-9015-443b-bac6-aeadc5876bb8/datanode-3/data/ratis/61d300c1-f68c-43ef-b41e-ce2cfcfd105d] INFO  segmented.SegmentedRaftLogWorker (SegmentedRaftLogWorker.java:run(313)) - 322d1ff0-d33a-48c4-9ad0-1ff851e73344-SegmentedRaftLogWorker:Storage Directory /workdir/hadoop-ozone/integration-test/target/test-dir/MiniOzoneClusterImpl-4c216f00-9015-443b-bac6-aeadc5876bb8/datanode-3/data/ratis/61d300c1-f68c-43ef-b41e-ce2cfcfd105d was interrupted, exiting. There are 0 tasks remaining in the queue.
2019-08-28 19:31:19,836 [c1b0cc15-b089-4c23-99e9-47ed0bade53e-SegmentedRaftLogWorker:Storage Directory /workdir/hadoop-ozone/integration-test/target/test-dir/MiniOzoneClusterImpl-4c216f00-9015-443b-bac6-aeadc5876bb8/datanode-2/data/ratis/61d300c1-f68c-43ef-b41e-ce2cfcfd105d] INFO  segmented.SegmentedRaftLogWorker (SegmentedRaftLogWorker.java:run(313)) - c1b0cc15-b089-4c23-99e9-47ed0bade53e-SegmentedRaftLogWorker:Storage Directory /workdir/hadoop-ozone/integration-test/target/test-dir/MiniOzoneClusterImpl-4c216f00-9015-443b-bac6-aeadc5876bb8/datanode-2/data/ratis/61d300c1-f68c-43ef-b41e-ce2cfcfd105d was interrupted, exiting. There are 0 tasks remaining in the queue.
2019-08-28 19:31:19,838 [main] INFO  segmented.SegmentedRaftLogWorker (SegmentedRaftLogWorker.java:close(228)) - 322d1ff0-d33a-48c4-9ad0-1ff851e73344-SegmentedRaftLogWorker:Storage Directory /workdir/hadoop-ozone/integration-test/target/test-dir/MiniOzoneClusterImpl-4c216f00-9015-443b-bac6-aeadc5876bb8/datanode-3/data/ratis/61d300c1-f68c-43ef-b41e-ce2cfcfd105d close()
2019-08-28 19:31:19,840 [ForkJoinPool.commonPool-worker-0] INFO  segmented.SegmentedRaftLogWorker (SegmentedRaftLogWorker.java:close(228)) - c1b0cc15-b089-4c23-99e9-47ed0bade53e-SegmentedRaftLogWorker:Storage Directory /workdir/hadoop-ozone/integration-test/target/test-dir/MiniOzoneClusterImpl-4c216f00-9015-443b-bac6-aeadc5876bb8/datanode-2/data/ratis/61d300c1-f68c-43ef-b41e-ce2cfcfd105d close()
2019-08-28 19:31:19,844 | INFO  | SCMAudit | user=jenkins1000 | ip=192.168.69.113 | op=SEND_HEARTBEAT {datanodeUUID=893d9933-a2b1-4f23-acb1-093dec15f61d, command=[commandType: closeContainerCommand closeContainerCommandProto { containerID: 1 pipelineID { id: "61d300c1-f68c-43ef-b41e-ce2cfcfd105d" } cmdId: 1 force: false } ]} | ret=SUCCESS |  
2019-08-28 19:31:19,844 [main] INFO  impl.RaftServerImpl (RaftServerImpl.java:lambda$shutdown$3(245)) - 322d1ff0-d33a-48c4-9ad0-1ff851e73344: shutdown group-7FCFAE9F5CE6
2019-08-28 19:31:19,847 [ForkJoinPool.commonPool-worker-0] INFO  impl.RaftServerImpl (RaftServerImpl.java:lambda$shutdown$3(245)) - c1b0cc15-b089-4c23-99e9-47ed0bade53e: shutdown group-9A8AA65119D1
2019-08-28 19:31:19,848 [main] INFO  util.JmxRegister (JmxRegister.java:unregister(73)) - Successfully un-registered JMX Bean with object name Ratis:service=RaftServer,group=group-7FCFAE9F5CE6,id=322d1ff0-d33a-48c4-9ad0-1ff851e73344
2019-08-28 19:31:19,848 [ForkJoinPool.commonPool-worker-0] INFO  util.JmxRegister (JmxRegister.java:unregister(73)) - Successfully un-registered JMX Bean with object name Ratis:service=RaftServer,group=group-9A8AA65119D1,id=c1b0cc15-b089-4c23-99e9-47ed0bade53e
2019-08-28 19:31:19,849 [main] INFO  impl.RoleInfo (RoleInfo.java:shutdownLeaderState(104)) - 322d1ff0-d33a-48c4-9ad0-1ff851e73344: shutdown LeaderState
2019-08-28 19:31:19,849 [ForkJoinPool.commonPool-worker-0] INFO  impl.RoleInfo (RoleInfo.java:shutdownLeaderState(104)) - c1b0cc15-b089-4c23-99e9-47ed0bade53e: shutdown LeaderState
2019-08-28 19:31:19,849 [main] INFO  impl.PendingRequests (PendingRequests.java:sendNotLeaderResponses(202)) - 322d1ff0-d33a-48c4-9ad0-1ff851e73344-PendingRequests: sendNotLeaderResponses
2019-08-28 19:31:19,850 [ForkJoinPool.commonPool-worker-0] INFO  impl.PendingRequests (PendingRequests.java:sendNotLeaderResponses(202)) - c1b0cc15-b089-4c23-99e9-47ed0bade53e-PendingRequests: sendNotLeaderResponses
2019-08-28 19:31:19,850 [main] INFO  impl.StateMachineUpdater (StateMachineUpdater.java:stopAndJoin(115)) - StateMachineUpdater:322d1ff0-d33a-48c4-9ad0-1ff851e73344:group-7FCFAE9F5CE6: set stopIndex = 0
2019-08-28 19:31:19,851 [main] INFO  impl.RaftServerImpl (ServerState.java:close(394)) - 322d1ff0-d33a-48c4-9ad0-1ff851e73344:group-7FCFAE9F5CE6 closes. The last applied log index is 0
2019-08-28 19:31:19,850 [ForkJoinPool.commonPool-worker-0] INFO  impl.StateMachineUpdater (StateMachineUpdater.java:stopAndJoin(115)) - StateMachineUpdater:c1b0cc15-b089-4c23-99e9-47ed0bade53e:group-9A8AA65119D1: set stopIndex = 0
2019-08-28 19:31:19,851 [322d1ff0-d33a-48c4-9ad0-1ff851e73344-SegmentedRaftLogWorker:Storage Directory /workdir/hadoop-ozone/integration-test/target/test-dir/MiniOzoneClusterImpl-4c216f00-9015-443b-bac6-aeadc5876bb8/datanode-3/data/ratis/319a8ac0-b9cb-47ba-b2e0-7fcfae9f5ce6] INFO  segmented.SegmentedRaftLogWorker (SegmentedRaftLogWorker.java:run(313)) - 322d1ff0-d33a-48c4-9ad0-1ff851e73344-SegmentedRaftLogWorker:Storage Directory /workdir/hadoop-ozone/integration-test/target/test-dir/MiniOzoneClusterImpl-4c216f00-9015-443b-bac6-aeadc5876bb8/datanode-3/data/ratis/319a8ac0-b9cb-47ba-b2e0-7fcfae9f5ce6 was interrupted, exiting. There are 0 tasks remaining in the queue.
2019-08-28 19:31:19,852 [ForkJoinPool.commonPool-worker-0] INFO  impl.RaftServerImpl (ServerState.java:close(394)) - c1b0cc15-b089-4c23-99e9-47ed0bade53e:group-9A8AA65119D1 closes. The last applied log index is 0
2019-08-28 19:31:19,853 [main] INFO  segmented.SegmentedRaftLogWorker (SegmentedRaftLogWorker.java:close(228)) - 322d1ff0-d33a-48c4-9ad0-1ff851e73344-SegmentedRaftLogWorker:Storage Directory /workdir/hadoop-ozone/integration-test/target/test-dir/MiniOzoneClusterImpl-4c216f00-9015-443b-bac6-aeadc5876bb8/datanode-3/data/ratis/319a8ac0-b9cb-47ba-b2e0-7fcfae9f5ce6 close()
2019-08-28 19:31:19,854 [c1b0cc15-b089-4c23-99e9-47ed0bade53e-SegmentedRaftLogWorker:Storage Directory /workdir/hadoop-ozone/integration-test/target/test-dir/MiniOzoneClusterImpl-4c216f00-9015-443b-bac6-aeadc5876bb8/datanode-2/data/ratis/16ec1551-05c9-423a-949f-9a8aa65119d1] INFO  segmented.SegmentedRaftLogWorker (SegmentedRaftLogWorker.java:run(313)) - c1b0cc15-b089-4c23-99e9-47ed0bade53e-SegmentedRaftLogWorker:Storage Directory /workdir/hadoop-ozone/integration-test/target/test-dir/MiniOzoneClusterImpl-4c216f00-9015-443b-bac6-aeadc5876bb8/datanode-2/data/ratis/16ec1551-05c9-423a-949f-9a8aa65119d1 was interrupted, exiting. There are 0 tasks remaining in the queue.
2019-08-28 19:31:19,864 [main] INFO  server.GrpcService (GrpcService.java:closeImpl(155)) - 322d1ff0-d33a-48c4-9ad0-1ff851e73344: shutdown server with port 44705 now
2019-08-28 19:31:19,865 [ForkJoinPool.commonPool-worker-0] INFO  segmented.SegmentedRaftLogWorker (SegmentedRaftLogWorker.java:close(228)) - c1b0cc15-b089-4c23-99e9-47ed0bade53e-SegmentedRaftLogWorker:Storage Directory /workdir/hadoop-ozone/integration-test/target/test-dir/MiniOzoneClusterImpl-4c216f00-9015-443b-bac6-aeadc5876bb8/datanode-2/data/ratis/16ec1551-05c9-423a-949f-9a8aa65119d1 close()
2019-08-28 19:31:19,868 [ForkJoinPool.commonPool-worker-0] INFO  server.GrpcService (GrpcService.java:closeImpl(155)) - c1b0cc15-b089-4c23-99e9-47ed0bade53e: shutdown server with port 39807 now
2019-08-28 19:31:19,868 [grpc-default-executor-17] WARN  server.GrpcServerProtocolService (LogUtils.java:warn(134)) - 322d1ff0-d33a-48c4-9ad0-1ff851e73344: appendEntries onError: org.apache.ratis.thirdparty.io.grpc.StatusRuntimeException: CANCELLED: cancelled before receiving half close
2019-08-28 19:31:19,868 [main] INFO  server.GrpcService (GrpcService.java:closeImpl(163)) - 322d1ff0-d33a-48c4-9ad0-1ff851e73344: shutdown server with port 44705 successfully
2019-08-28 19:31:19,869 [grpc-default-executor-15] WARN  server.GrpcLogAppender (LogUtils.java:warn(134)) - 893d9933-a2b1-4f23-acb1-093dec15f61d->c1b0cc15-b089-4c23-99e9-47ed0bade53e: Failed appendEntries: org.apache.ratis.thirdparty.io.grpc.StatusRuntimeException: CANCELLED: HTTP/2 error code: CANCEL
Received Rst Stream
2019-08-28 19:31:19,869 [ForkJoinPool.commonPool-worker-0] INFO  server.GrpcService (GrpcService.java:closeImpl(163)) - c1b0cc15-b089-4c23-99e9-47ed0bade53e: shutdown server with port 39807 successfully
2019-08-28 19:31:19,868 [grpc-default-executor-5] WARN  server.GrpcServerProtocolService (LogUtils.java:warn(134)) - c1b0cc15-b089-4c23-99e9-47ed0bade53e: appendEntries onError: org.apache.ratis.thirdparty.io.grpc.StatusRuntimeException: CANCELLED: cancelled before receiving half close
2019-08-28 19:31:19,868 [grpc-default-executor-17] WARN  server.GrpcLogAppender (LogUtils.java:warn(134)) - 893d9933-a2b1-4f23-acb1-093dec15f61d->322d1ff0-d33a-48c4-9ad0-1ff851e73344: Failed appendEntries: org.apache.ratis.thirdparty.io.grpc.StatusRuntimeException: CANCELLED: HTTP/2 error code: CANCEL
Received Rst Stream
2019-08-28 19:31:19,869 [grpc-default-executor-15] INFO  impl.FollowerInfo (FollowerInfo.java:lambda$new$0(50)) - 893d9933-a2b1-4f23-acb1-093dec15f61d->c1b0cc15-b089-4c23-99e9-47ed0bade53e: nextIndex: updateUnconditionally 7 -> 6
2019-08-28 19:31:19,870 [grpc-default-executor-17] INFO  impl.FollowerInfo (FollowerInfo.java:lambda$new$0(50)) - 893d9933-a2b1-4f23-acb1-093dec15f61d->322d1ff0-d33a-48c4-9ad0-1ff851e73344: nextIndex: updateUnconditionally 7 -> 6
2019-08-28 19:31:19,871 [refreshUsed-/workdir/hadoop-ozone/integration-test/target/test-dir/MiniOzoneClusterImpl-4c216f00-9015-443b-bac6-aeadc5876bb8/datanode-3/data/containers] WARN  fs.CachingGetSpaceUsed (CachingGetSpaceUsed.java:run(183)) - Thread Interrupted waiting to refresh disk information: sleep interrupted
2019-08-28 19:31:19,874 [refreshUsed-/workdir/hadoop-ozone/integration-test/target/test-dir/MiniOzoneClusterImpl-4c216f00-9015-443b-bac6-aeadc5876bb8/datanode-2/data/containers] WARN  fs.CachingGetSpaceUsed (CachingGetSpaceUsed.java:run(183)) - Thread Interrupted waiting to refresh disk information: sleep interrupted
2019-08-28 19:31:19,891 [main] INFO  utils.BackgroundService (BackgroundService.java:shutdown(148)) - Shutting down service BlockDeletingService
2019-08-28 19:31:19,895 [main] INFO  statemachine.DatanodeStateMachine (DatanodeStateMachine.java:stopDaemon(395)) - Ozone container server stopped.
2019-08-28 19:31:19,896 [main] INFO  handler.ContextHandler (ContextHandler.java:doStop(910)) - Stopped o.e.j.w.WebAppContext@532dacf5{/,null,UNAVAILABLE}{/hddsDatanode}
2019-08-28 19:31:19,897 [main] INFO  server.AbstractConnector (AbstractConnector.java:doStop(318)) - Stopped ServerConnector@da09250{HTTP/1.1,[http/1.1]}{0.0.0.0:0}
2019-08-28 19:31:19,897 [main] INFO  handler.ContextHandler (ContextHandler.java:doStop(910)) - Stopped o.e.j.s.ServletContextHandler@60b616c8{/static,jar:file:/home/user/.m2/repository/org/apache/hadoop/hadoop-hdds-container-service/0.5.0-SNAPSHOT/hadoop-hdds-container-service-0.5.0-SNAPSHOT.jar!/webapps/static,UNAVAILABLE}
2019-08-28 19:31:19,898 [main] INFO  handler.ContextHandler (ContextHandler.java:doStop(910)) - Stopped o.e.j.s.ServletContextHandler@539fc5d1{/logs,file:///workdir/hadoop-ozone/integration-test/target/log,UNAVAILABLE}
2019-08-28 19:31:19,898 [ForkJoinPool.commonPool-worker-0] INFO  utils.BackgroundService (BackgroundService.java:shutdown(148)) - Shutting down service BlockDeletingService
2019-08-28 19:31:19,906 [ForkJoinPool.commonPool-worker-0] INFO  statemachine.DatanodeStateMachine (DatanodeStateMachine.java:stopDaemon(395)) - Ozone container server stopped.
2019-08-28 19:31:19,914 [ForkJoinPool.commonPool-worker-0] INFO  handler.ContextHandler (ContextHandler.java:doStop(910)) - Stopped o.e.j.w.WebAppContext@7cc2c551{/,null,UNAVAILABLE}{/hddsDatanode}
2019-08-28 19:31:19,915 [ForkJoinPool.commonPool-worker-0] INFO  server.AbstractConnector (AbstractConnector.java:doStop(318)) - Stopped ServerConnector@d84b3a2{HTTP/1.1,[http/1.1]}{0.0.0.0:0}
2019-08-28 19:31:19,916 [ForkJoinPool.commonPool-worker-0] INFO  handler.ContextHandler (ContextHandler.java:doStop(910)) - Stopped o.e.j.s.ServletContextHandler@446b64b3{/static,jar:file:/home/user/.m2/repository/org/apache/hadoop/hadoop-hdds-container-service/0.5.0-SNAPSHOT/hadoop-hdds-container-service-0.5.0-SNAPSHOT.jar!/webapps/static,UNAVAILABLE}
2019-08-28 19:31:19,918 [ForkJoinPool.commonPool-worker-0] INFO  handler.ContextHandler (ContextHandler.java:doStop(910)) - Stopped o.e.j.s.ServletContextHandler@57c69937{/logs,file:///workdir/hadoop-ozone/integration-test/target/log,UNAVAILABLE}
2019-08-28 19:31:20,193 | INFO  | SCMAudit | user=jenkins1000 | ip=192.168.69.113 | op=SEND_HEARTBEAT {datanodeUUID=c5bcbe8d-02dd-463d-aab3-dfd296a706f4, command=[]} | ret=SUCCESS |  
2019-08-28 19:31:20,251 [Datanode State Machine Thread - 0] INFO  statemachine.DatanodeStateMachine (DatanodeStateMachine.java:lambda$startDaemon$0(350)) - Ozone container server started.
2019-08-28 19:31:20,835 [Datanode State Machine Thread - 0] INFO  statemachine.DatanodeStateMachine (DatanodeStateMachine.java:lambda$startDaemon$0(350)) - Ozone container server started.
2019-08-28 19:31:21,193 | INFO  | SCMAudit | user=jenkins1000 | ip=192.168.69.113 | op=SEND_HEARTBEAT {datanodeUUID=c5bcbe8d-02dd-463d-aab3-dfd296a706f4, command=[]} | ret=SUCCESS |  
2019-08-28 19:31:22,147 [grpc-default-executor-15] WARN  server.GrpcLogAppender (LogUtils.java:warn(134)) - 893d9933-a2b1-4f23-acb1-093dec15f61d->322d1ff0-d33a-48c4-9ad0-1ff851e73344: Failed appendEntries: org.apache.ratis.thirdparty.io.grpc.StatusRuntimeException: UNAVAILABLE: io exception
2019-08-28 19:31:22,147 [grpc-default-executor-16] WARN  server.GrpcLogAppender (LogUtils.java:warn(134)) - 893d9933-a2b1-4f23-acb1-093dec15f61d->c1b0cc15-b089-4c23-99e9-47ed0bade53e: Failed appendEntries: org.apache.ratis.thirdparty.io.grpc.StatusRuntimeException: UNAVAILABLE: io exception
2019-08-28 19:31:22,147 [grpc-default-executor-15] INFO  impl.FollowerInfo (FollowerInfo.java:lambda$new$0(50)) - 893d9933-a2b1-4f23-acb1-093dec15f61d->322d1ff0-d33a-48c4-9ad0-1ff851e73344: nextIndex: updateUnconditionally 6 -> 5
2019-08-28 19:31:22,148 [grpc-default-executor-16] INFO  impl.FollowerInfo (FollowerInfo.java:lambda$new$0(50)) - 893d9933-a2b1-4f23-acb1-093dec15f61d->c1b0cc15-b089-4c23-99e9-47ed0bade53e: nextIndex: updateUnconditionally 6 -> 5
2019-08-28 19:31:22,193 | INFO  | SCMAudit | user=jenkins1000 | ip=192.168.69.113 | op=SEND_HEARTBEAT {datanodeUUID=c5bcbe8d-02dd-463d-aab3-dfd296a706f4, command=[]} | ret=SUCCESS |  
2019-08-28 19:31:22,328 [Thread-4022] INFO  impl.FollowerState (FollowerState.java:run(106)) - c5bcbe8d-02dd-463d-aab3-dfd296a706f4:group-80A2C0CCB592 changes to CANDIDATE, lastRpcTime:5129, electionTimeout:5129ms
2019-08-28 19:31:22,328 [Thread-4022] INFO  impl.RoleInfo (RoleInfo.java:shutdownFollowerState(121)) - c5bcbe8d-02dd-463d-aab3-dfd296a706f4: shutdown FollowerState
2019-08-28 19:31:22,329 [Thread-4022] INFO  impl.RaftServerImpl (RaftServerImpl.java:setRole(171)) - c5bcbe8d-02dd-463d-aab3-dfd296a706f4:group-80A2C0CCB592 changes role from FOLLOWER to CANDIDATE at term 3 for changeToCandidate
2019-08-28 19:31:22,329 [Thread-4022] INFO  impl.RoleInfo (RoleInfo.java:updateAndGet(143)) - c5bcbe8d-02dd-463d-aab3-dfd296a706f4: start LeaderElection
2019-08-28 19:31:22,820 [c5bcbe8d-02dd-463d-aab3-dfd296a706f4:group-80A2C0CCB592:LeaderElection104] INFO  impl.LeaderElection (LeaderElection.java:askForVotes(181)) - c5bcbe8d-02dd-463d-aab3-dfd296a706f4:group-80A2C0CCB592:LeaderElection104: begin an election at term 4 for -1: [c5bcbe8d-02dd-463d-aab3-dfd296a706f4:192.168.69.113:41348, 427dba9e-3238-4f6b-b193-fefaba865310:192.168.69.113:39704, fe19b4e3-4861-4e0d-90fc-58955537b207:192.168.69.113:45775], old=null
2019-08-28 19:31:22,821 [c5bcbe8d-02dd-463d-aab3-dfd296a706f4:group-80A2C0CCB592:LeaderElection104] INFO  impl.LeaderElection (LogUtils.java:infoOrTrace(149)) - c5bcbe8d-02dd-463d-aab3-dfd296a706f4:group-80A2C0CCB592:LeaderElection104 got exception when requesting votes: {}
java.util.concurrent.ExecutionException: org.apache.ratis.thirdparty.io.grpc.StatusRuntimeException: UNAVAILABLE: io exception
	at java.util.concurrent.FutureTask.report(FutureTask.java:122)
	at java.util.concurrent.FutureTask.get(FutureTask.java:192)
	at org.apache.ratis.server.impl.LeaderElection.waitForResults(LeaderElection.java:262)
	at org.apache.ratis.server.impl.LeaderElection.askForVotes(LeaderElection.java:200)
	at org.apache.ratis.server.impl.LeaderElection.run(LeaderElection.java:130)
	at java.lang.Thread.run(Thread.java:748)
Caused by: org.apache.ratis.thirdparty.io.grpc.StatusRuntimeException: UNAVAILABLE: io exception
	at org.apache.ratis.thirdparty.io.grpc.stub.ClientCalls.toStatusRuntimeException(ClientCalls.java:233)
	at org.apache.ratis.thirdparty.io.grpc.stub.ClientCalls.getUnchecked(ClientCalls.java:214)
	at org.apache.ratis.thirdparty.io.grpc.stub.ClientCalls.blockingUnaryCall(ClientCalls.java:139)
	at org.apache.ratis.proto.grpc.RaftServerProtocolServiceGrpc$RaftServerProtocolServiceBlockingStub.requestVote(RaftServerProtocolServiceGrpc.java:265)
	at org.apache.ratis.grpc.server.GrpcServerProtocolClient.requestVote(GrpcServerProtocolClient.java:83)
	at org.apache.ratis.grpc.server.GrpcService.requestVote(GrpcService.java:195)
	at org.apache.ratis.server.impl.LeaderElection.lambda$submitRequests$1(LeaderElection.java:237)
	at java.util.concurrent.FutureTask.run(FutureTask.java:266)
	at java.util.concurrent.Executors$RunnableAdapter.call(Executors.java:511)
	at java.util.concurrent.FutureTask.run(FutureTask.java:266)
	at java.util.concurrent.ThreadPoolExecutor.runWorker(ThreadPoolExecutor.java:1149)
	at java.util.concurrent.ThreadPoolExecutor$Worker.run(ThreadPoolExecutor.java:624)
	... 1 more
Caused by: org.apache.ratis.thirdparty.io.netty.channel.AbstractChannel$AnnotatedConnectException: Connection refused: /192.168.69.113:39704
	at sun.nio.ch.SocketChannelImpl.checkConnect(Native Method)
	at sun.nio.ch.SocketChannelImpl.finishConnect(SocketChannelImpl.java:717)
	at org.apache.ratis.thirdparty.io.netty.channel.socket.nio.NioSocketChannel.doFinishConnect(NioSocketChannel.java:327)
	at org.apache.ratis.thirdparty.io.netty.channel.nio.AbstractNioChannel$AbstractNioUnsafe.finishConnect(AbstractNioChannel.java:340)
	at org.apache.ratis.thirdparty.io.netty.channel.nio.NioEventLoop.processSelectedKey(NioEventLoop.java:632)
	at org.apache.ratis.thirdparty.io.netty.channel.nio.NioEventLoop.processSelectedKeysOptimized(NioEventLoop.java:579)
	at org.apache.ratis.thirdparty.io.netty.channel.nio.NioEventLoop.processSelectedKeys(NioEventLoop.java:496)
	at org.apache.ratis.thirdparty.io.netty.channel.nio.NioEventLoop.run(NioEventLoop.java:458)
	at org.apache.ratis.thirdparty.io.netty.util.concurrent.SingleThreadEventExecutor$5.run(SingleThreadEventExecutor.java:897)
	at org.apache.ratis.thirdparty.io.netty.util.concurrent.FastThreadLocalRunnable.run(FastThreadLocalRunnable.java:30)
	... 1 more
Caused by: java.net.ConnectException: Connection refused
	... 11 more
2019-08-28 19:31:22,824 [c5bcbe8d-02dd-463d-aab3-dfd296a706f4:group-80A2C0CCB592:LeaderElection104] INFO  impl.LeaderElection (LogUtils.java:infoOrTrace(149)) - c5bcbe8d-02dd-463d-aab3-dfd296a706f4:group-80A2C0CCB592:LeaderElection104 got exception when requesting votes: {}
java.util.concurrent.ExecutionException: org.apache.ratis.thirdparty.io.grpc.StatusRuntimeException: UNAVAILABLE: io exception
	at java.util.concurrent.FutureTask.report(FutureTask.java:122)
	at java.util.concurrent.FutureTask.get(FutureTask.java:192)
	at org.apache.ratis.server.impl.LeaderElection.waitForResults(LeaderElection.java:262)
	at org.apache.ratis.server.impl.LeaderElection.askForVotes(LeaderElection.java:200)
	at org.apache.ratis.server.impl.LeaderElection.run(LeaderElection.java:130)
	at java.lang.Thread.run(Thread.java:748)
Caused by: org.apache.ratis.thirdparty.io.grpc.StatusRuntimeException: UNAVAILABLE: io exception
	at org.apache.ratis.thirdparty.io.grpc.stub.ClientCalls.toStatusRuntimeException(ClientCalls.java:233)
	at org.apache.ratis.thirdparty.io.grpc.stub.ClientCalls.getUnchecked(ClientCalls.java:214)
	at org.apache.ratis.thirdparty.io.grpc.stub.ClientCalls.blockingUnaryCall(ClientCalls.java:139)
	at org.apache.ratis.proto.grpc.RaftServerProtocolServiceGrpc$RaftServerProtocolServiceBlockingStub.requestVote(RaftServerProtocolServiceGrpc.java:265)
	at org.apache.ratis.grpc.server.GrpcServerProtocolClient.requestVote(GrpcServerProtocolClient.java:83)
	at org.apache.ratis.grpc.server.GrpcService.requestVote(GrpcService.java:195)
	at org.apache.ratis.server.impl.LeaderElection.lambda$submitRequests$1(LeaderElection.java:237)
	at java.util.concurrent.FutureTask.run(FutureTask.java:266)
	at java.util.concurrent.Executors$RunnableAdapter.call(Executors.java:511)
	at java.util.concurrent.FutureTask.run(FutureTask.java:266)
	at java.util.concurrent.ThreadPoolExecutor.runWorker(ThreadPoolExecutor.java:1149)
	at java.util.concurrent.ThreadPoolExecutor$Worker.run(ThreadPoolExecutor.java:624)
	... 1 more
Caused by: org.apache.ratis.thirdparty.io.netty.channel.AbstractChannel$AnnotatedConnectException: Connection refused: /192.168.69.113:45775
	at sun.nio.ch.SocketChannelImpl.checkConnect(Native Method)
	at sun.nio.ch.SocketChannelImpl.finishConnect(SocketChannelImpl.java:717)
	at org.apache.ratis.thirdparty.io.netty.channel.socket.nio.NioSocketChannel.doFinishConnect(NioSocketChannel.java:327)
	at org.apache.ratis.thirdparty.io.netty.channel.nio.AbstractNioChannel$AbstractNioUnsafe.finishConnect(AbstractNioChannel.java:340)
	at org.apache.ratis.thirdparty.io.netty.channel.nio.NioEventLoop.processSelectedKey(NioEventLoop.java:632)
	at org.apache.ratis.thirdparty.io.netty.channel.nio.NioEventLoop.processSelectedKeysOptimized(NioEventLoop.java:579)
	at org.apache.ratis.thirdparty.io.netty.channel.nio.NioEventLoop.processSelectedKeys(NioEventLoop.java:496)
	at org.apache.ratis.thirdparty.io.netty.channel.nio.NioEventLoop.run(NioEventLoop.java:458)
	at org.apache.ratis.thirdparty.io.netty.util.concurrent.SingleThreadEventExecutor$5.run(SingleThreadEventExecutor.java:897)
	at org.apache.ratis.thirdparty.io.netty.util.concurrent.FastThreadLocalRunnable.run(FastThreadLocalRunnable.java:30)
	... 1 more
Caused by: java.net.ConnectException: Connection refused
	... 11 more
2019-08-28 19:31:22,825 [c5bcbe8d-02dd-463d-aab3-dfd296a706f4:group-80A2C0CCB592:LeaderElection104] INFO  impl.LeaderElection (LeaderElection.java:logAndReturn(56)) - c5bcbe8d-02dd-463d-aab3-dfd296a706f4:group-80A2C0CCB592:LeaderElection104: Election REJECTED; received 0 response(s) [] and 2 exception(s); c5bcbe8d-02dd-463d-aab3-dfd296a706f4:t4, leader=null, voted=c5bcbe8d-02dd-463d-aab3-dfd296a706f4, raftlog=c5bcbe8d-02dd-463d-aab3-dfd296a706f4-SegmentedRaftLog:OPENED:c-1,f-1,i0, conf=-1: [c5bcbe8d-02dd-463d-aab3-dfd296a706f4:192.168.69.113:41348, 427dba9e-3238-4f6b-b193-fefaba865310:192.168.69.113:39704, fe19b4e3-4861-4e0d-90fc-58955537b207:192.168.69.113:45775], old=null
2019-08-28 19:31:22,825 [c5bcbe8d-02dd-463d-aab3-dfd296a706f4:group-80A2C0CCB592:LeaderElection104] INFO  impl.LeaderElection (LogUtils.java:infoOrTrace(149)) -   Exception 0: {}
java.util.concurrent.ExecutionException: org.apache.ratis.thirdparty.io.grpc.StatusRuntimeException: UNAVAILABLE: io exception
	at java.util.concurrent.FutureTask.report(FutureTask.java:122)
	at java.util.concurrent.FutureTask.get(FutureTask.java:192)
	at org.apache.ratis.server.impl.LeaderElection.waitForResults(LeaderElection.java:262)
	at org.apache.ratis.server.impl.LeaderElection.askForVotes(LeaderElection.java:200)
	at org.apache.ratis.server.impl.LeaderElection.run(LeaderElection.java:130)
	at java.lang.Thread.run(Thread.java:748)
Caused by: org.apache.ratis.thirdparty.io.grpc.StatusRuntimeException: UNAVAILABLE: io exception
	at org.apache.ratis.thirdparty.io.grpc.stub.ClientCalls.toStatusRuntimeException(ClientCalls.java:233)
	at org.apache.ratis.thirdparty.io.grpc.stub.ClientCalls.getUnchecked(ClientCalls.java:214)
	at org.apache.ratis.thirdparty.io.grpc.stub.ClientCalls.blockingUnaryCall(ClientCalls.java:139)
	at org.apache.ratis.proto.grpc.RaftServerProtocolServiceGrpc$RaftServerProtocolServiceBlockingStub.requestVote(RaftServerProtocolServiceGrpc.java:265)
	at org.apache.ratis.grpc.server.GrpcServerProtocolClient.requestVote(GrpcServerProtocolClient.java:83)
	at org.apache.ratis.grpc.server.GrpcService.requestVote(GrpcService.java:195)
	at org.apache.ratis.server.impl.LeaderElection.lambda$submitRequests$1(LeaderElection.java:237)
	at java.util.concurrent.FutureTask.run(FutureTask.java:266)
	at java.util.concurrent.Executors$RunnableAdapter.call(Executors.java:511)
	at java.util.concurrent.FutureTask.run(FutureTask.java:266)
	at java.util.concurrent.ThreadPoolExecutor.runWorker(ThreadPoolExecutor.java:1149)
	at java.util.concurrent.ThreadPoolExecutor$Worker.run(ThreadPoolExecutor.java:624)
	... 1 more
Caused by: org.apache.ratis.thirdparty.io.netty.channel.AbstractChannel$AnnotatedConnectException: Connection refused: /192.168.69.113:39704
	at sun.nio.ch.SocketChannelImpl.checkConnect(Native Method)
	at sun.nio.ch.SocketChannelImpl.finishConnect(SocketChannelImpl.java:717)
	at org.apache.ratis.thirdparty.io.netty.channel.socket.nio.NioSocketChannel.doFinishConnect(NioSocketChannel.java:327)
	at org.apache.ratis.thirdparty.io.netty.channel.nio.AbstractNioChannel$AbstractNioUnsafe.finishConnect(AbstractNioChannel.java:340)
	at org.apache.ratis.thirdparty.io.netty.channel.nio.NioEventLoop.processSelectedKey(NioEventLoop.java:632)
	at org.apache.ratis.thirdparty.io.netty.channel.nio.NioEventLoop.processSelectedKeysOptimized(NioEventLoop.java:579)
	at org.apache.ratis.thirdparty.io.netty.channel.nio.NioEventLoop.processSelectedKeys(NioEventLoop.java:496)
	at org.apache.ratis.thirdparty.io.netty.channel.nio.NioEventLoop.run(NioEventLoop.java:458)
	at org.apache.ratis.thirdparty.io.netty.util.concurrent.SingleThreadEventExecutor$5.run(SingleThreadEventExecutor.java:897)
	at org.apache.ratis.thirdparty.io.netty.util.concurrent.FastThreadLocalRunnable.run(FastThreadLocalRunnable.java:30)
	... 1 more
Caused by: java.net.ConnectException: Connection refused
	... 11 more
2019-08-28 19:31:22,826 [c5bcbe8d-02dd-463d-aab3-dfd296a706f4:group-80A2C0CCB592:LeaderElection104] INFO  impl.LeaderElection (LogUtils.java:infoOrTrace(149)) -   Exception 1: {}
java.util.concurrent.ExecutionException: org.apache.ratis.thirdparty.io.grpc.StatusRuntimeException: UNAVAILABLE: io exception
	at java.util.concurrent.FutureTask.report(FutureTask.java:122)
	at java.util.concurrent.FutureTask.get(FutureTask.java:192)
	at org.apache.ratis.server.impl.LeaderElection.waitForResults(LeaderElection.java:262)
	at org.apache.ratis.server.impl.LeaderElection.askForVotes(LeaderElection.java:200)
	at org.apache.ratis.server.impl.LeaderElection.run(LeaderElection.java:130)
	at java.lang.Thread.run(Thread.java:748)
Caused by: org.apache.ratis.thirdparty.io.grpc.StatusRuntimeException: UNAVAILABLE: io exception
	at org.apache.ratis.thirdparty.io.grpc.stub.ClientCalls.toStatusRuntimeException(ClientCalls.java:233)
	at org.apache.ratis.thirdparty.io.grpc.stub.ClientCalls.getUnchecked(ClientCalls.java:214)
	at org.apache.ratis.thirdparty.io.grpc.stub.ClientCalls.blockingUnaryCall(ClientCalls.java:139)
	at org.apache.ratis.proto.grpc.RaftServerProtocolServiceGrpc$RaftServerProtocolServiceBlockingStub.requestVote(RaftServerProtocolServiceGrpc.java:265)
	at org.apache.ratis.grpc.server.GrpcServerProtocolClient.requestVote(GrpcServerProtocolClient.java:83)
	at org.apache.ratis.grpc.server.GrpcService.requestVote(GrpcService.java:195)
	at org.apache.ratis.server.impl.LeaderElection.lambda$submitRequests$1(LeaderElection.java:237)
	at java.util.concurrent.FutureTask.run(FutureTask.java:266)
	at java.util.concurrent.Executors$RunnableAdapter.call(Executors.java:511)
	at java.util.concurrent.FutureTask.run(FutureTask.java:266)
	at java.util.concurrent.ThreadPoolExecutor.runWorker(ThreadPoolExecutor.java:1149)
	at java.util.concurrent.ThreadPoolExecutor$Worker.run(ThreadPoolExecutor.java:624)
	... 1 more
Caused by: org.apache.ratis.thirdparty.io.netty.channel.AbstractChannel$AnnotatedConnectException: Connection refused: /192.168.69.113:45775
	at sun.nio.ch.SocketChannelImpl.checkConnect(Native Method)
	at sun.nio.ch.SocketChannelImpl.finishConnect(SocketChannelImpl.java:717)
	at org.apache.ratis.thirdparty.io.netty.channel.socket.nio.NioSocketChannel.doFinishConnect(NioSocketChannel.java:327)
	at org.apache.ratis.thirdparty.io.netty.channel.nio.AbstractNioChannel$AbstractNioUnsafe.finishConnect(AbstractNioChannel.java:340)
	at org.apache.ratis.thirdparty.io.netty.channel.nio.NioEventLoop.processSelectedKey(NioEventLoop.java:632)
	at org.apache.ratis.thirdparty.io.netty.channel.nio.NioEventLoop.processSelectedKeysOptimized(NioEventLoop.java:579)
	at org.apache.ratis.thirdparty.io.netty.channel.nio.NioEventLoop.processSelectedKeys(NioEventLoop.java:496)
	at org.apache.ratis.thirdparty.io.netty.channel.nio.NioEventLoop.run(NioEventLoop.java:458)
	at org.apache.ratis.thirdparty.io.netty.util.concurrent.SingleThreadEventExecutor$5.run(SingleThreadEventExecutor.java:897)
	at org.apache.ratis.thirdparty.io.netty.util.concurrent.FastThreadLocalRunnable.run(FastThreadLocalRunnable.java:30)
	... 1 more
Caused by: java.net.ConnectException: Connection refused
	... 11 more
2019-08-28 19:31:22,826 [c5bcbe8d-02dd-463d-aab3-dfd296a706f4:group-80A2C0CCB592:LeaderElection104] INFO  impl.RaftServerImpl (RaftServerImpl.java:setRole(171)) - c5bcbe8d-02dd-463d-aab3-dfd296a706f4:group-80A2C0CCB592 changes role from CANDIDATE to FOLLOWER at term 4 for DISCOVERED_A_NEW_TERM
2019-08-28 19:31:22,826 [c5bcbe8d-02dd-463d-aab3-dfd296a706f4:group-80A2C0CCB592:LeaderElection104] INFO  impl.RoleInfo (RoleInfo.java:shutdownLeaderElection(134)) - c5bcbe8d-02dd-463d-aab3-dfd296a706f4: shutdown LeaderElection
2019-08-28 19:31:22,826 [c5bcbe8d-02dd-463d-aab3-dfd296a706f4:group-80A2C0CCB592:LeaderElection104] INFO  impl.RoleInfo (RoleInfo.java:updateAndGet(143)) - c5bcbe8d-02dd-463d-aab3-dfd296a706f4: start FollowerState
2019-08-28 19:31:23,193 | INFO  | SCMAudit | user=jenkins1000 | ip=192.168.69.113 | op=SEND_HEARTBEAT {datanodeUUID=c5bcbe8d-02dd-463d-aab3-dfd296a706f4, command=[]} | ret=SUCCESS |  
2019-08-28 19:31:24,193 | INFO  | SCMAudit | user=jenkins1000 | ip=192.168.69.113 | op=SEND_HEARTBEAT {datanodeUUID=c5bcbe8d-02dd-463d-aab3-dfd296a706f4, command=[]} | ret=SUCCESS |  
2019-08-28 19:31:24,301 [EventQueue-StaleNodeForStaleNodeHandler] INFO  node.StaleNodeHandler (StaleNodeHandler.java:onMessage(58)) - Datanode 63b1ce8f-7208-4998-b631-5145f20d59fa{ip: 192.168.69.113, host: pr-hdds-1949-vp5nt-881372353, networkLocation: /default-rack, certSerialId: null} moved to stale state. Finalizing its pipelines [PipelineID=535d01db-eb83-427c-a437-1c2f92374515]
2019-08-28 19:31:24,301 [EventQueue-StaleNodeForStaleNodeHandler] INFO  pipeline.SCMPipelineManager (SCMPipelineManager.java:finalizeAndDestroyPipeline(309)) - destroying pipeline:Pipeline[ Id: 535d01db-eb83-427c-a437-1c2f92374515, Nodes: 63b1ce8f-7208-4998-b631-5145f20d59fa{ip: 192.168.69.113, host: pr-hdds-1949-vp5nt-881372353, networkLocation: /default-rack, certSerialId: null}, Type:RATIS, Factor:ONE, State:OPEN]
2019-08-28 19:31:24,301 [EventQueue-StaleNodeForStaleNodeHandler] INFO  pipeline.PipelineStateManager (PipelineStateManager.java:finalizePipeline(123)) - Pipeline Pipeline[ Id: 535d01db-eb83-427c-a437-1c2f92374515, Nodes: 63b1ce8f-7208-4998-b631-5145f20d59fa{ip: 192.168.69.113, host: pr-hdds-1949-vp5nt-881372353, networkLocation: /default-rack, certSerialId: null}, Type:RATIS, Factor:ONE, State:CLOSED] moved to CLOSED state
2019-08-28 19:31:24,648 [grpc-default-executor-15] WARN  server.GrpcLogAppender (LogUtils.java:warn(134)) - 893d9933-a2b1-4f23-acb1-093dec15f61d->322d1ff0-d33a-48c4-9ad0-1ff851e73344: Failed appendEntries: org.apache.ratis.thirdparty.io.grpc.StatusRuntimeException: UNAVAILABLE: io exception
2019-08-28 19:31:24,648 [grpc-default-executor-17] WARN  server.GrpcLogAppender (LogUtils.java:warn(134)) - 893d9933-a2b1-4f23-acb1-093dec15f61d->c1b0cc15-b089-4c23-99e9-47ed0bade53e: Failed appendEntries: org.apache.ratis.thirdparty.io.grpc.StatusRuntimeException: UNAVAILABLE: io exception
2019-08-28 19:31:24,648 [grpc-default-executor-15] INFO  impl.FollowerInfo (FollowerInfo.java:lambda$new$0(50)) - 893d9933-a2b1-4f23-acb1-093dec15f61d->322d1ff0-d33a-48c4-9ad0-1ff851e73344: nextIndex: updateUnconditionally 5 -> 4
2019-08-28 19:31:24,648 [grpc-default-executor-17] INFO  impl.FollowerInfo (FollowerInfo.java:lambda$new$0(50)) - 893d9933-a2b1-4f23-acb1-093dec15f61d->c1b0cc15-b089-4c23-99e9-47ed0bade53e: nextIndex: updateUnconditionally 5 -> 4
2019-08-28 19:31:24,901 [EventQueue-StaleNodeForStaleNodeHandler] INFO  node.StaleNodeHandler (StaleNodeHandler.java:onMessage(58)) - Datanode 893d9933-a2b1-4f23-acb1-093dec15f61d{ip: 192.168.69.113, host: pr-hdds-1949-vp5nt-881372353, networkLocation: /default-rack, certSerialId: null} moved to stale state. Finalizing its pipelines [PipelineID=61d300c1-f68c-43ef-b41e-ce2cfcfd105d, PipelineID=e9c9ce84-86b9-472d-a07d-dd059f845ff1]
2019-08-28 19:31:24,902 [EventQueue-StaleNodeForStaleNodeHandler] INFO  pipeline.SCMPipelineManager (SCMPipelineManager.java:finalizeAndDestroyPipeline(309)) - destroying pipeline:Pipeline[ Id: 61d300c1-f68c-43ef-b41e-ce2cfcfd105d, Nodes: 893d9933-a2b1-4f23-acb1-093dec15f61d{ip: 192.168.69.113, host: pr-hdds-1949-vp5nt-881372353, networkLocation: /default-rack, certSerialId: null}c1b0cc15-b089-4c23-99e9-47ed0bade53e{ip: 192.168.69.113, host: pr-hdds-1949-vp5nt-881372353, networkLocation: /default-rack, certSerialId: null}322d1ff0-d33a-48c4-9ad0-1ff851e73344{ip: 192.168.69.113, host: pr-hdds-1949-vp5nt-881372353, networkLocation: /default-rack, certSerialId: null}, Type:RATIS, Factor:THREE, State:CLOSED]
2019-08-28 19:31:24,902 [EventQueue-StaleNodeForStaleNodeHandler] INFO  pipeline.SCMPipelineManager (SCMPipelineManager.java:finalizeAndDestroyPipeline(309)) - destroying pipeline:Pipeline[ Id: e9c9ce84-86b9-472d-a07d-dd059f845ff1, Nodes: 893d9933-a2b1-4f23-acb1-093dec15f61d{ip: 192.168.69.113, host: pr-hdds-1949-vp5nt-881372353, networkLocation: /default-rack, certSerialId: null}, Type:RATIS, Factor:ONE, State:OPEN]
2019-08-28 19:31:24,902 [EventQueue-StaleNodeForStaleNodeHandler] INFO  pipeline.PipelineStateManager (PipelineStateManager.java:finalizePipeline(123)) - Pipeline Pipeline[ Id: e9c9ce84-86b9-472d-a07d-dd059f845ff1, Nodes: 893d9933-a2b1-4f23-acb1-093dec15f61d{ip: 192.168.69.113, host: pr-hdds-1949-vp5nt-881372353, networkLocation: /default-rack, certSerialId: null}, Type:RATIS, Factor:ONE, State:CLOSED] moved to CLOSED state
2019-08-28 19:31:24,907 [main] INFO  ozoneimpl.OzoneContainer (OzoneContainer.java:stop(215)) - Attempting to stop container services.
2019-08-28 19:31:24,907 [main] INFO  impl.RaftServerProxy (RaftServerProxy.java:lambda$close$4(314)) - 63b1ce8f-7208-4998-b631-5145f20d59fa: close
2019-08-28 19:31:24,908 [main] INFO  impl.RaftServerImpl (RaftServerImpl.java:lambda$shutdown$3(245)) - 63b1ce8f-7208-4998-b631-5145f20d59fa: shutdown group-1C2F92374515
2019-08-28 19:31:24,908 [main] INFO  util.JmxRegister (JmxRegister.java:unregister(73)) - Successfully un-registered JMX Bean with object name Ratis:service=RaftServer,group=group-1C2F92374515,id=63b1ce8f-7208-4998-b631-5145f20d59fa
2019-08-28 19:31:24,909 [main] INFO  impl.RoleInfo (RoleInfo.java:shutdownLeaderState(104)) - 63b1ce8f-7208-4998-b631-5145f20d59fa: shutdown LeaderState
2019-08-28 19:31:24,909 [main] INFO  impl.PendingRequests (PendingRequests.java:sendNotLeaderResponses(202)) - 63b1ce8f-7208-4998-b631-5145f20d59fa-PendingRequests: sendNotLeaderResponses
2019-08-28 19:31:24,910 [main] INFO  impl.StateMachineUpdater (StateMachineUpdater.java:stopAndJoin(115)) - StateMachineUpdater:63b1ce8f-7208-4998-b631-5145f20d59fa:group-1C2F92374515: set stopIndex = 0
2019-08-28 19:31:24,910 [main] INFO  impl.RaftServerImpl (ServerState.java:close(394)) - 63b1ce8f-7208-4998-b631-5145f20d59fa:group-1C2F92374515 closes. The last applied log index is 0
2019-08-28 19:31:24,911 [63b1ce8f-7208-4998-b631-5145f20d59fa-SegmentedRaftLogWorker:Storage Directory /workdir/hadoop-ozone/integration-test/target/test-dir/MiniOzoneClusterImpl-4c216f00-9015-443b-bac6-aeadc5876bb8/datanode-6/data/ratis/535d01db-eb83-427c-a437-1c2f92374515] INFO  segmented.SegmentedRaftLogWorker (SegmentedRaftLogWorker.java:run(313)) - 63b1ce8f-7208-4998-b631-5145f20d59fa-SegmentedRaftLogWorker:Storage Directory /workdir/hadoop-ozone/integration-test/target/test-dir/MiniOzoneClusterImpl-4c216f00-9015-443b-bac6-aeadc5876bb8/datanode-6/data/ratis/535d01db-eb83-427c-a437-1c2f92374515 was interrupted, exiting. There are 0 tasks remaining in the queue.
2019-08-28 19:31:24,913 [main] INFO  segmented.SegmentedRaftLogWorker (SegmentedRaftLogWorker.java:close(228)) - 63b1ce8f-7208-4998-b631-5145f20d59fa-SegmentedRaftLogWorker:Storage Directory /workdir/hadoop-ozone/integration-test/target/test-dir/MiniOzoneClusterImpl-4c216f00-9015-443b-bac6-aeadc5876bb8/datanode-6/data/ratis/535d01db-eb83-427c-a437-1c2f92374515 close()
2019-08-28 19:31:24,915 [main] INFO  server.GrpcService (GrpcService.java:closeImpl(155)) - 63b1ce8f-7208-4998-b631-5145f20d59fa: shutdown server with port 34004 now
2019-08-28 19:31:24,916 [main] INFO  server.GrpcService (GrpcService.java:closeImpl(163)) - 63b1ce8f-7208-4998-b631-5145f20d59fa: shutdown server with port 34004 successfully
2019-08-28 19:31:24,919 [refreshUsed-/workdir/hadoop-ozone/integration-test/target/test-dir/MiniOzoneClusterImpl-4c216f00-9015-443b-bac6-aeadc5876bb8/datanode-6/data/containers] WARN  fs.CachingGetSpaceUsed (CachingGetSpaceUsed.java:run(183)) - Thread Interrupted waiting to refresh disk information: sleep interrupted
2019-08-28 19:31:24,920 [ForkJoinPool.commonPool-worker-0] INFO  ozoneimpl.OzoneContainer (OzoneContainer.java:stop(215)) - Attempting to stop container services.
2019-08-28 19:31:24,920 [ForkJoinPool.commonPool-worker-0] INFO  impl.RaftServerProxy (RaftServerProxy.java:lambda$close$4(314)) - 893d9933-a2b1-4f23-acb1-093dec15f61d: close
2019-08-28 19:31:24,922 [ForkJoinPool.commonPool-worker-0] INFO  impl.RaftServerImpl (RaftServerImpl.java:lambda$shutdown$3(245)) - 893d9933-a2b1-4f23-acb1-093dec15f61d: shutdown group-CE2CFCFD105D
2019-08-28 19:31:24,922 [ForkJoinPool.commonPool-worker-0] INFO  util.JmxRegister (JmxRegister.java:unregister(73)) - Successfully un-registered JMX Bean with object name Ratis:service=RaftServer,group=group-CE2CFCFD105D,id=893d9933-a2b1-4f23-acb1-093dec15f61d
2019-08-28 19:31:24,922 [ForkJoinPool.commonPool-worker-0] INFO  impl.RoleInfo (RoleInfo.java:shutdownLeaderState(104)) - 893d9933-a2b1-4f23-acb1-093dec15f61d: shutdown LeaderState
2019-08-28 19:31:24,925 [ForkJoinPool.commonPool-worker-0] INFO  impl.PendingRequests (PendingRequests.java:sendNotLeaderResponses(202)) - 893d9933-a2b1-4f23-acb1-093dec15f61d-PendingRequests: sendNotLeaderResponses
2019-08-28 19:31:24,925 [org.apache.ratis.server.impl.LogAppender$AppenderDaemon$$Lambda$727/861157483@49f0b842] WARN  server.GrpcLogAppender (GrpcLogAppender.java:mayWait(143)) - GrpcLogAppender(893d9933-a2b1-4f23-acb1-093dec15f61d->322d1ff0-d33a-48c4-9ad0-1ff851e73344): Wait interrupted by java.lang.InterruptedException
2019-08-28 19:31:24,925 [org.apache.ratis.server.impl.LogAppender$AppenderDaemon$$Lambda$727/861157483@cf237b8] WARN  server.GrpcLogAppender (GrpcLogAppender.java:mayWait(143)) - GrpcLogAppender(893d9933-a2b1-4f23-acb1-093dec15f61d->c1b0cc15-b089-4c23-99e9-47ed0bade53e): Wait interrupted by java.lang.InterruptedException
2019-08-28 19:31:24,929 [ForkJoinPool.commonPool-worker-0] INFO  impl.StateMachineUpdater (StateMachineUpdater.java:stopAndJoin(115)) - StateMachineUpdater:893d9933-a2b1-4f23-acb1-093dec15f61d:group-CE2CFCFD105D: set stopIndex = 6
2019-08-28 19:31:24,929 [StateMachineUpdater:893d9933-a2b1-4f23-acb1-093dec15f61d:group-CE2CFCFD105D] INFO  ratis.ContainerStateMachine (ContainerStateMachine.java:takeSnapshot(284)) - group-CE2CFCFD105D: Taking a snapshot at:(t:1, i:6) file /workdir/hadoop-ozone/integration-test/target/test-dir/MiniOzoneClusterImpl-4c216f00-9015-443b-bac6-aeadc5876bb8/datanode-0/data/ratis/61d300c1-f68c-43ef-b41e-ce2cfcfd105d/sm/snapshot.1_6
2019-08-28 19:31:24,944 [main] INFO  utils.BackgroundService (BackgroundService.java:shutdown(148)) - Shutting down service BlockDeletingService
2019-08-28 19:31:24,947 [main] INFO  statemachine.DatanodeStateMachine (DatanodeStateMachine.java:stopDaemon(395)) - Ozone container server stopped.
2019-08-28 19:31:24,948 [main] INFO  handler.ContextHandler (ContextHandler.java:doStop(910)) - Stopped o.e.j.w.WebAppContext@65859b44{/,null,UNAVAILABLE}{/hddsDatanode}
2019-08-28 19:31:24,948 [main] INFO  server.AbstractConnector (AbstractConnector.java:doStop(318)) - Stopped ServerConnector@d9f5fce{HTTP/1.1,[http/1.1]}{0.0.0.0:0}
2019-08-28 19:31:24,949 [main] INFO  handler.ContextHandler (ContextHandler.java:doStop(910)) - Stopped o.e.j.s.ServletContextHandler@74a58a06{/static,jar:file:/home/user/.m2/repository/org/apache/hadoop/hadoop-hdds-container-service/0.5.0-SNAPSHOT/hadoop-hdds-container-service-0.5.0-SNAPSHOT.jar!/webapps/static,UNAVAILABLE}
2019-08-28 19:31:24,950 [main] INFO  handler.ContextHandler (ContextHandler.java:doStop(910)) - Stopped o.e.j.s.ServletContextHandler@4c5406b{/logs,file:///workdir/hadoop-ozone/integration-test/target/log,UNAVAILABLE}
2019-08-28 19:31:24,977 [StateMachineUpdater:893d9933-a2b1-4f23-acb1-093dec15f61d:group-CE2CFCFD105D] INFO  ratis.ContainerStateMachine (ContainerStateMachine.java:takeSnapshot(295)) - group-CE2CFCFD105D: Finished taking a snapshot at:(t:1, i:6) file:/workdir/hadoop-ozone/integration-test/target/test-dir/MiniOzoneClusterImpl-4c216f00-9015-443b-bac6-aeadc5876bb8/datanode-0/data/ratis/61d300c1-f68c-43ef-b41e-ce2cfcfd105d/sm/snapshot.1_6 time:47
2019-08-28 19:31:24,977 [StateMachineUpdater:893d9933-a2b1-4f23-acb1-093dec15f61d:group-CE2CFCFD105D] INFO  impl.StateMachineUpdater (StateMachineUpdater.java:takeSnapshot(242)) - StateMachineUpdater:893d9933-a2b1-4f23-acb1-093dec15f61d:group-CE2CFCFD105D: Took a snapshot at index 6
2019-08-28 19:31:24,977 [StateMachineUpdater:893d9933-a2b1-4f23-acb1-093dec15f61d:group-CE2CFCFD105D] INFO  impl.StateMachineUpdater (StateMachineUpdater.java:lambda$new$0(80)) - StateMachineUpdater:893d9933-a2b1-4f23-acb1-093dec15f61d:group-CE2CFCFD105D: snapshotIndex: updateIncreasingly -1 -> 6
2019-08-28 19:31:24,978 [ForkJoinPool.commonPool-worker-0] INFO  impl.RaftServerImpl (ServerState.java:close(394)) - 893d9933-a2b1-4f23-acb1-093dec15f61d:group-CE2CFCFD105D closes. The last applied log index is 6
2019-08-28 19:31:24,978 [893d9933-a2b1-4f23-acb1-093dec15f61d-SegmentedRaftLogWorker:Storage Directory /workdir/hadoop-ozone/integration-test/target/test-dir/MiniOzoneClusterImpl-4c216f00-9015-443b-bac6-aeadc5876bb8/datanode-0/data/ratis/61d300c1-f68c-43ef-b41e-ce2cfcfd105d] INFO  segmented.SegmentedRaftLogWorker (SegmentedRaftLogWorker.java:run(313)) - 893d9933-a2b1-4f23-acb1-093dec15f61d-SegmentedRaftLogWorker:Storage Directory /workdir/hadoop-ozone/integration-test/target/test-dir/MiniOzoneClusterImpl-4c216f00-9015-443b-bac6-aeadc5876bb8/datanode-0/data/ratis/61d300c1-f68c-43ef-b41e-ce2cfcfd105d was interrupted, exiting. There are 0 tasks remaining in the queue.
2019-08-28 19:31:24,979 [ForkJoinPool.commonPool-worker-0] INFO  segmented.SegmentedRaftLogWorker (SegmentedRaftLogWorker.java:close(228)) - 893d9933-a2b1-4f23-acb1-093dec15f61d-SegmentedRaftLogWorker:Storage Directory /workdir/hadoop-ozone/integration-test/target/test-dir/MiniOzoneClusterImpl-4c216f00-9015-443b-bac6-aeadc5876bb8/datanode-0/data/ratis/61d300c1-f68c-43ef-b41e-ce2cfcfd105d close()
2019-08-28 19:31:24,981 [ForkJoinPool.commonPool-worker-0] INFO  impl.RaftServerImpl (RaftServerImpl.java:lambda$shutdown$3(245)) - 893d9933-a2b1-4f23-acb1-093dec15f61d: shutdown group-DD059F845FF1
2019-08-28 19:31:24,981 [ForkJoinPool.commonPool-worker-0] INFO  util.JmxRegister (JmxRegister.java:unregister(73)) - Successfully un-registered JMX Bean with object name Ratis:service=RaftServer,group=group-DD059F845FF1,id=893d9933-a2b1-4f23-acb1-093dec15f61d
2019-08-28 19:31:24,981 [ForkJoinPool.commonPool-worker-0] INFO  impl.RoleInfo (RoleInfo.java:shutdownLeaderState(104)) - 893d9933-a2b1-4f23-acb1-093dec15f61d: shutdown LeaderState
2019-08-28 19:31:24,982 [ForkJoinPool.commonPool-worker-0] INFO  impl.PendingRequests (PendingRequests.java:sendNotLeaderResponses(202)) - 893d9933-a2b1-4f23-acb1-093dec15f61d-PendingRequests: sendNotLeaderResponses
2019-08-28 19:31:24,982 [ForkJoinPool.commonPool-worker-0] INFO  impl.StateMachineUpdater (StateMachineUpdater.java:stopAndJoin(115)) - StateMachineUpdater:893d9933-a2b1-4f23-acb1-093dec15f61d:group-DD059F845FF1: set stopIndex = 0
2019-08-28 19:31:24,982 [ForkJoinPool.commonPool-worker-0] INFO  impl.RaftServerImpl (ServerState.java:close(394)) - 893d9933-a2b1-4f23-acb1-093dec15f61d:group-DD059F845FF1 closes. The last applied log index is 0
2019-08-28 19:31:24,983 [893d9933-a2b1-4f23-acb1-093dec15f61d-SegmentedRaftLogWorker:Storage Directory /workdir/hadoop-ozone/integration-test/target/test-dir/MiniOzoneClusterImpl-4c216f00-9015-443b-bac6-aeadc5876bb8/datanode-0/data/ratis/e9c9ce84-86b9-472d-a07d-dd059f845ff1] INFO  segmented.SegmentedRaftLogWorker (SegmentedRaftLogWorker.java:run(313)) - 893d9933-a2b1-4f23-acb1-093dec15f61d-SegmentedRaftLogWorker:Storage Directory /workdir/hadoop-ozone/integration-test/target/test-dir/MiniOzoneClusterImpl-4c216f00-9015-443b-bac6-aeadc5876bb8/datanode-0/data/ratis/e9c9ce84-86b9-472d-a07d-dd059f845ff1 was interrupted, exiting. There are 0 tasks remaining in the queue.
2019-08-28 19:31:24,984 [ForkJoinPool.commonPool-worker-0] INFO  segmented.SegmentedRaftLogWorker (SegmentedRaftLogWorker.java:close(228)) - 893d9933-a2b1-4f23-acb1-093dec15f61d-SegmentedRaftLogWorker:Storage Directory /workdir/hadoop-ozone/integration-test/target/test-dir/MiniOzoneClusterImpl-4c216f00-9015-443b-bac6-aeadc5876bb8/datanode-0/data/ratis/e9c9ce84-86b9-472d-a07d-dd059f845ff1 close()
2019-08-28 19:31:24,985 [ForkJoinPool.commonPool-worker-0] INFO  server.GrpcService (GrpcService.java:closeImpl(155)) - 893d9933-a2b1-4f23-acb1-093dec15f61d: shutdown server with port 42152 now
2019-08-28 19:31:24,986 [grpc-default-executor-15] WARN  client.GrpcClientProtocolService (LogUtils.java:warn(134)) - 3-UnorderedRequestStreamObserver3: onError: org.apache.ratis.thirdparty.io.grpc.StatusRuntimeException: CANCELLED: cancelled before receiving half close
2019-08-28 19:31:24,986 [ForkJoinPool.commonPool-worker-0] INFO  server.GrpcService (GrpcService.java:closeImpl(163)) - 893d9933-a2b1-4f23-acb1-093dec15f61d: shutdown server with port 42152 successfully
2019-08-28 19:31:24,989 [refreshUsed-/workdir/hadoop-ozone/integration-test/target/test-dir/MiniOzoneClusterImpl-4c216f00-9015-443b-bac6-aeadc5876bb8/datanode-0/data/containers] WARN  fs.CachingGetSpaceUsed (CachingGetSpaceUsed.java:run(183)) - Thread Interrupted waiting to refresh disk information: sleep interrupted
2019-08-28 19:31:25,004 [ForkJoinPool.commonPool-worker-0] INFO  utils.BackgroundService (BackgroundService.java:shutdown(148)) - Shutting down service BlockDeletingService
2019-08-28 19:31:25,011 [ForkJoinPool.commonPool-worker-0] INFO  statemachine.DatanodeStateMachine (DatanodeStateMachine.java:stopDaemon(395)) - Ozone container server stopped.
2019-08-28 19:31:25,013 [ForkJoinPool.commonPool-worker-0] INFO  handler.ContextHandler (ContextHandler.java:doStop(910)) - Stopped o.e.j.w.WebAppContext@150d6eaf{/,null,UNAVAILABLE}{/hddsDatanode}
2019-08-28 19:31:25,014 [ForkJoinPool.commonPool-worker-0] INFO  server.AbstractConnector (AbstractConnector.java:doStop(318)) - Stopped ServerConnector@63124022{HTTP/1.1,[http/1.1]}{0.0.0.0:0}
2019-08-28 19:31:25,015 [ForkJoinPool.commonPool-worker-0] INFO  handler.ContextHandler (ContextHandler.java:doStop(910)) - Stopped o.e.j.s.ServletContextHandler@6eda012b{/static,jar:file:/home/user/.m2/repository/org/apache/hadoop/hadoop-hdds-container-service/0.5.0-SNAPSHOT/hadoop-hdds-container-service-0.5.0-SNAPSHOT.jar!/webapps/static,UNAVAILABLE}
2019-08-28 19:31:25,016 [ForkJoinPool.commonPool-worker-0] INFO  handler.ContextHandler (ContextHandler.java:doStop(910)) - Stopped o.e.j.s.ServletContextHandler@714e861f{/logs,file:///workdir/hadoop-ozone/integration-test/target/log,UNAVAILABLE}
2019-08-28 19:31:25,193 [Datanode State Machine Thread - 0] INFO  statemachine.DatanodeStateMachine (DatanodeStateMachine.java:lambda$startDaemon$0(350)) - Ozone container server started.
2019-08-28 19:31:27,868 [Thread-4030] INFO  impl.FollowerState (FollowerState.java:run(106)) - c5bcbe8d-02dd-463d-aab3-dfd296a706f4:group-80A2C0CCB592 changes to CANDIDATE, lastRpcTime:5041, electionTimeout:5041ms
2019-08-28 19:31:27,868 [Thread-4030] INFO  impl.RoleInfo (RoleInfo.java:shutdownFollowerState(121)) - c5bcbe8d-02dd-463d-aab3-dfd296a706f4: shutdown FollowerState
2019-08-28 19:31:27,868 [Thread-4030] INFO  impl.RaftServerImpl (RaftServerImpl.java:setRole(171)) - c5bcbe8d-02dd-463d-aab3-dfd296a706f4:group-80A2C0CCB592 changes role from FOLLOWER to CANDIDATE at term 4 for changeToCandidate
2019-08-28 19:31:27,868 [Thread-4030] INFO  impl.RoleInfo (RoleInfo.java:updateAndGet(143)) - c5bcbe8d-02dd-463d-aab3-dfd296a706f4: start LeaderElection
2019-08-28 19:31:27,891 [c5bcbe8d-02dd-463d-aab3-dfd296a706f4:group-80A2C0CCB592:LeaderElection105] INFO  impl.LeaderElection (LeaderElection.java:askForVotes(181)) - c5bcbe8d-02dd-463d-aab3-dfd296a706f4:group-80A2C0CCB592:LeaderElection105: begin an election at term 5 for -1: [c5bcbe8d-02dd-463d-aab3-dfd296a706f4:192.168.69.113:41348, 427dba9e-3238-4f6b-b193-fefaba865310:192.168.69.113:39704, fe19b4e3-4861-4e0d-90fc-58955537b207:192.168.69.113:45775], old=null
2019-08-28 19:31:27,892 [c5bcbe8d-02dd-463d-aab3-dfd296a706f4:group-80A2C0CCB592:LeaderElection105] INFO  impl.LeaderElection (LogUtils.java:infoOrTrace(149)) - c5bcbe8d-02dd-463d-aab3-dfd296a706f4:group-80A2C0CCB592:LeaderElection105 got exception when requesting votes: {}
java.util.concurrent.ExecutionException: org.apache.ratis.thirdparty.io.grpc.StatusRuntimeException: UNAVAILABLE: io exception
	at java.util.concurrent.FutureTask.report(FutureTask.java:122)
	at java.util.concurrent.FutureTask.get(FutureTask.java:192)
	at org.apache.ratis.server.impl.LeaderElection.waitForResults(LeaderElection.java:262)
	at org.apache.ratis.server.impl.LeaderElection.askForVotes(LeaderElection.java:200)
	at org.apache.ratis.server.impl.LeaderElection.run(LeaderElection.java:130)
	at java.lang.Thread.run(Thread.java:748)
Caused by: org.apache.ratis.thirdparty.io.grpc.StatusRuntimeException: UNAVAILABLE: io exception
	at org.apache.ratis.thirdparty.io.grpc.stub.ClientCalls.toStatusRuntimeException(ClientCalls.java:233)
	at org.apache.ratis.thirdparty.io.grpc.stub.ClientCalls.getUnchecked(ClientCalls.java:214)
	at org.apache.ratis.thirdparty.io.grpc.stub.ClientCalls.blockingUnaryCall(ClientCalls.java:139)
	at org.apache.ratis.proto.grpc.RaftServerProtocolServiceGrpc$RaftServerProtocolServiceBlockingStub.requestVote(RaftServerProtocolServiceGrpc.java:265)
	at org.apache.ratis.grpc.server.GrpcServerProtocolClient.requestVote(GrpcServerProtocolClient.java:83)
	at org.apache.ratis.grpc.server.GrpcService.requestVote(GrpcService.java:195)
	at org.apache.ratis.server.impl.LeaderElection.lambda$submitRequests$1(LeaderElection.java:237)
	at java.util.concurrent.FutureTask.run(FutureTask.java:266)
	at java.util.concurrent.Executors$RunnableAdapter.call(Executors.java:511)
	at java.util.concurrent.FutureTask.run(FutureTask.java:266)
	at java.util.concurrent.ThreadPoolExecutor.runWorker(ThreadPoolExecutor.java:1149)
	at java.util.concurrent.ThreadPoolExecutor$Worker.run(ThreadPoolExecutor.java:624)
	... 1 more
Caused by: org.apache.ratis.thirdparty.io.netty.channel.AbstractChannel$AnnotatedConnectException: Connection refused: /192.168.69.113:39704
	at sun.nio.ch.SocketChannelImpl.checkConnect(Native Method)
	at sun.nio.ch.SocketChannelImpl.finishConnect(SocketChannelImpl.java:717)
	at org.apache.ratis.thirdparty.io.netty.channel.socket.nio.NioSocketChannel.doFinishConnect(NioSocketChannel.java:327)
	at org.apache.ratis.thirdparty.io.netty.channel.nio.AbstractNioChannel$AbstractNioUnsafe.finishConnect(AbstractNioChannel.java:340)
	at org.apache.ratis.thirdparty.io.netty.channel.nio.NioEventLoop.processSelectedKey(NioEventLoop.java:632)
	at org.apache.ratis.thirdparty.io.netty.channel.nio.NioEventLoop.processSelectedKeysOptimized(NioEventLoop.java:579)
	at org.apache.ratis.thirdparty.io.netty.channel.nio.NioEventLoop.processSelectedKeys(NioEventLoop.java:496)
	at org.apache.ratis.thirdparty.io.netty.channel.nio.NioEventLoop.run(NioEventLoop.java:458)
	at org.apache.ratis.thirdparty.io.netty.util.concurrent.SingleThreadEventExecutor$5.run(SingleThreadEventExecutor.java:897)
	at org.apache.ratis.thirdparty.io.netty.util.concurrent.FastThreadLocalRunnable.run(FastThreadLocalRunnable.java:30)
	... 1 more
Caused by: java.net.ConnectException: Connection refused
	... 11 more
2019-08-28 19:31:27,895 [c5bcbe8d-02dd-463d-aab3-dfd296a706f4:group-80A2C0CCB592:LeaderElection105] INFO  impl.LeaderElection (LogUtils.java:infoOrTrace(149)) - c5bcbe8d-02dd-463d-aab3-dfd296a706f4:group-80A2C0CCB592:LeaderElection105 got exception when requesting votes: {}
java.util.concurrent.ExecutionException: org.apache.ratis.thirdparty.io.grpc.StatusRuntimeException: UNAVAILABLE: io exception
	at java.util.concurrent.FutureTask.report(FutureTask.java:122)
	at java.util.concurrent.FutureTask.get(FutureTask.java:192)
	at org.apache.ratis.server.impl.LeaderElection.waitForResults(LeaderElection.java:262)
	at org.apache.ratis.server.impl.LeaderElection.askForVotes(LeaderElection.java:200)
	at org.apache.ratis.server.impl.LeaderElection.run(LeaderElection.java:130)
	at java.lang.Thread.run(Thread.java:748)
Caused by: org.apache.ratis.thirdparty.io.grpc.StatusRuntimeException: UNAVAILABLE: io exception
	at org.apache.ratis.thirdparty.io.grpc.stub.ClientCalls.toStatusRuntimeException(ClientCalls.java:233)
	at org.apache.ratis.thirdparty.io.grpc.stub.ClientCalls.getUnchecked(ClientCalls.java:214)
	at org.apache.ratis.thirdparty.io.grpc.stub.ClientCalls.blockingUnaryCall(ClientCalls.java:139)
	at org.apache.ratis.proto.grpc.RaftServerProtocolServiceGrpc$RaftServerProtocolServiceBlockingStub.requestVote(RaftServerProtocolServiceGrpc.java:265)
	at org.apache.ratis.grpc.server.GrpcServerProtocolClient.requestVote(GrpcServerProtocolClient.java:83)
	at org.apache.ratis.grpc.server.GrpcService.requestVote(GrpcService.java:195)
	at org.apache.ratis.server.impl.LeaderElection.lambda$submitRequests$1(LeaderElection.java:237)
	at java.util.concurrent.FutureTask.run(FutureTask.java:266)
	at java.util.concurrent.Executors$RunnableAdapter.call(Executors.java:511)
	at java.util.concurrent.FutureTask.run(FutureTask.java:266)
	at java.util.concurrent.ThreadPoolExecutor.runWorker(ThreadPoolExecutor.java:1149)
	at java.util.concurrent.ThreadPoolExecutor$Worker.run(ThreadPoolExecutor.java:624)
	... 1 more
Caused by: org.apache.ratis.thirdparty.io.netty.channel.AbstractChannel$AnnotatedConnectException: Connection refused: /192.168.69.113:45775
	at sun.nio.ch.SocketChannelImpl.checkConnect(Native Method)
	at sun.nio.ch.SocketChannelImpl.finishConnect(SocketChannelImpl.java:717)
	at org.apache.ratis.thirdparty.io.netty.channel.socket.nio.NioSocketChannel.doFinishConnect(NioSocketChannel.java:327)
	at org.apache.ratis.thirdparty.io.netty.channel.nio.AbstractNioChannel$AbstractNioUnsafe.finishConnect(AbstractNioChannel.java:340)
	at org.apache.ratis.thirdparty.io.netty.channel.nio.NioEventLoop.processSelectedKey(NioEventLoop.java:632)
	at org.apache.ratis.thirdparty.io.netty.channel.nio.NioEventLoop.processSelectedKeysOptimized(NioEventLoop.java:579)
	at org.apache.ratis.thirdparty.io.netty.channel.nio.NioEventLoop.processSelectedKeys(NioEventLoop.java:496)
	at org.apache.ratis.thirdparty.io.netty.channel.nio.NioEventLoop.run(NioEventLoop.java:458)
	at org.apache.ratis.thirdparty.io.netty.util.concurrent.SingleThreadEventExecutor$5.run(SingleThreadEventExecutor.java:897)
	at org.apache.ratis.thirdparty.io.netty.util.concurrent.FastThreadLocalRunnable.run(FastThreadLocalRunnable.java:30)
	... 1 more
Caused by: java.net.ConnectException: Connection refused
	... 11 more
2019-08-28 19:31:27,896 [c5bcbe8d-02dd-463d-aab3-dfd296a706f4:group-80A2C0CCB592:LeaderElection105] INFO  impl.LeaderElection (LeaderElection.java:logAndReturn(56)) - c5bcbe8d-02dd-463d-aab3-dfd296a706f4:group-80A2C0CCB592:LeaderElection105: Election REJECTED; received 0 response(s) [] and 2 exception(s); c5bcbe8d-02dd-463d-aab3-dfd296a706f4:t5, leader=null, voted=c5bcbe8d-02dd-463d-aab3-dfd296a706f4, raftlog=c5bcbe8d-02dd-463d-aab3-dfd296a706f4-SegmentedRaftLog:OPENED:c-1,f-1,i0, conf=-1: [c5bcbe8d-02dd-463d-aab3-dfd296a706f4:192.168.69.113:41348, 427dba9e-3238-4f6b-b193-fefaba865310:192.168.69.113:39704, fe19b4e3-4861-4e0d-90fc-58955537b207:192.168.69.113:45775], old=null
2019-08-28 19:31:27,897 [c5bcbe8d-02dd-463d-aab3-dfd296a706f4:group-80A2C0CCB592:LeaderElection105] INFO  impl.LeaderElection (LogUtils.java:infoOrTrace(149)) -   Exception 0: {}
java.util.concurrent.ExecutionException: org.apache.ratis.thirdparty.io.grpc.StatusRuntimeException: UNAVAILABLE: io exception
	at java.util.concurrent.FutureTask.report(FutureTask.java:122)
	at java.util.concurrent.FutureTask.get(FutureTask.java:192)
	at org.apache.ratis.server.impl.LeaderElection.waitForResults(LeaderElection.java:262)
	at org.apache.ratis.server.impl.LeaderElection.askForVotes(LeaderElection.java:200)
	at org.apache.ratis.server.impl.LeaderElection.run(LeaderElection.java:130)
	at java.lang.Thread.run(Thread.java:748)
Caused by: org.apache.ratis.thirdparty.io.grpc.StatusRuntimeException: UNAVAILABLE: io exception
	at org.apache.ratis.thirdparty.io.grpc.stub.ClientCalls.toStatusRuntimeException(ClientCalls.java:233)
	at org.apache.ratis.thirdparty.io.grpc.stub.ClientCalls.getUnchecked(ClientCalls.java:214)
	at org.apache.ratis.thirdparty.io.grpc.stub.ClientCalls.blockingUnaryCall(ClientCalls.java:139)
	at org.apache.ratis.proto.grpc.RaftServerProtocolServiceGrpc$RaftServerProtocolServiceBlockingStub.requestVote(RaftServerProtocolServiceGrpc.java:265)
	at org.apache.ratis.grpc.server.GrpcServerProtocolClient.requestVote(GrpcServerProtocolClient.java:83)
	at org.apache.ratis.grpc.server.GrpcService.requestVote(GrpcService.java:195)
	at org.apache.ratis.server.impl.LeaderElection.lambda$submitRequests$1(LeaderElection.java:237)
	at java.util.concurrent.FutureTask.run(FutureTask.java:266)
	at java.util.concurrent.Executors$RunnableAdapter.call(Executors.java:511)
	at java.util.concurrent.FutureTask.run(FutureTask.java:266)
	at java.util.concurrent.ThreadPoolExecutor.runWorker(ThreadPoolExecutor.java:1149)
	at java.util.concurrent.ThreadPoolExecutor$Worker.run(ThreadPoolExecutor.java:624)
	... 1 more
Caused by: org.apache.ratis.thirdparty.io.netty.channel.AbstractChannel$AnnotatedConnectException: Connection refused: /192.168.69.113:39704
	at sun.nio.ch.SocketChannelImpl.checkConnect(Native Method)
	at sun.nio.ch.SocketChannelImpl.finishConnect(SocketChannelImpl.java:717)
	at org.apache.ratis.thirdparty.io.netty.channel.socket.nio.NioSocketChannel.doFinishConnect(NioSocketChannel.java:327)
	at org.apache.ratis.thirdparty.io.netty.channel.nio.AbstractNioChannel$AbstractNioUnsafe.finishConnect(AbstractNioChannel.java:340)
	at org.apache.ratis.thirdparty.io.netty.channel.nio.NioEventLoop.processSelectedKey(NioEventLoop.java:632)
	at org.apache.ratis.thirdparty.io.netty.channel.nio.NioEventLoop.processSelectedKeysOptimized(NioEventLoop.java:579)
	at org.apache.ratis.thirdparty.io.netty.channel.nio.NioEventLoop.processSelectedKeys(NioEventLoop.java:496)
	at org.apache.ratis.thirdparty.io.netty.channel.nio.NioEventLoop.run(NioEventLoop.java:458)
	at org.apache.ratis.thirdparty.io.netty.util.concurrent.SingleThreadEventExecutor$5.run(SingleThreadEventExecutor.java:897)
	at org.apache.ratis.thirdparty.io.netty.util.concurrent.FastThreadLocalRunnable.run(FastThreadLocalRunnable.java:30)
	... 1 more
Caused by: java.net.ConnectException: Connection refused
	... 11 more
2019-08-28 19:31:27,897 [c5bcbe8d-02dd-463d-aab3-dfd296a706f4:group-80A2C0CCB592:LeaderElection105] INFO  impl.LeaderElection (LogUtils.java:infoOrTrace(149)) -   Exception 1: {}
java.util.concurrent.ExecutionException: org.apache.ratis.thirdparty.io.grpc.StatusRuntimeException: UNAVAILABLE: io exception
	at java.util.concurrent.FutureTask.report(FutureTask.java:122)
	at java.util.concurrent.FutureTask.get(FutureTask.java:192)
	at org.apache.ratis.server.impl.LeaderElection.waitForResults(LeaderElection.java:262)
	at org.apache.ratis.server.impl.LeaderElection.askForVotes(LeaderElection.java:200)
	at org.apache.ratis.server.impl.LeaderElection.run(LeaderElection.java:130)
	at java.lang.Thread.run(Thread.java:748)
Caused by: org.apache.ratis.thirdparty.io.grpc.StatusRuntimeException: UNAVAILABLE: io exception
	at org.apache.ratis.thirdparty.io.grpc.stub.ClientCalls.toStatusRuntimeException(ClientCalls.java:233)
	at org.apache.ratis.thirdparty.io.grpc.stub.ClientCalls.getUnchecked(ClientCalls.java:214)
	at org.apache.ratis.thirdparty.io.grpc.stub.ClientCalls.blockingUnaryCall(ClientCalls.java:139)
	at org.apache.ratis.proto.grpc.RaftServerProtocolServiceGrpc$RaftServerProtocolServiceBlockingStub.requestVote(RaftServerProtocolServiceGrpc.java:265)
	at org.apache.ratis.grpc.server.GrpcServerProtocolClient.requestVote(GrpcServerProtocolClient.java:83)
	at org.apache.ratis.grpc.server.GrpcService.requestVote(GrpcService.java:195)
	at org.apache.ratis.server.impl.LeaderElection.lambda$submitRequests$1(LeaderElection.java:237)
	at java.util.concurrent.FutureTask.run(FutureTask.java:266)
	at java.util.concurrent.Executors$RunnableAdapter.call(Executors.java:511)
	at java.util.concurrent.FutureTask.run(FutureTask.java:266)
	at java.util.concurrent.ThreadPoolExecutor.runWorker(ThreadPoolExecutor.java:1149)
	at java.util.concurrent.ThreadPoolExecutor$Worker.run(ThreadPoolExecutor.java:624)
	... 1 more
Caused by: org.apache.ratis.thirdparty.io.netty.channel.AbstractChannel$AnnotatedConnectException: Connection refused: /192.168.69.113:45775
	at sun.nio.ch.SocketChannelImpl.checkConnect(Native Method)
	at sun.nio.ch.SocketChannelImpl.finishConnect(SocketChannelImpl.java:717)
	at org.apache.ratis.thirdparty.io.netty.channel.socket.nio.NioSocketChannel.doFinishConnect(NioSocketChannel.java:327)
	at org.apache.ratis.thirdparty.io.netty.channel.nio.AbstractNioChannel$AbstractNioUnsafe.finishConnect(AbstractNioChannel.java:340)
	at org.apache.ratis.thirdparty.io.netty.channel.nio.NioEventLoop.processSelectedKey(NioEventLoop.java:632)
	at org.apache.ratis.thirdparty.io.netty.channel.nio.NioEventLoop.processSelectedKeysOptimized(NioEventLoop.java:579)
	at org.apache.ratis.thirdparty.io.netty.channel.nio.NioEventLoop.processSelectedKeys(NioEventLoop.java:496)
	at org.apache.ratis.thirdparty.io.netty.channel.nio.NioEventLoop.run(NioEventLoop.java:458)
	at org.apache.ratis.thirdparty.io.netty.util.concurrent.SingleThreadEventExecutor$5.run(SingleThreadEventExecutor.java:897)
	at org.apache.ratis.thirdparty.io.netty.util.concurrent.FastThreadLocalRunnable.run(FastThreadLocalRunnable.java:30)
	... 1 more
Caused by: java.net.ConnectException: Connection refused
	... 11 more
2019-08-28 19:31:27,897 [c5bcbe8d-02dd-463d-aab3-dfd296a706f4:group-80A2C0CCB592:LeaderElection105] INFO  impl.RaftServerImpl (RaftServerImpl.java:setRole(171)) - c5bcbe8d-02dd-463d-aab3-dfd296a706f4:group-80A2C0CCB592 changes role from CANDIDATE to FOLLOWER at term 5 for DISCOVERED_A_NEW_TERM
2019-08-28 19:31:27,898 [c5bcbe8d-02dd-463d-aab3-dfd296a706f4:group-80A2C0CCB592:LeaderElection105] INFO  impl.RoleInfo (RoleInfo.java:shutdownLeaderElection(134)) - c5bcbe8d-02dd-463d-aab3-dfd296a706f4: shutdown LeaderElection
2019-08-28 19:31:27,898 [c5bcbe8d-02dd-463d-aab3-dfd296a706f4:group-80A2C0CCB592:LeaderElection105] INFO  impl.RoleInfo (RoleInfo.java:updateAndGet(143)) - c5bcbe8d-02dd-463d-aab3-dfd296a706f4: start FollowerState
2019-08-28 19:31:29,207 [EventQueue-StaleNodeForStaleNodeHandler] INFO  node.StaleNodeHandler (StaleNodeHandler.java:onMessage(58)) - Datanode c5bcbe8d-02dd-463d-aab3-dfd296a706f4{ip: 192.168.69.113, host: pr-hdds-1949-vp5nt-881372353, networkLocation: /default-rack, certSerialId: null} moved to stale state. Finalizing its pipelines [PipelineID=2e2042e9-da0a-4e62-ae5d-80a2c0ccb592, PipelineID=9cdd7da3-0bdd-40c3-b637-40c9e5213392]
2019-08-28 19:31:29,207 [EventQueue-StaleNodeForStaleNodeHandler] INFO  pipeline.SCMPipelineManager (SCMPipelineManager.java:finalizeAndDestroyPipeline(309)) - destroying pipeline:Pipeline[ Id: 2e2042e9-da0a-4e62-ae5d-80a2c0ccb592, Nodes: c5bcbe8d-02dd-463d-aab3-dfd296a706f4{ip: 192.168.69.113, host: pr-hdds-1949-vp5nt-881372353, networkLocation: /default-rack, certSerialId: null}427dba9e-3238-4f6b-b193-fefaba865310{ip: 192.168.69.113, host: pr-hdds-1949-vp5nt-881372353, networkLocation: /default-rack, certSerialId: null}fe19b4e3-4861-4e0d-90fc-58955537b207{ip: 192.168.69.113, host: pr-hdds-1949-vp5nt-881372353, networkLocation: /default-rack, certSerialId: null}, Type:RATIS, Factor:THREE, State:CLOSED]
2019-08-28 19:31:29,207 [EventQueue-StaleNodeForStaleNodeHandler] INFO  pipeline.SCMPipelineManager (SCMPipelineManager.java:finalizeAndDestroyPipeline(309)) - destroying pipeline:Pipeline[ Id: 9cdd7da3-0bdd-40c3-b637-40c9e5213392, Nodes: c5bcbe8d-02dd-463d-aab3-dfd296a706f4{ip: 192.168.69.113, host: pr-hdds-1949-vp5nt-881372353, networkLocation: /default-rack, certSerialId: null}, Type:RATIS, Factor:ONE, State:OPEN]
2019-08-28 19:31:29,207 [EventQueue-StaleNodeForStaleNodeHandler] INFO  pipeline.PipelineStateManager (PipelineStateManager.java:finalizePipeline(123)) - Pipeline Pipeline[ Id: 9cdd7da3-0bdd-40c3-b637-40c9e5213392, Nodes: c5bcbe8d-02dd-463d-aab3-dfd296a706f4{ip: 192.168.69.113, host: pr-hdds-1949-vp5nt-881372353, networkLocation: /default-rack, certSerialId: null}, Type:RATIS, Factor:ONE, State:CLOSED] moved to CLOSED state
2019-08-28 19:31:29,951 [main] INFO  ozoneimpl.OzoneContainer (OzoneContainer.java:stop(215)) - Attempting to stop container services.
2019-08-28 19:31:29,952 [main] INFO  impl.RaftServerProxy (RaftServerProxy.java:lambda$close$4(314)) - c5bcbe8d-02dd-463d-aab3-dfd296a706f4: close
2019-08-28 19:31:29,952 [main] INFO  impl.RaftServerImpl (RaftServerImpl.java:lambda$shutdown$3(245)) - c5bcbe8d-02dd-463d-aab3-dfd296a706f4: shutdown group-80A2C0CCB592
2019-08-28 19:31:29,952 [ForkJoinPool.commonPool-worker-1] INFO  impl.RaftServerImpl (RaftServerImpl.java:lambda$shutdown$3(245)) - c5bcbe8d-02dd-463d-aab3-dfd296a706f4: shutdown group-40C9E5213392
2019-08-28 19:31:29,952 [main] INFO  util.JmxRegister (JmxRegister.java:unregister(73)) - Successfully un-registered JMX Bean with object name Ratis:service=RaftServer,group=group-80A2C0CCB592,id=c5bcbe8d-02dd-463d-aab3-dfd296a706f4
2019-08-28 19:31:29,953 [ForkJoinPool.commonPool-worker-1] INFO  util.JmxRegister (JmxRegister.java:unregister(73)) - Successfully un-registered JMX Bean with object name Ratis:service=RaftServer,group=group-40C9E5213392,id=c5bcbe8d-02dd-463d-aab3-dfd296a706f4
2019-08-28 19:31:29,953 [main] INFO  impl.RoleInfo (RoleInfo.java:shutdownFollowerState(121)) - c5bcbe8d-02dd-463d-aab3-dfd296a706f4: shutdown FollowerState
2019-08-28 19:31:29,953 [ForkJoinPool.commonPool-worker-1] INFO  impl.RoleInfo (RoleInfo.java:shutdownLeaderState(104)) - c5bcbe8d-02dd-463d-aab3-dfd296a706f4: shutdown LeaderState
2019-08-28 19:31:29,953 [Thread-4034] INFO  impl.FollowerState (FollowerState.java:run(114)) - c5bcbe8d-02dd-463d-aab3-dfd296a706f4: FollowerState was interrupted: java.lang.InterruptedException: sleep interrupted
2019-08-28 19:31:29,954 [ForkJoinPool.commonPool-worker-1] INFO  impl.PendingRequests (PendingRequests.java:sendNotLeaderResponses(202)) - c5bcbe8d-02dd-463d-aab3-dfd296a706f4-PendingRequests: sendNotLeaderResponses
2019-08-28 19:31:29,953 [main] INFO  impl.StateMachineUpdater (StateMachineUpdater.java:stopAndJoin(115)) - StateMachineUpdater:c5bcbe8d-02dd-463d-aab3-dfd296a706f4:group-80A2C0CCB592: set stopIndex = -1
2019-08-28 19:31:29,955 [ForkJoinPool.commonPool-worker-1] INFO  impl.StateMachineUpdater (StateMachineUpdater.java:stopAndJoin(115)) - StateMachineUpdater:c5bcbe8d-02dd-463d-aab3-dfd296a706f4:group-40C9E5213392: set stopIndex = 0
2019-08-28 19:31:29,955 [main] INFO  impl.RaftServerImpl (ServerState.java:close(394)) - c5bcbe8d-02dd-463d-aab3-dfd296a706f4:group-80A2C0CCB592 closes. The last applied log index is -1
2019-08-28 19:31:29,955 [ForkJoinPool.commonPool-worker-1] INFO  impl.RaftServerImpl (ServerState.java:close(394)) - c5bcbe8d-02dd-463d-aab3-dfd296a706f4:group-40C9E5213392 closes. The last applied log index is 0
2019-08-28 19:31:29,956 [c5bcbe8d-02dd-463d-aab3-dfd296a706f4-SegmentedRaftLogWorker:Storage Directory /workdir/hadoop-ozone/integration-test/target/test-dir/MiniOzoneClusterImpl-4c216f00-9015-443b-bac6-aeadc5876bb8/datanode-5/data/ratis/2e2042e9-da0a-4e62-ae5d-80a2c0ccb592] INFO  segmented.SegmentedRaftLogWorker (SegmentedRaftLogWorker.java:run(313)) - c5bcbe8d-02dd-463d-aab3-dfd296a706f4-SegmentedRaftLogWorker:Storage Directory /workdir/hadoop-ozone/integration-test/target/test-dir/MiniOzoneClusterImpl-4c216f00-9015-443b-bac6-aeadc5876bb8/datanode-5/data/ratis/2e2042e9-da0a-4e62-ae5d-80a2c0ccb592 was interrupted, exiting. There are 0 tasks remaining in the queue.
2019-08-28 19:31:29,956 [c5bcbe8d-02dd-463d-aab3-dfd296a706f4-SegmentedRaftLogWorker:Storage Directory /workdir/hadoop-ozone/integration-test/target/test-dir/MiniOzoneClusterImpl-4c216f00-9015-443b-bac6-aeadc5876bb8/datanode-5/data/ratis/9cdd7da3-0bdd-40c3-b637-40c9e5213392] INFO  segmented.SegmentedRaftLogWorker (SegmentedRaftLogWorker.java:run(313)) - c5bcbe8d-02dd-463d-aab3-dfd296a706f4-SegmentedRaftLogWorker:Storage Directory /workdir/hadoop-ozone/integration-test/target/test-dir/MiniOzoneClusterImpl-4c216f00-9015-443b-bac6-aeadc5876bb8/datanode-5/data/ratis/9cdd7da3-0bdd-40c3-b637-40c9e5213392 was interrupted, exiting. There are 0 tasks remaining in the queue.
2019-08-28 19:31:29,956 [main] INFO  segmented.SegmentedRaftLogWorker (SegmentedRaftLogWorker.java:close(228)) - c5bcbe8d-02dd-463d-aab3-dfd296a706f4-SegmentedRaftLogWorker:Storage Directory /workdir/hadoop-ozone/integration-test/target/test-dir/MiniOzoneClusterImpl-4c216f00-9015-443b-bac6-aeadc5876bb8/datanode-5/data/ratis/2e2042e9-da0a-4e62-ae5d-80a2c0ccb592 close()
2019-08-28 19:31:29,957 [ForkJoinPool.commonPool-worker-1] INFO  segmented.SegmentedRaftLogWorker (SegmentedRaftLogWorker.java:close(228)) - c5bcbe8d-02dd-463d-aab3-dfd296a706f4-SegmentedRaftLogWorker:Storage Directory /workdir/hadoop-ozone/integration-test/target/test-dir/MiniOzoneClusterImpl-4c216f00-9015-443b-bac6-aeadc5876bb8/datanode-5/data/ratis/9cdd7da3-0bdd-40c3-b637-40c9e5213392 close()
2019-08-28 19:31:29,958 [main] INFO  server.GrpcService (GrpcService.java:closeImpl(155)) - c5bcbe8d-02dd-463d-aab3-dfd296a706f4: shutdown server with port 41348 now
2019-08-28 19:31:29,959 [main] INFO  server.GrpcService (GrpcService.java:closeImpl(163)) - c5bcbe8d-02dd-463d-aab3-dfd296a706f4: shutdown server with port 41348 successfully
2019-08-28 19:31:29,960 [refreshUsed-/workdir/hadoop-ozone/integration-test/target/test-dir/MiniOzoneClusterImpl-4c216f00-9015-443b-bac6-aeadc5876bb8/datanode-5/data/containers] WARN  fs.CachingGetSpaceUsed (CachingGetSpaceUsed.java:run(183)) - Thread Interrupted waiting to refresh disk information: sleep interrupted
2019-08-28 19:31:29,975 [main] INFO  utils.BackgroundService (BackgroundService.java:shutdown(148)) - Shutting down service BlockDeletingService
2019-08-28 19:31:29,975 [main] INFO  statemachine.DatanodeStateMachine (DatanodeStateMachine.java:stopDaemon(395)) - Ozone container server stopped.
2019-08-28 19:31:29,976 [main] INFO  handler.ContextHandler (ContextHandler.java:doStop(910)) - Stopped o.e.j.w.WebAppContext@4e3283f6{/,null,UNAVAILABLE}{/hddsDatanode}
2019-08-28 19:31:29,977 [main] INFO  server.AbstractConnector (AbstractConnector.java:doStop(318)) - Stopped ServerConnector@539316bb{HTTP/1.1,[http/1.1]}{0.0.0.0:0}
2019-08-28 19:31:29,977 [main] INFO  handler.ContextHandler (ContextHandler.java:doStop(910)) - Stopped o.e.j.s.ServletContextHandler@7bede4ea{/static,jar:file:/home/user/.m2/repository/org/apache/hadoop/hadoop-hdds-container-service/0.5.0-SNAPSHOT/hadoop-hdds-container-service-0.5.0-SNAPSHOT.jar!/webapps/static,UNAVAILABLE}
2019-08-28 19:31:29,978 [main] INFO  handler.ContextHandler (ContextHandler.java:doStop(910)) - Stopped o.e.j.s.ServletContextHandler@652e345{/logs,file:///workdir/hadoop-ozone/integration-test/target/log,UNAVAILABLE}
2019-08-28 19:31:29,979 [main] INFO  ozone.MiniOzoneClusterImpl (MiniOzoneClusterImpl.java:stopSCM(387)) - Stopping the StorageContainerManager
2019-08-28 19:31:29,979 [main] INFO  server.StorageContainerManager (StorageContainerManager.java:stop(797)) - Stopping Replication Manager Service.
2019-08-28 19:31:29,979 [main] INFO  container.ReplicationManager (ReplicationManager.java:stop(193)) - Stopping Replication Monitor Thread.
2019-08-28 19:31:29,979 [main] INFO  server.StorageContainerManager (StorageContainerManager.java:stop(804)) - Stopping Lease Manager of the command watchers
2019-08-28 19:31:29,979 [main] INFO  server.StorageContainerManager (StorageContainerManager.java:stop(811)) - Stopping datanode service RPC server
2019-08-28 19:31:29,979 [main] INFO  server.SCMDatanodeProtocolServer (SCMDatanodeProtocolServer.java:stop(367)) - Stopping the RPC server for DataNodes
2019-08-28 19:31:29,979 [main] INFO  ipc.Server (Server.java:stop(3082)) - Stopping server on 38662
2019-08-28 19:31:29,982 [IPC Server listener on 38662] INFO  ipc.Server (Server.java:run(1185)) - Stopping IPC Server listener on 38662
2019-08-28 19:31:29,982 [IPC Server Responder] INFO  ipc.Server (Server.java:run(1319)) - Stopping IPC Server Responder
2019-08-28 19:31:30,008 [SCM Heartbeat Processing Thread - 0] WARN  node.NodeStateManager (NodeStateManager.java:scheduleNextHealthCheck(646)) - Current Thread is interrupted, shutting down HB processing thread for Node Manager.
2019-08-28 19:31:30,008 [main] INFO  server.StorageContainerManager (StorageContainerManager.java:stop(819)) - Stopping block service RPC server
2019-08-28 19:31:30,008 [main] INFO  server.SCMBlockProtocolServer (SCMBlockProtocolServer.java:stop(149)) - Stopping the RPC server for Block Protocol
2019-08-28 19:31:30,008 [main] INFO  ipc.Server (Server.java:stop(3082)) - Stopping server on 34048
2019-08-28 19:31:30,012 [main] INFO  server.StorageContainerManager (StorageContainerManager.java:stop(826)) - Stopping the StorageContainerLocationProtocol RPC server
2019-08-28 19:31:30,012 [IPC Server Responder] INFO  ipc.Server (Server.java:run(1319)) - Stopping IPC Server Responder
2019-08-28 19:31:30,012 [main] INFO  server.SCMClientProtocolServer (SCMClientProtocolServer.java:stop(159)) - Stopping the RPC server for Client Protocol
2019-08-28 19:31:30,013 [main] INFO  ipc.Server (Server.java:stop(3082)) - Stopping server on 42389
2019-08-28 19:31:30,012 [IPC Server listener on 34048] INFO  ipc.Server (Server.java:run(1185)) - Stopping IPC Server listener on 34048
2019-08-28 19:31:30,015 [IPC Server listener on 42389] INFO  ipc.Server (Server.java:run(1185)) - Stopping IPC Server listener on 42389
2019-08-28 19:31:30,015 [main] INFO  server.StorageContainerManager (StorageContainerManager.java:stop(833)) - Stopping Storage Container Manager HTTP server.
2019-08-28 19:31:30,016 [IPC Server Responder] INFO  ipc.Server (Server.java:run(1319)) - Stopping IPC Server Responder
2019-08-28 19:31:30,016 [main] INFO  handler.ContextHandler (ContextHandler.java:doStop(910)) - Stopped o.e.j.w.WebAppContext@6c8efde4{/,null,UNAVAILABLE}{/scm}
2019-08-28 19:31:30,017 [main] INFO  server.AbstractConnector (AbstractConnector.java:doStop(318)) - Stopped ServerConnector@24e5389c{HTTP/1.1,[http/1.1]}{0.0.0.0:0}
2019-08-28 19:31:30,018 [main] INFO  handler.ContextHandler (ContextHandler.java:doStop(910)) - Stopped o.e.j.s.ServletContextHandler@23ad2d17{/static,file:///workdir/hadoop-ozone/integration-test/target/test-classes/webapps/static,UNAVAILABLE}
2019-08-28 19:31:30,018 [main] INFO  handler.ContextHandler (ContextHandler.java:doStop(910)) - Stopped o.e.j.s.ServletContextHandler@207dd1b7{/logs,file:///workdir/hadoop-ozone/integration-test/target/log,UNAVAILABLE}
2019-08-28 19:31:30,019 [main] INFO  server.StorageContainerManager (StorageContainerManager.java:stop(844)) - Stopping Block Manager Service.
2019-08-28 19:31:30,019 [main] INFO  utils.BackgroundService (BackgroundService.java:shutdown(148)) - Shutting down service SCMBlockDeletingService
2019-08-28 19:31:30,019 [main] INFO  utils.BackgroundService (BackgroundService.java:shutdown(148)) - Shutting down service SCMBlockDeletingService
2019-08-28 19:31:30,020 [main] INFO  server.StorageContainerManager (StorageContainerManager.java:stop(866)) - Stopping SCM Event Queue.
2019-08-28 19:31:30,023 [main] INFO  impl.MetricsSystemImpl (MetricsSystemImpl.java:stop(210)) - Stopping HddsDatanode metrics system...
2019-08-28 19:31:30,030 [main] INFO  impl.MetricsSystemImpl (MetricsSystemImpl.java:stop(216)) - HddsDatanode metrics system stopped.
]]></system-out>
  </testcase>
  <testcase name="testWatchForCommitWithCloseContainerException" classname="org.apache.hadoop.ozone.client.rpc.TestBlockOutputStreamWithFailures" time="38.236"/>
  <testcase name="testExceptionDuringClose" classname="org.apache.hadoop.ozone.client.rpc.TestBlockOutputStreamWithFailures" time="43.141"/>
</testsuite>