<?xml version="1.0" encoding="UTF-8"?>
<testsuite xmlns:xsi="http://www.w3.org/2001/XMLSchema-instance" xsi:noNamespaceSchemaLocation="https://maven.apache.org/surefire/maven-surefire-plugin/xsd/surefire-test-report.xsd" name="org.apache.hadoop.ozone.scm.TestSCMContainerPlacementPolicyMetrics" time="84.832" tests="1" errors="1" skipped="0" failures="0">
  <properties>
    <property name="awt.toolkit" value="sun.awt.X11.XToolkit"/>
    <property name="file.encoding.pkg" value="sun.io"/>
    <property name="java.specification.version" value="1.8"/>
    <property name="sun.cpu.isalist" value=""/>
    <property name="sun.jnu.encoding" value="UTF-8"/>
    <property name="java.class.path" value="/workdir/hadoop-ozone/integration-test/target/test-classes:/workdir/hadoop-ozone/integration-test/target/classes:/home/user/.m2/repository/org/apache/hadoop/hadoop-ozone-common/0.5.0-SNAPSHOT/hadoop-ozone-common-0.5.0-SNAPSHOT.jar:/home/user/.m2/repository/org/apache/commons/commons-compress/1.4.1/commons-compress-1.4.1.jar:/home/user/.m2/repository/org/tukaani/xz/1.0/xz-1.0.jar:/home/user/.m2/repository/org/apache/hadoop/hadoop-common/3.2.0/hadoop-common-3.2.0.jar:/home/user/.m2/repository/org/apache/hadoop/hadoop-hdfs/3.2.0/hadoop-hdfs-3.2.0.jar:/home/user/.m2/repository/org/apache/hadoop/hadoop-hdfs-client/3.2.0/hadoop-hdfs-client-3.2.0.jar:/home/user/.m2/repository/com/fasterxml/jackson/core/jackson-annotations/2.9.9/jackson-annotations-2.9.9.jar:/home/user/.m2/repository/org/apache/hadoop/hadoop-hdds-common/0.5.0-SNAPSHOT/hadoop-hdds-common-0.5.0-SNAPSHOT.jar:/home/user/.m2/repository/javax/annotation/javax.annotation-api/1.2/javax.annotation-api-1.2.jar:/home/user/.m2/repository/org/apache/ratis/ratis-server/0.4.0/ratis-server-0.4.0.jar:/home/user/.m2/repository/org/apache/ratis/ratis-thirdparty-misc/0.2.0/ratis-thirdparty-misc-0.2.0.jar:/home/user/.m2/repository/org/apache/ratis/ratis-proto/0.4.0/ratis-proto-0.4.0.jar:/home/user/.m2/repository/org/apache/ratis/ratis-common/0.4.0/ratis-common-0.4.0.jar:/home/user/.m2/repository/org/apache/ratis/ratis-client/0.4.0/ratis-client-0.4.0.jar:/home/user/.m2/repository/org/apache/ratis/ratis-metrics/0.4.0/ratis-metrics-0.4.0.jar:/home/user/.m2/repository/com/github/joshelser/dropwizard-metrics-hadoop-metrics2-reporter/0.1.2/dropwizard-metrics-hadoop-metrics2-reporter-0.1.2.jar:/home/user/.m2/repository/io/dropwizard/metrics/metrics-jvm/3.2.5/metrics-jvm-3.2.5.jar:/home/user/.m2/repository/io/dropwizard/metrics/metrics-ganglia/3.2.5/metrics-ganglia-3.2.5.jar:/home/user/.m2/repository/info/ganglia/gmetric4j/gmetric4j/1.0.7/gmetric4j-1.0.7.jar:/home/user/.m2/repository/org/apache/ratis/ratis-netty/0.4.0/ratis-netty-0.4.0.jar:/home/user/.m2/repository/org/apache/ratis/ratis-grpc/0.4.0/ratis-grpc-0.4.0.jar:/home/user/.m2/repository/org/rocksdb/rocksdbjni/6.0.1/rocksdbjni-6.0.1.jar:/home/user/.m2/repository/org/apache/logging/log4j/log4j-api/2.11.0/log4j-api-2.11.0.jar:/home/user/.m2/repository/org/apache/logging/log4j/log4j-core/2.11.0/log4j-core-2.11.0.jar:/home/user/.m2/repository/com/lmax/disruptor/3.4.2/disruptor-3.4.2.jar:/home/user/.m2/repository/org/apache/commons/commons-pool2/2.6.0/commons-pool2-2.6.0.jar:/home/user/.m2/repository/org/bouncycastle/bcpkix-jdk15on/1.60/bcpkix-jdk15on-1.60.jar:/home/user/.m2/repository/commons-validator/commons-validator/1.6/commons-validator-1.6.jar:/home/user/.m2/repository/commons-digester/commons-digester/1.8.1/commons-digester-1.8.1.jar:/home/user/.m2/repository/io/jaegertracing/jaeger-client/0.34.0/jaeger-client-0.34.0.jar:/home/user/.m2/repository/io/jaegertracing/jaeger-thrift/0.34.0/jaeger-thrift-0.34.0.jar:/home/user/.m2/repository/org/apache/thrift/libthrift/0.12.0/libthrift-0.12.0.jar:/home/user/.m2/repository/com/squareup/okhttp3/okhttp/3.9.0/okhttp-3.9.0.jar:/home/user/.m2/repository/com/squareup/okio/okio/1.13.0/okio-1.13.0.jar:/home/user/.m2/repository/io/jaegertracing/jaeger-core/0.34.0/jaeger-core-0.34.0.jar:/home/user/.m2/repository/io/jaegertracing/jaeger-tracerresolver/0.34.0/jaeger-tracerresolver-0.34.0.jar:/home/user/.m2/repository/io/opentracing/contrib/opentracing-tracerresolver/0.1.5/opentracing-tracerresolver-0.1.5.jar:/home/user/.m2/repository/io/opentracing/opentracing-util/0.31.0/opentracing-util-0.31.0.jar:/home/user/.m2/repository/io/opentracing/opentracing-api/0.31.0/opentracing-api-0.31.0.jar:/home/user/.m2/repository/io/opentracing/opentracing-noop/0.31.0/opentracing-noop-0.31.0.jar:/home/user/.m2/repository/org/apache/hadoop/hadoop-hdds-server-framework/0.5.0-SNAPSHOT/hadoop-hdds-server-framework-0.5.0-SNAPSHOT.jar:/home/user/.m2/repository/org/apache/hadoop/hadoop-hdds-container-service/0.5.0-SNAPSHOT/hadoop-hdds-container-service-0.5.0-SNAPSHOT.jar:/home/user/.m2/repository/org/apache/hadoop/hadoop-hdds-client/0.5.0-SNAPSHOT/hadoop-hdds-client-0.5.0-SNAPSHOT.jar:/home/user/.m2/repository/org/apache/hadoop/hadoop-hdds-tools/0.5.0-SNAPSHOT/hadoop-hdds-tools-0.5.0-SNAPSHOT.jar:/home/user/.m2/repository/org/apache/hadoop/hadoop-hdds-server-scm/0.5.0-SNAPSHOT/hadoop-hdds-server-scm-0.5.0-SNAPSHOT.jar:/home/user/.m2/repository/org/apache/hadoop/hadoop-hdds-docs/0.5.0-SNAPSHOT/hadoop-hdds-docs-0.5.0-SNAPSHOT.jar:/home/user/.m2/repository/io/dropwizard/metrics/metrics-core/3.2.4/metrics-core-3.2.4.jar:/home/user/.m2/repository/org/hamcrest/hamcrest-all/1.3/hamcrest-all-1.3.jar:/home/user/.m2/repository/org/bouncycastle/bcprov-jdk15on/1.60/bcprov-jdk15on-1.60.jar:/home/user/.m2/repository/info/picocli/picocli/3.9.6/picocli-3.9.6.jar:/home/user/.m2/repository/com/google/protobuf/protobuf-java/2.5.0/protobuf-java-2.5.0.jar:/home/user/.m2/repository/com/google/guava/guava/11.0.2/guava-11.0.2.jar:/home/user/.m2/repository/org/apache/hadoop/hadoop-ozone-ozone-manager/0.5.0-SNAPSHOT/hadoop-ozone-ozone-manager-0.5.0-SNAPSHOT.jar:/home/user/.m2/repository/org/apache/hadoop/hadoop-minikdc/3.2.0/hadoop-minikdc-3.2.0.jar:/home/user/.m2/repository/commons-io/commons-io/2.5/commons-io-2.5.jar:/home/user/.m2/repository/org/apache/kerby/kerb-simplekdc/1.0.1/kerb-simplekdc-1.0.1.jar:/home/user/.m2/repository/org/apache/kerby/kerb-client/1.0.1/kerb-client-1.0.1.jar:/home/user/.m2/repository/org/apache/kerby/kerby-config/1.0.1/kerby-config-1.0.1.jar:/home/user/.m2/repository/org/apache/kerby/kerb-core/1.0.1/kerb-core-1.0.1.jar:/home/user/.m2/repository/org/apache/kerby/kerby-pkix/1.0.1/kerby-pkix-1.0.1.jar:/home/user/.m2/repository/org/apache/kerby/kerby-asn1/1.0.1/kerby-asn1-1.0.1.jar:/home/user/.m2/repository/org/apache/kerby/kerby-util/1.0.1/kerby-util-1.0.1.jar:/home/user/.m2/repository/org/apache/kerby/kerb-common/1.0.1/kerb-common-1.0.1.jar:/home/user/.m2/repository/org/apache/kerby/kerb-crypto/1.0.1/kerb-crypto-1.0.1.jar:/home/user/.m2/repository/org/apache/kerby/kerb-util/1.0.1/kerb-util-1.0.1.jar:/home/user/.m2/repository/org/apache/kerby/token-provider/1.0.1/token-provider-1.0.1.jar:/home/user/.m2/repository/org/apache/kerby/kerb-admin/1.0.1/kerb-admin-1.0.1.jar:/home/user/.m2/repository/org/apache/kerby/kerb-server/1.0.1/kerb-server-1.0.1.jar:/home/user/.m2/repository/org/apache/kerby/kerb-identity/1.0.1/kerb-identity-1.0.1.jar:/home/user/.m2/repository/org/apache/kerby/kerby-xdr/1.0.1/kerby-xdr-1.0.1.jar:/home/user/.m2/repository/org/slf4j/slf4j-log4j12/1.7.25/slf4j-log4j12-1.7.25.jar:/home/user/.m2/repository/org/apache/hadoop/hadoop-ozone-s3gateway/0.5.0-SNAPSHOT/hadoop-ozone-s3gateway-0.5.0-SNAPSHOT.jar:/home/user/.m2/repository/org/jboss/weld/servlet/weld-servlet/2.4.7.Final/weld-servlet-2.4.7.Final.jar:/home/user/.m2/repository/org/glassfish/jersey/containers/jersey-container-servlet-core/2.27/jersey-container-servlet-core-2.27.jar:/home/user/.m2/repository/org/glassfish/hk2/external/javax.inject/2.5.0-b42/javax.inject-2.5.0-b42.jar:/home/user/.m2/repository/org/glassfish/jersey/core/jersey-common/2.27/jersey-common-2.27.jar:/home/user/.m2/repository/org/glassfish/hk2/osgi-resource-locator/1.0.1/osgi-resource-locator-1.0.1.jar:/home/user/.m2/repository/javax/ws/rs/javax.ws.rs-api/2.1/javax.ws.rs-api-2.1.jar:/home/user/.m2/repository/org/glassfish/jersey/ext/cdi/jersey-cdi1x/2.27/jersey-cdi1x-2.27.jar:/home/user/.m2/repository/org/glassfish/jersey/inject/jersey-hk2/2.27/jersey-hk2-2.27.jar:/home/user/.m2/repository/org/glassfish/hk2/hk2-locator/2.5.0-b42/hk2-locator-2.5.0-b42.jar:/home/user/.m2/repository/org/javassist/javassist/3.22.0-CR2/javassist-3.22.0-CR2.jar:/home/user/.m2/repository/org/glassfish/hk2/hk2-api/2.5.0/hk2-api-2.5.0.jar:/home/user/.m2/repository/org/glassfish/hk2/external/jakarta.inject/2.5.0/jakarta.inject-2.5.0.jar:/home/user/.m2/repository/org/glassfish/hk2/hk2-utils/2.5.0/hk2-utils-2.5.0.jar:/home/user/.m2/repository/jakarta/annotation/jakarta.annotation-api/1.3.4/jakarta.annotation-api-1.3.4.jar:/home/user/.m2/repository/org/glassfish/hk2/external/aopalliance-repackaged/2.5.0/aopalliance-repackaged-2.5.0.jar:/home/user/.m2/repository/com/fasterxml/jackson/dataformat/jackson-dataformat-xml/2.9.0/jackson-dataformat-xml-2.9.0.jar:/home/user/.m2/repository/com/fasterxml/jackson/core/jackson-core/2.9.9/jackson-core-2.9.9.jar:/home/user/.m2/repository/com/fasterxml/jackson/module/jackson-module-jaxb-annotations/2.9.9/jackson-module-jaxb-annotations-2.9.9.jar:/home/user/.m2/repository/javax/enterprise/cdi-api/1.2/cdi-api-1.2.jar:/home/user/.m2/repository/javax/el/javax.el-api/3.0.0/javax.el-api-3.0.0.jar:/home/user/.m2/repository/javax/interceptor/javax.interceptor-api/1.2/javax.interceptor-api-1.2.jar:/home/user/.m2/repository/javax/inject/javax.inject/1/javax.inject-1.jar:/home/user/.m2/repository/com/sun/xml/bind/jaxb-impl/2.3.0.1/jaxb-impl-2.3.0.1.jar:/home/user/.m2/repository/com/sun/xml/bind/jaxb-core/2.3.0.1/jaxb-core-2.3.0.1.jar:/home/user/.m2/repository/javax/xml/bind/jaxb-api/2.3.0/jaxb-api-2.3.0.jar:/home/user/.m2/repository/javax/activation/activation/1.1.1/activation-1.1.1.jar:/home/user/.m2/repository/org/apache/hadoop/hadoop-ozone-csi/0.5.0-SNAPSHOT/hadoop-ozone-csi-0.5.0-SNAPSHOT.jar:/home/user/.m2/repository/com/google/protobuf/protobuf-java-util/3.5.1/protobuf-java-util-3.5.1.jar:/home/user/.m2/repository/org/apache/hadoop/hadoop-hdds-config/0.5.0-SNAPSHOT/hadoop-hdds-config-0.5.0-SNAPSHOT.jar:/home/user/.m2/repository/io/grpc/grpc-netty/1.17.1/grpc-netty-1.17.1.jar:/home/user/.m2/repository/io/grpc/grpc-core/1.17.1/grpc-core-1.17.1.jar:/home/user/.m2/repository/io/grpc/grpc-context/1.17.1/grpc-context-1.17.1.jar:/home/user/.m2/repository/com/google/errorprone/error_prone_annotations/2.2.0/error_prone_annotations-2.2.0.jar:/home/user/.m2/repository/org/codehaus/mojo/animal-sniffer-annotations/1.17/animal-sniffer-annotations-1.17.jar:/home/user/.m2/repository/io/opencensus/opencensus-api/0.17.0/opencensus-api-0.17.0.jar:/home/user/.m2/repository/io/opencensus/opencensus-contrib-grpc-metrics/0.17.0/opencensus-contrib-grpc-metrics-0.17.0.jar:/home/user/.m2/repository/io/netty/netty-codec-http2/4.1.30.Final/netty-codec-http2-4.1.30.Final.jar:/home/user/.m2/repository/io/netty/netty-codec-http/4.1.30.Final/netty-codec-http-4.1.30.Final.jar:/home/user/.m2/repository/io/netty/netty-codec/4.1.30.Final/netty-codec-4.1.30.Final.jar:/home/user/.m2/repository/io/netty/netty-handler/4.1.30.Final/netty-handler-4.1.30.Final.jar:/home/user/.m2/repository/io/netty/netty-handler-proxy/4.1.30.Final/netty-handler-proxy-4.1.30.Final.jar:/home/user/.m2/repository/io/netty/netty-codec-socks/4.1.30.Final/netty-codec-socks-4.1.30.Final.jar:/home/user/.m2/repository/io/netty/netty-transport-native-epoll/4.1.30.Final/netty-transport-native-epoll-4.1.30.Final.jar:/home/user/.m2/repository/io/netty/netty-common/4.1.30.Final/netty-common-4.1.30.Final.jar:/home/user/.m2/repository/io/netty/netty-buffer/4.1.30.Final/netty-buffer-4.1.30.Final.jar:/home/user/.m2/repository/io/netty/netty-transport/4.1.30.Final/netty-transport-4.1.30.Final.jar:/home/user/.m2/repository/io/netty/netty-resolver/4.1.30.Final/netty-resolver-4.1.30.Final.jar:/home/user/.m2/repository/io/netty/netty-transport-native-unix-common/4.1.30.Final/netty-transport-native-unix-common-4.1.30.Final.jar:/home/user/.m2/repository/io/grpc/grpc-protobuf/1.17.1/grpc-protobuf-1.17.1.jar:/home/user/.m2/repository/com/google/api/grpc/proto-google-common-protos/1.0.0/proto-google-common-protos-1.0.0.jar:/home/user/.m2/repository/io/grpc/grpc-protobuf-lite/1.17.1/grpc-protobuf-lite-1.17.1.jar:/home/user/.m2/repository/io/grpc/grpc-stub/1.17.1/grpc-stub-1.17.1.jar:/home/user/.m2/repository/org/apache/hadoop/hadoop-ozone-recon/0.5.0-SNAPSHOT/hadoop-ozone-recon-0.5.0-SNAPSHOT.jar:/home/user/.m2/repository/org/apache/hadoop/hadoop-ozone-reconcodegen/0.5.0-SNAPSHOT/hadoop-ozone-reconcodegen-0.5.0-SNAPSHOT.jar:/home/user/.m2/repository/com/google/inject/extensions/guice-multibindings/4.0/guice-multibindings-4.0.jar:/home/user/.m2/repository/com/google/inject/guice/4.0/guice-4.0.jar:/home/user/.m2/repository/aopalliance/aopalliance/1.0/aopalliance-1.0.jar:/home/user/.m2/repository/com/google/inject/extensions/guice-servlet/4.0/guice-servlet-4.0.jar:/home/user/.m2/repository/org/glassfish/jersey/containers/jersey-container-servlet/2.27/jersey-container-servlet-2.27.jar:/home/user/.m2/repository/org/glassfish/hk2/guice-bridge/2.5.0/guice-bridge-2.5.0.jar:/home/user/.m2/repository/org/glassfish/jersey/core/jersey-server/2.27/jersey-server-2.27.jar:/home/user/.m2/repository/org/glassfish/jersey/core/jersey-client/2.27/jersey-client-2.27.jar:/home/user/.m2/repository/org/glassfish/jersey/media/jersey-media-jaxb/2.27/jersey-media-jaxb-2.27.jar:/home/user/.m2/repository/javax/validation/validation-api/1.1.0.Final/validation-api-1.1.0.Final.jar:/home/user/.m2/repository/org/glassfish/jersey/media/jersey-media-json-jackson/2.27/jersey-media-json-jackson-2.27.jar:/home/user/.m2/repository/org/glassfish/jersey/ext/jersey-entity-filtering/2.27/jersey-entity-filtering-2.27.jar:/home/user/.m2/repository/com/google/inject/extensions/guice-assistedinject/4.0/guice-assistedinject-4.0.jar:/home/user/.m2/repository/org/jooq/jooq/3.11.10/jooq-3.11.10.jar:/home/user/.m2/repository/org/jooq/jooq-meta/3.11.10/jooq-meta-3.11.10.jar:/home/user/.m2/repository/org/jooq/jooq-codegen/3.11.10/jooq-codegen-3.11.10.jar:/home/user/.m2/repository/com/jolbox/bonecp/0.8.0.RELEASE/bonecp-0.8.0.RELEASE.jar:/home/user/.m2/repository/org/xerial/sqlite-jdbc/3.25.2/sqlite-jdbc-3.25.2.jar:/home/user/.m2/repository/org/springframework/spring-jdbc/5.1.3.RELEASE/spring-jdbc-5.1.3.RELEASE.jar:/home/user/.m2/repository/org/springframework/spring-beans/5.1.3.RELEASE/spring-beans-5.1.3.RELEASE.jar:/home/user/.m2/repository/org/springframework/spring-core/5.1.3.RELEASE/spring-core-5.1.3.RELEASE.jar:/home/user/.m2/repository/org/springframework/spring-jcl/5.1.3.RELEASE/spring-jcl-5.1.3.RELEASE.jar:/home/user/.m2/repository/org/springframework/spring-tx/5.1.3.RELEASE/spring-tx-5.1.3.RELEASE.jar:/home/user/.m2/repository/org/apache/hadoop/hadoop-ozone-client/0.5.0-SNAPSHOT/hadoop-ozone-client-0.5.0-SNAPSHOT.jar:/home/user/.m2/repository/commons-lang/commons-lang/2.6/commons-lang-2.6.jar:/home/user/.m2/repository/org/apache/hadoop/hadoop-ozone-ozone-manager/0.5.0-SNAPSHOT/hadoop-ozone-ozone-manager-0.5.0-SNAPSHOT-tests.jar:/home/user/.m2/repository/junit/junit/4.11/junit-4.11.jar:/home/user/.m2/repository/org/hamcrest/hamcrest-core/1.3/hamcrest-core-1.3.jar:/home/user/.m2/repository/org/openjdk/jmh/jmh-core/1.19/jmh-core-1.19.jar:/home/user/.m2/repository/net/sf/jopt-simple/jopt-simple/4.6/jopt-simple-4.6.jar:/home/user/.m2/repository/org/apache/commons/commons-math3/3.1.1/commons-math3-3.1.1.jar:/home/user/.m2/repository/org/openjdk/jmh/jmh-generator-annprocess/1.19/jmh-generator-annprocess-1.19.jar:/home/user/.m2/repository/org/mockito/mockito-all/1.8.5/mockito-all-1.8.5.jar:/home/user/.m2/repository/org/apache/hadoop/hadoop-kms/3.2.0/hadoop-kms-3.2.0.jar:/home/user/.m2/repository/org/apache/hadoop/hadoop-auth/3.2.0/hadoop-auth-3.2.0.jar:/home/user/.m2/repository/com/nimbusds/nimbus-jose-jwt/4.41.1/nimbus-jose-jwt-4.41.1.jar:/home/user/.m2/repository/com/github/stephenc/jcip/jcip-annotations/1.0-1/jcip-annotations-1.0-1.jar:/home/user/.m2/repository/net/minidev/json-smart/2.3/json-smart-2.3.jar:/home/user/.m2/repository/net/minidev/accessors-smart/1.2/accessors-smart-1.2.jar:/home/user/.m2/repository/org/ow2/asm/asm/5.0.4/asm-5.0.4.jar:/home/user/.m2/repository/org/apache/curator/curator-framework/2.12.0/curator-framework-2.12.0.jar:/home/user/.m2/repository/com/sun/jersey/jersey-core/1.19/jersey-core-1.19.jar:/home/user/.m2/repository/javax/ws/rs/jsr311-api/1.1.1/jsr311-api-1.1.1.jar:/home/user/.m2/repository/com/sun/jersey/jersey-server/1.19/jersey-server-1.19.jar:/home/user/.m2/repository/javax/servlet/javax.servlet-api/3.1.0/javax.servlet-api-3.1.0.jar:/home/user/.m2/repository/org/eclipse/jetty/jetty-server/9.3.25.v20180904/jetty-server-9.3.25.v20180904.jar:/home/user/.m2/repository/org/eclipse/jetty/jetty-http/9.3.25.v20180904/jetty-http-9.3.25.v20180904.jar:/home/user/.m2/repository/org/eclipse/jetty/jetty-io/9.3.25.v20180904/jetty-io-9.3.25.v20180904.jar:/home/user/.m2/repository/org/eclipse/jetty/jetty-webapp/9.3.25.v20180904/jetty-webapp-9.3.25.v20180904.jar:/home/user/.m2/repository/org/eclipse/jetty/jetty-xml/9.3.25.v20180904/jetty-xml-9.3.25.v20180904.jar:/home/user/.m2/repository/log4j/log4j/1.2.17/log4j-1.2.17.jar:/home/user/.m2/repository/org/slf4j/slf4j-api/1.7.25/slf4j-api-1.7.25.jar:/home/user/.m2/repository/org/slf4j/jul-to-slf4j/1.7.25/jul-to-slf4j-1.7.25.jar:/home/user/.m2/repository/org/eclipse/jetty/jetty-util/9.3.25.v20180904/jetty-util-9.3.25.v20180904.jar:/home/user/.m2/repository/com/fasterxml/jackson/core/jackson-databind/2.9.9/jackson-databind-2.9.9.jar:/home/user/.m2/repository/org/apache/hadoop/hadoop-kms/3.2.0/hadoop-kms-3.2.0-tests.jar:/home/user/.m2/repository/org/apache/hadoop/hadoop-hdds-server-scm/0.5.0-SNAPSHOT/hadoop-hdds-server-scm-0.5.0-SNAPSHOT-tests.jar:/home/user/.m2/repository/org/apache/hadoop/hadoop-hdds-container-service/0.5.0-SNAPSHOT/hadoop-hdds-container-service-0.5.0-SNAPSHOT-tests.jar:/home/user/.m2/repository/org/yaml/snakeyaml/1.16/snakeyaml-1.16.jar:/home/user/.m2/repository/org/apache/hadoop/hadoop-common/3.2.0/hadoop-common-3.2.0-tests.jar:/home/user/.m2/repository/org/apache/hadoop/hadoop-annotations/3.2.0/hadoop-annotations-3.2.0.jar:/usr/lib/jvm/java-1.8-openjdk/jre/../lib/tools.jar:/home/user/.m2/repository/commons-cli/commons-cli/1.2/commons-cli-1.2.jar:/home/user/.m2/repository/org/apache/httpcomponents/httpclient/4.5.2/httpclient-4.5.2.jar:/home/user/.m2/repository/org/apache/httpcomponents/httpcore/4.4.4/httpcore-4.4.4.jar:/home/user/.m2/repository/commons-codec/commons-codec/1.11/commons-codec-1.11.jar:/home/user/.m2/repository/commons-net/commons-net/3.6/commons-net-3.6.jar:/home/user/.m2/repository/commons-collections/commons-collections/3.2.2/commons-collections-3.2.2.jar:/home/user/.m2/repository/org/eclipse/jetty/jetty-servlet/9.3.25.v20180904/jetty-servlet-9.3.25.v20180904.jar:/home/user/.m2/repository/org/eclipse/jetty/jetty-security/9.3.25.v20180904/jetty-security-9.3.25.v20180904.jar:/home/user/.m2/repository/javax/servlet/jsp/jsp-api/2.1/jsp-api-2.1.jar:/home/user/.m2/repository/com/sun/jersey/jersey-servlet/1.19/jersey-servlet-1.19.jar:/home/user/.m2/repository/com/sun/jersey/jersey-json/1.19/jersey-json-1.19.jar:/home/user/.m2/repository/org/codehaus/jettison/jettison/1.1/jettison-1.1.jar:/home/user/.m2/repository/org/codehaus/jackson/jackson-core-asl/1.9.13/jackson-core-asl-1.9.13.jar:/home/user/.m2/repository/org/codehaus/jackson/jackson-mapper-asl/1.9.13/jackson-mapper-asl-1.9.13.jar:/home/user/.m2/repository/org/codehaus/jackson/jackson-jaxrs/1.9.13/jackson-jaxrs-1.9.13.jar:/home/user/.m2/repository/org/codehaus/jackson/jackson-xc/1.9.13/jackson-xc-1.9.13.jar:/home/user/.m2/repository/commons-logging/commons-logging/1.1.3/commons-logging-1.1.3.jar:/home/user/.m2/repository/commons-beanutils/commons-beanutils/1.9.4/commons-beanutils-1.9.4.jar:/home/user/.m2/repository/org/apache/commons/commons-configuration2/2.1.1/commons-configuration2-2.1.1.jar:/home/user/.m2/repository/org/apache/commons/commons-lang3/3.7/commons-lang3-3.7.jar:/home/user/.m2/repository/org/apache/commons/commons-text/1.4/commons-text-1.4.jar:/home/user/.m2/repository/org/apache/avro/avro/1.7.7/avro-1.7.7.jar:/home/user/.m2/repository/com/thoughtworks/paranamer/paranamer/2.3/paranamer-2.3.jar:/home/user/.m2/repository/org/xerial/snappy/snappy-java/1.0.5/snappy-java-1.0.5.jar:/home/user/.m2/repository/com/google/re2j/re2j/1.1/re2j-1.1.jar:/home/user/.m2/repository/com/google/code/gson/gson/2.2.4/gson-2.2.4.jar:/home/user/.m2/repository/com/jcraft/jsch/0.1.54/jsch-0.1.54.jar:/home/user/.m2/repository/org/apache/curator/curator-client/2.12.0/curator-client-2.12.0.jar:/home/user/.m2/repository/org/apache/curator/curator-recipes/2.12.0/curator-recipes-2.12.0.jar:/home/user/.m2/repository/com/google/code/findbugs/jsr305/3.0.0/jsr305-3.0.0.jar:/home/user/.m2/repository/org/apache/htrace/htrace-core4/4.1.0-incubating/htrace-core4-4.1.0-incubating.jar:/home/user/.m2/repository/org/apache/zookeeper/zookeeper/3.4.13/zookeeper-3.4.13.jar:/home/user/.m2/repository/jline/jline/0.9.94/jline-0.9.94.jar:/home/user/.m2/repository/org/apache/yetus/audience-annotations/0.5.0/audience-annotations-0.5.0.jar:/home/user/.m2/repository/org/codehaus/woodstox/stax2-api/3.1.4/stax2-api-3.1.4.jar:/home/user/.m2/repository/com/fasterxml/woodstox/woodstox-core/5.0.3/woodstox-core-5.0.3.jar:/home/user/.m2/repository/dnsjava/dnsjava/2.1.7/dnsjava-2.1.7.jar:/home/user/.m2/repository/org/apache/hadoop/hadoop-hdfs/3.2.0/hadoop-hdfs-3.2.0-tests.jar:/home/user/.m2/repository/org/eclipse/jetty/jetty-util-ajax/9.3.25.v20180904/jetty-util-ajax-9.3.25.v20180904.jar:/home/user/.m2/repository/commons-daemon/commons-daemon/1.0.13/commons-daemon-1.0.13.jar:/home/user/.m2/repository/io/netty/netty/3.10.5.Final/netty-3.10.5.Final.jar:/home/user/.m2/repository/io/netty/netty-all/4.0.52.Final/netty-all-4.0.52.Final.jar:/home/user/.m2/repository/org/fusesource/leveldbjni/leveldbjni-all/1.8/leveldbjni-all-1.8.jar:"/>
    <property name="java.vm.vendor" value="IcedTea"/>
    <property name="sun.arch.data.model" value="64"/>
    <property name="test.build.dir" value="/workdir/hadoop-ozone/integration-test/target/test-dir"/>
    <property name="test.cache.data" value=""/>
    <property name="java.vendor.url" value="https://icedtea.classpath.org"/>
    <property name="user.timezone" value=""/>
    <property name="java.vm.specification.version" value="1.8"/>
    <property name="os.name" value="Linux"/>
    <property name="test.build.data" value="/workdir/hadoop-ozone/integration-test/target/test-dir"/>
    <property name="user.country" value="US"/>
    <property name="sun.java.launcher" value="SUN_STANDARD"/>
    <property name="sun.boot.library.path" value="/usr/lib/jvm/java-1.8-openjdk/jre/lib/amd64"/>
    <property name="sun.java.command" value="/workdir/hadoop-ozone/integration-test/target/surefire/surefirebooter4185661211370339125.jar /workdir/hadoop-ozone/integration-test/target/surefire 2019-09-24T20-34-09_362-jvmRun1 surefire4878570019371164078tmp surefire_313382624223216993586tmp"/>
    <property name="test" value="!TestMiniChaosOzoneCluster"/>
    <property name="surefire.test.class.path" value="/workdir/hadoop-ozone/integration-test/target/test-classes:/workdir/hadoop-ozone/integration-test/target/classes:/home/user/.m2/repository/org/apache/hadoop/hadoop-ozone-common/0.5.0-SNAPSHOT/hadoop-ozone-common-0.5.0-SNAPSHOT.jar:/home/user/.m2/repository/org/apache/commons/commons-compress/1.4.1/commons-compress-1.4.1.jar:/home/user/.m2/repository/org/tukaani/xz/1.0/xz-1.0.jar:/home/user/.m2/repository/org/apache/hadoop/hadoop-common/3.2.0/hadoop-common-3.2.0.jar:/home/user/.m2/repository/org/apache/hadoop/hadoop-hdfs/3.2.0/hadoop-hdfs-3.2.0.jar:/home/user/.m2/repository/org/apache/hadoop/hadoop-hdfs-client/3.2.0/hadoop-hdfs-client-3.2.0.jar:/home/user/.m2/repository/com/fasterxml/jackson/core/jackson-annotations/2.9.9/jackson-annotations-2.9.9.jar:/home/user/.m2/repository/org/apache/hadoop/hadoop-hdds-common/0.5.0-SNAPSHOT/hadoop-hdds-common-0.5.0-SNAPSHOT.jar:/home/user/.m2/repository/javax/annotation/javax.annotation-api/1.2/javax.annotation-api-1.2.jar:/home/user/.m2/repository/org/apache/ratis/ratis-server/0.4.0/ratis-server-0.4.0.jar:/home/user/.m2/repository/org/apache/ratis/ratis-thirdparty-misc/0.2.0/ratis-thirdparty-misc-0.2.0.jar:/home/user/.m2/repository/org/apache/ratis/ratis-proto/0.4.0/ratis-proto-0.4.0.jar:/home/user/.m2/repository/org/apache/ratis/ratis-common/0.4.0/ratis-common-0.4.0.jar:/home/user/.m2/repository/org/apache/ratis/ratis-client/0.4.0/ratis-client-0.4.0.jar:/home/user/.m2/repository/org/apache/ratis/ratis-metrics/0.4.0/ratis-metrics-0.4.0.jar:/home/user/.m2/repository/com/github/joshelser/dropwizard-metrics-hadoop-metrics2-reporter/0.1.2/dropwizard-metrics-hadoop-metrics2-reporter-0.1.2.jar:/home/user/.m2/repository/io/dropwizard/metrics/metrics-jvm/3.2.5/metrics-jvm-3.2.5.jar:/home/user/.m2/repository/io/dropwizard/metrics/metrics-ganglia/3.2.5/metrics-ganglia-3.2.5.jar:/home/user/.m2/repository/info/ganglia/gmetric4j/gmetric4j/1.0.7/gmetric4j-1.0.7.jar:/home/user/.m2/repository/org/apache/ratis/ratis-netty/0.4.0/ratis-netty-0.4.0.jar:/home/user/.m2/repository/org/apache/ratis/ratis-grpc/0.4.0/ratis-grpc-0.4.0.jar:/home/user/.m2/repository/org/rocksdb/rocksdbjni/6.0.1/rocksdbjni-6.0.1.jar:/home/user/.m2/repository/org/apache/logging/log4j/log4j-api/2.11.0/log4j-api-2.11.0.jar:/home/user/.m2/repository/org/apache/logging/log4j/log4j-core/2.11.0/log4j-core-2.11.0.jar:/home/user/.m2/repository/com/lmax/disruptor/3.4.2/disruptor-3.4.2.jar:/home/user/.m2/repository/org/apache/commons/commons-pool2/2.6.0/commons-pool2-2.6.0.jar:/home/user/.m2/repository/org/bouncycastle/bcpkix-jdk15on/1.60/bcpkix-jdk15on-1.60.jar:/home/user/.m2/repository/commons-validator/commons-validator/1.6/commons-validator-1.6.jar:/home/user/.m2/repository/commons-digester/commons-digester/1.8.1/commons-digester-1.8.1.jar:/home/user/.m2/repository/io/jaegertracing/jaeger-client/0.34.0/jaeger-client-0.34.0.jar:/home/user/.m2/repository/io/jaegertracing/jaeger-thrift/0.34.0/jaeger-thrift-0.34.0.jar:/home/user/.m2/repository/org/apache/thrift/libthrift/0.12.0/libthrift-0.12.0.jar:/home/user/.m2/repository/com/squareup/okhttp3/okhttp/3.9.0/okhttp-3.9.0.jar:/home/user/.m2/repository/com/squareup/okio/okio/1.13.0/okio-1.13.0.jar:/home/user/.m2/repository/io/jaegertracing/jaeger-core/0.34.0/jaeger-core-0.34.0.jar:/home/user/.m2/repository/io/jaegertracing/jaeger-tracerresolver/0.34.0/jaeger-tracerresolver-0.34.0.jar:/home/user/.m2/repository/io/opentracing/contrib/opentracing-tracerresolver/0.1.5/opentracing-tracerresolver-0.1.5.jar:/home/user/.m2/repository/io/opentracing/opentracing-util/0.31.0/opentracing-util-0.31.0.jar:/home/user/.m2/repository/io/opentracing/opentracing-api/0.31.0/opentracing-api-0.31.0.jar:/home/user/.m2/repository/io/opentracing/opentracing-noop/0.31.0/opentracing-noop-0.31.0.jar:/home/user/.m2/repository/org/apache/hadoop/hadoop-hdds-server-framework/0.5.0-SNAPSHOT/hadoop-hdds-server-framework-0.5.0-SNAPSHOT.jar:/home/user/.m2/repository/org/apache/hadoop/hadoop-hdds-container-service/0.5.0-SNAPSHOT/hadoop-hdds-container-service-0.5.0-SNAPSHOT.jar:/home/user/.m2/repository/org/apache/hadoop/hadoop-hdds-client/0.5.0-SNAPSHOT/hadoop-hdds-client-0.5.0-SNAPSHOT.jar:/home/user/.m2/repository/org/apache/hadoop/hadoop-hdds-tools/0.5.0-SNAPSHOT/hadoop-hdds-tools-0.5.0-SNAPSHOT.jar:/home/user/.m2/repository/org/apache/hadoop/hadoop-hdds-server-scm/0.5.0-SNAPSHOT/hadoop-hdds-server-scm-0.5.0-SNAPSHOT.jar:/home/user/.m2/repository/org/apache/hadoop/hadoop-hdds-docs/0.5.0-SNAPSHOT/hadoop-hdds-docs-0.5.0-SNAPSHOT.jar:/home/user/.m2/repository/io/dropwizard/metrics/metrics-core/3.2.4/metrics-core-3.2.4.jar:/home/user/.m2/repository/org/hamcrest/hamcrest-all/1.3/hamcrest-all-1.3.jar:/home/user/.m2/repository/org/bouncycastle/bcprov-jdk15on/1.60/bcprov-jdk15on-1.60.jar:/home/user/.m2/repository/info/picocli/picocli/3.9.6/picocli-3.9.6.jar:/home/user/.m2/repository/com/google/protobuf/protobuf-java/2.5.0/protobuf-java-2.5.0.jar:/home/user/.m2/repository/com/google/guava/guava/11.0.2/guava-11.0.2.jar:/home/user/.m2/repository/org/apache/hadoop/hadoop-ozone-ozone-manager/0.5.0-SNAPSHOT/hadoop-ozone-ozone-manager-0.5.0-SNAPSHOT.jar:/home/user/.m2/repository/org/apache/hadoop/hadoop-minikdc/3.2.0/hadoop-minikdc-3.2.0.jar:/home/user/.m2/repository/commons-io/commons-io/2.5/commons-io-2.5.jar:/home/user/.m2/repository/org/apache/kerby/kerb-simplekdc/1.0.1/kerb-simplekdc-1.0.1.jar:/home/user/.m2/repository/org/apache/kerby/kerb-client/1.0.1/kerb-client-1.0.1.jar:/home/user/.m2/repository/org/apache/kerby/kerby-config/1.0.1/kerby-config-1.0.1.jar:/home/user/.m2/repository/org/apache/kerby/kerb-core/1.0.1/kerb-core-1.0.1.jar:/home/user/.m2/repository/org/apache/kerby/kerby-pkix/1.0.1/kerby-pkix-1.0.1.jar:/home/user/.m2/repository/org/apache/kerby/kerby-asn1/1.0.1/kerby-asn1-1.0.1.jar:/home/user/.m2/repository/org/apache/kerby/kerby-util/1.0.1/kerby-util-1.0.1.jar:/home/user/.m2/repository/org/apache/kerby/kerb-common/1.0.1/kerb-common-1.0.1.jar:/home/user/.m2/repository/org/apache/kerby/kerb-crypto/1.0.1/kerb-crypto-1.0.1.jar:/home/user/.m2/repository/org/apache/kerby/kerb-util/1.0.1/kerb-util-1.0.1.jar:/home/user/.m2/repository/org/apache/kerby/token-provider/1.0.1/token-provider-1.0.1.jar:/home/user/.m2/repository/org/apache/kerby/kerb-admin/1.0.1/kerb-admin-1.0.1.jar:/home/user/.m2/repository/org/apache/kerby/kerb-server/1.0.1/kerb-server-1.0.1.jar:/home/user/.m2/repository/org/apache/kerby/kerb-identity/1.0.1/kerb-identity-1.0.1.jar:/home/user/.m2/repository/org/apache/kerby/kerby-xdr/1.0.1/kerby-xdr-1.0.1.jar:/home/user/.m2/repository/org/slf4j/slf4j-log4j12/1.7.25/slf4j-log4j12-1.7.25.jar:/home/user/.m2/repository/org/apache/hadoop/hadoop-ozone-s3gateway/0.5.0-SNAPSHOT/hadoop-ozone-s3gateway-0.5.0-SNAPSHOT.jar:/home/user/.m2/repository/org/jboss/weld/servlet/weld-servlet/2.4.7.Final/weld-servlet-2.4.7.Final.jar:/home/user/.m2/repository/org/glassfish/jersey/containers/jersey-container-servlet-core/2.27/jersey-container-servlet-core-2.27.jar:/home/user/.m2/repository/org/glassfish/hk2/external/javax.inject/2.5.0-b42/javax.inject-2.5.0-b42.jar:/home/user/.m2/repository/org/glassfish/jersey/core/jersey-common/2.27/jersey-common-2.27.jar:/home/user/.m2/repository/org/glassfish/hk2/osgi-resource-locator/1.0.1/osgi-resource-locator-1.0.1.jar:/home/user/.m2/repository/javax/ws/rs/javax.ws.rs-api/2.1/javax.ws.rs-api-2.1.jar:/home/user/.m2/repository/org/glassfish/jersey/ext/cdi/jersey-cdi1x/2.27/jersey-cdi1x-2.27.jar:/home/user/.m2/repository/org/glassfish/jersey/inject/jersey-hk2/2.27/jersey-hk2-2.27.jar:/home/user/.m2/repository/org/glassfish/hk2/hk2-locator/2.5.0-b42/hk2-locator-2.5.0-b42.jar:/home/user/.m2/repository/org/javassist/javassist/3.22.0-CR2/javassist-3.22.0-CR2.jar:/home/user/.m2/repository/org/glassfish/hk2/hk2-api/2.5.0/hk2-api-2.5.0.jar:/home/user/.m2/repository/org/glassfish/hk2/external/jakarta.inject/2.5.0/jakarta.inject-2.5.0.jar:/home/user/.m2/repository/org/glassfish/hk2/hk2-utils/2.5.0/hk2-utils-2.5.0.jar:/home/user/.m2/repository/jakarta/annotation/jakarta.annotation-api/1.3.4/jakarta.annotation-api-1.3.4.jar:/home/user/.m2/repository/org/glassfish/hk2/external/aopalliance-repackaged/2.5.0/aopalliance-repackaged-2.5.0.jar:/home/user/.m2/repository/com/fasterxml/jackson/dataformat/jackson-dataformat-xml/2.9.0/jackson-dataformat-xml-2.9.0.jar:/home/user/.m2/repository/com/fasterxml/jackson/core/jackson-core/2.9.9/jackson-core-2.9.9.jar:/home/user/.m2/repository/com/fasterxml/jackson/module/jackson-module-jaxb-annotations/2.9.9/jackson-module-jaxb-annotations-2.9.9.jar:/home/user/.m2/repository/javax/enterprise/cdi-api/1.2/cdi-api-1.2.jar:/home/user/.m2/repository/javax/el/javax.el-api/3.0.0/javax.el-api-3.0.0.jar:/home/user/.m2/repository/javax/interceptor/javax.interceptor-api/1.2/javax.interceptor-api-1.2.jar:/home/user/.m2/repository/javax/inject/javax.inject/1/javax.inject-1.jar:/home/user/.m2/repository/com/sun/xml/bind/jaxb-impl/2.3.0.1/jaxb-impl-2.3.0.1.jar:/home/user/.m2/repository/com/sun/xml/bind/jaxb-core/2.3.0.1/jaxb-core-2.3.0.1.jar:/home/user/.m2/repository/javax/xml/bind/jaxb-api/2.3.0/jaxb-api-2.3.0.jar:/home/user/.m2/repository/javax/activation/activation/1.1.1/activation-1.1.1.jar:/home/user/.m2/repository/org/apache/hadoop/hadoop-ozone-csi/0.5.0-SNAPSHOT/hadoop-ozone-csi-0.5.0-SNAPSHOT.jar:/home/user/.m2/repository/com/google/protobuf/protobuf-java-util/3.5.1/protobuf-java-util-3.5.1.jar:/home/user/.m2/repository/org/apache/hadoop/hadoop-hdds-config/0.5.0-SNAPSHOT/hadoop-hdds-config-0.5.0-SNAPSHOT.jar:/home/user/.m2/repository/io/grpc/grpc-netty/1.17.1/grpc-netty-1.17.1.jar:/home/user/.m2/repository/io/grpc/grpc-core/1.17.1/grpc-core-1.17.1.jar:/home/user/.m2/repository/io/grpc/grpc-context/1.17.1/grpc-context-1.17.1.jar:/home/user/.m2/repository/com/google/errorprone/error_prone_annotations/2.2.0/error_prone_annotations-2.2.0.jar:/home/user/.m2/repository/org/codehaus/mojo/animal-sniffer-annotations/1.17/animal-sniffer-annotations-1.17.jar:/home/user/.m2/repository/io/opencensus/opencensus-api/0.17.0/opencensus-api-0.17.0.jar:/home/user/.m2/repository/io/opencensus/opencensus-contrib-grpc-metrics/0.17.0/opencensus-contrib-grpc-metrics-0.17.0.jar:/home/user/.m2/repository/io/netty/netty-codec-http2/4.1.30.Final/netty-codec-http2-4.1.30.Final.jar:/home/user/.m2/repository/io/netty/netty-codec-http/4.1.30.Final/netty-codec-http-4.1.30.Final.jar:/home/user/.m2/repository/io/netty/netty-codec/4.1.30.Final/netty-codec-4.1.30.Final.jar:/home/user/.m2/repository/io/netty/netty-handler/4.1.30.Final/netty-handler-4.1.30.Final.jar:/home/user/.m2/repository/io/netty/netty-handler-proxy/4.1.30.Final/netty-handler-proxy-4.1.30.Final.jar:/home/user/.m2/repository/io/netty/netty-codec-socks/4.1.30.Final/netty-codec-socks-4.1.30.Final.jar:/home/user/.m2/repository/io/netty/netty-transport-native-epoll/4.1.30.Final/netty-transport-native-epoll-4.1.30.Final.jar:/home/user/.m2/repository/io/netty/netty-common/4.1.30.Final/netty-common-4.1.30.Final.jar:/home/user/.m2/repository/io/netty/netty-buffer/4.1.30.Final/netty-buffer-4.1.30.Final.jar:/home/user/.m2/repository/io/netty/netty-transport/4.1.30.Final/netty-transport-4.1.30.Final.jar:/home/user/.m2/repository/io/netty/netty-resolver/4.1.30.Final/netty-resolver-4.1.30.Final.jar:/home/user/.m2/repository/io/netty/netty-transport-native-unix-common/4.1.30.Final/netty-transport-native-unix-common-4.1.30.Final.jar:/home/user/.m2/repository/io/grpc/grpc-protobuf/1.17.1/grpc-protobuf-1.17.1.jar:/home/user/.m2/repository/com/google/api/grpc/proto-google-common-protos/1.0.0/proto-google-common-protos-1.0.0.jar:/home/user/.m2/repository/io/grpc/grpc-protobuf-lite/1.17.1/grpc-protobuf-lite-1.17.1.jar:/home/user/.m2/repository/io/grpc/grpc-stub/1.17.1/grpc-stub-1.17.1.jar:/home/user/.m2/repository/org/apache/hadoop/hadoop-ozone-recon/0.5.0-SNAPSHOT/hadoop-ozone-recon-0.5.0-SNAPSHOT.jar:/home/user/.m2/repository/org/apache/hadoop/hadoop-ozone-reconcodegen/0.5.0-SNAPSHOT/hadoop-ozone-reconcodegen-0.5.0-SNAPSHOT.jar:/home/user/.m2/repository/com/google/inject/extensions/guice-multibindings/4.0/guice-multibindings-4.0.jar:/home/user/.m2/repository/com/google/inject/guice/4.0/guice-4.0.jar:/home/user/.m2/repository/aopalliance/aopalliance/1.0/aopalliance-1.0.jar:/home/user/.m2/repository/com/google/inject/extensions/guice-servlet/4.0/guice-servlet-4.0.jar:/home/user/.m2/repository/org/glassfish/jersey/containers/jersey-container-servlet/2.27/jersey-container-servlet-2.27.jar:/home/user/.m2/repository/org/glassfish/hk2/guice-bridge/2.5.0/guice-bridge-2.5.0.jar:/home/user/.m2/repository/org/glassfish/jersey/core/jersey-server/2.27/jersey-server-2.27.jar:/home/user/.m2/repository/org/glassfish/jersey/core/jersey-client/2.27/jersey-client-2.27.jar:/home/user/.m2/repository/org/glassfish/jersey/media/jersey-media-jaxb/2.27/jersey-media-jaxb-2.27.jar:/home/user/.m2/repository/javax/validation/validation-api/1.1.0.Final/validation-api-1.1.0.Final.jar:/home/user/.m2/repository/org/glassfish/jersey/media/jersey-media-json-jackson/2.27/jersey-media-json-jackson-2.27.jar:/home/user/.m2/repository/org/glassfish/jersey/ext/jersey-entity-filtering/2.27/jersey-entity-filtering-2.27.jar:/home/user/.m2/repository/com/google/inject/extensions/guice-assistedinject/4.0/guice-assistedinject-4.0.jar:/home/user/.m2/repository/org/jooq/jooq/3.11.10/jooq-3.11.10.jar:/home/user/.m2/repository/org/jooq/jooq-meta/3.11.10/jooq-meta-3.11.10.jar:/home/user/.m2/repository/org/jooq/jooq-codegen/3.11.10/jooq-codegen-3.11.10.jar:/home/user/.m2/repository/com/jolbox/bonecp/0.8.0.RELEASE/bonecp-0.8.0.RELEASE.jar:/home/user/.m2/repository/org/xerial/sqlite-jdbc/3.25.2/sqlite-jdbc-3.25.2.jar:/home/user/.m2/repository/org/springframework/spring-jdbc/5.1.3.RELEASE/spring-jdbc-5.1.3.RELEASE.jar:/home/user/.m2/repository/org/springframework/spring-beans/5.1.3.RELEASE/spring-beans-5.1.3.RELEASE.jar:/home/user/.m2/repository/org/springframework/spring-core/5.1.3.RELEASE/spring-core-5.1.3.RELEASE.jar:/home/user/.m2/repository/org/springframework/spring-jcl/5.1.3.RELEASE/spring-jcl-5.1.3.RELEASE.jar:/home/user/.m2/repository/org/springframework/spring-tx/5.1.3.RELEASE/spring-tx-5.1.3.RELEASE.jar:/home/user/.m2/repository/org/apache/hadoop/hadoop-ozone-client/0.5.0-SNAPSHOT/hadoop-ozone-client-0.5.0-SNAPSHOT.jar:/home/user/.m2/repository/commons-lang/commons-lang/2.6/commons-lang-2.6.jar:/home/user/.m2/repository/org/apache/hadoop/hadoop-ozone-ozone-manager/0.5.0-SNAPSHOT/hadoop-ozone-ozone-manager-0.5.0-SNAPSHOT-tests.jar:/home/user/.m2/repository/junit/junit/4.11/junit-4.11.jar:/home/user/.m2/repository/org/hamcrest/hamcrest-core/1.3/hamcrest-core-1.3.jar:/home/user/.m2/repository/org/openjdk/jmh/jmh-core/1.19/jmh-core-1.19.jar:/home/user/.m2/repository/net/sf/jopt-simple/jopt-simple/4.6/jopt-simple-4.6.jar:/home/user/.m2/repository/org/apache/commons/commons-math3/3.1.1/commons-math3-3.1.1.jar:/home/user/.m2/repository/org/openjdk/jmh/jmh-generator-annprocess/1.19/jmh-generator-annprocess-1.19.jar:/home/user/.m2/repository/org/mockito/mockito-all/1.8.5/mockito-all-1.8.5.jar:/home/user/.m2/repository/org/apache/hadoop/hadoop-kms/3.2.0/hadoop-kms-3.2.0.jar:/home/user/.m2/repository/org/apache/hadoop/hadoop-auth/3.2.0/hadoop-auth-3.2.0.jar:/home/user/.m2/repository/com/nimbusds/nimbus-jose-jwt/4.41.1/nimbus-jose-jwt-4.41.1.jar:/home/user/.m2/repository/com/github/stephenc/jcip/jcip-annotations/1.0-1/jcip-annotations-1.0-1.jar:/home/user/.m2/repository/net/minidev/json-smart/2.3/json-smart-2.3.jar:/home/user/.m2/repository/net/minidev/accessors-smart/1.2/accessors-smart-1.2.jar:/home/user/.m2/repository/org/ow2/asm/asm/5.0.4/asm-5.0.4.jar:/home/user/.m2/repository/org/apache/curator/curator-framework/2.12.0/curator-framework-2.12.0.jar:/home/user/.m2/repository/com/sun/jersey/jersey-core/1.19/jersey-core-1.19.jar:/home/user/.m2/repository/javax/ws/rs/jsr311-api/1.1.1/jsr311-api-1.1.1.jar:/home/user/.m2/repository/com/sun/jersey/jersey-server/1.19/jersey-server-1.19.jar:/home/user/.m2/repository/javax/servlet/javax.servlet-api/3.1.0/javax.servlet-api-3.1.0.jar:/home/user/.m2/repository/org/eclipse/jetty/jetty-server/9.3.25.v20180904/jetty-server-9.3.25.v20180904.jar:/home/user/.m2/repository/org/eclipse/jetty/jetty-http/9.3.25.v20180904/jetty-http-9.3.25.v20180904.jar:/home/user/.m2/repository/org/eclipse/jetty/jetty-io/9.3.25.v20180904/jetty-io-9.3.25.v20180904.jar:/home/user/.m2/repository/org/eclipse/jetty/jetty-webapp/9.3.25.v20180904/jetty-webapp-9.3.25.v20180904.jar:/home/user/.m2/repository/org/eclipse/jetty/jetty-xml/9.3.25.v20180904/jetty-xml-9.3.25.v20180904.jar:/home/user/.m2/repository/log4j/log4j/1.2.17/log4j-1.2.17.jar:/home/user/.m2/repository/org/slf4j/slf4j-api/1.7.25/slf4j-api-1.7.25.jar:/home/user/.m2/repository/org/slf4j/jul-to-slf4j/1.7.25/jul-to-slf4j-1.7.25.jar:/home/user/.m2/repository/org/eclipse/jetty/jetty-util/9.3.25.v20180904/jetty-util-9.3.25.v20180904.jar:/home/user/.m2/repository/com/fasterxml/jackson/core/jackson-databind/2.9.9/jackson-databind-2.9.9.jar:/home/user/.m2/repository/org/apache/hadoop/hadoop-kms/3.2.0/hadoop-kms-3.2.0-tests.jar:/home/user/.m2/repository/org/apache/hadoop/hadoop-hdds-server-scm/0.5.0-SNAPSHOT/hadoop-hdds-server-scm-0.5.0-SNAPSHOT-tests.jar:/home/user/.m2/repository/org/apache/hadoop/hadoop-hdds-container-service/0.5.0-SNAPSHOT/hadoop-hdds-container-service-0.5.0-SNAPSHOT-tests.jar:/home/user/.m2/repository/org/yaml/snakeyaml/1.16/snakeyaml-1.16.jar:/home/user/.m2/repository/org/apache/hadoop/hadoop-common/3.2.0/hadoop-common-3.2.0-tests.jar:/home/user/.m2/repository/org/apache/hadoop/hadoop-annotations/3.2.0/hadoop-annotations-3.2.0.jar:/usr/lib/jvm/java-1.8-openjdk/jre/../lib/tools.jar:/home/user/.m2/repository/commons-cli/commons-cli/1.2/commons-cli-1.2.jar:/home/user/.m2/repository/org/apache/httpcomponents/httpclient/4.5.2/httpclient-4.5.2.jar:/home/user/.m2/repository/org/apache/httpcomponents/httpcore/4.4.4/httpcore-4.4.4.jar:/home/user/.m2/repository/commons-codec/commons-codec/1.11/commons-codec-1.11.jar:/home/user/.m2/repository/commons-net/commons-net/3.6/commons-net-3.6.jar:/home/user/.m2/repository/commons-collections/commons-collections/3.2.2/commons-collections-3.2.2.jar:/home/user/.m2/repository/org/eclipse/jetty/jetty-servlet/9.3.25.v20180904/jetty-servlet-9.3.25.v20180904.jar:/home/user/.m2/repository/org/eclipse/jetty/jetty-security/9.3.25.v20180904/jetty-security-9.3.25.v20180904.jar:/home/user/.m2/repository/javax/servlet/jsp/jsp-api/2.1/jsp-api-2.1.jar:/home/user/.m2/repository/com/sun/jersey/jersey-servlet/1.19/jersey-servlet-1.19.jar:/home/user/.m2/repository/com/sun/jersey/jersey-json/1.19/jersey-json-1.19.jar:/home/user/.m2/repository/org/codehaus/jettison/jettison/1.1/jettison-1.1.jar:/home/user/.m2/repository/org/codehaus/jackson/jackson-core-asl/1.9.13/jackson-core-asl-1.9.13.jar:/home/user/.m2/repository/org/codehaus/jackson/jackson-mapper-asl/1.9.13/jackson-mapper-asl-1.9.13.jar:/home/user/.m2/repository/org/codehaus/jackson/jackson-jaxrs/1.9.13/jackson-jaxrs-1.9.13.jar:/home/user/.m2/repository/org/codehaus/jackson/jackson-xc/1.9.13/jackson-xc-1.9.13.jar:/home/user/.m2/repository/commons-logging/commons-logging/1.1.3/commons-logging-1.1.3.jar:/home/user/.m2/repository/commons-beanutils/commons-beanutils/1.9.4/commons-beanutils-1.9.4.jar:/home/user/.m2/repository/org/apache/commons/commons-configuration2/2.1.1/commons-configuration2-2.1.1.jar:/home/user/.m2/repository/org/apache/commons/commons-lang3/3.7/commons-lang3-3.7.jar:/home/user/.m2/repository/org/apache/commons/commons-text/1.4/commons-text-1.4.jar:/home/user/.m2/repository/org/apache/avro/avro/1.7.7/avro-1.7.7.jar:/home/user/.m2/repository/com/thoughtworks/paranamer/paranamer/2.3/paranamer-2.3.jar:/home/user/.m2/repository/org/xerial/snappy/snappy-java/1.0.5/snappy-java-1.0.5.jar:/home/user/.m2/repository/com/google/re2j/re2j/1.1/re2j-1.1.jar:/home/user/.m2/repository/com/google/code/gson/gson/2.2.4/gson-2.2.4.jar:/home/user/.m2/repository/com/jcraft/jsch/0.1.54/jsch-0.1.54.jar:/home/user/.m2/repository/org/apache/curator/curator-client/2.12.0/curator-client-2.12.0.jar:/home/user/.m2/repository/org/apache/curator/curator-recipes/2.12.0/curator-recipes-2.12.0.jar:/home/user/.m2/repository/com/google/code/findbugs/jsr305/3.0.0/jsr305-3.0.0.jar:/home/user/.m2/repository/org/apache/htrace/htrace-core4/4.1.0-incubating/htrace-core4-4.1.0-incubating.jar:/home/user/.m2/repository/org/apache/zookeeper/zookeeper/3.4.13/zookeeper-3.4.13.jar:/home/user/.m2/repository/jline/jline/0.9.94/jline-0.9.94.jar:/home/user/.m2/repository/org/apache/yetus/audience-annotations/0.5.0/audience-annotations-0.5.0.jar:/home/user/.m2/repository/org/codehaus/woodstox/stax2-api/3.1.4/stax2-api-3.1.4.jar:/home/user/.m2/repository/com/fasterxml/woodstox/woodstox-core/5.0.3/woodstox-core-5.0.3.jar:/home/user/.m2/repository/dnsjava/dnsjava/2.1.7/dnsjava-2.1.7.jar:/home/user/.m2/repository/org/apache/hadoop/hadoop-hdfs/3.2.0/hadoop-hdfs-3.2.0-tests.jar:/home/user/.m2/repository/org/eclipse/jetty/jetty-util-ajax/9.3.25.v20180904/jetty-util-ajax-9.3.25.v20180904.jar:/home/user/.m2/repository/commons-daemon/commons-daemon/1.0.13/commons-daemon-1.0.13.jar:/home/user/.m2/repository/io/netty/netty/3.10.5.Final/netty-3.10.5.Final.jar:/home/user/.m2/repository/io/netty/netty-all/4.0.52.Final/netty-all-4.0.52.Final.jar:/home/user/.m2/repository/org/fusesource/leveldbjni/leveldbjni-all/1.8/leveldbjni-all-1.8.jar:"/>
    <property name="sun.cpu.endian" value="little"/>
    <property name="user.home" value="/home/user"/>
    <property name="user.language" value="en"/>
    <property name="java.specification.vendor" value="Oracle Corporation"/>
    <property name="java.home" value="/usr/lib/jvm/java-1.8-openjdk/jre"/>
    <property name="java.security.krb5.conf" value="/workdir/hadoop-ozone/integration-test/target/test-classes/krb5.conf"/>
    <property name="basedir" value="/workdir/hadoop-ozone/integration-test"/>
    <property name="file.separator" value="/"/>
    <property name="line.separator" value="&#10;"/>
    <property name="java.vm.specification.vendor" value="Oracle Corporation"/>
    <property name="java.specification.name" value="Java Platform API Specification"/>
    <property name="java.awt.graphicsenv" value="sun.awt.X11GraphicsEnvironment"/>
    <property name="surefire.real.class.path" value="/workdir/hadoop-ozone/integration-test/target/surefire/surefirebooter4185661211370339125.jar"/>
    <property name="hadoop.log.dir" value="/workdir/hadoop-ozone/integration-test/target/log"/>
    <property name="sun.boot.class.path" value="/usr/lib/jvm/java-1.8-openjdk/jre/lib/resources.jar:/usr/lib/jvm/java-1.8-openjdk/jre/lib/rt.jar:/usr/lib/jvm/java-1.8-openjdk/jre/lib/sunrsasign.jar:/usr/lib/jvm/java-1.8-openjdk/jre/lib/jsse.jar:/usr/lib/jvm/java-1.8-openjdk/jre/lib/jce.jar:/usr/lib/jvm/java-1.8-openjdk/jre/lib/charsets.jar:/usr/lib/jvm/java-1.8-openjdk/jre/lib/jfr.jar:/usr/lib/jvm/java-1.8-openjdk/jre/classes"/>
    <property name="sun.management.compiler" value="HotSpot 64-Bit Tiered Compilers"/>
    <property name="java.runtime.version" value="1.8.0_212-b04"/>
    <property name="java.net.preferIPv4Stack" value="true"/>
    <property name="user.name" value="jenkins1000"/>
    <property name="path.separator" value=":"/>
    <property name="java.security.egd" value="file:///dev/urandom"/>
    <property name="os.version" value="3.10.0-957.12.2.el7.x86_64"/>
    <property name="java.endorsed.dirs" value="/usr/lib/jvm/java-1.8-openjdk/jre/lib/endorsed"/>
    <property name="java.runtime.name" value="OpenJDK Runtime Environment"/>
    <property name="file.encoding" value="UTF-8"/>
    <property name="java.vm.name" value="OpenJDK 64-Bit Server VM"/>
    <property name="test.build.webapps" value=""/>
    <property name="localRepository" value="/home/user/.m2/repository"/>
    <property name="java.vendor.url.bug" value="https://icedtea.classpath.org/bugzilla"/>
    <property name="java.io.tmpdir" value="/tmp"/>
    <property name="require.test.libhadoop" value=""/>
    <property name="java.version" value="1.8.0_212"/>
    <property name="user.dir" value="/workdir/hadoop-ozone/integration-test"/>
    <property name="os.arch" value="amd64"/>
    <property name="java.vm.specification.name" value="Java Virtual Machine Specification"/>
    <property name="test.build.classes" value="/workdir/hadoop-ozone/integration-test/target/test-classes"/>
    <property name="java.awt.printerjob" value="sun.print.PSPrinterJob"/>
    <property name="sun.os.patch.level" value="unknown"/>
    <property name="hadoop.tmp.dir" value="/workdir/hadoop-ozone/integration-test/target/tmp"/>
    <property name="java.library.path" value="/usr/lib/jvm/java-1.8-openjdk/jre/lib/amd64/server:/usr/lib/jvm/java-1.8-openjdk/jre/lib/amd64:/usr/lib/jvm/java-1.8-openjdk/jre/../lib/amd64:/workdir/hadoop-ozone/integration-test/target/native/target/usr/local/lib:/workdir/hadoop-ozone/integration-test/../../hadoop-common-project/hadoop-common/target/native/target/usr/local/lib:/usr/java/packages/lib/amd64:/usr/lib64:/lib64:/lib:/usr/lib"/>
    <property name="java.vm.info" value="mixed mode"/>
    <property name="java.vendor" value="IcedTea"/>
    <property name="java.vm.version" value="25.212-b04"/>
    <property name="java.ext.dirs" value="/usr/lib/jvm/java-1.8-openjdk/jre/lib/ext:/usr/java/packages/lib/ext"/>
    <property name="sun.io.unicode.encoding" value="UnicodeLittle"/>
    <property name="java.class.version" value="52.0"/>
  </properties>
  <testcase name="test" classname="org.apache.hadoop.ozone.scm.TestSCMContainerPlacementPolicyMetrics" time="84.767">
    <error message="test timed out after 60000 milliseconds" type="java.lang.Exception">java.lang.Exception: test timed out after 60000 milliseconds
	at java.lang.Thread.sleep(Native Method)
	at org.apache.hadoop.ozone.scm.TestSCMContainerPlacementPolicyMetrics.test(TestSCMContainerPlacementPolicyMetrics.java:134)
	at sun.reflect.NativeMethodAccessorImpl.invoke0(Native Method)
	at sun.reflect.NativeMethodAccessorImpl.invoke(NativeMethodAccessorImpl.java:62)
	at sun.reflect.DelegatingMethodAccessorImpl.invoke(DelegatingMethodAccessorImpl.java:43)
	at java.lang.reflect.Method.invoke(Method.java:498)
	at org.junit.runners.model.FrameworkMethod$1.runReflectiveCall(FrameworkMethod.java:47)
	at org.junit.internal.runners.model.ReflectiveCallable.run(ReflectiveCallable.java:12)
	at org.junit.runners.model.FrameworkMethod.invokeExplosively(FrameworkMethod.java:44)
	at org.junit.internal.runners.statements.InvokeMethod.evaluate(InvokeMethod.java:17)
	at org.junit.internal.runners.statements.FailOnTimeout$StatementThread.run(FailOnTimeout.java:74)
</error>
    <system-out><![CDATA[2019-09-24 20:51:24,619 [main] WARN  server.ServerUtils (ServerUtils.java:getScmDbDir(145)) - ozone.scm.db.dirs is not configured. We recommend adding this setting. Falling back to ozone.metadata.dirs instead.
2019-09-24 20:51:24,720 [main] WARN  server.ServerUtils (ServerUtils.java:getScmDbDir(145)) - ozone.scm.db.dirs is not configured. We recommend adding this setting. Falling back to ozone.metadata.dirs instead.
2019-09-24 20:51:24,723 [main] WARN  server.ServerUtils (ServerUtils.java:getScmDbDir(145)) - ozone.scm.db.dirs is not configured. We recommend adding this setting. Falling back to ozone.metadata.dirs instead.
2019-09-24 20:51:24,739 [main] INFO  util.log (Log.java:initialized(192)) - Logging initialized @807ms
2019-09-24 20:51:24,825 [main] INFO  db.DBStoreBuilder (DBStoreBuilder.java:addTable(110)) - using custom profile for table: deletedBlocks
2019-09-24 20:51:24,825 [main] INFO  db.DBStoreBuilder (DBStoreBuilder.java:processTables(161)) - Using default column profile:DBProfile.DISK for Table:deletedBlocks
2019-09-24 20:51:24,826 [main] INFO  db.DBStoreBuilder (DBStoreBuilder.java:addTable(110)) - using custom profile for table: validCerts
2019-09-24 20:51:24,826 [main] INFO  db.DBStoreBuilder (DBStoreBuilder.java:processTables(161)) - Using default column profile:DBProfile.DISK for Table:validCerts
2019-09-24 20:51:24,826 [main] INFO  db.DBStoreBuilder (DBStoreBuilder.java:addTable(110)) - using custom profile for table: revokedCerts
2019-09-24 20:51:24,827 [main] INFO  db.DBStoreBuilder (DBStoreBuilder.java:processTables(161)) - Using default column profile:DBProfile.DISK for Table:revokedCerts
2019-09-24 20:51:24,837 [main] INFO  db.DBStoreBuilder (DBStoreBuilder.java:addTable(110)) - using custom profile for table: default
2019-09-24 20:51:24,837 [main] INFO  db.DBStoreBuilder (DBStoreBuilder.java:processTables(167)) - Using default column profile:DBProfile.DISK for Table:default
2019-09-24 20:51:24,838 [main] INFO  db.DBStoreBuilder (DBStoreBuilder.java:getDbProfile(198)) - Using default options. DBProfile.DISK
2019-09-24 20:51:25,178 [main] INFO  net.NodeSchemaLoader (NodeSchemaLoader.java:loadSchemaFromFile(125)) - Loading file from sun.misc.CompoundEnumeration@33d512c1
2019-09-24 20:51:25,180 [main] INFO  net.NodeSchemaLoader (NodeSchemaLoader.java:loadSchema(171)) - Loading network topology layer schema file
2019-09-24 20:51:25,271 [main] WARN  server.ServerUtils (ServerUtils.java:sanitizeUserArgs(70)) - ozone.scm.stale.node.interval value = 300000 is larger than max = 100000 based on the key value of ozone.scm.heartbeat.thread.interval, reset to the max value 100000.
2019-09-24 20:51:25,274 [main] WARN  server.ServerUtils (ServerUtils.java:sanitizeUserArgs(70)) - ozone.scm.stale.node.interval value = 300000 is larger than max = 100000 based on the key value of ozone.scm.heartbeat.thread.interval, reset to the max value 100000.
2019-09-24 20:51:25,277 [main] INFO  node.SCMNodeManager (SCMNodeManager.java:<init>(114)) - Entering startup safe mode.
2019-09-24 20:51:25,349 [main] INFO  Configuration.deprecation (Configuration.java:logDeprecation(1394)) - hadoop.configured.node.mapping is deprecated. Instead, use net.topology.configured.node.mapping
2019-09-24 20:51:25,353 [main] INFO  algorithms.ContainerPlacementPolicyFactory (ContainerPlacementPolicyFactory.java:getPolicy(57)) - Create container placement policy of type org.apache.hadoop.hdds.scm.container.placement.algorithms.SCMContainerPlacementRackAware
2019-09-24 20:51:25,367 [main] WARN  server.ServerUtils (ServerUtils.java:getScmDbDir(145)) - ozone.scm.db.dirs is not configured. We recommend adding this setting. Falling back to ozone.metadata.dirs instead.
2019-09-24 20:51:25,482 [main] INFO  pipeline.SCMPipelineManager (SCMPipelineManager.java:initializePipelineState(132)) - No pipeline exists in current db
2019-09-24 20:51:25,485 [main] WARN  server.ServerUtils (ServerUtils.java:getScmDbDir(145)) - ozone.scm.db.dirs is not configured. We recommend adding this setting. Falling back to ozone.metadata.dirs instead.
2019-09-24 20:51:25,644 [main] WARN  events.EventQueue (EventQueue.java:fireEvent(183)) - No event handler registered for event TypedEvent{payloadType=SafeModeStatus, name='SafeModeStatus'}
2019-09-24 20:51:25,977 [main] INFO  ipc.CallQueueManager (CallQueueManager.java:<init>(84)) - Using callQueue: class java.util.concurrent.LinkedBlockingQueue, queueCapacity: 2000, scheduler: class org.apache.hadoop.ipc.DefaultRpcScheduler, ipcBackoff: false.
2019-09-24 20:51:26,001 [Socket Reader #1 for port 44907] INFO  ipc.Server (Server.java:run(1074)) - Starting Socket Reader #1 for port 44907
2019-09-24 20:51:26,124 [main] INFO  ipc.CallQueueManager (CallQueueManager.java:<init>(84)) - Using callQueue: class java.util.concurrent.LinkedBlockingQueue, queueCapacity: 2000, scheduler: class org.apache.hadoop.ipc.DefaultRpcScheduler, ipcBackoff: false.
2019-09-24 20:51:26,125 [Socket Reader #1 for port 35674] INFO  ipc.Server (Server.java:run(1074)) - Starting Socket Reader #1 for port 35674
2019-09-24 20:51:26,135 [main] INFO  ipc.CallQueueManager (CallQueueManager.java:<init>(84)) - Using callQueue: class java.util.concurrent.LinkedBlockingQueue, queueCapacity: 2000, scheduler: class org.apache.hadoop.ipc.DefaultRpcScheduler, ipcBackoff: false.
2019-09-24 20:51:26,136 [Socket Reader #1 for port 35274] INFO  ipc.Server (Server.java:run(1074)) - Starting Socket Reader #1 for port 35274
2019-09-24 20:51:26,160 [main] INFO  hdfs.DFSUtil (DFSUtil.java:httpServerTemplateForNNAndJN(1641)) - Starting Web-server for scm at: http://0.0.0.0:0
2019-09-24 20:51:26,316 [main] INFO  server.AuthenticationFilter (AuthenticationFilter.java:constructSecretProvider(240)) - Unable to initialize FileSignerSecretProvider, falling back to use random secrets.
2019-09-24 20:51:26,324 [main] WARN  http.HttpRequestLog (HttpRequestLog.java:getRequestLog(97)) - Jetty request log can only be enabled using Log4j
2019-09-24 20:51:26,331 [main] INFO  http.HttpServer2 (HttpServer2.java:addGlobalFilter(975)) - Added global filter 'safety' (class=org.apache.hadoop.http.HttpServer2$QuotingInputFilter)
2019-09-24 20:51:26,334 [main] INFO  http.HttpServer2 (HttpServer2.java:addFilter(948)) - Added filter static_user_filter (class=org.apache.hadoop.http.lib.StaticUserWebFilter$StaticUserFilter) to context scm
2019-09-24 20:51:26,334 [main] INFO  http.HttpServer2 (HttpServer2.java:addFilter(958)) - Added filter static_user_filter (class=org.apache.hadoop.http.lib.StaticUserWebFilter$StaticUserFilter) to context static
2019-09-24 20:51:26,334 [main] INFO  http.HttpServer2 (HttpServer2.java:addFilter(958)) - Added filter static_user_filter (class=org.apache.hadoop.http.lib.StaticUserWebFilter$StaticUserFilter) to context logs
2019-09-24 20:51:26,362 [main] INFO  server.StorageContainerManager (StorageContainerManager.java:start(770)) - StorageContainerLocationProtocol RPC server is listening at /0.0.0.0:35274
2019-09-24 20:51:26,420 [main] WARN  impl.MetricsConfig (MetricsConfig.java:loadFirst(134)) - Cannot locate configuration: tried hadoop-metrics2-storagecontainermanager.properties,hadoop-metrics2.properties
2019-09-24 20:51:26,433 [main] INFO  impl.MetricsSystemImpl (MetricsSystemImpl.java:startTimer(374)) - Scheduled Metric snapshot period at 10 second(s).
2019-09-24 20:51:26,433 [main] INFO  impl.MetricsSystemImpl (MetricsSystemImpl.java:start(191)) - StorageContainerManager metrics system started
2019-09-24 20:51:26,680 [main] INFO  server.SCMClientProtocolServer (SCMClientProtocolServer.java:start(151)) - RPC server for Client  is listening at /0.0.0.0:35274
2019-09-24 20:51:26,682 [IPC Server Responder] INFO  ipc.Server (Server.java:run(1314)) - IPC Server Responder: starting
2019-09-24 20:51:26,682 [IPC Server listener on 35274] INFO  ipc.Server (Server.java:run(1153)) - IPC Server listener on 35274: starting
2019-09-24 20:51:26,691 [main] INFO  server.StorageContainerManager (StorageContainerManager.java:start(780)) - ScmBlockLocationProtocol RPC server is listening at /0.0.0.0:35674
2019-09-24 20:51:26,693 [main] INFO  server.SCMBlockProtocolServer (SCMBlockProtocolServer.java:start(146)) - RPC server for Block Protocol is listening at /0.0.0.0:35674
2019-09-24 20:51:26,694 [IPC Server Responder] INFO  ipc.Server (Server.java:run(1314)) - IPC Server Responder: starting
2019-09-24 20:51:26,694 [IPC Server listener on 35674] INFO  ipc.Server (Server.java:run(1153)) - IPC Server listener on 35674: starting
2019-09-24 20:51:26,704 [main] INFO  server.StorageContainerManager (StorageContainerManager.java:start(784)) - ScmDatanodeProtocl RPC server is listening at /0.0.0.0:44907
2019-09-24 20:51:26,705 [main] INFO  server.SCMDatanodeProtocolServer (SCMDatanodeProtocolServer.java:start(191)) - RPC server for DataNodes is listening at /0.0.0.0:44907
2019-09-24 20:51:26,706 [IPC Server Responder] INFO  ipc.Server (Server.java:run(1314)) - IPC Server Responder: starting
2019-09-24 20:51:26,706 [IPC Server listener on 44907] INFO  ipc.Server (Server.java:run(1153)) - IPC Server listener on 44907: starting
2019-09-24 20:51:26,717 [main] INFO  http.HttpServer2 (HttpServer2.java:bindListener(1191)) - Jetty bound to port 45472
2019-09-24 20:51:26,719 [main] INFO  server.Server (Server.java:doStart(351)) - jetty-9.3.25.v20180904, build timestamp: 2018-09-04T21:11:46Z, git hash: 3ce520221d0240229c862b122d2b06c12a625732
2019-09-24 20:51:26,774 [main] INFO  handler.ContextHandler (ContextHandler.java:doStart(781)) - Started o.e.j.s.ServletContextHandler@6b00f608{/logs,file:///workdir/hadoop-ozone/integration-test/target/log,AVAILABLE}
2019-09-24 20:51:26,775 [main] INFO  handler.ContextHandler (ContextHandler.java:doStart(781)) - Started o.e.j.s.ServletContextHandler@3e821657{/static,file:///workdir/hadoop-ozone/integration-test/target/test-classes/webapps/static,AVAILABLE}
2019-09-24 20:51:26,817 [main] INFO  handler.ContextHandler (ContextHandler.java:doStart(781)) - Started o.e.j.w.WebAppContext@6928f576{/,file:///workdir/hadoop-ozone/integration-test/target/test-classes/webapps/scm/,AVAILABLE}{/scm}
2019-09-24 20:51:26,823 [main] INFO  server.AbstractConnector (AbstractConnector.java:doStart(278)) - Started ServerConnector@548e76f1{HTTP/1.1,[http/1.1]}{0.0.0.0:45472}
2019-09-24 20:51:26,823 [main] INFO  server.Server (Server.java:doStart(419)) - Started @2891ms
2019-09-24 20:51:26,825 [main] INFO  impl.MetricsSinkAdapter (MetricsSinkAdapter.java:start(204)) - Sink prometheus started
2019-09-24 20:51:26,826 [main] INFO  impl.MetricsSystemImpl (MetricsSystemImpl.java:registerSink(301)) - Registered sink prometheus
2019-09-24 20:51:26,827 [main] INFO  server.BaseHttpServer (BaseHttpServer.java:updateConnectorAddress(215)) - HTTP server of SCM is listening at http://0.0.0.0:45472
2019-09-24 20:51:26,833 [org.apache.hadoop.util.JvmPauseMonitor$Monitor@73511076] INFO  util.JvmPauseMonitor (JvmPauseMonitor.java:run(188)) - Starting JVM pause monitor
2019-09-24 20:51:26,835 [main] WARN  server.ServerUtils (ServerUtils.java:getDBPath(222)) - ozone.om.db.dirs is not configured. We recommend adding this setting. Falling back to ozone.metadata.dirs instead.
2019-09-24 20:51:26,939 [main] WARN  server.ServerUtils (ServerUtils.java:getDBPath(222)) - ozone.om.db.dirs is not configured. We recommend adding this setting. Falling back to ozone.metadata.dirs instead.
2019-09-24 20:51:26,939 [main] WARN  server.ServerUtils (ServerUtils.java:getDBPath(222)) - ozone.om.db.dirs is not configured. We recommend adding this setting. Falling back to ozone.metadata.dirs instead.
2019-09-24 20:51:26,940 [main] INFO  om.OzoneManager (OzoneManager.java:setOMNodeDetails(652)) - OM Service ID is not set. Setting it to the default ID: omServiceIdDefault
2019-09-24 20:51:26,940 [main] INFO  om.OzoneManager (OzoneManager.java:setOMNodeDetails(658)) - OM Node ID is not set. Setting it to the OmStorage's OmID: da599a4b-cba7-4fb7-8d7e-b316c928eae9
2019-09-24 20:51:26,941 [main] INFO  om.OzoneManager (OzoneManager.java:loadOMHAConfigs(609)) - Found matching OM address with OMServiceId: null, OMNodeId: null, RPC Address: localhost:0 and Ratis port: 9872
2019-09-24 20:51:27,580 [main] WARN  server.ServerUtils (ServerUtils.java:getDBPath(222)) - ozone.om.db.dirs is not configured. We recommend adding this setting. Falling back to ozone.metadata.dirs instead.
2019-09-24 20:51:27,587 [main] INFO  db.DBStoreBuilder (DBStoreBuilder.java:addTable(110)) - using custom profile for table: userTable
2019-09-24 20:51:27,587 [main] INFO  db.DBStoreBuilder (DBStoreBuilder.java:processTables(161)) - Using default column profile:DBProfile.DISK for Table:userTable
2019-09-24 20:51:27,587 [main] INFO  db.DBStoreBuilder (DBStoreBuilder.java:addTable(110)) - using custom profile for table: volumeTable
2019-09-24 20:51:27,588 [main] INFO  db.DBStoreBuilder (DBStoreBuilder.java:processTables(161)) - Using default column profile:DBProfile.DISK for Table:volumeTable
2019-09-24 20:51:27,588 [main] INFO  db.DBStoreBuilder (DBStoreBuilder.java:addTable(110)) - using custom profile for table: bucketTable
2019-09-24 20:51:27,588 [main] INFO  db.DBStoreBuilder (DBStoreBuilder.java:processTables(161)) - Using default column profile:DBProfile.DISK for Table:bucketTable
2019-09-24 20:51:27,588 [main] INFO  db.DBStoreBuilder (DBStoreBuilder.java:addTable(110)) - using custom profile for table: keyTable
2019-09-24 20:51:27,588 [main] INFO  db.DBStoreBuilder (DBStoreBuilder.java:processTables(161)) - Using default column profile:DBProfile.DISK for Table:keyTable
2019-09-24 20:51:27,589 [main] INFO  db.DBStoreBuilder (DBStoreBuilder.java:addTable(110)) - using custom profile for table: deletedTable
2019-09-24 20:51:27,589 [main] INFO  db.DBStoreBuilder (DBStoreBuilder.java:processTables(161)) - Using default column profile:DBProfile.DISK for Table:deletedTable
2019-09-24 20:51:27,589 [main] INFO  db.DBStoreBuilder (DBStoreBuilder.java:addTable(110)) - using custom profile for table: openKeyTable
2019-09-24 20:51:27,589 [main] INFO  db.DBStoreBuilder (DBStoreBuilder.java:processTables(161)) - Using default column profile:DBProfile.DISK for Table:openKeyTable
2019-09-24 20:51:27,589 [main] INFO  db.DBStoreBuilder (DBStoreBuilder.java:addTable(110)) - using custom profile for table: s3Table
2019-09-24 20:51:27,590 [main] INFO  db.DBStoreBuilder (DBStoreBuilder.java:processTables(161)) - Using default column profile:DBProfile.DISK for Table:s3Table
2019-09-24 20:51:27,590 [main] INFO  db.DBStoreBuilder (DBStoreBuilder.java:addTable(110)) - using custom profile for table: multipartInfoTable
2019-09-24 20:51:27,590 [main] INFO  db.DBStoreBuilder (DBStoreBuilder.java:processTables(161)) - Using default column profile:DBProfile.DISK for Table:multipartInfoTable
2019-09-24 20:51:27,590 [main] INFO  db.DBStoreBuilder (DBStoreBuilder.java:addTable(110)) - using custom profile for table: dTokenTable
2019-09-24 20:51:27,590 [main] INFO  db.DBStoreBuilder (DBStoreBuilder.java:processTables(161)) - Using default column profile:DBProfile.DISK for Table:dTokenTable
2019-09-24 20:51:27,591 [main] INFO  db.DBStoreBuilder (DBStoreBuilder.java:addTable(110)) - using custom profile for table: s3SecretTable
2019-09-24 20:51:27,591 [main] INFO  db.DBStoreBuilder (DBStoreBuilder.java:processTables(161)) - Using default column profile:DBProfile.DISK for Table:s3SecretTable
2019-09-24 20:51:27,591 [main] INFO  db.DBStoreBuilder (DBStoreBuilder.java:addTable(110)) - using custom profile for table: prefixTable
2019-09-24 20:51:27,591 [main] INFO  db.DBStoreBuilder (DBStoreBuilder.java:processTables(161)) - Using default column profile:DBProfile.DISK for Table:prefixTable
2019-09-24 20:51:27,592 [main] INFO  db.DBStoreBuilder (DBStoreBuilder.java:addTable(110)) - using custom profile for table: default
2019-09-24 20:51:27,592 [main] INFO  db.DBStoreBuilder (DBStoreBuilder.java:processTables(167)) - Using default column profile:DBProfile.DISK for Table:default
2019-09-24 20:51:27,592 [main] INFO  db.DBStoreBuilder (DBStoreBuilder.java:getDbProfile(198)) - Using default options. DBProfile.DISK
2019-09-24 20:51:31,004 [KeyDeletingService#0] WARN  utils.BackgroundService (BackgroundService.java:lambda$run$0(135)) - Background task fails to execute, retrying in next interval
java.util.concurrent.ExecutionException: java.lang.NullPointerException
	at java.util.concurrent.FutureTask.report(FutureTask.java:122)
	at java.util.concurrent.FutureTask.get(FutureTask.java:206)
	at org.apache.hadoop.hdds.utils.BackgroundService$PeriodicalTask.lambda$run$0(BackgroundService.java:129)
	at java.util.stream.ForEachOps$ForEachOp$OfRef.accept(ForEachOps.java:184)
	at java.util.ArrayList$ArrayListSpliterator.forEachRemaining(ArrayList.java:1382)
	at java.util.stream.AbstractPipeline.copyInto(AbstractPipeline.java:482)
	at java.util.stream.ForEachOps$ForEachTask.compute(ForEachOps.java:291)
	at java.util.concurrent.CountedCompleter.exec(CountedCompleter.java:731)
	at java.util.concurrent.ForkJoinTask.doExec(ForkJoinTask.java:289)
	at java.util.concurrent.ForkJoinTask.doInvoke(ForkJoinTask.java:401)
	at java.util.concurrent.ForkJoinTask.invoke(ForkJoinTask.java:734)
	at java.util.stream.ForEachOps$ForEachOp.evaluateParallel(ForEachOps.java:160)
	at java.util.stream.ForEachOps$ForEachOp$OfRef.evaluateParallel(ForEachOps.java:174)
	at java.util.stream.AbstractPipeline.evaluate(AbstractPipeline.java:233)
	at java.util.stream.ReferencePipeline.forEach(ReferencePipeline.java:418)
	at java.util.stream.ReferencePipeline$Head.forEach(ReferencePipeline.java:583)
	at org.apache.hadoop.hdds.utils.BackgroundService$PeriodicalTask.run(BackgroundService.java:125)
	at java.util.concurrent.Executors$RunnableAdapter.call(Executors.java:511)
	at java.util.concurrent.FutureTask.runAndReset(FutureTask.java:308)
	at java.util.concurrent.ScheduledThreadPoolExecutor$ScheduledFutureTask.access$301(ScheduledThreadPoolExecutor.java:180)
	at java.util.concurrent.ScheduledThreadPoolExecutor$ScheduledFutureTask.run(ScheduledThreadPoolExecutor.java:294)
	at java.util.concurrent.ThreadPoolExecutor.runWorker(ThreadPoolExecutor.java:1149)
	at java.util.concurrent.ThreadPoolExecutor$Worker.run(ThreadPoolExecutor.java:624)
	at java.lang.Thread.run(Thread.java:748)
Caused by: java.lang.NullPointerException
	at org.apache.hadoop.ozone.om.OzoneManager.isLeader(OzoneManager.java:3430)
	at org.apache.hadoop.ozone.om.KeyDeletingService.shouldRun(KeyDeletingService.java:120)
	at org.apache.hadoop.ozone.om.KeyDeletingService.access$100(KeyDeletingService.java:58)
	at org.apache.hadoop.ozone.om.KeyDeletingService$KeyDeletingTask.call(KeyDeletingService.java:149)
	at org.apache.hadoop.ozone.om.KeyDeletingService$KeyDeletingTask.call(KeyDeletingService.java:137)
	at java.util.concurrent.FutureTask.run(FutureTask.java:266)
	at java.util.concurrent.Executors$RunnableAdapter.call(Executors.java:511)
	at java.util.concurrent.FutureTask.run(FutureTask.java:266)
	at java.util.concurrent.Executors$RunnableAdapter.call(Executors.java:511)
	at java.util.concurrent.FutureTask.run(FutureTask.java:266)
	at java.util.concurrent.ScheduledThreadPoolExecutor$ScheduledFutureTask.access$201(ScheduledThreadPoolExecutor.java:180)
	at java.util.concurrent.ScheduledThreadPoolExecutor$ScheduledFutureTask.run(ScheduledThreadPoolExecutor.java:293)
	... 3 more
2019-09-24 20:51:31,038 [main] WARN  scm.HddsServerUtil (HddsServerUtil.java:getDefaultRatisDirectory(354)) - Storage directory for Ratis is not configured. It is a good idea to map this to an SSD disk. Falling back to ozone.metadata.dirs
2019-09-24 20:51:31,060 [main] INFO  ratis.OzoneManagerRatisServer (OzoneManagerRatisServer.java:<init>(241)) - Instantiating OM Ratis server with GroupID: omServiceIdDefault and Raft Peers: localhost:9872
2019-09-24 20:51:31,189 [main] INFO  impl.RaftServerProxy (ConfUtils.java:logGet(43)) - raft.rpc.type = GRPC (default)
2019-09-24 20:51:31,266 [main] INFO  grpc.GrpcFactory (GrpcFactory.java:checkPooledByteBufAllocatorUseCacheForAllThreads(45)) - PERFORMANCE WARNING: useCacheForAllThreads is true that may cause Netty to create a lot garbage objects and, as a result, trigger GC.
	It is recommended to disable useCacheForAllThreads by setting -Dorg.apache.ratis.thirdparty.io.netty.allocator.useCacheForAllThreads=false in command line.
2019-09-24 20:51:31,271 [main] INFO  grpc.GrpcConfigKeys$Server (ConfUtils.java:logGet(43)) - raft.grpc.server.port = 9872 (custom)
2019-09-24 20:51:31,272 [main] INFO  server.GrpcService (ConfUtils.java:logGet(43)) - raft.grpc.message.size.max = 33554432 (custom)
2019-09-24 20:51:31,273 [main] INFO  server.RaftServerConfigKeys (ConfUtils.java:logGet(43)) - raft.server.log.appender.buffer.byte-limit = 33554432 (custom)
2019-09-24 20:51:31,274 [main] INFO  server.GrpcService (ConfUtils.java:logGet(43)) - raft.grpc.flow.control.window = 1MB (=1048576) (default)
2019-09-24 20:51:31,275 [main] INFO  server.RaftServerConfigKeys (ConfUtils.java:logGet(43)) - raft.server.rpc.request.timeout = 3000ms (default)
2019-09-24 20:51:31,432 [main] INFO  server.RaftServerConfigKeys (ConfUtils.java:logGet(43)) - raft.server.storage.dir = [/workdir/hadoop-ozone/integration-test/target/test-dir/MiniOzoneClusterImpl-f2398cfc-f31b-477c-b5a0-70704157f1f0/ozone-meta/ratis] (custom)
2019-09-24 20:51:31,438 [main] INFO  impl.RaftServerProxy (RaftServerProxy.java:addNew(89)) - da599a4b-cba7-4fb7-8d7e-b316c928eae9: addNew group-C5BA1605619E:[da599a4b-cba7-4fb7-8d7e-b316c928eae9:localhost:9872] returns group-C5BA1605619E:java.util.concurrent.CompletableFuture@5ae95707[Not completed]
2019-09-24 20:51:31,440 [main] INFO  om.OzoneManager (OzoneManager.java:initializeRatisServer(1389)) - OzoneManager Ratis server initialized at port 9872
2019-09-24 20:51:31,442 [main] WARN  scm.HddsServerUtil (HddsServerUtil.java:getDefaultRatisDirectory(354)) - Storage directory for Ratis is not configured. It is a good idea to map this to an SSD disk. Falling back to ozone.metadata.dirs
2019-09-24 20:51:31,443 [main] WARN  scm.HddsServerUtil (HddsServerUtil.java:getDefaultRatisDirectory(354)) - Storage directory for Ratis is not configured. It is a good idea to map this to an SSD disk. Falling back to ozone.metadata.dirs
2019-09-24 20:51:31,454 [pool-22-thread-1] INFO  impl.RaftServerImpl (RaftServerImpl.java:<init>(95)) - da599a4b-cba7-4fb7-8d7e-b316c928eae9: new RaftServerImpl for group-C5BA1605619E:[da599a4b-cba7-4fb7-8d7e-b316c928eae9:localhost:9872] with OzoneManagerStateMachine:uninitialized
2019-09-24 20:51:31,456 [pool-22-thread-1] INFO  server.RaftServerConfigKeys (ConfUtils.java:logGet(43)) - raft.server.rpc.timeout.min = 1s (custom)
2019-09-24 20:51:31,457 [pool-22-thread-1] INFO  server.RaftServerConfigKeys (ConfUtils.java:logGet(43)) - raft.server.rpc.timeout.max = 1200ms (custom)
2019-09-24 20:51:31,458 [pool-22-thread-1] INFO  server.RaftServerConfigKeys (ConfUtils.java:logGet(43)) - raft.server.rpcslowness.timeout = 120s (custom)
2019-09-24 20:51:31,459 [main] INFO  ipc.CallQueueManager (CallQueueManager.java:<init>(84)) - Using callQueue: class java.util.concurrent.LinkedBlockingQueue, queueCapacity: 2000, scheduler: class org.apache.hadoop.ipc.DefaultRpcScheduler, ipcBackoff: false.
2019-09-24 20:51:31,459 [pool-22-thread-1] INFO  server.RaftServerConfigKeys (ConfUtils.java:logGet(43)) - raft.server.sleep.deviation.threshold = 300 (default)
2019-09-24 20:51:31,460 [Socket Reader #1 for port 44639] INFO  ipc.Server (Server.java:run(1074)) - Starting Socket Reader #1 for port 44639
2019-09-24 20:51:31,461 [pool-22-thread-1] INFO  server.RaftServerConfigKeys (ConfUtils.java:logGet(43)) - raft.server.log.appender.install.snapshot.enabled = false (custom)
2019-09-24 20:51:31,471 [pool-22-thread-1] INFO  impl.RaftServerImpl (ServerState.java:<init>(103)) - da599a4b-cba7-4fb7-8d7e-b316c928eae9@group-C5BA1605619E: ConfigurationManager, init=-1: [da599a4b-cba7-4fb7-8d7e-b316c928eae9:localhost:9872], old=null, confs=<EMPTY_MAP>
2019-09-24 20:51:31,472 [pool-22-thread-1] INFO  server.RaftServerConfigKeys (ConfUtils.java:logGet(43)) - raft.server.storage.dir = [/workdir/hadoop-ozone/integration-test/target/test-dir/MiniOzoneClusterImpl-f2398cfc-f31b-477c-b5a0-70704157f1f0/ozone-meta/ratis] (custom)
2019-09-24 20:51:31,482 [main] INFO  om.OzoneManager (OzoneManager.java:start(1243)) - OzoneManager RPC server is listening at localhost/127.0.0.1:44639
2019-09-24 20:51:31,482 [main] INFO  impl.MetricsSystemImpl (MetricsSystemImpl.java:init(158)) - OzoneManager metrics system started (again)
2019-09-24 20:51:31,483 [main] INFO  ratis.OzoneManagerRatisServer (OzoneManagerRatisServer.java:start(331)) - Starting OzoneManagerRatisServer da599a4b-cba7-4fb7-8d7e-b316c928eae9 at port 9872
2019-09-24 20:51:31,486 [pool-22-thread-1] INFO  storage.RaftStorageDirectory (RaftStorageDirectory.java:analyzeStorage(246)) - The storage directory /workdir/hadoop-ozone/integration-test/target/test-dir/MiniOzoneClusterImpl-f2398cfc-f31b-477c-b5a0-70704157f1f0/ozone-meta/ratis/bf265839-605b-3f16-9796-c5ba1605619e does not exist. Creating ...
2019-09-24 20:51:31,514 [pool-22-thread-1] INFO  storage.RaftStorageDirectory (RaftStorageDirectory.java:tryLock(328)) - Lock on /workdir/hadoop-ozone/integration-test/target/test-dir/MiniOzoneClusterImpl-f2398cfc-f31b-477c-b5a0-70704157f1f0/ozone-meta/ratis/bf265839-605b-3f16-9796-c5ba1605619e/in_use.lock acquired by nodename 28770@pr-hdds-2149-mjjcq-3576968246
2019-09-24 20:51:31,532 [pool-22-thread-1] INFO  storage.RaftStorage (RaftStorage.java:format(72)) - Storage directory /workdir/hadoop-ozone/integration-test/target/test-dir/MiniOzoneClusterImpl-f2398cfc-f31b-477c-b5a0-70704157f1f0/ozone-meta/ratis/bf265839-605b-3f16-9796-c5ba1605619e has been successfully formatted.
2019-09-24 20:51:31,537 [pool-22-thread-1] INFO  server.RaftServerConfigKeys (ConfUtils.java:logGet(43)) - raft.server.notification.no-leader.timeout = 120s (custom)
2019-09-24 20:51:31,540 [pool-22-thread-1] INFO  server.RaftServerConfigKeys (ConfUtils.java:logGet(43)) - raft.server.log.use.memory = false (default)
2019-09-24 20:51:31,548 [pool-22-thread-1] INFO  server.RaftServerConfigKeys (ConfUtils.java:logGet(43)) - raft.server.log.purge.gap = 1000000 (custom)
2019-09-24 20:51:31,548 [pool-22-thread-1] INFO  server.RaftServerConfigKeys (ConfUtils.java:logGet(43)) - raft.server.log.appender.buffer.byte-limit = 33554432 (custom)
2019-09-24 20:51:31,550 [pool-22-thread-1] INFO  server.RaftServerConfigKeys (ConfUtils.java:logGet(43)) - raft.server.log.segment.size.max = 16384 (custom)
2019-09-24 20:51:31,554 [pool-22-thread-1] INFO  server.RaftServerConfigKeys (ConfUtils.java:logGet(43)) - raft.server.log.segment.cache.num.max = 2 (custom)
2019-09-24 20:51:31,560 [pool-22-thread-1] INFO  segmented.SegmentedRaftLogWorker (SegmentedRaftLogWorker.java:<init>(172)) - new da599a4b-cba7-4fb7-8d7e-b316c928eae9@group-C5BA1605619E-SegmentedRaftLogWorker for RaftStorage:Storage Directory /workdir/hadoop-ozone/integration-test/target/test-dir/MiniOzoneClusterImpl-f2398cfc-f31b-477c-b5a0-70704157f1f0/ozone-meta/ratis/bf265839-605b-3f16-9796-c5ba1605619e
2019-09-24 20:51:31,562 [pool-22-thread-1] INFO  impl.MetricsSystemImpl (MetricsSystemImpl.java:init(158)) - ratis metrics system started (again)
2019-09-24 20:51:31,568 [pool-22-thread-1] INFO  metrics.MetricRegistries (MetricRegistriesLoader.java:load(64)) - Loaded MetricRegistries class org.apache.ratis.metrics.impl.MetricRegistriesImpl
2019-09-24 20:51:31,598 [pool-22-thread-1] INFO  server.RaftServerConfigKeys (ConfUtils.java:logGet(43)) - raft.server.log.queue.byte-limit = 64MB (=67108864) (default)
2019-09-24 20:51:31,599 [pool-22-thread-1] INFO  server.RaftServerConfigKeys (ConfUtils.java:logGet(43)) - raft.server.log.queue.element-limit = 4096 (default)
2019-09-24 20:51:31,602 [pool-22-thread-1] INFO  server.RaftServerConfigKeys (ConfUtils.java:logGet(43)) - raft.server.log.segment.size.max = 16384 (custom)
2019-09-24 20:51:31,603 [pool-22-thread-1] INFO  server.RaftServerConfigKeys (ConfUtils.java:logGet(43)) - raft.server.log.preallocated.size = 16384 (custom)
2019-09-24 20:51:31,604 [pool-22-thread-1] INFO  server.RaftServerConfigKeys (ConfUtils.java:logGet(43)) - raft.server.log.write.buffer.size = 64KB (=65536) (default)
2019-09-24 20:51:31,604 [pool-22-thread-1] INFO  server.RaftServerConfigKeys (ConfUtils.java:logGet(43)) - raft.server.log.force.sync.num = 128 (default)
2019-09-24 20:51:31,606 [pool-22-thread-1] INFO  server.RaftServerConfigKeys (ConfUtils.java:logGet(43)) - raft.server.log.statemachine.data.sync = true (default)
2019-09-24 20:51:31,606 [pool-22-thread-1] INFO  server.RaftServerConfigKeys (ConfUtils.java:logGet(43)) - raft.server.log.statemachine.data.sync.timeout = 10s (default)
2019-09-24 20:51:31,607 [pool-22-thread-1] INFO  server.RaftServerConfigKeys (ConfUtils.java:logGet(43)) - raft.server.log.statemachine.data.sync.timeout.retry = -1 (default)
2019-09-24 20:51:31,617 [pool-22-thread-1] INFO  server.RaftServerConfigKeys (ConfUtils.java:logGet(43)) - raft.server.log.statemachine.data.caching.enabled = false (default)
2019-09-24 20:51:31,623 [pool-22-thread-1] INFO  segmented.SegmentedRaftLogWorker (SegmentedRaftLogWorker.java:lambda$new$0(132)) - da599a4b-cba7-4fb7-8d7e-b316c928eae9@group-C5BA1605619E-SegmentedRaftLogWorker: flushIndex: setUnconditionally 0 -> -1
2019-09-24 20:51:31,629 [pool-22-thread-1] INFO  server.RaftServerConfigKeys (ConfUtils.java:logGet(43)) - raft.server.snapshot.auto.trigger.enabled = true (custom)
2019-09-24 20:51:31,630 [pool-22-thread-1] INFO  server.RaftServerConfigKeys (ConfUtils.java:logGet(43)) - raft.server.snapshot.auto.trigger.threshold = 400000 (default)
2019-09-24 20:51:31,631 [pool-22-thread-1] INFO  server.RaftServerConfigKeys (ConfUtils.java:logGet(43)) - raft.server.snapshot.retention.num.files = -1 (default)
2019-09-24 20:51:31,632 [pool-22-thread-1] INFO  server.RaftServerConfigKeys (ConfUtils.java:logGet(43)) - raft.server.retrycache.expirytime = 600000ms (custom)
2019-09-24 20:51:31,666 [main] INFO  impl.RaftServerImpl (RaftServerImpl.java:start(185)) - da599a4b-cba7-4fb7-8d7e-b316c928eae9@group-C5BA1605619E: start as a follower, conf=-1: [da599a4b-cba7-4fb7-8d7e-b316c928eae9:localhost:9872], old=null
2019-09-24 20:51:31,668 [main] INFO  impl.RaftServerImpl (RaftServerImpl.java:setRole(174)) - da599a4b-cba7-4fb7-8d7e-b316c928eae9@group-C5BA1605619E: changes role from      null to FOLLOWER at term 0 for startAsFollower
2019-09-24 20:51:31,670 [main] INFO  impl.RoleInfo (RoleInfo.java:updateAndGet(143)) - da599a4b-cba7-4fb7-8d7e-b316c928eae9: start FollowerState
2019-09-24 20:51:31,673 [main] INFO  util.JmxRegister (JmxRegister.java:tryRegister(44)) - Successfully registered JMX Bean with object name Ratis:service=RaftServer,group=group-C5BA1605619E,id=da599a4b-cba7-4fb7-8d7e-b316c928eae9
2019-09-24 20:51:31,674 [main] INFO  impl.RaftServerProxy (RaftServerProxy.java:lambda$start$3(299)) - da599a4b-cba7-4fb7-8d7e-b316c928eae9: start RPC server
2019-09-24 20:51:31,787 [main] INFO  server.GrpcService (GrpcService.java:startImpl(158)) - da599a4b-cba7-4fb7-8d7e-b316c928eae9: GrpcService started, listening on 0.0.0.0/0.0.0.0:9872
2019-09-24 20:51:31,800 [IPC Server Responder] INFO  ipc.Server (Server.java:run(1314)) - IPC Server Responder: starting
2019-09-24 20:51:31,800 [IPC Server listener on 44639] INFO  ipc.Server (Server.java:run(1153)) - IPC Server listener on 44639: starting
2019-09-24 20:51:31,807 [main] INFO  hdfs.DFSUtil (DFSUtil.java:httpServerTemplateForNNAndJN(1641)) - Starting Web-server for ozoneManager at: http://0.0.0.0:0
2019-09-24 20:51:31,811 [main] INFO  server.AuthenticationFilter (AuthenticationFilter.java:constructSecretProvider(240)) - Unable to initialize FileSignerSecretProvider, falling back to use random secrets.
2019-09-24 20:51:31,812 [main] WARN  http.HttpRequestLog (HttpRequestLog.java:getRequestLog(97)) - Jetty request log can only be enabled using Log4j
2019-09-24 20:51:31,816 [main] INFO  http.HttpServer2 (HttpServer2.java:addGlobalFilter(975)) - Added global filter 'safety' (class=org.apache.hadoop.http.HttpServer2$QuotingInputFilter)
2019-09-24 20:51:31,825 [main] INFO  http.HttpServer2 (HttpServer2.java:addFilter(948)) - Added filter static_user_filter (class=org.apache.hadoop.http.lib.StaticUserWebFilter$StaticUserFilter) to context ozoneManager
2019-09-24 20:51:31,827 [main] INFO  http.HttpServer2 (HttpServer2.java:addFilter(958)) - Added filter static_user_filter (class=org.apache.hadoop.http.lib.StaticUserWebFilter$StaticUserFilter) to context logs
2019-09-24 20:51:31,828 [main] INFO  http.HttpServer2 (HttpServer2.java:addFilter(958)) - Added filter static_user_filter (class=org.apache.hadoop.http.lib.StaticUserWebFilter$StaticUserFilter) to context static
2019-09-24 20:51:31,836 [main] INFO  http.HttpServer2 (HttpServer2.java:bindListener(1191)) - Jetty bound to port 43002
2019-09-24 20:51:31,837 [main] INFO  server.Server (Server.java:doStart(351)) - jetty-9.3.25.v20180904, build timestamp: 2018-09-04T21:11:46Z, git hash: 3ce520221d0240229c862b122d2b06c12a625732
2019-09-24 20:51:31,841 [main] INFO  handler.ContextHandler (ContextHandler.java:doStart(781)) - Started o.e.j.s.ServletContextHandler@2d82408{/logs,file:///workdir/hadoop-ozone/integration-test/target/log,AVAILABLE}
2019-09-24 20:51:31,842 [main] INFO  handler.ContextHandler (ContextHandler.java:doStart(781)) - Started o.e.j.s.ServletContextHandler@f679798{/static,file:///workdir/hadoop-ozone/integration-test/target/test-classes/webapps/static,AVAILABLE}
2019-09-24 20:51:31,850 [main] INFO  handler.ContextHandler (ContextHandler.java:doStart(781)) - Started o.e.j.w.WebAppContext@6b8280e6{/,file:///workdir/hadoop-ozone/integration-test/target/test-classes/webapps/ozoneManager/,AVAILABLE}{/ozoneManager}
2019-09-24 20:51:31,856 [main] INFO  server.AbstractConnector (AbstractConnector.java:doStart(278)) - Started ServerConnector@6f139fc9{HTTP/1.1,[http/1.1]}{0.0.0.0:43002}
2019-09-24 20:51:31,857 [main] INFO  server.Server (Server.java:doStart(419)) - Started @7926ms
2019-09-24 20:51:31,858 [main] WARN  impl.MetricsSystemImpl (MetricsSystemImpl.java:register(276)) - Sink prometheus already exists!
2019-09-24 20:51:31,859 [main] INFO  server.BaseHttpServer (BaseHttpServer.java:updateConnectorAddress(215)) - HTTP server of OZONEMANAGER is listening at http://0.0.0.0:43002
2019-09-24 20:51:32,023 [main] INFO  impl.MetricsSystemImpl (MetricsSystemImpl.java:init(158)) - HddsDatanode metrics system started (again)
2019-09-24 20:51:32,079 [main] INFO  ozone.HddsDatanodeService (HddsDatanodeService.java:start(184)) - HddsDatanodeService host:pr-hdds-2149-mjjcq-3576968246 ip:192.168.151.77
2019-09-24 20:51:32,114 [main] INFO  volume.HddsVolume (HddsVolume.java:<init>(176)) - Creating Volume: /workdir/hadoop-ozone/integration-test/target/test-dir/MiniOzoneClusterImpl-f2398cfc-f31b-477c-b5a0-70704157f1f0/datanode-0/data/containers/hdds of  storage type : DISK and capacity : 1482555576320
2019-09-24 20:51:32,116 [main] INFO  volume.VolumeSet (VolumeSet.java:initializeVolumeSet(170)) - Added Volume : /workdir/hadoop-ozone/integration-test/target/test-dir/MiniOzoneClusterImpl-f2398cfc-f31b-477c-b5a0-70704157f1f0/datanode-0/data/containers/hdds to VolumeSet
2019-09-24 20:51:32,119 [main] INFO  volume.ThrottledAsyncChecker (ThrottledAsyncChecker.java:schedule(139)) - Scheduling a check for org.apache.hadoop.ozone.container.common.volume.HddsVolume@77bbadc
2019-09-24 20:51:32,140 [main] INFO  volume.HddsVolumeChecker (HddsVolumeChecker.java:checkAllVolumes(202)) - Scheduled health check for volume org.apache.hadoop.ozone.container.common.volume.HddsVolume@77bbadc
2019-09-24 20:51:32,209 [main] INFO  impl.RaftServerProxy (ConfUtils.java:logGet(43)) - raft.rpc.type = GRPC (default)
2019-09-24 20:51:32,210 [main] INFO  grpc.GrpcFactory (GrpcFactory.java:checkPooledByteBufAllocatorUseCacheForAllThreads(45)) - PERFORMANCE WARNING: useCacheForAllThreads is true that may cause Netty to create a lot garbage objects and, as a result, trigger GC.
	It is recommended to disable useCacheForAllThreads by setting -Dorg.apache.ratis.thirdparty.io.netty.allocator.useCacheForAllThreads=false in command line.
2019-09-24 20:51:32,211 [main] INFO  grpc.GrpcConfigKeys$Server (ConfUtils.java:logGet(43)) - raft.grpc.server.port = 0 (default)
2019-09-24 20:51:32,211 [main] INFO  server.GrpcService (ConfUtils.java:logGet(43)) - raft.grpc.message.size.max = 33570816 (custom)
2019-09-24 20:51:32,212 [main] INFO  server.RaftServerConfigKeys (ConfUtils.java:logGet(43)) - raft.server.log.appender.buffer.byte-limit = 33554432 (custom)
2019-09-24 20:51:32,213 [main] INFO  server.GrpcService (ConfUtils.java:logGet(43)) - raft.grpc.flow.control.window = 1MB (=1048576) (default)
2019-09-24 20:51:32,213 [main] INFO  server.RaftServerConfigKeys (ConfUtils.java:logGet(43)) - raft.server.rpc.request.timeout = 3000ms (default)
2019-09-24 20:51:32,217 [main] INFO  server.RaftServerConfigKeys (ConfUtils.java:logGet(43)) - raft.server.storage.dir = [/workdir/hadoop-ozone/integration-test/target/test-dir/MiniOzoneClusterImpl-f2398cfc-f31b-477c-b5a0-70704157f1f0/datanode-0/data/ratis] (custom)
2019-09-24 20:51:32,290 [main] INFO  hdfs.DFSUtil (DFSUtil.java:httpServerTemplateForNNAndJN(1641)) - Starting Web-server for hddsDatanode at: http://0.0.0.0:0
2019-09-24 20:51:32,293 [main] INFO  server.AuthenticationFilter (AuthenticationFilter.java:constructSecretProvider(240)) - Unable to initialize FileSignerSecretProvider, falling back to use random secrets.
2019-09-24 20:51:32,293 [main] WARN  http.HttpRequestLog (HttpRequestLog.java:getRequestLog(97)) - Jetty request log can only be enabled using Log4j
2019-09-24 20:51:32,296 [main] INFO  http.HttpServer2 (HttpServer2.java:addGlobalFilter(975)) - Added global filter 'safety' (class=org.apache.hadoop.http.HttpServer2$QuotingInputFilter)
2019-09-24 20:51:32,297 [main] INFO  http.HttpServer2 (HttpServer2.java:addFilter(948)) - Added filter static_user_filter (class=org.apache.hadoop.http.lib.StaticUserWebFilter$StaticUserFilter) to context hddsDatanode
2019-09-24 20:51:32,297 [main] INFO  http.HttpServer2 (HttpServer2.java:addFilter(958)) - Added filter static_user_filter (class=org.apache.hadoop.http.lib.StaticUserWebFilter$StaticUserFilter) to context static
2019-09-24 20:51:32,298 [main] INFO  http.HttpServer2 (HttpServer2.java:addFilter(958)) - Added filter static_user_filter (class=org.apache.hadoop.http.lib.StaticUserWebFilter$StaticUserFilter) to context logs
2019-09-24 20:51:32,302 [main] INFO  http.HttpServer2 (HttpServer2.java:bindListener(1191)) - Jetty bound to port 38311
2019-09-24 20:51:32,303 [main] INFO  server.Server (Server.java:doStart(351)) - jetty-9.3.25.v20180904, build timestamp: 2018-09-04T21:11:46Z, git hash: 3ce520221d0240229c862b122d2b06c12a625732
2019-09-24 20:51:32,308 [main] INFO  handler.ContextHandler (ContextHandler.java:doStart(781)) - Started o.e.j.s.ServletContextHandler@6fa0450e{/logs,file:///workdir/hadoop-ozone/integration-test/target/log,AVAILABLE}
2019-09-24 20:51:32,309 [main] INFO  handler.ContextHandler (ContextHandler.java:doStart(781)) - Started o.e.j.s.ServletContextHandler@51ec2856{/static,jar:file:/home/user/.m2/repository/org/apache/hadoop/hadoop-hdds-container-service/0.5.0-SNAPSHOT/hadoop-hdds-container-service-0.5.0-SNAPSHOT.jar!/webapps/static,AVAILABLE}
2019-09-24 20:51:32,357 [main] INFO  handler.ContextHandler (ContextHandler.java:doStart(781)) - Started o.e.j.w.WebAppContext@6192a5d5{/,file:///tmp/jetty-0.0.0.0-38311-hddsDatanode-_-any-6742619839680549501.dir/webapp/,AVAILABLE}{/hddsDatanode}
2019-09-24 20:51:32,358 [main] INFO  server.AbstractConnector (AbstractConnector.java:doStart(278)) - Started ServerConnector@3722c145{HTTP/1.1,[http/1.1]}{0.0.0.0:38311}
2019-09-24 20:51:32,359 [main] INFO  server.Server (Server.java:doStart(419)) - Started @8426ms
2019-09-24 20:51:32,359 [main] WARN  impl.MetricsSystemImpl (MetricsSystemImpl.java:register(276)) - Sink prometheus already exists!
2019-09-24 20:51:32,360 [main] INFO  server.BaseHttpServer (BaseHttpServer.java:updateConnectorAddress(215)) - HTTP server of HDDSDATANODE is listening at http://0.0.0.0:38311
2019-09-24 20:51:32,362 [main] INFO  impl.MetricsSystemImpl (MetricsSystemImpl.java:init(158)) - HddsDatanode metrics system started (again)
2019-09-24 20:51:32,366 [main] INFO  ozone.HddsDatanodeService (HddsDatanodeService.java:start(184)) - HddsDatanodeService host:pr-hdds-2149-mjjcq-3576968246 ip:192.168.151.77
2019-09-24 20:51:32,366 [org.apache.hadoop.util.JvmPauseMonitor$Monitor@23b077b2] INFO  util.JvmPauseMonitor (JvmPauseMonitor.java:run(188)) - Starting JVM pause monitor
2019-09-24 20:51:32,375 [main] INFO  volume.HddsVolume (HddsVolume.java:<init>(176)) - Creating Volume: /workdir/hadoop-ozone/integration-test/target/test-dir/MiniOzoneClusterImpl-f2398cfc-f31b-477c-b5a0-70704157f1f0/datanode-1/data/containers/hdds of  storage type : DISK and capacity : 1482555576320
2019-09-24 20:51:32,375 [main] INFO  volume.VolumeSet (VolumeSet.java:initializeVolumeSet(170)) - Added Volume : /workdir/hadoop-ozone/integration-test/target/test-dir/MiniOzoneClusterImpl-f2398cfc-f31b-477c-b5a0-70704157f1f0/datanode-1/data/containers/hdds to VolumeSet
2019-09-24 20:51:32,376 [main] INFO  volume.ThrottledAsyncChecker (ThrottledAsyncChecker.java:schedule(139)) - Scheduling a check for org.apache.hadoop.ozone.container.common.volume.HddsVolume@4c2af006
2019-09-24 20:51:32,376 [main] INFO  volume.HddsVolumeChecker (HddsVolumeChecker.java:checkAllVolumes(202)) - Scheduled health check for volume org.apache.hadoop.ozone.container.common.volume.HddsVolume@4c2af006
2019-09-24 20:51:32,391 [main] INFO  impl.RaftServerProxy (ConfUtils.java:logGet(43)) - raft.rpc.type = GRPC (default)
2019-09-24 20:51:32,392 [main] INFO  grpc.GrpcFactory (GrpcFactory.java:checkPooledByteBufAllocatorUseCacheForAllThreads(45)) - PERFORMANCE WARNING: useCacheForAllThreads is true that may cause Netty to create a lot garbage objects and, as a result, trigger GC.
	It is recommended to disable useCacheForAllThreads by setting -Dorg.apache.ratis.thirdparty.io.netty.allocator.useCacheForAllThreads=false in command line.
2019-09-24 20:51:32,392 [main] INFO  grpc.GrpcConfigKeys$Server (ConfUtils.java:logGet(43)) - raft.grpc.server.port = 0 (default)
2019-09-24 20:51:32,392 [main] INFO  server.GrpcService (ConfUtils.java:logGet(43)) - raft.grpc.message.size.max = 33570816 (custom)
2019-09-24 20:51:32,392 [main] INFO  server.RaftServerConfigKeys (ConfUtils.java:logGet(43)) - raft.server.log.appender.buffer.byte-limit = 33554432 (custom)
2019-09-24 20:51:32,392 [main] INFO  server.GrpcService (ConfUtils.java:logGet(43)) - raft.grpc.flow.control.window = 1MB (=1048576) (default)
2019-09-24 20:51:32,393 [main] INFO  server.RaftServerConfigKeys (ConfUtils.java:logGet(43)) - raft.server.rpc.request.timeout = 3000ms (default)
2019-09-24 20:51:32,393 [main] INFO  server.RaftServerConfigKeys (ConfUtils.java:logGet(43)) - raft.server.storage.dir = [/workdir/hadoop-ozone/integration-test/target/test-dir/MiniOzoneClusterImpl-f2398cfc-f31b-477c-b5a0-70704157f1f0/datanode-1/data/ratis] (custom)
2019-09-24 20:51:32,395 [main] INFO  hdfs.DFSUtil (DFSUtil.java:httpServerTemplateForNNAndJN(1641)) - Starting Web-server for hddsDatanode at: http://0.0.0.0:0
2019-09-24 20:51:32,398 [main] INFO  server.AuthenticationFilter (AuthenticationFilter.java:constructSecretProvider(240)) - Unable to initialize FileSignerSecretProvider, falling back to use random secrets.
2019-09-24 20:51:32,399 [main] WARN  http.HttpRequestLog (HttpRequestLog.java:getRequestLog(97)) - Jetty request log can only be enabled using Log4j
2019-09-24 20:51:32,402 [main] INFO  http.HttpServer2 (HttpServer2.java:addGlobalFilter(975)) - Added global filter 'safety' (class=org.apache.hadoop.http.HttpServer2$QuotingInputFilter)
2019-09-24 20:51:32,403 [main] INFO  http.HttpServer2 (HttpServer2.java:addFilter(948)) - Added filter static_user_filter (class=org.apache.hadoop.http.lib.StaticUserWebFilter$StaticUserFilter) to context hddsDatanode
2019-09-24 20:51:32,403 [main] INFO  http.HttpServer2 (HttpServer2.java:addFilter(958)) - Added filter static_user_filter (class=org.apache.hadoop.http.lib.StaticUserWebFilter$StaticUserFilter) to context logs
2019-09-24 20:51:32,403 [main] INFO  http.HttpServer2 (HttpServer2.java:addFilter(958)) - Added filter static_user_filter (class=org.apache.hadoop.http.lib.StaticUserWebFilter$StaticUserFilter) to context static
2019-09-24 20:51:32,404 [main] INFO  http.HttpServer2 (HttpServer2.java:bindListener(1191)) - Jetty bound to port 38052
2019-09-24 20:51:32,405 [main] INFO  server.Server (Server.java:doStart(351)) - jetty-9.3.25.v20180904, build timestamp: 2018-09-04T21:11:46Z, git hash: 3ce520221d0240229c862b122d2b06c12a625732
2019-09-24 20:51:32,409 [main] INFO  handler.ContextHandler (ContextHandler.java:doStart(781)) - Started o.e.j.s.ServletContextHandler@59bbe88a{/logs,file:///workdir/hadoop-ozone/integration-test/target/log,AVAILABLE}
2019-09-24 20:51:32,410 [main] INFO  handler.ContextHandler (ContextHandler.java:doStart(781)) - Started o.e.j.s.ServletContextHandler@ed91d8d{/static,jar:file:/home/user/.m2/repository/org/apache/hadoop/hadoop-hdds-container-service/0.5.0-SNAPSHOT/hadoop-hdds-container-service-0.5.0-SNAPSHOT.jar!/webapps/static,AVAILABLE}
2019-09-24 20:51:32,451 [main] INFO  handler.ContextHandler (ContextHandler.java:doStart(781)) - Started o.e.j.w.WebAppContext@440e3ce6{/,file:///tmp/jetty-0.0.0.0-38052-hddsDatanode-_-any-1659257037904580158.dir/webapp/,AVAILABLE}{/hddsDatanode}
2019-09-24 20:51:32,451 [main] INFO  server.AbstractConnector (AbstractConnector.java:doStart(278)) - Started ServerConnector@3e67f5f2{HTTP/1.1,[http/1.1]}{0.0.0.0:38052}
2019-09-24 20:51:32,452 [main] INFO  server.Server (Server.java:doStart(419)) - Started @8520ms
2019-09-24 20:51:32,453 [main] WARN  impl.MetricsSystemImpl (MetricsSystemImpl.java:register(276)) - Sink prometheus already exists!
2019-09-24 20:51:32,454 [main] INFO  server.BaseHttpServer (BaseHttpServer.java:updateConnectorAddress(215)) - HTTP server of HDDSDATANODE is listening at http://0.0.0.0:38052
2019-09-24 20:51:32,455 [main] INFO  impl.MetricsSystemImpl (MetricsSystemImpl.java:init(158)) - HddsDatanode metrics system started (again)
2019-09-24 20:51:32,457 [org.apache.hadoop.util.JvmPauseMonitor$Monitor@65e94171] INFO  util.JvmPauseMonitor (JvmPauseMonitor.java:run(188)) - Starting JVM pause monitor
2019-09-24 20:51:32,458 [main] INFO  ozone.HddsDatanodeService (HddsDatanodeService.java:start(184)) - HddsDatanodeService host:pr-hdds-2149-mjjcq-3576968246 ip:192.168.151.77
2019-09-24 20:51:32,466 [main] INFO  volume.HddsVolume (HddsVolume.java:<init>(176)) - Creating Volume: /workdir/hadoop-ozone/integration-test/target/test-dir/MiniOzoneClusterImpl-f2398cfc-f31b-477c-b5a0-70704157f1f0/datanode-2/data/containers/hdds of  storage type : DISK and capacity : 1482555576320
2019-09-24 20:51:32,466 [main] INFO  volume.VolumeSet (VolumeSet.java:initializeVolumeSet(170)) - Added Volume : /workdir/hadoop-ozone/integration-test/target/test-dir/MiniOzoneClusterImpl-f2398cfc-f31b-477c-b5a0-70704157f1f0/datanode-2/data/containers/hdds to VolumeSet
2019-09-24 20:51:32,467 [main] INFO  volume.ThrottledAsyncChecker (ThrottledAsyncChecker.java:schedule(139)) - Scheduling a check for org.apache.hadoop.ozone.container.common.volume.HddsVolume@2d7a9786
2019-09-24 20:51:32,468 [main] INFO  volume.HddsVolumeChecker (HddsVolumeChecker.java:checkAllVolumes(202)) - Scheduled health check for volume org.apache.hadoop.ozone.container.common.volume.HddsVolume@2d7a9786
2019-09-24 20:51:32,482 [main] INFO  impl.RaftServerProxy (ConfUtils.java:logGet(43)) - raft.rpc.type = GRPC (default)
2019-09-24 20:51:32,482 [main] INFO  grpc.GrpcFactory (GrpcFactory.java:checkPooledByteBufAllocatorUseCacheForAllThreads(45)) - PERFORMANCE WARNING: useCacheForAllThreads is true that may cause Netty to create a lot garbage objects and, as a result, trigger GC.
	It is recommended to disable useCacheForAllThreads by setting -Dorg.apache.ratis.thirdparty.io.netty.allocator.useCacheForAllThreads=false in command line.
2019-09-24 20:51:32,483 [main] INFO  grpc.GrpcConfigKeys$Server (ConfUtils.java:logGet(43)) - raft.grpc.server.port = 0 (default)
2019-09-24 20:51:32,483 [main] INFO  server.GrpcService (ConfUtils.java:logGet(43)) - raft.grpc.message.size.max = 33570816 (custom)
2019-09-24 20:51:32,483 [main] INFO  server.RaftServerConfigKeys (ConfUtils.java:logGet(43)) - raft.server.log.appender.buffer.byte-limit = 33554432 (custom)
2019-09-24 20:51:32,483 [Datanode State Machine Thread - 0] INFO  datanode.InitDatanodeState (InitDatanodeState.java:persistContainerDatanodeDetails(140)) - DatanodeDetails is persisted to /workdir/hadoop-ozone/integration-test/target/test-dir/MiniOzoneClusterImpl-f2398cfc-f31b-477c-b5a0-70704157f1f0/datanode-0/meta/datanode.id
2019-09-24 20:51:32,483 [main] INFO  server.GrpcService (ConfUtils.java:logGet(43)) - raft.grpc.flow.control.window = 1MB (=1048576) (default)
2019-09-24 20:51:32,487 [main] INFO  server.RaftServerConfigKeys (ConfUtils.java:logGet(43)) - raft.server.rpc.request.timeout = 3000ms (default)
2019-09-24 20:51:32,487 [Datanode State Machine Thread - 0] INFO  datanode.InitDatanodeState (InitDatanodeState.java:persistContainerDatanodeDetails(140)) - DatanodeDetails is persisted to /workdir/hadoop-ozone/integration-test/target/test-dir/MiniOzoneClusterImpl-f2398cfc-f31b-477c-b5a0-70704157f1f0/datanode-1/meta/datanode.id
2019-09-24 20:51:32,488 [main] INFO  server.RaftServerConfigKeys (ConfUtils.java:logGet(43)) - raft.server.storage.dir = [/workdir/hadoop-ozone/integration-test/target/test-dir/MiniOzoneClusterImpl-f2398cfc-f31b-477c-b5a0-70704157f1f0/datanode-2/data/ratis] (custom)
2019-09-24 20:51:32,490 [main] INFO  hdfs.DFSUtil (DFSUtil.java:httpServerTemplateForNNAndJN(1641)) - Starting Web-server for hddsDatanode at: http://0.0.0.0:0
2019-09-24 20:51:32,491 [main] INFO  server.AuthenticationFilter (AuthenticationFilter.java:constructSecretProvider(240)) - Unable to initialize FileSignerSecretProvider, falling back to use random secrets.
2019-09-24 20:51:32,492 [main] WARN  http.HttpRequestLog (HttpRequestLog.java:getRequestLog(97)) - Jetty request log can only be enabled using Log4j
2019-09-24 20:51:32,493 [main] INFO  http.HttpServer2 (HttpServer2.java:addGlobalFilter(975)) - Added global filter 'safety' (class=org.apache.hadoop.http.HttpServer2$QuotingInputFilter)
2019-09-24 20:51:32,494 [main] INFO  http.HttpServer2 (HttpServer2.java:addFilter(948)) - Added filter static_user_filter (class=org.apache.hadoop.http.lib.StaticUserWebFilter$StaticUserFilter) to context hddsDatanode
2019-09-24 20:51:32,494 [main] INFO  http.HttpServer2 (HttpServer2.java:addFilter(958)) - Added filter static_user_filter (class=org.apache.hadoop.http.lib.StaticUserWebFilter$StaticUserFilter) to context static
2019-09-24 20:51:32,494 [main] INFO  http.HttpServer2 (HttpServer2.java:addFilter(958)) - Added filter static_user_filter (class=org.apache.hadoop.http.lib.StaticUserWebFilter$StaticUserFilter) to context logs
2019-09-24 20:51:32,495 [main] INFO  http.HttpServer2 (HttpServer2.java:bindListener(1191)) - Jetty bound to port 42866
2019-09-24 20:51:32,495 [main] INFO  server.Server (Server.java:doStart(351)) - jetty-9.3.25.v20180904, build timestamp: 2018-09-04T21:11:46Z, git hash: 3ce520221d0240229c862b122d2b06c12a625732
2019-09-24 20:51:32,497 [main] INFO  handler.ContextHandler (ContextHandler.java:doStart(781)) - Started o.e.j.s.ServletContextHandler@69923ac3{/logs,file:///workdir/hadoop-ozone/integration-test/target/log,AVAILABLE}
2019-09-24 20:51:32,497 [main] INFO  handler.ContextHandler (ContextHandler.java:doStart(781)) - Started o.e.j.s.ServletContextHandler@73d60e76{/static,jar:file:/home/user/.m2/repository/org/apache/hadoop/hadoop-hdds-container-service/0.5.0-SNAPSHOT/hadoop-hdds-container-service-0.5.0-SNAPSHOT.jar!/webapps/static,AVAILABLE}
2019-09-24 20:51:32,526 [main] INFO  handler.ContextHandler (ContextHandler.java:doStart(781)) - Started o.e.j.w.WebAppContext@2a8a4e0c{/,file:///tmp/jetty-0.0.0.0-42866-hddsDatanode-_-any-3215708341598752510.dir/webapp/,AVAILABLE}{/hddsDatanode}
2019-09-24 20:51:32,526 [main] INFO  server.AbstractConnector (AbstractConnector.java:doStart(278)) - Started ServerConnector@26c89563{HTTP/1.1,[http/1.1]}{0.0.0.0:42866}
2019-09-24 20:51:32,527 [main] INFO  server.Server (Server.java:doStart(419)) - Started @8595ms
2019-09-24 20:51:32,527 [main] WARN  impl.MetricsSystemImpl (MetricsSystemImpl.java:register(276)) - Sink prometheus already exists!
2019-09-24 20:51:32,528 [main] INFO  server.BaseHttpServer (BaseHttpServer.java:updateConnectorAddress(215)) - HTTP server of HDDSDATANODE is listening at http://0.0.0.0:42866
2019-09-24 20:51:32,528 [main] INFO  impl.MetricsSystemImpl (MetricsSystemImpl.java:init(158)) - HddsDatanode metrics system started (again)
2019-09-24 20:51:32,532 [org.apache.hadoop.util.JvmPauseMonitor$Monitor@212916f8] INFO  util.JvmPauseMonitor (JvmPauseMonitor.java:run(188)) - Starting JVM pause monitor
2019-09-24 20:51:32,532 [main] INFO  ozone.HddsDatanodeService (HddsDatanodeService.java:start(184)) - HddsDatanodeService host:pr-hdds-2149-mjjcq-3576968246 ip:192.168.151.77
2019-09-24 20:51:32,534 [Datanode State Machine Thread - 0] INFO  datanode.InitDatanodeState (InitDatanodeState.java:persistContainerDatanodeDetails(140)) - DatanodeDetails is persisted to /workdir/hadoop-ozone/integration-test/target/test-dir/MiniOzoneClusterImpl-f2398cfc-f31b-477c-b5a0-70704157f1f0/datanode-2/meta/datanode.id
2019-09-24 20:51:32,539 [main] INFO  volume.HddsVolume (HddsVolume.java:<init>(176)) - Creating Volume: /workdir/hadoop-ozone/integration-test/target/test-dir/MiniOzoneClusterImpl-f2398cfc-f31b-477c-b5a0-70704157f1f0/datanode-3/data/containers/hdds of  storage type : DISK and capacity : 1482555576320
2019-09-24 20:51:32,540 [main] INFO  volume.VolumeSet (VolumeSet.java:initializeVolumeSet(170)) - Added Volume : /workdir/hadoop-ozone/integration-test/target/test-dir/MiniOzoneClusterImpl-f2398cfc-f31b-477c-b5a0-70704157f1f0/datanode-3/data/containers/hdds to VolumeSet
2019-09-24 20:51:32,540 [main] INFO  volume.ThrottledAsyncChecker (ThrottledAsyncChecker.java:schedule(139)) - Scheduling a check for org.apache.hadoop.ozone.container.common.volume.HddsVolume@40e32762
2019-09-24 20:51:32,540 [main] INFO  volume.HddsVolumeChecker (HddsVolumeChecker.java:checkAllVolumes(202)) - Scheduled health check for volume org.apache.hadoop.ozone.container.common.volume.HddsVolume@40e32762
2019-09-24 20:51:32,554 [main] INFO  impl.RaftServerProxy (ConfUtils.java:logGet(43)) - raft.rpc.type = GRPC (default)
2019-09-24 20:51:32,554 [main] INFO  grpc.GrpcFactory (GrpcFactory.java:checkPooledByteBufAllocatorUseCacheForAllThreads(45)) - PERFORMANCE WARNING: useCacheForAllThreads is true that may cause Netty to create a lot garbage objects and, as a result, trigger GC.
	It is recommended to disable useCacheForAllThreads by setting -Dorg.apache.ratis.thirdparty.io.netty.allocator.useCacheForAllThreads=false in command line.
2019-09-24 20:51:32,555 [main] INFO  grpc.GrpcConfigKeys$Server (ConfUtils.java:logGet(43)) - raft.grpc.server.port = 0 (default)
2019-09-24 20:51:32,555 [main] INFO  server.GrpcService (ConfUtils.java:logGet(43)) - raft.grpc.message.size.max = 33570816 (custom)
2019-09-24 20:51:32,555 [main] INFO  server.RaftServerConfigKeys (ConfUtils.java:logGet(43)) - raft.server.log.appender.buffer.byte-limit = 33554432 (custom)
2019-09-24 20:51:32,555 [main] INFO  server.GrpcService (ConfUtils.java:logGet(43)) - raft.grpc.flow.control.window = 1MB (=1048576) (default)
2019-09-24 20:51:32,556 [main] INFO  server.RaftServerConfigKeys (ConfUtils.java:logGet(43)) - raft.server.rpc.request.timeout = 3000ms (default)
2019-09-24 20:51:32,556 [main] INFO  server.RaftServerConfigKeys (ConfUtils.java:logGet(43)) - raft.server.storage.dir = [/workdir/hadoop-ozone/integration-test/target/test-dir/MiniOzoneClusterImpl-f2398cfc-f31b-477c-b5a0-70704157f1f0/datanode-3/data/ratis] (custom)
2019-09-24 20:51:32,558 [main] INFO  hdfs.DFSUtil (DFSUtil.java:httpServerTemplateForNNAndJN(1641)) - Starting Web-server for hddsDatanode at: http://0.0.0.0:0
2019-09-24 20:51:32,559 [main] INFO  server.AuthenticationFilter (AuthenticationFilter.java:constructSecretProvider(240)) - Unable to initialize FileSignerSecretProvider, falling back to use random secrets.
2019-09-24 20:51:32,559 [main] WARN  http.HttpRequestLog (HttpRequestLog.java:getRequestLog(97)) - Jetty request log can only be enabled using Log4j
2019-09-24 20:51:32,561 [main] INFO  http.HttpServer2 (HttpServer2.java:addGlobalFilter(975)) - Added global filter 'safety' (class=org.apache.hadoop.http.HttpServer2$QuotingInputFilter)
2019-09-24 20:51:32,561 [main] INFO  http.HttpServer2 (HttpServer2.java:addFilter(948)) - Added filter static_user_filter (class=org.apache.hadoop.http.lib.StaticUserWebFilter$StaticUserFilter) to context hddsDatanode
2019-09-24 20:51:32,562 [main] INFO  http.HttpServer2 (HttpServer2.java:addFilter(958)) - Added filter static_user_filter (class=org.apache.hadoop.http.lib.StaticUserWebFilter$StaticUserFilter) to context logs
2019-09-24 20:51:32,562 [main] INFO  http.HttpServer2 (HttpServer2.java:addFilter(958)) - Added filter static_user_filter (class=org.apache.hadoop.http.lib.StaticUserWebFilter$StaticUserFilter) to context static
2019-09-24 20:51:32,563 [main] INFO  http.HttpServer2 (HttpServer2.java:bindListener(1191)) - Jetty bound to port 45745
2019-09-24 20:51:32,563 [main] INFO  server.Server (Server.java:doStart(351)) - jetty-9.3.25.v20180904, build timestamp: 2018-09-04T21:11:46Z, git hash: 3ce520221d0240229c862b122d2b06c12a625732
2019-09-24 20:51:32,567 [main] INFO  handler.ContextHandler (ContextHandler.java:doStart(781)) - Started o.e.j.s.ServletContextHandler@1a6dc589{/logs,file:///workdir/hadoop-ozone/integration-test/target/log,AVAILABLE}
2019-09-24 20:51:32,567 [main] INFO  handler.ContextHandler (ContextHandler.java:doStart(781)) - Started o.e.j.s.ServletContextHandler@70211df5{/static,jar:file:/home/user/.m2/repository/org/apache/hadoop/hadoop-hdds-container-service/0.5.0-SNAPSHOT/hadoop-hdds-container-service-0.5.0-SNAPSHOT.jar!/webapps/static,AVAILABLE}
2019-09-24 20:51:32,595 [main] INFO  handler.ContextHandler (ContextHandler.java:doStart(781)) - Started o.e.j.w.WebAppContext@5b3bb1f7{/,file:///tmp/jetty-0.0.0.0-45745-hddsDatanode-_-any-3496396206027959627.dir/webapp/,AVAILABLE}{/hddsDatanode}
2019-09-24 20:51:32,596 [main] INFO  server.AbstractConnector (AbstractConnector.java:doStart(278)) - Started ServerConnector@58d6b7b9{HTTP/1.1,[http/1.1]}{0.0.0.0:45745}
2019-09-24 20:51:32,597 [main] INFO  server.Server (Server.java:doStart(419)) - Started @8665ms
2019-09-24 20:51:32,597 [main] WARN  impl.MetricsSystemImpl (MetricsSystemImpl.java:register(276)) - Sink prometheus already exists!
2019-09-24 20:51:32,598 [main] INFO  server.BaseHttpServer (BaseHttpServer.java:updateConnectorAddress(215)) - HTTP server of HDDSDATANODE is listening at http://0.0.0.0:45745
2019-09-24 20:51:32,600 [main] INFO  ozone.MiniOzoneClusterImpl (MiniOzoneClusterImpl.java:lambda$waitForClusterToBeReady$0(147)) - Waiting for cluster to be ready. Got 0 of 4 DN Heartbeats.
2019-09-24 20:51:32,601 [org.apache.hadoop.util.JvmPauseMonitor$Monitor@fbcf8d0] INFO  util.JvmPauseMonitor (JvmPauseMonitor.java:run(188)) - Starting JVM pause monitor
2019-09-24 20:51:32,604 [Datanode State Machine Thread - 0] INFO  datanode.InitDatanodeState (InitDatanodeState.java:persistContainerDatanodeDetails(140)) - DatanodeDetails is persisted to /workdir/hadoop-ozone/integration-test/target/test-dir/MiniOzoneClusterImpl-f2398cfc-f31b-477c-b5a0-70704157f1f0/datanode-3/meta/datanode.id
2019-09-24 20:51:32,756 [Thread-95] INFO  impl.FollowerState (FollowerState.java:run(106)) - da599a4b-cba7-4fb7-8d7e-b316c928eae9:group-C5BA1605619E changes to CANDIDATE, lastRpcTime:1086, electionTimeout:1085ms
2019-09-24 20:51:32,760 [Thread-95] INFO  impl.RoleInfo (RoleInfo.java:shutdownFollowerState(121)) - da599a4b-cba7-4fb7-8d7e-b316c928eae9: shutdown FollowerState
2019-09-24 20:51:32,761 [Thread-95] INFO  impl.RaftServerImpl (RaftServerImpl.java:setRole(174)) - da599a4b-cba7-4fb7-8d7e-b316c928eae9@group-C5BA1605619E: changes role from  FOLLOWER to CANDIDATE at term 0 for changeToCandidate
2019-09-24 20:51:32,765 [Thread-95] INFO  impl.RoleInfo (RoleInfo.java:updateAndGet(143)) - da599a4b-cba7-4fb7-8d7e-b316c928eae9: start LeaderElection
2019-09-24 20:51:32,792 [da599a4b-cba7-4fb7-8d7e-b316c928eae9@group-C5BA1605619E:LeaderElection1] INFO  impl.LeaderElection (LeaderElection.java:askForVotes(182)) - da599a4b-cba7-4fb7-8d7e-b316c928eae9@group-C5BA1605619E:LeaderElection1: begin an election at term 1 for -1: [da599a4b-cba7-4fb7-8d7e-b316c928eae9:localhost:9872], old=null
2019-09-24 20:51:32,794 [da599a4b-cba7-4fb7-8d7e-b316c928eae9@group-C5BA1605619E:LeaderElection1] INFO  impl.RoleInfo (RoleInfo.java:shutdownLeaderElection(134)) - da599a4b-cba7-4fb7-8d7e-b316c928eae9: shutdown LeaderElection
2019-09-24 20:51:32,795 [da599a4b-cba7-4fb7-8d7e-b316c928eae9@group-C5BA1605619E:LeaderElection1] INFO  impl.RaftServerImpl (RaftServerImpl.java:setRole(174)) - da599a4b-cba7-4fb7-8d7e-b316c928eae9@group-C5BA1605619E: changes role from CANDIDATE to LEADER at term 1 for changeToLeader
2019-09-24 20:51:32,795 [da599a4b-cba7-4fb7-8d7e-b316c928eae9@group-C5BA1605619E:LeaderElection1] INFO  impl.RaftServerImpl (ServerState.java:setLeader(253)) - da599a4b-cba7-4fb7-8d7e-b316c928eae9@group-C5BA1605619E: change Leader from null to da599a4b-cba7-4fb7-8d7e-b316c928eae9 at term 1 for becomeLeader, leader elected after 1258ms
2019-09-24 20:51:32,803 [da599a4b-cba7-4fb7-8d7e-b316c928eae9@group-C5BA1605619E:LeaderElection1] INFO  server.RaftServerConfigKeys (ConfUtils.java:logGet(43)) - raft.server.staging.catchup.gap = 1000 (default)
2019-09-24 20:51:32,804 [da599a4b-cba7-4fb7-8d7e-b316c928eae9@group-C5BA1605619E:LeaderElection1] INFO  server.RaftServerConfigKeys (ConfUtils.java:logGet(43)) - raft.server.rpc.sleep.time = 25ms (default)
2019-09-24 20:51:32,807 [da599a4b-cba7-4fb7-8d7e-b316c928eae9@group-C5BA1605619E:LeaderElection1] INFO  server.RaftServerConfigKeys (ConfUtils.java:logGet(43)) - raft.server.write.element-limit = 4096 (default)
2019-09-24 20:51:32,809 [da599a4b-cba7-4fb7-8d7e-b316c928eae9@group-C5BA1605619E:LeaderElection1] INFO  server.RaftServerConfigKeys (ConfUtils.java:logGet(43)) - raft.server.watch.timeout = 10s (default)
2019-09-24 20:51:32,809 [da599a4b-cba7-4fb7-8d7e-b316c928eae9@group-C5BA1605619E:LeaderElection1] INFO  server.RaftServerConfigKeys (ConfUtils.java:logGet(43)) - raft.server.watch.timeout.denomination = 1s (default)
2019-09-24 20:51:32,810 [da599a4b-cba7-4fb7-8d7e-b316c928eae9@group-C5BA1605619E:LeaderElection1] INFO  server.RaftServerConfigKeys (ConfUtils.java:logGet(43)) - raft.server.watch.element-limit = 65536 (default)
2019-09-24 20:51:32,843 [da599a4b-cba7-4fb7-8d7e-b316c928eae9@group-C5BA1605619E:LeaderElection1] INFO  impl.RoleInfo (RoleInfo.java:updateAndGet(143)) - da599a4b-cba7-4fb7-8d7e-b316c928eae9: start LeaderState
2019-09-24 20:51:32,871 [da599a4b-cba7-4fb7-8d7e-b316c928eae9@group-C5BA1605619E:LeaderElection1] INFO  segmented.SegmentedRaftLogWorker (SegmentedRaftLogWorker.java:startLogSegment(380)) - da599a4b-cba7-4fb7-8d7e-b316c928eae9@group-C5BA1605619E-SegmentedRaftLogWorker: Starting segment from index:0
2019-09-24 20:51:32,896 [da599a4b-cba7-4fb7-8d7e-b316c928eae9@group-C5BA1605619E:LeaderElection1] INFO  impl.RaftServerImpl (ServerState.java:setRaftConf(354)) - da599a4b-cba7-4fb7-8d7e-b316c928eae9@group-C5BA1605619E: set configuration 0: [da599a4b-cba7-4fb7-8d7e-b316c928eae9:localhost:9872], old=null at 0
2019-09-24 20:51:33,050 [da599a4b-cba7-4fb7-8d7e-b316c928eae9@group-C5BA1605619E-SegmentedRaftLogWorker] INFO  segmented.SegmentedRaftLogWorker (SegmentedRaftLogWorker.java:execute(569)) - da599a4b-cba7-4fb7-8d7e-b316c928eae9@group-C5BA1605619E-SegmentedRaftLogWorker: created new log segment /workdir/hadoop-ozone/integration-test/target/test-dir/MiniOzoneClusterImpl-f2398cfc-f31b-477c-b5a0-70704157f1f0/ozone-meta/ratis/bf265839-605b-3f16-9796-c5ba1605619e/current/log_inprogress_0
2019-09-24 20:51:33,600 [main] INFO  ozone.MiniOzoneClusterImpl (MiniOzoneClusterImpl.java:lambda$waitForClusterToBeReady$0(147)) - Waiting for cluster to be ready. Got 0 of 4 DN Heartbeats.
2019-09-24 20:51:34,422 [Datanode State Machine Thread - 0] INFO  ozoneimpl.OzoneContainer (OzoneContainer.java:start(217)) - Attempting to start container services.
2019-09-24 20:51:34,424 [Datanode State Machine Thread - 0] INFO  ozoneimpl.OzoneContainer (OzoneContainer.java:startContainerScrub(179)) - Background container scanner has been disabled.
2019-09-24 20:51:34,424 [Datanode State Machine Thread - 0] INFO  ratis.XceiverServerRatis (XceiverServerRatis.java:start(411)) - Starting XceiverServerRatis e971f57d-41f6-4acd-bb8d-b972efa48652 at port 0
2019-09-24 20:51:34,432 [Datanode State Machine Thread - 0] INFO  impl.RaftServerProxy (RaftServerProxy.java:lambda$start$3(299)) - e971f57d-41f6-4acd-bb8d-b972efa48652: start RPC server
2019-09-24 20:51:34,436 [Datanode State Machine Thread - 0] INFO  server.GrpcService (GrpcService.java:startImpl(158)) - e971f57d-41f6-4acd-bb8d-b972efa48652: GrpcService started, listening on 0.0.0.0/0.0.0.0:33127
2019-09-24 20:51:34,436 [Datanode State Machine Thread - 0] INFO  ratis.XceiverServerRatis (XceiverServerRatis.java:start(421)) - XceiverServerRatis e971f57d-41f6-4acd-bb8d-b972efa48652 is started using port 33127
2019-09-24 20:51:34,439 [Datanode State Machine Thread - 0] INFO  server.XceiverServerGrpc (XceiverServerGrpc.java:start(149)) - XceiverServerGrpc e971f57d-41f6-4acd-bb8d-b972efa48652 is started using port 37846
2019-09-24 20:51:34,483 [Datanode State Machine Thread - 0] INFO  ozoneimpl.OzoneContainer (OzoneContainer.java:start(217)) - Attempting to start container services.
2019-09-24 20:51:34,489 [Datanode State Machine Thread - 0] INFO  ozoneimpl.OzoneContainer (OzoneContainer.java:startContainerScrub(179)) - Background container scanner has been disabled.
2019-09-24 20:51:34,489 [Datanode State Machine Thread - 0] INFO  ratis.XceiverServerRatis (XceiverServerRatis.java:start(411)) - Starting XceiverServerRatis 473b372b-aa71-4132-b827-1ca7d656aace at port 0
2019-09-24 20:51:34,495 [Datanode State Machine Thread - 0] INFO  impl.RaftServerProxy (RaftServerProxy.java:lambda$start$3(299)) - 473b372b-aa71-4132-b827-1ca7d656aace: start RPC server
2019-09-24 20:51:34,497 [Datanode State Machine Thread - 0] INFO  server.GrpcService (GrpcService.java:startImpl(158)) - 473b372b-aa71-4132-b827-1ca7d656aace: GrpcService started, listening on 0.0.0.0/0.0.0.0:42963
2019-09-24 20:51:34,497 [Datanode State Machine Thread - 0] INFO  ratis.XceiverServerRatis (XceiverServerRatis.java:start(421)) - XceiverServerRatis 473b372b-aa71-4132-b827-1ca7d656aace is started using port 42963
2019-09-24 20:51:34,499 [Datanode State Machine Thread - 0] INFO  server.XceiverServerGrpc (XceiverServerGrpc.java:start(149)) - XceiverServerGrpc 473b372b-aa71-4132-b827-1ca7d656aace is started using port 43178
2019-09-24 20:51:34,586 [Datanode State Machine Thread - 0] INFO  ozoneimpl.OzoneContainer (OzoneContainer.java:start(217)) - Attempting to start container services.
2019-09-24 20:51:34,588 [Datanode State Machine Thread - 0] INFO  ozoneimpl.OzoneContainer (OzoneContainer.java:startContainerScrub(179)) - Background container scanner has been disabled.
2019-09-24 20:51:34,589 [Datanode State Machine Thread - 0] INFO  ratis.XceiverServerRatis (XceiverServerRatis.java:start(411)) - Starting XceiverServerRatis 53ac8eaa-d5bb-424d-a69e-4b40bc10c29e at port 0
2019-09-24 20:51:34,596 [Datanode State Machine Thread - 0] INFO  impl.RaftServerProxy (RaftServerProxy.java:lambda$start$3(299)) - 53ac8eaa-d5bb-424d-a69e-4b40bc10c29e: start RPC server
2019-09-24 20:51:34,601 [main] INFO  ozone.MiniOzoneClusterImpl (MiniOzoneClusterImpl.java:lambda$waitForClusterToBeReady$0(147)) - Waiting for cluster to be ready. Got 0 of 4 DN Heartbeats.
2019-09-24 20:51:34,601 [Datanode State Machine Thread - 0] INFO  server.GrpcService (GrpcService.java:startImpl(158)) - 53ac8eaa-d5bb-424d-a69e-4b40bc10c29e: GrpcService started, listening on 0.0.0.0/0.0.0.0:34604
2019-09-24 20:51:34,601 [Datanode State Machine Thread - 0] INFO  ratis.XceiverServerRatis (XceiverServerRatis.java:start(421)) - XceiverServerRatis 53ac8eaa-d5bb-424d-a69e-4b40bc10c29e is started using port 34604
2019-09-24 20:51:34,606 [Datanode State Machine Thread - 0] INFO  server.XceiverServerGrpc (XceiverServerGrpc.java:start(149)) - XceiverServerGrpc 53ac8eaa-d5bb-424d-a69e-4b40bc10c29e is started using port 46265
2019-09-24 20:51:34,630 [Datanode State Machine Thread - 0] INFO  ozoneimpl.OzoneContainer (OzoneContainer.java:start(217)) - Attempting to start container services.
2019-09-24 20:51:34,633 [Datanode State Machine Thread - 0] INFO  ozoneimpl.OzoneContainer (OzoneContainer.java:startContainerScrub(179)) - Background container scanner has been disabled.
2019-09-24 20:51:34,633 [Datanode State Machine Thread - 0] INFO  ratis.XceiverServerRatis (XceiverServerRatis.java:start(411)) - Starting XceiverServerRatis e35b1415-f60e-401b-8467-6059dde00d22 at port 0
2019-09-24 20:51:34,640 [Datanode State Machine Thread - 0] INFO  impl.RaftServerProxy (RaftServerProxy.java:lambda$start$3(299)) - e35b1415-f60e-401b-8467-6059dde00d22: start RPC server
2019-09-24 20:51:34,643 [Datanode State Machine Thread - 0] INFO  server.GrpcService (GrpcService.java:startImpl(158)) - e35b1415-f60e-401b-8467-6059dde00d22: GrpcService started, listening on 0.0.0.0/0.0.0.0:43571
2019-09-24 20:51:34,643 [Datanode State Machine Thread - 0] INFO  ratis.XceiverServerRatis (XceiverServerRatis.java:start(421)) - XceiverServerRatis e35b1415-f60e-401b-8467-6059dde00d22 is started using port 43571
2019-09-24 20:51:34,645 [Datanode State Machine Thread - 0] INFO  server.XceiverServerGrpc (XceiverServerGrpc.java:start(149)) - XceiverServerGrpc e35b1415-f60e-401b-8467-6059dde00d22 is started using port 44734
2019-09-24 20:51:35,601 [main] INFO  ozone.MiniOzoneClusterImpl (MiniOzoneClusterImpl.java:lambda$waitForClusterToBeReady$0(147)) - Waiting for cluster to be ready. Got 0 of 4 DN Heartbeats.
2019-09-24 20:51:36,399 [IPC Server handler 1 on 44907] INFO  net.NetworkTopology (NetworkTopologyImpl.java:add(111)) - Added a new node: /rack1/e971f57d-41f6-4acd-bb8d-b972efa48652
2019-09-24 20:51:36,400 [IPC Server handler 1 on 44907] INFO  node.SCMNodeManager (SCMNodeManager.java:register(266)) - Registered Data node : e971f57d-41f6-4acd-bb8d-b972efa48652{ip: 192.168.151.77, host: pr-hdds-2149-mjjcq-3576968246, networkLocation: /rack1, certSerialId: null}
2019-09-24 20:51:36,405 [EventQueue-NodeRegistrationContainerReportForDataNodeSafeModeRule] INFO  safemode.SCMSafeModeManager (DataNodeSafeModeRule.java:process(71)) - SCM in safe mode. 1 DataNodes registered, 1 required.
2019-09-24 20:51:36,405 [EventQueue-NodeRegistrationContainerReportForDataNodeSafeModeRule] INFO  safemode.SCMSafeModeManager (SCMSafeModeManager.java:validateSafeModeExitRules(177)) - ScmSafeModeManager, all rules are successfully validated
2019-09-24 20:51:36,405 [EventQueue-NodeRegistrationContainerReportForDataNodeSafeModeRule] INFO  safemode.SCMSafeModeManager (SCMSafeModeManager.java:exitSafeMode(193)) - SCM exiting safe mode.
2019-09-24 20:51:36,466 [IPC Server handler 2 on 44907] INFO  net.NetworkTopology (NetworkTopologyImpl.java:add(111)) - Added a new node: /rack1/473b372b-aa71-4132-b827-1ca7d656aace
2019-09-24 20:51:36,467 [IPC Server handler 2 on 44907] INFO  node.SCMNodeManager (SCMNodeManager.java:register(266)) - Registered Data node : 473b372b-aa71-4132-b827-1ca7d656aace{ip: 192.168.151.77, host: pr-hdds-2149-mjjcq-3576968246, networkLocation: /rack1, certSerialId: null}
2019-09-24 20:51:36,534 [IPC Server handler 3 on 44907] INFO  net.NetworkTopology (NetworkTopologyImpl.java:add(111)) - Added a new node: /rack1/53ac8eaa-d5bb-424d-a69e-4b40bc10c29e
2019-09-24 20:51:36,535 [IPC Server handler 3 on 44907] INFO  node.SCMNodeManager (SCMNodeManager.java:register(266)) - Registered Data node : 53ac8eaa-d5bb-424d-a69e-4b40bc10c29e{ip: 192.168.151.77, host: pr-hdds-2149-mjjcq-3576968246, networkLocation: /rack1, certSerialId: null}
2019-09-24 20:51:36,602 [main] INFO  ozone.MiniOzoneClusterImpl (MiniOzoneClusterImpl.java:lambda$waitForClusterToBeReady$0(147)) - Waiting for cluster to be ready. Got 3 of 4 DN Heartbeats.
2019-09-24 20:51:36,604 [IPC Server handler 4 on 44907] INFO  net.NetworkTopology (NetworkTopologyImpl.java:add(111)) - Added a new node: /rack1/e35b1415-f60e-401b-8467-6059dde00d22
2019-09-24 20:51:36,604 [IPC Server handler 4 on 44907] INFO  node.SCMNodeManager (SCMNodeManager.java:register(266)) - Registered Data node : e35b1415-f60e-401b-8467-6059dde00d22{ip: 192.168.151.77, host: pr-hdds-2149-mjjcq-3576968246, networkLocation: /rack1, certSerialId: null}
2019-09-24 20:51:36,933 [grpc-default-executor-0] INFO  impl.RaftServerProxy (RaftServerProxy.java:addNew(89)) - e971f57d-41f6-4acd-bb8d-b972efa48652: addNew group-46B778955078:[e971f57d-41f6-4acd-bb8d-b972efa48652:192.168.151.77:33127] returns group-46B778955078:java.util.concurrent.CompletableFuture@611c46e4[Not completed]
2019-09-24 20:51:36,944 [pool-32-thread-1] INFO  impl.RaftServerImpl (RaftServerImpl.java:<init>(95)) - e971f57d-41f6-4acd-bb8d-b972efa48652: new RaftServerImpl for group-46B778955078:[e971f57d-41f6-4acd-bb8d-b972efa48652:192.168.151.77:33127] with ContainerStateMachine:uninitialized
2019-09-24 20:51:36,945 [pool-32-thread-1] INFO  server.RaftServerConfigKeys (ConfUtils.java:logGet(43)) - raft.server.rpc.timeout.min = 5s (custom)
2019-09-24 20:51:36,946 [pool-32-thread-1] INFO  server.RaftServerConfigKeys (ConfUtils.java:logGet(43)) - raft.server.rpc.timeout.max = 5200ms (custom)
2019-09-24 20:51:36,946 [pool-32-thread-1] INFO  server.RaftServerConfigKeys (ConfUtils.java:logGet(43)) - raft.server.rpcslowness.timeout = 120s (custom)
2019-09-24 20:51:36,946 [pool-32-thread-1] INFO  server.RaftServerConfigKeys (ConfUtils.java:logGet(43)) - raft.server.sleep.deviation.threshold = 300 (default)
2019-09-24 20:51:36,946 [pool-32-thread-1] INFO  server.RaftServerConfigKeys (ConfUtils.java:logGet(43)) - raft.server.log.appender.install.snapshot.enabled = false (custom)
2019-09-24 20:51:36,947 [pool-32-thread-1] INFO  impl.RaftServerImpl (ServerState.java:<init>(103)) - e971f57d-41f6-4acd-bb8d-b972efa48652@group-46B778955078: ConfigurationManager, init=-1: [e971f57d-41f6-4acd-bb8d-b972efa48652:192.168.151.77:33127], old=null, confs=<EMPTY_MAP>
2019-09-24 20:51:36,947 [pool-32-thread-1] INFO  server.RaftServerConfigKeys (ConfUtils.java:logGet(43)) - raft.server.storage.dir = [/workdir/hadoop-ozone/integration-test/target/test-dir/MiniOzoneClusterImpl-f2398cfc-f31b-477c-b5a0-70704157f1f0/datanode-0/data/ratis] (custom)
2019-09-24 20:51:36,947 [pool-32-thread-1] INFO  storage.RaftStorageDirectory (RaftStorageDirectory.java:analyzeStorage(246)) - The storage directory /workdir/hadoop-ozone/integration-test/target/test-dir/MiniOzoneClusterImpl-f2398cfc-f31b-477c-b5a0-70704157f1f0/datanode-0/data/ratis/26db3492-d141-41a5-b7fe-46b778955078 does not exist. Creating ...
2019-09-24 20:51:37,602 [main] INFO  ozone.MiniOzoneClusterImpl (MiniOzoneClusterImpl.java:lambda$waitForClusterToBeReady$0(147)) - Cluster is ready. Got 4 of 4 DN Heartbeats.
2019-09-24 20:51:37,863 [pool-32-thread-1] INFO  storage.RaftStorageDirectory (RaftStorageDirectory.java:tryLock(328)) - Lock on /workdir/hadoop-ozone/integration-test/target/test-dir/MiniOzoneClusterImpl-f2398cfc-f31b-477c-b5a0-70704157f1f0/datanode-0/data/ratis/26db3492-d141-41a5-b7fe-46b778955078/in_use.lock acquired by nodename 28770@pr-hdds-2149-mjjcq-3576968246
2019-09-24 20:51:38,237 [Thread-202] INFO  rpc.RpcClient (RpcClient.java:createVolume(276)) - Creating Volume: f07a8176-fae0-4241-b5d0-fa655cee8ab8, with jenkins1000 as owner.
2019-09-24 20:51:38,578 [pool-32-thread-1] INFO  storage.RaftStorage (RaftStorage.java:format(72)) - Storage directory /workdir/hadoop-ozone/integration-test/target/test-dir/MiniOzoneClusterImpl-f2398cfc-f31b-477c-b5a0-70704157f1f0/datanode-0/data/ratis/26db3492-d141-41a5-b7fe-46b778955078 has been successfully formatted.
2019-09-24 20:51:38,579 [pool-32-thread-1] INFO  ratis.ContainerStateMachine (ContainerStateMachine.java:loadSnapshot(230)) - group-46B778955078: The snapshot info is null. Setting the last applied indexto:(t:0, i:~)
2019-09-24 20:51:38,580 [pool-32-thread-1] INFO  server.RaftServerConfigKeys (ConfUtils.java:logGet(43)) - raft.server.notification.no-leader.timeout = 120s (custom)
2019-09-24 20:51:38,580 [pool-32-thread-1] INFO  server.RaftServerConfigKeys (ConfUtils.java:logGet(43)) - raft.server.log.use.memory = false (default)
2019-09-24 20:51:38,580 [pool-32-thread-1] INFO  server.RaftServerConfigKeys (ConfUtils.java:logGet(43)) - raft.server.log.purge.gap = 1000000 (custom)
2019-09-24 20:51:38,580 [pool-32-thread-1] INFO  server.RaftServerConfigKeys (ConfUtils.java:logGet(43)) - raft.server.log.appender.buffer.byte-limit = 33554432 (custom)
2019-09-24 20:51:38,580 [pool-32-thread-1] INFO  server.RaftServerConfigKeys (ConfUtils.java:logGet(43)) - raft.server.log.segment.size.max = 1048576 (custom)
2019-09-24 20:51:38,580 [pool-32-thread-1] INFO  server.RaftServerConfigKeys (ConfUtils.java:logGet(43)) - raft.server.log.segment.cache.num.max = 2 (custom)
2019-09-24 20:51:38,581 [pool-32-thread-1] INFO  segmented.SegmentedRaftLogWorker (SegmentedRaftLogWorker.java:<init>(172)) - new e971f57d-41f6-4acd-bb8d-b972efa48652@group-46B778955078-SegmentedRaftLogWorker for RaftStorage:Storage Directory /workdir/hadoop-ozone/integration-test/target/test-dir/MiniOzoneClusterImpl-f2398cfc-f31b-477c-b5a0-70704157f1f0/datanode-0/data/ratis/26db3492-d141-41a5-b7fe-46b778955078
2019-09-24 20:51:38,603 [pool-32-thread-1] INFO  server.RaftServerConfigKeys (ConfUtils.java:logGet(43)) - raft.server.log.queue.byte-limit = 2147483647 (custom)
2019-09-24 20:51:38,603 [pool-32-thread-1] INFO  server.RaftServerConfigKeys (ConfUtils.java:logGet(43)) - raft.server.log.queue.element-limit = 1024 (custom)
2019-09-24 20:51:38,604 [pool-32-thread-1] INFO  server.RaftServerConfigKeys (ConfUtils.java:logGet(43)) - raft.server.log.segment.size.max = 1048576 (custom)
2019-09-24 20:51:38,604 [pool-32-thread-1] INFO  server.RaftServerConfigKeys (ConfUtils.java:logGet(43)) - raft.server.log.preallocated.size = 16384 (custom)
2019-09-24 20:51:38,604 [pool-32-thread-1] INFO  server.RaftServerConfigKeys (ConfUtils.java:logGet(43)) - raft.server.log.write.buffer.size = 33554432 (custom)
2019-09-24 20:51:38,604 [pool-32-thread-1] INFO  server.RaftServerConfigKeys (ConfUtils.java:logGet(43)) - raft.server.log.force.sync.num = 128 (default)
2019-09-24 20:51:38,604 [pool-32-thread-1] INFO  server.RaftServerConfigKeys (ConfUtils.java:logGet(43)) - raft.server.log.statemachine.data.sync = true (default)
2019-09-24 20:51:38,604 [pool-32-thread-1] INFO  server.RaftServerConfigKeys (ConfUtils.java:logGet(43)) - raft.server.log.statemachine.data.sync.timeout = 10s (default)
2019-09-24 20:51:38,606 [pool-32-thread-1] INFO  server.RaftServerConfigKeys (ConfUtils.java:logGet(43)) - raft.server.log.statemachine.data.sync.timeout.retry = -1 (default)
2019-09-24 20:51:38,607 [pool-32-thread-1] INFO  server.RaftServerConfigKeys (ConfUtils.java:logGet(43)) - raft.server.log.statemachine.data.caching.enabled = true (custom)
2019-09-24 20:51:38,612 [pool-32-thread-1] INFO  segmented.SegmentedRaftLogWorker (SegmentedRaftLogWorker.java:lambda$new$0(132)) - e971f57d-41f6-4acd-bb8d-b972efa48652@group-46B778955078-SegmentedRaftLogWorker: flushIndex: setUnconditionally 0 -> -1
2019-09-24 20:51:38,613 [pool-32-thread-1] INFO  server.RaftServerConfigKeys (ConfUtils.java:logGet(43)) - raft.server.snapshot.auto.trigger.enabled = true (custom)
2019-09-24 20:51:38,615 [pool-32-thread-1] INFO  server.RaftServerConfigKeys (ConfUtils.java:logGet(43)) - raft.server.snapshot.auto.trigger.threshold = 10000 (custom)
2019-09-24 20:51:38,615 [pool-32-thread-1] INFO  server.RaftServerConfigKeys (ConfUtils.java:logGet(43)) - raft.server.snapshot.retention.num.files = 5 (custom)
2019-09-24 20:51:38,628 [pool-32-thread-1] INFO  server.RaftServerConfigKeys (ConfUtils.java:logGet(43)) - raft.server.retrycache.expirytime = 600000ms (custom)
2019-09-24 20:51:38,638 [pool-32-thread-1] INFO  impl.RaftServerImpl (RaftServerImpl.java:start(185)) - e971f57d-41f6-4acd-bb8d-b972efa48652@group-46B778955078: start as a follower, conf=-1: [e971f57d-41f6-4acd-bb8d-b972efa48652:192.168.151.77:33127], old=null
2019-09-24 20:51:38,638 [pool-32-thread-1] INFO  impl.RaftServerImpl (RaftServerImpl.java:setRole(174)) - e971f57d-41f6-4acd-bb8d-b972efa48652@group-46B778955078: changes role from      null to FOLLOWER at term 0 for startAsFollower
2019-09-24 20:51:38,639 [pool-32-thread-1] INFO  impl.RoleInfo (RoleInfo.java:updateAndGet(143)) - e971f57d-41f6-4acd-bb8d-b972efa48652: start FollowerState
2019-09-24 20:51:38,639 [pool-32-thread-1] INFO  util.JmxRegister (JmxRegister.java:tryRegister(44)) - Successfully registered JMX Bean with object name Ratis:service=RaftServer,group=group-46B778955078,id=e971f57d-41f6-4acd-bb8d-b972efa48652
2019-09-24 20:51:38,682 [RatisPipelineUtilsThread] INFO  pipeline.PipelineStateManager (PipelineStateManager.java:addPipeline(56)) - Created pipeline Pipeline[ Id: 26db3492-d141-41a5-b7fe-46b778955078, Nodes: e971f57d-41f6-4acd-bb8d-b972efa48652{ip: 192.168.151.77, host: pr-hdds-2149-mjjcq-3576968246, networkLocation: /rack1, certSerialId: null}, Type:RATIS, Factor:ONE, State:OPEN]
2019-09-24 20:51:38,701 [grpc-default-executor-0] INFO  impl.RaftServerProxy (RaftServerProxy.java:addNew(89)) - 53ac8eaa-d5bb-424d-a69e-4b40bc10c29e: addNew group-C1469BA574C2:[53ac8eaa-d5bb-424d-a69e-4b40bc10c29e:192.168.151.77:34604] returns group-C1469BA574C2:java.util.concurrent.CompletableFuture@3c1fc6fe[Not completed]
2019-09-24 20:51:38,711 [pool-52-thread-1] INFO  impl.RaftServerImpl (RaftServerImpl.java:<init>(95)) - 53ac8eaa-d5bb-424d-a69e-4b40bc10c29e: new RaftServerImpl for group-C1469BA574C2:[53ac8eaa-d5bb-424d-a69e-4b40bc10c29e:192.168.151.77:34604] with ContainerStateMachine:uninitialized
2019-09-24 20:51:38,714 [pool-52-thread-1] INFO  server.RaftServerConfigKeys (ConfUtils.java:logGet(43)) - raft.server.rpc.timeout.min = 5s (custom)
2019-09-24 20:51:38,715 [pool-52-thread-1] INFO  server.RaftServerConfigKeys (ConfUtils.java:logGet(43)) - raft.server.rpc.timeout.max = 5200ms (custom)
2019-09-24 20:51:38,715 [pool-52-thread-1] INFO  server.RaftServerConfigKeys (ConfUtils.java:logGet(43)) - raft.server.rpcslowness.timeout = 120s (custom)
2019-09-24 20:51:38,715 [pool-52-thread-1] INFO  server.RaftServerConfigKeys (ConfUtils.java:logGet(43)) - raft.server.sleep.deviation.threshold = 300 (default)
2019-09-24 20:51:38,715 [pool-52-thread-1] INFO  server.RaftServerConfigKeys (ConfUtils.java:logGet(43)) - raft.server.log.appender.install.snapshot.enabled = false (custom)
2019-09-24 20:51:38,715 [pool-52-thread-1] INFO  impl.RaftServerImpl (ServerState.java:<init>(103)) - 53ac8eaa-d5bb-424d-a69e-4b40bc10c29e@group-C1469BA574C2: ConfigurationManager, init=-1: [53ac8eaa-d5bb-424d-a69e-4b40bc10c29e:192.168.151.77:34604], old=null, confs=<EMPTY_MAP>
2019-09-24 20:51:38,715 [pool-52-thread-1] INFO  server.RaftServerConfigKeys (ConfUtils.java:logGet(43)) - raft.server.storage.dir = [/workdir/hadoop-ozone/integration-test/target/test-dir/MiniOzoneClusterImpl-f2398cfc-f31b-477c-b5a0-70704157f1f0/datanode-2/data/ratis] (custom)
2019-09-24 20:51:38,716 [pool-52-thread-1] INFO  storage.RaftStorageDirectory (RaftStorageDirectory.java:analyzeStorage(246)) - The storage directory /workdir/hadoop-ozone/integration-test/target/test-dir/MiniOzoneClusterImpl-f2398cfc-f31b-477c-b5a0-70704157f1f0/datanode-2/data/ratis/c469fe21-df42-41c5-8130-c1469ba574c2 does not exist. Creating ...
2019-09-24 20:51:38,718 [OM StateMachine ApplyTransaction Thread - 0] INFO  volume.OMVolumeCreateRequest (OMVolumeCreateRequest.java:validateAndUpdateCache(189)) - created volume:f07a8176-fae0-4241-b5d0-fa655cee8ab8 for user:jenkins1000
2019-09-24 20:51:38,733 [Thread-202] INFO  rpc.RpcClient (RpcClient.java:createBucket(415)) - Creating Bucket: f07a8176-fae0-4241-b5d0-fa655cee8ab8/0cdedfb8-b9a4-410f-b7b4-c60a8c2ba6fc, with Versioning false and Storage Type set to DISK and Encryption set to false 
2019-09-24 20:51:38,736 [pool-52-thread-1] INFO  storage.RaftStorageDirectory (RaftStorageDirectory.java:tryLock(328)) - Lock on /workdir/hadoop-ozone/integration-test/target/test-dir/MiniOzoneClusterImpl-f2398cfc-f31b-477c-b5a0-70704157f1f0/datanode-2/data/ratis/c469fe21-df42-41c5-8130-c1469ba574c2/in_use.lock acquired by nodename 28770@pr-hdds-2149-mjjcq-3576968246
2019-09-24 20:51:38,761 [pool-52-thread-1] INFO  storage.RaftStorage (RaftStorage.java:format(72)) - Storage directory /workdir/hadoop-ozone/integration-test/target/test-dir/MiniOzoneClusterImpl-f2398cfc-f31b-477c-b5a0-70704157f1f0/datanode-2/data/ratis/c469fe21-df42-41c5-8130-c1469ba574c2 has been successfully formatted.
2019-09-24 20:51:38,761 [pool-52-thread-1] INFO  ratis.ContainerStateMachine (ContainerStateMachine.java:loadSnapshot(230)) - group-C1469BA574C2: The snapshot info is null. Setting the last applied indexto:(t:0, i:~)
2019-09-24 20:51:38,763 [pool-52-thread-1] INFO  server.RaftServerConfigKeys (ConfUtils.java:logGet(43)) - raft.server.notification.no-leader.timeout = 120s (custom)
2019-09-24 20:51:38,763 [pool-52-thread-1] INFO  server.RaftServerConfigKeys (ConfUtils.java:logGet(43)) - raft.server.log.use.memory = false (default)
2019-09-24 20:51:38,763 [pool-52-thread-1] INFO  server.RaftServerConfigKeys (ConfUtils.java:logGet(43)) - raft.server.log.purge.gap = 1000000 (custom)
2019-09-24 20:51:38,764 [pool-52-thread-1] INFO  server.RaftServerConfigKeys (ConfUtils.java:logGet(43)) - raft.server.log.appender.buffer.byte-limit = 33554432 (custom)
2019-09-24 20:51:38,764 [pool-52-thread-1] INFO  server.RaftServerConfigKeys (ConfUtils.java:logGet(43)) - raft.server.log.segment.size.max = 1048576 (custom)
2019-09-24 20:51:38,764 [pool-52-thread-1] INFO  server.RaftServerConfigKeys (ConfUtils.java:logGet(43)) - raft.server.log.segment.cache.num.max = 2 (custom)
2019-09-24 20:51:38,764 [pool-52-thread-1] INFO  segmented.SegmentedRaftLogWorker (SegmentedRaftLogWorker.java:<init>(172)) - new 53ac8eaa-d5bb-424d-a69e-4b40bc10c29e@group-C1469BA574C2-SegmentedRaftLogWorker for RaftStorage:Storage Directory /workdir/hadoop-ozone/integration-test/target/test-dir/MiniOzoneClusterImpl-f2398cfc-f31b-477c-b5a0-70704157f1f0/datanode-2/data/ratis/c469fe21-df42-41c5-8130-c1469ba574c2
2019-09-24 20:51:38,767 [pool-52-thread-1] INFO  server.RaftServerConfigKeys (ConfUtils.java:logGet(43)) - raft.server.log.queue.byte-limit = 2147483647 (custom)
2019-09-24 20:51:38,767 [pool-52-thread-1] INFO  server.RaftServerConfigKeys (ConfUtils.java:logGet(43)) - raft.server.log.queue.element-limit = 1024 (custom)
2019-09-24 20:51:38,767 [pool-52-thread-1] INFO  server.RaftServerConfigKeys (ConfUtils.java:logGet(43)) - raft.server.log.segment.size.max = 1048576 (custom)
2019-09-24 20:51:38,768 [pool-52-thread-1] INFO  server.RaftServerConfigKeys (ConfUtils.java:logGet(43)) - raft.server.log.preallocated.size = 16384 (custom)
2019-09-24 20:51:38,768 [pool-52-thread-1] INFO  server.RaftServerConfigKeys (ConfUtils.java:logGet(43)) - raft.server.log.write.buffer.size = 33554432 (custom)
2019-09-24 20:51:38,768 [pool-52-thread-1] INFO  server.RaftServerConfigKeys (ConfUtils.java:logGet(43)) - raft.server.log.force.sync.num = 128 (default)
2019-09-24 20:51:38,768 [pool-52-thread-1] INFO  server.RaftServerConfigKeys (ConfUtils.java:logGet(43)) - raft.server.log.statemachine.data.sync = true (default)
2019-09-24 20:51:38,768 [pool-52-thread-1] INFO  server.RaftServerConfigKeys (ConfUtils.java:logGet(43)) - raft.server.log.statemachine.data.sync.timeout = 10s (default)
2019-09-24 20:51:38,768 [pool-52-thread-1] INFO  server.RaftServerConfigKeys (ConfUtils.java:logGet(43)) - raft.server.log.statemachine.data.sync.timeout.retry = -1 (default)
2019-09-24 20:51:38,768 [pool-52-thread-1] INFO  server.RaftServerConfigKeys (ConfUtils.java:logGet(43)) - raft.server.log.statemachine.data.caching.enabled = true (custom)
2019-09-24 20:51:38,769 [pool-52-thread-1] INFO  segmented.SegmentedRaftLogWorker (SegmentedRaftLogWorker.java:lambda$new$0(132)) - 53ac8eaa-d5bb-424d-a69e-4b40bc10c29e@group-C1469BA574C2-SegmentedRaftLogWorker: flushIndex: setUnconditionally 0 -> -1
2019-09-24 20:51:38,769 [pool-52-thread-1] INFO  server.RaftServerConfigKeys (ConfUtils.java:logGet(43)) - raft.server.snapshot.auto.trigger.enabled = true (custom)
2019-09-24 20:51:38,769 [pool-52-thread-1] INFO  server.RaftServerConfigKeys (ConfUtils.java:logGet(43)) - raft.server.snapshot.auto.trigger.threshold = 10000 (custom)
2019-09-24 20:51:38,769 [pool-52-thread-1] INFO  server.RaftServerConfigKeys (ConfUtils.java:logGet(43)) - raft.server.snapshot.retention.num.files = 5 (custom)
2019-09-24 20:51:38,769 [pool-52-thread-1] INFO  server.RaftServerConfigKeys (ConfUtils.java:logGet(43)) - raft.server.retrycache.expirytime = 600000ms (custom)
2019-09-24 20:51:38,774 [pool-52-thread-1] INFO  impl.RaftServerImpl (RaftServerImpl.java:start(185)) - 53ac8eaa-d5bb-424d-a69e-4b40bc10c29e@group-C1469BA574C2: start as a follower, conf=-1: [53ac8eaa-d5bb-424d-a69e-4b40bc10c29e:192.168.151.77:34604], old=null
2019-09-24 20:51:38,774 [pool-52-thread-1] INFO  impl.RaftServerImpl (RaftServerImpl.java:setRole(174)) - 53ac8eaa-d5bb-424d-a69e-4b40bc10c29e@group-C1469BA574C2: changes role from      null to FOLLOWER at term 0 for startAsFollower
2019-09-24 20:51:38,774 [pool-52-thread-1] INFO  impl.RoleInfo (RoleInfo.java:updateAndGet(143)) - 53ac8eaa-d5bb-424d-a69e-4b40bc10c29e: start FollowerState
2019-09-24 20:51:38,774 [pool-52-thread-1] INFO  util.JmxRegister (JmxRegister.java:tryRegister(44)) - Successfully registered JMX Bean with object name Ratis:service=RaftServer,group=group-C1469BA574C2,id=53ac8eaa-d5bb-424d-a69e-4b40bc10c29e
2019-09-24 20:51:38,784 [RatisPipelineUtilsThread] INFO  pipeline.PipelineStateManager (PipelineStateManager.java:addPipeline(56)) - Created pipeline Pipeline[ Id: c469fe21-df42-41c5-8130-c1469ba574c2, Nodes: 53ac8eaa-d5bb-424d-a69e-4b40bc10c29e{ip: 192.168.151.77, host: pr-hdds-2149-mjjcq-3576968246, networkLocation: /rack1, certSerialId: null}, Type:RATIS, Factor:ONE, State:OPEN]
2019-09-24 20:51:38,810 [grpc-default-executor-0] INFO  impl.RaftServerProxy (RaftServerProxy.java:addNew(89)) - e35b1415-f60e-401b-8467-6059dde00d22: addNew group-E00EE2FF61F9:[e35b1415-f60e-401b-8467-6059dde00d22:192.168.151.77:43571] returns group-E00EE2FF61F9:java.util.concurrent.CompletableFuture@369c4fd5[Not completed]
2019-09-24 20:51:38,812 [pool-62-thread-1] INFO  impl.RaftServerImpl (RaftServerImpl.java:<init>(95)) - e35b1415-f60e-401b-8467-6059dde00d22: new RaftServerImpl for group-E00EE2FF61F9:[e35b1415-f60e-401b-8467-6059dde00d22:192.168.151.77:43571] with ContainerStateMachine:uninitialized
2019-09-24 20:51:38,812 [pool-62-thread-1] INFO  server.RaftServerConfigKeys (ConfUtils.java:logGet(43)) - raft.server.rpc.timeout.min = 5s (custom)
2019-09-24 20:51:38,812 [pool-62-thread-1] INFO  server.RaftServerConfigKeys (ConfUtils.java:logGet(43)) - raft.server.rpc.timeout.max = 5200ms (custom)
2019-09-24 20:51:38,812 [pool-62-thread-1] INFO  server.RaftServerConfigKeys (ConfUtils.java:logGet(43)) - raft.server.rpcslowness.timeout = 120s (custom)
2019-09-24 20:51:38,812 [pool-62-thread-1] INFO  server.RaftServerConfigKeys (ConfUtils.java:logGet(43)) - raft.server.sleep.deviation.threshold = 300 (default)
2019-09-24 20:51:38,812 [pool-62-thread-1] INFO  server.RaftServerConfigKeys (ConfUtils.java:logGet(43)) - raft.server.log.appender.install.snapshot.enabled = false (custom)
2019-09-24 20:51:38,813 [pool-62-thread-1] INFO  impl.RaftServerImpl (ServerState.java:<init>(103)) - e35b1415-f60e-401b-8467-6059dde00d22@group-E00EE2FF61F9: ConfigurationManager, init=-1: [e35b1415-f60e-401b-8467-6059dde00d22:192.168.151.77:43571], old=null, confs=<EMPTY_MAP>
2019-09-24 20:51:38,813 [pool-62-thread-1] INFO  server.RaftServerConfigKeys (ConfUtils.java:logGet(43)) - raft.server.storage.dir = [/workdir/hadoop-ozone/integration-test/target/test-dir/MiniOzoneClusterImpl-f2398cfc-f31b-477c-b5a0-70704157f1f0/datanode-3/data/ratis] (custom)
2019-09-24 20:51:38,813 [pool-62-thread-1] INFO  storage.RaftStorageDirectory (RaftStorageDirectory.java:analyzeStorage(246)) - The storage directory /workdir/hadoop-ozone/integration-test/target/test-dir/MiniOzoneClusterImpl-f2398cfc-f31b-477c-b5a0-70704157f1f0/datanode-3/data/ratis/d83b8c8d-54e3-4146-9441-e00ee2ff61f9 does not exist. Creating ...
2019-09-24 20:51:38,836 [pool-62-thread-1] INFO  storage.RaftStorageDirectory (RaftStorageDirectory.java:tryLock(328)) - Lock on /workdir/hadoop-ozone/integration-test/target/test-dir/MiniOzoneClusterImpl-f2398cfc-f31b-477c-b5a0-70704157f1f0/datanode-3/data/ratis/d83b8c8d-54e3-4146-9441-e00ee2ff61f9/in_use.lock acquired by nodename 28770@pr-hdds-2149-mjjcq-3576968246
2019-09-24 20:51:38,859 [pool-62-thread-1] INFO  storage.RaftStorage (RaftStorage.java:format(72)) - Storage directory /workdir/hadoop-ozone/integration-test/target/test-dir/MiniOzoneClusterImpl-f2398cfc-f31b-477c-b5a0-70704157f1f0/datanode-3/data/ratis/d83b8c8d-54e3-4146-9441-e00ee2ff61f9 has been successfully formatted.
2019-09-24 20:51:38,860 [pool-62-thread-1] INFO  ratis.ContainerStateMachine (ContainerStateMachine.java:loadSnapshot(230)) - group-E00EE2FF61F9: The snapshot info is null. Setting the last applied indexto:(t:0, i:~)
2019-09-24 20:51:38,860 [pool-62-thread-1] INFO  server.RaftServerConfigKeys (ConfUtils.java:logGet(43)) - raft.server.notification.no-leader.timeout = 120s (custom)
2019-09-24 20:51:38,860 [pool-62-thread-1] INFO  server.RaftServerConfigKeys (ConfUtils.java:logGet(43)) - raft.server.log.use.memory = false (default)
2019-09-24 20:51:38,860 [pool-62-thread-1] INFO  server.RaftServerConfigKeys (ConfUtils.java:logGet(43)) - raft.server.log.purge.gap = 1000000 (custom)
2019-09-24 20:51:38,861 [pool-62-thread-1] INFO  server.RaftServerConfigKeys (ConfUtils.java:logGet(43)) - raft.server.log.appender.buffer.byte-limit = 33554432 (custom)
2019-09-24 20:51:38,861 [pool-62-thread-1] INFO  server.RaftServerConfigKeys (ConfUtils.java:logGet(43)) - raft.server.log.segment.size.max = 1048576 (custom)
2019-09-24 20:51:38,861 [pool-62-thread-1] INFO  server.RaftServerConfigKeys (ConfUtils.java:logGet(43)) - raft.server.log.segment.cache.num.max = 2 (custom)
2019-09-24 20:51:38,861 [pool-62-thread-1] INFO  segmented.SegmentedRaftLogWorker (SegmentedRaftLogWorker.java:<init>(172)) - new e35b1415-f60e-401b-8467-6059dde00d22@group-E00EE2FF61F9-SegmentedRaftLogWorker for RaftStorage:Storage Directory /workdir/hadoop-ozone/integration-test/target/test-dir/MiniOzoneClusterImpl-f2398cfc-f31b-477c-b5a0-70704157f1f0/datanode-3/data/ratis/d83b8c8d-54e3-4146-9441-e00ee2ff61f9
2019-09-24 20:51:38,867 [pool-62-thread-1] INFO  server.RaftServerConfigKeys (ConfUtils.java:logGet(43)) - raft.server.log.queue.byte-limit = 2147483647 (custom)
2019-09-24 20:51:38,867 [pool-62-thread-1] INFO  server.RaftServerConfigKeys (ConfUtils.java:logGet(43)) - raft.server.log.queue.element-limit = 1024 (custom)
2019-09-24 20:51:38,868 [pool-62-thread-1] INFO  server.RaftServerConfigKeys (ConfUtils.java:logGet(43)) - raft.server.log.segment.size.max = 1048576 (custom)
2019-09-24 20:51:38,868 [pool-62-thread-1] INFO  server.RaftServerConfigKeys (ConfUtils.java:logGet(43)) - raft.server.log.preallocated.size = 16384 (custom)
2019-09-24 20:51:38,868 [pool-62-thread-1] INFO  server.RaftServerConfigKeys (ConfUtils.java:logGet(43)) - raft.server.log.write.buffer.size = 33554432 (custom)
2019-09-24 20:51:38,868 [pool-62-thread-1] INFO  server.RaftServerConfigKeys (ConfUtils.java:logGet(43)) - raft.server.log.force.sync.num = 128 (default)
2019-09-24 20:51:38,868 [pool-62-thread-1] INFO  server.RaftServerConfigKeys (ConfUtils.java:logGet(43)) - raft.server.log.statemachine.data.sync = true (default)
2019-09-24 20:51:38,869 [pool-62-thread-1] INFO  server.RaftServerConfigKeys (ConfUtils.java:logGet(43)) - raft.server.log.statemachine.data.sync.timeout = 10s (default)
2019-09-24 20:51:38,869 [pool-62-thread-1] INFO  server.RaftServerConfigKeys (ConfUtils.java:logGet(43)) - raft.server.log.statemachine.data.sync.timeout.retry = -1 (default)
2019-09-24 20:51:38,870 [pool-62-thread-1] INFO  server.RaftServerConfigKeys (ConfUtils.java:logGet(43)) - raft.server.log.statemachine.data.caching.enabled = true (custom)
2019-09-24 20:51:38,870 [pool-62-thread-1] INFO  segmented.SegmentedRaftLogWorker (SegmentedRaftLogWorker.java:lambda$new$0(132)) - e35b1415-f60e-401b-8467-6059dde00d22@group-E00EE2FF61F9-SegmentedRaftLogWorker: flushIndex: setUnconditionally 0 -> -1
2019-09-24 20:51:38,870 [pool-62-thread-1] INFO  server.RaftServerConfigKeys (ConfUtils.java:logGet(43)) - raft.server.snapshot.auto.trigger.enabled = true (custom)
2019-09-24 20:51:38,871 [pool-62-thread-1] INFO  server.RaftServerConfigKeys (ConfUtils.java:logGet(43)) - raft.server.snapshot.auto.trigger.threshold = 10000 (custom)
2019-09-24 20:51:38,871 [pool-62-thread-1] INFO  server.RaftServerConfigKeys (ConfUtils.java:logGet(43)) - raft.server.snapshot.retention.num.files = 5 (custom)
2019-09-24 20:51:38,871 [pool-62-thread-1] INFO  server.RaftServerConfigKeys (ConfUtils.java:logGet(43)) - raft.server.retrycache.expirytime = 600000ms (custom)
2019-09-24 20:51:38,875 [pool-62-thread-1] INFO  impl.RaftServerImpl (RaftServerImpl.java:start(185)) - e35b1415-f60e-401b-8467-6059dde00d22@group-E00EE2FF61F9: start as a follower, conf=-1: [e35b1415-f60e-401b-8467-6059dde00d22:192.168.151.77:43571], old=null
2019-09-24 20:51:38,875 [pool-62-thread-1] INFO  impl.RaftServerImpl (RaftServerImpl.java:setRole(174)) - e35b1415-f60e-401b-8467-6059dde00d22@group-E00EE2FF61F9: changes role from      null to FOLLOWER at term 0 for startAsFollower
2019-09-24 20:51:38,876 [pool-62-thread-1] INFO  impl.RoleInfo (RoleInfo.java:updateAndGet(143)) - e35b1415-f60e-401b-8467-6059dde00d22: start FollowerState
2019-09-24 20:51:38,876 [pool-62-thread-1] INFO  util.JmxRegister (JmxRegister.java:tryRegister(44)) - Successfully registered JMX Bean with object name Ratis:service=RaftServer,group=group-E00EE2FF61F9,id=e35b1415-f60e-401b-8467-6059dde00d22
2019-09-24 20:51:38,890 [RatisPipelineUtilsThread] INFO  pipeline.PipelineStateManager (PipelineStateManager.java:addPipeline(56)) - Created pipeline Pipeline[ Id: d83b8c8d-54e3-4146-9441-e00ee2ff61f9, Nodes: e35b1415-f60e-401b-8467-6059dde00d22{ip: 192.168.151.77, host: pr-hdds-2149-mjjcq-3576968246, networkLocation: /rack1, certSerialId: null}, Type:RATIS, Factor:ONE, State:OPEN]
2019-09-24 20:51:38,908 [grpc-default-executor-0] INFO  impl.RaftServerProxy (RaftServerProxy.java:addNew(89)) - 473b372b-aa71-4132-b827-1ca7d656aace: addNew group-87A2B2B1141D:[473b372b-aa71-4132-b827-1ca7d656aace:192.168.151.77:42963] returns group-87A2B2B1141D:java.util.concurrent.CompletableFuture@30fd87a6[Not completed]
2019-09-24 20:51:38,910 [pool-42-thread-1] INFO  impl.RaftServerImpl (RaftServerImpl.java:<init>(95)) - 473b372b-aa71-4132-b827-1ca7d656aace: new RaftServerImpl for group-87A2B2B1141D:[473b372b-aa71-4132-b827-1ca7d656aace:192.168.151.77:42963] with ContainerStateMachine:uninitialized
2019-09-24 20:51:38,910 [pool-42-thread-1] INFO  server.RaftServerConfigKeys (ConfUtils.java:logGet(43)) - raft.server.rpc.timeout.min = 5s (custom)
2019-09-24 20:51:38,910 [pool-42-thread-1] INFO  server.RaftServerConfigKeys (ConfUtils.java:logGet(43)) - raft.server.rpc.timeout.max = 5200ms (custom)
2019-09-24 20:51:38,910 [pool-42-thread-1] INFO  server.RaftServerConfigKeys (ConfUtils.java:logGet(43)) - raft.server.rpcslowness.timeout = 120s (custom)
2019-09-24 20:51:38,910 [pool-42-thread-1] INFO  server.RaftServerConfigKeys (ConfUtils.java:logGet(43)) - raft.server.sleep.deviation.threshold = 300 (default)
2019-09-24 20:51:38,910 [pool-42-thread-1] INFO  server.RaftServerConfigKeys (ConfUtils.java:logGet(43)) - raft.server.log.appender.install.snapshot.enabled = false (custom)
2019-09-24 20:51:38,910 [pool-42-thread-1] INFO  impl.RaftServerImpl (ServerState.java:<init>(103)) - 473b372b-aa71-4132-b827-1ca7d656aace@group-87A2B2B1141D: ConfigurationManager, init=-1: [473b372b-aa71-4132-b827-1ca7d656aace:192.168.151.77:42963], old=null, confs=<EMPTY_MAP>
2019-09-24 20:51:38,911 [pool-42-thread-1] INFO  server.RaftServerConfigKeys (ConfUtils.java:logGet(43)) - raft.server.storage.dir = [/workdir/hadoop-ozone/integration-test/target/test-dir/MiniOzoneClusterImpl-f2398cfc-f31b-477c-b5a0-70704157f1f0/datanode-1/data/ratis] (custom)
2019-09-24 20:51:38,911 [pool-42-thread-1] INFO  storage.RaftStorageDirectory (RaftStorageDirectory.java:analyzeStorage(246)) - The storage directory /workdir/hadoop-ozone/integration-test/target/test-dir/MiniOzoneClusterImpl-f2398cfc-f31b-477c-b5a0-70704157f1f0/datanode-1/data/ratis/d33493ac-89cd-43b9-8e3a-87a2b2b1141d does not exist. Creating ...
2019-09-24 20:51:38,934 [pool-42-thread-1] INFO  storage.RaftStorageDirectory (RaftStorageDirectory.java:tryLock(328)) - Lock on /workdir/hadoop-ozone/integration-test/target/test-dir/MiniOzoneClusterImpl-f2398cfc-f31b-477c-b5a0-70704157f1f0/datanode-1/data/ratis/d33493ac-89cd-43b9-8e3a-87a2b2b1141d/in_use.lock acquired by nodename 28770@pr-hdds-2149-mjjcq-3576968246
2019-09-24 20:51:38,956 [pool-42-thread-1] INFO  storage.RaftStorage (RaftStorage.java:format(72)) - Storage directory /workdir/hadoop-ozone/integration-test/target/test-dir/MiniOzoneClusterImpl-f2398cfc-f31b-477c-b5a0-70704157f1f0/datanode-1/data/ratis/d33493ac-89cd-43b9-8e3a-87a2b2b1141d has been successfully formatted.
2019-09-24 20:51:38,956 [pool-42-thread-1] INFO  ratis.ContainerStateMachine (ContainerStateMachine.java:loadSnapshot(230)) - group-87A2B2B1141D: The snapshot info is null. Setting the last applied indexto:(t:0, i:~)
2019-09-24 20:51:38,957 [pool-42-thread-1] INFO  server.RaftServerConfigKeys (ConfUtils.java:logGet(43)) - raft.server.notification.no-leader.timeout = 120s (custom)
2019-09-24 20:51:38,957 [pool-42-thread-1] INFO  server.RaftServerConfigKeys (ConfUtils.java:logGet(43)) - raft.server.log.use.memory = false (default)
2019-09-24 20:51:38,957 [pool-42-thread-1] INFO  server.RaftServerConfigKeys (ConfUtils.java:logGet(43)) - raft.server.log.purge.gap = 1000000 (custom)
2019-09-24 20:51:38,957 [pool-42-thread-1] INFO  server.RaftServerConfigKeys (ConfUtils.java:logGet(43)) - raft.server.log.appender.buffer.byte-limit = 33554432 (custom)
2019-09-24 20:51:38,957 [pool-42-thread-1] INFO  server.RaftServerConfigKeys (ConfUtils.java:logGet(43)) - raft.server.log.segment.size.max = 1048576 (custom)
2019-09-24 20:51:38,957 [pool-42-thread-1] INFO  server.RaftServerConfigKeys (ConfUtils.java:logGet(43)) - raft.server.log.segment.cache.num.max = 2 (custom)
2019-09-24 20:51:38,957 [pool-42-thread-1] INFO  segmented.SegmentedRaftLogWorker (SegmentedRaftLogWorker.java:<init>(172)) - new 473b372b-aa71-4132-b827-1ca7d656aace@group-87A2B2B1141D-SegmentedRaftLogWorker for RaftStorage:Storage Directory /workdir/hadoop-ozone/integration-test/target/test-dir/MiniOzoneClusterImpl-f2398cfc-f31b-477c-b5a0-70704157f1f0/datanode-1/data/ratis/d33493ac-89cd-43b9-8e3a-87a2b2b1141d
2019-09-24 20:51:38,961 [pool-42-thread-1] INFO  server.RaftServerConfigKeys (ConfUtils.java:logGet(43)) - raft.server.log.queue.byte-limit = 2147483647 (custom)
2019-09-24 20:51:38,961 [pool-42-thread-1] INFO  server.RaftServerConfigKeys (ConfUtils.java:logGet(43)) - raft.server.log.queue.element-limit = 1024 (custom)
2019-09-24 20:51:38,962 [pool-42-thread-1] INFO  server.RaftServerConfigKeys (ConfUtils.java:logGet(43)) - raft.server.log.segment.size.max = 1048576 (custom)
2019-09-24 20:51:38,962 [pool-42-thread-1] INFO  server.RaftServerConfigKeys (ConfUtils.java:logGet(43)) - raft.server.log.preallocated.size = 16384 (custom)
2019-09-24 20:51:38,962 [pool-42-thread-1] INFO  server.RaftServerConfigKeys (ConfUtils.java:logGet(43)) - raft.server.log.write.buffer.size = 33554432 (custom)
2019-09-24 20:51:38,962 [pool-42-thread-1] INFO  server.RaftServerConfigKeys (ConfUtils.java:logGet(43)) - raft.server.log.force.sync.num = 128 (default)
2019-09-24 20:51:38,962 [pool-42-thread-1] INFO  server.RaftServerConfigKeys (ConfUtils.java:logGet(43)) - raft.server.log.statemachine.data.sync = true (default)
2019-09-24 20:51:38,962 [pool-42-thread-1] INFO  server.RaftServerConfigKeys (ConfUtils.java:logGet(43)) - raft.server.log.statemachine.data.sync.timeout = 10s (default)
2019-09-24 20:51:38,962 [pool-42-thread-1] INFO  server.RaftServerConfigKeys (ConfUtils.java:logGet(43)) - raft.server.log.statemachine.data.sync.timeout.retry = -1 (default)
2019-09-24 20:51:38,963 [pool-42-thread-1] INFO  server.RaftServerConfigKeys (ConfUtils.java:logGet(43)) - raft.server.log.statemachine.data.caching.enabled = true (custom)
2019-09-24 20:51:38,963 [pool-42-thread-1] INFO  segmented.SegmentedRaftLogWorker (SegmentedRaftLogWorker.java:lambda$new$0(132)) - 473b372b-aa71-4132-b827-1ca7d656aace@group-87A2B2B1141D-SegmentedRaftLogWorker: flushIndex: setUnconditionally 0 -> -1
2019-09-24 20:51:38,963 [pool-42-thread-1] INFO  server.RaftServerConfigKeys (ConfUtils.java:logGet(43)) - raft.server.snapshot.auto.trigger.enabled = true (custom)
2019-09-24 20:51:38,963 [pool-42-thread-1] INFO  server.RaftServerConfigKeys (ConfUtils.java:logGet(43)) - raft.server.snapshot.auto.trigger.threshold = 10000 (custom)
2019-09-24 20:51:38,963 [pool-42-thread-1] INFO  server.RaftServerConfigKeys (ConfUtils.java:logGet(43)) - raft.server.snapshot.retention.num.files = 5 (custom)
2019-09-24 20:51:38,964 [pool-42-thread-1] INFO  server.RaftServerConfigKeys (ConfUtils.java:logGet(43)) - raft.server.retrycache.expirytime = 600000ms (custom)
2019-09-24 20:51:38,966 [pool-42-thread-1] INFO  impl.RaftServerImpl (RaftServerImpl.java:start(185)) - 473b372b-aa71-4132-b827-1ca7d656aace@group-87A2B2B1141D: start as a follower, conf=-1: [473b372b-aa71-4132-b827-1ca7d656aace:192.168.151.77:42963], old=null
2019-09-24 20:51:38,966 [pool-42-thread-1] INFO  impl.RaftServerImpl (RaftServerImpl.java:setRole(174)) - 473b372b-aa71-4132-b827-1ca7d656aace@group-87A2B2B1141D: changes role from      null to FOLLOWER at term 0 for startAsFollower
2019-09-24 20:51:38,966 [pool-42-thread-1] INFO  impl.RoleInfo (RoleInfo.java:updateAndGet(143)) - 473b372b-aa71-4132-b827-1ca7d656aace: start FollowerState
2019-09-24 20:51:38,966 [pool-42-thread-1] INFO  util.JmxRegister (JmxRegister.java:tryRegister(44)) - Successfully registered JMX Bean with object name Ratis:service=RaftServer,group=group-87A2B2B1141D,id=473b372b-aa71-4132-b827-1ca7d656aace
2019-09-24 20:51:38,979 [RatisPipelineUtilsThread] INFO  pipeline.PipelineStateManager (PipelineStateManager.java:addPipeline(56)) - Created pipeline Pipeline[ Id: d33493ac-89cd-43b9-8e3a-87a2b2b1141d, Nodes: 473b372b-aa71-4132-b827-1ca7d656aace{ip: 192.168.151.77, host: pr-hdds-2149-mjjcq-3576968246, networkLocation: /rack1, certSerialId: null}, Type:RATIS, Factor:ONE, State:OPEN]
2019-09-24 20:51:39,032 [grpc-default-executor-1] INFO  impl.RaftServerProxy (RaftServerProxy.java:addNew(89)) - 473b372b-aa71-4132-b827-1ca7d656aace: addNew group-2E3D9163E1BE:[473b372b-aa71-4132-b827-1ca7d656aace:192.168.151.77:42963, 53ac8eaa-d5bb-424d-a69e-4b40bc10c29e:192.168.151.77:34604, e35b1415-f60e-401b-8467-6059dde00d22:192.168.151.77:43571] returns group-2E3D9163E1BE:java.util.concurrent.CompletableFuture@558faee2[Not completed]
2019-09-24 20:51:39,032 [grpc-default-executor-2] INFO  impl.RaftServerProxy (RaftServerProxy.java:addNew(89)) - 53ac8eaa-d5bb-424d-a69e-4b40bc10c29e: addNew group-2E3D9163E1BE:[473b372b-aa71-4132-b827-1ca7d656aace:192.168.151.77:42963, 53ac8eaa-d5bb-424d-a69e-4b40bc10c29e:192.168.151.77:34604, e35b1415-f60e-401b-8467-6059dde00d22:192.168.151.77:43571] returns group-2E3D9163E1BE:java.util.concurrent.CompletableFuture@469f78dd[Not completed]
2019-09-24 20:51:39,032 [grpc-default-executor-0] INFO  impl.RaftServerProxy (RaftServerProxy.java:addNew(89)) - e35b1415-f60e-401b-8467-6059dde00d22: addNew group-2E3D9163E1BE:[473b372b-aa71-4132-b827-1ca7d656aace:192.168.151.77:42963, 53ac8eaa-d5bb-424d-a69e-4b40bc10c29e:192.168.151.77:34604, e35b1415-f60e-401b-8467-6059dde00d22:192.168.151.77:43571] returns group-2E3D9163E1BE:java.util.concurrent.CompletableFuture@22c577fb[Not completed]
2019-09-24 20:51:39,034 [pool-52-thread-1] INFO  impl.RaftServerImpl (RaftServerImpl.java:<init>(95)) - 53ac8eaa-d5bb-424d-a69e-4b40bc10c29e: new RaftServerImpl for group-2E3D9163E1BE:[473b372b-aa71-4132-b827-1ca7d656aace:192.168.151.77:42963, 53ac8eaa-d5bb-424d-a69e-4b40bc10c29e:192.168.151.77:34604, e35b1415-f60e-401b-8467-6059dde00d22:192.168.151.77:43571] with ContainerStateMachine:uninitialized
2019-09-24 20:51:39,034 [pool-52-thread-1] INFO  server.RaftServerConfigKeys (ConfUtils.java:logGet(43)) - raft.server.rpc.timeout.min = 5s (custom)
2019-09-24 20:51:39,034 [pool-52-thread-1] INFO  server.RaftServerConfigKeys (ConfUtils.java:logGet(43)) - raft.server.rpc.timeout.max = 5200ms (custom)
2019-09-24 20:51:39,034 [pool-52-thread-1] INFO  server.RaftServerConfigKeys (ConfUtils.java:logGet(43)) - raft.server.rpcslowness.timeout = 120s (custom)
2019-09-24 20:51:39,035 [pool-52-thread-1] INFO  server.RaftServerConfigKeys (ConfUtils.java:logGet(43)) - raft.server.sleep.deviation.threshold = 300 (default)
2019-09-24 20:51:39,035 [pool-52-thread-1] INFO  server.RaftServerConfigKeys (ConfUtils.java:logGet(43)) - raft.server.log.appender.install.snapshot.enabled = false (custom)
2019-09-24 20:51:39,035 [pool-52-thread-1] INFO  impl.RaftServerImpl (ServerState.java:<init>(103)) - 53ac8eaa-d5bb-424d-a69e-4b40bc10c29e@group-2E3D9163E1BE: ConfigurationManager, init=-1: [473b372b-aa71-4132-b827-1ca7d656aace:192.168.151.77:42963, 53ac8eaa-d5bb-424d-a69e-4b40bc10c29e:192.168.151.77:34604, e35b1415-f60e-401b-8467-6059dde00d22:192.168.151.77:43571], old=null, confs=<EMPTY_MAP>
2019-09-24 20:51:39,035 [pool-52-thread-1] INFO  server.RaftServerConfigKeys (ConfUtils.java:logGet(43)) - raft.server.storage.dir = [/workdir/hadoop-ozone/integration-test/target/test-dir/MiniOzoneClusterImpl-f2398cfc-f31b-477c-b5a0-70704157f1f0/datanode-2/data/ratis] (custom)
2019-09-24 20:51:39,035 [pool-62-thread-1] INFO  impl.RaftServerImpl (RaftServerImpl.java:<init>(95)) - e35b1415-f60e-401b-8467-6059dde00d22: new RaftServerImpl for group-2E3D9163E1BE:[473b372b-aa71-4132-b827-1ca7d656aace:192.168.151.77:42963, 53ac8eaa-d5bb-424d-a69e-4b40bc10c29e:192.168.151.77:34604, e35b1415-f60e-401b-8467-6059dde00d22:192.168.151.77:43571] with ContainerStateMachine:uninitialized
2019-09-24 20:51:39,035 [pool-52-thread-1] INFO  storage.RaftStorageDirectory (RaftStorageDirectory.java:analyzeStorage(246)) - The storage directory /workdir/hadoop-ozone/integration-test/target/test-dir/MiniOzoneClusterImpl-f2398cfc-f31b-477c-b5a0-70704157f1f0/datanode-2/data/ratis/50c5d517-7283-4055-aa74-2e3d9163e1be does not exist. Creating ...
2019-09-24 20:51:39,035 [pool-62-thread-1] INFO  server.RaftServerConfigKeys (ConfUtils.java:logGet(43)) - raft.server.rpc.timeout.min = 5s (custom)
2019-09-24 20:51:39,036 [pool-62-thread-1] INFO  server.RaftServerConfigKeys (ConfUtils.java:logGet(43)) - raft.server.rpc.timeout.max = 5200ms (custom)
2019-09-24 20:51:39,036 [pool-42-thread-1] INFO  impl.RaftServerImpl (RaftServerImpl.java:<init>(95)) - 473b372b-aa71-4132-b827-1ca7d656aace: new RaftServerImpl for group-2E3D9163E1BE:[473b372b-aa71-4132-b827-1ca7d656aace:192.168.151.77:42963, 53ac8eaa-d5bb-424d-a69e-4b40bc10c29e:192.168.151.77:34604, e35b1415-f60e-401b-8467-6059dde00d22:192.168.151.77:43571] with ContainerStateMachine:uninitialized
2019-09-24 20:51:39,036 [pool-62-thread-1] INFO  server.RaftServerConfigKeys (ConfUtils.java:logGet(43)) - raft.server.rpcslowness.timeout = 120s (custom)
2019-09-24 20:51:39,036 [pool-42-thread-1] INFO  server.RaftServerConfigKeys (ConfUtils.java:logGet(43)) - raft.server.rpc.timeout.min = 5s (custom)
2019-09-24 20:51:39,036 [pool-62-thread-1] INFO  server.RaftServerConfigKeys (ConfUtils.java:logGet(43)) - raft.server.sleep.deviation.threshold = 300 (default)
2019-09-24 20:51:39,036 [pool-42-thread-1] INFO  server.RaftServerConfigKeys (ConfUtils.java:logGet(43)) - raft.server.rpc.timeout.max = 5200ms (custom)
2019-09-24 20:51:39,036 [pool-62-thread-1] INFO  server.RaftServerConfigKeys (ConfUtils.java:logGet(43)) - raft.server.log.appender.install.snapshot.enabled = false (custom)
2019-09-24 20:51:39,036 [pool-42-thread-1] INFO  server.RaftServerConfigKeys (ConfUtils.java:logGet(43)) - raft.server.rpcslowness.timeout = 120s (custom)
2019-09-24 20:51:39,037 [pool-62-thread-1] INFO  impl.RaftServerImpl (ServerState.java:<init>(103)) - e35b1415-f60e-401b-8467-6059dde00d22@group-2E3D9163E1BE: ConfigurationManager, init=-1: [473b372b-aa71-4132-b827-1ca7d656aace:192.168.151.77:42963, 53ac8eaa-d5bb-424d-a69e-4b40bc10c29e:192.168.151.77:34604, e35b1415-f60e-401b-8467-6059dde00d22:192.168.151.77:43571], old=null, confs=<EMPTY_MAP>
2019-09-24 20:51:39,037 [pool-42-thread-1] INFO  server.RaftServerConfigKeys (ConfUtils.java:logGet(43)) - raft.server.sleep.deviation.threshold = 300 (default)
2019-09-24 20:51:39,037 [pool-62-thread-1] INFO  server.RaftServerConfigKeys (ConfUtils.java:logGet(43)) - raft.server.storage.dir = [/workdir/hadoop-ozone/integration-test/target/test-dir/MiniOzoneClusterImpl-f2398cfc-f31b-477c-b5a0-70704157f1f0/datanode-3/data/ratis] (custom)
2019-09-24 20:51:39,037 [pool-42-thread-1] INFO  server.RaftServerConfigKeys (ConfUtils.java:logGet(43)) - raft.server.log.appender.install.snapshot.enabled = false (custom)
2019-09-24 20:51:39,037 [pool-42-thread-1] INFO  impl.RaftServerImpl (ServerState.java:<init>(103)) - 473b372b-aa71-4132-b827-1ca7d656aace@group-2E3D9163E1BE: ConfigurationManager, init=-1: [473b372b-aa71-4132-b827-1ca7d656aace:192.168.151.77:42963, 53ac8eaa-d5bb-424d-a69e-4b40bc10c29e:192.168.151.77:34604, e35b1415-f60e-401b-8467-6059dde00d22:192.168.151.77:43571], old=null, confs=<EMPTY_MAP>
2019-09-24 20:51:39,037 [pool-62-thread-1] INFO  storage.RaftStorageDirectory (RaftStorageDirectory.java:analyzeStorage(246)) - The storage directory /workdir/hadoop-ozone/integration-test/target/test-dir/MiniOzoneClusterImpl-f2398cfc-f31b-477c-b5a0-70704157f1f0/datanode-3/data/ratis/50c5d517-7283-4055-aa74-2e3d9163e1be does not exist. Creating ...
2019-09-24 20:51:39,037 [pool-42-thread-1] INFO  server.RaftServerConfigKeys (ConfUtils.java:logGet(43)) - raft.server.storage.dir = [/workdir/hadoop-ozone/integration-test/target/test-dir/MiniOzoneClusterImpl-f2398cfc-f31b-477c-b5a0-70704157f1f0/datanode-1/data/ratis] (custom)
2019-09-24 20:51:39,038 [pool-42-thread-1] INFO  storage.RaftStorageDirectory (RaftStorageDirectory.java:analyzeStorage(246)) - The storage directory /workdir/hadoop-ozone/integration-test/target/test-dir/MiniOzoneClusterImpl-f2398cfc-f31b-477c-b5a0-70704157f1f0/datanode-1/data/ratis/50c5d517-7283-4055-aa74-2e3d9163e1be does not exist. Creating ...
2019-09-24 20:51:39,061 [pool-52-thread-1] INFO  storage.RaftStorageDirectory (RaftStorageDirectory.java:tryLock(328)) - Lock on /workdir/hadoop-ozone/integration-test/target/test-dir/MiniOzoneClusterImpl-f2398cfc-f31b-477c-b5a0-70704157f1f0/datanode-2/data/ratis/50c5d517-7283-4055-aa74-2e3d9163e1be/in_use.lock acquired by nodename 28770@pr-hdds-2149-mjjcq-3576968246
2019-09-24 20:51:39,061 [pool-62-thread-1] INFO  storage.RaftStorageDirectory (RaftStorageDirectory.java:tryLock(328)) - Lock on /workdir/hadoop-ozone/integration-test/target/test-dir/MiniOzoneClusterImpl-f2398cfc-f31b-477c-b5a0-70704157f1f0/datanode-3/data/ratis/50c5d517-7283-4055-aa74-2e3d9163e1be/in_use.lock acquired by nodename 28770@pr-hdds-2149-mjjcq-3576968246
2019-09-24 20:51:39,061 [pool-42-thread-1] INFO  storage.RaftStorageDirectory (RaftStorageDirectory.java:tryLock(328)) - Lock on /workdir/hadoop-ozone/integration-test/target/test-dir/MiniOzoneClusterImpl-f2398cfc-f31b-477c-b5a0-70704157f1f0/datanode-1/data/ratis/50c5d517-7283-4055-aa74-2e3d9163e1be/in_use.lock acquired by nodename 28770@pr-hdds-2149-mjjcq-3576968246
2019-09-24 20:51:39,074 [pool-52-thread-1] INFO  storage.RaftStorage (RaftStorage.java:format(72)) - Storage directory /workdir/hadoop-ozone/integration-test/target/test-dir/MiniOzoneClusterImpl-f2398cfc-f31b-477c-b5a0-70704157f1f0/datanode-2/data/ratis/50c5d517-7283-4055-aa74-2e3d9163e1be has been successfully formatted.
2019-09-24 20:51:39,074 [pool-42-thread-1] INFO  storage.RaftStorage (RaftStorage.java:format(72)) - Storage directory /workdir/hadoop-ozone/integration-test/target/test-dir/MiniOzoneClusterImpl-f2398cfc-f31b-477c-b5a0-70704157f1f0/datanode-1/data/ratis/50c5d517-7283-4055-aa74-2e3d9163e1be has been successfully formatted.
2019-09-24 20:51:39,074 [pool-62-thread-1] INFO  storage.RaftStorage (RaftStorage.java:format(72)) - Storage directory /workdir/hadoop-ozone/integration-test/target/test-dir/MiniOzoneClusterImpl-f2398cfc-f31b-477c-b5a0-70704157f1f0/datanode-3/data/ratis/50c5d517-7283-4055-aa74-2e3d9163e1be has been successfully formatted.
2019-09-24 20:51:39,074 [pool-52-thread-1] INFO  ratis.ContainerStateMachine (ContainerStateMachine.java:loadSnapshot(230)) - group-2E3D9163E1BE: The snapshot info is null. Setting the last applied indexto:(t:0, i:~)
2019-09-24 20:51:39,075 [pool-62-thread-1] INFO  ratis.ContainerStateMachine (ContainerStateMachine.java:loadSnapshot(230)) - group-2E3D9163E1BE: The snapshot info is null. Setting the last applied indexto:(t:0, i:~)
2019-09-24 20:51:39,075 [pool-42-thread-1] INFO  ratis.ContainerStateMachine (ContainerStateMachine.java:loadSnapshot(230)) - group-2E3D9163E1BE: The snapshot info is null. Setting the last applied indexto:(t:0, i:~)
2019-09-24 20:51:39,075 [pool-62-thread-1] INFO  server.RaftServerConfigKeys (ConfUtils.java:logGet(43)) - raft.server.notification.no-leader.timeout = 120s (custom)
2019-09-24 20:51:39,075 [pool-52-thread-1] INFO  server.RaftServerConfigKeys (ConfUtils.java:logGet(43)) - raft.server.notification.no-leader.timeout = 120s (custom)
2019-09-24 20:51:39,075 [pool-62-thread-1] INFO  server.RaftServerConfigKeys (ConfUtils.java:logGet(43)) - raft.server.log.use.memory = false (default)
2019-09-24 20:51:39,075 [pool-42-thread-1] INFO  server.RaftServerConfigKeys (ConfUtils.java:logGet(43)) - raft.server.notification.no-leader.timeout = 120s (custom)
2019-09-24 20:51:39,076 [pool-62-thread-1] INFO  server.RaftServerConfigKeys (ConfUtils.java:logGet(43)) - raft.server.log.purge.gap = 1000000 (custom)
2019-09-24 20:51:39,075 [pool-52-thread-1] INFO  server.RaftServerConfigKeys (ConfUtils.java:logGet(43)) - raft.server.log.use.memory = false (default)
2019-09-24 20:51:39,076 [pool-62-thread-1] INFO  server.RaftServerConfigKeys (ConfUtils.java:logGet(43)) - raft.server.log.appender.buffer.byte-limit = 33554432 (custom)
2019-09-24 20:51:39,076 [pool-42-thread-1] INFO  server.RaftServerConfigKeys (ConfUtils.java:logGet(43)) - raft.server.log.use.memory = false (default)
2019-09-24 20:51:39,076 [pool-52-thread-1] INFO  server.RaftServerConfigKeys (ConfUtils.java:logGet(43)) - raft.server.log.purge.gap = 1000000 (custom)
2019-09-24 20:51:39,076 [pool-42-thread-1] INFO  server.RaftServerConfigKeys (ConfUtils.java:logGet(43)) - raft.server.log.purge.gap = 1000000 (custom)
2019-09-24 20:51:39,076 [pool-62-thread-1] INFO  server.RaftServerConfigKeys (ConfUtils.java:logGet(43)) - raft.server.log.segment.size.max = 1048576 (custom)
2019-09-24 20:51:39,077 [pool-42-thread-1] INFO  server.RaftServerConfigKeys (ConfUtils.java:logGet(43)) - raft.server.log.appender.buffer.byte-limit = 33554432 (custom)
2019-09-24 20:51:39,076 [pool-52-thread-1] INFO  server.RaftServerConfigKeys (ConfUtils.java:logGet(43)) - raft.server.log.appender.buffer.byte-limit = 33554432 (custom)
2019-09-24 20:51:39,077 [pool-42-thread-1] INFO  server.RaftServerConfigKeys (ConfUtils.java:logGet(43)) - raft.server.log.segment.size.max = 1048576 (custom)
2019-09-24 20:51:39,077 [pool-62-thread-1] INFO  server.RaftServerConfigKeys (ConfUtils.java:logGet(43)) - raft.server.log.segment.cache.num.max = 2 (custom)
2019-09-24 20:51:39,077 [pool-42-thread-1] INFO  server.RaftServerConfigKeys (ConfUtils.java:logGet(43)) - raft.server.log.segment.cache.num.max = 2 (custom)
2019-09-24 20:51:39,077 [pool-52-thread-1] INFO  server.RaftServerConfigKeys (ConfUtils.java:logGet(43)) - raft.server.log.segment.size.max = 1048576 (custom)
2019-09-24 20:51:39,077 [pool-42-thread-1] INFO  segmented.SegmentedRaftLogWorker (SegmentedRaftLogWorker.java:<init>(172)) - new 473b372b-aa71-4132-b827-1ca7d656aace@group-2E3D9163E1BE-SegmentedRaftLogWorker for RaftStorage:Storage Directory /workdir/hadoop-ozone/integration-test/target/test-dir/MiniOzoneClusterImpl-f2398cfc-f31b-477c-b5a0-70704157f1f0/datanode-1/data/ratis/50c5d517-7283-4055-aa74-2e3d9163e1be
2019-09-24 20:51:39,077 [pool-62-thread-1] INFO  segmented.SegmentedRaftLogWorker (SegmentedRaftLogWorker.java:<init>(172)) - new e35b1415-f60e-401b-8467-6059dde00d22@group-2E3D9163E1BE-SegmentedRaftLogWorker for RaftStorage:Storage Directory /workdir/hadoop-ozone/integration-test/target/test-dir/MiniOzoneClusterImpl-f2398cfc-f31b-477c-b5a0-70704157f1f0/datanode-3/data/ratis/50c5d517-7283-4055-aa74-2e3d9163e1be
2019-09-24 20:51:39,078 [pool-42-thread-1] INFO  server.RaftServerConfigKeys (ConfUtils.java:logGet(43)) - raft.server.log.queue.byte-limit = 2147483647 (custom)
2019-09-24 20:51:39,078 [pool-52-thread-1] INFO  server.RaftServerConfigKeys (ConfUtils.java:logGet(43)) - raft.server.log.segment.cache.num.max = 2 (custom)
2019-09-24 20:51:39,078 [pool-42-thread-1] INFO  server.RaftServerConfigKeys (ConfUtils.java:logGet(43)) - raft.server.log.queue.element-limit = 1024 (custom)
2019-09-24 20:51:39,078 [pool-62-thread-1] INFO  server.RaftServerConfigKeys (ConfUtils.java:logGet(43)) - raft.server.log.queue.byte-limit = 2147483647 (custom)
2019-09-24 20:51:39,078 [pool-42-thread-1] INFO  server.RaftServerConfigKeys (ConfUtils.java:logGet(43)) - raft.server.log.segment.size.max = 1048576 (custom)
2019-09-24 20:51:39,078 [pool-52-thread-1] INFO  segmented.SegmentedRaftLogWorker (SegmentedRaftLogWorker.java:<init>(172)) - new 53ac8eaa-d5bb-424d-a69e-4b40bc10c29e@group-2E3D9163E1BE-SegmentedRaftLogWorker for RaftStorage:Storage Directory /workdir/hadoop-ozone/integration-test/target/test-dir/MiniOzoneClusterImpl-f2398cfc-f31b-477c-b5a0-70704157f1f0/datanode-2/data/ratis/50c5d517-7283-4055-aa74-2e3d9163e1be
2019-09-24 20:51:39,078 [pool-42-thread-1] INFO  server.RaftServerConfigKeys (ConfUtils.java:logGet(43)) - raft.server.log.preallocated.size = 16384 (custom)
2019-09-24 20:51:39,078 [pool-62-thread-1] INFO  server.RaftServerConfigKeys (ConfUtils.java:logGet(43)) - raft.server.log.queue.element-limit = 1024 (custom)
2019-09-24 20:51:39,079 [pool-42-thread-1] INFO  server.RaftServerConfigKeys (ConfUtils.java:logGet(43)) - raft.server.log.write.buffer.size = 33554432 (custom)
2019-09-24 20:51:39,079 [pool-52-thread-1] INFO  server.RaftServerConfigKeys (ConfUtils.java:logGet(43)) - raft.server.log.queue.byte-limit = 2147483647 (custom)
2019-09-24 20:51:39,079 [pool-42-thread-1] INFO  server.RaftServerConfigKeys (ConfUtils.java:logGet(43)) - raft.server.log.force.sync.num = 128 (default)
2019-09-24 20:51:39,079 [pool-62-thread-1] INFO  server.RaftServerConfigKeys (ConfUtils.java:logGet(43)) - raft.server.log.segment.size.max = 1048576 (custom)
2019-09-24 20:51:39,079 [pool-42-thread-1] INFO  server.RaftServerConfigKeys (ConfUtils.java:logGet(43)) - raft.server.log.statemachine.data.sync = true (default)
2019-09-24 20:51:39,079 [pool-52-thread-1] INFO  server.RaftServerConfigKeys (ConfUtils.java:logGet(43)) - raft.server.log.queue.element-limit = 1024 (custom)
2019-09-24 20:51:39,080 [pool-52-thread-1] INFO  server.RaftServerConfigKeys (ConfUtils.java:logGet(43)) - raft.server.log.segment.size.max = 1048576 (custom)
2019-09-24 20:51:39,080 [pool-52-thread-1] INFO  server.RaftServerConfigKeys (ConfUtils.java:logGet(43)) - raft.server.log.preallocated.size = 16384 (custom)
2019-09-24 20:51:39,080 [pool-52-thread-1] INFO  server.RaftServerConfigKeys (ConfUtils.java:logGet(43)) - raft.server.log.write.buffer.size = 33554432 (custom)
2019-09-24 20:51:39,080 [pool-52-thread-1] INFO  server.RaftServerConfigKeys (ConfUtils.java:logGet(43)) - raft.server.log.force.sync.num = 128 (default)
2019-09-24 20:51:39,080 [pool-52-thread-1] INFO  server.RaftServerConfigKeys (ConfUtils.java:logGet(43)) - raft.server.log.statemachine.data.sync = true (default)
2019-09-24 20:51:39,079 [pool-42-thread-1] INFO  server.RaftServerConfigKeys (ConfUtils.java:logGet(43)) - raft.server.log.statemachine.data.sync.timeout = 10s (default)
2019-09-24 20:51:39,079 [pool-62-thread-1] INFO  server.RaftServerConfigKeys (ConfUtils.java:logGet(43)) - raft.server.log.preallocated.size = 16384 (custom)
2019-09-24 20:51:39,081 [pool-42-thread-1] INFO  server.RaftServerConfigKeys (ConfUtils.java:logGet(43)) - raft.server.log.statemachine.data.sync.timeout.retry = -1 (default)
2019-09-24 20:51:39,081 [pool-52-thread-1] INFO  server.RaftServerConfigKeys (ConfUtils.java:logGet(43)) - raft.server.log.statemachine.data.sync.timeout = 10s (default)
2019-09-24 20:51:39,081 [pool-42-thread-1] INFO  server.RaftServerConfigKeys (ConfUtils.java:logGet(43)) - raft.server.log.statemachine.data.caching.enabled = true (custom)
2019-09-24 20:51:39,081 [pool-62-thread-1] INFO  server.RaftServerConfigKeys (ConfUtils.java:logGet(43)) - raft.server.log.write.buffer.size = 33554432 (custom)
2019-09-24 20:51:39,081 [pool-52-thread-1] INFO  server.RaftServerConfigKeys (ConfUtils.java:logGet(43)) - raft.server.log.statemachine.data.sync.timeout.retry = -1 (default)
2019-09-24 20:51:39,082 [pool-62-thread-1] INFO  server.RaftServerConfigKeys (ConfUtils.java:logGet(43)) - raft.server.log.force.sync.num = 128 (default)
2019-09-24 20:51:39,082 [pool-42-thread-1] INFO  segmented.SegmentedRaftLogWorker (SegmentedRaftLogWorker.java:lambda$new$0(132)) - 473b372b-aa71-4132-b827-1ca7d656aace@group-2E3D9163E1BE-SegmentedRaftLogWorker: flushIndex: setUnconditionally 0 -> -1
2019-09-24 20:51:39,082 [pool-62-thread-1] INFO  server.RaftServerConfigKeys (ConfUtils.java:logGet(43)) - raft.server.log.statemachine.data.sync = true (default)
2019-09-24 20:51:39,082 [pool-52-thread-1] INFO  server.RaftServerConfigKeys (ConfUtils.java:logGet(43)) - raft.server.log.statemachine.data.caching.enabled = true (custom)
2019-09-24 20:51:39,082 [pool-62-thread-1] INFO  server.RaftServerConfigKeys (ConfUtils.java:logGet(43)) - raft.server.log.statemachine.data.sync.timeout = 10s (default)
2019-09-24 20:51:39,082 [pool-42-thread-1] INFO  server.RaftServerConfigKeys (ConfUtils.java:logGet(43)) - raft.server.snapshot.auto.trigger.enabled = true (custom)
2019-09-24 20:51:39,083 [pool-52-thread-1] INFO  segmented.SegmentedRaftLogWorker (SegmentedRaftLogWorker.java:lambda$new$0(132)) - 53ac8eaa-d5bb-424d-a69e-4b40bc10c29e@group-2E3D9163E1BE-SegmentedRaftLogWorker: flushIndex: setUnconditionally 0 -> -1
2019-09-24 20:51:39,083 [pool-62-thread-1] INFO  server.RaftServerConfigKeys (ConfUtils.java:logGet(43)) - raft.server.log.statemachine.data.sync.timeout.retry = -1 (default)
2019-09-24 20:51:39,083 [pool-52-thread-1] INFO  server.RaftServerConfigKeys (ConfUtils.java:logGet(43)) - raft.server.snapshot.auto.trigger.enabled = true (custom)
2019-09-24 20:51:39,083 [pool-62-thread-1] INFO  server.RaftServerConfigKeys (ConfUtils.java:logGet(43)) - raft.server.log.statemachine.data.caching.enabled = true (custom)
2019-09-24 20:51:39,083 [pool-42-thread-1] INFO  server.RaftServerConfigKeys (ConfUtils.java:logGet(43)) - raft.server.snapshot.auto.trigger.threshold = 10000 (custom)
2019-09-24 20:51:39,083 [pool-52-thread-1] INFO  server.RaftServerConfigKeys (ConfUtils.java:logGet(43)) - raft.server.snapshot.auto.trigger.threshold = 10000 (custom)
2019-09-24 20:51:39,084 [pool-62-thread-1] INFO  segmented.SegmentedRaftLogWorker (SegmentedRaftLogWorker.java:lambda$new$0(132)) - e35b1415-f60e-401b-8467-6059dde00d22@group-2E3D9163E1BE-SegmentedRaftLogWorker: flushIndex: setUnconditionally 0 -> -1
2019-09-24 20:51:39,084 [pool-42-thread-1] INFO  server.RaftServerConfigKeys (ConfUtils.java:logGet(43)) - raft.server.snapshot.retention.num.files = 5 (custom)
2019-09-24 20:51:39,084 [pool-52-thread-1] INFO  server.RaftServerConfigKeys (ConfUtils.java:logGet(43)) - raft.server.snapshot.retention.num.files = 5 (custom)
2019-09-24 20:51:39,084 [pool-42-thread-1] INFO  server.RaftServerConfigKeys (ConfUtils.java:logGet(43)) - raft.server.retrycache.expirytime = 600000ms (custom)
2019-09-24 20:51:39,084 [pool-62-thread-1] INFO  server.RaftServerConfigKeys (ConfUtils.java:logGet(43)) - raft.server.snapshot.auto.trigger.enabled = true (custom)
2019-09-24 20:51:39,084 [pool-52-thread-1] INFO  server.RaftServerConfigKeys (ConfUtils.java:logGet(43)) - raft.server.retrycache.expirytime = 600000ms (custom)
2019-09-24 20:51:39,085 [pool-62-thread-1] INFO  server.RaftServerConfigKeys (ConfUtils.java:logGet(43)) - raft.server.snapshot.auto.trigger.threshold = 10000 (custom)
2019-09-24 20:51:39,085 [pool-62-thread-1] INFO  server.RaftServerConfigKeys (ConfUtils.java:logGet(43)) - raft.server.snapshot.retention.num.files = 5 (custom)
2019-09-24 20:51:39,085 [pool-62-thread-1] INFO  server.RaftServerConfigKeys (ConfUtils.java:logGet(43)) - raft.server.retrycache.expirytime = 600000ms (custom)
2019-09-24 20:51:39,090 [pool-42-thread-1] INFO  impl.RaftServerImpl (RaftServerImpl.java:start(185)) - 473b372b-aa71-4132-b827-1ca7d656aace@group-2E3D9163E1BE: start as a follower, conf=-1: [473b372b-aa71-4132-b827-1ca7d656aace:192.168.151.77:42963, 53ac8eaa-d5bb-424d-a69e-4b40bc10c29e:192.168.151.77:34604, e35b1415-f60e-401b-8467-6059dde00d22:192.168.151.77:43571], old=null
2019-09-24 20:51:39,090 [pool-42-thread-1] INFO  impl.RaftServerImpl (RaftServerImpl.java:setRole(174)) - 473b372b-aa71-4132-b827-1ca7d656aace@group-2E3D9163E1BE: changes role from      null to FOLLOWER at term 0 for startAsFollower
2019-09-24 20:51:39,090 [pool-42-thread-1] INFO  impl.RoleInfo (RoleInfo.java:updateAndGet(143)) - 473b372b-aa71-4132-b827-1ca7d656aace: start FollowerState
2019-09-24 20:51:39,091 [pool-52-thread-1] INFO  impl.RaftServerImpl (RaftServerImpl.java:start(185)) - 53ac8eaa-d5bb-424d-a69e-4b40bc10c29e@group-2E3D9163E1BE: start as a follower, conf=-1: [473b372b-aa71-4132-b827-1ca7d656aace:192.168.151.77:42963, 53ac8eaa-d5bb-424d-a69e-4b40bc10c29e:192.168.151.77:34604, e35b1415-f60e-401b-8467-6059dde00d22:192.168.151.77:43571], old=null
2019-09-24 20:51:39,091 [pool-42-thread-1] INFO  util.JmxRegister (JmxRegister.java:tryRegister(44)) - Successfully registered JMX Bean with object name Ratis:service=RaftServer,group=group-2E3D9163E1BE,id=473b372b-aa71-4132-b827-1ca7d656aace
2019-09-24 20:51:39,091 [pool-52-thread-1] INFO  impl.RaftServerImpl (RaftServerImpl.java:setRole(174)) - 53ac8eaa-d5bb-424d-a69e-4b40bc10c29e@group-2E3D9163E1BE: changes role from      null to FOLLOWER at term 0 for startAsFollower
2019-09-24 20:51:39,091 [pool-62-thread-1] INFO  impl.RaftServerImpl (RaftServerImpl.java:start(185)) - e35b1415-f60e-401b-8467-6059dde00d22@group-2E3D9163E1BE: start as a follower, conf=-1: [473b372b-aa71-4132-b827-1ca7d656aace:192.168.151.77:42963, 53ac8eaa-d5bb-424d-a69e-4b40bc10c29e:192.168.151.77:34604, e35b1415-f60e-401b-8467-6059dde00d22:192.168.151.77:43571], old=null
2019-09-24 20:51:39,091 [pool-52-thread-1] INFO  impl.RoleInfo (RoleInfo.java:updateAndGet(143)) - 53ac8eaa-d5bb-424d-a69e-4b40bc10c29e: start FollowerState
2019-09-24 20:51:39,091 [pool-62-thread-1] INFO  impl.RaftServerImpl (RaftServerImpl.java:setRole(174)) - e35b1415-f60e-401b-8467-6059dde00d22@group-2E3D9163E1BE: changes role from      null to FOLLOWER at term 0 for startAsFollower
2019-09-24 20:51:39,092 [pool-62-thread-1] INFO  impl.RoleInfo (RoleInfo.java:updateAndGet(143)) - e35b1415-f60e-401b-8467-6059dde00d22: start FollowerState
2019-09-24 20:51:39,092 [pool-52-thread-1] INFO  util.JmxRegister (JmxRegister.java:tryRegister(44)) - Successfully registered JMX Bean with object name Ratis:service=RaftServer,group=group-2E3D9163E1BE,id=53ac8eaa-d5bb-424d-a69e-4b40bc10c29e
2019-09-24 20:51:39,092 [pool-62-thread-1] INFO  util.JmxRegister (JmxRegister.java:tryRegister(44)) - Successfully registered JMX Bean with object name Ratis:service=RaftServer,group=group-2E3D9163E1BE,id=e35b1415-f60e-401b-8467-6059dde00d22
2019-09-24 20:51:39,119 [RatisPipelineUtilsThread] INFO  pipeline.PipelineStateManager (PipelineStateManager.java:addPipeline(56)) - Created pipeline Pipeline[ Id: 50c5d517-7283-4055-aa74-2e3d9163e1be, Nodes: 53ac8eaa-d5bb-424d-a69e-4b40bc10c29e{ip: 192.168.151.77, host: pr-hdds-2149-mjjcq-3576968246, networkLocation: /rack1, certSerialId: null}e35b1415-f60e-401b-8467-6059dde00d22{ip: 192.168.151.77, host: pr-hdds-2149-mjjcq-3576968246, networkLocation: /rack1, certSerialId: null}473b372b-aa71-4132-b827-1ca7d656aace{ip: 192.168.151.77, host: pr-hdds-2149-mjjcq-3576968246, networkLocation: /rack1, certSerialId: null}, Type:RATIS, Factor:THREE, State:OPEN]
2019-09-24 20:51:39,122 [IPC Server handler 0 on 35674] WARN  block.BlockManagerImpl (BlockManagerImpl.java:allocateBlock(192)) - Pipeline creation failed for type:RATIS factor:THREE. Retrying get pipelines call once.
org.apache.hadoop.hdds.scm.pipeline.InsufficientDatanodesException: Cannot create pipeline of factor 3 using 1 nodes.
	at org.apache.hadoop.hdds.scm.pipeline.RatisPipelineProvider.create(RatisPipelineProvider.java:153)
	at org.apache.hadoop.hdds.scm.pipeline.PipelineFactory.create(PipelineFactory.java:58)
	at org.apache.hadoop.hdds.scm.pipeline.SCMPipelineManager.createPipeline(SCMPipelineManager.java:155)
	at org.apache.hadoop.hdds.scm.block.BlockManagerImpl.allocateBlock(BlockManagerImpl.java:190)
	at org.apache.hadoop.hdds.scm.server.SCMBlockProtocolServer.allocateBlock(SCMBlockProtocolServer.java:182)
	at org.apache.hadoop.ozone.protocolPB.ScmBlockLocationProtocolServerSideTranslatorPB.allocateScmBlock(ScmBlockLocationProtocolServerSideTranslatorPB.java:183)
	at org.apache.hadoop.ozone.protocolPB.ScmBlockLocationProtocolServerSideTranslatorPB.processMessage(ScmBlockLocationProtocolServerSideTranslatorPB.java:141)
	at org.apache.hadoop.ozone.protocolPB.ScmBlockLocationProtocolServerSideTranslatorPB.send(ScmBlockLocationProtocolServerSideTranslatorPB.java:116)
	at org.apache.hadoop.hdds.protocol.proto.ScmBlockLocationProtocolProtos$ScmBlockLocationProtocolService$2.callBlockingMethod(ScmBlockLocationProtocolProtos.java:13157)
	at org.apache.hadoop.ipc.ProtobufRpcEngine$Server$ProtoBufRpcInvoker.call(ProtobufRpcEngine.java:524)
	at org.apache.hadoop.ipc.RPC$Server.call(RPC.java:1025)
	at org.apache.hadoop.ipc.Server$RpcCall.run(Server.java:876)
	at org.apache.hadoop.ipc.Server$RpcCall.run(Server.java:822)
	at java.security.AccessController.doPrivileged(Native Method)
	at javax.security.auth.Subject.doAs(Subject.java:422)
	at org.apache.hadoop.security.UserGroupInformation.doAs(UserGroupInformation.java:1730)
	at org.apache.hadoop.ipc.Server$Handler.run(Server.java:2682)
2019-09-24 20:51:39,213 [Thread-202] INFO  impl.MetricsSystemImpl (MetricsSystemImpl.java:init(158)) - XceiverClientMetrics metrics system started (again)
2019-09-24 20:51:39,411 [Thread-198] INFO  container.ReplicationManager (ReplicationManager.java:start(162)) - Starting Replication Monitor Thread.
2019-09-24 20:51:39,415 [ReplicationMonitor] INFO  container.ReplicationManager (ReplicationManager.java:run(225)) - Replication Monitor Thread took 3 milliseconds for processing 1 containers.
2019-09-24 20:51:43,743 [Thread-205] INFO  impl.FollowerState (FollowerState.java:run(106)) - e971f57d-41f6-4acd-bb8d-b972efa48652:group-46B778955078 changes to CANDIDATE, lastRpcTime:5104, electionTimeout:5104ms
2019-09-24 20:51:43,745 [Thread-205] INFO  impl.RoleInfo (RoleInfo.java:shutdownFollowerState(121)) - e971f57d-41f6-4acd-bb8d-b972efa48652: shutdown FollowerState
2019-09-24 20:51:43,746 [Thread-205] INFO  impl.RaftServerImpl (RaftServerImpl.java:setRole(174)) - e971f57d-41f6-4acd-bb8d-b972efa48652@group-46B778955078: changes role from  FOLLOWER to CANDIDATE at term 0 for changeToCandidate
2019-09-24 20:51:43,746 [Thread-205] INFO  impl.RoleInfo (RoleInfo.java:updateAndGet(143)) - e971f57d-41f6-4acd-bb8d-b972efa48652: start LeaderElection
2019-09-24 20:51:43,895 [Thread-208] INFO  impl.FollowerState (FollowerState.java:run(106)) - 53ac8eaa-d5bb-424d-a69e-4b40bc10c29e:group-C1469BA574C2 changes to CANDIDATE, lastRpcTime:5121, electionTimeout:5121ms
2019-09-24 20:51:43,896 [Thread-208] INFO  impl.RoleInfo (RoleInfo.java:shutdownFollowerState(121)) - 53ac8eaa-d5bb-424d-a69e-4b40bc10c29e: shutdown FollowerState
2019-09-24 20:51:43,896 [Thread-208] INFO  impl.RaftServerImpl (RaftServerImpl.java:setRole(174)) - 53ac8eaa-d5bb-424d-a69e-4b40bc10c29e@group-C1469BA574C2: changes role from  FOLLOWER to CANDIDATE at term 0 for changeToCandidate
2019-09-24 20:51:43,896 [Thread-208] INFO  impl.RoleInfo (RoleInfo.java:updateAndGet(143)) - 53ac8eaa-d5bb-424d-a69e-4b40bc10c29e: start LeaderElection
2019-09-24 20:51:44,030 [Thread-212] INFO  impl.FollowerState (FollowerState.java:run(106)) - e35b1415-f60e-401b-8467-6059dde00d22:group-E00EE2FF61F9 changes to CANDIDATE, lastRpcTime:5154, electionTimeout:5154ms
2019-09-24 20:51:44,031 [Thread-212] INFO  impl.RoleInfo (RoleInfo.java:shutdownFollowerState(121)) - e35b1415-f60e-401b-8467-6059dde00d22: shutdown FollowerState
2019-09-24 20:51:44,031 [Thread-212] INFO  impl.RaftServerImpl (RaftServerImpl.java:setRole(174)) - e35b1415-f60e-401b-8467-6059dde00d22@group-E00EE2FF61F9: changes role from  FOLLOWER to CANDIDATE at term 0 for changeToCandidate
2019-09-24 20:51:44,031 [Thread-212] INFO  impl.RoleInfo (RoleInfo.java:updateAndGet(143)) - e35b1415-f60e-401b-8467-6059dde00d22: start LeaderElection
2019-09-24 20:51:44,096 [Thread-223] INFO  impl.FollowerState (FollowerState.java:run(106)) - e35b1415-f60e-401b-8467-6059dde00d22:group-2E3D9163E1BE changes to CANDIDATE, lastRpcTime:5004, electionTimeout:5004ms
2019-09-24 20:51:44,097 [Thread-223] INFO  impl.RoleInfo (RoleInfo.java:shutdownFollowerState(121)) - e35b1415-f60e-401b-8467-6059dde00d22: shutdown FollowerState
2019-09-24 20:51:44,097 [Thread-223] INFO  impl.RaftServerImpl (RaftServerImpl.java:setRole(174)) - e35b1415-f60e-401b-8467-6059dde00d22@group-2E3D9163E1BE: changes role from  FOLLOWER to CANDIDATE at term 0 for changeToCandidate
2019-09-24 20:51:44,097 [Thread-223] INFO  impl.RoleInfo (RoleInfo.java:updateAndGet(143)) - e35b1415-f60e-401b-8467-6059dde00d22: start LeaderElection
2019-09-24 20:51:44,117 [Thread-215] INFO  impl.FollowerState (FollowerState.java:run(106)) - 473b372b-aa71-4132-b827-1ca7d656aace:group-87A2B2B1141D changes to CANDIDATE, lastRpcTime:5150, electionTimeout:5150ms
2019-09-24 20:51:44,117 [Thread-215] INFO  impl.RoleInfo (RoleInfo.java:shutdownFollowerState(121)) - 473b372b-aa71-4132-b827-1ca7d656aace: shutdown FollowerState
2019-09-24 20:51:44,117 [Thread-215] INFO  impl.RaftServerImpl (RaftServerImpl.java:setRole(174)) - 473b372b-aa71-4132-b827-1ca7d656aace@group-87A2B2B1141D: changes role from  FOLLOWER to CANDIDATE at term 0 for changeToCandidate
2019-09-24 20:51:44,117 [Thread-215] INFO  impl.RoleInfo (RoleInfo.java:updateAndGet(143)) - 473b372b-aa71-4132-b827-1ca7d656aace: start LeaderElection
2019-09-24 20:51:44,216 [Thread-220] INFO  impl.FollowerState (FollowerState.java:run(106)) - 473b372b-aa71-4132-b827-1ca7d656aace:group-2E3D9163E1BE changes to CANDIDATE, lastRpcTime:5125, electionTimeout:5125ms
2019-09-24 20:51:44,216 [Thread-220] INFO  impl.RoleInfo (RoleInfo.java:shutdownFollowerState(121)) - 473b372b-aa71-4132-b827-1ca7d656aace: shutdown FollowerState
2019-09-24 20:51:44,216 [Thread-220] INFO  impl.RaftServerImpl (RaftServerImpl.java:setRole(174)) - 473b372b-aa71-4132-b827-1ca7d656aace@group-2E3D9163E1BE: changes role from  FOLLOWER to CANDIDATE at term 0 for changeToCandidate
2019-09-24 20:51:44,217 [Thread-220] INFO  impl.RoleInfo (RoleInfo.java:updateAndGet(143)) - 473b372b-aa71-4132-b827-1ca7d656aace: start LeaderElection
2019-09-24 20:51:44,269 [Thread-221] INFO  impl.FollowerState (FollowerState.java:run(106)) - 53ac8eaa-d5bb-424d-a69e-4b40bc10c29e:group-2E3D9163E1BE changes to CANDIDATE, lastRpcTime:5177, electionTimeout:5177ms
2019-09-24 20:51:44,269 [Thread-221] INFO  impl.RoleInfo (RoleInfo.java:shutdownFollowerState(121)) - 53ac8eaa-d5bb-424d-a69e-4b40bc10c29e: shutdown FollowerState
2019-09-24 20:51:44,269 [Thread-221] INFO  impl.RaftServerImpl (RaftServerImpl.java:setRole(174)) - 53ac8eaa-d5bb-424d-a69e-4b40bc10c29e@group-2E3D9163E1BE: changes role from  FOLLOWER to CANDIDATE at term 0 for changeToCandidate
2019-09-24 20:51:44,270 [Thread-221] INFO  impl.RoleInfo (RoleInfo.java:updateAndGet(143)) - 53ac8eaa-d5bb-424d-a69e-4b40bc10c29e: start LeaderElection
2019-09-24 20:51:45,311 [53ac8eaa-d5bb-424d-a69e-4b40bc10c29e@group-C1469BA574C2:LeaderElection3] INFO  impl.LeaderElection (LeaderElection.java:askForVotes(182)) - 53ac8eaa-d5bb-424d-a69e-4b40bc10c29e@group-C1469BA574C2:LeaderElection3: begin an election at term 1 for -1: [53ac8eaa-d5bb-424d-a69e-4b40bc10c29e:192.168.151.77:34604], old=null
2019-09-24 20:51:45,311 [e971f57d-41f6-4acd-bb8d-b972efa48652@group-46B778955078:LeaderElection2] INFO  impl.LeaderElection (LeaderElection.java:askForVotes(182)) - e971f57d-41f6-4acd-bb8d-b972efa48652@group-46B778955078:LeaderElection2: begin an election at term 1 for -1: [e971f57d-41f6-4acd-bb8d-b972efa48652:192.168.151.77:33127], old=null
2019-09-24 20:51:45,311 [e35b1415-f60e-401b-8467-6059dde00d22@group-E00EE2FF61F9:LeaderElection4] INFO  impl.LeaderElection (LeaderElection.java:askForVotes(182)) - e35b1415-f60e-401b-8467-6059dde00d22@group-E00EE2FF61F9:LeaderElection4: begin an election at term 1 for -1: [e35b1415-f60e-401b-8467-6059dde00d22:192.168.151.77:43571], old=null
2019-09-24 20:51:45,313 [e971f57d-41f6-4acd-bb8d-b972efa48652@group-46B778955078:LeaderElection2] INFO  impl.RoleInfo (RoleInfo.java:shutdownLeaderElection(134)) - e971f57d-41f6-4acd-bb8d-b972efa48652: shutdown LeaderElection
2019-09-24 20:51:45,313 [53ac8eaa-d5bb-424d-a69e-4b40bc10c29e@group-C1469BA574C2:LeaderElection3] INFO  impl.RoleInfo (RoleInfo.java:shutdownLeaderElection(134)) - 53ac8eaa-d5bb-424d-a69e-4b40bc10c29e: shutdown LeaderElection
2019-09-24 20:51:45,313 [e971f57d-41f6-4acd-bb8d-b972efa48652@group-46B778955078:LeaderElection2] INFO  impl.RaftServerImpl (RaftServerImpl.java:setRole(174)) - e971f57d-41f6-4acd-bb8d-b972efa48652@group-46B778955078: changes role from CANDIDATE to LEADER at term 1 for changeToLeader
2019-09-24 20:51:45,313 [e35b1415-f60e-401b-8467-6059dde00d22@group-E00EE2FF61F9:LeaderElection4] INFO  impl.RoleInfo (RoleInfo.java:shutdownLeaderElection(134)) - e35b1415-f60e-401b-8467-6059dde00d22: shutdown LeaderElection
2019-09-24 20:51:45,314 [e971f57d-41f6-4acd-bb8d-b972efa48652@group-46B778955078:LeaderElection2] INFO  impl.RaftServerImpl (ServerState.java:setLeader(253)) - e971f57d-41f6-4acd-bb8d-b972efa48652@group-46B778955078: change Leader from null to e971f57d-41f6-4acd-bb8d-b972efa48652 at term 1 for becomeLeader, leader elected after 6734ms
2019-09-24 20:51:45,314 [53ac8eaa-d5bb-424d-a69e-4b40bc10c29e@group-C1469BA574C2:LeaderElection3] INFO  impl.RaftServerImpl (RaftServerImpl.java:setRole(174)) - 53ac8eaa-d5bb-424d-a69e-4b40bc10c29e@group-C1469BA574C2: changes role from CANDIDATE to LEADER at term 1 for changeToLeader
2019-09-24 20:51:45,314 [e971f57d-41f6-4acd-bb8d-b972efa48652@group-46B778955078:LeaderElection2] INFO  server.RaftServerConfigKeys (ConfUtils.java:logGet(43)) - raft.server.staging.catchup.gap = 1000 (default)
2019-09-24 20:51:45,314 [53ac8eaa-d5bb-424d-a69e-4b40bc10c29e@group-C1469BA574C2:LeaderElection3] INFO  impl.RaftServerImpl (ServerState.java:setLeader(253)) - 53ac8eaa-d5bb-424d-a69e-4b40bc10c29e@group-C1469BA574C2: change Leader from null to 53ac8eaa-d5bb-424d-a69e-4b40bc10c29e at term 1 for becomeLeader, leader elected after 6551ms
2019-09-24 20:51:45,314 [e35b1415-f60e-401b-8467-6059dde00d22@group-E00EE2FF61F9:LeaderElection4] INFO  impl.RaftServerImpl (RaftServerImpl.java:setRole(174)) - e35b1415-f60e-401b-8467-6059dde00d22@group-E00EE2FF61F9: changes role from CANDIDATE to LEADER at term 1 for changeToLeader
2019-09-24 20:51:45,316 [53ac8eaa-d5bb-424d-a69e-4b40bc10c29e@group-C1469BA574C2:LeaderElection3] INFO  server.RaftServerConfigKeys (ConfUtils.java:logGet(43)) - raft.server.staging.catchup.gap = 1000 (default)
2019-09-24 20:51:45,314 [e971f57d-41f6-4acd-bb8d-b972efa48652@group-46B778955078:LeaderElection2] INFO  server.RaftServerConfigKeys (ConfUtils.java:logGet(43)) - raft.server.rpc.sleep.time = 25ms (default)
2019-09-24 20:51:45,316 [53ac8eaa-d5bb-424d-a69e-4b40bc10c29e@group-C1469BA574C2:LeaderElection3] INFO  server.RaftServerConfigKeys (ConfUtils.java:logGet(43)) - raft.server.rpc.sleep.time = 25ms (default)
2019-09-24 20:51:45,316 [e971f57d-41f6-4acd-bb8d-b972efa48652@group-46B778955078:LeaderElection2] INFO  server.RaftServerConfigKeys (ConfUtils.java:logGet(43)) - raft.server.write.element-limit = 4096 (default)
2019-09-24 20:51:45,316 [e35b1415-f60e-401b-8467-6059dde00d22@group-E00EE2FF61F9:LeaderElection4] INFO  impl.RaftServerImpl (ServerState.java:setLeader(253)) - e35b1415-f60e-401b-8467-6059dde00d22@group-E00EE2FF61F9: change Leader from null to e35b1415-f60e-401b-8467-6059dde00d22 at term 1 for becomeLeader, leader elected after 6455ms
2019-09-24 20:51:45,316 [e971f57d-41f6-4acd-bb8d-b972efa48652@group-46B778955078:LeaderElection2] INFO  server.RaftServerConfigKeys (ConfUtils.java:logGet(43)) - raft.server.watch.timeout = 10s (default)
2019-09-24 20:51:45,316 [53ac8eaa-d5bb-424d-a69e-4b40bc10c29e@group-C1469BA574C2:LeaderElection3] INFO  server.RaftServerConfigKeys (ConfUtils.java:logGet(43)) - raft.server.write.element-limit = 4096 (default)
2019-09-24 20:51:45,318 [e971f57d-41f6-4acd-bb8d-b972efa48652@group-46B778955078:LeaderElection2] INFO  server.RaftServerConfigKeys (ConfUtils.java:logGet(43)) - raft.server.watch.timeout.denomination = 1s (default)
2019-09-24 20:51:45,318 [e35b1415-f60e-401b-8467-6059dde00d22@group-E00EE2FF61F9:LeaderElection4] INFO  server.RaftServerConfigKeys (ConfUtils.java:logGet(43)) - raft.server.staging.catchup.gap = 1000 (default)
2019-09-24 20:51:45,318 [e971f57d-41f6-4acd-bb8d-b972efa48652@group-46B778955078:LeaderElection2] INFO  server.RaftServerConfigKeys (ConfUtils.java:logGet(43)) - raft.server.watch.element-limit = 65536 (default)
2019-09-24 20:51:45,318 [53ac8eaa-d5bb-424d-a69e-4b40bc10c29e@group-C1469BA574C2:LeaderElection3] INFO  server.RaftServerConfigKeys (ConfUtils.java:logGet(43)) - raft.server.watch.timeout = 10s (default)
2019-09-24 20:51:45,318 [e35b1415-f60e-401b-8467-6059dde00d22@group-E00EE2FF61F9:LeaderElection4] INFO  server.RaftServerConfigKeys (ConfUtils.java:logGet(43)) - raft.server.rpc.sleep.time = 25ms (default)
2019-09-24 20:51:45,319 [53ac8eaa-d5bb-424d-a69e-4b40bc10c29e@group-C1469BA574C2:LeaderElection3] INFO  server.RaftServerConfigKeys (ConfUtils.java:logGet(43)) - raft.server.watch.timeout.denomination = 1s (default)
2019-09-24 20:51:45,319 [e35b1415-f60e-401b-8467-6059dde00d22@group-2E3D9163E1BE:LeaderElection5] INFO  impl.LeaderElection (LeaderElection.java:askForVotes(182)) - e35b1415-f60e-401b-8467-6059dde00d22@group-2E3D9163E1BE:LeaderElection5: begin an election at term 1 for -1: [473b372b-aa71-4132-b827-1ca7d656aace:192.168.151.77:42963, 53ac8eaa-d5bb-424d-a69e-4b40bc10c29e:192.168.151.77:34604, e35b1415-f60e-401b-8467-6059dde00d22:192.168.151.77:43571], old=null
2019-09-24 20:51:45,319 [53ac8eaa-d5bb-424d-a69e-4b40bc10c29e@group-2E3D9163E1BE:LeaderElection8] INFO  impl.LeaderElection (LeaderElection.java:askForVotes(182)) - 53ac8eaa-d5bb-424d-a69e-4b40bc10c29e@group-2E3D9163E1BE:LeaderElection8: begin an election at term 1 for -1: [473b372b-aa71-4132-b827-1ca7d656aace:192.168.151.77:42963, 53ac8eaa-d5bb-424d-a69e-4b40bc10c29e:192.168.151.77:34604, e35b1415-f60e-401b-8467-6059dde00d22:192.168.151.77:43571], old=null
2019-09-24 20:51:45,319 [473b372b-aa71-4132-b827-1ca7d656aace@group-2E3D9163E1BE:LeaderElection7] INFO  impl.LeaderElection (LeaderElection.java:askForVotes(182)) - 473b372b-aa71-4132-b827-1ca7d656aace@group-2E3D9163E1BE:LeaderElection7: begin an election at term 1 for -1: [473b372b-aa71-4132-b827-1ca7d656aace:192.168.151.77:42963, 53ac8eaa-d5bb-424d-a69e-4b40bc10c29e:192.168.151.77:34604, e35b1415-f60e-401b-8467-6059dde00d22:192.168.151.77:43571], old=null
2019-09-24 20:51:45,319 [53ac8eaa-d5bb-424d-a69e-4b40bc10c29e@group-C1469BA574C2:LeaderElection3] INFO  server.RaftServerConfigKeys (ConfUtils.java:logGet(43)) - raft.server.watch.element-limit = 65536 (default)
2019-09-24 20:51:45,319 [e35b1415-f60e-401b-8467-6059dde00d22@group-E00EE2FF61F9:LeaderElection4] INFO  server.RaftServerConfigKeys (ConfUtils.java:logGet(43)) - raft.server.write.element-limit = 4096 (default)
2019-09-24 20:51:45,319 [473b372b-aa71-4132-b827-1ca7d656aace@group-87A2B2B1141D:LeaderElection6] INFO  impl.LeaderElection (LeaderElection.java:askForVotes(182)) - 473b372b-aa71-4132-b827-1ca7d656aace@group-87A2B2B1141D:LeaderElection6: begin an election at term 1 for -1: [473b372b-aa71-4132-b827-1ca7d656aace:192.168.151.77:42963], old=null
2019-09-24 20:51:45,320 [e35b1415-f60e-401b-8467-6059dde00d22@group-E00EE2FF61F9:LeaderElection4] INFO  server.RaftServerConfigKeys (ConfUtils.java:logGet(43)) - raft.server.watch.timeout = 10s (default)
2019-09-24 20:51:45,320 [473b372b-aa71-4132-b827-1ca7d656aace@group-87A2B2B1141D:LeaderElection6] INFO  impl.RoleInfo (RoleInfo.java:shutdownLeaderElection(134)) - 473b372b-aa71-4132-b827-1ca7d656aace: shutdown LeaderElection
2019-09-24 20:51:45,320 [e35b1415-f60e-401b-8467-6059dde00d22@group-E00EE2FF61F9:LeaderElection4] INFO  server.RaftServerConfigKeys (ConfUtils.java:logGet(43)) - raft.server.watch.timeout.denomination = 1s (default)
2019-09-24 20:51:45,320 [473b372b-aa71-4132-b827-1ca7d656aace@group-87A2B2B1141D:LeaderElection6] INFO  impl.RaftServerImpl (RaftServerImpl.java:setRole(174)) - 473b372b-aa71-4132-b827-1ca7d656aace@group-87A2B2B1141D: changes role from CANDIDATE to LEADER at term 1 for changeToLeader
2019-09-24 20:51:45,320 [e35b1415-f60e-401b-8467-6059dde00d22@group-E00EE2FF61F9:LeaderElection4] INFO  server.RaftServerConfigKeys (ConfUtils.java:logGet(43)) - raft.server.watch.element-limit = 65536 (default)
2019-09-24 20:51:45,320 [473b372b-aa71-4132-b827-1ca7d656aace@group-87A2B2B1141D:LeaderElection6] INFO  impl.RaftServerImpl (ServerState.java:setLeader(253)) - 473b372b-aa71-4132-b827-1ca7d656aace@group-87A2B2B1141D: change Leader from null to 473b372b-aa71-4132-b827-1ca7d656aace at term 1 for becomeLeader, leader elected after 6363ms
2019-09-24 20:51:45,322 [473b372b-aa71-4132-b827-1ca7d656aace@group-87A2B2B1141D:LeaderElection6] INFO  server.RaftServerConfigKeys (ConfUtils.java:logGet(43)) - raft.server.staging.catchup.gap = 1000 (default)
2019-09-24 20:51:45,322 [473b372b-aa71-4132-b827-1ca7d656aace@group-87A2B2B1141D:LeaderElection6] INFO  server.RaftServerConfigKeys (ConfUtils.java:logGet(43)) - raft.server.rpc.sleep.time = 25ms (default)
2019-09-24 20:51:45,323 [473b372b-aa71-4132-b827-1ca7d656aace@group-87A2B2B1141D:LeaderElection6] INFO  server.RaftServerConfigKeys (ConfUtils.java:logGet(43)) - raft.server.write.element-limit = 4096 (default)
2019-09-24 20:51:45,323 [473b372b-aa71-4132-b827-1ca7d656aace@group-87A2B2B1141D:LeaderElection6] INFO  server.RaftServerConfigKeys (ConfUtils.java:logGet(43)) - raft.server.watch.timeout = 10s (default)
2019-09-24 20:51:45,323 [473b372b-aa71-4132-b827-1ca7d656aace@group-87A2B2B1141D:LeaderElection6] INFO  server.RaftServerConfigKeys (ConfUtils.java:logGet(43)) - raft.server.watch.timeout.denomination = 1s (default)
2019-09-24 20:51:45,323 [473b372b-aa71-4132-b827-1ca7d656aace@group-87A2B2B1141D:LeaderElection6] INFO  server.RaftServerConfigKeys (ConfUtils.java:logGet(43)) - raft.server.watch.element-limit = 65536 (default)
2019-09-24 20:51:45,325 [e971f57d-41f6-4acd-bb8d-b972efa48652@group-46B778955078:LeaderElection2] INFO  impl.RoleInfo (RoleInfo.java:updateAndGet(143)) - e971f57d-41f6-4acd-bb8d-b972efa48652: start LeaderState
2019-09-24 20:51:45,326 [e971f57d-41f6-4acd-bb8d-b972efa48652@group-46B778955078:LeaderElection2] INFO  segmented.SegmentedRaftLogWorker (SegmentedRaftLogWorker.java:startLogSegment(380)) - e971f57d-41f6-4acd-bb8d-b972efa48652@group-46B778955078-SegmentedRaftLogWorker: Starting segment from index:0
2019-09-24 20:51:45,326 [e971f57d-41f6-4acd-bb8d-b972efa48652@group-46B778955078:LeaderElection2] INFO  impl.RaftServerImpl (ServerState.java:setRaftConf(354)) - e971f57d-41f6-4acd-bb8d-b972efa48652@group-46B778955078: set configuration 0: [e971f57d-41f6-4acd-bb8d-b972efa48652:192.168.151.77:33127], old=null at 0
2019-09-24 20:51:45,340 [53ac8eaa-d5bb-424d-a69e-4b40bc10c29e@group-C1469BA574C2:LeaderElection3] INFO  impl.RoleInfo (RoleInfo.java:updateAndGet(143)) - 53ac8eaa-d5bb-424d-a69e-4b40bc10c29e: start LeaderState
2019-09-24 20:51:45,341 [53ac8eaa-d5bb-424d-a69e-4b40bc10c29e@group-C1469BA574C2:LeaderElection3] INFO  segmented.SegmentedRaftLogWorker (SegmentedRaftLogWorker.java:startLogSegment(380)) - 53ac8eaa-d5bb-424d-a69e-4b40bc10c29e@group-C1469BA574C2-SegmentedRaftLogWorker: Starting segment from index:0
2019-09-24 20:51:45,341 [e35b1415-f60e-401b-8467-6059dde00d22@group-E00EE2FF61F9:LeaderElection4] INFO  impl.RoleInfo (RoleInfo.java:updateAndGet(143)) - e35b1415-f60e-401b-8467-6059dde00d22: start LeaderState
2019-09-24 20:51:45,341 [53ac8eaa-d5bb-424d-a69e-4b40bc10c29e@group-C1469BA574C2:LeaderElection3] INFO  impl.RaftServerImpl (ServerState.java:setRaftConf(354)) - 53ac8eaa-d5bb-424d-a69e-4b40bc10c29e@group-C1469BA574C2: set configuration 0: [53ac8eaa-d5bb-424d-a69e-4b40bc10c29e:192.168.151.77:34604], old=null at 0
2019-09-24 20:51:45,342 [473b372b-aa71-4132-b827-1ca7d656aace@group-87A2B2B1141D:LeaderElection6] INFO  impl.RoleInfo (RoleInfo.java:updateAndGet(143)) - 473b372b-aa71-4132-b827-1ca7d656aace: start LeaderState
2019-09-24 20:51:45,355 [e971f57d-41f6-4acd-bb8d-b972efa48652@group-46B778955078-SegmentedRaftLogWorker] INFO  segmented.SegmentedRaftLogWorker (SegmentedRaftLogWorker.java:execute(569)) - e971f57d-41f6-4acd-bb8d-b972efa48652@group-46B778955078-SegmentedRaftLogWorker: created new log segment /workdir/hadoop-ozone/integration-test/target/test-dir/MiniOzoneClusterImpl-f2398cfc-f31b-477c-b5a0-70704157f1f0/datanode-0/data/ratis/26db3492-d141-41a5-b7fe-46b778955078/current/log_inprogress_0
2019-09-24 20:51:45,342 [e35b1415-f60e-401b-8467-6059dde00d22@group-E00EE2FF61F9:LeaderElection4] INFO  segmented.SegmentedRaftLogWorker (SegmentedRaftLogWorker.java:startLogSegment(380)) - e35b1415-f60e-401b-8467-6059dde00d22@group-E00EE2FF61F9-SegmentedRaftLogWorker: Starting segment from index:0
2019-09-24 20:51:45,356 [473b372b-aa71-4132-b827-1ca7d656aace@group-87A2B2B1141D:LeaderElection6] INFO  segmented.SegmentedRaftLogWorker (SegmentedRaftLogWorker.java:startLogSegment(380)) - 473b372b-aa71-4132-b827-1ca7d656aace@group-87A2B2B1141D-SegmentedRaftLogWorker: Starting segment from index:0
2019-09-24 20:51:45,356 [e35b1415-f60e-401b-8467-6059dde00d22@group-E00EE2FF61F9:LeaderElection4] INFO  impl.RaftServerImpl (ServerState.java:setRaftConf(354)) - e35b1415-f60e-401b-8467-6059dde00d22@group-E00EE2FF61F9: set configuration 0: [e35b1415-f60e-401b-8467-6059dde00d22:192.168.151.77:43571], old=null at 0
2019-09-24 20:51:45,356 [473b372b-aa71-4132-b827-1ca7d656aace@group-87A2B2B1141D:LeaderElection6] INFO  impl.RaftServerImpl (ServerState.java:setRaftConf(354)) - 473b372b-aa71-4132-b827-1ca7d656aace@group-87A2B2B1141D: set configuration 0: [473b372b-aa71-4132-b827-1ca7d656aace:192.168.151.77:42963], old=null at 0
2019-09-24 20:51:45,384 [473b372b-aa71-4132-b827-1ca7d656aace@group-87A2B2B1141D-SegmentedRaftLogWorker] INFO  segmented.SegmentedRaftLogWorker (SegmentedRaftLogWorker.java:execute(569)) - 473b372b-aa71-4132-b827-1ca7d656aace@group-87A2B2B1141D-SegmentedRaftLogWorker: created new log segment /workdir/hadoop-ozone/integration-test/target/test-dir/MiniOzoneClusterImpl-f2398cfc-f31b-477c-b5a0-70704157f1f0/datanode-1/data/ratis/d33493ac-89cd-43b9-8e3a-87a2b2b1141d/current/log_inprogress_0
2019-09-24 20:51:45,384 [e35b1415-f60e-401b-8467-6059dde00d22@group-E00EE2FF61F9-SegmentedRaftLogWorker] INFO  segmented.SegmentedRaftLogWorker (SegmentedRaftLogWorker.java:execute(569)) - e35b1415-f60e-401b-8467-6059dde00d22@group-E00EE2FF61F9-SegmentedRaftLogWorker: created new log segment /workdir/hadoop-ozone/integration-test/target/test-dir/MiniOzoneClusterImpl-f2398cfc-f31b-477c-b5a0-70704157f1f0/datanode-3/data/ratis/d83b8c8d-54e3-4146-9441-e00ee2ff61f9/current/log_inprogress_0
2019-09-24 20:51:45,384 [53ac8eaa-d5bb-424d-a69e-4b40bc10c29e@group-C1469BA574C2-SegmentedRaftLogWorker] INFO  segmented.SegmentedRaftLogWorker (SegmentedRaftLogWorker.java:execute(569)) - 53ac8eaa-d5bb-424d-a69e-4b40bc10c29e@group-C1469BA574C2-SegmentedRaftLogWorker: created new log segment /workdir/hadoop-ozone/integration-test/target/test-dir/MiniOzoneClusterImpl-f2398cfc-f31b-477c-b5a0-70704157f1f0/datanode-2/data/ratis/c469fe21-df42-41c5-8130-c1469ba574c2/current/log_inprogress_0
2019-09-24 20:51:45,437 [473b372b-aa71-4132-b827-1ca7d656aace@group-2E3D9163E1BE:LeaderElection7] INFO  impl.LeaderElection (LeaderElection.java:logAndReturn(56)) - 473b372b-aa71-4132-b827-1ca7d656aace@group-2E3D9163E1BE:LeaderElection7: Election REJECTED; received 2 response(s) [473b372b-aa71-4132-b827-1ca7d656aace<-53ac8eaa-d5bb-424d-a69e-4b40bc10c29e#0:FAIL-t1, 473b372b-aa71-4132-b827-1ca7d656aace<-e35b1415-f60e-401b-8467-6059dde00d22#0:FAIL-t1] and 0 exception(s); 473b372b-aa71-4132-b827-1ca7d656aace@group-2E3D9163E1BE:t1, leader=null, voted=473b372b-aa71-4132-b827-1ca7d656aace, raftlog=473b372b-aa71-4132-b827-1ca7d656aace@group-2E3D9163E1BE-SegmentedRaftLog:OPENED:c-1,f-1,i0, conf=-1: [473b372b-aa71-4132-b827-1ca7d656aace:192.168.151.77:42963, 53ac8eaa-d5bb-424d-a69e-4b40bc10c29e:192.168.151.77:34604, e35b1415-f60e-401b-8467-6059dde00d22:192.168.151.77:43571], old=null
2019-09-24 20:51:45,438 [53ac8eaa-d5bb-424d-a69e-4b40bc10c29e@group-2E3D9163E1BE:LeaderElection8] INFO  impl.LeaderElection (LeaderElection.java:logAndReturn(56)) - 53ac8eaa-d5bb-424d-a69e-4b40bc10c29e@group-2E3D9163E1BE:LeaderElection8: Election REJECTED; received 2 response(s) [53ac8eaa-d5bb-424d-a69e-4b40bc10c29e<-473b372b-aa71-4132-b827-1ca7d656aace#0:FAIL-t1, 53ac8eaa-d5bb-424d-a69e-4b40bc10c29e<-e35b1415-f60e-401b-8467-6059dde00d22#0:FAIL-t1] and 0 exception(s); 53ac8eaa-d5bb-424d-a69e-4b40bc10c29e@group-2E3D9163E1BE:t1, leader=null, voted=53ac8eaa-d5bb-424d-a69e-4b40bc10c29e, raftlog=53ac8eaa-d5bb-424d-a69e-4b40bc10c29e@group-2E3D9163E1BE-SegmentedRaftLog:OPENED:c-1,f-1,i0, conf=-1: [473b372b-aa71-4132-b827-1ca7d656aace:192.168.151.77:42963, 53ac8eaa-d5bb-424d-a69e-4b40bc10c29e:192.168.151.77:34604, e35b1415-f60e-401b-8467-6059dde00d22:192.168.151.77:43571], old=null
2019-09-24 20:51:45,437 [e35b1415-f60e-401b-8467-6059dde00d22@group-2E3D9163E1BE:LeaderElection5] INFO  impl.LeaderElection (LeaderElection.java:logAndReturn(56)) - e35b1415-f60e-401b-8467-6059dde00d22@group-2E3D9163E1BE:LeaderElection5: Election REJECTED; received 2 response(s) [e35b1415-f60e-401b-8467-6059dde00d22<-473b372b-aa71-4132-b827-1ca7d656aace#0:FAIL-t1, e35b1415-f60e-401b-8467-6059dde00d22<-53ac8eaa-d5bb-424d-a69e-4b40bc10c29e#0:FAIL-t1] and 0 exception(s); e35b1415-f60e-401b-8467-6059dde00d22@group-2E3D9163E1BE:t1, leader=null, voted=e35b1415-f60e-401b-8467-6059dde00d22, raftlog=e35b1415-f60e-401b-8467-6059dde00d22@group-2E3D9163E1BE-SegmentedRaftLog:OPENED:c-1,f-1,i0, conf=-1: [473b372b-aa71-4132-b827-1ca7d656aace:192.168.151.77:42963, 53ac8eaa-d5bb-424d-a69e-4b40bc10c29e:192.168.151.77:34604, e35b1415-f60e-401b-8467-6059dde00d22:192.168.151.77:43571], old=null
2019-09-24 20:51:45,446 [e35b1415-f60e-401b-8467-6059dde00d22@group-2E3D9163E1BE:LeaderElection5] INFO  impl.RaftServerImpl (RaftServerImpl.java:setRole(174)) - e35b1415-f60e-401b-8467-6059dde00d22@group-2E3D9163E1BE: changes role from CANDIDATE to FOLLOWER at term 1 for DISCOVERED_A_NEW_TERM
2019-09-24 20:51:45,446 [53ac8eaa-d5bb-424d-a69e-4b40bc10c29e@group-2E3D9163E1BE:LeaderElection8] INFO  impl.RaftServerImpl (RaftServerImpl.java:setRole(174)) - 53ac8eaa-d5bb-424d-a69e-4b40bc10c29e@group-2E3D9163E1BE: changes role from CANDIDATE to FOLLOWER at term 1 for DISCOVERED_A_NEW_TERM
2019-09-24 20:51:45,448 [e35b1415-f60e-401b-8467-6059dde00d22@group-2E3D9163E1BE:LeaderElection5] INFO  impl.RoleInfo (RoleInfo.java:shutdownLeaderElection(134)) - e35b1415-f60e-401b-8467-6059dde00d22: shutdown LeaderElection
2019-09-24 20:51:45,449 [473b372b-aa71-4132-b827-1ca7d656aace@group-2E3D9163E1BE:LeaderElection7] INFO  impl.RaftServerImpl (RaftServerImpl.java:setRole(174)) - 473b372b-aa71-4132-b827-1ca7d656aace@group-2E3D9163E1BE: changes role from CANDIDATE to FOLLOWER at term 1 for DISCOVERED_A_NEW_TERM
2019-09-24 20:51:45,449 [e35b1415-f60e-401b-8467-6059dde00d22@group-2E3D9163E1BE:LeaderElection5] INFO  impl.RoleInfo (RoleInfo.java:updateAndGet(143)) - e35b1415-f60e-401b-8467-6059dde00d22: start FollowerState
2019-09-24 20:51:45,449 [53ac8eaa-d5bb-424d-a69e-4b40bc10c29e@group-2E3D9163E1BE:LeaderElection8] INFO  impl.RoleInfo (RoleInfo.java:shutdownLeaderElection(134)) - 53ac8eaa-d5bb-424d-a69e-4b40bc10c29e: shutdown LeaderElection
2019-09-24 20:51:45,449 [473b372b-aa71-4132-b827-1ca7d656aace@group-2E3D9163E1BE:LeaderElection7] INFO  impl.RoleInfo (RoleInfo.java:shutdownLeaderElection(134)) - 473b372b-aa71-4132-b827-1ca7d656aace: shutdown LeaderElection
2019-09-24 20:51:45,454 [53ac8eaa-d5bb-424d-a69e-4b40bc10c29e@group-2E3D9163E1BE:LeaderElection8] INFO  impl.RoleInfo (RoleInfo.java:updateAndGet(143)) - 53ac8eaa-d5bb-424d-a69e-4b40bc10c29e: start FollowerState
2019-09-24 20:51:45,455 [473b372b-aa71-4132-b827-1ca7d656aace@group-2E3D9163E1BE:LeaderElection7] INFO  impl.RoleInfo (RoleInfo.java:updateAndGet(143)) - 473b372b-aa71-4132-b827-1ca7d656aace: start FollowerState
2019-09-24 20:51:50,482 [Thread-257] INFO  impl.FollowerState (FollowerState.java:run(106)) - e35b1415-f60e-401b-8467-6059dde00d22:group-2E3D9163E1BE changes to CANDIDATE, lastRpcTime:5032, electionTimeout:5027ms
2019-09-24 20:51:50,483 [Thread-257] INFO  impl.RoleInfo (RoleInfo.java:shutdownFollowerState(121)) - e35b1415-f60e-401b-8467-6059dde00d22: shutdown FollowerState
2019-09-24 20:51:50,483 [Thread-257] INFO  impl.RaftServerImpl (RaftServerImpl.java:setRole(174)) - e35b1415-f60e-401b-8467-6059dde00d22@group-2E3D9163E1BE: changes role from  FOLLOWER to CANDIDATE at term 1 for changeToCandidate
2019-09-24 20:51:50,483 [Thread-257] INFO  impl.RoleInfo (RoleInfo.java:updateAndGet(143)) - e35b1415-f60e-401b-8467-6059dde00d22: start LeaderElection
2019-09-24 20:51:50,504 [Thread-259] INFO  impl.FollowerState (FollowerState.java:run(106)) - 53ac8eaa-d5bb-424d-a69e-4b40bc10c29e:group-2E3D9163E1BE changes to CANDIDATE, lastRpcTime:5049, electionTimeout:5049ms
2019-09-24 20:51:50,504 [Thread-259] INFO  impl.RoleInfo (RoleInfo.java:shutdownFollowerState(121)) - 53ac8eaa-d5bb-424d-a69e-4b40bc10c29e: shutdown FollowerState
2019-09-24 20:51:50,504 [Thread-259] INFO  impl.RaftServerImpl (RaftServerImpl.java:setRole(174)) - 53ac8eaa-d5bb-424d-a69e-4b40bc10c29e@group-2E3D9163E1BE: changes role from  FOLLOWER to CANDIDATE at term 1 for changeToCandidate
2019-09-24 20:51:50,505 [Thread-259] INFO  impl.RoleInfo (RoleInfo.java:updateAndGet(143)) - 53ac8eaa-d5bb-424d-a69e-4b40bc10c29e: start LeaderElection
2019-09-24 20:51:50,610 [Thread-260] INFO  impl.FollowerState (FollowerState.java:run(106)) - 473b372b-aa71-4132-b827-1ca7d656aace:group-2E3D9163E1BE changes to CANDIDATE, lastRpcTime:5155, electionTimeout:5151ms
2019-09-24 20:51:50,610 [Thread-260] INFO  impl.RoleInfo (RoleInfo.java:shutdownFollowerState(121)) - 473b372b-aa71-4132-b827-1ca7d656aace: shutdown FollowerState
2019-09-24 20:51:50,610 [Thread-260] INFO  impl.RaftServerImpl (RaftServerImpl.java:setRole(174)) - 473b372b-aa71-4132-b827-1ca7d656aace@group-2E3D9163E1BE: changes role from  FOLLOWER to CANDIDATE at term 1 for changeToCandidate
2019-09-24 20:51:50,612 [Thread-260] INFO  impl.RoleInfo (RoleInfo.java:updateAndGet(143)) - 473b372b-aa71-4132-b827-1ca7d656aace: start LeaderElection
2019-09-24 20:51:54,262 [53ac8eaa-d5bb-424d-a69e-4b40bc10c29e@group-2E3D9163E1BE:LeaderElection10] INFO  impl.LeaderElection (LeaderElection.java:askForVotes(182)) - 53ac8eaa-d5bb-424d-a69e-4b40bc10c29e@group-2E3D9163E1BE:LeaderElection10: begin an election at term 2 for -1: [473b372b-aa71-4132-b827-1ca7d656aace:192.168.151.77:42963, 53ac8eaa-d5bb-424d-a69e-4b40bc10c29e:192.168.151.77:34604, e35b1415-f60e-401b-8467-6059dde00d22:192.168.151.77:43571], old=null
2019-09-24 20:51:54,262 [e35b1415-f60e-401b-8467-6059dde00d22@group-2E3D9163E1BE:LeaderElection9] INFO  impl.LeaderElection (LeaderElection.java:askForVotes(182)) - e35b1415-f60e-401b-8467-6059dde00d22@group-2E3D9163E1BE:LeaderElection9: begin an election at term 2 for -1: [473b372b-aa71-4132-b827-1ca7d656aace:192.168.151.77:42963, 53ac8eaa-d5bb-424d-a69e-4b40bc10c29e:192.168.151.77:34604, e35b1415-f60e-401b-8467-6059dde00d22:192.168.151.77:43571], old=null
2019-09-24 20:51:54,262 [473b372b-aa71-4132-b827-1ca7d656aace@group-2E3D9163E1BE:LeaderElection11] INFO  impl.LeaderElection (LeaderElection.java:askForVotes(182)) - 473b372b-aa71-4132-b827-1ca7d656aace@group-2E3D9163E1BE:LeaderElection11: begin an election at term 2 for -1: [473b372b-aa71-4132-b827-1ca7d656aace:192.168.151.77:42963, 53ac8eaa-d5bb-424d-a69e-4b40bc10c29e:192.168.151.77:34604, e35b1415-f60e-401b-8467-6059dde00d22:192.168.151.77:43571], old=null
2019-09-24 20:51:54,286 [53ac8eaa-d5bb-424d-a69e-4b40bc10c29e@group-2E3D9163E1BE:LeaderElection10] INFO  impl.LeaderElection (LeaderElection.java:logAndReturn(56)) - 53ac8eaa-d5bb-424d-a69e-4b40bc10c29e@group-2E3D9163E1BE:LeaderElection10: Election REJECTED; received 2 response(s) [53ac8eaa-d5bb-424d-a69e-4b40bc10c29e<-473b372b-aa71-4132-b827-1ca7d656aace#0:FAIL-t2, 53ac8eaa-d5bb-424d-a69e-4b40bc10c29e<-e35b1415-f60e-401b-8467-6059dde00d22#0:FAIL-t2] and 0 exception(s); 53ac8eaa-d5bb-424d-a69e-4b40bc10c29e@group-2E3D9163E1BE:t2, leader=null, voted=53ac8eaa-d5bb-424d-a69e-4b40bc10c29e, raftlog=53ac8eaa-d5bb-424d-a69e-4b40bc10c29e@group-2E3D9163E1BE-SegmentedRaftLog:OPENED:c-1,f-1,i0, conf=-1: [473b372b-aa71-4132-b827-1ca7d656aace:192.168.151.77:42963, 53ac8eaa-d5bb-424d-a69e-4b40bc10c29e:192.168.151.77:34604, e35b1415-f60e-401b-8467-6059dde00d22:192.168.151.77:43571], old=null
2019-09-24 20:51:54,286 [473b372b-aa71-4132-b827-1ca7d656aace@group-2E3D9163E1BE:LeaderElection11] INFO  impl.LeaderElection (LeaderElection.java:logAndReturn(56)) - 473b372b-aa71-4132-b827-1ca7d656aace@group-2E3D9163E1BE:LeaderElection11: Election REJECTED; received 2 response(s) [473b372b-aa71-4132-b827-1ca7d656aace<-53ac8eaa-d5bb-424d-a69e-4b40bc10c29e#0:FAIL-t2, 473b372b-aa71-4132-b827-1ca7d656aace<-e35b1415-f60e-401b-8467-6059dde00d22#0:FAIL-t2] and 0 exception(s); 473b372b-aa71-4132-b827-1ca7d656aace@group-2E3D9163E1BE:t2, leader=null, voted=473b372b-aa71-4132-b827-1ca7d656aace, raftlog=473b372b-aa71-4132-b827-1ca7d656aace@group-2E3D9163E1BE-SegmentedRaftLog:OPENED:c-1,f-1,i0, conf=-1: [473b372b-aa71-4132-b827-1ca7d656aace:192.168.151.77:42963, 53ac8eaa-d5bb-424d-a69e-4b40bc10c29e:192.168.151.77:34604, e35b1415-f60e-401b-8467-6059dde00d22:192.168.151.77:43571], old=null
2019-09-24 20:51:54,288 [53ac8eaa-d5bb-424d-a69e-4b40bc10c29e@group-2E3D9163E1BE:LeaderElection10] INFO  impl.RaftServerImpl (RaftServerImpl.java:setRole(174)) - 53ac8eaa-d5bb-424d-a69e-4b40bc10c29e@group-2E3D9163E1BE: changes role from CANDIDATE to FOLLOWER at term 2 for DISCOVERED_A_NEW_TERM
2019-09-24 20:51:54,289 [473b372b-aa71-4132-b827-1ca7d656aace@group-2E3D9163E1BE:LeaderElection11] INFO  impl.RaftServerImpl (RaftServerImpl.java:setRole(174)) - 473b372b-aa71-4132-b827-1ca7d656aace@group-2E3D9163E1BE: changes role from CANDIDATE to FOLLOWER at term 2 for DISCOVERED_A_NEW_TERM
2019-09-24 20:51:54,290 [53ac8eaa-d5bb-424d-a69e-4b40bc10c29e@group-2E3D9163E1BE:LeaderElection10] INFO  impl.RoleInfo (RoleInfo.java:shutdownLeaderElection(134)) - 53ac8eaa-d5bb-424d-a69e-4b40bc10c29e: shutdown LeaderElection
2019-09-24 20:51:54,291 [473b372b-aa71-4132-b827-1ca7d656aace@group-2E3D9163E1BE:LeaderElection11] INFO  impl.RoleInfo (RoleInfo.java:shutdownLeaderElection(134)) - 473b372b-aa71-4132-b827-1ca7d656aace: shutdown LeaderElection
2019-09-24 20:51:54,291 [53ac8eaa-d5bb-424d-a69e-4b40bc10c29e@group-2E3D9163E1BE:LeaderElection10] INFO  impl.RoleInfo (RoleInfo.java:updateAndGet(143)) - 53ac8eaa-d5bb-424d-a69e-4b40bc10c29e: start FollowerState
2019-09-24 20:51:54,291 [473b372b-aa71-4132-b827-1ca7d656aace@group-2E3D9163E1BE:LeaderElection11] INFO  impl.RoleInfo (RoleInfo.java:updateAndGet(143)) - 473b372b-aa71-4132-b827-1ca7d656aace: start FollowerState
2019-09-24 20:51:54,291 [e35b1415-f60e-401b-8467-6059dde00d22@group-2E3D9163E1BE:LeaderElection9] INFO  impl.LeaderElection (LeaderElection.java:logAndReturn(56)) - e35b1415-f60e-401b-8467-6059dde00d22@group-2E3D9163E1BE:LeaderElection9: Election REJECTED; received 2 response(s) [e35b1415-f60e-401b-8467-6059dde00d22<-473b372b-aa71-4132-b827-1ca7d656aace#0:FAIL-t2, e35b1415-f60e-401b-8467-6059dde00d22<-53ac8eaa-d5bb-424d-a69e-4b40bc10c29e#0:FAIL-t2] and 0 exception(s); e35b1415-f60e-401b-8467-6059dde00d22@group-2E3D9163E1BE:t2, leader=null, voted=e35b1415-f60e-401b-8467-6059dde00d22, raftlog=e35b1415-f60e-401b-8467-6059dde00d22@group-2E3D9163E1BE-SegmentedRaftLog:OPENED:c-1,f-1,i0, conf=-1: [473b372b-aa71-4132-b827-1ca7d656aace:192.168.151.77:42963, 53ac8eaa-d5bb-424d-a69e-4b40bc10c29e:192.168.151.77:34604, e35b1415-f60e-401b-8467-6059dde00d22:192.168.151.77:43571], old=null
2019-09-24 20:51:54,293 [e35b1415-f60e-401b-8467-6059dde00d22@group-2E3D9163E1BE:LeaderElection9] INFO  impl.RaftServerImpl (RaftServerImpl.java:setRole(174)) - e35b1415-f60e-401b-8467-6059dde00d22@group-2E3D9163E1BE: changes role from CANDIDATE to FOLLOWER at term 2 for DISCOVERED_A_NEW_TERM
2019-09-24 20:51:54,294 [e35b1415-f60e-401b-8467-6059dde00d22@group-2E3D9163E1BE:LeaderElection9] INFO  impl.RoleInfo (RoleInfo.java:shutdownLeaderElection(134)) - e35b1415-f60e-401b-8467-6059dde00d22: shutdown LeaderElection
2019-09-24 20:51:54,296 [e35b1415-f60e-401b-8467-6059dde00d22@group-2E3D9163E1BE:LeaderElection9] INFO  impl.RoleInfo (RoleInfo.java:updateAndGet(143)) - e35b1415-f60e-401b-8467-6059dde00d22: start FollowerState
2019-09-24 20:51:59,307 [Thread-289] INFO  impl.FollowerState (FollowerState.java:run(106)) - 473b372b-aa71-4132-b827-1ca7d656aace:group-2E3D9163E1BE changes to CANDIDATE, lastRpcTime:5015, electionTimeout:5013ms
2019-09-24 20:51:59,309 [Thread-289] INFO  impl.RoleInfo (RoleInfo.java:shutdownFollowerState(121)) - 473b372b-aa71-4132-b827-1ca7d656aace: shutdown FollowerState
2019-09-24 20:51:59,310 [Thread-289] INFO  impl.RaftServerImpl (RaftServerImpl.java:setRole(174)) - 473b372b-aa71-4132-b827-1ca7d656aace@group-2E3D9163E1BE: changes role from  FOLLOWER to CANDIDATE at term 2 for changeToCandidate
2019-09-24 20:51:59,310 [Thread-289] INFO  impl.RoleInfo (RoleInfo.java:updateAndGet(143)) - 473b372b-aa71-4132-b827-1ca7d656aace: start LeaderElection
2019-09-24 20:51:59,421 [Thread-288] INFO  impl.FollowerState (FollowerState.java:run(106)) - 53ac8eaa-d5bb-424d-a69e-4b40bc10c29e:group-2E3D9163E1BE changes to CANDIDATE, lastRpcTime:5129, electionTimeout:5129ms
2019-09-24 20:51:59,421 [Thread-288] INFO  impl.RoleInfo (RoleInfo.java:shutdownFollowerState(121)) - 53ac8eaa-d5bb-424d-a69e-4b40bc10c29e: shutdown FollowerState
2019-09-24 20:51:59,421 [Thread-288] INFO  impl.RaftServerImpl (RaftServerImpl.java:setRole(174)) - 53ac8eaa-d5bb-424d-a69e-4b40bc10c29e@group-2E3D9163E1BE: changes role from  FOLLOWER to CANDIDATE at term 2 for changeToCandidate
2019-09-24 20:51:59,422 [Thread-288] INFO  impl.RoleInfo (RoleInfo.java:updateAndGet(143)) - 53ac8eaa-d5bb-424d-a69e-4b40bc10c29e: start LeaderElection
2019-09-24 20:51:59,480 [53ac8eaa-d5bb-424d-a69e-4b40bc10c29e@group-2E3D9163E1BE:LeaderElection13] INFO  impl.LeaderElection (LeaderElection.java:askForVotes(182)) - 53ac8eaa-d5bb-424d-a69e-4b40bc10c29e@group-2E3D9163E1BE:LeaderElection13: begin an election at term 3 for -1: [473b372b-aa71-4132-b827-1ca7d656aace:192.168.151.77:42963, 53ac8eaa-d5bb-424d-a69e-4b40bc10c29e:192.168.151.77:34604, e35b1415-f60e-401b-8467-6059dde00d22:192.168.151.77:43571], old=null
2019-09-24 20:51:59,480 [473b372b-aa71-4132-b827-1ca7d656aace@group-2E3D9163E1BE:LeaderElection12] INFO  impl.LeaderElection (LeaderElection.java:askForVotes(182)) - 473b372b-aa71-4132-b827-1ca7d656aace@group-2E3D9163E1BE:LeaderElection12: begin an election at term 3 for -1: [473b372b-aa71-4132-b827-1ca7d656aace:192.168.151.77:42963, 53ac8eaa-d5bb-424d-a69e-4b40bc10c29e:192.168.151.77:34604, e35b1415-f60e-401b-8467-6059dde00d22:192.168.151.77:43571], old=null
2019-09-24 20:51:59,486 [Thread-290] INFO  impl.FollowerState (FollowerState.java:run(106)) - e35b1415-f60e-401b-8467-6059dde00d22:group-2E3D9163E1BE changes to CANDIDATE, lastRpcTime:5190, electionTimeout:5189ms
2019-09-24 20:51:59,488 [Thread-290] INFO  impl.RoleInfo (RoleInfo.java:shutdownFollowerState(121)) - e35b1415-f60e-401b-8467-6059dde00d22: shutdown FollowerState
2019-09-24 20:51:59,488 [Thread-290] INFO  impl.RaftServerImpl (RaftServerImpl.java:setRole(174)) - e35b1415-f60e-401b-8467-6059dde00d22@group-2E3D9163E1BE: changes role from  FOLLOWER to CANDIDATE at term 2 for changeToCandidate
2019-09-24 20:51:59,491 [Thread-290] INFO  impl.RoleInfo (RoleInfo.java:updateAndGet(143)) - e35b1415-f60e-401b-8467-6059dde00d22: start LeaderElection
2019-09-24 20:51:59,493 [grpc-default-executor-5] INFO  impl.RaftServerImpl (RaftServerImpl.java:setRole(174)) - e35b1415-f60e-401b-8467-6059dde00d22@group-2E3D9163E1BE: changes role from CANDIDATE to FOLLOWER at term 3 for recognizeCandidate:53ac8eaa-d5bb-424d-a69e-4b40bc10c29e
2019-09-24 20:51:59,493 [grpc-default-executor-5] INFO  impl.RoleInfo (RoleInfo.java:shutdownLeaderElection(134)) - e35b1415-f60e-401b-8467-6059dde00d22: shutdown LeaderElection
2019-09-24 20:51:59,493 [grpc-default-executor-5] INFO  impl.RoleInfo (RoleInfo.java:updateAndGet(143)) - e35b1415-f60e-401b-8467-6059dde00d22: start FollowerState
2019-09-24 20:51:59,545 [grpc-default-executor-0] INFO  impl.RaftServerImpl (RaftServerImpl.java:setRole(174)) - e35b1415-f60e-401b-8467-6059dde00d22@group-2E3D9163E1BE: changes role from  FOLLOWER to FOLLOWER at term 3 for recognizeCandidate:473b372b-aa71-4132-b827-1ca7d656aace
2019-09-24 20:51:59,545 [grpc-default-executor-0] INFO  impl.RoleInfo (RoleInfo.java:shutdownFollowerState(121)) - e35b1415-f60e-401b-8467-6059dde00d22: shutdown FollowerState
2019-09-24 20:51:59,545 [grpc-default-executor-0] INFO  impl.RoleInfo (RoleInfo.java:updateAndGet(143)) - e35b1415-f60e-401b-8467-6059dde00d22: start FollowerState
2019-09-24 20:51:59,546 [Thread-308] INFO  impl.FollowerState (FollowerState.java:run(115)) - e35b1415-f60e-401b-8467-6059dde00d22: FollowerState was interrupted: java.lang.InterruptedException: sleep interrupted
2019-09-24 20:51:59,548 [53ac8eaa-d5bb-424d-a69e-4b40bc10c29e@group-2E3D9163E1BE:LeaderElection13] INFO  impl.LeaderElection (LeaderElection.java:logAndReturn(56)) - 53ac8eaa-d5bb-424d-a69e-4b40bc10c29e@group-2E3D9163E1BE:LeaderElection13: Election REJECTED; received 2 response(s) [53ac8eaa-d5bb-424d-a69e-4b40bc10c29e<-473b372b-aa71-4132-b827-1ca7d656aace#0:FAIL-t3, 53ac8eaa-d5bb-424d-a69e-4b40bc10c29e<-e35b1415-f60e-401b-8467-6059dde00d22#0:FAIL-t3] and 0 exception(s); 53ac8eaa-d5bb-424d-a69e-4b40bc10c29e@group-2E3D9163E1BE:t3, leader=null, voted=53ac8eaa-d5bb-424d-a69e-4b40bc10c29e, raftlog=53ac8eaa-d5bb-424d-a69e-4b40bc10c29e@group-2E3D9163E1BE-SegmentedRaftLog:OPENED:c-1,f-1,i0, conf=-1: [473b372b-aa71-4132-b827-1ca7d656aace:192.168.151.77:42963, 53ac8eaa-d5bb-424d-a69e-4b40bc10c29e:192.168.151.77:34604, e35b1415-f60e-401b-8467-6059dde00d22:192.168.151.77:43571], old=null
2019-09-24 20:51:59,548 [53ac8eaa-d5bb-424d-a69e-4b40bc10c29e@group-2E3D9163E1BE:LeaderElection13] INFO  impl.RaftServerImpl (RaftServerImpl.java:setRole(174)) - 53ac8eaa-d5bb-424d-a69e-4b40bc10c29e@group-2E3D9163E1BE: changes role from CANDIDATE to FOLLOWER at term 3 for DISCOVERED_A_NEW_TERM
2019-09-24 20:51:59,549 [53ac8eaa-d5bb-424d-a69e-4b40bc10c29e@group-2E3D9163E1BE:LeaderElection13] INFO  impl.RoleInfo (RoleInfo.java:shutdownLeaderElection(134)) - 53ac8eaa-d5bb-424d-a69e-4b40bc10c29e: shutdown LeaderElection
2019-09-24 20:51:59,549 [53ac8eaa-d5bb-424d-a69e-4b40bc10c29e@group-2E3D9163E1BE:LeaderElection13] INFO  impl.RoleInfo (RoleInfo.java:updateAndGet(143)) - 53ac8eaa-d5bb-424d-a69e-4b40bc10c29e: start FollowerState
2019-09-24 20:51:59,643 [473b372b-aa71-4132-b827-1ca7d656aace@group-2E3D9163E1BE:LeaderElection12] INFO  impl.LeaderElection (LeaderElection.java:logAndReturn(56)) - 473b372b-aa71-4132-b827-1ca7d656aace@group-2E3D9163E1BE:LeaderElection12: Election PASSED; received 2 response(s) [473b372b-aa71-4132-b827-1ca7d656aace<-53ac8eaa-d5bb-424d-a69e-4b40bc10c29e#0:FAIL-t3, 473b372b-aa71-4132-b827-1ca7d656aace<-e35b1415-f60e-401b-8467-6059dde00d22#0:OK-t3] and 0 exception(s); 473b372b-aa71-4132-b827-1ca7d656aace@group-2E3D9163E1BE:t3, leader=null, voted=473b372b-aa71-4132-b827-1ca7d656aace, raftlog=473b372b-aa71-4132-b827-1ca7d656aace@group-2E3D9163E1BE-SegmentedRaftLog:OPENED:c-1,f-1,i0, conf=-1: [473b372b-aa71-4132-b827-1ca7d656aace:192.168.151.77:42963, 53ac8eaa-d5bb-424d-a69e-4b40bc10c29e:192.168.151.77:34604, e35b1415-f60e-401b-8467-6059dde00d22:192.168.151.77:43571], old=null
2019-09-24 20:51:59,645 [473b372b-aa71-4132-b827-1ca7d656aace@group-2E3D9163E1BE:LeaderElection12] INFO  impl.RoleInfo (RoleInfo.java:shutdownLeaderElection(134)) - 473b372b-aa71-4132-b827-1ca7d656aace: shutdown LeaderElection
2019-09-24 20:51:59,645 [473b372b-aa71-4132-b827-1ca7d656aace@group-2E3D9163E1BE:LeaderElection12] INFO  impl.RaftServerImpl (RaftServerImpl.java:setRole(174)) - 473b372b-aa71-4132-b827-1ca7d656aace@group-2E3D9163E1BE: changes role from CANDIDATE to LEADER at term 3 for changeToLeader
2019-09-24 20:51:59,646 [473b372b-aa71-4132-b827-1ca7d656aace@group-2E3D9163E1BE:LeaderElection12] INFO  impl.RaftServerImpl (ServerState.java:setLeader(253)) - 473b372b-aa71-4132-b827-1ca7d656aace@group-2E3D9163E1BE: change Leader from null to 473b372b-aa71-4132-b827-1ca7d656aace at term 3 for becomeLeader, leader elected after 20570ms
2019-09-24 20:51:59,646 [473b372b-aa71-4132-b827-1ca7d656aace@group-2E3D9163E1BE:LeaderElection12] INFO  server.RaftServerConfigKeys (ConfUtils.java:logGet(43)) - raft.server.staging.catchup.gap = 1000 (default)
2019-09-24 20:51:59,646 [473b372b-aa71-4132-b827-1ca7d656aace@group-2E3D9163E1BE:LeaderElection12] INFO  server.RaftServerConfigKeys (ConfUtils.java:logGet(43)) - raft.server.rpc.sleep.time = 25ms (default)
2019-09-24 20:51:59,647 [473b372b-aa71-4132-b827-1ca7d656aace@group-2E3D9163E1BE:LeaderElection12] INFO  server.RaftServerConfigKeys (ConfUtils.java:logGet(43)) - raft.server.write.element-limit = 4096 (default)
2019-09-24 20:51:59,647 [473b372b-aa71-4132-b827-1ca7d656aace@group-2E3D9163E1BE:LeaderElection12] INFO  server.RaftServerConfigKeys (ConfUtils.java:logGet(43)) - raft.server.watch.timeout = 10s (default)
2019-09-24 20:51:59,647 [473b372b-aa71-4132-b827-1ca7d656aace@group-2E3D9163E1BE:LeaderElection12] INFO  server.RaftServerConfigKeys (ConfUtils.java:logGet(43)) - raft.server.watch.timeout.denomination = 1s (default)
2019-09-24 20:51:59,647 [473b372b-aa71-4132-b827-1ca7d656aace@group-2E3D9163E1BE:LeaderElection12] INFO  server.RaftServerConfigKeys (ConfUtils.java:logGet(43)) - raft.server.watch.element-limit = 65536 (default)
2019-09-24 20:51:59,655 [473b372b-aa71-4132-b827-1ca7d656aace@group-2E3D9163E1BE:LeaderElection12] INFO  server.RaftServerConfigKeys (ConfUtils.java:logGet(43)) - raft.server.log.appender.snapshot.chunk.size.max = 16MB (=16777216) (default)
2019-09-24 20:51:59,656 [473b372b-aa71-4132-b827-1ca7d656aace@group-2E3D9163E1BE:LeaderElection12] INFO  server.RaftServerConfigKeys (ConfUtils.java:logGet(43)) - raft.server.log.appender.buffer.byte-limit = 33554432 (custom)
2019-09-24 20:51:59,657 [473b372b-aa71-4132-b827-1ca7d656aace@group-2E3D9163E1BE:LeaderElection12] INFO  server.RaftServerConfigKeys (ConfUtils.java:logGet(43)) - raft.server.log.appender.buffer.element-limit = 1 (custom)
2019-09-24 20:51:59,662 [473b372b-aa71-4132-b827-1ca7d656aace@group-2E3D9163E1BE:LeaderElection12] INFO  grpc.GrpcConfigKeys$Server (ConfUtils.java:logGet(43)) - raft.grpc.server.leader.outstanding.appends.max = 128 (default)
2019-09-24 20:51:59,664 [473b372b-aa71-4132-b827-1ca7d656aace@group-2E3D9163E1BE:LeaderElection12] INFO  server.RaftServerConfigKeys (ConfUtils.java:logGet(43)) - raft.server.rpc.request.timeout = 3000ms (default)
2019-09-24 20:51:59,664 [473b372b-aa71-4132-b827-1ca7d656aace@group-2E3D9163E1BE:LeaderElection12] INFO  server.RaftServerConfigKeys (ConfUtils.java:logGet(43)) - raft.server.log.appender.install.snapshot.enabled = false (custom)
2019-09-24 20:51:59,665 [473b372b-aa71-4132-b827-1ca7d656aace@group-2E3D9163E1BE:LeaderElection12] INFO  server.RaftServerConfigKeys (ConfUtils.java:logGet(43)) - raft.server.log.appender.snapshot.chunk.size.max = 16MB (=16777216) (default)
2019-09-24 20:51:59,666 [473b372b-aa71-4132-b827-1ca7d656aace@group-2E3D9163E1BE:LeaderElection12] INFO  server.RaftServerConfigKeys (ConfUtils.java:logGet(43)) - raft.server.log.appender.buffer.byte-limit = 33554432 (custom)
2019-09-24 20:51:59,666 [473b372b-aa71-4132-b827-1ca7d656aace@group-2E3D9163E1BE:LeaderElection12] INFO  server.RaftServerConfigKeys (ConfUtils.java:logGet(43)) - raft.server.log.appender.buffer.element-limit = 1 (custom)
2019-09-24 20:51:59,666 [473b372b-aa71-4132-b827-1ca7d656aace@group-2E3D9163E1BE:LeaderElection12] INFO  grpc.GrpcConfigKeys$Server (ConfUtils.java:logGet(43)) - raft.grpc.server.leader.outstanding.appends.max = 128 (default)
2019-09-24 20:51:59,667 [473b372b-aa71-4132-b827-1ca7d656aace@group-2E3D9163E1BE:LeaderElection12] INFO  server.RaftServerConfigKeys (ConfUtils.java:logGet(43)) - raft.server.rpc.request.timeout = 3000ms (default)
2019-09-24 20:51:59,667 [473b372b-aa71-4132-b827-1ca7d656aace@group-2E3D9163E1BE:LeaderElection12] INFO  server.RaftServerConfigKeys (ConfUtils.java:logGet(43)) - raft.server.log.appender.install.snapshot.enabled = false (custom)
2019-09-24 20:51:59,669 [473b372b-aa71-4132-b827-1ca7d656aace@group-2E3D9163E1BE:LeaderElection12] INFO  impl.RoleInfo (RoleInfo.java:updateAndGet(143)) - 473b372b-aa71-4132-b827-1ca7d656aace: start LeaderState
2019-09-24 20:51:59,669 [473b372b-aa71-4132-b827-1ca7d656aace@group-2E3D9163E1BE:LeaderElection12] INFO  segmented.SegmentedRaftLogWorker (SegmentedRaftLogWorker.java:startLogSegment(380)) - 473b372b-aa71-4132-b827-1ca7d656aace@group-2E3D9163E1BE-SegmentedRaftLogWorker: Starting segment from index:0
2019-09-24 20:51:59,671 [473b372b-aa71-4132-b827-1ca7d656aace@group-2E3D9163E1BE:LeaderElection12] INFO  impl.RaftServerImpl (ServerState.java:setRaftConf(354)) - 473b372b-aa71-4132-b827-1ca7d656aace@group-2E3D9163E1BE: set configuration 0: [473b372b-aa71-4132-b827-1ca7d656aace:192.168.151.77:42963, 53ac8eaa-d5bb-424d-a69e-4b40bc10c29e:192.168.151.77:34604, e35b1415-f60e-401b-8467-6059dde00d22:192.168.151.77:43571], old=null at 0
2019-09-24 20:51:59,700 [grpc-default-executor-0] INFO  impl.RaftServerImpl (ServerState.java:setLeader(253)) - 53ac8eaa-d5bb-424d-a69e-4b40bc10c29e@group-2E3D9163E1BE: change Leader from null to 473b372b-aa71-4132-b827-1ca7d656aace at term 3 for appendEntries, leader elected after 20624ms
2019-09-24 20:51:59,716 [473b372b-aa71-4132-b827-1ca7d656aace@group-2E3D9163E1BE-SegmentedRaftLogWorker] INFO  segmented.SegmentedRaftLogWorker (SegmentedRaftLogWorker.java:execute(569)) - 473b372b-aa71-4132-b827-1ca7d656aace@group-2E3D9163E1BE-SegmentedRaftLogWorker: created new log segment /workdir/hadoop-ozone/integration-test/target/test-dir/MiniOzoneClusterImpl-f2398cfc-f31b-477c-b5a0-70704157f1f0/datanode-1/data/ratis/50c5d517-7283-4055-aa74-2e3d9163e1be/current/log_inprogress_0
2019-09-24 20:51:59,716 [e35b1415-f60e-401b-8467-6059dde00d22@group-2E3D9163E1BE:LeaderElection14] INFO  impl.LeaderElection (LeaderElection.java:askForVotes(182)) - e35b1415-f60e-401b-8467-6059dde00d22@group-2E3D9163E1BE:LeaderElection14: begin an election at term 4 for -1: [473b372b-aa71-4132-b827-1ca7d656aace:192.168.151.77:42963, 53ac8eaa-d5bb-424d-a69e-4b40bc10c29e:192.168.151.77:34604, e35b1415-f60e-401b-8467-6059dde00d22:192.168.151.77:43571], old=null
2019-09-24 20:51:59,716 [e35b1415-f60e-401b-8467-6059dde00d22@group-2E3D9163E1BE:LeaderElection14] INFO  impl.LeaderElection (LeaderElection.java:logAndReturn(56)) - e35b1415-f60e-401b-8467-6059dde00d22@group-2E3D9163E1BE:LeaderElection14: Election REJECTED; received 0 response(s) [] and 0 exception(s); e35b1415-f60e-401b-8467-6059dde00d22@group-2E3D9163E1BE:t4, leader=null, voted=e35b1415-f60e-401b-8467-6059dde00d22, raftlog=e35b1415-f60e-401b-8467-6059dde00d22@group-2E3D9163E1BE-SegmentedRaftLog:OPENED:c-1,f-1,i0, conf=-1: [473b372b-aa71-4132-b827-1ca7d656aace:192.168.151.77:42963, 53ac8eaa-d5bb-424d-a69e-4b40bc10c29e:192.168.151.77:34604, e35b1415-f60e-401b-8467-6059dde00d22:192.168.151.77:43571], old=null
2019-09-24 20:51:59,718 [Thread-311] INFO  impl.RaftServerImpl (ServerState.java:setLeader(253)) - 473b372b-aa71-4132-b827-1ca7d656aace@group-2E3D9163E1BE: change Leader from 473b372b-aa71-4132-b827-1ca7d656aace to null at term 4 for updateCurrentTerm
2019-09-24 20:51:59,718 [Thread-311] INFO  impl.RaftServerImpl (RaftServerImpl.java:setRole(174)) - 473b372b-aa71-4132-b827-1ca7d656aace@group-2E3D9163E1BE: changes role from    LEADER to FOLLOWER at term 4 for stepDown
2019-09-24 20:51:59,718 [Thread-311] INFO  impl.RoleInfo (RoleInfo.java:shutdownLeaderState(104)) - 473b372b-aa71-4132-b827-1ca7d656aace: shutdown LeaderState
2019-09-24 20:51:59,725 [org.apache.ratis.server.impl.LogAppender$AppenderDaemon$$Lambda$503/1734202293@1c54da8d] WARN  server.GrpcLogAppender (GrpcLogAppender.java:mayWait(143)) - 473b372b-aa71-4132-b827-1ca7d656aace@group-2E3D9163E1BE->e35b1415-f60e-401b-8467-6059dde00d22-GrpcLogAppender: Wait interrupted by java.lang.InterruptedException
2019-09-24 20:51:59,727 [org.apache.ratis.server.impl.LogAppender$AppenderDaemon$$Lambda$503/1734202293@3aa229aa] WARN  server.GrpcLogAppender (GrpcLogAppender.java:mayWait(143)) - 473b372b-aa71-4132-b827-1ca7d656aace@group-2E3D9163E1BE->53ac8eaa-d5bb-424d-a69e-4b40bc10c29e-GrpcLogAppender: Wait interrupted by java.lang.InterruptedException
2019-09-24 20:51:59,734 [Thread-311] INFO  impl.PendingRequests (PendingRequests.java:sendNotLeaderResponses(202)) - 473b372b-aa71-4132-b827-1ca7d656aace-PendingRequests: sendNotLeaderResponses
2019-09-24 20:51:59,734 [grpc-default-executor-5] INFO  impl.RaftServerImpl (ServerState.java:setRaftConf(354)) - 53ac8eaa-d5bb-424d-a69e-4b40bc10c29e@group-2E3D9163E1BE: set configuration 0: [473b372b-aa71-4132-b827-1ca7d656aace:192.168.151.77:42963, 53ac8eaa-d5bb-424d-a69e-4b40bc10c29e:192.168.151.77:34604, e35b1415-f60e-401b-8467-6059dde00d22:192.168.151.77:43571], old=null at 0
2019-09-24 20:51:59,735 [grpc-default-executor-4] INFO  impl.RaftServerImpl (ServerState.java:setLeader(253)) - 53ac8eaa-d5bb-424d-a69e-4b40bc10c29e@group-2E3D9163E1BE: change Leader from 473b372b-aa71-4132-b827-1ca7d656aace to null at term 4 for updateCurrentTerm
2019-09-24 20:51:59,735 [grpc-default-executor-5] INFO  segmented.SegmentedRaftLogWorker (SegmentedRaftLogWorker.java:startLogSegment(380)) - 53ac8eaa-d5bb-424d-a69e-4b40bc10c29e@group-2E3D9163E1BE-SegmentedRaftLogWorker: Starting segment from index:0
2019-09-24 20:51:59,735 [grpc-default-executor-4] INFO  impl.RaftServerImpl (RaftServerImpl.java:setRole(174)) - 53ac8eaa-d5bb-424d-a69e-4b40bc10c29e@group-2E3D9163E1BE: changes role from  FOLLOWER to FOLLOWER at term 4 for recognizeCandidate:e35b1415-f60e-401b-8467-6059dde00d22
2019-09-24 20:51:59,735 [grpc-default-executor-4] INFO  impl.RoleInfo (RoleInfo.java:shutdownFollowerState(121)) - 53ac8eaa-d5bb-424d-a69e-4b40bc10c29e: shutdown FollowerState
2019-09-24 20:51:59,735 [grpc-default-executor-4] INFO  impl.RoleInfo (RoleInfo.java:updateAndGet(143)) - 53ac8eaa-d5bb-424d-a69e-4b40bc10c29e: start FollowerState
2019-09-24 20:51:59,735 [Thread-310] INFO  impl.FollowerState (FollowerState.java:run(115)) - 53ac8eaa-d5bb-424d-a69e-4b40bc10c29e: FollowerState was interrupted: java.lang.InterruptedException: sleep interrupted
2019-09-24 20:51:59,751 [grpc-default-executor-3] INFO  server.GrpcServerProtocolService (GrpcServerProtocolService.java:onCompleted(113)) - e35b1415-f60e-401b-8467-6059dde00d22: Completed APPEND_ENTRIES, lastRequest: 473b372b-aa71-4132-b827-1ca7d656aace->e35b1415-f60e-401b-8467-6059dde00d22#0-t3, previous=(t:0, i:0), leaderCommit=-1, initializing? false, entries: <empty>
2019-09-24 20:51:59,751 [Thread-311] INFO  impl.RoleInfo (RoleInfo.java:updateAndGet(143)) - 473b372b-aa71-4132-b827-1ca7d656aace: start FollowerState
2019-09-24 20:51:59,753 [grpc-default-executor-3] INFO  server.GrpcLogAppender (GrpcLogAppender.java:onCompleted(293)) - 473b372b-aa71-4132-b827-1ca7d656aace@group-2E3D9163E1BE->e35b1415-f60e-401b-8467-6059dde00d22-AppendLogResponseHandler: follower responses appendEntries COMPLETED
2019-09-24 20:51:59,755 [grpc-default-executor-5] INFO  server.GrpcServerProtocolService (GrpcServerProtocolService.java:onCompleted(113)) - 53ac8eaa-d5bb-424d-a69e-4b40bc10c29e: Completed APPEND_ENTRIES, lastRequest: 473b372b-aa71-4132-b827-1ca7d656aace->53ac8eaa-d5bb-424d-a69e-4b40bc10c29e#1-t3, previous=(t:0, i:0), leaderCommit=-1, initializing? false, entries: size=1, first=(t:3, i:0), CONFIGURATIONENTRY
2019-09-24 20:51:59,759 [grpc-default-executor-5] INFO  server.GrpcLogAppender (GrpcLogAppender.java:onCompleted(293)) - 473b372b-aa71-4132-b827-1ca7d656aace@group-2E3D9163E1BE->53ac8eaa-d5bb-424d-a69e-4b40bc10c29e-AppendLogResponseHandler: follower responses appendEntries COMPLETED
2019-09-24 20:51:59,759 [grpc-default-executor-3] INFO  impl.FollowerInfo (FollowerInfo.java:lambda$new$0(51)) - 473b372b-aa71-4132-b827-1ca7d656aace@group-2E3D9163E1BE->e35b1415-f60e-401b-8467-6059dde00d22: nextIndex: updateUnconditionally 0 -> 0
2019-09-24 20:51:59,759 [grpc-default-executor-5] INFO  impl.FollowerInfo (FollowerInfo.java:lambda$new$0(51)) - 473b372b-aa71-4132-b827-1ca7d656aace@group-2E3D9163E1BE->53ac8eaa-d5bb-424d-a69e-4b40bc10c29e: nextIndex: updateUnconditionally 1 -> 0
2019-09-24 20:51:59,867 [53ac8eaa-d5bb-424d-a69e-4b40bc10c29e@group-2E3D9163E1BE-SegmentedRaftLogWorker] INFO  segmented.SegmentedRaftLogWorker (SegmentedRaftLogWorker.java:execute(569)) - 53ac8eaa-d5bb-424d-a69e-4b40bc10c29e@group-2E3D9163E1BE-SegmentedRaftLogWorker: created new log segment /workdir/hadoop-ozone/integration-test/target/test-dir/MiniOzoneClusterImpl-f2398cfc-f31b-477c-b5a0-70704157f1f0/datanode-2/data/ratis/50c5d517-7283-4055-aa74-2e3d9163e1be/current/log_inprogress_0
2019-09-24 20:51:59,870 [grpc-default-executor-0] INFO  impl.RaftServerImpl (RaftServerImpl.java:setRole(174)) - 473b372b-aa71-4132-b827-1ca7d656aace@group-2E3D9163E1BE: changes role from  FOLLOWER to FOLLOWER at term 4 for recognizeCandidate:e35b1415-f60e-401b-8467-6059dde00d22
2019-09-24 20:51:59,870 [grpc-default-executor-0] INFO  impl.RoleInfo (RoleInfo.java:shutdownFollowerState(121)) - 473b372b-aa71-4132-b827-1ca7d656aace: shutdown FollowerState
2019-09-24 20:51:59,870 [grpc-default-executor-0] INFO  impl.RoleInfo (RoleInfo.java:updateAndGet(143)) - 473b372b-aa71-4132-b827-1ca7d656aace: start FollowerState
2019-09-24 20:51:59,870 [Thread-320] INFO  impl.FollowerState (FollowerState.java:run(115)) - 473b372b-aa71-4132-b827-1ca7d656aace: FollowerState was interrupted: java.lang.InterruptedException: sleep interrupted
2019-09-24 20:52:04,643 [Thread-309] INFO  impl.FollowerState (FollowerState.java:run(106)) - e35b1415-f60e-401b-8467-6059dde00d22:group-2E3D9163E1BE changes to CANDIDATE, lastRpcTime:5097, electionTimeout:5095ms
2019-09-24 20:52:04,643 [Thread-309] INFO  impl.RoleInfo (RoleInfo.java:shutdownFollowerState(121)) - e35b1415-f60e-401b-8467-6059dde00d22: shutdown FollowerState
2019-09-24 20:52:04,644 [Thread-309] INFO  impl.RaftServerImpl (RaftServerImpl.java:setRole(174)) - e35b1415-f60e-401b-8467-6059dde00d22@group-2E3D9163E1BE: changes role from  FOLLOWER to CANDIDATE at term 4 for changeToCandidate
2019-09-24 20:52:04,644 [Thread-309] INFO  impl.RoleInfo (RoleInfo.java:updateAndGet(143)) - e35b1415-f60e-401b-8467-6059dde00d22: start LeaderElection
2019-09-24 20:52:04,662 [e35b1415-f60e-401b-8467-6059dde00d22@group-2E3D9163E1BE:LeaderElection15] INFO  impl.LeaderElection (LeaderElection.java:askForVotes(182)) - e35b1415-f60e-401b-8467-6059dde00d22@group-2E3D9163E1BE:LeaderElection15: begin an election at term 5 for -1: [473b372b-aa71-4132-b827-1ca7d656aace:192.168.151.77:42963, 53ac8eaa-d5bb-424d-a69e-4b40bc10c29e:192.168.151.77:34604, e35b1415-f60e-401b-8467-6059dde00d22:192.168.151.77:43571], old=null
2019-09-24 20:52:04,666 [grpc-default-executor-0] INFO  impl.RaftServerImpl (RaftServerImpl.java:setRole(174)) - 473b372b-aa71-4132-b827-1ca7d656aace@group-2E3D9163E1BE: changes role from  FOLLOWER to FOLLOWER at term 5 for recognizeCandidate:e35b1415-f60e-401b-8467-6059dde00d22
2019-09-24 20:52:04,666 [grpc-default-executor-4] INFO  impl.RaftServerImpl (RaftServerImpl.java:setRole(174)) - 53ac8eaa-d5bb-424d-a69e-4b40bc10c29e@group-2E3D9163E1BE: changes role from  FOLLOWER to FOLLOWER at term 5 for recognizeCandidate:e35b1415-f60e-401b-8467-6059dde00d22
2019-09-24 20:52:04,666 [grpc-default-executor-0] INFO  impl.RoleInfo (RoleInfo.java:shutdownFollowerState(121)) - 473b372b-aa71-4132-b827-1ca7d656aace: shutdown FollowerState
2019-09-24 20:52:04,666 [grpc-default-executor-4] INFO  impl.RoleInfo (RoleInfo.java:shutdownFollowerState(121)) - 53ac8eaa-d5bb-424d-a69e-4b40bc10c29e: shutdown FollowerState
2019-09-24 20:52:04,666 [Thread-321] INFO  impl.FollowerState (FollowerState.java:run(115)) - 473b372b-aa71-4132-b827-1ca7d656aace: FollowerState was interrupted: java.lang.InterruptedException: sleep interrupted
2019-09-24 20:52:04,666 [grpc-default-executor-0] INFO  impl.RoleInfo (RoleInfo.java:updateAndGet(143)) - 473b372b-aa71-4132-b827-1ca7d656aace: start FollowerState
2019-09-24 20:52:04,666 [grpc-default-executor-4] INFO  impl.RoleInfo (RoleInfo.java:updateAndGet(143)) - 53ac8eaa-d5bb-424d-a69e-4b40bc10c29e: start FollowerState
2019-09-24 20:52:04,669 [Thread-319] INFO  impl.FollowerState (FollowerState.java:run(115)) - 53ac8eaa-d5bb-424d-a69e-4b40bc10c29e: FollowerState was interrupted: java.lang.InterruptedException: sleep interrupted
2019-09-24 20:52:04,701 [e35b1415-f60e-401b-8467-6059dde00d22@group-2E3D9163E1BE:LeaderElection15] INFO  impl.LeaderElection (LeaderElection.java:logAndReturn(56)) - e35b1415-f60e-401b-8467-6059dde00d22@group-2E3D9163E1BE:LeaderElection15: Election REJECTED; received 2 response(s) [e35b1415-f60e-401b-8467-6059dde00d22<-473b372b-aa71-4132-b827-1ca7d656aace#0:FAIL-t5, e35b1415-f60e-401b-8467-6059dde00d22<-53ac8eaa-d5bb-424d-a69e-4b40bc10c29e#0:FAIL-t5] and 0 exception(s); e35b1415-f60e-401b-8467-6059dde00d22@group-2E3D9163E1BE:t5, leader=null, voted=e35b1415-f60e-401b-8467-6059dde00d22, raftlog=e35b1415-f60e-401b-8467-6059dde00d22@group-2E3D9163E1BE-SegmentedRaftLog:OPENED:c-1,f-1,i0, conf=-1: [473b372b-aa71-4132-b827-1ca7d656aace:192.168.151.77:42963, 53ac8eaa-d5bb-424d-a69e-4b40bc10c29e:192.168.151.77:34604, e35b1415-f60e-401b-8467-6059dde00d22:192.168.151.77:43571], old=null
2019-09-24 20:52:04,702 [e35b1415-f60e-401b-8467-6059dde00d22@group-2E3D9163E1BE:LeaderElection15] INFO  impl.RaftServerImpl (RaftServerImpl.java:setRole(174)) - e35b1415-f60e-401b-8467-6059dde00d22@group-2E3D9163E1BE: changes role from CANDIDATE to FOLLOWER at term 5 for DISCOVERED_A_NEW_TERM
2019-09-24 20:52:04,702 [e35b1415-f60e-401b-8467-6059dde00d22@group-2E3D9163E1BE:LeaderElection15] INFO  impl.RoleInfo (RoleInfo.java:shutdownLeaderElection(134)) - e35b1415-f60e-401b-8467-6059dde00d22: shutdown LeaderElection
2019-09-24 20:52:04,702 [e35b1415-f60e-401b-8467-6059dde00d22@group-2E3D9163E1BE:LeaderElection15] INFO  impl.RoleInfo (RoleInfo.java:updateAndGet(143)) - e35b1415-f60e-401b-8467-6059dde00d22: start FollowerState
2019-09-24 20:52:09,751 [Thread-339] INFO  impl.FollowerState (FollowerState.java:run(106)) - e35b1415-f60e-401b-8467-6059dde00d22:group-2E3D9163E1BE changes to CANDIDATE, lastRpcTime:5048, electionTimeout:5048ms
2019-09-24 20:52:09,753 [Thread-339] INFO  impl.RoleInfo (RoleInfo.java:shutdownFollowerState(121)) - e35b1415-f60e-401b-8467-6059dde00d22: shutdown FollowerState
2019-09-24 20:52:09,754 [Thread-339] INFO  impl.RaftServerImpl (RaftServerImpl.java:setRole(174)) - e35b1415-f60e-401b-8467-6059dde00d22@group-2E3D9163E1BE: changes role from  FOLLOWER to CANDIDATE at term 5 for changeToCandidate
2019-09-24 20:52:09,754 [Thread-339] INFO  impl.RoleInfo (RoleInfo.java:updateAndGet(143)) - e35b1415-f60e-401b-8467-6059dde00d22: start LeaderElection
2019-09-24 20:52:09,773 [e35b1415-f60e-401b-8467-6059dde00d22@group-2E3D9163E1BE:LeaderElection16] INFO  impl.LeaderElection (LeaderElection.java:askForVotes(182)) - e35b1415-f60e-401b-8467-6059dde00d22@group-2E3D9163E1BE:LeaderElection16: begin an election at term 6 for -1: [473b372b-aa71-4132-b827-1ca7d656aace:192.168.151.77:42963, 53ac8eaa-d5bb-424d-a69e-4b40bc10c29e:192.168.151.77:34604, e35b1415-f60e-401b-8467-6059dde00d22:192.168.151.77:43571], old=null
2019-09-24 20:52:09,777 [grpc-default-executor-4] INFO  impl.RaftServerImpl (RaftServerImpl.java:setRole(174)) - 53ac8eaa-d5bb-424d-a69e-4b40bc10c29e@group-2E3D9163E1BE: changes role from  FOLLOWER to FOLLOWER at term 6 for recognizeCandidate:e35b1415-f60e-401b-8467-6059dde00d22
2019-09-24 20:52:09,777 [grpc-default-executor-0] INFO  impl.RaftServerImpl (RaftServerImpl.java:setRole(174)) - 473b372b-aa71-4132-b827-1ca7d656aace@group-2E3D9163E1BE: changes role from  FOLLOWER to FOLLOWER at term 6 for recognizeCandidate:e35b1415-f60e-401b-8467-6059dde00d22
2019-09-24 20:52:09,778 [grpc-default-executor-4] INFO  impl.RoleInfo (RoleInfo.java:shutdownFollowerState(121)) - 53ac8eaa-d5bb-424d-a69e-4b40bc10c29e: shutdown FollowerState
2019-09-24 20:52:09,778 [grpc-default-executor-0] INFO  impl.RoleInfo (RoleInfo.java:shutdownFollowerState(121)) - 473b372b-aa71-4132-b827-1ca7d656aace: shutdown FollowerState
2019-09-24 20:52:09,778 [grpc-default-executor-4] INFO  impl.RoleInfo (RoleInfo.java:updateAndGet(143)) - 53ac8eaa-d5bb-424d-a69e-4b40bc10c29e: start FollowerState
2019-09-24 20:52:09,778 [Thread-338] INFO  impl.FollowerState (FollowerState.java:run(115)) - 53ac8eaa-d5bb-424d-a69e-4b40bc10c29e: FollowerState was interrupted: java.lang.InterruptedException: sleep interrupted
2019-09-24 20:52:09,778 [grpc-default-executor-0] INFO  impl.RoleInfo (RoleInfo.java:updateAndGet(143)) - 473b372b-aa71-4132-b827-1ca7d656aace: start FollowerState
2019-09-24 20:52:09,779 [Thread-337] INFO  impl.FollowerState (FollowerState.java:run(115)) - 473b372b-aa71-4132-b827-1ca7d656aace: FollowerState was interrupted: java.lang.InterruptedException: sleep interrupted
2019-09-24 20:52:09,802 [e35b1415-f60e-401b-8467-6059dde00d22@group-2E3D9163E1BE:LeaderElection16] INFO  impl.LeaderElection (LeaderElection.java:logAndReturn(56)) - e35b1415-f60e-401b-8467-6059dde00d22@group-2E3D9163E1BE:LeaderElection16: Election REJECTED; received 2 response(s) [e35b1415-f60e-401b-8467-6059dde00d22<-473b372b-aa71-4132-b827-1ca7d656aace#0:FAIL-t6, e35b1415-f60e-401b-8467-6059dde00d22<-53ac8eaa-d5bb-424d-a69e-4b40bc10c29e#0:FAIL-t6] and 0 exception(s); e35b1415-f60e-401b-8467-6059dde00d22@group-2E3D9163E1BE:t6, leader=null, voted=e35b1415-f60e-401b-8467-6059dde00d22, raftlog=e35b1415-f60e-401b-8467-6059dde00d22@group-2E3D9163E1BE-SegmentedRaftLog:OPENED:c-1,f-1,i0, conf=-1: [473b372b-aa71-4132-b827-1ca7d656aace:192.168.151.77:42963, 53ac8eaa-d5bb-424d-a69e-4b40bc10c29e:192.168.151.77:34604, e35b1415-f60e-401b-8467-6059dde00d22:192.168.151.77:43571], old=null
2019-09-24 20:52:09,802 [e35b1415-f60e-401b-8467-6059dde00d22@group-2E3D9163E1BE:LeaderElection16] INFO  impl.RaftServerImpl (RaftServerImpl.java:setRole(174)) - e35b1415-f60e-401b-8467-6059dde00d22@group-2E3D9163E1BE: changes role from CANDIDATE to FOLLOWER at term 6 for DISCOVERED_A_NEW_TERM
2019-09-24 20:52:09,802 [e35b1415-f60e-401b-8467-6059dde00d22@group-2E3D9163E1BE:LeaderElection16] INFO  impl.RoleInfo (RoleInfo.java:shutdownLeaderElection(134)) - e35b1415-f60e-401b-8467-6059dde00d22: shutdown LeaderElection
2019-09-24 20:52:09,803 [e35b1415-f60e-401b-8467-6059dde00d22@group-2E3D9163E1BE:LeaderElection16] INFO  impl.RoleInfo (RoleInfo.java:updateAndGet(143)) - e35b1415-f60e-401b-8467-6059dde00d22: start FollowerState
2019-09-24 20:52:14,857 [Thread-355] INFO  impl.FollowerState (FollowerState.java:run(106)) - e35b1415-f60e-401b-8467-6059dde00d22:group-2E3D9163E1BE changes to CANDIDATE, lastRpcTime:5053, electionTimeout:5053ms
2019-09-24 20:52:14,860 [Thread-355] INFO  impl.RoleInfo (RoleInfo.java:shutdownFollowerState(121)) - e35b1415-f60e-401b-8467-6059dde00d22: shutdown FollowerState
2019-09-24 20:52:14,861 [Thread-355] INFO  impl.RaftServerImpl (RaftServerImpl.java:setRole(174)) - e35b1415-f60e-401b-8467-6059dde00d22@group-2E3D9163E1BE: changes role from  FOLLOWER to CANDIDATE at term 6 for changeToCandidate
2019-09-24 20:52:14,862 [Thread-355] INFO  impl.RoleInfo (RoleInfo.java:updateAndGet(143)) - e35b1415-f60e-401b-8467-6059dde00d22: start LeaderElection
2019-09-24 20:52:14,888 [e35b1415-f60e-401b-8467-6059dde00d22@group-2E3D9163E1BE:LeaderElection17] INFO  impl.LeaderElection (LeaderElection.java:askForVotes(182)) - e35b1415-f60e-401b-8467-6059dde00d22@group-2E3D9163E1BE:LeaderElection17: begin an election at term 7 for -1: [473b372b-aa71-4132-b827-1ca7d656aace:192.168.151.77:42963, 53ac8eaa-d5bb-424d-a69e-4b40bc10c29e:192.168.151.77:34604, e35b1415-f60e-401b-8467-6059dde00d22:192.168.151.77:43571], old=null
2019-09-24 20:52:14,893 [Thread-353] INFO  impl.FollowerState (FollowerState.java:run(106)) - 53ac8eaa-d5bb-424d-a69e-4b40bc10c29e:group-2E3D9163E1BE changes to CANDIDATE, lastRpcTime:5115, electionTimeout:5114ms
2019-09-24 20:52:14,894 [Thread-353] INFO  impl.RoleInfo (RoleInfo.java:shutdownFollowerState(121)) - 53ac8eaa-d5bb-424d-a69e-4b40bc10c29e: shutdown FollowerState
2019-09-24 20:52:14,894 [Thread-353] INFO  impl.RaftServerImpl (RaftServerImpl.java:setRole(174)) - 53ac8eaa-d5bb-424d-a69e-4b40bc10c29e@group-2E3D9163E1BE: changes role from  FOLLOWER to CANDIDATE at term 6 for changeToCandidate
2019-09-24 20:52:14,894 [Thread-353] INFO  impl.RoleInfo (RoleInfo.java:updateAndGet(143)) - 53ac8eaa-d5bb-424d-a69e-4b40bc10c29e: start LeaderElection
2019-09-24 20:52:14,896 [grpc-default-executor-4] INFO  impl.RaftServerImpl (RaftServerImpl.java:setRole(174)) - 473b372b-aa71-4132-b827-1ca7d656aace@group-2E3D9163E1BE: changes role from  FOLLOWER to FOLLOWER at term 7 for recognizeCandidate:e35b1415-f60e-401b-8467-6059dde00d22
2019-09-24 20:52:14,897 [grpc-default-executor-4] INFO  impl.RoleInfo (RoleInfo.java:shutdownFollowerState(121)) - 473b372b-aa71-4132-b827-1ca7d656aace: shutdown FollowerState
2019-09-24 20:52:14,897 [grpc-default-executor-4] INFO  impl.RoleInfo (RoleInfo.java:updateAndGet(143)) - 473b372b-aa71-4132-b827-1ca7d656aace: start FollowerState
2019-09-24 20:52:14,897 [Thread-354] INFO  impl.FollowerState (FollowerState.java:run(115)) - 473b372b-aa71-4132-b827-1ca7d656aace: FollowerState was interrupted: java.lang.InterruptedException: sleep interrupted
2019-09-24 20:52:14,938 [53ac8eaa-d5bb-424d-a69e-4b40bc10c29e@group-2E3D9163E1BE:LeaderElection18] INFO  impl.LeaderElection (LeaderElection.java:askForVotes(182)) - 53ac8eaa-d5bb-424d-a69e-4b40bc10c29e@group-2E3D9163E1BE:LeaderElection18: begin an election at term 7 for 0: [473b372b-aa71-4132-b827-1ca7d656aace:192.168.151.77:42963, 53ac8eaa-d5bb-424d-a69e-4b40bc10c29e:192.168.151.77:34604, e35b1415-f60e-401b-8467-6059dde00d22:192.168.151.77:43571], old=null
2019-09-24 20:52:14,941 [e35b1415-f60e-401b-8467-6059dde00d22@group-2E3D9163E1BE:LeaderElection17] INFO  impl.LeaderElection (LeaderElection.java:logAndReturn(56)) - e35b1415-f60e-401b-8467-6059dde00d22@group-2E3D9163E1BE:LeaderElection17: Election REJECTED; received 2 response(s) [e35b1415-f60e-401b-8467-6059dde00d22<-473b372b-aa71-4132-b827-1ca7d656aace#0:FAIL-t7, e35b1415-f60e-401b-8467-6059dde00d22<-53ac8eaa-d5bb-424d-a69e-4b40bc10c29e#0:FAIL-t7] and 0 exception(s); e35b1415-f60e-401b-8467-6059dde00d22@group-2E3D9163E1BE:t7, leader=null, voted=e35b1415-f60e-401b-8467-6059dde00d22, raftlog=e35b1415-f60e-401b-8467-6059dde00d22@group-2E3D9163E1BE-SegmentedRaftLog:OPENED:c-1,f-1,i0, conf=-1: [473b372b-aa71-4132-b827-1ca7d656aace:192.168.151.77:42963, 53ac8eaa-d5bb-424d-a69e-4b40bc10c29e:192.168.151.77:34604, e35b1415-f60e-401b-8467-6059dde00d22:192.168.151.77:43571], old=null
2019-09-24 20:52:14,941 [e35b1415-f60e-401b-8467-6059dde00d22@group-2E3D9163E1BE:LeaderElection17] INFO  impl.RaftServerImpl (RaftServerImpl.java:setRole(174)) - e35b1415-f60e-401b-8467-6059dde00d22@group-2E3D9163E1BE: changes role from CANDIDATE to FOLLOWER at term 7 for DISCOVERED_A_NEW_TERM
2019-09-24 20:52:14,941 [e35b1415-f60e-401b-8467-6059dde00d22@group-2E3D9163E1BE:LeaderElection17] INFO  impl.RoleInfo (RoleInfo.java:shutdownLeaderElection(134)) - e35b1415-f60e-401b-8467-6059dde00d22: shutdown LeaderElection
2019-09-24 20:52:14,941 [e35b1415-f60e-401b-8467-6059dde00d22@group-2E3D9163E1BE:LeaderElection17] INFO  impl.RoleInfo (RoleInfo.java:updateAndGet(143)) - e35b1415-f60e-401b-8467-6059dde00d22: start FollowerState
2019-09-24 20:52:14,945 [grpc-default-executor-4] INFO  impl.RaftServerImpl (RaftServerImpl.java:setRole(174)) - 473b372b-aa71-4132-b827-1ca7d656aace@group-2E3D9163E1BE: changes role from  FOLLOWER to FOLLOWER at term 7 for recognizeCandidate:53ac8eaa-d5bb-424d-a69e-4b40bc10c29e
2019-09-24 20:52:14,947 [grpc-default-executor-4] INFO  impl.RoleInfo (RoleInfo.java:shutdownFollowerState(121)) - 473b372b-aa71-4132-b827-1ca7d656aace: shutdown FollowerState
2019-09-24 20:52:14,947 [grpc-default-executor-4] INFO  impl.RoleInfo (RoleInfo.java:updateAndGet(143)) - 473b372b-aa71-4132-b827-1ca7d656aace: start FollowerState
2019-09-24 20:52:14,947 [Thread-370] INFO  impl.FollowerState (FollowerState.java:run(115)) - 473b372b-aa71-4132-b827-1ca7d656aace: FollowerState was interrupted: java.lang.InterruptedException: sleep interrupted
2019-09-24 20:52:14,971 [53ac8eaa-d5bb-424d-a69e-4b40bc10c29e@group-2E3D9163E1BE:LeaderElection18] INFO  impl.LeaderElection (LeaderElection.java:logAndReturn(56)) - 53ac8eaa-d5bb-424d-a69e-4b40bc10c29e@group-2E3D9163E1BE:LeaderElection18: Election PASSED; received 2 response(s) [53ac8eaa-d5bb-424d-a69e-4b40bc10c29e<-473b372b-aa71-4132-b827-1ca7d656aace#0:OK-t7, 53ac8eaa-d5bb-424d-a69e-4b40bc10c29e<-e35b1415-f60e-401b-8467-6059dde00d22#0:FAIL-t7] and 0 exception(s); 53ac8eaa-d5bb-424d-a69e-4b40bc10c29e@group-2E3D9163E1BE:t7, leader=null, voted=53ac8eaa-d5bb-424d-a69e-4b40bc10c29e, raftlog=53ac8eaa-d5bb-424d-a69e-4b40bc10c29e@group-2E3D9163E1BE-SegmentedRaftLog:OPENED:c-1,f0,i0, conf=0: [473b372b-aa71-4132-b827-1ca7d656aace:192.168.151.77:42963, 53ac8eaa-d5bb-424d-a69e-4b40bc10c29e:192.168.151.77:34604, e35b1415-f60e-401b-8467-6059dde00d22:192.168.151.77:43571], old=null
2019-09-24 20:52:14,971 [53ac8eaa-d5bb-424d-a69e-4b40bc10c29e@group-2E3D9163E1BE:LeaderElection18] INFO  impl.RoleInfo (RoleInfo.java:shutdownLeaderElection(134)) - 53ac8eaa-d5bb-424d-a69e-4b40bc10c29e: shutdown LeaderElection
2019-09-24 20:52:14,971 [53ac8eaa-d5bb-424d-a69e-4b40bc10c29e@group-2E3D9163E1BE:LeaderElection18] INFO  impl.RaftServerImpl (RaftServerImpl.java:setRole(174)) - 53ac8eaa-d5bb-424d-a69e-4b40bc10c29e@group-2E3D9163E1BE: changes role from CANDIDATE to LEADER at term 7 for changeToLeader
2019-09-24 20:52:14,972 [53ac8eaa-d5bb-424d-a69e-4b40bc10c29e@group-2E3D9163E1BE:LeaderElection18] INFO  impl.RaftServerImpl (ServerState.java:setLeader(253)) - 53ac8eaa-d5bb-424d-a69e-4b40bc10c29e@group-2E3D9163E1BE: change Leader from null to 53ac8eaa-d5bb-424d-a69e-4b40bc10c29e at term 7 for becomeLeader, leader elected after 15236ms
2019-09-24 20:52:14,972 [53ac8eaa-d5bb-424d-a69e-4b40bc10c29e@group-2E3D9163E1BE:LeaderElection18] INFO  server.RaftServerConfigKeys (ConfUtils.java:logGet(43)) - raft.server.staging.catchup.gap = 1000 (default)
2019-09-24 20:52:14,972 [53ac8eaa-d5bb-424d-a69e-4b40bc10c29e@group-2E3D9163E1BE:LeaderElection18] INFO  server.RaftServerConfigKeys (ConfUtils.java:logGet(43)) - raft.server.rpc.sleep.time = 25ms (default)
2019-09-24 20:52:14,972 [53ac8eaa-d5bb-424d-a69e-4b40bc10c29e@group-2E3D9163E1BE:LeaderElection18] INFO  server.RaftServerConfigKeys (ConfUtils.java:logGet(43)) - raft.server.write.element-limit = 4096 (default)
2019-09-24 20:52:14,972 [53ac8eaa-d5bb-424d-a69e-4b40bc10c29e@group-2E3D9163E1BE:LeaderElection18] INFO  server.RaftServerConfigKeys (ConfUtils.java:logGet(43)) - raft.server.watch.timeout = 10s (default)
2019-09-24 20:52:14,972 [53ac8eaa-d5bb-424d-a69e-4b40bc10c29e@group-2E3D9163E1BE:LeaderElection18] INFO  server.RaftServerConfigKeys (ConfUtils.java:logGet(43)) - raft.server.watch.timeout.denomination = 1s (default)
2019-09-24 20:52:14,972 [53ac8eaa-d5bb-424d-a69e-4b40bc10c29e@group-2E3D9163E1BE:LeaderElection18] INFO  server.RaftServerConfigKeys (ConfUtils.java:logGet(43)) - raft.server.watch.element-limit = 65536 (default)
2019-09-24 20:52:14,976 [53ac8eaa-d5bb-424d-a69e-4b40bc10c29e@group-2E3D9163E1BE:LeaderElection18] INFO  server.RaftServerConfigKeys (ConfUtils.java:logGet(43)) - raft.server.log.appender.snapshot.chunk.size.max = 16MB (=16777216) (default)
2019-09-24 20:52:14,976 [53ac8eaa-d5bb-424d-a69e-4b40bc10c29e@group-2E3D9163E1BE:LeaderElection18] INFO  server.RaftServerConfigKeys (ConfUtils.java:logGet(43)) - raft.server.log.appender.buffer.byte-limit = 33554432 (custom)
2019-09-24 20:52:14,976 [53ac8eaa-d5bb-424d-a69e-4b40bc10c29e@group-2E3D9163E1BE:LeaderElection18] INFO  server.RaftServerConfigKeys (ConfUtils.java:logGet(43)) - raft.server.log.appender.buffer.element-limit = 1 (custom)
2019-09-24 20:52:14,976 [53ac8eaa-d5bb-424d-a69e-4b40bc10c29e@group-2E3D9163E1BE:LeaderElection18] INFO  grpc.GrpcConfigKeys$Server (ConfUtils.java:logGet(43)) - raft.grpc.server.leader.outstanding.appends.max = 128 (default)
2019-09-24 20:52:14,976 [53ac8eaa-d5bb-424d-a69e-4b40bc10c29e@group-2E3D9163E1BE:LeaderElection18] INFO  server.RaftServerConfigKeys (ConfUtils.java:logGet(43)) - raft.server.rpc.request.timeout = 3000ms (default)
2019-09-24 20:52:14,976 [53ac8eaa-d5bb-424d-a69e-4b40bc10c29e@group-2E3D9163E1BE:LeaderElection18] INFO  server.RaftServerConfigKeys (ConfUtils.java:logGet(43)) - raft.server.log.appender.install.snapshot.enabled = false (custom)
2019-09-24 20:52:14,977 [53ac8eaa-d5bb-424d-a69e-4b40bc10c29e@group-2E3D9163E1BE:LeaderElection18] INFO  server.RaftServerConfigKeys (ConfUtils.java:logGet(43)) - raft.server.log.appender.snapshot.chunk.size.max = 16MB (=16777216) (default)
2019-09-24 20:52:14,977 [53ac8eaa-d5bb-424d-a69e-4b40bc10c29e@group-2E3D9163E1BE:LeaderElection18] INFO  server.RaftServerConfigKeys (ConfUtils.java:logGet(43)) - raft.server.log.appender.buffer.byte-limit = 33554432 (custom)
2019-09-24 20:52:14,977 [53ac8eaa-d5bb-424d-a69e-4b40bc10c29e@group-2E3D9163E1BE:LeaderElection18] INFO  server.RaftServerConfigKeys (ConfUtils.java:logGet(43)) - raft.server.log.appender.buffer.element-limit = 1 (custom)
2019-09-24 20:52:14,977 [53ac8eaa-d5bb-424d-a69e-4b40bc10c29e@group-2E3D9163E1BE:LeaderElection18] INFO  grpc.GrpcConfigKeys$Server (ConfUtils.java:logGet(43)) - raft.grpc.server.leader.outstanding.appends.max = 128 (default)
2019-09-24 20:52:14,977 [53ac8eaa-d5bb-424d-a69e-4b40bc10c29e@group-2E3D9163E1BE:LeaderElection18] INFO  server.RaftServerConfigKeys (ConfUtils.java:logGet(43)) - raft.server.rpc.request.timeout = 3000ms (default)
2019-09-24 20:52:14,977 [53ac8eaa-d5bb-424d-a69e-4b40bc10c29e@group-2E3D9163E1BE:LeaderElection18] INFO  server.RaftServerConfigKeys (ConfUtils.java:logGet(43)) - raft.server.log.appender.install.snapshot.enabled = false (custom)
2019-09-24 20:52:14,978 [53ac8eaa-d5bb-424d-a69e-4b40bc10c29e@group-2E3D9163E1BE:LeaderElection18] INFO  impl.RoleInfo (RoleInfo.java:updateAndGet(143)) - 53ac8eaa-d5bb-424d-a69e-4b40bc10c29e: start LeaderState
2019-09-24 20:52:14,979 [53ac8eaa-d5bb-424d-a69e-4b40bc10c29e@group-2E3D9163E1BE:LeaderElection18] INFO  segmented.SegmentedRaftLogWorker (SegmentedRaftLogWorker.java:rollLogSegment(385)) - 53ac8eaa-d5bb-424d-a69e-4b40bc10c29e@group-2E3D9163E1BE-SegmentedRaftLogWorker: Rolling segment log-0_0 to index:0
2019-09-24 20:52:14,982 [53ac8eaa-d5bb-424d-a69e-4b40bc10c29e@group-2E3D9163E1BE-SegmentedRaftLogWorker] INFO  segmented.SegmentedRaftLogWorker (SegmentedRaftLogWorker.java:execute(526)) - 53ac8eaa-d5bb-424d-a69e-4b40bc10c29e@group-2E3D9163E1BE-SegmentedRaftLogWorker: Rolled log segment from /workdir/hadoop-ozone/integration-test/target/test-dir/MiniOzoneClusterImpl-f2398cfc-f31b-477c-b5a0-70704157f1f0/datanode-2/data/ratis/50c5d517-7283-4055-aa74-2e3d9163e1be/current/log_inprogress_0 to /workdir/hadoop-ozone/integration-test/target/test-dir/MiniOzoneClusterImpl-f2398cfc-f31b-477c-b5a0-70704157f1f0/datanode-2/data/ratis/50c5d517-7283-4055-aa74-2e3d9163e1be/current/log_0-0
2019-09-24 20:52:14,988 [53ac8eaa-d5bb-424d-a69e-4b40bc10c29e@group-2E3D9163E1BE:LeaderElection18] INFO  impl.RaftServerImpl (ServerState.java:setRaftConf(354)) - 53ac8eaa-d5bb-424d-a69e-4b40bc10c29e@group-2E3D9163E1BE: set configuration 1: [473b372b-aa71-4132-b827-1ca7d656aace:192.168.151.77:42963, 53ac8eaa-d5bb-424d-a69e-4b40bc10c29e:192.168.151.77:34604, e35b1415-f60e-401b-8467-6059dde00d22:192.168.151.77:43571], old=null at 1
2019-09-24 20:52:14,992 [grpc-default-executor-4] INFO  impl.RaftServerImpl (ServerState.java:setLeader(253)) - 473b372b-aa71-4132-b827-1ca7d656aace@group-2E3D9163E1BE: change Leader from null to 53ac8eaa-d5bb-424d-a69e-4b40bc10c29e at term 7 for appendEntries, leader elected after 15274ms
2019-09-24 20:52:14,992 [grpc-default-executor-0] INFO  impl.RaftServerImpl (ServerState.java:setLeader(253)) - e35b1415-f60e-401b-8467-6059dde00d22@group-2E3D9163E1BE: change Leader from null to 53ac8eaa-d5bb-424d-a69e-4b40bc10c29e at term 7 for appendEntries, leader elected after 35916ms
2019-09-24 20:52:15,000 [grpc-default-executor-0] INFO  impl.RaftServerImpl (RaftServerImpl.java:checkInconsistentAppendEntries(1003)) - e35b1415-f60e-401b-8467-6059dde00d22@group-2E3D9163E1BE: Failed appendEntries as previous log entry ((t:3, i:0)) is not found
2019-09-24 20:52:15,000 [grpc-default-executor-0] INFO  impl.RaftServerImpl (RaftServerImpl.java:checkInconsistentAppendEntries(976)) - e35b1415-f60e-401b-8467-6059dde00d22@group-2E3D9163E1BE: inconsistency entries. Reply:53ac8eaa-d5bb-424d-a69e-4b40bc10c29e<-e35b1415-f60e-401b-8467-6059dde00d22#0:FAIL,INCONSISTENCY,nextIndex:0,term:7,followerCommit:-1
2019-09-24 20:52:15,002 [grpc-default-executor-4] INFO  impl.FollowerInfo (FollowerInfo.java:lambda$new$0(51)) - 53ac8eaa-d5bb-424d-a69e-4b40bc10c29e@group-2E3D9163E1BE->e35b1415-f60e-401b-8467-6059dde00d22: nextIndex: updateUnconditionally 1 -> 0
2019-09-24 20:52:15,004 [grpc-default-executor-4] INFO  impl.RaftServerImpl (ServerState.java:setRaftConf(354)) - 473b372b-aa71-4132-b827-1ca7d656aace@group-2E3D9163E1BE: set configuration 1: [473b372b-aa71-4132-b827-1ca7d656aace:192.168.151.77:42963, 53ac8eaa-d5bb-424d-a69e-4b40bc10c29e:192.168.151.77:34604, e35b1415-f60e-401b-8467-6059dde00d22:192.168.151.77:43571], old=null at 1
2019-09-24 20:52:15,004 [grpc-default-executor-0] INFO  impl.RaftServerImpl (ServerState.java:setRaftConf(354)) - e35b1415-f60e-401b-8467-6059dde00d22@group-2E3D9163E1BE: set configuration 0: [473b372b-aa71-4132-b827-1ca7d656aace:192.168.151.77:42963, 53ac8eaa-d5bb-424d-a69e-4b40bc10c29e:192.168.151.77:34604, e35b1415-f60e-401b-8467-6059dde00d22:192.168.151.77:43571], old=null at 0
2019-09-24 20:52:15,004 [grpc-default-executor-4] INFO  segmented.SegmentedRaftLogWorker (SegmentedRaftLogWorker.java:rollLogSegment(385)) - 473b372b-aa71-4132-b827-1ca7d656aace@group-2E3D9163E1BE-SegmentedRaftLogWorker: Rolling segment log-0_0 to index:0
2019-09-24 20:52:15,004 [grpc-default-executor-0] INFO  segmented.SegmentedRaftLogWorker (SegmentedRaftLogWorker.java:startLogSegment(380)) - e35b1415-f60e-401b-8467-6059dde00d22@group-2E3D9163E1BE-SegmentedRaftLogWorker: Starting segment from index:0
2019-09-24 20:52:15,005 [473b372b-aa71-4132-b827-1ca7d656aace@group-2E3D9163E1BE-SegmentedRaftLogWorker] INFO  segmented.SegmentedRaftLogWorker (SegmentedRaftLogWorker.java:execute(526)) - 473b372b-aa71-4132-b827-1ca7d656aace@group-2E3D9163E1BE-SegmentedRaftLogWorker: Rolled log segment from /workdir/hadoop-ozone/integration-test/target/test-dir/MiniOzoneClusterImpl-f2398cfc-f31b-477c-b5a0-70704157f1f0/datanode-1/data/ratis/50c5d517-7283-4055-aa74-2e3d9163e1be/current/log_inprogress_0 to /workdir/hadoop-ozone/integration-test/target/test-dir/MiniOzoneClusterImpl-f2398cfc-f31b-477c-b5a0-70704157f1f0/datanode-1/data/ratis/50c5d517-7283-4055-aa74-2e3d9163e1be/current/log_0-0
2019-09-24 20:52:15,006 [grpc-default-executor-0] INFO  impl.RaftServerImpl (ServerState.java:setRaftConf(354)) - e35b1415-f60e-401b-8467-6059dde00d22@group-2E3D9163E1BE: set configuration 1: [473b372b-aa71-4132-b827-1ca7d656aace:192.168.151.77:42963, 53ac8eaa-d5bb-424d-a69e-4b40bc10c29e:192.168.151.77:34604, e35b1415-f60e-401b-8467-6059dde00d22:192.168.151.77:43571], old=null at 1
2019-09-24 20:52:15,006 [grpc-default-executor-0] INFO  segmented.SegmentedRaftLogWorker (SegmentedRaftLogWorker.java:rollLogSegment(385)) - e35b1415-f60e-401b-8467-6059dde00d22@group-2E3D9163E1BE-SegmentedRaftLogWorker: Rolling segment log-0_0 to index:0
2019-09-24 20:52:15,029 [53ac8eaa-d5bb-424d-a69e-4b40bc10c29e@group-2E3D9163E1BE-SegmentedRaftLogWorker] INFO  segmented.SegmentedRaftLogWorker (SegmentedRaftLogWorker.java:execute(569)) - 53ac8eaa-d5bb-424d-a69e-4b40bc10c29e@group-2E3D9163E1BE-SegmentedRaftLogWorker: created new log segment /workdir/hadoop-ozone/integration-test/target/test-dir/MiniOzoneClusterImpl-f2398cfc-f31b-477c-b5a0-70704157f1f0/datanode-2/data/ratis/50c5d517-7283-4055-aa74-2e3d9163e1be/current/log_inprogress_1
2019-09-24 20:52:15,031 [e35b1415-f60e-401b-8467-6059dde00d22@group-2E3D9163E1BE-SegmentedRaftLogWorker] INFO  segmented.SegmentedRaftLogWorker (SegmentedRaftLogWorker.java:execute(569)) - e35b1415-f60e-401b-8467-6059dde00d22@group-2E3D9163E1BE-SegmentedRaftLogWorker: created new log segment /workdir/hadoop-ozone/integration-test/target/test-dir/MiniOzoneClusterImpl-f2398cfc-f31b-477c-b5a0-70704157f1f0/datanode-3/data/ratis/50c5d517-7283-4055-aa74-2e3d9163e1be/current/log_inprogress_0
2019-09-24 20:52:15,031 [473b372b-aa71-4132-b827-1ca7d656aace@group-2E3D9163E1BE-SegmentedRaftLogWorker] INFO  segmented.SegmentedRaftLogWorker (SegmentedRaftLogWorker.java:execute(569)) - 473b372b-aa71-4132-b827-1ca7d656aace@group-2E3D9163E1BE-SegmentedRaftLogWorker: created new log segment /workdir/hadoop-ozone/integration-test/target/test-dir/MiniOzoneClusterImpl-f2398cfc-f31b-477c-b5a0-70704157f1f0/datanode-1/data/ratis/50c5d517-7283-4055-aa74-2e3d9163e1be/current/log_inprogress_1
2019-09-24 20:52:15,044 [e35b1415-f60e-401b-8467-6059dde00d22@group-2E3D9163E1BE-SegmentedRaftLogWorker] INFO  segmented.SegmentedRaftLogWorker (SegmentedRaftLogWorker.java:execute(526)) - e35b1415-f60e-401b-8467-6059dde00d22@group-2E3D9163E1BE-SegmentedRaftLogWorker: Rolled log segment from /workdir/hadoop-ozone/integration-test/target/test-dir/MiniOzoneClusterImpl-f2398cfc-f31b-477c-b5a0-70704157f1f0/datanode-3/data/ratis/50c5d517-7283-4055-aa74-2e3d9163e1be/current/log_inprogress_0 to /workdir/hadoop-ozone/integration-test/target/test-dir/MiniOzoneClusterImpl-f2398cfc-f31b-477c-b5a0-70704157f1f0/datanode-3/data/ratis/50c5d517-7283-4055-aa74-2e3d9163e1be/current/log_0-0
2019-09-24 20:52:15,082 [e35b1415-f60e-401b-8467-6059dde00d22@group-2E3D9163E1BE-SegmentedRaftLogWorker] INFO  segmented.SegmentedRaftLogWorker (SegmentedRaftLogWorker.java:execute(569)) - e35b1415-f60e-401b-8467-6059dde00d22@group-2E3D9163E1BE-SegmentedRaftLogWorker: created new log segment /workdir/hadoop-ozone/integration-test/target/test-dir/MiniOzoneClusterImpl-f2398cfc-f31b-477c-b5a0-70704157f1f0/datanode-3/data/ratis/50c5d517-7283-4055-aa74-2e3d9163e1be/current/log_inprogress_1
2019-09-24 20:52:16,135 [Thread-202] INFO  pipeline.SCMPipelineManager (SCMPipelineManager.java:finalizeAndDestroyPipeline(315)) - destroying pipeline:Pipeline[ Id: 50c5d517-7283-4055-aa74-2e3d9163e1be, Nodes: 53ac8eaa-d5bb-424d-a69e-4b40bc10c29e{ip: 192.168.151.77, host: pr-hdds-2149-mjjcq-3576968246, networkLocation: /rack1, certSerialId: null}e35b1415-f60e-401b-8467-6059dde00d22{ip: 192.168.151.77, host: pr-hdds-2149-mjjcq-3576968246, networkLocation: /rack1, certSerialId: null}473b372b-aa71-4132-b827-1ca7d656aace{ip: 192.168.151.77, host: pr-hdds-2149-mjjcq-3576968246, networkLocation: /rack1, certSerialId: null}, Type:RATIS, Factor:THREE, State:OPEN]
2019-09-24 20:52:16,137 [Thread-202] INFO  pipeline.PipelineStateManager (PipelineStateManager.java:finalizePipeline(123)) - Pipeline Pipeline[ Id: 50c5d517-7283-4055-aa74-2e3d9163e1be, Nodes: 53ac8eaa-d5bb-424d-a69e-4b40bc10c29e{ip: 192.168.151.77, host: pr-hdds-2149-mjjcq-3576968246, networkLocation: /rack1, certSerialId: null}e35b1415-f60e-401b-8467-6059dde00d22{ip: 192.168.151.77, host: pr-hdds-2149-mjjcq-3576968246, networkLocation: /rack1, certSerialId: null}473b372b-aa71-4132-b827-1ca7d656aace{ip: 192.168.151.77, host: pr-hdds-2149-mjjcq-3576968246, networkLocation: /rack1, certSerialId: null}, Type:RATIS, Factor:THREE, State:CLOSED] moved to CLOSED state
2019-09-24 20:52:16,138 [EventQueue-CloseContainerForCloseContainerEventHandler] INFO  container.CloseContainerEventHandler (CloseContainerEventHandler.java:onMessage(61)) - Close container Event triggered for container : #1
2019-09-24 20:52:16,756 [Datanode State Machine Thread - 0] INFO  statemachine.DatanodeStateMachine (DatanodeStateMachine.java:lambda$startDaemon$0(350)) - Ozone container server started.
2019-09-24 20:52:21,144 [Thread-202] INFO  ozoneimpl.OzoneContainer (OzoneContainer.java:stop(231)) - Attempting to stop container services.
2019-09-24 20:52:21,147 [Thread-202] INFO  impl.RaftServerProxy (RaftServerProxy.java:lambda$close$4(314)) - 53ac8eaa-d5bb-424d-a69e-4b40bc10c29e: close
2019-09-24 20:52:21,149 [Thread-202] INFO  impl.RaftServerImpl (RaftServerImpl.java:lambda$shutdown$3(251)) - 53ac8eaa-d5bb-424d-a69e-4b40bc10c29e@group-2E3D9163E1BE: shutdown
2019-09-24 20:52:21,149 [ForkJoinPool.commonPool-worker-1] INFO  impl.RaftServerImpl (RaftServerImpl.java:lambda$shutdown$3(251)) - 53ac8eaa-d5bb-424d-a69e-4b40bc10c29e@group-C1469BA574C2: shutdown
2019-09-24 20:52:21,150 [Thread-202] INFO  util.JmxRegister (JmxRegister.java:unregister(73)) - Successfully un-registered JMX Bean with object name Ratis:service=RaftServer,group=group-2E3D9163E1BE,id=53ac8eaa-d5bb-424d-a69e-4b40bc10c29e
2019-09-24 20:52:21,150 [ForkJoinPool.commonPool-worker-1] INFO  util.JmxRegister (JmxRegister.java:unregister(73)) - Successfully un-registered JMX Bean with object name Ratis:service=RaftServer,group=group-C1469BA574C2,id=53ac8eaa-d5bb-424d-a69e-4b40bc10c29e
2019-09-24 20:52:21,150 [Thread-202] INFO  impl.RoleInfo (RoleInfo.java:shutdownLeaderState(104)) - 53ac8eaa-d5bb-424d-a69e-4b40bc10c29e: shutdown LeaderState
2019-09-24 20:52:21,150 [ForkJoinPool.commonPool-worker-1] INFO  impl.RoleInfo (RoleInfo.java:shutdownLeaderState(104)) - 53ac8eaa-d5bb-424d-a69e-4b40bc10c29e: shutdown LeaderState
2019-09-24 20:52:21,153 [org.apache.ratis.server.impl.LogAppender$AppenderDaemon$$Lambda$503/1734202293@2f561fdf] WARN  server.GrpcLogAppender (GrpcLogAppender.java:mayWait(143)) - 53ac8eaa-d5bb-424d-a69e-4b40bc10c29e@group-2E3D9163E1BE->473b372b-aa71-4132-b827-1ca7d656aace-GrpcLogAppender: Wait interrupted by java.lang.InterruptedException
2019-09-24 20:52:21,153 [org.apache.ratis.server.impl.LogAppender$AppenderDaemon$$Lambda$503/1734202293@73831a03] WARN  server.GrpcLogAppender (GrpcLogAppender.java:mayWait(143)) - 53ac8eaa-d5bb-424d-a69e-4b40bc10c29e@group-2E3D9163E1BE->e35b1415-f60e-401b-8467-6059dde00d22-GrpcLogAppender: Wait interrupted by java.lang.InterruptedException
2019-09-24 20:52:21,155 [ForkJoinPool.commonPool-worker-1] INFO  impl.PendingRequests (PendingRequests.java:sendNotLeaderResponses(202)) - 53ac8eaa-d5bb-424d-a69e-4b40bc10c29e-PendingRequests: sendNotLeaderResponses
2019-09-24 20:52:21,153 [Thread-202] INFO  impl.PendingRequests (PendingRequests.java:sendNotLeaderResponses(202)) - 53ac8eaa-d5bb-424d-a69e-4b40bc10c29e-PendingRequests: sendNotLeaderResponses
2019-09-24 20:52:21,156 [ForkJoinPool.commonPool-worker-1] INFO  impl.StateMachineUpdater (StateMachineUpdater.java:stopAndJoin(125)) - 53ac8eaa-d5bb-424d-a69e-4b40bc10c29e@group-C1469BA574C2-StateMachineUpdater: set stopIndex = 0
2019-09-24 20:52:21,156 [grpc-default-executor-0] INFO  server.GrpcServerProtocolService (GrpcServerProtocolService.java:onCompleted(113)) - e35b1415-f60e-401b-8467-6059dde00d22: Completed APPEND_ENTRIES, lastRequest: 53ac8eaa-d5bb-424d-a69e-4b40bc10c29e->e35b1415-f60e-401b-8467-6059dde00d22#9-t7, previous=(t:7, i:6), leaderCommit=6, initializing? false, entries: <empty>
2019-09-24 20:52:21,156 [grpc-default-executor-4] INFO  server.GrpcServerProtocolService (GrpcServerProtocolService.java:onCompleted(113)) - 473b372b-aa71-4132-b827-1ca7d656aace: Completed APPEND_ENTRIES, lastRequest: 53ac8eaa-d5bb-424d-a69e-4b40bc10c29e->473b372b-aa71-4132-b827-1ca7d656aace#8-t7, previous=(t:7, i:6), leaderCommit=6, initializing? false, entries: <empty>
2019-09-24 20:52:21,157 [ForkJoinPool.commonPool-worker-1] INFO  impl.RaftServerImpl (ServerState.java:close(385)) - 53ac8eaa-d5bb-424d-a69e-4b40bc10c29e@group-C1469BA574C2: closes. applyIndex: 0
2019-09-24 20:52:21,158 [grpc-default-executor-4] INFO  server.GrpcLogAppender (GrpcLogAppender.java:onCompleted(293)) - 53ac8eaa-d5bb-424d-a69e-4b40bc10c29e@group-2E3D9163E1BE->e35b1415-f60e-401b-8467-6059dde00d22-AppendLogResponseHandler: follower responses appendEntries COMPLETED
2019-09-24 20:52:21,159 [grpc-default-executor-4] INFO  impl.FollowerInfo (FollowerInfo.java:lambda$new$0(51)) - 53ac8eaa-d5bb-424d-a69e-4b40bc10c29e@group-2E3D9163E1BE->e35b1415-f60e-401b-8467-6059dde00d22: nextIndex: updateUnconditionally 7 -> 6
2019-09-24 20:52:21,159 [grpc-default-executor-0] INFO  server.GrpcLogAppender (GrpcLogAppender.java:onCompleted(293)) - 53ac8eaa-d5bb-424d-a69e-4b40bc10c29e@group-2E3D9163E1BE->473b372b-aa71-4132-b827-1ca7d656aace-AppendLogResponseHandler: follower responses appendEntries COMPLETED
2019-09-24 20:52:21,159 [53ac8eaa-d5bb-424d-a69e-4b40bc10c29e@group-C1469BA574C2-SegmentedRaftLogWorker] INFO  segmented.SegmentedRaftLogWorker (SegmentedRaftLogWorker.java:run(313)) - 53ac8eaa-d5bb-424d-a69e-4b40bc10c29e@group-C1469BA574C2-SegmentedRaftLogWorker was interrupted, exiting. There are 0 tasks remaining in the queue.
2019-09-24 20:52:21,161 [grpc-default-executor-0] INFO  impl.FollowerInfo (FollowerInfo.java:lambda$new$0(51)) - 53ac8eaa-d5bb-424d-a69e-4b40bc10c29e@group-2E3D9163E1BE->473b372b-aa71-4132-b827-1ca7d656aace: nextIndex: updateUnconditionally 7 -> 6
2019-09-24 20:52:21,161 [ForkJoinPool.commonPool-worker-1] INFO  segmented.SegmentedRaftLogWorker (SegmentedRaftLogWorker.java:close(228)) - 53ac8eaa-d5bb-424d-a69e-4b40bc10c29e@group-C1469BA574C2-SegmentedRaftLogWorker close()
2019-09-24 20:52:21,165 [Thread-202] INFO  impl.StateMachineUpdater (StateMachineUpdater.java:stopAndJoin(125)) - 53ac8eaa-d5bb-424d-a69e-4b40bc10c29e@group-2E3D9163E1BE-StateMachineUpdater: set stopIndex = 6
2019-09-24 20:52:21,167 [53ac8eaa-d5bb-424d-a69e-4b40bc10c29e@group-2E3D9163E1BE-StateMachineUpdater] INFO  ratis.ContainerStateMachine (ContainerStateMachine.java:takeSnapshot(289)) - group-2E3D9163E1BE: Taking a snapshot at:(t:7, i:6) file /workdir/hadoop-ozone/integration-test/target/test-dir/MiniOzoneClusterImpl-f2398cfc-f31b-477c-b5a0-70704157f1f0/datanode-2/data/ratis/50c5d517-7283-4055-aa74-2e3d9163e1be/sm/snapshot.7_6
2019-09-24 20:52:21,232 [53ac8eaa-d5bb-424d-a69e-4b40bc10c29e@group-2E3D9163E1BE-StateMachineUpdater] INFO  ratis.ContainerStateMachine (ContainerStateMachine.java:takeSnapshot(300)) - group-2E3D9163E1BE: Finished taking a snapshot at:(t:7, i:6) file:/workdir/hadoop-ozone/integration-test/target/test-dir/MiniOzoneClusterImpl-f2398cfc-f31b-477c-b5a0-70704157f1f0/datanode-2/data/ratis/50c5d517-7283-4055-aa74-2e3d9163e1be/sm/snapshot.7_6 time:66
2019-09-24 20:52:21,234 [53ac8eaa-d5bb-424d-a69e-4b40bc10c29e@group-2E3D9163E1BE-StateMachineUpdater] INFO  impl.StateMachineUpdater (StateMachineUpdater.java:takeSnapshot(258)) - 53ac8eaa-d5bb-424d-a69e-4b40bc10c29e@group-2E3D9163E1BE-StateMachineUpdater: Took a snapshot at index 6
2019-09-24 20:52:21,234 [53ac8eaa-d5bb-424d-a69e-4b40bc10c29e@group-2E3D9163E1BE-StateMachineUpdater] INFO  impl.StateMachineUpdater (StateMachineUpdater.java:lambda$new$0(83)) - 53ac8eaa-d5bb-424d-a69e-4b40bc10c29e@group-2E3D9163E1BE-StateMachineUpdater: snapshotIndex: updateIncreasingly -1 -> 6
2019-09-24 20:52:21,240 [Thread-202] INFO  impl.RaftServerImpl (ServerState.java:close(385)) - 53ac8eaa-d5bb-424d-a69e-4b40bc10c29e@group-2E3D9163E1BE: closes. applyIndex: 6
2019-09-24 20:52:21,241 [53ac8eaa-d5bb-424d-a69e-4b40bc10c29e@group-2E3D9163E1BE-SegmentedRaftLogWorker] INFO  segmented.SegmentedRaftLogWorker (SegmentedRaftLogWorker.java:run(313)) - 53ac8eaa-d5bb-424d-a69e-4b40bc10c29e@group-2E3D9163E1BE-SegmentedRaftLogWorker was interrupted, exiting. There are 0 tasks remaining in the queue.
2019-09-24 20:52:21,243 [Thread-202] INFO  segmented.SegmentedRaftLogWorker (SegmentedRaftLogWorker.java:close(228)) - 53ac8eaa-d5bb-424d-a69e-4b40bc10c29e@group-2E3D9163E1BE-SegmentedRaftLogWorker close()
2019-09-24 20:52:21,247 [Thread-202] INFO  server.GrpcService (GrpcService.java:closeImpl(164)) - 53ac8eaa-d5bb-424d-a69e-4b40bc10c29e: shutdown server with port 34604 now
2019-09-24 20:52:21,251 [Thread-202] INFO  server.GrpcService (GrpcService.java:closeImpl(172)) - 53ac8eaa-d5bb-424d-a69e-4b40bc10c29e: shutdown server with port 34604 successfully
2019-09-24 20:52:21,256 [refreshUsed-/workdir/hadoop-ozone/integration-test/target/test-dir/MiniOzoneClusterImpl-f2398cfc-f31b-477c-b5a0-70704157f1f0/datanode-2/data/containers] WARN  fs.CachingGetSpaceUsed (CachingGetSpaceUsed.java:run(183)) - Thread Interrupted waiting to refresh disk information: sleep interrupted
2019-09-24 20:52:21,274 [Thread-202] INFO  utils.BackgroundService (BackgroundService.java:shutdown(148)) - Shutting down service BlockDeletingService
2019-09-24 20:52:21,280 [Thread-202] INFO  statemachine.DatanodeStateMachine (DatanodeStateMachine.java:stopDaemon(395)) - Ozone container server stopped.
2019-09-24 20:52:21,288 [Thread-202] INFO  handler.ContextHandler (ContextHandler.java:doStop(910)) - Stopped o.e.j.w.WebAppContext@2a8a4e0c{/,null,UNAVAILABLE}{/hddsDatanode}
2019-09-24 20:52:21,293 [Thread-202] INFO  server.AbstractConnector (AbstractConnector.java:doStop(318)) - Stopped ServerConnector@26c89563{HTTP/1.1,[http/1.1]}{0.0.0.0:0}
2019-09-24 20:52:21,297 [Thread-202] INFO  handler.ContextHandler (ContextHandler.java:doStop(910)) - Stopped o.e.j.s.ServletContextHandler@73d60e76{/static,jar:file:/home/user/.m2/repository/org/apache/hadoop/hadoop-hdds-container-service/0.5.0-SNAPSHOT/hadoop-hdds-container-service-0.5.0-SNAPSHOT.jar!/webapps/static,UNAVAILABLE}
2019-09-24 20:52:21,299 [Thread-202] INFO  handler.ContextHandler (ContextHandler.java:doStop(910)) - Stopped o.e.j.s.ServletContextHandler@69923ac3{/logs,file:///workdir/hadoop-ozone/integration-test/target/log,UNAVAILABLE}
2019-09-24 20:52:26,304 [ReplicationMonitor] INFO  container.ReplicationManager (ReplicationManager.java:sendCloseCommand(659)) - Sending close container command for container #1 to datanode 473b372b-aa71-4132-b827-1ca7d656aace{ip: 192.168.151.77, host: pr-hdds-2149-mjjcq-3576968246, networkLocation: /rack1, certSerialId: null}.
2019-09-24 20:52:26,305 [ReplicationMonitor] INFO  container.ReplicationManager (ReplicationManager.java:sendCloseCommand(659)) - Sending close container command for container #1 to datanode 53ac8eaa-d5bb-424d-a69e-4b40bc10c29e{ip: 192.168.151.77, host: pr-hdds-2149-mjjcq-3576968246, networkLocation: /rack1, certSerialId: null}.
2019-09-24 20:52:26,305 [ReplicationMonitor] INFO  container.ReplicationManager (ReplicationManager.java:sendCloseCommand(659)) - Sending close container command for container #1 to datanode e35b1415-f60e-401b-8467-6059dde00d22{ip: 192.168.151.77, host: pr-hdds-2149-mjjcq-3576968246, networkLocation: /rack1, certSerialId: null}.
2019-09-24 20:52:26,305 [ReplicationMonitor] INFO  container.ReplicationManager (ReplicationManager.java:run(225)) - Replication Monitor Thread took 4 milliseconds for processing 1 containers.
2019-09-24 20:52:30,211 [Thread-371] INFO  impl.FollowerState (FollowerState.java:run(106)) - e35b1415-f60e-401b-8467-6059dde00d22:group-2E3D9163E1BE changes to CANDIDATE, lastRpcTime:9341, electionTimeout:5047ms
2019-09-24 20:52:30,212 [Thread-371] INFO  impl.RoleInfo (RoleInfo.java:shutdownFollowerState(121)) - e35b1415-f60e-401b-8467-6059dde00d22: shutdown FollowerState
2019-09-24 20:52:30,212 [Thread-371] INFO  impl.RaftServerImpl (RaftServerImpl.java:setRole(174)) - e35b1415-f60e-401b-8467-6059dde00d22@group-2E3D9163E1BE: changes role from  FOLLOWER to CANDIDATE at term 7 for changeToCandidate
2019-09-24 20:52:30,213 [Thread-371] INFO  impl.RoleInfo (RoleInfo.java:updateAndGet(143)) - e35b1415-f60e-401b-8467-6059dde00d22: start LeaderElection
2019-09-24 20:52:30,216 [e35b1415-f60e-401b-8467-6059dde00d22@group-2E3D9163E1BE:LeaderElection19] INFO  impl.RaftServerImpl (ServerState.java:setLeader(253)) - e35b1415-f60e-401b-8467-6059dde00d22@group-2E3D9163E1BE: change Leader from 53ac8eaa-d5bb-424d-a69e-4b40bc10c29e to null at term 7 for initElection
2019-09-24 20:52:30,245 [e35b1415-f60e-401b-8467-6059dde00d22@group-2E3D9163E1BE:LeaderElection19] INFO  impl.LeaderElection (LeaderElection.java:askForVotes(182)) - e35b1415-f60e-401b-8467-6059dde00d22@group-2E3D9163E1BE:LeaderElection19: begin an election at term 8 for 1: [473b372b-aa71-4132-b827-1ca7d656aace:192.168.151.77:42963, 53ac8eaa-d5bb-424d-a69e-4b40bc10c29e:192.168.151.77:34604, e35b1415-f60e-401b-8467-6059dde00d22:192.168.151.77:43571], old=null
2019-09-24 20:52:30,253 [grpc-default-executor-0] INFO  impl.RaftServerImpl (ServerState.java:setLeader(253)) - 473b372b-aa71-4132-b827-1ca7d656aace@group-2E3D9163E1BE: change Leader from 53ac8eaa-d5bb-424d-a69e-4b40bc10c29e to null at term 8 for updateCurrentTerm
2019-09-24 20:52:30,253 [grpc-default-executor-0] INFO  impl.RaftServerImpl (RaftServerImpl.java:setRole(174)) - 473b372b-aa71-4132-b827-1ca7d656aace@group-2E3D9163E1BE: changes role from  FOLLOWER to FOLLOWER at term 8 for recognizeCandidate:e35b1415-f60e-401b-8467-6059dde00d22
2019-09-24 20:52:30,253 [grpc-default-executor-0] INFO  impl.RoleInfo (RoleInfo.java:shutdownFollowerState(121)) - 473b372b-aa71-4132-b827-1ca7d656aace: shutdown FollowerState
2019-09-24 20:52:30,253 [grpc-default-executor-0] INFO  impl.RoleInfo (RoleInfo.java:updateAndGet(143)) - 473b372b-aa71-4132-b827-1ca7d656aace: start FollowerState
2019-09-24 20:52:30,253 [Thread-374] INFO  impl.FollowerState (FollowerState.java:run(115)) - 473b372b-aa71-4132-b827-1ca7d656aace: FollowerState was interrupted: java.lang.InterruptedException: sleep interrupted
2019-09-24 20:52:30,263 [e35b1415-f60e-401b-8467-6059dde00d22@group-2E3D9163E1BE:LeaderElection19] INFO  impl.LeaderElection (LogUtils.java:infoOrTrace(149)) - e35b1415-f60e-401b-8467-6059dde00d22@group-2E3D9163E1BE:LeaderElection19 got exception when requesting votes: {}
java.util.concurrent.ExecutionException: org.apache.ratis.thirdparty.io.grpc.StatusRuntimeException: UNAVAILABLE: io exception
	at java.util.concurrent.FutureTask.report(FutureTask.java:122)
	at java.util.concurrent.FutureTask.get(FutureTask.java:192)
	at org.apache.ratis.server.impl.LeaderElection.waitForResults(LeaderElection.java:263)
	at org.apache.ratis.server.impl.LeaderElection.askForVotes(LeaderElection.java:201)
	at org.apache.ratis.server.impl.LeaderElection.run(LeaderElection.java:133)
	at java.lang.Thread.run(Thread.java:748)
Caused by: org.apache.ratis.thirdparty.io.grpc.StatusRuntimeException: UNAVAILABLE: io exception
	at org.apache.ratis.thirdparty.io.grpc.stub.ClientCalls.toStatusRuntimeException(ClientCalls.java:233)
	at org.apache.ratis.thirdparty.io.grpc.stub.ClientCalls.getUnchecked(ClientCalls.java:214)
	at org.apache.ratis.thirdparty.io.grpc.stub.ClientCalls.blockingUnaryCall(ClientCalls.java:139)
	at org.apache.ratis.proto.grpc.RaftServerProtocolServiceGrpc$RaftServerProtocolServiceBlockingStub.requestVote(RaftServerProtocolServiceGrpc.java:265)
	at org.apache.ratis.grpc.server.GrpcServerProtocolClient.requestVote(GrpcServerProtocolClient.java:90)
	at org.apache.ratis.grpc.server.GrpcService.requestVote(GrpcService.java:204)
	at org.apache.ratis.server.impl.LeaderElection.lambda$submitRequests$1(LeaderElection.java:238)
	at java.util.concurrent.FutureTask.run(FutureTask.java:266)
	at java.util.concurrent.Executors$RunnableAdapter.call(Executors.java:511)
	at java.util.concurrent.FutureTask.run(FutureTask.java:266)
	at java.util.concurrent.ThreadPoolExecutor.runWorker(ThreadPoolExecutor.java:1149)
	at java.util.concurrent.ThreadPoolExecutor$Worker.run(ThreadPoolExecutor.java:624)
	... 1 more
Caused by: org.apache.ratis.thirdparty.io.netty.channel.AbstractChannel$AnnotatedConnectException: Connection refused: /192.168.151.77:34604
	at sun.nio.ch.SocketChannelImpl.checkConnect(Native Method)
	at sun.nio.ch.SocketChannelImpl.finishConnect(SocketChannelImpl.java:717)
	at org.apache.ratis.thirdparty.io.netty.channel.socket.nio.NioSocketChannel.doFinishConnect(NioSocketChannel.java:327)
	at org.apache.ratis.thirdparty.io.netty.channel.nio.AbstractNioChannel$AbstractNioUnsafe.finishConnect(AbstractNioChannel.java:340)
	at org.apache.ratis.thirdparty.io.netty.channel.nio.NioEventLoop.processSelectedKey(NioEventLoop.java:632)
	at org.apache.ratis.thirdparty.io.netty.channel.nio.NioEventLoop.processSelectedKeysOptimized(NioEventLoop.java:579)
	at org.apache.ratis.thirdparty.io.netty.channel.nio.NioEventLoop.processSelectedKeys(NioEventLoop.java:496)
	at org.apache.ratis.thirdparty.io.netty.channel.nio.NioEventLoop.run(NioEventLoop.java:458)
	at org.apache.ratis.thirdparty.io.netty.util.concurrent.SingleThreadEventExecutor$5.run(SingleThreadEventExecutor.java:897)
	at org.apache.ratis.thirdparty.io.netty.util.concurrent.FastThreadLocalRunnable.run(FastThreadLocalRunnable.java:30)
	... 1 more
Caused by: java.net.ConnectException: Connection refused
	... 11 more
2019-09-24 20:52:30,271 [e35b1415-f60e-401b-8467-6059dde00d22@group-2E3D9163E1BE:LeaderElection19] INFO  impl.LeaderElection (LeaderElection.java:logAndReturn(56)) - e35b1415-f60e-401b-8467-6059dde00d22@group-2E3D9163E1BE:LeaderElection19: Election PASSED; received 1 response(s) [e35b1415-f60e-401b-8467-6059dde00d22<-473b372b-aa71-4132-b827-1ca7d656aace#0:OK-t8] and 1 exception(s); e35b1415-f60e-401b-8467-6059dde00d22@group-2E3D9163E1BE:t8, leader=null, voted=e35b1415-f60e-401b-8467-6059dde00d22, raftlog=e35b1415-f60e-401b-8467-6059dde00d22@group-2E3D9163E1BE-SegmentedRaftLog:OPENED:c6,f6,i6, conf=1: [473b372b-aa71-4132-b827-1ca7d656aace:192.168.151.77:42963, 53ac8eaa-d5bb-424d-a69e-4b40bc10c29e:192.168.151.77:34604, e35b1415-f60e-401b-8467-6059dde00d22:192.168.151.77:43571], old=null
2019-09-24 20:52:30,271 [e35b1415-f60e-401b-8467-6059dde00d22@group-2E3D9163E1BE:LeaderElection19] INFO  impl.LeaderElection (LogUtils.java:infoOrTrace(149)) -   Exception 0: {}
java.util.concurrent.ExecutionException: org.apache.ratis.thirdparty.io.grpc.StatusRuntimeException: UNAVAILABLE: io exception
	at java.util.concurrent.FutureTask.report(FutureTask.java:122)
	at java.util.concurrent.FutureTask.get(FutureTask.java:192)
	at org.apache.ratis.server.impl.LeaderElection.waitForResults(LeaderElection.java:263)
	at org.apache.ratis.server.impl.LeaderElection.askForVotes(LeaderElection.java:201)
	at org.apache.ratis.server.impl.LeaderElection.run(LeaderElection.java:133)
	at java.lang.Thread.run(Thread.java:748)
Caused by: org.apache.ratis.thirdparty.io.grpc.StatusRuntimeException: UNAVAILABLE: io exception
	at org.apache.ratis.thirdparty.io.grpc.stub.ClientCalls.toStatusRuntimeException(ClientCalls.java:233)
	at org.apache.ratis.thirdparty.io.grpc.stub.ClientCalls.getUnchecked(ClientCalls.java:214)
	at org.apache.ratis.thirdparty.io.grpc.stub.ClientCalls.blockingUnaryCall(ClientCalls.java:139)
	at org.apache.ratis.proto.grpc.RaftServerProtocolServiceGrpc$RaftServerProtocolServiceBlockingStub.requestVote(RaftServerProtocolServiceGrpc.java:265)
	at org.apache.ratis.grpc.server.GrpcServerProtocolClient.requestVote(GrpcServerProtocolClient.java:90)
	at org.apache.ratis.grpc.server.GrpcService.requestVote(GrpcService.java:204)
	at org.apache.ratis.server.impl.LeaderElection.lambda$submitRequests$1(LeaderElection.java:238)
	at java.util.concurrent.FutureTask.run(FutureTask.java:266)
	at java.util.concurrent.Executors$RunnableAdapter.call(Executors.java:511)
	at java.util.concurrent.FutureTask.run(FutureTask.java:266)
	at java.util.concurrent.ThreadPoolExecutor.runWorker(ThreadPoolExecutor.java:1149)
	at java.util.concurrent.ThreadPoolExecutor$Worker.run(ThreadPoolExecutor.java:624)
	... 1 more
Caused by: org.apache.ratis.thirdparty.io.netty.channel.AbstractChannel$AnnotatedConnectException: Connection refused: /192.168.151.77:34604
	at sun.nio.ch.SocketChannelImpl.checkConnect(Native Method)
	at sun.nio.ch.SocketChannelImpl.finishConnect(SocketChannelImpl.java:717)
	at org.apache.ratis.thirdparty.io.netty.channel.socket.nio.NioSocketChannel.doFinishConnect(NioSocketChannel.java:327)
	at org.apache.ratis.thirdparty.io.netty.channel.nio.AbstractNioChannel$AbstractNioUnsafe.finishConnect(AbstractNioChannel.java:340)
	at org.apache.ratis.thirdparty.io.netty.channel.nio.NioEventLoop.processSelectedKey(NioEventLoop.java:632)
	at org.apache.ratis.thirdparty.io.netty.channel.nio.NioEventLoop.processSelectedKeysOptimized(NioEventLoop.java:579)
	at org.apache.ratis.thirdparty.io.netty.channel.nio.NioEventLoop.processSelectedKeys(NioEventLoop.java:496)
	at org.apache.ratis.thirdparty.io.netty.channel.nio.NioEventLoop.run(NioEventLoop.java:458)
	at org.apache.ratis.thirdparty.io.netty.util.concurrent.SingleThreadEventExecutor$5.run(SingleThreadEventExecutor.java:897)
	at org.apache.ratis.thirdparty.io.netty.util.concurrent.FastThreadLocalRunnable.run(FastThreadLocalRunnable.java:30)
	... 1 more
Caused by: java.net.ConnectException: Connection refused
	... 11 more
2019-09-24 20:52:30,272 [e35b1415-f60e-401b-8467-6059dde00d22@group-2E3D9163E1BE:LeaderElection19] INFO  impl.RoleInfo (RoleInfo.java:shutdownLeaderElection(134)) - e35b1415-f60e-401b-8467-6059dde00d22: shutdown LeaderElection
2019-09-24 20:52:30,272 [e35b1415-f60e-401b-8467-6059dde00d22@group-2E3D9163E1BE:LeaderElection19] INFO  impl.RaftServerImpl (RaftServerImpl.java:setRole(174)) - e35b1415-f60e-401b-8467-6059dde00d22@group-2E3D9163E1BE: changes role from CANDIDATE to LEADER at term 8 for changeToLeader
2019-09-24 20:52:30,272 [e35b1415-f60e-401b-8467-6059dde00d22@group-2E3D9163E1BE:LeaderElection19] INFO  impl.RaftServerImpl (ServerState.java:setLeader(253)) - e35b1415-f60e-401b-8467-6059dde00d22@group-2E3D9163E1BE: change Leader from null to e35b1415-f60e-401b-8467-6059dde00d22 at term 8 for becomeLeader, leader elected after 56ms
2019-09-24 20:52:30,273 [e35b1415-f60e-401b-8467-6059dde00d22@group-2E3D9163E1BE:LeaderElection19] INFO  server.RaftServerConfigKeys (ConfUtils.java:logGet(43)) - raft.server.staging.catchup.gap = 1000 (default)
2019-09-24 20:52:30,273 [e35b1415-f60e-401b-8467-6059dde00d22@group-2E3D9163E1BE:LeaderElection19] INFO  server.RaftServerConfigKeys (ConfUtils.java:logGet(43)) - raft.server.rpc.sleep.time = 25ms (default)
2019-09-24 20:52:30,273 [e35b1415-f60e-401b-8467-6059dde00d22@group-2E3D9163E1BE:LeaderElection19] INFO  server.RaftServerConfigKeys (ConfUtils.java:logGet(43)) - raft.server.write.element-limit = 4096 (default)
2019-09-24 20:52:30,274 [e35b1415-f60e-401b-8467-6059dde00d22@group-2E3D9163E1BE:LeaderElection19] INFO  server.RaftServerConfigKeys (ConfUtils.java:logGet(43)) - raft.server.watch.timeout = 10s (default)
2019-09-24 20:52:30,274 [e35b1415-f60e-401b-8467-6059dde00d22@group-2E3D9163E1BE:LeaderElection19] INFO  server.RaftServerConfigKeys (ConfUtils.java:logGet(43)) - raft.server.watch.timeout.denomination = 1s (default)
2019-09-24 20:52:30,274 [e35b1415-f60e-401b-8467-6059dde00d22@group-2E3D9163E1BE:LeaderElection19] INFO  server.RaftServerConfigKeys (ConfUtils.java:logGet(43)) - raft.server.watch.element-limit = 65536 (default)
2019-09-24 20:52:30,280 [e35b1415-f60e-401b-8467-6059dde00d22@group-2E3D9163E1BE:LeaderElection19] INFO  server.RaftServerConfigKeys (ConfUtils.java:logGet(43)) - raft.server.log.appender.snapshot.chunk.size.max = 16MB (=16777216) (default)
2019-09-24 20:52:30,280 [e35b1415-f60e-401b-8467-6059dde00d22@group-2E3D9163E1BE:LeaderElection19] INFO  server.RaftServerConfigKeys (ConfUtils.java:logGet(43)) - raft.server.log.appender.buffer.byte-limit = 33554432 (custom)
2019-09-24 20:52:30,280 [e35b1415-f60e-401b-8467-6059dde00d22@group-2E3D9163E1BE:LeaderElection19] INFO  server.RaftServerConfigKeys (ConfUtils.java:logGet(43)) - raft.server.log.appender.buffer.element-limit = 1 (custom)
2019-09-24 20:52:30,281 [e35b1415-f60e-401b-8467-6059dde00d22@group-2E3D9163E1BE:LeaderElection19] INFO  grpc.GrpcConfigKeys$Server (ConfUtils.java:logGet(43)) - raft.grpc.server.leader.outstanding.appends.max = 128 (default)
2019-09-24 20:52:30,281 [e35b1415-f60e-401b-8467-6059dde00d22@group-2E3D9163E1BE:LeaderElection19] INFO  server.RaftServerConfigKeys (ConfUtils.java:logGet(43)) - raft.server.rpc.request.timeout = 3000ms (default)
2019-09-24 20:52:30,281 [e35b1415-f60e-401b-8467-6059dde00d22@group-2E3D9163E1BE:LeaderElection19] INFO  server.RaftServerConfigKeys (ConfUtils.java:logGet(43)) - raft.server.log.appender.install.snapshot.enabled = false (custom)
2019-09-24 20:52:30,282 [e35b1415-f60e-401b-8467-6059dde00d22@group-2E3D9163E1BE:LeaderElection19] INFO  server.RaftServerConfigKeys (ConfUtils.java:logGet(43)) - raft.server.log.appender.snapshot.chunk.size.max = 16MB (=16777216) (default)
2019-09-24 20:52:30,282 [e35b1415-f60e-401b-8467-6059dde00d22@group-2E3D9163E1BE:LeaderElection19] INFO  server.RaftServerConfigKeys (ConfUtils.java:logGet(43)) - raft.server.log.appender.buffer.byte-limit = 33554432 (custom)
2019-09-24 20:52:30,282 [e35b1415-f60e-401b-8467-6059dde00d22@group-2E3D9163E1BE:LeaderElection19] INFO  server.RaftServerConfigKeys (ConfUtils.java:logGet(43)) - raft.server.log.appender.buffer.element-limit = 1 (custom)
2019-09-24 20:52:30,282 [e35b1415-f60e-401b-8467-6059dde00d22@group-2E3D9163E1BE:LeaderElection19] INFO  grpc.GrpcConfigKeys$Server (ConfUtils.java:logGet(43)) - raft.grpc.server.leader.outstanding.appends.max = 128 (default)
2019-09-24 20:52:30,282 [e35b1415-f60e-401b-8467-6059dde00d22@group-2E3D9163E1BE:LeaderElection19] INFO  server.RaftServerConfigKeys (ConfUtils.java:logGet(43)) - raft.server.rpc.request.timeout = 3000ms (default)
2019-09-24 20:52:30,283 [e35b1415-f60e-401b-8467-6059dde00d22@group-2E3D9163E1BE:LeaderElection19] INFO  server.RaftServerConfigKeys (ConfUtils.java:logGet(43)) - raft.server.log.appender.install.snapshot.enabled = false (custom)
2019-09-24 20:52:30,283 [e35b1415-f60e-401b-8467-6059dde00d22@group-2E3D9163E1BE:LeaderElection19] INFO  impl.RoleInfo (RoleInfo.java:updateAndGet(143)) - e35b1415-f60e-401b-8467-6059dde00d22: start LeaderState
2019-09-24 20:52:30,284 [e35b1415-f60e-401b-8467-6059dde00d22@group-2E3D9163E1BE:LeaderElection19] INFO  segmented.SegmentedRaftLogWorker (SegmentedRaftLogWorker.java:rollLogSegment(385)) - e35b1415-f60e-401b-8467-6059dde00d22@group-2E3D9163E1BE-SegmentedRaftLogWorker: Rolling segment log-1_6 to index:6
2019-09-24 20:52:30,285 [e35b1415-f60e-401b-8467-6059dde00d22@group-2E3D9163E1BE-SegmentedRaftLogWorker] INFO  segmented.SegmentedRaftLogWorker (SegmentedRaftLogWorker.java:execute(526)) - e35b1415-f60e-401b-8467-6059dde00d22@group-2E3D9163E1BE-SegmentedRaftLogWorker: Rolled log segment from /workdir/hadoop-ozone/integration-test/target/test-dir/MiniOzoneClusterImpl-f2398cfc-f31b-477c-b5a0-70704157f1f0/datanode-3/data/ratis/50c5d517-7283-4055-aa74-2e3d9163e1be/current/log_inprogress_1 to /workdir/hadoop-ozone/integration-test/target/test-dir/MiniOzoneClusterImpl-f2398cfc-f31b-477c-b5a0-70704157f1f0/datanode-3/data/ratis/50c5d517-7283-4055-aa74-2e3d9163e1be/current/log_1-6
2019-09-24 20:52:30,286 [e35b1415-f60e-401b-8467-6059dde00d22@group-2E3D9163E1BE:LeaderElection19] INFO  impl.RaftServerImpl (ServerState.java:setRaftConf(354)) - e35b1415-f60e-401b-8467-6059dde00d22@group-2E3D9163E1BE: set configuration 7: [473b372b-aa71-4132-b827-1ca7d656aace:192.168.151.77:42963, 53ac8eaa-d5bb-424d-a69e-4b40bc10c29e:192.168.151.77:34604, e35b1415-f60e-401b-8467-6059dde00d22:192.168.151.77:43571], old=null at 7
2019-09-24 20:52:30,288 [grpc-default-executor-0] WARN  server.GrpcLogAppender (LogUtils.java:warn(134)) - e35b1415-f60e-401b-8467-6059dde00d22@group-2E3D9163E1BE->53ac8eaa-d5bb-424d-a69e-4b40bc10c29e-AppendLogResponseHandler: Failed appendEntries: org.apache.ratis.thirdparty.io.grpc.StatusRuntimeException: UNAVAILABLE: io exception
2019-09-24 20:52:30,307 [grpc-default-executor-0] INFO  impl.FollowerInfo (FollowerInfo.java:lambda$new$0(51)) - e35b1415-f60e-401b-8467-6059dde00d22@group-2E3D9163E1BE->53ac8eaa-d5bb-424d-a69e-4b40bc10c29e: nextIndex: updateUnconditionally 7 -> 1
2019-09-24 20:52:30,308 [grpc-default-executor-4] INFO  impl.RaftServerImpl (ServerState.java:setLeader(253)) - 473b372b-aa71-4132-b827-1ca7d656aace@group-2E3D9163E1BE: change Leader from null to e35b1415-f60e-401b-8467-6059dde00d22 at term 8 for appendEntries, leader elected after 55ms
2019-09-24 20:52:30,314 [grpc-default-executor-4] INFO  impl.RaftServerImpl (ServerState.java:setRaftConf(354)) - 473b372b-aa71-4132-b827-1ca7d656aace@group-2E3D9163E1BE: set configuration 7: [473b372b-aa71-4132-b827-1ca7d656aace:192.168.151.77:42963, 53ac8eaa-d5bb-424d-a69e-4b40bc10c29e:192.168.151.77:34604, e35b1415-f60e-401b-8467-6059dde00d22:192.168.151.77:43571], old=null at 7
2019-09-24 20:52:30,314 [grpc-default-executor-4] INFO  segmented.SegmentedRaftLogWorker (SegmentedRaftLogWorker.java:rollLogSegment(385)) - 473b372b-aa71-4132-b827-1ca7d656aace@group-2E3D9163E1BE-SegmentedRaftLogWorker: Rolling segment log-1_6 to index:6
2019-09-24 20:52:30,315 [473b372b-aa71-4132-b827-1ca7d656aace@group-2E3D9163E1BE-SegmentedRaftLogWorker] INFO  segmented.SegmentedRaftLogWorker (SegmentedRaftLogWorker.java:execute(526)) - 473b372b-aa71-4132-b827-1ca7d656aace@group-2E3D9163E1BE-SegmentedRaftLogWorker: Rolled log segment from /workdir/hadoop-ozone/integration-test/target/test-dir/MiniOzoneClusterImpl-f2398cfc-f31b-477c-b5a0-70704157f1f0/datanode-1/data/ratis/50c5d517-7283-4055-aa74-2e3d9163e1be/current/log_inprogress_1 to /workdir/hadoop-ozone/integration-test/target/test-dir/MiniOzoneClusterImpl-f2398cfc-f31b-477c-b5a0-70704157f1f0/datanode-1/data/ratis/50c5d517-7283-4055-aa74-2e3d9163e1be/current/log_1-6
2019-09-24 20:52:30,329 [e35b1415-f60e-401b-8467-6059dde00d22@group-2E3D9163E1BE-SegmentedRaftLogWorker] INFO  segmented.SegmentedRaftLogWorker (SegmentedRaftLogWorker.java:execute(569)) - e35b1415-f60e-401b-8467-6059dde00d22@group-2E3D9163E1BE-SegmentedRaftLogWorker: created new log segment /workdir/hadoop-ozone/integration-test/target/test-dir/MiniOzoneClusterImpl-f2398cfc-f31b-477c-b5a0-70704157f1f0/datanode-3/data/ratis/50c5d517-7283-4055-aa74-2e3d9163e1be/current/log_inprogress_7
2019-09-24 20:52:30,346 [473b372b-aa71-4132-b827-1ca7d656aace@group-2E3D9163E1BE-SegmentedRaftLogWorker] INFO  segmented.SegmentedRaftLogWorker (SegmentedRaftLogWorker.java:execute(569)) - 473b372b-aa71-4132-b827-1ca7d656aace@group-2E3D9163E1BE-SegmentedRaftLogWorker: created new log segment /workdir/hadoop-ozone/integration-test/target/test-dir/MiniOzoneClusterImpl-f2398cfc-f31b-477c-b5a0-70704157f1f0/datanode-1/data/ratis/50c5d517-7283-4055-aa74-2e3d9163e1be/current/log_inprogress_7
2019-09-24 20:52:30,361 [grpc-default-executor-5] WARN  server.GrpcLogAppender (LogUtils.java:warn(134)) - e35b1415-f60e-401b-8467-6059dde00d22@group-2E3D9163E1BE->53ac8eaa-d5bb-424d-a69e-4b40bc10c29e-AppendLogResponseHandler: Failed appendEntries: org.apache.ratis.thirdparty.io.grpc.StatusRuntimeException: UNAVAILABLE: io exception
2019-09-24 20:52:30,362 [grpc-default-executor-5] INFO  impl.FollowerInfo (FollowerInfo.java:lambda$new$0(51)) - e35b1415-f60e-401b-8467-6059dde00d22@group-2E3D9163E1BE->53ac8eaa-d5bb-424d-a69e-4b40bc10c29e: nextIndex: updateUnconditionally 2 -> 1
2019-09-24 20:52:30,399 [grpc-default-executor-4] WARN  server.GrpcLogAppender (LogUtils.java:warn(134)) - e35b1415-f60e-401b-8467-6059dde00d22@group-2E3D9163E1BE->53ac8eaa-d5bb-424d-a69e-4b40bc10c29e-AppendLogResponseHandler: Failed appendEntries: org.apache.ratis.thirdparty.io.grpc.StatusRuntimeException: UNAVAILABLE: io exception
2019-09-24 20:52:30,401 [grpc-default-executor-4] INFO  impl.FollowerInfo (FollowerInfo.java:lambda$new$0(51)) - e35b1415-f60e-401b-8467-6059dde00d22@group-2E3D9163E1BE->53ac8eaa-d5bb-424d-a69e-4b40bc10c29e: nextIndex: updateUnconditionally 2 -> 1
2019-09-24 20:52:32,905 [grpc-default-executor-0] WARN  server.GrpcLogAppender (LogUtils.java:warn(134)) - e35b1415-f60e-401b-8467-6059dde00d22@group-2E3D9163E1BE->53ac8eaa-d5bb-424d-a69e-4b40bc10c29e-AppendLogResponseHandler: Failed appendEntries: org.apache.ratis.thirdparty.io.grpc.StatusRuntimeException: UNAVAILABLE: io exception
2019-09-24 20:52:32,907 [grpc-default-executor-0] INFO  impl.FollowerInfo (FollowerInfo.java:lambda$new$0(51)) - e35b1415-f60e-401b-8467-6059dde00d22@group-2E3D9163E1BE->53ac8eaa-d5bb-424d-a69e-4b40bc10c29e: nextIndex: updateUnconditionally 1 -> 0
2019-09-24 20:52:35,402 [grpc-default-executor-4] WARN  server.GrpcLogAppender (LogUtils.java:warn(134)) - e35b1415-f60e-401b-8467-6059dde00d22@group-2E3D9163E1BE->53ac8eaa-d5bb-424d-a69e-4b40bc10c29e-AppendLogResponseHandler: Failed appendEntries: org.apache.ratis.thirdparty.io.grpc.StatusRuntimeException: UNAVAILABLE: io exception
2019-09-24 20:52:35,404 [grpc-default-executor-4] INFO  impl.FollowerInfo (FollowerInfo.java:lambda$new$0(51)) - e35b1415-f60e-401b-8467-6059dde00d22@group-2E3D9163E1BE->53ac8eaa-d5bb-424d-a69e-4b40bc10c29e: nextIndex: updateUnconditionally 0 -> 0
2019-09-24 20:52:37,905 [grpc-default-executor-5] WARN  server.GrpcLogAppender (LogUtils.java:warn(134)) - e35b1415-f60e-401b-8467-6059dde00d22@group-2E3D9163E1BE->53ac8eaa-d5bb-424d-a69e-4b40bc10c29e-AppendLogResponseHandler: Failed appendEntries: org.apache.ratis.thirdparty.io.grpc.StatusRuntimeException: UNAVAILABLE: io exception
2019-09-24 20:52:37,908 [grpc-default-executor-5] INFO  impl.FollowerInfo (FollowerInfo.java:lambda$new$0(51)) - e35b1415-f60e-401b-8467-6059dde00d22@group-2E3D9163E1BE->53ac8eaa-d5bb-424d-a69e-4b40bc10c29e: nextIndex: updateUnconditionally 0 -> 0
2019-09-24 20:52:38,202 [main] INFO  ozone.MiniOzoneClusterImpl (MiniOzoneClusterImpl.java:shutdown(314)) - Shutting down the Mini Ozone Cluster
2019-09-24 20:52:38,202 [main] INFO  ozone.MiniOzoneClusterImpl (MiniOzoneClusterImpl.java:stop(330)) - Stopping the Mini Ozone Cluster
2019-09-24 20:52:38,202 [main] INFO  ozone.MiniOzoneClusterImpl (MiniOzoneClusterImpl.java:stopOM(400)) - Stopping the OzoneManager
2019-09-24 20:52:38,203 [main] INFO  ipc.Server (Server.java:stop(3082)) - Stopping server on 44639
2019-09-24 20:52:38,214 [IPC Server listener on 44639] INFO  ipc.Server (Server.java:run(1185)) - Stopping IPC Server listener on 44639
2019-09-24 20:52:38,217 [main] INFO  impl.RaftServerProxy (RaftServerProxy.java:lambda$close$4(314)) - da599a4b-cba7-4fb7-8d7e-b316c928eae9: close
2019-09-24 20:52:38,220 [IPC Server Responder] INFO  ipc.Server (Server.java:run(1319)) - Stopping IPC Server Responder
2019-09-24 20:52:38,221 [main] INFO  impl.RaftServerImpl (RaftServerImpl.java:lambda$shutdown$3(251)) - da599a4b-cba7-4fb7-8d7e-b316c928eae9@group-C5BA1605619E: shutdown
2019-09-24 20:52:38,229 [main] INFO  util.JmxRegister (JmxRegister.java:unregister(73)) - Successfully un-registered JMX Bean with object name Ratis:service=RaftServer,group=group-C5BA1605619E,id=da599a4b-cba7-4fb7-8d7e-b316c928eae9
2019-09-24 20:52:38,236 [main] INFO  impl.RoleInfo (RoleInfo.java:shutdownLeaderState(104)) - da599a4b-cba7-4fb7-8d7e-b316c928eae9: shutdown LeaderState
2019-09-24 20:52:38,236 [main] INFO  impl.PendingRequests (PendingRequests.java:sendNotLeaderResponses(202)) - da599a4b-cba7-4fb7-8d7e-b316c928eae9-PendingRequests: sendNotLeaderResponses
2019-09-24 20:52:38,242 [main] INFO  impl.StateMachineUpdater (StateMachineUpdater.java:stopAndJoin(125)) - da599a4b-cba7-4fb7-8d7e-b316c928eae9@group-C5BA1605619E-StateMachineUpdater: set stopIndex = 8
2019-09-24 20:52:38,242 [da599a4b-cba7-4fb7-8d7e-b316c928eae9@group-C5BA1605619E-StateMachineUpdater] INFO  ratis.OzoneManagerStateMachine (OzoneManagerStateMachine.java:takeSnapshot(254)) - Saving Ratis snapshot on the OM.
2019-09-24 20:52:38,250 [da599a4b-cba7-4fb7-8d7e-b316c928eae9@group-C5BA1605619E-StateMachineUpdater] INFO  ratis.OMRatisSnapshotInfo (OMRatisSnapshotInfo.java:saveRatisSnapshotToDisk(107)) - Saved Ratis Snapshot on the OM with snapshotIndex 7
2019-09-24 20:52:38,251 [da599a4b-cba7-4fb7-8d7e-b316c928eae9@group-C5BA1605619E-StateMachineUpdater] INFO  impl.StateMachineUpdater (StateMachineUpdater.java:takeSnapshot(258)) - da599a4b-cba7-4fb7-8d7e-b316c928eae9@group-C5BA1605619E-StateMachineUpdater: Took a snapshot at index 7
2019-09-24 20:52:38,251 [da599a4b-cba7-4fb7-8d7e-b316c928eae9@group-C5BA1605619E-StateMachineUpdater] INFO  impl.StateMachineUpdater (StateMachineUpdater.java:lambda$new$0(83)) - da599a4b-cba7-4fb7-8d7e-b316c928eae9@group-C5BA1605619E-StateMachineUpdater: snapshotIndex: updateIncreasingly -1 -> 7
2019-09-24 20:52:38,251 [da599a4b-cba7-4fb7-8d7e-b316c928eae9@group-C5BA1605619E-StateMachineUpdater] INFO  ratis.OzoneManagerStateMachine (OzoneManagerStateMachine.java:takeSnapshot(254)) - Saving Ratis snapshot on the OM.
2019-09-24 20:52:38,252 [da599a4b-cba7-4fb7-8d7e-b316c928eae9@group-C5BA1605619E-StateMachineUpdater] INFO  ratis.OMRatisSnapshotInfo (OMRatisSnapshotInfo.java:saveRatisSnapshotToDisk(107)) - Saved Ratis Snapshot on the OM with snapshotIndex 7
2019-09-24 20:52:38,252 [da599a4b-cba7-4fb7-8d7e-b316c928eae9@group-C5BA1605619E-StateMachineUpdater] INFO  impl.StateMachineUpdater (StateMachineUpdater.java:takeSnapshot(258)) - da599a4b-cba7-4fb7-8d7e-b316c928eae9@group-C5BA1605619E-StateMachineUpdater: Took a snapshot at index 7
2019-09-24 20:52:38,252 [da599a4b-cba7-4fb7-8d7e-b316c928eae9@group-C5BA1605619E-StateMachineUpdater] INFO  impl.StateMachineUpdater (StateMachineUpdater.java:lambda$new$0(83)) - da599a4b-cba7-4fb7-8d7e-b316c928eae9@group-C5BA1605619E-StateMachineUpdater: snapshotIndex: updateIncreasingly 7 -> 7
2019-09-24 20:52:38,252 [main] INFO  impl.RaftServerImpl (ServerState.java:close(385)) - da599a4b-cba7-4fb7-8d7e-b316c928eae9@group-C5BA1605619E: closes. applyIndex: 8
2019-09-24 20:52:38,253 [da599a4b-cba7-4fb7-8d7e-b316c928eae9@group-C5BA1605619E-SegmentedRaftLogWorker] INFO  segmented.SegmentedRaftLogWorker (SegmentedRaftLogWorker.java:run(313)) - da599a4b-cba7-4fb7-8d7e-b316c928eae9@group-C5BA1605619E-SegmentedRaftLogWorker was interrupted, exiting. There are 0 tasks remaining in the queue.
2019-09-24 20:52:38,261 [main] INFO  segmented.SegmentedRaftLogWorker (SegmentedRaftLogWorker.java:close(228)) - da599a4b-cba7-4fb7-8d7e-b316c928eae9@group-C5BA1605619E-SegmentedRaftLogWorker close()
2019-09-24 20:52:38,264 [main] INFO  server.GrpcService (GrpcService.java:closeImpl(164)) - da599a4b-cba7-4fb7-8d7e-b316c928eae9: shutdown server with port 9872 now
2019-09-24 20:52:38,265 [main] INFO  server.GrpcService (GrpcService.java:closeImpl(172)) - da599a4b-cba7-4fb7-8d7e-b316c928eae9: shutdown server with port 9872 successfully
2019-09-24 20:52:38,265 [main] INFO  ratis.OzoneManagerDoubleBuffer (OzoneManagerDoubleBuffer.java:stop(248)) - Stopping OMDoubleBuffer flush thread
2019-09-24 20:52:38,266 [OMDoubleBufferFlushThread] INFO  ratis.OzoneManagerDoubleBuffer (OzoneManagerDoubleBuffer.java:flushTransactions(191)) - OMDoubleBuffer flush thread OMDoubleBufferFlushThread is interrupted and will exit. OMDoubleBufferFlushThread
2019-09-24 20:52:38,267 [main] INFO  utils.BackgroundService (BackgroundService.java:shutdown(148)) - Shutting down service KeyDeletingService
2019-09-24 20:52:38,269 [main] INFO  handler.ContextHandler (ContextHandler.java:doStop(910)) - Stopped o.e.j.w.WebAppContext@6b8280e6{/,null,UNAVAILABLE}{/ozoneManager}
2019-09-24 20:52:38,270 [main] INFO  server.AbstractConnector (AbstractConnector.java:doStop(318)) - Stopped ServerConnector@6f139fc9{HTTP/1.1,[http/1.1]}{0.0.0.0:0}
2019-09-24 20:52:38,270 [main] INFO  handler.ContextHandler (ContextHandler.java:doStop(910)) - Stopped o.e.j.s.ServletContextHandler@f679798{/static,file:///workdir/hadoop-ozone/integration-test/target/test-classes/webapps/static,UNAVAILABLE}
2019-09-24 20:52:38,270 [main] INFO  handler.ContextHandler (ContextHandler.java:doStop(910)) - Stopped o.e.j.s.ServletContextHandler@2d82408{/logs,file:///workdir/hadoop-ozone/integration-test/target/log,UNAVAILABLE}
2019-09-24 20:52:38,273 [main] INFO  ozone.MiniOzoneClusterImpl (MiniOzoneClusterImpl.java:stopDatanodes(377)) - Stopping the HddsDatanodes
2019-09-24 20:52:38,635 [Datanode State Machine Thread - 0] INFO  statemachine.DatanodeStateMachine (DatanodeStateMachine.java:lambda$startDaemon$0(350)) - Ozone container server started.
2019-09-24 20:52:38,844 [Datanode State Machine Thread - 0] INFO  statemachine.DatanodeStateMachine (DatanodeStateMachine.java:lambda$startDaemon$0(350)) - Ozone container server started.
2019-09-24 20:52:40,405 [grpc-default-executor-0] WARN  server.GrpcLogAppender (LogUtils.java:warn(134)) - e35b1415-f60e-401b-8467-6059dde00d22@group-2E3D9163E1BE->53ac8eaa-d5bb-424d-a69e-4b40bc10c29e-AppendLogResponseHandler: Failed appendEntries: org.apache.ratis.thirdparty.io.grpc.StatusRuntimeException: UNAVAILABLE: io exception
2019-09-24 20:52:40,408 [grpc-default-executor-0] INFO  impl.FollowerInfo (FollowerInfo.java:lambda$new$0(51)) - e35b1415-f60e-401b-8467-6059dde00d22@group-2E3D9163E1BE->53ac8eaa-d5bb-424d-a69e-4b40bc10c29e: nextIndex: updateUnconditionally 0 -> 0
2019-09-24 20:52:42,914 [grpc-default-executor-0] WARN  server.GrpcLogAppender (LogUtils.java:warn(134)) - e35b1415-f60e-401b-8467-6059dde00d22@group-2E3D9163E1BE->53ac8eaa-d5bb-424d-a69e-4b40bc10c29e-AppendLogResponseHandler: Failed appendEntries: org.apache.ratis.thirdparty.io.grpc.StatusRuntimeException: UNAVAILABLE: io exception
2019-09-24 20:52:42,917 [grpc-default-executor-0] INFO  impl.FollowerInfo (FollowerInfo.java:lambda$new$0(51)) - e35b1415-f60e-401b-8467-6059dde00d22@group-2E3D9163E1BE->53ac8eaa-d5bb-424d-a69e-4b40bc10c29e: nextIndex: updateUnconditionally 0 -> 0
2019-09-24 20:52:43,276 [main] INFO  ozoneimpl.OzoneContainer (OzoneContainer.java:stop(231)) - Attempting to stop container services.
2019-09-24 20:52:43,276 [ForkJoinPool.commonPool-worker-0] INFO  ozoneimpl.OzoneContainer (OzoneContainer.java:stop(231)) - Attempting to stop container services.
2019-09-24 20:52:43,278 [main] INFO  impl.RaftServerProxy (RaftServerProxy.java:lambda$close$4(314)) - e35b1415-f60e-401b-8467-6059dde00d22: close
2019-09-24 20:52:43,278 [ForkJoinPool.commonPool-worker-0] INFO  impl.RaftServerProxy (RaftServerProxy.java:lambda$close$4(314)) - 473b372b-aa71-4132-b827-1ca7d656aace: close
2019-09-24 20:52:43,278 [main] INFO  impl.RaftServerImpl (RaftServerImpl.java:lambda$shutdown$3(251)) - e35b1415-f60e-401b-8467-6059dde00d22@group-2E3D9163E1BE: shutdown
2019-09-24 20:52:43,278 [ForkJoinPool.commonPool-worker-0] INFO  impl.RaftServerImpl (RaftServerImpl.java:lambda$shutdown$3(251)) - 473b372b-aa71-4132-b827-1ca7d656aace@group-2E3D9163E1BE: shutdown
2019-09-24 20:52:43,279 [main] INFO  util.JmxRegister (JmxRegister.java:unregister(73)) - Successfully un-registered JMX Bean with object name Ratis:service=RaftServer,group=group-2E3D9163E1BE,id=e35b1415-f60e-401b-8467-6059dde00d22
2019-09-24 20:52:43,279 [ForkJoinPool.commonPool-worker-0] INFO  util.JmxRegister (JmxRegister.java:unregister(73)) - Successfully un-registered JMX Bean with object name Ratis:service=RaftServer,group=group-2E3D9163E1BE,id=473b372b-aa71-4132-b827-1ca7d656aace
2019-09-24 20:52:43,279 [main] INFO  impl.RoleInfo (RoleInfo.java:shutdownLeaderState(104)) - e35b1415-f60e-401b-8467-6059dde00d22: shutdown LeaderState
2019-09-24 20:52:43,280 [ForkJoinPool.commonPool-worker-0] INFO  impl.RoleInfo (RoleInfo.java:shutdownFollowerState(121)) - 473b372b-aa71-4132-b827-1ca7d656aace: shutdown FollowerState
2019-09-24 20:52:43,283 [org.apache.ratis.server.impl.LogAppender$AppenderDaemon$$Lambda$503/1734202293@7279c276] WARN  server.GrpcLogAppender (GrpcLogAppender.java:mayWait(143)) - e35b1415-f60e-401b-8467-6059dde00d22@group-2E3D9163E1BE->473b372b-aa71-4132-b827-1ca7d656aace-GrpcLogAppender: Wait interrupted by java.lang.InterruptedException
2019-09-24 20:52:43,283 [ForkJoinPool.commonPool-worker-0] INFO  impl.StateMachineUpdater (StateMachineUpdater.java:stopAndJoin(125)) - 473b372b-aa71-4132-b827-1ca7d656aace@group-2E3D9163E1BE-StateMachineUpdater: set stopIndex = 8
2019-09-24 20:52:43,283 [Thread-414] INFO  impl.FollowerState (FollowerState.java:run(115)) - 473b372b-aa71-4132-b827-1ca7d656aace: FollowerState was interrupted: java.lang.InterruptedException: sleep interrupted
2019-09-24 20:52:43,283 [main] INFO  impl.PendingRequests (PendingRequests.java:sendNotLeaderResponses(202)) - e35b1415-f60e-401b-8467-6059dde00d22-PendingRequests: sendNotLeaderResponses
2019-09-24 20:52:43,283 [org.apache.ratis.server.impl.LogAppender$AppenderDaemon$$Lambda$503/1734202293@64c26e78] WARN  server.GrpcLogAppender (GrpcLogAppender.java:mayWait(143)) - e35b1415-f60e-401b-8467-6059dde00d22@group-2E3D9163E1BE->53ac8eaa-d5bb-424d-a69e-4b40bc10c29e-GrpcLogAppender: Wait interrupted by java.lang.InterruptedException
2019-09-24 20:52:43,283 [473b372b-aa71-4132-b827-1ca7d656aace@group-2E3D9163E1BE-StateMachineUpdater] INFO  ratis.ContainerStateMachine (ContainerStateMachine.java:takeSnapshot(289)) - group-2E3D9163E1BE: Taking a snapshot at:(t:7, i:5) file /workdir/hadoop-ozone/integration-test/target/test-dir/MiniOzoneClusterImpl-f2398cfc-f31b-477c-b5a0-70704157f1f0/datanode-1/data/ratis/50c5d517-7283-4055-aa74-2e3d9163e1be/sm/snapshot.7_5
2019-09-24 20:52:43,285 [grpc-default-executor-0] INFO  server.GrpcServerProtocolService (GrpcServerProtocolService.java:onCompleted(113)) - 473b372b-aa71-4132-b827-1ca7d656aace: Completed APPEND_ENTRIES, lastRequest: e35b1415-f60e-401b-8467-6059dde00d22->473b372b-aa71-4132-b827-1ca7d656aace#7-t8, previous=(t:8, i:8), leaderCommit=8, initializing? false, entries: <empty>
2019-09-24 20:52:43,285 [e35b1415-f60e-401b-8467-6059dde00d22@group-2E3D9163E1BE-StateMachineUpdater] INFO  ratis.ContainerStateMachine (ContainerStateMachine.java:takeSnapshot(289)) - group-2E3D9163E1BE: Taking a snapshot at:(t:7, i:5) file /workdir/hadoop-ozone/integration-test/target/test-dir/MiniOzoneClusterImpl-f2398cfc-f31b-477c-b5a0-70704157f1f0/datanode-3/data/ratis/50c5d517-7283-4055-aa74-2e3d9163e1be/sm/snapshot.7_5
2019-09-24 20:52:43,285 [main] INFO  impl.StateMachineUpdater (StateMachineUpdater.java:stopAndJoin(125)) - e35b1415-f60e-401b-8467-6059dde00d22@group-2E3D9163E1BE-StateMachineUpdater: set stopIndex = 8
2019-09-24 20:52:43,286 [grpc-default-executor-0] INFO  server.GrpcLogAppender (GrpcLogAppender.java:onCompleted(293)) - e35b1415-f60e-401b-8467-6059dde00d22@group-2E3D9163E1BE->473b372b-aa71-4132-b827-1ca7d656aace-AppendLogResponseHandler: follower responses appendEntries COMPLETED
2019-09-24 20:52:43,287 [grpc-default-executor-0] INFO  impl.FollowerInfo (FollowerInfo.java:lambda$new$0(51)) - e35b1415-f60e-401b-8467-6059dde00d22@group-2E3D9163E1BE->473b372b-aa71-4132-b827-1ca7d656aace: nextIndex: updateUnconditionally 9 -> 8
2019-09-24 20:52:43,291 [473b372b-aa71-4132-b827-1ca7d656aace@group-2E3D9163E1BE-StateMachineUpdater] INFO  ratis.ContainerStateMachine (ContainerStateMachine.java:takeSnapshot(300)) - group-2E3D9163E1BE: Finished taking a snapshot at:(t:7, i:5) file:/workdir/hadoop-ozone/integration-test/target/test-dir/MiniOzoneClusterImpl-f2398cfc-f31b-477c-b5a0-70704157f1f0/datanode-1/data/ratis/50c5d517-7283-4055-aa74-2e3d9163e1be/sm/snapshot.7_5 time:8
2019-09-24 20:52:43,291 [e35b1415-f60e-401b-8467-6059dde00d22@group-2E3D9163E1BE-StateMachineUpdater] INFO  ratis.ContainerStateMachine (ContainerStateMachine.java:takeSnapshot(300)) - group-2E3D9163E1BE: Finished taking a snapshot at:(t:7, i:5) file:/workdir/hadoop-ozone/integration-test/target/test-dir/MiniOzoneClusterImpl-f2398cfc-f31b-477c-b5a0-70704157f1f0/datanode-3/data/ratis/50c5d517-7283-4055-aa74-2e3d9163e1be/sm/snapshot.7_5 time:6
2019-09-24 20:52:43,291 [473b372b-aa71-4132-b827-1ca7d656aace@group-2E3D9163E1BE-StateMachineUpdater] INFO  impl.StateMachineUpdater (StateMachineUpdater.java:takeSnapshot(258)) - 473b372b-aa71-4132-b827-1ca7d656aace@group-2E3D9163E1BE-StateMachineUpdater: Took a snapshot at index 5
2019-09-24 20:52:43,291 [473b372b-aa71-4132-b827-1ca7d656aace@group-2E3D9163E1BE-StateMachineUpdater] INFO  impl.StateMachineUpdater (StateMachineUpdater.java:lambda$new$0(83)) - 473b372b-aa71-4132-b827-1ca7d656aace@group-2E3D9163E1BE-StateMachineUpdater: snapshotIndex: updateIncreasingly -1 -> 5
2019-09-24 20:52:43,291 [e35b1415-f60e-401b-8467-6059dde00d22@group-2E3D9163E1BE-StateMachineUpdater] INFO  impl.StateMachineUpdater (StateMachineUpdater.java:takeSnapshot(258)) - e35b1415-f60e-401b-8467-6059dde00d22@group-2E3D9163E1BE-StateMachineUpdater: Took a snapshot at index 5
2019-09-24 20:52:43,292 [e35b1415-f60e-401b-8467-6059dde00d22@group-2E3D9163E1BE-StateMachineUpdater] INFO  impl.StateMachineUpdater (StateMachineUpdater.java:lambda$new$0(83)) - e35b1415-f60e-401b-8467-6059dde00d22@group-2E3D9163E1BE-StateMachineUpdater: snapshotIndex: updateIncreasingly -1 -> 5
2019-09-24 20:52:43,292 [473b372b-aa71-4132-b827-1ca7d656aace@group-2E3D9163E1BE-StateMachineUpdater] INFO  ratis.ContainerStateMachine (ContainerStateMachine.java:takeSnapshot(289)) - group-2E3D9163E1BE: Taking a snapshot at:(t:7, i:5) file /workdir/hadoop-ozone/integration-test/target/test-dir/MiniOzoneClusterImpl-f2398cfc-f31b-477c-b5a0-70704157f1f0/datanode-1/data/ratis/50c5d517-7283-4055-aa74-2e3d9163e1be/sm/snapshot.7_5
2019-09-24 20:52:43,292 [e35b1415-f60e-401b-8467-6059dde00d22@group-2E3D9163E1BE-StateMachineUpdater] INFO  ratis.ContainerStateMachine (ContainerStateMachine.java:takeSnapshot(289)) - group-2E3D9163E1BE: Taking a snapshot at:(t:7, i:5) file /workdir/hadoop-ozone/integration-test/target/test-dir/MiniOzoneClusterImpl-f2398cfc-f31b-477c-b5a0-70704157f1f0/datanode-3/data/ratis/50c5d517-7283-4055-aa74-2e3d9163e1be/sm/snapshot.7_5
2019-09-24 20:52:43,333 [473b372b-aa71-4132-b827-1ca7d656aace@group-2E3D9163E1BE-StateMachineUpdater] INFO  ratis.ContainerStateMachine (ContainerStateMachine.java:takeSnapshot(300)) - group-2E3D9163E1BE: Finished taking a snapshot at:(t:7, i:5) file:/workdir/hadoop-ozone/integration-test/target/test-dir/MiniOzoneClusterImpl-f2398cfc-f31b-477c-b5a0-70704157f1f0/datanode-1/data/ratis/50c5d517-7283-4055-aa74-2e3d9163e1be/sm/snapshot.7_5 time:41
2019-09-24 20:52:43,333 [e35b1415-f60e-401b-8467-6059dde00d22@group-2E3D9163E1BE-StateMachineUpdater] INFO  ratis.ContainerStateMachine (ContainerStateMachine.java:takeSnapshot(300)) - group-2E3D9163E1BE: Finished taking a snapshot at:(t:7, i:5) file:/workdir/hadoop-ozone/integration-test/target/test-dir/MiniOzoneClusterImpl-f2398cfc-f31b-477c-b5a0-70704157f1f0/datanode-3/data/ratis/50c5d517-7283-4055-aa74-2e3d9163e1be/sm/snapshot.7_5 time:40
2019-09-24 20:52:43,333 [473b372b-aa71-4132-b827-1ca7d656aace@group-2E3D9163E1BE-StateMachineUpdater] INFO  impl.StateMachineUpdater (StateMachineUpdater.java:takeSnapshot(258)) - 473b372b-aa71-4132-b827-1ca7d656aace@group-2E3D9163E1BE-StateMachineUpdater: Took a snapshot at index 5
2019-09-24 20:52:43,333 [473b372b-aa71-4132-b827-1ca7d656aace@group-2E3D9163E1BE-StateMachineUpdater] INFO  impl.StateMachineUpdater (StateMachineUpdater.java:lambda$new$0(83)) - 473b372b-aa71-4132-b827-1ca7d656aace@group-2E3D9163E1BE-StateMachineUpdater: snapshotIndex: updateIncreasingly 5 -> 5
2019-09-24 20:52:43,333 [e35b1415-f60e-401b-8467-6059dde00d22@group-2E3D9163E1BE-StateMachineUpdater] INFO  impl.StateMachineUpdater (StateMachineUpdater.java:takeSnapshot(258)) - e35b1415-f60e-401b-8467-6059dde00d22@group-2E3D9163E1BE-StateMachineUpdater: Took a snapshot at index 5
2019-09-24 20:52:43,333 [e35b1415-f60e-401b-8467-6059dde00d22@group-2E3D9163E1BE-StateMachineUpdater] INFO  impl.StateMachineUpdater (StateMachineUpdater.java:lambda$new$0(83)) - e35b1415-f60e-401b-8467-6059dde00d22@group-2E3D9163E1BE-StateMachineUpdater: snapshotIndex: updateIncreasingly 5 -> 5
2019-09-24 20:52:43,334 [ForkJoinPool.commonPool-worker-0] INFO  impl.RaftServerImpl (ServerState.java:close(385)) - 473b372b-aa71-4132-b827-1ca7d656aace@group-2E3D9163E1BE: closes. applyIndex: 8
2019-09-24 20:52:43,334 [main] INFO  impl.RaftServerImpl (ServerState.java:close(385)) - e35b1415-f60e-401b-8467-6059dde00d22@group-2E3D9163E1BE: closes. applyIndex: 8
2019-09-24 20:52:43,334 [473b372b-aa71-4132-b827-1ca7d656aace@group-2E3D9163E1BE-SegmentedRaftLogWorker] INFO  segmented.SegmentedRaftLogWorker (SegmentedRaftLogWorker.java:run(313)) - 473b372b-aa71-4132-b827-1ca7d656aace@group-2E3D9163E1BE-SegmentedRaftLogWorker was interrupted, exiting. There are 0 tasks remaining in the queue.
2019-09-24 20:52:43,334 [e35b1415-f60e-401b-8467-6059dde00d22@group-2E3D9163E1BE-SegmentedRaftLogWorker] INFO  segmented.SegmentedRaftLogWorker (SegmentedRaftLogWorker.java:run(313)) - e35b1415-f60e-401b-8467-6059dde00d22@group-2E3D9163E1BE-SegmentedRaftLogWorker was interrupted, exiting. There are 0 tasks remaining in the queue.
2019-09-24 20:52:43,336 [main] INFO  segmented.SegmentedRaftLogWorker (SegmentedRaftLogWorker.java:close(228)) - e35b1415-f60e-401b-8467-6059dde00d22@group-2E3D9163E1BE-SegmentedRaftLogWorker close()
2019-09-24 20:52:43,337 [ForkJoinPool.commonPool-worker-0] INFO  segmented.SegmentedRaftLogWorker (SegmentedRaftLogWorker.java:close(228)) - 473b372b-aa71-4132-b827-1ca7d656aace@group-2E3D9163E1BE-SegmentedRaftLogWorker close()
2019-09-24 20:52:43,339 [main] INFO  impl.RaftServerImpl (RaftServerImpl.java:lambda$shutdown$3(251)) - e35b1415-f60e-401b-8467-6059dde00d22@group-E00EE2FF61F9: shutdown
2019-09-24 20:52:43,342 [ForkJoinPool.commonPool-worker-0] INFO  impl.RaftServerImpl (RaftServerImpl.java:lambda$shutdown$3(251)) - 473b372b-aa71-4132-b827-1ca7d656aace@group-87A2B2B1141D: shutdown
2019-09-24 20:52:43,342 [main] INFO  util.JmxRegister (JmxRegister.java:unregister(73)) - Successfully un-registered JMX Bean with object name Ratis:service=RaftServer,group=group-E00EE2FF61F9,id=e35b1415-f60e-401b-8467-6059dde00d22
2019-09-24 20:52:43,342 [ForkJoinPool.commonPool-worker-0] INFO  util.JmxRegister (JmxRegister.java:unregister(73)) - Successfully un-registered JMX Bean with object name Ratis:service=RaftServer,group=group-87A2B2B1141D,id=473b372b-aa71-4132-b827-1ca7d656aace
2019-09-24 20:52:43,342 [main] INFO  impl.RoleInfo (RoleInfo.java:shutdownLeaderState(104)) - e35b1415-f60e-401b-8467-6059dde00d22: shutdown LeaderState
2019-09-24 20:52:43,343 [ForkJoinPool.commonPool-worker-0] INFO  impl.RoleInfo (RoleInfo.java:shutdownLeaderState(104)) - 473b372b-aa71-4132-b827-1ca7d656aace: shutdown LeaderState
2019-09-24 20:52:43,343 [main] INFO  impl.PendingRequests (PendingRequests.java:sendNotLeaderResponses(202)) - e35b1415-f60e-401b-8467-6059dde00d22-PendingRequests: sendNotLeaderResponses
2019-09-24 20:52:43,343 [ForkJoinPool.commonPool-worker-0] INFO  impl.PendingRequests (PendingRequests.java:sendNotLeaderResponses(202)) - 473b372b-aa71-4132-b827-1ca7d656aace-PendingRequests: sendNotLeaderResponses
2019-09-24 20:52:43,343 [main] INFO  impl.StateMachineUpdater (StateMachineUpdater.java:stopAndJoin(125)) - e35b1415-f60e-401b-8467-6059dde00d22@group-E00EE2FF61F9-StateMachineUpdater: set stopIndex = 0
2019-09-24 20:52:43,344 [ForkJoinPool.commonPool-worker-0] INFO  impl.StateMachineUpdater (StateMachineUpdater.java:stopAndJoin(125)) - 473b372b-aa71-4132-b827-1ca7d656aace@group-87A2B2B1141D-StateMachineUpdater: set stopIndex = 0
2019-09-24 20:52:43,344 [main] INFO  impl.RaftServerImpl (ServerState.java:close(385)) - e35b1415-f60e-401b-8467-6059dde00d22@group-E00EE2FF61F9: closes. applyIndex: 0
2019-09-24 20:52:43,344 [ForkJoinPool.commonPool-worker-0] INFO  impl.RaftServerImpl (ServerState.java:close(385)) - 473b372b-aa71-4132-b827-1ca7d656aace@group-87A2B2B1141D: closes. applyIndex: 0
2019-09-24 20:52:43,345 [e35b1415-f60e-401b-8467-6059dde00d22@group-E00EE2FF61F9-SegmentedRaftLogWorker] INFO  segmented.SegmentedRaftLogWorker (SegmentedRaftLogWorker.java:run(313)) - e35b1415-f60e-401b-8467-6059dde00d22@group-E00EE2FF61F9-SegmentedRaftLogWorker was interrupted, exiting. There are 0 tasks remaining in the queue.
2019-09-24 20:52:43,346 [473b372b-aa71-4132-b827-1ca7d656aace@group-87A2B2B1141D-SegmentedRaftLogWorker] INFO  segmented.SegmentedRaftLogWorker (SegmentedRaftLogWorker.java:run(313)) - 473b372b-aa71-4132-b827-1ca7d656aace@group-87A2B2B1141D-SegmentedRaftLogWorker was interrupted, exiting. There are 0 tasks remaining in the queue.
2019-09-24 20:52:43,347 [ForkJoinPool.commonPool-worker-0] INFO  segmented.SegmentedRaftLogWorker (SegmentedRaftLogWorker.java:close(228)) - 473b372b-aa71-4132-b827-1ca7d656aace@group-87A2B2B1141D-SegmentedRaftLogWorker close()
2019-09-24 20:52:43,347 [main] INFO  segmented.SegmentedRaftLogWorker (SegmentedRaftLogWorker.java:close(228)) - e35b1415-f60e-401b-8467-6059dde00d22@group-E00EE2FF61F9-SegmentedRaftLogWorker close()
2019-09-24 20:52:43,350 [ForkJoinPool.commonPool-worker-0] INFO  server.GrpcService (GrpcService.java:closeImpl(164)) - 473b372b-aa71-4132-b827-1ca7d656aace: shutdown server with port 42963 now
2019-09-24 20:52:43,352 [main] INFO  server.GrpcService (GrpcService.java:closeImpl(164)) - e35b1415-f60e-401b-8467-6059dde00d22: shutdown server with port 43571 now
2019-09-24 20:52:43,353 [ForkJoinPool.commonPool-worker-0] INFO  server.GrpcService (GrpcService.java:closeImpl(172)) - 473b372b-aa71-4132-b827-1ca7d656aace: shutdown server with port 42963 successfully
2019-09-24 20:52:43,353 [main] INFO  server.GrpcService (GrpcService.java:closeImpl(172)) - e35b1415-f60e-401b-8467-6059dde00d22: shutdown server with port 43571 successfully
2019-09-24 20:52:43,357 [refreshUsed-/workdir/hadoop-ozone/integration-test/target/test-dir/MiniOzoneClusterImpl-f2398cfc-f31b-477c-b5a0-70704157f1f0/datanode-3/data/containers] WARN  fs.CachingGetSpaceUsed (CachingGetSpaceUsed.java:run(183)) - Thread Interrupted waiting to refresh disk information: sleep interrupted
2019-09-24 20:52:43,368 [refreshUsed-/workdir/hadoop-ozone/integration-test/target/test-dir/MiniOzoneClusterImpl-f2398cfc-f31b-477c-b5a0-70704157f1f0/datanode-1/data/containers] WARN  fs.CachingGetSpaceUsed (CachingGetSpaceUsed.java:run(183)) - Thread Interrupted waiting to refresh disk information: sleep interrupted
2019-09-24 20:52:43,384 [main] INFO  utils.BackgroundService (BackgroundService.java:shutdown(148)) - Shutting down service BlockDeletingService
2019-09-24 20:52:43,385 [ForkJoinPool.commonPool-worker-0] INFO  utils.BackgroundService (BackgroundService.java:shutdown(148)) - Shutting down service BlockDeletingService
2019-09-24 20:52:43,388 [main] INFO  statemachine.DatanodeStateMachine (DatanodeStateMachine.java:stopDaemon(395)) - Ozone container server stopped.
2019-09-24 20:52:43,389 [ForkJoinPool.commonPool-worker-0] INFO  statemachine.DatanodeStateMachine (DatanodeStateMachine.java:stopDaemon(395)) - Ozone container server stopped.
2019-09-24 20:52:43,778 [ForkJoinPool.commonPool-worker-0] INFO  handler.ContextHandler (ContextHandler.java:doStop(910)) - Stopped o.e.j.w.WebAppContext@440e3ce6{/,null,UNAVAILABLE}{/hddsDatanode}
2019-09-24 20:52:43,779 [ForkJoinPool.commonPool-worker-0] INFO  server.AbstractConnector (AbstractConnector.java:doStop(318)) - Stopped ServerConnector@3e67f5f2{HTTP/1.1,[http/1.1]}{0.0.0.0:0}
2019-09-24 20:52:43,781 [ForkJoinPool.commonPool-worker-0] INFO  handler.ContextHandler (ContextHandler.java:doStop(910)) - Stopped o.e.j.s.ServletContextHandler@ed91d8d{/static,jar:file:/home/user/.m2/repository/org/apache/hadoop/hadoop-hdds-container-service/0.5.0-SNAPSHOT/hadoop-hdds-container-service-0.5.0-SNAPSHOT.jar!/webapps/static,UNAVAILABLE}
2019-09-24 20:52:43,782 [main] INFO  handler.ContextHandler (ContextHandler.java:doStop(910)) - Stopped o.e.j.w.WebAppContext@5b3bb1f7{/,null,UNAVAILABLE}{/hddsDatanode}
2019-09-24 20:52:43,782 [ForkJoinPool.commonPool-worker-0] INFO  handler.ContextHandler (ContextHandler.java:doStop(910)) - Stopped o.e.j.s.ServletContextHandler@59bbe88a{/logs,file:///workdir/hadoop-ozone/integration-test/target/log,UNAVAILABLE}
2019-09-24 20:52:43,783 [main] INFO  server.AbstractConnector (AbstractConnector.java:doStop(318)) - Stopped ServerConnector@58d6b7b9{HTTP/1.1,[http/1.1]}{0.0.0.0:0}
2019-09-24 20:52:43,783 [main] INFO  handler.ContextHandler (ContextHandler.java:doStop(910)) - Stopped o.e.j.s.ServletContextHandler@70211df5{/static,jar:file:/home/user/.m2/repository/org/apache/hadoop/hadoop-hdds-container-service/0.5.0-SNAPSHOT/hadoop-hdds-container-service-0.5.0-SNAPSHOT.jar!/webapps/static,UNAVAILABLE}
2019-09-24 20:52:43,784 [main] INFO  handler.ContextHandler (ContextHandler.java:doStop(910)) - Stopped o.e.j.s.ServletContextHandler@1a6dc589{/logs,file:///workdir/hadoop-ozone/integration-test/target/log,UNAVAILABLE}
2019-09-24 20:52:44,587 [Datanode State Machine Thread - 0] INFO  statemachine.DatanodeStateMachine (DatanodeStateMachine.java:lambda$startDaemon$0(350)) - Ozone container server started.
2019-09-24 20:52:48,785 [ForkJoinPool.commonPool-worker-0] INFO  ozoneimpl.OzoneContainer (OzoneContainer.java:stop(231)) - Attempting to stop container services.
2019-09-24 20:52:48,787 [ForkJoinPool.commonPool-worker-0] INFO  impl.RaftServerProxy (RaftServerProxy.java:lambda$close$4(314)) - e971f57d-41f6-4acd-bb8d-b972efa48652: close
2019-09-24 20:52:48,787 [ForkJoinPool.commonPool-worker-0] INFO  impl.RaftServerImpl (RaftServerImpl.java:lambda$shutdown$3(251)) - e971f57d-41f6-4acd-bb8d-b972efa48652@group-46B778955078: shutdown
2019-09-24 20:52:48,787 [ForkJoinPool.commonPool-worker-0] INFO  util.JmxRegister (JmxRegister.java:unregister(73)) - Successfully un-registered JMX Bean with object name Ratis:service=RaftServer,group=group-46B778955078,id=e971f57d-41f6-4acd-bb8d-b972efa48652
2019-09-24 20:52:48,788 [ForkJoinPool.commonPool-worker-0] INFO  impl.RoleInfo (RoleInfo.java:shutdownLeaderState(104)) - e971f57d-41f6-4acd-bb8d-b972efa48652: shutdown LeaderState
2019-09-24 20:52:48,788 [ForkJoinPool.commonPool-worker-0] INFO  impl.PendingRequests (PendingRequests.java:sendNotLeaderResponses(202)) - e971f57d-41f6-4acd-bb8d-b972efa48652-PendingRequests: sendNotLeaderResponses
2019-09-24 20:52:48,789 [ForkJoinPool.commonPool-worker-0] INFO  impl.StateMachineUpdater (StateMachineUpdater.java:stopAndJoin(125)) - e971f57d-41f6-4acd-bb8d-b972efa48652@group-46B778955078-StateMachineUpdater: set stopIndex = 0
2019-09-24 20:52:48,790 [ForkJoinPool.commonPool-worker-0] INFO  impl.RaftServerImpl (ServerState.java:close(385)) - e971f57d-41f6-4acd-bb8d-b972efa48652@group-46B778955078: closes. applyIndex: 0
2019-09-24 20:52:48,791 [e971f57d-41f6-4acd-bb8d-b972efa48652@group-46B778955078-SegmentedRaftLogWorker] INFO  segmented.SegmentedRaftLogWorker (SegmentedRaftLogWorker.java:run(313)) - e971f57d-41f6-4acd-bb8d-b972efa48652@group-46B778955078-SegmentedRaftLogWorker was interrupted, exiting. There are 0 tasks remaining in the queue.
2019-09-24 20:52:48,794 [ForkJoinPool.commonPool-worker-0] INFO  segmented.SegmentedRaftLogWorker (SegmentedRaftLogWorker.java:close(228)) - e971f57d-41f6-4acd-bb8d-b972efa48652@group-46B778955078-SegmentedRaftLogWorker close()
2019-09-24 20:52:48,796 [ForkJoinPool.commonPool-worker-0] INFO  server.GrpcService (GrpcService.java:closeImpl(164)) - e971f57d-41f6-4acd-bb8d-b972efa48652: shutdown server with port 33127 now
2019-09-24 20:52:48,798 [ForkJoinPool.commonPool-worker-0] INFO  server.GrpcService (GrpcService.java:closeImpl(172)) - e971f57d-41f6-4acd-bb8d-b972efa48652: shutdown server with port 33127 successfully
2019-09-24 20:52:48,807 [refreshUsed-/workdir/hadoop-ozone/integration-test/target/test-dir/MiniOzoneClusterImpl-f2398cfc-f31b-477c-b5a0-70704157f1f0/datanode-0/data/containers] WARN  fs.CachingGetSpaceUsed (CachingGetSpaceUsed.java:run(183)) - Thread Interrupted waiting to refresh disk information: sleep interrupted
2019-09-24 20:52:48,829 [ForkJoinPool.commonPool-worker-0] INFO  utils.BackgroundService (BackgroundService.java:shutdown(148)) - Shutting down service BlockDeletingService
2019-09-24 20:52:48,833 [ForkJoinPool.commonPool-worker-0] INFO  statemachine.DatanodeStateMachine (DatanodeStateMachine.java:stopDaemon(395)) - Ozone container server stopped.
2019-09-24 20:52:48,837 [ForkJoinPool.commonPool-worker-0] INFO  handler.ContextHandler (ContextHandler.java:doStop(910)) - Stopped o.e.j.w.WebAppContext@6192a5d5{/,null,UNAVAILABLE}{/hddsDatanode}
2019-09-24 20:52:48,838 [ForkJoinPool.commonPool-worker-0] INFO  server.AbstractConnector (AbstractConnector.java:doStop(318)) - Stopped ServerConnector@3722c145{HTTP/1.1,[http/1.1]}{0.0.0.0:0}
2019-09-24 20:52:48,839 [ForkJoinPool.commonPool-worker-0] INFO  handler.ContextHandler (ContextHandler.java:doStop(910)) - Stopped o.e.j.s.ServletContextHandler@51ec2856{/static,jar:file:/home/user/.m2/repository/org/apache/hadoop/hadoop-hdds-container-service/0.5.0-SNAPSHOT/hadoop-hdds-container-service-0.5.0-SNAPSHOT.jar!/webapps/static,UNAVAILABLE}
2019-09-24 20:52:48,839 [ForkJoinPool.commonPool-worker-0] INFO  handler.ContextHandler (ContextHandler.java:doStop(910)) - Stopped o.e.j.s.ServletContextHandler@6fa0450e{/logs,file:///workdir/hadoop-ozone/integration-test/target/log,UNAVAILABLE}
2019-09-24 20:52:48,841 [main] INFO  ozone.MiniOzoneClusterImpl (MiniOzoneClusterImpl.java:stopSCM(392)) - Stopping the StorageContainerManager
2019-09-24 20:52:48,842 [main] INFO  server.StorageContainerManager (StorageContainerManager.java:stop(808)) - Stopping Replication Manager Service.
2019-09-24 20:52:48,842 [main] INFO  container.ReplicationManager (ReplicationManager.java:stop(203)) - Stopping Replication Monitor Thread.
2019-09-24 20:52:48,842 [main] INFO  server.StorageContainerManager (StorageContainerManager.java:stop(815)) - Stopping Lease Manager of the command watchers
2019-09-24 20:52:48,843 [main] INFO  server.StorageContainerManager (StorageContainerManager.java:stop(822)) - Stopping datanode service RPC server
2019-09-24 20:52:48,843 [main] INFO  server.SCMDatanodeProtocolServer (SCMDatanodeProtocolServer.java:stop(367)) - Stopping the RPC server for DataNodes
2019-09-24 20:52:48,843 [main] INFO  ipc.Server (Server.java:stop(3082)) - Stopping server on 44907
2019-09-24 20:52:48,846 [IPC Server listener on 44907] INFO  ipc.Server (Server.java:run(1185)) - Stopping IPC Server listener on 44907
2019-09-24 20:52:48,846 [IPC Server Responder] INFO  ipc.Server (Server.java:run(1319)) - Stopping IPC Server Responder
2019-09-24 20:52:48,936 [SCM Heartbeat Processing Thread - 0] WARN  node.NodeStateManager (NodeStateManager.java:scheduleNextHealthCheck(646)) - Current Thread is interrupted, shutting down HB processing thread for Node Manager.
2019-09-24 20:52:48,936 [main] INFO  server.StorageContainerManager (StorageContainerManager.java:stop(830)) - Stopping block service RPC server
2019-09-24 20:52:48,937 [main] INFO  server.SCMBlockProtocolServer (SCMBlockProtocolServer.java:stop(155)) - Stopping the RPC server for Block Protocol
2019-09-24 20:52:48,937 [main] INFO  ipc.Server (Server.java:stop(3082)) - Stopping server on 35674
2019-09-24 20:52:48,939 [IPC Server listener on 35674] INFO  ipc.Server (Server.java:run(1185)) - Stopping IPC Server listener on 35674
2019-09-24 20:52:48,939 [main] INFO  server.StorageContainerManager (StorageContainerManager.java:stop(837)) - Stopping the StorageContainerLocationProtocol RPC server
2019-09-24 20:52:48,940 [IPC Server Responder] INFO  ipc.Server (Server.java:run(1319)) - Stopping IPC Server Responder
2019-09-24 20:52:48,940 [main] INFO  server.SCMClientProtocolServer (SCMClientProtocolServer.java:stop(159)) - Stopping the RPC server for Client Protocol
2019-09-24 20:52:48,941 [main] INFO  ipc.Server (Server.java:stop(3082)) - Stopping server on 35274
2019-09-24 20:52:48,943 [IPC Server listener on 35274] INFO  ipc.Server (Server.java:run(1185)) - Stopping IPC Server listener on 35274
2019-09-24 20:52:48,943 [main] INFO  server.StorageContainerManager (StorageContainerManager.java:stop(844)) - Stopping Storage Container Manager HTTP server.
2019-09-24 20:52:48,944 [IPC Server Responder] INFO  ipc.Server (Server.java:run(1319)) - Stopping IPC Server Responder
2019-09-24 20:52:48,964 [main] INFO  handler.ContextHandler (ContextHandler.java:doStop(910)) - Stopped o.e.j.w.WebAppContext@6928f576{/,null,UNAVAILABLE}{/scm}
2019-09-24 20:52:48,966 [main] INFO  server.AbstractConnector (AbstractConnector.java:doStop(318)) - Stopped ServerConnector@548e76f1{HTTP/1.1,[http/1.1]}{0.0.0.0:0}
2019-09-24 20:52:48,966 [main] INFO  handler.ContextHandler (ContextHandler.java:doStop(910)) - Stopped o.e.j.s.ServletContextHandler@3e821657{/static,file:///workdir/hadoop-ozone/integration-test/target/test-classes/webapps/static,UNAVAILABLE}
2019-09-24 20:52:48,966 [main] INFO  handler.ContextHandler (ContextHandler.java:doStop(910)) - Stopped o.e.j.s.ServletContextHandler@6b00f608{/logs,file:///workdir/hadoop-ozone/integration-test/target/log,UNAVAILABLE}
2019-09-24 20:52:48,967 [main] INFO  server.StorageContainerManager (StorageContainerManager.java:stop(855)) - Stopping Block Manager Service.
2019-09-24 20:52:48,968 [main] INFO  utils.BackgroundService (BackgroundService.java:shutdown(148)) - Shutting down service SCMBlockDeletingService
2019-09-24 20:52:48,968 [main] INFO  utils.BackgroundService (BackgroundService.java:shutdown(148)) - Shutting down service SCMBlockDeletingService
2019-09-24 20:52:48,969 [main] INFO  server.StorageContainerManager (StorageContainerManager.java:stop(877)) - Stopping SCM Event Queue.
2019-09-24 20:52:48,978 [main] INFO  impl.MetricsSystemImpl (MetricsSystemImpl.java:stop(210)) - Stopping XceiverClientMetrics metrics system...
2019-09-24 20:52:48,985 [prometheus] INFO  impl.MetricsSinkAdapter (MetricsSinkAdapter.java:publishMetricsFromQueue(141)) - prometheus thread interrupted.
2019-09-24 20:52:48,986 [main] INFO  impl.MetricsSystemImpl (MetricsSystemImpl.java:stop(216)) - XceiverClientMetrics metrics system stopped.
]]></system-out>
    <system-err><![CDATA[ERROR StatusLogger No Log4j 2 configuration file found. Using default configuration (logging only errors to the console), or user programmatically provided configurations. Set system property 'log4j2.debug' to show Log4j 2 internal initialization logging. See https://logging.apache.org/log4j/2.x/manual/configuration.html for instructions on how to configure Log4j 2
]]></system-err>
  </testcase>
</testsuite>