<?xml version="1.0" encoding="UTF-8"?>
<testsuite xmlns:xsi="http://www.w3.org/2001/XMLSchema-instance" xsi:noNamespaceSchemaLocation="https://maven.apache.org/surefire/maven-surefire-plugin/xsd/surefire-test-report.xsd" name="org.apache.hadoop.ozone.client.rpc.TestBlockOutputStreamWithFailures" time="667.7" tests="8" errors="0" skipped="0" failures="1">
  <properties>
    <property name="awt.toolkit" value="sun.awt.X11.XToolkit"/>
    <property name="file.encoding.pkg" value="sun.io"/>
    <property name="java.specification.version" value="1.8"/>
    <property name="sun.cpu.isalist" value=""/>
    <property name="sun.jnu.encoding" value="UTF-8"/>
    <property name="java.class.path" value="/workdir/hadoop-ozone/integration-test/target/test-classes:/workdir/hadoop-ozone/integration-test/target/classes:/home/user/.m2/repository/org/apache/hadoop/hadoop-ozone-common/0.5.0-SNAPSHOT/hadoop-ozone-common-0.5.0-SNAPSHOT.jar:/home/user/.m2/repository/org/apache/commons/commons-compress/1.4.1/commons-compress-1.4.1.jar:/home/user/.m2/repository/org/tukaani/xz/1.0/xz-1.0.jar:/home/user/.m2/repository/org/apache/hadoop/hadoop-common/3.2.0/hadoop-common-3.2.0.jar:/home/user/.m2/repository/org/apache/hadoop/hadoop-hdfs/3.2.0/hadoop-hdfs-3.2.0.jar:/home/user/.m2/repository/org/apache/hadoop/hadoop-hdfs-client/3.2.0/hadoop-hdfs-client-3.2.0.jar:/home/user/.m2/repository/com/fasterxml/jackson/core/jackson-annotations/2.9.9/jackson-annotations-2.9.9.jar:/home/user/.m2/repository/org/apache/hadoop/hadoop-hdds-common/0.5.0-SNAPSHOT/hadoop-hdds-common-0.5.0-SNAPSHOT.jar:/home/user/.m2/repository/javax/annotation/javax.annotation-api/1.2/javax.annotation-api-1.2.jar:/home/user/.m2/repository/org/apache/ratis/ratis-server/0.4.0/ratis-server-0.4.0.jar:/home/user/.m2/repository/org/apache/ratis/ratis-thirdparty-misc/0.2.0/ratis-thirdparty-misc-0.2.0.jar:/home/user/.m2/repository/org/apache/ratis/ratis-proto/0.4.0/ratis-proto-0.4.0.jar:/home/user/.m2/repository/org/apache/ratis/ratis-common/0.4.0/ratis-common-0.4.0.jar:/home/user/.m2/repository/org/apache/ratis/ratis-client/0.4.0/ratis-client-0.4.0.jar:/home/user/.m2/repository/org/apache/ratis/ratis-metrics/0.4.0/ratis-metrics-0.4.0.jar:/home/user/.m2/repository/com/github/joshelser/dropwizard-metrics-hadoop-metrics2-reporter/0.1.2/dropwizard-metrics-hadoop-metrics2-reporter-0.1.2.jar:/home/user/.m2/repository/io/dropwizard/metrics/metrics-jvm/3.2.5/metrics-jvm-3.2.5.jar:/home/user/.m2/repository/io/dropwizard/metrics/metrics-ganglia/3.2.5/metrics-ganglia-3.2.5.jar:/home/user/.m2/repository/info/ganglia/gmetric4j/gmetric4j/1.0.7/gmetric4j-1.0.7.jar:/home/user/.m2/repository/org/apache/ratis/ratis-netty/0.4.0/ratis-netty-0.4.0.jar:/home/user/.m2/repository/org/apache/ratis/ratis-grpc/0.4.0/ratis-grpc-0.4.0.jar:/home/user/.m2/repository/org/rocksdb/rocksdbjni/6.0.1/rocksdbjni-6.0.1.jar:/home/user/.m2/repository/org/apache/logging/log4j/log4j-api/2.11.0/log4j-api-2.11.0.jar:/home/user/.m2/repository/org/apache/logging/log4j/log4j-core/2.11.0/log4j-core-2.11.0.jar:/home/user/.m2/repository/com/lmax/disruptor/3.4.2/disruptor-3.4.2.jar:/home/user/.m2/repository/org/apache/commons/commons-pool2/2.6.0/commons-pool2-2.6.0.jar:/home/user/.m2/repository/org/bouncycastle/bcpkix-jdk15on/1.60/bcpkix-jdk15on-1.60.jar:/home/user/.m2/repository/commons-validator/commons-validator/1.6/commons-validator-1.6.jar:/home/user/.m2/repository/commons-digester/commons-digester/1.8.1/commons-digester-1.8.1.jar:/home/user/.m2/repository/io/jaegertracing/jaeger-client/0.34.0/jaeger-client-0.34.0.jar:/home/user/.m2/repository/io/jaegertracing/jaeger-thrift/0.34.0/jaeger-thrift-0.34.0.jar:/home/user/.m2/repository/org/apache/thrift/libthrift/0.12.0/libthrift-0.12.0.jar:/home/user/.m2/repository/com/squareup/okhttp3/okhttp/3.9.0/okhttp-3.9.0.jar:/home/user/.m2/repository/com/squareup/okio/okio/1.13.0/okio-1.13.0.jar:/home/user/.m2/repository/io/jaegertracing/jaeger-core/0.34.0/jaeger-core-0.34.0.jar:/home/user/.m2/repository/io/jaegertracing/jaeger-tracerresolver/0.34.0/jaeger-tracerresolver-0.34.0.jar:/home/user/.m2/repository/io/opentracing/contrib/opentracing-tracerresolver/0.1.5/opentracing-tracerresolver-0.1.5.jar:/home/user/.m2/repository/io/opentracing/opentracing-util/0.31.0/opentracing-util-0.31.0.jar:/home/user/.m2/repository/io/opentracing/opentracing-api/0.31.0/opentracing-api-0.31.0.jar:/home/user/.m2/repository/io/opentracing/opentracing-noop/0.31.0/opentracing-noop-0.31.0.jar:/home/user/.m2/repository/org/apache/hadoop/hadoop-hdds-server-framework/0.5.0-SNAPSHOT/hadoop-hdds-server-framework-0.5.0-SNAPSHOT.jar:/home/user/.m2/repository/org/apache/hadoop/hadoop-hdds-container-service/0.5.0-SNAPSHOT/hadoop-hdds-container-service-0.5.0-SNAPSHOT.jar:/home/user/.m2/repository/org/apache/hadoop/hadoop-hdds-client/0.5.0-SNAPSHOT/hadoop-hdds-client-0.5.0-SNAPSHOT.jar:/home/user/.m2/repository/org/apache/hadoop/hadoop-hdds-tools/0.5.0-SNAPSHOT/hadoop-hdds-tools-0.5.0-SNAPSHOT.jar:/home/user/.m2/repository/org/apache/hadoop/hadoop-hdds-server-scm/0.5.0-SNAPSHOT/hadoop-hdds-server-scm-0.5.0-SNAPSHOT.jar:/home/user/.m2/repository/org/apache/hadoop/hadoop-hdds-docs/0.5.0-SNAPSHOT/hadoop-hdds-docs-0.5.0-SNAPSHOT.jar:/home/user/.m2/repository/io/dropwizard/metrics/metrics-core/3.2.4/metrics-core-3.2.4.jar:/home/user/.m2/repository/org/hamcrest/hamcrest-all/1.3/hamcrest-all-1.3.jar:/home/user/.m2/repository/org/bouncycastle/bcprov-jdk15on/1.60/bcprov-jdk15on-1.60.jar:/home/user/.m2/repository/info/picocli/picocli/3.9.6/picocli-3.9.6.jar:/home/user/.m2/repository/com/google/protobuf/protobuf-java/2.5.0/protobuf-java-2.5.0.jar:/home/user/.m2/repository/com/google/guava/guava/11.0.2/guava-11.0.2.jar:/home/user/.m2/repository/org/apache/hadoop/hadoop-ozone-ozone-manager/0.5.0-SNAPSHOT/hadoop-ozone-ozone-manager-0.5.0-SNAPSHOT.jar:/home/user/.m2/repository/org/apache/hadoop/hadoop-minikdc/3.2.0/hadoop-minikdc-3.2.0.jar:/home/user/.m2/repository/commons-io/commons-io/2.5/commons-io-2.5.jar:/home/user/.m2/repository/org/apache/kerby/kerb-simplekdc/1.0.1/kerb-simplekdc-1.0.1.jar:/home/user/.m2/repository/org/apache/kerby/kerb-client/1.0.1/kerb-client-1.0.1.jar:/home/user/.m2/repository/org/apache/kerby/kerby-config/1.0.1/kerby-config-1.0.1.jar:/home/user/.m2/repository/org/apache/kerby/kerb-core/1.0.1/kerb-core-1.0.1.jar:/home/user/.m2/repository/org/apache/kerby/kerby-pkix/1.0.1/kerby-pkix-1.0.1.jar:/home/user/.m2/repository/org/apache/kerby/kerby-asn1/1.0.1/kerby-asn1-1.0.1.jar:/home/user/.m2/repository/org/apache/kerby/kerby-util/1.0.1/kerby-util-1.0.1.jar:/home/user/.m2/repository/org/apache/kerby/kerb-common/1.0.1/kerb-common-1.0.1.jar:/home/user/.m2/repository/org/apache/kerby/kerb-crypto/1.0.1/kerb-crypto-1.0.1.jar:/home/user/.m2/repository/org/apache/kerby/kerb-util/1.0.1/kerb-util-1.0.1.jar:/home/user/.m2/repository/org/apache/kerby/token-provider/1.0.1/token-provider-1.0.1.jar:/home/user/.m2/repository/org/apache/kerby/kerb-admin/1.0.1/kerb-admin-1.0.1.jar:/home/user/.m2/repository/org/apache/kerby/kerb-server/1.0.1/kerb-server-1.0.1.jar:/home/user/.m2/repository/org/apache/kerby/kerb-identity/1.0.1/kerb-identity-1.0.1.jar:/home/user/.m2/repository/org/apache/kerby/kerby-xdr/1.0.1/kerby-xdr-1.0.1.jar:/home/user/.m2/repository/org/slf4j/slf4j-log4j12/1.7.25/slf4j-log4j12-1.7.25.jar:/home/user/.m2/repository/org/apache/hadoop/hadoop-ozone-s3gateway/0.5.0-SNAPSHOT/hadoop-ozone-s3gateway-0.5.0-SNAPSHOT.jar:/home/user/.m2/repository/org/jboss/weld/servlet/weld-servlet/2.4.7.Final/weld-servlet-2.4.7.Final.jar:/home/user/.m2/repository/org/glassfish/jersey/containers/jersey-container-servlet-core/2.27/jersey-container-servlet-core-2.27.jar:/home/user/.m2/repository/org/glassfish/hk2/external/javax.inject/2.5.0-b42/javax.inject-2.5.0-b42.jar:/home/user/.m2/repository/org/glassfish/jersey/core/jersey-common/2.27/jersey-common-2.27.jar:/home/user/.m2/repository/org/glassfish/hk2/osgi-resource-locator/1.0.1/osgi-resource-locator-1.0.1.jar:/home/user/.m2/repository/javax/ws/rs/javax.ws.rs-api/2.1/javax.ws.rs-api-2.1.jar:/home/user/.m2/repository/org/glassfish/jersey/ext/cdi/jersey-cdi1x/2.27/jersey-cdi1x-2.27.jar:/home/user/.m2/repository/org/glassfish/jersey/inject/jersey-hk2/2.27/jersey-hk2-2.27.jar:/home/user/.m2/repository/org/glassfish/hk2/hk2-locator/2.5.0-b42/hk2-locator-2.5.0-b42.jar:/home/user/.m2/repository/org/javassist/javassist/3.22.0-CR2/javassist-3.22.0-CR2.jar:/home/user/.m2/repository/org/glassfish/hk2/hk2-api/2.5.0/hk2-api-2.5.0.jar:/home/user/.m2/repository/org/glassfish/hk2/external/jakarta.inject/2.5.0/jakarta.inject-2.5.0.jar:/home/user/.m2/repository/org/glassfish/hk2/hk2-utils/2.5.0/hk2-utils-2.5.0.jar:/home/user/.m2/repository/jakarta/annotation/jakarta.annotation-api/1.3.4/jakarta.annotation-api-1.3.4.jar:/home/user/.m2/repository/org/glassfish/hk2/external/aopalliance-repackaged/2.5.0/aopalliance-repackaged-2.5.0.jar:/home/user/.m2/repository/com/fasterxml/jackson/dataformat/jackson-dataformat-xml/2.9.0/jackson-dataformat-xml-2.9.0.jar:/home/user/.m2/repository/com/fasterxml/jackson/core/jackson-core/2.9.9/jackson-core-2.9.9.jar:/home/user/.m2/repository/com/fasterxml/jackson/module/jackson-module-jaxb-annotations/2.9.9/jackson-module-jaxb-annotations-2.9.9.jar:/home/user/.m2/repository/javax/enterprise/cdi-api/1.2/cdi-api-1.2.jar:/home/user/.m2/repository/javax/el/javax.el-api/3.0.0/javax.el-api-3.0.0.jar:/home/user/.m2/repository/javax/interceptor/javax.interceptor-api/1.2/javax.interceptor-api-1.2.jar:/home/user/.m2/repository/javax/inject/javax.inject/1/javax.inject-1.jar:/home/user/.m2/repository/com/sun/xml/bind/jaxb-impl/2.3.0.1/jaxb-impl-2.3.0.1.jar:/home/user/.m2/repository/com/sun/xml/bind/jaxb-core/2.3.0.1/jaxb-core-2.3.0.1.jar:/home/user/.m2/repository/javax/xml/bind/jaxb-api/2.3.0/jaxb-api-2.3.0.jar:/home/user/.m2/repository/javax/activation/activation/1.1.1/activation-1.1.1.jar:/home/user/.m2/repository/org/apache/hadoop/hadoop-ozone-csi/0.5.0-SNAPSHOT/hadoop-ozone-csi-0.5.0-SNAPSHOT.jar:/home/user/.m2/repository/com/google/protobuf/protobuf-java-util/3.5.1/protobuf-java-util-3.5.1.jar:/home/user/.m2/repository/org/apache/hadoop/hadoop-hdds-config/0.5.0-SNAPSHOT/hadoop-hdds-config-0.5.0-SNAPSHOT.jar:/home/user/.m2/repository/io/grpc/grpc-netty/1.17.1/grpc-netty-1.17.1.jar:/home/user/.m2/repository/io/grpc/grpc-core/1.17.1/grpc-core-1.17.1.jar:/home/user/.m2/repository/io/grpc/grpc-context/1.17.1/grpc-context-1.17.1.jar:/home/user/.m2/repository/com/google/errorprone/error_prone_annotations/2.2.0/error_prone_annotations-2.2.0.jar:/home/user/.m2/repository/org/codehaus/mojo/animal-sniffer-annotations/1.17/animal-sniffer-annotations-1.17.jar:/home/user/.m2/repository/io/opencensus/opencensus-api/0.17.0/opencensus-api-0.17.0.jar:/home/user/.m2/repository/io/opencensus/opencensus-contrib-grpc-metrics/0.17.0/opencensus-contrib-grpc-metrics-0.17.0.jar:/home/user/.m2/repository/io/netty/netty-codec-http2/4.1.30.Final/netty-codec-http2-4.1.30.Final.jar:/home/user/.m2/repository/io/netty/netty-codec-http/4.1.30.Final/netty-codec-http-4.1.30.Final.jar:/home/user/.m2/repository/io/netty/netty-codec/4.1.30.Final/netty-codec-4.1.30.Final.jar:/home/user/.m2/repository/io/netty/netty-handler/4.1.30.Final/netty-handler-4.1.30.Final.jar:/home/user/.m2/repository/io/netty/netty-handler-proxy/4.1.30.Final/netty-handler-proxy-4.1.30.Final.jar:/home/user/.m2/repository/io/netty/netty-codec-socks/4.1.30.Final/netty-codec-socks-4.1.30.Final.jar:/home/user/.m2/repository/io/netty/netty-transport-native-epoll/4.1.30.Final/netty-transport-native-epoll-4.1.30.Final.jar:/home/user/.m2/repository/io/netty/netty-common/4.1.30.Final/netty-common-4.1.30.Final.jar:/home/user/.m2/repository/io/netty/netty-buffer/4.1.30.Final/netty-buffer-4.1.30.Final.jar:/home/user/.m2/repository/io/netty/netty-transport/4.1.30.Final/netty-transport-4.1.30.Final.jar:/home/user/.m2/repository/io/netty/netty-resolver/4.1.30.Final/netty-resolver-4.1.30.Final.jar:/home/user/.m2/repository/io/netty/netty-transport-native-unix-common/4.1.30.Final/netty-transport-native-unix-common-4.1.30.Final.jar:/home/user/.m2/repository/io/grpc/grpc-protobuf/1.17.1/grpc-protobuf-1.17.1.jar:/home/user/.m2/repository/com/google/api/grpc/proto-google-common-protos/1.0.0/proto-google-common-protos-1.0.0.jar:/home/user/.m2/repository/io/grpc/grpc-protobuf-lite/1.17.1/grpc-protobuf-lite-1.17.1.jar:/home/user/.m2/repository/io/grpc/grpc-stub/1.17.1/grpc-stub-1.17.1.jar:/home/user/.m2/repository/org/apache/hadoop/hadoop-ozone-recon/0.5.0-SNAPSHOT/hadoop-ozone-recon-0.5.0-SNAPSHOT.jar:/home/user/.m2/repository/org/apache/hadoop/hadoop-ozone-reconcodegen/0.5.0-SNAPSHOT/hadoop-ozone-reconcodegen-0.5.0-SNAPSHOT.jar:/home/user/.m2/repository/com/google/inject/extensions/guice-multibindings/4.0/guice-multibindings-4.0.jar:/home/user/.m2/repository/com/google/inject/guice/4.0/guice-4.0.jar:/home/user/.m2/repository/aopalliance/aopalliance/1.0/aopalliance-1.0.jar:/home/user/.m2/repository/com/google/inject/extensions/guice-servlet/4.0/guice-servlet-4.0.jar:/home/user/.m2/repository/org/glassfish/jersey/containers/jersey-container-servlet/2.27/jersey-container-servlet-2.27.jar:/home/user/.m2/repository/org/glassfish/hk2/guice-bridge/2.5.0/guice-bridge-2.5.0.jar:/home/user/.m2/repository/org/glassfish/jersey/core/jersey-server/2.27/jersey-server-2.27.jar:/home/user/.m2/repository/org/glassfish/jersey/core/jersey-client/2.27/jersey-client-2.27.jar:/home/user/.m2/repository/org/glassfish/jersey/media/jersey-media-jaxb/2.27/jersey-media-jaxb-2.27.jar:/home/user/.m2/repository/javax/validation/validation-api/1.1.0.Final/validation-api-1.1.0.Final.jar:/home/user/.m2/repository/org/glassfish/jersey/media/jersey-media-json-jackson/2.27/jersey-media-json-jackson-2.27.jar:/home/user/.m2/repository/org/glassfish/jersey/ext/jersey-entity-filtering/2.27/jersey-entity-filtering-2.27.jar:/home/user/.m2/repository/com/google/inject/extensions/guice-assistedinject/4.0/guice-assistedinject-4.0.jar:/home/user/.m2/repository/org/jooq/jooq/3.11.10/jooq-3.11.10.jar:/home/user/.m2/repository/org/jooq/jooq-meta/3.11.10/jooq-meta-3.11.10.jar:/home/user/.m2/repository/org/jooq/jooq-codegen/3.11.10/jooq-codegen-3.11.10.jar:/home/user/.m2/repository/com/jolbox/bonecp/0.8.0.RELEASE/bonecp-0.8.0.RELEASE.jar:/home/user/.m2/repository/org/xerial/sqlite-jdbc/3.25.2/sqlite-jdbc-3.25.2.jar:/home/user/.m2/repository/org/springframework/spring-jdbc/5.1.3.RELEASE/spring-jdbc-5.1.3.RELEASE.jar:/home/user/.m2/repository/org/springframework/spring-beans/5.1.3.RELEASE/spring-beans-5.1.3.RELEASE.jar:/home/user/.m2/repository/org/springframework/spring-core/5.1.3.RELEASE/spring-core-5.1.3.RELEASE.jar:/home/user/.m2/repository/org/springframework/spring-jcl/5.1.3.RELEASE/spring-jcl-5.1.3.RELEASE.jar:/home/user/.m2/repository/org/springframework/spring-tx/5.1.3.RELEASE/spring-tx-5.1.3.RELEASE.jar:/home/user/.m2/repository/org/apache/hadoop/hadoop-ozone-client/0.5.0-SNAPSHOT/hadoop-ozone-client-0.5.0-SNAPSHOT.jar:/home/user/.m2/repository/commons-lang/commons-lang/2.6/commons-lang-2.6.jar:/home/user/.m2/repository/org/apache/hadoop/hadoop-ozone-ozone-manager/0.5.0-SNAPSHOT/hadoop-ozone-ozone-manager-0.5.0-SNAPSHOT-tests.jar:/home/user/.m2/repository/junit/junit/4.11/junit-4.11.jar:/home/user/.m2/repository/org/hamcrest/hamcrest-core/1.3/hamcrest-core-1.3.jar:/home/user/.m2/repository/org/openjdk/jmh/jmh-core/1.19/jmh-core-1.19.jar:/home/user/.m2/repository/net/sf/jopt-simple/jopt-simple/4.6/jopt-simple-4.6.jar:/home/user/.m2/repository/org/apache/commons/commons-math3/3.1.1/commons-math3-3.1.1.jar:/home/user/.m2/repository/org/openjdk/jmh/jmh-generator-annprocess/1.19/jmh-generator-annprocess-1.19.jar:/home/user/.m2/repository/org/mockito/mockito-all/1.8.5/mockito-all-1.8.5.jar:/home/user/.m2/repository/org/apache/hadoop/hadoop-kms/3.2.0/hadoop-kms-3.2.0.jar:/home/user/.m2/repository/org/apache/hadoop/hadoop-auth/3.2.0/hadoop-auth-3.2.0.jar:/home/user/.m2/repository/com/nimbusds/nimbus-jose-jwt/4.41.1/nimbus-jose-jwt-4.41.1.jar:/home/user/.m2/repository/com/github/stephenc/jcip/jcip-annotations/1.0-1/jcip-annotations-1.0-1.jar:/home/user/.m2/repository/net/minidev/json-smart/2.3/json-smart-2.3.jar:/home/user/.m2/repository/net/minidev/accessors-smart/1.2/accessors-smart-1.2.jar:/home/user/.m2/repository/org/ow2/asm/asm/5.0.4/asm-5.0.4.jar:/home/user/.m2/repository/org/apache/curator/curator-framework/2.12.0/curator-framework-2.12.0.jar:/home/user/.m2/repository/com/sun/jersey/jersey-core/1.19/jersey-core-1.19.jar:/home/user/.m2/repository/javax/ws/rs/jsr311-api/1.1.1/jsr311-api-1.1.1.jar:/home/user/.m2/repository/com/sun/jersey/jersey-server/1.19/jersey-server-1.19.jar:/home/user/.m2/repository/javax/servlet/javax.servlet-api/3.1.0/javax.servlet-api-3.1.0.jar:/home/user/.m2/repository/org/eclipse/jetty/jetty-server/9.3.25.v20180904/jetty-server-9.3.25.v20180904.jar:/home/user/.m2/repository/org/eclipse/jetty/jetty-http/9.3.25.v20180904/jetty-http-9.3.25.v20180904.jar:/home/user/.m2/repository/org/eclipse/jetty/jetty-io/9.3.25.v20180904/jetty-io-9.3.25.v20180904.jar:/home/user/.m2/repository/org/eclipse/jetty/jetty-webapp/9.3.25.v20180904/jetty-webapp-9.3.25.v20180904.jar:/home/user/.m2/repository/org/eclipse/jetty/jetty-xml/9.3.25.v20180904/jetty-xml-9.3.25.v20180904.jar:/home/user/.m2/repository/log4j/log4j/1.2.17/log4j-1.2.17.jar:/home/user/.m2/repository/org/slf4j/slf4j-api/1.7.25/slf4j-api-1.7.25.jar:/home/user/.m2/repository/org/slf4j/jul-to-slf4j/1.7.25/jul-to-slf4j-1.7.25.jar:/home/user/.m2/repository/org/eclipse/jetty/jetty-util/9.3.25.v20180904/jetty-util-9.3.25.v20180904.jar:/home/user/.m2/repository/com/fasterxml/jackson/core/jackson-databind/2.9.9/jackson-databind-2.9.9.jar:/home/user/.m2/repository/org/apache/hadoop/hadoop-kms/3.2.0/hadoop-kms-3.2.0-tests.jar:/home/user/.m2/repository/org/apache/hadoop/hadoop-hdds-server-scm/0.5.0-SNAPSHOT/hadoop-hdds-server-scm-0.5.0-SNAPSHOT-tests.jar:/home/user/.m2/repository/org/apache/hadoop/hadoop-hdds-container-service/0.5.0-SNAPSHOT/hadoop-hdds-container-service-0.5.0-SNAPSHOT-tests.jar:/home/user/.m2/repository/org/yaml/snakeyaml/1.16/snakeyaml-1.16.jar:/home/user/.m2/repository/org/apache/hadoop/hadoop-common/3.2.0/hadoop-common-3.2.0-tests.jar:/home/user/.m2/repository/org/apache/hadoop/hadoop-annotations/3.2.0/hadoop-annotations-3.2.0.jar:/usr/lib/jvm/java-1.8-openjdk/jre/../lib/tools.jar:/home/user/.m2/repository/commons-cli/commons-cli/1.2/commons-cli-1.2.jar:/home/user/.m2/repository/org/apache/httpcomponents/httpclient/4.5.2/httpclient-4.5.2.jar:/home/user/.m2/repository/org/apache/httpcomponents/httpcore/4.4.4/httpcore-4.4.4.jar:/home/user/.m2/repository/commons-codec/commons-codec/1.11/commons-codec-1.11.jar:/home/user/.m2/repository/commons-net/commons-net/3.6/commons-net-3.6.jar:/home/user/.m2/repository/commons-collections/commons-collections/3.2.2/commons-collections-3.2.2.jar:/home/user/.m2/repository/org/eclipse/jetty/jetty-servlet/9.3.25.v20180904/jetty-servlet-9.3.25.v20180904.jar:/home/user/.m2/repository/org/eclipse/jetty/jetty-security/9.3.25.v20180904/jetty-security-9.3.25.v20180904.jar:/home/user/.m2/repository/javax/servlet/jsp/jsp-api/2.1/jsp-api-2.1.jar:/home/user/.m2/repository/com/sun/jersey/jersey-servlet/1.19/jersey-servlet-1.19.jar:/home/user/.m2/repository/com/sun/jersey/jersey-json/1.19/jersey-json-1.19.jar:/home/user/.m2/repository/org/codehaus/jettison/jettison/1.1/jettison-1.1.jar:/home/user/.m2/repository/org/codehaus/jackson/jackson-core-asl/1.9.13/jackson-core-asl-1.9.13.jar:/home/user/.m2/repository/org/codehaus/jackson/jackson-mapper-asl/1.9.13/jackson-mapper-asl-1.9.13.jar:/home/user/.m2/repository/org/codehaus/jackson/jackson-jaxrs/1.9.13/jackson-jaxrs-1.9.13.jar:/home/user/.m2/repository/org/codehaus/jackson/jackson-xc/1.9.13/jackson-xc-1.9.13.jar:/home/user/.m2/repository/commons-logging/commons-logging/1.1.3/commons-logging-1.1.3.jar:/home/user/.m2/repository/commons-beanutils/commons-beanutils/1.9.4/commons-beanutils-1.9.4.jar:/home/user/.m2/repository/org/apache/commons/commons-configuration2/2.1.1/commons-configuration2-2.1.1.jar:/home/user/.m2/repository/org/apache/commons/commons-lang3/3.7/commons-lang3-3.7.jar:/home/user/.m2/repository/org/apache/commons/commons-text/1.4/commons-text-1.4.jar:/home/user/.m2/repository/org/apache/avro/avro/1.7.7/avro-1.7.7.jar:/home/user/.m2/repository/com/thoughtworks/paranamer/paranamer/2.3/paranamer-2.3.jar:/home/user/.m2/repository/org/xerial/snappy/snappy-java/1.0.5/snappy-java-1.0.5.jar:/home/user/.m2/repository/com/google/re2j/re2j/1.1/re2j-1.1.jar:/home/user/.m2/repository/com/google/code/gson/gson/2.2.4/gson-2.2.4.jar:/home/user/.m2/repository/com/jcraft/jsch/0.1.54/jsch-0.1.54.jar:/home/user/.m2/repository/org/apache/curator/curator-client/2.12.0/curator-client-2.12.0.jar:/home/user/.m2/repository/org/apache/curator/curator-recipes/2.12.0/curator-recipes-2.12.0.jar:/home/user/.m2/repository/com/google/code/findbugs/jsr305/3.0.0/jsr305-3.0.0.jar:/home/user/.m2/repository/org/apache/htrace/htrace-core4/4.1.0-incubating/htrace-core4-4.1.0-incubating.jar:/home/user/.m2/repository/org/apache/zookeeper/zookeeper/3.4.13/zookeeper-3.4.13.jar:/home/user/.m2/repository/jline/jline/0.9.94/jline-0.9.94.jar:/home/user/.m2/repository/org/apache/yetus/audience-annotations/0.5.0/audience-annotations-0.5.0.jar:/home/user/.m2/repository/org/codehaus/woodstox/stax2-api/3.1.4/stax2-api-3.1.4.jar:/home/user/.m2/repository/com/fasterxml/woodstox/woodstox-core/5.0.3/woodstox-core-5.0.3.jar:/home/user/.m2/repository/dnsjava/dnsjava/2.1.7/dnsjava-2.1.7.jar:/home/user/.m2/repository/org/apache/hadoop/hadoop-hdfs/3.2.0/hadoop-hdfs-3.2.0-tests.jar:/home/user/.m2/repository/org/eclipse/jetty/jetty-util-ajax/9.3.25.v20180904/jetty-util-ajax-9.3.25.v20180904.jar:/home/user/.m2/repository/commons-daemon/commons-daemon/1.0.13/commons-daemon-1.0.13.jar:/home/user/.m2/repository/io/netty/netty/3.10.5.Final/netty-3.10.5.Final.jar:/home/user/.m2/repository/io/netty/netty-all/4.0.52.Final/netty-all-4.0.52.Final.jar:/home/user/.m2/repository/org/fusesource/leveldbjni/leveldbjni-all/1.8/leveldbjni-all-1.8.jar:"/>
    <property name="java.vm.vendor" value="IcedTea"/>
    <property name="sun.arch.data.model" value="64"/>
    <property name="test.build.dir" value="/workdir/hadoop-ozone/integration-test/target/test-dir"/>
    <property name="test.cache.data" value=""/>
    <property name="java.vendor.url" value="https://icedtea.classpath.org"/>
    <property name="user.timezone" value=""/>
    <property name="java.vm.specification.version" value="1.8"/>
    <property name="os.name" value="Linux"/>
    <property name="test.build.data" value="/workdir/hadoop-ozone/integration-test/target/test-dir"/>
    <property name="user.country" value="US"/>
    <property name="sun.java.launcher" value="SUN_STANDARD"/>
    <property name="sun.boot.library.path" value="/usr/lib/jvm/java-1.8-openjdk/jre/lib/amd64"/>
    <property name="sun.java.command" value="/workdir/hadoop-ozone/integration-test/target/surefire/surefirebooter2923781228249803279.jar /workdir/hadoop-ozone/integration-test/target/surefire 2019-09-24T20-34-09_362-jvmRun1 surefire2915539487986598134tmp surefire_636935270388952136111tmp"/>
    <property name="test" value="!TestMiniChaosOzoneCluster"/>
    <property name="surefire.test.class.path" value="/workdir/hadoop-ozone/integration-test/target/test-classes:/workdir/hadoop-ozone/integration-test/target/classes:/home/user/.m2/repository/org/apache/hadoop/hadoop-ozone-common/0.5.0-SNAPSHOT/hadoop-ozone-common-0.5.0-SNAPSHOT.jar:/home/user/.m2/repository/org/apache/commons/commons-compress/1.4.1/commons-compress-1.4.1.jar:/home/user/.m2/repository/org/tukaani/xz/1.0/xz-1.0.jar:/home/user/.m2/repository/org/apache/hadoop/hadoop-common/3.2.0/hadoop-common-3.2.0.jar:/home/user/.m2/repository/org/apache/hadoop/hadoop-hdfs/3.2.0/hadoop-hdfs-3.2.0.jar:/home/user/.m2/repository/org/apache/hadoop/hadoop-hdfs-client/3.2.0/hadoop-hdfs-client-3.2.0.jar:/home/user/.m2/repository/com/fasterxml/jackson/core/jackson-annotations/2.9.9/jackson-annotations-2.9.9.jar:/home/user/.m2/repository/org/apache/hadoop/hadoop-hdds-common/0.5.0-SNAPSHOT/hadoop-hdds-common-0.5.0-SNAPSHOT.jar:/home/user/.m2/repository/javax/annotation/javax.annotation-api/1.2/javax.annotation-api-1.2.jar:/home/user/.m2/repository/org/apache/ratis/ratis-server/0.4.0/ratis-server-0.4.0.jar:/home/user/.m2/repository/org/apache/ratis/ratis-thirdparty-misc/0.2.0/ratis-thirdparty-misc-0.2.0.jar:/home/user/.m2/repository/org/apache/ratis/ratis-proto/0.4.0/ratis-proto-0.4.0.jar:/home/user/.m2/repository/org/apache/ratis/ratis-common/0.4.0/ratis-common-0.4.0.jar:/home/user/.m2/repository/org/apache/ratis/ratis-client/0.4.0/ratis-client-0.4.0.jar:/home/user/.m2/repository/org/apache/ratis/ratis-metrics/0.4.0/ratis-metrics-0.4.0.jar:/home/user/.m2/repository/com/github/joshelser/dropwizard-metrics-hadoop-metrics2-reporter/0.1.2/dropwizard-metrics-hadoop-metrics2-reporter-0.1.2.jar:/home/user/.m2/repository/io/dropwizard/metrics/metrics-jvm/3.2.5/metrics-jvm-3.2.5.jar:/home/user/.m2/repository/io/dropwizard/metrics/metrics-ganglia/3.2.5/metrics-ganglia-3.2.5.jar:/home/user/.m2/repository/info/ganglia/gmetric4j/gmetric4j/1.0.7/gmetric4j-1.0.7.jar:/home/user/.m2/repository/org/apache/ratis/ratis-netty/0.4.0/ratis-netty-0.4.0.jar:/home/user/.m2/repository/org/apache/ratis/ratis-grpc/0.4.0/ratis-grpc-0.4.0.jar:/home/user/.m2/repository/org/rocksdb/rocksdbjni/6.0.1/rocksdbjni-6.0.1.jar:/home/user/.m2/repository/org/apache/logging/log4j/log4j-api/2.11.0/log4j-api-2.11.0.jar:/home/user/.m2/repository/org/apache/logging/log4j/log4j-core/2.11.0/log4j-core-2.11.0.jar:/home/user/.m2/repository/com/lmax/disruptor/3.4.2/disruptor-3.4.2.jar:/home/user/.m2/repository/org/apache/commons/commons-pool2/2.6.0/commons-pool2-2.6.0.jar:/home/user/.m2/repository/org/bouncycastle/bcpkix-jdk15on/1.60/bcpkix-jdk15on-1.60.jar:/home/user/.m2/repository/commons-validator/commons-validator/1.6/commons-validator-1.6.jar:/home/user/.m2/repository/commons-digester/commons-digester/1.8.1/commons-digester-1.8.1.jar:/home/user/.m2/repository/io/jaegertracing/jaeger-client/0.34.0/jaeger-client-0.34.0.jar:/home/user/.m2/repository/io/jaegertracing/jaeger-thrift/0.34.0/jaeger-thrift-0.34.0.jar:/home/user/.m2/repository/org/apache/thrift/libthrift/0.12.0/libthrift-0.12.0.jar:/home/user/.m2/repository/com/squareup/okhttp3/okhttp/3.9.0/okhttp-3.9.0.jar:/home/user/.m2/repository/com/squareup/okio/okio/1.13.0/okio-1.13.0.jar:/home/user/.m2/repository/io/jaegertracing/jaeger-core/0.34.0/jaeger-core-0.34.0.jar:/home/user/.m2/repository/io/jaegertracing/jaeger-tracerresolver/0.34.0/jaeger-tracerresolver-0.34.0.jar:/home/user/.m2/repository/io/opentracing/contrib/opentracing-tracerresolver/0.1.5/opentracing-tracerresolver-0.1.5.jar:/home/user/.m2/repository/io/opentracing/opentracing-util/0.31.0/opentracing-util-0.31.0.jar:/home/user/.m2/repository/io/opentracing/opentracing-api/0.31.0/opentracing-api-0.31.0.jar:/home/user/.m2/repository/io/opentracing/opentracing-noop/0.31.0/opentracing-noop-0.31.0.jar:/home/user/.m2/repository/org/apache/hadoop/hadoop-hdds-server-framework/0.5.0-SNAPSHOT/hadoop-hdds-server-framework-0.5.0-SNAPSHOT.jar:/home/user/.m2/repository/org/apache/hadoop/hadoop-hdds-container-service/0.5.0-SNAPSHOT/hadoop-hdds-container-service-0.5.0-SNAPSHOT.jar:/home/user/.m2/repository/org/apache/hadoop/hadoop-hdds-client/0.5.0-SNAPSHOT/hadoop-hdds-client-0.5.0-SNAPSHOT.jar:/home/user/.m2/repository/org/apache/hadoop/hadoop-hdds-tools/0.5.0-SNAPSHOT/hadoop-hdds-tools-0.5.0-SNAPSHOT.jar:/home/user/.m2/repository/org/apache/hadoop/hadoop-hdds-server-scm/0.5.0-SNAPSHOT/hadoop-hdds-server-scm-0.5.0-SNAPSHOT.jar:/home/user/.m2/repository/org/apache/hadoop/hadoop-hdds-docs/0.5.0-SNAPSHOT/hadoop-hdds-docs-0.5.0-SNAPSHOT.jar:/home/user/.m2/repository/io/dropwizard/metrics/metrics-core/3.2.4/metrics-core-3.2.4.jar:/home/user/.m2/repository/org/hamcrest/hamcrest-all/1.3/hamcrest-all-1.3.jar:/home/user/.m2/repository/org/bouncycastle/bcprov-jdk15on/1.60/bcprov-jdk15on-1.60.jar:/home/user/.m2/repository/info/picocli/picocli/3.9.6/picocli-3.9.6.jar:/home/user/.m2/repository/com/google/protobuf/protobuf-java/2.5.0/protobuf-java-2.5.0.jar:/home/user/.m2/repository/com/google/guava/guava/11.0.2/guava-11.0.2.jar:/home/user/.m2/repository/org/apache/hadoop/hadoop-ozone-ozone-manager/0.5.0-SNAPSHOT/hadoop-ozone-ozone-manager-0.5.0-SNAPSHOT.jar:/home/user/.m2/repository/org/apache/hadoop/hadoop-minikdc/3.2.0/hadoop-minikdc-3.2.0.jar:/home/user/.m2/repository/commons-io/commons-io/2.5/commons-io-2.5.jar:/home/user/.m2/repository/org/apache/kerby/kerb-simplekdc/1.0.1/kerb-simplekdc-1.0.1.jar:/home/user/.m2/repository/org/apache/kerby/kerb-client/1.0.1/kerb-client-1.0.1.jar:/home/user/.m2/repository/org/apache/kerby/kerby-config/1.0.1/kerby-config-1.0.1.jar:/home/user/.m2/repository/org/apache/kerby/kerb-core/1.0.1/kerb-core-1.0.1.jar:/home/user/.m2/repository/org/apache/kerby/kerby-pkix/1.0.1/kerby-pkix-1.0.1.jar:/home/user/.m2/repository/org/apache/kerby/kerby-asn1/1.0.1/kerby-asn1-1.0.1.jar:/home/user/.m2/repository/org/apache/kerby/kerby-util/1.0.1/kerby-util-1.0.1.jar:/home/user/.m2/repository/org/apache/kerby/kerb-common/1.0.1/kerb-common-1.0.1.jar:/home/user/.m2/repository/org/apache/kerby/kerb-crypto/1.0.1/kerb-crypto-1.0.1.jar:/home/user/.m2/repository/org/apache/kerby/kerb-util/1.0.1/kerb-util-1.0.1.jar:/home/user/.m2/repository/org/apache/kerby/token-provider/1.0.1/token-provider-1.0.1.jar:/home/user/.m2/repository/org/apache/kerby/kerb-admin/1.0.1/kerb-admin-1.0.1.jar:/home/user/.m2/repository/org/apache/kerby/kerb-server/1.0.1/kerb-server-1.0.1.jar:/home/user/.m2/repository/org/apache/kerby/kerb-identity/1.0.1/kerb-identity-1.0.1.jar:/home/user/.m2/repository/org/apache/kerby/kerby-xdr/1.0.1/kerby-xdr-1.0.1.jar:/home/user/.m2/repository/org/slf4j/slf4j-log4j12/1.7.25/slf4j-log4j12-1.7.25.jar:/home/user/.m2/repository/org/apache/hadoop/hadoop-ozone-s3gateway/0.5.0-SNAPSHOT/hadoop-ozone-s3gateway-0.5.0-SNAPSHOT.jar:/home/user/.m2/repository/org/jboss/weld/servlet/weld-servlet/2.4.7.Final/weld-servlet-2.4.7.Final.jar:/home/user/.m2/repository/org/glassfish/jersey/containers/jersey-container-servlet-core/2.27/jersey-container-servlet-core-2.27.jar:/home/user/.m2/repository/org/glassfish/hk2/external/javax.inject/2.5.0-b42/javax.inject-2.5.0-b42.jar:/home/user/.m2/repository/org/glassfish/jersey/core/jersey-common/2.27/jersey-common-2.27.jar:/home/user/.m2/repository/org/glassfish/hk2/osgi-resource-locator/1.0.1/osgi-resource-locator-1.0.1.jar:/home/user/.m2/repository/javax/ws/rs/javax.ws.rs-api/2.1/javax.ws.rs-api-2.1.jar:/home/user/.m2/repository/org/glassfish/jersey/ext/cdi/jersey-cdi1x/2.27/jersey-cdi1x-2.27.jar:/home/user/.m2/repository/org/glassfish/jersey/inject/jersey-hk2/2.27/jersey-hk2-2.27.jar:/home/user/.m2/repository/org/glassfish/hk2/hk2-locator/2.5.0-b42/hk2-locator-2.5.0-b42.jar:/home/user/.m2/repository/org/javassist/javassist/3.22.0-CR2/javassist-3.22.0-CR2.jar:/home/user/.m2/repository/org/glassfish/hk2/hk2-api/2.5.0/hk2-api-2.5.0.jar:/home/user/.m2/repository/org/glassfish/hk2/external/jakarta.inject/2.5.0/jakarta.inject-2.5.0.jar:/home/user/.m2/repository/org/glassfish/hk2/hk2-utils/2.5.0/hk2-utils-2.5.0.jar:/home/user/.m2/repository/jakarta/annotation/jakarta.annotation-api/1.3.4/jakarta.annotation-api-1.3.4.jar:/home/user/.m2/repository/org/glassfish/hk2/external/aopalliance-repackaged/2.5.0/aopalliance-repackaged-2.5.0.jar:/home/user/.m2/repository/com/fasterxml/jackson/dataformat/jackson-dataformat-xml/2.9.0/jackson-dataformat-xml-2.9.0.jar:/home/user/.m2/repository/com/fasterxml/jackson/core/jackson-core/2.9.9/jackson-core-2.9.9.jar:/home/user/.m2/repository/com/fasterxml/jackson/module/jackson-module-jaxb-annotations/2.9.9/jackson-module-jaxb-annotations-2.9.9.jar:/home/user/.m2/repository/javax/enterprise/cdi-api/1.2/cdi-api-1.2.jar:/home/user/.m2/repository/javax/el/javax.el-api/3.0.0/javax.el-api-3.0.0.jar:/home/user/.m2/repository/javax/interceptor/javax.interceptor-api/1.2/javax.interceptor-api-1.2.jar:/home/user/.m2/repository/javax/inject/javax.inject/1/javax.inject-1.jar:/home/user/.m2/repository/com/sun/xml/bind/jaxb-impl/2.3.0.1/jaxb-impl-2.3.0.1.jar:/home/user/.m2/repository/com/sun/xml/bind/jaxb-core/2.3.0.1/jaxb-core-2.3.0.1.jar:/home/user/.m2/repository/javax/xml/bind/jaxb-api/2.3.0/jaxb-api-2.3.0.jar:/home/user/.m2/repository/javax/activation/activation/1.1.1/activation-1.1.1.jar:/home/user/.m2/repository/org/apache/hadoop/hadoop-ozone-csi/0.5.0-SNAPSHOT/hadoop-ozone-csi-0.5.0-SNAPSHOT.jar:/home/user/.m2/repository/com/google/protobuf/protobuf-java-util/3.5.1/protobuf-java-util-3.5.1.jar:/home/user/.m2/repository/org/apache/hadoop/hadoop-hdds-config/0.5.0-SNAPSHOT/hadoop-hdds-config-0.5.0-SNAPSHOT.jar:/home/user/.m2/repository/io/grpc/grpc-netty/1.17.1/grpc-netty-1.17.1.jar:/home/user/.m2/repository/io/grpc/grpc-core/1.17.1/grpc-core-1.17.1.jar:/home/user/.m2/repository/io/grpc/grpc-context/1.17.1/grpc-context-1.17.1.jar:/home/user/.m2/repository/com/google/errorprone/error_prone_annotations/2.2.0/error_prone_annotations-2.2.0.jar:/home/user/.m2/repository/org/codehaus/mojo/animal-sniffer-annotations/1.17/animal-sniffer-annotations-1.17.jar:/home/user/.m2/repository/io/opencensus/opencensus-api/0.17.0/opencensus-api-0.17.0.jar:/home/user/.m2/repository/io/opencensus/opencensus-contrib-grpc-metrics/0.17.0/opencensus-contrib-grpc-metrics-0.17.0.jar:/home/user/.m2/repository/io/netty/netty-codec-http2/4.1.30.Final/netty-codec-http2-4.1.30.Final.jar:/home/user/.m2/repository/io/netty/netty-codec-http/4.1.30.Final/netty-codec-http-4.1.30.Final.jar:/home/user/.m2/repository/io/netty/netty-codec/4.1.30.Final/netty-codec-4.1.30.Final.jar:/home/user/.m2/repository/io/netty/netty-handler/4.1.30.Final/netty-handler-4.1.30.Final.jar:/home/user/.m2/repository/io/netty/netty-handler-proxy/4.1.30.Final/netty-handler-proxy-4.1.30.Final.jar:/home/user/.m2/repository/io/netty/netty-codec-socks/4.1.30.Final/netty-codec-socks-4.1.30.Final.jar:/home/user/.m2/repository/io/netty/netty-transport-native-epoll/4.1.30.Final/netty-transport-native-epoll-4.1.30.Final.jar:/home/user/.m2/repository/io/netty/netty-common/4.1.30.Final/netty-common-4.1.30.Final.jar:/home/user/.m2/repository/io/netty/netty-buffer/4.1.30.Final/netty-buffer-4.1.30.Final.jar:/home/user/.m2/repository/io/netty/netty-transport/4.1.30.Final/netty-transport-4.1.30.Final.jar:/home/user/.m2/repository/io/netty/netty-resolver/4.1.30.Final/netty-resolver-4.1.30.Final.jar:/home/user/.m2/repository/io/netty/netty-transport-native-unix-common/4.1.30.Final/netty-transport-native-unix-common-4.1.30.Final.jar:/home/user/.m2/repository/io/grpc/grpc-protobuf/1.17.1/grpc-protobuf-1.17.1.jar:/home/user/.m2/repository/com/google/api/grpc/proto-google-common-protos/1.0.0/proto-google-common-protos-1.0.0.jar:/home/user/.m2/repository/io/grpc/grpc-protobuf-lite/1.17.1/grpc-protobuf-lite-1.17.1.jar:/home/user/.m2/repository/io/grpc/grpc-stub/1.17.1/grpc-stub-1.17.1.jar:/home/user/.m2/repository/org/apache/hadoop/hadoop-ozone-recon/0.5.0-SNAPSHOT/hadoop-ozone-recon-0.5.0-SNAPSHOT.jar:/home/user/.m2/repository/org/apache/hadoop/hadoop-ozone-reconcodegen/0.5.0-SNAPSHOT/hadoop-ozone-reconcodegen-0.5.0-SNAPSHOT.jar:/home/user/.m2/repository/com/google/inject/extensions/guice-multibindings/4.0/guice-multibindings-4.0.jar:/home/user/.m2/repository/com/google/inject/guice/4.0/guice-4.0.jar:/home/user/.m2/repository/aopalliance/aopalliance/1.0/aopalliance-1.0.jar:/home/user/.m2/repository/com/google/inject/extensions/guice-servlet/4.0/guice-servlet-4.0.jar:/home/user/.m2/repository/org/glassfish/jersey/containers/jersey-container-servlet/2.27/jersey-container-servlet-2.27.jar:/home/user/.m2/repository/org/glassfish/hk2/guice-bridge/2.5.0/guice-bridge-2.5.0.jar:/home/user/.m2/repository/org/glassfish/jersey/core/jersey-server/2.27/jersey-server-2.27.jar:/home/user/.m2/repository/org/glassfish/jersey/core/jersey-client/2.27/jersey-client-2.27.jar:/home/user/.m2/repository/org/glassfish/jersey/media/jersey-media-jaxb/2.27/jersey-media-jaxb-2.27.jar:/home/user/.m2/repository/javax/validation/validation-api/1.1.0.Final/validation-api-1.1.0.Final.jar:/home/user/.m2/repository/org/glassfish/jersey/media/jersey-media-json-jackson/2.27/jersey-media-json-jackson-2.27.jar:/home/user/.m2/repository/org/glassfish/jersey/ext/jersey-entity-filtering/2.27/jersey-entity-filtering-2.27.jar:/home/user/.m2/repository/com/google/inject/extensions/guice-assistedinject/4.0/guice-assistedinject-4.0.jar:/home/user/.m2/repository/org/jooq/jooq/3.11.10/jooq-3.11.10.jar:/home/user/.m2/repository/org/jooq/jooq-meta/3.11.10/jooq-meta-3.11.10.jar:/home/user/.m2/repository/org/jooq/jooq-codegen/3.11.10/jooq-codegen-3.11.10.jar:/home/user/.m2/repository/com/jolbox/bonecp/0.8.0.RELEASE/bonecp-0.8.0.RELEASE.jar:/home/user/.m2/repository/org/xerial/sqlite-jdbc/3.25.2/sqlite-jdbc-3.25.2.jar:/home/user/.m2/repository/org/springframework/spring-jdbc/5.1.3.RELEASE/spring-jdbc-5.1.3.RELEASE.jar:/home/user/.m2/repository/org/springframework/spring-beans/5.1.3.RELEASE/spring-beans-5.1.3.RELEASE.jar:/home/user/.m2/repository/org/springframework/spring-core/5.1.3.RELEASE/spring-core-5.1.3.RELEASE.jar:/home/user/.m2/repository/org/springframework/spring-jcl/5.1.3.RELEASE/spring-jcl-5.1.3.RELEASE.jar:/home/user/.m2/repository/org/springframework/spring-tx/5.1.3.RELEASE/spring-tx-5.1.3.RELEASE.jar:/home/user/.m2/repository/org/apache/hadoop/hadoop-ozone-client/0.5.0-SNAPSHOT/hadoop-ozone-client-0.5.0-SNAPSHOT.jar:/home/user/.m2/repository/commons-lang/commons-lang/2.6/commons-lang-2.6.jar:/home/user/.m2/repository/org/apache/hadoop/hadoop-ozone-ozone-manager/0.5.0-SNAPSHOT/hadoop-ozone-ozone-manager-0.5.0-SNAPSHOT-tests.jar:/home/user/.m2/repository/junit/junit/4.11/junit-4.11.jar:/home/user/.m2/repository/org/hamcrest/hamcrest-core/1.3/hamcrest-core-1.3.jar:/home/user/.m2/repository/org/openjdk/jmh/jmh-core/1.19/jmh-core-1.19.jar:/home/user/.m2/repository/net/sf/jopt-simple/jopt-simple/4.6/jopt-simple-4.6.jar:/home/user/.m2/repository/org/apache/commons/commons-math3/3.1.1/commons-math3-3.1.1.jar:/home/user/.m2/repository/org/openjdk/jmh/jmh-generator-annprocess/1.19/jmh-generator-annprocess-1.19.jar:/home/user/.m2/repository/org/mockito/mockito-all/1.8.5/mockito-all-1.8.5.jar:/home/user/.m2/repository/org/apache/hadoop/hadoop-kms/3.2.0/hadoop-kms-3.2.0.jar:/home/user/.m2/repository/org/apache/hadoop/hadoop-auth/3.2.0/hadoop-auth-3.2.0.jar:/home/user/.m2/repository/com/nimbusds/nimbus-jose-jwt/4.41.1/nimbus-jose-jwt-4.41.1.jar:/home/user/.m2/repository/com/github/stephenc/jcip/jcip-annotations/1.0-1/jcip-annotations-1.0-1.jar:/home/user/.m2/repository/net/minidev/json-smart/2.3/json-smart-2.3.jar:/home/user/.m2/repository/net/minidev/accessors-smart/1.2/accessors-smart-1.2.jar:/home/user/.m2/repository/org/ow2/asm/asm/5.0.4/asm-5.0.4.jar:/home/user/.m2/repository/org/apache/curator/curator-framework/2.12.0/curator-framework-2.12.0.jar:/home/user/.m2/repository/com/sun/jersey/jersey-core/1.19/jersey-core-1.19.jar:/home/user/.m2/repository/javax/ws/rs/jsr311-api/1.1.1/jsr311-api-1.1.1.jar:/home/user/.m2/repository/com/sun/jersey/jersey-server/1.19/jersey-server-1.19.jar:/home/user/.m2/repository/javax/servlet/javax.servlet-api/3.1.0/javax.servlet-api-3.1.0.jar:/home/user/.m2/repository/org/eclipse/jetty/jetty-server/9.3.25.v20180904/jetty-server-9.3.25.v20180904.jar:/home/user/.m2/repository/org/eclipse/jetty/jetty-http/9.3.25.v20180904/jetty-http-9.3.25.v20180904.jar:/home/user/.m2/repository/org/eclipse/jetty/jetty-io/9.3.25.v20180904/jetty-io-9.3.25.v20180904.jar:/home/user/.m2/repository/org/eclipse/jetty/jetty-webapp/9.3.25.v20180904/jetty-webapp-9.3.25.v20180904.jar:/home/user/.m2/repository/org/eclipse/jetty/jetty-xml/9.3.25.v20180904/jetty-xml-9.3.25.v20180904.jar:/home/user/.m2/repository/log4j/log4j/1.2.17/log4j-1.2.17.jar:/home/user/.m2/repository/org/slf4j/slf4j-api/1.7.25/slf4j-api-1.7.25.jar:/home/user/.m2/repository/org/slf4j/jul-to-slf4j/1.7.25/jul-to-slf4j-1.7.25.jar:/home/user/.m2/repository/org/eclipse/jetty/jetty-util/9.3.25.v20180904/jetty-util-9.3.25.v20180904.jar:/home/user/.m2/repository/com/fasterxml/jackson/core/jackson-databind/2.9.9/jackson-databind-2.9.9.jar:/home/user/.m2/repository/org/apache/hadoop/hadoop-kms/3.2.0/hadoop-kms-3.2.0-tests.jar:/home/user/.m2/repository/org/apache/hadoop/hadoop-hdds-server-scm/0.5.0-SNAPSHOT/hadoop-hdds-server-scm-0.5.0-SNAPSHOT-tests.jar:/home/user/.m2/repository/org/apache/hadoop/hadoop-hdds-container-service/0.5.0-SNAPSHOT/hadoop-hdds-container-service-0.5.0-SNAPSHOT-tests.jar:/home/user/.m2/repository/org/yaml/snakeyaml/1.16/snakeyaml-1.16.jar:/home/user/.m2/repository/org/apache/hadoop/hadoop-common/3.2.0/hadoop-common-3.2.0-tests.jar:/home/user/.m2/repository/org/apache/hadoop/hadoop-annotations/3.2.0/hadoop-annotations-3.2.0.jar:/usr/lib/jvm/java-1.8-openjdk/jre/../lib/tools.jar:/home/user/.m2/repository/commons-cli/commons-cli/1.2/commons-cli-1.2.jar:/home/user/.m2/repository/org/apache/httpcomponents/httpclient/4.5.2/httpclient-4.5.2.jar:/home/user/.m2/repository/org/apache/httpcomponents/httpcore/4.4.4/httpcore-4.4.4.jar:/home/user/.m2/repository/commons-codec/commons-codec/1.11/commons-codec-1.11.jar:/home/user/.m2/repository/commons-net/commons-net/3.6/commons-net-3.6.jar:/home/user/.m2/repository/commons-collections/commons-collections/3.2.2/commons-collections-3.2.2.jar:/home/user/.m2/repository/org/eclipse/jetty/jetty-servlet/9.3.25.v20180904/jetty-servlet-9.3.25.v20180904.jar:/home/user/.m2/repository/org/eclipse/jetty/jetty-security/9.3.25.v20180904/jetty-security-9.3.25.v20180904.jar:/home/user/.m2/repository/javax/servlet/jsp/jsp-api/2.1/jsp-api-2.1.jar:/home/user/.m2/repository/com/sun/jersey/jersey-servlet/1.19/jersey-servlet-1.19.jar:/home/user/.m2/repository/com/sun/jersey/jersey-json/1.19/jersey-json-1.19.jar:/home/user/.m2/repository/org/codehaus/jettison/jettison/1.1/jettison-1.1.jar:/home/user/.m2/repository/org/codehaus/jackson/jackson-core-asl/1.9.13/jackson-core-asl-1.9.13.jar:/home/user/.m2/repository/org/codehaus/jackson/jackson-mapper-asl/1.9.13/jackson-mapper-asl-1.9.13.jar:/home/user/.m2/repository/org/codehaus/jackson/jackson-jaxrs/1.9.13/jackson-jaxrs-1.9.13.jar:/home/user/.m2/repository/org/codehaus/jackson/jackson-xc/1.9.13/jackson-xc-1.9.13.jar:/home/user/.m2/repository/commons-logging/commons-logging/1.1.3/commons-logging-1.1.3.jar:/home/user/.m2/repository/commons-beanutils/commons-beanutils/1.9.4/commons-beanutils-1.9.4.jar:/home/user/.m2/repository/org/apache/commons/commons-configuration2/2.1.1/commons-configuration2-2.1.1.jar:/home/user/.m2/repository/org/apache/commons/commons-lang3/3.7/commons-lang3-3.7.jar:/home/user/.m2/repository/org/apache/commons/commons-text/1.4/commons-text-1.4.jar:/home/user/.m2/repository/org/apache/avro/avro/1.7.7/avro-1.7.7.jar:/home/user/.m2/repository/com/thoughtworks/paranamer/paranamer/2.3/paranamer-2.3.jar:/home/user/.m2/repository/org/xerial/snappy/snappy-java/1.0.5/snappy-java-1.0.5.jar:/home/user/.m2/repository/com/google/re2j/re2j/1.1/re2j-1.1.jar:/home/user/.m2/repository/com/google/code/gson/gson/2.2.4/gson-2.2.4.jar:/home/user/.m2/repository/com/jcraft/jsch/0.1.54/jsch-0.1.54.jar:/home/user/.m2/repository/org/apache/curator/curator-client/2.12.0/curator-client-2.12.0.jar:/home/user/.m2/repository/org/apache/curator/curator-recipes/2.12.0/curator-recipes-2.12.0.jar:/home/user/.m2/repository/com/google/code/findbugs/jsr305/3.0.0/jsr305-3.0.0.jar:/home/user/.m2/repository/org/apache/htrace/htrace-core4/4.1.0-incubating/htrace-core4-4.1.0-incubating.jar:/home/user/.m2/repository/org/apache/zookeeper/zookeeper/3.4.13/zookeeper-3.4.13.jar:/home/user/.m2/repository/jline/jline/0.9.94/jline-0.9.94.jar:/home/user/.m2/repository/org/apache/yetus/audience-annotations/0.5.0/audience-annotations-0.5.0.jar:/home/user/.m2/repository/org/codehaus/woodstox/stax2-api/3.1.4/stax2-api-3.1.4.jar:/home/user/.m2/repository/com/fasterxml/woodstox/woodstox-core/5.0.3/woodstox-core-5.0.3.jar:/home/user/.m2/repository/dnsjava/dnsjava/2.1.7/dnsjava-2.1.7.jar:/home/user/.m2/repository/org/apache/hadoop/hadoop-hdfs/3.2.0/hadoop-hdfs-3.2.0-tests.jar:/home/user/.m2/repository/org/eclipse/jetty/jetty-util-ajax/9.3.25.v20180904/jetty-util-ajax-9.3.25.v20180904.jar:/home/user/.m2/repository/commons-daemon/commons-daemon/1.0.13/commons-daemon-1.0.13.jar:/home/user/.m2/repository/io/netty/netty/3.10.5.Final/netty-3.10.5.Final.jar:/home/user/.m2/repository/io/netty/netty-all/4.0.52.Final/netty-all-4.0.52.Final.jar:/home/user/.m2/repository/org/fusesource/leveldbjni/leveldbjni-all/1.8/leveldbjni-all-1.8.jar:"/>
    <property name="sun.cpu.endian" value="little"/>
    <property name="user.home" value="/home/user"/>
    <property name="user.language" value="en"/>
    <property name="java.specification.vendor" value="Oracle Corporation"/>
    <property name="java.home" value="/usr/lib/jvm/java-1.8-openjdk/jre"/>
    <property name="java.security.krb5.conf" value="/workdir/hadoop-ozone/integration-test/target/test-classes/krb5.conf"/>
    <property name="basedir" value="/workdir/hadoop-ozone/integration-test"/>
    <property name="file.separator" value="/"/>
    <property name="line.separator" value="&#10;"/>
    <property name="java.vm.specification.vendor" value="Oracle Corporation"/>
    <property name="java.specification.name" value="Java Platform API Specification"/>
    <property name="java.awt.graphicsenv" value="sun.awt.X11GraphicsEnvironment"/>
    <property name="surefire.real.class.path" value="/workdir/hadoop-ozone/integration-test/target/surefire/surefirebooter2923781228249803279.jar"/>
    <property name="hadoop.log.dir" value="/workdir/hadoop-ozone/integration-test/target/log"/>
    <property name="sun.boot.class.path" value="/usr/lib/jvm/java-1.8-openjdk/jre/lib/resources.jar:/usr/lib/jvm/java-1.8-openjdk/jre/lib/rt.jar:/usr/lib/jvm/java-1.8-openjdk/jre/lib/sunrsasign.jar:/usr/lib/jvm/java-1.8-openjdk/jre/lib/jsse.jar:/usr/lib/jvm/java-1.8-openjdk/jre/lib/jce.jar:/usr/lib/jvm/java-1.8-openjdk/jre/lib/charsets.jar:/usr/lib/jvm/java-1.8-openjdk/jre/lib/jfr.jar:/usr/lib/jvm/java-1.8-openjdk/jre/classes"/>
    <property name="sun.management.compiler" value="HotSpot 64-Bit Tiered Compilers"/>
    <property name="java.runtime.version" value="1.8.0_212-b04"/>
    <property name="java.net.preferIPv4Stack" value="true"/>
    <property name="user.name" value="jenkins1000"/>
    <property name="path.separator" value=":"/>
    <property name="java.security.egd" value="file:///dev/urandom"/>
    <property name="os.version" value="3.10.0-957.12.2.el7.x86_64"/>
    <property name="java.endorsed.dirs" value="/usr/lib/jvm/java-1.8-openjdk/jre/lib/endorsed"/>
    <property name="java.runtime.name" value="OpenJDK Runtime Environment"/>
    <property name="file.encoding" value="UTF-8"/>
    <property name="java.vm.name" value="OpenJDK 64-Bit Server VM"/>
    <property name="test.build.webapps" value=""/>
    <property name="localRepository" value="/home/user/.m2/repository"/>
    <property name="java.vendor.url.bug" value="https://icedtea.classpath.org/bugzilla"/>
    <property name="java.io.tmpdir" value="/tmp"/>
    <property name="require.test.libhadoop" value=""/>
    <property name="java.version" value="1.8.0_212"/>
    <property name="user.dir" value="/workdir/hadoop-ozone/integration-test"/>
    <property name="os.arch" value="amd64"/>
    <property name="java.vm.specification.name" value="Java Virtual Machine Specification"/>
    <property name="test.build.classes" value="/workdir/hadoop-ozone/integration-test/target/test-classes"/>
    <property name="java.awt.printerjob" value="sun.print.PSPrinterJob"/>
    <property name="sun.os.patch.level" value="unknown"/>
    <property name="hadoop.tmp.dir" value="/workdir/hadoop-ozone/integration-test/target/tmp"/>
    <property name="java.library.path" value="/usr/lib/jvm/java-1.8-openjdk/jre/lib/amd64/server:/usr/lib/jvm/java-1.8-openjdk/jre/lib/amd64:/usr/lib/jvm/java-1.8-openjdk/jre/../lib/amd64:/workdir/hadoop-ozone/integration-test/target/native/target/usr/local/lib:/workdir/hadoop-ozone/integration-test/../../hadoop-common-project/hadoop-common/target/native/target/usr/local/lib:/usr/java/packages/lib/amd64:/usr/lib64:/lib64:/lib:/usr/lib"/>
    <property name="java.vm.info" value="mixed mode"/>
    <property name="java.vendor" value="IcedTea"/>
    <property name="java.vm.version" value="25.212-b04"/>
    <property name="java.ext.dirs" value="/usr/lib/jvm/java-1.8-openjdk/jre/lib/ext:/usr/java/packages/lib/ext"/>
    <property name="sun.io.unicode.encoding" value="UnicodeLittle"/>
    <property name="java.class.version" value="52.0"/>
  </properties>
  <testcase name="test2DatanodesFailure" classname="org.apache.hadoop.ozone.client.rpc.TestBlockOutputStreamWithFailures" time="42.73"/>
  <testcase name="testDatanodeFailureWithPreAllocation" classname="org.apache.hadoop.ozone.client.rpc.TestBlockOutputStreamWithFailures" time="224.674"/>
  <testcase name="testDatanodeFailureWithSingleNodeRatis" classname="org.apache.hadoop.ozone.client.rpc.TestBlockOutputStreamWithFailures" time="221.302"/>
  <testcase name="testWatchForCommitWithSingleNodeRatis" classname="org.apache.hadoop.ozone.client.rpc.TestBlockOutputStreamWithFailures" time="34.902"/>
  <testcase name="testWatchForCommitDatanodeFailure" classname="org.apache.hadoop.ozone.client.rpc.TestBlockOutputStreamWithFailures" time="42.156">
    <failure message="expected:&lt;2&gt; but was:&lt;3&gt;" type="java.lang.AssertionError"><![CDATA[java.lang.AssertionError: expected:<2> but was:<3>
	at org.junit.Assert.fail(Assert.java:88)
	at org.junit.Assert.failNotEquals(Assert.java:743)
	at org.junit.Assert.assertEquals(Assert.java:118)
	at org.junit.Assert.assertEquals(Assert.java:555)
	at org.junit.Assert.assertEquals(Assert.java:542)
	at org.apache.hadoop.ozone.client.rpc.TestBlockOutputStreamWithFailures.testWatchForCommitDatanodeFailure(TestBlockOutputStreamWithFailures.java:366)
	at sun.reflect.NativeMethodAccessorImpl.invoke0(Native Method)
	at sun.reflect.NativeMethodAccessorImpl.invoke(NativeMethodAccessorImpl.java:62)
	at sun.reflect.DelegatingMethodAccessorImpl.invoke(DelegatingMethodAccessorImpl.java:43)
	at java.lang.reflect.Method.invoke(Method.java:498)
	at org.junit.runners.model.FrameworkMethod$1.runReflectiveCall(FrameworkMethod.java:47)
	at org.junit.internal.runners.model.ReflectiveCallable.run(ReflectiveCallable.java:12)
	at org.junit.runners.model.FrameworkMethod.invokeExplosively(FrameworkMethod.java:44)
	at org.junit.internal.runners.statements.InvokeMethod.evaluate(InvokeMethod.java:17)
	at org.junit.internal.runners.statements.RunBefores.evaluate(RunBefores.java:26)
	at org.junit.internal.runners.statements.RunAfters.evaluate(RunAfters.java:27)
	at org.junit.runners.ParentRunner.runLeaf(ParentRunner.java:271)
	at org.junit.runners.BlockJUnit4ClassRunner.runChild(BlockJUnit4ClassRunner.java:70)
	at org.junit.runners.BlockJUnit4ClassRunner.runChild(BlockJUnit4ClassRunner.java:50)
	at org.junit.runners.ParentRunner$3.run(ParentRunner.java:238)
	at org.junit.runners.ParentRunner$1.schedule(ParentRunner.java:63)
	at org.junit.runners.ParentRunner.runChildren(ParentRunner.java:236)
	at org.junit.runners.ParentRunner.access$000(ParentRunner.java:53)
	at org.junit.runners.ParentRunner$2.evaluate(ParentRunner.java:229)
	at org.junit.runners.ParentRunner.run(ParentRunner.java:309)
	at org.apache.maven.surefire.junit4.JUnit4Provider.execute(JUnit4Provider.java:365)
	at org.apache.maven.surefire.junit4.JUnit4Provider.executeWithRerun(JUnit4Provider.java:273)
	at org.apache.maven.surefire.junit4.JUnit4Provider.executeTestSet(JUnit4Provider.java:238)
	at org.apache.maven.surefire.junit4.JUnit4Provider.invoke(JUnit4Provider.java:159)
	at org.apache.maven.surefire.booter.ForkedBooter.invokeProviderInSameClassLoader(ForkedBooter.java:384)
	at org.apache.maven.surefire.booter.ForkedBooter.runSuitesInProcess(ForkedBooter.java:345)
	at org.apache.maven.surefire.booter.ForkedBooter.execute(ForkedBooter.java:126)
	at org.apache.maven.surefire.booter.ForkedBooter.main(ForkedBooter.java:418)
]]></failure>
    <system-out><![CDATA[2019-09-24 21:32:23,058 [main] WARN  server.ServerUtils (ServerUtils.java:getScmDbDir(145)) - ozone.scm.db.dirs is not configured. We recommend adding this setting. Falling back to ozone.metadata.dirs instead.
2019-09-24 21:32:23,077 [main] WARN  server.ServerUtils (ServerUtils.java:getScmDbDir(145)) - ozone.scm.db.dirs is not configured. We recommend adding this setting. Falling back to ozone.metadata.dirs instead.
2019-09-24 21:32:23,078 [main] WARN  server.ServerUtils (ServerUtils.java:getScmDbDir(145)) - ozone.scm.db.dirs is not configured. We recommend adding this setting. Falling back to ozone.metadata.dirs instead.
2019-09-24 21:32:23,078 [main] INFO  db.DBStoreBuilder (DBStoreBuilder.java:addTable(110)) - using custom profile for table: deletedBlocks
2019-09-24 21:32:23,078 [main] INFO  db.DBStoreBuilder (DBStoreBuilder.java:processTables(161)) - Using default column profile:DBProfile.DISK for Table:deletedBlocks
2019-09-24 21:32:23,079 [main] INFO  db.DBStoreBuilder (DBStoreBuilder.java:addTable(110)) - using custom profile for table: validCerts
2019-09-24 21:32:23,079 [main] INFO  db.DBStoreBuilder (DBStoreBuilder.java:processTables(161)) - Using default column profile:DBProfile.DISK for Table:validCerts
2019-09-24 21:32:23,079 [main] INFO  db.DBStoreBuilder (DBStoreBuilder.java:addTable(110)) - using custom profile for table: revokedCerts
2019-09-24 21:32:23,079 [main] INFO  db.DBStoreBuilder (DBStoreBuilder.java:processTables(161)) - Using default column profile:DBProfile.DISK for Table:revokedCerts
2019-09-24 21:32:23,079 [main] INFO  db.DBStoreBuilder (DBStoreBuilder.java:addTable(110)) - using custom profile for table: default
2019-09-24 21:32:23,080 [main] INFO  db.DBStoreBuilder (DBStoreBuilder.java:processTables(167)) - Using default column profile:DBProfile.DISK for Table:default
2019-09-24 21:32:23,080 [main] INFO  db.DBStoreBuilder (DBStoreBuilder.java:getDbProfile(198)) - Using default options. DBProfile.DISK
2019-09-24 21:32:23,226 [main] INFO  net.NodeSchemaLoader (NodeSchemaLoader.java:loadSchemaFromFile(125)) - Loading file from sun.misc.CompoundEnumeration@5c3d4f05
2019-09-24 21:32:23,226 [main] INFO  net.NodeSchemaLoader (NodeSchemaLoader.java:loadSchema(171)) - Loading network topology layer schema file
2019-09-24 21:32:23,233 [main] INFO  node.SCMNodeManager (SCMNodeManager.java:<init>(114)) - Entering startup safe mode.
2019-09-24 21:32:23,234 [main] INFO  algorithms.ContainerPlacementPolicyFactory (ContainerPlacementPolicyFactory.java:getPolicy(57)) - Create container placement policy of type org.apache.hadoop.hdds.scm.container.placement.algorithms.SCMContainerPlacementRandom
2019-09-24 21:32:23,234 [main] WARN  server.ServerUtils (ServerUtils.java:getScmDbDir(145)) - ozone.scm.db.dirs is not configured. We recommend adding this setting. Falling back to ozone.metadata.dirs instead.
2019-09-24 21:32:23,286 [main] INFO  pipeline.SCMPipelineManager (SCMPipelineManager.java:initializePipelineState(132)) - No pipeline exists in current db
2019-09-24 21:32:23,287 [main] WARN  server.ServerUtils (ServerUtils.java:getScmDbDir(145)) - ozone.scm.db.dirs is not configured. We recommend adding this setting. Falling back to ozone.metadata.dirs instead.
2019-09-24 21:32:23,389 [main] WARN  events.EventQueue (EventQueue.java:fireEvent(183)) - No event handler registered for event TypedEvent{payloadType=SafeModeStatus, name='SafeModeStatus'}
2019-09-24 21:32:23,390 [main] INFO  ipc.CallQueueManager (CallQueueManager.java:<init>(84)) - Using callQueue: class java.util.concurrent.LinkedBlockingQueue, queueCapacity: 2000, scheduler: class org.apache.hadoop.ipc.DefaultRpcScheduler, ipcBackoff: false.
2019-09-24 21:32:23,391 [Socket Reader #1 for port 41909] INFO  ipc.Server (Server.java:run(1074)) - Starting Socket Reader #1 for port 41909
2019-09-24 21:32:23,393 [main] INFO  ipc.CallQueueManager (CallQueueManager.java:<init>(84)) - Using callQueue: class java.util.concurrent.LinkedBlockingQueue, queueCapacity: 2000, scheduler: class org.apache.hadoop.ipc.DefaultRpcScheduler, ipcBackoff: false.
2019-09-24 21:32:23,393 [Socket Reader #1 for port 42134] INFO  ipc.Server (Server.java:run(1074)) - Starting Socket Reader #1 for port 42134
2019-09-24 21:32:23,397 [main] INFO  ipc.CallQueueManager (CallQueueManager.java:<init>(84)) - Using callQueue: class java.util.concurrent.LinkedBlockingQueue, queueCapacity: 2000, scheduler: class org.apache.hadoop.ipc.DefaultRpcScheduler, ipcBackoff: false.
2019-09-24 21:32:23,397 [Socket Reader #1 for port 33529] INFO  ipc.Server (Server.java:run(1074)) - Starting Socket Reader #1 for port 33529
2019-09-24 21:32:23,399 [main] INFO  hdfs.DFSUtil (DFSUtil.java:httpServerTemplateForNNAndJN(1641)) - Starting Web-server for scm at: http://0.0.0.0:0
2019-09-24 21:32:23,401 [main] INFO  server.AuthenticationFilter (AuthenticationFilter.java:constructSecretProvider(240)) - Unable to initialize FileSignerSecretProvider, falling back to use random secrets.
2019-09-24 21:32:23,402 [main] WARN  http.HttpRequestLog (HttpRequestLog.java:getRequestLog(97)) - Jetty request log can only be enabled using Log4j
2019-09-24 21:32:23,403 [main] INFO  http.HttpServer2 (HttpServer2.java:addGlobalFilter(975)) - Added global filter 'safety' (class=org.apache.hadoop.http.HttpServer2$QuotingInputFilter)
2019-09-24 21:32:23,404 [main] INFO  http.HttpServer2 (HttpServer2.java:addFilter(948)) - Added filter static_user_filter (class=org.apache.hadoop.http.lib.StaticUserWebFilter$StaticUserFilter) to context scm
2019-09-24 21:32:23,404 [main] INFO  http.HttpServer2 (HttpServer2.java:addFilter(958)) - Added filter static_user_filter (class=org.apache.hadoop.http.lib.StaticUserWebFilter$StaticUserFilter) to context logs
2019-09-24 21:32:23,404 [main] INFO  http.HttpServer2 (HttpServer2.java:addFilter(958)) - Added filter static_user_filter (class=org.apache.hadoop.http.lib.StaticUserWebFilter$StaticUserFilter) to context static
2019-09-24 21:32:23,405 [main] INFO  server.StorageContainerManager (StorageContainerManager.java:start(770)) - StorageContainerLocationProtocol RPC server is listening at /0.0.0.0:33529
2019-09-24 21:32:23,407 [main] WARN  impl.MetricsConfig (MetricsConfig.java:loadFirst(134)) - Cannot locate configuration: tried hadoop-metrics2-storagecontainermanager.properties,hadoop-metrics2.properties
2019-09-24 21:32:23,408 [main] INFO  impl.MetricsSystemImpl (MetricsSystemImpl.java:startTimer(374)) - Scheduled Metric snapshot period at 10 second(s).
2019-09-24 21:32:23,408 [main] INFO  impl.MetricsSystemImpl (MetricsSystemImpl.java:start(191)) - StorageContainerManager metrics system started
2019-09-24 21:32:23,449 [main] WARN  impl.MetricsSystemImpl (MetricsSystemImpl.java:register(276)) - Sink prometheus already exists!
2019-09-24 21:32:23,504 [main] INFO  server.SCMClientProtocolServer (SCMClientProtocolServer.java:start(151)) - RPC server for Client  is listening at /0.0.0.0:33529
2019-09-24 21:32:23,505 [IPC Server Responder] INFO  ipc.Server (Server.java:run(1314)) - IPC Server Responder: starting
2019-09-24 21:32:23,505 [IPC Server listener on 33529] INFO  ipc.Server (Server.java:run(1153)) - IPC Server listener on 33529: starting
2019-09-24 21:32:23,510 [main] INFO  server.StorageContainerManager (StorageContainerManager.java:start(780)) - ScmBlockLocationProtocol RPC server is listening at /0.0.0.0:42134
2019-09-24 21:32:23,510 [main] INFO  server.SCMBlockProtocolServer (SCMBlockProtocolServer.java:start(146)) - RPC server for Block Protocol is listening at /0.0.0.0:42134
2019-09-24 21:32:23,511 [IPC Server Responder] INFO  ipc.Server (Server.java:run(1314)) - IPC Server Responder: starting
2019-09-24 21:32:23,511 [IPC Server listener on 42134] INFO  ipc.Server (Server.java:run(1153)) - IPC Server listener on 42134: starting
2019-09-24 21:32:23,513 [main] INFO  server.StorageContainerManager (StorageContainerManager.java:start(784)) - ScmDatanodeProtocl RPC server is listening at /0.0.0.0:41909
2019-09-24 21:32:23,513 [main] INFO  server.SCMDatanodeProtocolServer (SCMDatanodeProtocolServer.java:start(191)) - RPC server for DataNodes is listening at /0.0.0.0:41909
2019-09-24 21:32:23,513 [IPC Server Responder] INFO  ipc.Server (Server.java:run(1314)) - IPC Server Responder: starting
2019-09-24 21:32:23,513 [IPC Server listener on 41909] INFO  ipc.Server (Server.java:run(1153)) - IPC Server listener on 41909: starting
2019-09-24 21:32:23,516 [main] INFO  http.HttpServer2 (HttpServer2.java:bindListener(1191)) - Jetty bound to port 33588
2019-09-24 21:32:23,516 [main] INFO  server.Server (Server.java:doStart(351)) - jetty-9.3.25.v20180904, build timestamp: 2018-09-04T21:11:46Z, git hash: 3ce520221d0240229c862b122d2b06c12a625732
2019-09-24 21:32:23,518 [main] INFO  handler.ContextHandler (ContextHandler.java:doStart(781)) - Started o.e.j.s.ServletContextHandler@34a20f16{/logs,file:///workdir/hadoop-ozone/integration-test/target/log,AVAILABLE}
2019-09-24 21:32:23,519 [main] INFO  handler.ContextHandler (ContextHandler.java:doStart(781)) - Started o.e.j.s.ServletContextHandler@1a1c21b4{/static,file:///workdir/hadoop-ozone/integration-test/target/test-classes/webapps/static,AVAILABLE}
2019-09-24 21:32:23,522 [main] INFO  handler.ContextHandler (ContextHandler.java:doStart(781)) - Started o.e.j.w.WebAppContext@63e5b8aa{/,file:///workdir/hadoop-ozone/integration-test/target/test-classes/webapps/scm/,AVAILABLE}{/scm}
2019-09-24 21:32:23,522 [main] INFO  server.AbstractConnector (AbstractConnector.java:doStart(278)) - Started ServerConnector@2c9306d3{HTTP/1.1,[http/1.1]}{0.0.0.0:33588}
2019-09-24 21:32:23,523 [main] INFO  server.Server (Server.java:doStart(419)) - Started @524594ms
2019-09-24 21:32:23,524 [main] WARN  impl.MetricsSystemImpl (MetricsSystemImpl.java:register(276)) - Sink prometheus already exists!
2019-09-24 21:32:23,524 [main] INFO  server.BaseHttpServer (BaseHttpServer.java:updateConnectorAddress(215)) - HTTP server of SCM is listening at http://0.0.0.0:33588
2019-09-24 21:32:23,526 [main] WARN  server.ServerUtils (ServerUtils.java:getDBPath(222)) - ozone.om.db.dirs is not configured. We recommend adding this setting. Falling back to ozone.metadata.dirs instead.
2019-09-24 21:32:23,526 [org.apache.hadoop.util.JvmPauseMonitor$Monitor@2dfa02c1] INFO  util.JvmPauseMonitor (JvmPauseMonitor.java:run(188)) - Starting JVM pause monitor
2019-09-24 21:32:23,561 [main] WARN  server.ServerUtils (ServerUtils.java:getDBPath(222)) - ozone.om.db.dirs is not configured. We recommend adding this setting. Falling back to ozone.metadata.dirs instead.
2019-09-24 21:32:23,561 [main] WARN  server.ServerUtils (ServerUtils.java:getDBPath(222)) - ozone.om.db.dirs is not configured. We recommend adding this setting. Falling back to ozone.metadata.dirs instead.
2019-09-24 21:32:23,562 [main] INFO  om.OzoneManager (OzoneManager.java:setOMNodeDetails(652)) - OM Service ID is not set. Setting it to the default ID: omServiceIdDefault
2019-09-24 21:32:23,562 [main] INFO  om.OzoneManager (OzoneManager.java:setOMNodeDetails(658)) - OM Node ID is not set. Setting it to the OmStorage's OmID: ca96819a-96c3-459c-9da3-1042220ea5b6
2019-09-24 21:32:23,563 [main] INFO  om.OzoneManager (OzoneManager.java:loadOMHAConfigs(609)) - Found matching OM address with OMServiceId: null, OMNodeId: null, RPC Address: localhost:0 and Ratis port: 9872
2019-09-24 21:32:23,570 [main] WARN  server.ServerUtils (ServerUtils.java:getDBPath(222)) - ozone.om.db.dirs is not configured. We recommend adding this setting. Falling back to ozone.metadata.dirs instead.
2019-09-24 21:32:23,571 [main] INFO  db.DBStoreBuilder (DBStoreBuilder.java:addTable(110)) - using custom profile for table: userTable
2019-09-24 21:32:23,571 [main] INFO  db.DBStoreBuilder (DBStoreBuilder.java:processTables(161)) - Using default column profile:DBProfile.DISK for Table:userTable
2019-09-24 21:32:23,571 [main] INFO  db.DBStoreBuilder (DBStoreBuilder.java:addTable(110)) - using custom profile for table: volumeTable
2019-09-24 21:32:23,572 [main] INFO  db.DBStoreBuilder (DBStoreBuilder.java:processTables(161)) - Using default column profile:DBProfile.DISK for Table:volumeTable
2019-09-24 21:32:23,572 [main] INFO  db.DBStoreBuilder (DBStoreBuilder.java:addTable(110)) - using custom profile for table: bucketTable
2019-09-24 21:32:23,572 [main] INFO  db.DBStoreBuilder (DBStoreBuilder.java:processTables(161)) - Using default column profile:DBProfile.DISK for Table:bucketTable
2019-09-24 21:32:23,572 [main] INFO  db.DBStoreBuilder (DBStoreBuilder.java:addTable(110)) - using custom profile for table: keyTable
2019-09-24 21:32:23,573 [main] INFO  db.DBStoreBuilder (DBStoreBuilder.java:processTables(161)) - Using default column profile:DBProfile.DISK for Table:keyTable
2019-09-24 21:32:23,573 [main] INFO  db.DBStoreBuilder (DBStoreBuilder.java:addTable(110)) - using custom profile for table: deletedTable
2019-09-24 21:32:23,573 [main] INFO  db.DBStoreBuilder (DBStoreBuilder.java:processTables(161)) - Using default column profile:DBProfile.DISK for Table:deletedTable
2019-09-24 21:32:23,574 [main] INFO  db.DBStoreBuilder (DBStoreBuilder.java:addTable(110)) - using custom profile for table: openKeyTable
2019-09-24 21:32:23,574 [main] INFO  db.DBStoreBuilder (DBStoreBuilder.java:processTables(161)) - Using default column profile:DBProfile.DISK for Table:openKeyTable
2019-09-24 21:32:23,574 [main] INFO  db.DBStoreBuilder (DBStoreBuilder.java:addTable(110)) - using custom profile for table: s3Table
2019-09-24 21:32:23,574 [main] INFO  db.DBStoreBuilder (DBStoreBuilder.java:processTables(161)) - Using default column profile:DBProfile.DISK for Table:s3Table
2019-09-24 21:32:23,575 [main] INFO  db.DBStoreBuilder (DBStoreBuilder.java:addTable(110)) - using custom profile for table: multipartInfoTable
2019-09-24 21:32:23,575 [main] INFO  db.DBStoreBuilder (DBStoreBuilder.java:processTables(161)) - Using default column profile:DBProfile.DISK for Table:multipartInfoTable
2019-09-24 21:32:23,575 [main] INFO  db.DBStoreBuilder (DBStoreBuilder.java:addTable(110)) - using custom profile for table: dTokenTable
2019-09-24 21:32:23,575 [main] INFO  db.DBStoreBuilder (DBStoreBuilder.java:processTables(161)) - Using default column profile:DBProfile.DISK for Table:dTokenTable
2019-09-24 21:32:23,576 [main] INFO  db.DBStoreBuilder (DBStoreBuilder.java:addTable(110)) - using custom profile for table: s3SecretTable
2019-09-24 21:32:23,576 [main] INFO  db.DBStoreBuilder (DBStoreBuilder.java:processTables(161)) - Using default column profile:DBProfile.DISK for Table:s3SecretTable
2019-09-24 21:32:23,576 [main] INFO  db.DBStoreBuilder (DBStoreBuilder.java:addTable(110)) - using custom profile for table: prefixTable
2019-09-24 21:32:23,576 [main] INFO  db.DBStoreBuilder (DBStoreBuilder.java:processTables(161)) - Using default column profile:DBProfile.DISK for Table:prefixTable
2019-09-24 21:32:23,577 [main] INFO  db.DBStoreBuilder (DBStoreBuilder.java:addTable(110)) - using custom profile for table: default
2019-09-24 21:32:23,577 [main] INFO  db.DBStoreBuilder (DBStoreBuilder.java:processTables(167)) - Using default column profile:DBProfile.DISK for Table:default
2019-09-24 21:32:23,577 [main] INFO  db.DBStoreBuilder (DBStoreBuilder.java:getDbProfile(198)) - Using default options. DBProfile.DISK
2019-09-24 21:32:24,153 [main] INFO  ipc.CallQueueManager (CallQueueManager.java:<init>(84)) - Using callQueue: class java.util.concurrent.LinkedBlockingQueue, queueCapacity: 2000, scheduler: class org.apache.hadoop.ipc.DefaultRpcScheduler, ipcBackoff: false.
2019-09-24 21:32:24,153 [Socket Reader #1 for port 38389] INFO  ipc.Server (Server.java:run(1074)) - Starting Socket Reader #1 for port 38389
2019-09-24 21:32:24,167 [main] INFO  om.OzoneManager (OzoneManager.java:start(1243)) - OzoneManager RPC server is listening at localhost/127.0.0.1:38389
2019-09-24 21:32:24,167 [main] INFO  impl.MetricsSystemImpl (MetricsSystemImpl.java:init(158)) - OzoneManager metrics system started (again)
2019-09-24 21:32:24,168 [IPC Server Responder] INFO  ipc.Server (Server.java:run(1314)) - IPC Server Responder: starting
2019-09-24 21:32:24,168 [IPC Server listener on 38389] INFO  ipc.Server (Server.java:run(1153)) - IPC Server listener on 38389: starting
2019-09-24 21:32:24,174 [main] INFO  hdfs.DFSUtil (DFSUtil.java:httpServerTemplateForNNAndJN(1641)) - Starting Web-server for ozoneManager at: http://0.0.0.0:0
2019-09-24 21:32:24,175 [main] INFO  server.AuthenticationFilter (AuthenticationFilter.java:constructSecretProvider(240)) - Unable to initialize FileSignerSecretProvider, falling back to use random secrets.
2019-09-24 21:32:24,176 [main] WARN  http.HttpRequestLog (HttpRequestLog.java:getRequestLog(97)) - Jetty request log can only be enabled using Log4j
2019-09-24 21:32:24,177 [main] INFO  http.HttpServer2 (HttpServer2.java:addGlobalFilter(975)) - Added global filter 'safety' (class=org.apache.hadoop.http.HttpServer2$QuotingInputFilter)
2019-09-24 21:32:24,177 [main] INFO  http.HttpServer2 (HttpServer2.java:addFilter(948)) - Added filter static_user_filter (class=org.apache.hadoop.http.lib.StaticUserWebFilter$StaticUserFilter) to context ozoneManager
2019-09-24 21:32:24,177 [main] INFO  http.HttpServer2 (HttpServer2.java:addFilter(958)) - Added filter static_user_filter (class=org.apache.hadoop.http.lib.StaticUserWebFilter$StaticUserFilter) to context static
2019-09-24 21:32:24,178 [main] INFO  http.HttpServer2 (HttpServer2.java:addFilter(958)) - Added filter static_user_filter (class=org.apache.hadoop.http.lib.StaticUserWebFilter$StaticUserFilter) to context logs
2019-09-24 21:32:24,178 [main] INFO  http.HttpServer2 (HttpServer2.java:bindListener(1191)) - Jetty bound to port 35843
2019-09-24 21:32:24,178 [main] INFO  server.Server (Server.java:doStart(351)) - jetty-9.3.25.v20180904, build timestamp: 2018-09-04T21:11:46Z, git hash: 3ce520221d0240229c862b122d2b06c12a625732
2019-09-24 21:32:24,179 [main] INFO  handler.ContextHandler (ContextHandler.java:doStart(781)) - Started o.e.j.s.ServletContextHandler@787988f4{/logs,file:///workdir/hadoop-ozone/integration-test/target/log,AVAILABLE}
2019-09-24 21:32:24,180 [main] INFO  handler.ContextHandler (ContextHandler.java:doStart(781)) - Started o.e.j.s.ServletContextHandler@4f235107{/static,file:///workdir/hadoop-ozone/integration-test/target/test-classes/webapps/static,AVAILABLE}
2019-09-24 21:32:24,183 [main] INFO  handler.ContextHandler (ContextHandler.java:doStart(781)) - Started o.e.j.w.WebAppContext@5a7b309b{/,file:///workdir/hadoop-ozone/integration-test/target/test-classes/webapps/ozoneManager/,AVAILABLE}{/ozoneManager}
2019-09-24 21:32:24,183 [main] INFO  server.AbstractConnector (AbstractConnector.java:doStart(278)) - Started ServerConnector@4602f874{HTTP/1.1,[http/1.1]}{0.0.0.0:35843}
2019-09-24 21:32:24,185 [main] INFO  server.Server (Server.java:doStart(419)) - Started @525255ms
2019-09-24 21:32:24,185 [main] WARN  impl.MetricsSystemImpl (MetricsSystemImpl.java:register(276)) - Sink prometheus already exists!
2019-09-24 21:32:24,186 [main] INFO  server.BaseHttpServer (BaseHttpServer.java:updateConnectorAddress(215)) - HTTP server of OZONEMANAGER is listening at http://0.0.0.0:35843
2019-09-24 21:32:24,200 [main] INFO  impl.MetricsSystemImpl (MetricsSystemImpl.java:init(158)) - HddsDatanode metrics system started (again)
2019-09-24 21:32:24,203 [main] INFO  ozone.HddsDatanodeService (HddsDatanodeService.java:start(184)) - HddsDatanodeService host:pr-hdds-2149-mjjcq-3576968246 ip:192.168.151.77
2019-09-24 21:32:24,208 [main] INFO  volume.HddsVolume (HddsVolume.java:<init>(176)) - Creating Volume: /workdir/hadoop-ozone/integration-test/target/test-dir/MiniOzoneClusterImpl-e0eb44de-bd0e-4674-8e7b-4e6e9938c619/datanode-0/data/containers/hdds of  storage type : DISK and capacity : 1482555576320
2019-09-24 21:32:24,208 [main] INFO  volume.VolumeSet (VolumeSet.java:initializeVolumeSet(170)) - Added Volume : /workdir/hadoop-ozone/integration-test/target/test-dir/MiniOzoneClusterImpl-e0eb44de-bd0e-4674-8e7b-4e6e9938c619/datanode-0/data/containers/hdds to VolumeSet
2019-09-24 21:32:24,208 [main] INFO  volume.ThrottledAsyncChecker (ThrottledAsyncChecker.java:schedule(139)) - Scheduling a check for org.apache.hadoop.ozone.container.common.volume.HddsVolume@7a66c35a
2019-09-24 21:32:24,210 [main] INFO  volume.HddsVolumeChecker (HddsVolumeChecker.java:checkAllVolumes(202)) - Scheduled health check for volume org.apache.hadoop.ozone.container.common.volume.HddsVolume@7a66c35a
2019-09-24 21:32:24,225 [main] INFO  impl.RaftServerProxy (ConfUtils.java:logGet(43)) - raft.rpc.type = GRPC (default)
2019-09-24 21:32:24,225 [main] INFO  grpc.GrpcFactory (GrpcFactory.java:checkPooledByteBufAllocatorUseCacheForAllThreads(45)) - PERFORMANCE WARNING: useCacheForAllThreads is true that may cause Netty to create a lot garbage objects and, as a result, trigger GC.
	It is recommended to disable useCacheForAllThreads by setting -Dorg.apache.ratis.thirdparty.io.netty.allocator.useCacheForAllThreads=false in command line.
2019-09-24 21:32:24,225 [main] INFO  grpc.GrpcConfigKeys$Server (ConfUtils.java:logGet(43)) - raft.grpc.server.port = 0 (default)
2019-09-24 21:32:24,226 [main] INFO  server.GrpcService (ConfUtils.java:logGet(43)) - raft.grpc.message.size.max = 33570816 (custom)
2019-09-24 21:32:24,226 [main] INFO  server.RaftServerConfigKeys (ConfUtils.java:logGet(43)) - raft.server.log.appender.buffer.byte-limit = 33554432 (custom)
2019-09-24 21:32:24,226 [main] INFO  server.GrpcService (ConfUtils.java:logGet(43)) - raft.grpc.flow.control.window = 1MB (=1048576) (default)
2019-09-24 21:32:24,226 [main] INFO  server.RaftServerConfigKeys (ConfUtils.java:logGet(43)) - raft.server.rpc.request.timeout = 3000ms (default)
2019-09-24 21:32:24,227 [main] INFO  server.RaftServerConfigKeys (ConfUtils.java:logGet(43)) - raft.server.storage.dir = [/workdir/hadoop-ozone/integration-test/target/test-dir/MiniOzoneClusterImpl-e0eb44de-bd0e-4674-8e7b-4e6e9938c619/datanode-0/data/ratis] (custom)
2019-09-24 21:32:24,229 [main] INFO  hdfs.DFSUtil (DFSUtil.java:httpServerTemplateForNNAndJN(1641)) - Starting Web-server for hddsDatanode at: http://0.0.0.0:0
2019-09-24 21:32:24,230 [main] INFO  server.AuthenticationFilter (AuthenticationFilter.java:constructSecretProvider(240)) - Unable to initialize FileSignerSecretProvider, falling back to use random secrets.
2019-09-24 21:32:24,230 [main] WARN  http.HttpRequestLog (HttpRequestLog.java:getRequestLog(97)) - Jetty request log can only be enabled using Log4j
2019-09-24 21:32:24,231 [main] INFO  http.HttpServer2 (HttpServer2.java:addGlobalFilter(975)) - Added global filter 'safety' (class=org.apache.hadoop.http.HttpServer2$QuotingInputFilter)
2019-09-24 21:32:24,232 [main] INFO  http.HttpServer2 (HttpServer2.java:addFilter(948)) - Added filter static_user_filter (class=org.apache.hadoop.http.lib.StaticUserWebFilter$StaticUserFilter) to context hddsDatanode
2019-09-24 21:32:24,232 [main] INFO  http.HttpServer2 (HttpServer2.java:addFilter(958)) - Added filter static_user_filter (class=org.apache.hadoop.http.lib.StaticUserWebFilter$StaticUserFilter) to context logs
2019-09-24 21:32:24,232 [main] INFO  http.HttpServer2 (HttpServer2.java:addFilter(958)) - Added filter static_user_filter (class=org.apache.hadoop.http.lib.StaticUserWebFilter$StaticUserFilter) to context static
2019-09-24 21:32:24,233 [main] INFO  http.HttpServer2 (HttpServer2.java:bindListener(1191)) - Jetty bound to port 42918
2019-09-24 21:32:24,233 [main] INFO  server.Server (Server.java:doStart(351)) - jetty-9.3.25.v20180904, build timestamp: 2018-09-04T21:11:46Z, git hash: 3ce520221d0240229c862b122d2b06c12a625732
2019-09-24 21:32:24,234 [main] INFO  handler.ContextHandler (ContextHandler.java:doStart(781)) - Started o.e.j.s.ServletContextHandler@62f9c790{/logs,file:///workdir/hadoop-ozone/integration-test/target/log,AVAILABLE}
2019-09-24 21:32:24,235 [main] INFO  handler.ContextHandler (ContextHandler.java:doStart(781)) - Started o.e.j.s.ServletContextHandler@93bf0e0{/static,jar:file:/home/user/.m2/repository/org/apache/hadoop/hadoop-hdds-container-service/0.5.0-SNAPSHOT/hadoop-hdds-container-service-0.5.0-SNAPSHOT.jar!/webapps/static,AVAILABLE}
2019-09-24 21:32:24,265 [main] INFO  handler.ContextHandler (ContextHandler.java:doStart(781)) - Started o.e.j.w.WebAppContext@71d55b7e{/,file:///tmp/jetty-0.0.0.0-42918-hddsDatanode-_-any-6204656099965584182.dir/webapp/,AVAILABLE}{/hddsDatanode}
2019-09-24 21:32:24,266 [main] INFO  server.AbstractConnector (AbstractConnector.java:doStart(278)) - Started ServerConnector@2997ddfc{HTTP/1.1,[http/1.1]}{0.0.0.0:42918}
2019-09-24 21:32:24,267 [main] INFO  server.Server (Server.java:doStart(419)) - Started @525338ms
2019-09-24 21:32:24,267 [main] WARN  impl.MetricsSystemImpl (MetricsSystemImpl.java:register(276)) - Sink prometheus already exists!
2019-09-24 21:32:24,268 [main] INFO  server.BaseHttpServer (BaseHttpServer.java:updateConnectorAddress(215)) - HTTP server of HDDSDATANODE is listening at http://0.0.0.0:42918
2019-09-24 21:32:24,269 [main] INFO  impl.MetricsSystemImpl (MetricsSystemImpl.java:init(158)) - HddsDatanode metrics system started (again)
2019-09-24 21:32:24,271 [org.apache.hadoop.util.JvmPauseMonitor$Monitor@724cac84] INFO  util.JvmPauseMonitor (JvmPauseMonitor.java:run(188)) - Starting JVM pause monitor
2019-09-24 21:32:24,272 [main] INFO  ozone.HddsDatanodeService (HddsDatanodeService.java:start(184)) - HddsDatanodeService host:pr-hdds-2149-mjjcq-3576968246 ip:192.168.151.77
2019-09-24 21:32:24,274 [Datanode State Machine Thread - 0] INFO  datanode.InitDatanodeState (InitDatanodeState.java:persistContainerDatanodeDetails(140)) - DatanodeDetails is persisted to /workdir/hadoop-ozone/integration-test/target/test-dir/MiniOzoneClusterImpl-e0eb44de-bd0e-4674-8e7b-4e6e9938c619/datanode-0/meta/datanode.id
2019-09-24 21:32:24,277 [main] INFO  volume.HddsVolume (HddsVolume.java:<init>(176)) - Creating Volume: /workdir/hadoop-ozone/integration-test/target/test-dir/MiniOzoneClusterImpl-e0eb44de-bd0e-4674-8e7b-4e6e9938c619/datanode-1/data/containers/hdds of  storage type : DISK and capacity : 1482555576320
2019-09-24 21:32:24,277 [main] INFO  volume.VolumeSet (VolumeSet.java:initializeVolumeSet(170)) - Added Volume : /workdir/hadoop-ozone/integration-test/target/test-dir/MiniOzoneClusterImpl-e0eb44de-bd0e-4674-8e7b-4e6e9938c619/datanode-1/data/containers/hdds to VolumeSet
2019-09-24 21:32:24,278 [main] INFO  volume.ThrottledAsyncChecker (ThrottledAsyncChecker.java:schedule(139)) - Scheduling a check for org.apache.hadoop.ozone.container.common.volume.HddsVolume@4cc12db2
2019-09-24 21:32:24,279 [main] INFO  volume.HddsVolumeChecker (HddsVolumeChecker.java:checkAllVolumes(202)) - Scheduled health check for volume org.apache.hadoop.ozone.container.common.volume.HddsVolume@4cc12db2
2019-09-24 21:32:24,294 [main] INFO  impl.RaftServerProxy (ConfUtils.java:logGet(43)) - raft.rpc.type = GRPC (default)
2019-09-24 21:32:24,294 [main] INFO  grpc.GrpcFactory (GrpcFactory.java:checkPooledByteBufAllocatorUseCacheForAllThreads(45)) - PERFORMANCE WARNING: useCacheForAllThreads is true that may cause Netty to create a lot garbage objects and, as a result, trigger GC.
	It is recommended to disable useCacheForAllThreads by setting -Dorg.apache.ratis.thirdparty.io.netty.allocator.useCacheForAllThreads=false in command line.
2019-09-24 21:32:24,294 [main] INFO  grpc.GrpcConfigKeys$Server (ConfUtils.java:logGet(43)) - raft.grpc.server.port = 0 (default)
2019-09-24 21:32:24,295 [main] INFO  server.GrpcService (ConfUtils.java:logGet(43)) - raft.grpc.message.size.max = 33570816 (custom)
2019-09-24 21:32:24,295 [main] INFO  server.RaftServerConfigKeys (ConfUtils.java:logGet(43)) - raft.server.log.appender.buffer.byte-limit = 33554432 (custom)
2019-09-24 21:32:24,295 [main] INFO  server.GrpcService (ConfUtils.java:logGet(43)) - raft.grpc.flow.control.window = 1MB (=1048576) (default)
2019-09-24 21:32:24,295 [main] INFO  server.RaftServerConfigKeys (ConfUtils.java:logGet(43)) - raft.server.rpc.request.timeout = 3000ms (default)
2019-09-24 21:32:24,296 [main] INFO  server.RaftServerConfigKeys (ConfUtils.java:logGet(43)) - raft.server.storage.dir = [/workdir/hadoop-ozone/integration-test/target/test-dir/MiniOzoneClusterImpl-e0eb44de-bd0e-4674-8e7b-4e6e9938c619/datanode-1/data/ratis] (custom)
2019-09-24 21:32:24,297 [main] INFO  hdfs.DFSUtil (DFSUtil.java:httpServerTemplateForNNAndJN(1641)) - Starting Web-server for hddsDatanode at: http://0.0.0.0:0
2019-09-24 21:32:24,299 [main] INFO  server.AuthenticationFilter (AuthenticationFilter.java:constructSecretProvider(240)) - Unable to initialize FileSignerSecretProvider, falling back to use random secrets.
2019-09-24 21:32:24,299 [main] WARN  http.HttpRequestLog (HttpRequestLog.java:getRequestLog(97)) - Jetty request log can only be enabled using Log4j
2019-09-24 21:32:24,300 [main] INFO  http.HttpServer2 (HttpServer2.java:addGlobalFilter(975)) - Added global filter 'safety' (class=org.apache.hadoop.http.HttpServer2$QuotingInputFilter)
2019-09-24 21:32:24,301 [main] INFO  http.HttpServer2 (HttpServer2.java:addFilter(948)) - Added filter static_user_filter (class=org.apache.hadoop.http.lib.StaticUserWebFilter$StaticUserFilter) to context hddsDatanode
2019-09-24 21:32:24,301 [main] INFO  http.HttpServer2 (HttpServer2.java:addFilter(958)) - Added filter static_user_filter (class=org.apache.hadoop.http.lib.StaticUserWebFilter$StaticUserFilter) to context static
2019-09-24 21:32:24,301 [main] INFO  http.HttpServer2 (HttpServer2.java:addFilter(958)) - Added filter static_user_filter (class=org.apache.hadoop.http.lib.StaticUserWebFilter$StaticUserFilter) to context logs
2019-09-24 21:32:24,301 [main] INFO  http.HttpServer2 (HttpServer2.java:bindListener(1191)) - Jetty bound to port 44108
2019-09-24 21:32:24,302 [main] INFO  server.Server (Server.java:doStart(351)) - jetty-9.3.25.v20180904, build timestamp: 2018-09-04T21:11:46Z, git hash: 3ce520221d0240229c862b122d2b06c12a625732
2019-09-24 21:32:24,303 [main] INFO  handler.ContextHandler (ContextHandler.java:doStart(781)) - Started o.e.j.s.ServletContextHandler@68e2d03e{/logs,file:///workdir/hadoop-ozone/integration-test/target/log,AVAILABLE}
2019-09-24 21:32:24,303 [main] INFO  handler.ContextHandler (ContextHandler.java:doStart(781)) - Started o.e.j.s.ServletContextHandler@32ab408e{/static,jar:file:/home/user/.m2/repository/org/apache/hadoop/hadoop-hdds-container-service/0.5.0-SNAPSHOT/hadoop-hdds-container-service-0.5.0-SNAPSHOT.jar!/webapps/static,AVAILABLE}
2019-09-24 21:32:24,330 [main] INFO  handler.ContextHandler (ContextHandler.java:doStart(781)) - Started o.e.j.w.WebAppContext@794240e2{/,file:///tmp/jetty-0.0.0.0-44108-hddsDatanode-_-any-6225665404435842063.dir/webapp/,AVAILABLE}{/hddsDatanode}
2019-09-24 21:32:24,331 [main] INFO  server.AbstractConnector (AbstractConnector.java:doStart(278)) - Started ServerConnector@74a820bf{HTTP/1.1,[http/1.1]}{0.0.0.0:44108}
2019-09-24 21:32:24,332 [main] INFO  server.Server (Server.java:doStart(419)) - Started @525403ms
2019-09-24 21:32:24,333 [main] WARN  impl.MetricsSystemImpl (MetricsSystemImpl.java:register(276)) - Sink prometheus already exists!
2019-09-24 21:32:24,333 [main] INFO  server.BaseHttpServer (BaseHttpServer.java:updateConnectorAddress(215)) - HTTP server of HDDSDATANODE is listening at http://0.0.0.0:44108
2019-09-24 21:32:24,334 [main] INFO  impl.MetricsSystemImpl (MetricsSystemImpl.java:init(158)) - HddsDatanode metrics system started (again)
2019-09-24 21:32:24,336 [org.apache.hadoop.util.JvmPauseMonitor$Monitor@2a15d450] INFO  util.JvmPauseMonitor (JvmPauseMonitor.java:run(188)) - Starting JVM pause monitor
2019-09-24 21:32:24,337 [main] INFO  ozone.HddsDatanodeService (HddsDatanodeService.java:start(184)) - HddsDatanodeService host:pr-hdds-2149-mjjcq-3576968246 ip:192.168.151.77
2019-09-24 21:32:24,337 [Datanode State Machine Thread - 0] INFO  datanode.InitDatanodeState (InitDatanodeState.java:persistContainerDatanodeDetails(140)) - DatanodeDetails is persisted to /workdir/hadoop-ozone/integration-test/target/test-dir/MiniOzoneClusterImpl-e0eb44de-bd0e-4674-8e7b-4e6e9938c619/datanode-1/meta/datanode.id
2019-09-24 21:32:24,341 [main] INFO  volume.HddsVolume (HddsVolume.java:<init>(176)) - Creating Volume: /workdir/hadoop-ozone/integration-test/target/test-dir/MiniOzoneClusterImpl-e0eb44de-bd0e-4674-8e7b-4e6e9938c619/datanode-2/data/containers/hdds of  storage type : DISK and capacity : 1482555576320
2019-09-24 21:32:24,341 [main] INFO  volume.VolumeSet (VolumeSet.java:initializeVolumeSet(170)) - Added Volume : /workdir/hadoop-ozone/integration-test/target/test-dir/MiniOzoneClusterImpl-e0eb44de-bd0e-4674-8e7b-4e6e9938c619/datanode-2/data/containers/hdds to VolumeSet
2019-09-24 21:32:24,341 [main] INFO  volume.ThrottledAsyncChecker (ThrottledAsyncChecker.java:schedule(139)) - Scheduling a check for org.apache.hadoop.ozone.container.common.volume.HddsVolume@70d4f672
2019-09-24 21:32:24,342 [main] INFO  volume.HddsVolumeChecker (HddsVolumeChecker.java:checkAllVolumes(202)) - Scheduled health check for volume org.apache.hadoop.ozone.container.common.volume.HddsVolume@70d4f672
2019-09-24 21:32:24,353 [main] INFO  impl.RaftServerProxy (ConfUtils.java:logGet(43)) - raft.rpc.type = GRPC (default)
2019-09-24 21:32:24,353 [main] INFO  grpc.GrpcFactory (GrpcFactory.java:checkPooledByteBufAllocatorUseCacheForAllThreads(45)) - PERFORMANCE WARNING: useCacheForAllThreads is true that may cause Netty to create a lot garbage objects and, as a result, trigger GC.
	It is recommended to disable useCacheForAllThreads by setting -Dorg.apache.ratis.thirdparty.io.netty.allocator.useCacheForAllThreads=false in command line.
2019-09-24 21:32:24,353 [main] INFO  grpc.GrpcConfigKeys$Server (ConfUtils.java:logGet(43)) - raft.grpc.server.port = 0 (default)
2019-09-24 21:32:24,353 [main] INFO  server.GrpcService (ConfUtils.java:logGet(43)) - raft.grpc.message.size.max = 33570816 (custom)
2019-09-24 21:32:24,353 [main] INFO  server.RaftServerConfigKeys (ConfUtils.java:logGet(43)) - raft.server.log.appender.buffer.byte-limit = 33554432 (custom)
2019-09-24 21:32:24,354 [main] INFO  server.GrpcService (ConfUtils.java:logGet(43)) - raft.grpc.flow.control.window = 1MB (=1048576) (default)
2019-09-24 21:32:24,354 [main] INFO  server.RaftServerConfigKeys (ConfUtils.java:logGet(43)) - raft.server.rpc.request.timeout = 3000ms (default)
2019-09-24 21:32:24,354 [main] INFO  server.RaftServerConfigKeys (ConfUtils.java:logGet(43)) - raft.server.storage.dir = [/workdir/hadoop-ozone/integration-test/target/test-dir/MiniOzoneClusterImpl-e0eb44de-bd0e-4674-8e7b-4e6e9938c619/datanode-2/data/ratis] (custom)
2019-09-24 21:32:24,355 [main] INFO  hdfs.DFSUtil (DFSUtil.java:httpServerTemplateForNNAndJN(1641)) - Starting Web-server for hddsDatanode at: http://0.0.0.0:0
2019-09-24 21:32:24,357 [main] INFO  server.AuthenticationFilter (AuthenticationFilter.java:constructSecretProvider(240)) - Unable to initialize FileSignerSecretProvider, falling back to use random secrets.
2019-09-24 21:32:24,357 [main] WARN  http.HttpRequestLog (HttpRequestLog.java:getRequestLog(97)) - Jetty request log can only be enabled using Log4j
2019-09-24 21:32:24,359 [main] INFO  http.HttpServer2 (HttpServer2.java:addGlobalFilter(975)) - Added global filter 'safety' (class=org.apache.hadoop.http.HttpServer2$QuotingInputFilter)
2019-09-24 21:32:24,359 [main] INFO  http.HttpServer2 (HttpServer2.java:addFilter(948)) - Added filter static_user_filter (class=org.apache.hadoop.http.lib.StaticUserWebFilter$StaticUserFilter) to context hddsDatanode
2019-09-24 21:32:24,360 [main] INFO  http.HttpServer2 (HttpServer2.java:addFilter(958)) - Added filter static_user_filter (class=org.apache.hadoop.http.lib.StaticUserWebFilter$StaticUserFilter) to context static
2019-09-24 21:32:24,360 [main] INFO  http.HttpServer2 (HttpServer2.java:addFilter(958)) - Added filter static_user_filter (class=org.apache.hadoop.http.lib.StaticUserWebFilter$StaticUserFilter) to context logs
2019-09-24 21:32:24,361 [main] INFO  http.HttpServer2 (HttpServer2.java:bindListener(1191)) - Jetty bound to port 34434
2019-09-24 21:32:24,361 [main] INFO  server.Server (Server.java:doStart(351)) - jetty-9.3.25.v20180904, build timestamp: 2018-09-04T21:11:46Z, git hash: 3ce520221d0240229c862b122d2b06c12a625732
2019-09-24 21:32:24,363 [main] INFO  handler.ContextHandler (ContextHandler.java:doStart(781)) - Started o.e.j.s.ServletContextHandler@7781263c{/logs,file:///workdir/hadoop-ozone/integration-test/target/log,AVAILABLE}
2019-09-24 21:32:24,363 [main] INFO  handler.ContextHandler (ContextHandler.java:doStart(781)) - Started o.e.j.s.ServletContextHandler@3b5a19ed{/static,jar:file:/home/user/.m2/repository/org/apache/hadoop/hadoop-hdds-container-service/0.5.0-SNAPSHOT/hadoop-hdds-container-service-0.5.0-SNAPSHOT.jar!/webapps/static,AVAILABLE}
2019-09-24 21:32:24,390 [main] INFO  handler.ContextHandler (ContextHandler.java:doStart(781)) - Started o.e.j.w.WebAppContext@2d4a3e13{/,file:///tmp/jetty-0.0.0.0-34434-hddsDatanode-_-any-6285722648829965997.dir/webapp/,AVAILABLE}{/hddsDatanode}
2019-09-24 21:32:24,391 [main] INFO  server.AbstractConnector (AbstractConnector.java:doStart(278)) - Started ServerConnector@4a22e4d7{HTTP/1.1,[http/1.1]}{0.0.0.0:34434}
2019-09-24 21:32:24,392 [main] INFO  server.Server (Server.java:doStart(419)) - Started @525463ms
2019-09-24 21:32:24,392 [main] WARN  impl.MetricsSystemImpl (MetricsSystemImpl.java:register(276)) - Sink prometheus already exists!
2019-09-24 21:32:24,393 [main] INFO  server.BaseHttpServer (BaseHttpServer.java:updateConnectorAddress(215)) - HTTP server of HDDSDATANODE is listening at http://0.0.0.0:34434
2019-09-24 21:32:24,393 [main] INFO  impl.MetricsSystemImpl (MetricsSystemImpl.java:init(158)) - HddsDatanode metrics system started (again)
2019-09-24 21:32:24,396 [org.apache.hadoop.util.JvmPauseMonitor$Monitor@6d936ef7] INFO  util.JvmPauseMonitor (JvmPauseMonitor.java:run(188)) - Starting JVM pause monitor
2019-09-24 21:32:24,397 [main] INFO  ozone.HddsDatanodeService (HddsDatanodeService.java:start(184)) - HddsDatanodeService host:pr-hdds-2149-mjjcq-3576968246 ip:192.168.151.77
2019-09-24 21:32:24,398 [Datanode State Machine Thread - 0] INFO  datanode.InitDatanodeState (InitDatanodeState.java:persistContainerDatanodeDetails(140)) - DatanodeDetails is persisted to /workdir/hadoop-ozone/integration-test/target/test-dir/MiniOzoneClusterImpl-e0eb44de-bd0e-4674-8e7b-4e6e9938c619/datanode-2/meta/datanode.id
2019-09-24 21:32:24,402 [main] INFO  volume.HddsVolume (HddsVolume.java:<init>(176)) - Creating Volume: /workdir/hadoop-ozone/integration-test/target/test-dir/MiniOzoneClusterImpl-e0eb44de-bd0e-4674-8e7b-4e6e9938c619/datanode-3/data/containers/hdds of  storage type : DISK and capacity : 1482555576320
2019-09-24 21:32:24,402 [main] INFO  volume.VolumeSet (VolumeSet.java:initializeVolumeSet(170)) - Added Volume : /workdir/hadoop-ozone/integration-test/target/test-dir/MiniOzoneClusterImpl-e0eb44de-bd0e-4674-8e7b-4e6e9938c619/datanode-3/data/containers/hdds to VolumeSet
2019-09-24 21:32:24,402 [main] INFO  volume.ThrottledAsyncChecker (ThrottledAsyncChecker.java:schedule(139)) - Scheduling a check for org.apache.hadoop.ozone.container.common.volume.HddsVolume@7841bd30
2019-09-24 21:32:24,402 [main] INFO  volume.HddsVolumeChecker (HddsVolumeChecker.java:checkAllVolumes(202)) - Scheduled health check for volume org.apache.hadoop.ozone.container.common.volume.HddsVolume@7841bd30
2019-09-24 21:32:24,414 [main] INFO  impl.RaftServerProxy (ConfUtils.java:logGet(43)) - raft.rpc.type = GRPC (default)
2019-09-24 21:32:24,414 [main] INFO  grpc.GrpcFactory (GrpcFactory.java:checkPooledByteBufAllocatorUseCacheForAllThreads(45)) - PERFORMANCE WARNING: useCacheForAllThreads is true that may cause Netty to create a lot garbage objects and, as a result, trigger GC.
	It is recommended to disable useCacheForAllThreads by setting -Dorg.apache.ratis.thirdparty.io.netty.allocator.useCacheForAllThreads=false in command line.
2019-09-24 21:32:24,414 [main] INFO  grpc.GrpcConfigKeys$Server (ConfUtils.java:logGet(43)) - raft.grpc.server.port = 0 (default)
2019-09-24 21:32:24,414 [main] INFO  server.GrpcService (ConfUtils.java:logGet(43)) - raft.grpc.message.size.max = 33570816 (custom)
2019-09-24 21:32:24,415 [main] INFO  server.RaftServerConfigKeys (ConfUtils.java:logGet(43)) - raft.server.log.appender.buffer.byte-limit = 33554432 (custom)
2019-09-24 21:32:24,415 [main] INFO  server.GrpcService (ConfUtils.java:logGet(43)) - raft.grpc.flow.control.window = 1MB (=1048576) (default)
2019-09-24 21:32:24,415 [main] INFO  server.RaftServerConfigKeys (ConfUtils.java:logGet(43)) - raft.server.rpc.request.timeout = 3000ms (default)
2019-09-24 21:32:24,415 [main] INFO  server.RaftServerConfigKeys (ConfUtils.java:logGet(43)) - raft.server.storage.dir = [/workdir/hadoop-ozone/integration-test/target/test-dir/MiniOzoneClusterImpl-e0eb44de-bd0e-4674-8e7b-4e6e9938c619/datanode-3/data/ratis] (custom)
2019-09-24 21:32:24,417 [main] INFO  hdfs.DFSUtil (DFSUtil.java:httpServerTemplateForNNAndJN(1641)) - Starting Web-server for hddsDatanode at: http://0.0.0.0:0
2019-09-24 21:32:24,418 [main] INFO  server.AuthenticationFilter (AuthenticationFilter.java:constructSecretProvider(240)) - Unable to initialize FileSignerSecretProvider, falling back to use random secrets.
2019-09-24 21:32:24,418 [main] WARN  http.HttpRequestLog (HttpRequestLog.java:getRequestLog(97)) - Jetty request log can only be enabled using Log4j
2019-09-24 21:32:24,419 [main] INFO  http.HttpServer2 (HttpServer2.java:addGlobalFilter(975)) - Added global filter 'safety' (class=org.apache.hadoop.http.HttpServer2$QuotingInputFilter)
2019-09-24 21:32:24,420 [main] INFO  http.HttpServer2 (HttpServer2.java:addFilter(948)) - Added filter static_user_filter (class=org.apache.hadoop.http.lib.StaticUserWebFilter$StaticUserFilter) to context hddsDatanode
2019-09-24 21:32:24,420 [main] INFO  http.HttpServer2 (HttpServer2.java:addFilter(958)) - Added filter static_user_filter (class=org.apache.hadoop.http.lib.StaticUserWebFilter$StaticUserFilter) to context logs
2019-09-24 21:32:24,420 [main] INFO  http.HttpServer2 (HttpServer2.java:addFilter(958)) - Added filter static_user_filter (class=org.apache.hadoop.http.lib.StaticUserWebFilter$StaticUserFilter) to context static
2019-09-24 21:32:24,420 [main] INFO  http.HttpServer2 (HttpServer2.java:bindListener(1191)) - Jetty bound to port 42503
2019-09-24 21:32:24,421 [main] INFO  server.Server (Server.java:doStart(351)) - jetty-9.3.25.v20180904, build timestamp: 2018-09-04T21:11:46Z, git hash: 3ce520221d0240229c862b122d2b06c12a625732
2019-09-24 21:32:24,422 [main] INFO  handler.ContextHandler (ContextHandler.java:doStart(781)) - Started o.e.j.s.ServletContextHandler@30b3d899{/logs,file:///workdir/hadoop-ozone/integration-test/target/log,AVAILABLE}
2019-09-24 21:32:24,422 [main] INFO  handler.ContextHandler (ContextHandler.java:doStart(781)) - Started o.e.j.s.ServletContextHandler@61d60e38{/static,jar:file:/home/user/.m2/repository/org/apache/hadoop/hadoop-hdds-container-service/0.5.0-SNAPSHOT/hadoop-hdds-container-service-0.5.0-SNAPSHOT.jar!/webapps/static,AVAILABLE}
2019-09-24 21:32:24,449 [main] INFO  handler.ContextHandler (ContextHandler.java:doStart(781)) - Started o.e.j.w.WebAppContext@70c29356{/,file:///tmp/jetty-0.0.0.0-42503-hddsDatanode-_-any-6743382355028653384.dir/webapp/,AVAILABLE}{/hddsDatanode}
2019-09-24 21:32:24,449 [main] INFO  server.AbstractConnector (AbstractConnector.java:doStart(278)) - Started ServerConnector@5122e4bf{HTTP/1.1,[http/1.1]}{0.0.0.0:42503}
2019-09-24 21:32:24,449 [main] INFO  server.Server (Server.java:doStart(419)) - Started @525520ms
2019-09-24 21:32:24,451 [main] WARN  impl.MetricsSystemImpl (MetricsSystemImpl.java:register(276)) - Sink prometheus already exists!
2019-09-24 21:32:24,452 [main] INFO  server.BaseHttpServer (BaseHttpServer.java:updateConnectorAddress(215)) - HTTP server of HDDSDATANODE is listening at http://0.0.0.0:42503
2019-09-24 21:32:24,452 [main] INFO  impl.MetricsSystemImpl (MetricsSystemImpl.java:init(158)) - HddsDatanode metrics system started (again)
2019-09-24 21:32:24,456 [org.apache.hadoop.util.JvmPauseMonitor$Monitor@8f223d9] INFO  util.JvmPauseMonitor (JvmPauseMonitor.java:run(188)) - Starting JVM pause monitor
2019-09-24 21:32:24,456 [main] INFO  ozone.HddsDatanodeService (HddsDatanodeService.java:start(184)) - HddsDatanodeService host:pr-hdds-2149-mjjcq-3576968246 ip:192.168.151.77
2019-09-24 21:32:24,457 [Datanode State Machine Thread - 0] INFO  datanode.InitDatanodeState (InitDatanodeState.java:persistContainerDatanodeDetails(140)) - DatanodeDetails is persisted to /workdir/hadoop-ozone/integration-test/target/test-dir/MiniOzoneClusterImpl-e0eb44de-bd0e-4674-8e7b-4e6e9938c619/datanode-3/meta/datanode.id
2019-09-24 21:32:24,462 [main] INFO  volume.HddsVolume (HddsVolume.java:<init>(176)) - Creating Volume: /workdir/hadoop-ozone/integration-test/target/test-dir/MiniOzoneClusterImpl-e0eb44de-bd0e-4674-8e7b-4e6e9938c619/datanode-4/data/containers/hdds of  storage type : DISK and capacity : 1482555576320
2019-09-24 21:32:24,462 [main] INFO  volume.VolumeSet (VolumeSet.java:initializeVolumeSet(170)) - Added Volume : /workdir/hadoop-ozone/integration-test/target/test-dir/MiniOzoneClusterImpl-e0eb44de-bd0e-4674-8e7b-4e6e9938c619/datanode-4/data/containers/hdds to VolumeSet
2019-09-24 21:32:24,462 [main] INFO  volume.ThrottledAsyncChecker (ThrottledAsyncChecker.java:schedule(139)) - Scheduling a check for org.apache.hadoop.ozone.container.common.volume.HddsVolume@3f048c86
2019-09-24 21:32:24,463 [main] INFO  volume.HddsVolumeChecker (HddsVolumeChecker.java:checkAllVolumes(202)) - Scheduled health check for volume org.apache.hadoop.ozone.container.common.volume.HddsVolume@3f048c86
2019-09-24 21:32:24,474 [main] INFO  impl.RaftServerProxy (ConfUtils.java:logGet(43)) - raft.rpc.type = GRPC (default)
2019-09-24 21:32:24,474 [main] INFO  grpc.GrpcFactory (GrpcFactory.java:checkPooledByteBufAllocatorUseCacheForAllThreads(45)) - PERFORMANCE WARNING: useCacheForAllThreads is true that may cause Netty to create a lot garbage objects and, as a result, trigger GC.
	It is recommended to disable useCacheForAllThreads by setting -Dorg.apache.ratis.thirdparty.io.netty.allocator.useCacheForAllThreads=false in command line.
2019-09-24 21:32:24,474 [main] INFO  grpc.GrpcConfigKeys$Server (ConfUtils.java:logGet(43)) - raft.grpc.server.port = 0 (default)
2019-09-24 21:32:24,474 [main] INFO  server.GrpcService (ConfUtils.java:logGet(43)) - raft.grpc.message.size.max = 33570816 (custom)
2019-09-24 21:32:24,475 [main] INFO  server.RaftServerConfigKeys (ConfUtils.java:logGet(43)) - raft.server.log.appender.buffer.byte-limit = 33554432 (custom)
2019-09-24 21:32:24,475 [main] INFO  server.GrpcService (ConfUtils.java:logGet(43)) - raft.grpc.flow.control.window = 1MB (=1048576) (default)
2019-09-24 21:32:24,475 [main] INFO  server.RaftServerConfigKeys (ConfUtils.java:logGet(43)) - raft.server.rpc.request.timeout = 3000ms (default)
2019-09-24 21:32:24,475 [main] INFO  server.RaftServerConfigKeys (ConfUtils.java:logGet(43)) - raft.server.storage.dir = [/workdir/hadoop-ozone/integration-test/target/test-dir/MiniOzoneClusterImpl-e0eb44de-bd0e-4674-8e7b-4e6e9938c619/datanode-4/data/ratis] (custom)
2019-09-24 21:32:24,477 [main] INFO  hdfs.DFSUtil (DFSUtil.java:httpServerTemplateForNNAndJN(1641)) - Starting Web-server for hddsDatanode at: http://0.0.0.0:0
2019-09-24 21:32:24,478 [main] INFO  server.AuthenticationFilter (AuthenticationFilter.java:constructSecretProvider(240)) - Unable to initialize FileSignerSecretProvider, falling back to use random secrets.
2019-09-24 21:32:24,478 [main] WARN  http.HttpRequestLog (HttpRequestLog.java:getRequestLog(97)) - Jetty request log can only be enabled using Log4j
2019-09-24 21:32:24,479 [main] INFO  http.HttpServer2 (HttpServer2.java:addGlobalFilter(975)) - Added global filter 'safety' (class=org.apache.hadoop.http.HttpServer2$QuotingInputFilter)
2019-09-24 21:32:24,480 [main] INFO  http.HttpServer2 (HttpServer2.java:addFilter(948)) - Added filter static_user_filter (class=org.apache.hadoop.http.lib.StaticUserWebFilter$StaticUserFilter) to context hddsDatanode
2019-09-24 21:32:24,480 [main] INFO  http.HttpServer2 (HttpServer2.java:addFilter(958)) - Added filter static_user_filter (class=org.apache.hadoop.http.lib.StaticUserWebFilter$StaticUserFilter) to context logs
2019-09-24 21:32:24,480 [main] INFO  http.HttpServer2 (HttpServer2.java:addFilter(958)) - Added filter static_user_filter (class=org.apache.hadoop.http.lib.StaticUserWebFilter$StaticUserFilter) to context static
2019-09-24 21:32:24,481 [main] INFO  http.HttpServer2 (HttpServer2.java:bindListener(1191)) - Jetty bound to port 36190
2019-09-24 21:32:24,481 [main] INFO  server.Server (Server.java:doStart(351)) - jetty-9.3.25.v20180904, build timestamp: 2018-09-04T21:11:46Z, git hash: 3ce520221d0240229c862b122d2b06c12a625732
2019-09-24 21:32:24,482 [main] INFO  handler.ContextHandler (ContextHandler.java:doStart(781)) - Started o.e.j.s.ServletContextHandler@5384ce66{/logs,file:///workdir/hadoop-ozone/integration-test/target/log,AVAILABLE}
2019-09-24 21:32:24,482 [main] INFO  handler.ContextHandler (ContextHandler.java:doStart(781)) - Started o.e.j.s.ServletContextHandler@13192275{/static,jar:file:/home/user/.m2/repository/org/apache/hadoop/hadoop-hdds-container-service/0.5.0-SNAPSHOT/hadoop-hdds-container-service-0.5.0-SNAPSHOT.jar!/webapps/static,AVAILABLE}
2019-09-24 21:32:24,510 [main] INFO  handler.ContextHandler (ContextHandler.java:doStart(781)) - Started o.e.j.w.WebAppContext@6f3bd37f{/,file:///tmp/jetty-0.0.0.0-36190-hddsDatanode-_-any-5829904920990225753.dir/webapp/,AVAILABLE}{/hddsDatanode}
2019-09-24 21:32:24,510 [main] INFO  server.AbstractConnector (AbstractConnector.java:doStart(278)) - Started ServerConnector@403364e9{HTTP/1.1,[http/1.1]}{0.0.0.0:36190}
2019-09-24 21:32:24,512 [main] INFO  server.Server (Server.java:doStart(419)) - Started @525581ms
2019-09-24 21:32:24,512 [main] WARN  impl.MetricsSystemImpl (MetricsSystemImpl.java:register(276)) - Sink prometheus already exists!
2019-09-24 21:32:24,513 [main] INFO  server.BaseHttpServer (BaseHttpServer.java:updateConnectorAddress(215)) - HTTP server of HDDSDATANODE is listening at http://0.0.0.0:36190
2019-09-24 21:32:24,514 [main] INFO  impl.MetricsSystemImpl (MetricsSystemImpl.java:init(158)) - HddsDatanode metrics system started (again)
2019-09-24 21:32:24,518 [org.apache.hadoop.util.JvmPauseMonitor$Monitor@2fb4d50d] INFO  util.JvmPauseMonitor (JvmPauseMonitor.java:run(188)) - Starting JVM pause monitor
2019-09-24 21:32:24,518 [main] INFO  ozone.HddsDatanodeService (HddsDatanodeService.java:start(184)) - HddsDatanodeService host:pr-hdds-2149-mjjcq-3576968246 ip:192.168.151.77
2019-09-24 21:32:24,519 [Datanode State Machine Thread - 0] INFO  datanode.InitDatanodeState (InitDatanodeState.java:persistContainerDatanodeDetails(140)) - DatanodeDetails is persisted to /workdir/hadoop-ozone/integration-test/target/test-dir/MiniOzoneClusterImpl-e0eb44de-bd0e-4674-8e7b-4e6e9938c619/datanode-4/meta/datanode.id
2019-09-24 21:32:24,523 [main] INFO  volume.HddsVolume (HddsVolume.java:<init>(176)) - Creating Volume: /workdir/hadoop-ozone/integration-test/target/test-dir/MiniOzoneClusterImpl-e0eb44de-bd0e-4674-8e7b-4e6e9938c619/datanode-5/data/containers/hdds of  storage type : DISK and capacity : 1482555576320
2019-09-24 21:32:24,524 [main] INFO  volume.VolumeSet (VolumeSet.java:initializeVolumeSet(170)) - Added Volume : /workdir/hadoop-ozone/integration-test/target/test-dir/MiniOzoneClusterImpl-e0eb44de-bd0e-4674-8e7b-4e6e9938c619/datanode-5/data/containers/hdds to VolumeSet
2019-09-24 21:32:24,524 [main] INFO  volume.ThrottledAsyncChecker (ThrottledAsyncChecker.java:schedule(139)) - Scheduling a check for org.apache.hadoop.ozone.container.common.volume.HddsVolume@1e495414
2019-09-24 21:32:24,524 [main] INFO  volume.HddsVolumeChecker (HddsVolumeChecker.java:checkAllVolumes(202)) - Scheduled health check for volume org.apache.hadoop.ozone.container.common.volume.HddsVolume@1e495414
2019-09-24 21:32:24,535 [main] INFO  impl.RaftServerProxy (ConfUtils.java:logGet(43)) - raft.rpc.type = GRPC (default)
2019-09-24 21:32:24,536 [main] INFO  grpc.GrpcFactory (GrpcFactory.java:checkPooledByteBufAllocatorUseCacheForAllThreads(45)) - PERFORMANCE WARNING: useCacheForAllThreads is true that may cause Netty to create a lot garbage objects and, as a result, trigger GC.
	It is recommended to disable useCacheForAllThreads by setting -Dorg.apache.ratis.thirdparty.io.netty.allocator.useCacheForAllThreads=false in command line.
2019-09-24 21:32:24,536 [main] INFO  grpc.GrpcConfigKeys$Server (ConfUtils.java:logGet(43)) - raft.grpc.server.port = 0 (default)
2019-09-24 21:32:24,536 [main] INFO  server.GrpcService (ConfUtils.java:logGet(43)) - raft.grpc.message.size.max = 33570816 (custom)
2019-09-24 21:32:24,536 [main] INFO  server.RaftServerConfigKeys (ConfUtils.java:logGet(43)) - raft.server.log.appender.buffer.byte-limit = 33554432 (custom)
2019-09-24 21:32:24,536 [main] INFO  server.GrpcService (ConfUtils.java:logGet(43)) - raft.grpc.flow.control.window = 1MB (=1048576) (default)
2019-09-24 21:32:24,536 [main] INFO  server.RaftServerConfigKeys (ConfUtils.java:logGet(43)) - raft.server.rpc.request.timeout = 3000ms (default)
2019-09-24 21:32:24,537 [main] INFO  server.RaftServerConfigKeys (ConfUtils.java:logGet(43)) - raft.server.storage.dir = [/workdir/hadoop-ozone/integration-test/target/test-dir/MiniOzoneClusterImpl-e0eb44de-bd0e-4674-8e7b-4e6e9938c619/datanode-5/data/ratis] (custom)
2019-09-24 21:32:24,538 [main] INFO  hdfs.DFSUtil (DFSUtil.java:httpServerTemplateForNNAndJN(1641)) - Starting Web-server for hddsDatanode at: http://0.0.0.0:0
2019-09-24 21:32:24,539 [main] INFO  server.AuthenticationFilter (AuthenticationFilter.java:constructSecretProvider(240)) - Unable to initialize FileSignerSecretProvider, falling back to use random secrets.
2019-09-24 21:32:24,539 [main] WARN  http.HttpRequestLog (HttpRequestLog.java:getRequestLog(97)) - Jetty request log can only be enabled using Log4j
2019-09-24 21:32:24,540 [main] INFO  http.HttpServer2 (HttpServer2.java:addGlobalFilter(975)) - Added global filter 'safety' (class=org.apache.hadoop.http.HttpServer2$QuotingInputFilter)
2019-09-24 21:32:24,541 [main] INFO  http.HttpServer2 (HttpServer2.java:addFilter(948)) - Added filter static_user_filter (class=org.apache.hadoop.http.lib.StaticUserWebFilter$StaticUserFilter) to context hddsDatanode
2019-09-24 21:32:24,541 [main] INFO  http.HttpServer2 (HttpServer2.java:addFilter(958)) - Added filter static_user_filter (class=org.apache.hadoop.http.lib.StaticUserWebFilter$StaticUserFilter) to context static
2019-09-24 21:32:24,541 [main] INFO  http.HttpServer2 (HttpServer2.java:addFilter(958)) - Added filter static_user_filter (class=org.apache.hadoop.http.lib.StaticUserWebFilter$StaticUserFilter) to context logs
2019-09-24 21:32:24,542 [main] INFO  http.HttpServer2 (HttpServer2.java:bindListener(1191)) - Jetty bound to port 38478
2019-09-24 21:32:24,542 [main] INFO  server.Server (Server.java:doStart(351)) - jetty-9.3.25.v20180904, build timestamp: 2018-09-04T21:11:46Z, git hash: 3ce520221d0240229c862b122d2b06c12a625732
2019-09-24 21:32:24,543 [main] INFO  handler.ContextHandler (ContextHandler.java:doStart(781)) - Started o.e.j.s.ServletContextHandler@7911cc15{/logs,file:///workdir/hadoop-ozone/integration-test/target/log,AVAILABLE}
2019-09-24 21:32:24,543 [main] INFO  handler.ContextHandler (ContextHandler.java:doStart(781)) - Started o.e.j.s.ServletContextHandler@14e750c5{/static,jar:file:/home/user/.m2/repository/org/apache/hadoop/hadoop-hdds-container-service/0.5.0-SNAPSHOT/hadoop-hdds-container-service-0.5.0-SNAPSHOT.jar!/webapps/static,AVAILABLE}
2019-09-24 21:32:24,569 [main] INFO  handler.ContextHandler (ContextHandler.java:doStart(781)) - Started o.e.j.w.WebAppContext@7af327e3{/,file:///tmp/jetty-0.0.0.0-38478-hddsDatanode-_-any-2303999331293967248.dir/webapp/,AVAILABLE}{/hddsDatanode}
2019-09-24 21:32:24,570 [main] INFO  server.AbstractConnector (AbstractConnector.java:doStart(278)) - Started ServerConnector@743d0d44{HTTP/1.1,[http/1.1]}{0.0.0.0:38478}
2019-09-24 21:32:24,571 [main] INFO  server.Server (Server.java:doStart(419)) - Started @525640ms
2019-09-24 21:32:24,571 [main] WARN  impl.MetricsSystemImpl (MetricsSystemImpl.java:register(276)) - Sink prometheus already exists!
2019-09-24 21:32:24,572 [main] INFO  server.BaseHttpServer (BaseHttpServer.java:updateConnectorAddress(215)) - HTTP server of HDDSDATANODE is listening at http://0.0.0.0:38478
2019-09-24 21:32:24,573 [main] INFO  impl.MetricsSystemImpl (MetricsSystemImpl.java:init(158)) - HddsDatanode metrics system started (again)
2019-09-24 21:32:24,577 [org.apache.hadoop.util.JvmPauseMonitor$Monitor@74f8544c] INFO  util.JvmPauseMonitor (JvmPauseMonitor.java:run(188)) - Starting JVM pause monitor
2019-09-24 21:32:24,577 [main] INFO  ozone.HddsDatanodeService (HddsDatanodeService.java:start(184)) - HddsDatanodeService host:pr-hdds-2149-mjjcq-3576968246 ip:192.168.151.77
2019-09-24 21:32:24,578 [Datanode State Machine Thread - 0] INFO  datanode.InitDatanodeState (InitDatanodeState.java:persistContainerDatanodeDetails(140)) - DatanodeDetails is persisted to /workdir/hadoop-ozone/integration-test/target/test-dir/MiniOzoneClusterImpl-e0eb44de-bd0e-4674-8e7b-4e6e9938c619/datanode-5/meta/datanode.id
2019-09-24 21:32:24,583 [main] INFO  volume.HddsVolume (HddsVolume.java:<init>(176)) - Creating Volume: /workdir/hadoop-ozone/integration-test/target/test-dir/MiniOzoneClusterImpl-e0eb44de-bd0e-4674-8e7b-4e6e9938c619/datanode-6/data/containers/hdds of  storage type : DISK and capacity : 1482555576320
2019-09-24 21:32:24,583 [main] INFO  volume.VolumeSet (VolumeSet.java:initializeVolumeSet(170)) - Added Volume : /workdir/hadoop-ozone/integration-test/target/test-dir/MiniOzoneClusterImpl-e0eb44de-bd0e-4674-8e7b-4e6e9938c619/datanode-6/data/containers/hdds to VolumeSet
2019-09-24 21:32:24,583 [main] INFO  volume.ThrottledAsyncChecker (ThrottledAsyncChecker.java:schedule(139)) - Scheduling a check for org.apache.hadoop.ozone.container.common.volume.HddsVolume@48f2054d
2019-09-24 21:32:24,584 [main] INFO  volume.HddsVolumeChecker (HddsVolumeChecker.java:checkAllVolumes(202)) - Scheduled health check for volume org.apache.hadoop.ozone.container.common.volume.HddsVolume@48f2054d
2019-09-24 21:32:24,595 [main] INFO  impl.RaftServerProxy (ConfUtils.java:logGet(43)) - raft.rpc.type = GRPC (default)
2019-09-24 21:32:24,596 [main] INFO  grpc.GrpcFactory (GrpcFactory.java:checkPooledByteBufAllocatorUseCacheForAllThreads(45)) - PERFORMANCE WARNING: useCacheForAllThreads is true that may cause Netty to create a lot garbage objects and, as a result, trigger GC.
	It is recommended to disable useCacheForAllThreads by setting -Dorg.apache.ratis.thirdparty.io.netty.allocator.useCacheForAllThreads=false in command line.
2019-09-24 21:32:24,596 [main] INFO  grpc.GrpcConfigKeys$Server (ConfUtils.java:logGet(43)) - raft.grpc.server.port = 0 (default)
2019-09-24 21:32:24,596 [main] INFO  server.GrpcService (ConfUtils.java:logGet(43)) - raft.grpc.message.size.max = 33570816 (custom)
2019-09-24 21:32:24,596 [main] INFO  server.RaftServerConfigKeys (ConfUtils.java:logGet(43)) - raft.server.log.appender.buffer.byte-limit = 33554432 (custom)
2019-09-24 21:32:24,596 [main] INFO  server.GrpcService (ConfUtils.java:logGet(43)) - raft.grpc.flow.control.window = 1MB (=1048576) (default)
2019-09-24 21:32:24,596 [main] INFO  server.RaftServerConfigKeys (ConfUtils.java:logGet(43)) - raft.server.rpc.request.timeout = 3000ms (default)
2019-09-24 21:32:24,597 [main] INFO  server.RaftServerConfigKeys (ConfUtils.java:logGet(43)) - raft.server.storage.dir = [/workdir/hadoop-ozone/integration-test/target/test-dir/MiniOzoneClusterImpl-e0eb44de-bd0e-4674-8e7b-4e6e9938c619/datanode-6/data/ratis] (custom)
2019-09-24 21:32:24,598 [main] INFO  hdfs.DFSUtil (DFSUtil.java:httpServerTemplateForNNAndJN(1641)) - Starting Web-server for hddsDatanode at: http://0.0.0.0:0
2019-09-24 21:32:24,599 [main] INFO  server.AuthenticationFilter (AuthenticationFilter.java:constructSecretProvider(240)) - Unable to initialize FileSignerSecretProvider, falling back to use random secrets.
2019-09-24 21:32:24,599 [main] WARN  http.HttpRequestLog (HttpRequestLog.java:getRequestLog(97)) - Jetty request log can only be enabled using Log4j
2019-09-24 21:32:24,601 [main] INFO  http.HttpServer2 (HttpServer2.java:addGlobalFilter(975)) - Added global filter 'safety' (class=org.apache.hadoop.http.HttpServer2$QuotingInputFilter)
2019-09-24 21:32:24,601 [main] INFO  http.HttpServer2 (HttpServer2.java:addFilter(948)) - Added filter static_user_filter (class=org.apache.hadoop.http.lib.StaticUserWebFilter$StaticUserFilter) to context hddsDatanode
2019-09-24 21:32:24,601 [main] INFO  http.HttpServer2 (HttpServer2.java:addFilter(958)) - Added filter static_user_filter (class=org.apache.hadoop.http.lib.StaticUserWebFilter$StaticUserFilter) to context logs
2019-09-24 21:32:24,601 [main] INFO  http.HttpServer2 (HttpServer2.java:addFilter(958)) - Added filter static_user_filter (class=org.apache.hadoop.http.lib.StaticUserWebFilter$StaticUserFilter) to context static
2019-09-24 21:32:24,602 [main] INFO  http.HttpServer2 (HttpServer2.java:bindListener(1191)) - Jetty bound to port 35429
2019-09-24 21:32:24,602 [main] INFO  server.Server (Server.java:doStart(351)) - jetty-9.3.25.v20180904, build timestamp: 2018-09-04T21:11:46Z, git hash: 3ce520221d0240229c862b122d2b06c12a625732
2019-09-24 21:32:24,603 [main] INFO  handler.ContextHandler (ContextHandler.java:doStart(781)) - Started o.e.j.s.ServletContextHandler@56cfe6be{/logs,file:///workdir/hadoop-ozone/integration-test/target/log,AVAILABLE}
2019-09-24 21:32:24,604 [main] INFO  handler.ContextHandler (ContextHandler.java:doStart(781)) - Started o.e.j.s.ServletContextHandler@149aa7b2{/static,jar:file:/home/user/.m2/repository/org/apache/hadoop/hadoop-hdds-container-service/0.5.0-SNAPSHOT/hadoop-hdds-container-service-0.5.0-SNAPSHOT.jar!/webapps/static,AVAILABLE}
2019-09-24 21:32:24,631 [main] INFO  handler.ContextHandler (ContextHandler.java:doStart(781)) - Started o.e.j.w.WebAppContext@6d874695{/,file:///tmp/jetty-0.0.0.0-35429-hddsDatanode-_-any-740024200384622012.dir/webapp/,AVAILABLE}{/hddsDatanode}
2019-09-24 21:32:24,631 [main] INFO  server.AbstractConnector (AbstractConnector.java:doStart(278)) - Started ServerConnector@20bb85b4{HTTP/1.1,[http/1.1]}{0.0.0.0:35429}
2019-09-24 21:32:24,633 [main] INFO  server.Server (Server.java:doStart(419)) - Started @525703ms
2019-09-24 21:32:24,633 [main] WARN  impl.MetricsSystemImpl (MetricsSystemImpl.java:register(276)) - Sink prometheus already exists!
2019-09-24 21:32:24,634 [main] INFO  server.BaseHttpServer (BaseHttpServer.java:updateConnectorAddress(215)) - HTTP server of HDDSDATANODE is listening at http://0.0.0.0:35429
2019-09-24 21:32:24,634 [main] INFO  ozone.MiniOzoneClusterImpl (MiniOzoneClusterImpl.java:lambda$waitForClusterToBeReady$0(147)) - Waiting for cluster to be ready. Got 0 of 7 DN Heartbeats.
2019-09-24 21:32:24,635 [org.apache.hadoop.util.JvmPauseMonitor$Monitor@11c13f61] INFO  util.JvmPauseMonitor (JvmPauseMonitor.java:run(188)) - Starting JVM pause monitor
2019-09-24 21:32:24,636 [Datanode State Machine Thread - 0] INFO  datanode.InitDatanodeState (InitDatanodeState.java:persistContainerDatanodeDetails(140)) - DatanodeDetails is persisted to /workdir/hadoop-ozone/integration-test/target/test-dir/MiniOzoneClusterImpl-e0eb44de-bd0e-4674-8e7b-4e6e9938c619/datanode-6/meta/datanode.id
2019-09-24 21:32:25,634 [main] INFO  ozone.MiniOzoneClusterImpl (MiniOzoneClusterImpl.java:lambda$waitForClusterToBeReady$0(147)) - Waiting for cluster to be ready. Got 0 of 7 DN Heartbeats.
2019-09-24 21:32:26,291 [Datanode State Machine Thread - 0] INFO  ozoneimpl.OzoneContainer (OzoneContainer.java:start(217)) - Attempting to start container services.
2019-09-24 21:32:26,291 [Datanode State Machine Thread - 0] INFO  ozoneimpl.OzoneContainer (OzoneContainer.java:startContainerScrub(179)) - Background container scanner has been disabled.
2019-09-24 21:32:26,292 [Datanode State Machine Thread - 0] INFO  ratis.XceiverServerRatis (XceiverServerRatis.java:start(411)) - Starting XceiverServerRatis 94290360-2bfe-4a93-9331-d88f7dd2d9cb at port 0
2019-09-24 21:32:26,299 [Datanode State Machine Thread - 0] INFO  impl.RaftServerProxy (RaftServerProxy.java:lambda$start$3(299)) - 94290360-2bfe-4a93-9331-d88f7dd2d9cb: start RPC server
2019-09-24 21:32:26,302 [Datanode State Machine Thread - 0] INFO  server.GrpcService (GrpcService.java:startImpl(158)) - 94290360-2bfe-4a93-9331-d88f7dd2d9cb: GrpcService started, listening on 0.0.0.0/0.0.0.0:34622
2019-09-24 21:32:26,303 [Datanode State Machine Thread - 0] INFO  ratis.XceiverServerRatis (XceiverServerRatis.java:start(421)) - XceiverServerRatis 94290360-2bfe-4a93-9331-d88f7dd2d9cb is started using port 34622
2019-09-24 21:32:26,303 [Datanode State Machine Thread - 0] INFO  server.XceiverServerGrpc (XceiverServerGrpc.java:start(149)) - XceiverServerGrpc 94290360-2bfe-4a93-9331-d88f7dd2d9cb is started using port 35780
2019-09-24 21:32:26,346 [Datanode State Machine Thread - 0] INFO  ozoneimpl.OzoneContainer (OzoneContainer.java:start(217)) - Attempting to start container services.
2019-09-24 21:32:26,347 [Datanode State Machine Thread - 0] INFO  ozoneimpl.OzoneContainer (OzoneContainer.java:startContainerScrub(179)) - Background container scanner has been disabled.
2019-09-24 21:32:26,347 [Datanode State Machine Thread - 0] INFO  ratis.XceiverServerRatis (XceiverServerRatis.java:start(411)) - Starting XceiverServerRatis cf57d365-aa31-484d-bfcc-0badfa6ed4e2 at port 0
2019-09-24 21:32:26,355 [Datanode State Machine Thread - 0] INFO  impl.RaftServerProxy (RaftServerProxy.java:lambda$start$3(299)) - cf57d365-aa31-484d-bfcc-0badfa6ed4e2: start RPC server
2019-09-24 21:32:26,356 [Datanode State Machine Thread - 0] INFO  server.GrpcService (GrpcService.java:startImpl(158)) - cf57d365-aa31-484d-bfcc-0badfa6ed4e2: GrpcService started, listening on 0.0.0.0/0.0.0.0:45487
2019-09-24 21:32:26,356 [Datanode State Machine Thread - 0] INFO  ratis.XceiverServerRatis (XceiverServerRatis.java:start(421)) - XceiverServerRatis cf57d365-aa31-484d-bfcc-0badfa6ed4e2 is started using port 45487
2019-09-24 21:32:26,359 [Datanode State Machine Thread - 0] INFO  server.XceiverServerGrpc (XceiverServerGrpc.java:start(149)) - XceiverServerGrpc cf57d365-aa31-484d-bfcc-0badfa6ed4e2 is started using port 36615
2019-09-24 21:32:26,409 [Datanode State Machine Thread - 0] INFO  ozoneimpl.OzoneContainer (OzoneContainer.java:start(217)) - Attempting to start container services.
2019-09-24 21:32:26,409 [Datanode State Machine Thread - 0] INFO  ozoneimpl.OzoneContainer (OzoneContainer.java:startContainerScrub(179)) - Background container scanner has been disabled.
2019-09-24 21:32:26,409 [Datanode State Machine Thread - 0] INFO  ratis.XceiverServerRatis (XceiverServerRatis.java:start(411)) - Starting XceiverServerRatis 2f4dfe29-3e90-48ef-b709-7e8c2e788841 at port 0
2019-09-24 21:32:26,416 [Datanode State Machine Thread - 0] INFO  impl.RaftServerProxy (RaftServerProxy.java:lambda$start$3(299)) - 2f4dfe29-3e90-48ef-b709-7e8c2e788841: start RPC server
2019-09-24 21:32:26,417 [Datanode State Machine Thread - 0] INFO  server.GrpcService (GrpcService.java:startImpl(158)) - 2f4dfe29-3e90-48ef-b709-7e8c2e788841: GrpcService started, listening on 0.0.0.0/0.0.0.0:35613
2019-09-24 21:32:26,417 [Datanode State Machine Thread - 0] INFO  ratis.XceiverServerRatis (XceiverServerRatis.java:start(421)) - XceiverServerRatis 2f4dfe29-3e90-48ef-b709-7e8c2e788841 is started using port 35613
2019-09-24 21:32:26,419 [Datanode State Machine Thread - 0] INFO  server.XceiverServerGrpc (XceiverServerGrpc.java:start(149)) - XceiverServerGrpc 2f4dfe29-3e90-48ef-b709-7e8c2e788841 is started using port 44897
2019-09-24 21:32:26,470 [Datanode State Machine Thread - 0] INFO  ozoneimpl.OzoneContainer (OzoneContainer.java:start(217)) - Attempting to start container services.
2019-09-24 21:32:26,471 [Datanode State Machine Thread - 0] INFO  ozoneimpl.OzoneContainer (OzoneContainer.java:startContainerScrub(179)) - Background container scanner has been disabled.
2019-09-24 21:32:26,471 [Datanode State Machine Thread - 0] INFO  ratis.XceiverServerRatis (XceiverServerRatis.java:start(411)) - Starting XceiverServerRatis 552ebd75-c27c-494a-8f75-4c4c056df87d at port 0
2019-09-24 21:32:26,476 [Datanode State Machine Thread - 0] INFO  impl.RaftServerProxy (RaftServerProxy.java:lambda$start$3(299)) - 552ebd75-c27c-494a-8f75-4c4c056df87d: start RPC server
2019-09-24 21:32:26,478 [Datanode State Machine Thread - 0] INFO  server.GrpcService (GrpcService.java:startImpl(158)) - 552ebd75-c27c-494a-8f75-4c4c056df87d: GrpcService started, listening on 0.0.0.0/0.0.0.0:43372
2019-09-24 21:32:26,479 [Datanode State Machine Thread - 0] INFO  ratis.XceiverServerRatis (XceiverServerRatis.java:start(421)) - XceiverServerRatis 552ebd75-c27c-494a-8f75-4c4c056df87d is started using port 43372
2019-09-24 21:32:26,479 [Datanode State Machine Thread - 0] INFO  server.XceiverServerGrpc (XceiverServerGrpc.java:start(149)) - XceiverServerGrpc 552ebd75-c27c-494a-8f75-4c4c056df87d is started using port 39868
2019-09-24 21:32:26,522 [Datanode State Machine Thread - 0] INFO  ozoneimpl.OzoneContainer (OzoneContainer.java:start(217)) - Attempting to start container services.
2019-09-24 21:32:26,522 [Datanode State Machine Thread - 0] INFO  ozoneimpl.OzoneContainer (OzoneContainer.java:startContainerScrub(179)) - Background container scanner has been disabled.
2019-09-24 21:32:26,523 [Datanode State Machine Thread - 0] INFO  ratis.XceiverServerRatis (XceiverServerRatis.java:start(411)) - Starting XceiverServerRatis d453428c-5e82-4581-a2cd-536e0cfe17bd at port 0
2019-09-24 21:32:26,528 [Datanode State Machine Thread - 0] INFO  impl.RaftServerProxy (RaftServerProxy.java:lambda$start$3(299)) - d453428c-5e82-4581-a2cd-536e0cfe17bd: start RPC server
2019-09-24 21:32:26,543 [Datanode State Machine Thread - 0] INFO  server.GrpcService (GrpcService.java:startImpl(158)) - d453428c-5e82-4581-a2cd-536e0cfe17bd: GrpcService started, listening on 0.0.0.0/0.0.0.0:43251
2019-09-24 21:32:26,544 [Datanode State Machine Thread - 0] INFO  ratis.XceiverServerRatis (XceiverServerRatis.java:start(421)) - XceiverServerRatis d453428c-5e82-4581-a2cd-536e0cfe17bd is started using port 43251
2019-09-24 21:32:26,544 [Datanode State Machine Thread - 0] INFO  server.XceiverServerGrpc (XceiverServerGrpc.java:start(149)) - XceiverServerGrpc d453428c-5e82-4581-a2cd-536e0cfe17bd is started using port 42010
2019-09-24 21:32:26,582 [Datanode State Machine Thread - 0] INFO  ozoneimpl.OzoneContainer (OzoneContainer.java:start(217)) - Attempting to start container services.
2019-09-24 21:32:26,582 [Datanode State Machine Thread - 0] INFO  ozoneimpl.OzoneContainer (OzoneContainer.java:startContainerScrub(179)) - Background container scanner has been disabled.
2019-09-24 21:32:26,582 [Datanode State Machine Thread - 0] INFO  ratis.XceiverServerRatis (XceiverServerRatis.java:start(411)) - Starting XceiverServerRatis 27644118-fb56-4745-bc35-a441072a932b at port 0
2019-09-24 21:32:26,588 [Datanode State Machine Thread - 0] INFO  impl.RaftServerProxy (RaftServerProxy.java:lambda$start$3(299)) - 27644118-fb56-4745-bc35-a441072a932b: start RPC server
2019-09-24 21:32:26,590 [Datanode State Machine Thread - 0] INFO  server.GrpcService (GrpcService.java:startImpl(158)) - 27644118-fb56-4745-bc35-a441072a932b: GrpcService started, listening on 0.0.0.0/0.0.0.0:36389
2019-09-24 21:32:26,590 [Datanode State Machine Thread - 0] INFO  ratis.XceiverServerRatis (XceiverServerRatis.java:start(421)) - XceiverServerRatis 27644118-fb56-4745-bc35-a441072a932b is started using port 36389
2019-09-24 21:32:26,592 [Datanode State Machine Thread - 0] INFO  server.XceiverServerGrpc (XceiverServerGrpc.java:start(149)) - XceiverServerGrpc 27644118-fb56-4745-bc35-a441072a932b is started using port 43342
2019-09-24 21:32:26,635 [main] INFO  ozone.MiniOzoneClusterImpl (MiniOzoneClusterImpl.java:lambda$waitForClusterToBeReady$0(147)) - Waiting for cluster to be ready. Got 0 of 7 DN Heartbeats.
2019-09-24 21:32:26,641 [Datanode State Machine Thread - 0] INFO  ozoneimpl.OzoneContainer (OzoneContainer.java:start(217)) - Attempting to start container services.
2019-09-24 21:32:26,641 [Datanode State Machine Thread - 0] INFO  ozoneimpl.OzoneContainer (OzoneContainer.java:startContainerScrub(179)) - Background container scanner has been disabled.
2019-09-24 21:32:26,641 [Datanode State Machine Thread - 0] INFO  ratis.XceiverServerRatis (XceiverServerRatis.java:start(411)) - Starting XceiverServerRatis 27512a76-9a5c-4715-8645-034ef34c1b92 at port 0
2019-09-24 21:32:26,647 [Datanode State Machine Thread - 0] INFO  impl.RaftServerProxy (RaftServerProxy.java:lambda$start$3(299)) - 27512a76-9a5c-4715-8645-034ef34c1b92: start RPC server
2019-09-24 21:32:26,650 [Datanode State Machine Thread - 0] INFO  server.GrpcService (GrpcService.java:startImpl(158)) - 27512a76-9a5c-4715-8645-034ef34c1b92: GrpcService started, listening on 0.0.0.0/0.0.0.0:42353
2019-09-24 21:32:26,650 [Datanode State Machine Thread - 0] INFO  ratis.XceiverServerRatis (XceiverServerRatis.java:start(421)) - XceiverServerRatis 27512a76-9a5c-4715-8645-034ef34c1b92 is started using port 42353
2019-09-24 21:32:26,652 [Datanode State Machine Thread - 0] INFO  server.XceiverServerGrpc (XceiverServerGrpc.java:start(149)) - XceiverServerGrpc 27512a76-9a5c-4715-8645-034ef34c1b92 is started using port 38247
2019-09-24 21:32:27,635 [main] INFO  ozone.MiniOzoneClusterImpl (MiniOzoneClusterImpl.java:lambda$waitForClusterToBeReady$0(147)) - Waiting for cluster to be ready. Got 0 of 7 DN Heartbeats.
2019-09-24 21:32:28,280 [IPC Server handler 3 on 41909] INFO  net.NetworkTopology (NetworkTopologyImpl.java:add(111)) - Added a new node: /default-rack/94290360-2bfe-4a93-9331-d88f7dd2d9cb
2019-09-24 21:32:28,283 [IPC Server handler 3 on 41909] INFO  node.SCMNodeManager (SCMNodeManager.java:register(266)) - Registered Data node : 94290360-2bfe-4a93-9331-d88f7dd2d9cb{ip: 192.168.151.77, host: pr-hdds-2149-mjjcq-3576968246, networkLocation: /default-rack, certSerialId: null}
2019-09-24 21:32:28,284 [EventQueue-NodeRegistrationContainerReportForDataNodeSafeModeRule] INFO  safemode.SCMSafeModeManager (DataNodeSafeModeRule.java:process(71)) - SCM in safe mode. 1 DataNodes registered, 1 required.
2019-09-24 21:32:28,287 [EventQueue-NodeRegistrationContainerReportForDataNodeSafeModeRule] INFO  safemode.SCMSafeModeManager (SCMSafeModeManager.java:validateSafeModeExitRules(177)) - ScmSafeModeManager, all rules are successfully validated
2019-09-24 21:32:28,287 [EventQueue-NodeRegistrationContainerReportForDataNodeSafeModeRule] INFO  safemode.SCMSafeModeManager (SCMSafeModeManager.java:exitSafeMode(193)) - SCM exiting safe mode.
2019-09-24 21:32:28,301 [grpc-default-executor-2] INFO  impl.RaftServerProxy (RaftServerProxy.java:addNew(89)) - 94290360-2bfe-4a93-9331-d88f7dd2d9cb: addNew group-884FD447AF98:[94290360-2bfe-4a93-9331-d88f7dd2d9cb:192.168.151.77:34622] returns group-884FD447AF98:java.util.concurrent.CompletableFuture@2767fa3f[Not completed]
2019-09-24 21:32:28,304 [pool-409-thread-1] INFO  impl.RaftServerImpl (RaftServerImpl.java:<init>(95)) - 94290360-2bfe-4a93-9331-d88f7dd2d9cb: new RaftServerImpl for group-884FD447AF98:[94290360-2bfe-4a93-9331-d88f7dd2d9cb:192.168.151.77:34622] with ContainerStateMachine:uninitialized
2019-09-24 21:32:28,305 [pool-409-thread-1] INFO  server.RaftServerConfigKeys (ConfUtils.java:logGet(43)) - raft.server.rpc.timeout.min = 5s (custom)
2019-09-24 21:32:28,305 [pool-409-thread-1] INFO  server.RaftServerConfigKeys (ConfUtils.java:logGet(43)) - raft.server.rpc.timeout.max = 5200ms (custom)
2019-09-24 21:32:28,305 [pool-409-thread-1] INFO  server.RaftServerConfigKeys (ConfUtils.java:logGet(43)) - raft.server.rpcslowness.timeout = 120s (custom)
2019-09-24 21:32:28,305 [pool-409-thread-1] INFO  server.RaftServerConfigKeys (ConfUtils.java:logGet(43)) - raft.server.sleep.deviation.threshold = 300 (default)
2019-09-24 21:32:28,305 [pool-409-thread-1] INFO  server.RaftServerConfigKeys (ConfUtils.java:logGet(43)) - raft.server.log.appender.install.snapshot.enabled = false (custom)
2019-09-24 21:32:28,305 [pool-409-thread-1] INFO  impl.RaftServerImpl (ServerState.java:<init>(103)) - 94290360-2bfe-4a93-9331-d88f7dd2d9cb@group-884FD447AF98: ConfigurationManager, init=-1: [94290360-2bfe-4a93-9331-d88f7dd2d9cb:192.168.151.77:34622], old=null, confs=<EMPTY_MAP>
2019-09-24 21:32:28,306 [pool-409-thread-1] INFO  server.RaftServerConfigKeys (ConfUtils.java:logGet(43)) - raft.server.storage.dir = [/workdir/hadoop-ozone/integration-test/target/test-dir/MiniOzoneClusterImpl-e0eb44de-bd0e-4674-8e7b-4e6e9938c619/datanode-0/data/ratis] (custom)
2019-09-24 21:32:28,306 [pool-409-thread-1] INFO  storage.RaftStorageDirectory (RaftStorageDirectory.java:analyzeStorage(246)) - The storage directory /workdir/hadoop-ozone/integration-test/target/test-dir/MiniOzoneClusterImpl-e0eb44de-bd0e-4674-8e7b-4e6e9938c619/datanode-0/data/ratis/3b876e05-6663-4e66-a969-884fd447af98 does not exist. Creating ...
2019-09-24 21:32:28,314 [pool-409-thread-1] INFO  storage.RaftStorageDirectory (RaftStorageDirectory.java:tryLock(328)) - Lock on /workdir/hadoop-ozone/integration-test/target/test-dir/MiniOzoneClusterImpl-e0eb44de-bd0e-4674-8e7b-4e6e9938c619/datanode-0/data/ratis/3b876e05-6663-4e66-a969-884fd447af98/in_use.lock acquired by nodename 23567@pr-hdds-2149-mjjcq-3576968246
2019-09-24 21:32:28,318 [pool-409-thread-1] INFO  storage.RaftStorage (RaftStorage.java:format(72)) - Storage directory /workdir/hadoop-ozone/integration-test/target/test-dir/MiniOzoneClusterImpl-e0eb44de-bd0e-4674-8e7b-4e6e9938c619/datanode-0/data/ratis/3b876e05-6663-4e66-a969-884fd447af98 has been successfully formatted.
2019-09-24 21:32:28,318 [pool-409-thread-1] INFO  ratis.ContainerStateMachine (ContainerStateMachine.java:loadSnapshot(230)) - group-884FD447AF98: The snapshot info is null. Setting the last applied indexto:(t:0, i:~)
2019-09-24 21:32:28,319 [pool-409-thread-1] INFO  server.RaftServerConfigKeys (ConfUtils.java:logGet(43)) - raft.server.notification.no-leader.timeout = 120s (custom)
2019-09-24 21:32:28,319 [pool-409-thread-1] INFO  server.RaftServerConfigKeys (ConfUtils.java:logGet(43)) - raft.server.log.use.memory = false (default)
2019-09-24 21:32:28,319 [pool-409-thread-1] INFO  server.RaftServerConfigKeys (ConfUtils.java:logGet(43)) - raft.server.log.purge.gap = 1000000 (custom)
2019-09-24 21:32:28,319 [pool-409-thread-1] INFO  server.RaftServerConfigKeys (ConfUtils.java:logGet(43)) - raft.server.log.appender.buffer.byte-limit = 33554432 (custom)
2019-09-24 21:32:28,319 [pool-409-thread-1] INFO  server.RaftServerConfigKeys (ConfUtils.java:logGet(43)) - raft.server.log.segment.size.max = 1048576 (custom)
2019-09-24 21:32:28,319 [pool-409-thread-1] INFO  server.RaftServerConfigKeys (ConfUtils.java:logGet(43)) - raft.server.log.segment.cache.num.max = 2 (custom)
2019-09-24 21:32:28,320 [pool-409-thread-1] INFO  segmented.SegmentedRaftLogWorker (SegmentedRaftLogWorker.java:<init>(172)) - new 94290360-2bfe-4a93-9331-d88f7dd2d9cb@group-884FD447AF98-SegmentedRaftLogWorker for RaftStorage:Storage Directory /workdir/hadoop-ozone/integration-test/target/test-dir/MiniOzoneClusterImpl-e0eb44de-bd0e-4674-8e7b-4e6e9938c619/datanode-0/data/ratis/3b876e05-6663-4e66-a969-884fd447af98
2019-09-24 21:32:28,322 [pool-409-thread-1] INFO  server.RaftServerConfigKeys (ConfUtils.java:logGet(43)) - raft.server.log.queue.byte-limit = 2147483647 (custom)
2019-09-24 21:32:28,322 [pool-409-thread-1] INFO  server.RaftServerConfigKeys (ConfUtils.java:logGet(43)) - raft.server.log.queue.element-limit = 1024 (custom)
2019-09-24 21:32:28,322 [pool-409-thread-1] INFO  server.RaftServerConfigKeys (ConfUtils.java:logGet(43)) - raft.server.log.segment.size.max = 1048576 (custom)
2019-09-24 21:32:28,322 [pool-409-thread-1] INFO  server.RaftServerConfigKeys (ConfUtils.java:logGet(43)) - raft.server.log.preallocated.size = 16384 (custom)
2019-09-24 21:32:28,322 [pool-409-thread-1] INFO  server.RaftServerConfigKeys (ConfUtils.java:logGet(43)) - raft.server.log.write.buffer.size = 33554432 (custom)
2019-09-24 21:32:28,322 [pool-409-thread-1] INFO  server.RaftServerConfigKeys (ConfUtils.java:logGet(43)) - raft.server.log.force.sync.num = 128 (default)
2019-09-24 21:32:28,322 [pool-409-thread-1] INFO  server.RaftServerConfigKeys (ConfUtils.java:logGet(43)) - raft.server.log.statemachine.data.sync = true (default)
2019-09-24 21:32:28,323 [pool-409-thread-1] INFO  server.RaftServerConfigKeys (ConfUtils.java:logGet(43)) - raft.server.log.statemachine.data.sync.timeout = 10s (default)
2019-09-24 21:32:28,323 [pool-409-thread-1] INFO  server.RaftServerConfigKeys (ConfUtils.java:logGet(43)) - raft.server.log.statemachine.data.sync.timeout.retry = -1 (default)
2019-09-24 21:32:28,323 [pool-409-thread-1] INFO  server.RaftServerConfigKeys (ConfUtils.java:logGet(43)) - raft.server.log.statemachine.data.caching.enabled = true (custom)
2019-09-24 21:32:28,323 [pool-409-thread-1] INFO  segmented.SegmentedRaftLogWorker (SegmentedRaftLogWorker.java:lambda$new$0(132)) - 94290360-2bfe-4a93-9331-d88f7dd2d9cb@group-884FD447AF98-SegmentedRaftLogWorker: flushIndex: setUnconditionally 0 -> -1
2019-09-24 21:32:28,324 [pool-409-thread-1] INFO  server.RaftServerConfigKeys (ConfUtils.java:logGet(43)) - raft.server.snapshot.auto.trigger.enabled = true (custom)
2019-09-24 21:32:28,324 [pool-409-thread-1] INFO  server.RaftServerConfigKeys (ConfUtils.java:logGet(43)) - raft.server.snapshot.auto.trigger.threshold = 10000 (custom)
2019-09-24 21:32:28,324 [pool-409-thread-1] INFO  server.RaftServerConfigKeys (ConfUtils.java:logGet(43)) - raft.server.snapshot.retention.num.files = 5 (custom)
2019-09-24 21:32:28,324 [pool-409-thread-1] INFO  server.RaftServerConfigKeys (ConfUtils.java:logGet(43)) - raft.server.retrycache.expirytime = 600000ms (custom)
2019-09-24 21:32:28,326 [pool-409-thread-1] INFO  impl.RaftServerImpl (RaftServerImpl.java:start(185)) - 94290360-2bfe-4a93-9331-d88f7dd2d9cb@group-884FD447AF98: start as a follower, conf=-1: [94290360-2bfe-4a93-9331-d88f7dd2d9cb:192.168.151.77:34622], old=null
2019-09-24 21:32:28,326 [pool-409-thread-1] INFO  impl.RaftServerImpl (RaftServerImpl.java:setRole(174)) - 94290360-2bfe-4a93-9331-d88f7dd2d9cb@group-884FD447AF98: changes role from      null to FOLLOWER at term 0 for startAsFollower
2019-09-24 21:32:28,326 [pool-409-thread-1] INFO  impl.RoleInfo (RoleInfo.java:updateAndGet(143)) - 94290360-2bfe-4a93-9331-d88f7dd2d9cb: start FollowerState
2019-09-24 21:32:28,327 [pool-409-thread-1] INFO  util.JmxRegister (JmxRegister.java:tryRegister(44)) - Successfully registered JMX Bean with object name Ratis:service=RaftServer,group=group-884FD447AF98,id=94290360-2bfe-4a93-9331-d88f7dd2d9cb
2019-09-24 21:32:28,333 [RatisPipelineUtilsThread] INFO  pipeline.PipelineStateManager (PipelineStateManager.java:addPipeline(56)) - Created pipeline Pipeline[ Id: 3b876e05-6663-4e66-a969-884fd447af98, Nodes: 94290360-2bfe-4a93-9331-d88f7dd2d9cb{ip: 192.168.151.77, host: pr-hdds-2149-mjjcq-3576968246, networkLocation: /default-rack, certSerialId: null}, Type:RATIS, Factor:ONE, State:OPEN]
2019-09-24 21:32:28,338 [IPC Server handler 4 on 41909] INFO  net.NetworkTopology (NetworkTopologyImpl.java:add(111)) - Added a new node: /default-rack/cf57d365-aa31-484d-bfcc-0badfa6ed4e2
2019-09-24 21:32:28,338 [IPC Server handler 4 on 41909] INFO  node.SCMNodeManager (SCMNodeManager.java:register(266)) - Registered Data node : cf57d365-aa31-484d-bfcc-0badfa6ed4e2{ip: 192.168.151.77, host: pr-hdds-2149-mjjcq-3576968246, networkLocation: /default-rack, certSerialId: null}
2019-09-24 21:32:28,343 [grpc-default-executor-2] INFO  impl.RaftServerProxy (RaftServerProxy.java:addNew(89)) - cf57d365-aa31-484d-bfcc-0badfa6ed4e2: addNew group-4164157D19B8:[cf57d365-aa31-484d-bfcc-0badfa6ed4e2:192.168.151.77:45487] returns group-4164157D19B8:java.util.concurrent.CompletableFuture@5620cab8[Not completed]
2019-09-24 21:32:28,344 [pool-419-thread-1] INFO  impl.RaftServerImpl (RaftServerImpl.java:<init>(95)) - cf57d365-aa31-484d-bfcc-0badfa6ed4e2: new RaftServerImpl for group-4164157D19B8:[cf57d365-aa31-484d-bfcc-0badfa6ed4e2:192.168.151.77:45487] with ContainerStateMachine:uninitialized
2019-09-24 21:32:28,344 [pool-419-thread-1] INFO  server.RaftServerConfigKeys (ConfUtils.java:logGet(43)) - raft.server.rpc.timeout.min = 5s (custom)
2019-09-24 21:32:28,344 [pool-419-thread-1] INFO  server.RaftServerConfigKeys (ConfUtils.java:logGet(43)) - raft.server.rpc.timeout.max = 5200ms (custom)
2019-09-24 21:32:28,345 [pool-419-thread-1] INFO  server.RaftServerConfigKeys (ConfUtils.java:logGet(43)) - raft.server.rpcslowness.timeout = 120s (custom)
2019-09-24 21:32:28,345 [pool-419-thread-1] INFO  server.RaftServerConfigKeys (ConfUtils.java:logGet(43)) - raft.server.sleep.deviation.threshold = 300 (default)
2019-09-24 21:32:28,345 [pool-419-thread-1] INFO  server.RaftServerConfigKeys (ConfUtils.java:logGet(43)) - raft.server.log.appender.install.snapshot.enabled = false (custom)
2019-09-24 21:32:28,345 [pool-419-thread-1] INFO  impl.RaftServerImpl (ServerState.java:<init>(103)) - cf57d365-aa31-484d-bfcc-0badfa6ed4e2@group-4164157D19B8: ConfigurationManager, init=-1: [cf57d365-aa31-484d-bfcc-0badfa6ed4e2:192.168.151.77:45487], old=null, confs=<EMPTY_MAP>
2019-09-24 21:32:28,345 [pool-419-thread-1] INFO  server.RaftServerConfigKeys (ConfUtils.java:logGet(43)) - raft.server.storage.dir = [/workdir/hadoop-ozone/integration-test/target/test-dir/MiniOzoneClusterImpl-e0eb44de-bd0e-4674-8e7b-4e6e9938c619/datanode-1/data/ratis] (custom)
2019-09-24 21:32:28,345 [pool-419-thread-1] INFO  storage.RaftStorageDirectory (RaftStorageDirectory.java:analyzeStorage(246)) - The storage directory /workdir/hadoop-ozone/integration-test/target/test-dir/MiniOzoneClusterImpl-e0eb44de-bd0e-4674-8e7b-4e6e9938c619/datanode-1/data/ratis/c3d2a1d5-fe79-47ee-bf90-4164157d19b8 does not exist. Creating ...
2019-09-24 21:32:28,357 [pool-419-thread-1] INFO  storage.RaftStorageDirectory (RaftStorageDirectory.java:tryLock(328)) - Lock on /workdir/hadoop-ozone/integration-test/target/test-dir/MiniOzoneClusterImpl-e0eb44de-bd0e-4674-8e7b-4e6e9938c619/datanode-1/data/ratis/c3d2a1d5-fe79-47ee-bf90-4164157d19b8/in_use.lock acquired by nodename 23567@pr-hdds-2149-mjjcq-3576968246
2019-09-24 21:32:28,370 [pool-419-thread-1] INFO  storage.RaftStorage (RaftStorage.java:format(72)) - Storage directory /workdir/hadoop-ozone/integration-test/target/test-dir/MiniOzoneClusterImpl-e0eb44de-bd0e-4674-8e7b-4e6e9938c619/datanode-1/data/ratis/c3d2a1d5-fe79-47ee-bf90-4164157d19b8 has been successfully formatted.
2019-09-24 21:32:28,370 [pool-419-thread-1] INFO  ratis.ContainerStateMachine (ContainerStateMachine.java:loadSnapshot(230)) - group-4164157D19B8: The snapshot info is null. Setting the last applied indexto:(t:0, i:~)
2019-09-24 21:32:28,370 [pool-419-thread-1] INFO  server.RaftServerConfigKeys (ConfUtils.java:logGet(43)) - raft.server.notification.no-leader.timeout = 120s (custom)
2019-09-24 21:32:28,370 [pool-419-thread-1] INFO  server.RaftServerConfigKeys (ConfUtils.java:logGet(43)) - raft.server.log.use.memory = false (default)
2019-09-24 21:32:28,370 [pool-419-thread-1] INFO  server.RaftServerConfigKeys (ConfUtils.java:logGet(43)) - raft.server.log.purge.gap = 1000000 (custom)
2019-09-24 21:32:28,371 [pool-419-thread-1] INFO  server.RaftServerConfigKeys (ConfUtils.java:logGet(43)) - raft.server.log.appender.buffer.byte-limit = 33554432 (custom)
2019-09-24 21:32:28,371 [pool-419-thread-1] INFO  server.RaftServerConfigKeys (ConfUtils.java:logGet(43)) - raft.server.log.segment.size.max = 1048576 (custom)
2019-09-24 21:32:28,371 [pool-419-thread-1] INFO  server.RaftServerConfigKeys (ConfUtils.java:logGet(43)) - raft.server.log.segment.cache.num.max = 2 (custom)
2019-09-24 21:32:28,371 [pool-419-thread-1] INFO  segmented.SegmentedRaftLogWorker (SegmentedRaftLogWorker.java:<init>(172)) - new cf57d365-aa31-484d-bfcc-0badfa6ed4e2@group-4164157D19B8-SegmentedRaftLogWorker for RaftStorage:Storage Directory /workdir/hadoop-ozone/integration-test/target/test-dir/MiniOzoneClusterImpl-e0eb44de-bd0e-4674-8e7b-4e6e9938c619/datanode-1/data/ratis/c3d2a1d5-fe79-47ee-bf90-4164157d19b8
2019-09-24 21:32:28,372 [pool-419-thread-1] INFO  server.RaftServerConfigKeys (ConfUtils.java:logGet(43)) - raft.server.log.queue.byte-limit = 2147483647 (custom)
2019-09-24 21:32:28,372 [pool-419-thread-1] INFO  server.RaftServerConfigKeys (ConfUtils.java:logGet(43)) - raft.server.log.queue.element-limit = 1024 (custom)
2019-09-24 21:32:28,373 [pool-419-thread-1] INFO  server.RaftServerConfigKeys (ConfUtils.java:logGet(43)) - raft.server.log.segment.size.max = 1048576 (custom)
2019-09-24 21:32:28,373 [pool-419-thread-1] INFO  server.RaftServerConfigKeys (ConfUtils.java:logGet(43)) - raft.server.log.preallocated.size = 16384 (custom)
2019-09-24 21:32:28,373 [pool-419-thread-1] INFO  server.RaftServerConfigKeys (ConfUtils.java:logGet(43)) - raft.server.log.write.buffer.size = 33554432 (custom)
2019-09-24 21:32:28,373 [pool-419-thread-1] INFO  server.RaftServerConfigKeys (ConfUtils.java:logGet(43)) - raft.server.log.force.sync.num = 128 (default)
2019-09-24 21:32:28,373 [pool-419-thread-1] INFO  server.RaftServerConfigKeys (ConfUtils.java:logGet(43)) - raft.server.log.statemachine.data.sync = true (default)
2019-09-24 21:32:28,373 [pool-419-thread-1] INFO  server.RaftServerConfigKeys (ConfUtils.java:logGet(43)) - raft.server.log.statemachine.data.sync.timeout = 10s (default)
2019-09-24 21:32:28,373 [pool-419-thread-1] INFO  server.RaftServerConfigKeys (ConfUtils.java:logGet(43)) - raft.server.log.statemachine.data.sync.timeout.retry = -1 (default)
2019-09-24 21:32:28,373 [pool-419-thread-1] INFO  server.RaftServerConfigKeys (ConfUtils.java:logGet(43)) - raft.server.log.statemachine.data.caching.enabled = true (custom)
2019-09-24 21:32:28,374 [pool-419-thread-1] INFO  segmented.SegmentedRaftLogWorker (SegmentedRaftLogWorker.java:lambda$new$0(132)) - cf57d365-aa31-484d-bfcc-0badfa6ed4e2@group-4164157D19B8-SegmentedRaftLogWorker: flushIndex: setUnconditionally 0 -> -1
2019-09-24 21:32:28,374 [pool-419-thread-1] INFO  server.RaftServerConfigKeys (ConfUtils.java:logGet(43)) - raft.server.snapshot.auto.trigger.enabled = true (custom)
2019-09-24 21:32:28,374 [pool-419-thread-1] INFO  server.RaftServerConfigKeys (ConfUtils.java:logGet(43)) - raft.server.snapshot.auto.trigger.threshold = 10000 (custom)
2019-09-24 21:32:28,374 [pool-419-thread-1] INFO  server.RaftServerConfigKeys (ConfUtils.java:logGet(43)) - raft.server.snapshot.retention.num.files = 5 (custom)
2019-09-24 21:32:28,374 [pool-419-thread-1] INFO  server.RaftServerConfigKeys (ConfUtils.java:logGet(43)) - raft.server.retrycache.expirytime = 600000ms (custom)
2019-09-24 21:32:28,377 [pool-419-thread-1] INFO  impl.RaftServerImpl (RaftServerImpl.java:start(185)) - cf57d365-aa31-484d-bfcc-0badfa6ed4e2@group-4164157D19B8: start as a follower, conf=-1: [cf57d365-aa31-484d-bfcc-0badfa6ed4e2:192.168.151.77:45487], old=null
2019-09-24 21:32:28,377 [pool-419-thread-1] INFO  impl.RaftServerImpl (RaftServerImpl.java:setRole(174)) - cf57d365-aa31-484d-bfcc-0badfa6ed4e2@group-4164157D19B8: changes role from      null to FOLLOWER at term 0 for startAsFollower
2019-09-24 21:32:28,377 [pool-419-thread-1] INFO  impl.RoleInfo (RoleInfo.java:updateAndGet(143)) - cf57d365-aa31-484d-bfcc-0badfa6ed4e2: start FollowerState
2019-09-24 21:32:28,377 [pool-419-thread-1] INFO  util.JmxRegister (JmxRegister.java:tryRegister(44)) - Successfully registered JMX Bean with object name Ratis:service=RaftServer,group=group-4164157D19B8,id=cf57d365-aa31-484d-bfcc-0badfa6ed4e2
2019-09-24 21:32:28,382 [RatisPipelineUtilsThread] INFO  pipeline.PipelineStateManager (PipelineStateManager.java:addPipeline(56)) - Created pipeline Pipeline[ Id: c3d2a1d5-fe79-47ee-bf90-4164157d19b8, Nodes: cf57d365-aa31-484d-bfcc-0badfa6ed4e2{ip: 192.168.151.77, host: pr-hdds-2149-mjjcq-3576968246, networkLocation: /default-rack, certSerialId: null}, Type:RATIS, Factor:ONE, State:OPEN]
2019-09-24 21:32:28,397 [IPC Server handler 5 on 41909] INFO  net.NetworkTopology (NetworkTopologyImpl.java:add(111)) - Added a new node: /default-rack/2f4dfe29-3e90-48ef-b709-7e8c2e788841
2019-09-24 21:32:28,397 [IPC Server handler 5 on 41909] INFO  node.SCMNodeManager (SCMNodeManager.java:register(266)) - Registered Data node : 2f4dfe29-3e90-48ef-b709-7e8c2e788841{ip: 192.168.151.77, host: pr-hdds-2149-mjjcq-3576968246, networkLocation: /default-rack, certSerialId: null}
2019-09-24 21:32:28,402 [grpc-default-executor-2] INFO  impl.RaftServerProxy (RaftServerProxy.java:addNew(89)) - 2f4dfe29-3e90-48ef-b709-7e8c2e788841: addNew group-B169031DC4D5:[2f4dfe29-3e90-48ef-b709-7e8c2e788841:192.168.151.77:35613] returns group-B169031DC4D5:java.util.concurrent.CompletableFuture@64ebb2f2[Not completed]
2019-09-24 21:32:28,403 [pool-429-thread-1] INFO  impl.RaftServerImpl (RaftServerImpl.java:<init>(95)) - 2f4dfe29-3e90-48ef-b709-7e8c2e788841: new RaftServerImpl for group-B169031DC4D5:[2f4dfe29-3e90-48ef-b709-7e8c2e788841:192.168.151.77:35613] with ContainerStateMachine:uninitialized
2019-09-24 21:32:28,403 [pool-429-thread-1] INFO  server.RaftServerConfigKeys (ConfUtils.java:logGet(43)) - raft.server.rpc.timeout.min = 5s (custom)
2019-09-24 21:32:28,403 [pool-429-thread-1] INFO  server.RaftServerConfigKeys (ConfUtils.java:logGet(43)) - raft.server.rpc.timeout.max = 5200ms (custom)
2019-09-24 21:32:28,403 [pool-429-thread-1] INFO  server.RaftServerConfigKeys (ConfUtils.java:logGet(43)) - raft.server.rpcslowness.timeout = 120s (custom)
2019-09-24 21:32:28,403 [pool-429-thread-1] INFO  server.RaftServerConfigKeys (ConfUtils.java:logGet(43)) - raft.server.sleep.deviation.threshold = 300 (default)
2019-09-24 21:32:28,403 [pool-429-thread-1] INFO  server.RaftServerConfigKeys (ConfUtils.java:logGet(43)) - raft.server.log.appender.install.snapshot.enabled = false (custom)
2019-09-24 21:32:28,403 [pool-429-thread-1] INFO  impl.RaftServerImpl (ServerState.java:<init>(103)) - 2f4dfe29-3e90-48ef-b709-7e8c2e788841@group-B169031DC4D5: ConfigurationManager, init=-1: [2f4dfe29-3e90-48ef-b709-7e8c2e788841:192.168.151.77:35613], old=null, confs=<EMPTY_MAP>
2019-09-24 21:32:28,403 [pool-429-thread-1] INFO  server.RaftServerConfigKeys (ConfUtils.java:logGet(43)) - raft.server.storage.dir = [/workdir/hadoop-ozone/integration-test/target/test-dir/MiniOzoneClusterImpl-e0eb44de-bd0e-4674-8e7b-4e6e9938c619/datanode-2/data/ratis] (custom)
2019-09-24 21:32:28,404 [pool-429-thread-1] INFO  storage.RaftStorageDirectory (RaftStorageDirectory.java:analyzeStorage(246)) - The storage directory /workdir/hadoop-ozone/integration-test/target/test-dir/MiniOzoneClusterImpl-e0eb44de-bd0e-4674-8e7b-4e6e9938c619/datanode-2/data/ratis/43f0fd21-27ec-4dbb-9675-b169031dc4d5 does not exist. Creating ...
2019-09-24 21:32:28,417 [pool-429-thread-1] INFO  storage.RaftStorageDirectory (RaftStorageDirectory.java:tryLock(328)) - Lock on /workdir/hadoop-ozone/integration-test/target/test-dir/MiniOzoneClusterImpl-e0eb44de-bd0e-4674-8e7b-4e6e9938c619/datanode-2/data/ratis/43f0fd21-27ec-4dbb-9675-b169031dc4d5/in_use.lock acquired by nodename 23567@pr-hdds-2149-mjjcq-3576968246
2019-09-24 21:32:28,446 [pool-429-thread-1] INFO  storage.RaftStorage (RaftStorage.java:format(72)) - Storage directory /workdir/hadoop-ozone/integration-test/target/test-dir/MiniOzoneClusterImpl-e0eb44de-bd0e-4674-8e7b-4e6e9938c619/datanode-2/data/ratis/43f0fd21-27ec-4dbb-9675-b169031dc4d5 has been successfully formatted.
2019-09-24 21:32:28,446 [pool-429-thread-1] INFO  ratis.ContainerStateMachine (ContainerStateMachine.java:loadSnapshot(230)) - group-B169031DC4D5: The snapshot info is null. Setting the last applied indexto:(t:0, i:~)
2019-09-24 21:32:28,446 [pool-429-thread-1] INFO  server.RaftServerConfigKeys (ConfUtils.java:logGet(43)) - raft.server.notification.no-leader.timeout = 120s (custom)
2019-09-24 21:32:28,446 [pool-429-thread-1] INFO  server.RaftServerConfigKeys (ConfUtils.java:logGet(43)) - raft.server.log.use.memory = false (default)
2019-09-24 21:32:28,447 [pool-429-thread-1] INFO  server.RaftServerConfigKeys (ConfUtils.java:logGet(43)) - raft.server.log.purge.gap = 1000000 (custom)
2019-09-24 21:32:28,447 [pool-429-thread-1] INFO  server.RaftServerConfigKeys (ConfUtils.java:logGet(43)) - raft.server.log.appender.buffer.byte-limit = 33554432 (custom)
2019-09-24 21:32:28,447 [pool-429-thread-1] INFO  server.RaftServerConfigKeys (ConfUtils.java:logGet(43)) - raft.server.log.segment.size.max = 1048576 (custom)
2019-09-24 21:32:28,447 [pool-429-thread-1] INFO  server.RaftServerConfigKeys (ConfUtils.java:logGet(43)) - raft.server.log.segment.cache.num.max = 2 (custom)
2019-09-24 21:32:28,447 [pool-429-thread-1] INFO  segmented.SegmentedRaftLogWorker (SegmentedRaftLogWorker.java:<init>(172)) - new 2f4dfe29-3e90-48ef-b709-7e8c2e788841@group-B169031DC4D5-SegmentedRaftLogWorker for RaftStorage:Storage Directory /workdir/hadoop-ozone/integration-test/target/test-dir/MiniOzoneClusterImpl-e0eb44de-bd0e-4674-8e7b-4e6e9938c619/datanode-2/data/ratis/43f0fd21-27ec-4dbb-9675-b169031dc4d5
2019-09-24 21:32:28,448 [pool-429-thread-1] INFO  server.RaftServerConfigKeys (ConfUtils.java:logGet(43)) - raft.server.log.queue.byte-limit = 2147483647 (custom)
2019-09-24 21:32:28,448 [pool-429-thread-1] INFO  server.RaftServerConfigKeys (ConfUtils.java:logGet(43)) - raft.server.log.queue.element-limit = 1024 (custom)
2019-09-24 21:32:28,448 [pool-429-thread-1] INFO  server.RaftServerConfigKeys (ConfUtils.java:logGet(43)) - raft.server.log.segment.size.max = 1048576 (custom)
2019-09-24 21:32:28,448 [pool-429-thread-1] INFO  server.RaftServerConfigKeys (ConfUtils.java:logGet(43)) - raft.server.log.preallocated.size = 16384 (custom)
2019-09-24 21:32:28,448 [pool-429-thread-1] INFO  server.RaftServerConfigKeys (ConfUtils.java:logGet(43)) - raft.server.log.write.buffer.size = 33554432 (custom)
2019-09-24 21:32:28,449 [pool-429-thread-1] INFO  server.RaftServerConfigKeys (ConfUtils.java:logGet(43)) - raft.server.log.force.sync.num = 128 (default)
2019-09-24 21:32:28,449 [pool-429-thread-1] INFO  server.RaftServerConfigKeys (ConfUtils.java:logGet(43)) - raft.server.log.statemachine.data.sync = true (default)
2019-09-24 21:32:28,449 [pool-429-thread-1] INFO  server.RaftServerConfigKeys (ConfUtils.java:logGet(43)) - raft.server.log.statemachine.data.sync.timeout = 10s (default)
2019-09-24 21:32:28,449 [pool-429-thread-1] INFO  server.RaftServerConfigKeys (ConfUtils.java:logGet(43)) - raft.server.log.statemachine.data.sync.timeout.retry = -1 (default)
2019-09-24 21:32:28,449 [pool-429-thread-1] INFO  server.RaftServerConfigKeys (ConfUtils.java:logGet(43)) - raft.server.log.statemachine.data.caching.enabled = true (custom)
2019-09-24 21:32:28,449 [pool-429-thread-1] INFO  segmented.SegmentedRaftLogWorker (SegmentedRaftLogWorker.java:lambda$new$0(132)) - 2f4dfe29-3e90-48ef-b709-7e8c2e788841@group-B169031DC4D5-SegmentedRaftLogWorker: flushIndex: setUnconditionally 0 -> -1
2019-09-24 21:32:28,449 [pool-429-thread-1] INFO  server.RaftServerConfigKeys (ConfUtils.java:logGet(43)) - raft.server.snapshot.auto.trigger.enabled = true (custom)
2019-09-24 21:32:28,449 [pool-429-thread-1] INFO  server.RaftServerConfigKeys (ConfUtils.java:logGet(43)) - raft.server.snapshot.auto.trigger.threshold = 10000 (custom)
2019-09-24 21:32:28,450 [pool-429-thread-1] INFO  server.RaftServerConfigKeys (ConfUtils.java:logGet(43)) - raft.server.snapshot.retention.num.files = 5 (custom)
2019-09-24 21:32:28,450 [pool-429-thread-1] INFO  server.RaftServerConfigKeys (ConfUtils.java:logGet(43)) - raft.server.retrycache.expirytime = 600000ms (custom)
2019-09-24 21:32:28,451 [pool-429-thread-1] INFO  impl.RaftServerImpl (RaftServerImpl.java:start(185)) - 2f4dfe29-3e90-48ef-b709-7e8c2e788841@group-B169031DC4D5: start as a follower, conf=-1: [2f4dfe29-3e90-48ef-b709-7e8c2e788841:192.168.151.77:35613], old=null
2019-09-24 21:32:28,451 [pool-429-thread-1] INFO  impl.RaftServerImpl (RaftServerImpl.java:setRole(174)) - 2f4dfe29-3e90-48ef-b709-7e8c2e788841@group-B169031DC4D5: changes role from      null to FOLLOWER at term 0 for startAsFollower
2019-09-24 21:32:28,451 [pool-429-thread-1] INFO  impl.RoleInfo (RoleInfo.java:updateAndGet(143)) - 2f4dfe29-3e90-48ef-b709-7e8c2e788841: start FollowerState
2019-09-24 21:32:28,451 [pool-429-thread-1] INFO  util.JmxRegister (JmxRegister.java:tryRegister(44)) - Successfully registered JMX Bean with object name Ratis:service=RaftServer,group=group-B169031DC4D5,id=2f4dfe29-3e90-48ef-b709-7e8c2e788841
2019-09-24 21:32:28,454 [RatisPipelineUtilsThread] INFO  pipeline.PipelineStateManager (PipelineStateManager.java:addPipeline(56)) - Created pipeline Pipeline[ Id: 43f0fd21-27ec-4dbb-9675-b169031dc4d5, Nodes: 2f4dfe29-3e90-48ef-b709-7e8c2e788841{ip: 192.168.151.77, host: pr-hdds-2149-mjjcq-3576968246, networkLocation: /default-rack, certSerialId: null}, Type:RATIS, Factor:ONE, State:OPEN]
2019-09-24 21:32:28,456 [IPC Server handler 6 on 41909] INFO  net.NetworkTopology (NetworkTopologyImpl.java:add(111)) - Added a new node: /default-rack/552ebd75-c27c-494a-8f75-4c4c056df87d
2019-09-24 21:32:28,456 [IPC Server handler 6 on 41909] INFO  node.SCMNodeManager (SCMNodeManager.java:register(266)) - Registered Data node : 552ebd75-c27c-494a-8f75-4c4c056df87d{ip: 192.168.151.77, host: pr-hdds-2149-mjjcq-3576968246, networkLocation: /default-rack, certSerialId: null}
2019-09-24 21:32:28,461 [grpc-default-executor-8] INFO  impl.RaftServerProxy (RaftServerProxy.java:addNew(89)) - cf57d365-aa31-484d-bfcc-0badfa6ed4e2: addNew group-94AF7948C380:[94290360-2bfe-4a93-9331-d88f7dd2d9cb:192.168.151.77:34622, 2f4dfe29-3e90-48ef-b709-7e8c2e788841:192.168.151.77:35613, cf57d365-aa31-484d-bfcc-0badfa6ed4e2:192.168.151.77:45487] returns group-94AF7948C380:java.util.concurrent.CompletableFuture@19065702[Not completed]
2019-09-24 21:32:28,461 [grpc-default-executor-7] INFO  impl.RaftServerProxy (RaftServerProxy.java:addNew(89)) - 2f4dfe29-3e90-48ef-b709-7e8c2e788841: addNew group-94AF7948C380:[94290360-2bfe-4a93-9331-d88f7dd2d9cb:192.168.151.77:34622, 2f4dfe29-3e90-48ef-b709-7e8c2e788841:192.168.151.77:35613, cf57d365-aa31-484d-bfcc-0badfa6ed4e2:192.168.151.77:45487] returns group-94AF7948C380:java.util.concurrent.CompletableFuture@6d5dde79[Not completed]
2019-09-24 21:32:28,461 [grpc-default-executor-2] INFO  impl.RaftServerProxy (RaftServerProxy.java:addNew(89)) - 94290360-2bfe-4a93-9331-d88f7dd2d9cb: addNew group-94AF7948C380:[94290360-2bfe-4a93-9331-d88f7dd2d9cb:192.168.151.77:34622, 2f4dfe29-3e90-48ef-b709-7e8c2e788841:192.168.151.77:35613, cf57d365-aa31-484d-bfcc-0badfa6ed4e2:192.168.151.77:45487] returns group-94AF7948C380:java.util.concurrent.CompletableFuture@95f1779[Not completed]
2019-09-24 21:32:28,461 [pool-429-thread-1] INFO  impl.RaftServerImpl (RaftServerImpl.java:<init>(95)) - 2f4dfe29-3e90-48ef-b709-7e8c2e788841: new RaftServerImpl for group-94AF7948C380:[94290360-2bfe-4a93-9331-d88f7dd2d9cb:192.168.151.77:34622, 2f4dfe29-3e90-48ef-b709-7e8c2e788841:192.168.151.77:35613, cf57d365-aa31-484d-bfcc-0badfa6ed4e2:192.168.151.77:45487] with ContainerStateMachine:uninitialized
2019-09-24 21:32:28,462 [pool-429-thread-1] INFO  server.RaftServerConfigKeys (ConfUtils.java:logGet(43)) - raft.server.rpc.timeout.min = 5s (custom)
2019-09-24 21:32:28,462 [pool-429-thread-1] INFO  server.RaftServerConfigKeys (ConfUtils.java:logGet(43)) - raft.server.rpc.timeout.max = 5200ms (custom)
2019-09-24 21:32:28,462 [pool-429-thread-1] INFO  server.RaftServerConfigKeys (ConfUtils.java:logGet(43)) - raft.server.rpcslowness.timeout = 120s (custom)
2019-09-24 21:32:28,462 [pool-429-thread-1] INFO  server.RaftServerConfigKeys (ConfUtils.java:logGet(43)) - raft.server.sleep.deviation.threshold = 300 (default)
2019-09-24 21:32:28,462 [pool-429-thread-1] INFO  server.RaftServerConfigKeys (ConfUtils.java:logGet(43)) - raft.server.log.appender.install.snapshot.enabled = false (custom)
2019-09-24 21:32:28,462 [pool-429-thread-1] INFO  impl.RaftServerImpl (ServerState.java:<init>(103)) - 2f4dfe29-3e90-48ef-b709-7e8c2e788841@group-94AF7948C380: ConfigurationManager, init=-1: [94290360-2bfe-4a93-9331-d88f7dd2d9cb:192.168.151.77:34622, 2f4dfe29-3e90-48ef-b709-7e8c2e788841:192.168.151.77:35613, cf57d365-aa31-484d-bfcc-0badfa6ed4e2:192.168.151.77:45487], old=null, confs=<EMPTY_MAP>
2019-09-24 21:32:28,462 [pool-419-thread-1] INFO  impl.RaftServerImpl (RaftServerImpl.java:<init>(95)) - cf57d365-aa31-484d-bfcc-0badfa6ed4e2: new RaftServerImpl for group-94AF7948C380:[94290360-2bfe-4a93-9331-d88f7dd2d9cb:192.168.151.77:34622, 2f4dfe29-3e90-48ef-b709-7e8c2e788841:192.168.151.77:35613, cf57d365-aa31-484d-bfcc-0badfa6ed4e2:192.168.151.77:45487] with ContainerStateMachine:uninitialized
2019-09-24 21:32:28,462 [pool-429-thread-1] INFO  server.RaftServerConfigKeys (ConfUtils.java:logGet(43)) - raft.server.storage.dir = [/workdir/hadoop-ozone/integration-test/target/test-dir/MiniOzoneClusterImpl-e0eb44de-bd0e-4674-8e7b-4e6e9938c619/datanode-2/data/ratis] (custom)
2019-09-24 21:32:28,462 [pool-419-thread-1] INFO  server.RaftServerConfigKeys (ConfUtils.java:logGet(43)) - raft.server.rpc.timeout.min = 5s (custom)
2019-09-24 21:32:28,462 [pool-409-thread-1] INFO  impl.RaftServerImpl (RaftServerImpl.java:<init>(95)) - 94290360-2bfe-4a93-9331-d88f7dd2d9cb: new RaftServerImpl for group-94AF7948C380:[94290360-2bfe-4a93-9331-d88f7dd2d9cb:192.168.151.77:34622, 2f4dfe29-3e90-48ef-b709-7e8c2e788841:192.168.151.77:35613, cf57d365-aa31-484d-bfcc-0badfa6ed4e2:192.168.151.77:45487] with ContainerStateMachine:uninitialized
2019-09-24 21:32:28,462 [pool-419-thread-1] INFO  server.RaftServerConfigKeys (ConfUtils.java:logGet(43)) - raft.server.rpc.timeout.max = 5200ms (custom)
2019-09-24 21:32:28,462 [pool-429-thread-1] INFO  storage.RaftStorageDirectory (RaftStorageDirectory.java:analyzeStorage(246)) - The storage directory /workdir/hadoop-ozone/integration-test/target/test-dir/MiniOzoneClusterImpl-e0eb44de-bd0e-4674-8e7b-4e6e9938c619/datanode-2/data/ratis/e65f8ee6-da18-4a51-840b-94af7948c380 does not exist. Creating ...
2019-09-24 21:32:28,463 [pool-419-thread-1] INFO  server.RaftServerConfigKeys (ConfUtils.java:logGet(43)) - raft.server.rpcslowness.timeout = 120s (custom)
2019-09-24 21:32:28,462 [pool-409-thread-1] INFO  server.RaftServerConfigKeys (ConfUtils.java:logGet(43)) - raft.server.rpc.timeout.min = 5s (custom)
2019-09-24 21:32:28,463 [pool-419-thread-1] INFO  server.RaftServerConfigKeys (ConfUtils.java:logGet(43)) - raft.server.sleep.deviation.threshold = 300 (default)
2019-09-24 21:32:28,463 [pool-409-thread-1] INFO  server.RaftServerConfigKeys (ConfUtils.java:logGet(43)) - raft.server.rpc.timeout.max = 5200ms (custom)
2019-09-24 21:32:28,463 [pool-419-thread-1] INFO  server.RaftServerConfigKeys (ConfUtils.java:logGet(43)) - raft.server.log.appender.install.snapshot.enabled = false (custom)
2019-09-24 21:32:28,463 [pool-409-thread-1] INFO  server.RaftServerConfigKeys (ConfUtils.java:logGet(43)) - raft.server.rpcslowness.timeout = 120s (custom)
2019-09-24 21:32:28,463 [pool-419-thread-1] INFO  impl.RaftServerImpl (ServerState.java:<init>(103)) - cf57d365-aa31-484d-bfcc-0badfa6ed4e2@group-94AF7948C380: ConfigurationManager, init=-1: [94290360-2bfe-4a93-9331-d88f7dd2d9cb:192.168.151.77:34622, 2f4dfe29-3e90-48ef-b709-7e8c2e788841:192.168.151.77:35613, cf57d365-aa31-484d-bfcc-0badfa6ed4e2:192.168.151.77:45487], old=null, confs=<EMPTY_MAP>
2019-09-24 21:32:28,463 [pool-409-thread-1] INFO  server.RaftServerConfigKeys (ConfUtils.java:logGet(43)) - raft.server.sleep.deviation.threshold = 300 (default)
2019-09-24 21:32:28,463 [pool-419-thread-1] INFO  server.RaftServerConfigKeys (ConfUtils.java:logGet(43)) - raft.server.storage.dir = [/workdir/hadoop-ozone/integration-test/target/test-dir/MiniOzoneClusterImpl-e0eb44de-bd0e-4674-8e7b-4e6e9938c619/datanode-1/data/ratis] (custom)
2019-09-24 21:32:28,464 [pool-409-thread-1] INFO  server.RaftServerConfigKeys (ConfUtils.java:logGet(43)) - raft.server.log.appender.install.snapshot.enabled = false (custom)
2019-09-24 21:32:28,464 [pool-409-thread-1] INFO  impl.RaftServerImpl (ServerState.java:<init>(103)) - 94290360-2bfe-4a93-9331-d88f7dd2d9cb@group-94AF7948C380: ConfigurationManager, init=-1: [94290360-2bfe-4a93-9331-d88f7dd2d9cb:192.168.151.77:34622, 2f4dfe29-3e90-48ef-b709-7e8c2e788841:192.168.151.77:35613, cf57d365-aa31-484d-bfcc-0badfa6ed4e2:192.168.151.77:45487], old=null, confs=<EMPTY_MAP>
2019-09-24 21:32:28,464 [pool-409-thread-1] INFO  server.RaftServerConfigKeys (ConfUtils.java:logGet(43)) - raft.server.storage.dir = [/workdir/hadoop-ozone/integration-test/target/test-dir/MiniOzoneClusterImpl-e0eb44de-bd0e-4674-8e7b-4e6e9938c619/datanode-0/data/ratis] (custom)
2019-09-24 21:32:28,464 [pool-419-thread-1] INFO  storage.RaftStorageDirectory (RaftStorageDirectory.java:analyzeStorage(246)) - The storage directory /workdir/hadoop-ozone/integration-test/target/test-dir/MiniOzoneClusterImpl-e0eb44de-bd0e-4674-8e7b-4e6e9938c619/datanode-1/data/ratis/e65f8ee6-da18-4a51-840b-94af7948c380 does not exist. Creating ...
2019-09-24 21:32:28,464 [pool-409-thread-1] INFO  storage.RaftStorageDirectory (RaftStorageDirectory.java:analyzeStorage(246)) - The storage directory /workdir/hadoop-ozone/integration-test/target/test-dir/MiniOzoneClusterImpl-e0eb44de-bd0e-4674-8e7b-4e6e9938c619/datanode-0/data/ratis/e65f8ee6-da18-4a51-840b-94af7948c380 does not exist. Creating ...
2019-09-24 21:32:28,476 [pool-409-thread-1] INFO  storage.RaftStorageDirectory (RaftStorageDirectory.java:tryLock(328)) - Lock on /workdir/hadoop-ozone/integration-test/target/test-dir/MiniOzoneClusterImpl-e0eb44de-bd0e-4674-8e7b-4e6e9938c619/datanode-0/data/ratis/e65f8ee6-da18-4a51-840b-94af7948c380/in_use.lock acquired by nodename 23567@pr-hdds-2149-mjjcq-3576968246
2019-09-24 21:32:28,476 [pool-429-thread-1] INFO  storage.RaftStorageDirectory (RaftStorageDirectory.java:tryLock(328)) - Lock on /workdir/hadoop-ozone/integration-test/target/test-dir/MiniOzoneClusterImpl-e0eb44de-bd0e-4674-8e7b-4e6e9938c619/datanode-2/data/ratis/e65f8ee6-da18-4a51-840b-94af7948c380/in_use.lock acquired by nodename 23567@pr-hdds-2149-mjjcq-3576968246
2019-09-24 21:32:28,476 [pool-419-thread-1] INFO  storage.RaftStorageDirectory (RaftStorageDirectory.java:tryLock(328)) - Lock on /workdir/hadoop-ozone/integration-test/target/test-dir/MiniOzoneClusterImpl-e0eb44de-bd0e-4674-8e7b-4e6e9938c619/datanode-1/data/ratis/e65f8ee6-da18-4a51-840b-94af7948c380/in_use.lock acquired by nodename 23567@pr-hdds-2149-mjjcq-3576968246
2019-09-24 21:32:28,490 [pool-419-thread-1] INFO  storage.RaftStorage (RaftStorage.java:format(72)) - Storage directory /workdir/hadoop-ozone/integration-test/target/test-dir/MiniOzoneClusterImpl-e0eb44de-bd0e-4674-8e7b-4e6e9938c619/datanode-1/data/ratis/e65f8ee6-da18-4a51-840b-94af7948c380 has been successfully formatted.
2019-09-24 21:32:28,490 [pool-429-thread-1] INFO  storage.RaftStorage (RaftStorage.java:format(72)) - Storage directory /workdir/hadoop-ozone/integration-test/target/test-dir/MiniOzoneClusterImpl-e0eb44de-bd0e-4674-8e7b-4e6e9938c619/datanode-2/data/ratis/e65f8ee6-da18-4a51-840b-94af7948c380 has been successfully formatted.
2019-09-24 21:32:28,490 [pool-409-thread-1] INFO  storage.RaftStorage (RaftStorage.java:format(72)) - Storage directory /workdir/hadoop-ozone/integration-test/target/test-dir/MiniOzoneClusterImpl-e0eb44de-bd0e-4674-8e7b-4e6e9938c619/datanode-0/data/ratis/e65f8ee6-da18-4a51-840b-94af7948c380 has been successfully formatted.
2019-09-24 21:32:28,490 [pool-419-thread-1] INFO  ratis.ContainerStateMachine (ContainerStateMachine.java:loadSnapshot(230)) - group-94AF7948C380: The snapshot info is null. Setting the last applied indexto:(t:0, i:~)
2019-09-24 21:32:28,490 [pool-409-thread-1] INFO  ratis.ContainerStateMachine (ContainerStateMachine.java:loadSnapshot(230)) - group-94AF7948C380: The snapshot info is null. Setting the last applied indexto:(t:0, i:~)
2019-09-24 21:32:28,490 [pool-429-thread-1] INFO  ratis.ContainerStateMachine (ContainerStateMachine.java:loadSnapshot(230)) - group-94AF7948C380: The snapshot info is null. Setting the last applied indexto:(t:0, i:~)
2019-09-24 21:32:28,491 [pool-409-thread-1] INFO  server.RaftServerConfigKeys (ConfUtils.java:logGet(43)) - raft.server.notification.no-leader.timeout = 120s (custom)
2019-09-24 21:32:28,490 [pool-419-thread-1] INFO  server.RaftServerConfigKeys (ConfUtils.java:logGet(43)) - raft.server.notification.no-leader.timeout = 120s (custom)
2019-09-24 21:32:28,491 [pool-409-thread-1] INFO  server.RaftServerConfigKeys (ConfUtils.java:logGet(43)) - raft.server.log.use.memory = false (default)
2019-09-24 21:32:28,491 [pool-429-thread-1] INFO  server.RaftServerConfigKeys (ConfUtils.java:logGet(43)) - raft.server.notification.no-leader.timeout = 120s (custom)
2019-09-24 21:32:28,491 [pool-409-thread-1] INFO  server.RaftServerConfigKeys (ConfUtils.java:logGet(43)) - raft.server.log.purge.gap = 1000000 (custom)
2019-09-24 21:32:28,491 [pool-419-thread-1] INFO  server.RaftServerConfigKeys (ConfUtils.java:logGet(43)) - raft.server.log.use.memory = false (default)
2019-09-24 21:32:28,491 [pool-409-thread-1] INFO  server.RaftServerConfigKeys (ConfUtils.java:logGet(43)) - raft.server.log.appender.buffer.byte-limit = 33554432 (custom)
2019-09-24 21:32:28,491 [pool-429-thread-1] INFO  server.RaftServerConfigKeys (ConfUtils.java:logGet(43)) - raft.server.log.use.memory = false (default)
2019-09-24 21:32:28,491 [pool-409-thread-1] INFO  server.RaftServerConfigKeys (ConfUtils.java:logGet(43)) - raft.server.log.segment.size.max = 1048576 (custom)
2019-09-24 21:32:28,491 [pool-419-thread-1] INFO  server.RaftServerConfigKeys (ConfUtils.java:logGet(43)) - raft.server.log.purge.gap = 1000000 (custom)
2019-09-24 21:32:28,491 [pool-409-thread-1] INFO  server.RaftServerConfigKeys (ConfUtils.java:logGet(43)) - raft.server.log.segment.cache.num.max = 2 (custom)
2019-09-24 21:32:28,491 [pool-429-thread-1] INFO  server.RaftServerConfigKeys (ConfUtils.java:logGet(43)) - raft.server.log.purge.gap = 1000000 (custom)
2019-09-24 21:32:28,492 [pool-409-thread-1] INFO  segmented.SegmentedRaftLogWorker (SegmentedRaftLogWorker.java:<init>(172)) - new 94290360-2bfe-4a93-9331-d88f7dd2d9cb@group-94AF7948C380-SegmentedRaftLogWorker for RaftStorage:Storage Directory /workdir/hadoop-ozone/integration-test/target/test-dir/MiniOzoneClusterImpl-e0eb44de-bd0e-4674-8e7b-4e6e9938c619/datanode-0/data/ratis/e65f8ee6-da18-4a51-840b-94af7948c380
2019-09-24 21:32:28,491 [pool-419-thread-1] INFO  server.RaftServerConfigKeys (ConfUtils.java:logGet(43)) - raft.server.log.appender.buffer.byte-limit = 33554432 (custom)
2019-09-24 21:32:28,492 [pool-409-thread-1] INFO  server.RaftServerConfigKeys (ConfUtils.java:logGet(43)) - raft.server.log.queue.byte-limit = 2147483647 (custom)
2019-09-24 21:32:28,492 [pool-429-thread-1] INFO  server.RaftServerConfigKeys (ConfUtils.java:logGet(43)) - raft.server.log.appender.buffer.byte-limit = 33554432 (custom)
2019-09-24 21:32:28,492 [pool-409-thread-1] INFO  server.RaftServerConfigKeys (ConfUtils.java:logGet(43)) - raft.server.log.queue.element-limit = 1024 (custom)
2019-09-24 21:32:28,492 [pool-419-thread-1] INFO  server.RaftServerConfigKeys (ConfUtils.java:logGet(43)) - raft.server.log.segment.size.max = 1048576 (custom)
2019-09-24 21:32:28,492 [pool-409-thread-1] INFO  server.RaftServerConfigKeys (ConfUtils.java:logGet(43)) - raft.server.log.segment.size.max = 1048576 (custom)
2019-09-24 21:32:28,492 [pool-429-thread-1] INFO  server.RaftServerConfigKeys (ConfUtils.java:logGet(43)) - raft.server.log.segment.size.max = 1048576 (custom)
2019-09-24 21:32:28,492 [pool-409-thread-1] INFO  server.RaftServerConfigKeys (ConfUtils.java:logGet(43)) - raft.server.log.preallocated.size = 16384 (custom)
2019-09-24 21:32:28,492 [pool-419-thread-1] INFO  server.RaftServerConfigKeys (ConfUtils.java:logGet(43)) - raft.server.log.segment.cache.num.max = 2 (custom)
2019-09-24 21:32:28,492 [pool-409-thread-1] INFO  server.RaftServerConfigKeys (ConfUtils.java:logGet(43)) - raft.server.log.write.buffer.size = 33554432 (custom)
2019-09-24 21:32:28,492 [pool-429-thread-1] INFO  server.RaftServerConfigKeys (ConfUtils.java:logGet(43)) - raft.server.log.segment.cache.num.max = 2 (custom)
2019-09-24 21:32:28,493 [pool-409-thread-1] INFO  server.RaftServerConfigKeys (ConfUtils.java:logGet(43)) - raft.server.log.force.sync.num = 128 (default)
2019-09-24 21:32:28,492 [pool-419-thread-1] INFO  segmented.SegmentedRaftLogWorker (SegmentedRaftLogWorker.java:<init>(172)) - new cf57d365-aa31-484d-bfcc-0badfa6ed4e2@group-94AF7948C380-SegmentedRaftLogWorker for RaftStorage:Storage Directory /workdir/hadoop-ozone/integration-test/target/test-dir/MiniOzoneClusterImpl-e0eb44de-bd0e-4674-8e7b-4e6e9938c619/datanode-1/data/ratis/e65f8ee6-da18-4a51-840b-94af7948c380
2019-09-24 21:32:28,493 [pool-409-thread-1] INFO  server.RaftServerConfigKeys (ConfUtils.java:logGet(43)) - raft.server.log.statemachine.data.sync = true (default)
2019-09-24 21:32:28,493 [pool-429-thread-1] INFO  segmented.SegmentedRaftLogWorker (SegmentedRaftLogWorker.java:<init>(172)) - new 2f4dfe29-3e90-48ef-b709-7e8c2e788841@group-94AF7948C380-SegmentedRaftLogWorker for RaftStorage:Storage Directory /workdir/hadoop-ozone/integration-test/target/test-dir/MiniOzoneClusterImpl-e0eb44de-bd0e-4674-8e7b-4e6e9938c619/datanode-2/data/ratis/e65f8ee6-da18-4a51-840b-94af7948c380
2019-09-24 21:32:28,493 [pool-409-thread-1] INFO  server.RaftServerConfigKeys (ConfUtils.java:logGet(43)) - raft.server.log.statemachine.data.sync.timeout = 10s (default)
2019-09-24 21:32:28,493 [pool-419-thread-1] INFO  server.RaftServerConfigKeys (ConfUtils.java:logGet(43)) - raft.server.log.queue.byte-limit = 2147483647 (custom)
2019-09-24 21:32:28,493 [pool-409-thread-1] INFO  server.RaftServerConfigKeys (ConfUtils.java:logGet(43)) - raft.server.log.statemachine.data.sync.timeout.retry = -1 (default)
2019-09-24 21:32:28,493 [pool-429-thread-1] INFO  server.RaftServerConfigKeys (ConfUtils.java:logGet(43)) - raft.server.log.queue.byte-limit = 2147483647 (custom)
2019-09-24 21:32:28,493 [pool-409-thread-1] INFO  server.RaftServerConfigKeys (ConfUtils.java:logGet(43)) - raft.server.log.statemachine.data.caching.enabled = true (custom)
2019-09-24 21:32:28,493 [pool-419-thread-1] INFO  server.RaftServerConfigKeys (ConfUtils.java:logGet(43)) - raft.server.log.queue.element-limit = 1024 (custom)
2019-09-24 21:32:28,493 [pool-429-thread-1] INFO  server.RaftServerConfigKeys (ConfUtils.java:logGet(43)) - raft.server.log.queue.element-limit = 1024 (custom)
2019-09-24 21:32:28,494 [pool-409-thread-1] INFO  segmented.SegmentedRaftLogWorker (SegmentedRaftLogWorker.java:lambda$new$0(132)) - 94290360-2bfe-4a93-9331-d88f7dd2d9cb@group-94AF7948C380-SegmentedRaftLogWorker: flushIndex: setUnconditionally 0 -> -1
2019-09-24 21:32:28,494 [pool-419-thread-1] INFO  server.RaftServerConfigKeys (ConfUtils.java:logGet(43)) - raft.server.log.segment.size.max = 1048576 (custom)
2019-09-24 21:32:28,494 [pool-429-thread-1] INFO  server.RaftServerConfigKeys (ConfUtils.java:logGet(43)) - raft.server.log.segment.size.max = 1048576 (custom)
2019-09-24 21:32:28,494 [pool-409-thread-1] INFO  server.RaftServerConfigKeys (ConfUtils.java:logGet(43)) - raft.server.snapshot.auto.trigger.enabled = true (custom)
2019-09-24 21:32:28,494 [pool-419-thread-1] INFO  server.RaftServerConfigKeys (ConfUtils.java:logGet(43)) - raft.server.log.preallocated.size = 16384 (custom)
2019-09-24 21:32:28,494 [pool-409-thread-1] INFO  server.RaftServerConfigKeys (ConfUtils.java:logGet(43)) - raft.server.snapshot.auto.trigger.threshold = 10000 (custom)
2019-09-24 21:32:28,494 [pool-429-thread-1] INFO  server.RaftServerConfigKeys (ConfUtils.java:logGet(43)) - raft.server.log.preallocated.size = 16384 (custom)
2019-09-24 21:32:28,494 [pool-409-thread-1] INFO  server.RaftServerConfigKeys (ConfUtils.java:logGet(43)) - raft.server.snapshot.retention.num.files = 5 (custom)
2019-09-24 21:32:28,494 [pool-419-thread-1] INFO  server.RaftServerConfigKeys (ConfUtils.java:logGet(43)) - raft.server.log.write.buffer.size = 33554432 (custom)
2019-09-24 21:32:28,494 [pool-409-thread-1] INFO  server.RaftServerConfigKeys (ConfUtils.java:logGet(43)) - raft.server.retrycache.expirytime = 600000ms (custom)
2019-09-24 21:32:28,494 [pool-429-thread-1] INFO  server.RaftServerConfigKeys (ConfUtils.java:logGet(43)) - raft.server.log.write.buffer.size = 33554432 (custom)
2019-09-24 21:32:28,494 [pool-419-thread-1] INFO  server.RaftServerConfigKeys (ConfUtils.java:logGet(43)) - raft.server.log.force.sync.num = 128 (default)
2019-09-24 21:32:28,495 [pool-429-thread-1] INFO  server.RaftServerConfigKeys (ConfUtils.java:logGet(43)) - raft.server.log.force.sync.num = 128 (default)
2019-09-24 21:32:28,495 [pool-419-thread-1] INFO  server.RaftServerConfigKeys (ConfUtils.java:logGet(43)) - raft.server.log.statemachine.data.sync = true (default)
2019-09-24 21:32:28,495 [pool-429-thread-1] INFO  server.RaftServerConfigKeys (ConfUtils.java:logGet(43)) - raft.server.log.statemachine.data.sync = true (default)
2019-09-24 21:32:28,495 [pool-419-thread-1] INFO  server.RaftServerConfigKeys (ConfUtils.java:logGet(43)) - raft.server.log.statemachine.data.sync.timeout = 10s (default)
2019-09-24 21:32:28,495 [pool-429-thread-1] INFO  server.RaftServerConfigKeys (ConfUtils.java:logGet(43)) - raft.server.log.statemachine.data.sync.timeout = 10s (default)
2019-09-24 21:32:28,495 [pool-419-thread-1] INFO  server.RaftServerConfigKeys (ConfUtils.java:logGet(43)) - raft.server.log.statemachine.data.sync.timeout.retry = -1 (default)
2019-09-24 21:32:28,495 [pool-429-thread-1] INFO  server.RaftServerConfigKeys (ConfUtils.java:logGet(43)) - raft.server.log.statemachine.data.sync.timeout.retry = -1 (default)
2019-09-24 21:32:28,495 [pool-419-thread-1] INFO  server.RaftServerConfigKeys (ConfUtils.java:logGet(43)) - raft.server.log.statemachine.data.caching.enabled = true (custom)
2019-09-24 21:32:28,495 [pool-429-thread-1] INFO  server.RaftServerConfigKeys (ConfUtils.java:logGet(43)) - raft.server.log.statemachine.data.caching.enabled = true (custom)
2019-09-24 21:32:28,496 [pool-419-thread-1] INFO  segmented.SegmentedRaftLogWorker (SegmentedRaftLogWorker.java:lambda$new$0(132)) - cf57d365-aa31-484d-bfcc-0badfa6ed4e2@group-94AF7948C380-SegmentedRaftLogWorker: flushIndex: setUnconditionally 0 -> -1
2019-09-24 21:32:28,496 [pool-429-thread-1] INFO  segmented.SegmentedRaftLogWorker (SegmentedRaftLogWorker.java:lambda$new$0(132)) - 2f4dfe29-3e90-48ef-b709-7e8c2e788841@group-94AF7948C380-SegmentedRaftLogWorker: flushIndex: setUnconditionally 0 -> -1
2019-09-24 21:32:28,496 [pool-409-thread-1] INFO  impl.RaftServerImpl (RaftServerImpl.java:start(185)) - 94290360-2bfe-4a93-9331-d88f7dd2d9cb@group-94AF7948C380: start as a follower, conf=-1: [94290360-2bfe-4a93-9331-d88f7dd2d9cb:192.168.151.77:34622, 2f4dfe29-3e90-48ef-b709-7e8c2e788841:192.168.151.77:35613, cf57d365-aa31-484d-bfcc-0badfa6ed4e2:192.168.151.77:45487], old=null
2019-09-24 21:32:28,496 [pool-419-thread-1] INFO  server.RaftServerConfigKeys (ConfUtils.java:logGet(43)) - raft.server.snapshot.auto.trigger.enabled = true (custom)
2019-09-24 21:32:28,496 [pool-429-thread-1] INFO  server.RaftServerConfigKeys (ConfUtils.java:logGet(43)) - raft.server.snapshot.auto.trigger.enabled = true (custom)
2019-09-24 21:32:28,496 [pool-409-thread-1] INFO  impl.RaftServerImpl (RaftServerImpl.java:setRole(174)) - 94290360-2bfe-4a93-9331-d88f7dd2d9cb@group-94AF7948C380: changes role from      null to FOLLOWER at term 0 for startAsFollower
2019-09-24 21:32:28,496 [pool-429-thread-1] INFO  server.RaftServerConfigKeys (ConfUtils.java:logGet(43)) - raft.server.snapshot.auto.trigger.threshold = 10000 (custom)
2019-09-24 21:32:28,496 [pool-419-thread-1] INFO  server.RaftServerConfigKeys (ConfUtils.java:logGet(43)) - raft.server.snapshot.auto.trigger.threshold = 10000 (custom)
2019-09-24 21:32:28,496 [pool-429-thread-1] INFO  server.RaftServerConfigKeys (ConfUtils.java:logGet(43)) - raft.server.snapshot.retention.num.files = 5 (custom)
2019-09-24 21:32:28,496 [pool-409-thread-1] INFO  impl.RoleInfo (RoleInfo.java:updateAndGet(143)) - 94290360-2bfe-4a93-9331-d88f7dd2d9cb: start FollowerState
2019-09-24 21:32:28,496 [pool-429-thread-1] INFO  server.RaftServerConfigKeys (ConfUtils.java:logGet(43)) - raft.server.retrycache.expirytime = 600000ms (custom)
2019-09-24 21:32:28,496 [pool-419-thread-1] INFO  server.RaftServerConfigKeys (ConfUtils.java:logGet(43)) - raft.server.snapshot.retention.num.files = 5 (custom)
2019-09-24 21:32:28,506 [pool-409-thread-1] INFO  util.JmxRegister (JmxRegister.java:tryRegister(44)) - Successfully registered JMX Bean with object name Ratis:service=RaftServer,group=group-94AF7948C380,id=94290360-2bfe-4a93-9331-d88f7dd2d9cb
2019-09-24 21:32:28,507 [pool-419-thread-1] INFO  server.RaftServerConfigKeys (ConfUtils.java:logGet(43)) - raft.server.retrycache.expirytime = 600000ms (custom)
2019-09-24 21:32:28,516 [pool-429-thread-1] INFO  impl.RaftServerImpl (RaftServerImpl.java:start(185)) - 2f4dfe29-3e90-48ef-b709-7e8c2e788841@group-94AF7948C380: start as a follower, conf=-1: [94290360-2bfe-4a93-9331-d88f7dd2d9cb:192.168.151.77:34622, 2f4dfe29-3e90-48ef-b709-7e8c2e788841:192.168.151.77:35613, cf57d365-aa31-484d-bfcc-0badfa6ed4e2:192.168.151.77:45487], old=null
2019-09-24 21:32:28,516 [pool-419-thread-1] INFO  impl.RaftServerImpl (RaftServerImpl.java:start(185)) - cf57d365-aa31-484d-bfcc-0badfa6ed4e2@group-94AF7948C380: start as a follower, conf=-1: [94290360-2bfe-4a93-9331-d88f7dd2d9cb:192.168.151.77:34622, 2f4dfe29-3e90-48ef-b709-7e8c2e788841:192.168.151.77:35613, cf57d365-aa31-484d-bfcc-0badfa6ed4e2:192.168.151.77:45487], old=null
2019-09-24 21:32:28,516 [pool-429-thread-1] INFO  impl.RaftServerImpl (RaftServerImpl.java:setRole(174)) - 2f4dfe29-3e90-48ef-b709-7e8c2e788841@group-94AF7948C380: changes role from      null to FOLLOWER at term 0 for startAsFollower
2019-09-24 21:32:28,516 [pool-419-thread-1] INFO  impl.RaftServerImpl (RaftServerImpl.java:setRole(174)) - cf57d365-aa31-484d-bfcc-0badfa6ed4e2@group-94AF7948C380: changes role from      null to FOLLOWER at term 0 for startAsFollower
2019-09-24 21:32:28,516 [pool-429-thread-1] INFO  impl.RoleInfo (RoleInfo.java:updateAndGet(143)) - 2f4dfe29-3e90-48ef-b709-7e8c2e788841: start FollowerState
2019-09-24 21:32:28,516 [pool-419-thread-1] INFO  impl.RoleInfo (RoleInfo.java:updateAndGet(143)) - cf57d365-aa31-484d-bfcc-0badfa6ed4e2: start FollowerState
2019-09-24 21:32:28,517 [pool-429-thread-1] INFO  util.JmxRegister (JmxRegister.java:tryRegister(44)) - Successfully registered JMX Bean with object name Ratis:service=RaftServer,group=group-94AF7948C380,id=2f4dfe29-3e90-48ef-b709-7e8c2e788841
2019-09-24 21:32:28,517 [pool-419-thread-1] INFO  util.JmxRegister (JmxRegister.java:tryRegister(44)) - Successfully registered JMX Bean with object name Ratis:service=RaftServer,group=group-94AF7948C380,id=cf57d365-aa31-484d-bfcc-0badfa6ed4e2
2019-09-24 21:32:28,520 [IPC Server handler 1 on 41909] INFO  net.NetworkTopology (NetworkTopologyImpl.java:add(111)) - Added a new node: /default-rack/d453428c-5e82-4581-a2cd-536e0cfe17bd
2019-09-24 21:32:28,520 [RatisPipelineUtilsThread] INFO  pipeline.PipelineStateManager (PipelineStateManager.java:addPipeline(56)) - Created pipeline Pipeline[ Id: e65f8ee6-da18-4a51-840b-94af7948c380, Nodes: 94290360-2bfe-4a93-9331-d88f7dd2d9cb{ip: 192.168.151.77, host: pr-hdds-2149-mjjcq-3576968246, networkLocation: /default-rack, certSerialId: null}cf57d365-aa31-484d-bfcc-0badfa6ed4e2{ip: 192.168.151.77, host: pr-hdds-2149-mjjcq-3576968246, networkLocation: /default-rack, certSerialId: null}2f4dfe29-3e90-48ef-b709-7e8c2e788841{ip: 192.168.151.77, host: pr-hdds-2149-mjjcq-3576968246, networkLocation: /default-rack, certSerialId: null}, Type:RATIS, Factor:THREE, State:OPEN]
2019-09-24 21:32:28,520 [IPC Server handler 1 on 41909] INFO  node.SCMNodeManager (SCMNodeManager.java:register(266)) - Registered Data node : d453428c-5e82-4581-a2cd-536e0cfe17bd{ip: 192.168.151.77, host: pr-hdds-2149-mjjcq-3576968246, networkLocation: /default-rack, certSerialId: null}
2019-09-24 21:32:28,578 [IPC Server handler 2 on 41909] INFO  net.NetworkTopology (NetworkTopologyImpl.java:add(111)) - Added a new node: /default-rack/27644118-fb56-4745-bc35-a441072a932b
2019-09-24 21:32:28,581 [IPC Server handler 2 on 41909] INFO  node.SCMNodeManager (SCMNodeManager.java:register(266)) - Registered Data node : 27644118-fb56-4745-bc35-a441072a932b{ip: 192.168.151.77, host: pr-hdds-2149-mjjcq-3576968246, networkLocation: /default-rack, certSerialId: null}
2019-09-24 21:32:28,586 [grpc-default-executor-7] INFO  impl.RaftServerProxy (RaftServerProxy.java:addNew(89)) - 552ebd75-c27c-494a-8f75-4c4c056df87d: addNew group-DF570057B904:[552ebd75-c27c-494a-8f75-4c4c056df87d:192.168.151.77:43372] returns group-DF570057B904:java.util.concurrent.CompletableFuture@22a2a6ca[Not completed]
2019-09-24 21:32:28,587 [pool-439-thread-1] INFO  impl.RaftServerImpl (RaftServerImpl.java:<init>(95)) - 552ebd75-c27c-494a-8f75-4c4c056df87d: new RaftServerImpl for group-DF570057B904:[552ebd75-c27c-494a-8f75-4c4c056df87d:192.168.151.77:43372] with ContainerStateMachine:uninitialized
2019-09-24 21:32:28,587 [pool-439-thread-1] INFO  server.RaftServerConfigKeys (ConfUtils.java:logGet(43)) - raft.server.rpc.timeout.min = 5s (custom)
2019-09-24 21:32:28,587 [pool-439-thread-1] INFO  server.RaftServerConfigKeys (ConfUtils.java:logGet(43)) - raft.server.rpc.timeout.max = 5200ms (custom)
2019-09-24 21:32:28,587 [pool-439-thread-1] INFO  server.RaftServerConfigKeys (ConfUtils.java:logGet(43)) - raft.server.rpcslowness.timeout = 120s (custom)
2019-09-24 21:32:28,587 [pool-439-thread-1] INFO  server.RaftServerConfigKeys (ConfUtils.java:logGet(43)) - raft.server.sleep.deviation.threshold = 300 (default)
2019-09-24 21:32:28,587 [pool-439-thread-1] INFO  server.RaftServerConfigKeys (ConfUtils.java:logGet(43)) - raft.server.log.appender.install.snapshot.enabled = false (custom)
2019-09-24 21:32:28,587 [pool-439-thread-1] INFO  impl.RaftServerImpl (ServerState.java:<init>(103)) - 552ebd75-c27c-494a-8f75-4c4c056df87d@group-DF570057B904: ConfigurationManager, init=-1: [552ebd75-c27c-494a-8f75-4c4c056df87d:192.168.151.77:43372], old=null, confs=<EMPTY_MAP>
2019-09-24 21:32:28,587 [pool-439-thread-1] INFO  server.RaftServerConfigKeys (ConfUtils.java:logGet(43)) - raft.server.storage.dir = [/workdir/hadoop-ozone/integration-test/target/test-dir/MiniOzoneClusterImpl-e0eb44de-bd0e-4674-8e7b-4e6e9938c619/datanode-3/data/ratis] (custom)
2019-09-24 21:32:28,588 [pool-439-thread-1] INFO  storage.RaftStorageDirectory (RaftStorageDirectory.java:analyzeStorage(246)) - The storage directory /workdir/hadoop-ozone/integration-test/target/test-dir/MiniOzoneClusterImpl-e0eb44de-bd0e-4674-8e7b-4e6e9938c619/datanode-3/data/ratis/add055a5-b45a-4c08-8fd2-df570057b904 does not exist. Creating ...
2019-09-24 21:32:28,595 [pool-439-thread-1] INFO  storage.RaftStorageDirectory (RaftStorageDirectory.java:tryLock(328)) - Lock on /workdir/hadoop-ozone/integration-test/target/test-dir/MiniOzoneClusterImpl-e0eb44de-bd0e-4674-8e7b-4e6e9938c619/datanode-3/data/ratis/add055a5-b45a-4c08-8fd2-df570057b904/in_use.lock acquired by nodename 23567@pr-hdds-2149-mjjcq-3576968246
2019-09-24 21:32:28,600 [pool-439-thread-1] INFO  storage.RaftStorage (RaftStorage.java:format(72)) - Storage directory /workdir/hadoop-ozone/integration-test/target/test-dir/MiniOzoneClusterImpl-e0eb44de-bd0e-4674-8e7b-4e6e9938c619/datanode-3/data/ratis/add055a5-b45a-4c08-8fd2-df570057b904 has been successfully formatted.
2019-09-24 21:32:28,600 [pool-439-thread-1] INFO  ratis.ContainerStateMachine (ContainerStateMachine.java:loadSnapshot(230)) - group-DF570057B904: The snapshot info is null. Setting the last applied indexto:(t:0, i:~)
2019-09-24 21:32:28,600 [pool-439-thread-1] INFO  server.RaftServerConfigKeys (ConfUtils.java:logGet(43)) - raft.server.notification.no-leader.timeout = 120s (custom)
2019-09-24 21:32:28,600 [pool-439-thread-1] INFO  server.RaftServerConfigKeys (ConfUtils.java:logGet(43)) - raft.server.log.use.memory = false (default)
2019-09-24 21:32:28,600 [pool-439-thread-1] INFO  server.RaftServerConfigKeys (ConfUtils.java:logGet(43)) - raft.server.log.purge.gap = 1000000 (custom)
2019-09-24 21:32:28,600 [pool-439-thread-1] INFO  server.RaftServerConfigKeys (ConfUtils.java:logGet(43)) - raft.server.log.appender.buffer.byte-limit = 33554432 (custom)
2019-09-24 21:32:28,600 [pool-439-thread-1] INFO  server.RaftServerConfigKeys (ConfUtils.java:logGet(43)) - raft.server.log.segment.size.max = 1048576 (custom)
2019-09-24 21:32:28,601 [pool-439-thread-1] INFO  server.RaftServerConfigKeys (ConfUtils.java:logGet(43)) - raft.server.log.segment.cache.num.max = 2 (custom)
2019-09-24 21:32:28,601 [pool-439-thread-1] INFO  segmented.SegmentedRaftLogWorker (SegmentedRaftLogWorker.java:<init>(172)) - new 552ebd75-c27c-494a-8f75-4c4c056df87d@group-DF570057B904-SegmentedRaftLogWorker for RaftStorage:Storage Directory /workdir/hadoop-ozone/integration-test/target/test-dir/MiniOzoneClusterImpl-e0eb44de-bd0e-4674-8e7b-4e6e9938c619/datanode-3/data/ratis/add055a5-b45a-4c08-8fd2-df570057b904
2019-09-24 21:32:28,602 [pool-439-thread-1] INFO  server.RaftServerConfigKeys (ConfUtils.java:logGet(43)) - raft.server.log.queue.byte-limit = 2147483647 (custom)
2019-09-24 21:32:28,602 [pool-439-thread-1] INFO  server.RaftServerConfigKeys (ConfUtils.java:logGet(43)) - raft.server.log.queue.element-limit = 1024 (custom)
2019-09-24 21:32:28,603 [pool-439-thread-1] INFO  server.RaftServerConfigKeys (ConfUtils.java:logGet(43)) - raft.server.log.segment.size.max = 1048576 (custom)
2019-09-24 21:32:28,603 [pool-439-thread-1] INFO  server.RaftServerConfigKeys (ConfUtils.java:logGet(43)) - raft.server.log.preallocated.size = 16384 (custom)
2019-09-24 21:32:28,603 [pool-439-thread-1] INFO  server.RaftServerConfigKeys (ConfUtils.java:logGet(43)) - raft.server.log.write.buffer.size = 33554432 (custom)
2019-09-24 21:32:28,603 [pool-439-thread-1] INFO  server.RaftServerConfigKeys (ConfUtils.java:logGet(43)) - raft.server.log.force.sync.num = 128 (default)
2019-09-24 21:32:28,603 [pool-439-thread-1] INFO  server.RaftServerConfigKeys (ConfUtils.java:logGet(43)) - raft.server.log.statemachine.data.sync = true (default)
2019-09-24 21:32:28,603 [pool-439-thread-1] INFO  server.RaftServerConfigKeys (ConfUtils.java:logGet(43)) - raft.server.log.statemachine.data.sync.timeout = 10s (default)
2019-09-24 21:32:28,603 [pool-439-thread-1] INFO  server.RaftServerConfigKeys (ConfUtils.java:logGet(43)) - raft.server.log.statemachine.data.sync.timeout.retry = -1 (default)
2019-09-24 21:32:28,603 [pool-439-thread-1] INFO  server.RaftServerConfigKeys (ConfUtils.java:logGet(43)) - raft.server.log.statemachine.data.caching.enabled = true (custom)
2019-09-24 21:32:28,603 [pool-439-thread-1] INFO  segmented.SegmentedRaftLogWorker (SegmentedRaftLogWorker.java:lambda$new$0(132)) - 552ebd75-c27c-494a-8f75-4c4c056df87d@group-DF570057B904-SegmentedRaftLogWorker: flushIndex: setUnconditionally 0 -> -1
2019-09-24 21:32:28,604 [pool-439-thread-1] INFO  server.RaftServerConfigKeys (ConfUtils.java:logGet(43)) - raft.server.snapshot.auto.trigger.enabled = true (custom)
2019-09-24 21:32:28,604 [pool-439-thread-1] INFO  server.RaftServerConfigKeys (ConfUtils.java:logGet(43)) - raft.server.snapshot.auto.trigger.threshold = 10000 (custom)
2019-09-24 21:32:28,604 [pool-439-thread-1] INFO  server.RaftServerConfigKeys (ConfUtils.java:logGet(43)) - raft.server.snapshot.retention.num.files = 5 (custom)
2019-09-24 21:32:28,604 [pool-439-thread-1] INFO  server.RaftServerConfigKeys (ConfUtils.java:logGet(43)) - raft.server.retrycache.expirytime = 600000ms (custom)
2019-09-24 21:32:28,605 [pool-439-thread-1] INFO  impl.RaftServerImpl (RaftServerImpl.java:start(185)) - 552ebd75-c27c-494a-8f75-4c4c056df87d@group-DF570057B904: start as a follower, conf=-1: [552ebd75-c27c-494a-8f75-4c4c056df87d:192.168.151.77:43372], old=null
2019-09-24 21:32:28,605 [pool-439-thread-1] INFO  impl.RaftServerImpl (RaftServerImpl.java:setRole(174)) - 552ebd75-c27c-494a-8f75-4c4c056df87d@group-DF570057B904: changes role from      null to FOLLOWER at term 0 for startAsFollower
2019-09-24 21:32:28,605 [pool-439-thread-1] INFO  impl.RoleInfo (RoleInfo.java:updateAndGet(143)) - 552ebd75-c27c-494a-8f75-4c4c056df87d: start FollowerState
2019-09-24 21:32:28,606 [pool-439-thread-1] INFO  util.JmxRegister (JmxRegister.java:tryRegister(44)) - Successfully registered JMX Bean with object name Ratis:service=RaftServer,group=group-DF570057B904,id=552ebd75-c27c-494a-8f75-4c4c056df87d
2019-09-24 21:32:28,609 [RatisPipelineUtilsThread] INFO  pipeline.PipelineStateManager (PipelineStateManager.java:addPipeline(56)) - Created pipeline Pipeline[ Id: add055a5-b45a-4c08-8fd2-df570057b904, Nodes: 552ebd75-c27c-494a-8f75-4c4c056df87d{ip: 192.168.151.77, host: pr-hdds-2149-mjjcq-3576968246, networkLocation: /default-rack, certSerialId: null}, Type:RATIS, Factor:ONE, State:OPEN]
2019-09-24 21:32:28,614 [grpc-default-executor-7] INFO  impl.RaftServerProxy (RaftServerProxy.java:addNew(89)) - 27644118-fb56-4745-bc35-a441072a932b: addNew group-A702684C1F55:[27644118-fb56-4745-bc35-a441072a932b:192.168.151.77:36389] returns group-A702684C1F55:java.util.concurrent.CompletableFuture@773bf2f0[Not completed]
2019-09-24 21:32:28,615 [pool-459-thread-1] INFO  impl.RaftServerImpl (RaftServerImpl.java:<init>(95)) - 27644118-fb56-4745-bc35-a441072a932b: new RaftServerImpl for group-A702684C1F55:[27644118-fb56-4745-bc35-a441072a932b:192.168.151.77:36389] with ContainerStateMachine:uninitialized
2019-09-24 21:32:28,615 [pool-459-thread-1] INFO  server.RaftServerConfigKeys (ConfUtils.java:logGet(43)) - raft.server.rpc.timeout.min = 5s (custom)
2019-09-24 21:32:28,615 [pool-459-thread-1] INFO  server.RaftServerConfigKeys (ConfUtils.java:logGet(43)) - raft.server.rpc.timeout.max = 5200ms (custom)
2019-09-24 21:32:28,615 [pool-459-thread-1] INFO  server.RaftServerConfigKeys (ConfUtils.java:logGet(43)) - raft.server.rpcslowness.timeout = 120s (custom)
2019-09-24 21:32:28,615 [pool-459-thread-1] INFO  server.RaftServerConfigKeys (ConfUtils.java:logGet(43)) - raft.server.sleep.deviation.threshold = 300 (default)
2019-09-24 21:32:28,615 [pool-459-thread-1] INFO  server.RaftServerConfigKeys (ConfUtils.java:logGet(43)) - raft.server.log.appender.install.snapshot.enabled = false (custom)
2019-09-24 21:32:28,615 [pool-459-thread-1] INFO  impl.RaftServerImpl (ServerState.java:<init>(103)) - 27644118-fb56-4745-bc35-a441072a932b@group-A702684C1F55: ConfigurationManager, init=-1: [27644118-fb56-4745-bc35-a441072a932b:192.168.151.77:36389], old=null, confs=<EMPTY_MAP>
2019-09-24 21:32:28,615 [pool-459-thread-1] INFO  server.RaftServerConfigKeys (ConfUtils.java:logGet(43)) - raft.server.storage.dir = [/workdir/hadoop-ozone/integration-test/target/test-dir/MiniOzoneClusterImpl-e0eb44de-bd0e-4674-8e7b-4e6e9938c619/datanode-5/data/ratis] (custom)
2019-09-24 21:32:28,616 [pool-459-thread-1] INFO  storage.RaftStorageDirectory (RaftStorageDirectory.java:analyzeStorage(246)) - The storage directory /workdir/hadoop-ozone/integration-test/target/test-dir/MiniOzoneClusterImpl-e0eb44de-bd0e-4674-8e7b-4e6e9938c619/datanode-5/data/ratis/d2a8b0ee-5b76-4e97-8634-a702684c1f55 does not exist. Creating ...
2019-09-24 21:32:28,628 [pool-459-thread-1] INFO  storage.RaftStorageDirectory (RaftStorageDirectory.java:tryLock(328)) - Lock on /workdir/hadoop-ozone/integration-test/target/test-dir/MiniOzoneClusterImpl-e0eb44de-bd0e-4674-8e7b-4e6e9938c619/datanode-5/data/ratis/d2a8b0ee-5b76-4e97-8634-a702684c1f55/in_use.lock acquired by nodename 23567@pr-hdds-2149-mjjcq-3576968246
2019-09-24 21:32:28,631 [pool-459-thread-1] INFO  storage.RaftStorage (RaftStorage.java:format(72)) - Storage directory /workdir/hadoop-ozone/integration-test/target/test-dir/MiniOzoneClusterImpl-e0eb44de-bd0e-4674-8e7b-4e6e9938c619/datanode-5/data/ratis/d2a8b0ee-5b76-4e97-8634-a702684c1f55 has been successfully formatted.
2019-09-24 21:32:28,631 [pool-459-thread-1] INFO  ratis.ContainerStateMachine (ContainerStateMachine.java:loadSnapshot(230)) - group-A702684C1F55: The snapshot info is null. Setting the last applied indexto:(t:0, i:~)
2019-09-24 21:32:28,631 [pool-459-thread-1] INFO  server.RaftServerConfigKeys (ConfUtils.java:logGet(43)) - raft.server.notification.no-leader.timeout = 120s (custom)
2019-09-24 21:32:28,631 [pool-459-thread-1] INFO  server.RaftServerConfigKeys (ConfUtils.java:logGet(43)) - raft.server.log.use.memory = false (default)
2019-09-24 21:32:28,631 [pool-459-thread-1] INFO  server.RaftServerConfigKeys (ConfUtils.java:logGet(43)) - raft.server.log.purge.gap = 1000000 (custom)
2019-09-24 21:32:28,632 [pool-459-thread-1] INFO  server.RaftServerConfigKeys (ConfUtils.java:logGet(43)) - raft.server.log.appender.buffer.byte-limit = 33554432 (custom)
2019-09-24 21:32:28,632 [pool-459-thread-1] INFO  server.RaftServerConfigKeys (ConfUtils.java:logGet(43)) - raft.server.log.segment.size.max = 1048576 (custom)
2019-09-24 21:32:28,632 [pool-459-thread-1] INFO  server.RaftServerConfigKeys (ConfUtils.java:logGet(43)) - raft.server.log.segment.cache.num.max = 2 (custom)
2019-09-24 21:32:28,632 [pool-459-thread-1] INFO  segmented.SegmentedRaftLogWorker (SegmentedRaftLogWorker.java:<init>(172)) - new 27644118-fb56-4745-bc35-a441072a932b@group-A702684C1F55-SegmentedRaftLogWorker for RaftStorage:Storage Directory /workdir/hadoop-ozone/integration-test/target/test-dir/MiniOzoneClusterImpl-e0eb44de-bd0e-4674-8e7b-4e6e9938c619/datanode-5/data/ratis/d2a8b0ee-5b76-4e97-8634-a702684c1f55
2019-09-24 21:32:28,633 [pool-459-thread-1] INFO  server.RaftServerConfigKeys (ConfUtils.java:logGet(43)) - raft.server.log.queue.byte-limit = 2147483647 (custom)
2019-09-24 21:32:28,633 [pool-459-thread-1] INFO  server.RaftServerConfigKeys (ConfUtils.java:logGet(43)) - raft.server.log.queue.element-limit = 1024 (custom)
2019-09-24 21:32:28,633 [pool-459-thread-1] INFO  server.RaftServerConfigKeys (ConfUtils.java:logGet(43)) - raft.server.log.segment.size.max = 1048576 (custom)
2019-09-24 21:32:28,633 [pool-459-thread-1] INFO  server.RaftServerConfigKeys (ConfUtils.java:logGet(43)) - raft.server.log.preallocated.size = 16384 (custom)
2019-09-24 21:32:28,633 [pool-459-thread-1] INFO  server.RaftServerConfigKeys (ConfUtils.java:logGet(43)) - raft.server.log.write.buffer.size = 33554432 (custom)
2019-09-24 21:32:28,633 [pool-459-thread-1] INFO  server.RaftServerConfigKeys (ConfUtils.java:logGet(43)) - raft.server.log.force.sync.num = 128 (default)
2019-09-24 21:32:28,633 [pool-459-thread-1] INFO  server.RaftServerConfigKeys (ConfUtils.java:logGet(43)) - raft.server.log.statemachine.data.sync = true (default)
2019-09-24 21:32:28,633 [pool-459-thread-1] INFO  server.RaftServerConfigKeys (ConfUtils.java:logGet(43)) - raft.server.log.statemachine.data.sync.timeout = 10s (default)
2019-09-24 21:32:28,633 [pool-459-thread-1] INFO  server.RaftServerConfigKeys (ConfUtils.java:logGet(43)) - raft.server.log.statemachine.data.sync.timeout.retry = -1 (default)
2019-09-24 21:32:28,634 [pool-459-thread-1] INFO  server.RaftServerConfigKeys (ConfUtils.java:logGet(43)) - raft.server.log.statemachine.data.caching.enabled = true (custom)
2019-09-24 21:32:28,634 [pool-459-thread-1] INFO  segmented.SegmentedRaftLogWorker (SegmentedRaftLogWorker.java:lambda$new$0(132)) - 27644118-fb56-4745-bc35-a441072a932b@group-A702684C1F55-SegmentedRaftLogWorker: flushIndex: setUnconditionally 0 -> -1
2019-09-24 21:32:28,634 [pool-459-thread-1] INFO  server.RaftServerConfigKeys (ConfUtils.java:logGet(43)) - raft.server.snapshot.auto.trigger.enabled = true (custom)
2019-09-24 21:32:28,634 [pool-459-thread-1] INFO  server.RaftServerConfigKeys (ConfUtils.java:logGet(43)) - raft.server.snapshot.auto.trigger.threshold = 10000 (custom)
2019-09-24 21:32:28,634 [pool-459-thread-1] INFO  server.RaftServerConfigKeys (ConfUtils.java:logGet(43)) - raft.server.snapshot.retention.num.files = 5 (custom)
2019-09-24 21:32:28,634 [pool-459-thread-1] INFO  server.RaftServerConfigKeys (ConfUtils.java:logGet(43)) - raft.server.retrycache.expirytime = 600000ms (custom)
2019-09-24 21:32:28,635 [pool-459-thread-1] INFO  impl.RaftServerImpl (RaftServerImpl.java:start(185)) - 27644118-fb56-4745-bc35-a441072a932b@group-A702684C1F55: start as a follower, conf=-1: [27644118-fb56-4745-bc35-a441072a932b:192.168.151.77:36389], old=null
2019-09-24 21:32:28,635 [pool-459-thread-1] INFO  impl.RaftServerImpl (RaftServerImpl.java:setRole(174)) - 27644118-fb56-4745-bc35-a441072a932b@group-A702684C1F55: changes role from      null to FOLLOWER at term 0 for startAsFollower
2019-09-24 21:32:28,635 [pool-459-thread-1] INFO  impl.RoleInfo (RoleInfo.java:updateAndGet(143)) - 27644118-fb56-4745-bc35-a441072a932b: start FollowerState
2019-09-24 21:32:28,636 [pool-459-thread-1] INFO  util.JmxRegister (JmxRegister.java:tryRegister(44)) - Successfully registered JMX Bean with object name Ratis:service=RaftServer,group=group-A702684C1F55,id=27644118-fb56-4745-bc35-a441072a932b
2019-09-24 21:32:28,636 [main] INFO  ozone.MiniOzoneClusterImpl (MiniOzoneClusterImpl.java:lambda$waitForClusterToBeReady$0(147)) - Waiting for cluster to be ready. Got 6 of 7 DN Heartbeats.
2019-09-24 21:32:28,636 [IPC Server handler 3 on 41909] INFO  net.NetworkTopology (NetworkTopologyImpl.java:add(111)) - Added a new node: /default-rack/27512a76-9a5c-4715-8645-034ef34c1b92
2019-09-24 21:32:28,636 [IPC Server handler 3 on 41909] INFO  node.SCMNodeManager (SCMNodeManager.java:register(266)) - Registered Data node : 27512a76-9a5c-4715-8645-034ef34c1b92{ip: 192.168.151.77, host: pr-hdds-2149-mjjcq-3576968246, networkLocation: /default-rack, certSerialId: null}
2019-09-24 21:32:28,639 [RatisPipelineUtilsThread] INFO  pipeline.PipelineStateManager (PipelineStateManager.java:addPipeline(56)) - Created pipeline Pipeline[ Id: d2a8b0ee-5b76-4e97-8634-a702684c1f55, Nodes: 27644118-fb56-4745-bc35-a441072a932b{ip: 192.168.151.77, host: pr-hdds-2149-mjjcq-3576968246, networkLocation: /default-rack, certSerialId: null}, Type:RATIS, Factor:ONE, State:OPEN]
2019-09-24 21:32:28,644 [grpc-default-executor-7] INFO  impl.RaftServerProxy (RaftServerProxy.java:addNew(89)) - 27512a76-9a5c-4715-8645-034ef34c1b92: addNew group-4BA3AA6AA25E:[27512a76-9a5c-4715-8645-034ef34c1b92:192.168.151.77:42353] returns group-4BA3AA6AA25E:java.util.concurrent.CompletableFuture@260dbb0c[Not completed]
2019-09-24 21:32:28,644 [pool-469-thread-1] INFO  impl.RaftServerImpl (RaftServerImpl.java:<init>(95)) - 27512a76-9a5c-4715-8645-034ef34c1b92: new RaftServerImpl for group-4BA3AA6AA25E:[27512a76-9a5c-4715-8645-034ef34c1b92:192.168.151.77:42353] with ContainerStateMachine:uninitialized
2019-09-24 21:32:28,644 [pool-469-thread-1] INFO  server.RaftServerConfigKeys (ConfUtils.java:logGet(43)) - raft.server.rpc.timeout.min = 5s (custom)
2019-09-24 21:32:28,644 [pool-469-thread-1] INFO  server.RaftServerConfigKeys (ConfUtils.java:logGet(43)) - raft.server.rpc.timeout.max = 5200ms (custom)
2019-09-24 21:32:28,644 [pool-469-thread-1] INFO  server.RaftServerConfigKeys (ConfUtils.java:logGet(43)) - raft.server.rpcslowness.timeout = 120s (custom)
2019-09-24 21:32:28,645 [pool-469-thread-1] INFO  server.RaftServerConfigKeys (ConfUtils.java:logGet(43)) - raft.server.sleep.deviation.threshold = 300 (default)
2019-09-24 21:32:28,645 [pool-469-thread-1] INFO  server.RaftServerConfigKeys (ConfUtils.java:logGet(43)) - raft.server.log.appender.install.snapshot.enabled = false (custom)
2019-09-24 21:32:28,645 [pool-469-thread-1] INFO  impl.RaftServerImpl (ServerState.java:<init>(103)) - 27512a76-9a5c-4715-8645-034ef34c1b92@group-4BA3AA6AA25E: ConfigurationManager, init=-1: [27512a76-9a5c-4715-8645-034ef34c1b92:192.168.151.77:42353], old=null, confs=<EMPTY_MAP>
2019-09-24 21:32:28,645 [pool-469-thread-1] INFO  server.RaftServerConfigKeys (ConfUtils.java:logGet(43)) - raft.server.storage.dir = [/workdir/hadoop-ozone/integration-test/target/test-dir/MiniOzoneClusterImpl-e0eb44de-bd0e-4674-8e7b-4e6e9938c619/datanode-6/data/ratis] (custom)
2019-09-24 21:32:28,645 [pool-469-thread-1] INFO  storage.RaftStorageDirectory (RaftStorageDirectory.java:analyzeStorage(246)) - The storage directory /workdir/hadoop-ozone/integration-test/target/test-dir/MiniOzoneClusterImpl-e0eb44de-bd0e-4674-8e7b-4e6e9938c619/datanode-6/data/ratis/45327534-c9fb-4318-bcf2-4ba3aa6aa25e does not exist. Creating ...
2019-09-24 21:32:28,663 [pool-469-thread-1] INFO  storage.RaftStorageDirectory (RaftStorageDirectory.java:tryLock(328)) - Lock on /workdir/hadoop-ozone/integration-test/target/test-dir/MiniOzoneClusterImpl-e0eb44de-bd0e-4674-8e7b-4e6e9938c619/datanode-6/data/ratis/45327534-c9fb-4318-bcf2-4ba3aa6aa25e/in_use.lock acquired by nodename 23567@pr-hdds-2149-mjjcq-3576968246
2019-09-24 21:32:28,675 [pool-469-thread-1] INFO  storage.RaftStorage (RaftStorage.java:format(72)) - Storage directory /workdir/hadoop-ozone/integration-test/target/test-dir/MiniOzoneClusterImpl-e0eb44de-bd0e-4674-8e7b-4e6e9938c619/datanode-6/data/ratis/45327534-c9fb-4318-bcf2-4ba3aa6aa25e has been successfully formatted.
2019-09-24 21:32:28,675 [pool-469-thread-1] INFO  ratis.ContainerStateMachine (ContainerStateMachine.java:loadSnapshot(230)) - group-4BA3AA6AA25E: The snapshot info is null. Setting the last applied indexto:(t:0, i:~)
2019-09-24 21:32:28,675 [pool-469-thread-1] INFO  server.RaftServerConfigKeys (ConfUtils.java:logGet(43)) - raft.server.notification.no-leader.timeout = 120s (custom)
2019-09-24 21:32:28,675 [pool-469-thread-1] INFO  server.RaftServerConfigKeys (ConfUtils.java:logGet(43)) - raft.server.log.use.memory = false (default)
2019-09-24 21:32:28,675 [pool-469-thread-1] INFO  server.RaftServerConfigKeys (ConfUtils.java:logGet(43)) - raft.server.log.purge.gap = 1000000 (custom)
2019-09-24 21:32:28,676 [pool-469-thread-1] INFO  server.RaftServerConfigKeys (ConfUtils.java:logGet(43)) - raft.server.log.appender.buffer.byte-limit = 33554432 (custom)
2019-09-24 21:32:28,676 [pool-469-thread-1] INFO  server.RaftServerConfigKeys (ConfUtils.java:logGet(43)) - raft.server.log.segment.size.max = 1048576 (custom)
2019-09-24 21:32:28,676 [pool-469-thread-1] INFO  server.RaftServerConfigKeys (ConfUtils.java:logGet(43)) - raft.server.log.segment.cache.num.max = 2 (custom)
2019-09-24 21:32:28,676 [pool-469-thread-1] INFO  segmented.SegmentedRaftLogWorker (SegmentedRaftLogWorker.java:<init>(172)) - new 27512a76-9a5c-4715-8645-034ef34c1b92@group-4BA3AA6AA25E-SegmentedRaftLogWorker for RaftStorage:Storage Directory /workdir/hadoop-ozone/integration-test/target/test-dir/MiniOzoneClusterImpl-e0eb44de-bd0e-4674-8e7b-4e6e9938c619/datanode-6/data/ratis/45327534-c9fb-4318-bcf2-4ba3aa6aa25e
2019-09-24 21:32:28,677 [pool-469-thread-1] INFO  server.RaftServerConfigKeys (ConfUtils.java:logGet(43)) - raft.server.log.queue.byte-limit = 2147483647 (custom)
2019-09-24 21:32:28,677 [pool-469-thread-1] INFO  server.RaftServerConfigKeys (ConfUtils.java:logGet(43)) - raft.server.log.queue.element-limit = 1024 (custom)
2019-09-24 21:32:28,678 [pool-469-thread-1] INFO  server.RaftServerConfigKeys (ConfUtils.java:logGet(43)) - raft.server.log.segment.size.max = 1048576 (custom)
2019-09-24 21:32:28,678 [pool-469-thread-1] INFO  server.RaftServerConfigKeys (ConfUtils.java:logGet(43)) - raft.server.log.preallocated.size = 16384 (custom)
2019-09-24 21:32:28,678 [pool-469-thread-1] INFO  server.RaftServerConfigKeys (ConfUtils.java:logGet(43)) - raft.server.log.write.buffer.size = 33554432 (custom)
2019-09-24 21:32:28,678 [pool-469-thread-1] INFO  server.RaftServerConfigKeys (ConfUtils.java:logGet(43)) - raft.server.log.force.sync.num = 128 (default)
2019-09-24 21:32:28,678 [pool-469-thread-1] INFO  server.RaftServerConfigKeys (ConfUtils.java:logGet(43)) - raft.server.log.statemachine.data.sync = true (default)
2019-09-24 21:32:28,678 [pool-469-thread-1] INFO  server.RaftServerConfigKeys (ConfUtils.java:logGet(43)) - raft.server.log.statemachine.data.sync.timeout = 10s (default)
2019-09-24 21:32:28,678 [pool-469-thread-1] INFO  server.RaftServerConfigKeys (ConfUtils.java:logGet(43)) - raft.server.log.statemachine.data.sync.timeout.retry = -1 (default)
2019-09-24 21:32:28,678 [pool-469-thread-1] INFO  server.RaftServerConfigKeys (ConfUtils.java:logGet(43)) - raft.server.log.statemachine.data.caching.enabled = true (custom)
2019-09-24 21:32:28,678 [pool-469-thread-1] INFO  segmented.SegmentedRaftLogWorker (SegmentedRaftLogWorker.java:lambda$new$0(132)) - 27512a76-9a5c-4715-8645-034ef34c1b92@group-4BA3AA6AA25E-SegmentedRaftLogWorker: flushIndex: setUnconditionally 0 -> -1
2019-09-24 21:32:28,679 [pool-469-thread-1] INFO  server.RaftServerConfigKeys (ConfUtils.java:logGet(43)) - raft.server.snapshot.auto.trigger.enabled = true (custom)
2019-09-24 21:32:28,679 [pool-469-thread-1] INFO  server.RaftServerConfigKeys (ConfUtils.java:logGet(43)) - raft.server.snapshot.auto.trigger.threshold = 10000 (custom)
2019-09-24 21:32:28,679 [pool-469-thread-1] INFO  server.RaftServerConfigKeys (ConfUtils.java:logGet(43)) - raft.server.snapshot.retention.num.files = 5 (custom)
2019-09-24 21:32:28,679 [pool-469-thread-1] INFO  server.RaftServerConfigKeys (ConfUtils.java:logGet(43)) - raft.server.retrycache.expirytime = 600000ms (custom)
2019-09-24 21:32:28,680 [pool-469-thread-1] INFO  impl.RaftServerImpl (RaftServerImpl.java:start(185)) - 27512a76-9a5c-4715-8645-034ef34c1b92@group-4BA3AA6AA25E: start as a follower, conf=-1: [27512a76-9a5c-4715-8645-034ef34c1b92:192.168.151.77:42353], old=null
2019-09-24 21:32:28,680 [pool-469-thread-1] INFO  impl.RaftServerImpl (RaftServerImpl.java:setRole(174)) - 27512a76-9a5c-4715-8645-034ef34c1b92@group-4BA3AA6AA25E: changes role from      null to FOLLOWER at term 0 for startAsFollower
2019-09-24 21:32:28,680 [pool-469-thread-1] INFO  impl.RoleInfo (RoleInfo.java:updateAndGet(143)) - 27512a76-9a5c-4715-8645-034ef34c1b92: start FollowerState
2019-09-24 21:32:28,680 [pool-469-thread-1] INFO  util.JmxRegister (JmxRegister.java:tryRegister(44)) - Successfully registered JMX Bean with object name Ratis:service=RaftServer,group=group-4BA3AA6AA25E,id=27512a76-9a5c-4715-8645-034ef34c1b92
2019-09-24 21:32:28,684 [RatisPipelineUtilsThread] INFO  pipeline.PipelineStateManager (PipelineStateManager.java:addPipeline(56)) - Created pipeline Pipeline[ Id: 45327534-c9fb-4318-bcf2-4ba3aa6aa25e, Nodes: 27512a76-9a5c-4715-8645-034ef34c1b92{ip: 192.168.151.77, host: pr-hdds-2149-mjjcq-3576968246, networkLocation: /default-rack, certSerialId: null}, Type:RATIS, Factor:ONE, State:OPEN]
2019-09-24 21:32:28,695 [grpc-default-executor-7] INFO  impl.RaftServerProxy (RaftServerProxy.java:addNew(89)) - d453428c-5e82-4581-a2cd-536e0cfe17bd: addNew group-FB80741E3BAB:[d453428c-5e82-4581-a2cd-536e0cfe17bd:192.168.151.77:43251] returns group-FB80741E3BAB:java.util.concurrent.CompletableFuture@5dc82160[Not completed]
2019-09-24 21:32:28,696 [pool-449-thread-1] INFO  impl.RaftServerImpl (RaftServerImpl.java:<init>(95)) - d453428c-5e82-4581-a2cd-536e0cfe17bd: new RaftServerImpl for group-FB80741E3BAB:[d453428c-5e82-4581-a2cd-536e0cfe17bd:192.168.151.77:43251] with ContainerStateMachine:uninitialized
2019-09-24 21:32:28,696 [pool-449-thread-1] INFO  server.RaftServerConfigKeys (ConfUtils.java:logGet(43)) - raft.server.rpc.timeout.min = 5s (custom)
2019-09-24 21:32:28,696 [pool-449-thread-1] INFO  server.RaftServerConfigKeys (ConfUtils.java:logGet(43)) - raft.server.rpc.timeout.max = 5200ms (custom)
2019-09-24 21:32:28,696 [pool-449-thread-1] INFO  server.RaftServerConfigKeys (ConfUtils.java:logGet(43)) - raft.server.rpcslowness.timeout = 120s (custom)
2019-09-24 21:32:28,696 [pool-449-thread-1] INFO  server.RaftServerConfigKeys (ConfUtils.java:logGet(43)) - raft.server.sleep.deviation.threshold = 300 (default)
2019-09-24 21:32:28,697 [pool-449-thread-1] INFO  server.RaftServerConfigKeys (ConfUtils.java:logGet(43)) - raft.server.log.appender.install.snapshot.enabled = false (custom)
2019-09-24 21:32:28,697 [pool-449-thread-1] INFO  impl.RaftServerImpl (ServerState.java:<init>(103)) - d453428c-5e82-4581-a2cd-536e0cfe17bd@group-FB80741E3BAB: ConfigurationManager, init=-1: [d453428c-5e82-4581-a2cd-536e0cfe17bd:192.168.151.77:43251], old=null, confs=<EMPTY_MAP>
2019-09-24 21:32:28,697 [pool-449-thread-1] INFO  server.RaftServerConfigKeys (ConfUtils.java:logGet(43)) - raft.server.storage.dir = [/workdir/hadoop-ozone/integration-test/target/test-dir/MiniOzoneClusterImpl-e0eb44de-bd0e-4674-8e7b-4e6e9938c619/datanode-4/data/ratis] (custom)
2019-09-24 21:32:28,697 [pool-449-thread-1] INFO  storage.RaftStorageDirectory (RaftStorageDirectory.java:analyzeStorage(246)) - The storage directory /workdir/hadoop-ozone/integration-test/target/test-dir/MiniOzoneClusterImpl-e0eb44de-bd0e-4674-8e7b-4e6e9938c619/datanode-4/data/ratis/24872ad7-c88d-44bd-bf03-fb80741e3bab does not exist. Creating ...
2019-09-24 21:32:28,708 [pool-449-thread-1] INFO  storage.RaftStorageDirectory (RaftStorageDirectory.java:tryLock(328)) - Lock on /workdir/hadoop-ozone/integration-test/target/test-dir/MiniOzoneClusterImpl-e0eb44de-bd0e-4674-8e7b-4e6e9938c619/datanode-4/data/ratis/24872ad7-c88d-44bd-bf03-fb80741e3bab/in_use.lock acquired by nodename 23567@pr-hdds-2149-mjjcq-3576968246
2019-09-24 21:32:28,722 [pool-449-thread-1] INFO  storage.RaftStorage (RaftStorage.java:format(72)) - Storage directory /workdir/hadoop-ozone/integration-test/target/test-dir/MiniOzoneClusterImpl-e0eb44de-bd0e-4674-8e7b-4e6e9938c619/datanode-4/data/ratis/24872ad7-c88d-44bd-bf03-fb80741e3bab has been successfully formatted.
2019-09-24 21:32:28,722 [pool-449-thread-1] INFO  ratis.ContainerStateMachine (ContainerStateMachine.java:loadSnapshot(230)) - group-FB80741E3BAB: The snapshot info is null. Setting the last applied indexto:(t:0, i:~)
2019-09-24 21:32:28,722 [pool-449-thread-1] INFO  server.RaftServerConfigKeys (ConfUtils.java:logGet(43)) - raft.server.notification.no-leader.timeout = 120s (custom)
2019-09-24 21:32:28,722 [pool-449-thread-1] INFO  server.RaftServerConfigKeys (ConfUtils.java:logGet(43)) - raft.server.log.use.memory = false (default)
2019-09-24 21:32:28,722 [pool-449-thread-1] INFO  server.RaftServerConfigKeys (ConfUtils.java:logGet(43)) - raft.server.log.purge.gap = 1000000 (custom)
2019-09-24 21:32:28,722 [pool-449-thread-1] INFO  server.RaftServerConfigKeys (ConfUtils.java:logGet(43)) - raft.server.log.appender.buffer.byte-limit = 33554432 (custom)
2019-09-24 21:32:28,722 [pool-449-thread-1] INFO  server.RaftServerConfigKeys (ConfUtils.java:logGet(43)) - raft.server.log.segment.size.max = 1048576 (custom)
2019-09-24 21:32:28,722 [pool-449-thread-1] INFO  server.RaftServerConfigKeys (ConfUtils.java:logGet(43)) - raft.server.log.segment.cache.num.max = 2 (custom)
2019-09-24 21:32:28,722 [pool-449-thread-1] INFO  segmented.SegmentedRaftLogWorker (SegmentedRaftLogWorker.java:<init>(172)) - new d453428c-5e82-4581-a2cd-536e0cfe17bd@group-FB80741E3BAB-SegmentedRaftLogWorker for RaftStorage:Storage Directory /workdir/hadoop-ozone/integration-test/target/test-dir/MiniOzoneClusterImpl-e0eb44de-bd0e-4674-8e7b-4e6e9938c619/datanode-4/data/ratis/24872ad7-c88d-44bd-bf03-fb80741e3bab
2019-09-24 21:32:28,723 [pool-449-thread-1] INFO  server.RaftServerConfigKeys (ConfUtils.java:logGet(43)) - raft.server.log.queue.byte-limit = 2147483647 (custom)
2019-09-24 21:32:28,723 [pool-449-thread-1] INFO  server.RaftServerConfigKeys (ConfUtils.java:logGet(43)) - raft.server.log.queue.element-limit = 1024 (custom)
2019-09-24 21:32:28,723 [pool-449-thread-1] INFO  server.RaftServerConfigKeys (ConfUtils.java:logGet(43)) - raft.server.log.segment.size.max = 1048576 (custom)
2019-09-24 21:32:28,724 [pool-449-thread-1] INFO  server.RaftServerConfigKeys (ConfUtils.java:logGet(43)) - raft.server.log.preallocated.size = 16384 (custom)
2019-09-24 21:32:28,724 [pool-449-thread-1] INFO  server.RaftServerConfigKeys (ConfUtils.java:logGet(43)) - raft.server.log.write.buffer.size = 33554432 (custom)
2019-09-24 21:32:28,724 [pool-449-thread-1] INFO  server.RaftServerConfigKeys (ConfUtils.java:logGet(43)) - raft.server.log.force.sync.num = 128 (default)
2019-09-24 21:32:28,724 [pool-449-thread-1] INFO  server.RaftServerConfigKeys (ConfUtils.java:logGet(43)) - raft.server.log.statemachine.data.sync = true (default)
2019-09-24 21:32:28,724 [pool-449-thread-1] INFO  server.RaftServerConfigKeys (ConfUtils.java:logGet(43)) - raft.server.log.statemachine.data.sync.timeout = 10s (default)
2019-09-24 21:32:28,724 [pool-449-thread-1] INFO  server.RaftServerConfigKeys (ConfUtils.java:logGet(43)) - raft.server.log.statemachine.data.sync.timeout.retry = -1 (default)
2019-09-24 21:32:28,724 [pool-449-thread-1] INFO  server.RaftServerConfigKeys (ConfUtils.java:logGet(43)) - raft.server.log.statemachine.data.caching.enabled = true (custom)
2019-09-24 21:32:28,724 [pool-449-thread-1] INFO  segmented.SegmentedRaftLogWorker (SegmentedRaftLogWorker.java:lambda$new$0(132)) - d453428c-5e82-4581-a2cd-536e0cfe17bd@group-FB80741E3BAB-SegmentedRaftLogWorker: flushIndex: setUnconditionally 0 -> -1
2019-09-24 21:32:28,724 [pool-449-thread-1] INFO  server.RaftServerConfigKeys (ConfUtils.java:logGet(43)) - raft.server.snapshot.auto.trigger.enabled = true (custom)
2019-09-24 21:32:28,724 [pool-449-thread-1] INFO  server.RaftServerConfigKeys (ConfUtils.java:logGet(43)) - raft.server.snapshot.auto.trigger.threshold = 10000 (custom)
2019-09-24 21:32:28,724 [pool-449-thread-1] INFO  server.RaftServerConfigKeys (ConfUtils.java:logGet(43)) - raft.server.snapshot.retention.num.files = 5 (custom)
2019-09-24 21:32:28,725 [pool-449-thread-1] INFO  server.RaftServerConfigKeys (ConfUtils.java:logGet(43)) - raft.server.retrycache.expirytime = 600000ms (custom)
2019-09-24 21:32:28,726 [pool-449-thread-1] INFO  impl.RaftServerImpl (RaftServerImpl.java:start(185)) - d453428c-5e82-4581-a2cd-536e0cfe17bd@group-FB80741E3BAB: start as a follower, conf=-1: [d453428c-5e82-4581-a2cd-536e0cfe17bd:192.168.151.77:43251], old=null
2019-09-24 21:32:28,726 [pool-449-thread-1] INFO  impl.RaftServerImpl (RaftServerImpl.java:setRole(174)) - d453428c-5e82-4581-a2cd-536e0cfe17bd@group-FB80741E3BAB: changes role from      null to FOLLOWER at term 0 for startAsFollower
2019-09-24 21:32:28,726 [pool-449-thread-1] INFO  impl.RoleInfo (RoleInfo.java:updateAndGet(143)) - d453428c-5e82-4581-a2cd-536e0cfe17bd: start FollowerState
2019-09-24 21:32:28,726 [pool-449-thread-1] INFO  util.JmxRegister (JmxRegister.java:tryRegister(44)) - Successfully registered JMX Bean with object name Ratis:service=RaftServer,group=group-FB80741E3BAB,id=d453428c-5e82-4581-a2cd-536e0cfe17bd
2019-09-24 21:32:28,730 [RatisPipelineUtilsThread] INFO  pipeline.PipelineStateManager (PipelineStateManager.java:addPipeline(56)) - Created pipeline Pipeline[ Id: 24872ad7-c88d-44bd-bf03-fb80741e3bab, Nodes: d453428c-5e82-4581-a2cd-536e0cfe17bd{ip: 192.168.151.77, host: pr-hdds-2149-mjjcq-3576968246, networkLocation: /default-rack, certSerialId: null}, Type:RATIS, Factor:ONE, State:OPEN]
2019-09-24 21:32:28,737 [grpc-default-executor-2] INFO  impl.RaftServerProxy (RaftServerProxy.java:addNew(89)) - 552ebd75-c27c-494a-8f75-4c4c056df87d: addNew group-C59962718ADF:[27644118-fb56-4745-bc35-a441072a932b:192.168.151.77:36389, 552ebd75-c27c-494a-8f75-4c4c056df87d:192.168.151.77:43372, 27512a76-9a5c-4715-8645-034ef34c1b92:192.168.151.77:42353] returns group-C59962718ADF:java.util.concurrent.CompletableFuture@4c829e69[Not completed]
2019-09-24 21:32:28,737 [grpc-default-executor-8] INFO  impl.RaftServerProxy (RaftServerProxy.java:addNew(89)) - 27644118-fb56-4745-bc35-a441072a932b: addNew group-C59962718ADF:[27644118-fb56-4745-bc35-a441072a932b:192.168.151.77:36389, 552ebd75-c27c-494a-8f75-4c4c056df87d:192.168.151.77:43372, 27512a76-9a5c-4715-8645-034ef34c1b92:192.168.151.77:42353] returns group-C59962718ADF:java.util.concurrent.CompletableFuture@5e1a9a93[Not completed]
2019-09-24 21:32:28,737 [grpc-default-executor-7] INFO  impl.RaftServerProxy (RaftServerProxy.java:addNew(89)) - 27512a76-9a5c-4715-8645-034ef34c1b92: addNew group-C59962718ADF:[27644118-fb56-4745-bc35-a441072a932b:192.168.151.77:36389, 552ebd75-c27c-494a-8f75-4c4c056df87d:192.168.151.77:43372, 27512a76-9a5c-4715-8645-034ef34c1b92:192.168.151.77:42353] returns group-C59962718ADF:java.util.concurrent.CompletableFuture@53903c92[Not completed]
2019-09-24 21:32:28,738 [pool-439-thread-1] INFO  impl.RaftServerImpl (RaftServerImpl.java:<init>(95)) - 552ebd75-c27c-494a-8f75-4c4c056df87d: new RaftServerImpl for group-C59962718ADF:[27644118-fb56-4745-bc35-a441072a932b:192.168.151.77:36389, 552ebd75-c27c-494a-8f75-4c4c056df87d:192.168.151.77:43372, 27512a76-9a5c-4715-8645-034ef34c1b92:192.168.151.77:42353] with ContainerStateMachine:uninitialized
2019-09-24 21:32:28,738 [pool-439-thread-1] INFO  server.RaftServerConfigKeys (ConfUtils.java:logGet(43)) - raft.server.rpc.timeout.min = 5s (custom)
2019-09-24 21:32:28,739 [pool-459-thread-1] INFO  impl.RaftServerImpl (RaftServerImpl.java:<init>(95)) - 27644118-fb56-4745-bc35-a441072a932b: new RaftServerImpl for group-C59962718ADF:[27644118-fb56-4745-bc35-a441072a932b:192.168.151.77:36389, 552ebd75-c27c-494a-8f75-4c4c056df87d:192.168.151.77:43372, 27512a76-9a5c-4715-8645-034ef34c1b92:192.168.151.77:42353] with ContainerStateMachine:uninitialized
2019-09-24 21:32:28,739 [pool-439-thread-1] INFO  server.RaftServerConfigKeys (ConfUtils.java:logGet(43)) - raft.server.rpc.timeout.max = 5200ms (custom)
2019-09-24 21:32:28,739 [pool-459-thread-1] INFO  server.RaftServerConfigKeys (ConfUtils.java:logGet(43)) - raft.server.rpc.timeout.min = 5s (custom)
2019-09-24 21:32:28,739 [pool-469-thread-1] INFO  impl.RaftServerImpl (RaftServerImpl.java:<init>(95)) - 27512a76-9a5c-4715-8645-034ef34c1b92: new RaftServerImpl for group-C59962718ADF:[27644118-fb56-4745-bc35-a441072a932b:192.168.151.77:36389, 552ebd75-c27c-494a-8f75-4c4c056df87d:192.168.151.77:43372, 27512a76-9a5c-4715-8645-034ef34c1b92:192.168.151.77:42353] with ContainerStateMachine:uninitialized
2019-09-24 21:32:28,739 [pool-439-thread-1] INFO  server.RaftServerConfigKeys (ConfUtils.java:logGet(43)) - raft.server.rpcslowness.timeout = 120s (custom)
2019-09-24 21:32:28,739 [pool-469-thread-1] INFO  server.RaftServerConfigKeys (ConfUtils.java:logGet(43)) - raft.server.rpc.timeout.min = 5s (custom)
2019-09-24 21:32:28,739 [pool-459-thread-1] INFO  server.RaftServerConfigKeys (ConfUtils.java:logGet(43)) - raft.server.rpc.timeout.max = 5200ms (custom)
2019-09-24 21:32:28,739 [pool-469-thread-1] INFO  server.RaftServerConfigKeys (ConfUtils.java:logGet(43)) - raft.server.rpc.timeout.max = 5200ms (custom)
2019-09-24 21:32:28,739 [pool-439-thread-1] INFO  server.RaftServerConfigKeys (ConfUtils.java:logGet(43)) - raft.server.sleep.deviation.threshold = 300 (default)
2019-09-24 21:32:28,739 [pool-469-thread-1] INFO  server.RaftServerConfigKeys (ConfUtils.java:logGet(43)) - raft.server.rpcslowness.timeout = 120s (custom)
2019-09-24 21:32:28,739 [pool-459-thread-1] INFO  server.RaftServerConfigKeys (ConfUtils.java:logGet(43)) - raft.server.rpcslowness.timeout = 120s (custom)
2019-09-24 21:32:28,739 [pool-469-thread-1] INFO  server.RaftServerConfigKeys (ConfUtils.java:logGet(43)) - raft.server.sleep.deviation.threshold = 300 (default)
2019-09-24 21:32:28,739 [pool-439-thread-1] INFO  server.RaftServerConfigKeys (ConfUtils.java:logGet(43)) - raft.server.log.appender.install.snapshot.enabled = false (custom)
2019-09-24 21:32:28,740 [pool-469-thread-1] INFO  server.RaftServerConfigKeys (ConfUtils.java:logGet(43)) - raft.server.log.appender.install.snapshot.enabled = false (custom)
2019-09-24 21:32:28,739 [pool-459-thread-1] INFO  server.RaftServerConfigKeys (ConfUtils.java:logGet(43)) - raft.server.sleep.deviation.threshold = 300 (default)
2019-09-24 21:32:28,740 [pool-469-thread-1] INFO  impl.RaftServerImpl (ServerState.java:<init>(103)) - 27512a76-9a5c-4715-8645-034ef34c1b92@group-C59962718ADF: ConfigurationManager, init=-1: [27644118-fb56-4745-bc35-a441072a932b:192.168.151.77:36389, 552ebd75-c27c-494a-8f75-4c4c056df87d:192.168.151.77:43372, 27512a76-9a5c-4715-8645-034ef34c1b92:192.168.151.77:42353], old=null, confs=<EMPTY_MAP>
2019-09-24 21:32:28,740 [pool-439-thread-1] INFO  impl.RaftServerImpl (ServerState.java:<init>(103)) - 552ebd75-c27c-494a-8f75-4c4c056df87d@group-C59962718ADF: ConfigurationManager, init=-1: [27644118-fb56-4745-bc35-a441072a932b:192.168.151.77:36389, 552ebd75-c27c-494a-8f75-4c4c056df87d:192.168.151.77:43372, 27512a76-9a5c-4715-8645-034ef34c1b92:192.168.151.77:42353], old=null, confs=<EMPTY_MAP>
2019-09-24 21:32:28,740 [pool-469-thread-1] INFO  server.RaftServerConfigKeys (ConfUtils.java:logGet(43)) - raft.server.storage.dir = [/workdir/hadoop-ozone/integration-test/target/test-dir/MiniOzoneClusterImpl-e0eb44de-bd0e-4674-8e7b-4e6e9938c619/datanode-6/data/ratis] (custom)
2019-09-24 21:32:28,740 [pool-459-thread-1] INFO  server.RaftServerConfigKeys (ConfUtils.java:logGet(43)) - raft.server.log.appender.install.snapshot.enabled = false (custom)
2019-09-24 21:32:28,740 [pool-439-thread-1] INFO  server.RaftServerConfigKeys (ConfUtils.java:logGet(43)) - raft.server.storage.dir = [/workdir/hadoop-ozone/integration-test/target/test-dir/MiniOzoneClusterImpl-e0eb44de-bd0e-4674-8e7b-4e6e9938c619/datanode-3/data/ratis] (custom)
2019-09-24 21:32:28,740 [pool-459-thread-1] INFO  impl.RaftServerImpl (ServerState.java:<init>(103)) - 27644118-fb56-4745-bc35-a441072a932b@group-C59962718ADF: ConfigurationManager, init=-1: [27644118-fb56-4745-bc35-a441072a932b:192.168.151.77:36389, 552ebd75-c27c-494a-8f75-4c4c056df87d:192.168.151.77:43372, 27512a76-9a5c-4715-8645-034ef34c1b92:192.168.151.77:42353], old=null, confs=<EMPTY_MAP>
2019-09-24 21:32:28,740 [pool-469-thread-1] INFO  storage.RaftStorageDirectory (RaftStorageDirectory.java:analyzeStorage(246)) - The storage directory /workdir/hadoop-ozone/integration-test/target/test-dir/MiniOzoneClusterImpl-e0eb44de-bd0e-4674-8e7b-4e6e9938c619/datanode-6/data/ratis/5d6f67af-7986-4605-8fed-c59962718adf does not exist. Creating ...
2019-09-24 21:32:28,740 [pool-459-thread-1] INFO  server.RaftServerConfigKeys (ConfUtils.java:logGet(43)) - raft.server.storage.dir = [/workdir/hadoop-ozone/integration-test/target/test-dir/MiniOzoneClusterImpl-e0eb44de-bd0e-4674-8e7b-4e6e9938c619/datanode-5/data/ratis] (custom)
2019-09-24 21:32:28,740 [pool-439-thread-1] INFO  storage.RaftStorageDirectory (RaftStorageDirectory.java:analyzeStorage(246)) - The storage directory /workdir/hadoop-ozone/integration-test/target/test-dir/MiniOzoneClusterImpl-e0eb44de-bd0e-4674-8e7b-4e6e9938c619/datanode-3/data/ratis/5d6f67af-7986-4605-8fed-c59962718adf does not exist. Creating ...
2019-09-24 21:32:28,741 [pool-459-thread-1] INFO  storage.RaftStorageDirectory (RaftStorageDirectory.java:analyzeStorage(246)) - The storage directory /workdir/hadoop-ozone/integration-test/target/test-dir/MiniOzoneClusterImpl-e0eb44de-bd0e-4674-8e7b-4e6e9938c619/datanode-5/data/ratis/5d6f67af-7986-4605-8fed-c59962718adf does not exist. Creating ...
2019-09-24 21:32:28,754 [pool-439-thread-1] INFO  storage.RaftStorageDirectory (RaftStorageDirectory.java:tryLock(328)) - Lock on /workdir/hadoop-ozone/integration-test/target/test-dir/MiniOzoneClusterImpl-e0eb44de-bd0e-4674-8e7b-4e6e9938c619/datanode-3/data/ratis/5d6f67af-7986-4605-8fed-c59962718adf/in_use.lock acquired by nodename 23567@pr-hdds-2149-mjjcq-3576968246
2019-09-24 21:32:28,754 [pool-469-thread-1] INFO  storage.RaftStorageDirectory (RaftStorageDirectory.java:tryLock(328)) - Lock on /workdir/hadoop-ozone/integration-test/target/test-dir/MiniOzoneClusterImpl-e0eb44de-bd0e-4674-8e7b-4e6e9938c619/datanode-6/data/ratis/5d6f67af-7986-4605-8fed-c59962718adf/in_use.lock acquired by nodename 23567@pr-hdds-2149-mjjcq-3576968246
2019-09-24 21:32:28,754 [pool-459-thread-1] INFO  storage.RaftStorageDirectory (RaftStorageDirectory.java:tryLock(328)) - Lock on /workdir/hadoop-ozone/integration-test/target/test-dir/MiniOzoneClusterImpl-e0eb44de-bd0e-4674-8e7b-4e6e9938c619/datanode-5/data/ratis/5d6f67af-7986-4605-8fed-c59962718adf/in_use.lock acquired by nodename 23567@pr-hdds-2149-mjjcq-3576968246
2019-09-24 21:32:28,776 [pool-459-thread-1] INFO  storage.RaftStorage (RaftStorage.java:format(72)) - Storage directory /workdir/hadoop-ozone/integration-test/target/test-dir/MiniOzoneClusterImpl-e0eb44de-bd0e-4674-8e7b-4e6e9938c619/datanode-5/data/ratis/5d6f67af-7986-4605-8fed-c59962718adf has been successfully formatted.
2019-09-24 21:32:28,776 [pool-439-thread-1] INFO  storage.RaftStorage (RaftStorage.java:format(72)) - Storage directory /workdir/hadoop-ozone/integration-test/target/test-dir/MiniOzoneClusterImpl-e0eb44de-bd0e-4674-8e7b-4e6e9938c619/datanode-3/data/ratis/5d6f67af-7986-4605-8fed-c59962718adf has been successfully formatted.
2019-09-24 21:32:28,776 [pool-469-thread-1] INFO  storage.RaftStorage (RaftStorage.java:format(72)) - Storage directory /workdir/hadoop-ozone/integration-test/target/test-dir/MiniOzoneClusterImpl-e0eb44de-bd0e-4674-8e7b-4e6e9938c619/datanode-6/data/ratis/5d6f67af-7986-4605-8fed-c59962718adf has been successfully formatted.
2019-09-24 21:32:28,776 [pool-459-thread-1] INFO  ratis.ContainerStateMachine (ContainerStateMachine.java:loadSnapshot(230)) - group-C59962718ADF: The snapshot info is null. Setting the last applied indexto:(t:0, i:~)
2019-09-24 21:32:28,776 [pool-469-thread-1] INFO  ratis.ContainerStateMachine (ContainerStateMachine.java:loadSnapshot(230)) - group-C59962718ADF: The snapshot info is null. Setting the last applied indexto:(t:0, i:~)
2019-09-24 21:32:28,777 [pool-459-thread-1] INFO  server.RaftServerConfigKeys (ConfUtils.java:logGet(43)) - raft.server.notification.no-leader.timeout = 120s (custom)
2019-09-24 21:32:28,776 [pool-439-thread-1] INFO  ratis.ContainerStateMachine (ContainerStateMachine.java:loadSnapshot(230)) - group-C59962718ADF: The snapshot info is null. Setting the last applied indexto:(t:0, i:~)
2019-09-24 21:32:28,777 [pool-459-thread-1] INFO  server.RaftServerConfigKeys (ConfUtils.java:logGet(43)) - raft.server.log.use.memory = false (default)
2019-09-24 21:32:28,777 [pool-469-thread-1] INFO  server.RaftServerConfigKeys (ConfUtils.java:logGet(43)) - raft.server.notification.no-leader.timeout = 120s (custom)
2019-09-24 21:32:28,777 [pool-459-thread-1] INFO  server.RaftServerConfigKeys (ConfUtils.java:logGet(43)) - raft.server.log.purge.gap = 1000000 (custom)
2019-09-24 21:32:28,777 [pool-439-thread-1] INFO  server.RaftServerConfigKeys (ConfUtils.java:logGet(43)) - raft.server.notification.no-leader.timeout = 120s (custom)
2019-09-24 21:32:28,777 [pool-459-thread-1] INFO  server.RaftServerConfigKeys (ConfUtils.java:logGet(43)) - raft.server.log.appender.buffer.byte-limit = 33554432 (custom)
2019-09-24 21:32:28,777 [pool-469-thread-1] INFO  server.RaftServerConfigKeys (ConfUtils.java:logGet(43)) - raft.server.log.use.memory = false (default)
2019-09-24 21:32:28,777 [pool-459-thread-1] INFO  server.RaftServerConfigKeys (ConfUtils.java:logGet(43)) - raft.server.log.segment.size.max = 1048576 (custom)
2019-09-24 21:32:28,777 [pool-439-thread-1] INFO  server.RaftServerConfigKeys (ConfUtils.java:logGet(43)) - raft.server.log.use.memory = false (default)
2019-09-24 21:32:28,777 [pool-459-thread-1] INFO  server.RaftServerConfigKeys (ConfUtils.java:logGet(43)) - raft.server.log.segment.cache.num.max = 2 (custom)
2019-09-24 21:32:28,777 [pool-469-thread-1] INFO  server.RaftServerConfigKeys (ConfUtils.java:logGet(43)) - raft.server.log.purge.gap = 1000000 (custom)
2019-09-24 21:32:28,778 [pool-459-thread-1] INFO  segmented.SegmentedRaftLogWorker (SegmentedRaftLogWorker.java:<init>(172)) - new 27644118-fb56-4745-bc35-a441072a932b@group-C59962718ADF-SegmentedRaftLogWorker for RaftStorage:Storage Directory /workdir/hadoop-ozone/integration-test/target/test-dir/MiniOzoneClusterImpl-e0eb44de-bd0e-4674-8e7b-4e6e9938c619/datanode-5/data/ratis/5d6f67af-7986-4605-8fed-c59962718adf
2019-09-24 21:32:28,777 [pool-439-thread-1] INFO  server.RaftServerConfigKeys (ConfUtils.java:logGet(43)) - raft.server.log.purge.gap = 1000000 (custom)
2019-09-24 21:32:28,778 [pool-459-thread-1] INFO  server.RaftServerConfigKeys (ConfUtils.java:logGet(43)) - raft.server.log.queue.byte-limit = 2147483647 (custom)
2019-09-24 21:32:28,778 [pool-469-thread-1] INFO  server.RaftServerConfigKeys (ConfUtils.java:logGet(43)) - raft.server.log.appender.buffer.byte-limit = 33554432 (custom)
2019-09-24 21:32:28,778 [pool-459-thread-1] INFO  server.RaftServerConfigKeys (ConfUtils.java:logGet(43)) - raft.server.log.queue.element-limit = 1024 (custom)
2019-09-24 21:32:28,778 [pool-439-thread-1] INFO  server.RaftServerConfigKeys (ConfUtils.java:logGet(43)) - raft.server.log.appender.buffer.byte-limit = 33554432 (custom)
2019-09-24 21:32:28,778 [pool-459-thread-1] INFO  server.RaftServerConfigKeys (ConfUtils.java:logGet(43)) - raft.server.log.segment.size.max = 1048576 (custom)
2019-09-24 21:32:28,778 [pool-469-thread-1] INFO  server.RaftServerConfigKeys (ConfUtils.java:logGet(43)) - raft.server.log.segment.size.max = 1048576 (custom)
2019-09-24 21:32:28,778 [pool-459-thread-1] INFO  server.RaftServerConfigKeys (ConfUtils.java:logGet(43)) - raft.server.log.preallocated.size = 16384 (custom)
2019-09-24 21:32:28,778 [pool-439-thread-1] INFO  server.RaftServerConfigKeys (ConfUtils.java:logGet(43)) - raft.server.log.segment.size.max = 1048576 (custom)
2019-09-24 21:32:28,778 [pool-459-thread-1] INFO  server.RaftServerConfigKeys (ConfUtils.java:logGet(43)) - raft.server.log.write.buffer.size = 33554432 (custom)
2019-09-24 21:32:28,778 [pool-469-thread-1] INFO  server.RaftServerConfigKeys (ConfUtils.java:logGet(43)) - raft.server.log.segment.cache.num.max = 2 (custom)
2019-09-24 21:32:28,779 [pool-459-thread-1] INFO  server.RaftServerConfigKeys (ConfUtils.java:logGet(43)) - raft.server.log.force.sync.num = 128 (default)
2019-09-24 21:32:28,778 [pool-439-thread-1] INFO  server.RaftServerConfigKeys (ConfUtils.java:logGet(43)) - raft.server.log.segment.cache.num.max = 2 (custom)
2019-09-24 21:32:28,779 [pool-459-thread-1] INFO  server.RaftServerConfigKeys (ConfUtils.java:logGet(43)) - raft.server.log.statemachine.data.sync = true (default)
2019-09-24 21:32:28,779 [pool-469-thread-1] INFO  segmented.SegmentedRaftLogWorker (SegmentedRaftLogWorker.java:<init>(172)) - new 27512a76-9a5c-4715-8645-034ef34c1b92@group-C59962718ADF-SegmentedRaftLogWorker for RaftStorage:Storage Directory /workdir/hadoop-ozone/integration-test/target/test-dir/MiniOzoneClusterImpl-e0eb44de-bd0e-4674-8e7b-4e6e9938c619/datanode-6/data/ratis/5d6f67af-7986-4605-8fed-c59962718adf
2019-09-24 21:32:28,779 [pool-459-thread-1] INFO  server.RaftServerConfigKeys (ConfUtils.java:logGet(43)) - raft.server.log.statemachine.data.sync.timeout = 10s (default)
2019-09-24 21:32:28,779 [pool-439-thread-1] INFO  segmented.SegmentedRaftLogWorker (SegmentedRaftLogWorker.java:<init>(172)) - new 552ebd75-c27c-494a-8f75-4c4c056df87d@group-C59962718ADF-SegmentedRaftLogWorker for RaftStorage:Storage Directory /workdir/hadoop-ozone/integration-test/target/test-dir/MiniOzoneClusterImpl-e0eb44de-bd0e-4674-8e7b-4e6e9938c619/datanode-3/data/ratis/5d6f67af-7986-4605-8fed-c59962718adf
2019-09-24 21:32:28,779 [pool-459-thread-1] INFO  server.RaftServerConfigKeys (ConfUtils.java:logGet(43)) - raft.server.log.statemachine.data.sync.timeout.retry = -1 (default)
2019-09-24 21:32:28,779 [pool-469-thread-1] INFO  server.RaftServerConfigKeys (ConfUtils.java:logGet(43)) - raft.server.log.queue.byte-limit = 2147483647 (custom)
2019-09-24 21:32:28,779 [pool-459-thread-1] INFO  server.RaftServerConfigKeys (ConfUtils.java:logGet(43)) - raft.server.log.statemachine.data.caching.enabled = true (custom)
2019-09-24 21:32:28,779 [pool-439-thread-1] INFO  server.RaftServerConfigKeys (ConfUtils.java:logGet(43)) - raft.server.log.queue.byte-limit = 2147483647 (custom)
2019-09-24 21:32:28,779 [pool-469-thread-1] INFO  server.RaftServerConfigKeys (ConfUtils.java:logGet(43)) - raft.server.log.queue.element-limit = 1024 (custom)
2019-09-24 21:32:28,779 [pool-459-thread-1] INFO  segmented.SegmentedRaftLogWorker (SegmentedRaftLogWorker.java:lambda$new$0(132)) - 27644118-fb56-4745-bc35-a441072a932b@group-C59962718ADF-SegmentedRaftLogWorker: flushIndex: setUnconditionally 0 -> -1
2019-09-24 21:32:28,779 [pool-439-thread-1] INFO  server.RaftServerConfigKeys (ConfUtils.java:logGet(43)) - raft.server.log.queue.element-limit = 1024 (custom)
2019-09-24 21:32:28,780 [pool-469-thread-1] INFO  server.RaftServerConfigKeys (ConfUtils.java:logGet(43)) - raft.server.log.segment.size.max = 1048576 (custom)
2019-09-24 21:32:28,780 [pool-459-thread-1] INFO  server.RaftServerConfigKeys (ConfUtils.java:logGet(43)) - raft.server.snapshot.auto.trigger.enabled = true (custom)
2019-09-24 21:32:28,780 [pool-439-thread-1] INFO  server.RaftServerConfigKeys (ConfUtils.java:logGet(43)) - raft.server.log.segment.size.max = 1048576 (custom)
2019-09-24 21:32:28,780 [pool-459-thread-1] INFO  server.RaftServerConfigKeys (ConfUtils.java:logGet(43)) - raft.server.snapshot.auto.trigger.threshold = 10000 (custom)
2019-09-24 21:32:28,780 [pool-469-thread-1] INFO  server.RaftServerConfigKeys (ConfUtils.java:logGet(43)) - raft.server.log.preallocated.size = 16384 (custom)
2019-09-24 21:32:28,780 [pool-459-thread-1] INFO  server.RaftServerConfigKeys (ConfUtils.java:logGet(43)) - raft.server.snapshot.retention.num.files = 5 (custom)
2019-09-24 21:32:28,780 [pool-439-thread-1] INFO  server.RaftServerConfigKeys (ConfUtils.java:logGet(43)) - raft.server.log.preallocated.size = 16384 (custom)
2019-09-24 21:32:28,780 [pool-459-thread-1] INFO  server.RaftServerConfigKeys (ConfUtils.java:logGet(43)) - raft.server.retrycache.expirytime = 600000ms (custom)
2019-09-24 21:32:28,780 [pool-469-thread-1] INFO  server.RaftServerConfigKeys (ConfUtils.java:logGet(43)) - raft.server.log.write.buffer.size = 33554432 (custom)
2019-09-24 21:32:28,780 [pool-439-thread-1] INFO  server.RaftServerConfigKeys (ConfUtils.java:logGet(43)) - raft.server.log.write.buffer.size = 33554432 (custom)
2019-09-24 21:32:28,780 [pool-469-thread-1] INFO  server.RaftServerConfigKeys (ConfUtils.java:logGet(43)) - raft.server.log.force.sync.num = 128 (default)
2019-09-24 21:32:28,781 [pool-439-thread-1] INFO  server.RaftServerConfigKeys (ConfUtils.java:logGet(43)) - raft.server.log.force.sync.num = 128 (default)
2019-09-24 21:32:28,781 [pool-469-thread-1] INFO  server.RaftServerConfigKeys (ConfUtils.java:logGet(43)) - raft.server.log.statemachine.data.sync = true (default)
2019-09-24 21:32:28,781 [pool-439-thread-1] INFO  server.RaftServerConfigKeys (ConfUtils.java:logGet(43)) - raft.server.log.statemachine.data.sync = true (default)
2019-09-24 21:32:28,781 [pool-469-thread-1] INFO  server.RaftServerConfigKeys (ConfUtils.java:logGet(43)) - raft.server.log.statemachine.data.sync.timeout = 10s (default)
2019-09-24 21:32:28,781 [pool-439-thread-1] INFO  server.RaftServerConfigKeys (ConfUtils.java:logGet(43)) - raft.server.log.statemachine.data.sync.timeout = 10s (default)
2019-09-24 21:32:28,781 [pool-469-thread-1] INFO  server.RaftServerConfigKeys (ConfUtils.java:logGet(43)) - raft.server.log.statemachine.data.sync.timeout.retry = -1 (default)
2019-09-24 21:32:28,781 [pool-439-thread-1] INFO  server.RaftServerConfigKeys (ConfUtils.java:logGet(43)) - raft.server.log.statemachine.data.sync.timeout.retry = -1 (default)
2019-09-24 21:32:28,781 [pool-469-thread-1] INFO  server.RaftServerConfigKeys (ConfUtils.java:logGet(43)) - raft.server.log.statemachine.data.caching.enabled = true (custom)
2019-09-24 21:32:28,781 [pool-439-thread-1] INFO  server.RaftServerConfigKeys (ConfUtils.java:logGet(43)) - raft.server.log.statemachine.data.caching.enabled = true (custom)
2019-09-24 21:32:28,781 [pool-459-thread-1] INFO  impl.RaftServerImpl (RaftServerImpl.java:start(185)) - 27644118-fb56-4745-bc35-a441072a932b@group-C59962718ADF: start as a follower, conf=-1: [27644118-fb56-4745-bc35-a441072a932b:192.168.151.77:36389, 552ebd75-c27c-494a-8f75-4c4c056df87d:192.168.151.77:43372, 27512a76-9a5c-4715-8645-034ef34c1b92:192.168.151.77:42353], old=null
2019-09-24 21:32:28,782 [pool-439-thread-1] INFO  segmented.SegmentedRaftLogWorker (SegmentedRaftLogWorker.java:lambda$new$0(132)) - 552ebd75-c27c-494a-8f75-4c4c056df87d@group-C59962718ADF-SegmentedRaftLogWorker: flushIndex: setUnconditionally 0 -> -1
2019-09-24 21:32:28,781 [pool-469-thread-1] INFO  segmented.SegmentedRaftLogWorker (SegmentedRaftLogWorker.java:lambda$new$0(132)) - 27512a76-9a5c-4715-8645-034ef34c1b92@group-C59962718ADF-SegmentedRaftLogWorker: flushIndex: setUnconditionally 0 -> -1
2019-09-24 21:32:28,782 [pool-459-thread-1] INFO  impl.RaftServerImpl (RaftServerImpl.java:setRole(174)) - 27644118-fb56-4745-bc35-a441072a932b@group-C59962718ADF: changes role from      null to FOLLOWER at term 0 for startAsFollower
2019-09-24 21:32:28,782 [pool-439-thread-1] INFO  server.RaftServerConfigKeys (ConfUtils.java:logGet(43)) - raft.server.snapshot.auto.trigger.enabled = true (custom)
2019-09-24 21:32:28,782 [pool-459-thread-1] INFO  impl.RoleInfo (RoleInfo.java:updateAndGet(143)) - 27644118-fb56-4745-bc35-a441072a932b: start FollowerState
2019-09-24 21:32:28,782 [pool-439-thread-1] INFO  server.RaftServerConfigKeys (ConfUtils.java:logGet(43)) - raft.server.snapshot.auto.trigger.threshold = 10000 (custom)
2019-09-24 21:32:28,782 [pool-469-thread-1] INFO  server.RaftServerConfigKeys (ConfUtils.java:logGet(43)) - raft.server.snapshot.auto.trigger.enabled = true (custom)
2019-09-24 21:32:28,782 [pool-439-thread-1] INFO  server.RaftServerConfigKeys (ConfUtils.java:logGet(43)) - raft.server.snapshot.retention.num.files = 5 (custom)
2019-09-24 21:32:28,782 [pool-459-thread-1] INFO  util.JmxRegister (JmxRegister.java:tryRegister(44)) - Successfully registered JMX Bean with object name Ratis:service=RaftServer,group=group-C59962718ADF,id=27644118-fb56-4745-bc35-a441072a932b
2019-09-24 21:32:28,782 [pool-469-thread-1] INFO  server.RaftServerConfigKeys (ConfUtils.java:logGet(43)) - raft.server.snapshot.auto.trigger.threshold = 10000 (custom)
2019-09-24 21:32:28,782 [pool-439-thread-1] INFO  server.RaftServerConfigKeys (ConfUtils.java:logGet(43)) - raft.server.retrycache.expirytime = 600000ms (custom)
2019-09-24 21:32:28,782 [pool-469-thread-1] INFO  server.RaftServerConfigKeys (ConfUtils.java:logGet(43)) - raft.server.snapshot.retention.num.files = 5 (custom)
2019-09-24 21:32:28,783 [pool-469-thread-1] INFO  server.RaftServerConfigKeys (ConfUtils.java:logGet(43)) - raft.server.retrycache.expirytime = 600000ms (custom)
2019-09-24 21:32:28,787 [pool-439-thread-1] INFO  impl.RaftServerImpl (RaftServerImpl.java:start(185)) - 552ebd75-c27c-494a-8f75-4c4c056df87d@group-C59962718ADF: start as a follower, conf=-1: [27644118-fb56-4745-bc35-a441072a932b:192.168.151.77:36389, 552ebd75-c27c-494a-8f75-4c4c056df87d:192.168.151.77:43372, 27512a76-9a5c-4715-8645-034ef34c1b92:192.168.151.77:42353], old=null
2019-09-24 21:32:28,787 [pool-469-thread-1] INFO  impl.RaftServerImpl (RaftServerImpl.java:start(185)) - 27512a76-9a5c-4715-8645-034ef34c1b92@group-C59962718ADF: start as a follower, conf=-1: [27644118-fb56-4745-bc35-a441072a932b:192.168.151.77:36389, 552ebd75-c27c-494a-8f75-4c4c056df87d:192.168.151.77:43372, 27512a76-9a5c-4715-8645-034ef34c1b92:192.168.151.77:42353], old=null
2019-09-24 21:32:28,787 [pool-439-thread-1] INFO  impl.RaftServerImpl (RaftServerImpl.java:setRole(174)) - 552ebd75-c27c-494a-8f75-4c4c056df87d@group-C59962718ADF: changes role from      null to FOLLOWER at term 0 for startAsFollower
2019-09-24 21:32:28,787 [pool-469-thread-1] INFO  impl.RaftServerImpl (RaftServerImpl.java:setRole(174)) - 27512a76-9a5c-4715-8645-034ef34c1b92@group-C59962718ADF: changes role from      null to FOLLOWER at term 0 for startAsFollower
2019-09-24 21:32:28,787 [pool-439-thread-1] INFO  impl.RoleInfo (RoleInfo.java:updateAndGet(143)) - 552ebd75-c27c-494a-8f75-4c4c056df87d: start FollowerState
2019-09-24 21:32:28,787 [pool-469-thread-1] INFO  impl.RoleInfo (RoleInfo.java:updateAndGet(143)) - 27512a76-9a5c-4715-8645-034ef34c1b92: start FollowerState
2019-09-24 21:32:28,788 [pool-439-thread-1] INFO  util.JmxRegister (JmxRegister.java:tryRegister(44)) - Successfully registered JMX Bean with object name Ratis:service=RaftServer,group=group-C59962718ADF,id=552ebd75-c27c-494a-8f75-4c4c056df87d
2019-09-24 21:32:28,788 [pool-469-thread-1] INFO  util.JmxRegister (JmxRegister.java:tryRegister(44)) - Successfully registered JMX Bean with object name Ratis:service=RaftServer,group=group-C59962718ADF,id=27512a76-9a5c-4715-8645-034ef34c1b92
2019-09-24 21:32:28,792 [RatisPipelineUtilsThread] INFO  pipeline.PipelineStateManager (PipelineStateManager.java:addPipeline(56)) - Created pipeline Pipeline[ Id: 5d6f67af-7986-4605-8fed-c59962718adf, Nodes: 552ebd75-c27c-494a-8f75-4c4c056df87d{ip: 192.168.151.77, host: pr-hdds-2149-mjjcq-3576968246, networkLocation: /default-rack, certSerialId: null}27644118-fb56-4745-bc35-a441072a932b{ip: 192.168.151.77, host: pr-hdds-2149-mjjcq-3576968246, networkLocation: /default-rack, certSerialId: null}27512a76-9a5c-4715-8645-034ef34c1b92{ip: 192.168.151.77, host: pr-hdds-2149-mjjcq-3576968246, networkLocation: /default-rack, certSerialId: null}, Type:RATIS, Factor:THREE, State:OPEN]
2019-09-24 21:32:29,636 [main] INFO  ozone.MiniOzoneClusterImpl (MiniOzoneClusterImpl.java:lambda$waitForClusterToBeReady$0(147)) - Cluster is ready. Got 7 of 7 DN Heartbeats.
2019-09-24 21:32:29,675 [main] INFO  rpc.RpcClient (RpcClient.java:createVolume(276)) - Creating Volume: testblockoutputstream, with jenkins1000 as owner.
2019-09-24 21:32:29,678 [IPC Server handler 2 on 38389] INFO  volume.OMVolumeCreateRequest (OMVolumeCreateRequest.java:validateAndUpdateCache(189)) - created volume:testblockoutputstream for user:jenkins1000
2019-09-24 21:32:29,693 [main] INFO  rpc.RpcClient (RpcClient.java:createBucket(415)) - Creating Bucket: testblockoutputstream/testblockoutputstream, with Versioning false and Storage Type set to DISK and Encryption set to false 
2019-09-24 21:32:31,289 [Thread-2879] INFO  container.ReplicationManager (ReplicationManager.java:start(162)) - Starting Replication Monitor Thread.
2019-09-24 21:32:31,291 [ReplicationMonitor] INFO  container.ReplicationManager (ReplicationManager.java:run(225)) - Replication Monitor Thread took 0 milliseconds for processing 1 containers.
2019-09-24 21:32:33,396 [Thread-2881] INFO  impl.FollowerState (FollowerState.java:run(106)) - 94290360-2bfe-4a93-9331-d88f7dd2d9cb:group-884FD447AF98 changes to CANDIDATE, lastRpcTime:5070, electionTimeout:5070ms
2019-09-24 21:32:33,397 [Thread-2881] INFO  impl.RoleInfo (RoleInfo.java:shutdownFollowerState(121)) - 94290360-2bfe-4a93-9331-d88f7dd2d9cb: shutdown FollowerState
2019-09-24 21:32:33,397 [Thread-2881] INFO  impl.RaftServerImpl (RaftServerImpl.java:setRole(174)) - 94290360-2bfe-4a93-9331-d88f7dd2d9cb@group-884FD447AF98: changes role from  FOLLOWER to CANDIDATE at term 0 for changeToCandidate
2019-09-24 21:32:33,397 [Thread-2881] INFO  impl.RoleInfo (RoleInfo.java:updateAndGet(143)) - 94290360-2bfe-4a93-9331-d88f7dd2d9cb: start LeaderElection
2019-09-24 21:32:33,412 [Thread-2884] INFO  impl.FollowerState (FollowerState.java:run(106)) - cf57d365-aa31-484d-bfcc-0badfa6ed4e2:group-4164157D19B8 changes to CANDIDATE, lastRpcTime:5035, electionTimeout:5035ms
2019-09-24 21:32:33,413 [Thread-2884] INFO  impl.RoleInfo (RoleInfo.java:shutdownFollowerState(121)) - cf57d365-aa31-484d-bfcc-0badfa6ed4e2: shutdown FollowerState
2019-09-24 21:32:33,413 [Thread-2884] INFO  impl.RaftServerImpl (RaftServerImpl.java:setRole(174)) - cf57d365-aa31-484d-bfcc-0badfa6ed4e2@group-4164157D19B8: changes role from  FOLLOWER to CANDIDATE at term 0 for changeToCandidate
2019-09-24 21:32:33,413 [Thread-2884] INFO  impl.RoleInfo (RoleInfo.java:updateAndGet(143)) - cf57d365-aa31-484d-bfcc-0badfa6ed4e2: start LeaderElection
2019-09-24 21:32:33,433 [94290360-2bfe-4a93-9331-d88f7dd2d9cb@group-884FD447AF98:LeaderElection56] INFO  impl.LeaderElection (LeaderElection.java:askForVotes(182)) - 94290360-2bfe-4a93-9331-d88f7dd2d9cb@group-884FD447AF98:LeaderElection56: begin an election at term 1 for -1: [94290360-2bfe-4a93-9331-d88f7dd2d9cb:192.168.151.77:34622], old=null
2019-09-24 21:32:33,433 [94290360-2bfe-4a93-9331-d88f7dd2d9cb@group-884FD447AF98:LeaderElection56] INFO  impl.RoleInfo (RoleInfo.java:shutdownLeaderElection(134)) - 94290360-2bfe-4a93-9331-d88f7dd2d9cb: shutdown LeaderElection
2019-09-24 21:32:33,433 [94290360-2bfe-4a93-9331-d88f7dd2d9cb@group-884FD447AF98:LeaderElection56] INFO  impl.RaftServerImpl (RaftServerImpl.java:setRole(174)) - 94290360-2bfe-4a93-9331-d88f7dd2d9cb@group-884FD447AF98: changes role from CANDIDATE to LEADER at term 1 for changeToLeader
2019-09-24 21:32:33,433 [94290360-2bfe-4a93-9331-d88f7dd2d9cb@group-884FD447AF98:LeaderElection56] INFO  impl.RaftServerImpl (ServerState.java:setLeader(253)) - 94290360-2bfe-4a93-9331-d88f7dd2d9cb@group-884FD447AF98: change Leader from null to 94290360-2bfe-4a93-9331-d88f7dd2d9cb at term 1 for becomeLeader, leader elected after 5114ms
2019-09-24 21:32:33,433 [94290360-2bfe-4a93-9331-d88f7dd2d9cb@group-884FD447AF98:LeaderElection56] INFO  server.RaftServerConfigKeys (ConfUtils.java:logGet(43)) - raft.server.staging.catchup.gap = 1000 (default)
2019-09-24 21:32:33,433 [94290360-2bfe-4a93-9331-d88f7dd2d9cb@group-884FD447AF98:LeaderElection56] INFO  server.RaftServerConfigKeys (ConfUtils.java:logGet(43)) - raft.server.rpc.sleep.time = 25ms (default)
2019-09-24 21:32:33,433 [94290360-2bfe-4a93-9331-d88f7dd2d9cb@group-884FD447AF98:LeaderElection56] INFO  server.RaftServerConfigKeys (ConfUtils.java:logGet(43)) - raft.server.write.element-limit = 4096 (default)
2019-09-24 21:32:33,434 [94290360-2bfe-4a93-9331-d88f7dd2d9cb@group-884FD447AF98:LeaderElection56] INFO  server.RaftServerConfigKeys (ConfUtils.java:logGet(43)) - raft.server.watch.timeout = 10s (default)
2019-09-24 21:32:33,434 [94290360-2bfe-4a93-9331-d88f7dd2d9cb@group-884FD447AF98:LeaderElection56] INFO  server.RaftServerConfigKeys (ConfUtils.java:logGet(43)) - raft.server.watch.timeout.denomination = 1s (default)
2019-09-24 21:32:33,434 [94290360-2bfe-4a93-9331-d88f7dd2d9cb@group-884FD447AF98:LeaderElection56] INFO  server.RaftServerConfigKeys (ConfUtils.java:logGet(43)) - raft.server.watch.element-limit = 65536 (default)
2019-09-24 21:32:33,435 [94290360-2bfe-4a93-9331-d88f7dd2d9cb@group-884FD447AF98:LeaderElection56] INFO  impl.RoleInfo (RoleInfo.java:updateAndGet(143)) - 94290360-2bfe-4a93-9331-d88f7dd2d9cb: start LeaderState
2019-09-24 21:32:33,436 [94290360-2bfe-4a93-9331-d88f7dd2d9cb@group-884FD447AF98:LeaderElection56] INFO  segmented.SegmentedRaftLogWorker (SegmentedRaftLogWorker.java:startLogSegment(380)) - 94290360-2bfe-4a93-9331-d88f7dd2d9cb@group-884FD447AF98-SegmentedRaftLogWorker: Starting segment from index:0
2019-09-24 21:32:33,436 [94290360-2bfe-4a93-9331-d88f7dd2d9cb@group-884FD447AF98:LeaderElection56] INFO  impl.RaftServerImpl (ServerState.java:setRaftConf(354)) - 94290360-2bfe-4a93-9331-d88f7dd2d9cb@group-884FD447AF98: set configuration 0: [94290360-2bfe-4a93-9331-d88f7dd2d9cb:192.168.151.77:34622], old=null at 0
2019-09-24 21:32:33,446 [cf57d365-aa31-484d-bfcc-0badfa6ed4e2@group-4164157D19B8:LeaderElection57] INFO  impl.LeaderElection (LeaderElection.java:askForVotes(182)) - cf57d365-aa31-484d-bfcc-0badfa6ed4e2@group-4164157D19B8:LeaderElection57: begin an election at term 1 for -1: [cf57d365-aa31-484d-bfcc-0badfa6ed4e2:192.168.151.77:45487], old=null
2019-09-24 21:32:33,446 [cf57d365-aa31-484d-bfcc-0badfa6ed4e2@group-4164157D19B8:LeaderElection57] INFO  impl.RoleInfo (RoleInfo.java:shutdownLeaderElection(134)) - cf57d365-aa31-484d-bfcc-0badfa6ed4e2: shutdown LeaderElection
2019-09-24 21:32:33,446 [cf57d365-aa31-484d-bfcc-0badfa6ed4e2@group-4164157D19B8:LeaderElection57] INFO  impl.RaftServerImpl (RaftServerImpl.java:setRole(174)) - cf57d365-aa31-484d-bfcc-0badfa6ed4e2@group-4164157D19B8: changes role from CANDIDATE to LEADER at term 1 for changeToLeader
2019-09-24 21:32:33,446 [cf57d365-aa31-484d-bfcc-0badfa6ed4e2@group-4164157D19B8:LeaderElection57] INFO  impl.RaftServerImpl (ServerState.java:setLeader(253)) - cf57d365-aa31-484d-bfcc-0badfa6ed4e2@group-4164157D19B8: change Leader from null to cf57d365-aa31-484d-bfcc-0badfa6ed4e2 at term 1 for becomeLeader, leader elected after 5076ms
2019-09-24 21:32:33,446 [cf57d365-aa31-484d-bfcc-0badfa6ed4e2@group-4164157D19B8:LeaderElection57] INFO  server.RaftServerConfigKeys (ConfUtils.java:logGet(43)) - raft.server.staging.catchup.gap = 1000 (default)
2019-09-24 21:32:33,447 [cf57d365-aa31-484d-bfcc-0badfa6ed4e2@group-4164157D19B8:LeaderElection57] INFO  server.RaftServerConfigKeys (ConfUtils.java:logGet(43)) - raft.server.rpc.sleep.time = 25ms (default)
2019-09-24 21:32:33,447 [cf57d365-aa31-484d-bfcc-0badfa6ed4e2@group-4164157D19B8:LeaderElection57] INFO  server.RaftServerConfigKeys (ConfUtils.java:logGet(43)) - raft.server.write.element-limit = 4096 (default)
2019-09-24 21:32:33,447 [cf57d365-aa31-484d-bfcc-0badfa6ed4e2@group-4164157D19B8:LeaderElection57] INFO  server.RaftServerConfigKeys (ConfUtils.java:logGet(43)) - raft.server.watch.timeout = 10s (default)
2019-09-24 21:32:33,447 [cf57d365-aa31-484d-bfcc-0badfa6ed4e2@group-4164157D19B8:LeaderElection57] INFO  server.RaftServerConfigKeys (ConfUtils.java:logGet(43)) - raft.server.watch.timeout.denomination = 1s (default)
2019-09-24 21:32:33,447 [cf57d365-aa31-484d-bfcc-0badfa6ed4e2@group-4164157D19B8:LeaderElection57] INFO  server.RaftServerConfigKeys (ConfUtils.java:logGet(43)) - raft.server.watch.element-limit = 65536 (default)
2019-09-24 21:32:33,448 [cf57d365-aa31-484d-bfcc-0badfa6ed4e2@group-4164157D19B8:LeaderElection57] INFO  impl.RoleInfo (RoleInfo.java:updateAndGet(143)) - cf57d365-aa31-484d-bfcc-0badfa6ed4e2: start LeaderState
2019-09-24 21:32:33,449 [cf57d365-aa31-484d-bfcc-0badfa6ed4e2@group-4164157D19B8:LeaderElection57] INFO  segmented.SegmentedRaftLogWorker (SegmentedRaftLogWorker.java:startLogSegment(380)) - cf57d365-aa31-484d-bfcc-0badfa6ed4e2@group-4164157D19B8-SegmentedRaftLogWorker: Starting segment from index:0
2019-09-24 21:32:33,449 [cf57d365-aa31-484d-bfcc-0badfa6ed4e2@group-4164157D19B8:LeaderElection57] INFO  impl.RaftServerImpl (ServerState.java:setRaftConf(354)) - cf57d365-aa31-484d-bfcc-0badfa6ed4e2@group-4164157D19B8: set configuration 0: [cf57d365-aa31-484d-bfcc-0badfa6ed4e2:192.168.151.77:45487], old=null at 0
2019-09-24 21:32:33,464 [94290360-2bfe-4a93-9331-d88f7dd2d9cb@group-884FD447AF98-SegmentedRaftLogWorker] INFO  segmented.SegmentedRaftLogWorker (SegmentedRaftLogWorker.java:execute(569)) - 94290360-2bfe-4a93-9331-d88f7dd2d9cb@group-884FD447AF98-SegmentedRaftLogWorker: created new log segment /workdir/hadoop-ozone/integration-test/target/test-dir/MiniOzoneClusterImpl-e0eb44de-bd0e-4674-8e7b-4e6e9938c619/datanode-0/data/ratis/3b876e05-6663-4e66-a969-884fd447af98/current/log_inprogress_0
2019-09-24 21:32:33,476 [cf57d365-aa31-484d-bfcc-0badfa6ed4e2@group-4164157D19B8-SegmentedRaftLogWorker] INFO  segmented.SegmentedRaftLogWorker (SegmentedRaftLogWorker.java:execute(569)) - cf57d365-aa31-484d-bfcc-0badfa6ed4e2@group-4164157D19B8-SegmentedRaftLogWorker: created new log segment /workdir/hadoop-ozone/integration-test/target/test-dir/MiniOzoneClusterImpl-e0eb44de-bd0e-4674-8e7b-4e6e9938c619/datanode-1/data/ratis/c3d2a1d5-fe79-47ee-bf90-4164157d19b8/current/log_inprogress_0
2019-09-24 21:32:33,508 [Thread-2890] INFO  impl.FollowerState (FollowerState.java:run(106)) - 94290360-2bfe-4a93-9331-d88f7dd2d9cb:group-94AF7948C380 changes to CANDIDATE, lastRpcTime:5011, electionTimeout:5011ms
2019-09-24 21:32:33,508 [Thread-2890] INFO  impl.RoleInfo (RoleInfo.java:shutdownFollowerState(121)) - 94290360-2bfe-4a93-9331-d88f7dd2d9cb: shutdown FollowerState
2019-09-24 21:32:33,508 [Thread-2890] INFO  impl.RaftServerImpl (RaftServerImpl.java:setRole(174)) - 94290360-2bfe-4a93-9331-d88f7dd2d9cb@group-94AF7948C380: changes role from  FOLLOWER to CANDIDATE at term 0 for changeToCandidate
2019-09-24 21:32:33,508 [Thread-2890] INFO  impl.RoleInfo (RoleInfo.java:updateAndGet(143)) - 94290360-2bfe-4a93-9331-d88f7dd2d9cb: start LeaderElection
2019-09-24 21:32:33,527 [94290360-2bfe-4a93-9331-d88f7dd2d9cb@group-94AF7948C380:LeaderElection58] INFO  impl.LeaderElection (LeaderElection.java:askForVotes(182)) - 94290360-2bfe-4a93-9331-d88f7dd2d9cb@group-94AF7948C380:LeaderElection58: begin an election at term 1 for -1: [94290360-2bfe-4a93-9331-d88f7dd2d9cb:192.168.151.77:34622, 2f4dfe29-3e90-48ef-b709-7e8c2e788841:192.168.151.77:35613, cf57d365-aa31-484d-bfcc-0badfa6ed4e2:192.168.151.77:45487], old=null
2019-09-24 21:32:33,531 [grpc-default-executor-8] INFO  impl.RaftServerImpl (RaftServerImpl.java:setRole(174)) - cf57d365-aa31-484d-bfcc-0badfa6ed4e2@group-94AF7948C380: changes role from  FOLLOWER to FOLLOWER at term 1 for recognizeCandidate:94290360-2bfe-4a93-9331-d88f7dd2d9cb
2019-09-24 21:32:33,531 [grpc-default-executor-8] INFO  impl.RoleInfo (RoleInfo.java:shutdownFollowerState(121)) - cf57d365-aa31-484d-bfcc-0badfa6ed4e2: shutdown FollowerState
2019-09-24 21:32:33,531 [grpc-default-executor-7] INFO  impl.RaftServerImpl (RaftServerImpl.java:setRole(174)) - 2f4dfe29-3e90-48ef-b709-7e8c2e788841@group-94AF7948C380: changes role from  FOLLOWER to FOLLOWER at term 1 for recognizeCandidate:94290360-2bfe-4a93-9331-d88f7dd2d9cb
2019-09-24 21:32:33,531 [Thread-2895] INFO  impl.FollowerState (FollowerState.java:run(115)) - cf57d365-aa31-484d-bfcc-0badfa6ed4e2: FollowerState was interrupted: java.lang.InterruptedException: sleep interrupted
2019-09-24 21:32:33,531 [grpc-default-executor-8] INFO  impl.RoleInfo (RoleInfo.java:updateAndGet(143)) - cf57d365-aa31-484d-bfcc-0badfa6ed4e2: start FollowerState
2019-09-24 21:32:33,531 [grpc-default-executor-7] INFO  impl.RoleInfo (RoleInfo.java:shutdownFollowerState(121)) - 2f4dfe29-3e90-48ef-b709-7e8c2e788841: shutdown FollowerState
2019-09-24 21:32:33,534 [grpc-default-executor-7] INFO  impl.RoleInfo (RoleInfo.java:updateAndGet(143)) - 2f4dfe29-3e90-48ef-b709-7e8c2e788841: start FollowerState
2019-09-24 21:32:33,535 [Thread-2894] INFO  impl.FollowerState (FollowerState.java:run(115)) - 2f4dfe29-3e90-48ef-b709-7e8c2e788841: FollowerState was interrupted: java.lang.InterruptedException: sleep interrupted
2019-09-24 21:32:33,557 [94290360-2bfe-4a93-9331-d88f7dd2d9cb@group-94AF7948C380:LeaderElection58] INFO  impl.LeaderElection (LeaderElection.java:logAndReturn(56)) - 94290360-2bfe-4a93-9331-d88f7dd2d9cb@group-94AF7948C380:LeaderElection58: Election PASSED; received 1 response(s) [94290360-2bfe-4a93-9331-d88f7dd2d9cb<-2f4dfe29-3e90-48ef-b709-7e8c2e788841#0:OK-t1] and 0 exception(s); 94290360-2bfe-4a93-9331-d88f7dd2d9cb@group-94AF7948C380:t1, leader=null, voted=94290360-2bfe-4a93-9331-d88f7dd2d9cb, raftlog=94290360-2bfe-4a93-9331-d88f7dd2d9cb@group-94AF7948C380-SegmentedRaftLog:OPENED:c-1,f-1,i0, conf=-1: [94290360-2bfe-4a93-9331-d88f7dd2d9cb:192.168.151.77:34622, 2f4dfe29-3e90-48ef-b709-7e8c2e788841:192.168.151.77:35613, cf57d365-aa31-484d-bfcc-0badfa6ed4e2:192.168.151.77:45487], old=null
2019-09-24 21:32:33,557 [94290360-2bfe-4a93-9331-d88f7dd2d9cb@group-94AF7948C380:LeaderElection58] INFO  impl.RoleInfo (RoleInfo.java:shutdownLeaderElection(134)) - 94290360-2bfe-4a93-9331-d88f7dd2d9cb: shutdown LeaderElection
2019-09-24 21:32:33,557 [94290360-2bfe-4a93-9331-d88f7dd2d9cb@group-94AF7948C380:LeaderElection58] INFO  impl.RaftServerImpl (RaftServerImpl.java:setRole(174)) - 94290360-2bfe-4a93-9331-d88f7dd2d9cb@group-94AF7948C380: changes role from CANDIDATE to LEADER at term 1 for changeToLeader
2019-09-24 21:32:33,557 [94290360-2bfe-4a93-9331-d88f7dd2d9cb@group-94AF7948C380:LeaderElection58] INFO  impl.RaftServerImpl (ServerState.java:setLeader(253)) - 94290360-2bfe-4a93-9331-d88f7dd2d9cb@group-94AF7948C380: change Leader from null to 94290360-2bfe-4a93-9331-d88f7dd2d9cb at term 1 for becomeLeader, leader elected after 5067ms
2019-09-24 21:32:33,558 [94290360-2bfe-4a93-9331-d88f7dd2d9cb@group-94AF7948C380:LeaderElection58] INFO  server.RaftServerConfigKeys (ConfUtils.java:logGet(43)) - raft.server.staging.catchup.gap = 1000 (default)
2019-09-24 21:32:33,558 [94290360-2bfe-4a93-9331-d88f7dd2d9cb@group-94AF7948C380:LeaderElection58] INFO  server.RaftServerConfigKeys (ConfUtils.java:logGet(43)) - raft.server.rpc.sleep.time = 25ms (default)
2019-09-24 21:32:33,558 [94290360-2bfe-4a93-9331-d88f7dd2d9cb@group-94AF7948C380:LeaderElection58] INFO  server.RaftServerConfigKeys (ConfUtils.java:logGet(43)) - raft.server.write.element-limit = 4096 (default)
2019-09-24 21:32:33,558 [94290360-2bfe-4a93-9331-d88f7dd2d9cb@group-94AF7948C380:LeaderElection58] INFO  server.RaftServerConfigKeys (ConfUtils.java:logGet(43)) - raft.server.watch.timeout = 10s (default)
2019-09-24 21:32:33,558 [94290360-2bfe-4a93-9331-d88f7dd2d9cb@group-94AF7948C380:LeaderElection58] INFO  server.RaftServerConfigKeys (ConfUtils.java:logGet(43)) - raft.server.watch.timeout.denomination = 1s (default)
2019-09-24 21:32:33,558 [94290360-2bfe-4a93-9331-d88f7dd2d9cb@group-94AF7948C380:LeaderElection58] INFO  server.RaftServerConfigKeys (ConfUtils.java:logGet(43)) - raft.server.watch.element-limit = 65536 (default)
2019-09-24 21:32:33,560 [94290360-2bfe-4a93-9331-d88f7dd2d9cb@group-94AF7948C380:LeaderElection58] INFO  server.RaftServerConfigKeys (ConfUtils.java:logGet(43)) - raft.server.log.appender.snapshot.chunk.size.max = 16MB (=16777216) (default)
2019-09-24 21:32:33,560 [94290360-2bfe-4a93-9331-d88f7dd2d9cb@group-94AF7948C380:LeaderElection58] INFO  server.RaftServerConfigKeys (ConfUtils.java:logGet(43)) - raft.server.log.appender.buffer.byte-limit = 33554432 (custom)
2019-09-24 21:32:33,560 [94290360-2bfe-4a93-9331-d88f7dd2d9cb@group-94AF7948C380:LeaderElection58] INFO  server.RaftServerConfigKeys (ConfUtils.java:logGet(43)) - raft.server.log.appender.buffer.element-limit = 1 (custom)
2019-09-24 21:32:33,560 [94290360-2bfe-4a93-9331-d88f7dd2d9cb@group-94AF7948C380:LeaderElection58] INFO  grpc.GrpcConfigKeys$Server (ConfUtils.java:logGet(43)) - raft.grpc.server.leader.outstanding.appends.max = 128 (default)
2019-09-24 21:32:33,561 [94290360-2bfe-4a93-9331-d88f7dd2d9cb@group-94AF7948C380:LeaderElection58] INFO  server.RaftServerConfigKeys (ConfUtils.java:logGet(43)) - raft.server.rpc.request.timeout = 3000ms (default)
2019-09-24 21:32:33,561 [94290360-2bfe-4a93-9331-d88f7dd2d9cb@group-94AF7948C380:LeaderElection58] INFO  server.RaftServerConfigKeys (ConfUtils.java:logGet(43)) - raft.server.log.appender.install.snapshot.enabled = false (custom)
2019-09-24 21:32:33,561 [94290360-2bfe-4a93-9331-d88f7dd2d9cb@group-94AF7948C380:LeaderElection58] INFO  server.RaftServerConfigKeys (ConfUtils.java:logGet(43)) - raft.server.log.appender.snapshot.chunk.size.max = 16MB (=16777216) (default)
2019-09-24 21:32:33,561 [94290360-2bfe-4a93-9331-d88f7dd2d9cb@group-94AF7948C380:LeaderElection58] INFO  server.RaftServerConfigKeys (ConfUtils.java:logGet(43)) - raft.server.log.appender.buffer.byte-limit = 33554432 (custom)
2019-09-24 21:32:33,561 [94290360-2bfe-4a93-9331-d88f7dd2d9cb@group-94AF7948C380:LeaderElection58] INFO  server.RaftServerConfigKeys (ConfUtils.java:logGet(43)) - raft.server.log.appender.buffer.element-limit = 1 (custom)
2019-09-24 21:32:33,562 [94290360-2bfe-4a93-9331-d88f7dd2d9cb@group-94AF7948C380:LeaderElection58] INFO  grpc.GrpcConfigKeys$Server (ConfUtils.java:logGet(43)) - raft.grpc.server.leader.outstanding.appends.max = 128 (default)
2019-09-24 21:32:33,562 [94290360-2bfe-4a93-9331-d88f7dd2d9cb@group-94AF7948C380:LeaderElection58] INFO  server.RaftServerConfigKeys (ConfUtils.java:logGet(43)) - raft.server.rpc.request.timeout = 3000ms (default)
2019-09-24 21:32:33,562 [94290360-2bfe-4a93-9331-d88f7dd2d9cb@group-94AF7948C380:LeaderElection58] INFO  server.RaftServerConfigKeys (ConfUtils.java:logGet(43)) - raft.server.log.appender.install.snapshot.enabled = false (custom)
2019-09-24 21:32:33,562 [94290360-2bfe-4a93-9331-d88f7dd2d9cb@group-94AF7948C380:LeaderElection58] INFO  impl.RoleInfo (RoleInfo.java:updateAndGet(143)) - 94290360-2bfe-4a93-9331-d88f7dd2d9cb: start LeaderState
2019-09-24 21:32:33,562 [94290360-2bfe-4a93-9331-d88f7dd2d9cb@group-94AF7948C380:LeaderElection58] INFO  segmented.SegmentedRaftLogWorker (SegmentedRaftLogWorker.java:startLogSegment(380)) - 94290360-2bfe-4a93-9331-d88f7dd2d9cb@group-94AF7948C380-SegmentedRaftLogWorker: Starting segment from index:0
2019-09-24 21:32:33,563 [94290360-2bfe-4a93-9331-d88f7dd2d9cb@group-94AF7948C380:LeaderElection58] INFO  impl.RaftServerImpl (ServerState.java:setRaftConf(354)) - 94290360-2bfe-4a93-9331-d88f7dd2d9cb@group-94AF7948C380: set configuration 0: [94290360-2bfe-4a93-9331-d88f7dd2d9cb:192.168.151.77:34622, 2f4dfe29-3e90-48ef-b709-7e8c2e788841:192.168.151.77:35613, cf57d365-aa31-484d-bfcc-0badfa6ed4e2:192.168.151.77:45487], old=null at 0
2019-09-24 21:32:33,585 [grpc-default-executor-8] INFO  impl.RaftServerImpl (ServerState.java:setLeader(253)) - 2f4dfe29-3e90-48ef-b709-7e8c2e788841@group-94AF7948C380: change Leader from null to 94290360-2bfe-4a93-9331-d88f7dd2d9cb at term 1 for appendEntries, leader elected after 5094ms
2019-09-24 21:32:33,588 [grpc-default-executor-7] INFO  impl.RaftServerImpl (ServerState.java:setLeader(253)) - cf57d365-aa31-484d-bfcc-0badfa6ed4e2@group-94AF7948C380: change Leader from null to 94290360-2bfe-4a93-9331-d88f7dd2d9cb at term 1 for appendEntries, leader elected after 5097ms
2019-09-24 21:32:33,592 [grpc-default-executor-7] INFO  impl.RaftServerImpl (ServerState.java:setRaftConf(354)) - cf57d365-aa31-484d-bfcc-0badfa6ed4e2@group-94AF7948C380: set configuration 0: [94290360-2bfe-4a93-9331-d88f7dd2d9cb:192.168.151.77:34622, 2f4dfe29-3e90-48ef-b709-7e8c2e788841:192.168.151.77:35613, cf57d365-aa31-484d-bfcc-0badfa6ed4e2:192.168.151.77:45487], old=null at 0
2019-09-24 21:32:33,592 [grpc-default-executor-8] INFO  impl.RaftServerImpl (ServerState.java:setRaftConf(354)) - 2f4dfe29-3e90-48ef-b709-7e8c2e788841@group-94AF7948C380: set configuration 0: [94290360-2bfe-4a93-9331-d88f7dd2d9cb:192.168.151.77:34622, 2f4dfe29-3e90-48ef-b709-7e8c2e788841:192.168.151.77:35613, cf57d365-aa31-484d-bfcc-0badfa6ed4e2:192.168.151.77:45487], old=null at 0
2019-09-24 21:32:33,592 [grpc-default-executor-7] INFO  segmented.SegmentedRaftLogWorker (SegmentedRaftLogWorker.java:startLogSegment(380)) - cf57d365-aa31-484d-bfcc-0badfa6ed4e2@group-94AF7948C380-SegmentedRaftLogWorker: Starting segment from index:0
2019-09-24 21:32:33,593 [grpc-default-executor-8] INFO  segmented.SegmentedRaftLogWorker (SegmentedRaftLogWorker.java:startLogSegment(380)) - 2f4dfe29-3e90-48ef-b709-7e8c2e788841@group-94AF7948C380-SegmentedRaftLogWorker: Starting segment from index:0
2019-09-24 21:32:33,594 [94290360-2bfe-4a93-9331-d88f7dd2d9cb@group-94AF7948C380-SegmentedRaftLogWorker] INFO  segmented.SegmentedRaftLogWorker (SegmentedRaftLogWorker.java:execute(569)) - 94290360-2bfe-4a93-9331-d88f7dd2d9cb@group-94AF7948C380-SegmentedRaftLogWorker: created new log segment /workdir/hadoop-ozone/integration-test/target/test-dir/MiniOzoneClusterImpl-e0eb44de-bd0e-4674-8e7b-4e6e9938c619/datanode-0/data/ratis/e65f8ee6-da18-4a51-840b-94af7948c380/current/log_inprogress_0
2019-09-24 21:32:33,595 [Thread-2887] INFO  impl.FollowerState (FollowerState.java:run(106)) - 2f4dfe29-3e90-48ef-b709-7e8c2e788841:group-B169031DC4D5 changes to CANDIDATE, lastRpcTime:5144, electionTimeout:5144ms
2019-09-24 21:32:33,595 [Thread-2887] INFO  impl.RoleInfo (RoleInfo.java:shutdownFollowerState(121)) - 2f4dfe29-3e90-48ef-b709-7e8c2e788841: shutdown FollowerState
2019-09-24 21:32:33,595 [Thread-2887] INFO  impl.RaftServerImpl (RaftServerImpl.java:setRole(174)) - 2f4dfe29-3e90-48ef-b709-7e8c2e788841@group-B169031DC4D5: changes role from  FOLLOWER to CANDIDATE at term 0 for changeToCandidate
2019-09-24 21:32:33,596 [Thread-2887] INFO  impl.RoleInfo (RoleInfo.java:updateAndGet(143)) - 2f4dfe29-3e90-48ef-b709-7e8c2e788841: start LeaderElection
2019-09-24 21:32:33,622 [cf57d365-aa31-484d-bfcc-0badfa6ed4e2@group-94AF7948C380-SegmentedRaftLogWorker] INFO  segmented.SegmentedRaftLogWorker (SegmentedRaftLogWorker.java:execute(569)) - cf57d365-aa31-484d-bfcc-0badfa6ed4e2@group-94AF7948C380-SegmentedRaftLogWorker: created new log segment /workdir/hadoop-ozone/integration-test/target/test-dir/MiniOzoneClusterImpl-e0eb44de-bd0e-4674-8e7b-4e6e9938c619/datanode-1/data/ratis/e65f8ee6-da18-4a51-840b-94af7948c380/current/log_inprogress_0
2019-09-24 21:32:33,622 [2f4dfe29-3e90-48ef-b709-7e8c2e788841@group-B169031DC4D5:LeaderElection59] INFO  impl.LeaderElection (LeaderElection.java:askForVotes(182)) - 2f4dfe29-3e90-48ef-b709-7e8c2e788841@group-B169031DC4D5:LeaderElection59: begin an election at term 1 for -1: [2f4dfe29-3e90-48ef-b709-7e8c2e788841:192.168.151.77:35613], old=null
2019-09-24 21:32:33,622 [2f4dfe29-3e90-48ef-b709-7e8c2e788841@group-94AF7948C380-SegmentedRaftLogWorker] INFO  segmented.SegmentedRaftLogWorker (SegmentedRaftLogWorker.java:execute(569)) - 2f4dfe29-3e90-48ef-b709-7e8c2e788841@group-94AF7948C380-SegmentedRaftLogWorker: created new log segment /workdir/hadoop-ozone/integration-test/target/test-dir/MiniOzoneClusterImpl-e0eb44de-bd0e-4674-8e7b-4e6e9938c619/datanode-2/data/ratis/e65f8ee6-da18-4a51-840b-94af7948c380/current/log_inprogress_0
2019-09-24 21:32:33,622 [2f4dfe29-3e90-48ef-b709-7e8c2e788841@group-B169031DC4D5:LeaderElection59] INFO  impl.RoleInfo (RoleInfo.java:shutdownLeaderElection(134)) - 2f4dfe29-3e90-48ef-b709-7e8c2e788841: shutdown LeaderElection
2019-09-24 21:32:33,622 [2f4dfe29-3e90-48ef-b709-7e8c2e788841@group-B169031DC4D5:LeaderElection59] INFO  impl.RaftServerImpl (RaftServerImpl.java:setRole(174)) - 2f4dfe29-3e90-48ef-b709-7e8c2e788841@group-B169031DC4D5: changes role from CANDIDATE to LEADER at term 1 for changeToLeader
2019-09-24 21:32:33,623 [2f4dfe29-3e90-48ef-b709-7e8c2e788841@group-B169031DC4D5:LeaderElection59] INFO  impl.RaftServerImpl (ServerState.java:setLeader(253)) - 2f4dfe29-3e90-48ef-b709-7e8c2e788841@group-B169031DC4D5: change Leader from null to 2f4dfe29-3e90-48ef-b709-7e8c2e788841 at term 1 for becomeLeader, leader elected after 5176ms
2019-09-24 21:32:33,623 [2f4dfe29-3e90-48ef-b709-7e8c2e788841@group-B169031DC4D5:LeaderElection59] INFO  server.RaftServerConfigKeys (ConfUtils.java:logGet(43)) - raft.server.staging.catchup.gap = 1000 (default)
2019-09-24 21:32:33,623 [2f4dfe29-3e90-48ef-b709-7e8c2e788841@group-B169031DC4D5:LeaderElection59] INFO  server.RaftServerConfigKeys (ConfUtils.java:logGet(43)) - raft.server.rpc.sleep.time = 25ms (default)
2019-09-24 21:32:33,623 [2f4dfe29-3e90-48ef-b709-7e8c2e788841@group-B169031DC4D5:LeaderElection59] INFO  server.RaftServerConfigKeys (ConfUtils.java:logGet(43)) - raft.server.write.element-limit = 4096 (default)
2019-09-24 21:32:33,623 [2f4dfe29-3e90-48ef-b709-7e8c2e788841@group-B169031DC4D5:LeaderElection59] INFO  server.RaftServerConfigKeys (ConfUtils.java:logGet(43)) - raft.server.watch.timeout = 10s (default)
2019-09-24 21:32:33,623 [2f4dfe29-3e90-48ef-b709-7e8c2e788841@group-B169031DC4D5:LeaderElection59] INFO  server.RaftServerConfigKeys (ConfUtils.java:logGet(43)) - raft.server.watch.timeout.denomination = 1s (default)
2019-09-24 21:32:33,623 [2f4dfe29-3e90-48ef-b709-7e8c2e788841@group-B169031DC4D5:LeaderElection59] INFO  server.RaftServerConfigKeys (ConfUtils.java:logGet(43)) - raft.server.watch.element-limit = 65536 (default)
2019-09-24 21:32:33,625 [2f4dfe29-3e90-48ef-b709-7e8c2e788841@group-B169031DC4D5:LeaderElection59] INFO  impl.RoleInfo (RoleInfo.java:updateAndGet(143)) - 2f4dfe29-3e90-48ef-b709-7e8c2e788841: start LeaderState
2019-09-24 21:32:33,625 [2f4dfe29-3e90-48ef-b709-7e8c2e788841@group-B169031DC4D5:LeaderElection59] INFO  segmented.SegmentedRaftLogWorker (SegmentedRaftLogWorker.java:startLogSegment(380)) - 2f4dfe29-3e90-48ef-b709-7e8c2e788841@group-B169031DC4D5-SegmentedRaftLogWorker: Starting segment from index:0
2019-09-24 21:32:33,625 [2f4dfe29-3e90-48ef-b709-7e8c2e788841@group-B169031DC4D5:LeaderElection59] INFO  impl.RaftServerImpl (ServerState.java:setRaftConf(354)) - 2f4dfe29-3e90-48ef-b709-7e8c2e788841@group-B169031DC4D5: set configuration 0: [2f4dfe29-3e90-48ef-b709-7e8c2e788841:192.168.151.77:35613], old=null at 0
2019-09-24 21:32:33,648 [Thread-2899] INFO  impl.FollowerState (FollowerState.java:run(106)) - 552ebd75-c27c-494a-8f75-4c4c056df87d:group-DF570057B904 changes to CANDIDATE, lastRpcTime:5042, electionTimeout:5042ms
2019-09-24 21:32:33,648 [Thread-2899] INFO  impl.RoleInfo (RoleInfo.java:shutdownFollowerState(121)) - 552ebd75-c27c-494a-8f75-4c4c056df87d: shutdown FollowerState
2019-09-24 21:32:33,648 [Thread-2899] INFO  impl.RaftServerImpl (RaftServerImpl.java:setRole(174)) - 552ebd75-c27c-494a-8f75-4c4c056df87d@group-DF570057B904: changes role from  FOLLOWER to CANDIDATE at term 0 for changeToCandidate
2019-09-24 21:32:33,648 [Thread-2899] INFO  impl.RoleInfo (RoleInfo.java:updateAndGet(143)) - 552ebd75-c27c-494a-8f75-4c4c056df87d: start LeaderElection
2019-09-24 21:32:33,653 [Thread-2902] INFO  impl.FollowerState (FollowerState.java:run(106)) - 27644118-fb56-4745-bc35-a441072a932b:group-A702684C1F55 changes to CANDIDATE, lastRpcTime:5017, electionTimeout:5017ms
2019-09-24 21:32:33,653 [Thread-2902] INFO  impl.RoleInfo (RoleInfo.java:shutdownFollowerState(121)) - 27644118-fb56-4745-bc35-a441072a932b: shutdown FollowerState
2019-09-24 21:32:33,653 [Thread-2902] INFO  impl.RaftServerImpl (RaftServerImpl.java:setRole(174)) - 27644118-fb56-4745-bc35-a441072a932b@group-A702684C1F55: changes role from  FOLLOWER to CANDIDATE at term 0 for changeToCandidate
2019-09-24 21:32:33,653 [Thread-2902] INFO  impl.RoleInfo (RoleInfo.java:updateAndGet(143)) - 27644118-fb56-4745-bc35-a441072a932b: start LeaderElection
2019-09-24 21:32:33,657 [2f4dfe29-3e90-48ef-b709-7e8c2e788841@group-B169031DC4D5-SegmentedRaftLogWorker] INFO  segmented.SegmentedRaftLogWorker (SegmentedRaftLogWorker.java:execute(569)) - 2f4dfe29-3e90-48ef-b709-7e8c2e788841@group-B169031DC4D5-SegmentedRaftLogWorker: created new log segment /workdir/hadoop-ozone/integration-test/target/test-dir/MiniOzoneClusterImpl-e0eb44de-bd0e-4674-8e7b-4e6e9938c619/datanode-2/data/ratis/43f0fd21-27ec-4dbb-9675-b169031dc4d5/current/log_inprogress_0
2019-09-24 21:32:33,657 [552ebd75-c27c-494a-8f75-4c4c056df87d@group-DF570057B904:LeaderElection60] INFO  impl.LeaderElection (LeaderElection.java:askForVotes(182)) - 552ebd75-c27c-494a-8f75-4c4c056df87d@group-DF570057B904:LeaderElection60: begin an election at term 1 for -1: [552ebd75-c27c-494a-8f75-4c4c056df87d:192.168.151.77:43372], old=null
2019-09-24 21:32:33,658 [552ebd75-c27c-494a-8f75-4c4c056df87d@group-DF570057B904:LeaderElection60] INFO  impl.RoleInfo (RoleInfo.java:shutdownLeaderElection(134)) - 552ebd75-c27c-494a-8f75-4c4c056df87d: shutdown LeaderElection
2019-09-24 21:32:33,658 [552ebd75-c27c-494a-8f75-4c4c056df87d@group-DF570057B904:LeaderElection60] INFO  impl.RaftServerImpl (RaftServerImpl.java:setRole(174)) - 552ebd75-c27c-494a-8f75-4c4c056df87d@group-DF570057B904: changes role from CANDIDATE to LEADER at term 1 for changeToLeader
2019-09-24 21:32:33,658 [552ebd75-c27c-494a-8f75-4c4c056df87d@group-DF570057B904:LeaderElection60] INFO  impl.RaftServerImpl (ServerState.java:setLeader(253)) - 552ebd75-c27c-494a-8f75-4c4c056df87d@group-DF570057B904: change Leader from null to 552ebd75-c27c-494a-8f75-4c4c056df87d at term 1 for becomeLeader, leader elected after 5057ms
2019-09-24 21:32:33,658 [552ebd75-c27c-494a-8f75-4c4c056df87d@group-DF570057B904:LeaderElection60] INFO  server.RaftServerConfigKeys (ConfUtils.java:logGet(43)) - raft.server.staging.catchup.gap = 1000 (default)
2019-09-24 21:32:33,658 [552ebd75-c27c-494a-8f75-4c4c056df87d@group-DF570057B904:LeaderElection60] INFO  server.RaftServerConfigKeys (ConfUtils.java:logGet(43)) - raft.server.rpc.sleep.time = 25ms (default)
2019-09-24 21:32:33,658 [552ebd75-c27c-494a-8f75-4c4c056df87d@group-DF570057B904:LeaderElection60] INFO  server.RaftServerConfigKeys (ConfUtils.java:logGet(43)) - raft.server.write.element-limit = 4096 (default)
2019-09-24 21:32:33,658 [552ebd75-c27c-494a-8f75-4c4c056df87d@group-DF570057B904:LeaderElection60] INFO  server.RaftServerConfigKeys (ConfUtils.java:logGet(43)) - raft.server.watch.timeout = 10s (default)
2019-09-24 21:32:33,659 [552ebd75-c27c-494a-8f75-4c4c056df87d@group-DF570057B904:LeaderElection60] INFO  server.RaftServerConfigKeys (ConfUtils.java:logGet(43)) - raft.server.watch.timeout.denomination = 1s (default)
2019-09-24 21:32:33,659 [552ebd75-c27c-494a-8f75-4c4c056df87d@group-DF570057B904:LeaderElection60] INFO  server.RaftServerConfigKeys (ConfUtils.java:logGet(43)) - raft.server.watch.element-limit = 65536 (default)
2019-09-24 21:32:33,661 [552ebd75-c27c-494a-8f75-4c4c056df87d@group-DF570057B904:LeaderElection60] INFO  impl.RoleInfo (RoleInfo.java:updateAndGet(143)) - 552ebd75-c27c-494a-8f75-4c4c056df87d: start LeaderState
2019-09-24 21:32:33,661 [552ebd75-c27c-494a-8f75-4c4c056df87d@group-DF570057B904:LeaderElection60] INFO  segmented.SegmentedRaftLogWorker (SegmentedRaftLogWorker.java:startLogSegment(380)) - 552ebd75-c27c-494a-8f75-4c4c056df87d@group-DF570057B904-SegmentedRaftLogWorker: Starting segment from index:0
2019-09-24 21:32:33,661 [552ebd75-c27c-494a-8f75-4c4c056df87d@group-DF570057B904:LeaderElection60] INFO  impl.RaftServerImpl (ServerState.java:setRaftConf(354)) - 552ebd75-c27c-494a-8f75-4c4c056df87d@group-DF570057B904: set configuration 0: [552ebd75-c27c-494a-8f75-4c4c056df87d:192.168.151.77:43372], old=null at 0
2019-09-24 21:32:33,673 [27644118-fb56-4745-bc35-a441072a932b@group-A702684C1F55:LeaderElection61] INFO  impl.LeaderElection (LeaderElection.java:askForVotes(182)) - 27644118-fb56-4745-bc35-a441072a932b@group-A702684C1F55:LeaderElection61: begin an election at term 1 for -1: [27644118-fb56-4745-bc35-a441072a932b:192.168.151.77:36389], old=null
2019-09-24 21:32:33,673 [27644118-fb56-4745-bc35-a441072a932b@group-A702684C1F55:LeaderElection61] INFO  impl.RoleInfo (RoleInfo.java:shutdownLeaderElection(134)) - 27644118-fb56-4745-bc35-a441072a932b: shutdown LeaderElection
2019-09-24 21:32:33,674 [27644118-fb56-4745-bc35-a441072a932b@group-A702684C1F55:LeaderElection61] INFO  impl.RaftServerImpl (RaftServerImpl.java:setRole(174)) - 27644118-fb56-4745-bc35-a441072a932b@group-A702684C1F55: changes role from CANDIDATE to LEADER at term 1 for changeToLeader
2019-09-24 21:32:33,674 [27644118-fb56-4745-bc35-a441072a932b@group-A702684C1F55:LeaderElection61] INFO  impl.RaftServerImpl (ServerState.java:setLeader(253)) - 27644118-fb56-4745-bc35-a441072a932b@group-A702684C1F55: change Leader from null to 27644118-fb56-4745-bc35-a441072a932b at term 1 for becomeLeader, leader elected after 5042ms
2019-09-24 21:32:33,674 [27644118-fb56-4745-bc35-a441072a932b@group-A702684C1F55:LeaderElection61] INFO  server.RaftServerConfigKeys (ConfUtils.java:logGet(43)) - raft.server.staging.catchup.gap = 1000 (default)
2019-09-24 21:32:33,674 [27644118-fb56-4745-bc35-a441072a932b@group-A702684C1F55:LeaderElection61] INFO  server.RaftServerConfigKeys (ConfUtils.java:logGet(43)) - raft.server.rpc.sleep.time = 25ms (default)
2019-09-24 21:32:33,674 [27644118-fb56-4745-bc35-a441072a932b@group-A702684C1F55:LeaderElection61] INFO  server.RaftServerConfigKeys (ConfUtils.java:logGet(43)) - raft.server.write.element-limit = 4096 (default)
2019-09-24 21:32:33,674 [27644118-fb56-4745-bc35-a441072a932b@group-A702684C1F55:LeaderElection61] INFO  server.RaftServerConfigKeys (ConfUtils.java:logGet(43)) - raft.server.watch.timeout = 10s (default)
2019-09-24 21:32:33,674 [27644118-fb56-4745-bc35-a441072a932b@group-A702684C1F55:LeaderElection61] INFO  server.RaftServerConfigKeys (ConfUtils.java:logGet(43)) - raft.server.watch.timeout.denomination = 1s (default)
2019-09-24 21:32:33,674 [27644118-fb56-4745-bc35-a441072a932b@group-A702684C1F55:LeaderElection61] INFO  server.RaftServerConfigKeys (ConfUtils.java:logGet(43)) - raft.server.watch.element-limit = 65536 (default)
2019-09-24 21:32:33,675 [27644118-fb56-4745-bc35-a441072a932b@group-A702684C1F55:LeaderElection61] INFO  impl.RoleInfo (RoleInfo.java:updateAndGet(143)) - 27644118-fb56-4745-bc35-a441072a932b: start LeaderState
2019-09-24 21:32:33,675 [27644118-fb56-4745-bc35-a441072a932b@group-A702684C1F55:LeaderElection61] INFO  segmented.SegmentedRaftLogWorker (SegmentedRaftLogWorker.java:startLogSegment(380)) - 27644118-fb56-4745-bc35-a441072a932b@group-A702684C1F55-SegmentedRaftLogWorker: Starting segment from index:0
2019-09-24 21:32:33,676 [27644118-fb56-4745-bc35-a441072a932b@group-A702684C1F55:LeaderElection61] INFO  impl.RaftServerImpl (ServerState.java:setRaftConf(354)) - 27644118-fb56-4745-bc35-a441072a932b@group-A702684C1F55: set configuration 0: [27644118-fb56-4745-bc35-a441072a932b:192.168.151.77:36389], old=null at 0
2019-09-24 21:32:33,691 [552ebd75-c27c-494a-8f75-4c4c056df87d@group-DF570057B904-SegmentedRaftLogWorker] INFO  segmented.SegmentedRaftLogWorker (SegmentedRaftLogWorker.java:execute(569)) - 552ebd75-c27c-494a-8f75-4c4c056df87d@group-DF570057B904-SegmentedRaftLogWorker: created new log segment /workdir/hadoop-ozone/integration-test/target/test-dir/MiniOzoneClusterImpl-e0eb44de-bd0e-4674-8e7b-4e6e9938c619/datanode-3/data/ratis/add055a5-b45a-4c08-8fd2-df570057b904/current/log_inprogress_0
2019-09-24 21:32:33,695 [27644118-fb56-4745-bc35-a441072a932b@group-A702684C1F55-SegmentedRaftLogWorker] INFO  segmented.SegmentedRaftLogWorker (SegmentedRaftLogWorker.java:execute(569)) - 27644118-fb56-4745-bc35-a441072a932b@group-A702684C1F55-SegmentedRaftLogWorker: created new log segment /workdir/hadoop-ozone/integration-test/target/test-dir/MiniOzoneClusterImpl-e0eb44de-bd0e-4674-8e7b-4e6e9938c619/datanode-5/data/ratis/d2a8b0ee-5b76-4e97-8634-a702684c1f55/current/log_inprogress_0
2019-09-24 21:32:33,771 [Thread-2905] INFO  impl.FollowerState (FollowerState.java:run(106)) - 27512a76-9a5c-4715-8645-034ef34c1b92:group-4BA3AA6AA25E changes to CANDIDATE, lastRpcTime:5091, electionTimeout:5091ms
2019-09-24 21:32:33,772 [Thread-2905] INFO  impl.RoleInfo (RoleInfo.java:shutdownFollowerState(121)) - 27512a76-9a5c-4715-8645-034ef34c1b92: shutdown FollowerState
2019-09-24 21:32:33,772 [Thread-2905] INFO  impl.RaftServerImpl (RaftServerImpl.java:setRole(174)) - 27512a76-9a5c-4715-8645-034ef34c1b92@group-4BA3AA6AA25E: changes role from  FOLLOWER to CANDIDATE at term 0 for changeToCandidate
2019-09-24 21:32:33,772 [Thread-2905] INFO  impl.RoleInfo (RoleInfo.java:updateAndGet(143)) - 27512a76-9a5c-4715-8645-034ef34c1b92: start LeaderElection
2019-09-24 21:32:33,778 [Thread-2908] INFO  impl.FollowerState (FollowerState.java:run(106)) - d453428c-5e82-4581-a2cd-536e0cfe17bd:group-FB80741E3BAB changes to CANDIDATE, lastRpcTime:5051, electionTimeout:5051ms
2019-09-24 21:32:33,778 [Thread-2908] INFO  impl.RoleInfo (RoleInfo.java:shutdownFollowerState(121)) - d453428c-5e82-4581-a2cd-536e0cfe17bd: shutdown FollowerState
2019-09-24 21:32:33,778 [Thread-2908] INFO  impl.RaftServerImpl (RaftServerImpl.java:setRole(174)) - d453428c-5e82-4581-a2cd-536e0cfe17bd@group-FB80741E3BAB: changes role from  FOLLOWER to CANDIDATE at term 0 for changeToCandidate
2019-09-24 21:32:33,778 [Thread-2908] INFO  impl.RoleInfo (RoleInfo.java:updateAndGet(143)) - d453428c-5e82-4581-a2cd-536e0cfe17bd: start LeaderElection
2019-09-24 21:32:33,784 [Thread-2911] INFO  impl.FollowerState (FollowerState.java:run(106)) - 27644118-fb56-4745-bc35-a441072a932b:group-C59962718ADF changes to CANDIDATE, lastRpcTime:5002, electionTimeout:5002ms
2019-09-24 21:32:33,784 [Thread-2911] INFO  impl.RoleInfo (RoleInfo.java:shutdownFollowerState(121)) - 27644118-fb56-4745-bc35-a441072a932b: shutdown FollowerState
2019-09-24 21:32:33,784 [Thread-2911] INFO  impl.RaftServerImpl (RaftServerImpl.java:setRole(174)) - 27644118-fb56-4745-bc35-a441072a932b@group-C59962718ADF: changes role from  FOLLOWER to CANDIDATE at term 0 for changeToCandidate
2019-09-24 21:32:33,785 [Thread-2911] INFO  impl.RoleInfo (RoleInfo.java:updateAndGet(143)) - 27644118-fb56-4745-bc35-a441072a932b: start LeaderElection
2019-09-24 21:32:33,791 [27512a76-9a5c-4715-8645-034ef34c1b92@group-4BA3AA6AA25E:LeaderElection62] INFO  impl.LeaderElection (LeaderElection.java:askForVotes(182)) - 27512a76-9a5c-4715-8645-034ef34c1b92@group-4BA3AA6AA25E:LeaderElection62: begin an election at term 1 for -1: [27512a76-9a5c-4715-8645-034ef34c1b92:192.168.151.77:42353], old=null
2019-09-24 21:32:33,791 [27512a76-9a5c-4715-8645-034ef34c1b92@group-4BA3AA6AA25E:LeaderElection62] INFO  impl.RoleInfo (RoleInfo.java:shutdownLeaderElection(134)) - 27512a76-9a5c-4715-8645-034ef34c1b92: shutdown LeaderElection
2019-09-24 21:32:33,791 [27512a76-9a5c-4715-8645-034ef34c1b92@group-4BA3AA6AA25E:LeaderElection62] INFO  impl.RaftServerImpl (RaftServerImpl.java:setRole(174)) - 27512a76-9a5c-4715-8645-034ef34c1b92@group-4BA3AA6AA25E: changes role from CANDIDATE to LEADER at term 1 for changeToLeader
2019-09-24 21:32:33,791 [27512a76-9a5c-4715-8645-034ef34c1b92@group-4BA3AA6AA25E:LeaderElection62] INFO  impl.RaftServerImpl (ServerState.java:setLeader(253)) - 27512a76-9a5c-4715-8645-034ef34c1b92@group-4BA3AA6AA25E: change Leader from null to 27512a76-9a5c-4715-8645-034ef34c1b92 at term 1 for becomeLeader, leader elected after 5115ms
2019-09-24 21:32:33,791 [27512a76-9a5c-4715-8645-034ef34c1b92@group-4BA3AA6AA25E:LeaderElection62] INFO  server.RaftServerConfigKeys (ConfUtils.java:logGet(43)) - raft.server.staging.catchup.gap = 1000 (default)
2019-09-24 21:32:33,792 [27512a76-9a5c-4715-8645-034ef34c1b92@group-4BA3AA6AA25E:LeaderElection62] INFO  server.RaftServerConfigKeys (ConfUtils.java:logGet(43)) - raft.server.rpc.sleep.time = 25ms (default)
2019-09-24 21:32:33,792 [27512a76-9a5c-4715-8645-034ef34c1b92@group-4BA3AA6AA25E:LeaderElection62] INFO  server.RaftServerConfigKeys (ConfUtils.java:logGet(43)) - raft.server.write.element-limit = 4096 (default)
2019-09-24 21:32:33,792 [27512a76-9a5c-4715-8645-034ef34c1b92@group-4BA3AA6AA25E:LeaderElection62] INFO  server.RaftServerConfigKeys (ConfUtils.java:logGet(43)) - raft.server.watch.timeout = 10s (default)
2019-09-24 21:32:33,792 [27512a76-9a5c-4715-8645-034ef34c1b92@group-4BA3AA6AA25E:LeaderElection62] INFO  server.RaftServerConfigKeys (ConfUtils.java:logGet(43)) - raft.server.watch.timeout.denomination = 1s (default)
2019-09-24 21:32:33,792 [27512a76-9a5c-4715-8645-034ef34c1b92@group-4BA3AA6AA25E:LeaderElection62] INFO  server.RaftServerConfigKeys (ConfUtils.java:logGet(43)) - raft.server.watch.element-limit = 65536 (default)
2019-09-24 21:32:33,794 [d453428c-5e82-4581-a2cd-536e0cfe17bd@group-FB80741E3BAB:LeaderElection63] INFO  impl.LeaderElection (LeaderElection.java:askForVotes(182)) - d453428c-5e82-4581-a2cd-536e0cfe17bd@group-FB80741E3BAB:LeaderElection63: begin an election at term 1 for -1: [d453428c-5e82-4581-a2cd-536e0cfe17bd:192.168.151.77:43251], old=null
2019-09-24 21:32:33,794 [27644118-fb56-4745-bc35-a441072a932b@group-C59962718ADF:LeaderElection64] INFO  impl.LeaderElection (LeaderElection.java:askForVotes(182)) - 27644118-fb56-4745-bc35-a441072a932b@group-C59962718ADF:LeaderElection64: begin an election at term 1 for -1: [27644118-fb56-4745-bc35-a441072a932b:192.168.151.77:36389, 552ebd75-c27c-494a-8f75-4c4c056df87d:192.168.151.77:43372, 27512a76-9a5c-4715-8645-034ef34c1b92:192.168.151.77:42353], old=null
2019-09-24 21:32:33,794 [d453428c-5e82-4581-a2cd-536e0cfe17bd@group-FB80741E3BAB:LeaderElection63] INFO  impl.RoleInfo (RoleInfo.java:shutdownLeaderElection(134)) - d453428c-5e82-4581-a2cd-536e0cfe17bd: shutdown LeaderElection
2019-09-24 21:32:33,795 [d453428c-5e82-4581-a2cd-536e0cfe17bd@group-FB80741E3BAB:LeaderElection63] INFO  impl.RaftServerImpl (RaftServerImpl.java:setRole(174)) - d453428c-5e82-4581-a2cd-536e0cfe17bd@group-FB80741E3BAB: changes role from CANDIDATE to LEADER at term 1 for changeToLeader
2019-09-24 21:32:33,795 [d453428c-5e82-4581-a2cd-536e0cfe17bd@group-FB80741E3BAB:LeaderElection63] INFO  impl.RaftServerImpl (ServerState.java:setLeader(253)) - d453428c-5e82-4581-a2cd-536e0cfe17bd@group-FB80741E3BAB: change Leader from null to d453428c-5e82-4581-a2cd-536e0cfe17bd at term 1 for becomeLeader, leader elected after 5073ms
2019-09-24 21:32:33,795 [d453428c-5e82-4581-a2cd-536e0cfe17bd@group-FB80741E3BAB:LeaderElection63] INFO  server.RaftServerConfigKeys (ConfUtils.java:logGet(43)) - raft.server.staging.catchup.gap = 1000 (default)
2019-09-24 21:32:33,795 [d453428c-5e82-4581-a2cd-536e0cfe17bd@group-FB80741E3BAB:LeaderElection63] INFO  server.RaftServerConfigKeys (ConfUtils.java:logGet(43)) - raft.server.rpc.sleep.time = 25ms (default)
2019-09-24 21:32:33,796 [d453428c-5e82-4581-a2cd-536e0cfe17bd@group-FB80741E3BAB:LeaderElection63] INFO  server.RaftServerConfigKeys (ConfUtils.java:logGet(43)) - raft.server.write.element-limit = 4096 (default)
2019-09-24 21:32:33,796 [d453428c-5e82-4581-a2cd-536e0cfe17bd@group-FB80741E3BAB:LeaderElection63] INFO  server.RaftServerConfigKeys (ConfUtils.java:logGet(43)) - raft.server.watch.timeout = 10s (default)
2019-09-24 21:32:33,796 [d453428c-5e82-4581-a2cd-536e0cfe17bd@group-FB80741E3BAB:LeaderElection63] INFO  server.RaftServerConfigKeys (ConfUtils.java:logGet(43)) - raft.server.watch.timeout.denomination = 1s (default)
2019-09-24 21:32:33,796 [d453428c-5e82-4581-a2cd-536e0cfe17bd@group-FB80741E3BAB:LeaderElection63] INFO  server.RaftServerConfigKeys (ConfUtils.java:logGet(43)) - raft.server.watch.element-limit = 65536 (default)
2019-09-24 21:32:33,809 [27512a76-9a5c-4715-8645-034ef34c1b92@group-4BA3AA6AA25E:LeaderElection62] INFO  impl.RoleInfo (RoleInfo.java:updateAndGet(143)) - 27512a76-9a5c-4715-8645-034ef34c1b92: start LeaderState
2019-09-24 21:32:33,809 [27512a76-9a5c-4715-8645-034ef34c1b92@group-4BA3AA6AA25E:LeaderElection62] INFO  segmented.SegmentedRaftLogWorker (SegmentedRaftLogWorker.java:startLogSegment(380)) - 27512a76-9a5c-4715-8645-034ef34c1b92@group-4BA3AA6AA25E-SegmentedRaftLogWorker: Starting segment from index:0
2019-09-24 21:32:33,809 [d453428c-5e82-4581-a2cd-536e0cfe17bd@group-FB80741E3BAB:LeaderElection63] INFO  impl.RoleInfo (RoleInfo.java:updateAndGet(143)) - d453428c-5e82-4581-a2cd-536e0cfe17bd: start LeaderState
2019-09-24 21:32:33,809 [27512a76-9a5c-4715-8645-034ef34c1b92@group-4BA3AA6AA25E:LeaderElection62] INFO  impl.RaftServerImpl (ServerState.java:setRaftConf(354)) - 27512a76-9a5c-4715-8645-034ef34c1b92@group-4BA3AA6AA25E: set configuration 0: [27512a76-9a5c-4715-8645-034ef34c1b92:192.168.151.77:42353], old=null at 0
2019-09-24 21:32:33,809 [d453428c-5e82-4581-a2cd-536e0cfe17bd@group-FB80741E3BAB:LeaderElection63] INFO  segmented.SegmentedRaftLogWorker (SegmentedRaftLogWorker.java:startLogSegment(380)) - d453428c-5e82-4581-a2cd-536e0cfe17bd@group-FB80741E3BAB-SegmentedRaftLogWorker: Starting segment from index:0
2019-09-24 21:32:33,812 [grpc-default-executor-7] INFO  impl.RaftServerImpl (RaftServerImpl.java:setRole(174)) - 552ebd75-c27c-494a-8f75-4c4c056df87d@group-C59962718ADF: changes role from  FOLLOWER to FOLLOWER at term 1 for recognizeCandidate:27644118-fb56-4745-bc35-a441072a932b
2019-09-24 21:32:33,812 [grpc-default-executor-8] INFO  impl.RaftServerImpl (RaftServerImpl.java:setRole(174)) - 27512a76-9a5c-4715-8645-034ef34c1b92@group-C59962718ADF: changes role from  FOLLOWER to FOLLOWER at term 1 for recognizeCandidate:27644118-fb56-4745-bc35-a441072a932b
2019-09-24 21:32:33,812 [grpc-default-executor-7] INFO  impl.RoleInfo (RoleInfo.java:shutdownFollowerState(121)) - 552ebd75-c27c-494a-8f75-4c4c056df87d: shutdown FollowerState
2019-09-24 21:32:33,812 [d453428c-5e82-4581-a2cd-536e0cfe17bd@group-FB80741E3BAB:LeaderElection63] INFO  impl.RaftServerImpl (ServerState.java:setRaftConf(354)) - d453428c-5e82-4581-a2cd-536e0cfe17bd@group-FB80741E3BAB: set configuration 0: [d453428c-5e82-4581-a2cd-536e0cfe17bd:192.168.151.77:43251], old=null at 0
2019-09-24 21:32:33,813 [Thread-2915] INFO  impl.FollowerState (FollowerState.java:run(115)) - 552ebd75-c27c-494a-8f75-4c4c056df87d: FollowerState was interrupted: java.lang.InterruptedException: sleep interrupted
2019-09-24 21:32:33,813 [grpc-default-executor-7] INFO  impl.RoleInfo (RoleInfo.java:updateAndGet(143)) - 552ebd75-c27c-494a-8f75-4c4c056df87d: start FollowerState
2019-09-24 21:32:33,813 [grpc-default-executor-8] INFO  impl.RoleInfo (RoleInfo.java:shutdownFollowerState(121)) - 27512a76-9a5c-4715-8645-034ef34c1b92: shutdown FollowerState
2019-09-24 21:32:33,831 [grpc-default-executor-8] INFO  impl.RoleInfo (RoleInfo.java:updateAndGet(143)) - 27512a76-9a5c-4715-8645-034ef34c1b92: start FollowerState
2019-09-24 21:32:33,831 [Thread-2916] INFO  impl.FollowerState (FollowerState.java:run(115)) - 27512a76-9a5c-4715-8645-034ef34c1b92: FollowerState was interrupted: java.lang.InterruptedException: sleep interrupted
2019-09-24 21:32:33,851 [27512a76-9a5c-4715-8645-034ef34c1b92@group-4BA3AA6AA25E-SegmentedRaftLogWorker] INFO  segmented.SegmentedRaftLogWorker (SegmentedRaftLogWorker.java:execute(569)) - 27512a76-9a5c-4715-8645-034ef34c1b92@group-4BA3AA6AA25E-SegmentedRaftLogWorker: created new log segment /workdir/hadoop-ozone/integration-test/target/test-dir/MiniOzoneClusterImpl-e0eb44de-bd0e-4674-8e7b-4e6e9938c619/datanode-6/data/ratis/45327534-c9fb-4318-bcf2-4ba3aa6aa25e/current/log_inprogress_0
2019-09-24 21:32:33,851 [d453428c-5e82-4581-a2cd-536e0cfe17bd@group-FB80741E3BAB-SegmentedRaftLogWorker] INFO  segmented.SegmentedRaftLogWorker (SegmentedRaftLogWorker.java:execute(569)) - d453428c-5e82-4581-a2cd-536e0cfe17bd@group-FB80741E3BAB-SegmentedRaftLogWorker: created new log segment /workdir/hadoop-ozone/integration-test/target/test-dir/MiniOzoneClusterImpl-e0eb44de-bd0e-4674-8e7b-4e6e9938c619/datanode-4/data/ratis/24872ad7-c88d-44bd-bf03-fb80741e3bab/current/log_inprogress_0
2019-09-24 21:32:33,861 [27644118-fb56-4745-bc35-a441072a932b@group-C59962718ADF:LeaderElection64] INFO  impl.LeaderElection (LeaderElection.java:logAndReturn(56)) - 27644118-fb56-4745-bc35-a441072a932b@group-C59962718ADF:LeaderElection64: Election PASSED; received 1 response(s) [27644118-fb56-4745-bc35-a441072a932b<-27512a76-9a5c-4715-8645-034ef34c1b92#0:OK-t1] and 0 exception(s); 27644118-fb56-4745-bc35-a441072a932b@group-C59962718ADF:t1, leader=null, voted=27644118-fb56-4745-bc35-a441072a932b, raftlog=27644118-fb56-4745-bc35-a441072a932b@group-C59962718ADF-SegmentedRaftLog:OPENED:c-1,f-1,i0, conf=-1: [27644118-fb56-4745-bc35-a441072a932b:192.168.151.77:36389, 552ebd75-c27c-494a-8f75-4c4c056df87d:192.168.151.77:43372, 27512a76-9a5c-4715-8645-034ef34c1b92:192.168.151.77:42353], old=null
2019-09-24 21:32:33,861 [27644118-fb56-4745-bc35-a441072a932b@group-C59962718ADF:LeaderElection64] INFO  impl.RoleInfo (RoleInfo.java:shutdownLeaderElection(134)) - 27644118-fb56-4745-bc35-a441072a932b: shutdown LeaderElection
2019-09-24 21:32:33,861 [27644118-fb56-4745-bc35-a441072a932b@group-C59962718ADF:LeaderElection64] INFO  impl.RaftServerImpl (RaftServerImpl.java:setRole(174)) - 27644118-fb56-4745-bc35-a441072a932b@group-C59962718ADF: changes role from CANDIDATE to LEADER at term 1 for changeToLeader
2019-09-24 21:32:33,861 [27644118-fb56-4745-bc35-a441072a932b@group-C59962718ADF:LeaderElection64] INFO  impl.RaftServerImpl (ServerState.java:setLeader(253)) - 27644118-fb56-4745-bc35-a441072a932b@group-C59962718ADF: change Leader from null to 27644118-fb56-4745-bc35-a441072a932b at term 1 for becomeLeader, leader elected after 5084ms
2019-09-24 21:32:33,861 [27644118-fb56-4745-bc35-a441072a932b@group-C59962718ADF:LeaderElection64] INFO  server.RaftServerConfigKeys (ConfUtils.java:logGet(43)) - raft.server.staging.catchup.gap = 1000 (default)
2019-09-24 21:32:33,862 [27644118-fb56-4745-bc35-a441072a932b@group-C59962718ADF:LeaderElection64] INFO  server.RaftServerConfigKeys (ConfUtils.java:logGet(43)) - raft.server.rpc.sleep.time = 25ms (default)
2019-09-24 21:32:33,862 [27644118-fb56-4745-bc35-a441072a932b@group-C59962718ADF:LeaderElection64] INFO  server.RaftServerConfigKeys (ConfUtils.java:logGet(43)) - raft.server.write.element-limit = 4096 (default)
2019-09-24 21:32:33,862 [27644118-fb56-4745-bc35-a441072a932b@group-C59962718ADF:LeaderElection64] INFO  server.RaftServerConfigKeys (ConfUtils.java:logGet(43)) - raft.server.watch.timeout = 10s (default)
2019-09-24 21:32:33,862 [27644118-fb56-4745-bc35-a441072a932b@group-C59962718ADF:LeaderElection64] INFO  server.RaftServerConfigKeys (ConfUtils.java:logGet(43)) - raft.server.watch.timeout.denomination = 1s (default)
2019-09-24 21:32:33,862 [27644118-fb56-4745-bc35-a441072a932b@group-C59962718ADF:LeaderElection64] INFO  server.RaftServerConfigKeys (ConfUtils.java:logGet(43)) - raft.server.watch.element-limit = 65536 (default)
2019-09-24 21:32:33,863 [27644118-fb56-4745-bc35-a441072a932b@group-C59962718ADF:LeaderElection64] INFO  server.RaftServerConfigKeys (ConfUtils.java:logGet(43)) - raft.server.log.appender.snapshot.chunk.size.max = 16MB (=16777216) (default)
2019-09-24 21:32:33,863 [27644118-fb56-4745-bc35-a441072a932b@group-C59962718ADF:LeaderElection64] INFO  server.RaftServerConfigKeys (ConfUtils.java:logGet(43)) - raft.server.log.appender.buffer.byte-limit = 33554432 (custom)
2019-09-24 21:32:33,863 [27644118-fb56-4745-bc35-a441072a932b@group-C59962718ADF:LeaderElection64] INFO  server.RaftServerConfigKeys (ConfUtils.java:logGet(43)) - raft.server.log.appender.buffer.element-limit = 1 (custom)
2019-09-24 21:32:33,863 [27644118-fb56-4745-bc35-a441072a932b@group-C59962718ADF:LeaderElection64] INFO  grpc.GrpcConfigKeys$Server (ConfUtils.java:logGet(43)) - raft.grpc.server.leader.outstanding.appends.max = 128 (default)
2019-09-24 21:32:33,863 [27644118-fb56-4745-bc35-a441072a932b@group-C59962718ADF:LeaderElection64] INFO  server.RaftServerConfigKeys (ConfUtils.java:logGet(43)) - raft.server.rpc.request.timeout = 3000ms (default)
2019-09-24 21:32:33,864 [27644118-fb56-4745-bc35-a441072a932b@group-C59962718ADF:LeaderElection64] INFO  server.RaftServerConfigKeys (ConfUtils.java:logGet(43)) - raft.server.log.appender.install.snapshot.enabled = false (custom)
2019-09-24 21:32:33,864 [27644118-fb56-4745-bc35-a441072a932b@group-C59962718ADF:LeaderElection64] INFO  server.RaftServerConfigKeys (ConfUtils.java:logGet(43)) - raft.server.log.appender.snapshot.chunk.size.max = 16MB (=16777216) (default)
2019-09-24 21:32:33,864 [27644118-fb56-4745-bc35-a441072a932b@group-C59962718ADF:LeaderElection64] INFO  server.RaftServerConfigKeys (ConfUtils.java:logGet(43)) - raft.server.log.appender.buffer.byte-limit = 33554432 (custom)
2019-09-24 21:32:33,864 [27644118-fb56-4745-bc35-a441072a932b@group-C59962718ADF:LeaderElection64] INFO  server.RaftServerConfigKeys (ConfUtils.java:logGet(43)) - raft.server.log.appender.buffer.element-limit = 1 (custom)
2019-09-24 21:32:33,864 [27644118-fb56-4745-bc35-a441072a932b@group-C59962718ADF:LeaderElection64] INFO  grpc.GrpcConfigKeys$Server (ConfUtils.java:logGet(43)) - raft.grpc.server.leader.outstanding.appends.max = 128 (default)
2019-09-24 21:32:33,864 [27644118-fb56-4745-bc35-a441072a932b@group-C59962718ADF:LeaderElection64] INFO  server.RaftServerConfigKeys (ConfUtils.java:logGet(43)) - raft.server.rpc.request.timeout = 3000ms (default)
2019-09-24 21:32:33,864 [27644118-fb56-4745-bc35-a441072a932b@group-C59962718ADF:LeaderElection64] INFO  server.RaftServerConfigKeys (ConfUtils.java:logGet(43)) - raft.server.log.appender.install.snapshot.enabled = false (custom)
2019-09-24 21:32:33,864 [27644118-fb56-4745-bc35-a441072a932b@group-C59962718ADF:LeaderElection64] INFO  impl.RoleInfo (RoleInfo.java:updateAndGet(143)) - 27644118-fb56-4745-bc35-a441072a932b: start LeaderState
2019-09-24 21:32:33,864 [27644118-fb56-4745-bc35-a441072a932b@group-C59962718ADF:LeaderElection64] INFO  segmented.SegmentedRaftLogWorker (SegmentedRaftLogWorker.java:startLogSegment(380)) - 27644118-fb56-4745-bc35-a441072a932b@group-C59962718ADF-SegmentedRaftLogWorker: Starting segment from index:0
2019-09-24 21:32:33,865 [27644118-fb56-4745-bc35-a441072a932b@group-C59962718ADF:LeaderElection64] INFO  impl.RaftServerImpl (ServerState.java:setRaftConf(354)) - 27644118-fb56-4745-bc35-a441072a932b@group-C59962718ADF: set configuration 0: [27644118-fb56-4745-bc35-a441072a932b:192.168.151.77:36389, 552ebd75-c27c-494a-8f75-4c4c056df87d:192.168.151.77:43372, 27512a76-9a5c-4715-8645-034ef34c1b92:192.168.151.77:42353], old=null at 0
2019-09-24 21:32:33,879 [grpc-default-executor-7] INFO  impl.RaftServerImpl (ServerState.java:setLeader(253)) - 552ebd75-c27c-494a-8f75-4c4c056df87d@group-C59962718ADF: change Leader from null to 27644118-fb56-4745-bc35-a441072a932b at term 1 for appendEntries, leader elected after 5102ms
2019-09-24 21:32:33,879 [grpc-default-executor-8] INFO  impl.RaftServerImpl (ServerState.java:setLeader(253)) - 27512a76-9a5c-4715-8645-034ef34c1b92@group-C59962718ADF: change Leader from null to 27644118-fb56-4745-bc35-a441072a932b at term 1 for appendEntries, leader elected after 5102ms
2019-09-24 21:32:33,888 [grpc-default-executor-7] INFO  impl.RaftServerImpl (ServerState.java:setRaftConf(354)) - 27512a76-9a5c-4715-8645-034ef34c1b92@group-C59962718ADF: set configuration 0: [27644118-fb56-4745-bc35-a441072a932b:192.168.151.77:36389, 552ebd75-c27c-494a-8f75-4c4c056df87d:192.168.151.77:43372, 27512a76-9a5c-4715-8645-034ef34c1b92:192.168.151.77:42353], old=null at 0
2019-09-24 21:32:33,888 [grpc-default-executor-8] INFO  impl.RaftServerImpl (ServerState.java:setRaftConf(354)) - 552ebd75-c27c-494a-8f75-4c4c056df87d@group-C59962718ADF: set configuration 0: [27644118-fb56-4745-bc35-a441072a932b:192.168.151.77:36389, 552ebd75-c27c-494a-8f75-4c4c056df87d:192.168.151.77:43372, 27512a76-9a5c-4715-8645-034ef34c1b92:192.168.151.77:42353], old=null at 0
2019-09-24 21:32:33,888 [grpc-default-executor-7] INFO  segmented.SegmentedRaftLogWorker (SegmentedRaftLogWorker.java:startLogSegment(380)) - 27512a76-9a5c-4715-8645-034ef34c1b92@group-C59962718ADF-SegmentedRaftLogWorker: Starting segment from index:0
2019-09-24 21:32:33,889 [grpc-default-executor-8] INFO  segmented.SegmentedRaftLogWorker (SegmentedRaftLogWorker.java:startLogSegment(380)) - 552ebd75-c27c-494a-8f75-4c4c056df87d@group-C59962718ADF-SegmentedRaftLogWorker: Starting segment from index:0
2019-09-24 21:32:33,947 [27644118-fb56-4745-bc35-a441072a932b@group-C59962718ADF-SegmentedRaftLogWorker] INFO  segmented.SegmentedRaftLogWorker (SegmentedRaftLogWorker.java:execute(569)) - 27644118-fb56-4745-bc35-a441072a932b@group-C59962718ADF-SegmentedRaftLogWorker: created new log segment /workdir/hadoop-ozone/integration-test/target/test-dir/MiniOzoneClusterImpl-e0eb44de-bd0e-4674-8e7b-4e6e9938c619/datanode-5/data/ratis/5d6f67af-7986-4605-8fed-c59962718adf/current/log_inprogress_0
2019-09-24 21:32:33,980 [27512a76-9a5c-4715-8645-034ef34c1b92@group-C59962718ADF-SegmentedRaftLogWorker] INFO  segmented.SegmentedRaftLogWorker (SegmentedRaftLogWorker.java:execute(569)) - 27512a76-9a5c-4715-8645-034ef34c1b92@group-C59962718ADF-SegmentedRaftLogWorker: created new log segment /workdir/hadoop-ozone/integration-test/target/test-dir/MiniOzoneClusterImpl-e0eb44de-bd0e-4674-8e7b-4e6e9938c619/datanode-6/data/ratis/5d6f67af-7986-4605-8fed-c59962718adf/current/log_inprogress_0
2019-09-24 21:32:33,980 [552ebd75-c27c-494a-8f75-4c4c056df87d@group-C59962718ADF-SegmentedRaftLogWorker] INFO  segmented.SegmentedRaftLogWorker (SegmentedRaftLogWorker.java:execute(569)) - 552ebd75-c27c-494a-8f75-4c4c056df87d@group-C59962718ADF-SegmentedRaftLogWorker: created new log segment /workdir/hadoop-ozone/integration-test/target/test-dir/MiniOzoneClusterImpl-e0eb44de-bd0e-4674-8e7b-4e6e9938c619/datanode-3/data/ratis/5d6f67af-7986-4605-8fed-c59962718adf/current/log_inprogress_0
2019-09-24 21:32:34,951 [Datanode State Machine Thread - 0] INFO  statemachine.DatanodeStateMachine (DatanodeStateMachine.java:lambda$startDaemon$0(350)) - Ozone container server started.
2019-09-24 21:32:38,992 [EventQueue-StaleNodeForStaleNodeHandler] INFO  node.StaleNodeHandler (StaleNodeHandler.java:onMessage(58)) - Datanode 94290360-2bfe-4a93-9331-d88f7dd2d9cb{ip: 192.168.151.77, host: pr-hdds-2149-mjjcq-3576968246, networkLocation: /default-rack, certSerialId: null} moved to stale state. Finalizing its pipelines [PipelineID=e65f8ee6-da18-4a51-840b-94af7948c380, PipelineID=3b876e05-6663-4e66-a969-884fd447af98]
2019-09-24 21:32:38,993 [EventQueue-StaleNodeForStaleNodeHandler] INFO  pipeline.SCMPipelineManager (SCMPipelineManager.java:finalizeAndDestroyPipeline(315)) - destroying pipeline:Pipeline[ Id: e65f8ee6-da18-4a51-840b-94af7948c380, Nodes: 94290360-2bfe-4a93-9331-d88f7dd2d9cb{ip: 192.168.151.77, host: pr-hdds-2149-mjjcq-3576968246, networkLocation: /default-rack, certSerialId: null}cf57d365-aa31-484d-bfcc-0badfa6ed4e2{ip: 192.168.151.77, host: pr-hdds-2149-mjjcq-3576968246, networkLocation: /default-rack, certSerialId: null}2f4dfe29-3e90-48ef-b709-7e8c2e788841{ip: 192.168.151.77, host: pr-hdds-2149-mjjcq-3576968246, networkLocation: /default-rack, certSerialId: null}, Type:RATIS, Factor:THREE, State:OPEN]
2019-09-24 21:32:38,993 [EventQueue-StaleNodeForStaleNodeHandler] INFO  pipeline.PipelineStateManager (PipelineStateManager.java:finalizePipeline(123)) - Pipeline Pipeline[ Id: e65f8ee6-da18-4a51-840b-94af7948c380, Nodes: 94290360-2bfe-4a93-9331-d88f7dd2d9cb{ip: 192.168.151.77, host: pr-hdds-2149-mjjcq-3576968246, networkLocation: /default-rack, certSerialId: null}cf57d365-aa31-484d-bfcc-0badfa6ed4e2{ip: 192.168.151.77, host: pr-hdds-2149-mjjcq-3576968246, networkLocation: /default-rack, certSerialId: null}2f4dfe29-3e90-48ef-b709-7e8c2e788841{ip: 192.168.151.77, host: pr-hdds-2149-mjjcq-3576968246, networkLocation: /default-rack, certSerialId: null}, Type:RATIS, Factor:THREE, State:CLOSED] moved to CLOSED state
2019-09-24 21:32:38,994 [EventQueue-CloseContainerForCloseContainerEventHandler] INFO  container.CloseContainerEventHandler (CloseContainerEventHandler.java:onMessage(61)) - Close container Event triggered for container : #1
2019-09-24 21:32:39,001 [EventQueue-StaleNodeForStaleNodeHandler] INFO  pipeline.SCMPipelineManager (SCMPipelineManager.java:finalizeAndDestroyPipeline(315)) - destroying pipeline:Pipeline[ Id: 3b876e05-6663-4e66-a969-884fd447af98, Nodes: 94290360-2bfe-4a93-9331-d88f7dd2d9cb{ip: 192.168.151.77, host: pr-hdds-2149-mjjcq-3576968246, networkLocation: /default-rack, certSerialId: null}, Type:RATIS, Factor:ONE, State:OPEN]
2019-09-24 21:32:39,004 [EventQueue-StaleNodeForStaleNodeHandler] INFO  pipeline.PipelineStateManager (PipelineStateManager.java:finalizePipeline(123)) - Pipeline Pipeline[ Id: 3b876e05-6663-4e66-a969-884fd447af98, Nodes: 94290360-2bfe-4a93-9331-d88f7dd2d9cb{ip: 192.168.151.77, host: pr-hdds-2149-mjjcq-3576968246, networkLocation: /default-rack, certSerialId: null}, Type:RATIS, Factor:ONE, State:CLOSED] moved to CLOSED state
2019-09-24 21:32:39,128 [main] INFO  ozoneimpl.OzoneContainer (OzoneContainer.java:stop(231)) - Attempting to stop container services.
2019-09-24 21:32:39,129 [main] INFO  impl.RaftServerProxy (RaftServerProxy.java:lambda$close$4(314)) - 94290360-2bfe-4a93-9331-d88f7dd2d9cb: close
2019-09-24 21:32:39,130 [main] INFO  impl.RaftServerImpl (RaftServerImpl.java:lambda$shutdown$3(251)) - 94290360-2bfe-4a93-9331-d88f7dd2d9cb@group-94AF7948C380: shutdown
2019-09-24 21:32:39,131 [main] INFO  util.JmxRegister (JmxRegister.java:unregister(73)) - Successfully un-registered JMX Bean with object name Ratis:service=RaftServer,group=group-94AF7948C380,id=94290360-2bfe-4a93-9331-d88f7dd2d9cb
2019-09-24 21:32:39,131 [main] INFO  impl.RoleInfo (RoleInfo.java:shutdownLeaderState(104)) - 94290360-2bfe-4a93-9331-d88f7dd2d9cb: shutdown LeaderState
2019-09-24 21:32:39,137 [org.apache.ratis.server.impl.LogAppender$AppenderDaemon$$Lambda$507/2140265723@1d3fbc33] WARN  server.GrpcLogAppender (GrpcLogAppender.java:mayWait(143)) - 94290360-2bfe-4a93-9331-d88f7dd2d9cb@group-94AF7948C380->cf57d365-aa31-484d-bfcc-0badfa6ed4e2-GrpcLogAppender: Wait interrupted by java.lang.InterruptedException
2019-09-24 21:32:39,138 [main] INFO  impl.PendingRequests (PendingRequests.java:sendNotLeaderResponses(202)) - 94290360-2bfe-4a93-9331-d88f7dd2d9cb-PendingRequests: sendNotLeaderResponses
2019-09-24 21:32:39,138 [grpc-default-executor-7] INFO  server.GrpcServerProtocolService (GrpcServerProtocolService.java:onCompleted(113)) - cf57d365-aa31-484d-bfcc-0badfa6ed4e2: Completed APPEND_ENTRIES, lastRequest: 94290360-2bfe-4a93-9331-d88f7dd2d9cb->cf57d365-aa31-484d-bfcc-0badfa6ed4e2#19-t1, previous=(t:1, i:16), leaderCommit=16, initializing? false, entries: <empty>
2019-09-24 21:32:39,138 [org.apache.ratis.server.impl.LogAppender$AppenderDaemon$$Lambda$507/2140265723@6350a6a6] WARN  server.GrpcLogAppender (GrpcLogAppender.java:mayWait(143)) - 94290360-2bfe-4a93-9331-d88f7dd2d9cb@group-94AF7948C380->2f4dfe29-3e90-48ef-b709-7e8c2e788841-GrpcLogAppender: Wait interrupted by java.lang.InterruptedException
2019-09-24 21:32:39,144 [main] INFO  impl.StateMachineUpdater (StateMachineUpdater.java:stopAndJoin(125)) - 94290360-2bfe-4a93-9331-d88f7dd2d9cb@group-94AF7948C380-StateMachineUpdater: set stopIndex = 16
2019-09-24 21:32:39,145 [grpc-default-executor-8] INFO  server.GrpcLogAppender (GrpcLogAppender.java:onCompleted(293)) - 94290360-2bfe-4a93-9331-d88f7dd2d9cb@group-94AF7948C380->cf57d365-aa31-484d-bfcc-0badfa6ed4e2-AppendLogResponseHandler: follower responses appendEntries COMPLETED
2019-09-24 21:32:39,145 [94290360-2bfe-4a93-9331-d88f7dd2d9cb@group-94AF7948C380-StateMachineUpdater] INFO  ratis.ContainerStateMachine (ContainerStateMachine.java:takeSnapshot(289)) - group-94AF7948C380: Taking a snapshot at:(t:1, i:14) file /workdir/hadoop-ozone/integration-test/target/test-dir/MiniOzoneClusterImpl-e0eb44de-bd0e-4674-8e7b-4e6e9938c619/datanode-0/data/ratis/e65f8ee6-da18-4a51-840b-94af7948c380/sm/snapshot.1_14
2019-09-24 21:32:39,145 [grpc-default-executor-7] INFO  server.GrpcServerProtocolService (GrpcServerProtocolService.java:onCompleted(113)) - 2f4dfe29-3e90-48ef-b709-7e8c2e788841: Completed APPEND_ENTRIES, lastRequest: 94290360-2bfe-4a93-9331-d88f7dd2d9cb->2f4dfe29-3e90-48ef-b709-7e8c2e788841#19-t1, previous=(t:1, i:16), leaderCommit=16, initializing? false, entries: <empty>
2019-09-24 21:32:39,146 [grpc-default-executor-8] INFO  impl.FollowerInfo (FollowerInfo.java:lambda$new$0(51)) - 94290360-2bfe-4a93-9331-d88f7dd2d9cb@group-94AF7948C380->cf57d365-aa31-484d-bfcc-0badfa6ed4e2: nextIndex: updateUnconditionally 17 -> 16
2019-09-24 21:32:39,146 [grpc-default-executor-7] INFO  server.GrpcLogAppender (GrpcLogAppender.java:onCompleted(293)) - 94290360-2bfe-4a93-9331-d88f7dd2d9cb@group-94AF7948C380->2f4dfe29-3e90-48ef-b709-7e8c2e788841-AppendLogResponseHandler: follower responses appendEntries COMPLETED
2019-09-24 21:32:39,146 [grpc-default-executor-7] INFO  impl.FollowerInfo (FollowerInfo.java:lambda$new$0(51)) - 94290360-2bfe-4a93-9331-d88f7dd2d9cb@group-94AF7948C380->2f4dfe29-3e90-48ef-b709-7e8c2e788841: nextIndex: updateUnconditionally 17 -> 16
2019-09-24 21:32:39,158 [94290360-2bfe-4a93-9331-d88f7dd2d9cb@group-94AF7948C380-StateMachineUpdater] INFO  ratis.ContainerStateMachine (ContainerStateMachine.java:takeSnapshot(300)) - group-94AF7948C380: Finished taking a snapshot at:(t:1, i:14) file:/workdir/hadoop-ozone/integration-test/target/test-dir/MiniOzoneClusterImpl-e0eb44de-bd0e-4674-8e7b-4e6e9938c619/datanode-0/data/ratis/e65f8ee6-da18-4a51-840b-94af7948c380/sm/snapshot.1_14 time:14
2019-09-24 21:32:39,159 [94290360-2bfe-4a93-9331-d88f7dd2d9cb@group-94AF7948C380-StateMachineUpdater] INFO  impl.StateMachineUpdater (StateMachineUpdater.java:takeSnapshot(258)) - 94290360-2bfe-4a93-9331-d88f7dd2d9cb@group-94AF7948C380-StateMachineUpdater: Took a snapshot at index 14
2019-09-24 21:32:39,159 [94290360-2bfe-4a93-9331-d88f7dd2d9cb@group-94AF7948C380-StateMachineUpdater] INFO  impl.StateMachineUpdater (StateMachineUpdater.java:lambda$new$0(83)) - 94290360-2bfe-4a93-9331-d88f7dd2d9cb@group-94AF7948C380-StateMachineUpdater: snapshotIndex: updateIncreasingly -1 -> 14
2019-09-24 21:32:39,159 [94290360-2bfe-4a93-9331-d88f7dd2d9cb@group-94AF7948C380-StateMachineUpdater] INFO  ratis.ContainerStateMachine (ContainerStateMachine.java:takeSnapshot(289)) - group-94AF7948C380: Taking a snapshot at:(t:1, i:14) file /workdir/hadoop-ozone/integration-test/target/test-dir/MiniOzoneClusterImpl-e0eb44de-bd0e-4674-8e7b-4e6e9938c619/datanode-0/data/ratis/e65f8ee6-da18-4a51-840b-94af7948c380/sm/snapshot.1_14
2019-09-24 21:32:39,171 [94290360-2bfe-4a93-9331-d88f7dd2d9cb@group-94AF7948C380-StateMachineUpdater] INFO  ratis.ContainerStateMachine (ContainerStateMachine.java:takeSnapshot(300)) - group-94AF7948C380: Finished taking a snapshot at:(t:1, i:14) file:/workdir/hadoop-ozone/integration-test/target/test-dir/MiniOzoneClusterImpl-e0eb44de-bd0e-4674-8e7b-4e6e9938c619/datanode-0/data/ratis/e65f8ee6-da18-4a51-840b-94af7948c380/sm/snapshot.1_14 time:12
2019-09-24 21:32:39,171 [94290360-2bfe-4a93-9331-d88f7dd2d9cb@group-94AF7948C380-StateMachineUpdater] INFO  impl.StateMachineUpdater (StateMachineUpdater.java:takeSnapshot(258)) - 94290360-2bfe-4a93-9331-d88f7dd2d9cb@group-94AF7948C380-StateMachineUpdater: Took a snapshot at index 14
2019-09-24 21:32:39,171 [94290360-2bfe-4a93-9331-d88f7dd2d9cb@group-94AF7948C380-StateMachineUpdater] INFO  impl.StateMachineUpdater (StateMachineUpdater.java:lambda$new$0(83)) - 94290360-2bfe-4a93-9331-d88f7dd2d9cb@group-94AF7948C380-StateMachineUpdater: snapshotIndex: updateIncreasingly 14 -> 14
2019-09-24 21:32:39,172 [main] INFO  impl.RaftServerImpl (ServerState.java:close(385)) - 94290360-2bfe-4a93-9331-d88f7dd2d9cb@group-94AF7948C380: closes. applyIndex: 16
2019-09-24 21:32:39,172 [94290360-2bfe-4a93-9331-d88f7dd2d9cb@group-94AF7948C380-SegmentedRaftLogWorker] INFO  segmented.SegmentedRaftLogWorker (SegmentedRaftLogWorker.java:run(313)) - 94290360-2bfe-4a93-9331-d88f7dd2d9cb@group-94AF7948C380-SegmentedRaftLogWorker was interrupted, exiting. There are 0 tasks remaining in the queue.
2019-09-24 21:32:39,175 [main] INFO  segmented.SegmentedRaftLogWorker (SegmentedRaftLogWorker.java:close(228)) - 94290360-2bfe-4a93-9331-d88f7dd2d9cb@group-94AF7948C380-SegmentedRaftLogWorker close()
2019-09-24 21:32:39,178 [main] INFO  impl.RaftServerImpl (RaftServerImpl.java:lambda$shutdown$3(251)) - 94290360-2bfe-4a93-9331-d88f7dd2d9cb@group-884FD447AF98: shutdown
2019-09-24 21:32:39,179 [main] INFO  util.JmxRegister (JmxRegister.java:unregister(73)) - Successfully un-registered JMX Bean with object name Ratis:service=RaftServer,group=group-884FD447AF98,id=94290360-2bfe-4a93-9331-d88f7dd2d9cb
2019-09-24 21:32:39,179 [main] INFO  impl.RoleInfo (RoleInfo.java:shutdownLeaderState(104)) - 94290360-2bfe-4a93-9331-d88f7dd2d9cb: shutdown LeaderState
2019-09-24 21:32:39,179 [main] INFO  impl.PendingRequests (PendingRequests.java:sendNotLeaderResponses(202)) - 94290360-2bfe-4a93-9331-d88f7dd2d9cb-PendingRequests: sendNotLeaderResponses
2019-09-24 21:32:39,180 [main] INFO  impl.StateMachineUpdater (StateMachineUpdater.java:stopAndJoin(125)) - 94290360-2bfe-4a93-9331-d88f7dd2d9cb@group-884FD447AF98-StateMachineUpdater: set stopIndex = 0
2019-09-24 21:32:39,180 [main] INFO  impl.RaftServerImpl (ServerState.java:close(385)) - 94290360-2bfe-4a93-9331-d88f7dd2d9cb@group-884FD447AF98: closes. applyIndex: 0
2019-09-24 21:32:39,181 [94290360-2bfe-4a93-9331-d88f7dd2d9cb@group-884FD447AF98-SegmentedRaftLogWorker] INFO  segmented.SegmentedRaftLogWorker (SegmentedRaftLogWorker.java:run(313)) - 94290360-2bfe-4a93-9331-d88f7dd2d9cb@group-884FD447AF98-SegmentedRaftLogWorker was interrupted, exiting. There are 0 tasks remaining in the queue.
2019-09-24 21:32:39,183 [main] INFO  segmented.SegmentedRaftLogWorker (SegmentedRaftLogWorker.java:close(228)) - 94290360-2bfe-4a93-9331-d88f7dd2d9cb@group-884FD447AF98-SegmentedRaftLogWorker close()
2019-09-24 21:32:39,186 [main] INFO  server.GrpcService (GrpcService.java:closeImpl(164)) - 94290360-2bfe-4a93-9331-d88f7dd2d9cb: shutdown server with port 34622 now
2019-09-24 21:32:39,187 [grpc-default-executor-8] WARN  client.GrpcClientProtocolService (LogUtils.java:warn(134)) - 3-UnorderedRequestStreamObserver3: onError: org.apache.ratis.thirdparty.io.grpc.StatusRuntimeException: CANCELLED: cancelled before receiving half close
2019-09-24 21:32:39,189 [main] INFO  server.GrpcService (GrpcService.java:closeImpl(172)) - 94290360-2bfe-4a93-9331-d88f7dd2d9cb: shutdown server with port 34622 successfully
2019-09-24 21:32:39,192 [refreshUsed-/workdir/hadoop-ozone/integration-test/target/test-dir/MiniOzoneClusterImpl-e0eb44de-bd0e-4674-8e7b-4e6e9938c619/datanode-0/data/containers] WARN  fs.CachingGetSpaceUsed (CachingGetSpaceUsed.java:run(183)) - Thread Interrupted waiting to refresh disk information: sleep interrupted
2019-09-24 21:32:39,209 [main] INFO  utils.BackgroundService (BackgroundService.java:shutdown(148)) - Shutting down service BlockDeletingService
2019-09-24 21:32:39,217 [main] INFO  statemachine.DatanodeStateMachine (DatanodeStateMachine.java:stopDaemon(395)) - Ozone container server stopped.
2019-09-24 21:32:39,219 [main] INFO  handler.ContextHandler (ContextHandler.java:doStop(910)) - Stopped o.e.j.w.WebAppContext@71d55b7e{/,null,UNAVAILABLE}{/hddsDatanode}
2019-09-24 21:32:39,219 [main] INFO  server.AbstractConnector (AbstractConnector.java:doStop(318)) - Stopped ServerConnector@2997ddfc{HTTP/1.1,[http/1.1]}{0.0.0.0:0}
2019-09-24 21:32:39,220 [main] INFO  handler.ContextHandler (ContextHandler.java:doStop(910)) - Stopped o.e.j.s.ServletContextHandler@93bf0e0{/static,jar:file:/home/user/.m2/repository/org/apache/hadoop/hadoop-hdds-container-service/0.5.0-SNAPSHOT/hadoop-hdds-container-service-0.5.0-SNAPSHOT.jar!/webapps/static,UNAVAILABLE}
2019-09-24 21:32:39,220 [main] INFO  handler.ContextHandler (ContextHandler.java:doStop(910)) - Stopped o.e.j.s.ServletContextHandler@62f9c790{/logs,file:///workdir/hadoop-ozone/integration-test/target/log,UNAVAILABLE}
2019-09-24 21:32:48,821 [Thread-2938] INFO  impl.FollowerState (FollowerState.java:run(106)) - cf57d365-aa31-484d-bfcc-0badfa6ed4e2:group-94AF7948C380 changes to CANDIDATE, lastRpcTime:9697, electionTimeout:5048ms
2019-09-24 21:32:48,822 [Thread-2938] INFO  impl.RoleInfo (RoleInfo.java:shutdownFollowerState(121)) - cf57d365-aa31-484d-bfcc-0badfa6ed4e2: shutdown FollowerState
2019-09-24 21:32:48,822 [Thread-2938] INFO  impl.RaftServerImpl (RaftServerImpl.java:setRole(174)) - cf57d365-aa31-484d-bfcc-0badfa6ed4e2@group-94AF7948C380: changes role from  FOLLOWER to CANDIDATE at term 1 for changeToCandidate
2019-09-24 21:32:48,823 [Thread-2938] INFO  impl.RoleInfo (RoleInfo.java:updateAndGet(143)) - cf57d365-aa31-484d-bfcc-0badfa6ed4e2: start LeaderElection
2019-09-24 21:32:48,827 [cf57d365-aa31-484d-bfcc-0badfa6ed4e2@group-94AF7948C380:LeaderElection65] INFO  impl.RaftServerImpl (ServerState.java:setLeader(253)) - cf57d365-aa31-484d-bfcc-0badfa6ed4e2@group-94AF7948C380: change Leader from 94290360-2bfe-4a93-9331-d88f7dd2d9cb to null at term 1 for initElection
2019-09-24 21:32:48,842 [cf57d365-aa31-484d-bfcc-0badfa6ed4e2@group-94AF7948C380:LeaderElection65] INFO  impl.LeaderElection (LeaderElection.java:askForVotes(182)) - cf57d365-aa31-484d-bfcc-0badfa6ed4e2@group-94AF7948C380:LeaderElection65: begin an election at term 2 for 0: [94290360-2bfe-4a93-9331-d88f7dd2d9cb:192.168.151.77:34622, 2f4dfe29-3e90-48ef-b709-7e8c2e788841:192.168.151.77:35613, cf57d365-aa31-484d-bfcc-0badfa6ed4e2:192.168.151.77:45487], old=null
2019-09-24 21:32:48,845 [cf57d365-aa31-484d-bfcc-0badfa6ed4e2@group-94AF7948C380:LeaderElection65] INFO  impl.LeaderElection (LogUtils.java:infoOrTrace(149)) - cf57d365-aa31-484d-bfcc-0badfa6ed4e2@group-94AF7948C380:LeaderElection65 got exception when requesting votes: {}
java.util.concurrent.ExecutionException: org.apache.ratis.thirdparty.io.grpc.StatusRuntimeException: UNAVAILABLE: io exception
	at java.util.concurrent.FutureTask.report(FutureTask.java:122)
	at java.util.concurrent.FutureTask.get(FutureTask.java:192)
	at org.apache.ratis.server.impl.LeaderElection.waitForResults(LeaderElection.java:263)
	at org.apache.ratis.server.impl.LeaderElection.askForVotes(LeaderElection.java:201)
	at org.apache.ratis.server.impl.LeaderElection.run(LeaderElection.java:133)
	at java.lang.Thread.run(Thread.java:748)
Caused by: org.apache.ratis.thirdparty.io.grpc.StatusRuntimeException: UNAVAILABLE: io exception
	at org.apache.ratis.thirdparty.io.grpc.stub.ClientCalls.toStatusRuntimeException(ClientCalls.java:233)
	at org.apache.ratis.thirdparty.io.grpc.stub.ClientCalls.getUnchecked(ClientCalls.java:214)
	at org.apache.ratis.thirdparty.io.grpc.stub.ClientCalls.blockingUnaryCall(ClientCalls.java:139)
	at org.apache.ratis.proto.grpc.RaftServerProtocolServiceGrpc$RaftServerProtocolServiceBlockingStub.requestVote(RaftServerProtocolServiceGrpc.java:265)
	at org.apache.ratis.grpc.server.GrpcServerProtocolClient.requestVote(GrpcServerProtocolClient.java:90)
	at org.apache.ratis.grpc.server.GrpcService.requestVote(GrpcService.java:204)
	at org.apache.ratis.server.impl.LeaderElection.lambda$submitRequests$1(LeaderElection.java:238)
	at java.util.concurrent.FutureTask.run(FutureTask.java:266)
	at java.util.concurrent.Executors$RunnableAdapter.call(Executors.java:511)
	at java.util.concurrent.FutureTask.run(FutureTask.java:266)
	at java.util.concurrent.ThreadPoolExecutor.runWorker(ThreadPoolExecutor.java:1149)
	at java.util.concurrent.ThreadPoolExecutor$Worker.run(ThreadPoolExecutor.java:624)
	... 1 more
Caused by: org.apache.ratis.thirdparty.io.netty.channel.AbstractChannel$AnnotatedConnectException: Connection refused: /192.168.151.77:34622
	at sun.nio.ch.SocketChannelImpl.checkConnect(Native Method)
	at sun.nio.ch.SocketChannelImpl.finishConnect(SocketChannelImpl.java:717)
	at org.apache.ratis.thirdparty.io.netty.channel.socket.nio.NioSocketChannel.doFinishConnect(NioSocketChannel.java:327)
	at org.apache.ratis.thirdparty.io.netty.channel.nio.AbstractNioChannel$AbstractNioUnsafe.finishConnect(AbstractNioChannel.java:340)
	at org.apache.ratis.thirdparty.io.netty.channel.nio.NioEventLoop.processSelectedKey(NioEventLoop.java:632)
	at org.apache.ratis.thirdparty.io.netty.channel.nio.NioEventLoop.processSelectedKeysOptimized(NioEventLoop.java:579)
	at org.apache.ratis.thirdparty.io.netty.channel.nio.NioEventLoop.processSelectedKeys(NioEventLoop.java:496)
	at org.apache.ratis.thirdparty.io.netty.channel.nio.NioEventLoop.run(NioEventLoop.java:458)
	at org.apache.ratis.thirdparty.io.netty.util.concurrent.SingleThreadEventExecutor$5.run(SingleThreadEventExecutor.java:897)
	at org.apache.ratis.thirdparty.io.netty.util.concurrent.FastThreadLocalRunnable.run(FastThreadLocalRunnable.java:30)
	... 1 more
Caused by: java.net.ConnectException: Connection refused
	... 11 more
2019-09-24 21:32:48,848 [grpc-default-executor-7] INFO  impl.RaftServerImpl (ServerState.java:setLeader(253)) - 2f4dfe29-3e90-48ef-b709-7e8c2e788841@group-94AF7948C380: change Leader from 94290360-2bfe-4a93-9331-d88f7dd2d9cb to null at term 2 for updateCurrentTerm
2019-09-24 21:32:48,849 [grpc-default-executor-7] INFO  impl.RaftServerImpl (RaftServerImpl.java:setRole(174)) - 2f4dfe29-3e90-48ef-b709-7e8c2e788841@group-94AF7948C380: changes role from  FOLLOWER to FOLLOWER at term 2 for recognizeCandidate:cf57d365-aa31-484d-bfcc-0badfa6ed4e2
2019-09-24 21:32:48,849 [grpc-default-executor-7] INFO  impl.RoleInfo (RoleInfo.java:shutdownFollowerState(121)) - 2f4dfe29-3e90-48ef-b709-7e8c2e788841: shutdown FollowerState
2019-09-24 21:32:48,849 [grpc-default-executor-7] INFO  impl.RoleInfo (RoleInfo.java:updateAndGet(143)) - 2f4dfe29-3e90-48ef-b709-7e8c2e788841: start FollowerState
2019-09-24 21:32:48,849 [Thread-2939] INFO  impl.FollowerState (FollowerState.java:run(115)) - 2f4dfe29-3e90-48ef-b709-7e8c2e788841: FollowerState was interrupted: java.lang.InterruptedException: sleep interrupted
2019-09-24 21:32:48,867 [cf57d365-aa31-484d-bfcc-0badfa6ed4e2@group-94AF7948C380:LeaderElection65] INFO  impl.LeaderElection (LeaderElection.java:logAndReturn(56)) - cf57d365-aa31-484d-bfcc-0badfa6ed4e2@group-94AF7948C380:LeaderElection65: Election PASSED; received 1 response(s) [cf57d365-aa31-484d-bfcc-0badfa6ed4e2<-2f4dfe29-3e90-48ef-b709-7e8c2e788841#0:OK-t2] and 1 exception(s); cf57d365-aa31-484d-bfcc-0badfa6ed4e2@group-94AF7948C380:t2, leader=null, voted=cf57d365-aa31-484d-bfcc-0badfa6ed4e2, raftlog=cf57d365-aa31-484d-bfcc-0badfa6ed4e2@group-94AF7948C380-SegmentedRaftLog:OPENED:c16,f16,i16, conf=0: [94290360-2bfe-4a93-9331-d88f7dd2d9cb:192.168.151.77:34622, 2f4dfe29-3e90-48ef-b709-7e8c2e788841:192.168.151.77:35613, cf57d365-aa31-484d-bfcc-0badfa6ed4e2:192.168.151.77:45487], old=null
2019-09-24 21:32:48,867 [cf57d365-aa31-484d-bfcc-0badfa6ed4e2@group-94AF7948C380:LeaderElection65] INFO  impl.LeaderElection (LogUtils.java:infoOrTrace(149)) -   Exception 0: {}
java.util.concurrent.ExecutionException: org.apache.ratis.thirdparty.io.grpc.StatusRuntimeException: UNAVAILABLE: io exception
	at java.util.concurrent.FutureTask.report(FutureTask.java:122)
	at java.util.concurrent.FutureTask.get(FutureTask.java:192)
	at org.apache.ratis.server.impl.LeaderElection.waitForResults(LeaderElection.java:263)
	at org.apache.ratis.server.impl.LeaderElection.askForVotes(LeaderElection.java:201)
	at org.apache.ratis.server.impl.LeaderElection.run(LeaderElection.java:133)
	at java.lang.Thread.run(Thread.java:748)
Caused by: org.apache.ratis.thirdparty.io.grpc.StatusRuntimeException: UNAVAILABLE: io exception
	at org.apache.ratis.thirdparty.io.grpc.stub.ClientCalls.toStatusRuntimeException(ClientCalls.java:233)
	at org.apache.ratis.thirdparty.io.grpc.stub.ClientCalls.getUnchecked(ClientCalls.java:214)
	at org.apache.ratis.thirdparty.io.grpc.stub.ClientCalls.blockingUnaryCall(ClientCalls.java:139)
	at org.apache.ratis.proto.grpc.RaftServerProtocolServiceGrpc$RaftServerProtocolServiceBlockingStub.requestVote(RaftServerProtocolServiceGrpc.java:265)
	at org.apache.ratis.grpc.server.GrpcServerProtocolClient.requestVote(GrpcServerProtocolClient.java:90)
	at org.apache.ratis.grpc.server.GrpcService.requestVote(GrpcService.java:204)
	at org.apache.ratis.server.impl.LeaderElection.lambda$submitRequests$1(LeaderElection.java:238)
	at java.util.concurrent.FutureTask.run(FutureTask.java:266)
	at java.util.concurrent.Executors$RunnableAdapter.call(Executors.java:511)
	at java.util.concurrent.FutureTask.run(FutureTask.java:266)
	at java.util.concurrent.ThreadPoolExecutor.runWorker(ThreadPoolExecutor.java:1149)
	at java.util.concurrent.ThreadPoolExecutor$Worker.run(ThreadPoolExecutor.java:624)
	... 1 more
Caused by: org.apache.ratis.thirdparty.io.netty.channel.AbstractChannel$AnnotatedConnectException: Connection refused: /192.168.151.77:34622
	at sun.nio.ch.SocketChannelImpl.checkConnect(Native Method)
	at sun.nio.ch.SocketChannelImpl.finishConnect(SocketChannelImpl.java:717)
	at org.apache.ratis.thirdparty.io.netty.channel.socket.nio.NioSocketChannel.doFinishConnect(NioSocketChannel.java:327)
	at org.apache.ratis.thirdparty.io.netty.channel.nio.AbstractNioChannel$AbstractNioUnsafe.finishConnect(AbstractNioChannel.java:340)
	at org.apache.ratis.thirdparty.io.netty.channel.nio.NioEventLoop.processSelectedKey(NioEventLoop.java:632)
	at org.apache.ratis.thirdparty.io.netty.channel.nio.NioEventLoop.processSelectedKeysOptimized(NioEventLoop.java:579)
	at org.apache.ratis.thirdparty.io.netty.channel.nio.NioEventLoop.processSelectedKeys(NioEventLoop.java:496)
	at org.apache.ratis.thirdparty.io.netty.channel.nio.NioEventLoop.run(NioEventLoop.java:458)
	at org.apache.ratis.thirdparty.io.netty.util.concurrent.SingleThreadEventExecutor$5.run(SingleThreadEventExecutor.java:897)
	at org.apache.ratis.thirdparty.io.netty.util.concurrent.FastThreadLocalRunnable.run(FastThreadLocalRunnable.java:30)
	... 1 more
Caused by: java.net.ConnectException: Connection refused
	... 11 more
2019-09-24 21:32:48,867 [cf57d365-aa31-484d-bfcc-0badfa6ed4e2@group-94AF7948C380:LeaderElection65] INFO  impl.RoleInfo (RoleInfo.java:shutdownLeaderElection(134)) - cf57d365-aa31-484d-bfcc-0badfa6ed4e2: shutdown LeaderElection
2019-09-24 21:32:48,868 [cf57d365-aa31-484d-bfcc-0badfa6ed4e2@group-94AF7948C380:LeaderElection65] INFO  impl.RaftServerImpl (RaftServerImpl.java:setRole(174)) - cf57d365-aa31-484d-bfcc-0badfa6ed4e2@group-94AF7948C380: changes role from CANDIDATE to LEADER at term 2 for changeToLeader
2019-09-24 21:32:48,868 [cf57d365-aa31-484d-bfcc-0badfa6ed4e2@group-94AF7948C380:LeaderElection65] INFO  impl.RaftServerImpl (ServerState.java:setLeader(253)) - cf57d365-aa31-484d-bfcc-0badfa6ed4e2@group-94AF7948C380: change Leader from null to cf57d365-aa31-484d-bfcc-0badfa6ed4e2 at term 2 for becomeLeader, leader elected after 41ms
2019-09-24 21:32:48,868 [cf57d365-aa31-484d-bfcc-0badfa6ed4e2@group-94AF7948C380:LeaderElection65] INFO  server.RaftServerConfigKeys (ConfUtils.java:logGet(43)) - raft.server.staging.catchup.gap = 1000 (default)
2019-09-24 21:32:48,868 [cf57d365-aa31-484d-bfcc-0badfa6ed4e2@group-94AF7948C380:LeaderElection65] INFO  server.RaftServerConfigKeys (ConfUtils.java:logGet(43)) - raft.server.rpc.sleep.time = 25ms (default)
2019-09-24 21:32:48,868 [cf57d365-aa31-484d-bfcc-0badfa6ed4e2@group-94AF7948C380:LeaderElection65] INFO  server.RaftServerConfigKeys (ConfUtils.java:logGet(43)) - raft.server.write.element-limit = 4096 (default)
2019-09-24 21:32:48,868 [cf57d365-aa31-484d-bfcc-0badfa6ed4e2@group-94AF7948C380:LeaderElection65] INFO  server.RaftServerConfigKeys (ConfUtils.java:logGet(43)) - raft.server.watch.timeout = 10s (default)
2019-09-24 21:32:48,869 [cf57d365-aa31-484d-bfcc-0badfa6ed4e2@group-94AF7948C380:LeaderElection65] INFO  server.RaftServerConfigKeys (ConfUtils.java:logGet(43)) - raft.server.watch.timeout.denomination = 1s (default)
2019-09-24 21:32:48,869 [cf57d365-aa31-484d-bfcc-0badfa6ed4e2@group-94AF7948C380:LeaderElection65] INFO  server.RaftServerConfigKeys (ConfUtils.java:logGet(43)) - raft.server.watch.element-limit = 65536 (default)
2019-09-24 21:32:48,871 [cf57d365-aa31-484d-bfcc-0badfa6ed4e2@group-94AF7948C380:LeaderElection65] INFO  server.RaftServerConfigKeys (ConfUtils.java:logGet(43)) - raft.server.log.appender.snapshot.chunk.size.max = 16MB (=16777216) (default)
2019-09-24 21:32:48,871 [cf57d365-aa31-484d-bfcc-0badfa6ed4e2@group-94AF7948C380:LeaderElection65] INFO  server.RaftServerConfigKeys (ConfUtils.java:logGet(43)) - raft.server.log.appender.buffer.byte-limit = 33554432 (custom)
2019-09-24 21:32:48,872 [cf57d365-aa31-484d-bfcc-0badfa6ed4e2@group-94AF7948C380:LeaderElection65] INFO  server.RaftServerConfigKeys (ConfUtils.java:logGet(43)) - raft.server.log.appender.buffer.element-limit = 1 (custom)
2019-09-24 21:32:48,872 [cf57d365-aa31-484d-bfcc-0badfa6ed4e2@group-94AF7948C380:LeaderElection65] INFO  grpc.GrpcConfigKeys$Server (ConfUtils.java:logGet(43)) - raft.grpc.server.leader.outstanding.appends.max = 128 (default)
2019-09-24 21:32:48,872 [cf57d365-aa31-484d-bfcc-0badfa6ed4e2@group-94AF7948C380:LeaderElection65] INFO  server.RaftServerConfigKeys (ConfUtils.java:logGet(43)) - raft.server.rpc.request.timeout = 3000ms (default)
2019-09-24 21:32:48,872 [cf57d365-aa31-484d-bfcc-0badfa6ed4e2@group-94AF7948C380:LeaderElection65] INFO  server.RaftServerConfigKeys (ConfUtils.java:logGet(43)) - raft.server.log.appender.install.snapshot.enabled = false (custom)
2019-09-24 21:32:48,872 [cf57d365-aa31-484d-bfcc-0badfa6ed4e2@group-94AF7948C380:LeaderElection65] INFO  server.RaftServerConfigKeys (ConfUtils.java:logGet(43)) - raft.server.log.appender.snapshot.chunk.size.max = 16MB (=16777216) (default)
2019-09-24 21:32:48,873 [cf57d365-aa31-484d-bfcc-0badfa6ed4e2@group-94AF7948C380:LeaderElection65] INFO  server.RaftServerConfigKeys (ConfUtils.java:logGet(43)) - raft.server.log.appender.buffer.byte-limit = 33554432 (custom)
2019-09-24 21:32:48,873 [cf57d365-aa31-484d-bfcc-0badfa6ed4e2@group-94AF7948C380:LeaderElection65] INFO  server.RaftServerConfigKeys (ConfUtils.java:logGet(43)) - raft.server.log.appender.buffer.element-limit = 1 (custom)
2019-09-24 21:32:48,873 [cf57d365-aa31-484d-bfcc-0badfa6ed4e2@group-94AF7948C380:LeaderElection65] INFO  grpc.GrpcConfigKeys$Server (ConfUtils.java:logGet(43)) - raft.grpc.server.leader.outstanding.appends.max = 128 (default)
2019-09-24 21:32:48,873 [cf57d365-aa31-484d-bfcc-0badfa6ed4e2@group-94AF7948C380:LeaderElection65] INFO  server.RaftServerConfigKeys (ConfUtils.java:logGet(43)) - raft.server.rpc.request.timeout = 3000ms (default)
2019-09-24 21:32:48,873 [cf57d365-aa31-484d-bfcc-0badfa6ed4e2@group-94AF7948C380:LeaderElection65] INFO  server.RaftServerConfigKeys (ConfUtils.java:logGet(43)) - raft.server.log.appender.install.snapshot.enabled = false (custom)
2019-09-24 21:32:48,873 [cf57d365-aa31-484d-bfcc-0badfa6ed4e2@group-94AF7948C380:LeaderElection65] INFO  impl.RoleInfo (RoleInfo.java:updateAndGet(143)) - cf57d365-aa31-484d-bfcc-0badfa6ed4e2: start LeaderState
2019-09-24 21:32:48,874 [cf57d365-aa31-484d-bfcc-0badfa6ed4e2@group-94AF7948C380:LeaderElection65] INFO  segmented.SegmentedRaftLogWorker (SegmentedRaftLogWorker.java:rollLogSegment(385)) - cf57d365-aa31-484d-bfcc-0badfa6ed4e2@group-94AF7948C380-SegmentedRaftLogWorker: Rolling segment log-0_16 to index:16
2019-09-24 21:32:48,875 [cf57d365-aa31-484d-bfcc-0badfa6ed4e2@group-94AF7948C380:LeaderElection65] INFO  impl.RaftServerImpl (ServerState.java:setRaftConf(354)) - cf57d365-aa31-484d-bfcc-0badfa6ed4e2@group-94AF7948C380: set configuration 17: [94290360-2bfe-4a93-9331-d88f7dd2d9cb:192.168.151.77:34622, 2f4dfe29-3e90-48ef-b709-7e8c2e788841:192.168.151.77:35613, cf57d365-aa31-484d-bfcc-0badfa6ed4e2:192.168.151.77:45487], old=null at 17
2019-09-24 21:32:48,875 [grpc-default-executor-7] WARN  server.GrpcLogAppender (LogUtils.java:warn(134)) - cf57d365-aa31-484d-bfcc-0badfa6ed4e2@group-94AF7948C380->94290360-2bfe-4a93-9331-d88f7dd2d9cb-AppendLogResponseHandler: Failed appendEntries: org.apache.ratis.thirdparty.io.grpc.StatusRuntimeException: UNAVAILABLE: io exception
2019-09-24 21:32:48,875 [cf57d365-aa31-484d-bfcc-0badfa6ed4e2@group-94AF7948C380-SegmentedRaftLogWorker] INFO  segmented.SegmentedRaftLogWorker (SegmentedRaftLogWorker.java:execute(526)) - cf57d365-aa31-484d-bfcc-0badfa6ed4e2@group-94AF7948C380-SegmentedRaftLogWorker: Rolled log segment from /workdir/hadoop-ozone/integration-test/target/test-dir/MiniOzoneClusterImpl-e0eb44de-bd0e-4674-8e7b-4e6e9938c619/datanode-1/data/ratis/e65f8ee6-da18-4a51-840b-94af7948c380/current/log_inprogress_0 to /workdir/hadoop-ozone/integration-test/target/test-dir/MiniOzoneClusterImpl-e0eb44de-bd0e-4674-8e7b-4e6e9938c619/datanode-1/data/ratis/e65f8ee6-da18-4a51-840b-94af7948c380/current/log_0-16
2019-09-24 21:32:48,878 [grpc-default-executor-7] INFO  impl.FollowerInfo (FollowerInfo.java:lambda$new$0(51)) - cf57d365-aa31-484d-bfcc-0badfa6ed4e2@group-94AF7948C380->94290360-2bfe-4a93-9331-d88f7dd2d9cb: nextIndex: updateUnconditionally 17 -> 1
2019-09-24 21:32:48,878 [grpc-default-executor-8] INFO  impl.RaftServerImpl (ServerState.java:setLeader(253)) - 2f4dfe29-3e90-48ef-b709-7e8c2e788841@group-94AF7948C380: change Leader from null to cf57d365-aa31-484d-bfcc-0badfa6ed4e2 at term 2 for appendEntries, leader elected after 29ms
2019-09-24 21:32:48,882 [grpc-default-executor-8] INFO  impl.RaftServerImpl (ServerState.java:setRaftConf(354)) - 2f4dfe29-3e90-48ef-b709-7e8c2e788841@group-94AF7948C380: set configuration 17: [94290360-2bfe-4a93-9331-d88f7dd2d9cb:192.168.151.77:34622, 2f4dfe29-3e90-48ef-b709-7e8c2e788841:192.168.151.77:35613, cf57d365-aa31-484d-bfcc-0badfa6ed4e2:192.168.151.77:45487], old=null at 17
2019-09-24 21:32:48,882 [grpc-default-executor-8] INFO  segmented.SegmentedRaftLogWorker (SegmentedRaftLogWorker.java:rollLogSegment(385)) - 2f4dfe29-3e90-48ef-b709-7e8c2e788841@group-94AF7948C380-SegmentedRaftLogWorker: Rolling segment log-0_16 to index:16
2019-09-24 21:32:48,882 [2f4dfe29-3e90-48ef-b709-7e8c2e788841@group-94AF7948C380-SegmentedRaftLogWorker] INFO  segmented.SegmentedRaftLogWorker (SegmentedRaftLogWorker.java:execute(526)) - 2f4dfe29-3e90-48ef-b709-7e8c2e788841@group-94AF7948C380-SegmentedRaftLogWorker: Rolled log segment from /workdir/hadoop-ozone/integration-test/target/test-dir/MiniOzoneClusterImpl-e0eb44de-bd0e-4674-8e7b-4e6e9938c619/datanode-2/data/ratis/e65f8ee6-da18-4a51-840b-94af7948c380/current/log_inprogress_0 to /workdir/hadoop-ozone/integration-test/target/test-dir/MiniOzoneClusterImpl-e0eb44de-bd0e-4674-8e7b-4e6e9938c619/datanode-2/data/ratis/e65f8ee6-da18-4a51-840b-94af7948c380/current/log_0-16
2019-09-24 21:32:48,907 [2f4dfe29-3e90-48ef-b709-7e8c2e788841@group-94AF7948C380-SegmentedRaftLogWorker] INFO  segmented.SegmentedRaftLogWorker (SegmentedRaftLogWorker.java:execute(569)) - 2f4dfe29-3e90-48ef-b709-7e8c2e788841@group-94AF7948C380-SegmentedRaftLogWorker: created new log segment /workdir/hadoop-ozone/integration-test/target/test-dir/MiniOzoneClusterImpl-e0eb44de-bd0e-4674-8e7b-4e6e9938c619/datanode-2/data/ratis/e65f8ee6-da18-4a51-840b-94af7948c380/current/log_inprogress_17
2019-09-24 21:32:48,907 [cf57d365-aa31-484d-bfcc-0badfa6ed4e2@group-94AF7948C380-SegmentedRaftLogWorker] INFO  segmented.SegmentedRaftLogWorker (SegmentedRaftLogWorker.java:execute(569)) - cf57d365-aa31-484d-bfcc-0badfa6ed4e2@group-94AF7948C380-SegmentedRaftLogWorker: created new log segment /workdir/hadoop-ozone/integration-test/target/test-dir/MiniOzoneClusterImpl-e0eb44de-bd0e-4674-8e7b-4e6e9938c619/datanode-1/data/ratis/e65f8ee6-da18-4a51-840b-94af7948c380/current/log_inprogress_17
2019-09-24 21:32:48,928 [grpc-default-executor-8] WARN  server.GrpcLogAppender (LogUtils.java:warn(134)) - cf57d365-aa31-484d-bfcc-0badfa6ed4e2@group-94AF7948C380->94290360-2bfe-4a93-9331-d88f7dd2d9cb-AppendLogResponseHandler: Failed appendEntries: org.apache.ratis.thirdparty.io.grpc.StatusRuntimeException: UNAVAILABLE: io exception
2019-09-24 21:32:48,928 [grpc-default-executor-8] INFO  impl.FollowerInfo (FollowerInfo.java:lambda$new$0(51)) - cf57d365-aa31-484d-bfcc-0badfa6ed4e2@group-94AF7948C380->94290360-2bfe-4a93-9331-d88f7dd2d9cb: nextIndex: updateUnconditionally 2 -> 1
2019-09-24 21:32:48,937 [grpc-default-executor-8] WARN  server.GrpcLogAppender (LogUtils.java:warn(134)) - cf57d365-aa31-484d-bfcc-0badfa6ed4e2@group-94AF7948C380->94290360-2bfe-4a93-9331-d88f7dd2d9cb-AppendLogResponseHandler: Failed appendEntries: org.apache.ratis.thirdparty.io.grpc.StatusRuntimeException: UNAVAILABLE: io exception
2019-09-24 21:32:48,938 [grpc-default-executor-8] INFO  impl.FollowerInfo (FollowerInfo.java:lambda$new$0(51)) - cf57d365-aa31-484d-bfcc-0badfa6ed4e2@group-94AF7948C380->94290360-2bfe-4a93-9331-d88f7dd2d9cb: nextIndex: updateUnconditionally 2 -> 1
21:32:49.359 [grpc-default-executor-8] ERROR DNAudit - user=null | ip=null | op=WRITE_CHUNK {blockData=conID: 1 locID: 102849626092535821 bcsId: 14} | ret=FAILURE
org.apache.hadoop.hdds.scm.container.common.helpers.ContainerNotOpenException: Container 1 in CLOSING state
	at org.apache.hadoop.ozone.container.common.impl.HddsDispatcher.validateContainerCommand(HddsDispatcher.java:434) ~[hadoop-hdds-container-service-0.5.0-SNAPSHOT.jar:?]
	at org.apache.hadoop.ozone.container.common.transport.server.ratis.ContainerStateMachine.startTransaction(ContainerStateMachine.java:315) ~[hadoop-hdds-container-service-0.5.0-SNAPSHOT.jar:?]
	at org.apache.ratis.server.impl.RaftServerImpl.submitClientRequestAsync(RaftServerImpl.java:573) ~[ratis-server-0.4.0.jar:0.4.0]
	at org.apache.ratis.server.impl.RaftServerProxy.lambda$submitClientRequestAsync$7(RaftServerProxy.java:333) ~[ratis-server-0.4.0.jar:0.4.0]
	at org.apache.ratis.server.impl.RaftServerProxy.lambda$null$5(RaftServerProxy.java:328) ~[ratis-server-0.4.0.jar:0.4.0]
	at org.apache.ratis.util.JavaUtils.callAsUnchecked(JavaUtils.java:109) ~[ratis-common-0.4.0.jar:0.4.0]
	at org.apache.ratis.server.impl.RaftServerProxy.lambda$submitRequest$6(RaftServerProxy.java:328) ~[ratis-server-0.4.0.jar:0.4.0]
	at java.util.concurrent.CompletableFuture.uniComposeStage(CompletableFuture.java:981) ~[?:1.8.0_212]
	at java.util.concurrent.CompletableFuture.thenCompose(CompletableFuture.java:2124) ~[?:1.8.0_212]
	at org.apache.ratis.server.impl.RaftServerProxy.submitRequest(RaftServerProxy.java:327) ~[ratis-server-0.4.0.jar:0.4.0]
	at org.apache.ratis.server.impl.RaftServerProxy.submitClientRequestAsync(RaftServerProxy.java:333) ~[ratis-server-0.4.0.jar:0.4.0]
	at org.apache.ratis.grpc.client.GrpcClientProtocolService$RequestStreamObserver.processClientRequest(GrpcClientProtocolService.java:220) ~[ratis-grpc-0.4.0.jar:0.4.0]
	at org.apache.ratis.grpc.client.GrpcClientProtocolService$OrderedRequestStreamObserver.processClientRequest(GrpcClientProtocolService.java:326) ~[ratis-grpc-0.4.0.jar:0.4.0]
	at org.apache.ratis.util.SlidingWindow$Server.processRequestsFromHead(SlidingWindow.java:429) [ratis-common-0.4.0.jar:0.4.0]
	at org.apache.ratis.util.SlidingWindow$Server.receivedRequest(SlidingWindow.java:421) [ratis-common-0.4.0.jar:0.4.0]
	at org.apache.ratis.grpc.client.GrpcClientProtocolService$OrderedRequestStreamObserver.processClientRequest(GrpcClientProtocolService.java:345) [ratis-grpc-0.4.0.jar:0.4.0]
	at org.apache.ratis.grpc.client.GrpcClientProtocolService$RequestStreamObserver.onNext(GrpcClientProtocolService.java:240) [ratis-grpc-0.4.0.jar:0.4.0]
	at org.apache.ratis.grpc.client.GrpcClientProtocolService$RequestStreamObserver.onNext(GrpcClientProtocolService.java:168) [ratis-grpc-0.4.0.jar:0.4.0]
	at org.apache.ratis.thirdparty.io.grpc.stub.ServerCalls$StreamingServerCallHandler$StreamingServerCallListener.onMessage(ServerCalls.java:248) [ratis-thirdparty-misc-0.2.0.jar:0.2.0]
	at org.apache.ratis.thirdparty.io.grpc.internal.ServerCallImpl$ServerStreamListenerImpl.messagesAvailable(ServerCallImpl.java:263) [ratis-thirdparty-misc-0.2.0.jar:0.2.0]
	at org.apache.ratis.thirdparty.io.grpc.internal.ServerImpl$JumpToApplicationThreadServerStreamListener$1MessagesAvailable.runInContext(ServerImpl.java:686) [ratis-thirdparty-misc-0.2.0.jar:0.2.0]
	at org.apache.ratis.thirdparty.io.grpc.internal.ContextRunnable.run(ContextRunnable.java:37) [ratis-thirdparty-misc-0.2.0.jar:0.2.0]
	at org.apache.ratis.thirdparty.io.grpc.internal.SerializingExecutor.run(SerializingExecutor.java:123) [ratis-thirdparty-misc-0.2.0.jar:0.2.0]
	at java.util.concurrent.ThreadPoolExecutor.runWorker(ThreadPoolExecutor.java:1149) [?:1.8.0_212]
	at java.util.concurrent.ThreadPoolExecutor$Worker.run(ThreadPoolExecutor.java:624) [?:1.8.0_212]
	at java.lang.Thread.run(Thread.java:748) [?:1.8.0_212]
21:32:49.376 [grpc-default-executor-7] ERROR DNAudit - user=null | ip=null | op=WRITE_CHUNK {blockData=conID: 1 locID: 102849626092535821 bcsId: 14} | ret=FAILURE
org.apache.hadoop.hdds.scm.container.common.helpers.ContainerNotOpenException: Container 1 in CLOSING state
	at org.apache.hadoop.ozone.container.common.impl.HddsDispatcher.validateContainerCommand(HddsDispatcher.java:434) ~[hadoop-hdds-container-service-0.5.0-SNAPSHOT.jar:?]
	at org.apache.hadoop.ozone.container.common.transport.server.ratis.ContainerStateMachine.startTransaction(ContainerStateMachine.java:315) ~[hadoop-hdds-container-service-0.5.0-SNAPSHOT.jar:?]
	at org.apache.ratis.server.impl.RaftServerImpl.submitClientRequestAsync(RaftServerImpl.java:573) ~[ratis-server-0.4.0.jar:0.4.0]
	at org.apache.ratis.server.impl.RaftServerProxy.lambda$submitClientRequestAsync$7(RaftServerProxy.java:333) ~[ratis-server-0.4.0.jar:0.4.0]
	at org.apache.ratis.server.impl.RaftServerProxy.lambda$null$5(RaftServerProxy.java:328) ~[ratis-server-0.4.0.jar:0.4.0]
	at org.apache.ratis.util.JavaUtils.callAsUnchecked(JavaUtils.java:109) ~[ratis-common-0.4.0.jar:0.4.0]
	at org.apache.ratis.server.impl.RaftServerProxy.lambda$submitRequest$6(RaftServerProxy.java:328) ~[ratis-server-0.4.0.jar:0.4.0]
	at java.util.concurrent.CompletableFuture.uniComposeStage(CompletableFuture.java:981) ~[?:1.8.0_212]
	at java.util.concurrent.CompletableFuture.thenCompose(CompletableFuture.java:2124) ~[?:1.8.0_212]
	at org.apache.ratis.server.impl.RaftServerProxy.submitRequest(RaftServerProxy.java:327) ~[ratis-server-0.4.0.jar:0.4.0]
	at org.apache.ratis.server.impl.RaftServerProxy.submitClientRequestAsync(RaftServerProxy.java:333) ~[ratis-server-0.4.0.jar:0.4.0]
	at org.apache.ratis.grpc.client.GrpcClientProtocolService$RequestStreamObserver.processClientRequest(GrpcClientProtocolService.java:220) ~[ratis-grpc-0.4.0.jar:0.4.0]
	at org.apache.ratis.grpc.client.GrpcClientProtocolService$OrderedRequestStreamObserver.processClientRequest(GrpcClientProtocolService.java:326) ~[ratis-grpc-0.4.0.jar:0.4.0]
	at org.apache.ratis.util.SlidingWindow$Server.processRequestsFromHead(SlidingWindow.java:429) [ratis-common-0.4.0.jar:0.4.0]
	at org.apache.ratis.util.SlidingWindow$Server.receivedRequest(SlidingWindow.java:421) [ratis-common-0.4.0.jar:0.4.0]
	at org.apache.ratis.grpc.client.GrpcClientProtocolService$OrderedRequestStreamObserver.processClientRequest(GrpcClientProtocolService.java:345) [ratis-grpc-0.4.0.jar:0.4.0]
	at org.apache.ratis.grpc.client.GrpcClientProtocolService$RequestStreamObserver.onNext(GrpcClientProtocolService.java:240) [ratis-grpc-0.4.0.jar:0.4.0]
	at org.apache.ratis.grpc.client.GrpcClientProtocolService$RequestStreamObserver.onNext(GrpcClientProtocolService.java:168) [ratis-grpc-0.4.0.jar:0.4.0]
	at org.apache.ratis.thirdparty.io.grpc.stub.ServerCalls$StreamingServerCallHandler$StreamingServerCallListener.onMessage(ServerCalls.java:248) [ratis-thirdparty-misc-0.2.0.jar:0.2.0]
	at org.apache.ratis.thirdparty.io.grpc.internal.ServerCallImpl$ServerStreamListenerImpl.messagesAvailable(ServerCallImpl.java:263) [ratis-thirdparty-misc-0.2.0.jar:0.2.0]
	at org.apache.ratis.thirdparty.io.grpc.internal.ServerImpl$JumpToApplicationThreadServerStreamListener$1MessagesAvailable.runInContext(ServerImpl.java:686) [ratis-thirdparty-misc-0.2.0.jar:0.2.0]
	at org.apache.ratis.thirdparty.io.grpc.internal.ContextRunnable.run(ContextRunnable.java:37) [ratis-thirdparty-misc-0.2.0.jar:0.2.0]
	at org.apache.ratis.thirdparty.io.grpc.internal.SerializingExecutor.run(SerializingExecutor.java:123) [ratis-thirdparty-misc-0.2.0.jar:0.2.0]
	at java.util.concurrent.ThreadPoolExecutor.runWorker(ThreadPoolExecutor.java:1149) [?:1.8.0_212]
	at java.util.concurrent.ThreadPoolExecutor$Worker.run(ThreadPoolExecutor.java:624) [?:1.8.0_212]
	at java.lang.Thread.run(Thread.java:748) [?:1.8.0_212]
21:32:49.378 [grpc-default-executor-7] ERROR DNAudit - user=null | ip=null | op=PUT_BLOCK {blockData=[blockId=conID: 1 locID: 102849626092535821 bcsId: 0,size=650]} | ret=FAILURE
org.apache.hadoop.hdds.scm.container.common.helpers.ContainerNotOpenException: Container 1 in CLOSING state
	at org.apache.hadoop.ozone.container.common.impl.HddsDispatcher.validateContainerCommand(HddsDispatcher.java:434) ~[hadoop-hdds-container-service-0.5.0-SNAPSHOT.jar:?]
	at org.apache.hadoop.ozone.container.common.transport.server.ratis.ContainerStateMachine.startTransaction(ContainerStateMachine.java:315) ~[hadoop-hdds-container-service-0.5.0-SNAPSHOT.jar:?]
	at org.apache.ratis.server.impl.RaftServerImpl.submitClientRequestAsync(RaftServerImpl.java:573) ~[ratis-server-0.4.0.jar:0.4.0]
	at org.apache.ratis.server.impl.RaftServerProxy.lambda$submitClientRequestAsync$7(RaftServerProxy.java:333) ~[ratis-server-0.4.0.jar:0.4.0]
	at org.apache.ratis.server.impl.RaftServerProxy.lambda$null$5(RaftServerProxy.java:328) ~[ratis-server-0.4.0.jar:0.4.0]
	at org.apache.ratis.util.JavaUtils.callAsUnchecked(JavaUtils.java:109) ~[ratis-common-0.4.0.jar:0.4.0]
	at org.apache.ratis.server.impl.RaftServerProxy.lambda$submitRequest$6(RaftServerProxy.java:328) ~[ratis-server-0.4.0.jar:0.4.0]
	at java.util.concurrent.CompletableFuture.uniComposeStage(CompletableFuture.java:981) ~[?:1.8.0_212]
	at java.util.concurrent.CompletableFuture.thenCompose(CompletableFuture.java:2124) ~[?:1.8.0_212]
	at org.apache.ratis.server.impl.RaftServerProxy.submitRequest(RaftServerProxy.java:327) ~[ratis-server-0.4.0.jar:0.4.0]
	at org.apache.ratis.server.impl.RaftServerProxy.submitClientRequestAsync(RaftServerProxy.java:333) ~[ratis-server-0.4.0.jar:0.4.0]
	at org.apache.ratis.grpc.client.GrpcClientProtocolService$RequestStreamObserver.processClientRequest(GrpcClientProtocolService.java:220) ~[ratis-grpc-0.4.0.jar:0.4.0]
	at org.apache.ratis.grpc.client.GrpcClientProtocolService$OrderedRequestStreamObserver.processClientRequest(GrpcClientProtocolService.java:326) ~[ratis-grpc-0.4.0.jar:0.4.0]
	at org.apache.ratis.util.SlidingWindow$Server.processRequestsFromHead(SlidingWindow.java:429) [ratis-common-0.4.0.jar:0.4.0]
	at org.apache.ratis.util.SlidingWindow$Server.receivedRequest(SlidingWindow.java:421) [ratis-common-0.4.0.jar:0.4.0]
	at org.apache.ratis.grpc.client.GrpcClientProtocolService$OrderedRequestStreamObserver.processClientRequest(GrpcClientProtocolService.java:345) [ratis-grpc-0.4.0.jar:0.4.0]
	at org.apache.ratis.grpc.client.GrpcClientProtocolService$RequestStreamObserver.onNext(GrpcClientProtocolService.java:240) [ratis-grpc-0.4.0.jar:0.4.0]
	at org.apache.ratis.grpc.client.GrpcClientProtocolService$RequestStreamObserver.onNext(GrpcClientProtocolService.java:168) [ratis-grpc-0.4.0.jar:0.4.0]
	at org.apache.ratis.thirdparty.io.grpc.stub.ServerCalls$StreamingServerCallHandler$StreamingServerCallListener.onMessage(ServerCalls.java:248) [ratis-thirdparty-misc-0.2.0.jar:0.2.0]
	at org.apache.ratis.thirdparty.io.grpc.internal.ServerCallImpl$ServerStreamListenerImpl.messagesAvailable(ServerCallImpl.java:263) [ratis-thirdparty-misc-0.2.0.jar:0.2.0]
	at org.apache.ratis.thirdparty.io.grpc.internal.ServerImpl$JumpToApplicationThreadServerStreamListener$1MessagesAvailable.runInContext(ServerImpl.java:686) [ratis-thirdparty-misc-0.2.0.jar:0.2.0]
	at org.apache.ratis.thirdparty.io.grpc.internal.ContextRunnable.run(ContextRunnable.java:37) [ratis-thirdparty-misc-0.2.0.jar:0.2.0]
	at org.apache.ratis.thirdparty.io.grpc.internal.SerializingExecutor.run(SerializingExecutor.java:123) [ratis-thirdparty-misc-0.2.0.jar:0.2.0]
	at java.util.concurrent.ThreadPoolExecutor.runWorker(ThreadPoolExecutor.java:1149) [?:1.8.0_212]
	at java.util.concurrent.ThreadPoolExecutor$Worker.run(ThreadPoolExecutor.java:624) [?:1.8.0_212]
	at java.lang.Thread.run(Thread.java:748) [?:1.8.0_212]
21:32:49.384 [grpc-default-executor-7] ERROR DNAudit - user=null | ip=null | op=WRITE_CHUNK {blockData=conID: 1 locID: 102849626092535821 bcsId: 14} | ret=FAILURE
org.apache.hadoop.hdds.scm.container.common.helpers.ContainerNotOpenException: Container 1 in CLOSING state
	at org.apache.hadoop.ozone.container.common.impl.HddsDispatcher.validateContainerCommand(HddsDispatcher.java:434) ~[hadoop-hdds-container-service-0.5.0-SNAPSHOT.jar:?]
	at org.apache.hadoop.ozone.container.common.transport.server.ratis.ContainerStateMachine.startTransaction(ContainerStateMachine.java:315) ~[hadoop-hdds-container-service-0.5.0-SNAPSHOT.jar:?]
	at org.apache.ratis.server.impl.RaftServerImpl.submitClientRequestAsync(RaftServerImpl.java:573) ~[ratis-server-0.4.0.jar:0.4.0]
	at org.apache.ratis.server.impl.RaftServerProxy.lambda$submitClientRequestAsync$7(RaftServerProxy.java:333) ~[ratis-server-0.4.0.jar:0.4.0]
	at org.apache.ratis.server.impl.RaftServerProxy.lambda$null$5(RaftServerProxy.java:328) ~[ratis-server-0.4.0.jar:0.4.0]
	at org.apache.ratis.util.JavaUtils.callAsUnchecked(JavaUtils.java:109) ~[ratis-common-0.4.0.jar:0.4.0]
	at org.apache.ratis.server.impl.RaftServerProxy.lambda$submitRequest$6(RaftServerProxy.java:328) ~[ratis-server-0.4.0.jar:0.4.0]
	at java.util.concurrent.CompletableFuture.uniComposeStage(CompletableFuture.java:981) ~[?:1.8.0_212]
	at java.util.concurrent.CompletableFuture.thenCompose(CompletableFuture.java:2124) ~[?:1.8.0_212]
	at org.apache.ratis.server.impl.RaftServerProxy.submitRequest(RaftServerProxy.java:327) ~[ratis-server-0.4.0.jar:0.4.0]
	at org.apache.ratis.server.impl.RaftServerProxy.submitClientRequestAsync(RaftServerProxy.java:333) ~[ratis-server-0.4.0.jar:0.4.0]
	at org.apache.ratis.grpc.client.GrpcClientProtocolService$RequestStreamObserver.processClientRequest(GrpcClientProtocolService.java:220) ~[ratis-grpc-0.4.0.jar:0.4.0]
	at org.apache.ratis.grpc.client.GrpcClientProtocolService$OrderedRequestStreamObserver.processClientRequest(GrpcClientProtocolService.java:326) ~[ratis-grpc-0.4.0.jar:0.4.0]
	at org.apache.ratis.util.SlidingWindow$Server.processRequestsFromHead(SlidingWindow.java:429) [ratis-common-0.4.0.jar:0.4.0]
	at org.apache.ratis.util.SlidingWindow$Server.receivedRequest(SlidingWindow.java:421) [ratis-common-0.4.0.jar:0.4.0]
	at org.apache.ratis.grpc.client.GrpcClientProtocolService$OrderedRequestStreamObserver.processClientRequest(GrpcClientProtocolService.java:345) [ratis-grpc-0.4.0.jar:0.4.0]
	at org.apache.ratis.grpc.client.GrpcClientProtocolService$RequestStreamObserver.onNext(GrpcClientProtocolService.java:240) [ratis-grpc-0.4.0.jar:0.4.0]
	at org.apache.ratis.grpc.client.GrpcClientProtocolService$RequestStreamObserver.onNext(GrpcClientProtocolService.java:168) [ratis-grpc-0.4.0.jar:0.4.0]
	at org.apache.ratis.thirdparty.io.grpc.stub.ServerCalls$StreamingServerCallHandler$StreamingServerCallListener.onMessage(ServerCalls.java:248) [ratis-thirdparty-misc-0.2.0.jar:0.2.0]
	at org.apache.ratis.thirdparty.io.grpc.internal.ServerCallImpl$ServerStreamListenerImpl.messagesAvailable(ServerCallImpl.java:263) [ratis-thirdparty-misc-0.2.0.jar:0.2.0]
	at org.apache.ratis.thirdparty.io.grpc.internal.ServerImpl$JumpToApplicationThreadServerStreamListener$1MessagesAvailable.runInContext(ServerImpl.java:686) [ratis-thirdparty-misc-0.2.0.jar:0.2.0]
	at org.apache.ratis.thirdparty.io.grpc.internal.ContextRunnable.run(ContextRunnable.java:37) [ratis-thirdparty-misc-0.2.0.jar:0.2.0]
	at org.apache.ratis.thirdparty.io.grpc.internal.SerializingExecutor.run(SerializingExecutor.java:123) [ratis-thirdparty-misc-0.2.0.jar:0.2.0]
	at java.util.concurrent.ThreadPoolExecutor.runWorker(ThreadPoolExecutor.java:1149) [?:1.8.0_212]
	at java.util.concurrent.ThreadPoolExecutor$Worker.run(ThreadPoolExecutor.java:624) [?:1.8.0_212]
	at java.lang.Thread.run(Thread.java:748) [?:1.8.0_212]
21:32:49.392 [grpc-default-executor-7] ERROR DNAudit - user=null | ip=null | op=WRITE_CHUNK {blockData=conID: 1 locID: 102849626092535821 bcsId: 14} | ret=FAILURE
org.apache.hadoop.hdds.scm.container.common.helpers.ContainerNotOpenException: Container 1 in CLOSING state
	at org.apache.hadoop.ozone.container.common.impl.HddsDispatcher.validateContainerCommand(HddsDispatcher.java:434) ~[hadoop-hdds-container-service-0.5.0-SNAPSHOT.jar:?]
	at org.apache.hadoop.ozone.container.common.transport.server.ratis.ContainerStateMachine.startTransaction(ContainerStateMachine.java:315) ~[hadoop-hdds-container-service-0.5.0-SNAPSHOT.jar:?]
	at org.apache.ratis.server.impl.RaftServerImpl.submitClientRequestAsync(RaftServerImpl.java:573) ~[ratis-server-0.4.0.jar:0.4.0]
	at org.apache.ratis.server.impl.RaftServerProxy.lambda$submitClientRequestAsync$7(RaftServerProxy.java:333) ~[ratis-server-0.4.0.jar:0.4.0]
	at org.apache.ratis.server.impl.RaftServerProxy.lambda$null$5(RaftServerProxy.java:328) ~[ratis-server-0.4.0.jar:0.4.0]
	at org.apache.ratis.util.JavaUtils.callAsUnchecked(JavaUtils.java:109) ~[ratis-common-0.4.0.jar:0.4.0]
	at org.apache.ratis.server.impl.RaftServerProxy.lambda$submitRequest$6(RaftServerProxy.java:328) ~[ratis-server-0.4.0.jar:0.4.0]
	at java.util.concurrent.CompletableFuture.uniComposeStage(CompletableFuture.java:981) ~[?:1.8.0_212]
	at java.util.concurrent.CompletableFuture.thenCompose(CompletableFuture.java:2124) ~[?:1.8.0_212]
	at org.apache.ratis.server.impl.RaftServerProxy.submitRequest(RaftServerProxy.java:327) ~[ratis-server-0.4.0.jar:0.4.0]
	at org.apache.ratis.server.impl.RaftServerProxy.submitClientRequestAsync(RaftServerProxy.java:333) ~[ratis-server-0.4.0.jar:0.4.0]
	at org.apache.ratis.grpc.client.GrpcClientProtocolService$RequestStreamObserver.processClientRequest(GrpcClientProtocolService.java:220) ~[ratis-grpc-0.4.0.jar:0.4.0]
	at org.apache.ratis.grpc.client.GrpcClientProtocolService$OrderedRequestStreamObserver.processClientRequest(GrpcClientProtocolService.java:326) ~[ratis-grpc-0.4.0.jar:0.4.0]
	at org.apache.ratis.util.SlidingWindow$Server.processRequestsFromHead(SlidingWindow.java:429) [ratis-common-0.4.0.jar:0.4.0]
	at org.apache.ratis.util.SlidingWindow$Server.receivedRequest(SlidingWindow.java:421) [ratis-common-0.4.0.jar:0.4.0]
	at org.apache.ratis.grpc.client.GrpcClientProtocolService$OrderedRequestStreamObserver.processClientRequest(GrpcClientProtocolService.java:345) [ratis-grpc-0.4.0.jar:0.4.0]
	at org.apache.ratis.grpc.client.GrpcClientProtocolService$RequestStreamObserver.onNext(GrpcClientProtocolService.java:240) [ratis-grpc-0.4.0.jar:0.4.0]
	at org.apache.ratis.grpc.client.GrpcClientProtocolService$RequestStreamObserver.onNext(GrpcClientProtocolService.java:168) [ratis-grpc-0.4.0.jar:0.4.0]
	at org.apache.ratis.thirdparty.io.grpc.stub.ServerCalls$StreamingServerCallHandler$StreamingServerCallListener.onMessage(ServerCalls.java:248) [ratis-thirdparty-misc-0.2.0.jar:0.2.0]
	at org.apache.ratis.thirdparty.io.grpc.internal.ServerCallImpl$ServerStreamListenerImpl.messagesAvailable(ServerCallImpl.java:263) [ratis-thirdparty-misc-0.2.0.jar:0.2.0]
	at org.apache.ratis.thirdparty.io.grpc.internal.ServerImpl$JumpToApplicationThreadServerStreamListener$1MessagesAvailable.runInContext(ServerImpl.java:686) [ratis-thirdparty-misc-0.2.0.jar:0.2.0]
	at org.apache.ratis.thirdparty.io.grpc.internal.ContextRunnable.run(ContextRunnable.java:37) [ratis-thirdparty-misc-0.2.0.jar:0.2.0]
	at org.apache.ratis.thirdparty.io.grpc.internal.SerializingExecutor.run(SerializingExecutor.java:123) [ratis-thirdparty-misc-0.2.0.jar:0.2.0]
	at java.util.concurrent.ThreadPoolExecutor.runWorker(ThreadPoolExecutor.java:1149) [?:1.8.0_212]
	at java.util.concurrent.ThreadPoolExecutor$Worker.run(ThreadPoolExecutor.java:624) [?:1.8.0_212]
	at java.lang.Thread.run(Thread.java:748) [?:1.8.0_212]
21:32:49.394 [grpc-default-executor-7] ERROR DNAudit - user=null | ip=null | op=PUT_BLOCK {blockData=[blockId=conID: 1 locID: 102849626092535821 bcsId: 0,size=800]} | ret=FAILURE
org.apache.hadoop.hdds.scm.container.common.helpers.ContainerNotOpenException: Container 1 in CLOSING state
	at org.apache.hadoop.ozone.container.common.impl.HddsDispatcher.validateContainerCommand(HddsDispatcher.java:434) ~[hadoop-hdds-container-service-0.5.0-SNAPSHOT.jar:?]
	at org.apache.hadoop.ozone.container.common.transport.server.ratis.ContainerStateMachine.startTransaction(ContainerStateMachine.java:315) ~[hadoop-hdds-container-service-0.5.0-SNAPSHOT.jar:?]
	at org.apache.ratis.server.impl.RaftServerImpl.submitClientRequestAsync(RaftServerImpl.java:573) ~[ratis-server-0.4.0.jar:0.4.0]
	at org.apache.ratis.server.impl.RaftServerProxy.lambda$submitClientRequestAsync$7(RaftServerProxy.java:333) ~[ratis-server-0.4.0.jar:0.4.0]
	at org.apache.ratis.server.impl.RaftServerProxy.lambda$null$5(RaftServerProxy.java:328) ~[ratis-server-0.4.0.jar:0.4.0]
	at org.apache.ratis.util.JavaUtils.callAsUnchecked(JavaUtils.java:109) ~[ratis-common-0.4.0.jar:0.4.0]
	at org.apache.ratis.server.impl.RaftServerProxy.lambda$submitRequest$6(RaftServerProxy.java:328) ~[ratis-server-0.4.0.jar:0.4.0]
	at java.util.concurrent.CompletableFuture.uniComposeStage(CompletableFuture.java:981) ~[?:1.8.0_212]
	at java.util.concurrent.CompletableFuture.thenCompose(CompletableFuture.java:2124) ~[?:1.8.0_212]
	at org.apache.ratis.server.impl.RaftServerProxy.submitRequest(RaftServerProxy.java:327) ~[ratis-server-0.4.0.jar:0.4.0]
	at org.apache.ratis.server.impl.RaftServerProxy.submitClientRequestAsync(RaftServerProxy.java:333) ~[ratis-server-0.4.0.jar:0.4.0]
	at org.apache.ratis.grpc.client.GrpcClientProtocolService$RequestStreamObserver.processClientRequest(GrpcClientProtocolService.java:220) ~[ratis-grpc-0.4.0.jar:0.4.0]
	at org.apache.ratis.grpc.client.GrpcClientProtocolService$OrderedRequestStreamObserver.processClientRequest(GrpcClientProtocolService.java:326) ~[ratis-grpc-0.4.0.jar:0.4.0]
	at org.apache.ratis.util.SlidingWindow$Server.processRequestsFromHead(SlidingWindow.java:429) [ratis-common-0.4.0.jar:0.4.0]
	at org.apache.ratis.util.SlidingWindow$Server.receivedRequest(SlidingWindow.java:421) [ratis-common-0.4.0.jar:0.4.0]
	at org.apache.ratis.grpc.client.GrpcClientProtocolService$OrderedRequestStreamObserver.processClientRequest(GrpcClientProtocolService.java:345) [ratis-grpc-0.4.0.jar:0.4.0]
	at org.apache.ratis.grpc.client.GrpcClientProtocolService$RequestStreamObserver.onNext(GrpcClientProtocolService.java:240) [ratis-grpc-0.4.0.jar:0.4.0]
	at org.apache.ratis.grpc.client.GrpcClientProtocolService$RequestStreamObserver.onNext(GrpcClientProtocolService.java:168) [ratis-grpc-0.4.0.jar:0.4.0]
	at org.apache.ratis.thirdparty.io.grpc.stub.ServerCalls$StreamingServerCallHandler$StreamingServerCallListener.onMessage(ServerCalls.java:248) [ratis-thirdparty-misc-0.2.0.jar:0.2.0]
	at org.apache.ratis.thirdparty.io.grpc.internal.ServerCallImpl$ServerStreamListenerImpl.messagesAvailable(ServerCallImpl.java:263) [ratis-thirdparty-misc-0.2.0.jar:0.2.0]
	at org.apache.ratis.thirdparty.io.grpc.internal.ServerImpl$JumpToApplicationThreadServerStreamListener$1MessagesAvailable.runInContext(ServerImpl.java:686) [ratis-thirdparty-misc-0.2.0.jar:0.2.0]
	at org.apache.ratis.thirdparty.io.grpc.internal.ContextRunnable.run(ContextRunnable.java:37) [ratis-thirdparty-misc-0.2.0.jar:0.2.0]
	at org.apache.ratis.thirdparty.io.grpc.internal.SerializingExecutor.run(SerializingExecutor.java:123) [ratis-thirdparty-misc-0.2.0.jar:0.2.0]
	at java.util.concurrent.ThreadPoolExecutor.runWorker(ThreadPoolExecutor.java:1149) [?:1.8.0_212]
	at java.util.concurrent.ThreadPoolExecutor$Worker.run(ThreadPoolExecutor.java:624) [?:1.8.0_212]
	at java.lang.Thread.run(Thread.java:748) [?:1.8.0_212]
2019-09-24 21:32:49,751 [main] INFO  ozone.MiniOzoneClusterImpl (MiniOzoneClusterImpl.java:shutdown(314)) - Shutting down the Mini Ozone Cluster
2019-09-24 21:32:49,752 [main] INFO  ozone.MiniOzoneClusterImpl (MiniOzoneClusterImpl.java:stop(330)) - Stopping the Mini Ozone Cluster
2019-09-24 21:32:49,752 [main] INFO  ozone.MiniOzoneClusterImpl (MiniOzoneClusterImpl.java:stopOM(400)) - Stopping the OzoneManager
2019-09-24 21:32:49,752 [main] INFO  ipc.Server (Server.java:stop(3082)) - Stopping server on 38389
2019-09-24 21:32:49,758 [IPC Server listener on 38389] INFO  ipc.Server (Server.java:run(1185)) - Stopping IPC Server listener on 38389
2019-09-24 21:32:49,758 [main] INFO  ratis.OzoneManagerDoubleBuffer (OzoneManagerDoubleBuffer.java:stop(248)) - Stopping OMDoubleBuffer flush thread
2019-09-24 21:32:49,760 [IPC Server Responder] INFO  ipc.Server (Server.java:run(1319)) - Stopping IPC Server Responder
2019-09-24 21:32:49,764 [OMDoubleBufferFlushThread] INFO  ratis.OzoneManagerDoubleBuffer (OzoneManagerDoubleBuffer.java:flushTransactions(191)) - OMDoubleBuffer flush thread OMDoubleBufferFlushThread is interrupted and will exit. OMDoubleBufferFlushThread
2019-09-24 21:32:49,782 [main] INFO  utils.BackgroundService (BackgroundService.java:shutdown(148)) - Shutting down service KeyDeletingService
2019-09-24 21:32:49,784 [main] INFO  handler.ContextHandler (ContextHandler.java:doStop(910)) - Stopped o.e.j.w.WebAppContext@5a7b309b{/,null,UNAVAILABLE}{/ozoneManager}
2019-09-24 21:32:49,785 [main] INFO  server.AbstractConnector (AbstractConnector.java:doStop(318)) - Stopped ServerConnector@4602f874{HTTP/1.1,[http/1.1]}{0.0.0.0:0}
2019-09-24 21:32:49,785 [main] INFO  handler.ContextHandler (ContextHandler.java:doStop(910)) - Stopped o.e.j.s.ServletContextHandler@4f235107{/static,file:///workdir/hadoop-ozone/integration-test/target/test-classes/webapps/static,UNAVAILABLE}
2019-09-24 21:32:49,786 [main] INFO  handler.ContextHandler (ContextHandler.java:doStop(910)) - Stopped o.e.j.s.ServletContextHandler@787988f4{/logs,file:///workdir/hadoop-ozone/integration-test/target/log,UNAVAILABLE}
2019-09-24 21:32:49,789 [main] INFO  ozone.MiniOzoneClusterImpl (MiniOzoneClusterImpl.java:stopDatanodes(377)) - Stopping the HddsDatanodes
2019-09-24 21:32:49,966 [Datanode State Machine Thread - 0] INFO  statemachine.DatanodeStateMachine (DatanodeStateMachine.java:lambda$startDaemon$0(350)) - Ozone container server started.
2019-09-24 21:32:50,520 [Datanode State Machine Thread - 0] INFO  statemachine.DatanodeStateMachine (DatanodeStateMachine.java:lambda$startDaemon$0(350)) - Ozone container server started.
2019-09-24 21:32:51,439 [grpc-default-executor-2] WARN  server.GrpcLogAppender (LogUtils.java:warn(134)) - cf57d365-aa31-484d-bfcc-0badfa6ed4e2@group-94AF7948C380->94290360-2bfe-4a93-9331-d88f7dd2d9cb-AppendLogResponseHandler: Failed appendEntries: org.apache.ratis.thirdparty.io.grpc.StatusRuntimeException: UNAVAILABLE: io exception
2019-09-24 21:32:51,439 [grpc-default-executor-2] INFO  impl.FollowerInfo (FollowerInfo.java:lambda$new$0(51)) - cf57d365-aa31-484d-bfcc-0badfa6ed4e2@group-94AF7948C380->94290360-2bfe-4a93-9331-d88f7dd2d9cb: nextIndex: updateUnconditionally 1 -> 0
2019-09-24 21:32:53,943 [grpc-default-executor-8] WARN  server.GrpcLogAppender (LogUtils.java:warn(134)) - cf57d365-aa31-484d-bfcc-0badfa6ed4e2@group-94AF7948C380->94290360-2bfe-4a93-9331-d88f7dd2d9cb-AppendLogResponseHandler: Failed appendEntries: org.apache.ratis.thirdparty.io.grpc.StatusRuntimeException: UNAVAILABLE: io exception
2019-09-24 21:32:53,944 [grpc-default-executor-8] INFO  impl.FollowerInfo (FollowerInfo.java:lambda$new$0(51)) - cf57d365-aa31-484d-bfcc-0badfa6ed4e2@group-94AF7948C380->94290360-2bfe-4a93-9331-d88f7dd2d9cb: nextIndex: updateUnconditionally 0 -> 0
2019-09-24 21:32:54,020 [EventQueue-StaleNodeForStaleNodeHandler] INFO  node.StaleNodeHandler (StaleNodeHandler.java:onMessage(58)) - Datanode cf57d365-aa31-484d-bfcc-0badfa6ed4e2{ip: 192.168.151.77, host: pr-hdds-2149-mjjcq-3576968246, networkLocation: /default-rack, certSerialId: null} moved to stale state. Finalizing its pipelines [PipelineID=c3d2a1d5-fe79-47ee-bf90-4164157d19b8, PipelineID=e65f8ee6-da18-4a51-840b-94af7948c380]
2019-09-24 21:32:54,021 [EventQueue-StaleNodeForStaleNodeHandler] INFO  pipeline.SCMPipelineManager (SCMPipelineManager.java:finalizeAndDestroyPipeline(315)) - destroying pipeline:Pipeline[ Id: c3d2a1d5-fe79-47ee-bf90-4164157d19b8, Nodes: cf57d365-aa31-484d-bfcc-0badfa6ed4e2{ip: 192.168.151.77, host: pr-hdds-2149-mjjcq-3576968246, networkLocation: /default-rack, certSerialId: null}, Type:RATIS, Factor:ONE, State:OPEN]
2019-09-24 21:32:54,021 [EventQueue-StaleNodeForStaleNodeHandler] INFO  pipeline.PipelineStateManager (PipelineStateManager.java:finalizePipeline(123)) - Pipeline Pipeline[ Id: c3d2a1d5-fe79-47ee-bf90-4164157d19b8, Nodes: cf57d365-aa31-484d-bfcc-0badfa6ed4e2{ip: 192.168.151.77, host: pr-hdds-2149-mjjcq-3576968246, networkLocation: /default-rack, certSerialId: null}, Type:RATIS, Factor:ONE, State:CLOSED] moved to CLOSED state
2019-09-24 21:32:54,022 [EventQueue-StaleNodeForStaleNodeHandler] INFO  pipeline.SCMPipelineManager (SCMPipelineManager.java:finalizeAndDestroyPipeline(315)) - destroying pipeline:Pipeline[ Id: e65f8ee6-da18-4a51-840b-94af7948c380, Nodes: 94290360-2bfe-4a93-9331-d88f7dd2d9cb{ip: 192.168.151.77, host: pr-hdds-2149-mjjcq-3576968246, networkLocation: /default-rack, certSerialId: null}cf57d365-aa31-484d-bfcc-0badfa6ed4e2{ip: 192.168.151.77, host: pr-hdds-2149-mjjcq-3576968246, networkLocation: /default-rack, certSerialId: null}2f4dfe29-3e90-48ef-b709-7e8c2e788841{ip: 192.168.151.77, host: pr-hdds-2149-mjjcq-3576968246, networkLocation: /default-rack, certSerialId: null}, Type:RATIS, Factor:THREE, State:CLOSED]
2019-09-24 21:32:54,521 [EventQueue-StaleNodeForStaleNodeHandler] INFO  node.StaleNodeHandler (StaleNodeHandler.java:onMessage(58)) - Datanode d453428c-5e82-4581-a2cd-536e0cfe17bd{ip: 192.168.151.77, host: pr-hdds-2149-mjjcq-3576968246, networkLocation: /default-rack, certSerialId: null} moved to stale state. Finalizing its pipelines [PipelineID=24872ad7-c88d-44bd-bf03-fb80741e3bab]
2019-09-24 21:32:54,521 [EventQueue-StaleNodeForStaleNodeHandler] INFO  pipeline.SCMPipelineManager (SCMPipelineManager.java:finalizeAndDestroyPipeline(315)) - destroying pipeline:Pipeline[ Id: 24872ad7-c88d-44bd-bf03-fb80741e3bab, Nodes: d453428c-5e82-4581-a2cd-536e0cfe17bd{ip: 192.168.151.77, host: pr-hdds-2149-mjjcq-3576968246, networkLocation: /default-rack, certSerialId: null}, Type:RATIS, Factor:ONE, State:OPEN]
2019-09-24 21:32:54,521 [EventQueue-StaleNodeForStaleNodeHandler] INFO  pipeline.PipelineStateManager (PipelineStateManager.java:finalizePipeline(123)) - Pipeline Pipeline[ Id: 24872ad7-c88d-44bd-bf03-fb80741e3bab, Nodes: d453428c-5e82-4581-a2cd-536e0cfe17bd{ip: 192.168.151.77, host: pr-hdds-2149-mjjcq-3576968246, networkLocation: /default-rack, certSerialId: null}, Type:RATIS, Factor:ONE, State:CLOSED] moved to CLOSED state
2019-09-24 21:32:54,790 [main] INFO  ozoneimpl.OzoneContainer (OzoneContainer.java:stop(231)) - Attempting to stop container services.
2019-09-24 21:32:54,790 [ForkJoinPool.commonPool-worker-1] INFO  ozoneimpl.OzoneContainer (OzoneContainer.java:stop(231)) - Attempting to stop container services.
2019-09-24 21:32:54,794 [main] INFO  impl.RaftServerProxy (RaftServerProxy.java:lambda$close$4(314)) - d453428c-5e82-4581-a2cd-536e0cfe17bd: close
2019-09-24 21:32:54,794 [ForkJoinPool.commonPool-worker-1] INFO  impl.RaftServerProxy (RaftServerProxy.java:lambda$close$4(314)) - cf57d365-aa31-484d-bfcc-0badfa6ed4e2: close
2019-09-24 21:32:54,795 [main] INFO  impl.RaftServerImpl (RaftServerImpl.java:lambda$shutdown$3(251)) - d453428c-5e82-4581-a2cd-536e0cfe17bd@group-FB80741E3BAB: shutdown
2019-09-24 21:32:54,795 [ForkJoinPool.commonPool-worker-1] INFO  impl.RaftServerImpl (RaftServerImpl.java:lambda$shutdown$3(251)) - cf57d365-aa31-484d-bfcc-0badfa6ed4e2@group-4164157D19B8: shutdown
2019-09-24 21:32:54,795 [main] INFO  util.JmxRegister (JmxRegister.java:unregister(73)) - Successfully un-registered JMX Bean with object name Ratis:service=RaftServer,group=group-FB80741E3BAB,id=d453428c-5e82-4581-a2cd-536e0cfe17bd
2019-09-24 21:32:54,795 [ForkJoinPool.commonPool-worker-1] INFO  util.JmxRegister (JmxRegister.java:unregister(73)) - Successfully un-registered JMX Bean with object name Ratis:service=RaftServer,group=group-4164157D19B8,id=cf57d365-aa31-484d-bfcc-0badfa6ed4e2
2019-09-24 21:32:54,796 [main] INFO  impl.RoleInfo (RoleInfo.java:shutdownLeaderState(104)) - d453428c-5e82-4581-a2cd-536e0cfe17bd: shutdown LeaderState
2019-09-24 21:32:54,796 [ForkJoinPool.commonPool-worker-1] INFO  impl.RoleInfo (RoleInfo.java:shutdownLeaderState(104)) - cf57d365-aa31-484d-bfcc-0badfa6ed4e2: shutdown LeaderState
2019-09-24 21:32:54,796 [main] INFO  impl.PendingRequests (PendingRequests.java:sendNotLeaderResponses(202)) - d453428c-5e82-4581-a2cd-536e0cfe17bd-PendingRequests: sendNotLeaderResponses
2019-09-24 21:32:54,797 [ForkJoinPool.commonPool-worker-1] INFO  impl.PendingRequests (PendingRequests.java:sendNotLeaderResponses(202)) - cf57d365-aa31-484d-bfcc-0badfa6ed4e2-PendingRequests: sendNotLeaderResponses
2019-09-24 21:32:54,797 [ForkJoinPool.commonPool-worker-1] INFO  impl.StateMachineUpdater (StateMachineUpdater.java:stopAndJoin(125)) - cf57d365-aa31-484d-bfcc-0badfa6ed4e2@group-4164157D19B8-StateMachineUpdater: set stopIndex = 0
2019-09-24 21:32:54,797 [main] INFO  impl.StateMachineUpdater (StateMachineUpdater.java:stopAndJoin(125)) - d453428c-5e82-4581-a2cd-536e0cfe17bd@group-FB80741E3BAB-StateMachineUpdater: set stopIndex = 0
2019-09-24 21:32:54,798 [ForkJoinPool.commonPool-worker-1] INFO  impl.RaftServerImpl (ServerState.java:close(385)) - cf57d365-aa31-484d-bfcc-0badfa6ed4e2@group-4164157D19B8: closes. applyIndex: 0
2019-09-24 21:32:54,798 [main] INFO  impl.RaftServerImpl (ServerState.java:close(385)) - d453428c-5e82-4581-a2cd-536e0cfe17bd@group-FB80741E3BAB: closes. applyIndex: 0
2019-09-24 21:32:54,798 [cf57d365-aa31-484d-bfcc-0badfa6ed4e2@group-4164157D19B8-SegmentedRaftLogWorker] INFO  segmented.SegmentedRaftLogWorker (SegmentedRaftLogWorker.java:run(313)) - cf57d365-aa31-484d-bfcc-0badfa6ed4e2@group-4164157D19B8-SegmentedRaftLogWorker was interrupted, exiting. There are 0 tasks remaining in the queue.
2019-09-24 21:32:54,799 [d453428c-5e82-4581-a2cd-536e0cfe17bd@group-FB80741E3BAB-SegmentedRaftLogWorker] INFO  segmented.SegmentedRaftLogWorker (SegmentedRaftLogWorker.java:run(313)) - d453428c-5e82-4581-a2cd-536e0cfe17bd@group-FB80741E3BAB-SegmentedRaftLogWorker was interrupted, exiting. There are 0 tasks remaining in the queue.
2019-09-24 21:32:54,801 [ForkJoinPool.commonPool-worker-1] INFO  segmented.SegmentedRaftLogWorker (SegmentedRaftLogWorker.java:close(228)) - cf57d365-aa31-484d-bfcc-0badfa6ed4e2@group-4164157D19B8-SegmentedRaftLogWorker close()
2019-09-24 21:32:54,801 [main] INFO  segmented.SegmentedRaftLogWorker (SegmentedRaftLogWorker.java:close(228)) - d453428c-5e82-4581-a2cd-536e0cfe17bd@group-FB80741E3BAB-SegmentedRaftLogWorker close()
2019-09-24 21:32:54,806 [ForkJoinPool.commonPool-worker-1] INFO  impl.RaftServerImpl (RaftServerImpl.java:lambda$shutdown$3(251)) - cf57d365-aa31-484d-bfcc-0badfa6ed4e2@group-94AF7948C380: shutdown
2019-09-24 21:32:54,811 [main] INFO  server.GrpcService (GrpcService.java:closeImpl(164)) - d453428c-5e82-4581-a2cd-536e0cfe17bd: shutdown server with port 43251 now
2019-09-24 21:32:54,811 [ForkJoinPool.commonPool-worker-1] INFO  util.JmxRegister (JmxRegister.java:unregister(73)) - Successfully un-registered JMX Bean with object name Ratis:service=RaftServer,group=group-94AF7948C380,id=cf57d365-aa31-484d-bfcc-0badfa6ed4e2
2019-09-24 21:32:54,812 [ForkJoinPool.commonPool-worker-1] INFO  impl.RoleInfo (RoleInfo.java:shutdownLeaderState(104)) - cf57d365-aa31-484d-bfcc-0badfa6ed4e2: shutdown LeaderState
2019-09-24 21:32:54,812 [main] INFO  server.GrpcService (GrpcService.java:closeImpl(172)) - d453428c-5e82-4581-a2cd-536e0cfe17bd: shutdown server with port 43251 successfully
2019-09-24 21:32:54,816 [org.apache.ratis.server.impl.LogAppender$AppenderDaemon$$Lambda$507/2140265723@61698553] WARN  server.GrpcLogAppender (GrpcLogAppender.java:mayWait(143)) - cf57d365-aa31-484d-bfcc-0badfa6ed4e2@group-94AF7948C380->94290360-2bfe-4a93-9331-d88f7dd2d9cb-GrpcLogAppender: Wait interrupted by java.lang.InterruptedException
2019-09-24 21:32:54,816 [org.apache.ratis.server.impl.LogAppender$AppenderDaemon$$Lambda$507/2140265723@7eea5893] WARN  server.GrpcLogAppender (GrpcLogAppender.java:mayWait(143)) - cf57d365-aa31-484d-bfcc-0badfa6ed4e2@group-94AF7948C380->2f4dfe29-3e90-48ef-b709-7e8c2e788841-GrpcLogAppender: Wait interrupted by java.lang.InterruptedException
2019-09-24 21:32:54,816 [ForkJoinPool.commonPool-worker-1] INFO  impl.PendingRequests (PendingRequests.java:sendNotLeaderResponses(202)) - cf57d365-aa31-484d-bfcc-0badfa6ed4e2-PendingRequests: sendNotLeaderResponses
2019-09-24 21:32:54,817 [grpc-default-executor-8] INFO  server.GrpcServerProtocolService (GrpcServerProtocolService.java:onCompleted(113)) - 2f4dfe29-3e90-48ef-b709-7e8c2e788841: Completed APPEND_ENTRIES, lastRequest: cf57d365-aa31-484d-bfcc-0badfa6ed4e2->2f4dfe29-3e90-48ef-b709-7e8c2e788841#4-t2, previous=(t:2, i:18), leaderCommit=18, initializing? false, entries: <empty>
2019-09-24 21:32:54,822 [ForkJoinPool.commonPool-worker-1] INFO  impl.StateMachineUpdater (StateMachineUpdater.java:stopAndJoin(125)) - cf57d365-aa31-484d-bfcc-0badfa6ed4e2@group-94AF7948C380-StateMachineUpdater: set stopIndex = 18
2019-09-24 21:32:54,822 [cf57d365-aa31-484d-bfcc-0badfa6ed4e2@group-94AF7948C380-StateMachineUpdater] INFO  ratis.ContainerStateMachine (ContainerStateMachine.java:takeSnapshot(289)) - group-94AF7948C380: Taking a snapshot at:(t:1, i:14) file /workdir/hadoop-ozone/integration-test/target/test-dir/MiniOzoneClusterImpl-e0eb44de-bd0e-4674-8e7b-4e6e9938c619/datanode-1/data/ratis/e65f8ee6-da18-4a51-840b-94af7948c380/sm/snapshot.1_14
2019-09-24 21:32:54,824 [grpc-default-executor-8] INFO  server.GrpcLogAppender (GrpcLogAppender.java:onCompleted(293)) - cf57d365-aa31-484d-bfcc-0badfa6ed4e2@group-94AF7948C380->2f4dfe29-3e90-48ef-b709-7e8c2e788841-AppendLogResponseHandler: follower responses appendEntries COMPLETED
2019-09-24 21:32:54,825 [grpc-default-executor-8] INFO  impl.FollowerInfo (FollowerInfo.java:lambda$new$0(51)) - cf57d365-aa31-484d-bfcc-0badfa6ed4e2@group-94AF7948C380->2f4dfe29-3e90-48ef-b709-7e8c2e788841: nextIndex: updateUnconditionally 19 -> 18
2019-09-24 21:32:54,825 [refreshUsed-/workdir/hadoop-ozone/integration-test/target/test-dir/MiniOzoneClusterImpl-e0eb44de-bd0e-4674-8e7b-4e6e9938c619/datanode-4/data/containers] WARN  fs.CachingGetSpaceUsed (CachingGetSpaceUsed.java:run(183)) - Thread Interrupted waiting to refresh disk information: sleep interrupted
2019-09-24 21:32:54,836 [cf57d365-aa31-484d-bfcc-0badfa6ed4e2@group-94AF7948C380-StateMachineUpdater] INFO  ratis.ContainerStateMachine (ContainerStateMachine.java:takeSnapshot(300)) - group-94AF7948C380: Finished taking a snapshot at:(t:1, i:14) file:/workdir/hadoop-ozone/integration-test/target/test-dir/MiniOzoneClusterImpl-e0eb44de-bd0e-4674-8e7b-4e6e9938c619/datanode-1/data/ratis/e65f8ee6-da18-4a51-840b-94af7948c380/sm/snapshot.1_14 time:13
2019-09-24 21:32:54,836 [cf57d365-aa31-484d-bfcc-0badfa6ed4e2@group-94AF7948C380-StateMachineUpdater] INFO  impl.StateMachineUpdater (StateMachineUpdater.java:takeSnapshot(258)) - cf57d365-aa31-484d-bfcc-0badfa6ed4e2@group-94AF7948C380-StateMachineUpdater: Took a snapshot at index 14
2019-09-24 21:32:54,836 [cf57d365-aa31-484d-bfcc-0badfa6ed4e2@group-94AF7948C380-StateMachineUpdater] INFO  impl.StateMachineUpdater (StateMachineUpdater.java:lambda$new$0(83)) - cf57d365-aa31-484d-bfcc-0badfa6ed4e2@group-94AF7948C380-StateMachineUpdater: snapshotIndex: updateIncreasingly -1 -> 14
2019-09-24 21:32:54,837 [cf57d365-aa31-484d-bfcc-0badfa6ed4e2@group-94AF7948C380-StateMachineUpdater] INFO  ratis.ContainerStateMachine (ContainerStateMachine.java:takeSnapshot(289)) - group-94AF7948C380: Taking a snapshot at:(t:1, i:14) file /workdir/hadoop-ozone/integration-test/target/test-dir/MiniOzoneClusterImpl-e0eb44de-bd0e-4674-8e7b-4e6e9938c619/datanode-1/data/ratis/e65f8ee6-da18-4a51-840b-94af7948c380/sm/snapshot.1_14
2019-09-24 21:32:54,843 [main] INFO  utils.BackgroundService (BackgroundService.java:shutdown(148)) - Shutting down service BlockDeletingService
2019-09-24 21:32:54,849 [main] INFO  statemachine.DatanodeStateMachine (DatanodeStateMachine.java:stopDaemon(395)) - Ozone container server stopped.
2019-09-24 21:32:54,849 [cf57d365-aa31-484d-bfcc-0badfa6ed4e2@group-94AF7948C380-StateMachineUpdater] INFO  ratis.ContainerStateMachine (ContainerStateMachine.java:takeSnapshot(300)) - group-94AF7948C380: Finished taking a snapshot at:(t:1, i:14) file:/workdir/hadoop-ozone/integration-test/target/test-dir/MiniOzoneClusterImpl-e0eb44de-bd0e-4674-8e7b-4e6e9938c619/datanode-1/data/ratis/e65f8ee6-da18-4a51-840b-94af7948c380/sm/snapshot.1_14 time:12
2019-09-24 21:32:54,850 [cf57d365-aa31-484d-bfcc-0badfa6ed4e2@group-94AF7948C380-StateMachineUpdater] INFO  impl.StateMachineUpdater (StateMachineUpdater.java:takeSnapshot(258)) - cf57d365-aa31-484d-bfcc-0badfa6ed4e2@group-94AF7948C380-StateMachineUpdater: Took a snapshot at index 14
2019-09-24 21:32:54,850 [cf57d365-aa31-484d-bfcc-0badfa6ed4e2@group-94AF7948C380-StateMachineUpdater] INFO  impl.StateMachineUpdater (StateMachineUpdater.java:lambda$new$0(83)) - cf57d365-aa31-484d-bfcc-0badfa6ed4e2@group-94AF7948C380-StateMachineUpdater: snapshotIndex: updateIncreasingly 14 -> 14
2019-09-24 21:32:54,850 [ForkJoinPool.commonPool-worker-1] INFO  impl.RaftServerImpl (ServerState.java:close(385)) - cf57d365-aa31-484d-bfcc-0badfa6ed4e2@group-94AF7948C380: closes. applyIndex: 18
2019-09-24 21:32:54,850 [cf57d365-aa31-484d-bfcc-0badfa6ed4e2@group-94AF7948C380-SegmentedRaftLogWorker] INFO  segmented.SegmentedRaftLogWorker (SegmentedRaftLogWorker.java:run(313)) - cf57d365-aa31-484d-bfcc-0badfa6ed4e2@group-94AF7948C380-SegmentedRaftLogWorker was interrupted, exiting. There are 0 tasks remaining in the queue.
2019-09-24 21:32:54,850 [main] INFO  handler.ContextHandler (ContextHandler.java:doStop(910)) - Stopped o.e.j.w.WebAppContext@6f3bd37f{/,null,UNAVAILABLE}{/hddsDatanode}
2019-09-24 21:32:54,852 [ForkJoinPool.commonPool-worker-1] INFO  segmented.SegmentedRaftLogWorker (SegmentedRaftLogWorker.java:close(228)) - cf57d365-aa31-484d-bfcc-0badfa6ed4e2@group-94AF7948C380-SegmentedRaftLogWorker close()
2019-09-24 21:32:54,856 [ForkJoinPool.commonPool-worker-1] INFO  server.GrpcService (GrpcService.java:closeImpl(164)) - cf57d365-aa31-484d-bfcc-0badfa6ed4e2: shutdown server with port 45487 now
2019-09-24 21:32:54,856 [main] INFO  server.AbstractConnector (AbstractConnector.java:doStop(318)) - Stopped ServerConnector@403364e9{HTTP/1.1,[http/1.1]}{0.0.0.0:0}
2019-09-24 21:32:54,856 [ForkJoinPool.commonPool-worker-1] INFO  server.GrpcService (GrpcService.java:closeImpl(172)) - cf57d365-aa31-484d-bfcc-0badfa6ed4e2: shutdown server with port 45487 successfully
2019-09-24 21:32:54,857 [main] INFO  handler.ContextHandler (ContextHandler.java:doStop(910)) - Stopped o.e.j.s.ServletContextHandler@13192275{/static,jar:file:/home/user/.m2/repository/org/apache/hadoop/hadoop-hdds-container-service/0.5.0-SNAPSHOT/hadoop-hdds-container-service-0.5.0-SNAPSHOT.jar!/webapps/static,UNAVAILABLE}
2019-09-24 21:32:54,857 [main] INFO  handler.ContextHandler (ContextHandler.java:doStop(910)) - Stopped o.e.j.s.ServletContextHandler@5384ce66{/logs,file:///workdir/hadoop-ozone/integration-test/target/log,UNAVAILABLE}
2019-09-24 21:32:54,859 [refreshUsed-/workdir/hadoop-ozone/integration-test/target/test-dir/MiniOzoneClusterImpl-e0eb44de-bd0e-4674-8e7b-4e6e9938c619/datanode-1/data/containers] WARN  fs.CachingGetSpaceUsed (CachingGetSpaceUsed.java:run(183)) - Thread Interrupted waiting to refresh disk information: sleep interrupted
2019-09-24 21:32:54,869 [ForkJoinPool.commonPool-worker-1] INFO  utils.BackgroundService (BackgroundService.java:shutdown(148)) - Shutting down service BlockDeletingService
2019-09-24 21:32:54,873 [ForkJoinPool.commonPool-worker-1] INFO  statemachine.DatanodeStateMachine (DatanodeStateMachine.java:stopDaemon(395)) - Ozone container server stopped.
2019-09-24 21:32:54,877 [ForkJoinPool.commonPool-worker-1] INFO  handler.ContextHandler (ContextHandler.java:doStop(910)) - Stopped o.e.j.w.WebAppContext@794240e2{/,null,UNAVAILABLE}{/hddsDatanode}
2019-09-24 21:32:54,878 [ForkJoinPool.commonPool-worker-1] INFO  server.AbstractConnector (AbstractConnector.java:doStop(318)) - Stopped ServerConnector@74a820bf{HTTP/1.1,[http/1.1]}{0.0.0.0:0}
2019-09-24 21:32:54,879 [ForkJoinPool.commonPool-worker-1] INFO  handler.ContextHandler (ContextHandler.java:doStop(910)) - Stopped o.e.j.s.ServletContextHandler@32ab408e{/static,jar:file:/home/user/.m2/repository/org/apache/hadoop/hadoop-hdds-container-service/0.5.0-SNAPSHOT/hadoop-hdds-container-service-0.5.0-SNAPSHOT.jar!/webapps/static,UNAVAILABLE}
2019-09-24 21:32:54,881 [ForkJoinPool.commonPool-worker-1] INFO  handler.ContextHandler (ContextHandler.java:doStop(910)) - Stopped o.e.j.s.ServletContextHandler@68e2d03e{/logs,file:///workdir/hadoop-ozone/integration-test/target/log,UNAVAILABLE}
2019-09-24 21:32:54,968 [Datanode State Machine Thread - 0] INFO  statemachine.DatanodeStateMachine (DatanodeStateMachine.java:lambda$startDaemon$0(350)) - Ozone container server started.
2019-09-24 21:32:55,564 [Datanode State Machine Thread - 0] INFO  statemachine.DatanodeStateMachine (DatanodeStateMachine.java:lambda$startDaemon$0(350)) - Ozone container server started.
2019-09-24 21:32:59,027 [EventQueue-StaleNodeForStaleNodeHandler] INFO  node.StaleNodeHandler (StaleNodeHandler.java:onMessage(58)) - Datanode 2f4dfe29-3e90-48ef-b709-7e8c2e788841{ip: 192.168.151.77, host: pr-hdds-2149-mjjcq-3576968246, networkLocation: /default-rack, certSerialId: null} moved to stale state. Finalizing its pipelines [PipelineID=43f0fd21-27ec-4dbb-9675-b169031dc4d5, PipelineID=e65f8ee6-da18-4a51-840b-94af7948c380]
2019-09-24 21:32:59,030 [EventQueue-StaleNodeForStaleNodeHandler] INFO  pipeline.SCMPipelineManager (SCMPipelineManager.java:finalizeAndDestroyPipeline(315)) - destroying pipeline:Pipeline[ Id: 43f0fd21-27ec-4dbb-9675-b169031dc4d5, Nodes: 2f4dfe29-3e90-48ef-b709-7e8c2e788841{ip: 192.168.151.77, host: pr-hdds-2149-mjjcq-3576968246, networkLocation: /default-rack, certSerialId: null}, Type:RATIS, Factor:ONE, State:OPEN]
2019-09-24 21:32:59,031 [EventQueue-StaleNodeForStaleNodeHandler] INFO  pipeline.PipelineStateManager (PipelineStateManager.java:finalizePipeline(123)) - Pipeline Pipeline[ Id: 43f0fd21-27ec-4dbb-9675-b169031dc4d5, Nodes: 2f4dfe29-3e90-48ef-b709-7e8c2e788841{ip: 192.168.151.77, host: pr-hdds-2149-mjjcq-3576968246, networkLocation: /default-rack, certSerialId: null}, Type:RATIS, Factor:ONE, State:CLOSED] moved to CLOSED state
2019-09-24 21:32:59,033 [EventQueue-StaleNodeForStaleNodeHandler] INFO  pipeline.SCMPipelineManager (SCMPipelineManager.java:finalizeAndDestroyPipeline(315)) - destroying pipeline:Pipeline[ Id: e65f8ee6-da18-4a51-840b-94af7948c380, Nodes: 94290360-2bfe-4a93-9331-d88f7dd2d9cb{ip: 192.168.151.77, host: pr-hdds-2149-mjjcq-3576968246, networkLocation: /default-rack, certSerialId: null}cf57d365-aa31-484d-bfcc-0badfa6ed4e2{ip: 192.168.151.77, host: pr-hdds-2149-mjjcq-3576968246, networkLocation: /default-rack, certSerialId: null}2f4dfe29-3e90-48ef-b709-7e8c2e788841{ip: 192.168.151.77, host: pr-hdds-2149-mjjcq-3576968246, networkLocation: /default-rack, certSerialId: null}, Type:RATIS, Factor:THREE, State:CLOSED]
2019-09-24 21:32:59,628 [EventQueue-StaleNodeForStaleNodeHandler] INFO  node.StaleNodeHandler (StaleNodeHandler.java:onMessage(58)) - Datanode 552ebd75-c27c-494a-8f75-4c4c056df87d{ip: 192.168.151.77, host: pr-hdds-2149-mjjcq-3576968246, networkLocation: /default-rack, certSerialId: null} moved to stale state. Finalizing its pipelines [PipelineID=add055a5-b45a-4c08-8fd2-df570057b904, PipelineID=5d6f67af-7986-4605-8fed-c59962718adf]
2019-09-24 21:32:59,628 [EventQueue-StaleNodeForStaleNodeHandler] INFO  pipeline.SCMPipelineManager (SCMPipelineManager.java:finalizeAndDestroyPipeline(315)) - destroying pipeline:Pipeline[ Id: add055a5-b45a-4c08-8fd2-df570057b904, Nodes: 552ebd75-c27c-494a-8f75-4c4c056df87d{ip: 192.168.151.77, host: pr-hdds-2149-mjjcq-3576968246, networkLocation: /default-rack, certSerialId: null}, Type:RATIS, Factor:ONE, State:OPEN]
2019-09-24 21:32:59,629 [EventQueue-StaleNodeForStaleNodeHandler] INFO  pipeline.PipelineStateManager (PipelineStateManager.java:finalizePipeline(123)) - Pipeline Pipeline[ Id: add055a5-b45a-4c08-8fd2-df570057b904, Nodes: 552ebd75-c27c-494a-8f75-4c4c056df87d{ip: 192.168.151.77, host: pr-hdds-2149-mjjcq-3576968246, networkLocation: /default-rack, certSerialId: null}, Type:RATIS, Factor:ONE, State:CLOSED] moved to CLOSED state
2019-09-24 21:32:59,629 [EventQueue-StaleNodeForStaleNodeHandler] INFO  pipeline.SCMPipelineManager (SCMPipelineManager.java:finalizeAndDestroyPipeline(315)) - destroying pipeline:Pipeline[ Id: 5d6f67af-7986-4605-8fed-c59962718adf, Nodes: 552ebd75-c27c-494a-8f75-4c4c056df87d{ip: 192.168.151.77, host: pr-hdds-2149-mjjcq-3576968246, networkLocation: /default-rack, certSerialId: null}27644118-fb56-4745-bc35-a441072a932b{ip: 192.168.151.77, host: pr-hdds-2149-mjjcq-3576968246, networkLocation: /default-rack, certSerialId: null}27512a76-9a5c-4715-8645-034ef34c1b92{ip: 192.168.151.77, host: pr-hdds-2149-mjjcq-3576968246, networkLocation: /default-rack, certSerialId: null}, Type:RATIS, Factor:THREE, State:OPEN]
2019-09-24 21:32:59,629 [EventQueue-StaleNodeForStaleNodeHandler] INFO  pipeline.PipelineStateManager (PipelineStateManager.java:finalizePipeline(123)) - Pipeline Pipeline[ Id: 5d6f67af-7986-4605-8fed-c59962718adf, Nodes: 552ebd75-c27c-494a-8f75-4c4c056df87d{ip: 192.168.151.77, host: pr-hdds-2149-mjjcq-3576968246, networkLocation: /default-rack, certSerialId: null}27644118-fb56-4745-bc35-a441072a932b{ip: 192.168.151.77, host: pr-hdds-2149-mjjcq-3576968246, networkLocation: /default-rack, certSerialId: null}27512a76-9a5c-4715-8645-034ef34c1b92{ip: 192.168.151.77, host: pr-hdds-2149-mjjcq-3576968246, networkLocation: /default-rack, certSerialId: null}, Type:RATIS, Factor:THREE, State:CLOSED] moved to CLOSED state
2019-09-24 21:32:59,629 [EventQueue-CloseContainerForCloseContainerEventHandler] INFO  container.CloseContainerEventHandler (CloseContainerEventHandler.java:onMessage(61)) - Close container Event triggered for container : #2
2019-09-24 21:32:59,860 [main] INFO  ozoneimpl.OzoneContainer (OzoneContainer.java:stop(231)) - Attempting to stop container services.
2019-09-24 21:32:59,868 [main] INFO  impl.RaftServerProxy (RaftServerProxy.java:lambda$close$4(314)) - 552ebd75-c27c-494a-8f75-4c4c056df87d: close
2019-09-24 21:32:59,869 [main] INFO  impl.RaftServerImpl (RaftServerImpl.java:lambda$shutdown$3(251)) - 552ebd75-c27c-494a-8f75-4c4c056df87d@group-DF570057B904: shutdown
2019-09-24 21:32:59,869 [main] INFO  util.JmxRegister (JmxRegister.java:unregister(73)) - Successfully un-registered JMX Bean with object name Ratis:service=RaftServer,group=group-DF570057B904,id=552ebd75-c27c-494a-8f75-4c4c056df87d
2019-09-24 21:32:59,869 [main] INFO  impl.RoleInfo (RoleInfo.java:shutdownLeaderState(104)) - 552ebd75-c27c-494a-8f75-4c4c056df87d: shutdown LeaderState
2019-09-24 21:32:59,870 [main] INFO  impl.PendingRequests (PendingRequests.java:sendNotLeaderResponses(202)) - 552ebd75-c27c-494a-8f75-4c4c056df87d-PendingRequests: sendNotLeaderResponses
2019-09-24 21:32:59,871 [main] INFO  impl.StateMachineUpdater (StateMachineUpdater.java:stopAndJoin(125)) - 552ebd75-c27c-494a-8f75-4c4c056df87d@group-DF570057B904-StateMachineUpdater: set stopIndex = 0
2019-09-24 21:32:59,872 [main] INFO  impl.RaftServerImpl (ServerState.java:close(385)) - 552ebd75-c27c-494a-8f75-4c4c056df87d@group-DF570057B904: closes. applyIndex: 0
2019-09-24 21:32:59,872 [552ebd75-c27c-494a-8f75-4c4c056df87d@group-DF570057B904-SegmentedRaftLogWorker] INFO  segmented.SegmentedRaftLogWorker (SegmentedRaftLogWorker.java:run(313)) - 552ebd75-c27c-494a-8f75-4c4c056df87d@group-DF570057B904-SegmentedRaftLogWorker was interrupted, exiting. There are 0 tasks remaining in the queue.
2019-09-24 21:32:59,875 [main] INFO  segmented.SegmentedRaftLogWorker (SegmentedRaftLogWorker.java:close(228)) - 552ebd75-c27c-494a-8f75-4c4c056df87d@group-DF570057B904-SegmentedRaftLogWorker close()
2019-09-24 21:32:59,879 [main] INFO  impl.RaftServerImpl (RaftServerImpl.java:lambda$shutdown$3(251)) - 552ebd75-c27c-494a-8f75-4c4c056df87d@group-C59962718ADF: shutdown
2019-09-24 21:32:59,880 [main] INFO  util.JmxRegister (JmxRegister.java:unregister(73)) - Successfully un-registered JMX Bean with object name Ratis:service=RaftServer,group=group-C59962718ADF,id=552ebd75-c27c-494a-8f75-4c4c056df87d
2019-09-24 21:32:59,880 [main] INFO  impl.RoleInfo (RoleInfo.java:shutdownFollowerState(121)) - 552ebd75-c27c-494a-8f75-4c4c056df87d: shutdown FollowerState
2019-09-24 21:32:59,881 [main] INFO  impl.StateMachineUpdater (StateMachineUpdater.java:stopAndJoin(125)) - 552ebd75-c27c-494a-8f75-4c4c056df87d@group-C59962718ADF-StateMachineUpdater: set stopIndex = 16
2019-09-24 21:32:59,881 [Thread-2963] INFO  impl.FollowerState (FollowerState.java:run(115)) - 552ebd75-c27c-494a-8f75-4c4c056df87d: FollowerState was interrupted: java.lang.InterruptedException: sleep interrupted
2019-09-24 21:32:59,881 [552ebd75-c27c-494a-8f75-4c4c056df87d@group-C59962718ADF-StateMachineUpdater] INFO  ratis.ContainerStateMachine (ContainerStateMachine.java:takeSnapshot(289)) - group-C59962718ADF: Taking a snapshot at:(t:1, i:14) file /workdir/hadoop-ozone/integration-test/target/test-dir/MiniOzoneClusterImpl-e0eb44de-bd0e-4674-8e7b-4e6e9938c619/datanode-3/data/ratis/5d6f67af-7986-4605-8fed-c59962718adf/sm/snapshot.1_14
2019-09-24 21:32:59,884 [ForkJoinPool.commonPool-worker-1] INFO  ozoneimpl.OzoneContainer (OzoneContainer.java:stop(231)) - Attempting to stop container services.
2019-09-24 21:32:59,885 [ForkJoinPool.commonPool-worker-1] INFO  impl.RaftServerProxy (RaftServerProxy.java:lambda$close$4(314)) - 2f4dfe29-3e90-48ef-b709-7e8c2e788841: close
2019-09-24 21:32:59,885 [ForkJoinPool.commonPool-worker-1] INFO  impl.RaftServerImpl (RaftServerImpl.java:lambda$shutdown$3(251)) - 2f4dfe29-3e90-48ef-b709-7e8c2e788841@group-B169031DC4D5: shutdown
2019-09-24 21:32:59,885 [ForkJoinPool.commonPool-worker-1] INFO  util.JmxRegister (JmxRegister.java:unregister(73)) - Successfully un-registered JMX Bean with object name Ratis:service=RaftServer,group=group-B169031DC4D5,id=2f4dfe29-3e90-48ef-b709-7e8c2e788841
2019-09-24 21:32:59,885 [ForkJoinPool.commonPool-worker-1] INFO  impl.RoleInfo (RoleInfo.java:shutdownLeaderState(104)) - 2f4dfe29-3e90-48ef-b709-7e8c2e788841: shutdown LeaderState
2019-09-24 21:32:59,886 [ForkJoinPool.commonPool-worker-1] INFO  impl.PendingRequests (PendingRequests.java:sendNotLeaderResponses(202)) - 2f4dfe29-3e90-48ef-b709-7e8c2e788841-PendingRequests: sendNotLeaderResponses
2019-09-24 21:32:59,886 [ForkJoinPool.commonPool-worker-1] INFO  impl.StateMachineUpdater (StateMachineUpdater.java:stopAndJoin(125)) - 2f4dfe29-3e90-48ef-b709-7e8c2e788841@group-B169031DC4D5-StateMachineUpdater: set stopIndex = 0
2019-09-24 21:32:59,886 [ForkJoinPool.commonPool-worker-1] INFO  impl.RaftServerImpl (ServerState.java:close(385)) - 2f4dfe29-3e90-48ef-b709-7e8c2e788841@group-B169031DC4D5: closes. applyIndex: 0
2019-09-24 21:32:59,886 [2f4dfe29-3e90-48ef-b709-7e8c2e788841@group-B169031DC4D5-SegmentedRaftLogWorker] INFO  segmented.SegmentedRaftLogWorker (SegmentedRaftLogWorker.java:run(313)) - 2f4dfe29-3e90-48ef-b709-7e8c2e788841@group-B169031DC4D5-SegmentedRaftLogWorker was interrupted, exiting. There are 0 tasks remaining in the queue.
2019-09-24 21:32:59,889 [ForkJoinPool.commonPool-worker-1] INFO  segmented.SegmentedRaftLogWorker (SegmentedRaftLogWorker.java:close(228)) - 2f4dfe29-3e90-48ef-b709-7e8c2e788841@group-B169031DC4D5-SegmentedRaftLogWorker close()
2019-09-24 21:32:59,892 [ForkJoinPool.commonPool-worker-1] INFO  impl.RaftServerImpl (RaftServerImpl.java:lambda$shutdown$3(251)) - 2f4dfe29-3e90-48ef-b709-7e8c2e788841@group-94AF7948C380: shutdown
2019-09-24 21:32:59,893 [ForkJoinPool.commonPool-worker-1] INFO  util.JmxRegister (JmxRegister.java:unregister(73)) - Successfully un-registered JMX Bean with object name Ratis:service=RaftServer,group=group-94AF7948C380,id=2f4dfe29-3e90-48ef-b709-7e8c2e788841
2019-09-24 21:32:59,893 [ForkJoinPool.commonPool-worker-1] INFO  impl.RoleInfo (RoleInfo.java:shutdownFollowerState(121)) - 2f4dfe29-3e90-48ef-b709-7e8c2e788841: shutdown FollowerState
2019-09-24 21:32:59,893 [ForkJoinPool.commonPool-worker-1] INFO  impl.StateMachineUpdater (StateMachineUpdater.java:stopAndJoin(125)) - 2f4dfe29-3e90-48ef-b709-7e8c2e788841@group-94AF7948C380-StateMachineUpdater: set stopIndex = 18
2019-09-24 21:32:59,893 [Thread-3065] INFO  impl.FollowerState (FollowerState.java:run(115)) - 2f4dfe29-3e90-48ef-b709-7e8c2e788841: FollowerState was interrupted: java.lang.InterruptedException: sleep interrupted
2019-09-24 21:32:59,894 [2f4dfe29-3e90-48ef-b709-7e8c2e788841@group-94AF7948C380-StateMachineUpdater] INFO  ratis.ContainerStateMachine (ContainerStateMachine.java:takeSnapshot(289)) - group-94AF7948C380: Taking a snapshot at:(t:1, i:14) file /workdir/hadoop-ozone/integration-test/target/test-dir/MiniOzoneClusterImpl-e0eb44de-bd0e-4674-8e7b-4e6e9938c619/datanode-2/data/ratis/e65f8ee6-da18-4a51-840b-94af7948c380/sm/snapshot.1_14
2019-09-24 21:32:59,911 [552ebd75-c27c-494a-8f75-4c4c056df87d@group-C59962718ADF-StateMachineUpdater] INFO  ratis.ContainerStateMachine (ContainerStateMachine.java:takeSnapshot(300)) - group-C59962718ADF: Finished taking a snapshot at:(t:1, i:14) file:/workdir/hadoop-ozone/integration-test/target/test-dir/MiniOzoneClusterImpl-e0eb44de-bd0e-4674-8e7b-4e6e9938c619/datanode-3/data/ratis/5d6f67af-7986-4605-8fed-c59962718adf/sm/snapshot.1_14 time:31
2019-09-24 21:32:59,912 [552ebd75-c27c-494a-8f75-4c4c056df87d@group-C59962718ADF-StateMachineUpdater] INFO  impl.StateMachineUpdater (StateMachineUpdater.java:takeSnapshot(258)) - 552ebd75-c27c-494a-8f75-4c4c056df87d@group-C59962718ADF-StateMachineUpdater: Took a snapshot at index 14
2019-09-24 21:32:59,912 [552ebd75-c27c-494a-8f75-4c4c056df87d@group-C59962718ADF-StateMachineUpdater] INFO  impl.StateMachineUpdater (StateMachineUpdater.java:lambda$new$0(83)) - 552ebd75-c27c-494a-8f75-4c4c056df87d@group-C59962718ADF-StateMachineUpdater: snapshotIndex: updateIncreasingly -1 -> 14
2019-09-24 21:32:59,913 [552ebd75-c27c-494a-8f75-4c4c056df87d@group-C59962718ADF-StateMachineUpdater] INFO  ratis.ContainerStateMachine (ContainerStateMachine.java:takeSnapshot(289)) - group-C59962718ADF: Taking a snapshot at:(t:1, i:14) file /workdir/hadoop-ozone/integration-test/target/test-dir/MiniOzoneClusterImpl-e0eb44de-bd0e-4674-8e7b-4e6e9938c619/datanode-3/data/ratis/5d6f67af-7986-4605-8fed-c59962718adf/sm/snapshot.1_14
2019-09-24 21:32:59,923 [2f4dfe29-3e90-48ef-b709-7e8c2e788841@group-94AF7948C380-StateMachineUpdater] INFO  ratis.ContainerStateMachine (ContainerStateMachine.java:takeSnapshot(300)) - group-94AF7948C380: Finished taking a snapshot at:(t:1, i:14) file:/workdir/hadoop-ozone/integration-test/target/test-dir/MiniOzoneClusterImpl-e0eb44de-bd0e-4674-8e7b-4e6e9938c619/datanode-2/data/ratis/e65f8ee6-da18-4a51-840b-94af7948c380/sm/snapshot.1_14 time:30
2019-09-24 21:32:59,923 [2f4dfe29-3e90-48ef-b709-7e8c2e788841@group-94AF7948C380-StateMachineUpdater] INFO  impl.StateMachineUpdater (StateMachineUpdater.java:takeSnapshot(258)) - 2f4dfe29-3e90-48ef-b709-7e8c2e788841@group-94AF7948C380-StateMachineUpdater: Took a snapshot at index 14
2019-09-24 21:32:59,924 [2f4dfe29-3e90-48ef-b709-7e8c2e788841@group-94AF7948C380-StateMachineUpdater] INFO  impl.StateMachineUpdater (StateMachineUpdater.java:lambda$new$0(83)) - 2f4dfe29-3e90-48ef-b709-7e8c2e788841@group-94AF7948C380-StateMachineUpdater: snapshotIndex: updateIncreasingly -1 -> 14
2019-09-24 21:32:59,924 [2f4dfe29-3e90-48ef-b709-7e8c2e788841@group-94AF7948C380-StateMachineUpdater] INFO  ratis.ContainerStateMachine (ContainerStateMachine.java:takeSnapshot(289)) - group-94AF7948C380: Taking a snapshot at:(t:1, i:14) file /workdir/hadoop-ozone/integration-test/target/test-dir/MiniOzoneClusterImpl-e0eb44de-bd0e-4674-8e7b-4e6e9938c619/datanode-2/data/ratis/e65f8ee6-da18-4a51-840b-94af7948c380/sm/snapshot.1_14
2019-09-24 21:32:59,925 [552ebd75-c27c-494a-8f75-4c4c056df87d@group-C59962718ADF-StateMachineUpdater] INFO  ratis.ContainerStateMachine (ContainerStateMachine.java:takeSnapshot(300)) - group-C59962718ADF: Finished taking a snapshot at:(t:1, i:14) file:/workdir/hadoop-ozone/integration-test/target/test-dir/MiniOzoneClusterImpl-e0eb44de-bd0e-4674-8e7b-4e6e9938c619/datanode-3/data/ratis/5d6f67af-7986-4605-8fed-c59962718adf/sm/snapshot.1_14 time:12
2019-09-24 21:32:59,925 [552ebd75-c27c-494a-8f75-4c4c056df87d@group-C59962718ADF-StateMachineUpdater] INFO  impl.StateMachineUpdater (StateMachineUpdater.java:takeSnapshot(258)) - 552ebd75-c27c-494a-8f75-4c4c056df87d@group-C59962718ADF-StateMachineUpdater: Took a snapshot at index 14
2019-09-24 21:32:59,925 [552ebd75-c27c-494a-8f75-4c4c056df87d@group-C59962718ADF-StateMachineUpdater] INFO  impl.StateMachineUpdater (StateMachineUpdater.java:lambda$new$0(83)) - 552ebd75-c27c-494a-8f75-4c4c056df87d@group-C59962718ADF-StateMachineUpdater: snapshotIndex: updateIncreasingly 14 -> 14
2019-09-24 21:32:59,926 [main] INFO  impl.RaftServerImpl (ServerState.java:close(385)) - 552ebd75-c27c-494a-8f75-4c4c056df87d@group-C59962718ADF: closes. applyIndex: 16
2019-09-24 21:32:59,926 [552ebd75-c27c-494a-8f75-4c4c056df87d@group-C59962718ADF-SegmentedRaftLogWorker] INFO  segmented.SegmentedRaftLogWorker (SegmentedRaftLogWorker.java:run(313)) - 552ebd75-c27c-494a-8f75-4c4c056df87d@group-C59962718ADF-SegmentedRaftLogWorker was interrupted, exiting. There are 0 tasks remaining in the queue.
2019-09-24 21:32:59,929 [2f4dfe29-3e90-48ef-b709-7e8c2e788841@group-94AF7948C380-StateMachineUpdater] INFO  ratis.ContainerStateMachine (ContainerStateMachine.java:takeSnapshot(300)) - group-94AF7948C380: Finished taking a snapshot at:(t:1, i:14) file:/workdir/hadoop-ozone/integration-test/target/test-dir/MiniOzoneClusterImpl-e0eb44de-bd0e-4674-8e7b-4e6e9938c619/datanode-2/data/ratis/e65f8ee6-da18-4a51-840b-94af7948c380/sm/snapshot.1_14 time:5
2019-09-24 21:32:59,929 [main] INFO  segmented.SegmentedRaftLogWorker (SegmentedRaftLogWorker.java:close(228)) - 552ebd75-c27c-494a-8f75-4c4c056df87d@group-C59962718ADF-SegmentedRaftLogWorker close()
2019-09-24 21:32:59,929 [2f4dfe29-3e90-48ef-b709-7e8c2e788841@group-94AF7948C380-StateMachineUpdater] INFO  impl.StateMachineUpdater (StateMachineUpdater.java:takeSnapshot(258)) - 2f4dfe29-3e90-48ef-b709-7e8c2e788841@group-94AF7948C380-StateMachineUpdater: Took a snapshot at index 14
2019-09-24 21:32:59,933 [main] INFO  server.GrpcService (GrpcService.java:closeImpl(164)) - 552ebd75-c27c-494a-8f75-4c4c056df87d: shutdown server with port 43372 now
2019-09-24 21:32:59,933 [2f4dfe29-3e90-48ef-b709-7e8c2e788841@group-94AF7948C380-StateMachineUpdater] INFO  impl.StateMachineUpdater (StateMachineUpdater.java:lambda$new$0(83)) - 2f4dfe29-3e90-48ef-b709-7e8c2e788841@group-94AF7948C380-StateMachineUpdater: snapshotIndex: updateIncreasingly 14 -> 14
2019-09-24 21:32:59,934 [ForkJoinPool.commonPool-worker-1] INFO  impl.RaftServerImpl (ServerState.java:close(385)) - 2f4dfe29-3e90-48ef-b709-7e8c2e788841@group-94AF7948C380: closes. applyIndex: 18
2019-09-24 21:32:59,935 [2f4dfe29-3e90-48ef-b709-7e8c2e788841@group-94AF7948C380-SegmentedRaftLogWorker] INFO  segmented.SegmentedRaftLogWorker (SegmentedRaftLogWorker.java:run(313)) - 2f4dfe29-3e90-48ef-b709-7e8c2e788841@group-94AF7948C380-SegmentedRaftLogWorker was interrupted, exiting. There are 0 tasks remaining in the queue.
2019-09-24 21:32:59,937 [ForkJoinPool.commonPool-worker-1] INFO  segmented.SegmentedRaftLogWorker (SegmentedRaftLogWorker.java:close(228)) - 2f4dfe29-3e90-48ef-b709-7e8c2e788841@group-94AF7948C380-SegmentedRaftLogWorker close()
2019-09-24 21:32:59,941 [ForkJoinPool.commonPool-worker-1] INFO  server.GrpcService (GrpcService.java:closeImpl(164)) - 2f4dfe29-3e90-48ef-b709-7e8c2e788841: shutdown server with port 35613 now
2019-09-24 21:32:59,942 [main] INFO  server.GrpcService (GrpcService.java:closeImpl(172)) - 552ebd75-c27c-494a-8f75-4c4c056df87d: shutdown server with port 43372 successfully
2019-09-24 21:32:59,942 [ForkJoinPool.commonPool-worker-1] INFO  server.GrpcService (GrpcService.java:closeImpl(172)) - 2f4dfe29-3e90-48ef-b709-7e8c2e788841: shutdown server with port 35613 successfully
2019-09-24 21:32:59,942 [grpc-default-executor-2] WARN  server.GrpcLogAppender (LogUtils.java:warn(134)) - 27644118-fb56-4745-bc35-a441072a932b@group-C59962718ADF->552ebd75-c27c-494a-8f75-4c4c056df87d-AppendLogResponseHandler: Failed appendEntries: org.apache.ratis.thirdparty.io.grpc.StatusRuntimeException: CANCELLED: HTTP/2 error code: CANCEL
Received Rst Stream
2019-09-24 21:32:59,942 [grpc-default-executor-8] WARN  server.GrpcServerProtocolService (LogUtils.java:warn(134)) - 552ebd75-c27c-494a-8f75-4c4c056df87d: installSnapshot onError, lastRequest: 27644118-fb56-4745-bc35-a441072a932b->552ebd75-c27c-494a-8f75-4c4c056df87d#27-t1, previous=(t:1, i:16), leaderCommit=16, initializing? false, entries: <empty>: org.apache.ratis.thirdparty.io.grpc.StatusRuntimeException: CANCELLED: cancelled before receiving half close
2019-09-24 21:32:59,943 [grpc-default-executor-2] INFO  impl.FollowerInfo (FollowerInfo.java:lambda$new$0(51)) - 27644118-fb56-4745-bc35-a441072a932b@group-C59962718ADF->552ebd75-c27c-494a-8f75-4c4c056df87d: nextIndex: updateUnconditionally 17 -> 16
2019-09-24 21:32:59,944 [refreshUsed-/workdir/hadoop-ozone/integration-test/target/test-dir/MiniOzoneClusterImpl-e0eb44de-bd0e-4674-8e7b-4e6e9938c619/datanode-3/data/containers] WARN  fs.CachingGetSpaceUsed (CachingGetSpaceUsed.java:run(183)) - Thread Interrupted waiting to refresh disk information: sleep interrupted
2019-09-24 21:32:59,946 [refreshUsed-/workdir/hadoop-ozone/integration-test/target/test-dir/MiniOzoneClusterImpl-e0eb44de-bd0e-4674-8e7b-4e6e9938c619/datanode-2/data/containers] WARN  fs.CachingGetSpaceUsed (CachingGetSpaceUsed.java:run(183)) - Thread Interrupted waiting to refresh disk information: sleep interrupted
2019-09-24 21:32:59,966 [main] INFO  utils.BackgroundService (BackgroundService.java:shutdown(148)) - Shutting down service BlockDeletingService
2019-09-24 21:32:59,971 [main] INFO  statemachine.DatanodeStateMachine (DatanodeStateMachine.java:stopDaemon(395)) - Ozone container server stopped.
2019-09-24 21:32:59,972 [ForkJoinPool.commonPool-worker-1] INFO  utils.BackgroundService (BackgroundService.java:shutdown(148)) - Shutting down service BlockDeletingService
2019-09-24 21:32:59,976 [ForkJoinPool.commonPool-worker-1] INFO  statemachine.DatanodeStateMachine (DatanodeStateMachine.java:stopDaemon(395)) - Ozone container server stopped.
2019-09-24 21:32:59,979 [main] INFO  handler.ContextHandler (ContextHandler.java:doStop(910)) - Stopped o.e.j.w.WebAppContext@70c29356{/,null,UNAVAILABLE}{/hddsDatanode}
2019-09-24 21:32:59,981 [ForkJoinPool.commonPool-worker-1] INFO  handler.ContextHandler (ContextHandler.java:doStop(910)) - Stopped o.e.j.w.WebAppContext@2d4a3e13{/,null,UNAVAILABLE}{/hddsDatanode}
2019-09-24 21:32:59,982 [ForkJoinPool.commonPool-worker-1] INFO  server.AbstractConnector (AbstractConnector.java:doStop(318)) - Stopped ServerConnector@4a22e4d7{HTTP/1.1,[http/1.1]}{0.0.0.0:0}
2019-09-24 21:32:59,982 [main] INFO  server.AbstractConnector (AbstractConnector.java:doStop(318)) - Stopped ServerConnector@5122e4bf{HTTP/1.1,[http/1.1]}{0.0.0.0:0}
2019-09-24 21:32:59,983 [ForkJoinPool.commonPool-worker-1] INFO  handler.ContextHandler (ContextHandler.java:doStop(910)) - Stopped o.e.j.s.ServletContextHandler@3b5a19ed{/static,jar:file:/home/user/.m2/repository/org/apache/hadoop/hadoop-hdds-container-service/0.5.0-SNAPSHOT/hadoop-hdds-container-service-0.5.0-SNAPSHOT.jar!/webapps/static,UNAVAILABLE}
2019-09-24 21:32:59,983 [main] INFO  handler.ContextHandler (ContextHandler.java:doStop(910)) - Stopped o.e.j.s.ServletContextHandler@61d60e38{/static,jar:file:/home/user/.m2/repository/org/apache/hadoop/hadoop-hdds-container-service/0.5.0-SNAPSHOT/hadoop-hdds-container-service-0.5.0-SNAPSHOT.jar!/webapps/static,UNAVAILABLE}
2019-09-24 21:32:59,985 [ForkJoinPool.commonPool-worker-1] INFO  handler.ContextHandler (ContextHandler.java:doStop(910)) - Stopped o.e.j.s.ServletContextHandler@7781263c{/logs,file:///workdir/hadoop-ozone/integration-test/target/log,UNAVAILABLE}
2019-09-24 21:32:59,985 [main] INFO  handler.ContextHandler (ContextHandler.java:doStop(910)) - Stopped o.e.j.s.ServletContextHandler@30b3d899{/logs,file:///workdir/hadoop-ozone/integration-test/target/log,UNAVAILABLE}
2019-09-24 21:33:00,563 [Datanode State Machine Thread - 0] INFO  statemachine.DatanodeStateMachine (DatanodeStateMachine.java:lambda$startDaemon$0(350)) - Ozone container server started.
2019-09-24 21:33:00,563 [Datanode State Machine Thread - 0] INFO  statemachine.DatanodeStateMachine (DatanodeStateMachine.java:lambda$startDaemon$0(350)) - Ozone container server started.
2019-09-24 21:33:02,266 [grpc-default-executor-2] WARN  server.GrpcLogAppender (LogUtils.java:warn(134)) - 27644118-fb56-4745-bc35-a441072a932b@group-C59962718ADF->552ebd75-c27c-494a-8f75-4c4c056df87d-AppendLogResponseHandler: Failed appendEntries: org.apache.ratis.thirdparty.io.grpc.StatusRuntimeException: UNAVAILABLE: io exception
2019-09-24 21:33:02,267 [grpc-default-executor-2] INFO  impl.FollowerInfo (FollowerInfo.java:lambda$new$0(51)) - 27644118-fb56-4745-bc35-a441072a932b@group-C59962718ADF->552ebd75-c27c-494a-8f75-4c4c056df87d: nextIndex: updateUnconditionally 16 -> 15
2019-09-24 21:33:04,635 [EventQueue-StaleNodeForStaleNodeHandler] INFO  node.StaleNodeHandler (StaleNodeHandler.java:onMessage(58)) - Datanode 27644118-fb56-4745-bc35-a441072a932b{ip: 192.168.151.77, host: pr-hdds-2149-mjjcq-3576968246, networkLocation: /default-rack, certSerialId: null} moved to stale state. Finalizing its pipelines [PipelineID=d2a8b0ee-5b76-4e97-8634-a702684c1f55, PipelineID=5d6f67af-7986-4605-8fed-c59962718adf]
2019-09-24 21:33:04,638 [EventQueue-StaleNodeForStaleNodeHandler] INFO  pipeline.SCMPipelineManager (SCMPipelineManager.java:finalizeAndDestroyPipeline(315)) - destroying pipeline:Pipeline[ Id: d2a8b0ee-5b76-4e97-8634-a702684c1f55, Nodes: 27644118-fb56-4745-bc35-a441072a932b{ip: 192.168.151.77, host: pr-hdds-2149-mjjcq-3576968246, networkLocation: /default-rack, certSerialId: null}, Type:RATIS, Factor:ONE, State:OPEN]
2019-09-24 21:33:04,638 [EventQueue-StaleNodeForStaleNodeHandler] INFO  pipeline.PipelineStateManager (PipelineStateManager.java:finalizePipeline(123)) - Pipeline Pipeline[ Id: d2a8b0ee-5b76-4e97-8634-a702684c1f55, Nodes: 27644118-fb56-4745-bc35-a441072a932b{ip: 192.168.151.77, host: pr-hdds-2149-mjjcq-3576968246, networkLocation: /default-rack, certSerialId: null}, Type:RATIS, Factor:ONE, State:CLOSED] moved to CLOSED state
2019-09-24 21:33:04,639 [EventQueue-StaleNodeForStaleNodeHandler] INFO  pipeline.SCMPipelineManager (SCMPipelineManager.java:finalizeAndDestroyPipeline(315)) - destroying pipeline:Pipeline[ Id: 5d6f67af-7986-4605-8fed-c59962718adf, Nodes: 552ebd75-c27c-494a-8f75-4c4c056df87d{ip: 192.168.151.77, host: pr-hdds-2149-mjjcq-3576968246, networkLocation: /default-rack, certSerialId: null}27644118-fb56-4745-bc35-a441072a932b{ip: 192.168.151.77, host: pr-hdds-2149-mjjcq-3576968246, networkLocation: /default-rack, certSerialId: null}27512a76-9a5c-4715-8645-034ef34c1b92{ip: 192.168.151.77, host: pr-hdds-2149-mjjcq-3576968246, networkLocation: /default-rack, certSerialId: null}, Type:RATIS, Factor:THREE, State:CLOSED]
2019-09-24 21:33:04,639 [EventQueue-StaleNodeForStaleNodeHandler] INFO  node.StaleNodeHandler (StaleNodeHandler.java:onMessage(58)) - Datanode 27512a76-9a5c-4715-8645-034ef34c1b92{ip: 192.168.151.77, host: pr-hdds-2149-mjjcq-3576968246, networkLocation: /default-rack, certSerialId: null} moved to stale state. Finalizing its pipelines [PipelineID=45327534-c9fb-4318-bcf2-4ba3aa6aa25e, PipelineID=5d6f67af-7986-4605-8fed-c59962718adf]
2019-09-24 21:33:04,639 [EventQueue-StaleNodeForStaleNodeHandler] INFO  pipeline.SCMPipelineManager (SCMPipelineManager.java:finalizeAndDestroyPipeline(315)) - destroying pipeline:Pipeline[ Id: 45327534-c9fb-4318-bcf2-4ba3aa6aa25e, Nodes: 27512a76-9a5c-4715-8645-034ef34c1b92{ip: 192.168.151.77, host: pr-hdds-2149-mjjcq-3576968246, networkLocation: /default-rack, certSerialId: null}, Type:RATIS, Factor:ONE, State:OPEN]
2019-09-24 21:33:04,639 [EventQueue-StaleNodeForStaleNodeHandler] INFO  pipeline.PipelineStateManager (PipelineStateManager.java:finalizePipeline(123)) - Pipeline Pipeline[ Id: 45327534-c9fb-4318-bcf2-4ba3aa6aa25e, Nodes: 27512a76-9a5c-4715-8645-034ef34c1b92{ip: 192.168.151.77, host: pr-hdds-2149-mjjcq-3576968246, networkLocation: /default-rack, certSerialId: null}, Type:RATIS, Factor:ONE, State:CLOSED] moved to CLOSED state
2019-09-24 21:33:04,639 [EventQueue-StaleNodeForStaleNodeHandler] INFO  pipeline.SCMPipelineManager (SCMPipelineManager.java:finalizeAndDestroyPipeline(315)) - destroying pipeline:Pipeline[ Id: 5d6f67af-7986-4605-8fed-c59962718adf, Nodes: 552ebd75-c27c-494a-8f75-4c4c056df87d{ip: 192.168.151.77, host: pr-hdds-2149-mjjcq-3576968246, networkLocation: /default-rack, certSerialId: null}27644118-fb56-4745-bc35-a441072a932b{ip: 192.168.151.77, host: pr-hdds-2149-mjjcq-3576968246, networkLocation: /default-rack, certSerialId: null}27512a76-9a5c-4715-8645-034ef34c1b92{ip: 192.168.151.77, host: pr-hdds-2149-mjjcq-3576968246, networkLocation: /default-rack, certSerialId: null}, Type:RATIS, Factor:THREE, State:CLOSED]
2019-09-24 21:33:04,770 [grpc-default-executor-2] WARN  server.GrpcLogAppender (LogUtils.java:warn(134)) - 27644118-fb56-4745-bc35-a441072a932b@group-C59962718ADF->552ebd75-c27c-494a-8f75-4c4c056df87d-AppendLogResponseHandler: Failed appendEntries: org.apache.ratis.thirdparty.io.grpc.StatusRuntimeException: UNAVAILABLE: io exception
2019-09-24 21:33:04,774 [grpc-default-executor-2] INFO  impl.FollowerInfo (FollowerInfo.java:lambda$new$0(51)) - 27644118-fb56-4745-bc35-a441072a932b@group-C59962718ADF->552ebd75-c27c-494a-8f75-4c4c056df87d: nextIndex: updateUnconditionally 15 -> 14
2019-09-24 21:33:04,988 [ForkJoinPool.commonPool-worker-1] INFO  ozoneimpl.OzoneContainer (OzoneContainer.java:stop(231)) - Attempting to stop container services.
2019-09-24 21:33:04,988 [main] INFO  ozoneimpl.OzoneContainer (OzoneContainer.java:stop(231)) - Attempting to stop container services.
2019-09-24 21:33:04,989 [ForkJoinPool.commonPool-worker-1] INFO  impl.RaftServerProxy (RaftServerProxy.java:lambda$close$4(314)) - 27644118-fb56-4745-bc35-a441072a932b: close
2019-09-24 21:33:04,990 [main] INFO  impl.RaftServerProxy (RaftServerProxy.java:lambda$close$4(314)) - 27512a76-9a5c-4715-8645-034ef34c1b92: close
2019-09-24 21:33:04,990 [ForkJoinPool.commonPool-worker-1] INFO  impl.RaftServerImpl (RaftServerImpl.java:lambda$shutdown$3(251)) - 27644118-fb56-4745-bc35-a441072a932b@group-A702684C1F55: shutdown
2019-09-24 21:33:04,990 [main] INFO  impl.RaftServerImpl (RaftServerImpl.java:lambda$shutdown$3(251)) - 27512a76-9a5c-4715-8645-034ef34c1b92@group-4BA3AA6AA25E: shutdown
2019-09-24 21:33:04,991 [ForkJoinPool.commonPool-worker-1] INFO  util.JmxRegister (JmxRegister.java:unregister(73)) - Successfully un-registered JMX Bean with object name Ratis:service=RaftServer,group=group-A702684C1F55,id=27644118-fb56-4745-bc35-a441072a932b
2019-09-24 21:33:04,991 [main] INFO  util.JmxRegister (JmxRegister.java:unregister(73)) - Successfully un-registered JMX Bean with object name Ratis:service=RaftServer,group=group-4BA3AA6AA25E,id=27512a76-9a5c-4715-8645-034ef34c1b92
2019-09-24 21:33:04,991 [ForkJoinPool.commonPool-worker-1] INFO  impl.RoleInfo (RoleInfo.java:shutdownLeaderState(104)) - 27644118-fb56-4745-bc35-a441072a932b: shutdown LeaderState
2019-09-24 21:33:04,992 [main] INFO  impl.RoleInfo (RoleInfo.java:shutdownLeaderState(104)) - 27512a76-9a5c-4715-8645-034ef34c1b92: shutdown LeaderState
2019-09-24 21:33:04,992 [ForkJoinPool.commonPool-worker-1] INFO  impl.PendingRequests (PendingRequests.java:sendNotLeaderResponses(202)) - 27644118-fb56-4745-bc35-a441072a932b-PendingRequests: sendNotLeaderResponses
2019-09-24 21:33:04,992 [main] INFO  impl.PendingRequests (PendingRequests.java:sendNotLeaderResponses(202)) - 27512a76-9a5c-4715-8645-034ef34c1b92-PendingRequests: sendNotLeaderResponses
2019-09-24 21:33:04,993 [ForkJoinPool.commonPool-worker-1] INFO  impl.StateMachineUpdater (StateMachineUpdater.java:stopAndJoin(125)) - 27644118-fb56-4745-bc35-a441072a932b@group-A702684C1F55-StateMachineUpdater: set stopIndex = 0
2019-09-24 21:33:04,993 [main] INFO  impl.StateMachineUpdater (StateMachineUpdater.java:stopAndJoin(125)) - 27512a76-9a5c-4715-8645-034ef34c1b92@group-4BA3AA6AA25E-StateMachineUpdater: set stopIndex = 0
2019-09-24 21:33:04,994 [main] INFO  impl.RaftServerImpl (ServerState.java:close(385)) - 27512a76-9a5c-4715-8645-034ef34c1b92@group-4BA3AA6AA25E: closes. applyIndex: 0
2019-09-24 21:33:04,994 [ForkJoinPool.commonPool-worker-1] INFO  impl.RaftServerImpl (ServerState.java:close(385)) - 27644118-fb56-4745-bc35-a441072a932b@group-A702684C1F55: closes. applyIndex: 0
2019-09-24 21:33:04,994 [27512a76-9a5c-4715-8645-034ef34c1b92@group-4BA3AA6AA25E-SegmentedRaftLogWorker] INFO  segmented.SegmentedRaftLogWorker (SegmentedRaftLogWorker.java:run(313)) - 27512a76-9a5c-4715-8645-034ef34c1b92@group-4BA3AA6AA25E-SegmentedRaftLogWorker was interrupted, exiting. There are 0 tasks remaining in the queue.
2019-09-24 21:33:04,994 [27644118-fb56-4745-bc35-a441072a932b@group-A702684C1F55-SegmentedRaftLogWorker] INFO  segmented.SegmentedRaftLogWorker (SegmentedRaftLogWorker.java:run(313)) - 27644118-fb56-4745-bc35-a441072a932b@group-A702684C1F55-SegmentedRaftLogWorker was interrupted, exiting. There are 0 tasks remaining in the queue.
2019-09-24 21:33:04,996 [main] INFO  segmented.SegmentedRaftLogWorker (SegmentedRaftLogWorker.java:close(228)) - 27512a76-9a5c-4715-8645-034ef34c1b92@group-4BA3AA6AA25E-SegmentedRaftLogWorker close()
2019-09-24 21:33:04,997 [ForkJoinPool.commonPool-worker-1] INFO  segmented.SegmentedRaftLogWorker (SegmentedRaftLogWorker.java:close(228)) - 27644118-fb56-4745-bc35-a441072a932b@group-A702684C1F55-SegmentedRaftLogWorker close()
2019-09-24 21:33:04,999 [main] INFO  impl.RaftServerImpl (RaftServerImpl.java:lambda$shutdown$3(251)) - 27512a76-9a5c-4715-8645-034ef34c1b92@group-C59962718ADF: shutdown
2019-09-24 21:33:05,000 [ForkJoinPool.commonPool-worker-1] INFO  impl.RaftServerImpl (RaftServerImpl.java:lambda$shutdown$3(251)) - 27644118-fb56-4745-bc35-a441072a932b@group-C59962718ADF: shutdown
2019-09-24 21:33:05,001 [main] INFO  util.JmxRegister (JmxRegister.java:unregister(73)) - Successfully un-registered JMX Bean with object name Ratis:service=RaftServer,group=group-C59962718ADF,id=27512a76-9a5c-4715-8645-034ef34c1b92
2019-09-24 21:33:05,001 [ForkJoinPool.commonPool-worker-1] INFO  util.JmxRegister (JmxRegister.java:unregister(73)) - Successfully un-registered JMX Bean with object name Ratis:service=RaftServer,group=group-C59962718ADF,id=27644118-fb56-4745-bc35-a441072a932b
2019-09-24 21:33:05,002 [main] INFO  impl.RoleInfo (RoleInfo.java:shutdownFollowerState(121)) - 27512a76-9a5c-4715-8645-034ef34c1b92: shutdown FollowerState
2019-09-24 21:33:05,002 [ForkJoinPool.commonPool-worker-1] INFO  impl.RoleInfo (RoleInfo.java:shutdownLeaderState(104)) - 27644118-fb56-4745-bc35-a441072a932b: shutdown LeaderState
2019-09-24 21:33:05,002 [27512a76-9a5c-4715-8645-034ef34c1b92@group-C59962718ADF-StateMachineUpdater] INFO  ratis.ContainerStateMachine (ContainerStateMachine.java:takeSnapshot(289)) - group-C59962718ADF: Taking a snapshot at:(t:1, i:14) file /workdir/hadoop-ozone/integration-test/target/test-dir/MiniOzoneClusterImpl-e0eb44de-bd0e-4674-8e7b-4e6e9938c619/datanode-6/data/ratis/5d6f67af-7986-4605-8fed-c59962718adf/sm/snapshot.1_14
2019-09-24 21:33:05,002 [Thread-2964] INFO  impl.FollowerState (FollowerState.java:run(115)) - 27512a76-9a5c-4715-8645-034ef34c1b92: FollowerState was interrupted: java.lang.InterruptedException: sleep interrupted
2019-09-24 21:33:05,002 [main] INFO  impl.StateMachineUpdater (StateMachineUpdater.java:stopAndJoin(125)) - 27512a76-9a5c-4715-8645-034ef34c1b92@group-C59962718ADF-StateMachineUpdater: set stopIndex = 16
2019-09-24 21:33:05,004 [org.apache.ratis.server.impl.LogAppender$AppenderDaemon$$Lambda$507/2140265723@25d4b4fa] WARN  server.GrpcLogAppender (GrpcLogAppender.java:mayWait(143)) - 27644118-fb56-4745-bc35-a441072a932b@group-C59962718ADF->552ebd75-c27c-494a-8f75-4c4c056df87d-GrpcLogAppender: Wait interrupted by java.lang.InterruptedException
2019-09-24 21:33:05,004 [org.apache.ratis.server.impl.LogAppender$AppenderDaemon$$Lambda$507/2140265723@3d8d8c49] WARN  server.GrpcLogAppender (GrpcLogAppender.java:mayWait(143)) - 27644118-fb56-4745-bc35-a441072a932b@group-C59962718ADF->27512a76-9a5c-4715-8645-034ef34c1b92-GrpcLogAppender: Wait interrupted by java.lang.InterruptedException
2019-09-24 21:33:05,004 [ForkJoinPool.commonPool-worker-1] INFO  impl.PendingRequests (PendingRequests.java:sendNotLeaderResponses(202)) - 27644118-fb56-4745-bc35-a441072a932b-PendingRequests: sendNotLeaderResponses
2019-09-24 21:33:05,009 [grpc-default-executor-2] INFO  server.GrpcServerProtocolService (GrpcServerProtocolService.java:onCompleted(113)) - 27512a76-9a5c-4715-8645-034ef34c1b92: Completed APPEND_ENTRIES, lastRequest: 27644118-fb56-4745-bc35-a441072a932b->27512a76-9a5c-4715-8645-034ef34c1b92#29-t1, previous=(t:1, i:16), leaderCommit=16, initializing? false, entries: <empty>
2019-09-24 21:33:05,009 [ForkJoinPool.commonPool-worker-1] INFO  impl.StateMachineUpdater (StateMachineUpdater.java:stopAndJoin(125)) - 27644118-fb56-4745-bc35-a441072a932b@group-C59962718ADF-StateMachineUpdater: set stopIndex = 16
2019-09-24 21:33:05,009 [27644118-fb56-4745-bc35-a441072a932b@group-C59962718ADF-StateMachineUpdater] INFO  ratis.ContainerStateMachine (ContainerStateMachine.java:takeSnapshot(289)) - group-C59962718ADF: Taking a snapshot at:(t:1, i:14) file /workdir/hadoop-ozone/integration-test/target/test-dir/MiniOzoneClusterImpl-e0eb44de-bd0e-4674-8e7b-4e6e9938c619/datanode-5/data/ratis/5d6f67af-7986-4605-8fed-c59962718adf/sm/snapshot.1_14
2019-09-24 21:33:05,009 [grpc-default-executor-2] INFO  server.GrpcLogAppender (GrpcLogAppender.java:onCompleted(293)) - 27644118-fb56-4745-bc35-a441072a932b@group-C59962718ADF->27512a76-9a5c-4715-8645-034ef34c1b92-AppendLogResponseHandler: follower responses appendEntries COMPLETED
2019-09-24 21:33:05,010 [grpc-default-executor-2] INFO  impl.FollowerInfo (FollowerInfo.java:lambda$new$0(51)) - 27644118-fb56-4745-bc35-a441072a932b@group-C59962718ADF->27512a76-9a5c-4715-8645-034ef34c1b92: nextIndex: updateUnconditionally 17 -> 16
2019-09-24 21:33:05,020 [27512a76-9a5c-4715-8645-034ef34c1b92@group-C59962718ADF-StateMachineUpdater] INFO  ratis.ContainerStateMachine (ContainerStateMachine.java:takeSnapshot(300)) - group-C59962718ADF: Finished taking a snapshot at:(t:1, i:14) file:/workdir/hadoop-ozone/integration-test/target/test-dir/MiniOzoneClusterImpl-e0eb44de-bd0e-4674-8e7b-4e6e9938c619/datanode-6/data/ratis/5d6f67af-7986-4605-8fed-c59962718adf/sm/snapshot.1_14 time:17
2019-09-24 21:33:05,020 [27644118-fb56-4745-bc35-a441072a932b@group-C59962718ADF-StateMachineUpdater] INFO  ratis.ContainerStateMachine (ContainerStateMachine.java:takeSnapshot(300)) - group-C59962718ADF: Finished taking a snapshot at:(t:1, i:14) file:/workdir/hadoop-ozone/integration-test/target/test-dir/MiniOzoneClusterImpl-e0eb44de-bd0e-4674-8e7b-4e6e9938c619/datanode-5/data/ratis/5d6f67af-7986-4605-8fed-c59962718adf/sm/snapshot.1_14 time:11
2019-09-24 21:33:05,020 [27644118-fb56-4745-bc35-a441072a932b@group-C59962718ADF-StateMachineUpdater] INFO  impl.StateMachineUpdater (StateMachineUpdater.java:takeSnapshot(258)) - 27644118-fb56-4745-bc35-a441072a932b@group-C59962718ADF-StateMachineUpdater: Took a snapshot at index 14
2019-09-24 21:33:05,020 [27512a76-9a5c-4715-8645-034ef34c1b92@group-C59962718ADF-StateMachineUpdater] INFO  impl.StateMachineUpdater (StateMachineUpdater.java:takeSnapshot(258)) - 27512a76-9a5c-4715-8645-034ef34c1b92@group-C59962718ADF-StateMachineUpdater: Took a snapshot at index 14
2019-09-24 21:33:05,020 [27644118-fb56-4745-bc35-a441072a932b@group-C59962718ADF-StateMachineUpdater] INFO  impl.StateMachineUpdater (StateMachineUpdater.java:lambda$new$0(83)) - 27644118-fb56-4745-bc35-a441072a932b@group-C59962718ADF-StateMachineUpdater: snapshotIndex: updateIncreasingly -1 -> 14
2019-09-24 21:33:05,020 [27512a76-9a5c-4715-8645-034ef34c1b92@group-C59962718ADF-StateMachineUpdater] INFO  impl.StateMachineUpdater (StateMachineUpdater.java:lambda$new$0(83)) - 27512a76-9a5c-4715-8645-034ef34c1b92@group-C59962718ADF-StateMachineUpdater: snapshotIndex: updateIncreasingly -1 -> 14
2019-09-24 21:33:05,020 [27644118-fb56-4745-bc35-a441072a932b@group-C59962718ADF-StateMachineUpdater] INFO  ratis.ContainerStateMachine (ContainerStateMachine.java:takeSnapshot(289)) - group-C59962718ADF: Taking a snapshot at:(t:1, i:14) file /workdir/hadoop-ozone/integration-test/target/test-dir/MiniOzoneClusterImpl-e0eb44de-bd0e-4674-8e7b-4e6e9938c619/datanode-5/data/ratis/5d6f67af-7986-4605-8fed-c59962718adf/sm/snapshot.1_14
2019-09-24 21:33:05,021 [27512a76-9a5c-4715-8645-034ef34c1b92@group-C59962718ADF-StateMachineUpdater] INFO  ratis.ContainerStateMachine (ContainerStateMachine.java:takeSnapshot(289)) - group-C59962718ADF: Taking a snapshot at:(t:1, i:14) file /workdir/hadoop-ozone/integration-test/target/test-dir/MiniOzoneClusterImpl-e0eb44de-bd0e-4674-8e7b-4e6e9938c619/datanode-6/data/ratis/5d6f67af-7986-4605-8fed-c59962718adf/sm/snapshot.1_14
2019-09-24 21:33:05,033 [27512a76-9a5c-4715-8645-034ef34c1b92@group-C59962718ADF-StateMachineUpdater] INFO  ratis.ContainerStateMachine (ContainerStateMachine.java:takeSnapshot(300)) - group-C59962718ADF: Finished taking a snapshot at:(t:1, i:14) file:/workdir/hadoop-ozone/integration-test/target/test-dir/MiniOzoneClusterImpl-e0eb44de-bd0e-4674-8e7b-4e6e9938c619/datanode-6/data/ratis/5d6f67af-7986-4605-8fed-c59962718adf/sm/snapshot.1_14 time:13
2019-09-24 21:33:05,033 [27644118-fb56-4745-bc35-a441072a932b@group-C59962718ADF-StateMachineUpdater] INFO  ratis.ContainerStateMachine (ContainerStateMachine.java:takeSnapshot(300)) - group-C59962718ADF: Finished taking a snapshot at:(t:1, i:14) file:/workdir/hadoop-ozone/integration-test/target/test-dir/MiniOzoneClusterImpl-e0eb44de-bd0e-4674-8e7b-4e6e9938c619/datanode-5/data/ratis/5d6f67af-7986-4605-8fed-c59962718adf/sm/snapshot.1_14 time:13
2019-09-24 21:33:05,033 [27512a76-9a5c-4715-8645-034ef34c1b92@group-C59962718ADF-StateMachineUpdater] INFO  impl.StateMachineUpdater (StateMachineUpdater.java:takeSnapshot(258)) - 27512a76-9a5c-4715-8645-034ef34c1b92@group-C59962718ADF-StateMachineUpdater: Took a snapshot at index 14
2019-09-24 21:33:05,034 [27512a76-9a5c-4715-8645-034ef34c1b92@group-C59962718ADF-StateMachineUpdater] INFO  impl.StateMachineUpdater (StateMachineUpdater.java:lambda$new$0(83)) - 27512a76-9a5c-4715-8645-034ef34c1b92@group-C59962718ADF-StateMachineUpdater: snapshotIndex: updateIncreasingly 14 -> 14
2019-09-24 21:33:05,034 [27644118-fb56-4745-bc35-a441072a932b@group-C59962718ADF-StateMachineUpdater] INFO  impl.StateMachineUpdater (StateMachineUpdater.java:takeSnapshot(258)) - 27644118-fb56-4745-bc35-a441072a932b@group-C59962718ADF-StateMachineUpdater: Took a snapshot at index 14
2019-09-24 21:33:05,034 [27644118-fb56-4745-bc35-a441072a932b@group-C59962718ADF-StateMachineUpdater] INFO  impl.StateMachineUpdater (StateMachineUpdater.java:lambda$new$0(83)) - 27644118-fb56-4745-bc35-a441072a932b@group-C59962718ADF-StateMachineUpdater: snapshotIndex: updateIncreasingly 14 -> 14
2019-09-24 21:33:05,034 [main] INFO  impl.RaftServerImpl (ServerState.java:close(385)) - 27512a76-9a5c-4715-8645-034ef34c1b92@group-C59962718ADF: closes. applyIndex: 16
2019-09-24 21:33:05,034 [ForkJoinPool.commonPool-worker-1] INFO  impl.RaftServerImpl (ServerState.java:close(385)) - 27644118-fb56-4745-bc35-a441072a932b@group-C59962718ADF: closes. applyIndex: 16
2019-09-24 21:33:05,034 [27512a76-9a5c-4715-8645-034ef34c1b92@group-C59962718ADF-SegmentedRaftLogWorker] INFO  segmented.SegmentedRaftLogWorker (SegmentedRaftLogWorker.java:run(313)) - 27512a76-9a5c-4715-8645-034ef34c1b92@group-C59962718ADF-SegmentedRaftLogWorker was interrupted, exiting. There are 0 tasks remaining in the queue.
2019-09-24 21:33:05,035 [27644118-fb56-4745-bc35-a441072a932b@group-C59962718ADF-SegmentedRaftLogWorker] INFO  segmented.SegmentedRaftLogWorker (SegmentedRaftLogWorker.java:run(313)) - 27644118-fb56-4745-bc35-a441072a932b@group-C59962718ADF-SegmentedRaftLogWorker was interrupted, exiting. There are 0 tasks remaining in the queue.
2019-09-24 21:33:05,036 [main] INFO  segmented.SegmentedRaftLogWorker (SegmentedRaftLogWorker.java:close(228)) - 27512a76-9a5c-4715-8645-034ef34c1b92@group-C59962718ADF-SegmentedRaftLogWorker close()
2019-09-24 21:33:05,042 [ForkJoinPool.commonPool-worker-1] INFO  segmented.SegmentedRaftLogWorker (SegmentedRaftLogWorker.java:close(228)) - 27644118-fb56-4745-bc35-a441072a932b@group-C59962718ADF-SegmentedRaftLogWorker close()
2019-09-24 21:33:05,043 [main] INFO  server.GrpcService (GrpcService.java:closeImpl(164)) - 27512a76-9a5c-4715-8645-034ef34c1b92: shutdown server with port 42353 now
2019-09-24 21:33:05,044 [ForkJoinPool.commonPool-worker-1] INFO  server.GrpcService (GrpcService.java:closeImpl(164)) - 27644118-fb56-4745-bc35-a441072a932b: shutdown server with port 36389 now
2019-09-24 21:33:05,045 [main] INFO  server.GrpcService (GrpcService.java:closeImpl(172)) - 27512a76-9a5c-4715-8645-034ef34c1b92: shutdown server with port 42353 successfully
2019-09-24 21:33:05,046 [grpc-default-executor-8] WARN  client.GrpcClientProtocolService (LogUtils.java:warn(134)) - 1-UnorderedRequestStreamObserver1: onError: org.apache.ratis.thirdparty.io.grpc.StatusRuntimeException: CANCELLED: cancelled before receiving half close
2019-09-24 21:33:05,046 [ForkJoinPool.commonPool-worker-1] INFO  server.GrpcService (GrpcService.java:closeImpl(172)) - 27644118-fb56-4745-bc35-a441072a932b: shutdown server with port 36389 successfully
2019-09-24 21:33:05,049 [refreshUsed-/workdir/hadoop-ozone/integration-test/target/test-dir/MiniOzoneClusterImpl-e0eb44de-bd0e-4674-8e7b-4e6e9938c619/datanode-6/data/containers] WARN  fs.CachingGetSpaceUsed (CachingGetSpaceUsed.java:run(183)) - Thread Interrupted waiting to refresh disk information: sleep interrupted
2019-09-24 21:33:05,056 [refreshUsed-/workdir/hadoop-ozone/integration-test/target/test-dir/MiniOzoneClusterImpl-e0eb44de-bd0e-4674-8e7b-4e6e9938c619/datanode-5/data/containers] WARN  fs.CachingGetSpaceUsed (CachingGetSpaceUsed.java:run(183)) - Thread Interrupted waiting to refresh disk information: sleep interrupted
2019-09-24 21:33:05,075 [ForkJoinPool.commonPool-worker-1] INFO  utils.BackgroundService (BackgroundService.java:shutdown(148)) - Shutting down service BlockDeletingService
2019-09-24 21:33:05,075 [main] INFO  utils.BackgroundService (BackgroundService.java:shutdown(148)) - Shutting down service BlockDeletingService
2019-09-24 21:33:05,079 [ForkJoinPool.commonPool-worker-1] INFO  statemachine.DatanodeStateMachine (DatanodeStateMachine.java:stopDaemon(395)) - Ozone container server stopped.
2019-09-24 21:33:05,080 [main] INFO  statemachine.DatanodeStateMachine (DatanodeStateMachine.java:stopDaemon(395)) - Ozone container server stopped.
2019-09-24 21:33:05,083 [ForkJoinPool.commonPool-worker-1] INFO  handler.ContextHandler (ContextHandler.java:doStop(910)) - Stopped o.e.j.w.WebAppContext@7af327e3{/,null,UNAVAILABLE}{/hddsDatanode}
2019-09-24 21:33:05,083 [main] INFO  handler.ContextHandler (ContextHandler.java:doStop(910)) - Stopped o.e.j.w.WebAppContext@6d874695{/,null,UNAVAILABLE}{/hddsDatanode}
2019-09-24 21:33:05,084 [ForkJoinPool.commonPool-worker-1] INFO  server.AbstractConnector (AbstractConnector.java:doStop(318)) - Stopped ServerConnector@743d0d44{HTTP/1.1,[http/1.1]}{0.0.0.0:0}
2019-09-24 21:33:05,085 [main] INFO  server.AbstractConnector (AbstractConnector.java:doStop(318)) - Stopped ServerConnector@20bb85b4{HTTP/1.1,[http/1.1]}{0.0.0.0:0}
2019-09-24 21:33:05,085 [ForkJoinPool.commonPool-worker-1] INFO  handler.ContextHandler (ContextHandler.java:doStop(910)) - Stopped o.e.j.s.ServletContextHandler@14e750c5{/static,jar:file:/home/user/.m2/repository/org/apache/hadoop/hadoop-hdds-container-service/0.5.0-SNAPSHOT/hadoop-hdds-container-service-0.5.0-SNAPSHOT.jar!/webapps/static,UNAVAILABLE}
2019-09-24 21:33:05,085 [main] INFO  handler.ContextHandler (ContextHandler.java:doStop(910)) - Stopped o.e.j.s.ServletContextHandler@149aa7b2{/static,jar:file:/home/user/.m2/repository/org/apache/hadoop/hadoop-hdds-container-service/0.5.0-SNAPSHOT/hadoop-hdds-container-service-0.5.0-SNAPSHOT.jar!/webapps/static,UNAVAILABLE}
2019-09-24 21:33:05,086 [ForkJoinPool.commonPool-worker-1] INFO  handler.ContextHandler (ContextHandler.java:doStop(910)) - Stopped o.e.j.s.ServletContextHandler@7911cc15{/logs,file:///workdir/hadoop-ozone/integration-test/target/log,UNAVAILABLE}
2019-09-24 21:33:05,086 [main] INFO  handler.ContextHandler (ContextHandler.java:doStop(910)) - Stopped o.e.j.s.ServletContextHandler@56cfe6be{/logs,file:///workdir/hadoop-ozone/integration-test/target/log,UNAVAILABLE}
2019-09-24 21:33:05,087 [main] INFO  ozone.MiniOzoneClusterImpl (MiniOzoneClusterImpl.java:stopSCM(392)) - Stopping the StorageContainerManager
2019-09-24 21:33:05,087 [main] INFO  server.StorageContainerManager (StorageContainerManager.java:stop(808)) - Stopping Replication Manager Service.
2019-09-24 21:33:05,088 [main] INFO  container.ReplicationManager (ReplicationManager.java:stop(203)) - Stopping Replication Monitor Thread.
2019-09-24 21:33:05,088 [main] INFO  server.StorageContainerManager (StorageContainerManager.java:stop(815)) - Stopping Lease Manager of the command watchers
2019-09-24 21:33:05,088 [main] INFO  server.StorageContainerManager (StorageContainerManager.java:stop(822)) - Stopping datanode service RPC server
2019-09-24 21:33:05,088 [main] INFO  server.SCMDatanodeProtocolServer (SCMDatanodeProtocolServer.java:stop(367)) - Stopping the RPC server for DataNodes
2019-09-24 21:33:05,088 [main] INFO  ipc.Server (Server.java:stop(3082)) - Stopping server on 41909
2019-09-24 21:33:05,090 [IPC Server listener on 41909] INFO  ipc.Server (Server.java:run(1185)) - Stopping IPC Server listener on 41909
2019-09-24 21:33:05,090 [IPC Server Responder] INFO  ipc.Server (Server.java:run(1319)) - Stopping IPC Server Responder
2019-09-24 21:33:05,136 [SCM Heartbeat Processing Thread - 0] WARN  node.NodeStateManager (NodeStateManager.java:scheduleNextHealthCheck(646)) - Current Thread is interrupted, shutting down HB processing thread for Node Manager.
2019-09-24 21:33:05,136 [main] INFO  server.StorageContainerManager (StorageContainerManager.java:stop(830)) - Stopping block service RPC server
2019-09-24 21:33:05,137 [main] INFO  server.SCMBlockProtocolServer (SCMBlockProtocolServer.java:stop(155)) - Stopping the RPC server for Block Protocol
2019-09-24 21:33:05,137 [main] INFO  ipc.Server (Server.java:stop(3082)) - Stopping server on 42134
2019-09-24 21:33:05,140 [IPC Server listener on 42134] INFO  ipc.Server (Server.java:run(1185)) - Stopping IPC Server listener on 42134
2019-09-24 21:33:05,140 [main] INFO  server.StorageContainerManager (StorageContainerManager.java:stop(837)) - Stopping the StorageContainerLocationProtocol RPC server
2019-09-24 21:33:05,140 [IPC Server Responder] INFO  ipc.Server (Server.java:run(1319)) - Stopping IPC Server Responder
2019-09-24 21:33:05,140 [main] INFO  server.SCMClientProtocolServer (SCMClientProtocolServer.java:stop(159)) - Stopping the RPC server for Client Protocol
2019-09-24 21:33:05,141 [main] INFO  ipc.Server (Server.java:stop(3082)) - Stopping server on 33529
2019-09-24 21:33:05,144 [IPC Server listener on 33529] INFO  ipc.Server (Server.java:run(1185)) - Stopping IPC Server listener on 33529
2019-09-24 21:33:05,144 [main] INFO  server.StorageContainerManager (StorageContainerManager.java:stop(844)) - Stopping Storage Container Manager HTTP server.
2019-09-24 21:33:05,144 [IPC Server Responder] INFO  ipc.Server (Server.java:run(1319)) - Stopping IPC Server Responder
2019-09-24 21:33:05,145 [main] INFO  handler.ContextHandler (ContextHandler.java:doStop(910)) - Stopped o.e.j.w.WebAppContext@63e5b8aa{/,null,UNAVAILABLE}{/scm}
2019-09-24 21:33:05,146 [main] INFO  server.AbstractConnector (AbstractConnector.java:doStop(318)) - Stopped ServerConnector@2c9306d3{HTTP/1.1,[http/1.1]}{0.0.0.0:0}
2019-09-24 21:33:05,146 [main] INFO  handler.ContextHandler (ContextHandler.java:doStop(910)) - Stopped o.e.j.s.ServletContextHandler@1a1c21b4{/static,file:///workdir/hadoop-ozone/integration-test/target/test-classes/webapps/static,UNAVAILABLE}
2019-09-24 21:33:05,147 [main] INFO  handler.ContextHandler (ContextHandler.java:doStop(910)) - Stopped o.e.j.s.ServletContextHandler@34a20f16{/logs,file:///workdir/hadoop-ozone/integration-test/target/log,UNAVAILABLE}
2019-09-24 21:33:05,147 [main] INFO  server.StorageContainerManager (StorageContainerManager.java:stop(855)) - Stopping Block Manager Service.
2019-09-24 21:33:05,148 [main] INFO  utils.BackgroundService (BackgroundService.java:shutdown(148)) - Shutting down service SCMBlockDeletingService
2019-09-24 21:33:05,148 [main] INFO  utils.BackgroundService (BackgroundService.java:shutdown(148)) - Shutting down service SCMBlockDeletingService
2019-09-24 21:33:05,148 [main] INFO  server.StorageContainerManager (StorageContainerManager.java:stop(877)) - Stopping SCM Event Queue.
2019-09-24 21:33:05,152 [main] INFO  impl.MetricsSystemImpl (MetricsSystemImpl.java:stop(210)) - Stopping HddsDatanode metrics system...
2019-09-24 21:33:05,172 [main] INFO  impl.MetricsSystemImpl (MetricsSystemImpl.java:stop(216)) - HddsDatanode metrics system stopped.
]]></system-out>
    <system-err><![CDATA[Sep 24, 2019 9:32:59 PM org.apache.ratis.thirdparty.io.grpc.internal.SerializingExecutor run
SEVERE: Exception while executing runnable org.apache.ratis.thirdparty.io.grpc.internal.ServerImpl$JumpToApplicationThreadServerStreamListener$1Closed@39817d4d
org.apache.ratis.thirdparty.io.grpc.StatusRuntimeException: CANCELLED: call already cancelled
	at org.apache.ratis.thirdparty.io.grpc.Status.asRuntimeException(Status.java:517)
	at org.apache.ratis.thirdparty.io.grpc.stub.ServerCalls$ServerCallStreamObserverImpl.onCompleted(ServerCalls.java:356)
	at org.apache.ratis.grpc.server.GrpcServerProtocolService$ServerRequestStreamObserver.onError(GrpcServerProtocolService.java:121)
	at org.apache.ratis.thirdparty.io.grpc.stub.ServerCalls$StreamingServerCallHandler$StreamingServerCallListener.onCancel(ServerCalls.java:269)
	at org.apache.ratis.thirdparty.io.grpc.internal.ServerCallImpl$ServerStreamListenerImpl.closed(ServerCallImpl.java:293)
	at org.apache.ratis.thirdparty.io.grpc.internal.ServerImpl$JumpToApplicationThreadServerStreamListener$1Closed.runInContext(ServerImpl.java:741)
	at org.apache.ratis.thirdparty.io.grpc.internal.ContextRunnable.run(ContextRunnable.java:37)
	at org.apache.ratis.thirdparty.io.grpc.internal.SerializingExecutor.run(SerializingExecutor.java:123)
	at java.util.concurrent.ThreadPoolExecutor.runWorker(ThreadPoolExecutor.java:1149)
	at java.util.concurrent.ThreadPoolExecutor$Worker.run(ThreadPoolExecutor.java:624)
	at java.lang.Thread.run(Thread.java:748)

]]></system-err>
  </testcase>
  <testcase name="testFailureWithPrimeSizedData" classname="org.apache.hadoop.ozone.client.rpc.TestBlockOutputStreamWithFailures" time="33.307"/>
  <testcase name="testWatchForCommitWithCloseContainerException" classname="org.apache.hadoop.ozone.client.rpc.TestBlockOutputStreamWithFailures" time="33.303"/>
  <testcase name="testExceptionDuringClose" classname="org.apache.hadoop.ozone.client.rpc.TestBlockOutputStreamWithFailures" time="35.102"/>
</testsuite>