<?xml version="1.0" encoding="UTF-8"?>
<testsuite xmlns:xsi="http://www.w3.org/2001/XMLSchema-instance" xsi:noNamespaceSchemaLocation="https://maven.apache.org/surefire/maven-surefire-plugin/xsd/surefire-test-report.xsd" name="org.apache.hadoop.ozone.client.rpc.TestCommitWatcher" time="49.457" tests="2" errors="0" skipped="0" failures="1">
  <properties>
    <property name="awt.toolkit" value="sun.awt.X11.XToolkit"/>
    <property name="file.encoding.pkg" value="sun.io"/>
    <property name="java.specification.version" value="1.8"/>
    <property name="sun.cpu.isalist" value=""/>
    <property name="sun.jnu.encoding" value="UTF-8"/>
    <property name="java.class.path" value="/workdir/hadoop-ozone/integration-test/target/test-classes:/workdir/hadoop-ozone/integration-test/target/classes:/home/user/.m2/repository/org/apache/hadoop/hadoop-ozone-common/0.5.0-SNAPSHOT/hadoop-ozone-common-0.5.0-SNAPSHOT.jar:/home/user/.m2/repository/org/apache/commons/commons-compress/1.4.1/commons-compress-1.4.1.jar:/home/user/.m2/repository/org/tukaani/xz/1.0/xz-1.0.jar:/home/user/.m2/repository/org/apache/hadoop/hadoop-common/3.2.0/hadoop-common-3.2.0.jar:/home/user/.m2/repository/org/apache/hadoop/hadoop-hdfs/3.2.0/hadoop-hdfs-3.2.0.jar:/home/user/.m2/repository/org/apache/hadoop/hadoop-hdfs-client/3.2.0/hadoop-hdfs-client-3.2.0.jar:/home/user/.m2/repository/com/fasterxml/jackson/core/jackson-annotations/2.9.5/jackson-annotations-2.9.5.jar:/home/user/.m2/repository/org/apache/hadoop/hadoop-hdds-common/0.5.0-SNAPSHOT/hadoop-hdds-common-0.5.0-SNAPSHOT.jar:/home/user/.m2/repository/javax/annotation/javax.annotation-api/1.2/javax.annotation-api-1.2.jar:/home/user/.m2/repository/org/apache/ratis/ratis-server/0.4.0-2337318-SNAPSHOT/ratis-server-0.4.0-2337318-SNAPSHOT.jar:/home/user/.m2/repository/org/apache/ratis/ratis-thirdparty-misc/0.2.0/ratis-thirdparty-misc-0.2.0.jar:/home/user/.m2/repository/org/apache/ratis/ratis-proto/0.4.0-2337318-SNAPSHOT/ratis-proto-0.4.0-2337318-SNAPSHOT.jar:/home/user/.m2/repository/org/apache/ratis/ratis-common/0.4.0-2337318-SNAPSHOT/ratis-common-0.4.0-2337318-SNAPSHOT.jar:/home/user/.m2/repository/org/apache/ratis/ratis-client/0.4.0-2337318-SNAPSHOT/ratis-client-0.4.0-2337318-SNAPSHOT.jar:/home/user/.m2/repository/org/apache/ratis/ratis-metrics/0.4.0-2337318-SNAPSHOT/ratis-metrics-0.4.0-2337318-SNAPSHOT.jar:/home/user/.m2/repository/org/apache/ratis/ratis-netty/0.4.0-2337318-SNAPSHOT/ratis-netty-0.4.0-2337318-SNAPSHOT.jar:/home/user/.m2/repository/org/apache/ratis/ratis-grpc/0.4.0-2337318-SNAPSHOT/ratis-grpc-0.4.0-2337318-SNAPSHOT.jar:/home/user/.m2/repository/org/rocksdb/rocksdbjni/6.0.1/rocksdbjni-6.0.1.jar:/home/user/.m2/repository/org/apache/logging/log4j/log4j-api/2.11.0/log4j-api-2.11.0.jar:/home/user/.m2/repository/org/apache/logging/log4j/log4j-core/2.11.0/log4j-core-2.11.0.jar:/home/user/.m2/repository/com/lmax/disruptor/3.4.2/disruptor-3.4.2.jar:/home/user/.m2/repository/org/apache/commons/commons-pool2/2.6.0/commons-pool2-2.6.0.jar:/home/user/.m2/repository/org/bouncycastle/bcpkix-jdk15on/1.60/bcpkix-jdk15on-1.60.jar:/home/user/.m2/repository/commons-validator/commons-validator/1.6/commons-validator-1.6.jar:/home/user/.m2/repository/commons-digester/commons-digester/1.8.1/commons-digester-1.8.1.jar:/home/user/.m2/repository/io/jaegertracing/jaeger-client/0.33.1/jaeger-client-0.33.1.jar:/home/user/.m2/repository/io/jaegertracing/jaeger-thrift/0.33.1/jaeger-thrift-0.33.1.jar:/home/user/.m2/repository/org/apache/thrift/libthrift/0.11.0/libthrift-0.11.0.jar:/home/user/.m2/repository/com/squareup/okhttp3/okhttp/3.9.0/okhttp-3.9.0.jar:/home/user/.m2/repository/com/squareup/okio/okio/1.13.0/okio-1.13.0.jar:/home/user/.m2/repository/io/jaegertracing/jaeger-core/0.33.1/jaeger-core-0.33.1.jar:/home/user/.m2/repository/io/jaegertracing/jaeger-tracerresolver/0.33.1/jaeger-tracerresolver-0.33.1.jar:/home/user/.m2/repository/io/opentracing/contrib/opentracing-tracerresolver/0.1.5/opentracing-tracerresolver-0.1.5.jar:/home/user/.m2/repository/io/opentracing/opentracing-util/0.31.0/opentracing-util-0.31.0.jar:/home/user/.m2/repository/io/opentracing/opentracing-api/0.31.0/opentracing-api-0.31.0.jar:/home/user/.m2/repository/io/opentracing/opentracing-noop/0.31.0/opentracing-noop-0.31.0.jar:/home/user/.m2/repository/org/apache/hadoop/hadoop-hdds-server-framework/0.5.0-SNAPSHOT/hadoop-hdds-server-framework-0.5.0-SNAPSHOT.jar:/home/user/.m2/repository/org/apache/hadoop/hadoop-hdds-container-service/0.5.0-SNAPSHOT/hadoop-hdds-container-service-0.5.0-SNAPSHOT.jar:/home/user/.m2/repository/org/apache/hadoop/hadoop-hdds-client/0.5.0-SNAPSHOT/hadoop-hdds-client-0.5.0-SNAPSHOT.jar:/home/user/.m2/repository/org/apache/hadoop/hadoop-hdds-tools/0.5.0-SNAPSHOT/hadoop-hdds-tools-0.5.0-SNAPSHOT.jar:/home/user/.m2/repository/org/apache/hadoop/hadoop-hdds-server-scm/0.5.0-SNAPSHOT/hadoop-hdds-server-scm-0.5.0-SNAPSHOT.jar:/home/user/.m2/repository/org/apache/hadoop/hadoop-hdds-docs/0.5.0-SNAPSHOT/hadoop-hdds-docs-0.5.0-SNAPSHOT.jar:/home/user/.m2/repository/io/dropwizard/metrics/metrics-core/3.2.4/metrics-core-3.2.4.jar:/home/user/.m2/repository/org/hamcrest/hamcrest-all/1.3/hamcrest-all-1.3.jar:/home/user/.m2/repository/org/bouncycastle/bcprov-jdk15on/1.60/bcprov-jdk15on-1.60.jar:/home/user/.m2/repository/info/picocli/picocli/3.9.6/picocli-3.9.6.jar:/home/user/.m2/repository/com/google/protobuf/protobuf-java/2.5.0/protobuf-java-2.5.0.jar:/home/user/.m2/repository/com/google/guava/guava/11.0.2/guava-11.0.2.jar:/home/user/.m2/repository/org/apache/hadoop/hadoop-ozone-ozone-manager/0.5.0-SNAPSHOT/hadoop-ozone-ozone-manager-0.5.0-SNAPSHOT.jar:/home/user/.m2/repository/org/apache/hadoop/hadoop-minikdc/3.2.0/hadoop-minikdc-3.2.0.jar:/home/user/.m2/repository/commons-io/commons-io/2.5/commons-io-2.5.jar:/home/user/.m2/repository/org/apache/kerby/kerb-simplekdc/1.0.1/kerb-simplekdc-1.0.1.jar:/home/user/.m2/repository/org/apache/kerby/kerb-client/1.0.1/kerb-client-1.0.1.jar:/home/user/.m2/repository/org/apache/kerby/kerby-config/1.0.1/kerby-config-1.0.1.jar:/home/user/.m2/repository/org/apache/kerby/kerb-core/1.0.1/kerb-core-1.0.1.jar:/home/user/.m2/repository/org/apache/kerby/kerby-pkix/1.0.1/kerby-pkix-1.0.1.jar:/home/user/.m2/repository/org/apache/kerby/kerby-asn1/1.0.1/kerby-asn1-1.0.1.jar:/home/user/.m2/repository/org/apache/kerby/kerby-util/1.0.1/kerby-util-1.0.1.jar:/home/user/.m2/repository/org/apache/kerby/kerb-common/1.0.1/kerb-common-1.0.1.jar:/home/user/.m2/repository/org/apache/kerby/kerb-crypto/1.0.1/kerb-crypto-1.0.1.jar:/home/user/.m2/repository/org/apache/kerby/kerb-util/1.0.1/kerb-util-1.0.1.jar:/home/user/.m2/repository/org/apache/kerby/token-provider/1.0.1/token-provider-1.0.1.jar:/home/user/.m2/repository/org/apache/kerby/kerb-admin/1.0.1/kerb-admin-1.0.1.jar:/home/user/.m2/repository/org/apache/kerby/kerb-server/1.0.1/kerb-server-1.0.1.jar:/home/user/.m2/repository/org/apache/kerby/kerb-identity/1.0.1/kerb-identity-1.0.1.jar:/home/user/.m2/repository/org/apache/kerby/kerby-xdr/1.0.1/kerby-xdr-1.0.1.jar:/home/user/.m2/repository/org/slf4j/slf4j-log4j12/1.7.25/slf4j-log4j12-1.7.25.jar:/home/user/.m2/repository/org/apache/hadoop/hadoop-ozone-objectstore-service/0.5.0-SNAPSHOT/hadoop-ozone-objectstore-service-0.5.0-SNAPSHOT.jar:/home/user/.m2/repository/org/apache/hadoop/hadoop-ozone-s3gateway/0.5.0-SNAPSHOT/hadoop-ozone-s3gateway-0.5.0-SNAPSHOT.jar:/home/user/.m2/repository/org/jboss/weld/servlet/weld-servlet/2.4.7.Final/weld-servlet-2.4.7.Final.jar:/home/user/.m2/repository/org/glassfish/jersey/containers/jersey-container-servlet-core/2.27/jersey-container-servlet-core-2.27.jar:/home/user/.m2/repository/org/glassfish/hk2/external/javax.inject/2.5.0-b42/javax.inject-2.5.0-b42.jar:/home/user/.m2/repository/org/glassfish/jersey/core/jersey-common/2.27/jersey-common-2.27.jar:/home/user/.m2/repository/org/glassfish/hk2/osgi-resource-locator/1.0.1/osgi-resource-locator-1.0.1.jar:/home/user/.m2/repository/javax/ws/rs/javax.ws.rs-api/2.1/javax.ws.rs-api-2.1.jar:/home/user/.m2/repository/org/glassfish/jersey/ext/cdi/jersey-cdi1x/2.27/jersey-cdi1x-2.27.jar:/home/user/.m2/repository/org/glassfish/jersey/inject/jersey-hk2/2.27/jersey-hk2-2.27.jar:/home/user/.m2/repository/org/glassfish/hk2/hk2-locator/2.5.0-b42/hk2-locator-2.5.0-b42.jar:/home/user/.m2/repository/org/javassist/javassist/3.22.0-CR2/javassist-3.22.0-CR2.jar:/home/user/.m2/repository/org/glassfish/hk2/hk2-api/2.5.0/hk2-api-2.5.0.jar:/home/user/.m2/repository/org/glassfish/hk2/external/jakarta.inject/2.5.0/jakarta.inject-2.5.0.jar:/home/user/.m2/repository/org/glassfish/hk2/hk2-utils/2.5.0/hk2-utils-2.5.0.jar:/home/user/.m2/repository/jakarta/annotation/jakarta.annotation-api/1.3.4/jakarta.annotation-api-1.3.4.jar:/home/user/.m2/repository/org/glassfish/hk2/external/aopalliance-repackaged/2.5.0/aopalliance-repackaged-2.5.0.jar:/home/user/.m2/repository/com/fasterxml/jackson/dataformat/jackson-dataformat-xml/2.9.0/jackson-dataformat-xml-2.9.0.jar:/home/user/.m2/repository/com/fasterxml/jackson/core/jackson-core/2.9.5/jackson-core-2.9.5.jar:/home/user/.m2/repository/com/fasterxml/jackson/module/jackson-module-jaxb-annotations/2.9.5/jackson-module-jaxb-annotations-2.9.5.jar:/home/user/.m2/repository/javax/enterprise/cdi-api/1.2/cdi-api-1.2.jar:/home/user/.m2/repository/javax/el/javax.el-api/3.0.0/javax.el-api-3.0.0.jar:/home/user/.m2/repository/javax/interceptor/javax.interceptor-api/1.2/javax.interceptor-api-1.2.jar:/home/user/.m2/repository/javax/inject/javax.inject/1/javax.inject-1.jar:/home/user/.m2/repository/com/sun/xml/bind/jaxb-impl/2.3.0.1/jaxb-impl-2.3.0.1.jar:/home/user/.m2/repository/com/sun/xml/bind/jaxb-core/2.3.0.1/jaxb-core-2.3.0.1.jar:/home/user/.m2/repository/javax/xml/bind/jaxb-api/2.3.0/jaxb-api-2.3.0.jar:/home/user/.m2/repository/javax/activation/activation/1.1.1/activation-1.1.1.jar:/home/user/.m2/repository/org/apache/hadoop/hadoop-ozone-csi/0.5.0-SNAPSHOT/hadoop-ozone-csi-0.5.0-SNAPSHOT.jar:/home/user/.m2/repository/com/google/protobuf/protobuf-java-util/3.5.1/protobuf-java-util-3.5.1.jar:/home/user/.m2/repository/org/apache/hadoop/hadoop-hdds-config/0.5.0-SNAPSHOT/hadoop-hdds-config-0.5.0-SNAPSHOT.jar:/home/user/.m2/repository/io/grpc/grpc-netty/1.17.1/grpc-netty-1.17.1.jar:/home/user/.m2/repository/io/grpc/grpc-core/1.17.1/grpc-core-1.17.1.jar:/home/user/.m2/repository/io/grpc/grpc-context/1.17.1/grpc-context-1.17.1.jar:/home/user/.m2/repository/com/google/errorprone/error_prone_annotations/2.2.0/error_prone_annotations-2.2.0.jar:/home/user/.m2/repository/org/codehaus/mojo/animal-sniffer-annotations/1.17/animal-sniffer-annotations-1.17.jar:/home/user/.m2/repository/io/opencensus/opencensus-api/0.17.0/opencensus-api-0.17.0.jar:/home/user/.m2/repository/io/opencensus/opencensus-contrib-grpc-metrics/0.17.0/opencensus-contrib-grpc-metrics-0.17.0.jar:/home/user/.m2/repository/io/netty/netty-codec-http2/4.1.30.Final/netty-codec-http2-4.1.30.Final.jar:/home/user/.m2/repository/io/netty/netty-codec-http/4.1.30.Final/netty-codec-http-4.1.30.Final.jar:/home/user/.m2/repository/io/netty/netty-codec/4.1.30.Final/netty-codec-4.1.30.Final.jar:/home/user/.m2/repository/io/netty/netty-handler/4.1.30.Final/netty-handler-4.1.30.Final.jar:/home/user/.m2/repository/io/netty/netty-handler-proxy/4.1.30.Final/netty-handler-proxy-4.1.30.Final.jar:/home/user/.m2/repository/io/netty/netty-codec-socks/4.1.30.Final/netty-codec-socks-4.1.30.Final.jar:/home/user/.m2/repository/io/netty/netty-transport-native-epoll/4.1.30.Final/netty-transport-native-epoll-4.1.30.Final.jar:/home/user/.m2/repository/io/netty/netty-common/4.1.30.Final/netty-common-4.1.30.Final.jar:/home/user/.m2/repository/io/netty/netty-buffer/4.1.30.Final/netty-buffer-4.1.30.Final.jar:/home/user/.m2/repository/io/netty/netty-transport/4.1.30.Final/netty-transport-4.1.30.Final.jar:/home/user/.m2/repository/io/netty/netty-resolver/4.1.30.Final/netty-resolver-4.1.30.Final.jar:/home/user/.m2/repository/io/netty/netty-transport-native-unix-common/4.1.30.Final/netty-transport-native-unix-common-4.1.30.Final.jar:/home/user/.m2/repository/io/grpc/grpc-protobuf/1.17.1/grpc-protobuf-1.17.1.jar:/home/user/.m2/repository/com/google/api/grpc/proto-google-common-protos/1.0.0/proto-google-common-protos-1.0.0.jar:/home/user/.m2/repository/io/grpc/grpc-protobuf-lite/1.17.1/grpc-protobuf-lite-1.17.1.jar:/home/user/.m2/repository/io/grpc/grpc-stub/1.17.1/grpc-stub-1.17.1.jar:/home/user/.m2/repository/org/apache/hadoop/hadoop-ozone-recon/0.5.0-SNAPSHOT/hadoop-ozone-recon-0.5.0-SNAPSHOT.jar:/home/user/.m2/repository/org/apache/hadoop/hadoop-ozone-reconcodegen/0.5.0-SNAPSHOT/hadoop-ozone-reconcodegen-0.5.0-SNAPSHOT.jar:/home/user/.m2/repository/com/google/inject/extensions/guice-multibindings/4.0/guice-multibindings-4.0.jar:/home/user/.m2/repository/com/google/inject/guice/4.0/guice-4.0.jar:/home/user/.m2/repository/aopalliance/aopalliance/1.0/aopalliance-1.0.jar:/home/user/.m2/repository/com/google/inject/extensions/guice-servlet/4.0/guice-servlet-4.0.jar:/home/user/.m2/repository/org/glassfish/jersey/containers/jersey-container-servlet/2.27/jersey-container-servlet-2.27.jar:/home/user/.m2/repository/org/glassfish/hk2/guice-bridge/2.5.0/guice-bridge-2.5.0.jar:/home/user/.m2/repository/org/glassfish/jersey/core/jersey-server/2.27/jersey-server-2.27.jar:/home/user/.m2/repository/org/glassfish/jersey/core/jersey-client/2.27/jersey-client-2.27.jar:/home/user/.m2/repository/org/glassfish/jersey/media/jersey-media-jaxb/2.27/jersey-media-jaxb-2.27.jar:/home/user/.m2/repository/javax/validation/validation-api/1.1.0.Final/validation-api-1.1.0.Final.jar:/home/user/.m2/repository/org/glassfish/jersey/media/jersey-media-json-jackson/2.27/jersey-media-json-jackson-2.27.jar:/home/user/.m2/repository/org/glassfish/jersey/ext/jersey-entity-filtering/2.27/jersey-entity-filtering-2.27.jar:/home/user/.m2/repository/com/google/inject/extensions/guice-assistedinject/4.0/guice-assistedinject-4.0.jar:/home/user/.m2/repository/org/jooq/jooq/3.11.10/jooq-3.11.10.jar:/home/user/.m2/repository/org/jooq/jooq-meta/3.11.10/jooq-meta-3.11.10.jar:/home/user/.m2/repository/org/jooq/jooq-codegen/3.11.10/jooq-codegen-3.11.10.jar:/home/user/.m2/repository/com/jolbox/bonecp/0.8.0.RELEASE/bonecp-0.8.0.RELEASE.jar:/home/user/.m2/repository/org/xerial/sqlite-jdbc/3.25.2/sqlite-jdbc-3.25.2.jar:/home/user/.m2/repository/org/springframework/spring-jdbc/5.1.3.RELEASE/spring-jdbc-5.1.3.RELEASE.jar:/home/user/.m2/repository/org/springframework/spring-beans/5.1.3.RELEASE/spring-beans-5.1.3.RELEASE.jar:/home/user/.m2/repository/org/springframework/spring-core/5.1.3.RELEASE/spring-core-5.1.3.RELEASE.jar:/home/user/.m2/repository/org/springframework/spring-jcl/5.1.3.RELEASE/spring-jcl-5.1.3.RELEASE.jar:/home/user/.m2/repository/org/springframework/spring-tx/5.1.3.RELEASE/spring-tx-5.1.3.RELEASE.jar:/home/user/.m2/repository/org/apache/hadoop/hadoop-ozone-client/0.5.0-SNAPSHOT/hadoop-ozone-client-0.5.0-SNAPSHOT.jar:/home/user/.m2/repository/commons-lang/commons-lang/2.6/commons-lang-2.6.jar:/home/user/.m2/repository/org/apache/hadoop/hadoop-ozone-ozone-manager/0.5.0-SNAPSHOT/hadoop-ozone-ozone-manager-0.5.0-SNAPSHOT-tests.jar:/home/user/.m2/repository/junit/junit/4.11/junit-4.11.jar:/home/user/.m2/repository/org/hamcrest/hamcrest-core/1.3/hamcrest-core-1.3.jar:/home/user/.m2/repository/org/openjdk/jmh/jmh-core/1.19/jmh-core-1.19.jar:/home/user/.m2/repository/net/sf/jopt-simple/jopt-simple/4.6/jopt-simple-4.6.jar:/home/user/.m2/repository/org/apache/commons/commons-math3/3.1.1/commons-math3-3.1.1.jar:/home/user/.m2/repository/org/openjdk/jmh/jmh-generator-annprocess/1.19/jmh-generator-annprocess-1.19.jar:/home/user/.m2/repository/org/mockito/mockito-all/1.8.5/mockito-all-1.8.5.jar:/home/user/.m2/repository/org/apache/hadoop/hadoop-kms/3.2.0/hadoop-kms-3.2.0.jar:/home/user/.m2/repository/org/apache/hadoop/hadoop-auth/3.2.0/hadoop-auth-3.2.0.jar:/home/user/.m2/repository/com/nimbusds/nimbus-jose-jwt/4.41.1/nimbus-jose-jwt-4.41.1.jar:/home/user/.m2/repository/com/github/stephenc/jcip/jcip-annotations/1.0-1/jcip-annotations-1.0-1.jar:/home/user/.m2/repository/net/minidev/json-smart/2.3/json-smart-2.3.jar:/home/user/.m2/repository/net/minidev/accessors-smart/1.2/accessors-smart-1.2.jar:/home/user/.m2/repository/org/ow2/asm/asm/5.0.4/asm-5.0.4.jar:/home/user/.m2/repository/org/apache/curator/curator-framework/2.12.0/curator-framework-2.12.0.jar:/home/user/.m2/repository/com/sun/jersey/jersey-core/1.19/jersey-core-1.19.jar:/home/user/.m2/repository/javax/ws/rs/jsr311-api/1.1.1/jsr311-api-1.1.1.jar:/home/user/.m2/repository/com/sun/jersey/jersey-server/1.19/jersey-server-1.19.jar:/home/user/.m2/repository/javax/servlet/javax.servlet-api/3.1.0/javax.servlet-api-3.1.0.jar:/home/user/.m2/repository/org/eclipse/jetty/jetty-server/9.3.24.v20180605/jetty-server-9.3.24.v20180605.jar:/home/user/.m2/repository/org/eclipse/jetty/jetty-http/9.3.24.v20180605/jetty-http-9.3.24.v20180605.jar:/home/user/.m2/repository/org/eclipse/jetty/jetty-io/9.3.24.v20180605/jetty-io-9.3.24.v20180605.jar:/home/user/.m2/repository/org/eclipse/jetty/jetty-webapp/9.3.24.v20180605/jetty-webapp-9.3.24.v20180605.jar:/home/user/.m2/repository/org/eclipse/jetty/jetty-xml/9.3.24.v20180605/jetty-xml-9.3.24.v20180605.jar:/home/user/.m2/repository/log4j/log4j/1.2.17/log4j-1.2.17.jar:/home/user/.m2/repository/org/slf4j/slf4j-api/1.7.25/slf4j-api-1.7.25.jar:/home/user/.m2/repository/org/slf4j/jul-to-slf4j/1.7.25/jul-to-slf4j-1.7.25.jar:/home/user/.m2/repository/org/eclipse/jetty/jetty-util/9.3.24.v20180605/jetty-util-9.3.24.v20180605.jar:/home/user/.m2/repository/com/fasterxml/jackson/core/jackson-databind/2.9.5/jackson-databind-2.9.5.jar:/home/user/.m2/repository/org/apache/hadoop/hadoop-kms/3.2.0/hadoop-kms-3.2.0-tests.jar:/home/user/.m2/repository/org/apache/hadoop/hadoop-hdds-server-scm/0.5.0-SNAPSHOT/hadoop-hdds-server-scm-0.5.0-SNAPSHOT-tests.jar:/home/user/.m2/repository/org/apache/hadoop/hadoop-hdds-container-service/0.5.0-SNAPSHOT/hadoop-hdds-container-service-0.5.0-SNAPSHOT-tests.jar:/home/user/.m2/repository/org/yaml/snakeyaml/1.16/snakeyaml-1.16.jar:/home/user/.m2/repository/org/apache/hadoop/hadoop-common/3.2.0/hadoop-common-3.2.0-tests.jar:/home/user/.m2/repository/org/apache/hadoop/hadoop-annotations/3.2.0/hadoop-annotations-3.2.0.jar:/usr/lib/jvm/java-1.8-openjdk/jre/../lib/tools.jar:/home/user/.m2/repository/commons-cli/commons-cli/1.2/commons-cli-1.2.jar:/home/user/.m2/repository/org/apache/httpcomponents/httpclient/4.5.2/httpclient-4.5.2.jar:/home/user/.m2/repository/org/apache/httpcomponents/httpcore/4.4.4/httpcore-4.4.4.jar:/home/user/.m2/repository/commons-codec/commons-codec/1.11/commons-codec-1.11.jar:/home/user/.m2/repository/commons-net/commons-net/3.6/commons-net-3.6.jar:/home/user/.m2/repository/commons-collections/commons-collections/3.2.2/commons-collections-3.2.2.jar:/home/user/.m2/repository/org/eclipse/jetty/jetty-servlet/9.3.24.v20180605/jetty-servlet-9.3.24.v20180605.jar:/home/user/.m2/repository/org/eclipse/jetty/jetty-security/9.3.24.v20180605/jetty-security-9.3.24.v20180605.jar:/home/user/.m2/repository/javax/servlet/jsp/jsp-api/2.1/jsp-api-2.1.jar:/home/user/.m2/repository/com/sun/jersey/jersey-servlet/1.19/jersey-servlet-1.19.jar:/home/user/.m2/repository/com/sun/jersey/jersey-json/1.19/jersey-json-1.19.jar:/home/user/.m2/repository/org/codehaus/jettison/jettison/1.1/jettison-1.1.jar:/home/user/.m2/repository/org/codehaus/jackson/jackson-core-asl/1.9.13/jackson-core-asl-1.9.13.jar:/home/user/.m2/repository/org/codehaus/jackson/jackson-mapper-asl/1.9.13/jackson-mapper-asl-1.9.13.jar:/home/user/.m2/repository/org/codehaus/jackson/jackson-jaxrs/1.9.13/jackson-jaxrs-1.9.13.jar:/home/user/.m2/repository/org/codehaus/jackson/jackson-xc/1.9.13/jackson-xc-1.9.13.jar:/home/user/.m2/repository/commons-logging/commons-logging/1.1.3/commons-logging-1.1.3.jar:/home/user/.m2/repository/commons-beanutils/commons-beanutils/1.9.3/commons-beanutils-1.9.3.jar:/home/user/.m2/repository/org/apache/commons/commons-configuration2/2.1.1/commons-configuration2-2.1.1.jar:/home/user/.m2/repository/org/apache/commons/commons-lang3/3.7/commons-lang3-3.7.jar:/home/user/.m2/repository/org/apache/commons/commons-text/1.4/commons-text-1.4.jar:/home/user/.m2/repository/org/apache/avro/avro/1.7.7/avro-1.7.7.jar:/home/user/.m2/repository/com/thoughtworks/paranamer/paranamer/2.3/paranamer-2.3.jar:/home/user/.m2/repository/org/xerial/snappy/snappy-java/1.0.5/snappy-java-1.0.5.jar:/home/user/.m2/repository/com/google/re2j/re2j/1.1/re2j-1.1.jar:/home/user/.m2/repository/com/google/code/gson/gson/2.2.4/gson-2.2.4.jar:/home/user/.m2/repository/com/jcraft/jsch/0.1.54/jsch-0.1.54.jar:/home/user/.m2/repository/org/apache/curator/curator-client/2.12.0/curator-client-2.12.0.jar:/home/user/.m2/repository/org/apache/curator/curator-recipes/2.12.0/curator-recipes-2.12.0.jar:/home/user/.m2/repository/com/google/code/findbugs/jsr305/3.0.0/jsr305-3.0.0.jar:/home/user/.m2/repository/org/apache/htrace/htrace-core4/4.1.0-incubating/htrace-core4-4.1.0-incubating.jar:/home/user/.m2/repository/org/apache/zookeeper/zookeeper/3.4.13/zookeeper-3.4.13.jar:/home/user/.m2/repository/org/apache/yetus/audience-annotations/0.5.0/audience-annotations-0.5.0.jar:/home/user/.m2/repository/org/codehaus/woodstox/stax2-api/3.1.4/stax2-api-3.1.4.jar:/home/user/.m2/repository/com/fasterxml/woodstox/woodstox-core/5.0.3/woodstox-core-5.0.3.jar:/home/user/.m2/repository/dnsjava/dnsjava/2.1.7/dnsjava-2.1.7.jar:/home/user/.m2/repository/org/apache/hadoop/hadoop-hdfs/3.2.0/hadoop-hdfs-3.2.0-tests.jar:/home/user/.m2/repository/org/eclipse/jetty/jetty-util-ajax/9.3.24.v20180605/jetty-util-ajax-9.3.24.v20180605.jar:/home/user/.m2/repository/commons-daemon/commons-daemon/1.0.13/commons-daemon-1.0.13.jar:/home/user/.m2/repository/io/netty/netty/3.10.5.Final/netty-3.10.5.Final.jar:/home/user/.m2/repository/io/netty/netty-all/4.0.52.Final/netty-all-4.0.52.Final.jar:/home/user/.m2/repository/org/fusesource/leveldbjni/leveldbjni-all/1.8/leveldbjni-all-1.8.jar:"/>
    <property name="java.vm.vendor" value="IcedTea"/>
    <property name="sun.arch.data.model" value="64"/>
    <property name="test.build.dir" value="/workdir/hadoop-ozone/integration-test/target/test-dir"/>
    <property name="test.cache.data" value=""/>
    <property name="java.vendor.url" value="https://icedtea.classpath.org"/>
    <property name="user.timezone" value=""/>
    <property name="java.vm.specification.version" value="1.8"/>
    <property name="os.name" value="Linux"/>
    <property name="test.build.data" value="/workdir/hadoop-ozone/integration-test/target/test-dir"/>
    <property name="user.country" value="US"/>
    <property name="sun.java.launcher" value="SUN_STANDARD"/>
    <property name="sun.boot.library.path" value="/usr/lib/jvm/java-1.8-openjdk/jre/lib/amd64"/>
    <property name="sun.java.command" value="/workdir/hadoop-ozone/integration-test/target/surefire/surefirebooter8957659965166470286.jar /workdir/hadoop-ozone/integration-test/target/surefire 2019-08-19T05-13-04_215-jvmRun1 surefire199455276694778758tmp surefire_255759884303091658593tmp"/>
    <property name="test" value="!TestMiniChaosOzoneCluster"/>
    <property name="surefire.test.class.path" value="/workdir/hadoop-ozone/integration-test/target/test-classes:/workdir/hadoop-ozone/integration-test/target/classes:/home/user/.m2/repository/org/apache/hadoop/hadoop-ozone-common/0.5.0-SNAPSHOT/hadoop-ozone-common-0.5.0-SNAPSHOT.jar:/home/user/.m2/repository/org/apache/commons/commons-compress/1.4.1/commons-compress-1.4.1.jar:/home/user/.m2/repository/org/tukaani/xz/1.0/xz-1.0.jar:/home/user/.m2/repository/org/apache/hadoop/hadoop-common/3.2.0/hadoop-common-3.2.0.jar:/home/user/.m2/repository/org/apache/hadoop/hadoop-hdfs/3.2.0/hadoop-hdfs-3.2.0.jar:/home/user/.m2/repository/org/apache/hadoop/hadoop-hdfs-client/3.2.0/hadoop-hdfs-client-3.2.0.jar:/home/user/.m2/repository/com/fasterxml/jackson/core/jackson-annotations/2.9.5/jackson-annotations-2.9.5.jar:/home/user/.m2/repository/org/apache/hadoop/hadoop-hdds-common/0.5.0-SNAPSHOT/hadoop-hdds-common-0.5.0-SNAPSHOT.jar:/home/user/.m2/repository/javax/annotation/javax.annotation-api/1.2/javax.annotation-api-1.2.jar:/home/user/.m2/repository/org/apache/ratis/ratis-server/0.4.0-2337318-SNAPSHOT/ratis-server-0.4.0-2337318-SNAPSHOT.jar:/home/user/.m2/repository/org/apache/ratis/ratis-thirdparty-misc/0.2.0/ratis-thirdparty-misc-0.2.0.jar:/home/user/.m2/repository/org/apache/ratis/ratis-proto/0.4.0-2337318-SNAPSHOT/ratis-proto-0.4.0-2337318-SNAPSHOT.jar:/home/user/.m2/repository/org/apache/ratis/ratis-common/0.4.0-2337318-SNAPSHOT/ratis-common-0.4.0-2337318-SNAPSHOT.jar:/home/user/.m2/repository/org/apache/ratis/ratis-client/0.4.0-2337318-SNAPSHOT/ratis-client-0.4.0-2337318-SNAPSHOT.jar:/home/user/.m2/repository/org/apache/ratis/ratis-metrics/0.4.0-2337318-SNAPSHOT/ratis-metrics-0.4.0-2337318-SNAPSHOT.jar:/home/user/.m2/repository/org/apache/ratis/ratis-netty/0.4.0-2337318-SNAPSHOT/ratis-netty-0.4.0-2337318-SNAPSHOT.jar:/home/user/.m2/repository/org/apache/ratis/ratis-grpc/0.4.0-2337318-SNAPSHOT/ratis-grpc-0.4.0-2337318-SNAPSHOT.jar:/home/user/.m2/repository/org/rocksdb/rocksdbjni/6.0.1/rocksdbjni-6.0.1.jar:/home/user/.m2/repository/org/apache/logging/log4j/log4j-api/2.11.0/log4j-api-2.11.0.jar:/home/user/.m2/repository/org/apache/logging/log4j/log4j-core/2.11.0/log4j-core-2.11.0.jar:/home/user/.m2/repository/com/lmax/disruptor/3.4.2/disruptor-3.4.2.jar:/home/user/.m2/repository/org/apache/commons/commons-pool2/2.6.0/commons-pool2-2.6.0.jar:/home/user/.m2/repository/org/bouncycastle/bcpkix-jdk15on/1.60/bcpkix-jdk15on-1.60.jar:/home/user/.m2/repository/commons-validator/commons-validator/1.6/commons-validator-1.6.jar:/home/user/.m2/repository/commons-digester/commons-digester/1.8.1/commons-digester-1.8.1.jar:/home/user/.m2/repository/io/jaegertracing/jaeger-client/0.33.1/jaeger-client-0.33.1.jar:/home/user/.m2/repository/io/jaegertracing/jaeger-thrift/0.33.1/jaeger-thrift-0.33.1.jar:/home/user/.m2/repository/org/apache/thrift/libthrift/0.11.0/libthrift-0.11.0.jar:/home/user/.m2/repository/com/squareup/okhttp3/okhttp/3.9.0/okhttp-3.9.0.jar:/home/user/.m2/repository/com/squareup/okio/okio/1.13.0/okio-1.13.0.jar:/home/user/.m2/repository/io/jaegertracing/jaeger-core/0.33.1/jaeger-core-0.33.1.jar:/home/user/.m2/repository/io/jaegertracing/jaeger-tracerresolver/0.33.1/jaeger-tracerresolver-0.33.1.jar:/home/user/.m2/repository/io/opentracing/contrib/opentracing-tracerresolver/0.1.5/opentracing-tracerresolver-0.1.5.jar:/home/user/.m2/repository/io/opentracing/opentracing-util/0.31.0/opentracing-util-0.31.0.jar:/home/user/.m2/repository/io/opentracing/opentracing-api/0.31.0/opentracing-api-0.31.0.jar:/home/user/.m2/repository/io/opentracing/opentracing-noop/0.31.0/opentracing-noop-0.31.0.jar:/home/user/.m2/repository/org/apache/hadoop/hadoop-hdds-server-framework/0.5.0-SNAPSHOT/hadoop-hdds-server-framework-0.5.0-SNAPSHOT.jar:/home/user/.m2/repository/org/apache/hadoop/hadoop-hdds-container-service/0.5.0-SNAPSHOT/hadoop-hdds-container-service-0.5.0-SNAPSHOT.jar:/home/user/.m2/repository/org/apache/hadoop/hadoop-hdds-client/0.5.0-SNAPSHOT/hadoop-hdds-client-0.5.0-SNAPSHOT.jar:/home/user/.m2/repository/org/apache/hadoop/hadoop-hdds-tools/0.5.0-SNAPSHOT/hadoop-hdds-tools-0.5.0-SNAPSHOT.jar:/home/user/.m2/repository/org/apache/hadoop/hadoop-hdds-server-scm/0.5.0-SNAPSHOT/hadoop-hdds-server-scm-0.5.0-SNAPSHOT.jar:/home/user/.m2/repository/org/apache/hadoop/hadoop-hdds-docs/0.5.0-SNAPSHOT/hadoop-hdds-docs-0.5.0-SNAPSHOT.jar:/home/user/.m2/repository/io/dropwizard/metrics/metrics-core/3.2.4/metrics-core-3.2.4.jar:/home/user/.m2/repository/org/hamcrest/hamcrest-all/1.3/hamcrest-all-1.3.jar:/home/user/.m2/repository/org/bouncycastle/bcprov-jdk15on/1.60/bcprov-jdk15on-1.60.jar:/home/user/.m2/repository/info/picocli/picocli/3.9.6/picocli-3.9.6.jar:/home/user/.m2/repository/com/google/protobuf/protobuf-java/2.5.0/protobuf-java-2.5.0.jar:/home/user/.m2/repository/com/google/guava/guava/11.0.2/guava-11.0.2.jar:/home/user/.m2/repository/org/apache/hadoop/hadoop-ozone-ozone-manager/0.5.0-SNAPSHOT/hadoop-ozone-ozone-manager-0.5.0-SNAPSHOT.jar:/home/user/.m2/repository/org/apache/hadoop/hadoop-minikdc/3.2.0/hadoop-minikdc-3.2.0.jar:/home/user/.m2/repository/commons-io/commons-io/2.5/commons-io-2.5.jar:/home/user/.m2/repository/org/apache/kerby/kerb-simplekdc/1.0.1/kerb-simplekdc-1.0.1.jar:/home/user/.m2/repository/org/apache/kerby/kerb-client/1.0.1/kerb-client-1.0.1.jar:/home/user/.m2/repository/org/apache/kerby/kerby-config/1.0.1/kerby-config-1.0.1.jar:/home/user/.m2/repository/org/apache/kerby/kerb-core/1.0.1/kerb-core-1.0.1.jar:/home/user/.m2/repository/org/apache/kerby/kerby-pkix/1.0.1/kerby-pkix-1.0.1.jar:/home/user/.m2/repository/org/apache/kerby/kerby-asn1/1.0.1/kerby-asn1-1.0.1.jar:/home/user/.m2/repository/org/apache/kerby/kerby-util/1.0.1/kerby-util-1.0.1.jar:/home/user/.m2/repository/org/apache/kerby/kerb-common/1.0.1/kerb-common-1.0.1.jar:/home/user/.m2/repository/org/apache/kerby/kerb-crypto/1.0.1/kerb-crypto-1.0.1.jar:/home/user/.m2/repository/org/apache/kerby/kerb-util/1.0.1/kerb-util-1.0.1.jar:/home/user/.m2/repository/org/apache/kerby/token-provider/1.0.1/token-provider-1.0.1.jar:/home/user/.m2/repository/org/apache/kerby/kerb-admin/1.0.1/kerb-admin-1.0.1.jar:/home/user/.m2/repository/org/apache/kerby/kerb-server/1.0.1/kerb-server-1.0.1.jar:/home/user/.m2/repository/org/apache/kerby/kerb-identity/1.0.1/kerb-identity-1.0.1.jar:/home/user/.m2/repository/org/apache/kerby/kerby-xdr/1.0.1/kerby-xdr-1.0.1.jar:/home/user/.m2/repository/org/slf4j/slf4j-log4j12/1.7.25/slf4j-log4j12-1.7.25.jar:/home/user/.m2/repository/org/apache/hadoop/hadoop-ozone-objectstore-service/0.5.0-SNAPSHOT/hadoop-ozone-objectstore-service-0.5.0-SNAPSHOT.jar:/home/user/.m2/repository/org/apache/hadoop/hadoop-ozone-s3gateway/0.5.0-SNAPSHOT/hadoop-ozone-s3gateway-0.5.0-SNAPSHOT.jar:/home/user/.m2/repository/org/jboss/weld/servlet/weld-servlet/2.4.7.Final/weld-servlet-2.4.7.Final.jar:/home/user/.m2/repository/org/glassfish/jersey/containers/jersey-container-servlet-core/2.27/jersey-container-servlet-core-2.27.jar:/home/user/.m2/repository/org/glassfish/hk2/external/javax.inject/2.5.0-b42/javax.inject-2.5.0-b42.jar:/home/user/.m2/repository/org/glassfish/jersey/core/jersey-common/2.27/jersey-common-2.27.jar:/home/user/.m2/repository/org/glassfish/hk2/osgi-resource-locator/1.0.1/osgi-resource-locator-1.0.1.jar:/home/user/.m2/repository/javax/ws/rs/javax.ws.rs-api/2.1/javax.ws.rs-api-2.1.jar:/home/user/.m2/repository/org/glassfish/jersey/ext/cdi/jersey-cdi1x/2.27/jersey-cdi1x-2.27.jar:/home/user/.m2/repository/org/glassfish/jersey/inject/jersey-hk2/2.27/jersey-hk2-2.27.jar:/home/user/.m2/repository/org/glassfish/hk2/hk2-locator/2.5.0-b42/hk2-locator-2.5.0-b42.jar:/home/user/.m2/repository/org/javassist/javassist/3.22.0-CR2/javassist-3.22.0-CR2.jar:/home/user/.m2/repository/org/glassfish/hk2/hk2-api/2.5.0/hk2-api-2.5.0.jar:/home/user/.m2/repository/org/glassfish/hk2/external/jakarta.inject/2.5.0/jakarta.inject-2.5.0.jar:/home/user/.m2/repository/org/glassfish/hk2/hk2-utils/2.5.0/hk2-utils-2.5.0.jar:/home/user/.m2/repository/jakarta/annotation/jakarta.annotation-api/1.3.4/jakarta.annotation-api-1.3.4.jar:/home/user/.m2/repository/org/glassfish/hk2/external/aopalliance-repackaged/2.5.0/aopalliance-repackaged-2.5.0.jar:/home/user/.m2/repository/com/fasterxml/jackson/dataformat/jackson-dataformat-xml/2.9.0/jackson-dataformat-xml-2.9.0.jar:/home/user/.m2/repository/com/fasterxml/jackson/core/jackson-core/2.9.5/jackson-core-2.9.5.jar:/home/user/.m2/repository/com/fasterxml/jackson/module/jackson-module-jaxb-annotations/2.9.5/jackson-module-jaxb-annotations-2.9.5.jar:/home/user/.m2/repository/javax/enterprise/cdi-api/1.2/cdi-api-1.2.jar:/home/user/.m2/repository/javax/el/javax.el-api/3.0.0/javax.el-api-3.0.0.jar:/home/user/.m2/repository/javax/interceptor/javax.interceptor-api/1.2/javax.interceptor-api-1.2.jar:/home/user/.m2/repository/javax/inject/javax.inject/1/javax.inject-1.jar:/home/user/.m2/repository/com/sun/xml/bind/jaxb-impl/2.3.0.1/jaxb-impl-2.3.0.1.jar:/home/user/.m2/repository/com/sun/xml/bind/jaxb-core/2.3.0.1/jaxb-core-2.3.0.1.jar:/home/user/.m2/repository/javax/xml/bind/jaxb-api/2.3.0/jaxb-api-2.3.0.jar:/home/user/.m2/repository/javax/activation/activation/1.1.1/activation-1.1.1.jar:/home/user/.m2/repository/org/apache/hadoop/hadoop-ozone-csi/0.5.0-SNAPSHOT/hadoop-ozone-csi-0.5.0-SNAPSHOT.jar:/home/user/.m2/repository/com/google/protobuf/protobuf-java-util/3.5.1/protobuf-java-util-3.5.1.jar:/home/user/.m2/repository/org/apache/hadoop/hadoop-hdds-config/0.5.0-SNAPSHOT/hadoop-hdds-config-0.5.0-SNAPSHOT.jar:/home/user/.m2/repository/io/grpc/grpc-netty/1.17.1/grpc-netty-1.17.1.jar:/home/user/.m2/repository/io/grpc/grpc-core/1.17.1/grpc-core-1.17.1.jar:/home/user/.m2/repository/io/grpc/grpc-context/1.17.1/grpc-context-1.17.1.jar:/home/user/.m2/repository/com/google/errorprone/error_prone_annotations/2.2.0/error_prone_annotations-2.2.0.jar:/home/user/.m2/repository/org/codehaus/mojo/animal-sniffer-annotations/1.17/animal-sniffer-annotations-1.17.jar:/home/user/.m2/repository/io/opencensus/opencensus-api/0.17.0/opencensus-api-0.17.0.jar:/home/user/.m2/repository/io/opencensus/opencensus-contrib-grpc-metrics/0.17.0/opencensus-contrib-grpc-metrics-0.17.0.jar:/home/user/.m2/repository/io/netty/netty-codec-http2/4.1.30.Final/netty-codec-http2-4.1.30.Final.jar:/home/user/.m2/repository/io/netty/netty-codec-http/4.1.30.Final/netty-codec-http-4.1.30.Final.jar:/home/user/.m2/repository/io/netty/netty-codec/4.1.30.Final/netty-codec-4.1.30.Final.jar:/home/user/.m2/repository/io/netty/netty-handler/4.1.30.Final/netty-handler-4.1.30.Final.jar:/home/user/.m2/repository/io/netty/netty-handler-proxy/4.1.30.Final/netty-handler-proxy-4.1.30.Final.jar:/home/user/.m2/repository/io/netty/netty-codec-socks/4.1.30.Final/netty-codec-socks-4.1.30.Final.jar:/home/user/.m2/repository/io/netty/netty-transport-native-epoll/4.1.30.Final/netty-transport-native-epoll-4.1.30.Final.jar:/home/user/.m2/repository/io/netty/netty-common/4.1.30.Final/netty-common-4.1.30.Final.jar:/home/user/.m2/repository/io/netty/netty-buffer/4.1.30.Final/netty-buffer-4.1.30.Final.jar:/home/user/.m2/repository/io/netty/netty-transport/4.1.30.Final/netty-transport-4.1.30.Final.jar:/home/user/.m2/repository/io/netty/netty-resolver/4.1.30.Final/netty-resolver-4.1.30.Final.jar:/home/user/.m2/repository/io/netty/netty-transport-native-unix-common/4.1.30.Final/netty-transport-native-unix-common-4.1.30.Final.jar:/home/user/.m2/repository/io/grpc/grpc-protobuf/1.17.1/grpc-protobuf-1.17.1.jar:/home/user/.m2/repository/com/google/api/grpc/proto-google-common-protos/1.0.0/proto-google-common-protos-1.0.0.jar:/home/user/.m2/repository/io/grpc/grpc-protobuf-lite/1.17.1/grpc-protobuf-lite-1.17.1.jar:/home/user/.m2/repository/io/grpc/grpc-stub/1.17.1/grpc-stub-1.17.1.jar:/home/user/.m2/repository/org/apache/hadoop/hadoop-ozone-recon/0.5.0-SNAPSHOT/hadoop-ozone-recon-0.5.0-SNAPSHOT.jar:/home/user/.m2/repository/org/apache/hadoop/hadoop-ozone-reconcodegen/0.5.0-SNAPSHOT/hadoop-ozone-reconcodegen-0.5.0-SNAPSHOT.jar:/home/user/.m2/repository/com/google/inject/extensions/guice-multibindings/4.0/guice-multibindings-4.0.jar:/home/user/.m2/repository/com/google/inject/guice/4.0/guice-4.0.jar:/home/user/.m2/repository/aopalliance/aopalliance/1.0/aopalliance-1.0.jar:/home/user/.m2/repository/com/google/inject/extensions/guice-servlet/4.0/guice-servlet-4.0.jar:/home/user/.m2/repository/org/glassfish/jersey/containers/jersey-container-servlet/2.27/jersey-container-servlet-2.27.jar:/home/user/.m2/repository/org/glassfish/hk2/guice-bridge/2.5.0/guice-bridge-2.5.0.jar:/home/user/.m2/repository/org/glassfish/jersey/core/jersey-server/2.27/jersey-server-2.27.jar:/home/user/.m2/repository/org/glassfish/jersey/core/jersey-client/2.27/jersey-client-2.27.jar:/home/user/.m2/repository/org/glassfish/jersey/media/jersey-media-jaxb/2.27/jersey-media-jaxb-2.27.jar:/home/user/.m2/repository/javax/validation/validation-api/1.1.0.Final/validation-api-1.1.0.Final.jar:/home/user/.m2/repository/org/glassfish/jersey/media/jersey-media-json-jackson/2.27/jersey-media-json-jackson-2.27.jar:/home/user/.m2/repository/org/glassfish/jersey/ext/jersey-entity-filtering/2.27/jersey-entity-filtering-2.27.jar:/home/user/.m2/repository/com/google/inject/extensions/guice-assistedinject/4.0/guice-assistedinject-4.0.jar:/home/user/.m2/repository/org/jooq/jooq/3.11.10/jooq-3.11.10.jar:/home/user/.m2/repository/org/jooq/jooq-meta/3.11.10/jooq-meta-3.11.10.jar:/home/user/.m2/repository/org/jooq/jooq-codegen/3.11.10/jooq-codegen-3.11.10.jar:/home/user/.m2/repository/com/jolbox/bonecp/0.8.0.RELEASE/bonecp-0.8.0.RELEASE.jar:/home/user/.m2/repository/org/xerial/sqlite-jdbc/3.25.2/sqlite-jdbc-3.25.2.jar:/home/user/.m2/repository/org/springframework/spring-jdbc/5.1.3.RELEASE/spring-jdbc-5.1.3.RELEASE.jar:/home/user/.m2/repository/org/springframework/spring-beans/5.1.3.RELEASE/spring-beans-5.1.3.RELEASE.jar:/home/user/.m2/repository/org/springframework/spring-core/5.1.3.RELEASE/spring-core-5.1.3.RELEASE.jar:/home/user/.m2/repository/org/springframework/spring-jcl/5.1.3.RELEASE/spring-jcl-5.1.3.RELEASE.jar:/home/user/.m2/repository/org/springframework/spring-tx/5.1.3.RELEASE/spring-tx-5.1.3.RELEASE.jar:/home/user/.m2/repository/org/apache/hadoop/hadoop-ozone-client/0.5.0-SNAPSHOT/hadoop-ozone-client-0.5.0-SNAPSHOT.jar:/home/user/.m2/repository/commons-lang/commons-lang/2.6/commons-lang-2.6.jar:/home/user/.m2/repository/org/apache/hadoop/hadoop-ozone-ozone-manager/0.5.0-SNAPSHOT/hadoop-ozone-ozone-manager-0.5.0-SNAPSHOT-tests.jar:/home/user/.m2/repository/junit/junit/4.11/junit-4.11.jar:/home/user/.m2/repository/org/hamcrest/hamcrest-core/1.3/hamcrest-core-1.3.jar:/home/user/.m2/repository/org/openjdk/jmh/jmh-core/1.19/jmh-core-1.19.jar:/home/user/.m2/repository/net/sf/jopt-simple/jopt-simple/4.6/jopt-simple-4.6.jar:/home/user/.m2/repository/org/apache/commons/commons-math3/3.1.1/commons-math3-3.1.1.jar:/home/user/.m2/repository/org/openjdk/jmh/jmh-generator-annprocess/1.19/jmh-generator-annprocess-1.19.jar:/home/user/.m2/repository/org/mockito/mockito-all/1.8.5/mockito-all-1.8.5.jar:/home/user/.m2/repository/org/apache/hadoop/hadoop-kms/3.2.0/hadoop-kms-3.2.0.jar:/home/user/.m2/repository/org/apache/hadoop/hadoop-auth/3.2.0/hadoop-auth-3.2.0.jar:/home/user/.m2/repository/com/nimbusds/nimbus-jose-jwt/4.41.1/nimbus-jose-jwt-4.41.1.jar:/home/user/.m2/repository/com/github/stephenc/jcip/jcip-annotations/1.0-1/jcip-annotations-1.0-1.jar:/home/user/.m2/repository/net/minidev/json-smart/2.3/json-smart-2.3.jar:/home/user/.m2/repository/net/minidev/accessors-smart/1.2/accessors-smart-1.2.jar:/home/user/.m2/repository/org/ow2/asm/asm/5.0.4/asm-5.0.4.jar:/home/user/.m2/repository/org/apache/curator/curator-framework/2.12.0/curator-framework-2.12.0.jar:/home/user/.m2/repository/com/sun/jersey/jersey-core/1.19/jersey-core-1.19.jar:/home/user/.m2/repository/javax/ws/rs/jsr311-api/1.1.1/jsr311-api-1.1.1.jar:/home/user/.m2/repository/com/sun/jersey/jersey-server/1.19/jersey-server-1.19.jar:/home/user/.m2/repository/javax/servlet/javax.servlet-api/3.1.0/javax.servlet-api-3.1.0.jar:/home/user/.m2/repository/org/eclipse/jetty/jetty-server/9.3.24.v20180605/jetty-server-9.3.24.v20180605.jar:/home/user/.m2/repository/org/eclipse/jetty/jetty-http/9.3.24.v20180605/jetty-http-9.3.24.v20180605.jar:/home/user/.m2/repository/org/eclipse/jetty/jetty-io/9.3.24.v20180605/jetty-io-9.3.24.v20180605.jar:/home/user/.m2/repository/org/eclipse/jetty/jetty-webapp/9.3.24.v20180605/jetty-webapp-9.3.24.v20180605.jar:/home/user/.m2/repository/org/eclipse/jetty/jetty-xml/9.3.24.v20180605/jetty-xml-9.3.24.v20180605.jar:/home/user/.m2/repository/log4j/log4j/1.2.17/log4j-1.2.17.jar:/home/user/.m2/repository/org/slf4j/slf4j-api/1.7.25/slf4j-api-1.7.25.jar:/home/user/.m2/repository/org/slf4j/jul-to-slf4j/1.7.25/jul-to-slf4j-1.7.25.jar:/home/user/.m2/repository/org/eclipse/jetty/jetty-util/9.3.24.v20180605/jetty-util-9.3.24.v20180605.jar:/home/user/.m2/repository/com/fasterxml/jackson/core/jackson-databind/2.9.5/jackson-databind-2.9.5.jar:/home/user/.m2/repository/org/apache/hadoop/hadoop-kms/3.2.0/hadoop-kms-3.2.0-tests.jar:/home/user/.m2/repository/org/apache/hadoop/hadoop-hdds-server-scm/0.5.0-SNAPSHOT/hadoop-hdds-server-scm-0.5.0-SNAPSHOT-tests.jar:/home/user/.m2/repository/org/apache/hadoop/hadoop-hdds-container-service/0.5.0-SNAPSHOT/hadoop-hdds-container-service-0.5.0-SNAPSHOT-tests.jar:/home/user/.m2/repository/org/yaml/snakeyaml/1.16/snakeyaml-1.16.jar:/home/user/.m2/repository/org/apache/hadoop/hadoop-common/3.2.0/hadoop-common-3.2.0-tests.jar:/home/user/.m2/repository/org/apache/hadoop/hadoop-annotations/3.2.0/hadoop-annotations-3.2.0.jar:/usr/lib/jvm/java-1.8-openjdk/jre/../lib/tools.jar:/home/user/.m2/repository/commons-cli/commons-cli/1.2/commons-cli-1.2.jar:/home/user/.m2/repository/org/apache/httpcomponents/httpclient/4.5.2/httpclient-4.5.2.jar:/home/user/.m2/repository/org/apache/httpcomponents/httpcore/4.4.4/httpcore-4.4.4.jar:/home/user/.m2/repository/commons-codec/commons-codec/1.11/commons-codec-1.11.jar:/home/user/.m2/repository/commons-net/commons-net/3.6/commons-net-3.6.jar:/home/user/.m2/repository/commons-collections/commons-collections/3.2.2/commons-collections-3.2.2.jar:/home/user/.m2/repository/org/eclipse/jetty/jetty-servlet/9.3.24.v20180605/jetty-servlet-9.3.24.v20180605.jar:/home/user/.m2/repository/org/eclipse/jetty/jetty-security/9.3.24.v20180605/jetty-security-9.3.24.v20180605.jar:/home/user/.m2/repository/javax/servlet/jsp/jsp-api/2.1/jsp-api-2.1.jar:/home/user/.m2/repository/com/sun/jersey/jersey-servlet/1.19/jersey-servlet-1.19.jar:/home/user/.m2/repository/com/sun/jersey/jersey-json/1.19/jersey-json-1.19.jar:/home/user/.m2/repository/org/codehaus/jettison/jettison/1.1/jettison-1.1.jar:/home/user/.m2/repository/org/codehaus/jackson/jackson-core-asl/1.9.13/jackson-core-asl-1.9.13.jar:/home/user/.m2/repository/org/codehaus/jackson/jackson-mapper-asl/1.9.13/jackson-mapper-asl-1.9.13.jar:/home/user/.m2/repository/org/codehaus/jackson/jackson-jaxrs/1.9.13/jackson-jaxrs-1.9.13.jar:/home/user/.m2/repository/org/codehaus/jackson/jackson-xc/1.9.13/jackson-xc-1.9.13.jar:/home/user/.m2/repository/commons-logging/commons-logging/1.1.3/commons-logging-1.1.3.jar:/home/user/.m2/repository/commons-beanutils/commons-beanutils/1.9.3/commons-beanutils-1.9.3.jar:/home/user/.m2/repository/org/apache/commons/commons-configuration2/2.1.1/commons-configuration2-2.1.1.jar:/home/user/.m2/repository/org/apache/commons/commons-lang3/3.7/commons-lang3-3.7.jar:/home/user/.m2/repository/org/apache/commons/commons-text/1.4/commons-text-1.4.jar:/home/user/.m2/repository/org/apache/avro/avro/1.7.7/avro-1.7.7.jar:/home/user/.m2/repository/com/thoughtworks/paranamer/paranamer/2.3/paranamer-2.3.jar:/home/user/.m2/repository/org/xerial/snappy/snappy-java/1.0.5/snappy-java-1.0.5.jar:/home/user/.m2/repository/com/google/re2j/re2j/1.1/re2j-1.1.jar:/home/user/.m2/repository/com/google/code/gson/gson/2.2.4/gson-2.2.4.jar:/home/user/.m2/repository/com/jcraft/jsch/0.1.54/jsch-0.1.54.jar:/home/user/.m2/repository/org/apache/curator/curator-client/2.12.0/curator-client-2.12.0.jar:/home/user/.m2/repository/org/apache/curator/curator-recipes/2.12.0/curator-recipes-2.12.0.jar:/home/user/.m2/repository/com/google/code/findbugs/jsr305/3.0.0/jsr305-3.0.0.jar:/home/user/.m2/repository/org/apache/htrace/htrace-core4/4.1.0-incubating/htrace-core4-4.1.0-incubating.jar:/home/user/.m2/repository/org/apache/zookeeper/zookeeper/3.4.13/zookeeper-3.4.13.jar:/home/user/.m2/repository/org/apache/yetus/audience-annotations/0.5.0/audience-annotations-0.5.0.jar:/home/user/.m2/repository/org/codehaus/woodstox/stax2-api/3.1.4/stax2-api-3.1.4.jar:/home/user/.m2/repository/com/fasterxml/woodstox/woodstox-core/5.0.3/woodstox-core-5.0.3.jar:/home/user/.m2/repository/dnsjava/dnsjava/2.1.7/dnsjava-2.1.7.jar:/home/user/.m2/repository/org/apache/hadoop/hadoop-hdfs/3.2.0/hadoop-hdfs-3.2.0-tests.jar:/home/user/.m2/repository/org/eclipse/jetty/jetty-util-ajax/9.3.24.v20180605/jetty-util-ajax-9.3.24.v20180605.jar:/home/user/.m2/repository/commons-daemon/commons-daemon/1.0.13/commons-daemon-1.0.13.jar:/home/user/.m2/repository/io/netty/netty/3.10.5.Final/netty-3.10.5.Final.jar:/home/user/.m2/repository/io/netty/netty-all/4.0.52.Final/netty-all-4.0.52.Final.jar:/home/user/.m2/repository/org/fusesource/leveldbjni/leveldbjni-all/1.8/leveldbjni-all-1.8.jar:"/>
    <property name="sun.cpu.endian" value="little"/>
    <property name="user.home" value="/home/user"/>
    <property name="user.language" value="en"/>
    <property name="java.specification.vendor" value="Oracle Corporation"/>
    <property name="java.home" value="/usr/lib/jvm/java-1.8-openjdk/jre"/>
    <property name="java.security.krb5.conf" value="/workdir/hadoop-ozone/integration-test/target/test-classes/krb5.conf"/>
    <property name="basedir" value="/workdir/hadoop-ozone/integration-test"/>
    <property name="file.separator" value="/"/>
    <property name="line.separator" value="&#10;"/>
    <property name="java.vm.specification.vendor" value="Oracle Corporation"/>
    <property name="java.specification.name" value="Java Platform API Specification"/>
    <property name="java.awt.graphicsenv" value="sun.awt.X11GraphicsEnvironment"/>
    <property name="surefire.real.class.path" value="/workdir/hadoop-ozone/integration-test/target/surefire/surefirebooter8957659965166470286.jar"/>
    <property name="hadoop.log.dir" value="/workdir/hadoop-ozone/integration-test/target/log"/>
    <property name="sun.boot.class.path" value="/usr/lib/jvm/java-1.8-openjdk/jre/lib/resources.jar:/usr/lib/jvm/java-1.8-openjdk/jre/lib/rt.jar:/usr/lib/jvm/java-1.8-openjdk/jre/lib/sunrsasign.jar:/usr/lib/jvm/java-1.8-openjdk/jre/lib/jsse.jar:/usr/lib/jvm/java-1.8-openjdk/jre/lib/jce.jar:/usr/lib/jvm/java-1.8-openjdk/jre/lib/charsets.jar:/usr/lib/jvm/java-1.8-openjdk/jre/lib/jfr.jar:/usr/lib/jvm/java-1.8-openjdk/jre/classes"/>
    <property name="sun.management.compiler" value="HotSpot 64-Bit Tiered Compilers"/>
    <property name="java.runtime.version" value="1.8.0_212-b04"/>
    <property name="java.net.preferIPv4Stack" value="true"/>
    <property name="user.name" value="jenkins1000"/>
    <property name="path.separator" value=":"/>
    <property name="java.security.egd" value="file:///dev/urandom"/>
    <property name="os.version" value="3.10.0-957.12.2.el7.x86_64"/>
    <property name="java.endorsed.dirs" value="/usr/lib/jvm/java-1.8-openjdk/jre/lib/endorsed"/>
    <property name="java.runtime.name" value="OpenJDK Runtime Environment"/>
    <property name="file.encoding" value="UTF-8"/>
    <property name="java.vm.name" value="OpenJDK 64-Bit Server VM"/>
    <property name="test.build.webapps" value=""/>
    <property name="localRepository" value="/home/user/.m2/repository"/>
    <property name="java.vendor.url.bug" value="https://icedtea.classpath.org/bugzilla"/>
    <property name="java.io.tmpdir" value="/tmp"/>
    <property name="require.test.libhadoop" value=""/>
    <property name="java.version" value="1.8.0_212"/>
    <property name="user.dir" value="/workdir/hadoop-ozone/integration-test"/>
    <property name="os.arch" value="amd64"/>
    <property name="java.vm.specification.name" value="Java Virtual Machine Specification"/>
    <property name="test.build.classes" value="/workdir/hadoop-ozone/integration-test/target/test-classes"/>
    <property name="java.awt.printerjob" value="sun.print.PSPrinterJob"/>
    <property name="sun.os.patch.level" value="unknown"/>
    <property name="hadoop.tmp.dir" value="/workdir/hadoop-ozone/integration-test/target/tmp"/>
    <property name="java.library.path" value="/usr/lib/jvm/java-1.8-openjdk/jre/lib/amd64/server:/usr/lib/jvm/java-1.8-openjdk/jre/lib/amd64:/usr/lib/jvm/java-1.8-openjdk/jre/../lib/amd64:/workdir/hadoop-ozone/integration-test/target/native/target/usr/local/lib:/workdir/hadoop-ozone/integration-test/../../hadoop-common-project/hadoop-common/target/native/target/usr/local/lib:/usr/java/packages/lib/amd64:/usr/lib64:/lib64:/lib:/usr/lib"/>
    <property name="java.vm.info" value="mixed mode"/>
    <property name="java.vendor" value="IcedTea"/>
    <property name="java.vm.version" value="25.212-b04"/>
    <property name="java.ext.dirs" value="/usr/lib/jvm/java-1.8-openjdk/jre/lib/ext:/usr/java/packages/lib/ext"/>
    <property name="sun.io.unicode.encoding" value="UnicodeLittle"/>
    <property name="java.class.version" value="52.0"/>
  </properties>
  <testcase name="testReleaseBuffers" classname="org.apache.hadoop.ozone.client.rpc.TestCommitWatcher" time="6.105"/>
  <testcase name="testReleaseBuffersOnException" classname="org.apache.hadoop.ozone.client.rpc.TestCommitWatcher" time="14.836">
    <failure type="java.lang.AssertionError">java.lang.AssertionError
	at org.junit.Assert.fail(Assert.java:86)
	at org.junit.Assert.assertTrue(Assert.java:41)
	at org.junit.Assert.assertTrue(Assert.java:52)
	at org.apache.hadoop.ozone.client.rpc.TestCommitWatcher.testReleaseBuffersOnException(TestCommitWatcher.java:284)
	at sun.reflect.NativeMethodAccessorImpl.invoke0(Native Method)
	at sun.reflect.NativeMethodAccessorImpl.invoke(NativeMethodAccessorImpl.java:62)
	at sun.reflect.DelegatingMethodAccessorImpl.invoke(DelegatingMethodAccessorImpl.java:43)
	at java.lang.reflect.Method.invoke(Method.java:498)
	at org.junit.runners.model.FrameworkMethod$1.runReflectiveCall(FrameworkMethod.java:47)
	at org.junit.internal.runners.model.ReflectiveCallable.run(ReflectiveCallable.java:12)
	at org.junit.runners.model.FrameworkMethod.invokeExplosively(FrameworkMethod.java:44)
	at org.junit.internal.runners.statements.InvokeMethod.evaluate(InvokeMethod.java:17)
	at org.junit.runners.ParentRunner.runLeaf(ParentRunner.java:271)
	at org.junit.runners.BlockJUnit4ClassRunner.runChild(BlockJUnit4ClassRunner.java:70)
	at org.junit.runners.BlockJUnit4ClassRunner.runChild(BlockJUnit4ClassRunner.java:50)
	at org.junit.runners.ParentRunner$3.run(ParentRunner.java:238)
	at org.junit.runners.ParentRunner$1.schedule(ParentRunner.java:63)
	at org.junit.runners.ParentRunner.runChildren(ParentRunner.java:236)
	at org.junit.runners.ParentRunner.access$000(ParentRunner.java:53)
	at org.junit.runners.ParentRunner$2.evaluate(ParentRunner.java:229)
	at org.junit.internal.runners.statements.RunBefores.evaluate(RunBefores.java:26)
	at org.junit.internal.runners.statements.RunAfters.evaluate(RunAfters.java:27)
	at org.junit.runners.ParentRunner.run(ParentRunner.java:309)
	at org.apache.maven.surefire.junit4.JUnit4Provider.execute(JUnit4Provider.java:365)
	at org.apache.maven.surefire.junit4.JUnit4Provider.executeWithRerun(JUnit4Provider.java:273)
	at org.apache.maven.surefire.junit4.JUnit4Provider.executeTestSet(JUnit4Provider.java:238)
	at org.apache.maven.surefire.junit4.JUnit4Provider.invoke(JUnit4Provider.java:159)
	at org.apache.maven.surefire.booter.ForkedBooter.invokeProviderInSameClassLoader(ForkedBooter.java:384)
	at org.apache.maven.surefire.booter.ForkedBooter.runSuitesInProcess(ForkedBooter.java:345)
	at org.apache.maven.surefire.booter.ForkedBooter.execute(ForkedBooter.java:126)
	at org.apache.maven.surefire.booter.ForkedBooter.main(ForkedBooter.java:418)
</failure>
    <system-out><![CDATA[2019-08-19 05:50:48,881 [grpc-default-executor-0] INFO  client.GrpcClientProtocolClient (GrpcClientProtocolClient.java:onNext(255)) - client-282C6A248B9A->eb948635-d243-49c2-b98c-abd5f64e6dbe: receive RaftClientReply:client-282C6A248B9A->eb948635-d243-49c2-b98c-abd5f64e6dbe@group-AA04A31B3801, cid=17, FAILED org.apache.ratis.protocol.NotLeaderException: Server eb948635-d243-49c2-b98c-abd5f64e6dbe is not the leader (null). Request must be sent to leader., logIndex=0, commits[eb948635-d243-49c2-b98c-abd5f64e6dbe:c-1, 3f2d61d4-5a14-426d-9a30-15ba3c5592d2:c-1, fcd91f29-81d7-4c8d-8e73-f2228557e406:c-1]
2019-08-19 05:50:48,905 | INFO  | SCMAudit | user=jenkins1000 | ip=192.168.5.187 | op=SEND_HEARTBEAT {datanodeUUID=fcd91f29-81d7-4c8d-8e73-f2228557e406, command=[]} | ret=SUCCESS |  
2019-08-19 05:50:49,145 | INFO  | SCMAudit | user=jenkins1000 | ip=192.168.5.187 | op=SEND_HEARTBEAT {datanodeUUID=3f2d61d4-5a14-426d-9a30-15ba3c5592d2, command=[]} | ret=SUCCESS |  
2019-08-19 05:50:49,441 | INFO  | SCMAudit | user=jenkins1000 | ip=192.168.5.187 | op=SEND_HEARTBEAT {datanodeUUID=bad439c4-a4bb-4d3c-a0b7-b7ba56f2ac5d, command=[]} | ret=SUCCESS |  
2019-08-19 05:50:49,492 | INFO  | SCMAudit | user=jenkins1000 | ip=192.168.5.187 | op=SEND_HEARTBEAT {datanodeUUID=eb948635-d243-49c2-b98c-abd5f64e6dbe, command=[]} | ret=SUCCESS |  
2019-08-19 05:50:49,588 | INFO  | SCMAudit | user=jenkins1000 | ip=192.168.5.187 | op=SEND_HEARTBEAT {datanodeUUID=d5b6c8ea-dc68-4dc2-9a80-eb84e9790adf, command=[]} | ret=SUCCESS |  
2019-08-19 05:50:49,588 | INFO  | SCMAudit | user=jenkins1000 | ip=192.168.5.187 | op=SEND_HEARTBEAT {datanodeUUID=52de9afb-752d-4047-940b-2109c35eaec6, command=[]} | ret=SUCCESS |  
2019-08-19 05:50:49,717 | INFO  | SCMAudit | user=jenkins1000 | ip=192.168.5.187 | op=SEND_HEARTBEAT {datanodeUUID=6d79e954-62cb-43ea-bb2b-1245d7e0f20c, command=[]} | ret=SUCCESS |  
2019-08-19 05:50:49,908 | INFO  | SCMAudit | user=jenkins1000 | ip=192.168.5.187 | op=SEND_HEARTBEAT {datanodeUUID=fcd91f29-81d7-4c8d-8e73-f2228557e406, command=[]} | ret=SUCCESS |  
2019-08-19 05:50:49,921 [grpc-default-executor-0] INFO  client.GrpcClientProtocolClient (GrpcClientProtocolClient.java:onNext(255)) - client-282C6A248B9A->fcd91f29-81d7-4c8d-8e73-f2228557e406: receive RaftClientReply:client-282C6A248B9A->fcd91f29-81d7-4c8d-8e73-f2228557e406@group-AA04A31B3801, cid=17, FAILED org.apache.ratis.protocol.NotLeaderException: Server fcd91f29-81d7-4c8d-8e73-f2228557e406 is not the leader (null). Request must be sent to leader., logIndex=0, commits[fcd91f29-81d7-4c8d-8e73-f2228557e406:c-1]
2019-08-19 05:50:50,145 | INFO  | SCMAudit | user=jenkins1000 | ip=192.168.5.187 | op=SEND_HEARTBEAT {datanodeUUID=3f2d61d4-5a14-426d-9a30-15ba3c5592d2, command=[]} | ret=SUCCESS |  
2019-08-19 05:50:50,441 | INFO  | SCMAudit | user=jenkins1000 | ip=192.168.5.187 | op=SEND_HEARTBEAT {datanodeUUID=bad439c4-a4bb-4d3c-a0b7-b7ba56f2ac5d, command=[]} | ret=SUCCESS |  
2019-08-19 05:50:50,492 | INFO  | SCMAudit | user=jenkins1000 | ip=192.168.5.187 | op=SEND_HEARTBEAT {datanodeUUID=eb948635-d243-49c2-b98c-abd5f64e6dbe, command=[]} | ret=SUCCESS |  
2019-08-19 05:50:50,587 | INFO  | SCMAudit | user=jenkins1000 | ip=192.168.5.187 | op=SEND_HEARTBEAT {datanodeUUID=d5b6c8ea-dc68-4dc2-9a80-eb84e9790adf, command=[]} | ret=SUCCESS |  
2019-08-19 05:50:50,588 | INFO  | SCMAudit | user=jenkins1000 | ip=192.168.5.187 | op=SEND_HEARTBEAT {datanodeUUID=52de9afb-752d-4047-940b-2109c35eaec6, command=[]} | ret=SUCCESS |  
2019-08-19 05:50:50,717 | INFO  | SCMAudit | user=jenkins1000 | ip=192.168.5.187 | op=SEND_HEARTBEAT {datanodeUUID=6d79e954-62cb-43ea-bb2b-1245d7e0f20c, command=[]} | ret=SUCCESS |  
2019-08-19 05:50:50,906 | INFO  | SCMAudit | user=jenkins1000 | ip=192.168.5.187 | op=SEND_HEARTBEAT {datanodeUUID=fcd91f29-81d7-4c8d-8e73-f2228557e406, command=[]} | ret=SUCCESS |  
2019-08-19 05:50:50,955 [grpc-default-executor-2] INFO  client.GrpcClientProtocolClient (GrpcClientProtocolClient.java:onNext(255)) - client-282C6A248B9A->eb948635-d243-49c2-b98c-abd5f64e6dbe: receive RaftClientReply:client-282C6A248B9A->eb948635-d243-49c2-b98c-abd5f64e6dbe@group-AA04A31B3801, cid=17, FAILED org.apache.ratis.protocol.NotLeaderException: Server eb948635-d243-49c2-b98c-abd5f64e6dbe is not the leader (null). Request must be sent to leader., logIndex=0, commits[eb948635-d243-49c2-b98c-abd5f64e6dbe:c-1, 3f2d61d4-5a14-426d-9a30-15ba3c5592d2:c-1, fcd91f29-81d7-4c8d-8e73-f2228557e406:c-1]
2019-08-19 05:50:51,146 | INFO  | SCMAudit | user=jenkins1000 | ip=192.168.5.187 | op=SEND_HEARTBEAT {datanodeUUID=3f2d61d4-5a14-426d-9a30-15ba3c5592d2, command=[]} | ret=SUCCESS |  
2019-08-19 05:50:51,441 | INFO  | SCMAudit | user=jenkins1000 | ip=192.168.5.187 | op=SEND_HEARTBEAT {datanodeUUID=bad439c4-a4bb-4d3c-a0b7-b7ba56f2ac5d, command=[]} | ret=SUCCESS |  
2019-08-19 05:50:51,492 | INFO  | SCMAudit | user=jenkins1000 | ip=192.168.5.187 | op=SEND_HEARTBEAT {datanodeUUID=eb948635-d243-49c2-b98c-abd5f64e6dbe, command=[]} | ret=SUCCESS |  
2019-08-19 05:50:51,587 | INFO  | SCMAudit | user=jenkins1000 | ip=192.168.5.187 | op=SEND_HEARTBEAT {datanodeUUID=d5b6c8ea-dc68-4dc2-9a80-eb84e9790adf, command=[]} | ret=SUCCESS |  
2019-08-19 05:50:51,588 | INFO  | SCMAudit | user=jenkins1000 | ip=192.168.5.187 | op=SEND_HEARTBEAT {datanodeUUID=52de9afb-752d-4047-940b-2109c35eaec6, command=[]} | ret=SUCCESS |  
2019-08-19 05:50:51,719 | INFO  | SCMAudit | user=jenkins1000 | ip=192.168.5.187 | op=SEND_HEARTBEAT {datanodeUUID=6d79e954-62cb-43ea-bb2b-1245d7e0f20c, command=[]} | ret=SUCCESS |  
2019-08-19 05:50:51,905 | INFO  | SCMAudit | user=jenkins1000 | ip=192.168.5.187 | op=SEND_HEARTBEAT {datanodeUUID=fcd91f29-81d7-4c8d-8e73-f2228557e406, command=[]} | ret=SUCCESS |  
2019-08-19 05:50:51,990 [grpc-default-executor-0] INFO  client.GrpcClientProtocolClient (GrpcClientProtocolClient.java:onNext(255)) - client-282C6A248B9A->3f2d61d4-5a14-426d-9a30-15ba3c5592d2: receive RaftClientReply:client-282C6A248B9A->3f2d61d4-5a14-426d-9a30-15ba3c5592d2@group-AA04A31B3801, cid=17, FAILED org.apache.ratis.protocol.NotLeaderException: Server 3f2d61d4-5a14-426d-9a30-15ba3c5592d2 is not the leader (null). Request must be sent to leader., logIndex=0, commits[3f2d61d4-5a14-426d-9a30-15ba3c5592d2:c-1]
2019-08-19 05:50:52,145 | INFO  | SCMAudit | user=jenkins1000 | ip=192.168.5.187 | op=SEND_HEARTBEAT {datanodeUUID=3f2d61d4-5a14-426d-9a30-15ba3c5592d2, command=[]} | ret=SUCCESS |  
2019-08-19 05:50:52,441 | INFO  | SCMAudit | user=jenkins1000 | ip=192.168.5.187 | op=SEND_HEARTBEAT {datanodeUUID=bad439c4-a4bb-4d3c-a0b7-b7ba56f2ac5d, command=[]} | ret=SUCCESS |  
2019-08-19 05:50:52,492 | INFO  | SCMAudit | user=jenkins1000 | ip=192.168.5.187 | op=SEND_HEARTBEAT {datanodeUUID=eb948635-d243-49c2-b98c-abd5f64e6dbe, command=[]} | ret=SUCCESS |  
2019-08-19 05:50:52,587 | INFO  | SCMAudit | user=jenkins1000 | ip=192.168.5.187 | op=SEND_HEARTBEAT {datanodeUUID=d5b6c8ea-dc68-4dc2-9a80-eb84e9790adf, command=[]} | ret=SUCCESS |  
2019-08-19 05:50:52,588 | INFO  | SCMAudit | user=jenkins1000 | ip=192.168.5.187 | op=SEND_HEARTBEAT {datanodeUUID=52de9afb-752d-4047-940b-2109c35eaec6, command=[]} | ret=SUCCESS |  
2019-08-19 05:50:52,719 | INFO  | SCMAudit | user=jenkins1000 | ip=192.168.5.187 | op=SEND_HEARTBEAT {datanodeUUID=6d79e954-62cb-43ea-bb2b-1245d7e0f20c, command=[]} | ret=SUCCESS |  
2019-08-19 05:50:52,767 [Thread-325] INFO  impl.FollowerState (FollowerState.java:run(106)) - 3f2d61d4-5a14-426d-9a30-15ba3c5592d2:group-AA04A31B3801 changes to CANDIDATE, lastRpcTime:5157, electionTimeout:5155ms
2019-08-19 05:50:52,769 [Thread-325] INFO  impl.RoleInfo (RoleInfo.java:shutdownFollowerState(121)) - 3f2d61d4-5a14-426d-9a30-15ba3c5592d2: shutdown FollowerState
2019-08-19 05:50:52,770 [Thread-325] INFO  impl.RaftServerImpl (RaftServerImpl.java:setRole(171)) - 3f2d61d4-5a14-426d-9a30-15ba3c5592d2:group-AA04A31B3801 changes role from FOLLOWER to CANDIDATE at term 2 for changeToCandidate
2019-08-19 05:50:52,770 [Thread-325] INFO  impl.RoleInfo (RoleInfo.java:updateAndGet(143)) - 3f2d61d4-5a14-426d-9a30-15ba3c5592d2: start LeaderElection
2019-08-19 05:50:52,787 [3f2d61d4-5a14-426d-9a30-15ba3c5592d2:group-AA04A31B3801:LeaderElection11] INFO  impl.LeaderElection (LeaderElection.java:askForVotes(181)) - 3f2d61d4-5a14-426d-9a30-15ba3c5592d2:group-AA04A31B3801:LeaderElection11: begin an election at term 3 for -1: [eb948635-d243-49c2-b98c-abd5f64e6dbe:192.168.5.187:41744, 3f2d61d4-5a14-426d-9a30-15ba3c5592d2:192.168.5.187:41367, fcd91f29-81d7-4c8d-8e73-f2228557e406:192.168.5.187:44091], old=null
2019-08-19 05:50:52,796 [grpc-default-executor-0] INFO  impl.RaftServerImpl (RaftServerImpl.java:setRole(171)) - fcd91f29-81d7-4c8d-8e73-f2228557e406:group-AA04A31B3801 changes role from FOLLOWER to FOLLOWER at term 3 for recognizeCandidate:3f2d61d4-5a14-426d-9a30-15ba3c5592d2
2019-08-19 05:50:52,796 [grpc-default-executor-2] INFO  impl.RaftServerImpl (RaftServerImpl.java:setRole(171)) - eb948635-d243-49c2-b98c-abd5f64e6dbe:group-AA04A31B3801 changes role from FOLLOWER to FOLLOWER at term 3 for recognizeCandidate:3f2d61d4-5a14-426d-9a30-15ba3c5592d2
2019-08-19 05:50:52,797 [grpc-default-executor-0] INFO  impl.RoleInfo (RoleInfo.java:shutdownFollowerState(121)) - fcd91f29-81d7-4c8d-8e73-f2228557e406: shutdown FollowerState
2019-08-19 05:50:52,797 [grpc-default-executor-2] INFO  impl.RoleInfo (RoleInfo.java:shutdownFollowerState(121)) - eb948635-d243-49c2-b98c-abd5f64e6dbe: shutdown FollowerState
2019-08-19 05:50:52,797 [grpc-default-executor-0] INFO  impl.RoleInfo (RoleInfo.java:updateAndGet(143)) - fcd91f29-81d7-4c8d-8e73-f2228557e406: start FollowerState
2019-08-19 05:50:52,798 [grpc-default-executor-2] INFO  impl.RoleInfo (RoleInfo.java:updateAndGet(143)) - eb948635-d243-49c2-b98c-abd5f64e6dbe: start FollowerState
2019-08-19 05:50:52,798 [Thread-336] INFO  impl.FollowerState (FollowerState.java:run(114)) - eb948635-d243-49c2-b98c-abd5f64e6dbe: FollowerState was interrupted: java.lang.InterruptedException: sleep interrupted
2019-08-19 05:50:52,798 [Thread-335] INFO  impl.FollowerState (FollowerState.java:run(114)) - fcd91f29-81d7-4c8d-8e73-f2228557e406: FollowerState was interrupted: java.lang.InterruptedException: sleep interrupted
2019-08-19 05:50:52,830 [3f2d61d4-5a14-426d-9a30-15ba3c5592d2:group-AA04A31B3801:LeaderElection11] INFO  impl.LeaderElection (LeaderElection.java:logAndReturn(56)) - 3f2d61d4-5a14-426d-9a30-15ba3c5592d2:group-AA04A31B3801:LeaderElection11: Election PASSED; received 2 response(s) [3f2d61d4-5a14-426d-9a30-15ba3c5592d2<-eb948635-d243-49c2-b98c-abd5f64e6dbe#0:FAIL-t3, 3f2d61d4-5a14-426d-9a30-15ba3c5592d2<-fcd91f29-81d7-4c8d-8e73-f2228557e406#0:OK-t3] and 0 exception(s); 3f2d61d4-5a14-426d-9a30-15ba3c5592d2:t3, leader=null, voted=3f2d61d4-5a14-426d-9a30-15ba3c5592d2, raftlog=3f2d61d4-5a14-426d-9a30-15ba3c5592d2-SegmentedRaftLog:OPENED:c-1,f-1,i0, conf=-1: [eb948635-d243-49c2-b98c-abd5f64e6dbe:192.168.5.187:41744, 3f2d61d4-5a14-426d-9a30-15ba3c5592d2:192.168.5.187:41367, fcd91f29-81d7-4c8d-8e73-f2228557e406:192.168.5.187:44091], old=null
2019-08-19 05:50:52,830 [3f2d61d4-5a14-426d-9a30-15ba3c5592d2:group-AA04A31B3801:LeaderElection11] INFO  impl.RoleInfo (RoleInfo.java:shutdownLeaderElection(134)) - 3f2d61d4-5a14-426d-9a30-15ba3c5592d2: shutdown LeaderElection
2019-08-19 05:50:52,831 [3f2d61d4-5a14-426d-9a30-15ba3c5592d2:group-AA04A31B3801:LeaderElection11] INFO  impl.RaftServerImpl (RaftServerImpl.java:setRole(171)) - 3f2d61d4-5a14-426d-9a30-15ba3c5592d2:group-AA04A31B3801 changes role from CANDIDATE to LEADER at term 3 for changeToLeader
2019-08-19 05:50:52,846 [3f2d61d4-5a14-426d-9a30-15ba3c5592d2:group-AA04A31B3801:LeaderElection11] INFO  impl.RaftServerImpl (ServerState.java:setLeader(263)) - 3f2d61d4-5a14-426d-9a30-15ba3c5592d2:group-AA04A31B3801 change Leader from null to 3f2d61d4-5a14-426d-9a30-15ba3c5592d2 at term 3 for becomeLeader, leader elected after 10360ms
2019-08-19 05:50:52,846 [3f2d61d4-5a14-426d-9a30-15ba3c5592d2:group-AA04A31B3801:LeaderElection11] INFO  server.RaftServerConfigKeys (ConfUtils.java:logGet(43)) - raft.server.staging.catchup.gap = 1000 (default)
2019-08-19 05:50:52,846 [3f2d61d4-5a14-426d-9a30-15ba3c5592d2:group-AA04A31B3801:LeaderElection11] INFO  server.RaftServerConfigKeys (ConfUtils.java:logGet(43)) - raft.server.rpc.sleep.time = 25ms (default)
2019-08-19 05:50:52,847 [3f2d61d4-5a14-426d-9a30-15ba3c5592d2:group-AA04A31B3801:LeaderElection11] INFO  server.RaftServerConfigKeys (ConfUtils.java:logGet(43)) - raft.server.write.element-limit = 4096 (default)
2019-08-19 05:50:52,847 [3f2d61d4-5a14-426d-9a30-15ba3c5592d2:group-AA04A31B3801:LeaderElection11] INFO  server.RaftServerConfigKeys (ConfUtils.java:logGet(43)) - raft.server.watch.timeout = 10s (default)
2019-08-19 05:50:52,847 [3f2d61d4-5a14-426d-9a30-15ba3c5592d2:group-AA04A31B3801:LeaderElection11] INFO  server.RaftServerConfigKeys (ConfUtils.java:logGet(43)) - raft.server.watch.timeout.denomination = 1s (default)
2019-08-19 05:50:52,847 [3f2d61d4-5a14-426d-9a30-15ba3c5592d2:group-AA04A31B3801:LeaderElection11] INFO  server.RaftServerConfigKeys (ConfUtils.java:logGet(43)) - raft.server.watch.element-limit = 65536 (default)
2019-08-19 05:50:52,847 [3f2d61d4-5a14-426d-9a30-15ba3c5592d2:group-AA04A31B3801:LeaderElection11] INFO  server.RaftServerConfigKeys (ConfUtils.java:logGet(43)) - raft.server.log.appender.snapshot.chunk.size.max = 16MB (=16777216) (default)
2019-08-19 05:50:52,848 [3f2d61d4-5a14-426d-9a30-15ba3c5592d2:group-AA04A31B3801:LeaderElection11] INFO  server.RaftServerConfigKeys (ConfUtils.java:logGet(43)) - raft.server.log.appender.buffer.byte-limit = 33554432 (custom)
2019-08-19 05:50:52,848 [3f2d61d4-5a14-426d-9a30-15ba3c5592d2:group-AA04A31B3801:LeaderElection11] INFO  server.RaftServerConfigKeys (ConfUtils.java:logGet(43)) - raft.server.log.appender.buffer.element-limit = 1 (custom)
2019-08-19 05:50:52,848 [3f2d61d4-5a14-426d-9a30-15ba3c5592d2:group-AA04A31B3801:LeaderElection11] INFO  grpc.GrpcConfigKeys$Server (ConfUtils.java:logGet(43)) - raft.grpc.server.leader.outstanding.appends.max = 128 (default)
2019-08-19 05:50:52,848 [3f2d61d4-5a14-426d-9a30-15ba3c5592d2:group-AA04A31B3801:LeaderElection11] INFO  server.RaftServerConfigKeys (ConfUtils.java:logGet(43)) - raft.server.rpc.request.timeout = 3000ms (default)
2019-08-19 05:50:52,849 [3f2d61d4-5a14-426d-9a30-15ba3c5592d2:group-AA04A31B3801:LeaderElection11] INFO  server.RaftServerConfigKeys (ConfUtils.java:logGet(43)) - raft.server.log.appender.install.snapshot.enabled = false (custom)
2019-08-19 05:50:52,849 [3f2d61d4-5a14-426d-9a30-15ba3c5592d2:group-AA04A31B3801:LeaderElection11] INFO  server.RaftServerConfigKeys (ConfUtils.java:logGet(43)) - raft.server.log.appender.snapshot.chunk.size.max = 16MB (=16777216) (default)
2019-08-19 05:50:52,849 [3f2d61d4-5a14-426d-9a30-15ba3c5592d2:group-AA04A31B3801:LeaderElection11] INFO  server.RaftServerConfigKeys (ConfUtils.java:logGet(43)) - raft.server.log.appender.buffer.byte-limit = 33554432 (custom)
2019-08-19 05:50:52,849 [3f2d61d4-5a14-426d-9a30-15ba3c5592d2:group-AA04A31B3801:LeaderElection11] INFO  server.RaftServerConfigKeys (ConfUtils.java:logGet(43)) - raft.server.log.appender.buffer.element-limit = 1 (custom)
2019-08-19 05:50:52,849 [3f2d61d4-5a14-426d-9a30-15ba3c5592d2:group-AA04A31B3801:LeaderElection11] INFO  grpc.GrpcConfigKeys$Server (ConfUtils.java:logGet(43)) - raft.grpc.server.leader.outstanding.appends.max = 128 (default)
2019-08-19 05:50:52,850 [3f2d61d4-5a14-426d-9a30-15ba3c5592d2:group-AA04A31B3801:LeaderElection11] INFO  server.RaftServerConfigKeys (ConfUtils.java:logGet(43)) - raft.server.rpc.request.timeout = 3000ms (default)
2019-08-19 05:50:52,850 [3f2d61d4-5a14-426d-9a30-15ba3c5592d2:group-AA04A31B3801:LeaderElection11] INFO  server.RaftServerConfigKeys (ConfUtils.java:logGet(43)) - raft.server.log.appender.install.snapshot.enabled = false (custom)
2019-08-19 05:50:52,850 [3f2d61d4-5a14-426d-9a30-15ba3c5592d2:group-AA04A31B3801:LeaderElection11] INFO  impl.RoleInfo (RoleInfo.java:updateAndGet(143)) - 3f2d61d4-5a14-426d-9a30-15ba3c5592d2: start LeaderState
2019-08-19 05:50:52,850 [3f2d61d4-5a14-426d-9a30-15ba3c5592d2:group-AA04A31B3801:LeaderElection11] INFO  segmented.SegmentedRaftLogWorker (SegmentedRaftLogWorker.java:startLogSegment(380)) - 3f2d61d4-5a14-426d-9a30-15ba3c5592d2-SegmentedRaftLogWorker:Storage Directory /workdir/hadoop-ozone/integration-test/target/test-dir/MiniOzoneClusterImpl-5545b921-1736-47f5-bb03-85c6c02cbb9b/datanode-3/data/ratis/2221d392-5926-4d3f-ac25-aa04a31b3801: Starting segment from index:0
2019-08-19 05:50:52,851 [3f2d61d4-5a14-426d-9a30-15ba3c5592d2:group-AA04A31B3801:LeaderElection11] INFO  impl.RaftServerImpl (ServerState.java:setRaftConf(361)) - 3f2d61d4-5a14-426d-9a30-15ba3c5592d2:group-AA04A31B3801 set configuration 0: [eb948635-d243-49c2-b98c-abd5f64e6dbe:192.168.5.187:41744, 3f2d61d4-5a14-426d-9a30-15ba3c5592d2:192.168.5.187:41367, fcd91f29-81d7-4c8d-8e73-f2228557e406:192.168.5.187:44091], old=null at 0
2019-08-19 05:50:52,855 [grpc-default-executor-2] INFO  impl.RaftServerImpl (ServerState.java:setLeader(263)) - eb948635-d243-49c2-b98c-abd5f64e6dbe:group-AA04A31B3801 change Leader from null to 3f2d61d4-5a14-426d-9a30-15ba3c5592d2 at term 3 for appendEntries, leader elected after 5160ms
2019-08-19 05:50:52,889 [grpc-default-executor-0] INFO  impl.RaftServerImpl (ServerState.java:setLeader(263)) - fcd91f29-81d7-4c8d-8e73-f2228557e406:group-AA04A31B3801 change Leader from null to 3f2d61d4-5a14-426d-9a30-15ba3c5592d2 at term 3 for appendEntries, leader elected after 10402ms
2019-08-19 05:50:52,897 [grpc-default-executor-0] INFO  impl.RaftServerImpl (ServerState.java:setRaftConf(361)) - fcd91f29-81d7-4c8d-8e73-f2228557e406:group-AA04A31B3801 set configuration 0: [eb948635-d243-49c2-b98c-abd5f64e6dbe:192.168.5.187:41744, 3f2d61d4-5a14-426d-9a30-15ba3c5592d2:192.168.5.187:41367, fcd91f29-81d7-4c8d-8e73-f2228557e406:192.168.5.187:44091], old=null at 0
2019-08-19 05:50:52,897 [grpc-default-executor-2] INFO  impl.RaftServerImpl (ServerState.java:setRaftConf(361)) - eb948635-d243-49c2-b98c-abd5f64e6dbe:group-AA04A31B3801 set configuration 0: [eb948635-d243-49c2-b98c-abd5f64e6dbe:192.168.5.187:41744, 3f2d61d4-5a14-426d-9a30-15ba3c5592d2:192.168.5.187:41367, fcd91f29-81d7-4c8d-8e73-f2228557e406:192.168.5.187:44091], old=null at 0
2019-08-19 05:50:52,898 [grpc-default-executor-0] INFO  segmented.SegmentedRaftLogWorker (SegmentedRaftLogWorker.java:startLogSegment(380)) - fcd91f29-81d7-4c8d-8e73-f2228557e406-SegmentedRaftLogWorker:Storage Directory /workdir/hadoop-ozone/integration-test/target/test-dir/MiniOzoneClusterImpl-5545b921-1736-47f5-bb03-85c6c02cbb9b/datanode-6/data/ratis/2221d392-5926-4d3f-ac25-aa04a31b3801: Starting segment from index:0
2019-08-19 05:50:52,902 [3f2d61d4-5a14-426d-9a30-15ba3c5592d2-SegmentedRaftLogWorker:Storage Directory /workdir/hadoop-ozone/integration-test/target/test-dir/MiniOzoneClusterImpl-5545b921-1736-47f5-bb03-85c6c02cbb9b/datanode-3/data/ratis/2221d392-5926-4d3f-ac25-aa04a31b3801] INFO  segmented.SegmentedRaftLogWorker (SegmentedRaftLogWorker.java:execute(569)) - 3f2d61d4-5a14-426d-9a30-15ba3c5592d2-SegmentedRaftLogWorker:Storage Directory /workdir/hadoop-ozone/integration-test/target/test-dir/MiniOzoneClusterImpl-5545b921-1736-47f5-bb03-85c6c02cbb9b/datanode-3/data/ratis/2221d392-5926-4d3f-ac25-aa04a31b3801: created new log segment /workdir/hadoop-ozone/integration-test/target/test-dir/MiniOzoneClusterImpl-5545b921-1736-47f5-bb03-85c6c02cbb9b/datanode-3/data/ratis/2221d392-5926-4d3f-ac25-aa04a31b3801/current/log_inprogress_0
2019-08-19 05:50:52,905 | INFO  | SCMAudit | user=jenkins1000 | ip=192.168.5.187 | op=SEND_HEARTBEAT {datanodeUUID=fcd91f29-81d7-4c8d-8e73-f2228557e406, command=[]} | ret=SUCCESS |  
2019-08-19 05:50:52,906 [grpc-default-executor-2] INFO  segmented.SegmentedRaftLogWorker (SegmentedRaftLogWorker.java:truncate(396)) - eb948635-d243-49c2-b98c-abd5f64e6dbe-SegmentedRaftLogWorker:Storage Directory /workdir/hadoop-ozone/integration-test/target/test-dir/MiniOzoneClusterImpl-5545b921-1736-47f5-bb03-85c6c02cbb9b/datanode-4/data/ratis/2221d392-5926-4d3f-ac25-aa04a31b3801: Truncating segments toTruncate: null
  toDelete: [(0, 0) isOpen? true, length=0, newEndIndex=-1], start index 0
2019-08-19 05:50:52,906 [grpc-default-executor-2] INFO  segmented.SegmentedRaftLogWorker (SegmentedRaftLogWorker.java:startLogSegment(380)) - eb948635-d243-49c2-b98c-abd5f64e6dbe-SegmentedRaftLogWorker:Storage Directory /workdir/hadoop-ozone/integration-test/target/test-dir/MiniOzoneClusterImpl-5545b921-1736-47f5-bb03-85c6c02cbb9b/datanode-4/data/ratis/2221d392-5926-4d3f-ac25-aa04a31b3801: Starting segment from index:0
2019-08-19 05:50:52,909 [eb948635-d243-49c2-b98c-abd5f64e6dbe-SegmentedRaftLogWorker:Storage Directory /workdir/hadoop-ozone/integration-test/target/test-dir/MiniOzoneClusterImpl-5545b921-1736-47f5-bb03-85c6c02cbb9b/datanode-4/data/ratis/2221d392-5926-4d3f-ac25-aa04a31b3801] INFO  segmented.SegmentedRaftLogWorker (SegmentedRaftLogWorker.java:execute(633)) - eb948635-d243-49c2-b98c-abd5f64e6dbe-SegmentedRaftLogWorker:Storage Directory /workdir/hadoop-ozone/integration-test/target/test-dir/MiniOzoneClusterImpl-5545b921-1736-47f5-bb03-85c6c02cbb9b/datanode-4/data/ratis/2221d392-5926-4d3f-ac25-aa04a31b3801: Deleted log file /workdir/hadoop-ozone/integration-test/target/test-dir/MiniOzoneClusterImpl-5545b921-1736-47f5-bb03-85c6c02cbb9b/datanode-4/data/ratis/2221d392-5926-4d3f-ac25-aa04a31b3801/current/log_inprogress_0
2019-08-19 05:50:52,928 [eb948635-d243-49c2-b98c-abd5f64e6dbe-SegmentedRaftLogWorker:Storage Directory /workdir/hadoop-ozone/integration-test/target/test-dir/MiniOzoneClusterImpl-5545b921-1736-47f5-bb03-85c6c02cbb9b/datanode-4/data/ratis/2221d392-5926-4d3f-ac25-aa04a31b3801] INFO  segmented.SegmentedRaftLogWorker (SegmentedRaftLogWorker.java:lambda$new$0(132)) - eb948635-d243-49c2-b98c-abd5f64e6dbe-SegmentedRaftLogWorker:Storage Directory /workdir/hadoop-ozone/integration-test/target/test-dir/MiniOzoneClusterImpl-5545b921-1736-47f5-bb03-85c6c02cbb9b/datanode-4/data/ratis/2221d392-5926-4d3f-ac25-aa04a31b3801: flushIndex: setUnconditionally 0 -> -1
2019-08-19 05:50:52,952 [fcd91f29-81d7-4c8d-8e73-f2228557e406-SegmentedRaftLogWorker:Storage Directory /workdir/hadoop-ozone/integration-test/target/test-dir/MiniOzoneClusterImpl-5545b921-1736-47f5-bb03-85c6c02cbb9b/datanode-6/data/ratis/2221d392-5926-4d3f-ac25-aa04a31b3801] INFO  segmented.SegmentedRaftLogWorker (SegmentedRaftLogWorker.java:execute(569)) - fcd91f29-81d7-4c8d-8e73-f2228557e406-SegmentedRaftLogWorker:Storage Directory /workdir/hadoop-ozone/integration-test/target/test-dir/MiniOzoneClusterImpl-5545b921-1736-47f5-bb03-85c6c02cbb9b/datanode-6/data/ratis/2221d392-5926-4d3f-ac25-aa04a31b3801: created new log segment /workdir/hadoop-ozone/integration-test/target/test-dir/MiniOzoneClusterImpl-5545b921-1736-47f5-bb03-85c6c02cbb9b/datanode-6/data/ratis/2221d392-5926-4d3f-ac25-aa04a31b3801/current/log_inprogress_0
2019-08-19 05:50:52,978 [eb948635-d243-49c2-b98c-abd5f64e6dbe-SegmentedRaftLogWorker:Storage Directory /workdir/hadoop-ozone/integration-test/target/test-dir/MiniOzoneClusterImpl-5545b921-1736-47f5-bb03-85c6c02cbb9b/datanode-4/data/ratis/2221d392-5926-4d3f-ac25-aa04a31b3801] INFO  segmented.SegmentedRaftLogWorker (SegmentedRaftLogWorker.java:execute(569)) - eb948635-d243-49c2-b98c-abd5f64e6dbe-SegmentedRaftLogWorker:Storage Directory /workdir/hadoop-ozone/integration-test/target/test-dir/MiniOzoneClusterImpl-5545b921-1736-47f5-bb03-85c6c02cbb9b/datanode-4/data/ratis/2221d392-5926-4d3f-ac25-aa04a31b3801: created new log segment /workdir/hadoop-ozone/integration-test/target/test-dir/MiniOzoneClusterImpl-5545b921-1736-47f5-bb03-85c6c02cbb9b/datanode-4/data/ratis/2221d392-5926-4d3f-ac25-aa04a31b3801/current/log_inprogress_0
2019-08-19 05:50:53,025 [grpc-default-executor-2] INFO  client.GrpcClientProtocolClient (GrpcClientProtocolClient.java:onNext(255)) - client-282C6A248B9A->eb948635-d243-49c2-b98c-abd5f64e6dbe: receive RaftClientReply:client-282C6A248B9A->eb948635-d243-49c2-b98c-abd5f64e6dbe@group-AA04A31B3801, cid=17, FAILED org.apache.ratis.protocol.NotLeaderException: Server eb948635-d243-49c2-b98c-abd5f64e6dbe is not the leader (3f2d61d4-5a14-426d-9a30-15ba3c5592d2:192.168.5.187:41367). Request must be sent to leader., logIndex=0, commits[eb948635-d243-49c2-b98c-abd5f64e6dbe:c-1, 3f2d61d4-5a14-426d-9a30-15ba3c5592d2:c-1, fcd91f29-81d7-4c8d-8e73-f2228557e406:c-1]
2019-08-19 05:50:53,149 | INFO  | SCMAudit | user=jenkins1000 | ip=192.168.5.187 | op=SEND_HEARTBEAT {datanodeUUID=3f2d61d4-5a14-426d-9a30-15ba3c5592d2, command=[]} | ret=SUCCESS |  
2019-08-19 05:50:53,156 | INFO  | SCMAudit | user=jenkins1000 | ip=192.168.5.187 | op=SEND_HEARTBEAT {datanodeUUID=3f2d61d4-5a14-426d-9a30-15ba3c5592d2, command=[]} | ret=SUCCESS |  
2019-08-19 05:50:53,159 | INFO  | DNAudit | user=null | ip=null | op=WRITE_CHUNK {blockData=conID: 2 locID: 1566193848842 bcsId: 0} | ret=SUCCESS |  
2019-08-19 05:50:53,178 | INFO  | SCMAudit | user=jenkins1000 | ip=192.168.5.187 | op=SEND_HEARTBEAT {datanodeUUID=fcd91f29-81d7-4c8d-8e73-f2228557e406, command=[]} | ret=SUCCESS |  
2019-08-19 05:50:53,178 | INFO  | SCMAudit | user=jenkins1000 | ip=192.168.5.187 | op=SEND_HEARTBEAT {datanodeUUID=eb948635-d243-49c2-b98c-abd5f64e6dbe, command=[]} | ret=SUCCESS |  
2019-08-19 05:50:53,185 | INFO  | DNAudit | user=null | ip=null | op=WRITE_CHUNK {blockData=conID: 2 locID: 1566193848842 bcsId: 0} | ret=SUCCESS |  
2019-08-19 05:50:53,185 | INFO  | DNAudit | user=null | ip=null | op=WRITE_CHUNK {blockData=conID: 2 locID: 1566193848842 bcsId: 0} | ret=SUCCESS |  
2019-08-19 05:50:53,201 | INFO  | DNAudit | user=null | ip=null | op=WRITE_CHUNK {blockData=conID: 2 locID: 1566193848842 bcsId: 0} | ret=SUCCESS |  
2019-08-19 05:50:53,210 [grpc-default-executor-0] INFO  client.GrpcClientProtocolClient (GrpcClientProtocolClient.java:onNext(255)) - client-282C6A248B9A->3f2d61d4-5a14-426d-9a30-15ba3c5592d2: receive RaftClientReply:client-282C6A248B9A->3f2d61d4-5a14-426d-9a30-15ba3c5592d2@group-AA04A31B3801, cid=17, SUCCESS, logIndex=1, commits[3f2d61d4-5a14-426d-9a30-15ba3c5592d2:c1, eb948635-d243-49c2-b98c-abd5f64e6dbe:c0, fcd91f29-81d7-4c8d-8e73-f2228557e406:c0]
2019-08-19 05:50:53,222 | INFO  | DNAudit | user=null | ip=null | op=WRITE_CHUNK {blockData=conID: 2 locID: 1566193848842 bcsId: 0} | ret=SUCCESS |  
2019-08-19 05:50:53,222 | INFO  | DNAudit | user=null | ip=null | op=WRITE_CHUNK {blockData=conID: 2 locID: 1566193848842 bcsId: 0} | ret=SUCCESS |  
2019-08-19 05:50:53,231 [pool-59-thread-4] WARN  impl.ChunkManagerImpl (ChunkUtils.java:validateChunkForOverwrite(218)) - Duplicate write chunk request. Chunk overwrite without explicit request. ChunkInfo{chunkName='1566193848842.data.0, offset=0, len=1048576}
2019-08-19 05:50:53,231 [pool-59-thread-4] WARN  impl.ChunkManagerImpl (ChunkManagerImpl.java:writeChunk(111)) - ChunkFile already exists/workdir/hadoop-ozone/integration-test/target/test-dir/MiniOzoneClusterImpl-5545b921-1736-47f5-bb03-85c6c02cbb9b/datanode-3/data/containers/hdds/e6b4f105-38f5-46c1-b286-f656cd01b8cb/current/containerDir0/2/chunks/1566193848842.data.0.Deleting it.
2019-08-19 05:50:53,234 | INFO  | DNAudit | user=null | ip=null | op=WRITE_CHUNK {blockData=conID: 2 locID: 1566193848842 bcsId: 0} | ret=SUCCESS |  
2019-08-19 05:50:53,241 [pool-92-thread-2] WARN  impl.ChunkManagerImpl (ChunkUtils.java:validateChunkForOverwrite(218)) - Duplicate write chunk request. Chunk overwrite without explicit request. ChunkInfo{chunkName='1566193848842.data.0, offset=0, len=1048576}
2019-08-19 05:50:53,241 [pool-92-thread-2] WARN  impl.ChunkManagerImpl (ChunkManagerImpl.java:writeChunk(111)) - ChunkFile already exists/workdir/hadoop-ozone/integration-test/target/test-dir/MiniOzoneClusterImpl-5545b921-1736-47f5-bb03-85c6c02cbb9b/datanode-6/data/containers/hdds/e6b4f105-38f5-46c1-b286-f656cd01b8cb/current/containerDir0/2/chunks/1566193848842.data.0.Deleting it.
2019-08-19 05:50:53,246 [pool-70-thread-2] WARN  impl.ChunkManagerImpl (ChunkUtils.java:validateChunkForOverwrite(218)) - Duplicate write chunk request. Chunk overwrite without explicit request. ChunkInfo{chunkName='1566193848842.data.0, offset=0, len=1048576}
2019-08-19 05:50:53,247 [pool-70-thread-2] WARN  impl.ChunkManagerImpl (ChunkManagerImpl.java:writeChunk(111)) - ChunkFile already exists/workdir/hadoop-ozone/integration-test/target/test-dir/MiniOzoneClusterImpl-5545b921-1736-47f5-bb03-85c6c02cbb9b/datanode-4/data/containers/hdds/e6b4f105-38f5-46c1-b286-f656cd01b8cb/current/containerDir0/2/chunks/1566193848842.data.0.Deleting it.
2019-08-19 05:50:53,247 | INFO  | DNAudit | user=null | ip=null | op=WRITE_CHUNK {blockData=conID: 2 locID: 1566193848842 bcsId: 0} | ret=SUCCESS |  
2019-08-19 05:50:53,262 | INFO  | DNAudit | user=null | ip=null | op=WRITE_CHUNK {blockData=conID: 2 locID: 1566193848842 bcsId: 0} | ret=SUCCESS |  
2019-08-19 05:50:53,292 | INFO  | DNAudit | user=null | ip=null | op=PUT_BLOCK {blockData=[blockId=conID: 2 locID: 1566193848842 bcsId: 0,size=1048576]} | ret=SUCCESS |  
2019-08-19 05:50:53,305 | INFO  | DNAudit | user=null | ip=null | op=WRITE_CHUNK {blockData=conID: 2 locID: 1566193848842 bcsId: 0} | ret=SUCCESS |  
2019-08-19 05:50:53,306 [grpc-default-executor-2] INFO  client.GrpcClientProtocolClient (GrpcClientProtocolClient.java:onNext(255)) - client-282C6A248B9A->3f2d61d4-5a14-426d-9a30-15ba3c5592d2: receive RaftClientReply:client-282C6A248B9A->3f2d61d4-5a14-426d-9a30-15ba3c5592d2@group-AA04A31B3801, cid=18, SUCCESS, logIndex=3, commits[3f2d61d4-5a14-426d-9a30-15ba3c5592d2:c8, eb948635-d243-49c2-b98c-abd5f64e6dbe:c6, fcd91f29-81d7-4c8d-8e73-f2228557e406:c6]
2019-08-19 05:50:53,308 [grpc-default-executor-2] INFO  client.GrpcClientProtocolClient (GrpcClientProtocolClient.java:onNext(255)) - client-282C6A248B9A->3f2d61d4-5a14-426d-9a30-15ba3c5592d2: receive RaftClientReply:client-282C6A248B9A->3f2d61d4-5a14-426d-9a30-15ba3c5592d2@group-AA04A31B3801, cid=19, SUCCESS, logIndex=4, commits[3f2d61d4-5a14-426d-9a30-15ba3c5592d2:c8, eb948635-d243-49c2-b98c-abd5f64e6dbe:c6, fcd91f29-81d7-4c8d-8e73-f2228557e406:c6]
2019-08-19 05:50:53,370 | INFO  | DNAudit | user=null | ip=null | op=PUT_BLOCK {blockData=[blockId=conID: 2 locID: 1566193848842 bcsId: 0,size=1048576]} | ret=SUCCESS |  
2019-08-19 05:50:53,371 | INFO  | DNAudit | user=null | ip=null | op=WRITE_CHUNK {blockData=conID: 2 locID: 1566193848842 bcsId: 0} | ret=SUCCESS |  
2019-08-19 05:50:53,431 | INFO  | DNAudit | user=null | ip=null | op=PUT_BLOCK {blockData=[blockId=conID: 2 locID: 1566193848842 bcsId: 0,size=1048576]} | ret=SUCCESS |  
2019-08-19 05:50:53,431 | INFO  | DNAudit | user=null | ip=null | op=PUT_BLOCK {blockData=[blockId=conID: 2 locID: 1566193848842 bcsId: 0,size=1048576]} | ret=SUCCESS |  
2019-08-19 05:50:53,431 | INFO  | DNAudit | user=null | ip=null | op=PUT_BLOCK {blockData=[blockId=conID: 2 locID: 1566193848842 bcsId: 0,size=1048576]} | ret=SUCCESS |  
2019-08-19 05:50:53,432 | INFO  | DNAudit | user=null | ip=null | op=WRITE_CHUNK {blockData=conID: 2 locID: 1566193848842 bcsId: 0} | ret=SUCCESS |  
2019-08-19 05:50:53,433 | INFO  | DNAudit | user=null | ip=null | op=PUT_BLOCK {blockData=[blockId=conID: 2 locID: 1566193848842 bcsId: 0,size=1048576]} | ret=SUCCESS |  
2019-08-19 05:50:53,434 [grpc-default-executor-2] INFO  client.GrpcClientProtocolClient (GrpcClientProtocolClient.java:onNext(255)) - client-282C6A248B9A->3f2d61d4-5a14-426d-9a30-15ba3c5592d2: receive RaftClientReply:client-282C6A248B9A->3f2d61d4-5a14-426d-9a30-15ba3c5592d2@group-AA04A31B3801, cid=20, SUCCESS, logIndex=5, commits[3f2d61d4-5a14-426d-9a30-15ba3c5592d2:c8, eb948635-d243-49c2-b98c-abd5f64e6dbe:c6, fcd91f29-81d7-4c8d-8e73-f2228557e406:c6]
2019-08-19 05:50:53,436 [main] INFO  datanode.ObjectStoreHandler (ObjectStoreHandler.java:close(155)) - Closing ObjectStoreHandler.
2019-08-19 05:50:53,437 [main] INFO  ozone.HddsDatanodeService (HddsDatanodeService.java:stop(451)) - Stopped plug-in org.apache.hadoop.ozone.web.OzoneHddsDatanodeService@6bf570c
2019-08-19 05:50:53,441 | INFO  | SCMAudit | user=jenkins1000 | ip=192.168.5.187 | op=SEND_HEARTBEAT {datanodeUUID=bad439c4-a4bb-4d3c-a0b7-b7ba56f2ac5d, command=[]} | ret=SUCCESS |  
2019-08-19 05:50:53,587 | INFO  | SCMAudit | user=jenkins1000 | ip=192.168.5.187 | op=SEND_HEARTBEAT {datanodeUUID=d5b6c8ea-dc68-4dc2-9a80-eb84e9790adf, command=[]} | ret=SUCCESS |  
2019-08-19 05:50:53,588 | INFO  | SCMAudit | user=jenkins1000 | ip=192.168.5.187 | op=SEND_HEARTBEAT {datanodeUUID=52de9afb-752d-4047-940b-2109c35eaec6, command=[]} | ret=SUCCESS |  
2019-08-19 05:50:53,719 | INFO  | SCMAudit | user=jenkins1000 | ip=192.168.5.187 | op=SEND_HEARTBEAT {datanodeUUID=6d79e954-62cb-43ea-bb2b-1245d7e0f20c, command=[]} | ret=SUCCESS |  
2019-08-19 05:50:54,150 | INFO  | SCMAudit | user=jenkins1000 | ip=192.168.5.187 | op=SEND_HEARTBEAT {datanodeUUID=3f2d61d4-5a14-426d-9a30-15ba3c5592d2, command=[]} | ret=SUCCESS |  
2019-08-19 05:50:54,177 [Datanode State Machine Thread - 0] INFO  statemachine.DatanodeStateMachine (DatanodeStateMachine.java:lambda$startDaemon$0(350)) - Ozone container server started.
2019-08-19 05:50:54,178 | INFO  | SCMAudit | user=jenkins1000 | ip=192.168.5.187 | op=SEND_HEARTBEAT {datanodeUUID=fcd91f29-81d7-4c8d-8e73-f2228557e406, command=[]} | ret=SUCCESS |  
2019-08-19 05:50:54,442 | INFO  | SCMAudit | user=jenkins1000 | ip=192.168.5.187 | op=SEND_HEARTBEAT {datanodeUUID=bad439c4-a4bb-4d3c-a0b7-b7ba56f2ac5d, command=[]} | ret=SUCCESS |  
2019-08-19 05:50:54,587 | INFO  | SCMAudit | user=jenkins1000 | ip=192.168.5.187 | op=SEND_HEARTBEAT {datanodeUUID=d5b6c8ea-dc68-4dc2-9a80-eb84e9790adf, command=[]} | ret=SUCCESS |  
2019-08-19 05:50:54,588 | INFO  | SCMAudit | user=jenkins1000 | ip=192.168.5.187 | op=SEND_HEARTBEAT {datanodeUUID=52de9afb-752d-4047-940b-2109c35eaec6, command=[]} | ret=SUCCESS |  
2019-08-19 05:50:54,719 | INFO  | SCMAudit | user=jenkins1000 | ip=192.168.5.187 | op=SEND_HEARTBEAT {datanodeUUID=6d79e954-62cb-43ea-bb2b-1245d7e0f20c, command=[]} | ret=SUCCESS |  
2019-08-19 05:50:55,150 | INFO  | SCMAudit | user=jenkins1000 | ip=192.168.5.187 | op=SEND_HEARTBEAT {datanodeUUID=3f2d61d4-5a14-426d-9a30-15ba3c5592d2, command=[]} | ret=SUCCESS |  
2019-08-19 05:50:55,178 | INFO  | SCMAudit | user=jenkins1000 | ip=192.168.5.187 | op=SEND_HEARTBEAT {datanodeUUID=fcd91f29-81d7-4c8d-8e73-f2228557e406, command=[]} | ret=SUCCESS |  
2019-08-19 05:50:55,441 | INFO  | SCMAudit | user=jenkins1000 | ip=192.168.5.187 | op=SEND_HEARTBEAT {datanodeUUID=bad439c4-a4bb-4d3c-a0b7-b7ba56f2ac5d, command=[]} | ret=SUCCESS |  
2019-08-19 05:50:55,588 | INFO  | SCMAudit | user=jenkins1000 | ip=192.168.5.187 | op=SEND_HEARTBEAT {datanodeUUID=52de9afb-752d-4047-940b-2109c35eaec6, command=[]} | ret=SUCCESS |  
2019-08-19 05:50:55,588 | INFO  | SCMAudit | user=jenkins1000 | ip=192.168.5.187 | op=SEND_HEARTBEAT {datanodeUUID=d5b6c8ea-dc68-4dc2-9a80-eb84e9790adf, command=[]} | ret=SUCCESS |  
2019-08-19 05:50:55,719 | INFO  | SCMAudit | user=jenkins1000 | ip=192.168.5.187 | op=SEND_HEARTBEAT {datanodeUUID=6d79e954-62cb-43ea-bb2b-1245d7e0f20c, command=[]} | ret=SUCCESS |  
2019-08-19 05:50:56,151 | INFO  | SCMAudit | user=jenkins1000 | ip=192.168.5.187 | op=SEND_HEARTBEAT {datanodeUUID=3f2d61d4-5a14-426d-9a30-15ba3c5592d2, command=[]} | ret=SUCCESS |  
2019-08-19 05:50:56,179 | INFO  | SCMAudit | user=jenkins1000 | ip=192.168.5.187 | op=SEND_HEARTBEAT {datanodeUUID=fcd91f29-81d7-4c8d-8e73-f2228557e406, command=[]} | ret=SUCCESS |  
2019-08-19 05:50:56,219 [EventQueue-StaleNodeForStaleNodeHandler] INFO  node.StaleNodeHandler (StaleNodeHandler.java:onMessage(58)) - Datanode eb948635-d243-49c2-b98c-abd5f64e6dbe{ip: 192.168.5.187, host: trunk-nightly-ng889-2713029070, networkLocation: /default-rack, certSerialId: null} moved to stale state. Finalizing its pipelines [PipelineID=2221d392-5926-4d3f-ac25-aa04a31b3801, PipelineID=bfebd394-4dc3-4d14-99a8-c3cceedd2896]
2019-08-19 05:50:56,220 [EventQueue-StaleNodeForStaleNodeHandler] INFO  pipeline.SCMPipelineManager (SCMPipelineManager.java:finalizeAndDestroyPipeline(309)) - destroying pipeline:Pipeline[ Id: 2221d392-5926-4d3f-ac25-aa04a31b3801, Nodes: eb948635-d243-49c2-b98c-abd5f64e6dbe{ip: 192.168.5.187, host: trunk-nightly-ng889-2713029070, networkLocation: /default-rack, certSerialId: null}fcd91f29-81d7-4c8d-8e73-f2228557e406{ip: 192.168.5.187, host: trunk-nightly-ng889-2713029070, networkLocation: /default-rack, certSerialId: null}3f2d61d4-5a14-426d-9a30-15ba3c5592d2{ip: 192.168.5.187, host: trunk-nightly-ng889-2713029070, networkLocation: /default-rack, certSerialId: null}, Type:RATIS, Factor:THREE, State:OPEN]
2019-08-19 05:50:56,222 [EventQueue-StaleNodeForStaleNodeHandler] INFO  pipeline.PipelineStateManager (PipelineStateManager.java:finalizePipeline(123)) - Pipeline Pipeline[ Id: 2221d392-5926-4d3f-ac25-aa04a31b3801, Nodes: eb948635-d243-49c2-b98c-abd5f64e6dbe{ip: 192.168.5.187, host: trunk-nightly-ng889-2713029070, networkLocation: /default-rack, certSerialId: null}fcd91f29-81d7-4c8d-8e73-f2228557e406{ip: 192.168.5.187, host: trunk-nightly-ng889-2713029070, networkLocation: /default-rack, certSerialId: null}3f2d61d4-5a14-426d-9a30-15ba3c5592d2{ip: 192.168.5.187, host: trunk-nightly-ng889-2713029070, networkLocation: /default-rack, certSerialId: null}, Type:RATIS, Factor:THREE, State:CLOSED] moved to CLOSED state
2019-08-19 05:50:56,225 [EventQueue-CloseContainerForCloseContainerEventHandler] INFO  container.CloseContainerEventHandler (CloseContainerEventHandler.java:onMessage(61)) - Close container Event triggered for container : #2
2019-08-19 05:50:56,227 [EventQueue-StaleNodeForStaleNodeHandler] INFO  pipeline.SCMPipelineManager (SCMPipelineManager.java:finalizeAndDestroyPipeline(309)) - destroying pipeline:Pipeline[ Id: bfebd394-4dc3-4d14-99a8-c3cceedd2896, Nodes: eb948635-d243-49c2-b98c-abd5f64e6dbe{ip: 192.168.5.187, host: trunk-nightly-ng889-2713029070, networkLocation: /default-rack, certSerialId: null}, Type:RATIS, Factor:ONE, State:OPEN]
2019-08-19 05:50:56,227 [EventQueue-StaleNodeForStaleNodeHandler] INFO  pipeline.PipelineStateManager (PipelineStateManager.java:finalizePipeline(123)) - Pipeline Pipeline[ Id: bfebd394-4dc3-4d14-99a8-c3cceedd2896, Nodes: eb948635-d243-49c2-b98c-abd5f64e6dbe{ip: 192.168.5.187, host: trunk-nightly-ng889-2713029070, networkLocation: /default-rack, certSerialId: null}, Type:RATIS, Factor:ONE, State:CLOSED] moved to CLOSED state
2019-08-19 05:50:56,443 | INFO  | SCMAudit | user=jenkins1000 | ip=192.168.5.187 | op=SEND_HEARTBEAT {datanodeUUID=bad439c4-a4bb-4d3c-a0b7-b7ba56f2ac5d, command=[]} | ret=SUCCESS |  
2019-08-19 05:50:56,587 | INFO  | SCMAudit | user=jenkins1000 | ip=192.168.5.187 | op=SEND_HEARTBEAT {datanodeUUID=52de9afb-752d-4047-940b-2109c35eaec6, command=[]} | ret=SUCCESS |  
2019-08-19 05:50:56,588 | INFO  | SCMAudit | user=jenkins1000 | ip=192.168.5.187 | op=SEND_HEARTBEAT {datanodeUUID=d5b6c8ea-dc68-4dc2-9a80-eb84e9790adf, command=[]} | ret=SUCCESS |  
2019-08-19 05:50:56,720 | INFO  | SCMAudit | user=jenkins1000 | ip=192.168.5.187 | op=SEND_HEARTBEAT {datanodeUUID=6d79e954-62cb-43ea-bb2b-1245d7e0f20c, command=[]} | ret=SUCCESS |  
2019-08-19 05:50:57,191 | INFO  | SCMAudit | user=jenkins1000 | ip=192.168.5.187 | op=SEND_HEARTBEAT {datanodeUUID=fcd91f29-81d7-4c8d-8e73-f2228557e406, command=[commandType: closeContainerCommand closeContainerCommandProto { containerID: 2 pipelineID { id: "2221d392-5926-4d3f-ac25-aa04a31b3801" } cmdId: 2 force: false } ]} | ret=SUCCESS |  
2019-08-19 05:50:57,191 | INFO  | SCMAudit | user=jenkins1000 | ip=192.168.5.187 | op=SEND_HEARTBEAT {datanodeUUID=3f2d61d4-5a14-426d-9a30-15ba3c5592d2, command=[commandType: closeContainerCommand closeContainerCommandProto { containerID: 2 pipelineID { id: "2221d392-5926-4d3f-ac25-aa04a31b3801" } cmdId: 2 force: false } ]} | ret=SUCCESS |  
2019-08-19 05:50:57,442 | INFO  | SCMAudit | user=jenkins1000 | ip=192.168.5.187 | op=SEND_HEARTBEAT {datanodeUUID=bad439c4-a4bb-4d3c-a0b7-b7ba56f2ac5d, command=[]} | ret=SUCCESS |  
2019-08-19 05:50:57,588 | INFO  | SCMAudit | user=jenkins1000 | ip=192.168.5.187 | op=SEND_HEARTBEAT {datanodeUUID=52de9afb-752d-4047-940b-2109c35eaec6, command=[]} | ret=SUCCESS |  
2019-08-19 05:50:57,588 | INFO  | SCMAudit | user=jenkins1000 | ip=192.168.5.187 | op=SEND_HEARTBEAT {datanodeUUID=d5b6c8ea-dc68-4dc2-9a80-eb84e9790adf, command=[]} | ret=SUCCESS |  
2019-08-19 05:50:57,721 | INFO  | SCMAudit | user=jenkins1000 | ip=192.168.5.187 | op=SEND_HEARTBEAT {datanodeUUID=6d79e954-62cb-43ea-bb2b-1245d7e0f20c, command=[]} | ret=SUCCESS |  
2019-08-19 05:50:58,150 | INFO  | SCMAudit | user=jenkins1000 | ip=192.168.5.187 | op=SEND_HEARTBEAT {datanodeUUID=3f2d61d4-5a14-426d-9a30-15ba3c5592d2, command=[]} | ret=SUCCESS |  
2019-08-19 05:50:58,173 | INFO  | SCMAudit | user=jenkins1000 | ip=192.168.5.187 | op=SEND_HEARTBEAT {datanodeUUID=3f2d61d4-5a14-426d-9a30-15ba3c5592d2, command=[]} | ret=SUCCESS |  
2019-08-19 05:50:58,178 | INFO  | SCMAudit | user=jenkins1000 | ip=192.168.5.187 | op=SEND_HEARTBEAT {datanodeUUID=fcd91f29-81d7-4c8d-8e73-f2228557e406, command=[]} | ret=SUCCESS |  
2019-08-19 05:50:58,192 | INFO  | SCMAudit | user=jenkins1000 | ip=192.168.5.187 | op=SEND_HEARTBEAT {datanodeUUID=fcd91f29-81d7-4c8d-8e73-f2228557e406, command=[]} | ret=SUCCESS |  
2019-08-19 05:50:58,234 [RatisApplyTransactionExecutor 2] INFO  interfaces.Container (KeyValueContainer.java:compactDB(356)) - Container 2 is closed with bcsId 5.
2019-08-19 05:50:58,234 | INFO  | DNAudit | user=null | ip=null | op=CLOSE_CONTAINER {containerID=2} | ret=SUCCESS |  
2019-08-19 05:50:58,236 | INFO  | SCMAudit | user=jenkins1000 | ip=192.168.5.187 | op=SEND_HEARTBEAT {datanodeUUID=3f2d61d4-5a14-426d-9a30-15ba3c5592d2, command=[]} | ret=SUCCESS |  
2019-08-19 05:50:58,236 [EventQueue-IncrementalContainerReportForIncrementalContainerReportHandler] INFO  container.IncrementalContainerReportHandler (AbstractContainerReportHandler.java:updateContainerState(176)) - Moving container #2 to CLOSED state, datanode 3f2d61d4-5a14-426d-9a30-15ba3c5592d2{ip: 192.168.5.187, host: trunk-nightly-ng889-2713029070, networkLocation: /default-rack, certSerialId: null} reported CLOSED replica.
2019-08-19 05:50:58,258 [RatisApplyTransactionExecutor 2] INFO  interfaces.Container (KeyValueContainer.java:compactDB(356)) - Container 2 is closed with bcsId 5.
2019-08-19 05:50:58,262 | INFO  | DNAudit | user=null | ip=null | op=CLOSE_CONTAINER {containerID=2} | ret=SUCCESS |  
2019-08-19 05:50:58,263 | INFO  | SCMAudit | user=jenkins1000 | ip=192.168.5.187 | op=SEND_HEARTBEAT {datanodeUUID=fcd91f29-81d7-4c8d-8e73-f2228557e406, command=[]} | ret=SUCCESS |  
2019-08-19 05:50:58,290 [RatisApplyTransactionExecutor 2] INFO  interfaces.Container (KeyValueContainer.java:compactDB(356)) - Container 2 is closed with bcsId 5.
2019-08-19 05:50:58,290 | INFO  | DNAudit | user=null | ip=null | op=CLOSE_CONTAINER {containerID=2} | ret=SUCCESS |  
2019-08-19 05:50:58,440 [main] INFO  ozoneimpl.OzoneContainer (OzoneContainer.java:stop(199)) - Attempting to stop container services.
2019-08-19 05:50:58,442 [main] INFO  impl.RaftServerProxy (RaftServerProxy.java:lambda$close$4(314)) - eb948635-d243-49c2-b98c-abd5f64e6dbe: close
2019-08-19 05:50:58,442 | INFO  | SCMAudit | user=jenkins1000 | ip=192.168.5.187 | op=SEND_HEARTBEAT {datanodeUUID=bad439c4-a4bb-4d3c-a0b7-b7ba56f2ac5d, command=[]} | ret=SUCCESS |  
2019-08-19 05:50:58,444 [main] INFO  impl.RaftServerImpl (RaftServerImpl.java:lambda$shutdown$3(245)) - eb948635-d243-49c2-b98c-abd5f64e6dbe: shutdown group-AA04A31B3801
2019-08-19 05:50:58,444 [main] INFO  util.JmxRegister (JmxRegister.java:unregister(73)) - Successfully un-registered JMX Bean with object name Ratis:service=RaftServer,group=group-AA04A31B3801,id=eb948635-d243-49c2-b98c-abd5f64e6dbe
2019-08-19 05:50:58,445 [main] INFO  impl.RoleInfo (RoleInfo.java:shutdownFollowerState(121)) - eb948635-d243-49c2-b98c-abd5f64e6dbe: shutdown FollowerState
2019-08-19 05:50:58,445 [main] INFO  impl.StateMachineUpdater (StateMachineUpdater.java:stopAndJoin(115)) - StateMachineUpdater:eb948635-d243-49c2-b98c-abd5f64e6dbe:group-AA04A31B3801: set stopIndex = 9
2019-08-19 05:50:58,445 [StateMachineUpdater:eb948635-d243-49c2-b98c-abd5f64e6dbe:group-AA04A31B3801] INFO  ratis.ContainerStateMachine (ContainerStateMachine.java:takeSnapshot(271)) - group-AA04A31B3801: Taking a snapshot at:(t:3, i:9) file /workdir/hadoop-ozone/integration-test/target/test-dir/MiniOzoneClusterImpl-5545b921-1736-47f5-bb03-85c6c02cbb9b/datanode-4/data/ratis/2221d392-5926-4d3f-ac25-aa04a31b3801/sm/snapshot.3_9
2019-08-19 05:50:58,445 [Thread-385] INFO  impl.FollowerState (FollowerState.java:run(114)) - eb948635-d243-49c2-b98c-abd5f64e6dbe: FollowerState was interrupted: java.lang.InterruptedException: sleep interrupted
2019-08-19 05:50:58,482 [StateMachineUpdater:eb948635-d243-49c2-b98c-abd5f64e6dbe:group-AA04A31B3801] INFO  ratis.ContainerStateMachine (ContainerStateMachine.java:takeSnapshot(282)) - group-AA04A31B3801: Finished taking a snapshot at:(t:3, i:9) file:/workdir/hadoop-ozone/integration-test/target/test-dir/MiniOzoneClusterImpl-5545b921-1736-47f5-bb03-85c6c02cbb9b/datanode-4/data/ratis/2221d392-5926-4d3f-ac25-aa04a31b3801/sm/snapshot.3_9 time:37
2019-08-19 05:50:58,482 [StateMachineUpdater:eb948635-d243-49c2-b98c-abd5f64e6dbe:group-AA04A31B3801] INFO  impl.StateMachineUpdater (StateMachineUpdater.java:takeSnapshot(242)) - StateMachineUpdater:eb948635-d243-49c2-b98c-abd5f64e6dbe:group-AA04A31B3801: Took a snapshot at index 9
2019-08-19 05:50:58,485 [StateMachineUpdater:eb948635-d243-49c2-b98c-abd5f64e6dbe:group-AA04A31B3801] INFO  impl.StateMachineUpdater (StateMachineUpdater.java:lambda$new$0(80)) - StateMachineUpdater:eb948635-d243-49c2-b98c-abd5f64e6dbe:group-AA04A31B3801: snapshotIndex: updateIncreasingly -1 -> 9
2019-08-19 05:50:58,491 [main] INFO  impl.RaftServerImpl (ServerState.java:close(394)) - eb948635-d243-49c2-b98c-abd5f64e6dbe:group-AA04A31B3801 closes. The last applied log index is 9
2019-08-19 05:50:58,493 [eb948635-d243-49c2-b98c-abd5f64e6dbe-SegmentedRaftLogWorker:Storage Directory /workdir/hadoop-ozone/integration-test/target/test-dir/MiniOzoneClusterImpl-5545b921-1736-47f5-bb03-85c6c02cbb9b/datanode-4/data/ratis/2221d392-5926-4d3f-ac25-aa04a31b3801] INFO  segmented.SegmentedRaftLogWorker (SegmentedRaftLogWorker.java:run(313)) - eb948635-d243-49c2-b98c-abd5f64e6dbe-SegmentedRaftLogWorker:Storage Directory /workdir/hadoop-ozone/integration-test/target/test-dir/MiniOzoneClusterImpl-5545b921-1736-47f5-bb03-85c6c02cbb9b/datanode-4/data/ratis/2221d392-5926-4d3f-ac25-aa04a31b3801 was interrupted, exiting. There are 0 tasks remaining in the queue.
2019-08-19 05:50:58,496 [main] INFO  segmented.SegmentedRaftLogWorker (SegmentedRaftLogWorker.java:close(228)) - eb948635-d243-49c2-b98c-abd5f64e6dbe-SegmentedRaftLogWorker:Storage Directory /workdir/hadoop-ozone/integration-test/target/test-dir/MiniOzoneClusterImpl-5545b921-1736-47f5-bb03-85c6c02cbb9b/datanode-4/data/ratis/2221d392-5926-4d3f-ac25-aa04a31b3801 close()
2019-08-19 05:50:58,500 [main] INFO  impl.RaftServerImpl (RaftServerImpl.java:lambda$shutdown$3(245)) - eb948635-d243-49c2-b98c-abd5f64e6dbe: shutdown group-C3CCEEDD2896
2019-08-19 05:50:58,501 [main] INFO  util.JmxRegister (JmxRegister.java:unregister(73)) - Successfully un-registered JMX Bean with object name Ratis:service=RaftServer,group=group-C3CCEEDD2896,id=eb948635-d243-49c2-b98c-abd5f64e6dbe
2019-08-19 05:50:58,501 [main] INFO  impl.RoleInfo (RoleInfo.java:shutdownLeaderState(104)) - eb948635-d243-49c2-b98c-abd5f64e6dbe: shutdown LeaderState
2019-08-19 05:50:58,502 [main] INFO  impl.PendingRequests (PendingRequests.java:sendNotLeaderResponses(202)) - eb948635-d243-49c2-b98c-abd5f64e6dbe-PendingRequests: sendNotLeaderResponses
2019-08-19 05:50:58,502 [main] INFO  impl.StateMachineUpdater (StateMachineUpdater.java:stopAndJoin(115)) - StateMachineUpdater:eb948635-d243-49c2-b98c-abd5f64e6dbe:group-C3CCEEDD2896: set stopIndex = 0
2019-08-19 05:50:58,503 [main] INFO  impl.RaftServerImpl (ServerState.java:close(394)) - eb948635-d243-49c2-b98c-abd5f64e6dbe:group-C3CCEEDD2896 closes. The last applied log index is 0
2019-08-19 05:50:58,503 [eb948635-d243-49c2-b98c-abd5f64e6dbe-SegmentedRaftLogWorker:Storage Directory /workdir/hadoop-ozone/integration-test/target/test-dir/MiniOzoneClusterImpl-5545b921-1736-47f5-bb03-85c6c02cbb9b/datanode-4/data/ratis/bfebd394-4dc3-4d14-99a8-c3cceedd2896] INFO  segmented.SegmentedRaftLogWorker (SegmentedRaftLogWorker.java:run(313)) - eb948635-d243-49c2-b98c-abd5f64e6dbe-SegmentedRaftLogWorker:Storage Directory /workdir/hadoop-ozone/integration-test/target/test-dir/MiniOzoneClusterImpl-5545b921-1736-47f5-bb03-85c6c02cbb9b/datanode-4/data/ratis/bfebd394-4dc3-4d14-99a8-c3cceedd2896 was interrupted, exiting. There are 0 tasks remaining in the queue.
2019-08-19 05:50:58,506 [main] INFO  segmented.SegmentedRaftLogWorker (SegmentedRaftLogWorker.java:close(228)) - eb948635-d243-49c2-b98c-abd5f64e6dbe-SegmentedRaftLogWorker:Storage Directory /workdir/hadoop-ozone/integration-test/target/test-dir/MiniOzoneClusterImpl-5545b921-1736-47f5-bb03-85c6c02cbb9b/datanode-4/data/ratis/bfebd394-4dc3-4d14-99a8-c3cceedd2896 close()
2019-08-19 05:50:58,511 [main] INFO  server.GrpcService (GrpcService.java:closeImpl(155)) - eb948635-d243-49c2-b98c-abd5f64e6dbe: shutdown server with port 41744 now
2019-08-19 05:50:58,517 [main] INFO  server.GrpcService (GrpcService.java:closeImpl(163)) - eb948635-d243-49c2-b98c-abd5f64e6dbe: shutdown server with port 41744 successfully
2019-08-19 05:50:58,517 [grpc-default-executor-0] WARN  server.GrpcServerProtocolService (LogUtils.java:warn(134)) - eb948635-d243-49c2-b98c-abd5f64e6dbe: appendEntries onError: org.apache.ratis.thirdparty.io.grpc.StatusRuntimeException: CANCELLED: cancelled before receiving half close
2019-08-19 05:50:58,525 [grpc-default-executor-0] WARN  server.GrpcLogAppender (LogUtils.java:warn(134)) - 3f2d61d4-5a14-426d-9a30-15ba3c5592d2->eb948635-d243-49c2-b98c-abd5f64e6dbe: Failed appendEntries: org.apache.ratis.thirdparty.io.grpc.StatusRuntimeException: CANCELLED: HTTP/2 error code: CANCEL
Received Rst Stream
2019-08-19 05:50:58,528 [main] INFO  utils.BackgroundService (BackgroundService.java:shutdown(148)) - Shutting down service BlockDeletingService
2019-08-19 05:50:58,529 [grpc-default-executor-0] INFO  impl.FollowerInfo (FollowerInfo.java:lambda$new$0(50)) - 3f2d61d4-5a14-426d-9a30-15ba3c5592d2->eb948635-d243-49c2-b98c-abd5f64e6dbe: nextIndex: updateUnconditionally 11 -> 10
2019-08-19 05:50:58,533 [refreshUsed-/workdir/hadoop-ozone/integration-test/target/test-dir/MiniOzoneClusterImpl-5545b921-1736-47f5-bb03-85c6c02cbb9b/datanode-4/data/containers] WARN  fs.CachingGetSpaceUsed (CachingGetSpaceUsed.java:run(183)) - Thread Interrupted waiting to refresh disk information: sleep interrupted
2019-08-19 05:50:58,558 [main] INFO  statemachine.DatanodeStateMachine (DatanodeStateMachine.java:stopDaemon(395)) - Ozone container server stopped.
2019-08-19 05:50:58,565 [main] INFO  handler.ContextHandler (ContextHandler.java:doStop(910)) - Stopped o.e.j.w.WebAppContext@2ab09943{/,null,UNAVAILABLE}{/hddsDatanode}
2019-08-19 05:50:58,572 [main] INFO  server.AbstractConnector (AbstractConnector.java:doStop(318)) - Stopped ServerConnector@7d50f2a8{HTTP/1.1,[http/1.1]}{0.0.0.0:0}
2019-08-19 05:50:58,573 [main] INFO  handler.ContextHandler (ContextHandler.java:doStop(910)) - Stopped o.e.j.s.ServletContextHandler@33e3bd2e{/static,jar:file:/home/user/.m2/repository/org/apache/hadoop/hadoop-hdds-container-service/0.5.0-SNAPSHOT/hadoop-hdds-container-service-0.5.0-SNAPSHOT.jar!/webapps/static,UNAVAILABLE}
2019-08-19 05:50:58,573 [main] INFO  handler.ContextHandler (ContextHandler.java:doStop(910)) - Stopped o.e.j.s.ServletContextHandler@1e495414{/logs,file:///workdir/hadoop-ozone/integration-test/target/log,UNAVAILABLE}
2019-08-19 05:50:58,577 [main] INFO  datanode.ObjectStoreHandler (ObjectStoreHandler.java:close(155)) - Closing ObjectStoreHandler.
2019-08-19 05:50:58,577 [main] INFO  ozone.HddsDatanodeService (HddsDatanodeService.java:stop(451)) - Stopped plug-in org.apache.hadoop.ozone.web.OzoneHddsDatanodeService@2ef041bb
2019-08-19 05:50:58,588 | INFO  | SCMAudit | user=jenkins1000 | ip=192.168.5.187 | op=SEND_HEARTBEAT {datanodeUUID=d5b6c8ea-dc68-4dc2-9a80-eb84e9790adf, command=[]} | ret=SUCCESS |  
2019-08-19 05:50:58,588 | INFO  | SCMAudit | user=jenkins1000 | ip=192.168.5.187 | op=SEND_HEARTBEAT {datanodeUUID=52de9afb-752d-4047-940b-2109c35eaec6, command=[]} | ret=SUCCESS |  
2019-08-19 05:50:58,722 | INFO  | SCMAudit | user=jenkins1000 | ip=192.168.5.187 | op=SEND_HEARTBEAT {datanodeUUID=6d79e954-62cb-43ea-bb2b-1245d7e0f20c, command=[]} | ret=SUCCESS |  
2019-08-19 05:50:59,236 | INFO  | SCMAudit | user=jenkins1000 | ip=192.168.5.187 | op=SEND_HEARTBEAT {datanodeUUID=3f2d61d4-5a14-426d-9a30-15ba3c5592d2, command=[]} | ret=SUCCESS |  
2019-08-19 05:50:59,262 [Datanode State Machine Thread - 0] INFO  statemachine.DatanodeStateMachine (DatanodeStateMachine.java:lambda$startDaemon$0(350)) - Ozone container server started.
2019-08-19 05:50:59,442 | INFO  | SCMAudit | user=jenkins1000 | ip=192.168.5.187 | op=SEND_HEARTBEAT {datanodeUUID=bad439c4-a4bb-4d3c-a0b7-b7ba56f2ac5d, command=[]} | ret=SUCCESS |  
2019-08-19 05:50:59,587 | INFO  | SCMAudit | user=jenkins1000 | ip=192.168.5.187 | op=SEND_HEARTBEAT {datanodeUUID=52de9afb-752d-4047-940b-2109c35eaec6, command=[]} | ret=SUCCESS |  
2019-08-19 05:50:59,588 | INFO  | SCMAudit | user=jenkins1000 | ip=192.168.5.187 | op=SEND_HEARTBEAT {datanodeUUID=d5b6c8ea-dc68-4dc2-9a80-eb84e9790adf, command=[]} | ret=SUCCESS |  
2019-08-19 05:50:59,721 | INFO  | SCMAudit | user=jenkins1000 | ip=192.168.5.187 | op=SEND_HEARTBEAT {datanodeUUID=6d79e954-62cb-43ea-bb2b-1245d7e0f20c, command=[]} | ret=SUCCESS |  
2019-08-19 05:51:00,235 | INFO  | SCMAudit | user=jenkins1000 | ip=192.168.5.187 | op=SEND_HEARTBEAT {datanodeUUID=3f2d61d4-5a14-426d-9a30-15ba3c5592d2, command=[]} | ret=SUCCESS |  
2019-08-19 05:51:00,443 | INFO  | SCMAudit | user=jenkins1000 | ip=192.168.5.187 | op=SEND_HEARTBEAT {datanodeUUID=bad439c4-a4bb-4d3c-a0b7-b7ba56f2ac5d, command=[]} | ret=SUCCESS |  
2019-08-19 05:51:00,587 | INFO  | SCMAudit | user=jenkins1000 | ip=192.168.5.187 | op=SEND_HEARTBEAT {datanodeUUID=52de9afb-752d-4047-940b-2109c35eaec6, command=[]} | ret=SUCCESS |  
2019-08-19 05:51:00,589 | INFO  | SCMAudit | user=jenkins1000 | ip=192.168.5.187 | op=SEND_HEARTBEAT {datanodeUUID=d5b6c8ea-dc68-4dc2-9a80-eb84e9790adf, command=[]} | ret=SUCCESS |  
2019-08-19 05:51:00,721 | INFO  | SCMAudit | user=jenkins1000 | ip=192.168.5.187 | op=SEND_HEARTBEAT {datanodeUUID=6d79e954-62cb-43ea-bb2b-1245d7e0f20c, command=[]} | ret=SUCCESS |  
2019-08-19 05:51:00,727 [grpc-default-executor-0] WARN  server.GrpcLogAppender (LogUtils.java:warn(134)) - 3f2d61d4-5a14-426d-9a30-15ba3c5592d2->eb948635-d243-49c2-b98c-abd5f64e6dbe: Failed appendEntries: org.apache.ratis.thirdparty.io.grpc.StatusRuntimeException: UNAVAILABLE: io exception
2019-08-19 05:51:00,730 [grpc-default-executor-0] INFO  impl.FollowerInfo (FollowerInfo.java:lambda$new$0(50)) - 3f2d61d4-5a14-426d-9a30-15ba3c5592d2->eb948635-d243-49c2-b98c-abd5f64e6dbe: nextIndex: updateUnconditionally 10 -> 9
2019-08-19 05:51:01,236 | INFO  | SCMAudit | user=jenkins1000 | ip=192.168.5.187 | op=SEND_HEARTBEAT {datanodeUUID=3f2d61d4-5a14-426d-9a30-15ba3c5592d2, command=[]} | ret=SUCCESS |  
2019-08-19 05:51:01,328 [EventQueue-StaleNodeForStaleNodeHandler] INFO  node.StaleNodeHandler (StaleNodeHandler.java:onMessage(58)) - Datanode fcd91f29-81d7-4c8d-8e73-f2228557e406{ip: 192.168.5.187, host: trunk-nightly-ng889-2713029070, networkLocation: /default-rack, certSerialId: null} moved to stale state. Finalizing its pipelines [PipelineID=2221d392-5926-4d3f-ac25-aa04a31b3801, PipelineID=7e6f905f-8c09-470c-bcb6-fb10fe936878]
2019-08-19 05:51:01,329 [EventQueue-StaleNodeForStaleNodeHandler] INFO  pipeline.SCMPipelineManager (SCMPipelineManager.java:finalizeAndDestroyPipeline(309)) - destroying pipeline:Pipeline[ Id: 2221d392-5926-4d3f-ac25-aa04a31b3801, Nodes: eb948635-d243-49c2-b98c-abd5f64e6dbe{ip: 192.168.5.187, host: trunk-nightly-ng889-2713029070, networkLocation: /default-rack, certSerialId: null}fcd91f29-81d7-4c8d-8e73-f2228557e406{ip: 192.168.5.187, host: trunk-nightly-ng889-2713029070, networkLocation: /default-rack, certSerialId: null}3f2d61d4-5a14-426d-9a30-15ba3c5592d2{ip: 192.168.5.187, host: trunk-nightly-ng889-2713029070, networkLocation: /default-rack, certSerialId: null}, Type:RATIS, Factor:THREE, State:CLOSED]
2019-08-19 05:51:01,329 [EventQueue-StaleNodeForStaleNodeHandler] INFO  pipeline.SCMPipelineManager (SCMPipelineManager.java:finalizeAndDestroyPipeline(309)) - destroying pipeline:Pipeline[ Id: 7e6f905f-8c09-470c-bcb6-fb10fe936878, Nodes: fcd91f29-81d7-4c8d-8e73-f2228557e406{ip: 192.168.5.187, host: trunk-nightly-ng889-2713029070, networkLocation: /default-rack, certSerialId: null}, Type:RATIS, Factor:ONE, State:OPEN]
2019-08-19 05:51:01,329 [EventQueue-StaleNodeForStaleNodeHandler] INFO  pipeline.PipelineStateManager (PipelineStateManager.java:finalizePipeline(123)) - Pipeline Pipeline[ Id: 7e6f905f-8c09-470c-bcb6-fb10fe936878, Nodes: fcd91f29-81d7-4c8d-8e73-f2228557e406{ip: 192.168.5.187, host: trunk-nightly-ng889-2713029070, networkLocation: /default-rack, certSerialId: null}, Type:RATIS, Factor:ONE, State:CLOSED] moved to CLOSED state
2019-08-19 05:51:01,443 | INFO  | SCMAudit | user=jenkins1000 | ip=192.168.5.187 | op=SEND_HEARTBEAT {datanodeUUID=bad439c4-a4bb-4d3c-a0b7-b7ba56f2ac5d, command=[]} | ret=SUCCESS |  
2019-08-19 05:51:01,587 | INFO  | SCMAudit | user=jenkins1000 | ip=192.168.5.187 | op=SEND_HEARTBEAT {datanodeUUID=52de9afb-752d-4047-940b-2109c35eaec6, command=[]} | ret=SUCCESS |  
2019-08-19 05:51:01,590 | INFO  | SCMAudit | user=jenkins1000 | ip=192.168.5.187 | op=SEND_HEARTBEAT {datanodeUUID=d5b6c8ea-dc68-4dc2-9a80-eb84e9790adf, command=[]} | ret=SUCCESS |  
2019-08-19 05:51:01,722 | INFO  | SCMAudit | user=jenkins1000 | ip=192.168.5.187 | op=SEND_HEARTBEAT {datanodeUUID=6d79e954-62cb-43ea-bb2b-1245d7e0f20c, command=[]} | ret=SUCCESS |  
2019-08-19 05:51:02,235 | INFO  | SCMAudit | user=jenkins1000 | ip=192.168.5.187 | op=SEND_HEARTBEAT {datanodeUUID=3f2d61d4-5a14-426d-9a30-15ba3c5592d2, command=[]} | ret=SUCCESS |  
2019-08-19 05:51:02,444 | INFO  | SCMAudit | user=jenkins1000 | ip=192.168.5.187 | op=SEND_HEARTBEAT {datanodeUUID=bad439c4-a4bb-4d3c-a0b7-b7ba56f2ac5d, command=[]} | ret=SUCCESS |  
2019-08-19 05:51:02,588 | INFO  | SCMAudit | user=jenkins1000 | ip=192.168.5.187 | op=SEND_HEARTBEAT {datanodeUUID=52de9afb-752d-4047-940b-2109c35eaec6, command=[]} | ret=SUCCESS |  
2019-08-19 05:51:02,591 | INFO  | SCMAudit | user=jenkins1000 | ip=192.168.5.187 | op=SEND_HEARTBEAT {datanodeUUID=d5b6c8ea-dc68-4dc2-9a80-eb84e9790adf, command=[]} | ret=SUCCESS |  
2019-08-19 05:51:02,722 | INFO  | SCMAudit | user=jenkins1000 | ip=192.168.5.187 | op=SEND_HEARTBEAT {datanodeUUID=6d79e954-62cb-43ea-bb2b-1245d7e0f20c, command=[]} | ret=SUCCESS |  
2019-08-19 05:51:03,222 [grpc-default-executor-1] WARN  server.GrpcLogAppender (LogUtils.java:warn(134)) - 3f2d61d4-5a14-426d-9a30-15ba3c5592d2->eb948635-d243-49c2-b98c-abd5f64e6dbe: Failed appendEntries: org.apache.ratis.thirdparty.io.grpc.StatusRuntimeException: UNAVAILABLE: io exception
2019-08-19 05:51:03,225 [grpc-default-executor-1] INFO  impl.FollowerInfo (FollowerInfo.java:lambda$new$0(50)) - 3f2d61d4-5a14-426d-9a30-15ba3c5592d2->eb948635-d243-49c2-b98c-abd5f64e6dbe: nextIndex: updateUnconditionally 9 -> 8
2019-08-19 05:51:03,236 | INFO  | SCMAudit | user=jenkins1000 | ip=192.168.5.187 | op=SEND_HEARTBEAT {datanodeUUID=3f2d61d4-5a14-426d-9a30-15ba3c5592d2, command=[]} | ret=SUCCESS |  
2019-08-19 05:51:03,446 | INFO  | SCMAudit | user=jenkins1000 | ip=192.168.5.187 | op=SEND_HEARTBEAT {datanodeUUID=bad439c4-a4bb-4d3c-a0b7-b7ba56f2ac5d, command=[]} | ret=SUCCESS |  
2019-08-19 05:51:03,578 [main] INFO  ozoneimpl.OzoneContainer (OzoneContainer.java:stop(199)) - Attempting to stop container services.
2019-08-19 05:51:03,579 [main] INFO  impl.RaftServerProxy (RaftServerProxy.java:lambda$close$4(314)) - fcd91f29-81d7-4c8d-8e73-f2228557e406: close
2019-08-19 05:51:03,580 [main] INFO  impl.RaftServerImpl (RaftServerImpl.java:lambda$shutdown$3(245)) - fcd91f29-81d7-4c8d-8e73-f2228557e406: shutdown group-AA04A31B3801
2019-08-19 05:51:03,580 [ForkJoinPool.commonPool-worker-1] INFO  impl.RaftServerImpl (RaftServerImpl.java:lambda$shutdown$3(245)) - fcd91f29-81d7-4c8d-8e73-f2228557e406: shutdown group-FB10FE936878
2019-08-19 05:51:03,581 [main] INFO  util.JmxRegister (JmxRegister.java:unregister(73)) - Successfully un-registered JMX Bean with object name Ratis:service=RaftServer,group=group-AA04A31B3801,id=fcd91f29-81d7-4c8d-8e73-f2228557e406
2019-08-19 05:51:03,581 [ForkJoinPool.commonPool-worker-1] INFO  util.JmxRegister (JmxRegister.java:unregister(73)) - Successfully un-registered JMX Bean with object name Ratis:service=RaftServer,group=group-FB10FE936878,id=fcd91f29-81d7-4c8d-8e73-f2228557e406
2019-08-19 05:51:03,581 [main] INFO  impl.RoleInfo (RoleInfo.java:shutdownFollowerState(121)) - fcd91f29-81d7-4c8d-8e73-f2228557e406: shutdown FollowerState
2019-08-19 05:51:03,581 [ForkJoinPool.commonPool-worker-1] INFO  impl.RoleInfo (RoleInfo.java:shutdownLeaderState(104)) - fcd91f29-81d7-4c8d-8e73-f2228557e406: shutdown LeaderState
2019-08-19 05:51:03,582 [Thread-384] INFO  impl.FollowerState (FollowerState.java:run(114)) - fcd91f29-81d7-4c8d-8e73-f2228557e406: FollowerState was interrupted: java.lang.InterruptedException: sleep interrupted
2019-08-19 05:51:03,582 [StateMachineUpdater:fcd91f29-81d7-4c8d-8e73-f2228557e406:group-AA04A31B3801] INFO  ratis.ContainerStateMachine (ContainerStateMachine.java:takeSnapshot(271)) - group-AA04A31B3801: Taking a snapshot at:(t:3, i:9) file /workdir/hadoop-ozone/integration-test/target/test-dir/MiniOzoneClusterImpl-5545b921-1736-47f5-bb03-85c6c02cbb9b/datanode-6/data/ratis/2221d392-5926-4d3f-ac25-aa04a31b3801/sm/snapshot.3_9
2019-08-19 05:51:03,582 [main] INFO  impl.StateMachineUpdater (StateMachineUpdater.java:stopAndJoin(115)) - StateMachineUpdater:fcd91f29-81d7-4c8d-8e73-f2228557e406:group-AA04A31B3801: set stopIndex = 10
2019-08-19 05:51:03,582 [ForkJoinPool.commonPool-worker-1] INFO  impl.PendingRequests (PendingRequests.java:sendNotLeaderResponses(202)) - fcd91f29-81d7-4c8d-8e73-f2228557e406-PendingRequests: sendNotLeaderResponses
2019-08-19 05:51:03,587 [ForkJoinPool.commonPool-worker-1] INFO  impl.StateMachineUpdater (StateMachineUpdater.java:stopAndJoin(115)) - StateMachineUpdater:fcd91f29-81d7-4c8d-8e73-f2228557e406:group-FB10FE936878: set stopIndex = 0
2019-08-19 05:51:03,588 | INFO  | SCMAudit | user=jenkins1000 | ip=192.168.5.187 | op=SEND_HEARTBEAT {datanodeUUID=52de9afb-752d-4047-940b-2109c35eaec6, command=[]} | ret=SUCCESS |  
2019-08-19 05:51:03,588 [ForkJoinPool.commonPool-worker-1] INFO  impl.RaftServerImpl (ServerState.java:close(394)) - fcd91f29-81d7-4c8d-8e73-f2228557e406:group-FB10FE936878 closes. The last applied log index is 0
2019-08-19 05:51:03,588 [fcd91f29-81d7-4c8d-8e73-f2228557e406-SegmentedRaftLogWorker:Storage Directory /workdir/hadoop-ozone/integration-test/target/test-dir/MiniOzoneClusterImpl-5545b921-1736-47f5-bb03-85c6c02cbb9b/datanode-6/data/ratis/7e6f905f-8c09-470c-bcb6-fb10fe936878] INFO  segmented.SegmentedRaftLogWorker (SegmentedRaftLogWorker.java:run(313)) - fcd91f29-81d7-4c8d-8e73-f2228557e406-SegmentedRaftLogWorker:Storage Directory /workdir/hadoop-ozone/integration-test/target/test-dir/MiniOzoneClusterImpl-5545b921-1736-47f5-bb03-85c6c02cbb9b/datanode-6/data/ratis/7e6f905f-8c09-470c-bcb6-fb10fe936878 was interrupted, exiting. There are 0 tasks remaining in the queue.
2019-08-19 05:51:03,590 [ForkJoinPool.commonPool-worker-1] INFO  segmented.SegmentedRaftLogWorker (SegmentedRaftLogWorker.java:close(228)) - fcd91f29-81d7-4c8d-8e73-f2228557e406-SegmentedRaftLogWorker:Storage Directory /workdir/hadoop-ozone/integration-test/target/test-dir/MiniOzoneClusterImpl-5545b921-1736-47f5-bb03-85c6c02cbb9b/datanode-6/data/ratis/7e6f905f-8c09-470c-bcb6-fb10fe936878 close()
2019-08-19 05:51:03,595 | INFO  | SCMAudit | user=jenkins1000 | ip=192.168.5.187 | op=SEND_HEARTBEAT {datanodeUUID=d5b6c8ea-dc68-4dc2-9a80-eb84e9790adf, command=[]} | ret=SUCCESS |  
2019-08-19 05:51:03,600 [StateMachineUpdater:fcd91f29-81d7-4c8d-8e73-f2228557e406:group-AA04A31B3801] INFO  ratis.ContainerStateMachine (ContainerStateMachine.java:takeSnapshot(282)) - group-AA04A31B3801: Finished taking a snapshot at:(t:3, i:9) file:/workdir/hadoop-ozone/integration-test/target/test-dir/MiniOzoneClusterImpl-5545b921-1736-47f5-bb03-85c6c02cbb9b/datanode-6/data/ratis/2221d392-5926-4d3f-ac25-aa04a31b3801/sm/snapshot.3_9 time:17
2019-08-19 05:51:03,600 [StateMachineUpdater:fcd91f29-81d7-4c8d-8e73-f2228557e406:group-AA04A31B3801] INFO  impl.StateMachineUpdater (StateMachineUpdater.java:takeSnapshot(242)) - StateMachineUpdater:fcd91f29-81d7-4c8d-8e73-f2228557e406:group-AA04A31B3801: Took a snapshot at index 9
2019-08-19 05:51:03,600 [StateMachineUpdater:fcd91f29-81d7-4c8d-8e73-f2228557e406:group-AA04A31B3801] INFO  impl.StateMachineUpdater (StateMachineUpdater.java:lambda$new$0(80)) - StateMachineUpdater:fcd91f29-81d7-4c8d-8e73-f2228557e406:group-AA04A31B3801: snapshotIndex: updateIncreasingly -1 -> 9
2019-08-19 05:51:03,601 [main] INFO  impl.RaftServerImpl (ServerState.java:close(394)) - fcd91f29-81d7-4c8d-8e73-f2228557e406:group-AA04A31B3801 closes. The last applied log index is 10
2019-08-19 05:51:03,601 [fcd91f29-81d7-4c8d-8e73-f2228557e406-SegmentedRaftLogWorker:Storage Directory /workdir/hadoop-ozone/integration-test/target/test-dir/MiniOzoneClusterImpl-5545b921-1736-47f5-bb03-85c6c02cbb9b/datanode-6/data/ratis/2221d392-5926-4d3f-ac25-aa04a31b3801] INFO  segmented.SegmentedRaftLogWorker (SegmentedRaftLogWorker.java:run(313)) - fcd91f29-81d7-4c8d-8e73-f2228557e406-SegmentedRaftLogWorker:Storage Directory /workdir/hadoop-ozone/integration-test/target/test-dir/MiniOzoneClusterImpl-5545b921-1736-47f5-bb03-85c6c02cbb9b/datanode-6/data/ratis/2221d392-5926-4d3f-ac25-aa04a31b3801 was interrupted, exiting. There are 0 tasks remaining in the queue.
2019-08-19 05:51:03,603 [main] INFO  segmented.SegmentedRaftLogWorker (SegmentedRaftLogWorker.java:close(228)) - fcd91f29-81d7-4c8d-8e73-f2228557e406-SegmentedRaftLogWorker:Storage Directory /workdir/hadoop-ozone/integration-test/target/test-dir/MiniOzoneClusterImpl-5545b921-1736-47f5-bb03-85c6c02cbb9b/datanode-6/data/ratis/2221d392-5926-4d3f-ac25-aa04a31b3801 close()
2019-08-19 05:51:03,607 [main] INFO  server.GrpcService (GrpcService.java:closeImpl(155)) - fcd91f29-81d7-4c8d-8e73-f2228557e406: shutdown server with port 44091 now
2019-08-19 05:51:03,610 [grpc-default-executor-0] WARN  server.GrpcServerProtocolService (LogUtils.java:warn(134)) - fcd91f29-81d7-4c8d-8e73-f2228557e406: appendEntries onError: org.apache.ratis.thirdparty.io.grpc.StatusRuntimeException: CANCELLED: cancelled before receiving half close
2019-08-19 05:51:03,611 [main] INFO  server.GrpcService (GrpcService.java:closeImpl(163)) - fcd91f29-81d7-4c8d-8e73-f2228557e406: shutdown server with port 44091 successfully
2019-08-19 05:51:03,611 [grpc-default-executor-0] WARN  server.GrpcLogAppender (LogUtils.java:warn(134)) - 3f2d61d4-5a14-426d-9a30-15ba3c5592d2->fcd91f29-81d7-4c8d-8e73-f2228557e406: Failed appendEntries: org.apache.ratis.thirdparty.io.grpc.StatusRuntimeException: CANCELLED: HTTP/2 error code: CANCEL
Received Rst Stream
2019-08-19 05:51:03,614 [grpc-default-executor-0] INFO  impl.FollowerInfo (FollowerInfo.java:lambda$new$0(50)) - 3f2d61d4-5a14-426d-9a30-15ba3c5592d2->fcd91f29-81d7-4c8d-8e73-f2228557e406: nextIndex: updateUnconditionally 11 -> 10
2019-08-19 05:51:03,615 [main] INFO  utils.BackgroundService (BackgroundService.java:shutdown(148)) - Shutting down service BlockDeletingService
2019-08-19 05:51:03,617 [refreshUsed-/workdir/hadoop-ozone/integration-test/target/test-dir/MiniOzoneClusterImpl-5545b921-1736-47f5-bb03-85c6c02cbb9b/datanode-6/data/containers] WARN  fs.CachingGetSpaceUsed (CachingGetSpaceUsed.java:run(183)) - Thread Interrupted waiting to refresh disk information: sleep interrupted
2019-08-19 05:51:03,645 [main] INFO  statemachine.DatanodeStateMachine (DatanodeStateMachine.java:stopDaemon(395)) - Ozone container server stopped.
2019-08-19 05:51:03,647 [main] INFO  handler.ContextHandler (ContextHandler.java:doStop(910)) - Stopped o.e.j.w.WebAppContext@790ac3e0{/,null,UNAVAILABLE}{/hddsDatanode}
2019-08-19 05:51:03,648 [main] INFO  server.AbstractConnector (AbstractConnector.java:doStop(318)) - Stopped ServerConnector@5bb2fb2b{HTTP/1.1,[http/1.1]}{0.0.0.0:0}
2019-08-19 05:51:03,648 [main] INFO  handler.ContextHandler (ContextHandler.java:doStop(910)) - Stopped o.e.j.s.ServletContextHandler@40c76f5a{/static,jar:file:/home/user/.m2/repository/org/apache/hadoop/hadoop-hdds-container-service/0.5.0-SNAPSHOT/hadoop-hdds-container-service-0.5.0-SNAPSHOT.jar!/webapps/static,UNAVAILABLE}
2019-08-19 05:51:03,649 [main] INFO  handler.ContextHandler (ContextHandler.java:doStop(910)) - Stopped o.e.j.s.ServletContextHandler@6b9697ae{/logs,file:///workdir/hadoop-ozone/integration-test/target/log,UNAVAILABLE}
]]></system-out>
  </testcase>
</testsuite>