<?xml version="1.0" encoding="UTF-8"?>
<testsuite xmlns:xsi="http://www.w3.org/2001/XMLSchema-instance" xsi:noNamespaceSchemaLocation="https://maven.apache.org/surefire/maven-surefire-plugin/xsd/surefire-test-report.xsd" name="org.apache.hadoop.fs.ozone.TestOzoneFileSystem" time="132.425" tests="7" errors="4" skipped="0" failures="0">
  <properties>
    <property name="awt.toolkit" value="sun.awt.X11.XToolkit"/>
    <property name="file.encoding.pkg" value="sun.io"/>
    <property name="java.specification.version" value="1.8"/>
    <property name="sun.cpu.isalist" value=""/>
    <property name="sun.jnu.encoding" value="UTF-8"/>
    <property name="java.class.path" value="/workdir/hadoop-ozone/ozonefs/target/test-classes:/workdir/hadoop-ozone/ozonefs/target/classes:/home/user/.m2/repository/org/apache/hadoop/hadoop-common/3.2.0/hadoop-common-3.2.0.jar:/home/user/.m2/repository/org/apache/hadoop/hadoop-annotations/3.2.0/hadoop-annotations-3.2.0.jar:/usr/lib/jvm/java-1.8-openjdk/jre/../lib/tools.jar:/home/user/.m2/repository/com/google/guava/guava/11.0.2/guava-11.0.2.jar:/home/user/.m2/repository/commons-cli/commons-cli/1.2/commons-cli-1.2.jar:/home/user/.m2/repository/org/apache/commons/commons-math3/3.1.1/commons-math3-3.1.1.jar:/home/user/.m2/repository/org/apache/httpcomponents/httpclient/4.5.2/httpclient-4.5.2.jar:/home/user/.m2/repository/org/apache/httpcomponents/httpcore/4.4.4/httpcore-4.4.4.jar:/home/user/.m2/repository/commons-codec/commons-codec/1.11/commons-codec-1.11.jar:/home/user/.m2/repository/commons-io/commons-io/2.5/commons-io-2.5.jar:/home/user/.m2/repository/commons-net/commons-net/3.6/commons-net-3.6.jar:/home/user/.m2/repository/commons-collections/commons-collections/3.2.2/commons-collections-3.2.2.jar:/home/user/.m2/repository/javax/servlet/javax.servlet-api/3.1.0/javax.servlet-api-3.1.0.jar:/home/user/.m2/repository/org/eclipse/jetty/jetty-server/9.3.24.v20180605/jetty-server-9.3.24.v20180605.jar:/home/user/.m2/repository/org/eclipse/jetty/jetty-http/9.3.24.v20180605/jetty-http-9.3.24.v20180605.jar:/home/user/.m2/repository/org/eclipse/jetty/jetty-io/9.3.24.v20180605/jetty-io-9.3.24.v20180605.jar:/home/user/.m2/repository/org/eclipse/jetty/jetty-util/9.3.24.v20180605/jetty-util-9.3.24.v20180605.jar:/home/user/.m2/repository/org/eclipse/jetty/jetty-servlet/9.3.24.v20180605/jetty-servlet-9.3.24.v20180605.jar:/home/user/.m2/repository/org/eclipse/jetty/jetty-security/9.3.24.v20180605/jetty-security-9.3.24.v20180605.jar:/home/user/.m2/repository/org/eclipse/jetty/jetty-webapp/9.3.24.v20180605/jetty-webapp-9.3.24.v20180605.jar:/home/user/.m2/repository/org/eclipse/jetty/jetty-xml/9.3.24.v20180605/jetty-xml-9.3.24.v20180605.jar:/home/user/.m2/repository/javax/servlet/jsp/jsp-api/2.1/jsp-api-2.1.jar:/home/user/.m2/repository/com/sun/jersey/jersey-core/1.19/jersey-core-1.19.jar:/home/user/.m2/repository/javax/ws/rs/jsr311-api/1.1.1/jsr311-api-1.1.1.jar:/home/user/.m2/repository/com/sun/jersey/jersey-servlet/1.19/jersey-servlet-1.19.jar:/home/user/.m2/repository/com/sun/jersey/jersey-json/1.19/jersey-json-1.19.jar:/home/user/.m2/repository/org/codehaus/jettison/jettison/1.1/jettison-1.1.jar:/home/user/.m2/repository/com/sun/xml/bind/jaxb-impl/2.3.0.1/jaxb-impl-2.3.0.1.jar:/home/user/.m2/repository/org/codehaus/jackson/jackson-core-asl/1.9.13/jackson-core-asl-1.9.13.jar:/home/user/.m2/repository/org/codehaus/jackson/jackson-mapper-asl/1.9.13/jackson-mapper-asl-1.9.13.jar:/home/user/.m2/repository/org/codehaus/jackson/jackson-jaxrs/1.9.13/jackson-jaxrs-1.9.13.jar:/home/user/.m2/repository/org/codehaus/jackson/jackson-xc/1.9.13/jackson-xc-1.9.13.jar:/home/user/.m2/repository/com/sun/jersey/jersey-server/1.19/jersey-server-1.19.jar:/home/user/.m2/repository/commons-logging/commons-logging/1.1.3/commons-logging-1.1.3.jar:/home/user/.m2/repository/log4j/log4j/1.2.17/log4j-1.2.17.jar:/home/user/.m2/repository/commons-beanutils/commons-beanutils/1.9.3/commons-beanutils-1.9.3.jar:/home/user/.m2/repository/org/apache/commons/commons-configuration2/2.1.1/commons-configuration2-2.1.1.jar:/home/user/.m2/repository/org/apache/commons/commons-lang3/3.7/commons-lang3-3.7.jar:/home/user/.m2/repository/org/apache/commons/commons-text/1.4/commons-text-1.4.jar:/home/user/.m2/repository/org/slf4j/slf4j-api/1.7.25/slf4j-api-1.7.25.jar:/home/user/.m2/repository/org/slf4j/slf4j-log4j12/1.7.25/slf4j-log4j12-1.7.25.jar:/home/user/.m2/repository/org/apache/avro/avro/1.7.7/avro-1.7.7.jar:/home/user/.m2/repository/com/thoughtworks/paranamer/paranamer/2.3/paranamer-2.3.jar:/home/user/.m2/repository/org/xerial/snappy/snappy-java/1.0.5/snappy-java-1.0.5.jar:/home/user/.m2/repository/com/google/re2j/re2j/1.1/re2j-1.1.jar:/home/user/.m2/repository/com/google/protobuf/protobuf-java/2.5.0/protobuf-java-2.5.0.jar:/home/user/.m2/repository/com/google/code/gson/gson/2.2.4/gson-2.2.4.jar:/home/user/.m2/repository/org/apache/hadoop/hadoop-auth/3.2.0/hadoop-auth-3.2.0.jar:/home/user/.m2/repository/com/nimbusds/nimbus-jose-jwt/4.41.1/nimbus-jose-jwt-4.41.1.jar:/home/user/.m2/repository/com/github/stephenc/jcip/jcip-annotations/1.0-1/jcip-annotations-1.0-1.jar:/home/user/.m2/repository/net/minidev/json-smart/2.3/json-smart-2.3.jar:/home/user/.m2/repository/net/minidev/accessors-smart/1.2/accessors-smart-1.2.jar:/home/user/.m2/repository/org/apache/curator/curator-framework/2.12.0/curator-framework-2.12.0.jar:/home/user/.m2/repository/com/jcraft/jsch/0.1.54/jsch-0.1.54.jar:/home/user/.m2/repository/org/apache/curator/curator-client/2.12.0/curator-client-2.12.0.jar:/home/user/.m2/repository/org/apache/curator/curator-recipes/2.12.0/curator-recipes-2.12.0.jar:/home/user/.m2/repository/com/google/code/findbugs/jsr305/3.0.0/jsr305-3.0.0.jar:/home/user/.m2/repository/org/apache/htrace/htrace-core4/4.1.0-incubating/htrace-core4-4.1.0-incubating.jar:/home/user/.m2/repository/org/apache/zookeeper/zookeeper/3.4.13/zookeeper-3.4.13.jar:/home/user/.m2/repository/org/apache/yetus/audience-annotations/0.5.0/audience-annotations-0.5.0.jar:/home/user/.m2/repository/org/apache/commons/commons-compress/1.4.1/commons-compress-1.4.1.jar:/home/user/.m2/repository/org/tukaani/xz/1.0/xz-1.0.jar:/home/user/.m2/repository/org/apache/kerby/kerb-simplekdc/1.0.1/kerb-simplekdc-1.0.1.jar:/home/user/.m2/repository/org/apache/kerby/kerb-client/1.0.1/kerb-client-1.0.1.jar:/home/user/.m2/repository/org/apache/kerby/kerby-config/1.0.1/kerby-config-1.0.1.jar:/home/user/.m2/repository/org/apache/kerby/kerb-core/1.0.1/kerb-core-1.0.1.jar:/home/user/.m2/repository/org/apache/kerby/kerby-pkix/1.0.1/kerby-pkix-1.0.1.jar:/home/user/.m2/repository/org/apache/kerby/kerby-asn1/1.0.1/kerby-asn1-1.0.1.jar:/home/user/.m2/repository/org/apache/kerby/kerby-util/1.0.1/kerby-util-1.0.1.jar:/home/user/.m2/repository/org/apache/kerby/kerb-common/1.0.1/kerb-common-1.0.1.jar:/home/user/.m2/repository/org/apache/kerby/kerb-crypto/1.0.1/kerb-crypto-1.0.1.jar:/home/user/.m2/repository/org/apache/kerby/kerb-util/1.0.1/kerb-util-1.0.1.jar:/home/user/.m2/repository/org/apache/kerby/token-provider/1.0.1/token-provider-1.0.1.jar:/home/user/.m2/repository/org/apache/kerby/kerb-admin/1.0.1/kerb-admin-1.0.1.jar:/home/user/.m2/repository/org/apache/kerby/kerb-server/1.0.1/kerb-server-1.0.1.jar:/home/user/.m2/repository/org/apache/kerby/kerb-identity/1.0.1/kerb-identity-1.0.1.jar:/home/user/.m2/repository/org/apache/kerby/kerby-xdr/1.0.1/kerby-xdr-1.0.1.jar:/home/user/.m2/repository/com/fasterxml/jackson/core/jackson-databind/2.9.5/jackson-databind-2.9.5.jar:/home/user/.m2/repository/com/fasterxml/jackson/core/jackson-annotations/2.9.5/jackson-annotations-2.9.5.jar:/home/user/.m2/repository/com/fasterxml/jackson/core/jackson-core/2.9.5/jackson-core-2.9.5.jar:/home/user/.m2/repository/org/codehaus/woodstox/stax2-api/3.1.4/stax2-api-3.1.4.jar:/home/user/.m2/repository/com/fasterxml/woodstox/woodstox-core/5.0.3/woodstox-core-5.0.3.jar:/home/user/.m2/repository/dnsjava/dnsjava/2.1.7/dnsjava-2.1.7.jar:/home/user/.m2/repository/org/apache/hadoop/hadoop-hdfs/3.2.0/hadoop-hdfs-3.2.0.jar:/home/user/.m2/repository/org/eclipse/jetty/jetty-util-ajax/9.3.24.v20180605/jetty-util-ajax-9.3.24.v20180605.jar:/home/user/.m2/repository/commons-daemon/commons-daemon/1.0.13/commons-daemon-1.0.13.jar:/home/user/.m2/repository/io/netty/netty/3.10.5.Final/netty-3.10.5.Final.jar:/home/user/.m2/repository/io/netty/netty-all/4.0.52.Final/netty-all-4.0.52.Final.jar:/home/user/.m2/repository/org/fusesource/leveldbjni/leveldbjni-all/1.8/leveldbjni-all-1.8.jar:/home/user/.m2/repository/org/apache/hadoop/hadoop-hdds-common/0.5.0-SNAPSHOT/hadoop-hdds-common-0.5.0-SNAPSHOT.jar:/home/user/.m2/repository/org/apache/hadoop/hadoop-hdds-config/0.5.0-SNAPSHOT/hadoop-hdds-config-0.5.0-SNAPSHOT.jar:/home/user/.m2/repository/javax/annotation/javax.annotation-api/1.2/javax.annotation-api-1.2.jar:/home/user/.m2/repository/org/apache/ratis/ratis-server/0.4.0-2337318-SNAPSHOT/ratis-server-0.4.0-2337318-SNAPSHOT.jar:/home/user/.m2/repository/org/apache/ratis/ratis-thirdparty-misc/0.2.0/ratis-thirdparty-misc-0.2.0.jar:/home/user/.m2/repository/org/apache/ratis/ratis-proto/0.4.0-2337318-SNAPSHOT/ratis-proto-0.4.0-2337318-SNAPSHOT.jar:/home/user/.m2/repository/org/apache/ratis/ratis-common/0.4.0-2337318-SNAPSHOT/ratis-common-0.4.0-2337318-SNAPSHOT.jar:/home/user/.m2/repository/org/apache/ratis/ratis-client/0.4.0-2337318-SNAPSHOT/ratis-client-0.4.0-2337318-SNAPSHOT.jar:/home/user/.m2/repository/org/apache/ratis/ratis-metrics/0.4.0-2337318-SNAPSHOT/ratis-metrics-0.4.0-2337318-SNAPSHOT.jar:/home/user/.m2/repository/org/apache/ratis/ratis-netty/0.4.0-2337318-SNAPSHOT/ratis-netty-0.4.0-2337318-SNAPSHOT.jar:/home/user/.m2/repository/org/apache/ratis/ratis-grpc/0.4.0-2337318-SNAPSHOT/ratis-grpc-0.4.0-2337318-SNAPSHOT.jar:/home/user/.m2/repository/org/rocksdb/rocksdbjni/6.0.1/rocksdbjni-6.0.1.jar:/home/user/.m2/repository/org/apache/logging/log4j/log4j-api/2.11.0/log4j-api-2.11.0.jar:/home/user/.m2/repository/org/apache/logging/log4j/log4j-core/2.11.0/log4j-core-2.11.0.jar:/home/user/.m2/repository/com/lmax/disruptor/3.4.2/disruptor-3.4.2.jar:/home/user/.m2/repository/org/apache/commons/commons-pool2/2.6.0/commons-pool2-2.6.0.jar:/home/user/.m2/repository/org/bouncycastle/bcpkix-jdk15on/1.60/bcpkix-jdk15on-1.60.jar:/home/user/.m2/repository/commons-validator/commons-validator/1.6/commons-validator-1.6.jar:/home/user/.m2/repository/commons-digester/commons-digester/1.8.1/commons-digester-1.8.1.jar:/home/user/.m2/repository/io/jaegertracing/jaeger-client/0.33.1/jaeger-client-0.33.1.jar:/home/user/.m2/repository/io/jaegertracing/jaeger-thrift/0.33.1/jaeger-thrift-0.33.1.jar:/home/user/.m2/repository/org/apache/thrift/libthrift/0.11.0/libthrift-0.11.0.jar:/home/user/.m2/repository/com/squareup/okhttp3/okhttp/3.9.0/okhttp-3.9.0.jar:/home/user/.m2/repository/com/squareup/okio/okio/1.13.0/okio-1.13.0.jar:/home/user/.m2/repository/io/jaegertracing/jaeger-core/0.33.1/jaeger-core-0.33.1.jar:/home/user/.m2/repository/io/jaegertracing/jaeger-tracerresolver/0.33.1/jaeger-tracerresolver-0.33.1.jar:/home/user/.m2/repository/io/opentracing/contrib/opentracing-tracerresolver/0.1.5/opentracing-tracerresolver-0.1.5.jar:/home/user/.m2/repository/io/opentracing/opentracing-util/0.31.0/opentracing-util-0.31.0.jar:/home/user/.m2/repository/io/opentracing/opentracing-api/0.31.0/opentracing-api-0.31.0.jar:/home/user/.m2/repository/io/opentracing/opentracing-noop/0.31.0/opentracing-noop-0.31.0.jar:/home/user/.m2/repository/org/yaml/snakeyaml/1.16/snakeyaml-1.16.jar:/home/user/.m2/repository/org/apache/hadoop/hadoop-hdfs-client/3.2.0/hadoop-hdfs-client-3.2.0.jar:/home/user/.m2/repository/info/picocli/picocli/3.9.6/picocli-3.9.6.jar:/home/user/.m2/repository/org/apache/hadoop/hadoop-hdds-server-scm/0.5.0-SNAPSHOT/hadoop-hdds-server-scm-0.5.0-SNAPSHOT.jar:/home/user/.m2/repository/org/apache/hadoop/hadoop-hdds-docs/0.5.0-SNAPSHOT/hadoop-hdds-docs-0.5.0-SNAPSHOT.jar:/home/user/.m2/repository/io/dropwizard/metrics/metrics-core/3.2.4/metrics-core-3.2.4.jar:/home/user/.m2/repository/org/hamcrest/hamcrest-all/1.3/hamcrest-all-1.3.jar:/home/user/.m2/repository/org/bouncycastle/bcprov-jdk15on/1.60/bcprov-jdk15on-1.60.jar:/home/user/.m2/repository/org/apache/hadoop/hadoop-hdds-server-framework/0.5.0-SNAPSHOT/hadoop-hdds-server-framework-0.5.0-SNAPSHOT.jar:/home/user/.m2/repository/org/apache/hadoop/hadoop-ozone-ozone-manager/0.5.0-SNAPSHOT/hadoop-ozone-ozone-manager-0.5.0-SNAPSHOT.jar:/home/user/.m2/repository/org/apache/hadoop/hadoop-hdds-container-service/0.5.0-SNAPSHOT/hadoop-hdds-container-service-0.5.0-SNAPSHOT.jar:/home/user/.m2/repository/org/apache/hadoop/hadoop-hdds-client/0.5.0-SNAPSHOT/hadoop-hdds-client-0.5.0-SNAPSHOT.jar:/home/user/.m2/repository/org/apache/hadoop/hadoop-ozone-common/0.5.0-SNAPSHOT/hadoop-ozone-common-0.5.0-SNAPSHOT.jar:/home/user/.m2/repository/org/apache/hadoop/hadoop-hdds-tools/0.5.0-SNAPSHOT/hadoop-hdds-tools-0.5.0-SNAPSHOT.jar:/home/user/.m2/repository/org/xerial/sqlite-jdbc/3.25.2/sqlite-jdbc-3.25.2.jar:/home/user/.m2/repository/org/apache/hadoop/hadoop-ozone-objectstore-service/0.5.0-SNAPSHOT/hadoop-ozone-objectstore-service-0.5.0-SNAPSHOT.jar:/home/user/.m2/repository/com/google/code/findbugs/findbugs/3.0.1/findbugs-3.0.1.jar:/home/user/.m2/repository/net/jcip/jcip-annotations/1.0/jcip-annotations-1.0.jar:/home/user/.m2/repository/com/google/code/findbugs/bcel-findbugs/6.0/bcel-findbugs-6.0.jar:/home/user/.m2/repository/com/google/code/findbugs/jFormatString/2.0.1/jFormatString-2.0.1.jar:/home/user/.m2/repository/dom4j/dom4j/1.6.1/dom4j-1.6.1.jar:/home/user/.m2/repository/xml-apis/xml-apis/1.0.b2/xml-apis-1.0.b2.jar:/home/user/.m2/repository/org/ow2/asm/asm-debug-all/5.0.2/asm-debug-all-5.0.2.jar:/home/user/.m2/repository/org/ow2/asm/asm-commons/5.0.2/asm-commons-5.0.2.jar:/home/user/.m2/repository/org/ow2/asm/asm-tree/5.0.2/asm-tree-5.0.2.jar:/home/user/.m2/repository/org/ow2/asm/asm/5.0.4/asm-5.0.4.jar:/home/user/.m2/repository/commons-lang/commons-lang/2.6/commons-lang-2.6.jar:/home/user/.m2/repository/com/apple/AppleJavaExtensions/1.4/AppleJavaExtensions-1.4.jar:/home/user/.m2/repository/jaxen/jaxen/1.1.6/jaxen-1.1.6.jar:/home/user/.m2/repository/org/apache/hadoop/hadoop-common/3.2.0/hadoop-common-3.2.0-tests.jar:/home/user/.m2/repository/org/apache/hadoop/hadoop-ozone-client/0.5.0-SNAPSHOT/hadoop-ozone-client-0.5.0-SNAPSHOT.jar:/home/user/.m2/repository/org/apache/hadoop/hadoop-hdfs/3.2.0/hadoop-hdfs-3.2.0-tests.jar:/workdir/hadoop-ozone/integration-test/target/test-classes:/home/user/.m2/repository/org/apache/hadoop/hadoop-ozone-s3gateway/0.5.0-SNAPSHOT/hadoop-ozone-s3gateway-0.5.0-SNAPSHOT.jar:/home/user/.m2/repository/org/jboss/weld/servlet/weld-servlet/2.4.7.Final/weld-servlet-2.4.7.Final.jar:/home/user/.m2/repository/org/glassfish/jersey/containers/jersey-container-servlet-core/2.27/jersey-container-servlet-core-2.27.jar:/home/user/.m2/repository/org/glassfish/hk2/external/javax.inject/2.5.0-b42/javax.inject-2.5.0-b42.jar:/home/user/.m2/repository/org/glassfish/jersey/core/jersey-common/2.27/jersey-common-2.27.jar:/home/user/.m2/repository/org/glassfish/hk2/osgi-resource-locator/1.0.1/osgi-resource-locator-1.0.1.jar:/home/user/.m2/repository/javax/ws/rs/javax.ws.rs-api/2.1/javax.ws.rs-api-2.1.jar:/home/user/.m2/repository/org/glassfish/jersey/ext/cdi/jersey-cdi1x/2.27/jersey-cdi1x-2.27.jar:/home/user/.m2/repository/org/glassfish/jersey/inject/jersey-hk2/2.27/jersey-hk2-2.27.jar:/home/user/.m2/repository/org/glassfish/hk2/hk2-locator/2.5.0-b42/hk2-locator-2.5.0-b42.jar:/home/user/.m2/repository/org/javassist/javassist/3.22.0-CR2/javassist-3.22.0-CR2.jar:/home/user/.m2/repository/org/glassfish/hk2/hk2-api/2.5.0/hk2-api-2.5.0.jar:/home/user/.m2/repository/org/glassfish/hk2/external/jakarta.inject/2.5.0/jakarta.inject-2.5.0.jar:/home/user/.m2/repository/org/glassfish/hk2/hk2-utils/2.5.0/hk2-utils-2.5.0.jar:/home/user/.m2/repository/jakarta/annotation/jakarta.annotation-api/1.3.4/jakarta.annotation-api-1.3.4.jar:/home/user/.m2/repository/org/glassfish/hk2/external/aopalliance-repackaged/2.5.0/aopalliance-repackaged-2.5.0.jar:/home/user/.m2/repository/com/fasterxml/jackson/dataformat/jackson-dataformat-xml/2.9.0/jackson-dataformat-xml-2.9.0.jar:/home/user/.m2/repository/com/fasterxml/jackson/module/jackson-module-jaxb-annotations/2.9.5/jackson-module-jaxb-annotations-2.9.5.jar:/home/user/.m2/repository/javax/enterprise/cdi-api/1.2/cdi-api-1.2.jar:/home/user/.m2/repository/javax/el/javax.el-api/3.0.0/javax.el-api-3.0.0.jar:/home/user/.m2/repository/javax/interceptor/javax.interceptor-api/1.2/javax.interceptor-api-1.2.jar:/home/user/.m2/repository/javax/inject/javax.inject/1/javax.inject-1.jar:/home/user/.m2/repository/com/sun/xml/bind/jaxb-core/2.3.0.1/jaxb-core-2.3.0.1.jar:/home/user/.m2/repository/javax/xml/bind/jaxb-api/2.3.0/jaxb-api-2.3.0.jar:/home/user/.m2/repository/javax/activation/activation/1.1.1/activation-1.1.1.jar:/home/user/.m2/repository/org/apache/hadoop/hadoop-ozone-csi/0.5.0-SNAPSHOT/hadoop-ozone-csi-0.5.0-SNAPSHOT.jar:/home/user/.m2/repository/com/google/protobuf/protobuf-java-util/3.5.1/protobuf-java-util-3.5.1.jar:/home/user/.m2/repository/io/grpc/grpc-netty/1.17.1/grpc-netty-1.17.1.jar:/home/user/.m2/repository/io/grpc/grpc-core/1.17.1/grpc-core-1.17.1.jar:/home/user/.m2/repository/io/grpc/grpc-context/1.17.1/grpc-context-1.17.1.jar:/home/user/.m2/repository/com/google/errorprone/error_prone_annotations/2.2.0/error_prone_annotations-2.2.0.jar:/home/user/.m2/repository/org/codehaus/mojo/animal-sniffer-annotations/1.17/animal-sniffer-annotations-1.17.jar:/home/user/.m2/repository/io/opencensus/opencensus-api/0.17.0/opencensus-api-0.17.0.jar:/home/user/.m2/repository/io/opencensus/opencensus-contrib-grpc-metrics/0.17.0/opencensus-contrib-grpc-metrics-0.17.0.jar:/home/user/.m2/repository/io/netty/netty-codec-http2/4.1.30.Final/netty-codec-http2-4.1.30.Final.jar:/home/user/.m2/repository/io/netty/netty-codec-http/4.1.30.Final/netty-codec-http-4.1.30.Final.jar:/home/user/.m2/repository/io/netty/netty-codec/4.1.30.Final/netty-codec-4.1.30.Final.jar:/home/user/.m2/repository/io/netty/netty-handler/4.1.30.Final/netty-handler-4.1.30.Final.jar:/home/user/.m2/repository/io/netty/netty-handler-proxy/4.1.30.Final/netty-handler-proxy-4.1.30.Final.jar:/home/user/.m2/repository/io/netty/netty-codec-socks/4.1.30.Final/netty-codec-socks-4.1.30.Final.jar:/home/user/.m2/repository/io/netty/netty-transport-native-epoll/4.1.30.Final/netty-transport-native-epoll-4.1.30.Final.jar:/home/user/.m2/repository/io/netty/netty-common/4.1.30.Final/netty-common-4.1.30.Final.jar:/home/user/.m2/repository/io/netty/netty-buffer/4.1.30.Final/netty-buffer-4.1.30.Final.jar:/home/user/.m2/repository/io/netty/netty-transport/4.1.30.Final/netty-transport-4.1.30.Final.jar:/home/user/.m2/repository/io/netty/netty-resolver/4.1.30.Final/netty-resolver-4.1.30.Final.jar:/home/user/.m2/repository/io/netty/netty-transport-native-unix-common/4.1.30.Final/netty-transport-native-unix-common-4.1.30.Final.jar:/home/user/.m2/repository/io/grpc/grpc-protobuf/1.17.1/grpc-protobuf-1.17.1.jar:/home/user/.m2/repository/com/google/api/grpc/proto-google-common-protos/1.0.0/proto-google-common-protos-1.0.0.jar:/home/user/.m2/repository/io/grpc/grpc-protobuf-lite/1.17.1/grpc-protobuf-lite-1.17.1.jar:/home/user/.m2/repository/io/grpc/grpc-stub/1.17.1/grpc-stub-1.17.1.jar:/home/user/.m2/repository/org/apache/hadoop/hadoop-ozone-recon/0.5.0-SNAPSHOT/hadoop-ozone-recon-0.5.0-SNAPSHOT.jar:/home/user/.m2/repository/org/apache/hadoop/hadoop-ozone-reconcodegen/0.5.0-SNAPSHOT/hadoop-ozone-reconcodegen-0.5.0-SNAPSHOT.jar:/home/user/.m2/repository/com/google/inject/extensions/guice-multibindings/4.0/guice-multibindings-4.0.jar:/home/user/.m2/repository/com/google/inject/guice/4.0/guice-4.0.jar:/home/user/.m2/repository/aopalliance/aopalliance/1.0/aopalliance-1.0.jar:/home/user/.m2/repository/org/glassfish/jersey/containers/jersey-container-servlet/2.27/jersey-container-servlet-2.27.jar:/home/user/.m2/repository/org/glassfish/hk2/guice-bridge/2.5.0/guice-bridge-2.5.0.jar:/home/user/.m2/repository/org/glassfish/jersey/core/jersey-server/2.27/jersey-server-2.27.jar:/home/user/.m2/repository/org/glassfish/jersey/core/jersey-client/2.27/jersey-client-2.27.jar:/home/user/.m2/repository/org/glassfish/jersey/media/jersey-media-jaxb/2.27/jersey-media-jaxb-2.27.jar:/home/user/.m2/repository/javax/validation/validation-api/1.1.0.Final/validation-api-1.1.0.Final.jar:/home/user/.m2/repository/org/glassfish/jersey/media/jersey-media-json-jackson/2.27/jersey-media-json-jackson-2.27.jar:/home/user/.m2/repository/org/glassfish/jersey/ext/jersey-entity-filtering/2.27/jersey-entity-filtering-2.27.jar:/home/user/.m2/repository/com/google/inject/extensions/guice-assistedinject/4.0/guice-assistedinject-4.0.jar:/home/user/.m2/repository/org/jooq/jooq/3.11.10/jooq-3.11.10.jar:/home/user/.m2/repository/org/jooq/jooq-meta/3.11.10/jooq-meta-3.11.10.jar:/home/user/.m2/repository/org/jooq/jooq-codegen/3.11.10/jooq-codegen-3.11.10.jar:/home/user/.m2/repository/com/jolbox/bonecp/0.8.0.RELEASE/bonecp-0.8.0.RELEASE.jar:/home/user/.m2/repository/org/springframework/spring-jdbc/5.1.3.RELEASE/spring-jdbc-5.1.3.RELEASE.jar:/home/user/.m2/repository/org/springframework/spring-beans/5.1.3.RELEASE/spring-beans-5.1.3.RELEASE.jar:/home/user/.m2/repository/org/springframework/spring-core/5.1.3.RELEASE/spring-core-5.1.3.RELEASE.jar:/home/user/.m2/repository/org/springframework/spring-jcl/5.1.3.RELEASE/spring-jcl-5.1.3.RELEASE.jar:/home/user/.m2/repository/org/springframework/spring-tx/5.1.3.RELEASE/spring-tx-5.1.3.RELEASE.jar:/home/user/.m2/repository/org/mockito/mockito-all/1.10.19/mockito-all-1.10.19.jar:/home/user/.m2/repository/junit/junit/4.11/junit-4.11.jar:/home/user/.m2/repository/org/hamcrest/hamcrest-core/1.3/hamcrest-core-1.3.jar:/home/user/.m2/repository/org/apache/hadoop/hadoop-distcp/3.2.0/hadoop-distcp-3.2.0.jar:/home/user/.m2/repository/org/apache/hadoop/hadoop-distcp/3.2.0/hadoop-distcp-3.2.0-tests.jar:/home/user/.m2/repository/org/apache/hadoop/hadoop-mapreduce-client-jobclient/3.2.0/hadoop-mapreduce-client-jobclient-3.2.0.jar:/home/user/.m2/repository/org/apache/hadoop/hadoop-mapreduce-client-common/3.2.0/hadoop-mapreduce-client-common-3.2.0.jar:/home/user/.m2/repository/org/apache/hadoop/hadoop-yarn-common/3.2.0/hadoop-yarn-common-3.2.0.jar:/home/user/.m2/repository/org/apache/hadoop/hadoop-yarn-api/3.2.0/hadoop-yarn-api-3.2.0.jar:/home/user/.m2/repository/com/sun/jersey/jersey-client/1.19/jersey-client-1.19.jar:/home/user/.m2/repository/com/sun/jersey/contribs/jersey-guice/1.19/jersey-guice-1.19.jar:/home/user/.m2/repository/com/fasterxml/jackson/jaxrs/jackson-jaxrs-json-provider/2.9.5/jackson-jaxrs-json-provider-2.9.5.jar:/home/user/.m2/repository/com/fasterxml/jackson/jaxrs/jackson-jaxrs-base/2.9.5/jackson-jaxrs-base-2.9.5.jar:/home/user/.m2/repository/org/apache/hadoop/hadoop-yarn-client/3.2.0/hadoop-yarn-client-3.2.0.jar:/home/user/.m2/repository/org/apache/hadoop/hadoop-mapreduce-client-core/3.2.0/hadoop-mapreduce-client-core-3.2.0.jar:/home/user/.m2/repository/com/google/inject/extensions/guice-servlet/4.0/guice-servlet-4.0.jar:/home/user/.m2/repository/org/powermock/powermock-module-junit4/1.6.5/powermock-module-junit4-1.6.5.jar:/home/user/.m2/repository/org/powermock/powermock-module-junit4-common/1.6.5/powermock-module-junit4-common-1.6.5.jar:/home/user/.m2/repository/org/powermock/powermock-core/1.6.5/powermock-core-1.6.5.jar:/home/user/.m2/repository/org/powermock/powermock-reflect/1.6.5/powermock-reflect-1.6.5.jar:/home/user/.m2/repository/org/powermock/powermock-api-mockito/1.6.5/powermock-api-mockito-1.6.5.jar:/home/user/.m2/repository/org/mockito/mockito-core/1.10.19/mockito-core-1.10.19.jar:/home/user/.m2/repository/org/objenesis/objenesis/1.0/objenesis-1.0.jar:/home/user/.m2/repository/org/powermock/powermock-api-mockito-common/1.6.5/powermock-api-mockito-common-1.6.5.jar:/home/user/.m2/repository/org/powermock/powermock-api-support/1.6.5/powermock-api-support-1.6.5.jar:"/>
    <property name="java.vm.vendor" value="IcedTea"/>
    <property name="sun.arch.data.model" value="64"/>
    <property name="test.build.dir" value="/workdir/hadoop-ozone/ozonefs/target/test-dir"/>
    <property name="test.cache.data" value=""/>
    <property name="java.vendor.url" value="https://icedtea.classpath.org"/>
    <property name="user.timezone" value=""/>
    <property name="java.vm.specification.version" value="1.8"/>
    <property name="os.name" value="Linux"/>
    <property name="test.build.data" value="/workdir/hadoop-ozone/ozonefs/target/test-dir"/>
    <property name="user.country" value="US"/>
    <property name="sun.java.launcher" value="SUN_STANDARD"/>
    <property name="sun.boot.library.path" value="/usr/lib/jvm/java-1.8-openjdk/jre/lib/amd64"/>
    <property name="sun.java.command" value="/workdir/hadoop-ozone/ozonefs/target/surefire/surefirebooter6087728371664838812.jar /workdir/hadoop-ozone/ozonefs/target/surefire 2019-09-12T10-07-27_366-jvmRun1 surefire449128007076773760tmp surefire_1006608990987914363994tmp"/>
    <property name="test" value="!TestMiniChaosOzoneCluster"/>
    <property name="surefire.test.class.path" value="/workdir/hadoop-ozone/ozonefs/target/test-classes:/workdir/hadoop-ozone/ozonefs/target/classes:/home/user/.m2/repository/org/apache/hadoop/hadoop-common/3.2.0/hadoop-common-3.2.0.jar:/home/user/.m2/repository/org/apache/hadoop/hadoop-annotations/3.2.0/hadoop-annotations-3.2.0.jar:/usr/lib/jvm/java-1.8-openjdk/jre/../lib/tools.jar:/home/user/.m2/repository/com/google/guava/guava/11.0.2/guava-11.0.2.jar:/home/user/.m2/repository/commons-cli/commons-cli/1.2/commons-cli-1.2.jar:/home/user/.m2/repository/org/apache/commons/commons-math3/3.1.1/commons-math3-3.1.1.jar:/home/user/.m2/repository/org/apache/httpcomponents/httpclient/4.5.2/httpclient-4.5.2.jar:/home/user/.m2/repository/org/apache/httpcomponents/httpcore/4.4.4/httpcore-4.4.4.jar:/home/user/.m2/repository/commons-codec/commons-codec/1.11/commons-codec-1.11.jar:/home/user/.m2/repository/commons-io/commons-io/2.5/commons-io-2.5.jar:/home/user/.m2/repository/commons-net/commons-net/3.6/commons-net-3.6.jar:/home/user/.m2/repository/commons-collections/commons-collections/3.2.2/commons-collections-3.2.2.jar:/home/user/.m2/repository/javax/servlet/javax.servlet-api/3.1.0/javax.servlet-api-3.1.0.jar:/home/user/.m2/repository/org/eclipse/jetty/jetty-server/9.3.24.v20180605/jetty-server-9.3.24.v20180605.jar:/home/user/.m2/repository/org/eclipse/jetty/jetty-http/9.3.24.v20180605/jetty-http-9.3.24.v20180605.jar:/home/user/.m2/repository/org/eclipse/jetty/jetty-io/9.3.24.v20180605/jetty-io-9.3.24.v20180605.jar:/home/user/.m2/repository/org/eclipse/jetty/jetty-util/9.3.24.v20180605/jetty-util-9.3.24.v20180605.jar:/home/user/.m2/repository/org/eclipse/jetty/jetty-servlet/9.3.24.v20180605/jetty-servlet-9.3.24.v20180605.jar:/home/user/.m2/repository/org/eclipse/jetty/jetty-security/9.3.24.v20180605/jetty-security-9.3.24.v20180605.jar:/home/user/.m2/repository/org/eclipse/jetty/jetty-webapp/9.3.24.v20180605/jetty-webapp-9.3.24.v20180605.jar:/home/user/.m2/repository/org/eclipse/jetty/jetty-xml/9.3.24.v20180605/jetty-xml-9.3.24.v20180605.jar:/home/user/.m2/repository/javax/servlet/jsp/jsp-api/2.1/jsp-api-2.1.jar:/home/user/.m2/repository/com/sun/jersey/jersey-core/1.19/jersey-core-1.19.jar:/home/user/.m2/repository/javax/ws/rs/jsr311-api/1.1.1/jsr311-api-1.1.1.jar:/home/user/.m2/repository/com/sun/jersey/jersey-servlet/1.19/jersey-servlet-1.19.jar:/home/user/.m2/repository/com/sun/jersey/jersey-json/1.19/jersey-json-1.19.jar:/home/user/.m2/repository/org/codehaus/jettison/jettison/1.1/jettison-1.1.jar:/home/user/.m2/repository/com/sun/xml/bind/jaxb-impl/2.3.0.1/jaxb-impl-2.3.0.1.jar:/home/user/.m2/repository/org/codehaus/jackson/jackson-core-asl/1.9.13/jackson-core-asl-1.9.13.jar:/home/user/.m2/repository/org/codehaus/jackson/jackson-mapper-asl/1.9.13/jackson-mapper-asl-1.9.13.jar:/home/user/.m2/repository/org/codehaus/jackson/jackson-jaxrs/1.9.13/jackson-jaxrs-1.9.13.jar:/home/user/.m2/repository/org/codehaus/jackson/jackson-xc/1.9.13/jackson-xc-1.9.13.jar:/home/user/.m2/repository/com/sun/jersey/jersey-server/1.19/jersey-server-1.19.jar:/home/user/.m2/repository/commons-logging/commons-logging/1.1.3/commons-logging-1.1.3.jar:/home/user/.m2/repository/log4j/log4j/1.2.17/log4j-1.2.17.jar:/home/user/.m2/repository/commons-beanutils/commons-beanutils/1.9.3/commons-beanutils-1.9.3.jar:/home/user/.m2/repository/org/apache/commons/commons-configuration2/2.1.1/commons-configuration2-2.1.1.jar:/home/user/.m2/repository/org/apache/commons/commons-lang3/3.7/commons-lang3-3.7.jar:/home/user/.m2/repository/org/apache/commons/commons-text/1.4/commons-text-1.4.jar:/home/user/.m2/repository/org/slf4j/slf4j-api/1.7.25/slf4j-api-1.7.25.jar:/home/user/.m2/repository/org/slf4j/slf4j-log4j12/1.7.25/slf4j-log4j12-1.7.25.jar:/home/user/.m2/repository/org/apache/avro/avro/1.7.7/avro-1.7.7.jar:/home/user/.m2/repository/com/thoughtworks/paranamer/paranamer/2.3/paranamer-2.3.jar:/home/user/.m2/repository/org/xerial/snappy/snappy-java/1.0.5/snappy-java-1.0.5.jar:/home/user/.m2/repository/com/google/re2j/re2j/1.1/re2j-1.1.jar:/home/user/.m2/repository/com/google/protobuf/protobuf-java/2.5.0/protobuf-java-2.5.0.jar:/home/user/.m2/repository/com/google/code/gson/gson/2.2.4/gson-2.2.4.jar:/home/user/.m2/repository/org/apache/hadoop/hadoop-auth/3.2.0/hadoop-auth-3.2.0.jar:/home/user/.m2/repository/com/nimbusds/nimbus-jose-jwt/4.41.1/nimbus-jose-jwt-4.41.1.jar:/home/user/.m2/repository/com/github/stephenc/jcip/jcip-annotations/1.0-1/jcip-annotations-1.0-1.jar:/home/user/.m2/repository/net/minidev/json-smart/2.3/json-smart-2.3.jar:/home/user/.m2/repository/net/minidev/accessors-smart/1.2/accessors-smart-1.2.jar:/home/user/.m2/repository/org/apache/curator/curator-framework/2.12.0/curator-framework-2.12.0.jar:/home/user/.m2/repository/com/jcraft/jsch/0.1.54/jsch-0.1.54.jar:/home/user/.m2/repository/org/apache/curator/curator-client/2.12.0/curator-client-2.12.0.jar:/home/user/.m2/repository/org/apache/curator/curator-recipes/2.12.0/curator-recipes-2.12.0.jar:/home/user/.m2/repository/com/google/code/findbugs/jsr305/3.0.0/jsr305-3.0.0.jar:/home/user/.m2/repository/org/apache/htrace/htrace-core4/4.1.0-incubating/htrace-core4-4.1.0-incubating.jar:/home/user/.m2/repository/org/apache/zookeeper/zookeeper/3.4.13/zookeeper-3.4.13.jar:/home/user/.m2/repository/org/apache/yetus/audience-annotations/0.5.0/audience-annotations-0.5.0.jar:/home/user/.m2/repository/org/apache/commons/commons-compress/1.4.1/commons-compress-1.4.1.jar:/home/user/.m2/repository/org/tukaani/xz/1.0/xz-1.0.jar:/home/user/.m2/repository/org/apache/kerby/kerb-simplekdc/1.0.1/kerb-simplekdc-1.0.1.jar:/home/user/.m2/repository/org/apache/kerby/kerb-client/1.0.1/kerb-client-1.0.1.jar:/home/user/.m2/repository/org/apache/kerby/kerby-config/1.0.1/kerby-config-1.0.1.jar:/home/user/.m2/repository/org/apache/kerby/kerb-core/1.0.1/kerb-core-1.0.1.jar:/home/user/.m2/repository/org/apache/kerby/kerby-pkix/1.0.1/kerby-pkix-1.0.1.jar:/home/user/.m2/repository/org/apache/kerby/kerby-asn1/1.0.1/kerby-asn1-1.0.1.jar:/home/user/.m2/repository/org/apache/kerby/kerby-util/1.0.1/kerby-util-1.0.1.jar:/home/user/.m2/repository/org/apache/kerby/kerb-common/1.0.1/kerb-common-1.0.1.jar:/home/user/.m2/repository/org/apache/kerby/kerb-crypto/1.0.1/kerb-crypto-1.0.1.jar:/home/user/.m2/repository/org/apache/kerby/kerb-util/1.0.1/kerb-util-1.0.1.jar:/home/user/.m2/repository/org/apache/kerby/token-provider/1.0.1/token-provider-1.0.1.jar:/home/user/.m2/repository/org/apache/kerby/kerb-admin/1.0.1/kerb-admin-1.0.1.jar:/home/user/.m2/repository/org/apache/kerby/kerb-server/1.0.1/kerb-server-1.0.1.jar:/home/user/.m2/repository/org/apache/kerby/kerb-identity/1.0.1/kerb-identity-1.0.1.jar:/home/user/.m2/repository/org/apache/kerby/kerby-xdr/1.0.1/kerby-xdr-1.0.1.jar:/home/user/.m2/repository/com/fasterxml/jackson/core/jackson-databind/2.9.5/jackson-databind-2.9.5.jar:/home/user/.m2/repository/com/fasterxml/jackson/core/jackson-annotations/2.9.5/jackson-annotations-2.9.5.jar:/home/user/.m2/repository/com/fasterxml/jackson/core/jackson-core/2.9.5/jackson-core-2.9.5.jar:/home/user/.m2/repository/org/codehaus/woodstox/stax2-api/3.1.4/stax2-api-3.1.4.jar:/home/user/.m2/repository/com/fasterxml/woodstox/woodstox-core/5.0.3/woodstox-core-5.0.3.jar:/home/user/.m2/repository/dnsjava/dnsjava/2.1.7/dnsjava-2.1.7.jar:/home/user/.m2/repository/org/apache/hadoop/hadoop-hdfs/3.2.0/hadoop-hdfs-3.2.0.jar:/home/user/.m2/repository/org/eclipse/jetty/jetty-util-ajax/9.3.24.v20180605/jetty-util-ajax-9.3.24.v20180605.jar:/home/user/.m2/repository/commons-daemon/commons-daemon/1.0.13/commons-daemon-1.0.13.jar:/home/user/.m2/repository/io/netty/netty/3.10.5.Final/netty-3.10.5.Final.jar:/home/user/.m2/repository/io/netty/netty-all/4.0.52.Final/netty-all-4.0.52.Final.jar:/home/user/.m2/repository/org/fusesource/leveldbjni/leveldbjni-all/1.8/leveldbjni-all-1.8.jar:/home/user/.m2/repository/org/apache/hadoop/hadoop-hdds-common/0.5.0-SNAPSHOT/hadoop-hdds-common-0.5.0-SNAPSHOT.jar:/home/user/.m2/repository/org/apache/hadoop/hadoop-hdds-config/0.5.0-SNAPSHOT/hadoop-hdds-config-0.5.0-SNAPSHOT.jar:/home/user/.m2/repository/javax/annotation/javax.annotation-api/1.2/javax.annotation-api-1.2.jar:/home/user/.m2/repository/org/apache/ratis/ratis-server/0.4.0-2337318-SNAPSHOT/ratis-server-0.4.0-2337318-SNAPSHOT.jar:/home/user/.m2/repository/org/apache/ratis/ratis-thirdparty-misc/0.2.0/ratis-thirdparty-misc-0.2.0.jar:/home/user/.m2/repository/org/apache/ratis/ratis-proto/0.4.0-2337318-SNAPSHOT/ratis-proto-0.4.0-2337318-SNAPSHOT.jar:/home/user/.m2/repository/org/apache/ratis/ratis-common/0.4.0-2337318-SNAPSHOT/ratis-common-0.4.0-2337318-SNAPSHOT.jar:/home/user/.m2/repository/org/apache/ratis/ratis-client/0.4.0-2337318-SNAPSHOT/ratis-client-0.4.0-2337318-SNAPSHOT.jar:/home/user/.m2/repository/org/apache/ratis/ratis-metrics/0.4.0-2337318-SNAPSHOT/ratis-metrics-0.4.0-2337318-SNAPSHOT.jar:/home/user/.m2/repository/org/apache/ratis/ratis-netty/0.4.0-2337318-SNAPSHOT/ratis-netty-0.4.0-2337318-SNAPSHOT.jar:/home/user/.m2/repository/org/apache/ratis/ratis-grpc/0.4.0-2337318-SNAPSHOT/ratis-grpc-0.4.0-2337318-SNAPSHOT.jar:/home/user/.m2/repository/org/rocksdb/rocksdbjni/6.0.1/rocksdbjni-6.0.1.jar:/home/user/.m2/repository/org/apache/logging/log4j/log4j-api/2.11.0/log4j-api-2.11.0.jar:/home/user/.m2/repository/org/apache/logging/log4j/log4j-core/2.11.0/log4j-core-2.11.0.jar:/home/user/.m2/repository/com/lmax/disruptor/3.4.2/disruptor-3.4.2.jar:/home/user/.m2/repository/org/apache/commons/commons-pool2/2.6.0/commons-pool2-2.6.0.jar:/home/user/.m2/repository/org/bouncycastle/bcpkix-jdk15on/1.60/bcpkix-jdk15on-1.60.jar:/home/user/.m2/repository/commons-validator/commons-validator/1.6/commons-validator-1.6.jar:/home/user/.m2/repository/commons-digester/commons-digester/1.8.1/commons-digester-1.8.1.jar:/home/user/.m2/repository/io/jaegertracing/jaeger-client/0.33.1/jaeger-client-0.33.1.jar:/home/user/.m2/repository/io/jaegertracing/jaeger-thrift/0.33.1/jaeger-thrift-0.33.1.jar:/home/user/.m2/repository/org/apache/thrift/libthrift/0.11.0/libthrift-0.11.0.jar:/home/user/.m2/repository/com/squareup/okhttp3/okhttp/3.9.0/okhttp-3.9.0.jar:/home/user/.m2/repository/com/squareup/okio/okio/1.13.0/okio-1.13.0.jar:/home/user/.m2/repository/io/jaegertracing/jaeger-core/0.33.1/jaeger-core-0.33.1.jar:/home/user/.m2/repository/io/jaegertracing/jaeger-tracerresolver/0.33.1/jaeger-tracerresolver-0.33.1.jar:/home/user/.m2/repository/io/opentracing/contrib/opentracing-tracerresolver/0.1.5/opentracing-tracerresolver-0.1.5.jar:/home/user/.m2/repository/io/opentracing/opentracing-util/0.31.0/opentracing-util-0.31.0.jar:/home/user/.m2/repository/io/opentracing/opentracing-api/0.31.0/opentracing-api-0.31.0.jar:/home/user/.m2/repository/io/opentracing/opentracing-noop/0.31.0/opentracing-noop-0.31.0.jar:/home/user/.m2/repository/org/yaml/snakeyaml/1.16/snakeyaml-1.16.jar:/home/user/.m2/repository/org/apache/hadoop/hadoop-hdfs-client/3.2.0/hadoop-hdfs-client-3.2.0.jar:/home/user/.m2/repository/info/picocli/picocli/3.9.6/picocli-3.9.6.jar:/home/user/.m2/repository/org/apache/hadoop/hadoop-hdds-server-scm/0.5.0-SNAPSHOT/hadoop-hdds-server-scm-0.5.0-SNAPSHOT.jar:/home/user/.m2/repository/org/apache/hadoop/hadoop-hdds-docs/0.5.0-SNAPSHOT/hadoop-hdds-docs-0.5.0-SNAPSHOT.jar:/home/user/.m2/repository/io/dropwizard/metrics/metrics-core/3.2.4/metrics-core-3.2.4.jar:/home/user/.m2/repository/org/hamcrest/hamcrest-all/1.3/hamcrest-all-1.3.jar:/home/user/.m2/repository/org/bouncycastle/bcprov-jdk15on/1.60/bcprov-jdk15on-1.60.jar:/home/user/.m2/repository/org/apache/hadoop/hadoop-hdds-server-framework/0.5.0-SNAPSHOT/hadoop-hdds-server-framework-0.5.0-SNAPSHOT.jar:/home/user/.m2/repository/org/apache/hadoop/hadoop-ozone-ozone-manager/0.5.0-SNAPSHOT/hadoop-ozone-ozone-manager-0.5.0-SNAPSHOT.jar:/home/user/.m2/repository/org/apache/hadoop/hadoop-hdds-container-service/0.5.0-SNAPSHOT/hadoop-hdds-container-service-0.5.0-SNAPSHOT.jar:/home/user/.m2/repository/org/apache/hadoop/hadoop-hdds-client/0.5.0-SNAPSHOT/hadoop-hdds-client-0.5.0-SNAPSHOT.jar:/home/user/.m2/repository/org/apache/hadoop/hadoop-ozone-common/0.5.0-SNAPSHOT/hadoop-ozone-common-0.5.0-SNAPSHOT.jar:/home/user/.m2/repository/org/apache/hadoop/hadoop-hdds-tools/0.5.0-SNAPSHOT/hadoop-hdds-tools-0.5.0-SNAPSHOT.jar:/home/user/.m2/repository/org/xerial/sqlite-jdbc/3.25.2/sqlite-jdbc-3.25.2.jar:/home/user/.m2/repository/org/apache/hadoop/hadoop-ozone-objectstore-service/0.5.0-SNAPSHOT/hadoop-ozone-objectstore-service-0.5.0-SNAPSHOT.jar:/home/user/.m2/repository/com/google/code/findbugs/findbugs/3.0.1/findbugs-3.0.1.jar:/home/user/.m2/repository/net/jcip/jcip-annotations/1.0/jcip-annotations-1.0.jar:/home/user/.m2/repository/com/google/code/findbugs/bcel-findbugs/6.0/bcel-findbugs-6.0.jar:/home/user/.m2/repository/com/google/code/findbugs/jFormatString/2.0.1/jFormatString-2.0.1.jar:/home/user/.m2/repository/dom4j/dom4j/1.6.1/dom4j-1.6.1.jar:/home/user/.m2/repository/xml-apis/xml-apis/1.0.b2/xml-apis-1.0.b2.jar:/home/user/.m2/repository/org/ow2/asm/asm-debug-all/5.0.2/asm-debug-all-5.0.2.jar:/home/user/.m2/repository/org/ow2/asm/asm-commons/5.0.2/asm-commons-5.0.2.jar:/home/user/.m2/repository/org/ow2/asm/asm-tree/5.0.2/asm-tree-5.0.2.jar:/home/user/.m2/repository/org/ow2/asm/asm/5.0.4/asm-5.0.4.jar:/home/user/.m2/repository/commons-lang/commons-lang/2.6/commons-lang-2.6.jar:/home/user/.m2/repository/com/apple/AppleJavaExtensions/1.4/AppleJavaExtensions-1.4.jar:/home/user/.m2/repository/jaxen/jaxen/1.1.6/jaxen-1.1.6.jar:/home/user/.m2/repository/org/apache/hadoop/hadoop-common/3.2.0/hadoop-common-3.2.0-tests.jar:/home/user/.m2/repository/org/apache/hadoop/hadoop-ozone-client/0.5.0-SNAPSHOT/hadoop-ozone-client-0.5.0-SNAPSHOT.jar:/home/user/.m2/repository/org/apache/hadoop/hadoop-hdfs/3.2.0/hadoop-hdfs-3.2.0-tests.jar:/workdir/hadoop-ozone/integration-test/target/test-classes:/home/user/.m2/repository/org/apache/hadoop/hadoop-ozone-s3gateway/0.5.0-SNAPSHOT/hadoop-ozone-s3gateway-0.5.0-SNAPSHOT.jar:/home/user/.m2/repository/org/jboss/weld/servlet/weld-servlet/2.4.7.Final/weld-servlet-2.4.7.Final.jar:/home/user/.m2/repository/org/glassfish/jersey/containers/jersey-container-servlet-core/2.27/jersey-container-servlet-core-2.27.jar:/home/user/.m2/repository/org/glassfish/hk2/external/javax.inject/2.5.0-b42/javax.inject-2.5.0-b42.jar:/home/user/.m2/repository/org/glassfish/jersey/core/jersey-common/2.27/jersey-common-2.27.jar:/home/user/.m2/repository/org/glassfish/hk2/osgi-resource-locator/1.0.1/osgi-resource-locator-1.0.1.jar:/home/user/.m2/repository/javax/ws/rs/javax.ws.rs-api/2.1/javax.ws.rs-api-2.1.jar:/home/user/.m2/repository/org/glassfish/jersey/ext/cdi/jersey-cdi1x/2.27/jersey-cdi1x-2.27.jar:/home/user/.m2/repository/org/glassfish/jersey/inject/jersey-hk2/2.27/jersey-hk2-2.27.jar:/home/user/.m2/repository/org/glassfish/hk2/hk2-locator/2.5.0-b42/hk2-locator-2.5.0-b42.jar:/home/user/.m2/repository/org/javassist/javassist/3.22.0-CR2/javassist-3.22.0-CR2.jar:/home/user/.m2/repository/org/glassfish/hk2/hk2-api/2.5.0/hk2-api-2.5.0.jar:/home/user/.m2/repository/org/glassfish/hk2/external/jakarta.inject/2.5.0/jakarta.inject-2.5.0.jar:/home/user/.m2/repository/org/glassfish/hk2/hk2-utils/2.5.0/hk2-utils-2.5.0.jar:/home/user/.m2/repository/jakarta/annotation/jakarta.annotation-api/1.3.4/jakarta.annotation-api-1.3.4.jar:/home/user/.m2/repository/org/glassfish/hk2/external/aopalliance-repackaged/2.5.0/aopalliance-repackaged-2.5.0.jar:/home/user/.m2/repository/com/fasterxml/jackson/dataformat/jackson-dataformat-xml/2.9.0/jackson-dataformat-xml-2.9.0.jar:/home/user/.m2/repository/com/fasterxml/jackson/module/jackson-module-jaxb-annotations/2.9.5/jackson-module-jaxb-annotations-2.9.5.jar:/home/user/.m2/repository/javax/enterprise/cdi-api/1.2/cdi-api-1.2.jar:/home/user/.m2/repository/javax/el/javax.el-api/3.0.0/javax.el-api-3.0.0.jar:/home/user/.m2/repository/javax/interceptor/javax.interceptor-api/1.2/javax.interceptor-api-1.2.jar:/home/user/.m2/repository/javax/inject/javax.inject/1/javax.inject-1.jar:/home/user/.m2/repository/com/sun/xml/bind/jaxb-core/2.3.0.1/jaxb-core-2.3.0.1.jar:/home/user/.m2/repository/javax/xml/bind/jaxb-api/2.3.0/jaxb-api-2.3.0.jar:/home/user/.m2/repository/javax/activation/activation/1.1.1/activation-1.1.1.jar:/home/user/.m2/repository/org/apache/hadoop/hadoop-ozone-csi/0.5.0-SNAPSHOT/hadoop-ozone-csi-0.5.0-SNAPSHOT.jar:/home/user/.m2/repository/com/google/protobuf/protobuf-java-util/3.5.1/protobuf-java-util-3.5.1.jar:/home/user/.m2/repository/io/grpc/grpc-netty/1.17.1/grpc-netty-1.17.1.jar:/home/user/.m2/repository/io/grpc/grpc-core/1.17.1/grpc-core-1.17.1.jar:/home/user/.m2/repository/io/grpc/grpc-context/1.17.1/grpc-context-1.17.1.jar:/home/user/.m2/repository/com/google/errorprone/error_prone_annotations/2.2.0/error_prone_annotations-2.2.0.jar:/home/user/.m2/repository/org/codehaus/mojo/animal-sniffer-annotations/1.17/animal-sniffer-annotations-1.17.jar:/home/user/.m2/repository/io/opencensus/opencensus-api/0.17.0/opencensus-api-0.17.0.jar:/home/user/.m2/repository/io/opencensus/opencensus-contrib-grpc-metrics/0.17.0/opencensus-contrib-grpc-metrics-0.17.0.jar:/home/user/.m2/repository/io/netty/netty-codec-http2/4.1.30.Final/netty-codec-http2-4.1.30.Final.jar:/home/user/.m2/repository/io/netty/netty-codec-http/4.1.30.Final/netty-codec-http-4.1.30.Final.jar:/home/user/.m2/repository/io/netty/netty-codec/4.1.30.Final/netty-codec-4.1.30.Final.jar:/home/user/.m2/repository/io/netty/netty-handler/4.1.30.Final/netty-handler-4.1.30.Final.jar:/home/user/.m2/repository/io/netty/netty-handler-proxy/4.1.30.Final/netty-handler-proxy-4.1.30.Final.jar:/home/user/.m2/repository/io/netty/netty-codec-socks/4.1.30.Final/netty-codec-socks-4.1.30.Final.jar:/home/user/.m2/repository/io/netty/netty-transport-native-epoll/4.1.30.Final/netty-transport-native-epoll-4.1.30.Final.jar:/home/user/.m2/repository/io/netty/netty-common/4.1.30.Final/netty-common-4.1.30.Final.jar:/home/user/.m2/repository/io/netty/netty-buffer/4.1.30.Final/netty-buffer-4.1.30.Final.jar:/home/user/.m2/repository/io/netty/netty-transport/4.1.30.Final/netty-transport-4.1.30.Final.jar:/home/user/.m2/repository/io/netty/netty-resolver/4.1.30.Final/netty-resolver-4.1.30.Final.jar:/home/user/.m2/repository/io/netty/netty-transport-native-unix-common/4.1.30.Final/netty-transport-native-unix-common-4.1.30.Final.jar:/home/user/.m2/repository/io/grpc/grpc-protobuf/1.17.1/grpc-protobuf-1.17.1.jar:/home/user/.m2/repository/com/google/api/grpc/proto-google-common-protos/1.0.0/proto-google-common-protos-1.0.0.jar:/home/user/.m2/repository/io/grpc/grpc-protobuf-lite/1.17.1/grpc-protobuf-lite-1.17.1.jar:/home/user/.m2/repository/io/grpc/grpc-stub/1.17.1/grpc-stub-1.17.1.jar:/home/user/.m2/repository/org/apache/hadoop/hadoop-ozone-recon/0.5.0-SNAPSHOT/hadoop-ozone-recon-0.5.0-SNAPSHOT.jar:/home/user/.m2/repository/org/apache/hadoop/hadoop-ozone-reconcodegen/0.5.0-SNAPSHOT/hadoop-ozone-reconcodegen-0.5.0-SNAPSHOT.jar:/home/user/.m2/repository/com/google/inject/extensions/guice-multibindings/4.0/guice-multibindings-4.0.jar:/home/user/.m2/repository/com/google/inject/guice/4.0/guice-4.0.jar:/home/user/.m2/repository/aopalliance/aopalliance/1.0/aopalliance-1.0.jar:/home/user/.m2/repository/org/glassfish/jersey/containers/jersey-container-servlet/2.27/jersey-container-servlet-2.27.jar:/home/user/.m2/repository/org/glassfish/hk2/guice-bridge/2.5.0/guice-bridge-2.5.0.jar:/home/user/.m2/repository/org/glassfish/jersey/core/jersey-server/2.27/jersey-server-2.27.jar:/home/user/.m2/repository/org/glassfish/jersey/core/jersey-client/2.27/jersey-client-2.27.jar:/home/user/.m2/repository/org/glassfish/jersey/media/jersey-media-jaxb/2.27/jersey-media-jaxb-2.27.jar:/home/user/.m2/repository/javax/validation/validation-api/1.1.0.Final/validation-api-1.1.0.Final.jar:/home/user/.m2/repository/org/glassfish/jersey/media/jersey-media-json-jackson/2.27/jersey-media-json-jackson-2.27.jar:/home/user/.m2/repository/org/glassfish/jersey/ext/jersey-entity-filtering/2.27/jersey-entity-filtering-2.27.jar:/home/user/.m2/repository/com/google/inject/extensions/guice-assistedinject/4.0/guice-assistedinject-4.0.jar:/home/user/.m2/repository/org/jooq/jooq/3.11.10/jooq-3.11.10.jar:/home/user/.m2/repository/org/jooq/jooq-meta/3.11.10/jooq-meta-3.11.10.jar:/home/user/.m2/repository/org/jooq/jooq-codegen/3.11.10/jooq-codegen-3.11.10.jar:/home/user/.m2/repository/com/jolbox/bonecp/0.8.0.RELEASE/bonecp-0.8.0.RELEASE.jar:/home/user/.m2/repository/org/springframework/spring-jdbc/5.1.3.RELEASE/spring-jdbc-5.1.3.RELEASE.jar:/home/user/.m2/repository/org/springframework/spring-beans/5.1.3.RELEASE/spring-beans-5.1.3.RELEASE.jar:/home/user/.m2/repository/org/springframework/spring-core/5.1.3.RELEASE/spring-core-5.1.3.RELEASE.jar:/home/user/.m2/repository/org/springframework/spring-jcl/5.1.3.RELEASE/spring-jcl-5.1.3.RELEASE.jar:/home/user/.m2/repository/org/springframework/spring-tx/5.1.3.RELEASE/spring-tx-5.1.3.RELEASE.jar:/home/user/.m2/repository/org/mockito/mockito-all/1.10.19/mockito-all-1.10.19.jar:/home/user/.m2/repository/junit/junit/4.11/junit-4.11.jar:/home/user/.m2/repository/org/hamcrest/hamcrest-core/1.3/hamcrest-core-1.3.jar:/home/user/.m2/repository/org/apache/hadoop/hadoop-distcp/3.2.0/hadoop-distcp-3.2.0.jar:/home/user/.m2/repository/org/apache/hadoop/hadoop-distcp/3.2.0/hadoop-distcp-3.2.0-tests.jar:/home/user/.m2/repository/org/apache/hadoop/hadoop-mapreduce-client-jobclient/3.2.0/hadoop-mapreduce-client-jobclient-3.2.0.jar:/home/user/.m2/repository/org/apache/hadoop/hadoop-mapreduce-client-common/3.2.0/hadoop-mapreduce-client-common-3.2.0.jar:/home/user/.m2/repository/org/apache/hadoop/hadoop-yarn-common/3.2.0/hadoop-yarn-common-3.2.0.jar:/home/user/.m2/repository/org/apache/hadoop/hadoop-yarn-api/3.2.0/hadoop-yarn-api-3.2.0.jar:/home/user/.m2/repository/com/sun/jersey/jersey-client/1.19/jersey-client-1.19.jar:/home/user/.m2/repository/com/sun/jersey/contribs/jersey-guice/1.19/jersey-guice-1.19.jar:/home/user/.m2/repository/com/fasterxml/jackson/jaxrs/jackson-jaxrs-json-provider/2.9.5/jackson-jaxrs-json-provider-2.9.5.jar:/home/user/.m2/repository/com/fasterxml/jackson/jaxrs/jackson-jaxrs-base/2.9.5/jackson-jaxrs-base-2.9.5.jar:/home/user/.m2/repository/org/apache/hadoop/hadoop-yarn-client/3.2.0/hadoop-yarn-client-3.2.0.jar:/home/user/.m2/repository/org/apache/hadoop/hadoop-mapreduce-client-core/3.2.0/hadoop-mapreduce-client-core-3.2.0.jar:/home/user/.m2/repository/com/google/inject/extensions/guice-servlet/4.0/guice-servlet-4.0.jar:/home/user/.m2/repository/org/powermock/powermock-module-junit4/1.6.5/powermock-module-junit4-1.6.5.jar:/home/user/.m2/repository/org/powermock/powermock-module-junit4-common/1.6.5/powermock-module-junit4-common-1.6.5.jar:/home/user/.m2/repository/org/powermock/powermock-core/1.6.5/powermock-core-1.6.5.jar:/home/user/.m2/repository/org/powermock/powermock-reflect/1.6.5/powermock-reflect-1.6.5.jar:/home/user/.m2/repository/org/powermock/powermock-api-mockito/1.6.5/powermock-api-mockito-1.6.5.jar:/home/user/.m2/repository/org/mockito/mockito-core/1.10.19/mockito-core-1.10.19.jar:/home/user/.m2/repository/org/objenesis/objenesis/1.0/objenesis-1.0.jar:/home/user/.m2/repository/org/powermock/powermock-api-mockito-common/1.6.5/powermock-api-mockito-common-1.6.5.jar:/home/user/.m2/repository/org/powermock/powermock-api-support/1.6.5/powermock-api-support-1.6.5.jar:"/>
    <property name="sun.cpu.endian" value="little"/>
    <property name="user.home" value="/home/user"/>
    <property name="user.language" value="en"/>
    <property name="java.specification.vendor" value="Oracle Corporation"/>
    <property name="java.home" value="/usr/lib/jvm/java-1.8-openjdk/jre"/>
    <property name="java.security.krb5.conf" value="/workdir/hadoop-ozone/ozonefs/target/test-classes/krb5.conf"/>
    <property name="basedir" value="/workdir/hadoop-ozone/ozonefs"/>
    <property name="file.separator" value="/"/>
    <property name="line.separator" value="&#10;"/>
    <property name="java.vm.specification.vendor" value="Oracle Corporation"/>
    <property name="java.specification.name" value="Java Platform API Specification"/>
    <property name="java.awt.graphicsenv" value="sun.awt.X11GraphicsEnvironment"/>
    <property name="surefire.real.class.path" value="/workdir/hadoop-ozone/ozonefs/target/surefire/surefirebooter6087728371664838812.jar"/>
    <property name="hadoop.log.dir" value="/workdir/hadoop-ozone/ozonefs/target/log"/>
    <property name="sun.boot.class.path" value="/usr/lib/jvm/java-1.8-openjdk/jre/lib/resources.jar:/usr/lib/jvm/java-1.8-openjdk/jre/lib/rt.jar:/usr/lib/jvm/java-1.8-openjdk/jre/lib/sunrsasign.jar:/usr/lib/jvm/java-1.8-openjdk/jre/lib/jsse.jar:/usr/lib/jvm/java-1.8-openjdk/jre/lib/jce.jar:/usr/lib/jvm/java-1.8-openjdk/jre/lib/charsets.jar:/usr/lib/jvm/java-1.8-openjdk/jre/lib/jfr.jar:/usr/lib/jvm/java-1.8-openjdk/jre/classes"/>
    <property name="sun.management.compiler" value="HotSpot 64-Bit Tiered Compilers"/>
    <property name="java.runtime.version" value="1.8.0_212-b04"/>
    <property name="java.net.preferIPv4Stack" value="true"/>
    <property name="user.name" value="jenkins1000"/>
    <property name="path.separator" value=":"/>
    <property name="java.security.egd" value="file:///dev/urandom"/>
    <property name="os.version" value="3.10.0-957.12.2.el7.x86_64"/>
    <property name="java.endorsed.dirs" value="/usr/lib/jvm/java-1.8-openjdk/jre/lib/endorsed"/>
    <property name="java.runtime.name" value="OpenJDK Runtime Environment"/>
    <property name="file.encoding" value="UTF-8"/>
    <property name="java.vm.name" value="OpenJDK 64-Bit Server VM"/>
    <property name="test.build.webapps" value=""/>
    <property name="localRepository" value="/home/user/.m2/repository"/>
    <property name="java.vendor.url.bug" value="https://icedtea.classpath.org/bugzilla"/>
    <property name="java.io.tmpdir" value="/tmp"/>
    <property name="require.test.libhadoop" value=""/>
    <property name="java.version" value="1.8.0_212"/>
    <property name="user.dir" value="/workdir/hadoop-ozone/ozonefs"/>
    <property name="os.arch" value="amd64"/>
    <property name="java.vm.specification.name" value="Java Virtual Machine Specification"/>
    <property name="test.build.classes" value="/workdir/hadoop-ozone/ozonefs/target/test-classes"/>
    <property name="java.awt.printerjob" value="sun.print.PSPrinterJob"/>
    <property name="sun.os.patch.level" value="unknown"/>
    <property name="hadoop.tmp.dir" value="/workdir/hadoop-ozone/ozonefs/target/tmp"/>
    <property name="java.library.path" value="/usr/lib/jvm/java-1.8-openjdk/jre/lib/amd64/server:/usr/lib/jvm/java-1.8-openjdk/jre/lib/amd64:/usr/lib/jvm/java-1.8-openjdk/jre/../lib/amd64:/workdir/hadoop-ozone/ozonefs/target/native/target/usr/local/lib:/workdir/hadoop-ozone/ozonefs/../../hadoop-common-project/hadoop-common/target/native/target/usr/local/lib:/usr/java/packages/lib/amd64:/usr/lib64:/lib64:/lib:/usr/lib"/>
    <property name="java.vm.info" value="mixed mode"/>
    <property name="java.vendor" value="IcedTea"/>
    <property name="java.vm.version" value="25.212-b04"/>
    <property name="java.ext.dirs" value="/usr/lib/jvm/java-1.8-openjdk/jre/lib/ext:/usr/java/packages/lib/ext"/>
    <property name="sun.io.unicode.encoding" value="UnicodeLittle"/>
    <property name="java.class.version" value="52.0"/>
  </properties>
  <testcase name="testOzoneFsServiceLoader" classname="org.apache.hadoop.fs.ozone.TestOzoneFileSystem" time="23.733"/>
  <testcase name="testListStatusOnRoot" classname="org.apache.hadoop.fs.ozone.TestOzoneFileSystem" time="17.298"/>
  <testcase name="testListStatusOnSubDirs" classname="org.apache.hadoop.fs.ozone.TestOzoneFileSystem" time="17.546">
    <error message="Allocated 0 blocks. Requested 1 blocks" type="INTERNAL_ERROR org.apache.hadoop.ozone.om.exceptions.OMException">INTERNAL_ERROR org.apache.hadoop.ozone.om.exceptions.OMException: Allocated 0 blocks. Requested 1 blocks
	at org.apache.hadoop.ozone.om.protocolPB.OzoneManagerProtocolClientSideTranslatorPB.handleError(OzoneManagerProtocolClientSideTranslatorPB.java:725)
	at org.apache.hadoop.ozone.om.protocolPB.OzoneManagerProtocolClientSideTranslatorPB.createFile(OzoneManagerProtocolClientSideTranslatorPB.java:1474)
	at org.apache.hadoop.ozone.client.rpc.RpcClient.createFile(RpcClient.java:984)
	at org.apache.hadoop.ozone.client.OzoneBucket.createFile(OzoneBucket.java:535)
	at org.apache.hadoop.fs.ozone.BasicOzoneClientAdapterImpl.createFile(BasicOzoneClientAdapterImpl.java:181)
	at org.apache.hadoop.fs.ozone.BasicOzoneFileSystem.createOutputStream(BasicOzoneFileSystem.java:249)
	at org.apache.hadoop.fs.ozone.BasicOzoneFileSystem.create(BasicOzoneFileSystem.java:230)
	at org.apache.hadoop.fs.FileSystem.create(FileSystem.java:1118)
	at org.apache.hadoop.fs.FileSystem.create(FileSystem.java:1098)
	at org.apache.hadoop.fs.FileSystem.create(FileSystem.java:987)
	at org.apache.hadoop.fs.contract.ContractTestUtils.createFile(ContractTestUtils.java:633)
	at org.apache.hadoop.fs.contract.ContractTestUtils.touch(ContractTestUtils.java:669)
	at org.apache.hadoop.fs.ozone.TestOzoneFileSystem.testListStatusOnSubDirs(TestOzoneFileSystem.java:271)
	at sun.reflect.NativeMethodAccessorImpl.invoke0(Native Method)
	at sun.reflect.NativeMethodAccessorImpl.invoke(NativeMethodAccessorImpl.java:62)
	at sun.reflect.DelegatingMethodAccessorImpl.invoke(DelegatingMethodAccessorImpl.java:43)
	at java.lang.reflect.Method.invoke(Method.java:498)
	at org.junit.runners.model.FrameworkMethod$1.runReflectiveCall(FrameworkMethod.java:47)
	at org.junit.internal.runners.model.ReflectiveCallable.run(ReflectiveCallable.java:12)
	at org.junit.runners.model.FrameworkMethod.invokeExplosively(FrameworkMethod.java:44)
	at org.junit.internal.runners.statements.InvokeMethod.evaluate(InvokeMethod.java:17)
	at org.junit.internal.runners.statements.RunBefores.evaluate(RunBefores.java:26)
	at org.junit.internal.runners.statements.RunAfters.evaluate(RunAfters.java:27)
	at org.junit.internal.runners.statements.FailOnTimeout$StatementThread.run(FailOnTimeout.java:74)
</error>
    <system-out><![CDATA[2019-09-12 11:35:34,711 [Thread-540] WARN  server.ServerUtils (ServerUtils.java:getScmDbDir(145)) - ozone.scm.db.dirs is not configured. We recommend adding this setting. Falling back to ozone.metadata.dirs instead.
2019-09-12 11:35:34,747 [Thread-540] WARN  server.ServerUtils (ServerUtils.java:getScmDbDir(145)) - ozone.scm.db.dirs is not configured. We recommend adding this setting. Falling back to ozone.metadata.dirs instead.
2019-09-12 11:35:34,748 [Thread-540] WARN  server.ServerUtils (ServerUtils.java:getScmDbDir(145)) - ozone.scm.db.dirs is not configured. We recommend adding this setting. Falling back to ozone.metadata.dirs instead.
2019-09-12 11:35:34,748 [Thread-540] INFO  db.DBStoreBuilder (DBStoreBuilder.java:addTable(110)) - using custom profile for table: deletedBlocks
2019-09-12 11:35:34,749 [Thread-540] INFO  db.DBStoreBuilder (DBStoreBuilder.java:processTables(161)) - Using default column profile:DBProfile.DISK for Table:deletedBlocks
2019-09-12 11:35:34,749 [Thread-540] INFO  db.DBStoreBuilder (DBStoreBuilder.java:addTable(110)) - using custom profile for table: validCerts
2019-09-12 11:35:34,749 [Thread-540] INFO  db.DBStoreBuilder (DBStoreBuilder.java:processTables(161)) - Using default column profile:DBProfile.DISK for Table:validCerts
2019-09-12 11:35:34,750 [Thread-540] INFO  db.DBStoreBuilder (DBStoreBuilder.java:addTable(110)) - using custom profile for table: revokedCerts
2019-09-12 11:35:34,750 [Thread-540] INFO  db.DBStoreBuilder (DBStoreBuilder.java:processTables(161)) - Using default column profile:DBProfile.DISK for Table:revokedCerts
2019-09-12 11:35:34,750 [Thread-540] INFO  db.DBStoreBuilder (DBStoreBuilder.java:addTable(110)) - using custom profile for table: default
2019-09-12 11:35:34,751 [Thread-540] INFO  db.DBStoreBuilder (DBStoreBuilder.java:processTables(167)) - Using default column profile:DBProfile.DISK for Table:default
2019-09-12 11:35:34,751 [Thread-540] INFO  db.DBStoreBuilder (DBStoreBuilder.java:getDbProfile(198)) - Using default options. DBProfile.DISK
2019-09-12 11:35:34,896 [Thread-540] INFO  net.NodeSchemaLoader (NodeSchemaLoader.java:loadSchemaFromFile(125)) - Loading file from sun.misc.CompoundEnumeration@4c617ed2
2019-09-12 11:35:34,897 [Thread-540] INFO  net.NodeSchemaLoader (NodeSchemaLoader.java:loadSchema(171)) - Loading network topology layer schema file
2019-09-12 11:35:34,901 [Thread-540] WARN  server.ServerUtils (ServerUtils.java:sanitizeUserArgs(70)) - ozone.scm.stale.node.interval value = 300000 is larger than max = 100000 based on the key value of ozone.scm.heartbeat.thread.interval, reset to the max value 100000.
2019-09-12 11:35:34,901 [Thread-540] WARN  server.ServerUtils (ServerUtils.java:sanitizeUserArgs(70)) - ozone.scm.stale.node.interval value = 300000 is larger than max = 100000 based on the key value of ozone.scm.heartbeat.thread.interval, reset to the max value 100000.
2019-09-12 11:35:34,901 [Thread-540] INFO  node.SCMNodeManager (SCMNodeManager.java:<init>(121)) - Entering startup safe mode.
2019-09-12 11:35:34,902 [Thread-540] INFO  algorithms.ContainerPlacementPolicyFactory (ContainerPlacementPolicyFactory.java:getPolicy(56)) - Create container placement policy of type org.apache.hadoop.hdds.scm.container.placement.algorithms.SCMContainerPlacementRandom
2019-09-12 11:35:34,902 [Thread-540] WARN  server.ServerUtils (ServerUtils.java:getScmDbDir(145)) - ozone.scm.db.dirs is not configured. We recommend adding this setting. Falling back to ozone.metadata.dirs instead.
2019-09-12 11:35:34,948 [Thread-540] INFO  pipeline.SCMPipelineManager (SCMPipelineManager.java:initializePipelineState(126)) - No pipeline exists in current db
2019-09-12 11:35:34,948 [Thread-540] WARN  server.ServerUtils (ServerUtils.java:getScmDbDir(145)) - ozone.scm.db.dirs is not configured. We recommend adding this setting. Falling back to ozone.metadata.dirs instead.
2019-09-12 11:35:34,999 [Thread-540] WARN  events.EventQueue (EventQueue.java:fireEvent(175)) - No event handler registered for event TypedEvent{payloadType=SafeModeStatus, name='SafeModeStatus'}
2019-09-12 11:35:35,001 [Thread-540] INFO  ipc.CallQueueManager (CallQueueManager.java:<init>(84)) - Using callQueue: class java.util.concurrent.LinkedBlockingQueue, queueCapacity: 2000, scheduler: class org.apache.hadoop.ipc.DefaultRpcScheduler, ipcBackoff: false.
2019-09-12 11:35:35,002 [Socket Reader #1 for port 37503] INFO  ipc.Server (Server.java:run(1074)) - Starting Socket Reader #1 for port 37503
2019-09-12 11:35:35,004 [Thread-540] INFO  ipc.CallQueueManager (CallQueueManager.java:<init>(84)) - Using callQueue: class java.util.concurrent.LinkedBlockingQueue, queueCapacity: 2000, scheduler: class org.apache.hadoop.ipc.DefaultRpcScheduler, ipcBackoff: false.
2019-09-12 11:35:35,005 [Socket Reader #1 for port 43811] INFO  ipc.Server (Server.java:run(1074)) - Starting Socket Reader #1 for port 43811
2019-09-12 11:35:35,006 [Thread-540] INFO  ipc.CallQueueManager (CallQueueManager.java:<init>(84)) - Using callQueue: class java.util.concurrent.LinkedBlockingQueue, queueCapacity: 2000, scheduler: class org.apache.hadoop.ipc.DefaultRpcScheduler, ipcBackoff: false.
2019-09-12 11:35:35,007 [Socket Reader #1 for port 40965] INFO  ipc.Server (Server.java:run(1074)) - Starting Socket Reader #1 for port 40965
2019-09-12 11:35:35,009 [Thread-540] INFO  hdfs.DFSUtil (DFSUtil.java:httpServerTemplateForNNAndJN(1641)) - Starting Web-server for scm at: http://0.0.0.0:0
2019-09-12 11:35:35,012 [Thread-540] INFO  server.AuthenticationFilter (AuthenticationFilter.java:constructSecretProvider(240)) - Unable to initialize FileSignerSecretProvider, falling back to use random secrets.
2019-09-12 11:35:35,013 [Thread-540] WARN  http.HttpRequestLog (HttpRequestLog.java:getRequestLog(97)) - Jetty request log can only be enabled using Log4j
2019-09-12 11:35:35,016 [Thread-540] INFO  http.HttpServer2 (HttpServer2.java:addGlobalFilter(975)) - Added global filter 'safety' (class=org.apache.hadoop.http.HttpServer2$QuotingInputFilter)
2019-09-12 11:35:35,017 [Thread-540] INFO  http.HttpServer2 (HttpServer2.java:addFilter(948)) - Added filter static_user_filter (class=org.apache.hadoop.http.lib.StaticUserWebFilter$StaticUserFilter) to context scm
2019-09-12 11:35:35,017 [Thread-540] INFO  http.HttpServer2 (HttpServer2.java:addFilter(958)) - Added filter static_user_filter (class=org.apache.hadoop.http.lib.StaticUserWebFilter$StaticUserFilter) to context static
2019-09-12 11:35:35,017 [Thread-540] INFO  http.HttpServer2 (HttpServer2.java:addFilter(958)) - Added filter static_user_filter (class=org.apache.hadoop.http.lib.StaticUserWebFilter$StaticUserFilter) to context logs
2019-09-12 11:35:35,020 [Thread-540] INFO  server.StorageContainerManager (StorageContainerManager.java:start(759)) - StorageContainerLocationProtocol RPC server is listening at /0.0.0.0:40965
2019-09-12 11:35:35,022 [Thread-540] WARN  impl.MetricsConfig (MetricsConfig.java:loadFirst(134)) - Cannot locate configuration: tried hadoop-metrics2-storagecontainermanager.properties,hadoop-metrics2.properties
2019-09-12 11:35:35,024 [Thread-540] INFO  impl.MetricsSystemImpl (MetricsSystemImpl.java:startTimer(374)) - Scheduled Metric snapshot period at 10 second(s).
2019-09-12 11:35:35,024 [Thread-540] INFO  impl.MetricsSystemImpl (MetricsSystemImpl.java:start(191)) - StorageContainerManager metrics system started
2019-09-12 11:35:35,087 [Thread-540] INFO  server.SCMClientProtocolServer (SCMClientProtocolServer.java:start(151)) - RPC server for Client  is listening at /0.0.0.0:40965
2019-09-12 11:35:35,088 [IPC Server Responder] INFO  ipc.Server (Server.java:run(1314)) - IPC Server Responder: starting
2019-09-12 11:35:35,088 [IPC Server listener on 40965] INFO  ipc.Server (Server.java:run(1153)) - IPC Server listener on 40965: starting
2019-09-12 11:35:35,091 [Thread-540] INFO  server.StorageContainerManager (StorageContainerManager.java:start(769)) - ScmBlockLocationProtocol RPC server is listening at /0.0.0.0:43811
2019-09-12 11:35:35,091 [Thread-540] INFO  server.SCMBlockProtocolServer (SCMBlockProtocolServer.java:start(140)) - RPC server for Block Protocol is listening at /0.0.0.0:43811
2019-09-12 11:35:35,091 [IPC Server Responder] INFO  ipc.Server (Server.java:run(1314)) - IPC Server Responder: starting
2019-09-12 11:35:35,092 [IPC Server listener on 43811] INFO  ipc.Server (Server.java:run(1153)) - IPC Server listener on 43811: starting
2019-09-12 11:35:35,095 [Thread-540] INFO  server.StorageContainerManager (StorageContainerManager.java:start(773)) - ScmDatanodeProtocl RPC server is listening at /0.0.0.0:37503
2019-09-12 11:35:35,095 [Thread-540] INFO  server.SCMDatanodeProtocolServer (SCMDatanodeProtocolServer.java:start(191)) - RPC server for DataNodes is listening at /0.0.0.0:37503
2019-09-12 11:35:35,095 [IPC Server Responder] INFO  ipc.Server (Server.java:run(1314)) - IPC Server Responder: starting
2019-09-12 11:35:35,095 [IPC Server listener on 37503] INFO  ipc.Server (Server.java:run(1153)) - IPC Server listener on 37503: starting
2019-09-12 11:35:35,099 [Thread-540] INFO  http.HttpServer2 (HttpServer2.java:bindListener(1191)) - Jetty bound to port 38886
2019-09-12 11:35:35,099 [Thread-540] INFO  server.Server (Server.java:doStart(351)) - jetty-9.3.24.v20180605, build timestamp: 2018-06-05T17:11:56Z, git hash: 84205aa28f11a4f31f2a3b86d1bba2cc8ab69827
2019-09-12 11:35:35,101 [Thread-540] INFO  handler.ContextHandler (ContextHandler.java:doStart(781)) - Started o.e.j.s.ServletContextHandler@946e609{/logs,file:///workdir/hadoop-ozone/ozonefs/target/log,AVAILABLE}
2019-09-12 11:35:35,101 [Thread-540] INFO  handler.ContextHandler (ContextHandler.java:doStart(781)) - Started o.e.j.s.ServletContextHandler@754eb0c{/static,jar:file:/home/user/.m2/repository/org/apache/hadoop/hadoop-hdds-server-scm/0.5.0-SNAPSHOT/hadoop-hdds-server-scm-0.5.0-SNAPSHOT.jar!/webapps/static,AVAILABLE}
2019-09-12 11:35:35,143 [Thread-540] INFO  handler.ContextHandler (ContextHandler.java:doStart(781)) - Started o.e.j.w.WebAppContext@7619ba22{/,file:///tmp/jetty-0.0.0.0-38886-scm-_-any-5684940764683936427.dir/webapp/,AVAILABLE}{/scm}
2019-09-12 11:35:35,143 [Thread-540] INFO  server.AbstractConnector (AbstractConnector.java:doStart(278)) - Started ServerConnector@6c3c669{HTTP/1.1,[http/1.1]}{0.0.0.0:38886}
2019-09-12 11:35:35,144 [Thread-540] INFO  server.Server (Server.java:doStart(419)) - Started @42212ms
2019-09-12 11:35:35,147 [Thread-540] INFO  server.BaseHttpServer (BaseHttpServer.java:updateConnectorAddress(213)) - HTTP server of SCM is listening at http://0.0.0.0:38886
2019-09-12 11:35:35,148 [Thread-540] WARN  server.ServerUtils (ServerUtils.java:getDBPath(222)) - ozone.om.db.dirs is not configured. We recommend adding this setting. Falling back to ozone.metadata.dirs instead.
2019-09-12 11:35:35,148 [org.apache.hadoop.util.JvmPauseMonitor$Monitor@2796c485] INFO  util.JvmPauseMonitor (JvmPauseMonitor.java:run(188)) - Starting JVM pause monitor
2019-09-12 11:35:35,161 [Thread-540] WARN  server.ServerUtils (ServerUtils.java:getDBPath(222)) - ozone.om.db.dirs is not configured. We recommend adding this setting. Falling back to ozone.metadata.dirs instead.
2019-09-12 11:35:35,162 [Thread-540] WARN  server.ServerUtils (ServerUtils.java:getDBPath(222)) - ozone.om.db.dirs is not configured. We recommend adding this setting. Falling back to ozone.metadata.dirs instead.
2019-09-12 11:35:35,162 [Thread-540] INFO  om.OzoneManager (OzoneManager.java:setOMNodeDetails(645)) - OM Service ID is not set. Setting it to the default ID: omServiceIdDefault
2019-09-12 11:35:35,162 [Thread-540] INFO  om.OzoneManager (OzoneManager.java:setOMNodeDetails(651)) - OM Node ID is not set. Setting it to the OmStorage's OmID: b0dc4d2d-f331-4d79-a4bb-5916a5367370
2019-09-12 11:35:35,163 [Thread-540] INFO  om.OzoneManager (OzoneManager.java:loadOMHAConfigs(602)) - Found matching OM address with OMServiceId: null, OMNodeId: null, RPC Address: localhost:0 and Ratis port: 9872
2019-09-12 11:35:35,169 | INFO  | SCMAudit | user=jenkins1000 | ip=192.168.36.114 | op=GET_SCM_INFO null | ret=SUCCESS |  
2019-09-12 11:35:35,171 [Thread-540] WARN  server.ServerUtils (ServerUtils.java:getDBPath(222)) - ozone.om.db.dirs is not configured. We recommend adding this setting. Falling back to ozone.metadata.dirs instead.
2019-09-12 11:35:35,171 [Thread-540] INFO  db.DBStoreBuilder (DBStoreBuilder.java:addTable(110)) - using custom profile for table: userTable
2019-09-12 11:35:35,171 [Thread-540] INFO  db.DBStoreBuilder (DBStoreBuilder.java:processTables(161)) - Using default column profile:DBProfile.DISK for Table:userTable
2019-09-12 11:35:35,172 [Thread-540] INFO  db.DBStoreBuilder (DBStoreBuilder.java:addTable(110)) - using custom profile for table: volumeTable
2019-09-12 11:35:35,172 [Thread-540] INFO  db.DBStoreBuilder (DBStoreBuilder.java:processTables(161)) - Using default column profile:DBProfile.DISK for Table:volumeTable
2019-09-12 11:35:35,172 [Thread-540] INFO  db.DBStoreBuilder (DBStoreBuilder.java:addTable(110)) - using custom profile for table: bucketTable
2019-09-12 11:35:35,172 [Thread-540] INFO  db.DBStoreBuilder (DBStoreBuilder.java:processTables(161)) - Using default column profile:DBProfile.DISK for Table:bucketTable
2019-09-12 11:35:35,172 [Thread-540] INFO  db.DBStoreBuilder (DBStoreBuilder.java:addTable(110)) - using custom profile for table: keyTable
2019-09-12 11:35:35,172 [Thread-540] INFO  db.DBStoreBuilder (DBStoreBuilder.java:processTables(161)) - Using default column profile:DBProfile.DISK for Table:keyTable
2019-09-12 11:35:35,173 [Thread-540] INFO  db.DBStoreBuilder (DBStoreBuilder.java:addTable(110)) - using custom profile for table: deletedTable
2019-09-12 11:35:35,173 [Thread-540] INFO  db.DBStoreBuilder (DBStoreBuilder.java:processTables(161)) - Using default column profile:DBProfile.DISK for Table:deletedTable
2019-09-12 11:35:35,173 [Thread-540] INFO  db.DBStoreBuilder (DBStoreBuilder.java:addTable(110)) - using custom profile for table: openKeyTable
2019-09-12 11:35:35,173 [Thread-540] INFO  db.DBStoreBuilder (DBStoreBuilder.java:processTables(161)) - Using default column profile:DBProfile.DISK for Table:openKeyTable
2019-09-12 11:35:35,173 [Thread-540] INFO  db.DBStoreBuilder (DBStoreBuilder.java:addTable(110)) - using custom profile for table: s3Table
2019-09-12 11:35:35,173 [Thread-540] INFO  db.DBStoreBuilder (DBStoreBuilder.java:processTables(161)) - Using default column profile:DBProfile.DISK for Table:s3Table
2019-09-12 11:35:35,173 [Thread-540] INFO  db.DBStoreBuilder (DBStoreBuilder.java:addTable(110)) - using custom profile for table: multipartInfoTable
2019-09-12 11:35:35,174 [Thread-540] INFO  db.DBStoreBuilder (DBStoreBuilder.java:processTables(161)) - Using default column profile:DBProfile.DISK for Table:multipartInfoTable
2019-09-12 11:35:35,174 [Thread-540] INFO  db.DBStoreBuilder (DBStoreBuilder.java:addTable(110)) - using custom profile for table: dTokenTable
2019-09-12 11:35:35,174 [Thread-540] INFO  db.DBStoreBuilder (DBStoreBuilder.java:processTables(161)) - Using default column profile:DBProfile.DISK for Table:dTokenTable
2019-09-12 11:35:35,174 [Thread-540] INFO  db.DBStoreBuilder (DBStoreBuilder.java:addTable(110)) - using custom profile for table: s3SecretTable
2019-09-12 11:35:35,174 [Thread-540] INFO  db.DBStoreBuilder (DBStoreBuilder.java:processTables(161)) - Using default column profile:DBProfile.DISK for Table:s3SecretTable
2019-09-12 11:35:35,174 [Thread-540] INFO  db.DBStoreBuilder (DBStoreBuilder.java:addTable(110)) - using custom profile for table: prefixTable
2019-09-12 11:35:35,174 [Thread-540] INFO  db.DBStoreBuilder (DBStoreBuilder.java:processTables(161)) - Using default column profile:DBProfile.DISK for Table:prefixTable
2019-09-12 11:35:35,175 [Thread-540] INFO  db.DBStoreBuilder (DBStoreBuilder.java:addTable(110)) - using custom profile for table: default
2019-09-12 11:35:35,175 [Thread-540] INFO  db.DBStoreBuilder (DBStoreBuilder.java:processTables(167)) - Using default column profile:DBProfile.DISK for Table:default
2019-09-12 11:35:35,175 [Thread-540] INFO  db.DBStoreBuilder (DBStoreBuilder.java:getDbProfile(198)) - Using default options. DBProfile.DISK
2019-09-12 11:35:35,675 [Thread-540] INFO  ipc.CallQueueManager (CallQueueManager.java:<init>(84)) - Using callQueue: class java.util.concurrent.LinkedBlockingQueue, queueCapacity: 2000, scheduler: class org.apache.hadoop.ipc.DefaultRpcScheduler, ipcBackoff: false.
2019-09-12 11:35:35,676 [Socket Reader #1 for port 34829] INFO  ipc.Server (Server.java:run(1074)) - Starting Socket Reader #1 for port 34829
2019-09-12 11:35:35,707 [Thread-540] INFO  om.OzoneManager (OzoneManager.java:start(1256)) - OzoneManager RPC server is listening at localhost/127.0.0.1:34829
2019-09-12 11:35:35,707 [Thread-540] INFO  impl.MetricsSystemImpl (MetricsSystemImpl.java:init(158)) - OzoneManager metrics system started (again)
2019-09-12 11:35:35,708 [IPC Server Responder] INFO  ipc.Server (Server.java:run(1314)) - IPC Server Responder: starting
2019-09-12 11:35:35,708 [IPC Server listener on 34829] INFO  ipc.Server (Server.java:run(1153)) - IPC Server listener on 34829: starting
2019-09-12 11:35:35,714 [Thread-540] INFO  hdfs.DFSUtil (DFSUtil.java:httpServerTemplateForNNAndJN(1641)) - Starting Web-server for ozoneManager at: http://0.0.0.0:0
2019-09-12 11:35:35,717 [Thread-540] INFO  server.AuthenticationFilter (AuthenticationFilter.java:constructSecretProvider(240)) - Unable to initialize FileSignerSecretProvider, falling back to use random secrets.
2019-09-12 11:35:35,718 [Thread-540] WARN  http.HttpRequestLog (HttpRequestLog.java:getRequestLog(97)) - Jetty request log can only be enabled using Log4j
2019-09-12 11:35:35,722 [Thread-540] INFO  http.HttpServer2 (HttpServer2.java:addGlobalFilter(975)) - Added global filter 'safety' (class=org.apache.hadoop.http.HttpServer2$QuotingInputFilter)
2019-09-12 11:35:35,723 [Thread-540] INFO  http.HttpServer2 (HttpServer2.java:addFilter(948)) - Added filter static_user_filter (class=org.apache.hadoop.http.lib.StaticUserWebFilter$StaticUserFilter) to context ozoneManager
2019-09-12 11:35:35,723 [Thread-540] INFO  http.HttpServer2 (HttpServer2.java:addFilter(958)) - Added filter static_user_filter (class=org.apache.hadoop.http.lib.StaticUserWebFilter$StaticUserFilter) to context logs
2019-09-12 11:35:35,723 [Thread-540] INFO  http.HttpServer2 (HttpServer2.java:addFilter(958)) - Added filter static_user_filter (class=org.apache.hadoop.http.lib.StaticUserWebFilter$StaticUserFilter) to context static
2019-09-12 11:35:35,724 [Thread-540] INFO  http.HttpServer2 (HttpServer2.java:bindListener(1191)) - Jetty bound to port 39679
2019-09-12 11:35:35,725 [Thread-540] INFO  server.Server (Server.java:doStart(351)) - jetty-9.3.24.v20180605, build timestamp: 2018-06-05T17:11:56Z, git hash: 84205aa28f11a4f31f2a3b86d1bba2cc8ab69827
2019-09-12 11:35:35,727 [Thread-540] INFO  handler.ContextHandler (ContextHandler.java:doStart(781)) - Started o.e.j.s.ServletContextHandler@a139ee5{/logs,file:///workdir/hadoop-ozone/ozonefs/target/log,AVAILABLE}
2019-09-12 11:35:35,727 [Thread-540] INFO  handler.ContextHandler (ContextHandler.java:doStart(781)) - Started o.e.j.s.ServletContextHandler@57cbde02{/static,jar:file:/home/user/.m2/repository/org/apache/hadoop/hadoop-ozone-ozone-manager/0.5.0-SNAPSHOT/hadoop-ozone-ozone-manager-0.5.0-SNAPSHOT.jar!/webapps/static,AVAILABLE}
2019-09-12 11:35:35,784 [Thread-540] INFO  handler.ContextHandler (ContextHandler.java:doStart(781)) - Started o.e.j.w.WebAppContext@1a85c04c{/,file:///tmp/jetty-0.0.0.0-39679-ozoneManager-_-any-2259249953372174133.dir/webapp/,AVAILABLE}{/ozoneManager}
2019-09-12 11:35:35,785 [Thread-540] INFO  server.AbstractConnector (AbstractConnector.java:doStart(278)) - Started ServerConnector@234e8a2c{HTTP/1.1,[http/1.1]}{0.0.0.0:39679}
2019-09-12 11:35:35,786 [Thread-540] INFO  server.Server (Server.java:doStart(419)) - Started @42854ms
2019-09-12 11:35:35,787 [Thread-540] INFO  server.BaseHttpServer (BaseHttpServer.java:updateConnectorAddress(213)) - HTTP server of OZONEMANAGER is listening at http://0.0.0.0:39679
2019-09-12 11:35:35,797 [Thread-540] INFO  impl.MetricsSystemImpl (MetricsSystemImpl.java:init(158)) - HddsDatanode metrics system started (again)
2019-09-12 11:35:35,799 [Thread-540] INFO  ozone.HddsDatanodeService (HddsDatanodeService.java:start(184)) - HddsDatanodeService host:pr-hdds-1569-58hkm-1881083799 ip:192.168.36.114
2019-09-12 11:35:35,805 [Thread-540] INFO  volume.HddsVolume (HddsVolume.java:<init>(176)) - Creating Volume: /workdir/hadoop-ozone/ozonefs/target/test-dir/MiniOzoneClusterImpl-eef5df77-1b8f-4c52-a6bc-dd98b83f7990/datanode-0/data/containers/hdds of  storage type : DISK and capacity : 1482555576320
2019-09-12 11:35:35,806 [Thread-540] INFO  volume.VolumeSet (VolumeSet.java:initializeVolumeSet(170)) - Added Volume : /workdir/hadoop-ozone/ozonefs/target/test-dir/MiniOzoneClusterImpl-eef5df77-1b8f-4c52-a6bc-dd98b83f7990/datanode-0/data/containers/hdds to VolumeSet
2019-09-12 11:35:35,807 [Thread-540] INFO  volume.ThrottledAsyncChecker (ThrottledAsyncChecker.java:schedule(140)) - Scheduling a check for org.apache.hadoop.ozone.container.common.volume.HddsVolume@6468885
2019-09-12 11:35:35,808 [Thread-540] INFO  volume.HddsVolumeChecker (HddsVolumeChecker.java:checkAllVolumes(203)) - Scheduled health check for volume org.apache.hadoop.ozone.container.common.volume.HddsVolume@6468885
2019-09-12 11:35:35,830 [Thread-540] INFO  impl.RaftServerProxy (ConfUtils.java:logGet(43)) - raft.rpc.type = GRPC (default)
2019-09-12 11:35:35,830 [Thread-540] INFO  grpc.GrpcFactory (GrpcFactory.java:checkPooledByteBufAllocatorUseCacheForAllThreads(45)) - PERFORMANCE WARNING: useCacheForAllThreads is true that may cause Netty to create a lot garbage objects and, as a result, trigger GC.
	It is recommended to disable useCacheForAllThreads by setting -Dorg.apache.ratis.thirdparty.io.netty.allocator.useCacheForAllThreads=false in command line.
2019-09-12 11:35:35,831 [Thread-540] INFO  grpc.GrpcConfigKeys$Server (ConfUtils.java:logGet(43)) - raft.grpc.server.port = 0 (default)
2019-09-12 11:35:35,832 [Thread-540] INFO  server.GrpcService (ConfUtils.java:logGet(43)) - raft.grpc.message.size.max = 33570816 (custom)
2019-09-12 11:35:35,832 [Thread-540] INFO  server.RaftServerConfigKeys (ConfUtils.java:logGet(43)) - raft.server.log.appender.buffer.byte-limit = 33554432 (custom)
2019-09-12 11:35:35,832 [Thread-540] INFO  server.GrpcService (ConfUtils.java:logGet(43)) - raft.grpc.flow.control.window = 1MB (=1048576) (default)
2019-09-12 11:35:35,832 [Thread-540] INFO  server.RaftServerConfigKeys (ConfUtils.java:logGet(43)) - raft.server.rpc.request.timeout = 3000ms (default)
2019-09-12 11:35:35,833 [Thread-540] INFO  server.RaftServerConfigKeys (ConfUtils.java:logGet(43)) - raft.server.storage.dir = [/workdir/hadoop-ozone/ozonefs/target/test-dir/MiniOzoneClusterImpl-eef5df77-1b8f-4c52-a6bc-dd98b83f7990/datanode-0/data/ratis] (custom)
2019-09-12 11:35:35,833 [Thread-540] INFO  replication.SimpleContainerDownloader (SimpleContainerDownloader.java:<init>(72)) - Starting container downloader service to copy containers to replicate.
2019-09-12 11:35:35,835 [Thread-540] INFO  hdfs.DFSUtil (DFSUtil.java:httpServerTemplateForNNAndJN(1641)) - Starting Web-server for hddsDatanode at: http://0.0.0.0:0
2019-09-12 11:35:35,837 [Thread-540] INFO  server.AuthenticationFilter (AuthenticationFilter.java:constructSecretProvider(240)) - Unable to initialize FileSignerSecretProvider, falling back to use random secrets.
2019-09-12 11:35:35,837 [Thread-540] WARN  http.HttpRequestLog (HttpRequestLog.java:getRequestLog(97)) - Jetty request log can only be enabled using Log4j
2019-09-12 11:35:35,839 [Thread-540] INFO  http.HttpServer2 (HttpServer2.java:addGlobalFilter(975)) - Added global filter 'safety' (class=org.apache.hadoop.http.HttpServer2$QuotingInputFilter)
2019-09-12 11:35:35,840 [Thread-540] INFO  http.HttpServer2 (HttpServer2.java:addFilter(948)) - Added filter static_user_filter (class=org.apache.hadoop.http.lib.StaticUserWebFilter$StaticUserFilter) to context hddsDatanode
2019-09-12 11:35:35,840 [Thread-540] INFO  http.HttpServer2 (HttpServer2.java:addFilter(958)) - Added filter static_user_filter (class=org.apache.hadoop.http.lib.StaticUserWebFilter$StaticUserFilter) to context static
2019-09-12 11:35:35,840 [Thread-540] INFO  http.HttpServer2 (HttpServer2.java:addFilter(958)) - Added filter static_user_filter (class=org.apache.hadoop.http.lib.StaticUserWebFilter$StaticUserFilter) to context logs
2019-09-12 11:35:35,841 [Thread-540] INFO  http.HttpServer2 (HttpServer2.java:bindListener(1191)) - Jetty bound to port 44129
2019-09-12 11:35:35,841 [Thread-540] INFO  server.Server (Server.java:doStart(351)) - jetty-9.3.24.v20180605, build timestamp: 2018-06-05T17:11:56Z, git hash: 84205aa28f11a4f31f2a3b86d1bba2cc8ab69827
2019-09-12 11:35:35,843 [Thread-540] INFO  handler.ContextHandler (ContextHandler.java:doStart(781)) - Started o.e.j.s.ServletContextHandler@71295752{/logs,file:///workdir/hadoop-ozone/ozonefs/target/log,AVAILABLE}
2019-09-12 11:35:35,843 [Thread-540] INFO  handler.ContextHandler (ContextHandler.java:doStart(781)) - Started o.e.j.s.ServletContextHandler@56769873{/static,jar:file:/home/user/.m2/repository/org/apache/hadoop/hadoop-hdds-container-service/0.5.0-SNAPSHOT/hadoop-hdds-container-service-0.5.0-SNAPSHOT.jar!/webapps/static,AVAILABLE}
2019-09-12 11:35:35,871 [Thread-540] INFO  handler.ContextHandler (ContextHandler.java:doStart(781)) - Started o.e.j.w.WebAppContext@58522b72{/,file:///tmp/jetty-0.0.0.0-44129-hddsDatanode-_-any-5134765381609183228.dir/webapp/,AVAILABLE}{/hddsDatanode}
2019-09-12 11:35:35,871 [Thread-540] INFO  server.AbstractConnector (AbstractConnector.java:doStart(278)) - Started ServerConnector@3f5a0e27{HTTP/1.1,[http/1.1]}{0.0.0.0:44129}
2019-09-12 11:35:35,872 [Thread-540] INFO  server.Server (Server.java:doStart(419)) - Started @42940ms
2019-09-12 11:35:35,873 [Thread-540] INFO  server.BaseHttpServer (BaseHttpServer.java:updateConnectorAddress(213)) - HTTP server of HDDSDATANODE is listening at http://0.0.0.0:44129
2019-09-12 11:35:36,016 | INFO  | ObjectStoreRestHttpServer | Listening HDDS REST traffic on /0.0.0.0:35807 |  
2019-09-12 11:35:36,016 [Thread-540] INFO  ozone.HddsDatanodeService (HddsDatanodeService.java:startPlugins(395)) - Started plug-in org.apache.hadoop.ozone.web.OzoneHddsDatanodeService@5bf94228
2019-09-12 11:35:36,016 [Thread-540] INFO  impl.MetricsSystemImpl (MetricsSystemImpl.java:init(158)) - HddsDatanode metrics system started (again)
2019-09-12 11:35:36,020 [org.apache.hadoop.util.JvmPauseMonitor$Monitor@2234df8f] INFO  util.JvmPauseMonitor (JvmPauseMonitor.java:run(188)) - Starting JVM pause monitor
2019-09-12 11:35:36,020 [Thread-540] INFO  ozone.HddsDatanodeService (HddsDatanodeService.java:start(184)) - HddsDatanodeService host:pr-hdds-1569-58hkm-1881083799 ip:192.168.36.114
2019-09-12 11:35:36,023 [Datanode State Machine Thread - 0] INFO  datanode.InitDatanodeState (InitDatanodeState.java:persistContainerDatanodeDetails(140)) - DatanodeDetails is persisted to /workdir/hadoop-ozone/ozonefs/target/test-dir/MiniOzoneClusterImpl-eef5df77-1b8f-4c52-a6bc-dd98b83f7990/datanode-0/meta/datanode.id
2019-09-12 11:35:36,027 [Thread-540] INFO  volume.HddsVolume (HddsVolume.java:<init>(176)) - Creating Volume: /workdir/hadoop-ozone/ozonefs/target/test-dir/MiniOzoneClusterImpl-eef5df77-1b8f-4c52-a6bc-dd98b83f7990/datanode-1/data/containers/hdds of  storage type : DISK and capacity : 1482555576320
2019-09-12 11:35:36,027 [Thread-540] INFO  volume.VolumeSet (VolumeSet.java:initializeVolumeSet(170)) - Added Volume : /workdir/hadoop-ozone/ozonefs/target/test-dir/MiniOzoneClusterImpl-eef5df77-1b8f-4c52-a6bc-dd98b83f7990/datanode-1/data/containers/hdds to VolumeSet
2019-09-12 11:35:36,027 [Thread-540] INFO  volume.ThrottledAsyncChecker (ThrottledAsyncChecker.java:schedule(140)) - Scheduling a check for org.apache.hadoop.ozone.container.common.volume.HddsVolume@5e1ccd51
2019-09-12 11:35:36,028 [Thread-540] INFO  volume.HddsVolumeChecker (HddsVolumeChecker.java:checkAllVolumes(203)) - Scheduled health check for volume org.apache.hadoop.ozone.container.common.volume.HddsVolume@5e1ccd51
2019-09-12 11:35:36,051 [Thread-540] INFO  impl.RaftServerProxy (ConfUtils.java:logGet(43)) - raft.rpc.type = GRPC (default)
2019-09-12 11:35:36,052 [Thread-540] INFO  grpc.GrpcFactory (GrpcFactory.java:checkPooledByteBufAllocatorUseCacheForAllThreads(45)) - PERFORMANCE WARNING: useCacheForAllThreads is true that may cause Netty to create a lot garbage objects and, as a result, trigger GC.
	It is recommended to disable useCacheForAllThreads by setting -Dorg.apache.ratis.thirdparty.io.netty.allocator.useCacheForAllThreads=false in command line.
2019-09-12 11:35:36,052 [Thread-540] INFO  grpc.GrpcConfigKeys$Server (ConfUtils.java:logGet(43)) - raft.grpc.server.port = 0 (default)
2019-09-12 11:35:36,052 [Thread-540] INFO  server.GrpcService (ConfUtils.java:logGet(43)) - raft.grpc.message.size.max = 33570816 (custom)
2019-09-12 11:35:36,052 [Thread-540] INFO  server.RaftServerConfigKeys (ConfUtils.java:logGet(43)) - raft.server.log.appender.buffer.byte-limit = 33554432 (custom)
2019-09-12 11:35:36,053 [Thread-540] INFO  server.GrpcService (ConfUtils.java:logGet(43)) - raft.grpc.flow.control.window = 1MB (=1048576) (default)
2019-09-12 11:35:36,053 [Thread-540] INFO  server.RaftServerConfigKeys (ConfUtils.java:logGet(43)) - raft.server.rpc.request.timeout = 3000ms (default)
2019-09-12 11:35:36,053 [Thread-540] INFO  server.RaftServerConfigKeys (ConfUtils.java:logGet(43)) - raft.server.storage.dir = [/workdir/hadoop-ozone/ozonefs/target/test-dir/MiniOzoneClusterImpl-eef5df77-1b8f-4c52-a6bc-dd98b83f7990/datanode-1/data/ratis] (custom)
2019-09-12 11:35:36,054 [Thread-540] INFO  replication.SimpleContainerDownloader (SimpleContainerDownloader.java:<init>(72)) - Starting container downloader service to copy containers to replicate.
2019-09-12 11:35:36,055 [Thread-540] INFO  hdfs.DFSUtil (DFSUtil.java:httpServerTemplateForNNAndJN(1641)) - Starting Web-server for hddsDatanode at: http://0.0.0.0:0
2019-09-12 11:35:36,058 [Thread-540] INFO  server.AuthenticationFilter (AuthenticationFilter.java:constructSecretProvider(240)) - Unable to initialize FileSignerSecretProvider, falling back to use random secrets.
2019-09-12 11:35:36,058 [Thread-540] WARN  http.HttpRequestLog (HttpRequestLog.java:getRequestLog(97)) - Jetty request log can only be enabled using Log4j
2019-09-12 11:35:36,061 [Thread-540] INFO  http.HttpServer2 (HttpServer2.java:addGlobalFilter(975)) - Added global filter 'safety' (class=org.apache.hadoop.http.HttpServer2$QuotingInputFilter)
2019-09-12 11:35:36,062 [Thread-540] INFO  http.HttpServer2 (HttpServer2.java:addFilter(948)) - Added filter static_user_filter (class=org.apache.hadoop.http.lib.StaticUserWebFilter$StaticUserFilter) to context hddsDatanode
2019-09-12 11:35:36,063 [Thread-540] INFO  http.HttpServer2 (HttpServer2.java:addFilter(958)) - Added filter static_user_filter (class=org.apache.hadoop.http.lib.StaticUserWebFilter$StaticUserFilter) to context static
2019-09-12 11:35:36,063 [Thread-540] INFO  http.HttpServer2 (HttpServer2.java:addFilter(958)) - Added filter static_user_filter (class=org.apache.hadoop.http.lib.StaticUserWebFilter$StaticUserFilter) to context logs
2019-09-12 11:35:36,064 [Thread-540] INFO  http.HttpServer2 (HttpServer2.java:bindListener(1191)) - Jetty bound to port 34767
2019-09-12 11:35:36,064 [Thread-540] INFO  server.Server (Server.java:doStart(351)) - jetty-9.3.24.v20180605, build timestamp: 2018-06-05T17:11:56Z, git hash: 84205aa28f11a4f31f2a3b86d1bba2cc8ab69827
2019-09-12 11:35:36,067 [Thread-540] INFO  handler.ContextHandler (ContextHandler.java:doStart(781)) - Started o.e.j.s.ServletContextHandler@2c88283{/logs,file:///workdir/hadoop-ozone/ozonefs/target/log,AVAILABLE}
2019-09-12 11:35:36,067 [Thread-540] INFO  handler.ContextHandler (ContextHandler.java:doStart(781)) - Started o.e.j.s.ServletContextHandler@60f6240e{/static,jar:file:/home/user/.m2/repository/org/apache/hadoop/hadoop-hdds-container-service/0.5.0-SNAPSHOT/hadoop-hdds-container-service-0.5.0-SNAPSHOT.jar!/webapps/static,AVAILABLE}
2019-09-12 11:35:36,112 [Thread-540] INFO  handler.ContextHandler (ContextHandler.java:doStart(781)) - Started o.e.j.w.WebAppContext@723f1f8b{/,file:///tmp/jetty-0.0.0.0-34767-hddsDatanode-_-any-2883878468323845712.dir/webapp/,AVAILABLE}{/hddsDatanode}
2019-09-12 11:35:36,113 [Thread-540] INFO  server.AbstractConnector (AbstractConnector.java:doStart(278)) - Started ServerConnector@1b10bd59{HTTP/1.1,[http/1.1]}{0.0.0.0:34767}
2019-09-12 11:35:36,114 [Thread-540] INFO  server.Server (Server.java:doStart(419)) - Started @43182ms
2019-09-12 11:35:36,115 [Thread-540] INFO  server.BaseHttpServer (BaseHttpServer.java:updateConnectorAddress(213)) - HTTP server of HDDSDATANODE is listening at http://0.0.0.0:34767
2019-09-12 11:35:36,265 | INFO  | ObjectStoreRestHttpServer | Listening HDDS REST traffic on /0.0.0.0:44253 |  
2019-09-12 11:35:36,265 [Thread-540] INFO  ozone.HddsDatanodeService (HddsDatanodeService.java:startPlugins(395)) - Started plug-in org.apache.hadoop.ozone.web.OzoneHddsDatanodeService@5b3c1cd5
2019-09-12 11:35:36,265 [Thread-540] INFO  impl.MetricsSystemImpl (MetricsSystemImpl.java:init(158)) - HddsDatanode metrics system started (again)
2019-09-12 11:35:36,270 [org.apache.hadoop.util.JvmPauseMonitor$Monitor@756950e5] INFO  util.JvmPauseMonitor (JvmPauseMonitor.java:run(188)) - Starting JVM pause monitor
2019-09-12 11:35:36,270 [Thread-540] INFO  ozone.HddsDatanodeService (HddsDatanodeService.java:start(184)) - HddsDatanodeService host:pr-hdds-1569-58hkm-1881083799 ip:192.168.36.114
2019-09-12 11:35:36,272 [Datanode State Machine Thread - 0] INFO  datanode.InitDatanodeState (InitDatanodeState.java:persistContainerDatanodeDetails(140)) - DatanodeDetails is persisted to /workdir/hadoop-ozone/ozonefs/target/test-dir/MiniOzoneClusterImpl-eef5df77-1b8f-4c52-a6bc-dd98b83f7990/datanode-1/meta/datanode.id
2019-09-12 11:35:36,277 [Thread-540] INFO  volume.HddsVolume (HddsVolume.java:<init>(176)) - Creating Volume: /workdir/hadoop-ozone/ozonefs/target/test-dir/MiniOzoneClusterImpl-eef5df77-1b8f-4c52-a6bc-dd98b83f7990/datanode-2/data/containers/hdds of  storage type : DISK and capacity : 1482555576320
2019-09-12 11:35:36,277 [Thread-540] INFO  volume.VolumeSet (VolumeSet.java:initializeVolumeSet(170)) - Added Volume : /workdir/hadoop-ozone/ozonefs/target/test-dir/MiniOzoneClusterImpl-eef5df77-1b8f-4c52-a6bc-dd98b83f7990/datanode-2/data/containers/hdds to VolumeSet
2019-09-12 11:35:36,277 [Thread-540] INFO  volume.ThrottledAsyncChecker (ThrottledAsyncChecker.java:schedule(140)) - Scheduling a check for org.apache.hadoop.ozone.container.common.volume.HddsVolume@48672d19
2019-09-12 11:35:36,277 [Thread-540] INFO  volume.HddsVolumeChecker (HddsVolumeChecker.java:checkAllVolumes(203)) - Scheduled health check for volume org.apache.hadoop.ozone.container.common.volume.HddsVolume@48672d19
2019-09-12 11:35:36,298 [Thread-540] INFO  impl.RaftServerProxy (ConfUtils.java:logGet(43)) - raft.rpc.type = GRPC (default)
2019-09-12 11:35:36,298 [Thread-540] INFO  grpc.GrpcFactory (GrpcFactory.java:checkPooledByteBufAllocatorUseCacheForAllThreads(45)) - PERFORMANCE WARNING: useCacheForAllThreads is true that may cause Netty to create a lot garbage objects and, as a result, trigger GC.
	It is recommended to disable useCacheForAllThreads by setting -Dorg.apache.ratis.thirdparty.io.netty.allocator.useCacheForAllThreads=false in command line.
2019-09-12 11:35:36,298 [Thread-540] INFO  grpc.GrpcConfigKeys$Server (ConfUtils.java:logGet(43)) - raft.grpc.server.port = 0 (default)
2019-09-12 11:35:36,299 [Thread-540] INFO  server.GrpcService (ConfUtils.java:logGet(43)) - raft.grpc.message.size.max = 33570816 (custom)
2019-09-12 11:35:36,299 [Thread-540] INFO  server.RaftServerConfigKeys (ConfUtils.java:logGet(43)) - raft.server.log.appender.buffer.byte-limit = 33554432 (custom)
2019-09-12 11:35:36,299 [Thread-540] INFO  server.GrpcService (ConfUtils.java:logGet(43)) - raft.grpc.flow.control.window = 1MB (=1048576) (default)
2019-09-12 11:35:36,299 [Thread-540] INFO  server.RaftServerConfigKeys (ConfUtils.java:logGet(43)) - raft.server.rpc.request.timeout = 3000ms (default)
2019-09-12 11:35:36,299 [Thread-540] INFO  server.RaftServerConfigKeys (ConfUtils.java:logGet(43)) - raft.server.storage.dir = [/workdir/hadoop-ozone/ozonefs/target/test-dir/MiniOzoneClusterImpl-eef5df77-1b8f-4c52-a6bc-dd98b83f7990/datanode-2/data/ratis] (custom)
2019-09-12 11:35:36,300 [Thread-540] INFO  replication.SimpleContainerDownloader (SimpleContainerDownloader.java:<init>(72)) - Starting container downloader service to copy containers to replicate.
2019-09-12 11:35:36,301 [Thread-540] INFO  hdfs.DFSUtil (DFSUtil.java:httpServerTemplateForNNAndJN(1641)) - Starting Web-server for hddsDatanode at: http://0.0.0.0:0
2019-09-12 11:35:36,303 [Thread-540] INFO  server.AuthenticationFilter (AuthenticationFilter.java:constructSecretProvider(240)) - Unable to initialize FileSignerSecretProvider, falling back to use random secrets.
2019-09-12 11:35:36,303 [Thread-540] WARN  http.HttpRequestLog (HttpRequestLog.java:getRequestLog(97)) - Jetty request log can only be enabled using Log4j
2019-09-12 11:35:36,305 [Thread-540] INFO  http.HttpServer2 (HttpServer2.java:addGlobalFilter(975)) - Added global filter 'safety' (class=org.apache.hadoop.http.HttpServer2$QuotingInputFilter)
2019-09-12 11:35:36,306 [Thread-540] INFO  http.HttpServer2 (HttpServer2.java:addFilter(948)) - Added filter static_user_filter (class=org.apache.hadoop.http.lib.StaticUserWebFilter$StaticUserFilter) to context hddsDatanode
2019-09-12 11:35:36,306 [Thread-540] INFO  http.HttpServer2 (HttpServer2.java:addFilter(958)) - Added filter static_user_filter (class=org.apache.hadoop.http.lib.StaticUserWebFilter$StaticUserFilter) to context logs
2019-09-12 11:35:36,306 [Thread-540] INFO  http.HttpServer2 (HttpServer2.java:addFilter(958)) - Added filter static_user_filter (class=org.apache.hadoop.http.lib.StaticUserWebFilter$StaticUserFilter) to context static
2019-09-12 11:35:36,307 [Thread-540] INFO  http.HttpServer2 (HttpServer2.java:bindListener(1191)) - Jetty bound to port 34141
2019-09-12 11:35:36,307 [Thread-540] INFO  server.Server (Server.java:doStart(351)) - jetty-9.3.24.v20180605, build timestamp: 2018-06-05T17:11:56Z, git hash: 84205aa28f11a4f31f2a3b86d1bba2cc8ab69827
2019-09-12 11:35:36,308 [Thread-540] INFO  handler.ContextHandler (ContextHandler.java:doStart(781)) - Started o.e.j.s.ServletContextHandler@4c39ff50{/logs,file:///workdir/hadoop-ozone/ozonefs/target/log,AVAILABLE}
2019-09-12 11:35:36,309 [Thread-540] INFO  handler.ContextHandler (ContextHandler.java:doStart(781)) - Started o.e.j.s.ServletContextHandler@20a7f4ad{/static,jar:file:/home/user/.m2/repository/org/apache/hadoop/hadoop-hdds-container-service/0.5.0-SNAPSHOT/hadoop-hdds-container-service-0.5.0-SNAPSHOT.jar!/webapps/static,AVAILABLE}
2019-09-12 11:35:36,336 [Thread-540] INFO  handler.ContextHandler (ContextHandler.java:doStart(781)) - Started o.e.j.w.WebAppContext@2fc5f1ff{/,file:///tmp/jetty-0.0.0.0-34141-hddsDatanode-_-any-8371770858104869251.dir/webapp/,AVAILABLE}{/hddsDatanode}
2019-09-12 11:35:36,336 [Thread-540] INFO  server.AbstractConnector (AbstractConnector.java:doStart(278)) - Started ServerConnector@b826317{HTTP/1.1,[http/1.1]}{0.0.0.0:34141}
2019-09-12 11:35:36,338 [Thread-540] INFO  server.Server (Server.java:doStart(419)) - Started @43406ms
2019-09-12 11:35:36,339 [Thread-540] INFO  server.BaseHttpServer (BaseHttpServer.java:updateConnectorAddress(213)) - HTTP server of HDDSDATANODE is listening at http://0.0.0.0:34141
2019-09-12 11:35:36,478 | INFO  | ObjectStoreRestHttpServer | Listening HDDS REST traffic on /0.0.0.0:46670 |  
2019-09-12 11:35:36,478 [Thread-540] INFO  ozone.HddsDatanodeService (HddsDatanodeService.java:startPlugins(395)) - Started plug-in org.apache.hadoop.ozone.web.OzoneHddsDatanodeService@19153814
2019-09-12 11:35:36,478 [Thread-540] INFO  ozone.MiniOzoneClusterImpl (MiniOzoneClusterImpl.java:lambda$waitForClusterToBeReady$0(142)) - Waiting for cluster to be ready. Got 0 of 3 DN Heartbeats.
2019-09-12 11:35:36,480 [org.apache.hadoop.util.JvmPauseMonitor$Monitor@1e120201] INFO  util.JvmPauseMonitor (JvmPauseMonitor.java:run(188)) - Starting JVM pause monitor
2019-09-12 11:35:36,482 [Datanode State Machine Thread - 0] INFO  datanode.InitDatanodeState (InitDatanodeState.java:persistContainerDatanodeDetails(140)) - DatanodeDetails is persisted to /workdir/hadoop-ozone/ozonefs/target/test-dir/MiniOzoneClusterImpl-eef5df77-1b8f-4c52-a6bc-dd98b83f7990/datanode-2/meta/datanode.id
2019-09-12 11:35:37,479 [Thread-540] INFO  ozone.MiniOzoneClusterImpl (MiniOzoneClusterImpl.java:lambda$waitForClusterToBeReady$0(142)) - Waiting for cluster to be ready. Got 0 of 3 DN Heartbeats.
2019-09-12 11:35:38,024 | INFO  | SCMAudit | user=jenkins1000 | ip=192.168.36.114 | op=GET_VERSION null | ret=SUCCESS |  
2019-09-12 11:35:38,040 [Datanode State Machine Thread - 0] INFO  ozoneimpl.OzoneContainer (OzoneContainer.java:start(186)) - Attempting to start container services.
2019-09-12 11:35:38,040 [Datanode State Machine Thread - 0] INFO  ozoneimpl.OzoneContainer (OzoneContainer.java:startContainerScrub(160)) - Background container scrubber has been disabled by hdds.containerscrub.enabled
2019-09-12 11:35:38,040 [Datanode State Machine Thread - 0] INFO  ratis.XceiverServerRatis (XceiverServerRatis.java:start(404)) - Starting XceiverServerRatis 68babcc3-18e0-4d97-99ff-fca6904ee00c at port 0
2019-09-12 11:35:38,046 [Datanode State Machine Thread - 0] INFO  impl.RaftServerProxy (RaftServerProxy.java:lambda$start$3(299)) - 68babcc3-18e0-4d97-99ff-fca6904ee00c: start RPC server
2019-09-12 11:35:38,048 [Datanode State Machine Thread - 0] INFO  server.GrpcService (GrpcService.java:startImpl(149)) - 68babcc3-18e0-4d97-99ff-fca6904ee00c: GrpcService started, listening on 0.0.0.0/0.0.0.0:43875
2019-09-12 11:35:38,048 [Datanode State Machine Thread - 0] INFO  ratis.XceiverServerRatis (XceiverServerRatis.java:start(414)) - XceiverServerRatis 68babcc3-18e0-4d97-99ff-fca6904ee00c is started using port 43875
2019-09-12 11:35:38,049 [Datanode State Machine Thread - 0] INFO  server.XceiverServerGrpc (XceiverServerGrpc.java:start(163)) - XceiverServerGrpc 68babcc3-18e0-4d97-99ff-fca6904ee00c is started using port 34156
2019-09-12 11:35:38,271 | INFO  | SCMAudit | user=jenkins1000 | ip=192.168.36.114 | op=GET_VERSION null | ret=SUCCESS |  
2019-09-12 11:35:38,286 [Datanode State Machine Thread - 0] INFO  ozoneimpl.OzoneContainer (OzoneContainer.java:start(186)) - Attempting to start container services.
2019-09-12 11:35:38,286 [Datanode State Machine Thread - 0] INFO  ozoneimpl.OzoneContainer (OzoneContainer.java:startContainerScrub(160)) - Background container scrubber has been disabled by hdds.containerscrub.enabled
2019-09-12 11:35:38,286 [Datanode State Machine Thread - 0] INFO  ratis.XceiverServerRatis (XceiverServerRatis.java:start(404)) - Starting XceiverServerRatis 3a95b4ad-2c75-4701-886b-3e35cc487dd8 at port 0
2019-09-12 11:35:38,292 [Datanode State Machine Thread - 0] INFO  impl.RaftServerProxy (RaftServerProxy.java:lambda$start$3(299)) - 3a95b4ad-2c75-4701-886b-3e35cc487dd8: start RPC server
2019-09-12 11:35:38,295 [Datanode State Machine Thread - 0] INFO  server.GrpcService (GrpcService.java:startImpl(149)) - 3a95b4ad-2c75-4701-886b-3e35cc487dd8: GrpcService started, listening on 0.0.0.0/0.0.0.0:41482
2019-09-12 11:35:38,295 [Datanode State Machine Thread - 0] INFO  ratis.XceiverServerRatis (XceiverServerRatis.java:start(414)) - XceiverServerRatis 3a95b4ad-2c75-4701-886b-3e35cc487dd8 is started using port 41482
2019-09-12 11:35:38,297 [Datanode State Machine Thread - 0] INFO  server.XceiverServerGrpc (XceiverServerGrpc.java:start(163)) - XceiverServerGrpc 3a95b4ad-2c75-4701-886b-3e35cc487dd8 is started using port 38747
2019-09-12 11:35:38,479 [Thread-540] INFO  ozone.MiniOzoneClusterImpl (MiniOzoneClusterImpl.java:lambda$waitForClusterToBeReady$0(142)) - Waiting for cluster to be ready. Got 0 of 3 DN Heartbeats.
2019-09-12 11:35:38,481 | INFO  | SCMAudit | user=jenkins1000 | ip=192.168.36.114 | op=GET_VERSION null | ret=SUCCESS |  
2019-09-12 11:35:38,505 [Datanode State Machine Thread - 0] INFO  ozoneimpl.OzoneContainer (OzoneContainer.java:start(186)) - Attempting to start container services.
2019-09-12 11:35:38,505 [Datanode State Machine Thread - 0] INFO  ozoneimpl.OzoneContainer (OzoneContainer.java:startContainerScrub(160)) - Background container scrubber has been disabled by hdds.containerscrub.enabled
2019-09-12 11:35:38,505 [Datanode State Machine Thread - 0] INFO  ratis.XceiverServerRatis (XceiverServerRatis.java:start(404)) - Starting XceiverServerRatis b3c7b149-240e-4b69-a097-dee5cbed4f61 at port 0
2019-09-12 11:35:38,512 [Datanode State Machine Thread - 0] INFO  impl.RaftServerProxy (RaftServerProxy.java:lambda$start$3(299)) - b3c7b149-240e-4b69-a097-dee5cbed4f61: start RPC server
2019-09-12 11:35:38,513 [Datanode State Machine Thread - 0] INFO  server.GrpcService (GrpcService.java:startImpl(149)) - b3c7b149-240e-4b69-a097-dee5cbed4f61: GrpcService started, listening on 0.0.0.0/0.0.0.0:40870
2019-09-12 11:35:38,514 [Datanode State Machine Thread - 0] INFO  ratis.XceiverServerRatis (XceiverServerRatis.java:start(414)) - XceiverServerRatis b3c7b149-240e-4b69-a097-dee5cbed4f61 is started using port 40870
2019-09-12 11:35:38,519 [Datanode State Machine Thread - 0] INFO  server.XceiverServerGrpc (XceiverServerGrpc.java:start(163)) - XceiverServerGrpc b3c7b149-240e-4b69-a097-dee5cbed4f61 is started using port 43525
2019-09-12 11:35:39,480 [Thread-540] INFO  ozone.MiniOzoneClusterImpl (MiniOzoneClusterImpl.java:lambda$waitForClusterToBeReady$0(142)) - Waiting for cluster to be ready. Got 0 of 3 DN Heartbeats.
2019-09-12 11:35:40,025 [IPC Server handler 3 on 37503] INFO  net.NetworkTopology (NetworkTopologyImpl.java:add(110)) - Added a new node: /default-rack/68babcc3-18e0-4d97-99ff-fca6904ee00c
2019-09-12 11:35:40,027 [IPC Server handler 3 on 37503] INFO  node.SCMNodeManager (SCMNodeManager.java:register(273)) - Registered Data node : 68babcc3-18e0-4d97-99ff-fca6904ee00c{ip: 192.168.36.114, host: pr-hdds-1569-58hkm-1881083799, networkLocation: /default-rack, certSerialId: null}
2019-09-12 11:35:40,028 [EventQueue-NodeRegistrationContainerReportForDataNodeSafeModeRule] INFO  safemode.SCMSafeModeManager (DataNodeSafeModeRule.java:process(71)) - SCM in safe mode. 1 DataNodes registered, 1 required.
2019-09-12 11:35:40,030 [EventQueue-NodeRegistrationContainerReportForDataNodeSafeModeRule] INFO  safemode.SCMSafeModeManager (SCMSafeModeManager.java:validateSafeModeExitRules(177)) - ScmSafeModeManager, all rules are successfully validated
2019-09-12 11:35:40,030 [EventQueue-NodeRegistrationContainerReportForDataNodeSafeModeRule] INFO  safemode.SCMSafeModeManager (SCMSafeModeManager.java:exitSafeMode(193)) - SCM exiting safe mode.
2019-09-12 11:35:40,030 | INFO  | SCMAudit | user=jenkins1000 | ip=192.168.36.114 | op=REGISTER {datanodeDetails=68babcc3-18e0-4d97-99ff-fca6904ee00c{ip: 192.168.36.114, host: pr-hdds-1569-58hkm-1881083799, networkLocation: /default-rack, certSerialId: null}} | ret=SUCCESS |  
2019-09-12 11:35:40,050 [grpc-default-executor-0] INFO  impl.RaftServerProxy (RaftServerProxy.java:addNew(89)) - 68babcc3-18e0-4d97-99ff-fca6904ee00c: addNew group-20D1D0B8C7D4:[68babcc3-18e0-4d97-99ff-fca6904ee00c:192.168.36.114:43875] returns group-20D1D0B8C7D4:java.util.concurrent.CompletableFuture@74aab8c3[Not completed]
2019-09-12 11:35:40,051 [pool-133-thread-1] INFO  impl.RaftServerImpl (RaftServerImpl.java:<init>(93)) - 68babcc3-18e0-4d97-99ff-fca6904ee00c: new RaftServerImpl for group-20D1D0B8C7D4:[68babcc3-18e0-4d97-99ff-fca6904ee00c:192.168.36.114:43875] with ContainerStateMachine:uninitialized
2019-09-12 11:35:40,052 [pool-133-thread-1] INFO  server.RaftServerConfigKeys (ConfUtils.java:logGet(43)) - raft.server.rpc.timeout.min = 5s (custom)
2019-09-12 11:35:40,052 [pool-133-thread-1] INFO  server.RaftServerConfigKeys (ConfUtils.java:logGet(43)) - raft.server.rpc.timeout.max = 5200ms (custom)
2019-09-12 11:35:40,052 [pool-133-thread-1] INFO  server.RaftServerConfigKeys (ConfUtils.java:logGet(43)) - raft.server.rpcslowness.timeout = 120s (custom)
2019-09-12 11:35:40,052 [pool-133-thread-1] INFO  server.RaftServerConfigKeys (ConfUtils.java:logGet(43)) - raft.server.sleep.deviation.threshold = 300 (default)
2019-09-12 11:35:40,052 [pool-133-thread-1] INFO  server.RaftServerConfigKeys (ConfUtils.java:logGet(43)) - raft.server.log.appender.install.snapshot.enabled = false (custom)
2019-09-12 11:35:40,053 [pool-133-thread-1] INFO  impl.RaftServerImpl (ServerState.java:<init>(105)) - 68babcc3-18e0-4d97-99ff-fca6904ee00c:group-20D1D0B8C7D4 ConfigurationManager, init=-1: [68babcc3-18e0-4d97-99ff-fca6904ee00c:192.168.36.114:43875], old=null, confs=<EMPTY_MAP>
2019-09-12 11:35:40,053 [pool-133-thread-1] INFO  server.RaftServerConfigKeys (ConfUtils.java:logGet(43)) - raft.server.storage.dir = [/workdir/hadoop-ozone/ozonefs/target/test-dir/MiniOzoneClusterImpl-eef5df77-1b8f-4c52-a6bc-dd98b83f7990/datanode-0/data/ratis] (custom)
2019-09-12 11:35:40,053 [pool-133-thread-1] INFO  storage.RaftStorageDirectory (RaftStorageDirectory.java:analyzeStorage(246)) - The storage directory /workdir/hadoop-ozone/ozonefs/target/test-dir/MiniOzoneClusterImpl-eef5df77-1b8f-4c52-a6bc-dd98b83f7990/datanode-0/data/ratis/ceb35cb9-967d-426e-b141-20d1d0b8c7d4 does not exist. Creating ...
2019-09-12 11:35:40,067 [pool-133-thread-1] INFO  storage.RaftStorageDirectory (RaftStorageDirectory.java:tryLock(328)) - Lock on /workdir/hadoop-ozone/ozonefs/target/test-dir/MiniOzoneClusterImpl-eef5df77-1b8f-4c52-a6bc-dd98b83f7990/datanode-0/data/ratis/ceb35cb9-967d-426e-b141-20d1d0b8c7d4/in_use.lock acquired by nodename 26908@pr-hdds-1569-58hkm-1881083799
2019-09-12 11:35:40,079 [pool-133-thread-1] INFO  storage.RaftStorage (RaftStorage.java:format(72)) - Storage directory /workdir/hadoop-ozone/ozonefs/target/test-dir/MiniOzoneClusterImpl-eef5df77-1b8f-4c52-a6bc-dd98b83f7990/datanode-0/data/ratis/ceb35cb9-967d-426e-b141-20d1d0b8c7d4 has been successfully formatted.
2019-09-12 11:35:40,080 [pool-133-thread-1] INFO  ratis.ContainerStateMachine (ContainerStateMachine.java:loadSnapshot(226)) - group-20D1D0B8C7D4: The snapshot info is null. Setting the last applied indexto:(t:0, i:~)
2019-09-12 11:35:40,080 [pool-133-thread-1] INFO  server.RaftServerConfigKeys (ConfUtils.java:logGet(43)) - raft.server.leader.election.timeout = 120s (custom)
2019-09-12 11:35:40,080 [pool-133-thread-1] INFO  server.RaftServerConfigKeys (ConfUtils.java:logGet(43)) - raft.server.log.use.memory = false (default)
2019-09-12 11:35:40,080 [pool-133-thread-1] INFO  server.RaftServerConfigKeys (ConfUtils.java:logGet(43)) - raft.server.log.purge.gap = 1000000 (custom)
2019-09-12 11:35:40,080 [pool-133-thread-1] INFO  server.RaftServerConfigKeys (ConfUtils.java:logGet(43)) - raft.server.log.appender.buffer.byte-limit = 33554432 (custom)
2019-09-12 11:35:40,081 [pool-133-thread-1] INFO  server.RaftServerConfigKeys (ConfUtils.java:logGet(43)) - raft.server.log.segment.size.max = 1048576 (custom)
2019-09-12 11:35:40,081 [pool-133-thread-1] INFO  server.RaftServerConfigKeys (ConfUtils.java:logGet(43)) - raft.server.log.segment.cache.num.max = 2 (custom)
2019-09-12 11:35:40,081 [pool-133-thread-1] INFO  segmented.SegmentedRaftLogWorker (SegmentedRaftLogWorker.java:<init>(172)) - new 68babcc3-18e0-4d97-99ff-fca6904ee00c-SegmentedRaftLogWorker:Storage Directory /workdir/hadoop-ozone/ozonefs/target/test-dir/MiniOzoneClusterImpl-eef5df77-1b8f-4c52-a6bc-dd98b83f7990/datanode-0/data/ratis/ceb35cb9-967d-426e-b141-20d1d0b8c7d4 for RaftStorage:Storage Directory /workdir/hadoop-ozone/ozonefs/target/test-dir/MiniOzoneClusterImpl-eef5df77-1b8f-4c52-a6bc-dd98b83f7990/datanode-0/data/ratis/ceb35cb9-967d-426e-b141-20d1d0b8c7d4
2019-09-12 11:35:40,081 [pool-133-thread-1] INFO  server.RaftServerConfigKeys (ConfUtils.java:logGet(43)) - raft.server.log.queue.byte-limit = 2147483647 (custom)
2019-09-12 11:35:40,081 [pool-133-thread-1] INFO  server.RaftServerConfigKeys (ConfUtils.java:logGet(43)) - raft.server.log.queue.element-limit = 1024 (custom)
2019-09-12 11:35:40,082 [pool-133-thread-1] INFO  server.RaftServerConfigKeys (ConfUtils.java:logGet(43)) - raft.server.log.segment.size.max = 1048576 (custom)
2019-09-12 11:35:40,082 [pool-133-thread-1] INFO  server.RaftServerConfigKeys (ConfUtils.java:logGet(43)) - raft.server.log.preallocated.size = 16384 (custom)
2019-09-12 11:35:40,082 [pool-133-thread-1] INFO  server.RaftServerConfigKeys (ConfUtils.java:logGet(43)) - raft.server.log.write.buffer.size = 33554432 (custom)
2019-09-12 11:35:40,082 [pool-133-thread-1] INFO  server.RaftServerConfigKeys (ConfUtils.java:logGet(43)) - raft.server.log.force.sync.num = 128 (default)
2019-09-12 11:35:40,083 [pool-133-thread-1] INFO  server.RaftServerConfigKeys (ConfUtils.java:logGet(43)) - raft.server.log.statemachine.data.sync = true (default)
2019-09-12 11:35:40,083 [pool-133-thread-1] INFO  server.RaftServerConfigKeys (ConfUtils.java:logGet(43)) - raft.server.log.statemachine.data.sync.timeout = 10s (default)
2019-09-12 11:35:40,083 [pool-133-thread-1] INFO  server.RaftServerConfigKeys (ConfUtils.java:logGet(43)) - raft.server.log.statemachine.data.sync.timeout.retry = -1 (default)
2019-09-12 11:35:40,083 [pool-133-thread-1] INFO  server.RaftServerConfigKeys (ConfUtils.java:logGet(43)) - raft.server.log.statemachine.data.caching.enabled = true (custom)
2019-09-12 11:35:40,084 [pool-133-thread-1] INFO  segmented.SegmentedRaftLogWorker (SegmentedRaftLogWorker.java:lambda$new$0(132)) - 68babcc3-18e0-4d97-99ff-fca6904ee00c-SegmentedRaftLogWorker:Storage Directory /workdir/hadoop-ozone/ozonefs/target/test-dir/MiniOzoneClusterImpl-eef5df77-1b8f-4c52-a6bc-dd98b83f7990/datanode-0/data/ratis/ceb35cb9-967d-426e-b141-20d1d0b8c7d4: flushIndex: setUnconditionally 0 -> -1
2019-09-12 11:35:40,084 [pool-133-thread-1] INFO  server.RaftServerConfigKeys (ConfUtils.java:logGet(43)) - raft.server.snapshot.auto.trigger.enabled = true (custom)
2019-09-12 11:35:40,084 [pool-133-thread-1] INFO  server.RaftServerConfigKeys (ConfUtils.java:logGet(43)) - raft.server.snapshot.auto.trigger.threshold = 10000 (custom)
2019-09-12 11:35:40,085 [pool-133-thread-1] INFO  server.RaftServerConfigKeys (ConfUtils.java:logGet(43)) - raft.server.retrycache.expirytime = 600000ms (custom)
2019-09-12 11:35:40,085 [pool-133-thread-1] INFO  impl.RaftServerImpl (RaftServerImpl.java:start(180)) - 68babcc3-18e0-4d97-99ff-fca6904ee00c: start group-20D1D0B8C7D4
2019-09-12 11:35:40,085 [pool-133-thread-1] INFO  impl.RaftServerImpl (RaftServerImpl.java:setRole(171)) - 68babcc3-18e0-4d97-99ff-fca6904ee00c:group-20D1D0B8C7D4 changes role from null to FOLLOWER at term 0 for startAsFollower
2019-09-12 11:35:40,085 [pool-133-thread-1] INFO  impl.RoleInfo (RoleInfo.java:updateAndGet(143)) - 68babcc3-18e0-4d97-99ff-fca6904ee00c: start FollowerState
2019-09-12 11:35:40,087 [pool-133-thread-1] INFO  util.JmxRegister (JmxRegister.java:tryRegister(44)) - Successfully registered JMX Bean with object name Ratis:service=RaftServer,group=group-20D1D0B8C7D4,id=68babcc3-18e0-4d97-99ff-fca6904ee00c
2019-09-12 11:35:40,093 [RatisPipelineUtilsThread] INFO  pipeline.PipelineStateManager (PipelineStateManager.java:addPipeline(56)) - Created pipeline Pipeline[ Id: ceb35cb9-967d-426e-b141-20d1d0b8c7d4, Nodes: 68babcc3-18e0-4d97-99ff-fca6904ee00c{ip: 192.168.36.114, host: pr-hdds-1569-58hkm-1881083799, networkLocation: /default-rack, certSerialId: null}, Type:RATIS, Factor:ONE, State:OPEN]
2019-09-12 11:35:40,103 [grpc-default-executor-0] INFO  impl.RaftServerProxy (RaftServerProxy.java:addNew(89)) - 68babcc3-18e0-4d97-99ff-fca6904ee00c: addNew group-23D24C3B209C:[68babcc3-18e0-4d97-99ff-fca6904ee00c:192.168.36.114:43875] returns group-23D24C3B209C:java.util.concurrent.CompletableFuture@459409d6[Not completed]
2019-09-12 11:35:40,104 [pool-133-thread-1] INFO  impl.RaftServerImpl (RaftServerImpl.java:<init>(93)) - 68babcc3-18e0-4d97-99ff-fca6904ee00c: new RaftServerImpl for group-23D24C3B209C:[68babcc3-18e0-4d97-99ff-fca6904ee00c:192.168.36.114:43875] with ContainerStateMachine:uninitialized
2019-09-12 11:35:40,104 [pool-133-thread-1] INFO  server.RaftServerConfigKeys (ConfUtils.java:logGet(43)) - raft.server.rpc.timeout.min = 5s (custom)
2019-09-12 11:35:40,105 [pool-133-thread-1] INFO  server.RaftServerConfigKeys (ConfUtils.java:logGet(43)) - raft.server.rpc.timeout.max = 5200ms (custom)
2019-09-12 11:35:40,105 [pool-133-thread-1] INFO  server.RaftServerConfigKeys (ConfUtils.java:logGet(43)) - raft.server.rpcslowness.timeout = 120s (custom)
2019-09-12 11:35:40,105 [pool-133-thread-1] INFO  server.RaftServerConfigKeys (ConfUtils.java:logGet(43)) - raft.server.sleep.deviation.threshold = 300 (default)
2019-09-12 11:35:40,105 [pool-133-thread-1] INFO  server.RaftServerConfigKeys (ConfUtils.java:logGet(43)) - raft.server.log.appender.install.snapshot.enabled = false (custom)
2019-09-12 11:35:40,105 [pool-133-thread-1] INFO  impl.RaftServerImpl (ServerState.java:<init>(105)) - 68babcc3-18e0-4d97-99ff-fca6904ee00c:group-23D24C3B209C ConfigurationManager, init=-1: [68babcc3-18e0-4d97-99ff-fca6904ee00c:192.168.36.114:43875], old=null, confs=<EMPTY_MAP>
2019-09-12 11:35:40,105 [pool-133-thread-1] INFO  server.RaftServerConfigKeys (ConfUtils.java:logGet(43)) - raft.server.storage.dir = [/workdir/hadoop-ozone/ozonefs/target/test-dir/MiniOzoneClusterImpl-eef5df77-1b8f-4c52-a6bc-dd98b83f7990/datanode-0/data/ratis] (custom)
2019-09-12 11:35:40,106 [pool-133-thread-1] INFO  storage.RaftStorageDirectory (RaftStorageDirectory.java:analyzeStorage(246)) - The storage directory /workdir/hadoop-ozone/ozonefs/target/test-dir/MiniOzoneClusterImpl-eef5df77-1b8f-4c52-a6bc-dd98b83f7990/datanode-0/data/ratis/99145d54-341a-4c72-b647-23d24c3b209c does not exist. Creating ...
2019-09-12 11:35:40,119 [pool-133-thread-1] INFO  storage.RaftStorageDirectory (RaftStorageDirectory.java:tryLock(328)) - Lock on /workdir/hadoop-ozone/ozonefs/target/test-dir/MiniOzoneClusterImpl-eef5df77-1b8f-4c52-a6bc-dd98b83f7990/datanode-0/data/ratis/99145d54-341a-4c72-b647-23d24c3b209c/in_use.lock acquired by nodename 26908@pr-hdds-1569-58hkm-1881083799
2019-09-12 11:35:40,132 [pool-133-thread-1] INFO  storage.RaftStorage (RaftStorage.java:format(72)) - Storage directory /workdir/hadoop-ozone/ozonefs/target/test-dir/MiniOzoneClusterImpl-eef5df77-1b8f-4c52-a6bc-dd98b83f7990/datanode-0/data/ratis/99145d54-341a-4c72-b647-23d24c3b209c has been successfully formatted.
2019-09-12 11:35:40,132 [pool-133-thread-1] INFO  ratis.ContainerStateMachine (ContainerStateMachine.java:loadSnapshot(226)) - group-23D24C3B209C: The snapshot info is null. Setting the last applied indexto:(t:0, i:~)
2019-09-12 11:35:40,133 [pool-133-thread-1] INFO  server.RaftServerConfigKeys (ConfUtils.java:logGet(43)) - raft.server.leader.election.timeout = 120s (custom)
2019-09-12 11:35:40,133 [pool-133-thread-1] INFO  server.RaftServerConfigKeys (ConfUtils.java:logGet(43)) - raft.server.log.use.memory = false (default)
2019-09-12 11:35:40,133 [pool-133-thread-1] INFO  server.RaftServerConfigKeys (ConfUtils.java:logGet(43)) - raft.server.log.purge.gap = 1000000 (custom)
2019-09-12 11:35:40,133 [pool-133-thread-1] INFO  server.RaftServerConfigKeys (ConfUtils.java:logGet(43)) - raft.server.log.appender.buffer.byte-limit = 33554432 (custom)
2019-09-12 11:35:40,133 [pool-133-thread-1] INFO  server.RaftServerConfigKeys (ConfUtils.java:logGet(43)) - raft.server.log.segment.size.max = 1048576 (custom)
2019-09-12 11:35:40,133 [pool-133-thread-1] INFO  server.RaftServerConfigKeys (ConfUtils.java:logGet(43)) - raft.server.log.segment.cache.num.max = 2 (custom)
2019-09-12 11:35:40,134 [pool-133-thread-1] INFO  segmented.SegmentedRaftLogWorker (SegmentedRaftLogWorker.java:<init>(172)) - new 68babcc3-18e0-4d97-99ff-fca6904ee00c-SegmentedRaftLogWorker:Storage Directory /workdir/hadoop-ozone/ozonefs/target/test-dir/MiniOzoneClusterImpl-eef5df77-1b8f-4c52-a6bc-dd98b83f7990/datanode-0/data/ratis/99145d54-341a-4c72-b647-23d24c3b209c for RaftStorage:Storage Directory /workdir/hadoop-ozone/ozonefs/target/test-dir/MiniOzoneClusterImpl-eef5df77-1b8f-4c52-a6bc-dd98b83f7990/datanode-0/data/ratis/99145d54-341a-4c72-b647-23d24c3b209c
2019-09-12 11:35:40,134 [pool-133-thread-1] INFO  server.RaftServerConfigKeys (ConfUtils.java:logGet(43)) - raft.server.log.queue.byte-limit = 2147483647 (custom)
2019-09-12 11:35:40,134 [pool-133-thread-1] INFO  server.RaftServerConfigKeys (ConfUtils.java:logGet(43)) - raft.server.log.queue.element-limit = 1024 (custom)
2019-09-12 11:35:40,134 [pool-133-thread-1] INFO  server.RaftServerConfigKeys (ConfUtils.java:logGet(43)) - raft.server.log.segment.size.max = 1048576 (custom)
2019-09-12 11:35:40,134 [pool-133-thread-1] INFO  server.RaftServerConfigKeys (ConfUtils.java:logGet(43)) - raft.server.log.preallocated.size = 16384 (custom)
2019-09-12 11:35:40,134 [pool-133-thread-1] INFO  server.RaftServerConfigKeys (ConfUtils.java:logGet(43)) - raft.server.log.write.buffer.size = 33554432 (custom)
2019-09-12 11:35:40,135 [pool-133-thread-1] INFO  server.RaftServerConfigKeys (ConfUtils.java:logGet(43)) - raft.server.log.force.sync.num = 128 (default)
2019-09-12 11:35:40,135 [pool-133-thread-1] INFO  server.RaftServerConfigKeys (ConfUtils.java:logGet(43)) - raft.server.log.statemachine.data.sync = true (default)
2019-09-12 11:35:40,135 [pool-133-thread-1] INFO  server.RaftServerConfigKeys (ConfUtils.java:logGet(43)) - raft.server.log.statemachine.data.sync.timeout = 10s (default)
2019-09-12 11:35:40,135 [pool-133-thread-1] INFO  server.RaftServerConfigKeys (ConfUtils.java:logGet(43)) - raft.server.log.statemachine.data.sync.timeout.retry = -1 (default)
2019-09-12 11:35:40,135 [pool-133-thread-1] INFO  server.RaftServerConfigKeys (ConfUtils.java:logGet(43)) - raft.server.log.statemachine.data.caching.enabled = true (custom)
2019-09-12 11:35:40,136 [pool-133-thread-1] INFO  segmented.SegmentedRaftLogWorker (SegmentedRaftLogWorker.java:lambda$new$0(132)) - 68babcc3-18e0-4d97-99ff-fca6904ee00c-SegmentedRaftLogWorker:Storage Directory /workdir/hadoop-ozone/ozonefs/target/test-dir/MiniOzoneClusterImpl-eef5df77-1b8f-4c52-a6bc-dd98b83f7990/datanode-0/data/ratis/99145d54-341a-4c72-b647-23d24c3b209c: flushIndex: setUnconditionally 0 -> -1
2019-09-12 11:35:40,136 [pool-133-thread-1] INFO  server.RaftServerConfigKeys (ConfUtils.java:logGet(43)) - raft.server.snapshot.auto.trigger.enabled = true (custom)
2019-09-12 11:35:40,136 [pool-133-thread-1] INFO  server.RaftServerConfigKeys (ConfUtils.java:logGet(43)) - raft.server.snapshot.auto.trigger.threshold = 10000 (custom)
2019-09-12 11:35:40,136 [pool-133-thread-1] INFO  server.RaftServerConfigKeys (ConfUtils.java:logGet(43)) - raft.server.retrycache.expirytime = 600000ms (custom)
2019-09-12 11:35:40,137 [pool-133-thread-1] INFO  impl.RaftServerImpl (RaftServerImpl.java:start(180)) - 68babcc3-18e0-4d97-99ff-fca6904ee00c: start group-23D24C3B209C
2019-09-12 11:35:40,137 [pool-133-thread-1] INFO  impl.RaftServerImpl (RaftServerImpl.java:setRole(171)) - 68babcc3-18e0-4d97-99ff-fca6904ee00c:group-23D24C3B209C changes role from null to FOLLOWER at term 0 for startAsFollower
2019-09-12 11:35:40,137 [pool-133-thread-1] INFO  impl.RoleInfo (RoleInfo.java:updateAndGet(143)) - 68babcc3-18e0-4d97-99ff-fca6904ee00c: start FollowerState
2019-09-12 11:35:40,137 [pool-133-thread-1] INFO  util.JmxRegister (JmxRegister.java:tryRegister(44)) - Successfully registered JMX Bean with object name Ratis:service=RaftServer,group=group-23D24C3B209C,id=68babcc3-18e0-4d97-99ff-fca6904ee00c
2019-09-12 11:35:40,142 [RatisPipelineUtilsThread] INFO  pipeline.PipelineStateManager (PipelineStateManager.java:addPipeline(56)) - Created pipeline Pipeline[ Id: 99145d54-341a-4c72-b647-23d24c3b209c, Nodes: 68babcc3-18e0-4d97-99ff-fca6904ee00c{ip: 192.168.36.114, host: pr-hdds-1569-58hkm-1881083799, networkLocation: /default-rack, certSerialId: null}, Type:RATIS, Factor:ONE, State:OPEN]
2019-09-12 11:35:40,154 [grpc-default-executor-0] INFO  impl.RaftServerProxy (RaftServerProxy.java:addNew(89)) - 68babcc3-18e0-4d97-99ff-fca6904ee00c: addNew group-633DAA83DC9D:[68babcc3-18e0-4d97-99ff-fca6904ee00c:192.168.36.114:43875] returns group-633DAA83DC9D:java.util.concurrent.CompletableFuture@1485478c[Not completed]
2019-09-12 11:35:40,155 [pool-133-thread-1] INFO  impl.RaftServerImpl (RaftServerImpl.java:<init>(93)) - 68babcc3-18e0-4d97-99ff-fca6904ee00c: new RaftServerImpl for group-633DAA83DC9D:[68babcc3-18e0-4d97-99ff-fca6904ee00c:192.168.36.114:43875] with ContainerStateMachine:uninitialized
2019-09-12 11:35:40,155 [pool-133-thread-1] INFO  server.RaftServerConfigKeys (ConfUtils.java:logGet(43)) - raft.server.rpc.timeout.min = 5s (custom)
2019-09-12 11:35:40,155 [pool-133-thread-1] INFO  server.RaftServerConfigKeys (ConfUtils.java:logGet(43)) - raft.server.rpc.timeout.max = 5200ms (custom)
2019-09-12 11:35:40,155 [pool-133-thread-1] INFO  server.RaftServerConfigKeys (ConfUtils.java:logGet(43)) - raft.server.rpcslowness.timeout = 120s (custom)
2019-09-12 11:35:40,156 [pool-133-thread-1] INFO  server.RaftServerConfigKeys (ConfUtils.java:logGet(43)) - raft.server.sleep.deviation.threshold = 300 (default)
2019-09-12 11:35:40,156 [pool-133-thread-1] INFO  server.RaftServerConfigKeys (ConfUtils.java:logGet(43)) - raft.server.log.appender.install.snapshot.enabled = false (custom)
2019-09-12 11:35:40,156 [pool-133-thread-1] INFO  impl.RaftServerImpl (ServerState.java:<init>(105)) - 68babcc3-18e0-4d97-99ff-fca6904ee00c:group-633DAA83DC9D ConfigurationManager, init=-1: [68babcc3-18e0-4d97-99ff-fca6904ee00c:192.168.36.114:43875], old=null, confs=<EMPTY_MAP>
2019-09-12 11:35:40,156 [pool-133-thread-1] INFO  server.RaftServerConfigKeys (ConfUtils.java:logGet(43)) - raft.server.storage.dir = [/workdir/hadoop-ozone/ozonefs/target/test-dir/MiniOzoneClusterImpl-eef5df77-1b8f-4c52-a6bc-dd98b83f7990/datanode-0/data/ratis] (custom)
2019-09-12 11:35:40,156 [pool-133-thread-1] INFO  storage.RaftStorageDirectory (RaftStorageDirectory.java:analyzeStorage(246)) - The storage directory /workdir/hadoop-ozone/ozonefs/target/test-dir/MiniOzoneClusterImpl-eef5df77-1b8f-4c52-a6bc-dd98b83f7990/datanode-0/data/ratis/75af3c99-e256-422b-a609-633daa83dc9d does not exist. Creating ...
2019-09-12 11:35:40,169 [pool-133-thread-1] INFO  storage.RaftStorageDirectory (RaftStorageDirectory.java:tryLock(328)) - Lock on /workdir/hadoop-ozone/ozonefs/target/test-dir/MiniOzoneClusterImpl-eef5df77-1b8f-4c52-a6bc-dd98b83f7990/datanode-0/data/ratis/75af3c99-e256-422b-a609-633daa83dc9d/in_use.lock acquired by nodename 26908@pr-hdds-1569-58hkm-1881083799
2019-09-12 11:35:40,182 [pool-133-thread-1] INFO  storage.RaftStorage (RaftStorage.java:format(72)) - Storage directory /workdir/hadoop-ozone/ozonefs/target/test-dir/MiniOzoneClusterImpl-eef5df77-1b8f-4c52-a6bc-dd98b83f7990/datanode-0/data/ratis/75af3c99-e256-422b-a609-633daa83dc9d has been successfully formatted.
2019-09-12 11:35:40,182 [pool-133-thread-1] INFO  ratis.ContainerStateMachine (ContainerStateMachine.java:loadSnapshot(226)) - group-633DAA83DC9D: The snapshot info is null. Setting the last applied indexto:(t:0, i:~)
2019-09-12 11:35:40,182 [pool-133-thread-1] INFO  server.RaftServerConfigKeys (ConfUtils.java:logGet(43)) - raft.server.leader.election.timeout = 120s (custom)
2019-09-12 11:35:40,183 [pool-133-thread-1] INFO  server.RaftServerConfigKeys (ConfUtils.java:logGet(43)) - raft.server.log.use.memory = false (default)
2019-09-12 11:35:40,183 [pool-133-thread-1] INFO  server.RaftServerConfigKeys (ConfUtils.java:logGet(43)) - raft.server.log.purge.gap = 1000000 (custom)
2019-09-12 11:35:40,183 [pool-133-thread-1] INFO  server.RaftServerConfigKeys (ConfUtils.java:logGet(43)) - raft.server.log.appender.buffer.byte-limit = 33554432 (custom)
2019-09-12 11:35:40,183 [pool-133-thread-1] INFO  server.RaftServerConfigKeys (ConfUtils.java:logGet(43)) - raft.server.log.segment.size.max = 1048576 (custom)
2019-09-12 11:35:40,183 [pool-133-thread-1] INFO  server.RaftServerConfigKeys (ConfUtils.java:logGet(43)) - raft.server.log.segment.cache.num.max = 2 (custom)
2019-09-12 11:35:40,184 [pool-133-thread-1] INFO  segmented.SegmentedRaftLogWorker (SegmentedRaftLogWorker.java:<init>(172)) - new 68babcc3-18e0-4d97-99ff-fca6904ee00c-SegmentedRaftLogWorker:Storage Directory /workdir/hadoop-ozone/ozonefs/target/test-dir/MiniOzoneClusterImpl-eef5df77-1b8f-4c52-a6bc-dd98b83f7990/datanode-0/data/ratis/75af3c99-e256-422b-a609-633daa83dc9d for RaftStorage:Storage Directory /workdir/hadoop-ozone/ozonefs/target/test-dir/MiniOzoneClusterImpl-eef5df77-1b8f-4c52-a6bc-dd98b83f7990/datanode-0/data/ratis/75af3c99-e256-422b-a609-633daa83dc9d
2019-09-12 11:35:40,184 [pool-133-thread-1] INFO  server.RaftServerConfigKeys (ConfUtils.java:logGet(43)) - raft.server.log.queue.byte-limit = 2147483647 (custom)
2019-09-12 11:35:40,184 [pool-133-thread-1] INFO  server.RaftServerConfigKeys (ConfUtils.java:logGet(43)) - raft.server.log.queue.element-limit = 1024 (custom)
2019-09-12 11:35:40,184 [pool-133-thread-1] INFO  server.RaftServerConfigKeys (ConfUtils.java:logGet(43)) - raft.server.log.segment.size.max = 1048576 (custom)
2019-09-12 11:35:40,184 [pool-133-thread-1] INFO  server.RaftServerConfigKeys (ConfUtils.java:logGet(43)) - raft.server.log.preallocated.size = 16384 (custom)
2019-09-12 11:35:40,185 [pool-133-thread-1] INFO  server.RaftServerConfigKeys (ConfUtils.java:logGet(43)) - raft.server.log.write.buffer.size = 33554432 (custom)
2019-09-12 11:35:40,185 [pool-133-thread-1] INFO  server.RaftServerConfigKeys (ConfUtils.java:logGet(43)) - raft.server.log.force.sync.num = 128 (default)
2019-09-12 11:35:40,185 [pool-133-thread-1] INFO  server.RaftServerConfigKeys (ConfUtils.java:logGet(43)) - raft.server.log.statemachine.data.sync = true (default)
2019-09-12 11:35:40,185 [pool-133-thread-1] INFO  server.RaftServerConfigKeys (ConfUtils.java:logGet(43)) - raft.server.log.statemachine.data.sync.timeout = 10s (default)
2019-09-12 11:35:40,185 [pool-133-thread-1] INFO  server.RaftServerConfigKeys (ConfUtils.java:logGet(43)) - raft.server.log.statemachine.data.sync.timeout.retry = -1 (default)
2019-09-12 11:35:40,186 [pool-133-thread-1] INFO  server.RaftServerConfigKeys (ConfUtils.java:logGet(43)) - raft.server.log.statemachine.data.caching.enabled = true (custom)
2019-09-12 11:35:40,186 [pool-133-thread-1] INFO  segmented.SegmentedRaftLogWorker (SegmentedRaftLogWorker.java:lambda$new$0(132)) - 68babcc3-18e0-4d97-99ff-fca6904ee00c-SegmentedRaftLogWorker:Storage Directory /workdir/hadoop-ozone/ozonefs/target/test-dir/MiniOzoneClusterImpl-eef5df77-1b8f-4c52-a6bc-dd98b83f7990/datanode-0/data/ratis/75af3c99-e256-422b-a609-633daa83dc9d: flushIndex: setUnconditionally 0 -> -1
2019-09-12 11:35:40,186 [pool-133-thread-1] INFO  server.RaftServerConfigKeys (ConfUtils.java:logGet(43)) - raft.server.snapshot.auto.trigger.enabled = true (custom)
2019-09-12 11:35:40,187 [pool-133-thread-1] INFO  server.RaftServerConfigKeys (ConfUtils.java:logGet(43)) - raft.server.snapshot.auto.trigger.threshold = 10000 (custom)
2019-09-12 11:35:40,187 [pool-133-thread-1] INFO  server.RaftServerConfigKeys (ConfUtils.java:logGet(43)) - raft.server.retrycache.expirytime = 600000ms (custom)
2019-09-12 11:35:40,187 [pool-133-thread-1] INFO  impl.RaftServerImpl (RaftServerImpl.java:start(180)) - 68babcc3-18e0-4d97-99ff-fca6904ee00c: start group-633DAA83DC9D
2019-09-12 11:35:40,187 [pool-133-thread-1] INFO  impl.RaftServerImpl (RaftServerImpl.java:setRole(171)) - 68babcc3-18e0-4d97-99ff-fca6904ee00c:group-633DAA83DC9D changes role from null to FOLLOWER at term 0 for startAsFollower
2019-09-12 11:35:40,188 [pool-133-thread-1] INFO  impl.RoleInfo (RoleInfo.java:updateAndGet(143)) - 68babcc3-18e0-4d97-99ff-fca6904ee00c: start FollowerState
2019-09-12 11:35:40,188 [pool-133-thread-1] INFO  util.JmxRegister (JmxRegister.java:tryRegister(44)) - Successfully registered JMX Bean with object name Ratis:service=RaftServer,group=group-633DAA83DC9D,id=68babcc3-18e0-4d97-99ff-fca6904ee00c
2019-09-12 11:35:40,194 [RatisPipelineUtilsThread] INFO  pipeline.PipelineStateManager (PipelineStateManager.java:addPipeline(56)) - Created pipeline Pipeline[ Id: 75af3c99-e256-422b-a609-633daa83dc9d, Nodes: 68babcc3-18e0-4d97-99ff-fca6904ee00c{ip: 192.168.36.114, host: pr-hdds-1569-58hkm-1881083799, networkLocation: /default-rack, certSerialId: null}, Type:RATIS, Factor:ONE, State:OPEN]
2019-09-12 11:35:40,210 [grpc-default-executor-0] INFO  impl.RaftServerProxy (RaftServerProxy.java:addNew(89)) - 68babcc3-18e0-4d97-99ff-fca6904ee00c: addNew group-DD1012A10C7E:[68babcc3-18e0-4d97-99ff-fca6904ee00c:192.168.36.114:43875] returns group-DD1012A10C7E:java.util.concurrent.CompletableFuture@5f1f3052[Not completed]
2019-09-12 11:35:40,211 [pool-133-thread-1] INFO  impl.RaftServerImpl (RaftServerImpl.java:<init>(93)) - 68babcc3-18e0-4d97-99ff-fca6904ee00c: new RaftServerImpl for group-DD1012A10C7E:[68babcc3-18e0-4d97-99ff-fca6904ee00c:192.168.36.114:43875] with ContainerStateMachine:uninitialized
2019-09-12 11:35:40,211 [pool-133-thread-1] INFO  server.RaftServerConfigKeys (ConfUtils.java:logGet(43)) - raft.server.rpc.timeout.min = 5s (custom)
2019-09-12 11:35:40,211 [pool-133-thread-1] INFO  server.RaftServerConfigKeys (ConfUtils.java:logGet(43)) - raft.server.rpc.timeout.max = 5200ms (custom)
2019-09-12 11:35:40,211 [pool-133-thread-1] INFO  server.RaftServerConfigKeys (ConfUtils.java:logGet(43)) - raft.server.rpcslowness.timeout = 120s (custom)
2019-09-12 11:35:40,212 [pool-133-thread-1] INFO  server.RaftServerConfigKeys (ConfUtils.java:logGet(43)) - raft.server.sleep.deviation.threshold = 300 (default)
2019-09-12 11:35:40,212 [pool-133-thread-1] INFO  server.RaftServerConfigKeys (ConfUtils.java:logGet(43)) - raft.server.log.appender.install.snapshot.enabled = false (custom)
2019-09-12 11:35:40,212 [pool-133-thread-1] INFO  impl.RaftServerImpl (ServerState.java:<init>(105)) - 68babcc3-18e0-4d97-99ff-fca6904ee00c:group-DD1012A10C7E ConfigurationManager, init=-1: [68babcc3-18e0-4d97-99ff-fca6904ee00c:192.168.36.114:43875], old=null, confs=<EMPTY_MAP>
2019-09-12 11:35:40,212 [pool-133-thread-1] INFO  server.RaftServerConfigKeys (ConfUtils.java:logGet(43)) - raft.server.storage.dir = [/workdir/hadoop-ozone/ozonefs/target/test-dir/MiniOzoneClusterImpl-eef5df77-1b8f-4c52-a6bc-dd98b83f7990/datanode-0/data/ratis] (custom)
2019-09-12 11:35:40,212 [pool-133-thread-1] INFO  storage.RaftStorageDirectory (RaftStorageDirectory.java:analyzeStorage(246)) - The storage directory /workdir/hadoop-ozone/ozonefs/target/test-dir/MiniOzoneClusterImpl-eef5df77-1b8f-4c52-a6bc-dd98b83f7990/datanode-0/data/ratis/caf7cd3a-68da-4f13-a000-dd1012a10c7e does not exist. Creating ...
2019-09-12 11:35:40,225 [pool-133-thread-1] INFO  storage.RaftStorageDirectory (RaftStorageDirectory.java:tryLock(328)) - Lock on /workdir/hadoop-ozone/ozonefs/target/test-dir/MiniOzoneClusterImpl-eef5df77-1b8f-4c52-a6bc-dd98b83f7990/datanode-0/data/ratis/caf7cd3a-68da-4f13-a000-dd1012a10c7e/in_use.lock acquired by nodename 26908@pr-hdds-1569-58hkm-1881083799
2019-09-12 11:35:40,237 [pool-133-thread-1] INFO  storage.RaftStorage (RaftStorage.java:format(72)) - Storage directory /workdir/hadoop-ozone/ozonefs/target/test-dir/MiniOzoneClusterImpl-eef5df77-1b8f-4c52-a6bc-dd98b83f7990/datanode-0/data/ratis/caf7cd3a-68da-4f13-a000-dd1012a10c7e has been successfully formatted.
2019-09-12 11:35:40,238 [pool-133-thread-1] INFO  ratis.ContainerStateMachine (ContainerStateMachine.java:loadSnapshot(226)) - group-DD1012A10C7E: The snapshot info is null. Setting the last applied indexto:(t:0, i:~)
2019-09-12 11:35:40,238 [pool-133-thread-1] INFO  server.RaftServerConfigKeys (ConfUtils.java:logGet(43)) - raft.server.leader.election.timeout = 120s (custom)
2019-09-12 11:35:40,238 [pool-133-thread-1] INFO  server.RaftServerConfigKeys (ConfUtils.java:logGet(43)) - raft.server.log.use.memory = false (default)
2019-09-12 11:35:40,238 [pool-133-thread-1] INFO  server.RaftServerConfigKeys (ConfUtils.java:logGet(43)) - raft.server.log.purge.gap = 1000000 (custom)
2019-09-12 11:35:40,238 [pool-133-thread-1] INFO  server.RaftServerConfigKeys (ConfUtils.java:logGet(43)) - raft.server.log.appender.buffer.byte-limit = 33554432 (custom)
2019-09-12 11:35:40,238 [pool-133-thread-1] INFO  server.RaftServerConfigKeys (ConfUtils.java:logGet(43)) - raft.server.log.segment.size.max = 1048576 (custom)
2019-09-12 11:35:40,239 [pool-133-thread-1] INFO  server.RaftServerConfigKeys (ConfUtils.java:logGet(43)) - raft.server.log.segment.cache.num.max = 2 (custom)
2019-09-12 11:35:40,239 [pool-133-thread-1] INFO  segmented.SegmentedRaftLogWorker (SegmentedRaftLogWorker.java:<init>(172)) - new 68babcc3-18e0-4d97-99ff-fca6904ee00c-SegmentedRaftLogWorker:Storage Directory /workdir/hadoop-ozone/ozonefs/target/test-dir/MiniOzoneClusterImpl-eef5df77-1b8f-4c52-a6bc-dd98b83f7990/datanode-0/data/ratis/caf7cd3a-68da-4f13-a000-dd1012a10c7e for RaftStorage:Storage Directory /workdir/hadoop-ozone/ozonefs/target/test-dir/MiniOzoneClusterImpl-eef5df77-1b8f-4c52-a6bc-dd98b83f7990/datanode-0/data/ratis/caf7cd3a-68da-4f13-a000-dd1012a10c7e
2019-09-12 11:35:40,239 [pool-133-thread-1] INFO  server.RaftServerConfigKeys (ConfUtils.java:logGet(43)) - raft.server.log.queue.byte-limit = 2147483647 (custom)
2019-09-12 11:35:40,239 [pool-133-thread-1] INFO  server.RaftServerConfigKeys (ConfUtils.java:logGet(43)) - raft.server.log.queue.element-limit = 1024 (custom)
2019-09-12 11:35:40,239 [pool-133-thread-1] INFO  server.RaftServerConfigKeys (ConfUtils.java:logGet(43)) - raft.server.log.segment.size.max = 1048576 (custom)
2019-09-12 11:35:40,239 [pool-133-thread-1] INFO  server.RaftServerConfigKeys (ConfUtils.java:logGet(43)) - raft.server.log.preallocated.size = 16384 (custom)
2019-09-12 11:35:40,240 [pool-133-thread-1] INFO  server.RaftServerConfigKeys (ConfUtils.java:logGet(43)) - raft.server.log.write.buffer.size = 33554432 (custom)
2019-09-12 11:35:40,240 [pool-133-thread-1] INFO  server.RaftServerConfigKeys (ConfUtils.java:logGet(43)) - raft.server.log.force.sync.num = 128 (default)
2019-09-12 11:35:40,240 [pool-133-thread-1] INFO  server.RaftServerConfigKeys (ConfUtils.java:logGet(43)) - raft.server.log.statemachine.data.sync = true (default)
2019-09-12 11:35:40,240 [pool-133-thread-1] INFO  server.RaftServerConfigKeys (ConfUtils.java:logGet(43)) - raft.server.log.statemachine.data.sync.timeout = 10s (default)
2019-09-12 11:35:40,240 [pool-133-thread-1] INFO  server.RaftServerConfigKeys (ConfUtils.java:logGet(43)) - raft.server.log.statemachine.data.sync.timeout.retry = -1 (default)
2019-09-12 11:35:40,240 [pool-133-thread-1] INFO  server.RaftServerConfigKeys (ConfUtils.java:logGet(43)) - raft.server.log.statemachine.data.caching.enabled = true (custom)
2019-09-12 11:35:40,241 [pool-133-thread-1] INFO  segmented.SegmentedRaftLogWorker (SegmentedRaftLogWorker.java:lambda$new$0(132)) - 68babcc3-18e0-4d97-99ff-fca6904ee00c-SegmentedRaftLogWorker:Storage Directory /workdir/hadoop-ozone/ozonefs/target/test-dir/MiniOzoneClusterImpl-eef5df77-1b8f-4c52-a6bc-dd98b83f7990/datanode-0/data/ratis/caf7cd3a-68da-4f13-a000-dd1012a10c7e: flushIndex: setUnconditionally 0 -> -1
2019-09-12 11:35:40,241 [pool-133-thread-1] INFO  server.RaftServerConfigKeys (ConfUtils.java:logGet(43)) - raft.server.snapshot.auto.trigger.enabled = true (custom)
2019-09-12 11:35:40,241 [pool-133-thread-1] INFO  server.RaftServerConfigKeys (ConfUtils.java:logGet(43)) - raft.server.snapshot.auto.trigger.threshold = 10000 (custom)
2019-09-12 11:35:40,241 [pool-133-thread-1] INFO  server.RaftServerConfigKeys (ConfUtils.java:logGet(43)) - raft.server.retrycache.expirytime = 600000ms (custom)
2019-09-12 11:35:40,242 [pool-133-thread-1] INFO  impl.RaftServerImpl (RaftServerImpl.java:start(180)) - 68babcc3-18e0-4d97-99ff-fca6904ee00c: start group-DD1012A10C7E
2019-09-12 11:35:40,242 [pool-133-thread-1] INFO  impl.RaftServerImpl (RaftServerImpl.java:setRole(171)) - 68babcc3-18e0-4d97-99ff-fca6904ee00c:group-DD1012A10C7E changes role from null to FOLLOWER at term 0 for startAsFollower
2019-09-12 11:35:40,242 [pool-133-thread-1] INFO  impl.RoleInfo (RoleInfo.java:updateAndGet(143)) - 68babcc3-18e0-4d97-99ff-fca6904ee00c: start FollowerState
2019-09-12 11:35:40,248 [pool-133-thread-1] INFO  util.JmxRegister (JmxRegister.java:tryRegister(44)) - Successfully registered JMX Bean with object name Ratis:service=RaftServer,group=group-DD1012A10C7E,id=68babcc3-18e0-4d97-99ff-fca6904ee00c
2019-09-12 11:35:40,259 [RatisPipelineUtilsThread] INFO  pipeline.PipelineStateManager (PipelineStateManager.java:addPipeline(56)) - Created pipeline Pipeline[ Id: caf7cd3a-68da-4f13-a000-dd1012a10c7e, Nodes: 68babcc3-18e0-4d97-99ff-fca6904ee00c{ip: 192.168.36.114, host: pr-hdds-1569-58hkm-1881083799, networkLocation: /default-rack, certSerialId: null}, Type:RATIS, Factor:ONE, State:OPEN]
2019-09-12 11:35:40,267 [grpc-default-executor-0] INFO  impl.RaftServerProxy (RaftServerProxy.java:addNew(89)) - 68babcc3-18e0-4d97-99ff-fca6904ee00c: addNew group-A615E94E8ADB:[68babcc3-18e0-4d97-99ff-fca6904ee00c:192.168.36.114:43875] returns group-A615E94E8ADB:java.util.concurrent.CompletableFuture@10cbbfb8[Not completed]
2019-09-12 11:35:40,268 [pool-133-thread-1] INFO  impl.RaftServerImpl (RaftServerImpl.java:<init>(93)) - 68babcc3-18e0-4d97-99ff-fca6904ee00c: new RaftServerImpl for group-A615E94E8ADB:[68babcc3-18e0-4d97-99ff-fca6904ee00c:192.168.36.114:43875] with ContainerStateMachine:uninitialized
2019-09-12 11:35:40,268 [pool-133-thread-1] INFO  server.RaftServerConfigKeys (ConfUtils.java:logGet(43)) - raft.server.rpc.timeout.min = 5s (custom)
2019-09-12 11:35:40,268 [pool-133-thread-1] INFO  server.RaftServerConfigKeys (ConfUtils.java:logGet(43)) - raft.server.rpc.timeout.max = 5200ms (custom)
2019-09-12 11:35:40,269 [pool-133-thread-1] INFO  server.RaftServerConfigKeys (ConfUtils.java:logGet(43)) - raft.server.rpcslowness.timeout = 120s (custom)
2019-09-12 11:35:40,269 [pool-133-thread-1] INFO  server.RaftServerConfigKeys (ConfUtils.java:logGet(43)) - raft.server.sleep.deviation.threshold = 300 (default)
2019-09-12 11:35:40,269 [pool-133-thread-1] INFO  server.RaftServerConfigKeys (ConfUtils.java:logGet(43)) - raft.server.log.appender.install.snapshot.enabled = false (custom)
2019-09-12 11:35:40,269 [pool-133-thread-1] INFO  impl.RaftServerImpl (ServerState.java:<init>(105)) - 68babcc3-18e0-4d97-99ff-fca6904ee00c:group-A615E94E8ADB ConfigurationManager, init=-1: [68babcc3-18e0-4d97-99ff-fca6904ee00c:192.168.36.114:43875], old=null, confs=<EMPTY_MAP>
2019-09-12 11:35:40,269 [pool-133-thread-1] INFO  server.RaftServerConfigKeys (ConfUtils.java:logGet(43)) - raft.server.storage.dir = [/workdir/hadoop-ozone/ozonefs/target/test-dir/MiniOzoneClusterImpl-eef5df77-1b8f-4c52-a6bc-dd98b83f7990/datanode-0/data/ratis] (custom)
2019-09-12 11:35:40,270 [pool-133-thread-1] INFO  storage.RaftStorageDirectory (RaftStorageDirectory.java:analyzeStorage(246)) - The storage directory /workdir/hadoop-ozone/ozonefs/target/test-dir/MiniOzoneClusterImpl-eef5df77-1b8f-4c52-a6bc-dd98b83f7990/datanode-0/data/ratis/a6207237-b9a9-4765-bc0d-a615e94e8adb does not exist. Creating ...
2019-09-12 11:35:40,271 [IPC Server handler 0 on 37503] INFO  net.NetworkTopology (NetworkTopologyImpl.java:add(110)) - Added a new node: /default-rack/3a95b4ad-2c75-4701-886b-3e35cc487dd8
2019-09-12 11:35:40,271 [IPC Server handler 0 on 37503] INFO  node.SCMNodeManager (SCMNodeManager.java:register(273)) - Registered Data node : 3a95b4ad-2c75-4701-886b-3e35cc487dd8{ip: 192.168.36.114, host: pr-hdds-1569-58hkm-1881083799, networkLocation: /default-rack, certSerialId: null}
2019-09-12 11:35:40,272 | INFO  | SCMAudit | user=jenkins1000 | ip=192.168.36.114 | op=REGISTER {datanodeDetails=3a95b4ad-2c75-4701-886b-3e35cc487dd8{ip: 192.168.36.114, host: pr-hdds-1569-58hkm-1881083799, networkLocation: /default-rack, certSerialId: null}} | ret=SUCCESS |  
2019-09-12 11:35:40,282 [pool-133-thread-1] INFO  storage.RaftStorageDirectory (RaftStorageDirectory.java:tryLock(328)) - Lock on /workdir/hadoop-ozone/ozonefs/target/test-dir/MiniOzoneClusterImpl-eef5df77-1b8f-4c52-a6bc-dd98b83f7990/datanode-0/data/ratis/a6207237-b9a9-4765-bc0d-a615e94e8adb/in_use.lock acquired by nodename 26908@pr-hdds-1569-58hkm-1881083799
2019-09-12 11:35:40,295 [pool-133-thread-1] INFO  storage.RaftStorage (RaftStorage.java:format(72)) - Storage directory /workdir/hadoop-ozone/ozonefs/target/test-dir/MiniOzoneClusterImpl-eef5df77-1b8f-4c52-a6bc-dd98b83f7990/datanode-0/data/ratis/a6207237-b9a9-4765-bc0d-a615e94e8adb has been successfully formatted.
2019-09-12 11:35:40,295 [pool-133-thread-1] INFO  ratis.ContainerStateMachine (ContainerStateMachine.java:loadSnapshot(226)) - group-A615E94E8ADB: The snapshot info is null. Setting the last applied indexto:(t:0, i:~)
2019-09-12 11:35:40,295 [pool-133-thread-1] INFO  server.RaftServerConfigKeys (ConfUtils.java:logGet(43)) - raft.server.leader.election.timeout = 120s (custom)
2019-09-12 11:35:40,296 [pool-133-thread-1] INFO  server.RaftServerConfigKeys (ConfUtils.java:logGet(43)) - raft.server.log.use.memory = false (default)
2019-09-12 11:35:40,296 [pool-133-thread-1] INFO  server.RaftServerConfigKeys (ConfUtils.java:logGet(43)) - raft.server.log.purge.gap = 1000000 (custom)
2019-09-12 11:35:40,296 [pool-133-thread-1] INFO  server.RaftServerConfigKeys (ConfUtils.java:logGet(43)) - raft.server.log.appender.buffer.byte-limit = 33554432 (custom)
2019-09-12 11:35:40,296 [pool-133-thread-1] INFO  server.RaftServerConfigKeys (ConfUtils.java:logGet(43)) - raft.server.log.segment.size.max = 1048576 (custom)
2019-09-12 11:35:40,296 [pool-133-thread-1] INFO  server.RaftServerConfigKeys (ConfUtils.java:logGet(43)) - raft.server.log.segment.cache.num.max = 2 (custom)
2019-09-12 11:35:40,296 [pool-133-thread-1] INFO  segmented.SegmentedRaftLogWorker (SegmentedRaftLogWorker.java:<init>(172)) - new 68babcc3-18e0-4d97-99ff-fca6904ee00c-SegmentedRaftLogWorker:Storage Directory /workdir/hadoop-ozone/ozonefs/target/test-dir/MiniOzoneClusterImpl-eef5df77-1b8f-4c52-a6bc-dd98b83f7990/datanode-0/data/ratis/a6207237-b9a9-4765-bc0d-a615e94e8adb for RaftStorage:Storage Directory /workdir/hadoop-ozone/ozonefs/target/test-dir/MiniOzoneClusterImpl-eef5df77-1b8f-4c52-a6bc-dd98b83f7990/datanode-0/data/ratis/a6207237-b9a9-4765-bc0d-a615e94e8adb
2019-09-12 11:35:40,297 [pool-133-thread-1] INFO  server.RaftServerConfigKeys (ConfUtils.java:logGet(43)) - raft.server.log.queue.byte-limit = 2147483647 (custom)
2019-09-12 11:35:40,297 [pool-133-thread-1] INFO  server.RaftServerConfigKeys (ConfUtils.java:logGet(43)) - raft.server.log.queue.element-limit = 1024 (custom)
2019-09-12 11:35:40,297 [pool-133-thread-1] INFO  server.RaftServerConfigKeys (ConfUtils.java:logGet(43)) - raft.server.log.segment.size.max = 1048576 (custom)
2019-09-12 11:35:40,297 [pool-133-thread-1] INFO  server.RaftServerConfigKeys (ConfUtils.java:logGet(43)) - raft.server.log.preallocated.size = 16384 (custom)
2019-09-12 11:35:40,297 [pool-133-thread-1] INFO  server.RaftServerConfigKeys (ConfUtils.java:logGet(43)) - raft.server.log.write.buffer.size = 33554432 (custom)
2019-09-12 11:35:40,297 [pool-133-thread-1] INFO  server.RaftServerConfigKeys (ConfUtils.java:logGet(43)) - raft.server.log.force.sync.num = 128 (default)
2019-09-12 11:35:40,297 [pool-133-thread-1] INFO  server.RaftServerConfigKeys (ConfUtils.java:logGet(43)) - raft.server.log.statemachine.data.sync = true (default)
2019-09-12 11:35:40,298 [pool-133-thread-1] INFO  server.RaftServerConfigKeys (ConfUtils.java:logGet(43)) - raft.server.log.statemachine.data.sync.timeout = 10s (default)
2019-09-12 11:35:40,298 [pool-133-thread-1] INFO  server.RaftServerConfigKeys (ConfUtils.java:logGet(43)) - raft.server.log.statemachine.data.sync.timeout.retry = -1 (default)
2019-09-12 11:35:40,298 [pool-133-thread-1] INFO  server.RaftServerConfigKeys (ConfUtils.java:logGet(43)) - raft.server.log.statemachine.data.caching.enabled = true (custom)
2019-09-12 11:35:40,298 [pool-133-thread-1] INFO  segmented.SegmentedRaftLogWorker (SegmentedRaftLogWorker.java:lambda$new$0(132)) - 68babcc3-18e0-4d97-99ff-fca6904ee00c-SegmentedRaftLogWorker:Storage Directory /workdir/hadoop-ozone/ozonefs/target/test-dir/MiniOzoneClusterImpl-eef5df77-1b8f-4c52-a6bc-dd98b83f7990/datanode-0/data/ratis/a6207237-b9a9-4765-bc0d-a615e94e8adb: flushIndex: setUnconditionally 0 -> -1
2019-09-12 11:35:40,299 [pool-133-thread-1] INFO  server.RaftServerConfigKeys (ConfUtils.java:logGet(43)) - raft.server.snapshot.auto.trigger.enabled = true (custom)
2019-09-12 11:35:40,299 [pool-133-thread-1] INFO  server.RaftServerConfigKeys (ConfUtils.java:logGet(43)) - raft.server.snapshot.auto.trigger.threshold = 10000 (custom)
2019-09-12 11:35:40,299 [pool-133-thread-1] INFO  server.RaftServerConfigKeys (ConfUtils.java:logGet(43)) - raft.server.retrycache.expirytime = 600000ms (custom)
2019-09-12 11:35:40,299 [pool-133-thread-1] INFO  impl.RaftServerImpl (RaftServerImpl.java:start(180)) - 68babcc3-18e0-4d97-99ff-fca6904ee00c: start group-A615E94E8ADB
2019-09-12 11:35:40,299 [pool-133-thread-1] INFO  impl.RaftServerImpl (RaftServerImpl.java:setRole(171)) - 68babcc3-18e0-4d97-99ff-fca6904ee00c:group-A615E94E8ADB changes role from null to FOLLOWER at term 0 for startAsFollower
2019-09-12 11:35:40,300 [pool-133-thread-1] INFO  impl.RoleInfo (RoleInfo.java:updateAndGet(143)) - 68babcc3-18e0-4d97-99ff-fca6904ee00c: start FollowerState
2019-09-12 11:35:40,300 [pool-133-thread-1] INFO  util.JmxRegister (JmxRegister.java:tryRegister(44)) - Successfully registered JMX Bean with object name Ratis:service=RaftServer,group=group-A615E94E8ADB,id=68babcc3-18e0-4d97-99ff-fca6904ee00c
2019-09-12 11:35:40,304 [RatisPipelineUtilsThread] INFO  pipeline.PipelineStateManager (PipelineStateManager.java:addPipeline(56)) - Created pipeline Pipeline[ Id: a6207237-b9a9-4765-bc0d-a615e94e8adb, Nodes: 68babcc3-18e0-4d97-99ff-fca6904ee00c{ip: 192.168.36.114, host: pr-hdds-1569-58hkm-1881083799, networkLocation: /default-rack, certSerialId: null}, Type:RATIS, Factor:ONE, State:OPEN]
2019-09-12 11:35:40,312 [grpc-default-executor-0] INFO  impl.RaftServerProxy (RaftServerProxy.java:addNew(89)) - 3a95b4ad-2c75-4701-886b-3e35cc487dd8: addNew group-AD43B3502A2A:[3a95b4ad-2c75-4701-886b-3e35cc487dd8:192.168.36.114:41482] returns group-AD43B3502A2A:java.util.concurrent.CompletableFuture@416e854f[Not completed]
2019-09-12 11:35:40,314 [pool-144-thread-1] INFO  impl.RaftServerImpl (RaftServerImpl.java:<init>(93)) - 3a95b4ad-2c75-4701-886b-3e35cc487dd8: new RaftServerImpl for group-AD43B3502A2A:[3a95b4ad-2c75-4701-886b-3e35cc487dd8:192.168.36.114:41482] with ContainerStateMachine:uninitialized
2019-09-12 11:35:40,314 [pool-144-thread-1] INFO  server.RaftServerConfigKeys (ConfUtils.java:logGet(43)) - raft.server.rpc.timeout.min = 5s (custom)
2019-09-12 11:35:40,314 [pool-144-thread-1] INFO  server.RaftServerConfigKeys (ConfUtils.java:logGet(43)) - raft.server.rpc.timeout.max = 5200ms (custom)
2019-09-12 11:35:40,315 [pool-144-thread-1] INFO  server.RaftServerConfigKeys (ConfUtils.java:logGet(43)) - raft.server.rpcslowness.timeout = 120s (custom)
2019-09-12 11:35:40,315 [pool-144-thread-1] INFO  server.RaftServerConfigKeys (ConfUtils.java:logGet(43)) - raft.server.sleep.deviation.threshold = 300 (default)
2019-09-12 11:35:40,315 [pool-144-thread-1] INFO  server.RaftServerConfigKeys (ConfUtils.java:logGet(43)) - raft.server.log.appender.install.snapshot.enabled = false (custom)
2019-09-12 11:35:40,315 [pool-144-thread-1] INFO  impl.RaftServerImpl (ServerState.java:<init>(105)) - 3a95b4ad-2c75-4701-886b-3e35cc487dd8:group-AD43B3502A2A ConfigurationManager, init=-1: [3a95b4ad-2c75-4701-886b-3e35cc487dd8:192.168.36.114:41482], old=null, confs=<EMPTY_MAP>
2019-09-12 11:35:40,315 [pool-144-thread-1] INFO  server.RaftServerConfigKeys (ConfUtils.java:logGet(43)) - raft.server.storage.dir = [/workdir/hadoop-ozone/ozonefs/target/test-dir/MiniOzoneClusterImpl-eef5df77-1b8f-4c52-a6bc-dd98b83f7990/datanode-1/data/ratis] (custom)
2019-09-12 11:35:40,316 [pool-144-thread-1] INFO  storage.RaftStorageDirectory (RaftStorageDirectory.java:analyzeStorage(246)) - The storage directory /workdir/hadoop-ozone/ozonefs/target/test-dir/MiniOzoneClusterImpl-eef5df77-1b8f-4c52-a6bc-dd98b83f7990/datanode-1/data/ratis/21e08598-4085-4441-b6d9-ad43b3502a2a does not exist. Creating ...
2019-09-12 11:35:40,338 [pool-144-thread-1] INFO  storage.RaftStorageDirectory (RaftStorageDirectory.java:tryLock(328)) - Lock on /workdir/hadoop-ozone/ozonefs/target/test-dir/MiniOzoneClusterImpl-eef5df77-1b8f-4c52-a6bc-dd98b83f7990/datanode-1/data/ratis/21e08598-4085-4441-b6d9-ad43b3502a2a/in_use.lock acquired by nodename 26908@pr-hdds-1569-58hkm-1881083799
2019-09-12 11:35:40,361 [pool-144-thread-1] INFO  storage.RaftStorage (RaftStorage.java:format(72)) - Storage directory /workdir/hadoop-ozone/ozonefs/target/test-dir/MiniOzoneClusterImpl-eef5df77-1b8f-4c52-a6bc-dd98b83f7990/datanode-1/data/ratis/21e08598-4085-4441-b6d9-ad43b3502a2a has been successfully formatted.
2019-09-12 11:35:40,362 [pool-144-thread-1] INFO  ratis.ContainerStateMachine (ContainerStateMachine.java:loadSnapshot(226)) - group-AD43B3502A2A: The snapshot info is null. Setting the last applied indexto:(t:0, i:~)
2019-09-12 11:35:40,362 [pool-144-thread-1] INFO  server.RaftServerConfigKeys (ConfUtils.java:logGet(43)) - raft.server.leader.election.timeout = 120s (custom)
2019-09-12 11:35:40,362 [pool-144-thread-1] INFO  server.RaftServerConfigKeys (ConfUtils.java:logGet(43)) - raft.server.log.use.memory = false (default)
2019-09-12 11:35:40,362 [pool-144-thread-1] INFO  server.RaftServerConfigKeys (ConfUtils.java:logGet(43)) - raft.server.log.purge.gap = 1000000 (custom)
2019-09-12 11:35:40,362 [pool-144-thread-1] INFO  server.RaftServerConfigKeys (ConfUtils.java:logGet(43)) - raft.server.log.appender.buffer.byte-limit = 33554432 (custom)
2019-09-12 11:35:40,362 [pool-144-thread-1] INFO  server.RaftServerConfigKeys (ConfUtils.java:logGet(43)) - raft.server.log.segment.size.max = 1048576 (custom)
2019-09-12 11:35:40,363 [pool-144-thread-1] INFO  server.RaftServerConfigKeys (ConfUtils.java:logGet(43)) - raft.server.log.segment.cache.num.max = 2 (custom)
2019-09-12 11:35:40,363 [pool-144-thread-1] INFO  segmented.SegmentedRaftLogWorker (SegmentedRaftLogWorker.java:<init>(172)) - new 3a95b4ad-2c75-4701-886b-3e35cc487dd8-SegmentedRaftLogWorker:Storage Directory /workdir/hadoop-ozone/ozonefs/target/test-dir/MiniOzoneClusterImpl-eef5df77-1b8f-4c52-a6bc-dd98b83f7990/datanode-1/data/ratis/21e08598-4085-4441-b6d9-ad43b3502a2a for RaftStorage:Storage Directory /workdir/hadoop-ozone/ozonefs/target/test-dir/MiniOzoneClusterImpl-eef5df77-1b8f-4c52-a6bc-dd98b83f7990/datanode-1/data/ratis/21e08598-4085-4441-b6d9-ad43b3502a2a
2019-09-12 11:35:40,363 [pool-144-thread-1] INFO  server.RaftServerConfigKeys (ConfUtils.java:logGet(43)) - raft.server.log.queue.byte-limit = 2147483647 (custom)
2019-09-12 11:35:40,363 [pool-144-thread-1] INFO  server.RaftServerConfigKeys (ConfUtils.java:logGet(43)) - raft.server.log.queue.element-limit = 1024 (custom)
2019-09-12 11:35:40,364 [pool-144-thread-1] INFO  server.RaftServerConfigKeys (ConfUtils.java:logGet(43)) - raft.server.log.segment.size.max = 1048576 (custom)
2019-09-12 11:35:40,364 [pool-144-thread-1] INFO  server.RaftServerConfigKeys (ConfUtils.java:logGet(43)) - raft.server.log.preallocated.size = 16384 (custom)
2019-09-12 11:35:40,364 [pool-144-thread-1] INFO  server.RaftServerConfigKeys (ConfUtils.java:logGet(43)) - raft.server.log.write.buffer.size = 33554432 (custom)
2019-09-12 11:35:40,364 [pool-144-thread-1] INFO  server.RaftServerConfigKeys (ConfUtils.java:logGet(43)) - raft.server.log.force.sync.num = 128 (default)
2019-09-12 11:35:40,364 [pool-144-thread-1] INFO  server.RaftServerConfigKeys (ConfUtils.java:logGet(43)) - raft.server.log.statemachine.data.sync = true (default)
2019-09-12 11:35:40,364 [pool-144-thread-1] INFO  server.RaftServerConfigKeys (ConfUtils.java:logGet(43)) - raft.server.log.statemachine.data.sync.timeout = 10s (default)
2019-09-12 11:35:40,364 [pool-144-thread-1] INFO  server.RaftServerConfigKeys (ConfUtils.java:logGet(43)) - raft.server.log.statemachine.data.sync.timeout.retry = -1 (default)
2019-09-12 11:35:40,365 [pool-144-thread-1] INFO  server.RaftServerConfigKeys (ConfUtils.java:logGet(43)) - raft.server.log.statemachine.data.caching.enabled = true (custom)
2019-09-12 11:35:40,365 [pool-144-thread-1] INFO  segmented.SegmentedRaftLogWorker (SegmentedRaftLogWorker.java:lambda$new$0(132)) - 3a95b4ad-2c75-4701-886b-3e35cc487dd8-SegmentedRaftLogWorker:Storage Directory /workdir/hadoop-ozone/ozonefs/target/test-dir/MiniOzoneClusterImpl-eef5df77-1b8f-4c52-a6bc-dd98b83f7990/datanode-1/data/ratis/21e08598-4085-4441-b6d9-ad43b3502a2a: flushIndex: setUnconditionally 0 -> -1
2019-09-12 11:35:40,365 [pool-144-thread-1] INFO  server.RaftServerConfigKeys (ConfUtils.java:logGet(43)) - raft.server.snapshot.auto.trigger.enabled = true (custom)
2019-09-12 11:35:40,366 [pool-144-thread-1] INFO  server.RaftServerConfigKeys (ConfUtils.java:logGet(43)) - raft.server.snapshot.auto.trigger.threshold = 10000 (custom)
2019-09-12 11:35:40,366 [pool-144-thread-1] INFO  server.RaftServerConfigKeys (ConfUtils.java:logGet(43)) - raft.server.retrycache.expirytime = 600000ms (custom)
2019-09-12 11:35:40,366 [pool-144-thread-1] INFO  impl.RaftServerImpl (RaftServerImpl.java:start(180)) - 3a95b4ad-2c75-4701-886b-3e35cc487dd8: start group-AD43B3502A2A
2019-09-12 11:35:40,366 [pool-144-thread-1] INFO  impl.RaftServerImpl (RaftServerImpl.java:setRole(171)) - 3a95b4ad-2c75-4701-886b-3e35cc487dd8:group-AD43B3502A2A changes role from null to FOLLOWER at term 0 for startAsFollower
2019-09-12 11:35:40,366 [pool-144-thread-1] INFO  impl.RoleInfo (RoleInfo.java:updateAndGet(143)) - 3a95b4ad-2c75-4701-886b-3e35cc487dd8: start FollowerState
2019-09-12 11:35:40,367 [pool-144-thread-1] INFO  util.JmxRegister (JmxRegister.java:tryRegister(44)) - Successfully registered JMX Bean with object name Ratis:service=RaftServer,group=group-AD43B3502A2A,id=3a95b4ad-2c75-4701-886b-3e35cc487dd8
2019-09-12 11:35:40,370 [RatisPipelineUtilsThread] INFO  pipeline.PipelineStateManager (PipelineStateManager.java:addPipeline(56)) - Created pipeline Pipeline[ Id: 21e08598-4085-4441-b6d9-ad43b3502a2a, Nodes: 3a95b4ad-2c75-4701-886b-3e35cc487dd8{ip: 192.168.36.114, host: pr-hdds-1569-58hkm-1881083799, networkLocation: /default-rack, certSerialId: null}, Type:RATIS, Factor:ONE, State:OPEN]
2019-09-12 11:35:40,377 [grpc-default-executor-0] INFO  impl.RaftServerProxy (RaftServerProxy.java:addNew(89)) - 3a95b4ad-2c75-4701-886b-3e35cc487dd8: addNew group-E2B0E5A513D2:[3a95b4ad-2c75-4701-886b-3e35cc487dd8:192.168.36.114:41482] returns group-E2B0E5A513D2:java.util.concurrent.CompletableFuture@215e21f1[Not completed]
2019-09-12 11:35:40,379 [pool-144-thread-1] INFO  impl.RaftServerImpl (RaftServerImpl.java:<init>(93)) - 3a95b4ad-2c75-4701-886b-3e35cc487dd8: new RaftServerImpl for group-E2B0E5A513D2:[3a95b4ad-2c75-4701-886b-3e35cc487dd8:192.168.36.114:41482] with ContainerStateMachine:uninitialized
2019-09-12 11:35:40,379 [pool-144-thread-1] INFO  server.RaftServerConfigKeys (ConfUtils.java:logGet(43)) - raft.server.rpc.timeout.min = 5s (custom)
2019-09-12 11:35:40,379 [pool-144-thread-1] INFO  server.RaftServerConfigKeys (ConfUtils.java:logGet(43)) - raft.server.rpc.timeout.max = 5200ms (custom)
2019-09-12 11:35:40,379 [pool-144-thread-1] INFO  server.RaftServerConfigKeys (ConfUtils.java:logGet(43)) - raft.server.rpcslowness.timeout = 120s (custom)
2019-09-12 11:35:40,379 [pool-144-thread-1] INFO  server.RaftServerConfigKeys (ConfUtils.java:logGet(43)) - raft.server.sleep.deviation.threshold = 300 (default)
2019-09-12 11:35:40,379 [pool-144-thread-1] INFO  server.RaftServerConfigKeys (ConfUtils.java:logGet(43)) - raft.server.log.appender.install.snapshot.enabled = false (custom)
2019-09-12 11:35:40,380 [pool-144-thread-1] INFO  impl.RaftServerImpl (ServerState.java:<init>(105)) - 3a95b4ad-2c75-4701-886b-3e35cc487dd8:group-E2B0E5A513D2 ConfigurationManager, init=-1: [3a95b4ad-2c75-4701-886b-3e35cc487dd8:192.168.36.114:41482], old=null, confs=<EMPTY_MAP>
2019-09-12 11:35:40,380 [pool-144-thread-1] INFO  server.RaftServerConfigKeys (ConfUtils.java:logGet(43)) - raft.server.storage.dir = [/workdir/hadoop-ozone/ozonefs/target/test-dir/MiniOzoneClusterImpl-eef5df77-1b8f-4c52-a6bc-dd98b83f7990/datanode-1/data/ratis] (custom)
2019-09-12 11:35:40,380 [pool-144-thread-1] INFO  storage.RaftStorageDirectory (RaftStorageDirectory.java:analyzeStorage(246)) - The storage directory /workdir/hadoop-ozone/ozonefs/target/test-dir/MiniOzoneClusterImpl-eef5df77-1b8f-4c52-a6bc-dd98b83f7990/datanode-1/data/ratis/fb67345e-0053-4490-905f-e2b0e5a513d2 does not exist. Creating ...
2019-09-12 11:35:40,393 [pool-144-thread-1] INFO  storage.RaftStorageDirectory (RaftStorageDirectory.java:tryLock(328)) - Lock on /workdir/hadoop-ozone/ozonefs/target/test-dir/MiniOzoneClusterImpl-eef5df77-1b8f-4c52-a6bc-dd98b83f7990/datanode-1/data/ratis/fb67345e-0053-4490-905f-e2b0e5a513d2/in_use.lock acquired by nodename 26908@pr-hdds-1569-58hkm-1881083799
2019-09-12 11:35:40,406 [pool-144-thread-1] INFO  storage.RaftStorage (RaftStorage.java:format(72)) - Storage directory /workdir/hadoop-ozone/ozonefs/target/test-dir/MiniOzoneClusterImpl-eef5df77-1b8f-4c52-a6bc-dd98b83f7990/datanode-1/data/ratis/fb67345e-0053-4490-905f-e2b0e5a513d2 has been successfully formatted.
2019-09-12 11:35:40,406 [pool-144-thread-1] INFO  ratis.ContainerStateMachine (ContainerStateMachine.java:loadSnapshot(226)) - group-E2B0E5A513D2: The snapshot info is null. Setting the last applied indexto:(t:0, i:~)
2019-09-12 11:35:40,406 [pool-144-thread-1] INFO  server.RaftServerConfigKeys (ConfUtils.java:logGet(43)) - raft.server.leader.election.timeout = 120s (custom)
2019-09-12 11:35:40,406 [pool-144-thread-1] INFO  server.RaftServerConfigKeys (ConfUtils.java:logGet(43)) - raft.server.log.use.memory = false (default)
2019-09-12 11:35:40,407 [pool-144-thread-1] INFO  server.RaftServerConfigKeys (ConfUtils.java:logGet(43)) - raft.server.log.purge.gap = 1000000 (custom)
2019-09-12 11:35:40,407 [pool-144-thread-1] INFO  server.RaftServerConfigKeys (ConfUtils.java:logGet(43)) - raft.server.log.appender.buffer.byte-limit = 33554432 (custom)
2019-09-12 11:35:40,407 [pool-144-thread-1] INFO  server.RaftServerConfigKeys (ConfUtils.java:logGet(43)) - raft.server.log.segment.size.max = 1048576 (custom)
2019-09-12 11:35:40,407 [pool-144-thread-1] INFO  server.RaftServerConfigKeys (ConfUtils.java:logGet(43)) - raft.server.log.segment.cache.num.max = 2 (custom)
2019-09-12 11:35:40,407 [pool-144-thread-1] INFO  segmented.SegmentedRaftLogWorker (SegmentedRaftLogWorker.java:<init>(172)) - new 3a95b4ad-2c75-4701-886b-3e35cc487dd8-SegmentedRaftLogWorker:Storage Directory /workdir/hadoop-ozone/ozonefs/target/test-dir/MiniOzoneClusterImpl-eef5df77-1b8f-4c52-a6bc-dd98b83f7990/datanode-1/data/ratis/fb67345e-0053-4490-905f-e2b0e5a513d2 for RaftStorage:Storage Directory /workdir/hadoop-ozone/ozonefs/target/test-dir/MiniOzoneClusterImpl-eef5df77-1b8f-4c52-a6bc-dd98b83f7990/datanode-1/data/ratis/fb67345e-0053-4490-905f-e2b0e5a513d2
2019-09-12 11:35:40,408 [pool-144-thread-1] INFO  server.RaftServerConfigKeys (ConfUtils.java:logGet(43)) - raft.server.log.queue.byte-limit = 2147483647 (custom)
2019-09-12 11:35:40,408 [pool-144-thread-1] INFO  server.RaftServerConfigKeys (ConfUtils.java:logGet(43)) - raft.server.log.queue.element-limit = 1024 (custom)
2019-09-12 11:35:40,408 [pool-144-thread-1] INFO  server.RaftServerConfigKeys (ConfUtils.java:logGet(43)) - raft.server.log.segment.size.max = 1048576 (custom)
2019-09-12 11:35:40,408 [pool-144-thread-1] INFO  server.RaftServerConfigKeys (ConfUtils.java:logGet(43)) - raft.server.log.preallocated.size = 16384 (custom)
2019-09-12 11:35:40,408 [pool-144-thread-1] INFO  server.RaftServerConfigKeys (ConfUtils.java:logGet(43)) - raft.server.log.write.buffer.size = 33554432 (custom)
2019-09-12 11:35:40,408 [pool-144-thread-1] INFO  server.RaftServerConfigKeys (ConfUtils.java:logGet(43)) - raft.server.log.force.sync.num = 128 (default)
2019-09-12 11:35:40,408 [pool-144-thread-1] INFO  server.RaftServerConfigKeys (ConfUtils.java:logGet(43)) - raft.server.log.statemachine.data.sync = true (default)
2019-09-12 11:35:40,409 [pool-144-thread-1] INFO  server.RaftServerConfigKeys (ConfUtils.java:logGet(43)) - raft.server.log.statemachine.data.sync.timeout = 10s (default)
2019-09-12 11:35:40,409 [pool-144-thread-1] INFO  server.RaftServerConfigKeys (ConfUtils.java:logGet(43)) - raft.server.log.statemachine.data.sync.timeout.retry = -1 (default)
2019-09-12 11:35:40,409 [pool-144-thread-1] INFO  server.RaftServerConfigKeys (ConfUtils.java:logGet(43)) - raft.server.log.statemachine.data.caching.enabled = true (custom)
2019-09-12 11:35:40,409 [pool-144-thread-1] INFO  segmented.SegmentedRaftLogWorker (SegmentedRaftLogWorker.java:lambda$new$0(132)) - 3a95b4ad-2c75-4701-886b-3e35cc487dd8-SegmentedRaftLogWorker:Storage Directory /workdir/hadoop-ozone/ozonefs/target/test-dir/MiniOzoneClusterImpl-eef5df77-1b8f-4c52-a6bc-dd98b83f7990/datanode-1/data/ratis/fb67345e-0053-4490-905f-e2b0e5a513d2: flushIndex: setUnconditionally 0 -> -1
2019-09-12 11:35:40,410 [pool-144-thread-1] INFO  server.RaftServerConfigKeys (ConfUtils.java:logGet(43)) - raft.server.snapshot.auto.trigger.enabled = true (custom)
2019-09-12 11:35:40,410 [pool-144-thread-1] INFO  server.RaftServerConfigKeys (ConfUtils.java:logGet(43)) - raft.server.snapshot.auto.trigger.threshold = 10000 (custom)
2019-09-12 11:35:40,410 [pool-144-thread-1] INFO  server.RaftServerConfigKeys (ConfUtils.java:logGet(43)) - raft.server.retrycache.expirytime = 600000ms (custom)
2019-09-12 11:35:40,410 [pool-144-thread-1] INFO  impl.RaftServerImpl (RaftServerImpl.java:start(180)) - 3a95b4ad-2c75-4701-886b-3e35cc487dd8: start group-E2B0E5A513D2
2019-09-12 11:35:40,410 [pool-144-thread-1] INFO  impl.RaftServerImpl (RaftServerImpl.java:setRole(171)) - 3a95b4ad-2c75-4701-886b-3e35cc487dd8:group-E2B0E5A513D2 changes role from null to FOLLOWER at term 0 for startAsFollower
2019-09-12 11:35:40,411 [pool-144-thread-1] INFO  impl.RoleInfo (RoleInfo.java:updateAndGet(143)) - 3a95b4ad-2c75-4701-886b-3e35cc487dd8: start FollowerState
2019-09-12 11:35:40,411 [pool-144-thread-1] INFO  util.JmxRegister (JmxRegister.java:tryRegister(44)) - Successfully registered JMX Bean with object name Ratis:service=RaftServer,group=group-E2B0E5A513D2,id=3a95b4ad-2c75-4701-886b-3e35cc487dd8
2019-09-12 11:35:40,414 [RatisPipelineUtilsThread] INFO  pipeline.PipelineStateManager (PipelineStateManager.java:addPipeline(56)) - Created pipeline Pipeline[ Id: fb67345e-0053-4490-905f-e2b0e5a513d2, Nodes: 3a95b4ad-2c75-4701-886b-3e35cc487dd8{ip: 192.168.36.114, host: pr-hdds-1569-58hkm-1881083799, networkLocation: /default-rack, certSerialId: null}, Type:RATIS, Factor:ONE, State:OPEN]
2019-09-12 11:35:40,420 [grpc-default-executor-0] INFO  impl.RaftServerProxy (RaftServerProxy.java:addNew(89)) - 68babcc3-18e0-4d97-99ff-fca6904ee00c: addNew group-8B3A30DCE4EE:[68babcc3-18e0-4d97-99ff-fca6904ee00c:192.168.36.114:43875] returns group-8B3A30DCE4EE:java.util.concurrent.CompletableFuture@46e7c278[Not completed]
2019-09-12 11:35:40,421 [pool-133-thread-1] INFO  impl.RaftServerImpl (RaftServerImpl.java:<init>(93)) - 68babcc3-18e0-4d97-99ff-fca6904ee00c: new RaftServerImpl for group-8B3A30DCE4EE:[68babcc3-18e0-4d97-99ff-fca6904ee00c:192.168.36.114:43875] with ContainerStateMachine:uninitialized
2019-09-12 11:35:40,421 [pool-133-thread-1] INFO  server.RaftServerConfigKeys (ConfUtils.java:logGet(43)) - raft.server.rpc.timeout.min = 5s (custom)
2019-09-12 11:35:40,421 [pool-133-thread-1] INFO  server.RaftServerConfigKeys (ConfUtils.java:logGet(43)) - raft.server.rpc.timeout.max = 5200ms (custom)
2019-09-12 11:35:40,422 [pool-133-thread-1] INFO  server.RaftServerConfigKeys (ConfUtils.java:logGet(43)) - raft.server.rpcslowness.timeout = 120s (custom)
2019-09-12 11:35:40,422 [pool-133-thread-1] INFO  server.RaftServerConfigKeys (ConfUtils.java:logGet(43)) - raft.server.sleep.deviation.threshold = 300 (default)
2019-09-12 11:35:40,422 [pool-133-thread-1] INFO  server.RaftServerConfigKeys (ConfUtils.java:logGet(43)) - raft.server.log.appender.install.snapshot.enabled = false (custom)
2019-09-12 11:35:40,422 [pool-133-thread-1] INFO  impl.RaftServerImpl (ServerState.java:<init>(105)) - 68babcc3-18e0-4d97-99ff-fca6904ee00c:group-8B3A30DCE4EE ConfigurationManager, init=-1: [68babcc3-18e0-4d97-99ff-fca6904ee00c:192.168.36.114:43875], old=null, confs=<EMPTY_MAP>
2019-09-12 11:35:40,422 [pool-133-thread-1] INFO  server.RaftServerConfigKeys (ConfUtils.java:logGet(43)) - raft.server.storage.dir = [/workdir/hadoop-ozone/ozonefs/target/test-dir/MiniOzoneClusterImpl-eef5df77-1b8f-4c52-a6bc-dd98b83f7990/datanode-0/data/ratis] (custom)
2019-09-12 11:35:40,423 [pool-133-thread-1] INFO  storage.RaftStorageDirectory (RaftStorageDirectory.java:analyzeStorage(246)) - The storage directory /workdir/hadoop-ozone/ozonefs/target/test-dir/MiniOzoneClusterImpl-eef5df77-1b8f-4c52-a6bc-dd98b83f7990/datanode-0/data/ratis/721b8a25-ff92-45f2-814b-8b3a30dce4ee does not exist. Creating ...
2019-09-12 11:35:40,437 [pool-133-thread-1] INFO  storage.RaftStorageDirectory (RaftStorageDirectory.java:tryLock(328)) - Lock on /workdir/hadoop-ozone/ozonefs/target/test-dir/MiniOzoneClusterImpl-eef5df77-1b8f-4c52-a6bc-dd98b83f7990/datanode-0/data/ratis/721b8a25-ff92-45f2-814b-8b3a30dce4ee/in_use.lock acquired by nodename 26908@pr-hdds-1569-58hkm-1881083799
2019-09-12 11:35:40,450 [pool-133-thread-1] INFO  storage.RaftStorage (RaftStorage.java:format(72)) - Storage directory /workdir/hadoop-ozone/ozonefs/target/test-dir/MiniOzoneClusterImpl-eef5df77-1b8f-4c52-a6bc-dd98b83f7990/datanode-0/data/ratis/721b8a25-ff92-45f2-814b-8b3a30dce4ee has been successfully formatted.
2019-09-12 11:35:40,451 [pool-133-thread-1] INFO  ratis.ContainerStateMachine (ContainerStateMachine.java:loadSnapshot(226)) - group-8B3A30DCE4EE: The snapshot info is null. Setting the last applied indexto:(t:0, i:~)
2019-09-12 11:35:40,451 [pool-133-thread-1] INFO  server.RaftServerConfigKeys (ConfUtils.java:logGet(43)) - raft.server.leader.election.timeout = 120s (custom)
2019-09-12 11:35:40,451 [pool-133-thread-1] INFO  server.RaftServerConfigKeys (ConfUtils.java:logGet(43)) - raft.server.log.use.memory = false (default)
2019-09-12 11:35:40,451 [pool-133-thread-1] INFO  server.RaftServerConfigKeys (ConfUtils.java:logGet(43)) - raft.server.log.purge.gap = 1000000 (custom)
2019-09-12 11:35:40,451 [pool-133-thread-1] INFO  server.RaftServerConfigKeys (ConfUtils.java:logGet(43)) - raft.server.log.appender.buffer.byte-limit = 33554432 (custom)
2019-09-12 11:35:40,452 [pool-133-thread-1] INFO  server.RaftServerConfigKeys (ConfUtils.java:logGet(43)) - raft.server.log.segment.size.max = 1048576 (custom)
2019-09-12 11:35:40,452 [pool-133-thread-1] INFO  server.RaftServerConfigKeys (ConfUtils.java:logGet(43)) - raft.server.log.segment.cache.num.max = 2 (custom)
2019-09-12 11:35:40,452 [pool-133-thread-1] INFO  segmented.SegmentedRaftLogWorker (SegmentedRaftLogWorker.java:<init>(172)) - new 68babcc3-18e0-4d97-99ff-fca6904ee00c-SegmentedRaftLogWorker:Storage Directory /workdir/hadoop-ozone/ozonefs/target/test-dir/MiniOzoneClusterImpl-eef5df77-1b8f-4c52-a6bc-dd98b83f7990/datanode-0/data/ratis/721b8a25-ff92-45f2-814b-8b3a30dce4ee for RaftStorage:Storage Directory /workdir/hadoop-ozone/ozonefs/target/test-dir/MiniOzoneClusterImpl-eef5df77-1b8f-4c52-a6bc-dd98b83f7990/datanode-0/data/ratis/721b8a25-ff92-45f2-814b-8b3a30dce4ee
2019-09-12 11:35:40,452 [pool-133-thread-1] INFO  server.RaftServerConfigKeys (ConfUtils.java:logGet(43)) - raft.server.log.queue.byte-limit = 2147483647 (custom)
2019-09-12 11:35:40,452 [pool-133-thread-1] INFO  server.RaftServerConfigKeys (ConfUtils.java:logGet(43)) - raft.server.log.queue.element-limit = 1024 (custom)
2019-09-12 11:35:40,453 [pool-133-thread-1] INFO  server.RaftServerConfigKeys (ConfUtils.java:logGet(43)) - raft.server.log.segment.size.max = 1048576 (custom)
2019-09-12 11:35:40,453 [pool-133-thread-1] INFO  server.RaftServerConfigKeys (ConfUtils.java:logGet(43)) - raft.server.log.preallocated.size = 16384 (custom)
2019-09-12 11:35:40,453 [pool-133-thread-1] INFO  server.RaftServerConfigKeys (ConfUtils.java:logGet(43)) - raft.server.log.write.buffer.size = 33554432 (custom)
2019-09-12 11:35:40,453 [pool-133-thread-1] INFO  server.RaftServerConfigKeys (ConfUtils.java:logGet(43)) - raft.server.log.force.sync.num = 128 (default)
2019-09-12 11:35:40,453 [pool-133-thread-1] INFO  server.RaftServerConfigKeys (ConfUtils.java:logGet(43)) - raft.server.log.statemachine.data.sync = true (default)
2019-09-12 11:35:40,453 [pool-133-thread-1] INFO  server.RaftServerConfigKeys (ConfUtils.java:logGet(43)) - raft.server.log.statemachine.data.sync.timeout = 10s (default)
2019-09-12 11:35:40,453 [pool-133-thread-1] INFO  server.RaftServerConfigKeys (ConfUtils.java:logGet(43)) - raft.server.log.statemachine.data.sync.timeout.retry = -1 (default)
2019-09-12 11:35:40,454 [pool-133-thread-1] INFO  server.RaftServerConfigKeys (ConfUtils.java:logGet(43)) - raft.server.log.statemachine.data.caching.enabled = true (custom)
2019-09-12 11:35:40,454 [pool-133-thread-1] INFO  segmented.SegmentedRaftLogWorker (SegmentedRaftLogWorker.java:lambda$new$0(132)) - 68babcc3-18e0-4d97-99ff-fca6904ee00c-SegmentedRaftLogWorker:Storage Directory /workdir/hadoop-ozone/ozonefs/target/test-dir/MiniOzoneClusterImpl-eef5df77-1b8f-4c52-a6bc-dd98b83f7990/datanode-0/data/ratis/721b8a25-ff92-45f2-814b-8b3a30dce4ee: flushIndex: setUnconditionally 0 -> -1
2019-09-12 11:35:40,455 [pool-133-thread-1] INFO  server.RaftServerConfigKeys (ConfUtils.java:logGet(43)) - raft.server.snapshot.auto.trigger.enabled = true (custom)
2019-09-12 11:35:40,455 [pool-133-thread-1] INFO  server.RaftServerConfigKeys (ConfUtils.java:logGet(43)) - raft.server.snapshot.auto.trigger.threshold = 10000 (custom)
2019-09-12 11:35:40,455 [pool-133-thread-1] INFO  server.RaftServerConfigKeys (ConfUtils.java:logGet(43)) - raft.server.retrycache.expirytime = 600000ms (custom)
2019-09-12 11:35:40,455 [pool-133-thread-1] INFO  impl.RaftServerImpl (RaftServerImpl.java:start(180)) - 68babcc3-18e0-4d97-99ff-fca6904ee00c: start group-8B3A30DCE4EE
2019-09-12 11:35:40,455 [pool-133-thread-1] INFO  impl.RaftServerImpl (RaftServerImpl.java:setRole(171)) - 68babcc3-18e0-4d97-99ff-fca6904ee00c:group-8B3A30DCE4EE changes role from null to FOLLOWER at term 0 for startAsFollower
2019-09-12 11:35:40,456 [pool-133-thread-1] INFO  impl.RoleInfo (RoleInfo.java:updateAndGet(143)) - 68babcc3-18e0-4d97-99ff-fca6904ee00c: start FollowerState
2019-09-12 11:35:40,456 [pool-133-thread-1] INFO  util.JmxRegister (JmxRegister.java:tryRegister(44)) - Successfully registered JMX Bean with object name Ratis:service=RaftServer,group=group-8B3A30DCE4EE,id=68babcc3-18e0-4d97-99ff-fca6904ee00c
2019-09-12 11:35:40,459 [RatisPipelineUtilsThread] INFO  pipeline.PipelineStateManager (PipelineStateManager.java:addPipeline(56)) - Created pipeline Pipeline[ Id: 721b8a25-ff92-45f2-814b-8b3a30dce4ee, Nodes: 68babcc3-18e0-4d97-99ff-fca6904ee00c{ip: 192.168.36.114, host: pr-hdds-1569-58hkm-1881083799, networkLocation: /default-rack, certSerialId: null}, Type:RATIS, Factor:ONE, State:OPEN]
2019-09-12 11:35:40,459 [RatisPipelineUtilsThread] ERROR pipeline.PipelinePlacementPolicy (PipelinePlacementPolicy.java:meetCriteria(92)) - Pipeline Placement: Doesn't meet the criteria to be viable node. Heaviness: 6
2019-09-12 11:35:40,466 [grpc-default-executor-0] INFO  impl.RaftServerProxy (RaftServerProxy.java:addNew(89)) - 3a95b4ad-2c75-4701-886b-3e35cc487dd8: addNew group-E15FE24FC6F1:[3a95b4ad-2c75-4701-886b-3e35cc487dd8:192.168.36.114:41482] returns group-E15FE24FC6F1:java.util.concurrent.CompletableFuture@3474f23b[Not completed]
2019-09-12 11:35:40,468 [pool-144-thread-1] INFO  impl.RaftServerImpl (RaftServerImpl.java:<init>(93)) - 3a95b4ad-2c75-4701-886b-3e35cc487dd8: new RaftServerImpl for group-E15FE24FC6F1:[3a95b4ad-2c75-4701-886b-3e35cc487dd8:192.168.36.114:41482] with ContainerStateMachine:uninitialized
2019-09-12 11:35:40,468 [pool-144-thread-1] INFO  server.RaftServerConfigKeys (ConfUtils.java:logGet(43)) - raft.server.rpc.timeout.min = 5s (custom)
2019-09-12 11:35:40,468 [pool-144-thread-1] INFO  server.RaftServerConfigKeys (ConfUtils.java:logGet(43)) - raft.server.rpc.timeout.max = 5200ms (custom)
2019-09-12 11:35:40,468 [pool-144-thread-1] INFO  server.RaftServerConfigKeys (ConfUtils.java:logGet(43)) - raft.server.rpcslowness.timeout = 120s (custom)
2019-09-12 11:35:40,468 [pool-144-thread-1] INFO  server.RaftServerConfigKeys (ConfUtils.java:logGet(43)) - raft.server.sleep.deviation.threshold = 300 (default)
2019-09-12 11:35:40,469 [pool-144-thread-1] INFO  server.RaftServerConfigKeys (ConfUtils.java:logGet(43)) - raft.server.log.appender.install.snapshot.enabled = false (custom)
2019-09-12 11:35:40,469 [pool-144-thread-1] INFO  impl.RaftServerImpl (ServerState.java:<init>(105)) - 3a95b4ad-2c75-4701-886b-3e35cc487dd8:group-E15FE24FC6F1 ConfigurationManager, init=-1: [3a95b4ad-2c75-4701-886b-3e35cc487dd8:192.168.36.114:41482], old=null, confs=<EMPTY_MAP>
2019-09-12 11:35:40,469 [pool-144-thread-1] INFO  server.RaftServerConfigKeys (ConfUtils.java:logGet(43)) - raft.server.storage.dir = [/workdir/hadoop-ozone/ozonefs/target/test-dir/MiniOzoneClusterImpl-eef5df77-1b8f-4c52-a6bc-dd98b83f7990/datanode-1/data/ratis] (custom)
2019-09-12 11:35:40,469 [pool-144-thread-1] INFO  storage.RaftStorageDirectory (RaftStorageDirectory.java:analyzeStorage(246)) - The storage directory /workdir/hadoop-ozone/ozonefs/target/test-dir/MiniOzoneClusterImpl-eef5df77-1b8f-4c52-a6bc-dd98b83f7990/datanode-1/data/ratis/cda1c815-07bf-4263-9ab0-e15fe24fc6f1 does not exist. Creating ...
2019-09-12 11:35:40,480 [Thread-540] INFO  ozone.MiniOzoneClusterImpl (MiniOzoneClusterImpl.java:lambda$waitForClusterToBeReady$0(142)) - Waiting for cluster to be ready. Got 2 of 3 DN Heartbeats.
2019-09-12 11:35:40,482 [IPC Server handler 1 on 37503] INFO  net.NetworkTopology (NetworkTopologyImpl.java:add(110)) - Added a new node: /default-rack/b3c7b149-240e-4b69-a097-dee5cbed4f61
2019-09-12 11:35:40,482 [IPC Server handler 1 on 37503] INFO  node.SCMNodeManager (SCMNodeManager.java:register(273)) - Registered Data node : b3c7b149-240e-4b69-a097-dee5cbed4f61{ip: 192.168.36.114, host: pr-hdds-1569-58hkm-1881083799, networkLocation: /default-rack, certSerialId: null}
2019-09-12 11:35:40,483 | INFO  | SCMAudit | user=jenkins1000 | ip=192.168.36.114 | op=REGISTER {datanodeDetails=b3c7b149-240e-4b69-a097-dee5cbed4f61{ip: 192.168.36.114, host: pr-hdds-1569-58hkm-1881083799, networkLocation: /default-rack, certSerialId: null}} | ret=SUCCESS |  
2019-09-12 11:35:40,484 [pool-144-thread-1] INFO  storage.RaftStorageDirectory (RaftStorageDirectory.java:tryLock(328)) - Lock on /workdir/hadoop-ozone/ozonefs/target/test-dir/MiniOzoneClusterImpl-eef5df77-1b8f-4c52-a6bc-dd98b83f7990/datanode-1/data/ratis/cda1c815-07bf-4263-9ab0-e15fe24fc6f1/in_use.lock acquired by nodename 26908@pr-hdds-1569-58hkm-1881083799
2019-09-12 11:35:40,497 [pool-144-thread-1] INFO  storage.RaftStorage (RaftStorage.java:format(72)) - Storage directory /workdir/hadoop-ozone/ozonefs/target/test-dir/MiniOzoneClusterImpl-eef5df77-1b8f-4c52-a6bc-dd98b83f7990/datanode-1/data/ratis/cda1c815-07bf-4263-9ab0-e15fe24fc6f1 has been successfully formatted.
2019-09-12 11:35:40,498 [pool-144-thread-1] INFO  ratis.ContainerStateMachine (ContainerStateMachine.java:loadSnapshot(226)) - group-E15FE24FC6F1: The snapshot info is null. Setting the last applied indexto:(t:0, i:~)
2019-09-12 11:35:40,498 [pool-144-thread-1] INFO  server.RaftServerConfigKeys (ConfUtils.java:logGet(43)) - raft.server.leader.election.timeout = 120s (custom)
2019-09-12 11:35:40,498 [pool-144-thread-1] INFO  server.RaftServerConfigKeys (ConfUtils.java:logGet(43)) - raft.server.log.use.memory = false (default)
2019-09-12 11:35:40,498 [pool-144-thread-1] INFO  server.RaftServerConfigKeys (ConfUtils.java:logGet(43)) - raft.server.log.purge.gap = 1000000 (custom)
2019-09-12 11:35:40,498 [pool-144-thread-1] INFO  server.RaftServerConfigKeys (ConfUtils.java:logGet(43)) - raft.server.log.appender.buffer.byte-limit = 33554432 (custom)
2019-09-12 11:35:40,498 [pool-144-thread-1] INFO  server.RaftServerConfigKeys (ConfUtils.java:logGet(43)) - raft.server.log.segment.size.max = 1048576 (custom)
2019-09-12 11:35:40,499 [pool-144-thread-1] INFO  server.RaftServerConfigKeys (ConfUtils.java:logGet(43)) - raft.server.log.segment.cache.num.max = 2 (custom)
2019-09-12 11:35:40,499 [pool-144-thread-1] INFO  segmented.SegmentedRaftLogWorker (SegmentedRaftLogWorker.java:<init>(172)) - new 3a95b4ad-2c75-4701-886b-3e35cc487dd8-SegmentedRaftLogWorker:Storage Directory /workdir/hadoop-ozone/ozonefs/target/test-dir/MiniOzoneClusterImpl-eef5df77-1b8f-4c52-a6bc-dd98b83f7990/datanode-1/data/ratis/cda1c815-07bf-4263-9ab0-e15fe24fc6f1 for RaftStorage:Storage Directory /workdir/hadoop-ozone/ozonefs/target/test-dir/MiniOzoneClusterImpl-eef5df77-1b8f-4c52-a6bc-dd98b83f7990/datanode-1/data/ratis/cda1c815-07bf-4263-9ab0-e15fe24fc6f1
2019-09-12 11:35:40,499 [pool-144-thread-1] INFO  server.RaftServerConfigKeys (ConfUtils.java:logGet(43)) - raft.server.log.queue.byte-limit = 2147483647 (custom)
2019-09-12 11:35:40,499 [pool-144-thread-1] INFO  server.RaftServerConfigKeys (ConfUtils.java:logGet(43)) - raft.server.log.queue.element-limit = 1024 (custom)
2019-09-12 11:35:40,499 [pool-144-thread-1] INFO  server.RaftServerConfigKeys (ConfUtils.java:logGet(43)) - raft.server.log.segment.size.max = 1048576 (custom)
2019-09-12 11:35:40,499 [pool-144-thread-1] INFO  server.RaftServerConfigKeys (ConfUtils.java:logGet(43)) - raft.server.log.preallocated.size = 16384 (custom)
2019-09-12 11:35:40,500 [pool-144-thread-1] INFO  server.RaftServerConfigKeys (ConfUtils.java:logGet(43)) - raft.server.log.write.buffer.size = 33554432 (custom)
2019-09-12 11:35:40,500 [pool-144-thread-1] INFO  server.RaftServerConfigKeys (ConfUtils.java:logGet(43)) - raft.server.log.force.sync.num = 128 (default)
2019-09-12 11:35:40,500 [pool-144-thread-1] INFO  server.RaftServerConfigKeys (ConfUtils.java:logGet(43)) - raft.server.log.statemachine.data.sync = true (default)
2019-09-12 11:35:40,500 [pool-144-thread-1] INFO  server.RaftServerConfigKeys (ConfUtils.java:logGet(43)) - raft.server.log.statemachine.data.sync.timeout = 10s (default)
2019-09-12 11:35:40,500 [pool-144-thread-1] INFO  server.RaftServerConfigKeys (ConfUtils.java:logGet(43)) - raft.server.log.statemachine.data.sync.timeout.retry = -1 (default)
2019-09-12 11:35:40,501 [pool-144-thread-1] INFO  server.RaftServerConfigKeys (ConfUtils.java:logGet(43)) - raft.server.log.statemachine.data.caching.enabled = true (custom)
2019-09-12 11:35:40,501 [pool-144-thread-1] INFO  segmented.SegmentedRaftLogWorker (SegmentedRaftLogWorker.java:lambda$new$0(132)) - 3a95b4ad-2c75-4701-886b-3e35cc487dd8-SegmentedRaftLogWorker:Storage Directory /workdir/hadoop-ozone/ozonefs/target/test-dir/MiniOzoneClusterImpl-eef5df77-1b8f-4c52-a6bc-dd98b83f7990/datanode-1/data/ratis/cda1c815-07bf-4263-9ab0-e15fe24fc6f1: flushIndex: setUnconditionally 0 -> -1
2019-09-12 11:35:40,501 [pool-144-thread-1] INFO  server.RaftServerConfigKeys (ConfUtils.java:logGet(43)) - raft.server.snapshot.auto.trigger.enabled = true (custom)
2019-09-12 11:35:40,501 [pool-144-thread-1] INFO  server.RaftServerConfigKeys (ConfUtils.java:logGet(43)) - raft.server.snapshot.auto.trigger.threshold = 10000 (custom)
2019-09-12 11:35:40,502 [pool-144-thread-1] INFO  server.RaftServerConfigKeys (ConfUtils.java:logGet(43)) - raft.server.retrycache.expirytime = 600000ms (custom)
2019-09-12 11:35:40,502 [pool-144-thread-1] INFO  impl.RaftServerImpl (RaftServerImpl.java:start(180)) - 3a95b4ad-2c75-4701-886b-3e35cc487dd8: start group-E15FE24FC6F1
2019-09-12 11:35:40,502 [pool-144-thread-1] INFO  impl.RaftServerImpl (RaftServerImpl.java:setRole(171)) - 3a95b4ad-2c75-4701-886b-3e35cc487dd8:group-E15FE24FC6F1 changes role from null to FOLLOWER at term 0 for startAsFollower
2019-09-12 11:35:40,502 [pool-144-thread-1] INFO  impl.RoleInfo (RoleInfo.java:updateAndGet(143)) - 3a95b4ad-2c75-4701-886b-3e35cc487dd8: start FollowerState
2019-09-12 11:35:40,503 [pool-144-thread-1] INFO  util.JmxRegister (JmxRegister.java:tryRegister(44)) - Successfully registered JMX Bean with object name Ratis:service=RaftServer,group=group-E15FE24FC6F1,id=3a95b4ad-2c75-4701-886b-3e35cc487dd8
2019-09-12 11:35:40,506 [RatisPipelineUtilsThread] INFO  pipeline.PipelineStateManager (PipelineStateManager.java:addPipeline(56)) - Created pipeline Pipeline[ Id: cda1c815-07bf-4263-9ab0-e15fe24fc6f1, Nodes: 3a95b4ad-2c75-4701-886b-3e35cc487dd8{ip: 192.168.36.114, host: pr-hdds-1569-58hkm-1881083799, networkLocation: /default-rack, certSerialId: null}, Type:RATIS, Factor:ONE, State:OPEN]
2019-09-12 11:35:40,507 [RatisPipelineUtilsThread] ERROR pipeline.PipelinePlacementPolicy (PipelinePlacementPolicy.java:meetCriteria(92)) - Pipeline Placement: Doesn't meet the criteria to be viable node. Heaviness: 6
2019-09-12 11:35:40,513 [grpc-default-executor-0] INFO  impl.RaftServerProxy (RaftServerProxy.java:addNew(89)) - 3a95b4ad-2c75-4701-886b-3e35cc487dd8: addNew group-1D0090335B36:[3a95b4ad-2c75-4701-886b-3e35cc487dd8:192.168.36.114:41482] returns group-1D0090335B36:java.util.concurrent.CompletableFuture@c039253[Not completed]
2019-09-12 11:35:40,514 [pool-144-thread-1] INFO  impl.RaftServerImpl (RaftServerImpl.java:<init>(93)) - 3a95b4ad-2c75-4701-886b-3e35cc487dd8: new RaftServerImpl for group-1D0090335B36:[3a95b4ad-2c75-4701-886b-3e35cc487dd8:192.168.36.114:41482] with ContainerStateMachine:uninitialized
2019-09-12 11:35:40,515 [pool-144-thread-1] INFO  server.RaftServerConfigKeys (ConfUtils.java:logGet(43)) - raft.server.rpc.timeout.min = 5s (custom)
2019-09-12 11:35:40,515 [pool-144-thread-1] INFO  server.RaftServerConfigKeys (ConfUtils.java:logGet(43)) - raft.server.rpc.timeout.max = 5200ms (custom)
2019-09-12 11:35:40,515 [pool-144-thread-1] INFO  server.RaftServerConfigKeys (ConfUtils.java:logGet(43)) - raft.server.rpcslowness.timeout = 120s (custom)
2019-09-12 11:35:40,515 [pool-144-thread-1] INFO  server.RaftServerConfigKeys (ConfUtils.java:logGet(43)) - raft.server.sleep.deviation.threshold = 300 (default)
2019-09-12 11:35:40,515 [pool-144-thread-1] INFO  server.RaftServerConfigKeys (ConfUtils.java:logGet(43)) - raft.server.log.appender.install.snapshot.enabled = false (custom)
2019-09-12 11:35:40,515 [pool-144-thread-1] INFO  impl.RaftServerImpl (ServerState.java:<init>(105)) - 3a95b4ad-2c75-4701-886b-3e35cc487dd8:group-1D0090335B36 ConfigurationManager, init=-1: [3a95b4ad-2c75-4701-886b-3e35cc487dd8:192.168.36.114:41482], old=null, confs=<EMPTY_MAP>
2019-09-12 11:35:40,516 [pool-144-thread-1] INFO  server.RaftServerConfigKeys (ConfUtils.java:logGet(43)) - raft.server.storage.dir = [/workdir/hadoop-ozone/ozonefs/target/test-dir/MiniOzoneClusterImpl-eef5df77-1b8f-4c52-a6bc-dd98b83f7990/datanode-1/data/ratis] (custom)
2019-09-12 11:35:40,516 [pool-144-thread-1] INFO  storage.RaftStorageDirectory (RaftStorageDirectory.java:analyzeStorage(246)) - The storage directory /workdir/hadoop-ozone/ozonefs/target/test-dir/MiniOzoneClusterImpl-eef5df77-1b8f-4c52-a6bc-dd98b83f7990/datanode-1/data/ratis/c7a0ec5f-305e-4e9f-a8d8-1d0090335b36 does not exist. Creating ...
2019-09-12 11:35:40,528 [pool-144-thread-1] INFO  storage.RaftStorageDirectory (RaftStorageDirectory.java:tryLock(328)) - Lock on /workdir/hadoop-ozone/ozonefs/target/test-dir/MiniOzoneClusterImpl-eef5df77-1b8f-4c52-a6bc-dd98b83f7990/datanode-1/data/ratis/c7a0ec5f-305e-4e9f-a8d8-1d0090335b36/in_use.lock acquired by nodename 26908@pr-hdds-1569-58hkm-1881083799
2019-09-12 11:35:40,541 [pool-144-thread-1] INFO  storage.RaftStorage (RaftStorage.java:format(72)) - Storage directory /workdir/hadoop-ozone/ozonefs/target/test-dir/MiniOzoneClusterImpl-eef5df77-1b8f-4c52-a6bc-dd98b83f7990/datanode-1/data/ratis/c7a0ec5f-305e-4e9f-a8d8-1d0090335b36 has been successfully formatted.
2019-09-12 11:35:40,541 [pool-144-thread-1] INFO  ratis.ContainerStateMachine (ContainerStateMachine.java:loadSnapshot(226)) - group-1D0090335B36: The snapshot info is null. Setting the last applied indexto:(t:0, i:~)
2019-09-12 11:35:40,541 [pool-144-thread-1] INFO  server.RaftServerConfigKeys (ConfUtils.java:logGet(43)) - raft.server.leader.election.timeout = 120s (custom)
2019-09-12 11:35:40,541 [pool-144-thread-1] INFO  server.RaftServerConfigKeys (ConfUtils.java:logGet(43)) - raft.server.log.use.memory = false (default)
2019-09-12 11:35:40,542 [pool-144-thread-1] INFO  server.RaftServerConfigKeys (ConfUtils.java:logGet(43)) - raft.server.log.purge.gap = 1000000 (custom)
2019-09-12 11:35:40,542 [pool-144-thread-1] INFO  server.RaftServerConfigKeys (ConfUtils.java:logGet(43)) - raft.server.log.appender.buffer.byte-limit = 33554432 (custom)
2019-09-12 11:35:40,542 [pool-144-thread-1] INFO  server.RaftServerConfigKeys (ConfUtils.java:logGet(43)) - raft.server.log.segment.size.max = 1048576 (custom)
2019-09-12 11:35:40,542 [pool-144-thread-1] INFO  server.RaftServerConfigKeys (ConfUtils.java:logGet(43)) - raft.server.log.segment.cache.num.max = 2 (custom)
2019-09-12 11:35:40,542 [pool-144-thread-1] INFO  segmented.SegmentedRaftLogWorker (SegmentedRaftLogWorker.java:<init>(172)) - new 3a95b4ad-2c75-4701-886b-3e35cc487dd8-SegmentedRaftLogWorker:Storage Directory /workdir/hadoop-ozone/ozonefs/target/test-dir/MiniOzoneClusterImpl-eef5df77-1b8f-4c52-a6bc-dd98b83f7990/datanode-1/data/ratis/c7a0ec5f-305e-4e9f-a8d8-1d0090335b36 for RaftStorage:Storage Directory /workdir/hadoop-ozone/ozonefs/target/test-dir/MiniOzoneClusterImpl-eef5df77-1b8f-4c52-a6bc-dd98b83f7990/datanode-1/data/ratis/c7a0ec5f-305e-4e9f-a8d8-1d0090335b36
2019-09-12 11:35:40,543 [pool-144-thread-1] INFO  server.RaftServerConfigKeys (ConfUtils.java:logGet(43)) - raft.server.log.queue.byte-limit = 2147483647 (custom)
2019-09-12 11:35:40,543 [pool-144-thread-1] INFO  server.RaftServerConfigKeys (ConfUtils.java:logGet(43)) - raft.server.log.queue.element-limit = 1024 (custom)
2019-09-12 11:35:40,543 [pool-144-thread-1] INFO  server.RaftServerConfigKeys (ConfUtils.java:logGet(43)) - raft.server.log.segment.size.max = 1048576 (custom)
2019-09-12 11:35:40,543 [pool-144-thread-1] INFO  server.RaftServerConfigKeys (ConfUtils.java:logGet(43)) - raft.server.log.preallocated.size = 16384 (custom)
2019-09-12 11:35:40,543 [pool-144-thread-1] INFO  server.RaftServerConfigKeys (ConfUtils.java:logGet(43)) - raft.server.log.write.buffer.size = 33554432 (custom)
2019-09-12 11:35:40,543 [pool-144-thread-1] INFO  server.RaftServerConfigKeys (ConfUtils.java:logGet(43)) - raft.server.log.force.sync.num = 128 (default)
2019-09-12 11:35:40,544 [pool-144-thread-1] INFO  server.RaftServerConfigKeys (ConfUtils.java:logGet(43)) - raft.server.log.statemachine.data.sync = true (default)
2019-09-12 11:35:40,544 [pool-144-thread-1] INFO  server.RaftServerConfigKeys (ConfUtils.java:logGet(43)) - raft.server.log.statemachine.data.sync.timeout = 10s (default)
2019-09-12 11:35:40,544 [pool-144-thread-1] INFO  server.RaftServerConfigKeys (ConfUtils.java:logGet(43)) - raft.server.log.statemachine.data.sync.timeout.retry = -1 (default)
2019-09-12 11:35:40,544 [pool-144-thread-1] INFO  server.RaftServerConfigKeys (ConfUtils.java:logGet(43)) - raft.server.log.statemachine.data.caching.enabled = true (custom)
2019-09-12 11:35:40,545 [pool-144-thread-1] INFO  segmented.SegmentedRaftLogWorker (SegmentedRaftLogWorker.java:lambda$new$0(132)) - 3a95b4ad-2c75-4701-886b-3e35cc487dd8-SegmentedRaftLogWorker:Storage Directory /workdir/hadoop-ozone/ozonefs/target/test-dir/MiniOzoneClusterImpl-eef5df77-1b8f-4c52-a6bc-dd98b83f7990/datanode-1/data/ratis/c7a0ec5f-305e-4e9f-a8d8-1d0090335b36: flushIndex: setUnconditionally 0 -> -1
2019-09-12 11:35:40,545 [pool-144-thread-1] INFO  server.RaftServerConfigKeys (ConfUtils.java:logGet(43)) - raft.server.snapshot.auto.trigger.enabled = true (custom)
2019-09-12 11:35:40,545 [pool-144-thread-1] INFO  server.RaftServerConfigKeys (ConfUtils.java:logGet(43)) - raft.server.snapshot.auto.trigger.threshold = 10000 (custom)
2019-09-12 11:35:40,546 [pool-144-thread-1] INFO  server.RaftServerConfigKeys (ConfUtils.java:logGet(43)) - raft.server.retrycache.expirytime = 600000ms (custom)
2019-09-12 11:35:40,546 [pool-144-thread-1] INFO  impl.RaftServerImpl (RaftServerImpl.java:start(180)) - 3a95b4ad-2c75-4701-886b-3e35cc487dd8: start group-1D0090335B36
2019-09-12 11:35:40,546 [pool-144-thread-1] INFO  impl.RaftServerImpl (RaftServerImpl.java:setRole(171)) - 3a95b4ad-2c75-4701-886b-3e35cc487dd8:group-1D0090335B36 changes role from null to FOLLOWER at term 0 for startAsFollower
2019-09-12 11:35:40,546 [pool-144-thread-1] INFO  impl.RoleInfo (RoleInfo.java:updateAndGet(143)) - 3a95b4ad-2c75-4701-886b-3e35cc487dd8: start FollowerState
2019-09-12 11:35:40,547 [pool-144-thread-1] INFO  util.JmxRegister (JmxRegister.java:tryRegister(44)) - Successfully registered JMX Bean with object name Ratis:service=RaftServer,group=group-1D0090335B36,id=3a95b4ad-2c75-4701-886b-3e35cc487dd8
2019-09-12 11:35:40,550 [RatisPipelineUtilsThread] INFO  pipeline.PipelineStateManager (PipelineStateManager.java:addPipeline(56)) - Created pipeline Pipeline[ Id: c7a0ec5f-305e-4e9f-a8d8-1d0090335b36, Nodes: 3a95b4ad-2c75-4701-886b-3e35cc487dd8{ip: 192.168.36.114, host: pr-hdds-1569-58hkm-1881083799, networkLocation: /default-rack, certSerialId: null}, Type:RATIS, Factor:ONE, State:OPEN]
2019-09-12 11:35:40,550 [RatisPipelineUtilsThread] ERROR pipeline.PipelinePlacementPolicy (PipelinePlacementPolicy.java:meetCriteria(92)) - Pipeline Placement: Doesn't meet the criteria to be viable node. Heaviness: 6
2019-09-12 11:35:40,556 [grpc-default-executor-0] INFO  impl.RaftServerProxy (RaftServerProxy.java:addNew(89)) - 3a95b4ad-2c75-4701-886b-3e35cc487dd8: addNew group-88A10060EA63:[3a95b4ad-2c75-4701-886b-3e35cc487dd8:192.168.36.114:41482] returns group-88A10060EA63:java.util.concurrent.CompletableFuture@537be840[Not completed]
2019-09-12 11:35:40,557 [pool-144-thread-1] INFO  impl.RaftServerImpl (RaftServerImpl.java:<init>(93)) - 3a95b4ad-2c75-4701-886b-3e35cc487dd8: new RaftServerImpl for group-88A10060EA63:[3a95b4ad-2c75-4701-886b-3e35cc487dd8:192.168.36.114:41482] with ContainerStateMachine:uninitialized
2019-09-12 11:35:40,558 [pool-144-thread-1] INFO  server.RaftServerConfigKeys (ConfUtils.java:logGet(43)) - raft.server.rpc.timeout.min = 5s (custom)
2019-09-12 11:35:40,558 [pool-144-thread-1] INFO  server.RaftServerConfigKeys (ConfUtils.java:logGet(43)) - raft.server.rpc.timeout.max = 5200ms (custom)
2019-09-12 11:35:40,558 [pool-144-thread-1] INFO  server.RaftServerConfigKeys (ConfUtils.java:logGet(43)) - raft.server.rpcslowness.timeout = 120s (custom)
2019-09-12 11:35:40,558 [pool-144-thread-1] INFO  server.RaftServerConfigKeys (ConfUtils.java:logGet(43)) - raft.server.sleep.deviation.threshold = 300 (default)
2019-09-12 11:35:40,558 [pool-144-thread-1] INFO  server.RaftServerConfigKeys (ConfUtils.java:logGet(43)) - raft.server.log.appender.install.snapshot.enabled = false (custom)
2019-09-12 11:35:40,558 [pool-144-thread-1] INFO  impl.RaftServerImpl (ServerState.java:<init>(105)) - 3a95b4ad-2c75-4701-886b-3e35cc487dd8:group-88A10060EA63 ConfigurationManager, init=-1: [3a95b4ad-2c75-4701-886b-3e35cc487dd8:192.168.36.114:41482], old=null, confs=<EMPTY_MAP>
2019-09-12 11:35:40,559 [pool-144-thread-1] INFO  server.RaftServerConfigKeys (ConfUtils.java:logGet(43)) - raft.server.storage.dir = [/workdir/hadoop-ozone/ozonefs/target/test-dir/MiniOzoneClusterImpl-eef5df77-1b8f-4c52-a6bc-dd98b83f7990/datanode-1/data/ratis] (custom)
2019-09-12 11:35:40,559 [pool-144-thread-1] INFO  storage.RaftStorageDirectory (RaftStorageDirectory.java:analyzeStorage(246)) - The storage directory /workdir/hadoop-ozone/ozonefs/target/test-dir/MiniOzoneClusterImpl-eef5df77-1b8f-4c52-a6bc-dd98b83f7990/datanode-1/data/ratis/8c799432-8d91-4c1c-ada6-88a10060ea63 does not exist. Creating ...
2019-09-12 11:35:40,571 [pool-144-thread-1] INFO  storage.RaftStorageDirectory (RaftStorageDirectory.java:tryLock(328)) - Lock on /workdir/hadoop-ozone/ozonefs/target/test-dir/MiniOzoneClusterImpl-eef5df77-1b8f-4c52-a6bc-dd98b83f7990/datanode-1/data/ratis/8c799432-8d91-4c1c-ada6-88a10060ea63/in_use.lock acquired by nodename 26908@pr-hdds-1569-58hkm-1881083799
2019-09-12 11:35:40,609 [pool-144-thread-1] INFO  storage.RaftStorage (RaftStorage.java:format(72)) - Storage directory /workdir/hadoop-ozone/ozonefs/target/test-dir/MiniOzoneClusterImpl-eef5df77-1b8f-4c52-a6bc-dd98b83f7990/datanode-1/data/ratis/8c799432-8d91-4c1c-ada6-88a10060ea63 has been successfully formatted.
2019-09-12 11:35:40,609 [pool-144-thread-1] INFO  ratis.ContainerStateMachine (ContainerStateMachine.java:loadSnapshot(226)) - group-88A10060EA63: The snapshot info is null. Setting the last applied indexto:(t:0, i:~)
2019-09-12 11:35:40,609 [pool-144-thread-1] INFO  server.RaftServerConfigKeys (ConfUtils.java:logGet(43)) - raft.server.leader.election.timeout = 120s (custom)
2019-09-12 11:35:40,610 [pool-144-thread-1] INFO  server.RaftServerConfigKeys (ConfUtils.java:logGet(43)) - raft.server.log.use.memory = false (default)
2019-09-12 11:35:40,610 [pool-144-thread-1] INFO  server.RaftServerConfigKeys (ConfUtils.java:logGet(43)) - raft.server.log.purge.gap = 1000000 (custom)
2019-09-12 11:35:40,610 [pool-144-thread-1] INFO  server.RaftServerConfigKeys (ConfUtils.java:logGet(43)) - raft.server.log.appender.buffer.byte-limit = 33554432 (custom)
2019-09-12 11:35:40,610 [pool-144-thread-1] INFO  server.RaftServerConfigKeys (ConfUtils.java:logGet(43)) - raft.server.log.segment.size.max = 1048576 (custom)
2019-09-12 11:35:40,610 [pool-144-thread-1] INFO  server.RaftServerConfigKeys (ConfUtils.java:logGet(43)) - raft.server.log.segment.cache.num.max = 2 (custom)
2019-09-12 11:35:40,611 [pool-144-thread-1] INFO  segmented.SegmentedRaftLogWorker (SegmentedRaftLogWorker.java:<init>(172)) - new 3a95b4ad-2c75-4701-886b-3e35cc487dd8-SegmentedRaftLogWorker:Storage Directory /workdir/hadoop-ozone/ozonefs/target/test-dir/MiniOzoneClusterImpl-eef5df77-1b8f-4c52-a6bc-dd98b83f7990/datanode-1/data/ratis/8c799432-8d91-4c1c-ada6-88a10060ea63 for RaftStorage:Storage Directory /workdir/hadoop-ozone/ozonefs/target/test-dir/MiniOzoneClusterImpl-eef5df77-1b8f-4c52-a6bc-dd98b83f7990/datanode-1/data/ratis/8c799432-8d91-4c1c-ada6-88a10060ea63
2019-09-12 11:35:40,611 [pool-144-thread-1] INFO  server.RaftServerConfigKeys (ConfUtils.java:logGet(43)) - raft.server.log.queue.byte-limit = 2147483647 (custom)
2019-09-12 11:35:40,611 [pool-144-thread-1] INFO  server.RaftServerConfigKeys (ConfUtils.java:logGet(43)) - raft.server.log.queue.element-limit = 1024 (custom)
2019-09-12 11:35:40,611 [pool-144-thread-1] INFO  server.RaftServerConfigKeys (ConfUtils.java:logGet(43)) - raft.server.log.segment.size.max = 1048576 (custom)
2019-09-12 11:35:40,611 [pool-144-thread-1] INFO  server.RaftServerConfigKeys (ConfUtils.java:logGet(43)) - raft.server.log.preallocated.size = 16384 (custom)
2019-09-12 11:35:40,611 [pool-144-thread-1] INFO  server.RaftServerConfigKeys (ConfUtils.java:logGet(43)) - raft.server.log.write.buffer.size = 33554432 (custom)
2019-09-12 11:35:40,612 [pool-144-thread-1] INFO  server.RaftServerConfigKeys (ConfUtils.java:logGet(43)) - raft.server.log.force.sync.num = 128 (default)
2019-09-12 11:35:40,612 [pool-144-thread-1] INFO  server.RaftServerConfigKeys (ConfUtils.java:logGet(43)) - raft.server.log.statemachine.data.sync = true (default)
2019-09-12 11:35:40,612 [pool-144-thread-1] INFO  server.RaftServerConfigKeys (ConfUtils.java:logGet(43)) - raft.server.log.statemachine.data.sync.timeout = 10s (default)
2019-09-12 11:35:40,612 [pool-144-thread-1] INFO  server.RaftServerConfigKeys (ConfUtils.java:logGet(43)) - raft.server.log.statemachine.data.sync.timeout.retry = -1 (default)
2019-09-12 11:35:40,612 [pool-144-thread-1] INFO  server.RaftServerConfigKeys (ConfUtils.java:logGet(43)) - raft.server.log.statemachine.data.caching.enabled = true (custom)
2019-09-12 11:35:40,613 [pool-144-thread-1] INFO  segmented.SegmentedRaftLogWorker (SegmentedRaftLogWorker.java:lambda$new$0(132)) - 3a95b4ad-2c75-4701-886b-3e35cc487dd8-SegmentedRaftLogWorker:Storage Directory /workdir/hadoop-ozone/ozonefs/target/test-dir/MiniOzoneClusterImpl-eef5df77-1b8f-4c52-a6bc-dd98b83f7990/datanode-1/data/ratis/8c799432-8d91-4c1c-ada6-88a10060ea63: flushIndex: setUnconditionally 0 -> -1
2019-09-12 11:35:40,613 [pool-144-thread-1] INFO  server.RaftServerConfigKeys (ConfUtils.java:logGet(43)) - raft.server.snapshot.auto.trigger.enabled = true (custom)
2019-09-12 11:35:40,613 [pool-144-thread-1] INFO  server.RaftServerConfigKeys (ConfUtils.java:logGet(43)) - raft.server.snapshot.auto.trigger.threshold = 10000 (custom)
2019-09-12 11:35:40,613 [pool-144-thread-1] INFO  server.RaftServerConfigKeys (ConfUtils.java:logGet(43)) - raft.server.retrycache.expirytime = 600000ms (custom)
2019-09-12 11:35:40,614 [pool-144-thread-1] INFO  impl.RaftServerImpl (RaftServerImpl.java:start(180)) - 3a95b4ad-2c75-4701-886b-3e35cc487dd8: start group-88A10060EA63
2019-09-12 11:35:40,614 [pool-144-thread-1] INFO  impl.RaftServerImpl (RaftServerImpl.java:setRole(171)) - 3a95b4ad-2c75-4701-886b-3e35cc487dd8:group-88A10060EA63 changes role from null to FOLLOWER at term 0 for startAsFollower
2019-09-12 11:35:40,614 [pool-144-thread-1] INFO  impl.RoleInfo (RoleInfo.java:updateAndGet(143)) - 3a95b4ad-2c75-4701-886b-3e35cc487dd8: start FollowerState
2019-09-12 11:35:40,614 [pool-144-thread-1] INFO  util.JmxRegister (JmxRegister.java:tryRegister(44)) - Successfully registered JMX Bean with object name Ratis:service=RaftServer,group=group-88A10060EA63,id=3a95b4ad-2c75-4701-886b-3e35cc487dd8
2019-09-12 11:35:40,617 [RatisPipelineUtilsThread] INFO  pipeline.PipelineStateManager (PipelineStateManager.java:addPipeline(56)) - Created pipeline Pipeline[ Id: 8c799432-8d91-4c1c-ada6-88a10060ea63, Nodes: 3a95b4ad-2c75-4701-886b-3e35cc487dd8{ip: 192.168.36.114, host: pr-hdds-1569-58hkm-1881083799, networkLocation: /default-rack, certSerialId: null}, Type:RATIS, Factor:ONE, State:OPEN]
2019-09-12 11:35:40,617 [RatisPipelineUtilsThread] ERROR pipeline.PipelinePlacementPolicy (PipelinePlacementPolicy.java:meetCriteria(92)) - Pipeline Placement: Doesn't meet the criteria to be viable node. Heaviness: 6
2019-09-12 11:35:40,623 [grpc-default-executor-0] INFO  impl.RaftServerProxy (RaftServerProxy.java:addNew(89)) - 3a95b4ad-2c75-4701-886b-3e35cc487dd8: addNew group-6166E12BD34B:[3a95b4ad-2c75-4701-886b-3e35cc487dd8:192.168.36.114:41482] returns group-6166E12BD34B:java.util.concurrent.CompletableFuture@4c2f02f1[Not completed]
2019-09-12 11:35:40,624 [pool-144-thread-1] INFO  impl.RaftServerImpl (RaftServerImpl.java:<init>(93)) - 3a95b4ad-2c75-4701-886b-3e35cc487dd8: new RaftServerImpl for group-6166E12BD34B:[3a95b4ad-2c75-4701-886b-3e35cc487dd8:192.168.36.114:41482] with ContainerStateMachine:uninitialized
2019-09-12 11:35:40,625 [pool-144-thread-1] INFO  server.RaftServerConfigKeys (ConfUtils.java:logGet(43)) - raft.server.rpc.timeout.min = 5s (custom)
2019-09-12 11:35:40,625 [pool-144-thread-1] INFO  server.RaftServerConfigKeys (ConfUtils.java:logGet(43)) - raft.server.rpc.timeout.max = 5200ms (custom)
2019-09-12 11:35:40,625 [pool-144-thread-1] INFO  server.RaftServerConfigKeys (ConfUtils.java:logGet(43)) - raft.server.rpcslowness.timeout = 120s (custom)
2019-09-12 11:35:40,625 [pool-144-thread-1] INFO  server.RaftServerConfigKeys (ConfUtils.java:logGet(43)) - raft.server.sleep.deviation.threshold = 300 (default)
2019-09-12 11:35:40,625 [pool-144-thread-1] INFO  server.RaftServerConfigKeys (ConfUtils.java:logGet(43)) - raft.server.log.appender.install.snapshot.enabled = false (custom)
2019-09-12 11:35:40,625 [pool-144-thread-1] INFO  impl.RaftServerImpl (ServerState.java:<init>(105)) - 3a95b4ad-2c75-4701-886b-3e35cc487dd8:group-6166E12BD34B ConfigurationManager, init=-1: [3a95b4ad-2c75-4701-886b-3e35cc487dd8:192.168.36.114:41482], old=null, confs=<EMPTY_MAP>
2019-09-12 11:35:40,625 [pool-144-thread-1] INFO  server.RaftServerConfigKeys (ConfUtils.java:logGet(43)) - raft.server.storage.dir = [/workdir/hadoop-ozone/ozonefs/target/test-dir/MiniOzoneClusterImpl-eef5df77-1b8f-4c52-a6bc-dd98b83f7990/datanode-1/data/ratis] (custom)
2019-09-12 11:35:40,626 [pool-144-thread-1] INFO  storage.RaftStorageDirectory (RaftStorageDirectory.java:analyzeStorage(246)) - The storage directory /workdir/hadoop-ozone/ozonefs/target/test-dir/MiniOzoneClusterImpl-eef5df77-1b8f-4c52-a6bc-dd98b83f7990/datanode-1/data/ratis/f2443433-6d67-40fa-8572-6166e12bd34b does not exist. Creating ...
2019-09-12 11:35:40,651 [pool-144-thread-1] INFO  storage.RaftStorageDirectory (RaftStorageDirectory.java:tryLock(328)) - Lock on /workdir/hadoop-ozone/ozonefs/target/test-dir/MiniOzoneClusterImpl-eef5df77-1b8f-4c52-a6bc-dd98b83f7990/datanode-1/data/ratis/f2443433-6d67-40fa-8572-6166e12bd34b/in_use.lock acquired by nodename 26908@pr-hdds-1569-58hkm-1881083799
2019-09-12 11:35:40,664 [pool-144-thread-1] INFO  storage.RaftStorage (RaftStorage.java:format(72)) - Storage directory /workdir/hadoop-ozone/ozonefs/target/test-dir/MiniOzoneClusterImpl-eef5df77-1b8f-4c52-a6bc-dd98b83f7990/datanode-1/data/ratis/f2443433-6d67-40fa-8572-6166e12bd34b has been successfully formatted.
2019-09-12 11:35:40,664 [pool-144-thread-1] INFO  ratis.ContainerStateMachine (ContainerStateMachine.java:loadSnapshot(226)) - group-6166E12BD34B: The snapshot info is null. Setting the last applied indexto:(t:0, i:~)
2019-09-12 11:35:40,664 [pool-144-thread-1] INFO  server.RaftServerConfigKeys (ConfUtils.java:logGet(43)) - raft.server.leader.election.timeout = 120s (custom)
2019-09-12 11:35:40,664 [pool-144-thread-1] INFO  server.RaftServerConfigKeys (ConfUtils.java:logGet(43)) - raft.server.log.use.memory = false (default)
2019-09-12 11:35:40,664 [pool-144-thread-1] INFO  server.RaftServerConfigKeys (ConfUtils.java:logGet(43)) - raft.server.log.purge.gap = 1000000 (custom)
2019-09-12 11:35:40,664 [pool-144-thread-1] INFO  server.RaftServerConfigKeys (ConfUtils.java:logGet(43)) - raft.server.log.appender.buffer.byte-limit = 33554432 (custom)
2019-09-12 11:35:40,665 [pool-144-thread-1] INFO  server.RaftServerConfigKeys (ConfUtils.java:logGet(43)) - raft.server.log.segment.size.max = 1048576 (custom)
2019-09-12 11:35:40,665 [pool-144-thread-1] INFO  server.RaftServerConfigKeys (ConfUtils.java:logGet(43)) - raft.server.log.segment.cache.num.max = 2 (custom)
2019-09-12 11:35:40,665 [pool-144-thread-1] INFO  segmented.SegmentedRaftLogWorker (SegmentedRaftLogWorker.java:<init>(172)) - new 3a95b4ad-2c75-4701-886b-3e35cc487dd8-SegmentedRaftLogWorker:Storage Directory /workdir/hadoop-ozone/ozonefs/target/test-dir/MiniOzoneClusterImpl-eef5df77-1b8f-4c52-a6bc-dd98b83f7990/datanode-1/data/ratis/f2443433-6d67-40fa-8572-6166e12bd34b for RaftStorage:Storage Directory /workdir/hadoop-ozone/ozonefs/target/test-dir/MiniOzoneClusterImpl-eef5df77-1b8f-4c52-a6bc-dd98b83f7990/datanode-1/data/ratis/f2443433-6d67-40fa-8572-6166e12bd34b
2019-09-12 11:35:40,665 [pool-144-thread-1] INFO  server.RaftServerConfigKeys (ConfUtils.java:logGet(43)) - raft.server.log.queue.byte-limit = 2147483647 (custom)
2019-09-12 11:35:40,665 [pool-144-thread-1] INFO  server.RaftServerConfigKeys (ConfUtils.java:logGet(43)) - raft.server.log.queue.element-limit = 1024 (custom)
2019-09-12 11:35:40,665 [pool-144-thread-1] INFO  server.RaftServerConfigKeys (ConfUtils.java:logGet(43)) - raft.server.log.segment.size.max = 1048576 (custom)
2019-09-12 11:35:40,666 [pool-144-thread-1] INFO  server.RaftServerConfigKeys (ConfUtils.java:logGet(43)) - raft.server.log.preallocated.size = 16384 (custom)
2019-09-12 11:35:40,666 [pool-144-thread-1] INFO  server.RaftServerConfigKeys (ConfUtils.java:logGet(43)) - raft.server.log.write.buffer.size = 33554432 (custom)
2019-09-12 11:35:40,666 [pool-144-thread-1] INFO  server.RaftServerConfigKeys (ConfUtils.java:logGet(43)) - raft.server.log.force.sync.num = 128 (default)
2019-09-12 11:35:40,666 [pool-144-thread-1] INFO  server.RaftServerConfigKeys (ConfUtils.java:logGet(43)) - raft.server.log.statemachine.data.sync = true (default)
2019-09-12 11:35:40,666 [pool-144-thread-1] INFO  server.RaftServerConfigKeys (ConfUtils.java:logGet(43)) - raft.server.log.statemachine.data.sync.timeout = 10s (default)
2019-09-12 11:35:40,666 [pool-144-thread-1] INFO  server.RaftServerConfigKeys (ConfUtils.java:logGet(43)) - raft.server.log.statemachine.data.sync.timeout.retry = -1 (default)
2019-09-12 11:35:40,667 [pool-144-thread-1] INFO  server.RaftServerConfigKeys (ConfUtils.java:logGet(43)) - raft.server.log.statemachine.data.caching.enabled = true (custom)
2019-09-12 11:35:40,667 [pool-144-thread-1] INFO  segmented.SegmentedRaftLogWorker (SegmentedRaftLogWorker.java:lambda$new$0(132)) - 3a95b4ad-2c75-4701-886b-3e35cc487dd8-SegmentedRaftLogWorker:Storage Directory /workdir/hadoop-ozone/ozonefs/target/test-dir/MiniOzoneClusterImpl-eef5df77-1b8f-4c52-a6bc-dd98b83f7990/datanode-1/data/ratis/f2443433-6d67-40fa-8572-6166e12bd34b: flushIndex: setUnconditionally 0 -> -1
2019-09-12 11:35:40,667 [pool-144-thread-1] INFO  server.RaftServerConfigKeys (ConfUtils.java:logGet(43)) - raft.server.snapshot.auto.trigger.enabled = true (custom)
2019-09-12 11:35:40,667 [pool-144-thread-1] INFO  server.RaftServerConfigKeys (ConfUtils.java:logGet(43)) - raft.server.snapshot.auto.trigger.threshold = 10000 (custom)
2019-09-12 11:35:40,668 [pool-144-thread-1] INFO  server.RaftServerConfigKeys (ConfUtils.java:logGet(43)) - raft.server.retrycache.expirytime = 600000ms (custom)
2019-09-12 11:35:40,668 [pool-144-thread-1] INFO  impl.RaftServerImpl (RaftServerImpl.java:start(180)) - 3a95b4ad-2c75-4701-886b-3e35cc487dd8: start group-6166E12BD34B
2019-09-12 11:35:40,668 [pool-144-thread-1] INFO  impl.RaftServerImpl (RaftServerImpl.java:setRole(171)) - 3a95b4ad-2c75-4701-886b-3e35cc487dd8:group-6166E12BD34B changes role from null to FOLLOWER at term 0 for startAsFollower
2019-09-12 11:35:40,668 [pool-144-thread-1] INFO  impl.RoleInfo (RoleInfo.java:updateAndGet(143)) - 3a95b4ad-2c75-4701-886b-3e35cc487dd8: start FollowerState
2019-09-12 11:35:40,669 [pool-144-thread-1] INFO  util.JmxRegister (JmxRegister.java:tryRegister(44)) - Successfully registered JMX Bean with object name Ratis:service=RaftServer,group=group-6166E12BD34B,id=3a95b4ad-2c75-4701-886b-3e35cc487dd8
2019-09-12 11:35:40,671 [RatisPipelineUtilsThread] INFO  pipeline.PipelineStateManager (PipelineStateManager.java:addPipeline(56)) - Created pipeline Pipeline[ Id: f2443433-6d67-40fa-8572-6166e12bd34b, Nodes: 3a95b4ad-2c75-4701-886b-3e35cc487dd8{ip: 192.168.36.114, host: pr-hdds-1569-58hkm-1881083799, networkLocation: /default-rack, certSerialId: null}, Type:RATIS, Factor:ONE, State:OPEN]
2019-09-12 11:35:40,672 [RatisPipelineUtilsThread] ERROR pipeline.PipelinePlacementPolicy (PipelinePlacementPolicy.java:meetCriteria(92)) - Pipeline Placement: Doesn't meet the criteria to be viable node. Heaviness: 6
2019-09-12 11:35:40,672 [RatisPipelineUtilsThread] ERROR pipeline.PipelinePlacementPolicy (PipelinePlacementPolicy.java:meetCriteria(92)) - Pipeline Placement: Doesn't meet the criteria to be viable node. Heaviness: 6
2019-09-12 11:35:40,679 [grpc-default-executor-0] INFO  impl.RaftServerProxy (RaftServerProxy.java:addNew(89)) - b3c7b149-240e-4b69-a097-dee5cbed4f61: addNew group-B636CF25C19C:[b3c7b149-240e-4b69-a097-dee5cbed4f61:192.168.36.114:40870] returns group-B636CF25C19C:java.util.concurrent.CompletableFuture@41535662[Not completed]
2019-09-12 11:35:40,681 [pool-155-thread-1] INFO  impl.RaftServerImpl (RaftServerImpl.java:<init>(93)) - b3c7b149-240e-4b69-a097-dee5cbed4f61: new RaftServerImpl for group-B636CF25C19C:[b3c7b149-240e-4b69-a097-dee5cbed4f61:192.168.36.114:40870] with ContainerStateMachine:uninitialized
2019-09-12 11:35:40,681 [pool-155-thread-1] INFO  server.RaftServerConfigKeys (ConfUtils.java:logGet(43)) - raft.server.rpc.timeout.min = 5s (custom)
2019-09-12 11:35:40,681 [pool-155-thread-1] INFO  server.RaftServerConfigKeys (ConfUtils.java:logGet(43)) - raft.server.rpc.timeout.max = 5200ms (custom)
2019-09-12 11:35:40,681 [pool-155-thread-1] INFO  server.RaftServerConfigKeys (ConfUtils.java:logGet(43)) - raft.server.rpcslowness.timeout = 120s (custom)
2019-09-12 11:35:40,682 [pool-155-thread-1] INFO  server.RaftServerConfigKeys (ConfUtils.java:logGet(43)) - raft.server.sleep.deviation.threshold = 300 (default)
2019-09-12 11:35:40,682 [pool-155-thread-1] INFO  server.RaftServerConfigKeys (ConfUtils.java:logGet(43)) - raft.server.log.appender.install.snapshot.enabled = false (custom)
2019-09-12 11:35:40,682 [pool-155-thread-1] INFO  impl.RaftServerImpl (ServerState.java:<init>(105)) - b3c7b149-240e-4b69-a097-dee5cbed4f61:group-B636CF25C19C ConfigurationManager, init=-1: [b3c7b149-240e-4b69-a097-dee5cbed4f61:192.168.36.114:40870], old=null, confs=<EMPTY_MAP>
2019-09-12 11:35:40,682 [pool-155-thread-1] INFO  server.RaftServerConfigKeys (ConfUtils.java:logGet(43)) - raft.server.storage.dir = [/workdir/hadoop-ozone/ozonefs/target/test-dir/MiniOzoneClusterImpl-eef5df77-1b8f-4c52-a6bc-dd98b83f7990/datanode-2/data/ratis] (custom)
2019-09-12 11:35:40,683 [pool-155-thread-1] INFO  storage.RaftStorageDirectory (RaftStorageDirectory.java:analyzeStorage(246)) - The storage directory /workdir/hadoop-ozone/ozonefs/target/test-dir/MiniOzoneClusterImpl-eef5df77-1b8f-4c52-a6bc-dd98b83f7990/datanode-2/data/ratis/3351ded0-45f4-4670-8d0f-b636cf25c19c does not exist. Creating ...
2019-09-12 11:35:40,697 [pool-155-thread-1] INFO  storage.RaftStorageDirectory (RaftStorageDirectory.java:tryLock(328)) - Lock on /workdir/hadoop-ozone/ozonefs/target/test-dir/MiniOzoneClusterImpl-eef5df77-1b8f-4c52-a6bc-dd98b83f7990/datanode-2/data/ratis/3351ded0-45f4-4670-8d0f-b636cf25c19c/in_use.lock acquired by nodename 26908@pr-hdds-1569-58hkm-1881083799
2019-09-12 11:35:40,710 [pool-155-thread-1] INFO  storage.RaftStorage (RaftStorage.java:format(72)) - Storage directory /workdir/hadoop-ozone/ozonefs/target/test-dir/MiniOzoneClusterImpl-eef5df77-1b8f-4c52-a6bc-dd98b83f7990/datanode-2/data/ratis/3351ded0-45f4-4670-8d0f-b636cf25c19c has been successfully formatted.
2019-09-12 11:35:40,711 [pool-155-thread-1] INFO  ratis.ContainerStateMachine (ContainerStateMachine.java:loadSnapshot(226)) - group-B636CF25C19C: The snapshot info is null. Setting the last applied indexto:(t:0, i:~)
2019-09-12 11:35:40,711 [pool-155-thread-1] INFO  server.RaftServerConfigKeys (ConfUtils.java:logGet(43)) - raft.server.leader.election.timeout = 120s (custom)
2019-09-12 11:35:40,711 [pool-155-thread-1] INFO  server.RaftServerConfigKeys (ConfUtils.java:logGet(43)) - raft.server.log.use.memory = false (default)
2019-09-12 11:35:40,711 [pool-155-thread-1] INFO  server.RaftServerConfigKeys (ConfUtils.java:logGet(43)) - raft.server.log.purge.gap = 1000000 (custom)
2019-09-12 11:35:40,711 [pool-155-thread-1] INFO  server.RaftServerConfigKeys (ConfUtils.java:logGet(43)) - raft.server.log.appender.buffer.byte-limit = 33554432 (custom)
2019-09-12 11:35:40,712 [pool-155-thread-1] INFO  server.RaftServerConfigKeys (ConfUtils.java:logGet(43)) - raft.server.log.segment.size.max = 1048576 (custom)
2019-09-12 11:35:40,712 [pool-155-thread-1] INFO  server.RaftServerConfigKeys (ConfUtils.java:logGet(43)) - raft.server.log.segment.cache.num.max = 2 (custom)
2019-09-12 11:35:40,712 [pool-155-thread-1] INFO  segmented.SegmentedRaftLogWorker (SegmentedRaftLogWorker.java:<init>(172)) - new b3c7b149-240e-4b69-a097-dee5cbed4f61-SegmentedRaftLogWorker:Storage Directory /workdir/hadoop-ozone/ozonefs/target/test-dir/MiniOzoneClusterImpl-eef5df77-1b8f-4c52-a6bc-dd98b83f7990/datanode-2/data/ratis/3351ded0-45f4-4670-8d0f-b636cf25c19c for RaftStorage:Storage Directory /workdir/hadoop-ozone/ozonefs/target/test-dir/MiniOzoneClusterImpl-eef5df77-1b8f-4c52-a6bc-dd98b83f7990/datanode-2/data/ratis/3351ded0-45f4-4670-8d0f-b636cf25c19c
2019-09-12 11:35:40,712 [pool-155-thread-1] INFO  server.RaftServerConfigKeys (ConfUtils.java:logGet(43)) - raft.server.log.queue.byte-limit = 2147483647 (custom)
2019-09-12 11:35:40,712 [pool-155-thread-1] INFO  server.RaftServerConfigKeys (ConfUtils.java:logGet(43)) - raft.server.log.queue.element-limit = 1024 (custom)
2019-09-12 11:35:40,713 [pool-155-thread-1] INFO  server.RaftServerConfigKeys (ConfUtils.java:logGet(43)) - raft.server.log.segment.size.max = 1048576 (custom)
2019-09-12 11:35:40,713 [pool-155-thread-1] INFO  server.RaftServerConfigKeys (ConfUtils.java:logGet(43)) - raft.server.log.preallocated.size = 16384 (custom)
2019-09-12 11:35:40,713 [pool-155-thread-1] INFO  server.RaftServerConfigKeys (ConfUtils.java:logGet(43)) - raft.server.log.write.buffer.size = 33554432 (custom)
2019-09-12 11:35:40,713 [pool-155-thread-1] INFO  server.RaftServerConfigKeys (ConfUtils.java:logGet(43)) - raft.server.log.force.sync.num = 128 (default)
2019-09-12 11:35:40,713 [pool-155-thread-1] INFO  server.RaftServerConfigKeys (ConfUtils.java:logGet(43)) - raft.server.log.statemachine.data.sync = true (default)
2019-09-12 11:35:40,713 [pool-155-thread-1] INFO  server.RaftServerConfigKeys (ConfUtils.java:logGet(43)) - raft.server.log.statemachine.data.sync.timeout = 10s (default)
2019-09-12 11:35:40,714 [pool-155-thread-1] INFO  server.RaftServerConfigKeys (ConfUtils.java:logGet(43)) - raft.server.log.statemachine.data.sync.timeout.retry = -1 (default)
2019-09-12 11:35:40,714 [pool-155-thread-1] INFO  server.RaftServerConfigKeys (ConfUtils.java:logGet(43)) - raft.server.log.statemachine.data.caching.enabled = true (custom)
2019-09-12 11:35:40,714 [pool-155-thread-1] INFO  segmented.SegmentedRaftLogWorker (SegmentedRaftLogWorker.java:lambda$new$0(132)) - b3c7b149-240e-4b69-a097-dee5cbed4f61-SegmentedRaftLogWorker:Storage Directory /workdir/hadoop-ozone/ozonefs/target/test-dir/MiniOzoneClusterImpl-eef5df77-1b8f-4c52-a6bc-dd98b83f7990/datanode-2/data/ratis/3351ded0-45f4-4670-8d0f-b636cf25c19c: flushIndex: setUnconditionally 0 -> -1
2019-09-12 11:35:40,715 [pool-155-thread-1] INFO  server.RaftServerConfigKeys (ConfUtils.java:logGet(43)) - raft.server.snapshot.auto.trigger.enabled = true (custom)
2019-09-12 11:35:40,715 [pool-155-thread-1] INFO  server.RaftServerConfigKeys (ConfUtils.java:logGet(43)) - raft.server.snapshot.auto.trigger.threshold = 10000 (custom)
2019-09-12 11:35:40,715 [pool-155-thread-1] INFO  server.RaftServerConfigKeys (ConfUtils.java:logGet(43)) - raft.server.retrycache.expirytime = 600000ms (custom)
2019-09-12 11:35:40,715 [pool-155-thread-1] INFO  impl.RaftServerImpl (RaftServerImpl.java:start(180)) - b3c7b149-240e-4b69-a097-dee5cbed4f61: start group-B636CF25C19C
2019-09-12 11:35:40,715 [pool-155-thread-1] INFO  impl.RaftServerImpl (RaftServerImpl.java:setRole(171)) - b3c7b149-240e-4b69-a097-dee5cbed4f61:group-B636CF25C19C changes role from null to FOLLOWER at term 0 for startAsFollower
2019-09-12 11:35:40,716 [pool-155-thread-1] INFO  impl.RoleInfo (RoleInfo.java:updateAndGet(143)) - b3c7b149-240e-4b69-a097-dee5cbed4f61: start FollowerState
2019-09-12 11:35:40,716 [pool-155-thread-1] INFO  util.JmxRegister (JmxRegister.java:tryRegister(44)) - Successfully registered JMX Bean with object name Ratis:service=RaftServer,group=group-B636CF25C19C,id=b3c7b149-240e-4b69-a097-dee5cbed4f61
2019-09-12 11:35:40,719 [RatisPipelineUtilsThread] INFO  pipeline.PipelineStateManager (PipelineStateManager.java:addPipeline(56)) - Created pipeline Pipeline[ Id: 3351ded0-45f4-4670-8d0f-b636cf25c19c, Nodes: b3c7b149-240e-4b69-a097-dee5cbed4f61{ip: 192.168.36.114, host: pr-hdds-1569-58hkm-1881083799, networkLocation: /default-rack, certSerialId: null}, Type:RATIS, Factor:ONE, State:OPEN]
2019-09-12 11:35:40,719 [RatisPipelineUtilsThread] ERROR pipeline.PipelinePlacementPolicy (PipelinePlacementPolicy.java:meetCriteria(92)) - Pipeline Placement: Doesn't meet the criteria to be viable node. Heaviness: 6
2019-09-12 11:35:40,719 [RatisPipelineUtilsThread] ERROR pipeline.PipelinePlacementPolicy (PipelinePlacementPolicy.java:meetCriteria(92)) - Pipeline Placement: Doesn't meet the criteria to be viable node. Heaviness: 6
2019-09-12 11:35:40,725 [grpc-default-executor-0] INFO  impl.RaftServerProxy (RaftServerProxy.java:addNew(89)) - b3c7b149-240e-4b69-a097-dee5cbed4f61: addNew group-527988A880B8:[b3c7b149-240e-4b69-a097-dee5cbed4f61:192.168.36.114:40870] returns group-527988A880B8:java.util.concurrent.CompletableFuture@1edd8088[Not completed]
2019-09-12 11:35:40,726 [pool-155-thread-1] INFO  impl.RaftServerImpl (RaftServerImpl.java:<init>(93)) - b3c7b149-240e-4b69-a097-dee5cbed4f61: new RaftServerImpl for group-527988A880B8:[b3c7b149-240e-4b69-a097-dee5cbed4f61:192.168.36.114:40870] with ContainerStateMachine:uninitialized
2019-09-12 11:35:40,726 [pool-155-thread-1] INFO  server.RaftServerConfigKeys (ConfUtils.java:logGet(43)) - raft.server.rpc.timeout.min = 5s (custom)
2019-09-12 11:35:40,726 [pool-155-thread-1] INFO  server.RaftServerConfigKeys (ConfUtils.java:logGet(43)) - raft.server.rpc.timeout.max = 5200ms (custom)
2019-09-12 11:35:40,726 [pool-155-thread-1] INFO  server.RaftServerConfigKeys (ConfUtils.java:logGet(43)) - raft.server.rpcslowness.timeout = 120s (custom)
2019-09-12 11:35:40,726 [pool-155-thread-1] INFO  server.RaftServerConfigKeys (ConfUtils.java:logGet(43)) - raft.server.sleep.deviation.threshold = 300 (default)
2019-09-12 11:35:40,726 [pool-155-thread-1] INFO  server.RaftServerConfigKeys (ConfUtils.java:logGet(43)) - raft.server.log.appender.install.snapshot.enabled = false (custom)
2019-09-12 11:35:40,727 [pool-155-thread-1] INFO  impl.RaftServerImpl (ServerState.java:<init>(105)) - b3c7b149-240e-4b69-a097-dee5cbed4f61:group-527988A880B8 ConfigurationManager, init=-1: [b3c7b149-240e-4b69-a097-dee5cbed4f61:192.168.36.114:40870], old=null, confs=<EMPTY_MAP>
2019-09-12 11:35:40,727 [pool-155-thread-1] INFO  server.RaftServerConfigKeys (ConfUtils.java:logGet(43)) - raft.server.storage.dir = [/workdir/hadoop-ozone/ozonefs/target/test-dir/MiniOzoneClusterImpl-eef5df77-1b8f-4c52-a6bc-dd98b83f7990/datanode-2/data/ratis] (custom)
2019-09-12 11:35:40,727 [pool-155-thread-1] INFO  storage.RaftStorageDirectory (RaftStorageDirectory.java:analyzeStorage(246)) - The storage directory /workdir/hadoop-ozone/ozonefs/target/test-dir/MiniOzoneClusterImpl-eef5df77-1b8f-4c52-a6bc-dd98b83f7990/datanode-2/data/ratis/068d5e8a-61d0-4c5c-a4f0-527988a880b8 does not exist. Creating ...
2019-09-12 11:35:40,740 [pool-155-thread-1] INFO  storage.RaftStorageDirectory (RaftStorageDirectory.java:tryLock(328)) - Lock on /workdir/hadoop-ozone/ozonefs/target/test-dir/MiniOzoneClusterImpl-eef5df77-1b8f-4c52-a6bc-dd98b83f7990/datanode-2/data/ratis/068d5e8a-61d0-4c5c-a4f0-527988a880b8/in_use.lock acquired by nodename 26908@pr-hdds-1569-58hkm-1881083799
2019-09-12 11:35:40,753 [pool-155-thread-1] INFO  storage.RaftStorage (RaftStorage.java:format(72)) - Storage directory /workdir/hadoop-ozone/ozonefs/target/test-dir/MiniOzoneClusterImpl-eef5df77-1b8f-4c52-a6bc-dd98b83f7990/datanode-2/data/ratis/068d5e8a-61d0-4c5c-a4f0-527988a880b8 has been successfully formatted.
2019-09-12 11:35:40,753 [pool-155-thread-1] INFO  ratis.ContainerStateMachine (ContainerStateMachine.java:loadSnapshot(226)) - group-527988A880B8: The snapshot info is null. Setting the last applied indexto:(t:0, i:~)
2019-09-12 11:35:40,754 [pool-155-thread-1] INFO  server.RaftServerConfigKeys (ConfUtils.java:logGet(43)) - raft.server.leader.election.timeout = 120s (custom)
2019-09-12 11:35:40,754 [pool-155-thread-1] INFO  server.RaftServerConfigKeys (ConfUtils.java:logGet(43)) - raft.server.log.use.memory = false (default)
2019-09-12 11:35:40,754 [pool-155-thread-1] INFO  server.RaftServerConfigKeys (ConfUtils.java:logGet(43)) - raft.server.log.purge.gap = 1000000 (custom)
2019-09-12 11:35:40,754 [pool-155-thread-1] INFO  server.RaftServerConfigKeys (ConfUtils.java:logGet(43)) - raft.server.log.appender.buffer.byte-limit = 33554432 (custom)
2019-09-12 11:35:40,754 [pool-155-thread-1] INFO  server.RaftServerConfigKeys (ConfUtils.java:logGet(43)) - raft.server.log.segment.size.max = 1048576 (custom)
2019-09-12 11:35:40,754 [pool-155-thread-1] INFO  server.RaftServerConfigKeys (ConfUtils.java:logGet(43)) - raft.server.log.segment.cache.num.max = 2 (custom)
2019-09-12 11:35:40,755 [pool-155-thread-1] INFO  segmented.SegmentedRaftLogWorker (SegmentedRaftLogWorker.java:<init>(172)) - new b3c7b149-240e-4b69-a097-dee5cbed4f61-SegmentedRaftLogWorker:Storage Directory /workdir/hadoop-ozone/ozonefs/target/test-dir/MiniOzoneClusterImpl-eef5df77-1b8f-4c52-a6bc-dd98b83f7990/datanode-2/data/ratis/068d5e8a-61d0-4c5c-a4f0-527988a880b8 for RaftStorage:Storage Directory /workdir/hadoop-ozone/ozonefs/target/test-dir/MiniOzoneClusterImpl-eef5df77-1b8f-4c52-a6bc-dd98b83f7990/datanode-2/data/ratis/068d5e8a-61d0-4c5c-a4f0-527988a880b8
2019-09-12 11:35:40,755 [pool-155-thread-1] INFO  server.RaftServerConfigKeys (ConfUtils.java:logGet(43)) - raft.server.log.queue.byte-limit = 2147483647 (custom)
2019-09-12 11:35:40,755 [pool-155-thread-1] INFO  server.RaftServerConfigKeys (ConfUtils.java:logGet(43)) - raft.server.log.queue.element-limit = 1024 (custom)
2019-09-12 11:35:40,755 [pool-155-thread-1] INFO  server.RaftServerConfigKeys (ConfUtils.java:logGet(43)) - raft.server.log.segment.size.max = 1048576 (custom)
2019-09-12 11:35:40,755 [pool-155-thread-1] INFO  server.RaftServerConfigKeys (ConfUtils.java:logGet(43)) - raft.server.log.preallocated.size = 16384 (custom)
2019-09-12 11:35:40,755 [pool-155-thread-1] INFO  server.RaftServerConfigKeys (ConfUtils.java:logGet(43)) - raft.server.log.write.buffer.size = 33554432 (custom)
2019-09-12 11:35:40,756 [pool-155-thread-1] INFO  server.RaftServerConfigKeys (ConfUtils.java:logGet(43)) - raft.server.log.force.sync.num = 128 (default)
2019-09-12 11:35:40,756 [pool-155-thread-1] INFO  server.RaftServerConfigKeys (ConfUtils.java:logGet(43)) - raft.server.log.statemachine.data.sync = true (default)
2019-09-12 11:35:40,756 [pool-155-thread-1] INFO  server.RaftServerConfigKeys (ConfUtils.java:logGet(43)) - raft.server.log.statemachine.data.sync.timeout = 10s (default)
2019-09-12 11:35:40,756 [pool-155-thread-1] INFO  server.RaftServerConfigKeys (ConfUtils.java:logGet(43)) - raft.server.log.statemachine.data.sync.timeout.retry = -1 (default)
2019-09-12 11:35:40,756 [pool-155-thread-1] INFO  server.RaftServerConfigKeys (ConfUtils.java:logGet(43)) - raft.server.log.statemachine.data.caching.enabled = true (custom)
2019-09-12 11:35:40,757 [pool-155-thread-1] INFO  segmented.SegmentedRaftLogWorker (SegmentedRaftLogWorker.java:lambda$new$0(132)) - b3c7b149-240e-4b69-a097-dee5cbed4f61-SegmentedRaftLogWorker:Storage Directory /workdir/hadoop-ozone/ozonefs/target/test-dir/MiniOzoneClusterImpl-eef5df77-1b8f-4c52-a6bc-dd98b83f7990/datanode-2/data/ratis/068d5e8a-61d0-4c5c-a4f0-527988a880b8: flushIndex: setUnconditionally 0 -> -1
2019-09-12 11:35:40,757 [pool-155-thread-1] INFO  server.RaftServerConfigKeys (ConfUtils.java:logGet(43)) - raft.server.snapshot.auto.trigger.enabled = true (custom)
2019-09-12 11:35:40,757 [pool-155-thread-1] INFO  server.RaftServerConfigKeys (ConfUtils.java:logGet(43)) - raft.server.snapshot.auto.trigger.threshold = 10000 (custom)
2019-09-12 11:35:40,757 [pool-155-thread-1] INFO  server.RaftServerConfigKeys (ConfUtils.java:logGet(43)) - raft.server.retrycache.expirytime = 600000ms (custom)
2019-09-12 11:35:40,758 [pool-155-thread-1] INFO  impl.RaftServerImpl (RaftServerImpl.java:start(180)) - b3c7b149-240e-4b69-a097-dee5cbed4f61: start group-527988A880B8
2019-09-12 11:35:40,758 [pool-155-thread-1] INFO  impl.RaftServerImpl (RaftServerImpl.java:setRole(171)) - b3c7b149-240e-4b69-a097-dee5cbed4f61:group-527988A880B8 changes role from null to FOLLOWER at term 0 for startAsFollower
2019-09-12 11:35:40,758 [pool-155-thread-1] INFO  impl.RoleInfo (RoleInfo.java:updateAndGet(143)) - b3c7b149-240e-4b69-a097-dee5cbed4f61: start FollowerState
2019-09-12 11:35:40,758 [pool-155-thread-1] INFO  util.JmxRegister (JmxRegister.java:tryRegister(44)) - Successfully registered JMX Bean with object name Ratis:service=RaftServer,group=group-527988A880B8,id=b3c7b149-240e-4b69-a097-dee5cbed4f61
2019-09-12 11:35:40,762 [RatisPipelineUtilsThread] INFO  pipeline.PipelineStateManager (PipelineStateManager.java:addPipeline(56)) - Created pipeline Pipeline[ Id: 068d5e8a-61d0-4c5c-a4f0-527988a880b8, Nodes: b3c7b149-240e-4b69-a097-dee5cbed4f61{ip: 192.168.36.114, host: pr-hdds-1569-58hkm-1881083799, networkLocation: /default-rack, certSerialId: null}, Type:RATIS, Factor:ONE, State:OPEN]
2019-09-12 11:35:40,762 [RatisPipelineUtilsThread] ERROR pipeline.PipelinePlacementPolicy (PipelinePlacementPolicy.java:meetCriteria(92)) - Pipeline Placement: Doesn't meet the criteria to be viable node. Heaviness: 6
2019-09-12 11:35:40,762 [RatisPipelineUtilsThread] ERROR pipeline.PipelinePlacementPolicy (PipelinePlacementPolicy.java:meetCriteria(92)) - Pipeline Placement: Doesn't meet the criteria to be viable node. Heaviness: 6
2019-09-12 11:35:40,768 [grpc-default-executor-0] INFO  impl.RaftServerProxy (RaftServerProxy.java:addNew(89)) - b3c7b149-240e-4b69-a097-dee5cbed4f61: addNew group-A5D32B2EE9B4:[b3c7b149-240e-4b69-a097-dee5cbed4f61:192.168.36.114:40870] returns group-A5D32B2EE9B4:java.util.concurrent.CompletableFuture@c9b6df8[Not completed]
2019-09-12 11:35:40,769 [pool-155-thread-1] INFO  impl.RaftServerImpl (RaftServerImpl.java:<init>(93)) - b3c7b149-240e-4b69-a097-dee5cbed4f61: new RaftServerImpl for group-A5D32B2EE9B4:[b3c7b149-240e-4b69-a097-dee5cbed4f61:192.168.36.114:40870] with ContainerStateMachine:uninitialized
2019-09-12 11:35:40,769 [pool-155-thread-1] INFO  server.RaftServerConfigKeys (ConfUtils.java:logGet(43)) - raft.server.rpc.timeout.min = 5s (custom)
2019-09-12 11:35:40,769 [pool-155-thread-1] INFO  server.RaftServerConfigKeys (ConfUtils.java:logGet(43)) - raft.server.rpc.timeout.max = 5200ms (custom)
2019-09-12 11:35:40,770 [pool-155-thread-1] INFO  server.RaftServerConfigKeys (ConfUtils.java:logGet(43)) - raft.server.rpcslowness.timeout = 120s (custom)
2019-09-12 11:35:40,770 [pool-155-thread-1] INFO  server.RaftServerConfigKeys (ConfUtils.java:logGet(43)) - raft.server.sleep.deviation.threshold = 300 (default)
2019-09-12 11:35:40,770 [pool-155-thread-1] INFO  server.RaftServerConfigKeys (ConfUtils.java:logGet(43)) - raft.server.log.appender.install.snapshot.enabled = false (custom)
2019-09-12 11:35:40,770 [pool-155-thread-1] INFO  impl.RaftServerImpl (ServerState.java:<init>(105)) - b3c7b149-240e-4b69-a097-dee5cbed4f61:group-A5D32B2EE9B4 ConfigurationManager, init=-1: [b3c7b149-240e-4b69-a097-dee5cbed4f61:192.168.36.114:40870], old=null, confs=<EMPTY_MAP>
2019-09-12 11:35:40,770 [pool-155-thread-1] INFO  server.RaftServerConfigKeys (ConfUtils.java:logGet(43)) - raft.server.storage.dir = [/workdir/hadoop-ozone/ozonefs/target/test-dir/MiniOzoneClusterImpl-eef5df77-1b8f-4c52-a6bc-dd98b83f7990/datanode-2/data/ratis] (custom)
2019-09-12 11:35:40,770 [pool-155-thread-1] INFO  storage.RaftStorageDirectory (RaftStorageDirectory.java:analyzeStorage(246)) - The storage directory /workdir/hadoop-ozone/ozonefs/target/test-dir/MiniOzoneClusterImpl-eef5df77-1b8f-4c52-a6bc-dd98b83f7990/datanode-2/data/ratis/9d77904f-1356-4db1-93c3-a5d32b2ee9b4 does not exist. Creating ...
2019-09-12 11:35:40,783 [pool-155-thread-1] INFO  storage.RaftStorageDirectory (RaftStorageDirectory.java:tryLock(328)) - Lock on /workdir/hadoop-ozone/ozonefs/target/test-dir/MiniOzoneClusterImpl-eef5df77-1b8f-4c52-a6bc-dd98b83f7990/datanode-2/data/ratis/9d77904f-1356-4db1-93c3-a5d32b2ee9b4/in_use.lock acquired by nodename 26908@pr-hdds-1569-58hkm-1881083799
2019-09-12 11:35:40,796 [pool-155-thread-1] INFO  storage.RaftStorage (RaftStorage.java:format(72)) - Storage directory /workdir/hadoop-ozone/ozonefs/target/test-dir/MiniOzoneClusterImpl-eef5df77-1b8f-4c52-a6bc-dd98b83f7990/datanode-2/data/ratis/9d77904f-1356-4db1-93c3-a5d32b2ee9b4 has been successfully formatted.
2019-09-12 11:35:40,796 [pool-155-thread-1] INFO  ratis.ContainerStateMachine (ContainerStateMachine.java:loadSnapshot(226)) - group-A5D32B2EE9B4: The snapshot info is null. Setting the last applied indexto:(t:0, i:~)
2019-09-12 11:35:40,797 [pool-155-thread-1] INFO  server.RaftServerConfigKeys (ConfUtils.java:logGet(43)) - raft.server.leader.election.timeout = 120s (custom)
2019-09-12 11:35:40,797 [pool-155-thread-1] INFO  server.RaftServerConfigKeys (ConfUtils.java:logGet(43)) - raft.server.log.use.memory = false (default)
2019-09-12 11:35:40,797 [pool-155-thread-1] INFO  server.RaftServerConfigKeys (ConfUtils.java:logGet(43)) - raft.server.log.purge.gap = 1000000 (custom)
2019-09-12 11:35:40,797 [pool-155-thread-1] INFO  server.RaftServerConfigKeys (ConfUtils.java:logGet(43)) - raft.server.log.appender.buffer.byte-limit = 33554432 (custom)
2019-09-12 11:35:40,797 [pool-155-thread-1] INFO  server.RaftServerConfigKeys (ConfUtils.java:logGet(43)) - raft.server.log.segment.size.max = 1048576 (custom)
2019-09-12 11:35:40,797 [pool-155-thread-1] INFO  server.RaftServerConfigKeys (ConfUtils.java:logGet(43)) - raft.server.log.segment.cache.num.max = 2 (custom)
2019-09-12 11:35:40,798 [pool-155-thread-1] INFO  segmented.SegmentedRaftLogWorker (SegmentedRaftLogWorker.java:<init>(172)) - new b3c7b149-240e-4b69-a097-dee5cbed4f61-SegmentedRaftLogWorker:Storage Directory /workdir/hadoop-ozone/ozonefs/target/test-dir/MiniOzoneClusterImpl-eef5df77-1b8f-4c52-a6bc-dd98b83f7990/datanode-2/data/ratis/9d77904f-1356-4db1-93c3-a5d32b2ee9b4 for RaftStorage:Storage Directory /workdir/hadoop-ozone/ozonefs/target/test-dir/MiniOzoneClusterImpl-eef5df77-1b8f-4c52-a6bc-dd98b83f7990/datanode-2/data/ratis/9d77904f-1356-4db1-93c3-a5d32b2ee9b4
2019-09-12 11:35:40,798 [pool-155-thread-1] INFO  server.RaftServerConfigKeys (ConfUtils.java:logGet(43)) - raft.server.log.queue.byte-limit = 2147483647 (custom)
2019-09-12 11:35:40,798 [pool-155-thread-1] INFO  server.RaftServerConfigKeys (ConfUtils.java:logGet(43)) - raft.server.log.queue.element-limit = 1024 (custom)
2019-09-12 11:35:40,798 [pool-155-thread-1] INFO  server.RaftServerConfigKeys (ConfUtils.java:logGet(43)) - raft.server.log.segment.size.max = 1048576 (custom)
2019-09-12 11:35:40,798 [pool-155-thread-1] INFO  server.RaftServerConfigKeys (ConfUtils.java:logGet(43)) - raft.server.log.preallocated.size = 16384 (custom)
2019-09-12 11:35:40,798 [pool-155-thread-1] INFO  server.RaftServerConfigKeys (ConfUtils.java:logGet(43)) - raft.server.log.write.buffer.size = 33554432 (custom)
2019-09-12 11:35:40,799 [pool-155-thread-1] INFO  server.RaftServerConfigKeys (ConfUtils.java:logGet(43)) - raft.server.log.force.sync.num = 128 (default)
2019-09-12 11:35:40,799 [pool-155-thread-1] INFO  server.RaftServerConfigKeys (ConfUtils.java:logGet(43)) - raft.server.log.statemachine.data.sync = true (default)
2019-09-12 11:35:40,799 [pool-155-thread-1] INFO  server.RaftServerConfigKeys (ConfUtils.java:logGet(43)) - raft.server.log.statemachine.data.sync.timeout = 10s (default)
2019-09-12 11:35:40,799 [pool-155-thread-1] INFO  server.RaftServerConfigKeys (ConfUtils.java:logGet(43)) - raft.server.log.statemachine.data.sync.timeout.retry = -1 (default)
2019-09-12 11:35:40,799 [pool-155-thread-1] INFO  server.RaftServerConfigKeys (ConfUtils.java:logGet(43)) - raft.server.log.statemachine.data.caching.enabled = true (custom)
2019-09-12 11:35:40,800 [pool-155-thread-1] INFO  segmented.SegmentedRaftLogWorker (SegmentedRaftLogWorker.java:lambda$new$0(132)) - b3c7b149-240e-4b69-a097-dee5cbed4f61-SegmentedRaftLogWorker:Storage Directory /workdir/hadoop-ozone/ozonefs/target/test-dir/MiniOzoneClusterImpl-eef5df77-1b8f-4c52-a6bc-dd98b83f7990/datanode-2/data/ratis/9d77904f-1356-4db1-93c3-a5d32b2ee9b4: flushIndex: setUnconditionally 0 -> -1
2019-09-12 11:35:40,800 [pool-155-thread-1] INFO  server.RaftServerConfigKeys (ConfUtils.java:logGet(43)) - raft.server.snapshot.auto.trigger.enabled = true (custom)
2019-09-12 11:35:40,800 [pool-155-thread-1] INFO  server.RaftServerConfigKeys (ConfUtils.java:logGet(43)) - raft.server.snapshot.auto.trigger.threshold = 10000 (custom)
2019-09-12 11:35:40,801 [pool-155-thread-1] INFO  server.RaftServerConfigKeys (ConfUtils.java:logGet(43)) - raft.server.retrycache.expirytime = 600000ms (custom)
2019-09-12 11:35:40,801 [pool-155-thread-1] INFO  impl.RaftServerImpl (RaftServerImpl.java:start(180)) - b3c7b149-240e-4b69-a097-dee5cbed4f61: start group-A5D32B2EE9B4
2019-09-12 11:35:40,801 [pool-155-thread-1] INFO  impl.RaftServerImpl (RaftServerImpl.java:setRole(171)) - b3c7b149-240e-4b69-a097-dee5cbed4f61:group-A5D32B2EE9B4 changes role from null to FOLLOWER at term 0 for startAsFollower
2019-09-12 11:35:40,801 [pool-155-thread-1] INFO  impl.RoleInfo (RoleInfo.java:updateAndGet(143)) - b3c7b149-240e-4b69-a097-dee5cbed4f61: start FollowerState
2019-09-12 11:35:40,802 [pool-155-thread-1] INFO  util.JmxRegister (JmxRegister.java:tryRegister(44)) - Successfully registered JMX Bean with object name Ratis:service=RaftServer,group=group-A5D32B2EE9B4,id=b3c7b149-240e-4b69-a097-dee5cbed4f61
2019-09-12 11:35:40,805 [RatisPipelineUtilsThread] INFO  pipeline.PipelineStateManager (PipelineStateManager.java:addPipeline(56)) - Created pipeline Pipeline[ Id: 9d77904f-1356-4db1-93c3-a5d32b2ee9b4, Nodes: b3c7b149-240e-4b69-a097-dee5cbed4f61{ip: 192.168.36.114, host: pr-hdds-1569-58hkm-1881083799, networkLocation: /default-rack, certSerialId: null}, Type:RATIS, Factor:ONE, State:OPEN]
2019-09-12 11:35:40,805 [RatisPipelineUtilsThread] ERROR pipeline.PipelinePlacementPolicy (PipelinePlacementPolicy.java:meetCriteria(92)) - Pipeline Placement: Doesn't meet the criteria to be viable node. Heaviness: 6
2019-09-12 11:35:40,805 [RatisPipelineUtilsThread] ERROR pipeline.PipelinePlacementPolicy (PipelinePlacementPolicy.java:meetCriteria(92)) - Pipeline Placement: Doesn't meet the criteria to be viable node. Heaviness: 6
2019-09-12 11:35:40,812 [grpc-default-executor-0] INFO  impl.RaftServerProxy (RaftServerProxy.java:addNew(89)) - b3c7b149-240e-4b69-a097-dee5cbed4f61: addNew group-F6D5F2FEABC2:[b3c7b149-240e-4b69-a097-dee5cbed4f61:192.168.36.114:40870] returns group-F6D5F2FEABC2:java.util.concurrent.CompletableFuture@7404afb1[Not completed]
2019-09-12 11:35:40,813 [pool-155-thread-1] INFO  impl.RaftServerImpl (RaftServerImpl.java:<init>(93)) - b3c7b149-240e-4b69-a097-dee5cbed4f61: new RaftServerImpl for group-F6D5F2FEABC2:[b3c7b149-240e-4b69-a097-dee5cbed4f61:192.168.36.114:40870] with ContainerStateMachine:uninitialized
2019-09-12 11:35:40,813 [pool-155-thread-1] INFO  server.RaftServerConfigKeys (ConfUtils.java:logGet(43)) - raft.server.rpc.timeout.min = 5s (custom)
2019-09-12 11:35:40,814 [pool-155-thread-1] INFO  server.RaftServerConfigKeys (ConfUtils.java:logGet(43)) - raft.server.rpc.timeout.max = 5200ms (custom)
2019-09-12 11:35:40,814 [pool-155-thread-1] INFO  server.RaftServerConfigKeys (ConfUtils.java:logGet(43)) - raft.server.rpcslowness.timeout = 120s (custom)
2019-09-12 11:35:40,814 [pool-155-thread-1] INFO  server.RaftServerConfigKeys (ConfUtils.java:logGet(43)) - raft.server.sleep.deviation.threshold = 300 (default)
2019-09-12 11:35:40,814 [pool-155-thread-1] INFO  server.RaftServerConfigKeys (ConfUtils.java:logGet(43)) - raft.server.log.appender.install.snapshot.enabled = false (custom)
2019-09-12 11:35:40,814 [pool-155-thread-1] INFO  impl.RaftServerImpl (ServerState.java:<init>(105)) - b3c7b149-240e-4b69-a097-dee5cbed4f61:group-F6D5F2FEABC2 ConfigurationManager, init=-1: [b3c7b149-240e-4b69-a097-dee5cbed4f61:192.168.36.114:40870], old=null, confs=<EMPTY_MAP>
2019-09-12 11:35:40,814 [pool-155-thread-1] INFO  server.RaftServerConfigKeys (ConfUtils.java:logGet(43)) - raft.server.storage.dir = [/workdir/hadoop-ozone/ozonefs/target/test-dir/MiniOzoneClusterImpl-eef5df77-1b8f-4c52-a6bc-dd98b83f7990/datanode-2/data/ratis] (custom)
2019-09-12 11:35:40,815 [pool-155-thread-1] INFO  storage.RaftStorageDirectory (RaftStorageDirectory.java:analyzeStorage(246)) - The storage directory /workdir/hadoop-ozone/ozonefs/target/test-dir/MiniOzoneClusterImpl-eef5df77-1b8f-4c52-a6bc-dd98b83f7990/datanode-2/data/ratis/5612f635-1985-43e3-917f-f6d5f2feabc2 does not exist. Creating ...
2019-09-12 11:35:40,827 [pool-155-thread-1] INFO  storage.RaftStorageDirectory (RaftStorageDirectory.java:tryLock(328)) - Lock on /workdir/hadoop-ozone/ozonefs/target/test-dir/MiniOzoneClusterImpl-eef5df77-1b8f-4c52-a6bc-dd98b83f7990/datanode-2/data/ratis/5612f635-1985-43e3-917f-f6d5f2feabc2/in_use.lock acquired by nodename 26908@pr-hdds-1569-58hkm-1881083799
2019-09-12 11:35:40,848 [pool-155-thread-1] INFO  storage.RaftStorage (RaftStorage.java:format(72)) - Storage directory /workdir/hadoop-ozone/ozonefs/target/test-dir/MiniOzoneClusterImpl-eef5df77-1b8f-4c52-a6bc-dd98b83f7990/datanode-2/data/ratis/5612f635-1985-43e3-917f-f6d5f2feabc2 has been successfully formatted.
2019-09-12 11:35:40,848 [pool-155-thread-1] INFO  ratis.ContainerStateMachine (ContainerStateMachine.java:loadSnapshot(226)) - group-F6D5F2FEABC2: The snapshot info is null. Setting the last applied indexto:(t:0, i:~)
2019-09-12 11:35:40,848 [pool-155-thread-1] INFO  server.RaftServerConfigKeys (ConfUtils.java:logGet(43)) - raft.server.leader.election.timeout = 120s (custom)
2019-09-12 11:35:40,848 [pool-155-thread-1] INFO  server.RaftServerConfigKeys (ConfUtils.java:logGet(43)) - raft.server.log.use.memory = false (default)
2019-09-12 11:35:40,849 [pool-155-thread-1] INFO  server.RaftServerConfigKeys (ConfUtils.java:logGet(43)) - raft.server.log.purge.gap = 1000000 (custom)
2019-09-12 11:35:40,849 [pool-155-thread-1] INFO  server.RaftServerConfigKeys (ConfUtils.java:logGet(43)) - raft.server.log.appender.buffer.byte-limit = 33554432 (custom)
2019-09-12 11:35:40,849 [pool-155-thread-1] INFO  server.RaftServerConfigKeys (ConfUtils.java:logGet(43)) - raft.server.log.segment.size.max = 1048576 (custom)
2019-09-12 11:35:40,849 [pool-155-thread-1] INFO  server.RaftServerConfigKeys (ConfUtils.java:logGet(43)) - raft.server.log.segment.cache.num.max = 2 (custom)
2019-09-12 11:35:40,849 [pool-155-thread-1] INFO  segmented.SegmentedRaftLogWorker (SegmentedRaftLogWorker.java:<init>(172)) - new b3c7b149-240e-4b69-a097-dee5cbed4f61-SegmentedRaftLogWorker:Storage Directory /workdir/hadoop-ozone/ozonefs/target/test-dir/MiniOzoneClusterImpl-eef5df77-1b8f-4c52-a6bc-dd98b83f7990/datanode-2/data/ratis/5612f635-1985-43e3-917f-f6d5f2feabc2 for RaftStorage:Storage Directory /workdir/hadoop-ozone/ozonefs/target/test-dir/MiniOzoneClusterImpl-eef5df77-1b8f-4c52-a6bc-dd98b83f7990/datanode-2/data/ratis/5612f635-1985-43e3-917f-f6d5f2feabc2
2019-09-12 11:35:40,849 [pool-155-thread-1] INFO  server.RaftServerConfigKeys (ConfUtils.java:logGet(43)) - raft.server.log.queue.byte-limit = 2147483647 (custom)
2019-09-12 11:35:40,849 [pool-155-thread-1] INFO  server.RaftServerConfigKeys (ConfUtils.java:logGet(43)) - raft.server.log.queue.element-limit = 1024 (custom)
2019-09-12 11:35:40,850 [pool-155-thread-1] INFO  server.RaftServerConfigKeys (ConfUtils.java:logGet(43)) - raft.server.log.segment.size.max = 1048576 (custom)
2019-09-12 11:35:40,850 [pool-155-thread-1] INFO  server.RaftServerConfigKeys (ConfUtils.java:logGet(43)) - raft.server.log.preallocated.size = 16384 (custom)
2019-09-12 11:35:40,850 [pool-155-thread-1] INFO  server.RaftServerConfigKeys (ConfUtils.java:logGet(43)) - raft.server.log.write.buffer.size = 33554432 (custom)
2019-09-12 11:35:40,850 [pool-155-thread-1] INFO  server.RaftServerConfigKeys (ConfUtils.java:logGet(43)) - raft.server.log.force.sync.num = 128 (default)
2019-09-12 11:35:40,850 [pool-155-thread-1] INFO  server.RaftServerConfigKeys (ConfUtils.java:logGet(43)) - raft.server.log.statemachine.data.sync = true (default)
2019-09-12 11:35:40,850 [pool-155-thread-1] INFO  server.RaftServerConfigKeys (ConfUtils.java:logGet(43)) - raft.server.log.statemachine.data.sync.timeout = 10s (default)
2019-09-12 11:35:40,851 [pool-155-thread-1] INFO  server.RaftServerConfigKeys (ConfUtils.java:logGet(43)) - raft.server.log.statemachine.data.sync.timeout.retry = -1 (default)
2019-09-12 11:35:40,851 [pool-155-thread-1] INFO  server.RaftServerConfigKeys (ConfUtils.java:logGet(43)) - raft.server.log.statemachine.data.caching.enabled = true (custom)
2019-09-12 11:35:40,851 [pool-155-thread-1] INFO  segmented.SegmentedRaftLogWorker (SegmentedRaftLogWorker.java:lambda$new$0(132)) - b3c7b149-240e-4b69-a097-dee5cbed4f61-SegmentedRaftLogWorker:Storage Directory /workdir/hadoop-ozone/ozonefs/target/test-dir/MiniOzoneClusterImpl-eef5df77-1b8f-4c52-a6bc-dd98b83f7990/datanode-2/data/ratis/5612f635-1985-43e3-917f-f6d5f2feabc2: flushIndex: setUnconditionally 0 -> -1
2019-09-12 11:35:40,852 [pool-155-thread-1] INFO  server.RaftServerConfigKeys (ConfUtils.java:logGet(43)) - raft.server.snapshot.auto.trigger.enabled = true (custom)
2019-09-12 11:35:40,852 [pool-155-thread-1] INFO  server.RaftServerConfigKeys (ConfUtils.java:logGet(43)) - raft.server.snapshot.auto.trigger.threshold = 10000 (custom)
2019-09-12 11:35:40,852 [pool-155-thread-1] INFO  server.RaftServerConfigKeys (ConfUtils.java:logGet(43)) - raft.server.retrycache.expirytime = 600000ms (custom)
2019-09-12 11:35:40,852 [pool-155-thread-1] INFO  impl.RaftServerImpl (RaftServerImpl.java:start(180)) - b3c7b149-240e-4b69-a097-dee5cbed4f61: start group-F6D5F2FEABC2
2019-09-12 11:35:40,852 [pool-155-thread-1] INFO  impl.RaftServerImpl (RaftServerImpl.java:setRole(171)) - b3c7b149-240e-4b69-a097-dee5cbed4f61:group-F6D5F2FEABC2 changes role from null to FOLLOWER at term 0 for startAsFollower
2019-09-12 11:35:40,852 [pool-155-thread-1] INFO  impl.RoleInfo (RoleInfo.java:updateAndGet(143)) - b3c7b149-240e-4b69-a097-dee5cbed4f61: start FollowerState
2019-09-12 11:35:40,853 [pool-155-thread-1] INFO  util.JmxRegister (JmxRegister.java:tryRegister(44)) - Successfully registered JMX Bean with object name Ratis:service=RaftServer,group=group-F6D5F2FEABC2,id=b3c7b149-240e-4b69-a097-dee5cbed4f61
2019-09-12 11:35:40,856 [RatisPipelineUtilsThread] INFO  pipeline.PipelineStateManager (PipelineStateManager.java:addPipeline(56)) - Created pipeline Pipeline[ Id: 5612f635-1985-43e3-917f-f6d5f2feabc2, Nodes: b3c7b149-240e-4b69-a097-dee5cbed4f61{ip: 192.168.36.114, host: pr-hdds-1569-58hkm-1881083799, networkLocation: /default-rack, certSerialId: null}, Type:RATIS, Factor:ONE, State:OPEN]
2019-09-12 11:35:40,856 [RatisPipelineUtilsThread] ERROR pipeline.PipelinePlacementPolicy (PipelinePlacementPolicy.java:meetCriteria(92)) - Pipeline Placement: Doesn't meet the criteria to be viable node. Heaviness: 6
2019-09-12 11:35:40,857 [RatisPipelineUtilsThread] ERROR pipeline.PipelinePlacementPolicy (PipelinePlacementPolicy.java:meetCriteria(92)) - Pipeline Placement: Doesn't meet the criteria to be viable node. Heaviness: 6
2019-09-12 11:35:40,862 [grpc-default-executor-0] INFO  impl.RaftServerProxy (RaftServerProxy.java:addNew(89)) - b3c7b149-240e-4b69-a097-dee5cbed4f61: addNew group-2A97339C0A27:[b3c7b149-240e-4b69-a097-dee5cbed4f61:192.168.36.114:40870] returns group-2A97339C0A27:java.util.concurrent.CompletableFuture@72df54e2[Not completed]
2019-09-12 11:35:40,863 [pool-155-thread-1] INFO  impl.RaftServerImpl (RaftServerImpl.java:<init>(93)) - b3c7b149-240e-4b69-a097-dee5cbed4f61: new RaftServerImpl for group-2A97339C0A27:[b3c7b149-240e-4b69-a097-dee5cbed4f61:192.168.36.114:40870] with ContainerStateMachine:uninitialized
2019-09-12 11:35:40,864 [pool-155-thread-1] INFO  server.RaftServerConfigKeys (ConfUtils.java:logGet(43)) - raft.server.rpc.timeout.min = 5s (custom)
2019-09-12 11:35:40,864 [pool-155-thread-1] INFO  server.RaftServerConfigKeys (ConfUtils.java:logGet(43)) - raft.server.rpc.timeout.max = 5200ms (custom)
2019-09-12 11:35:40,864 [pool-155-thread-1] INFO  server.RaftServerConfigKeys (ConfUtils.java:logGet(43)) - raft.server.rpcslowness.timeout = 120s (custom)
2019-09-12 11:35:40,864 [pool-155-thread-1] INFO  server.RaftServerConfigKeys (ConfUtils.java:logGet(43)) - raft.server.sleep.deviation.threshold = 300 (default)
2019-09-12 11:35:40,864 [pool-155-thread-1] INFO  server.RaftServerConfigKeys (ConfUtils.java:logGet(43)) - raft.server.log.appender.install.snapshot.enabled = false (custom)
2019-09-12 11:35:40,864 [pool-155-thread-1] INFO  impl.RaftServerImpl (ServerState.java:<init>(105)) - b3c7b149-240e-4b69-a097-dee5cbed4f61:group-2A97339C0A27 ConfigurationManager, init=-1: [b3c7b149-240e-4b69-a097-dee5cbed4f61:192.168.36.114:40870], old=null, confs=<EMPTY_MAP>
2019-09-12 11:35:40,864 [pool-155-thread-1] INFO  server.RaftServerConfigKeys (ConfUtils.java:logGet(43)) - raft.server.storage.dir = [/workdir/hadoop-ozone/ozonefs/target/test-dir/MiniOzoneClusterImpl-eef5df77-1b8f-4c52-a6bc-dd98b83f7990/datanode-2/data/ratis] (custom)
2019-09-12 11:35:40,865 [pool-155-thread-1] INFO  storage.RaftStorageDirectory (RaftStorageDirectory.java:analyzeStorage(246)) - The storage directory /workdir/hadoop-ozone/ozonefs/target/test-dir/MiniOzoneClusterImpl-eef5df77-1b8f-4c52-a6bc-dd98b83f7990/datanode-2/data/ratis/aed00129-e659-4f78-bc34-2a97339c0a27 does not exist. Creating ...
2019-09-12 11:35:40,878 [pool-155-thread-1] INFO  storage.RaftStorageDirectory (RaftStorageDirectory.java:tryLock(328)) - Lock on /workdir/hadoop-ozone/ozonefs/target/test-dir/MiniOzoneClusterImpl-eef5df77-1b8f-4c52-a6bc-dd98b83f7990/datanode-2/data/ratis/aed00129-e659-4f78-bc34-2a97339c0a27/in_use.lock acquired by nodename 26908@pr-hdds-1569-58hkm-1881083799
2019-09-12 11:35:40,891 [pool-155-thread-1] INFO  storage.RaftStorage (RaftStorage.java:format(72)) - Storage directory /workdir/hadoop-ozone/ozonefs/target/test-dir/MiniOzoneClusterImpl-eef5df77-1b8f-4c52-a6bc-dd98b83f7990/datanode-2/data/ratis/aed00129-e659-4f78-bc34-2a97339c0a27 has been successfully formatted.
2019-09-12 11:35:40,891 [pool-155-thread-1] INFO  ratis.ContainerStateMachine (ContainerStateMachine.java:loadSnapshot(226)) - group-2A97339C0A27: The snapshot info is null. Setting the last applied indexto:(t:0, i:~)
2019-09-12 11:35:40,892 [pool-155-thread-1] INFO  server.RaftServerConfigKeys (ConfUtils.java:logGet(43)) - raft.server.leader.election.timeout = 120s (custom)
2019-09-12 11:35:40,892 [pool-155-thread-1] INFO  server.RaftServerConfigKeys (ConfUtils.java:logGet(43)) - raft.server.log.use.memory = false (default)
2019-09-12 11:35:40,892 [pool-155-thread-1] INFO  server.RaftServerConfigKeys (ConfUtils.java:logGet(43)) - raft.server.log.purge.gap = 1000000 (custom)
2019-09-12 11:35:40,892 [pool-155-thread-1] INFO  server.RaftServerConfigKeys (ConfUtils.java:logGet(43)) - raft.server.log.appender.buffer.byte-limit = 33554432 (custom)
2019-09-12 11:35:40,892 [pool-155-thread-1] INFO  server.RaftServerConfigKeys (ConfUtils.java:logGet(43)) - raft.server.log.segment.size.max = 1048576 (custom)
2019-09-12 11:35:40,892 [pool-155-thread-1] INFO  server.RaftServerConfigKeys (ConfUtils.java:logGet(43)) - raft.server.log.segment.cache.num.max = 2 (custom)
2019-09-12 11:35:40,893 [pool-155-thread-1] INFO  segmented.SegmentedRaftLogWorker (SegmentedRaftLogWorker.java:<init>(172)) - new b3c7b149-240e-4b69-a097-dee5cbed4f61-SegmentedRaftLogWorker:Storage Directory /workdir/hadoop-ozone/ozonefs/target/test-dir/MiniOzoneClusterImpl-eef5df77-1b8f-4c52-a6bc-dd98b83f7990/datanode-2/data/ratis/aed00129-e659-4f78-bc34-2a97339c0a27 for RaftStorage:Storage Directory /workdir/hadoop-ozone/ozonefs/target/test-dir/MiniOzoneClusterImpl-eef5df77-1b8f-4c52-a6bc-dd98b83f7990/datanode-2/data/ratis/aed00129-e659-4f78-bc34-2a97339c0a27
2019-09-12 11:35:40,893 [pool-155-thread-1] INFO  server.RaftServerConfigKeys (ConfUtils.java:logGet(43)) - raft.server.log.queue.byte-limit = 2147483647 (custom)
2019-09-12 11:35:40,893 [pool-155-thread-1] INFO  server.RaftServerConfigKeys (ConfUtils.java:logGet(43)) - raft.server.log.queue.element-limit = 1024 (custom)
2019-09-12 11:35:40,893 [pool-155-thread-1] INFO  server.RaftServerConfigKeys (ConfUtils.java:logGet(43)) - raft.server.log.segment.size.max = 1048576 (custom)
2019-09-12 11:35:40,893 [pool-155-thread-1] INFO  server.RaftServerConfigKeys (ConfUtils.java:logGet(43)) - raft.server.log.preallocated.size = 16384 (custom)
2019-09-12 11:35:40,894 [pool-155-thread-1] INFO  server.RaftServerConfigKeys (ConfUtils.java:logGet(43)) - raft.server.log.write.buffer.size = 33554432 (custom)
2019-09-12 11:35:40,894 [pool-155-thread-1] INFO  server.RaftServerConfigKeys (ConfUtils.java:logGet(43)) - raft.server.log.force.sync.num = 128 (default)
2019-09-12 11:35:40,894 [pool-155-thread-1] INFO  server.RaftServerConfigKeys (ConfUtils.java:logGet(43)) - raft.server.log.statemachine.data.sync = true (default)
2019-09-12 11:35:40,894 [pool-155-thread-1] INFO  server.RaftServerConfigKeys (ConfUtils.java:logGet(43)) - raft.server.log.statemachine.data.sync.timeout = 10s (default)
2019-09-12 11:35:40,894 [pool-155-thread-1] INFO  server.RaftServerConfigKeys (ConfUtils.java:logGet(43)) - raft.server.log.statemachine.data.sync.timeout.retry = -1 (default)
2019-09-12 11:35:40,894 [pool-155-thread-1] INFO  server.RaftServerConfigKeys (ConfUtils.java:logGet(43)) - raft.server.log.statemachine.data.caching.enabled = true (custom)
2019-09-12 11:35:40,895 [pool-155-thread-1] INFO  segmented.SegmentedRaftLogWorker (SegmentedRaftLogWorker.java:lambda$new$0(132)) - b3c7b149-240e-4b69-a097-dee5cbed4f61-SegmentedRaftLogWorker:Storage Directory /workdir/hadoop-ozone/ozonefs/target/test-dir/MiniOzoneClusterImpl-eef5df77-1b8f-4c52-a6bc-dd98b83f7990/datanode-2/data/ratis/aed00129-e659-4f78-bc34-2a97339c0a27: flushIndex: setUnconditionally 0 -> -1
2019-09-12 11:35:40,895 [pool-155-thread-1] INFO  server.RaftServerConfigKeys (ConfUtils.java:logGet(43)) - raft.server.snapshot.auto.trigger.enabled = true (custom)
2019-09-12 11:35:40,895 [pool-155-thread-1] INFO  server.RaftServerConfigKeys (ConfUtils.java:logGet(43)) - raft.server.snapshot.auto.trigger.threshold = 10000 (custom)
2019-09-12 11:35:40,896 [pool-155-thread-1] INFO  server.RaftServerConfigKeys (ConfUtils.java:logGet(43)) - raft.server.retrycache.expirytime = 600000ms (custom)
2019-09-12 11:35:40,896 [pool-155-thread-1] INFO  impl.RaftServerImpl (RaftServerImpl.java:start(180)) - b3c7b149-240e-4b69-a097-dee5cbed4f61: start group-2A97339C0A27
2019-09-12 11:35:40,896 [pool-155-thread-1] INFO  impl.RaftServerImpl (RaftServerImpl.java:setRole(171)) - b3c7b149-240e-4b69-a097-dee5cbed4f61:group-2A97339C0A27 changes role from null to FOLLOWER at term 0 for startAsFollower
2019-09-12 11:35:40,896 [pool-155-thread-1] INFO  impl.RoleInfo (RoleInfo.java:updateAndGet(143)) - b3c7b149-240e-4b69-a097-dee5cbed4f61: start FollowerState
2019-09-12 11:35:40,897 [pool-155-thread-1] INFO  util.JmxRegister (JmxRegister.java:tryRegister(44)) - Successfully registered JMX Bean with object name Ratis:service=RaftServer,group=group-2A97339C0A27,id=b3c7b149-240e-4b69-a097-dee5cbed4f61
2019-09-12 11:35:40,900 [RatisPipelineUtilsThread] INFO  pipeline.PipelineStateManager (PipelineStateManager.java:addPipeline(56)) - Created pipeline Pipeline[ Id: aed00129-e659-4f78-bc34-2a97339c0a27, Nodes: b3c7b149-240e-4b69-a097-dee5cbed4f61{ip: 192.168.36.114, host: pr-hdds-1569-58hkm-1881083799, networkLocation: /default-rack, certSerialId: null}, Type:RATIS, Factor:ONE, State:OPEN]
2019-09-12 11:35:40,900 [RatisPipelineUtilsThread] ERROR pipeline.PipelinePlacementPolicy (PipelinePlacementPolicy.java:meetCriteria(92)) - Pipeline Placement: Doesn't meet the criteria to be viable node. Heaviness: 6
2019-09-12 11:35:40,900 [RatisPipelineUtilsThread] ERROR pipeline.PipelinePlacementPolicy (PipelinePlacementPolicy.java:meetCriteria(92)) - Pipeline Placement: Doesn't meet the criteria to be viable node. Heaviness: 6
2019-09-12 11:35:40,906 [grpc-default-executor-0] INFO  impl.RaftServerProxy (RaftServerProxy.java:addNew(89)) - b3c7b149-240e-4b69-a097-dee5cbed4f61: addNew group-70AE364601CD:[b3c7b149-240e-4b69-a097-dee5cbed4f61:192.168.36.114:40870] returns group-70AE364601CD:java.util.concurrent.CompletableFuture@58124d72[Not completed]
2019-09-12 11:35:40,907 [pool-155-thread-1] INFO  impl.RaftServerImpl (RaftServerImpl.java:<init>(93)) - b3c7b149-240e-4b69-a097-dee5cbed4f61: new RaftServerImpl for group-70AE364601CD:[b3c7b149-240e-4b69-a097-dee5cbed4f61:192.168.36.114:40870] with ContainerStateMachine:uninitialized
2019-09-12 11:35:40,907 [pool-155-thread-1] INFO  server.RaftServerConfigKeys (ConfUtils.java:logGet(43)) - raft.server.rpc.timeout.min = 5s (custom)
2019-09-12 11:35:40,907 [pool-155-thread-1] INFO  server.RaftServerConfigKeys (ConfUtils.java:logGet(43)) - raft.server.rpc.timeout.max = 5200ms (custom)
2019-09-12 11:35:40,908 [pool-155-thread-1] INFO  server.RaftServerConfigKeys (ConfUtils.java:logGet(43)) - raft.server.rpcslowness.timeout = 120s (custom)
2019-09-12 11:35:40,908 [pool-155-thread-1] INFO  server.RaftServerConfigKeys (ConfUtils.java:logGet(43)) - raft.server.sleep.deviation.threshold = 300 (default)
2019-09-12 11:35:40,908 [pool-155-thread-1] INFO  server.RaftServerConfigKeys (ConfUtils.java:logGet(43)) - raft.server.log.appender.install.snapshot.enabled = false (custom)
2019-09-12 11:35:40,908 [pool-155-thread-1] INFO  impl.RaftServerImpl (ServerState.java:<init>(105)) - b3c7b149-240e-4b69-a097-dee5cbed4f61:group-70AE364601CD ConfigurationManager, init=-1: [b3c7b149-240e-4b69-a097-dee5cbed4f61:192.168.36.114:40870], old=null, confs=<EMPTY_MAP>
2019-09-12 11:35:40,908 [pool-155-thread-1] INFO  server.RaftServerConfigKeys (ConfUtils.java:logGet(43)) - raft.server.storage.dir = [/workdir/hadoop-ozone/ozonefs/target/test-dir/MiniOzoneClusterImpl-eef5df77-1b8f-4c52-a6bc-dd98b83f7990/datanode-2/data/ratis] (custom)
2019-09-12 11:35:40,909 [pool-155-thread-1] INFO  storage.RaftStorageDirectory (RaftStorageDirectory.java:analyzeStorage(246)) - The storage directory /workdir/hadoop-ozone/ozonefs/target/test-dir/MiniOzoneClusterImpl-eef5df77-1b8f-4c52-a6bc-dd98b83f7990/datanode-2/data/ratis/f197cd77-92a6-4ef5-b461-70ae364601cd does not exist. Creating ...
2019-09-12 11:35:40,932 [pool-155-thread-1] INFO  storage.RaftStorageDirectory (RaftStorageDirectory.java:tryLock(328)) - Lock on /workdir/hadoop-ozone/ozonefs/target/test-dir/MiniOzoneClusterImpl-eef5df77-1b8f-4c52-a6bc-dd98b83f7990/datanode-2/data/ratis/f197cd77-92a6-4ef5-b461-70ae364601cd/in_use.lock acquired by nodename 26908@pr-hdds-1569-58hkm-1881083799
2019-09-12 11:35:40,945 [pool-155-thread-1] INFO  storage.RaftStorage (RaftStorage.java:format(72)) - Storage directory /workdir/hadoop-ozone/ozonefs/target/test-dir/MiniOzoneClusterImpl-eef5df77-1b8f-4c52-a6bc-dd98b83f7990/datanode-2/data/ratis/f197cd77-92a6-4ef5-b461-70ae364601cd has been successfully formatted.
2019-09-12 11:35:40,946 [pool-155-thread-1] INFO  ratis.ContainerStateMachine (ContainerStateMachine.java:loadSnapshot(226)) - group-70AE364601CD: The snapshot info is null. Setting the last applied indexto:(t:0, i:~)
2019-09-12 11:35:40,946 [pool-155-thread-1] INFO  server.RaftServerConfigKeys (ConfUtils.java:logGet(43)) - raft.server.leader.election.timeout = 120s (custom)
2019-09-12 11:35:40,946 [pool-155-thread-1] INFO  server.RaftServerConfigKeys (ConfUtils.java:logGet(43)) - raft.server.log.use.memory = false (default)
2019-09-12 11:35:40,946 [pool-155-thread-1] INFO  server.RaftServerConfigKeys (ConfUtils.java:logGet(43)) - raft.server.log.purge.gap = 1000000 (custom)
2019-09-12 11:35:40,946 [pool-155-thread-1] INFO  server.RaftServerConfigKeys (ConfUtils.java:logGet(43)) - raft.server.log.appender.buffer.byte-limit = 33554432 (custom)
2019-09-12 11:35:40,946 [pool-155-thread-1] INFO  server.RaftServerConfigKeys (ConfUtils.java:logGet(43)) - raft.server.log.segment.size.max = 1048576 (custom)
2019-09-12 11:35:40,947 [pool-155-thread-1] INFO  server.RaftServerConfigKeys (ConfUtils.java:logGet(43)) - raft.server.log.segment.cache.num.max = 2 (custom)
2019-09-12 11:35:40,947 [pool-155-thread-1] INFO  segmented.SegmentedRaftLogWorker (SegmentedRaftLogWorker.java:<init>(172)) - new b3c7b149-240e-4b69-a097-dee5cbed4f61-SegmentedRaftLogWorker:Storage Directory /workdir/hadoop-ozone/ozonefs/target/test-dir/MiniOzoneClusterImpl-eef5df77-1b8f-4c52-a6bc-dd98b83f7990/datanode-2/data/ratis/f197cd77-92a6-4ef5-b461-70ae364601cd for RaftStorage:Storage Directory /workdir/hadoop-ozone/ozonefs/target/test-dir/MiniOzoneClusterImpl-eef5df77-1b8f-4c52-a6bc-dd98b83f7990/datanode-2/data/ratis/f197cd77-92a6-4ef5-b461-70ae364601cd
2019-09-12 11:35:40,947 [pool-155-thread-1] INFO  server.RaftServerConfigKeys (ConfUtils.java:logGet(43)) - raft.server.log.queue.byte-limit = 2147483647 (custom)
2019-09-12 11:35:40,947 [pool-155-thread-1] INFO  server.RaftServerConfigKeys (ConfUtils.java:logGet(43)) - raft.server.log.queue.element-limit = 1024 (custom)
2019-09-12 11:35:40,947 [pool-155-thread-1] INFO  server.RaftServerConfigKeys (ConfUtils.java:logGet(43)) - raft.server.log.segment.size.max = 1048576 (custom)
2019-09-12 11:35:40,947 [pool-155-thread-1] INFO  server.RaftServerConfigKeys (ConfUtils.java:logGet(43)) - raft.server.log.preallocated.size = 16384 (custom)
2019-09-12 11:35:40,948 [pool-155-thread-1] INFO  server.RaftServerConfigKeys (ConfUtils.java:logGet(43)) - raft.server.log.write.buffer.size = 33554432 (custom)
2019-09-12 11:35:40,948 [pool-155-thread-1] INFO  server.RaftServerConfigKeys (ConfUtils.java:logGet(43)) - raft.server.log.force.sync.num = 128 (default)
2019-09-12 11:35:40,948 [pool-155-thread-1] INFO  server.RaftServerConfigKeys (ConfUtils.java:logGet(43)) - raft.server.log.statemachine.data.sync = true (default)
2019-09-12 11:35:40,948 [pool-155-thread-1] INFO  server.RaftServerConfigKeys (ConfUtils.java:logGet(43)) - raft.server.log.statemachine.data.sync.timeout = 10s (default)
2019-09-12 11:35:40,948 [pool-155-thread-1] INFO  server.RaftServerConfigKeys (ConfUtils.java:logGet(43)) - raft.server.log.statemachine.data.sync.timeout.retry = -1 (default)
2019-09-12 11:35:40,949 [pool-155-thread-1] INFO  server.RaftServerConfigKeys (ConfUtils.java:logGet(43)) - raft.server.log.statemachine.data.caching.enabled = true (custom)
2019-09-12 11:35:40,949 [pool-155-thread-1] INFO  segmented.SegmentedRaftLogWorker (SegmentedRaftLogWorker.java:lambda$new$0(132)) - b3c7b149-240e-4b69-a097-dee5cbed4f61-SegmentedRaftLogWorker:Storage Directory /workdir/hadoop-ozone/ozonefs/target/test-dir/MiniOzoneClusterImpl-eef5df77-1b8f-4c52-a6bc-dd98b83f7990/datanode-2/data/ratis/f197cd77-92a6-4ef5-b461-70ae364601cd: flushIndex: setUnconditionally 0 -> -1
2019-09-12 11:35:40,949 [pool-155-thread-1] INFO  server.RaftServerConfigKeys (ConfUtils.java:logGet(43)) - raft.server.snapshot.auto.trigger.enabled = true (custom)
2019-09-12 11:35:40,950 [pool-155-thread-1] INFO  server.RaftServerConfigKeys (ConfUtils.java:logGet(43)) - raft.server.snapshot.auto.trigger.threshold = 10000 (custom)
2019-09-12 11:35:40,950 [pool-155-thread-1] INFO  server.RaftServerConfigKeys (ConfUtils.java:logGet(43)) - raft.server.retrycache.expirytime = 600000ms (custom)
2019-09-12 11:35:40,950 [pool-155-thread-1] INFO  impl.RaftServerImpl (RaftServerImpl.java:start(180)) - b3c7b149-240e-4b69-a097-dee5cbed4f61: start group-70AE364601CD
2019-09-12 11:35:40,950 [pool-155-thread-1] INFO  impl.RaftServerImpl (RaftServerImpl.java:setRole(171)) - b3c7b149-240e-4b69-a097-dee5cbed4f61:group-70AE364601CD changes role from null to FOLLOWER at term 0 for startAsFollower
2019-09-12 11:35:40,950 [pool-155-thread-1] INFO  impl.RoleInfo (RoleInfo.java:updateAndGet(143)) - b3c7b149-240e-4b69-a097-dee5cbed4f61: start FollowerState
2019-09-12 11:35:40,951 [pool-155-thread-1] INFO  util.JmxRegister (JmxRegister.java:tryRegister(44)) - Successfully registered JMX Bean with object name Ratis:service=RaftServer,group=group-70AE364601CD,id=b3c7b149-240e-4b69-a097-dee5cbed4f61
2019-09-12 11:35:40,954 [RatisPipelineUtilsThread] INFO  pipeline.PipelineStateManager (PipelineStateManager.java:addPipeline(56)) - Created pipeline Pipeline[ Id: f197cd77-92a6-4ef5-b461-70ae364601cd, Nodes: b3c7b149-240e-4b69-a097-dee5cbed4f61{ip: 192.168.36.114, host: pr-hdds-1569-58hkm-1881083799, networkLocation: /default-rack, certSerialId: null}, Type:RATIS, Factor:ONE, State:OPEN]
2019-09-12 11:35:40,954 [RatisPipelineUtilsThread] ERROR pipeline.PipelinePlacementPolicy (PipelinePlacementPolicy.java:meetCriteria(92)) - Pipeline Placement: Doesn't meet the criteria to be viable node. Heaviness: 6
2019-09-12 11:35:40,954 [RatisPipelineUtilsThread] ERROR pipeline.PipelinePlacementPolicy (PipelinePlacementPolicy.java:meetCriteria(92)) - Pipeline Placement: Doesn't meet the criteria to be viable node. Heaviness: 6
2019-09-12 11:35:40,955 [RatisPipelineUtilsThread] ERROR pipeline.PipelinePlacementPolicy (PipelinePlacementPolicy.java:meetCriteria(92)) - Pipeline Placement: Doesn't meet the criteria to be viable node. Heaviness: 6
2019-09-12 11:35:40,955 [RatisPipelineUtilsThread] ERROR pipeline.PipelinePlacementPolicy (PipelinePlacementPolicy.java:filterViableNodes(147)) - Unable to find enough nodes that meet the criteria that cannot engage in more than 5 pipelines. Nodes required: 1 Found: 0, healthy nodes count inNodeManager: 3.
2019-09-12 11:35:40,955 [RatisPipelineUtilsThread] ERROR pipeline.SCMPipelineManager (SCMPipelineManager.java:createPipeline(161)) - Pipeline creation failed due to exception: Unable to find enough nodes that meet the criteria that cannot engage in more than 5 pipelines. Nodes required: 1 Found: 0, healthy nodes count inNodeManager: 3.
2019-09-12 11:35:40,955 [RatisPipelineUtilsThread] ERROR pipeline.PipelinePlacementPolicy (PipelinePlacementPolicy.java:meetCriteria(92)) - Pipeline Placement: Doesn't meet the criteria to be viable node. Heaviness: 6
2019-09-12 11:35:40,955 [RatisPipelineUtilsThread] ERROR pipeline.PipelinePlacementPolicy (PipelinePlacementPolicy.java:meetCriteria(92)) - Pipeline Placement: Doesn't meet the criteria to be viable node. Heaviness: 6
2019-09-12 11:35:40,956 [RatisPipelineUtilsThread] ERROR pipeline.PipelinePlacementPolicy (PipelinePlacementPolicy.java:meetCriteria(92)) - Pipeline Placement: Doesn't meet the criteria to be viable node. Heaviness: 6
2019-09-12 11:35:40,956 [RatisPipelineUtilsThread] ERROR pipeline.PipelinePlacementPolicy (PipelinePlacementPolicy.java:filterViableNodes(147)) - Unable to find enough nodes that meet the criteria that cannot engage in more than 5 pipelines. Nodes required: 3 Found: 0, healthy nodes count inNodeManager: 3.
2019-09-12 11:35:40,956 [RatisPipelineUtilsThread] ERROR pipeline.SCMPipelineManager (SCMPipelineManager.java:createPipeline(161)) - Pipeline creation failed due to exception: Unable to find enough nodes that meet the criteria that cannot engage in more than 5 pipelines. Nodes required: 3 Found: 0, healthy nodes count inNodeManager: 3.
2019-09-12 11:35:40,956 [RatisPipelineUtilsThread] ERROR pipeline.PipelinePlacementPolicy (PipelinePlacementPolicy.java:meetCriteria(92)) - Pipeline Placement: Doesn't meet the criteria to be viable node. Heaviness: 6
2019-09-12 11:35:40,956 [RatisPipelineUtilsThread] ERROR pipeline.PipelinePlacementPolicy (PipelinePlacementPolicy.java:meetCriteria(92)) - Pipeline Placement: Doesn't meet the criteria to be viable node. Heaviness: 6
2019-09-12 11:35:40,957 [RatisPipelineUtilsThread] ERROR pipeline.PipelinePlacementPolicy (PipelinePlacementPolicy.java:meetCriteria(92)) - Pipeline Placement: Doesn't meet the criteria to be viable node. Heaviness: 6
2019-09-12 11:35:40,957 [RatisPipelineUtilsThread] ERROR pipeline.PipelinePlacementPolicy (PipelinePlacementPolicy.java:filterViableNodes(147)) - Unable to find enough nodes that meet the criteria that cannot engage in more than 5 pipelines. Nodes required: 1 Found: 0, healthy nodes count inNodeManager: 3.
2019-09-12 11:35:40,957 [RatisPipelineUtilsThread] ERROR pipeline.SCMPipelineManager (SCMPipelineManager.java:createPipeline(161)) - Pipeline creation failed due to exception: Unable to find enough nodes that meet the criteria that cannot engage in more than 5 pipelines. Nodes required: 1 Found: 0, healthy nodes count inNodeManager: 3.
2019-09-12 11:35:40,957 [RatisPipelineUtilsThread] ERROR pipeline.PipelinePlacementPolicy (PipelinePlacementPolicy.java:meetCriteria(92)) - Pipeline Placement: Doesn't meet the criteria to be viable node. Heaviness: 6
2019-09-12 11:35:40,957 [RatisPipelineUtilsThread] ERROR pipeline.PipelinePlacementPolicy (PipelinePlacementPolicy.java:meetCriteria(92)) - Pipeline Placement: Doesn't meet the criteria to be viable node. Heaviness: 6
2019-09-12 11:35:40,958 [RatisPipelineUtilsThread] ERROR pipeline.PipelinePlacementPolicy (PipelinePlacementPolicy.java:meetCriteria(92)) - Pipeline Placement: Doesn't meet the criteria to be viable node. Heaviness: 6
2019-09-12 11:35:40,958 [RatisPipelineUtilsThread] ERROR pipeline.PipelinePlacementPolicy (PipelinePlacementPolicy.java:filterViableNodes(147)) - Unable to find enough nodes that meet the criteria that cannot engage in more than 5 pipelines. Nodes required: 3 Found: 0, healthy nodes count inNodeManager: 3.
2019-09-12 11:35:40,958 [RatisPipelineUtilsThread] ERROR pipeline.SCMPipelineManager (SCMPipelineManager.java:createPipeline(161)) - Pipeline creation failed due to exception: Unable to find enough nodes that meet the criteria that cannot engage in more than 5 pipelines. Nodes required: 3 Found: 0, healthy nodes count inNodeManager: 3.
2019-09-12 11:35:41,481 [Thread-540] INFO  ozone.MiniOzoneClusterImpl (MiniOzoneClusterImpl.java:lambda$waitForClusterToBeReady$0(142)) - Cluster is ready. Got 3 of 3 DN Heartbeats.
2019-09-12 11:35:41,659 | INFO  | OMAudit | user=jenkins1000 | ip=127.0.0.1 | op=CREATE_VOLUME {admin=admin03539, owner=user23798, volume=volume05314, creationTime=1568288141658, quotaInBytes=1152921504606846976} | ret=SUCCESS |  
2019-09-12 11:35:41,669 | INFO  | OMAudit | user=jenkins1000 | ip=127.0.0.1 | op=CREATE_BUCKET {volume=volume05314, bucket=bucket50397, acls=[], isVersionEnabled=false, storageType=DISK, creationTime=0} | ret=SUCCESS |  
2019-09-12 11:35:41,691 | INFO  | OMAudit | user=jenkins1000 | ip=127.0.0.1 | op=READ_VOLUME {volume=volume05314} | ret=SUCCESS |  
2019-09-12 11:35:41,693 | INFO  | OMAudit | user=jenkins1000 | ip=127.0.0.1 | op=READ_BUCKET {volume=volume05314, bucket=bucket50397} | ret=SUCCESS |  
2019-09-12 11:35:41,714 | INFO  | OMAudit | user=jenkins1000 | ip=127.0.0.1 | op=CREATE_DIRECTORY {volume=volume05314, bucket=bucket50397, key=dir1/dir11/dir111, dataSize=0, replicationType=null, replicationFactor=null, keyLocationInfo=null} | ret=SUCCESS |  
2019-09-12 11:35:41,717 | INFO  | OMAudit | user=jenkins1000 | ip=127.0.0.1 | op=CREATE_DIRECTORY {volume=volume05314, bucket=bucket50397, key=dir1/dir12, dataSize=0, replicationType=null, replicationFactor=null, keyLocationInfo=null} | ret=SUCCESS |  
2019-09-12 11:35:41,749 [IPC Server handler 4 on 43811] ERROR pipeline.PipelinePlacementPolicy (PipelinePlacementPolicy.java:meetCriteria(92)) - Pipeline Placement: Doesn't meet the criteria to be viable node. Heaviness: 6
2019-09-12 11:35:41,749 [IPC Server handler 4 on 43811] ERROR pipeline.PipelinePlacementPolicy (PipelinePlacementPolicy.java:meetCriteria(92)) - Pipeline Placement: Doesn't meet the criteria to be viable node. Heaviness: 6
2019-09-12 11:35:41,750 [IPC Server handler 4 on 43811] ERROR pipeline.PipelinePlacementPolicy (PipelinePlacementPolicy.java:meetCriteria(92)) - Pipeline Placement: Doesn't meet the criteria to be viable node. Heaviness: 6
2019-09-12 11:35:41,750 [IPC Server handler 4 on 43811] ERROR pipeline.PipelinePlacementPolicy (PipelinePlacementPolicy.java:filterViableNodes(147)) - Unable to find enough nodes that meet the criteria that cannot engage in more than 5 pipelines. Nodes required: 3 Found: 0, healthy nodes count inNodeManager: 3.
2019-09-12 11:35:41,750 [IPC Server handler 4 on 43811] ERROR pipeline.SCMPipelineManager (SCMPipelineManager.java:createPipeline(161)) - Pipeline creation failed due to exception: Unable to find enough nodes that meet the criteria that cannot engage in more than 5 pipelines. Nodes required: 3 Found: 0, healthy nodes count inNodeManager: 3.
2019-09-12 11:35:41,751 [IPC Server handler 4 on 43811] WARN  block.BlockManagerImpl (BlockManagerImpl.java:allocateBlock(192)) - Pipeline creation failed for type:RATIS factor:THREE. Retrying get pipelines call once.
org.apache.hadoop.hdds.scm.exceptions.SCMException: Unable to find enough nodes that meet the criteria that cannot engage in more than 5 pipelines. Nodes required: 3 Found: 0, healthy nodes count inNodeManager: 3.
	at org.apache.hadoop.hdds.scm.pipeline.PipelinePlacementPolicy.filterViableNodes(PipelinePlacementPolicy.java:148)
	at org.apache.hadoop.hdds.scm.pipeline.PipelinePlacementPolicy.chooseDatanodes(PipelinePlacementPolicy.java:171)
	at org.apache.hadoop.hdds.scm.pipeline.RatisPipelineProvider.create(RatisPipelineProvider.java:100)
	at org.apache.hadoop.hdds.scm.pipeline.PipelineFactory.create(PipelineFactory.java:57)
	at org.apache.hadoop.hdds.scm.pipeline.SCMPipelineManager.createPipeline(SCMPipelineManager.java:149)
	at org.apache.hadoop.hdds.scm.block.BlockManagerImpl.allocateBlock(BlockManagerImpl.java:190)
	at org.apache.hadoop.hdds.scm.server.SCMBlockProtocolServer.allocateBlock(SCMBlockProtocolServer.java:175)
	at org.apache.hadoop.ozone.protocolPB.ScmBlockLocationProtocolServerSideTranslatorPB.allocateScmBlock(ScmBlockLocationProtocolServerSideTranslatorPB.java:153)
	at org.apache.hadoop.ozone.protocolPB.ScmBlockLocationProtocolServerSideTranslatorPB.send(ScmBlockLocationProtocolServerSideTranslatorPB.java:112)
	at org.apache.hadoop.hdds.protocol.proto.ScmBlockLocationProtocolProtos$ScmBlockLocationProtocolService$2.callBlockingMethod(ScmBlockLocationProtocolProtos.java:13157)
	at org.apache.hadoop.ipc.ProtobufRpcEngine$Server$ProtoBufRpcInvoker.call(ProtobufRpcEngine.java:524)
	at org.apache.hadoop.ipc.RPC$Server.call(RPC.java:1025)
	at org.apache.hadoop.ipc.Server$RpcCall.run(Server.java:876)
	at org.apache.hadoop.ipc.Server$RpcCall.run(Server.java:822)
	at java.security.AccessController.doPrivileged(Native Method)
	at javax.security.auth.Subject.doAs(Subject.java:422)
	at org.apache.hadoop.security.UserGroupInformation.doAs(UserGroupInformation.java:1730)
	at org.apache.hadoop.ipc.Server$Handler.run(Server.java:2682)
2019-09-12 11:35:41,752 [IPC Server handler 4 on 43811] INFO  block.BlockManagerImpl (BlockManagerImpl.java:allocateBlock(198)) - Could not find available pipeline of type:RATIS and factor:THREE even after retrying
2019-09-12 11:35:41,752 [IPC Server handler 4 on 43811] ERROR block.BlockManagerImpl (BlockManagerImpl.java:allocateBlock(222)) - Unable to allocate a block for the size: 4194304, type: RATIS, factor: THREE
2019-09-12 11:35:41,752 | INFO  | SCMAudit | user=jenkins1000 | ip=192.168.36.114 | op=ALLOCATE_BLOCK {owner=b0dc4d2d-f331-4d79-a4bb-5916a5367370, size=4194304, type=RATIS, factor=THREE} | ret=SUCCESS |  
2019-09-12 11:35:41,759 | ERROR | OMAudit | user=jenkins1000 | ip=127.0.0.1 | op=CREATE_FILE {volume=volume05314, bucket=bucket50397, key=dir1/dir12/file121, dataSize=0, replicationType=RATIS, replicationFactor=THREE, keyLocationInfo=null} | ret=FAILURE | org.apache.hadoop.hdds.scm.exceptions.SCMException: Allocated 0 blocks. Requested 1 blocks
	at org.apache.hadoop.hdds.scm.protocolPB.ScmBlockLocationProtocolClientSideTranslatorPB.handleError(ScmBlockLocationProtocolClientSideTranslatorPB.java:118)
	at org.apache.hadoop.hdds.scm.protocolPB.ScmBlockLocationProtocolClientSideTranslatorPB.allocateBlock(ScmBlockLocationProtocolClientSideTranslatorPB.java:156) 
2019-09-12 11:35:41,762 [Thread-540] INFO  ozone.MiniOzoneClusterImpl (MiniOzoneClusterImpl.java:shutdown(321)) - Shutting down the Mini Ozone Cluster
2019-09-12 11:35:41,763 | INFO  | SCMAudit | user=null | ip=null | op=GET_SCM_INFO null | ret=SUCCESS |  
2019-09-12 11:35:41,763 [Thread-540] INFO  ozone.MiniOzoneClusterImpl (MiniOzoneClusterImpl.java:stop(336)) - Stopping the Mini Ozone Cluster
2019-09-12 11:35:41,763 [Thread-540] INFO  ozone.MiniOzoneClusterImpl (MiniOzoneClusterImpl.java:stop(338)) - Stopping the OzoneManager
2019-09-12 11:35:41,763 [Thread-540] INFO  ipc.Server (Server.java:stop(3082)) - Stopping server on 34829
2019-09-12 11:35:41,767 [IPC Server listener on 34829] INFO  ipc.Server (Server.java:run(1185)) - Stopping IPC Server listener on 34829
2019-09-12 11:35:41,767 [Thread-540] INFO  ratis.OzoneManagerDoubleBuffer (OzoneManagerDoubleBuffer.java:stop(248)) - Stopping OMDoubleBuffer flush thread
2019-09-12 11:35:41,767 [IPC Server Responder] INFO  ipc.Server (Server.java:run(1319)) - Stopping IPC Server Responder
2019-09-12 11:35:41,770 [OMDoubleBufferFlushThread] INFO  ratis.OzoneManagerDoubleBuffer (OzoneManagerDoubleBuffer.java:flushTransactions(191)) - OMDoubleBuffer flush thread OMDoubleBufferFlushThread is interrupted and will exit. OMDoubleBufferFlushThread
2019-09-12 11:35:41,770 [Thread-540] INFO  utils.BackgroundService (BackgroundService.java:shutdown(148)) - Shutting down service KeyDeletingService
2019-09-12 11:35:41,772 [Thread-540] INFO  handler.ContextHandler (ContextHandler.java:doStop(910)) - Stopped o.e.j.w.WebAppContext@1a85c04c{/,null,UNAVAILABLE}{/ozoneManager}
2019-09-12 11:35:41,773 [Thread-540] INFO  server.AbstractConnector (AbstractConnector.java:doStop(318)) - Stopped ServerConnector@234e8a2c{HTTP/1.1,[http/1.1]}{0.0.0.0:0}
2019-09-12 11:35:41,773 [Thread-540] INFO  handler.ContextHandler (ContextHandler.java:doStop(910)) - Stopped o.e.j.s.ServletContextHandler@57cbde02{/static,jar:file:/home/user/.m2/repository/org/apache/hadoop/hadoop-ozone-ozone-manager/0.5.0-SNAPSHOT/hadoop-ozone-ozone-manager-0.5.0-SNAPSHOT.jar!/webapps/static,UNAVAILABLE}
2019-09-12 11:35:41,774 [Thread-540] INFO  handler.ContextHandler (ContextHandler.java:doStop(910)) - Stopped o.e.j.s.ServletContextHandler@a139ee5{/logs,file:///workdir/hadoop-ozone/ozonefs/target/log,UNAVAILABLE}
2019-09-12 11:35:41,776 [Thread-540] INFO  ozone.MiniOzoneClusterImpl (MiniOzoneClusterImpl.java:stop(344)) - Shutting the HddsDatanodes
2019-09-12 11:35:41,776 [Thread-540] INFO  datanode.ObjectStoreHandler (ObjectStoreHandler.java:close(155)) - Closing ObjectStoreHandler.
2019-09-12 11:35:41,776 [ForkJoinPool.commonPool-worker-1] INFO  datanode.ObjectStoreHandler (ObjectStoreHandler.java:close(155)) - Closing ObjectStoreHandler.
2019-09-12 11:35:41,777 [Thread-540] INFO  ozone.HddsDatanodeService (HddsDatanodeService.java:stop(451)) - Stopped plug-in org.apache.hadoop.ozone.web.OzoneHddsDatanodeService@5b3c1cd5
2019-09-12 11:35:41,778 [ForkJoinPool.commonPool-worker-1] INFO  ozone.HddsDatanodeService (HddsDatanodeService.java:stop(451)) - Stopped plug-in org.apache.hadoop.ozone.web.OzoneHddsDatanodeService@5bf94228
2019-09-12 11:35:42,021 [Datanode State Machine Thread - 0] INFO  statemachine.DatanodeStateMachine (DatanodeStateMachine.java:lambda$startDaemon$0(350)) - Ozone container server started.
2019-09-12 11:35:42,270 [Datanode State Machine Thread - 0] INFO  statemachine.DatanodeStateMachine (DatanodeStateMachine.java:lambda$startDaemon$0(350)) - Ozone container server started.
2019-09-12 11:35:42,482 | INFO  | SCMAudit | user=jenkins1000 | ip=192.168.36.114 | op=SEND_HEARTBEAT {datanodeUUID=b3c7b149-240e-4b69-a097-dee5cbed4f61, command=[]} | ret=SUCCESS |  
2019-09-12 11:35:43,031 [Thread-712] INFO  container.ReplicationManager (ReplicationManager.java:start(151)) - Starting Replication Monitor Thread.
2019-09-12 11:35:43,034 [ReplicationMonitor] INFO  container.ReplicationManager (ReplicationManager.java:run(214)) - Replication Monitor Thread took 1 milliseconds for processing 0 containers.
2019-09-12 11:35:43,482 | INFO  | SCMAudit | user=jenkins1000 | ip=192.168.36.114 | op=SEND_HEARTBEAT {datanodeUUID=b3c7b149-240e-4b69-a097-dee5cbed4f61, command=[]} | ret=SUCCESS |  
2019-09-12 11:35:44,482 | INFO  | SCMAudit | user=jenkins1000 | ip=192.168.36.114 | op=SEND_HEARTBEAT {datanodeUUID=b3c7b149-240e-4b69-a097-dee5cbed4f61, command=[]} | ret=SUCCESS |  
2019-09-12 11:35:45,143 [Thread-717] INFO  impl.FollowerState (FollowerState.java:run(106)) - 68babcc3-18e0-4d97-99ff-fca6904ee00c:group-23D24C3B209C changes to CANDIDATE, lastRpcTime:5005, electionTimeout:5005ms
2019-09-12 11:35:45,145 [Thread-717] INFO  impl.RoleInfo (RoleInfo.java:shutdownFollowerState(121)) - 68babcc3-18e0-4d97-99ff-fca6904ee00c: shutdown FollowerState
2019-09-12 11:35:45,145 [Thread-717] INFO  impl.RaftServerImpl (RaftServerImpl.java:setRole(171)) - 68babcc3-18e0-4d97-99ff-fca6904ee00c:group-23D24C3B209C changes role from FOLLOWER to CANDIDATE at term 0 for changeToCandidate
2019-09-12 11:35:45,146 [Thread-717] INFO  impl.RoleInfo (RoleInfo.java:updateAndGet(143)) - 68babcc3-18e0-4d97-99ff-fca6904ee00c: start LeaderElection
2019-09-12 11:35:45,190 [68babcc3-18e0-4d97-99ff-fca6904ee00c:group-23D24C3B209C:LeaderElection37] INFO  impl.LeaderElection (LeaderElection.java:askForVotes(181)) - 68babcc3-18e0-4d97-99ff-fca6904ee00c:group-23D24C3B209C:LeaderElection37: begin an election at term 1 for -1: [68babcc3-18e0-4d97-99ff-fca6904ee00c:192.168.36.114:43875], old=null
2019-09-12 11:35:45,190 [68babcc3-18e0-4d97-99ff-fca6904ee00c:group-23D24C3B209C:LeaderElection37] INFO  impl.RoleInfo (RoleInfo.java:shutdownLeaderElection(134)) - 68babcc3-18e0-4d97-99ff-fca6904ee00c: shutdown LeaderElection
2019-09-12 11:35:45,190 [68babcc3-18e0-4d97-99ff-fca6904ee00c:group-23D24C3B209C:LeaderElection37] INFO  impl.RaftServerImpl (RaftServerImpl.java:setRole(171)) - 68babcc3-18e0-4d97-99ff-fca6904ee00c:group-23D24C3B209C changes role from CANDIDATE to LEADER at term 1 for changeToLeader
2019-09-12 11:35:45,190 [68babcc3-18e0-4d97-99ff-fca6904ee00c:group-23D24C3B209C:LeaderElection37] INFO  impl.RaftServerImpl (ServerState.java:setLeader(263)) - 68babcc3-18e0-4d97-99ff-fca6904ee00c:group-23D24C3B209C change Leader from null to 68babcc3-18e0-4d97-99ff-fca6904ee00c at term 1 for becomeLeader, leader elected after 5057ms
2019-09-12 11:35:45,191 [68babcc3-18e0-4d97-99ff-fca6904ee00c:group-23D24C3B209C:LeaderElection37] INFO  server.RaftServerConfigKeys (ConfUtils.java:logGet(43)) - raft.server.staging.catchup.gap = 1000 (default)
2019-09-12 11:35:45,191 [68babcc3-18e0-4d97-99ff-fca6904ee00c:group-23D24C3B209C:LeaderElection37] INFO  server.RaftServerConfigKeys (ConfUtils.java:logGet(43)) - raft.server.rpc.sleep.time = 25ms (default)
2019-09-12 11:35:45,191 [68babcc3-18e0-4d97-99ff-fca6904ee00c:group-23D24C3B209C:LeaderElection37] INFO  server.RaftServerConfigKeys (ConfUtils.java:logGet(43)) - raft.server.write.element-limit = 4096 (default)
2019-09-12 11:35:45,191 [Thread-714] INFO  impl.FollowerState (FollowerState.java:run(106)) - 68babcc3-18e0-4d97-99ff-fca6904ee00c:group-20D1D0B8C7D4 changes to CANDIDATE, lastRpcTime:5105, electionTimeout:5105ms
2019-09-12 11:35:45,191 [68babcc3-18e0-4d97-99ff-fca6904ee00c:group-23D24C3B209C:LeaderElection37] INFO  server.RaftServerConfigKeys (ConfUtils.java:logGet(43)) - raft.server.watch.timeout = 10s (default)
2019-09-12 11:35:45,191 [Thread-714] INFO  impl.RoleInfo (RoleInfo.java:shutdownFollowerState(121)) - 68babcc3-18e0-4d97-99ff-fca6904ee00c: shutdown FollowerState
2019-09-12 11:35:45,191 [68babcc3-18e0-4d97-99ff-fca6904ee00c:group-23D24C3B209C:LeaderElection37] INFO  server.RaftServerConfigKeys (ConfUtils.java:logGet(43)) - raft.server.watch.timeout.denomination = 1s (default)
2019-09-12 11:35:45,192 [Thread-714] INFO  impl.RaftServerImpl (RaftServerImpl.java:setRole(171)) - 68babcc3-18e0-4d97-99ff-fca6904ee00c:group-20D1D0B8C7D4 changes role from FOLLOWER to CANDIDATE at term 0 for changeToCandidate
2019-09-12 11:35:45,192 [68babcc3-18e0-4d97-99ff-fca6904ee00c:group-23D24C3B209C:LeaderElection37] INFO  server.RaftServerConfigKeys (ConfUtils.java:logGet(43)) - raft.server.watch.element-limit = 65536 (default)
2019-09-12 11:35:45,192 [Thread-714] INFO  impl.RoleInfo (RoleInfo.java:updateAndGet(143)) - 68babcc3-18e0-4d97-99ff-fca6904ee00c: start LeaderElection
2019-09-12 11:35:45,192 [68babcc3-18e0-4d97-99ff-fca6904ee00c:group-23D24C3B209C:LeaderElection37] INFO  impl.RoleInfo (RoleInfo.java:updateAndGet(143)) - 68babcc3-18e0-4d97-99ff-fca6904ee00c: start LeaderState
2019-09-12 11:35:45,197 [68babcc3-18e0-4d97-99ff-fca6904ee00c:group-23D24C3B209C:LeaderElection37] INFO  segmented.SegmentedRaftLogWorker (SegmentedRaftLogWorker.java:startLogSegment(380)) - 68babcc3-18e0-4d97-99ff-fca6904ee00c-SegmentedRaftLogWorker:Storage Directory /workdir/hadoop-ozone/ozonefs/target/test-dir/MiniOzoneClusterImpl-eef5df77-1b8f-4c52-a6bc-dd98b83f7990/datanode-0/data/ratis/99145d54-341a-4c72-b647-23d24c3b209c: Starting segment from index:0
2019-09-12 11:35:45,198 [68babcc3-18e0-4d97-99ff-fca6904ee00c:group-23D24C3B209C:LeaderElection37] INFO  impl.RaftServerImpl (ServerState.java:setRaftConf(361)) - 68babcc3-18e0-4d97-99ff-fca6904ee00c:group-23D24C3B209C set configuration 0: [68babcc3-18e0-4d97-99ff-fca6904ee00c:192.168.36.114:43875], old=null at 0
2019-09-12 11:35:45,207 [68babcc3-18e0-4d97-99ff-fca6904ee00c:group-20D1D0B8C7D4:LeaderElection38] INFO  impl.LeaderElection (LeaderElection.java:askForVotes(181)) - 68babcc3-18e0-4d97-99ff-fca6904ee00c:group-20D1D0B8C7D4:LeaderElection38: begin an election at term 1 for -1: [68babcc3-18e0-4d97-99ff-fca6904ee00c:192.168.36.114:43875], old=null
2019-09-12 11:35:45,207 [68babcc3-18e0-4d97-99ff-fca6904ee00c:group-20D1D0B8C7D4:LeaderElection38] INFO  impl.RoleInfo (RoleInfo.java:shutdownLeaderElection(134)) - 68babcc3-18e0-4d97-99ff-fca6904ee00c: shutdown LeaderElection
2019-09-12 11:35:45,207 [68babcc3-18e0-4d97-99ff-fca6904ee00c:group-20D1D0B8C7D4:LeaderElection38] INFO  impl.RaftServerImpl (RaftServerImpl.java:setRole(171)) - 68babcc3-18e0-4d97-99ff-fca6904ee00c:group-20D1D0B8C7D4 changes role from CANDIDATE to LEADER at term 1 for changeToLeader
2019-09-12 11:35:45,208 [68babcc3-18e0-4d97-99ff-fca6904ee00c:group-20D1D0B8C7D4:LeaderElection38] INFO  impl.RaftServerImpl (ServerState.java:setLeader(263)) - 68babcc3-18e0-4d97-99ff-fca6904ee00c:group-20D1D0B8C7D4 change Leader from null to 68babcc3-18e0-4d97-99ff-fca6904ee00c at term 1 for becomeLeader, leader elected after 5127ms
2019-09-12 11:35:45,208 [68babcc3-18e0-4d97-99ff-fca6904ee00c:group-20D1D0B8C7D4:LeaderElection38] INFO  server.RaftServerConfigKeys (ConfUtils.java:logGet(43)) - raft.server.staging.catchup.gap = 1000 (default)
2019-09-12 11:35:45,208 [68babcc3-18e0-4d97-99ff-fca6904ee00c:group-20D1D0B8C7D4:LeaderElection38] INFO  server.RaftServerConfigKeys (ConfUtils.java:logGet(43)) - raft.server.rpc.sleep.time = 25ms (default)
2019-09-12 11:35:45,208 [68babcc3-18e0-4d97-99ff-fca6904ee00c:group-20D1D0B8C7D4:LeaderElection38] INFO  server.RaftServerConfigKeys (ConfUtils.java:logGet(43)) - raft.server.write.element-limit = 4096 (default)
2019-09-12 11:35:45,209 [68babcc3-18e0-4d97-99ff-fca6904ee00c:group-20D1D0B8C7D4:LeaderElection38] INFO  server.RaftServerConfigKeys (ConfUtils.java:logGet(43)) - raft.server.watch.timeout = 10s (default)
2019-09-12 11:35:45,209 [68babcc3-18e0-4d97-99ff-fca6904ee00c:group-20D1D0B8C7D4:LeaderElection38] INFO  server.RaftServerConfigKeys (ConfUtils.java:logGet(43)) - raft.server.watch.timeout.denomination = 1s (default)
2019-09-12 11:35:45,209 [68babcc3-18e0-4d97-99ff-fca6904ee00c:group-20D1D0B8C7D4:LeaderElection38] INFO  server.RaftServerConfigKeys (ConfUtils.java:logGet(43)) - raft.server.watch.element-limit = 65536 (default)
2019-09-12 11:35:45,209 [68babcc3-18e0-4d97-99ff-fca6904ee00c:group-20D1D0B8C7D4:LeaderElection38] INFO  impl.RoleInfo (RoleInfo.java:updateAndGet(143)) - 68babcc3-18e0-4d97-99ff-fca6904ee00c: start LeaderState
2019-09-12 11:35:45,210 [68babcc3-18e0-4d97-99ff-fca6904ee00c:group-20D1D0B8C7D4:LeaderElection38] INFO  segmented.SegmentedRaftLogWorker (SegmentedRaftLogWorker.java:startLogSegment(380)) - 68babcc3-18e0-4d97-99ff-fca6904ee00c-SegmentedRaftLogWorker:Storage Directory /workdir/hadoop-ozone/ozonefs/target/test-dir/MiniOzoneClusterImpl-eef5df77-1b8f-4c52-a6bc-dd98b83f7990/datanode-0/data/ratis/ceb35cb9-967d-426e-b141-20d1d0b8c7d4: Starting segment from index:0
2019-09-12 11:35:45,210 [68babcc3-18e0-4d97-99ff-fca6904ee00c:group-20D1D0B8C7D4:LeaderElection38] INFO  impl.RaftServerImpl (ServerState.java:setRaftConf(361)) - 68babcc3-18e0-4d97-99ff-fca6904ee00c:group-20D1D0B8C7D4 set configuration 0: [68babcc3-18e0-4d97-99ff-fca6904ee00c:192.168.36.114:43875], old=null at 0
2019-09-12 11:35:45,254 [68babcc3-18e0-4d97-99ff-fca6904ee00c-SegmentedRaftLogWorker:Storage Directory /workdir/hadoop-ozone/ozonefs/target/test-dir/MiniOzoneClusterImpl-eef5df77-1b8f-4c52-a6bc-dd98b83f7990/datanode-0/data/ratis/99145d54-341a-4c72-b647-23d24c3b209c] INFO  segmented.SegmentedRaftLogWorker (SegmentedRaftLogWorker.java:execute(569)) - 68babcc3-18e0-4d97-99ff-fca6904ee00c-SegmentedRaftLogWorker:Storage Directory /workdir/hadoop-ozone/ozonefs/target/test-dir/MiniOzoneClusterImpl-eef5df77-1b8f-4c52-a6bc-dd98b83f7990/datanode-0/data/ratis/99145d54-341a-4c72-b647-23d24c3b209c: created new log segment /workdir/hadoop-ozone/ozonefs/target/test-dir/MiniOzoneClusterImpl-eef5df77-1b8f-4c52-a6bc-dd98b83f7990/datanode-0/data/ratis/99145d54-341a-4c72-b647-23d24c3b209c/current/log_inprogress_0
2019-09-12 11:35:45,254 [68babcc3-18e0-4d97-99ff-fca6904ee00c-SegmentedRaftLogWorker:Storage Directory /workdir/hadoop-ozone/ozonefs/target/test-dir/MiniOzoneClusterImpl-eef5df77-1b8f-4c52-a6bc-dd98b83f7990/datanode-0/data/ratis/ceb35cb9-967d-426e-b141-20d1d0b8c7d4] INFO  segmented.SegmentedRaftLogWorker (SegmentedRaftLogWorker.java:execute(569)) - 68babcc3-18e0-4d97-99ff-fca6904ee00c-SegmentedRaftLogWorker:Storage Directory /workdir/hadoop-ozone/ozonefs/target/test-dir/MiniOzoneClusterImpl-eef5df77-1b8f-4c52-a6bc-dd98b83f7990/datanode-0/data/ratis/ceb35cb9-967d-426e-b141-20d1d0b8c7d4: created new log segment /workdir/hadoop-ozone/ozonefs/target/test-dir/MiniOzoneClusterImpl-eef5df77-1b8f-4c52-a6bc-dd98b83f7990/datanode-0/data/ratis/ceb35cb9-967d-426e-b141-20d1d0b8c7d4/current/log_inprogress_0
2019-09-12 11:35:45,288 [Thread-723] INFO  impl.FollowerState (FollowerState.java:run(106)) - 68babcc3-18e0-4d97-99ff-fca6904ee00c:group-DD1012A10C7E changes to CANDIDATE, lastRpcTime:5045, electionTimeout:5045ms
2019-09-12 11:35:45,288 [Thread-723] INFO  impl.RoleInfo (RoleInfo.java:shutdownFollowerState(121)) - 68babcc3-18e0-4d97-99ff-fca6904ee00c: shutdown FollowerState
2019-09-12 11:35:45,288 [Thread-723] INFO  impl.RaftServerImpl (RaftServerImpl.java:setRole(171)) - 68babcc3-18e0-4d97-99ff-fca6904ee00c:group-DD1012A10C7E changes role from FOLLOWER to CANDIDATE at term 0 for changeToCandidate
2019-09-12 11:35:45,288 [Thread-723] INFO  impl.RoleInfo (RoleInfo.java:updateAndGet(143)) - 68babcc3-18e0-4d97-99ff-fca6904ee00c: start LeaderElection
2019-09-12 11:35:45,307 [Thread-720] INFO  impl.FollowerState (FollowerState.java:run(106)) - 68babcc3-18e0-4d97-99ff-fca6904ee00c:group-633DAA83DC9D changes to CANDIDATE, lastRpcTime:5119, electionTimeout:5119ms
2019-09-12 11:35:45,307 [Thread-720] INFO  impl.RoleInfo (RoleInfo.java:shutdownFollowerState(121)) - 68babcc3-18e0-4d97-99ff-fca6904ee00c: shutdown FollowerState
2019-09-12 11:35:45,307 [Thread-720] INFO  impl.RaftServerImpl (RaftServerImpl.java:setRole(171)) - 68babcc3-18e0-4d97-99ff-fca6904ee00c:group-633DAA83DC9D changes role from FOLLOWER to CANDIDATE at term 0 for changeToCandidate
2019-09-12 11:35:45,308 [Thread-720] INFO  impl.RoleInfo (RoleInfo.java:updateAndGet(143)) - 68babcc3-18e0-4d97-99ff-fca6904ee00c: start LeaderElection
2019-09-12 11:35:45,314 [68babcc3-18e0-4d97-99ff-fca6904ee00c:group-DD1012A10C7E:LeaderElection39] INFO  impl.LeaderElection (LeaderElection.java:askForVotes(181)) - 68babcc3-18e0-4d97-99ff-fca6904ee00c:group-DD1012A10C7E:LeaderElection39: begin an election at term 1 for -1: [68babcc3-18e0-4d97-99ff-fca6904ee00c:192.168.36.114:43875], old=null
2019-09-12 11:35:45,314 [68babcc3-18e0-4d97-99ff-fca6904ee00c:group-633DAA83DC9D:LeaderElection40] INFO  impl.LeaderElection (LeaderElection.java:askForVotes(181)) - 68babcc3-18e0-4d97-99ff-fca6904ee00c:group-633DAA83DC9D:LeaderElection40: begin an election at term 1 for -1: [68babcc3-18e0-4d97-99ff-fca6904ee00c:192.168.36.114:43875], old=null
2019-09-12 11:35:45,314 [68babcc3-18e0-4d97-99ff-fca6904ee00c:group-DD1012A10C7E:LeaderElection39] INFO  impl.RoleInfo (RoleInfo.java:shutdownLeaderElection(134)) - 68babcc3-18e0-4d97-99ff-fca6904ee00c: shutdown LeaderElection
2019-09-12 11:35:45,314 [68babcc3-18e0-4d97-99ff-fca6904ee00c:group-633DAA83DC9D:LeaderElection40] INFO  impl.RoleInfo (RoleInfo.java:shutdownLeaderElection(134)) - 68babcc3-18e0-4d97-99ff-fca6904ee00c: shutdown LeaderElection
2019-09-12 11:35:45,315 [68babcc3-18e0-4d97-99ff-fca6904ee00c:group-DD1012A10C7E:LeaderElection39] INFO  impl.RaftServerImpl (RaftServerImpl.java:setRole(171)) - 68babcc3-18e0-4d97-99ff-fca6904ee00c:group-DD1012A10C7E changes role from CANDIDATE to LEADER at term 1 for changeToLeader
2019-09-12 11:35:45,315 [68babcc3-18e0-4d97-99ff-fca6904ee00c:group-633DAA83DC9D:LeaderElection40] INFO  impl.RaftServerImpl (RaftServerImpl.java:setRole(171)) - 68babcc3-18e0-4d97-99ff-fca6904ee00c:group-633DAA83DC9D changes role from CANDIDATE to LEADER at term 1 for changeToLeader
2019-09-12 11:35:45,315 [68babcc3-18e0-4d97-99ff-fca6904ee00c:group-DD1012A10C7E:LeaderElection39] INFO  impl.RaftServerImpl (ServerState.java:setLeader(263)) - 68babcc3-18e0-4d97-99ff-fca6904ee00c:group-DD1012A10C7E change Leader from null to 68babcc3-18e0-4d97-99ff-fca6904ee00c at term 1 for becomeLeader, leader elected after 5077ms
2019-09-12 11:35:45,315 [68babcc3-18e0-4d97-99ff-fca6904ee00c:group-633DAA83DC9D:LeaderElection40] INFO  impl.RaftServerImpl (ServerState.java:setLeader(263)) - 68babcc3-18e0-4d97-99ff-fca6904ee00c:group-633DAA83DC9D change Leader from null to 68babcc3-18e0-4d97-99ff-fca6904ee00c at term 1 for becomeLeader, leader elected after 5132ms
2019-09-12 11:35:45,315 [68babcc3-18e0-4d97-99ff-fca6904ee00c:group-DD1012A10C7E:LeaderElection39] INFO  server.RaftServerConfigKeys (ConfUtils.java:logGet(43)) - raft.server.staging.catchup.gap = 1000 (default)
2019-09-12 11:35:45,315 [68babcc3-18e0-4d97-99ff-fca6904ee00c:group-633DAA83DC9D:LeaderElection40] INFO  server.RaftServerConfigKeys (ConfUtils.java:logGet(43)) - raft.server.staging.catchup.gap = 1000 (default)
2019-09-12 11:35:45,316 [68babcc3-18e0-4d97-99ff-fca6904ee00c:group-DD1012A10C7E:LeaderElection39] INFO  server.RaftServerConfigKeys (ConfUtils.java:logGet(43)) - raft.server.rpc.sleep.time = 25ms (default)
2019-09-12 11:35:45,316 [68babcc3-18e0-4d97-99ff-fca6904ee00c:group-633DAA83DC9D:LeaderElection40] INFO  server.RaftServerConfigKeys (ConfUtils.java:logGet(43)) - raft.server.rpc.sleep.time = 25ms (default)
2019-09-12 11:35:45,316 [68babcc3-18e0-4d97-99ff-fca6904ee00c:group-DD1012A10C7E:LeaderElection39] INFO  server.RaftServerConfigKeys (ConfUtils.java:logGet(43)) - raft.server.write.element-limit = 4096 (default)
2019-09-12 11:35:45,316 [68babcc3-18e0-4d97-99ff-fca6904ee00c:group-633DAA83DC9D:LeaderElection40] INFO  server.RaftServerConfigKeys (ConfUtils.java:logGet(43)) - raft.server.write.element-limit = 4096 (default)
2019-09-12 11:35:45,316 [68babcc3-18e0-4d97-99ff-fca6904ee00c:group-DD1012A10C7E:LeaderElection39] INFO  server.RaftServerConfigKeys (ConfUtils.java:logGet(43)) - raft.server.watch.timeout = 10s (default)
2019-09-12 11:35:45,316 [68babcc3-18e0-4d97-99ff-fca6904ee00c:group-633DAA83DC9D:LeaderElection40] INFO  server.RaftServerConfigKeys (ConfUtils.java:logGet(43)) - raft.server.watch.timeout = 10s (default)
2019-09-12 11:35:45,316 [68babcc3-18e0-4d97-99ff-fca6904ee00c:group-DD1012A10C7E:LeaderElection39] INFO  server.RaftServerConfigKeys (ConfUtils.java:logGet(43)) - raft.server.watch.timeout.denomination = 1s (default)
2019-09-12 11:35:45,317 [68babcc3-18e0-4d97-99ff-fca6904ee00c:group-633DAA83DC9D:LeaderElection40] INFO  server.RaftServerConfigKeys (ConfUtils.java:logGet(43)) - raft.server.watch.timeout.denomination = 1s (default)
2019-09-12 11:35:45,317 [68babcc3-18e0-4d97-99ff-fca6904ee00c:group-DD1012A10C7E:LeaderElection39] INFO  server.RaftServerConfigKeys (ConfUtils.java:logGet(43)) - raft.server.watch.element-limit = 65536 (default)
2019-09-12 11:35:45,317 [68babcc3-18e0-4d97-99ff-fca6904ee00c:group-633DAA83DC9D:LeaderElection40] INFO  server.RaftServerConfigKeys (ConfUtils.java:logGet(43)) - raft.server.watch.element-limit = 65536 (default)
2019-09-12 11:35:45,317 [68babcc3-18e0-4d97-99ff-fca6904ee00c:group-DD1012A10C7E:LeaderElection39] INFO  impl.RoleInfo (RoleInfo.java:updateAndGet(143)) - 68babcc3-18e0-4d97-99ff-fca6904ee00c: start LeaderState
2019-09-12 11:35:45,317 [68babcc3-18e0-4d97-99ff-fca6904ee00c:group-633DAA83DC9D:LeaderElection40] INFO  impl.RoleInfo (RoleInfo.java:updateAndGet(143)) - 68babcc3-18e0-4d97-99ff-fca6904ee00c: start LeaderState
2019-09-12 11:35:45,318 [68babcc3-18e0-4d97-99ff-fca6904ee00c:group-DD1012A10C7E:LeaderElection39] INFO  segmented.SegmentedRaftLogWorker (SegmentedRaftLogWorker.java:startLogSegment(380)) - 68babcc3-18e0-4d97-99ff-fca6904ee00c-SegmentedRaftLogWorker:Storage Directory /workdir/hadoop-ozone/ozonefs/target/test-dir/MiniOzoneClusterImpl-eef5df77-1b8f-4c52-a6bc-dd98b83f7990/datanode-0/data/ratis/caf7cd3a-68da-4f13-a000-dd1012a10c7e: Starting segment from index:0
2019-09-12 11:35:45,318 [68babcc3-18e0-4d97-99ff-fca6904ee00c:group-633DAA83DC9D:LeaderElection40] INFO  segmented.SegmentedRaftLogWorker (SegmentedRaftLogWorker.java:startLogSegment(380)) - 68babcc3-18e0-4d97-99ff-fca6904ee00c-SegmentedRaftLogWorker:Storage Directory /workdir/hadoop-ozone/ozonefs/target/test-dir/MiniOzoneClusterImpl-eef5df77-1b8f-4c52-a6bc-dd98b83f7990/datanode-0/data/ratis/75af3c99-e256-422b-a609-633daa83dc9d: Starting segment from index:0
2019-09-12 11:35:45,318 [68babcc3-18e0-4d97-99ff-fca6904ee00c:group-DD1012A10C7E:LeaderElection39] INFO  impl.RaftServerImpl (ServerState.java:setRaftConf(361)) - 68babcc3-18e0-4d97-99ff-fca6904ee00c:group-DD1012A10C7E set configuration 0: [68babcc3-18e0-4d97-99ff-fca6904ee00c:192.168.36.114:43875], old=null at 0
2019-09-12 11:35:45,319 [68babcc3-18e0-4d97-99ff-fca6904ee00c:group-633DAA83DC9D:LeaderElection40] INFO  impl.RaftServerImpl (ServerState.java:setRaftConf(361)) - 68babcc3-18e0-4d97-99ff-fca6904ee00c:group-633DAA83DC9D set configuration 0: [68babcc3-18e0-4d97-99ff-fca6904ee00c:192.168.36.114:43875], old=null at 0
2019-09-12 11:35:45,369 [68babcc3-18e0-4d97-99ff-fca6904ee00c-SegmentedRaftLogWorker:Storage Directory /workdir/hadoop-ozone/ozonefs/target/test-dir/MiniOzoneClusterImpl-eef5df77-1b8f-4c52-a6bc-dd98b83f7990/datanode-0/data/ratis/caf7cd3a-68da-4f13-a000-dd1012a10c7e] INFO  segmented.SegmentedRaftLogWorker (SegmentedRaftLogWorker.java:execute(569)) - 68babcc3-18e0-4d97-99ff-fca6904ee00c-SegmentedRaftLogWorker:Storage Directory /workdir/hadoop-ozone/ozonefs/target/test-dir/MiniOzoneClusterImpl-eef5df77-1b8f-4c52-a6bc-dd98b83f7990/datanode-0/data/ratis/caf7cd3a-68da-4f13-a000-dd1012a10c7e: created new log segment /workdir/hadoop-ozone/ozonefs/target/test-dir/MiniOzoneClusterImpl-eef5df77-1b8f-4c52-a6bc-dd98b83f7990/datanode-0/data/ratis/caf7cd3a-68da-4f13-a000-dd1012a10c7e/current/log_inprogress_0
2019-09-12 11:35:45,369 [68babcc3-18e0-4d97-99ff-fca6904ee00c-SegmentedRaftLogWorker:Storage Directory /workdir/hadoop-ozone/ozonefs/target/test-dir/MiniOzoneClusterImpl-eef5df77-1b8f-4c52-a6bc-dd98b83f7990/datanode-0/data/ratis/75af3c99-e256-422b-a609-633daa83dc9d] INFO  segmented.SegmentedRaftLogWorker (SegmentedRaftLogWorker.java:execute(569)) - 68babcc3-18e0-4d97-99ff-fca6904ee00c-SegmentedRaftLogWorker:Storage Directory /workdir/hadoop-ozone/ozonefs/target/test-dir/MiniOzoneClusterImpl-eef5df77-1b8f-4c52-a6bc-dd98b83f7990/datanode-0/data/ratis/75af3c99-e256-422b-a609-633daa83dc9d: created new log segment /workdir/hadoop-ozone/ozonefs/target/test-dir/MiniOzoneClusterImpl-eef5df77-1b8f-4c52-a6bc-dd98b83f7990/datanode-0/data/ratis/75af3c99-e256-422b-a609-633daa83dc9d/current/log_inprogress_0
2019-09-12 11:35:45,371 [Thread-729] INFO  impl.FollowerState (FollowerState.java:run(106)) - 3a95b4ad-2c75-4701-886b-3e35cc487dd8:group-AD43B3502A2A changes to CANDIDATE, lastRpcTime:5004, electionTimeout:5004ms
2019-09-12 11:35:45,371 [Thread-729] INFO  impl.RoleInfo (RoleInfo.java:shutdownFollowerState(121)) - 3a95b4ad-2c75-4701-886b-3e35cc487dd8: shutdown FollowerState
2019-09-12 11:35:45,371 [Thread-729] INFO  impl.RaftServerImpl (RaftServerImpl.java:setRole(171)) - 3a95b4ad-2c75-4701-886b-3e35cc487dd8:group-AD43B3502A2A changes role from FOLLOWER to CANDIDATE at term 0 for changeToCandidate
2019-09-12 11:35:45,372 [Thread-729] INFO  impl.RoleInfo (RoleInfo.java:updateAndGet(143)) - 3a95b4ad-2c75-4701-886b-3e35cc487dd8: start LeaderElection
2019-09-12 11:35:45,382 [3a95b4ad-2c75-4701-886b-3e35cc487dd8:group-AD43B3502A2A:LeaderElection41] INFO  impl.LeaderElection (LeaderElection.java:askForVotes(181)) - 3a95b4ad-2c75-4701-886b-3e35cc487dd8:group-AD43B3502A2A:LeaderElection41: begin an election at term 1 for -1: [3a95b4ad-2c75-4701-886b-3e35cc487dd8:192.168.36.114:41482], old=null
2019-09-12 11:35:45,382 [3a95b4ad-2c75-4701-886b-3e35cc487dd8:group-AD43B3502A2A:LeaderElection41] INFO  impl.RoleInfo (RoleInfo.java:shutdownLeaderElection(134)) - 3a95b4ad-2c75-4701-886b-3e35cc487dd8: shutdown LeaderElection
2019-09-12 11:35:45,383 [3a95b4ad-2c75-4701-886b-3e35cc487dd8:group-AD43B3502A2A:LeaderElection41] INFO  impl.RaftServerImpl (RaftServerImpl.java:setRole(171)) - 3a95b4ad-2c75-4701-886b-3e35cc487dd8:group-AD43B3502A2A changes role from CANDIDATE to LEADER at term 1 for changeToLeader
2019-09-12 11:35:45,383 [3a95b4ad-2c75-4701-886b-3e35cc487dd8:group-AD43B3502A2A:LeaderElection41] INFO  impl.RaftServerImpl (ServerState.java:setLeader(263)) - 3a95b4ad-2c75-4701-886b-3e35cc487dd8:group-AD43B3502A2A change Leader from null to 3a95b4ad-2c75-4701-886b-3e35cc487dd8 at term 1 for becomeLeader, leader elected after 5020ms
2019-09-12 11:35:45,383 [3a95b4ad-2c75-4701-886b-3e35cc487dd8:group-AD43B3502A2A:LeaderElection41] INFO  server.RaftServerConfigKeys (ConfUtils.java:logGet(43)) - raft.server.staging.catchup.gap = 1000 (default)
2019-09-12 11:35:45,383 [3a95b4ad-2c75-4701-886b-3e35cc487dd8:group-AD43B3502A2A:LeaderElection41] INFO  server.RaftServerConfigKeys (ConfUtils.java:logGet(43)) - raft.server.rpc.sleep.time = 25ms (default)
2019-09-12 11:35:45,383 [3a95b4ad-2c75-4701-886b-3e35cc487dd8:group-AD43B3502A2A:LeaderElection41] INFO  server.RaftServerConfigKeys (ConfUtils.java:logGet(43)) - raft.server.write.element-limit = 4096 (default)
2019-09-12 11:35:45,383 [3a95b4ad-2c75-4701-886b-3e35cc487dd8:group-AD43B3502A2A:LeaderElection41] INFO  server.RaftServerConfigKeys (ConfUtils.java:logGet(43)) - raft.server.watch.timeout = 10s (default)
2019-09-12 11:35:45,383 [3a95b4ad-2c75-4701-886b-3e35cc487dd8:group-AD43B3502A2A:LeaderElection41] INFO  server.RaftServerConfigKeys (ConfUtils.java:logGet(43)) - raft.server.watch.timeout.denomination = 1s (default)
2019-09-12 11:35:45,384 [3a95b4ad-2c75-4701-886b-3e35cc487dd8:group-AD43B3502A2A:LeaderElection41] INFO  server.RaftServerConfigKeys (ConfUtils.java:logGet(43)) - raft.server.watch.element-limit = 65536 (default)
2019-09-12 11:35:45,384 [3a95b4ad-2c75-4701-886b-3e35cc487dd8:group-AD43B3502A2A:LeaderElection41] INFO  impl.RoleInfo (RoleInfo.java:updateAndGet(143)) - 3a95b4ad-2c75-4701-886b-3e35cc487dd8: start LeaderState
2019-09-12 11:35:45,384 [3a95b4ad-2c75-4701-886b-3e35cc487dd8:group-AD43B3502A2A:LeaderElection41] INFO  segmented.SegmentedRaftLogWorker (SegmentedRaftLogWorker.java:startLogSegment(380)) - 3a95b4ad-2c75-4701-886b-3e35cc487dd8-SegmentedRaftLogWorker:Storage Directory /workdir/hadoop-ozone/ozonefs/target/test-dir/MiniOzoneClusterImpl-eef5df77-1b8f-4c52-a6bc-dd98b83f7990/datanode-1/data/ratis/21e08598-4085-4441-b6d9-ad43b3502a2a: Starting segment from index:0
2019-09-12 11:35:45,385 [3a95b4ad-2c75-4701-886b-3e35cc487dd8:group-AD43B3502A2A:LeaderElection41] INFO  impl.RaftServerImpl (ServerState.java:setRaftConf(361)) - 3a95b4ad-2c75-4701-886b-3e35cc487dd8:group-AD43B3502A2A set configuration 0: [3a95b4ad-2c75-4701-886b-3e35cc487dd8:192.168.36.114:41482], old=null at 0
2019-09-12 11:35:45,425 [Thread-726] INFO  impl.FollowerState (FollowerState.java:run(106)) - 68babcc3-18e0-4d97-99ff-fca6904ee00c:group-A615E94E8ADB changes to CANDIDATE, lastRpcTime:5125, electionTimeout:5125ms
2019-09-12 11:35:45,425 [Thread-726] INFO  impl.RoleInfo (RoleInfo.java:shutdownFollowerState(121)) - 68babcc3-18e0-4d97-99ff-fca6904ee00c: shutdown FollowerState
2019-09-12 11:35:45,426 [Thread-726] INFO  impl.RaftServerImpl (RaftServerImpl.java:setRole(171)) - 68babcc3-18e0-4d97-99ff-fca6904ee00c:group-A615E94E8ADB changes role from FOLLOWER to CANDIDATE at term 0 for changeToCandidate
2019-09-12 11:35:45,426 [Thread-726] INFO  impl.RoleInfo (RoleInfo.java:updateAndGet(143)) - 68babcc3-18e0-4d97-99ff-fca6904ee00c: start LeaderElection
2019-09-12 11:35:45,435 [3a95b4ad-2c75-4701-886b-3e35cc487dd8-SegmentedRaftLogWorker:Storage Directory /workdir/hadoop-ozone/ozonefs/target/test-dir/MiniOzoneClusterImpl-eef5df77-1b8f-4c52-a6bc-dd98b83f7990/datanode-1/data/ratis/21e08598-4085-4441-b6d9-ad43b3502a2a] INFO  segmented.SegmentedRaftLogWorker (SegmentedRaftLogWorker.java:execute(569)) - 3a95b4ad-2c75-4701-886b-3e35cc487dd8-SegmentedRaftLogWorker:Storage Directory /workdir/hadoop-ozone/ozonefs/target/test-dir/MiniOzoneClusterImpl-eef5df77-1b8f-4c52-a6bc-dd98b83f7990/datanode-1/data/ratis/21e08598-4085-4441-b6d9-ad43b3502a2a: created new log segment /workdir/hadoop-ozone/ozonefs/target/test-dir/MiniOzoneClusterImpl-eef5df77-1b8f-4c52-a6bc-dd98b83f7990/datanode-1/data/ratis/21e08598-4085-4441-b6d9-ad43b3502a2a/current/log_inprogress_0
2019-09-12 11:35:45,436 [68babcc3-18e0-4d97-99ff-fca6904ee00c:group-A615E94E8ADB:LeaderElection42] INFO  impl.LeaderElection (LeaderElection.java:askForVotes(181)) - 68babcc3-18e0-4d97-99ff-fca6904ee00c:group-A615E94E8ADB:LeaderElection42: begin an election at term 1 for -1: [68babcc3-18e0-4d97-99ff-fca6904ee00c:192.168.36.114:43875], old=null
2019-09-12 11:35:45,436 [68babcc3-18e0-4d97-99ff-fca6904ee00c:group-A615E94E8ADB:LeaderElection42] INFO  impl.RoleInfo (RoleInfo.java:shutdownLeaderElection(134)) - 68babcc3-18e0-4d97-99ff-fca6904ee00c: shutdown LeaderElection
2019-09-12 11:35:45,436 [68babcc3-18e0-4d97-99ff-fca6904ee00c:group-A615E94E8ADB:LeaderElection42] INFO  impl.RaftServerImpl (RaftServerImpl.java:setRole(171)) - 68babcc3-18e0-4d97-99ff-fca6904ee00c:group-A615E94E8ADB changes role from CANDIDATE to LEADER at term 1 for changeToLeader
2019-09-12 11:35:45,436 [68babcc3-18e0-4d97-99ff-fca6904ee00c:group-A615E94E8ADB:LeaderElection42] INFO  impl.RaftServerImpl (ServerState.java:setLeader(263)) - 68babcc3-18e0-4d97-99ff-fca6904ee00c:group-A615E94E8ADB change Leader from null to 68babcc3-18e0-4d97-99ff-fca6904ee00c at term 1 for becomeLeader, leader elected after 5140ms
2019-09-12 11:35:45,436 [68babcc3-18e0-4d97-99ff-fca6904ee00c:group-A615E94E8ADB:LeaderElection42] INFO  server.RaftServerConfigKeys (ConfUtils.java:logGet(43)) - raft.server.staging.catchup.gap = 1000 (default)
2019-09-12 11:35:45,437 [68babcc3-18e0-4d97-99ff-fca6904ee00c:group-A615E94E8ADB:LeaderElection42] INFO  server.RaftServerConfigKeys (ConfUtils.java:logGet(43)) - raft.server.rpc.sleep.time = 25ms (default)
2019-09-12 11:35:45,437 [68babcc3-18e0-4d97-99ff-fca6904ee00c:group-A615E94E8ADB:LeaderElection42] INFO  server.RaftServerConfigKeys (ConfUtils.java:logGet(43)) - raft.server.write.element-limit = 4096 (default)
2019-09-12 11:35:45,437 [68babcc3-18e0-4d97-99ff-fca6904ee00c:group-A615E94E8ADB:LeaderElection42] INFO  server.RaftServerConfigKeys (ConfUtils.java:logGet(43)) - raft.server.watch.timeout = 10s (default)
2019-09-12 11:35:45,437 [68babcc3-18e0-4d97-99ff-fca6904ee00c:group-A615E94E8ADB:LeaderElection42] INFO  server.RaftServerConfigKeys (ConfUtils.java:logGet(43)) - raft.server.watch.timeout.denomination = 1s (default)
2019-09-12 11:35:45,438 [68babcc3-18e0-4d97-99ff-fca6904ee00c:group-A615E94E8ADB:LeaderElection42] INFO  server.RaftServerConfigKeys (ConfUtils.java:logGet(43)) - raft.server.watch.element-limit = 65536 (default)
2019-09-12 11:35:45,438 [68babcc3-18e0-4d97-99ff-fca6904ee00c:group-A615E94E8ADB:LeaderElection42] INFO  impl.RoleInfo (RoleInfo.java:updateAndGet(143)) - 68babcc3-18e0-4d97-99ff-fca6904ee00c: start LeaderState
2019-09-12 11:35:45,438 [68babcc3-18e0-4d97-99ff-fca6904ee00c:group-A615E94E8ADB:LeaderElection42] INFO  segmented.SegmentedRaftLogWorker (SegmentedRaftLogWorker.java:startLogSegment(380)) - 68babcc3-18e0-4d97-99ff-fca6904ee00c-SegmentedRaftLogWorker:Storage Directory /workdir/hadoop-ozone/ozonefs/target/test-dir/MiniOzoneClusterImpl-eef5df77-1b8f-4c52-a6bc-dd98b83f7990/datanode-0/data/ratis/a6207237-b9a9-4765-bc0d-a615e94e8adb: Starting segment from index:0
2019-09-12 11:35:45,439 [68babcc3-18e0-4d97-99ff-fca6904ee00c:group-A615E94E8ADB:LeaderElection42] INFO  impl.RaftServerImpl (ServerState.java:setRaftConf(361)) - 68babcc3-18e0-4d97-99ff-fca6904ee00c:group-A615E94E8ADB set configuration 0: [68babcc3-18e0-4d97-99ff-fca6904ee00c:192.168.36.114:43875], old=null at 0
2019-09-12 11:35:45,481 [68babcc3-18e0-4d97-99ff-fca6904ee00c-SegmentedRaftLogWorker:Storage Directory /workdir/hadoop-ozone/ozonefs/target/test-dir/MiniOzoneClusterImpl-eef5df77-1b8f-4c52-a6bc-dd98b83f7990/datanode-0/data/ratis/a6207237-b9a9-4765-bc0d-a615e94e8adb] INFO  segmented.SegmentedRaftLogWorker (SegmentedRaftLogWorker.java:execute(569)) - 68babcc3-18e0-4d97-99ff-fca6904ee00c-SegmentedRaftLogWorker:Storage Directory /workdir/hadoop-ozone/ozonefs/target/test-dir/MiniOzoneClusterImpl-eef5df77-1b8f-4c52-a6bc-dd98b83f7990/datanode-0/data/ratis/a6207237-b9a9-4765-bc0d-a615e94e8adb: created new log segment /workdir/hadoop-ozone/ozonefs/target/test-dir/MiniOzoneClusterImpl-eef5df77-1b8f-4c52-a6bc-dd98b83f7990/datanode-0/data/ratis/a6207237-b9a9-4765-bc0d-a615e94e8adb/current/log_inprogress_0
2019-09-12 11:35:45,481 | INFO  | SCMAudit | user=jenkins1000 | ip=192.168.36.114 | op=SEND_HEARTBEAT {datanodeUUID=b3c7b149-240e-4b69-a097-dee5cbed4f61, command=[]} | ret=SUCCESS |  
2019-09-12 11:35:45,554 [Thread-732] INFO  impl.FollowerState (FollowerState.java:run(106)) - 3a95b4ad-2c75-4701-886b-3e35cc487dd8:group-E2B0E5A513D2 changes to CANDIDATE, lastRpcTime:5143, electionTimeout:5143ms
2019-09-12 11:35:45,554 [Thread-732] INFO  impl.RoleInfo (RoleInfo.java:shutdownFollowerState(121)) - 3a95b4ad-2c75-4701-886b-3e35cc487dd8: shutdown FollowerState
2019-09-12 11:35:45,554 [Thread-732] INFO  impl.RaftServerImpl (RaftServerImpl.java:setRole(171)) - 3a95b4ad-2c75-4701-886b-3e35cc487dd8:group-E2B0E5A513D2 changes role from FOLLOWER to CANDIDATE at term 0 for changeToCandidate
2019-09-12 11:35:45,555 [Thread-732] INFO  impl.RoleInfo (RoleInfo.java:updateAndGet(143)) - 3a95b4ad-2c75-4701-886b-3e35cc487dd8: start LeaderElection
2019-09-12 11:35:45,570 [3a95b4ad-2c75-4701-886b-3e35cc487dd8:group-E2B0E5A513D2:LeaderElection43] INFO  impl.LeaderElection (LeaderElection.java:askForVotes(181)) - 3a95b4ad-2c75-4701-886b-3e35cc487dd8:group-E2B0E5A513D2:LeaderElection43: begin an election at term 1 for -1: [3a95b4ad-2c75-4701-886b-3e35cc487dd8:192.168.36.114:41482], old=null
2019-09-12 11:35:45,571 [3a95b4ad-2c75-4701-886b-3e35cc487dd8:group-E2B0E5A513D2:LeaderElection43] INFO  impl.RoleInfo (RoleInfo.java:shutdownLeaderElection(134)) - 3a95b4ad-2c75-4701-886b-3e35cc487dd8: shutdown LeaderElection
2019-09-12 11:35:45,571 [3a95b4ad-2c75-4701-886b-3e35cc487dd8:group-E2B0E5A513D2:LeaderElection43] INFO  impl.RaftServerImpl (RaftServerImpl.java:setRole(171)) - 3a95b4ad-2c75-4701-886b-3e35cc487dd8:group-E2B0E5A513D2 changes role from CANDIDATE to LEADER at term 1 for changeToLeader
2019-09-12 11:35:45,571 [3a95b4ad-2c75-4701-886b-3e35cc487dd8:group-E2B0E5A513D2:LeaderElection43] INFO  impl.RaftServerImpl (ServerState.java:setLeader(263)) - 3a95b4ad-2c75-4701-886b-3e35cc487dd8:group-E2B0E5A513D2 change Leader from null to 3a95b4ad-2c75-4701-886b-3e35cc487dd8 at term 1 for becomeLeader, leader elected after 5164ms
2019-09-12 11:35:45,571 [3a95b4ad-2c75-4701-886b-3e35cc487dd8:group-E2B0E5A513D2:LeaderElection43] INFO  server.RaftServerConfigKeys (ConfUtils.java:logGet(43)) - raft.server.staging.catchup.gap = 1000 (default)
2019-09-12 11:35:45,571 [3a95b4ad-2c75-4701-886b-3e35cc487dd8:group-E2B0E5A513D2:LeaderElection43] INFO  server.RaftServerConfigKeys (ConfUtils.java:logGet(43)) - raft.server.rpc.sleep.time = 25ms (default)
2019-09-12 11:35:45,572 [3a95b4ad-2c75-4701-886b-3e35cc487dd8:group-E2B0E5A513D2:LeaderElection43] INFO  server.RaftServerConfigKeys (ConfUtils.java:logGet(43)) - raft.server.write.element-limit = 4096 (default)
2019-09-12 11:35:45,572 [3a95b4ad-2c75-4701-886b-3e35cc487dd8:group-E2B0E5A513D2:LeaderElection43] INFO  server.RaftServerConfigKeys (ConfUtils.java:logGet(43)) - raft.server.watch.timeout = 10s (default)
2019-09-12 11:35:45,572 [3a95b4ad-2c75-4701-886b-3e35cc487dd8:group-E2B0E5A513D2:LeaderElection43] INFO  server.RaftServerConfigKeys (ConfUtils.java:logGet(43)) - raft.server.watch.timeout.denomination = 1s (default)
2019-09-12 11:35:45,572 [3a95b4ad-2c75-4701-886b-3e35cc487dd8:group-E2B0E5A513D2:LeaderElection43] INFO  server.RaftServerConfigKeys (ConfUtils.java:logGet(43)) - raft.server.watch.element-limit = 65536 (default)
2019-09-12 11:35:45,573 [3a95b4ad-2c75-4701-886b-3e35cc487dd8:group-E2B0E5A513D2:LeaderElection43] INFO  impl.RoleInfo (RoleInfo.java:updateAndGet(143)) - 3a95b4ad-2c75-4701-886b-3e35cc487dd8: start LeaderState
2019-09-12 11:35:45,573 [3a95b4ad-2c75-4701-886b-3e35cc487dd8:group-E2B0E5A513D2:LeaderElection43] INFO  segmented.SegmentedRaftLogWorker (SegmentedRaftLogWorker.java:startLogSegment(380)) - 3a95b4ad-2c75-4701-886b-3e35cc487dd8-SegmentedRaftLogWorker:Storage Directory /workdir/hadoop-ozone/ozonefs/target/test-dir/MiniOzoneClusterImpl-eef5df77-1b8f-4c52-a6bc-dd98b83f7990/datanode-1/data/ratis/fb67345e-0053-4490-905f-e2b0e5a513d2: Starting segment from index:0
2019-09-12 11:35:45,574 [3a95b4ad-2c75-4701-886b-3e35cc487dd8:group-E2B0E5A513D2:LeaderElection43] INFO  impl.RaftServerImpl (ServerState.java:setRaftConf(361)) - 3a95b4ad-2c75-4701-886b-3e35cc487dd8:group-E2B0E5A513D2 set configuration 0: [3a95b4ad-2c75-4701-886b-3e35cc487dd8:192.168.36.114:41482], old=null at 0
2019-09-12 11:35:45,623 [3a95b4ad-2c75-4701-886b-3e35cc487dd8-SegmentedRaftLogWorker:Storage Directory /workdir/hadoop-ozone/ozonefs/target/test-dir/MiniOzoneClusterImpl-eef5df77-1b8f-4c52-a6bc-dd98b83f7990/datanode-1/data/ratis/fb67345e-0053-4490-905f-e2b0e5a513d2] INFO  segmented.SegmentedRaftLogWorker (SegmentedRaftLogWorker.java:execute(569)) - 3a95b4ad-2c75-4701-886b-3e35cc487dd8-SegmentedRaftLogWorker:Storage Directory /workdir/hadoop-ozone/ozonefs/target/test-dir/MiniOzoneClusterImpl-eef5df77-1b8f-4c52-a6bc-dd98b83f7990/datanode-1/data/ratis/fb67345e-0053-4490-905f-e2b0e5a513d2: created new log segment /workdir/hadoop-ozone/ozonefs/target/test-dir/MiniOzoneClusterImpl-eef5df77-1b8f-4c52-a6bc-dd98b83f7990/datanode-1/data/ratis/fb67345e-0053-4490-905f-e2b0e5a513d2/current/log_inprogress_0
2019-09-12 11:35:45,624 [Thread-738] INFO  impl.FollowerState (FollowerState.java:run(106)) - 3a95b4ad-2c75-4701-886b-3e35cc487dd8:group-E15FE24FC6F1 changes to CANDIDATE, lastRpcTime:5121, electionTimeout:5121ms
2019-09-12 11:35:45,624 [Thread-738] INFO  impl.RoleInfo (RoleInfo.java:shutdownFollowerState(121)) - 3a95b4ad-2c75-4701-886b-3e35cc487dd8: shutdown FollowerState
2019-09-12 11:35:45,624 [Thread-738] INFO  impl.RaftServerImpl (RaftServerImpl.java:setRole(171)) - 3a95b4ad-2c75-4701-886b-3e35cc487dd8:group-E15FE24FC6F1 changes role from FOLLOWER to CANDIDATE at term 0 for changeToCandidate
2019-09-12 11:35:45,624 [Thread-738] INFO  impl.RoleInfo (RoleInfo.java:updateAndGet(143)) - 3a95b4ad-2c75-4701-886b-3e35cc487dd8: start LeaderElection
2019-09-12 11:35:45,633 [Thread-741] INFO  impl.FollowerState (FollowerState.java:run(106)) - 3a95b4ad-2c75-4701-886b-3e35cc487dd8:group-1D0090335B36 changes to CANDIDATE, lastRpcTime:5086, electionTimeout:5086ms
2019-09-12 11:35:45,633 [Thread-741] INFO  impl.RoleInfo (RoleInfo.java:shutdownFollowerState(121)) - 3a95b4ad-2c75-4701-886b-3e35cc487dd8: shutdown FollowerState
2019-09-12 11:35:45,633 [Thread-741] INFO  impl.RaftServerImpl (RaftServerImpl.java:setRole(171)) - 3a95b4ad-2c75-4701-886b-3e35cc487dd8:group-1D0090335B36 changes role from FOLLOWER to CANDIDATE at term 0 for changeToCandidate
2019-09-12 11:35:45,633 [Thread-741] INFO  impl.RoleInfo (RoleInfo.java:updateAndGet(143)) - 3a95b4ad-2c75-4701-886b-3e35cc487dd8: start LeaderElection
2019-09-12 11:35:45,636 [3a95b4ad-2c75-4701-886b-3e35cc487dd8:group-E15FE24FC6F1:LeaderElection44] INFO  impl.LeaderElection (LeaderElection.java:askForVotes(181)) - 3a95b4ad-2c75-4701-886b-3e35cc487dd8:group-E15FE24FC6F1:LeaderElection44: begin an election at term 1 for -1: [3a95b4ad-2c75-4701-886b-3e35cc487dd8:192.168.36.114:41482], old=null
2019-09-12 11:35:45,637 [3a95b4ad-2c75-4701-886b-3e35cc487dd8:group-E15FE24FC6F1:LeaderElection44] INFO  impl.RoleInfo (RoleInfo.java:shutdownLeaderElection(134)) - 3a95b4ad-2c75-4701-886b-3e35cc487dd8: shutdown LeaderElection
2019-09-12 11:35:45,637 [3a95b4ad-2c75-4701-886b-3e35cc487dd8:group-E15FE24FC6F1:LeaderElection44] INFO  impl.RaftServerImpl (RaftServerImpl.java:setRole(171)) - 3a95b4ad-2c75-4701-886b-3e35cc487dd8:group-E15FE24FC6F1 changes role from CANDIDATE to LEADER at term 1 for changeToLeader
2019-09-12 11:35:45,637 [3a95b4ad-2c75-4701-886b-3e35cc487dd8:group-E15FE24FC6F1:LeaderElection44] INFO  impl.RaftServerImpl (ServerState.java:setLeader(263)) - 3a95b4ad-2c75-4701-886b-3e35cc487dd8:group-E15FE24FC6F1 change Leader from null to 3a95b4ad-2c75-4701-886b-3e35cc487dd8 at term 1 for becomeLeader, leader elected after 5139ms
2019-09-12 11:35:45,637 [3a95b4ad-2c75-4701-886b-3e35cc487dd8:group-E15FE24FC6F1:LeaderElection44] INFO  server.RaftServerConfigKeys (ConfUtils.java:logGet(43)) - raft.server.staging.catchup.gap = 1000 (default)
2019-09-12 11:35:45,637 [3a95b4ad-2c75-4701-886b-3e35cc487dd8:group-E15FE24FC6F1:LeaderElection44] INFO  server.RaftServerConfigKeys (ConfUtils.java:logGet(43)) - raft.server.rpc.sleep.time = 25ms (default)
2019-09-12 11:35:45,638 [3a95b4ad-2c75-4701-886b-3e35cc487dd8:group-E15FE24FC6F1:LeaderElection44] INFO  server.RaftServerConfigKeys (ConfUtils.java:logGet(43)) - raft.server.write.element-limit = 4096 (default)
2019-09-12 11:35:45,638 [3a95b4ad-2c75-4701-886b-3e35cc487dd8:group-E15FE24FC6F1:LeaderElection44] INFO  server.RaftServerConfigKeys (ConfUtils.java:logGet(43)) - raft.server.watch.timeout = 10s (default)
2019-09-12 11:35:45,638 [3a95b4ad-2c75-4701-886b-3e35cc487dd8:group-E15FE24FC6F1:LeaderElection44] INFO  server.RaftServerConfigKeys (ConfUtils.java:logGet(43)) - raft.server.watch.timeout.denomination = 1s (default)
2019-09-12 11:35:45,638 [3a95b4ad-2c75-4701-886b-3e35cc487dd8:group-E15FE24FC6F1:LeaderElection44] INFO  server.RaftServerConfigKeys (ConfUtils.java:logGet(43)) - raft.server.watch.element-limit = 65536 (default)
2019-09-12 11:35:45,639 [3a95b4ad-2c75-4701-886b-3e35cc487dd8:group-E15FE24FC6F1:LeaderElection44] INFO  impl.RoleInfo (RoleInfo.java:updateAndGet(143)) - 3a95b4ad-2c75-4701-886b-3e35cc487dd8: start LeaderState
2019-09-12 11:35:45,639 [3a95b4ad-2c75-4701-886b-3e35cc487dd8:group-E15FE24FC6F1:LeaderElection44] INFO  segmented.SegmentedRaftLogWorker (SegmentedRaftLogWorker.java:startLogSegment(380)) - 3a95b4ad-2c75-4701-886b-3e35cc487dd8-SegmentedRaftLogWorker:Storage Directory /workdir/hadoop-ozone/ozonefs/target/test-dir/MiniOzoneClusterImpl-eef5df77-1b8f-4c52-a6bc-dd98b83f7990/datanode-1/data/ratis/cda1c815-07bf-4263-9ab0-e15fe24fc6f1: Starting segment from index:0
2019-09-12 11:35:45,639 [3a95b4ad-2c75-4701-886b-3e35cc487dd8:group-E15FE24FC6F1:LeaderElection44] INFO  impl.RaftServerImpl (ServerState.java:setRaftConf(361)) - 3a95b4ad-2c75-4701-886b-3e35cc487dd8:group-E15FE24FC6F1 set configuration 0: [3a95b4ad-2c75-4701-886b-3e35cc487dd8:192.168.36.114:41482], old=null at 0
2019-09-12 11:35:45,643 [Thread-735] INFO  impl.FollowerState (FollowerState.java:run(106)) - 68babcc3-18e0-4d97-99ff-fca6904ee00c:group-8B3A30DCE4EE changes to CANDIDATE, lastRpcTime:5187, electionTimeout:5187ms
2019-09-12 11:35:45,643 [Thread-735] INFO  impl.RoleInfo (RoleInfo.java:shutdownFollowerState(121)) - 68babcc3-18e0-4d97-99ff-fca6904ee00c: shutdown FollowerState
2019-09-12 11:35:45,643 [Thread-735] INFO  impl.RaftServerImpl (RaftServerImpl.java:setRole(171)) - 68babcc3-18e0-4d97-99ff-fca6904ee00c:group-8B3A30DCE4EE changes role from FOLLOWER to CANDIDATE at term 0 for changeToCandidate
2019-09-12 11:35:45,643 [Thread-735] INFO  impl.RoleInfo (RoleInfo.java:updateAndGet(143)) - 68babcc3-18e0-4d97-99ff-fca6904ee00c: start LeaderElection
2019-09-12 11:35:45,650 [3a95b4ad-2c75-4701-886b-3e35cc487dd8:group-1D0090335B36:LeaderElection45] INFO  impl.LeaderElection (LeaderElection.java:askForVotes(181)) - 3a95b4ad-2c75-4701-886b-3e35cc487dd8:group-1D0090335B36:LeaderElection45: begin an election at term 1 for -1: [3a95b4ad-2c75-4701-886b-3e35cc487dd8:192.168.36.114:41482], old=null
2019-09-12 11:35:45,650 [Thread-744] INFO  impl.FollowerState (FollowerState.java:run(106)) - 3a95b4ad-2c75-4701-886b-3e35cc487dd8:group-88A10060EA63 changes to CANDIDATE, lastRpcTime:5036, electionTimeout:5036ms
2019-09-12 11:35:45,651 [3a95b4ad-2c75-4701-886b-3e35cc487dd8:group-1D0090335B36:LeaderElection45] INFO  impl.RoleInfo (RoleInfo.java:shutdownLeaderElection(134)) - 3a95b4ad-2c75-4701-886b-3e35cc487dd8: shutdown LeaderElection
2019-09-12 11:35:45,651 [Thread-744] INFO  impl.RoleInfo (RoleInfo.java:shutdownFollowerState(121)) - 3a95b4ad-2c75-4701-886b-3e35cc487dd8: shutdown FollowerState
2019-09-12 11:35:45,651 [3a95b4ad-2c75-4701-886b-3e35cc487dd8:group-1D0090335B36:LeaderElection45] INFO  impl.RaftServerImpl (RaftServerImpl.java:setRole(171)) - 3a95b4ad-2c75-4701-886b-3e35cc487dd8:group-1D0090335B36 changes role from CANDIDATE to LEADER at term 1 for changeToLeader
2019-09-12 11:35:45,651 [Thread-744] INFO  impl.RaftServerImpl (RaftServerImpl.java:setRole(171)) - 3a95b4ad-2c75-4701-886b-3e35cc487dd8:group-88A10060EA63 changes role from FOLLOWER to CANDIDATE at term 0 for changeToCandidate
2019-09-12 11:35:45,651 [3a95b4ad-2c75-4701-886b-3e35cc487dd8:group-1D0090335B36:LeaderElection45] INFO  impl.RaftServerImpl (ServerState.java:setLeader(263)) - 3a95b4ad-2c75-4701-886b-3e35cc487dd8:group-1D0090335B36 change Leader from null to 3a95b4ad-2c75-4701-886b-3e35cc487dd8 at term 1 for becomeLeader, leader elected after 5109ms
2019-09-12 11:35:45,651 [Thread-744] INFO  impl.RoleInfo (RoleInfo.java:updateAndGet(143)) - 3a95b4ad-2c75-4701-886b-3e35cc487dd8: start LeaderElection
2019-09-12 11:35:45,652 [3a95b4ad-2c75-4701-886b-3e35cc487dd8:group-1D0090335B36:LeaderElection45] INFO  server.RaftServerConfigKeys (ConfUtils.java:logGet(43)) - raft.server.staging.catchup.gap = 1000 (default)
2019-09-12 11:35:45,652 [3a95b4ad-2c75-4701-886b-3e35cc487dd8:group-1D0090335B36:LeaderElection45] INFO  server.RaftServerConfigKeys (ConfUtils.java:logGet(43)) - raft.server.rpc.sleep.time = 25ms (default)
2019-09-12 11:35:45,686 [68babcc3-18e0-4d97-99ff-fca6904ee00c:group-8B3A30DCE4EE:LeaderElection46] INFO  impl.LeaderElection (LeaderElection.java:askForVotes(181)) - 68babcc3-18e0-4d97-99ff-fca6904ee00c:group-8B3A30DCE4EE:LeaderElection46: begin an election at term 1 for -1: [68babcc3-18e0-4d97-99ff-fca6904ee00c:192.168.36.114:43875], old=null
2019-09-12 11:35:45,687 [3a95b4ad-2c75-4701-886b-3e35cc487dd8:group-1D0090335B36:LeaderElection45] INFO  server.RaftServerConfigKeys (ConfUtils.java:logGet(43)) - raft.server.write.element-limit = 4096 (default)
2019-09-12 11:35:45,687 [68babcc3-18e0-4d97-99ff-fca6904ee00c:group-8B3A30DCE4EE:LeaderElection46] INFO  impl.RoleInfo (RoleInfo.java:shutdownLeaderElection(134)) - 68babcc3-18e0-4d97-99ff-fca6904ee00c: shutdown LeaderElection
2019-09-12 11:35:45,687 [3a95b4ad-2c75-4701-886b-3e35cc487dd8:group-1D0090335B36:LeaderElection45] INFO  server.RaftServerConfigKeys (ConfUtils.java:logGet(43)) - raft.server.watch.timeout = 10s (default)
2019-09-12 11:35:45,687 [68babcc3-18e0-4d97-99ff-fca6904ee00c:group-8B3A30DCE4EE:LeaderElection46] INFO  impl.RaftServerImpl (RaftServerImpl.java:setRole(171)) - 68babcc3-18e0-4d97-99ff-fca6904ee00c:group-8B3A30DCE4EE changes role from CANDIDATE to LEADER at term 1 for changeToLeader
2019-09-12 11:35:45,687 [3a95b4ad-2c75-4701-886b-3e35cc487dd8:group-1D0090335B36:LeaderElection45] INFO  server.RaftServerConfigKeys (ConfUtils.java:logGet(43)) - raft.server.watch.timeout.denomination = 1s (default)
2019-09-12 11:35:45,687 [68babcc3-18e0-4d97-99ff-fca6904ee00c:group-8B3A30DCE4EE:LeaderElection46] INFO  impl.RaftServerImpl (ServerState.java:setLeader(263)) - 68babcc3-18e0-4d97-99ff-fca6904ee00c:group-8B3A30DCE4EE change Leader from null to 68babcc3-18e0-4d97-99ff-fca6904ee00c at term 1 for becomeLeader, leader elected after 5236ms
2019-09-12 11:35:45,687 [3a95b4ad-2c75-4701-886b-3e35cc487dd8:group-1D0090335B36:LeaderElection45] INFO  server.RaftServerConfigKeys (ConfUtils.java:logGet(43)) - raft.server.watch.element-limit = 65536 (default)
2019-09-12 11:35:45,687 [68babcc3-18e0-4d97-99ff-fca6904ee00c:group-8B3A30DCE4EE:LeaderElection46] INFO  server.RaftServerConfigKeys (ConfUtils.java:logGet(43)) - raft.server.staging.catchup.gap = 1000 (default)
2019-09-12 11:35:45,688 [68babcc3-18e0-4d97-99ff-fca6904ee00c:group-8B3A30DCE4EE:LeaderElection46] INFO  server.RaftServerConfigKeys (ConfUtils.java:logGet(43)) - raft.server.rpc.sleep.time = 25ms (default)
2019-09-12 11:35:45,688 [3a95b4ad-2c75-4701-886b-3e35cc487dd8:group-1D0090335B36:LeaderElection45] INFO  impl.RoleInfo (RoleInfo.java:updateAndGet(143)) - 3a95b4ad-2c75-4701-886b-3e35cc487dd8: start LeaderState
2019-09-12 11:35:45,688 [68babcc3-18e0-4d97-99ff-fca6904ee00c:group-8B3A30DCE4EE:LeaderElection46] INFO  server.RaftServerConfigKeys (ConfUtils.java:logGet(43)) - raft.server.write.element-limit = 4096 (default)
2019-09-12 11:35:45,688 [68babcc3-18e0-4d97-99ff-fca6904ee00c:group-8B3A30DCE4EE:LeaderElection46] INFO  server.RaftServerConfigKeys (ConfUtils.java:logGet(43)) - raft.server.watch.timeout = 10s (default)
2019-09-12 11:35:45,688 [3a95b4ad-2c75-4701-886b-3e35cc487dd8:group-1D0090335B36:LeaderElection45] INFO  segmented.SegmentedRaftLogWorker (SegmentedRaftLogWorker.java:startLogSegment(380)) - 3a95b4ad-2c75-4701-886b-3e35cc487dd8-SegmentedRaftLogWorker:Storage Directory /workdir/hadoop-ozone/ozonefs/target/test-dir/MiniOzoneClusterImpl-eef5df77-1b8f-4c52-a6bc-dd98b83f7990/datanode-1/data/ratis/c7a0ec5f-305e-4e9f-a8d8-1d0090335b36: Starting segment from index:0
2019-09-12 11:35:45,688 [68babcc3-18e0-4d97-99ff-fca6904ee00c:group-8B3A30DCE4EE:LeaderElection46] INFO  server.RaftServerConfigKeys (ConfUtils.java:logGet(43)) - raft.server.watch.timeout.denomination = 1s (default)
2019-09-12 11:35:45,689 [68babcc3-18e0-4d97-99ff-fca6904ee00c:group-8B3A30DCE4EE:LeaderElection46] INFO  server.RaftServerConfigKeys (ConfUtils.java:logGet(43)) - raft.server.watch.element-limit = 65536 (default)
2019-09-12 11:35:45,689 [3a95b4ad-2c75-4701-886b-3e35cc487dd8:group-1D0090335B36:LeaderElection45] INFO  impl.RaftServerImpl (ServerState.java:setRaftConf(361)) - 3a95b4ad-2c75-4701-886b-3e35cc487dd8:group-1D0090335B36 set configuration 0: [3a95b4ad-2c75-4701-886b-3e35cc487dd8:192.168.36.114:41482], old=null at 0
2019-09-12 11:35:45,689 [68babcc3-18e0-4d97-99ff-fca6904ee00c:group-8B3A30DCE4EE:LeaderElection46] INFO  impl.RoleInfo (RoleInfo.java:updateAndGet(143)) - 68babcc3-18e0-4d97-99ff-fca6904ee00c: start LeaderState
2019-09-12 11:35:45,689 [68babcc3-18e0-4d97-99ff-fca6904ee00c:group-8B3A30DCE4EE:LeaderElection46] INFO  segmented.SegmentedRaftLogWorker (SegmentedRaftLogWorker.java:startLogSegment(380)) - 68babcc3-18e0-4d97-99ff-fca6904ee00c-SegmentedRaftLogWorker:Storage Directory /workdir/hadoop-ozone/ozonefs/target/test-dir/MiniOzoneClusterImpl-eef5df77-1b8f-4c52-a6bc-dd98b83f7990/datanode-0/data/ratis/721b8a25-ff92-45f2-814b-8b3a30dce4ee: Starting segment from index:0
2019-09-12 11:35:45,690 [68babcc3-18e0-4d97-99ff-fca6904ee00c:group-8B3A30DCE4EE:LeaderElection46] INFO  impl.RaftServerImpl (ServerState.java:setRaftConf(361)) - 68babcc3-18e0-4d97-99ff-fca6904ee00c:group-8B3A30DCE4EE set configuration 0: [68babcc3-18e0-4d97-99ff-fca6904ee00c:192.168.36.114:43875], old=null at 0
2019-09-12 11:35:45,710 [3a95b4ad-2c75-4701-886b-3e35cc487dd8-SegmentedRaftLogWorker:Storage Directory /workdir/hadoop-ozone/ozonefs/target/test-dir/MiniOzoneClusterImpl-eef5df77-1b8f-4c52-a6bc-dd98b83f7990/datanode-1/data/ratis/cda1c815-07bf-4263-9ab0-e15fe24fc6f1] INFO  segmented.SegmentedRaftLogWorker (SegmentedRaftLogWorker.java:execute(569)) - 3a95b4ad-2c75-4701-886b-3e35cc487dd8-SegmentedRaftLogWorker:Storage Directory /workdir/hadoop-ozone/ozonefs/target/test-dir/MiniOzoneClusterImpl-eef5df77-1b8f-4c52-a6bc-dd98b83f7990/datanode-1/data/ratis/cda1c815-07bf-4263-9ab0-e15fe24fc6f1: created new log segment /workdir/hadoop-ozone/ozonefs/target/test-dir/MiniOzoneClusterImpl-eef5df77-1b8f-4c52-a6bc-dd98b83f7990/datanode-1/data/ratis/cda1c815-07bf-4263-9ab0-e15fe24fc6f1/current/log_inprogress_0
2019-09-12 11:35:45,711 [3a95b4ad-2c75-4701-886b-3e35cc487dd8:group-88A10060EA63:LeaderElection47] INFO  impl.LeaderElection (LeaderElection.java:askForVotes(181)) - 3a95b4ad-2c75-4701-886b-3e35cc487dd8:group-88A10060EA63:LeaderElection47: begin an election at term 1 for -1: [3a95b4ad-2c75-4701-886b-3e35cc487dd8:192.168.36.114:41482], old=null
2019-09-12 11:35:45,711 [3a95b4ad-2c75-4701-886b-3e35cc487dd8:group-88A10060EA63:LeaderElection47] INFO  impl.RoleInfo (RoleInfo.java:shutdownLeaderElection(134)) - 3a95b4ad-2c75-4701-886b-3e35cc487dd8: shutdown LeaderElection
2019-09-12 11:35:45,711 [3a95b4ad-2c75-4701-886b-3e35cc487dd8:group-88A10060EA63:LeaderElection47] INFO  impl.RaftServerImpl (RaftServerImpl.java:setRole(171)) - 3a95b4ad-2c75-4701-886b-3e35cc487dd8:group-88A10060EA63 changes role from CANDIDATE to LEADER at term 1 for changeToLeader
2019-09-12 11:35:45,711 [3a95b4ad-2c75-4701-886b-3e35cc487dd8:group-88A10060EA63:LeaderElection47] INFO  impl.RaftServerImpl (ServerState.java:setLeader(263)) - 3a95b4ad-2c75-4701-886b-3e35cc487dd8:group-88A10060EA63 change Leader from null to 3a95b4ad-2c75-4701-886b-3e35cc487dd8 at term 1 for becomeLeader, leader elected after 5101ms
2019-09-12 11:35:45,712 [3a95b4ad-2c75-4701-886b-3e35cc487dd8:group-88A10060EA63:LeaderElection47] INFO  server.RaftServerConfigKeys (ConfUtils.java:logGet(43)) - raft.server.staging.catchup.gap = 1000 (default)
2019-09-12 11:35:45,712 [3a95b4ad-2c75-4701-886b-3e35cc487dd8:group-88A10060EA63:LeaderElection47] INFO  server.RaftServerConfigKeys (ConfUtils.java:logGet(43)) - raft.server.rpc.sleep.time = 25ms (default)
2019-09-12 11:35:45,712 [3a95b4ad-2c75-4701-886b-3e35cc487dd8:group-88A10060EA63:LeaderElection47] INFO  server.RaftServerConfigKeys (ConfUtils.java:logGet(43)) - raft.server.write.element-limit = 4096 (default)
2019-09-12 11:35:45,712 [3a95b4ad-2c75-4701-886b-3e35cc487dd8:group-88A10060EA63:LeaderElection47] INFO  server.RaftServerConfigKeys (ConfUtils.java:logGet(43)) - raft.server.watch.timeout = 10s (default)
2019-09-12 11:35:45,712 [3a95b4ad-2c75-4701-886b-3e35cc487dd8:group-88A10060EA63:LeaderElection47] INFO  server.RaftServerConfigKeys (ConfUtils.java:logGet(43)) - raft.server.watch.timeout.denomination = 1s (default)
2019-09-12 11:35:45,713 [3a95b4ad-2c75-4701-886b-3e35cc487dd8:group-88A10060EA63:LeaderElection47] INFO  server.RaftServerConfigKeys (ConfUtils.java:logGet(43)) - raft.server.watch.element-limit = 65536 (default)
2019-09-12 11:35:45,713 [3a95b4ad-2c75-4701-886b-3e35cc487dd8:group-88A10060EA63:LeaderElection47] INFO  impl.RoleInfo (RoleInfo.java:updateAndGet(143)) - 3a95b4ad-2c75-4701-886b-3e35cc487dd8: start LeaderState
2019-09-12 11:35:45,713 [3a95b4ad-2c75-4701-886b-3e35cc487dd8:group-88A10060EA63:LeaderElection47] INFO  segmented.SegmentedRaftLogWorker (SegmentedRaftLogWorker.java:startLogSegment(380)) - 3a95b4ad-2c75-4701-886b-3e35cc487dd8-SegmentedRaftLogWorker:Storage Directory /workdir/hadoop-ozone/ozonefs/target/test-dir/MiniOzoneClusterImpl-eef5df77-1b8f-4c52-a6bc-dd98b83f7990/datanode-1/data/ratis/8c799432-8d91-4c1c-ada6-88a10060ea63: Starting segment from index:0
2019-09-12 11:35:45,714 [3a95b4ad-2c75-4701-886b-3e35cc487dd8:group-88A10060EA63:LeaderElection47] INFO  impl.RaftServerImpl (ServerState.java:setRaftConf(361)) - 3a95b4ad-2c75-4701-886b-3e35cc487dd8:group-88A10060EA63 set configuration 0: [3a95b4ad-2c75-4701-886b-3e35cc487dd8:192.168.36.114:41482], old=null at 0
2019-09-12 11:35:45,743 [68babcc3-18e0-4d97-99ff-fca6904ee00c-SegmentedRaftLogWorker:Storage Directory /workdir/hadoop-ozone/ozonefs/target/test-dir/MiniOzoneClusterImpl-eef5df77-1b8f-4c52-a6bc-dd98b83f7990/datanode-0/data/ratis/721b8a25-ff92-45f2-814b-8b3a30dce4ee] INFO  segmented.SegmentedRaftLogWorker (SegmentedRaftLogWorker.java:execute(569)) - 68babcc3-18e0-4d97-99ff-fca6904ee00c-SegmentedRaftLogWorker:Storage Directory /workdir/hadoop-ozone/ozonefs/target/test-dir/MiniOzoneClusterImpl-eef5df77-1b8f-4c52-a6bc-dd98b83f7990/datanode-0/data/ratis/721b8a25-ff92-45f2-814b-8b3a30dce4ee: created new log segment /workdir/hadoop-ozone/ozonefs/target/test-dir/MiniOzoneClusterImpl-eef5df77-1b8f-4c52-a6bc-dd98b83f7990/datanode-0/data/ratis/721b8a25-ff92-45f2-814b-8b3a30dce4ee/current/log_inprogress_0
2019-09-12 11:35:45,743 [3a95b4ad-2c75-4701-886b-3e35cc487dd8-SegmentedRaftLogWorker:Storage Directory /workdir/hadoop-ozone/ozonefs/target/test-dir/MiniOzoneClusterImpl-eef5df77-1b8f-4c52-a6bc-dd98b83f7990/datanode-1/data/ratis/c7a0ec5f-305e-4e9f-a8d8-1d0090335b36] INFO  segmented.SegmentedRaftLogWorker (SegmentedRaftLogWorker.java:execute(569)) - 3a95b4ad-2c75-4701-886b-3e35cc487dd8-SegmentedRaftLogWorker:Storage Directory /workdir/hadoop-ozone/ozonefs/target/test-dir/MiniOzoneClusterImpl-eef5df77-1b8f-4c52-a6bc-dd98b83f7990/datanode-1/data/ratis/c7a0ec5f-305e-4e9f-a8d8-1d0090335b36: created new log segment /workdir/hadoop-ozone/ozonefs/target/test-dir/MiniOzoneClusterImpl-eef5df77-1b8f-4c52-a6bc-dd98b83f7990/datanode-1/data/ratis/c7a0ec5f-305e-4e9f-a8d8-1d0090335b36/current/log_inprogress_0
2019-09-12 11:35:45,765 [3a95b4ad-2c75-4701-886b-3e35cc487dd8-SegmentedRaftLogWorker:Storage Directory /workdir/hadoop-ozone/ozonefs/target/test-dir/MiniOzoneClusterImpl-eef5df77-1b8f-4c52-a6bc-dd98b83f7990/datanode-1/data/ratis/8c799432-8d91-4c1c-ada6-88a10060ea63] INFO  segmented.SegmentedRaftLogWorker (SegmentedRaftLogWorker.java:execute(569)) - 3a95b4ad-2c75-4701-886b-3e35cc487dd8-SegmentedRaftLogWorker:Storage Directory /workdir/hadoop-ozone/ozonefs/target/test-dir/MiniOzoneClusterImpl-eef5df77-1b8f-4c52-a6bc-dd98b83f7990/datanode-1/data/ratis/8c799432-8d91-4c1c-ada6-88a10060ea63: created new log segment /workdir/hadoop-ozone/ozonefs/target/test-dir/MiniOzoneClusterImpl-eef5df77-1b8f-4c52-a6bc-dd98b83f7990/datanode-1/data/ratis/8c799432-8d91-4c1c-ada6-88a10060ea63/current/log_inprogress_0
2019-09-12 11:35:45,839 [Thread-747] INFO  impl.FollowerState (FollowerState.java:run(106)) - 3a95b4ad-2c75-4701-886b-3e35cc487dd8:group-6166E12BD34B changes to CANDIDATE, lastRpcTime:5170, electionTimeout:5170ms
2019-09-12 11:35:45,839 [Thread-747] INFO  impl.RoleInfo (RoleInfo.java:shutdownFollowerState(121)) - 3a95b4ad-2c75-4701-886b-3e35cc487dd8: shutdown FollowerState
2019-09-12 11:35:45,839 [Thread-747] INFO  impl.RaftServerImpl (RaftServerImpl.java:setRole(171)) - 3a95b4ad-2c75-4701-886b-3e35cc487dd8:group-6166E12BD34B changes role from FOLLOWER to CANDIDATE at term 0 for changeToCandidate
2019-09-12 11:35:45,839 [Thread-747] INFO  impl.RoleInfo (RoleInfo.java:updateAndGet(143)) - 3a95b4ad-2c75-4701-886b-3e35cc487dd8: start LeaderElection
2019-09-12 11:35:45,868 [3a95b4ad-2c75-4701-886b-3e35cc487dd8:group-6166E12BD34B:LeaderElection48] INFO  impl.LeaderElection (LeaderElection.java:askForVotes(181)) - 3a95b4ad-2c75-4701-886b-3e35cc487dd8:group-6166E12BD34B:LeaderElection48: begin an election at term 1 for -1: [3a95b4ad-2c75-4701-886b-3e35cc487dd8:192.168.36.114:41482], old=null
2019-09-12 11:35:45,868 [3a95b4ad-2c75-4701-886b-3e35cc487dd8:group-6166E12BD34B:LeaderElection48] INFO  impl.RoleInfo (RoleInfo.java:shutdownLeaderElection(134)) - 3a95b4ad-2c75-4701-886b-3e35cc487dd8: shutdown LeaderElection
2019-09-12 11:35:45,868 [3a95b4ad-2c75-4701-886b-3e35cc487dd8:group-6166E12BD34B:LeaderElection48] INFO  impl.RaftServerImpl (RaftServerImpl.java:setRole(171)) - 3a95b4ad-2c75-4701-886b-3e35cc487dd8:group-6166E12BD34B changes role from CANDIDATE to LEADER at term 1 for changeToLeader
2019-09-12 11:35:45,868 [3a95b4ad-2c75-4701-886b-3e35cc487dd8:group-6166E12BD34B:LeaderElection48] INFO  impl.RaftServerImpl (ServerState.java:setLeader(263)) - 3a95b4ad-2c75-4701-886b-3e35cc487dd8:group-6166E12BD34B change Leader from null to 3a95b4ad-2c75-4701-886b-3e35cc487dd8 at term 1 for becomeLeader, leader elected after 5204ms
2019-09-12 11:35:45,869 [3a95b4ad-2c75-4701-886b-3e35cc487dd8:group-6166E12BD34B:LeaderElection48] INFO  server.RaftServerConfigKeys (ConfUtils.java:logGet(43)) - raft.server.staging.catchup.gap = 1000 (default)
2019-09-12 11:35:45,869 [3a95b4ad-2c75-4701-886b-3e35cc487dd8:group-6166E12BD34B:LeaderElection48] INFO  server.RaftServerConfigKeys (ConfUtils.java:logGet(43)) - raft.server.rpc.sleep.time = 25ms (default)
2019-09-12 11:35:45,869 [3a95b4ad-2c75-4701-886b-3e35cc487dd8:group-6166E12BD34B:LeaderElection48] INFO  server.RaftServerConfigKeys (ConfUtils.java:logGet(43)) - raft.server.write.element-limit = 4096 (default)
2019-09-12 11:35:45,869 [3a95b4ad-2c75-4701-886b-3e35cc487dd8:group-6166E12BD34B:LeaderElection48] INFO  server.RaftServerConfigKeys (ConfUtils.java:logGet(43)) - raft.server.watch.timeout = 10s (default)
2019-09-12 11:35:45,869 [3a95b4ad-2c75-4701-886b-3e35cc487dd8:group-6166E12BD34B:LeaderElection48] INFO  server.RaftServerConfigKeys (ConfUtils.java:logGet(43)) - raft.server.watch.timeout.denomination = 1s (default)
2019-09-12 11:35:45,869 [3a95b4ad-2c75-4701-886b-3e35cc487dd8:group-6166E12BD34B:LeaderElection48] INFO  server.RaftServerConfigKeys (ConfUtils.java:logGet(43)) - raft.server.watch.element-limit = 65536 (default)
2019-09-12 11:35:45,870 [3a95b4ad-2c75-4701-886b-3e35cc487dd8:group-6166E12BD34B:LeaderElection48] INFO  impl.RoleInfo (RoleInfo.java:updateAndGet(143)) - 3a95b4ad-2c75-4701-886b-3e35cc487dd8: start LeaderState
2019-09-12 11:35:45,870 [3a95b4ad-2c75-4701-886b-3e35cc487dd8:group-6166E12BD34B:LeaderElection48] INFO  segmented.SegmentedRaftLogWorker (SegmentedRaftLogWorker.java:startLogSegment(380)) - 3a95b4ad-2c75-4701-886b-3e35cc487dd8-SegmentedRaftLogWorker:Storage Directory /workdir/hadoop-ozone/ozonefs/target/test-dir/MiniOzoneClusterImpl-eef5df77-1b8f-4c52-a6bc-dd98b83f7990/datanode-1/data/ratis/f2443433-6d67-40fa-8572-6166e12bd34b: Starting segment from index:0
2019-09-12 11:35:45,870 [3a95b4ad-2c75-4701-886b-3e35cc487dd8:group-6166E12BD34B:LeaderElection48] INFO  impl.RaftServerImpl (ServerState.java:setRaftConf(361)) - 3a95b4ad-2c75-4701-886b-3e35cc487dd8:group-6166E12BD34B set configuration 0: [3a95b4ad-2c75-4701-886b-3e35cc487dd8:192.168.36.114:41482], old=null at 0
2019-09-12 11:35:45,900 [Thread-762] INFO  impl.FollowerState (FollowerState.java:run(106)) - b3c7b149-240e-4b69-a097-dee5cbed4f61:group-2A97339C0A27 changes to CANDIDATE, lastRpcTime:5003, electionTimeout:5003ms
2019-09-12 11:35:45,900 [Thread-762] INFO  impl.RoleInfo (RoleInfo.java:shutdownFollowerState(121)) - b3c7b149-240e-4b69-a097-dee5cbed4f61: shutdown FollowerState
2019-09-12 11:35:45,900 [Thread-762] INFO  impl.RaftServerImpl (RaftServerImpl.java:setRole(171)) - b3c7b149-240e-4b69-a097-dee5cbed4f61:group-2A97339C0A27 changes role from FOLLOWER to CANDIDATE at term 0 for changeToCandidate
2019-09-12 11:35:45,900 [Thread-762] INFO  impl.RoleInfo (RoleInfo.java:updateAndGet(143)) - b3c7b149-240e-4b69-a097-dee5cbed4f61: start LeaderElection
2019-09-12 11:35:45,908 [Thread-753] INFO  impl.FollowerState (FollowerState.java:run(106)) - b3c7b149-240e-4b69-a097-dee5cbed4f61:group-527988A880B8 changes to CANDIDATE, lastRpcTime:5150, electionTimeout:5145ms
2019-09-12 11:35:45,908 [Thread-753] INFO  impl.RoleInfo (RoleInfo.java:shutdownFollowerState(121)) - b3c7b149-240e-4b69-a097-dee5cbed4f61: shutdown FollowerState
2019-09-12 11:35:45,908 [Thread-753] INFO  impl.RaftServerImpl (RaftServerImpl.java:setRole(171)) - b3c7b149-240e-4b69-a097-dee5cbed4f61:group-527988A880B8 changes role from FOLLOWER to CANDIDATE at term 0 for changeToCandidate
2019-09-12 11:35:45,908 [Thread-753] INFO  impl.RoleInfo (RoleInfo.java:updateAndGet(143)) - b3c7b149-240e-4b69-a097-dee5cbed4f61: start LeaderElection
2019-09-12 11:35:45,912 [Thread-750] INFO  impl.FollowerState (FollowerState.java:run(106)) - b3c7b149-240e-4b69-a097-dee5cbed4f61:group-B636CF25C19C changes to CANDIDATE, lastRpcTime:5196, electionTimeout:5196ms
2019-09-12 11:35:45,912 [Thread-750] INFO  impl.RoleInfo (RoleInfo.java:shutdownFollowerState(121)) - b3c7b149-240e-4b69-a097-dee5cbed4f61: shutdown FollowerState
2019-09-12 11:35:45,912 [Thread-750] INFO  impl.RaftServerImpl (RaftServerImpl.java:setRole(171)) - b3c7b149-240e-4b69-a097-dee5cbed4f61:group-B636CF25C19C changes role from FOLLOWER to CANDIDATE at term 0 for changeToCandidate
2019-09-12 11:35:45,913 [Thread-750] INFO  impl.RoleInfo (RoleInfo.java:updateAndGet(143)) - b3c7b149-240e-4b69-a097-dee5cbed4f61: start LeaderElection
2019-09-12 11:35:45,921 [3a95b4ad-2c75-4701-886b-3e35cc487dd8-SegmentedRaftLogWorker:Storage Directory /workdir/hadoop-ozone/ozonefs/target/test-dir/MiniOzoneClusterImpl-eef5df77-1b8f-4c52-a6bc-dd98b83f7990/datanode-1/data/ratis/f2443433-6d67-40fa-8572-6166e12bd34b] INFO  segmented.SegmentedRaftLogWorker (SegmentedRaftLogWorker.java:execute(569)) - 3a95b4ad-2c75-4701-886b-3e35cc487dd8-SegmentedRaftLogWorker:Storage Directory /workdir/hadoop-ozone/ozonefs/target/test-dir/MiniOzoneClusterImpl-eef5df77-1b8f-4c52-a6bc-dd98b83f7990/datanode-1/data/ratis/f2443433-6d67-40fa-8572-6166e12bd34b: created new log segment /workdir/hadoop-ozone/ozonefs/target/test-dir/MiniOzoneClusterImpl-eef5df77-1b8f-4c52-a6bc-dd98b83f7990/datanode-1/data/ratis/f2443433-6d67-40fa-8572-6166e12bd34b/current/log_inprogress_0
2019-09-12 11:35:45,921 [b3c7b149-240e-4b69-a097-dee5cbed4f61:group-2A97339C0A27:LeaderElection49] INFO  impl.LeaderElection (LeaderElection.java:askForVotes(181)) - b3c7b149-240e-4b69-a097-dee5cbed4f61:group-2A97339C0A27:LeaderElection49: begin an election at term 1 for -1: [b3c7b149-240e-4b69-a097-dee5cbed4f61:192.168.36.114:40870], old=null
2019-09-12 11:35:45,921 [b3c7b149-240e-4b69-a097-dee5cbed4f61:group-B636CF25C19C:LeaderElection51] INFO  impl.LeaderElection (LeaderElection.java:askForVotes(181)) - b3c7b149-240e-4b69-a097-dee5cbed4f61:group-B636CF25C19C:LeaderElection51: begin an election at term 1 for -1: [b3c7b149-240e-4b69-a097-dee5cbed4f61:192.168.36.114:40870], old=null
2019-09-12 11:35:45,921 [b3c7b149-240e-4b69-a097-dee5cbed4f61:group-527988A880B8:LeaderElection50] INFO  impl.LeaderElection (LeaderElection.java:askForVotes(181)) - b3c7b149-240e-4b69-a097-dee5cbed4f61:group-527988A880B8:LeaderElection50: begin an election at term 1 for -1: [b3c7b149-240e-4b69-a097-dee5cbed4f61:192.168.36.114:40870], old=null
2019-09-12 11:35:45,922 [b3c7b149-240e-4b69-a097-dee5cbed4f61:group-B636CF25C19C:LeaderElection51] INFO  impl.RoleInfo (RoleInfo.java:shutdownLeaderElection(134)) - b3c7b149-240e-4b69-a097-dee5cbed4f61: shutdown LeaderElection
2019-09-12 11:35:45,921 [b3c7b149-240e-4b69-a097-dee5cbed4f61:group-2A97339C0A27:LeaderElection49] INFO  impl.RoleInfo (RoleInfo.java:shutdownLeaderElection(134)) - b3c7b149-240e-4b69-a097-dee5cbed4f61: shutdown LeaderElection
2019-09-12 11:35:45,922 [b3c7b149-240e-4b69-a097-dee5cbed4f61:group-B636CF25C19C:LeaderElection51] INFO  impl.RaftServerImpl (RaftServerImpl.java:setRole(171)) - b3c7b149-240e-4b69-a097-dee5cbed4f61:group-B636CF25C19C changes role from CANDIDATE to LEADER at term 1 for changeToLeader
2019-09-12 11:35:45,922 [b3c7b149-240e-4b69-a097-dee5cbed4f61:group-527988A880B8:LeaderElection50] INFO  impl.RoleInfo (RoleInfo.java:shutdownLeaderElection(134)) - b3c7b149-240e-4b69-a097-dee5cbed4f61: shutdown LeaderElection
2019-09-12 11:35:45,922 [b3c7b149-240e-4b69-a097-dee5cbed4f61:group-B636CF25C19C:LeaderElection51] INFO  impl.RaftServerImpl (ServerState.java:setLeader(263)) - b3c7b149-240e-4b69-a097-dee5cbed4f61:group-B636CF25C19C change Leader from null to b3c7b149-240e-4b69-a097-dee5cbed4f61 at term 1 for becomeLeader, leader elected after 5211ms
2019-09-12 11:35:45,922 [b3c7b149-240e-4b69-a097-dee5cbed4f61:group-2A97339C0A27:LeaderElection49] INFO  impl.RaftServerImpl (RaftServerImpl.java:setRole(171)) - b3c7b149-240e-4b69-a097-dee5cbed4f61:group-2A97339C0A27 changes role from CANDIDATE to LEADER at term 1 for changeToLeader
2019-09-12 11:35:45,922 [b3c7b149-240e-4b69-a097-dee5cbed4f61:group-527988A880B8:LeaderElection50] INFO  impl.RaftServerImpl (RaftServerImpl.java:setRole(171)) - b3c7b149-240e-4b69-a097-dee5cbed4f61:group-527988A880B8 changes role from CANDIDATE to LEADER at term 1 for changeToLeader
2019-09-12 11:35:45,922 [b3c7b149-240e-4b69-a097-dee5cbed4f61:group-B636CF25C19C:LeaderElection51] INFO  server.RaftServerConfigKeys (ConfUtils.java:logGet(43)) - raft.server.staging.catchup.gap = 1000 (default)
2019-09-12 11:35:45,922 [b3c7b149-240e-4b69-a097-dee5cbed4f61:group-2A97339C0A27:LeaderElection49] INFO  impl.RaftServerImpl (ServerState.java:setLeader(263)) - b3c7b149-240e-4b69-a097-dee5cbed4f61:group-2A97339C0A27 change Leader from null to b3c7b149-240e-4b69-a097-dee5cbed4f61 at term 1 for becomeLeader, leader elected after 5030ms
2019-09-12 11:35:45,923 [b3c7b149-240e-4b69-a097-dee5cbed4f61:group-B636CF25C19C:LeaderElection51] INFO  server.RaftServerConfigKeys (ConfUtils.java:logGet(43)) - raft.server.rpc.sleep.time = 25ms (default)
2019-09-12 11:35:45,922 [b3c7b149-240e-4b69-a097-dee5cbed4f61:group-527988A880B8:LeaderElection50] INFO  impl.RaftServerImpl (ServerState.java:setLeader(263)) - b3c7b149-240e-4b69-a097-dee5cbed4f61:group-527988A880B8 change Leader from null to b3c7b149-240e-4b69-a097-dee5cbed4f61 at term 1 for becomeLeader, leader elected after 5168ms
2019-09-12 11:35:45,923 [b3c7b149-240e-4b69-a097-dee5cbed4f61:group-B636CF25C19C:LeaderElection51] INFO  server.RaftServerConfigKeys (ConfUtils.java:logGet(43)) - raft.server.write.element-limit = 4096 (default)
2019-09-12 11:35:45,923 [b3c7b149-240e-4b69-a097-dee5cbed4f61:group-2A97339C0A27:LeaderElection49] INFO  server.RaftServerConfigKeys (ConfUtils.java:logGet(43)) - raft.server.staging.catchup.gap = 1000 (default)
2019-09-12 11:35:45,923 [b3c7b149-240e-4b69-a097-dee5cbed4f61:group-B636CF25C19C:LeaderElection51] INFO  server.RaftServerConfigKeys (ConfUtils.java:logGet(43)) - raft.server.watch.timeout = 10s (default)
2019-09-12 11:35:45,923 [b3c7b149-240e-4b69-a097-dee5cbed4f61:group-527988A880B8:LeaderElection50] INFO  server.RaftServerConfigKeys (ConfUtils.java:logGet(43)) - raft.server.staging.catchup.gap = 1000 (default)
2019-09-12 11:35:45,923 [b3c7b149-240e-4b69-a097-dee5cbed4f61:group-B636CF25C19C:LeaderElection51] INFO  server.RaftServerConfigKeys (ConfUtils.java:logGet(43)) - raft.server.watch.timeout.denomination = 1s (default)
2019-09-12 11:35:45,923 [b3c7b149-240e-4b69-a097-dee5cbed4f61:group-2A97339C0A27:LeaderElection49] INFO  server.RaftServerConfigKeys (ConfUtils.java:logGet(43)) - raft.server.rpc.sleep.time = 25ms (default)
2019-09-12 11:35:45,924 [b3c7b149-240e-4b69-a097-dee5cbed4f61:group-B636CF25C19C:LeaderElection51] INFO  server.RaftServerConfigKeys (ConfUtils.java:logGet(43)) - raft.server.watch.element-limit = 65536 (default)
2019-09-12 11:35:45,924 [b3c7b149-240e-4b69-a097-dee5cbed4f61:group-527988A880B8:LeaderElection50] INFO  server.RaftServerConfigKeys (ConfUtils.java:logGet(43)) - raft.server.rpc.sleep.time = 25ms (default)
2019-09-12 11:35:45,924 [b3c7b149-240e-4b69-a097-dee5cbed4f61:group-B636CF25C19C:LeaderElection51] INFO  impl.RoleInfo (RoleInfo.java:updateAndGet(143)) - b3c7b149-240e-4b69-a097-dee5cbed4f61: start LeaderState
2019-09-12 11:35:45,924 [b3c7b149-240e-4b69-a097-dee5cbed4f61:group-2A97339C0A27:LeaderElection49] INFO  server.RaftServerConfigKeys (ConfUtils.java:logGet(43)) - raft.server.write.element-limit = 4096 (default)
2019-09-12 11:35:45,924 [b3c7b149-240e-4b69-a097-dee5cbed4f61:group-527988A880B8:LeaderElection50] INFO  server.RaftServerConfigKeys (ConfUtils.java:logGet(43)) - raft.server.write.element-limit = 4096 (default)
2019-09-12 11:35:45,924 [b3c7b149-240e-4b69-a097-dee5cbed4f61:group-B636CF25C19C:LeaderElection51] INFO  segmented.SegmentedRaftLogWorker (SegmentedRaftLogWorker.java:startLogSegment(380)) - b3c7b149-240e-4b69-a097-dee5cbed4f61-SegmentedRaftLogWorker:Storage Directory /workdir/hadoop-ozone/ozonefs/target/test-dir/MiniOzoneClusterImpl-eef5df77-1b8f-4c52-a6bc-dd98b83f7990/datanode-2/data/ratis/3351ded0-45f4-4670-8d0f-b636cf25c19c: Starting segment from index:0
2019-09-12 11:35:45,924 [b3c7b149-240e-4b69-a097-dee5cbed4f61:group-2A97339C0A27:LeaderElection49] INFO  server.RaftServerConfigKeys (ConfUtils.java:logGet(43)) - raft.server.watch.timeout = 10s (default)
2019-09-12 11:35:45,924 [b3c7b149-240e-4b69-a097-dee5cbed4f61:group-527988A880B8:LeaderElection50] INFO  server.RaftServerConfigKeys (ConfUtils.java:logGet(43)) - raft.server.watch.timeout = 10s (default)
2019-09-12 11:35:45,925 [b3c7b149-240e-4b69-a097-dee5cbed4f61:group-2A97339C0A27:LeaderElection49] INFO  server.RaftServerConfigKeys (ConfUtils.java:logGet(43)) - raft.server.watch.timeout.denomination = 1s (default)
2019-09-12 11:35:45,925 [b3c7b149-240e-4b69-a097-dee5cbed4f61:group-527988A880B8:LeaderElection50] INFO  server.RaftServerConfigKeys (ConfUtils.java:logGet(43)) - raft.server.watch.timeout.denomination = 1s (default)
2019-09-12 11:35:45,925 [b3c7b149-240e-4b69-a097-dee5cbed4f61:group-B636CF25C19C:LeaderElection51] INFO  impl.RaftServerImpl (ServerState.java:setRaftConf(361)) - b3c7b149-240e-4b69-a097-dee5cbed4f61:group-B636CF25C19C set configuration 0: [b3c7b149-240e-4b69-a097-dee5cbed4f61:192.168.36.114:40870], old=null at 0
2019-09-12 11:35:45,925 [b3c7b149-240e-4b69-a097-dee5cbed4f61:group-2A97339C0A27:LeaderElection49] INFO  server.RaftServerConfigKeys (ConfUtils.java:logGet(43)) - raft.server.watch.element-limit = 65536 (default)
2019-09-12 11:35:45,925 [b3c7b149-240e-4b69-a097-dee5cbed4f61:group-527988A880B8:LeaderElection50] INFO  server.RaftServerConfigKeys (ConfUtils.java:logGet(43)) - raft.server.watch.element-limit = 65536 (default)
2019-09-12 11:35:45,925 [b3c7b149-240e-4b69-a097-dee5cbed4f61:group-2A97339C0A27:LeaderElection49] INFO  impl.RoleInfo (RoleInfo.java:updateAndGet(143)) - b3c7b149-240e-4b69-a097-dee5cbed4f61: start LeaderState
2019-09-12 11:35:45,926 [b3c7b149-240e-4b69-a097-dee5cbed4f61:group-527988A880B8:LeaderElection50] INFO  impl.RoleInfo (RoleInfo.java:updateAndGet(143)) - b3c7b149-240e-4b69-a097-dee5cbed4f61: start LeaderState
2019-09-12 11:35:45,926 [b3c7b149-240e-4b69-a097-dee5cbed4f61:group-2A97339C0A27:LeaderElection49] INFO  segmented.SegmentedRaftLogWorker (SegmentedRaftLogWorker.java:startLogSegment(380)) - b3c7b149-240e-4b69-a097-dee5cbed4f61-SegmentedRaftLogWorker:Storage Directory /workdir/hadoop-ozone/ozonefs/target/test-dir/MiniOzoneClusterImpl-eef5df77-1b8f-4c52-a6bc-dd98b83f7990/datanode-2/data/ratis/aed00129-e659-4f78-bc34-2a97339c0a27: Starting segment from index:0
2019-09-12 11:35:45,926 [b3c7b149-240e-4b69-a097-dee5cbed4f61:group-527988A880B8:LeaderElection50] INFO  segmented.SegmentedRaftLogWorker (SegmentedRaftLogWorker.java:startLogSegment(380)) - b3c7b149-240e-4b69-a097-dee5cbed4f61-SegmentedRaftLogWorker:Storage Directory /workdir/hadoop-ozone/ozonefs/target/test-dir/MiniOzoneClusterImpl-eef5df77-1b8f-4c52-a6bc-dd98b83f7990/datanode-2/data/ratis/068d5e8a-61d0-4c5c-a4f0-527988a880b8: Starting segment from index:0
2019-09-12 11:35:45,926 [b3c7b149-240e-4b69-a097-dee5cbed4f61:group-2A97339C0A27:LeaderElection49] INFO  impl.RaftServerImpl (ServerState.java:setRaftConf(361)) - b3c7b149-240e-4b69-a097-dee5cbed4f61:group-2A97339C0A27 set configuration 0: [b3c7b149-240e-4b69-a097-dee5cbed4f61:192.168.36.114:40870], old=null at 0
2019-09-12 11:35:45,926 [b3c7b149-240e-4b69-a097-dee5cbed4f61:group-527988A880B8:LeaderElection50] INFO  impl.RaftServerImpl (ServerState.java:setRaftConf(361)) - b3c7b149-240e-4b69-a097-dee5cbed4f61:group-527988A880B8 set configuration 0: [b3c7b149-240e-4b69-a097-dee5cbed4f61:192.168.36.114:40870], old=null at 0
2019-09-12 11:35:45,942 [Thread-756] INFO  impl.FollowerState (FollowerState.java:run(106)) - b3c7b149-240e-4b69-a097-dee5cbed4f61:group-A5D32B2EE9B4 changes to CANDIDATE, lastRpcTime:5140, electionTimeout:5140ms
2019-09-12 11:35:45,942 [Thread-756] INFO  impl.RoleInfo (RoleInfo.java:shutdownFollowerState(121)) - b3c7b149-240e-4b69-a097-dee5cbed4f61: shutdown FollowerState
2019-09-12 11:35:45,942 [Thread-756] INFO  impl.RaftServerImpl (RaftServerImpl.java:setRole(171)) - b3c7b149-240e-4b69-a097-dee5cbed4f61:group-A5D32B2EE9B4 changes role from FOLLOWER to CANDIDATE at term 0 for changeToCandidate
2019-09-12 11:35:45,942 [Thread-756] INFO  impl.RoleInfo (RoleInfo.java:updateAndGet(143)) - b3c7b149-240e-4b69-a097-dee5cbed4f61: start LeaderElection
2019-09-12 11:35:45,992 [Thread-765] INFO  impl.FollowerState (FollowerState.java:run(106)) - b3c7b149-240e-4b69-a097-dee5cbed4f61:group-70AE364601CD changes to CANDIDATE, lastRpcTime:5041, electionTimeout:5041ms
2019-09-12 11:35:45,992 [Thread-765] INFO  impl.RoleInfo (RoleInfo.java:shutdownFollowerState(121)) - b3c7b149-240e-4b69-a097-dee5cbed4f61: shutdown FollowerState
2019-09-12 11:35:45,992 [Thread-765] INFO  impl.RaftServerImpl (RaftServerImpl.java:setRole(171)) - b3c7b149-240e-4b69-a097-dee5cbed4f61:group-70AE364601CD changes role from FOLLOWER to CANDIDATE at term 0 for changeToCandidate
2019-09-12 11:35:45,992 [Thread-765] INFO  impl.RoleInfo (RoleInfo.java:updateAndGet(143)) - b3c7b149-240e-4b69-a097-dee5cbed4f61: start LeaderElection
2019-09-12 11:35:45,995 [b3c7b149-240e-4b69-a097-dee5cbed4f61-SegmentedRaftLogWorker:Storage Directory /workdir/hadoop-ozone/ozonefs/target/test-dir/MiniOzoneClusterImpl-eef5df77-1b8f-4c52-a6bc-dd98b83f7990/datanode-2/data/ratis/3351ded0-45f4-4670-8d0f-b636cf25c19c] INFO  segmented.SegmentedRaftLogWorker (SegmentedRaftLogWorker.java:execute(569)) - b3c7b149-240e-4b69-a097-dee5cbed4f61-SegmentedRaftLogWorker:Storage Directory /workdir/hadoop-ozone/ozonefs/target/test-dir/MiniOzoneClusterImpl-eef5df77-1b8f-4c52-a6bc-dd98b83f7990/datanode-2/data/ratis/3351ded0-45f4-4670-8d0f-b636cf25c19c: created new log segment /workdir/hadoop-ozone/ozonefs/target/test-dir/MiniOzoneClusterImpl-eef5df77-1b8f-4c52-a6bc-dd98b83f7990/datanode-2/data/ratis/3351ded0-45f4-4670-8d0f-b636cf25c19c/current/log_inprogress_0
2019-09-12 11:35:45,995 [b3c7b149-240e-4b69-a097-dee5cbed4f61-SegmentedRaftLogWorker:Storage Directory /workdir/hadoop-ozone/ozonefs/target/test-dir/MiniOzoneClusterImpl-eef5df77-1b8f-4c52-a6bc-dd98b83f7990/datanode-2/data/ratis/068d5e8a-61d0-4c5c-a4f0-527988a880b8] INFO  segmented.SegmentedRaftLogWorker (SegmentedRaftLogWorker.java:execute(569)) - b3c7b149-240e-4b69-a097-dee5cbed4f61-SegmentedRaftLogWorker:Storage Directory /workdir/hadoop-ozone/ozonefs/target/test-dir/MiniOzoneClusterImpl-eef5df77-1b8f-4c52-a6bc-dd98b83f7990/datanode-2/data/ratis/068d5e8a-61d0-4c5c-a4f0-527988a880b8: created new log segment /workdir/hadoop-ozone/ozonefs/target/test-dir/MiniOzoneClusterImpl-eef5df77-1b8f-4c52-a6bc-dd98b83f7990/datanode-2/data/ratis/068d5e8a-61d0-4c5c-a4f0-527988a880b8/current/log_inprogress_0
2019-09-12 11:35:45,995 [b3c7b149-240e-4b69-a097-dee5cbed4f61-SegmentedRaftLogWorker:Storage Directory /workdir/hadoop-ozone/ozonefs/target/test-dir/MiniOzoneClusterImpl-eef5df77-1b8f-4c52-a6bc-dd98b83f7990/datanode-2/data/ratis/aed00129-e659-4f78-bc34-2a97339c0a27] INFO  segmented.SegmentedRaftLogWorker (SegmentedRaftLogWorker.java:execute(569)) - b3c7b149-240e-4b69-a097-dee5cbed4f61-SegmentedRaftLogWorker:Storage Directory /workdir/hadoop-ozone/ozonefs/target/test-dir/MiniOzoneClusterImpl-eef5df77-1b8f-4c52-a6bc-dd98b83f7990/datanode-2/data/ratis/aed00129-e659-4f78-bc34-2a97339c0a27: created new log segment /workdir/hadoop-ozone/ozonefs/target/test-dir/MiniOzoneClusterImpl-eef5df77-1b8f-4c52-a6bc-dd98b83f7990/datanode-2/data/ratis/aed00129-e659-4f78-bc34-2a97339c0a27/current/log_inprogress_0
2019-09-12 11:35:45,995 [b3c7b149-240e-4b69-a097-dee5cbed4f61:group-A5D32B2EE9B4:LeaderElection52] INFO  impl.LeaderElection (LeaderElection.java:askForVotes(181)) - b3c7b149-240e-4b69-a097-dee5cbed4f61:group-A5D32B2EE9B4:LeaderElection52: begin an election at term 1 for -1: [b3c7b149-240e-4b69-a097-dee5cbed4f61:192.168.36.114:40870], old=null
2019-09-12 11:35:45,996 [b3c7b149-240e-4b69-a097-dee5cbed4f61:group-A5D32B2EE9B4:LeaderElection52] INFO  impl.RoleInfo (RoleInfo.java:shutdownLeaderElection(134)) - b3c7b149-240e-4b69-a097-dee5cbed4f61: shutdown LeaderElection
2019-09-12 11:35:45,996 [b3c7b149-240e-4b69-a097-dee5cbed4f61:group-A5D32B2EE9B4:LeaderElection52] INFO  impl.RaftServerImpl (RaftServerImpl.java:setRole(171)) - b3c7b149-240e-4b69-a097-dee5cbed4f61:group-A5D32B2EE9B4 changes role from CANDIDATE to LEADER at term 1 for changeToLeader
2019-09-12 11:35:45,996 [b3c7b149-240e-4b69-a097-dee5cbed4f61:group-A5D32B2EE9B4:LeaderElection52] INFO  impl.RaftServerImpl (ServerState.java:setLeader(263)) - b3c7b149-240e-4b69-a097-dee5cbed4f61:group-A5D32B2EE9B4 change Leader from null to b3c7b149-240e-4b69-a097-dee5cbed4f61 at term 1 for becomeLeader, leader elected after 5199ms
2019-09-12 11:35:45,996 [b3c7b149-240e-4b69-a097-dee5cbed4f61:group-A5D32B2EE9B4:LeaderElection52] INFO  server.RaftServerConfigKeys (ConfUtils.java:logGet(43)) - raft.server.staging.catchup.gap = 1000 (default)
2019-09-12 11:35:45,996 [b3c7b149-240e-4b69-a097-dee5cbed4f61:group-A5D32B2EE9B4:LeaderElection52] INFO  server.RaftServerConfigKeys (ConfUtils.java:logGet(43)) - raft.server.rpc.sleep.time = 25ms (default)
2019-09-12 11:35:45,997 [b3c7b149-240e-4b69-a097-dee5cbed4f61:group-A5D32B2EE9B4:LeaderElection52] INFO  server.RaftServerConfigKeys (ConfUtils.java:logGet(43)) - raft.server.write.element-limit = 4096 (default)
2019-09-12 11:35:45,997 [b3c7b149-240e-4b69-a097-dee5cbed4f61:group-A5D32B2EE9B4:LeaderElection52] INFO  server.RaftServerConfigKeys (ConfUtils.java:logGet(43)) - raft.server.watch.timeout = 10s (default)
2019-09-12 11:35:45,997 [b3c7b149-240e-4b69-a097-dee5cbed4f61:group-A5D32B2EE9B4:LeaderElection52] INFO  server.RaftServerConfigKeys (ConfUtils.java:logGet(43)) - raft.server.watch.timeout.denomination = 1s (default)
2019-09-12 11:35:45,997 [b3c7b149-240e-4b69-a097-dee5cbed4f61:group-A5D32B2EE9B4:LeaderElection52] INFO  server.RaftServerConfigKeys (ConfUtils.java:logGet(43)) - raft.server.watch.element-limit = 65536 (default)
2019-09-12 11:35:45,997 [b3c7b149-240e-4b69-a097-dee5cbed4f61:group-A5D32B2EE9B4:LeaderElection52] INFO  impl.RoleInfo (RoleInfo.java:updateAndGet(143)) - b3c7b149-240e-4b69-a097-dee5cbed4f61: start LeaderState
2019-09-12 11:35:45,998 [b3c7b149-240e-4b69-a097-dee5cbed4f61:group-A5D32B2EE9B4:LeaderElection52] INFO  segmented.SegmentedRaftLogWorker (SegmentedRaftLogWorker.java:startLogSegment(380)) - b3c7b149-240e-4b69-a097-dee5cbed4f61-SegmentedRaftLogWorker:Storage Directory /workdir/hadoop-ozone/ozonefs/target/test-dir/MiniOzoneClusterImpl-eef5df77-1b8f-4c52-a6bc-dd98b83f7990/datanode-2/data/ratis/9d77904f-1356-4db1-93c3-a5d32b2ee9b4: Starting segment from index:0
2019-09-12 11:35:45,998 [b3c7b149-240e-4b69-a097-dee5cbed4f61:group-A5D32B2EE9B4:LeaderElection52] INFO  impl.RaftServerImpl (ServerState.java:setRaftConf(361)) - b3c7b149-240e-4b69-a097-dee5cbed4f61:group-A5D32B2EE9B4 set configuration 0: [b3c7b149-240e-4b69-a097-dee5cbed4f61:192.168.36.114:40870], old=null at 0
2019-09-12 11:35:46,009 [b3c7b149-240e-4b69-a097-dee5cbed4f61:group-70AE364601CD:LeaderElection53] INFO  impl.LeaderElection (LeaderElection.java:askForVotes(181)) - b3c7b149-240e-4b69-a097-dee5cbed4f61:group-70AE364601CD:LeaderElection53: begin an election at term 1 for -1: [b3c7b149-240e-4b69-a097-dee5cbed4f61:192.168.36.114:40870], old=null
2019-09-12 11:35:46,009 [b3c7b149-240e-4b69-a097-dee5cbed4f61:group-70AE364601CD:LeaderElection53] INFO  impl.RoleInfo (RoleInfo.java:shutdownLeaderElection(134)) - b3c7b149-240e-4b69-a097-dee5cbed4f61: shutdown LeaderElection
2019-09-12 11:35:46,009 [b3c7b149-240e-4b69-a097-dee5cbed4f61:group-70AE364601CD:LeaderElection53] INFO  impl.RaftServerImpl (RaftServerImpl.java:setRole(171)) - b3c7b149-240e-4b69-a097-dee5cbed4f61:group-70AE364601CD changes role from CANDIDATE to LEADER at term 1 for changeToLeader
2019-09-12 11:35:46,010 [b3c7b149-240e-4b69-a097-dee5cbed4f61:group-70AE364601CD:LeaderElection53] INFO  impl.RaftServerImpl (ServerState.java:setLeader(263)) - b3c7b149-240e-4b69-a097-dee5cbed4f61:group-70AE364601CD change Leader from null to b3c7b149-240e-4b69-a097-dee5cbed4f61 at term 1 for becomeLeader, leader elected after 5063ms
2019-09-12 11:35:46,010 [b3c7b149-240e-4b69-a097-dee5cbed4f61:group-70AE364601CD:LeaderElection53] INFO  server.RaftServerConfigKeys (ConfUtils.java:logGet(43)) - raft.server.staging.catchup.gap = 1000 (default)
2019-09-12 11:35:46,010 [b3c7b149-240e-4b69-a097-dee5cbed4f61:group-70AE364601CD:LeaderElection53] INFO  server.RaftServerConfigKeys (ConfUtils.java:logGet(43)) - raft.server.rpc.sleep.time = 25ms (default)
2019-09-12 11:35:46,010 [b3c7b149-240e-4b69-a097-dee5cbed4f61:group-70AE364601CD:LeaderElection53] INFO  server.RaftServerConfigKeys (ConfUtils.java:logGet(43)) - raft.server.write.element-limit = 4096 (default)
2019-09-12 11:35:46,010 [b3c7b149-240e-4b69-a097-dee5cbed4f61:group-70AE364601CD:LeaderElection53] INFO  server.RaftServerConfigKeys (ConfUtils.java:logGet(43)) - raft.server.watch.timeout = 10s (default)
2019-09-12 11:35:46,011 [b3c7b149-240e-4b69-a097-dee5cbed4f61:group-70AE364601CD:LeaderElection53] INFO  server.RaftServerConfigKeys (ConfUtils.java:logGet(43)) - raft.server.watch.timeout.denomination = 1s (default)
2019-09-12 11:35:46,011 [b3c7b149-240e-4b69-a097-dee5cbed4f61:group-70AE364601CD:LeaderElection53] INFO  server.RaftServerConfigKeys (ConfUtils.java:logGet(43)) - raft.server.watch.element-limit = 65536 (default)
2019-09-12 11:35:46,011 [b3c7b149-240e-4b69-a097-dee5cbed4f61:group-70AE364601CD:LeaderElection53] INFO  impl.RoleInfo (RoleInfo.java:updateAndGet(143)) - b3c7b149-240e-4b69-a097-dee5cbed4f61: start LeaderState
2019-09-12 11:35:46,011 [b3c7b149-240e-4b69-a097-dee5cbed4f61:group-70AE364601CD:LeaderElection53] INFO  segmented.SegmentedRaftLogWorker (SegmentedRaftLogWorker.java:startLogSegment(380)) - b3c7b149-240e-4b69-a097-dee5cbed4f61-SegmentedRaftLogWorker:Storage Directory /workdir/hadoop-ozone/ozonefs/target/test-dir/MiniOzoneClusterImpl-eef5df77-1b8f-4c52-a6bc-dd98b83f7990/datanode-2/data/ratis/f197cd77-92a6-4ef5-b461-70ae364601cd: Starting segment from index:0
2019-09-12 11:35:46,012 [b3c7b149-240e-4b69-a097-dee5cbed4f61:group-70AE364601CD:LeaderElection53] INFO  impl.RaftServerImpl (ServerState.java:setRaftConf(361)) - b3c7b149-240e-4b69-a097-dee5cbed4f61:group-70AE364601CD set configuration 0: [b3c7b149-240e-4b69-a097-dee5cbed4f61:192.168.36.114:40870], old=null at 0
2019-09-12 11:35:46,038 [b3c7b149-240e-4b69-a097-dee5cbed4f61-SegmentedRaftLogWorker:Storage Directory /workdir/hadoop-ozone/ozonefs/target/test-dir/MiniOzoneClusterImpl-eef5df77-1b8f-4c52-a6bc-dd98b83f7990/datanode-2/data/ratis/9d77904f-1356-4db1-93c3-a5d32b2ee9b4] INFO  segmented.SegmentedRaftLogWorker (SegmentedRaftLogWorker.java:execute(569)) - b3c7b149-240e-4b69-a097-dee5cbed4f61-SegmentedRaftLogWorker:Storage Directory /workdir/hadoop-ozone/ozonefs/target/test-dir/MiniOzoneClusterImpl-eef5df77-1b8f-4c52-a6bc-dd98b83f7990/datanode-2/data/ratis/9d77904f-1356-4db1-93c3-a5d32b2ee9b4: created new log segment /workdir/hadoop-ozone/ozonefs/target/test-dir/MiniOzoneClusterImpl-eef5df77-1b8f-4c52-a6bc-dd98b83f7990/datanode-2/data/ratis/9d77904f-1356-4db1-93c3-a5d32b2ee9b4/current/log_inprogress_0
2019-09-12 11:35:46,038 [b3c7b149-240e-4b69-a097-dee5cbed4f61-SegmentedRaftLogWorker:Storage Directory /workdir/hadoop-ozone/ozonefs/target/test-dir/MiniOzoneClusterImpl-eef5df77-1b8f-4c52-a6bc-dd98b83f7990/datanode-2/data/ratis/f197cd77-92a6-4ef5-b461-70ae364601cd] INFO  segmented.SegmentedRaftLogWorker (SegmentedRaftLogWorker.java:execute(569)) - b3c7b149-240e-4b69-a097-dee5cbed4f61-SegmentedRaftLogWorker:Storage Directory /workdir/hadoop-ozone/ozonefs/target/test-dir/MiniOzoneClusterImpl-eef5df77-1b8f-4c52-a6bc-dd98b83f7990/datanode-2/data/ratis/f197cd77-92a6-4ef5-b461-70ae364601cd: created new log segment /workdir/hadoop-ozone/ozonefs/target/test-dir/MiniOzoneClusterImpl-eef5df77-1b8f-4c52-a6bc-dd98b83f7990/datanode-2/data/ratis/f197cd77-92a6-4ef5-b461-70ae364601cd/current/log_inprogress_0
2019-09-12 11:35:46,053 [Thread-759] INFO  impl.FollowerState (FollowerState.java:run(106)) - b3c7b149-240e-4b69-a097-dee5cbed4f61:group-F6D5F2FEABC2 changes to CANDIDATE, lastRpcTime:5200, electionTimeout:5200ms
2019-09-12 11:35:46,053 [Thread-759] INFO  impl.RoleInfo (RoleInfo.java:shutdownFollowerState(121)) - b3c7b149-240e-4b69-a097-dee5cbed4f61: shutdown FollowerState
2019-09-12 11:35:46,053 [Thread-759] INFO  impl.RaftServerImpl (RaftServerImpl.java:setRole(171)) - b3c7b149-240e-4b69-a097-dee5cbed4f61:group-F6D5F2FEABC2 changes role from FOLLOWER to CANDIDATE at term 0 for changeToCandidate
2019-09-12 11:35:46,053 [Thread-759] INFO  impl.RoleInfo (RoleInfo.java:updateAndGet(143)) - b3c7b149-240e-4b69-a097-dee5cbed4f61: start LeaderElection
2019-09-12 11:35:46,068 [b3c7b149-240e-4b69-a097-dee5cbed4f61:group-F6D5F2FEABC2:LeaderElection54] INFO  impl.LeaderElection (LeaderElection.java:askForVotes(181)) - b3c7b149-240e-4b69-a097-dee5cbed4f61:group-F6D5F2FEABC2:LeaderElection54: begin an election at term 1 for -1: [b3c7b149-240e-4b69-a097-dee5cbed4f61:192.168.36.114:40870], old=null
2019-09-12 11:35:46,069 [b3c7b149-240e-4b69-a097-dee5cbed4f61:group-F6D5F2FEABC2:LeaderElection54] INFO  impl.RoleInfo (RoleInfo.java:shutdownLeaderElection(134)) - b3c7b149-240e-4b69-a097-dee5cbed4f61: shutdown LeaderElection
2019-09-12 11:35:46,069 [b3c7b149-240e-4b69-a097-dee5cbed4f61:group-F6D5F2FEABC2:LeaderElection54] INFO  impl.RaftServerImpl (RaftServerImpl.java:setRole(171)) - b3c7b149-240e-4b69-a097-dee5cbed4f61:group-F6D5F2FEABC2 changes role from CANDIDATE to LEADER at term 1 for changeToLeader
2019-09-12 11:35:46,069 [b3c7b149-240e-4b69-a097-dee5cbed4f61:group-F6D5F2FEABC2:LeaderElection54] INFO  impl.RaftServerImpl (ServerState.java:setLeader(263)) - b3c7b149-240e-4b69-a097-dee5cbed4f61:group-F6D5F2FEABC2 change Leader from null to b3c7b149-240e-4b69-a097-dee5cbed4f61 at term 1 for becomeLeader, leader elected after 5220ms
2019-09-12 11:35:46,069 [b3c7b149-240e-4b69-a097-dee5cbed4f61:group-F6D5F2FEABC2:LeaderElection54] INFO  server.RaftServerConfigKeys (ConfUtils.java:logGet(43)) - raft.server.staging.catchup.gap = 1000 (default)
2019-09-12 11:35:46,069 [b3c7b149-240e-4b69-a097-dee5cbed4f61:group-F6D5F2FEABC2:LeaderElection54] INFO  server.RaftServerConfigKeys (ConfUtils.java:logGet(43)) - raft.server.rpc.sleep.time = 25ms (default)
2019-09-12 11:35:46,070 [b3c7b149-240e-4b69-a097-dee5cbed4f61:group-F6D5F2FEABC2:LeaderElection54] INFO  server.RaftServerConfigKeys (ConfUtils.java:logGet(43)) - raft.server.write.element-limit = 4096 (default)
2019-09-12 11:35:46,070 [b3c7b149-240e-4b69-a097-dee5cbed4f61:group-F6D5F2FEABC2:LeaderElection54] INFO  server.RaftServerConfigKeys (ConfUtils.java:logGet(43)) - raft.server.watch.timeout = 10s (default)
2019-09-12 11:35:46,070 [b3c7b149-240e-4b69-a097-dee5cbed4f61:group-F6D5F2FEABC2:LeaderElection54] INFO  server.RaftServerConfigKeys (ConfUtils.java:logGet(43)) - raft.server.watch.timeout.denomination = 1s (default)
2019-09-12 11:35:46,070 [b3c7b149-240e-4b69-a097-dee5cbed4f61:group-F6D5F2FEABC2:LeaderElection54] INFO  server.RaftServerConfigKeys (ConfUtils.java:logGet(43)) - raft.server.watch.element-limit = 65536 (default)
2019-09-12 11:35:46,070 [b3c7b149-240e-4b69-a097-dee5cbed4f61:group-F6D5F2FEABC2:LeaderElection54] INFO  impl.RoleInfo (RoleInfo.java:updateAndGet(143)) - b3c7b149-240e-4b69-a097-dee5cbed4f61: start LeaderState
2019-09-12 11:35:46,071 [b3c7b149-240e-4b69-a097-dee5cbed4f61:group-F6D5F2FEABC2:LeaderElection54] INFO  segmented.SegmentedRaftLogWorker (SegmentedRaftLogWorker.java:startLogSegment(380)) - b3c7b149-240e-4b69-a097-dee5cbed4f61-SegmentedRaftLogWorker:Storage Directory /workdir/hadoop-ozone/ozonefs/target/test-dir/MiniOzoneClusterImpl-eef5df77-1b8f-4c52-a6bc-dd98b83f7990/datanode-2/data/ratis/5612f635-1985-43e3-917f-f6d5f2feabc2: Starting segment from index:0
2019-09-12 11:35:46,071 [b3c7b149-240e-4b69-a097-dee5cbed4f61:group-F6D5F2FEABC2:LeaderElection54] INFO  impl.RaftServerImpl (ServerState.java:setRaftConf(361)) - b3c7b149-240e-4b69-a097-dee5cbed4f61:group-F6D5F2FEABC2 set configuration 0: [b3c7b149-240e-4b69-a097-dee5cbed4f61:192.168.36.114:40870], old=null at 0
2019-09-12 11:35:46,130 [b3c7b149-240e-4b69-a097-dee5cbed4f61-SegmentedRaftLogWorker:Storage Directory /workdir/hadoop-ozone/ozonefs/target/test-dir/MiniOzoneClusterImpl-eef5df77-1b8f-4c52-a6bc-dd98b83f7990/datanode-2/data/ratis/5612f635-1985-43e3-917f-f6d5f2feabc2] INFO  segmented.SegmentedRaftLogWorker (SegmentedRaftLogWorker.java:execute(569)) - b3c7b149-240e-4b69-a097-dee5cbed4f61-SegmentedRaftLogWorker:Storage Directory /workdir/hadoop-ozone/ozonefs/target/test-dir/MiniOzoneClusterImpl-eef5df77-1b8f-4c52-a6bc-dd98b83f7990/datanode-2/data/ratis/5612f635-1985-43e3-917f-f6d5f2feabc2: created new log segment /workdir/hadoop-ozone/ozonefs/target/test-dir/MiniOzoneClusterImpl-eef5df77-1b8f-4c52-a6bc-dd98b83f7990/datanode-2/data/ratis/5612f635-1985-43e3-917f-f6d5f2feabc2/current/log_inprogress_0
2019-09-12 11:35:46,482 | INFO  | SCMAudit | user=jenkins1000 | ip=192.168.36.114 | op=SEND_HEARTBEAT {datanodeUUID=b3c7b149-240e-4b69-a097-dee5cbed4f61, command=[]} | ret=SUCCESS |  
2019-09-12 11:35:46,778 [Thread-540] INFO  ozoneimpl.OzoneContainer (OzoneContainer.java:stop(199)) - Attempting to stop container services.
2019-09-12 11:35:46,778 [ForkJoinPool.commonPool-worker-1] INFO  ozoneimpl.OzoneContainer (OzoneContainer.java:stop(199)) - Attempting to stop container services.
2019-09-12 11:35:46,779 [Thread-540] INFO  impl.RaftServerProxy (RaftServerProxy.java:lambda$close$4(314)) - 3a95b4ad-2c75-4701-886b-3e35cc487dd8: close
2019-09-12 11:35:46,779 [ForkJoinPool.commonPool-worker-1] INFO  impl.RaftServerProxy (RaftServerProxy.java:lambda$close$4(314)) - 68babcc3-18e0-4d97-99ff-fca6904ee00c: close
2019-09-12 11:35:46,779 [Thread-540] INFO  impl.RaftServerImpl (RaftServerImpl.java:lambda$shutdown$3(245)) - 3a95b4ad-2c75-4701-886b-3e35cc487dd8: shutdown group-E2B0E5A513D2
2019-09-12 11:35:46,779 [ForkJoinPool.commonPool-worker-1] INFO  impl.RaftServerImpl (RaftServerImpl.java:lambda$shutdown$3(245)) - 68babcc3-18e0-4d97-99ff-fca6904ee00c: shutdown group-20D1D0B8C7D4
2019-09-12 11:35:46,779 [Thread-540] INFO  util.JmxRegister (JmxRegister.java:unregister(73)) - Successfully un-registered JMX Bean with object name Ratis:service=RaftServer,group=group-E2B0E5A513D2,id=3a95b4ad-2c75-4701-886b-3e35cc487dd8
2019-09-12 11:35:46,780 [ForkJoinPool.commonPool-worker-1] INFO  util.JmxRegister (JmxRegister.java:unregister(73)) - Successfully un-registered JMX Bean with object name Ratis:service=RaftServer,group=group-20D1D0B8C7D4,id=68babcc3-18e0-4d97-99ff-fca6904ee00c
2019-09-12 11:35:46,780 [Thread-540] INFO  impl.RoleInfo (RoleInfo.java:shutdownLeaderState(104)) - 3a95b4ad-2c75-4701-886b-3e35cc487dd8: shutdown LeaderState
2019-09-12 11:35:46,780 [ForkJoinPool.commonPool-worker-1] INFO  impl.RoleInfo (RoleInfo.java:shutdownLeaderState(104)) - 68babcc3-18e0-4d97-99ff-fca6904ee00c: shutdown LeaderState
2019-09-12 11:35:46,781 [Thread-540] INFO  impl.PendingRequests (PendingRequests.java:sendNotLeaderResponses(202)) - 3a95b4ad-2c75-4701-886b-3e35cc487dd8-PendingRequests: sendNotLeaderResponses
2019-09-12 11:35:46,781 [ForkJoinPool.commonPool-worker-1] INFO  impl.PendingRequests (PendingRequests.java:sendNotLeaderResponses(202)) - 68babcc3-18e0-4d97-99ff-fca6904ee00c-PendingRequests: sendNotLeaderResponses
2019-09-12 11:35:46,781 [Thread-540] INFO  impl.StateMachineUpdater (StateMachineUpdater.java:stopAndJoin(115)) - StateMachineUpdater:3a95b4ad-2c75-4701-886b-3e35cc487dd8:group-E2B0E5A513D2: set stopIndex = 0
2019-09-12 11:35:46,782 [ForkJoinPool.commonPool-worker-1] INFO  impl.StateMachineUpdater (StateMachineUpdater.java:stopAndJoin(115)) - StateMachineUpdater:68babcc3-18e0-4d97-99ff-fca6904ee00c:group-20D1D0B8C7D4: set stopIndex = 0
2019-09-12 11:35:46,782 [Thread-540] INFO  impl.RaftServerImpl (ServerState.java:close(394)) - 3a95b4ad-2c75-4701-886b-3e35cc487dd8:group-E2B0E5A513D2 closes. The last applied log index is 0
2019-09-12 11:35:46,782 [ForkJoinPool.commonPool-worker-1] INFO  impl.RaftServerImpl (ServerState.java:close(394)) - 68babcc3-18e0-4d97-99ff-fca6904ee00c:group-20D1D0B8C7D4 closes. The last applied log index is 0
2019-09-12 11:35:46,783 [3a95b4ad-2c75-4701-886b-3e35cc487dd8-SegmentedRaftLogWorker:Storage Directory /workdir/hadoop-ozone/ozonefs/target/test-dir/MiniOzoneClusterImpl-eef5df77-1b8f-4c52-a6bc-dd98b83f7990/datanode-1/data/ratis/fb67345e-0053-4490-905f-e2b0e5a513d2] INFO  segmented.SegmentedRaftLogWorker (SegmentedRaftLogWorker.java:run(313)) - 3a95b4ad-2c75-4701-886b-3e35cc487dd8-SegmentedRaftLogWorker:Storage Directory /workdir/hadoop-ozone/ozonefs/target/test-dir/MiniOzoneClusterImpl-eef5df77-1b8f-4c52-a6bc-dd98b83f7990/datanode-1/data/ratis/fb67345e-0053-4490-905f-e2b0e5a513d2 was interrupted, exiting. There are 0 tasks remaining in the queue.
2019-09-12 11:35:46,783 [68babcc3-18e0-4d97-99ff-fca6904ee00c-SegmentedRaftLogWorker:Storage Directory /workdir/hadoop-ozone/ozonefs/target/test-dir/MiniOzoneClusterImpl-eef5df77-1b8f-4c52-a6bc-dd98b83f7990/datanode-0/data/ratis/ceb35cb9-967d-426e-b141-20d1d0b8c7d4] INFO  segmented.SegmentedRaftLogWorker (SegmentedRaftLogWorker.java:run(313)) - 68babcc3-18e0-4d97-99ff-fca6904ee00c-SegmentedRaftLogWorker:Storage Directory /workdir/hadoop-ozone/ozonefs/target/test-dir/MiniOzoneClusterImpl-eef5df77-1b8f-4c52-a6bc-dd98b83f7990/datanode-0/data/ratis/ceb35cb9-967d-426e-b141-20d1d0b8c7d4 was interrupted, exiting. There are 0 tasks remaining in the queue.
2019-09-12 11:35:46,783 [Thread-540] INFO  segmented.SegmentedRaftLogWorker (SegmentedRaftLogWorker.java:close(228)) - 3a95b4ad-2c75-4701-886b-3e35cc487dd8-SegmentedRaftLogWorker:Storage Directory /workdir/hadoop-ozone/ozonefs/target/test-dir/MiniOzoneClusterImpl-eef5df77-1b8f-4c52-a6bc-dd98b83f7990/datanode-1/data/ratis/fb67345e-0053-4490-905f-e2b0e5a513d2 close()
2019-09-12 11:35:46,784 [ForkJoinPool.commonPool-worker-1] INFO  segmented.SegmentedRaftLogWorker (SegmentedRaftLogWorker.java:close(228)) - 68babcc3-18e0-4d97-99ff-fca6904ee00c-SegmentedRaftLogWorker:Storage Directory /workdir/hadoop-ozone/ozonefs/target/test-dir/MiniOzoneClusterImpl-eef5df77-1b8f-4c52-a6bc-dd98b83f7990/datanode-0/data/ratis/ceb35cb9-967d-426e-b141-20d1d0b8c7d4 close()
2019-09-12 11:35:46,786 [Thread-540] INFO  impl.RaftServerImpl (RaftServerImpl.java:lambda$shutdown$3(245)) - 3a95b4ad-2c75-4701-886b-3e35cc487dd8: shutdown group-88A10060EA63
2019-09-12 11:35:46,787 [ForkJoinPool.commonPool-worker-1] INFO  impl.RaftServerImpl (RaftServerImpl.java:lambda$shutdown$3(245)) - 68babcc3-18e0-4d97-99ff-fca6904ee00c: shutdown group-A615E94E8ADB
2019-09-12 11:35:46,787 [Thread-540] INFO  util.JmxRegister (JmxRegister.java:unregister(73)) - Successfully un-registered JMX Bean with object name Ratis:service=RaftServer,group=group-88A10060EA63,id=3a95b4ad-2c75-4701-886b-3e35cc487dd8
2019-09-12 11:35:46,788 [Thread-540] INFO  impl.RoleInfo (RoleInfo.java:shutdownLeaderState(104)) - 3a95b4ad-2c75-4701-886b-3e35cc487dd8: shutdown LeaderState
2019-09-12 11:35:46,788 [ForkJoinPool.commonPool-worker-1] INFO  util.JmxRegister (JmxRegister.java:unregister(73)) - Successfully un-registered JMX Bean with object name Ratis:service=RaftServer,group=group-A615E94E8ADB,id=68babcc3-18e0-4d97-99ff-fca6904ee00c
2019-09-12 11:35:46,788 [Thread-540] INFO  impl.PendingRequests (PendingRequests.java:sendNotLeaderResponses(202)) - 3a95b4ad-2c75-4701-886b-3e35cc487dd8-PendingRequests: sendNotLeaderResponses
2019-09-12 11:35:46,789 [ForkJoinPool.commonPool-worker-1] INFO  impl.RoleInfo (RoleInfo.java:shutdownLeaderState(104)) - 68babcc3-18e0-4d97-99ff-fca6904ee00c: shutdown LeaderState
2019-09-12 11:35:46,789 [Thread-540] INFO  impl.StateMachineUpdater (StateMachineUpdater.java:stopAndJoin(115)) - StateMachineUpdater:3a95b4ad-2c75-4701-886b-3e35cc487dd8:group-88A10060EA63: set stopIndex = 0
2019-09-12 11:35:46,789 [ForkJoinPool.commonPool-worker-1] INFO  impl.PendingRequests (PendingRequests.java:sendNotLeaderResponses(202)) - 68babcc3-18e0-4d97-99ff-fca6904ee00c-PendingRequests: sendNotLeaderResponses
2019-09-12 11:35:46,790 [Thread-540] INFO  impl.RaftServerImpl (ServerState.java:close(394)) - 3a95b4ad-2c75-4701-886b-3e35cc487dd8:group-88A10060EA63 closes. The last applied log index is 0
2019-09-12 11:35:46,790 [ForkJoinPool.commonPool-worker-1] INFO  impl.StateMachineUpdater (StateMachineUpdater.java:stopAndJoin(115)) - StateMachineUpdater:68babcc3-18e0-4d97-99ff-fca6904ee00c:group-A615E94E8ADB: set stopIndex = 0
2019-09-12 11:35:46,790 [3a95b4ad-2c75-4701-886b-3e35cc487dd8-SegmentedRaftLogWorker:Storage Directory /workdir/hadoop-ozone/ozonefs/target/test-dir/MiniOzoneClusterImpl-eef5df77-1b8f-4c52-a6bc-dd98b83f7990/datanode-1/data/ratis/8c799432-8d91-4c1c-ada6-88a10060ea63] INFO  segmented.SegmentedRaftLogWorker (SegmentedRaftLogWorker.java:run(313)) - 3a95b4ad-2c75-4701-886b-3e35cc487dd8-SegmentedRaftLogWorker:Storage Directory /workdir/hadoop-ozone/ozonefs/target/test-dir/MiniOzoneClusterImpl-eef5df77-1b8f-4c52-a6bc-dd98b83f7990/datanode-1/data/ratis/8c799432-8d91-4c1c-ada6-88a10060ea63 was interrupted, exiting. There are 0 tasks remaining in the queue.
2019-09-12 11:35:46,790 [ForkJoinPool.commonPool-worker-1] INFO  impl.RaftServerImpl (ServerState.java:close(394)) - 68babcc3-18e0-4d97-99ff-fca6904ee00c:group-A615E94E8ADB closes. The last applied log index is 0
2019-09-12 11:35:46,791 [Thread-540] INFO  segmented.SegmentedRaftLogWorker (SegmentedRaftLogWorker.java:close(228)) - 3a95b4ad-2c75-4701-886b-3e35cc487dd8-SegmentedRaftLogWorker:Storage Directory /workdir/hadoop-ozone/ozonefs/target/test-dir/MiniOzoneClusterImpl-eef5df77-1b8f-4c52-a6bc-dd98b83f7990/datanode-1/data/ratis/8c799432-8d91-4c1c-ada6-88a10060ea63 close()
2019-09-12 11:35:46,791 [68babcc3-18e0-4d97-99ff-fca6904ee00c-SegmentedRaftLogWorker:Storage Directory /workdir/hadoop-ozone/ozonefs/target/test-dir/MiniOzoneClusterImpl-eef5df77-1b8f-4c52-a6bc-dd98b83f7990/datanode-0/data/ratis/a6207237-b9a9-4765-bc0d-a615e94e8adb] INFO  segmented.SegmentedRaftLogWorker (SegmentedRaftLogWorker.java:run(313)) - 68babcc3-18e0-4d97-99ff-fca6904ee00c-SegmentedRaftLogWorker:Storage Directory /workdir/hadoop-ozone/ozonefs/target/test-dir/MiniOzoneClusterImpl-eef5df77-1b8f-4c52-a6bc-dd98b83f7990/datanode-0/data/ratis/a6207237-b9a9-4765-bc0d-a615e94e8adb was interrupted, exiting. There are 0 tasks remaining in the queue.
2019-09-12 11:35:46,792 [Thread-540] INFO  impl.RaftServerImpl (RaftServerImpl.java:lambda$shutdown$3(245)) - 3a95b4ad-2c75-4701-886b-3e35cc487dd8: shutdown group-1D0090335B36
2019-09-12 11:35:46,793 [ForkJoinPool.commonPool-worker-1] INFO  segmented.SegmentedRaftLogWorker (SegmentedRaftLogWorker.java:close(228)) - 68babcc3-18e0-4d97-99ff-fca6904ee00c-SegmentedRaftLogWorker:Storage Directory /workdir/hadoop-ozone/ozonefs/target/test-dir/MiniOzoneClusterImpl-eef5df77-1b8f-4c52-a6bc-dd98b83f7990/datanode-0/data/ratis/a6207237-b9a9-4765-bc0d-a615e94e8adb close()
2019-09-12 11:35:46,793 [Thread-540] INFO  util.JmxRegister (JmxRegister.java:unregister(73)) - Successfully un-registered JMX Bean with object name Ratis:service=RaftServer,group=group-1D0090335B36,id=3a95b4ad-2c75-4701-886b-3e35cc487dd8
2019-09-12 11:35:46,794 [ForkJoinPool.commonPool-worker-1] INFO  impl.RaftServerImpl (RaftServerImpl.java:lambda$shutdown$3(245)) - 68babcc3-18e0-4d97-99ff-fca6904ee00c: shutdown group-633DAA83DC9D
2019-09-12 11:35:46,794 [Thread-540] INFO  impl.RoleInfo (RoleInfo.java:shutdownLeaderState(104)) - 3a95b4ad-2c75-4701-886b-3e35cc487dd8: shutdown LeaderState
2019-09-12 11:35:46,795 [ForkJoinPool.commonPool-worker-1] INFO  util.JmxRegister (JmxRegister.java:unregister(73)) - Successfully un-registered JMX Bean with object name Ratis:service=RaftServer,group=group-633DAA83DC9D,id=68babcc3-18e0-4d97-99ff-fca6904ee00c
2019-09-12 11:35:46,795 [Thread-540] INFO  impl.PendingRequests (PendingRequests.java:sendNotLeaderResponses(202)) - 3a95b4ad-2c75-4701-886b-3e35cc487dd8-PendingRequests: sendNotLeaderResponses
2019-09-12 11:35:46,795 [ForkJoinPool.commonPool-worker-1] INFO  impl.RoleInfo (RoleInfo.java:shutdownLeaderState(104)) - 68babcc3-18e0-4d97-99ff-fca6904ee00c: shutdown LeaderState
2019-09-12 11:35:46,796 [Thread-540] INFO  impl.StateMachineUpdater (StateMachineUpdater.java:stopAndJoin(115)) - StateMachineUpdater:3a95b4ad-2c75-4701-886b-3e35cc487dd8:group-1D0090335B36: set stopIndex = 0
2019-09-12 11:35:46,796 [ForkJoinPool.commonPool-worker-1] INFO  impl.PendingRequests (PendingRequests.java:sendNotLeaderResponses(202)) - 68babcc3-18e0-4d97-99ff-fca6904ee00c-PendingRequests: sendNotLeaderResponses
2019-09-12 11:35:46,796 [Thread-540] INFO  impl.RaftServerImpl (ServerState.java:close(394)) - 3a95b4ad-2c75-4701-886b-3e35cc487dd8:group-1D0090335B36 closes. The last applied log index is 0
2019-09-12 11:35:46,797 [ForkJoinPool.commonPool-worker-1] INFO  impl.StateMachineUpdater (StateMachineUpdater.java:stopAndJoin(115)) - StateMachineUpdater:68babcc3-18e0-4d97-99ff-fca6904ee00c:group-633DAA83DC9D: set stopIndex = 0
2019-09-12 11:35:46,797 [3a95b4ad-2c75-4701-886b-3e35cc487dd8-SegmentedRaftLogWorker:Storage Directory /workdir/hadoop-ozone/ozonefs/target/test-dir/MiniOzoneClusterImpl-eef5df77-1b8f-4c52-a6bc-dd98b83f7990/datanode-1/data/ratis/c7a0ec5f-305e-4e9f-a8d8-1d0090335b36] INFO  segmented.SegmentedRaftLogWorker (SegmentedRaftLogWorker.java:run(313)) - 3a95b4ad-2c75-4701-886b-3e35cc487dd8-SegmentedRaftLogWorker:Storage Directory /workdir/hadoop-ozone/ozonefs/target/test-dir/MiniOzoneClusterImpl-eef5df77-1b8f-4c52-a6bc-dd98b83f7990/datanode-1/data/ratis/c7a0ec5f-305e-4e9f-a8d8-1d0090335b36 was interrupted, exiting. There are 0 tasks remaining in the queue.
2019-09-12 11:35:46,797 [ForkJoinPool.commonPool-worker-1] INFO  impl.RaftServerImpl (ServerState.java:close(394)) - 68babcc3-18e0-4d97-99ff-fca6904ee00c:group-633DAA83DC9D closes. The last applied log index is 0
2019-09-12 11:35:46,797 [Thread-540] INFO  segmented.SegmentedRaftLogWorker (SegmentedRaftLogWorker.java:close(228)) - 3a95b4ad-2c75-4701-886b-3e35cc487dd8-SegmentedRaftLogWorker:Storage Directory /workdir/hadoop-ozone/ozonefs/target/test-dir/MiniOzoneClusterImpl-eef5df77-1b8f-4c52-a6bc-dd98b83f7990/datanode-1/data/ratis/c7a0ec5f-305e-4e9f-a8d8-1d0090335b36 close()
2019-09-12 11:35:46,798 [68babcc3-18e0-4d97-99ff-fca6904ee00c-SegmentedRaftLogWorker:Storage Directory /workdir/hadoop-ozone/ozonefs/target/test-dir/MiniOzoneClusterImpl-eef5df77-1b8f-4c52-a6bc-dd98b83f7990/datanode-0/data/ratis/75af3c99-e256-422b-a609-633daa83dc9d] INFO  segmented.SegmentedRaftLogWorker (SegmentedRaftLogWorker.java:run(313)) - 68babcc3-18e0-4d97-99ff-fca6904ee00c-SegmentedRaftLogWorker:Storage Directory /workdir/hadoop-ozone/ozonefs/target/test-dir/MiniOzoneClusterImpl-eef5df77-1b8f-4c52-a6bc-dd98b83f7990/datanode-0/data/ratis/75af3c99-e256-422b-a609-633daa83dc9d was interrupted, exiting. There are 0 tasks remaining in the queue.
2019-09-12 11:35:46,799 [Thread-540] INFO  impl.RaftServerImpl (RaftServerImpl.java:lambda$shutdown$3(245)) - 3a95b4ad-2c75-4701-886b-3e35cc487dd8: shutdown group-E15FE24FC6F1
2019-09-12 11:35:46,799 [ForkJoinPool.commonPool-worker-1] INFO  segmented.SegmentedRaftLogWorker (SegmentedRaftLogWorker.java:close(228)) - 68babcc3-18e0-4d97-99ff-fca6904ee00c-SegmentedRaftLogWorker:Storage Directory /workdir/hadoop-ozone/ozonefs/target/test-dir/MiniOzoneClusterImpl-eef5df77-1b8f-4c52-a6bc-dd98b83f7990/datanode-0/data/ratis/75af3c99-e256-422b-a609-633daa83dc9d close()
2019-09-12 11:35:46,800 [Thread-540] INFO  util.JmxRegister (JmxRegister.java:unregister(73)) - Successfully un-registered JMX Bean with object name Ratis:service=RaftServer,group=group-E15FE24FC6F1,id=3a95b4ad-2c75-4701-886b-3e35cc487dd8
2019-09-12 11:35:46,801 [ForkJoinPool.commonPool-worker-1] INFO  impl.RaftServerImpl (RaftServerImpl.java:lambda$shutdown$3(245)) - 68babcc3-18e0-4d97-99ff-fca6904ee00c: shutdown group-23D24C3B209C
2019-09-12 11:35:46,801 [Thread-540] INFO  impl.RoleInfo (RoleInfo.java:shutdownLeaderState(104)) - 3a95b4ad-2c75-4701-886b-3e35cc487dd8: shutdown LeaderState
2019-09-12 11:35:46,801 [ForkJoinPool.commonPool-worker-1] INFO  util.JmxRegister (JmxRegister.java:unregister(73)) - Successfully un-registered JMX Bean with object name Ratis:service=RaftServer,group=group-23D24C3B209C,id=68babcc3-18e0-4d97-99ff-fca6904ee00c
2019-09-12 11:35:46,802 [Thread-540] INFO  impl.PendingRequests (PendingRequests.java:sendNotLeaderResponses(202)) - 3a95b4ad-2c75-4701-886b-3e35cc487dd8-PendingRequests: sendNotLeaderResponses
2019-09-12 11:35:46,802 [ForkJoinPool.commonPool-worker-1] INFO  impl.RoleInfo (RoleInfo.java:shutdownLeaderState(104)) - 68babcc3-18e0-4d97-99ff-fca6904ee00c: shutdown LeaderState
2019-09-12 11:35:46,802 [Thread-540] INFO  impl.StateMachineUpdater (StateMachineUpdater.java:stopAndJoin(115)) - StateMachineUpdater:3a95b4ad-2c75-4701-886b-3e35cc487dd8:group-E15FE24FC6F1: set stopIndex = 0
2019-09-12 11:35:46,802 [ForkJoinPool.commonPool-worker-1] INFO  impl.PendingRequests (PendingRequests.java:sendNotLeaderResponses(202)) - 68babcc3-18e0-4d97-99ff-fca6904ee00c-PendingRequests: sendNotLeaderResponses
2019-09-12 11:35:46,803 [Thread-540] INFO  impl.RaftServerImpl (ServerState.java:close(394)) - 3a95b4ad-2c75-4701-886b-3e35cc487dd8:group-E15FE24FC6F1 closes. The last applied log index is 0
2019-09-12 11:35:46,803 [ForkJoinPool.commonPool-worker-1] INFO  impl.StateMachineUpdater (StateMachineUpdater.java:stopAndJoin(115)) - StateMachineUpdater:68babcc3-18e0-4d97-99ff-fca6904ee00c:group-23D24C3B209C: set stopIndex = 0
2019-09-12 11:35:46,803 [3a95b4ad-2c75-4701-886b-3e35cc487dd8-SegmentedRaftLogWorker:Storage Directory /workdir/hadoop-ozone/ozonefs/target/test-dir/MiniOzoneClusterImpl-eef5df77-1b8f-4c52-a6bc-dd98b83f7990/datanode-1/data/ratis/cda1c815-07bf-4263-9ab0-e15fe24fc6f1] INFO  segmented.SegmentedRaftLogWorker (SegmentedRaftLogWorker.java:run(313)) - 3a95b4ad-2c75-4701-886b-3e35cc487dd8-SegmentedRaftLogWorker:Storage Directory /workdir/hadoop-ozone/ozonefs/target/test-dir/MiniOzoneClusterImpl-eef5df77-1b8f-4c52-a6bc-dd98b83f7990/datanode-1/data/ratis/cda1c815-07bf-4263-9ab0-e15fe24fc6f1 was interrupted, exiting. There are 0 tasks remaining in the queue.
2019-09-12 11:35:46,803 [ForkJoinPool.commonPool-worker-1] INFO  impl.RaftServerImpl (ServerState.java:close(394)) - 68babcc3-18e0-4d97-99ff-fca6904ee00c:group-23D24C3B209C closes. The last applied log index is 0
2019-09-12 11:35:46,803 [Thread-540] INFO  segmented.SegmentedRaftLogWorker (SegmentedRaftLogWorker.java:close(228)) - 3a95b4ad-2c75-4701-886b-3e35cc487dd8-SegmentedRaftLogWorker:Storage Directory /workdir/hadoop-ozone/ozonefs/target/test-dir/MiniOzoneClusterImpl-eef5df77-1b8f-4c52-a6bc-dd98b83f7990/datanode-1/data/ratis/cda1c815-07bf-4263-9ab0-e15fe24fc6f1 close()
2019-09-12 11:35:46,804 [68babcc3-18e0-4d97-99ff-fca6904ee00c-SegmentedRaftLogWorker:Storage Directory /workdir/hadoop-ozone/ozonefs/target/test-dir/MiniOzoneClusterImpl-eef5df77-1b8f-4c52-a6bc-dd98b83f7990/datanode-0/data/ratis/99145d54-341a-4c72-b647-23d24c3b209c] INFO  segmented.SegmentedRaftLogWorker (SegmentedRaftLogWorker.java:run(313)) - 68babcc3-18e0-4d97-99ff-fca6904ee00c-SegmentedRaftLogWorker:Storage Directory /workdir/hadoop-ozone/ozonefs/target/test-dir/MiniOzoneClusterImpl-eef5df77-1b8f-4c52-a6bc-dd98b83f7990/datanode-0/data/ratis/99145d54-341a-4c72-b647-23d24c3b209c was interrupted, exiting. There are 0 tasks remaining in the queue.
2019-09-12 11:35:46,805 [Thread-540] INFO  impl.RaftServerImpl (RaftServerImpl.java:lambda$shutdown$3(245)) - 3a95b4ad-2c75-4701-886b-3e35cc487dd8: shutdown group-AD43B3502A2A
2019-09-12 11:35:46,805 [ForkJoinPool.commonPool-worker-1] INFO  segmented.SegmentedRaftLogWorker (SegmentedRaftLogWorker.java:close(228)) - 68babcc3-18e0-4d97-99ff-fca6904ee00c-SegmentedRaftLogWorker:Storage Directory /workdir/hadoop-ozone/ozonefs/target/test-dir/MiniOzoneClusterImpl-eef5df77-1b8f-4c52-a6bc-dd98b83f7990/datanode-0/data/ratis/99145d54-341a-4c72-b647-23d24c3b209c close()
2019-09-12 11:35:46,805 [Thread-540] INFO  util.JmxRegister (JmxRegister.java:unregister(73)) - Successfully un-registered JMX Bean with object name Ratis:service=RaftServer,group=group-AD43B3502A2A,id=3a95b4ad-2c75-4701-886b-3e35cc487dd8
2019-09-12 11:35:46,806 [ForkJoinPool.commonPool-worker-1] INFO  impl.RaftServerImpl (RaftServerImpl.java:lambda$shutdown$3(245)) - 68babcc3-18e0-4d97-99ff-fca6904ee00c: shutdown group-DD1012A10C7E
2019-09-12 11:35:46,806 [Thread-540] INFO  impl.RoleInfo (RoleInfo.java:shutdownLeaderState(104)) - 3a95b4ad-2c75-4701-886b-3e35cc487dd8: shutdown LeaderState
2019-09-12 11:35:46,807 [ForkJoinPool.commonPool-worker-1] INFO  util.JmxRegister (JmxRegister.java:unregister(73)) - Successfully un-registered JMX Bean with object name Ratis:service=RaftServer,group=group-DD1012A10C7E,id=68babcc3-18e0-4d97-99ff-fca6904ee00c
2019-09-12 11:35:46,807 [Thread-540] INFO  impl.PendingRequests (PendingRequests.java:sendNotLeaderResponses(202)) - 3a95b4ad-2c75-4701-886b-3e35cc487dd8-PendingRequests: sendNotLeaderResponses
2019-09-12 11:35:46,807 [ForkJoinPool.commonPool-worker-1] INFO  impl.RoleInfo (RoleInfo.java:shutdownLeaderState(104)) - 68babcc3-18e0-4d97-99ff-fca6904ee00c: shutdown LeaderState
2019-09-12 11:35:46,807 [Thread-540] INFO  impl.StateMachineUpdater (StateMachineUpdater.java:stopAndJoin(115)) - StateMachineUpdater:3a95b4ad-2c75-4701-886b-3e35cc487dd8:group-AD43B3502A2A: set stopIndex = 0
2019-09-12 11:35:46,808 [ForkJoinPool.commonPool-worker-1] INFO  impl.PendingRequests (PendingRequests.java:sendNotLeaderResponses(202)) - 68babcc3-18e0-4d97-99ff-fca6904ee00c-PendingRequests: sendNotLeaderResponses
2019-09-12 11:35:46,808 [Thread-540] INFO  impl.RaftServerImpl (ServerState.java:close(394)) - 3a95b4ad-2c75-4701-886b-3e35cc487dd8:group-AD43B3502A2A closes. The last applied log index is 0
2019-09-12 11:35:46,808 [ForkJoinPool.commonPool-worker-1] INFO  impl.StateMachineUpdater (StateMachineUpdater.java:stopAndJoin(115)) - StateMachineUpdater:68babcc3-18e0-4d97-99ff-fca6904ee00c:group-DD1012A10C7E: set stopIndex = 0
2019-09-12 11:35:46,809 [ForkJoinPool.commonPool-worker-1] INFO  impl.RaftServerImpl (ServerState.java:close(394)) - 68babcc3-18e0-4d97-99ff-fca6904ee00c:group-DD1012A10C7E closes. The last applied log index is 0
2019-09-12 11:35:46,809 [3a95b4ad-2c75-4701-886b-3e35cc487dd8-SegmentedRaftLogWorker:Storage Directory /workdir/hadoop-ozone/ozonefs/target/test-dir/MiniOzoneClusterImpl-eef5df77-1b8f-4c52-a6bc-dd98b83f7990/datanode-1/data/ratis/21e08598-4085-4441-b6d9-ad43b3502a2a] INFO  segmented.SegmentedRaftLogWorker (SegmentedRaftLogWorker.java:run(313)) - 3a95b4ad-2c75-4701-886b-3e35cc487dd8-SegmentedRaftLogWorker:Storage Directory /workdir/hadoop-ozone/ozonefs/target/test-dir/MiniOzoneClusterImpl-eef5df77-1b8f-4c52-a6bc-dd98b83f7990/datanode-1/data/ratis/21e08598-4085-4441-b6d9-ad43b3502a2a was interrupted, exiting. There are 0 tasks remaining in the queue.
2019-09-12 11:35:46,809 [68babcc3-18e0-4d97-99ff-fca6904ee00c-SegmentedRaftLogWorker:Storage Directory /workdir/hadoop-ozone/ozonefs/target/test-dir/MiniOzoneClusterImpl-eef5df77-1b8f-4c52-a6bc-dd98b83f7990/datanode-0/data/ratis/caf7cd3a-68da-4f13-a000-dd1012a10c7e] INFO  segmented.SegmentedRaftLogWorker (SegmentedRaftLogWorker.java:run(313)) - 68babcc3-18e0-4d97-99ff-fca6904ee00c-SegmentedRaftLogWorker:Storage Directory /workdir/hadoop-ozone/ozonefs/target/test-dir/MiniOzoneClusterImpl-eef5df77-1b8f-4c52-a6bc-dd98b83f7990/datanode-0/data/ratis/caf7cd3a-68da-4f13-a000-dd1012a10c7e was interrupted, exiting. There are 0 tasks remaining in the queue.
2019-09-12 11:35:46,809 [Thread-540] INFO  segmented.SegmentedRaftLogWorker (SegmentedRaftLogWorker.java:close(228)) - 3a95b4ad-2c75-4701-886b-3e35cc487dd8-SegmentedRaftLogWorker:Storage Directory /workdir/hadoop-ozone/ozonefs/target/test-dir/MiniOzoneClusterImpl-eef5df77-1b8f-4c52-a6bc-dd98b83f7990/datanode-1/data/ratis/21e08598-4085-4441-b6d9-ad43b3502a2a close()
2019-09-12 11:35:46,810 [ForkJoinPool.commonPool-worker-1] INFO  segmented.SegmentedRaftLogWorker (SegmentedRaftLogWorker.java:close(228)) - 68babcc3-18e0-4d97-99ff-fca6904ee00c-SegmentedRaftLogWorker:Storage Directory /workdir/hadoop-ozone/ozonefs/target/test-dir/MiniOzoneClusterImpl-eef5df77-1b8f-4c52-a6bc-dd98b83f7990/datanode-0/data/ratis/caf7cd3a-68da-4f13-a000-dd1012a10c7e close()
2019-09-12 11:35:46,811 [Thread-540] INFO  impl.RaftServerImpl (RaftServerImpl.java:lambda$shutdown$3(245)) - 3a95b4ad-2c75-4701-886b-3e35cc487dd8: shutdown group-6166E12BD34B
2019-09-12 11:35:46,812 [ForkJoinPool.commonPool-worker-1] INFO  impl.RaftServerImpl (RaftServerImpl.java:lambda$shutdown$3(245)) - 68babcc3-18e0-4d97-99ff-fca6904ee00c: shutdown group-8B3A30DCE4EE
2019-09-12 11:35:46,812 [Thread-540] INFO  util.JmxRegister (JmxRegister.java:unregister(73)) - Successfully un-registered JMX Bean with object name Ratis:service=RaftServer,group=group-6166E12BD34B,id=3a95b4ad-2c75-4701-886b-3e35cc487dd8
2019-09-12 11:35:46,812 [ForkJoinPool.commonPool-worker-1] INFO  util.JmxRegister (JmxRegister.java:unregister(73)) - Successfully un-registered JMX Bean with object name Ratis:service=RaftServer,group=group-8B3A30DCE4EE,id=68babcc3-18e0-4d97-99ff-fca6904ee00c
2019-09-12 11:35:46,812 [Thread-540] INFO  impl.RoleInfo (RoleInfo.java:shutdownLeaderState(104)) - 3a95b4ad-2c75-4701-886b-3e35cc487dd8: shutdown LeaderState
2019-09-12 11:35:46,812 [ForkJoinPool.commonPool-worker-1] INFO  impl.RoleInfo (RoleInfo.java:shutdownLeaderState(104)) - 68babcc3-18e0-4d97-99ff-fca6904ee00c: shutdown LeaderState
2019-09-12 11:35:46,813 [Thread-540] INFO  impl.PendingRequests (PendingRequests.java:sendNotLeaderResponses(202)) - 3a95b4ad-2c75-4701-886b-3e35cc487dd8-PendingRequests: sendNotLeaderResponses
2019-09-12 11:35:46,813 [ForkJoinPool.commonPool-worker-1] INFO  impl.PendingRequests (PendingRequests.java:sendNotLeaderResponses(202)) - 68babcc3-18e0-4d97-99ff-fca6904ee00c-PendingRequests: sendNotLeaderResponses
2019-09-12 11:35:46,813 [Thread-540] INFO  impl.StateMachineUpdater (StateMachineUpdater.java:stopAndJoin(115)) - StateMachineUpdater:3a95b4ad-2c75-4701-886b-3e35cc487dd8:group-6166E12BD34B: set stopIndex = 0
2019-09-12 11:35:46,814 [Thread-540] INFO  impl.RaftServerImpl (ServerState.java:close(394)) - 3a95b4ad-2c75-4701-886b-3e35cc487dd8:group-6166E12BD34B closes. The last applied log index is 0
2019-09-12 11:35:46,814 [ForkJoinPool.commonPool-worker-1] INFO  impl.StateMachineUpdater (StateMachineUpdater.java:stopAndJoin(115)) - StateMachineUpdater:68babcc3-18e0-4d97-99ff-fca6904ee00c:group-8B3A30DCE4EE: set stopIndex = 0
2019-09-12 11:35:46,814 [ForkJoinPool.commonPool-worker-1] INFO  impl.RaftServerImpl (ServerState.java:close(394)) - 68babcc3-18e0-4d97-99ff-fca6904ee00c:group-8B3A30DCE4EE closes. The last applied log index is 0
2019-09-12 11:35:46,814 [3a95b4ad-2c75-4701-886b-3e35cc487dd8-SegmentedRaftLogWorker:Storage Directory /workdir/hadoop-ozone/ozonefs/target/test-dir/MiniOzoneClusterImpl-eef5df77-1b8f-4c52-a6bc-dd98b83f7990/datanode-1/data/ratis/f2443433-6d67-40fa-8572-6166e12bd34b] INFO  segmented.SegmentedRaftLogWorker (SegmentedRaftLogWorker.java:run(313)) - 3a95b4ad-2c75-4701-886b-3e35cc487dd8-SegmentedRaftLogWorker:Storage Directory /workdir/hadoop-ozone/ozonefs/target/test-dir/MiniOzoneClusterImpl-eef5df77-1b8f-4c52-a6bc-dd98b83f7990/datanode-1/data/ratis/f2443433-6d67-40fa-8572-6166e12bd34b was interrupted, exiting. There are 0 tasks remaining in the queue.
2019-09-12 11:35:46,815 [68babcc3-18e0-4d97-99ff-fca6904ee00c-SegmentedRaftLogWorker:Storage Directory /workdir/hadoop-ozone/ozonefs/target/test-dir/MiniOzoneClusterImpl-eef5df77-1b8f-4c52-a6bc-dd98b83f7990/datanode-0/data/ratis/721b8a25-ff92-45f2-814b-8b3a30dce4ee] INFO  segmented.SegmentedRaftLogWorker (SegmentedRaftLogWorker.java:run(313)) - 68babcc3-18e0-4d97-99ff-fca6904ee00c-SegmentedRaftLogWorker:Storage Directory /workdir/hadoop-ozone/ozonefs/target/test-dir/MiniOzoneClusterImpl-eef5df77-1b8f-4c52-a6bc-dd98b83f7990/datanode-0/data/ratis/721b8a25-ff92-45f2-814b-8b3a30dce4ee was interrupted, exiting. There are 0 tasks remaining in the queue.
2019-09-12 11:35:46,815 [Thread-540] INFO  segmented.SegmentedRaftLogWorker (SegmentedRaftLogWorker.java:close(228)) - 3a95b4ad-2c75-4701-886b-3e35cc487dd8-SegmentedRaftLogWorker:Storage Directory /workdir/hadoop-ozone/ozonefs/target/test-dir/MiniOzoneClusterImpl-eef5df77-1b8f-4c52-a6bc-dd98b83f7990/datanode-1/data/ratis/f2443433-6d67-40fa-8572-6166e12bd34b close()
2019-09-12 11:35:46,815 [ForkJoinPool.commonPool-worker-1] INFO  segmented.SegmentedRaftLogWorker (SegmentedRaftLogWorker.java:close(228)) - 68babcc3-18e0-4d97-99ff-fca6904ee00c-SegmentedRaftLogWorker:Storage Directory /workdir/hadoop-ozone/ozonefs/target/test-dir/MiniOzoneClusterImpl-eef5df77-1b8f-4c52-a6bc-dd98b83f7990/datanode-0/data/ratis/721b8a25-ff92-45f2-814b-8b3a30dce4ee close()
2019-09-12 11:35:46,816 [Thread-540] INFO  server.GrpcService (GrpcService.java:closeImpl(155)) - 3a95b4ad-2c75-4701-886b-3e35cc487dd8: shutdown server with port 41482 now
2019-09-12 11:35:46,817 [ForkJoinPool.commonPool-worker-1] INFO  server.GrpcService (GrpcService.java:closeImpl(155)) - 68babcc3-18e0-4d97-99ff-fca6904ee00c: shutdown server with port 43875 now
2019-09-12 11:35:46,818 [Thread-540] INFO  server.GrpcService (GrpcService.java:closeImpl(163)) - 3a95b4ad-2c75-4701-886b-3e35cc487dd8: shutdown server with port 41482 successfully
2019-09-12 11:35:46,819 [ForkJoinPool.commonPool-worker-1] INFO  server.GrpcService (GrpcService.java:closeImpl(163)) - 68babcc3-18e0-4d97-99ff-fca6904ee00c: shutdown server with port 43875 successfully
2019-09-12 11:35:46,821 [ForkJoinPool.commonPool-worker-1] INFO  utils.BackgroundService (BackgroundService.java:shutdown(148)) - Shutting down service BlockDeletingService
2019-09-12 11:35:46,821 [Thread-540] INFO  utils.BackgroundService (BackgroundService.java:shutdown(148)) - Shutting down service BlockDeletingService
2019-09-12 11:35:46,823 [refreshUsed-/workdir/hadoop-ozone/ozonefs/target/test-dir/MiniOzoneClusterImpl-eef5df77-1b8f-4c52-a6bc-dd98b83f7990/datanode-0/data/containers] WARN  fs.CachingGetSpaceUsed (CachingGetSpaceUsed.java:run(183)) - Thread Interrupted waiting to refresh disk information: sleep interrupted
2019-09-12 11:35:46,824 [refreshUsed-/workdir/hadoop-ozone/ozonefs/target/test-dir/MiniOzoneClusterImpl-eef5df77-1b8f-4c52-a6bc-dd98b83f7990/datanode-1/data/containers] WARN  fs.CachingGetSpaceUsed (CachingGetSpaceUsed.java:run(183)) - Thread Interrupted waiting to refresh disk information: sleep interrupted
2019-09-12 11:35:46,851 [ForkJoinPool.commonPool-worker-1] INFO  statemachine.DatanodeStateMachine (DatanodeStateMachine.java:stopDaemon(395)) - Ozone container server stopped.
2019-09-12 11:35:46,854 [ForkJoinPool.commonPool-worker-1] INFO  handler.ContextHandler (ContextHandler.java:doStop(910)) - Stopped o.e.j.w.WebAppContext@58522b72{/,null,UNAVAILABLE}{/hddsDatanode}
2019-09-12 11:35:46,855 [ForkJoinPool.commonPool-worker-1] INFO  server.AbstractConnector (AbstractConnector.java:doStop(318)) - Stopped ServerConnector@3f5a0e27{HTTP/1.1,[http/1.1]}{0.0.0.0:0}
2019-09-12 11:35:46,856 [ForkJoinPool.commonPool-worker-1] INFO  handler.ContextHandler (ContextHandler.java:doStop(910)) - Stopped o.e.j.s.ServletContextHandler@56769873{/static,jar:file:/home/user/.m2/repository/org/apache/hadoop/hadoop-hdds-container-service/0.5.0-SNAPSHOT/hadoop-hdds-container-service-0.5.0-SNAPSHOT.jar!/webapps/static,UNAVAILABLE}
2019-09-12 11:35:46,857 [ForkJoinPool.commonPool-worker-1] INFO  handler.ContextHandler (ContextHandler.java:doStop(910)) - Stopped o.e.j.s.ServletContextHandler@71295752{/logs,file:///workdir/hadoop-ozone/ozonefs/target/log,UNAVAILABLE}
2019-09-12 11:35:46,860 [Thread-540] INFO  statemachine.DatanodeStateMachine (DatanodeStateMachine.java:stopDaemon(395)) - Ozone container server stopped.
2019-09-12 11:35:46,860 [ForkJoinPool.commonPool-worker-1] INFO  datanode.ObjectStoreHandler (ObjectStoreHandler.java:close(155)) - Closing ObjectStoreHandler.
2019-09-12 11:35:46,860 [ForkJoinPool.commonPool-worker-1] INFO  ozone.HddsDatanodeService (HddsDatanodeService.java:stop(451)) - Stopped plug-in org.apache.hadoop.ozone.web.OzoneHddsDatanodeService@19153814
2019-09-12 11:35:46,861 [Thread-540] INFO  handler.ContextHandler (ContextHandler.java:doStop(910)) - Stopped o.e.j.w.WebAppContext@723f1f8b{/,null,UNAVAILABLE}{/hddsDatanode}
2019-09-12 11:35:46,861 [Thread-540] INFO  server.AbstractConnector (AbstractConnector.java:doStop(318)) - Stopped ServerConnector@1b10bd59{HTTP/1.1,[http/1.1]}{0.0.0.0:0}
2019-09-12 11:35:46,862 [Thread-540] INFO  handler.ContextHandler (ContextHandler.java:doStop(910)) - Stopped o.e.j.s.ServletContextHandler@60f6240e{/static,jar:file:/home/user/.m2/repository/org/apache/hadoop/hadoop-hdds-container-service/0.5.0-SNAPSHOT/hadoop-hdds-container-service-0.5.0-SNAPSHOT.jar!/webapps/static,UNAVAILABLE}
2019-09-12 11:35:46,862 [Thread-540] INFO  handler.ContextHandler (ContextHandler.java:doStop(910)) - Stopped o.e.j.s.ServletContextHandler@2c88283{/logs,file:///workdir/hadoop-ozone/ozonefs/target/log,UNAVAILABLE}
2019-09-12 11:35:47,480 [Datanode State Machine Thread - 0] INFO  statemachine.DatanodeStateMachine (DatanodeStateMachine.java:lambda$startDaemon$0(350)) - Ozone container server started.
2019-09-12 11:35:51,861 [ForkJoinPool.commonPool-worker-1] INFO  ozoneimpl.OzoneContainer (OzoneContainer.java:stop(199)) - Attempting to stop container services.
2019-09-12 11:35:51,861 [ForkJoinPool.commonPool-worker-1] INFO  impl.RaftServerProxy (RaftServerProxy.java:lambda$close$4(314)) - b3c7b149-240e-4b69-a097-dee5cbed4f61: close
2019-09-12 11:35:51,862 [ForkJoinPool.commonPool-worker-1] INFO  impl.RaftServerImpl (RaftServerImpl.java:lambda$shutdown$3(245)) - b3c7b149-240e-4b69-a097-dee5cbed4f61: shutdown group-B636CF25C19C
2019-09-12 11:35:51,862 [ForkJoinPool.commonPool-worker-1] INFO  util.JmxRegister (JmxRegister.java:unregister(73)) - Successfully un-registered JMX Bean with object name Ratis:service=RaftServer,group=group-B636CF25C19C,id=b3c7b149-240e-4b69-a097-dee5cbed4f61
2019-09-12 11:35:51,862 [ForkJoinPool.commonPool-worker-1] INFO  impl.RoleInfo (RoleInfo.java:shutdownLeaderState(104)) - b3c7b149-240e-4b69-a097-dee5cbed4f61: shutdown LeaderState
2019-09-12 11:35:51,862 [ForkJoinPool.commonPool-worker-1] INFO  impl.PendingRequests (PendingRequests.java:sendNotLeaderResponses(202)) - b3c7b149-240e-4b69-a097-dee5cbed4f61-PendingRequests: sendNotLeaderResponses
2019-09-12 11:35:51,863 [ForkJoinPool.commonPool-worker-1] INFO  impl.StateMachineUpdater (StateMachineUpdater.java:stopAndJoin(115)) - StateMachineUpdater:b3c7b149-240e-4b69-a097-dee5cbed4f61:group-B636CF25C19C: set stopIndex = 0
2019-09-12 11:35:51,863 [ForkJoinPool.commonPool-worker-1] INFO  impl.RaftServerImpl (ServerState.java:close(394)) - b3c7b149-240e-4b69-a097-dee5cbed4f61:group-B636CF25C19C closes. The last applied log index is 0
2019-09-12 11:35:51,863 [b3c7b149-240e-4b69-a097-dee5cbed4f61-SegmentedRaftLogWorker:Storage Directory /workdir/hadoop-ozone/ozonefs/target/test-dir/MiniOzoneClusterImpl-eef5df77-1b8f-4c52-a6bc-dd98b83f7990/datanode-2/data/ratis/3351ded0-45f4-4670-8d0f-b636cf25c19c] INFO  segmented.SegmentedRaftLogWorker (SegmentedRaftLogWorker.java:run(313)) - b3c7b149-240e-4b69-a097-dee5cbed4f61-SegmentedRaftLogWorker:Storage Directory /workdir/hadoop-ozone/ozonefs/target/test-dir/MiniOzoneClusterImpl-eef5df77-1b8f-4c52-a6bc-dd98b83f7990/datanode-2/data/ratis/3351ded0-45f4-4670-8d0f-b636cf25c19c was interrupted, exiting. There are 0 tasks remaining in the queue.
2019-09-12 11:35:51,864 [ForkJoinPool.commonPool-worker-1] INFO  segmented.SegmentedRaftLogWorker (SegmentedRaftLogWorker.java:close(228)) - b3c7b149-240e-4b69-a097-dee5cbed4f61-SegmentedRaftLogWorker:Storage Directory /workdir/hadoop-ozone/ozonefs/target/test-dir/MiniOzoneClusterImpl-eef5df77-1b8f-4c52-a6bc-dd98b83f7990/datanode-2/data/ratis/3351ded0-45f4-4670-8d0f-b636cf25c19c close()
2019-09-12 11:35:51,865 [ForkJoinPool.commonPool-worker-1] INFO  impl.RaftServerImpl (RaftServerImpl.java:lambda$shutdown$3(245)) - b3c7b149-240e-4b69-a097-dee5cbed4f61: shutdown group-A5D32B2EE9B4
2019-09-12 11:35:51,865 [ForkJoinPool.commonPool-worker-1] INFO  util.JmxRegister (JmxRegister.java:unregister(73)) - Successfully un-registered JMX Bean with object name Ratis:service=RaftServer,group=group-A5D32B2EE9B4,id=b3c7b149-240e-4b69-a097-dee5cbed4f61
2019-09-12 11:35:51,866 [ForkJoinPool.commonPool-worker-1] INFO  impl.RoleInfo (RoleInfo.java:shutdownLeaderState(104)) - b3c7b149-240e-4b69-a097-dee5cbed4f61: shutdown LeaderState
2019-09-12 11:35:51,866 [ForkJoinPool.commonPool-worker-1] INFO  impl.PendingRequests (PendingRequests.java:sendNotLeaderResponses(202)) - b3c7b149-240e-4b69-a097-dee5cbed4f61-PendingRequests: sendNotLeaderResponses
2019-09-12 11:35:51,866 [ForkJoinPool.commonPool-worker-1] INFO  impl.StateMachineUpdater (StateMachineUpdater.java:stopAndJoin(115)) - StateMachineUpdater:b3c7b149-240e-4b69-a097-dee5cbed4f61:group-A5D32B2EE9B4: set stopIndex = 0
2019-09-12 11:35:51,866 [ForkJoinPool.commonPool-worker-1] INFO  impl.RaftServerImpl (ServerState.java:close(394)) - b3c7b149-240e-4b69-a097-dee5cbed4f61:group-A5D32B2EE9B4 closes. The last applied log index is 0
2019-09-12 11:35:51,867 [b3c7b149-240e-4b69-a097-dee5cbed4f61-SegmentedRaftLogWorker:Storage Directory /workdir/hadoop-ozone/ozonefs/target/test-dir/MiniOzoneClusterImpl-eef5df77-1b8f-4c52-a6bc-dd98b83f7990/datanode-2/data/ratis/9d77904f-1356-4db1-93c3-a5d32b2ee9b4] INFO  segmented.SegmentedRaftLogWorker (SegmentedRaftLogWorker.java:run(313)) - b3c7b149-240e-4b69-a097-dee5cbed4f61-SegmentedRaftLogWorker:Storage Directory /workdir/hadoop-ozone/ozonefs/target/test-dir/MiniOzoneClusterImpl-eef5df77-1b8f-4c52-a6bc-dd98b83f7990/datanode-2/data/ratis/9d77904f-1356-4db1-93c3-a5d32b2ee9b4 was interrupted, exiting. There are 0 tasks remaining in the queue.
2019-09-12 11:35:51,867 [ForkJoinPool.commonPool-worker-1] INFO  segmented.SegmentedRaftLogWorker (SegmentedRaftLogWorker.java:close(228)) - b3c7b149-240e-4b69-a097-dee5cbed4f61-SegmentedRaftLogWorker:Storage Directory /workdir/hadoop-ozone/ozonefs/target/test-dir/MiniOzoneClusterImpl-eef5df77-1b8f-4c52-a6bc-dd98b83f7990/datanode-2/data/ratis/9d77904f-1356-4db1-93c3-a5d32b2ee9b4 close()
2019-09-12 11:35:51,868 [ForkJoinPool.commonPool-worker-1] INFO  impl.RaftServerImpl (RaftServerImpl.java:lambda$shutdown$3(245)) - b3c7b149-240e-4b69-a097-dee5cbed4f61: shutdown group-F6D5F2FEABC2
2019-09-12 11:35:51,868 [ForkJoinPool.commonPool-worker-1] INFO  util.JmxRegister (JmxRegister.java:unregister(73)) - Successfully un-registered JMX Bean with object name Ratis:service=RaftServer,group=group-F6D5F2FEABC2,id=b3c7b149-240e-4b69-a097-dee5cbed4f61
2019-09-12 11:35:51,868 [ForkJoinPool.commonPool-worker-1] INFO  impl.RoleInfo (RoleInfo.java:shutdownLeaderState(104)) - b3c7b149-240e-4b69-a097-dee5cbed4f61: shutdown LeaderState
2019-09-12 11:35:51,869 [ForkJoinPool.commonPool-worker-1] INFO  impl.PendingRequests (PendingRequests.java:sendNotLeaderResponses(202)) - b3c7b149-240e-4b69-a097-dee5cbed4f61-PendingRequests: sendNotLeaderResponses
2019-09-12 11:35:51,869 [ForkJoinPool.commonPool-worker-1] INFO  impl.StateMachineUpdater (StateMachineUpdater.java:stopAndJoin(115)) - StateMachineUpdater:b3c7b149-240e-4b69-a097-dee5cbed4f61:group-F6D5F2FEABC2: set stopIndex = 0
2019-09-12 11:35:51,869 [ForkJoinPool.commonPool-worker-1] INFO  impl.RaftServerImpl (ServerState.java:close(394)) - b3c7b149-240e-4b69-a097-dee5cbed4f61:group-F6D5F2FEABC2 closes. The last applied log index is 0
2019-09-12 11:35:51,869 [b3c7b149-240e-4b69-a097-dee5cbed4f61-SegmentedRaftLogWorker:Storage Directory /workdir/hadoop-ozone/ozonefs/target/test-dir/MiniOzoneClusterImpl-eef5df77-1b8f-4c52-a6bc-dd98b83f7990/datanode-2/data/ratis/5612f635-1985-43e3-917f-f6d5f2feabc2] INFO  segmented.SegmentedRaftLogWorker (SegmentedRaftLogWorker.java:run(313)) - b3c7b149-240e-4b69-a097-dee5cbed4f61-SegmentedRaftLogWorker:Storage Directory /workdir/hadoop-ozone/ozonefs/target/test-dir/MiniOzoneClusterImpl-eef5df77-1b8f-4c52-a6bc-dd98b83f7990/datanode-2/data/ratis/5612f635-1985-43e3-917f-f6d5f2feabc2 was interrupted, exiting. There are 0 tasks remaining in the queue.
2019-09-12 11:35:51,870 [ForkJoinPool.commonPool-worker-1] INFO  segmented.SegmentedRaftLogWorker (SegmentedRaftLogWorker.java:close(228)) - b3c7b149-240e-4b69-a097-dee5cbed4f61-SegmentedRaftLogWorker:Storage Directory /workdir/hadoop-ozone/ozonefs/target/test-dir/MiniOzoneClusterImpl-eef5df77-1b8f-4c52-a6bc-dd98b83f7990/datanode-2/data/ratis/5612f635-1985-43e3-917f-f6d5f2feabc2 close()
2019-09-12 11:35:51,871 [ForkJoinPool.commonPool-worker-1] INFO  impl.RaftServerImpl (RaftServerImpl.java:lambda$shutdown$3(245)) - b3c7b149-240e-4b69-a097-dee5cbed4f61: shutdown group-70AE364601CD
2019-09-12 11:35:51,871 [ForkJoinPool.commonPool-worker-1] INFO  util.JmxRegister (JmxRegister.java:unregister(73)) - Successfully un-registered JMX Bean with object name Ratis:service=RaftServer,group=group-70AE364601CD,id=b3c7b149-240e-4b69-a097-dee5cbed4f61
2019-09-12 11:35:51,871 [ForkJoinPool.commonPool-worker-1] INFO  impl.RoleInfo (RoleInfo.java:shutdownLeaderState(104)) - b3c7b149-240e-4b69-a097-dee5cbed4f61: shutdown LeaderState
2019-09-12 11:35:51,871 [ForkJoinPool.commonPool-worker-1] INFO  impl.PendingRequests (PendingRequests.java:sendNotLeaderResponses(202)) - b3c7b149-240e-4b69-a097-dee5cbed4f61-PendingRequests: sendNotLeaderResponses
2019-09-12 11:35:51,871 [ForkJoinPool.commonPool-worker-1] INFO  impl.StateMachineUpdater (StateMachineUpdater.java:stopAndJoin(115)) - StateMachineUpdater:b3c7b149-240e-4b69-a097-dee5cbed4f61:group-70AE364601CD: set stopIndex = 0
2019-09-12 11:35:51,872 [ForkJoinPool.commonPool-worker-1] INFO  impl.RaftServerImpl (ServerState.java:close(394)) - b3c7b149-240e-4b69-a097-dee5cbed4f61:group-70AE364601CD closes. The last applied log index is 0
2019-09-12 11:35:51,872 [b3c7b149-240e-4b69-a097-dee5cbed4f61-SegmentedRaftLogWorker:Storage Directory /workdir/hadoop-ozone/ozonefs/target/test-dir/MiniOzoneClusterImpl-eef5df77-1b8f-4c52-a6bc-dd98b83f7990/datanode-2/data/ratis/f197cd77-92a6-4ef5-b461-70ae364601cd] INFO  segmented.SegmentedRaftLogWorker (SegmentedRaftLogWorker.java:run(313)) - b3c7b149-240e-4b69-a097-dee5cbed4f61-SegmentedRaftLogWorker:Storage Directory /workdir/hadoop-ozone/ozonefs/target/test-dir/MiniOzoneClusterImpl-eef5df77-1b8f-4c52-a6bc-dd98b83f7990/datanode-2/data/ratis/f197cd77-92a6-4ef5-b461-70ae364601cd was interrupted, exiting. There are 0 tasks remaining in the queue.
2019-09-12 11:35:51,872 [ForkJoinPool.commonPool-worker-1] INFO  segmented.SegmentedRaftLogWorker (SegmentedRaftLogWorker.java:close(228)) - b3c7b149-240e-4b69-a097-dee5cbed4f61-SegmentedRaftLogWorker:Storage Directory /workdir/hadoop-ozone/ozonefs/target/test-dir/MiniOzoneClusterImpl-eef5df77-1b8f-4c52-a6bc-dd98b83f7990/datanode-2/data/ratis/f197cd77-92a6-4ef5-b461-70ae364601cd close()
2019-09-12 11:35:51,873 [ForkJoinPool.commonPool-worker-1] INFO  impl.RaftServerImpl (RaftServerImpl.java:lambda$shutdown$3(245)) - b3c7b149-240e-4b69-a097-dee5cbed4f61: shutdown group-2A97339C0A27
2019-09-12 11:35:51,873 [ForkJoinPool.commonPool-worker-1] INFO  util.JmxRegister (JmxRegister.java:unregister(73)) - Successfully un-registered JMX Bean with object name Ratis:service=RaftServer,group=group-2A97339C0A27,id=b3c7b149-240e-4b69-a097-dee5cbed4f61
2019-09-12 11:35:51,874 [ForkJoinPool.commonPool-worker-1] INFO  impl.RoleInfo (RoleInfo.java:shutdownLeaderState(104)) - b3c7b149-240e-4b69-a097-dee5cbed4f61: shutdown LeaderState
2019-09-12 11:35:51,874 [ForkJoinPool.commonPool-worker-1] INFO  impl.PendingRequests (PendingRequests.java:sendNotLeaderResponses(202)) - b3c7b149-240e-4b69-a097-dee5cbed4f61-PendingRequests: sendNotLeaderResponses
2019-09-12 11:35:51,874 [ForkJoinPool.commonPool-worker-1] INFO  impl.StateMachineUpdater (StateMachineUpdater.java:stopAndJoin(115)) - StateMachineUpdater:b3c7b149-240e-4b69-a097-dee5cbed4f61:group-2A97339C0A27: set stopIndex = 0
2019-09-12 11:35:51,874 [ForkJoinPool.commonPool-worker-1] INFO  impl.RaftServerImpl (ServerState.java:close(394)) - b3c7b149-240e-4b69-a097-dee5cbed4f61:group-2A97339C0A27 closes. The last applied log index is 0
2019-09-12 11:35:51,875 [b3c7b149-240e-4b69-a097-dee5cbed4f61-SegmentedRaftLogWorker:Storage Directory /workdir/hadoop-ozone/ozonefs/target/test-dir/MiniOzoneClusterImpl-eef5df77-1b8f-4c52-a6bc-dd98b83f7990/datanode-2/data/ratis/aed00129-e659-4f78-bc34-2a97339c0a27] INFO  segmented.SegmentedRaftLogWorker (SegmentedRaftLogWorker.java:run(313)) - b3c7b149-240e-4b69-a097-dee5cbed4f61-SegmentedRaftLogWorker:Storage Directory /workdir/hadoop-ozone/ozonefs/target/test-dir/MiniOzoneClusterImpl-eef5df77-1b8f-4c52-a6bc-dd98b83f7990/datanode-2/data/ratis/aed00129-e659-4f78-bc34-2a97339c0a27 was interrupted, exiting. There are 0 tasks remaining in the queue.
2019-09-12 11:35:51,875 [ForkJoinPool.commonPool-worker-1] INFO  segmented.SegmentedRaftLogWorker (SegmentedRaftLogWorker.java:close(228)) - b3c7b149-240e-4b69-a097-dee5cbed4f61-SegmentedRaftLogWorker:Storage Directory /workdir/hadoop-ozone/ozonefs/target/test-dir/MiniOzoneClusterImpl-eef5df77-1b8f-4c52-a6bc-dd98b83f7990/datanode-2/data/ratis/aed00129-e659-4f78-bc34-2a97339c0a27 close()
2019-09-12 11:35:51,876 [ForkJoinPool.commonPool-worker-1] INFO  impl.RaftServerImpl (RaftServerImpl.java:lambda$shutdown$3(245)) - b3c7b149-240e-4b69-a097-dee5cbed4f61: shutdown group-527988A880B8
2019-09-12 11:35:51,876 [ForkJoinPool.commonPool-worker-1] INFO  util.JmxRegister (JmxRegister.java:unregister(73)) - Successfully un-registered JMX Bean with object name Ratis:service=RaftServer,group=group-527988A880B8,id=b3c7b149-240e-4b69-a097-dee5cbed4f61
2019-09-12 11:35:51,876 [ForkJoinPool.commonPool-worker-1] INFO  impl.RoleInfo (RoleInfo.java:shutdownLeaderState(104)) - b3c7b149-240e-4b69-a097-dee5cbed4f61: shutdown LeaderState
2019-09-12 11:35:51,876 [ForkJoinPool.commonPool-worker-1] INFO  impl.PendingRequests (PendingRequests.java:sendNotLeaderResponses(202)) - b3c7b149-240e-4b69-a097-dee5cbed4f61-PendingRequests: sendNotLeaderResponses
2019-09-12 11:35:51,877 [ForkJoinPool.commonPool-worker-1] INFO  impl.StateMachineUpdater (StateMachineUpdater.java:stopAndJoin(115)) - StateMachineUpdater:b3c7b149-240e-4b69-a097-dee5cbed4f61:group-527988A880B8: set stopIndex = 0
2019-09-12 11:35:51,877 [ForkJoinPool.commonPool-worker-1] INFO  impl.RaftServerImpl (ServerState.java:close(394)) - b3c7b149-240e-4b69-a097-dee5cbed4f61:group-527988A880B8 closes. The last applied log index is 0
2019-09-12 11:35:51,878 [b3c7b149-240e-4b69-a097-dee5cbed4f61-SegmentedRaftLogWorker:Storage Directory /workdir/hadoop-ozone/ozonefs/target/test-dir/MiniOzoneClusterImpl-eef5df77-1b8f-4c52-a6bc-dd98b83f7990/datanode-2/data/ratis/068d5e8a-61d0-4c5c-a4f0-527988a880b8] INFO  segmented.SegmentedRaftLogWorker (SegmentedRaftLogWorker.java:run(313)) - b3c7b149-240e-4b69-a097-dee5cbed4f61-SegmentedRaftLogWorker:Storage Directory /workdir/hadoop-ozone/ozonefs/target/test-dir/MiniOzoneClusterImpl-eef5df77-1b8f-4c52-a6bc-dd98b83f7990/datanode-2/data/ratis/068d5e8a-61d0-4c5c-a4f0-527988a880b8 was interrupted, exiting. There are 0 tasks remaining in the queue.
2019-09-12 11:35:51,878 [ForkJoinPool.commonPool-worker-1] INFO  segmented.SegmentedRaftLogWorker (SegmentedRaftLogWorker.java:close(228)) - b3c7b149-240e-4b69-a097-dee5cbed4f61-SegmentedRaftLogWorker:Storage Directory /workdir/hadoop-ozone/ozonefs/target/test-dir/MiniOzoneClusterImpl-eef5df77-1b8f-4c52-a6bc-dd98b83f7990/datanode-2/data/ratis/068d5e8a-61d0-4c5c-a4f0-527988a880b8 close()
2019-09-12 11:35:51,879 [ForkJoinPool.commonPool-worker-1] INFO  server.GrpcService (GrpcService.java:closeImpl(155)) - b3c7b149-240e-4b69-a097-dee5cbed4f61: shutdown server with port 40870 now
2019-09-12 11:35:51,880 [ForkJoinPool.commonPool-worker-1] INFO  server.GrpcService (GrpcService.java:closeImpl(163)) - b3c7b149-240e-4b69-a097-dee5cbed4f61: shutdown server with port 40870 successfully
2019-09-12 11:35:51,881 [ForkJoinPool.commonPool-worker-1] INFO  utils.BackgroundService (BackgroundService.java:shutdown(148)) - Shutting down service BlockDeletingService
2019-09-12 11:35:51,883 [refreshUsed-/workdir/hadoop-ozone/ozonefs/target/test-dir/MiniOzoneClusterImpl-eef5df77-1b8f-4c52-a6bc-dd98b83f7990/datanode-2/data/containers] WARN  fs.CachingGetSpaceUsed (CachingGetSpaceUsed.java:run(183)) - Thread Interrupted waiting to refresh disk information: sleep interrupted
2019-09-12 11:35:51,907 [ForkJoinPool.commonPool-worker-1] INFO  statemachine.DatanodeStateMachine (DatanodeStateMachine.java:stopDaemon(395)) - Ozone container server stopped.
2019-09-12 11:35:51,911 [ForkJoinPool.commonPool-worker-1] INFO  handler.ContextHandler (ContextHandler.java:doStop(910)) - Stopped o.e.j.w.WebAppContext@2fc5f1ff{/,null,UNAVAILABLE}{/hddsDatanode}
2019-09-12 11:35:51,911 [ForkJoinPool.commonPool-worker-1] INFO  server.AbstractConnector (AbstractConnector.java:doStop(318)) - Stopped ServerConnector@b826317{HTTP/1.1,[http/1.1]}{0.0.0.0:0}
2019-09-12 11:35:51,912 [ForkJoinPool.commonPool-worker-1] INFO  handler.ContextHandler (ContextHandler.java:doStop(910)) - Stopped o.e.j.s.ServletContextHandler@20a7f4ad{/static,jar:file:/home/user/.m2/repository/org/apache/hadoop/hadoop-hdds-container-service/0.5.0-SNAPSHOT/hadoop-hdds-container-service-0.5.0-SNAPSHOT.jar!/webapps/static,UNAVAILABLE}
2019-09-12 11:35:51,913 [ForkJoinPool.commonPool-worker-1] INFO  handler.ContextHandler (ContextHandler.java:doStop(910)) - Stopped o.e.j.s.ServletContextHandler@4c39ff50{/logs,file:///workdir/hadoop-ozone/ozonefs/target/log,UNAVAILABLE}
2019-09-12 11:35:51,914 [Thread-540] INFO  ozone.MiniOzoneClusterImpl (MiniOzoneClusterImpl.java:stop(353)) - Stopping the StorageContainerManager
2019-09-12 11:35:51,914 [Thread-540] INFO  server.StorageContainerManager (StorageContainerManager.java:stop(797)) - Stopping Replication Manager Service.
2019-09-12 11:35:51,914 [Thread-540] INFO  container.ReplicationManager (ReplicationManager.java:stop(192)) - Stopping Replication Monitor Thread.
2019-09-12 11:35:51,914 [Thread-540] INFO  server.StorageContainerManager (StorageContainerManager.java:stop(804)) - Stopping Lease Manager of the command watchers
2019-09-12 11:35:51,914 [Thread-540] INFO  server.StorageContainerManager (StorageContainerManager.java:stop(811)) - Stopping datanode service RPC server
2019-09-12 11:35:51,915 [Thread-540] INFO  server.SCMDatanodeProtocolServer (SCMDatanodeProtocolServer.java:stop(367)) - Stopping the RPC server for DataNodes
2019-09-12 11:35:51,915 [Thread-540] INFO  ipc.Server (Server.java:stop(3082)) - Stopping server on 37503
2019-09-12 11:35:51,916 [IPC Server listener on 37503] INFO  ipc.Server (Server.java:run(1185)) - Stopping IPC Server listener on 37503
2019-09-12 11:35:51,916 [IPC Server Responder] INFO  ipc.Server (Server.java:run(1319)) - Stopping IPC Server Responder
2019-09-12 11:35:51,928 [SCM Heartbeat Processing Thread - 0] WARN  node.NodeStateManager (NodeStateManager.java:scheduleNextHealthCheck(655)) - Current Thread is interrupted, shutting down HB processing thread for Node Manager.
2019-09-12 11:35:51,928 [Thread-540] INFO  server.StorageContainerManager (StorageContainerManager.java:stop(819)) - Stopping block service RPC server
2019-09-12 11:35:51,928 [Thread-540] INFO  server.SCMBlockProtocolServer (SCMBlockProtocolServer.java:stop(148)) - Stopping the RPC server for Block Protocol
2019-09-12 11:35:51,928 [Thread-540] INFO  ipc.Server (Server.java:stop(3082)) - Stopping server on 43811
2019-09-12 11:35:51,929 [IPC Server listener on 43811] INFO  ipc.Server (Server.java:run(1185)) - Stopping IPC Server listener on 43811
2019-09-12 11:35:51,929 [Thread-540] INFO  server.StorageContainerManager (StorageContainerManager.java:stop(826)) - Stopping the StorageContainerLocationProtocol RPC server
2019-09-12 11:35:51,930 [Thread-540] INFO  server.SCMClientProtocolServer (SCMClientProtocolServer.java:stop(159)) - Stopping the RPC server for Client Protocol
2019-09-12 11:35:51,931 [Thread-540] INFO  ipc.Server (Server.java:stop(3082)) - Stopping server on 40965
2019-09-12 11:35:51,929 [IPC Server Responder] INFO  ipc.Server (Server.java:run(1319)) - Stopping IPC Server Responder
2019-09-12 11:35:51,932 [IPC Server listener on 40965] INFO  ipc.Server (Server.java:run(1185)) - Stopping IPC Server listener on 40965
2019-09-12 11:35:51,932 [Thread-540] INFO  server.StorageContainerManager (StorageContainerManager.java:stop(833)) - Stopping Storage Container Manager HTTP server.
2019-09-12 11:35:51,933 [IPC Server Responder] INFO  ipc.Server (Server.java:run(1319)) - Stopping IPC Server Responder
2019-09-12 11:35:51,934 [Thread-540] INFO  handler.ContextHandler (ContextHandler.java:doStop(910)) - Stopped o.e.j.w.WebAppContext@7619ba22{/,null,UNAVAILABLE}{/scm}
2019-09-12 11:35:51,934 [Thread-540] INFO  server.AbstractConnector (AbstractConnector.java:doStop(318)) - Stopped ServerConnector@6c3c669{HTTP/1.1,[http/1.1]}{0.0.0.0:0}
2019-09-12 11:35:51,934 [Thread-540] INFO  handler.ContextHandler (ContextHandler.java:doStop(910)) - Stopped o.e.j.s.ServletContextHandler@754eb0c{/static,jar:file:/home/user/.m2/repository/org/apache/hadoop/hadoop-hdds-server-scm/0.5.0-SNAPSHOT/hadoop-hdds-server-scm-0.5.0-SNAPSHOT.jar!/webapps/static,UNAVAILABLE}
2019-09-12 11:35:51,935 [Thread-540] INFO  handler.ContextHandler (ContextHandler.java:doStop(910)) - Stopped o.e.j.s.ServletContextHandler@946e609{/logs,file:///workdir/hadoop-ozone/ozonefs/target/log,UNAVAILABLE}
2019-09-12 11:35:51,935 [Thread-540] INFO  server.StorageContainerManager (StorageContainerManager.java:stop(844)) - Stopping Block Manager Service.
2019-09-12 11:35:51,935 [Thread-540] INFO  utils.BackgroundService (BackgroundService.java:shutdown(148)) - Shutting down service SCMBlockDeletingService
2019-09-12 11:35:51,936 [Thread-540] INFO  utils.BackgroundService (BackgroundService.java:shutdown(148)) - Shutting down service SCMBlockDeletingService
2019-09-12 11:35:51,936 [Thread-540] INFO  server.StorageContainerManager (StorageContainerManager.java:stop(866)) - Stopping SCM Event Queue.
2019-09-12 11:35:51,938 [Thread-540] INFO  impl.MetricsSystemImpl (MetricsSystemImpl.java:stop(210)) - Stopping HddsDatanode metrics system...
2019-09-12 11:35:51,944 [Thread-540] INFO  impl.MetricsSystemImpl (MetricsSystemImpl.java:stop(216)) - HddsDatanode metrics system stopped.
]]></system-out>
    <system-err><![CDATA[Sep 12, 2019 11:35:35 AM com.sun.jersey.server.impl.application.WebApplicationImpl _initiate
INFO: Initiating Jersey application, version 'Jersey: 1.19 02/11/2015 03:25 AM'
Sep 12, 2019 11:35:36 AM com.sun.jersey.server.impl.application.WebApplicationImpl _initiate
INFO: Initiating Jersey application, version 'Jersey: 1.19 02/11/2015 03:25 AM'
Sep 12, 2019 11:35:36 AM com.sun.jersey.server.impl.application.WebApplicationImpl _initiate
INFO: Initiating Jersey application, version 'Jersey: 1.19 02/11/2015 03:25 AM'
Sep 12, 2019 11:35:41 AM com.sun.jersey.server.impl.application.WebApplicationImpl _initiate
INFO: Initiating Jersey application, version 'Jersey: 1.19 02/11/2015 03:25 AM'
]]></system-err>
  </testcase>
  <testcase name="testListStatus" classname="org.apache.hadoop.fs.ozone.TestOzoneFileSystem" time="16.767">
    <error message="Allocated 0 blocks. Requested 1 blocks" type="INTERNAL_ERROR org.apache.hadoop.ozone.om.exceptions.OMException">INTERNAL_ERROR org.apache.hadoop.ozone.om.exceptions.OMException: Allocated 0 blocks. Requested 1 blocks
	at org.apache.hadoop.ozone.om.protocolPB.OzoneManagerProtocolClientSideTranslatorPB.handleError(OzoneManagerProtocolClientSideTranslatorPB.java:725)
	at org.apache.hadoop.ozone.om.protocolPB.OzoneManagerProtocolClientSideTranslatorPB.createFile(OzoneManagerProtocolClientSideTranslatorPB.java:1474)
	at org.apache.hadoop.ozone.client.rpc.RpcClient.createFile(RpcClient.java:984)
	at org.apache.hadoop.ozone.client.OzoneBucket.createFile(OzoneBucket.java:535)
	at org.apache.hadoop.fs.ozone.BasicOzoneClientAdapterImpl.createFile(BasicOzoneClientAdapterImpl.java:181)
	at org.apache.hadoop.fs.ozone.BasicOzoneFileSystem.createOutputStream(BasicOzoneFileSystem.java:249)
	at org.apache.hadoop.fs.ozone.BasicOzoneFileSystem.create(BasicOzoneFileSystem.java:230)
	at org.apache.hadoop.fs.FileSystem.create(FileSystem.java:1118)
	at org.apache.hadoop.fs.FileSystem.create(FileSystem.java:1098)
	at org.apache.hadoop.fs.FileSystem.create(FileSystem.java:987)
	at org.apache.hadoop.fs.contract.ContractTestUtils.createFile(ContractTestUtils.java:633)
	at org.apache.hadoop.fs.contract.ContractTestUtils.touch(ContractTestUtils.java:669)
	at org.apache.hadoop.fs.ozone.TestOzoneFileSystem.testListStatus(TestOzoneFileSystem.java:179)
	at sun.reflect.NativeMethodAccessorImpl.invoke0(Native Method)
	at sun.reflect.NativeMethodAccessorImpl.invoke(NativeMethodAccessorImpl.java:62)
	at sun.reflect.DelegatingMethodAccessorImpl.invoke(DelegatingMethodAccessorImpl.java:43)
	at java.lang.reflect.Method.invoke(Method.java:498)
	at org.junit.runners.model.FrameworkMethod$1.runReflectiveCall(FrameworkMethod.java:47)
	at org.junit.internal.runners.model.ReflectiveCallable.run(ReflectiveCallable.java:12)
	at org.junit.runners.model.FrameworkMethod.invokeExplosively(FrameworkMethod.java:44)
	at org.junit.internal.runners.statements.InvokeMethod.evaluate(InvokeMethod.java:17)
	at org.junit.internal.runners.statements.RunBefores.evaluate(RunBefores.java:26)
	at org.junit.internal.runners.statements.RunAfters.evaluate(RunAfters.java:27)
	at org.junit.internal.runners.statements.FailOnTimeout$StatementThread.run(FailOnTimeout.java:74)
</error>
    <system-out><![CDATA[2019-09-12 11:35:52,002 [Thread-806] WARN  server.ServerUtils (ServerUtils.java:getScmDbDir(145)) - ozone.scm.db.dirs is not configured. We recommend adding this setting. Falling back to ozone.metadata.dirs instead.
2019-09-12 11:35:52,028 [Thread-806] WARN  server.ServerUtils (ServerUtils.java:getScmDbDir(145)) - ozone.scm.db.dirs is not configured. We recommend adding this setting. Falling back to ozone.metadata.dirs instead.
2019-09-12 11:35:52,028 [Thread-806] WARN  server.ServerUtils (ServerUtils.java:getScmDbDir(145)) - ozone.scm.db.dirs is not configured. We recommend adding this setting. Falling back to ozone.metadata.dirs instead.
2019-09-12 11:35:52,029 [Thread-806] INFO  db.DBStoreBuilder (DBStoreBuilder.java:addTable(110)) - using custom profile for table: deletedBlocks
2019-09-12 11:35:52,029 [Thread-806] INFO  db.DBStoreBuilder (DBStoreBuilder.java:processTables(161)) - Using default column profile:DBProfile.DISK for Table:deletedBlocks
2019-09-12 11:35:52,029 [Thread-806] INFO  db.DBStoreBuilder (DBStoreBuilder.java:addTable(110)) - using custom profile for table: validCerts
2019-09-12 11:35:52,029 [Thread-806] INFO  db.DBStoreBuilder (DBStoreBuilder.java:processTables(161)) - Using default column profile:DBProfile.DISK for Table:validCerts
2019-09-12 11:35:52,030 [Thread-806] INFO  db.DBStoreBuilder (DBStoreBuilder.java:addTable(110)) - using custom profile for table: revokedCerts
2019-09-12 11:35:52,030 [Thread-806] INFO  db.DBStoreBuilder (DBStoreBuilder.java:processTables(161)) - Using default column profile:DBProfile.DISK for Table:revokedCerts
2019-09-12 11:35:52,030 [Thread-806] INFO  db.DBStoreBuilder (DBStoreBuilder.java:addTable(110)) - using custom profile for table: default
2019-09-12 11:35:52,030 [Thread-806] INFO  db.DBStoreBuilder (DBStoreBuilder.java:processTables(167)) - Using default column profile:DBProfile.DISK for Table:default
2019-09-12 11:35:52,030 [Thread-806] INFO  db.DBStoreBuilder (DBStoreBuilder.java:getDbProfile(198)) - Using default options. DBProfile.DISK
2019-09-12 11:35:52,206 [Thread-806] INFO  net.NodeSchemaLoader (NodeSchemaLoader.java:loadSchemaFromFile(125)) - Loading file from sun.misc.CompoundEnumeration@311ca572
2019-09-12 11:35:52,206 [Thread-806] INFO  net.NodeSchemaLoader (NodeSchemaLoader.java:loadSchema(171)) - Loading network topology layer schema file
2019-09-12 11:35:52,212 [Thread-806] WARN  server.ServerUtils (ServerUtils.java:sanitizeUserArgs(70)) - ozone.scm.stale.node.interval value = 300000 is larger than max = 100000 based on the key value of ozone.scm.heartbeat.thread.interval, reset to the max value 100000.
2019-09-12 11:35:52,212 [Thread-806] WARN  server.ServerUtils (ServerUtils.java:sanitizeUserArgs(70)) - ozone.scm.stale.node.interval value = 300000 is larger than max = 100000 based on the key value of ozone.scm.heartbeat.thread.interval, reset to the max value 100000.
2019-09-12 11:35:52,212 [Thread-806] INFO  node.SCMNodeManager (SCMNodeManager.java:<init>(121)) - Entering startup safe mode.
2019-09-12 11:35:52,213 [Thread-806] INFO  algorithms.ContainerPlacementPolicyFactory (ContainerPlacementPolicyFactory.java:getPolicy(56)) - Create container placement policy of type org.apache.hadoop.hdds.scm.container.placement.algorithms.SCMContainerPlacementRandom
2019-09-12 11:35:52,214 [Thread-806] WARN  server.ServerUtils (ServerUtils.java:getScmDbDir(145)) - ozone.scm.db.dirs is not configured. We recommend adding this setting. Falling back to ozone.metadata.dirs instead.
2019-09-12 11:35:52,274 [Thread-806] INFO  pipeline.SCMPipelineManager (SCMPipelineManager.java:initializePipelineState(126)) - No pipeline exists in current db
2019-09-12 11:35:52,274 [Thread-806] WARN  server.ServerUtils (ServerUtils.java:getScmDbDir(145)) - ozone.scm.db.dirs is not configured. We recommend adding this setting. Falling back to ozone.metadata.dirs instead.
2019-09-12 11:35:52,337 [Thread-806] WARN  events.EventQueue (EventQueue.java:fireEvent(175)) - No event handler registered for event TypedEvent{payloadType=SafeModeStatus, name='SafeModeStatus'}
2019-09-12 11:35:52,338 [Thread-806] INFO  ipc.CallQueueManager (CallQueueManager.java:<init>(84)) - Using callQueue: class java.util.concurrent.LinkedBlockingQueue, queueCapacity: 2000, scheduler: class org.apache.hadoop.ipc.DefaultRpcScheduler, ipcBackoff: false.
2019-09-12 11:35:52,340 [Socket Reader #1 for port 33152] INFO  ipc.Server (Server.java:run(1074)) - Starting Socket Reader #1 for port 33152
2019-09-12 11:35:52,342 [Thread-806] INFO  ipc.CallQueueManager (CallQueueManager.java:<init>(84)) - Using callQueue: class java.util.concurrent.LinkedBlockingQueue, queueCapacity: 2000, scheduler: class org.apache.hadoop.ipc.DefaultRpcScheduler, ipcBackoff: false.
2019-09-12 11:35:52,343 [Socket Reader #1 for port 38496] INFO  ipc.Server (Server.java:run(1074)) - Starting Socket Reader #1 for port 38496
2019-09-12 11:35:52,345 [Thread-806] INFO  ipc.CallQueueManager (CallQueueManager.java:<init>(84)) - Using callQueue: class java.util.concurrent.LinkedBlockingQueue, queueCapacity: 2000, scheduler: class org.apache.hadoop.ipc.DefaultRpcScheduler, ipcBackoff: false.
2019-09-12 11:35:52,346 [Socket Reader #1 for port 38687] INFO  ipc.Server (Server.java:run(1074)) - Starting Socket Reader #1 for port 38687
2019-09-12 11:35:52,350 [Thread-806] INFO  hdfs.DFSUtil (DFSUtil.java:httpServerTemplateForNNAndJN(1641)) - Starting Web-server for scm at: http://0.0.0.0:0
2019-09-12 11:35:52,354 [Thread-806] INFO  server.AuthenticationFilter (AuthenticationFilter.java:constructSecretProvider(240)) - Unable to initialize FileSignerSecretProvider, falling back to use random secrets.
2019-09-12 11:35:52,355 [Thread-806] WARN  http.HttpRequestLog (HttpRequestLog.java:getRequestLog(97)) - Jetty request log can only be enabled using Log4j
2019-09-12 11:35:52,358 [Thread-806] INFO  http.HttpServer2 (HttpServer2.java:addGlobalFilter(975)) - Added global filter 'safety' (class=org.apache.hadoop.http.HttpServer2$QuotingInputFilter)
2019-09-12 11:35:52,360 [Thread-806] INFO  http.HttpServer2 (HttpServer2.java:addFilter(948)) - Added filter static_user_filter (class=org.apache.hadoop.http.lib.StaticUserWebFilter$StaticUserFilter) to context scm
2019-09-12 11:35:52,360 [Thread-806] INFO  http.HttpServer2 (HttpServer2.java:addFilter(958)) - Added filter static_user_filter (class=org.apache.hadoop.http.lib.StaticUserWebFilter$StaticUserFilter) to context logs
2019-09-12 11:35:52,360 [Thread-806] INFO  http.HttpServer2 (HttpServer2.java:addFilter(958)) - Added filter static_user_filter (class=org.apache.hadoop.http.lib.StaticUserWebFilter$StaticUserFilter) to context static
2019-09-12 11:35:52,363 [Thread-806] INFO  server.StorageContainerManager (StorageContainerManager.java:start(759)) - StorageContainerLocationProtocol RPC server is listening at /0.0.0.0:38687
2019-09-12 11:35:52,366 [Thread-806] WARN  impl.MetricsConfig (MetricsConfig.java:loadFirst(134)) - Cannot locate configuration: tried hadoop-metrics2-storagecontainermanager.properties,hadoop-metrics2.properties
2019-09-12 11:35:52,369 [Thread-806] INFO  impl.MetricsSystemImpl (MetricsSystemImpl.java:startTimer(374)) - Scheduled Metric snapshot period at 10 second(s).
2019-09-12 11:35:52,369 [Thread-806] INFO  impl.MetricsSystemImpl (MetricsSystemImpl.java:start(191)) - StorageContainerManager metrics system started
2019-09-12 11:35:52,441 [Thread-806] INFO  server.SCMClientProtocolServer (SCMClientProtocolServer.java:start(151)) - RPC server for Client  is listening at /0.0.0.0:38687
2019-09-12 11:35:52,441 [IPC Server Responder] INFO  ipc.Server (Server.java:run(1314)) - IPC Server Responder: starting
2019-09-12 11:35:52,441 [IPC Server listener on 38687] INFO  ipc.Server (Server.java:run(1153)) - IPC Server listener on 38687: starting
2019-09-12 11:35:52,446 [Thread-806] INFO  server.StorageContainerManager (StorageContainerManager.java:start(769)) - ScmBlockLocationProtocol RPC server is listening at /0.0.0.0:38496
2019-09-12 11:35:52,446 [Thread-806] INFO  server.SCMBlockProtocolServer (SCMBlockProtocolServer.java:start(140)) - RPC server for Block Protocol is listening at /0.0.0.0:38496
2019-09-12 11:35:52,447 [IPC Server Responder] INFO  ipc.Server (Server.java:run(1314)) - IPC Server Responder: starting
2019-09-12 11:35:52,447 [IPC Server listener on 38496] INFO  ipc.Server (Server.java:run(1153)) - IPC Server listener on 38496: starting
2019-09-12 11:35:52,452 [Thread-806] INFO  server.StorageContainerManager (StorageContainerManager.java:start(773)) - ScmDatanodeProtocl RPC server is listening at /0.0.0.0:33152
2019-09-12 11:35:52,452 [Thread-806] INFO  server.SCMDatanodeProtocolServer (SCMDatanodeProtocolServer.java:start(191)) - RPC server for DataNodes is listening at /0.0.0.0:33152
2019-09-12 11:35:52,452 [IPC Server Responder] INFO  ipc.Server (Server.java:run(1314)) - IPC Server Responder: starting
2019-09-12 11:35:52,452 [IPC Server listener on 33152] INFO  ipc.Server (Server.java:run(1153)) - IPC Server listener on 33152: starting
2019-09-12 11:35:52,457 [Thread-806] INFO  http.HttpServer2 (HttpServer2.java:bindListener(1191)) - Jetty bound to port 36170
2019-09-12 11:35:52,457 [Thread-806] INFO  server.Server (Server.java:doStart(351)) - jetty-9.3.24.v20180605, build timestamp: 2018-06-05T17:11:56Z, git hash: 84205aa28f11a4f31f2a3b86d1bba2cc8ab69827
2019-09-12 11:35:52,462 [Thread-806] INFO  handler.ContextHandler (ContextHandler.java:doStart(781)) - Started o.e.j.s.ServletContextHandler@2946ad07{/logs,file:///workdir/hadoop-ozone/ozonefs/target/log,AVAILABLE}
2019-09-12 11:35:52,462 [Thread-806] INFO  handler.ContextHandler (ContextHandler.java:doStart(781)) - Started o.e.j.s.ServletContextHandler@6e8c3b3a{/static,jar:file:/home/user/.m2/repository/org/apache/hadoop/hadoop-hdds-server-scm/0.5.0-SNAPSHOT/hadoop-hdds-server-scm-0.5.0-SNAPSHOT.jar!/webapps/static,AVAILABLE}
2019-09-12 11:35:52,523 [Thread-806] INFO  handler.ContextHandler (ContextHandler.java:doStart(781)) - Started o.e.j.w.WebAppContext@1400ea06{/,file:///tmp/jetty-0.0.0.0-36170-scm-_-any-3615639961349609373.dir/webapp/,AVAILABLE}{/scm}
2019-09-12 11:35:52,523 [Thread-806] INFO  server.AbstractConnector (AbstractConnector.java:doStart(278)) - Started ServerConnector@19e1f42{HTTP/1.1,[http/1.1]}{0.0.0.0:36170}
2019-09-12 11:35:52,524 [Thread-806] INFO  server.Server (Server.java:doStart(419)) - Started @59592ms
2019-09-12 11:35:52,525 [Thread-806] INFO  server.BaseHttpServer (BaseHttpServer.java:updateConnectorAddress(213)) - HTTP server of SCM is listening at http://0.0.0.0:36170
2019-09-12 11:35:52,526 [Thread-806] WARN  server.ServerUtils (ServerUtils.java:getDBPath(222)) - ozone.om.db.dirs is not configured. We recommend adding this setting. Falling back to ozone.metadata.dirs instead.
2019-09-12 11:35:52,527 [org.apache.hadoop.util.JvmPauseMonitor$Monitor@fb0b332] INFO  util.JvmPauseMonitor (JvmPauseMonitor.java:run(188)) - Starting JVM pause monitor
2019-09-12 11:35:52,540 [Thread-806] WARN  server.ServerUtils (ServerUtils.java:getDBPath(222)) - ozone.om.db.dirs is not configured. We recommend adding this setting. Falling back to ozone.metadata.dirs instead.
2019-09-12 11:35:52,541 [Thread-806] WARN  server.ServerUtils (ServerUtils.java:getDBPath(222)) - ozone.om.db.dirs is not configured. We recommend adding this setting. Falling back to ozone.metadata.dirs instead.
2019-09-12 11:35:52,541 [Thread-806] INFO  om.OzoneManager (OzoneManager.java:setOMNodeDetails(645)) - OM Service ID is not set. Setting it to the default ID: omServiceIdDefault
2019-09-12 11:35:52,541 [Thread-806] INFO  om.OzoneManager (OzoneManager.java:setOMNodeDetails(651)) - OM Node ID is not set. Setting it to the OmStorage's OmID: 00e081c9-6c92-4923-a179-b74dcde2f94a
2019-09-12 11:35:52,541 [Thread-806] INFO  om.OzoneManager (OzoneManager.java:loadOMHAConfigs(602)) - Found matching OM address with OMServiceId: null, OMNodeId: null, RPC Address: localhost:0 and Ratis port: 9872
2019-09-12 11:35:52,547 | INFO  | SCMAudit | user=jenkins1000 | ip=192.168.36.114 | op=GET_SCM_INFO null | ret=SUCCESS |  
2019-09-12 11:35:52,550 [Thread-806] WARN  server.ServerUtils (ServerUtils.java:getDBPath(222)) - ozone.om.db.dirs is not configured. We recommend adding this setting. Falling back to ozone.metadata.dirs instead.
2019-09-12 11:35:52,550 [Thread-806] INFO  db.DBStoreBuilder (DBStoreBuilder.java:addTable(110)) - using custom profile for table: userTable
2019-09-12 11:35:52,550 [Thread-806] INFO  db.DBStoreBuilder (DBStoreBuilder.java:processTables(161)) - Using default column profile:DBProfile.DISK for Table:userTable
2019-09-12 11:35:52,551 [Thread-806] INFO  db.DBStoreBuilder (DBStoreBuilder.java:addTable(110)) - using custom profile for table: volumeTable
2019-09-12 11:35:52,551 [Thread-806] INFO  db.DBStoreBuilder (DBStoreBuilder.java:processTables(161)) - Using default column profile:DBProfile.DISK for Table:volumeTable
2019-09-12 11:35:52,551 [Thread-806] INFO  db.DBStoreBuilder (DBStoreBuilder.java:addTable(110)) - using custom profile for table: bucketTable
2019-09-12 11:35:52,551 [Thread-806] INFO  db.DBStoreBuilder (DBStoreBuilder.java:processTables(161)) - Using default column profile:DBProfile.DISK for Table:bucketTable
2019-09-12 11:35:52,551 [Thread-806] INFO  db.DBStoreBuilder (DBStoreBuilder.java:addTable(110)) - using custom profile for table: keyTable
2019-09-12 11:35:52,551 [Thread-806] INFO  db.DBStoreBuilder (DBStoreBuilder.java:processTables(161)) - Using default column profile:DBProfile.DISK for Table:keyTable
2019-09-12 11:35:52,552 [Thread-806] INFO  db.DBStoreBuilder (DBStoreBuilder.java:addTable(110)) - using custom profile for table: deletedTable
2019-09-12 11:35:52,552 [Thread-806] INFO  db.DBStoreBuilder (DBStoreBuilder.java:processTables(161)) - Using default column profile:DBProfile.DISK for Table:deletedTable
2019-09-12 11:35:52,552 [Thread-806] INFO  db.DBStoreBuilder (DBStoreBuilder.java:addTable(110)) - using custom profile for table: openKeyTable
2019-09-12 11:35:52,552 [Thread-806] INFO  db.DBStoreBuilder (DBStoreBuilder.java:processTables(161)) - Using default column profile:DBProfile.DISK for Table:openKeyTable
2019-09-12 11:35:52,553 [Thread-806] INFO  db.DBStoreBuilder (DBStoreBuilder.java:addTable(110)) - using custom profile for table: s3Table
2019-09-12 11:35:52,553 [Thread-806] INFO  db.DBStoreBuilder (DBStoreBuilder.java:processTables(161)) - Using default column profile:DBProfile.DISK for Table:s3Table
2019-09-12 11:35:52,553 [Thread-806] INFO  db.DBStoreBuilder (DBStoreBuilder.java:addTable(110)) - using custom profile for table: multipartInfoTable
2019-09-12 11:35:52,553 [Thread-806] INFO  db.DBStoreBuilder (DBStoreBuilder.java:processTables(161)) - Using default column profile:DBProfile.DISK for Table:multipartInfoTable
2019-09-12 11:35:52,553 [Thread-806] INFO  db.DBStoreBuilder (DBStoreBuilder.java:addTable(110)) - using custom profile for table: dTokenTable
2019-09-12 11:35:52,553 [Thread-806] INFO  db.DBStoreBuilder (DBStoreBuilder.java:processTables(161)) - Using default column profile:DBProfile.DISK for Table:dTokenTable
2019-09-12 11:35:52,554 [Thread-806] INFO  db.DBStoreBuilder (DBStoreBuilder.java:addTable(110)) - using custom profile for table: s3SecretTable
2019-09-12 11:35:52,554 [Thread-806] INFO  db.DBStoreBuilder (DBStoreBuilder.java:processTables(161)) - Using default column profile:DBProfile.DISK for Table:s3SecretTable
2019-09-12 11:35:52,554 [Thread-806] INFO  db.DBStoreBuilder (DBStoreBuilder.java:addTable(110)) - using custom profile for table: prefixTable
2019-09-12 11:35:52,554 [Thread-806] INFO  db.DBStoreBuilder (DBStoreBuilder.java:processTables(161)) - Using default column profile:DBProfile.DISK for Table:prefixTable
2019-09-12 11:35:52,555 [Thread-806] INFO  db.DBStoreBuilder (DBStoreBuilder.java:addTable(110)) - using custom profile for table: default
2019-09-12 11:35:52,555 [Thread-806] INFO  db.DBStoreBuilder (DBStoreBuilder.java:processTables(167)) - Using default column profile:DBProfile.DISK for Table:default
2019-09-12 11:35:52,555 [Thread-806] INFO  db.DBStoreBuilder (DBStoreBuilder.java:getDbProfile(198)) - Using default options. DBProfile.DISK
2019-09-12 11:35:53,127 [Thread-806] INFO  ipc.CallQueueManager (CallQueueManager.java:<init>(84)) - Using callQueue: class java.util.concurrent.LinkedBlockingQueue, queueCapacity: 2000, scheduler: class org.apache.hadoop.ipc.DefaultRpcScheduler, ipcBackoff: false.
2019-09-12 11:35:53,128 [Socket Reader #1 for port 33997] INFO  ipc.Server (Server.java:run(1074)) - Starting Socket Reader #1 for port 33997
2019-09-12 11:35:53,149 [Thread-806] INFO  om.OzoneManager (OzoneManager.java:start(1256)) - OzoneManager RPC server is listening at localhost/127.0.0.1:33997
2019-09-12 11:35:53,150 [Thread-806] INFO  impl.MetricsSystemImpl (MetricsSystemImpl.java:init(158)) - OzoneManager metrics system started (again)
2019-09-12 11:35:53,150 [IPC Server Responder] INFO  ipc.Server (Server.java:run(1314)) - IPC Server Responder: starting
2019-09-12 11:35:53,150 [IPC Server listener on 33997] INFO  ipc.Server (Server.java:run(1153)) - IPC Server listener on 33997: starting
2019-09-12 11:35:53,155 [Thread-806] INFO  hdfs.DFSUtil (DFSUtil.java:httpServerTemplateForNNAndJN(1641)) - Starting Web-server for ozoneManager at: http://0.0.0.0:0
2019-09-12 11:35:53,157 [Thread-806] INFO  server.AuthenticationFilter (AuthenticationFilter.java:constructSecretProvider(240)) - Unable to initialize FileSignerSecretProvider, falling back to use random secrets.
2019-09-12 11:35:53,158 [Thread-806] WARN  http.HttpRequestLog (HttpRequestLog.java:getRequestLog(97)) - Jetty request log can only be enabled using Log4j
2019-09-12 11:35:53,161 [Thread-806] INFO  http.HttpServer2 (HttpServer2.java:addGlobalFilter(975)) - Added global filter 'safety' (class=org.apache.hadoop.http.HttpServer2$QuotingInputFilter)
2019-09-12 11:35:53,162 [Thread-806] INFO  http.HttpServer2 (HttpServer2.java:addFilter(948)) - Added filter static_user_filter (class=org.apache.hadoop.http.lib.StaticUserWebFilter$StaticUserFilter) to context ozoneManager
2019-09-12 11:35:53,162 [Thread-806] INFO  http.HttpServer2 (HttpServer2.java:addFilter(958)) - Added filter static_user_filter (class=org.apache.hadoop.http.lib.StaticUserWebFilter$StaticUserFilter) to context static
2019-09-12 11:35:53,162 [Thread-806] INFO  http.HttpServer2 (HttpServer2.java:addFilter(958)) - Added filter static_user_filter (class=org.apache.hadoop.http.lib.StaticUserWebFilter$StaticUserFilter) to context logs
2019-09-12 11:35:53,163 [Thread-806] INFO  http.HttpServer2 (HttpServer2.java:bindListener(1191)) - Jetty bound to port 35163
2019-09-12 11:35:53,164 [Thread-806] INFO  server.Server (Server.java:doStart(351)) - jetty-9.3.24.v20180605, build timestamp: 2018-06-05T17:11:56Z, git hash: 84205aa28f11a4f31f2a3b86d1bba2cc8ab69827
2019-09-12 11:35:53,169 [Thread-806] INFO  handler.ContextHandler (ContextHandler.java:doStart(781)) - Started o.e.j.s.ServletContextHandler@6b09b840{/logs,file:///workdir/hadoop-ozone/ozonefs/target/log,AVAILABLE}
2019-09-12 11:35:53,170 [Thread-806] INFO  handler.ContextHandler (ContextHandler.java:doStart(781)) - Started o.e.j.s.ServletContextHandler@249d841b{/static,jar:file:/home/user/.m2/repository/org/apache/hadoop/hadoop-ozone-ozone-manager/0.5.0-SNAPSHOT/hadoop-ozone-ozone-manager-0.5.0-SNAPSHOT.jar!/webapps/static,AVAILABLE}
2019-09-12 11:35:53,217 [Thread-806] INFO  handler.ContextHandler (ContextHandler.java:doStart(781)) - Started o.e.j.w.WebAppContext@30641f{/,file:///tmp/jetty-0.0.0.0-35163-ozoneManager-_-any-7368056629903432681.dir/webapp/,AVAILABLE}{/ozoneManager}
2019-09-12 11:35:53,218 [Thread-806] INFO  server.AbstractConnector (AbstractConnector.java:doStart(278)) - Started ServerConnector@43fb9e5d{HTTP/1.1,[http/1.1]}{0.0.0.0:35163}
2019-09-12 11:35:53,219 [Thread-806] INFO  server.Server (Server.java:doStart(419)) - Started @60287ms
2019-09-12 11:35:53,220 [Thread-806] INFO  server.BaseHttpServer (BaseHttpServer.java:updateConnectorAddress(213)) - HTTP server of OZONEMANAGER is listening at http://0.0.0.0:35163
2019-09-12 11:35:53,228 [Thread-806] INFO  impl.MetricsSystemImpl (MetricsSystemImpl.java:init(158)) - HddsDatanode metrics system started (again)
2019-09-12 11:35:53,230 [Thread-806] INFO  ozone.HddsDatanodeService (HddsDatanodeService.java:start(184)) - HddsDatanodeService host:pr-hdds-1569-58hkm-1881083799 ip:192.168.36.114
2019-09-12 11:35:53,235 [Thread-806] INFO  volume.HddsVolume (HddsVolume.java:<init>(176)) - Creating Volume: /workdir/hadoop-ozone/ozonefs/target/test-dir/MiniOzoneClusterImpl-bec828f4-ba15-4d3e-832d-771921fb3a31/datanode-0/data/containers/hdds of  storage type : DISK and capacity : 1482555576320
2019-09-12 11:35:53,236 [Thread-806] INFO  volume.VolumeSet (VolumeSet.java:initializeVolumeSet(170)) - Added Volume : /workdir/hadoop-ozone/ozonefs/target/test-dir/MiniOzoneClusterImpl-bec828f4-ba15-4d3e-832d-771921fb3a31/datanode-0/data/containers/hdds to VolumeSet
2019-09-12 11:35:53,236 [Thread-806] INFO  volume.ThrottledAsyncChecker (ThrottledAsyncChecker.java:schedule(140)) - Scheduling a check for org.apache.hadoop.ozone.container.common.volume.HddsVolume@7bd9a00a
2019-09-12 11:35:53,236 [Thread-806] INFO  volume.HddsVolumeChecker (HddsVolumeChecker.java:checkAllVolumes(203)) - Scheduled health check for volume org.apache.hadoop.ozone.container.common.volume.HddsVolume@7bd9a00a
2019-09-12 11:35:53,259 [Thread-806] INFO  impl.RaftServerProxy (ConfUtils.java:logGet(43)) - raft.rpc.type = GRPC (default)
2019-09-12 11:35:53,259 [Thread-806] INFO  grpc.GrpcFactory (GrpcFactory.java:checkPooledByteBufAllocatorUseCacheForAllThreads(45)) - PERFORMANCE WARNING: useCacheForAllThreads is true that may cause Netty to create a lot garbage objects and, as a result, trigger GC.
	It is recommended to disable useCacheForAllThreads by setting -Dorg.apache.ratis.thirdparty.io.netty.allocator.useCacheForAllThreads=false in command line.
2019-09-12 11:35:53,259 [Thread-806] INFO  grpc.GrpcConfigKeys$Server (ConfUtils.java:logGet(43)) - raft.grpc.server.port = 0 (default)
2019-09-12 11:35:53,260 [Thread-806] INFO  server.GrpcService (ConfUtils.java:logGet(43)) - raft.grpc.message.size.max = 33570816 (custom)
2019-09-12 11:35:53,260 [Thread-806] INFO  server.RaftServerConfigKeys (ConfUtils.java:logGet(43)) - raft.server.log.appender.buffer.byte-limit = 33554432 (custom)
2019-09-12 11:35:53,260 [Thread-806] INFO  server.GrpcService (ConfUtils.java:logGet(43)) - raft.grpc.flow.control.window = 1MB (=1048576) (default)
2019-09-12 11:35:53,260 [Thread-806] INFO  server.RaftServerConfigKeys (ConfUtils.java:logGet(43)) - raft.server.rpc.request.timeout = 3000ms (default)
2019-09-12 11:35:53,261 [Thread-806] INFO  server.RaftServerConfigKeys (ConfUtils.java:logGet(43)) - raft.server.storage.dir = [/workdir/hadoop-ozone/ozonefs/target/test-dir/MiniOzoneClusterImpl-bec828f4-ba15-4d3e-832d-771921fb3a31/datanode-0/data/ratis] (custom)
2019-09-12 11:35:53,261 [Thread-806] INFO  replication.SimpleContainerDownloader (SimpleContainerDownloader.java:<init>(72)) - Starting container downloader service to copy containers to replicate.
2019-09-12 11:35:53,262 [Thread-806] INFO  hdfs.DFSUtil (DFSUtil.java:httpServerTemplateForNNAndJN(1641)) - Starting Web-server for hddsDatanode at: http://0.0.0.0:0
2019-09-12 11:35:53,264 [Thread-806] INFO  server.AuthenticationFilter (AuthenticationFilter.java:constructSecretProvider(240)) - Unable to initialize FileSignerSecretProvider, falling back to use random secrets.
2019-09-12 11:35:53,265 [Thread-806] WARN  http.HttpRequestLog (HttpRequestLog.java:getRequestLog(97)) - Jetty request log can only be enabled using Log4j
2019-09-12 11:35:53,267 [Thread-806] INFO  http.HttpServer2 (HttpServer2.java:addGlobalFilter(975)) - Added global filter 'safety' (class=org.apache.hadoop.http.HttpServer2$QuotingInputFilter)
2019-09-12 11:35:53,268 [Thread-806] INFO  http.HttpServer2 (HttpServer2.java:addFilter(948)) - Added filter static_user_filter (class=org.apache.hadoop.http.lib.StaticUserWebFilter$StaticUserFilter) to context hddsDatanode
2019-09-12 11:35:53,268 [Thread-806] INFO  http.HttpServer2 (HttpServer2.java:addFilter(958)) - Added filter static_user_filter (class=org.apache.hadoop.http.lib.StaticUserWebFilter$StaticUserFilter) to context logs
2019-09-12 11:35:53,268 [Thread-806] INFO  http.HttpServer2 (HttpServer2.java:addFilter(958)) - Added filter static_user_filter (class=org.apache.hadoop.http.lib.StaticUserWebFilter$StaticUserFilter) to context static
2019-09-12 11:35:53,269 [Thread-806] INFO  http.HttpServer2 (HttpServer2.java:bindListener(1191)) - Jetty bound to port 39490
2019-09-12 11:35:53,269 [Thread-806] INFO  server.Server (Server.java:doStart(351)) - jetty-9.3.24.v20180605, build timestamp: 2018-06-05T17:11:56Z, git hash: 84205aa28f11a4f31f2a3b86d1bba2cc8ab69827
2019-09-12 11:35:53,271 [Thread-806] INFO  handler.ContextHandler (ContextHandler.java:doStart(781)) - Started o.e.j.s.ServletContextHandler@103bdb5c{/logs,file:///workdir/hadoop-ozone/ozonefs/target/log,AVAILABLE}
2019-09-12 11:35:53,272 [Thread-806] INFO  handler.ContextHandler (ContextHandler.java:doStart(781)) - Started o.e.j.s.ServletContextHandler@7de1d98d{/static,jar:file:/home/user/.m2/repository/org/apache/hadoop/hadoop-hdds-container-service/0.5.0-SNAPSHOT/hadoop-hdds-container-service-0.5.0-SNAPSHOT.jar!/webapps/static,AVAILABLE}
2019-09-12 11:35:53,300 [Thread-806] INFO  handler.ContextHandler (ContextHandler.java:doStart(781)) - Started o.e.j.w.WebAppContext@1ec857fc{/,file:///tmp/jetty-0.0.0.0-39490-hddsDatanode-_-any-2782531957173656815.dir/webapp/,AVAILABLE}{/hddsDatanode}
2019-09-12 11:35:53,301 [Thread-806] INFO  server.AbstractConnector (AbstractConnector.java:doStart(278)) - Started ServerConnector@67c51aee{HTTP/1.1,[http/1.1]}{0.0.0.0:39490}
2019-09-12 11:35:53,302 [Thread-806] INFO  server.Server (Server.java:doStart(419)) - Started @60370ms
2019-09-12 11:35:53,303 [Thread-806] INFO  server.BaseHttpServer (BaseHttpServer.java:updateConnectorAddress(213)) - HTTP server of HDDSDATANODE is listening at http://0.0.0.0:39490
2019-09-12 11:35:53,430 | INFO  | ObjectStoreRestHttpServer | Listening HDDS REST traffic on /0.0.0.0:39068 |  
2019-09-12 11:35:53,430 [Thread-806] INFO  ozone.HddsDatanodeService (HddsDatanodeService.java:startPlugins(395)) - Started plug-in org.apache.hadoop.ozone.web.OzoneHddsDatanodeService@66ab8462
2019-09-12 11:35:53,430 [Thread-806] INFO  impl.MetricsSystemImpl (MetricsSystemImpl.java:init(158)) - HddsDatanode metrics system started (again)
2019-09-12 11:35:53,433 [org.apache.hadoop.util.JvmPauseMonitor$Monitor@3ace12c7] INFO  util.JvmPauseMonitor (JvmPauseMonitor.java:run(188)) - Starting JVM pause monitor
2019-09-12 11:35:53,433 [Thread-806] INFO  ozone.HddsDatanodeService (HddsDatanodeService.java:start(184)) - HddsDatanodeService host:pr-hdds-1569-58hkm-1881083799 ip:192.168.36.114
2019-09-12 11:35:53,435 [Datanode State Machine Thread - 0] INFO  datanode.InitDatanodeState (InitDatanodeState.java:persistContainerDatanodeDetails(140)) - DatanodeDetails is persisted to /workdir/hadoop-ozone/ozonefs/target/test-dir/MiniOzoneClusterImpl-bec828f4-ba15-4d3e-832d-771921fb3a31/datanode-0/meta/datanode.id
2019-09-12 11:35:53,440 [Thread-806] INFO  volume.HddsVolume (HddsVolume.java:<init>(176)) - Creating Volume: /workdir/hadoop-ozone/ozonefs/target/test-dir/MiniOzoneClusterImpl-bec828f4-ba15-4d3e-832d-771921fb3a31/datanode-1/data/containers/hdds of  storage type : DISK and capacity : 1482555576320
2019-09-12 11:35:53,440 [Thread-806] INFO  volume.VolumeSet (VolumeSet.java:initializeVolumeSet(170)) - Added Volume : /workdir/hadoop-ozone/ozonefs/target/test-dir/MiniOzoneClusterImpl-bec828f4-ba15-4d3e-832d-771921fb3a31/datanode-1/data/containers/hdds to VolumeSet
2019-09-12 11:35:53,441 [Thread-806] INFO  volume.ThrottledAsyncChecker (ThrottledAsyncChecker.java:schedule(140)) - Scheduling a check for org.apache.hadoop.ozone.container.common.volume.HddsVolume@5fdda9a4
2019-09-12 11:35:53,441 [Thread-806] INFO  volume.HddsVolumeChecker (HddsVolumeChecker.java:checkAllVolumes(203)) - Scheduled health check for volume org.apache.hadoop.ozone.container.common.volume.HddsVolume@5fdda9a4
2019-09-12 11:35:53,460 [Thread-806] INFO  impl.RaftServerProxy (ConfUtils.java:logGet(43)) - raft.rpc.type = GRPC (default)
2019-09-12 11:35:53,461 [Thread-806] INFO  grpc.GrpcFactory (GrpcFactory.java:checkPooledByteBufAllocatorUseCacheForAllThreads(45)) - PERFORMANCE WARNING: useCacheForAllThreads is true that may cause Netty to create a lot garbage objects and, as a result, trigger GC.
	It is recommended to disable useCacheForAllThreads by setting -Dorg.apache.ratis.thirdparty.io.netty.allocator.useCacheForAllThreads=false in command line.
2019-09-12 11:35:53,461 [Thread-806] INFO  grpc.GrpcConfigKeys$Server (ConfUtils.java:logGet(43)) - raft.grpc.server.port = 0 (default)
2019-09-12 11:35:53,461 [Thread-806] INFO  server.GrpcService (ConfUtils.java:logGet(43)) - raft.grpc.message.size.max = 33570816 (custom)
2019-09-12 11:35:53,461 [Thread-806] INFO  server.RaftServerConfigKeys (ConfUtils.java:logGet(43)) - raft.server.log.appender.buffer.byte-limit = 33554432 (custom)
2019-09-12 11:35:53,461 [Thread-806] INFO  server.GrpcService (ConfUtils.java:logGet(43)) - raft.grpc.flow.control.window = 1MB (=1048576) (default)
2019-09-12 11:35:53,461 [Thread-806] INFO  server.RaftServerConfigKeys (ConfUtils.java:logGet(43)) - raft.server.rpc.request.timeout = 3000ms (default)
2019-09-12 11:35:53,462 [Thread-806] INFO  server.RaftServerConfigKeys (ConfUtils.java:logGet(43)) - raft.server.storage.dir = [/workdir/hadoop-ozone/ozonefs/target/test-dir/MiniOzoneClusterImpl-bec828f4-ba15-4d3e-832d-771921fb3a31/datanode-1/data/ratis] (custom)
2019-09-12 11:35:53,462 [Thread-806] INFO  replication.SimpleContainerDownloader (SimpleContainerDownloader.java:<init>(72)) - Starting container downloader service to copy containers to replicate.
2019-09-12 11:35:53,463 [Thread-806] INFO  hdfs.DFSUtil (DFSUtil.java:httpServerTemplateForNNAndJN(1641)) - Starting Web-server for hddsDatanode at: http://0.0.0.0:0
2019-09-12 11:35:53,465 [Thread-806] INFO  server.AuthenticationFilter (AuthenticationFilter.java:constructSecretProvider(240)) - Unable to initialize FileSignerSecretProvider, falling back to use random secrets.
2019-09-12 11:35:53,465 [Thread-806] WARN  http.HttpRequestLog (HttpRequestLog.java:getRequestLog(97)) - Jetty request log can only be enabled using Log4j
2019-09-12 11:35:53,467 [Thread-806] INFO  http.HttpServer2 (HttpServer2.java:addGlobalFilter(975)) - Added global filter 'safety' (class=org.apache.hadoop.http.HttpServer2$QuotingInputFilter)
2019-09-12 11:35:53,467 [Thread-806] INFO  http.HttpServer2 (HttpServer2.java:addFilter(948)) - Added filter static_user_filter (class=org.apache.hadoop.http.lib.StaticUserWebFilter$StaticUserFilter) to context hddsDatanode
2019-09-12 11:35:53,468 [Thread-806] INFO  http.HttpServer2 (HttpServer2.java:addFilter(958)) - Added filter static_user_filter (class=org.apache.hadoop.http.lib.StaticUserWebFilter$StaticUserFilter) to context logs
2019-09-12 11:35:53,468 [Thread-806] INFO  http.HttpServer2 (HttpServer2.java:addFilter(958)) - Added filter static_user_filter (class=org.apache.hadoop.http.lib.StaticUserWebFilter$StaticUserFilter) to context static
2019-09-12 11:35:53,468 [Thread-806] INFO  http.HttpServer2 (HttpServer2.java:bindListener(1191)) - Jetty bound to port 45872
2019-09-12 11:35:53,468 [Thread-806] INFO  server.Server (Server.java:doStart(351)) - jetty-9.3.24.v20180605, build timestamp: 2018-06-05T17:11:56Z, git hash: 84205aa28f11a4f31f2a3b86d1bba2cc8ab69827
2019-09-12 11:35:53,470 [Thread-806] INFO  handler.ContextHandler (ContextHandler.java:doStart(781)) - Started o.e.j.s.ServletContextHandler@339e0d8a{/logs,file:///workdir/hadoop-ozone/ozonefs/target/log,AVAILABLE}
2019-09-12 11:35:53,470 [Thread-806] INFO  handler.ContextHandler (ContextHandler.java:doStart(781)) - Started o.e.j.s.ServletContextHandler@20967dbe{/static,jar:file:/home/user/.m2/repository/org/apache/hadoop/hadoop-hdds-container-service/0.5.0-SNAPSHOT/hadoop-hdds-container-service-0.5.0-SNAPSHOT.jar!/webapps/static,AVAILABLE}
2019-09-12 11:35:53,497 [Thread-806] INFO  handler.ContextHandler (ContextHandler.java:doStart(781)) - Started o.e.j.w.WebAppContext@37cc51eb{/,file:///tmp/jetty-0.0.0.0-45872-hddsDatanode-_-any-5206625680391356540.dir/webapp/,AVAILABLE}{/hddsDatanode}
2019-09-12 11:35:53,497 [Thread-806] INFO  server.AbstractConnector (AbstractConnector.java:doStart(278)) - Started ServerConnector@7916105d{HTTP/1.1,[http/1.1]}{0.0.0.0:45872}
2019-09-12 11:35:53,498 [Thread-806] INFO  server.Server (Server.java:doStart(419)) - Started @60566ms
2019-09-12 11:35:53,499 [Thread-806] INFO  server.BaseHttpServer (BaseHttpServer.java:updateConnectorAddress(213)) - HTTP server of HDDSDATANODE is listening at http://0.0.0.0:45872
2019-09-12 11:35:53,647 | INFO  | ObjectStoreRestHttpServer | Listening HDDS REST traffic on /0.0.0.0:34282 |  
2019-09-12 11:35:53,647 [Thread-806] INFO  ozone.HddsDatanodeService (HddsDatanodeService.java:startPlugins(395)) - Started plug-in org.apache.hadoop.ozone.web.OzoneHddsDatanodeService@b24e324
2019-09-12 11:35:53,647 [Thread-806] INFO  impl.MetricsSystemImpl (MetricsSystemImpl.java:init(158)) - HddsDatanode metrics system started (again)
2019-09-12 11:35:53,650 [org.apache.hadoop.util.JvmPauseMonitor$Monitor@335897e9] INFO  util.JvmPauseMonitor (JvmPauseMonitor.java:run(188)) - Starting JVM pause monitor
2019-09-12 11:35:53,651 [Thread-806] INFO  ozone.HddsDatanodeService (HddsDatanodeService.java:start(184)) - HddsDatanodeService host:pr-hdds-1569-58hkm-1881083799 ip:192.168.36.114
2019-09-12 11:35:53,652 [Datanode State Machine Thread - 0] INFO  datanode.InitDatanodeState (InitDatanodeState.java:persistContainerDatanodeDetails(140)) - DatanodeDetails is persisted to /workdir/hadoop-ozone/ozonefs/target/test-dir/MiniOzoneClusterImpl-bec828f4-ba15-4d3e-832d-771921fb3a31/datanode-1/meta/datanode.id
2019-09-12 11:35:53,658 [Thread-806] INFO  volume.HddsVolume (HddsVolume.java:<init>(176)) - Creating Volume: /workdir/hadoop-ozone/ozonefs/target/test-dir/MiniOzoneClusterImpl-bec828f4-ba15-4d3e-832d-771921fb3a31/datanode-2/data/containers/hdds of  storage type : DISK and capacity : 1482555576320
2019-09-12 11:35:53,658 [Thread-806] INFO  volume.VolumeSet (VolumeSet.java:initializeVolumeSet(170)) - Added Volume : /workdir/hadoop-ozone/ozonefs/target/test-dir/MiniOzoneClusterImpl-bec828f4-ba15-4d3e-832d-771921fb3a31/datanode-2/data/containers/hdds to VolumeSet
2019-09-12 11:35:53,658 [Thread-806] INFO  volume.ThrottledAsyncChecker (ThrottledAsyncChecker.java:schedule(140)) - Scheduling a check for org.apache.hadoop.ozone.container.common.volume.HddsVolume@706665f9
2019-09-12 11:35:53,659 [Thread-806] INFO  volume.HddsVolumeChecker (HddsVolumeChecker.java:checkAllVolumes(203)) - Scheduled health check for volume org.apache.hadoop.ozone.container.common.volume.HddsVolume@706665f9
2019-09-12 11:35:53,688 [Thread-806] INFO  impl.RaftServerProxy (ConfUtils.java:logGet(43)) - raft.rpc.type = GRPC (default)
2019-09-12 11:35:53,688 [Thread-806] INFO  grpc.GrpcFactory (GrpcFactory.java:checkPooledByteBufAllocatorUseCacheForAllThreads(45)) - PERFORMANCE WARNING: useCacheForAllThreads is true that may cause Netty to create a lot garbage objects and, as a result, trigger GC.
	It is recommended to disable useCacheForAllThreads by setting -Dorg.apache.ratis.thirdparty.io.netty.allocator.useCacheForAllThreads=false in command line.
2019-09-12 11:35:53,688 [Thread-806] INFO  grpc.GrpcConfigKeys$Server (ConfUtils.java:logGet(43)) - raft.grpc.server.port = 0 (default)
2019-09-12 11:35:53,689 [Thread-806] INFO  server.GrpcService (ConfUtils.java:logGet(43)) - raft.grpc.message.size.max = 33570816 (custom)
2019-09-12 11:35:53,689 [Thread-806] INFO  server.RaftServerConfigKeys (ConfUtils.java:logGet(43)) - raft.server.log.appender.buffer.byte-limit = 33554432 (custom)
2019-09-12 11:35:53,689 [Thread-806] INFO  server.GrpcService (ConfUtils.java:logGet(43)) - raft.grpc.flow.control.window = 1MB (=1048576) (default)
2019-09-12 11:35:53,689 [Thread-806] INFO  server.RaftServerConfigKeys (ConfUtils.java:logGet(43)) - raft.server.rpc.request.timeout = 3000ms (default)
2019-09-12 11:35:53,690 [Thread-806] INFO  server.RaftServerConfigKeys (ConfUtils.java:logGet(43)) - raft.server.storage.dir = [/workdir/hadoop-ozone/ozonefs/target/test-dir/MiniOzoneClusterImpl-bec828f4-ba15-4d3e-832d-771921fb3a31/datanode-2/data/ratis] (custom)
2019-09-12 11:35:53,690 [Thread-806] INFO  replication.SimpleContainerDownloader (SimpleContainerDownloader.java:<init>(72)) - Starting container downloader service to copy containers to replicate.
2019-09-12 11:35:53,691 [Thread-806] INFO  hdfs.DFSUtil (DFSUtil.java:httpServerTemplateForNNAndJN(1641)) - Starting Web-server for hddsDatanode at: http://0.0.0.0:0
2019-09-12 11:35:53,694 [Thread-806] INFO  server.AuthenticationFilter (AuthenticationFilter.java:constructSecretProvider(240)) - Unable to initialize FileSignerSecretProvider, falling back to use random secrets.
2019-09-12 11:35:53,694 [Thread-806] WARN  http.HttpRequestLog (HttpRequestLog.java:getRequestLog(97)) - Jetty request log can only be enabled using Log4j
2019-09-12 11:35:53,696 [Thread-806] INFO  http.HttpServer2 (HttpServer2.java:addGlobalFilter(975)) - Added global filter 'safety' (class=org.apache.hadoop.http.HttpServer2$QuotingInputFilter)
2019-09-12 11:35:53,696 [Thread-806] INFO  http.HttpServer2 (HttpServer2.java:addFilter(948)) - Added filter static_user_filter (class=org.apache.hadoop.http.lib.StaticUserWebFilter$StaticUserFilter) to context hddsDatanode
2019-09-12 11:35:53,697 [Thread-806] INFO  http.HttpServer2 (HttpServer2.java:addFilter(958)) - Added filter static_user_filter (class=org.apache.hadoop.http.lib.StaticUserWebFilter$StaticUserFilter) to context static
2019-09-12 11:35:53,697 [Thread-806] INFO  http.HttpServer2 (HttpServer2.java:addFilter(958)) - Added filter static_user_filter (class=org.apache.hadoop.http.lib.StaticUserWebFilter$StaticUserFilter) to context logs
2019-09-12 11:35:53,697 [Thread-806] INFO  http.HttpServer2 (HttpServer2.java:bindListener(1191)) - Jetty bound to port 33701
2019-09-12 11:35:53,697 [Thread-806] INFO  server.Server (Server.java:doStart(351)) - jetty-9.3.24.v20180605, build timestamp: 2018-06-05T17:11:56Z, git hash: 84205aa28f11a4f31f2a3b86d1bba2cc8ab69827
2019-09-12 11:35:53,699 [Thread-806] INFO  handler.ContextHandler (ContextHandler.java:doStart(781)) - Started o.e.j.s.ServletContextHandler@125d1524{/logs,file:///workdir/hadoop-ozone/ozonefs/target/log,AVAILABLE}
2019-09-12 11:35:53,699 [Thread-806] INFO  handler.ContextHandler (ContextHandler.java:doStart(781)) - Started o.e.j.s.ServletContextHandler@5ea11621{/static,jar:file:/home/user/.m2/repository/org/apache/hadoop/hadoop-hdds-container-service/0.5.0-SNAPSHOT/hadoop-hdds-container-service-0.5.0-SNAPSHOT.jar!/webapps/static,AVAILABLE}
2019-09-12 11:35:53,726 [Thread-806] INFO  handler.ContextHandler (ContextHandler.java:doStart(781)) - Started o.e.j.w.WebAppContext@610d9f26{/,file:///tmp/jetty-0.0.0.0-33701-hddsDatanode-_-any-4133918193255931916.dir/webapp/,AVAILABLE}{/hddsDatanode}
2019-09-12 11:35:53,727 [Thread-806] INFO  server.AbstractConnector (AbstractConnector.java:doStart(278)) - Started ServerConnector@a5f599e{HTTP/1.1,[http/1.1]}{0.0.0.0:33701}
2019-09-12 11:35:53,728 [Thread-806] INFO  server.Server (Server.java:doStart(419)) - Started @60796ms
2019-09-12 11:35:53,729 [Thread-806] INFO  server.BaseHttpServer (BaseHttpServer.java:updateConnectorAddress(213)) - HTTP server of HDDSDATANODE is listening at http://0.0.0.0:33701
2019-09-12 11:35:53,854 | INFO  | ObjectStoreRestHttpServer | Listening HDDS REST traffic on /0.0.0.0:35978 |  
2019-09-12 11:35:53,854 [Thread-806] INFO  ozone.HddsDatanodeService (HddsDatanodeService.java:startPlugins(395)) - Started plug-in org.apache.hadoop.ozone.web.OzoneHddsDatanodeService@480b6030
2019-09-12 11:35:53,854 [Thread-806] INFO  ozone.MiniOzoneClusterImpl (MiniOzoneClusterImpl.java:lambda$waitForClusterToBeReady$0(142)) - Waiting for cluster to be ready. Got 0 of 3 DN Heartbeats.
2019-09-12 11:35:53,856 [org.apache.hadoop.util.JvmPauseMonitor$Monitor@68bb05c5] INFO  util.JvmPauseMonitor (JvmPauseMonitor.java:run(188)) - Starting JVM pause monitor
2019-09-12 11:35:53,859 [Datanode State Machine Thread - 0] INFO  datanode.InitDatanodeState (InitDatanodeState.java:persistContainerDatanodeDetails(140)) - DatanodeDetails is persisted to /workdir/hadoop-ozone/ozonefs/target/test-dir/MiniOzoneClusterImpl-bec828f4-ba15-4d3e-832d-771921fb3a31/datanode-2/meta/datanode.id
2019-09-12 11:35:54,855 [Thread-806] INFO  ozone.MiniOzoneClusterImpl (MiniOzoneClusterImpl.java:lambda$waitForClusterToBeReady$0(142)) - Waiting for cluster to be ready. Got 0 of 3 DN Heartbeats.
2019-09-12 11:35:55,437 | INFO  | SCMAudit | user=jenkins1000 | ip=192.168.36.114 | op=GET_VERSION null | ret=SUCCESS |  
2019-09-12 11:35:55,452 [Datanode State Machine Thread - 0] INFO  ozoneimpl.OzoneContainer (OzoneContainer.java:start(186)) - Attempting to start container services.
2019-09-12 11:35:55,453 [Datanode State Machine Thread - 0] INFO  ozoneimpl.OzoneContainer (OzoneContainer.java:startContainerScrub(160)) - Background container scrubber has been disabled by hdds.containerscrub.enabled
2019-09-12 11:35:55,453 [Datanode State Machine Thread - 0] INFO  ratis.XceiverServerRatis (XceiverServerRatis.java:start(404)) - Starting XceiverServerRatis 6661f358-369a-4112-b2ad-dc5770b37a80 at port 0
2019-09-12 11:35:55,460 [Datanode State Machine Thread - 0] INFO  impl.RaftServerProxy (RaftServerProxy.java:lambda$start$3(299)) - 6661f358-369a-4112-b2ad-dc5770b37a80: start RPC server
2019-09-12 11:35:55,463 [Datanode State Machine Thread - 0] INFO  server.GrpcService (GrpcService.java:startImpl(149)) - 6661f358-369a-4112-b2ad-dc5770b37a80: GrpcService started, listening on 0.0.0.0/0.0.0.0:35869
2019-09-12 11:35:55,463 [Datanode State Machine Thread - 0] INFO  ratis.XceiverServerRatis (XceiverServerRatis.java:start(414)) - XceiverServerRatis 6661f358-369a-4112-b2ad-dc5770b37a80 is started using port 35869
2019-09-12 11:35:55,468 [Datanode State Machine Thread - 0] INFO  server.XceiverServerGrpc (XceiverServerGrpc.java:start(163)) - XceiverServerGrpc 6661f358-369a-4112-b2ad-dc5770b37a80 is started using port 35390
2019-09-12 11:35:55,651 | INFO  | SCMAudit | user=jenkins1000 | ip=192.168.36.114 | op=GET_VERSION null | ret=SUCCESS |  
2019-09-12 11:35:55,674 [Datanode State Machine Thread - 0] INFO  ozoneimpl.OzoneContainer (OzoneContainer.java:start(186)) - Attempting to start container services.
2019-09-12 11:35:55,675 [Datanode State Machine Thread - 0] INFO  ozoneimpl.OzoneContainer (OzoneContainer.java:startContainerScrub(160)) - Background container scrubber has been disabled by hdds.containerscrub.enabled
2019-09-12 11:35:55,675 [Datanode State Machine Thread - 0] INFO  ratis.XceiverServerRatis (XceiverServerRatis.java:start(404)) - Starting XceiverServerRatis 6daa7f41-8dea-4799-8bce-e60ff6f7b764 at port 0
2019-09-12 11:35:55,681 [Datanode State Machine Thread - 0] INFO  impl.RaftServerProxy (RaftServerProxy.java:lambda$start$3(299)) - 6daa7f41-8dea-4799-8bce-e60ff6f7b764: start RPC server
2019-09-12 11:35:55,683 [Datanode State Machine Thread - 0] INFO  server.GrpcService (GrpcService.java:startImpl(149)) - 6daa7f41-8dea-4799-8bce-e60ff6f7b764: GrpcService started, listening on 0.0.0.0/0.0.0.0:44429
2019-09-12 11:35:55,683 [Datanode State Machine Thread - 0] INFO  ratis.XceiverServerRatis (XceiverServerRatis.java:start(414)) - XceiverServerRatis 6daa7f41-8dea-4799-8bce-e60ff6f7b764 is started using port 44429
2019-09-12 11:35:55,685 [Datanode State Machine Thread - 0] INFO  server.XceiverServerGrpc (XceiverServerGrpc.java:start(163)) - XceiverServerGrpc 6daa7f41-8dea-4799-8bce-e60ff6f7b764 is started using port 46618
2019-09-12 11:35:55,855 [Thread-806] INFO  ozone.MiniOzoneClusterImpl (MiniOzoneClusterImpl.java:lambda$waitForClusterToBeReady$0(142)) - Waiting for cluster to be ready. Got 0 of 3 DN Heartbeats.
2019-09-12 11:35:55,858 | INFO  | SCMAudit | user=jenkins1000 | ip=192.168.36.114 | op=GET_VERSION null | ret=SUCCESS |  
2019-09-12 11:35:55,879 [Datanode State Machine Thread - 0] INFO  ozoneimpl.OzoneContainer (OzoneContainer.java:start(186)) - Attempting to start container services.
2019-09-12 11:35:55,879 [Datanode State Machine Thread - 0] INFO  ozoneimpl.OzoneContainer (OzoneContainer.java:startContainerScrub(160)) - Background container scrubber has been disabled by hdds.containerscrub.enabled
2019-09-12 11:35:55,879 [Datanode State Machine Thread - 0] INFO  ratis.XceiverServerRatis (XceiverServerRatis.java:start(404)) - Starting XceiverServerRatis 432584d5-88c8-490c-9346-3a88872a0c9f at port 0
2019-09-12 11:35:55,886 [Datanode State Machine Thread - 0] INFO  impl.RaftServerProxy (RaftServerProxy.java:lambda$start$3(299)) - 432584d5-88c8-490c-9346-3a88872a0c9f: start RPC server
2019-09-12 11:35:55,887 [Datanode State Machine Thread - 0] INFO  server.GrpcService (GrpcService.java:startImpl(149)) - 432584d5-88c8-490c-9346-3a88872a0c9f: GrpcService started, listening on 0.0.0.0/0.0.0.0:36716
2019-09-12 11:35:55,887 [Datanode State Machine Thread - 0] INFO  ratis.XceiverServerRatis (XceiverServerRatis.java:start(414)) - XceiverServerRatis 432584d5-88c8-490c-9346-3a88872a0c9f is started using port 36716
2019-09-12 11:35:55,889 [Datanode State Machine Thread - 0] INFO  server.XceiverServerGrpc (XceiverServerGrpc.java:start(163)) - XceiverServerGrpc 432584d5-88c8-490c-9346-3a88872a0c9f is started using port 43576
2019-09-12 11:35:56,858 [Thread-806] INFO  ozone.MiniOzoneClusterImpl (MiniOzoneClusterImpl.java:lambda$waitForClusterToBeReady$0(142)) - Waiting for cluster to be ready. Got 0 of 3 DN Heartbeats.
2019-09-12 11:35:57,437 [IPC Server handler 1 on 33152] INFO  net.NetworkTopology (NetworkTopologyImpl.java:add(110)) - Added a new node: /default-rack/6661f358-369a-4112-b2ad-dc5770b37a80
2019-09-12 11:35:57,438 [IPC Server handler 1 on 33152] INFO  node.SCMNodeManager (SCMNodeManager.java:register(273)) - Registered Data node : 6661f358-369a-4112-b2ad-dc5770b37a80{ip: 192.168.36.114, host: pr-hdds-1569-58hkm-1881083799, networkLocation: /default-rack, certSerialId: null}
2019-09-12 11:35:57,439 [EventQueue-NodeRegistrationContainerReportForDataNodeSafeModeRule] INFO  safemode.SCMSafeModeManager (DataNodeSafeModeRule.java:process(71)) - SCM in safe mode. 1 DataNodes registered, 1 required.
2019-09-12 11:35:57,439 | INFO  | SCMAudit | user=jenkins1000 | ip=192.168.36.114 | op=REGISTER {datanodeDetails=6661f358-369a-4112-b2ad-dc5770b37a80{ip: 192.168.36.114, host: pr-hdds-1569-58hkm-1881083799, networkLocation: /default-rack, certSerialId: null}} | ret=SUCCESS |  
2019-09-12 11:35:57,440 [EventQueue-NodeRegistrationContainerReportForDataNodeSafeModeRule] INFO  safemode.SCMSafeModeManager (SCMSafeModeManager.java:validateSafeModeExitRules(177)) - ScmSafeModeManager, all rules are successfully validated
2019-09-12 11:35:57,440 [EventQueue-NodeRegistrationContainerReportForDataNodeSafeModeRule] INFO  safemode.SCMSafeModeManager (SCMSafeModeManager.java:exitSafeMode(193)) - SCM exiting safe mode.
2019-09-12 11:35:57,451 [grpc-default-executor-0] INFO  impl.RaftServerProxy (RaftServerProxy.java:addNew(89)) - 6661f358-369a-4112-b2ad-dc5770b37a80: addNew group-EDF16888BB61:[6661f358-369a-4112-b2ad-dc5770b37a80:192.168.36.114:35869] returns group-EDF16888BB61:java.util.concurrent.CompletableFuture@1abd6617[Not completed]
2019-09-12 11:35:57,452 [pool-186-thread-1] INFO  impl.RaftServerImpl (RaftServerImpl.java:<init>(93)) - 6661f358-369a-4112-b2ad-dc5770b37a80: new RaftServerImpl for group-EDF16888BB61:[6661f358-369a-4112-b2ad-dc5770b37a80:192.168.36.114:35869] with ContainerStateMachine:uninitialized
2019-09-12 11:35:57,452 [pool-186-thread-1] INFO  server.RaftServerConfigKeys (ConfUtils.java:logGet(43)) - raft.server.rpc.timeout.min = 5s (custom)
2019-09-12 11:35:57,452 [pool-186-thread-1] INFO  server.RaftServerConfigKeys (ConfUtils.java:logGet(43)) - raft.server.rpc.timeout.max = 5200ms (custom)
2019-09-12 11:35:57,452 [pool-186-thread-1] INFO  server.RaftServerConfigKeys (ConfUtils.java:logGet(43)) - raft.server.rpcslowness.timeout = 120s (custom)
2019-09-12 11:35:57,452 [pool-186-thread-1] INFO  server.RaftServerConfigKeys (ConfUtils.java:logGet(43)) - raft.server.sleep.deviation.threshold = 300 (default)
2019-09-12 11:35:57,452 [pool-186-thread-1] INFO  server.RaftServerConfigKeys (ConfUtils.java:logGet(43)) - raft.server.log.appender.install.snapshot.enabled = false (custom)
2019-09-12 11:35:57,452 [pool-186-thread-1] INFO  impl.RaftServerImpl (ServerState.java:<init>(105)) - 6661f358-369a-4112-b2ad-dc5770b37a80:group-EDF16888BB61 ConfigurationManager, init=-1: [6661f358-369a-4112-b2ad-dc5770b37a80:192.168.36.114:35869], old=null, confs=<EMPTY_MAP>
2019-09-12 11:35:57,453 [pool-186-thread-1] INFO  server.RaftServerConfigKeys (ConfUtils.java:logGet(43)) - raft.server.storage.dir = [/workdir/hadoop-ozone/ozonefs/target/test-dir/MiniOzoneClusterImpl-bec828f4-ba15-4d3e-832d-771921fb3a31/datanode-0/data/ratis] (custom)
2019-09-12 11:35:57,453 [pool-186-thread-1] INFO  storage.RaftStorageDirectory (RaftStorageDirectory.java:analyzeStorage(246)) - The storage directory /workdir/hadoop-ozone/ozonefs/target/test-dir/MiniOzoneClusterImpl-bec828f4-ba15-4d3e-832d-771921fb3a31/datanode-0/data/ratis/e778e859-20a9-4a36-b060-edf16888bb61 does not exist. Creating ...
2019-09-12 11:35:57,466 [pool-186-thread-1] INFO  storage.RaftStorageDirectory (RaftStorageDirectory.java:tryLock(328)) - Lock on /workdir/hadoop-ozone/ozonefs/target/test-dir/MiniOzoneClusterImpl-bec828f4-ba15-4d3e-832d-771921fb3a31/datanode-0/data/ratis/e778e859-20a9-4a36-b060-edf16888bb61/in_use.lock acquired by nodename 26908@pr-hdds-1569-58hkm-1881083799
2019-09-12 11:35:57,479 [pool-186-thread-1] INFO  storage.RaftStorage (RaftStorage.java:format(72)) - Storage directory /workdir/hadoop-ozone/ozonefs/target/test-dir/MiniOzoneClusterImpl-bec828f4-ba15-4d3e-832d-771921fb3a31/datanode-0/data/ratis/e778e859-20a9-4a36-b060-edf16888bb61 has been successfully formatted.
2019-09-12 11:35:57,479 [pool-186-thread-1] INFO  ratis.ContainerStateMachine (ContainerStateMachine.java:loadSnapshot(226)) - group-EDF16888BB61: The snapshot info is null. Setting the last applied indexto:(t:0, i:~)
2019-09-12 11:35:57,479 [pool-186-thread-1] INFO  server.RaftServerConfigKeys (ConfUtils.java:logGet(43)) - raft.server.leader.election.timeout = 120s (custom)
2019-09-12 11:35:57,480 [pool-186-thread-1] INFO  server.RaftServerConfigKeys (ConfUtils.java:logGet(43)) - raft.server.log.use.memory = false (default)
2019-09-12 11:35:57,480 [pool-186-thread-1] INFO  server.RaftServerConfigKeys (ConfUtils.java:logGet(43)) - raft.server.log.purge.gap = 1000000 (custom)
2019-09-12 11:35:57,480 [pool-186-thread-1] INFO  server.RaftServerConfigKeys (ConfUtils.java:logGet(43)) - raft.server.log.appender.buffer.byte-limit = 33554432 (custom)
2019-09-12 11:35:57,480 [pool-186-thread-1] INFO  server.RaftServerConfigKeys (ConfUtils.java:logGet(43)) - raft.server.log.segment.size.max = 1048576 (custom)
2019-09-12 11:35:57,480 [pool-186-thread-1] INFO  server.RaftServerConfigKeys (ConfUtils.java:logGet(43)) - raft.server.log.segment.cache.num.max = 2 (custom)
2019-09-12 11:35:57,481 [pool-186-thread-1] INFO  segmented.SegmentedRaftLogWorker (SegmentedRaftLogWorker.java:<init>(172)) - new 6661f358-369a-4112-b2ad-dc5770b37a80-SegmentedRaftLogWorker:Storage Directory /workdir/hadoop-ozone/ozonefs/target/test-dir/MiniOzoneClusterImpl-bec828f4-ba15-4d3e-832d-771921fb3a31/datanode-0/data/ratis/e778e859-20a9-4a36-b060-edf16888bb61 for RaftStorage:Storage Directory /workdir/hadoop-ozone/ozonefs/target/test-dir/MiniOzoneClusterImpl-bec828f4-ba15-4d3e-832d-771921fb3a31/datanode-0/data/ratis/e778e859-20a9-4a36-b060-edf16888bb61
2019-09-12 11:35:57,481 [pool-186-thread-1] INFO  server.RaftServerConfigKeys (ConfUtils.java:logGet(43)) - raft.server.log.queue.byte-limit = 2147483647 (custom)
2019-09-12 11:35:57,481 [pool-186-thread-1] INFO  server.RaftServerConfigKeys (ConfUtils.java:logGet(43)) - raft.server.log.queue.element-limit = 1024 (custom)
2019-09-12 11:35:57,481 [pool-186-thread-1] INFO  server.RaftServerConfigKeys (ConfUtils.java:logGet(43)) - raft.server.log.segment.size.max = 1048576 (custom)
2019-09-12 11:35:57,481 [pool-186-thread-1] INFO  server.RaftServerConfigKeys (ConfUtils.java:logGet(43)) - raft.server.log.preallocated.size = 16384 (custom)
2019-09-12 11:35:57,481 [pool-186-thread-1] INFO  server.RaftServerConfigKeys (ConfUtils.java:logGet(43)) - raft.server.log.write.buffer.size = 33554432 (custom)
2019-09-12 11:35:57,481 [pool-186-thread-1] INFO  server.RaftServerConfigKeys (ConfUtils.java:logGet(43)) - raft.server.log.force.sync.num = 128 (default)
2019-09-12 11:35:57,482 [pool-186-thread-1] INFO  server.RaftServerConfigKeys (ConfUtils.java:logGet(43)) - raft.server.log.statemachine.data.sync = true (default)
2019-09-12 11:35:57,482 [pool-186-thread-1] INFO  server.RaftServerConfigKeys (ConfUtils.java:logGet(43)) - raft.server.log.statemachine.data.sync.timeout = 10s (default)
2019-09-12 11:35:57,482 [pool-186-thread-1] INFO  server.RaftServerConfigKeys (ConfUtils.java:logGet(43)) - raft.server.log.statemachine.data.sync.timeout.retry = -1 (default)
2019-09-12 11:35:57,482 [pool-186-thread-1] INFO  server.RaftServerConfigKeys (ConfUtils.java:logGet(43)) - raft.server.log.statemachine.data.caching.enabled = true (custom)
2019-09-12 11:35:57,482 [pool-186-thread-1] INFO  segmented.SegmentedRaftLogWorker (SegmentedRaftLogWorker.java:lambda$new$0(132)) - 6661f358-369a-4112-b2ad-dc5770b37a80-SegmentedRaftLogWorker:Storage Directory /workdir/hadoop-ozone/ozonefs/target/test-dir/MiniOzoneClusterImpl-bec828f4-ba15-4d3e-832d-771921fb3a31/datanode-0/data/ratis/e778e859-20a9-4a36-b060-edf16888bb61: flushIndex: setUnconditionally 0 -> -1
2019-09-12 11:35:57,483 [pool-186-thread-1] INFO  server.RaftServerConfigKeys (ConfUtils.java:logGet(43)) - raft.server.snapshot.auto.trigger.enabled = true (custom)
2019-09-12 11:35:57,483 [pool-186-thread-1] INFO  server.RaftServerConfigKeys (ConfUtils.java:logGet(43)) - raft.server.snapshot.auto.trigger.threshold = 10000 (custom)
2019-09-12 11:35:57,483 [pool-186-thread-1] INFO  server.RaftServerConfigKeys (ConfUtils.java:logGet(43)) - raft.server.retrycache.expirytime = 600000ms (custom)
2019-09-12 11:35:57,483 [pool-186-thread-1] INFO  impl.RaftServerImpl (RaftServerImpl.java:start(180)) - 6661f358-369a-4112-b2ad-dc5770b37a80: start group-EDF16888BB61
2019-09-12 11:35:57,483 [pool-186-thread-1] INFO  impl.RaftServerImpl (RaftServerImpl.java:setRole(171)) - 6661f358-369a-4112-b2ad-dc5770b37a80:group-EDF16888BB61 changes role from null to FOLLOWER at term 0 for startAsFollower
2019-09-12 11:35:57,483 [pool-186-thread-1] INFO  impl.RoleInfo (RoleInfo.java:updateAndGet(143)) - 6661f358-369a-4112-b2ad-dc5770b37a80: start FollowerState
2019-09-12 11:35:57,484 [pool-186-thread-1] INFO  util.JmxRegister (JmxRegister.java:tryRegister(44)) - Successfully registered JMX Bean with object name Ratis:service=RaftServer,group=group-EDF16888BB61,id=6661f358-369a-4112-b2ad-dc5770b37a80
2019-09-12 11:35:57,487 [RatisPipelineUtilsThread] INFO  pipeline.PipelineStateManager (PipelineStateManager.java:addPipeline(56)) - Created pipeline Pipeline[ Id: e778e859-20a9-4a36-b060-edf16888bb61, Nodes: 6661f358-369a-4112-b2ad-dc5770b37a80{ip: 192.168.36.114, host: pr-hdds-1569-58hkm-1881083799, networkLocation: /default-rack, certSerialId: null}, Type:RATIS, Factor:ONE, State:OPEN]
2019-09-12 11:35:57,493 [grpc-default-executor-0] INFO  impl.RaftServerProxy (RaftServerProxy.java:addNew(89)) - 6661f358-369a-4112-b2ad-dc5770b37a80: addNew group-B361FA8E1E04:[6661f358-369a-4112-b2ad-dc5770b37a80:192.168.36.114:35869] returns group-B361FA8E1E04:java.util.concurrent.CompletableFuture@2bedbed6[Not completed]
2019-09-12 11:35:57,494 [pool-186-thread-1] INFO  impl.RaftServerImpl (RaftServerImpl.java:<init>(93)) - 6661f358-369a-4112-b2ad-dc5770b37a80: new RaftServerImpl for group-B361FA8E1E04:[6661f358-369a-4112-b2ad-dc5770b37a80:192.168.36.114:35869] with ContainerStateMachine:uninitialized
2019-09-12 11:35:57,494 [pool-186-thread-1] INFO  server.RaftServerConfigKeys (ConfUtils.java:logGet(43)) - raft.server.rpc.timeout.min = 5s (custom)
2019-09-12 11:35:57,494 [pool-186-thread-1] INFO  server.RaftServerConfigKeys (ConfUtils.java:logGet(43)) - raft.server.rpc.timeout.max = 5200ms (custom)
2019-09-12 11:35:57,494 [pool-186-thread-1] INFO  server.RaftServerConfigKeys (ConfUtils.java:logGet(43)) - raft.server.rpcslowness.timeout = 120s (custom)
2019-09-12 11:35:57,494 [pool-186-thread-1] INFO  server.RaftServerConfigKeys (ConfUtils.java:logGet(43)) - raft.server.sleep.deviation.threshold = 300 (default)
2019-09-12 11:35:57,494 [pool-186-thread-1] INFO  server.RaftServerConfigKeys (ConfUtils.java:logGet(43)) - raft.server.log.appender.install.snapshot.enabled = false (custom)
2019-09-12 11:35:57,494 [pool-186-thread-1] INFO  impl.RaftServerImpl (ServerState.java:<init>(105)) - 6661f358-369a-4112-b2ad-dc5770b37a80:group-B361FA8E1E04 ConfigurationManager, init=-1: [6661f358-369a-4112-b2ad-dc5770b37a80:192.168.36.114:35869], old=null, confs=<EMPTY_MAP>
2019-09-12 11:35:57,495 [pool-186-thread-1] INFO  server.RaftServerConfigKeys (ConfUtils.java:logGet(43)) - raft.server.storage.dir = [/workdir/hadoop-ozone/ozonefs/target/test-dir/MiniOzoneClusterImpl-bec828f4-ba15-4d3e-832d-771921fb3a31/datanode-0/data/ratis] (custom)
2019-09-12 11:35:57,495 [pool-186-thread-1] INFO  storage.RaftStorageDirectory (RaftStorageDirectory.java:analyzeStorage(246)) - The storage directory /workdir/hadoop-ozone/ozonefs/target/test-dir/MiniOzoneClusterImpl-bec828f4-ba15-4d3e-832d-771921fb3a31/datanode-0/data/ratis/6ed381ba-6fed-44d2-88be-b361fa8e1e04 does not exist. Creating ...
2019-09-12 11:35:57,507 [pool-186-thread-1] INFO  storage.RaftStorageDirectory (RaftStorageDirectory.java:tryLock(328)) - Lock on /workdir/hadoop-ozone/ozonefs/target/test-dir/MiniOzoneClusterImpl-bec828f4-ba15-4d3e-832d-771921fb3a31/datanode-0/data/ratis/6ed381ba-6fed-44d2-88be-b361fa8e1e04/in_use.lock acquired by nodename 26908@pr-hdds-1569-58hkm-1881083799
2019-09-12 11:35:57,520 [pool-186-thread-1] INFO  storage.RaftStorage (RaftStorage.java:format(72)) - Storage directory /workdir/hadoop-ozone/ozonefs/target/test-dir/MiniOzoneClusterImpl-bec828f4-ba15-4d3e-832d-771921fb3a31/datanode-0/data/ratis/6ed381ba-6fed-44d2-88be-b361fa8e1e04 has been successfully formatted.
2019-09-12 11:35:57,520 [pool-186-thread-1] INFO  ratis.ContainerStateMachine (ContainerStateMachine.java:loadSnapshot(226)) - group-B361FA8E1E04: The snapshot info is null. Setting the last applied indexto:(t:0, i:~)
2019-09-12 11:35:57,520 [pool-186-thread-1] INFO  server.RaftServerConfigKeys (ConfUtils.java:logGet(43)) - raft.server.leader.election.timeout = 120s (custom)
2019-09-12 11:35:57,520 [pool-186-thread-1] INFO  server.RaftServerConfigKeys (ConfUtils.java:logGet(43)) - raft.server.log.use.memory = false (default)
2019-09-12 11:35:57,521 [pool-186-thread-1] INFO  server.RaftServerConfigKeys (ConfUtils.java:logGet(43)) - raft.server.log.purge.gap = 1000000 (custom)
2019-09-12 11:35:57,521 [pool-186-thread-1] INFO  server.RaftServerConfigKeys (ConfUtils.java:logGet(43)) - raft.server.log.appender.buffer.byte-limit = 33554432 (custom)
2019-09-12 11:35:57,521 [pool-186-thread-1] INFO  server.RaftServerConfigKeys (ConfUtils.java:logGet(43)) - raft.server.log.segment.size.max = 1048576 (custom)
2019-09-12 11:35:57,521 [pool-186-thread-1] INFO  server.RaftServerConfigKeys (ConfUtils.java:logGet(43)) - raft.server.log.segment.cache.num.max = 2 (custom)
2019-09-12 11:35:57,521 [pool-186-thread-1] INFO  segmented.SegmentedRaftLogWorker (SegmentedRaftLogWorker.java:<init>(172)) - new 6661f358-369a-4112-b2ad-dc5770b37a80-SegmentedRaftLogWorker:Storage Directory /workdir/hadoop-ozone/ozonefs/target/test-dir/MiniOzoneClusterImpl-bec828f4-ba15-4d3e-832d-771921fb3a31/datanode-0/data/ratis/6ed381ba-6fed-44d2-88be-b361fa8e1e04 for RaftStorage:Storage Directory /workdir/hadoop-ozone/ozonefs/target/test-dir/MiniOzoneClusterImpl-bec828f4-ba15-4d3e-832d-771921fb3a31/datanode-0/data/ratis/6ed381ba-6fed-44d2-88be-b361fa8e1e04
2019-09-12 11:35:57,521 [pool-186-thread-1] INFO  server.RaftServerConfigKeys (ConfUtils.java:logGet(43)) - raft.server.log.queue.byte-limit = 2147483647 (custom)
2019-09-12 11:35:57,521 [pool-186-thread-1] INFO  server.RaftServerConfigKeys (ConfUtils.java:logGet(43)) - raft.server.log.queue.element-limit = 1024 (custom)
2019-09-12 11:35:57,521 [pool-186-thread-1] INFO  server.RaftServerConfigKeys (ConfUtils.java:logGet(43)) - raft.server.log.segment.size.max = 1048576 (custom)
2019-09-12 11:35:57,521 [pool-186-thread-1] INFO  server.RaftServerConfigKeys (ConfUtils.java:logGet(43)) - raft.server.log.preallocated.size = 16384 (custom)
2019-09-12 11:35:57,522 [pool-186-thread-1] INFO  server.RaftServerConfigKeys (ConfUtils.java:logGet(43)) - raft.server.log.write.buffer.size = 33554432 (custom)
2019-09-12 11:35:57,522 [pool-186-thread-1] INFO  server.RaftServerConfigKeys (ConfUtils.java:logGet(43)) - raft.server.log.force.sync.num = 128 (default)
2019-09-12 11:35:57,522 [pool-186-thread-1] INFO  server.RaftServerConfigKeys (ConfUtils.java:logGet(43)) - raft.server.log.statemachine.data.sync = true (default)
2019-09-12 11:35:57,522 [pool-186-thread-1] INFO  server.RaftServerConfigKeys (ConfUtils.java:logGet(43)) - raft.server.log.statemachine.data.sync.timeout = 10s (default)
2019-09-12 11:35:57,522 [pool-186-thread-1] INFO  server.RaftServerConfigKeys (ConfUtils.java:logGet(43)) - raft.server.log.statemachine.data.sync.timeout.retry = -1 (default)
2019-09-12 11:35:57,522 [pool-186-thread-1] INFO  server.RaftServerConfigKeys (ConfUtils.java:logGet(43)) - raft.server.log.statemachine.data.caching.enabled = true (custom)
2019-09-12 11:35:57,522 [pool-186-thread-1] INFO  segmented.SegmentedRaftLogWorker (SegmentedRaftLogWorker.java:lambda$new$0(132)) - 6661f358-369a-4112-b2ad-dc5770b37a80-SegmentedRaftLogWorker:Storage Directory /workdir/hadoop-ozone/ozonefs/target/test-dir/MiniOzoneClusterImpl-bec828f4-ba15-4d3e-832d-771921fb3a31/datanode-0/data/ratis/6ed381ba-6fed-44d2-88be-b361fa8e1e04: flushIndex: setUnconditionally 0 -> -1
2019-09-12 11:35:57,523 [pool-186-thread-1] INFO  server.RaftServerConfigKeys (ConfUtils.java:logGet(43)) - raft.server.snapshot.auto.trigger.enabled = true (custom)
2019-09-12 11:35:57,523 [pool-186-thread-1] INFO  server.RaftServerConfigKeys (ConfUtils.java:logGet(43)) - raft.server.snapshot.auto.trigger.threshold = 10000 (custom)
2019-09-12 11:35:57,523 [pool-186-thread-1] INFO  server.RaftServerConfigKeys (ConfUtils.java:logGet(43)) - raft.server.retrycache.expirytime = 600000ms (custom)
2019-09-12 11:35:57,523 [pool-186-thread-1] INFO  impl.RaftServerImpl (RaftServerImpl.java:start(180)) - 6661f358-369a-4112-b2ad-dc5770b37a80: start group-B361FA8E1E04
2019-09-12 11:35:57,523 [pool-186-thread-1] INFO  impl.RaftServerImpl (RaftServerImpl.java:setRole(171)) - 6661f358-369a-4112-b2ad-dc5770b37a80:group-B361FA8E1E04 changes role from null to FOLLOWER at term 0 for startAsFollower
2019-09-12 11:35:57,523 [pool-186-thread-1] INFO  impl.RoleInfo (RoleInfo.java:updateAndGet(143)) - 6661f358-369a-4112-b2ad-dc5770b37a80: start FollowerState
2019-09-12 11:35:57,524 [pool-186-thread-1] INFO  util.JmxRegister (JmxRegister.java:tryRegister(44)) - Successfully registered JMX Bean with object name Ratis:service=RaftServer,group=group-B361FA8E1E04,id=6661f358-369a-4112-b2ad-dc5770b37a80
2019-09-12 11:35:57,527 [RatisPipelineUtilsThread] INFO  pipeline.PipelineStateManager (PipelineStateManager.java:addPipeline(56)) - Created pipeline Pipeline[ Id: 6ed381ba-6fed-44d2-88be-b361fa8e1e04, Nodes: 6661f358-369a-4112-b2ad-dc5770b37a80{ip: 192.168.36.114, host: pr-hdds-1569-58hkm-1881083799, networkLocation: /default-rack, certSerialId: null}, Type:RATIS, Factor:ONE, State:OPEN]
2019-09-12 11:35:57,533 [grpc-default-executor-0] INFO  impl.RaftServerProxy (RaftServerProxy.java:addNew(89)) - 6661f358-369a-4112-b2ad-dc5770b37a80: addNew group-003A0DA5AF56:[6661f358-369a-4112-b2ad-dc5770b37a80:192.168.36.114:35869] returns group-003A0DA5AF56:java.util.concurrent.CompletableFuture@7a929958[Not completed]
2019-09-12 11:35:57,534 [pool-186-thread-1] INFO  impl.RaftServerImpl (RaftServerImpl.java:<init>(93)) - 6661f358-369a-4112-b2ad-dc5770b37a80: new RaftServerImpl for group-003A0DA5AF56:[6661f358-369a-4112-b2ad-dc5770b37a80:192.168.36.114:35869] with ContainerStateMachine:uninitialized
2019-09-12 11:35:57,534 [pool-186-thread-1] INFO  server.RaftServerConfigKeys (ConfUtils.java:logGet(43)) - raft.server.rpc.timeout.min = 5s (custom)
2019-09-12 11:35:57,534 [pool-186-thread-1] INFO  server.RaftServerConfigKeys (ConfUtils.java:logGet(43)) - raft.server.rpc.timeout.max = 5200ms (custom)
2019-09-12 11:35:57,534 [pool-186-thread-1] INFO  server.RaftServerConfigKeys (ConfUtils.java:logGet(43)) - raft.server.rpcslowness.timeout = 120s (custom)
2019-09-12 11:35:57,534 [pool-186-thread-1] INFO  server.RaftServerConfigKeys (ConfUtils.java:logGet(43)) - raft.server.sleep.deviation.threshold = 300 (default)
2019-09-12 11:35:57,534 [pool-186-thread-1] INFO  server.RaftServerConfigKeys (ConfUtils.java:logGet(43)) - raft.server.log.appender.install.snapshot.enabled = false (custom)
2019-09-12 11:35:57,535 [pool-186-thread-1] INFO  impl.RaftServerImpl (ServerState.java:<init>(105)) - 6661f358-369a-4112-b2ad-dc5770b37a80:group-003A0DA5AF56 ConfigurationManager, init=-1: [6661f358-369a-4112-b2ad-dc5770b37a80:192.168.36.114:35869], old=null, confs=<EMPTY_MAP>
2019-09-12 11:35:57,535 [pool-186-thread-1] INFO  server.RaftServerConfigKeys (ConfUtils.java:logGet(43)) - raft.server.storage.dir = [/workdir/hadoop-ozone/ozonefs/target/test-dir/MiniOzoneClusterImpl-bec828f4-ba15-4d3e-832d-771921fb3a31/datanode-0/data/ratis] (custom)
2019-09-12 11:35:57,535 [pool-186-thread-1] INFO  storage.RaftStorageDirectory (RaftStorageDirectory.java:analyzeStorage(246)) - The storage directory /workdir/hadoop-ozone/ozonefs/target/test-dir/MiniOzoneClusterImpl-bec828f4-ba15-4d3e-832d-771921fb3a31/datanode-0/data/ratis/ef60c090-f247-40ea-9e29-003a0da5af56 does not exist. Creating ...
2019-09-12 11:35:57,547 [pool-186-thread-1] INFO  storage.RaftStorageDirectory (RaftStorageDirectory.java:tryLock(328)) - Lock on /workdir/hadoop-ozone/ozonefs/target/test-dir/MiniOzoneClusterImpl-bec828f4-ba15-4d3e-832d-771921fb3a31/datanode-0/data/ratis/ef60c090-f247-40ea-9e29-003a0da5af56/in_use.lock acquired by nodename 26908@pr-hdds-1569-58hkm-1881083799
2019-09-12 11:35:57,560 [pool-186-thread-1] INFO  storage.RaftStorage (RaftStorage.java:format(72)) - Storage directory /workdir/hadoop-ozone/ozonefs/target/test-dir/MiniOzoneClusterImpl-bec828f4-ba15-4d3e-832d-771921fb3a31/datanode-0/data/ratis/ef60c090-f247-40ea-9e29-003a0da5af56 has been successfully formatted.
2019-09-12 11:35:57,561 [pool-186-thread-1] INFO  ratis.ContainerStateMachine (ContainerStateMachine.java:loadSnapshot(226)) - group-003A0DA5AF56: The snapshot info is null. Setting the last applied indexto:(t:0, i:~)
2019-09-12 11:35:57,561 [pool-186-thread-1] INFO  server.RaftServerConfigKeys (ConfUtils.java:logGet(43)) - raft.server.leader.election.timeout = 120s (custom)
2019-09-12 11:35:57,561 [pool-186-thread-1] INFO  server.RaftServerConfigKeys (ConfUtils.java:logGet(43)) - raft.server.log.use.memory = false (default)
2019-09-12 11:35:57,561 [pool-186-thread-1] INFO  server.RaftServerConfigKeys (ConfUtils.java:logGet(43)) - raft.server.log.purge.gap = 1000000 (custom)
2019-09-12 11:35:57,561 [pool-186-thread-1] INFO  server.RaftServerConfigKeys (ConfUtils.java:logGet(43)) - raft.server.log.appender.buffer.byte-limit = 33554432 (custom)
2019-09-12 11:35:57,561 [pool-186-thread-1] INFO  server.RaftServerConfigKeys (ConfUtils.java:logGet(43)) - raft.server.log.segment.size.max = 1048576 (custom)
2019-09-12 11:35:57,561 [pool-186-thread-1] INFO  server.RaftServerConfigKeys (ConfUtils.java:logGet(43)) - raft.server.log.segment.cache.num.max = 2 (custom)
2019-09-12 11:35:57,561 [pool-186-thread-1] INFO  segmented.SegmentedRaftLogWorker (SegmentedRaftLogWorker.java:<init>(172)) - new 6661f358-369a-4112-b2ad-dc5770b37a80-SegmentedRaftLogWorker:Storage Directory /workdir/hadoop-ozone/ozonefs/target/test-dir/MiniOzoneClusterImpl-bec828f4-ba15-4d3e-832d-771921fb3a31/datanode-0/data/ratis/ef60c090-f247-40ea-9e29-003a0da5af56 for RaftStorage:Storage Directory /workdir/hadoop-ozone/ozonefs/target/test-dir/MiniOzoneClusterImpl-bec828f4-ba15-4d3e-832d-771921fb3a31/datanode-0/data/ratis/ef60c090-f247-40ea-9e29-003a0da5af56
2019-09-12 11:35:57,561 [pool-186-thread-1] INFO  server.RaftServerConfigKeys (ConfUtils.java:logGet(43)) - raft.server.log.queue.byte-limit = 2147483647 (custom)
2019-09-12 11:35:57,562 [pool-186-thread-1] INFO  server.RaftServerConfigKeys (ConfUtils.java:logGet(43)) - raft.server.log.queue.element-limit = 1024 (custom)
2019-09-12 11:35:57,562 [pool-186-thread-1] INFO  server.RaftServerConfigKeys (ConfUtils.java:logGet(43)) - raft.server.log.segment.size.max = 1048576 (custom)
2019-09-12 11:35:57,562 [pool-186-thread-1] INFO  server.RaftServerConfigKeys (ConfUtils.java:logGet(43)) - raft.server.log.preallocated.size = 16384 (custom)
2019-09-12 11:35:57,562 [pool-186-thread-1] INFO  server.RaftServerConfigKeys (ConfUtils.java:logGet(43)) - raft.server.log.write.buffer.size = 33554432 (custom)
2019-09-12 11:35:57,562 [pool-186-thread-1] INFO  server.RaftServerConfigKeys (ConfUtils.java:logGet(43)) - raft.server.log.force.sync.num = 128 (default)
2019-09-12 11:35:57,562 [pool-186-thread-1] INFO  server.RaftServerConfigKeys (ConfUtils.java:logGet(43)) - raft.server.log.statemachine.data.sync = true (default)
2019-09-12 11:35:57,562 [pool-186-thread-1] INFO  server.RaftServerConfigKeys (ConfUtils.java:logGet(43)) - raft.server.log.statemachine.data.sync.timeout = 10s (default)
2019-09-12 11:35:57,562 [pool-186-thread-1] INFO  server.RaftServerConfigKeys (ConfUtils.java:logGet(43)) - raft.server.log.statemachine.data.sync.timeout.retry = -1 (default)
2019-09-12 11:35:57,562 [pool-186-thread-1] INFO  server.RaftServerConfigKeys (ConfUtils.java:logGet(43)) - raft.server.log.statemachine.data.caching.enabled = true (custom)
2019-09-12 11:35:57,563 [pool-186-thread-1] INFO  segmented.SegmentedRaftLogWorker (SegmentedRaftLogWorker.java:lambda$new$0(132)) - 6661f358-369a-4112-b2ad-dc5770b37a80-SegmentedRaftLogWorker:Storage Directory /workdir/hadoop-ozone/ozonefs/target/test-dir/MiniOzoneClusterImpl-bec828f4-ba15-4d3e-832d-771921fb3a31/datanode-0/data/ratis/ef60c090-f247-40ea-9e29-003a0da5af56: flushIndex: setUnconditionally 0 -> -1
2019-09-12 11:35:57,563 [pool-186-thread-1] INFO  server.RaftServerConfigKeys (ConfUtils.java:logGet(43)) - raft.server.snapshot.auto.trigger.enabled = true (custom)
2019-09-12 11:35:57,563 [pool-186-thread-1] INFO  server.RaftServerConfigKeys (ConfUtils.java:logGet(43)) - raft.server.snapshot.auto.trigger.threshold = 10000 (custom)
2019-09-12 11:35:57,563 [pool-186-thread-1] INFO  server.RaftServerConfigKeys (ConfUtils.java:logGet(43)) - raft.server.retrycache.expirytime = 600000ms (custom)
2019-09-12 11:35:57,563 [pool-186-thread-1] INFO  impl.RaftServerImpl (RaftServerImpl.java:start(180)) - 6661f358-369a-4112-b2ad-dc5770b37a80: start group-003A0DA5AF56
2019-09-12 11:35:57,564 [pool-186-thread-1] INFO  impl.RaftServerImpl (RaftServerImpl.java:setRole(171)) - 6661f358-369a-4112-b2ad-dc5770b37a80:group-003A0DA5AF56 changes role from null to FOLLOWER at term 0 for startAsFollower
2019-09-12 11:35:57,564 [pool-186-thread-1] INFO  impl.RoleInfo (RoleInfo.java:updateAndGet(143)) - 6661f358-369a-4112-b2ad-dc5770b37a80: start FollowerState
2019-09-12 11:35:57,564 [pool-186-thread-1] INFO  util.JmxRegister (JmxRegister.java:tryRegister(44)) - Successfully registered JMX Bean with object name Ratis:service=RaftServer,group=group-003A0DA5AF56,id=6661f358-369a-4112-b2ad-dc5770b37a80
2019-09-12 11:35:57,567 [RatisPipelineUtilsThread] INFO  pipeline.PipelineStateManager (PipelineStateManager.java:addPipeline(56)) - Created pipeline Pipeline[ Id: ef60c090-f247-40ea-9e29-003a0da5af56, Nodes: 6661f358-369a-4112-b2ad-dc5770b37a80{ip: 192.168.36.114, host: pr-hdds-1569-58hkm-1881083799, networkLocation: /default-rack, certSerialId: null}, Type:RATIS, Factor:ONE, State:OPEN]
2019-09-12 11:35:57,573 [grpc-default-executor-0] INFO  impl.RaftServerProxy (RaftServerProxy.java:addNew(89)) - 6661f358-369a-4112-b2ad-dc5770b37a80: addNew group-9DC9ABD62F73:[6661f358-369a-4112-b2ad-dc5770b37a80:192.168.36.114:35869] returns group-9DC9ABD62F73:java.util.concurrent.CompletableFuture@6d26139c[Not completed]
2019-09-12 11:35:57,574 [pool-186-thread-1] INFO  impl.RaftServerImpl (RaftServerImpl.java:<init>(93)) - 6661f358-369a-4112-b2ad-dc5770b37a80: new RaftServerImpl for group-9DC9ABD62F73:[6661f358-369a-4112-b2ad-dc5770b37a80:192.168.36.114:35869] with ContainerStateMachine:uninitialized
2019-09-12 11:35:57,574 [pool-186-thread-1] INFO  server.RaftServerConfigKeys (ConfUtils.java:logGet(43)) - raft.server.rpc.timeout.min = 5s (custom)
2019-09-12 11:35:57,574 [pool-186-thread-1] INFO  server.RaftServerConfigKeys (ConfUtils.java:logGet(43)) - raft.server.rpc.timeout.max = 5200ms (custom)
2019-09-12 11:35:57,574 [pool-186-thread-1] INFO  server.RaftServerConfigKeys (ConfUtils.java:logGet(43)) - raft.server.rpcslowness.timeout = 120s (custom)
2019-09-12 11:35:57,574 [pool-186-thread-1] INFO  server.RaftServerConfigKeys (ConfUtils.java:logGet(43)) - raft.server.sleep.deviation.threshold = 300 (default)
2019-09-12 11:35:57,574 [pool-186-thread-1] INFO  server.RaftServerConfigKeys (ConfUtils.java:logGet(43)) - raft.server.log.appender.install.snapshot.enabled = false (custom)
2019-09-12 11:35:57,574 [pool-186-thread-1] INFO  impl.RaftServerImpl (ServerState.java:<init>(105)) - 6661f358-369a-4112-b2ad-dc5770b37a80:group-9DC9ABD62F73 ConfigurationManager, init=-1: [6661f358-369a-4112-b2ad-dc5770b37a80:192.168.36.114:35869], old=null, confs=<EMPTY_MAP>
2019-09-12 11:35:57,574 [pool-186-thread-1] INFO  server.RaftServerConfigKeys (ConfUtils.java:logGet(43)) - raft.server.storage.dir = [/workdir/hadoop-ozone/ozonefs/target/test-dir/MiniOzoneClusterImpl-bec828f4-ba15-4d3e-832d-771921fb3a31/datanode-0/data/ratis] (custom)
2019-09-12 11:35:57,575 [pool-186-thread-1] INFO  storage.RaftStorageDirectory (RaftStorageDirectory.java:analyzeStorage(246)) - The storage directory /workdir/hadoop-ozone/ozonefs/target/test-dir/MiniOzoneClusterImpl-bec828f4-ba15-4d3e-832d-771921fb3a31/datanode-0/data/ratis/87336bcb-f43d-4879-a3bf-9dc9abd62f73 does not exist. Creating ...
2019-09-12 11:35:57,586 [pool-186-thread-1] INFO  storage.RaftStorageDirectory (RaftStorageDirectory.java:tryLock(328)) - Lock on /workdir/hadoop-ozone/ozonefs/target/test-dir/MiniOzoneClusterImpl-bec828f4-ba15-4d3e-832d-771921fb3a31/datanode-0/data/ratis/87336bcb-f43d-4879-a3bf-9dc9abd62f73/in_use.lock acquired by nodename 26908@pr-hdds-1569-58hkm-1881083799
2019-09-12 11:35:57,589 [pool-186-thread-1] INFO  storage.RaftStorage (RaftStorage.java:format(72)) - Storage directory /workdir/hadoop-ozone/ozonefs/target/test-dir/MiniOzoneClusterImpl-bec828f4-ba15-4d3e-832d-771921fb3a31/datanode-0/data/ratis/87336bcb-f43d-4879-a3bf-9dc9abd62f73 has been successfully formatted.
2019-09-12 11:35:57,589 [pool-186-thread-1] INFO  ratis.ContainerStateMachine (ContainerStateMachine.java:loadSnapshot(226)) - group-9DC9ABD62F73: The snapshot info is null. Setting the last applied indexto:(t:0, i:~)
2019-09-12 11:35:57,589 [pool-186-thread-1] INFO  server.RaftServerConfigKeys (ConfUtils.java:logGet(43)) - raft.server.leader.election.timeout = 120s (custom)
2019-09-12 11:35:57,590 [pool-186-thread-1] INFO  server.RaftServerConfigKeys (ConfUtils.java:logGet(43)) - raft.server.log.use.memory = false (default)
2019-09-12 11:35:57,590 [pool-186-thread-1] INFO  server.RaftServerConfigKeys (ConfUtils.java:logGet(43)) - raft.server.log.purge.gap = 1000000 (custom)
2019-09-12 11:35:57,590 [pool-186-thread-1] INFO  server.RaftServerConfigKeys (ConfUtils.java:logGet(43)) - raft.server.log.appender.buffer.byte-limit = 33554432 (custom)
2019-09-12 11:35:57,590 [pool-186-thread-1] INFO  server.RaftServerConfigKeys (ConfUtils.java:logGet(43)) - raft.server.log.segment.size.max = 1048576 (custom)
2019-09-12 11:35:57,590 [pool-186-thread-1] INFO  server.RaftServerConfigKeys (ConfUtils.java:logGet(43)) - raft.server.log.segment.cache.num.max = 2 (custom)
2019-09-12 11:35:57,590 [pool-186-thread-1] INFO  segmented.SegmentedRaftLogWorker (SegmentedRaftLogWorker.java:<init>(172)) - new 6661f358-369a-4112-b2ad-dc5770b37a80-SegmentedRaftLogWorker:Storage Directory /workdir/hadoop-ozone/ozonefs/target/test-dir/MiniOzoneClusterImpl-bec828f4-ba15-4d3e-832d-771921fb3a31/datanode-0/data/ratis/87336bcb-f43d-4879-a3bf-9dc9abd62f73 for RaftStorage:Storage Directory /workdir/hadoop-ozone/ozonefs/target/test-dir/MiniOzoneClusterImpl-bec828f4-ba15-4d3e-832d-771921fb3a31/datanode-0/data/ratis/87336bcb-f43d-4879-a3bf-9dc9abd62f73
2019-09-12 11:35:57,590 [pool-186-thread-1] INFO  server.RaftServerConfigKeys (ConfUtils.java:logGet(43)) - raft.server.log.queue.byte-limit = 2147483647 (custom)
2019-09-12 11:35:57,590 [pool-186-thread-1] INFO  server.RaftServerConfigKeys (ConfUtils.java:logGet(43)) - raft.server.log.queue.element-limit = 1024 (custom)
2019-09-12 11:35:57,590 [pool-186-thread-1] INFO  server.RaftServerConfigKeys (ConfUtils.java:logGet(43)) - raft.server.log.segment.size.max = 1048576 (custom)
2019-09-12 11:35:57,591 [pool-186-thread-1] INFO  server.RaftServerConfigKeys (ConfUtils.java:logGet(43)) - raft.server.log.preallocated.size = 16384 (custom)
2019-09-12 11:35:57,591 [pool-186-thread-1] INFO  server.RaftServerConfigKeys (ConfUtils.java:logGet(43)) - raft.server.log.write.buffer.size = 33554432 (custom)
2019-09-12 11:35:57,591 [pool-186-thread-1] INFO  server.RaftServerConfigKeys (ConfUtils.java:logGet(43)) - raft.server.log.force.sync.num = 128 (default)
2019-09-12 11:35:57,591 [pool-186-thread-1] INFO  server.RaftServerConfigKeys (ConfUtils.java:logGet(43)) - raft.server.log.statemachine.data.sync = true (default)
2019-09-12 11:35:57,591 [pool-186-thread-1] INFO  server.RaftServerConfigKeys (ConfUtils.java:logGet(43)) - raft.server.log.statemachine.data.sync.timeout = 10s (default)
2019-09-12 11:35:57,591 [pool-186-thread-1] INFO  server.RaftServerConfigKeys (ConfUtils.java:logGet(43)) - raft.server.log.statemachine.data.sync.timeout.retry = -1 (default)
2019-09-12 11:35:57,591 [pool-186-thread-1] INFO  server.RaftServerConfigKeys (ConfUtils.java:logGet(43)) - raft.server.log.statemachine.data.caching.enabled = true (custom)
2019-09-12 11:35:57,591 [pool-186-thread-1] INFO  segmented.SegmentedRaftLogWorker (SegmentedRaftLogWorker.java:lambda$new$0(132)) - 6661f358-369a-4112-b2ad-dc5770b37a80-SegmentedRaftLogWorker:Storage Directory /workdir/hadoop-ozone/ozonefs/target/test-dir/MiniOzoneClusterImpl-bec828f4-ba15-4d3e-832d-771921fb3a31/datanode-0/data/ratis/87336bcb-f43d-4879-a3bf-9dc9abd62f73: flushIndex: setUnconditionally 0 -> -1
2019-09-12 11:35:57,592 [pool-186-thread-1] INFO  server.RaftServerConfigKeys (ConfUtils.java:logGet(43)) - raft.server.snapshot.auto.trigger.enabled = true (custom)
2019-09-12 11:35:57,592 [pool-186-thread-1] INFO  server.RaftServerConfigKeys (ConfUtils.java:logGet(43)) - raft.server.snapshot.auto.trigger.threshold = 10000 (custom)
2019-09-12 11:35:57,592 [pool-186-thread-1] INFO  server.RaftServerConfigKeys (ConfUtils.java:logGet(43)) - raft.server.retrycache.expirytime = 600000ms (custom)
2019-09-12 11:35:57,592 [pool-186-thread-1] INFO  impl.RaftServerImpl (RaftServerImpl.java:start(180)) - 6661f358-369a-4112-b2ad-dc5770b37a80: start group-9DC9ABD62F73
2019-09-12 11:35:57,592 [pool-186-thread-1] INFO  impl.RaftServerImpl (RaftServerImpl.java:setRole(171)) - 6661f358-369a-4112-b2ad-dc5770b37a80:group-9DC9ABD62F73 changes role from null to FOLLOWER at term 0 for startAsFollower
2019-09-12 11:35:57,592 [pool-186-thread-1] INFO  impl.RoleInfo (RoleInfo.java:updateAndGet(143)) - 6661f358-369a-4112-b2ad-dc5770b37a80: start FollowerState
2019-09-12 11:35:57,592 [pool-186-thread-1] INFO  util.JmxRegister (JmxRegister.java:tryRegister(44)) - Successfully registered JMX Bean with object name Ratis:service=RaftServer,group=group-9DC9ABD62F73,id=6661f358-369a-4112-b2ad-dc5770b37a80
2019-09-12 11:35:57,595 [RatisPipelineUtilsThread] INFO  pipeline.PipelineStateManager (PipelineStateManager.java:addPipeline(56)) - Created pipeline Pipeline[ Id: 87336bcb-f43d-4879-a3bf-9dc9abd62f73, Nodes: 6661f358-369a-4112-b2ad-dc5770b37a80{ip: 192.168.36.114, host: pr-hdds-1569-58hkm-1881083799, networkLocation: /default-rack, certSerialId: null}, Type:RATIS, Factor:ONE, State:OPEN]
2019-09-12 11:35:57,600 [grpc-default-executor-0] INFO  impl.RaftServerProxy (RaftServerProxy.java:addNew(89)) - 6661f358-369a-4112-b2ad-dc5770b37a80: addNew group-6269E65B7335:[6661f358-369a-4112-b2ad-dc5770b37a80:192.168.36.114:35869] returns group-6269E65B7335:java.util.concurrent.CompletableFuture@7edc0763[Not completed]
2019-09-12 11:35:57,601 [pool-186-thread-1] INFO  impl.RaftServerImpl (RaftServerImpl.java:<init>(93)) - 6661f358-369a-4112-b2ad-dc5770b37a80: new RaftServerImpl for group-6269E65B7335:[6661f358-369a-4112-b2ad-dc5770b37a80:192.168.36.114:35869] with ContainerStateMachine:uninitialized
2019-09-12 11:35:57,601 [pool-186-thread-1] INFO  server.RaftServerConfigKeys (ConfUtils.java:logGet(43)) - raft.server.rpc.timeout.min = 5s (custom)
2019-09-12 11:35:57,601 [pool-186-thread-1] INFO  server.RaftServerConfigKeys (ConfUtils.java:logGet(43)) - raft.server.rpc.timeout.max = 5200ms (custom)
2019-09-12 11:35:57,601 [pool-186-thread-1] INFO  server.RaftServerConfigKeys (ConfUtils.java:logGet(43)) - raft.server.rpcslowness.timeout = 120s (custom)
2019-09-12 11:35:57,601 [pool-186-thread-1] INFO  server.RaftServerConfigKeys (ConfUtils.java:logGet(43)) - raft.server.sleep.deviation.threshold = 300 (default)
2019-09-12 11:35:57,602 [pool-186-thread-1] INFO  server.RaftServerConfigKeys (ConfUtils.java:logGet(43)) - raft.server.log.appender.install.snapshot.enabled = false (custom)
2019-09-12 11:35:57,602 [pool-186-thread-1] INFO  impl.RaftServerImpl (ServerState.java:<init>(105)) - 6661f358-369a-4112-b2ad-dc5770b37a80:group-6269E65B7335 ConfigurationManager, init=-1: [6661f358-369a-4112-b2ad-dc5770b37a80:192.168.36.114:35869], old=null, confs=<EMPTY_MAP>
2019-09-12 11:35:57,602 [pool-186-thread-1] INFO  server.RaftServerConfigKeys (ConfUtils.java:logGet(43)) - raft.server.storage.dir = [/workdir/hadoop-ozone/ozonefs/target/test-dir/MiniOzoneClusterImpl-bec828f4-ba15-4d3e-832d-771921fb3a31/datanode-0/data/ratis] (custom)
2019-09-12 11:35:57,602 [pool-186-thread-1] INFO  storage.RaftStorageDirectory (RaftStorageDirectory.java:analyzeStorage(246)) - The storage directory /workdir/hadoop-ozone/ozonefs/target/test-dir/MiniOzoneClusterImpl-bec828f4-ba15-4d3e-832d-771921fb3a31/datanode-0/data/ratis/7aa196a5-64d7-4f6b-8d4a-6269e65b7335 does not exist. Creating ...
2019-09-12 11:35:57,605 [pool-186-thread-1] INFO  storage.RaftStorageDirectory (RaftStorageDirectory.java:tryLock(328)) - Lock on /workdir/hadoop-ozone/ozonefs/target/test-dir/MiniOzoneClusterImpl-bec828f4-ba15-4d3e-832d-771921fb3a31/datanode-0/data/ratis/7aa196a5-64d7-4f6b-8d4a-6269e65b7335/in_use.lock acquired by nodename 26908@pr-hdds-1569-58hkm-1881083799
2019-09-12 11:35:57,626 [pool-186-thread-1] INFO  storage.RaftStorage (RaftStorage.java:format(72)) - Storage directory /workdir/hadoop-ozone/ozonefs/target/test-dir/MiniOzoneClusterImpl-bec828f4-ba15-4d3e-832d-771921fb3a31/datanode-0/data/ratis/7aa196a5-64d7-4f6b-8d4a-6269e65b7335 has been successfully formatted.
2019-09-12 11:35:57,626 [pool-186-thread-1] INFO  ratis.ContainerStateMachine (ContainerStateMachine.java:loadSnapshot(226)) - group-6269E65B7335: The snapshot info is null. Setting the last applied indexto:(t:0, i:~)
2019-09-12 11:35:57,626 [pool-186-thread-1] INFO  server.RaftServerConfigKeys (ConfUtils.java:logGet(43)) - raft.server.leader.election.timeout = 120s (custom)
2019-09-12 11:35:57,626 [pool-186-thread-1] INFO  server.RaftServerConfigKeys (ConfUtils.java:logGet(43)) - raft.server.log.use.memory = false (default)
2019-09-12 11:35:57,626 [pool-186-thread-1] INFO  server.RaftServerConfigKeys (ConfUtils.java:logGet(43)) - raft.server.log.purge.gap = 1000000 (custom)
2019-09-12 11:35:57,626 [pool-186-thread-1] INFO  server.RaftServerConfigKeys (ConfUtils.java:logGet(43)) - raft.server.log.appender.buffer.byte-limit = 33554432 (custom)
2019-09-12 11:35:57,627 [pool-186-thread-1] INFO  server.RaftServerConfigKeys (ConfUtils.java:logGet(43)) - raft.server.log.segment.size.max = 1048576 (custom)
2019-09-12 11:35:57,627 [pool-186-thread-1] INFO  server.RaftServerConfigKeys (ConfUtils.java:logGet(43)) - raft.server.log.segment.cache.num.max = 2 (custom)
2019-09-12 11:35:57,627 [pool-186-thread-1] INFO  segmented.SegmentedRaftLogWorker (SegmentedRaftLogWorker.java:<init>(172)) - new 6661f358-369a-4112-b2ad-dc5770b37a80-SegmentedRaftLogWorker:Storage Directory /workdir/hadoop-ozone/ozonefs/target/test-dir/MiniOzoneClusterImpl-bec828f4-ba15-4d3e-832d-771921fb3a31/datanode-0/data/ratis/7aa196a5-64d7-4f6b-8d4a-6269e65b7335 for RaftStorage:Storage Directory /workdir/hadoop-ozone/ozonefs/target/test-dir/MiniOzoneClusterImpl-bec828f4-ba15-4d3e-832d-771921fb3a31/datanode-0/data/ratis/7aa196a5-64d7-4f6b-8d4a-6269e65b7335
2019-09-12 11:35:57,627 [pool-186-thread-1] INFO  server.RaftServerConfigKeys (ConfUtils.java:logGet(43)) - raft.server.log.queue.byte-limit = 2147483647 (custom)
2019-09-12 11:35:57,627 [pool-186-thread-1] INFO  server.RaftServerConfigKeys (ConfUtils.java:logGet(43)) - raft.server.log.queue.element-limit = 1024 (custom)
2019-09-12 11:35:57,627 [pool-186-thread-1] INFO  server.RaftServerConfigKeys (ConfUtils.java:logGet(43)) - raft.server.log.segment.size.max = 1048576 (custom)
2019-09-12 11:35:57,627 [pool-186-thread-1] INFO  server.RaftServerConfigKeys (ConfUtils.java:logGet(43)) - raft.server.log.preallocated.size = 16384 (custom)
2019-09-12 11:35:57,627 [pool-186-thread-1] INFO  server.RaftServerConfigKeys (ConfUtils.java:logGet(43)) - raft.server.log.write.buffer.size = 33554432 (custom)
2019-09-12 11:35:57,627 [pool-186-thread-1] INFO  server.RaftServerConfigKeys (ConfUtils.java:logGet(43)) - raft.server.log.force.sync.num = 128 (default)
2019-09-12 11:35:57,628 [pool-186-thread-1] INFO  server.RaftServerConfigKeys (ConfUtils.java:logGet(43)) - raft.server.log.statemachine.data.sync = true (default)
2019-09-12 11:35:57,628 [pool-186-thread-1] INFO  server.RaftServerConfigKeys (ConfUtils.java:logGet(43)) - raft.server.log.statemachine.data.sync.timeout = 10s (default)
2019-09-12 11:35:57,628 [pool-186-thread-1] INFO  server.RaftServerConfigKeys (ConfUtils.java:logGet(43)) - raft.server.log.statemachine.data.sync.timeout.retry = -1 (default)
2019-09-12 11:35:57,628 [pool-186-thread-1] INFO  server.RaftServerConfigKeys (ConfUtils.java:logGet(43)) - raft.server.log.statemachine.data.caching.enabled = true (custom)
2019-09-12 11:35:57,628 [pool-186-thread-1] INFO  segmented.SegmentedRaftLogWorker (SegmentedRaftLogWorker.java:lambda$new$0(132)) - 6661f358-369a-4112-b2ad-dc5770b37a80-SegmentedRaftLogWorker:Storage Directory /workdir/hadoop-ozone/ozonefs/target/test-dir/MiniOzoneClusterImpl-bec828f4-ba15-4d3e-832d-771921fb3a31/datanode-0/data/ratis/7aa196a5-64d7-4f6b-8d4a-6269e65b7335: flushIndex: setUnconditionally 0 -> -1
2019-09-12 11:35:57,628 [pool-186-thread-1] INFO  server.RaftServerConfigKeys (ConfUtils.java:logGet(43)) - raft.server.snapshot.auto.trigger.enabled = true (custom)
2019-09-12 11:35:57,629 [pool-186-thread-1] INFO  server.RaftServerConfigKeys (ConfUtils.java:logGet(43)) - raft.server.snapshot.auto.trigger.threshold = 10000 (custom)
2019-09-12 11:35:57,629 [pool-186-thread-1] INFO  server.RaftServerConfigKeys (ConfUtils.java:logGet(43)) - raft.server.retrycache.expirytime = 600000ms (custom)
2019-09-12 11:35:57,629 [pool-186-thread-1] INFO  impl.RaftServerImpl (RaftServerImpl.java:start(180)) - 6661f358-369a-4112-b2ad-dc5770b37a80: start group-6269E65B7335
2019-09-12 11:35:57,629 [pool-186-thread-1] INFO  impl.RaftServerImpl (RaftServerImpl.java:setRole(171)) - 6661f358-369a-4112-b2ad-dc5770b37a80:group-6269E65B7335 changes role from null to FOLLOWER at term 0 for startAsFollower
2019-09-12 11:35:57,629 [pool-186-thread-1] INFO  impl.RoleInfo (RoleInfo.java:updateAndGet(143)) - 6661f358-369a-4112-b2ad-dc5770b37a80: start FollowerState
2019-09-12 11:35:57,629 [pool-186-thread-1] INFO  util.JmxRegister (JmxRegister.java:tryRegister(44)) - Successfully registered JMX Bean with object name Ratis:service=RaftServer,group=group-6269E65B7335,id=6661f358-369a-4112-b2ad-dc5770b37a80
2019-09-12 11:35:57,632 [RatisPipelineUtilsThread] INFO  pipeline.PipelineStateManager (PipelineStateManager.java:addPipeline(56)) - Created pipeline Pipeline[ Id: 7aa196a5-64d7-4f6b-8d4a-6269e65b7335, Nodes: 6661f358-369a-4112-b2ad-dc5770b37a80{ip: 192.168.36.114, host: pr-hdds-1569-58hkm-1881083799, networkLocation: /default-rack, certSerialId: null}, Type:RATIS, Factor:ONE, State:OPEN]
2019-09-12 11:35:57,637 [grpc-default-executor-0] INFO  impl.RaftServerProxy (RaftServerProxy.java:addNew(89)) - 6661f358-369a-4112-b2ad-dc5770b37a80: addNew group-1EDBEAA798BC:[6661f358-369a-4112-b2ad-dc5770b37a80:192.168.36.114:35869] returns group-1EDBEAA798BC:java.util.concurrent.CompletableFuture@502ae99e[Not completed]
2019-09-12 11:35:57,638 [pool-186-thread-1] INFO  impl.RaftServerImpl (RaftServerImpl.java:<init>(93)) - 6661f358-369a-4112-b2ad-dc5770b37a80: new RaftServerImpl for group-1EDBEAA798BC:[6661f358-369a-4112-b2ad-dc5770b37a80:192.168.36.114:35869] with ContainerStateMachine:uninitialized
2019-09-12 11:35:57,638 [pool-186-thread-1] INFO  server.RaftServerConfigKeys (ConfUtils.java:logGet(43)) - raft.server.rpc.timeout.min = 5s (custom)
2019-09-12 11:35:57,638 [pool-186-thread-1] INFO  server.RaftServerConfigKeys (ConfUtils.java:logGet(43)) - raft.server.rpc.timeout.max = 5200ms (custom)
2019-09-12 11:35:57,638 [pool-186-thread-1] INFO  server.RaftServerConfigKeys (ConfUtils.java:logGet(43)) - raft.server.rpcslowness.timeout = 120s (custom)
2019-09-12 11:35:57,638 [pool-186-thread-1] INFO  server.RaftServerConfigKeys (ConfUtils.java:logGet(43)) - raft.server.sleep.deviation.threshold = 300 (default)
2019-09-12 11:35:57,638 [pool-186-thread-1] INFO  server.RaftServerConfigKeys (ConfUtils.java:logGet(43)) - raft.server.log.appender.install.snapshot.enabled = false (custom)
2019-09-12 11:35:57,638 [pool-186-thread-1] INFO  impl.RaftServerImpl (ServerState.java:<init>(105)) - 6661f358-369a-4112-b2ad-dc5770b37a80:group-1EDBEAA798BC ConfigurationManager, init=-1: [6661f358-369a-4112-b2ad-dc5770b37a80:192.168.36.114:35869], old=null, confs=<EMPTY_MAP>
2019-09-12 11:35:57,639 [pool-186-thread-1] INFO  server.RaftServerConfigKeys (ConfUtils.java:logGet(43)) - raft.server.storage.dir = [/workdir/hadoop-ozone/ozonefs/target/test-dir/MiniOzoneClusterImpl-bec828f4-ba15-4d3e-832d-771921fb3a31/datanode-0/data/ratis] (custom)
2019-09-12 11:35:57,639 [pool-186-thread-1] INFO  storage.RaftStorageDirectory (RaftStorageDirectory.java:analyzeStorage(246)) - The storage directory /workdir/hadoop-ozone/ozonefs/target/test-dir/MiniOzoneClusterImpl-bec828f4-ba15-4d3e-832d-771921fb3a31/datanode-0/data/ratis/4e3da3df-203b-4331-8dee-1edbeaa798bc does not exist. Creating ...
2019-09-12 11:35:57,643 [pool-186-thread-1] INFO  storage.RaftStorageDirectory (RaftStorageDirectory.java:tryLock(328)) - Lock on /workdir/hadoop-ozone/ozonefs/target/test-dir/MiniOzoneClusterImpl-bec828f4-ba15-4d3e-832d-771921fb3a31/datanode-0/data/ratis/4e3da3df-203b-4331-8dee-1edbeaa798bc/in_use.lock acquired by nodename 26908@pr-hdds-1569-58hkm-1881083799
2019-09-12 11:35:57,646 [pool-186-thread-1] INFO  storage.RaftStorage (RaftStorage.java:format(72)) - Storage directory /workdir/hadoop-ozone/ozonefs/target/test-dir/MiniOzoneClusterImpl-bec828f4-ba15-4d3e-832d-771921fb3a31/datanode-0/data/ratis/4e3da3df-203b-4331-8dee-1edbeaa798bc has been successfully formatted.
2019-09-12 11:35:57,647 [pool-186-thread-1] INFO  ratis.ContainerStateMachine (ContainerStateMachine.java:loadSnapshot(226)) - group-1EDBEAA798BC: The snapshot info is null. Setting the last applied indexto:(t:0, i:~)
2019-09-12 11:35:57,647 [pool-186-thread-1] INFO  server.RaftServerConfigKeys (ConfUtils.java:logGet(43)) - raft.server.leader.election.timeout = 120s (custom)
2019-09-12 11:35:57,647 [pool-186-thread-1] INFO  server.RaftServerConfigKeys (ConfUtils.java:logGet(43)) - raft.server.log.use.memory = false (default)
2019-09-12 11:35:57,647 [pool-186-thread-1] INFO  server.RaftServerConfigKeys (ConfUtils.java:logGet(43)) - raft.server.log.purge.gap = 1000000 (custom)
2019-09-12 11:35:57,647 [pool-186-thread-1] INFO  server.RaftServerConfigKeys (ConfUtils.java:logGet(43)) - raft.server.log.appender.buffer.byte-limit = 33554432 (custom)
2019-09-12 11:35:57,647 [pool-186-thread-1] INFO  server.RaftServerConfigKeys (ConfUtils.java:logGet(43)) - raft.server.log.segment.size.max = 1048576 (custom)
2019-09-12 11:35:57,647 [pool-186-thread-1] INFO  server.RaftServerConfigKeys (ConfUtils.java:logGet(43)) - raft.server.log.segment.cache.num.max = 2 (custom)
2019-09-12 11:35:57,647 [pool-186-thread-1] INFO  segmented.SegmentedRaftLogWorker (SegmentedRaftLogWorker.java:<init>(172)) - new 6661f358-369a-4112-b2ad-dc5770b37a80-SegmentedRaftLogWorker:Storage Directory /workdir/hadoop-ozone/ozonefs/target/test-dir/MiniOzoneClusterImpl-bec828f4-ba15-4d3e-832d-771921fb3a31/datanode-0/data/ratis/4e3da3df-203b-4331-8dee-1edbeaa798bc for RaftStorage:Storage Directory /workdir/hadoop-ozone/ozonefs/target/test-dir/MiniOzoneClusterImpl-bec828f4-ba15-4d3e-832d-771921fb3a31/datanode-0/data/ratis/4e3da3df-203b-4331-8dee-1edbeaa798bc
2019-09-12 11:35:57,648 [pool-186-thread-1] INFO  server.RaftServerConfigKeys (ConfUtils.java:logGet(43)) - raft.server.log.queue.byte-limit = 2147483647 (custom)
2019-09-12 11:35:57,648 [pool-186-thread-1] INFO  server.RaftServerConfigKeys (ConfUtils.java:logGet(43)) - raft.server.log.queue.element-limit = 1024 (custom)
2019-09-12 11:35:57,648 [pool-186-thread-1] INFO  server.RaftServerConfigKeys (ConfUtils.java:logGet(43)) - raft.server.log.segment.size.max = 1048576 (custom)
2019-09-12 11:35:57,648 [pool-186-thread-1] INFO  server.RaftServerConfigKeys (ConfUtils.java:logGet(43)) - raft.server.log.preallocated.size = 16384 (custom)
2019-09-12 11:35:57,648 [pool-186-thread-1] INFO  server.RaftServerConfigKeys (ConfUtils.java:logGet(43)) - raft.server.log.write.buffer.size = 33554432 (custom)
2019-09-12 11:35:57,648 [pool-186-thread-1] INFO  server.RaftServerConfigKeys (ConfUtils.java:logGet(43)) - raft.server.log.force.sync.num = 128 (default)
2019-09-12 11:35:57,648 [pool-186-thread-1] INFO  server.RaftServerConfigKeys (ConfUtils.java:logGet(43)) - raft.server.log.statemachine.data.sync = true (default)
2019-09-12 11:35:57,648 [pool-186-thread-1] INFO  server.RaftServerConfigKeys (ConfUtils.java:logGet(43)) - raft.server.log.statemachine.data.sync.timeout = 10s (default)
2019-09-12 11:35:57,649 [pool-186-thread-1] INFO  server.RaftServerConfigKeys (ConfUtils.java:logGet(43)) - raft.server.log.statemachine.data.sync.timeout.retry = -1 (default)
2019-09-12 11:35:57,649 [pool-186-thread-1] INFO  server.RaftServerConfigKeys (ConfUtils.java:logGet(43)) - raft.server.log.statemachine.data.caching.enabled = true (custom)
2019-09-12 11:35:57,649 [pool-186-thread-1] INFO  segmented.SegmentedRaftLogWorker (SegmentedRaftLogWorker.java:lambda$new$0(132)) - 6661f358-369a-4112-b2ad-dc5770b37a80-SegmentedRaftLogWorker:Storage Directory /workdir/hadoop-ozone/ozonefs/target/test-dir/MiniOzoneClusterImpl-bec828f4-ba15-4d3e-832d-771921fb3a31/datanode-0/data/ratis/4e3da3df-203b-4331-8dee-1edbeaa798bc: flushIndex: setUnconditionally 0 -> -1
2019-09-12 11:35:57,649 [pool-186-thread-1] INFO  server.RaftServerConfigKeys (ConfUtils.java:logGet(43)) - raft.server.snapshot.auto.trigger.enabled = true (custom)
2019-09-12 11:35:57,649 [pool-186-thread-1] INFO  server.RaftServerConfigKeys (ConfUtils.java:logGet(43)) - raft.server.snapshot.auto.trigger.threshold = 10000 (custom)
2019-09-12 11:35:57,650 [pool-186-thread-1] INFO  server.RaftServerConfigKeys (ConfUtils.java:logGet(43)) - raft.server.retrycache.expirytime = 600000ms (custom)
2019-09-12 11:35:57,650 [pool-186-thread-1] INFO  impl.RaftServerImpl (RaftServerImpl.java:start(180)) - 6661f358-369a-4112-b2ad-dc5770b37a80: start group-1EDBEAA798BC
2019-09-12 11:35:57,650 [pool-186-thread-1] INFO  impl.RaftServerImpl (RaftServerImpl.java:setRole(171)) - 6661f358-369a-4112-b2ad-dc5770b37a80:group-1EDBEAA798BC changes role from null to FOLLOWER at term 0 for startAsFollower
2019-09-12 11:35:57,650 [pool-186-thread-1] INFO  impl.RoleInfo (RoleInfo.java:updateAndGet(143)) - 6661f358-369a-4112-b2ad-dc5770b37a80: start FollowerState
2019-09-12 11:35:57,650 [pool-186-thread-1] INFO  util.JmxRegister (JmxRegister.java:tryRegister(44)) - Successfully registered JMX Bean with object name Ratis:service=RaftServer,group=group-1EDBEAA798BC,id=6661f358-369a-4112-b2ad-dc5770b37a80
2019-09-12 11:35:57,652 [IPC Server handler 0 on 33152] INFO  net.NetworkTopology (NetworkTopologyImpl.java:add(110)) - Added a new node: /default-rack/6daa7f41-8dea-4799-8bce-e60ff6f7b764
2019-09-12 11:35:57,652 [IPC Server handler 0 on 33152] INFO  node.SCMNodeManager (SCMNodeManager.java:register(273)) - Registered Data node : 6daa7f41-8dea-4799-8bce-e60ff6f7b764{ip: 192.168.36.114, host: pr-hdds-1569-58hkm-1881083799, networkLocation: /default-rack, certSerialId: null}
2019-09-12 11:35:57,652 | INFO  | SCMAudit | user=jenkins1000 | ip=192.168.36.114 | op=REGISTER {datanodeDetails=6daa7f41-8dea-4799-8bce-e60ff6f7b764{ip: 192.168.36.114, host: pr-hdds-1569-58hkm-1881083799, networkLocation: /default-rack, certSerialId: null}} | ret=SUCCESS |  
2019-09-12 11:35:57,653 [RatisPipelineUtilsThread] INFO  pipeline.PipelineStateManager (PipelineStateManager.java:addPipeline(56)) - Created pipeline Pipeline[ Id: 4e3da3df-203b-4331-8dee-1edbeaa798bc, Nodes: 6661f358-369a-4112-b2ad-dc5770b37a80{ip: 192.168.36.114, host: pr-hdds-1569-58hkm-1881083799, networkLocation: /default-rack, certSerialId: null}, Type:RATIS, Factor:ONE, State:OPEN]
2019-09-12 11:35:57,653 [RatisPipelineUtilsThread] ERROR pipeline.PipelinePlacementPolicy (PipelinePlacementPolicy.java:meetCriteria(92)) - Pipeline Placement: Doesn't meet the criteria to be viable node. Heaviness: 6
2019-09-12 11:35:57,660 [grpc-default-executor-0] INFO  impl.RaftServerProxy (RaftServerProxy.java:addNew(89)) - 6daa7f41-8dea-4799-8bce-e60ff6f7b764: addNew group-AF16D2F3BA25:[6daa7f41-8dea-4799-8bce-e60ff6f7b764:192.168.36.114:44429] returns group-AF16D2F3BA25:java.util.concurrent.CompletableFuture@6e7d1b02[Not completed]
2019-09-12 11:35:57,661 [pool-197-thread-1] INFO  impl.RaftServerImpl (RaftServerImpl.java:<init>(93)) - 6daa7f41-8dea-4799-8bce-e60ff6f7b764: new RaftServerImpl for group-AF16D2F3BA25:[6daa7f41-8dea-4799-8bce-e60ff6f7b764:192.168.36.114:44429] with ContainerStateMachine:uninitialized
2019-09-12 11:35:57,661 [pool-197-thread-1] INFO  server.RaftServerConfigKeys (ConfUtils.java:logGet(43)) - raft.server.rpc.timeout.min = 5s (custom)
2019-09-12 11:35:57,661 [pool-197-thread-1] INFO  server.RaftServerConfigKeys (ConfUtils.java:logGet(43)) - raft.server.rpc.timeout.max = 5200ms (custom)
2019-09-12 11:35:57,661 [pool-197-thread-1] INFO  server.RaftServerConfigKeys (ConfUtils.java:logGet(43)) - raft.server.rpcslowness.timeout = 120s (custom)
2019-09-12 11:35:57,661 [pool-197-thread-1] INFO  server.RaftServerConfigKeys (ConfUtils.java:logGet(43)) - raft.server.sleep.deviation.threshold = 300 (default)
2019-09-12 11:35:57,661 [pool-197-thread-1] INFO  server.RaftServerConfigKeys (ConfUtils.java:logGet(43)) - raft.server.log.appender.install.snapshot.enabled = false (custom)
2019-09-12 11:35:57,661 [pool-197-thread-1] INFO  impl.RaftServerImpl (ServerState.java:<init>(105)) - 6daa7f41-8dea-4799-8bce-e60ff6f7b764:group-AF16D2F3BA25 ConfigurationManager, init=-1: [6daa7f41-8dea-4799-8bce-e60ff6f7b764:192.168.36.114:44429], old=null, confs=<EMPTY_MAP>
2019-09-12 11:35:57,661 [pool-197-thread-1] INFO  server.RaftServerConfigKeys (ConfUtils.java:logGet(43)) - raft.server.storage.dir = [/workdir/hadoop-ozone/ozonefs/target/test-dir/MiniOzoneClusterImpl-bec828f4-ba15-4d3e-832d-771921fb3a31/datanode-1/data/ratis] (custom)
2019-09-12 11:35:57,662 [pool-197-thread-1] INFO  storage.RaftStorageDirectory (RaftStorageDirectory.java:analyzeStorage(246)) - The storage directory /workdir/hadoop-ozone/ozonefs/target/test-dir/MiniOzoneClusterImpl-bec828f4-ba15-4d3e-832d-771921fb3a31/datanode-1/data/ratis/5b7d2add-3ecd-4082-a76b-af16d2f3ba25 does not exist. Creating ...
2019-09-12 11:35:57,673 [pool-197-thread-1] INFO  storage.RaftStorageDirectory (RaftStorageDirectory.java:tryLock(328)) - Lock on /workdir/hadoop-ozone/ozonefs/target/test-dir/MiniOzoneClusterImpl-bec828f4-ba15-4d3e-832d-771921fb3a31/datanode-1/data/ratis/5b7d2add-3ecd-4082-a76b-af16d2f3ba25/in_use.lock acquired by nodename 26908@pr-hdds-1569-58hkm-1881083799
2019-09-12 11:35:57,683 [pool-197-thread-1] INFO  storage.RaftStorage (RaftStorage.java:format(72)) - Storage directory /workdir/hadoop-ozone/ozonefs/target/test-dir/MiniOzoneClusterImpl-bec828f4-ba15-4d3e-832d-771921fb3a31/datanode-1/data/ratis/5b7d2add-3ecd-4082-a76b-af16d2f3ba25 has been successfully formatted.
2019-09-12 11:35:57,684 [pool-197-thread-1] INFO  ratis.ContainerStateMachine (ContainerStateMachine.java:loadSnapshot(226)) - group-AF16D2F3BA25: The snapshot info is null. Setting the last applied indexto:(t:0, i:~)
2019-09-12 11:35:57,684 [pool-197-thread-1] INFO  server.RaftServerConfigKeys (ConfUtils.java:logGet(43)) - raft.server.leader.election.timeout = 120s (custom)
2019-09-12 11:35:57,684 [pool-197-thread-1] INFO  server.RaftServerConfigKeys (ConfUtils.java:logGet(43)) - raft.server.log.use.memory = false (default)
2019-09-12 11:35:57,684 [pool-197-thread-1] INFO  server.RaftServerConfigKeys (ConfUtils.java:logGet(43)) - raft.server.log.purge.gap = 1000000 (custom)
2019-09-12 11:35:57,684 [pool-197-thread-1] INFO  server.RaftServerConfigKeys (ConfUtils.java:logGet(43)) - raft.server.log.appender.buffer.byte-limit = 33554432 (custom)
2019-09-12 11:35:57,684 [pool-197-thread-1] INFO  server.RaftServerConfigKeys (ConfUtils.java:logGet(43)) - raft.server.log.segment.size.max = 1048576 (custom)
2019-09-12 11:35:57,684 [pool-197-thread-1] INFO  server.RaftServerConfigKeys (ConfUtils.java:logGet(43)) - raft.server.log.segment.cache.num.max = 2 (custom)
2019-09-12 11:35:57,684 [pool-197-thread-1] INFO  segmented.SegmentedRaftLogWorker (SegmentedRaftLogWorker.java:<init>(172)) - new 6daa7f41-8dea-4799-8bce-e60ff6f7b764-SegmentedRaftLogWorker:Storage Directory /workdir/hadoop-ozone/ozonefs/target/test-dir/MiniOzoneClusterImpl-bec828f4-ba15-4d3e-832d-771921fb3a31/datanode-1/data/ratis/5b7d2add-3ecd-4082-a76b-af16d2f3ba25 for RaftStorage:Storage Directory /workdir/hadoop-ozone/ozonefs/target/test-dir/MiniOzoneClusterImpl-bec828f4-ba15-4d3e-832d-771921fb3a31/datanode-1/data/ratis/5b7d2add-3ecd-4082-a76b-af16d2f3ba25
2019-09-12 11:35:57,684 [pool-197-thread-1] INFO  server.RaftServerConfigKeys (ConfUtils.java:logGet(43)) - raft.server.log.queue.byte-limit = 2147483647 (custom)
2019-09-12 11:35:57,685 [pool-197-thread-1] INFO  server.RaftServerConfigKeys (ConfUtils.java:logGet(43)) - raft.server.log.queue.element-limit = 1024 (custom)
2019-09-12 11:35:57,685 [pool-197-thread-1] INFO  server.RaftServerConfigKeys (ConfUtils.java:logGet(43)) - raft.server.log.segment.size.max = 1048576 (custom)
2019-09-12 11:35:57,685 [pool-197-thread-1] INFO  server.RaftServerConfigKeys (ConfUtils.java:logGet(43)) - raft.server.log.preallocated.size = 16384 (custom)
2019-09-12 11:35:57,685 [pool-197-thread-1] INFO  server.RaftServerConfigKeys (ConfUtils.java:logGet(43)) - raft.server.log.write.buffer.size = 33554432 (custom)
2019-09-12 11:35:57,685 [pool-197-thread-1] INFO  server.RaftServerConfigKeys (ConfUtils.java:logGet(43)) - raft.server.log.force.sync.num = 128 (default)
2019-09-12 11:35:57,685 [pool-197-thread-1] INFO  server.RaftServerConfigKeys (ConfUtils.java:logGet(43)) - raft.server.log.statemachine.data.sync = true (default)
2019-09-12 11:35:57,685 [pool-197-thread-1] INFO  server.RaftServerConfigKeys (ConfUtils.java:logGet(43)) - raft.server.log.statemachine.data.sync.timeout = 10s (default)
2019-09-12 11:35:57,685 [pool-197-thread-1] INFO  server.RaftServerConfigKeys (ConfUtils.java:logGet(43)) - raft.server.log.statemachine.data.sync.timeout.retry = -1 (default)
2019-09-12 11:35:57,686 [pool-197-thread-1] INFO  server.RaftServerConfigKeys (ConfUtils.java:logGet(43)) - raft.server.log.statemachine.data.caching.enabled = true (custom)
2019-09-12 11:35:57,686 [pool-197-thread-1] INFO  segmented.SegmentedRaftLogWorker (SegmentedRaftLogWorker.java:lambda$new$0(132)) - 6daa7f41-8dea-4799-8bce-e60ff6f7b764-SegmentedRaftLogWorker:Storage Directory /workdir/hadoop-ozone/ozonefs/target/test-dir/MiniOzoneClusterImpl-bec828f4-ba15-4d3e-832d-771921fb3a31/datanode-1/data/ratis/5b7d2add-3ecd-4082-a76b-af16d2f3ba25: flushIndex: setUnconditionally 0 -> -1
2019-09-12 11:35:57,686 [pool-197-thread-1] INFO  server.RaftServerConfigKeys (ConfUtils.java:logGet(43)) - raft.server.snapshot.auto.trigger.enabled = true (custom)
2019-09-12 11:35:57,686 [pool-197-thread-1] INFO  server.RaftServerConfigKeys (ConfUtils.java:logGet(43)) - raft.server.snapshot.auto.trigger.threshold = 10000 (custom)
2019-09-12 11:35:57,686 [pool-197-thread-1] INFO  server.RaftServerConfigKeys (ConfUtils.java:logGet(43)) - raft.server.retrycache.expirytime = 600000ms (custom)
2019-09-12 11:35:57,687 [pool-197-thread-1] INFO  impl.RaftServerImpl (RaftServerImpl.java:start(180)) - 6daa7f41-8dea-4799-8bce-e60ff6f7b764: start group-AF16D2F3BA25
2019-09-12 11:35:57,687 [pool-197-thread-1] INFO  impl.RaftServerImpl (RaftServerImpl.java:setRole(171)) - 6daa7f41-8dea-4799-8bce-e60ff6f7b764:group-AF16D2F3BA25 changes role from null to FOLLOWER at term 0 for startAsFollower
2019-09-12 11:35:57,687 [pool-197-thread-1] INFO  impl.RoleInfo (RoleInfo.java:updateAndGet(143)) - 6daa7f41-8dea-4799-8bce-e60ff6f7b764: start FollowerState
2019-09-12 11:35:57,687 [pool-197-thread-1] INFO  util.JmxRegister (JmxRegister.java:tryRegister(44)) - Successfully registered JMX Bean with object name Ratis:service=RaftServer,group=group-AF16D2F3BA25,id=6daa7f41-8dea-4799-8bce-e60ff6f7b764
2019-09-12 11:35:57,690 [RatisPipelineUtilsThread] INFO  pipeline.PipelineStateManager (PipelineStateManager.java:addPipeline(56)) - Created pipeline Pipeline[ Id: 5b7d2add-3ecd-4082-a76b-af16d2f3ba25, Nodes: 6daa7f41-8dea-4799-8bce-e60ff6f7b764{ip: 192.168.36.114, host: pr-hdds-1569-58hkm-1881083799, networkLocation: /default-rack, certSerialId: null}, Type:RATIS, Factor:ONE, State:OPEN]
2019-09-12 11:35:57,690 [RatisPipelineUtilsThread] ERROR pipeline.PipelinePlacementPolicy (PipelinePlacementPolicy.java:meetCriteria(92)) - Pipeline Placement: Doesn't meet the criteria to be viable node. Heaviness: 6
2019-09-12 11:35:57,697 [grpc-default-executor-0] INFO  impl.RaftServerProxy (RaftServerProxy.java:addNew(89)) - 6daa7f41-8dea-4799-8bce-e60ff6f7b764: addNew group-1A5835F28A67:[6daa7f41-8dea-4799-8bce-e60ff6f7b764:192.168.36.114:44429] returns group-1A5835F28A67:java.util.concurrent.CompletableFuture@67016167[Not completed]
2019-09-12 11:35:57,699 [pool-197-thread-1] INFO  impl.RaftServerImpl (RaftServerImpl.java:<init>(93)) - 6daa7f41-8dea-4799-8bce-e60ff6f7b764: new RaftServerImpl for group-1A5835F28A67:[6daa7f41-8dea-4799-8bce-e60ff6f7b764:192.168.36.114:44429] with ContainerStateMachine:uninitialized
2019-09-12 11:35:57,700 [pool-197-thread-1] INFO  server.RaftServerConfigKeys (ConfUtils.java:logGet(43)) - raft.server.rpc.timeout.min = 5s (custom)
2019-09-12 11:35:57,700 [pool-197-thread-1] INFO  server.RaftServerConfigKeys (ConfUtils.java:logGet(43)) - raft.server.rpc.timeout.max = 5200ms (custom)
2019-09-12 11:35:57,700 [pool-197-thread-1] INFO  server.RaftServerConfigKeys (ConfUtils.java:logGet(43)) - raft.server.rpcslowness.timeout = 120s (custom)
2019-09-12 11:35:57,700 [pool-197-thread-1] INFO  server.RaftServerConfigKeys (ConfUtils.java:logGet(43)) - raft.server.sleep.deviation.threshold = 300 (default)
2019-09-12 11:35:57,701 [pool-197-thread-1] INFO  server.RaftServerConfigKeys (ConfUtils.java:logGet(43)) - raft.server.log.appender.install.snapshot.enabled = false (custom)
2019-09-12 11:35:57,701 [pool-197-thread-1] INFO  impl.RaftServerImpl (ServerState.java:<init>(105)) - 6daa7f41-8dea-4799-8bce-e60ff6f7b764:group-1A5835F28A67 ConfigurationManager, init=-1: [6daa7f41-8dea-4799-8bce-e60ff6f7b764:192.168.36.114:44429], old=null, confs=<EMPTY_MAP>
2019-09-12 11:35:57,701 [pool-197-thread-1] INFO  server.RaftServerConfigKeys (ConfUtils.java:logGet(43)) - raft.server.storage.dir = [/workdir/hadoop-ozone/ozonefs/target/test-dir/MiniOzoneClusterImpl-bec828f4-ba15-4d3e-832d-771921fb3a31/datanode-1/data/ratis] (custom)
2019-09-12 11:35:57,702 [pool-197-thread-1] INFO  storage.RaftStorageDirectory (RaftStorageDirectory.java:analyzeStorage(246)) - The storage directory /workdir/hadoop-ozone/ozonefs/target/test-dir/MiniOzoneClusterImpl-bec828f4-ba15-4d3e-832d-771921fb3a31/datanode-1/data/ratis/c33df1a0-88cb-43a0-8e6b-1a5835f28a67 does not exist. Creating ...
2019-09-12 11:35:57,705 [pool-197-thread-1] INFO  storage.RaftStorageDirectory (RaftStorageDirectory.java:tryLock(328)) - Lock on /workdir/hadoop-ozone/ozonefs/target/test-dir/MiniOzoneClusterImpl-bec828f4-ba15-4d3e-832d-771921fb3a31/datanode-1/data/ratis/c33df1a0-88cb-43a0-8e6b-1a5835f28a67/in_use.lock acquired by nodename 26908@pr-hdds-1569-58hkm-1881083799
2019-09-12 11:35:57,718 [pool-197-thread-1] INFO  storage.RaftStorage (RaftStorage.java:format(72)) - Storage directory /workdir/hadoop-ozone/ozonefs/target/test-dir/MiniOzoneClusterImpl-bec828f4-ba15-4d3e-832d-771921fb3a31/datanode-1/data/ratis/c33df1a0-88cb-43a0-8e6b-1a5835f28a67 has been successfully formatted.
2019-09-12 11:35:57,718 [pool-197-thread-1] INFO  ratis.ContainerStateMachine (ContainerStateMachine.java:loadSnapshot(226)) - group-1A5835F28A67: The snapshot info is null. Setting the last applied indexto:(t:0, i:~)
2019-09-12 11:35:57,718 [pool-197-thread-1] INFO  server.RaftServerConfigKeys (ConfUtils.java:logGet(43)) - raft.server.leader.election.timeout = 120s (custom)
2019-09-12 11:35:57,718 [pool-197-thread-1] INFO  server.RaftServerConfigKeys (ConfUtils.java:logGet(43)) - raft.server.log.use.memory = false (default)
2019-09-12 11:35:57,718 [pool-197-thread-1] INFO  server.RaftServerConfigKeys (ConfUtils.java:logGet(43)) - raft.server.log.purge.gap = 1000000 (custom)
2019-09-12 11:35:57,718 [pool-197-thread-1] INFO  server.RaftServerConfigKeys (ConfUtils.java:logGet(43)) - raft.server.log.appender.buffer.byte-limit = 33554432 (custom)
2019-09-12 11:35:57,719 [pool-197-thread-1] INFO  server.RaftServerConfigKeys (ConfUtils.java:logGet(43)) - raft.server.log.segment.size.max = 1048576 (custom)
2019-09-12 11:35:57,719 [pool-197-thread-1] INFO  server.RaftServerConfigKeys (ConfUtils.java:logGet(43)) - raft.server.log.segment.cache.num.max = 2 (custom)
2019-09-12 11:35:57,719 [pool-197-thread-1] INFO  segmented.SegmentedRaftLogWorker (SegmentedRaftLogWorker.java:<init>(172)) - new 6daa7f41-8dea-4799-8bce-e60ff6f7b764-SegmentedRaftLogWorker:Storage Directory /workdir/hadoop-ozone/ozonefs/target/test-dir/MiniOzoneClusterImpl-bec828f4-ba15-4d3e-832d-771921fb3a31/datanode-1/data/ratis/c33df1a0-88cb-43a0-8e6b-1a5835f28a67 for RaftStorage:Storage Directory /workdir/hadoop-ozone/ozonefs/target/test-dir/MiniOzoneClusterImpl-bec828f4-ba15-4d3e-832d-771921fb3a31/datanode-1/data/ratis/c33df1a0-88cb-43a0-8e6b-1a5835f28a67
2019-09-12 11:35:57,719 [pool-197-thread-1] INFO  server.RaftServerConfigKeys (ConfUtils.java:logGet(43)) - raft.server.log.queue.byte-limit = 2147483647 (custom)
2019-09-12 11:35:57,719 [pool-197-thread-1] INFO  server.RaftServerConfigKeys (ConfUtils.java:logGet(43)) - raft.server.log.queue.element-limit = 1024 (custom)
2019-09-12 11:35:57,719 [pool-197-thread-1] INFO  server.RaftServerConfigKeys (ConfUtils.java:logGet(43)) - raft.server.log.segment.size.max = 1048576 (custom)
2019-09-12 11:35:57,719 [pool-197-thread-1] INFO  server.RaftServerConfigKeys (ConfUtils.java:logGet(43)) - raft.server.log.preallocated.size = 16384 (custom)
2019-09-12 11:35:57,719 [pool-197-thread-1] INFO  server.RaftServerConfigKeys (ConfUtils.java:logGet(43)) - raft.server.log.write.buffer.size = 33554432 (custom)
2019-09-12 11:35:57,720 [pool-197-thread-1] INFO  server.RaftServerConfigKeys (ConfUtils.java:logGet(43)) - raft.server.log.force.sync.num = 128 (default)
2019-09-12 11:35:57,720 [pool-197-thread-1] INFO  server.RaftServerConfigKeys (ConfUtils.java:logGet(43)) - raft.server.log.statemachine.data.sync = true (default)
2019-09-12 11:35:57,720 [pool-197-thread-1] INFO  server.RaftServerConfigKeys (ConfUtils.java:logGet(43)) - raft.server.log.statemachine.data.sync.timeout = 10s (default)
2019-09-12 11:35:57,720 [pool-197-thread-1] INFO  server.RaftServerConfigKeys (ConfUtils.java:logGet(43)) - raft.server.log.statemachine.data.sync.timeout.retry = -1 (default)
2019-09-12 11:35:57,720 [pool-197-thread-1] INFO  server.RaftServerConfigKeys (ConfUtils.java:logGet(43)) - raft.server.log.statemachine.data.caching.enabled = true (custom)
2019-09-12 11:35:57,720 [pool-197-thread-1] INFO  segmented.SegmentedRaftLogWorker (SegmentedRaftLogWorker.java:lambda$new$0(132)) - 6daa7f41-8dea-4799-8bce-e60ff6f7b764-SegmentedRaftLogWorker:Storage Directory /workdir/hadoop-ozone/ozonefs/target/test-dir/MiniOzoneClusterImpl-bec828f4-ba15-4d3e-832d-771921fb3a31/datanode-1/data/ratis/c33df1a0-88cb-43a0-8e6b-1a5835f28a67: flushIndex: setUnconditionally 0 -> -1
2019-09-12 11:35:57,721 [pool-197-thread-1] INFO  server.RaftServerConfigKeys (ConfUtils.java:logGet(43)) - raft.server.snapshot.auto.trigger.enabled = true (custom)
2019-09-12 11:35:57,721 [pool-197-thread-1] INFO  server.RaftServerConfigKeys (ConfUtils.java:logGet(43)) - raft.server.snapshot.auto.trigger.threshold = 10000 (custom)
2019-09-12 11:35:57,721 [pool-197-thread-1] INFO  server.RaftServerConfigKeys (ConfUtils.java:logGet(43)) - raft.server.retrycache.expirytime = 600000ms (custom)
2019-09-12 11:35:57,721 [pool-197-thread-1] INFO  impl.RaftServerImpl (RaftServerImpl.java:start(180)) - 6daa7f41-8dea-4799-8bce-e60ff6f7b764: start group-1A5835F28A67
2019-09-12 11:35:57,721 [pool-197-thread-1] INFO  impl.RaftServerImpl (RaftServerImpl.java:setRole(171)) - 6daa7f41-8dea-4799-8bce-e60ff6f7b764:group-1A5835F28A67 changes role from null to FOLLOWER at term 0 for startAsFollower
2019-09-12 11:35:57,721 [pool-197-thread-1] INFO  impl.RoleInfo (RoleInfo.java:updateAndGet(143)) - 6daa7f41-8dea-4799-8bce-e60ff6f7b764: start FollowerState
2019-09-12 11:35:57,722 [pool-197-thread-1] INFO  util.JmxRegister (JmxRegister.java:tryRegister(44)) - Successfully registered JMX Bean with object name Ratis:service=RaftServer,group=group-1A5835F28A67,id=6daa7f41-8dea-4799-8bce-e60ff6f7b764
2019-09-12 11:35:57,724 [RatisPipelineUtilsThread] INFO  pipeline.PipelineStateManager (PipelineStateManager.java:addPipeline(56)) - Created pipeline Pipeline[ Id: c33df1a0-88cb-43a0-8e6b-1a5835f28a67, Nodes: 6daa7f41-8dea-4799-8bce-e60ff6f7b764{ip: 192.168.36.114, host: pr-hdds-1569-58hkm-1881083799, networkLocation: /default-rack, certSerialId: null}, Type:RATIS, Factor:ONE, State:OPEN]
2019-09-12 11:35:57,725 [RatisPipelineUtilsThread] ERROR pipeline.PipelinePlacementPolicy (PipelinePlacementPolicy.java:meetCriteria(92)) - Pipeline Placement: Doesn't meet the criteria to be viable node. Heaviness: 6
2019-09-12 11:35:57,730 [grpc-default-executor-0] INFO  impl.RaftServerProxy (RaftServerProxy.java:addNew(89)) - 6daa7f41-8dea-4799-8bce-e60ff6f7b764: addNew group-D4A891BE6782:[6daa7f41-8dea-4799-8bce-e60ff6f7b764:192.168.36.114:44429] returns group-D4A891BE6782:java.util.concurrent.CompletableFuture@3e44d14e[Not completed]
2019-09-12 11:35:57,730 [pool-197-thread-1] INFO  impl.RaftServerImpl (RaftServerImpl.java:<init>(93)) - 6daa7f41-8dea-4799-8bce-e60ff6f7b764: new RaftServerImpl for group-D4A891BE6782:[6daa7f41-8dea-4799-8bce-e60ff6f7b764:192.168.36.114:44429] with ContainerStateMachine:uninitialized
2019-09-12 11:35:57,731 [pool-197-thread-1] INFO  server.RaftServerConfigKeys (ConfUtils.java:logGet(43)) - raft.server.rpc.timeout.min = 5s (custom)
2019-09-12 11:35:57,731 [pool-197-thread-1] INFO  server.RaftServerConfigKeys (ConfUtils.java:logGet(43)) - raft.server.rpc.timeout.max = 5200ms (custom)
2019-09-12 11:35:57,731 [pool-197-thread-1] INFO  server.RaftServerConfigKeys (ConfUtils.java:logGet(43)) - raft.server.rpcslowness.timeout = 120s (custom)
2019-09-12 11:35:57,731 [pool-197-thread-1] INFO  server.RaftServerConfigKeys (ConfUtils.java:logGet(43)) - raft.server.sleep.deviation.threshold = 300 (default)
2019-09-12 11:35:57,731 [pool-197-thread-1] INFO  server.RaftServerConfigKeys (ConfUtils.java:logGet(43)) - raft.server.log.appender.install.snapshot.enabled = false (custom)
2019-09-12 11:35:57,731 [pool-197-thread-1] INFO  impl.RaftServerImpl (ServerState.java:<init>(105)) - 6daa7f41-8dea-4799-8bce-e60ff6f7b764:group-D4A891BE6782 ConfigurationManager, init=-1: [6daa7f41-8dea-4799-8bce-e60ff6f7b764:192.168.36.114:44429], old=null, confs=<EMPTY_MAP>
2019-09-12 11:35:57,731 [pool-197-thread-1] INFO  server.RaftServerConfigKeys (ConfUtils.java:logGet(43)) - raft.server.storage.dir = [/workdir/hadoop-ozone/ozonefs/target/test-dir/MiniOzoneClusterImpl-bec828f4-ba15-4d3e-832d-771921fb3a31/datanode-1/data/ratis] (custom)
2019-09-12 11:35:57,731 [pool-197-thread-1] INFO  storage.RaftStorageDirectory (RaftStorageDirectory.java:analyzeStorage(246)) - The storage directory /workdir/hadoop-ozone/ozonefs/target/test-dir/MiniOzoneClusterImpl-bec828f4-ba15-4d3e-832d-771921fb3a31/datanode-1/data/ratis/188044ee-fb46-4d42-b77c-d4a891be6782 does not exist. Creating ...
2019-09-12 11:35:57,757 [pool-197-thread-1] INFO  storage.RaftStorageDirectory (RaftStorageDirectory.java:tryLock(328)) - Lock on /workdir/hadoop-ozone/ozonefs/target/test-dir/MiniOzoneClusterImpl-bec828f4-ba15-4d3e-832d-771921fb3a31/datanode-1/data/ratis/188044ee-fb46-4d42-b77c-d4a891be6782/in_use.lock acquired by nodename 26908@pr-hdds-1569-58hkm-1881083799
2019-09-12 11:35:57,772 [pool-197-thread-1] INFO  storage.RaftStorage (RaftStorage.java:format(72)) - Storage directory /workdir/hadoop-ozone/ozonefs/target/test-dir/MiniOzoneClusterImpl-bec828f4-ba15-4d3e-832d-771921fb3a31/datanode-1/data/ratis/188044ee-fb46-4d42-b77c-d4a891be6782 has been successfully formatted.
2019-09-12 11:35:57,772 [pool-197-thread-1] INFO  ratis.ContainerStateMachine (ContainerStateMachine.java:loadSnapshot(226)) - group-D4A891BE6782: The snapshot info is null. Setting the last applied indexto:(t:0, i:~)
2019-09-12 11:35:57,772 [pool-197-thread-1] INFO  server.RaftServerConfigKeys (ConfUtils.java:logGet(43)) - raft.server.leader.election.timeout = 120s (custom)
2019-09-12 11:35:57,772 [pool-197-thread-1] INFO  server.RaftServerConfigKeys (ConfUtils.java:logGet(43)) - raft.server.log.use.memory = false (default)
2019-09-12 11:35:57,772 [pool-197-thread-1] INFO  server.RaftServerConfigKeys (ConfUtils.java:logGet(43)) - raft.server.log.purge.gap = 1000000 (custom)
2019-09-12 11:35:57,772 [pool-197-thread-1] INFO  server.RaftServerConfigKeys (ConfUtils.java:logGet(43)) - raft.server.log.appender.buffer.byte-limit = 33554432 (custom)
2019-09-12 11:35:57,772 [pool-197-thread-1] INFO  server.RaftServerConfigKeys (ConfUtils.java:logGet(43)) - raft.server.log.segment.size.max = 1048576 (custom)
2019-09-12 11:35:57,773 [pool-197-thread-1] INFO  server.RaftServerConfigKeys (ConfUtils.java:logGet(43)) - raft.server.log.segment.cache.num.max = 2 (custom)
2019-09-12 11:35:57,773 [pool-197-thread-1] INFO  segmented.SegmentedRaftLogWorker (SegmentedRaftLogWorker.java:<init>(172)) - new 6daa7f41-8dea-4799-8bce-e60ff6f7b764-SegmentedRaftLogWorker:Storage Directory /workdir/hadoop-ozone/ozonefs/target/test-dir/MiniOzoneClusterImpl-bec828f4-ba15-4d3e-832d-771921fb3a31/datanode-1/data/ratis/188044ee-fb46-4d42-b77c-d4a891be6782 for RaftStorage:Storage Directory /workdir/hadoop-ozone/ozonefs/target/test-dir/MiniOzoneClusterImpl-bec828f4-ba15-4d3e-832d-771921fb3a31/datanode-1/data/ratis/188044ee-fb46-4d42-b77c-d4a891be6782
2019-09-12 11:35:57,773 [pool-197-thread-1] INFO  server.RaftServerConfigKeys (ConfUtils.java:logGet(43)) - raft.server.log.queue.byte-limit = 2147483647 (custom)
2019-09-12 11:35:57,773 [pool-197-thread-1] INFO  server.RaftServerConfigKeys (ConfUtils.java:logGet(43)) - raft.server.log.queue.element-limit = 1024 (custom)
2019-09-12 11:35:57,773 [pool-197-thread-1] INFO  server.RaftServerConfigKeys (ConfUtils.java:logGet(43)) - raft.server.log.segment.size.max = 1048576 (custom)
2019-09-12 11:35:57,773 [pool-197-thread-1] INFO  server.RaftServerConfigKeys (ConfUtils.java:logGet(43)) - raft.server.log.preallocated.size = 16384 (custom)
2019-09-12 11:35:57,773 [pool-197-thread-1] INFO  server.RaftServerConfigKeys (ConfUtils.java:logGet(43)) - raft.server.log.write.buffer.size = 33554432 (custom)
2019-09-12 11:35:57,773 [pool-197-thread-1] INFO  server.RaftServerConfigKeys (ConfUtils.java:logGet(43)) - raft.server.log.force.sync.num = 128 (default)
2019-09-12 11:35:57,773 [pool-197-thread-1] INFO  server.RaftServerConfigKeys (ConfUtils.java:logGet(43)) - raft.server.log.statemachine.data.sync = true (default)
2019-09-12 11:35:57,774 [pool-197-thread-1] INFO  server.RaftServerConfigKeys (ConfUtils.java:logGet(43)) - raft.server.log.statemachine.data.sync.timeout = 10s (default)
2019-09-12 11:35:57,774 [pool-197-thread-1] INFO  server.RaftServerConfigKeys (ConfUtils.java:logGet(43)) - raft.server.log.statemachine.data.sync.timeout.retry = -1 (default)
2019-09-12 11:35:57,774 [pool-197-thread-1] INFO  server.RaftServerConfigKeys (ConfUtils.java:logGet(43)) - raft.server.log.statemachine.data.caching.enabled = true (custom)
2019-09-12 11:35:57,774 [pool-197-thread-1] INFO  segmented.SegmentedRaftLogWorker (SegmentedRaftLogWorker.java:lambda$new$0(132)) - 6daa7f41-8dea-4799-8bce-e60ff6f7b764-SegmentedRaftLogWorker:Storage Directory /workdir/hadoop-ozone/ozonefs/target/test-dir/MiniOzoneClusterImpl-bec828f4-ba15-4d3e-832d-771921fb3a31/datanode-1/data/ratis/188044ee-fb46-4d42-b77c-d4a891be6782: flushIndex: setUnconditionally 0 -> -1
2019-09-12 11:35:57,774 [pool-197-thread-1] INFO  server.RaftServerConfigKeys (ConfUtils.java:logGet(43)) - raft.server.snapshot.auto.trigger.enabled = true (custom)
2019-09-12 11:35:57,774 [pool-197-thread-1] INFO  server.RaftServerConfigKeys (ConfUtils.java:logGet(43)) - raft.server.snapshot.auto.trigger.threshold = 10000 (custom)
2019-09-12 11:35:57,774 [pool-197-thread-1] INFO  server.RaftServerConfigKeys (ConfUtils.java:logGet(43)) - raft.server.retrycache.expirytime = 600000ms (custom)
2019-09-12 11:35:57,775 [pool-197-thread-1] INFO  impl.RaftServerImpl (RaftServerImpl.java:start(180)) - 6daa7f41-8dea-4799-8bce-e60ff6f7b764: start group-D4A891BE6782
2019-09-12 11:35:57,775 [pool-197-thread-1] INFO  impl.RaftServerImpl (RaftServerImpl.java:setRole(171)) - 6daa7f41-8dea-4799-8bce-e60ff6f7b764:group-D4A891BE6782 changes role from null to FOLLOWER at term 0 for startAsFollower
2019-09-12 11:35:57,775 [pool-197-thread-1] INFO  impl.RoleInfo (RoleInfo.java:updateAndGet(143)) - 6daa7f41-8dea-4799-8bce-e60ff6f7b764: start FollowerState
2019-09-12 11:35:57,775 [pool-197-thread-1] INFO  util.JmxRegister (JmxRegister.java:tryRegister(44)) - Successfully registered JMX Bean with object name Ratis:service=RaftServer,group=group-D4A891BE6782,id=6daa7f41-8dea-4799-8bce-e60ff6f7b764
2019-09-12 11:35:57,777 [RatisPipelineUtilsThread] INFO  pipeline.PipelineStateManager (PipelineStateManager.java:addPipeline(56)) - Created pipeline Pipeline[ Id: 188044ee-fb46-4d42-b77c-d4a891be6782, Nodes: 6daa7f41-8dea-4799-8bce-e60ff6f7b764{ip: 192.168.36.114, host: pr-hdds-1569-58hkm-1881083799, networkLocation: /default-rack, certSerialId: null}, Type:RATIS, Factor:ONE, State:OPEN]
2019-09-12 11:35:57,778 [RatisPipelineUtilsThread] ERROR pipeline.PipelinePlacementPolicy (PipelinePlacementPolicy.java:meetCriteria(92)) - Pipeline Placement: Doesn't meet the criteria to be viable node. Heaviness: 6
2019-09-12 11:35:57,783 [grpc-default-executor-0] INFO  impl.RaftServerProxy (RaftServerProxy.java:addNew(89)) - 6daa7f41-8dea-4799-8bce-e60ff6f7b764: addNew group-9CFA0DFE7935:[6daa7f41-8dea-4799-8bce-e60ff6f7b764:192.168.36.114:44429] returns group-9CFA0DFE7935:java.util.concurrent.CompletableFuture@587e7c48[Not completed]
2019-09-12 11:35:57,784 [pool-197-thread-1] INFO  impl.RaftServerImpl (RaftServerImpl.java:<init>(93)) - 6daa7f41-8dea-4799-8bce-e60ff6f7b764: new RaftServerImpl for group-9CFA0DFE7935:[6daa7f41-8dea-4799-8bce-e60ff6f7b764:192.168.36.114:44429] with ContainerStateMachine:uninitialized
2019-09-12 11:35:57,784 [pool-197-thread-1] INFO  server.RaftServerConfigKeys (ConfUtils.java:logGet(43)) - raft.server.rpc.timeout.min = 5s (custom)
2019-09-12 11:35:57,784 [pool-197-thread-1] INFO  server.RaftServerConfigKeys (ConfUtils.java:logGet(43)) - raft.server.rpc.timeout.max = 5200ms (custom)
2019-09-12 11:35:57,785 [pool-197-thread-1] INFO  server.RaftServerConfigKeys (ConfUtils.java:logGet(43)) - raft.server.rpcslowness.timeout = 120s (custom)
2019-09-12 11:35:57,785 [pool-197-thread-1] INFO  server.RaftServerConfigKeys (ConfUtils.java:logGet(43)) - raft.server.sleep.deviation.threshold = 300 (default)
2019-09-12 11:35:57,785 [pool-197-thread-1] INFO  server.RaftServerConfigKeys (ConfUtils.java:logGet(43)) - raft.server.log.appender.install.snapshot.enabled = false (custom)
2019-09-12 11:35:57,785 [pool-197-thread-1] INFO  impl.RaftServerImpl (ServerState.java:<init>(105)) - 6daa7f41-8dea-4799-8bce-e60ff6f7b764:group-9CFA0DFE7935 ConfigurationManager, init=-1: [6daa7f41-8dea-4799-8bce-e60ff6f7b764:192.168.36.114:44429], old=null, confs=<EMPTY_MAP>
2019-09-12 11:35:57,785 [pool-197-thread-1] INFO  server.RaftServerConfigKeys (ConfUtils.java:logGet(43)) - raft.server.storage.dir = [/workdir/hadoop-ozone/ozonefs/target/test-dir/MiniOzoneClusterImpl-bec828f4-ba15-4d3e-832d-771921fb3a31/datanode-1/data/ratis] (custom)
2019-09-12 11:35:57,785 [pool-197-thread-1] INFO  storage.RaftStorageDirectory (RaftStorageDirectory.java:analyzeStorage(246)) - The storage directory /workdir/hadoop-ozone/ozonefs/target/test-dir/MiniOzoneClusterImpl-bec828f4-ba15-4d3e-832d-771921fb3a31/datanode-1/data/ratis/68943c5f-8ceb-414b-92f6-9cfa0dfe7935 does not exist. Creating ...
2019-09-12 11:35:57,810 [pool-197-thread-1] INFO  storage.RaftStorageDirectory (RaftStorageDirectory.java:tryLock(328)) - Lock on /workdir/hadoop-ozone/ozonefs/target/test-dir/MiniOzoneClusterImpl-bec828f4-ba15-4d3e-832d-771921fb3a31/datanode-1/data/ratis/68943c5f-8ceb-414b-92f6-9cfa0dfe7935/in_use.lock acquired by nodename 26908@pr-hdds-1569-58hkm-1881083799
2019-09-12 11:35:57,824 [pool-197-thread-1] INFO  storage.RaftStorage (RaftStorage.java:format(72)) - Storage directory /workdir/hadoop-ozone/ozonefs/target/test-dir/MiniOzoneClusterImpl-bec828f4-ba15-4d3e-832d-771921fb3a31/datanode-1/data/ratis/68943c5f-8ceb-414b-92f6-9cfa0dfe7935 has been successfully formatted.
2019-09-12 11:35:57,824 [pool-197-thread-1] INFO  ratis.ContainerStateMachine (ContainerStateMachine.java:loadSnapshot(226)) - group-9CFA0DFE7935: The snapshot info is null. Setting the last applied indexto:(t:0, i:~)
2019-09-12 11:35:57,825 [pool-197-thread-1] INFO  server.RaftServerConfigKeys (ConfUtils.java:logGet(43)) - raft.server.leader.election.timeout = 120s (custom)
2019-09-12 11:35:57,825 [pool-197-thread-1] INFO  server.RaftServerConfigKeys (ConfUtils.java:logGet(43)) - raft.server.log.use.memory = false (default)
2019-09-12 11:35:57,825 [pool-197-thread-1] INFO  server.RaftServerConfigKeys (ConfUtils.java:logGet(43)) - raft.server.log.purge.gap = 1000000 (custom)
2019-09-12 11:35:57,825 [pool-197-thread-1] INFO  server.RaftServerConfigKeys (ConfUtils.java:logGet(43)) - raft.server.log.appender.buffer.byte-limit = 33554432 (custom)
2019-09-12 11:35:57,825 [pool-197-thread-1] INFO  server.RaftServerConfigKeys (ConfUtils.java:logGet(43)) - raft.server.log.segment.size.max = 1048576 (custom)
2019-09-12 11:35:57,825 [pool-197-thread-1] INFO  server.RaftServerConfigKeys (ConfUtils.java:logGet(43)) - raft.server.log.segment.cache.num.max = 2 (custom)
2019-09-12 11:35:57,825 [pool-197-thread-1] INFO  segmented.SegmentedRaftLogWorker (SegmentedRaftLogWorker.java:<init>(172)) - new 6daa7f41-8dea-4799-8bce-e60ff6f7b764-SegmentedRaftLogWorker:Storage Directory /workdir/hadoop-ozone/ozonefs/target/test-dir/MiniOzoneClusterImpl-bec828f4-ba15-4d3e-832d-771921fb3a31/datanode-1/data/ratis/68943c5f-8ceb-414b-92f6-9cfa0dfe7935 for RaftStorage:Storage Directory /workdir/hadoop-ozone/ozonefs/target/test-dir/MiniOzoneClusterImpl-bec828f4-ba15-4d3e-832d-771921fb3a31/datanode-1/data/ratis/68943c5f-8ceb-414b-92f6-9cfa0dfe7935
2019-09-12 11:35:57,825 [pool-197-thread-1] INFO  server.RaftServerConfigKeys (ConfUtils.java:logGet(43)) - raft.server.log.queue.byte-limit = 2147483647 (custom)
2019-09-12 11:35:57,825 [pool-197-thread-1] INFO  server.RaftServerConfigKeys (ConfUtils.java:logGet(43)) - raft.server.log.queue.element-limit = 1024 (custom)
2019-09-12 11:35:57,825 [pool-197-thread-1] INFO  server.RaftServerConfigKeys (ConfUtils.java:logGet(43)) - raft.server.log.segment.size.max = 1048576 (custom)
2019-09-12 11:35:57,826 [pool-197-thread-1] INFO  server.RaftServerConfigKeys (ConfUtils.java:logGet(43)) - raft.server.log.preallocated.size = 16384 (custom)
2019-09-12 11:35:57,826 [pool-197-thread-1] INFO  server.RaftServerConfigKeys (ConfUtils.java:logGet(43)) - raft.server.log.write.buffer.size = 33554432 (custom)
2019-09-12 11:35:57,826 [pool-197-thread-1] INFO  server.RaftServerConfigKeys (ConfUtils.java:logGet(43)) - raft.server.log.force.sync.num = 128 (default)
2019-09-12 11:35:57,826 [pool-197-thread-1] INFO  server.RaftServerConfigKeys (ConfUtils.java:logGet(43)) - raft.server.log.statemachine.data.sync = true (default)
2019-09-12 11:35:57,826 [pool-197-thread-1] INFO  server.RaftServerConfigKeys (ConfUtils.java:logGet(43)) - raft.server.log.statemachine.data.sync.timeout = 10s (default)
2019-09-12 11:35:57,826 [pool-197-thread-1] INFO  server.RaftServerConfigKeys (ConfUtils.java:logGet(43)) - raft.server.log.statemachine.data.sync.timeout.retry = -1 (default)
2019-09-12 11:35:57,826 [pool-197-thread-1] INFO  server.RaftServerConfigKeys (ConfUtils.java:logGet(43)) - raft.server.log.statemachine.data.caching.enabled = true (custom)
2019-09-12 11:35:57,826 [pool-197-thread-1] INFO  segmented.SegmentedRaftLogWorker (SegmentedRaftLogWorker.java:lambda$new$0(132)) - 6daa7f41-8dea-4799-8bce-e60ff6f7b764-SegmentedRaftLogWorker:Storage Directory /workdir/hadoop-ozone/ozonefs/target/test-dir/MiniOzoneClusterImpl-bec828f4-ba15-4d3e-832d-771921fb3a31/datanode-1/data/ratis/68943c5f-8ceb-414b-92f6-9cfa0dfe7935: flushIndex: setUnconditionally 0 -> -1
2019-09-12 11:35:57,827 [pool-197-thread-1] INFO  server.RaftServerConfigKeys (ConfUtils.java:logGet(43)) - raft.server.snapshot.auto.trigger.enabled = true (custom)
2019-09-12 11:35:57,827 [pool-197-thread-1] INFO  server.RaftServerConfigKeys (ConfUtils.java:logGet(43)) - raft.server.snapshot.auto.trigger.threshold = 10000 (custom)
2019-09-12 11:35:57,827 [pool-197-thread-1] INFO  server.RaftServerConfigKeys (ConfUtils.java:logGet(43)) - raft.server.retrycache.expirytime = 600000ms (custom)
2019-09-12 11:35:57,827 [pool-197-thread-1] INFO  impl.RaftServerImpl (RaftServerImpl.java:start(180)) - 6daa7f41-8dea-4799-8bce-e60ff6f7b764: start group-9CFA0DFE7935
2019-09-12 11:35:57,827 [pool-197-thread-1] INFO  impl.RaftServerImpl (RaftServerImpl.java:setRole(171)) - 6daa7f41-8dea-4799-8bce-e60ff6f7b764:group-9CFA0DFE7935 changes role from null to FOLLOWER at term 0 for startAsFollower
2019-09-12 11:35:57,827 [pool-197-thread-1] INFO  impl.RoleInfo (RoleInfo.java:updateAndGet(143)) - 6daa7f41-8dea-4799-8bce-e60ff6f7b764: start FollowerState
2019-09-12 11:35:57,828 [pool-197-thread-1] INFO  util.JmxRegister (JmxRegister.java:tryRegister(44)) - Successfully registered JMX Bean with object name Ratis:service=RaftServer,group=group-9CFA0DFE7935,id=6daa7f41-8dea-4799-8bce-e60ff6f7b764
2019-09-12 11:35:57,831 [RatisPipelineUtilsThread] INFO  pipeline.PipelineStateManager (PipelineStateManager.java:addPipeline(56)) - Created pipeline Pipeline[ Id: 68943c5f-8ceb-414b-92f6-9cfa0dfe7935, Nodes: 6daa7f41-8dea-4799-8bce-e60ff6f7b764{ip: 192.168.36.114, host: pr-hdds-1569-58hkm-1881083799, networkLocation: /default-rack, certSerialId: null}, Type:RATIS, Factor:ONE, State:OPEN]
2019-09-12 11:35:57,831 [RatisPipelineUtilsThread] ERROR pipeline.PipelinePlacementPolicy (PipelinePlacementPolicy.java:meetCriteria(92)) - Pipeline Placement: Doesn't meet the criteria to be viable node. Heaviness: 6
2019-09-12 11:35:57,836 [grpc-default-executor-0] INFO  impl.RaftServerProxy (RaftServerProxy.java:addNew(89)) - 6daa7f41-8dea-4799-8bce-e60ff6f7b764: addNew group-E19A2824500A:[6daa7f41-8dea-4799-8bce-e60ff6f7b764:192.168.36.114:44429] returns group-E19A2824500A:java.util.concurrent.CompletableFuture@430e1628[Not completed]
2019-09-12 11:35:57,837 [pool-197-thread-1] INFO  impl.RaftServerImpl (RaftServerImpl.java:<init>(93)) - 6daa7f41-8dea-4799-8bce-e60ff6f7b764: new RaftServerImpl for group-E19A2824500A:[6daa7f41-8dea-4799-8bce-e60ff6f7b764:192.168.36.114:44429] with ContainerStateMachine:uninitialized
2019-09-12 11:35:57,837 [pool-197-thread-1] INFO  server.RaftServerConfigKeys (ConfUtils.java:logGet(43)) - raft.server.rpc.timeout.min = 5s (custom)
2019-09-12 11:35:57,837 [pool-197-thread-1] INFO  server.RaftServerConfigKeys (ConfUtils.java:logGet(43)) - raft.server.rpc.timeout.max = 5200ms (custom)
2019-09-12 11:35:57,837 [pool-197-thread-1] INFO  server.RaftServerConfigKeys (ConfUtils.java:logGet(43)) - raft.server.rpcslowness.timeout = 120s (custom)
2019-09-12 11:35:57,837 [pool-197-thread-1] INFO  server.RaftServerConfigKeys (ConfUtils.java:logGet(43)) - raft.server.sleep.deviation.threshold = 300 (default)
2019-09-12 11:35:57,838 [pool-197-thread-1] INFO  server.RaftServerConfigKeys (ConfUtils.java:logGet(43)) - raft.server.log.appender.install.snapshot.enabled = false (custom)
2019-09-12 11:35:57,838 [pool-197-thread-1] INFO  impl.RaftServerImpl (ServerState.java:<init>(105)) - 6daa7f41-8dea-4799-8bce-e60ff6f7b764:group-E19A2824500A ConfigurationManager, init=-1: [6daa7f41-8dea-4799-8bce-e60ff6f7b764:192.168.36.114:44429], old=null, confs=<EMPTY_MAP>
2019-09-12 11:35:57,838 [pool-197-thread-1] INFO  server.RaftServerConfigKeys (ConfUtils.java:logGet(43)) - raft.server.storage.dir = [/workdir/hadoop-ozone/ozonefs/target/test-dir/MiniOzoneClusterImpl-bec828f4-ba15-4d3e-832d-771921fb3a31/datanode-1/data/ratis] (custom)
2019-09-12 11:35:57,838 [pool-197-thread-1] INFO  storage.RaftStorageDirectory (RaftStorageDirectory.java:analyzeStorage(246)) - The storage directory /workdir/hadoop-ozone/ozonefs/target/test-dir/MiniOzoneClusterImpl-bec828f4-ba15-4d3e-832d-771921fb3a31/datanode-1/data/ratis/f3cfd0b0-82cb-4250-8dd5-e19a2824500a does not exist. Creating ...
2019-09-12 11:35:57,851 [pool-197-thread-1] INFO  storage.RaftStorageDirectory (RaftStorageDirectory.java:tryLock(328)) - Lock on /workdir/hadoop-ozone/ozonefs/target/test-dir/MiniOzoneClusterImpl-bec828f4-ba15-4d3e-832d-771921fb3a31/datanode-1/data/ratis/f3cfd0b0-82cb-4250-8dd5-e19a2824500a/in_use.lock acquired by nodename 26908@pr-hdds-1569-58hkm-1881083799
2019-09-12 11:35:57,859 [Thread-806] INFO  ozone.MiniOzoneClusterImpl (MiniOzoneClusterImpl.java:lambda$waitForClusterToBeReady$0(142)) - Cluster is ready. Got 3 of 3 DN Heartbeats.
2019-09-12 11:35:57,859 [IPC Server handler 2 on 33152] INFO  net.NetworkTopology (NetworkTopologyImpl.java:add(110)) - Added a new node: /default-rack/432584d5-88c8-490c-9346-3a88872a0c9f
2019-09-12 11:35:57,859 [IPC Server handler 2 on 33152] INFO  node.SCMNodeManager (SCMNodeManager.java:register(273)) - Registered Data node : 432584d5-88c8-490c-9346-3a88872a0c9f{ip: 192.168.36.114, host: pr-hdds-1569-58hkm-1881083799, networkLocation: /default-rack, certSerialId: null}
2019-09-12 11:35:57,860 | INFO  | SCMAudit | user=jenkins1000 | ip=192.168.36.114 | op=REGISTER {datanodeDetails=432584d5-88c8-490c-9346-3a88872a0c9f{ip: 192.168.36.114, host: pr-hdds-1569-58hkm-1881083799, networkLocation: /default-rack, certSerialId: null}} | ret=SUCCESS |  
2019-09-12 11:35:57,863 [pool-197-thread-1] INFO  storage.RaftStorage (RaftStorage.java:format(72)) - Storage directory /workdir/hadoop-ozone/ozonefs/target/test-dir/MiniOzoneClusterImpl-bec828f4-ba15-4d3e-832d-771921fb3a31/datanode-1/data/ratis/f3cfd0b0-82cb-4250-8dd5-e19a2824500a has been successfully formatted.
2019-09-12 11:35:57,863 [pool-197-thread-1] INFO  ratis.ContainerStateMachine (ContainerStateMachine.java:loadSnapshot(226)) - group-E19A2824500A: The snapshot info is null. Setting the last applied indexto:(t:0, i:~)
2019-09-12 11:35:57,864 [pool-197-thread-1] INFO  server.RaftServerConfigKeys (ConfUtils.java:logGet(43)) - raft.server.leader.election.timeout = 120s (custom)
2019-09-12 11:35:57,864 [pool-197-thread-1] INFO  server.RaftServerConfigKeys (ConfUtils.java:logGet(43)) - raft.server.log.use.memory = false (default)
2019-09-12 11:35:57,864 [pool-197-thread-1] INFO  server.RaftServerConfigKeys (ConfUtils.java:logGet(43)) - raft.server.log.purge.gap = 1000000 (custom)
2019-09-12 11:35:57,864 [pool-197-thread-1] INFO  server.RaftServerConfigKeys (ConfUtils.java:logGet(43)) - raft.server.log.appender.buffer.byte-limit = 33554432 (custom)
2019-09-12 11:35:57,864 [pool-197-thread-1] INFO  server.RaftServerConfigKeys (ConfUtils.java:logGet(43)) - raft.server.log.segment.size.max = 1048576 (custom)
2019-09-12 11:35:57,864 [pool-197-thread-1] INFO  server.RaftServerConfigKeys (ConfUtils.java:logGet(43)) - raft.server.log.segment.cache.num.max = 2 (custom)
2019-09-12 11:35:57,864 [pool-197-thread-1] INFO  segmented.SegmentedRaftLogWorker (SegmentedRaftLogWorker.java:<init>(172)) - new 6daa7f41-8dea-4799-8bce-e60ff6f7b764-SegmentedRaftLogWorker:Storage Directory /workdir/hadoop-ozone/ozonefs/target/test-dir/MiniOzoneClusterImpl-bec828f4-ba15-4d3e-832d-771921fb3a31/datanode-1/data/ratis/f3cfd0b0-82cb-4250-8dd5-e19a2824500a for RaftStorage:Storage Directory /workdir/hadoop-ozone/ozonefs/target/test-dir/MiniOzoneClusterImpl-bec828f4-ba15-4d3e-832d-771921fb3a31/datanode-1/data/ratis/f3cfd0b0-82cb-4250-8dd5-e19a2824500a
2019-09-12 11:35:57,865 [pool-197-thread-1] INFO  server.RaftServerConfigKeys (ConfUtils.java:logGet(43)) - raft.server.log.queue.byte-limit = 2147483647 (custom)
2019-09-12 11:35:57,865 [pool-197-thread-1] INFO  server.RaftServerConfigKeys (ConfUtils.java:logGet(43)) - raft.server.log.queue.element-limit = 1024 (custom)
2019-09-12 11:35:57,865 [pool-197-thread-1] INFO  server.RaftServerConfigKeys (ConfUtils.java:logGet(43)) - raft.server.log.segment.size.max = 1048576 (custom)
2019-09-12 11:35:57,865 [pool-197-thread-1] INFO  server.RaftServerConfigKeys (ConfUtils.java:logGet(43)) - raft.server.log.preallocated.size = 16384 (custom)
2019-09-12 11:35:57,865 [pool-197-thread-1] INFO  server.RaftServerConfigKeys (ConfUtils.java:logGet(43)) - raft.server.log.write.buffer.size = 33554432 (custom)
2019-09-12 11:35:57,865 [pool-197-thread-1] INFO  server.RaftServerConfigKeys (ConfUtils.java:logGet(43)) - raft.server.log.force.sync.num = 128 (default)
2019-09-12 11:35:57,866 [pool-197-thread-1] INFO  server.RaftServerConfigKeys (ConfUtils.java:logGet(43)) - raft.server.log.statemachine.data.sync = true (default)
2019-09-12 11:35:57,866 [pool-197-thread-1] INFO  server.RaftServerConfigKeys (ConfUtils.java:logGet(43)) - raft.server.log.statemachine.data.sync.timeout = 10s (default)
2019-09-12 11:35:57,866 [pool-197-thread-1] INFO  server.RaftServerConfigKeys (ConfUtils.java:logGet(43)) - raft.server.log.statemachine.data.sync.timeout.retry = -1 (default)
2019-09-12 11:35:57,866 [pool-197-thread-1] INFO  server.RaftServerConfigKeys (ConfUtils.java:logGet(43)) - raft.server.log.statemachine.data.caching.enabled = true (custom)
2019-09-12 11:35:57,866 [pool-197-thread-1] INFO  segmented.SegmentedRaftLogWorker (SegmentedRaftLogWorker.java:lambda$new$0(132)) - 6daa7f41-8dea-4799-8bce-e60ff6f7b764-SegmentedRaftLogWorker:Storage Directory /workdir/hadoop-ozone/ozonefs/target/test-dir/MiniOzoneClusterImpl-bec828f4-ba15-4d3e-832d-771921fb3a31/datanode-1/data/ratis/f3cfd0b0-82cb-4250-8dd5-e19a2824500a: flushIndex: setUnconditionally 0 -> -1
2019-09-12 11:35:57,866 [pool-197-thread-1] INFO  server.RaftServerConfigKeys (ConfUtils.java:logGet(43)) - raft.server.snapshot.auto.trigger.enabled = true (custom)
2019-09-12 11:35:57,867 [pool-197-thread-1] INFO  server.RaftServerConfigKeys (ConfUtils.java:logGet(43)) - raft.server.snapshot.auto.trigger.threshold = 10000 (custom)
2019-09-12 11:35:57,867 [pool-197-thread-1] INFO  server.RaftServerConfigKeys (ConfUtils.java:logGet(43)) - raft.server.retrycache.expirytime = 600000ms (custom)
2019-09-12 11:35:57,867 [pool-197-thread-1] INFO  impl.RaftServerImpl (RaftServerImpl.java:start(180)) - 6daa7f41-8dea-4799-8bce-e60ff6f7b764: start group-E19A2824500A
2019-09-12 11:35:57,867 [pool-197-thread-1] INFO  impl.RaftServerImpl (RaftServerImpl.java:setRole(171)) - 6daa7f41-8dea-4799-8bce-e60ff6f7b764:group-E19A2824500A changes role from null to FOLLOWER at term 0 for startAsFollower
2019-09-12 11:35:57,867 [pool-197-thread-1] INFO  impl.RoleInfo (RoleInfo.java:updateAndGet(143)) - 6daa7f41-8dea-4799-8bce-e60ff6f7b764: start FollowerState
2019-09-12 11:35:57,868 [pool-197-thread-1] INFO  util.JmxRegister (JmxRegister.java:tryRegister(44)) - Successfully registered JMX Bean with object name Ratis:service=RaftServer,group=group-E19A2824500A,id=6daa7f41-8dea-4799-8bce-e60ff6f7b764
2019-09-12 11:35:57,871 [RatisPipelineUtilsThread] INFO  pipeline.PipelineStateManager (PipelineStateManager.java:addPipeline(56)) - Created pipeline Pipeline[ Id: f3cfd0b0-82cb-4250-8dd5-e19a2824500a, Nodes: 6daa7f41-8dea-4799-8bce-e60ff6f7b764{ip: 192.168.36.114, host: pr-hdds-1569-58hkm-1881083799, networkLocation: /default-rack, certSerialId: null}, Type:RATIS, Factor:ONE, State:OPEN]
2019-09-12 11:35:57,871 [RatisPipelineUtilsThread] ERROR pipeline.PipelinePlacementPolicy (PipelinePlacementPolicy.java:meetCriteria(92)) - Pipeline Placement: Doesn't meet the criteria to be viable node. Heaviness: 6
2019-09-12 11:35:57,881 [grpc-default-executor-0] INFO  impl.RaftServerProxy (RaftServerProxy.java:addNew(89)) - 432584d5-88c8-490c-9346-3a88872a0c9f: addNew group-390401366207:[432584d5-88c8-490c-9346-3a88872a0c9f:192.168.36.114:36716] returns group-390401366207:java.util.concurrent.CompletableFuture@54ea201[Not completed]
2019-09-12 11:35:57,882 [pool-208-thread-1] INFO  impl.RaftServerImpl (RaftServerImpl.java:<init>(93)) - 432584d5-88c8-490c-9346-3a88872a0c9f: new RaftServerImpl for group-390401366207:[432584d5-88c8-490c-9346-3a88872a0c9f:192.168.36.114:36716] with ContainerStateMachine:uninitialized
2019-09-12 11:35:57,883 [pool-208-thread-1] INFO  server.RaftServerConfigKeys (ConfUtils.java:logGet(43)) - raft.server.rpc.timeout.min = 5s (custom)
2019-09-12 11:35:57,883 [pool-208-thread-1] INFO  server.RaftServerConfigKeys (ConfUtils.java:logGet(43)) - raft.server.rpc.timeout.max = 5200ms (custom)
2019-09-12 11:35:57,883 [pool-208-thread-1] INFO  server.RaftServerConfigKeys (ConfUtils.java:logGet(43)) - raft.server.rpcslowness.timeout = 120s (custom)
2019-09-12 11:35:57,883 [pool-208-thread-1] INFO  server.RaftServerConfigKeys (ConfUtils.java:logGet(43)) - raft.server.sleep.deviation.threshold = 300 (default)
2019-09-12 11:35:57,883 [pool-208-thread-1] INFO  server.RaftServerConfigKeys (ConfUtils.java:logGet(43)) - raft.server.log.appender.install.snapshot.enabled = false (custom)
2019-09-12 11:35:57,883 [pool-208-thread-1] INFO  impl.RaftServerImpl (ServerState.java:<init>(105)) - 432584d5-88c8-490c-9346-3a88872a0c9f:group-390401366207 ConfigurationManager, init=-1: [432584d5-88c8-490c-9346-3a88872a0c9f:192.168.36.114:36716], old=null, confs=<EMPTY_MAP>
2019-09-12 11:35:57,884 [pool-208-thread-1] INFO  server.RaftServerConfigKeys (ConfUtils.java:logGet(43)) - raft.server.storage.dir = [/workdir/hadoop-ozone/ozonefs/target/test-dir/MiniOzoneClusterImpl-bec828f4-ba15-4d3e-832d-771921fb3a31/datanode-2/data/ratis] (custom)
2019-09-12 11:35:57,884 [pool-208-thread-1] INFO  storage.RaftStorageDirectory (RaftStorageDirectory.java:analyzeStorage(246)) - The storage directory /workdir/hadoop-ozone/ozonefs/target/test-dir/MiniOzoneClusterImpl-bec828f4-ba15-4d3e-832d-771921fb3a31/datanode-2/data/ratis/bdcb65ba-10c6-4e69-97b8-390401366207 does not exist. Creating ...
2019-09-12 11:35:57,905 [pool-208-thread-1] INFO  storage.RaftStorageDirectory (RaftStorageDirectory.java:tryLock(328)) - Lock on /workdir/hadoop-ozone/ozonefs/target/test-dir/MiniOzoneClusterImpl-bec828f4-ba15-4d3e-832d-771921fb3a31/datanode-2/data/ratis/bdcb65ba-10c6-4e69-97b8-390401366207/in_use.lock acquired by nodename 26908@pr-hdds-1569-58hkm-1881083799
2019-09-12 11:35:57,920 [pool-208-thread-1] INFO  storage.RaftStorage (RaftStorage.java:format(72)) - Storage directory /workdir/hadoop-ozone/ozonefs/target/test-dir/MiniOzoneClusterImpl-bec828f4-ba15-4d3e-832d-771921fb3a31/datanode-2/data/ratis/bdcb65ba-10c6-4e69-97b8-390401366207 has been successfully formatted.
2019-09-12 11:35:57,920 [pool-208-thread-1] INFO  ratis.ContainerStateMachine (ContainerStateMachine.java:loadSnapshot(226)) - group-390401366207: The snapshot info is null. Setting the last applied indexto:(t:0, i:~)
2019-09-12 11:35:57,920 [pool-208-thread-1] INFO  server.RaftServerConfigKeys (ConfUtils.java:logGet(43)) - raft.server.leader.election.timeout = 120s (custom)
2019-09-12 11:35:57,921 [pool-208-thread-1] INFO  server.RaftServerConfigKeys (ConfUtils.java:logGet(43)) - raft.server.log.use.memory = false (default)
2019-09-12 11:35:57,921 [pool-208-thread-1] INFO  server.RaftServerConfigKeys (ConfUtils.java:logGet(43)) - raft.server.log.purge.gap = 1000000 (custom)
2019-09-12 11:35:57,921 [pool-208-thread-1] INFO  server.RaftServerConfigKeys (ConfUtils.java:logGet(43)) - raft.server.log.appender.buffer.byte-limit = 33554432 (custom)
2019-09-12 11:35:57,921 [pool-208-thread-1] INFO  server.RaftServerConfigKeys (ConfUtils.java:logGet(43)) - raft.server.log.segment.size.max = 1048576 (custom)
2019-09-12 11:35:57,921 [pool-208-thread-1] INFO  server.RaftServerConfigKeys (ConfUtils.java:logGet(43)) - raft.server.log.segment.cache.num.max = 2 (custom)
2019-09-12 11:35:57,922 [pool-208-thread-1] INFO  segmented.SegmentedRaftLogWorker (SegmentedRaftLogWorker.java:<init>(172)) - new 432584d5-88c8-490c-9346-3a88872a0c9f-SegmentedRaftLogWorker:Storage Directory /workdir/hadoop-ozone/ozonefs/target/test-dir/MiniOzoneClusterImpl-bec828f4-ba15-4d3e-832d-771921fb3a31/datanode-2/data/ratis/bdcb65ba-10c6-4e69-97b8-390401366207 for RaftStorage:Storage Directory /workdir/hadoop-ozone/ozonefs/target/test-dir/MiniOzoneClusterImpl-bec828f4-ba15-4d3e-832d-771921fb3a31/datanode-2/data/ratis/bdcb65ba-10c6-4e69-97b8-390401366207
2019-09-12 11:35:57,922 [pool-208-thread-1] INFO  server.RaftServerConfigKeys (ConfUtils.java:logGet(43)) - raft.server.log.queue.byte-limit = 2147483647 (custom)
2019-09-12 11:35:57,922 [pool-208-thread-1] INFO  server.RaftServerConfigKeys (ConfUtils.java:logGet(43)) - raft.server.log.queue.element-limit = 1024 (custom)
2019-09-12 11:35:57,922 [pool-208-thread-1] INFO  server.RaftServerConfigKeys (ConfUtils.java:logGet(43)) - raft.server.log.segment.size.max = 1048576 (custom)
2019-09-12 11:35:57,922 [pool-208-thread-1] INFO  server.RaftServerConfigKeys (ConfUtils.java:logGet(43)) - raft.server.log.preallocated.size = 16384 (custom)
2019-09-12 11:35:57,923 [pool-208-thread-1] INFO  server.RaftServerConfigKeys (ConfUtils.java:logGet(43)) - raft.server.log.write.buffer.size = 33554432 (custom)
2019-09-12 11:35:57,923 [pool-208-thread-1] INFO  server.RaftServerConfigKeys (ConfUtils.java:logGet(43)) - raft.server.log.force.sync.num = 128 (default)
2019-09-12 11:35:57,923 [pool-208-thread-1] INFO  server.RaftServerConfigKeys (ConfUtils.java:logGet(43)) - raft.server.log.statemachine.data.sync = true (default)
2019-09-12 11:35:57,923 [pool-208-thread-1] INFO  server.RaftServerConfigKeys (ConfUtils.java:logGet(43)) - raft.server.log.statemachine.data.sync.timeout = 10s (default)
2019-09-12 11:35:57,923 [pool-208-thread-1] INFO  server.RaftServerConfigKeys (ConfUtils.java:logGet(43)) - raft.server.log.statemachine.data.sync.timeout.retry = -1 (default)
2019-09-12 11:35:57,924 [pool-208-thread-1] INFO  server.RaftServerConfigKeys (ConfUtils.java:logGet(43)) - raft.server.log.statemachine.data.caching.enabled = true (custom)
2019-09-12 11:35:57,924 [pool-208-thread-1] INFO  segmented.SegmentedRaftLogWorker (SegmentedRaftLogWorker.java:lambda$new$0(132)) - 432584d5-88c8-490c-9346-3a88872a0c9f-SegmentedRaftLogWorker:Storage Directory /workdir/hadoop-ozone/ozonefs/target/test-dir/MiniOzoneClusterImpl-bec828f4-ba15-4d3e-832d-771921fb3a31/datanode-2/data/ratis/bdcb65ba-10c6-4e69-97b8-390401366207: flushIndex: setUnconditionally 0 -> -1
2019-09-12 11:35:57,924 [pool-208-thread-1] INFO  server.RaftServerConfigKeys (ConfUtils.java:logGet(43)) - raft.server.snapshot.auto.trigger.enabled = true (custom)
2019-09-12 11:35:57,925 [pool-208-thread-1] INFO  server.RaftServerConfigKeys (ConfUtils.java:logGet(43)) - raft.server.snapshot.auto.trigger.threshold = 10000 (custom)
2019-09-12 11:35:57,925 [pool-208-thread-1] INFO  server.RaftServerConfigKeys (ConfUtils.java:logGet(43)) - raft.server.retrycache.expirytime = 600000ms (custom)
2019-09-12 11:35:57,925 [pool-208-thread-1] INFO  impl.RaftServerImpl (RaftServerImpl.java:start(180)) - 432584d5-88c8-490c-9346-3a88872a0c9f: start group-390401366207
2019-09-12 11:35:57,926 [pool-208-thread-1] INFO  impl.RaftServerImpl (RaftServerImpl.java:setRole(171)) - 432584d5-88c8-490c-9346-3a88872a0c9f:group-390401366207 changes role from null to FOLLOWER at term 0 for startAsFollower
2019-09-12 11:35:57,926 [pool-208-thread-1] INFO  impl.RoleInfo (RoleInfo.java:updateAndGet(143)) - 432584d5-88c8-490c-9346-3a88872a0c9f: start FollowerState
2019-09-12 11:35:57,927 [pool-208-thread-1] INFO  util.JmxRegister (JmxRegister.java:tryRegister(44)) - Successfully registered JMX Bean with object name Ratis:service=RaftServer,group=group-390401366207,id=432584d5-88c8-490c-9346-3a88872a0c9f
2019-09-12 11:35:57,933 [RatisPipelineUtilsThread] INFO  pipeline.PipelineStateManager (PipelineStateManager.java:addPipeline(56)) - Created pipeline Pipeline[ Id: bdcb65ba-10c6-4e69-97b8-390401366207, Nodes: 432584d5-88c8-490c-9346-3a88872a0c9f{ip: 192.168.36.114, host: pr-hdds-1569-58hkm-1881083799, networkLocation: /default-rack, certSerialId: null}, Type:RATIS, Factor:ONE, State:OPEN]
2019-09-12 11:35:57,934 [RatisPipelineUtilsThread] ERROR pipeline.PipelinePlacementPolicy (PipelinePlacementPolicy.java:meetCriteria(92)) - Pipeline Placement: Doesn't meet the criteria to be viable node. Heaviness: 6
2019-09-12 11:35:57,941 [grpc-default-executor-0] INFO  impl.RaftServerProxy (RaftServerProxy.java:addNew(89)) - 6daa7f41-8dea-4799-8bce-e60ff6f7b764: addNew group-4443FBE6DF28:[6daa7f41-8dea-4799-8bce-e60ff6f7b764:192.168.36.114:44429] returns group-4443FBE6DF28:java.util.concurrent.CompletableFuture@627f1403[Not completed]
2019-09-12 11:35:57,942 [pool-197-thread-1] INFO  impl.RaftServerImpl (RaftServerImpl.java:<init>(93)) - 6daa7f41-8dea-4799-8bce-e60ff6f7b764: new RaftServerImpl for group-4443FBE6DF28:[6daa7f41-8dea-4799-8bce-e60ff6f7b764:192.168.36.114:44429] with ContainerStateMachine:uninitialized
2019-09-12 11:35:57,942 [pool-197-thread-1] INFO  server.RaftServerConfigKeys (ConfUtils.java:logGet(43)) - raft.server.rpc.timeout.min = 5s (custom)
2019-09-12 11:35:57,942 [pool-197-thread-1] INFO  server.RaftServerConfigKeys (ConfUtils.java:logGet(43)) - raft.server.rpc.timeout.max = 5200ms (custom)
2019-09-12 11:35:57,942 [pool-197-thread-1] INFO  server.RaftServerConfigKeys (ConfUtils.java:logGet(43)) - raft.server.rpcslowness.timeout = 120s (custom)
2019-09-12 11:35:57,942 [pool-197-thread-1] INFO  server.RaftServerConfigKeys (ConfUtils.java:logGet(43)) - raft.server.sleep.deviation.threshold = 300 (default)
2019-09-12 11:35:57,942 [pool-197-thread-1] INFO  server.RaftServerConfigKeys (ConfUtils.java:logGet(43)) - raft.server.log.appender.install.snapshot.enabled = false (custom)
2019-09-12 11:35:57,942 [pool-197-thread-1] INFO  impl.RaftServerImpl (ServerState.java:<init>(105)) - 6daa7f41-8dea-4799-8bce-e60ff6f7b764:group-4443FBE6DF28 ConfigurationManager, init=-1: [6daa7f41-8dea-4799-8bce-e60ff6f7b764:192.168.36.114:44429], old=null, confs=<EMPTY_MAP>
2019-09-12 11:35:57,943 [pool-197-thread-1] INFO  server.RaftServerConfigKeys (ConfUtils.java:logGet(43)) - raft.server.storage.dir = [/workdir/hadoop-ozone/ozonefs/target/test-dir/MiniOzoneClusterImpl-bec828f4-ba15-4d3e-832d-771921fb3a31/datanode-1/data/ratis] (custom)
2019-09-12 11:35:57,943 [pool-197-thread-1] INFO  storage.RaftStorageDirectory (RaftStorageDirectory.java:analyzeStorage(246)) - The storage directory /workdir/hadoop-ozone/ozonefs/target/test-dir/MiniOzoneClusterImpl-bec828f4-ba15-4d3e-832d-771921fb3a31/datanode-1/data/ratis/1bba8eb3-4a9b-4cf0-82fd-4443fbe6df28 does not exist. Creating ...
2019-09-12 11:35:57,955 [pool-197-thread-1] INFO  storage.RaftStorageDirectory (RaftStorageDirectory.java:tryLock(328)) - Lock on /workdir/hadoop-ozone/ozonefs/target/test-dir/MiniOzoneClusterImpl-bec828f4-ba15-4d3e-832d-771921fb3a31/datanode-1/data/ratis/1bba8eb3-4a9b-4cf0-82fd-4443fbe6df28/in_use.lock acquired by nodename 26908@pr-hdds-1569-58hkm-1881083799
2019-09-12 11:35:57,967 [pool-197-thread-1] INFO  storage.RaftStorage (RaftStorage.java:format(72)) - Storage directory /workdir/hadoop-ozone/ozonefs/target/test-dir/MiniOzoneClusterImpl-bec828f4-ba15-4d3e-832d-771921fb3a31/datanode-1/data/ratis/1bba8eb3-4a9b-4cf0-82fd-4443fbe6df28 has been successfully formatted.
2019-09-12 11:35:57,969 [pool-197-thread-1] INFO  ratis.ContainerStateMachine (ContainerStateMachine.java:loadSnapshot(226)) - group-4443FBE6DF28: The snapshot info is null. Setting the last applied indexto:(t:0, i:~)
2019-09-12 11:35:57,969 [pool-197-thread-1] INFO  server.RaftServerConfigKeys (ConfUtils.java:logGet(43)) - raft.server.leader.election.timeout = 120s (custom)
2019-09-12 11:35:57,969 [pool-197-thread-1] INFO  server.RaftServerConfigKeys (ConfUtils.java:logGet(43)) - raft.server.log.use.memory = false (default)
2019-09-12 11:35:57,969 [pool-197-thread-1] INFO  server.RaftServerConfigKeys (ConfUtils.java:logGet(43)) - raft.server.log.purge.gap = 1000000 (custom)
2019-09-12 11:35:57,970 [pool-197-thread-1] INFO  server.RaftServerConfigKeys (ConfUtils.java:logGet(43)) - raft.server.log.appender.buffer.byte-limit = 33554432 (custom)
2019-09-12 11:35:57,970 [pool-197-thread-1] INFO  server.RaftServerConfigKeys (ConfUtils.java:logGet(43)) - raft.server.log.segment.size.max = 1048576 (custom)
2019-09-12 11:35:57,970 [pool-197-thread-1] INFO  server.RaftServerConfigKeys (ConfUtils.java:logGet(43)) - raft.server.log.segment.cache.num.max = 2 (custom)
2019-09-12 11:35:57,970 [pool-197-thread-1] INFO  segmented.SegmentedRaftLogWorker (SegmentedRaftLogWorker.java:<init>(172)) - new 6daa7f41-8dea-4799-8bce-e60ff6f7b764-SegmentedRaftLogWorker:Storage Directory /workdir/hadoop-ozone/ozonefs/target/test-dir/MiniOzoneClusterImpl-bec828f4-ba15-4d3e-832d-771921fb3a31/datanode-1/data/ratis/1bba8eb3-4a9b-4cf0-82fd-4443fbe6df28 for RaftStorage:Storage Directory /workdir/hadoop-ozone/ozonefs/target/test-dir/MiniOzoneClusterImpl-bec828f4-ba15-4d3e-832d-771921fb3a31/datanode-1/data/ratis/1bba8eb3-4a9b-4cf0-82fd-4443fbe6df28
2019-09-12 11:35:57,970 [pool-197-thread-1] INFO  server.RaftServerConfigKeys (ConfUtils.java:logGet(43)) - raft.server.log.queue.byte-limit = 2147483647 (custom)
2019-09-12 11:35:57,970 [pool-197-thread-1] INFO  server.RaftServerConfigKeys (ConfUtils.java:logGet(43)) - raft.server.log.queue.element-limit = 1024 (custom)
2019-09-12 11:35:57,970 [pool-197-thread-1] INFO  server.RaftServerConfigKeys (ConfUtils.java:logGet(43)) - raft.server.log.segment.size.max = 1048576 (custom)
2019-09-12 11:35:57,971 [pool-197-thread-1] INFO  server.RaftServerConfigKeys (ConfUtils.java:logGet(43)) - raft.server.log.preallocated.size = 16384 (custom)
2019-09-12 11:35:57,971 [pool-197-thread-1] INFO  server.RaftServerConfigKeys (ConfUtils.java:logGet(43)) - raft.server.log.write.buffer.size = 33554432 (custom)
2019-09-12 11:35:57,971 [pool-197-thread-1] INFO  server.RaftServerConfigKeys (ConfUtils.java:logGet(43)) - raft.server.log.force.sync.num = 128 (default)
2019-09-12 11:35:57,971 [pool-197-thread-1] INFO  server.RaftServerConfigKeys (ConfUtils.java:logGet(43)) - raft.server.log.statemachine.data.sync = true (default)
2019-09-12 11:35:57,971 [pool-197-thread-1] INFO  server.RaftServerConfigKeys (ConfUtils.java:logGet(43)) - raft.server.log.statemachine.data.sync.timeout = 10s (default)
2019-09-12 11:35:57,971 [pool-197-thread-1] INFO  server.RaftServerConfigKeys (ConfUtils.java:logGet(43)) - raft.server.log.statemachine.data.sync.timeout.retry = -1 (default)
2019-09-12 11:35:57,971 [pool-197-thread-1] INFO  server.RaftServerConfigKeys (ConfUtils.java:logGet(43)) - raft.server.log.statemachine.data.caching.enabled = true (custom)
2019-09-12 11:35:57,972 [pool-197-thread-1] INFO  segmented.SegmentedRaftLogWorker (SegmentedRaftLogWorker.java:lambda$new$0(132)) - 6daa7f41-8dea-4799-8bce-e60ff6f7b764-SegmentedRaftLogWorker:Storage Directory /workdir/hadoop-ozone/ozonefs/target/test-dir/MiniOzoneClusterImpl-bec828f4-ba15-4d3e-832d-771921fb3a31/datanode-1/data/ratis/1bba8eb3-4a9b-4cf0-82fd-4443fbe6df28: flushIndex: setUnconditionally 0 -> -1
2019-09-12 11:35:57,972 [pool-197-thread-1] INFO  server.RaftServerConfigKeys (ConfUtils.java:logGet(43)) - raft.server.snapshot.auto.trigger.enabled = true (custom)
2019-09-12 11:35:57,972 [pool-197-thread-1] INFO  server.RaftServerConfigKeys (ConfUtils.java:logGet(43)) - raft.server.snapshot.auto.trigger.threshold = 10000 (custom)
2019-09-12 11:35:57,973 [pool-197-thread-1] INFO  server.RaftServerConfigKeys (ConfUtils.java:logGet(43)) - raft.server.retrycache.expirytime = 600000ms (custom)
2019-09-12 11:35:57,973 [pool-197-thread-1] INFO  impl.RaftServerImpl (RaftServerImpl.java:start(180)) - 6daa7f41-8dea-4799-8bce-e60ff6f7b764: start group-4443FBE6DF28
2019-09-12 11:35:57,973 [pool-197-thread-1] INFO  impl.RaftServerImpl (RaftServerImpl.java:setRole(171)) - 6daa7f41-8dea-4799-8bce-e60ff6f7b764:group-4443FBE6DF28 changes role from null to FOLLOWER at term 0 for startAsFollower
2019-09-12 11:35:57,973 [pool-197-thread-1] INFO  impl.RoleInfo (RoleInfo.java:updateAndGet(143)) - 6daa7f41-8dea-4799-8bce-e60ff6f7b764: start FollowerState
2019-09-12 11:35:57,974 [pool-197-thread-1] INFO  util.JmxRegister (JmxRegister.java:tryRegister(44)) - Successfully registered JMX Bean with object name Ratis:service=RaftServer,group=group-4443FBE6DF28,id=6daa7f41-8dea-4799-8bce-e60ff6f7b764
2019-09-12 11:35:57,978 [RatisPipelineUtilsThread] INFO  pipeline.PipelineStateManager (PipelineStateManager.java:addPipeline(56)) - Created pipeline Pipeline[ Id: 1bba8eb3-4a9b-4cf0-82fd-4443fbe6df28, Nodes: 6daa7f41-8dea-4799-8bce-e60ff6f7b764{ip: 192.168.36.114, host: pr-hdds-1569-58hkm-1881083799, networkLocation: /default-rack, certSerialId: null}, Type:RATIS, Factor:ONE, State:OPEN]
2019-09-12 11:35:57,979 [RatisPipelineUtilsThread] ERROR pipeline.PipelinePlacementPolicy (PipelinePlacementPolicy.java:meetCriteria(92)) - Pipeline Placement: Doesn't meet the criteria to be viable node. Heaviness: 6
2019-09-12 11:35:57,979 [RatisPipelineUtilsThread] ERROR pipeline.PipelinePlacementPolicy (PipelinePlacementPolicy.java:meetCriteria(92)) - Pipeline Placement: Doesn't meet the criteria to be viable node. Heaviness: 6
2019-09-12 11:35:57,985 [grpc-default-executor-0] INFO  impl.RaftServerProxy (RaftServerProxy.java:addNew(89)) - 432584d5-88c8-490c-9346-3a88872a0c9f: addNew group-684B8942B4BA:[432584d5-88c8-490c-9346-3a88872a0c9f:192.168.36.114:36716] returns group-684B8942B4BA:java.util.concurrent.CompletableFuture@50789d6f[Not completed]
2019-09-12 11:35:57,986 [pool-208-thread-1] INFO  impl.RaftServerImpl (RaftServerImpl.java:<init>(93)) - 432584d5-88c8-490c-9346-3a88872a0c9f: new RaftServerImpl for group-684B8942B4BA:[432584d5-88c8-490c-9346-3a88872a0c9f:192.168.36.114:36716] with ContainerStateMachine:uninitialized
2019-09-12 11:35:57,986 [pool-208-thread-1] INFO  server.RaftServerConfigKeys (ConfUtils.java:logGet(43)) - raft.server.rpc.timeout.min = 5s (custom)
2019-09-12 11:35:57,986 [pool-208-thread-1] INFO  server.RaftServerConfigKeys (ConfUtils.java:logGet(43)) - raft.server.rpc.timeout.max = 5200ms (custom)
2019-09-12 11:35:57,986 [pool-208-thread-1] INFO  server.RaftServerConfigKeys (ConfUtils.java:logGet(43)) - raft.server.rpcslowness.timeout = 120s (custom)
2019-09-12 11:35:57,987 [pool-208-thread-1] INFO  server.RaftServerConfigKeys (ConfUtils.java:logGet(43)) - raft.server.sleep.deviation.threshold = 300 (default)
2019-09-12 11:35:57,987 [pool-208-thread-1] INFO  server.RaftServerConfigKeys (ConfUtils.java:logGet(43)) - raft.server.log.appender.install.snapshot.enabled = false (custom)
2019-09-12 11:35:57,987 [pool-208-thread-1] INFO  impl.RaftServerImpl (ServerState.java:<init>(105)) - 432584d5-88c8-490c-9346-3a88872a0c9f:group-684B8942B4BA ConfigurationManager, init=-1: [432584d5-88c8-490c-9346-3a88872a0c9f:192.168.36.114:36716], old=null, confs=<EMPTY_MAP>
2019-09-12 11:35:57,987 [pool-208-thread-1] INFO  server.RaftServerConfigKeys (ConfUtils.java:logGet(43)) - raft.server.storage.dir = [/workdir/hadoop-ozone/ozonefs/target/test-dir/MiniOzoneClusterImpl-bec828f4-ba15-4d3e-832d-771921fb3a31/datanode-2/data/ratis] (custom)
2019-09-12 11:35:57,987 [pool-208-thread-1] INFO  storage.RaftStorageDirectory (RaftStorageDirectory.java:analyzeStorage(246)) - The storage directory /workdir/hadoop-ozone/ozonefs/target/test-dir/MiniOzoneClusterImpl-bec828f4-ba15-4d3e-832d-771921fb3a31/datanode-2/data/ratis/2ca96bda-9bc1-4fa8-bb88-684b8942b4ba does not exist. Creating ...
2019-09-12 11:35:58,000 [pool-208-thread-1] INFO  storage.RaftStorageDirectory (RaftStorageDirectory.java:tryLock(328)) - Lock on /workdir/hadoop-ozone/ozonefs/target/test-dir/MiniOzoneClusterImpl-bec828f4-ba15-4d3e-832d-771921fb3a31/datanode-2/data/ratis/2ca96bda-9bc1-4fa8-bb88-684b8942b4ba/in_use.lock acquired by nodename 26908@pr-hdds-1569-58hkm-1881083799
2019-09-12 11:35:58,023 [pool-208-thread-1] INFO  storage.RaftStorage (RaftStorage.java:format(72)) - Storage directory /workdir/hadoop-ozone/ozonefs/target/test-dir/MiniOzoneClusterImpl-bec828f4-ba15-4d3e-832d-771921fb3a31/datanode-2/data/ratis/2ca96bda-9bc1-4fa8-bb88-684b8942b4ba has been successfully formatted.
2019-09-12 11:35:58,023 [pool-208-thread-1] INFO  ratis.ContainerStateMachine (ContainerStateMachine.java:loadSnapshot(226)) - group-684B8942B4BA: The snapshot info is null. Setting the last applied indexto:(t:0, i:~)
2019-09-12 11:35:58,023 [pool-208-thread-1] INFO  server.RaftServerConfigKeys (ConfUtils.java:logGet(43)) - raft.server.leader.election.timeout = 120s (custom)
2019-09-12 11:35:58,023 [pool-208-thread-1] INFO  server.RaftServerConfigKeys (ConfUtils.java:logGet(43)) - raft.server.log.use.memory = false (default)
2019-09-12 11:35:58,024 [pool-208-thread-1] INFO  server.RaftServerConfigKeys (ConfUtils.java:logGet(43)) - raft.server.log.purge.gap = 1000000 (custom)
2019-09-12 11:35:58,024 [pool-208-thread-1] INFO  server.RaftServerConfigKeys (ConfUtils.java:logGet(43)) - raft.server.log.appender.buffer.byte-limit = 33554432 (custom)
2019-09-12 11:35:58,024 [pool-208-thread-1] INFO  server.RaftServerConfigKeys (ConfUtils.java:logGet(43)) - raft.server.log.segment.size.max = 1048576 (custom)
2019-09-12 11:35:58,024 [pool-208-thread-1] INFO  server.RaftServerConfigKeys (ConfUtils.java:logGet(43)) - raft.server.log.segment.cache.num.max = 2 (custom)
2019-09-12 11:35:58,024 [pool-208-thread-1] INFO  segmented.SegmentedRaftLogWorker (SegmentedRaftLogWorker.java:<init>(172)) - new 432584d5-88c8-490c-9346-3a88872a0c9f-SegmentedRaftLogWorker:Storage Directory /workdir/hadoop-ozone/ozonefs/target/test-dir/MiniOzoneClusterImpl-bec828f4-ba15-4d3e-832d-771921fb3a31/datanode-2/data/ratis/2ca96bda-9bc1-4fa8-bb88-684b8942b4ba for RaftStorage:Storage Directory /workdir/hadoop-ozone/ozonefs/target/test-dir/MiniOzoneClusterImpl-bec828f4-ba15-4d3e-832d-771921fb3a31/datanode-2/data/ratis/2ca96bda-9bc1-4fa8-bb88-684b8942b4ba
2019-09-12 11:35:58,024 [pool-208-thread-1] INFO  server.RaftServerConfigKeys (ConfUtils.java:logGet(43)) - raft.server.log.queue.byte-limit = 2147483647 (custom)
2019-09-12 11:35:58,024 [pool-208-thread-1] INFO  server.RaftServerConfigKeys (ConfUtils.java:logGet(43)) - raft.server.log.queue.element-limit = 1024 (custom)
2019-09-12 11:35:58,024 [pool-208-thread-1] INFO  server.RaftServerConfigKeys (ConfUtils.java:logGet(43)) - raft.server.log.segment.size.max = 1048576 (custom)
2019-09-12 11:35:58,024 [pool-208-thread-1] INFO  server.RaftServerConfigKeys (ConfUtils.java:logGet(43)) - raft.server.log.preallocated.size = 16384 (custom)
2019-09-12 11:35:58,024 [pool-208-thread-1] INFO  server.RaftServerConfigKeys (ConfUtils.java:logGet(43)) - raft.server.log.write.buffer.size = 33554432 (custom)
2019-09-12 11:35:58,025 [pool-208-thread-1] INFO  server.RaftServerConfigKeys (ConfUtils.java:logGet(43)) - raft.server.log.force.sync.num = 128 (default)
2019-09-12 11:35:58,025 [pool-208-thread-1] INFO  server.RaftServerConfigKeys (ConfUtils.java:logGet(43)) - raft.server.log.statemachine.data.sync = true (default)
2019-09-12 11:35:58,025 [pool-208-thread-1] INFO  server.RaftServerConfigKeys (ConfUtils.java:logGet(43)) - raft.server.log.statemachine.data.sync.timeout = 10s (default)
2019-09-12 11:35:58,025 [pool-208-thread-1] INFO  server.RaftServerConfigKeys (ConfUtils.java:logGet(43)) - raft.server.log.statemachine.data.sync.timeout.retry = -1 (default)
2019-09-12 11:35:58,025 [pool-208-thread-1] INFO  server.RaftServerConfigKeys (ConfUtils.java:logGet(43)) - raft.server.log.statemachine.data.caching.enabled = true (custom)
2019-09-12 11:35:58,025 [pool-208-thread-1] INFO  segmented.SegmentedRaftLogWorker (SegmentedRaftLogWorker.java:lambda$new$0(132)) - 432584d5-88c8-490c-9346-3a88872a0c9f-SegmentedRaftLogWorker:Storage Directory /workdir/hadoop-ozone/ozonefs/target/test-dir/MiniOzoneClusterImpl-bec828f4-ba15-4d3e-832d-771921fb3a31/datanode-2/data/ratis/2ca96bda-9bc1-4fa8-bb88-684b8942b4ba: flushIndex: setUnconditionally 0 -> -1
2019-09-12 11:35:58,025 [pool-208-thread-1] INFO  server.RaftServerConfigKeys (ConfUtils.java:logGet(43)) - raft.server.snapshot.auto.trigger.enabled = true (custom)
2019-09-12 11:35:58,026 [pool-208-thread-1] INFO  server.RaftServerConfigKeys (ConfUtils.java:logGet(43)) - raft.server.snapshot.auto.trigger.threshold = 10000 (custom)
2019-09-12 11:35:58,026 [pool-208-thread-1] INFO  server.RaftServerConfigKeys (ConfUtils.java:logGet(43)) - raft.server.retrycache.expirytime = 600000ms (custom)
2019-09-12 11:35:58,026 [pool-208-thread-1] INFO  impl.RaftServerImpl (RaftServerImpl.java:start(180)) - 432584d5-88c8-490c-9346-3a88872a0c9f: start group-684B8942B4BA
2019-09-12 11:35:58,026 [pool-208-thread-1] INFO  impl.RaftServerImpl (RaftServerImpl.java:setRole(171)) - 432584d5-88c8-490c-9346-3a88872a0c9f:group-684B8942B4BA changes role from null to FOLLOWER at term 0 for startAsFollower
2019-09-12 11:35:58,026 [pool-208-thread-1] INFO  impl.RoleInfo (RoleInfo.java:updateAndGet(143)) - 432584d5-88c8-490c-9346-3a88872a0c9f: start FollowerState
2019-09-12 11:35:58,026 [pool-208-thread-1] INFO  util.JmxRegister (JmxRegister.java:tryRegister(44)) - Successfully registered JMX Bean with object name Ratis:service=RaftServer,group=group-684B8942B4BA,id=432584d5-88c8-490c-9346-3a88872a0c9f
2019-09-12 11:35:58,029 [RatisPipelineUtilsThread] INFO  pipeline.PipelineStateManager (PipelineStateManager.java:addPipeline(56)) - Created pipeline Pipeline[ Id: 2ca96bda-9bc1-4fa8-bb88-684b8942b4ba, Nodes: 432584d5-88c8-490c-9346-3a88872a0c9f{ip: 192.168.36.114, host: pr-hdds-1569-58hkm-1881083799, networkLocation: /default-rack, certSerialId: null}, Type:RATIS, Factor:ONE, State:OPEN]
2019-09-12 11:35:58,029 [RatisPipelineUtilsThread] ERROR pipeline.PipelinePlacementPolicy (PipelinePlacementPolicy.java:meetCriteria(92)) - Pipeline Placement: Doesn't meet the criteria to be viable node. Heaviness: 6
2019-09-12 11:35:58,030 [RatisPipelineUtilsThread] ERROR pipeline.PipelinePlacementPolicy (PipelinePlacementPolicy.java:meetCriteria(92)) - Pipeline Placement: Doesn't meet the criteria to be viable node. Heaviness: 6
2019-09-12 11:35:58,035 [grpc-default-executor-0] INFO  impl.RaftServerProxy (RaftServerProxy.java:addNew(89)) - 432584d5-88c8-490c-9346-3a88872a0c9f: addNew group-816730B738B9:[432584d5-88c8-490c-9346-3a88872a0c9f:192.168.36.114:36716] returns group-816730B738B9:java.util.concurrent.CompletableFuture@6e05adca[Not completed]
2019-09-12 11:35:58,035 [pool-208-thread-1] INFO  impl.RaftServerImpl (RaftServerImpl.java:<init>(93)) - 432584d5-88c8-490c-9346-3a88872a0c9f: new RaftServerImpl for group-816730B738B9:[432584d5-88c8-490c-9346-3a88872a0c9f:192.168.36.114:36716] with ContainerStateMachine:uninitialized
2019-09-12 11:35:58,035 [pool-208-thread-1] INFO  server.RaftServerConfigKeys (ConfUtils.java:logGet(43)) - raft.server.rpc.timeout.min = 5s (custom)
2019-09-12 11:35:58,036 [pool-208-thread-1] INFO  server.RaftServerConfigKeys (ConfUtils.java:logGet(43)) - raft.server.rpc.timeout.max = 5200ms (custom)
2019-09-12 11:35:58,036 [pool-208-thread-1] INFO  server.RaftServerConfigKeys (ConfUtils.java:logGet(43)) - raft.server.rpcslowness.timeout = 120s (custom)
2019-09-12 11:35:58,036 [pool-208-thread-1] INFO  server.RaftServerConfigKeys (ConfUtils.java:logGet(43)) - raft.server.sleep.deviation.threshold = 300 (default)
2019-09-12 11:35:58,036 [pool-208-thread-1] INFO  server.RaftServerConfigKeys (ConfUtils.java:logGet(43)) - raft.server.log.appender.install.snapshot.enabled = false (custom)
2019-09-12 11:35:58,036 [pool-208-thread-1] INFO  impl.RaftServerImpl (ServerState.java:<init>(105)) - 432584d5-88c8-490c-9346-3a88872a0c9f:group-816730B738B9 ConfigurationManager, init=-1: [432584d5-88c8-490c-9346-3a88872a0c9f:192.168.36.114:36716], old=null, confs=<EMPTY_MAP>
2019-09-12 11:35:58,036 [pool-208-thread-1] INFO  server.RaftServerConfigKeys (ConfUtils.java:logGet(43)) - raft.server.storage.dir = [/workdir/hadoop-ozone/ozonefs/target/test-dir/MiniOzoneClusterImpl-bec828f4-ba15-4d3e-832d-771921fb3a31/datanode-2/data/ratis] (custom)
2019-09-12 11:35:58,036 [pool-208-thread-1] INFO  storage.RaftStorageDirectory (RaftStorageDirectory.java:analyzeStorage(246)) - The storage directory /workdir/hadoop-ozone/ozonefs/target/test-dir/MiniOzoneClusterImpl-bec828f4-ba15-4d3e-832d-771921fb3a31/datanode-2/data/ratis/beca074d-cdde-4572-8f04-816730b738b9 does not exist. Creating ...
2019-09-12 11:35:58,049 [pool-208-thread-1] INFO  storage.RaftStorageDirectory (RaftStorageDirectory.java:tryLock(328)) - Lock on /workdir/hadoop-ozone/ozonefs/target/test-dir/MiniOzoneClusterImpl-bec828f4-ba15-4d3e-832d-771921fb3a31/datanode-2/data/ratis/beca074d-cdde-4572-8f04-816730b738b9/in_use.lock acquired by nodename 26908@pr-hdds-1569-58hkm-1881083799
2019-09-12 11:35:58,063 [pool-208-thread-1] INFO  storage.RaftStorage (RaftStorage.java:format(72)) - Storage directory /workdir/hadoop-ozone/ozonefs/target/test-dir/MiniOzoneClusterImpl-bec828f4-ba15-4d3e-832d-771921fb3a31/datanode-2/data/ratis/beca074d-cdde-4572-8f04-816730b738b9 has been successfully formatted.
2019-09-12 11:35:58,065 [pool-208-thread-1] INFO  ratis.ContainerStateMachine (ContainerStateMachine.java:loadSnapshot(226)) - group-816730B738B9: The snapshot info is null. Setting the last applied indexto:(t:0, i:~)
2019-09-12 11:35:58,065 [pool-208-thread-1] INFO  server.RaftServerConfigKeys (ConfUtils.java:logGet(43)) - raft.server.leader.election.timeout = 120s (custom)
2019-09-12 11:35:58,065 [pool-208-thread-1] INFO  server.RaftServerConfigKeys (ConfUtils.java:logGet(43)) - raft.server.log.use.memory = false (default)
2019-09-12 11:35:58,065 [pool-208-thread-1] INFO  server.RaftServerConfigKeys (ConfUtils.java:logGet(43)) - raft.server.log.purge.gap = 1000000 (custom)
2019-09-12 11:35:58,065 [pool-208-thread-1] INFO  server.RaftServerConfigKeys (ConfUtils.java:logGet(43)) - raft.server.log.appender.buffer.byte-limit = 33554432 (custom)
2019-09-12 11:35:58,065 [pool-208-thread-1] INFO  server.RaftServerConfigKeys (ConfUtils.java:logGet(43)) - raft.server.log.segment.size.max = 1048576 (custom)
2019-09-12 11:35:58,066 [pool-208-thread-1] INFO  server.RaftServerConfigKeys (ConfUtils.java:logGet(43)) - raft.server.log.segment.cache.num.max = 2 (custom)
2019-09-12 11:35:58,066 [pool-208-thread-1] INFO  segmented.SegmentedRaftLogWorker (SegmentedRaftLogWorker.java:<init>(172)) - new 432584d5-88c8-490c-9346-3a88872a0c9f-SegmentedRaftLogWorker:Storage Directory /workdir/hadoop-ozone/ozonefs/target/test-dir/MiniOzoneClusterImpl-bec828f4-ba15-4d3e-832d-771921fb3a31/datanode-2/data/ratis/beca074d-cdde-4572-8f04-816730b738b9 for RaftStorage:Storage Directory /workdir/hadoop-ozone/ozonefs/target/test-dir/MiniOzoneClusterImpl-bec828f4-ba15-4d3e-832d-771921fb3a31/datanode-2/data/ratis/beca074d-cdde-4572-8f04-816730b738b9
2019-09-12 11:35:58,066 [pool-208-thread-1] INFO  server.RaftServerConfigKeys (ConfUtils.java:logGet(43)) - raft.server.log.queue.byte-limit = 2147483647 (custom)
2019-09-12 11:35:58,066 [pool-208-thread-1] INFO  server.RaftServerConfigKeys (ConfUtils.java:logGet(43)) - raft.server.log.queue.element-limit = 1024 (custom)
2019-09-12 11:35:58,066 [pool-208-thread-1] INFO  server.RaftServerConfigKeys (ConfUtils.java:logGet(43)) - raft.server.log.segment.size.max = 1048576 (custom)
2019-09-12 11:35:58,066 [pool-208-thread-1] INFO  server.RaftServerConfigKeys (ConfUtils.java:logGet(43)) - raft.server.log.preallocated.size = 16384 (custom)
2019-09-12 11:35:58,066 [pool-208-thread-1] INFO  server.RaftServerConfigKeys (ConfUtils.java:logGet(43)) - raft.server.log.write.buffer.size = 33554432 (custom)
2019-09-12 11:35:58,066 [pool-208-thread-1] INFO  server.RaftServerConfigKeys (ConfUtils.java:logGet(43)) - raft.server.log.force.sync.num = 128 (default)
2019-09-12 11:35:58,066 [pool-208-thread-1] INFO  server.RaftServerConfigKeys (ConfUtils.java:logGet(43)) - raft.server.log.statemachine.data.sync = true (default)
2019-09-12 11:35:58,067 [pool-208-thread-1] INFO  server.RaftServerConfigKeys (ConfUtils.java:logGet(43)) - raft.server.log.statemachine.data.sync.timeout = 10s (default)
2019-09-12 11:35:58,067 [pool-208-thread-1] INFO  server.RaftServerConfigKeys (ConfUtils.java:logGet(43)) - raft.server.log.statemachine.data.sync.timeout.retry = -1 (default)
2019-09-12 11:35:58,067 [pool-208-thread-1] INFO  server.RaftServerConfigKeys (ConfUtils.java:logGet(43)) - raft.server.log.statemachine.data.caching.enabled = true (custom)
2019-09-12 11:35:58,067 [pool-208-thread-1] INFO  segmented.SegmentedRaftLogWorker (SegmentedRaftLogWorker.java:lambda$new$0(132)) - 432584d5-88c8-490c-9346-3a88872a0c9f-SegmentedRaftLogWorker:Storage Directory /workdir/hadoop-ozone/ozonefs/target/test-dir/MiniOzoneClusterImpl-bec828f4-ba15-4d3e-832d-771921fb3a31/datanode-2/data/ratis/beca074d-cdde-4572-8f04-816730b738b9: flushIndex: setUnconditionally 0 -> -1
2019-09-12 11:35:58,067 [pool-208-thread-1] INFO  server.RaftServerConfigKeys (ConfUtils.java:logGet(43)) - raft.server.snapshot.auto.trigger.enabled = true (custom)
2019-09-12 11:35:58,068 [pool-208-thread-1] INFO  server.RaftServerConfigKeys (ConfUtils.java:logGet(43)) - raft.server.snapshot.auto.trigger.threshold = 10000 (custom)
2019-09-12 11:35:58,068 [pool-208-thread-1] INFO  server.RaftServerConfigKeys (ConfUtils.java:logGet(43)) - raft.server.retrycache.expirytime = 600000ms (custom)
2019-09-12 11:35:58,068 [pool-208-thread-1] INFO  impl.RaftServerImpl (RaftServerImpl.java:start(180)) - 432584d5-88c8-490c-9346-3a88872a0c9f: start group-816730B738B9
2019-09-12 11:35:58,068 [pool-208-thread-1] INFO  impl.RaftServerImpl (RaftServerImpl.java:setRole(171)) - 432584d5-88c8-490c-9346-3a88872a0c9f:group-816730B738B9 changes role from null to FOLLOWER at term 0 for startAsFollower
2019-09-12 11:35:58,068 [pool-208-thread-1] INFO  impl.RoleInfo (RoleInfo.java:updateAndGet(143)) - 432584d5-88c8-490c-9346-3a88872a0c9f: start FollowerState
2019-09-12 11:35:58,068 [pool-208-thread-1] INFO  util.JmxRegister (JmxRegister.java:tryRegister(44)) - Successfully registered JMX Bean with object name Ratis:service=RaftServer,group=group-816730B738B9,id=432584d5-88c8-490c-9346-3a88872a0c9f
2019-09-12 11:35:58,069 | INFO  | OMAudit | user=jenkins1000 | ip=127.0.0.1 | op=CREATE_VOLUME {admin=admin22271, owner=user55344, volume=volume81950, creationTime=1568288158068, quotaInBytes=1152921504606846976} | ret=SUCCESS |  
2019-09-12 11:35:58,071 [RatisPipelineUtilsThread] INFO  pipeline.PipelineStateManager (PipelineStateManager.java:addPipeline(56)) - Created pipeline Pipeline[ Id: beca074d-cdde-4572-8f04-816730b738b9, Nodes: 432584d5-88c8-490c-9346-3a88872a0c9f{ip: 192.168.36.114, host: pr-hdds-1569-58hkm-1881083799, networkLocation: /default-rack, certSerialId: null}, Type:RATIS, Factor:ONE, State:OPEN]
2019-09-12 11:35:58,072 [RatisPipelineUtilsThread] ERROR pipeline.PipelinePlacementPolicy (PipelinePlacementPolicy.java:meetCriteria(92)) - Pipeline Placement: Doesn't meet the criteria to be viable node. Heaviness: 6
2019-09-12 11:35:58,072 [RatisPipelineUtilsThread] ERROR pipeline.PipelinePlacementPolicy (PipelinePlacementPolicy.java:meetCriteria(92)) - Pipeline Placement: Doesn't meet the criteria to be viable node. Heaviness: 6
2019-09-12 11:35:58,079 | INFO  | OMAudit | user=jenkins1000 | ip=127.0.0.1 | op=CREATE_BUCKET {volume=volume81950, bucket=bucket73983, acls=[], isVersionEnabled=false, storageType=DISK, creationTime=0} | ret=SUCCESS |  
2019-09-12 11:35:58,084 [grpc-default-executor-0] INFO  impl.RaftServerProxy (RaftServerProxy.java:addNew(89)) - 432584d5-88c8-490c-9346-3a88872a0c9f: addNew group-56C2DC1E014D:[432584d5-88c8-490c-9346-3a88872a0c9f:192.168.36.114:36716] returns group-56C2DC1E014D:java.util.concurrent.CompletableFuture@69296c76[Not completed]
2019-09-12 11:35:58,086 [pool-208-thread-1] INFO  impl.RaftServerImpl (RaftServerImpl.java:<init>(93)) - 432584d5-88c8-490c-9346-3a88872a0c9f: new RaftServerImpl for group-56C2DC1E014D:[432584d5-88c8-490c-9346-3a88872a0c9f:192.168.36.114:36716] with ContainerStateMachine:uninitialized
2019-09-12 11:35:58,086 [pool-208-thread-1] INFO  server.RaftServerConfigKeys (ConfUtils.java:logGet(43)) - raft.server.rpc.timeout.min = 5s (custom)
2019-09-12 11:35:58,086 [pool-208-thread-1] INFO  server.RaftServerConfigKeys (ConfUtils.java:logGet(43)) - raft.server.rpc.timeout.max = 5200ms (custom)
2019-09-12 11:35:58,087 [pool-208-thread-1] INFO  server.RaftServerConfigKeys (ConfUtils.java:logGet(43)) - raft.server.rpcslowness.timeout = 120s (custom)
2019-09-12 11:35:58,089 [pool-208-thread-1] INFO  server.RaftServerConfigKeys (ConfUtils.java:logGet(43)) - raft.server.sleep.deviation.threshold = 300 (default)
2019-09-12 11:35:58,094 [pool-208-thread-1] INFO  server.RaftServerConfigKeys (ConfUtils.java:logGet(43)) - raft.server.log.appender.install.snapshot.enabled = false (custom)
2019-09-12 11:35:58,094 [pool-208-thread-1] INFO  impl.RaftServerImpl (ServerState.java:<init>(105)) - 432584d5-88c8-490c-9346-3a88872a0c9f:group-56C2DC1E014D ConfigurationManager, init=-1: [432584d5-88c8-490c-9346-3a88872a0c9f:192.168.36.114:36716], old=null, confs=<EMPTY_MAP>
2019-09-12 11:35:58,094 [pool-208-thread-1] INFO  server.RaftServerConfigKeys (ConfUtils.java:logGet(43)) - raft.server.storage.dir = [/workdir/hadoop-ozone/ozonefs/target/test-dir/MiniOzoneClusterImpl-bec828f4-ba15-4d3e-832d-771921fb3a31/datanode-2/data/ratis] (custom)
2019-09-12 11:35:58,094 [pool-208-thread-1] INFO  storage.RaftStorageDirectory (RaftStorageDirectory.java:analyzeStorage(246)) - The storage directory /workdir/hadoop-ozone/ozonefs/target/test-dir/MiniOzoneClusterImpl-bec828f4-ba15-4d3e-832d-771921fb3a31/datanode-2/data/ratis/d30433ea-69d1-46be-9091-56c2dc1e014d does not exist. Creating ...
2019-09-12 11:35:58,098 | INFO  | OMAudit | user=jenkins1000 | ip=127.0.0.1 | op=READ_VOLUME {volume=volume81950} | ret=SUCCESS |  
2019-09-12 11:35:58,100 | INFO  | OMAudit | user=jenkins1000 | ip=127.0.0.1 | op=READ_BUCKET {volume=volume81950, bucket=bucket73983} | ret=SUCCESS |  
2019-09-12 11:35:58,107 [pool-208-thread-1] INFO  storage.RaftStorageDirectory (RaftStorageDirectory.java:tryLock(328)) - Lock on /workdir/hadoop-ozone/ozonefs/target/test-dir/MiniOzoneClusterImpl-bec828f4-ba15-4d3e-832d-771921fb3a31/datanode-2/data/ratis/d30433ea-69d1-46be-9091-56c2dc1e014d/in_use.lock acquired by nodename 26908@pr-hdds-1569-58hkm-1881083799
2019-09-12 11:35:58,120 [pool-208-thread-1] INFO  storage.RaftStorage (RaftStorage.java:format(72)) - Storage directory /workdir/hadoop-ozone/ozonefs/target/test-dir/MiniOzoneClusterImpl-bec828f4-ba15-4d3e-832d-771921fb3a31/datanode-2/data/ratis/d30433ea-69d1-46be-9091-56c2dc1e014d has been successfully formatted.
2019-09-12 11:35:58,120 [pool-208-thread-1] INFO  ratis.ContainerStateMachine (ContainerStateMachine.java:loadSnapshot(226)) - group-56C2DC1E014D: The snapshot info is null. Setting the last applied indexto:(t:0, i:~)
2019-09-12 11:35:58,120 [pool-208-thread-1] INFO  server.RaftServerConfigKeys (ConfUtils.java:logGet(43)) - raft.server.leader.election.timeout = 120s (custom)
2019-09-12 11:35:58,120 [pool-208-thread-1] INFO  server.RaftServerConfigKeys (ConfUtils.java:logGet(43)) - raft.server.log.use.memory = false (default)
2019-09-12 11:35:58,122 [pool-208-thread-1] INFO  server.RaftServerConfigKeys (ConfUtils.java:logGet(43)) - raft.server.log.purge.gap = 1000000 (custom)
2019-09-12 11:35:58,122 [pool-208-thread-1] INFO  server.RaftServerConfigKeys (ConfUtils.java:logGet(43)) - raft.server.log.appender.buffer.byte-limit = 33554432 (custom)
2019-09-12 11:35:58,122 [pool-208-thread-1] INFO  server.RaftServerConfigKeys (ConfUtils.java:logGet(43)) - raft.server.log.segment.size.max = 1048576 (custom)
2019-09-12 11:35:58,122 [pool-208-thread-1] INFO  server.RaftServerConfigKeys (ConfUtils.java:logGet(43)) - raft.server.log.segment.cache.num.max = 2 (custom)
2019-09-12 11:35:58,122 [pool-208-thread-1] INFO  segmented.SegmentedRaftLogWorker (SegmentedRaftLogWorker.java:<init>(172)) - new 432584d5-88c8-490c-9346-3a88872a0c9f-SegmentedRaftLogWorker:Storage Directory /workdir/hadoop-ozone/ozonefs/target/test-dir/MiniOzoneClusterImpl-bec828f4-ba15-4d3e-832d-771921fb3a31/datanode-2/data/ratis/d30433ea-69d1-46be-9091-56c2dc1e014d for RaftStorage:Storage Directory /workdir/hadoop-ozone/ozonefs/target/test-dir/MiniOzoneClusterImpl-bec828f4-ba15-4d3e-832d-771921fb3a31/datanode-2/data/ratis/d30433ea-69d1-46be-9091-56c2dc1e014d
2019-09-12 11:35:58,122 [pool-208-thread-1] INFO  server.RaftServerConfigKeys (ConfUtils.java:logGet(43)) - raft.server.log.queue.byte-limit = 2147483647 (custom)
2019-09-12 11:35:58,122 [pool-208-thread-1] INFO  server.RaftServerConfigKeys (ConfUtils.java:logGet(43)) - raft.server.log.queue.element-limit = 1024 (custom)
2019-09-12 11:35:58,122 [pool-208-thread-1] INFO  server.RaftServerConfigKeys (ConfUtils.java:logGet(43)) - raft.server.log.segment.size.max = 1048576 (custom)
2019-09-12 11:35:58,123 [pool-208-thread-1] INFO  server.RaftServerConfigKeys (ConfUtils.java:logGet(43)) - raft.server.log.preallocated.size = 16384 (custom)
2019-09-12 11:35:58,123 [pool-208-thread-1] INFO  server.RaftServerConfigKeys (ConfUtils.java:logGet(43)) - raft.server.log.write.buffer.size = 33554432 (custom)
2019-09-12 11:35:58,123 [pool-208-thread-1] INFO  server.RaftServerConfigKeys (ConfUtils.java:logGet(43)) - raft.server.log.force.sync.num = 128 (default)
2019-09-12 11:35:58,123 [pool-208-thread-1] INFO  server.RaftServerConfigKeys (ConfUtils.java:logGet(43)) - raft.server.log.statemachine.data.sync = true (default)
2019-09-12 11:35:58,123 [pool-208-thread-1] INFO  server.RaftServerConfigKeys (ConfUtils.java:logGet(43)) - raft.server.log.statemachine.data.sync.timeout = 10s (default)
2019-09-12 11:35:58,123 [pool-208-thread-1] INFO  server.RaftServerConfigKeys (ConfUtils.java:logGet(43)) - raft.server.log.statemachine.data.sync.timeout.retry = -1 (default)
2019-09-12 11:35:58,123 [pool-208-thread-1] INFO  server.RaftServerConfigKeys (ConfUtils.java:logGet(43)) - raft.server.log.statemachine.data.caching.enabled = true (custom)
2019-09-12 11:35:58,123 [pool-208-thread-1] INFO  segmented.SegmentedRaftLogWorker (SegmentedRaftLogWorker.java:lambda$new$0(132)) - 432584d5-88c8-490c-9346-3a88872a0c9f-SegmentedRaftLogWorker:Storage Directory /workdir/hadoop-ozone/ozonefs/target/test-dir/MiniOzoneClusterImpl-bec828f4-ba15-4d3e-832d-771921fb3a31/datanode-2/data/ratis/d30433ea-69d1-46be-9091-56c2dc1e014d: flushIndex: setUnconditionally 0 -> -1
2019-09-12 11:35:58,124 [pool-208-thread-1] INFO  server.RaftServerConfigKeys (ConfUtils.java:logGet(43)) - raft.server.snapshot.auto.trigger.enabled = true (custom)
2019-09-12 11:35:58,124 [pool-208-thread-1] INFO  server.RaftServerConfigKeys (ConfUtils.java:logGet(43)) - raft.server.snapshot.auto.trigger.threshold = 10000 (custom)
2019-09-12 11:35:58,124 [pool-208-thread-1] INFO  server.RaftServerConfigKeys (ConfUtils.java:logGet(43)) - raft.server.retrycache.expirytime = 600000ms (custom)
2019-09-12 11:35:58,124 [pool-208-thread-1] INFO  impl.RaftServerImpl (RaftServerImpl.java:start(180)) - 432584d5-88c8-490c-9346-3a88872a0c9f: start group-56C2DC1E014D
2019-09-12 11:35:58,124 [pool-208-thread-1] INFO  impl.RaftServerImpl (RaftServerImpl.java:setRole(171)) - 432584d5-88c8-490c-9346-3a88872a0c9f:group-56C2DC1E014D changes role from null to FOLLOWER at term 0 for startAsFollower
2019-09-12 11:35:58,124 [pool-208-thread-1] INFO  impl.RoleInfo (RoleInfo.java:updateAndGet(143)) - 432584d5-88c8-490c-9346-3a88872a0c9f: start FollowerState
2019-09-12 11:35:58,124 [pool-208-thread-1] INFO  util.JmxRegister (JmxRegister.java:tryRegister(44)) - Successfully registered JMX Bean with object name Ratis:service=RaftServer,group=group-56C2DC1E014D,id=432584d5-88c8-490c-9346-3a88872a0c9f
2019-09-12 11:35:58,128 [RatisPipelineUtilsThread] INFO  pipeline.PipelineStateManager (PipelineStateManager.java:addPipeline(56)) - Created pipeline Pipeline[ Id: d30433ea-69d1-46be-9091-56c2dc1e014d, Nodes: 432584d5-88c8-490c-9346-3a88872a0c9f{ip: 192.168.36.114, host: pr-hdds-1569-58hkm-1881083799, networkLocation: /default-rack, certSerialId: null}, Type:RATIS, Factor:ONE, State:OPEN]
2019-09-12 11:35:58,128 [RatisPipelineUtilsThread] ERROR pipeline.PipelinePlacementPolicy (PipelinePlacementPolicy.java:meetCriteria(92)) - Pipeline Placement: Doesn't meet the criteria to be viable node. Heaviness: 6
2019-09-12 11:35:58,128 [RatisPipelineUtilsThread] ERROR pipeline.PipelinePlacementPolicy (PipelinePlacementPolicy.java:meetCriteria(92)) - Pipeline Placement: Doesn't meet the criteria to be viable node. Heaviness: 6
2019-09-12 11:35:58,133 [grpc-default-executor-0] INFO  impl.RaftServerProxy (RaftServerProxy.java:addNew(89)) - 432584d5-88c8-490c-9346-3a88872a0c9f: addNew group-D887C300BA36:[432584d5-88c8-490c-9346-3a88872a0c9f:192.168.36.114:36716] returns group-D887C300BA36:java.util.concurrent.CompletableFuture@5db4ae72[Not completed]
2019-09-12 11:35:58,135 [pool-208-thread-1] INFO  impl.RaftServerImpl (RaftServerImpl.java:<init>(93)) - 432584d5-88c8-490c-9346-3a88872a0c9f: new RaftServerImpl for group-D887C300BA36:[432584d5-88c8-490c-9346-3a88872a0c9f:192.168.36.114:36716] with ContainerStateMachine:uninitialized
2019-09-12 11:35:58,135 [pool-208-thread-1] INFO  server.RaftServerConfigKeys (ConfUtils.java:logGet(43)) - raft.server.rpc.timeout.min = 5s (custom)
2019-09-12 11:35:58,135 [pool-208-thread-1] INFO  server.RaftServerConfigKeys (ConfUtils.java:logGet(43)) - raft.server.rpc.timeout.max = 5200ms (custom)
2019-09-12 11:35:58,135 [pool-208-thread-1] INFO  server.RaftServerConfigKeys (ConfUtils.java:logGet(43)) - raft.server.rpcslowness.timeout = 120s (custom)
2019-09-12 11:35:58,135 [pool-208-thread-1] INFO  server.RaftServerConfigKeys (ConfUtils.java:logGet(43)) - raft.server.sleep.deviation.threshold = 300 (default)
2019-09-12 11:35:58,135 [pool-208-thread-1] INFO  server.RaftServerConfigKeys (ConfUtils.java:logGet(43)) - raft.server.log.appender.install.snapshot.enabled = false (custom)
2019-09-12 11:35:58,135 [pool-208-thread-1] INFO  impl.RaftServerImpl (ServerState.java:<init>(105)) - 432584d5-88c8-490c-9346-3a88872a0c9f:group-D887C300BA36 ConfigurationManager, init=-1: [432584d5-88c8-490c-9346-3a88872a0c9f:192.168.36.114:36716], old=null, confs=<EMPTY_MAP>
2019-09-12 11:35:58,135 [pool-208-thread-1] INFO  server.RaftServerConfigKeys (ConfUtils.java:logGet(43)) - raft.server.storage.dir = [/workdir/hadoop-ozone/ozonefs/target/test-dir/MiniOzoneClusterImpl-bec828f4-ba15-4d3e-832d-771921fb3a31/datanode-2/data/ratis] (custom)
2019-09-12 11:35:58,136 [pool-208-thread-1] INFO  storage.RaftStorageDirectory (RaftStorageDirectory.java:analyzeStorage(246)) - The storage directory /workdir/hadoop-ozone/ozonefs/target/test-dir/MiniOzoneClusterImpl-bec828f4-ba15-4d3e-832d-771921fb3a31/datanode-2/data/ratis/5c99ca3f-b0d4-4192-9df2-d887c300ba36 does not exist. Creating ...
2019-09-12 11:35:58,148 [pool-208-thread-1] INFO  storage.RaftStorageDirectory (RaftStorageDirectory.java:tryLock(328)) - Lock on /workdir/hadoop-ozone/ozonefs/target/test-dir/MiniOzoneClusterImpl-bec828f4-ba15-4d3e-832d-771921fb3a31/datanode-2/data/ratis/5c99ca3f-b0d4-4192-9df2-d887c300ba36/in_use.lock acquired by nodename 26908@pr-hdds-1569-58hkm-1881083799
2019-09-12 11:35:58,161 [pool-208-thread-1] INFO  storage.RaftStorage (RaftStorage.java:format(72)) - Storage directory /workdir/hadoop-ozone/ozonefs/target/test-dir/MiniOzoneClusterImpl-bec828f4-ba15-4d3e-832d-771921fb3a31/datanode-2/data/ratis/5c99ca3f-b0d4-4192-9df2-d887c300ba36 has been successfully formatted.
2019-09-12 11:35:58,161 [pool-208-thread-1] INFO  ratis.ContainerStateMachine (ContainerStateMachine.java:loadSnapshot(226)) - group-D887C300BA36: The snapshot info is null. Setting the last applied indexto:(t:0, i:~)
2019-09-12 11:35:58,162 [pool-208-thread-1] INFO  server.RaftServerConfigKeys (ConfUtils.java:logGet(43)) - raft.server.leader.election.timeout = 120s (custom)
2019-09-12 11:35:58,162 [pool-208-thread-1] INFO  server.RaftServerConfigKeys (ConfUtils.java:logGet(43)) - raft.server.log.use.memory = false (default)
2019-09-12 11:35:58,162 [pool-208-thread-1] INFO  server.RaftServerConfigKeys (ConfUtils.java:logGet(43)) - raft.server.log.purge.gap = 1000000 (custom)
2019-09-12 11:35:58,162 [pool-208-thread-1] INFO  server.RaftServerConfigKeys (ConfUtils.java:logGet(43)) - raft.server.log.appender.buffer.byte-limit = 33554432 (custom)
2019-09-12 11:35:58,162 [pool-208-thread-1] INFO  server.RaftServerConfigKeys (ConfUtils.java:logGet(43)) - raft.server.log.segment.size.max = 1048576 (custom)
2019-09-12 11:35:58,162 [pool-208-thread-1] INFO  server.RaftServerConfigKeys (ConfUtils.java:logGet(43)) - raft.server.log.segment.cache.num.max = 2 (custom)
2019-09-12 11:35:58,163 [pool-208-thread-1] INFO  segmented.SegmentedRaftLogWorker (SegmentedRaftLogWorker.java:<init>(172)) - new 432584d5-88c8-490c-9346-3a88872a0c9f-SegmentedRaftLogWorker:Storage Directory /workdir/hadoop-ozone/ozonefs/target/test-dir/MiniOzoneClusterImpl-bec828f4-ba15-4d3e-832d-771921fb3a31/datanode-2/data/ratis/5c99ca3f-b0d4-4192-9df2-d887c300ba36 for RaftStorage:Storage Directory /workdir/hadoop-ozone/ozonefs/target/test-dir/MiniOzoneClusterImpl-bec828f4-ba15-4d3e-832d-771921fb3a31/datanode-2/data/ratis/5c99ca3f-b0d4-4192-9df2-d887c300ba36
2019-09-12 11:35:58,163 [pool-208-thread-1] INFO  server.RaftServerConfigKeys (ConfUtils.java:logGet(43)) - raft.server.log.queue.byte-limit = 2147483647 (custom)
2019-09-12 11:35:58,163 [pool-208-thread-1] INFO  server.RaftServerConfigKeys (ConfUtils.java:logGet(43)) - raft.server.log.queue.element-limit = 1024 (custom)
2019-09-12 11:35:58,163 [pool-208-thread-1] INFO  server.RaftServerConfigKeys (ConfUtils.java:logGet(43)) - raft.server.log.segment.size.max = 1048576 (custom)
2019-09-12 11:35:58,163 [pool-208-thread-1] INFO  server.RaftServerConfigKeys (ConfUtils.java:logGet(43)) - raft.server.log.preallocated.size = 16384 (custom)
2019-09-12 11:35:58,164 [pool-208-thread-1] INFO  server.RaftServerConfigKeys (ConfUtils.java:logGet(43)) - raft.server.log.write.buffer.size = 33554432 (custom)
2019-09-12 11:35:58,164 [pool-208-thread-1] INFO  server.RaftServerConfigKeys (ConfUtils.java:logGet(43)) - raft.server.log.force.sync.num = 128 (default)
2019-09-12 11:35:58,164 [pool-208-thread-1] INFO  server.RaftServerConfigKeys (ConfUtils.java:logGet(43)) - raft.server.log.statemachine.data.sync = true (default)
2019-09-12 11:35:58,164 [pool-208-thread-1] INFO  server.RaftServerConfigKeys (ConfUtils.java:logGet(43)) - raft.server.log.statemachine.data.sync.timeout = 10s (default)
2019-09-12 11:35:58,164 [pool-208-thread-1] INFO  server.RaftServerConfigKeys (ConfUtils.java:logGet(43)) - raft.server.log.statemachine.data.sync.timeout.retry = -1 (default)
2019-09-12 11:35:58,164 [pool-208-thread-1] INFO  server.RaftServerConfigKeys (ConfUtils.java:logGet(43)) - raft.server.log.statemachine.data.caching.enabled = true (custom)
2019-09-12 11:35:58,165 [pool-208-thread-1] INFO  segmented.SegmentedRaftLogWorker (SegmentedRaftLogWorker.java:lambda$new$0(132)) - 432584d5-88c8-490c-9346-3a88872a0c9f-SegmentedRaftLogWorker:Storage Directory /workdir/hadoop-ozone/ozonefs/target/test-dir/MiniOzoneClusterImpl-bec828f4-ba15-4d3e-832d-771921fb3a31/datanode-2/data/ratis/5c99ca3f-b0d4-4192-9df2-d887c300ba36: flushIndex: setUnconditionally 0 -> -1
2019-09-12 11:35:58,165 [pool-208-thread-1] INFO  server.RaftServerConfigKeys (ConfUtils.java:logGet(43)) - raft.server.snapshot.auto.trigger.enabled = true (custom)
2019-09-12 11:35:58,165 [pool-208-thread-1] INFO  server.RaftServerConfigKeys (ConfUtils.java:logGet(43)) - raft.server.snapshot.auto.trigger.threshold = 10000 (custom)
2019-09-12 11:35:58,165 [pool-208-thread-1] INFO  server.RaftServerConfigKeys (ConfUtils.java:logGet(43)) - raft.server.retrycache.expirytime = 600000ms (custom)
2019-09-12 11:35:58,166 [pool-208-thread-1] INFO  impl.RaftServerImpl (RaftServerImpl.java:start(180)) - 432584d5-88c8-490c-9346-3a88872a0c9f: start group-D887C300BA36
2019-09-12 11:35:58,166 [pool-208-thread-1] INFO  impl.RaftServerImpl (RaftServerImpl.java:setRole(171)) - 432584d5-88c8-490c-9346-3a88872a0c9f:group-D887C300BA36 changes role from null to FOLLOWER at term 0 for startAsFollower
2019-09-12 11:35:58,166 [pool-208-thread-1] INFO  impl.RoleInfo (RoleInfo.java:updateAndGet(143)) - 432584d5-88c8-490c-9346-3a88872a0c9f: start FollowerState
2019-09-12 11:35:58,166 [pool-208-thread-1] INFO  util.JmxRegister (JmxRegister.java:tryRegister(44)) - Successfully registered JMX Bean with object name Ratis:service=RaftServer,group=group-D887C300BA36,id=432584d5-88c8-490c-9346-3a88872a0c9f
2019-09-12 11:35:58,169 [RatisPipelineUtilsThread] INFO  pipeline.PipelineStateManager (PipelineStateManager.java:addPipeline(56)) - Created pipeline Pipeline[ Id: 5c99ca3f-b0d4-4192-9df2-d887c300ba36, Nodes: 432584d5-88c8-490c-9346-3a88872a0c9f{ip: 192.168.36.114, host: pr-hdds-1569-58hkm-1881083799, networkLocation: /default-rack, certSerialId: null}, Type:RATIS, Factor:ONE, State:OPEN]
2019-09-12 11:35:58,170 [RatisPipelineUtilsThread] ERROR pipeline.PipelinePlacementPolicy (PipelinePlacementPolicy.java:meetCriteria(92)) - Pipeline Placement: Doesn't meet the criteria to be viable node. Heaviness: 6
2019-09-12 11:35:58,170 [RatisPipelineUtilsThread] ERROR pipeline.PipelinePlacementPolicy (PipelinePlacementPolicy.java:meetCriteria(92)) - Pipeline Placement: Doesn't meet the criteria to be viable node. Heaviness: 6
2019-09-12 11:35:58,175 [grpc-default-executor-0] INFO  impl.RaftServerProxy (RaftServerProxy.java:addNew(89)) - 432584d5-88c8-490c-9346-3a88872a0c9f: addNew group-A559499A9ECD:[432584d5-88c8-490c-9346-3a88872a0c9f:192.168.36.114:36716] returns group-A559499A9ECD:java.util.concurrent.CompletableFuture@7255e0fd[Not completed]
2019-09-12 11:35:58,177 [pool-208-thread-1] INFO  impl.RaftServerImpl (RaftServerImpl.java:<init>(93)) - 432584d5-88c8-490c-9346-3a88872a0c9f: new RaftServerImpl for group-A559499A9ECD:[432584d5-88c8-490c-9346-3a88872a0c9f:192.168.36.114:36716] with ContainerStateMachine:uninitialized
2019-09-12 11:35:58,177 [pool-208-thread-1] INFO  server.RaftServerConfigKeys (ConfUtils.java:logGet(43)) - raft.server.rpc.timeout.min = 5s (custom)
2019-09-12 11:35:58,178 [pool-208-thread-1] INFO  server.RaftServerConfigKeys (ConfUtils.java:logGet(43)) - raft.server.rpc.timeout.max = 5200ms (custom)
2019-09-12 11:35:58,178 [pool-208-thread-1] INFO  server.RaftServerConfigKeys (ConfUtils.java:logGet(43)) - raft.server.rpcslowness.timeout = 120s (custom)
2019-09-12 11:35:58,178 [pool-208-thread-1] INFO  server.RaftServerConfigKeys (ConfUtils.java:logGet(43)) - raft.server.sleep.deviation.threshold = 300 (default)
2019-09-12 11:35:58,178 [pool-208-thread-1] INFO  server.RaftServerConfigKeys (ConfUtils.java:logGet(43)) - raft.server.log.appender.install.snapshot.enabled = false (custom)
2019-09-12 11:35:58,178 [pool-208-thread-1] INFO  impl.RaftServerImpl (ServerState.java:<init>(105)) - 432584d5-88c8-490c-9346-3a88872a0c9f:group-A559499A9ECD ConfigurationManager, init=-1: [432584d5-88c8-490c-9346-3a88872a0c9f:192.168.36.114:36716], old=null, confs=<EMPTY_MAP>
2019-09-12 11:35:58,179 [pool-208-thread-1] INFO  server.RaftServerConfigKeys (ConfUtils.java:logGet(43)) - raft.server.storage.dir = [/workdir/hadoop-ozone/ozonefs/target/test-dir/MiniOzoneClusterImpl-bec828f4-ba15-4d3e-832d-771921fb3a31/datanode-2/data/ratis] (custom)
2019-09-12 11:35:58,179 [pool-208-thread-1] INFO  storage.RaftStorageDirectory (RaftStorageDirectory.java:analyzeStorage(246)) - The storage directory /workdir/hadoop-ozone/ozonefs/target/test-dir/MiniOzoneClusterImpl-bec828f4-ba15-4d3e-832d-771921fb3a31/datanode-2/data/ratis/5e1d6e8d-362a-440e-b511-a559499a9ecd does not exist. Creating ...
2019-09-12 11:35:58,192 [pool-208-thread-1] INFO  storage.RaftStorageDirectory (RaftStorageDirectory.java:tryLock(328)) - Lock on /workdir/hadoop-ozone/ozonefs/target/test-dir/MiniOzoneClusterImpl-bec828f4-ba15-4d3e-832d-771921fb3a31/datanode-2/data/ratis/5e1d6e8d-362a-440e-b511-a559499a9ecd/in_use.lock acquired by nodename 26908@pr-hdds-1569-58hkm-1881083799
2019-09-12 11:35:58,204 [pool-208-thread-1] INFO  storage.RaftStorage (RaftStorage.java:format(72)) - Storage directory /workdir/hadoop-ozone/ozonefs/target/test-dir/MiniOzoneClusterImpl-bec828f4-ba15-4d3e-832d-771921fb3a31/datanode-2/data/ratis/5e1d6e8d-362a-440e-b511-a559499a9ecd has been successfully formatted.
2019-09-12 11:35:58,205 [pool-208-thread-1] INFO  ratis.ContainerStateMachine (ContainerStateMachine.java:loadSnapshot(226)) - group-A559499A9ECD: The snapshot info is null. Setting the last applied indexto:(t:0, i:~)
2019-09-12 11:35:58,205 [pool-208-thread-1] INFO  server.RaftServerConfigKeys (ConfUtils.java:logGet(43)) - raft.server.leader.election.timeout = 120s (custom)
2019-09-12 11:35:58,205 [pool-208-thread-1] INFO  server.RaftServerConfigKeys (ConfUtils.java:logGet(43)) - raft.server.log.use.memory = false (default)
2019-09-12 11:35:58,205 [pool-208-thread-1] INFO  server.RaftServerConfigKeys (ConfUtils.java:logGet(43)) - raft.server.log.purge.gap = 1000000 (custom)
2019-09-12 11:35:58,205 [pool-208-thread-1] INFO  server.RaftServerConfigKeys (ConfUtils.java:logGet(43)) - raft.server.log.appender.buffer.byte-limit = 33554432 (custom)
2019-09-12 11:35:58,206 [pool-208-thread-1] INFO  server.RaftServerConfigKeys (ConfUtils.java:logGet(43)) - raft.server.log.segment.size.max = 1048576 (custom)
2019-09-12 11:35:58,206 [pool-208-thread-1] INFO  server.RaftServerConfigKeys (ConfUtils.java:logGet(43)) - raft.server.log.segment.cache.num.max = 2 (custom)
2019-09-12 11:35:58,206 [pool-208-thread-1] INFO  segmented.SegmentedRaftLogWorker (SegmentedRaftLogWorker.java:<init>(172)) - new 432584d5-88c8-490c-9346-3a88872a0c9f-SegmentedRaftLogWorker:Storage Directory /workdir/hadoop-ozone/ozonefs/target/test-dir/MiniOzoneClusterImpl-bec828f4-ba15-4d3e-832d-771921fb3a31/datanode-2/data/ratis/5e1d6e8d-362a-440e-b511-a559499a9ecd for RaftStorage:Storage Directory /workdir/hadoop-ozone/ozonefs/target/test-dir/MiniOzoneClusterImpl-bec828f4-ba15-4d3e-832d-771921fb3a31/datanode-2/data/ratis/5e1d6e8d-362a-440e-b511-a559499a9ecd
2019-09-12 11:35:58,206 [pool-208-thread-1] INFO  server.RaftServerConfigKeys (ConfUtils.java:logGet(43)) - raft.server.log.queue.byte-limit = 2147483647 (custom)
2019-09-12 11:35:58,206 [pool-208-thread-1] INFO  server.RaftServerConfigKeys (ConfUtils.java:logGet(43)) - raft.server.log.queue.element-limit = 1024 (custom)
2019-09-12 11:35:58,206 [pool-208-thread-1] INFO  server.RaftServerConfigKeys (ConfUtils.java:logGet(43)) - raft.server.log.segment.size.max = 1048576 (custom)
2019-09-12 11:35:58,207 [pool-208-thread-1] INFO  server.RaftServerConfigKeys (ConfUtils.java:logGet(43)) - raft.server.log.preallocated.size = 16384 (custom)
2019-09-12 11:35:58,207 [pool-208-thread-1] INFO  server.RaftServerConfigKeys (ConfUtils.java:logGet(43)) - raft.server.log.write.buffer.size = 33554432 (custom)
2019-09-12 11:35:58,207 [pool-208-thread-1] INFO  server.RaftServerConfigKeys (ConfUtils.java:logGet(43)) - raft.server.log.force.sync.num = 128 (default)
2019-09-12 11:35:58,207 [pool-208-thread-1] INFO  server.RaftServerConfigKeys (ConfUtils.java:logGet(43)) - raft.server.log.statemachine.data.sync = true (default)
2019-09-12 11:35:58,207 [pool-208-thread-1] INFO  server.RaftServerConfigKeys (ConfUtils.java:logGet(43)) - raft.server.log.statemachine.data.sync.timeout = 10s (default)
2019-09-12 11:35:58,207 [pool-208-thread-1] INFO  server.RaftServerConfigKeys (ConfUtils.java:logGet(43)) - raft.server.log.statemachine.data.sync.timeout.retry = -1 (default)
2019-09-12 11:35:58,207 [pool-208-thread-1] INFO  server.RaftServerConfigKeys (ConfUtils.java:logGet(43)) - raft.server.log.statemachine.data.caching.enabled = true (custom)
2019-09-12 11:35:58,208 [pool-208-thread-1] INFO  segmented.SegmentedRaftLogWorker (SegmentedRaftLogWorker.java:lambda$new$0(132)) - 432584d5-88c8-490c-9346-3a88872a0c9f-SegmentedRaftLogWorker:Storage Directory /workdir/hadoop-ozone/ozonefs/target/test-dir/MiniOzoneClusterImpl-bec828f4-ba15-4d3e-832d-771921fb3a31/datanode-2/data/ratis/5e1d6e8d-362a-440e-b511-a559499a9ecd: flushIndex: setUnconditionally 0 -> -1
2019-09-12 11:35:58,208 [pool-208-thread-1] INFO  server.RaftServerConfigKeys (ConfUtils.java:logGet(43)) - raft.server.snapshot.auto.trigger.enabled = true (custom)
2019-09-12 11:35:58,208 [pool-208-thread-1] INFO  server.RaftServerConfigKeys (ConfUtils.java:logGet(43)) - raft.server.snapshot.auto.trigger.threshold = 10000 (custom)
2019-09-12 11:35:58,208 [pool-208-thread-1] INFO  server.RaftServerConfigKeys (ConfUtils.java:logGet(43)) - raft.server.retrycache.expirytime = 600000ms (custom)
2019-09-12 11:35:58,208 [pool-208-thread-1] INFO  impl.RaftServerImpl (RaftServerImpl.java:start(180)) - 432584d5-88c8-490c-9346-3a88872a0c9f: start group-A559499A9ECD
2019-09-12 11:35:58,209 [pool-208-thread-1] INFO  impl.RaftServerImpl (RaftServerImpl.java:setRole(171)) - 432584d5-88c8-490c-9346-3a88872a0c9f:group-A559499A9ECD changes role from null to FOLLOWER at term 0 for startAsFollower
2019-09-12 11:35:58,209 [pool-208-thread-1] INFO  impl.RoleInfo (RoleInfo.java:updateAndGet(143)) - 432584d5-88c8-490c-9346-3a88872a0c9f: start FollowerState
2019-09-12 11:35:58,209 [pool-208-thread-1] INFO  util.JmxRegister (JmxRegister.java:tryRegister(44)) - Successfully registered JMX Bean with object name Ratis:service=RaftServer,group=group-A559499A9ECD,id=432584d5-88c8-490c-9346-3a88872a0c9f
2019-09-12 11:35:58,212 [RatisPipelineUtilsThread] INFO  pipeline.PipelineStateManager (PipelineStateManager.java:addPipeline(56)) - Created pipeline Pipeline[ Id: 5e1d6e8d-362a-440e-b511-a559499a9ecd, Nodes: 432584d5-88c8-490c-9346-3a88872a0c9f{ip: 192.168.36.114, host: pr-hdds-1569-58hkm-1881083799, networkLocation: /default-rack, certSerialId: null}, Type:RATIS, Factor:ONE, State:OPEN]
2019-09-12 11:35:58,213 [RatisPipelineUtilsThread] ERROR pipeline.PipelinePlacementPolicy (PipelinePlacementPolicy.java:meetCriteria(92)) - Pipeline Placement: Doesn't meet the criteria to be viable node. Heaviness: 6
2019-09-12 11:35:58,213 [RatisPipelineUtilsThread] ERROR pipeline.PipelinePlacementPolicy (PipelinePlacementPolicy.java:meetCriteria(92)) - Pipeline Placement: Doesn't meet the criteria to be viable node. Heaviness: 6
2019-09-12 11:35:58,213 [RatisPipelineUtilsThread] ERROR pipeline.PipelinePlacementPolicy (PipelinePlacementPolicy.java:meetCriteria(92)) - Pipeline Placement: Doesn't meet the criteria to be viable node. Heaviness: 6
2019-09-12 11:35:58,213 [RatisPipelineUtilsThread] ERROR pipeline.PipelinePlacementPolicy (PipelinePlacementPolicy.java:filterViableNodes(147)) - Unable to find enough nodes that meet the criteria that cannot engage in more than 5 pipelines. Nodes required: 1 Found: 0, healthy nodes count inNodeManager: 3.
2019-09-12 11:35:58,213 [RatisPipelineUtilsThread] ERROR pipeline.SCMPipelineManager (SCMPipelineManager.java:createPipeline(161)) - Pipeline creation failed due to exception: Unable to find enough nodes that meet the criteria that cannot engage in more than 5 pipelines. Nodes required: 1 Found: 0, healthy nodes count inNodeManager: 3.
2019-09-12 11:35:58,214 [RatisPipelineUtilsThread] ERROR pipeline.PipelinePlacementPolicy (PipelinePlacementPolicy.java:meetCriteria(92)) - Pipeline Placement: Doesn't meet the criteria to be viable node. Heaviness: 6
2019-09-12 11:35:58,214 [RatisPipelineUtilsThread] ERROR pipeline.PipelinePlacementPolicy (PipelinePlacementPolicy.java:meetCriteria(92)) - Pipeline Placement: Doesn't meet the criteria to be viable node. Heaviness: 6
2019-09-12 11:35:58,214 [RatisPipelineUtilsThread] ERROR pipeline.PipelinePlacementPolicy (PipelinePlacementPolicy.java:meetCriteria(92)) - Pipeline Placement: Doesn't meet the criteria to be viable node. Heaviness: 6
2019-09-12 11:35:58,214 [RatisPipelineUtilsThread] ERROR pipeline.PipelinePlacementPolicy (PipelinePlacementPolicy.java:filterViableNodes(147)) - Unable to find enough nodes that meet the criteria that cannot engage in more than 5 pipelines. Nodes required: 3 Found: 0, healthy nodes count inNodeManager: 3.
2019-09-12 11:35:58,214 [RatisPipelineUtilsThread] ERROR pipeline.SCMPipelineManager (SCMPipelineManager.java:createPipeline(161)) - Pipeline creation failed due to exception: Unable to find enough nodes that meet the criteria that cannot engage in more than 5 pipelines. Nodes required: 3 Found: 0, healthy nodes count inNodeManager: 3.
2019-09-12 11:35:58,215 [RatisPipelineUtilsThread] ERROR pipeline.PipelinePlacementPolicy (PipelinePlacementPolicy.java:meetCriteria(92)) - Pipeline Placement: Doesn't meet the criteria to be viable node. Heaviness: 6
2019-09-12 11:35:58,215 [RatisPipelineUtilsThread] ERROR pipeline.PipelinePlacementPolicy (PipelinePlacementPolicy.java:meetCriteria(92)) - Pipeline Placement: Doesn't meet the criteria to be viable node. Heaviness: 6
2019-09-12 11:35:58,215 [RatisPipelineUtilsThread] ERROR pipeline.PipelinePlacementPolicy (PipelinePlacementPolicy.java:meetCriteria(92)) - Pipeline Placement: Doesn't meet the criteria to be viable node. Heaviness: 6
2019-09-12 11:35:58,215 [RatisPipelineUtilsThread] ERROR pipeline.PipelinePlacementPolicy (PipelinePlacementPolicy.java:filterViableNodes(147)) - Unable to find enough nodes that meet the criteria that cannot engage in more than 5 pipelines. Nodes required: 1 Found: 0, healthy nodes count inNodeManager: 3.
2019-09-12 11:35:58,215 [RatisPipelineUtilsThread] ERROR pipeline.SCMPipelineManager (SCMPipelineManager.java:createPipeline(161)) - Pipeline creation failed due to exception: Unable to find enough nodes that meet the criteria that cannot engage in more than 5 pipelines. Nodes required: 1 Found: 0, healthy nodes count inNodeManager: 3.
2019-09-12 11:35:58,215 [RatisPipelineUtilsThread] ERROR pipeline.PipelinePlacementPolicy (PipelinePlacementPolicy.java:meetCriteria(92)) - Pipeline Placement: Doesn't meet the criteria to be viable node. Heaviness: 6
2019-09-12 11:35:58,216 [RatisPipelineUtilsThread] ERROR pipeline.PipelinePlacementPolicy (PipelinePlacementPolicy.java:meetCriteria(92)) - Pipeline Placement: Doesn't meet the criteria to be viable node. Heaviness: 6
2019-09-12 11:35:58,216 [RatisPipelineUtilsThread] ERROR pipeline.PipelinePlacementPolicy (PipelinePlacementPolicy.java:meetCriteria(92)) - Pipeline Placement: Doesn't meet the criteria to be viable node. Heaviness: 6
2019-09-12 11:35:58,216 [RatisPipelineUtilsThread] ERROR pipeline.PipelinePlacementPolicy (PipelinePlacementPolicy.java:filterViableNodes(147)) - Unable to find enough nodes that meet the criteria that cannot engage in more than 5 pipelines. Nodes required: 3 Found: 0, healthy nodes count inNodeManager: 3.
2019-09-12 11:35:58,216 [RatisPipelineUtilsThread] ERROR pipeline.SCMPipelineManager (SCMPipelineManager.java:createPipeline(161)) - Pipeline creation failed due to exception: Unable to find enough nodes that meet the criteria that cannot engage in more than 5 pipelines. Nodes required: 3 Found: 0, healthy nodes count inNodeManager: 3.
2019-09-12 11:35:58,216 [IPC Server handler 7 on 38496] ERROR pipeline.PipelinePlacementPolicy (PipelinePlacementPolicy.java:meetCriteria(92)) - Pipeline Placement: Doesn't meet the criteria to be viable node. Heaviness: 6
2019-09-12 11:35:58,216 [IPC Server handler 7 on 38496] ERROR pipeline.PipelinePlacementPolicy (PipelinePlacementPolicy.java:meetCriteria(92)) - Pipeline Placement: Doesn't meet the criteria to be viable node. Heaviness: 6
2019-09-12 11:35:58,217 [IPC Server handler 7 on 38496] ERROR pipeline.PipelinePlacementPolicy (PipelinePlacementPolicy.java:meetCriteria(92)) - Pipeline Placement: Doesn't meet the criteria to be viable node. Heaviness: 6
2019-09-12 11:35:58,217 [IPC Server handler 7 on 38496] ERROR pipeline.PipelinePlacementPolicy (PipelinePlacementPolicy.java:filterViableNodes(147)) - Unable to find enough nodes that meet the criteria that cannot engage in more than 5 pipelines. Nodes required: 3 Found: 0, healthy nodes count inNodeManager: 3.
2019-09-12 11:35:58,217 [IPC Server handler 7 on 38496] ERROR pipeline.SCMPipelineManager (SCMPipelineManager.java:createPipeline(161)) - Pipeline creation failed due to exception: Unable to find enough nodes that meet the criteria that cannot engage in more than 5 pipelines. Nodes required: 3 Found: 0, healthy nodes count inNodeManager: 3.
2019-09-12 11:35:58,217 [IPC Server handler 7 on 38496] WARN  block.BlockManagerImpl (BlockManagerImpl.java:allocateBlock(192)) - Pipeline creation failed for type:RATIS factor:THREE. Retrying get pipelines call once.
org.apache.hadoop.hdds.scm.exceptions.SCMException: Unable to find enough nodes that meet the criteria that cannot engage in more than 5 pipelines. Nodes required: 3 Found: 0, healthy nodes count inNodeManager: 3.
	at org.apache.hadoop.hdds.scm.pipeline.PipelinePlacementPolicy.filterViableNodes(PipelinePlacementPolicy.java:148)
	at org.apache.hadoop.hdds.scm.pipeline.PipelinePlacementPolicy.chooseDatanodes(PipelinePlacementPolicy.java:171)
	at org.apache.hadoop.hdds.scm.pipeline.RatisPipelineProvider.create(RatisPipelineProvider.java:100)
	at org.apache.hadoop.hdds.scm.pipeline.PipelineFactory.create(PipelineFactory.java:57)
	at org.apache.hadoop.hdds.scm.pipeline.SCMPipelineManager.createPipeline(SCMPipelineManager.java:149)
	at org.apache.hadoop.hdds.scm.block.BlockManagerImpl.allocateBlock(BlockManagerImpl.java:190)
	at org.apache.hadoop.hdds.scm.server.SCMBlockProtocolServer.allocateBlock(SCMBlockProtocolServer.java:175)
	at org.apache.hadoop.ozone.protocolPB.ScmBlockLocationProtocolServerSideTranslatorPB.allocateScmBlock(ScmBlockLocationProtocolServerSideTranslatorPB.java:153)
	at org.apache.hadoop.ozone.protocolPB.ScmBlockLocationProtocolServerSideTranslatorPB.send(ScmBlockLocationProtocolServerSideTranslatorPB.java:112)
	at org.apache.hadoop.hdds.protocol.proto.ScmBlockLocationProtocolProtos$ScmBlockLocationProtocolService$2.callBlockingMethod(ScmBlockLocationProtocolProtos.java:13157)
	at org.apache.hadoop.ipc.ProtobufRpcEngine$Server$ProtoBufRpcInvoker.call(ProtobufRpcEngine.java:524)
	at org.apache.hadoop.ipc.RPC$Server.call(RPC.java:1025)
	at org.apache.hadoop.ipc.Server$RpcCall.run(Server.java:876)
	at org.apache.hadoop.ipc.Server$RpcCall.run(Server.java:822)
	at java.security.AccessController.doPrivileged(Native Method)
	at javax.security.auth.Subject.doAs(Subject.java:422)
	at org.apache.hadoop.security.UserGroupInformation.doAs(UserGroupInformation.java:1730)
	at org.apache.hadoop.ipc.Server$Handler.run(Server.java:2682)
2019-09-12 11:35:58,217 [IPC Server handler 7 on 38496] INFO  block.BlockManagerImpl (BlockManagerImpl.java:allocateBlock(198)) - Could not find available pipeline of type:RATIS and factor:THREE even after retrying
2019-09-12 11:35:58,217 [IPC Server handler 7 on 38496] ERROR block.BlockManagerImpl (BlockManagerImpl.java:allocateBlock(222)) - Unable to allocate a block for the size: 4194304, type: RATIS, factor: THREE
2019-09-12 11:35:58,218 | INFO  | SCMAudit | user=jenkins1000 | ip=192.168.36.114 | op=ALLOCATE_BLOCK {owner=00e081c9-6c92-4923-a179-b74dcde2f94a, size=4194304, type=RATIS, factor=THREE} | ret=SUCCESS |  
2019-09-12 11:35:58,219 | ERROR | OMAudit | user=jenkins1000 | ip=127.0.0.1 | op=CREATE_FILE {volume=volume81950, bucket=bucket73983, key=testListStatus/key1, dataSize=0, replicationType=RATIS, replicationFactor=THREE, keyLocationInfo=null} | ret=FAILURE | org.apache.hadoop.hdds.scm.exceptions.SCMException: Allocated 0 blocks. Requested 1 blocks
	at org.apache.hadoop.hdds.scm.protocolPB.ScmBlockLocationProtocolClientSideTranslatorPB.handleError(ScmBlockLocationProtocolClientSideTranslatorPB.java:118)
	at org.apache.hadoop.hdds.scm.protocolPB.ScmBlockLocationProtocolClientSideTranslatorPB.allocateBlock(ScmBlockLocationProtocolClientSideTranslatorPB.java:156) 
2019-09-12 11:35:58,222 [Thread-806] INFO  ozone.MiniOzoneClusterImpl (MiniOzoneClusterImpl.java:shutdown(321)) - Shutting down the Mini Ozone Cluster
2019-09-12 11:35:58,222 | INFO  | SCMAudit | user=null | ip=null | op=GET_SCM_INFO null | ret=SUCCESS |  
2019-09-12 11:35:58,222 [Thread-806] INFO  ozone.MiniOzoneClusterImpl (MiniOzoneClusterImpl.java:stop(336)) - Stopping the Mini Ozone Cluster
2019-09-12 11:35:58,223 [Thread-806] INFO  ozone.MiniOzoneClusterImpl (MiniOzoneClusterImpl.java:stop(338)) - Stopping the OzoneManager
2019-09-12 11:35:58,223 [Thread-806] INFO  ipc.Server (Server.java:stop(3082)) - Stopping server on 33997
2019-09-12 11:35:58,226 [IPC Server listener on 33997] INFO  ipc.Server (Server.java:run(1185)) - Stopping IPC Server listener on 33997
2019-09-12 11:35:58,226 [Thread-806] INFO  ratis.OzoneManagerDoubleBuffer (OzoneManagerDoubleBuffer.java:stop(248)) - Stopping OMDoubleBuffer flush thread
2019-09-12 11:35:58,226 [IPC Server Responder] INFO  ipc.Server (Server.java:run(1319)) - Stopping IPC Server Responder
2019-09-12 11:35:58,227 [OMDoubleBufferFlushThread] INFO  ratis.OzoneManagerDoubleBuffer (OzoneManagerDoubleBuffer.java:flushTransactions(191)) - OMDoubleBuffer flush thread OMDoubleBufferFlushThread is interrupted and will exit. OMDoubleBufferFlushThread
2019-09-12 11:35:58,228 [Thread-806] INFO  utils.BackgroundService (BackgroundService.java:shutdown(148)) - Shutting down service KeyDeletingService
2019-09-12 11:35:58,229 [Thread-806] INFO  handler.ContextHandler (ContextHandler.java:doStop(910)) - Stopped o.e.j.w.WebAppContext@30641f{/,null,UNAVAILABLE}{/ozoneManager}
2019-09-12 11:35:58,230 [Thread-806] INFO  server.AbstractConnector (AbstractConnector.java:doStop(318)) - Stopped ServerConnector@43fb9e5d{HTTP/1.1,[http/1.1]}{0.0.0.0:0}
2019-09-12 11:35:58,230 [Thread-806] INFO  handler.ContextHandler (ContextHandler.java:doStop(910)) - Stopped o.e.j.s.ServletContextHandler@249d841b{/static,jar:file:/home/user/.m2/repository/org/apache/hadoop/hadoop-ozone-ozone-manager/0.5.0-SNAPSHOT/hadoop-ozone-ozone-manager-0.5.0-SNAPSHOT.jar!/webapps/static,UNAVAILABLE}
2019-09-12 11:35:58,231 [Thread-806] INFO  handler.ContextHandler (ContextHandler.java:doStop(910)) - Stopped o.e.j.s.ServletContextHandler@6b09b840{/logs,file:///workdir/hadoop-ozone/ozonefs/target/log,UNAVAILABLE}
2019-09-12 11:35:58,233 [Thread-806] INFO  ozone.MiniOzoneClusterImpl (MiniOzoneClusterImpl.java:stop(344)) - Shutting the HddsDatanodes
2019-09-12 11:35:58,233 [Thread-806] INFO  datanode.ObjectStoreHandler (ObjectStoreHandler.java:close(155)) - Closing ObjectStoreHandler.
2019-09-12 11:35:58,233 [ForkJoinPool.commonPool-worker-0] INFO  datanode.ObjectStoreHandler (ObjectStoreHandler.java:close(155)) - Closing ObjectStoreHandler.
2019-09-12 11:35:58,233 [Thread-806] INFO  ozone.HddsDatanodeService (HddsDatanodeService.java:stop(451)) - Stopped plug-in org.apache.hadoop.ozone.web.OzoneHddsDatanodeService@b24e324
2019-09-12 11:35:58,234 [ForkJoinPool.commonPool-worker-0] INFO  ozone.HddsDatanodeService (HddsDatanodeService.java:stop(451)) - Stopped plug-in org.apache.hadoop.ozone.web.OzoneHddsDatanodeService@66ab8462
2019-09-12 11:35:59,433 [Datanode State Machine Thread - 0] INFO  statemachine.DatanodeStateMachine (DatanodeStateMachine.java:lambda$startDaemon$0(350)) - Ozone container server started.
2019-09-12 11:35:59,650 [Datanode State Machine Thread - 0] INFO  statemachine.DatanodeStateMachine (DatanodeStateMachine.java:lambda$startDaemon$0(350)) - Ozone container server started.
2019-09-12 11:35:59,858 | INFO  | SCMAudit | user=jenkins1000 | ip=192.168.36.114 | op=SEND_HEARTBEAT {datanodeUUID=432584d5-88c8-490c-9346-3a88872a0c9f, command=[]} | ret=SUCCESS |  
2019-09-12 11:36:00,442 [Thread-978] INFO  container.ReplicationManager (ReplicationManager.java:start(151)) - Starting Replication Monitor Thread.
2019-09-12 11:36:00,445 [ReplicationMonitor] INFO  container.ReplicationManager (ReplicationManager.java:run(214)) - Replication Monitor Thread took 0 milliseconds for processing 0 containers.
2019-09-12 11:36:00,859 | INFO  | SCMAudit | user=jenkins1000 | ip=192.168.36.114 | op=SEND_HEARTBEAT {datanodeUUID=432584d5-88c8-490c-9346-3a88872a0c9f, command=[]} | ret=SUCCESS |  
2019-09-12 11:36:01,858 | INFO  | SCMAudit | user=jenkins1000 | ip=192.168.36.114 | op=SEND_HEARTBEAT {datanodeUUID=432584d5-88c8-490c-9346-3a88872a0c9f, command=[]} | ret=SUCCESS |  
2019-09-12 11:36:02,628 [Thread-986] INFO  impl.FollowerState (FollowerState.java:run(106)) - 6661f358-369a-4112-b2ad-dc5770b37a80:group-003A0DA5AF56 changes to CANDIDATE, lastRpcTime:5064, electionTimeout:5064ms
2019-09-12 11:36:02,628 [Thread-986] INFO  impl.RoleInfo (RoleInfo.java:shutdownFollowerState(121)) - 6661f358-369a-4112-b2ad-dc5770b37a80: shutdown FollowerState
2019-09-12 11:36:02,629 [Thread-986] INFO  impl.RaftServerImpl (RaftServerImpl.java:setRole(171)) - 6661f358-369a-4112-b2ad-dc5770b37a80:group-003A0DA5AF56 changes role from FOLLOWER to CANDIDATE at term 0 for changeToCandidate
2019-09-12 11:36:02,629 [Thread-986] INFO  impl.RoleInfo (RoleInfo.java:updateAndGet(143)) - 6661f358-369a-4112-b2ad-dc5770b37a80: start LeaderElection
2019-09-12 11:36:02,646 [6661f358-369a-4112-b2ad-dc5770b37a80:group-003A0DA5AF56:LeaderElection55] INFO  impl.LeaderElection (LeaderElection.java:askForVotes(181)) - 6661f358-369a-4112-b2ad-dc5770b37a80:group-003A0DA5AF56:LeaderElection55: begin an election at term 1 for -1: [6661f358-369a-4112-b2ad-dc5770b37a80:192.168.36.114:35869], old=null
2019-09-12 11:36:02,646 [6661f358-369a-4112-b2ad-dc5770b37a80:group-003A0DA5AF56:LeaderElection55] INFO  impl.RoleInfo (RoleInfo.java:shutdownLeaderElection(134)) - 6661f358-369a-4112-b2ad-dc5770b37a80: shutdown LeaderElection
2019-09-12 11:36:02,646 [6661f358-369a-4112-b2ad-dc5770b37a80:group-003A0DA5AF56:LeaderElection55] INFO  impl.RaftServerImpl (RaftServerImpl.java:setRole(171)) - 6661f358-369a-4112-b2ad-dc5770b37a80:group-003A0DA5AF56 changes role from CANDIDATE to LEADER at term 1 for changeToLeader
2019-09-12 11:36:02,647 [6661f358-369a-4112-b2ad-dc5770b37a80:group-003A0DA5AF56:LeaderElection55] INFO  impl.RaftServerImpl (ServerState.java:setLeader(263)) - 6661f358-369a-4112-b2ad-dc5770b37a80:group-003A0DA5AF56 change Leader from null to 6661f358-369a-4112-b2ad-dc5770b37a80 at term 1 for becomeLeader, leader elected after 5085ms
2019-09-12 11:36:02,647 [6661f358-369a-4112-b2ad-dc5770b37a80:group-003A0DA5AF56:LeaderElection55] INFO  server.RaftServerConfigKeys (ConfUtils.java:logGet(43)) - raft.server.staging.catchup.gap = 1000 (default)
2019-09-12 11:36:02,647 [6661f358-369a-4112-b2ad-dc5770b37a80:group-003A0DA5AF56:LeaderElection55] INFO  server.RaftServerConfigKeys (ConfUtils.java:logGet(43)) - raft.server.rpc.sleep.time = 25ms (default)
2019-09-12 11:36:02,647 [6661f358-369a-4112-b2ad-dc5770b37a80:group-003A0DA5AF56:LeaderElection55] INFO  server.RaftServerConfigKeys (ConfUtils.java:logGet(43)) - raft.server.write.element-limit = 4096 (default)
2019-09-12 11:36:02,648 [6661f358-369a-4112-b2ad-dc5770b37a80:group-003A0DA5AF56:LeaderElection55] INFO  server.RaftServerConfigKeys (ConfUtils.java:logGet(43)) - raft.server.watch.timeout = 10s (default)
2019-09-12 11:36:02,648 [6661f358-369a-4112-b2ad-dc5770b37a80:group-003A0DA5AF56:LeaderElection55] INFO  server.RaftServerConfigKeys (ConfUtils.java:logGet(43)) - raft.server.watch.timeout.denomination = 1s (default)
2019-09-12 11:36:02,648 [6661f358-369a-4112-b2ad-dc5770b37a80:group-003A0DA5AF56:LeaderElection55] INFO  server.RaftServerConfigKeys (ConfUtils.java:logGet(43)) - raft.server.watch.element-limit = 65536 (default)
2019-09-12 11:36:02,648 [6661f358-369a-4112-b2ad-dc5770b37a80:group-003A0DA5AF56:LeaderElection55] INFO  impl.RoleInfo (RoleInfo.java:updateAndGet(143)) - 6661f358-369a-4112-b2ad-dc5770b37a80: start LeaderState
2019-09-12 11:36:02,649 [6661f358-369a-4112-b2ad-dc5770b37a80:group-003A0DA5AF56:LeaderElection55] INFO  segmented.SegmentedRaftLogWorker (SegmentedRaftLogWorker.java:startLogSegment(380)) - 6661f358-369a-4112-b2ad-dc5770b37a80-SegmentedRaftLogWorker:Storage Directory /workdir/hadoop-ozone/ozonefs/target/test-dir/MiniOzoneClusterImpl-bec828f4-ba15-4d3e-832d-771921fb3a31/datanode-0/data/ratis/ef60c090-f247-40ea-9e29-003a0da5af56: Starting segment from index:0
2019-09-12 11:36:02,650 [6661f358-369a-4112-b2ad-dc5770b37a80:group-003A0DA5AF56:LeaderElection55] INFO  impl.RaftServerImpl (ServerState.java:setRaftConf(361)) - 6661f358-369a-4112-b2ad-dc5770b37a80:group-003A0DA5AF56 set configuration 0: [6661f358-369a-4112-b2ad-dc5770b37a80:192.168.36.114:35869], old=null at 0
2019-09-12 11:36:02,656 [Thread-980] INFO  impl.FollowerState (FollowerState.java:run(106)) - 6661f358-369a-4112-b2ad-dc5770b37a80:group-EDF16888BB61 changes to CANDIDATE, lastRpcTime:5172, electionTimeout:5172ms
2019-09-12 11:36:02,656 [Thread-980] INFO  impl.RoleInfo (RoleInfo.java:shutdownFollowerState(121)) - 6661f358-369a-4112-b2ad-dc5770b37a80: shutdown FollowerState
2019-09-12 11:36:02,656 [Thread-980] INFO  impl.RaftServerImpl (RaftServerImpl.java:setRole(171)) - 6661f358-369a-4112-b2ad-dc5770b37a80:group-EDF16888BB61 changes role from FOLLOWER to CANDIDATE at term 0 for changeToCandidate
2019-09-12 11:36:02,656 [Thread-980] INFO  impl.RoleInfo (RoleInfo.java:updateAndGet(143)) - 6661f358-369a-4112-b2ad-dc5770b37a80: start LeaderElection
2019-09-12 11:36:02,690 [Thread-992] INFO  impl.FollowerState (FollowerState.java:run(106)) - 6661f358-369a-4112-b2ad-dc5770b37a80:group-6269E65B7335 changes to CANDIDATE, lastRpcTime:5061, electionTimeout:5037ms
2019-09-12 11:36:02,690 [Thread-992] INFO  impl.RoleInfo (RoleInfo.java:shutdownFollowerState(121)) - 6661f358-369a-4112-b2ad-dc5770b37a80: shutdown FollowerState
2019-09-12 11:36:02,690 [Thread-992] INFO  impl.RaftServerImpl (RaftServerImpl.java:setRole(171)) - 6661f358-369a-4112-b2ad-dc5770b37a80:group-6269E65B7335 changes role from FOLLOWER to CANDIDATE at term 0 for changeToCandidate
2019-09-12 11:36:02,691 [Thread-992] INFO  impl.RoleInfo (RoleInfo.java:updateAndGet(143)) - 6661f358-369a-4112-b2ad-dc5770b37a80: start LeaderElection
2019-09-12 11:36:02,692 [Thread-983] INFO  impl.FollowerState (FollowerState.java:run(106)) - 6661f358-369a-4112-b2ad-dc5770b37a80:group-B361FA8E1E04 changes to CANDIDATE, lastRpcTime:5169, electionTimeout:5168ms
2019-09-12 11:36:02,693 [Thread-983] INFO  impl.RoleInfo (RoleInfo.java:shutdownFollowerState(121)) - 6661f358-369a-4112-b2ad-dc5770b37a80: shutdown FollowerState
2019-09-12 11:36:02,693 [Thread-983] INFO  impl.RaftServerImpl (RaftServerImpl.java:setRole(171)) - 6661f358-369a-4112-b2ad-dc5770b37a80:group-B361FA8E1E04 changes role from FOLLOWER to CANDIDATE at term 0 for changeToCandidate
2019-09-12 11:36:02,693 [Thread-983] INFO  impl.RoleInfo (RoleInfo.java:updateAndGet(143)) - 6661f358-369a-4112-b2ad-dc5770b37a80: start LeaderElection
2019-09-12 11:36:02,705 [6661f358-369a-4112-b2ad-dc5770b37a80-SegmentedRaftLogWorker:Storage Directory /workdir/hadoop-ozone/ozonefs/target/test-dir/MiniOzoneClusterImpl-bec828f4-ba15-4d3e-832d-771921fb3a31/datanode-0/data/ratis/ef60c090-f247-40ea-9e29-003a0da5af56] INFO  segmented.SegmentedRaftLogWorker (SegmentedRaftLogWorker.java:execute(569)) - 6661f358-369a-4112-b2ad-dc5770b37a80-SegmentedRaftLogWorker:Storage Directory /workdir/hadoop-ozone/ozonefs/target/test-dir/MiniOzoneClusterImpl-bec828f4-ba15-4d3e-832d-771921fb3a31/datanode-0/data/ratis/ef60c090-f247-40ea-9e29-003a0da5af56: created new log segment /workdir/hadoop-ozone/ozonefs/target/test-dir/MiniOzoneClusterImpl-bec828f4-ba15-4d3e-832d-771921fb3a31/datanode-0/data/ratis/ef60c090-f247-40ea-9e29-003a0da5af56/current/log_inprogress_0
2019-09-12 11:36:02,705 [6661f358-369a-4112-b2ad-dc5770b37a80:group-6269E65B7335:LeaderElection57] INFO  impl.LeaderElection (LeaderElection.java:askForVotes(181)) - 6661f358-369a-4112-b2ad-dc5770b37a80:group-6269E65B7335:LeaderElection57: begin an election at term 1 for -1: [6661f358-369a-4112-b2ad-dc5770b37a80:192.168.36.114:35869], old=null
2019-09-12 11:36:02,705 [6661f358-369a-4112-b2ad-dc5770b37a80:group-EDF16888BB61:LeaderElection56] INFO  impl.LeaderElection (LeaderElection.java:askForVotes(181)) - 6661f358-369a-4112-b2ad-dc5770b37a80:group-EDF16888BB61:LeaderElection56: begin an election at term 1 for -1: [6661f358-369a-4112-b2ad-dc5770b37a80:192.168.36.114:35869], old=null
2019-09-12 11:36:02,705 [6661f358-369a-4112-b2ad-dc5770b37a80:group-B361FA8E1E04:LeaderElection58] INFO  impl.LeaderElection (LeaderElection.java:askForVotes(181)) - 6661f358-369a-4112-b2ad-dc5770b37a80:group-B361FA8E1E04:LeaderElection58: begin an election at term 1 for -1: [6661f358-369a-4112-b2ad-dc5770b37a80:192.168.36.114:35869], old=null
2019-09-12 11:36:02,706 [6661f358-369a-4112-b2ad-dc5770b37a80:group-EDF16888BB61:LeaderElection56] INFO  impl.RoleInfo (RoleInfo.java:shutdownLeaderElection(134)) - 6661f358-369a-4112-b2ad-dc5770b37a80: shutdown LeaderElection
2019-09-12 11:36:02,706 [6661f358-369a-4112-b2ad-dc5770b37a80:group-6269E65B7335:LeaderElection57] INFO  impl.RoleInfo (RoleInfo.java:shutdownLeaderElection(134)) - 6661f358-369a-4112-b2ad-dc5770b37a80: shutdown LeaderElection
2019-09-12 11:36:02,706 [6661f358-369a-4112-b2ad-dc5770b37a80:group-EDF16888BB61:LeaderElection56] INFO  impl.RaftServerImpl (RaftServerImpl.java:setRole(171)) - 6661f358-369a-4112-b2ad-dc5770b37a80:group-EDF16888BB61 changes role from CANDIDATE to LEADER at term 1 for changeToLeader
2019-09-12 11:36:02,706 [6661f358-369a-4112-b2ad-dc5770b37a80:group-B361FA8E1E04:LeaderElection58] INFO  impl.RoleInfo (RoleInfo.java:shutdownLeaderElection(134)) - 6661f358-369a-4112-b2ad-dc5770b37a80: shutdown LeaderElection
2019-09-12 11:36:02,706 [6661f358-369a-4112-b2ad-dc5770b37a80:group-EDF16888BB61:LeaderElection56] INFO  impl.RaftServerImpl (ServerState.java:setLeader(263)) - 6661f358-369a-4112-b2ad-dc5770b37a80:group-EDF16888BB61 change Leader from null to 6661f358-369a-4112-b2ad-dc5770b37a80 at term 1 for becomeLeader, leader elected after 5226ms
2019-09-12 11:36:02,706 [6661f358-369a-4112-b2ad-dc5770b37a80:group-6269E65B7335:LeaderElection57] INFO  impl.RaftServerImpl (RaftServerImpl.java:setRole(171)) - 6661f358-369a-4112-b2ad-dc5770b37a80:group-6269E65B7335 changes role from CANDIDATE to LEADER at term 1 for changeToLeader
2019-09-12 11:36:02,706 [6661f358-369a-4112-b2ad-dc5770b37a80:group-EDF16888BB61:LeaderElection56] INFO  server.RaftServerConfigKeys (ConfUtils.java:logGet(43)) - raft.server.staging.catchup.gap = 1000 (default)
2019-09-12 11:36:02,706 [6661f358-369a-4112-b2ad-dc5770b37a80:group-B361FA8E1E04:LeaderElection58] INFO  impl.RaftServerImpl (RaftServerImpl.java:setRole(171)) - 6661f358-369a-4112-b2ad-dc5770b37a80:group-B361FA8E1E04 changes role from CANDIDATE to LEADER at term 1 for changeToLeader
2019-09-12 11:36:02,707 [6661f358-369a-4112-b2ad-dc5770b37a80:group-EDF16888BB61:LeaderElection56] INFO  server.RaftServerConfigKeys (ConfUtils.java:logGet(43)) - raft.server.rpc.sleep.time = 25ms (default)
2019-09-12 11:36:02,706 [6661f358-369a-4112-b2ad-dc5770b37a80:group-6269E65B7335:LeaderElection57] INFO  impl.RaftServerImpl (ServerState.java:setLeader(263)) - 6661f358-369a-4112-b2ad-dc5770b37a80:group-6269E65B7335 change Leader from null to 6661f358-369a-4112-b2ad-dc5770b37a80 at term 1 for becomeLeader, leader elected after 5080ms
2019-09-12 11:36:02,707 [6661f358-369a-4112-b2ad-dc5770b37a80:group-EDF16888BB61:LeaderElection56] INFO  server.RaftServerConfigKeys (ConfUtils.java:logGet(43)) - raft.server.write.element-limit = 4096 (default)
2019-09-12 11:36:02,707 [6661f358-369a-4112-b2ad-dc5770b37a80:group-B361FA8E1E04:LeaderElection58] INFO  impl.RaftServerImpl (ServerState.java:setLeader(263)) - 6661f358-369a-4112-b2ad-dc5770b37a80:group-B361FA8E1E04 change Leader from null to 6661f358-369a-4112-b2ad-dc5770b37a80 at term 1 for becomeLeader, leader elected after 5186ms
2019-09-12 11:36:02,707 [6661f358-369a-4112-b2ad-dc5770b37a80:group-EDF16888BB61:LeaderElection56] INFO  server.RaftServerConfigKeys (ConfUtils.java:logGet(43)) - raft.server.watch.timeout = 10s (default)
2019-09-12 11:36:02,707 [6661f358-369a-4112-b2ad-dc5770b37a80:group-6269E65B7335:LeaderElection57] INFO  server.RaftServerConfigKeys (ConfUtils.java:logGet(43)) - raft.server.staging.catchup.gap = 1000 (default)
2019-09-12 11:36:02,707 [6661f358-369a-4112-b2ad-dc5770b37a80:group-EDF16888BB61:LeaderElection56] INFO  server.RaftServerConfigKeys (ConfUtils.java:logGet(43)) - raft.server.watch.timeout.denomination = 1s (default)
2019-09-12 11:36:02,707 [6661f358-369a-4112-b2ad-dc5770b37a80:group-B361FA8E1E04:LeaderElection58] INFO  server.RaftServerConfigKeys (ConfUtils.java:logGet(43)) - raft.server.staging.catchup.gap = 1000 (default)
2019-09-12 11:36:02,708 [6661f358-369a-4112-b2ad-dc5770b37a80:group-EDF16888BB61:LeaderElection56] INFO  server.RaftServerConfigKeys (ConfUtils.java:logGet(43)) - raft.server.watch.element-limit = 65536 (default)
2019-09-12 11:36:02,708 [6661f358-369a-4112-b2ad-dc5770b37a80:group-6269E65B7335:LeaderElection57] INFO  server.RaftServerConfigKeys (ConfUtils.java:logGet(43)) - raft.server.rpc.sleep.time = 25ms (default)
2019-09-12 11:36:02,708 [6661f358-369a-4112-b2ad-dc5770b37a80:group-B361FA8E1E04:LeaderElection58] INFO  server.RaftServerConfigKeys (ConfUtils.java:logGet(43)) - raft.server.rpc.sleep.time = 25ms (default)
2019-09-12 11:36:02,708 [6661f358-369a-4112-b2ad-dc5770b37a80:group-6269E65B7335:LeaderElection57] INFO  server.RaftServerConfigKeys (ConfUtils.java:logGet(43)) - raft.server.write.element-limit = 4096 (default)
2019-09-12 11:36:02,708 [6661f358-369a-4112-b2ad-dc5770b37a80:group-EDF16888BB61:LeaderElection56] INFO  impl.RoleInfo (RoleInfo.java:updateAndGet(143)) - 6661f358-369a-4112-b2ad-dc5770b37a80: start LeaderState
2019-09-12 11:36:02,708 [6661f358-369a-4112-b2ad-dc5770b37a80:group-6269E65B7335:LeaderElection57] INFO  server.RaftServerConfigKeys (ConfUtils.java:logGet(43)) - raft.server.watch.timeout = 10s (default)
2019-09-12 11:36:02,708 [6661f358-369a-4112-b2ad-dc5770b37a80:group-B361FA8E1E04:LeaderElection58] INFO  server.RaftServerConfigKeys (ConfUtils.java:logGet(43)) - raft.server.write.element-limit = 4096 (default)
2019-09-12 11:36:02,709 [6661f358-369a-4112-b2ad-dc5770b37a80:group-EDF16888BB61:LeaderElection56] INFO  segmented.SegmentedRaftLogWorker (SegmentedRaftLogWorker.java:startLogSegment(380)) - 6661f358-369a-4112-b2ad-dc5770b37a80-SegmentedRaftLogWorker:Storage Directory /workdir/hadoop-ozone/ozonefs/target/test-dir/MiniOzoneClusterImpl-bec828f4-ba15-4d3e-832d-771921fb3a31/datanode-0/data/ratis/e778e859-20a9-4a36-b060-edf16888bb61: Starting segment from index:0
2019-09-12 11:36:02,709 [6661f358-369a-4112-b2ad-dc5770b37a80:group-6269E65B7335:LeaderElection57] INFO  server.RaftServerConfigKeys (ConfUtils.java:logGet(43)) - raft.server.watch.timeout.denomination = 1s (default)
2019-09-12 11:36:02,709 [6661f358-369a-4112-b2ad-dc5770b37a80:group-B361FA8E1E04:LeaderElection58] INFO  server.RaftServerConfigKeys (ConfUtils.java:logGet(43)) - raft.server.watch.timeout = 10s (default)
2019-09-12 11:36:02,709 [6661f358-369a-4112-b2ad-dc5770b37a80:group-6269E65B7335:LeaderElection57] INFO  server.RaftServerConfigKeys (ConfUtils.java:logGet(43)) - raft.server.watch.element-limit = 65536 (default)
2019-09-12 11:36:02,709 [6661f358-369a-4112-b2ad-dc5770b37a80:group-B361FA8E1E04:LeaderElection58] INFO  server.RaftServerConfigKeys (ConfUtils.java:logGet(43)) - raft.server.watch.timeout.denomination = 1s (default)
2019-09-12 11:36:02,710 [6661f358-369a-4112-b2ad-dc5770b37a80:group-6269E65B7335:LeaderElection57] INFO  impl.RoleInfo (RoleInfo.java:updateAndGet(143)) - 6661f358-369a-4112-b2ad-dc5770b37a80: start LeaderState
2019-09-12 11:36:02,709 [6661f358-369a-4112-b2ad-dc5770b37a80:group-EDF16888BB61:LeaderElection56] INFO  impl.RaftServerImpl (ServerState.java:setRaftConf(361)) - 6661f358-369a-4112-b2ad-dc5770b37a80:group-EDF16888BB61 set configuration 0: [6661f358-369a-4112-b2ad-dc5770b37a80:192.168.36.114:35869], old=null at 0
2019-09-12 11:36:02,710 [6661f358-369a-4112-b2ad-dc5770b37a80:group-B361FA8E1E04:LeaderElection58] INFO  server.RaftServerConfigKeys (ConfUtils.java:logGet(43)) - raft.server.watch.element-limit = 65536 (default)
2019-09-12 11:36:02,710 [6661f358-369a-4112-b2ad-dc5770b37a80:group-6269E65B7335:LeaderElection57] INFO  segmented.SegmentedRaftLogWorker (SegmentedRaftLogWorker.java:startLogSegment(380)) - 6661f358-369a-4112-b2ad-dc5770b37a80-SegmentedRaftLogWorker:Storage Directory /workdir/hadoop-ozone/ozonefs/target/test-dir/MiniOzoneClusterImpl-bec828f4-ba15-4d3e-832d-771921fb3a31/datanode-0/data/ratis/7aa196a5-64d7-4f6b-8d4a-6269e65b7335: Starting segment from index:0
2019-09-12 11:36:02,710 [6661f358-369a-4112-b2ad-dc5770b37a80:group-B361FA8E1E04:LeaderElection58] INFO  impl.RoleInfo (RoleInfo.java:updateAndGet(143)) - 6661f358-369a-4112-b2ad-dc5770b37a80: start LeaderState
2019-09-12 11:36:02,710 [6661f358-369a-4112-b2ad-dc5770b37a80:group-B361FA8E1E04:LeaderElection58] INFO  segmented.SegmentedRaftLogWorker (SegmentedRaftLogWorker.java:startLogSegment(380)) - 6661f358-369a-4112-b2ad-dc5770b37a80-SegmentedRaftLogWorker:Storage Directory /workdir/hadoop-ozone/ozonefs/target/test-dir/MiniOzoneClusterImpl-bec828f4-ba15-4d3e-832d-771921fb3a31/datanode-0/data/ratis/6ed381ba-6fed-44d2-88be-b361fa8e1e04: Starting segment from index:0
2019-09-12 11:36:02,711 [6661f358-369a-4112-b2ad-dc5770b37a80:group-6269E65B7335:LeaderElection57] INFO  impl.RaftServerImpl (ServerState.java:setRaftConf(361)) - 6661f358-369a-4112-b2ad-dc5770b37a80:group-6269E65B7335 set configuration 0: [6661f358-369a-4112-b2ad-dc5770b37a80:192.168.36.114:35869], old=null at 0
2019-09-12 11:36:02,711 [6661f358-369a-4112-b2ad-dc5770b37a80:group-B361FA8E1E04:LeaderElection58] INFO  impl.RaftServerImpl (ServerState.java:setRaftConf(361)) - 6661f358-369a-4112-b2ad-dc5770b37a80:group-B361FA8E1E04 set configuration 0: [6661f358-369a-4112-b2ad-dc5770b37a80:192.168.36.114:35869], old=null at 0
2019-09-12 11:36:02,717 [Thread-995] INFO  impl.FollowerState (FollowerState.java:run(106)) - 6661f358-369a-4112-b2ad-dc5770b37a80:group-1EDBEAA798BC changes to CANDIDATE, lastRpcTime:5067, electionTimeout:5067ms
2019-09-12 11:36:02,717 [Thread-995] INFO  impl.RoleInfo (RoleInfo.java:shutdownFollowerState(121)) - 6661f358-369a-4112-b2ad-dc5770b37a80: shutdown FollowerState
2019-09-12 11:36:02,718 [Thread-995] INFO  impl.RaftServerImpl (RaftServerImpl.java:setRole(171)) - 6661f358-369a-4112-b2ad-dc5770b37a80:group-1EDBEAA798BC changes role from FOLLOWER to CANDIDATE at term 0 for changeToCandidate
2019-09-12 11:36:02,718 [Thread-995] INFO  impl.RoleInfo (RoleInfo.java:updateAndGet(143)) - 6661f358-369a-4112-b2ad-dc5770b37a80: start LeaderElection
2019-09-12 11:36:02,755 [Thread-1001] INFO  impl.FollowerState (FollowerState.java:run(106)) - 6daa7f41-8dea-4799-8bce-e60ff6f7b764:group-1A5835F28A67 changes to CANDIDATE, lastRpcTime:5033, electionTimeout:5028ms
2019-09-12 11:36:02,755 [Thread-989] INFO  impl.FollowerState (FollowerState.java:run(106)) - 6661f358-369a-4112-b2ad-dc5770b37a80:group-9DC9ABD62F73 changes to CANDIDATE, lastRpcTime:5162, electionTimeout:5146ms
2019-09-12 11:36:02,755 [Thread-1001] INFO  impl.RoleInfo (RoleInfo.java:shutdownFollowerState(121)) - 6daa7f41-8dea-4799-8bce-e60ff6f7b764: shutdown FollowerState
2019-09-12 11:36:02,756 [Thread-989] INFO  impl.RoleInfo (RoleInfo.java:shutdownFollowerState(121)) - 6661f358-369a-4112-b2ad-dc5770b37a80: shutdown FollowerState
2019-09-12 11:36:02,756 [Thread-1001] INFO  impl.RaftServerImpl (RaftServerImpl.java:setRole(171)) - 6daa7f41-8dea-4799-8bce-e60ff6f7b764:group-1A5835F28A67 changes role from FOLLOWER to CANDIDATE at term 0 for changeToCandidate
2019-09-12 11:36:02,756 [Thread-989] INFO  impl.RaftServerImpl (RaftServerImpl.java:setRole(171)) - 6661f358-369a-4112-b2ad-dc5770b37a80:group-9DC9ABD62F73 changes role from FOLLOWER to CANDIDATE at term 0 for changeToCandidate
2019-09-12 11:36:02,756 [Thread-1001] INFO  impl.RoleInfo (RoleInfo.java:updateAndGet(143)) - 6daa7f41-8dea-4799-8bce-e60ff6f7b764: start LeaderElection
2019-09-12 11:36:02,756 [Thread-989] INFO  impl.RoleInfo (RoleInfo.java:updateAndGet(143)) - 6661f358-369a-4112-b2ad-dc5770b37a80: start LeaderElection
2019-09-12 11:36:02,760 [Thread-998] INFO  impl.FollowerState (FollowerState.java:run(106)) - 6daa7f41-8dea-4799-8bce-e60ff6f7b764:group-AF16D2F3BA25 changes to CANDIDATE, lastRpcTime:5073, electionTimeout:5073ms
2019-09-12 11:36:02,760 [Thread-998] INFO  impl.RoleInfo (RoleInfo.java:shutdownFollowerState(121)) - 6daa7f41-8dea-4799-8bce-e60ff6f7b764: shutdown FollowerState
2019-09-12 11:36:02,760 [Thread-998] INFO  impl.RaftServerImpl (RaftServerImpl.java:setRole(171)) - 6daa7f41-8dea-4799-8bce-e60ff6f7b764:group-AF16D2F3BA25 changes role from FOLLOWER to CANDIDATE at term 0 for changeToCandidate
2019-09-12 11:36:02,760 [Thread-998] INFO  impl.RoleInfo (RoleInfo.java:updateAndGet(143)) - 6daa7f41-8dea-4799-8bce-e60ff6f7b764: start LeaderElection
2019-09-12 11:36:02,780 [6661f358-369a-4112-b2ad-dc5770b37a80-SegmentedRaftLogWorker:Storage Directory /workdir/hadoop-ozone/ozonefs/target/test-dir/MiniOzoneClusterImpl-bec828f4-ba15-4d3e-832d-771921fb3a31/datanode-0/data/ratis/7aa196a5-64d7-4f6b-8d4a-6269e65b7335] INFO  segmented.SegmentedRaftLogWorker (SegmentedRaftLogWorker.java:execute(569)) - 6661f358-369a-4112-b2ad-dc5770b37a80-SegmentedRaftLogWorker:Storage Directory /workdir/hadoop-ozone/ozonefs/target/test-dir/MiniOzoneClusterImpl-bec828f4-ba15-4d3e-832d-771921fb3a31/datanode-0/data/ratis/7aa196a5-64d7-4f6b-8d4a-6269e65b7335: created new log segment /workdir/hadoop-ozone/ozonefs/target/test-dir/MiniOzoneClusterImpl-bec828f4-ba15-4d3e-832d-771921fb3a31/datanode-0/data/ratis/7aa196a5-64d7-4f6b-8d4a-6269e65b7335/current/log_inprogress_0
2019-09-12 11:36:02,780 [6661f358-369a-4112-b2ad-dc5770b37a80:group-9DC9ABD62F73:LeaderElection61] INFO  impl.LeaderElection (LeaderElection.java:askForVotes(181)) - 6661f358-369a-4112-b2ad-dc5770b37a80:group-9DC9ABD62F73:LeaderElection61: begin an election at term 1 for -1: [6661f358-369a-4112-b2ad-dc5770b37a80:192.168.36.114:35869], old=null
2019-09-12 11:36:02,780 [6daa7f41-8dea-4799-8bce-e60ff6f7b764:group-AF16D2F3BA25:LeaderElection62] INFO  impl.LeaderElection (LeaderElection.java:askForVotes(181)) - 6daa7f41-8dea-4799-8bce-e60ff6f7b764:group-AF16D2F3BA25:LeaderElection62: begin an election at term 1 for -1: [6daa7f41-8dea-4799-8bce-e60ff6f7b764:192.168.36.114:44429], old=null
2019-09-12 11:36:02,780 [6daa7f41-8dea-4799-8bce-e60ff6f7b764:group-1A5835F28A67:LeaderElection60] INFO  impl.LeaderElection (LeaderElection.java:askForVotes(181)) - 6daa7f41-8dea-4799-8bce-e60ff6f7b764:group-1A5835F28A67:LeaderElection60: begin an election at term 1 for -1: [6daa7f41-8dea-4799-8bce-e60ff6f7b764:192.168.36.114:44429], old=null
2019-09-12 11:36:02,780 [6661f358-369a-4112-b2ad-dc5770b37a80:group-1EDBEAA798BC:LeaderElection59] INFO  impl.LeaderElection (LeaderElection.java:askForVotes(181)) - 6661f358-369a-4112-b2ad-dc5770b37a80:group-1EDBEAA798BC:LeaderElection59: begin an election at term 1 for -1: [6661f358-369a-4112-b2ad-dc5770b37a80:192.168.36.114:35869], old=null
2019-09-12 11:36:02,780 [6661f358-369a-4112-b2ad-dc5770b37a80-SegmentedRaftLogWorker:Storage Directory /workdir/hadoop-ozone/ozonefs/target/test-dir/MiniOzoneClusterImpl-bec828f4-ba15-4d3e-832d-771921fb3a31/datanode-0/data/ratis/6ed381ba-6fed-44d2-88be-b361fa8e1e04] INFO  segmented.SegmentedRaftLogWorker (SegmentedRaftLogWorker.java:execute(569)) - 6661f358-369a-4112-b2ad-dc5770b37a80-SegmentedRaftLogWorker:Storage Directory /workdir/hadoop-ozone/ozonefs/target/test-dir/MiniOzoneClusterImpl-bec828f4-ba15-4d3e-832d-771921fb3a31/datanode-0/data/ratis/6ed381ba-6fed-44d2-88be-b361fa8e1e04: created new log segment /workdir/hadoop-ozone/ozonefs/target/test-dir/MiniOzoneClusterImpl-bec828f4-ba15-4d3e-832d-771921fb3a31/datanode-0/data/ratis/6ed381ba-6fed-44d2-88be-b361fa8e1e04/current/log_inprogress_0
2019-09-12 11:36:02,780 [6661f358-369a-4112-b2ad-dc5770b37a80-SegmentedRaftLogWorker:Storage Directory /workdir/hadoop-ozone/ozonefs/target/test-dir/MiniOzoneClusterImpl-bec828f4-ba15-4d3e-832d-771921fb3a31/datanode-0/data/ratis/e778e859-20a9-4a36-b060-edf16888bb61] INFO  segmented.SegmentedRaftLogWorker (SegmentedRaftLogWorker.java:execute(569)) - 6661f358-369a-4112-b2ad-dc5770b37a80-SegmentedRaftLogWorker:Storage Directory /workdir/hadoop-ozone/ozonefs/target/test-dir/MiniOzoneClusterImpl-bec828f4-ba15-4d3e-832d-771921fb3a31/datanode-0/data/ratis/e778e859-20a9-4a36-b060-edf16888bb61: created new log segment /workdir/hadoop-ozone/ozonefs/target/test-dir/MiniOzoneClusterImpl-bec828f4-ba15-4d3e-832d-771921fb3a31/datanode-0/data/ratis/e778e859-20a9-4a36-b060-edf16888bb61/current/log_inprogress_0
2019-09-12 11:36:02,781 [6661f358-369a-4112-b2ad-dc5770b37a80:group-1EDBEAA798BC:LeaderElection59] INFO  impl.RoleInfo (RoleInfo.java:shutdownLeaderElection(134)) - 6661f358-369a-4112-b2ad-dc5770b37a80: shutdown LeaderElection
2019-09-12 11:36:02,781 [6daa7f41-8dea-4799-8bce-e60ff6f7b764:group-1A5835F28A67:LeaderElection60] INFO  impl.RoleInfo (RoleInfo.java:shutdownLeaderElection(134)) - 6daa7f41-8dea-4799-8bce-e60ff6f7b764: shutdown LeaderElection
2019-09-12 11:36:02,782 [6daa7f41-8dea-4799-8bce-e60ff6f7b764:group-1A5835F28A67:LeaderElection60] INFO  impl.RaftServerImpl (RaftServerImpl.java:setRole(171)) - 6daa7f41-8dea-4799-8bce-e60ff6f7b764:group-1A5835F28A67 changes role from CANDIDATE to LEADER at term 1 for changeToLeader
2019-09-12 11:36:02,781 [6daa7f41-8dea-4799-8bce-e60ff6f7b764:group-AF16D2F3BA25:LeaderElection62] INFO  impl.RoleInfo (RoleInfo.java:shutdownLeaderElection(134)) - 6daa7f41-8dea-4799-8bce-e60ff6f7b764: shutdown LeaderElection
2019-09-12 11:36:02,782 [6daa7f41-8dea-4799-8bce-e60ff6f7b764:group-AF16D2F3BA25:LeaderElection62] INFO  impl.RaftServerImpl (RaftServerImpl.java:setRole(171)) - 6daa7f41-8dea-4799-8bce-e60ff6f7b764:group-AF16D2F3BA25 changes role from CANDIDATE to LEADER at term 1 for changeToLeader
2019-09-12 11:36:02,781 [6661f358-369a-4112-b2ad-dc5770b37a80:group-9DC9ABD62F73:LeaderElection61] INFO  impl.RoleInfo (RoleInfo.java:shutdownLeaderElection(134)) - 6661f358-369a-4112-b2ad-dc5770b37a80: shutdown LeaderElection
2019-09-12 11:36:02,782 [6daa7f41-8dea-4799-8bce-e60ff6f7b764:group-AF16D2F3BA25:LeaderElection62] INFO  impl.RaftServerImpl (ServerState.java:setLeader(263)) - 6daa7f41-8dea-4799-8bce-e60ff6f7b764:group-AF16D2F3BA25 change Leader from null to 6daa7f41-8dea-4799-8bce-e60ff6f7b764 at term 1 for becomeLeader, leader elected after 5098ms
2019-09-12 11:36:02,782 [6daa7f41-8dea-4799-8bce-e60ff6f7b764:group-1A5835F28A67:LeaderElection60] INFO  impl.RaftServerImpl (ServerState.java:setLeader(263)) - 6daa7f41-8dea-4799-8bce-e60ff6f7b764:group-1A5835F28A67 change Leader from null to 6daa7f41-8dea-4799-8bce-e60ff6f7b764 at term 1 for becomeLeader, leader elected after 5063ms
2019-09-12 11:36:02,781 [6661f358-369a-4112-b2ad-dc5770b37a80:group-1EDBEAA798BC:LeaderElection59] INFO  impl.RaftServerImpl (RaftServerImpl.java:setRole(171)) - 6661f358-369a-4112-b2ad-dc5770b37a80:group-1EDBEAA798BC changes role from CANDIDATE to LEADER at term 1 for changeToLeader
2019-09-12 11:36:02,783 [6daa7f41-8dea-4799-8bce-e60ff6f7b764:group-1A5835F28A67:LeaderElection60] INFO  server.RaftServerConfigKeys (ConfUtils.java:logGet(43)) - raft.server.staging.catchup.gap = 1000 (default)
2019-09-12 11:36:02,782 [6daa7f41-8dea-4799-8bce-e60ff6f7b764:group-AF16D2F3BA25:LeaderElection62] INFO  server.RaftServerConfigKeys (ConfUtils.java:logGet(43)) - raft.server.staging.catchup.gap = 1000 (default)
2019-09-12 11:36:02,782 [6661f358-369a-4112-b2ad-dc5770b37a80:group-9DC9ABD62F73:LeaderElection61] INFO  impl.RaftServerImpl (RaftServerImpl.java:setRole(171)) - 6661f358-369a-4112-b2ad-dc5770b37a80:group-9DC9ABD62F73 changes role from CANDIDATE to LEADER at term 1 for changeToLeader
2019-09-12 11:36:02,783 [6daa7f41-8dea-4799-8bce-e60ff6f7b764:group-AF16D2F3BA25:LeaderElection62] INFO  server.RaftServerConfigKeys (ConfUtils.java:logGet(43)) - raft.server.rpc.sleep.time = 25ms (default)
2019-09-12 11:36:02,783 [6daa7f41-8dea-4799-8bce-e60ff6f7b764:group-1A5835F28A67:LeaderElection60] INFO  server.RaftServerConfigKeys (ConfUtils.java:logGet(43)) - raft.server.rpc.sleep.time = 25ms (default)
2019-09-12 11:36:02,783 [6661f358-369a-4112-b2ad-dc5770b37a80:group-1EDBEAA798BC:LeaderElection59] INFO  impl.RaftServerImpl (ServerState.java:setLeader(263)) - 6661f358-369a-4112-b2ad-dc5770b37a80:group-1EDBEAA798BC change Leader from null to 6661f358-369a-4112-b2ad-dc5770b37a80 at term 1 for becomeLeader, leader elected after 5136ms
2019-09-12 11:36:02,783 [6daa7f41-8dea-4799-8bce-e60ff6f7b764:group-1A5835F28A67:LeaderElection60] INFO  server.RaftServerConfigKeys (ConfUtils.java:logGet(43)) - raft.server.write.element-limit = 4096 (default)
2019-09-12 11:36:02,783 [6daa7f41-8dea-4799-8bce-e60ff6f7b764:group-AF16D2F3BA25:LeaderElection62] INFO  server.RaftServerConfigKeys (ConfUtils.java:logGet(43)) - raft.server.write.element-limit = 4096 (default)
2019-09-12 11:36:02,783 [6661f358-369a-4112-b2ad-dc5770b37a80:group-9DC9ABD62F73:LeaderElection61] INFO  impl.RaftServerImpl (ServerState.java:setLeader(263)) - 6661f358-369a-4112-b2ad-dc5770b37a80:group-9DC9ABD62F73 change Leader from null to 6661f358-369a-4112-b2ad-dc5770b37a80 at term 1 for becomeLeader, leader elected after 5193ms
2019-09-12 11:36:02,784 [6daa7f41-8dea-4799-8bce-e60ff6f7b764:group-AF16D2F3BA25:LeaderElection62] INFO  server.RaftServerConfigKeys (ConfUtils.java:logGet(43)) - raft.server.watch.timeout = 10s (default)
2019-09-12 11:36:02,784 [6daa7f41-8dea-4799-8bce-e60ff6f7b764:group-1A5835F28A67:LeaderElection60] INFO  server.RaftServerConfigKeys (ConfUtils.java:logGet(43)) - raft.server.watch.timeout = 10s (default)
2019-09-12 11:36:02,784 [6661f358-369a-4112-b2ad-dc5770b37a80:group-1EDBEAA798BC:LeaderElection59] INFO  server.RaftServerConfigKeys (ConfUtils.java:logGet(43)) - raft.server.staging.catchup.gap = 1000 (default)
2019-09-12 11:36:02,784 [6daa7f41-8dea-4799-8bce-e60ff6f7b764:group-1A5835F28A67:LeaderElection60] INFO  server.RaftServerConfigKeys (ConfUtils.java:logGet(43)) - raft.server.watch.timeout.denomination = 1s (default)
2019-09-12 11:36:02,784 [6daa7f41-8dea-4799-8bce-e60ff6f7b764:group-AF16D2F3BA25:LeaderElection62] INFO  server.RaftServerConfigKeys (ConfUtils.java:logGet(43)) - raft.server.watch.timeout.denomination = 1s (default)
2019-09-12 11:36:02,784 [6661f358-369a-4112-b2ad-dc5770b37a80:group-9DC9ABD62F73:LeaderElection61] INFO  server.RaftServerConfigKeys (ConfUtils.java:logGet(43)) - raft.server.staging.catchup.gap = 1000 (default)
2019-09-12 11:36:02,785 [6daa7f41-8dea-4799-8bce-e60ff6f7b764:group-AF16D2F3BA25:LeaderElection62] INFO  server.RaftServerConfigKeys (ConfUtils.java:logGet(43)) - raft.server.watch.element-limit = 65536 (default)
2019-09-12 11:36:02,785 [6daa7f41-8dea-4799-8bce-e60ff6f7b764:group-1A5835F28A67:LeaderElection60] INFO  server.RaftServerConfigKeys (ConfUtils.java:logGet(43)) - raft.server.watch.element-limit = 65536 (default)
2019-09-12 11:36:02,785 [6661f358-369a-4112-b2ad-dc5770b37a80:group-1EDBEAA798BC:LeaderElection59] INFO  server.RaftServerConfigKeys (ConfUtils.java:logGet(43)) - raft.server.rpc.sleep.time = 25ms (default)
2019-09-12 11:36:02,785 [6daa7f41-8dea-4799-8bce-e60ff6f7b764:group-AF16D2F3BA25:LeaderElection62] INFO  impl.RoleInfo (RoleInfo.java:updateAndGet(143)) - 6daa7f41-8dea-4799-8bce-e60ff6f7b764: start LeaderState
2019-09-12 11:36:02,785 [6661f358-369a-4112-b2ad-dc5770b37a80:group-9DC9ABD62F73:LeaderElection61] INFO  server.RaftServerConfigKeys (ConfUtils.java:logGet(43)) - raft.server.rpc.sleep.time = 25ms (default)
2019-09-12 11:36:02,786 [6661f358-369a-4112-b2ad-dc5770b37a80:group-1EDBEAA798BC:LeaderElection59] INFO  server.RaftServerConfigKeys (ConfUtils.java:logGet(43)) - raft.server.write.element-limit = 4096 (default)
2019-09-12 11:36:02,785 [6daa7f41-8dea-4799-8bce-e60ff6f7b764:group-1A5835F28A67:LeaderElection60] INFO  impl.RoleInfo (RoleInfo.java:updateAndGet(143)) - 6daa7f41-8dea-4799-8bce-e60ff6f7b764: start LeaderState
2019-09-12 11:36:02,786 [6661f358-369a-4112-b2ad-dc5770b37a80:group-9DC9ABD62F73:LeaderElection61] INFO  server.RaftServerConfigKeys (ConfUtils.java:logGet(43)) - raft.server.write.element-limit = 4096 (default)
2019-09-12 11:36:02,786 [6661f358-369a-4112-b2ad-dc5770b37a80:group-1EDBEAA798BC:LeaderElection59] INFO  server.RaftServerConfigKeys (ConfUtils.java:logGet(43)) - raft.server.watch.timeout = 10s (default)
2019-09-12 11:36:02,786 [6daa7f41-8dea-4799-8bce-e60ff6f7b764:group-AF16D2F3BA25:LeaderElection62] INFO  segmented.SegmentedRaftLogWorker (SegmentedRaftLogWorker.java:startLogSegment(380)) - 6daa7f41-8dea-4799-8bce-e60ff6f7b764-SegmentedRaftLogWorker:Storage Directory /workdir/hadoop-ozone/ozonefs/target/test-dir/MiniOzoneClusterImpl-bec828f4-ba15-4d3e-832d-771921fb3a31/datanode-1/data/ratis/5b7d2add-3ecd-4082-a76b-af16d2f3ba25: Starting segment from index:0
2019-09-12 11:36:02,786 [6661f358-369a-4112-b2ad-dc5770b37a80:group-1EDBEAA798BC:LeaderElection59] INFO  server.RaftServerConfigKeys (ConfUtils.java:logGet(43)) - raft.server.watch.timeout.denomination = 1s (default)
2019-09-12 11:36:02,786 [6661f358-369a-4112-b2ad-dc5770b37a80:group-9DC9ABD62F73:LeaderElection61] INFO  server.RaftServerConfigKeys (ConfUtils.java:logGet(43)) - raft.server.watch.timeout = 10s (default)
2019-09-12 11:36:02,786 [6daa7f41-8dea-4799-8bce-e60ff6f7b764:group-1A5835F28A67:LeaderElection60] INFO  segmented.SegmentedRaftLogWorker (SegmentedRaftLogWorker.java:startLogSegment(380)) - 6daa7f41-8dea-4799-8bce-e60ff6f7b764-SegmentedRaftLogWorker:Storage Directory /workdir/hadoop-ozone/ozonefs/target/test-dir/MiniOzoneClusterImpl-bec828f4-ba15-4d3e-832d-771921fb3a31/datanode-1/data/ratis/c33df1a0-88cb-43a0-8e6b-1a5835f28a67: Starting segment from index:0
2019-09-12 11:36:02,787 [6daa7f41-8dea-4799-8bce-e60ff6f7b764:group-AF16D2F3BA25:LeaderElection62] INFO  impl.RaftServerImpl (ServerState.java:setRaftConf(361)) - 6daa7f41-8dea-4799-8bce-e60ff6f7b764:group-AF16D2F3BA25 set configuration 0: [6daa7f41-8dea-4799-8bce-e60ff6f7b764:192.168.36.114:44429], old=null at 0
2019-09-12 11:36:02,787 [6661f358-369a-4112-b2ad-dc5770b37a80:group-9DC9ABD62F73:LeaderElection61] INFO  server.RaftServerConfigKeys (ConfUtils.java:logGet(43)) - raft.server.watch.timeout.denomination = 1s (default)
2019-09-12 11:36:02,787 [6661f358-369a-4112-b2ad-dc5770b37a80:group-1EDBEAA798BC:LeaderElection59] INFO  server.RaftServerConfigKeys (ConfUtils.java:logGet(43)) - raft.server.watch.element-limit = 65536 (default)
2019-09-12 11:36:02,788 [6661f358-369a-4112-b2ad-dc5770b37a80:group-9DC9ABD62F73:LeaderElection61] INFO  server.RaftServerConfigKeys (ConfUtils.java:logGet(43)) - raft.server.watch.element-limit = 65536 (default)
2019-09-12 11:36:02,788 [6daa7f41-8dea-4799-8bce-e60ff6f7b764:group-1A5835F28A67:LeaderElection60] INFO  impl.RaftServerImpl (ServerState.java:setRaftConf(361)) - 6daa7f41-8dea-4799-8bce-e60ff6f7b764:group-1A5835F28A67 set configuration 0: [6daa7f41-8dea-4799-8bce-e60ff6f7b764:192.168.36.114:44429], old=null at 0
2019-09-12 11:36:02,788 [6661f358-369a-4112-b2ad-dc5770b37a80:group-9DC9ABD62F73:LeaderElection61] INFO  impl.RoleInfo (RoleInfo.java:updateAndGet(143)) - 6661f358-369a-4112-b2ad-dc5770b37a80: start LeaderState
2019-09-12 11:36:02,788 [6661f358-369a-4112-b2ad-dc5770b37a80:group-1EDBEAA798BC:LeaderElection59] INFO  impl.RoleInfo (RoleInfo.java:updateAndGet(143)) - 6661f358-369a-4112-b2ad-dc5770b37a80: start LeaderState
2019-09-12 11:36:02,788 [6661f358-369a-4112-b2ad-dc5770b37a80:group-9DC9ABD62F73:LeaderElection61] INFO  segmented.SegmentedRaftLogWorker (SegmentedRaftLogWorker.java:startLogSegment(380)) - 6661f358-369a-4112-b2ad-dc5770b37a80-SegmentedRaftLogWorker:Storage Directory /workdir/hadoop-ozone/ozonefs/target/test-dir/MiniOzoneClusterImpl-bec828f4-ba15-4d3e-832d-771921fb3a31/datanode-0/data/ratis/87336bcb-f43d-4879-a3bf-9dc9abd62f73: Starting segment from index:0
2019-09-12 11:36:02,788 [6661f358-369a-4112-b2ad-dc5770b37a80:group-1EDBEAA798BC:LeaderElection59] INFO  segmented.SegmentedRaftLogWorker (SegmentedRaftLogWorker.java:startLogSegment(380)) - 6661f358-369a-4112-b2ad-dc5770b37a80-SegmentedRaftLogWorker:Storage Directory /workdir/hadoop-ozone/ozonefs/target/test-dir/MiniOzoneClusterImpl-bec828f4-ba15-4d3e-832d-771921fb3a31/datanode-0/data/ratis/4e3da3df-203b-4331-8dee-1edbeaa798bc: Starting segment from index:0
2019-09-12 11:36:02,789 [6661f358-369a-4112-b2ad-dc5770b37a80:group-9DC9ABD62F73:LeaderElection61] INFO  impl.RaftServerImpl (ServerState.java:setRaftConf(361)) - 6661f358-369a-4112-b2ad-dc5770b37a80:group-9DC9ABD62F73 set configuration 0: [6661f358-369a-4112-b2ad-dc5770b37a80:192.168.36.114:35869], old=null at 0
2019-09-12 11:36:02,789 [6661f358-369a-4112-b2ad-dc5770b37a80:group-1EDBEAA798BC:LeaderElection59] INFO  impl.RaftServerImpl (ServerState.java:setRaftConf(361)) - 6661f358-369a-4112-b2ad-dc5770b37a80:group-1EDBEAA798BC set configuration 0: [6661f358-369a-4112-b2ad-dc5770b37a80:192.168.36.114:35869], old=null at 0
2019-09-12 11:36:02,831 [6daa7f41-8dea-4799-8bce-e60ff6f7b764-SegmentedRaftLogWorker:Storage Directory /workdir/hadoop-ozone/ozonefs/target/test-dir/MiniOzoneClusterImpl-bec828f4-ba15-4d3e-832d-771921fb3a31/datanode-1/data/ratis/5b7d2add-3ecd-4082-a76b-af16d2f3ba25] INFO  segmented.SegmentedRaftLogWorker (SegmentedRaftLogWorker.java:execute(569)) - 6daa7f41-8dea-4799-8bce-e60ff6f7b764-SegmentedRaftLogWorker:Storage Directory /workdir/hadoop-ozone/ozonefs/target/test-dir/MiniOzoneClusterImpl-bec828f4-ba15-4d3e-832d-771921fb3a31/datanode-1/data/ratis/5b7d2add-3ecd-4082-a76b-af16d2f3ba25: created new log segment /workdir/hadoop-ozone/ozonefs/target/test-dir/MiniOzoneClusterImpl-bec828f4-ba15-4d3e-832d-771921fb3a31/datanode-1/data/ratis/5b7d2add-3ecd-4082-a76b-af16d2f3ba25/current/log_inprogress_0
2019-09-12 11:36:02,831 [6661f358-369a-4112-b2ad-dc5770b37a80-SegmentedRaftLogWorker:Storage Directory /workdir/hadoop-ozone/ozonefs/target/test-dir/MiniOzoneClusterImpl-bec828f4-ba15-4d3e-832d-771921fb3a31/datanode-0/data/ratis/87336bcb-f43d-4879-a3bf-9dc9abd62f73] INFO  segmented.SegmentedRaftLogWorker (SegmentedRaftLogWorker.java:execute(569)) - 6661f358-369a-4112-b2ad-dc5770b37a80-SegmentedRaftLogWorker:Storage Directory /workdir/hadoop-ozone/ozonefs/target/test-dir/MiniOzoneClusterImpl-bec828f4-ba15-4d3e-832d-771921fb3a31/datanode-0/data/ratis/87336bcb-f43d-4879-a3bf-9dc9abd62f73: created new log segment /workdir/hadoop-ozone/ozonefs/target/test-dir/MiniOzoneClusterImpl-bec828f4-ba15-4d3e-832d-771921fb3a31/datanode-0/data/ratis/87336bcb-f43d-4879-a3bf-9dc9abd62f73/current/log_inprogress_0
2019-09-12 11:36:02,834 [6daa7f41-8dea-4799-8bce-e60ff6f7b764-SegmentedRaftLogWorker:Storage Directory /workdir/hadoop-ozone/ozonefs/target/test-dir/MiniOzoneClusterImpl-bec828f4-ba15-4d3e-832d-771921fb3a31/datanode-1/data/ratis/c33df1a0-88cb-43a0-8e6b-1a5835f28a67] INFO  segmented.SegmentedRaftLogWorker (SegmentedRaftLogWorker.java:execute(569)) - 6daa7f41-8dea-4799-8bce-e60ff6f7b764-SegmentedRaftLogWorker:Storage Directory /workdir/hadoop-ozone/ozonefs/target/test-dir/MiniOzoneClusterImpl-bec828f4-ba15-4d3e-832d-771921fb3a31/datanode-1/data/ratis/c33df1a0-88cb-43a0-8e6b-1a5835f28a67: created new log segment /workdir/hadoop-ozone/ozonefs/target/test-dir/MiniOzoneClusterImpl-bec828f4-ba15-4d3e-832d-771921fb3a31/datanode-1/data/ratis/c33df1a0-88cb-43a0-8e6b-1a5835f28a67/current/log_inprogress_0
2019-09-12 11:36:02,836 [6661f358-369a-4112-b2ad-dc5770b37a80-SegmentedRaftLogWorker:Storage Directory /workdir/hadoop-ozone/ozonefs/target/test-dir/MiniOzoneClusterImpl-bec828f4-ba15-4d3e-832d-771921fb3a31/datanode-0/data/ratis/4e3da3df-203b-4331-8dee-1edbeaa798bc] INFO  segmented.SegmentedRaftLogWorker (SegmentedRaftLogWorker.java:execute(569)) - 6661f358-369a-4112-b2ad-dc5770b37a80-SegmentedRaftLogWorker:Storage Directory /workdir/hadoop-ozone/ozonefs/target/test-dir/MiniOzoneClusterImpl-bec828f4-ba15-4d3e-832d-771921fb3a31/datanode-0/data/ratis/4e3da3df-203b-4331-8dee-1edbeaa798bc: created new log segment /workdir/hadoop-ozone/ozonefs/target/test-dir/MiniOzoneClusterImpl-bec828f4-ba15-4d3e-832d-771921fb3a31/datanode-0/data/ratis/4e3da3df-203b-4331-8dee-1edbeaa798bc/current/log_inprogress_0
2019-09-12 11:36:02,856 [Thread-1004] INFO  impl.FollowerState (FollowerState.java:run(106)) - 6daa7f41-8dea-4799-8bce-e60ff6f7b764:group-D4A891BE6782 changes to CANDIDATE, lastRpcTime:5081, electionTimeout:5081ms
2019-09-12 11:36:02,856 [Thread-1004] INFO  impl.RoleInfo (RoleInfo.java:shutdownFollowerState(121)) - 6daa7f41-8dea-4799-8bce-e60ff6f7b764: shutdown FollowerState
2019-09-12 11:36:02,856 [Thread-1004] INFO  impl.RaftServerImpl (RaftServerImpl.java:setRole(171)) - 6daa7f41-8dea-4799-8bce-e60ff6f7b764:group-D4A891BE6782 changes role from FOLLOWER to CANDIDATE at term 0 for changeToCandidate
2019-09-12 11:36:02,857 [Thread-1004] INFO  impl.RoleInfo (RoleInfo.java:updateAndGet(143)) - 6daa7f41-8dea-4799-8bce-e60ff6f7b764: start LeaderElection
2019-09-12 11:36:02,861 | INFO  | SCMAudit | user=jenkins1000 | ip=192.168.36.114 | op=SEND_HEARTBEAT {datanodeUUID=432584d5-88c8-490c-9346-3a88872a0c9f, command=[]} | ret=SUCCESS |  
2019-09-12 11:36:02,871 [6daa7f41-8dea-4799-8bce-e60ff6f7b764:group-D4A891BE6782:LeaderElection63] INFO  impl.LeaderElection (LeaderElection.java:askForVotes(181)) - 6daa7f41-8dea-4799-8bce-e60ff6f7b764:group-D4A891BE6782:LeaderElection63: begin an election at term 1 for -1: [6daa7f41-8dea-4799-8bce-e60ff6f7b764:192.168.36.114:44429], old=null
2019-09-12 11:36:02,871 [6daa7f41-8dea-4799-8bce-e60ff6f7b764:group-D4A891BE6782:LeaderElection63] INFO  impl.RoleInfo (RoleInfo.java:shutdownLeaderElection(134)) - 6daa7f41-8dea-4799-8bce-e60ff6f7b764: shutdown LeaderElection
2019-09-12 11:36:02,871 [6daa7f41-8dea-4799-8bce-e60ff6f7b764:group-D4A891BE6782:LeaderElection63] INFO  impl.RaftServerImpl (RaftServerImpl.java:setRole(171)) - 6daa7f41-8dea-4799-8bce-e60ff6f7b764:group-D4A891BE6782 changes role from CANDIDATE to LEADER at term 1 for changeToLeader
2019-09-12 11:36:02,871 [6daa7f41-8dea-4799-8bce-e60ff6f7b764:group-D4A891BE6782:LeaderElection63] INFO  impl.RaftServerImpl (ServerState.java:setLeader(263)) - 6daa7f41-8dea-4799-8bce-e60ff6f7b764:group-D4A891BE6782 change Leader from null to 6daa7f41-8dea-4799-8bce-e60ff6f7b764 at term 1 for becomeLeader, leader elected after 5098ms
2019-09-12 11:36:02,871 [6daa7f41-8dea-4799-8bce-e60ff6f7b764:group-D4A891BE6782:LeaderElection63] INFO  server.RaftServerConfigKeys (ConfUtils.java:logGet(43)) - raft.server.staging.catchup.gap = 1000 (default)
2019-09-12 11:36:02,871 [6daa7f41-8dea-4799-8bce-e60ff6f7b764:group-D4A891BE6782:LeaderElection63] INFO  server.RaftServerConfigKeys (ConfUtils.java:logGet(43)) - raft.server.rpc.sleep.time = 25ms (default)
2019-09-12 11:36:02,872 [6daa7f41-8dea-4799-8bce-e60ff6f7b764:group-D4A891BE6782:LeaderElection63] INFO  server.RaftServerConfigKeys (ConfUtils.java:logGet(43)) - raft.server.write.element-limit = 4096 (default)
2019-09-12 11:36:02,872 [6daa7f41-8dea-4799-8bce-e60ff6f7b764:group-D4A891BE6782:LeaderElection63] INFO  server.RaftServerConfigKeys (ConfUtils.java:logGet(43)) - raft.server.watch.timeout = 10s (default)
2019-09-12 11:36:02,872 [6daa7f41-8dea-4799-8bce-e60ff6f7b764:group-D4A891BE6782:LeaderElection63] INFO  server.RaftServerConfigKeys (ConfUtils.java:logGet(43)) - raft.server.watch.timeout.denomination = 1s (default)
2019-09-12 11:36:02,872 [6daa7f41-8dea-4799-8bce-e60ff6f7b764:group-D4A891BE6782:LeaderElection63] INFO  server.RaftServerConfigKeys (ConfUtils.java:logGet(43)) - raft.server.watch.element-limit = 65536 (default)
2019-09-12 11:36:02,872 [6daa7f41-8dea-4799-8bce-e60ff6f7b764:group-D4A891BE6782:LeaderElection63] INFO  impl.RoleInfo (RoleInfo.java:updateAndGet(143)) - 6daa7f41-8dea-4799-8bce-e60ff6f7b764: start LeaderState
2019-09-12 11:36:02,872 [6daa7f41-8dea-4799-8bce-e60ff6f7b764:group-D4A891BE6782:LeaderElection63] INFO  segmented.SegmentedRaftLogWorker (SegmentedRaftLogWorker.java:startLogSegment(380)) - 6daa7f41-8dea-4799-8bce-e60ff6f7b764-SegmentedRaftLogWorker:Storage Directory /workdir/hadoop-ozone/ozonefs/target/test-dir/MiniOzoneClusterImpl-bec828f4-ba15-4d3e-832d-771921fb3a31/datanode-1/data/ratis/188044ee-fb46-4d42-b77c-d4a891be6782: Starting segment from index:0
2019-09-12 11:36:02,873 [6daa7f41-8dea-4799-8bce-e60ff6f7b764:group-D4A891BE6782:LeaderElection63] INFO  impl.RaftServerImpl (ServerState.java:setRaftConf(361)) - 6daa7f41-8dea-4799-8bce-e60ff6f7b764:group-D4A891BE6782 set configuration 0: [6daa7f41-8dea-4799-8bce-e60ff6f7b764:192.168.36.114:44429], old=null at 0
2019-09-12 11:36:02,911 [Thread-1010] INFO  impl.FollowerState (FollowerState.java:run(106)) - 6daa7f41-8dea-4799-8bce-e60ff6f7b764:group-E19A2824500A changes to CANDIDATE, lastRpcTime:5043, electionTimeout:5043ms
2019-09-12 11:36:02,911 [Thread-1010] INFO  impl.RoleInfo (RoleInfo.java:shutdownFollowerState(121)) - 6daa7f41-8dea-4799-8bce-e60ff6f7b764: shutdown FollowerState
2019-09-12 11:36:02,911 [6daa7f41-8dea-4799-8bce-e60ff6f7b764-SegmentedRaftLogWorker:Storage Directory /workdir/hadoop-ozone/ozonefs/target/test-dir/MiniOzoneClusterImpl-bec828f4-ba15-4d3e-832d-771921fb3a31/datanode-1/data/ratis/188044ee-fb46-4d42-b77c-d4a891be6782] INFO  segmented.SegmentedRaftLogWorker (SegmentedRaftLogWorker.java:execute(569)) - 6daa7f41-8dea-4799-8bce-e60ff6f7b764-SegmentedRaftLogWorker:Storage Directory /workdir/hadoop-ozone/ozonefs/target/test-dir/MiniOzoneClusterImpl-bec828f4-ba15-4d3e-832d-771921fb3a31/datanode-1/data/ratis/188044ee-fb46-4d42-b77c-d4a891be6782: created new log segment /workdir/hadoop-ozone/ozonefs/target/test-dir/MiniOzoneClusterImpl-bec828f4-ba15-4d3e-832d-771921fb3a31/datanode-1/data/ratis/188044ee-fb46-4d42-b77c-d4a891be6782/current/log_inprogress_0
2019-09-12 11:36:02,911 [Thread-1010] INFO  impl.RaftServerImpl (RaftServerImpl.java:setRole(171)) - 6daa7f41-8dea-4799-8bce-e60ff6f7b764:group-E19A2824500A changes role from FOLLOWER to CANDIDATE at term 0 for changeToCandidate
2019-09-12 11:36:02,912 [Thread-1010] INFO  impl.RoleInfo (RoleInfo.java:updateAndGet(143)) - 6daa7f41-8dea-4799-8bce-e60ff6f7b764: start LeaderElection
2019-09-12 11:36:02,943 [6daa7f41-8dea-4799-8bce-e60ff6f7b764:group-E19A2824500A:LeaderElection64] INFO  impl.LeaderElection (LeaderElection.java:askForVotes(181)) - 6daa7f41-8dea-4799-8bce-e60ff6f7b764:group-E19A2824500A:LeaderElection64: begin an election at term 1 for -1: [6daa7f41-8dea-4799-8bce-e60ff6f7b764:192.168.36.114:44429], old=null
2019-09-12 11:36:02,943 [6daa7f41-8dea-4799-8bce-e60ff6f7b764:group-E19A2824500A:LeaderElection64] INFO  impl.RoleInfo (RoleInfo.java:shutdownLeaderElection(134)) - 6daa7f41-8dea-4799-8bce-e60ff6f7b764: shutdown LeaderElection
2019-09-12 11:36:02,943 [6daa7f41-8dea-4799-8bce-e60ff6f7b764:group-E19A2824500A:LeaderElection64] INFO  impl.RaftServerImpl (RaftServerImpl.java:setRole(171)) - 6daa7f41-8dea-4799-8bce-e60ff6f7b764:group-E19A2824500A changes role from CANDIDATE to LEADER at term 1 for changeToLeader
2019-09-12 11:36:02,943 [6daa7f41-8dea-4799-8bce-e60ff6f7b764:group-E19A2824500A:LeaderElection64] INFO  impl.RaftServerImpl (ServerState.java:setLeader(263)) - 6daa7f41-8dea-4799-8bce-e60ff6f7b764:group-E19A2824500A change Leader from null to 6daa7f41-8dea-4799-8bce-e60ff6f7b764 at term 1 for becomeLeader, leader elected after 5079ms
2019-09-12 11:36:02,943 [6daa7f41-8dea-4799-8bce-e60ff6f7b764:group-E19A2824500A:LeaderElection64] INFO  server.RaftServerConfigKeys (ConfUtils.java:logGet(43)) - raft.server.staging.catchup.gap = 1000 (default)
2019-09-12 11:36:02,943 [6daa7f41-8dea-4799-8bce-e60ff6f7b764:group-E19A2824500A:LeaderElection64] INFO  server.RaftServerConfigKeys (ConfUtils.java:logGet(43)) - raft.server.rpc.sleep.time = 25ms (default)
2019-09-12 11:36:02,944 [6daa7f41-8dea-4799-8bce-e60ff6f7b764:group-E19A2824500A:LeaderElection64] INFO  server.RaftServerConfigKeys (ConfUtils.java:logGet(43)) - raft.server.write.element-limit = 4096 (default)
2019-09-12 11:36:02,944 [6daa7f41-8dea-4799-8bce-e60ff6f7b764:group-E19A2824500A:LeaderElection64] INFO  server.RaftServerConfigKeys (ConfUtils.java:logGet(43)) - raft.server.watch.timeout = 10s (default)
2019-09-12 11:36:02,944 [6daa7f41-8dea-4799-8bce-e60ff6f7b764:group-E19A2824500A:LeaderElection64] INFO  server.RaftServerConfigKeys (ConfUtils.java:logGet(43)) - raft.server.watch.timeout.denomination = 1s (default)
2019-09-12 11:36:02,944 [6daa7f41-8dea-4799-8bce-e60ff6f7b764:group-E19A2824500A:LeaderElection64] INFO  server.RaftServerConfigKeys (ConfUtils.java:logGet(43)) - raft.server.watch.element-limit = 65536 (default)
2019-09-12 11:36:02,944 [6daa7f41-8dea-4799-8bce-e60ff6f7b764:group-E19A2824500A:LeaderElection64] INFO  impl.RoleInfo (RoleInfo.java:updateAndGet(143)) - 6daa7f41-8dea-4799-8bce-e60ff6f7b764: start LeaderState
2019-09-12 11:36:02,944 [6daa7f41-8dea-4799-8bce-e60ff6f7b764:group-E19A2824500A:LeaderElection64] INFO  segmented.SegmentedRaftLogWorker (SegmentedRaftLogWorker.java:startLogSegment(380)) - 6daa7f41-8dea-4799-8bce-e60ff6f7b764-SegmentedRaftLogWorker:Storage Directory /workdir/hadoop-ozone/ozonefs/target/test-dir/MiniOzoneClusterImpl-bec828f4-ba15-4d3e-832d-771921fb3a31/datanode-1/data/ratis/f3cfd0b0-82cb-4250-8dd5-e19a2824500a: Starting segment from index:0
2019-09-12 11:36:02,945 [6daa7f41-8dea-4799-8bce-e60ff6f7b764:group-E19A2824500A:LeaderElection64] INFO  impl.RaftServerImpl (ServerState.java:setRaftConf(361)) - 6daa7f41-8dea-4799-8bce-e60ff6f7b764:group-E19A2824500A set configuration 0: [6daa7f41-8dea-4799-8bce-e60ff6f7b764:192.168.36.114:44429], old=null at 0
2019-09-12 11:36:02,961 [Thread-1007] INFO  impl.FollowerState (FollowerState.java:run(106)) - 6daa7f41-8dea-4799-8bce-e60ff6f7b764:group-9CFA0DFE7935 changes to CANDIDATE, lastRpcTime:5133, electionTimeout:5133ms
2019-09-12 11:36:02,961 [Thread-1007] INFO  impl.RoleInfo (RoleInfo.java:shutdownFollowerState(121)) - 6daa7f41-8dea-4799-8bce-e60ff6f7b764: shutdown FollowerState
2019-09-12 11:36:02,961 [Thread-1007] INFO  impl.RaftServerImpl (RaftServerImpl.java:setRole(171)) - 6daa7f41-8dea-4799-8bce-e60ff6f7b764:group-9CFA0DFE7935 changes role from FOLLOWER to CANDIDATE at term 0 for changeToCandidate
2019-09-12 11:36:02,961 [Thread-1007] INFO  impl.RoleInfo (RoleInfo.java:updateAndGet(143)) - 6daa7f41-8dea-4799-8bce-e60ff6f7b764: start LeaderElection
2019-09-12 11:36:03,000 [6daa7f41-8dea-4799-8bce-e60ff6f7b764-SegmentedRaftLogWorker:Storage Directory /workdir/hadoop-ozone/ozonefs/target/test-dir/MiniOzoneClusterImpl-bec828f4-ba15-4d3e-832d-771921fb3a31/datanode-1/data/ratis/f3cfd0b0-82cb-4250-8dd5-e19a2824500a] INFO  segmented.SegmentedRaftLogWorker (SegmentedRaftLogWorker.java:execute(569)) - 6daa7f41-8dea-4799-8bce-e60ff6f7b764-SegmentedRaftLogWorker:Storage Directory /workdir/hadoop-ozone/ozonefs/target/test-dir/MiniOzoneClusterImpl-bec828f4-ba15-4d3e-832d-771921fb3a31/datanode-1/data/ratis/f3cfd0b0-82cb-4250-8dd5-e19a2824500a: created new log segment /workdir/hadoop-ozone/ozonefs/target/test-dir/MiniOzoneClusterImpl-bec828f4-ba15-4d3e-832d-771921fb3a31/datanode-1/data/ratis/f3cfd0b0-82cb-4250-8dd5-e19a2824500a/current/log_inprogress_0
2019-09-12 11:36:03,000 [6daa7f41-8dea-4799-8bce-e60ff6f7b764:group-9CFA0DFE7935:LeaderElection65] INFO  impl.LeaderElection (LeaderElection.java:askForVotes(181)) - 6daa7f41-8dea-4799-8bce-e60ff6f7b764:group-9CFA0DFE7935:LeaderElection65: begin an election at term 1 for -1: [6daa7f41-8dea-4799-8bce-e60ff6f7b764:192.168.36.114:44429], old=null
2019-09-12 11:36:03,001 [6daa7f41-8dea-4799-8bce-e60ff6f7b764:group-9CFA0DFE7935:LeaderElection65] INFO  impl.RoleInfo (RoleInfo.java:shutdownLeaderElection(134)) - 6daa7f41-8dea-4799-8bce-e60ff6f7b764: shutdown LeaderElection
2019-09-12 11:36:03,001 [6daa7f41-8dea-4799-8bce-e60ff6f7b764:group-9CFA0DFE7935:LeaderElection65] INFO  impl.RaftServerImpl (RaftServerImpl.java:setRole(171)) - 6daa7f41-8dea-4799-8bce-e60ff6f7b764:group-9CFA0DFE7935 changes role from CANDIDATE to LEADER at term 1 for changeToLeader
2019-09-12 11:36:03,001 [6daa7f41-8dea-4799-8bce-e60ff6f7b764:group-9CFA0DFE7935:LeaderElection65] INFO  impl.RaftServerImpl (ServerState.java:setLeader(263)) - 6daa7f41-8dea-4799-8bce-e60ff6f7b764:group-9CFA0DFE7935 change Leader from null to 6daa7f41-8dea-4799-8bce-e60ff6f7b764 at term 1 for becomeLeader, leader elected after 5176ms
2019-09-12 11:36:03,001 [6daa7f41-8dea-4799-8bce-e60ff6f7b764:group-9CFA0DFE7935:LeaderElection65] INFO  server.RaftServerConfigKeys (ConfUtils.java:logGet(43)) - raft.server.staging.catchup.gap = 1000 (default)
2019-09-12 11:36:03,001 [6daa7f41-8dea-4799-8bce-e60ff6f7b764:group-9CFA0DFE7935:LeaderElection65] INFO  server.RaftServerConfigKeys (ConfUtils.java:logGet(43)) - raft.server.rpc.sleep.time = 25ms (default)
2019-09-12 11:36:03,001 [6daa7f41-8dea-4799-8bce-e60ff6f7b764:group-9CFA0DFE7935:LeaderElection65] INFO  server.RaftServerConfigKeys (ConfUtils.java:logGet(43)) - raft.server.write.element-limit = 4096 (default)
2019-09-12 11:36:03,002 [6daa7f41-8dea-4799-8bce-e60ff6f7b764:group-9CFA0DFE7935:LeaderElection65] INFO  server.RaftServerConfigKeys (ConfUtils.java:logGet(43)) - raft.server.watch.timeout = 10s (default)
2019-09-12 11:36:03,002 [6daa7f41-8dea-4799-8bce-e60ff6f7b764:group-9CFA0DFE7935:LeaderElection65] INFO  server.RaftServerConfigKeys (ConfUtils.java:logGet(43)) - raft.server.watch.timeout.denomination = 1s (default)
2019-09-12 11:36:03,002 [6daa7f41-8dea-4799-8bce-e60ff6f7b764:group-9CFA0DFE7935:LeaderElection65] INFO  server.RaftServerConfigKeys (ConfUtils.java:logGet(43)) - raft.server.watch.element-limit = 65536 (default)
2019-09-12 11:36:03,002 [6daa7f41-8dea-4799-8bce-e60ff6f7b764:group-9CFA0DFE7935:LeaderElection65] INFO  impl.RoleInfo (RoleInfo.java:updateAndGet(143)) - 6daa7f41-8dea-4799-8bce-e60ff6f7b764: start LeaderState
2019-09-12 11:36:03,002 [6daa7f41-8dea-4799-8bce-e60ff6f7b764:group-9CFA0DFE7935:LeaderElection65] INFO  segmented.SegmentedRaftLogWorker (SegmentedRaftLogWorker.java:startLogSegment(380)) - 6daa7f41-8dea-4799-8bce-e60ff6f7b764-SegmentedRaftLogWorker:Storage Directory /workdir/hadoop-ozone/ozonefs/target/test-dir/MiniOzoneClusterImpl-bec828f4-ba15-4d3e-832d-771921fb3a31/datanode-1/data/ratis/68943c5f-8ceb-414b-92f6-9cfa0dfe7935: Starting segment from index:0
2019-09-12 11:36:03,003 [6daa7f41-8dea-4799-8bce-e60ff6f7b764:group-9CFA0DFE7935:LeaderElection65] INFO  impl.RaftServerImpl (ServerState.java:setRaftConf(361)) - 6daa7f41-8dea-4799-8bce-e60ff6f7b764:group-9CFA0DFE7935 set configuration 0: [6daa7f41-8dea-4799-8bce-e60ff6f7b764:192.168.36.114:44429], old=null at 0
2019-09-12 11:36:03,014 [Thread-1016] INFO  impl.FollowerState (FollowerState.java:run(106)) - 6daa7f41-8dea-4799-8bce-e60ff6f7b764:group-4443FBE6DF28 changes to CANDIDATE, lastRpcTime:5040, electionTimeout:5040ms
2019-09-12 11:36:03,014 [Thread-1016] INFO  impl.RoleInfo (RoleInfo.java:shutdownFollowerState(121)) - 6daa7f41-8dea-4799-8bce-e60ff6f7b764: shutdown FollowerState
2019-09-12 11:36:03,014 [Thread-1016] INFO  impl.RaftServerImpl (RaftServerImpl.java:setRole(171)) - 6daa7f41-8dea-4799-8bce-e60ff6f7b764:group-4443FBE6DF28 changes role from FOLLOWER to CANDIDATE at term 0 for changeToCandidate
2019-09-12 11:36:03,014 [Thread-1016] INFO  impl.RoleInfo (RoleInfo.java:updateAndGet(143)) - 6daa7f41-8dea-4799-8bce-e60ff6f7b764: start LeaderElection
2019-09-12 11:36:03,054 [6daa7f41-8dea-4799-8bce-e60ff6f7b764-SegmentedRaftLogWorker:Storage Directory /workdir/hadoop-ozone/ozonefs/target/test-dir/MiniOzoneClusterImpl-bec828f4-ba15-4d3e-832d-771921fb3a31/datanode-1/data/ratis/68943c5f-8ceb-414b-92f6-9cfa0dfe7935] INFO  segmented.SegmentedRaftLogWorker (SegmentedRaftLogWorker.java:execute(569)) - 6daa7f41-8dea-4799-8bce-e60ff6f7b764-SegmentedRaftLogWorker:Storage Directory /workdir/hadoop-ozone/ozonefs/target/test-dir/MiniOzoneClusterImpl-bec828f4-ba15-4d3e-832d-771921fb3a31/datanode-1/data/ratis/68943c5f-8ceb-414b-92f6-9cfa0dfe7935: created new log segment /workdir/hadoop-ozone/ozonefs/target/test-dir/MiniOzoneClusterImpl-bec828f4-ba15-4d3e-832d-771921fb3a31/datanode-1/data/ratis/68943c5f-8ceb-414b-92f6-9cfa0dfe7935/current/log_inprogress_0
2019-09-12 11:36:03,054 [6daa7f41-8dea-4799-8bce-e60ff6f7b764:group-4443FBE6DF28:LeaderElection66] INFO  impl.LeaderElection (LeaderElection.java:askForVotes(181)) - 6daa7f41-8dea-4799-8bce-e60ff6f7b764:group-4443FBE6DF28:LeaderElection66: begin an election at term 1 for -1: [6daa7f41-8dea-4799-8bce-e60ff6f7b764:192.168.36.114:44429], old=null
2019-09-12 11:36:03,054 [6daa7f41-8dea-4799-8bce-e60ff6f7b764:group-4443FBE6DF28:LeaderElection66] INFO  impl.RoleInfo (RoleInfo.java:shutdownLeaderElection(134)) - 6daa7f41-8dea-4799-8bce-e60ff6f7b764: shutdown LeaderElection
2019-09-12 11:36:03,054 [6daa7f41-8dea-4799-8bce-e60ff6f7b764:group-4443FBE6DF28:LeaderElection66] INFO  impl.RaftServerImpl (RaftServerImpl.java:setRole(171)) - 6daa7f41-8dea-4799-8bce-e60ff6f7b764:group-4443FBE6DF28 changes role from CANDIDATE to LEADER at term 1 for changeToLeader
2019-09-12 11:36:03,055 [6daa7f41-8dea-4799-8bce-e60ff6f7b764:group-4443FBE6DF28:LeaderElection66] INFO  impl.RaftServerImpl (ServerState.java:setLeader(263)) - 6daa7f41-8dea-4799-8bce-e60ff6f7b764:group-4443FBE6DF28 change Leader from null to 6daa7f41-8dea-4799-8bce-e60ff6f7b764 at term 1 for becomeLeader, leader elected after 5085ms
2019-09-12 11:36:03,055 [6daa7f41-8dea-4799-8bce-e60ff6f7b764:group-4443FBE6DF28:LeaderElection66] INFO  server.RaftServerConfigKeys (ConfUtils.java:logGet(43)) - raft.server.staging.catchup.gap = 1000 (default)
2019-09-12 11:36:03,055 [6daa7f41-8dea-4799-8bce-e60ff6f7b764:group-4443FBE6DF28:LeaderElection66] INFO  server.RaftServerConfigKeys (ConfUtils.java:logGet(43)) - raft.server.rpc.sleep.time = 25ms (default)
2019-09-12 11:36:03,055 [6daa7f41-8dea-4799-8bce-e60ff6f7b764:group-4443FBE6DF28:LeaderElection66] INFO  server.RaftServerConfigKeys (ConfUtils.java:logGet(43)) - raft.server.write.element-limit = 4096 (default)
2019-09-12 11:36:03,055 [6daa7f41-8dea-4799-8bce-e60ff6f7b764:group-4443FBE6DF28:LeaderElection66] INFO  server.RaftServerConfigKeys (ConfUtils.java:logGet(43)) - raft.server.watch.timeout = 10s (default)
2019-09-12 11:36:03,055 [6daa7f41-8dea-4799-8bce-e60ff6f7b764:group-4443FBE6DF28:LeaderElection66] INFO  server.RaftServerConfigKeys (ConfUtils.java:logGet(43)) - raft.server.watch.timeout.denomination = 1s (default)
2019-09-12 11:36:03,055 [6daa7f41-8dea-4799-8bce-e60ff6f7b764:group-4443FBE6DF28:LeaderElection66] INFO  server.RaftServerConfigKeys (ConfUtils.java:logGet(43)) - raft.server.watch.element-limit = 65536 (default)
2019-09-12 11:36:03,056 [6daa7f41-8dea-4799-8bce-e60ff6f7b764:group-4443FBE6DF28:LeaderElection66] INFO  impl.RoleInfo (RoleInfo.java:updateAndGet(143)) - 6daa7f41-8dea-4799-8bce-e60ff6f7b764: start LeaderState
2019-09-12 11:36:03,056 [6daa7f41-8dea-4799-8bce-e60ff6f7b764:group-4443FBE6DF28:LeaderElection66] INFO  segmented.SegmentedRaftLogWorker (SegmentedRaftLogWorker.java:startLogSegment(380)) - 6daa7f41-8dea-4799-8bce-e60ff6f7b764-SegmentedRaftLogWorker:Storage Directory /workdir/hadoop-ozone/ozonefs/target/test-dir/MiniOzoneClusterImpl-bec828f4-ba15-4d3e-832d-771921fb3a31/datanode-1/data/ratis/1bba8eb3-4a9b-4cf0-82fd-4443fbe6df28: Starting segment from index:0
2019-09-12 11:36:03,057 [6daa7f41-8dea-4799-8bce-e60ff6f7b764:group-4443FBE6DF28:LeaderElection66] INFO  impl.RaftServerImpl (ServerState.java:setRaftConf(361)) - 6daa7f41-8dea-4799-8bce-e60ff6f7b764:group-4443FBE6DF28 set configuration 0: [6daa7f41-8dea-4799-8bce-e60ff6f7b764:192.168.36.114:44429], old=null at 0
2019-09-12 11:36:03,085 [Thread-1013] INFO  impl.FollowerState (FollowerState.java:run(106)) - 432584d5-88c8-490c-9346-3a88872a0c9f:group-390401366207 changes to CANDIDATE, lastRpcTime:5158, electionTimeout:5158ms
2019-09-12 11:36:03,085 [Thread-1013] INFO  impl.RoleInfo (RoleInfo.java:shutdownFollowerState(121)) - 432584d5-88c8-490c-9346-3a88872a0c9f: shutdown FollowerState
2019-09-12 11:36:03,085 [Thread-1013] INFO  impl.RaftServerImpl (RaftServerImpl.java:setRole(171)) - 432584d5-88c8-490c-9346-3a88872a0c9f:group-390401366207 changes role from FOLLOWER to CANDIDATE at term 0 for changeToCandidate
2019-09-12 11:36:03,085 [Thread-1013] INFO  impl.RoleInfo (RoleInfo.java:updateAndGet(143)) - 432584d5-88c8-490c-9346-3a88872a0c9f: start LeaderElection
2019-09-12 11:36:03,106 [6daa7f41-8dea-4799-8bce-e60ff6f7b764-SegmentedRaftLogWorker:Storage Directory /workdir/hadoop-ozone/ozonefs/target/test-dir/MiniOzoneClusterImpl-bec828f4-ba15-4d3e-832d-771921fb3a31/datanode-1/data/ratis/1bba8eb3-4a9b-4cf0-82fd-4443fbe6df28] INFO  segmented.SegmentedRaftLogWorker (SegmentedRaftLogWorker.java:execute(569)) - 6daa7f41-8dea-4799-8bce-e60ff6f7b764-SegmentedRaftLogWorker:Storage Directory /workdir/hadoop-ozone/ozonefs/target/test-dir/MiniOzoneClusterImpl-bec828f4-ba15-4d3e-832d-771921fb3a31/datanode-1/data/ratis/1bba8eb3-4a9b-4cf0-82fd-4443fbe6df28: created new log segment /workdir/hadoop-ozone/ozonefs/target/test-dir/MiniOzoneClusterImpl-bec828f4-ba15-4d3e-832d-771921fb3a31/datanode-1/data/ratis/1bba8eb3-4a9b-4cf0-82fd-4443fbe6df28/current/log_inprogress_0
2019-09-12 11:36:03,106 [432584d5-88c8-490c-9346-3a88872a0c9f:group-390401366207:LeaderElection67] INFO  impl.LeaderElection (LeaderElection.java:askForVotes(181)) - 432584d5-88c8-490c-9346-3a88872a0c9f:group-390401366207:LeaderElection67: begin an election at term 1 for -1: [432584d5-88c8-490c-9346-3a88872a0c9f:192.168.36.114:36716], old=null
2019-09-12 11:36:03,106 [432584d5-88c8-490c-9346-3a88872a0c9f:group-390401366207:LeaderElection67] INFO  impl.RoleInfo (RoleInfo.java:shutdownLeaderElection(134)) - 432584d5-88c8-490c-9346-3a88872a0c9f: shutdown LeaderElection
2019-09-12 11:36:03,107 [432584d5-88c8-490c-9346-3a88872a0c9f:group-390401366207:LeaderElection67] INFO  impl.RaftServerImpl (RaftServerImpl.java:setRole(171)) - 432584d5-88c8-490c-9346-3a88872a0c9f:group-390401366207 changes role from CANDIDATE to LEADER at term 1 for changeToLeader
2019-09-12 11:36:03,107 [432584d5-88c8-490c-9346-3a88872a0c9f:group-390401366207:LeaderElection67] INFO  impl.RaftServerImpl (ServerState.java:setLeader(263)) - 432584d5-88c8-490c-9346-3a88872a0c9f:group-390401366207 change Leader from null to 432584d5-88c8-490c-9346-3a88872a0c9f at term 1 for becomeLeader, leader elected after 5186ms
2019-09-12 11:36:03,107 [432584d5-88c8-490c-9346-3a88872a0c9f:group-390401366207:LeaderElection67] INFO  server.RaftServerConfigKeys (ConfUtils.java:logGet(43)) - raft.server.staging.catchup.gap = 1000 (default)
2019-09-12 11:36:03,107 [432584d5-88c8-490c-9346-3a88872a0c9f:group-390401366207:LeaderElection67] INFO  server.RaftServerConfigKeys (ConfUtils.java:logGet(43)) - raft.server.rpc.sleep.time = 25ms (default)
2019-09-12 11:36:03,107 [432584d5-88c8-490c-9346-3a88872a0c9f:group-390401366207:LeaderElection67] INFO  server.RaftServerConfigKeys (ConfUtils.java:logGet(43)) - raft.server.write.element-limit = 4096 (default)
2019-09-12 11:36:03,108 [432584d5-88c8-490c-9346-3a88872a0c9f:group-390401366207:LeaderElection67] INFO  server.RaftServerConfigKeys (ConfUtils.java:logGet(43)) - raft.server.watch.timeout = 10s (default)
2019-09-12 11:36:03,108 [432584d5-88c8-490c-9346-3a88872a0c9f:group-390401366207:LeaderElection67] INFO  server.RaftServerConfigKeys (ConfUtils.java:logGet(43)) - raft.server.watch.timeout.denomination = 1s (default)
2019-09-12 11:36:03,108 [432584d5-88c8-490c-9346-3a88872a0c9f:group-390401366207:LeaderElection67] INFO  server.RaftServerConfigKeys (ConfUtils.java:logGet(43)) - raft.server.watch.element-limit = 65536 (default)
2019-09-12 11:36:03,108 [432584d5-88c8-490c-9346-3a88872a0c9f:group-390401366207:LeaderElection67] INFO  impl.RoleInfo (RoleInfo.java:updateAndGet(143)) - 432584d5-88c8-490c-9346-3a88872a0c9f: start LeaderState
2019-09-12 11:36:03,108 [432584d5-88c8-490c-9346-3a88872a0c9f:group-390401366207:LeaderElection67] INFO  segmented.SegmentedRaftLogWorker (SegmentedRaftLogWorker.java:startLogSegment(380)) - 432584d5-88c8-490c-9346-3a88872a0c9f-SegmentedRaftLogWorker:Storage Directory /workdir/hadoop-ozone/ozonefs/target/test-dir/MiniOzoneClusterImpl-bec828f4-ba15-4d3e-832d-771921fb3a31/datanode-2/data/ratis/bdcb65ba-10c6-4e69-97b8-390401366207: Starting segment from index:0
2019-09-12 11:36:03,110 [432584d5-88c8-490c-9346-3a88872a0c9f:group-390401366207:LeaderElection67] INFO  impl.RaftServerImpl (ServerState.java:setRaftConf(361)) - 432584d5-88c8-490c-9346-3a88872a0c9f:group-390401366207 set configuration 0: [432584d5-88c8-490c-9346-3a88872a0c9f:192.168.36.114:36716], old=null at 0
2019-09-12 11:36:03,157 [432584d5-88c8-490c-9346-3a88872a0c9f-SegmentedRaftLogWorker:Storage Directory /workdir/hadoop-ozone/ozonefs/target/test-dir/MiniOzoneClusterImpl-bec828f4-ba15-4d3e-832d-771921fb3a31/datanode-2/data/ratis/bdcb65ba-10c6-4e69-97b8-390401366207] INFO  segmented.SegmentedRaftLogWorker (SegmentedRaftLogWorker.java:execute(569)) - 432584d5-88c8-490c-9346-3a88872a0c9f-SegmentedRaftLogWorker:Storage Directory /workdir/hadoop-ozone/ozonefs/target/test-dir/MiniOzoneClusterImpl-bec828f4-ba15-4d3e-832d-771921fb3a31/datanode-2/data/ratis/bdcb65ba-10c6-4e69-97b8-390401366207: created new log segment /workdir/hadoop-ozone/ozonefs/target/test-dir/MiniOzoneClusterImpl-bec828f4-ba15-4d3e-832d-771921fb3a31/datanode-2/data/ratis/bdcb65ba-10c6-4e69-97b8-390401366207/current/log_inprogress_0
2019-09-12 11:36:03,160 [Thread-1023] INFO  impl.FollowerState (FollowerState.java:run(106)) - 432584d5-88c8-490c-9346-3a88872a0c9f:group-816730B738B9 changes to CANDIDATE, lastRpcTime:5091, electionTimeout:5091ms
2019-09-12 11:36:03,160 [Thread-1023] INFO  impl.RoleInfo (RoleInfo.java:shutdownFollowerState(121)) - 432584d5-88c8-490c-9346-3a88872a0c9f: shutdown FollowerState
2019-09-12 11:36:03,160 [Thread-1023] INFO  impl.RaftServerImpl (RaftServerImpl.java:setRole(171)) - 432584d5-88c8-490c-9346-3a88872a0c9f:group-816730B738B9 changes role from FOLLOWER to CANDIDATE at term 0 for changeToCandidate
2019-09-12 11:36:03,160 [Thread-1023] INFO  impl.RoleInfo (RoleInfo.java:updateAndGet(143)) - 432584d5-88c8-490c-9346-3a88872a0c9f: start LeaderElection
2019-09-12 11:36:03,170 [432584d5-88c8-490c-9346-3a88872a0c9f:group-816730B738B9:LeaderElection68] INFO  impl.LeaderElection (LeaderElection.java:askForVotes(181)) - 432584d5-88c8-490c-9346-3a88872a0c9f:group-816730B738B9:LeaderElection68: begin an election at term 1 for -1: [432584d5-88c8-490c-9346-3a88872a0c9f:192.168.36.114:36716], old=null
2019-09-12 11:36:03,170 [432584d5-88c8-490c-9346-3a88872a0c9f:group-816730B738B9:LeaderElection68] INFO  impl.RoleInfo (RoleInfo.java:shutdownLeaderElection(134)) - 432584d5-88c8-490c-9346-3a88872a0c9f: shutdown LeaderElection
2019-09-12 11:36:03,171 [432584d5-88c8-490c-9346-3a88872a0c9f:group-816730B738B9:LeaderElection68] INFO  impl.RaftServerImpl (RaftServerImpl.java:setRole(171)) - 432584d5-88c8-490c-9346-3a88872a0c9f:group-816730B738B9 changes role from CANDIDATE to LEADER at term 1 for changeToLeader
2019-09-12 11:36:03,171 [432584d5-88c8-490c-9346-3a88872a0c9f:group-816730B738B9:LeaderElection68] INFO  impl.RaftServerImpl (ServerState.java:setLeader(263)) - 432584d5-88c8-490c-9346-3a88872a0c9f:group-816730B738B9 change Leader from null to 432584d5-88c8-490c-9346-3a88872a0c9f at term 1 for becomeLeader, leader elected after 5105ms
2019-09-12 11:36:03,171 [432584d5-88c8-490c-9346-3a88872a0c9f:group-816730B738B9:LeaderElection68] INFO  server.RaftServerConfigKeys (ConfUtils.java:logGet(43)) - raft.server.staging.catchup.gap = 1000 (default)
2019-09-12 11:36:03,171 [432584d5-88c8-490c-9346-3a88872a0c9f:group-816730B738B9:LeaderElection68] INFO  server.RaftServerConfigKeys (ConfUtils.java:logGet(43)) - raft.server.rpc.sleep.time = 25ms (default)
2019-09-12 11:36:03,171 [432584d5-88c8-490c-9346-3a88872a0c9f:group-816730B738B9:LeaderElection68] INFO  server.RaftServerConfigKeys (ConfUtils.java:logGet(43)) - raft.server.write.element-limit = 4096 (default)
2019-09-12 11:36:03,171 [432584d5-88c8-490c-9346-3a88872a0c9f:group-816730B738B9:LeaderElection68] INFO  server.RaftServerConfigKeys (ConfUtils.java:logGet(43)) - raft.server.watch.timeout = 10s (default)
2019-09-12 11:36:03,172 [432584d5-88c8-490c-9346-3a88872a0c9f:group-816730B738B9:LeaderElection68] INFO  server.RaftServerConfigKeys (ConfUtils.java:logGet(43)) - raft.server.watch.timeout.denomination = 1s (default)
2019-09-12 11:36:03,172 [432584d5-88c8-490c-9346-3a88872a0c9f:group-816730B738B9:LeaderElection68] INFO  server.RaftServerConfigKeys (ConfUtils.java:logGet(43)) - raft.server.watch.element-limit = 65536 (default)
2019-09-12 11:36:03,172 [432584d5-88c8-490c-9346-3a88872a0c9f:group-816730B738B9:LeaderElection68] INFO  impl.RoleInfo (RoleInfo.java:updateAndGet(143)) - 432584d5-88c8-490c-9346-3a88872a0c9f: start LeaderState
2019-09-12 11:36:03,172 [432584d5-88c8-490c-9346-3a88872a0c9f:group-816730B738B9:LeaderElection68] INFO  segmented.SegmentedRaftLogWorker (SegmentedRaftLogWorker.java:startLogSegment(380)) - 432584d5-88c8-490c-9346-3a88872a0c9f-SegmentedRaftLogWorker:Storage Directory /workdir/hadoop-ozone/ozonefs/target/test-dir/MiniOzoneClusterImpl-bec828f4-ba15-4d3e-832d-771921fb3a31/datanode-2/data/ratis/beca074d-cdde-4572-8f04-816730b738b9: Starting segment from index:0
2019-09-12 11:36:03,173 [432584d5-88c8-490c-9346-3a88872a0c9f:group-816730B738B9:LeaderElection68] INFO  impl.RaftServerImpl (ServerState.java:setRaftConf(361)) - 432584d5-88c8-490c-9346-3a88872a0c9f:group-816730B738B9 set configuration 0: [432584d5-88c8-490c-9346-3a88872a0c9f:192.168.36.114:36716], old=null at 0
2019-09-12 11:36:03,183 [Thread-1019] INFO  impl.FollowerState (FollowerState.java:run(106)) - 432584d5-88c8-490c-9346-3a88872a0c9f:group-684B8942B4BA changes to CANDIDATE, lastRpcTime:5156, electionTimeout:5156ms
2019-09-12 11:36:03,183 [Thread-1019] INFO  impl.RoleInfo (RoleInfo.java:shutdownFollowerState(121)) - 432584d5-88c8-490c-9346-3a88872a0c9f: shutdown FollowerState
2019-09-12 11:36:03,183 [Thread-1019] INFO  impl.RaftServerImpl (RaftServerImpl.java:setRole(171)) - 432584d5-88c8-490c-9346-3a88872a0c9f:group-684B8942B4BA changes role from FOLLOWER to CANDIDATE at term 0 for changeToCandidate
2019-09-12 11:36:03,183 [Thread-1019] INFO  impl.RoleInfo (RoleInfo.java:updateAndGet(143)) - 432584d5-88c8-490c-9346-3a88872a0c9f: start LeaderElection
2019-09-12 11:36:03,211 [Thread-1033] INFO  impl.FollowerState (FollowerState.java:run(106)) - 432584d5-88c8-490c-9346-3a88872a0c9f:group-A559499A9ECD changes to CANDIDATE, lastRpcTime:5002, electionTimeout:5002ms
2019-09-12 11:36:03,211 [Thread-1033] INFO  impl.RoleInfo (RoleInfo.java:shutdownFollowerState(121)) - 432584d5-88c8-490c-9346-3a88872a0c9f: shutdown FollowerState
2019-09-12 11:36:03,211 [Thread-1033] INFO  impl.RaftServerImpl (RaftServerImpl.java:setRole(171)) - 432584d5-88c8-490c-9346-3a88872a0c9f:group-A559499A9ECD changes role from FOLLOWER to CANDIDATE at term 0 for changeToCandidate
2019-09-12 11:36:03,212 [Thread-1033] INFO  impl.RoleInfo (RoleInfo.java:updateAndGet(143)) - 432584d5-88c8-490c-9346-3a88872a0c9f: start LeaderElection
2019-09-12 11:36:03,216 [432584d5-88c8-490c-9346-3a88872a0c9f-SegmentedRaftLogWorker:Storage Directory /workdir/hadoop-ozone/ozonefs/target/test-dir/MiniOzoneClusterImpl-bec828f4-ba15-4d3e-832d-771921fb3a31/datanode-2/data/ratis/beca074d-cdde-4572-8f04-816730b738b9] INFO  segmented.SegmentedRaftLogWorker (SegmentedRaftLogWorker.java:execute(569)) - 432584d5-88c8-490c-9346-3a88872a0c9f-SegmentedRaftLogWorker:Storage Directory /workdir/hadoop-ozone/ozonefs/target/test-dir/MiniOzoneClusterImpl-bec828f4-ba15-4d3e-832d-771921fb3a31/datanode-2/data/ratis/beca074d-cdde-4572-8f04-816730b738b9: created new log segment /workdir/hadoop-ozone/ozonefs/target/test-dir/MiniOzoneClusterImpl-bec828f4-ba15-4d3e-832d-771921fb3a31/datanode-2/data/ratis/beca074d-cdde-4572-8f04-816730b738b9/current/log_inprogress_0
2019-09-12 11:36:03,217 [432584d5-88c8-490c-9346-3a88872a0c9f:group-A559499A9ECD:LeaderElection70] INFO  impl.LeaderElection (LeaderElection.java:askForVotes(181)) - 432584d5-88c8-490c-9346-3a88872a0c9f:group-A559499A9ECD:LeaderElection70: begin an election at term 1 for -1: [432584d5-88c8-490c-9346-3a88872a0c9f:192.168.36.114:36716], old=null
2019-09-12 11:36:03,217 [432584d5-88c8-490c-9346-3a88872a0c9f:group-684B8942B4BA:LeaderElection69] INFO  impl.LeaderElection (LeaderElection.java:askForVotes(181)) - 432584d5-88c8-490c-9346-3a88872a0c9f:group-684B8942B4BA:LeaderElection69: begin an election at term 1 for -1: [432584d5-88c8-490c-9346-3a88872a0c9f:192.168.36.114:36716], old=null
2019-09-12 11:36:03,217 [432584d5-88c8-490c-9346-3a88872a0c9f:group-A559499A9ECD:LeaderElection70] INFO  impl.RoleInfo (RoleInfo.java:shutdownLeaderElection(134)) - 432584d5-88c8-490c-9346-3a88872a0c9f: shutdown LeaderElection
2019-09-12 11:36:03,217 [432584d5-88c8-490c-9346-3a88872a0c9f:group-684B8942B4BA:LeaderElection69] INFO  impl.RoleInfo (RoleInfo.java:shutdownLeaderElection(134)) - 432584d5-88c8-490c-9346-3a88872a0c9f: shutdown LeaderElection
2019-09-12 11:36:03,217 [432584d5-88c8-490c-9346-3a88872a0c9f:group-A559499A9ECD:LeaderElection70] INFO  impl.RaftServerImpl (RaftServerImpl.java:setRole(171)) - 432584d5-88c8-490c-9346-3a88872a0c9f:group-A559499A9ECD changes role from CANDIDATE to LEADER at term 1 for changeToLeader
2019-09-12 11:36:03,217 [432584d5-88c8-490c-9346-3a88872a0c9f:group-684B8942B4BA:LeaderElection69] INFO  impl.RaftServerImpl (RaftServerImpl.java:setRole(171)) - 432584d5-88c8-490c-9346-3a88872a0c9f:group-684B8942B4BA changes role from CANDIDATE to LEADER at term 1 for changeToLeader
2019-09-12 11:36:03,217 [432584d5-88c8-490c-9346-3a88872a0c9f:group-A559499A9ECD:LeaderElection70] INFO  impl.RaftServerImpl (ServerState.java:setLeader(263)) - 432584d5-88c8-490c-9346-3a88872a0c9f:group-A559499A9ECD change Leader from null to 432584d5-88c8-490c-9346-3a88872a0c9f at term 1 for becomeLeader, leader elected after 5012ms
2019-09-12 11:36:03,218 [432584d5-88c8-490c-9346-3a88872a0c9f:group-684B8942B4BA:LeaderElection69] INFO  impl.RaftServerImpl (ServerState.java:setLeader(263)) - 432584d5-88c8-490c-9346-3a88872a0c9f:group-684B8942B4BA change Leader from null to 432584d5-88c8-490c-9346-3a88872a0c9f at term 1 for becomeLeader, leader elected after 5194ms
2019-09-12 11:36:03,218 [432584d5-88c8-490c-9346-3a88872a0c9f:group-A559499A9ECD:LeaderElection70] INFO  server.RaftServerConfigKeys (ConfUtils.java:logGet(43)) - raft.server.staging.catchup.gap = 1000 (default)
2019-09-12 11:36:03,218 [432584d5-88c8-490c-9346-3a88872a0c9f:group-684B8942B4BA:LeaderElection69] INFO  server.RaftServerConfigKeys (ConfUtils.java:logGet(43)) - raft.server.staging.catchup.gap = 1000 (default)
2019-09-12 11:36:03,218 [432584d5-88c8-490c-9346-3a88872a0c9f:group-A559499A9ECD:LeaderElection70] INFO  server.RaftServerConfigKeys (ConfUtils.java:logGet(43)) - raft.server.rpc.sleep.time = 25ms (default)
2019-09-12 11:36:03,218 [432584d5-88c8-490c-9346-3a88872a0c9f:group-684B8942B4BA:LeaderElection69] INFO  server.RaftServerConfigKeys (ConfUtils.java:logGet(43)) - raft.server.rpc.sleep.time = 25ms (default)
2019-09-12 11:36:03,218 [432584d5-88c8-490c-9346-3a88872a0c9f:group-A559499A9ECD:LeaderElection70] INFO  server.RaftServerConfigKeys (ConfUtils.java:logGet(43)) - raft.server.write.element-limit = 4096 (default)
2019-09-12 11:36:03,218 [432584d5-88c8-490c-9346-3a88872a0c9f:group-684B8942B4BA:LeaderElection69] INFO  server.RaftServerConfigKeys (ConfUtils.java:logGet(43)) - raft.server.write.element-limit = 4096 (default)
2019-09-12 11:36:03,219 [432584d5-88c8-490c-9346-3a88872a0c9f:group-A559499A9ECD:LeaderElection70] INFO  server.RaftServerConfigKeys (ConfUtils.java:logGet(43)) - raft.server.watch.timeout = 10s (default)
2019-09-12 11:36:03,219 [432584d5-88c8-490c-9346-3a88872a0c9f:group-684B8942B4BA:LeaderElection69] INFO  server.RaftServerConfigKeys (ConfUtils.java:logGet(43)) - raft.server.watch.timeout = 10s (default)
2019-09-12 11:36:03,219 [432584d5-88c8-490c-9346-3a88872a0c9f:group-A559499A9ECD:LeaderElection70] INFO  server.RaftServerConfigKeys (ConfUtils.java:logGet(43)) - raft.server.watch.timeout.denomination = 1s (default)
2019-09-12 11:36:03,219 [432584d5-88c8-490c-9346-3a88872a0c9f:group-684B8942B4BA:LeaderElection69] INFO  server.RaftServerConfigKeys (ConfUtils.java:logGet(43)) - raft.server.watch.timeout.denomination = 1s (default)
2019-09-12 11:36:03,219 [432584d5-88c8-490c-9346-3a88872a0c9f:group-A559499A9ECD:LeaderElection70] INFO  server.RaftServerConfigKeys (ConfUtils.java:logGet(43)) - raft.server.watch.element-limit = 65536 (default)
2019-09-12 11:36:03,219 [432584d5-88c8-490c-9346-3a88872a0c9f:group-684B8942B4BA:LeaderElection69] INFO  server.RaftServerConfigKeys (ConfUtils.java:logGet(43)) - raft.server.watch.element-limit = 65536 (default)
2019-09-12 11:36:03,219 [432584d5-88c8-490c-9346-3a88872a0c9f:group-A559499A9ECD:LeaderElection70] INFO  impl.RoleInfo (RoleInfo.java:updateAndGet(143)) - 432584d5-88c8-490c-9346-3a88872a0c9f: start LeaderState
2019-09-12 11:36:03,220 [432584d5-88c8-490c-9346-3a88872a0c9f:group-684B8942B4BA:LeaderElection69] INFO  impl.RoleInfo (RoleInfo.java:updateAndGet(143)) - 432584d5-88c8-490c-9346-3a88872a0c9f: start LeaderState
2019-09-12 11:36:03,220 [432584d5-88c8-490c-9346-3a88872a0c9f:group-A559499A9ECD:LeaderElection70] INFO  segmented.SegmentedRaftLogWorker (SegmentedRaftLogWorker.java:startLogSegment(380)) - 432584d5-88c8-490c-9346-3a88872a0c9f-SegmentedRaftLogWorker:Storage Directory /workdir/hadoop-ozone/ozonefs/target/test-dir/MiniOzoneClusterImpl-bec828f4-ba15-4d3e-832d-771921fb3a31/datanode-2/data/ratis/5e1d6e8d-362a-440e-b511-a559499a9ecd: Starting segment from index:0
2019-09-12 11:36:03,220 [432584d5-88c8-490c-9346-3a88872a0c9f:group-684B8942B4BA:LeaderElection69] INFO  segmented.SegmentedRaftLogWorker (SegmentedRaftLogWorker.java:startLogSegment(380)) - 432584d5-88c8-490c-9346-3a88872a0c9f-SegmentedRaftLogWorker:Storage Directory /workdir/hadoop-ozone/ozonefs/target/test-dir/MiniOzoneClusterImpl-bec828f4-ba15-4d3e-832d-771921fb3a31/datanode-2/data/ratis/2ca96bda-9bc1-4fa8-bb88-684b8942b4ba: Starting segment from index:0
2019-09-12 11:36:03,220 [432584d5-88c8-490c-9346-3a88872a0c9f:group-A559499A9ECD:LeaderElection70] INFO  impl.RaftServerImpl (ServerState.java:setRaftConf(361)) - 432584d5-88c8-490c-9346-3a88872a0c9f:group-A559499A9ECD set configuration 0: [432584d5-88c8-490c-9346-3a88872a0c9f:192.168.36.114:36716], old=null at 0
2019-09-12 11:36:03,221 [432584d5-88c8-490c-9346-3a88872a0c9f:group-684B8942B4BA:LeaderElection69] INFO  impl.RaftServerImpl (ServerState.java:setRaftConf(361)) - 432584d5-88c8-490c-9346-3a88872a0c9f:group-684B8942B4BA set configuration 0: [432584d5-88c8-490c-9346-3a88872a0c9f:192.168.36.114:36716], old=null at 0
2019-09-12 11:36:03,234 [ForkJoinPool.commonPool-worker-0] INFO  ozoneimpl.OzoneContainer (OzoneContainer.java:stop(199)) - Attempting to stop container services.
2019-09-12 11:36:03,234 [Thread-806] INFO  ozoneimpl.OzoneContainer (OzoneContainer.java:stop(199)) - Attempting to stop container services.
2019-09-12 11:36:03,235 [ForkJoinPool.commonPool-worker-0] INFO  impl.RaftServerProxy (RaftServerProxy.java:lambda$close$4(314)) - 6661f358-369a-4112-b2ad-dc5770b37a80: close
2019-09-12 11:36:03,235 [Thread-806] INFO  impl.RaftServerProxy (RaftServerProxy.java:lambda$close$4(314)) - 6daa7f41-8dea-4799-8bce-e60ff6f7b764: close
2019-09-12 11:36:03,235 [ForkJoinPool.commonPool-worker-0] INFO  impl.RaftServerImpl (RaftServerImpl.java:lambda$shutdown$3(245)) - 6661f358-369a-4112-b2ad-dc5770b37a80: shutdown group-6269E65B7335
2019-09-12 11:36:03,236 [Thread-806] INFO  impl.RaftServerImpl (RaftServerImpl.java:lambda$shutdown$3(245)) - 6daa7f41-8dea-4799-8bce-e60ff6f7b764: shutdown group-AF16D2F3BA25
2019-09-12 11:36:03,236 [ForkJoinPool.commonPool-worker-0] INFO  util.JmxRegister (JmxRegister.java:unregister(73)) - Successfully un-registered JMX Bean with object name Ratis:service=RaftServer,group=group-6269E65B7335,id=6661f358-369a-4112-b2ad-dc5770b37a80
2019-09-12 11:36:03,236 [Thread-806] INFO  util.JmxRegister (JmxRegister.java:unregister(73)) - Successfully un-registered JMX Bean with object name Ratis:service=RaftServer,group=group-AF16D2F3BA25,id=6daa7f41-8dea-4799-8bce-e60ff6f7b764
2019-09-12 11:36:03,236 [ForkJoinPool.commonPool-worker-0] INFO  impl.RoleInfo (RoleInfo.java:shutdownLeaderState(104)) - 6661f358-369a-4112-b2ad-dc5770b37a80: shutdown LeaderState
2019-09-12 11:36:03,237 [Thread-806] INFO  impl.RoleInfo (RoleInfo.java:shutdownLeaderState(104)) - 6daa7f41-8dea-4799-8bce-e60ff6f7b764: shutdown LeaderState
2019-09-12 11:36:03,237 [ForkJoinPool.commonPool-worker-0] INFO  impl.PendingRequests (PendingRequests.java:sendNotLeaderResponses(202)) - 6661f358-369a-4112-b2ad-dc5770b37a80-PendingRequests: sendNotLeaderResponses
2019-09-12 11:36:03,237 [Thread-806] INFO  impl.PendingRequests (PendingRequests.java:sendNotLeaderResponses(202)) - 6daa7f41-8dea-4799-8bce-e60ff6f7b764-PendingRequests: sendNotLeaderResponses
2019-09-12 11:36:03,237 [ForkJoinPool.commonPool-worker-0] INFO  impl.StateMachineUpdater (StateMachineUpdater.java:stopAndJoin(115)) - StateMachineUpdater:6661f358-369a-4112-b2ad-dc5770b37a80:group-6269E65B7335: set stopIndex = 0
2019-09-12 11:36:03,238 [Thread-806] INFO  impl.StateMachineUpdater (StateMachineUpdater.java:stopAndJoin(115)) - StateMachineUpdater:6daa7f41-8dea-4799-8bce-e60ff6f7b764:group-AF16D2F3BA25: set stopIndex = 0
2019-09-12 11:36:03,238 [ForkJoinPool.commonPool-worker-0] INFO  impl.RaftServerImpl (ServerState.java:close(394)) - 6661f358-369a-4112-b2ad-dc5770b37a80:group-6269E65B7335 closes. The last applied log index is 0
2019-09-12 11:36:03,238 [Thread-806] INFO  impl.RaftServerImpl (ServerState.java:close(394)) - 6daa7f41-8dea-4799-8bce-e60ff6f7b764:group-AF16D2F3BA25 closes. The last applied log index is 0
2019-09-12 11:36:03,238 [6661f358-369a-4112-b2ad-dc5770b37a80-SegmentedRaftLogWorker:Storage Directory /workdir/hadoop-ozone/ozonefs/target/test-dir/MiniOzoneClusterImpl-bec828f4-ba15-4d3e-832d-771921fb3a31/datanode-0/data/ratis/7aa196a5-64d7-4f6b-8d4a-6269e65b7335] INFO  segmented.SegmentedRaftLogWorker (SegmentedRaftLogWorker.java:run(313)) - 6661f358-369a-4112-b2ad-dc5770b37a80-SegmentedRaftLogWorker:Storage Directory /workdir/hadoop-ozone/ozonefs/target/test-dir/MiniOzoneClusterImpl-bec828f4-ba15-4d3e-832d-771921fb3a31/datanode-0/data/ratis/7aa196a5-64d7-4f6b-8d4a-6269e65b7335 was interrupted, exiting. There are 0 tasks remaining in the queue.
2019-09-12 11:36:03,239 [6daa7f41-8dea-4799-8bce-e60ff6f7b764-SegmentedRaftLogWorker:Storage Directory /workdir/hadoop-ozone/ozonefs/target/test-dir/MiniOzoneClusterImpl-bec828f4-ba15-4d3e-832d-771921fb3a31/datanode-1/data/ratis/5b7d2add-3ecd-4082-a76b-af16d2f3ba25] INFO  segmented.SegmentedRaftLogWorker (SegmentedRaftLogWorker.java:run(313)) - 6daa7f41-8dea-4799-8bce-e60ff6f7b764-SegmentedRaftLogWorker:Storage Directory /workdir/hadoop-ozone/ozonefs/target/test-dir/MiniOzoneClusterImpl-bec828f4-ba15-4d3e-832d-771921fb3a31/datanode-1/data/ratis/5b7d2add-3ecd-4082-a76b-af16d2f3ba25 was interrupted, exiting. There are 0 tasks remaining in the queue.
2019-09-12 11:36:03,239 [ForkJoinPool.commonPool-worker-0] INFO  segmented.SegmentedRaftLogWorker (SegmentedRaftLogWorker.java:close(228)) - 6661f358-369a-4112-b2ad-dc5770b37a80-SegmentedRaftLogWorker:Storage Directory /workdir/hadoop-ozone/ozonefs/target/test-dir/MiniOzoneClusterImpl-bec828f4-ba15-4d3e-832d-771921fb3a31/datanode-0/data/ratis/7aa196a5-64d7-4f6b-8d4a-6269e65b7335 close()
2019-09-12 11:36:03,239 [Thread-806] INFO  segmented.SegmentedRaftLogWorker (SegmentedRaftLogWorker.java:close(228)) - 6daa7f41-8dea-4799-8bce-e60ff6f7b764-SegmentedRaftLogWorker:Storage Directory /workdir/hadoop-ozone/ozonefs/target/test-dir/MiniOzoneClusterImpl-bec828f4-ba15-4d3e-832d-771921fb3a31/datanode-1/data/ratis/5b7d2add-3ecd-4082-a76b-af16d2f3ba25 close()
2019-09-12 11:36:03,256 [ForkJoinPool.commonPool-worker-0] INFO  impl.RaftServerImpl (RaftServerImpl.java:lambda$shutdown$3(245)) - 6661f358-369a-4112-b2ad-dc5770b37a80: shutdown group-EDF16888BB61
2019-09-12 11:36:03,257 [Thread-806] INFO  impl.RaftServerImpl (RaftServerImpl.java:lambda$shutdown$3(245)) - 6daa7f41-8dea-4799-8bce-e60ff6f7b764: shutdown group-E19A2824500A
2019-09-12 11:36:03,258 [ForkJoinPool.commonPool-worker-0] INFO  util.JmxRegister (JmxRegister.java:unregister(73)) - Successfully un-registered JMX Bean with object name Ratis:service=RaftServer,group=group-EDF16888BB61,id=6661f358-369a-4112-b2ad-dc5770b37a80
2019-09-12 11:36:03,258 [ForkJoinPool.commonPool-worker-0] INFO  impl.RoleInfo (RoleInfo.java:shutdownLeaderState(104)) - 6661f358-369a-4112-b2ad-dc5770b37a80: shutdown LeaderState
2019-09-12 11:36:03,258 [Thread-806] INFO  util.JmxRegister (JmxRegister.java:unregister(73)) - Successfully un-registered JMX Bean with object name Ratis:service=RaftServer,group=group-E19A2824500A,id=6daa7f41-8dea-4799-8bce-e60ff6f7b764
2019-09-12 11:36:03,258 [ForkJoinPool.commonPool-worker-0] INFO  impl.PendingRequests (PendingRequests.java:sendNotLeaderResponses(202)) - 6661f358-369a-4112-b2ad-dc5770b37a80-PendingRequests: sendNotLeaderResponses
2019-09-12 11:36:03,259 [Thread-806] INFO  impl.RoleInfo (RoleInfo.java:shutdownLeaderState(104)) - 6daa7f41-8dea-4799-8bce-e60ff6f7b764: shutdown LeaderState
2019-09-12 11:36:03,259 [ForkJoinPool.commonPool-worker-0] INFO  impl.StateMachineUpdater (StateMachineUpdater.java:stopAndJoin(115)) - StateMachineUpdater:6661f358-369a-4112-b2ad-dc5770b37a80:group-EDF16888BB61: set stopIndex = 0
2019-09-12 11:36:03,259 [Thread-806] INFO  impl.PendingRequests (PendingRequests.java:sendNotLeaderResponses(202)) - 6daa7f41-8dea-4799-8bce-e60ff6f7b764-PendingRequests: sendNotLeaderResponses
2019-09-12 11:36:03,259 [ForkJoinPool.commonPool-worker-0] INFO  impl.RaftServerImpl (ServerState.java:close(394)) - 6661f358-369a-4112-b2ad-dc5770b37a80:group-EDF16888BB61 closes. The last applied log index is 0
2019-09-12 11:36:03,260 [Thread-806] INFO  impl.StateMachineUpdater (StateMachineUpdater.java:stopAndJoin(115)) - StateMachineUpdater:6daa7f41-8dea-4799-8bce-e60ff6f7b764:group-E19A2824500A: set stopIndex = 0
2019-09-12 11:36:03,260 [6661f358-369a-4112-b2ad-dc5770b37a80-SegmentedRaftLogWorker:Storage Directory /workdir/hadoop-ozone/ozonefs/target/test-dir/MiniOzoneClusterImpl-bec828f4-ba15-4d3e-832d-771921fb3a31/datanode-0/data/ratis/e778e859-20a9-4a36-b060-edf16888bb61] INFO  segmented.SegmentedRaftLogWorker (SegmentedRaftLogWorker.java:run(313)) - 6661f358-369a-4112-b2ad-dc5770b37a80-SegmentedRaftLogWorker:Storage Directory /workdir/hadoop-ozone/ozonefs/target/test-dir/MiniOzoneClusterImpl-bec828f4-ba15-4d3e-832d-771921fb3a31/datanode-0/data/ratis/e778e859-20a9-4a36-b060-edf16888bb61 was interrupted, exiting. There are 0 tasks remaining in the queue.
2019-09-12 11:36:03,260 [Thread-806] INFO  impl.RaftServerImpl (ServerState.java:close(394)) - 6daa7f41-8dea-4799-8bce-e60ff6f7b764:group-E19A2824500A closes. The last applied log index is 0
2019-09-12 11:36:03,260 [ForkJoinPool.commonPool-worker-0] INFO  segmented.SegmentedRaftLogWorker (SegmentedRaftLogWorker.java:close(228)) - 6661f358-369a-4112-b2ad-dc5770b37a80-SegmentedRaftLogWorker:Storage Directory /workdir/hadoop-ozone/ozonefs/target/test-dir/MiniOzoneClusterImpl-bec828f4-ba15-4d3e-832d-771921fb3a31/datanode-0/data/ratis/e778e859-20a9-4a36-b060-edf16888bb61 close()
2019-09-12 11:36:03,261 [6daa7f41-8dea-4799-8bce-e60ff6f7b764-SegmentedRaftLogWorker:Storage Directory /workdir/hadoop-ozone/ozonefs/target/test-dir/MiniOzoneClusterImpl-bec828f4-ba15-4d3e-832d-771921fb3a31/datanode-1/data/ratis/f3cfd0b0-82cb-4250-8dd5-e19a2824500a] INFO  segmented.SegmentedRaftLogWorker (SegmentedRaftLogWorker.java:run(313)) - 6daa7f41-8dea-4799-8bce-e60ff6f7b764-SegmentedRaftLogWorker:Storage Directory /workdir/hadoop-ozone/ozonefs/target/test-dir/MiniOzoneClusterImpl-bec828f4-ba15-4d3e-832d-771921fb3a31/datanode-1/data/ratis/f3cfd0b0-82cb-4250-8dd5-e19a2824500a was interrupted, exiting. There are 0 tasks remaining in the queue.
2019-09-12 11:36:03,262 [ForkJoinPool.commonPool-worker-0] INFO  impl.RaftServerImpl (RaftServerImpl.java:lambda$shutdown$3(245)) - 6661f358-369a-4112-b2ad-dc5770b37a80: shutdown group-1EDBEAA798BC
2019-09-12 11:36:03,262 [Thread-806] INFO  segmented.SegmentedRaftLogWorker (SegmentedRaftLogWorker.java:close(228)) - 6daa7f41-8dea-4799-8bce-e60ff6f7b764-SegmentedRaftLogWorker:Storage Directory /workdir/hadoop-ozone/ozonefs/target/test-dir/MiniOzoneClusterImpl-bec828f4-ba15-4d3e-832d-771921fb3a31/datanode-1/data/ratis/f3cfd0b0-82cb-4250-8dd5-e19a2824500a close()
2019-09-12 11:36:03,263 [ForkJoinPool.commonPool-worker-0] INFO  util.JmxRegister (JmxRegister.java:unregister(73)) - Successfully un-registered JMX Bean with object name Ratis:service=RaftServer,group=group-1EDBEAA798BC,id=6661f358-369a-4112-b2ad-dc5770b37a80
2019-09-12 11:36:03,264 [Thread-806] INFO  impl.RaftServerImpl (RaftServerImpl.java:lambda$shutdown$3(245)) - 6daa7f41-8dea-4799-8bce-e60ff6f7b764: shutdown group-1A5835F28A67
2019-09-12 11:36:03,264 [ForkJoinPool.commonPool-worker-0] INFO  impl.RoleInfo (RoleInfo.java:shutdownLeaderState(104)) - 6661f358-369a-4112-b2ad-dc5770b37a80: shutdown LeaderState
2019-09-12 11:36:03,265 [Thread-806] INFO  util.JmxRegister (JmxRegister.java:unregister(73)) - Successfully un-registered JMX Bean with object name Ratis:service=RaftServer,group=group-1A5835F28A67,id=6daa7f41-8dea-4799-8bce-e60ff6f7b764
2019-09-12 11:36:03,265 [ForkJoinPool.commonPool-worker-0] INFO  impl.PendingRequests (PendingRequests.java:sendNotLeaderResponses(202)) - 6661f358-369a-4112-b2ad-dc5770b37a80-PendingRequests: sendNotLeaderResponses
2019-09-12 11:36:03,265 [Thread-806] INFO  impl.RoleInfo (RoleInfo.java:shutdownLeaderState(104)) - 6daa7f41-8dea-4799-8bce-e60ff6f7b764: shutdown LeaderState
2019-09-12 11:36:03,265 [ForkJoinPool.commonPool-worker-0] INFO  impl.StateMachineUpdater (StateMachineUpdater.java:stopAndJoin(115)) - StateMachineUpdater:6661f358-369a-4112-b2ad-dc5770b37a80:group-1EDBEAA798BC: set stopIndex = 0
2019-09-12 11:36:03,266 [Thread-806] INFO  impl.PendingRequests (PendingRequests.java:sendNotLeaderResponses(202)) - 6daa7f41-8dea-4799-8bce-e60ff6f7b764-PendingRequests: sendNotLeaderResponses
2019-09-12 11:36:03,266 [ForkJoinPool.commonPool-worker-0] INFO  impl.RaftServerImpl (ServerState.java:close(394)) - 6661f358-369a-4112-b2ad-dc5770b37a80:group-1EDBEAA798BC closes. The last applied log index is 0
2019-09-12 11:36:03,266 [Thread-806] INFO  impl.StateMachineUpdater (StateMachineUpdater.java:stopAndJoin(115)) - StateMachineUpdater:6daa7f41-8dea-4799-8bce-e60ff6f7b764:group-1A5835F28A67: set stopIndex = 0
2019-09-12 11:36:03,266 [6661f358-369a-4112-b2ad-dc5770b37a80-SegmentedRaftLogWorker:Storage Directory /workdir/hadoop-ozone/ozonefs/target/test-dir/MiniOzoneClusterImpl-bec828f4-ba15-4d3e-832d-771921fb3a31/datanode-0/data/ratis/4e3da3df-203b-4331-8dee-1edbeaa798bc] INFO  segmented.SegmentedRaftLogWorker (SegmentedRaftLogWorker.java:run(313)) - 6661f358-369a-4112-b2ad-dc5770b37a80-SegmentedRaftLogWorker:Storage Directory /workdir/hadoop-ozone/ozonefs/target/test-dir/MiniOzoneClusterImpl-bec828f4-ba15-4d3e-832d-771921fb3a31/datanode-0/data/ratis/4e3da3df-203b-4331-8dee-1edbeaa798bc was interrupted, exiting. There are 0 tasks remaining in the queue.
2019-09-12 11:36:03,267 [Thread-806] INFO  impl.RaftServerImpl (ServerState.java:close(394)) - 6daa7f41-8dea-4799-8bce-e60ff6f7b764:group-1A5835F28A67 closes. The last applied log index is 0
2019-09-12 11:36:03,267 [6daa7f41-8dea-4799-8bce-e60ff6f7b764-SegmentedRaftLogWorker:Storage Directory /workdir/hadoop-ozone/ozonefs/target/test-dir/MiniOzoneClusterImpl-bec828f4-ba15-4d3e-832d-771921fb3a31/datanode-1/data/ratis/c33df1a0-88cb-43a0-8e6b-1a5835f28a67] INFO  segmented.SegmentedRaftLogWorker (SegmentedRaftLogWorker.java:run(313)) - 6daa7f41-8dea-4799-8bce-e60ff6f7b764-SegmentedRaftLogWorker:Storage Directory /workdir/hadoop-ozone/ozonefs/target/test-dir/MiniOzoneClusterImpl-bec828f4-ba15-4d3e-832d-771921fb3a31/datanode-1/data/ratis/c33df1a0-88cb-43a0-8e6b-1a5835f28a67 was interrupted, exiting. There are 0 tasks remaining in the queue.
2019-09-12 11:36:03,268 [Thread-1030] INFO  impl.FollowerState (FollowerState.java:run(106)) - 432584d5-88c8-490c-9346-3a88872a0c9f:group-D887C300BA36 changes to CANDIDATE, lastRpcTime:5102, electionTimeout:5102ms
2019-09-12 11:36:03,269 [Thread-1030] INFO  impl.RoleInfo (RoleInfo.java:shutdownFollowerState(121)) - 432584d5-88c8-490c-9346-3a88872a0c9f: shutdown FollowerState
2019-09-12 11:36:03,269 [Thread-1030] INFO  impl.RaftServerImpl (RaftServerImpl.java:setRole(171)) - 432584d5-88c8-490c-9346-3a88872a0c9f:group-D887C300BA36 changes role from FOLLOWER to CANDIDATE at term 0 for changeToCandidate
2019-09-12 11:36:03,269 [Thread-1030] INFO  impl.RoleInfo (RoleInfo.java:updateAndGet(143)) - 432584d5-88c8-490c-9346-3a88872a0c9f: start LeaderElection
2019-09-12 11:36:03,271 [ForkJoinPool.commonPool-worker-0] INFO  segmented.SegmentedRaftLogWorker (SegmentedRaftLogWorker.java:close(228)) - 6661f358-369a-4112-b2ad-dc5770b37a80-SegmentedRaftLogWorker:Storage Directory /workdir/hadoop-ozone/ozonefs/target/test-dir/MiniOzoneClusterImpl-bec828f4-ba15-4d3e-832d-771921fb3a31/datanode-0/data/ratis/4e3da3df-203b-4331-8dee-1edbeaa798bc close()
2019-09-12 11:36:03,271 [Thread-806] INFO  segmented.SegmentedRaftLogWorker (SegmentedRaftLogWorker.java:close(228)) - 6daa7f41-8dea-4799-8bce-e60ff6f7b764-SegmentedRaftLogWorker:Storage Directory /workdir/hadoop-ozone/ozonefs/target/test-dir/MiniOzoneClusterImpl-bec828f4-ba15-4d3e-832d-771921fb3a31/datanode-1/data/ratis/c33df1a0-88cb-43a0-8e6b-1a5835f28a67 close()
2019-09-12 11:36:03,272 [ForkJoinPool.commonPool-worker-0] INFO  impl.RaftServerImpl (RaftServerImpl.java:lambda$shutdown$3(245)) - 6661f358-369a-4112-b2ad-dc5770b37a80: shutdown group-B361FA8E1E04
2019-09-12 11:36:03,274 [Thread-806] INFO  impl.RaftServerImpl (RaftServerImpl.java:lambda$shutdown$3(245)) - 6daa7f41-8dea-4799-8bce-e60ff6f7b764: shutdown group-D4A891BE6782
2019-09-12 11:36:03,274 [ForkJoinPool.commonPool-worker-0] INFO  util.JmxRegister (JmxRegister.java:unregister(73)) - Successfully un-registered JMX Bean with object name Ratis:service=RaftServer,group=group-B361FA8E1E04,id=6661f358-369a-4112-b2ad-dc5770b37a80
2019-09-12 11:36:03,274 [Thread-806] INFO  util.JmxRegister (JmxRegister.java:unregister(73)) - Successfully un-registered JMX Bean with object name Ratis:service=RaftServer,group=group-D4A891BE6782,id=6daa7f41-8dea-4799-8bce-e60ff6f7b764
2019-09-12 11:36:03,274 [ForkJoinPool.commonPool-worker-0] INFO  impl.RoleInfo (RoleInfo.java:shutdownLeaderState(104)) - 6661f358-369a-4112-b2ad-dc5770b37a80: shutdown LeaderState
2019-09-12 11:36:03,275 [Thread-806] INFO  impl.RoleInfo (RoleInfo.java:shutdownLeaderState(104)) - 6daa7f41-8dea-4799-8bce-e60ff6f7b764: shutdown LeaderState
2019-09-12 11:36:03,275 [ForkJoinPool.commonPool-worker-0] INFO  impl.PendingRequests (PendingRequests.java:sendNotLeaderResponses(202)) - 6661f358-369a-4112-b2ad-dc5770b37a80-PendingRequests: sendNotLeaderResponses
2019-09-12 11:36:03,275 [Thread-806] INFO  impl.PendingRequests (PendingRequests.java:sendNotLeaderResponses(202)) - 6daa7f41-8dea-4799-8bce-e60ff6f7b764-PendingRequests: sendNotLeaderResponses
2019-09-12 11:36:03,275 [ForkJoinPool.commonPool-worker-0] INFO  impl.StateMachineUpdater (StateMachineUpdater.java:stopAndJoin(115)) - StateMachineUpdater:6661f358-369a-4112-b2ad-dc5770b37a80:group-B361FA8E1E04: set stopIndex = 0
2019-09-12 11:36:03,276 [Thread-806] INFO  impl.StateMachineUpdater (StateMachineUpdater.java:stopAndJoin(115)) - StateMachineUpdater:6daa7f41-8dea-4799-8bce-e60ff6f7b764:group-D4A891BE6782: set stopIndex = 0
2019-09-12 11:36:03,276 [ForkJoinPool.commonPool-worker-0] INFO  impl.RaftServerImpl (ServerState.java:close(394)) - 6661f358-369a-4112-b2ad-dc5770b37a80:group-B361FA8E1E04 closes. The last applied log index is 0
2019-09-12 11:36:03,276 [Thread-806] INFO  impl.RaftServerImpl (ServerState.java:close(394)) - 6daa7f41-8dea-4799-8bce-e60ff6f7b764:group-D4A891BE6782 closes. The last applied log index is 0
2019-09-12 11:36:03,276 [6661f358-369a-4112-b2ad-dc5770b37a80-SegmentedRaftLogWorker:Storage Directory /workdir/hadoop-ozone/ozonefs/target/test-dir/MiniOzoneClusterImpl-bec828f4-ba15-4d3e-832d-771921fb3a31/datanode-0/data/ratis/6ed381ba-6fed-44d2-88be-b361fa8e1e04] INFO  segmented.SegmentedRaftLogWorker (SegmentedRaftLogWorker.java:run(313)) - 6661f358-369a-4112-b2ad-dc5770b37a80-SegmentedRaftLogWorker:Storage Directory /workdir/hadoop-ozone/ozonefs/target/test-dir/MiniOzoneClusterImpl-bec828f4-ba15-4d3e-832d-771921fb3a31/datanode-0/data/ratis/6ed381ba-6fed-44d2-88be-b361fa8e1e04 was interrupted, exiting. There are 0 tasks remaining in the queue.
2019-09-12 11:36:03,277 [6daa7f41-8dea-4799-8bce-e60ff6f7b764-SegmentedRaftLogWorker:Storage Directory /workdir/hadoop-ozone/ozonefs/target/test-dir/MiniOzoneClusterImpl-bec828f4-ba15-4d3e-832d-771921fb3a31/datanode-1/data/ratis/188044ee-fb46-4d42-b77c-d4a891be6782] INFO  segmented.SegmentedRaftLogWorker (SegmentedRaftLogWorker.java:run(313)) - 6daa7f41-8dea-4799-8bce-e60ff6f7b764-SegmentedRaftLogWorker:Storage Directory /workdir/hadoop-ozone/ozonefs/target/test-dir/MiniOzoneClusterImpl-bec828f4-ba15-4d3e-832d-771921fb3a31/datanode-1/data/ratis/188044ee-fb46-4d42-b77c-d4a891be6782 was interrupted, exiting. There are 0 tasks remaining in the queue.
2019-09-12 11:36:03,277 [ForkJoinPool.commonPool-worker-0] INFO  segmented.SegmentedRaftLogWorker (SegmentedRaftLogWorker.java:close(228)) - 6661f358-369a-4112-b2ad-dc5770b37a80-SegmentedRaftLogWorker:Storage Directory /workdir/hadoop-ozone/ozonefs/target/test-dir/MiniOzoneClusterImpl-bec828f4-ba15-4d3e-832d-771921fb3a31/datanode-0/data/ratis/6ed381ba-6fed-44d2-88be-b361fa8e1e04 close()
2019-09-12 11:36:03,277 [Thread-806] INFO  segmented.SegmentedRaftLogWorker (SegmentedRaftLogWorker.java:close(228)) - 6daa7f41-8dea-4799-8bce-e60ff6f7b764-SegmentedRaftLogWorker:Storage Directory /workdir/hadoop-ozone/ozonefs/target/test-dir/MiniOzoneClusterImpl-bec828f4-ba15-4d3e-832d-771921fb3a31/datanode-1/data/ratis/188044ee-fb46-4d42-b77c-d4a891be6782 close()
2019-09-12 11:36:03,278 [ForkJoinPool.commonPool-worker-0] INFO  impl.RaftServerImpl (RaftServerImpl.java:lambda$shutdown$3(245)) - 6661f358-369a-4112-b2ad-dc5770b37a80: shutdown group-003A0DA5AF56
2019-09-12 11:36:03,280 [Thread-806] INFO  impl.RaftServerImpl (RaftServerImpl.java:lambda$shutdown$3(245)) - 6daa7f41-8dea-4799-8bce-e60ff6f7b764: shutdown group-4443FBE6DF28
2019-09-12 11:36:03,280 [ForkJoinPool.commonPool-worker-0] INFO  util.JmxRegister (JmxRegister.java:unregister(73)) - Successfully un-registered JMX Bean with object name Ratis:service=RaftServer,group=group-003A0DA5AF56,id=6661f358-369a-4112-b2ad-dc5770b37a80
2019-09-12 11:36:03,280 [Thread-806] INFO  util.JmxRegister (JmxRegister.java:unregister(73)) - Successfully un-registered JMX Bean with object name Ratis:service=RaftServer,group=group-4443FBE6DF28,id=6daa7f41-8dea-4799-8bce-e60ff6f7b764
2019-09-12 11:36:03,280 [432584d5-88c8-490c-9346-3a88872a0c9f-SegmentedRaftLogWorker:Storage Directory /workdir/hadoop-ozone/ozonefs/target/test-dir/MiniOzoneClusterImpl-bec828f4-ba15-4d3e-832d-771921fb3a31/datanode-2/data/ratis/2ca96bda-9bc1-4fa8-bb88-684b8942b4ba] INFO  segmented.SegmentedRaftLogWorker (SegmentedRaftLogWorker.java:execute(569)) - 432584d5-88c8-490c-9346-3a88872a0c9f-SegmentedRaftLogWorker:Storage Directory /workdir/hadoop-ozone/ozonefs/target/test-dir/MiniOzoneClusterImpl-bec828f4-ba15-4d3e-832d-771921fb3a31/datanode-2/data/ratis/2ca96bda-9bc1-4fa8-bb88-684b8942b4ba: created new log segment /workdir/hadoop-ozone/ozonefs/target/test-dir/MiniOzoneClusterImpl-bec828f4-ba15-4d3e-832d-771921fb3a31/datanode-2/data/ratis/2ca96bda-9bc1-4fa8-bb88-684b8942b4ba/current/log_inprogress_0
2019-09-12 11:36:03,280 [432584d5-88c8-490c-9346-3a88872a0c9f-SegmentedRaftLogWorker:Storage Directory /workdir/hadoop-ozone/ozonefs/target/test-dir/MiniOzoneClusterImpl-bec828f4-ba15-4d3e-832d-771921fb3a31/datanode-2/data/ratis/5e1d6e8d-362a-440e-b511-a559499a9ecd] INFO  segmented.SegmentedRaftLogWorker (SegmentedRaftLogWorker.java:execute(569)) - 432584d5-88c8-490c-9346-3a88872a0c9f-SegmentedRaftLogWorker:Storage Directory /workdir/hadoop-ozone/ozonefs/target/test-dir/MiniOzoneClusterImpl-bec828f4-ba15-4d3e-832d-771921fb3a31/datanode-2/data/ratis/5e1d6e8d-362a-440e-b511-a559499a9ecd: created new log segment /workdir/hadoop-ozone/ozonefs/target/test-dir/MiniOzoneClusterImpl-bec828f4-ba15-4d3e-832d-771921fb3a31/datanode-2/data/ratis/5e1d6e8d-362a-440e-b511-a559499a9ecd/current/log_inprogress_0
2019-09-12 11:36:03,280 [ForkJoinPool.commonPool-worker-0] INFO  impl.RoleInfo (RoleInfo.java:shutdownLeaderState(104)) - 6661f358-369a-4112-b2ad-dc5770b37a80: shutdown LeaderState
2019-09-12 11:36:03,280 [Thread-806] INFO  impl.RoleInfo (RoleInfo.java:shutdownLeaderState(104)) - 6daa7f41-8dea-4799-8bce-e60ff6f7b764: shutdown LeaderState
2019-09-12 11:36:03,281 [ForkJoinPool.commonPool-worker-0] INFO  impl.PendingRequests (PendingRequests.java:sendNotLeaderResponses(202)) - 6661f358-369a-4112-b2ad-dc5770b37a80-PendingRequests: sendNotLeaderResponses
2019-09-12 11:36:03,281 [Thread-806] INFO  impl.PendingRequests (PendingRequests.java:sendNotLeaderResponses(202)) - 6daa7f41-8dea-4799-8bce-e60ff6f7b764-PendingRequests: sendNotLeaderResponses
2019-09-12 11:36:03,282 [ForkJoinPool.commonPool-worker-0] INFO  impl.StateMachineUpdater (StateMachineUpdater.java:stopAndJoin(115)) - StateMachineUpdater:6661f358-369a-4112-b2ad-dc5770b37a80:group-003A0DA5AF56: set stopIndex = 0
2019-09-12 11:36:03,282 [Thread-806] INFO  impl.StateMachineUpdater (StateMachineUpdater.java:stopAndJoin(115)) - StateMachineUpdater:6daa7f41-8dea-4799-8bce-e60ff6f7b764:group-4443FBE6DF28: set stopIndex = 0
2019-09-12 11:36:03,282 [ForkJoinPool.commonPool-worker-0] INFO  impl.RaftServerImpl (ServerState.java:close(394)) - 6661f358-369a-4112-b2ad-dc5770b37a80:group-003A0DA5AF56 closes. The last applied log index is 0
2019-09-12 11:36:03,282 [Thread-806] INFO  impl.RaftServerImpl (ServerState.java:close(394)) - 6daa7f41-8dea-4799-8bce-e60ff6f7b764:group-4443FBE6DF28 closes. The last applied log index is 0
2019-09-12 11:36:03,283 [6661f358-369a-4112-b2ad-dc5770b37a80-SegmentedRaftLogWorker:Storage Directory /workdir/hadoop-ozone/ozonefs/target/test-dir/MiniOzoneClusterImpl-bec828f4-ba15-4d3e-832d-771921fb3a31/datanode-0/data/ratis/ef60c090-f247-40ea-9e29-003a0da5af56] INFO  segmented.SegmentedRaftLogWorker (SegmentedRaftLogWorker.java:run(313)) - 6661f358-369a-4112-b2ad-dc5770b37a80-SegmentedRaftLogWorker:Storage Directory /workdir/hadoop-ozone/ozonefs/target/test-dir/MiniOzoneClusterImpl-bec828f4-ba15-4d3e-832d-771921fb3a31/datanode-0/data/ratis/ef60c090-f247-40ea-9e29-003a0da5af56 was interrupted, exiting. There are 0 tasks remaining in the queue.
2019-09-12 11:36:03,283 [6daa7f41-8dea-4799-8bce-e60ff6f7b764-SegmentedRaftLogWorker:Storage Directory /workdir/hadoop-ozone/ozonefs/target/test-dir/MiniOzoneClusterImpl-bec828f4-ba15-4d3e-832d-771921fb3a31/datanode-1/data/ratis/1bba8eb3-4a9b-4cf0-82fd-4443fbe6df28] INFO  segmented.SegmentedRaftLogWorker (SegmentedRaftLogWorker.java:run(313)) - 6daa7f41-8dea-4799-8bce-e60ff6f7b764-SegmentedRaftLogWorker:Storage Directory /workdir/hadoop-ozone/ozonefs/target/test-dir/MiniOzoneClusterImpl-bec828f4-ba15-4d3e-832d-771921fb3a31/datanode-1/data/ratis/1bba8eb3-4a9b-4cf0-82fd-4443fbe6df28 was interrupted, exiting. There are 0 tasks remaining in the queue.
2019-09-12 11:36:03,284 [ForkJoinPool.commonPool-worker-0] INFO  segmented.SegmentedRaftLogWorker (SegmentedRaftLogWorker.java:close(228)) - 6661f358-369a-4112-b2ad-dc5770b37a80-SegmentedRaftLogWorker:Storage Directory /workdir/hadoop-ozone/ozonefs/target/test-dir/MiniOzoneClusterImpl-bec828f4-ba15-4d3e-832d-771921fb3a31/datanode-0/data/ratis/ef60c090-f247-40ea-9e29-003a0da5af56 close()
2019-09-12 11:36:03,284 [Thread-806] INFO  segmented.SegmentedRaftLogWorker (SegmentedRaftLogWorker.java:close(228)) - 6daa7f41-8dea-4799-8bce-e60ff6f7b764-SegmentedRaftLogWorker:Storage Directory /workdir/hadoop-ozone/ozonefs/target/test-dir/MiniOzoneClusterImpl-bec828f4-ba15-4d3e-832d-771921fb3a31/datanode-1/data/ratis/1bba8eb3-4a9b-4cf0-82fd-4443fbe6df28 close()
2019-09-12 11:36:03,285 [ForkJoinPool.commonPool-worker-0] INFO  impl.RaftServerImpl (RaftServerImpl.java:lambda$shutdown$3(245)) - 6661f358-369a-4112-b2ad-dc5770b37a80: shutdown group-9DC9ABD62F73
2019-09-12 11:36:03,287 [Thread-806] INFO  impl.RaftServerImpl (RaftServerImpl.java:lambda$shutdown$3(245)) - 6daa7f41-8dea-4799-8bce-e60ff6f7b764: shutdown group-9CFA0DFE7935
2019-09-12 11:36:03,287 [ForkJoinPool.commonPool-worker-0] INFO  util.JmxRegister (JmxRegister.java:unregister(73)) - Successfully un-registered JMX Bean with object name Ratis:service=RaftServer,group=group-9DC9ABD62F73,id=6661f358-369a-4112-b2ad-dc5770b37a80
2019-09-12 11:36:03,287 [Thread-806] INFO  util.JmxRegister (JmxRegister.java:unregister(73)) - Successfully un-registered JMX Bean with object name Ratis:service=RaftServer,group=group-9CFA0DFE7935,id=6daa7f41-8dea-4799-8bce-e60ff6f7b764
2019-09-12 11:36:03,287 [ForkJoinPool.commonPool-worker-0] INFO  impl.RoleInfo (RoleInfo.java:shutdownLeaderState(104)) - 6661f358-369a-4112-b2ad-dc5770b37a80: shutdown LeaderState
2019-09-12 11:36:03,288 [Thread-806] INFO  impl.RoleInfo (RoleInfo.java:shutdownLeaderState(104)) - 6daa7f41-8dea-4799-8bce-e60ff6f7b764: shutdown LeaderState
2019-09-12 11:36:03,288 [ForkJoinPool.commonPool-worker-0] INFO  impl.PendingRequests (PendingRequests.java:sendNotLeaderResponses(202)) - 6661f358-369a-4112-b2ad-dc5770b37a80-PendingRequests: sendNotLeaderResponses
2019-09-12 11:36:03,288 [Thread-806] INFO  impl.PendingRequests (PendingRequests.java:sendNotLeaderResponses(202)) - 6daa7f41-8dea-4799-8bce-e60ff6f7b764-PendingRequests: sendNotLeaderResponses
2019-09-12 11:36:03,289 [ForkJoinPool.commonPool-worker-0] INFO  impl.StateMachineUpdater (StateMachineUpdater.java:stopAndJoin(115)) - StateMachineUpdater:6661f358-369a-4112-b2ad-dc5770b37a80:group-9DC9ABD62F73: set stopIndex = 0
2019-09-12 11:36:03,289 [Thread-806] INFO  impl.StateMachineUpdater (StateMachineUpdater.java:stopAndJoin(115)) - StateMachineUpdater:6daa7f41-8dea-4799-8bce-e60ff6f7b764:group-9CFA0DFE7935: set stopIndex = 0
2019-09-12 11:36:03,289 [ForkJoinPool.commonPool-worker-0] INFO  impl.RaftServerImpl (ServerState.java:close(394)) - 6661f358-369a-4112-b2ad-dc5770b37a80:group-9DC9ABD62F73 closes. The last applied log index is 0
2019-09-12 11:36:03,290 [Thread-806] INFO  impl.RaftServerImpl (ServerState.java:close(394)) - 6daa7f41-8dea-4799-8bce-e60ff6f7b764:group-9CFA0DFE7935 closes. The last applied log index is 0
2019-09-12 11:36:03,290 [6661f358-369a-4112-b2ad-dc5770b37a80-SegmentedRaftLogWorker:Storage Directory /workdir/hadoop-ozone/ozonefs/target/test-dir/MiniOzoneClusterImpl-bec828f4-ba15-4d3e-832d-771921fb3a31/datanode-0/data/ratis/87336bcb-f43d-4879-a3bf-9dc9abd62f73] INFO  segmented.SegmentedRaftLogWorker (SegmentedRaftLogWorker.java:run(313)) - 6661f358-369a-4112-b2ad-dc5770b37a80-SegmentedRaftLogWorker:Storage Directory /workdir/hadoop-ozone/ozonefs/target/test-dir/MiniOzoneClusterImpl-bec828f4-ba15-4d3e-832d-771921fb3a31/datanode-0/data/ratis/87336bcb-f43d-4879-a3bf-9dc9abd62f73 was interrupted, exiting. There are 0 tasks remaining in the queue.
2019-09-12 11:36:03,290 [6daa7f41-8dea-4799-8bce-e60ff6f7b764-SegmentedRaftLogWorker:Storage Directory /workdir/hadoop-ozone/ozonefs/target/test-dir/MiniOzoneClusterImpl-bec828f4-ba15-4d3e-832d-771921fb3a31/datanode-1/data/ratis/68943c5f-8ceb-414b-92f6-9cfa0dfe7935] INFO  segmented.SegmentedRaftLogWorker (SegmentedRaftLogWorker.java:run(313)) - 6daa7f41-8dea-4799-8bce-e60ff6f7b764-SegmentedRaftLogWorker:Storage Directory /workdir/hadoop-ozone/ozonefs/target/test-dir/MiniOzoneClusterImpl-bec828f4-ba15-4d3e-832d-771921fb3a31/datanode-1/data/ratis/68943c5f-8ceb-414b-92f6-9cfa0dfe7935 was interrupted, exiting. There are 0 tasks remaining in the queue.
2019-09-12 11:36:03,290 [ForkJoinPool.commonPool-worker-0] INFO  segmented.SegmentedRaftLogWorker (SegmentedRaftLogWorker.java:close(228)) - 6661f358-369a-4112-b2ad-dc5770b37a80-SegmentedRaftLogWorker:Storage Directory /workdir/hadoop-ozone/ozonefs/target/test-dir/MiniOzoneClusterImpl-bec828f4-ba15-4d3e-832d-771921fb3a31/datanode-0/data/ratis/87336bcb-f43d-4879-a3bf-9dc9abd62f73 close()
2019-09-12 11:36:03,291 [Thread-806] INFO  segmented.SegmentedRaftLogWorker (SegmentedRaftLogWorker.java:close(228)) - 6daa7f41-8dea-4799-8bce-e60ff6f7b764-SegmentedRaftLogWorker:Storage Directory /workdir/hadoop-ozone/ozonefs/target/test-dir/MiniOzoneClusterImpl-bec828f4-ba15-4d3e-832d-771921fb3a31/datanode-1/data/ratis/68943c5f-8ceb-414b-92f6-9cfa0dfe7935 close()
2019-09-12 11:36:03,292 [ForkJoinPool.commonPool-worker-0] INFO  server.GrpcService (GrpcService.java:closeImpl(155)) - 6661f358-369a-4112-b2ad-dc5770b37a80: shutdown server with port 35869 now
2019-09-12 11:36:03,293 [Thread-806] INFO  server.GrpcService (GrpcService.java:closeImpl(155)) - 6daa7f41-8dea-4799-8bce-e60ff6f7b764: shutdown server with port 44429 now
2019-09-12 11:36:03,295 [ForkJoinPool.commonPool-worker-0] INFO  server.GrpcService (GrpcService.java:closeImpl(163)) - 6661f358-369a-4112-b2ad-dc5770b37a80: shutdown server with port 35869 successfully
2019-09-12 11:36:03,296 [432584d5-88c8-490c-9346-3a88872a0c9f:group-D887C300BA36:LeaderElection71] INFO  impl.LeaderElection (LeaderElection.java:askForVotes(181)) - 432584d5-88c8-490c-9346-3a88872a0c9f:group-D887C300BA36:LeaderElection71: begin an election at term 1 for -1: [432584d5-88c8-490c-9346-3a88872a0c9f:192.168.36.114:36716], old=null
2019-09-12 11:36:03,296 [Thread-806] INFO  server.GrpcService (GrpcService.java:closeImpl(163)) - 6daa7f41-8dea-4799-8bce-e60ff6f7b764: shutdown server with port 44429 successfully
2019-09-12 11:36:03,297 [432584d5-88c8-490c-9346-3a88872a0c9f:group-D887C300BA36:LeaderElection71] INFO  impl.RoleInfo (RoleInfo.java:shutdownLeaderElection(134)) - 432584d5-88c8-490c-9346-3a88872a0c9f: shutdown LeaderElection
2019-09-12 11:36:03,297 [432584d5-88c8-490c-9346-3a88872a0c9f:group-D887C300BA36:LeaderElection71] INFO  impl.RaftServerImpl (RaftServerImpl.java:setRole(171)) - 432584d5-88c8-490c-9346-3a88872a0c9f:group-D887C300BA36 changes role from CANDIDATE to LEADER at term 1 for changeToLeader
2019-09-12 11:36:03,297 [432584d5-88c8-490c-9346-3a88872a0c9f:group-D887C300BA36:LeaderElection71] INFO  impl.RaftServerImpl (ServerState.java:setLeader(263)) - 432584d5-88c8-490c-9346-3a88872a0c9f:group-D887C300BA36 change Leader from null to 432584d5-88c8-490c-9346-3a88872a0c9f at term 1 for becomeLeader, leader elected after 5135ms
2019-09-12 11:36:03,297 [432584d5-88c8-490c-9346-3a88872a0c9f:group-D887C300BA36:LeaderElection71] INFO  server.RaftServerConfigKeys (ConfUtils.java:logGet(43)) - raft.server.staging.catchup.gap = 1000 (default)
2019-09-12 11:36:03,298 [432584d5-88c8-490c-9346-3a88872a0c9f:group-D887C300BA36:LeaderElection71] INFO  server.RaftServerConfigKeys (ConfUtils.java:logGet(43)) - raft.server.rpc.sleep.time = 25ms (default)
2019-09-12 11:36:03,298 [432584d5-88c8-490c-9346-3a88872a0c9f:group-D887C300BA36:LeaderElection71] INFO  server.RaftServerConfigKeys (ConfUtils.java:logGet(43)) - raft.server.write.element-limit = 4096 (default)
2019-09-12 11:36:03,298 [Thread-806] INFO  utils.BackgroundService (BackgroundService.java:shutdown(148)) - Shutting down service BlockDeletingService
2019-09-12 11:36:03,299 [ForkJoinPool.commonPool-worker-0] INFO  utils.BackgroundService (BackgroundService.java:shutdown(148)) - Shutting down service BlockDeletingService
2019-09-12 11:36:03,299 [432584d5-88c8-490c-9346-3a88872a0c9f:group-D887C300BA36:LeaderElection71] INFO  server.RaftServerConfigKeys (ConfUtils.java:logGet(43)) - raft.server.watch.timeout = 10s (default)
2019-09-12 11:36:03,299 [432584d5-88c8-490c-9346-3a88872a0c9f:group-D887C300BA36:LeaderElection71] INFO  server.RaftServerConfigKeys (ConfUtils.java:logGet(43)) - raft.server.watch.timeout.denomination = 1s (default)
2019-09-12 11:36:03,300 [432584d5-88c8-490c-9346-3a88872a0c9f:group-D887C300BA36:LeaderElection71] INFO  server.RaftServerConfigKeys (ConfUtils.java:logGet(43)) - raft.server.watch.element-limit = 65536 (default)
2019-09-12 11:36:03,300 [432584d5-88c8-490c-9346-3a88872a0c9f:group-D887C300BA36:LeaderElection71] INFO  impl.RoleInfo (RoleInfo.java:updateAndGet(143)) - 432584d5-88c8-490c-9346-3a88872a0c9f: start LeaderState
2019-09-12 11:36:03,300 [432584d5-88c8-490c-9346-3a88872a0c9f:group-D887C300BA36:LeaderElection71] INFO  segmented.SegmentedRaftLogWorker (SegmentedRaftLogWorker.java:startLogSegment(380)) - 432584d5-88c8-490c-9346-3a88872a0c9f-SegmentedRaftLogWorker:Storage Directory /workdir/hadoop-ozone/ozonefs/target/test-dir/MiniOzoneClusterImpl-bec828f4-ba15-4d3e-832d-771921fb3a31/datanode-2/data/ratis/5c99ca3f-b0d4-4192-9df2-d887c300ba36: Starting segment from index:0
2019-09-12 11:36:03,301 [refreshUsed-/workdir/hadoop-ozone/ozonefs/target/test-dir/MiniOzoneClusterImpl-bec828f4-ba15-4d3e-832d-771921fb3a31/datanode-1/data/containers] WARN  fs.CachingGetSpaceUsed (CachingGetSpaceUsed.java:run(183)) - Thread Interrupted waiting to refresh disk information: sleep interrupted
2019-09-12 11:36:03,301 [432584d5-88c8-490c-9346-3a88872a0c9f:group-D887C300BA36:LeaderElection71] INFO  impl.RaftServerImpl (ServerState.java:setRaftConf(361)) - 432584d5-88c8-490c-9346-3a88872a0c9f:group-D887C300BA36 set configuration 0: [432584d5-88c8-490c-9346-3a88872a0c9f:192.168.36.114:36716], old=null at 0
2019-09-12 11:36:03,302 [refreshUsed-/workdir/hadoop-ozone/ozonefs/target/test-dir/MiniOzoneClusterImpl-bec828f4-ba15-4d3e-832d-771921fb3a31/datanode-0/data/containers] WARN  fs.CachingGetSpaceUsed (CachingGetSpaceUsed.java:run(183)) - Thread Interrupted waiting to refresh disk information: sleep interrupted
2019-09-12 11:36:03,313 [Thread-1027] INFO  impl.FollowerState (FollowerState.java:run(106)) - 432584d5-88c8-490c-9346-3a88872a0c9f:group-56C2DC1E014D changes to CANDIDATE, lastRpcTime:5188, electionTimeout:5188ms
2019-09-12 11:36:03,313 [Thread-1027] INFO  impl.RoleInfo (RoleInfo.java:shutdownFollowerState(121)) - 432584d5-88c8-490c-9346-3a88872a0c9f: shutdown FollowerState
2019-09-12 11:36:03,313 [Thread-1027] INFO  impl.RaftServerImpl (RaftServerImpl.java:setRole(171)) - 432584d5-88c8-490c-9346-3a88872a0c9f:group-56C2DC1E014D changes role from FOLLOWER to CANDIDATE at term 0 for changeToCandidate
2019-09-12 11:36:03,313 [Thread-1027] INFO  impl.RoleInfo (RoleInfo.java:updateAndGet(143)) - 432584d5-88c8-490c-9346-3a88872a0c9f: start LeaderElection
2019-09-12 11:36:03,346 [432584d5-88c8-490c-9346-3a88872a0c9f-SegmentedRaftLogWorker:Storage Directory /workdir/hadoop-ozone/ozonefs/target/test-dir/MiniOzoneClusterImpl-bec828f4-ba15-4d3e-832d-771921fb3a31/datanode-2/data/ratis/5c99ca3f-b0d4-4192-9df2-d887c300ba36] INFO  segmented.SegmentedRaftLogWorker (SegmentedRaftLogWorker.java:execute(569)) - 432584d5-88c8-490c-9346-3a88872a0c9f-SegmentedRaftLogWorker:Storage Directory /workdir/hadoop-ozone/ozonefs/target/test-dir/MiniOzoneClusterImpl-bec828f4-ba15-4d3e-832d-771921fb3a31/datanode-2/data/ratis/5c99ca3f-b0d4-4192-9df2-d887c300ba36: created new log segment /workdir/hadoop-ozone/ozonefs/target/test-dir/MiniOzoneClusterImpl-bec828f4-ba15-4d3e-832d-771921fb3a31/datanode-2/data/ratis/5c99ca3f-b0d4-4192-9df2-d887c300ba36/current/log_inprogress_0
2019-09-12 11:36:03,347 [432584d5-88c8-490c-9346-3a88872a0c9f:group-56C2DC1E014D:LeaderElection72] INFO  impl.LeaderElection (LeaderElection.java:askForVotes(181)) - 432584d5-88c8-490c-9346-3a88872a0c9f:group-56C2DC1E014D:LeaderElection72: begin an election at term 1 for -1: [432584d5-88c8-490c-9346-3a88872a0c9f:192.168.36.114:36716], old=null
2019-09-12 11:36:03,347 [432584d5-88c8-490c-9346-3a88872a0c9f:group-56C2DC1E014D:LeaderElection72] INFO  impl.RoleInfo (RoleInfo.java:shutdownLeaderElection(134)) - 432584d5-88c8-490c-9346-3a88872a0c9f: shutdown LeaderElection
2019-09-12 11:36:03,347 [432584d5-88c8-490c-9346-3a88872a0c9f:group-56C2DC1E014D:LeaderElection72] INFO  impl.RaftServerImpl (RaftServerImpl.java:setRole(171)) - 432584d5-88c8-490c-9346-3a88872a0c9f:group-56C2DC1E014D changes role from CANDIDATE to LEADER at term 1 for changeToLeader
2019-09-12 11:36:03,347 [432584d5-88c8-490c-9346-3a88872a0c9f:group-56C2DC1E014D:LeaderElection72] INFO  impl.RaftServerImpl (ServerState.java:setLeader(263)) - 432584d5-88c8-490c-9346-3a88872a0c9f:group-56C2DC1E014D change Leader from null to 432584d5-88c8-490c-9346-3a88872a0c9f at term 1 for becomeLeader, leader elected after 5227ms
2019-09-12 11:36:03,347 [432584d5-88c8-490c-9346-3a88872a0c9f:group-56C2DC1E014D:LeaderElection72] INFO  server.RaftServerConfigKeys (ConfUtils.java:logGet(43)) - raft.server.staging.catchup.gap = 1000 (default)
2019-09-12 11:36:03,347 [432584d5-88c8-490c-9346-3a88872a0c9f:group-56C2DC1E014D:LeaderElection72] INFO  server.RaftServerConfigKeys (ConfUtils.java:logGet(43)) - raft.server.rpc.sleep.time = 25ms (default)
2019-09-12 11:36:03,348 [432584d5-88c8-490c-9346-3a88872a0c9f:group-56C2DC1E014D:LeaderElection72] INFO  server.RaftServerConfigKeys (ConfUtils.java:logGet(43)) - raft.server.write.element-limit = 4096 (default)
2019-09-12 11:36:03,348 [432584d5-88c8-490c-9346-3a88872a0c9f:group-56C2DC1E014D:LeaderElection72] INFO  server.RaftServerConfigKeys (ConfUtils.java:logGet(43)) - raft.server.watch.timeout = 10s (default)
2019-09-12 11:36:03,350 [432584d5-88c8-490c-9346-3a88872a0c9f:group-56C2DC1E014D:LeaderElection72] INFO  server.RaftServerConfigKeys (ConfUtils.java:logGet(43)) - raft.server.watch.timeout.denomination = 1s (default)
2019-09-12 11:36:03,351 [ForkJoinPool.commonPool-worker-0] INFO  statemachine.DatanodeStateMachine (DatanodeStateMachine.java:stopDaemon(395)) - Ozone container server stopped.
2019-09-12 11:36:03,351 [432584d5-88c8-490c-9346-3a88872a0c9f:group-56C2DC1E014D:LeaderElection72] INFO  server.RaftServerConfigKeys (ConfUtils.java:logGet(43)) - raft.server.watch.element-limit = 65536 (default)
2019-09-12 11:36:03,352 [432584d5-88c8-490c-9346-3a88872a0c9f:group-56C2DC1E014D:LeaderElection72] INFO  impl.RoleInfo (RoleInfo.java:updateAndGet(143)) - 432584d5-88c8-490c-9346-3a88872a0c9f: start LeaderState
2019-09-12 11:36:03,354 [432584d5-88c8-490c-9346-3a88872a0c9f:group-56C2DC1E014D:LeaderElection72] INFO  segmented.SegmentedRaftLogWorker (SegmentedRaftLogWorker.java:startLogSegment(380)) - 432584d5-88c8-490c-9346-3a88872a0c9f-SegmentedRaftLogWorker:Storage Directory /workdir/hadoop-ozone/ozonefs/target/test-dir/MiniOzoneClusterImpl-bec828f4-ba15-4d3e-832d-771921fb3a31/datanode-2/data/ratis/d30433ea-69d1-46be-9091-56c2dc1e014d: Starting segment from index:0
2019-09-12 11:36:03,357 [432584d5-88c8-490c-9346-3a88872a0c9f:group-56C2DC1E014D:LeaderElection72] INFO  impl.RaftServerImpl (ServerState.java:setRaftConf(361)) - 432584d5-88c8-490c-9346-3a88872a0c9f:group-56C2DC1E014D set configuration 0: [432584d5-88c8-490c-9346-3a88872a0c9f:192.168.36.114:36716], old=null at 0
2019-09-12 11:36:03,357 [ForkJoinPool.commonPool-worker-0] INFO  handler.ContextHandler (ContextHandler.java:doStop(910)) - Stopped o.e.j.w.WebAppContext@1ec857fc{/,null,UNAVAILABLE}{/hddsDatanode}
2019-09-12 11:36:03,387 [Thread-806] INFO  statemachine.DatanodeStateMachine (DatanodeStateMachine.java:stopDaemon(395)) - Ozone container server stopped.
2019-09-12 11:36:03,388 [ForkJoinPool.commonPool-worker-0] INFO  server.AbstractConnector (AbstractConnector.java:doStop(318)) - Stopped ServerConnector@67c51aee{HTTP/1.1,[http/1.1]}{0.0.0.0:0}
2019-09-12 11:36:03,389 [Thread-806] INFO  handler.ContextHandler (ContextHandler.java:doStop(910)) - Stopped o.e.j.w.WebAppContext@37cc51eb{/,null,UNAVAILABLE}{/hddsDatanode}
2019-09-12 11:36:03,389 [ForkJoinPool.commonPool-worker-0] INFO  handler.ContextHandler (ContextHandler.java:doStop(910)) - Stopped o.e.j.s.ServletContextHandler@7de1d98d{/static,jar:file:/home/user/.m2/repository/org/apache/hadoop/hadoop-hdds-container-service/0.5.0-SNAPSHOT/hadoop-hdds-container-service-0.5.0-SNAPSHOT.jar!/webapps/static,UNAVAILABLE}
2019-09-12 11:36:03,391 [Thread-806] INFO  server.AbstractConnector (AbstractConnector.java:doStop(318)) - Stopped ServerConnector@7916105d{HTTP/1.1,[http/1.1]}{0.0.0.0:0}
2019-09-12 11:36:03,391 [ForkJoinPool.commonPool-worker-0] INFO  handler.ContextHandler (ContextHandler.java:doStop(910)) - Stopped o.e.j.s.ServletContextHandler@103bdb5c{/logs,file:///workdir/hadoop-ozone/ozonefs/target/log,UNAVAILABLE}
2019-09-12 11:36:03,391 [Thread-806] INFO  handler.ContextHandler (ContextHandler.java:doStop(910)) - Stopped o.e.j.s.ServletContextHandler@20967dbe{/static,jar:file:/home/user/.m2/repository/org/apache/hadoop/hadoop-hdds-container-service/0.5.0-SNAPSHOT/hadoop-hdds-container-service-0.5.0-SNAPSHOT.jar!/webapps/static,UNAVAILABLE}
2019-09-12 11:36:03,391 [Thread-806] INFO  handler.ContextHandler (ContextHandler.java:doStop(910)) - Stopped o.e.j.s.ServletContextHandler@339e0d8a{/logs,file:///workdir/hadoop-ozone/ozonefs/target/log,UNAVAILABLE}
2019-09-12 11:36:03,392 [ForkJoinPool.commonPool-worker-0] INFO  datanode.ObjectStoreHandler (ObjectStoreHandler.java:close(155)) - Closing ObjectStoreHandler.
2019-09-12 11:36:03,393 [ForkJoinPool.commonPool-worker-0] INFO  ozone.HddsDatanodeService (HddsDatanodeService.java:stop(451)) - Stopped plug-in org.apache.hadoop.ozone.web.OzoneHddsDatanodeService@480b6030
2019-09-12 11:36:03,399 [432584d5-88c8-490c-9346-3a88872a0c9f-SegmentedRaftLogWorker:Storage Directory /workdir/hadoop-ozone/ozonefs/target/test-dir/MiniOzoneClusterImpl-bec828f4-ba15-4d3e-832d-771921fb3a31/datanode-2/data/ratis/d30433ea-69d1-46be-9091-56c2dc1e014d] INFO  segmented.SegmentedRaftLogWorker (SegmentedRaftLogWorker.java:execute(569)) - 432584d5-88c8-490c-9346-3a88872a0c9f-SegmentedRaftLogWorker:Storage Directory /workdir/hadoop-ozone/ozonefs/target/test-dir/MiniOzoneClusterImpl-bec828f4-ba15-4d3e-832d-771921fb3a31/datanode-2/data/ratis/d30433ea-69d1-46be-9091-56c2dc1e014d: created new log segment /workdir/hadoop-ozone/ozonefs/target/test-dir/MiniOzoneClusterImpl-bec828f4-ba15-4d3e-832d-771921fb3a31/datanode-2/data/ratis/d30433ea-69d1-46be-9091-56c2dc1e014d/current/log_inprogress_0
2019-09-12 11:36:03,858 [Datanode State Machine Thread - 0] INFO  statemachine.DatanodeStateMachine (DatanodeStateMachine.java:lambda$startDaemon$0(350)) - Ozone container server started.
2019-09-12 11:36:08,393 [ForkJoinPool.commonPool-worker-0] INFO  ozoneimpl.OzoneContainer (OzoneContainer.java:stop(199)) - Attempting to stop container services.
2019-09-12 11:36:08,394 [ForkJoinPool.commonPool-worker-0] INFO  impl.RaftServerProxy (RaftServerProxy.java:lambda$close$4(314)) - 432584d5-88c8-490c-9346-3a88872a0c9f: close
2019-09-12 11:36:08,394 [ForkJoinPool.commonPool-worker-0] INFO  impl.RaftServerImpl (RaftServerImpl.java:lambda$shutdown$3(245)) - 432584d5-88c8-490c-9346-3a88872a0c9f: shutdown group-816730B738B9
2019-09-12 11:36:08,394 [ForkJoinPool.commonPool-worker-0] INFO  util.JmxRegister (JmxRegister.java:unregister(73)) - Successfully un-registered JMX Bean with object name Ratis:service=RaftServer,group=group-816730B738B9,id=432584d5-88c8-490c-9346-3a88872a0c9f
2019-09-12 11:36:08,394 [ForkJoinPool.commonPool-worker-0] INFO  impl.RoleInfo (RoleInfo.java:shutdownLeaderState(104)) - 432584d5-88c8-490c-9346-3a88872a0c9f: shutdown LeaderState
2019-09-12 11:36:08,395 [ForkJoinPool.commonPool-worker-0] INFO  impl.PendingRequests (PendingRequests.java:sendNotLeaderResponses(202)) - 432584d5-88c8-490c-9346-3a88872a0c9f-PendingRequests: sendNotLeaderResponses
2019-09-12 11:36:08,395 [ForkJoinPool.commonPool-worker-0] INFO  impl.StateMachineUpdater (StateMachineUpdater.java:stopAndJoin(115)) - StateMachineUpdater:432584d5-88c8-490c-9346-3a88872a0c9f:group-816730B738B9: set stopIndex = 0
2019-09-12 11:36:08,395 [ForkJoinPool.commonPool-worker-0] INFO  impl.RaftServerImpl (ServerState.java:close(394)) - 432584d5-88c8-490c-9346-3a88872a0c9f:group-816730B738B9 closes. The last applied log index is 0
2019-09-12 11:36:08,395 [432584d5-88c8-490c-9346-3a88872a0c9f-SegmentedRaftLogWorker:Storage Directory /workdir/hadoop-ozone/ozonefs/target/test-dir/MiniOzoneClusterImpl-bec828f4-ba15-4d3e-832d-771921fb3a31/datanode-2/data/ratis/beca074d-cdde-4572-8f04-816730b738b9] INFO  segmented.SegmentedRaftLogWorker (SegmentedRaftLogWorker.java:run(313)) - 432584d5-88c8-490c-9346-3a88872a0c9f-SegmentedRaftLogWorker:Storage Directory /workdir/hadoop-ozone/ozonefs/target/test-dir/MiniOzoneClusterImpl-bec828f4-ba15-4d3e-832d-771921fb3a31/datanode-2/data/ratis/beca074d-cdde-4572-8f04-816730b738b9 was interrupted, exiting. There are 0 tasks remaining in the queue.
2019-09-12 11:36:08,396 [ForkJoinPool.commonPool-worker-0] INFO  segmented.SegmentedRaftLogWorker (SegmentedRaftLogWorker.java:close(228)) - 432584d5-88c8-490c-9346-3a88872a0c9f-SegmentedRaftLogWorker:Storage Directory /workdir/hadoop-ozone/ozonefs/target/test-dir/MiniOzoneClusterImpl-bec828f4-ba15-4d3e-832d-771921fb3a31/datanode-2/data/ratis/beca074d-cdde-4572-8f04-816730b738b9 close()
2019-09-12 11:36:08,397 [ForkJoinPool.commonPool-worker-0] INFO  impl.RaftServerImpl (RaftServerImpl.java:lambda$shutdown$3(245)) - 432584d5-88c8-490c-9346-3a88872a0c9f: shutdown group-684B8942B4BA
2019-09-12 11:36:08,397 [ForkJoinPool.commonPool-worker-0] INFO  util.JmxRegister (JmxRegister.java:unregister(73)) - Successfully un-registered JMX Bean with object name Ratis:service=RaftServer,group=group-684B8942B4BA,id=432584d5-88c8-490c-9346-3a88872a0c9f
2019-09-12 11:36:08,397 [ForkJoinPool.commonPool-worker-0] INFO  impl.RoleInfo (RoleInfo.java:shutdownLeaderState(104)) - 432584d5-88c8-490c-9346-3a88872a0c9f: shutdown LeaderState
2019-09-12 11:36:08,398 [ForkJoinPool.commonPool-worker-0] INFO  impl.PendingRequests (PendingRequests.java:sendNotLeaderResponses(202)) - 432584d5-88c8-490c-9346-3a88872a0c9f-PendingRequests: sendNotLeaderResponses
2019-09-12 11:36:08,398 [ForkJoinPool.commonPool-worker-0] INFO  impl.StateMachineUpdater (StateMachineUpdater.java:stopAndJoin(115)) - StateMachineUpdater:432584d5-88c8-490c-9346-3a88872a0c9f:group-684B8942B4BA: set stopIndex = 0
2019-09-12 11:36:08,398 [ForkJoinPool.commonPool-worker-0] INFO  impl.RaftServerImpl (ServerState.java:close(394)) - 432584d5-88c8-490c-9346-3a88872a0c9f:group-684B8942B4BA closes. The last applied log index is 0
2019-09-12 11:36:08,398 [432584d5-88c8-490c-9346-3a88872a0c9f-SegmentedRaftLogWorker:Storage Directory /workdir/hadoop-ozone/ozonefs/target/test-dir/MiniOzoneClusterImpl-bec828f4-ba15-4d3e-832d-771921fb3a31/datanode-2/data/ratis/2ca96bda-9bc1-4fa8-bb88-684b8942b4ba] INFO  segmented.SegmentedRaftLogWorker (SegmentedRaftLogWorker.java:run(313)) - 432584d5-88c8-490c-9346-3a88872a0c9f-SegmentedRaftLogWorker:Storage Directory /workdir/hadoop-ozone/ozonefs/target/test-dir/MiniOzoneClusterImpl-bec828f4-ba15-4d3e-832d-771921fb3a31/datanode-2/data/ratis/2ca96bda-9bc1-4fa8-bb88-684b8942b4ba was interrupted, exiting. There are 0 tasks remaining in the queue.
2019-09-12 11:36:08,399 [ForkJoinPool.commonPool-worker-0] INFO  segmented.SegmentedRaftLogWorker (SegmentedRaftLogWorker.java:close(228)) - 432584d5-88c8-490c-9346-3a88872a0c9f-SegmentedRaftLogWorker:Storage Directory /workdir/hadoop-ozone/ozonefs/target/test-dir/MiniOzoneClusterImpl-bec828f4-ba15-4d3e-832d-771921fb3a31/datanode-2/data/ratis/2ca96bda-9bc1-4fa8-bb88-684b8942b4ba close()
2019-09-12 11:36:08,400 [ForkJoinPool.commonPool-worker-0] INFO  impl.RaftServerImpl (RaftServerImpl.java:lambda$shutdown$3(245)) - 432584d5-88c8-490c-9346-3a88872a0c9f: shutdown group-56C2DC1E014D
2019-09-12 11:36:08,400 [ForkJoinPool.commonPool-worker-0] INFO  util.JmxRegister (JmxRegister.java:unregister(73)) - Successfully un-registered JMX Bean with object name Ratis:service=RaftServer,group=group-56C2DC1E014D,id=432584d5-88c8-490c-9346-3a88872a0c9f
2019-09-12 11:36:08,400 [ForkJoinPool.commonPool-worker-0] INFO  impl.RoleInfo (RoleInfo.java:shutdownLeaderState(104)) - 432584d5-88c8-490c-9346-3a88872a0c9f: shutdown LeaderState
2019-09-12 11:36:08,400 [ForkJoinPool.commonPool-worker-0] INFO  impl.PendingRequests (PendingRequests.java:sendNotLeaderResponses(202)) - 432584d5-88c8-490c-9346-3a88872a0c9f-PendingRequests: sendNotLeaderResponses
2019-09-12 11:36:08,400 [ForkJoinPool.commonPool-worker-0] INFO  impl.StateMachineUpdater (StateMachineUpdater.java:stopAndJoin(115)) - StateMachineUpdater:432584d5-88c8-490c-9346-3a88872a0c9f:group-56C2DC1E014D: set stopIndex = 0
2019-09-12 11:36:08,401 [ForkJoinPool.commonPool-worker-0] INFO  impl.RaftServerImpl (ServerState.java:close(394)) - 432584d5-88c8-490c-9346-3a88872a0c9f:group-56C2DC1E014D closes. The last applied log index is 0
2019-09-12 11:36:08,401 [432584d5-88c8-490c-9346-3a88872a0c9f-SegmentedRaftLogWorker:Storage Directory /workdir/hadoop-ozone/ozonefs/target/test-dir/MiniOzoneClusterImpl-bec828f4-ba15-4d3e-832d-771921fb3a31/datanode-2/data/ratis/d30433ea-69d1-46be-9091-56c2dc1e014d] INFO  segmented.SegmentedRaftLogWorker (SegmentedRaftLogWorker.java:run(313)) - 432584d5-88c8-490c-9346-3a88872a0c9f-SegmentedRaftLogWorker:Storage Directory /workdir/hadoop-ozone/ozonefs/target/test-dir/MiniOzoneClusterImpl-bec828f4-ba15-4d3e-832d-771921fb3a31/datanode-2/data/ratis/d30433ea-69d1-46be-9091-56c2dc1e014d was interrupted, exiting. There are 0 tasks remaining in the queue.
2019-09-12 11:36:08,412 [ForkJoinPool.commonPool-worker-0] INFO  segmented.SegmentedRaftLogWorker (SegmentedRaftLogWorker.java:close(228)) - 432584d5-88c8-490c-9346-3a88872a0c9f-SegmentedRaftLogWorker:Storage Directory /workdir/hadoop-ozone/ozonefs/target/test-dir/MiniOzoneClusterImpl-bec828f4-ba15-4d3e-832d-771921fb3a31/datanode-2/data/ratis/d30433ea-69d1-46be-9091-56c2dc1e014d close()
2019-09-12 11:36:08,413 [ForkJoinPool.commonPool-worker-0] INFO  impl.RaftServerImpl (RaftServerImpl.java:lambda$shutdown$3(245)) - 432584d5-88c8-490c-9346-3a88872a0c9f: shutdown group-390401366207
2019-09-12 11:36:08,413 [ForkJoinPool.commonPool-worker-0] INFO  util.JmxRegister (JmxRegister.java:unregister(73)) - Successfully un-registered JMX Bean with object name Ratis:service=RaftServer,group=group-390401366207,id=432584d5-88c8-490c-9346-3a88872a0c9f
2019-09-12 11:36:08,414 [ForkJoinPool.commonPool-worker-0] INFO  impl.RoleInfo (RoleInfo.java:shutdownLeaderState(104)) - 432584d5-88c8-490c-9346-3a88872a0c9f: shutdown LeaderState
2019-09-12 11:36:08,414 [ForkJoinPool.commonPool-worker-0] INFO  impl.PendingRequests (PendingRequests.java:sendNotLeaderResponses(202)) - 432584d5-88c8-490c-9346-3a88872a0c9f-PendingRequests: sendNotLeaderResponses
2019-09-12 11:36:08,414 [ForkJoinPool.commonPool-worker-0] INFO  impl.StateMachineUpdater (StateMachineUpdater.java:stopAndJoin(115)) - StateMachineUpdater:432584d5-88c8-490c-9346-3a88872a0c9f:group-390401366207: set stopIndex = 0
2019-09-12 11:36:08,414 [ForkJoinPool.commonPool-worker-0] INFO  impl.RaftServerImpl (ServerState.java:close(394)) - 432584d5-88c8-490c-9346-3a88872a0c9f:group-390401366207 closes. The last applied log index is 0
2019-09-12 11:36:08,414 [432584d5-88c8-490c-9346-3a88872a0c9f-SegmentedRaftLogWorker:Storage Directory /workdir/hadoop-ozone/ozonefs/target/test-dir/MiniOzoneClusterImpl-bec828f4-ba15-4d3e-832d-771921fb3a31/datanode-2/data/ratis/bdcb65ba-10c6-4e69-97b8-390401366207] INFO  segmented.SegmentedRaftLogWorker (SegmentedRaftLogWorker.java:run(313)) - 432584d5-88c8-490c-9346-3a88872a0c9f-SegmentedRaftLogWorker:Storage Directory /workdir/hadoop-ozone/ozonefs/target/test-dir/MiniOzoneClusterImpl-bec828f4-ba15-4d3e-832d-771921fb3a31/datanode-2/data/ratis/bdcb65ba-10c6-4e69-97b8-390401366207 was interrupted, exiting. There are 0 tasks remaining in the queue.
2019-09-12 11:36:08,415 [ForkJoinPool.commonPool-worker-0] INFO  segmented.SegmentedRaftLogWorker (SegmentedRaftLogWorker.java:close(228)) - 432584d5-88c8-490c-9346-3a88872a0c9f-SegmentedRaftLogWorker:Storage Directory /workdir/hadoop-ozone/ozonefs/target/test-dir/MiniOzoneClusterImpl-bec828f4-ba15-4d3e-832d-771921fb3a31/datanode-2/data/ratis/bdcb65ba-10c6-4e69-97b8-390401366207 close()
2019-09-12 11:36:08,416 [ForkJoinPool.commonPool-worker-0] INFO  impl.RaftServerImpl (RaftServerImpl.java:lambda$shutdown$3(245)) - 432584d5-88c8-490c-9346-3a88872a0c9f: shutdown group-D887C300BA36
2019-09-12 11:36:08,416 [ForkJoinPool.commonPool-worker-0] INFO  util.JmxRegister (JmxRegister.java:unregister(73)) - Successfully un-registered JMX Bean with object name Ratis:service=RaftServer,group=group-D887C300BA36,id=432584d5-88c8-490c-9346-3a88872a0c9f
2019-09-12 11:36:08,416 [ForkJoinPool.commonPool-worker-0] INFO  impl.RoleInfo (RoleInfo.java:shutdownLeaderState(104)) - 432584d5-88c8-490c-9346-3a88872a0c9f: shutdown LeaderState
2019-09-12 11:36:08,417 [ForkJoinPool.commonPool-worker-0] INFO  impl.PendingRequests (PendingRequests.java:sendNotLeaderResponses(202)) - 432584d5-88c8-490c-9346-3a88872a0c9f-PendingRequests: sendNotLeaderResponses
2019-09-12 11:36:08,417 [ForkJoinPool.commonPool-worker-0] INFO  impl.StateMachineUpdater (StateMachineUpdater.java:stopAndJoin(115)) - StateMachineUpdater:432584d5-88c8-490c-9346-3a88872a0c9f:group-D887C300BA36: set stopIndex = 0
2019-09-12 11:36:08,417 [ForkJoinPool.commonPool-worker-0] INFO  impl.RaftServerImpl (ServerState.java:close(394)) - 432584d5-88c8-490c-9346-3a88872a0c9f:group-D887C300BA36 closes. The last applied log index is 0
2019-09-12 11:36:08,418 [432584d5-88c8-490c-9346-3a88872a0c9f-SegmentedRaftLogWorker:Storage Directory /workdir/hadoop-ozone/ozonefs/target/test-dir/MiniOzoneClusterImpl-bec828f4-ba15-4d3e-832d-771921fb3a31/datanode-2/data/ratis/5c99ca3f-b0d4-4192-9df2-d887c300ba36] INFO  segmented.SegmentedRaftLogWorker (SegmentedRaftLogWorker.java:run(313)) - 432584d5-88c8-490c-9346-3a88872a0c9f-SegmentedRaftLogWorker:Storage Directory /workdir/hadoop-ozone/ozonefs/target/test-dir/MiniOzoneClusterImpl-bec828f4-ba15-4d3e-832d-771921fb3a31/datanode-2/data/ratis/5c99ca3f-b0d4-4192-9df2-d887c300ba36 was interrupted, exiting. There are 0 tasks remaining in the queue.
2019-09-12 11:36:08,418 [ForkJoinPool.commonPool-worker-0] INFO  segmented.SegmentedRaftLogWorker (SegmentedRaftLogWorker.java:close(228)) - 432584d5-88c8-490c-9346-3a88872a0c9f-SegmentedRaftLogWorker:Storage Directory /workdir/hadoop-ozone/ozonefs/target/test-dir/MiniOzoneClusterImpl-bec828f4-ba15-4d3e-832d-771921fb3a31/datanode-2/data/ratis/5c99ca3f-b0d4-4192-9df2-d887c300ba36 close()
2019-09-12 11:36:08,419 [ForkJoinPool.commonPool-worker-0] INFO  impl.RaftServerImpl (RaftServerImpl.java:lambda$shutdown$3(245)) - 432584d5-88c8-490c-9346-3a88872a0c9f: shutdown group-A559499A9ECD
2019-09-12 11:36:08,419 [ForkJoinPool.commonPool-worker-0] INFO  util.JmxRegister (JmxRegister.java:unregister(73)) - Successfully un-registered JMX Bean with object name Ratis:service=RaftServer,group=group-A559499A9ECD,id=432584d5-88c8-490c-9346-3a88872a0c9f
2019-09-12 11:36:08,419 [ForkJoinPool.commonPool-worker-0] INFO  impl.RoleInfo (RoleInfo.java:shutdownLeaderState(104)) - 432584d5-88c8-490c-9346-3a88872a0c9f: shutdown LeaderState
2019-09-12 11:36:08,420 [ForkJoinPool.commonPool-worker-0] INFO  impl.PendingRequests (PendingRequests.java:sendNotLeaderResponses(202)) - 432584d5-88c8-490c-9346-3a88872a0c9f-PendingRequests: sendNotLeaderResponses
2019-09-12 11:36:08,420 [ForkJoinPool.commonPool-worker-0] INFO  impl.StateMachineUpdater (StateMachineUpdater.java:stopAndJoin(115)) - StateMachineUpdater:432584d5-88c8-490c-9346-3a88872a0c9f:group-A559499A9ECD: set stopIndex = 0
2019-09-12 11:36:08,420 [ForkJoinPool.commonPool-worker-0] INFO  impl.RaftServerImpl (ServerState.java:close(394)) - 432584d5-88c8-490c-9346-3a88872a0c9f:group-A559499A9ECD closes. The last applied log index is 0
2019-09-12 11:36:08,421 [432584d5-88c8-490c-9346-3a88872a0c9f-SegmentedRaftLogWorker:Storage Directory /workdir/hadoop-ozone/ozonefs/target/test-dir/MiniOzoneClusterImpl-bec828f4-ba15-4d3e-832d-771921fb3a31/datanode-2/data/ratis/5e1d6e8d-362a-440e-b511-a559499a9ecd] INFO  segmented.SegmentedRaftLogWorker (SegmentedRaftLogWorker.java:run(313)) - 432584d5-88c8-490c-9346-3a88872a0c9f-SegmentedRaftLogWorker:Storage Directory /workdir/hadoop-ozone/ozonefs/target/test-dir/MiniOzoneClusterImpl-bec828f4-ba15-4d3e-832d-771921fb3a31/datanode-2/data/ratis/5e1d6e8d-362a-440e-b511-a559499a9ecd was interrupted, exiting. There are 0 tasks remaining in the queue.
2019-09-12 11:36:08,421 [ForkJoinPool.commonPool-worker-0] INFO  segmented.SegmentedRaftLogWorker (SegmentedRaftLogWorker.java:close(228)) - 432584d5-88c8-490c-9346-3a88872a0c9f-SegmentedRaftLogWorker:Storage Directory /workdir/hadoop-ozone/ozonefs/target/test-dir/MiniOzoneClusterImpl-bec828f4-ba15-4d3e-832d-771921fb3a31/datanode-2/data/ratis/5e1d6e8d-362a-440e-b511-a559499a9ecd close()
2019-09-12 11:36:08,422 [ForkJoinPool.commonPool-worker-0] INFO  server.GrpcService (GrpcService.java:closeImpl(155)) - 432584d5-88c8-490c-9346-3a88872a0c9f: shutdown server with port 36716 now
2019-09-12 11:36:08,423 [ForkJoinPool.commonPool-worker-0] INFO  server.GrpcService (GrpcService.java:closeImpl(163)) - 432584d5-88c8-490c-9346-3a88872a0c9f: shutdown server with port 36716 successfully
2019-09-12 11:36:08,425 [ForkJoinPool.commonPool-worker-0] INFO  utils.BackgroundService (BackgroundService.java:shutdown(148)) - Shutting down service BlockDeletingService
2019-09-12 11:36:08,428 [refreshUsed-/workdir/hadoop-ozone/ozonefs/target/test-dir/MiniOzoneClusterImpl-bec828f4-ba15-4d3e-832d-771921fb3a31/datanode-2/data/containers] WARN  fs.CachingGetSpaceUsed (CachingGetSpaceUsed.java:run(183)) - Thread Interrupted waiting to refresh disk information: sleep interrupted
2019-09-12 11:36:08,458 [ForkJoinPool.commonPool-worker-0] INFO  statemachine.DatanodeStateMachine (DatanodeStateMachine.java:stopDaemon(395)) - Ozone container server stopped.
2019-09-12 11:36:08,462 [ForkJoinPool.commonPool-worker-0] INFO  handler.ContextHandler (ContextHandler.java:doStop(910)) - Stopped o.e.j.w.WebAppContext@610d9f26{/,null,UNAVAILABLE}{/hddsDatanode}
2019-09-12 11:36:08,462 [ForkJoinPool.commonPool-worker-0] INFO  server.AbstractConnector (AbstractConnector.java:doStop(318)) - Stopped ServerConnector@a5f599e{HTTP/1.1,[http/1.1]}{0.0.0.0:0}
2019-09-12 11:36:08,463 [ForkJoinPool.commonPool-worker-0] INFO  handler.ContextHandler (ContextHandler.java:doStop(910)) - Stopped o.e.j.s.ServletContextHandler@5ea11621{/static,jar:file:/home/user/.m2/repository/org/apache/hadoop/hadoop-hdds-container-service/0.5.0-SNAPSHOT/hadoop-hdds-container-service-0.5.0-SNAPSHOT.jar!/webapps/static,UNAVAILABLE}
2019-09-12 11:36:08,464 [ForkJoinPool.commonPool-worker-0] INFO  handler.ContextHandler (ContextHandler.java:doStop(910)) - Stopped o.e.j.s.ServletContextHandler@125d1524{/logs,file:///workdir/hadoop-ozone/ozonefs/target/log,UNAVAILABLE}
2019-09-12 11:36:08,465 [Thread-806] INFO  ozone.MiniOzoneClusterImpl (MiniOzoneClusterImpl.java:stop(353)) - Stopping the StorageContainerManager
2019-09-12 11:36:08,465 [Thread-806] INFO  server.StorageContainerManager (StorageContainerManager.java:stop(797)) - Stopping Replication Manager Service.
2019-09-12 11:36:08,466 [Thread-806] INFO  container.ReplicationManager (ReplicationManager.java:stop(192)) - Stopping Replication Monitor Thread.
2019-09-12 11:36:08,466 [Thread-806] INFO  server.StorageContainerManager (StorageContainerManager.java:stop(804)) - Stopping Lease Manager of the command watchers
2019-09-12 11:36:08,466 [Thread-806] INFO  server.StorageContainerManager (StorageContainerManager.java:stop(811)) - Stopping datanode service RPC server
2019-09-12 11:36:08,466 [Thread-806] INFO  server.SCMDatanodeProtocolServer (SCMDatanodeProtocolServer.java:stop(367)) - Stopping the RPC server for DataNodes
2019-09-12 11:36:08,466 [Thread-806] INFO  ipc.Server (Server.java:stop(3082)) - Stopping server on 33152
2019-09-12 11:36:08,467 [IPC Server listener on 33152] INFO  ipc.Server (Server.java:run(1185)) - Stopping IPC Server listener on 33152
2019-09-12 11:36:08,468 [IPC Server Responder] INFO  ipc.Server (Server.java:run(1319)) - Stopping IPC Server Responder
2019-09-12 11:36:08,497 [SCM Heartbeat Processing Thread - 0] WARN  node.NodeStateManager (NodeStateManager.java:scheduleNextHealthCheck(655)) - Current Thread is interrupted, shutting down HB processing thread for Node Manager.
2019-09-12 11:36:08,497 [Thread-806] INFO  server.StorageContainerManager (StorageContainerManager.java:stop(819)) - Stopping block service RPC server
2019-09-12 11:36:08,498 [Thread-806] INFO  server.SCMBlockProtocolServer (SCMBlockProtocolServer.java:stop(148)) - Stopping the RPC server for Block Protocol
2019-09-12 11:36:08,498 [Thread-806] INFO  ipc.Server (Server.java:stop(3082)) - Stopping server on 38496
2019-09-12 11:36:08,499 [Thread-806] INFO  server.StorageContainerManager (StorageContainerManager.java:stop(826)) - Stopping the StorageContainerLocationProtocol RPC server
2019-09-12 11:36:08,499 [IPC Server listener on 38496] INFO  ipc.Server (Server.java:run(1185)) - Stopping IPC Server listener on 38496
2019-09-12 11:36:08,499 [Thread-806] INFO  server.SCMClientProtocolServer (SCMClientProtocolServer.java:stop(159)) - Stopping the RPC server for Client Protocol
2019-09-12 11:36:08,499 [IPC Server Responder] INFO  ipc.Server (Server.java:run(1319)) - Stopping IPC Server Responder
2019-09-12 11:36:08,500 [Thread-806] INFO  ipc.Server (Server.java:stop(3082)) - Stopping server on 38687
2019-09-12 11:36:08,502 [IPC Server listener on 38687] INFO  ipc.Server (Server.java:run(1185)) - Stopping IPC Server listener on 38687
2019-09-12 11:36:08,502 [Thread-806] INFO  server.StorageContainerManager (StorageContainerManager.java:stop(833)) - Stopping Storage Container Manager HTTP server.
2019-09-12 11:36:08,503 [IPC Server Responder] INFO  ipc.Server (Server.java:run(1319)) - Stopping IPC Server Responder
2019-09-12 11:36:08,504 [Thread-806] INFO  handler.ContextHandler (ContextHandler.java:doStop(910)) - Stopped o.e.j.w.WebAppContext@1400ea06{/,null,UNAVAILABLE}{/scm}
2019-09-12 11:36:08,505 [Thread-806] INFO  server.AbstractConnector (AbstractConnector.java:doStop(318)) - Stopped ServerConnector@19e1f42{HTTP/1.1,[http/1.1]}{0.0.0.0:0}
2019-09-12 11:36:08,505 [Thread-806] INFO  handler.ContextHandler (ContextHandler.java:doStop(910)) - Stopped o.e.j.s.ServletContextHandler@6e8c3b3a{/static,jar:file:/home/user/.m2/repository/org/apache/hadoop/hadoop-hdds-server-scm/0.5.0-SNAPSHOT/hadoop-hdds-server-scm-0.5.0-SNAPSHOT.jar!/webapps/static,UNAVAILABLE}
2019-09-12 11:36:08,506 [Thread-806] INFO  handler.ContextHandler (ContextHandler.java:doStop(910)) - Stopped o.e.j.s.ServletContextHandler@2946ad07{/logs,file:///workdir/hadoop-ozone/ozonefs/target/log,UNAVAILABLE}
2019-09-12 11:36:08,506 [Thread-806] INFO  server.StorageContainerManager (StorageContainerManager.java:stop(844)) - Stopping Block Manager Service.
2019-09-12 11:36:08,506 [Thread-806] INFO  utils.BackgroundService (BackgroundService.java:shutdown(148)) - Shutting down service SCMBlockDeletingService
2019-09-12 11:36:08,507 [Thread-806] INFO  utils.BackgroundService (BackgroundService.java:shutdown(148)) - Shutting down service SCMBlockDeletingService
2019-09-12 11:36:08,507 [Thread-806] INFO  server.StorageContainerManager (StorageContainerManager.java:stop(866)) - Stopping SCM Event Queue.
2019-09-12 11:36:08,510 [Thread-806] INFO  impl.MetricsSystemImpl (MetricsSystemImpl.java:stop(210)) - Stopping HddsDatanode metrics system...
2019-09-12 11:36:08,641 [Thread-806] INFO  impl.MetricsSystemImpl (MetricsSystemImpl.java:stop(216)) - HddsDatanode metrics system stopped.
]]></system-out>
    <system-err><![CDATA[Sep 12, 2019 11:35:53 AM com.sun.jersey.server.impl.application.WebApplicationImpl _initiate
INFO: Initiating Jersey application, version 'Jersey: 1.19 02/11/2015 03:25 AM'
Sep 12, 2019 11:35:53 AM com.sun.jersey.server.impl.application.WebApplicationImpl _initiate
INFO: Initiating Jersey application, version 'Jersey: 1.19 02/11/2015 03:25 AM'
Sep 12, 2019 11:35:53 AM com.sun.jersey.server.impl.application.WebApplicationImpl _initiate
INFO: Initiating Jersey application, version 'Jersey: 1.19 02/11/2015 03:25 AM'
Sep 12, 2019 11:35:57 AM com.sun.jersey.server.impl.application.WebApplicationImpl _initiate
INFO: Initiating Jersey application, version 'Jersey: 1.19 02/11/2015 03:25 AM'
]]></system-err>
  </testcase>
  <testcase name="testCreateDoesNotAddParentDirKeys" classname="org.apache.hadoop.fs.ozone.TestOzoneFileSystem" time="17.077">
    <error message="Allocated 0 blocks. Requested 1 blocks" type="INTERNAL_ERROR org.apache.hadoop.ozone.om.exceptions.OMException">INTERNAL_ERROR org.apache.hadoop.ozone.om.exceptions.OMException: Allocated 0 blocks. Requested 1 blocks
	at org.apache.hadoop.ozone.om.protocolPB.OzoneManagerProtocolClientSideTranslatorPB.handleError(OzoneManagerProtocolClientSideTranslatorPB.java:725)
	at org.apache.hadoop.ozone.om.protocolPB.OzoneManagerProtocolClientSideTranslatorPB.createFile(OzoneManagerProtocolClientSideTranslatorPB.java:1474)
	at org.apache.hadoop.ozone.client.rpc.RpcClient.createFile(RpcClient.java:984)
	at org.apache.hadoop.ozone.client.OzoneBucket.createFile(OzoneBucket.java:535)
	at org.apache.hadoop.fs.ozone.BasicOzoneClientAdapterImpl.createFile(BasicOzoneClientAdapterImpl.java:181)
	at org.apache.hadoop.fs.ozone.BasicOzoneFileSystem.createOutputStream(BasicOzoneFileSystem.java:249)
	at org.apache.hadoop.fs.ozone.BasicOzoneFileSystem.create(BasicOzoneFileSystem.java:230)
	at org.apache.hadoop.fs.FileSystem.create(FileSystem.java:1118)
	at org.apache.hadoop.fs.FileSystem.create(FileSystem.java:1098)
	at org.apache.hadoop.fs.FileSystem.create(FileSystem.java:987)
	at org.apache.hadoop.fs.contract.ContractTestUtils.createFile(ContractTestUtils.java:633)
	at org.apache.hadoop.fs.contract.ContractTestUtils.touch(ContractTestUtils.java:669)
	at org.apache.hadoop.fs.ozone.TestOzoneFileSystem.testCreateDoesNotAddParentDirKeys(TestOzoneFileSystem.java:130)
	at sun.reflect.NativeMethodAccessorImpl.invoke0(Native Method)
	at sun.reflect.NativeMethodAccessorImpl.invoke(NativeMethodAccessorImpl.java:62)
	at sun.reflect.DelegatingMethodAccessorImpl.invoke(DelegatingMethodAccessorImpl.java:43)
	at java.lang.reflect.Method.invoke(Method.java:498)
	at org.junit.runners.model.FrameworkMethod$1.runReflectiveCall(FrameworkMethod.java:47)
	at org.junit.internal.runners.model.ReflectiveCallable.run(ReflectiveCallable.java:12)
	at org.junit.runners.model.FrameworkMethod.invokeExplosively(FrameworkMethod.java:44)
	at org.junit.internal.runners.statements.InvokeMethod.evaluate(InvokeMethod.java:17)
	at org.junit.internal.runners.statements.RunBefores.evaluate(RunBefores.java:26)
	at org.junit.internal.runners.statements.RunAfters.evaluate(RunAfters.java:27)
	at org.junit.internal.runners.statements.FailOnTimeout$StatementThread.run(FailOnTimeout.java:74)
</error>
    <system-out><![CDATA[2019-09-12 11:36:08,758 [Thread-1072] WARN  server.ServerUtils (ServerUtils.java:getScmDbDir(145)) - ozone.scm.db.dirs is not configured. We recommend adding this setting. Falling back to ozone.metadata.dirs instead.
2019-09-12 11:36:08,799 [Thread-1072] WARN  server.ServerUtils (ServerUtils.java:getScmDbDir(145)) - ozone.scm.db.dirs is not configured. We recommend adding this setting. Falling back to ozone.metadata.dirs instead.
2019-09-12 11:36:08,799 [Thread-1072] WARN  server.ServerUtils (ServerUtils.java:getScmDbDir(145)) - ozone.scm.db.dirs is not configured. We recommend adding this setting. Falling back to ozone.metadata.dirs instead.
2019-09-12 11:36:08,800 [Thread-1072] INFO  db.DBStoreBuilder (DBStoreBuilder.java:addTable(110)) - using custom profile for table: deletedBlocks
2019-09-12 11:36:08,800 [Thread-1072] INFO  db.DBStoreBuilder (DBStoreBuilder.java:processTables(161)) - Using default column profile:DBProfile.DISK for Table:deletedBlocks
2019-09-12 11:36:08,800 [Thread-1072] INFO  db.DBStoreBuilder (DBStoreBuilder.java:addTable(110)) - using custom profile for table: validCerts
2019-09-12 11:36:08,800 [Thread-1072] INFO  db.DBStoreBuilder (DBStoreBuilder.java:processTables(161)) - Using default column profile:DBProfile.DISK for Table:validCerts
2019-09-12 11:36:08,800 [Thread-1072] INFO  db.DBStoreBuilder (DBStoreBuilder.java:addTable(110)) - using custom profile for table: revokedCerts
2019-09-12 11:36:08,801 [Thread-1072] INFO  db.DBStoreBuilder (DBStoreBuilder.java:processTables(161)) - Using default column profile:DBProfile.DISK for Table:revokedCerts
2019-09-12 11:36:08,801 [Thread-1072] INFO  db.DBStoreBuilder (DBStoreBuilder.java:addTable(110)) - using custom profile for table: default
2019-09-12 11:36:08,801 [Thread-1072] INFO  db.DBStoreBuilder (DBStoreBuilder.java:processTables(167)) - Using default column profile:DBProfile.DISK for Table:default
2019-09-12 11:36:08,801 [Thread-1072] INFO  db.DBStoreBuilder (DBStoreBuilder.java:getDbProfile(198)) - Using default options. DBProfile.DISK
2019-09-12 11:36:08,943 [Thread-1072] INFO  net.NodeSchemaLoader (NodeSchemaLoader.java:loadSchemaFromFile(125)) - Loading file from sun.misc.CompoundEnumeration@104d1372
2019-09-12 11:36:08,943 [Thread-1072] INFO  net.NodeSchemaLoader (NodeSchemaLoader.java:loadSchema(171)) - Loading network topology layer schema file
2019-09-12 11:36:08,947 [Thread-1072] WARN  server.ServerUtils (ServerUtils.java:sanitizeUserArgs(70)) - ozone.scm.stale.node.interval value = 300000 is larger than max = 100000 based on the key value of ozone.scm.heartbeat.thread.interval, reset to the max value 100000.
2019-09-12 11:36:08,947 [Thread-1072] WARN  server.ServerUtils (ServerUtils.java:sanitizeUserArgs(70)) - ozone.scm.stale.node.interval value = 300000 is larger than max = 100000 based on the key value of ozone.scm.heartbeat.thread.interval, reset to the max value 100000.
2019-09-12 11:36:08,947 [Thread-1072] INFO  node.SCMNodeManager (SCMNodeManager.java:<init>(121)) - Entering startup safe mode.
2019-09-12 11:36:08,948 [Thread-1072] INFO  algorithms.ContainerPlacementPolicyFactory (ContainerPlacementPolicyFactory.java:getPolicy(56)) - Create container placement policy of type org.apache.hadoop.hdds.scm.container.placement.algorithms.SCMContainerPlacementRandom
2019-09-12 11:36:08,948 [Thread-1072] WARN  server.ServerUtils (ServerUtils.java:getScmDbDir(145)) - ozone.scm.db.dirs is not configured. We recommend adding this setting. Falling back to ozone.metadata.dirs instead.
2019-09-12 11:36:08,991 [Thread-1072] INFO  pipeline.SCMPipelineManager (SCMPipelineManager.java:initializePipelineState(126)) - No pipeline exists in current db
2019-09-12 11:36:08,992 [Thread-1072] WARN  server.ServerUtils (ServerUtils.java:getScmDbDir(145)) - ozone.scm.db.dirs is not configured. We recommend adding this setting. Falling back to ozone.metadata.dirs instead.
2019-09-12 11:36:09,069 [Thread-1072] WARN  events.EventQueue (EventQueue.java:fireEvent(175)) - No event handler registered for event TypedEvent{payloadType=SafeModeStatus, name='SafeModeStatus'}
2019-09-12 11:36:09,070 [Thread-1072] INFO  ipc.CallQueueManager (CallQueueManager.java:<init>(84)) - Using callQueue: class java.util.concurrent.LinkedBlockingQueue, queueCapacity: 2000, scheduler: class org.apache.hadoop.ipc.DefaultRpcScheduler, ipcBackoff: false.
2019-09-12 11:36:09,071 [Socket Reader #1 for port 33070] INFO  ipc.Server (Server.java:run(1074)) - Starting Socket Reader #1 for port 33070
2019-09-12 11:36:09,073 [Thread-1072] INFO  ipc.CallQueueManager (CallQueueManager.java:<init>(84)) - Using callQueue: class java.util.concurrent.LinkedBlockingQueue, queueCapacity: 2000, scheduler: class org.apache.hadoop.ipc.DefaultRpcScheduler, ipcBackoff: false.
2019-09-12 11:36:09,074 [Socket Reader #1 for port 44224] INFO  ipc.Server (Server.java:run(1074)) - Starting Socket Reader #1 for port 44224
2019-09-12 11:36:09,076 [Thread-1072] INFO  ipc.CallQueueManager (CallQueueManager.java:<init>(84)) - Using callQueue: class java.util.concurrent.LinkedBlockingQueue, queueCapacity: 2000, scheduler: class org.apache.hadoop.ipc.DefaultRpcScheduler, ipcBackoff: false.
2019-09-12 11:36:09,076 [Socket Reader #1 for port 40686] INFO  ipc.Server (Server.java:run(1074)) - Starting Socket Reader #1 for port 40686
2019-09-12 11:36:09,078 [Thread-1072] INFO  hdfs.DFSUtil (DFSUtil.java:httpServerTemplateForNNAndJN(1641)) - Starting Web-server for scm at: http://0.0.0.0:0
2019-09-12 11:36:09,083 [Thread-1072] INFO  server.AuthenticationFilter (AuthenticationFilter.java:constructSecretProvider(240)) - Unable to initialize FileSignerSecretProvider, falling back to use random secrets.
2019-09-12 11:36:09,084 [Thread-1072] WARN  http.HttpRequestLog (HttpRequestLog.java:getRequestLog(97)) - Jetty request log can only be enabled using Log4j
2019-09-12 11:36:09,086 [Thread-1072] INFO  http.HttpServer2 (HttpServer2.java:addGlobalFilter(975)) - Added global filter 'safety' (class=org.apache.hadoop.http.HttpServer2$QuotingInputFilter)
2019-09-12 11:36:09,087 [Thread-1072] INFO  http.HttpServer2 (HttpServer2.java:addFilter(948)) - Added filter static_user_filter (class=org.apache.hadoop.http.lib.StaticUserWebFilter$StaticUserFilter) to context scm
2019-09-12 11:36:09,088 [Thread-1072] INFO  http.HttpServer2 (HttpServer2.java:addFilter(958)) - Added filter static_user_filter (class=org.apache.hadoop.http.lib.StaticUserWebFilter$StaticUserFilter) to context logs
2019-09-12 11:36:09,088 [Thread-1072] INFO  http.HttpServer2 (HttpServer2.java:addFilter(958)) - Added filter static_user_filter (class=org.apache.hadoop.http.lib.StaticUserWebFilter$StaticUserFilter) to context static
2019-09-12 11:36:09,090 [Thread-1072] INFO  server.StorageContainerManager (StorageContainerManager.java:start(759)) - StorageContainerLocationProtocol RPC server is listening at /0.0.0.0:40686
2019-09-12 11:36:09,093 [Thread-1072] WARN  impl.MetricsConfig (MetricsConfig.java:loadFirst(134)) - Cannot locate configuration: tried hadoop-metrics2-storagecontainermanager.properties,hadoop-metrics2.properties
2019-09-12 11:36:09,094 [Thread-1072] INFO  impl.MetricsSystemImpl (MetricsSystemImpl.java:startTimer(374)) - Scheduled Metric snapshot period at 10 second(s).
2019-09-12 11:36:09,094 [Thread-1072] INFO  impl.MetricsSystemImpl (MetricsSystemImpl.java:start(191)) - StorageContainerManager metrics system started
2019-09-12 11:36:09,145 [Thread-1072] INFO  server.SCMClientProtocolServer (SCMClientProtocolServer.java:start(151)) - RPC server for Client  is listening at /0.0.0.0:40686
2019-09-12 11:36:09,146 [IPC Server Responder] INFO  ipc.Server (Server.java:run(1314)) - IPC Server Responder: starting
2019-09-12 11:36:09,146 [IPC Server listener on 40686] INFO  ipc.Server (Server.java:run(1153)) - IPC Server listener on 40686: starting
2019-09-12 11:36:09,149 [Thread-1072] INFO  server.StorageContainerManager (StorageContainerManager.java:start(769)) - ScmBlockLocationProtocol RPC server is listening at /0.0.0.0:44224
2019-09-12 11:36:09,149 [Thread-1072] INFO  server.SCMBlockProtocolServer (SCMBlockProtocolServer.java:start(140)) - RPC server for Block Protocol is listening at /0.0.0.0:44224
2019-09-12 11:36:09,150 [IPC Server Responder] INFO  ipc.Server (Server.java:run(1314)) - IPC Server Responder: starting
2019-09-12 11:36:09,150 [IPC Server listener on 44224] INFO  ipc.Server (Server.java:run(1153)) - IPC Server listener on 44224: starting
2019-09-12 11:36:09,154 [Thread-1072] INFO  server.StorageContainerManager (StorageContainerManager.java:start(773)) - ScmDatanodeProtocl RPC server is listening at /0.0.0.0:33070
2019-09-12 11:36:09,154 [Thread-1072] INFO  server.SCMDatanodeProtocolServer (SCMDatanodeProtocolServer.java:start(191)) - RPC server for DataNodes is listening at /0.0.0.0:33070
2019-09-12 11:36:09,154 [IPC Server Responder] INFO  ipc.Server (Server.java:run(1314)) - IPC Server Responder: starting
2019-09-12 11:36:09,154 [IPC Server listener on 33070] INFO  ipc.Server (Server.java:run(1153)) - IPC Server listener on 33070: starting
2019-09-12 11:36:09,159 [Thread-1072] INFO  http.HttpServer2 (HttpServer2.java:bindListener(1191)) - Jetty bound to port 40300
2019-09-12 11:36:09,159 [Thread-1072] INFO  server.Server (Server.java:doStart(351)) - jetty-9.3.24.v20180605, build timestamp: 2018-06-05T17:11:56Z, git hash: 84205aa28f11a4f31f2a3b86d1bba2cc8ab69827
2019-09-12 11:36:09,161 [Thread-1072] INFO  handler.ContextHandler (ContextHandler.java:doStart(781)) - Started o.e.j.s.ServletContextHandler@140ec277{/logs,file:///workdir/hadoop-ozone/ozonefs/target/log,AVAILABLE}
2019-09-12 11:36:09,162 [Thread-1072] INFO  handler.ContextHandler (ContextHandler.java:doStart(781)) - Started o.e.j.s.ServletContextHandler@71737dca{/static,jar:file:/home/user/.m2/repository/org/apache/hadoop/hadoop-hdds-server-scm/0.5.0-SNAPSHOT/hadoop-hdds-server-scm-0.5.0-SNAPSHOT.jar!/webapps/static,AVAILABLE}
2019-09-12 11:36:09,202 [Thread-1072] INFO  handler.ContextHandler (ContextHandler.java:doStart(781)) - Started o.e.j.w.WebAppContext@59f6b093{/,file:///tmp/jetty-0.0.0.0-40300-scm-_-any-4176805910840543612.dir/webapp/,AVAILABLE}{/scm}
2019-09-12 11:36:09,202 [Thread-1072] INFO  server.AbstractConnector (AbstractConnector.java:doStart(278)) - Started ServerConnector@5db9e2d4{HTTP/1.1,[http/1.1]}{0.0.0.0:40300}
2019-09-12 11:36:09,205 [Thread-1072] INFO  server.Server (Server.java:doStart(419)) - Started @76273ms
2019-09-12 11:36:09,206 [Thread-1072] INFO  server.BaseHttpServer (BaseHttpServer.java:updateConnectorAddress(213)) - HTTP server of SCM is listening at http://0.0.0.0:40300
2019-09-12 11:36:09,209 [Thread-1072] WARN  server.ServerUtils (ServerUtils.java:getDBPath(222)) - ozone.om.db.dirs is not configured. We recommend adding this setting. Falling back to ozone.metadata.dirs instead.
2019-09-12 11:36:09,209 [org.apache.hadoop.util.JvmPauseMonitor$Monitor@26edcc93] INFO  util.JvmPauseMonitor (JvmPauseMonitor.java:run(188)) - Starting JVM pause monitor
2019-09-12 11:36:09,223 [Thread-1072] WARN  server.ServerUtils (ServerUtils.java:getDBPath(222)) - ozone.om.db.dirs is not configured. We recommend adding this setting. Falling back to ozone.metadata.dirs instead.
2019-09-12 11:36:09,223 [Thread-1072] WARN  server.ServerUtils (ServerUtils.java:getDBPath(222)) - ozone.om.db.dirs is not configured. We recommend adding this setting. Falling back to ozone.metadata.dirs instead.
2019-09-12 11:36:09,223 [Thread-1072] INFO  om.OzoneManager (OzoneManager.java:setOMNodeDetails(645)) - OM Service ID is not set. Setting it to the default ID: omServiceIdDefault
2019-09-12 11:36:09,223 [Thread-1072] INFO  om.OzoneManager (OzoneManager.java:setOMNodeDetails(651)) - OM Node ID is not set. Setting it to the OmStorage's OmID: 8011a613-f212-408b-92d5-fee3e468ddd4
2019-09-12 11:36:09,223 [Thread-1072] INFO  om.OzoneManager (OzoneManager.java:loadOMHAConfigs(602)) - Found matching OM address with OMServiceId: null, OMNodeId: null, RPC Address: localhost:0 and Ratis port: 9872
2019-09-12 11:36:09,228 | INFO  | SCMAudit | user=jenkins1000 | ip=192.168.36.114 | op=GET_SCM_INFO null | ret=SUCCESS |  
2019-09-12 11:36:09,230 [Thread-1072] WARN  server.ServerUtils (ServerUtils.java:getDBPath(222)) - ozone.om.db.dirs is not configured. We recommend adding this setting. Falling back to ozone.metadata.dirs instead.
2019-09-12 11:36:09,230 [Thread-1072] INFO  db.DBStoreBuilder (DBStoreBuilder.java:addTable(110)) - using custom profile for table: userTable
2019-09-12 11:36:09,230 [Thread-1072] INFO  db.DBStoreBuilder (DBStoreBuilder.java:processTables(161)) - Using default column profile:DBProfile.DISK for Table:userTable
2019-09-12 11:36:09,230 [Thread-1072] INFO  db.DBStoreBuilder (DBStoreBuilder.java:addTable(110)) - using custom profile for table: volumeTable
2019-09-12 11:36:09,230 [Thread-1072] INFO  db.DBStoreBuilder (DBStoreBuilder.java:processTables(161)) - Using default column profile:DBProfile.DISK for Table:volumeTable
2019-09-12 11:36:09,231 [Thread-1072] INFO  db.DBStoreBuilder (DBStoreBuilder.java:addTable(110)) - using custom profile for table: bucketTable
2019-09-12 11:36:09,231 [Thread-1072] INFO  db.DBStoreBuilder (DBStoreBuilder.java:processTables(161)) - Using default column profile:DBProfile.DISK for Table:bucketTable
2019-09-12 11:36:09,231 [Thread-1072] INFO  db.DBStoreBuilder (DBStoreBuilder.java:addTable(110)) - using custom profile for table: keyTable
2019-09-12 11:36:09,231 [Thread-1072] INFO  db.DBStoreBuilder (DBStoreBuilder.java:processTables(161)) - Using default column profile:DBProfile.DISK for Table:keyTable
2019-09-12 11:36:09,231 [Thread-1072] INFO  db.DBStoreBuilder (DBStoreBuilder.java:addTable(110)) - using custom profile for table: deletedTable
2019-09-12 11:36:09,231 [Thread-1072] INFO  db.DBStoreBuilder (DBStoreBuilder.java:processTables(161)) - Using default column profile:DBProfile.DISK for Table:deletedTable
2019-09-12 11:36:09,231 [Thread-1072] INFO  db.DBStoreBuilder (DBStoreBuilder.java:addTable(110)) - using custom profile for table: openKeyTable
2019-09-12 11:36:09,232 [Thread-1072] INFO  db.DBStoreBuilder (DBStoreBuilder.java:processTables(161)) - Using default column profile:DBProfile.DISK for Table:openKeyTable
2019-09-12 11:36:09,232 [Thread-1072] INFO  db.DBStoreBuilder (DBStoreBuilder.java:addTable(110)) - using custom profile for table: s3Table
2019-09-12 11:36:09,232 [Thread-1072] INFO  db.DBStoreBuilder (DBStoreBuilder.java:processTables(161)) - Using default column profile:DBProfile.DISK for Table:s3Table
2019-09-12 11:36:09,232 [Thread-1072] INFO  db.DBStoreBuilder (DBStoreBuilder.java:addTable(110)) - using custom profile for table: multipartInfoTable
2019-09-12 11:36:09,232 [Thread-1072] INFO  db.DBStoreBuilder (DBStoreBuilder.java:processTables(161)) - Using default column profile:DBProfile.DISK for Table:multipartInfoTable
2019-09-12 11:36:09,232 [Thread-1072] INFO  db.DBStoreBuilder (DBStoreBuilder.java:addTable(110)) - using custom profile for table: dTokenTable
2019-09-12 11:36:09,232 [Thread-1072] INFO  db.DBStoreBuilder (DBStoreBuilder.java:processTables(161)) - Using default column profile:DBProfile.DISK for Table:dTokenTable
2019-09-12 11:36:09,233 [Thread-1072] INFO  db.DBStoreBuilder (DBStoreBuilder.java:addTable(110)) - using custom profile for table: s3SecretTable
2019-09-12 11:36:09,233 [Thread-1072] INFO  db.DBStoreBuilder (DBStoreBuilder.java:processTables(161)) - Using default column profile:DBProfile.DISK for Table:s3SecretTable
2019-09-12 11:36:09,233 [Thread-1072] INFO  db.DBStoreBuilder (DBStoreBuilder.java:addTable(110)) - using custom profile for table: prefixTable
2019-09-12 11:36:09,233 [Thread-1072] INFO  db.DBStoreBuilder (DBStoreBuilder.java:processTables(161)) - Using default column profile:DBProfile.DISK for Table:prefixTable
2019-09-12 11:36:09,233 [Thread-1072] INFO  db.DBStoreBuilder (DBStoreBuilder.java:addTable(110)) - using custom profile for table: default
2019-09-12 11:36:09,233 [Thread-1072] INFO  db.DBStoreBuilder (DBStoreBuilder.java:processTables(167)) - Using default column profile:DBProfile.DISK for Table:default
2019-09-12 11:36:09,233 [Thread-1072] INFO  db.DBStoreBuilder (DBStoreBuilder.java:getDbProfile(198)) - Using default options. DBProfile.DISK
2019-09-12 11:36:09,720 [Thread-1072] INFO  ipc.CallQueueManager (CallQueueManager.java:<init>(84)) - Using callQueue: class java.util.concurrent.LinkedBlockingQueue, queueCapacity: 2000, scheduler: class org.apache.hadoop.ipc.DefaultRpcScheduler, ipcBackoff: false.
2019-09-12 11:36:09,721 [Socket Reader #1 for port 45606] INFO  ipc.Server (Server.java:run(1074)) - Starting Socket Reader #1 for port 45606
2019-09-12 11:36:09,740 [Thread-1072] INFO  om.OzoneManager (OzoneManager.java:start(1256)) - OzoneManager RPC server is listening at localhost/127.0.0.1:45606
2019-09-12 11:36:09,740 [Thread-1072] INFO  impl.MetricsSystemImpl (MetricsSystemImpl.java:init(158)) - OzoneManager metrics system started (again)
2019-09-12 11:36:09,741 [IPC Server listener on 45606] INFO  ipc.Server (Server.java:run(1153)) - IPC Server listener on 45606: starting
2019-09-12 11:36:09,741 [IPC Server Responder] INFO  ipc.Server (Server.java:run(1314)) - IPC Server Responder: starting
2019-09-12 11:36:09,744 [Thread-1072] INFO  hdfs.DFSUtil (DFSUtil.java:httpServerTemplateForNNAndJN(1641)) - Starting Web-server for ozoneManager at: http://0.0.0.0:0
2019-09-12 11:36:09,746 [Thread-1072] INFO  server.AuthenticationFilter (AuthenticationFilter.java:constructSecretProvider(240)) - Unable to initialize FileSignerSecretProvider, falling back to use random secrets.
2019-09-12 11:36:09,746 [Thread-1072] WARN  http.HttpRequestLog (HttpRequestLog.java:getRequestLog(97)) - Jetty request log can only be enabled using Log4j
2019-09-12 11:36:09,748 [Thread-1072] INFO  http.HttpServer2 (HttpServer2.java:addGlobalFilter(975)) - Added global filter 'safety' (class=org.apache.hadoop.http.HttpServer2$QuotingInputFilter)
2019-09-12 11:36:09,748 [Thread-1072] INFO  http.HttpServer2 (HttpServer2.java:addFilter(948)) - Added filter static_user_filter (class=org.apache.hadoop.http.lib.StaticUserWebFilter$StaticUserFilter) to context ozoneManager
2019-09-12 11:36:09,749 [Thread-1072] INFO  http.HttpServer2 (HttpServer2.java:addFilter(958)) - Added filter static_user_filter (class=org.apache.hadoop.http.lib.StaticUserWebFilter$StaticUserFilter) to context logs
2019-09-12 11:36:09,749 [Thread-1072] INFO  http.HttpServer2 (HttpServer2.java:addFilter(958)) - Added filter static_user_filter (class=org.apache.hadoop.http.lib.StaticUserWebFilter$StaticUserFilter) to context static
2019-09-12 11:36:09,749 [Thread-1072] INFO  http.HttpServer2 (HttpServer2.java:bindListener(1191)) - Jetty bound to port 36376
2019-09-12 11:36:09,749 [Thread-1072] INFO  server.Server (Server.java:doStart(351)) - jetty-9.3.24.v20180605, build timestamp: 2018-06-05T17:11:56Z, git hash: 84205aa28f11a4f31f2a3b86d1bba2cc8ab69827
2019-09-12 11:36:09,751 [Thread-1072] INFO  handler.ContextHandler (ContextHandler.java:doStart(781)) - Started o.e.j.s.ServletContextHandler@66aeee44{/logs,file:///workdir/hadoop-ozone/ozonefs/target/log,AVAILABLE}
2019-09-12 11:36:09,751 [Thread-1072] INFO  handler.ContextHandler (ContextHandler.java:doStart(781)) - Started o.e.j.s.ServletContextHandler@59aeee51{/static,jar:file:/home/user/.m2/repository/org/apache/hadoop/hadoop-ozone-ozone-manager/0.5.0-SNAPSHOT/hadoop-ozone-ozone-manager-0.5.0-SNAPSHOT.jar!/webapps/static,AVAILABLE}
2019-09-12 11:36:09,796 [Thread-1072] INFO  handler.ContextHandler (ContextHandler.java:doStart(781)) - Started o.e.j.w.WebAppContext@1fdc1080{/,file:///tmp/jetty-0.0.0.0-36376-ozoneManager-_-any-8338522274908854330.dir/webapp/,AVAILABLE}{/ozoneManager}
2019-09-12 11:36:09,797 [Thread-1072] INFO  server.AbstractConnector (AbstractConnector.java:doStart(278)) - Started ServerConnector@4429cf87{HTTP/1.1,[http/1.1]}{0.0.0.0:36376}
2019-09-12 11:36:09,798 [Thread-1072] INFO  server.Server (Server.java:doStart(419)) - Started @76865ms
2019-09-12 11:36:09,798 [Thread-1072] INFO  server.BaseHttpServer (BaseHttpServer.java:updateConnectorAddress(213)) - HTTP server of OZONEMANAGER is listening at http://0.0.0.0:36376
2019-09-12 11:36:09,805 [Thread-1072] INFO  impl.MetricsSystemImpl (MetricsSystemImpl.java:init(158)) - HddsDatanode metrics system started (again)
2019-09-12 11:36:09,807 [Thread-1072] INFO  ozone.HddsDatanodeService (HddsDatanodeService.java:start(184)) - HddsDatanodeService host:pr-hdds-1569-58hkm-1881083799 ip:192.168.36.114
2019-09-12 11:36:09,813 [Thread-1072] INFO  volume.HddsVolume (HddsVolume.java:<init>(176)) - Creating Volume: /workdir/hadoop-ozone/ozonefs/target/test-dir/MiniOzoneClusterImpl-4dbb2fea-10be-4021-aaff-c3567f88023d/datanode-0/data/containers/hdds of  storage type : DISK and capacity : 1482555576320
2019-09-12 11:36:09,813 [Thread-1072] INFO  volume.VolumeSet (VolumeSet.java:initializeVolumeSet(170)) - Added Volume : /workdir/hadoop-ozone/ozonefs/target/test-dir/MiniOzoneClusterImpl-4dbb2fea-10be-4021-aaff-c3567f88023d/datanode-0/data/containers/hdds to VolumeSet
2019-09-12 11:36:09,813 [Thread-1072] INFO  volume.ThrottledAsyncChecker (ThrottledAsyncChecker.java:schedule(140)) - Scheduling a check for org.apache.hadoop.ozone.container.common.volume.HddsVolume@13eb099a
2019-09-12 11:36:09,814 [Thread-1072] INFO  volume.HddsVolumeChecker (HddsVolumeChecker.java:checkAllVolumes(203)) - Scheduled health check for volume org.apache.hadoop.ozone.container.common.volume.HddsVolume@13eb099a
2019-09-12 11:36:09,833 [Thread-1072] INFO  impl.RaftServerProxy (ConfUtils.java:logGet(43)) - raft.rpc.type = GRPC (default)
2019-09-12 11:36:09,834 [Thread-1072] INFO  grpc.GrpcFactory (GrpcFactory.java:checkPooledByteBufAllocatorUseCacheForAllThreads(45)) - PERFORMANCE WARNING: useCacheForAllThreads is true that may cause Netty to create a lot garbage objects and, as a result, trigger GC.
	It is recommended to disable useCacheForAllThreads by setting -Dorg.apache.ratis.thirdparty.io.netty.allocator.useCacheForAllThreads=false in command line.
2019-09-12 11:36:09,834 [Thread-1072] INFO  grpc.GrpcConfigKeys$Server (ConfUtils.java:logGet(43)) - raft.grpc.server.port = 0 (default)
2019-09-12 11:36:09,834 [Thread-1072] INFO  server.GrpcService (ConfUtils.java:logGet(43)) - raft.grpc.message.size.max = 33570816 (custom)
2019-09-12 11:36:09,834 [Thread-1072] INFO  server.RaftServerConfigKeys (ConfUtils.java:logGet(43)) - raft.server.log.appender.buffer.byte-limit = 33554432 (custom)
2019-09-12 11:36:09,834 [Thread-1072] INFO  server.GrpcService (ConfUtils.java:logGet(43)) - raft.grpc.flow.control.window = 1MB (=1048576) (default)
2019-09-12 11:36:09,834 [Thread-1072] INFO  server.RaftServerConfigKeys (ConfUtils.java:logGet(43)) - raft.server.rpc.request.timeout = 3000ms (default)
2019-09-12 11:36:09,835 [Thread-1072] INFO  server.RaftServerConfigKeys (ConfUtils.java:logGet(43)) - raft.server.storage.dir = [/workdir/hadoop-ozone/ozonefs/target/test-dir/MiniOzoneClusterImpl-4dbb2fea-10be-4021-aaff-c3567f88023d/datanode-0/data/ratis] (custom)
2019-09-12 11:36:09,835 [Thread-1072] INFO  replication.SimpleContainerDownloader (SimpleContainerDownloader.java:<init>(72)) - Starting container downloader service to copy containers to replicate.
2019-09-12 11:36:09,836 [Thread-1072] INFO  hdfs.DFSUtil (DFSUtil.java:httpServerTemplateForNNAndJN(1641)) - Starting Web-server for hddsDatanode at: http://0.0.0.0:0
2019-09-12 11:36:09,838 [Thread-1072] INFO  server.AuthenticationFilter (AuthenticationFilter.java:constructSecretProvider(240)) - Unable to initialize FileSignerSecretProvider, falling back to use random secrets.
2019-09-12 11:36:09,838 [Thread-1072] WARN  http.HttpRequestLog (HttpRequestLog.java:getRequestLog(97)) - Jetty request log can only be enabled using Log4j
2019-09-12 11:36:09,840 [Thread-1072] INFO  http.HttpServer2 (HttpServer2.java:addGlobalFilter(975)) - Added global filter 'safety' (class=org.apache.hadoop.http.HttpServer2$QuotingInputFilter)
2019-09-12 11:36:09,840 [Thread-1072] INFO  http.HttpServer2 (HttpServer2.java:addFilter(948)) - Added filter static_user_filter (class=org.apache.hadoop.http.lib.StaticUserWebFilter$StaticUserFilter) to context hddsDatanode
2019-09-12 11:36:09,840 [Thread-1072] INFO  http.HttpServer2 (HttpServer2.java:addFilter(958)) - Added filter static_user_filter (class=org.apache.hadoop.http.lib.StaticUserWebFilter$StaticUserFilter) to context static
2019-09-12 11:36:09,840 [Thread-1072] INFO  http.HttpServer2 (HttpServer2.java:addFilter(958)) - Added filter static_user_filter (class=org.apache.hadoop.http.lib.StaticUserWebFilter$StaticUserFilter) to context logs
2019-09-12 11:36:09,841 [Thread-1072] INFO  http.HttpServer2 (HttpServer2.java:bindListener(1191)) - Jetty bound to port 46078
2019-09-12 11:36:09,841 [Thread-1072] INFO  server.Server (Server.java:doStart(351)) - jetty-9.3.24.v20180605, build timestamp: 2018-06-05T17:11:56Z, git hash: 84205aa28f11a4f31f2a3b86d1bba2cc8ab69827
2019-09-12 11:36:09,843 [Thread-1072] INFO  handler.ContextHandler (ContextHandler.java:doStart(781)) - Started o.e.j.s.ServletContextHandler@34c3d44c{/logs,file:///workdir/hadoop-ozone/ozonefs/target/log,AVAILABLE}
2019-09-12 11:36:09,843 [Thread-1072] INFO  handler.ContextHandler (ContextHandler.java:doStart(781)) - Started o.e.j.s.ServletContextHandler@67a2fd2b{/static,jar:file:/home/user/.m2/repository/org/apache/hadoop/hadoop-hdds-container-service/0.5.0-SNAPSHOT/hadoop-hdds-container-service-0.5.0-SNAPSHOT.jar!/webapps/static,AVAILABLE}
2019-09-12 11:36:09,870 [Thread-1072] INFO  handler.ContextHandler (ContextHandler.java:doStart(781)) - Started o.e.j.w.WebAppContext@1094ef57{/,file:///tmp/jetty-0.0.0.0-46078-hddsDatanode-_-any-3396578334543906089.dir/webapp/,AVAILABLE}{/hddsDatanode}
2019-09-12 11:36:09,871 [Thread-1072] INFO  server.AbstractConnector (AbstractConnector.java:doStart(278)) - Started ServerConnector@5cbfffaf{HTTP/1.1,[http/1.1]}{0.0.0.0:46078}
2019-09-12 11:36:09,872 [Thread-1072] INFO  server.Server (Server.java:doStart(419)) - Started @76940ms
2019-09-12 11:36:09,873 [Thread-1072] INFO  server.BaseHttpServer (BaseHttpServer.java:updateConnectorAddress(213)) - HTTP server of HDDSDATANODE is listening at http://0.0.0.0:46078
2019-09-12 11:36:10,024 | INFO  | ObjectStoreRestHttpServer | Listening HDDS REST traffic on /0.0.0.0:42062 |  
2019-09-12 11:36:10,024 [Thread-1072] INFO  ozone.HddsDatanodeService (HddsDatanodeService.java:startPlugins(395)) - Started plug-in org.apache.hadoop.ozone.web.OzoneHddsDatanodeService@65a6394c
2019-09-12 11:36:10,024 [Thread-1072] INFO  impl.MetricsSystemImpl (MetricsSystemImpl.java:init(158)) - HddsDatanode metrics system started (again)
2019-09-12 11:36:10,027 [Thread-1072] INFO  ozone.HddsDatanodeService (HddsDatanodeService.java:start(184)) - HddsDatanodeService host:pr-hdds-1569-58hkm-1881083799 ip:192.168.36.114
2019-09-12 11:36:10,027 [org.apache.hadoop.util.JvmPauseMonitor$Monitor@6c9b1276] INFO  util.JvmPauseMonitor (JvmPauseMonitor.java:run(188)) - Starting JVM pause monitor
2019-09-12 11:36:10,029 [Datanode State Machine Thread - 0] INFO  datanode.InitDatanodeState (InitDatanodeState.java:persistContainerDatanodeDetails(140)) - DatanodeDetails is persisted to /workdir/hadoop-ozone/ozonefs/target/test-dir/MiniOzoneClusterImpl-4dbb2fea-10be-4021-aaff-c3567f88023d/datanode-0/meta/datanode.id
2019-09-12 11:36:10,034 [Thread-1072] INFO  volume.HddsVolume (HddsVolume.java:<init>(176)) - Creating Volume: /workdir/hadoop-ozone/ozonefs/target/test-dir/MiniOzoneClusterImpl-4dbb2fea-10be-4021-aaff-c3567f88023d/datanode-1/data/containers/hdds of  storage type : DISK and capacity : 1482555576320
2019-09-12 11:36:10,035 [Thread-1072] INFO  volume.VolumeSet (VolumeSet.java:initializeVolumeSet(170)) - Added Volume : /workdir/hadoop-ozone/ozonefs/target/test-dir/MiniOzoneClusterImpl-4dbb2fea-10be-4021-aaff-c3567f88023d/datanode-1/data/containers/hdds to VolumeSet
2019-09-12 11:36:10,035 [Thread-1072] INFO  volume.ThrottledAsyncChecker (ThrottledAsyncChecker.java:schedule(140)) - Scheduling a check for org.apache.hadoop.ozone.container.common.volume.HddsVolume@17cf8130
2019-09-12 11:36:10,035 [Thread-1072] INFO  volume.HddsVolumeChecker (HddsVolumeChecker.java:checkAllVolumes(203)) - Scheduled health check for volume org.apache.hadoop.ozone.container.common.volume.HddsVolume@17cf8130
2019-09-12 11:36:10,054 [Thread-1072] INFO  impl.RaftServerProxy (ConfUtils.java:logGet(43)) - raft.rpc.type = GRPC (default)
2019-09-12 11:36:10,055 [Thread-1072] INFO  grpc.GrpcFactory (GrpcFactory.java:checkPooledByteBufAllocatorUseCacheForAllThreads(45)) - PERFORMANCE WARNING: useCacheForAllThreads is true that may cause Netty to create a lot garbage objects and, as a result, trigger GC.
	It is recommended to disable useCacheForAllThreads by setting -Dorg.apache.ratis.thirdparty.io.netty.allocator.useCacheForAllThreads=false in command line.
2019-09-12 11:36:10,055 [Thread-1072] INFO  grpc.GrpcConfigKeys$Server (ConfUtils.java:logGet(43)) - raft.grpc.server.port = 0 (default)
2019-09-12 11:36:10,055 [Thread-1072] INFO  server.GrpcService (ConfUtils.java:logGet(43)) - raft.grpc.message.size.max = 33570816 (custom)
2019-09-12 11:36:10,055 [Thread-1072] INFO  server.RaftServerConfigKeys (ConfUtils.java:logGet(43)) - raft.server.log.appender.buffer.byte-limit = 33554432 (custom)
2019-09-12 11:36:10,055 [Thread-1072] INFO  server.GrpcService (ConfUtils.java:logGet(43)) - raft.grpc.flow.control.window = 1MB (=1048576) (default)
2019-09-12 11:36:10,055 [Thread-1072] INFO  server.RaftServerConfigKeys (ConfUtils.java:logGet(43)) - raft.server.rpc.request.timeout = 3000ms (default)
2019-09-12 11:36:10,056 [Thread-1072] INFO  server.RaftServerConfigKeys (ConfUtils.java:logGet(43)) - raft.server.storage.dir = [/workdir/hadoop-ozone/ozonefs/target/test-dir/MiniOzoneClusterImpl-4dbb2fea-10be-4021-aaff-c3567f88023d/datanode-1/data/ratis] (custom)
2019-09-12 11:36:10,056 [Thread-1072] INFO  replication.SimpleContainerDownloader (SimpleContainerDownloader.java:<init>(72)) - Starting container downloader service to copy containers to replicate.
2019-09-12 11:36:10,057 [Thread-1072] INFO  hdfs.DFSUtil (DFSUtil.java:httpServerTemplateForNNAndJN(1641)) - Starting Web-server for hddsDatanode at: http://0.0.0.0:0
2019-09-12 11:36:10,060 [Thread-1072] INFO  server.AuthenticationFilter (AuthenticationFilter.java:constructSecretProvider(240)) - Unable to initialize FileSignerSecretProvider, falling back to use random secrets.
2019-09-12 11:36:10,060 [Thread-1072] WARN  http.HttpRequestLog (HttpRequestLog.java:getRequestLog(97)) - Jetty request log can only be enabled using Log4j
2019-09-12 11:36:10,063 [Thread-1072] INFO  http.HttpServer2 (HttpServer2.java:addGlobalFilter(975)) - Added global filter 'safety' (class=org.apache.hadoop.http.HttpServer2$QuotingInputFilter)
2019-09-12 11:36:10,063 [Thread-1072] INFO  http.HttpServer2 (HttpServer2.java:addFilter(948)) - Added filter static_user_filter (class=org.apache.hadoop.http.lib.StaticUserWebFilter$StaticUserFilter) to context hddsDatanode
2019-09-12 11:36:10,064 [Thread-1072] INFO  http.HttpServer2 (HttpServer2.java:addFilter(958)) - Added filter static_user_filter (class=org.apache.hadoop.http.lib.StaticUserWebFilter$StaticUserFilter) to context static
2019-09-12 11:36:10,064 [Thread-1072] INFO  http.HttpServer2 (HttpServer2.java:addFilter(958)) - Added filter static_user_filter (class=org.apache.hadoop.http.lib.StaticUserWebFilter$StaticUserFilter) to context logs
2019-09-12 11:36:10,065 [Thread-1072] INFO  http.HttpServer2 (HttpServer2.java:bindListener(1191)) - Jetty bound to port 40085
2019-09-12 11:36:10,065 [Thread-1072] INFO  server.Server (Server.java:doStart(351)) - jetty-9.3.24.v20180605, build timestamp: 2018-06-05T17:11:56Z, git hash: 84205aa28f11a4f31f2a3b86d1bba2cc8ab69827
2019-09-12 11:36:10,067 [Thread-1072] INFO  handler.ContextHandler (ContextHandler.java:doStart(781)) - Started o.e.j.s.ServletContextHandler@6acc0db2{/logs,file:///workdir/hadoop-ozone/ozonefs/target/log,AVAILABLE}
2019-09-12 11:36:10,067 [Thread-1072] INFO  handler.ContextHandler (ContextHandler.java:doStart(781)) - Started o.e.j.s.ServletContextHandler@63be2ffc{/static,jar:file:/home/user/.m2/repository/org/apache/hadoop/hadoop-hdds-container-service/0.5.0-SNAPSHOT/hadoop-hdds-container-service-0.5.0-SNAPSHOT.jar!/webapps/static,AVAILABLE}
2019-09-12 11:36:10,104 [Thread-1072] INFO  handler.ContextHandler (ContextHandler.java:doStart(781)) - Started o.e.j.w.WebAppContext@1c1b51aa{/,file:///tmp/jetty-0.0.0.0-40085-hddsDatanode-_-any-2182758353689890991.dir/webapp/,AVAILABLE}{/hddsDatanode}
2019-09-12 11:36:10,104 [Thread-1072] INFO  server.AbstractConnector (AbstractConnector.java:doStart(278)) - Started ServerConnector@759b3566{HTTP/1.1,[http/1.1]}{0.0.0.0:40085}
2019-09-12 11:36:10,106 [Thread-1072] INFO  server.Server (Server.java:doStart(419)) - Started @77173ms
2019-09-12 11:36:10,106 [Thread-1072] INFO  server.BaseHttpServer (BaseHttpServer.java:updateConnectorAddress(213)) - HTTP server of HDDSDATANODE is listening at http://0.0.0.0:40085
2019-09-12 11:36:10,232 | INFO  | ObjectStoreRestHttpServer | Listening HDDS REST traffic on /0.0.0.0:38997 |  
2019-09-12 11:36:10,232 [Thread-1072] INFO  ozone.HddsDatanodeService (HddsDatanodeService.java:startPlugins(395)) - Started plug-in org.apache.hadoop.ozone.web.OzoneHddsDatanodeService@6b0b5f6
2019-09-12 11:36:10,232 [Thread-1072] INFO  impl.MetricsSystemImpl (MetricsSystemImpl.java:init(158)) - HddsDatanode metrics system started (again)
2019-09-12 11:36:10,234 [org.apache.hadoop.util.JvmPauseMonitor$Monitor@1bde0e08] INFO  util.JvmPauseMonitor (JvmPauseMonitor.java:run(188)) - Starting JVM pause monitor
2019-09-12 11:36:10,235 [Thread-1072] INFO  ozone.HddsDatanodeService (HddsDatanodeService.java:start(184)) - HddsDatanodeService host:pr-hdds-1569-58hkm-1881083799 ip:192.168.36.114
2019-09-12 11:36:10,237 [Datanode State Machine Thread - 0] INFO  datanode.InitDatanodeState (InitDatanodeState.java:persistContainerDatanodeDetails(140)) - DatanodeDetails is persisted to /workdir/hadoop-ozone/ozonefs/target/test-dir/MiniOzoneClusterImpl-4dbb2fea-10be-4021-aaff-c3567f88023d/datanode-1/meta/datanode.id
2019-09-12 11:36:10,241 [Thread-1072] INFO  volume.HddsVolume (HddsVolume.java:<init>(176)) - Creating Volume: /workdir/hadoop-ozone/ozonefs/target/test-dir/MiniOzoneClusterImpl-4dbb2fea-10be-4021-aaff-c3567f88023d/datanode-2/data/containers/hdds of  storage type : DISK and capacity : 1482555576320
2019-09-12 11:36:10,242 [Thread-1072] INFO  volume.VolumeSet (VolumeSet.java:initializeVolumeSet(170)) - Added Volume : /workdir/hadoop-ozone/ozonefs/target/test-dir/MiniOzoneClusterImpl-4dbb2fea-10be-4021-aaff-c3567f88023d/datanode-2/data/containers/hdds to VolumeSet
2019-09-12 11:36:10,242 [Thread-1072] INFO  volume.ThrottledAsyncChecker (ThrottledAsyncChecker.java:schedule(140)) - Scheduling a check for org.apache.hadoop.ozone.container.common.volume.HddsVolume@494d0142
2019-09-12 11:36:10,242 [Thread-1072] INFO  volume.HddsVolumeChecker (HddsVolumeChecker.java:checkAllVolumes(203)) - Scheduled health check for volume org.apache.hadoop.ozone.container.common.volume.HddsVolume@494d0142
2019-09-12 11:36:10,261 [Thread-1072] INFO  impl.RaftServerProxy (ConfUtils.java:logGet(43)) - raft.rpc.type = GRPC (default)
2019-09-12 11:36:10,261 [Thread-1072] INFO  grpc.GrpcFactory (GrpcFactory.java:checkPooledByteBufAllocatorUseCacheForAllThreads(45)) - PERFORMANCE WARNING: useCacheForAllThreads is true that may cause Netty to create a lot garbage objects and, as a result, trigger GC.
	It is recommended to disable useCacheForAllThreads by setting -Dorg.apache.ratis.thirdparty.io.netty.allocator.useCacheForAllThreads=false in command line.
2019-09-12 11:36:10,261 [Thread-1072] INFO  grpc.GrpcConfigKeys$Server (ConfUtils.java:logGet(43)) - raft.grpc.server.port = 0 (default)
2019-09-12 11:36:10,262 [Thread-1072] INFO  server.GrpcService (ConfUtils.java:logGet(43)) - raft.grpc.message.size.max = 33570816 (custom)
2019-09-12 11:36:10,262 [Thread-1072] INFO  server.RaftServerConfigKeys (ConfUtils.java:logGet(43)) - raft.server.log.appender.buffer.byte-limit = 33554432 (custom)
2019-09-12 11:36:10,262 [Thread-1072] INFO  server.GrpcService (ConfUtils.java:logGet(43)) - raft.grpc.flow.control.window = 1MB (=1048576) (default)
2019-09-12 11:36:10,262 [Thread-1072] INFO  server.RaftServerConfigKeys (ConfUtils.java:logGet(43)) - raft.server.rpc.request.timeout = 3000ms (default)
2019-09-12 11:36:10,262 [Thread-1072] INFO  server.RaftServerConfigKeys (ConfUtils.java:logGet(43)) - raft.server.storage.dir = [/workdir/hadoop-ozone/ozonefs/target/test-dir/MiniOzoneClusterImpl-4dbb2fea-10be-4021-aaff-c3567f88023d/datanode-2/data/ratis] (custom)
2019-09-12 11:36:10,263 [Thread-1072] INFO  replication.SimpleContainerDownloader (SimpleContainerDownloader.java:<init>(72)) - Starting container downloader service to copy containers to replicate.
2019-09-12 11:36:10,263 [Thread-1072] INFO  hdfs.DFSUtil (DFSUtil.java:httpServerTemplateForNNAndJN(1641)) - Starting Web-server for hddsDatanode at: http://0.0.0.0:0
2019-09-12 11:36:10,265 [Thread-1072] INFO  server.AuthenticationFilter (AuthenticationFilter.java:constructSecretProvider(240)) - Unable to initialize FileSignerSecretProvider, falling back to use random secrets.
2019-09-12 11:36:10,265 [Thread-1072] WARN  http.HttpRequestLog (HttpRequestLog.java:getRequestLog(97)) - Jetty request log can only be enabled using Log4j
2019-09-12 11:36:10,267 [Thread-1072] INFO  http.HttpServer2 (HttpServer2.java:addGlobalFilter(975)) - Added global filter 'safety' (class=org.apache.hadoop.http.HttpServer2$QuotingInputFilter)
2019-09-12 11:36:10,267 [Thread-1072] INFO  http.HttpServer2 (HttpServer2.java:addFilter(948)) - Added filter static_user_filter (class=org.apache.hadoop.http.lib.StaticUserWebFilter$StaticUserFilter) to context hddsDatanode
2019-09-12 11:36:10,268 [Thread-1072] INFO  http.HttpServer2 (HttpServer2.java:addFilter(958)) - Added filter static_user_filter (class=org.apache.hadoop.http.lib.StaticUserWebFilter$StaticUserFilter) to context static
2019-09-12 11:36:10,268 [Thread-1072] INFO  http.HttpServer2 (HttpServer2.java:addFilter(958)) - Added filter static_user_filter (class=org.apache.hadoop.http.lib.StaticUserWebFilter$StaticUserFilter) to context logs
2019-09-12 11:36:10,268 [Thread-1072] INFO  http.HttpServer2 (HttpServer2.java:bindListener(1191)) - Jetty bound to port 38524
2019-09-12 11:36:10,268 [Thread-1072] INFO  server.Server (Server.java:doStart(351)) - jetty-9.3.24.v20180605, build timestamp: 2018-06-05T17:11:56Z, git hash: 84205aa28f11a4f31f2a3b86d1bba2cc8ab69827
2019-09-12 11:36:10,270 [Thread-1072] INFO  handler.ContextHandler (ContextHandler.java:doStart(781)) - Started o.e.j.s.ServletContextHandler@2840ea9d{/logs,file:///workdir/hadoop-ozone/ozonefs/target/log,AVAILABLE}
2019-09-12 11:36:10,270 [Thread-1072] INFO  handler.ContextHandler (ContextHandler.java:doStart(781)) - Started o.e.j.s.ServletContextHandler@7d450fc7{/static,jar:file:/home/user/.m2/repository/org/apache/hadoop/hadoop-hdds-container-service/0.5.0-SNAPSHOT/hadoop-hdds-container-service-0.5.0-SNAPSHOT.jar!/webapps/static,AVAILABLE}
2019-09-12 11:36:10,296 [Thread-1072] INFO  handler.ContextHandler (ContextHandler.java:doStart(781)) - Started o.e.j.w.WebAppContext@6244cde6{/,file:///tmp/jetty-0.0.0.0-38524-hddsDatanode-_-any-3246056235063423271.dir/webapp/,AVAILABLE}{/hddsDatanode}
2019-09-12 11:36:10,297 [Thread-1072] INFO  server.AbstractConnector (AbstractConnector.java:doStart(278)) - Started ServerConnector@5632b42b{HTTP/1.1,[http/1.1]}{0.0.0.0:38524}
2019-09-12 11:36:10,298 [Thread-1072] INFO  server.Server (Server.java:doStart(419)) - Started @77366ms
2019-09-12 11:36:10,299 [Thread-1072] INFO  server.BaseHttpServer (BaseHttpServer.java:updateConnectorAddress(213)) - HTTP server of HDDSDATANODE is listening at http://0.0.0.0:38524
2019-09-12 11:36:10,419 | INFO  | ObjectStoreRestHttpServer | Listening HDDS REST traffic on /0.0.0.0:34892 |  
2019-09-12 11:36:10,419 [Thread-1072] INFO  ozone.HddsDatanodeService (HddsDatanodeService.java:startPlugins(395)) - Started plug-in org.apache.hadoop.ozone.web.OzoneHddsDatanodeService@29b123be
2019-09-12 11:36:10,419 [Thread-1072] INFO  ozone.MiniOzoneClusterImpl (MiniOzoneClusterImpl.java:lambda$waitForClusterToBeReady$0(142)) - Waiting for cluster to be ready. Got 0 of 3 DN Heartbeats.
2019-09-12 11:36:10,421 [org.apache.hadoop.util.JvmPauseMonitor$Monitor@2390f095] INFO  util.JvmPauseMonitor (JvmPauseMonitor.java:run(188)) - Starting JVM pause monitor
2019-09-12 11:36:10,422 [Datanode State Machine Thread - 0] INFO  datanode.InitDatanodeState (InitDatanodeState.java:persistContainerDatanodeDetails(140)) - DatanodeDetails is persisted to /workdir/hadoop-ozone/ozonefs/target/test-dir/MiniOzoneClusterImpl-4dbb2fea-10be-4021-aaff-c3567f88023d/datanode-2/meta/datanode.id
2019-09-12 11:36:11,420 [Thread-1072] INFO  ozone.MiniOzoneClusterImpl (MiniOzoneClusterImpl.java:lambda$waitForClusterToBeReady$0(142)) - Waiting for cluster to be ready. Got 0 of 3 DN Heartbeats.
2019-09-12 11:36:12,032 | INFO  | SCMAudit | user=jenkins1000 | ip=192.168.36.114 | op=GET_VERSION null | ret=SUCCESS |  
2019-09-12 11:36:12,046 [Datanode State Machine Thread - 0] INFO  ozoneimpl.OzoneContainer (OzoneContainer.java:start(186)) - Attempting to start container services.
2019-09-12 11:36:12,047 [Datanode State Machine Thread - 0] INFO  ozoneimpl.OzoneContainer (OzoneContainer.java:startContainerScrub(160)) - Background container scrubber has been disabled by hdds.containerscrub.enabled
2019-09-12 11:36:12,047 [Datanode State Machine Thread - 0] INFO  ratis.XceiverServerRatis (XceiverServerRatis.java:start(404)) - Starting XceiverServerRatis 255671a0-6eee-4881-b885-680cdec970b4 at port 0
2019-09-12 11:36:12,053 [Datanode State Machine Thread - 0] INFO  impl.RaftServerProxy (RaftServerProxy.java:lambda$start$3(299)) - 255671a0-6eee-4881-b885-680cdec970b4: start RPC server
2019-09-12 11:36:12,055 [Datanode State Machine Thread - 0] INFO  server.GrpcService (GrpcService.java:startImpl(149)) - 255671a0-6eee-4881-b885-680cdec970b4: GrpcService started, listening on 0.0.0.0/0.0.0.0:46494
2019-09-12 11:36:12,055 [Datanode State Machine Thread - 0] INFO  ratis.XceiverServerRatis (XceiverServerRatis.java:start(414)) - XceiverServerRatis 255671a0-6eee-4881-b885-680cdec970b4 is started using port 46494
2019-09-12 11:36:12,055 [Datanode State Machine Thread - 0] INFO  server.XceiverServerGrpc (XceiverServerGrpc.java:start(163)) - XceiverServerGrpc 255671a0-6eee-4881-b885-680cdec970b4 is started using port 43655
2019-09-12 11:36:12,235 | INFO  | SCMAudit | user=jenkins1000 | ip=192.168.36.114 | op=GET_VERSION null | ret=SUCCESS |  
2019-09-12 11:36:12,252 [Datanode State Machine Thread - 0] INFO  ozoneimpl.OzoneContainer (OzoneContainer.java:start(186)) - Attempting to start container services.
2019-09-12 11:36:12,252 [Datanode State Machine Thread - 0] INFO  ozoneimpl.OzoneContainer (OzoneContainer.java:startContainerScrub(160)) - Background container scrubber has been disabled by hdds.containerscrub.enabled
2019-09-12 11:36:12,252 [Datanode State Machine Thread - 0] INFO  ratis.XceiverServerRatis (XceiverServerRatis.java:start(404)) - Starting XceiverServerRatis 6188b700-e915-4d75-ae21-36a9719dfa93 at port 0
2019-09-12 11:36:12,257 [Datanode State Machine Thread - 0] INFO  impl.RaftServerProxy (RaftServerProxy.java:lambda$start$3(299)) - 6188b700-e915-4d75-ae21-36a9719dfa93: start RPC server
2019-09-12 11:36:12,258 [Datanode State Machine Thread - 0] INFO  server.GrpcService (GrpcService.java:startImpl(149)) - 6188b700-e915-4d75-ae21-36a9719dfa93: GrpcService started, listening on 0.0.0.0/0.0.0.0:45909
2019-09-12 11:36:12,259 [Datanode State Machine Thread - 0] INFO  ratis.XceiverServerRatis (XceiverServerRatis.java:start(414)) - XceiverServerRatis 6188b700-e915-4d75-ae21-36a9719dfa93 is started using port 45909
2019-09-12 11:36:12,260 [Datanode State Machine Thread - 0] INFO  server.XceiverServerGrpc (XceiverServerGrpc.java:start(163)) - XceiverServerGrpc 6188b700-e915-4d75-ae21-36a9719dfa93 is started using port 44423
2019-09-12 11:36:12,420 [Thread-1072] INFO  ozone.MiniOzoneClusterImpl (MiniOzoneClusterImpl.java:lambda$waitForClusterToBeReady$0(142)) - Waiting for cluster to be ready. Got 0 of 3 DN Heartbeats.
2019-09-12 11:36:12,423 | INFO  | SCMAudit | user=jenkins1000 | ip=192.168.36.114 | op=GET_VERSION null | ret=SUCCESS |  
2019-09-12 11:36:12,435 [Datanode State Machine Thread - 0] INFO  ozoneimpl.OzoneContainer (OzoneContainer.java:start(186)) - Attempting to start container services.
2019-09-12 11:36:12,435 [Datanode State Machine Thread - 0] INFO  ozoneimpl.OzoneContainer (OzoneContainer.java:startContainerScrub(160)) - Background container scrubber has been disabled by hdds.containerscrub.enabled
2019-09-12 11:36:12,436 [Datanode State Machine Thread - 0] INFO  ratis.XceiverServerRatis (XceiverServerRatis.java:start(404)) - Starting XceiverServerRatis 7b2637ea-ef1f-4282-b770-2a49c6d41191 at port 0
2019-09-12 11:36:12,442 [Datanode State Machine Thread - 0] INFO  impl.RaftServerProxy (RaftServerProxy.java:lambda$start$3(299)) - 7b2637ea-ef1f-4282-b770-2a49c6d41191: start RPC server
2019-09-12 11:36:12,443 [Datanode State Machine Thread - 0] INFO  server.GrpcService (GrpcService.java:startImpl(149)) - 7b2637ea-ef1f-4282-b770-2a49c6d41191: GrpcService started, listening on 0.0.0.0/0.0.0.0:44199
2019-09-12 11:36:12,443 [Datanode State Machine Thread - 0] INFO  ratis.XceiverServerRatis (XceiverServerRatis.java:start(414)) - XceiverServerRatis 7b2637ea-ef1f-4282-b770-2a49c6d41191 is started using port 44199
2019-09-12 11:36:12,445 [Datanode State Machine Thread - 0] INFO  server.XceiverServerGrpc (XceiverServerGrpc.java:start(163)) - XceiverServerGrpc 7b2637ea-ef1f-4282-b770-2a49c6d41191 is started using port 37485
2019-09-12 11:36:13,421 [Thread-1072] INFO  ozone.MiniOzoneClusterImpl (MiniOzoneClusterImpl.java:lambda$waitForClusterToBeReady$0(142)) - Waiting for cluster to be ready. Got 0 of 3 DN Heartbeats.
2019-09-12 11:36:14,031 [IPC Server handler 3 on 33070] INFO  net.NetworkTopology (NetworkTopologyImpl.java:add(110)) - Added a new node: /default-rack/255671a0-6eee-4881-b885-680cdec970b4
2019-09-12 11:36:14,033 [IPC Server handler 3 on 33070] INFO  node.SCMNodeManager (SCMNodeManager.java:register(273)) - Registered Data node : 255671a0-6eee-4881-b885-680cdec970b4{ip: 192.168.36.114, host: pr-hdds-1569-58hkm-1881083799, networkLocation: /default-rack, certSerialId: null}
2019-09-12 11:36:14,034 [EventQueue-NodeRegistrationContainerReportForDataNodeSafeModeRule] INFO  safemode.SCMSafeModeManager (DataNodeSafeModeRule.java:process(71)) - SCM in safe mode. 1 DataNodes registered, 1 required.
2019-09-12 11:36:14,036 [EventQueue-NodeRegistrationContainerReportForDataNodeSafeModeRule] INFO  safemode.SCMSafeModeManager (SCMSafeModeManager.java:validateSafeModeExitRules(177)) - ScmSafeModeManager, all rules are successfully validated
2019-09-12 11:36:14,034 | INFO  | SCMAudit | user=jenkins1000 | ip=192.168.36.114 | op=REGISTER {datanodeDetails=255671a0-6eee-4881-b885-680cdec970b4{ip: 192.168.36.114, host: pr-hdds-1569-58hkm-1881083799, networkLocation: /default-rack, certSerialId: null}} | ret=SUCCESS |  
2019-09-12 11:36:14,036 [EventQueue-NodeRegistrationContainerReportForDataNodeSafeModeRule] INFO  safemode.SCMSafeModeManager (SCMSafeModeManager.java:exitSafeMode(193)) - SCM exiting safe mode.
2019-09-12 11:36:14,046 [grpc-default-executor-0] INFO  impl.RaftServerProxy (RaftServerProxy.java:addNew(89)) - 255671a0-6eee-4881-b885-680cdec970b4: addNew group-303C1ECB0F26:[255671a0-6eee-4881-b885-680cdec970b4:192.168.36.114:46494] returns group-303C1ECB0F26:java.util.concurrent.CompletableFuture@123bd80a[Not completed]
2019-09-12 11:36:14,048 [pool-239-thread-1] INFO  impl.RaftServerImpl (RaftServerImpl.java:<init>(93)) - 255671a0-6eee-4881-b885-680cdec970b4: new RaftServerImpl for group-303C1ECB0F26:[255671a0-6eee-4881-b885-680cdec970b4:192.168.36.114:46494] with ContainerStateMachine:uninitialized
2019-09-12 11:36:14,048 [pool-239-thread-1] INFO  server.RaftServerConfigKeys (ConfUtils.java:logGet(43)) - raft.server.rpc.timeout.min = 5s (custom)
2019-09-12 11:36:14,048 [pool-239-thread-1] INFO  server.RaftServerConfigKeys (ConfUtils.java:logGet(43)) - raft.server.rpc.timeout.max = 5200ms (custom)
2019-09-12 11:36:14,048 [pool-239-thread-1] INFO  server.RaftServerConfigKeys (ConfUtils.java:logGet(43)) - raft.server.rpcslowness.timeout = 120s (custom)
2019-09-12 11:36:14,048 [pool-239-thread-1] INFO  server.RaftServerConfigKeys (ConfUtils.java:logGet(43)) - raft.server.sleep.deviation.threshold = 300 (default)
2019-09-12 11:36:14,049 [pool-239-thread-1] INFO  server.RaftServerConfigKeys (ConfUtils.java:logGet(43)) - raft.server.log.appender.install.snapshot.enabled = false (custom)
2019-09-12 11:36:14,049 [pool-239-thread-1] INFO  impl.RaftServerImpl (ServerState.java:<init>(105)) - 255671a0-6eee-4881-b885-680cdec970b4:group-303C1ECB0F26 ConfigurationManager, init=-1: [255671a0-6eee-4881-b885-680cdec970b4:192.168.36.114:46494], old=null, confs=<EMPTY_MAP>
2019-09-12 11:36:14,049 [pool-239-thread-1] INFO  server.RaftServerConfigKeys (ConfUtils.java:logGet(43)) - raft.server.storage.dir = [/workdir/hadoop-ozone/ozonefs/target/test-dir/MiniOzoneClusterImpl-4dbb2fea-10be-4021-aaff-c3567f88023d/datanode-0/data/ratis] (custom)
2019-09-12 11:36:14,049 [pool-239-thread-1] INFO  storage.RaftStorageDirectory (RaftStorageDirectory.java:analyzeStorage(246)) - The storage directory /workdir/hadoop-ozone/ozonefs/target/test-dir/MiniOzoneClusterImpl-4dbb2fea-10be-4021-aaff-c3567f88023d/datanode-0/data/ratis/20f02a71-a2e2-411b-942d-303c1ecb0f26 does not exist. Creating ...
2019-09-12 11:36:14,063 [pool-239-thread-1] INFO  storage.RaftStorageDirectory (RaftStorageDirectory.java:tryLock(328)) - Lock on /workdir/hadoop-ozone/ozonefs/target/test-dir/MiniOzoneClusterImpl-4dbb2fea-10be-4021-aaff-c3567f88023d/datanode-0/data/ratis/20f02a71-a2e2-411b-942d-303c1ecb0f26/in_use.lock acquired by nodename 26908@pr-hdds-1569-58hkm-1881083799
2019-09-12 11:36:14,075 [pool-239-thread-1] INFO  storage.RaftStorage (RaftStorage.java:format(72)) - Storage directory /workdir/hadoop-ozone/ozonefs/target/test-dir/MiniOzoneClusterImpl-4dbb2fea-10be-4021-aaff-c3567f88023d/datanode-0/data/ratis/20f02a71-a2e2-411b-942d-303c1ecb0f26 has been successfully formatted.
2019-09-12 11:36:14,076 [pool-239-thread-1] INFO  ratis.ContainerStateMachine (ContainerStateMachine.java:loadSnapshot(226)) - group-303C1ECB0F26: The snapshot info is null. Setting the last applied indexto:(t:0, i:~)
2019-09-12 11:36:14,076 [pool-239-thread-1] INFO  server.RaftServerConfigKeys (ConfUtils.java:logGet(43)) - raft.server.leader.election.timeout = 120s (custom)
2019-09-12 11:36:14,076 [pool-239-thread-1] INFO  server.RaftServerConfigKeys (ConfUtils.java:logGet(43)) - raft.server.log.use.memory = false (default)
2019-09-12 11:36:14,077 [pool-239-thread-1] INFO  server.RaftServerConfigKeys (ConfUtils.java:logGet(43)) - raft.server.log.purge.gap = 1000000 (custom)
2019-09-12 11:36:14,077 [pool-239-thread-1] INFO  server.RaftServerConfigKeys (ConfUtils.java:logGet(43)) - raft.server.log.appender.buffer.byte-limit = 33554432 (custom)
2019-09-12 11:36:14,077 [pool-239-thread-1] INFO  server.RaftServerConfigKeys (ConfUtils.java:logGet(43)) - raft.server.log.segment.size.max = 1048576 (custom)
2019-09-12 11:36:14,077 [pool-239-thread-1] INFO  server.RaftServerConfigKeys (ConfUtils.java:logGet(43)) - raft.server.log.segment.cache.num.max = 2 (custom)
2019-09-12 11:36:14,078 [pool-239-thread-1] INFO  segmented.SegmentedRaftLogWorker (SegmentedRaftLogWorker.java:<init>(172)) - new 255671a0-6eee-4881-b885-680cdec970b4-SegmentedRaftLogWorker:Storage Directory /workdir/hadoop-ozone/ozonefs/target/test-dir/MiniOzoneClusterImpl-4dbb2fea-10be-4021-aaff-c3567f88023d/datanode-0/data/ratis/20f02a71-a2e2-411b-942d-303c1ecb0f26 for RaftStorage:Storage Directory /workdir/hadoop-ozone/ozonefs/target/test-dir/MiniOzoneClusterImpl-4dbb2fea-10be-4021-aaff-c3567f88023d/datanode-0/data/ratis/20f02a71-a2e2-411b-942d-303c1ecb0f26
2019-09-12 11:36:14,078 [pool-239-thread-1] INFO  server.RaftServerConfigKeys (ConfUtils.java:logGet(43)) - raft.server.log.queue.byte-limit = 2147483647 (custom)
2019-09-12 11:36:14,078 [pool-239-thread-1] INFO  server.RaftServerConfigKeys (ConfUtils.java:logGet(43)) - raft.server.log.queue.element-limit = 1024 (custom)
2019-09-12 11:36:14,079 [pool-239-thread-1] INFO  server.RaftServerConfigKeys (ConfUtils.java:logGet(43)) - raft.server.log.segment.size.max = 1048576 (custom)
2019-09-12 11:36:14,079 [pool-239-thread-1] INFO  server.RaftServerConfigKeys (ConfUtils.java:logGet(43)) - raft.server.log.preallocated.size = 16384 (custom)
2019-09-12 11:36:14,079 [pool-239-thread-1] INFO  server.RaftServerConfigKeys (ConfUtils.java:logGet(43)) - raft.server.log.write.buffer.size = 33554432 (custom)
2019-09-12 11:36:14,079 [pool-239-thread-1] INFO  server.RaftServerConfigKeys (ConfUtils.java:logGet(43)) - raft.server.log.force.sync.num = 128 (default)
2019-09-12 11:36:14,080 [pool-239-thread-1] INFO  server.RaftServerConfigKeys (ConfUtils.java:logGet(43)) - raft.server.log.statemachine.data.sync = true (default)
2019-09-12 11:36:14,080 [pool-239-thread-1] INFO  server.RaftServerConfigKeys (ConfUtils.java:logGet(43)) - raft.server.log.statemachine.data.sync.timeout = 10s (default)
2019-09-12 11:36:14,080 [pool-239-thread-1] INFO  server.RaftServerConfigKeys (ConfUtils.java:logGet(43)) - raft.server.log.statemachine.data.sync.timeout.retry = -1 (default)
2019-09-12 11:36:14,080 [pool-239-thread-1] INFO  server.RaftServerConfigKeys (ConfUtils.java:logGet(43)) - raft.server.log.statemachine.data.caching.enabled = true (custom)
2019-09-12 11:36:14,080 [pool-239-thread-1] INFO  segmented.SegmentedRaftLogWorker (SegmentedRaftLogWorker.java:lambda$new$0(132)) - 255671a0-6eee-4881-b885-680cdec970b4-SegmentedRaftLogWorker:Storage Directory /workdir/hadoop-ozone/ozonefs/target/test-dir/MiniOzoneClusterImpl-4dbb2fea-10be-4021-aaff-c3567f88023d/datanode-0/data/ratis/20f02a71-a2e2-411b-942d-303c1ecb0f26: flushIndex: setUnconditionally 0 -> -1
2019-09-12 11:36:14,081 [pool-239-thread-1] INFO  server.RaftServerConfigKeys (ConfUtils.java:logGet(43)) - raft.server.snapshot.auto.trigger.enabled = true (custom)
2019-09-12 11:36:14,081 [pool-239-thread-1] INFO  server.RaftServerConfigKeys (ConfUtils.java:logGet(43)) - raft.server.snapshot.auto.trigger.threshold = 10000 (custom)
2019-09-12 11:36:14,081 [pool-239-thread-1] INFO  server.RaftServerConfigKeys (ConfUtils.java:logGet(43)) - raft.server.retrycache.expirytime = 600000ms (custom)
2019-09-12 11:36:14,081 [pool-239-thread-1] INFO  impl.RaftServerImpl (RaftServerImpl.java:start(180)) - 255671a0-6eee-4881-b885-680cdec970b4: start group-303C1ECB0F26
2019-09-12 11:36:14,082 [pool-239-thread-1] INFO  impl.RaftServerImpl (RaftServerImpl.java:setRole(171)) - 255671a0-6eee-4881-b885-680cdec970b4:group-303C1ECB0F26 changes role from null to FOLLOWER at term 0 for startAsFollower
2019-09-12 11:36:14,082 [pool-239-thread-1] INFO  impl.RoleInfo (RoleInfo.java:updateAndGet(143)) - 255671a0-6eee-4881-b885-680cdec970b4: start FollowerState
2019-09-12 11:36:14,083 [pool-239-thread-1] INFO  util.JmxRegister (JmxRegister.java:tryRegister(44)) - Successfully registered JMX Bean with object name Ratis:service=RaftServer,group=group-303C1ECB0F26,id=255671a0-6eee-4881-b885-680cdec970b4
2019-09-12 11:36:14,086 [RatisPipelineUtilsThread] INFO  pipeline.PipelineStateManager (PipelineStateManager.java:addPipeline(56)) - Created pipeline Pipeline[ Id: 20f02a71-a2e2-411b-942d-303c1ecb0f26, Nodes: 255671a0-6eee-4881-b885-680cdec970b4{ip: 192.168.36.114, host: pr-hdds-1569-58hkm-1881083799, networkLocation: /default-rack, certSerialId: null}, Type:RATIS, Factor:ONE, State:OPEN]
2019-09-12 11:36:14,092 [grpc-default-executor-0] INFO  impl.RaftServerProxy (RaftServerProxy.java:addNew(89)) - 255671a0-6eee-4881-b885-680cdec970b4: addNew group-4C552BD78802:[255671a0-6eee-4881-b885-680cdec970b4:192.168.36.114:46494] returns group-4C552BD78802:java.util.concurrent.CompletableFuture@23638ef2[Not completed]
2019-09-12 11:36:14,093 [pool-239-thread-1] INFO  impl.RaftServerImpl (RaftServerImpl.java:<init>(93)) - 255671a0-6eee-4881-b885-680cdec970b4: new RaftServerImpl for group-4C552BD78802:[255671a0-6eee-4881-b885-680cdec970b4:192.168.36.114:46494] with ContainerStateMachine:uninitialized
2019-09-12 11:36:14,093 [pool-239-thread-1] INFO  server.RaftServerConfigKeys (ConfUtils.java:logGet(43)) - raft.server.rpc.timeout.min = 5s (custom)
2019-09-12 11:36:14,093 [pool-239-thread-1] INFO  server.RaftServerConfigKeys (ConfUtils.java:logGet(43)) - raft.server.rpc.timeout.max = 5200ms (custom)
2019-09-12 11:36:14,094 [pool-239-thread-1] INFO  server.RaftServerConfigKeys (ConfUtils.java:logGet(43)) - raft.server.rpcslowness.timeout = 120s (custom)
2019-09-12 11:36:14,094 [pool-239-thread-1] INFO  server.RaftServerConfigKeys (ConfUtils.java:logGet(43)) - raft.server.sleep.deviation.threshold = 300 (default)
2019-09-12 11:36:14,094 [pool-239-thread-1] INFO  server.RaftServerConfigKeys (ConfUtils.java:logGet(43)) - raft.server.log.appender.install.snapshot.enabled = false (custom)
2019-09-12 11:36:14,094 [pool-239-thread-1] INFO  impl.RaftServerImpl (ServerState.java:<init>(105)) - 255671a0-6eee-4881-b885-680cdec970b4:group-4C552BD78802 ConfigurationManager, init=-1: [255671a0-6eee-4881-b885-680cdec970b4:192.168.36.114:46494], old=null, confs=<EMPTY_MAP>
2019-09-12 11:36:14,094 [pool-239-thread-1] INFO  server.RaftServerConfigKeys (ConfUtils.java:logGet(43)) - raft.server.storage.dir = [/workdir/hadoop-ozone/ozonefs/target/test-dir/MiniOzoneClusterImpl-4dbb2fea-10be-4021-aaff-c3567f88023d/datanode-0/data/ratis] (custom)
2019-09-12 11:36:14,094 [pool-239-thread-1] INFO  storage.RaftStorageDirectory (RaftStorageDirectory.java:analyzeStorage(246)) - The storage directory /workdir/hadoop-ozone/ozonefs/target/test-dir/MiniOzoneClusterImpl-4dbb2fea-10be-4021-aaff-c3567f88023d/datanode-0/data/ratis/eb71f9f3-2252-4883-8c4c-4c552bd78802 does not exist. Creating ...
2019-09-12 11:36:14,108 [pool-239-thread-1] INFO  storage.RaftStorageDirectory (RaftStorageDirectory.java:tryLock(328)) - Lock on /workdir/hadoop-ozone/ozonefs/target/test-dir/MiniOzoneClusterImpl-4dbb2fea-10be-4021-aaff-c3567f88023d/datanode-0/data/ratis/eb71f9f3-2252-4883-8c4c-4c552bd78802/in_use.lock acquired by nodename 26908@pr-hdds-1569-58hkm-1881083799
2019-09-12 11:36:14,120 [pool-239-thread-1] INFO  storage.RaftStorage (RaftStorage.java:format(72)) - Storage directory /workdir/hadoop-ozone/ozonefs/target/test-dir/MiniOzoneClusterImpl-4dbb2fea-10be-4021-aaff-c3567f88023d/datanode-0/data/ratis/eb71f9f3-2252-4883-8c4c-4c552bd78802 has been successfully formatted.
2019-09-12 11:36:14,121 [pool-239-thread-1] INFO  ratis.ContainerStateMachine (ContainerStateMachine.java:loadSnapshot(226)) - group-4C552BD78802: The snapshot info is null. Setting the last applied indexto:(t:0, i:~)
2019-09-12 11:36:14,121 [pool-239-thread-1] INFO  server.RaftServerConfigKeys (ConfUtils.java:logGet(43)) - raft.server.leader.election.timeout = 120s (custom)
2019-09-12 11:36:14,121 [pool-239-thread-1] INFO  server.RaftServerConfigKeys (ConfUtils.java:logGet(43)) - raft.server.log.use.memory = false (default)
2019-09-12 11:36:14,121 [pool-239-thread-1] INFO  server.RaftServerConfigKeys (ConfUtils.java:logGet(43)) - raft.server.log.purge.gap = 1000000 (custom)
2019-09-12 11:36:14,121 [pool-239-thread-1] INFO  server.RaftServerConfigKeys (ConfUtils.java:logGet(43)) - raft.server.log.appender.buffer.byte-limit = 33554432 (custom)
2019-09-12 11:36:14,121 [pool-239-thread-1] INFO  server.RaftServerConfigKeys (ConfUtils.java:logGet(43)) - raft.server.log.segment.size.max = 1048576 (custom)
2019-09-12 11:36:14,122 [pool-239-thread-1] INFO  server.RaftServerConfigKeys (ConfUtils.java:logGet(43)) - raft.server.log.segment.cache.num.max = 2 (custom)
2019-09-12 11:36:14,122 [pool-239-thread-1] INFO  segmented.SegmentedRaftLogWorker (SegmentedRaftLogWorker.java:<init>(172)) - new 255671a0-6eee-4881-b885-680cdec970b4-SegmentedRaftLogWorker:Storage Directory /workdir/hadoop-ozone/ozonefs/target/test-dir/MiniOzoneClusterImpl-4dbb2fea-10be-4021-aaff-c3567f88023d/datanode-0/data/ratis/eb71f9f3-2252-4883-8c4c-4c552bd78802 for RaftStorage:Storage Directory /workdir/hadoop-ozone/ozonefs/target/test-dir/MiniOzoneClusterImpl-4dbb2fea-10be-4021-aaff-c3567f88023d/datanode-0/data/ratis/eb71f9f3-2252-4883-8c4c-4c552bd78802
2019-09-12 11:36:14,122 [pool-239-thread-1] INFO  server.RaftServerConfigKeys (ConfUtils.java:logGet(43)) - raft.server.log.queue.byte-limit = 2147483647 (custom)
2019-09-12 11:36:14,122 [pool-239-thread-1] INFO  server.RaftServerConfigKeys (ConfUtils.java:logGet(43)) - raft.server.log.queue.element-limit = 1024 (custom)
2019-09-12 11:36:14,122 [pool-239-thread-1] INFO  server.RaftServerConfigKeys (ConfUtils.java:logGet(43)) - raft.server.log.segment.size.max = 1048576 (custom)
2019-09-12 11:36:14,122 [pool-239-thread-1] INFO  server.RaftServerConfigKeys (ConfUtils.java:logGet(43)) - raft.server.log.preallocated.size = 16384 (custom)
2019-09-12 11:36:14,122 [pool-239-thread-1] INFO  server.RaftServerConfigKeys (ConfUtils.java:logGet(43)) - raft.server.log.write.buffer.size = 33554432 (custom)
2019-09-12 11:36:14,122 [pool-239-thread-1] INFO  server.RaftServerConfigKeys (ConfUtils.java:logGet(43)) - raft.server.log.force.sync.num = 128 (default)
2019-09-12 11:36:14,123 [pool-239-thread-1] INFO  server.RaftServerConfigKeys (ConfUtils.java:logGet(43)) - raft.server.log.statemachine.data.sync = true (default)
2019-09-12 11:36:14,123 [pool-239-thread-1] INFO  server.RaftServerConfigKeys (ConfUtils.java:logGet(43)) - raft.server.log.statemachine.data.sync.timeout = 10s (default)
2019-09-12 11:36:14,123 [pool-239-thread-1] INFO  server.RaftServerConfigKeys (ConfUtils.java:logGet(43)) - raft.server.log.statemachine.data.sync.timeout.retry = -1 (default)
2019-09-12 11:36:14,123 [pool-239-thread-1] INFO  server.RaftServerConfigKeys (ConfUtils.java:logGet(43)) - raft.server.log.statemachine.data.caching.enabled = true (custom)
2019-09-12 11:36:14,123 [pool-239-thread-1] INFO  segmented.SegmentedRaftLogWorker (SegmentedRaftLogWorker.java:lambda$new$0(132)) - 255671a0-6eee-4881-b885-680cdec970b4-SegmentedRaftLogWorker:Storage Directory /workdir/hadoop-ozone/ozonefs/target/test-dir/MiniOzoneClusterImpl-4dbb2fea-10be-4021-aaff-c3567f88023d/datanode-0/data/ratis/eb71f9f3-2252-4883-8c4c-4c552bd78802: flushIndex: setUnconditionally 0 -> -1
2019-09-12 11:36:14,124 [pool-239-thread-1] INFO  server.RaftServerConfigKeys (ConfUtils.java:logGet(43)) - raft.server.snapshot.auto.trigger.enabled = true (custom)
2019-09-12 11:36:14,124 [pool-239-thread-1] INFO  server.RaftServerConfigKeys (ConfUtils.java:logGet(43)) - raft.server.snapshot.auto.trigger.threshold = 10000 (custom)
2019-09-12 11:36:14,124 [pool-239-thread-1] INFO  server.RaftServerConfigKeys (ConfUtils.java:logGet(43)) - raft.server.retrycache.expirytime = 600000ms (custom)
2019-09-12 11:36:14,124 [pool-239-thread-1] INFO  impl.RaftServerImpl (RaftServerImpl.java:start(180)) - 255671a0-6eee-4881-b885-680cdec970b4: start group-4C552BD78802
2019-09-12 11:36:14,124 [pool-239-thread-1] INFO  impl.RaftServerImpl (RaftServerImpl.java:setRole(171)) - 255671a0-6eee-4881-b885-680cdec970b4:group-4C552BD78802 changes role from null to FOLLOWER at term 0 for startAsFollower
2019-09-12 11:36:14,124 [pool-239-thread-1] INFO  impl.RoleInfo (RoleInfo.java:updateAndGet(143)) - 255671a0-6eee-4881-b885-680cdec970b4: start FollowerState
2019-09-12 11:36:14,125 [pool-239-thread-1] INFO  util.JmxRegister (JmxRegister.java:tryRegister(44)) - Successfully registered JMX Bean with object name Ratis:service=RaftServer,group=group-4C552BD78802,id=255671a0-6eee-4881-b885-680cdec970b4
2019-09-12 11:36:14,128 [RatisPipelineUtilsThread] INFO  pipeline.PipelineStateManager (PipelineStateManager.java:addPipeline(56)) - Created pipeline Pipeline[ Id: eb71f9f3-2252-4883-8c4c-4c552bd78802, Nodes: 255671a0-6eee-4881-b885-680cdec970b4{ip: 192.168.36.114, host: pr-hdds-1569-58hkm-1881083799, networkLocation: /default-rack, certSerialId: null}, Type:RATIS, Factor:ONE, State:OPEN]
2019-09-12 11:36:14,133 [grpc-default-executor-0] INFO  impl.RaftServerProxy (RaftServerProxy.java:addNew(89)) - 255671a0-6eee-4881-b885-680cdec970b4: addNew group-181FE8FF7413:[255671a0-6eee-4881-b885-680cdec970b4:192.168.36.114:46494] returns group-181FE8FF7413:java.util.concurrent.CompletableFuture@72142745[Not completed]
2019-09-12 11:36:14,134 [pool-239-thread-1] INFO  impl.RaftServerImpl (RaftServerImpl.java:<init>(93)) - 255671a0-6eee-4881-b885-680cdec970b4: new RaftServerImpl for group-181FE8FF7413:[255671a0-6eee-4881-b885-680cdec970b4:192.168.36.114:46494] with ContainerStateMachine:uninitialized
2019-09-12 11:36:14,134 [pool-239-thread-1] INFO  server.RaftServerConfigKeys (ConfUtils.java:logGet(43)) - raft.server.rpc.timeout.min = 5s (custom)
2019-09-12 11:36:14,134 [pool-239-thread-1] INFO  server.RaftServerConfigKeys (ConfUtils.java:logGet(43)) - raft.server.rpc.timeout.max = 5200ms (custom)
2019-09-12 11:36:14,135 [pool-239-thread-1] INFO  server.RaftServerConfigKeys (ConfUtils.java:logGet(43)) - raft.server.rpcslowness.timeout = 120s (custom)
2019-09-12 11:36:14,135 [pool-239-thread-1] INFO  server.RaftServerConfigKeys (ConfUtils.java:logGet(43)) - raft.server.sleep.deviation.threshold = 300 (default)
2019-09-12 11:36:14,135 [pool-239-thread-1] INFO  server.RaftServerConfigKeys (ConfUtils.java:logGet(43)) - raft.server.log.appender.install.snapshot.enabled = false (custom)
2019-09-12 11:36:14,135 [pool-239-thread-1] INFO  impl.RaftServerImpl (ServerState.java:<init>(105)) - 255671a0-6eee-4881-b885-680cdec970b4:group-181FE8FF7413 ConfigurationManager, init=-1: [255671a0-6eee-4881-b885-680cdec970b4:192.168.36.114:46494], old=null, confs=<EMPTY_MAP>
2019-09-12 11:36:14,135 [pool-239-thread-1] INFO  server.RaftServerConfigKeys (ConfUtils.java:logGet(43)) - raft.server.storage.dir = [/workdir/hadoop-ozone/ozonefs/target/test-dir/MiniOzoneClusterImpl-4dbb2fea-10be-4021-aaff-c3567f88023d/datanode-0/data/ratis] (custom)
2019-09-12 11:36:14,135 [pool-239-thread-1] INFO  storage.RaftStorageDirectory (RaftStorageDirectory.java:analyzeStorage(246)) - The storage directory /workdir/hadoop-ozone/ozonefs/target/test-dir/MiniOzoneClusterImpl-4dbb2fea-10be-4021-aaff-c3567f88023d/datanode-0/data/ratis/b7ef7b7a-65fb-46db-8379-181fe8ff7413 does not exist. Creating ...
2019-09-12 11:36:14,147 [pool-239-thread-1] INFO  storage.RaftStorageDirectory (RaftStorageDirectory.java:tryLock(328)) - Lock on /workdir/hadoop-ozone/ozonefs/target/test-dir/MiniOzoneClusterImpl-4dbb2fea-10be-4021-aaff-c3567f88023d/datanode-0/data/ratis/b7ef7b7a-65fb-46db-8379-181fe8ff7413/in_use.lock acquired by nodename 26908@pr-hdds-1569-58hkm-1881083799
2019-09-12 11:36:14,160 [pool-239-thread-1] INFO  storage.RaftStorage (RaftStorage.java:format(72)) - Storage directory /workdir/hadoop-ozone/ozonefs/target/test-dir/MiniOzoneClusterImpl-4dbb2fea-10be-4021-aaff-c3567f88023d/datanode-0/data/ratis/b7ef7b7a-65fb-46db-8379-181fe8ff7413 has been successfully formatted.
2019-09-12 11:36:14,160 [pool-239-thread-1] INFO  ratis.ContainerStateMachine (ContainerStateMachine.java:loadSnapshot(226)) - group-181FE8FF7413: The snapshot info is null. Setting the last applied indexto:(t:0, i:~)
2019-09-12 11:36:14,160 [pool-239-thread-1] INFO  server.RaftServerConfigKeys (ConfUtils.java:logGet(43)) - raft.server.leader.election.timeout = 120s (custom)
2019-09-12 11:36:14,161 [pool-239-thread-1] INFO  server.RaftServerConfigKeys (ConfUtils.java:logGet(43)) - raft.server.log.use.memory = false (default)
2019-09-12 11:36:14,161 [pool-239-thread-1] INFO  server.RaftServerConfigKeys (ConfUtils.java:logGet(43)) - raft.server.log.purge.gap = 1000000 (custom)
2019-09-12 11:36:14,161 [pool-239-thread-1] INFO  server.RaftServerConfigKeys (ConfUtils.java:logGet(43)) - raft.server.log.appender.buffer.byte-limit = 33554432 (custom)
2019-09-12 11:36:14,161 [pool-239-thread-1] INFO  server.RaftServerConfigKeys (ConfUtils.java:logGet(43)) - raft.server.log.segment.size.max = 1048576 (custom)
2019-09-12 11:36:14,161 [pool-239-thread-1] INFO  server.RaftServerConfigKeys (ConfUtils.java:logGet(43)) - raft.server.log.segment.cache.num.max = 2 (custom)
2019-09-12 11:36:14,161 [pool-239-thread-1] INFO  segmented.SegmentedRaftLogWorker (SegmentedRaftLogWorker.java:<init>(172)) - new 255671a0-6eee-4881-b885-680cdec970b4-SegmentedRaftLogWorker:Storage Directory /workdir/hadoop-ozone/ozonefs/target/test-dir/MiniOzoneClusterImpl-4dbb2fea-10be-4021-aaff-c3567f88023d/datanode-0/data/ratis/b7ef7b7a-65fb-46db-8379-181fe8ff7413 for RaftStorage:Storage Directory /workdir/hadoop-ozone/ozonefs/target/test-dir/MiniOzoneClusterImpl-4dbb2fea-10be-4021-aaff-c3567f88023d/datanode-0/data/ratis/b7ef7b7a-65fb-46db-8379-181fe8ff7413
2019-09-12 11:36:14,162 [pool-239-thread-1] INFO  server.RaftServerConfigKeys (ConfUtils.java:logGet(43)) - raft.server.log.queue.byte-limit = 2147483647 (custom)
2019-09-12 11:36:14,162 [pool-239-thread-1] INFO  server.RaftServerConfigKeys (ConfUtils.java:logGet(43)) - raft.server.log.queue.element-limit = 1024 (custom)
2019-09-12 11:36:14,162 [pool-239-thread-1] INFO  server.RaftServerConfigKeys (ConfUtils.java:logGet(43)) - raft.server.log.segment.size.max = 1048576 (custom)
2019-09-12 11:36:14,162 [pool-239-thread-1] INFO  server.RaftServerConfigKeys (ConfUtils.java:logGet(43)) - raft.server.log.preallocated.size = 16384 (custom)
2019-09-12 11:36:14,162 [pool-239-thread-1] INFO  server.RaftServerConfigKeys (ConfUtils.java:logGet(43)) - raft.server.log.write.buffer.size = 33554432 (custom)
2019-09-12 11:36:14,162 [pool-239-thread-1] INFO  server.RaftServerConfigKeys (ConfUtils.java:logGet(43)) - raft.server.log.force.sync.num = 128 (default)
2019-09-12 11:36:14,162 [pool-239-thread-1] INFO  server.RaftServerConfigKeys (ConfUtils.java:logGet(43)) - raft.server.log.statemachine.data.sync = true (default)
2019-09-12 11:36:14,163 [pool-239-thread-1] INFO  server.RaftServerConfigKeys (ConfUtils.java:logGet(43)) - raft.server.log.statemachine.data.sync.timeout = 10s (default)
2019-09-12 11:36:14,163 [pool-239-thread-1] INFO  server.RaftServerConfigKeys (ConfUtils.java:logGet(43)) - raft.server.log.statemachine.data.sync.timeout.retry = -1 (default)
2019-09-12 11:36:14,163 [pool-239-thread-1] INFO  server.RaftServerConfigKeys (ConfUtils.java:logGet(43)) - raft.server.log.statemachine.data.caching.enabled = true (custom)
2019-09-12 11:36:14,163 [pool-239-thread-1] INFO  segmented.SegmentedRaftLogWorker (SegmentedRaftLogWorker.java:lambda$new$0(132)) - 255671a0-6eee-4881-b885-680cdec970b4-SegmentedRaftLogWorker:Storage Directory /workdir/hadoop-ozone/ozonefs/target/test-dir/MiniOzoneClusterImpl-4dbb2fea-10be-4021-aaff-c3567f88023d/datanode-0/data/ratis/b7ef7b7a-65fb-46db-8379-181fe8ff7413: flushIndex: setUnconditionally 0 -> -1
2019-09-12 11:36:14,164 [pool-239-thread-1] INFO  server.RaftServerConfigKeys (ConfUtils.java:logGet(43)) - raft.server.snapshot.auto.trigger.enabled = true (custom)
2019-09-12 11:36:14,164 [pool-239-thread-1] INFO  server.RaftServerConfigKeys (ConfUtils.java:logGet(43)) - raft.server.snapshot.auto.trigger.threshold = 10000 (custom)
2019-09-12 11:36:14,164 [pool-239-thread-1] INFO  server.RaftServerConfigKeys (ConfUtils.java:logGet(43)) - raft.server.retrycache.expirytime = 600000ms (custom)
2019-09-12 11:36:14,164 [pool-239-thread-1] INFO  impl.RaftServerImpl (RaftServerImpl.java:start(180)) - 255671a0-6eee-4881-b885-680cdec970b4: start group-181FE8FF7413
2019-09-12 11:36:14,164 [pool-239-thread-1] INFO  impl.RaftServerImpl (RaftServerImpl.java:setRole(171)) - 255671a0-6eee-4881-b885-680cdec970b4:group-181FE8FF7413 changes role from null to FOLLOWER at term 0 for startAsFollower
2019-09-12 11:36:14,165 [pool-239-thread-1] INFO  impl.RoleInfo (RoleInfo.java:updateAndGet(143)) - 255671a0-6eee-4881-b885-680cdec970b4: start FollowerState
2019-09-12 11:36:14,165 [pool-239-thread-1] INFO  util.JmxRegister (JmxRegister.java:tryRegister(44)) - Successfully registered JMX Bean with object name Ratis:service=RaftServer,group=group-181FE8FF7413,id=255671a0-6eee-4881-b885-680cdec970b4
2019-09-12 11:36:14,168 [RatisPipelineUtilsThread] INFO  pipeline.PipelineStateManager (PipelineStateManager.java:addPipeline(56)) - Created pipeline Pipeline[ Id: b7ef7b7a-65fb-46db-8379-181fe8ff7413, Nodes: 255671a0-6eee-4881-b885-680cdec970b4{ip: 192.168.36.114, host: pr-hdds-1569-58hkm-1881083799, networkLocation: /default-rack, certSerialId: null}, Type:RATIS, Factor:ONE, State:OPEN]
2019-09-12 11:36:14,173 [grpc-default-executor-0] INFO  impl.RaftServerProxy (RaftServerProxy.java:addNew(89)) - 255671a0-6eee-4881-b885-680cdec970b4: addNew group-A76FFBEFC615:[255671a0-6eee-4881-b885-680cdec970b4:192.168.36.114:46494] returns group-A76FFBEFC615:java.util.concurrent.CompletableFuture@1b86c61[Not completed]
2019-09-12 11:36:14,174 [pool-239-thread-1] INFO  impl.RaftServerImpl (RaftServerImpl.java:<init>(93)) - 255671a0-6eee-4881-b885-680cdec970b4: new RaftServerImpl for group-A76FFBEFC615:[255671a0-6eee-4881-b885-680cdec970b4:192.168.36.114:46494] with ContainerStateMachine:uninitialized
2019-09-12 11:36:14,174 [pool-239-thread-1] INFO  server.RaftServerConfigKeys (ConfUtils.java:logGet(43)) - raft.server.rpc.timeout.min = 5s (custom)
2019-09-12 11:36:14,174 [pool-239-thread-1] INFO  server.RaftServerConfigKeys (ConfUtils.java:logGet(43)) - raft.server.rpc.timeout.max = 5200ms (custom)
2019-09-12 11:36:14,174 [pool-239-thread-1] INFO  server.RaftServerConfigKeys (ConfUtils.java:logGet(43)) - raft.server.rpcslowness.timeout = 120s (custom)
2019-09-12 11:36:14,175 [pool-239-thread-1] INFO  server.RaftServerConfigKeys (ConfUtils.java:logGet(43)) - raft.server.sleep.deviation.threshold = 300 (default)
2019-09-12 11:36:14,175 [pool-239-thread-1] INFO  server.RaftServerConfigKeys (ConfUtils.java:logGet(43)) - raft.server.log.appender.install.snapshot.enabled = false (custom)
2019-09-12 11:36:14,175 [pool-239-thread-1] INFO  impl.RaftServerImpl (ServerState.java:<init>(105)) - 255671a0-6eee-4881-b885-680cdec970b4:group-A76FFBEFC615 ConfigurationManager, init=-1: [255671a0-6eee-4881-b885-680cdec970b4:192.168.36.114:46494], old=null, confs=<EMPTY_MAP>
2019-09-12 11:36:14,175 [pool-239-thread-1] INFO  server.RaftServerConfigKeys (ConfUtils.java:logGet(43)) - raft.server.storage.dir = [/workdir/hadoop-ozone/ozonefs/target/test-dir/MiniOzoneClusterImpl-4dbb2fea-10be-4021-aaff-c3567f88023d/datanode-0/data/ratis] (custom)
2019-09-12 11:36:14,175 [pool-239-thread-1] INFO  storage.RaftStorageDirectory (RaftStorageDirectory.java:analyzeStorage(246)) - The storage directory /workdir/hadoop-ozone/ozonefs/target/test-dir/MiniOzoneClusterImpl-4dbb2fea-10be-4021-aaff-c3567f88023d/datanode-0/data/ratis/53ee4720-ec7e-4cde-aa9a-a76ffbefc615 does not exist. Creating ...
2019-09-12 11:36:14,189 [pool-239-thread-1] INFO  storage.RaftStorageDirectory (RaftStorageDirectory.java:tryLock(328)) - Lock on /workdir/hadoop-ozone/ozonefs/target/test-dir/MiniOzoneClusterImpl-4dbb2fea-10be-4021-aaff-c3567f88023d/datanode-0/data/ratis/53ee4720-ec7e-4cde-aa9a-a76ffbefc615/in_use.lock acquired by nodename 26908@pr-hdds-1569-58hkm-1881083799
2019-09-12 11:36:14,202 [pool-239-thread-1] INFO  storage.RaftStorage (RaftStorage.java:format(72)) - Storage directory /workdir/hadoop-ozone/ozonefs/target/test-dir/MiniOzoneClusterImpl-4dbb2fea-10be-4021-aaff-c3567f88023d/datanode-0/data/ratis/53ee4720-ec7e-4cde-aa9a-a76ffbefc615 has been successfully formatted.
2019-09-12 11:36:14,203 [pool-239-thread-1] INFO  ratis.ContainerStateMachine (ContainerStateMachine.java:loadSnapshot(226)) - group-A76FFBEFC615: The snapshot info is null. Setting the last applied indexto:(t:0, i:~)
2019-09-12 11:36:14,203 [pool-239-thread-1] INFO  server.RaftServerConfigKeys (ConfUtils.java:logGet(43)) - raft.server.leader.election.timeout = 120s (custom)
2019-09-12 11:36:14,203 [pool-239-thread-1] INFO  server.RaftServerConfigKeys (ConfUtils.java:logGet(43)) - raft.server.log.use.memory = false (default)
2019-09-12 11:36:14,203 [pool-239-thread-1] INFO  server.RaftServerConfigKeys (ConfUtils.java:logGet(43)) - raft.server.log.purge.gap = 1000000 (custom)
2019-09-12 11:36:14,203 [pool-239-thread-1] INFO  server.RaftServerConfigKeys (ConfUtils.java:logGet(43)) - raft.server.log.appender.buffer.byte-limit = 33554432 (custom)
2019-09-12 11:36:14,203 [pool-239-thread-1] INFO  server.RaftServerConfigKeys (ConfUtils.java:logGet(43)) - raft.server.log.segment.size.max = 1048576 (custom)
2019-09-12 11:36:14,204 [pool-239-thread-1] INFO  server.RaftServerConfigKeys (ConfUtils.java:logGet(43)) - raft.server.log.segment.cache.num.max = 2 (custom)
2019-09-12 11:36:14,204 [pool-239-thread-1] INFO  segmented.SegmentedRaftLogWorker (SegmentedRaftLogWorker.java:<init>(172)) - new 255671a0-6eee-4881-b885-680cdec970b4-SegmentedRaftLogWorker:Storage Directory /workdir/hadoop-ozone/ozonefs/target/test-dir/MiniOzoneClusterImpl-4dbb2fea-10be-4021-aaff-c3567f88023d/datanode-0/data/ratis/53ee4720-ec7e-4cde-aa9a-a76ffbefc615 for RaftStorage:Storage Directory /workdir/hadoop-ozone/ozonefs/target/test-dir/MiniOzoneClusterImpl-4dbb2fea-10be-4021-aaff-c3567f88023d/datanode-0/data/ratis/53ee4720-ec7e-4cde-aa9a-a76ffbefc615
2019-09-12 11:36:14,204 [pool-239-thread-1] INFO  server.RaftServerConfigKeys (ConfUtils.java:logGet(43)) - raft.server.log.queue.byte-limit = 2147483647 (custom)
2019-09-12 11:36:14,204 [pool-239-thread-1] INFO  server.RaftServerConfigKeys (ConfUtils.java:logGet(43)) - raft.server.log.queue.element-limit = 1024 (custom)
2019-09-12 11:36:14,204 [pool-239-thread-1] INFO  server.RaftServerConfigKeys (ConfUtils.java:logGet(43)) - raft.server.log.segment.size.max = 1048576 (custom)
2019-09-12 11:36:14,204 [pool-239-thread-1] INFO  server.RaftServerConfigKeys (ConfUtils.java:logGet(43)) - raft.server.log.preallocated.size = 16384 (custom)
2019-09-12 11:36:14,205 [pool-239-thread-1] INFO  server.RaftServerConfigKeys (ConfUtils.java:logGet(43)) - raft.server.log.write.buffer.size = 33554432 (custom)
2019-09-12 11:36:14,205 [pool-239-thread-1] INFO  server.RaftServerConfigKeys (ConfUtils.java:logGet(43)) - raft.server.log.force.sync.num = 128 (default)
2019-09-12 11:36:14,205 [pool-239-thread-1] INFO  server.RaftServerConfigKeys (ConfUtils.java:logGet(43)) - raft.server.log.statemachine.data.sync = true (default)
2019-09-12 11:36:14,205 [pool-239-thread-1] INFO  server.RaftServerConfigKeys (ConfUtils.java:logGet(43)) - raft.server.log.statemachine.data.sync.timeout = 10s (default)
2019-09-12 11:36:14,205 [pool-239-thread-1] INFO  server.RaftServerConfigKeys (ConfUtils.java:logGet(43)) - raft.server.log.statemachine.data.sync.timeout.retry = -1 (default)
2019-09-12 11:36:14,205 [pool-239-thread-1] INFO  server.RaftServerConfigKeys (ConfUtils.java:logGet(43)) - raft.server.log.statemachine.data.caching.enabled = true (custom)
2019-09-12 11:36:14,206 [pool-239-thread-1] INFO  segmented.SegmentedRaftLogWorker (SegmentedRaftLogWorker.java:lambda$new$0(132)) - 255671a0-6eee-4881-b885-680cdec970b4-SegmentedRaftLogWorker:Storage Directory /workdir/hadoop-ozone/ozonefs/target/test-dir/MiniOzoneClusterImpl-4dbb2fea-10be-4021-aaff-c3567f88023d/datanode-0/data/ratis/53ee4720-ec7e-4cde-aa9a-a76ffbefc615: flushIndex: setUnconditionally 0 -> -1
2019-09-12 11:36:14,206 [pool-239-thread-1] INFO  server.RaftServerConfigKeys (ConfUtils.java:logGet(43)) - raft.server.snapshot.auto.trigger.enabled = true (custom)
2019-09-12 11:36:14,206 [pool-239-thread-1] INFO  server.RaftServerConfigKeys (ConfUtils.java:logGet(43)) - raft.server.snapshot.auto.trigger.threshold = 10000 (custom)
2019-09-12 11:36:14,206 [pool-239-thread-1] INFO  server.RaftServerConfigKeys (ConfUtils.java:logGet(43)) - raft.server.retrycache.expirytime = 600000ms (custom)
2019-09-12 11:36:14,207 [pool-239-thread-1] INFO  impl.RaftServerImpl (RaftServerImpl.java:start(180)) - 255671a0-6eee-4881-b885-680cdec970b4: start group-A76FFBEFC615
2019-09-12 11:36:14,207 [pool-239-thread-1] INFO  impl.RaftServerImpl (RaftServerImpl.java:setRole(171)) - 255671a0-6eee-4881-b885-680cdec970b4:group-A76FFBEFC615 changes role from null to FOLLOWER at term 0 for startAsFollower
2019-09-12 11:36:14,207 [pool-239-thread-1] INFO  impl.RoleInfo (RoleInfo.java:updateAndGet(143)) - 255671a0-6eee-4881-b885-680cdec970b4: start FollowerState
2019-09-12 11:36:14,207 [pool-239-thread-1] INFO  util.JmxRegister (JmxRegister.java:tryRegister(44)) - Successfully registered JMX Bean with object name Ratis:service=RaftServer,group=group-A76FFBEFC615,id=255671a0-6eee-4881-b885-680cdec970b4
2019-09-12 11:36:14,211 [RatisPipelineUtilsThread] INFO  pipeline.PipelineStateManager (PipelineStateManager.java:addPipeline(56)) - Created pipeline Pipeline[ Id: 53ee4720-ec7e-4cde-aa9a-a76ffbefc615, Nodes: 255671a0-6eee-4881-b885-680cdec970b4{ip: 192.168.36.114, host: pr-hdds-1569-58hkm-1881083799, networkLocation: /default-rack, certSerialId: null}, Type:RATIS, Factor:ONE, State:OPEN]
2019-09-12 11:36:14,217 [grpc-default-executor-0] INFO  impl.RaftServerProxy (RaftServerProxy.java:addNew(89)) - 255671a0-6eee-4881-b885-680cdec970b4: addNew group-C30091509CD1:[255671a0-6eee-4881-b885-680cdec970b4:192.168.36.114:46494] returns group-C30091509CD1:java.util.concurrent.CompletableFuture@765ab9f0[Not completed]
2019-09-12 11:36:14,218 [pool-239-thread-1] INFO  impl.RaftServerImpl (RaftServerImpl.java:<init>(93)) - 255671a0-6eee-4881-b885-680cdec970b4: new RaftServerImpl for group-C30091509CD1:[255671a0-6eee-4881-b885-680cdec970b4:192.168.36.114:46494] with ContainerStateMachine:uninitialized
2019-09-12 11:36:14,218 [pool-239-thread-1] INFO  server.RaftServerConfigKeys (ConfUtils.java:logGet(43)) - raft.server.rpc.timeout.min = 5s (custom)
2019-09-12 11:36:14,219 [pool-239-thread-1] INFO  server.RaftServerConfigKeys (ConfUtils.java:logGet(43)) - raft.server.rpc.timeout.max = 5200ms (custom)
2019-09-12 11:36:14,219 [pool-239-thread-1] INFO  server.RaftServerConfigKeys (ConfUtils.java:logGet(43)) - raft.server.rpcslowness.timeout = 120s (custom)
2019-09-12 11:36:14,219 [pool-239-thread-1] INFO  server.RaftServerConfigKeys (ConfUtils.java:logGet(43)) - raft.server.sleep.deviation.threshold = 300 (default)
2019-09-12 11:36:14,219 [pool-239-thread-1] INFO  server.RaftServerConfigKeys (ConfUtils.java:logGet(43)) - raft.server.log.appender.install.snapshot.enabled = false (custom)
2019-09-12 11:36:14,219 [pool-239-thread-1] INFO  impl.RaftServerImpl (ServerState.java:<init>(105)) - 255671a0-6eee-4881-b885-680cdec970b4:group-C30091509CD1 ConfigurationManager, init=-1: [255671a0-6eee-4881-b885-680cdec970b4:192.168.36.114:46494], old=null, confs=<EMPTY_MAP>
2019-09-12 11:36:14,219 [pool-239-thread-1] INFO  server.RaftServerConfigKeys (ConfUtils.java:logGet(43)) - raft.server.storage.dir = [/workdir/hadoop-ozone/ozonefs/target/test-dir/MiniOzoneClusterImpl-4dbb2fea-10be-4021-aaff-c3567f88023d/datanode-0/data/ratis] (custom)
2019-09-12 11:36:14,220 [pool-239-thread-1] INFO  storage.RaftStorageDirectory (RaftStorageDirectory.java:analyzeStorage(246)) - The storage directory /workdir/hadoop-ozone/ozonefs/target/test-dir/MiniOzoneClusterImpl-4dbb2fea-10be-4021-aaff-c3567f88023d/datanode-0/data/ratis/f360e355-d4e1-4686-8e57-c30091509cd1 does not exist. Creating ...
2019-09-12 11:36:14,232 [pool-239-thread-1] INFO  storage.RaftStorageDirectory (RaftStorageDirectory.java:tryLock(328)) - Lock on /workdir/hadoop-ozone/ozonefs/target/test-dir/MiniOzoneClusterImpl-4dbb2fea-10be-4021-aaff-c3567f88023d/datanode-0/data/ratis/f360e355-d4e1-4686-8e57-c30091509cd1/in_use.lock acquired by nodename 26908@pr-hdds-1569-58hkm-1881083799
2019-09-12 11:36:14,235 [IPC Server handler 0 on 33070] INFO  net.NetworkTopology (NetworkTopologyImpl.java:add(110)) - Added a new node: /default-rack/6188b700-e915-4d75-ae21-36a9719dfa93
2019-09-12 11:36:14,236 [IPC Server handler 0 on 33070] INFO  node.SCMNodeManager (SCMNodeManager.java:register(273)) - Registered Data node : 6188b700-e915-4d75-ae21-36a9719dfa93{ip: 192.168.36.114, host: pr-hdds-1569-58hkm-1881083799, networkLocation: /default-rack, certSerialId: null}
2019-09-12 11:36:14,236 | INFO  | SCMAudit | user=jenkins1000 | ip=192.168.36.114 | op=REGISTER {datanodeDetails=6188b700-e915-4d75-ae21-36a9719dfa93{ip: 192.168.36.114, host: pr-hdds-1569-58hkm-1881083799, networkLocation: /default-rack, certSerialId: null}} | ret=SUCCESS |  
2019-09-12 11:36:14,245 [pool-239-thread-1] INFO  storage.RaftStorage (RaftStorage.java:format(72)) - Storage directory /workdir/hadoop-ozone/ozonefs/target/test-dir/MiniOzoneClusterImpl-4dbb2fea-10be-4021-aaff-c3567f88023d/datanode-0/data/ratis/f360e355-d4e1-4686-8e57-c30091509cd1 has been successfully formatted.
2019-09-12 11:36:14,246 [pool-239-thread-1] INFO  ratis.ContainerStateMachine (ContainerStateMachine.java:loadSnapshot(226)) - group-C30091509CD1: The snapshot info is null. Setting the last applied indexto:(t:0, i:~)
2019-09-12 11:36:14,246 [pool-239-thread-1] INFO  server.RaftServerConfigKeys (ConfUtils.java:logGet(43)) - raft.server.leader.election.timeout = 120s (custom)
2019-09-12 11:36:14,246 [pool-239-thread-1] INFO  server.RaftServerConfigKeys (ConfUtils.java:logGet(43)) - raft.server.log.use.memory = false (default)
2019-09-12 11:36:14,246 [pool-239-thread-1] INFO  server.RaftServerConfigKeys (ConfUtils.java:logGet(43)) - raft.server.log.purge.gap = 1000000 (custom)
2019-09-12 11:36:14,246 [pool-239-thread-1] INFO  server.RaftServerConfigKeys (ConfUtils.java:logGet(43)) - raft.server.log.appender.buffer.byte-limit = 33554432 (custom)
2019-09-12 11:36:14,247 [pool-239-thread-1] INFO  server.RaftServerConfigKeys (ConfUtils.java:logGet(43)) - raft.server.log.segment.size.max = 1048576 (custom)
2019-09-12 11:36:14,247 [pool-239-thread-1] INFO  server.RaftServerConfigKeys (ConfUtils.java:logGet(43)) - raft.server.log.segment.cache.num.max = 2 (custom)
2019-09-12 11:36:14,247 [pool-239-thread-1] INFO  segmented.SegmentedRaftLogWorker (SegmentedRaftLogWorker.java:<init>(172)) - new 255671a0-6eee-4881-b885-680cdec970b4-SegmentedRaftLogWorker:Storage Directory /workdir/hadoop-ozone/ozonefs/target/test-dir/MiniOzoneClusterImpl-4dbb2fea-10be-4021-aaff-c3567f88023d/datanode-0/data/ratis/f360e355-d4e1-4686-8e57-c30091509cd1 for RaftStorage:Storage Directory /workdir/hadoop-ozone/ozonefs/target/test-dir/MiniOzoneClusterImpl-4dbb2fea-10be-4021-aaff-c3567f88023d/datanode-0/data/ratis/f360e355-d4e1-4686-8e57-c30091509cd1
2019-09-12 11:36:14,247 [pool-239-thread-1] INFO  server.RaftServerConfigKeys (ConfUtils.java:logGet(43)) - raft.server.log.queue.byte-limit = 2147483647 (custom)
2019-09-12 11:36:14,247 [pool-239-thread-1] INFO  server.RaftServerConfigKeys (ConfUtils.java:logGet(43)) - raft.server.log.queue.element-limit = 1024 (custom)
2019-09-12 11:36:14,247 [pool-239-thread-1] INFO  server.RaftServerConfigKeys (ConfUtils.java:logGet(43)) - raft.server.log.segment.size.max = 1048576 (custom)
2019-09-12 11:36:14,247 [pool-239-thread-1] INFO  server.RaftServerConfigKeys (ConfUtils.java:logGet(43)) - raft.server.log.preallocated.size = 16384 (custom)
2019-09-12 11:36:14,248 [pool-239-thread-1] INFO  server.RaftServerConfigKeys (ConfUtils.java:logGet(43)) - raft.server.log.write.buffer.size = 33554432 (custom)
2019-09-12 11:36:14,248 [pool-239-thread-1] INFO  server.RaftServerConfigKeys (ConfUtils.java:logGet(43)) - raft.server.log.force.sync.num = 128 (default)
2019-09-12 11:36:14,248 [pool-239-thread-1] INFO  server.RaftServerConfigKeys (ConfUtils.java:logGet(43)) - raft.server.log.statemachine.data.sync = true (default)
2019-09-12 11:36:14,248 [pool-239-thread-1] INFO  server.RaftServerConfigKeys (ConfUtils.java:logGet(43)) - raft.server.log.statemachine.data.sync.timeout = 10s (default)
2019-09-12 11:36:14,248 [pool-239-thread-1] INFO  server.RaftServerConfigKeys (ConfUtils.java:logGet(43)) - raft.server.log.statemachine.data.sync.timeout.retry = -1 (default)
2019-09-12 11:36:14,248 [pool-239-thread-1] INFO  server.RaftServerConfigKeys (ConfUtils.java:logGet(43)) - raft.server.log.statemachine.data.caching.enabled = true (custom)
2019-09-12 11:36:14,249 [pool-239-thread-1] INFO  segmented.SegmentedRaftLogWorker (SegmentedRaftLogWorker.java:lambda$new$0(132)) - 255671a0-6eee-4881-b885-680cdec970b4-SegmentedRaftLogWorker:Storage Directory /workdir/hadoop-ozone/ozonefs/target/test-dir/MiniOzoneClusterImpl-4dbb2fea-10be-4021-aaff-c3567f88023d/datanode-0/data/ratis/f360e355-d4e1-4686-8e57-c30091509cd1: flushIndex: setUnconditionally 0 -> -1
2019-09-12 11:36:14,249 [pool-239-thread-1] INFO  server.RaftServerConfigKeys (ConfUtils.java:logGet(43)) - raft.server.snapshot.auto.trigger.enabled = true (custom)
2019-09-12 11:36:14,249 [pool-239-thread-1] INFO  server.RaftServerConfigKeys (ConfUtils.java:logGet(43)) - raft.server.snapshot.auto.trigger.threshold = 10000 (custom)
2019-09-12 11:36:14,249 [pool-239-thread-1] INFO  server.RaftServerConfigKeys (ConfUtils.java:logGet(43)) - raft.server.retrycache.expirytime = 600000ms (custom)
2019-09-12 11:36:14,250 [pool-239-thread-1] INFO  impl.RaftServerImpl (RaftServerImpl.java:start(180)) - 255671a0-6eee-4881-b885-680cdec970b4: start group-C30091509CD1
2019-09-12 11:36:14,250 [pool-239-thread-1] INFO  impl.RaftServerImpl (RaftServerImpl.java:setRole(171)) - 255671a0-6eee-4881-b885-680cdec970b4:group-C30091509CD1 changes role from null to FOLLOWER at term 0 for startAsFollower
2019-09-12 11:36:14,250 [pool-239-thread-1] INFO  impl.RoleInfo (RoleInfo.java:updateAndGet(143)) - 255671a0-6eee-4881-b885-680cdec970b4: start FollowerState
2019-09-12 11:36:14,250 [pool-239-thread-1] INFO  util.JmxRegister (JmxRegister.java:tryRegister(44)) - Successfully registered JMX Bean with object name Ratis:service=RaftServer,group=group-C30091509CD1,id=255671a0-6eee-4881-b885-680cdec970b4
2019-09-12 11:36:14,253 [RatisPipelineUtilsThread] INFO  pipeline.PipelineStateManager (PipelineStateManager.java:addPipeline(56)) - Created pipeline Pipeline[ Id: f360e355-d4e1-4686-8e57-c30091509cd1, Nodes: 255671a0-6eee-4881-b885-680cdec970b4{ip: 192.168.36.114, host: pr-hdds-1569-58hkm-1881083799, networkLocation: /default-rack, certSerialId: null}, Type:RATIS, Factor:ONE, State:OPEN]
2019-09-12 11:36:14,261 [grpc-default-executor-0] INFO  impl.RaftServerProxy (RaftServerProxy.java:addNew(89)) - 6188b700-e915-4d75-ae21-36a9719dfa93: addNew group-65BEF5B3A24F:[6188b700-e915-4d75-ae21-36a9719dfa93:192.168.36.114:45909] returns group-65BEF5B3A24F:java.util.concurrent.CompletableFuture@8212b49[Not completed]
2019-09-12 11:36:14,262 [pool-250-thread-1] INFO  impl.RaftServerImpl (RaftServerImpl.java:<init>(93)) - 6188b700-e915-4d75-ae21-36a9719dfa93: new RaftServerImpl for group-65BEF5B3A24F:[6188b700-e915-4d75-ae21-36a9719dfa93:192.168.36.114:45909] with ContainerStateMachine:uninitialized
2019-09-12 11:36:14,263 [pool-250-thread-1] INFO  server.RaftServerConfigKeys (ConfUtils.java:logGet(43)) - raft.server.rpc.timeout.min = 5s (custom)
2019-09-12 11:36:14,263 [pool-250-thread-1] INFO  server.RaftServerConfigKeys (ConfUtils.java:logGet(43)) - raft.server.rpc.timeout.max = 5200ms (custom)
2019-09-12 11:36:14,263 [pool-250-thread-1] INFO  server.RaftServerConfigKeys (ConfUtils.java:logGet(43)) - raft.server.rpcslowness.timeout = 120s (custom)
2019-09-12 11:36:14,263 [pool-250-thread-1] INFO  server.RaftServerConfigKeys (ConfUtils.java:logGet(43)) - raft.server.sleep.deviation.threshold = 300 (default)
2019-09-12 11:36:14,263 [pool-250-thread-1] INFO  server.RaftServerConfigKeys (ConfUtils.java:logGet(43)) - raft.server.log.appender.install.snapshot.enabled = false (custom)
2019-09-12 11:36:14,263 [pool-250-thread-1] INFO  impl.RaftServerImpl (ServerState.java:<init>(105)) - 6188b700-e915-4d75-ae21-36a9719dfa93:group-65BEF5B3A24F ConfigurationManager, init=-1: [6188b700-e915-4d75-ae21-36a9719dfa93:192.168.36.114:45909], old=null, confs=<EMPTY_MAP>
2019-09-12 11:36:14,263 [pool-250-thread-1] INFO  server.RaftServerConfigKeys (ConfUtils.java:logGet(43)) - raft.server.storage.dir = [/workdir/hadoop-ozone/ozonefs/target/test-dir/MiniOzoneClusterImpl-4dbb2fea-10be-4021-aaff-c3567f88023d/datanode-1/data/ratis] (custom)
2019-09-12 11:36:14,264 [pool-250-thread-1] INFO  storage.RaftStorageDirectory (RaftStorageDirectory.java:analyzeStorage(246)) - The storage directory /workdir/hadoop-ozone/ozonefs/target/test-dir/MiniOzoneClusterImpl-4dbb2fea-10be-4021-aaff-c3567f88023d/datanode-1/data/ratis/c16c7c3b-83cc-4d2d-bc90-65bef5b3a24f does not exist. Creating ...
2019-09-12 11:36:14,276 [pool-250-thread-1] INFO  storage.RaftStorageDirectory (RaftStorageDirectory.java:tryLock(328)) - Lock on /workdir/hadoop-ozone/ozonefs/target/test-dir/MiniOzoneClusterImpl-4dbb2fea-10be-4021-aaff-c3567f88023d/datanode-1/data/ratis/c16c7c3b-83cc-4d2d-bc90-65bef5b3a24f/in_use.lock acquired by nodename 26908@pr-hdds-1569-58hkm-1881083799
2019-09-12 11:36:14,289 [pool-250-thread-1] INFO  storage.RaftStorage (RaftStorage.java:format(72)) - Storage directory /workdir/hadoop-ozone/ozonefs/target/test-dir/MiniOzoneClusterImpl-4dbb2fea-10be-4021-aaff-c3567f88023d/datanode-1/data/ratis/c16c7c3b-83cc-4d2d-bc90-65bef5b3a24f has been successfully formatted.
2019-09-12 11:36:14,289 [pool-250-thread-1] INFO  ratis.ContainerStateMachine (ContainerStateMachine.java:loadSnapshot(226)) - group-65BEF5B3A24F: The snapshot info is null. Setting the last applied indexto:(t:0, i:~)
2019-09-12 11:36:14,289 [pool-250-thread-1] INFO  server.RaftServerConfigKeys (ConfUtils.java:logGet(43)) - raft.server.leader.election.timeout = 120s (custom)
2019-09-12 11:36:14,289 [pool-250-thread-1] INFO  server.RaftServerConfigKeys (ConfUtils.java:logGet(43)) - raft.server.log.use.memory = false (default)
2019-09-12 11:36:14,289 [pool-250-thread-1] INFO  server.RaftServerConfigKeys (ConfUtils.java:logGet(43)) - raft.server.log.purge.gap = 1000000 (custom)
2019-09-12 11:36:14,290 [pool-250-thread-1] INFO  server.RaftServerConfigKeys (ConfUtils.java:logGet(43)) - raft.server.log.appender.buffer.byte-limit = 33554432 (custom)
2019-09-12 11:36:14,290 [pool-250-thread-1] INFO  server.RaftServerConfigKeys (ConfUtils.java:logGet(43)) - raft.server.log.segment.size.max = 1048576 (custom)
2019-09-12 11:36:14,290 [pool-250-thread-1] INFO  server.RaftServerConfigKeys (ConfUtils.java:logGet(43)) - raft.server.log.segment.cache.num.max = 2 (custom)
2019-09-12 11:36:14,290 [pool-250-thread-1] INFO  segmented.SegmentedRaftLogWorker (SegmentedRaftLogWorker.java:<init>(172)) - new 6188b700-e915-4d75-ae21-36a9719dfa93-SegmentedRaftLogWorker:Storage Directory /workdir/hadoop-ozone/ozonefs/target/test-dir/MiniOzoneClusterImpl-4dbb2fea-10be-4021-aaff-c3567f88023d/datanode-1/data/ratis/c16c7c3b-83cc-4d2d-bc90-65bef5b3a24f for RaftStorage:Storage Directory /workdir/hadoop-ozone/ozonefs/target/test-dir/MiniOzoneClusterImpl-4dbb2fea-10be-4021-aaff-c3567f88023d/datanode-1/data/ratis/c16c7c3b-83cc-4d2d-bc90-65bef5b3a24f
2019-09-12 11:36:14,290 [pool-250-thread-1] INFO  server.RaftServerConfigKeys (ConfUtils.java:logGet(43)) - raft.server.log.queue.byte-limit = 2147483647 (custom)
2019-09-12 11:36:14,290 [pool-250-thread-1] INFO  server.RaftServerConfigKeys (ConfUtils.java:logGet(43)) - raft.server.log.queue.element-limit = 1024 (custom)
2019-09-12 11:36:14,290 [pool-250-thread-1] INFO  server.RaftServerConfigKeys (ConfUtils.java:logGet(43)) - raft.server.log.segment.size.max = 1048576 (custom)
2019-09-12 11:36:14,290 [pool-250-thread-1] INFO  server.RaftServerConfigKeys (ConfUtils.java:logGet(43)) - raft.server.log.preallocated.size = 16384 (custom)
2019-09-12 11:36:14,291 [pool-250-thread-1] INFO  server.RaftServerConfigKeys (ConfUtils.java:logGet(43)) - raft.server.log.write.buffer.size = 33554432 (custom)
2019-09-12 11:36:14,291 [pool-250-thread-1] INFO  server.RaftServerConfigKeys (ConfUtils.java:logGet(43)) - raft.server.log.force.sync.num = 128 (default)
2019-09-12 11:36:14,291 [pool-250-thread-1] INFO  server.RaftServerConfigKeys (ConfUtils.java:logGet(43)) - raft.server.log.statemachine.data.sync = true (default)
2019-09-12 11:36:14,291 [pool-250-thread-1] INFO  server.RaftServerConfigKeys (ConfUtils.java:logGet(43)) - raft.server.log.statemachine.data.sync.timeout = 10s (default)
2019-09-12 11:36:14,291 [pool-250-thread-1] INFO  server.RaftServerConfigKeys (ConfUtils.java:logGet(43)) - raft.server.log.statemachine.data.sync.timeout.retry = -1 (default)
2019-09-12 11:36:14,291 [pool-250-thread-1] INFO  server.RaftServerConfigKeys (ConfUtils.java:logGet(43)) - raft.server.log.statemachine.data.caching.enabled = true (custom)
2019-09-12 11:36:14,292 [pool-250-thread-1] INFO  segmented.SegmentedRaftLogWorker (SegmentedRaftLogWorker.java:lambda$new$0(132)) - 6188b700-e915-4d75-ae21-36a9719dfa93-SegmentedRaftLogWorker:Storage Directory /workdir/hadoop-ozone/ozonefs/target/test-dir/MiniOzoneClusterImpl-4dbb2fea-10be-4021-aaff-c3567f88023d/datanode-1/data/ratis/c16c7c3b-83cc-4d2d-bc90-65bef5b3a24f: flushIndex: setUnconditionally 0 -> -1
2019-09-12 11:36:14,292 [pool-250-thread-1] INFO  server.RaftServerConfigKeys (ConfUtils.java:logGet(43)) - raft.server.snapshot.auto.trigger.enabled = true (custom)
2019-09-12 11:36:14,292 [pool-250-thread-1] INFO  server.RaftServerConfigKeys (ConfUtils.java:logGet(43)) - raft.server.snapshot.auto.trigger.threshold = 10000 (custom)
2019-09-12 11:36:14,292 [pool-250-thread-1] INFO  server.RaftServerConfigKeys (ConfUtils.java:logGet(43)) - raft.server.retrycache.expirytime = 600000ms (custom)
2019-09-12 11:36:14,292 [pool-250-thread-1] INFO  impl.RaftServerImpl (RaftServerImpl.java:start(180)) - 6188b700-e915-4d75-ae21-36a9719dfa93: start group-65BEF5B3A24F
2019-09-12 11:36:14,292 [pool-250-thread-1] INFO  impl.RaftServerImpl (RaftServerImpl.java:setRole(171)) - 6188b700-e915-4d75-ae21-36a9719dfa93:group-65BEF5B3A24F changes role from null to FOLLOWER at term 0 for startAsFollower
2019-09-12 11:36:14,292 [pool-250-thread-1] INFO  impl.RoleInfo (RoleInfo.java:updateAndGet(143)) - 6188b700-e915-4d75-ae21-36a9719dfa93: start FollowerState
2019-09-12 11:36:14,293 [pool-250-thread-1] INFO  util.JmxRegister (JmxRegister.java:tryRegister(44)) - Successfully registered JMX Bean with object name Ratis:service=RaftServer,group=group-65BEF5B3A24F,id=6188b700-e915-4d75-ae21-36a9719dfa93
2019-09-12 11:36:14,295 [RatisPipelineUtilsThread] INFO  pipeline.PipelineStateManager (PipelineStateManager.java:addPipeline(56)) - Created pipeline Pipeline[ Id: c16c7c3b-83cc-4d2d-bc90-65bef5b3a24f, Nodes: 6188b700-e915-4d75-ae21-36a9719dfa93{ip: 192.168.36.114, host: pr-hdds-1569-58hkm-1881083799, networkLocation: /default-rack, certSerialId: null}, Type:RATIS, Factor:ONE, State:OPEN]
2019-09-12 11:36:14,301 [grpc-default-executor-0] INFO  impl.RaftServerProxy (RaftServerProxy.java:addNew(89)) - 6188b700-e915-4d75-ae21-36a9719dfa93: addNew group-8FCE234AE035:[6188b700-e915-4d75-ae21-36a9719dfa93:192.168.36.114:45909] returns group-8FCE234AE035:java.util.concurrent.CompletableFuture@49a88154[Not completed]
2019-09-12 11:36:14,302 [pool-250-thread-1] INFO  impl.RaftServerImpl (RaftServerImpl.java:<init>(93)) - 6188b700-e915-4d75-ae21-36a9719dfa93: new RaftServerImpl for group-8FCE234AE035:[6188b700-e915-4d75-ae21-36a9719dfa93:192.168.36.114:45909] with ContainerStateMachine:uninitialized
2019-09-12 11:36:14,302 [pool-250-thread-1] INFO  server.RaftServerConfigKeys (ConfUtils.java:logGet(43)) - raft.server.rpc.timeout.min = 5s (custom)
2019-09-12 11:36:14,302 [pool-250-thread-1] INFO  server.RaftServerConfigKeys (ConfUtils.java:logGet(43)) - raft.server.rpc.timeout.max = 5200ms (custom)
2019-09-12 11:36:14,302 [pool-250-thread-1] INFO  server.RaftServerConfigKeys (ConfUtils.java:logGet(43)) - raft.server.rpcslowness.timeout = 120s (custom)
2019-09-12 11:36:14,302 [pool-250-thread-1] INFO  server.RaftServerConfigKeys (ConfUtils.java:logGet(43)) - raft.server.sleep.deviation.threshold = 300 (default)
2019-09-12 11:36:14,302 [pool-250-thread-1] INFO  server.RaftServerConfigKeys (ConfUtils.java:logGet(43)) - raft.server.log.appender.install.snapshot.enabled = false (custom)
2019-09-12 11:36:14,302 [pool-250-thread-1] INFO  impl.RaftServerImpl (ServerState.java:<init>(105)) - 6188b700-e915-4d75-ae21-36a9719dfa93:group-8FCE234AE035 ConfigurationManager, init=-1: [6188b700-e915-4d75-ae21-36a9719dfa93:192.168.36.114:45909], old=null, confs=<EMPTY_MAP>
2019-09-12 11:36:14,302 [pool-250-thread-1] INFO  server.RaftServerConfigKeys (ConfUtils.java:logGet(43)) - raft.server.storage.dir = [/workdir/hadoop-ozone/ozonefs/target/test-dir/MiniOzoneClusterImpl-4dbb2fea-10be-4021-aaff-c3567f88023d/datanode-1/data/ratis] (custom)
2019-09-12 11:36:14,303 [pool-250-thread-1] INFO  storage.RaftStorageDirectory (RaftStorageDirectory.java:analyzeStorage(246)) - The storage directory /workdir/hadoop-ozone/ozonefs/target/test-dir/MiniOzoneClusterImpl-4dbb2fea-10be-4021-aaff-c3567f88023d/datanode-1/data/ratis/6dab9468-ffc6-41a1-aed2-8fce234ae035 does not exist. Creating ...
2019-09-12 11:36:14,315 [pool-250-thread-1] INFO  storage.RaftStorageDirectory (RaftStorageDirectory.java:tryLock(328)) - Lock on /workdir/hadoop-ozone/ozonefs/target/test-dir/MiniOzoneClusterImpl-4dbb2fea-10be-4021-aaff-c3567f88023d/datanode-1/data/ratis/6dab9468-ffc6-41a1-aed2-8fce234ae035/in_use.lock acquired by nodename 26908@pr-hdds-1569-58hkm-1881083799
2019-09-12 11:36:14,326 [pool-250-thread-1] INFO  storage.RaftStorage (RaftStorage.java:format(72)) - Storage directory /workdir/hadoop-ozone/ozonefs/target/test-dir/MiniOzoneClusterImpl-4dbb2fea-10be-4021-aaff-c3567f88023d/datanode-1/data/ratis/6dab9468-ffc6-41a1-aed2-8fce234ae035 has been successfully formatted.
2019-09-12 11:36:14,326 [pool-250-thread-1] INFO  ratis.ContainerStateMachine (ContainerStateMachine.java:loadSnapshot(226)) - group-8FCE234AE035: The snapshot info is null. Setting the last applied indexto:(t:0, i:~)
2019-09-12 11:36:14,326 [pool-250-thread-1] INFO  server.RaftServerConfigKeys (ConfUtils.java:logGet(43)) - raft.server.leader.election.timeout = 120s (custom)
2019-09-12 11:36:14,327 [pool-250-thread-1] INFO  server.RaftServerConfigKeys (ConfUtils.java:logGet(43)) - raft.server.log.use.memory = false (default)
2019-09-12 11:36:14,327 [pool-250-thread-1] INFO  server.RaftServerConfigKeys (ConfUtils.java:logGet(43)) - raft.server.log.purge.gap = 1000000 (custom)
2019-09-12 11:36:14,327 [pool-250-thread-1] INFO  server.RaftServerConfigKeys (ConfUtils.java:logGet(43)) - raft.server.log.appender.buffer.byte-limit = 33554432 (custom)
2019-09-12 11:36:14,327 [pool-250-thread-1] INFO  server.RaftServerConfigKeys (ConfUtils.java:logGet(43)) - raft.server.log.segment.size.max = 1048576 (custom)
2019-09-12 11:36:14,327 [pool-250-thread-1] INFO  server.RaftServerConfigKeys (ConfUtils.java:logGet(43)) - raft.server.log.segment.cache.num.max = 2 (custom)
2019-09-12 11:36:14,327 [pool-250-thread-1] INFO  segmented.SegmentedRaftLogWorker (SegmentedRaftLogWorker.java:<init>(172)) - new 6188b700-e915-4d75-ae21-36a9719dfa93-SegmentedRaftLogWorker:Storage Directory /workdir/hadoop-ozone/ozonefs/target/test-dir/MiniOzoneClusterImpl-4dbb2fea-10be-4021-aaff-c3567f88023d/datanode-1/data/ratis/6dab9468-ffc6-41a1-aed2-8fce234ae035 for RaftStorage:Storage Directory /workdir/hadoop-ozone/ozonefs/target/test-dir/MiniOzoneClusterImpl-4dbb2fea-10be-4021-aaff-c3567f88023d/datanode-1/data/ratis/6dab9468-ffc6-41a1-aed2-8fce234ae035
2019-09-12 11:36:14,327 [pool-250-thread-1] INFO  server.RaftServerConfigKeys (ConfUtils.java:logGet(43)) - raft.server.log.queue.byte-limit = 2147483647 (custom)
2019-09-12 11:36:14,327 [pool-250-thread-1] INFO  server.RaftServerConfigKeys (ConfUtils.java:logGet(43)) - raft.server.log.queue.element-limit = 1024 (custom)
2019-09-12 11:36:14,327 [pool-250-thread-1] INFO  server.RaftServerConfigKeys (ConfUtils.java:logGet(43)) - raft.server.log.segment.size.max = 1048576 (custom)
2019-09-12 11:36:14,328 [pool-250-thread-1] INFO  server.RaftServerConfigKeys (ConfUtils.java:logGet(43)) - raft.server.log.preallocated.size = 16384 (custom)
2019-09-12 11:36:14,328 [pool-250-thread-1] INFO  server.RaftServerConfigKeys (ConfUtils.java:logGet(43)) - raft.server.log.write.buffer.size = 33554432 (custom)
2019-09-12 11:36:14,328 [pool-250-thread-1] INFO  server.RaftServerConfigKeys (ConfUtils.java:logGet(43)) - raft.server.log.force.sync.num = 128 (default)
2019-09-12 11:36:14,328 [pool-250-thread-1] INFO  server.RaftServerConfigKeys (ConfUtils.java:logGet(43)) - raft.server.log.statemachine.data.sync = true (default)
2019-09-12 11:36:14,328 [pool-250-thread-1] INFO  server.RaftServerConfigKeys (ConfUtils.java:logGet(43)) - raft.server.log.statemachine.data.sync.timeout = 10s (default)
2019-09-12 11:36:14,328 [pool-250-thread-1] INFO  server.RaftServerConfigKeys (ConfUtils.java:logGet(43)) - raft.server.log.statemachine.data.sync.timeout.retry = -1 (default)
2019-09-12 11:36:14,328 [pool-250-thread-1] INFO  server.RaftServerConfigKeys (ConfUtils.java:logGet(43)) - raft.server.log.statemachine.data.caching.enabled = true (custom)
2019-09-12 11:36:14,328 [pool-250-thread-1] INFO  segmented.SegmentedRaftLogWorker (SegmentedRaftLogWorker.java:lambda$new$0(132)) - 6188b700-e915-4d75-ae21-36a9719dfa93-SegmentedRaftLogWorker:Storage Directory /workdir/hadoop-ozone/ozonefs/target/test-dir/MiniOzoneClusterImpl-4dbb2fea-10be-4021-aaff-c3567f88023d/datanode-1/data/ratis/6dab9468-ffc6-41a1-aed2-8fce234ae035: flushIndex: setUnconditionally 0 -> -1
2019-09-12 11:36:14,329 [pool-250-thread-1] INFO  server.RaftServerConfigKeys (ConfUtils.java:logGet(43)) - raft.server.snapshot.auto.trigger.enabled = true (custom)
2019-09-12 11:36:14,329 [pool-250-thread-1] INFO  server.RaftServerConfigKeys (ConfUtils.java:logGet(43)) - raft.server.snapshot.auto.trigger.threshold = 10000 (custom)
2019-09-12 11:36:14,329 [pool-250-thread-1] INFO  server.RaftServerConfigKeys (ConfUtils.java:logGet(43)) - raft.server.retrycache.expirytime = 600000ms (custom)
2019-09-12 11:36:14,329 [pool-250-thread-1] INFO  impl.RaftServerImpl (RaftServerImpl.java:start(180)) - 6188b700-e915-4d75-ae21-36a9719dfa93: start group-8FCE234AE035
2019-09-12 11:36:14,329 [pool-250-thread-1] INFO  impl.RaftServerImpl (RaftServerImpl.java:setRole(171)) - 6188b700-e915-4d75-ae21-36a9719dfa93:group-8FCE234AE035 changes role from null to FOLLOWER at term 0 for startAsFollower
2019-09-12 11:36:14,329 [pool-250-thread-1] INFO  impl.RoleInfo (RoleInfo.java:updateAndGet(143)) - 6188b700-e915-4d75-ae21-36a9719dfa93: start FollowerState
2019-09-12 11:36:14,329 [pool-250-thread-1] INFO  util.JmxRegister (JmxRegister.java:tryRegister(44)) - Successfully registered JMX Bean with object name Ratis:service=RaftServer,group=group-8FCE234AE035,id=6188b700-e915-4d75-ae21-36a9719dfa93
2019-09-12 11:36:14,332 [RatisPipelineUtilsThread] INFO  pipeline.PipelineStateManager (PipelineStateManager.java:addPipeline(56)) - Created pipeline Pipeline[ Id: 6dab9468-ffc6-41a1-aed2-8fce234ae035, Nodes: 6188b700-e915-4d75-ae21-36a9719dfa93{ip: 192.168.36.114, host: pr-hdds-1569-58hkm-1881083799, networkLocation: /default-rack, certSerialId: null}, Type:RATIS, Factor:ONE, State:OPEN]
2019-09-12 11:36:14,338 [grpc-default-executor-0] INFO  impl.RaftServerProxy (RaftServerProxy.java:addNew(89)) - 255671a0-6eee-4881-b885-680cdec970b4: addNew group-A2DD32D32301:[255671a0-6eee-4881-b885-680cdec970b4:192.168.36.114:46494] returns group-A2DD32D32301:java.util.concurrent.CompletableFuture@25504968[Not completed]
2019-09-12 11:36:14,339 [pool-239-thread-1] INFO  impl.RaftServerImpl (RaftServerImpl.java:<init>(93)) - 255671a0-6eee-4881-b885-680cdec970b4: new RaftServerImpl for group-A2DD32D32301:[255671a0-6eee-4881-b885-680cdec970b4:192.168.36.114:46494] with ContainerStateMachine:uninitialized
2019-09-12 11:36:14,339 [pool-239-thread-1] INFO  server.RaftServerConfigKeys (ConfUtils.java:logGet(43)) - raft.server.rpc.timeout.min = 5s (custom)
2019-09-12 11:36:14,339 [pool-239-thread-1] INFO  server.RaftServerConfigKeys (ConfUtils.java:logGet(43)) - raft.server.rpc.timeout.max = 5200ms (custom)
2019-09-12 11:36:14,339 [pool-239-thread-1] INFO  server.RaftServerConfigKeys (ConfUtils.java:logGet(43)) - raft.server.rpcslowness.timeout = 120s (custom)
2019-09-12 11:36:14,340 [pool-239-thread-1] INFO  server.RaftServerConfigKeys (ConfUtils.java:logGet(43)) - raft.server.sleep.deviation.threshold = 300 (default)
2019-09-12 11:36:14,340 [pool-239-thread-1] INFO  server.RaftServerConfigKeys (ConfUtils.java:logGet(43)) - raft.server.log.appender.install.snapshot.enabled = false (custom)
2019-09-12 11:36:14,340 [pool-239-thread-1] INFO  impl.RaftServerImpl (ServerState.java:<init>(105)) - 255671a0-6eee-4881-b885-680cdec970b4:group-A2DD32D32301 ConfigurationManager, init=-1: [255671a0-6eee-4881-b885-680cdec970b4:192.168.36.114:46494], old=null, confs=<EMPTY_MAP>
2019-09-12 11:36:14,340 [pool-239-thread-1] INFO  server.RaftServerConfigKeys (ConfUtils.java:logGet(43)) - raft.server.storage.dir = [/workdir/hadoop-ozone/ozonefs/target/test-dir/MiniOzoneClusterImpl-4dbb2fea-10be-4021-aaff-c3567f88023d/datanode-0/data/ratis] (custom)
2019-09-12 11:36:14,340 [pool-239-thread-1] INFO  storage.RaftStorageDirectory (RaftStorageDirectory.java:analyzeStorage(246)) - The storage directory /workdir/hadoop-ozone/ozonefs/target/test-dir/MiniOzoneClusterImpl-4dbb2fea-10be-4021-aaff-c3567f88023d/datanode-0/data/ratis/e48d90c0-ce75-4b11-a7ab-a2dd32d32301 does not exist. Creating ...
2019-09-12 11:36:14,343 [pool-239-thread-1] INFO  storage.RaftStorageDirectory (RaftStorageDirectory.java:tryLock(328)) - Lock on /workdir/hadoop-ozone/ozonefs/target/test-dir/MiniOzoneClusterImpl-4dbb2fea-10be-4021-aaff-c3567f88023d/datanode-0/data/ratis/e48d90c0-ce75-4b11-a7ab-a2dd32d32301/in_use.lock acquired by nodename 26908@pr-hdds-1569-58hkm-1881083799
2019-09-12 11:36:14,346 [pool-239-thread-1] INFO  storage.RaftStorage (RaftStorage.java:format(72)) - Storage directory /workdir/hadoop-ozone/ozonefs/target/test-dir/MiniOzoneClusterImpl-4dbb2fea-10be-4021-aaff-c3567f88023d/datanode-0/data/ratis/e48d90c0-ce75-4b11-a7ab-a2dd32d32301 has been successfully formatted.
2019-09-12 11:36:14,346 [pool-239-thread-1] INFO  ratis.ContainerStateMachine (ContainerStateMachine.java:loadSnapshot(226)) - group-A2DD32D32301: The snapshot info is null. Setting the last applied indexto:(t:0, i:~)
2019-09-12 11:36:14,347 [pool-239-thread-1] INFO  server.RaftServerConfigKeys (ConfUtils.java:logGet(43)) - raft.server.leader.election.timeout = 120s (custom)
2019-09-12 11:36:14,347 [pool-239-thread-1] INFO  server.RaftServerConfigKeys (ConfUtils.java:logGet(43)) - raft.server.log.use.memory = false (default)
2019-09-12 11:36:14,347 [pool-239-thread-1] INFO  server.RaftServerConfigKeys (ConfUtils.java:logGet(43)) - raft.server.log.purge.gap = 1000000 (custom)
2019-09-12 11:36:14,347 [pool-239-thread-1] INFO  server.RaftServerConfigKeys (ConfUtils.java:logGet(43)) - raft.server.log.appender.buffer.byte-limit = 33554432 (custom)
2019-09-12 11:36:14,347 [pool-239-thread-1] INFO  server.RaftServerConfigKeys (ConfUtils.java:logGet(43)) - raft.server.log.segment.size.max = 1048576 (custom)
2019-09-12 11:36:14,347 [pool-239-thread-1] INFO  server.RaftServerConfigKeys (ConfUtils.java:logGet(43)) - raft.server.log.segment.cache.num.max = 2 (custom)
2019-09-12 11:36:14,348 [pool-239-thread-1] INFO  segmented.SegmentedRaftLogWorker (SegmentedRaftLogWorker.java:<init>(172)) - new 255671a0-6eee-4881-b885-680cdec970b4-SegmentedRaftLogWorker:Storage Directory /workdir/hadoop-ozone/ozonefs/target/test-dir/MiniOzoneClusterImpl-4dbb2fea-10be-4021-aaff-c3567f88023d/datanode-0/data/ratis/e48d90c0-ce75-4b11-a7ab-a2dd32d32301 for RaftStorage:Storage Directory /workdir/hadoop-ozone/ozonefs/target/test-dir/MiniOzoneClusterImpl-4dbb2fea-10be-4021-aaff-c3567f88023d/datanode-0/data/ratis/e48d90c0-ce75-4b11-a7ab-a2dd32d32301
2019-09-12 11:36:14,348 [pool-239-thread-1] INFO  server.RaftServerConfigKeys (ConfUtils.java:logGet(43)) - raft.server.log.queue.byte-limit = 2147483647 (custom)
2019-09-12 11:36:14,348 [pool-239-thread-1] INFO  server.RaftServerConfigKeys (ConfUtils.java:logGet(43)) - raft.server.log.queue.element-limit = 1024 (custom)
2019-09-12 11:36:14,348 [pool-239-thread-1] INFO  server.RaftServerConfigKeys (ConfUtils.java:logGet(43)) - raft.server.log.segment.size.max = 1048576 (custom)
2019-09-12 11:36:14,348 [pool-239-thread-1] INFO  server.RaftServerConfigKeys (ConfUtils.java:logGet(43)) - raft.server.log.preallocated.size = 16384 (custom)
2019-09-12 11:36:14,348 [pool-239-thread-1] INFO  server.RaftServerConfigKeys (ConfUtils.java:logGet(43)) - raft.server.log.write.buffer.size = 33554432 (custom)
2019-09-12 11:36:14,348 [pool-239-thread-1] INFO  server.RaftServerConfigKeys (ConfUtils.java:logGet(43)) - raft.server.log.force.sync.num = 128 (default)
2019-09-12 11:36:14,349 [pool-239-thread-1] INFO  server.RaftServerConfigKeys (ConfUtils.java:logGet(43)) - raft.server.log.statemachine.data.sync = true (default)
2019-09-12 11:36:14,349 [pool-239-thread-1] INFO  server.RaftServerConfigKeys (ConfUtils.java:logGet(43)) - raft.server.log.statemachine.data.sync.timeout = 10s (default)
2019-09-12 11:36:14,349 [pool-239-thread-1] INFO  server.RaftServerConfigKeys (ConfUtils.java:logGet(43)) - raft.server.log.statemachine.data.sync.timeout.retry = -1 (default)
2019-09-12 11:36:14,349 [pool-239-thread-1] INFO  server.RaftServerConfigKeys (ConfUtils.java:logGet(43)) - raft.server.log.statemachine.data.caching.enabled = true (custom)
2019-09-12 11:36:14,349 [pool-239-thread-1] INFO  segmented.SegmentedRaftLogWorker (SegmentedRaftLogWorker.java:lambda$new$0(132)) - 255671a0-6eee-4881-b885-680cdec970b4-SegmentedRaftLogWorker:Storage Directory /workdir/hadoop-ozone/ozonefs/target/test-dir/MiniOzoneClusterImpl-4dbb2fea-10be-4021-aaff-c3567f88023d/datanode-0/data/ratis/e48d90c0-ce75-4b11-a7ab-a2dd32d32301: flushIndex: setUnconditionally 0 -> -1
2019-09-12 11:36:14,350 [pool-239-thread-1] INFO  server.RaftServerConfigKeys (ConfUtils.java:logGet(43)) - raft.server.snapshot.auto.trigger.enabled = true (custom)
2019-09-12 11:36:14,350 [pool-239-thread-1] INFO  server.RaftServerConfigKeys (ConfUtils.java:logGet(43)) - raft.server.snapshot.auto.trigger.threshold = 10000 (custom)
2019-09-12 11:36:14,350 [pool-239-thread-1] INFO  server.RaftServerConfigKeys (ConfUtils.java:logGet(43)) - raft.server.retrycache.expirytime = 600000ms (custom)
2019-09-12 11:36:14,350 [pool-239-thread-1] INFO  impl.RaftServerImpl (RaftServerImpl.java:start(180)) - 255671a0-6eee-4881-b885-680cdec970b4: start group-A2DD32D32301
2019-09-12 11:36:14,350 [pool-239-thread-1] INFO  impl.RaftServerImpl (RaftServerImpl.java:setRole(171)) - 255671a0-6eee-4881-b885-680cdec970b4:group-A2DD32D32301 changes role from null to FOLLOWER at term 0 for startAsFollower
2019-09-12 11:36:14,351 [pool-239-thread-1] INFO  impl.RoleInfo (RoleInfo.java:updateAndGet(143)) - 255671a0-6eee-4881-b885-680cdec970b4: start FollowerState
2019-09-12 11:36:14,351 [pool-239-thread-1] INFO  util.JmxRegister (JmxRegister.java:tryRegister(44)) - Successfully registered JMX Bean with object name Ratis:service=RaftServer,group=group-A2DD32D32301,id=255671a0-6eee-4881-b885-680cdec970b4
2019-09-12 11:36:14,354 [RatisPipelineUtilsThread] INFO  pipeline.PipelineStateManager (PipelineStateManager.java:addPipeline(56)) - Created pipeline Pipeline[ Id: e48d90c0-ce75-4b11-a7ab-a2dd32d32301, Nodes: 255671a0-6eee-4881-b885-680cdec970b4{ip: 192.168.36.114, host: pr-hdds-1569-58hkm-1881083799, networkLocation: /default-rack, certSerialId: null}, Type:RATIS, Factor:ONE, State:OPEN]
2019-09-12 11:36:14,354 [RatisPipelineUtilsThread] ERROR pipeline.PipelinePlacementPolicy (PipelinePlacementPolicy.java:meetCriteria(92)) - Pipeline Placement: Doesn't meet the criteria to be viable node. Heaviness: 6
2019-09-12 11:36:14,360 [grpc-default-executor-0] INFO  impl.RaftServerProxy (RaftServerProxy.java:addNew(89)) - 6188b700-e915-4d75-ae21-36a9719dfa93: addNew group-B3C9EEC02850:[6188b700-e915-4d75-ae21-36a9719dfa93:192.168.36.114:45909] returns group-B3C9EEC02850:java.util.concurrent.CompletableFuture@3fcbcdc9[Not completed]
2019-09-12 11:36:14,361 [pool-250-thread-1] INFO  impl.RaftServerImpl (RaftServerImpl.java:<init>(93)) - 6188b700-e915-4d75-ae21-36a9719dfa93: new RaftServerImpl for group-B3C9EEC02850:[6188b700-e915-4d75-ae21-36a9719dfa93:192.168.36.114:45909] with ContainerStateMachine:uninitialized
2019-09-12 11:36:14,361 [pool-250-thread-1] INFO  server.RaftServerConfigKeys (ConfUtils.java:logGet(43)) - raft.server.rpc.timeout.min = 5s (custom)
2019-09-12 11:36:14,361 [pool-250-thread-1] INFO  server.RaftServerConfigKeys (ConfUtils.java:logGet(43)) - raft.server.rpc.timeout.max = 5200ms (custom)
2019-09-12 11:36:14,362 [pool-250-thread-1] INFO  server.RaftServerConfigKeys (ConfUtils.java:logGet(43)) - raft.server.rpcslowness.timeout = 120s (custom)
2019-09-12 11:36:14,362 [pool-250-thread-1] INFO  server.RaftServerConfigKeys (ConfUtils.java:logGet(43)) - raft.server.sleep.deviation.threshold = 300 (default)
2019-09-12 11:36:14,362 [pool-250-thread-1] INFO  server.RaftServerConfigKeys (ConfUtils.java:logGet(43)) - raft.server.log.appender.install.snapshot.enabled = false (custom)
2019-09-12 11:36:14,362 [pool-250-thread-1] INFO  impl.RaftServerImpl (ServerState.java:<init>(105)) - 6188b700-e915-4d75-ae21-36a9719dfa93:group-B3C9EEC02850 ConfigurationManager, init=-1: [6188b700-e915-4d75-ae21-36a9719dfa93:192.168.36.114:45909], old=null, confs=<EMPTY_MAP>
2019-09-12 11:36:14,362 [pool-250-thread-1] INFO  server.RaftServerConfigKeys (ConfUtils.java:logGet(43)) - raft.server.storage.dir = [/workdir/hadoop-ozone/ozonefs/target/test-dir/MiniOzoneClusterImpl-4dbb2fea-10be-4021-aaff-c3567f88023d/datanode-1/data/ratis] (custom)
2019-09-12 11:36:14,362 [pool-250-thread-1] INFO  storage.RaftStorageDirectory (RaftStorageDirectory.java:analyzeStorage(246)) - The storage directory /workdir/hadoop-ozone/ozonefs/target/test-dir/MiniOzoneClusterImpl-4dbb2fea-10be-4021-aaff-c3567f88023d/datanode-1/data/ratis/ff814b0f-e75d-4a75-8e89-b3c9eec02850 does not exist. Creating ...
2019-09-12 11:36:14,373 [pool-250-thread-1] INFO  storage.RaftStorageDirectory (RaftStorageDirectory.java:tryLock(328)) - Lock on /workdir/hadoop-ozone/ozonefs/target/test-dir/MiniOzoneClusterImpl-4dbb2fea-10be-4021-aaff-c3567f88023d/datanode-1/data/ratis/ff814b0f-e75d-4a75-8e89-b3c9eec02850/in_use.lock acquired by nodename 26908@pr-hdds-1569-58hkm-1881083799
2019-09-12 11:36:14,378 [pool-250-thread-1] INFO  storage.RaftStorage (RaftStorage.java:format(72)) - Storage directory /workdir/hadoop-ozone/ozonefs/target/test-dir/MiniOzoneClusterImpl-4dbb2fea-10be-4021-aaff-c3567f88023d/datanode-1/data/ratis/ff814b0f-e75d-4a75-8e89-b3c9eec02850 has been successfully formatted.
2019-09-12 11:36:14,378 [pool-250-thread-1] INFO  ratis.ContainerStateMachine (ContainerStateMachine.java:loadSnapshot(226)) - group-B3C9EEC02850: The snapshot info is null. Setting the last applied indexto:(t:0, i:~)
2019-09-12 11:36:14,378 [pool-250-thread-1] INFO  server.RaftServerConfigKeys (ConfUtils.java:logGet(43)) - raft.server.leader.election.timeout = 120s (custom)
2019-09-12 11:36:14,378 [pool-250-thread-1] INFO  server.RaftServerConfigKeys (ConfUtils.java:logGet(43)) - raft.server.log.use.memory = false (default)
2019-09-12 11:36:14,378 [pool-250-thread-1] INFO  server.RaftServerConfigKeys (ConfUtils.java:logGet(43)) - raft.server.log.purge.gap = 1000000 (custom)
2019-09-12 11:36:14,379 [pool-250-thread-1] INFO  server.RaftServerConfigKeys (ConfUtils.java:logGet(43)) - raft.server.log.appender.buffer.byte-limit = 33554432 (custom)
2019-09-12 11:36:14,379 [pool-250-thread-1] INFO  server.RaftServerConfigKeys (ConfUtils.java:logGet(43)) - raft.server.log.segment.size.max = 1048576 (custom)
2019-09-12 11:36:14,379 [pool-250-thread-1] INFO  server.RaftServerConfigKeys (ConfUtils.java:logGet(43)) - raft.server.log.segment.cache.num.max = 2 (custom)
2019-09-12 11:36:14,379 [pool-250-thread-1] INFO  segmented.SegmentedRaftLogWorker (SegmentedRaftLogWorker.java:<init>(172)) - new 6188b700-e915-4d75-ae21-36a9719dfa93-SegmentedRaftLogWorker:Storage Directory /workdir/hadoop-ozone/ozonefs/target/test-dir/MiniOzoneClusterImpl-4dbb2fea-10be-4021-aaff-c3567f88023d/datanode-1/data/ratis/ff814b0f-e75d-4a75-8e89-b3c9eec02850 for RaftStorage:Storage Directory /workdir/hadoop-ozone/ozonefs/target/test-dir/MiniOzoneClusterImpl-4dbb2fea-10be-4021-aaff-c3567f88023d/datanode-1/data/ratis/ff814b0f-e75d-4a75-8e89-b3c9eec02850
2019-09-12 11:36:14,379 [pool-250-thread-1] INFO  server.RaftServerConfigKeys (ConfUtils.java:logGet(43)) - raft.server.log.queue.byte-limit = 2147483647 (custom)
2019-09-12 11:36:14,380 [pool-250-thread-1] INFO  server.RaftServerConfigKeys (ConfUtils.java:logGet(43)) - raft.server.log.queue.element-limit = 1024 (custom)
2019-09-12 11:36:14,380 [pool-250-thread-1] INFO  server.RaftServerConfigKeys (ConfUtils.java:logGet(43)) - raft.server.log.segment.size.max = 1048576 (custom)
2019-09-12 11:36:14,380 [pool-250-thread-1] INFO  server.RaftServerConfigKeys (ConfUtils.java:logGet(43)) - raft.server.log.preallocated.size = 16384 (custom)
2019-09-12 11:36:14,380 [pool-250-thread-1] INFO  server.RaftServerConfigKeys (ConfUtils.java:logGet(43)) - raft.server.log.write.buffer.size = 33554432 (custom)
2019-09-12 11:36:14,380 [pool-250-thread-1] INFO  server.RaftServerConfigKeys (ConfUtils.java:logGet(43)) - raft.server.log.force.sync.num = 128 (default)
2019-09-12 11:36:14,380 [pool-250-thread-1] INFO  server.RaftServerConfigKeys (ConfUtils.java:logGet(43)) - raft.server.log.statemachine.data.sync = true (default)
2019-09-12 11:36:14,381 [pool-250-thread-1] INFO  server.RaftServerConfigKeys (ConfUtils.java:logGet(43)) - raft.server.log.statemachine.data.sync.timeout = 10s (default)
2019-09-12 11:36:14,381 [pool-250-thread-1] INFO  server.RaftServerConfigKeys (ConfUtils.java:logGet(43)) - raft.server.log.statemachine.data.sync.timeout.retry = -1 (default)
2019-09-12 11:36:14,381 [pool-250-thread-1] INFO  server.RaftServerConfigKeys (ConfUtils.java:logGet(43)) - raft.server.log.statemachine.data.caching.enabled = true (custom)
2019-09-12 11:36:14,381 [pool-250-thread-1] INFO  segmented.SegmentedRaftLogWorker (SegmentedRaftLogWorker.java:lambda$new$0(132)) - 6188b700-e915-4d75-ae21-36a9719dfa93-SegmentedRaftLogWorker:Storage Directory /workdir/hadoop-ozone/ozonefs/target/test-dir/MiniOzoneClusterImpl-4dbb2fea-10be-4021-aaff-c3567f88023d/datanode-1/data/ratis/ff814b0f-e75d-4a75-8e89-b3c9eec02850: flushIndex: setUnconditionally 0 -> -1
2019-09-12 11:36:14,382 [pool-250-thread-1] INFO  server.RaftServerConfigKeys (ConfUtils.java:logGet(43)) - raft.server.snapshot.auto.trigger.enabled = true (custom)
2019-09-12 11:36:14,382 [pool-250-thread-1] INFO  server.RaftServerConfigKeys (ConfUtils.java:logGet(43)) - raft.server.snapshot.auto.trigger.threshold = 10000 (custom)
2019-09-12 11:36:14,382 [pool-250-thread-1] INFO  server.RaftServerConfigKeys (ConfUtils.java:logGet(43)) - raft.server.retrycache.expirytime = 600000ms (custom)
2019-09-12 11:36:14,382 [pool-250-thread-1] INFO  impl.RaftServerImpl (RaftServerImpl.java:start(180)) - 6188b700-e915-4d75-ae21-36a9719dfa93: start group-B3C9EEC02850
2019-09-12 11:36:14,383 [pool-250-thread-1] INFO  impl.RaftServerImpl (RaftServerImpl.java:setRole(171)) - 6188b700-e915-4d75-ae21-36a9719dfa93:group-B3C9EEC02850 changes role from null to FOLLOWER at term 0 for startAsFollower
2019-09-12 11:36:14,383 [pool-250-thread-1] INFO  impl.RoleInfo (RoleInfo.java:updateAndGet(143)) - 6188b700-e915-4d75-ae21-36a9719dfa93: start FollowerState
2019-09-12 11:36:14,383 [pool-250-thread-1] INFO  util.JmxRegister (JmxRegister.java:tryRegister(44)) - Successfully registered JMX Bean with object name Ratis:service=RaftServer,group=group-B3C9EEC02850,id=6188b700-e915-4d75-ae21-36a9719dfa93
2019-09-12 11:36:14,386 [RatisPipelineUtilsThread] INFO  pipeline.PipelineStateManager (PipelineStateManager.java:addPipeline(56)) - Created pipeline Pipeline[ Id: ff814b0f-e75d-4a75-8e89-b3c9eec02850, Nodes: 6188b700-e915-4d75-ae21-36a9719dfa93{ip: 192.168.36.114, host: pr-hdds-1569-58hkm-1881083799, networkLocation: /default-rack, certSerialId: null}, Type:RATIS, Factor:ONE, State:OPEN]
2019-09-12 11:36:14,387 [RatisPipelineUtilsThread] ERROR pipeline.PipelinePlacementPolicy (PipelinePlacementPolicy.java:meetCriteria(92)) - Pipeline Placement: Doesn't meet the criteria to be viable node. Heaviness: 6
2019-09-12 11:36:14,392 [grpc-default-executor-0] INFO  impl.RaftServerProxy (RaftServerProxy.java:addNew(89)) - 6188b700-e915-4d75-ae21-36a9719dfa93: addNew group-7F890450A3AE:[6188b700-e915-4d75-ae21-36a9719dfa93:192.168.36.114:45909] returns group-7F890450A3AE:java.util.concurrent.CompletableFuture@6e85385c[Not completed]
2019-09-12 11:36:14,392 [pool-250-thread-1] INFO  impl.RaftServerImpl (RaftServerImpl.java:<init>(93)) - 6188b700-e915-4d75-ae21-36a9719dfa93: new RaftServerImpl for group-7F890450A3AE:[6188b700-e915-4d75-ae21-36a9719dfa93:192.168.36.114:45909] with ContainerStateMachine:uninitialized
2019-09-12 11:36:14,393 [pool-250-thread-1] INFO  server.RaftServerConfigKeys (ConfUtils.java:logGet(43)) - raft.server.rpc.timeout.min = 5s (custom)
2019-09-12 11:36:14,393 [pool-250-thread-1] INFO  server.RaftServerConfigKeys (ConfUtils.java:logGet(43)) - raft.server.rpc.timeout.max = 5200ms (custom)
2019-09-12 11:36:14,393 [pool-250-thread-1] INFO  server.RaftServerConfigKeys (ConfUtils.java:logGet(43)) - raft.server.rpcslowness.timeout = 120s (custom)
2019-09-12 11:36:14,393 [pool-250-thread-1] INFO  server.RaftServerConfigKeys (ConfUtils.java:logGet(43)) - raft.server.sleep.deviation.threshold = 300 (default)
2019-09-12 11:36:14,393 [pool-250-thread-1] INFO  server.RaftServerConfigKeys (ConfUtils.java:logGet(43)) - raft.server.log.appender.install.snapshot.enabled = false (custom)
2019-09-12 11:36:14,393 [pool-250-thread-1] INFO  impl.RaftServerImpl (ServerState.java:<init>(105)) - 6188b700-e915-4d75-ae21-36a9719dfa93:group-7F890450A3AE ConfigurationManager, init=-1: [6188b700-e915-4d75-ae21-36a9719dfa93:192.168.36.114:45909], old=null, confs=<EMPTY_MAP>
2019-09-12 11:36:14,393 [pool-250-thread-1] INFO  server.RaftServerConfigKeys (ConfUtils.java:logGet(43)) - raft.server.storage.dir = [/workdir/hadoop-ozone/ozonefs/target/test-dir/MiniOzoneClusterImpl-4dbb2fea-10be-4021-aaff-c3567f88023d/datanode-1/data/ratis] (custom)
2019-09-12 11:36:14,394 [pool-250-thread-1] INFO  storage.RaftStorageDirectory (RaftStorageDirectory.java:analyzeStorage(246)) - The storage directory /workdir/hadoop-ozone/ozonefs/target/test-dir/MiniOzoneClusterImpl-4dbb2fea-10be-4021-aaff-c3567f88023d/datanode-1/data/ratis/2dc05745-44d2-4536-94fa-7f890450a3ae does not exist. Creating ...
2019-09-12 11:36:14,404 [pool-250-thread-1] INFO  storage.RaftStorageDirectory (RaftStorageDirectory.java:tryLock(328)) - Lock on /workdir/hadoop-ozone/ozonefs/target/test-dir/MiniOzoneClusterImpl-4dbb2fea-10be-4021-aaff-c3567f88023d/datanode-1/data/ratis/2dc05745-44d2-4536-94fa-7f890450a3ae/in_use.lock acquired by nodename 26908@pr-hdds-1569-58hkm-1881083799
2019-09-12 11:36:14,416 [pool-250-thread-1] INFO  storage.RaftStorage (RaftStorage.java:format(72)) - Storage directory /workdir/hadoop-ozone/ozonefs/target/test-dir/MiniOzoneClusterImpl-4dbb2fea-10be-4021-aaff-c3567f88023d/datanode-1/data/ratis/2dc05745-44d2-4536-94fa-7f890450a3ae has been successfully formatted.
2019-09-12 11:36:14,416 [pool-250-thread-1] INFO  ratis.ContainerStateMachine (ContainerStateMachine.java:loadSnapshot(226)) - group-7F890450A3AE: The snapshot info is null. Setting the last applied indexto:(t:0, i:~)
2019-09-12 11:36:14,416 [pool-250-thread-1] INFO  server.RaftServerConfigKeys (ConfUtils.java:logGet(43)) - raft.server.leader.election.timeout = 120s (custom)
2019-09-12 11:36:14,416 [pool-250-thread-1] INFO  server.RaftServerConfigKeys (ConfUtils.java:logGet(43)) - raft.server.log.use.memory = false (default)
2019-09-12 11:36:14,416 [pool-250-thread-1] INFO  server.RaftServerConfigKeys (ConfUtils.java:logGet(43)) - raft.server.log.purge.gap = 1000000 (custom)
2019-09-12 11:36:14,416 [pool-250-thread-1] INFO  server.RaftServerConfigKeys (ConfUtils.java:logGet(43)) - raft.server.log.appender.buffer.byte-limit = 33554432 (custom)
2019-09-12 11:36:14,416 [pool-250-thread-1] INFO  server.RaftServerConfigKeys (ConfUtils.java:logGet(43)) - raft.server.log.segment.size.max = 1048576 (custom)
2019-09-12 11:36:14,417 [pool-250-thread-1] INFO  server.RaftServerConfigKeys (ConfUtils.java:logGet(43)) - raft.server.log.segment.cache.num.max = 2 (custom)
2019-09-12 11:36:14,417 [pool-250-thread-1] INFO  segmented.SegmentedRaftLogWorker (SegmentedRaftLogWorker.java:<init>(172)) - new 6188b700-e915-4d75-ae21-36a9719dfa93-SegmentedRaftLogWorker:Storage Directory /workdir/hadoop-ozone/ozonefs/target/test-dir/MiniOzoneClusterImpl-4dbb2fea-10be-4021-aaff-c3567f88023d/datanode-1/data/ratis/2dc05745-44d2-4536-94fa-7f890450a3ae for RaftStorage:Storage Directory /workdir/hadoop-ozone/ozonefs/target/test-dir/MiniOzoneClusterImpl-4dbb2fea-10be-4021-aaff-c3567f88023d/datanode-1/data/ratis/2dc05745-44d2-4536-94fa-7f890450a3ae
2019-09-12 11:36:14,417 [pool-250-thread-1] INFO  server.RaftServerConfigKeys (ConfUtils.java:logGet(43)) - raft.server.log.queue.byte-limit = 2147483647 (custom)
2019-09-12 11:36:14,417 [pool-250-thread-1] INFO  server.RaftServerConfigKeys (ConfUtils.java:logGet(43)) - raft.server.log.queue.element-limit = 1024 (custom)
2019-09-12 11:36:14,417 [pool-250-thread-1] INFO  server.RaftServerConfigKeys (ConfUtils.java:logGet(43)) - raft.server.log.segment.size.max = 1048576 (custom)
2019-09-12 11:36:14,417 [pool-250-thread-1] INFO  server.RaftServerConfigKeys (ConfUtils.java:logGet(43)) - raft.server.log.preallocated.size = 16384 (custom)
2019-09-12 11:36:14,417 [pool-250-thread-1] INFO  server.RaftServerConfigKeys (ConfUtils.java:logGet(43)) - raft.server.log.write.buffer.size = 33554432 (custom)
2019-09-12 11:36:14,417 [pool-250-thread-1] INFO  server.RaftServerConfigKeys (ConfUtils.java:logGet(43)) - raft.server.log.force.sync.num = 128 (default)
2019-09-12 11:36:14,417 [pool-250-thread-1] INFO  server.RaftServerConfigKeys (ConfUtils.java:logGet(43)) - raft.server.log.statemachine.data.sync = true (default)
2019-09-12 11:36:14,417 [pool-250-thread-1] INFO  server.RaftServerConfigKeys (ConfUtils.java:logGet(43)) - raft.server.log.statemachine.data.sync.timeout = 10s (default)
2019-09-12 11:36:14,418 [pool-250-thread-1] INFO  server.RaftServerConfigKeys (ConfUtils.java:logGet(43)) - raft.server.log.statemachine.data.sync.timeout.retry = -1 (default)
2019-09-12 11:36:14,418 [pool-250-thread-1] INFO  server.RaftServerConfigKeys (ConfUtils.java:logGet(43)) - raft.server.log.statemachine.data.caching.enabled = true (custom)
2019-09-12 11:36:14,418 [pool-250-thread-1] INFO  segmented.SegmentedRaftLogWorker (SegmentedRaftLogWorker.java:lambda$new$0(132)) - 6188b700-e915-4d75-ae21-36a9719dfa93-SegmentedRaftLogWorker:Storage Directory /workdir/hadoop-ozone/ozonefs/target/test-dir/MiniOzoneClusterImpl-4dbb2fea-10be-4021-aaff-c3567f88023d/datanode-1/data/ratis/2dc05745-44d2-4536-94fa-7f890450a3ae: flushIndex: setUnconditionally 0 -> -1
2019-09-12 11:36:14,418 [pool-250-thread-1] INFO  server.RaftServerConfigKeys (ConfUtils.java:logGet(43)) - raft.server.snapshot.auto.trigger.enabled = true (custom)
2019-09-12 11:36:14,418 [pool-250-thread-1] INFO  server.RaftServerConfigKeys (ConfUtils.java:logGet(43)) - raft.server.snapshot.auto.trigger.threshold = 10000 (custom)
2019-09-12 11:36:14,418 [pool-250-thread-1] INFO  server.RaftServerConfigKeys (ConfUtils.java:logGet(43)) - raft.server.retrycache.expirytime = 600000ms (custom)
2019-09-12 11:36:14,419 [pool-250-thread-1] INFO  impl.RaftServerImpl (RaftServerImpl.java:start(180)) - 6188b700-e915-4d75-ae21-36a9719dfa93: start group-7F890450A3AE
2019-09-12 11:36:14,419 [pool-250-thread-1] INFO  impl.RaftServerImpl (RaftServerImpl.java:setRole(171)) - 6188b700-e915-4d75-ae21-36a9719dfa93:group-7F890450A3AE changes role from null to FOLLOWER at term 0 for startAsFollower
2019-09-12 11:36:14,419 [pool-250-thread-1] INFO  impl.RoleInfo (RoleInfo.java:updateAndGet(143)) - 6188b700-e915-4d75-ae21-36a9719dfa93: start FollowerState
2019-09-12 11:36:14,419 [pool-250-thread-1] INFO  util.JmxRegister (JmxRegister.java:tryRegister(44)) - Successfully registered JMX Bean with object name Ratis:service=RaftServer,group=group-7F890450A3AE,id=6188b700-e915-4d75-ae21-36a9719dfa93
2019-09-12 11:36:14,421 [Thread-1072] INFO  ozone.MiniOzoneClusterImpl (MiniOzoneClusterImpl.java:lambda$waitForClusterToBeReady$0(142)) - Waiting for cluster to be ready. Got 2 of 3 DN Heartbeats.
2019-09-12 11:36:14,422 [RatisPipelineUtilsThread] INFO  pipeline.PipelineStateManager (PipelineStateManager.java:addPipeline(56)) - Created pipeline Pipeline[ Id: 2dc05745-44d2-4536-94fa-7f890450a3ae, Nodes: 6188b700-e915-4d75-ae21-36a9719dfa93{ip: 192.168.36.114, host: pr-hdds-1569-58hkm-1881083799, networkLocation: /default-rack, certSerialId: null}, Type:RATIS, Factor:ONE, State:OPEN]
2019-09-12 11:36:14,422 [RatisPipelineUtilsThread] ERROR pipeline.PipelinePlacementPolicy (PipelinePlacementPolicy.java:meetCriteria(92)) - Pipeline Placement: Doesn't meet the criteria to be viable node. Heaviness: 6
2019-09-12 11:36:14,423 [IPC Server handler 1 on 33070] INFO  net.NetworkTopology (NetworkTopologyImpl.java:add(110)) - Added a new node: /default-rack/7b2637ea-ef1f-4282-b770-2a49c6d41191
2019-09-12 11:36:14,424 [IPC Server handler 1 on 33070] INFO  node.SCMNodeManager (SCMNodeManager.java:register(273)) - Registered Data node : 7b2637ea-ef1f-4282-b770-2a49c6d41191{ip: 192.168.36.114, host: pr-hdds-1569-58hkm-1881083799, networkLocation: /default-rack, certSerialId: null}
2019-09-12 11:36:14,424 | INFO  | SCMAudit | user=jenkins1000 | ip=192.168.36.114 | op=REGISTER {datanodeDetails=7b2637ea-ef1f-4282-b770-2a49c6d41191{ip: 192.168.36.114, host: pr-hdds-1569-58hkm-1881083799, networkLocation: /default-rack, certSerialId: null}} | ret=SUCCESS |  
2019-09-12 11:36:14,428 [grpc-default-executor-0] INFO  impl.RaftServerProxy (RaftServerProxy.java:addNew(89)) - 6188b700-e915-4d75-ae21-36a9719dfa93: addNew group-885333CE607F:[6188b700-e915-4d75-ae21-36a9719dfa93:192.168.36.114:45909] returns group-885333CE607F:java.util.concurrent.CompletableFuture@1f72f12e[Not completed]
2019-09-12 11:36:14,428 [pool-250-thread-1] INFO  impl.RaftServerImpl (RaftServerImpl.java:<init>(93)) - 6188b700-e915-4d75-ae21-36a9719dfa93: new RaftServerImpl for group-885333CE607F:[6188b700-e915-4d75-ae21-36a9719dfa93:192.168.36.114:45909] with ContainerStateMachine:uninitialized
2019-09-12 11:36:14,429 [pool-250-thread-1] INFO  server.RaftServerConfigKeys (ConfUtils.java:logGet(43)) - raft.server.rpc.timeout.min = 5s (custom)
2019-09-12 11:36:14,429 [pool-250-thread-1] INFO  server.RaftServerConfigKeys (ConfUtils.java:logGet(43)) - raft.server.rpc.timeout.max = 5200ms (custom)
2019-09-12 11:36:14,429 [pool-250-thread-1] INFO  server.RaftServerConfigKeys (ConfUtils.java:logGet(43)) - raft.server.rpcslowness.timeout = 120s (custom)
2019-09-12 11:36:14,429 [pool-250-thread-1] INFO  server.RaftServerConfigKeys (ConfUtils.java:logGet(43)) - raft.server.sleep.deviation.threshold = 300 (default)
2019-09-12 11:36:14,429 [pool-250-thread-1] INFO  server.RaftServerConfigKeys (ConfUtils.java:logGet(43)) - raft.server.log.appender.install.snapshot.enabled = false (custom)
2019-09-12 11:36:14,429 [pool-250-thread-1] INFO  impl.RaftServerImpl (ServerState.java:<init>(105)) - 6188b700-e915-4d75-ae21-36a9719dfa93:group-885333CE607F ConfigurationManager, init=-1: [6188b700-e915-4d75-ae21-36a9719dfa93:192.168.36.114:45909], old=null, confs=<EMPTY_MAP>
2019-09-12 11:36:14,429 [pool-250-thread-1] INFO  server.RaftServerConfigKeys (ConfUtils.java:logGet(43)) - raft.server.storage.dir = [/workdir/hadoop-ozone/ozonefs/target/test-dir/MiniOzoneClusterImpl-4dbb2fea-10be-4021-aaff-c3567f88023d/datanode-1/data/ratis] (custom)
2019-09-12 11:36:14,429 [pool-250-thread-1] INFO  storage.RaftStorageDirectory (RaftStorageDirectory.java:analyzeStorage(246)) - The storage directory /workdir/hadoop-ozone/ozonefs/target/test-dir/MiniOzoneClusterImpl-4dbb2fea-10be-4021-aaff-c3567f88023d/datanode-1/data/ratis/73d11c1d-f2c4-4624-a304-885333ce607f does not exist. Creating ...
2019-09-12 11:36:14,449 [pool-250-thread-1] INFO  storage.RaftStorageDirectory (RaftStorageDirectory.java:tryLock(328)) - Lock on /workdir/hadoop-ozone/ozonefs/target/test-dir/MiniOzoneClusterImpl-4dbb2fea-10be-4021-aaff-c3567f88023d/datanode-1/data/ratis/73d11c1d-f2c4-4624-a304-885333ce607f/in_use.lock acquired by nodename 26908@pr-hdds-1569-58hkm-1881083799
2019-09-12 11:36:14,462 [pool-250-thread-1] INFO  storage.RaftStorage (RaftStorage.java:format(72)) - Storage directory /workdir/hadoop-ozone/ozonefs/target/test-dir/MiniOzoneClusterImpl-4dbb2fea-10be-4021-aaff-c3567f88023d/datanode-1/data/ratis/73d11c1d-f2c4-4624-a304-885333ce607f has been successfully formatted.
2019-09-12 11:36:14,462 [pool-250-thread-1] INFO  ratis.ContainerStateMachine (ContainerStateMachine.java:loadSnapshot(226)) - group-885333CE607F: The snapshot info is null. Setting the last applied indexto:(t:0, i:~)
2019-09-12 11:36:14,463 [pool-250-thread-1] INFO  server.RaftServerConfigKeys (ConfUtils.java:logGet(43)) - raft.server.leader.election.timeout = 120s (custom)
2019-09-12 11:36:14,463 [pool-250-thread-1] INFO  server.RaftServerConfigKeys (ConfUtils.java:logGet(43)) - raft.server.log.use.memory = false (default)
2019-09-12 11:36:14,463 [pool-250-thread-1] INFO  server.RaftServerConfigKeys (ConfUtils.java:logGet(43)) - raft.server.log.purge.gap = 1000000 (custom)
2019-09-12 11:36:14,463 [pool-250-thread-1] INFO  server.RaftServerConfigKeys (ConfUtils.java:logGet(43)) - raft.server.log.appender.buffer.byte-limit = 33554432 (custom)
2019-09-12 11:36:14,463 [pool-250-thread-1] INFO  server.RaftServerConfigKeys (ConfUtils.java:logGet(43)) - raft.server.log.segment.size.max = 1048576 (custom)
2019-09-12 11:36:14,463 [pool-250-thread-1] INFO  server.RaftServerConfigKeys (ConfUtils.java:logGet(43)) - raft.server.log.segment.cache.num.max = 2 (custom)
2019-09-12 11:36:14,463 [pool-250-thread-1] INFO  segmented.SegmentedRaftLogWorker (SegmentedRaftLogWorker.java:<init>(172)) - new 6188b700-e915-4d75-ae21-36a9719dfa93-SegmentedRaftLogWorker:Storage Directory /workdir/hadoop-ozone/ozonefs/target/test-dir/MiniOzoneClusterImpl-4dbb2fea-10be-4021-aaff-c3567f88023d/datanode-1/data/ratis/73d11c1d-f2c4-4624-a304-885333ce607f for RaftStorage:Storage Directory /workdir/hadoop-ozone/ozonefs/target/test-dir/MiniOzoneClusterImpl-4dbb2fea-10be-4021-aaff-c3567f88023d/datanode-1/data/ratis/73d11c1d-f2c4-4624-a304-885333ce607f
2019-09-12 11:36:14,463 [pool-250-thread-1] INFO  server.RaftServerConfigKeys (ConfUtils.java:logGet(43)) - raft.server.log.queue.byte-limit = 2147483647 (custom)
2019-09-12 11:36:14,464 [pool-250-thread-1] INFO  server.RaftServerConfigKeys (ConfUtils.java:logGet(43)) - raft.server.log.queue.element-limit = 1024 (custom)
2019-09-12 11:36:14,464 [pool-250-thread-1] INFO  server.RaftServerConfigKeys (ConfUtils.java:logGet(43)) - raft.server.log.segment.size.max = 1048576 (custom)
2019-09-12 11:36:14,464 [pool-250-thread-1] INFO  server.RaftServerConfigKeys (ConfUtils.java:logGet(43)) - raft.server.log.preallocated.size = 16384 (custom)
2019-09-12 11:36:14,464 [pool-250-thread-1] INFO  server.RaftServerConfigKeys (ConfUtils.java:logGet(43)) - raft.server.log.write.buffer.size = 33554432 (custom)
2019-09-12 11:36:14,464 [pool-250-thread-1] INFO  server.RaftServerConfigKeys (ConfUtils.java:logGet(43)) - raft.server.log.force.sync.num = 128 (default)
2019-09-12 11:36:14,464 [pool-250-thread-1] INFO  server.RaftServerConfigKeys (ConfUtils.java:logGet(43)) - raft.server.log.statemachine.data.sync = true (default)
2019-09-12 11:36:14,464 [pool-250-thread-1] INFO  server.RaftServerConfigKeys (ConfUtils.java:logGet(43)) - raft.server.log.statemachine.data.sync.timeout = 10s (default)
2019-09-12 11:36:14,464 [pool-250-thread-1] INFO  server.RaftServerConfigKeys (ConfUtils.java:logGet(43)) - raft.server.log.statemachine.data.sync.timeout.retry = -1 (default)
2019-09-12 11:36:14,464 [pool-250-thread-1] INFO  server.RaftServerConfigKeys (ConfUtils.java:logGet(43)) - raft.server.log.statemachine.data.caching.enabled = true (custom)
2019-09-12 11:36:14,465 [pool-250-thread-1] INFO  segmented.SegmentedRaftLogWorker (SegmentedRaftLogWorker.java:lambda$new$0(132)) - 6188b700-e915-4d75-ae21-36a9719dfa93-SegmentedRaftLogWorker:Storage Directory /workdir/hadoop-ozone/ozonefs/target/test-dir/MiniOzoneClusterImpl-4dbb2fea-10be-4021-aaff-c3567f88023d/datanode-1/data/ratis/73d11c1d-f2c4-4624-a304-885333ce607f: flushIndex: setUnconditionally 0 -> -1
2019-09-12 11:36:14,465 [pool-250-thread-1] INFO  server.RaftServerConfigKeys (ConfUtils.java:logGet(43)) - raft.server.snapshot.auto.trigger.enabled = true (custom)
2019-09-12 11:36:14,465 [pool-250-thread-1] INFO  server.RaftServerConfigKeys (ConfUtils.java:logGet(43)) - raft.server.snapshot.auto.trigger.threshold = 10000 (custom)
2019-09-12 11:36:14,465 [pool-250-thread-1] INFO  server.RaftServerConfigKeys (ConfUtils.java:logGet(43)) - raft.server.retrycache.expirytime = 600000ms (custom)
2019-09-12 11:36:14,465 [pool-250-thread-1] INFO  impl.RaftServerImpl (RaftServerImpl.java:start(180)) - 6188b700-e915-4d75-ae21-36a9719dfa93: start group-885333CE607F
2019-09-12 11:36:14,466 [pool-250-thread-1] INFO  impl.RaftServerImpl (RaftServerImpl.java:setRole(171)) - 6188b700-e915-4d75-ae21-36a9719dfa93:group-885333CE607F changes role from null to FOLLOWER at term 0 for startAsFollower
2019-09-12 11:36:14,466 [pool-250-thread-1] INFO  impl.RoleInfo (RoleInfo.java:updateAndGet(143)) - 6188b700-e915-4d75-ae21-36a9719dfa93: start FollowerState
2019-09-12 11:36:14,466 [pool-250-thread-1] INFO  util.JmxRegister (JmxRegister.java:tryRegister(44)) - Successfully registered JMX Bean with object name Ratis:service=RaftServer,group=group-885333CE607F,id=6188b700-e915-4d75-ae21-36a9719dfa93
2019-09-12 11:36:14,469 [RatisPipelineUtilsThread] INFO  pipeline.PipelineStateManager (PipelineStateManager.java:addPipeline(56)) - Created pipeline Pipeline[ Id: 73d11c1d-f2c4-4624-a304-885333ce607f, Nodes: 6188b700-e915-4d75-ae21-36a9719dfa93{ip: 192.168.36.114, host: pr-hdds-1569-58hkm-1881083799, networkLocation: /default-rack, certSerialId: null}, Type:RATIS, Factor:ONE, State:OPEN]
2019-09-12 11:36:14,469 [RatisPipelineUtilsThread] ERROR pipeline.PipelinePlacementPolicy (PipelinePlacementPolicy.java:meetCriteria(92)) - Pipeline Placement: Doesn't meet the criteria to be viable node. Heaviness: 6
2019-09-12 11:36:14,475 [grpc-default-executor-0] INFO  impl.RaftServerProxy (RaftServerProxy.java:addNew(89)) - 6188b700-e915-4d75-ae21-36a9719dfa93: addNew group-076F32837D91:[6188b700-e915-4d75-ae21-36a9719dfa93:192.168.36.114:45909] returns group-076F32837D91:java.util.concurrent.CompletableFuture@5853acd7[Not completed]
2019-09-12 11:36:14,476 [pool-250-thread-1] INFO  impl.RaftServerImpl (RaftServerImpl.java:<init>(93)) - 6188b700-e915-4d75-ae21-36a9719dfa93: new RaftServerImpl for group-076F32837D91:[6188b700-e915-4d75-ae21-36a9719dfa93:192.168.36.114:45909] with ContainerStateMachine:uninitialized
2019-09-12 11:36:14,476 [pool-250-thread-1] INFO  server.RaftServerConfigKeys (ConfUtils.java:logGet(43)) - raft.server.rpc.timeout.min = 5s (custom)
2019-09-12 11:36:14,476 [pool-250-thread-1] INFO  server.RaftServerConfigKeys (ConfUtils.java:logGet(43)) - raft.server.rpc.timeout.max = 5200ms (custom)
2019-09-12 11:36:14,476 [pool-250-thread-1] INFO  server.RaftServerConfigKeys (ConfUtils.java:logGet(43)) - raft.server.rpcslowness.timeout = 120s (custom)
2019-09-12 11:36:14,476 [pool-250-thread-1] INFO  server.RaftServerConfigKeys (ConfUtils.java:logGet(43)) - raft.server.sleep.deviation.threshold = 300 (default)
2019-09-12 11:36:14,476 [pool-250-thread-1] INFO  server.RaftServerConfigKeys (ConfUtils.java:logGet(43)) - raft.server.log.appender.install.snapshot.enabled = false (custom)
2019-09-12 11:36:14,476 [pool-250-thread-1] INFO  impl.RaftServerImpl (ServerState.java:<init>(105)) - 6188b700-e915-4d75-ae21-36a9719dfa93:group-076F32837D91 ConfigurationManager, init=-1: [6188b700-e915-4d75-ae21-36a9719dfa93:192.168.36.114:45909], old=null, confs=<EMPTY_MAP>
2019-09-12 11:36:14,477 [pool-250-thread-1] INFO  server.RaftServerConfigKeys (ConfUtils.java:logGet(43)) - raft.server.storage.dir = [/workdir/hadoop-ozone/ozonefs/target/test-dir/MiniOzoneClusterImpl-4dbb2fea-10be-4021-aaff-c3567f88023d/datanode-1/data/ratis] (custom)
2019-09-12 11:36:14,477 [pool-250-thread-1] INFO  storage.RaftStorageDirectory (RaftStorageDirectory.java:analyzeStorage(246)) - The storage directory /workdir/hadoop-ozone/ozonefs/target/test-dir/MiniOzoneClusterImpl-4dbb2fea-10be-4021-aaff-c3567f88023d/datanode-1/data/ratis/8b1f7478-7fb1-405c-b390-076f32837d91 does not exist. Creating ...
2019-09-12 11:36:14,489 [pool-250-thread-1] INFO  storage.RaftStorageDirectory (RaftStorageDirectory.java:tryLock(328)) - Lock on /workdir/hadoop-ozone/ozonefs/target/test-dir/MiniOzoneClusterImpl-4dbb2fea-10be-4021-aaff-c3567f88023d/datanode-1/data/ratis/8b1f7478-7fb1-405c-b390-076f32837d91/in_use.lock acquired by nodename 26908@pr-hdds-1569-58hkm-1881083799
2019-09-12 11:36:14,502 [pool-250-thread-1] INFO  storage.RaftStorage (RaftStorage.java:format(72)) - Storage directory /workdir/hadoop-ozone/ozonefs/target/test-dir/MiniOzoneClusterImpl-4dbb2fea-10be-4021-aaff-c3567f88023d/datanode-1/data/ratis/8b1f7478-7fb1-405c-b390-076f32837d91 has been successfully formatted.
2019-09-12 11:36:14,502 [pool-250-thread-1] INFO  ratis.ContainerStateMachine (ContainerStateMachine.java:loadSnapshot(226)) - group-076F32837D91: The snapshot info is null. Setting the last applied indexto:(t:0, i:~)
2019-09-12 11:36:14,503 [pool-250-thread-1] INFO  server.RaftServerConfigKeys (ConfUtils.java:logGet(43)) - raft.server.leader.election.timeout = 120s (custom)
2019-09-12 11:36:14,503 [pool-250-thread-1] INFO  server.RaftServerConfigKeys (ConfUtils.java:logGet(43)) - raft.server.log.use.memory = false (default)
2019-09-12 11:36:14,503 [pool-250-thread-1] INFO  server.RaftServerConfigKeys (ConfUtils.java:logGet(43)) - raft.server.log.purge.gap = 1000000 (custom)
2019-09-12 11:36:14,503 [pool-250-thread-1] INFO  server.RaftServerConfigKeys (ConfUtils.java:logGet(43)) - raft.server.log.appender.buffer.byte-limit = 33554432 (custom)
2019-09-12 11:36:14,503 [pool-250-thread-1] INFO  server.RaftServerConfigKeys (ConfUtils.java:logGet(43)) - raft.server.log.segment.size.max = 1048576 (custom)
2019-09-12 11:36:14,503 [pool-250-thread-1] INFO  server.RaftServerConfigKeys (ConfUtils.java:logGet(43)) - raft.server.log.segment.cache.num.max = 2 (custom)
2019-09-12 11:36:14,503 [pool-250-thread-1] INFO  segmented.SegmentedRaftLogWorker (SegmentedRaftLogWorker.java:<init>(172)) - new 6188b700-e915-4d75-ae21-36a9719dfa93-SegmentedRaftLogWorker:Storage Directory /workdir/hadoop-ozone/ozonefs/target/test-dir/MiniOzoneClusterImpl-4dbb2fea-10be-4021-aaff-c3567f88023d/datanode-1/data/ratis/8b1f7478-7fb1-405c-b390-076f32837d91 for RaftStorage:Storage Directory /workdir/hadoop-ozone/ozonefs/target/test-dir/MiniOzoneClusterImpl-4dbb2fea-10be-4021-aaff-c3567f88023d/datanode-1/data/ratis/8b1f7478-7fb1-405c-b390-076f32837d91
2019-09-12 11:36:14,503 [pool-250-thread-1] INFO  server.RaftServerConfigKeys (ConfUtils.java:logGet(43)) - raft.server.log.queue.byte-limit = 2147483647 (custom)
2019-09-12 11:36:14,503 [pool-250-thread-1] INFO  server.RaftServerConfigKeys (ConfUtils.java:logGet(43)) - raft.server.log.queue.element-limit = 1024 (custom)
2019-09-12 11:36:14,504 [pool-250-thread-1] INFO  server.RaftServerConfigKeys (ConfUtils.java:logGet(43)) - raft.server.log.segment.size.max = 1048576 (custom)
2019-09-12 11:36:14,504 [pool-250-thread-1] INFO  server.RaftServerConfigKeys (ConfUtils.java:logGet(43)) - raft.server.log.preallocated.size = 16384 (custom)
2019-09-12 11:36:14,504 [pool-250-thread-1] INFO  server.RaftServerConfigKeys (ConfUtils.java:logGet(43)) - raft.server.log.write.buffer.size = 33554432 (custom)
2019-09-12 11:36:14,504 [pool-250-thread-1] INFO  server.RaftServerConfigKeys (ConfUtils.java:logGet(43)) - raft.server.log.force.sync.num = 128 (default)
2019-09-12 11:36:14,504 [pool-250-thread-1] INFO  server.RaftServerConfigKeys (ConfUtils.java:logGet(43)) - raft.server.log.statemachine.data.sync = true (default)
2019-09-12 11:36:14,504 [pool-250-thread-1] INFO  server.RaftServerConfigKeys (ConfUtils.java:logGet(43)) - raft.server.log.statemachine.data.sync.timeout = 10s (default)
2019-09-12 11:36:14,504 [pool-250-thread-1] INFO  server.RaftServerConfigKeys (ConfUtils.java:logGet(43)) - raft.server.log.statemachine.data.sync.timeout.retry = -1 (default)
2019-09-12 11:36:14,504 [pool-250-thread-1] INFO  server.RaftServerConfigKeys (ConfUtils.java:logGet(43)) - raft.server.log.statemachine.data.caching.enabled = true (custom)
2019-09-12 11:36:14,504 [pool-250-thread-1] INFO  segmented.SegmentedRaftLogWorker (SegmentedRaftLogWorker.java:lambda$new$0(132)) - 6188b700-e915-4d75-ae21-36a9719dfa93-SegmentedRaftLogWorker:Storage Directory /workdir/hadoop-ozone/ozonefs/target/test-dir/MiniOzoneClusterImpl-4dbb2fea-10be-4021-aaff-c3567f88023d/datanode-1/data/ratis/8b1f7478-7fb1-405c-b390-076f32837d91: flushIndex: setUnconditionally 0 -> -1
2019-09-12 11:36:14,505 [pool-250-thread-1] INFO  server.RaftServerConfigKeys (ConfUtils.java:logGet(43)) - raft.server.snapshot.auto.trigger.enabled = true (custom)
2019-09-12 11:36:14,505 [pool-250-thread-1] INFO  server.RaftServerConfigKeys (ConfUtils.java:logGet(43)) - raft.server.snapshot.auto.trigger.threshold = 10000 (custom)
2019-09-12 11:36:14,505 [pool-250-thread-1] INFO  server.RaftServerConfigKeys (ConfUtils.java:logGet(43)) - raft.server.retrycache.expirytime = 600000ms (custom)
2019-09-12 11:36:14,505 [pool-250-thread-1] INFO  impl.RaftServerImpl (RaftServerImpl.java:start(180)) - 6188b700-e915-4d75-ae21-36a9719dfa93: start group-076F32837D91
2019-09-12 11:36:14,505 [pool-250-thread-1] INFO  impl.RaftServerImpl (RaftServerImpl.java:setRole(171)) - 6188b700-e915-4d75-ae21-36a9719dfa93:group-076F32837D91 changes role from null to FOLLOWER at term 0 for startAsFollower
2019-09-12 11:36:14,505 [pool-250-thread-1] INFO  impl.RoleInfo (RoleInfo.java:updateAndGet(143)) - 6188b700-e915-4d75-ae21-36a9719dfa93: start FollowerState
2019-09-12 11:36:14,506 [pool-250-thread-1] INFO  util.JmxRegister (JmxRegister.java:tryRegister(44)) - Successfully registered JMX Bean with object name Ratis:service=RaftServer,group=group-076F32837D91,id=6188b700-e915-4d75-ae21-36a9719dfa93
2019-09-12 11:36:14,508 [RatisPipelineUtilsThread] INFO  pipeline.PipelineStateManager (PipelineStateManager.java:addPipeline(56)) - Created pipeline Pipeline[ Id: 8b1f7478-7fb1-405c-b390-076f32837d91, Nodes: 6188b700-e915-4d75-ae21-36a9719dfa93{ip: 192.168.36.114, host: pr-hdds-1569-58hkm-1881083799, networkLocation: /default-rack, certSerialId: null}, Type:RATIS, Factor:ONE, State:OPEN]
2019-09-12 11:36:14,508 [RatisPipelineUtilsThread] ERROR pipeline.PipelinePlacementPolicy (PipelinePlacementPolicy.java:meetCriteria(92)) - Pipeline Placement: Doesn't meet the criteria to be viable node. Heaviness: 6
2019-09-12 11:36:14,509 [RatisPipelineUtilsThread] ERROR pipeline.PipelinePlacementPolicy (PipelinePlacementPolicy.java:meetCriteria(92)) - Pipeline Placement: Doesn't meet the criteria to be viable node. Heaviness: 6
2019-09-12 11:36:14,517 [grpc-default-executor-0] INFO  impl.RaftServerProxy (RaftServerProxy.java:addNew(89)) - 7b2637ea-ef1f-4282-b770-2a49c6d41191: addNew group-2BECCC03C664:[7b2637ea-ef1f-4282-b770-2a49c6d41191:192.168.36.114:44199] returns group-2BECCC03C664:java.util.concurrent.CompletableFuture@1efb5fe7[Not completed]
2019-09-12 11:36:14,518 [pool-261-thread-1] INFO  impl.RaftServerImpl (RaftServerImpl.java:<init>(93)) - 7b2637ea-ef1f-4282-b770-2a49c6d41191: new RaftServerImpl for group-2BECCC03C664:[7b2637ea-ef1f-4282-b770-2a49c6d41191:192.168.36.114:44199] with ContainerStateMachine:uninitialized
2019-09-12 11:36:14,518 [pool-261-thread-1] INFO  server.RaftServerConfigKeys (ConfUtils.java:logGet(43)) - raft.server.rpc.timeout.min = 5s (custom)
2019-09-12 11:36:14,518 [pool-261-thread-1] INFO  server.RaftServerConfigKeys (ConfUtils.java:logGet(43)) - raft.server.rpc.timeout.max = 5200ms (custom)
2019-09-12 11:36:14,518 [pool-261-thread-1] INFO  server.RaftServerConfigKeys (ConfUtils.java:logGet(43)) - raft.server.rpcslowness.timeout = 120s (custom)
2019-09-12 11:36:14,518 [pool-261-thread-1] INFO  server.RaftServerConfigKeys (ConfUtils.java:logGet(43)) - raft.server.sleep.deviation.threshold = 300 (default)
2019-09-12 11:36:14,519 [pool-261-thread-1] INFO  server.RaftServerConfigKeys (ConfUtils.java:logGet(43)) - raft.server.log.appender.install.snapshot.enabled = false (custom)
2019-09-12 11:36:14,519 [pool-261-thread-1] INFO  impl.RaftServerImpl (ServerState.java:<init>(105)) - 7b2637ea-ef1f-4282-b770-2a49c6d41191:group-2BECCC03C664 ConfigurationManager, init=-1: [7b2637ea-ef1f-4282-b770-2a49c6d41191:192.168.36.114:44199], old=null, confs=<EMPTY_MAP>
2019-09-12 11:36:14,519 [pool-261-thread-1] INFO  server.RaftServerConfigKeys (ConfUtils.java:logGet(43)) - raft.server.storage.dir = [/workdir/hadoop-ozone/ozonefs/target/test-dir/MiniOzoneClusterImpl-4dbb2fea-10be-4021-aaff-c3567f88023d/datanode-2/data/ratis] (custom)
2019-09-12 11:36:14,519 [pool-261-thread-1] INFO  storage.RaftStorageDirectory (RaftStorageDirectory.java:analyzeStorage(246)) - The storage directory /workdir/hadoop-ozone/ozonefs/target/test-dir/MiniOzoneClusterImpl-4dbb2fea-10be-4021-aaff-c3567f88023d/datanode-2/data/ratis/557f142e-92ad-4a27-bee0-2beccc03c664 does not exist. Creating ...
2019-09-12 11:36:14,532 [pool-261-thread-1] INFO  storage.RaftStorageDirectory (RaftStorageDirectory.java:tryLock(328)) - Lock on /workdir/hadoop-ozone/ozonefs/target/test-dir/MiniOzoneClusterImpl-4dbb2fea-10be-4021-aaff-c3567f88023d/datanode-2/data/ratis/557f142e-92ad-4a27-bee0-2beccc03c664/in_use.lock acquired by nodename 26908@pr-hdds-1569-58hkm-1881083799
2019-09-12 11:36:14,544 [pool-261-thread-1] INFO  storage.RaftStorage (RaftStorage.java:format(72)) - Storage directory /workdir/hadoop-ozone/ozonefs/target/test-dir/MiniOzoneClusterImpl-4dbb2fea-10be-4021-aaff-c3567f88023d/datanode-2/data/ratis/557f142e-92ad-4a27-bee0-2beccc03c664 has been successfully formatted.
2019-09-12 11:36:14,545 [pool-261-thread-1] INFO  ratis.ContainerStateMachine (ContainerStateMachine.java:loadSnapshot(226)) - group-2BECCC03C664: The snapshot info is null. Setting the last applied indexto:(t:0, i:~)
2019-09-12 11:36:14,545 [pool-261-thread-1] INFO  server.RaftServerConfigKeys (ConfUtils.java:logGet(43)) - raft.server.leader.election.timeout = 120s (custom)
2019-09-12 11:36:14,545 [pool-261-thread-1] INFO  server.RaftServerConfigKeys (ConfUtils.java:logGet(43)) - raft.server.log.use.memory = false (default)
2019-09-12 11:36:14,545 [pool-261-thread-1] INFO  server.RaftServerConfigKeys (ConfUtils.java:logGet(43)) - raft.server.log.purge.gap = 1000000 (custom)
2019-09-12 11:36:14,545 [pool-261-thread-1] INFO  server.RaftServerConfigKeys (ConfUtils.java:logGet(43)) - raft.server.log.appender.buffer.byte-limit = 33554432 (custom)
2019-09-12 11:36:14,546 [pool-261-thread-1] INFO  server.RaftServerConfigKeys (ConfUtils.java:logGet(43)) - raft.server.log.segment.size.max = 1048576 (custom)
2019-09-12 11:36:14,546 [pool-261-thread-1] INFO  server.RaftServerConfigKeys (ConfUtils.java:logGet(43)) - raft.server.log.segment.cache.num.max = 2 (custom)
2019-09-12 11:36:14,546 [pool-261-thread-1] INFO  segmented.SegmentedRaftLogWorker (SegmentedRaftLogWorker.java:<init>(172)) - new 7b2637ea-ef1f-4282-b770-2a49c6d41191-SegmentedRaftLogWorker:Storage Directory /workdir/hadoop-ozone/ozonefs/target/test-dir/MiniOzoneClusterImpl-4dbb2fea-10be-4021-aaff-c3567f88023d/datanode-2/data/ratis/557f142e-92ad-4a27-bee0-2beccc03c664 for RaftStorage:Storage Directory /workdir/hadoop-ozone/ozonefs/target/test-dir/MiniOzoneClusterImpl-4dbb2fea-10be-4021-aaff-c3567f88023d/datanode-2/data/ratis/557f142e-92ad-4a27-bee0-2beccc03c664
2019-09-12 11:36:14,546 [pool-261-thread-1] INFO  server.RaftServerConfigKeys (ConfUtils.java:logGet(43)) - raft.server.log.queue.byte-limit = 2147483647 (custom)
2019-09-12 11:36:14,546 [pool-261-thread-1] INFO  server.RaftServerConfigKeys (ConfUtils.java:logGet(43)) - raft.server.log.queue.element-limit = 1024 (custom)
2019-09-12 11:36:14,547 [pool-261-thread-1] INFO  server.RaftServerConfigKeys (ConfUtils.java:logGet(43)) - raft.server.log.segment.size.max = 1048576 (custom)
2019-09-12 11:36:14,547 [pool-261-thread-1] INFO  server.RaftServerConfigKeys (ConfUtils.java:logGet(43)) - raft.server.log.preallocated.size = 16384 (custom)
2019-09-12 11:36:14,547 [pool-261-thread-1] INFO  server.RaftServerConfigKeys (ConfUtils.java:logGet(43)) - raft.server.log.write.buffer.size = 33554432 (custom)
2019-09-12 11:36:14,547 [pool-261-thread-1] INFO  server.RaftServerConfigKeys (ConfUtils.java:logGet(43)) - raft.server.log.force.sync.num = 128 (default)
2019-09-12 11:36:14,547 [pool-261-thread-1] INFO  server.RaftServerConfigKeys (ConfUtils.java:logGet(43)) - raft.server.log.statemachine.data.sync = true (default)
2019-09-12 11:36:14,547 [pool-261-thread-1] INFO  server.RaftServerConfigKeys (ConfUtils.java:logGet(43)) - raft.server.log.statemachine.data.sync.timeout = 10s (default)
2019-09-12 11:36:14,547 [pool-261-thread-1] INFO  server.RaftServerConfigKeys (ConfUtils.java:logGet(43)) - raft.server.log.statemachine.data.sync.timeout.retry = -1 (default)
2019-09-12 11:36:14,548 [pool-261-thread-1] INFO  server.RaftServerConfigKeys (ConfUtils.java:logGet(43)) - raft.server.log.statemachine.data.caching.enabled = true (custom)
2019-09-12 11:36:14,548 [pool-261-thread-1] INFO  segmented.SegmentedRaftLogWorker (SegmentedRaftLogWorker.java:lambda$new$0(132)) - 7b2637ea-ef1f-4282-b770-2a49c6d41191-SegmentedRaftLogWorker:Storage Directory /workdir/hadoop-ozone/ozonefs/target/test-dir/MiniOzoneClusterImpl-4dbb2fea-10be-4021-aaff-c3567f88023d/datanode-2/data/ratis/557f142e-92ad-4a27-bee0-2beccc03c664: flushIndex: setUnconditionally 0 -> -1
2019-09-12 11:36:14,548 [pool-261-thread-1] INFO  server.RaftServerConfigKeys (ConfUtils.java:logGet(43)) - raft.server.snapshot.auto.trigger.enabled = true (custom)
2019-09-12 11:36:14,548 [pool-261-thread-1] INFO  server.RaftServerConfigKeys (ConfUtils.java:logGet(43)) - raft.server.snapshot.auto.trigger.threshold = 10000 (custom)
2019-09-12 11:36:14,548 [pool-261-thread-1] INFO  server.RaftServerConfigKeys (ConfUtils.java:logGet(43)) - raft.server.retrycache.expirytime = 600000ms (custom)
2019-09-12 11:36:14,549 [pool-261-thread-1] INFO  impl.RaftServerImpl (RaftServerImpl.java:start(180)) - 7b2637ea-ef1f-4282-b770-2a49c6d41191: start group-2BECCC03C664
2019-09-12 11:36:14,549 [pool-261-thread-1] INFO  impl.RaftServerImpl (RaftServerImpl.java:setRole(171)) - 7b2637ea-ef1f-4282-b770-2a49c6d41191:group-2BECCC03C664 changes role from null to FOLLOWER at term 0 for startAsFollower
2019-09-12 11:36:14,549 [pool-261-thread-1] INFO  impl.RoleInfo (RoleInfo.java:updateAndGet(143)) - 7b2637ea-ef1f-4282-b770-2a49c6d41191: start FollowerState
2019-09-12 11:36:14,549 [pool-261-thread-1] INFO  util.JmxRegister (JmxRegister.java:tryRegister(44)) - Successfully registered JMX Bean with object name Ratis:service=RaftServer,group=group-2BECCC03C664,id=7b2637ea-ef1f-4282-b770-2a49c6d41191
2019-09-12 11:36:14,552 [RatisPipelineUtilsThread] INFO  pipeline.PipelineStateManager (PipelineStateManager.java:addPipeline(56)) - Created pipeline Pipeline[ Id: 557f142e-92ad-4a27-bee0-2beccc03c664, Nodes: 7b2637ea-ef1f-4282-b770-2a49c6d41191{ip: 192.168.36.114, host: pr-hdds-1569-58hkm-1881083799, networkLocation: /default-rack, certSerialId: null}, Type:RATIS, Factor:ONE, State:OPEN]
2019-09-12 11:36:14,552 [RatisPipelineUtilsThread] ERROR pipeline.PipelinePlacementPolicy (PipelinePlacementPolicy.java:meetCriteria(92)) - Pipeline Placement: Doesn't meet the criteria to be viable node. Heaviness: 6
2019-09-12 11:36:14,552 [RatisPipelineUtilsThread] ERROR pipeline.PipelinePlacementPolicy (PipelinePlacementPolicy.java:meetCriteria(92)) - Pipeline Placement: Doesn't meet the criteria to be viable node. Heaviness: 6
2019-09-12 11:36:14,559 [grpc-default-executor-0] INFO  impl.RaftServerProxy (RaftServerProxy.java:addNew(89)) - 7b2637ea-ef1f-4282-b770-2a49c6d41191: addNew group-A51656B7173A:[7b2637ea-ef1f-4282-b770-2a49c6d41191:192.168.36.114:44199] returns group-A51656B7173A:java.util.concurrent.CompletableFuture@fd7ccaf[Not completed]
2019-09-12 11:36:14,560 [pool-261-thread-1] INFO  impl.RaftServerImpl (RaftServerImpl.java:<init>(93)) - 7b2637ea-ef1f-4282-b770-2a49c6d41191: new RaftServerImpl for group-A51656B7173A:[7b2637ea-ef1f-4282-b770-2a49c6d41191:192.168.36.114:44199] with ContainerStateMachine:uninitialized
2019-09-12 11:36:14,560 [pool-261-thread-1] INFO  server.RaftServerConfigKeys (ConfUtils.java:logGet(43)) - raft.server.rpc.timeout.min = 5s (custom)
2019-09-12 11:36:14,560 [pool-261-thread-1] INFO  server.RaftServerConfigKeys (ConfUtils.java:logGet(43)) - raft.server.rpc.timeout.max = 5200ms (custom)
2019-09-12 11:36:14,560 [pool-261-thread-1] INFO  server.RaftServerConfigKeys (ConfUtils.java:logGet(43)) - raft.server.rpcslowness.timeout = 120s (custom)
2019-09-12 11:36:14,560 [pool-261-thread-1] INFO  server.RaftServerConfigKeys (ConfUtils.java:logGet(43)) - raft.server.sleep.deviation.threshold = 300 (default)
2019-09-12 11:36:14,560 [pool-261-thread-1] INFO  server.RaftServerConfigKeys (ConfUtils.java:logGet(43)) - raft.server.log.appender.install.snapshot.enabled = false (custom)
2019-09-12 11:36:14,560 [pool-261-thread-1] INFO  impl.RaftServerImpl (ServerState.java:<init>(105)) - 7b2637ea-ef1f-4282-b770-2a49c6d41191:group-A51656B7173A ConfigurationManager, init=-1: [7b2637ea-ef1f-4282-b770-2a49c6d41191:192.168.36.114:44199], old=null, confs=<EMPTY_MAP>
2019-09-12 11:36:14,561 [pool-261-thread-1] INFO  server.RaftServerConfigKeys (ConfUtils.java:logGet(43)) - raft.server.storage.dir = [/workdir/hadoop-ozone/ozonefs/target/test-dir/MiniOzoneClusterImpl-4dbb2fea-10be-4021-aaff-c3567f88023d/datanode-2/data/ratis] (custom)
2019-09-12 11:36:14,561 [pool-261-thread-1] INFO  storage.RaftStorageDirectory (RaftStorageDirectory.java:analyzeStorage(246)) - The storage directory /workdir/hadoop-ozone/ozonefs/target/test-dir/MiniOzoneClusterImpl-4dbb2fea-10be-4021-aaff-c3567f88023d/datanode-2/data/ratis/331c3ca4-a19d-4e4c-9329-a51656b7173a does not exist. Creating ...
2019-09-12 11:36:14,582 [pool-261-thread-1] INFO  storage.RaftStorageDirectory (RaftStorageDirectory.java:tryLock(328)) - Lock on /workdir/hadoop-ozone/ozonefs/target/test-dir/MiniOzoneClusterImpl-4dbb2fea-10be-4021-aaff-c3567f88023d/datanode-2/data/ratis/331c3ca4-a19d-4e4c-9329-a51656b7173a/in_use.lock acquired by nodename 26908@pr-hdds-1569-58hkm-1881083799
2019-09-12 11:36:14,594 [pool-261-thread-1] INFO  storage.RaftStorage (RaftStorage.java:format(72)) - Storage directory /workdir/hadoop-ozone/ozonefs/target/test-dir/MiniOzoneClusterImpl-4dbb2fea-10be-4021-aaff-c3567f88023d/datanode-2/data/ratis/331c3ca4-a19d-4e4c-9329-a51656b7173a has been successfully formatted.
2019-09-12 11:36:14,595 [pool-261-thread-1] INFO  ratis.ContainerStateMachine (ContainerStateMachine.java:loadSnapshot(226)) - group-A51656B7173A: The snapshot info is null. Setting the last applied indexto:(t:0, i:~)
2019-09-12 11:36:14,595 [pool-261-thread-1] INFO  server.RaftServerConfigKeys (ConfUtils.java:logGet(43)) - raft.server.leader.election.timeout = 120s (custom)
2019-09-12 11:36:14,595 [pool-261-thread-1] INFO  server.RaftServerConfigKeys (ConfUtils.java:logGet(43)) - raft.server.log.use.memory = false (default)
2019-09-12 11:36:14,595 [pool-261-thread-1] INFO  server.RaftServerConfigKeys (ConfUtils.java:logGet(43)) - raft.server.log.purge.gap = 1000000 (custom)
2019-09-12 11:36:14,595 [pool-261-thread-1] INFO  server.RaftServerConfigKeys (ConfUtils.java:logGet(43)) - raft.server.log.appender.buffer.byte-limit = 33554432 (custom)
2019-09-12 11:36:14,595 [pool-261-thread-1] INFO  server.RaftServerConfigKeys (ConfUtils.java:logGet(43)) - raft.server.log.segment.size.max = 1048576 (custom)
2019-09-12 11:36:14,595 [pool-261-thread-1] INFO  server.RaftServerConfigKeys (ConfUtils.java:logGet(43)) - raft.server.log.segment.cache.num.max = 2 (custom)
2019-09-12 11:36:14,595 [pool-261-thread-1] INFO  segmented.SegmentedRaftLogWorker (SegmentedRaftLogWorker.java:<init>(172)) - new 7b2637ea-ef1f-4282-b770-2a49c6d41191-SegmentedRaftLogWorker:Storage Directory /workdir/hadoop-ozone/ozonefs/target/test-dir/MiniOzoneClusterImpl-4dbb2fea-10be-4021-aaff-c3567f88023d/datanode-2/data/ratis/331c3ca4-a19d-4e4c-9329-a51656b7173a for RaftStorage:Storage Directory /workdir/hadoop-ozone/ozonefs/target/test-dir/MiniOzoneClusterImpl-4dbb2fea-10be-4021-aaff-c3567f88023d/datanode-2/data/ratis/331c3ca4-a19d-4e4c-9329-a51656b7173a
2019-09-12 11:36:14,595 [pool-261-thread-1] INFO  server.RaftServerConfigKeys (ConfUtils.java:logGet(43)) - raft.server.log.queue.byte-limit = 2147483647 (custom)
2019-09-12 11:36:14,595 [pool-261-thread-1] INFO  server.RaftServerConfigKeys (ConfUtils.java:logGet(43)) - raft.server.log.queue.element-limit = 1024 (custom)
2019-09-12 11:36:14,595 [pool-261-thread-1] INFO  server.RaftServerConfigKeys (ConfUtils.java:logGet(43)) - raft.server.log.segment.size.max = 1048576 (custom)
2019-09-12 11:36:14,596 [pool-261-thread-1] INFO  server.RaftServerConfigKeys (ConfUtils.java:logGet(43)) - raft.server.log.preallocated.size = 16384 (custom)
2019-09-12 11:36:14,596 [pool-261-thread-1] INFO  server.RaftServerConfigKeys (ConfUtils.java:logGet(43)) - raft.server.log.write.buffer.size = 33554432 (custom)
2019-09-12 11:36:14,596 [pool-261-thread-1] INFO  server.RaftServerConfigKeys (ConfUtils.java:logGet(43)) - raft.server.log.force.sync.num = 128 (default)
2019-09-12 11:36:14,596 [pool-261-thread-1] INFO  server.RaftServerConfigKeys (ConfUtils.java:logGet(43)) - raft.server.log.statemachine.data.sync = true (default)
2019-09-12 11:36:14,596 [pool-261-thread-1] INFO  server.RaftServerConfigKeys (ConfUtils.java:logGet(43)) - raft.server.log.statemachine.data.sync.timeout = 10s (default)
2019-09-12 11:36:14,596 [pool-261-thread-1] INFO  server.RaftServerConfigKeys (ConfUtils.java:logGet(43)) - raft.server.log.statemachine.data.sync.timeout.retry = -1 (default)
2019-09-12 11:36:14,596 [pool-261-thread-1] INFO  server.RaftServerConfigKeys (ConfUtils.java:logGet(43)) - raft.server.log.statemachine.data.caching.enabled = true (custom)
2019-09-12 11:36:14,596 [pool-261-thread-1] INFO  segmented.SegmentedRaftLogWorker (SegmentedRaftLogWorker.java:lambda$new$0(132)) - 7b2637ea-ef1f-4282-b770-2a49c6d41191-SegmentedRaftLogWorker:Storage Directory /workdir/hadoop-ozone/ozonefs/target/test-dir/MiniOzoneClusterImpl-4dbb2fea-10be-4021-aaff-c3567f88023d/datanode-2/data/ratis/331c3ca4-a19d-4e4c-9329-a51656b7173a: flushIndex: setUnconditionally 0 -> -1
2019-09-12 11:36:14,597 [pool-261-thread-1] INFO  server.RaftServerConfigKeys (ConfUtils.java:logGet(43)) - raft.server.snapshot.auto.trigger.enabled = true (custom)
2019-09-12 11:36:14,597 [pool-261-thread-1] INFO  server.RaftServerConfigKeys (ConfUtils.java:logGet(43)) - raft.server.snapshot.auto.trigger.threshold = 10000 (custom)
2019-09-12 11:36:14,597 [pool-261-thread-1] INFO  server.RaftServerConfigKeys (ConfUtils.java:logGet(43)) - raft.server.retrycache.expirytime = 600000ms (custom)
2019-09-12 11:36:14,597 [pool-261-thread-1] INFO  impl.RaftServerImpl (RaftServerImpl.java:start(180)) - 7b2637ea-ef1f-4282-b770-2a49c6d41191: start group-A51656B7173A
2019-09-12 11:36:14,597 [pool-261-thread-1] INFO  impl.RaftServerImpl (RaftServerImpl.java:setRole(171)) - 7b2637ea-ef1f-4282-b770-2a49c6d41191:group-A51656B7173A changes role from null to FOLLOWER at term 0 for startAsFollower
2019-09-12 11:36:14,597 [pool-261-thread-1] INFO  impl.RoleInfo (RoleInfo.java:updateAndGet(143)) - 7b2637ea-ef1f-4282-b770-2a49c6d41191: start FollowerState
2019-09-12 11:36:14,597 [pool-261-thread-1] INFO  util.JmxRegister (JmxRegister.java:tryRegister(44)) - Successfully registered JMX Bean with object name Ratis:service=RaftServer,group=group-A51656B7173A,id=7b2637ea-ef1f-4282-b770-2a49c6d41191
2019-09-12 11:36:14,600 [RatisPipelineUtilsThread] INFO  pipeline.PipelineStateManager (PipelineStateManager.java:addPipeline(56)) - Created pipeline Pipeline[ Id: 331c3ca4-a19d-4e4c-9329-a51656b7173a, Nodes: 7b2637ea-ef1f-4282-b770-2a49c6d41191{ip: 192.168.36.114, host: pr-hdds-1569-58hkm-1881083799, networkLocation: /default-rack, certSerialId: null}, Type:RATIS, Factor:ONE, State:OPEN]
2019-09-12 11:36:14,600 [RatisPipelineUtilsThread] ERROR pipeline.PipelinePlacementPolicy (PipelinePlacementPolicy.java:meetCriteria(92)) - Pipeline Placement: Doesn't meet the criteria to be viable node. Heaviness: 6
2019-09-12 11:36:14,601 [RatisPipelineUtilsThread] ERROR pipeline.PipelinePlacementPolicy (PipelinePlacementPolicy.java:meetCriteria(92)) - Pipeline Placement: Doesn't meet the criteria to be viable node. Heaviness: 6
2019-09-12 11:36:14,606 [grpc-default-executor-0] INFO  impl.RaftServerProxy (RaftServerProxy.java:addNew(89)) - 7b2637ea-ef1f-4282-b770-2a49c6d41191: addNew group-7EB56F7081C1:[7b2637ea-ef1f-4282-b770-2a49c6d41191:192.168.36.114:44199] returns group-7EB56F7081C1:java.util.concurrent.CompletableFuture@c6e6399[Not completed]
2019-09-12 11:36:14,606 [pool-261-thread-1] INFO  impl.RaftServerImpl (RaftServerImpl.java:<init>(93)) - 7b2637ea-ef1f-4282-b770-2a49c6d41191: new RaftServerImpl for group-7EB56F7081C1:[7b2637ea-ef1f-4282-b770-2a49c6d41191:192.168.36.114:44199] with ContainerStateMachine:uninitialized
2019-09-12 11:36:14,607 [pool-261-thread-1] INFO  server.RaftServerConfigKeys (ConfUtils.java:logGet(43)) - raft.server.rpc.timeout.min = 5s (custom)
2019-09-12 11:36:14,607 [pool-261-thread-1] INFO  server.RaftServerConfigKeys (ConfUtils.java:logGet(43)) - raft.server.rpc.timeout.max = 5200ms (custom)
2019-09-12 11:36:14,607 [pool-261-thread-1] INFO  server.RaftServerConfigKeys (ConfUtils.java:logGet(43)) - raft.server.rpcslowness.timeout = 120s (custom)
2019-09-12 11:36:14,607 [pool-261-thread-1] INFO  server.RaftServerConfigKeys (ConfUtils.java:logGet(43)) - raft.server.sleep.deviation.threshold = 300 (default)
2019-09-12 11:36:14,607 [pool-261-thread-1] INFO  server.RaftServerConfigKeys (ConfUtils.java:logGet(43)) - raft.server.log.appender.install.snapshot.enabled = false (custom)
2019-09-12 11:36:14,607 [pool-261-thread-1] INFO  impl.RaftServerImpl (ServerState.java:<init>(105)) - 7b2637ea-ef1f-4282-b770-2a49c6d41191:group-7EB56F7081C1 ConfigurationManager, init=-1: [7b2637ea-ef1f-4282-b770-2a49c6d41191:192.168.36.114:44199], old=null, confs=<EMPTY_MAP>
2019-09-12 11:36:14,607 [pool-261-thread-1] INFO  server.RaftServerConfigKeys (ConfUtils.java:logGet(43)) - raft.server.storage.dir = [/workdir/hadoop-ozone/ozonefs/target/test-dir/MiniOzoneClusterImpl-4dbb2fea-10be-4021-aaff-c3567f88023d/datanode-2/data/ratis] (custom)
2019-09-12 11:36:14,607 [pool-261-thread-1] INFO  storage.RaftStorageDirectory (RaftStorageDirectory.java:analyzeStorage(246)) - The storage directory /workdir/hadoop-ozone/ozonefs/target/test-dir/MiniOzoneClusterImpl-4dbb2fea-10be-4021-aaff-c3567f88023d/datanode-2/data/ratis/a8640d71-0d06-4129-b5e2-7eb56f7081c1 does not exist. Creating ...
2019-09-12 11:36:14,620 [pool-261-thread-1] INFO  storage.RaftStorageDirectory (RaftStorageDirectory.java:tryLock(328)) - Lock on /workdir/hadoop-ozone/ozonefs/target/test-dir/MiniOzoneClusterImpl-4dbb2fea-10be-4021-aaff-c3567f88023d/datanode-2/data/ratis/a8640d71-0d06-4129-b5e2-7eb56f7081c1/in_use.lock acquired by nodename 26908@pr-hdds-1569-58hkm-1881083799
2019-09-12 11:36:14,632 [pool-261-thread-1] INFO  storage.RaftStorage (RaftStorage.java:format(72)) - Storage directory /workdir/hadoop-ozone/ozonefs/target/test-dir/MiniOzoneClusterImpl-4dbb2fea-10be-4021-aaff-c3567f88023d/datanode-2/data/ratis/a8640d71-0d06-4129-b5e2-7eb56f7081c1 has been successfully formatted.
2019-09-12 11:36:14,632 [pool-261-thread-1] INFO  ratis.ContainerStateMachine (ContainerStateMachine.java:loadSnapshot(226)) - group-7EB56F7081C1: The snapshot info is null. Setting the last applied indexto:(t:0, i:~)
2019-09-12 11:36:14,632 [pool-261-thread-1] INFO  server.RaftServerConfigKeys (ConfUtils.java:logGet(43)) - raft.server.leader.election.timeout = 120s (custom)
2019-09-12 11:36:14,632 [pool-261-thread-1] INFO  server.RaftServerConfigKeys (ConfUtils.java:logGet(43)) - raft.server.log.use.memory = false (default)
2019-09-12 11:36:14,632 [pool-261-thread-1] INFO  server.RaftServerConfigKeys (ConfUtils.java:logGet(43)) - raft.server.log.purge.gap = 1000000 (custom)
2019-09-12 11:36:14,633 [pool-261-thread-1] INFO  server.RaftServerConfigKeys (ConfUtils.java:logGet(43)) - raft.server.log.appender.buffer.byte-limit = 33554432 (custom)
2019-09-12 11:36:14,633 [pool-261-thread-1] INFO  server.RaftServerConfigKeys (ConfUtils.java:logGet(43)) - raft.server.log.segment.size.max = 1048576 (custom)
2019-09-12 11:36:14,633 [pool-261-thread-1] INFO  server.RaftServerConfigKeys (ConfUtils.java:logGet(43)) - raft.server.log.segment.cache.num.max = 2 (custom)
2019-09-12 11:36:14,633 [pool-261-thread-1] INFO  segmented.SegmentedRaftLogWorker (SegmentedRaftLogWorker.java:<init>(172)) - new 7b2637ea-ef1f-4282-b770-2a49c6d41191-SegmentedRaftLogWorker:Storage Directory /workdir/hadoop-ozone/ozonefs/target/test-dir/MiniOzoneClusterImpl-4dbb2fea-10be-4021-aaff-c3567f88023d/datanode-2/data/ratis/a8640d71-0d06-4129-b5e2-7eb56f7081c1 for RaftStorage:Storage Directory /workdir/hadoop-ozone/ozonefs/target/test-dir/MiniOzoneClusterImpl-4dbb2fea-10be-4021-aaff-c3567f88023d/datanode-2/data/ratis/a8640d71-0d06-4129-b5e2-7eb56f7081c1
2019-09-12 11:36:14,633 [pool-261-thread-1] INFO  server.RaftServerConfigKeys (ConfUtils.java:logGet(43)) - raft.server.log.queue.byte-limit = 2147483647 (custom)
2019-09-12 11:36:14,633 [pool-261-thread-1] INFO  server.RaftServerConfigKeys (ConfUtils.java:logGet(43)) - raft.server.log.queue.element-limit = 1024 (custom)
2019-09-12 11:36:14,633 [pool-261-thread-1] INFO  server.RaftServerConfigKeys (ConfUtils.java:logGet(43)) - raft.server.log.segment.size.max = 1048576 (custom)
2019-09-12 11:36:14,633 [pool-261-thread-1] INFO  server.RaftServerConfigKeys (ConfUtils.java:logGet(43)) - raft.server.log.preallocated.size = 16384 (custom)
2019-09-12 11:36:14,633 [pool-261-thread-1] INFO  server.RaftServerConfigKeys (ConfUtils.java:logGet(43)) - raft.server.log.write.buffer.size = 33554432 (custom)
2019-09-12 11:36:14,633 [pool-261-thread-1] INFO  server.RaftServerConfigKeys (ConfUtils.java:logGet(43)) - raft.server.log.force.sync.num = 128 (default)
2019-09-12 11:36:14,634 [pool-261-thread-1] INFO  server.RaftServerConfigKeys (ConfUtils.java:logGet(43)) - raft.server.log.statemachine.data.sync = true (default)
2019-09-12 11:36:14,634 [pool-261-thread-1] INFO  server.RaftServerConfigKeys (ConfUtils.java:logGet(43)) - raft.server.log.statemachine.data.sync.timeout = 10s (default)
2019-09-12 11:36:14,634 [pool-261-thread-1] INFO  server.RaftServerConfigKeys (ConfUtils.java:logGet(43)) - raft.server.log.statemachine.data.sync.timeout.retry = -1 (default)
2019-09-12 11:36:14,634 [pool-261-thread-1] INFO  server.RaftServerConfigKeys (ConfUtils.java:logGet(43)) - raft.server.log.statemachine.data.caching.enabled = true (custom)
2019-09-12 11:36:14,634 [pool-261-thread-1] INFO  segmented.SegmentedRaftLogWorker (SegmentedRaftLogWorker.java:lambda$new$0(132)) - 7b2637ea-ef1f-4282-b770-2a49c6d41191-SegmentedRaftLogWorker:Storage Directory /workdir/hadoop-ozone/ozonefs/target/test-dir/MiniOzoneClusterImpl-4dbb2fea-10be-4021-aaff-c3567f88023d/datanode-2/data/ratis/a8640d71-0d06-4129-b5e2-7eb56f7081c1: flushIndex: setUnconditionally 0 -> -1
2019-09-12 11:36:14,634 [pool-261-thread-1] INFO  server.RaftServerConfigKeys (ConfUtils.java:logGet(43)) - raft.server.snapshot.auto.trigger.enabled = true (custom)
2019-09-12 11:36:14,634 [pool-261-thread-1] INFO  server.RaftServerConfigKeys (ConfUtils.java:logGet(43)) - raft.server.snapshot.auto.trigger.threshold = 10000 (custom)
2019-09-12 11:36:14,634 [pool-261-thread-1] INFO  server.RaftServerConfigKeys (ConfUtils.java:logGet(43)) - raft.server.retrycache.expirytime = 600000ms (custom)
2019-09-12 11:36:14,635 [pool-261-thread-1] INFO  impl.RaftServerImpl (RaftServerImpl.java:start(180)) - 7b2637ea-ef1f-4282-b770-2a49c6d41191: start group-7EB56F7081C1
2019-09-12 11:36:14,635 [pool-261-thread-1] INFO  impl.RaftServerImpl (RaftServerImpl.java:setRole(171)) - 7b2637ea-ef1f-4282-b770-2a49c6d41191:group-7EB56F7081C1 changes role from null to FOLLOWER at term 0 for startAsFollower
2019-09-12 11:36:14,635 [pool-261-thread-1] INFO  impl.RoleInfo (RoleInfo.java:updateAndGet(143)) - 7b2637ea-ef1f-4282-b770-2a49c6d41191: start FollowerState
2019-09-12 11:36:14,635 [pool-261-thread-1] INFO  util.JmxRegister (JmxRegister.java:tryRegister(44)) - Successfully registered JMX Bean with object name Ratis:service=RaftServer,group=group-7EB56F7081C1,id=7b2637ea-ef1f-4282-b770-2a49c6d41191
2019-09-12 11:36:14,638 [RatisPipelineUtilsThread] INFO  pipeline.PipelineStateManager (PipelineStateManager.java:addPipeline(56)) - Created pipeline Pipeline[ Id: a8640d71-0d06-4129-b5e2-7eb56f7081c1, Nodes: 7b2637ea-ef1f-4282-b770-2a49c6d41191{ip: 192.168.36.114, host: pr-hdds-1569-58hkm-1881083799, networkLocation: /default-rack, certSerialId: null}, Type:RATIS, Factor:ONE, State:OPEN]
2019-09-12 11:36:14,638 [RatisPipelineUtilsThread] ERROR pipeline.PipelinePlacementPolicy (PipelinePlacementPolicy.java:meetCriteria(92)) - Pipeline Placement: Doesn't meet the criteria to be viable node. Heaviness: 6
2019-09-12 11:36:14,638 [RatisPipelineUtilsThread] ERROR pipeline.PipelinePlacementPolicy (PipelinePlacementPolicy.java:meetCriteria(92)) - Pipeline Placement: Doesn't meet the criteria to be viable node. Heaviness: 6
2019-09-12 11:36:14,643 [grpc-default-executor-0] INFO  impl.RaftServerProxy (RaftServerProxy.java:addNew(89)) - 7b2637ea-ef1f-4282-b770-2a49c6d41191: addNew group-98BE4504D874:[7b2637ea-ef1f-4282-b770-2a49c6d41191:192.168.36.114:44199] returns group-98BE4504D874:java.util.concurrent.CompletableFuture@3d0924c0[Not completed]
2019-09-12 11:36:14,644 [pool-261-thread-1] INFO  impl.RaftServerImpl (RaftServerImpl.java:<init>(93)) - 7b2637ea-ef1f-4282-b770-2a49c6d41191: new RaftServerImpl for group-98BE4504D874:[7b2637ea-ef1f-4282-b770-2a49c6d41191:192.168.36.114:44199] with ContainerStateMachine:uninitialized
2019-09-12 11:36:14,644 [pool-261-thread-1] INFO  server.RaftServerConfigKeys (ConfUtils.java:logGet(43)) - raft.server.rpc.timeout.min = 5s (custom)
2019-09-12 11:36:14,644 [pool-261-thread-1] INFO  server.RaftServerConfigKeys (ConfUtils.java:logGet(43)) - raft.server.rpc.timeout.max = 5200ms (custom)
2019-09-12 11:36:14,644 [pool-261-thread-1] INFO  server.RaftServerConfigKeys (ConfUtils.java:logGet(43)) - raft.server.rpcslowness.timeout = 120s (custom)
2019-09-12 11:36:14,644 [pool-261-thread-1] INFO  server.RaftServerConfigKeys (ConfUtils.java:logGet(43)) - raft.server.sleep.deviation.threshold = 300 (default)
2019-09-12 11:36:14,644 [pool-261-thread-1] INFO  server.RaftServerConfigKeys (ConfUtils.java:logGet(43)) - raft.server.log.appender.install.snapshot.enabled = false (custom)
2019-09-12 11:36:14,644 [pool-261-thread-1] INFO  impl.RaftServerImpl (ServerState.java:<init>(105)) - 7b2637ea-ef1f-4282-b770-2a49c6d41191:group-98BE4504D874 ConfigurationManager, init=-1: [7b2637ea-ef1f-4282-b770-2a49c6d41191:192.168.36.114:44199], old=null, confs=<EMPTY_MAP>
2019-09-12 11:36:14,645 [pool-261-thread-1] INFO  server.RaftServerConfigKeys (ConfUtils.java:logGet(43)) - raft.server.storage.dir = [/workdir/hadoop-ozone/ozonefs/target/test-dir/MiniOzoneClusterImpl-4dbb2fea-10be-4021-aaff-c3567f88023d/datanode-2/data/ratis] (custom)
2019-09-12 11:36:14,645 [pool-261-thread-1] INFO  storage.RaftStorageDirectory (RaftStorageDirectory.java:analyzeStorage(246)) - The storage directory /workdir/hadoop-ozone/ozonefs/target/test-dir/MiniOzoneClusterImpl-4dbb2fea-10be-4021-aaff-c3567f88023d/datanode-2/data/ratis/24230592-bd0e-468c-8ff6-98be4504d874 does not exist. Creating ...
2019-09-12 11:36:14,657 [pool-261-thread-1] INFO  storage.RaftStorageDirectory (RaftStorageDirectory.java:tryLock(328)) - Lock on /workdir/hadoop-ozone/ozonefs/target/test-dir/MiniOzoneClusterImpl-4dbb2fea-10be-4021-aaff-c3567f88023d/datanode-2/data/ratis/24230592-bd0e-468c-8ff6-98be4504d874/in_use.lock acquired by nodename 26908@pr-hdds-1569-58hkm-1881083799
2019-09-12 11:36:14,670 [pool-261-thread-1] INFO  storage.RaftStorage (RaftStorage.java:format(72)) - Storage directory /workdir/hadoop-ozone/ozonefs/target/test-dir/MiniOzoneClusterImpl-4dbb2fea-10be-4021-aaff-c3567f88023d/datanode-2/data/ratis/24230592-bd0e-468c-8ff6-98be4504d874 has been successfully formatted.
2019-09-12 11:36:14,670 [pool-261-thread-1] INFO  ratis.ContainerStateMachine (ContainerStateMachine.java:loadSnapshot(226)) - group-98BE4504D874: The snapshot info is null. Setting the last applied indexto:(t:0, i:~)
2019-09-12 11:36:14,670 [pool-261-thread-1] INFO  server.RaftServerConfigKeys (ConfUtils.java:logGet(43)) - raft.server.leader.election.timeout = 120s (custom)
2019-09-12 11:36:14,670 [pool-261-thread-1] INFO  server.RaftServerConfigKeys (ConfUtils.java:logGet(43)) - raft.server.log.use.memory = false (default)
2019-09-12 11:36:14,670 [pool-261-thread-1] INFO  server.RaftServerConfigKeys (ConfUtils.java:logGet(43)) - raft.server.log.purge.gap = 1000000 (custom)
2019-09-12 11:36:14,670 [pool-261-thread-1] INFO  server.RaftServerConfigKeys (ConfUtils.java:logGet(43)) - raft.server.log.appender.buffer.byte-limit = 33554432 (custom)
2019-09-12 11:36:14,670 [pool-261-thread-1] INFO  server.RaftServerConfigKeys (ConfUtils.java:logGet(43)) - raft.server.log.segment.size.max = 1048576 (custom)
2019-09-12 11:36:14,671 [pool-261-thread-1] INFO  server.RaftServerConfigKeys (ConfUtils.java:logGet(43)) - raft.server.log.segment.cache.num.max = 2 (custom)
2019-09-12 11:36:14,671 [pool-261-thread-1] INFO  segmented.SegmentedRaftLogWorker (SegmentedRaftLogWorker.java:<init>(172)) - new 7b2637ea-ef1f-4282-b770-2a49c6d41191-SegmentedRaftLogWorker:Storage Directory /workdir/hadoop-ozone/ozonefs/target/test-dir/MiniOzoneClusterImpl-4dbb2fea-10be-4021-aaff-c3567f88023d/datanode-2/data/ratis/24230592-bd0e-468c-8ff6-98be4504d874 for RaftStorage:Storage Directory /workdir/hadoop-ozone/ozonefs/target/test-dir/MiniOzoneClusterImpl-4dbb2fea-10be-4021-aaff-c3567f88023d/datanode-2/data/ratis/24230592-bd0e-468c-8ff6-98be4504d874
2019-09-12 11:36:14,671 [pool-261-thread-1] INFO  server.RaftServerConfigKeys (ConfUtils.java:logGet(43)) - raft.server.log.queue.byte-limit = 2147483647 (custom)
2019-09-12 11:36:14,671 [pool-261-thread-1] INFO  server.RaftServerConfigKeys (ConfUtils.java:logGet(43)) - raft.server.log.queue.element-limit = 1024 (custom)
2019-09-12 11:36:14,671 [pool-261-thread-1] INFO  server.RaftServerConfigKeys (ConfUtils.java:logGet(43)) - raft.server.log.segment.size.max = 1048576 (custom)
2019-09-12 11:36:14,671 [pool-261-thread-1] INFO  server.RaftServerConfigKeys (ConfUtils.java:logGet(43)) - raft.server.log.preallocated.size = 16384 (custom)
2019-09-12 11:36:14,671 [pool-261-thread-1] INFO  server.RaftServerConfigKeys (ConfUtils.java:logGet(43)) - raft.server.log.write.buffer.size = 33554432 (custom)
2019-09-12 11:36:14,671 [pool-261-thread-1] INFO  server.RaftServerConfigKeys (ConfUtils.java:logGet(43)) - raft.server.log.force.sync.num = 128 (default)
2019-09-12 11:36:14,671 [pool-261-thread-1] INFO  server.RaftServerConfigKeys (ConfUtils.java:logGet(43)) - raft.server.log.statemachine.data.sync = true (default)
2019-09-12 11:36:14,671 [pool-261-thread-1] INFO  server.RaftServerConfigKeys (ConfUtils.java:logGet(43)) - raft.server.log.statemachine.data.sync.timeout = 10s (default)
2019-09-12 11:36:14,671 [pool-261-thread-1] INFO  server.RaftServerConfigKeys (ConfUtils.java:logGet(43)) - raft.server.log.statemachine.data.sync.timeout.retry = -1 (default)
2019-09-12 11:36:14,672 [pool-261-thread-1] INFO  server.RaftServerConfigKeys (ConfUtils.java:logGet(43)) - raft.server.log.statemachine.data.caching.enabled = true (custom)
2019-09-12 11:36:14,672 [pool-261-thread-1] INFO  segmented.SegmentedRaftLogWorker (SegmentedRaftLogWorker.java:lambda$new$0(132)) - 7b2637ea-ef1f-4282-b770-2a49c6d41191-SegmentedRaftLogWorker:Storage Directory /workdir/hadoop-ozone/ozonefs/target/test-dir/MiniOzoneClusterImpl-4dbb2fea-10be-4021-aaff-c3567f88023d/datanode-2/data/ratis/24230592-bd0e-468c-8ff6-98be4504d874: flushIndex: setUnconditionally 0 -> -1
2019-09-12 11:36:14,672 [pool-261-thread-1] INFO  server.RaftServerConfigKeys (ConfUtils.java:logGet(43)) - raft.server.snapshot.auto.trigger.enabled = true (custom)
2019-09-12 11:36:14,672 [pool-261-thread-1] INFO  server.RaftServerConfigKeys (ConfUtils.java:logGet(43)) - raft.server.snapshot.auto.trigger.threshold = 10000 (custom)
2019-09-12 11:36:14,672 [pool-261-thread-1] INFO  server.RaftServerConfigKeys (ConfUtils.java:logGet(43)) - raft.server.retrycache.expirytime = 600000ms (custom)
2019-09-12 11:36:14,672 [pool-261-thread-1] INFO  impl.RaftServerImpl (RaftServerImpl.java:start(180)) - 7b2637ea-ef1f-4282-b770-2a49c6d41191: start group-98BE4504D874
2019-09-12 11:36:14,673 [pool-261-thread-1] INFO  impl.RaftServerImpl (RaftServerImpl.java:setRole(171)) - 7b2637ea-ef1f-4282-b770-2a49c6d41191:group-98BE4504D874 changes role from null to FOLLOWER at term 0 for startAsFollower
2019-09-12 11:36:14,673 [pool-261-thread-1] INFO  impl.RoleInfo (RoleInfo.java:updateAndGet(143)) - 7b2637ea-ef1f-4282-b770-2a49c6d41191: start FollowerState
2019-09-12 11:36:14,673 [pool-261-thread-1] INFO  util.JmxRegister (JmxRegister.java:tryRegister(44)) - Successfully registered JMX Bean with object name Ratis:service=RaftServer,group=group-98BE4504D874,id=7b2637ea-ef1f-4282-b770-2a49c6d41191
2019-09-12 11:36:14,676 [RatisPipelineUtilsThread] INFO  pipeline.PipelineStateManager (PipelineStateManager.java:addPipeline(56)) - Created pipeline Pipeline[ Id: 24230592-bd0e-468c-8ff6-98be4504d874, Nodes: 7b2637ea-ef1f-4282-b770-2a49c6d41191{ip: 192.168.36.114, host: pr-hdds-1569-58hkm-1881083799, networkLocation: /default-rack, certSerialId: null}, Type:RATIS, Factor:ONE, State:OPEN]
2019-09-12 11:36:14,676 [RatisPipelineUtilsThread] ERROR pipeline.PipelinePlacementPolicy (PipelinePlacementPolicy.java:meetCriteria(92)) - Pipeline Placement: Doesn't meet the criteria to be viable node. Heaviness: 6
2019-09-12 11:36:14,676 [RatisPipelineUtilsThread] ERROR pipeline.PipelinePlacementPolicy (PipelinePlacementPolicy.java:meetCriteria(92)) - Pipeline Placement: Doesn't meet the criteria to be viable node. Heaviness: 6
2019-09-12 11:36:14,682 [grpc-default-executor-0] INFO  impl.RaftServerProxy (RaftServerProxy.java:addNew(89)) - 7b2637ea-ef1f-4282-b770-2a49c6d41191: addNew group-3B20B3CFB589:[7b2637ea-ef1f-4282-b770-2a49c6d41191:192.168.36.114:44199] returns group-3B20B3CFB589:java.util.concurrent.CompletableFuture@7adaf51c[Not completed]
2019-09-12 11:36:14,683 [pool-261-thread-1] INFO  impl.RaftServerImpl (RaftServerImpl.java:<init>(93)) - 7b2637ea-ef1f-4282-b770-2a49c6d41191: new RaftServerImpl for group-3B20B3CFB589:[7b2637ea-ef1f-4282-b770-2a49c6d41191:192.168.36.114:44199] with ContainerStateMachine:uninitialized
2019-09-12 11:36:14,683 [pool-261-thread-1] INFO  server.RaftServerConfigKeys (ConfUtils.java:logGet(43)) - raft.server.rpc.timeout.min = 5s (custom)
2019-09-12 11:36:14,683 [pool-261-thread-1] INFO  server.RaftServerConfigKeys (ConfUtils.java:logGet(43)) - raft.server.rpc.timeout.max = 5200ms (custom)
2019-09-12 11:36:14,683 [pool-261-thread-1] INFO  server.RaftServerConfigKeys (ConfUtils.java:logGet(43)) - raft.server.rpcslowness.timeout = 120s (custom)
2019-09-12 11:36:14,683 [pool-261-thread-1] INFO  server.RaftServerConfigKeys (ConfUtils.java:logGet(43)) - raft.server.sleep.deviation.threshold = 300 (default)
2019-09-12 11:36:14,684 [pool-261-thread-1] INFO  server.RaftServerConfigKeys (ConfUtils.java:logGet(43)) - raft.server.log.appender.install.snapshot.enabled = false (custom)
2019-09-12 11:36:14,684 [pool-261-thread-1] INFO  impl.RaftServerImpl (ServerState.java:<init>(105)) - 7b2637ea-ef1f-4282-b770-2a49c6d41191:group-3B20B3CFB589 ConfigurationManager, init=-1: [7b2637ea-ef1f-4282-b770-2a49c6d41191:192.168.36.114:44199], old=null, confs=<EMPTY_MAP>
2019-09-12 11:36:14,684 [pool-261-thread-1] INFO  server.RaftServerConfigKeys (ConfUtils.java:logGet(43)) - raft.server.storage.dir = [/workdir/hadoop-ozone/ozonefs/target/test-dir/MiniOzoneClusterImpl-4dbb2fea-10be-4021-aaff-c3567f88023d/datanode-2/data/ratis] (custom)
2019-09-12 11:36:14,684 [pool-261-thread-1] INFO  storage.RaftStorageDirectory (RaftStorageDirectory.java:analyzeStorage(246)) - The storage directory /workdir/hadoop-ozone/ozonefs/target/test-dir/MiniOzoneClusterImpl-4dbb2fea-10be-4021-aaff-c3567f88023d/datanode-2/data/ratis/34898e6b-200e-4888-8a3a-3b20b3cfb589 does not exist. Creating ...
2019-09-12 11:36:14,693 [pool-261-thread-1] INFO  storage.RaftStorageDirectory (RaftStorageDirectory.java:tryLock(328)) - Lock on /workdir/hadoop-ozone/ozonefs/target/test-dir/MiniOzoneClusterImpl-4dbb2fea-10be-4021-aaff-c3567f88023d/datanode-2/data/ratis/34898e6b-200e-4888-8a3a-3b20b3cfb589/in_use.lock acquired by nodename 26908@pr-hdds-1569-58hkm-1881083799
2019-09-12 11:36:14,706 [pool-261-thread-1] INFO  storage.RaftStorage (RaftStorage.java:format(72)) - Storage directory /workdir/hadoop-ozone/ozonefs/target/test-dir/MiniOzoneClusterImpl-4dbb2fea-10be-4021-aaff-c3567f88023d/datanode-2/data/ratis/34898e6b-200e-4888-8a3a-3b20b3cfb589 has been successfully formatted.
2019-09-12 11:36:14,706 [pool-261-thread-1] INFO  ratis.ContainerStateMachine (ContainerStateMachine.java:loadSnapshot(226)) - group-3B20B3CFB589: The snapshot info is null. Setting the last applied indexto:(t:0, i:~)
2019-09-12 11:36:14,707 [pool-261-thread-1] INFO  server.RaftServerConfigKeys (ConfUtils.java:logGet(43)) - raft.server.leader.election.timeout = 120s (custom)
2019-09-12 11:36:14,707 [pool-261-thread-1] INFO  server.RaftServerConfigKeys (ConfUtils.java:logGet(43)) - raft.server.log.use.memory = false (default)
2019-09-12 11:36:14,707 [pool-261-thread-1] INFO  server.RaftServerConfigKeys (ConfUtils.java:logGet(43)) - raft.server.log.purge.gap = 1000000 (custom)
2019-09-12 11:36:14,707 [pool-261-thread-1] INFO  server.RaftServerConfigKeys (ConfUtils.java:logGet(43)) - raft.server.log.appender.buffer.byte-limit = 33554432 (custom)
2019-09-12 11:36:14,707 [pool-261-thread-1] INFO  server.RaftServerConfigKeys (ConfUtils.java:logGet(43)) - raft.server.log.segment.size.max = 1048576 (custom)
2019-09-12 11:36:14,707 [pool-261-thread-1] INFO  server.RaftServerConfigKeys (ConfUtils.java:logGet(43)) - raft.server.log.segment.cache.num.max = 2 (custom)
2019-09-12 11:36:14,707 [pool-261-thread-1] INFO  segmented.SegmentedRaftLogWorker (SegmentedRaftLogWorker.java:<init>(172)) - new 7b2637ea-ef1f-4282-b770-2a49c6d41191-SegmentedRaftLogWorker:Storage Directory /workdir/hadoop-ozone/ozonefs/target/test-dir/MiniOzoneClusterImpl-4dbb2fea-10be-4021-aaff-c3567f88023d/datanode-2/data/ratis/34898e6b-200e-4888-8a3a-3b20b3cfb589 for RaftStorage:Storage Directory /workdir/hadoop-ozone/ozonefs/target/test-dir/MiniOzoneClusterImpl-4dbb2fea-10be-4021-aaff-c3567f88023d/datanode-2/data/ratis/34898e6b-200e-4888-8a3a-3b20b3cfb589
2019-09-12 11:36:14,707 [pool-261-thread-1] INFO  server.RaftServerConfigKeys (ConfUtils.java:logGet(43)) - raft.server.log.queue.byte-limit = 2147483647 (custom)
2019-09-12 11:36:14,707 [pool-261-thread-1] INFO  server.RaftServerConfigKeys (ConfUtils.java:logGet(43)) - raft.server.log.queue.element-limit = 1024 (custom)
2019-09-12 11:36:14,707 [pool-261-thread-1] INFO  server.RaftServerConfigKeys (ConfUtils.java:logGet(43)) - raft.server.log.segment.size.max = 1048576 (custom)
2019-09-12 11:36:14,708 [pool-261-thread-1] INFO  server.RaftServerConfigKeys (ConfUtils.java:logGet(43)) - raft.server.log.preallocated.size = 16384 (custom)
2019-09-12 11:36:14,708 [pool-261-thread-1] INFO  server.RaftServerConfigKeys (ConfUtils.java:logGet(43)) - raft.server.log.write.buffer.size = 33554432 (custom)
2019-09-12 11:36:14,708 [pool-261-thread-1] INFO  server.RaftServerConfigKeys (ConfUtils.java:logGet(43)) - raft.server.log.force.sync.num = 128 (default)
2019-09-12 11:36:14,708 [pool-261-thread-1] INFO  server.RaftServerConfigKeys (ConfUtils.java:logGet(43)) - raft.server.log.statemachine.data.sync = true (default)
2019-09-12 11:36:14,708 [pool-261-thread-1] INFO  server.RaftServerConfigKeys (ConfUtils.java:logGet(43)) - raft.server.log.statemachine.data.sync.timeout = 10s (default)
2019-09-12 11:36:14,708 [pool-261-thread-1] INFO  server.RaftServerConfigKeys (ConfUtils.java:logGet(43)) - raft.server.log.statemachine.data.sync.timeout.retry = -1 (default)
2019-09-12 11:36:14,708 [pool-261-thread-1] INFO  server.RaftServerConfigKeys (ConfUtils.java:logGet(43)) - raft.server.log.statemachine.data.caching.enabled = true (custom)
2019-09-12 11:36:14,708 [pool-261-thread-1] INFO  segmented.SegmentedRaftLogWorker (SegmentedRaftLogWorker.java:lambda$new$0(132)) - 7b2637ea-ef1f-4282-b770-2a49c6d41191-SegmentedRaftLogWorker:Storage Directory /workdir/hadoop-ozone/ozonefs/target/test-dir/MiniOzoneClusterImpl-4dbb2fea-10be-4021-aaff-c3567f88023d/datanode-2/data/ratis/34898e6b-200e-4888-8a3a-3b20b3cfb589: flushIndex: setUnconditionally 0 -> -1
2019-09-12 11:36:14,709 [pool-261-thread-1] INFO  server.RaftServerConfigKeys (ConfUtils.java:logGet(43)) - raft.server.snapshot.auto.trigger.enabled = true (custom)
2019-09-12 11:36:14,709 [pool-261-thread-1] INFO  server.RaftServerConfigKeys (ConfUtils.java:logGet(43)) - raft.server.snapshot.auto.trigger.threshold = 10000 (custom)
2019-09-12 11:36:14,709 [pool-261-thread-1] INFO  server.RaftServerConfigKeys (ConfUtils.java:logGet(43)) - raft.server.retrycache.expirytime = 600000ms (custom)
2019-09-12 11:36:14,709 [pool-261-thread-1] INFO  impl.RaftServerImpl (RaftServerImpl.java:start(180)) - 7b2637ea-ef1f-4282-b770-2a49c6d41191: start group-3B20B3CFB589
2019-09-12 11:36:14,709 [pool-261-thread-1] INFO  impl.RaftServerImpl (RaftServerImpl.java:setRole(171)) - 7b2637ea-ef1f-4282-b770-2a49c6d41191:group-3B20B3CFB589 changes role from null to FOLLOWER at term 0 for startAsFollower
2019-09-12 11:36:14,709 [pool-261-thread-1] INFO  impl.RoleInfo (RoleInfo.java:updateAndGet(143)) - 7b2637ea-ef1f-4282-b770-2a49c6d41191: start FollowerState
2019-09-12 11:36:14,709 [pool-261-thread-1] INFO  util.JmxRegister (JmxRegister.java:tryRegister(44)) - Successfully registered JMX Bean with object name Ratis:service=RaftServer,group=group-3B20B3CFB589,id=7b2637ea-ef1f-4282-b770-2a49c6d41191
2019-09-12 11:36:14,712 [RatisPipelineUtilsThread] INFO  pipeline.PipelineStateManager (PipelineStateManager.java:addPipeline(56)) - Created pipeline Pipeline[ Id: 34898e6b-200e-4888-8a3a-3b20b3cfb589, Nodes: 7b2637ea-ef1f-4282-b770-2a49c6d41191{ip: 192.168.36.114, host: pr-hdds-1569-58hkm-1881083799, networkLocation: /default-rack, certSerialId: null}, Type:RATIS, Factor:ONE, State:OPEN]
2019-09-12 11:36:14,712 [RatisPipelineUtilsThread] ERROR pipeline.PipelinePlacementPolicy (PipelinePlacementPolicy.java:meetCriteria(92)) - Pipeline Placement: Doesn't meet the criteria to be viable node. Heaviness: 6
2019-09-12 11:36:14,712 [RatisPipelineUtilsThread] ERROR pipeline.PipelinePlacementPolicy (PipelinePlacementPolicy.java:meetCriteria(92)) - Pipeline Placement: Doesn't meet the criteria to be viable node. Heaviness: 6
2019-09-12 11:36:14,717 [grpc-default-executor-0] INFO  impl.RaftServerProxy (RaftServerProxy.java:addNew(89)) - 7b2637ea-ef1f-4282-b770-2a49c6d41191: addNew group-56912C3CD5F7:[7b2637ea-ef1f-4282-b770-2a49c6d41191:192.168.36.114:44199] returns group-56912C3CD5F7:java.util.concurrent.CompletableFuture@534c16f8[Not completed]
2019-09-12 11:36:14,717 [pool-261-thread-1] INFO  impl.RaftServerImpl (RaftServerImpl.java:<init>(93)) - 7b2637ea-ef1f-4282-b770-2a49c6d41191: new RaftServerImpl for group-56912C3CD5F7:[7b2637ea-ef1f-4282-b770-2a49c6d41191:192.168.36.114:44199] with ContainerStateMachine:uninitialized
2019-09-12 11:36:14,717 [pool-261-thread-1] INFO  server.RaftServerConfigKeys (ConfUtils.java:logGet(43)) - raft.server.rpc.timeout.min = 5s (custom)
2019-09-12 11:36:14,718 [pool-261-thread-1] INFO  server.RaftServerConfigKeys (ConfUtils.java:logGet(43)) - raft.server.rpc.timeout.max = 5200ms (custom)
2019-09-12 11:36:14,718 [pool-261-thread-1] INFO  server.RaftServerConfigKeys (ConfUtils.java:logGet(43)) - raft.server.rpcslowness.timeout = 120s (custom)
2019-09-12 11:36:14,718 [pool-261-thread-1] INFO  server.RaftServerConfigKeys (ConfUtils.java:logGet(43)) - raft.server.sleep.deviation.threshold = 300 (default)
2019-09-12 11:36:14,718 [pool-261-thread-1] INFO  server.RaftServerConfigKeys (ConfUtils.java:logGet(43)) - raft.server.log.appender.install.snapshot.enabled = false (custom)
2019-09-12 11:36:14,718 [pool-261-thread-1] INFO  impl.RaftServerImpl (ServerState.java:<init>(105)) - 7b2637ea-ef1f-4282-b770-2a49c6d41191:group-56912C3CD5F7 ConfigurationManager, init=-1: [7b2637ea-ef1f-4282-b770-2a49c6d41191:192.168.36.114:44199], old=null, confs=<EMPTY_MAP>
2019-09-12 11:36:14,718 [pool-261-thread-1] INFO  server.RaftServerConfigKeys (ConfUtils.java:logGet(43)) - raft.server.storage.dir = [/workdir/hadoop-ozone/ozonefs/target/test-dir/MiniOzoneClusterImpl-4dbb2fea-10be-4021-aaff-c3567f88023d/datanode-2/data/ratis] (custom)
2019-09-12 11:36:14,718 [pool-261-thread-1] INFO  storage.RaftStorageDirectory (RaftStorageDirectory.java:analyzeStorage(246)) - The storage directory /workdir/hadoop-ozone/ozonefs/target/test-dir/MiniOzoneClusterImpl-4dbb2fea-10be-4021-aaff-c3567f88023d/datanode-2/data/ratis/d8bd6edd-7443-49ed-8e18-56912c3cd5f7 does not exist. Creating ...
2019-09-12 11:36:14,724 [pool-261-thread-1] INFO  storage.RaftStorageDirectory (RaftStorageDirectory.java:tryLock(328)) - Lock on /workdir/hadoop-ozone/ozonefs/target/test-dir/MiniOzoneClusterImpl-4dbb2fea-10be-4021-aaff-c3567f88023d/datanode-2/data/ratis/d8bd6edd-7443-49ed-8e18-56912c3cd5f7/in_use.lock acquired by nodename 26908@pr-hdds-1569-58hkm-1881083799
2019-09-12 11:36:14,740 [pool-261-thread-1] INFO  storage.RaftStorage (RaftStorage.java:format(72)) - Storage directory /workdir/hadoop-ozone/ozonefs/target/test-dir/MiniOzoneClusterImpl-4dbb2fea-10be-4021-aaff-c3567f88023d/datanode-2/data/ratis/d8bd6edd-7443-49ed-8e18-56912c3cd5f7 has been successfully formatted.
2019-09-12 11:36:14,740 [pool-261-thread-1] INFO  ratis.ContainerStateMachine (ContainerStateMachine.java:loadSnapshot(226)) - group-56912C3CD5F7: The snapshot info is null. Setting the last applied indexto:(t:0, i:~)
2019-09-12 11:36:14,740 [pool-261-thread-1] INFO  server.RaftServerConfigKeys (ConfUtils.java:logGet(43)) - raft.server.leader.election.timeout = 120s (custom)
2019-09-12 11:36:14,741 [pool-261-thread-1] INFO  server.RaftServerConfigKeys (ConfUtils.java:logGet(43)) - raft.server.log.use.memory = false (default)
2019-09-12 11:36:14,741 [pool-261-thread-1] INFO  server.RaftServerConfigKeys (ConfUtils.java:logGet(43)) - raft.server.log.purge.gap = 1000000 (custom)
2019-09-12 11:36:14,741 [pool-261-thread-1] INFO  server.RaftServerConfigKeys (ConfUtils.java:logGet(43)) - raft.server.log.appender.buffer.byte-limit = 33554432 (custom)
2019-09-12 11:36:14,741 [pool-261-thread-1] INFO  server.RaftServerConfigKeys (ConfUtils.java:logGet(43)) - raft.server.log.segment.size.max = 1048576 (custom)
2019-09-12 11:36:14,741 [pool-261-thread-1] INFO  server.RaftServerConfigKeys (ConfUtils.java:logGet(43)) - raft.server.log.segment.cache.num.max = 2 (custom)
2019-09-12 11:36:14,741 [pool-261-thread-1] INFO  segmented.SegmentedRaftLogWorker (SegmentedRaftLogWorker.java:<init>(172)) - new 7b2637ea-ef1f-4282-b770-2a49c6d41191-SegmentedRaftLogWorker:Storage Directory /workdir/hadoop-ozone/ozonefs/target/test-dir/MiniOzoneClusterImpl-4dbb2fea-10be-4021-aaff-c3567f88023d/datanode-2/data/ratis/d8bd6edd-7443-49ed-8e18-56912c3cd5f7 for RaftStorage:Storage Directory /workdir/hadoop-ozone/ozonefs/target/test-dir/MiniOzoneClusterImpl-4dbb2fea-10be-4021-aaff-c3567f88023d/datanode-2/data/ratis/d8bd6edd-7443-49ed-8e18-56912c3cd5f7
2019-09-12 11:36:14,741 [pool-261-thread-1] INFO  server.RaftServerConfigKeys (ConfUtils.java:logGet(43)) - raft.server.log.queue.byte-limit = 2147483647 (custom)
2019-09-12 11:36:14,741 [pool-261-thread-1] INFO  server.RaftServerConfigKeys (ConfUtils.java:logGet(43)) - raft.server.log.queue.element-limit = 1024 (custom)
2019-09-12 11:36:14,741 [pool-261-thread-1] INFO  server.RaftServerConfigKeys (ConfUtils.java:logGet(43)) - raft.server.log.segment.size.max = 1048576 (custom)
2019-09-12 11:36:14,742 [pool-261-thread-1] INFO  server.RaftServerConfigKeys (ConfUtils.java:logGet(43)) - raft.server.log.preallocated.size = 16384 (custom)
2019-09-12 11:36:14,742 [pool-261-thread-1] INFO  server.RaftServerConfigKeys (ConfUtils.java:logGet(43)) - raft.server.log.write.buffer.size = 33554432 (custom)
2019-09-12 11:36:14,742 [pool-261-thread-1] INFO  server.RaftServerConfigKeys (ConfUtils.java:logGet(43)) - raft.server.log.force.sync.num = 128 (default)
2019-09-12 11:36:14,742 [pool-261-thread-1] INFO  server.RaftServerConfigKeys (ConfUtils.java:logGet(43)) - raft.server.log.statemachine.data.sync = true (default)
2019-09-12 11:36:14,742 [pool-261-thread-1] INFO  server.RaftServerConfigKeys (ConfUtils.java:logGet(43)) - raft.server.log.statemachine.data.sync.timeout = 10s (default)
2019-09-12 11:36:14,742 [pool-261-thread-1] INFO  server.RaftServerConfigKeys (ConfUtils.java:logGet(43)) - raft.server.log.statemachine.data.sync.timeout.retry = -1 (default)
2019-09-12 11:36:14,742 [pool-261-thread-1] INFO  server.RaftServerConfigKeys (ConfUtils.java:logGet(43)) - raft.server.log.statemachine.data.caching.enabled = true (custom)
2019-09-12 11:36:14,743 [pool-261-thread-1] INFO  segmented.SegmentedRaftLogWorker (SegmentedRaftLogWorker.java:lambda$new$0(132)) - 7b2637ea-ef1f-4282-b770-2a49c6d41191-SegmentedRaftLogWorker:Storage Directory /workdir/hadoop-ozone/ozonefs/target/test-dir/MiniOzoneClusterImpl-4dbb2fea-10be-4021-aaff-c3567f88023d/datanode-2/data/ratis/d8bd6edd-7443-49ed-8e18-56912c3cd5f7: flushIndex: setUnconditionally 0 -> -1
2019-09-12 11:36:14,743 [pool-261-thread-1] INFO  server.RaftServerConfigKeys (ConfUtils.java:logGet(43)) - raft.server.snapshot.auto.trigger.enabled = true (custom)
2019-09-12 11:36:14,743 [pool-261-thread-1] INFO  server.RaftServerConfigKeys (ConfUtils.java:logGet(43)) - raft.server.snapshot.auto.trigger.threshold = 10000 (custom)
2019-09-12 11:36:14,743 [pool-261-thread-1] INFO  server.RaftServerConfigKeys (ConfUtils.java:logGet(43)) - raft.server.retrycache.expirytime = 600000ms (custom)
2019-09-12 11:36:14,743 [pool-261-thread-1] INFO  impl.RaftServerImpl (RaftServerImpl.java:start(180)) - 7b2637ea-ef1f-4282-b770-2a49c6d41191: start group-56912C3CD5F7
2019-09-12 11:36:14,743 [pool-261-thread-1] INFO  impl.RaftServerImpl (RaftServerImpl.java:setRole(171)) - 7b2637ea-ef1f-4282-b770-2a49c6d41191:group-56912C3CD5F7 changes role from null to FOLLOWER at term 0 for startAsFollower
2019-09-12 11:36:14,744 [pool-261-thread-1] INFO  impl.RoleInfo (RoleInfo.java:updateAndGet(143)) - 7b2637ea-ef1f-4282-b770-2a49c6d41191: start FollowerState
2019-09-12 11:36:14,744 [pool-261-thread-1] INFO  util.JmxRegister (JmxRegister.java:tryRegister(44)) - Successfully registered JMX Bean with object name Ratis:service=RaftServer,group=group-56912C3CD5F7,id=7b2637ea-ef1f-4282-b770-2a49c6d41191
2019-09-12 11:36:14,746 [RatisPipelineUtilsThread] INFO  pipeline.PipelineStateManager (PipelineStateManager.java:addPipeline(56)) - Created pipeline Pipeline[ Id: d8bd6edd-7443-49ed-8e18-56912c3cd5f7, Nodes: 7b2637ea-ef1f-4282-b770-2a49c6d41191{ip: 192.168.36.114, host: pr-hdds-1569-58hkm-1881083799, networkLocation: /default-rack, certSerialId: null}, Type:RATIS, Factor:ONE, State:OPEN]
2019-09-12 11:36:14,747 [RatisPipelineUtilsThread] ERROR pipeline.PipelinePlacementPolicy (PipelinePlacementPolicy.java:meetCriteria(92)) - Pipeline Placement: Doesn't meet the criteria to be viable node. Heaviness: 6
2019-09-12 11:36:14,747 [RatisPipelineUtilsThread] ERROR pipeline.PipelinePlacementPolicy (PipelinePlacementPolicy.java:meetCriteria(92)) - Pipeline Placement: Doesn't meet the criteria to be viable node. Heaviness: 6
2019-09-12 11:36:14,747 [RatisPipelineUtilsThread] ERROR pipeline.PipelinePlacementPolicy (PipelinePlacementPolicy.java:meetCriteria(92)) - Pipeline Placement: Doesn't meet the criteria to be viable node. Heaviness: 6
2019-09-12 11:36:14,747 [RatisPipelineUtilsThread] ERROR pipeline.PipelinePlacementPolicy (PipelinePlacementPolicy.java:filterViableNodes(147)) - Unable to find enough nodes that meet the criteria that cannot engage in more than 5 pipelines. Nodes required: 1 Found: 0, healthy nodes count inNodeManager: 3.
2019-09-12 11:36:14,747 [RatisPipelineUtilsThread] ERROR pipeline.SCMPipelineManager (SCMPipelineManager.java:createPipeline(161)) - Pipeline creation failed due to exception: Unable to find enough nodes that meet the criteria that cannot engage in more than 5 pipelines. Nodes required: 1 Found: 0, healthy nodes count inNodeManager: 3.
2019-09-12 11:36:14,748 [RatisPipelineUtilsThread] ERROR pipeline.PipelinePlacementPolicy (PipelinePlacementPolicy.java:meetCriteria(92)) - Pipeline Placement: Doesn't meet the criteria to be viable node. Heaviness: 6
2019-09-12 11:36:14,748 [RatisPipelineUtilsThread] ERROR pipeline.PipelinePlacementPolicy (PipelinePlacementPolicy.java:meetCriteria(92)) - Pipeline Placement: Doesn't meet the criteria to be viable node. Heaviness: 6
2019-09-12 11:36:14,748 [RatisPipelineUtilsThread] ERROR pipeline.PipelinePlacementPolicy (PipelinePlacementPolicy.java:meetCriteria(92)) - Pipeline Placement: Doesn't meet the criteria to be viable node. Heaviness: 6
2019-09-12 11:36:14,748 [RatisPipelineUtilsThread] ERROR pipeline.PipelinePlacementPolicy (PipelinePlacementPolicy.java:filterViableNodes(147)) - Unable to find enough nodes that meet the criteria that cannot engage in more than 5 pipelines. Nodes required: 3 Found: 0, healthy nodes count inNodeManager: 3.
2019-09-12 11:36:14,748 [RatisPipelineUtilsThread] ERROR pipeline.SCMPipelineManager (SCMPipelineManager.java:createPipeline(161)) - Pipeline creation failed due to exception: Unable to find enough nodes that meet the criteria that cannot engage in more than 5 pipelines. Nodes required: 3 Found: 0, healthy nodes count inNodeManager: 3.
2019-09-12 11:36:14,748 [RatisPipelineUtilsThread] ERROR pipeline.PipelinePlacementPolicy (PipelinePlacementPolicy.java:meetCriteria(92)) - Pipeline Placement: Doesn't meet the criteria to be viable node. Heaviness: 6
2019-09-12 11:36:14,749 [RatisPipelineUtilsThread] ERROR pipeline.PipelinePlacementPolicy (PipelinePlacementPolicy.java:meetCriteria(92)) - Pipeline Placement: Doesn't meet the criteria to be viable node. Heaviness: 6
2019-09-12 11:36:14,749 [RatisPipelineUtilsThread] ERROR pipeline.PipelinePlacementPolicy (PipelinePlacementPolicy.java:meetCriteria(92)) - Pipeline Placement: Doesn't meet the criteria to be viable node. Heaviness: 6
2019-09-12 11:36:14,749 [RatisPipelineUtilsThread] ERROR pipeline.PipelinePlacementPolicy (PipelinePlacementPolicy.java:filterViableNodes(147)) - Unable to find enough nodes that meet the criteria that cannot engage in more than 5 pipelines. Nodes required: 1 Found: 0, healthy nodes count inNodeManager: 3.
2019-09-12 11:36:14,749 [RatisPipelineUtilsThread] ERROR pipeline.SCMPipelineManager (SCMPipelineManager.java:createPipeline(161)) - Pipeline creation failed due to exception: Unable to find enough nodes that meet the criteria that cannot engage in more than 5 pipelines. Nodes required: 1 Found: 0, healthy nodes count inNodeManager: 3.
2019-09-12 11:36:14,749 [RatisPipelineUtilsThread] ERROR pipeline.PipelinePlacementPolicy (PipelinePlacementPolicy.java:meetCriteria(92)) - Pipeline Placement: Doesn't meet the criteria to be viable node. Heaviness: 6
2019-09-12 11:36:14,750 [RatisPipelineUtilsThread] ERROR pipeline.PipelinePlacementPolicy (PipelinePlacementPolicy.java:meetCriteria(92)) - Pipeline Placement: Doesn't meet the criteria to be viable node. Heaviness: 6
2019-09-12 11:36:14,750 [RatisPipelineUtilsThread] ERROR pipeline.PipelinePlacementPolicy (PipelinePlacementPolicy.java:meetCriteria(92)) - Pipeline Placement: Doesn't meet the criteria to be viable node. Heaviness: 6
2019-09-12 11:36:14,750 [RatisPipelineUtilsThread] ERROR pipeline.PipelinePlacementPolicy (PipelinePlacementPolicy.java:filterViableNodes(147)) - Unable to find enough nodes that meet the criteria that cannot engage in more than 5 pipelines. Nodes required: 3 Found: 0, healthy nodes count inNodeManager: 3.
2019-09-12 11:36:14,750 [RatisPipelineUtilsThread] ERROR pipeline.SCMPipelineManager (SCMPipelineManager.java:createPipeline(161)) - Pipeline creation failed due to exception: Unable to find enough nodes that meet the criteria that cannot engage in more than 5 pipelines. Nodes required: 3 Found: 0, healthy nodes count inNodeManager: 3.
2019-09-12 11:36:15,421 [Thread-1072] INFO  ozone.MiniOzoneClusterImpl (MiniOzoneClusterImpl.java:lambda$waitForClusterToBeReady$0(142)) - Cluster is ready. Got 3 of 3 DN Heartbeats.
2019-09-12 11:36:15,538 | INFO  | OMAudit | user=jenkins1000 | ip=127.0.0.1 | op=CREATE_VOLUME {admin=admin32780, owner=user65542, volume=volume73650, creationTime=1568288175538, quotaInBytes=1152921504606846976} | ret=SUCCESS |  
2019-09-12 11:36:15,548 | INFO  | OMAudit | user=jenkins1000 | ip=127.0.0.1 | op=CREATE_BUCKET {volume=volume73650, bucket=bucket53340, acls=[], isVersionEnabled=false, storageType=DISK, creationTime=0} | ret=SUCCESS |  
2019-09-12 11:36:15,574 | INFO  | OMAudit | user=jenkins1000 | ip=127.0.0.1 | op=READ_VOLUME {volume=volume73650} | ret=SUCCESS |  
2019-09-12 11:36:15,577 | INFO  | OMAudit | user=jenkins1000 | ip=127.0.0.1 | op=READ_BUCKET {volume=volume73650, bucket=bucket53340} | ret=SUCCESS |  
2019-09-12 11:36:15,604 [IPC Server handler 1 on 44224] ERROR pipeline.PipelinePlacementPolicy (PipelinePlacementPolicy.java:meetCriteria(92)) - Pipeline Placement: Doesn't meet the criteria to be viable node. Heaviness: 6
2019-09-12 11:36:15,605 [IPC Server handler 1 on 44224] ERROR pipeline.PipelinePlacementPolicy (PipelinePlacementPolicy.java:meetCriteria(92)) - Pipeline Placement: Doesn't meet the criteria to be viable node. Heaviness: 6
2019-09-12 11:36:15,605 [IPC Server handler 1 on 44224] ERROR pipeline.PipelinePlacementPolicy (PipelinePlacementPolicy.java:meetCriteria(92)) - Pipeline Placement: Doesn't meet the criteria to be viable node. Heaviness: 6
2019-09-12 11:36:15,605 [IPC Server handler 1 on 44224] ERROR pipeline.PipelinePlacementPolicy (PipelinePlacementPolicy.java:filterViableNodes(147)) - Unable to find enough nodes that meet the criteria that cannot engage in more than 5 pipelines. Nodes required: 3 Found: 0, healthy nodes count inNodeManager: 3.
2019-09-12 11:36:15,605 [IPC Server handler 1 on 44224] ERROR pipeline.SCMPipelineManager (SCMPipelineManager.java:createPipeline(161)) - Pipeline creation failed due to exception: Unable to find enough nodes that meet the criteria that cannot engage in more than 5 pipelines. Nodes required: 3 Found: 0, healthy nodes count inNodeManager: 3.
2019-09-12 11:36:15,605 [IPC Server handler 1 on 44224] WARN  block.BlockManagerImpl (BlockManagerImpl.java:allocateBlock(192)) - Pipeline creation failed for type:RATIS factor:THREE. Retrying get pipelines call once.
org.apache.hadoop.hdds.scm.exceptions.SCMException: Unable to find enough nodes that meet the criteria that cannot engage in more than 5 pipelines. Nodes required: 3 Found: 0, healthy nodes count inNodeManager: 3.
	at org.apache.hadoop.hdds.scm.pipeline.PipelinePlacementPolicy.filterViableNodes(PipelinePlacementPolicy.java:148)
	at org.apache.hadoop.hdds.scm.pipeline.PipelinePlacementPolicy.chooseDatanodes(PipelinePlacementPolicy.java:171)
	at org.apache.hadoop.hdds.scm.pipeline.RatisPipelineProvider.create(RatisPipelineProvider.java:100)
	at org.apache.hadoop.hdds.scm.pipeline.PipelineFactory.create(PipelineFactory.java:57)
	at org.apache.hadoop.hdds.scm.pipeline.SCMPipelineManager.createPipeline(SCMPipelineManager.java:149)
	at org.apache.hadoop.hdds.scm.block.BlockManagerImpl.allocateBlock(BlockManagerImpl.java:190)
	at org.apache.hadoop.hdds.scm.server.SCMBlockProtocolServer.allocateBlock(SCMBlockProtocolServer.java:175)
	at org.apache.hadoop.ozone.protocolPB.ScmBlockLocationProtocolServerSideTranslatorPB.allocateScmBlock(ScmBlockLocationProtocolServerSideTranslatorPB.java:153)
	at org.apache.hadoop.ozone.protocolPB.ScmBlockLocationProtocolServerSideTranslatorPB.send(ScmBlockLocationProtocolServerSideTranslatorPB.java:112)
	at org.apache.hadoop.hdds.protocol.proto.ScmBlockLocationProtocolProtos$ScmBlockLocationProtocolService$2.callBlockingMethod(ScmBlockLocationProtocolProtos.java:13157)
	at org.apache.hadoop.ipc.ProtobufRpcEngine$Server$ProtoBufRpcInvoker.call(ProtobufRpcEngine.java:524)
	at org.apache.hadoop.ipc.RPC$Server.call(RPC.java:1025)
	at org.apache.hadoop.ipc.Server$RpcCall.run(Server.java:876)
	at org.apache.hadoop.ipc.Server$RpcCall.run(Server.java:822)
	at java.security.AccessController.doPrivileged(Native Method)
	at javax.security.auth.Subject.doAs(Subject.java:422)
	at org.apache.hadoop.security.UserGroupInformation.doAs(UserGroupInformation.java:1730)
	at org.apache.hadoop.ipc.Server$Handler.run(Server.java:2682)
2019-09-12 11:36:15,606 [IPC Server handler 1 on 44224] INFO  block.BlockManagerImpl (BlockManagerImpl.java:allocateBlock(198)) - Could not find available pipeline of type:RATIS and factor:THREE even after retrying
2019-09-12 11:36:15,606 [IPC Server handler 1 on 44224] ERROR block.BlockManagerImpl (BlockManagerImpl.java:allocateBlock(222)) - Unable to allocate a block for the size: 4194304, type: RATIS, factor: THREE
2019-09-12 11:36:15,606 | INFO  | SCMAudit | user=jenkins1000 | ip=192.168.36.114 | op=ALLOCATE_BLOCK {owner=8011a613-f212-408b-92d5-fee3e468ddd4, size=4194304, type=RATIS, factor=THREE} | ret=SUCCESS |  
2019-09-12 11:36:15,609 | ERROR | OMAudit | user=jenkins1000 | ip=127.0.0.1 | op=CREATE_FILE {volume=volume73650, bucket=bucket53340, key=testCreateDoesNotAddParentDirKeys/parent/child, dataSize=0, replicationType=RATIS, replicationFactor=THREE, keyLocationInfo=null} | ret=FAILURE | org.apache.hadoop.hdds.scm.exceptions.SCMException: Allocated 0 blocks. Requested 1 blocks
	at org.apache.hadoop.hdds.scm.protocolPB.ScmBlockLocationProtocolClientSideTranslatorPB.handleError(ScmBlockLocationProtocolClientSideTranslatorPB.java:118)
	at org.apache.hadoop.hdds.scm.protocolPB.ScmBlockLocationProtocolClientSideTranslatorPB.allocateBlock(ScmBlockLocationProtocolClientSideTranslatorPB.java:156) 
2019-09-12 11:36:15,611 [Thread-1072] INFO  ozone.MiniOzoneClusterImpl (MiniOzoneClusterImpl.java:shutdown(321)) - Shutting down the Mini Ozone Cluster
2019-09-12 11:36:15,612 | INFO  | SCMAudit | user=null | ip=null | op=GET_SCM_INFO null | ret=SUCCESS |  
2019-09-12 11:36:15,612 [Thread-1072] INFO  ozone.MiniOzoneClusterImpl (MiniOzoneClusterImpl.java:stop(336)) - Stopping the Mini Ozone Cluster
2019-09-12 11:36:15,612 [Thread-1072] INFO  ozone.MiniOzoneClusterImpl (MiniOzoneClusterImpl.java:stop(338)) - Stopping the OzoneManager
2019-09-12 11:36:15,612 [Thread-1072] INFO  ipc.Server (Server.java:stop(3082)) - Stopping server on 45606
2019-09-12 11:36:15,615 [IPC Server listener on 45606] INFO  ipc.Server (Server.java:run(1185)) - Stopping IPC Server listener on 45606
2019-09-12 11:36:15,615 [Thread-1072] INFO  ratis.OzoneManagerDoubleBuffer (OzoneManagerDoubleBuffer.java:stop(248)) - Stopping OMDoubleBuffer flush thread
2019-09-12 11:36:15,615 [IPC Server Responder] INFO  ipc.Server (Server.java:run(1319)) - Stopping IPC Server Responder
2019-09-12 11:36:15,623 [OMDoubleBufferFlushThread] INFO  ratis.OzoneManagerDoubleBuffer (OzoneManagerDoubleBuffer.java:flushTransactions(191)) - OMDoubleBuffer flush thread OMDoubleBufferFlushThread is interrupted and will exit. OMDoubleBufferFlushThread
2019-09-12 11:36:15,623 [Thread-1072] INFO  utils.BackgroundService (BackgroundService.java:shutdown(148)) - Shutting down service KeyDeletingService
2019-09-12 11:36:15,625 [Thread-1072] INFO  handler.ContextHandler (ContextHandler.java:doStop(910)) - Stopped o.e.j.w.WebAppContext@1fdc1080{/,null,UNAVAILABLE}{/ozoneManager}
2019-09-12 11:36:15,625 [Thread-1072] INFO  server.AbstractConnector (AbstractConnector.java:doStop(318)) - Stopped ServerConnector@4429cf87{HTTP/1.1,[http/1.1]}{0.0.0.0:0}
2019-09-12 11:36:15,625 [Thread-1072] INFO  handler.ContextHandler (ContextHandler.java:doStop(910)) - Stopped o.e.j.s.ServletContextHandler@59aeee51{/static,jar:file:/home/user/.m2/repository/org/apache/hadoop/hadoop-ozone-ozone-manager/0.5.0-SNAPSHOT/hadoop-ozone-ozone-manager-0.5.0-SNAPSHOT.jar!/webapps/static,UNAVAILABLE}
2019-09-12 11:36:15,626 [Thread-1072] INFO  handler.ContextHandler (ContextHandler.java:doStop(910)) - Stopped o.e.j.s.ServletContextHandler@66aeee44{/logs,file:///workdir/hadoop-ozone/ozonefs/target/log,UNAVAILABLE}
2019-09-12 11:36:15,627 [Thread-1072] INFO  ozone.MiniOzoneClusterImpl (MiniOzoneClusterImpl.java:stop(344)) - Shutting the HddsDatanodes
2019-09-12 11:36:15,627 [Thread-1072] INFO  datanode.ObjectStoreHandler (ObjectStoreHandler.java:close(155)) - Closing ObjectStoreHandler.
2019-09-12 11:36:15,628 [ForkJoinPool.commonPool-worker-1] INFO  datanode.ObjectStoreHandler (ObjectStoreHandler.java:close(155)) - Closing ObjectStoreHandler.
2019-09-12 11:36:15,628 [Thread-1072] INFO  ozone.HddsDatanodeService (HddsDatanodeService.java:stop(451)) - Stopped plug-in org.apache.hadoop.ozone.web.OzoneHddsDatanodeService@6b0b5f6
2019-09-12 11:36:15,628 [ForkJoinPool.commonPool-worker-1] INFO  ozone.HddsDatanodeService (HddsDatanodeService.java:stop(451)) - Stopped plug-in org.apache.hadoop.ozone.web.OzoneHddsDatanodeService@65a6394c
2019-09-12 11:36:16,027 [Datanode State Machine Thread - 0] INFO  statemachine.DatanodeStateMachine (DatanodeStateMachine.java:lambda$startDaemon$0(350)) - Ozone container server started.
2019-09-12 11:36:16,234 [Datanode State Machine Thread - 0] INFO  statemachine.DatanodeStateMachine (DatanodeStateMachine.java:lambda$startDaemon$0(350)) - Ozone container server started.
2019-09-12 11:36:16,423 | INFO  | SCMAudit | user=jenkins1000 | ip=192.168.36.114 | op=SEND_HEARTBEAT {datanodeUUID=7b2637ea-ef1f-4282-b770-2a49c6d41191, command=[]} | ret=SUCCESS |  
2019-09-12 11:36:17,037 [Thread-1244] INFO  container.ReplicationManager (ReplicationManager.java:start(151)) - Starting Replication Monitor Thread.
2019-09-12 11:36:17,040 [ReplicationMonitor] INFO  container.ReplicationManager (ReplicationManager.java:run(214)) - Replication Monitor Thread took 0 milliseconds for processing 0 containers.
2019-09-12 11:36:17,424 | INFO  | SCMAudit | user=jenkins1000 | ip=192.168.36.114 | op=SEND_HEARTBEAT {datanodeUUID=7b2637ea-ef1f-4282-b770-2a49c6d41191, command=[]} | ret=SUCCESS |  
2019-09-12 11:36:18,423 | INFO  | SCMAudit | user=jenkins1000 | ip=192.168.36.114 | op=SEND_HEARTBEAT {datanodeUUID=7b2637ea-ef1f-4282-b770-2a49c6d41191, command=[]} | ret=SUCCESS |  
2019-09-12 11:36:19,138 [Thread-1249] INFO  impl.FollowerState (FollowerState.java:run(106)) - 255671a0-6eee-4881-b885-680cdec970b4:group-4C552BD78802 changes to CANDIDATE, lastRpcTime:5013, electionTimeout:5013ms
2019-09-12 11:36:19,138 [Thread-1249] INFO  impl.RoleInfo (RoleInfo.java:shutdownFollowerState(121)) - 255671a0-6eee-4881-b885-680cdec970b4: shutdown FollowerState
2019-09-12 11:36:19,138 [Thread-1249] INFO  impl.RaftServerImpl (RaftServerImpl.java:setRole(171)) - 255671a0-6eee-4881-b885-680cdec970b4:group-4C552BD78802 changes role from FOLLOWER to CANDIDATE at term 0 for changeToCandidate
2019-09-12 11:36:19,138 [Thread-1249] INFO  impl.RoleInfo (RoleInfo.java:updateAndGet(143)) - 255671a0-6eee-4881-b885-680cdec970b4: start LeaderElection
2019-09-12 11:36:19,154 [255671a0-6eee-4881-b885-680cdec970b4:group-4C552BD78802:LeaderElection73] INFO  impl.LeaderElection (LeaderElection.java:askForVotes(181)) - 255671a0-6eee-4881-b885-680cdec970b4:group-4C552BD78802:LeaderElection73: begin an election at term 1 for -1: [255671a0-6eee-4881-b885-680cdec970b4:192.168.36.114:46494], old=null
2019-09-12 11:36:19,154 [255671a0-6eee-4881-b885-680cdec970b4:group-4C552BD78802:LeaderElection73] INFO  impl.RoleInfo (RoleInfo.java:shutdownLeaderElection(134)) - 255671a0-6eee-4881-b885-680cdec970b4: shutdown LeaderElection
2019-09-12 11:36:19,154 [255671a0-6eee-4881-b885-680cdec970b4:group-4C552BD78802:LeaderElection73] INFO  impl.RaftServerImpl (RaftServerImpl.java:setRole(171)) - 255671a0-6eee-4881-b885-680cdec970b4:group-4C552BD78802 changes role from CANDIDATE to LEADER at term 1 for changeToLeader
2019-09-12 11:36:19,154 [255671a0-6eee-4881-b885-680cdec970b4:group-4C552BD78802:LeaderElection73] INFO  impl.RaftServerImpl (ServerState.java:setLeader(263)) - 255671a0-6eee-4881-b885-680cdec970b4:group-4C552BD78802 change Leader from null to 255671a0-6eee-4881-b885-680cdec970b4 at term 1 for becomeLeader, leader elected after 5033ms
2019-09-12 11:36:19,155 [255671a0-6eee-4881-b885-680cdec970b4:group-4C552BD78802:LeaderElection73] INFO  server.RaftServerConfigKeys (ConfUtils.java:logGet(43)) - raft.server.staging.catchup.gap = 1000 (default)
2019-09-12 11:36:19,155 [255671a0-6eee-4881-b885-680cdec970b4:group-4C552BD78802:LeaderElection73] INFO  server.RaftServerConfigKeys (ConfUtils.java:logGet(43)) - raft.server.rpc.sleep.time = 25ms (default)
2019-09-12 11:36:19,155 [255671a0-6eee-4881-b885-680cdec970b4:group-4C552BD78802:LeaderElection73] INFO  server.RaftServerConfigKeys (ConfUtils.java:logGet(43)) - raft.server.write.element-limit = 4096 (default)
2019-09-12 11:36:19,155 [255671a0-6eee-4881-b885-680cdec970b4:group-4C552BD78802:LeaderElection73] INFO  server.RaftServerConfigKeys (ConfUtils.java:logGet(43)) - raft.server.watch.timeout = 10s (default)
2019-09-12 11:36:19,155 [255671a0-6eee-4881-b885-680cdec970b4:group-4C552BD78802:LeaderElection73] INFO  server.RaftServerConfigKeys (ConfUtils.java:logGet(43)) - raft.server.watch.timeout.denomination = 1s (default)
2019-09-12 11:36:19,155 [255671a0-6eee-4881-b885-680cdec970b4:group-4C552BD78802:LeaderElection73] INFO  server.RaftServerConfigKeys (ConfUtils.java:logGet(43)) - raft.server.watch.element-limit = 65536 (default)
2019-09-12 11:36:19,155 [255671a0-6eee-4881-b885-680cdec970b4:group-4C552BD78802:LeaderElection73] INFO  impl.RoleInfo (RoleInfo.java:updateAndGet(143)) - 255671a0-6eee-4881-b885-680cdec970b4: start LeaderState
2019-09-12 11:36:19,156 [255671a0-6eee-4881-b885-680cdec970b4:group-4C552BD78802:LeaderElection73] INFO  segmented.SegmentedRaftLogWorker (SegmentedRaftLogWorker.java:startLogSegment(380)) - 255671a0-6eee-4881-b885-680cdec970b4-SegmentedRaftLogWorker:Storage Directory /workdir/hadoop-ozone/ozonefs/target/test-dir/MiniOzoneClusterImpl-4dbb2fea-10be-4021-aaff-c3567f88023d/datanode-0/data/ratis/eb71f9f3-2252-4883-8c4c-4c552bd78802: Starting segment from index:0
2019-09-12 11:36:19,156 [255671a0-6eee-4881-b885-680cdec970b4:group-4C552BD78802:LeaderElection73] INFO  impl.RaftServerImpl (ServerState.java:setRaftConf(361)) - 255671a0-6eee-4881-b885-680cdec970b4:group-4C552BD78802 set configuration 0: [255671a0-6eee-4881-b885-680cdec970b4:192.168.36.114:46494], old=null at 0
2019-09-12 11:36:19,188 [Thread-1252] INFO  impl.FollowerState (FollowerState.java:run(106)) - 255671a0-6eee-4881-b885-680cdec970b4:group-181FE8FF7413 changes to CANDIDATE, lastRpcTime:5023, electionTimeout:5023ms
2019-09-12 11:36:19,188 [Thread-1252] INFO  impl.RoleInfo (RoleInfo.java:shutdownFollowerState(121)) - 255671a0-6eee-4881-b885-680cdec970b4: shutdown FollowerState
2019-09-12 11:36:19,188 [Thread-1252] INFO  impl.RaftServerImpl (RaftServerImpl.java:setRole(171)) - 255671a0-6eee-4881-b885-680cdec970b4:group-181FE8FF7413 changes role from FOLLOWER to CANDIDATE at term 0 for changeToCandidate
2019-09-12 11:36:19,188 [Thread-1252] INFO  impl.RoleInfo (RoleInfo.java:updateAndGet(143)) - 255671a0-6eee-4881-b885-680cdec970b4: start LeaderElection
2019-09-12 11:36:19,198 [255671a0-6eee-4881-b885-680cdec970b4-SegmentedRaftLogWorker:Storage Directory /workdir/hadoop-ozone/ozonefs/target/test-dir/MiniOzoneClusterImpl-4dbb2fea-10be-4021-aaff-c3567f88023d/datanode-0/data/ratis/eb71f9f3-2252-4883-8c4c-4c552bd78802] INFO  segmented.SegmentedRaftLogWorker (SegmentedRaftLogWorker.java:execute(569)) - 255671a0-6eee-4881-b885-680cdec970b4-SegmentedRaftLogWorker:Storage Directory /workdir/hadoop-ozone/ozonefs/target/test-dir/MiniOzoneClusterImpl-4dbb2fea-10be-4021-aaff-c3567f88023d/datanode-0/data/ratis/eb71f9f3-2252-4883-8c4c-4c552bd78802: created new log segment /workdir/hadoop-ozone/ozonefs/target/test-dir/MiniOzoneClusterImpl-4dbb2fea-10be-4021-aaff-c3567f88023d/datanode-0/data/ratis/eb71f9f3-2252-4883-8c4c-4c552bd78802/current/log_inprogress_0
2019-09-12 11:36:19,198 [255671a0-6eee-4881-b885-680cdec970b4:group-181FE8FF7413:LeaderElection74] INFO  impl.LeaderElection (LeaderElection.java:askForVotes(181)) - 255671a0-6eee-4881-b885-680cdec970b4:group-181FE8FF7413:LeaderElection74: begin an election at term 1 for -1: [255671a0-6eee-4881-b885-680cdec970b4:192.168.36.114:46494], old=null
2019-09-12 11:36:19,198 [255671a0-6eee-4881-b885-680cdec970b4:group-181FE8FF7413:LeaderElection74] INFO  impl.RoleInfo (RoleInfo.java:shutdownLeaderElection(134)) - 255671a0-6eee-4881-b885-680cdec970b4: shutdown LeaderElection
2019-09-12 11:36:19,198 [255671a0-6eee-4881-b885-680cdec970b4:group-181FE8FF7413:LeaderElection74] INFO  impl.RaftServerImpl (RaftServerImpl.java:setRole(171)) - 255671a0-6eee-4881-b885-680cdec970b4:group-181FE8FF7413 changes role from CANDIDATE to LEADER at term 1 for changeToLeader
2019-09-12 11:36:19,199 [255671a0-6eee-4881-b885-680cdec970b4:group-181FE8FF7413:LeaderElection74] INFO  impl.RaftServerImpl (ServerState.java:setLeader(263)) - 255671a0-6eee-4881-b885-680cdec970b4:group-181FE8FF7413 change Leader from null to 255671a0-6eee-4881-b885-680cdec970b4 at term 1 for becomeLeader, leader elected after 5038ms
2019-09-12 11:36:19,199 [255671a0-6eee-4881-b885-680cdec970b4:group-181FE8FF7413:LeaderElection74] INFO  server.RaftServerConfigKeys (ConfUtils.java:logGet(43)) - raft.server.staging.catchup.gap = 1000 (default)
2019-09-12 11:36:19,199 [255671a0-6eee-4881-b885-680cdec970b4:group-181FE8FF7413:LeaderElection74] INFO  server.RaftServerConfigKeys (ConfUtils.java:logGet(43)) - raft.server.rpc.sleep.time = 25ms (default)
2019-09-12 11:36:19,199 [255671a0-6eee-4881-b885-680cdec970b4:group-181FE8FF7413:LeaderElection74] INFO  server.RaftServerConfigKeys (ConfUtils.java:logGet(43)) - raft.server.write.element-limit = 4096 (default)
2019-09-12 11:36:19,199 [255671a0-6eee-4881-b885-680cdec970b4:group-181FE8FF7413:LeaderElection74] INFO  server.RaftServerConfigKeys (ConfUtils.java:logGet(43)) - raft.server.watch.timeout = 10s (default)
2019-09-12 11:36:19,199 [255671a0-6eee-4881-b885-680cdec970b4:group-181FE8FF7413:LeaderElection74] INFO  server.RaftServerConfigKeys (ConfUtils.java:logGet(43)) - raft.server.watch.timeout.denomination = 1s (default)
2019-09-12 11:36:19,199 [255671a0-6eee-4881-b885-680cdec970b4:group-181FE8FF7413:LeaderElection74] INFO  server.RaftServerConfigKeys (ConfUtils.java:logGet(43)) - raft.server.watch.element-limit = 65536 (default)
2019-09-12 11:36:19,199 [255671a0-6eee-4881-b885-680cdec970b4:group-181FE8FF7413:LeaderElection74] INFO  impl.RoleInfo (RoleInfo.java:updateAndGet(143)) - 255671a0-6eee-4881-b885-680cdec970b4: start LeaderState
2019-09-12 11:36:19,200 [255671a0-6eee-4881-b885-680cdec970b4:group-181FE8FF7413:LeaderElection74] INFO  segmented.SegmentedRaftLogWorker (SegmentedRaftLogWorker.java:startLogSegment(380)) - 255671a0-6eee-4881-b885-680cdec970b4-SegmentedRaftLogWorker:Storage Directory /workdir/hadoop-ozone/ozonefs/target/test-dir/MiniOzoneClusterImpl-4dbb2fea-10be-4021-aaff-c3567f88023d/datanode-0/data/ratis/b7ef7b7a-65fb-46db-8379-181fe8ff7413: Starting segment from index:0
2019-09-12 11:36:19,200 [255671a0-6eee-4881-b885-680cdec970b4:group-181FE8FF7413:LeaderElection74] INFO  impl.RaftServerImpl (ServerState.java:setRaftConf(361)) - 255671a0-6eee-4881-b885-680cdec970b4:group-181FE8FF7413 set configuration 0: [255671a0-6eee-4881-b885-680cdec970b4:192.168.36.114:46494], old=null at 0
2019-09-12 11:36:19,210 [Thread-1246] INFO  impl.FollowerState (FollowerState.java:run(106)) - 255671a0-6eee-4881-b885-680cdec970b4:group-303C1ECB0F26 changes to CANDIDATE, lastRpcTime:5128, electionTimeout:5128ms
2019-09-12 11:36:19,210 [Thread-1246] INFO  impl.RoleInfo (RoleInfo.java:shutdownFollowerState(121)) - 255671a0-6eee-4881-b885-680cdec970b4: shutdown FollowerState
2019-09-12 11:36:19,210 [Thread-1246] INFO  impl.RaftServerImpl (RaftServerImpl.java:setRole(171)) - 255671a0-6eee-4881-b885-680cdec970b4:group-303C1ECB0F26 changes role from FOLLOWER to CANDIDATE at term 0 for changeToCandidate
2019-09-12 11:36:19,211 [Thread-1246] INFO  impl.RoleInfo (RoleInfo.java:updateAndGet(143)) - 255671a0-6eee-4881-b885-680cdec970b4: start LeaderElection
2019-09-12 11:36:19,266 [Thread-1258] INFO  impl.FollowerState (FollowerState.java:run(106)) - 255671a0-6eee-4881-b885-680cdec970b4:group-C30091509CD1 changes to CANDIDATE, lastRpcTime:5016, electionTimeout:5016ms
2019-09-12 11:36:19,267 [Thread-1258] INFO  impl.RoleInfo (RoleInfo.java:shutdownFollowerState(121)) - 255671a0-6eee-4881-b885-680cdec970b4: shutdown FollowerState
2019-09-12 11:36:19,267 [Thread-1258] INFO  impl.RaftServerImpl (RaftServerImpl.java:setRole(171)) - 255671a0-6eee-4881-b885-680cdec970b4:group-C30091509CD1 changes role from FOLLOWER to CANDIDATE at term 0 for changeToCandidate
2019-09-12 11:36:19,267 [Thread-1258] INFO  impl.RoleInfo (RoleInfo.java:updateAndGet(143)) - 255671a0-6eee-4881-b885-680cdec970b4: start LeaderElection
2019-09-12 11:36:19,289 [Thread-1255] INFO  impl.FollowerState (FollowerState.java:run(106)) - 255671a0-6eee-4881-b885-680cdec970b4:group-A76FFBEFC615 changes to CANDIDATE, lastRpcTime:5082, electionTimeout:5082ms
2019-09-12 11:36:19,290 [Thread-1255] INFO  impl.RoleInfo (RoleInfo.java:shutdownFollowerState(121)) - 255671a0-6eee-4881-b885-680cdec970b4: shutdown FollowerState
2019-09-12 11:36:19,290 [Thread-1255] INFO  impl.RaftServerImpl (RaftServerImpl.java:setRole(171)) - 255671a0-6eee-4881-b885-680cdec970b4:group-A76FFBEFC615 changes role from FOLLOWER to CANDIDATE at term 0 for changeToCandidate
2019-09-12 11:36:19,290 [Thread-1255] INFO  impl.RoleInfo (RoleInfo.java:updateAndGet(143)) - 255671a0-6eee-4881-b885-680cdec970b4: start LeaderElection
2019-09-12 11:36:19,299 [Thread-1261] INFO  impl.FollowerState (FollowerState.java:run(106)) - 6188b700-e915-4d75-ae21-36a9719dfa93:group-65BEF5B3A24F changes to CANDIDATE, lastRpcTime:5006, electionTimeout:5006ms
2019-09-12 11:36:19,299 [Thread-1261] INFO  impl.RoleInfo (RoleInfo.java:shutdownFollowerState(121)) - 6188b700-e915-4d75-ae21-36a9719dfa93: shutdown FollowerState
2019-09-12 11:36:19,299 [Thread-1261] INFO  impl.RaftServerImpl (RaftServerImpl.java:setRole(171)) - 6188b700-e915-4d75-ae21-36a9719dfa93:group-65BEF5B3A24F changes role from FOLLOWER to CANDIDATE at term 0 for changeToCandidate
2019-09-12 11:36:19,299 [Thread-1261] INFO  impl.RoleInfo (RoleInfo.java:updateAndGet(143)) - 6188b700-e915-4d75-ae21-36a9719dfa93: start LeaderElection
2019-09-12 11:36:19,321 [255671a0-6eee-4881-b885-680cdec970b4-SegmentedRaftLogWorker:Storage Directory /workdir/hadoop-ozone/ozonefs/target/test-dir/MiniOzoneClusterImpl-4dbb2fea-10be-4021-aaff-c3567f88023d/datanode-0/data/ratis/b7ef7b7a-65fb-46db-8379-181fe8ff7413] INFO  segmented.SegmentedRaftLogWorker (SegmentedRaftLogWorker.java:execute(569)) - 255671a0-6eee-4881-b885-680cdec970b4-SegmentedRaftLogWorker:Storage Directory /workdir/hadoop-ozone/ozonefs/target/test-dir/MiniOzoneClusterImpl-4dbb2fea-10be-4021-aaff-c3567f88023d/datanode-0/data/ratis/b7ef7b7a-65fb-46db-8379-181fe8ff7413: created new log segment /workdir/hadoop-ozone/ozonefs/target/test-dir/MiniOzoneClusterImpl-4dbb2fea-10be-4021-aaff-c3567f88023d/datanode-0/data/ratis/b7ef7b7a-65fb-46db-8379-181fe8ff7413/current/log_inprogress_0
2019-09-12 11:36:19,322 [255671a0-6eee-4881-b885-680cdec970b4:group-303C1ECB0F26:LeaderElection75] INFO  impl.LeaderElection (LeaderElection.java:askForVotes(181)) - 255671a0-6eee-4881-b885-680cdec970b4:group-303C1ECB0F26:LeaderElection75: begin an election at term 1 for -1: [255671a0-6eee-4881-b885-680cdec970b4:192.168.36.114:46494], old=null
2019-09-12 11:36:19,322 [255671a0-6eee-4881-b885-680cdec970b4:group-303C1ECB0F26:LeaderElection75] INFO  impl.RoleInfo (RoleInfo.java:shutdownLeaderElection(134)) - 255671a0-6eee-4881-b885-680cdec970b4: shutdown LeaderElection
2019-09-12 11:36:19,322 [255671a0-6eee-4881-b885-680cdec970b4:group-303C1ECB0F26:LeaderElection75] INFO  impl.RaftServerImpl (RaftServerImpl.java:setRole(171)) - 255671a0-6eee-4881-b885-680cdec970b4:group-303C1ECB0F26 changes role from CANDIDATE to LEADER at term 1 for changeToLeader
2019-09-12 11:36:19,322 [255671a0-6eee-4881-b885-680cdec970b4:group-303C1ECB0F26:LeaderElection75] INFO  impl.RaftServerImpl (ServerState.java:setLeader(263)) - 255671a0-6eee-4881-b885-680cdec970b4:group-303C1ECB0F26 change Leader from null to 255671a0-6eee-4881-b885-680cdec970b4 at term 1 for becomeLeader, leader elected after 5246ms
2019-09-12 11:36:19,322 [255671a0-6eee-4881-b885-680cdec970b4:group-303C1ECB0F26:LeaderElection75] INFO  server.RaftServerConfigKeys (ConfUtils.java:logGet(43)) - raft.server.staging.catchup.gap = 1000 (default)
2019-09-12 11:36:19,323 [255671a0-6eee-4881-b885-680cdec970b4:group-303C1ECB0F26:LeaderElection75] INFO  server.RaftServerConfigKeys (ConfUtils.java:logGet(43)) - raft.server.rpc.sleep.time = 25ms (default)
2019-09-12 11:36:19,323 [6188b700-e915-4d75-ae21-36a9719dfa93:group-65BEF5B3A24F:LeaderElection78] INFO  impl.LeaderElection (LeaderElection.java:askForVotes(181)) - 6188b700-e915-4d75-ae21-36a9719dfa93:group-65BEF5B3A24F:LeaderElection78: begin an election at term 1 for -1: [6188b700-e915-4d75-ae21-36a9719dfa93:192.168.36.114:45909], old=null
2019-09-12 11:36:19,323 [255671a0-6eee-4881-b885-680cdec970b4:group-A76FFBEFC615:LeaderElection77] INFO  impl.LeaderElection (LeaderElection.java:askForVotes(181)) - 255671a0-6eee-4881-b885-680cdec970b4:group-A76FFBEFC615:LeaderElection77: begin an election at term 1 for -1: [255671a0-6eee-4881-b885-680cdec970b4:192.168.36.114:46494], old=null
2019-09-12 11:36:19,323 [255671a0-6eee-4881-b885-680cdec970b4:group-C30091509CD1:LeaderElection76] INFO  impl.LeaderElection (LeaderElection.java:askForVotes(181)) - 255671a0-6eee-4881-b885-680cdec970b4:group-C30091509CD1:LeaderElection76: begin an election at term 1 for -1: [255671a0-6eee-4881-b885-680cdec970b4:192.168.36.114:46494], old=null
2019-09-12 11:36:19,323 [255671a0-6eee-4881-b885-680cdec970b4:group-A76FFBEFC615:LeaderElection77] INFO  impl.RoleInfo (RoleInfo.java:shutdownLeaderElection(134)) - 255671a0-6eee-4881-b885-680cdec970b4: shutdown LeaderElection
2019-09-12 11:36:19,323 [6188b700-e915-4d75-ae21-36a9719dfa93:group-65BEF5B3A24F:LeaderElection78] INFO  impl.RoleInfo (RoleInfo.java:shutdownLeaderElection(134)) - 6188b700-e915-4d75-ae21-36a9719dfa93: shutdown LeaderElection
2019-09-12 11:36:19,323 [255671a0-6eee-4881-b885-680cdec970b4:group-303C1ECB0F26:LeaderElection75] INFO  server.RaftServerConfigKeys (ConfUtils.java:logGet(43)) - raft.server.write.element-limit = 4096 (default)
2019-09-12 11:36:19,323 [6188b700-e915-4d75-ae21-36a9719dfa93:group-65BEF5B3A24F:LeaderElection78] INFO  impl.RaftServerImpl (RaftServerImpl.java:setRole(171)) - 6188b700-e915-4d75-ae21-36a9719dfa93:group-65BEF5B3A24F changes role from CANDIDATE to LEADER at term 1 for changeToLeader
2019-09-12 11:36:19,323 [255671a0-6eee-4881-b885-680cdec970b4:group-A76FFBEFC615:LeaderElection77] INFO  impl.RaftServerImpl (RaftServerImpl.java:setRole(171)) - 255671a0-6eee-4881-b885-680cdec970b4:group-A76FFBEFC615 changes role from CANDIDATE to LEADER at term 1 for changeToLeader
2019-09-12 11:36:19,323 [255671a0-6eee-4881-b885-680cdec970b4:group-A76FFBEFC615:LeaderElection77] INFO  impl.RaftServerImpl (ServerState.java:setLeader(263)) - 255671a0-6eee-4881-b885-680cdec970b4:group-A76FFBEFC615 change Leader from null to 255671a0-6eee-4881-b885-680cdec970b4 at term 1 for becomeLeader, leader elected after 5120ms
2019-09-12 11:36:19,323 [255671a0-6eee-4881-b885-680cdec970b4:group-C30091509CD1:LeaderElection76] INFO  impl.RoleInfo (RoleInfo.java:shutdownLeaderElection(134)) - 255671a0-6eee-4881-b885-680cdec970b4: shutdown LeaderElection
2019-09-12 11:36:19,324 [255671a0-6eee-4881-b885-680cdec970b4:group-A76FFBEFC615:LeaderElection77] INFO  server.RaftServerConfigKeys (ConfUtils.java:logGet(43)) - raft.server.staging.catchup.gap = 1000 (default)
2019-09-12 11:36:19,324 [255671a0-6eee-4881-b885-680cdec970b4:group-A76FFBEFC615:LeaderElection77] INFO  server.RaftServerConfigKeys (ConfUtils.java:logGet(43)) - raft.server.rpc.sleep.time = 25ms (default)
2019-09-12 11:36:19,323 [6188b700-e915-4d75-ae21-36a9719dfa93:group-65BEF5B3A24F:LeaderElection78] INFO  impl.RaftServerImpl (ServerState.java:setLeader(263)) - 6188b700-e915-4d75-ae21-36a9719dfa93:group-65BEF5B3A24F change Leader from null to 6188b700-e915-4d75-ae21-36a9719dfa93 at term 1 for becomeLeader, leader elected after 5034ms
2019-09-12 11:36:19,323 [255671a0-6eee-4881-b885-680cdec970b4:group-303C1ECB0F26:LeaderElection75] INFO  server.RaftServerConfigKeys (ConfUtils.java:logGet(43)) - raft.server.watch.timeout = 10s (default)
2019-09-12 11:36:19,324 [6188b700-e915-4d75-ae21-36a9719dfa93:group-65BEF5B3A24F:LeaderElection78] INFO  server.RaftServerConfigKeys (ConfUtils.java:logGet(43)) - raft.server.staging.catchup.gap = 1000 (default)
2019-09-12 11:36:19,324 [255671a0-6eee-4881-b885-680cdec970b4:group-A76FFBEFC615:LeaderElection77] INFO  server.RaftServerConfigKeys (ConfUtils.java:logGet(43)) - raft.server.write.element-limit = 4096 (default)
2019-09-12 11:36:19,324 [255671a0-6eee-4881-b885-680cdec970b4:group-C30091509CD1:LeaderElection76] INFO  impl.RaftServerImpl (RaftServerImpl.java:setRole(171)) - 255671a0-6eee-4881-b885-680cdec970b4:group-C30091509CD1 changes role from CANDIDATE to LEADER at term 1 for changeToLeader
2019-09-12 11:36:19,324 [255671a0-6eee-4881-b885-680cdec970b4:group-A76FFBEFC615:LeaderElection77] INFO  server.RaftServerConfigKeys (ConfUtils.java:logGet(43)) - raft.server.watch.timeout = 10s (default)
2019-09-12 11:36:19,324 [6188b700-e915-4d75-ae21-36a9719dfa93:group-65BEF5B3A24F:LeaderElection78] INFO  server.RaftServerConfigKeys (ConfUtils.java:logGet(43)) - raft.server.rpc.sleep.time = 25ms (default)
2019-09-12 11:36:19,324 [255671a0-6eee-4881-b885-680cdec970b4:group-303C1ECB0F26:LeaderElection75] INFO  server.RaftServerConfigKeys (ConfUtils.java:logGet(43)) - raft.server.watch.timeout.denomination = 1s (default)
2019-09-12 11:36:19,325 [6188b700-e915-4d75-ae21-36a9719dfa93:group-65BEF5B3A24F:LeaderElection78] INFO  server.RaftServerConfigKeys (ConfUtils.java:logGet(43)) - raft.server.write.element-limit = 4096 (default)
2019-09-12 11:36:19,324 [255671a0-6eee-4881-b885-680cdec970b4:group-A76FFBEFC615:LeaderElection77] INFO  server.RaftServerConfigKeys (ConfUtils.java:logGet(43)) - raft.server.watch.timeout.denomination = 1s (default)
2019-09-12 11:36:19,324 [255671a0-6eee-4881-b885-680cdec970b4:group-C30091509CD1:LeaderElection76] INFO  impl.RaftServerImpl (ServerState.java:setLeader(263)) - 255671a0-6eee-4881-b885-680cdec970b4:group-C30091509CD1 change Leader from null to 255671a0-6eee-4881-b885-680cdec970b4 at term 1 for becomeLeader, leader elected after 5078ms
2019-09-12 11:36:19,325 [255671a0-6eee-4881-b885-680cdec970b4:group-A76FFBEFC615:LeaderElection77] INFO  server.RaftServerConfigKeys (ConfUtils.java:logGet(43)) - raft.server.watch.element-limit = 65536 (default)
2019-09-12 11:36:19,325 [6188b700-e915-4d75-ae21-36a9719dfa93:group-65BEF5B3A24F:LeaderElection78] INFO  server.RaftServerConfigKeys (ConfUtils.java:logGet(43)) - raft.server.watch.timeout = 10s (default)
2019-09-12 11:36:19,325 [255671a0-6eee-4881-b885-680cdec970b4:group-303C1ECB0F26:LeaderElection75] INFO  server.RaftServerConfigKeys (ConfUtils.java:logGet(43)) - raft.server.watch.element-limit = 65536 (default)
2019-09-12 11:36:19,325 [6188b700-e915-4d75-ae21-36a9719dfa93:group-65BEF5B3A24F:LeaderElection78] INFO  server.RaftServerConfigKeys (ConfUtils.java:logGet(43)) - raft.server.watch.timeout.denomination = 1s (default)
2019-09-12 11:36:19,325 [255671a0-6eee-4881-b885-680cdec970b4:group-A76FFBEFC615:LeaderElection77] INFO  impl.RoleInfo (RoleInfo.java:updateAndGet(143)) - 255671a0-6eee-4881-b885-680cdec970b4: start LeaderState
2019-09-12 11:36:19,325 [255671a0-6eee-4881-b885-680cdec970b4:group-C30091509CD1:LeaderElection76] INFO  server.RaftServerConfigKeys (ConfUtils.java:logGet(43)) - raft.server.staging.catchup.gap = 1000 (default)
2019-09-12 11:36:19,325 [6188b700-e915-4d75-ae21-36a9719dfa93:group-65BEF5B3A24F:LeaderElection78] INFO  server.RaftServerConfigKeys (ConfUtils.java:logGet(43)) - raft.server.watch.element-limit = 65536 (default)
2019-09-12 11:36:19,325 [255671a0-6eee-4881-b885-680cdec970b4:group-303C1ECB0F26:LeaderElection75] INFO  impl.RoleInfo (RoleInfo.java:updateAndGet(143)) - 255671a0-6eee-4881-b885-680cdec970b4: start LeaderState
2019-09-12 11:36:19,326 [6188b700-e915-4d75-ae21-36a9719dfa93:group-65BEF5B3A24F:LeaderElection78] INFO  impl.RoleInfo (RoleInfo.java:updateAndGet(143)) - 6188b700-e915-4d75-ae21-36a9719dfa93: start LeaderState
2019-09-12 11:36:19,326 [255671a0-6eee-4881-b885-680cdec970b4:group-A76FFBEFC615:LeaderElection77] INFO  segmented.SegmentedRaftLogWorker (SegmentedRaftLogWorker.java:startLogSegment(380)) - 255671a0-6eee-4881-b885-680cdec970b4-SegmentedRaftLogWorker:Storage Directory /workdir/hadoop-ozone/ozonefs/target/test-dir/MiniOzoneClusterImpl-4dbb2fea-10be-4021-aaff-c3567f88023d/datanode-0/data/ratis/53ee4720-ec7e-4cde-aa9a-a76ffbefc615: Starting segment from index:0
2019-09-12 11:36:19,326 [255671a0-6eee-4881-b885-680cdec970b4:group-C30091509CD1:LeaderElection76] INFO  server.RaftServerConfigKeys (ConfUtils.java:logGet(43)) - raft.server.rpc.sleep.time = 25ms (default)
2019-09-12 11:36:19,326 [6188b700-e915-4d75-ae21-36a9719dfa93:group-65BEF5B3A24F:LeaderElection78] INFO  segmented.SegmentedRaftLogWorker (SegmentedRaftLogWorker.java:startLogSegment(380)) - 6188b700-e915-4d75-ae21-36a9719dfa93-SegmentedRaftLogWorker:Storage Directory /workdir/hadoop-ozone/ozonefs/target/test-dir/MiniOzoneClusterImpl-4dbb2fea-10be-4021-aaff-c3567f88023d/datanode-1/data/ratis/c16c7c3b-83cc-4d2d-bc90-65bef5b3a24f: Starting segment from index:0
2019-09-12 11:36:19,326 [255671a0-6eee-4881-b885-680cdec970b4:group-303C1ECB0F26:LeaderElection75] INFO  segmented.SegmentedRaftLogWorker (SegmentedRaftLogWorker.java:startLogSegment(380)) - 255671a0-6eee-4881-b885-680cdec970b4-SegmentedRaftLogWorker:Storage Directory /workdir/hadoop-ozone/ozonefs/target/test-dir/MiniOzoneClusterImpl-4dbb2fea-10be-4021-aaff-c3567f88023d/datanode-0/data/ratis/20f02a71-a2e2-411b-942d-303c1ecb0f26: Starting segment from index:0
2019-09-12 11:36:19,326 [255671a0-6eee-4881-b885-680cdec970b4:group-A76FFBEFC615:LeaderElection77] INFO  impl.RaftServerImpl (ServerState.java:setRaftConf(361)) - 255671a0-6eee-4881-b885-680cdec970b4:group-A76FFBEFC615 set configuration 0: [255671a0-6eee-4881-b885-680cdec970b4:192.168.36.114:46494], old=null at 0
2019-09-12 11:36:19,326 [255671a0-6eee-4881-b885-680cdec970b4:group-C30091509CD1:LeaderElection76] INFO  server.RaftServerConfigKeys (ConfUtils.java:logGet(43)) - raft.server.write.element-limit = 4096 (default)
2019-09-12 11:36:19,327 [6188b700-e915-4d75-ae21-36a9719dfa93:group-65BEF5B3A24F:LeaderElection78] INFO  impl.RaftServerImpl (ServerState.java:setRaftConf(361)) - 6188b700-e915-4d75-ae21-36a9719dfa93:group-65BEF5B3A24F set configuration 0: [6188b700-e915-4d75-ae21-36a9719dfa93:192.168.36.114:45909], old=null at 0
2019-09-12 11:36:19,327 [255671a0-6eee-4881-b885-680cdec970b4:group-C30091509CD1:LeaderElection76] INFO  server.RaftServerConfigKeys (ConfUtils.java:logGet(43)) - raft.server.watch.timeout = 10s (default)
2019-09-12 11:36:19,327 [255671a0-6eee-4881-b885-680cdec970b4:group-303C1ECB0F26:LeaderElection75] INFO  impl.RaftServerImpl (ServerState.java:setRaftConf(361)) - 255671a0-6eee-4881-b885-680cdec970b4:group-303C1ECB0F26 set configuration 0: [255671a0-6eee-4881-b885-680cdec970b4:192.168.36.114:46494], old=null at 0
2019-09-12 11:36:19,327 [255671a0-6eee-4881-b885-680cdec970b4:group-C30091509CD1:LeaderElection76] INFO  server.RaftServerConfigKeys (ConfUtils.java:logGet(43)) - raft.server.watch.timeout.denomination = 1s (default)
2019-09-12 11:36:19,327 [255671a0-6eee-4881-b885-680cdec970b4:group-C30091509CD1:LeaderElection76] INFO  server.RaftServerConfigKeys (ConfUtils.java:logGet(43)) - raft.server.watch.element-limit = 65536 (default)
2019-09-12 11:36:19,327 [255671a0-6eee-4881-b885-680cdec970b4:group-C30091509CD1:LeaderElection76] INFO  impl.RoleInfo (RoleInfo.java:updateAndGet(143)) - 255671a0-6eee-4881-b885-680cdec970b4: start LeaderState
2019-09-12 11:36:19,327 [255671a0-6eee-4881-b885-680cdec970b4:group-C30091509CD1:LeaderElection76] INFO  segmented.SegmentedRaftLogWorker (SegmentedRaftLogWorker.java:startLogSegment(380)) - 255671a0-6eee-4881-b885-680cdec970b4-SegmentedRaftLogWorker:Storage Directory /workdir/hadoop-ozone/ozonefs/target/test-dir/MiniOzoneClusterImpl-4dbb2fea-10be-4021-aaff-c3567f88023d/datanode-0/data/ratis/f360e355-d4e1-4686-8e57-c30091509cd1: Starting segment from index:0
2019-09-12 11:36:19,328 [255671a0-6eee-4881-b885-680cdec970b4:group-C30091509CD1:LeaderElection76] INFO  impl.RaftServerImpl (ServerState.java:setRaftConf(361)) - 255671a0-6eee-4881-b885-680cdec970b4:group-C30091509CD1 set configuration 0: [255671a0-6eee-4881-b885-680cdec970b4:192.168.36.114:46494], old=null at 0
2019-09-12 11:36:19,365 [Thread-1264] INFO  impl.FollowerState (FollowerState.java:run(106)) - 6188b700-e915-4d75-ae21-36a9719dfa93:group-8FCE234AE035 changes to CANDIDATE, lastRpcTime:5035, electionTimeout:5035ms
2019-09-12 11:36:19,365 [Thread-1264] INFO  impl.RoleInfo (RoleInfo.java:shutdownFollowerState(121)) - 6188b700-e915-4d75-ae21-36a9719dfa93: shutdown FollowerState
2019-09-12 11:36:19,365 [Thread-1264] INFO  impl.RaftServerImpl (RaftServerImpl.java:setRole(171)) - 6188b700-e915-4d75-ae21-36a9719dfa93:group-8FCE234AE035 changes role from FOLLOWER to CANDIDATE at term 0 for changeToCandidate
2019-09-12 11:36:19,365 [Thread-1264] INFO  impl.RoleInfo (RoleInfo.java:updateAndGet(143)) - 6188b700-e915-4d75-ae21-36a9719dfa93: start LeaderElection
2019-09-12 11:36:19,366 [255671a0-6eee-4881-b885-680cdec970b4-SegmentedRaftLogWorker:Storage Directory /workdir/hadoop-ozone/ozonefs/target/test-dir/MiniOzoneClusterImpl-4dbb2fea-10be-4021-aaff-c3567f88023d/datanode-0/data/ratis/53ee4720-ec7e-4cde-aa9a-a76ffbefc615] INFO  segmented.SegmentedRaftLogWorker (SegmentedRaftLogWorker.java:execute(569)) - 255671a0-6eee-4881-b885-680cdec970b4-SegmentedRaftLogWorker:Storage Directory /workdir/hadoop-ozone/ozonefs/target/test-dir/MiniOzoneClusterImpl-4dbb2fea-10be-4021-aaff-c3567f88023d/datanode-0/data/ratis/53ee4720-ec7e-4cde-aa9a-a76ffbefc615: created new log segment /workdir/hadoop-ozone/ozonefs/target/test-dir/MiniOzoneClusterImpl-4dbb2fea-10be-4021-aaff-c3567f88023d/datanode-0/data/ratis/53ee4720-ec7e-4cde-aa9a-a76ffbefc615/current/log_inprogress_0
2019-09-12 11:36:19,366 [255671a0-6eee-4881-b885-680cdec970b4-SegmentedRaftLogWorker:Storage Directory /workdir/hadoop-ozone/ozonefs/target/test-dir/MiniOzoneClusterImpl-4dbb2fea-10be-4021-aaff-c3567f88023d/datanode-0/data/ratis/f360e355-d4e1-4686-8e57-c30091509cd1] INFO  segmented.SegmentedRaftLogWorker (SegmentedRaftLogWorker.java:execute(569)) - 255671a0-6eee-4881-b885-680cdec970b4-SegmentedRaftLogWorker:Storage Directory /workdir/hadoop-ozone/ozonefs/target/test-dir/MiniOzoneClusterImpl-4dbb2fea-10be-4021-aaff-c3567f88023d/datanode-0/data/ratis/f360e355-d4e1-4686-8e57-c30091509cd1: created new log segment /workdir/hadoop-ozone/ozonefs/target/test-dir/MiniOzoneClusterImpl-4dbb2fea-10be-4021-aaff-c3567f88023d/datanode-0/data/ratis/f360e355-d4e1-4686-8e57-c30091509cd1/current/log_inprogress_0
2019-09-12 11:36:19,366 [6188b700-e915-4d75-ae21-36a9719dfa93-SegmentedRaftLogWorker:Storage Directory /workdir/hadoop-ozone/ozonefs/target/test-dir/MiniOzoneClusterImpl-4dbb2fea-10be-4021-aaff-c3567f88023d/datanode-1/data/ratis/c16c7c3b-83cc-4d2d-bc90-65bef5b3a24f] INFO  segmented.SegmentedRaftLogWorker (SegmentedRaftLogWorker.java:execute(569)) - 6188b700-e915-4d75-ae21-36a9719dfa93-SegmentedRaftLogWorker:Storage Directory /workdir/hadoop-ozone/ozonefs/target/test-dir/MiniOzoneClusterImpl-4dbb2fea-10be-4021-aaff-c3567f88023d/datanode-1/data/ratis/c16c7c3b-83cc-4d2d-bc90-65bef5b3a24f: created new log segment /workdir/hadoop-ozone/ozonefs/target/test-dir/MiniOzoneClusterImpl-4dbb2fea-10be-4021-aaff-c3567f88023d/datanode-1/data/ratis/c16c7c3b-83cc-4d2d-bc90-65bef5b3a24f/current/log_inprogress_0
2019-09-12 11:36:19,366 [255671a0-6eee-4881-b885-680cdec970b4-SegmentedRaftLogWorker:Storage Directory /workdir/hadoop-ozone/ozonefs/target/test-dir/MiniOzoneClusterImpl-4dbb2fea-10be-4021-aaff-c3567f88023d/datanode-0/data/ratis/20f02a71-a2e2-411b-942d-303c1ecb0f26] INFO  segmented.SegmentedRaftLogWorker (SegmentedRaftLogWorker.java:execute(569)) - 255671a0-6eee-4881-b885-680cdec970b4-SegmentedRaftLogWorker:Storage Directory /workdir/hadoop-ozone/ozonefs/target/test-dir/MiniOzoneClusterImpl-4dbb2fea-10be-4021-aaff-c3567f88023d/datanode-0/data/ratis/20f02a71-a2e2-411b-942d-303c1ecb0f26: created new log segment /workdir/hadoop-ozone/ozonefs/target/test-dir/MiniOzoneClusterImpl-4dbb2fea-10be-4021-aaff-c3567f88023d/datanode-0/data/ratis/20f02a71-a2e2-411b-942d-303c1ecb0f26/current/log_inprogress_0
2019-09-12 11:36:19,380 [6188b700-e915-4d75-ae21-36a9719dfa93:group-8FCE234AE035:LeaderElection79] INFO  impl.LeaderElection (LeaderElection.java:askForVotes(181)) - 6188b700-e915-4d75-ae21-36a9719dfa93:group-8FCE234AE035:LeaderElection79: begin an election at term 1 for -1: [6188b700-e915-4d75-ae21-36a9719dfa93:192.168.36.114:45909], old=null
2019-09-12 11:36:19,380 [6188b700-e915-4d75-ae21-36a9719dfa93:group-8FCE234AE035:LeaderElection79] INFO  impl.RoleInfo (RoleInfo.java:shutdownLeaderElection(134)) - 6188b700-e915-4d75-ae21-36a9719dfa93: shutdown LeaderElection
2019-09-12 11:36:19,380 [6188b700-e915-4d75-ae21-36a9719dfa93:group-8FCE234AE035:LeaderElection79] INFO  impl.RaftServerImpl (RaftServerImpl.java:setRole(171)) - 6188b700-e915-4d75-ae21-36a9719dfa93:group-8FCE234AE035 changes role from CANDIDATE to LEADER at term 1 for changeToLeader
2019-09-12 11:36:19,380 [6188b700-e915-4d75-ae21-36a9719dfa93:group-8FCE234AE035:LeaderElection79] INFO  impl.RaftServerImpl (ServerState.java:setLeader(263)) - 6188b700-e915-4d75-ae21-36a9719dfa93:group-8FCE234AE035 change Leader from null to 6188b700-e915-4d75-ae21-36a9719dfa93 at term 1 for becomeLeader, leader elected after 5053ms
2019-09-12 11:36:19,380 [6188b700-e915-4d75-ae21-36a9719dfa93:group-8FCE234AE035:LeaderElection79] INFO  server.RaftServerConfigKeys (ConfUtils.java:logGet(43)) - raft.server.staging.catchup.gap = 1000 (default)
2019-09-12 11:36:19,381 [6188b700-e915-4d75-ae21-36a9719dfa93:group-8FCE234AE035:LeaderElection79] INFO  server.RaftServerConfigKeys (ConfUtils.java:logGet(43)) - raft.server.rpc.sleep.time = 25ms (default)
2019-09-12 11:36:19,381 [6188b700-e915-4d75-ae21-36a9719dfa93:group-8FCE234AE035:LeaderElection79] INFO  server.RaftServerConfigKeys (ConfUtils.java:logGet(43)) - raft.server.write.element-limit = 4096 (default)
2019-09-12 11:36:19,381 [6188b700-e915-4d75-ae21-36a9719dfa93:group-8FCE234AE035:LeaderElection79] INFO  server.RaftServerConfigKeys (ConfUtils.java:logGet(43)) - raft.server.watch.timeout = 10s (default)
2019-09-12 11:36:19,381 [6188b700-e915-4d75-ae21-36a9719dfa93:group-8FCE234AE035:LeaderElection79] INFO  server.RaftServerConfigKeys (ConfUtils.java:logGet(43)) - raft.server.watch.timeout.denomination = 1s (default)
2019-09-12 11:36:19,381 [6188b700-e915-4d75-ae21-36a9719dfa93:group-8FCE234AE035:LeaderElection79] INFO  server.RaftServerConfigKeys (ConfUtils.java:logGet(43)) - raft.server.watch.element-limit = 65536 (default)
2019-09-12 11:36:19,381 [6188b700-e915-4d75-ae21-36a9719dfa93:group-8FCE234AE035:LeaderElection79] INFO  impl.RoleInfo (RoleInfo.java:updateAndGet(143)) - 6188b700-e915-4d75-ae21-36a9719dfa93: start LeaderState
2019-09-12 11:36:19,382 [6188b700-e915-4d75-ae21-36a9719dfa93:group-8FCE234AE035:LeaderElection79] INFO  segmented.SegmentedRaftLogWorker (SegmentedRaftLogWorker.java:startLogSegment(380)) - 6188b700-e915-4d75-ae21-36a9719dfa93-SegmentedRaftLogWorker:Storage Directory /workdir/hadoop-ozone/ozonefs/target/test-dir/MiniOzoneClusterImpl-4dbb2fea-10be-4021-aaff-c3567f88023d/datanode-1/data/ratis/6dab9468-ffc6-41a1-aed2-8fce234ae035: Starting segment from index:0
2019-09-12 11:36:19,382 [6188b700-e915-4d75-ae21-36a9719dfa93:group-8FCE234AE035:LeaderElection79] INFO  impl.RaftServerImpl (ServerState.java:setRaftConf(361)) - 6188b700-e915-4d75-ae21-36a9719dfa93:group-8FCE234AE035 set configuration 0: [6188b700-e915-4d75-ae21-36a9719dfa93:192.168.36.114:45909], old=null at 0
2019-09-12 11:36:19,385 [Thread-1270] INFO  impl.FollowerState (FollowerState.java:run(106)) - 6188b700-e915-4d75-ae21-36a9719dfa93:group-B3C9EEC02850 changes to CANDIDATE, lastRpcTime:5002, electionTimeout:5002ms
2019-09-12 11:36:19,385 [Thread-1270] INFO  impl.RoleInfo (RoleInfo.java:shutdownFollowerState(121)) - 6188b700-e915-4d75-ae21-36a9719dfa93: shutdown FollowerState
2019-09-12 11:36:19,385 [Thread-1270] INFO  impl.RaftServerImpl (RaftServerImpl.java:setRole(171)) - 6188b700-e915-4d75-ae21-36a9719dfa93:group-B3C9EEC02850 changes role from FOLLOWER to CANDIDATE at term 0 for changeToCandidate
2019-09-12 11:36:19,386 [Thread-1270] INFO  impl.RoleInfo (RoleInfo.java:updateAndGet(143)) - 6188b700-e915-4d75-ae21-36a9719dfa93: start LeaderElection
2019-09-12 11:36:19,391 [6188b700-e915-4d75-ae21-36a9719dfa93:group-B3C9EEC02850:LeaderElection80] INFO  impl.LeaderElection (LeaderElection.java:askForVotes(181)) - 6188b700-e915-4d75-ae21-36a9719dfa93:group-B3C9EEC02850:LeaderElection80: begin an election at term 1 for -1: [6188b700-e915-4d75-ae21-36a9719dfa93:192.168.36.114:45909], old=null
2019-09-12 11:36:19,391 [6188b700-e915-4d75-ae21-36a9719dfa93:group-B3C9EEC02850:LeaderElection80] INFO  impl.RoleInfo (RoleInfo.java:shutdownLeaderElection(134)) - 6188b700-e915-4d75-ae21-36a9719dfa93: shutdown LeaderElection
2019-09-12 11:36:19,391 [6188b700-e915-4d75-ae21-36a9719dfa93:group-B3C9EEC02850:LeaderElection80] INFO  impl.RaftServerImpl (RaftServerImpl.java:setRole(171)) - 6188b700-e915-4d75-ae21-36a9719dfa93:group-B3C9EEC02850 changes role from CANDIDATE to LEADER at term 1 for changeToLeader
2019-09-12 11:36:19,391 [6188b700-e915-4d75-ae21-36a9719dfa93:group-B3C9EEC02850:LeaderElection80] INFO  impl.RaftServerImpl (ServerState.java:setLeader(263)) - 6188b700-e915-4d75-ae21-36a9719dfa93:group-B3C9EEC02850 change Leader from null to 6188b700-e915-4d75-ae21-36a9719dfa93 at term 1 for becomeLeader, leader elected after 5013ms
2019-09-12 11:36:19,391 [6188b700-e915-4d75-ae21-36a9719dfa93:group-B3C9EEC02850:LeaderElection80] INFO  server.RaftServerConfigKeys (ConfUtils.java:logGet(43)) - raft.server.staging.catchup.gap = 1000 (default)
2019-09-12 11:36:19,391 [6188b700-e915-4d75-ae21-36a9719dfa93:group-B3C9EEC02850:LeaderElection80] INFO  server.RaftServerConfigKeys (ConfUtils.java:logGet(43)) - raft.server.rpc.sleep.time = 25ms (default)
2019-09-12 11:36:19,392 [6188b700-e915-4d75-ae21-36a9719dfa93:group-B3C9EEC02850:LeaderElection80] INFO  server.RaftServerConfigKeys (ConfUtils.java:logGet(43)) - raft.server.write.element-limit = 4096 (default)
2019-09-12 11:36:19,392 [6188b700-e915-4d75-ae21-36a9719dfa93:group-B3C9EEC02850:LeaderElection80] INFO  server.RaftServerConfigKeys (ConfUtils.java:logGet(43)) - raft.server.watch.timeout = 10s (default)
2019-09-12 11:36:19,392 [6188b700-e915-4d75-ae21-36a9719dfa93:group-B3C9EEC02850:LeaderElection80] INFO  server.RaftServerConfigKeys (ConfUtils.java:logGet(43)) - raft.server.watch.timeout.denomination = 1s (default)
2019-09-12 11:36:19,392 [6188b700-e915-4d75-ae21-36a9719dfa93:group-B3C9EEC02850:LeaderElection80] INFO  server.RaftServerConfigKeys (ConfUtils.java:logGet(43)) - raft.server.watch.element-limit = 65536 (default)
2019-09-12 11:36:19,392 [6188b700-e915-4d75-ae21-36a9719dfa93:group-B3C9EEC02850:LeaderElection80] INFO  impl.RoleInfo (RoleInfo.java:updateAndGet(143)) - 6188b700-e915-4d75-ae21-36a9719dfa93: start LeaderState
2019-09-12 11:36:19,392 [6188b700-e915-4d75-ae21-36a9719dfa93:group-B3C9EEC02850:LeaderElection80] INFO  segmented.SegmentedRaftLogWorker (SegmentedRaftLogWorker.java:startLogSegment(380)) - 6188b700-e915-4d75-ae21-36a9719dfa93-SegmentedRaftLogWorker:Storage Directory /workdir/hadoop-ozone/ozonefs/target/test-dir/MiniOzoneClusterImpl-4dbb2fea-10be-4021-aaff-c3567f88023d/datanode-1/data/ratis/ff814b0f-e75d-4a75-8e89-b3c9eec02850: Starting segment from index:0
2019-09-12 11:36:19,392 [6188b700-e915-4d75-ae21-36a9719dfa93:group-B3C9EEC02850:LeaderElection80] INFO  impl.RaftServerImpl (ServerState.java:setRaftConf(361)) - 6188b700-e915-4d75-ae21-36a9719dfa93:group-B3C9EEC02850 set configuration 0: [6188b700-e915-4d75-ae21-36a9719dfa93:192.168.36.114:45909], old=null at 0
2019-09-12 11:36:19,423 | INFO  | SCMAudit | user=jenkins1000 | ip=192.168.36.114 | op=SEND_HEARTBEAT {datanodeUUID=7b2637ea-ef1f-4282-b770-2a49c6d41191, command=[]} | ret=SUCCESS |  
2019-09-12 11:36:19,425 [6188b700-e915-4d75-ae21-36a9719dfa93-SegmentedRaftLogWorker:Storage Directory /workdir/hadoop-ozone/ozonefs/target/test-dir/MiniOzoneClusterImpl-4dbb2fea-10be-4021-aaff-c3567f88023d/datanode-1/data/ratis/ff814b0f-e75d-4a75-8e89-b3c9eec02850] INFO  segmented.SegmentedRaftLogWorker (SegmentedRaftLogWorker.java:execute(569)) - 6188b700-e915-4d75-ae21-36a9719dfa93-SegmentedRaftLogWorker:Storage Directory /workdir/hadoop-ozone/ozonefs/target/test-dir/MiniOzoneClusterImpl-4dbb2fea-10be-4021-aaff-c3567f88023d/datanode-1/data/ratis/ff814b0f-e75d-4a75-8e89-b3c9eec02850: created new log segment /workdir/hadoop-ozone/ozonefs/target/test-dir/MiniOzoneClusterImpl-4dbb2fea-10be-4021-aaff-c3567f88023d/datanode-1/data/ratis/ff814b0f-e75d-4a75-8e89-b3c9eec02850/current/log_inprogress_0
2019-09-12 11:36:19,425 [6188b700-e915-4d75-ae21-36a9719dfa93-SegmentedRaftLogWorker:Storage Directory /workdir/hadoop-ozone/ozonefs/target/test-dir/MiniOzoneClusterImpl-4dbb2fea-10be-4021-aaff-c3567f88023d/datanode-1/data/ratis/6dab9468-ffc6-41a1-aed2-8fce234ae035] INFO  segmented.SegmentedRaftLogWorker (SegmentedRaftLogWorker.java:execute(569)) - 6188b700-e915-4d75-ae21-36a9719dfa93-SegmentedRaftLogWorker:Storage Directory /workdir/hadoop-ozone/ozonefs/target/test-dir/MiniOzoneClusterImpl-4dbb2fea-10be-4021-aaff-c3567f88023d/datanode-1/data/ratis/6dab9468-ffc6-41a1-aed2-8fce234ae035: created new log segment /workdir/hadoop-ozone/ozonefs/target/test-dir/MiniOzoneClusterImpl-4dbb2fea-10be-4021-aaff-c3567f88023d/datanode-1/data/ratis/6dab9468-ffc6-41a1-aed2-8fce234ae035/current/log_inprogress_0
2019-09-12 11:36:19,431 [Thread-1267] INFO  impl.FollowerState (FollowerState.java:run(106)) - 255671a0-6eee-4881-b885-680cdec970b4:group-A2DD32D32301 changes to CANDIDATE, lastRpcTime:5080, electionTimeout:5080ms
2019-09-12 11:36:19,431 [Thread-1267] INFO  impl.RoleInfo (RoleInfo.java:shutdownFollowerState(121)) - 255671a0-6eee-4881-b885-680cdec970b4: shutdown FollowerState
2019-09-12 11:36:19,431 [Thread-1267] INFO  impl.RaftServerImpl (RaftServerImpl.java:setRole(171)) - 255671a0-6eee-4881-b885-680cdec970b4:group-A2DD32D32301 changes role from FOLLOWER to CANDIDATE at term 0 for changeToCandidate
2019-09-12 11:36:19,431 [Thread-1267] INFO  impl.RoleInfo (RoleInfo.java:updateAndGet(143)) - 255671a0-6eee-4881-b885-680cdec970b4: start LeaderElection
2019-09-12 11:36:19,434 [Thread-1273] INFO  impl.FollowerState (FollowerState.java:run(106)) - 6188b700-e915-4d75-ae21-36a9719dfa93:group-7F890450A3AE changes to CANDIDATE, lastRpcTime:5015, electionTimeout:5015ms
2019-09-12 11:36:19,434 [Thread-1273] INFO  impl.RoleInfo (RoleInfo.java:shutdownFollowerState(121)) - 6188b700-e915-4d75-ae21-36a9719dfa93: shutdown FollowerState
2019-09-12 11:36:19,434 [Thread-1273] INFO  impl.RaftServerImpl (RaftServerImpl.java:setRole(171)) - 6188b700-e915-4d75-ae21-36a9719dfa93:group-7F890450A3AE changes role from FOLLOWER to CANDIDATE at term 0 for changeToCandidate
2019-09-12 11:36:19,435 [Thread-1273] INFO  impl.RoleInfo (RoleInfo.java:updateAndGet(143)) - 6188b700-e915-4d75-ae21-36a9719dfa93: start LeaderElection
2019-09-12 11:36:19,440 [255671a0-6eee-4881-b885-680cdec970b4:group-A2DD32D32301:LeaderElection81] INFO  impl.LeaderElection (LeaderElection.java:askForVotes(181)) - 255671a0-6eee-4881-b885-680cdec970b4:group-A2DD32D32301:LeaderElection81: begin an election at term 1 for -1: [255671a0-6eee-4881-b885-680cdec970b4:192.168.36.114:46494], old=null
2019-09-12 11:36:19,440 [6188b700-e915-4d75-ae21-36a9719dfa93:group-7F890450A3AE:LeaderElection82] INFO  impl.LeaderElection (LeaderElection.java:askForVotes(181)) - 6188b700-e915-4d75-ae21-36a9719dfa93:group-7F890450A3AE:LeaderElection82: begin an election at term 1 for -1: [6188b700-e915-4d75-ae21-36a9719dfa93:192.168.36.114:45909], old=null
2019-09-12 11:36:19,440 [255671a0-6eee-4881-b885-680cdec970b4:group-A2DD32D32301:LeaderElection81] INFO  impl.RoleInfo (RoleInfo.java:shutdownLeaderElection(134)) - 255671a0-6eee-4881-b885-680cdec970b4: shutdown LeaderElection
2019-09-12 11:36:19,440 [6188b700-e915-4d75-ae21-36a9719dfa93:group-7F890450A3AE:LeaderElection82] INFO  impl.RoleInfo (RoleInfo.java:shutdownLeaderElection(134)) - 6188b700-e915-4d75-ae21-36a9719dfa93: shutdown LeaderElection
2019-09-12 11:36:19,440 [255671a0-6eee-4881-b885-680cdec970b4:group-A2DD32D32301:LeaderElection81] INFO  impl.RaftServerImpl (RaftServerImpl.java:setRole(171)) - 255671a0-6eee-4881-b885-680cdec970b4:group-A2DD32D32301 changes role from CANDIDATE to LEADER at term 1 for changeToLeader
2019-09-12 11:36:19,441 [6188b700-e915-4d75-ae21-36a9719dfa93:group-7F890450A3AE:LeaderElection82] INFO  impl.RaftServerImpl (RaftServerImpl.java:setRole(171)) - 6188b700-e915-4d75-ae21-36a9719dfa93:group-7F890450A3AE changes role from CANDIDATE to LEADER at term 1 for changeToLeader
2019-09-12 11:36:19,441 [255671a0-6eee-4881-b885-680cdec970b4:group-A2DD32D32301:LeaderElection81] INFO  impl.RaftServerImpl (ServerState.java:setLeader(263)) - 255671a0-6eee-4881-b885-680cdec970b4:group-A2DD32D32301 change Leader from null to 255671a0-6eee-4881-b885-680cdec970b4 at term 1 for becomeLeader, leader elected after 5094ms
2019-09-12 11:36:19,441 [6188b700-e915-4d75-ae21-36a9719dfa93:group-7F890450A3AE:LeaderElection82] INFO  impl.RaftServerImpl (ServerState.java:setLeader(263)) - 6188b700-e915-4d75-ae21-36a9719dfa93:group-7F890450A3AE change Leader from null to 6188b700-e915-4d75-ae21-36a9719dfa93 at term 1 for becomeLeader, leader elected after 5024ms
2019-09-12 11:36:19,441 [255671a0-6eee-4881-b885-680cdec970b4:group-A2DD32D32301:LeaderElection81] INFO  server.RaftServerConfigKeys (ConfUtils.java:logGet(43)) - raft.server.staging.catchup.gap = 1000 (default)
2019-09-12 11:36:19,441 [6188b700-e915-4d75-ae21-36a9719dfa93:group-7F890450A3AE:LeaderElection82] INFO  server.RaftServerConfigKeys (ConfUtils.java:logGet(43)) - raft.server.staging.catchup.gap = 1000 (default)
2019-09-12 11:36:19,441 [255671a0-6eee-4881-b885-680cdec970b4:group-A2DD32D32301:LeaderElection81] INFO  server.RaftServerConfigKeys (ConfUtils.java:logGet(43)) - raft.server.rpc.sleep.time = 25ms (default)
2019-09-12 11:36:19,441 [6188b700-e915-4d75-ae21-36a9719dfa93:group-7F890450A3AE:LeaderElection82] INFO  server.RaftServerConfigKeys (ConfUtils.java:logGet(43)) - raft.server.rpc.sleep.time = 25ms (default)
2019-09-12 11:36:19,441 [255671a0-6eee-4881-b885-680cdec970b4:group-A2DD32D32301:LeaderElection81] INFO  server.RaftServerConfigKeys (ConfUtils.java:logGet(43)) - raft.server.write.element-limit = 4096 (default)
2019-09-12 11:36:19,441 [6188b700-e915-4d75-ae21-36a9719dfa93:group-7F890450A3AE:LeaderElection82] INFO  server.RaftServerConfigKeys (ConfUtils.java:logGet(43)) - raft.server.write.element-limit = 4096 (default)
2019-09-12 11:36:19,441 [255671a0-6eee-4881-b885-680cdec970b4:group-A2DD32D32301:LeaderElection81] INFO  server.RaftServerConfigKeys (ConfUtils.java:logGet(43)) - raft.server.watch.timeout = 10s (default)
2019-09-12 11:36:19,442 [6188b700-e915-4d75-ae21-36a9719dfa93:group-7F890450A3AE:LeaderElection82] INFO  server.RaftServerConfigKeys (ConfUtils.java:logGet(43)) - raft.server.watch.timeout = 10s (default)
2019-09-12 11:36:19,442 [255671a0-6eee-4881-b885-680cdec970b4:group-A2DD32D32301:LeaderElection81] INFO  server.RaftServerConfigKeys (ConfUtils.java:logGet(43)) - raft.server.watch.timeout.denomination = 1s (default)
2019-09-12 11:36:19,442 [6188b700-e915-4d75-ae21-36a9719dfa93:group-7F890450A3AE:LeaderElection82] INFO  server.RaftServerConfigKeys (ConfUtils.java:logGet(43)) - raft.server.watch.timeout.denomination = 1s (default)
2019-09-12 11:36:19,442 [255671a0-6eee-4881-b885-680cdec970b4:group-A2DD32D32301:LeaderElection81] INFO  server.RaftServerConfigKeys (ConfUtils.java:logGet(43)) - raft.server.watch.element-limit = 65536 (default)
2019-09-12 11:36:19,442 [6188b700-e915-4d75-ae21-36a9719dfa93:group-7F890450A3AE:LeaderElection82] INFO  server.RaftServerConfigKeys (ConfUtils.java:logGet(43)) - raft.server.watch.element-limit = 65536 (default)
2019-09-12 11:36:19,442 [255671a0-6eee-4881-b885-680cdec970b4:group-A2DD32D32301:LeaderElection81] INFO  impl.RoleInfo (RoleInfo.java:updateAndGet(143)) - 255671a0-6eee-4881-b885-680cdec970b4: start LeaderState
2019-09-12 11:36:19,442 [6188b700-e915-4d75-ae21-36a9719dfa93:group-7F890450A3AE:LeaderElection82] INFO  impl.RoleInfo (RoleInfo.java:updateAndGet(143)) - 6188b700-e915-4d75-ae21-36a9719dfa93: start LeaderState
2019-09-12 11:36:19,442 [255671a0-6eee-4881-b885-680cdec970b4:group-A2DD32D32301:LeaderElection81] INFO  segmented.SegmentedRaftLogWorker (SegmentedRaftLogWorker.java:startLogSegment(380)) - 255671a0-6eee-4881-b885-680cdec970b4-SegmentedRaftLogWorker:Storage Directory /workdir/hadoop-ozone/ozonefs/target/test-dir/MiniOzoneClusterImpl-4dbb2fea-10be-4021-aaff-c3567f88023d/datanode-0/data/ratis/e48d90c0-ce75-4b11-a7ab-a2dd32d32301: Starting segment from index:0
2019-09-12 11:36:19,442 [6188b700-e915-4d75-ae21-36a9719dfa93:group-7F890450A3AE:LeaderElection82] INFO  segmented.SegmentedRaftLogWorker (SegmentedRaftLogWorker.java:startLogSegment(380)) - 6188b700-e915-4d75-ae21-36a9719dfa93-SegmentedRaftLogWorker:Storage Directory /workdir/hadoop-ozone/ozonefs/target/test-dir/MiniOzoneClusterImpl-4dbb2fea-10be-4021-aaff-c3567f88023d/datanode-1/data/ratis/2dc05745-44d2-4536-94fa-7f890450a3ae: Starting segment from index:0
2019-09-12 11:36:19,443 [255671a0-6eee-4881-b885-680cdec970b4:group-A2DD32D32301:LeaderElection81] INFO  impl.RaftServerImpl (ServerState.java:setRaftConf(361)) - 255671a0-6eee-4881-b885-680cdec970b4:group-A2DD32D32301 set configuration 0: [255671a0-6eee-4881-b885-680cdec970b4:192.168.36.114:46494], old=null at 0
2019-09-12 11:36:19,443 [6188b700-e915-4d75-ae21-36a9719dfa93:group-7F890450A3AE:LeaderElection82] INFO  impl.RaftServerImpl (ServerState.java:setRaftConf(361)) - 6188b700-e915-4d75-ae21-36a9719dfa93:group-7F890450A3AE set configuration 0: [6188b700-e915-4d75-ae21-36a9719dfa93:192.168.36.114:45909], old=null at 0
2019-09-12 11:36:19,476 [255671a0-6eee-4881-b885-680cdec970b4-SegmentedRaftLogWorker:Storage Directory /workdir/hadoop-ozone/ozonefs/target/test-dir/MiniOzoneClusterImpl-4dbb2fea-10be-4021-aaff-c3567f88023d/datanode-0/data/ratis/e48d90c0-ce75-4b11-a7ab-a2dd32d32301] INFO  segmented.SegmentedRaftLogWorker (SegmentedRaftLogWorker.java:execute(569)) - 255671a0-6eee-4881-b885-680cdec970b4-SegmentedRaftLogWorker:Storage Directory /workdir/hadoop-ozone/ozonefs/target/test-dir/MiniOzoneClusterImpl-4dbb2fea-10be-4021-aaff-c3567f88023d/datanode-0/data/ratis/e48d90c0-ce75-4b11-a7ab-a2dd32d32301: created new log segment /workdir/hadoop-ozone/ozonefs/target/test-dir/MiniOzoneClusterImpl-4dbb2fea-10be-4021-aaff-c3567f88023d/datanode-0/data/ratis/e48d90c0-ce75-4b11-a7ab-a2dd32d32301/current/log_inprogress_0
2019-09-12 11:36:19,484 [6188b700-e915-4d75-ae21-36a9719dfa93-SegmentedRaftLogWorker:Storage Directory /workdir/hadoop-ozone/ozonefs/target/test-dir/MiniOzoneClusterImpl-4dbb2fea-10be-4021-aaff-c3567f88023d/datanode-1/data/ratis/2dc05745-44d2-4536-94fa-7f890450a3ae] INFO  segmented.SegmentedRaftLogWorker (SegmentedRaftLogWorker.java:execute(569)) - 6188b700-e915-4d75-ae21-36a9719dfa93-SegmentedRaftLogWorker:Storage Directory /workdir/hadoop-ozone/ozonefs/target/test-dir/MiniOzoneClusterImpl-4dbb2fea-10be-4021-aaff-c3567f88023d/datanode-1/data/ratis/2dc05745-44d2-4536-94fa-7f890450a3ae: created new log segment /workdir/hadoop-ozone/ozonefs/target/test-dir/MiniOzoneClusterImpl-4dbb2fea-10be-4021-aaff-c3567f88023d/datanode-1/data/ratis/2dc05745-44d2-4536-94fa-7f890450a3ae/current/log_inprogress_0
2019-09-12 11:36:19,587 [Thread-1279] INFO  impl.FollowerState (FollowerState.java:run(106)) - 6188b700-e915-4d75-ae21-36a9719dfa93:group-076F32837D91 changes to CANDIDATE, lastRpcTime:5081, electionTimeout:5081ms
2019-09-12 11:36:19,587 [Thread-1279] INFO  impl.RoleInfo (RoleInfo.java:shutdownFollowerState(121)) - 6188b700-e915-4d75-ae21-36a9719dfa93: shutdown FollowerState
2019-09-12 11:36:19,587 [Thread-1279] INFO  impl.RaftServerImpl (RaftServerImpl.java:setRole(171)) - 6188b700-e915-4d75-ae21-36a9719dfa93:group-076F32837D91 changes role from FOLLOWER to CANDIDATE at term 0 for changeToCandidate
2019-09-12 11:36:19,587 [Thread-1279] INFO  impl.RoleInfo (RoleInfo.java:updateAndGet(143)) - 6188b700-e915-4d75-ae21-36a9719dfa93: start LeaderElection
2019-09-12 11:36:19,601 [6188b700-e915-4d75-ae21-36a9719dfa93:group-076F32837D91:LeaderElection83] INFO  impl.LeaderElection (LeaderElection.java:askForVotes(181)) - 6188b700-e915-4d75-ae21-36a9719dfa93:group-076F32837D91:LeaderElection83: begin an election at term 1 for -1: [6188b700-e915-4d75-ae21-36a9719dfa93:192.168.36.114:45909], old=null
2019-09-12 11:36:19,601 [6188b700-e915-4d75-ae21-36a9719dfa93:group-076F32837D91:LeaderElection83] INFO  impl.RoleInfo (RoleInfo.java:shutdownLeaderElection(134)) - 6188b700-e915-4d75-ae21-36a9719dfa93: shutdown LeaderElection
2019-09-12 11:36:19,601 [6188b700-e915-4d75-ae21-36a9719dfa93:group-076F32837D91:LeaderElection83] INFO  impl.RaftServerImpl (RaftServerImpl.java:setRole(171)) - 6188b700-e915-4d75-ae21-36a9719dfa93:group-076F32837D91 changes role from CANDIDATE to LEADER at term 1 for changeToLeader
2019-09-12 11:36:19,601 [6188b700-e915-4d75-ae21-36a9719dfa93:group-076F32837D91:LeaderElection83] INFO  impl.RaftServerImpl (ServerState.java:setLeader(263)) - 6188b700-e915-4d75-ae21-36a9719dfa93:group-076F32837D91 change Leader from null to 6188b700-e915-4d75-ae21-36a9719dfa93 at term 1 for becomeLeader, leader elected after 5098ms
2019-09-12 11:36:19,601 [6188b700-e915-4d75-ae21-36a9719dfa93:group-076F32837D91:LeaderElection83] INFO  server.RaftServerConfigKeys (ConfUtils.java:logGet(43)) - raft.server.staging.catchup.gap = 1000 (default)
2019-09-12 11:36:19,601 [6188b700-e915-4d75-ae21-36a9719dfa93:group-076F32837D91:LeaderElection83] INFO  server.RaftServerConfigKeys (ConfUtils.java:logGet(43)) - raft.server.rpc.sleep.time = 25ms (default)
2019-09-12 11:36:19,602 [6188b700-e915-4d75-ae21-36a9719dfa93:group-076F32837D91:LeaderElection83] INFO  server.RaftServerConfigKeys (ConfUtils.java:logGet(43)) - raft.server.write.element-limit = 4096 (default)
2019-09-12 11:36:19,602 [6188b700-e915-4d75-ae21-36a9719dfa93:group-076F32837D91:LeaderElection83] INFO  server.RaftServerConfigKeys (ConfUtils.java:logGet(43)) - raft.server.watch.timeout = 10s (default)
2019-09-12 11:36:19,602 [6188b700-e915-4d75-ae21-36a9719dfa93:group-076F32837D91:LeaderElection83] INFO  server.RaftServerConfigKeys (ConfUtils.java:logGet(43)) - raft.server.watch.timeout.denomination = 1s (default)
2019-09-12 11:36:19,602 [6188b700-e915-4d75-ae21-36a9719dfa93:group-076F32837D91:LeaderElection83] INFO  server.RaftServerConfigKeys (ConfUtils.java:logGet(43)) - raft.server.watch.element-limit = 65536 (default)
2019-09-12 11:36:19,602 [6188b700-e915-4d75-ae21-36a9719dfa93:group-076F32837D91:LeaderElection83] INFO  impl.RoleInfo (RoleInfo.java:updateAndGet(143)) - 6188b700-e915-4d75-ae21-36a9719dfa93: start LeaderState
2019-09-12 11:36:19,603 [6188b700-e915-4d75-ae21-36a9719dfa93:group-076F32837D91:LeaderElection83] INFO  segmented.SegmentedRaftLogWorker (SegmentedRaftLogWorker.java:startLogSegment(380)) - 6188b700-e915-4d75-ae21-36a9719dfa93-SegmentedRaftLogWorker:Storage Directory /workdir/hadoop-ozone/ozonefs/target/test-dir/MiniOzoneClusterImpl-4dbb2fea-10be-4021-aaff-c3567f88023d/datanode-1/data/ratis/8b1f7478-7fb1-405c-b390-076f32837d91: Starting segment from index:0
2019-09-12 11:36:19,603 [6188b700-e915-4d75-ae21-36a9719dfa93:group-076F32837D91:LeaderElection83] INFO  impl.RaftServerImpl (ServerState.java:setRaftConf(361)) - 6188b700-e915-4d75-ae21-36a9719dfa93:group-076F32837D91 set configuration 0: [6188b700-e915-4d75-ae21-36a9719dfa93:192.168.36.114:45909], old=null at 0
2019-09-12 11:36:19,616 [Thread-1276] INFO  impl.FollowerState (FollowerState.java:run(106)) - 6188b700-e915-4d75-ae21-36a9719dfa93:group-885333CE607F changes to CANDIDATE, lastRpcTime:5150, electionTimeout:5150ms
2019-09-12 11:36:19,616 [Thread-1276] INFO  impl.RoleInfo (RoleInfo.java:shutdownFollowerState(121)) - 6188b700-e915-4d75-ae21-36a9719dfa93: shutdown FollowerState
2019-09-12 11:36:19,616 [Thread-1276] INFO  impl.RaftServerImpl (RaftServerImpl.java:setRole(171)) - 6188b700-e915-4d75-ae21-36a9719dfa93:group-885333CE607F changes role from FOLLOWER to CANDIDATE at term 0 for changeToCandidate
2019-09-12 11:36:19,617 [Thread-1276] INFO  impl.RoleInfo (RoleInfo.java:updateAndGet(143)) - 6188b700-e915-4d75-ae21-36a9719dfa93: start LeaderElection
2019-09-12 11:36:19,630 [6188b700-e915-4d75-ae21-36a9719dfa93:group-885333CE607F:LeaderElection84] INFO  impl.LeaderElection (LeaderElection.java:askForVotes(181)) - 6188b700-e915-4d75-ae21-36a9719dfa93:group-885333CE607F:LeaderElection84: begin an election at term 1 for -1: [6188b700-e915-4d75-ae21-36a9719dfa93:192.168.36.114:45909], old=null
2019-09-12 11:36:19,631 [6188b700-e915-4d75-ae21-36a9719dfa93:group-885333CE607F:LeaderElection84] INFO  impl.RoleInfo (RoleInfo.java:shutdownLeaderElection(134)) - 6188b700-e915-4d75-ae21-36a9719dfa93: shutdown LeaderElection
2019-09-12 11:36:19,631 [6188b700-e915-4d75-ae21-36a9719dfa93:group-885333CE607F:LeaderElection84] INFO  impl.RaftServerImpl (RaftServerImpl.java:setRole(171)) - 6188b700-e915-4d75-ae21-36a9719dfa93:group-885333CE607F changes role from CANDIDATE to LEADER at term 1 for changeToLeader
2019-09-12 11:36:19,631 [6188b700-e915-4d75-ae21-36a9719dfa93:group-885333CE607F:LeaderElection84] INFO  impl.RaftServerImpl (ServerState.java:setLeader(263)) - 6188b700-e915-4d75-ae21-36a9719dfa93:group-885333CE607F change Leader from null to 6188b700-e915-4d75-ae21-36a9719dfa93 at term 1 for becomeLeader, leader elected after 5168ms
2019-09-12 11:36:19,631 [6188b700-e915-4d75-ae21-36a9719dfa93:group-885333CE607F:LeaderElection84] INFO  server.RaftServerConfigKeys (ConfUtils.java:logGet(43)) - raft.server.staging.catchup.gap = 1000 (default)
2019-09-12 11:36:19,631 [6188b700-e915-4d75-ae21-36a9719dfa93:group-885333CE607F:LeaderElection84] INFO  server.RaftServerConfigKeys (ConfUtils.java:logGet(43)) - raft.server.rpc.sleep.time = 25ms (default)
2019-09-12 11:36:19,631 [6188b700-e915-4d75-ae21-36a9719dfa93:group-885333CE607F:LeaderElection84] INFO  server.RaftServerConfigKeys (ConfUtils.java:logGet(43)) - raft.server.write.element-limit = 4096 (default)
2019-09-12 11:36:19,631 [6188b700-e915-4d75-ae21-36a9719dfa93:group-885333CE607F:LeaderElection84] INFO  server.RaftServerConfigKeys (ConfUtils.java:logGet(43)) - raft.server.watch.timeout = 10s (default)
2019-09-12 11:36:19,631 [6188b700-e915-4d75-ae21-36a9719dfa93:group-885333CE607F:LeaderElection84] INFO  server.RaftServerConfigKeys (ConfUtils.java:logGet(43)) - raft.server.watch.timeout.denomination = 1s (default)
2019-09-12 11:36:19,632 [6188b700-e915-4d75-ae21-36a9719dfa93:group-885333CE607F:LeaderElection84] INFO  server.RaftServerConfigKeys (ConfUtils.java:logGet(43)) - raft.server.watch.element-limit = 65536 (default)
2019-09-12 11:36:19,632 [6188b700-e915-4d75-ae21-36a9719dfa93:group-885333CE607F:LeaderElection84] INFO  impl.RoleInfo (RoleInfo.java:updateAndGet(143)) - 6188b700-e915-4d75-ae21-36a9719dfa93: start LeaderState
2019-09-12 11:36:19,632 [6188b700-e915-4d75-ae21-36a9719dfa93:group-885333CE607F:LeaderElection84] INFO  segmented.SegmentedRaftLogWorker (SegmentedRaftLogWorker.java:startLogSegment(380)) - 6188b700-e915-4d75-ae21-36a9719dfa93-SegmentedRaftLogWorker:Storage Directory /workdir/hadoop-ozone/ozonefs/target/test-dir/MiniOzoneClusterImpl-4dbb2fea-10be-4021-aaff-c3567f88023d/datanode-1/data/ratis/73d11c1d-f2c4-4624-a304-885333ce607f: Starting segment from index:0
2019-09-12 11:36:19,633 [6188b700-e915-4d75-ae21-36a9719dfa93:group-885333CE607F:LeaderElection84] INFO  impl.RaftServerImpl (ServerState.java:setRaftConf(361)) - 6188b700-e915-4d75-ae21-36a9719dfa93:group-885333CE607F set configuration 0: [6188b700-e915-4d75-ae21-36a9719dfa93:192.168.36.114:45909], old=null at 0
2019-09-12 11:36:19,642 [Thread-1282] INFO  impl.FollowerState (FollowerState.java:run(106)) - 7b2637ea-ef1f-4282-b770-2a49c6d41191:group-2BECCC03C664 changes to CANDIDATE, lastRpcTime:5093, electionTimeout:5093ms
2019-09-12 11:36:19,642 [Thread-1282] INFO  impl.RoleInfo (RoleInfo.java:shutdownFollowerState(121)) - 7b2637ea-ef1f-4282-b770-2a49c6d41191: shutdown FollowerState
2019-09-12 11:36:19,642 [Thread-1282] INFO  impl.RaftServerImpl (RaftServerImpl.java:setRole(171)) - 7b2637ea-ef1f-4282-b770-2a49c6d41191:group-2BECCC03C664 changes role from FOLLOWER to CANDIDATE at term 0 for changeToCandidate
2019-09-12 11:36:19,643 [Thread-1282] INFO  impl.RoleInfo (RoleInfo.java:updateAndGet(143)) - 7b2637ea-ef1f-4282-b770-2a49c6d41191: start LeaderElection
2019-09-12 11:36:19,655 [6188b700-e915-4d75-ae21-36a9719dfa93-SegmentedRaftLogWorker:Storage Directory /workdir/hadoop-ozone/ozonefs/target/test-dir/MiniOzoneClusterImpl-4dbb2fea-10be-4021-aaff-c3567f88023d/datanode-1/data/ratis/8b1f7478-7fb1-405c-b390-076f32837d91] INFO  segmented.SegmentedRaftLogWorker (SegmentedRaftLogWorker.java:execute(569)) - 6188b700-e915-4d75-ae21-36a9719dfa93-SegmentedRaftLogWorker:Storage Directory /workdir/hadoop-ozone/ozonefs/target/test-dir/MiniOzoneClusterImpl-4dbb2fea-10be-4021-aaff-c3567f88023d/datanode-1/data/ratis/8b1f7478-7fb1-405c-b390-076f32837d91: created new log segment /workdir/hadoop-ozone/ozonefs/target/test-dir/MiniOzoneClusterImpl-4dbb2fea-10be-4021-aaff-c3567f88023d/datanode-1/data/ratis/8b1f7478-7fb1-405c-b390-076f32837d91/current/log_inprogress_0
2019-09-12 11:36:19,655 [7b2637ea-ef1f-4282-b770-2a49c6d41191:group-2BECCC03C664:LeaderElection85] INFO  impl.LeaderElection (LeaderElection.java:askForVotes(181)) - 7b2637ea-ef1f-4282-b770-2a49c6d41191:group-2BECCC03C664:LeaderElection85: begin an election at term 1 for -1: [7b2637ea-ef1f-4282-b770-2a49c6d41191:192.168.36.114:44199], old=null
2019-09-12 11:36:19,656 [7b2637ea-ef1f-4282-b770-2a49c6d41191:group-2BECCC03C664:LeaderElection85] INFO  impl.RoleInfo (RoleInfo.java:shutdownLeaderElection(134)) - 7b2637ea-ef1f-4282-b770-2a49c6d41191: shutdown LeaderElection
2019-09-12 11:36:19,656 [7b2637ea-ef1f-4282-b770-2a49c6d41191:group-2BECCC03C664:LeaderElection85] INFO  impl.RaftServerImpl (RaftServerImpl.java:setRole(171)) - 7b2637ea-ef1f-4282-b770-2a49c6d41191:group-2BECCC03C664 changes role from CANDIDATE to LEADER at term 1 for changeToLeader
2019-09-12 11:36:19,656 [7b2637ea-ef1f-4282-b770-2a49c6d41191:group-2BECCC03C664:LeaderElection85] INFO  impl.RaftServerImpl (ServerState.java:setLeader(263)) - 7b2637ea-ef1f-4282-b770-2a49c6d41191:group-2BECCC03C664 change Leader from null to 7b2637ea-ef1f-4282-b770-2a49c6d41191 at term 1 for becomeLeader, leader elected after 5111ms
2019-09-12 11:36:19,656 [7b2637ea-ef1f-4282-b770-2a49c6d41191:group-2BECCC03C664:LeaderElection85] INFO  server.RaftServerConfigKeys (ConfUtils.java:logGet(43)) - raft.server.staging.catchup.gap = 1000 (default)
2019-09-12 11:36:19,656 [7b2637ea-ef1f-4282-b770-2a49c6d41191:group-2BECCC03C664:LeaderElection85] INFO  server.RaftServerConfigKeys (ConfUtils.java:logGet(43)) - raft.server.rpc.sleep.time = 25ms (default)
2019-09-12 11:36:19,656 [7b2637ea-ef1f-4282-b770-2a49c6d41191:group-2BECCC03C664:LeaderElection85] INFO  server.RaftServerConfigKeys (ConfUtils.java:logGet(43)) - raft.server.write.element-limit = 4096 (default)
2019-09-12 11:36:19,657 [7b2637ea-ef1f-4282-b770-2a49c6d41191:group-2BECCC03C664:LeaderElection85] INFO  server.RaftServerConfigKeys (ConfUtils.java:logGet(43)) - raft.server.watch.timeout = 10s (default)
2019-09-12 11:36:19,657 [7b2637ea-ef1f-4282-b770-2a49c6d41191:group-2BECCC03C664:LeaderElection85] INFO  server.RaftServerConfigKeys (ConfUtils.java:logGet(43)) - raft.server.watch.timeout.denomination = 1s (default)
2019-09-12 11:36:19,657 [7b2637ea-ef1f-4282-b770-2a49c6d41191:group-2BECCC03C664:LeaderElection85] INFO  server.RaftServerConfigKeys (ConfUtils.java:logGet(43)) - raft.server.watch.element-limit = 65536 (default)
2019-09-12 11:36:19,657 [7b2637ea-ef1f-4282-b770-2a49c6d41191:group-2BECCC03C664:LeaderElection85] INFO  impl.RoleInfo (RoleInfo.java:updateAndGet(143)) - 7b2637ea-ef1f-4282-b770-2a49c6d41191: start LeaderState
2019-09-12 11:36:19,657 [7b2637ea-ef1f-4282-b770-2a49c6d41191:group-2BECCC03C664:LeaderElection85] INFO  segmented.SegmentedRaftLogWorker (SegmentedRaftLogWorker.java:startLogSegment(380)) - 7b2637ea-ef1f-4282-b770-2a49c6d41191-SegmentedRaftLogWorker:Storage Directory /workdir/hadoop-ozone/ozonefs/target/test-dir/MiniOzoneClusterImpl-4dbb2fea-10be-4021-aaff-c3567f88023d/datanode-2/data/ratis/557f142e-92ad-4a27-bee0-2beccc03c664: Starting segment from index:0
2019-09-12 11:36:19,658 [7b2637ea-ef1f-4282-b770-2a49c6d41191:group-2BECCC03C664:LeaderElection85] INFO  impl.RaftServerImpl (ServerState.java:setRaftConf(361)) - 7b2637ea-ef1f-4282-b770-2a49c6d41191:group-2BECCC03C664 set configuration 0: [7b2637ea-ef1f-4282-b770-2a49c6d41191:192.168.36.114:44199], old=null at 0
2019-09-12 11:36:19,659 [Thread-1285] INFO  impl.FollowerState (FollowerState.java:run(106)) - 7b2637ea-ef1f-4282-b770-2a49c6d41191:group-A51656B7173A changes to CANDIDATE, lastRpcTime:5061, electionTimeout:5061ms
2019-09-12 11:36:19,659 [Thread-1285] INFO  impl.RoleInfo (RoleInfo.java:shutdownFollowerState(121)) - 7b2637ea-ef1f-4282-b770-2a49c6d41191: shutdown FollowerState
2019-09-12 11:36:19,659 [Thread-1285] INFO  impl.RaftServerImpl (RaftServerImpl.java:setRole(171)) - 7b2637ea-ef1f-4282-b770-2a49c6d41191:group-A51656B7173A changes role from FOLLOWER to CANDIDATE at term 0 for changeToCandidate
2019-09-12 11:36:19,659 [Thread-1285] INFO  impl.RoleInfo (RoleInfo.java:updateAndGet(143)) - 7b2637ea-ef1f-4282-b770-2a49c6d41191: start LeaderElection
2019-09-12 11:36:19,677 [6188b700-e915-4d75-ae21-36a9719dfa93-SegmentedRaftLogWorker:Storage Directory /workdir/hadoop-ozone/ozonefs/target/test-dir/MiniOzoneClusterImpl-4dbb2fea-10be-4021-aaff-c3567f88023d/datanode-1/data/ratis/73d11c1d-f2c4-4624-a304-885333ce607f] INFO  segmented.SegmentedRaftLogWorker (SegmentedRaftLogWorker.java:execute(569)) - 6188b700-e915-4d75-ae21-36a9719dfa93-SegmentedRaftLogWorker:Storage Directory /workdir/hadoop-ozone/ozonefs/target/test-dir/MiniOzoneClusterImpl-4dbb2fea-10be-4021-aaff-c3567f88023d/datanode-1/data/ratis/73d11c1d-f2c4-4624-a304-885333ce607f: created new log segment /workdir/hadoop-ozone/ozonefs/target/test-dir/MiniOzoneClusterImpl-4dbb2fea-10be-4021-aaff-c3567f88023d/datanode-1/data/ratis/73d11c1d-f2c4-4624-a304-885333ce607f/current/log_inprogress_0
2019-09-12 11:36:19,677 [7b2637ea-ef1f-4282-b770-2a49c6d41191:group-A51656B7173A:LeaderElection86] INFO  impl.LeaderElection (LeaderElection.java:askForVotes(181)) - 7b2637ea-ef1f-4282-b770-2a49c6d41191:group-A51656B7173A:LeaderElection86: begin an election at term 1 for -1: [7b2637ea-ef1f-4282-b770-2a49c6d41191:192.168.36.114:44199], old=null
2019-09-12 11:36:19,678 [7b2637ea-ef1f-4282-b770-2a49c6d41191:group-A51656B7173A:LeaderElection86] INFO  impl.RoleInfo (RoleInfo.java:shutdownLeaderElection(134)) - 7b2637ea-ef1f-4282-b770-2a49c6d41191: shutdown LeaderElection
2019-09-12 11:36:19,678 [7b2637ea-ef1f-4282-b770-2a49c6d41191:group-A51656B7173A:LeaderElection86] INFO  impl.RaftServerImpl (RaftServerImpl.java:setRole(171)) - 7b2637ea-ef1f-4282-b770-2a49c6d41191:group-A51656B7173A changes role from CANDIDATE to LEADER at term 1 for changeToLeader
2019-09-12 11:36:19,678 [7b2637ea-ef1f-4282-b770-2a49c6d41191:group-A51656B7173A:LeaderElection86] INFO  impl.RaftServerImpl (ServerState.java:setLeader(263)) - 7b2637ea-ef1f-4282-b770-2a49c6d41191:group-A51656B7173A change Leader from null to 7b2637ea-ef1f-4282-b770-2a49c6d41191 at term 1 for becomeLeader, leader elected after 5083ms
2019-09-12 11:36:19,678 [7b2637ea-ef1f-4282-b770-2a49c6d41191:group-A51656B7173A:LeaderElection86] INFO  server.RaftServerConfigKeys (ConfUtils.java:logGet(43)) - raft.server.staging.catchup.gap = 1000 (default)
2019-09-12 11:36:19,678 [7b2637ea-ef1f-4282-b770-2a49c6d41191:group-A51656B7173A:LeaderElection86] INFO  server.RaftServerConfigKeys (ConfUtils.java:logGet(43)) - raft.server.rpc.sleep.time = 25ms (default)
2019-09-12 11:36:19,678 [7b2637ea-ef1f-4282-b770-2a49c6d41191:group-A51656B7173A:LeaderElection86] INFO  server.RaftServerConfigKeys (ConfUtils.java:logGet(43)) - raft.server.write.element-limit = 4096 (default)
2019-09-12 11:36:19,678 [7b2637ea-ef1f-4282-b770-2a49c6d41191:group-A51656B7173A:LeaderElection86] INFO  server.RaftServerConfigKeys (ConfUtils.java:logGet(43)) - raft.server.watch.timeout = 10s (default)
2019-09-12 11:36:19,679 [7b2637ea-ef1f-4282-b770-2a49c6d41191:group-A51656B7173A:LeaderElection86] INFO  server.RaftServerConfigKeys (ConfUtils.java:logGet(43)) - raft.server.watch.timeout.denomination = 1s (default)
2019-09-12 11:36:19,679 [7b2637ea-ef1f-4282-b770-2a49c6d41191:group-A51656B7173A:LeaderElection86] INFO  server.RaftServerConfigKeys (ConfUtils.java:logGet(43)) - raft.server.watch.element-limit = 65536 (default)
2019-09-12 11:36:19,679 [7b2637ea-ef1f-4282-b770-2a49c6d41191:group-A51656B7173A:LeaderElection86] INFO  impl.RoleInfo (RoleInfo.java:updateAndGet(143)) - 7b2637ea-ef1f-4282-b770-2a49c6d41191: start LeaderState
2019-09-12 11:36:19,679 [7b2637ea-ef1f-4282-b770-2a49c6d41191:group-A51656B7173A:LeaderElection86] INFO  segmented.SegmentedRaftLogWorker (SegmentedRaftLogWorker.java:startLogSegment(380)) - 7b2637ea-ef1f-4282-b770-2a49c6d41191-SegmentedRaftLogWorker:Storage Directory /workdir/hadoop-ozone/ozonefs/target/test-dir/MiniOzoneClusterImpl-4dbb2fea-10be-4021-aaff-c3567f88023d/datanode-2/data/ratis/331c3ca4-a19d-4e4c-9329-a51656b7173a: Starting segment from index:0
2019-09-12 11:36:19,679 [7b2637ea-ef1f-4282-b770-2a49c6d41191:group-A51656B7173A:LeaderElection86] INFO  impl.RaftServerImpl (ServerState.java:setRaftConf(361)) - 7b2637ea-ef1f-4282-b770-2a49c6d41191:group-A51656B7173A set configuration 0: [7b2637ea-ef1f-4282-b770-2a49c6d41191:192.168.36.114:44199], old=null at 0
2019-09-12 11:36:19,701 [Thread-1291] INFO  impl.FollowerState (FollowerState.java:run(106)) - 7b2637ea-ef1f-4282-b770-2a49c6d41191:group-98BE4504D874 changes to CANDIDATE, lastRpcTime:5028, electionTimeout:5028ms
2019-09-12 11:36:19,701 [Thread-1291] INFO  impl.RoleInfo (RoleInfo.java:shutdownFollowerState(121)) - 7b2637ea-ef1f-4282-b770-2a49c6d41191: shutdown FollowerState
2019-09-12 11:36:19,701 [Thread-1291] INFO  impl.RaftServerImpl (RaftServerImpl.java:setRole(171)) - 7b2637ea-ef1f-4282-b770-2a49c6d41191:group-98BE4504D874 changes role from FOLLOWER to CANDIDATE at term 0 for changeToCandidate
2019-09-12 11:36:19,702 [Thread-1291] INFO  impl.RoleInfo (RoleInfo.java:updateAndGet(143)) - 7b2637ea-ef1f-4282-b770-2a49c6d41191: start LeaderElection
2019-09-12 11:36:19,708 [7b2637ea-ef1f-4282-b770-2a49c6d41191-SegmentedRaftLogWorker:Storage Directory /workdir/hadoop-ozone/ozonefs/target/test-dir/MiniOzoneClusterImpl-4dbb2fea-10be-4021-aaff-c3567f88023d/datanode-2/data/ratis/557f142e-92ad-4a27-bee0-2beccc03c664] INFO  segmented.SegmentedRaftLogWorker (SegmentedRaftLogWorker.java:execute(569)) - 7b2637ea-ef1f-4282-b770-2a49c6d41191-SegmentedRaftLogWorker:Storage Directory /workdir/hadoop-ozone/ozonefs/target/test-dir/MiniOzoneClusterImpl-4dbb2fea-10be-4021-aaff-c3567f88023d/datanode-2/data/ratis/557f142e-92ad-4a27-bee0-2beccc03c664: created new log segment /workdir/hadoop-ozone/ozonefs/target/test-dir/MiniOzoneClusterImpl-4dbb2fea-10be-4021-aaff-c3567f88023d/datanode-2/data/ratis/557f142e-92ad-4a27-bee0-2beccc03c664/current/log_inprogress_0
2019-09-12 11:36:19,708 [7b2637ea-ef1f-4282-b770-2a49c6d41191:group-98BE4504D874:LeaderElection87] INFO  impl.LeaderElection (LeaderElection.java:askForVotes(181)) - 7b2637ea-ef1f-4282-b770-2a49c6d41191:group-98BE4504D874:LeaderElection87: begin an election at term 1 for -1: [7b2637ea-ef1f-4282-b770-2a49c6d41191:192.168.36.114:44199], old=null
2019-09-12 11:36:19,708 [7b2637ea-ef1f-4282-b770-2a49c6d41191:group-98BE4504D874:LeaderElection87] INFO  impl.RoleInfo (RoleInfo.java:shutdownLeaderElection(134)) - 7b2637ea-ef1f-4282-b770-2a49c6d41191: shutdown LeaderElection
2019-09-12 11:36:19,708 [7b2637ea-ef1f-4282-b770-2a49c6d41191:group-98BE4504D874:LeaderElection87] INFO  impl.RaftServerImpl (RaftServerImpl.java:setRole(171)) - 7b2637ea-ef1f-4282-b770-2a49c6d41191:group-98BE4504D874 changes role from CANDIDATE to LEADER at term 1 for changeToLeader
2019-09-12 11:36:19,709 [7b2637ea-ef1f-4282-b770-2a49c6d41191:group-98BE4504D874:LeaderElection87] INFO  impl.RaftServerImpl (ServerState.java:setLeader(263)) - 7b2637ea-ef1f-4282-b770-2a49c6d41191:group-98BE4504D874 change Leader from null to 7b2637ea-ef1f-4282-b770-2a49c6d41191 at term 1 for becomeLeader, leader elected after 5038ms
2019-09-12 11:36:19,709 [7b2637ea-ef1f-4282-b770-2a49c6d41191:group-98BE4504D874:LeaderElection87] INFO  server.RaftServerConfigKeys (ConfUtils.java:logGet(43)) - raft.server.staging.catchup.gap = 1000 (default)
2019-09-12 11:36:19,709 [7b2637ea-ef1f-4282-b770-2a49c6d41191:group-98BE4504D874:LeaderElection87] INFO  server.RaftServerConfigKeys (ConfUtils.java:logGet(43)) - raft.server.rpc.sleep.time = 25ms (default)
2019-09-12 11:36:19,709 [7b2637ea-ef1f-4282-b770-2a49c6d41191:group-98BE4504D874:LeaderElection87] INFO  server.RaftServerConfigKeys (ConfUtils.java:logGet(43)) - raft.server.write.element-limit = 4096 (default)
2019-09-12 11:36:19,709 [7b2637ea-ef1f-4282-b770-2a49c6d41191:group-98BE4504D874:LeaderElection87] INFO  server.RaftServerConfigKeys (ConfUtils.java:logGet(43)) - raft.server.watch.timeout = 10s (default)
2019-09-12 11:36:19,709 [7b2637ea-ef1f-4282-b770-2a49c6d41191:group-98BE4504D874:LeaderElection87] INFO  server.RaftServerConfigKeys (ConfUtils.java:logGet(43)) - raft.server.watch.timeout.denomination = 1s (default)
2019-09-12 11:36:19,709 [7b2637ea-ef1f-4282-b770-2a49c6d41191:group-98BE4504D874:LeaderElection87] INFO  server.RaftServerConfigKeys (ConfUtils.java:logGet(43)) - raft.server.watch.element-limit = 65536 (default)
2019-09-12 11:36:19,710 [7b2637ea-ef1f-4282-b770-2a49c6d41191:group-98BE4504D874:LeaderElection87] INFO  impl.RoleInfo (RoleInfo.java:updateAndGet(143)) - 7b2637ea-ef1f-4282-b770-2a49c6d41191: start LeaderState
2019-09-12 11:36:19,710 [7b2637ea-ef1f-4282-b770-2a49c6d41191:group-98BE4504D874:LeaderElection87] INFO  segmented.SegmentedRaftLogWorker (SegmentedRaftLogWorker.java:startLogSegment(380)) - 7b2637ea-ef1f-4282-b770-2a49c6d41191-SegmentedRaftLogWorker:Storage Directory /workdir/hadoop-ozone/ozonefs/target/test-dir/MiniOzoneClusterImpl-4dbb2fea-10be-4021-aaff-c3567f88023d/datanode-2/data/ratis/24230592-bd0e-468c-8ff6-98be4504d874: Starting segment from index:0
2019-09-12 11:36:19,710 [7b2637ea-ef1f-4282-b770-2a49c6d41191:group-98BE4504D874:LeaderElection87] INFO  impl.RaftServerImpl (ServerState.java:setRaftConf(361)) - 7b2637ea-ef1f-4282-b770-2a49c6d41191:group-98BE4504D874 set configuration 0: [7b2637ea-ef1f-4282-b770-2a49c6d41191:192.168.36.114:44199], old=null at 0
2019-09-12 11:36:19,727 [7b2637ea-ef1f-4282-b770-2a49c6d41191-SegmentedRaftLogWorker:Storage Directory /workdir/hadoop-ozone/ozonefs/target/test-dir/MiniOzoneClusterImpl-4dbb2fea-10be-4021-aaff-c3567f88023d/datanode-2/data/ratis/331c3ca4-a19d-4e4c-9329-a51656b7173a] INFO  segmented.SegmentedRaftLogWorker (SegmentedRaftLogWorker.java:execute(569)) - 7b2637ea-ef1f-4282-b770-2a49c6d41191-SegmentedRaftLogWorker:Storage Directory /workdir/hadoop-ozone/ozonefs/target/test-dir/MiniOzoneClusterImpl-4dbb2fea-10be-4021-aaff-c3567f88023d/datanode-2/data/ratis/331c3ca4-a19d-4e4c-9329-a51656b7173a: created new log segment /workdir/hadoop-ozone/ozonefs/target/test-dir/MiniOzoneClusterImpl-4dbb2fea-10be-4021-aaff-c3567f88023d/datanode-2/data/ratis/331c3ca4-a19d-4e4c-9329-a51656b7173a/current/log_inprogress_0
2019-09-12 11:36:19,740 [7b2637ea-ef1f-4282-b770-2a49c6d41191-SegmentedRaftLogWorker:Storage Directory /workdir/hadoop-ozone/ozonefs/target/test-dir/MiniOzoneClusterImpl-4dbb2fea-10be-4021-aaff-c3567f88023d/datanode-2/data/ratis/24230592-bd0e-468c-8ff6-98be4504d874] INFO  segmented.SegmentedRaftLogWorker (SegmentedRaftLogWorker.java:execute(569)) - 7b2637ea-ef1f-4282-b770-2a49c6d41191-SegmentedRaftLogWorker:Storage Directory /workdir/hadoop-ozone/ozonefs/target/test-dir/MiniOzoneClusterImpl-4dbb2fea-10be-4021-aaff-c3567f88023d/datanode-2/data/ratis/24230592-bd0e-468c-8ff6-98be4504d874: created new log segment /workdir/hadoop-ozone/ozonefs/target/test-dir/MiniOzoneClusterImpl-4dbb2fea-10be-4021-aaff-c3567f88023d/datanode-2/data/ratis/24230592-bd0e-468c-8ff6-98be4504d874/current/log_inprogress_0
2019-09-12 11:36:19,804 [Thread-1288] INFO  impl.FollowerState (FollowerState.java:run(106)) - 7b2637ea-ef1f-4282-b770-2a49c6d41191:group-7EB56F7081C1 changes to CANDIDATE, lastRpcTime:5169, electionTimeout:5169ms
2019-09-12 11:36:19,804 [Thread-1288] INFO  impl.RoleInfo (RoleInfo.java:shutdownFollowerState(121)) - 7b2637ea-ef1f-4282-b770-2a49c6d41191: shutdown FollowerState
2019-09-12 11:36:19,804 [Thread-1288] INFO  impl.RaftServerImpl (RaftServerImpl.java:setRole(171)) - 7b2637ea-ef1f-4282-b770-2a49c6d41191:group-7EB56F7081C1 changes role from FOLLOWER to CANDIDATE at term 0 for changeToCandidate
2019-09-12 11:36:19,805 [Thread-1288] INFO  impl.RoleInfo (RoleInfo.java:updateAndGet(143)) - 7b2637ea-ef1f-4282-b770-2a49c6d41191: start LeaderElection
2019-09-12 11:36:19,818 [7b2637ea-ef1f-4282-b770-2a49c6d41191:group-7EB56F7081C1:LeaderElection88] INFO  impl.LeaderElection (LeaderElection.java:askForVotes(181)) - 7b2637ea-ef1f-4282-b770-2a49c6d41191:group-7EB56F7081C1:LeaderElection88: begin an election at term 1 for -1: [7b2637ea-ef1f-4282-b770-2a49c6d41191:192.168.36.114:44199], old=null
2019-09-12 11:36:19,818 [7b2637ea-ef1f-4282-b770-2a49c6d41191:group-7EB56F7081C1:LeaderElection88] INFO  impl.RoleInfo (RoleInfo.java:shutdownLeaderElection(134)) - 7b2637ea-ef1f-4282-b770-2a49c6d41191: shutdown LeaderElection
2019-09-12 11:36:19,818 [7b2637ea-ef1f-4282-b770-2a49c6d41191:group-7EB56F7081C1:LeaderElection88] INFO  impl.RaftServerImpl (RaftServerImpl.java:setRole(171)) - 7b2637ea-ef1f-4282-b770-2a49c6d41191:group-7EB56F7081C1 changes role from CANDIDATE to LEADER at term 1 for changeToLeader
2019-09-12 11:36:19,819 [7b2637ea-ef1f-4282-b770-2a49c6d41191:group-7EB56F7081C1:LeaderElection88] INFO  impl.RaftServerImpl (ServerState.java:setLeader(263)) - 7b2637ea-ef1f-4282-b770-2a49c6d41191:group-7EB56F7081C1 change Leader from null to 7b2637ea-ef1f-4282-b770-2a49c6d41191 at term 1 for becomeLeader, leader elected after 5186ms
2019-09-12 11:36:19,819 [7b2637ea-ef1f-4282-b770-2a49c6d41191:group-7EB56F7081C1:LeaderElection88] INFO  server.RaftServerConfigKeys (ConfUtils.java:logGet(43)) - raft.server.staging.catchup.gap = 1000 (default)
2019-09-12 11:36:19,819 [7b2637ea-ef1f-4282-b770-2a49c6d41191:group-7EB56F7081C1:LeaderElection88] INFO  server.RaftServerConfigKeys (ConfUtils.java:logGet(43)) - raft.server.rpc.sleep.time = 25ms (default)
2019-09-12 11:36:19,819 [7b2637ea-ef1f-4282-b770-2a49c6d41191:group-7EB56F7081C1:LeaderElection88] INFO  server.RaftServerConfigKeys (ConfUtils.java:logGet(43)) - raft.server.write.element-limit = 4096 (default)
2019-09-12 11:36:19,819 [7b2637ea-ef1f-4282-b770-2a49c6d41191:group-7EB56F7081C1:LeaderElection88] INFO  server.RaftServerConfigKeys (ConfUtils.java:logGet(43)) - raft.server.watch.timeout = 10s (default)
2019-09-12 11:36:19,819 [7b2637ea-ef1f-4282-b770-2a49c6d41191:group-7EB56F7081C1:LeaderElection88] INFO  server.RaftServerConfigKeys (ConfUtils.java:logGet(43)) - raft.server.watch.timeout.denomination = 1s (default)
2019-09-12 11:36:19,819 [7b2637ea-ef1f-4282-b770-2a49c6d41191:group-7EB56F7081C1:LeaderElection88] INFO  server.RaftServerConfigKeys (ConfUtils.java:logGet(43)) - raft.server.watch.element-limit = 65536 (default)
2019-09-12 11:36:19,820 [7b2637ea-ef1f-4282-b770-2a49c6d41191:group-7EB56F7081C1:LeaderElection88] INFO  impl.RoleInfo (RoleInfo.java:updateAndGet(143)) - 7b2637ea-ef1f-4282-b770-2a49c6d41191: start LeaderState
2019-09-12 11:36:19,820 [7b2637ea-ef1f-4282-b770-2a49c6d41191:group-7EB56F7081C1:LeaderElection88] INFO  segmented.SegmentedRaftLogWorker (SegmentedRaftLogWorker.java:startLogSegment(380)) - 7b2637ea-ef1f-4282-b770-2a49c6d41191-SegmentedRaftLogWorker:Storage Directory /workdir/hadoop-ozone/ozonefs/target/test-dir/MiniOzoneClusterImpl-4dbb2fea-10be-4021-aaff-c3567f88023d/datanode-2/data/ratis/a8640d71-0d06-4129-b5e2-7eb56f7081c1: Starting segment from index:0
2019-09-12 11:36:19,820 [7b2637ea-ef1f-4282-b770-2a49c6d41191:group-7EB56F7081C1:LeaderElection88] INFO  impl.RaftServerImpl (ServerState.java:setRaftConf(361)) - 7b2637ea-ef1f-4282-b770-2a49c6d41191:group-7EB56F7081C1 set configuration 0: [7b2637ea-ef1f-4282-b770-2a49c6d41191:192.168.36.114:44199], old=null at 0
2019-09-12 11:36:19,871 [7b2637ea-ef1f-4282-b770-2a49c6d41191-SegmentedRaftLogWorker:Storage Directory /workdir/hadoop-ozone/ozonefs/target/test-dir/MiniOzoneClusterImpl-4dbb2fea-10be-4021-aaff-c3567f88023d/datanode-2/data/ratis/a8640d71-0d06-4129-b5e2-7eb56f7081c1] INFO  segmented.SegmentedRaftLogWorker (SegmentedRaftLogWorker.java:execute(569)) - 7b2637ea-ef1f-4282-b770-2a49c6d41191-SegmentedRaftLogWorker:Storage Directory /workdir/hadoop-ozone/ozonefs/target/test-dir/MiniOzoneClusterImpl-4dbb2fea-10be-4021-aaff-c3567f88023d/datanode-2/data/ratis/a8640d71-0d06-4129-b5e2-7eb56f7081c1: created new log segment /workdir/hadoop-ozone/ozonefs/target/test-dir/MiniOzoneClusterImpl-4dbb2fea-10be-4021-aaff-c3567f88023d/datanode-2/data/ratis/a8640d71-0d06-4129-b5e2-7eb56f7081c1/current/log_inprogress_0
2019-09-12 11:36:19,883 [Thread-1294] INFO  impl.FollowerState (FollowerState.java:run(106)) - 7b2637ea-ef1f-4282-b770-2a49c6d41191:group-3B20B3CFB589 changes to CANDIDATE, lastRpcTime:5173, electionTimeout:5173ms
2019-09-12 11:36:19,883 [Thread-1294] INFO  impl.RoleInfo (RoleInfo.java:shutdownFollowerState(121)) - 7b2637ea-ef1f-4282-b770-2a49c6d41191: shutdown FollowerState
2019-09-12 11:36:19,883 [Thread-1294] INFO  impl.RaftServerImpl (RaftServerImpl.java:setRole(171)) - 7b2637ea-ef1f-4282-b770-2a49c6d41191:group-3B20B3CFB589 changes role from FOLLOWER to CANDIDATE at term 0 for changeToCandidate
2019-09-12 11:36:19,883 [Thread-1294] INFO  impl.RoleInfo (RoleInfo.java:updateAndGet(143)) - 7b2637ea-ef1f-4282-b770-2a49c6d41191: start LeaderElection
2019-09-12 11:36:19,893 [Thread-1297] INFO  impl.FollowerState (FollowerState.java:run(106)) - 7b2637ea-ef1f-4282-b770-2a49c6d41191:group-56912C3CD5F7 changes to CANDIDATE, lastRpcTime:5149, electionTimeout:5149ms
2019-09-12 11:36:19,893 [Thread-1297] INFO  impl.RoleInfo (RoleInfo.java:shutdownFollowerState(121)) - 7b2637ea-ef1f-4282-b770-2a49c6d41191: shutdown FollowerState
2019-09-12 11:36:19,893 [Thread-1297] INFO  impl.RaftServerImpl (RaftServerImpl.java:setRole(171)) - 7b2637ea-ef1f-4282-b770-2a49c6d41191:group-56912C3CD5F7 changes role from FOLLOWER to CANDIDATE at term 0 for changeToCandidate
2019-09-12 11:36:19,893 [Thread-1297] INFO  impl.RoleInfo (RoleInfo.java:updateAndGet(143)) - 7b2637ea-ef1f-4282-b770-2a49c6d41191: start LeaderElection
2019-09-12 11:36:19,897 [7b2637ea-ef1f-4282-b770-2a49c6d41191:group-56912C3CD5F7:LeaderElection90] INFO  impl.LeaderElection (LeaderElection.java:askForVotes(181)) - 7b2637ea-ef1f-4282-b770-2a49c6d41191:group-56912C3CD5F7:LeaderElection90: begin an election at term 1 for -1: [7b2637ea-ef1f-4282-b770-2a49c6d41191:192.168.36.114:44199], old=null
2019-09-12 11:36:19,897 [7b2637ea-ef1f-4282-b770-2a49c6d41191:group-3B20B3CFB589:LeaderElection89] INFO  impl.LeaderElection (LeaderElection.java:askForVotes(181)) - 7b2637ea-ef1f-4282-b770-2a49c6d41191:group-3B20B3CFB589:LeaderElection89: begin an election at term 1 for -1: [7b2637ea-ef1f-4282-b770-2a49c6d41191:192.168.36.114:44199], old=null
2019-09-12 11:36:19,897 [7b2637ea-ef1f-4282-b770-2a49c6d41191:group-56912C3CD5F7:LeaderElection90] INFO  impl.RoleInfo (RoleInfo.java:shutdownLeaderElection(134)) - 7b2637ea-ef1f-4282-b770-2a49c6d41191: shutdown LeaderElection
2019-09-12 11:36:19,898 [7b2637ea-ef1f-4282-b770-2a49c6d41191:group-3B20B3CFB589:LeaderElection89] INFO  impl.RoleInfo (RoleInfo.java:shutdownLeaderElection(134)) - 7b2637ea-ef1f-4282-b770-2a49c6d41191: shutdown LeaderElection
2019-09-12 11:36:19,898 [7b2637ea-ef1f-4282-b770-2a49c6d41191:group-56912C3CD5F7:LeaderElection90] INFO  impl.RaftServerImpl (RaftServerImpl.java:setRole(171)) - 7b2637ea-ef1f-4282-b770-2a49c6d41191:group-56912C3CD5F7 changes role from CANDIDATE to LEADER at term 1 for changeToLeader
2019-09-12 11:36:19,898 [7b2637ea-ef1f-4282-b770-2a49c6d41191:group-3B20B3CFB589:LeaderElection89] INFO  impl.RaftServerImpl (RaftServerImpl.java:setRole(171)) - 7b2637ea-ef1f-4282-b770-2a49c6d41191:group-3B20B3CFB589 changes role from CANDIDATE to LEADER at term 1 for changeToLeader
2019-09-12 11:36:19,898 [7b2637ea-ef1f-4282-b770-2a49c6d41191:group-56912C3CD5F7:LeaderElection90] INFO  impl.RaftServerImpl (ServerState.java:setLeader(263)) - 7b2637ea-ef1f-4282-b770-2a49c6d41191:group-56912C3CD5F7 change Leader from null to 7b2637ea-ef1f-4282-b770-2a49c6d41191 at term 1 for becomeLeader, leader elected after 5157ms
2019-09-12 11:36:19,898 [7b2637ea-ef1f-4282-b770-2a49c6d41191:group-3B20B3CFB589:LeaderElection89] INFO  impl.RaftServerImpl (ServerState.java:setLeader(263)) - 7b2637ea-ef1f-4282-b770-2a49c6d41191:group-3B20B3CFB589 change Leader from null to 7b2637ea-ef1f-4282-b770-2a49c6d41191 at term 1 for becomeLeader, leader elected after 5191ms
2019-09-12 11:36:19,898 [7b2637ea-ef1f-4282-b770-2a49c6d41191:group-56912C3CD5F7:LeaderElection90] INFO  server.RaftServerConfigKeys (ConfUtils.java:logGet(43)) - raft.server.staging.catchup.gap = 1000 (default)
2019-09-12 11:36:19,898 [7b2637ea-ef1f-4282-b770-2a49c6d41191:group-3B20B3CFB589:LeaderElection89] INFO  server.RaftServerConfigKeys (ConfUtils.java:logGet(43)) - raft.server.staging.catchup.gap = 1000 (default)
2019-09-12 11:36:19,898 [7b2637ea-ef1f-4282-b770-2a49c6d41191:group-56912C3CD5F7:LeaderElection90] INFO  server.RaftServerConfigKeys (ConfUtils.java:logGet(43)) - raft.server.rpc.sleep.time = 25ms (default)
2019-09-12 11:36:19,899 [7b2637ea-ef1f-4282-b770-2a49c6d41191:group-3B20B3CFB589:LeaderElection89] INFO  server.RaftServerConfigKeys (ConfUtils.java:logGet(43)) - raft.server.rpc.sleep.time = 25ms (default)
2019-09-12 11:36:19,899 [7b2637ea-ef1f-4282-b770-2a49c6d41191:group-56912C3CD5F7:LeaderElection90] INFO  server.RaftServerConfigKeys (ConfUtils.java:logGet(43)) - raft.server.write.element-limit = 4096 (default)
2019-09-12 11:36:19,899 [7b2637ea-ef1f-4282-b770-2a49c6d41191:group-3B20B3CFB589:LeaderElection89] INFO  server.RaftServerConfigKeys (ConfUtils.java:logGet(43)) - raft.server.write.element-limit = 4096 (default)
2019-09-12 11:36:19,899 [7b2637ea-ef1f-4282-b770-2a49c6d41191:group-56912C3CD5F7:LeaderElection90] INFO  server.RaftServerConfigKeys (ConfUtils.java:logGet(43)) - raft.server.watch.timeout = 10s (default)
2019-09-12 11:36:19,899 [7b2637ea-ef1f-4282-b770-2a49c6d41191:group-3B20B3CFB589:LeaderElection89] INFO  server.RaftServerConfigKeys (ConfUtils.java:logGet(43)) - raft.server.watch.timeout = 10s (default)
2019-09-12 11:36:19,899 [7b2637ea-ef1f-4282-b770-2a49c6d41191:group-56912C3CD5F7:LeaderElection90] INFO  server.RaftServerConfigKeys (ConfUtils.java:logGet(43)) - raft.server.watch.timeout.denomination = 1s (default)
2019-09-12 11:36:19,899 [7b2637ea-ef1f-4282-b770-2a49c6d41191:group-3B20B3CFB589:LeaderElection89] INFO  server.RaftServerConfigKeys (ConfUtils.java:logGet(43)) - raft.server.watch.timeout.denomination = 1s (default)
2019-09-12 11:36:19,900 [7b2637ea-ef1f-4282-b770-2a49c6d41191:group-56912C3CD5F7:LeaderElection90] INFO  server.RaftServerConfigKeys (ConfUtils.java:logGet(43)) - raft.server.watch.element-limit = 65536 (default)
2019-09-12 11:36:19,900 [7b2637ea-ef1f-4282-b770-2a49c6d41191:group-3B20B3CFB589:LeaderElection89] INFO  server.RaftServerConfigKeys (ConfUtils.java:logGet(43)) - raft.server.watch.element-limit = 65536 (default)
2019-09-12 11:36:19,900 [7b2637ea-ef1f-4282-b770-2a49c6d41191:group-56912C3CD5F7:LeaderElection90] INFO  impl.RoleInfo (RoleInfo.java:updateAndGet(143)) - 7b2637ea-ef1f-4282-b770-2a49c6d41191: start LeaderState
2019-09-12 11:36:19,900 [7b2637ea-ef1f-4282-b770-2a49c6d41191:group-3B20B3CFB589:LeaderElection89] INFO  impl.RoleInfo (RoleInfo.java:updateAndGet(143)) - 7b2637ea-ef1f-4282-b770-2a49c6d41191: start LeaderState
2019-09-12 11:36:19,900 [7b2637ea-ef1f-4282-b770-2a49c6d41191:group-56912C3CD5F7:LeaderElection90] INFO  segmented.SegmentedRaftLogWorker (SegmentedRaftLogWorker.java:startLogSegment(380)) - 7b2637ea-ef1f-4282-b770-2a49c6d41191-SegmentedRaftLogWorker:Storage Directory /workdir/hadoop-ozone/ozonefs/target/test-dir/MiniOzoneClusterImpl-4dbb2fea-10be-4021-aaff-c3567f88023d/datanode-2/data/ratis/d8bd6edd-7443-49ed-8e18-56912c3cd5f7: Starting segment from index:0
2019-09-12 11:36:19,900 [7b2637ea-ef1f-4282-b770-2a49c6d41191:group-3B20B3CFB589:LeaderElection89] INFO  segmented.SegmentedRaftLogWorker (SegmentedRaftLogWorker.java:startLogSegment(380)) - 7b2637ea-ef1f-4282-b770-2a49c6d41191-SegmentedRaftLogWorker:Storage Directory /workdir/hadoop-ozone/ozonefs/target/test-dir/MiniOzoneClusterImpl-4dbb2fea-10be-4021-aaff-c3567f88023d/datanode-2/data/ratis/34898e6b-200e-4888-8a3a-3b20b3cfb589: Starting segment from index:0
2019-09-12 11:36:19,901 [7b2637ea-ef1f-4282-b770-2a49c6d41191:group-56912C3CD5F7:LeaderElection90] INFO  impl.RaftServerImpl (ServerState.java:setRaftConf(361)) - 7b2637ea-ef1f-4282-b770-2a49c6d41191:group-56912C3CD5F7 set configuration 0: [7b2637ea-ef1f-4282-b770-2a49c6d41191:192.168.36.114:44199], old=null at 0
2019-09-12 11:36:19,901 [7b2637ea-ef1f-4282-b770-2a49c6d41191:group-3B20B3CFB589:LeaderElection89] INFO  impl.RaftServerImpl (ServerState.java:setRaftConf(361)) - 7b2637ea-ef1f-4282-b770-2a49c6d41191:group-3B20B3CFB589 set configuration 0: [7b2637ea-ef1f-4282-b770-2a49c6d41191:192.168.36.114:44199], old=null at 0
2019-09-12 11:36:19,951 [7b2637ea-ef1f-4282-b770-2a49c6d41191-SegmentedRaftLogWorker:Storage Directory /workdir/hadoop-ozone/ozonefs/target/test-dir/MiniOzoneClusterImpl-4dbb2fea-10be-4021-aaff-c3567f88023d/datanode-2/data/ratis/d8bd6edd-7443-49ed-8e18-56912c3cd5f7] INFO  segmented.SegmentedRaftLogWorker (SegmentedRaftLogWorker.java:execute(569)) - 7b2637ea-ef1f-4282-b770-2a49c6d41191-SegmentedRaftLogWorker:Storage Directory /workdir/hadoop-ozone/ozonefs/target/test-dir/MiniOzoneClusterImpl-4dbb2fea-10be-4021-aaff-c3567f88023d/datanode-2/data/ratis/d8bd6edd-7443-49ed-8e18-56912c3cd5f7: created new log segment /workdir/hadoop-ozone/ozonefs/target/test-dir/MiniOzoneClusterImpl-4dbb2fea-10be-4021-aaff-c3567f88023d/datanode-2/data/ratis/d8bd6edd-7443-49ed-8e18-56912c3cd5f7/current/log_inprogress_0
2019-09-12 11:36:19,951 [7b2637ea-ef1f-4282-b770-2a49c6d41191-SegmentedRaftLogWorker:Storage Directory /workdir/hadoop-ozone/ozonefs/target/test-dir/MiniOzoneClusterImpl-4dbb2fea-10be-4021-aaff-c3567f88023d/datanode-2/data/ratis/34898e6b-200e-4888-8a3a-3b20b3cfb589] INFO  segmented.SegmentedRaftLogWorker (SegmentedRaftLogWorker.java:execute(569)) - 7b2637ea-ef1f-4282-b770-2a49c6d41191-SegmentedRaftLogWorker:Storage Directory /workdir/hadoop-ozone/ozonefs/target/test-dir/MiniOzoneClusterImpl-4dbb2fea-10be-4021-aaff-c3567f88023d/datanode-2/data/ratis/34898e6b-200e-4888-8a3a-3b20b3cfb589: created new log segment /workdir/hadoop-ozone/ozonefs/target/test-dir/MiniOzoneClusterImpl-4dbb2fea-10be-4021-aaff-c3567f88023d/datanode-2/data/ratis/34898e6b-200e-4888-8a3a-3b20b3cfb589/current/log_inprogress_0
2019-09-12 11:36:20,424 | INFO  | SCMAudit | user=jenkins1000 | ip=192.168.36.114 | op=SEND_HEARTBEAT {datanodeUUID=7b2637ea-ef1f-4282-b770-2a49c6d41191, command=[]} | ret=SUCCESS |  
2019-09-12 11:36:20,628 [Thread-1072] INFO  ozoneimpl.OzoneContainer (OzoneContainer.java:stop(199)) - Attempting to stop container services.
2019-09-12 11:36:20,629 [ForkJoinPool.commonPool-worker-1] INFO  ozoneimpl.OzoneContainer (OzoneContainer.java:stop(199)) - Attempting to stop container services.
2019-09-12 11:36:20,629 [Thread-1072] INFO  impl.RaftServerProxy (RaftServerProxy.java:lambda$close$4(314)) - 6188b700-e915-4d75-ae21-36a9719dfa93: close
2019-09-12 11:36:20,629 [ForkJoinPool.commonPool-worker-1] INFO  impl.RaftServerProxy (RaftServerProxy.java:lambda$close$4(314)) - 255671a0-6eee-4881-b885-680cdec970b4: close
2019-09-12 11:36:20,630 [Thread-1072] INFO  impl.RaftServerImpl (RaftServerImpl.java:lambda$shutdown$3(245)) - 6188b700-e915-4d75-ae21-36a9719dfa93: shutdown group-65BEF5B3A24F
2019-09-12 11:36:20,630 [ForkJoinPool.commonPool-worker-1] INFO  impl.RaftServerImpl (RaftServerImpl.java:lambda$shutdown$3(245)) - 255671a0-6eee-4881-b885-680cdec970b4: shutdown group-303C1ECB0F26
2019-09-12 11:36:20,630 [Thread-1072] INFO  util.JmxRegister (JmxRegister.java:unregister(73)) - Successfully un-registered JMX Bean with object name Ratis:service=RaftServer,group=group-65BEF5B3A24F,id=6188b700-e915-4d75-ae21-36a9719dfa93
2019-09-12 11:36:20,631 [ForkJoinPool.commonPool-worker-1] INFO  util.JmxRegister (JmxRegister.java:unregister(73)) - Successfully un-registered JMX Bean with object name Ratis:service=RaftServer,group=group-303C1ECB0F26,id=255671a0-6eee-4881-b885-680cdec970b4
2019-09-12 11:36:20,631 [Thread-1072] INFO  impl.RoleInfo (RoleInfo.java:shutdownLeaderState(104)) - 6188b700-e915-4d75-ae21-36a9719dfa93: shutdown LeaderState
2019-09-12 11:36:20,631 [ForkJoinPool.commonPool-worker-1] INFO  impl.RoleInfo (RoleInfo.java:shutdownLeaderState(104)) - 255671a0-6eee-4881-b885-680cdec970b4: shutdown LeaderState
2019-09-12 11:36:20,632 [Thread-1072] INFO  impl.PendingRequests (PendingRequests.java:sendNotLeaderResponses(202)) - 6188b700-e915-4d75-ae21-36a9719dfa93-PendingRequests: sendNotLeaderResponses
2019-09-12 11:36:20,632 [ForkJoinPool.commonPool-worker-1] INFO  impl.PendingRequests (PendingRequests.java:sendNotLeaderResponses(202)) - 255671a0-6eee-4881-b885-680cdec970b4-PendingRequests: sendNotLeaderResponses
2019-09-12 11:36:20,632 [Thread-1072] INFO  impl.StateMachineUpdater (StateMachineUpdater.java:stopAndJoin(115)) - StateMachineUpdater:6188b700-e915-4d75-ae21-36a9719dfa93:group-65BEF5B3A24F: set stopIndex = 0
2019-09-12 11:36:20,632 [ForkJoinPool.commonPool-worker-1] INFO  impl.StateMachineUpdater (StateMachineUpdater.java:stopAndJoin(115)) - StateMachineUpdater:255671a0-6eee-4881-b885-680cdec970b4:group-303C1ECB0F26: set stopIndex = 0
2019-09-12 11:36:20,633 [Thread-1072] INFO  impl.RaftServerImpl (ServerState.java:close(394)) - 6188b700-e915-4d75-ae21-36a9719dfa93:group-65BEF5B3A24F closes. The last applied log index is 0
2019-09-12 11:36:20,633 [ForkJoinPool.commonPool-worker-1] INFO  impl.RaftServerImpl (ServerState.java:close(394)) - 255671a0-6eee-4881-b885-680cdec970b4:group-303C1ECB0F26 closes. The last applied log index is 0
2019-09-12 11:36:20,633 [6188b700-e915-4d75-ae21-36a9719dfa93-SegmentedRaftLogWorker:Storage Directory /workdir/hadoop-ozone/ozonefs/target/test-dir/MiniOzoneClusterImpl-4dbb2fea-10be-4021-aaff-c3567f88023d/datanode-1/data/ratis/c16c7c3b-83cc-4d2d-bc90-65bef5b3a24f] INFO  segmented.SegmentedRaftLogWorker (SegmentedRaftLogWorker.java:run(313)) - 6188b700-e915-4d75-ae21-36a9719dfa93-SegmentedRaftLogWorker:Storage Directory /workdir/hadoop-ozone/ozonefs/target/test-dir/MiniOzoneClusterImpl-4dbb2fea-10be-4021-aaff-c3567f88023d/datanode-1/data/ratis/c16c7c3b-83cc-4d2d-bc90-65bef5b3a24f was interrupted, exiting. There are 0 tasks remaining in the queue.
2019-09-12 11:36:20,634 [255671a0-6eee-4881-b885-680cdec970b4-SegmentedRaftLogWorker:Storage Directory /workdir/hadoop-ozone/ozonefs/target/test-dir/MiniOzoneClusterImpl-4dbb2fea-10be-4021-aaff-c3567f88023d/datanode-0/data/ratis/20f02a71-a2e2-411b-942d-303c1ecb0f26] INFO  segmented.SegmentedRaftLogWorker (SegmentedRaftLogWorker.java:run(313)) - 255671a0-6eee-4881-b885-680cdec970b4-SegmentedRaftLogWorker:Storage Directory /workdir/hadoop-ozone/ozonefs/target/test-dir/MiniOzoneClusterImpl-4dbb2fea-10be-4021-aaff-c3567f88023d/datanode-0/data/ratis/20f02a71-a2e2-411b-942d-303c1ecb0f26 was interrupted, exiting. There are 0 tasks remaining in the queue.
2019-09-12 11:36:20,634 [Thread-1072] INFO  segmented.SegmentedRaftLogWorker (SegmentedRaftLogWorker.java:close(228)) - 6188b700-e915-4d75-ae21-36a9719dfa93-SegmentedRaftLogWorker:Storage Directory /workdir/hadoop-ozone/ozonefs/target/test-dir/MiniOzoneClusterImpl-4dbb2fea-10be-4021-aaff-c3567f88023d/datanode-1/data/ratis/c16c7c3b-83cc-4d2d-bc90-65bef5b3a24f close()
2019-09-12 11:36:20,634 [ForkJoinPool.commonPool-worker-1] INFO  segmented.SegmentedRaftLogWorker (SegmentedRaftLogWorker.java:close(228)) - 255671a0-6eee-4881-b885-680cdec970b4-SegmentedRaftLogWorker:Storage Directory /workdir/hadoop-ozone/ozonefs/target/test-dir/MiniOzoneClusterImpl-4dbb2fea-10be-4021-aaff-c3567f88023d/datanode-0/data/ratis/20f02a71-a2e2-411b-942d-303c1ecb0f26 close()
2019-09-12 11:36:20,636 [Thread-1072] INFO  impl.RaftServerImpl (RaftServerImpl.java:lambda$shutdown$3(245)) - 6188b700-e915-4d75-ae21-36a9719dfa93: shutdown group-B3C9EEC02850
2019-09-12 11:36:20,642 [ForkJoinPool.commonPool-worker-1] INFO  impl.RaftServerImpl (RaftServerImpl.java:lambda$shutdown$3(245)) - 255671a0-6eee-4881-b885-680cdec970b4: shutdown group-C30091509CD1
2019-09-12 11:36:20,642 [Thread-1072] INFO  util.JmxRegister (JmxRegister.java:unregister(73)) - Successfully un-registered JMX Bean with object name Ratis:service=RaftServer,group=group-B3C9EEC02850,id=6188b700-e915-4d75-ae21-36a9719dfa93
2019-09-12 11:36:20,642 [ForkJoinPool.commonPool-worker-1] INFO  util.JmxRegister (JmxRegister.java:unregister(73)) - Successfully un-registered JMX Bean with object name Ratis:service=RaftServer,group=group-C30091509CD1,id=255671a0-6eee-4881-b885-680cdec970b4
2019-09-12 11:36:20,642 [Thread-1072] INFO  impl.RoleInfo (RoleInfo.java:shutdownLeaderState(104)) - 6188b700-e915-4d75-ae21-36a9719dfa93: shutdown LeaderState
2019-09-12 11:36:20,643 [ForkJoinPool.commonPool-worker-1] INFO  impl.RoleInfo (RoleInfo.java:shutdownLeaderState(104)) - 255671a0-6eee-4881-b885-680cdec970b4: shutdown LeaderState
2019-09-12 11:36:20,643 [Thread-1072] INFO  impl.PendingRequests (PendingRequests.java:sendNotLeaderResponses(202)) - 6188b700-e915-4d75-ae21-36a9719dfa93-PendingRequests: sendNotLeaderResponses
2019-09-12 11:36:20,643 [ForkJoinPool.commonPool-worker-1] INFO  impl.PendingRequests (PendingRequests.java:sendNotLeaderResponses(202)) - 255671a0-6eee-4881-b885-680cdec970b4-PendingRequests: sendNotLeaderResponses
2019-09-12 11:36:20,644 [Thread-1072] INFO  impl.StateMachineUpdater (StateMachineUpdater.java:stopAndJoin(115)) - StateMachineUpdater:6188b700-e915-4d75-ae21-36a9719dfa93:group-B3C9EEC02850: set stopIndex = 0
2019-09-12 11:36:20,644 [ForkJoinPool.commonPool-worker-1] INFO  impl.StateMachineUpdater (StateMachineUpdater.java:stopAndJoin(115)) - StateMachineUpdater:255671a0-6eee-4881-b885-680cdec970b4:group-C30091509CD1: set stopIndex = 0
2019-09-12 11:36:20,644 [Thread-1072] INFO  impl.RaftServerImpl (ServerState.java:close(394)) - 6188b700-e915-4d75-ae21-36a9719dfa93:group-B3C9EEC02850 closes. The last applied log index is 0
2019-09-12 11:36:20,644 [ForkJoinPool.commonPool-worker-1] INFO  impl.RaftServerImpl (ServerState.java:close(394)) - 255671a0-6eee-4881-b885-680cdec970b4:group-C30091509CD1 closes. The last applied log index is 0
2019-09-12 11:36:20,645 [6188b700-e915-4d75-ae21-36a9719dfa93-SegmentedRaftLogWorker:Storage Directory /workdir/hadoop-ozone/ozonefs/target/test-dir/MiniOzoneClusterImpl-4dbb2fea-10be-4021-aaff-c3567f88023d/datanode-1/data/ratis/ff814b0f-e75d-4a75-8e89-b3c9eec02850] INFO  segmented.SegmentedRaftLogWorker (SegmentedRaftLogWorker.java:run(313)) - 6188b700-e915-4d75-ae21-36a9719dfa93-SegmentedRaftLogWorker:Storage Directory /workdir/hadoop-ozone/ozonefs/target/test-dir/MiniOzoneClusterImpl-4dbb2fea-10be-4021-aaff-c3567f88023d/datanode-1/data/ratis/ff814b0f-e75d-4a75-8e89-b3c9eec02850 was interrupted, exiting. There are 0 tasks remaining in the queue.
2019-09-12 11:36:20,645 [255671a0-6eee-4881-b885-680cdec970b4-SegmentedRaftLogWorker:Storage Directory /workdir/hadoop-ozone/ozonefs/target/test-dir/MiniOzoneClusterImpl-4dbb2fea-10be-4021-aaff-c3567f88023d/datanode-0/data/ratis/f360e355-d4e1-4686-8e57-c30091509cd1] INFO  segmented.SegmentedRaftLogWorker (SegmentedRaftLogWorker.java:run(313)) - 255671a0-6eee-4881-b885-680cdec970b4-SegmentedRaftLogWorker:Storage Directory /workdir/hadoop-ozone/ozonefs/target/test-dir/MiniOzoneClusterImpl-4dbb2fea-10be-4021-aaff-c3567f88023d/datanode-0/data/ratis/f360e355-d4e1-4686-8e57-c30091509cd1 was interrupted, exiting. There are 0 tasks remaining in the queue.
2019-09-12 11:36:20,645 [Thread-1072] INFO  segmented.SegmentedRaftLogWorker (SegmentedRaftLogWorker.java:close(228)) - 6188b700-e915-4d75-ae21-36a9719dfa93-SegmentedRaftLogWorker:Storage Directory /workdir/hadoop-ozone/ozonefs/target/test-dir/MiniOzoneClusterImpl-4dbb2fea-10be-4021-aaff-c3567f88023d/datanode-1/data/ratis/ff814b0f-e75d-4a75-8e89-b3c9eec02850 close()
2019-09-12 11:36:20,645 [ForkJoinPool.commonPool-worker-1] INFO  segmented.SegmentedRaftLogWorker (SegmentedRaftLogWorker.java:close(228)) - 255671a0-6eee-4881-b885-680cdec970b4-SegmentedRaftLogWorker:Storage Directory /workdir/hadoop-ozone/ozonefs/target/test-dir/MiniOzoneClusterImpl-4dbb2fea-10be-4021-aaff-c3567f88023d/datanode-0/data/ratis/f360e355-d4e1-4686-8e57-c30091509cd1 close()
2019-09-12 11:36:20,646 [Thread-1072] INFO  impl.RaftServerImpl (RaftServerImpl.java:lambda$shutdown$3(245)) - 6188b700-e915-4d75-ae21-36a9719dfa93: shutdown group-8FCE234AE035
2019-09-12 11:36:20,646 [ForkJoinPool.commonPool-worker-1] INFO  impl.RaftServerImpl (RaftServerImpl.java:lambda$shutdown$3(245)) - 255671a0-6eee-4881-b885-680cdec970b4: shutdown group-A76FFBEFC615
2019-09-12 11:36:20,646 [Thread-1072] INFO  util.JmxRegister (JmxRegister.java:unregister(73)) - Successfully un-registered JMX Bean with object name Ratis:service=RaftServer,group=group-8FCE234AE035,id=6188b700-e915-4d75-ae21-36a9719dfa93
2019-09-12 11:36:20,646 [ForkJoinPool.commonPool-worker-1] INFO  util.JmxRegister (JmxRegister.java:unregister(73)) - Successfully un-registered JMX Bean with object name Ratis:service=RaftServer,group=group-A76FFBEFC615,id=255671a0-6eee-4881-b885-680cdec970b4
2019-09-12 11:36:20,647 [Thread-1072] INFO  impl.RoleInfo (RoleInfo.java:shutdownLeaderState(104)) - 6188b700-e915-4d75-ae21-36a9719dfa93: shutdown LeaderState
2019-09-12 11:36:20,647 [ForkJoinPool.commonPool-worker-1] INFO  impl.RoleInfo (RoleInfo.java:shutdownLeaderState(104)) - 255671a0-6eee-4881-b885-680cdec970b4: shutdown LeaderState
2019-09-12 11:36:20,647 [Thread-1072] INFO  impl.PendingRequests (PendingRequests.java:sendNotLeaderResponses(202)) - 6188b700-e915-4d75-ae21-36a9719dfa93-PendingRequests: sendNotLeaderResponses
2019-09-12 11:36:20,648 [ForkJoinPool.commonPool-worker-1] INFO  impl.PendingRequests (PendingRequests.java:sendNotLeaderResponses(202)) - 255671a0-6eee-4881-b885-680cdec970b4-PendingRequests: sendNotLeaderResponses
2019-09-12 11:36:20,648 [Thread-1072] INFO  impl.StateMachineUpdater (StateMachineUpdater.java:stopAndJoin(115)) - StateMachineUpdater:6188b700-e915-4d75-ae21-36a9719dfa93:group-8FCE234AE035: set stopIndex = 0
2019-09-12 11:36:20,648 [ForkJoinPool.commonPool-worker-1] INFO  impl.StateMachineUpdater (StateMachineUpdater.java:stopAndJoin(115)) - StateMachineUpdater:255671a0-6eee-4881-b885-680cdec970b4:group-A76FFBEFC615: set stopIndex = 0
2019-09-12 11:36:20,648 [Thread-1072] INFO  impl.RaftServerImpl (ServerState.java:close(394)) - 6188b700-e915-4d75-ae21-36a9719dfa93:group-8FCE234AE035 closes. The last applied log index is 0
2019-09-12 11:36:20,649 [ForkJoinPool.commonPool-worker-1] INFO  impl.RaftServerImpl (ServerState.java:close(394)) - 255671a0-6eee-4881-b885-680cdec970b4:group-A76FFBEFC615 closes. The last applied log index is 0
2019-09-12 11:36:20,649 [6188b700-e915-4d75-ae21-36a9719dfa93-SegmentedRaftLogWorker:Storage Directory /workdir/hadoop-ozone/ozonefs/target/test-dir/MiniOzoneClusterImpl-4dbb2fea-10be-4021-aaff-c3567f88023d/datanode-1/data/ratis/6dab9468-ffc6-41a1-aed2-8fce234ae035] INFO  segmented.SegmentedRaftLogWorker (SegmentedRaftLogWorker.java:run(313)) - 6188b700-e915-4d75-ae21-36a9719dfa93-SegmentedRaftLogWorker:Storage Directory /workdir/hadoop-ozone/ozonefs/target/test-dir/MiniOzoneClusterImpl-4dbb2fea-10be-4021-aaff-c3567f88023d/datanode-1/data/ratis/6dab9468-ffc6-41a1-aed2-8fce234ae035 was interrupted, exiting. There are 0 tasks remaining in the queue.
2019-09-12 11:36:20,649 [255671a0-6eee-4881-b885-680cdec970b4-SegmentedRaftLogWorker:Storage Directory /workdir/hadoop-ozone/ozonefs/target/test-dir/MiniOzoneClusterImpl-4dbb2fea-10be-4021-aaff-c3567f88023d/datanode-0/data/ratis/53ee4720-ec7e-4cde-aa9a-a76ffbefc615] INFO  segmented.SegmentedRaftLogWorker (SegmentedRaftLogWorker.java:run(313)) - 255671a0-6eee-4881-b885-680cdec970b4-SegmentedRaftLogWorker:Storage Directory /workdir/hadoop-ozone/ozonefs/target/test-dir/MiniOzoneClusterImpl-4dbb2fea-10be-4021-aaff-c3567f88023d/datanode-0/data/ratis/53ee4720-ec7e-4cde-aa9a-a76ffbefc615 was interrupted, exiting. There are 0 tasks remaining in the queue.
2019-09-12 11:36:20,650 [Thread-1072] INFO  segmented.SegmentedRaftLogWorker (SegmentedRaftLogWorker.java:close(228)) - 6188b700-e915-4d75-ae21-36a9719dfa93-SegmentedRaftLogWorker:Storage Directory /workdir/hadoop-ozone/ozonefs/target/test-dir/MiniOzoneClusterImpl-4dbb2fea-10be-4021-aaff-c3567f88023d/datanode-1/data/ratis/6dab9468-ffc6-41a1-aed2-8fce234ae035 close()
2019-09-12 11:36:20,650 [ForkJoinPool.commonPool-worker-1] INFO  segmented.SegmentedRaftLogWorker (SegmentedRaftLogWorker.java:close(228)) - 255671a0-6eee-4881-b885-680cdec970b4-SegmentedRaftLogWorker:Storage Directory /workdir/hadoop-ozone/ozonefs/target/test-dir/MiniOzoneClusterImpl-4dbb2fea-10be-4021-aaff-c3567f88023d/datanode-0/data/ratis/53ee4720-ec7e-4cde-aa9a-a76ffbefc615 close()
2019-09-12 11:36:20,650 [Thread-1072] INFO  impl.RaftServerImpl (RaftServerImpl.java:lambda$shutdown$3(245)) - 6188b700-e915-4d75-ae21-36a9719dfa93: shutdown group-076F32837D91
2019-09-12 11:36:20,650 [ForkJoinPool.commonPool-worker-1] INFO  impl.RaftServerImpl (RaftServerImpl.java:lambda$shutdown$3(245)) - 255671a0-6eee-4881-b885-680cdec970b4: shutdown group-A2DD32D32301
2019-09-12 11:36:20,650 [Thread-1072] INFO  util.JmxRegister (JmxRegister.java:unregister(73)) - Successfully un-registered JMX Bean with object name Ratis:service=RaftServer,group=group-076F32837D91,id=6188b700-e915-4d75-ae21-36a9719dfa93
2019-09-12 11:36:20,651 [Thread-1072] INFO  impl.RoleInfo (RoleInfo.java:shutdownLeaderState(104)) - 6188b700-e915-4d75-ae21-36a9719dfa93: shutdown LeaderState
2019-09-12 11:36:20,651 [ForkJoinPool.commonPool-worker-1] INFO  util.JmxRegister (JmxRegister.java:unregister(73)) - Successfully un-registered JMX Bean with object name Ratis:service=RaftServer,group=group-A2DD32D32301,id=255671a0-6eee-4881-b885-680cdec970b4
2019-09-12 11:36:20,651 [Thread-1072] INFO  impl.PendingRequests (PendingRequests.java:sendNotLeaderResponses(202)) - 6188b700-e915-4d75-ae21-36a9719dfa93-PendingRequests: sendNotLeaderResponses
2019-09-12 11:36:20,651 [ForkJoinPool.commonPool-worker-1] INFO  impl.RoleInfo (RoleInfo.java:shutdownLeaderState(104)) - 255671a0-6eee-4881-b885-680cdec970b4: shutdown LeaderState
2019-09-12 11:36:20,652 [Thread-1072] INFO  impl.StateMachineUpdater (StateMachineUpdater.java:stopAndJoin(115)) - StateMachineUpdater:6188b700-e915-4d75-ae21-36a9719dfa93:group-076F32837D91: set stopIndex = 0
2019-09-12 11:36:20,652 [ForkJoinPool.commonPool-worker-1] INFO  impl.PendingRequests (PendingRequests.java:sendNotLeaderResponses(202)) - 255671a0-6eee-4881-b885-680cdec970b4-PendingRequests: sendNotLeaderResponses
2019-09-12 11:36:20,652 [Thread-1072] INFO  impl.RaftServerImpl (ServerState.java:close(394)) - 6188b700-e915-4d75-ae21-36a9719dfa93:group-076F32837D91 closes. The last applied log index is 0
2019-09-12 11:36:20,653 [ForkJoinPool.commonPool-worker-1] INFO  impl.StateMachineUpdater (StateMachineUpdater.java:stopAndJoin(115)) - StateMachineUpdater:255671a0-6eee-4881-b885-680cdec970b4:group-A2DD32D32301: set stopIndex = 0
2019-09-12 11:36:20,653 [ForkJoinPool.commonPool-worker-1] INFO  impl.RaftServerImpl (ServerState.java:close(394)) - 255671a0-6eee-4881-b885-680cdec970b4:group-A2DD32D32301 closes. The last applied log index is 0
2019-09-12 11:36:20,653 [6188b700-e915-4d75-ae21-36a9719dfa93-SegmentedRaftLogWorker:Storage Directory /workdir/hadoop-ozone/ozonefs/target/test-dir/MiniOzoneClusterImpl-4dbb2fea-10be-4021-aaff-c3567f88023d/datanode-1/data/ratis/8b1f7478-7fb1-405c-b390-076f32837d91] INFO  segmented.SegmentedRaftLogWorker (SegmentedRaftLogWorker.java:run(313)) - 6188b700-e915-4d75-ae21-36a9719dfa93-SegmentedRaftLogWorker:Storage Directory /workdir/hadoop-ozone/ozonefs/target/test-dir/MiniOzoneClusterImpl-4dbb2fea-10be-4021-aaff-c3567f88023d/datanode-1/data/ratis/8b1f7478-7fb1-405c-b390-076f32837d91 was interrupted, exiting. There are 0 tasks remaining in the queue.
2019-09-12 11:36:20,653 [255671a0-6eee-4881-b885-680cdec970b4-SegmentedRaftLogWorker:Storage Directory /workdir/hadoop-ozone/ozonefs/target/test-dir/MiniOzoneClusterImpl-4dbb2fea-10be-4021-aaff-c3567f88023d/datanode-0/data/ratis/e48d90c0-ce75-4b11-a7ab-a2dd32d32301] INFO  segmented.SegmentedRaftLogWorker (SegmentedRaftLogWorker.java:run(313)) - 255671a0-6eee-4881-b885-680cdec970b4-SegmentedRaftLogWorker:Storage Directory /workdir/hadoop-ozone/ozonefs/target/test-dir/MiniOzoneClusterImpl-4dbb2fea-10be-4021-aaff-c3567f88023d/datanode-0/data/ratis/e48d90c0-ce75-4b11-a7ab-a2dd32d32301 was interrupted, exiting. There are 0 tasks remaining in the queue.
2019-09-12 11:36:20,653 [Thread-1072] INFO  segmented.SegmentedRaftLogWorker (SegmentedRaftLogWorker.java:close(228)) - 6188b700-e915-4d75-ae21-36a9719dfa93-SegmentedRaftLogWorker:Storage Directory /workdir/hadoop-ozone/ozonefs/target/test-dir/MiniOzoneClusterImpl-4dbb2fea-10be-4021-aaff-c3567f88023d/datanode-1/data/ratis/8b1f7478-7fb1-405c-b390-076f32837d91 close()
2019-09-12 11:36:20,654 [ForkJoinPool.commonPool-worker-1] INFO  segmented.SegmentedRaftLogWorker (SegmentedRaftLogWorker.java:close(228)) - 255671a0-6eee-4881-b885-680cdec970b4-SegmentedRaftLogWorker:Storage Directory /workdir/hadoop-ozone/ozonefs/target/test-dir/MiniOzoneClusterImpl-4dbb2fea-10be-4021-aaff-c3567f88023d/datanode-0/data/ratis/e48d90c0-ce75-4b11-a7ab-a2dd32d32301 close()
2019-09-12 11:36:20,654 [Thread-1072] INFO  impl.RaftServerImpl (RaftServerImpl.java:lambda$shutdown$3(245)) - 6188b700-e915-4d75-ae21-36a9719dfa93: shutdown group-885333CE607F
2019-09-12 11:36:20,654 [ForkJoinPool.commonPool-worker-1] INFO  impl.RaftServerImpl (RaftServerImpl.java:lambda$shutdown$3(245)) - 255671a0-6eee-4881-b885-680cdec970b4: shutdown group-4C552BD78802
2019-09-12 11:36:20,654 [Thread-1072] INFO  util.JmxRegister (JmxRegister.java:unregister(73)) - Successfully un-registered JMX Bean with object name Ratis:service=RaftServer,group=group-885333CE607F,id=6188b700-e915-4d75-ae21-36a9719dfa93
2019-09-12 11:36:20,655 [Thread-1072] INFO  impl.RoleInfo (RoleInfo.java:shutdownLeaderState(104)) - 6188b700-e915-4d75-ae21-36a9719dfa93: shutdown LeaderState
2019-09-12 11:36:20,655 [ForkJoinPool.commonPool-worker-1] INFO  util.JmxRegister (JmxRegister.java:unregister(73)) - Successfully un-registered JMX Bean with object name Ratis:service=RaftServer,group=group-4C552BD78802,id=255671a0-6eee-4881-b885-680cdec970b4
2019-09-12 11:36:20,655 [Thread-1072] INFO  impl.PendingRequests (PendingRequests.java:sendNotLeaderResponses(202)) - 6188b700-e915-4d75-ae21-36a9719dfa93-PendingRequests: sendNotLeaderResponses
2019-09-12 11:36:20,655 [ForkJoinPool.commonPool-worker-1] INFO  impl.RoleInfo (RoleInfo.java:shutdownLeaderState(104)) - 255671a0-6eee-4881-b885-680cdec970b4: shutdown LeaderState
2019-09-12 11:36:20,656 [Thread-1072] INFO  impl.StateMachineUpdater (StateMachineUpdater.java:stopAndJoin(115)) - StateMachineUpdater:6188b700-e915-4d75-ae21-36a9719dfa93:group-885333CE607F: set stopIndex = 0
2019-09-12 11:36:20,656 [ForkJoinPool.commonPool-worker-1] INFO  impl.PendingRequests (PendingRequests.java:sendNotLeaderResponses(202)) - 255671a0-6eee-4881-b885-680cdec970b4-PendingRequests: sendNotLeaderResponses
2019-09-12 11:36:20,656 [Thread-1072] INFO  impl.RaftServerImpl (ServerState.java:close(394)) - 6188b700-e915-4d75-ae21-36a9719dfa93:group-885333CE607F closes. The last applied log index is 0
2019-09-12 11:36:20,657 [ForkJoinPool.commonPool-worker-1] INFO  impl.StateMachineUpdater (StateMachineUpdater.java:stopAndJoin(115)) - StateMachineUpdater:255671a0-6eee-4881-b885-680cdec970b4:group-4C552BD78802: set stopIndex = 0
2019-09-12 11:36:20,657 [6188b700-e915-4d75-ae21-36a9719dfa93-SegmentedRaftLogWorker:Storage Directory /workdir/hadoop-ozone/ozonefs/target/test-dir/MiniOzoneClusterImpl-4dbb2fea-10be-4021-aaff-c3567f88023d/datanode-1/data/ratis/73d11c1d-f2c4-4624-a304-885333ce607f] INFO  segmented.SegmentedRaftLogWorker (SegmentedRaftLogWorker.java:run(313)) - 6188b700-e915-4d75-ae21-36a9719dfa93-SegmentedRaftLogWorker:Storage Directory /workdir/hadoop-ozone/ozonefs/target/test-dir/MiniOzoneClusterImpl-4dbb2fea-10be-4021-aaff-c3567f88023d/datanode-1/data/ratis/73d11c1d-f2c4-4624-a304-885333ce607f was interrupted, exiting. There are 0 tasks remaining in the queue.
2019-09-12 11:36:20,657 [ForkJoinPool.commonPool-worker-1] INFO  impl.RaftServerImpl (ServerState.java:close(394)) - 255671a0-6eee-4881-b885-680cdec970b4:group-4C552BD78802 closes. The last applied log index is 0
2019-09-12 11:36:20,657 [Thread-1072] INFO  segmented.SegmentedRaftLogWorker (SegmentedRaftLogWorker.java:close(228)) - 6188b700-e915-4d75-ae21-36a9719dfa93-SegmentedRaftLogWorker:Storage Directory /workdir/hadoop-ozone/ozonefs/target/test-dir/MiniOzoneClusterImpl-4dbb2fea-10be-4021-aaff-c3567f88023d/datanode-1/data/ratis/73d11c1d-f2c4-4624-a304-885333ce607f close()
2019-09-12 11:36:20,657 [255671a0-6eee-4881-b885-680cdec970b4-SegmentedRaftLogWorker:Storage Directory /workdir/hadoop-ozone/ozonefs/target/test-dir/MiniOzoneClusterImpl-4dbb2fea-10be-4021-aaff-c3567f88023d/datanode-0/data/ratis/eb71f9f3-2252-4883-8c4c-4c552bd78802] INFO  segmented.SegmentedRaftLogWorker (SegmentedRaftLogWorker.java:run(313)) - 255671a0-6eee-4881-b885-680cdec970b4-SegmentedRaftLogWorker:Storage Directory /workdir/hadoop-ozone/ozonefs/target/test-dir/MiniOzoneClusterImpl-4dbb2fea-10be-4021-aaff-c3567f88023d/datanode-0/data/ratis/eb71f9f3-2252-4883-8c4c-4c552bd78802 was interrupted, exiting. There are 0 tasks remaining in the queue.
2019-09-12 11:36:20,658 [Thread-1072] INFO  impl.RaftServerImpl (RaftServerImpl.java:lambda$shutdown$3(245)) - 6188b700-e915-4d75-ae21-36a9719dfa93: shutdown group-7F890450A3AE
2019-09-12 11:36:20,658 [ForkJoinPool.commonPool-worker-1] INFO  segmented.SegmentedRaftLogWorker (SegmentedRaftLogWorker.java:close(228)) - 255671a0-6eee-4881-b885-680cdec970b4-SegmentedRaftLogWorker:Storage Directory /workdir/hadoop-ozone/ozonefs/target/test-dir/MiniOzoneClusterImpl-4dbb2fea-10be-4021-aaff-c3567f88023d/datanode-0/data/ratis/eb71f9f3-2252-4883-8c4c-4c552bd78802 close()
2019-09-12 11:36:20,658 [Thread-1072] INFO  util.JmxRegister (JmxRegister.java:unregister(73)) - Successfully un-registered JMX Bean with object name Ratis:service=RaftServer,group=group-7F890450A3AE,id=6188b700-e915-4d75-ae21-36a9719dfa93
2019-09-12 11:36:20,659 [ForkJoinPool.commonPool-worker-1] INFO  impl.RaftServerImpl (RaftServerImpl.java:lambda$shutdown$3(245)) - 255671a0-6eee-4881-b885-680cdec970b4: shutdown group-181FE8FF7413
2019-09-12 11:36:20,659 [Thread-1072] INFO  impl.RoleInfo (RoleInfo.java:shutdownLeaderState(104)) - 6188b700-e915-4d75-ae21-36a9719dfa93: shutdown LeaderState
2019-09-12 11:36:20,659 [ForkJoinPool.commonPool-worker-1] INFO  util.JmxRegister (JmxRegister.java:unregister(73)) - Successfully un-registered JMX Bean with object name Ratis:service=RaftServer,group=group-181FE8FF7413,id=255671a0-6eee-4881-b885-680cdec970b4
2019-09-12 11:36:20,659 [Thread-1072] INFO  impl.PendingRequests (PendingRequests.java:sendNotLeaderResponses(202)) - 6188b700-e915-4d75-ae21-36a9719dfa93-PendingRequests: sendNotLeaderResponses
2019-09-12 11:36:20,660 [ForkJoinPool.commonPool-worker-1] INFO  impl.RoleInfo (RoleInfo.java:shutdownLeaderState(104)) - 255671a0-6eee-4881-b885-680cdec970b4: shutdown LeaderState
2019-09-12 11:36:20,660 [Thread-1072] INFO  impl.StateMachineUpdater (StateMachineUpdater.java:stopAndJoin(115)) - StateMachineUpdater:6188b700-e915-4d75-ae21-36a9719dfa93:group-7F890450A3AE: set stopIndex = 0
2019-09-12 11:36:20,660 [ForkJoinPool.commonPool-worker-1] INFO  impl.PendingRequests (PendingRequests.java:sendNotLeaderResponses(202)) - 255671a0-6eee-4881-b885-680cdec970b4-PendingRequests: sendNotLeaderResponses
2019-09-12 11:36:20,660 [Thread-1072] INFO  impl.RaftServerImpl (ServerState.java:close(394)) - 6188b700-e915-4d75-ae21-36a9719dfa93:group-7F890450A3AE closes. The last applied log index is 0
2019-09-12 11:36:20,661 [ForkJoinPool.commonPool-worker-1] INFO  impl.StateMachineUpdater (StateMachineUpdater.java:stopAndJoin(115)) - StateMachineUpdater:255671a0-6eee-4881-b885-680cdec970b4:group-181FE8FF7413: set stopIndex = 0
2019-09-12 11:36:20,661 [6188b700-e915-4d75-ae21-36a9719dfa93-SegmentedRaftLogWorker:Storage Directory /workdir/hadoop-ozone/ozonefs/target/test-dir/MiniOzoneClusterImpl-4dbb2fea-10be-4021-aaff-c3567f88023d/datanode-1/data/ratis/2dc05745-44d2-4536-94fa-7f890450a3ae] INFO  segmented.SegmentedRaftLogWorker (SegmentedRaftLogWorker.java:run(313)) - 6188b700-e915-4d75-ae21-36a9719dfa93-SegmentedRaftLogWorker:Storage Directory /workdir/hadoop-ozone/ozonefs/target/test-dir/MiniOzoneClusterImpl-4dbb2fea-10be-4021-aaff-c3567f88023d/datanode-1/data/ratis/2dc05745-44d2-4536-94fa-7f890450a3ae was interrupted, exiting. There are 0 tasks remaining in the queue.
2019-09-12 11:36:20,661 [ForkJoinPool.commonPool-worker-1] INFO  impl.RaftServerImpl (ServerState.java:close(394)) - 255671a0-6eee-4881-b885-680cdec970b4:group-181FE8FF7413 closes. The last applied log index is 0
2019-09-12 11:36:20,662 [Thread-1072] INFO  segmented.SegmentedRaftLogWorker (SegmentedRaftLogWorker.java:close(228)) - 6188b700-e915-4d75-ae21-36a9719dfa93-SegmentedRaftLogWorker:Storage Directory /workdir/hadoop-ozone/ozonefs/target/test-dir/MiniOzoneClusterImpl-4dbb2fea-10be-4021-aaff-c3567f88023d/datanode-1/data/ratis/2dc05745-44d2-4536-94fa-7f890450a3ae close()
2019-09-12 11:36:20,662 [255671a0-6eee-4881-b885-680cdec970b4-SegmentedRaftLogWorker:Storage Directory /workdir/hadoop-ozone/ozonefs/target/test-dir/MiniOzoneClusterImpl-4dbb2fea-10be-4021-aaff-c3567f88023d/datanode-0/data/ratis/b7ef7b7a-65fb-46db-8379-181fe8ff7413] INFO  segmented.SegmentedRaftLogWorker (SegmentedRaftLogWorker.java:run(313)) - 255671a0-6eee-4881-b885-680cdec970b4-SegmentedRaftLogWorker:Storage Directory /workdir/hadoop-ozone/ozonefs/target/test-dir/MiniOzoneClusterImpl-4dbb2fea-10be-4021-aaff-c3567f88023d/datanode-0/data/ratis/b7ef7b7a-65fb-46db-8379-181fe8ff7413 was interrupted, exiting. There are 0 tasks remaining in the queue.
2019-09-12 11:36:20,662 [Thread-1072] INFO  server.GrpcService (GrpcService.java:closeImpl(155)) - 6188b700-e915-4d75-ae21-36a9719dfa93: shutdown server with port 45909 now
2019-09-12 11:36:20,662 [ForkJoinPool.commonPool-worker-1] INFO  segmented.SegmentedRaftLogWorker (SegmentedRaftLogWorker.java:close(228)) - 255671a0-6eee-4881-b885-680cdec970b4-SegmentedRaftLogWorker:Storage Directory /workdir/hadoop-ozone/ozonefs/target/test-dir/MiniOzoneClusterImpl-4dbb2fea-10be-4021-aaff-c3567f88023d/datanode-0/data/ratis/b7ef7b7a-65fb-46db-8379-181fe8ff7413 close()
2019-09-12 11:36:20,664 [Thread-1072] INFO  server.GrpcService (GrpcService.java:closeImpl(163)) - 6188b700-e915-4d75-ae21-36a9719dfa93: shutdown server with port 45909 successfully
2019-09-12 11:36:20,664 [ForkJoinPool.commonPool-worker-1] INFO  server.GrpcService (GrpcService.java:closeImpl(155)) - 255671a0-6eee-4881-b885-680cdec970b4: shutdown server with port 46494 now
2019-09-12 11:36:20,667 [ForkJoinPool.commonPool-worker-1] INFO  server.GrpcService (GrpcService.java:closeImpl(163)) - 255671a0-6eee-4881-b885-680cdec970b4: shutdown server with port 46494 successfully
2019-09-12 11:36:20,667 [Thread-1072] INFO  utils.BackgroundService (BackgroundService.java:shutdown(148)) - Shutting down service BlockDeletingService
2019-09-12 11:36:20,668 [ForkJoinPool.commonPool-worker-1] INFO  utils.BackgroundService (BackgroundService.java:shutdown(148)) - Shutting down service BlockDeletingService
2019-09-12 11:36:20,668 [refreshUsed-/workdir/hadoop-ozone/ozonefs/target/test-dir/MiniOzoneClusterImpl-4dbb2fea-10be-4021-aaff-c3567f88023d/datanode-0/data/containers] WARN  fs.CachingGetSpaceUsed (CachingGetSpaceUsed.java:run(183)) - Thread Interrupted waiting to refresh disk information: sleep interrupted
2019-09-12 11:36:20,669 [refreshUsed-/workdir/hadoop-ozone/ozonefs/target/test-dir/MiniOzoneClusterImpl-4dbb2fea-10be-4021-aaff-c3567f88023d/datanode-1/data/containers] WARN  fs.CachingGetSpaceUsed (CachingGetSpaceUsed.java:run(183)) - Thread Interrupted waiting to refresh disk information: sleep interrupted
2019-09-12 11:36:20,694 [ForkJoinPool.commonPool-worker-1] INFO  statemachine.DatanodeStateMachine (DatanodeStateMachine.java:stopDaemon(395)) - Ozone container server stopped.
2019-09-12 11:36:20,695 [Thread-1072] INFO  statemachine.DatanodeStateMachine (DatanodeStateMachine.java:stopDaemon(395)) - Ozone container server stopped.
2019-09-12 11:36:20,696 [ForkJoinPool.commonPool-worker-1] INFO  handler.ContextHandler (ContextHandler.java:doStop(910)) - Stopped o.e.j.w.WebAppContext@1094ef57{/,null,UNAVAILABLE}{/hddsDatanode}
2019-09-12 11:36:20,697 [Thread-1072] INFO  handler.ContextHandler (ContextHandler.java:doStop(910)) - Stopped o.e.j.w.WebAppContext@1c1b51aa{/,null,UNAVAILABLE}{/hddsDatanode}
2019-09-12 11:36:20,697 [ForkJoinPool.commonPool-worker-1] INFO  server.AbstractConnector (AbstractConnector.java:doStop(318)) - Stopped ServerConnector@5cbfffaf{HTTP/1.1,[http/1.1]}{0.0.0.0:0}
2019-09-12 11:36:20,700 [Thread-1072] INFO  server.AbstractConnector (AbstractConnector.java:doStop(318)) - Stopped ServerConnector@759b3566{HTTP/1.1,[http/1.1]}{0.0.0.0:0}
2019-09-12 11:36:20,700 [ForkJoinPool.commonPool-worker-1] INFO  handler.ContextHandler (ContextHandler.java:doStop(910)) - Stopped o.e.j.s.ServletContextHandler@67a2fd2b{/static,jar:file:/home/user/.m2/repository/org/apache/hadoop/hadoop-hdds-container-service/0.5.0-SNAPSHOT/hadoop-hdds-container-service-0.5.0-SNAPSHOT.jar!/webapps/static,UNAVAILABLE}
2019-09-12 11:36:20,700 [Thread-1072] INFO  handler.ContextHandler (ContextHandler.java:doStop(910)) - Stopped o.e.j.s.ServletContextHandler@63be2ffc{/static,jar:file:/home/user/.m2/repository/org/apache/hadoop/hadoop-hdds-container-service/0.5.0-SNAPSHOT/hadoop-hdds-container-service-0.5.0-SNAPSHOT.jar!/webapps/static,UNAVAILABLE}
2019-09-12 11:36:20,700 [ForkJoinPool.commonPool-worker-1] INFO  handler.ContextHandler (ContextHandler.java:doStop(910)) - Stopped o.e.j.s.ServletContextHandler@34c3d44c{/logs,file:///workdir/hadoop-ozone/ozonefs/target/log,UNAVAILABLE}
2019-09-12 11:36:20,700 [Thread-1072] INFO  handler.ContextHandler (ContextHandler.java:doStop(910)) - Stopped o.e.j.s.ServletContextHandler@6acc0db2{/logs,file:///workdir/hadoop-ozone/ozonefs/target/log,UNAVAILABLE}
2019-09-12 11:36:20,701 [ForkJoinPool.commonPool-worker-1] INFO  datanode.ObjectStoreHandler (ObjectStoreHandler.java:close(155)) - Closing ObjectStoreHandler.
2019-09-12 11:36:20,701 [ForkJoinPool.commonPool-worker-1] INFO  ozone.HddsDatanodeService (HddsDatanodeService.java:stop(451)) - Stopped plug-in org.apache.hadoop.ozone.web.OzoneHddsDatanodeService@29b123be
2019-09-12 11:36:21,422 [Datanode State Machine Thread - 0] INFO  statemachine.DatanodeStateMachine (DatanodeStateMachine.java:lambda$startDaemon$0(350)) - Ozone container server started.
2019-09-12 11:36:25,702 [ForkJoinPool.commonPool-worker-1] INFO  ozoneimpl.OzoneContainer (OzoneContainer.java:stop(199)) - Attempting to stop container services.
2019-09-12 11:36:25,703 [ForkJoinPool.commonPool-worker-1] INFO  impl.RaftServerProxy (RaftServerProxy.java:lambda$close$4(314)) - 7b2637ea-ef1f-4282-b770-2a49c6d41191: close
2019-09-12 11:36:25,703 [ForkJoinPool.commonPool-worker-1] INFO  impl.RaftServerImpl (RaftServerImpl.java:lambda$shutdown$3(245)) - 7b2637ea-ef1f-4282-b770-2a49c6d41191: shutdown group-2BECCC03C664
2019-09-12 11:36:25,703 [ForkJoinPool.commonPool-worker-1] INFO  util.JmxRegister (JmxRegister.java:unregister(73)) - Successfully un-registered JMX Bean with object name Ratis:service=RaftServer,group=group-2BECCC03C664,id=7b2637ea-ef1f-4282-b770-2a49c6d41191
2019-09-12 11:36:25,703 [ForkJoinPool.commonPool-worker-1] INFO  impl.RoleInfo (RoleInfo.java:shutdownLeaderState(104)) - 7b2637ea-ef1f-4282-b770-2a49c6d41191: shutdown LeaderState
2019-09-12 11:36:25,704 [ForkJoinPool.commonPool-worker-1] INFO  impl.PendingRequests (PendingRequests.java:sendNotLeaderResponses(202)) - 7b2637ea-ef1f-4282-b770-2a49c6d41191-PendingRequests: sendNotLeaderResponses
2019-09-12 11:36:25,704 [ForkJoinPool.commonPool-worker-1] INFO  impl.StateMachineUpdater (StateMachineUpdater.java:stopAndJoin(115)) - StateMachineUpdater:7b2637ea-ef1f-4282-b770-2a49c6d41191:group-2BECCC03C664: set stopIndex = 0
2019-09-12 11:36:25,704 [ForkJoinPool.commonPool-worker-1] INFO  impl.RaftServerImpl (ServerState.java:close(394)) - 7b2637ea-ef1f-4282-b770-2a49c6d41191:group-2BECCC03C664 closes. The last applied log index is 0
2019-09-12 11:36:25,704 [7b2637ea-ef1f-4282-b770-2a49c6d41191-SegmentedRaftLogWorker:Storage Directory /workdir/hadoop-ozone/ozonefs/target/test-dir/MiniOzoneClusterImpl-4dbb2fea-10be-4021-aaff-c3567f88023d/datanode-2/data/ratis/557f142e-92ad-4a27-bee0-2beccc03c664] INFO  segmented.SegmentedRaftLogWorker (SegmentedRaftLogWorker.java:run(313)) - 7b2637ea-ef1f-4282-b770-2a49c6d41191-SegmentedRaftLogWorker:Storage Directory /workdir/hadoop-ozone/ozonefs/target/test-dir/MiniOzoneClusterImpl-4dbb2fea-10be-4021-aaff-c3567f88023d/datanode-2/data/ratis/557f142e-92ad-4a27-bee0-2beccc03c664 was interrupted, exiting. There are 0 tasks remaining in the queue.
2019-09-12 11:36:25,705 [ForkJoinPool.commonPool-worker-1] INFO  segmented.SegmentedRaftLogWorker (SegmentedRaftLogWorker.java:close(228)) - 7b2637ea-ef1f-4282-b770-2a49c6d41191-SegmentedRaftLogWorker:Storage Directory /workdir/hadoop-ozone/ozonefs/target/test-dir/MiniOzoneClusterImpl-4dbb2fea-10be-4021-aaff-c3567f88023d/datanode-2/data/ratis/557f142e-92ad-4a27-bee0-2beccc03c664 close()
2019-09-12 11:36:25,705 [ForkJoinPool.commonPool-worker-1] INFO  impl.RaftServerImpl (RaftServerImpl.java:lambda$shutdown$3(245)) - 7b2637ea-ef1f-4282-b770-2a49c6d41191: shutdown group-3B20B3CFB589
2019-09-12 11:36:25,705 [ForkJoinPool.commonPool-worker-1] INFO  util.JmxRegister (JmxRegister.java:unregister(73)) - Successfully un-registered JMX Bean with object name Ratis:service=RaftServer,group=group-3B20B3CFB589,id=7b2637ea-ef1f-4282-b770-2a49c6d41191
2019-09-12 11:36:25,705 [ForkJoinPool.commonPool-worker-1] INFO  impl.RoleInfo (RoleInfo.java:shutdownLeaderState(104)) - 7b2637ea-ef1f-4282-b770-2a49c6d41191: shutdown LeaderState
2019-09-12 11:36:25,706 [ForkJoinPool.commonPool-worker-1] INFO  impl.PendingRequests (PendingRequests.java:sendNotLeaderResponses(202)) - 7b2637ea-ef1f-4282-b770-2a49c6d41191-PendingRequests: sendNotLeaderResponses
2019-09-12 11:36:25,706 [ForkJoinPool.commonPool-worker-1] INFO  impl.StateMachineUpdater (StateMachineUpdater.java:stopAndJoin(115)) - StateMachineUpdater:7b2637ea-ef1f-4282-b770-2a49c6d41191:group-3B20B3CFB589: set stopIndex = 0
2019-09-12 11:36:25,706 [ForkJoinPool.commonPool-worker-1] INFO  impl.RaftServerImpl (ServerState.java:close(394)) - 7b2637ea-ef1f-4282-b770-2a49c6d41191:group-3B20B3CFB589 closes. The last applied log index is 0
2019-09-12 11:36:25,706 [7b2637ea-ef1f-4282-b770-2a49c6d41191-SegmentedRaftLogWorker:Storage Directory /workdir/hadoop-ozone/ozonefs/target/test-dir/MiniOzoneClusterImpl-4dbb2fea-10be-4021-aaff-c3567f88023d/datanode-2/data/ratis/34898e6b-200e-4888-8a3a-3b20b3cfb589] INFO  segmented.SegmentedRaftLogWorker (SegmentedRaftLogWorker.java:run(313)) - 7b2637ea-ef1f-4282-b770-2a49c6d41191-SegmentedRaftLogWorker:Storage Directory /workdir/hadoop-ozone/ozonefs/target/test-dir/MiniOzoneClusterImpl-4dbb2fea-10be-4021-aaff-c3567f88023d/datanode-2/data/ratis/34898e6b-200e-4888-8a3a-3b20b3cfb589 was interrupted, exiting. There are 0 tasks remaining in the queue.
2019-09-12 11:36:25,707 [ForkJoinPool.commonPool-worker-1] INFO  segmented.SegmentedRaftLogWorker (SegmentedRaftLogWorker.java:close(228)) - 7b2637ea-ef1f-4282-b770-2a49c6d41191-SegmentedRaftLogWorker:Storage Directory /workdir/hadoop-ozone/ozonefs/target/test-dir/MiniOzoneClusterImpl-4dbb2fea-10be-4021-aaff-c3567f88023d/datanode-2/data/ratis/34898e6b-200e-4888-8a3a-3b20b3cfb589 close()
2019-09-12 11:36:25,707 [ForkJoinPool.commonPool-worker-1] INFO  impl.RaftServerImpl (RaftServerImpl.java:lambda$shutdown$3(245)) - 7b2637ea-ef1f-4282-b770-2a49c6d41191: shutdown group-A51656B7173A
2019-09-12 11:36:25,707 [ForkJoinPool.commonPool-worker-1] INFO  util.JmxRegister (JmxRegister.java:unregister(73)) - Successfully un-registered JMX Bean with object name Ratis:service=RaftServer,group=group-A51656B7173A,id=7b2637ea-ef1f-4282-b770-2a49c6d41191
2019-09-12 11:36:25,707 [ForkJoinPool.commonPool-worker-1] INFO  impl.RoleInfo (RoleInfo.java:shutdownLeaderState(104)) - 7b2637ea-ef1f-4282-b770-2a49c6d41191: shutdown LeaderState
2019-09-12 11:36:25,707 [ForkJoinPool.commonPool-worker-1] INFO  impl.PendingRequests (PendingRequests.java:sendNotLeaderResponses(202)) - 7b2637ea-ef1f-4282-b770-2a49c6d41191-PendingRequests: sendNotLeaderResponses
2019-09-12 11:36:25,707 [ForkJoinPool.commonPool-worker-1] INFO  impl.StateMachineUpdater (StateMachineUpdater.java:stopAndJoin(115)) - StateMachineUpdater:7b2637ea-ef1f-4282-b770-2a49c6d41191:group-A51656B7173A: set stopIndex = 0
2019-09-12 11:36:25,708 [ForkJoinPool.commonPool-worker-1] INFO  impl.RaftServerImpl (ServerState.java:close(394)) - 7b2637ea-ef1f-4282-b770-2a49c6d41191:group-A51656B7173A closes. The last applied log index is 0
2019-09-12 11:36:25,708 [7b2637ea-ef1f-4282-b770-2a49c6d41191-SegmentedRaftLogWorker:Storage Directory /workdir/hadoop-ozone/ozonefs/target/test-dir/MiniOzoneClusterImpl-4dbb2fea-10be-4021-aaff-c3567f88023d/datanode-2/data/ratis/331c3ca4-a19d-4e4c-9329-a51656b7173a] INFO  segmented.SegmentedRaftLogWorker (SegmentedRaftLogWorker.java:run(313)) - 7b2637ea-ef1f-4282-b770-2a49c6d41191-SegmentedRaftLogWorker:Storage Directory /workdir/hadoop-ozone/ozonefs/target/test-dir/MiniOzoneClusterImpl-4dbb2fea-10be-4021-aaff-c3567f88023d/datanode-2/data/ratis/331c3ca4-a19d-4e4c-9329-a51656b7173a was interrupted, exiting. There are 0 tasks remaining in the queue.
2019-09-12 11:36:25,708 [ForkJoinPool.commonPool-worker-1] INFO  segmented.SegmentedRaftLogWorker (SegmentedRaftLogWorker.java:close(228)) - 7b2637ea-ef1f-4282-b770-2a49c6d41191-SegmentedRaftLogWorker:Storage Directory /workdir/hadoop-ozone/ozonefs/target/test-dir/MiniOzoneClusterImpl-4dbb2fea-10be-4021-aaff-c3567f88023d/datanode-2/data/ratis/331c3ca4-a19d-4e4c-9329-a51656b7173a close()
2019-09-12 11:36:25,708 [ForkJoinPool.commonPool-worker-1] INFO  impl.RaftServerImpl (RaftServerImpl.java:lambda$shutdown$3(245)) - 7b2637ea-ef1f-4282-b770-2a49c6d41191: shutdown group-98BE4504D874
2019-09-12 11:36:25,709 [ForkJoinPool.commonPool-worker-1] INFO  util.JmxRegister (JmxRegister.java:unregister(73)) - Successfully un-registered JMX Bean with object name Ratis:service=RaftServer,group=group-98BE4504D874,id=7b2637ea-ef1f-4282-b770-2a49c6d41191
2019-09-12 11:36:25,709 [ForkJoinPool.commonPool-worker-1] INFO  impl.RoleInfo (RoleInfo.java:shutdownLeaderState(104)) - 7b2637ea-ef1f-4282-b770-2a49c6d41191: shutdown LeaderState
2019-09-12 11:36:25,709 [ForkJoinPool.commonPool-worker-1] INFO  impl.PendingRequests (PendingRequests.java:sendNotLeaderResponses(202)) - 7b2637ea-ef1f-4282-b770-2a49c6d41191-PendingRequests: sendNotLeaderResponses
2019-09-12 11:36:25,709 [ForkJoinPool.commonPool-worker-1] INFO  impl.StateMachineUpdater (StateMachineUpdater.java:stopAndJoin(115)) - StateMachineUpdater:7b2637ea-ef1f-4282-b770-2a49c6d41191:group-98BE4504D874: set stopIndex = 0
2019-09-12 11:36:25,709 [ForkJoinPool.commonPool-worker-1] INFO  impl.RaftServerImpl (ServerState.java:close(394)) - 7b2637ea-ef1f-4282-b770-2a49c6d41191:group-98BE4504D874 closes. The last applied log index is 0
2019-09-12 11:36:25,710 [7b2637ea-ef1f-4282-b770-2a49c6d41191-SegmentedRaftLogWorker:Storage Directory /workdir/hadoop-ozone/ozonefs/target/test-dir/MiniOzoneClusterImpl-4dbb2fea-10be-4021-aaff-c3567f88023d/datanode-2/data/ratis/24230592-bd0e-468c-8ff6-98be4504d874] INFO  segmented.SegmentedRaftLogWorker (SegmentedRaftLogWorker.java:run(313)) - 7b2637ea-ef1f-4282-b770-2a49c6d41191-SegmentedRaftLogWorker:Storage Directory /workdir/hadoop-ozone/ozonefs/target/test-dir/MiniOzoneClusterImpl-4dbb2fea-10be-4021-aaff-c3567f88023d/datanode-2/data/ratis/24230592-bd0e-468c-8ff6-98be4504d874 was interrupted, exiting. There are 0 tasks remaining in the queue.
2019-09-12 11:36:25,710 [ForkJoinPool.commonPool-worker-1] INFO  segmented.SegmentedRaftLogWorker (SegmentedRaftLogWorker.java:close(228)) - 7b2637ea-ef1f-4282-b770-2a49c6d41191-SegmentedRaftLogWorker:Storage Directory /workdir/hadoop-ozone/ozonefs/target/test-dir/MiniOzoneClusterImpl-4dbb2fea-10be-4021-aaff-c3567f88023d/datanode-2/data/ratis/24230592-bd0e-468c-8ff6-98be4504d874 close()
2019-09-12 11:36:25,710 [ForkJoinPool.commonPool-worker-1] INFO  impl.RaftServerImpl (RaftServerImpl.java:lambda$shutdown$3(245)) - 7b2637ea-ef1f-4282-b770-2a49c6d41191: shutdown group-7EB56F7081C1
2019-09-12 11:36:25,710 [ForkJoinPool.commonPool-worker-1] INFO  util.JmxRegister (JmxRegister.java:unregister(73)) - Successfully un-registered JMX Bean with object name Ratis:service=RaftServer,group=group-7EB56F7081C1,id=7b2637ea-ef1f-4282-b770-2a49c6d41191
2019-09-12 11:36:25,710 [ForkJoinPool.commonPool-worker-1] INFO  impl.RoleInfo (RoleInfo.java:shutdownLeaderState(104)) - 7b2637ea-ef1f-4282-b770-2a49c6d41191: shutdown LeaderState
2019-09-12 11:36:25,711 [ForkJoinPool.commonPool-worker-1] INFO  impl.PendingRequests (PendingRequests.java:sendNotLeaderResponses(202)) - 7b2637ea-ef1f-4282-b770-2a49c6d41191-PendingRequests: sendNotLeaderResponses
2019-09-12 11:36:25,711 [ForkJoinPool.commonPool-worker-1] INFO  impl.StateMachineUpdater (StateMachineUpdater.java:stopAndJoin(115)) - StateMachineUpdater:7b2637ea-ef1f-4282-b770-2a49c6d41191:group-7EB56F7081C1: set stopIndex = 0
2019-09-12 11:36:25,711 [ForkJoinPool.commonPool-worker-1] INFO  impl.RaftServerImpl (ServerState.java:close(394)) - 7b2637ea-ef1f-4282-b770-2a49c6d41191:group-7EB56F7081C1 closes. The last applied log index is 0
2019-09-12 11:36:25,711 [7b2637ea-ef1f-4282-b770-2a49c6d41191-SegmentedRaftLogWorker:Storage Directory /workdir/hadoop-ozone/ozonefs/target/test-dir/MiniOzoneClusterImpl-4dbb2fea-10be-4021-aaff-c3567f88023d/datanode-2/data/ratis/a8640d71-0d06-4129-b5e2-7eb56f7081c1] INFO  segmented.SegmentedRaftLogWorker (SegmentedRaftLogWorker.java:run(313)) - 7b2637ea-ef1f-4282-b770-2a49c6d41191-SegmentedRaftLogWorker:Storage Directory /workdir/hadoop-ozone/ozonefs/target/test-dir/MiniOzoneClusterImpl-4dbb2fea-10be-4021-aaff-c3567f88023d/datanode-2/data/ratis/a8640d71-0d06-4129-b5e2-7eb56f7081c1 was interrupted, exiting. There are 0 tasks remaining in the queue.
2019-09-12 11:36:25,711 [ForkJoinPool.commonPool-worker-1] INFO  segmented.SegmentedRaftLogWorker (SegmentedRaftLogWorker.java:close(228)) - 7b2637ea-ef1f-4282-b770-2a49c6d41191-SegmentedRaftLogWorker:Storage Directory /workdir/hadoop-ozone/ozonefs/target/test-dir/MiniOzoneClusterImpl-4dbb2fea-10be-4021-aaff-c3567f88023d/datanode-2/data/ratis/a8640d71-0d06-4129-b5e2-7eb56f7081c1 close()
2019-09-12 11:36:25,712 [ForkJoinPool.commonPool-worker-1] INFO  impl.RaftServerImpl (RaftServerImpl.java:lambda$shutdown$3(245)) - 7b2637ea-ef1f-4282-b770-2a49c6d41191: shutdown group-56912C3CD5F7
2019-09-12 11:36:25,712 [ForkJoinPool.commonPool-worker-1] INFO  util.JmxRegister (JmxRegister.java:unregister(73)) - Successfully un-registered JMX Bean with object name Ratis:service=RaftServer,group=group-56912C3CD5F7,id=7b2637ea-ef1f-4282-b770-2a49c6d41191
2019-09-12 11:36:25,712 [ForkJoinPool.commonPool-worker-1] INFO  impl.RoleInfo (RoleInfo.java:shutdownLeaderState(104)) - 7b2637ea-ef1f-4282-b770-2a49c6d41191: shutdown LeaderState
2019-09-12 11:36:25,712 [ForkJoinPool.commonPool-worker-1] INFO  impl.PendingRequests (PendingRequests.java:sendNotLeaderResponses(202)) - 7b2637ea-ef1f-4282-b770-2a49c6d41191-PendingRequests: sendNotLeaderResponses
2019-09-12 11:36:25,713 [ForkJoinPool.commonPool-worker-1] INFO  impl.StateMachineUpdater (StateMachineUpdater.java:stopAndJoin(115)) - StateMachineUpdater:7b2637ea-ef1f-4282-b770-2a49c6d41191:group-56912C3CD5F7: set stopIndex = 0
2019-09-12 11:36:25,713 [ForkJoinPool.commonPool-worker-1] INFO  impl.RaftServerImpl (ServerState.java:close(394)) - 7b2637ea-ef1f-4282-b770-2a49c6d41191:group-56912C3CD5F7 closes. The last applied log index is 0
2019-09-12 11:36:25,713 [7b2637ea-ef1f-4282-b770-2a49c6d41191-SegmentedRaftLogWorker:Storage Directory /workdir/hadoop-ozone/ozonefs/target/test-dir/MiniOzoneClusterImpl-4dbb2fea-10be-4021-aaff-c3567f88023d/datanode-2/data/ratis/d8bd6edd-7443-49ed-8e18-56912c3cd5f7] INFO  segmented.SegmentedRaftLogWorker (SegmentedRaftLogWorker.java:run(313)) - 7b2637ea-ef1f-4282-b770-2a49c6d41191-SegmentedRaftLogWorker:Storage Directory /workdir/hadoop-ozone/ozonefs/target/test-dir/MiniOzoneClusterImpl-4dbb2fea-10be-4021-aaff-c3567f88023d/datanode-2/data/ratis/d8bd6edd-7443-49ed-8e18-56912c3cd5f7 was interrupted, exiting. There are 0 tasks remaining in the queue.
2019-09-12 11:36:25,713 [ForkJoinPool.commonPool-worker-1] INFO  segmented.SegmentedRaftLogWorker (SegmentedRaftLogWorker.java:close(228)) - 7b2637ea-ef1f-4282-b770-2a49c6d41191-SegmentedRaftLogWorker:Storage Directory /workdir/hadoop-ozone/ozonefs/target/test-dir/MiniOzoneClusterImpl-4dbb2fea-10be-4021-aaff-c3567f88023d/datanode-2/data/ratis/d8bd6edd-7443-49ed-8e18-56912c3cd5f7 close()
2019-09-12 11:36:25,713 [ForkJoinPool.commonPool-worker-1] INFO  server.GrpcService (GrpcService.java:closeImpl(155)) - 7b2637ea-ef1f-4282-b770-2a49c6d41191: shutdown server with port 44199 now
2019-09-12 11:36:25,715 [ForkJoinPool.commonPool-worker-1] INFO  server.GrpcService (GrpcService.java:closeImpl(163)) - 7b2637ea-ef1f-4282-b770-2a49c6d41191: shutdown server with port 44199 successfully
2019-09-12 11:36:25,716 [ForkJoinPool.commonPool-worker-1] INFO  utils.BackgroundService (BackgroundService.java:shutdown(148)) - Shutting down service BlockDeletingService
2019-09-12 11:36:25,718 [refreshUsed-/workdir/hadoop-ozone/ozonefs/target/test-dir/MiniOzoneClusterImpl-4dbb2fea-10be-4021-aaff-c3567f88023d/datanode-2/data/containers] WARN  fs.CachingGetSpaceUsed (CachingGetSpaceUsed.java:run(183)) - Thread Interrupted waiting to refresh disk information: sleep interrupted
2019-09-12 11:36:25,736 [ForkJoinPool.commonPool-worker-1] INFO  statemachine.DatanodeStateMachine (DatanodeStateMachine.java:stopDaemon(395)) - Ozone container server stopped.
2019-09-12 11:36:25,738 [ForkJoinPool.commonPool-worker-1] INFO  handler.ContextHandler (ContextHandler.java:doStop(910)) - Stopped o.e.j.w.WebAppContext@6244cde6{/,null,UNAVAILABLE}{/hddsDatanode}
2019-09-12 11:36:25,739 [ForkJoinPool.commonPool-worker-1] INFO  server.AbstractConnector (AbstractConnector.java:doStop(318)) - Stopped ServerConnector@5632b42b{HTTP/1.1,[http/1.1]}{0.0.0.0:0}
2019-09-12 11:36:25,739 [ForkJoinPool.commonPool-worker-1] INFO  handler.ContextHandler (ContextHandler.java:doStop(910)) - Stopped o.e.j.s.ServletContextHandler@7d450fc7{/static,jar:file:/home/user/.m2/repository/org/apache/hadoop/hadoop-hdds-container-service/0.5.0-SNAPSHOT/hadoop-hdds-container-service-0.5.0-SNAPSHOT.jar!/webapps/static,UNAVAILABLE}
2019-09-12 11:36:25,740 [ForkJoinPool.commonPool-worker-1] INFO  handler.ContextHandler (ContextHandler.java:doStop(910)) - Stopped o.e.j.s.ServletContextHandler@2840ea9d{/logs,file:///workdir/hadoop-ozone/ozonefs/target/log,UNAVAILABLE}
2019-09-12 11:36:25,740 [Thread-1072] INFO  ozone.MiniOzoneClusterImpl (MiniOzoneClusterImpl.java:stop(353)) - Stopping the StorageContainerManager
2019-09-12 11:36:25,741 [Thread-1072] INFO  server.StorageContainerManager (StorageContainerManager.java:stop(797)) - Stopping Replication Manager Service.
2019-09-12 11:36:25,741 [Thread-1072] INFO  container.ReplicationManager (ReplicationManager.java:stop(192)) - Stopping Replication Monitor Thread.
2019-09-12 11:36:25,741 [Thread-1072] INFO  server.StorageContainerManager (StorageContainerManager.java:stop(804)) - Stopping Lease Manager of the command watchers
2019-09-12 11:36:25,741 [Thread-1072] INFO  server.StorageContainerManager (StorageContainerManager.java:stop(811)) - Stopping datanode service RPC server
2019-09-12 11:36:25,741 [Thread-1072] INFO  server.SCMDatanodeProtocolServer (SCMDatanodeProtocolServer.java:stop(367)) - Stopping the RPC server for DataNodes
2019-09-12 11:36:25,741 [Thread-1072] INFO  ipc.Server (Server.java:stop(3082)) - Stopping server on 33070
2019-09-12 11:36:25,744 [IPC Server listener on 33070] INFO  ipc.Server (Server.java:run(1185)) - Stopping IPC Server listener on 33070
2019-09-12 11:36:25,744 [IPC Server Responder] INFO  ipc.Server (Server.java:run(1319)) - Stopping IPC Server Responder
2019-09-12 11:36:25,780 [SCM Heartbeat Processing Thread - 0] WARN  node.NodeStateManager (NodeStateManager.java:scheduleNextHealthCheck(655)) - Current Thread is interrupted, shutting down HB processing thread for Node Manager.
2019-09-12 11:36:25,780 [Thread-1072] INFO  server.StorageContainerManager (StorageContainerManager.java:stop(819)) - Stopping block service RPC server
2019-09-12 11:36:25,781 [Thread-1072] INFO  server.SCMBlockProtocolServer (SCMBlockProtocolServer.java:stop(148)) - Stopping the RPC server for Block Protocol
2019-09-12 11:36:25,781 [Thread-1072] INFO  ipc.Server (Server.java:stop(3082)) - Stopping server on 44224
2019-09-12 11:36:25,782 [IPC Server listener on 44224] INFO  ipc.Server (Server.java:run(1185)) - Stopping IPC Server listener on 44224
2019-09-12 11:36:25,782 [IPC Server Responder] INFO  ipc.Server (Server.java:run(1319)) - Stopping IPC Server Responder
2019-09-12 11:36:25,783 [Thread-1072] INFO  server.StorageContainerManager (StorageContainerManager.java:stop(826)) - Stopping the StorageContainerLocationProtocol RPC server
2019-09-12 11:36:25,784 [Thread-1072] INFO  server.SCMClientProtocolServer (SCMClientProtocolServer.java:stop(159)) - Stopping the RPC server for Client Protocol
2019-09-12 11:36:25,784 [Thread-1072] INFO  ipc.Server (Server.java:stop(3082)) - Stopping server on 40686
2019-09-12 11:36:25,785 [IPC Server listener on 40686] INFO  ipc.Server (Server.java:run(1185)) - Stopping IPC Server listener on 40686
2019-09-12 11:36:25,785 [Thread-1072] INFO  server.StorageContainerManager (StorageContainerManager.java:stop(833)) - Stopping Storage Container Manager HTTP server.
2019-09-12 11:36:25,785 [IPC Server Responder] INFO  ipc.Server (Server.java:run(1319)) - Stopping IPC Server Responder
2019-09-12 11:36:25,787 [Thread-1072] INFO  handler.ContextHandler (ContextHandler.java:doStop(910)) - Stopped o.e.j.w.WebAppContext@59f6b093{/,null,UNAVAILABLE}{/scm}
2019-09-12 11:36:25,788 [Thread-1072] INFO  server.AbstractConnector (AbstractConnector.java:doStop(318)) - Stopped ServerConnector@5db9e2d4{HTTP/1.1,[http/1.1]}{0.0.0.0:0}
2019-09-12 11:36:25,789 [Thread-1072] INFO  handler.ContextHandler (ContextHandler.java:doStop(910)) - Stopped o.e.j.s.ServletContextHandler@71737dca{/static,jar:file:/home/user/.m2/repository/org/apache/hadoop/hadoop-hdds-server-scm/0.5.0-SNAPSHOT/hadoop-hdds-server-scm-0.5.0-SNAPSHOT.jar!/webapps/static,UNAVAILABLE}
2019-09-12 11:36:25,789 [Thread-1072] INFO  handler.ContextHandler (ContextHandler.java:doStop(910)) - Stopped o.e.j.s.ServletContextHandler@140ec277{/logs,file:///workdir/hadoop-ozone/ozonefs/target/log,UNAVAILABLE}
2019-09-12 11:36:25,789 [Thread-1072] INFO  server.StorageContainerManager (StorageContainerManager.java:stop(844)) - Stopping Block Manager Service.
2019-09-12 11:36:25,790 [Thread-1072] INFO  utils.BackgroundService (BackgroundService.java:shutdown(148)) - Shutting down service SCMBlockDeletingService
2019-09-12 11:36:25,790 [Thread-1072] INFO  utils.BackgroundService (BackgroundService.java:shutdown(148)) - Shutting down service SCMBlockDeletingService
2019-09-12 11:36:25,790 [Thread-1072] INFO  server.StorageContainerManager (StorageContainerManager.java:stop(866)) - Stopping SCM Event Queue.
2019-09-12 11:36:25,793 [Thread-1072] INFO  impl.MetricsSystemImpl (MetricsSystemImpl.java:stop(210)) - Stopping HddsDatanode metrics system...
2019-09-12 11:36:25,798 [Thread-1072] INFO  impl.MetricsSystemImpl (MetricsSystemImpl.java:stop(216)) - HddsDatanode metrics system stopped.
]]></system-out>
    <system-err><![CDATA[Sep 12, 2019 11:36:09 AM com.sun.jersey.server.impl.application.WebApplicationImpl _initiate
INFO: Initiating Jersey application, version 'Jersey: 1.19 02/11/2015 03:25 AM'
Sep 12, 2019 11:36:10 AM com.sun.jersey.server.impl.application.WebApplicationImpl _initiate
INFO: Initiating Jersey application, version 'Jersey: 1.19 02/11/2015 03:25 AM'
Sep 12, 2019 11:36:10 AM com.sun.jersey.server.impl.application.WebApplicationImpl _initiate
INFO: Initiating Jersey application, version 'Jersey: 1.19 02/11/2015 03:25 AM'
Sep 12, 2019 11:36:15 AM com.sun.jersey.server.impl.application.WebApplicationImpl _initiate
INFO: Initiating Jersey application, version 'Jersey: 1.19 02/11/2015 03:25 AM'
]]></system-err>
  </testcase>
  <testcase name="testDeleteCreatesFakeParentDir" classname="org.apache.hadoop.fs.ozone.TestOzoneFileSystem" time="17.554">
    <error message="Allocated 0 blocks. Requested 1 blocks" type="INTERNAL_ERROR org.apache.hadoop.ozone.om.exceptions.OMException">INTERNAL_ERROR org.apache.hadoop.ozone.om.exceptions.OMException: Allocated 0 blocks. Requested 1 blocks
	at org.apache.hadoop.ozone.om.protocolPB.OzoneManagerProtocolClientSideTranslatorPB.handleError(OzoneManagerProtocolClientSideTranslatorPB.java:725)
	at org.apache.hadoop.ozone.om.protocolPB.OzoneManagerProtocolClientSideTranslatorPB.createFile(OzoneManagerProtocolClientSideTranslatorPB.java:1474)
	at org.apache.hadoop.ozone.client.rpc.RpcClient.createFile(RpcClient.java:984)
	at org.apache.hadoop.ozone.client.OzoneBucket.createFile(OzoneBucket.java:535)
	at org.apache.hadoop.fs.ozone.BasicOzoneClientAdapterImpl.createFile(BasicOzoneClientAdapterImpl.java:181)
	at org.apache.hadoop.fs.ozone.BasicOzoneFileSystem.createOutputStream(BasicOzoneFileSystem.java:249)
	at org.apache.hadoop.fs.ozone.BasicOzoneFileSystem.create(BasicOzoneFileSystem.java:230)
	at org.apache.hadoop.fs.FileSystem.create(FileSystem.java:1118)
	at org.apache.hadoop.fs.FileSystem.create(FileSystem.java:1098)
	at org.apache.hadoop.fs.FileSystem.create(FileSystem.java:987)
	at org.apache.hadoop.fs.contract.ContractTestUtils.createFile(ContractTestUtils.java:633)
	at org.apache.hadoop.fs.contract.ContractTestUtils.touch(ContractTestUtils.java:669)
	at org.apache.hadoop.fs.ozone.TestOzoneFileSystem.testDeleteCreatesFakeParentDir(TestOzoneFileSystem.java:154)
	at sun.reflect.NativeMethodAccessorImpl.invoke0(Native Method)
	at sun.reflect.NativeMethodAccessorImpl.invoke(NativeMethodAccessorImpl.java:62)
	at sun.reflect.DelegatingMethodAccessorImpl.invoke(DelegatingMethodAccessorImpl.java:43)
	at java.lang.reflect.Method.invoke(Method.java:498)
	at org.junit.runners.model.FrameworkMethod$1.runReflectiveCall(FrameworkMethod.java:47)
	at org.junit.internal.runners.model.ReflectiveCallable.run(ReflectiveCallable.java:12)
	at org.junit.runners.model.FrameworkMethod.invokeExplosively(FrameworkMethod.java:44)
	at org.junit.internal.runners.statements.InvokeMethod.evaluate(InvokeMethod.java:17)
	at org.junit.internal.runners.statements.RunBefores.evaluate(RunBefores.java:26)
	at org.junit.internal.runners.statements.RunAfters.evaluate(RunAfters.java:27)
	at org.junit.internal.runners.statements.FailOnTimeout$StatementThread.run(FailOnTimeout.java:74)
</error>
    <system-out><![CDATA[2019-09-12 11:36:25,834 [Thread-1338] WARN  server.ServerUtils (ServerUtils.java:getScmDbDir(145)) - ozone.scm.db.dirs is not configured. We recommend adding this setting. Falling back to ozone.metadata.dirs instead.
2019-09-12 11:36:25,850 [Thread-1338] WARN  server.ServerUtils (ServerUtils.java:getScmDbDir(145)) - ozone.scm.db.dirs is not configured. We recommend adding this setting. Falling back to ozone.metadata.dirs instead.
2019-09-12 11:36:25,850 [Thread-1338] WARN  server.ServerUtils (ServerUtils.java:getScmDbDir(145)) - ozone.scm.db.dirs is not configured. We recommend adding this setting. Falling back to ozone.metadata.dirs instead.
2019-09-12 11:36:25,851 [Thread-1338] INFO  db.DBStoreBuilder (DBStoreBuilder.java:addTable(110)) - using custom profile for table: deletedBlocks
2019-09-12 11:36:25,851 [Thread-1338] INFO  db.DBStoreBuilder (DBStoreBuilder.java:processTables(161)) - Using default column profile:DBProfile.DISK for Table:deletedBlocks
2019-09-12 11:36:25,851 [Thread-1338] INFO  db.DBStoreBuilder (DBStoreBuilder.java:addTable(110)) - using custom profile for table: validCerts
2019-09-12 11:36:25,851 [Thread-1338] INFO  db.DBStoreBuilder (DBStoreBuilder.java:processTables(161)) - Using default column profile:DBProfile.DISK for Table:validCerts
2019-09-12 11:36:25,852 [Thread-1338] INFO  db.DBStoreBuilder (DBStoreBuilder.java:addTable(110)) - using custom profile for table: revokedCerts
2019-09-12 11:36:25,852 [Thread-1338] INFO  db.DBStoreBuilder (DBStoreBuilder.java:processTables(161)) - Using default column profile:DBProfile.DISK for Table:revokedCerts
2019-09-12 11:36:25,852 [Thread-1338] INFO  db.DBStoreBuilder (DBStoreBuilder.java:addTable(110)) - using custom profile for table: default
2019-09-12 11:36:25,852 [Thread-1338] INFO  db.DBStoreBuilder (DBStoreBuilder.java:processTables(167)) - Using default column profile:DBProfile.DISK for Table:default
2019-09-12 11:36:25,853 [Thread-1338] INFO  db.DBStoreBuilder (DBStoreBuilder.java:getDbProfile(198)) - Using default options. DBProfile.DISK
2019-09-12 11:36:26,013 [Thread-1338] INFO  net.NodeSchemaLoader (NodeSchemaLoader.java:loadSchemaFromFile(125)) - Loading file from sun.misc.CompoundEnumeration@36fec9de
2019-09-12 11:36:26,013 [Thread-1338] INFO  net.NodeSchemaLoader (NodeSchemaLoader.java:loadSchema(171)) - Loading network topology layer schema file
2019-09-12 11:36:26,018 [Thread-1338] WARN  server.ServerUtils (ServerUtils.java:sanitizeUserArgs(70)) - ozone.scm.stale.node.interval value = 300000 is larger than max = 100000 based on the key value of ozone.scm.heartbeat.thread.interval, reset to the max value 100000.
2019-09-12 11:36:26,019 [Thread-1338] WARN  server.ServerUtils (ServerUtils.java:sanitizeUserArgs(70)) - ozone.scm.stale.node.interval value = 300000 is larger than max = 100000 based on the key value of ozone.scm.heartbeat.thread.interval, reset to the max value 100000.
2019-09-12 11:36:26,019 [Thread-1338] INFO  node.SCMNodeManager (SCMNodeManager.java:<init>(121)) - Entering startup safe mode.
2019-09-12 11:36:26,020 [Thread-1338] INFO  algorithms.ContainerPlacementPolicyFactory (ContainerPlacementPolicyFactory.java:getPolicy(56)) - Create container placement policy of type org.apache.hadoop.hdds.scm.container.placement.algorithms.SCMContainerPlacementRandom
2019-09-12 11:36:26,020 [Thread-1338] WARN  server.ServerUtils (ServerUtils.java:getScmDbDir(145)) - ozone.scm.db.dirs is not configured. We recommend adding this setting. Falling back to ozone.metadata.dirs instead.
2019-09-12 11:36:26,051 [Thread-1338] INFO  pipeline.SCMPipelineManager (SCMPipelineManager.java:initializePipelineState(126)) - No pipeline exists in current db
2019-09-12 11:36:26,051 [Thread-1338] WARN  server.ServerUtils (ServerUtils.java:getScmDbDir(145)) - ozone.scm.db.dirs is not configured. We recommend adding this setting. Falling back to ozone.metadata.dirs instead.
2019-09-12 11:36:26,100 [Thread-1338] WARN  events.EventQueue (EventQueue.java:fireEvent(175)) - No event handler registered for event TypedEvent{payloadType=SafeModeStatus, name='SafeModeStatus'}
2019-09-12 11:36:26,101 [Thread-1338] INFO  ipc.CallQueueManager (CallQueueManager.java:<init>(84)) - Using callQueue: class java.util.concurrent.LinkedBlockingQueue, queueCapacity: 2000, scheduler: class org.apache.hadoop.ipc.DefaultRpcScheduler, ipcBackoff: false.
2019-09-12 11:36:26,102 [Socket Reader #1 for port 32785] INFO  ipc.Server (Server.java:run(1074)) - Starting Socket Reader #1 for port 32785
2019-09-12 11:36:26,104 [Thread-1338] INFO  ipc.CallQueueManager (CallQueueManager.java:<init>(84)) - Using callQueue: class java.util.concurrent.LinkedBlockingQueue, queueCapacity: 2000, scheduler: class org.apache.hadoop.ipc.DefaultRpcScheduler, ipcBackoff: false.
2019-09-12 11:36:26,105 [Socket Reader #1 for port 45127] INFO  ipc.Server (Server.java:run(1074)) - Starting Socket Reader #1 for port 45127
2019-09-12 11:36:26,106 [Thread-1338] INFO  ipc.CallQueueManager (CallQueueManager.java:<init>(84)) - Using callQueue: class java.util.concurrent.LinkedBlockingQueue, queueCapacity: 2000, scheduler: class org.apache.hadoop.ipc.DefaultRpcScheduler, ipcBackoff: false.
2019-09-12 11:36:26,107 [Socket Reader #1 for port 41722] INFO  ipc.Server (Server.java:run(1074)) - Starting Socket Reader #1 for port 41722
2019-09-12 11:36:26,110 [Thread-1338] INFO  hdfs.DFSUtil (DFSUtil.java:httpServerTemplateForNNAndJN(1641)) - Starting Web-server for scm at: http://0.0.0.0:0
2019-09-12 11:36:26,112 [Thread-1338] INFO  server.AuthenticationFilter (AuthenticationFilter.java:constructSecretProvider(240)) - Unable to initialize FileSignerSecretProvider, falling back to use random secrets.
2019-09-12 11:36:26,113 [Thread-1338] WARN  http.HttpRequestLog (HttpRequestLog.java:getRequestLog(97)) - Jetty request log can only be enabled using Log4j
2019-09-12 11:36:26,115 [Thread-1338] INFO  http.HttpServer2 (HttpServer2.java:addGlobalFilter(975)) - Added global filter 'safety' (class=org.apache.hadoop.http.HttpServer2$QuotingInputFilter)
2019-09-12 11:36:26,116 [Thread-1338] INFO  http.HttpServer2 (HttpServer2.java:addFilter(948)) - Added filter static_user_filter (class=org.apache.hadoop.http.lib.StaticUserWebFilter$StaticUserFilter) to context scm
2019-09-12 11:36:26,116 [Thread-1338] INFO  http.HttpServer2 (HttpServer2.java:addFilter(958)) - Added filter static_user_filter (class=org.apache.hadoop.http.lib.StaticUserWebFilter$StaticUserFilter) to context static
2019-09-12 11:36:26,116 [Thread-1338] INFO  http.HttpServer2 (HttpServer2.java:addFilter(958)) - Added filter static_user_filter (class=org.apache.hadoop.http.lib.StaticUserWebFilter$StaticUserFilter) to context logs
2019-09-12 11:36:26,118 [Thread-1338] INFO  server.StorageContainerManager (StorageContainerManager.java:start(759)) - StorageContainerLocationProtocol RPC server is listening at /0.0.0.0:41722
2019-09-12 11:36:26,120 [Thread-1338] WARN  impl.MetricsConfig (MetricsConfig.java:loadFirst(134)) - Cannot locate configuration: tried hadoop-metrics2-storagecontainermanager.properties,hadoop-metrics2.properties
2019-09-12 11:36:26,121 [Thread-1338] INFO  impl.MetricsSystemImpl (MetricsSystemImpl.java:startTimer(374)) - Scheduled Metric snapshot period at 10 second(s).
2019-09-12 11:36:26,121 [Thread-1338] INFO  impl.MetricsSystemImpl (MetricsSystemImpl.java:start(191)) - StorageContainerManager metrics system started
2019-09-12 11:36:26,193 [Thread-1338] INFO  server.SCMClientProtocolServer (SCMClientProtocolServer.java:start(151)) - RPC server for Client  is listening at /0.0.0.0:41722
2019-09-12 11:36:26,194 [IPC Server Responder] INFO  ipc.Server (Server.java:run(1314)) - IPC Server Responder: starting
2019-09-12 11:36:26,194 [IPC Server listener on 41722] INFO  ipc.Server (Server.java:run(1153)) - IPC Server listener on 41722: starting
2019-09-12 11:36:26,197 [Thread-1338] INFO  server.StorageContainerManager (StorageContainerManager.java:start(769)) - ScmBlockLocationProtocol RPC server is listening at /0.0.0.0:45127
2019-09-12 11:36:26,197 [Thread-1338] INFO  server.SCMBlockProtocolServer (SCMBlockProtocolServer.java:start(140)) - RPC server for Block Protocol is listening at /0.0.0.0:45127
2019-09-12 11:36:26,198 [IPC Server Responder] INFO  ipc.Server (Server.java:run(1314)) - IPC Server Responder: starting
2019-09-12 11:36:26,198 [IPC Server listener on 45127] INFO  ipc.Server (Server.java:run(1153)) - IPC Server listener on 45127: starting
2019-09-12 11:36:26,201 [Thread-1338] INFO  server.StorageContainerManager (StorageContainerManager.java:start(773)) - ScmDatanodeProtocl RPC server is listening at /0.0.0.0:32785
2019-09-12 11:36:26,201 [Thread-1338] INFO  server.SCMDatanodeProtocolServer (SCMDatanodeProtocolServer.java:start(191)) - RPC server for DataNodes is listening at /0.0.0.0:32785
2019-09-12 11:36:26,201 [IPC Server Responder] INFO  ipc.Server (Server.java:run(1314)) - IPC Server Responder: starting
2019-09-12 11:36:26,202 [IPC Server listener on 32785] INFO  ipc.Server (Server.java:run(1153)) - IPC Server listener on 32785: starting
2019-09-12 11:36:26,207 [Thread-1338] INFO  http.HttpServer2 (HttpServer2.java:bindListener(1191)) - Jetty bound to port 34360
2019-09-12 11:36:26,207 [Thread-1338] INFO  server.Server (Server.java:doStart(351)) - jetty-9.3.24.v20180605, build timestamp: 2018-06-05T17:11:56Z, git hash: 84205aa28f11a4f31f2a3b86d1bba2cc8ab69827
2019-09-12 11:36:26,209 [Thread-1338] INFO  handler.ContextHandler (ContextHandler.java:doStart(781)) - Started o.e.j.s.ServletContextHandler@3d1adb54{/logs,file:///workdir/hadoop-ozone/ozonefs/target/log,AVAILABLE}
2019-09-12 11:36:26,210 [Thread-1338] INFO  handler.ContextHandler (ContextHandler.java:doStart(781)) - Started o.e.j.s.ServletContextHandler@3f00da57{/static,jar:file:/home/user/.m2/repository/org/apache/hadoop/hadoop-hdds-server-scm/0.5.0-SNAPSHOT/hadoop-hdds-server-scm-0.5.0-SNAPSHOT.jar!/webapps/static,AVAILABLE}
2019-09-12 11:36:26,249 [Thread-1338] INFO  handler.ContextHandler (ContextHandler.java:doStart(781)) - Started o.e.j.w.WebAppContext@2f23af17{/,file:///tmp/jetty-0.0.0.0-34360-scm-_-any-2538137374464176389.dir/webapp/,AVAILABLE}{/scm}
2019-09-12 11:36:26,249 [Thread-1338] INFO  server.AbstractConnector (AbstractConnector.java:doStart(278)) - Started ServerConnector@6bf8fa40{HTTP/1.1,[http/1.1]}{0.0.0.0:34360}
2019-09-12 11:36:26,250 [Thread-1338] INFO  server.Server (Server.java:doStart(419)) - Started @93318ms
2019-09-12 11:36:26,251 [Thread-1338] INFO  server.BaseHttpServer (BaseHttpServer.java:updateConnectorAddress(213)) - HTTP server of SCM is listening at http://0.0.0.0:34360
2019-09-12 11:36:26,252 [Thread-1338] WARN  server.ServerUtils (ServerUtils.java:getDBPath(222)) - ozone.om.db.dirs is not configured. We recommend adding this setting. Falling back to ozone.metadata.dirs instead.
2019-09-12 11:36:26,252 [org.apache.hadoop.util.JvmPauseMonitor$Monitor@62db8196] INFO  util.JvmPauseMonitor (JvmPauseMonitor.java:run(188)) - Starting JVM pause monitor
2019-09-12 11:36:26,274 [Thread-1338] WARN  server.ServerUtils (ServerUtils.java:getDBPath(222)) - ozone.om.db.dirs is not configured. We recommend adding this setting. Falling back to ozone.metadata.dirs instead.
2019-09-12 11:36:26,275 [Thread-1338] WARN  server.ServerUtils (ServerUtils.java:getDBPath(222)) - ozone.om.db.dirs is not configured. We recommend adding this setting. Falling back to ozone.metadata.dirs instead.
2019-09-12 11:36:26,275 [Thread-1338] INFO  om.OzoneManager (OzoneManager.java:setOMNodeDetails(645)) - OM Service ID is not set. Setting it to the default ID: omServiceIdDefault
2019-09-12 11:36:26,275 [Thread-1338] INFO  om.OzoneManager (OzoneManager.java:setOMNodeDetails(651)) - OM Node ID is not set. Setting it to the OmStorage's OmID: 7944301b-5219-4ec5-bbf8-8a1988289aff
2019-09-12 11:36:26,275 [Thread-1338] INFO  om.OzoneManager (OzoneManager.java:loadOMHAConfigs(602)) - Found matching OM address with OMServiceId: null, OMNodeId: null, RPC Address: localhost:0 and Ratis port: 9872
2019-09-12 11:36:26,285 | INFO  | SCMAudit | user=jenkins1000 | ip=192.168.36.114 | op=GET_SCM_INFO null | ret=SUCCESS |  
2019-09-12 11:36:26,287 [Thread-1338] WARN  server.ServerUtils (ServerUtils.java:getDBPath(222)) - ozone.om.db.dirs is not configured. We recommend adding this setting. Falling back to ozone.metadata.dirs instead.
2019-09-12 11:36:26,287 [Thread-1338] INFO  db.DBStoreBuilder (DBStoreBuilder.java:addTable(110)) - using custom profile for table: userTable
2019-09-12 11:36:26,287 [Thread-1338] INFO  db.DBStoreBuilder (DBStoreBuilder.java:processTables(161)) - Using default column profile:DBProfile.DISK for Table:userTable
2019-09-12 11:36:26,288 [Thread-1338] INFO  db.DBStoreBuilder (DBStoreBuilder.java:addTable(110)) - using custom profile for table: volumeTable
2019-09-12 11:36:26,288 [Thread-1338] INFO  db.DBStoreBuilder (DBStoreBuilder.java:processTables(161)) - Using default column profile:DBProfile.DISK for Table:volumeTable
2019-09-12 11:36:26,288 [Thread-1338] INFO  db.DBStoreBuilder (DBStoreBuilder.java:addTable(110)) - using custom profile for table: bucketTable
2019-09-12 11:36:26,288 [Thread-1338] INFO  db.DBStoreBuilder (DBStoreBuilder.java:processTables(161)) - Using default column profile:DBProfile.DISK for Table:bucketTable
2019-09-12 11:36:26,288 [Thread-1338] INFO  db.DBStoreBuilder (DBStoreBuilder.java:addTable(110)) - using custom profile for table: keyTable
2019-09-12 11:36:26,289 [Thread-1338] INFO  db.DBStoreBuilder (DBStoreBuilder.java:processTables(161)) - Using default column profile:DBProfile.DISK for Table:keyTable
2019-09-12 11:36:26,289 [Thread-1338] INFO  db.DBStoreBuilder (DBStoreBuilder.java:addTable(110)) - using custom profile for table: deletedTable
2019-09-12 11:36:26,289 [Thread-1338] INFO  db.DBStoreBuilder (DBStoreBuilder.java:processTables(161)) - Using default column profile:DBProfile.DISK for Table:deletedTable
2019-09-12 11:36:26,289 [Thread-1338] INFO  db.DBStoreBuilder (DBStoreBuilder.java:addTable(110)) - using custom profile for table: openKeyTable
2019-09-12 11:36:26,289 [Thread-1338] INFO  db.DBStoreBuilder (DBStoreBuilder.java:processTables(161)) - Using default column profile:DBProfile.DISK for Table:openKeyTable
2019-09-12 11:36:26,289 [Thread-1338] INFO  db.DBStoreBuilder (DBStoreBuilder.java:addTable(110)) - using custom profile for table: s3Table
2019-09-12 11:36:26,290 [Thread-1338] INFO  db.DBStoreBuilder (DBStoreBuilder.java:processTables(161)) - Using default column profile:DBProfile.DISK for Table:s3Table
2019-09-12 11:36:26,290 [Thread-1338] INFO  db.DBStoreBuilder (DBStoreBuilder.java:addTable(110)) - using custom profile for table: multipartInfoTable
2019-09-12 11:36:26,290 [Thread-1338] INFO  db.DBStoreBuilder (DBStoreBuilder.java:processTables(161)) - Using default column profile:DBProfile.DISK for Table:multipartInfoTable
2019-09-12 11:36:26,290 [Thread-1338] INFO  db.DBStoreBuilder (DBStoreBuilder.java:addTable(110)) - using custom profile for table: dTokenTable
2019-09-12 11:36:26,290 [Thread-1338] INFO  db.DBStoreBuilder (DBStoreBuilder.java:processTables(161)) - Using default column profile:DBProfile.DISK for Table:dTokenTable
2019-09-12 11:36:26,291 [Thread-1338] INFO  db.DBStoreBuilder (DBStoreBuilder.java:addTable(110)) - using custom profile for table: s3SecretTable
2019-09-12 11:36:26,291 [Thread-1338] INFO  db.DBStoreBuilder (DBStoreBuilder.java:processTables(161)) - Using default column profile:DBProfile.DISK for Table:s3SecretTable
2019-09-12 11:36:26,291 [Thread-1338] INFO  db.DBStoreBuilder (DBStoreBuilder.java:addTable(110)) - using custom profile for table: prefixTable
2019-09-12 11:36:26,291 [Thread-1338] INFO  db.DBStoreBuilder (DBStoreBuilder.java:processTables(161)) - Using default column profile:DBProfile.DISK for Table:prefixTable
2019-09-12 11:36:26,291 [Thread-1338] INFO  db.DBStoreBuilder (DBStoreBuilder.java:addTable(110)) - using custom profile for table: default
2019-09-12 11:36:26,292 [Thread-1338] INFO  db.DBStoreBuilder (DBStoreBuilder.java:processTables(167)) - Using default column profile:DBProfile.DISK for Table:default
2019-09-12 11:36:26,292 [Thread-1338] INFO  db.DBStoreBuilder (DBStoreBuilder.java:getDbProfile(198)) - Using default options. DBProfile.DISK
2019-09-12 11:36:26,795 [Thread-1338] INFO  ipc.CallQueueManager (CallQueueManager.java:<init>(84)) - Using callQueue: class java.util.concurrent.LinkedBlockingQueue, queueCapacity: 2000, scheduler: class org.apache.hadoop.ipc.DefaultRpcScheduler, ipcBackoff: false.
2019-09-12 11:36:26,796 [Socket Reader #1 for port 34938] INFO  ipc.Server (Server.java:run(1074)) - Starting Socket Reader #1 for port 34938
2019-09-12 11:36:26,819 [Thread-1338] INFO  om.OzoneManager (OzoneManager.java:start(1256)) - OzoneManager RPC server is listening at localhost/127.0.0.1:34938
2019-09-12 11:36:26,820 [Thread-1338] INFO  impl.MetricsSystemImpl (MetricsSystemImpl.java:init(158)) - OzoneManager metrics system started (again)
2019-09-12 11:36:26,821 [IPC Server Responder] INFO  ipc.Server (Server.java:run(1314)) - IPC Server Responder: starting
2019-09-12 11:36:26,821 [IPC Server listener on 34938] INFO  ipc.Server (Server.java:run(1153)) - IPC Server listener on 34938: starting
2019-09-12 11:36:26,826 [Thread-1338] INFO  hdfs.DFSUtil (DFSUtil.java:httpServerTemplateForNNAndJN(1641)) - Starting Web-server for ozoneManager at: http://0.0.0.0:0
2019-09-12 11:36:26,829 [Thread-1338] INFO  server.AuthenticationFilter (AuthenticationFilter.java:constructSecretProvider(240)) - Unable to initialize FileSignerSecretProvider, falling back to use random secrets.
2019-09-12 11:36:26,830 [Thread-1338] WARN  http.HttpRequestLog (HttpRequestLog.java:getRequestLog(97)) - Jetty request log can only be enabled using Log4j
2019-09-12 11:36:26,833 [Thread-1338] INFO  http.HttpServer2 (HttpServer2.java:addGlobalFilter(975)) - Added global filter 'safety' (class=org.apache.hadoop.http.HttpServer2$QuotingInputFilter)
2019-09-12 11:36:26,835 [Thread-1338] INFO  http.HttpServer2 (HttpServer2.java:addFilter(948)) - Added filter static_user_filter (class=org.apache.hadoop.http.lib.StaticUserWebFilter$StaticUserFilter) to context ozoneManager
2019-09-12 11:36:26,835 [Thread-1338] INFO  http.HttpServer2 (HttpServer2.java:addFilter(958)) - Added filter static_user_filter (class=org.apache.hadoop.http.lib.StaticUserWebFilter$StaticUserFilter) to context logs
2019-09-12 11:36:26,835 [Thread-1338] INFO  http.HttpServer2 (HttpServer2.java:addFilter(958)) - Added filter static_user_filter (class=org.apache.hadoop.http.lib.StaticUserWebFilter$StaticUserFilter) to context static
2019-09-12 11:36:26,836 [Thread-1338] INFO  http.HttpServer2 (HttpServer2.java:bindListener(1191)) - Jetty bound to port 36378
2019-09-12 11:36:26,836 [Thread-1338] INFO  server.Server (Server.java:doStart(351)) - jetty-9.3.24.v20180605, build timestamp: 2018-06-05T17:11:56Z, git hash: 84205aa28f11a4f31f2a3b86d1bba2cc8ab69827
2019-09-12 11:36:26,839 [Thread-1338] INFO  handler.ContextHandler (ContextHandler.java:doStart(781)) - Started o.e.j.s.ServletContextHandler@67cfc8d{/logs,file:///workdir/hadoop-ozone/ozonefs/target/log,AVAILABLE}
2019-09-12 11:36:26,839 [Thread-1338] INFO  handler.ContextHandler (ContextHandler.java:doStart(781)) - Started o.e.j.s.ServletContextHandler@1b6af439{/static,jar:file:/home/user/.m2/repository/org/apache/hadoop/hadoop-ozone-ozone-manager/0.5.0-SNAPSHOT/hadoop-ozone-ozone-manager-0.5.0-SNAPSHOT.jar!/webapps/static,AVAILABLE}
2019-09-12 11:36:26,899 [Thread-1338] INFO  handler.ContextHandler (ContextHandler.java:doStart(781)) - Started o.e.j.w.WebAppContext@718442b{/,file:///tmp/jetty-0.0.0.0-36378-ozoneManager-_-any-206781694000202547.dir/webapp/,AVAILABLE}{/ozoneManager}
2019-09-12 11:36:26,900 [Thread-1338] INFO  server.AbstractConnector (AbstractConnector.java:doStart(278)) - Started ServerConnector@177f38ff{HTTP/1.1,[http/1.1]}{0.0.0.0:36378}
2019-09-12 11:36:26,901 [Thread-1338] INFO  server.Server (Server.java:doStart(419)) - Started @93969ms
2019-09-12 11:36:26,902 [Thread-1338] INFO  server.BaseHttpServer (BaseHttpServer.java:updateConnectorAddress(213)) - HTTP server of OZONEMANAGER is listening at http://0.0.0.0:36378
2019-09-12 11:36:26,911 [Thread-1338] INFO  impl.MetricsSystemImpl (MetricsSystemImpl.java:init(158)) - HddsDatanode metrics system started (again)
2019-09-12 11:36:26,913 [Thread-1338] INFO  ozone.HddsDatanodeService (HddsDatanodeService.java:start(184)) - HddsDatanodeService host:pr-hdds-1569-58hkm-1881083799 ip:192.168.36.114
2019-09-12 11:36:26,922 [Thread-1338] INFO  volume.HddsVolume (HddsVolume.java:<init>(176)) - Creating Volume: /workdir/hadoop-ozone/ozonefs/target/test-dir/MiniOzoneClusterImpl-68ada62c-70c2-422c-a450-57ae95aadfb6/datanode-0/data/containers/hdds of  storage type : DISK and capacity : 1482555576320
2019-09-12 11:36:26,923 [Thread-1338] INFO  volume.VolumeSet (VolumeSet.java:initializeVolumeSet(170)) - Added Volume : /workdir/hadoop-ozone/ozonefs/target/test-dir/MiniOzoneClusterImpl-68ada62c-70c2-422c-a450-57ae95aadfb6/datanode-0/data/containers/hdds to VolumeSet
2019-09-12 11:36:26,923 [Thread-1338] INFO  volume.ThrottledAsyncChecker (ThrottledAsyncChecker.java:schedule(140)) - Scheduling a check for org.apache.hadoop.ozone.container.common.volume.HddsVolume@6e2dc2b1
2019-09-12 11:36:26,923 [Thread-1338] INFO  volume.HddsVolumeChecker (HddsVolumeChecker.java:checkAllVolumes(203)) - Scheduled health check for volume org.apache.hadoop.ozone.container.common.volume.HddsVolume@6e2dc2b1
2019-09-12 11:36:26,946 [Thread-1338] INFO  impl.RaftServerProxy (ConfUtils.java:logGet(43)) - raft.rpc.type = GRPC (default)
2019-09-12 11:36:26,946 [Thread-1338] INFO  grpc.GrpcFactory (GrpcFactory.java:checkPooledByteBufAllocatorUseCacheForAllThreads(45)) - PERFORMANCE WARNING: useCacheForAllThreads is true that may cause Netty to create a lot garbage objects and, as a result, trigger GC.
	It is recommended to disable useCacheForAllThreads by setting -Dorg.apache.ratis.thirdparty.io.netty.allocator.useCacheForAllThreads=false in command line.
2019-09-12 11:36:26,946 [Thread-1338] INFO  grpc.GrpcConfigKeys$Server (ConfUtils.java:logGet(43)) - raft.grpc.server.port = 0 (default)
2019-09-12 11:36:26,946 [Thread-1338] INFO  server.GrpcService (ConfUtils.java:logGet(43)) - raft.grpc.message.size.max = 33570816 (custom)
2019-09-12 11:36:26,946 [Thread-1338] INFO  server.RaftServerConfigKeys (ConfUtils.java:logGet(43)) - raft.server.log.appender.buffer.byte-limit = 33554432 (custom)
2019-09-12 11:36:26,947 [Thread-1338] INFO  server.GrpcService (ConfUtils.java:logGet(43)) - raft.grpc.flow.control.window = 1MB (=1048576) (default)
2019-09-12 11:36:26,947 [Thread-1338] INFO  server.RaftServerConfigKeys (ConfUtils.java:logGet(43)) - raft.server.rpc.request.timeout = 3000ms (default)
2019-09-12 11:36:26,947 [Thread-1338] INFO  server.RaftServerConfigKeys (ConfUtils.java:logGet(43)) - raft.server.storage.dir = [/workdir/hadoop-ozone/ozonefs/target/test-dir/MiniOzoneClusterImpl-68ada62c-70c2-422c-a450-57ae95aadfb6/datanode-0/data/ratis] (custom)
2019-09-12 11:36:26,948 [Thread-1338] INFO  replication.SimpleContainerDownloader (SimpleContainerDownloader.java:<init>(72)) - Starting container downloader service to copy containers to replicate.
2019-09-12 11:36:26,949 [Thread-1338] INFO  hdfs.DFSUtil (DFSUtil.java:httpServerTemplateForNNAndJN(1641)) - Starting Web-server for hddsDatanode at: http://0.0.0.0:0
2019-09-12 11:36:26,951 [Thread-1338] INFO  server.AuthenticationFilter (AuthenticationFilter.java:constructSecretProvider(240)) - Unable to initialize FileSignerSecretProvider, falling back to use random secrets.
2019-09-12 11:36:26,951 [Thread-1338] WARN  http.HttpRequestLog (HttpRequestLog.java:getRequestLog(97)) - Jetty request log can only be enabled using Log4j
2019-09-12 11:36:26,953 [Thread-1338] INFO  http.HttpServer2 (HttpServer2.java:addGlobalFilter(975)) - Added global filter 'safety' (class=org.apache.hadoop.http.HttpServer2$QuotingInputFilter)
2019-09-12 11:36:26,954 [Thread-1338] INFO  http.HttpServer2 (HttpServer2.java:addFilter(948)) - Added filter static_user_filter (class=org.apache.hadoop.http.lib.StaticUserWebFilter$StaticUserFilter) to context hddsDatanode
2019-09-12 11:36:26,954 [Thread-1338] INFO  http.HttpServer2 (HttpServer2.java:addFilter(958)) - Added filter static_user_filter (class=org.apache.hadoop.http.lib.StaticUserWebFilter$StaticUserFilter) to context static
2019-09-12 11:36:26,954 [Thread-1338] INFO  http.HttpServer2 (HttpServer2.java:addFilter(958)) - Added filter static_user_filter (class=org.apache.hadoop.http.lib.StaticUserWebFilter$StaticUserFilter) to context logs
2019-09-12 11:36:26,955 [Thread-1338] INFO  http.HttpServer2 (HttpServer2.java:bindListener(1191)) - Jetty bound to port 35929
2019-09-12 11:36:26,955 [Thread-1338] INFO  server.Server (Server.java:doStart(351)) - jetty-9.3.24.v20180605, build timestamp: 2018-06-05T17:11:56Z, git hash: 84205aa28f11a4f31f2a3b86d1bba2cc8ab69827
2019-09-12 11:36:26,957 [Thread-1338] INFO  handler.ContextHandler (ContextHandler.java:doStart(781)) - Started o.e.j.s.ServletContextHandler@4fa70f0e{/logs,file:///workdir/hadoop-ozone/ozonefs/target/log,AVAILABLE}
2019-09-12 11:36:26,958 [Thread-1338] INFO  handler.ContextHandler (ContextHandler.java:doStart(781)) - Started o.e.j.s.ServletContextHandler@399012e8{/static,jar:file:/home/user/.m2/repository/org/apache/hadoop/hadoop-hdds-container-service/0.5.0-SNAPSHOT/hadoop-hdds-container-service-0.5.0-SNAPSHOT.jar!/webapps/static,AVAILABLE}
2019-09-12 11:36:26,985 [Thread-1338] INFO  handler.ContextHandler (ContextHandler.java:doStart(781)) - Started o.e.j.w.WebAppContext@4d9b4759{/,file:///tmp/jetty-0.0.0.0-35929-hddsDatanode-_-any-6586743750484329175.dir/webapp/,AVAILABLE}{/hddsDatanode}
2019-09-12 11:36:26,985 [Thread-1338] INFO  server.AbstractConnector (AbstractConnector.java:doStart(278)) - Started ServerConnector@70883b81{HTTP/1.1,[http/1.1]}{0.0.0.0:35929}
2019-09-12 11:36:26,987 [Thread-1338] INFO  server.Server (Server.java:doStart(419)) - Started @94054ms
2019-09-12 11:36:26,987 [Thread-1338] INFO  server.BaseHttpServer (BaseHttpServer.java:updateConnectorAddress(213)) - HTTP server of HDDSDATANODE is listening at http://0.0.0.0:35929
2019-09-12 11:36:27,137 | INFO  | ObjectStoreRestHttpServer | Listening HDDS REST traffic on /0.0.0.0:33507 |  
2019-09-12 11:36:27,138 [Thread-1338] INFO  ozone.HddsDatanodeService (HddsDatanodeService.java:startPlugins(395)) - Started plug-in org.apache.hadoop.ozone.web.OzoneHddsDatanodeService@59001cf3
2019-09-12 11:36:27,138 [Thread-1338] INFO  impl.MetricsSystemImpl (MetricsSystemImpl.java:init(158)) - HddsDatanode metrics system started (again)
2019-09-12 11:36:27,140 [org.apache.hadoop.util.JvmPauseMonitor$Monitor@49176df7] INFO  util.JvmPauseMonitor (JvmPauseMonitor.java:run(188)) - Starting JVM pause monitor
2019-09-12 11:36:27,141 [Thread-1338] INFO  ozone.HddsDatanodeService (HddsDatanodeService.java:start(184)) - HddsDatanodeService host:pr-hdds-1569-58hkm-1881083799 ip:192.168.36.114
2019-09-12 11:36:27,143 [Datanode State Machine Thread - 0] INFO  datanode.InitDatanodeState (InitDatanodeState.java:persistContainerDatanodeDetails(140)) - DatanodeDetails is persisted to /workdir/hadoop-ozone/ozonefs/target/test-dir/MiniOzoneClusterImpl-68ada62c-70c2-422c-a450-57ae95aadfb6/datanode-0/meta/datanode.id
2019-09-12 11:36:27,149 [Thread-1338] INFO  volume.HddsVolume (HddsVolume.java:<init>(176)) - Creating Volume: /workdir/hadoop-ozone/ozonefs/target/test-dir/MiniOzoneClusterImpl-68ada62c-70c2-422c-a450-57ae95aadfb6/datanode-1/data/containers/hdds of  storage type : DISK and capacity : 1482555576320
2019-09-12 11:36:27,149 [Thread-1338] INFO  volume.VolumeSet (VolumeSet.java:initializeVolumeSet(170)) - Added Volume : /workdir/hadoop-ozone/ozonefs/target/test-dir/MiniOzoneClusterImpl-68ada62c-70c2-422c-a450-57ae95aadfb6/datanode-1/data/containers/hdds to VolumeSet
2019-09-12 11:36:27,149 [Thread-1338] INFO  volume.ThrottledAsyncChecker (ThrottledAsyncChecker.java:schedule(140)) - Scheduling a check for org.apache.hadoop.ozone.container.common.volume.HddsVolume@211ddde8
2019-09-12 11:36:27,150 [Thread-1338] INFO  volume.HddsVolumeChecker (HddsVolumeChecker.java:checkAllVolumes(203)) - Scheduled health check for volume org.apache.hadoop.ozone.container.common.volume.HddsVolume@211ddde8
2019-09-12 11:36:27,174 [Thread-1338] INFO  impl.RaftServerProxy (ConfUtils.java:logGet(43)) - raft.rpc.type = GRPC (default)
2019-09-12 11:36:27,175 [Thread-1338] INFO  grpc.GrpcFactory (GrpcFactory.java:checkPooledByteBufAllocatorUseCacheForAllThreads(45)) - PERFORMANCE WARNING: useCacheForAllThreads is true that may cause Netty to create a lot garbage objects and, as a result, trigger GC.
	It is recommended to disable useCacheForAllThreads by setting -Dorg.apache.ratis.thirdparty.io.netty.allocator.useCacheForAllThreads=false in command line.
2019-09-12 11:36:27,175 [Thread-1338] INFO  grpc.GrpcConfigKeys$Server (ConfUtils.java:logGet(43)) - raft.grpc.server.port = 0 (default)
2019-09-12 11:36:27,175 [Thread-1338] INFO  server.GrpcService (ConfUtils.java:logGet(43)) - raft.grpc.message.size.max = 33570816 (custom)
2019-09-12 11:36:27,175 [Thread-1338] INFO  server.RaftServerConfigKeys (ConfUtils.java:logGet(43)) - raft.server.log.appender.buffer.byte-limit = 33554432 (custom)
2019-09-12 11:36:27,176 [Thread-1338] INFO  server.GrpcService (ConfUtils.java:logGet(43)) - raft.grpc.flow.control.window = 1MB (=1048576) (default)
2019-09-12 11:36:27,176 [Thread-1338] INFO  server.RaftServerConfigKeys (ConfUtils.java:logGet(43)) - raft.server.rpc.request.timeout = 3000ms (default)
2019-09-12 11:36:27,177 [Thread-1338] INFO  server.RaftServerConfigKeys (ConfUtils.java:logGet(43)) - raft.server.storage.dir = [/workdir/hadoop-ozone/ozonefs/target/test-dir/MiniOzoneClusterImpl-68ada62c-70c2-422c-a450-57ae95aadfb6/datanode-1/data/ratis] (custom)
2019-09-12 11:36:27,177 [Thread-1338] INFO  replication.SimpleContainerDownloader (SimpleContainerDownloader.java:<init>(72)) - Starting container downloader service to copy containers to replicate.
2019-09-12 11:36:27,180 [Thread-1338] INFO  hdfs.DFSUtil (DFSUtil.java:httpServerTemplateForNNAndJN(1641)) - Starting Web-server for hddsDatanode at: http://0.0.0.0:0
2019-09-12 11:36:27,182 [Thread-1338] INFO  server.AuthenticationFilter (AuthenticationFilter.java:constructSecretProvider(240)) - Unable to initialize FileSignerSecretProvider, falling back to use random secrets.
2019-09-12 11:36:27,183 [Thread-1338] WARN  http.HttpRequestLog (HttpRequestLog.java:getRequestLog(97)) - Jetty request log can only be enabled using Log4j
2019-09-12 11:36:27,185 [Thread-1338] INFO  http.HttpServer2 (HttpServer2.java:addGlobalFilter(975)) - Added global filter 'safety' (class=org.apache.hadoop.http.HttpServer2$QuotingInputFilter)
2019-09-12 11:36:27,185 [Thread-1338] INFO  http.HttpServer2 (HttpServer2.java:addFilter(948)) - Added filter static_user_filter (class=org.apache.hadoop.http.lib.StaticUserWebFilter$StaticUserFilter) to context hddsDatanode
2019-09-12 11:36:27,185 [Thread-1338] INFO  http.HttpServer2 (HttpServer2.java:addFilter(958)) - Added filter static_user_filter (class=org.apache.hadoop.http.lib.StaticUserWebFilter$StaticUserFilter) to context logs
2019-09-12 11:36:27,186 [Thread-1338] INFO  http.HttpServer2 (HttpServer2.java:addFilter(958)) - Added filter static_user_filter (class=org.apache.hadoop.http.lib.StaticUserWebFilter$StaticUserFilter) to context static
2019-09-12 11:36:27,186 [Thread-1338] INFO  http.HttpServer2 (HttpServer2.java:bindListener(1191)) - Jetty bound to port 45477
2019-09-12 11:36:27,186 [Thread-1338] INFO  server.Server (Server.java:doStart(351)) - jetty-9.3.24.v20180605, build timestamp: 2018-06-05T17:11:56Z, git hash: 84205aa28f11a4f31f2a3b86d1bba2cc8ab69827
2019-09-12 11:36:27,188 [Thread-1338] INFO  handler.ContextHandler (ContextHandler.java:doStart(781)) - Started o.e.j.s.ServletContextHandler@7b93ab2b{/logs,file:///workdir/hadoop-ozone/ozonefs/target/log,AVAILABLE}
2019-09-12 11:36:27,188 [Thread-1338] INFO  handler.ContextHandler (ContextHandler.java:doStart(781)) - Started o.e.j.s.ServletContextHandler@16769918{/static,jar:file:/home/user/.m2/repository/org/apache/hadoop/hadoop-hdds-container-service/0.5.0-SNAPSHOT/hadoop-hdds-container-service-0.5.0-SNAPSHOT.jar!/webapps/static,AVAILABLE}
2019-09-12 11:36:27,221 [Thread-1338] INFO  handler.ContextHandler (ContextHandler.java:doStart(781)) - Started o.e.j.w.WebAppContext@20ef7a47{/,file:///tmp/jetty-0.0.0.0-45477-hddsDatanode-_-any-54638344931015895.dir/webapp/,AVAILABLE}{/hddsDatanode}
2019-09-12 11:36:27,222 [Thread-1338] INFO  server.AbstractConnector (AbstractConnector.java:doStart(278)) - Started ServerConnector@5cd70383{HTTP/1.1,[http/1.1]}{0.0.0.0:45477}
2019-09-12 11:36:27,223 [Thread-1338] INFO  server.Server (Server.java:doStart(419)) - Started @94291ms
2019-09-12 11:36:27,224 [Thread-1338] INFO  server.BaseHttpServer (BaseHttpServer.java:updateConnectorAddress(213)) - HTTP server of HDDSDATANODE is listening at http://0.0.0.0:45477
2019-09-12 11:36:27,355 | INFO  | ObjectStoreRestHttpServer | Listening HDDS REST traffic on /0.0.0.0:34383 |  
2019-09-12 11:36:27,355 [Thread-1338] INFO  ozone.HddsDatanodeService (HddsDatanodeService.java:startPlugins(395)) - Started plug-in org.apache.hadoop.ozone.web.OzoneHddsDatanodeService@6974cadc
2019-09-12 11:36:27,356 [Thread-1338] INFO  impl.MetricsSystemImpl (MetricsSystemImpl.java:init(158)) - HddsDatanode metrics system started (again)
2019-09-12 11:36:27,358 [org.apache.hadoop.util.JvmPauseMonitor$Monitor@5533e414] INFO  util.JvmPauseMonitor (JvmPauseMonitor.java:run(188)) - Starting JVM pause monitor
2019-09-12 11:36:27,359 [Thread-1338] INFO  ozone.HddsDatanodeService (HddsDatanodeService.java:start(184)) - HddsDatanodeService host:pr-hdds-1569-58hkm-1881083799 ip:192.168.36.114
2019-09-12 11:36:27,360 [Datanode State Machine Thread - 0] INFO  datanode.InitDatanodeState (InitDatanodeState.java:persistContainerDatanodeDetails(140)) - DatanodeDetails is persisted to /workdir/hadoop-ozone/ozonefs/target/test-dir/MiniOzoneClusterImpl-68ada62c-70c2-422c-a450-57ae95aadfb6/datanode-1/meta/datanode.id
2019-09-12 11:36:27,366 [Thread-1338] INFO  volume.HddsVolume (HddsVolume.java:<init>(176)) - Creating Volume: /workdir/hadoop-ozone/ozonefs/target/test-dir/MiniOzoneClusterImpl-68ada62c-70c2-422c-a450-57ae95aadfb6/datanode-2/data/containers/hdds of  storage type : DISK and capacity : 1482555576320
2019-09-12 11:36:27,366 [Thread-1338] INFO  volume.VolumeSet (VolumeSet.java:initializeVolumeSet(170)) - Added Volume : /workdir/hadoop-ozone/ozonefs/target/test-dir/MiniOzoneClusterImpl-68ada62c-70c2-422c-a450-57ae95aadfb6/datanode-2/data/containers/hdds to VolumeSet
2019-09-12 11:36:27,366 [Thread-1338] INFO  volume.ThrottledAsyncChecker (ThrottledAsyncChecker.java:schedule(140)) - Scheduling a check for org.apache.hadoop.ozone.container.common.volume.HddsVolume@362a6d47
2019-09-12 11:36:27,367 [Thread-1338] INFO  volume.HddsVolumeChecker (HddsVolumeChecker.java:checkAllVolumes(203)) - Scheduled health check for volume org.apache.hadoop.ozone.container.common.volume.HddsVolume@362a6d47
2019-09-12 11:36:27,387 [Thread-1338] INFO  impl.RaftServerProxy (ConfUtils.java:logGet(43)) - raft.rpc.type = GRPC (default)
2019-09-12 11:36:27,388 [Thread-1338] INFO  grpc.GrpcFactory (GrpcFactory.java:checkPooledByteBufAllocatorUseCacheForAllThreads(45)) - PERFORMANCE WARNING: useCacheForAllThreads is true that may cause Netty to create a lot garbage objects and, as a result, trigger GC.
	It is recommended to disable useCacheForAllThreads by setting -Dorg.apache.ratis.thirdparty.io.netty.allocator.useCacheForAllThreads=false in command line.
2019-09-12 11:36:27,388 [Thread-1338] INFO  grpc.GrpcConfigKeys$Server (ConfUtils.java:logGet(43)) - raft.grpc.server.port = 0 (default)
2019-09-12 11:36:27,388 [Thread-1338] INFO  server.GrpcService (ConfUtils.java:logGet(43)) - raft.grpc.message.size.max = 33570816 (custom)
2019-09-12 11:36:27,388 [Thread-1338] INFO  server.RaftServerConfigKeys (ConfUtils.java:logGet(43)) - raft.server.log.appender.buffer.byte-limit = 33554432 (custom)
2019-09-12 11:36:27,388 [Thread-1338] INFO  server.GrpcService (ConfUtils.java:logGet(43)) - raft.grpc.flow.control.window = 1MB (=1048576) (default)
2019-09-12 11:36:27,388 [Thread-1338] INFO  server.RaftServerConfigKeys (ConfUtils.java:logGet(43)) - raft.server.rpc.request.timeout = 3000ms (default)
2019-09-12 11:36:27,389 [Thread-1338] INFO  server.RaftServerConfigKeys (ConfUtils.java:logGet(43)) - raft.server.storage.dir = [/workdir/hadoop-ozone/ozonefs/target/test-dir/MiniOzoneClusterImpl-68ada62c-70c2-422c-a450-57ae95aadfb6/datanode-2/data/ratis] (custom)
2019-09-12 11:36:27,389 [Thread-1338] INFO  replication.SimpleContainerDownloader (SimpleContainerDownloader.java:<init>(72)) - Starting container downloader service to copy containers to replicate.
2019-09-12 11:36:27,390 [Thread-1338] INFO  hdfs.DFSUtil (DFSUtil.java:httpServerTemplateForNNAndJN(1641)) - Starting Web-server for hddsDatanode at: http://0.0.0.0:0
2019-09-12 11:36:27,392 [Thread-1338] INFO  server.AuthenticationFilter (AuthenticationFilter.java:constructSecretProvider(240)) - Unable to initialize FileSignerSecretProvider, falling back to use random secrets.
2019-09-12 11:36:27,392 [Thread-1338] WARN  http.HttpRequestLog (HttpRequestLog.java:getRequestLog(97)) - Jetty request log can only be enabled using Log4j
2019-09-12 11:36:27,394 [Thread-1338] INFO  http.HttpServer2 (HttpServer2.java:addGlobalFilter(975)) - Added global filter 'safety' (class=org.apache.hadoop.http.HttpServer2$QuotingInputFilter)
2019-09-12 11:36:27,394 [Thread-1338] INFO  http.HttpServer2 (HttpServer2.java:addFilter(948)) - Added filter static_user_filter (class=org.apache.hadoop.http.lib.StaticUserWebFilter$StaticUserFilter) to context hddsDatanode
2019-09-12 11:36:27,395 [Thread-1338] INFO  http.HttpServer2 (HttpServer2.java:addFilter(958)) - Added filter static_user_filter (class=org.apache.hadoop.http.lib.StaticUserWebFilter$StaticUserFilter) to context static
2019-09-12 11:36:27,395 [Thread-1338] INFO  http.HttpServer2 (HttpServer2.java:addFilter(958)) - Added filter static_user_filter (class=org.apache.hadoop.http.lib.StaticUserWebFilter$StaticUserFilter) to context logs
2019-09-12 11:36:27,395 [Thread-1338] INFO  http.HttpServer2 (HttpServer2.java:bindListener(1191)) - Jetty bound to port 42538
2019-09-12 11:36:27,395 [Thread-1338] INFO  server.Server (Server.java:doStart(351)) - jetty-9.3.24.v20180605, build timestamp: 2018-06-05T17:11:56Z, git hash: 84205aa28f11a4f31f2a3b86d1bba2cc8ab69827
2019-09-12 11:36:27,397 [Thread-1338] INFO  handler.ContextHandler (ContextHandler.java:doStart(781)) - Started o.e.j.s.ServletContextHandler@284be44e{/logs,file:///workdir/hadoop-ozone/ozonefs/target/log,AVAILABLE}
2019-09-12 11:36:27,398 [Thread-1338] INFO  handler.ContextHandler (ContextHandler.java:doStart(781)) - Started o.e.j.s.ServletContextHandler@22b05a34{/static,jar:file:/home/user/.m2/repository/org/apache/hadoop/hadoop-hdds-container-service/0.5.0-SNAPSHOT/hadoop-hdds-container-service-0.5.0-SNAPSHOT.jar!/webapps/static,AVAILABLE}
2019-09-12 11:36:27,436 [Thread-1338] INFO  handler.ContextHandler (ContextHandler.java:doStart(781)) - Started o.e.j.w.WebAppContext@5396e5d4{/,file:///tmp/jetty-0.0.0.0-42538-hddsDatanode-_-any-7530567068863105988.dir/webapp/,AVAILABLE}{/hddsDatanode}
2019-09-12 11:36:27,437 [Thread-1338] INFO  server.AbstractConnector (AbstractConnector.java:doStart(278)) - Started ServerConnector@44f35baf{HTTP/1.1,[http/1.1]}{0.0.0.0:42538}
2019-09-12 11:36:27,439 [Thread-1338] INFO  server.Server (Server.java:doStart(419)) - Started @94507ms
2019-09-12 11:36:27,440 [Thread-1338] INFO  server.BaseHttpServer (BaseHttpServer.java:updateConnectorAddress(213)) - HTTP server of HDDSDATANODE is listening at http://0.0.0.0:42538
2019-09-12 11:36:27,596 | INFO  | ObjectStoreRestHttpServer | Listening HDDS REST traffic on /0.0.0.0:36827 |  
2019-09-12 11:36:27,596 [Thread-1338] INFO  ozone.HddsDatanodeService (HddsDatanodeService.java:startPlugins(395)) - Started plug-in org.apache.hadoop.ozone.web.OzoneHddsDatanodeService@3d7f148f
2019-09-12 11:36:27,597 [Thread-1338] INFO  ozone.MiniOzoneClusterImpl (MiniOzoneClusterImpl.java:lambda$waitForClusterToBeReady$0(142)) - Waiting for cluster to be ready. Got 0 of 3 DN Heartbeats.
2019-09-12 11:36:27,598 [org.apache.hadoop.util.JvmPauseMonitor$Monitor@52588b15] INFO  util.JvmPauseMonitor (JvmPauseMonitor.java:run(188)) - Starting JVM pause monitor
2019-09-12 11:36:27,600 [Datanode State Machine Thread - 0] INFO  datanode.InitDatanodeState (InitDatanodeState.java:persistContainerDatanodeDetails(140)) - DatanodeDetails is persisted to /workdir/hadoop-ozone/ozonefs/target/test-dir/MiniOzoneClusterImpl-68ada62c-70c2-422c-a450-57ae95aadfb6/datanode-2/meta/datanode.id
2019-09-12 11:36:28,597 [Thread-1338] INFO  ozone.MiniOzoneClusterImpl (MiniOzoneClusterImpl.java:lambda$waitForClusterToBeReady$0(142)) - Waiting for cluster to be ready. Got 0 of 3 DN Heartbeats.
2019-09-12 11:36:29,146 | INFO  | SCMAudit | user=jenkins1000 | ip=192.168.36.114 | op=GET_VERSION null | ret=SUCCESS |  
2019-09-12 11:36:29,161 [Datanode State Machine Thread - 0] INFO  ozoneimpl.OzoneContainer (OzoneContainer.java:start(186)) - Attempting to start container services.
2019-09-12 11:36:29,161 [Datanode State Machine Thread - 0] INFO  ozoneimpl.OzoneContainer (OzoneContainer.java:startContainerScrub(160)) - Background container scrubber has been disabled by hdds.containerscrub.enabled
2019-09-12 11:36:29,161 [Datanode State Machine Thread - 0] INFO  ratis.XceiverServerRatis (XceiverServerRatis.java:start(404)) - Starting XceiverServerRatis 234a4227-e4f9-45d9-8538-4aa42c77f7ad at port 0
2019-09-12 11:36:29,169 [Datanode State Machine Thread - 0] INFO  impl.RaftServerProxy (RaftServerProxy.java:lambda$start$3(299)) - 234a4227-e4f9-45d9-8538-4aa42c77f7ad: start RPC server
2019-09-12 11:36:29,171 [Datanode State Machine Thread - 0] INFO  server.GrpcService (GrpcService.java:startImpl(149)) - 234a4227-e4f9-45d9-8538-4aa42c77f7ad: GrpcService started, listening on 0.0.0.0/0.0.0.0:42023
2019-09-12 11:36:29,172 [Datanode State Machine Thread - 0] INFO  ratis.XceiverServerRatis (XceiverServerRatis.java:start(414)) - XceiverServerRatis 234a4227-e4f9-45d9-8538-4aa42c77f7ad is started using port 42023
2019-09-12 11:36:29,172 [Datanode State Machine Thread - 0] INFO  server.XceiverServerGrpc (XceiverServerGrpc.java:start(163)) - XceiverServerGrpc 234a4227-e4f9-45d9-8538-4aa42c77f7ad is started using port 36553
2019-09-12 11:36:29,359 | INFO  | SCMAudit | user=jenkins1000 | ip=192.168.36.114 | op=GET_VERSION null | ret=SUCCESS |  
2019-09-12 11:36:29,377 [Datanode State Machine Thread - 0] INFO  ozoneimpl.OzoneContainer (OzoneContainer.java:start(186)) - Attempting to start container services.
2019-09-12 11:36:29,377 [Datanode State Machine Thread - 0] INFO  ozoneimpl.OzoneContainer (OzoneContainer.java:startContainerScrub(160)) - Background container scrubber has been disabled by hdds.containerscrub.enabled
2019-09-12 11:36:29,377 [Datanode State Machine Thread - 0] INFO  ratis.XceiverServerRatis (XceiverServerRatis.java:start(404)) - Starting XceiverServerRatis b4d92fb5-afc1-4d53-a43f-a429e4096c64 at port 0
2019-09-12 11:36:29,385 [Datanode State Machine Thread - 0] INFO  impl.RaftServerProxy (RaftServerProxy.java:lambda$start$3(299)) - b4d92fb5-afc1-4d53-a43f-a429e4096c64: start RPC server
2019-09-12 11:36:29,388 [Datanode State Machine Thread - 0] INFO  server.GrpcService (GrpcService.java:startImpl(149)) - b4d92fb5-afc1-4d53-a43f-a429e4096c64: GrpcService started, listening on 0.0.0.0/0.0.0.0:40451
2019-09-12 11:36:29,388 [Datanode State Machine Thread - 0] INFO  ratis.XceiverServerRatis (XceiverServerRatis.java:start(414)) - XceiverServerRatis b4d92fb5-afc1-4d53-a43f-a429e4096c64 is started using port 40451
2019-09-12 11:36:29,390 [Datanode State Machine Thread - 0] INFO  server.XceiverServerGrpc (XceiverServerGrpc.java:start(163)) - XceiverServerGrpc b4d92fb5-afc1-4d53-a43f-a429e4096c64 is started using port 44165
2019-09-12 11:36:29,597 [Thread-1338] INFO  ozone.MiniOzoneClusterImpl (MiniOzoneClusterImpl.java:lambda$waitForClusterToBeReady$0(142)) - Waiting for cluster to be ready. Got 0 of 3 DN Heartbeats.
2019-09-12 11:36:29,599 | INFO  | SCMAudit | user=jenkins1000 | ip=192.168.36.114 | op=GET_VERSION null | ret=SUCCESS |  
2019-09-12 11:36:29,614 [Datanode State Machine Thread - 0] INFO  ozoneimpl.OzoneContainer (OzoneContainer.java:start(186)) - Attempting to start container services.
2019-09-12 11:36:29,615 [Datanode State Machine Thread - 0] INFO  ozoneimpl.OzoneContainer (OzoneContainer.java:startContainerScrub(160)) - Background container scrubber has been disabled by hdds.containerscrub.enabled
2019-09-12 11:36:29,615 [Datanode State Machine Thread - 0] INFO  ratis.XceiverServerRatis (XceiverServerRatis.java:start(404)) - Starting XceiverServerRatis a68b549c-a65a-44fd-9729-a5200a86921e at port 0
2019-09-12 11:36:29,622 [Datanode State Machine Thread - 0] INFO  impl.RaftServerProxy (RaftServerProxy.java:lambda$start$3(299)) - a68b549c-a65a-44fd-9729-a5200a86921e: start RPC server
2019-09-12 11:36:29,623 [Datanode State Machine Thread - 0] INFO  server.GrpcService (GrpcService.java:startImpl(149)) - a68b549c-a65a-44fd-9729-a5200a86921e: GrpcService started, listening on 0.0.0.0/0.0.0.0:41724
2019-09-12 11:36:29,623 [Datanode State Machine Thread - 0] INFO  ratis.XceiverServerRatis (XceiverServerRatis.java:start(414)) - XceiverServerRatis a68b549c-a65a-44fd-9729-a5200a86921e is started using port 41724
2019-09-12 11:36:29,624 [Datanode State Machine Thread - 0] INFO  server.XceiverServerGrpc (XceiverServerGrpc.java:start(163)) - XceiverServerGrpc a68b549c-a65a-44fd-9729-a5200a86921e is started using port 38266
2019-09-12 11:36:30,598 [Thread-1338] INFO  ozone.MiniOzoneClusterImpl (MiniOzoneClusterImpl.java:lambda$waitForClusterToBeReady$0(142)) - Waiting for cluster to be ready. Got 0 of 3 DN Heartbeats.
2019-09-12 11:36:31,145 [IPC Server handler 2 on 32785] INFO  net.NetworkTopology (NetworkTopologyImpl.java:add(110)) - Added a new node: /default-rack/234a4227-e4f9-45d9-8538-4aa42c77f7ad
2019-09-12 11:36:31,151 [IPC Server handler 2 on 32785] INFO  node.SCMNodeManager (SCMNodeManager.java:register(273)) - Registered Data node : 234a4227-e4f9-45d9-8538-4aa42c77f7ad{ip: 192.168.36.114, host: pr-hdds-1569-58hkm-1881083799, networkLocation: /default-rack, certSerialId: null}
2019-09-12 11:36:31,152 [EventQueue-NodeRegistrationContainerReportForDataNodeSafeModeRule] INFO  safemode.SCMSafeModeManager (DataNodeSafeModeRule.java:process(71)) - SCM in safe mode. 1 DataNodes registered, 1 required.
2019-09-12 11:36:31,152 | INFO  | SCMAudit | user=jenkins1000 | ip=192.168.36.114 | op=REGISTER {datanodeDetails=234a4227-e4f9-45d9-8538-4aa42c77f7ad{ip: 192.168.36.114, host: pr-hdds-1569-58hkm-1881083799, networkLocation: /default-rack, certSerialId: null}} | ret=SUCCESS |  
2019-09-12 11:36:31,154 [EventQueue-NodeRegistrationContainerReportForDataNodeSafeModeRule] INFO  safemode.SCMSafeModeManager (SCMSafeModeManager.java:validateSafeModeExitRules(177)) - ScmSafeModeManager, all rules are successfully validated
2019-09-12 11:36:31,154 [EventQueue-NodeRegistrationContainerReportForDataNodeSafeModeRule] INFO  safemode.SCMSafeModeManager (SCMSafeModeManager.java:exitSafeMode(193)) - SCM exiting safe mode.
2019-09-12 11:36:31,166 [grpc-default-executor-0] INFO  impl.RaftServerProxy (RaftServerProxy.java:addNew(89)) - 234a4227-e4f9-45d9-8538-4aa42c77f7ad: addNew group-6C0AFF933B46:[234a4227-e4f9-45d9-8538-4aa42c77f7ad:192.168.36.114:42023] returns group-6C0AFF933B46:java.util.concurrent.CompletableFuture@4b4187d7[Not completed]
2019-09-12 11:36:31,169 [pool-292-thread-1] INFO  impl.RaftServerImpl (RaftServerImpl.java:<init>(93)) - 234a4227-e4f9-45d9-8538-4aa42c77f7ad: new RaftServerImpl for group-6C0AFF933B46:[234a4227-e4f9-45d9-8538-4aa42c77f7ad:192.168.36.114:42023] with ContainerStateMachine:uninitialized
2019-09-12 11:36:31,169 [pool-292-thread-1] INFO  server.RaftServerConfigKeys (ConfUtils.java:logGet(43)) - raft.server.rpc.timeout.min = 5s (custom)
2019-09-12 11:36:31,169 [pool-292-thread-1] INFO  server.RaftServerConfigKeys (ConfUtils.java:logGet(43)) - raft.server.rpc.timeout.max = 5200ms (custom)
2019-09-12 11:36:31,169 [pool-292-thread-1] INFO  server.RaftServerConfigKeys (ConfUtils.java:logGet(43)) - raft.server.rpcslowness.timeout = 120s (custom)
2019-09-12 11:36:31,169 [pool-292-thread-1] INFO  server.RaftServerConfigKeys (ConfUtils.java:logGet(43)) - raft.server.sleep.deviation.threshold = 300 (default)
2019-09-12 11:36:31,170 [pool-292-thread-1] INFO  server.RaftServerConfigKeys (ConfUtils.java:logGet(43)) - raft.server.log.appender.install.snapshot.enabled = false (custom)
2019-09-12 11:36:31,170 [pool-292-thread-1] INFO  impl.RaftServerImpl (ServerState.java:<init>(105)) - 234a4227-e4f9-45d9-8538-4aa42c77f7ad:group-6C0AFF933B46 ConfigurationManager, init=-1: [234a4227-e4f9-45d9-8538-4aa42c77f7ad:192.168.36.114:42023], old=null, confs=<EMPTY_MAP>
2019-09-12 11:36:31,170 [pool-292-thread-1] INFO  server.RaftServerConfigKeys (ConfUtils.java:logGet(43)) - raft.server.storage.dir = [/workdir/hadoop-ozone/ozonefs/target/test-dir/MiniOzoneClusterImpl-68ada62c-70c2-422c-a450-57ae95aadfb6/datanode-0/data/ratis] (custom)
2019-09-12 11:36:31,171 [pool-292-thread-1] INFO  storage.RaftStorageDirectory (RaftStorageDirectory.java:analyzeStorage(246)) - The storage directory /workdir/hadoop-ozone/ozonefs/target/test-dir/MiniOzoneClusterImpl-68ada62c-70c2-422c-a450-57ae95aadfb6/datanode-0/data/ratis/efbda4a5-3725-4e78-8d71-6c0aff933b46 does not exist. Creating ...
2019-09-12 11:36:31,184 [pool-292-thread-1] INFO  storage.RaftStorageDirectory (RaftStorageDirectory.java:tryLock(328)) - Lock on /workdir/hadoop-ozone/ozonefs/target/test-dir/MiniOzoneClusterImpl-68ada62c-70c2-422c-a450-57ae95aadfb6/datanode-0/data/ratis/efbda4a5-3725-4e78-8d71-6c0aff933b46/in_use.lock acquired by nodename 26908@pr-hdds-1569-58hkm-1881083799
2019-09-12 11:36:31,197 [pool-292-thread-1] INFO  storage.RaftStorage (RaftStorage.java:format(72)) - Storage directory /workdir/hadoop-ozone/ozonefs/target/test-dir/MiniOzoneClusterImpl-68ada62c-70c2-422c-a450-57ae95aadfb6/datanode-0/data/ratis/efbda4a5-3725-4e78-8d71-6c0aff933b46 has been successfully formatted.
2019-09-12 11:36:31,197 [pool-292-thread-1] INFO  ratis.ContainerStateMachine (ContainerStateMachine.java:loadSnapshot(226)) - group-6C0AFF933B46: The snapshot info is null. Setting the last applied indexto:(t:0, i:~)
2019-09-12 11:36:31,197 [pool-292-thread-1] INFO  server.RaftServerConfigKeys (ConfUtils.java:logGet(43)) - raft.server.leader.election.timeout = 120s (custom)
2019-09-12 11:36:31,197 [pool-292-thread-1] INFO  server.RaftServerConfigKeys (ConfUtils.java:logGet(43)) - raft.server.log.use.memory = false (default)
2019-09-12 11:36:31,198 [pool-292-thread-1] INFO  server.RaftServerConfigKeys (ConfUtils.java:logGet(43)) - raft.server.log.purge.gap = 1000000 (custom)
2019-09-12 11:36:31,198 [pool-292-thread-1] INFO  server.RaftServerConfigKeys (ConfUtils.java:logGet(43)) - raft.server.log.appender.buffer.byte-limit = 33554432 (custom)
2019-09-12 11:36:31,198 [pool-292-thread-1] INFO  server.RaftServerConfigKeys (ConfUtils.java:logGet(43)) - raft.server.log.segment.size.max = 1048576 (custom)
2019-09-12 11:36:31,198 [pool-292-thread-1] INFO  server.RaftServerConfigKeys (ConfUtils.java:logGet(43)) - raft.server.log.segment.cache.num.max = 2 (custom)
2019-09-12 11:36:31,198 [pool-292-thread-1] INFO  segmented.SegmentedRaftLogWorker (SegmentedRaftLogWorker.java:<init>(172)) - new 234a4227-e4f9-45d9-8538-4aa42c77f7ad-SegmentedRaftLogWorker:Storage Directory /workdir/hadoop-ozone/ozonefs/target/test-dir/MiniOzoneClusterImpl-68ada62c-70c2-422c-a450-57ae95aadfb6/datanode-0/data/ratis/efbda4a5-3725-4e78-8d71-6c0aff933b46 for RaftStorage:Storage Directory /workdir/hadoop-ozone/ozonefs/target/test-dir/MiniOzoneClusterImpl-68ada62c-70c2-422c-a450-57ae95aadfb6/datanode-0/data/ratis/efbda4a5-3725-4e78-8d71-6c0aff933b46
2019-09-12 11:36:31,199 [pool-292-thread-1] INFO  server.RaftServerConfigKeys (ConfUtils.java:logGet(43)) - raft.server.log.queue.byte-limit = 2147483647 (custom)
2019-09-12 11:36:31,199 [pool-292-thread-1] INFO  server.RaftServerConfigKeys (ConfUtils.java:logGet(43)) - raft.server.log.queue.element-limit = 1024 (custom)
2019-09-12 11:36:31,199 [pool-292-thread-1] INFO  server.RaftServerConfigKeys (ConfUtils.java:logGet(43)) - raft.server.log.segment.size.max = 1048576 (custom)
2019-09-12 11:36:31,200 [pool-292-thread-1] INFO  server.RaftServerConfigKeys (ConfUtils.java:logGet(43)) - raft.server.log.preallocated.size = 16384 (custom)
2019-09-12 11:36:31,200 [pool-292-thread-1] INFO  server.RaftServerConfigKeys (ConfUtils.java:logGet(43)) - raft.server.log.write.buffer.size = 33554432 (custom)
2019-09-12 11:36:31,200 [pool-292-thread-1] INFO  server.RaftServerConfigKeys (ConfUtils.java:logGet(43)) - raft.server.log.force.sync.num = 128 (default)
2019-09-12 11:36:31,200 [pool-292-thread-1] INFO  server.RaftServerConfigKeys (ConfUtils.java:logGet(43)) - raft.server.log.statemachine.data.sync = true (default)
2019-09-12 11:36:31,200 [pool-292-thread-1] INFO  server.RaftServerConfigKeys (ConfUtils.java:logGet(43)) - raft.server.log.statemachine.data.sync.timeout = 10s (default)
2019-09-12 11:36:31,201 [pool-292-thread-1] INFO  server.RaftServerConfigKeys (ConfUtils.java:logGet(43)) - raft.server.log.statemachine.data.sync.timeout.retry = -1 (default)
2019-09-12 11:36:31,201 [pool-292-thread-1] INFO  server.RaftServerConfigKeys (ConfUtils.java:logGet(43)) - raft.server.log.statemachine.data.caching.enabled = true (custom)
2019-09-12 11:36:31,201 [pool-292-thread-1] INFO  segmented.SegmentedRaftLogWorker (SegmentedRaftLogWorker.java:lambda$new$0(132)) - 234a4227-e4f9-45d9-8538-4aa42c77f7ad-SegmentedRaftLogWorker:Storage Directory /workdir/hadoop-ozone/ozonefs/target/test-dir/MiniOzoneClusterImpl-68ada62c-70c2-422c-a450-57ae95aadfb6/datanode-0/data/ratis/efbda4a5-3725-4e78-8d71-6c0aff933b46: flushIndex: setUnconditionally 0 -> -1
2019-09-12 11:36:31,202 [pool-292-thread-1] INFO  server.RaftServerConfigKeys (ConfUtils.java:logGet(43)) - raft.server.snapshot.auto.trigger.enabled = true (custom)
2019-09-12 11:36:31,202 [pool-292-thread-1] INFO  server.RaftServerConfigKeys (ConfUtils.java:logGet(43)) - raft.server.snapshot.auto.trigger.threshold = 10000 (custom)
2019-09-12 11:36:31,202 [pool-292-thread-1] INFO  server.RaftServerConfigKeys (ConfUtils.java:logGet(43)) - raft.server.retrycache.expirytime = 600000ms (custom)
2019-09-12 11:36:31,203 [pool-292-thread-1] INFO  impl.RaftServerImpl (RaftServerImpl.java:start(180)) - 234a4227-e4f9-45d9-8538-4aa42c77f7ad: start group-6C0AFF933B46
2019-09-12 11:36:31,203 [pool-292-thread-1] INFO  impl.RaftServerImpl (RaftServerImpl.java:setRole(171)) - 234a4227-e4f9-45d9-8538-4aa42c77f7ad:group-6C0AFF933B46 changes role from null to FOLLOWER at term 0 for startAsFollower
2019-09-12 11:36:31,203 [pool-292-thread-1] INFO  impl.RoleInfo (RoleInfo.java:updateAndGet(143)) - 234a4227-e4f9-45d9-8538-4aa42c77f7ad: start FollowerState
2019-09-12 11:36:31,204 [pool-292-thread-1] INFO  util.JmxRegister (JmxRegister.java:tryRegister(44)) - Successfully registered JMX Bean with object name Ratis:service=RaftServer,group=group-6C0AFF933B46,id=234a4227-e4f9-45d9-8538-4aa42c77f7ad
2019-09-12 11:36:31,207 [RatisPipelineUtilsThread] INFO  pipeline.PipelineStateManager (PipelineStateManager.java:addPipeline(56)) - Created pipeline Pipeline[ Id: efbda4a5-3725-4e78-8d71-6c0aff933b46, Nodes: 234a4227-e4f9-45d9-8538-4aa42c77f7ad{ip: 192.168.36.114, host: pr-hdds-1569-58hkm-1881083799, networkLocation: /default-rack, certSerialId: null}, Type:RATIS, Factor:ONE, State:OPEN]
2019-09-12 11:36:31,213 [grpc-default-executor-0] INFO  impl.RaftServerProxy (RaftServerProxy.java:addNew(89)) - 234a4227-e4f9-45d9-8538-4aa42c77f7ad: addNew group-5C949BD67C5E:[234a4227-e4f9-45d9-8538-4aa42c77f7ad:192.168.36.114:42023] returns group-5C949BD67C5E:java.util.concurrent.CompletableFuture@7ac06a09[Not completed]
2019-09-12 11:36:31,215 [pool-292-thread-1] INFO  impl.RaftServerImpl (RaftServerImpl.java:<init>(93)) - 234a4227-e4f9-45d9-8538-4aa42c77f7ad: new RaftServerImpl for group-5C949BD67C5E:[234a4227-e4f9-45d9-8538-4aa42c77f7ad:192.168.36.114:42023] with ContainerStateMachine:uninitialized
2019-09-12 11:36:31,215 [pool-292-thread-1] INFO  server.RaftServerConfigKeys (ConfUtils.java:logGet(43)) - raft.server.rpc.timeout.min = 5s (custom)
2019-09-12 11:36:31,215 [pool-292-thread-1] INFO  server.RaftServerConfigKeys (ConfUtils.java:logGet(43)) - raft.server.rpc.timeout.max = 5200ms (custom)
2019-09-12 11:36:31,215 [pool-292-thread-1] INFO  server.RaftServerConfigKeys (ConfUtils.java:logGet(43)) - raft.server.rpcslowness.timeout = 120s (custom)
2019-09-12 11:36:31,216 [pool-292-thread-1] INFO  server.RaftServerConfigKeys (ConfUtils.java:logGet(43)) - raft.server.sleep.deviation.threshold = 300 (default)
2019-09-12 11:36:31,216 [pool-292-thread-1] INFO  server.RaftServerConfigKeys (ConfUtils.java:logGet(43)) - raft.server.log.appender.install.snapshot.enabled = false (custom)
2019-09-12 11:36:31,216 [pool-292-thread-1] INFO  impl.RaftServerImpl (ServerState.java:<init>(105)) - 234a4227-e4f9-45d9-8538-4aa42c77f7ad:group-5C949BD67C5E ConfigurationManager, init=-1: [234a4227-e4f9-45d9-8538-4aa42c77f7ad:192.168.36.114:42023], old=null, confs=<EMPTY_MAP>
2019-09-12 11:36:31,216 [pool-292-thread-1] INFO  server.RaftServerConfigKeys (ConfUtils.java:logGet(43)) - raft.server.storage.dir = [/workdir/hadoop-ozone/ozonefs/target/test-dir/MiniOzoneClusterImpl-68ada62c-70c2-422c-a450-57ae95aadfb6/datanode-0/data/ratis] (custom)
2019-09-12 11:36:31,216 [pool-292-thread-1] INFO  storage.RaftStorageDirectory (RaftStorageDirectory.java:analyzeStorage(246)) - The storage directory /workdir/hadoop-ozone/ozonefs/target/test-dir/MiniOzoneClusterImpl-68ada62c-70c2-422c-a450-57ae95aadfb6/datanode-0/data/ratis/dc45960b-24ab-407b-8db5-5c949bd67c5e does not exist. Creating ...
2019-09-12 11:36:31,229 [pool-292-thread-1] INFO  storage.RaftStorageDirectory (RaftStorageDirectory.java:tryLock(328)) - Lock on /workdir/hadoop-ozone/ozonefs/target/test-dir/MiniOzoneClusterImpl-68ada62c-70c2-422c-a450-57ae95aadfb6/datanode-0/data/ratis/dc45960b-24ab-407b-8db5-5c949bd67c5e/in_use.lock acquired by nodename 26908@pr-hdds-1569-58hkm-1881083799
2019-09-12 11:36:31,242 [pool-292-thread-1] INFO  storage.RaftStorage (RaftStorage.java:format(72)) - Storage directory /workdir/hadoop-ozone/ozonefs/target/test-dir/MiniOzoneClusterImpl-68ada62c-70c2-422c-a450-57ae95aadfb6/datanode-0/data/ratis/dc45960b-24ab-407b-8db5-5c949bd67c5e has been successfully formatted.
2019-09-12 11:36:31,242 [pool-292-thread-1] INFO  ratis.ContainerStateMachine (ContainerStateMachine.java:loadSnapshot(226)) - group-5C949BD67C5E: The snapshot info is null. Setting the last applied indexto:(t:0, i:~)
2019-09-12 11:36:31,242 [pool-292-thread-1] INFO  server.RaftServerConfigKeys (ConfUtils.java:logGet(43)) - raft.server.leader.election.timeout = 120s (custom)
2019-09-12 11:36:31,243 [pool-292-thread-1] INFO  server.RaftServerConfigKeys (ConfUtils.java:logGet(43)) - raft.server.log.use.memory = false (default)
2019-09-12 11:36:31,243 [pool-292-thread-1] INFO  server.RaftServerConfigKeys (ConfUtils.java:logGet(43)) - raft.server.log.purge.gap = 1000000 (custom)
2019-09-12 11:36:31,243 [pool-292-thread-1] INFO  server.RaftServerConfigKeys (ConfUtils.java:logGet(43)) - raft.server.log.appender.buffer.byte-limit = 33554432 (custom)
2019-09-12 11:36:31,243 [pool-292-thread-1] INFO  server.RaftServerConfigKeys (ConfUtils.java:logGet(43)) - raft.server.log.segment.size.max = 1048576 (custom)
2019-09-12 11:36:31,243 [pool-292-thread-1] INFO  server.RaftServerConfigKeys (ConfUtils.java:logGet(43)) - raft.server.log.segment.cache.num.max = 2 (custom)
2019-09-12 11:36:31,243 [pool-292-thread-1] INFO  segmented.SegmentedRaftLogWorker (SegmentedRaftLogWorker.java:<init>(172)) - new 234a4227-e4f9-45d9-8538-4aa42c77f7ad-SegmentedRaftLogWorker:Storage Directory /workdir/hadoop-ozone/ozonefs/target/test-dir/MiniOzoneClusterImpl-68ada62c-70c2-422c-a450-57ae95aadfb6/datanode-0/data/ratis/dc45960b-24ab-407b-8db5-5c949bd67c5e for RaftStorage:Storage Directory /workdir/hadoop-ozone/ozonefs/target/test-dir/MiniOzoneClusterImpl-68ada62c-70c2-422c-a450-57ae95aadfb6/datanode-0/data/ratis/dc45960b-24ab-407b-8db5-5c949bd67c5e
2019-09-12 11:36:31,243 [pool-292-thread-1] INFO  server.RaftServerConfigKeys (ConfUtils.java:logGet(43)) - raft.server.log.queue.byte-limit = 2147483647 (custom)
2019-09-12 11:36:31,244 [pool-292-thread-1] INFO  server.RaftServerConfigKeys (ConfUtils.java:logGet(43)) - raft.server.log.queue.element-limit = 1024 (custom)
2019-09-12 11:36:31,244 [pool-292-thread-1] INFO  server.RaftServerConfigKeys (ConfUtils.java:logGet(43)) - raft.server.log.segment.size.max = 1048576 (custom)
2019-09-12 11:36:31,244 [pool-292-thread-1] INFO  server.RaftServerConfigKeys (ConfUtils.java:logGet(43)) - raft.server.log.preallocated.size = 16384 (custom)
2019-09-12 11:36:31,244 [pool-292-thread-1] INFO  server.RaftServerConfigKeys (ConfUtils.java:logGet(43)) - raft.server.log.write.buffer.size = 33554432 (custom)
2019-09-12 11:36:31,244 [pool-292-thread-1] INFO  server.RaftServerConfigKeys (ConfUtils.java:logGet(43)) - raft.server.log.force.sync.num = 128 (default)
2019-09-12 11:36:31,244 [pool-292-thread-1] INFO  server.RaftServerConfigKeys (ConfUtils.java:logGet(43)) - raft.server.log.statemachine.data.sync = true (default)
2019-09-12 11:36:31,244 [pool-292-thread-1] INFO  server.RaftServerConfigKeys (ConfUtils.java:logGet(43)) - raft.server.log.statemachine.data.sync.timeout = 10s (default)
2019-09-12 11:36:31,245 [pool-292-thread-1] INFO  server.RaftServerConfigKeys (ConfUtils.java:logGet(43)) - raft.server.log.statemachine.data.sync.timeout.retry = -1 (default)
2019-09-12 11:36:31,245 [pool-292-thread-1] INFO  server.RaftServerConfigKeys (ConfUtils.java:logGet(43)) - raft.server.log.statemachine.data.caching.enabled = true (custom)
2019-09-12 11:36:31,245 [pool-292-thread-1] INFO  segmented.SegmentedRaftLogWorker (SegmentedRaftLogWorker.java:lambda$new$0(132)) - 234a4227-e4f9-45d9-8538-4aa42c77f7ad-SegmentedRaftLogWorker:Storage Directory /workdir/hadoop-ozone/ozonefs/target/test-dir/MiniOzoneClusterImpl-68ada62c-70c2-422c-a450-57ae95aadfb6/datanode-0/data/ratis/dc45960b-24ab-407b-8db5-5c949bd67c5e: flushIndex: setUnconditionally 0 -> -1
2019-09-12 11:36:31,245 [pool-292-thread-1] INFO  server.RaftServerConfigKeys (ConfUtils.java:logGet(43)) - raft.server.snapshot.auto.trigger.enabled = true (custom)
2019-09-12 11:36:31,246 [pool-292-thread-1] INFO  server.RaftServerConfigKeys (ConfUtils.java:logGet(43)) - raft.server.snapshot.auto.trigger.threshold = 10000 (custom)
2019-09-12 11:36:31,246 [pool-292-thread-1] INFO  server.RaftServerConfigKeys (ConfUtils.java:logGet(43)) - raft.server.retrycache.expirytime = 600000ms (custom)
2019-09-12 11:36:31,246 [pool-292-thread-1] INFO  impl.RaftServerImpl (RaftServerImpl.java:start(180)) - 234a4227-e4f9-45d9-8538-4aa42c77f7ad: start group-5C949BD67C5E
2019-09-12 11:36:31,246 [pool-292-thread-1] INFO  impl.RaftServerImpl (RaftServerImpl.java:setRole(171)) - 234a4227-e4f9-45d9-8538-4aa42c77f7ad:group-5C949BD67C5E changes role from null to FOLLOWER at term 0 for startAsFollower
2019-09-12 11:36:31,246 [pool-292-thread-1] INFO  impl.RoleInfo (RoleInfo.java:updateAndGet(143)) - 234a4227-e4f9-45d9-8538-4aa42c77f7ad: start FollowerState
2019-09-12 11:36:31,246 [pool-292-thread-1] INFO  util.JmxRegister (JmxRegister.java:tryRegister(44)) - Successfully registered JMX Bean with object name Ratis:service=RaftServer,group=group-5C949BD67C5E,id=234a4227-e4f9-45d9-8538-4aa42c77f7ad
2019-09-12 11:36:31,250 [RatisPipelineUtilsThread] INFO  pipeline.PipelineStateManager (PipelineStateManager.java:addPipeline(56)) - Created pipeline Pipeline[ Id: dc45960b-24ab-407b-8db5-5c949bd67c5e, Nodes: 234a4227-e4f9-45d9-8538-4aa42c77f7ad{ip: 192.168.36.114, host: pr-hdds-1569-58hkm-1881083799, networkLocation: /default-rack, certSerialId: null}, Type:RATIS, Factor:ONE, State:OPEN]
2019-09-12 11:36:31,255 [grpc-default-executor-0] INFO  impl.RaftServerProxy (RaftServerProxy.java:addNew(89)) - 234a4227-e4f9-45d9-8538-4aa42c77f7ad: addNew group-9EF7BEA11793:[234a4227-e4f9-45d9-8538-4aa42c77f7ad:192.168.36.114:42023] returns group-9EF7BEA11793:java.util.concurrent.CompletableFuture@2b6e7898[Not completed]
2019-09-12 11:36:31,256 [pool-292-thread-1] INFO  impl.RaftServerImpl (RaftServerImpl.java:<init>(93)) - 234a4227-e4f9-45d9-8538-4aa42c77f7ad: new RaftServerImpl for group-9EF7BEA11793:[234a4227-e4f9-45d9-8538-4aa42c77f7ad:192.168.36.114:42023] with ContainerStateMachine:uninitialized
2019-09-12 11:36:31,256 [pool-292-thread-1] INFO  server.RaftServerConfigKeys (ConfUtils.java:logGet(43)) - raft.server.rpc.timeout.min = 5s (custom)
2019-09-12 11:36:31,256 [pool-292-thread-1] INFO  server.RaftServerConfigKeys (ConfUtils.java:logGet(43)) - raft.server.rpc.timeout.max = 5200ms (custom)
2019-09-12 11:36:31,257 [pool-292-thread-1] INFO  server.RaftServerConfigKeys (ConfUtils.java:logGet(43)) - raft.server.rpcslowness.timeout = 120s (custom)
2019-09-12 11:36:31,257 [pool-292-thread-1] INFO  server.RaftServerConfigKeys (ConfUtils.java:logGet(43)) - raft.server.sleep.deviation.threshold = 300 (default)
2019-09-12 11:36:31,257 [pool-292-thread-1] INFO  server.RaftServerConfigKeys (ConfUtils.java:logGet(43)) - raft.server.log.appender.install.snapshot.enabled = false (custom)
2019-09-12 11:36:31,257 [pool-292-thread-1] INFO  impl.RaftServerImpl (ServerState.java:<init>(105)) - 234a4227-e4f9-45d9-8538-4aa42c77f7ad:group-9EF7BEA11793 ConfigurationManager, init=-1: [234a4227-e4f9-45d9-8538-4aa42c77f7ad:192.168.36.114:42023], old=null, confs=<EMPTY_MAP>
2019-09-12 11:36:31,257 [pool-292-thread-1] INFO  server.RaftServerConfigKeys (ConfUtils.java:logGet(43)) - raft.server.storage.dir = [/workdir/hadoop-ozone/ozonefs/target/test-dir/MiniOzoneClusterImpl-68ada62c-70c2-422c-a450-57ae95aadfb6/datanode-0/data/ratis] (custom)
2019-09-12 11:36:31,257 [pool-292-thread-1] INFO  storage.RaftStorageDirectory (RaftStorageDirectory.java:analyzeStorage(246)) - The storage directory /workdir/hadoop-ozone/ozonefs/target/test-dir/MiniOzoneClusterImpl-68ada62c-70c2-422c-a450-57ae95aadfb6/datanode-0/data/ratis/9b6f0c4f-e5c3-4ab3-8779-9ef7bea11793 does not exist. Creating ...
2019-09-12 11:36:31,270 [pool-292-thread-1] INFO  storage.RaftStorageDirectory (RaftStorageDirectory.java:tryLock(328)) - Lock on /workdir/hadoop-ozone/ozonefs/target/test-dir/MiniOzoneClusterImpl-68ada62c-70c2-422c-a450-57ae95aadfb6/datanode-0/data/ratis/9b6f0c4f-e5c3-4ab3-8779-9ef7bea11793/in_use.lock acquired by nodename 26908@pr-hdds-1569-58hkm-1881083799
2019-09-12 11:36:31,283 [pool-292-thread-1] INFO  storage.RaftStorage (RaftStorage.java:format(72)) - Storage directory /workdir/hadoop-ozone/ozonefs/target/test-dir/MiniOzoneClusterImpl-68ada62c-70c2-422c-a450-57ae95aadfb6/datanode-0/data/ratis/9b6f0c4f-e5c3-4ab3-8779-9ef7bea11793 has been successfully formatted.
2019-09-12 11:36:31,284 [pool-292-thread-1] INFO  ratis.ContainerStateMachine (ContainerStateMachine.java:loadSnapshot(226)) - group-9EF7BEA11793: The snapshot info is null. Setting the last applied indexto:(t:0, i:~)
2019-09-12 11:36:31,284 [pool-292-thread-1] INFO  server.RaftServerConfigKeys (ConfUtils.java:logGet(43)) - raft.server.leader.election.timeout = 120s (custom)
2019-09-12 11:36:31,284 [pool-292-thread-1] INFO  server.RaftServerConfigKeys (ConfUtils.java:logGet(43)) - raft.server.log.use.memory = false (default)
2019-09-12 11:36:31,285 [pool-292-thread-1] INFO  server.RaftServerConfigKeys (ConfUtils.java:logGet(43)) - raft.server.log.purge.gap = 1000000 (custom)
2019-09-12 11:36:31,285 [pool-292-thread-1] INFO  server.RaftServerConfigKeys (ConfUtils.java:logGet(43)) - raft.server.log.appender.buffer.byte-limit = 33554432 (custom)
2019-09-12 11:36:31,285 [pool-292-thread-1] INFO  server.RaftServerConfigKeys (ConfUtils.java:logGet(43)) - raft.server.log.segment.size.max = 1048576 (custom)
2019-09-12 11:36:31,285 [pool-292-thread-1] INFO  server.RaftServerConfigKeys (ConfUtils.java:logGet(43)) - raft.server.log.segment.cache.num.max = 2 (custom)
2019-09-12 11:36:31,286 [pool-292-thread-1] INFO  segmented.SegmentedRaftLogWorker (SegmentedRaftLogWorker.java:<init>(172)) - new 234a4227-e4f9-45d9-8538-4aa42c77f7ad-SegmentedRaftLogWorker:Storage Directory /workdir/hadoop-ozone/ozonefs/target/test-dir/MiniOzoneClusterImpl-68ada62c-70c2-422c-a450-57ae95aadfb6/datanode-0/data/ratis/9b6f0c4f-e5c3-4ab3-8779-9ef7bea11793 for RaftStorage:Storage Directory /workdir/hadoop-ozone/ozonefs/target/test-dir/MiniOzoneClusterImpl-68ada62c-70c2-422c-a450-57ae95aadfb6/datanode-0/data/ratis/9b6f0c4f-e5c3-4ab3-8779-9ef7bea11793
2019-09-12 11:36:31,286 [pool-292-thread-1] INFO  server.RaftServerConfigKeys (ConfUtils.java:logGet(43)) - raft.server.log.queue.byte-limit = 2147483647 (custom)
2019-09-12 11:36:31,286 [pool-292-thread-1] INFO  server.RaftServerConfigKeys (ConfUtils.java:logGet(43)) - raft.server.log.queue.element-limit = 1024 (custom)
2019-09-12 11:36:31,286 [pool-292-thread-1] INFO  server.RaftServerConfigKeys (ConfUtils.java:logGet(43)) - raft.server.log.segment.size.max = 1048576 (custom)
2019-09-12 11:36:31,287 [pool-292-thread-1] INFO  server.RaftServerConfigKeys (ConfUtils.java:logGet(43)) - raft.server.log.preallocated.size = 16384 (custom)
2019-09-12 11:36:31,287 [pool-292-thread-1] INFO  server.RaftServerConfigKeys (ConfUtils.java:logGet(43)) - raft.server.log.write.buffer.size = 33554432 (custom)
2019-09-12 11:36:31,287 [pool-292-thread-1] INFO  server.RaftServerConfigKeys (ConfUtils.java:logGet(43)) - raft.server.log.force.sync.num = 128 (default)
2019-09-12 11:36:31,287 [pool-292-thread-1] INFO  server.RaftServerConfigKeys (ConfUtils.java:logGet(43)) - raft.server.log.statemachine.data.sync = true (default)
2019-09-12 11:36:31,288 [pool-292-thread-1] INFO  server.RaftServerConfigKeys (ConfUtils.java:logGet(43)) - raft.server.log.statemachine.data.sync.timeout = 10s (default)
2019-09-12 11:36:31,288 [pool-292-thread-1] INFO  server.RaftServerConfigKeys (ConfUtils.java:logGet(43)) - raft.server.log.statemachine.data.sync.timeout.retry = -1 (default)
2019-09-12 11:36:31,288 [pool-292-thread-1] INFO  server.RaftServerConfigKeys (ConfUtils.java:logGet(43)) - raft.server.log.statemachine.data.caching.enabled = true (custom)
2019-09-12 11:36:31,289 [pool-292-thread-1] INFO  segmented.SegmentedRaftLogWorker (SegmentedRaftLogWorker.java:lambda$new$0(132)) - 234a4227-e4f9-45d9-8538-4aa42c77f7ad-SegmentedRaftLogWorker:Storage Directory /workdir/hadoop-ozone/ozonefs/target/test-dir/MiniOzoneClusterImpl-68ada62c-70c2-422c-a450-57ae95aadfb6/datanode-0/data/ratis/9b6f0c4f-e5c3-4ab3-8779-9ef7bea11793: flushIndex: setUnconditionally 0 -> -1
2019-09-12 11:36:31,289 [pool-292-thread-1] INFO  server.RaftServerConfigKeys (ConfUtils.java:logGet(43)) - raft.server.snapshot.auto.trigger.enabled = true (custom)
2019-09-12 11:36:31,289 [pool-292-thread-1] INFO  server.RaftServerConfigKeys (ConfUtils.java:logGet(43)) - raft.server.snapshot.auto.trigger.threshold = 10000 (custom)
2019-09-12 11:36:31,290 [pool-292-thread-1] INFO  server.RaftServerConfigKeys (ConfUtils.java:logGet(43)) - raft.server.retrycache.expirytime = 600000ms (custom)
2019-09-12 11:36:31,290 [pool-292-thread-1] INFO  impl.RaftServerImpl (RaftServerImpl.java:start(180)) - 234a4227-e4f9-45d9-8538-4aa42c77f7ad: start group-9EF7BEA11793
2019-09-12 11:36:31,290 [pool-292-thread-1] INFO  impl.RaftServerImpl (RaftServerImpl.java:setRole(171)) - 234a4227-e4f9-45d9-8538-4aa42c77f7ad:group-9EF7BEA11793 changes role from null to FOLLOWER at term 0 for startAsFollower
2019-09-12 11:36:31,290 [pool-292-thread-1] INFO  impl.RoleInfo (RoleInfo.java:updateAndGet(143)) - 234a4227-e4f9-45d9-8538-4aa42c77f7ad: start FollowerState
2019-09-12 11:36:31,291 [pool-292-thread-1] INFO  util.JmxRegister (JmxRegister.java:tryRegister(44)) - Successfully registered JMX Bean with object name Ratis:service=RaftServer,group=group-9EF7BEA11793,id=234a4227-e4f9-45d9-8538-4aa42c77f7ad
2019-09-12 11:36:31,294 [RatisPipelineUtilsThread] INFO  pipeline.PipelineStateManager (PipelineStateManager.java:addPipeline(56)) - Created pipeline Pipeline[ Id: 9b6f0c4f-e5c3-4ab3-8779-9ef7bea11793, Nodes: 234a4227-e4f9-45d9-8538-4aa42c77f7ad{ip: 192.168.36.114, host: pr-hdds-1569-58hkm-1881083799, networkLocation: /default-rack, certSerialId: null}, Type:RATIS, Factor:ONE, State:OPEN]
2019-09-12 11:36:31,300 [grpc-default-executor-0] INFO  impl.RaftServerProxy (RaftServerProxy.java:addNew(89)) - 234a4227-e4f9-45d9-8538-4aa42c77f7ad: addNew group-137AB9543223:[234a4227-e4f9-45d9-8538-4aa42c77f7ad:192.168.36.114:42023] returns group-137AB9543223:java.util.concurrent.CompletableFuture@2a76b25c[Not completed]
2019-09-12 11:36:31,301 [pool-292-thread-1] INFO  impl.RaftServerImpl (RaftServerImpl.java:<init>(93)) - 234a4227-e4f9-45d9-8538-4aa42c77f7ad: new RaftServerImpl for group-137AB9543223:[234a4227-e4f9-45d9-8538-4aa42c77f7ad:192.168.36.114:42023] with ContainerStateMachine:uninitialized
2019-09-12 11:36:31,301 [pool-292-thread-1] INFO  server.RaftServerConfigKeys (ConfUtils.java:logGet(43)) - raft.server.rpc.timeout.min = 5s (custom)
2019-09-12 11:36:31,302 [pool-292-thread-1] INFO  server.RaftServerConfigKeys (ConfUtils.java:logGet(43)) - raft.server.rpc.timeout.max = 5200ms (custom)
2019-09-12 11:36:31,302 [pool-292-thread-1] INFO  server.RaftServerConfigKeys (ConfUtils.java:logGet(43)) - raft.server.rpcslowness.timeout = 120s (custom)
2019-09-12 11:36:31,302 [pool-292-thread-1] INFO  server.RaftServerConfigKeys (ConfUtils.java:logGet(43)) - raft.server.sleep.deviation.threshold = 300 (default)
2019-09-12 11:36:31,302 [pool-292-thread-1] INFO  server.RaftServerConfigKeys (ConfUtils.java:logGet(43)) - raft.server.log.appender.install.snapshot.enabled = false (custom)
2019-09-12 11:36:31,302 [pool-292-thread-1] INFO  impl.RaftServerImpl (ServerState.java:<init>(105)) - 234a4227-e4f9-45d9-8538-4aa42c77f7ad:group-137AB9543223 ConfigurationManager, init=-1: [234a4227-e4f9-45d9-8538-4aa42c77f7ad:192.168.36.114:42023], old=null, confs=<EMPTY_MAP>
2019-09-12 11:36:31,302 [pool-292-thread-1] INFO  server.RaftServerConfigKeys (ConfUtils.java:logGet(43)) - raft.server.storage.dir = [/workdir/hadoop-ozone/ozonefs/target/test-dir/MiniOzoneClusterImpl-68ada62c-70c2-422c-a450-57ae95aadfb6/datanode-0/data/ratis] (custom)
2019-09-12 11:36:31,303 [pool-292-thread-1] INFO  storage.RaftStorageDirectory (RaftStorageDirectory.java:analyzeStorage(246)) - The storage directory /workdir/hadoop-ozone/ozonefs/target/test-dir/MiniOzoneClusterImpl-68ada62c-70c2-422c-a450-57ae95aadfb6/datanode-0/data/ratis/09a4a66a-4cf8-417b-b145-137ab9543223 does not exist. Creating ...
2019-09-12 11:36:31,315 [pool-292-thread-1] INFO  storage.RaftStorageDirectory (RaftStorageDirectory.java:tryLock(328)) - Lock on /workdir/hadoop-ozone/ozonefs/target/test-dir/MiniOzoneClusterImpl-68ada62c-70c2-422c-a450-57ae95aadfb6/datanode-0/data/ratis/09a4a66a-4cf8-417b-b145-137ab9543223/in_use.lock acquired by nodename 26908@pr-hdds-1569-58hkm-1881083799
2019-09-12 11:36:31,326 [pool-292-thread-1] INFO  storage.RaftStorage (RaftStorage.java:format(72)) - Storage directory /workdir/hadoop-ozone/ozonefs/target/test-dir/MiniOzoneClusterImpl-68ada62c-70c2-422c-a450-57ae95aadfb6/datanode-0/data/ratis/09a4a66a-4cf8-417b-b145-137ab9543223 has been successfully formatted.
2019-09-12 11:36:31,327 [pool-292-thread-1] INFO  ratis.ContainerStateMachine (ContainerStateMachine.java:loadSnapshot(226)) - group-137AB9543223: The snapshot info is null. Setting the last applied indexto:(t:0, i:~)
2019-09-12 11:36:31,327 [pool-292-thread-1] INFO  server.RaftServerConfigKeys (ConfUtils.java:logGet(43)) - raft.server.leader.election.timeout = 120s (custom)
2019-09-12 11:36:31,327 [pool-292-thread-1] INFO  server.RaftServerConfigKeys (ConfUtils.java:logGet(43)) - raft.server.log.use.memory = false (default)
2019-09-12 11:36:31,327 [pool-292-thread-1] INFO  server.RaftServerConfigKeys (ConfUtils.java:logGet(43)) - raft.server.log.purge.gap = 1000000 (custom)
2019-09-12 11:36:31,327 [pool-292-thread-1] INFO  server.RaftServerConfigKeys (ConfUtils.java:logGet(43)) - raft.server.log.appender.buffer.byte-limit = 33554432 (custom)
2019-09-12 11:36:31,327 [pool-292-thread-1] INFO  server.RaftServerConfigKeys (ConfUtils.java:logGet(43)) - raft.server.log.segment.size.max = 1048576 (custom)
2019-09-12 11:36:31,328 [pool-292-thread-1] INFO  server.RaftServerConfigKeys (ConfUtils.java:logGet(43)) - raft.server.log.segment.cache.num.max = 2 (custom)
2019-09-12 11:36:31,328 [pool-292-thread-1] INFO  segmented.SegmentedRaftLogWorker (SegmentedRaftLogWorker.java:<init>(172)) - new 234a4227-e4f9-45d9-8538-4aa42c77f7ad-SegmentedRaftLogWorker:Storage Directory /workdir/hadoop-ozone/ozonefs/target/test-dir/MiniOzoneClusterImpl-68ada62c-70c2-422c-a450-57ae95aadfb6/datanode-0/data/ratis/09a4a66a-4cf8-417b-b145-137ab9543223 for RaftStorage:Storage Directory /workdir/hadoop-ozone/ozonefs/target/test-dir/MiniOzoneClusterImpl-68ada62c-70c2-422c-a450-57ae95aadfb6/datanode-0/data/ratis/09a4a66a-4cf8-417b-b145-137ab9543223
2019-09-12 11:36:31,328 [pool-292-thread-1] INFO  server.RaftServerConfigKeys (ConfUtils.java:logGet(43)) - raft.server.log.queue.byte-limit = 2147483647 (custom)
2019-09-12 11:36:31,328 [pool-292-thread-1] INFO  server.RaftServerConfigKeys (ConfUtils.java:logGet(43)) - raft.server.log.queue.element-limit = 1024 (custom)
2019-09-12 11:36:31,328 [pool-292-thread-1] INFO  server.RaftServerConfigKeys (ConfUtils.java:logGet(43)) - raft.server.log.segment.size.max = 1048576 (custom)
2019-09-12 11:36:31,328 [pool-292-thread-1] INFO  server.RaftServerConfigKeys (ConfUtils.java:logGet(43)) - raft.server.log.preallocated.size = 16384 (custom)
2019-09-12 11:36:31,328 [pool-292-thread-1] INFO  server.RaftServerConfigKeys (ConfUtils.java:logGet(43)) - raft.server.log.write.buffer.size = 33554432 (custom)
2019-09-12 11:36:31,328 [pool-292-thread-1] INFO  server.RaftServerConfigKeys (ConfUtils.java:logGet(43)) - raft.server.log.force.sync.num = 128 (default)
2019-09-12 11:36:31,329 [pool-292-thread-1] INFO  server.RaftServerConfigKeys (ConfUtils.java:logGet(43)) - raft.server.log.statemachine.data.sync = true (default)
2019-09-12 11:36:31,329 [pool-292-thread-1] INFO  server.RaftServerConfigKeys (ConfUtils.java:logGet(43)) - raft.server.log.statemachine.data.sync.timeout = 10s (default)
2019-09-12 11:36:31,329 [pool-292-thread-1] INFO  server.RaftServerConfigKeys (ConfUtils.java:logGet(43)) - raft.server.log.statemachine.data.sync.timeout.retry = -1 (default)
2019-09-12 11:36:31,329 [pool-292-thread-1] INFO  server.RaftServerConfigKeys (ConfUtils.java:logGet(43)) - raft.server.log.statemachine.data.caching.enabled = true (custom)
2019-09-12 11:36:31,329 [pool-292-thread-1] INFO  segmented.SegmentedRaftLogWorker (SegmentedRaftLogWorker.java:lambda$new$0(132)) - 234a4227-e4f9-45d9-8538-4aa42c77f7ad-SegmentedRaftLogWorker:Storage Directory /workdir/hadoop-ozone/ozonefs/target/test-dir/MiniOzoneClusterImpl-68ada62c-70c2-422c-a450-57ae95aadfb6/datanode-0/data/ratis/09a4a66a-4cf8-417b-b145-137ab9543223: flushIndex: setUnconditionally 0 -> -1
2019-09-12 11:36:31,330 [pool-292-thread-1] INFO  server.RaftServerConfigKeys (ConfUtils.java:logGet(43)) - raft.server.snapshot.auto.trigger.enabled = true (custom)
2019-09-12 11:36:31,330 [pool-292-thread-1] INFO  server.RaftServerConfigKeys (ConfUtils.java:logGet(43)) - raft.server.snapshot.auto.trigger.threshold = 10000 (custom)
2019-09-12 11:36:31,330 [pool-292-thread-1] INFO  server.RaftServerConfigKeys (ConfUtils.java:logGet(43)) - raft.server.retrycache.expirytime = 600000ms (custom)
2019-09-12 11:36:31,330 [pool-292-thread-1] INFO  impl.RaftServerImpl (RaftServerImpl.java:start(180)) - 234a4227-e4f9-45d9-8538-4aa42c77f7ad: start group-137AB9543223
2019-09-12 11:36:31,330 [pool-292-thread-1] INFO  impl.RaftServerImpl (RaftServerImpl.java:setRole(171)) - 234a4227-e4f9-45d9-8538-4aa42c77f7ad:group-137AB9543223 changes role from null to FOLLOWER at term 0 for startAsFollower
2019-09-12 11:36:31,330 [pool-292-thread-1] INFO  impl.RoleInfo (RoleInfo.java:updateAndGet(143)) - 234a4227-e4f9-45d9-8538-4aa42c77f7ad: start FollowerState
2019-09-12 11:36:31,331 [pool-292-thread-1] INFO  util.JmxRegister (JmxRegister.java:tryRegister(44)) - Successfully registered JMX Bean with object name Ratis:service=RaftServer,group=group-137AB9543223,id=234a4227-e4f9-45d9-8538-4aa42c77f7ad
2019-09-12 11:36:31,333 [RatisPipelineUtilsThread] INFO  pipeline.PipelineStateManager (PipelineStateManager.java:addPipeline(56)) - Created pipeline Pipeline[ Id: 09a4a66a-4cf8-417b-b145-137ab9543223, Nodes: 234a4227-e4f9-45d9-8538-4aa42c77f7ad{ip: 192.168.36.114, host: pr-hdds-1569-58hkm-1881083799, networkLocation: /default-rack, certSerialId: null}, Type:RATIS, Factor:ONE, State:OPEN]
2019-09-12 11:36:31,339 [grpc-default-executor-0] INFO  impl.RaftServerProxy (RaftServerProxy.java:addNew(89)) - 234a4227-e4f9-45d9-8538-4aa42c77f7ad: addNew group-9D7FE29600C9:[234a4227-e4f9-45d9-8538-4aa42c77f7ad:192.168.36.114:42023] returns group-9D7FE29600C9:java.util.concurrent.CompletableFuture@2f202757[Not completed]
2019-09-12 11:36:31,340 [pool-292-thread-1] INFO  impl.RaftServerImpl (RaftServerImpl.java:<init>(93)) - 234a4227-e4f9-45d9-8538-4aa42c77f7ad: new RaftServerImpl for group-9D7FE29600C9:[234a4227-e4f9-45d9-8538-4aa42c77f7ad:192.168.36.114:42023] with ContainerStateMachine:uninitialized
2019-09-12 11:36:31,340 [pool-292-thread-1] INFO  server.RaftServerConfigKeys (ConfUtils.java:logGet(43)) - raft.server.rpc.timeout.min = 5s (custom)
2019-09-12 11:36:31,340 [pool-292-thread-1] INFO  server.RaftServerConfigKeys (ConfUtils.java:logGet(43)) - raft.server.rpc.timeout.max = 5200ms (custom)
2019-09-12 11:36:31,340 [pool-292-thread-1] INFO  server.RaftServerConfigKeys (ConfUtils.java:logGet(43)) - raft.server.rpcslowness.timeout = 120s (custom)
2019-09-12 11:36:31,340 [pool-292-thread-1] INFO  server.RaftServerConfigKeys (ConfUtils.java:logGet(43)) - raft.server.sleep.deviation.threshold = 300 (default)
2019-09-12 11:36:31,341 [pool-292-thread-1] INFO  server.RaftServerConfigKeys (ConfUtils.java:logGet(43)) - raft.server.log.appender.install.snapshot.enabled = false (custom)
2019-09-12 11:36:31,341 [pool-292-thread-1] INFO  impl.RaftServerImpl (ServerState.java:<init>(105)) - 234a4227-e4f9-45d9-8538-4aa42c77f7ad:group-9D7FE29600C9 ConfigurationManager, init=-1: [234a4227-e4f9-45d9-8538-4aa42c77f7ad:192.168.36.114:42023], old=null, confs=<EMPTY_MAP>
2019-09-12 11:36:31,341 [pool-292-thread-1] INFO  server.RaftServerConfigKeys (ConfUtils.java:logGet(43)) - raft.server.storage.dir = [/workdir/hadoop-ozone/ozonefs/target/test-dir/MiniOzoneClusterImpl-68ada62c-70c2-422c-a450-57ae95aadfb6/datanode-0/data/ratis] (custom)
2019-09-12 11:36:31,341 [pool-292-thread-1] INFO  storage.RaftStorageDirectory (RaftStorageDirectory.java:analyzeStorage(246)) - The storage directory /workdir/hadoop-ozone/ozonefs/target/test-dir/MiniOzoneClusterImpl-68ada62c-70c2-422c-a450-57ae95aadfb6/datanode-0/data/ratis/d20a73dd-17fb-44ea-9d7f-9d7fe29600c9 does not exist. Creating ...
2019-09-12 11:36:31,352 [pool-292-thread-1] INFO  storage.RaftStorageDirectory (RaftStorageDirectory.java:tryLock(328)) - Lock on /workdir/hadoop-ozone/ozonefs/target/test-dir/MiniOzoneClusterImpl-68ada62c-70c2-422c-a450-57ae95aadfb6/datanode-0/data/ratis/d20a73dd-17fb-44ea-9d7f-9d7fe29600c9/in_use.lock acquired by nodename 26908@pr-hdds-1569-58hkm-1881083799
2019-09-12 11:36:31,360 [IPC Server handler 1 on 32785] INFO  net.NetworkTopology (NetworkTopologyImpl.java:add(110)) - Added a new node: /default-rack/b4d92fb5-afc1-4d53-a43f-a429e4096c64
2019-09-12 11:36:31,360 [IPC Server handler 1 on 32785] INFO  node.SCMNodeManager (SCMNodeManager.java:register(273)) - Registered Data node : b4d92fb5-afc1-4d53-a43f-a429e4096c64{ip: 192.168.36.114, host: pr-hdds-1569-58hkm-1881083799, networkLocation: /default-rack, certSerialId: null}
2019-09-12 11:36:31,360 | INFO  | SCMAudit | user=jenkins1000 | ip=192.168.36.114 | op=REGISTER {datanodeDetails=b4d92fb5-afc1-4d53-a43f-a429e4096c64{ip: 192.168.36.114, host: pr-hdds-1569-58hkm-1881083799, networkLocation: /default-rack, certSerialId: null}} | ret=SUCCESS |  
2019-09-12 11:36:31,363 [pool-292-thread-1] INFO  storage.RaftStorage (RaftStorage.java:format(72)) - Storage directory /workdir/hadoop-ozone/ozonefs/target/test-dir/MiniOzoneClusterImpl-68ada62c-70c2-422c-a450-57ae95aadfb6/datanode-0/data/ratis/d20a73dd-17fb-44ea-9d7f-9d7fe29600c9 has been successfully formatted.
2019-09-12 11:36:31,364 [pool-292-thread-1] INFO  ratis.ContainerStateMachine (ContainerStateMachine.java:loadSnapshot(226)) - group-9D7FE29600C9: The snapshot info is null. Setting the last applied indexto:(t:0, i:~)
2019-09-12 11:36:31,364 [pool-292-thread-1] INFO  server.RaftServerConfigKeys (ConfUtils.java:logGet(43)) - raft.server.leader.election.timeout = 120s (custom)
2019-09-12 11:36:31,364 [pool-292-thread-1] INFO  server.RaftServerConfigKeys (ConfUtils.java:logGet(43)) - raft.server.log.use.memory = false (default)
2019-09-12 11:36:31,364 [pool-292-thread-1] INFO  server.RaftServerConfigKeys (ConfUtils.java:logGet(43)) - raft.server.log.purge.gap = 1000000 (custom)
2019-09-12 11:36:31,364 [pool-292-thread-1] INFO  server.RaftServerConfigKeys (ConfUtils.java:logGet(43)) - raft.server.log.appender.buffer.byte-limit = 33554432 (custom)
2019-09-12 11:36:31,364 [pool-292-thread-1] INFO  server.RaftServerConfigKeys (ConfUtils.java:logGet(43)) - raft.server.log.segment.size.max = 1048576 (custom)
2019-09-12 11:36:31,365 [pool-292-thread-1] INFO  server.RaftServerConfigKeys (ConfUtils.java:logGet(43)) - raft.server.log.segment.cache.num.max = 2 (custom)
2019-09-12 11:36:31,365 [pool-292-thread-1] INFO  segmented.SegmentedRaftLogWorker (SegmentedRaftLogWorker.java:<init>(172)) - new 234a4227-e4f9-45d9-8538-4aa42c77f7ad-SegmentedRaftLogWorker:Storage Directory /workdir/hadoop-ozone/ozonefs/target/test-dir/MiniOzoneClusterImpl-68ada62c-70c2-422c-a450-57ae95aadfb6/datanode-0/data/ratis/d20a73dd-17fb-44ea-9d7f-9d7fe29600c9 for RaftStorage:Storage Directory /workdir/hadoop-ozone/ozonefs/target/test-dir/MiniOzoneClusterImpl-68ada62c-70c2-422c-a450-57ae95aadfb6/datanode-0/data/ratis/d20a73dd-17fb-44ea-9d7f-9d7fe29600c9
2019-09-12 11:36:31,365 [pool-292-thread-1] INFO  server.RaftServerConfigKeys (ConfUtils.java:logGet(43)) - raft.server.log.queue.byte-limit = 2147483647 (custom)
2019-09-12 11:36:31,365 [pool-292-thread-1] INFO  server.RaftServerConfigKeys (ConfUtils.java:logGet(43)) - raft.server.log.queue.element-limit = 1024 (custom)
2019-09-12 11:36:31,365 [pool-292-thread-1] INFO  server.RaftServerConfigKeys (ConfUtils.java:logGet(43)) - raft.server.log.segment.size.max = 1048576 (custom)
2019-09-12 11:36:31,365 [pool-292-thread-1] INFO  server.RaftServerConfigKeys (ConfUtils.java:logGet(43)) - raft.server.log.preallocated.size = 16384 (custom)
2019-09-12 11:36:31,366 [pool-292-thread-1] INFO  server.RaftServerConfigKeys (ConfUtils.java:logGet(43)) - raft.server.log.write.buffer.size = 33554432 (custom)
2019-09-12 11:36:31,366 [pool-292-thread-1] INFO  server.RaftServerConfigKeys (ConfUtils.java:logGet(43)) - raft.server.log.force.sync.num = 128 (default)
2019-09-12 11:36:31,366 [pool-292-thread-1] INFO  server.RaftServerConfigKeys (ConfUtils.java:logGet(43)) - raft.server.log.statemachine.data.sync = true (default)
2019-09-12 11:36:31,366 [pool-292-thread-1] INFO  server.RaftServerConfigKeys (ConfUtils.java:logGet(43)) - raft.server.log.statemachine.data.sync.timeout = 10s (default)
2019-09-12 11:36:31,366 [pool-292-thread-1] INFO  server.RaftServerConfigKeys (ConfUtils.java:logGet(43)) - raft.server.log.statemachine.data.sync.timeout.retry = -1 (default)
2019-09-12 11:36:31,366 [pool-292-thread-1] INFO  server.RaftServerConfigKeys (ConfUtils.java:logGet(43)) - raft.server.log.statemachine.data.caching.enabled = true (custom)
2019-09-12 11:36:31,367 [pool-292-thread-1] INFO  segmented.SegmentedRaftLogWorker (SegmentedRaftLogWorker.java:lambda$new$0(132)) - 234a4227-e4f9-45d9-8538-4aa42c77f7ad-SegmentedRaftLogWorker:Storage Directory /workdir/hadoop-ozone/ozonefs/target/test-dir/MiniOzoneClusterImpl-68ada62c-70c2-422c-a450-57ae95aadfb6/datanode-0/data/ratis/d20a73dd-17fb-44ea-9d7f-9d7fe29600c9: flushIndex: setUnconditionally 0 -> -1
2019-09-12 11:36:31,367 [pool-292-thread-1] INFO  server.RaftServerConfigKeys (ConfUtils.java:logGet(43)) - raft.server.snapshot.auto.trigger.enabled = true (custom)
2019-09-12 11:36:31,367 [pool-292-thread-1] INFO  server.RaftServerConfigKeys (ConfUtils.java:logGet(43)) - raft.server.snapshot.auto.trigger.threshold = 10000 (custom)
2019-09-12 11:36:31,367 [pool-292-thread-1] INFO  server.RaftServerConfigKeys (ConfUtils.java:logGet(43)) - raft.server.retrycache.expirytime = 600000ms (custom)
2019-09-12 11:36:31,367 [pool-292-thread-1] INFO  impl.RaftServerImpl (RaftServerImpl.java:start(180)) - 234a4227-e4f9-45d9-8538-4aa42c77f7ad: start group-9D7FE29600C9
2019-09-12 11:36:31,368 [pool-292-thread-1] INFO  impl.RaftServerImpl (RaftServerImpl.java:setRole(171)) - 234a4227-e4f9-45d9-8538-4aa42c77f7ad:group-9D7FE29600C9 changes role from null to FOLLOWER at term 0 for startAsFollower
2019-09-12 11:36:31,368 [pool-292-thread-1] INFO  impl.RoleInfo (RoleInfo.java:updateAndGet(143)) - 234a4227-e4f9-45d9-8538-4aa42c77f7ad: start FollowerState
2019-09-12 11:36:31,368 [pool-292-thread-1] INFO  util.JmxRegister (JmxRegister.java:tryRegister(44)) - Successfully registered JMX Bean with object name Ratis:service=RaftServer,group=group-9D7FE29600C9,id=234a4227-e4f9-45d9-8538-4aa42c77f7ad
2019-09-12 11:36:31,371 [RatisPipelineUtilsThread] INFO  pipeline.PipelineStateManager (PipelineStateManager.java:addPipeline(56)) - Created pipeline Pipeline[ Id: d20a73dd-17fb-44ea-9d7f-9d7fe29600c9, Nodes: 234a4227-e4f9-45d9-8538-4aa42c77f7ad{ip: 192.168.36.114, host: pr-hdds-1569-58hkm-1881083799, networkLocation: /default-rack, certSerialId: null}, Type:RATIS, Factor:ONE, State:OPEN]
2019-09-12 11:36:31,376 [grpc-default-executor-0] INFO  impl.RaftServerProxy (RaftServerProxy.java:addNew(89)) - 234a4227-e4f9-45d9-8538-4aa42c77f7ad: addNew group-86EC8DB351E1:[234a4227-e4f9-45d9-8538-4aa42c77f7ad:192.168.36.114:42023] returns group-86EC8DB351E1:java.util.concurrent.CompletableFuture@1bbfe10b[Not completed]
2019-09-12 11:36:31,377 [pool-292-thread-1] INFO  impl.RaftServerImpl (RaftServerImpl.java:<init>(93)) - 234a4227-e4f9-45d9-8538-4aa42c77f7ad: new RaftServerImpl for group-86EC8DB351E1:[234a4227-e4f9-45d9-8538-4aa42c77f7ad:192.168.36.114:42023] with ContainerStateMachine:uninitialized
2019-09-12 11:36:31,377 [pool-292-thread-1] INFO  server.RaftServerConfigKeys (ConfUtils.java:logGet(43)) - raft.server.rpc.timeout.min = 5s (custom)
2019-09-12 11:36:31,378 [pool-292-thread-1] INFO  server.RaftServerConfigKeys (ConfUtils.java:logGet(43)) - raft.server.rpc.timeout.max = 5200ms (custom)
2019-09-12 11:36:31,378 [pool-292-thread-1] INFO  server.RaftServerConfigKeys (ConfUtils.java:logGet(43)) - raft.server.rpcslowness.timeout = 120s (custom)
2019-09-12 11:36:31,378 [pool-292-thread-1] INFO  server.RaftServerConfigKeys (ConfUtils.java:logGet(43)) - raft.server.sleep.deviation.threshold = 300 (default)
2019-09-12 11:36:31,378 [pool-292-thread-1] INFO  server.RaftServerConfigKeys (ConfUtils.java:logGet(43)) - raft.server.log.appender.install.snapshot.enabled = false (custom)
2019-09-12 11:36:31,378 [pool-292-thread-1] INFO  impl.RaftServerImpl (ServerState.java:<init>(105)) - 234a4227-e4f9-45d9-8538-4aa42c77f7ad:group-86EC8DB351E1 ConfigurationManager, init=-1: [234a4227-e4f9-45d9-8538-4aa42c77f7ad:192.168.36.114:42023], old=null, confs=<EMPTY_MAP>
2019-09-12 11:36:31,378 [pool-292-thread-1] INFO  server.RaftServerConfigKeys (ConfUtils.java:logGet(43)) - raft.server.storage.dir = [/workdir/hadoop-ozone/ozonefs/target/test-dir/MiniOzoneClusterImpl-68ada62c-70c2-422c-a450-57ae95aadfb6/datanode-0/data/ratis] (custom)
2019-09-12 11:36:31,379 [pool-292-thread-1] INFO  storage.RaftStorageDirectory (RaftStorageDirectory.java:analyzeStorage(246)) - The storage directory /workdir/hadoop-ozone/ozonefs/target/test-dir/MiniOzoneClusterImpl-68ada62c-70c2-422c-a450-57ae95aadfb6/datanode-0/data/ratis/bc1b9496-f4f8-446e-b1ee-86ec8db351e1 does not exist. Creating ...
2019-09-12 11:36:31,382 [pool-292-thread-1] INFO  storage.RaftStorageDirectory (RaftStorageDirectory.java:tryLock(328)) - Lock on /workdir/hadoop-ozone/ozonefs/target/test-dir/MiniOzoneClusterImpl-68ada62c-70c2-422c-a450-57ae95aadfb6/datanode-0/data/ratis/bc1b9496-f4f8-446e-b1ee-86ec8db351e1/in_use.lock acquired by nodename 26908@pr-hdds-1569-58hkm-1881083799
2019-09-12 11:36:31,386 [pool-292-thread-1] INFO  storage.RaftStorage (RaftStorage.java:format(72)) - Storage directory /workdir/hadoop-ozone/ozonefs/target/test-dir/MiniOzoneClusterImpl-68ada62c-70c2-422c-a450-57ae95aadfb6/datanode-0/data/ratis/bc1b9496-f4f8-446e-b1ee-86ec8db351e1 has been successfully formatted.
2019-09-12 11:36:31,386 [pool-292-thread-1] INFO  ratis.ContainerStateMachine (ContainerStateMachine.java:loadSnapshot(226)) - group-86EC8DB351E1: The snapshot info is null. Setting the last applied indexto:(t:0, i:~)
2019-09-12 11:36:31,386 [pool-292-thread-1] INFO  server.RaftServerConfigKeys (ConfUtils.java:logGet(43)) - raft.server.leader.election.timeout = 120s (custom)
2019-09-12 11:36:31,386 [pool-292-thread-1] INFO  server.RaftServerConfigKeys (ConfUtils.java:logGet(43)) - raft.server.log.use.memory = false (default)
2019-09-12 11:36:31,386 [pool-292-thread-1] INFO  server.RaftServerConfigKeys (ConfUtils.java:logGet(43)) - raft.server.log.purge.gap = 1000000 (custom)
2019-09-12 11:36:31,387 [pool-292-thread-1] INFO  server.RaftServerConfigKeys (ConfUtils.java:logGet(43)) - raft.server.log.appender.buffer.byte-limit = 33554432 (custom)
2019-09-12 11:36:31,387 [pool-292-thread-1] INFO  server.RaftServerConfigKeys (ConfUtils.java:logGet(43)) - raft.server.log.segment.size.max = 1048576 (custom)
2019-09-12 11:36:31,387 [pool-292-thread-1] INFO  server.RaftServerConfigKeys (ConfUtils.java:logGet(43)) - raft.server.log.segment.cache.num.max = 2 (custom)
2019-09-12 11:36:31,387 [pool-292-thread-1] INFO  segmented.SegmentedRaftLogWorker (SegmentedRaftLogWorker.java:<init>(172)) - new 234a4227-e4f9-45d9-8538-4aa42c77f7ad-SegmentedRaftLogWorker:Storage Directory /workdir/hadoop-ozone/ozonefs/target/test-dir/MiniOzoneClusterImpl-68ada62c-70c2-422c-a450-57ae95aadfb6/datanode-0/data/ratis/bc1b9496-f4f8-446e-b1ee-86ec8db351e1 for RaftStorage:Storage Directory /workdir/hadoop-ozone/ozonefs/target/test-dir/MiniOzoneClusterImpl-68ada62c-70c2-422c-a450-57ae95aadfb6/datanode-0/data/ratis/bc1b9496-f4f8-446e-b1ee-86ec8db351e1
2019-09-12 11:36:31,387 [pool-292-thread-1] INFO  server.RaftServerConfigKeys (ConfUtils.java:logGet(43)) - raft.server.log.queue.byte-limit = 2147483647 (custom)
2019-09-12 11:36:31,387 [pool-292-thread-1] INFO  server.RaftServerConfigKeys (ConfUtils.java:logGet(43)) - raft.server.log.queue.element-limit = 1024 (custom)
2019-09-12 11:36:31,387 [pool-292-thread-1] INFO  server.RaftServerConfigKeys (ConfUtils.java:logGet(43)) - raft.server.log.segment.size.max = 1048576 (custom)
2019-09-12 11:36:31,388 [pool-292-thread-1] INFO  server.RaftServerConfigKeys (ConfUtils.java:logGet(43)) - raft.server.log.preallocated.size = 16384 (custom)
2019-09-12 11:36:31,388 [pool-292-thread-1] INFO  server.RaftServerConfigKeys (ConfUtils.java:logGet(43)) - raft.server.log.write.buffer.size = 33554432 (custom)
2019-09-12 11:36:31,388 [pool-292-thread-1] INFO  server.RaftServerConfigKeys (ConfUtils.java:logGet(43)) - raft.server.log.force.sync.num = 128 (default)
2019-09-12 11:36:31,388 [pool-292-thread-1] INFO  server.RaftServerConfigKeys (ConfUtils.java:logGet(43)) - raft.server.log.statemachine.data.sync = true (default)
2019-09-12 11:36:31,388 [pool-292-thread-1] INFO  server.RaftServerConfigKeys (ConfUtils.java:logGet(43)) - raft.server.log.statemachine.data.sync.timeout = 10s (default)
2019-09-12 11:36:31,388 [pool-292-thread-1] INFO  server.RaftServerConfigKeys (ConfUtils.java:logGet(43)) - raft.server.log.statemachine.data.sync.timeout.retry = -1 (default)
2019-09-12 11:36:31,388 [pool-292-thread-1] INFO  server.RaftServerConfigKeys (ConfUtils.java:logGet(43)) - raft.server.log.statemachine.data.caching.enabled = true (custom)
2019-09-12 11:36:31,389 [pool-292-thread-1] INFO  segmented.SegmentedRaftLogWorker (SegmentedRaftLogWorker.java:lambda$new$0(132)) - 234a4227-e4f9-45d9-8538-4aa42c77f7ad-SegmentedRaftLogWorker:Storage Directory /workdir/hadoop-ozone/ozonefs/target/test-dir/MiniOzoneClusterImpl-68ada62c-70c2-422c-a450-57ae95aadfb6/datanode-0/data/ratis/bc1b9496-f4f8-446e-b1ee-86ec8db351e1: flushIndex: setUnconditionally 0 -> -1
2019-09-12 11:36:31,389 [pool-292-thread-1] INFO  server.RaftServerConfigKeys (ConfUtils.java:logGet(43)) - raft.server.snapshot.auto.trigger.enabled = true (custom)
2019-09-12 11:36:31,389 [pool-292-thread-1] INFO  server.RaftServerConfigKeys (ConfUtils.java:logGet(43)) - raft.server.snapshot.auto.trigger.threshold = 10000 (custom)
2019-09-12 11:36:31,389 [pool-292-thread-1] INFO  server.RaftServerConfigKeys (ConfUtils.java:logGet(43)) - raft.server.retrycache.expirytime = 600000ms (custom)
2019-09-12 11:36:31,390 [pool-292-thread-1] INFO  impl.RaftServerImpl (RaftServerImpl.java:start(180)) - 234a4227-e4f9-45d9-8538-4aa42c77f7ad: start group-86EC8DB351E1
2019-09-12 11:36:31,390 [pool-292-thread-1] INFO  impl.RaftServerImpl (RaftServerImpl.java:setRole(171)) - 234a4227-e4f9-45d9-8538-4aa42c77f7ad:group-86EC8DB351E1 changes role from null to FOLLOWER at term 0 for startAsFollower
2019-09-12 11:36:31,390 [pool-292-thread-1] INFO  impl.RoleInfo (RoleInfo.java:updateAndGet(143)) - 234a4227-e4f9-45d9-8538-4aa42c77f7ad: start FollowerState
2019-09-12 11:36:31,390 [pool-292-thread-1] INFO  util.JmxRegister (JmxRegister.java:tryRegister(44)) - Successfully registered JMX Bean with object name Ratis:service=RaftServer,group=group-86EC8DB351E1,id=234a4227-e4f9-45d9-8538-4aa42c77f7ad
2019-09-12 11:36:31,394 [RatisPipelineUtilsThread] INFO  pipeline.PipelineStateManager (PipelineStateManager.java:addPipeline(56)) - Created pipeline Pipeline[ Id: bc1b9496-f4f8-446e-b1ee-86ec8db351e1, Nodes: 234a4227-e4f9-45d9-8538-4aa42c77f7ad{ip: 192.168.36.114, host: pr-hdds-1569-58hkm-1881083799, networkLocation: /default-rack, certSerialId: null}, Type:RATIS, Factor:ONE, State:OPEN]
2019-09-12 11:36:31,394 [RatisPipelineUtilsThread] ERROR pipeline.PipelinePlacementPolicy (PipelinePlacementPolicy.java:meetCriteria(92)) - Pipeline Placement: Doesn't meet the criteria to be viable node. Heaviness: 6
2019-09-12 11:36:31,400 [grpc-default-executor-0] INFO  impl.RaftServerProxy (RaftServerProxy.java:addNew(89)) - b4d92fb5-afc1-4d53-a43f-a429e4096c64: addNew group-816FF4C2B140:[b4d92fb5-afc1-4d53-a43f-a429e4096c64:192.168.36.114:40451] returns group-816FF4C2B140:java.util.concurrent.CompletableFuture@753df80e[Not completed]
2019-09-12 11:36:31,402 [pool-303-thread-1] INFO  impl.RaftServerImpl (RaftServerImpl.java:<init>(93)) - b4d92fb5-afc1-4d53-a43f-a429e4096c64: new RaftServerImpl for group-816FF4C2B140:[b4d92fb5-afc1-4d53-a43f-a429e4096c64:192.168.36.114:40451] with ContainerStateMachine:uninitialized
2019-09-12 11:36:31,402 [pool-303-thread-1] INFO  server.RaftServerConfigKeys (ConfUtils.java:logGet(43)) - raft.server.rpc.timeout.min = 5s (custom)
2019-09-12 11:36:31,402 [pool-303-thread-1] INFO  server.RaftServerConfigKeys (ConfUtils.java:logGet(43)) - raft.server.rpc.timeout.max = 5200ms (custom)
2019-09-12 11:36:31,403 [pool-303-thread-1] INFO  server.RaftServerConfigKeys (ConfUtils.java:logGet(43)) - raft.server.rpcslowness.timeout = 120s (custom)
2019-09-12 11:36:31,403 [pool-303-thread-1] INFO  server.RaftServerConfigKeys (ConfUtils.java:logGet(43)) - raft.server.sleep.deviation.threshold = 300 (default)
2019-09-12 11:36:31,403 [pool-303-thread-1] INFO  server.RaftServerConfigKeys (ConfUtils.java:logGet(43)) - raft.server.log.appender.install.snapshot.enabled = false (custom)
2019-09-12 11:36:31,403 [pool-303-thread-1] INFO  impl.RaftServerImpl (ServerState.java:<init>(105)) - b4d92fb5-afc1-4d53-a43f-a429e4096c64:group-816FF4C2B140 ConfigurationManager, init=-1: [b4d92fb5-afc1-4d53-a43f-a429e4096c64:192.168.36.114:40451], old=null, confs=<EMPTY_MAP>
2019-09-12 11:36:31,403 [pool-303-thread-1] INFO  server.RaftServerConfigKeys (ConfUtils.java:logGet(43)) - raft.server.storage.dir = [/workdir/hadoop-ozone/ozonefs/target/test-dir/MiniOzoneClusterImpl-68ada62c-70c2-422c-a450-57ae95aadfb6/datanode-1/data/ratis] (custom)
2019-09-12 11:36:31,404 [pool-303-thread-1] INFO  storage.RaftStorageDirectory (RaftStorageDirectory.java:analyzeStorage(246)) - The storage directory /workdir/hadoop-ozone/ozonefs/target/test-dir/MiniOzoneClusterImpl-68ada62c-70c2-422c-a450-57ae95aadfb6/datanode-1/data/ratis/c0d2d9c8-b40f-4203-976a-816ff4c2b140 does not exist. Creating ...
2019-09-12 11:36:31,406 [pool-303-thread-1] INFO  storage.RaftStorageDirectory (RaftStorageDirectory.java:tryLock(328)) - Lock on /workdir/hadoop-ozone/ozonefs/target/test-dir/MiniOzoneClusterImpl-68ada62c-70c2-422c-a450-57ae95aadfb6/datanode-1/data/ratis/c0d2d9c8-b40f-4203-976a-816ff4c2b140/in_use.lock acquired by nodename 26908@pr-hdds-1569-58hkm-1881083799
2019-09-12 11:36:31,418 [pool-303-thread-1] INFO  storage.RaftStorage (RaftStorage.java:format(72)) - Storage directory /workdir/hadoop-ozone/ozonefs/target/test-dir/MiniOzoneClusterImpl-68ada62c-70c2-422c-a450-57ae95aadfb6/datanode-1/data/ratis/c0d2d9c8-b40f-4203-976a-816ff4c2b140 has been successfully formatted.
2019-09-12 11:36:31,418 [pool-303-thread-1] INFO  ratis.ContainerStateMachine (ContainerStateMachine.java:loadSnapshot(226)) - group-816FF4C2B140: The snapshot info is null. Setting the last applied indexto:(t:0, i:~)
2019-09-12 11:36:31,418 [pool-303-thread-1] INFO  server.RaftServerConfigKeys (ConfUtils.java:logGet(43)) - raft.server.leader.election.timeout = 120s (custom)
2019-09-12 11:36:31,418 [pool-303-thread-1] INFO  server.RaftServerConfigKeys (ConfUtils.java:logGet(43)) - raft.server.log.use.memory = false (default)
2019-09-12 11:36:31,419 [pool-303-thread-1] INFO  server.RaftServerConfigKeys (ConfUtils.java:logGet(43)) - raft.server.log.purge.gap = 1000000 (custom)
2019-09-12 11:36:31,419 [pool-303-thread-1] INFO  server.RaftServerConfigKeys (ConfUtils.java:logGet(43)) - raft.server.log.appender.buffer.byte-limit = 33554432 (custom)
2019-09-12 11:36:31,419 [pool-303-thread-1] INFO  server.RaftServerConfigKeys (ConfUtils.java:logGet(43)) - raft.server.log.segment.size.max = 1048576 (custom)
2019-09-12 11:36:31,419 [pool-303-thread-1] INFO  server.RaftServerConfigKeys (ConfUtils.java:logGet(43)) - raft.server.log.segment.cache.num.max = 2 (custom)
2019-09-12 11:36:31,419 [pool-303-thread-1] INFO  segmented.SegmentedRaftLogWorker (SegmentedRaftLogWorker.java:<init>(172)) - new b4d92fb5-afc1-4d53-a43f-a429e4096c64-SegmentedRaftLogWorker:Storage Directory /workdir/hadoop-ozone/ozonefs/target/test-dir/MiniOzoneClusterImpl-68ada62c-70c2-422c-a450-57ae95aadfb6/datanode-1/data/ratis/c0d2d9c8-b40f-4203-976a-816ff4c2b140 for RaftStorage:Storage Directory /workdir/hadoop-ozone/ozonefs/target/test-dir/MiniOzoneClusterImpl-68ada62c-70c2-422c-a450-57ae95aadfb6/datanode-1/data/ratis/c0d2d9c8-b40f-4203-976a-816ff4c2b140
2019-09-12 11:36:31,420 [pool-303-thread-1] INFO  server.RaftServerConfigKeys (ConfUtils.java:logGet(43)) - raft.server.log.queue.byte-limit = 2147483647 (custom)
2019-09-12 11:36:31,420 [pool-303-thread-1] INFO  server.RaftServerConfigKeys (ConfUtils.java:logGet(43)) - raft.server.log.queue.element-limit = 1024 (custom)
2019-09-12 11:36:31,420 [pool-303-thread-1] INFO  server.RaftServerConfigKeys (ConfUtils.java:logGet(43)) - raft.server.log.segment.size.max = 1048576 (custom)
2019-09-12 11:36:31,420 [pool-303-thread-1] INFO  server.RaftServerConfigKeys (ConfUtils.java:logGet(43)) - raft.server.log.preallocated.size = 16384 (custom)
2019-09-12 11:36:31,420 [pool-303-thread-1] INFO  server.RaftServerConfigKeys (ConfUtils.java:logGet(43)) - raft.server.log.write.buffer.size = 33554432 (custom)
2019-09-12 11:36:31,421 [pool-303-thread-1] INFO  server.RaftServerConfigKeys (ConfUtils.java:logGet(43)) - raft.server.log.force.sync.num = 128 (default)
2019-09-12 11:36:31,421 [pool-303-thread-1] INFO  server.RaftServerConfigKeys (ConfUtils.java:logGet(43)) - raft.server.log.statemachine.data.sync = true (default)
2019-09-12 11:36:31,421 [pool-303-thread-1] INFO  server.RaftServerConfigKeys (ConfUtils.java:logGet(43)) - raft.server.log.statemachine.data.sync.timeout = 10s (default)
2019-09-12 11:36:31,421 [pool-303-thread-1] INFO  server.RaftServerConfigKeys (ConfUtils.java:logGet(43)) - raft.server.log.statemachine.data.sync.timeout.retry = -1 (default)
2019-09-12 11:36:31,421 [pool-303-thread-1] INFO  server.RaftServerConfigKeys (ConfUtils.java:logGet(43)) - raft.server.log.statemachine.data.caching.enabled = true (custom)
2019-09-12 11:36:31,422 [pool-303-thread-1] INFO  segmented.SegmentedRaftLogWorker (SegmentedRaftLogWorker.java:lambda$new$0(132)) - b4d92fb5-afc1-4d53-a43f-a429e4096c64-SegmentedRaftLogWorker:Storage Directory /workdir/hadoop-ozone/ozonefs/target/test-dir/MiniOzoneClusterImpl-68ada62c-70c2-422c-a450-57ae95aadfb6/datanode-1/data/ratis/c0d2d9c8-b40f-4203-976a-816ff4c2b140: flushIndex: setUnconditionally 0 -> -1
2019-09-12 11:36:31,422 [pool-303-thread-1] INFO  server.RaftServerConfigKeys (ConfUtils.java:logGet(43)) - raft.server.snapshot.auto.trigger.enabled = true (custom)
2019-09-12 11:36:31,422 [pool-303-thread-1] INFO  server.RaftServerConfigKeys (ConfUtils.java:logGet(43)) - raft.server.snapshot.auto.trigger.threshold = 10000 (custom)
2019-09-12 11:36:31,422 [pool-303-thread-1] INFO  server.RaftServerConfigKeys (ConfUtils.java:logGet(43)) - raft.server.retrycache.expirytime = 600000ms (custom)
2019-09-12 11:36:31,423 [pool-303-thread-1] INFO  impl.RaftServerImpl (RaftServerImpl.java:start(180)) - b4d92fb5-afc1-4d53-a43f-a429e4096c64: start group-816FF4C2B140
2019-09-12 11:36:31,423 [pool-303-thread-1] INFO  impl.RaftServerImpl (RaftServerImpl.java:setRole(171)) - b4d92fb5-afc1-4d53-a43f-a429e4096c64:group-816FF4C2B140 changes role from null to FOLLOWER at term 0 for startAsFollower
2019-09-12 11:36:31,423 [pool-303-thread-1] INFO  impl.RoleInfo (RoleInfo.java:updateAndGet(143)) - b4d92fb5-afc1-4d53-a43f-a429e4096c64: start FollowerState
2019-09-12 11:36:31,423 [pool-303-thread-1] INFO  util.JmxRegister (JmxRegister.java:tryRegister(44)) - Successfully registered JMX Bean with object name Ratis:service=RaftServer,group=group-816FF4C2B140,id=b4d92fb5-afc1-4d53-a43f-a429e4096c64
2019-09-12 11:36:31,425 [RatisPipelineUtilsThread] INFO  pipeline.PipelineStateManager (PipelineStateManager.java:addPipeline(56)) - Created pipeline Pipeline[ Id: c0d2d9c8-b40f-4203-976a-816ff4c2b140, Nodes: b4d92fb5-afc1-4d53-a43f-a429e4096c64{ip: 192.168.36.114, host: pr-hdds-1569-58hkm-1881083799, networkLocation: /default-rack, certSerialId: null}, Type:RATIS, Factor:ONE, State:OPEN]
2019-09-12 11:36:31,426 [RatisPipelineUtilsThread] ERROR pipeline.PipelinePlacementPolicy (PipelinePlacementPolicy.java:meetCriteria(92)) - Pipeline Placement: Doesn't meet the criteria to be viable node. Heaviness: 6
2019-09-12 11:36:31,430 [grpc-default-executor-0] INFO  impl.RaftServerProxy (RaftServerProxy.java:addNew(89)) - b4d92fb5-afc1-4d53-a43f-a429e4096c64: addNew group-2D2AD930551A:[b4d92fb5-afc1-4d53-a43f-a429e4096c64:192.168.36.114:40451] returns group-2D2AD930551A:java.util.concurrent.CompletableFuture@5500ff3b[Not completed]
2019-09-12 11:36:31,431 [pool-303-thread-1] INFO  impl.RaftServerImpl (RaftServerImpl.java:<init>(93)) - b4d92fb5-afc1-4d53-a43f-a429e4096c64: new RaftServerImpl for group-2D2AD930551A:[b4d92fb5-afc1-4d53-a43f-a429e4096c64:192.168.36.114:40451] with ContainerStateMachine:uninitialized
2019-09-12 11:36:31,432 [pool-303-thread-1] INFO  server.RaftServerConfigKeys (ConfUtils.java:logGet(43)) - raft.server.rpc.timeout.min = 5s (custom)
2019-09-12 11:36:31,432 [pool-303-thread-1] INFO  server.RaftServerConfigKeys (ConfUtils.java:logGet(43)) - raft.server.rpc.timeout.max = 5200ms (custom)
2019-09-12 11:36:31,432 [pool-303-thread-1] INFO  server.RaftServerConfigKeys (ConfUtils.java:logGet(43)) - raft.server.rpcslowness.timeout = 120s (custom)
2019-09-12 11:36:31,432 [pool-303-thread-1] INFO  server.RaftServerConfigKeys (ConfUtils.java:logGet(43)) - raft.server.sleep.deviation.threshold = 300 (default)
2019-09-12 11:36:31,432 [pool-303-thread-1] INFO  server.RaftServerConfigKeys (ConfUtils.java:logGet(43)) - raft.server.log.appender.install.snapshot.enabled = false (custom)
2019-09-12 11:36:31,432 [pool-303-thread-1] INFO  impl.RaftServerImpl (ServerState.java:<init>(105)) - b4d92fb5-afc1-4d53-a43f-a429e4096c64:group-2D2AD930551A ConfigurationManager, init=-1: [b4d92fb5-afc1-4d53-a43f-a429e4096c64:192.168.36.114:40451], old=null, confs=<EMPTY_MAP>
2019-09-12 11:36:31,433 [pool-303-thread-1] INFO  server.RaftServerConfigKeys (ConfUtils.java:logGet(43)) - raft.server.storage.dir = [/workdir/hadoop-ozone/ozonefs/target/test-dir/MiniOzoneClusterImpl-68ada62c-70c2-422c-a450-57ae95aadfb6/datanode-1/data/ratis] (custom)
2019-09-12 11:36:31,433 [pool-303-thread-1] INFO  storage.RaftStorageDirectory (RaftStorageDirectory.java:analyzeStorage(246)) - The storage directory /workdir/hadoop-ozone/ozonefs/target/test-dir/MiniOzoneClusterImpl-68ada62c-70c2-422c-a450-57ae95aadfb6/datanode-1/data/ratis/ff52dd03-e937-4190-a20c-2d2ad930551a does not exist. Creating ...
2019-09-12 11:36:31,436 [pool-303-thread-1] INFO  storage.RaftStorageDirectory (RaftStorageDirectory.java:tryLock(328)) - Lock on /workdir/hadoop-ozone/ozonefs/target/test-dir/MiniOzoneClusterImpl-68ada62c-70c2-422c-a450-57ae95aadfb6/datanode-1/data/ratis/ff52dd03-e937-4190-a20c-2d2ad930551a/in_use.lock acquired by nodename 26908@pr-hdds-1569-58hkm-1881083799
2019-09-12 11:36:31,456 [pool-303-thread-1] INFO  storage.RaftStorage (RaftStorage.java:format(72)) - Storage directory /workdir/hadoop-ozone/ozonefs/target/test-dir/MiniOzoneClusterImpl-68ada62c-70c2-422c-a450-57ae95aadfb6/datanode-1/data/ratis/ff52dd03-e937-4190-a20c-2d2ad930551a has been successfully formatted.
2019-09-12 11:36:31,457 [pool-303-thread-1] INFO  ratis.ContainerStateMachine (ContainerStateMachine.java:loadSnapshot(226)) - group-2D2AD930551A: The snapshot info is null. Setting the last applied indexto:(t:0, i:~)
2019-09-12 11:36:31,457 [pool-303-thread-1] INFO  server.RaftServerConfigKeys (ConfUtils.java:logGet(43)) - raft.server.leader.election.timeout = 120s (custom)
2019-09-12 11:36:31,457 [pool-303-thread-1] INFO  server.RaftServerConfigKeys (ConfUtils.java:logGet(43)) - raft.server.log.use.memory = false (default)
2019-09-12 11:36:31,457 [pool-303-thread-1] INFO  server.RaftServerConfigKeys (ConfUtils.java:logGet(43)) - raft.server.log.purge.gap = 1000000 (custom)
2019-09-12 11:36:31,457 [pool-303-thread-1] INFO  server.RaftServerConfigKeys (ConfUtils.java:logGet(43)) - raft.server.log.appender.buffer.byte-limit = 33554432 (custom)
2019-09-12 11:36:31,457 [pool-303-thread-1] INFO  server.RaftServerConfigKeys (ConfUtils.java:logGet(43)) - raft.server.log.segment.size.max = 1048576 (custom)
2019-09-12 11:36:31,458 [pool-303-thread-1] INFO  server.RaftServerConfigKeys (ConfUtils.java:logGet(43)) - raft.server.log.segment.cache.num.max = 2 (custom)
2019-09-12 11:36:31,458 [pool-303-thread-1] INFO  segmented.SegmentedRaftLogWorker (SegmentedRaftLogWorker.java:<init>(172)) - new b4d92fb5-afc1-4d53-a43f-a429e4096c64-SegmentedRaftLogWorker:Storage Directory /workdir/hadoop-ozone/ozonefs/target/test-dir/MiniOzoneClusterImpl-68ada62c-70c2-422c-a450-57ae95aadfb6/datanode-1/data/ratis/ff52dd03-e937-4190-a20c-2d2ad930551a for RaftStorage:Storage Directory /workdir/hadoop-ozone/ozonefs/target/test-dir/MiniOzoneClusterImpl-68ada62c-70c2-422c-a450-57ae95aadfb6/datanode-1/data/ratis/ff52dd03-e937-4190-a20c-2d2ad930551a
2019-09-12 11:36:31,458 [pool-303-thread-1] INFO  server.RaftServerConfigKeys (ConfUtils.java:logGet(43)) - raft.server.log.queue.byte-limit = 2147483647 (custom)
2019-09-12 11:36:31,458 [pool-303-thread-1] INFO  server.RaftServerConfigKeys (ConfUtils.java:logGet(43)) - raft.server.log.queue.element-limit = 1024 (custom)
2019-09-12 11:36:31,458 [pool-303-thread-1] INFO  server.RaftServerConfigKeys (ConfUtils.java:logGet(43)) - raft.server.log.segment.size.max = 1048576 (custom)
2019-09-12 11:36:31,458 [pool-303-thread-1] INFO  server.RaftServerConfigKeys (ConfUtils.java:logGet(43)) - raft.server.log.preallocated.size = 16384 (custom)
2019-09-12 11:36:31,459 [pool-303-thread-1] INFO  server.RaftServerConfigKeys (ConfUtils.java:logGet(43)) - raft.server.log.write.buffer.size = 33554432 (custom)
2019-09-12 11:36:31,459 [pool-303-thread-1] INFO  server.RaftServerConfigKeys (ConfUtils.java:logGet(43)) - raft.server.log.force.sync.num = 128 (default)
2019-09-12 11:36:31,459 [pool-303-thread-1] INFO  server.RaftServerConfigKeys (ConfUtils.java:logGet(43)) - raft.server.log.statemachine.data.sync = true (default)
2019-09-12 11:36:31,459 [pool-303-thread-1] INFO  server.RaftServerConfigKeys (ConfUtils.java:logGet(43)) - raft.server.log.statemachine.data.sync.timeout = 10s (default)
2019-09-12 11:36:31,459 [pool-303-thread-1] INFO  server.RaftServerConfigKeys (ConfUtils.java:logGet(43)) - raft.server.log.statemachine.data.sync.timeout.retry = -1 (default)
2019-09-12 11:36:31,459 [pool-303-thread-1] INFO  server.RaftServerConfigKeys (ConfUtils.java:logGet(43)) - raft.server.log.statemachine.data.caching.enabled = true (custom)
2019-09-12 11:36:31,460 [pool-303-thread-1] INFO  segmented.SegmentedRaftLogWorker (SegmentedRaftLogWorker.java:lambda$new$0(132)) - b4d92fb5-afc1-4d53-a43f-a429e4096c64-SegmentedRaftLogWorker:Storage Directory /workdir/hadoop-ozone/ozonefs/target/test-dir/MiniOzoneClusterImpl-68ada62c-70c2-422c-a450-57ae95aadfb6/datanode-1/data/ratis/ff52dd03-e937-4190-a20c-2d2ad930551a: flushIndex: setUnconditionally 0 -> -1
2019-09-12 11:36:31,460 [pool-303-thread-1] INFO  server.RaftServerConfigKeys (ConfUtils.java:logGet(43)) - raft.server.snapshot.auto.trigger.enabled = true (custom)
2019-09-12 11:36:31,460 [pool-303-thread-1] INFO  server.RaftServerConfigKeys (ConfUtils.java:logGet(43)) - raft.server.snapshot.auto.trigger.threshold = 10000 (custom)
2019-09-12 11:36:31,461 [pool-303-thread-1] INFO  server.RaftServerConfigKeys (ConfUtils.java:logGet(43)) - raft.server.retrycache.expirytime = 600000ms (custom)
2019-09-12 11:36:31,461 [pool-303-thread-1] INFO  impl.RaftServerImpl (RaftServerImpl.java:start(180)) - b4d92fb5-afc1-4d53-a43f-a429e4096c64: start group-2D2AD930551A
2019-09-12 11:36:31,461 [pool-303-thread-1] INFO  impl.RaftServerImpl (RaftServerImpl.java:setRole(171)) - b4d92fb5-afc1-4d53-a43f-a429e4096c64:group-2D2AD930551A changes role from null to FOLLOWER at term 0 for startAsFollower
2019-09-12 11:36:31,461 [pool-303-thread-1] INFO  impl.RoleInfo (RoleInfo.java:updateAndGet(143)) - b4d92fb5-afc1-4d53-a43f-a429e4096c64: start FollowerState
2019-09-12 11:36:31,461 [pool-303-thread-1] INFO  util.JmxRegister (JmxRegister.java:tryRegister(44)) - Successfully registered JMX Bean with object name Ratis:service=RaftServer,group=group-2D2AD930551A,id=b4d92fb5-afc1-4d53-a43f-a429e4096c64
2019-09-12 11:36:31,464 [RatisPipelineUtilsThread] INFO  pipeline.PipelineStateManager (PipelineStateManager.java:addPipeline(56)) - Created pipeline Pipeline[ Id: ff52dd03-e937-4190-a20c-2d2ad930551a, Nodes: b4d92fb5-afc1-4d53-a43f-a429e4096c64{ip: 192.168.36.114, host: pr-hdds-1569-58hkm-1881083799, networkLocation: /default-rack, certSerialId: null}, Type:RATIS, Factor:ONE, State:OPEN]
2019-09-12 11:36:31,465 [RatisPipelineUtilsThread] ERROR pipeline.PipelinePlacementPolicy (PipelinePlacementPolicy.java:meetCriteria(92)) - Pipeline Placement: Doesn't meet the criteria to be viable node. Heaviness: 6
2019-09-12 11:36:31,470 [grpc-default-executor-0] INFO  impl.RaftServerProxy (RaftServerProxy.java:addNew(89)) - b4d92fb5-afc1-4d53-a43f-a429e4096c64: addNew group-A5AF26F4D5D1:[b4d92fb5-afc1-4d53-a43f-a429e4096c64:192.168.36.114:40451] returns group-A5AF26F4D5D1:java.util.concurrent.CompletableFuture@1646b98[Not completed]
2019-09-12 11:36:31,471 [pool-303-thread-1] INFO  impl.RaftServerImpl (RaftServerImpl.java:<init>(93)) - b4d92fb5-afc1-4d53-a43f-a429e4096c64: new RaftServerImpl for group-A5AF26F4D5D1:[b4d92fb5-afc1-4d53-a43f-a429e4096c64:192.168.36.114:40451] with ContainerStateMachine:uninitialized
2019-09-12 11:36:31,472 [pool-303-thread-1] INFO  server.RaftServerConfigKeys (ConfUtils.java:logGet(43)) - raft.server.rpc.timeout.min = 5s (custom)
2019-09-12 11:36:31,472 [pool-303-thread-1] INFO  server.RaftServerConfigKeys (ConfUtils.java:logGet(43)) - raft.server.rpc.timeout.max = 5200ms (custom)
2019-09-12 11:36:31,472 [pool-303-thread-1] INFO  server.RaftServerConfigKeys (ConfUtils.java:logGet(43)) - raft.server.rpcslowness.timeout = 120s (custom)
2019-09-12 11:36:31,472 [pool-303-thread-1] INFO  server.RaftServerConfigKeys (ConfUtils.java:logGet(43)) - raft.server.sleep.deviation.threshold = 300 (default)
2019-09-12 11:36:31,472 [pool-303-thread-1] INFO  server.RaftServerConfigKeys (ConfUtils.java:logGet(43)) - raft.server.log.appender.install.snapshot.enabled = false (custom)
2019-09-12 11:36:31,472 [pool-303-thread-1] INFO  impl.RaftServerImpl (ServerState.java:<init>(105)) - b4d92fb5-afc1-4d53-a43f-a429e4096c64:group-A5AF26F4D5D1 ConfigurationManager, init=-1: [b4d92fb5-afc1-4d53-a43f-a429e4096c64:192.168.36.114:40451], old=null, confs=<EMPTY_MAP>
2019-09-12 11:36:31,472 [pool-303-thread-1] INFO  server.RaftServerConfigKeys (ConfUtils.java:logGet(43)) - raft.server.storage.dir = [/workdir/hadoop-ozone/ozonefs/target/test-dir/MiniOzoneClusterImpl-68ada62c-70c2-422c-a450-57ae95aadfb6/datanode-1/data/ratis] (custom)
2019-09-12 11:36:31,473 [pool-303-thread-1] INFO  storage.RaftStorageDirectory (RaftStorageDirectory.java:analyzeStorage(246)) - The storage directory /workdir/hadoop-ozone/ozonefs/target/test-dir/MiniOzoneClusterImpl-68ada62c-70c2-422c-a450-57ae95aadfb6/datanode-1/data/ratis/8807c94c-d3b5-465a-b6eb-a5af26f4d5d1 does not exist. Creating ...
2019-09-12 11:36:31,485 [pool-303-thread-1] INFO  storage.RaftStorageDirectory (RaftStorageDirectory.java:tryLock(328)) - Lock on /workdir/hadoop-ozone/ozonefs/target/test-dir/MiniOzoneClusterImpl-68ada62c-70c2-422c-a450-57ae95aadfb6/datanode-1/data/ratis/8807c94c-d3b5-465a-b6eb-a5af26f4d5d1/in_use.lock acquired by nodename 26908@pr-hdds-1569-58hkm-1881083799
2019-09-12 11:36:31,498 [pool-303-thread-1] INFO  storage.RaftStorage (RaftStorage.java:format(72)) - Storage directory /workdir/hadoop-ozone/ozonefs/target/test-dir/MiniOzoneClusterImpl-68ada62c-70c2-422c-a450-57ae95aadfb6/datanode-1/data/ratis/8807c94c-d3b5-465a-b6eb-a5af26f4d5d1 has been successfully formatted.
2019-09-12 11:36:31,499 [pool-303-thread-1] INFO  ratis.ContainerStateMachine (ContainerStateMachine.java:loadSnapshot(226)) - group-A5AF26F4D5D1: The snapshot info is null. Setting the last applied indexto:(t:0, i:~)
2019-09-12 11:36:31,499 [pool-303-thread-1] INFO  server.RaftServerConfigKeys (ConfUtils.java:logGet(43)) - raft.server.leader.election.timeout = 120s (custom)
2019-09-12 11:36:31,499 [pool-303-thread-1] INFO  server.RaftServerConfigKeys (ConfUtils.java:logGet(43)) - raft.server.log.use.memory = false (default)
2019-09-12 11:36:31,499 [pool-303-thread-1] INFO  server.RaftServerConfigKeys (ConfUtils.java:logGet(43)) - raft.server.log.purge.gap = 1000000 (custom)
2019-09-12 11:36:31,499 [pool-303-thread-1] INFO  server.RaftServerConfigKeys (ConfUtils.java:logGet(43)) - raft.server.log.appender.buffer.byte-limit = 33554432 (custom)
2019-09-12 11:36:31,499 [pool-303-thread-1] INFO  server.RaftServerConfigKeys (ConfUtils.java:logGet(43)) - raft.server.log.segment.size.max = 1048576 (custom)
2019-09-12 11:36:31,499 [pool-303-thread-1] INFO  server.RaftServerConfigKeys (ConfUtils.java:logGet(43)) - raft.server.log.segment.cache.num.max = 2 (custom)
2019-09-12 11:36:31,500 [pool-303-thread-1] INFO  segmented.SegmentedRaftLogWorker (SegmentedRaftLogWorker.java:<init>(172)) - new b4d92fb5-afc1-4d53-a43f-a429e4096c64-SegmentedRaftLogWorker:Storage Directory /workdir/hadoop-ozone/ozonefs/target/test-dir/MiniOzoneClusterImpl-68ada62c-70c2-422c-a450-57ae95aadfb6/datanode-1/data/ratis/8807c94c-d3b5-465a-b6eb-a5af26f4d5d1 for RaftStorage:Storage Directory /workdir/hadoop-ozone/ozonefs/target/test-dir/MiniOzoneClusterImpl-68ada62c-70c2-422c-a450-57ae95aadfb6/datanode-1/data/ratis/8807c94c-d3b5-465a-b6eb-a5af26f4d5d1
2019-09-12 11:36:31,500 [pool-303-thread-1] INFO  server.RaftServerConfigKeys (ConfUtils.java:logGet(43)) - raft.server.log.queue.byte-limit = 2147483647 (custom)
2019-09-12 11:36:31,500 [pool-303-thread-1] INFO  server.RaftServerConfigKeys (ConfUtils.java:logGet(43)) - raft.server.log.queue.element-limit = 1024 (custom)
2019-09-12 11:36:31,500 [pool-303-thread-1] INFO  server.RaftServerConfigKeys (ConfUtils.java:logGet(43)) - raft.server.log.segment.size.max = 1048576 (custom)
2019-09-12 11:36:31,500 [pool-303-thread-1] INFO  server.RaftServerConfigKeys (ConfUtils.java:logGet(43)) - raft.server.log.preallocated.size = 16384 (custom)
2019-09-12 11:36:31,500 [pool-303-thread-1] INFO  server.RaftServerConfigKeys (ConfUtils.java:logGet(43)) - raft.server.log.write.buffer.size = 33554432 (custom)
2019-09-12 11:36:31,501 [pool-303-thread-1] INFO  server.RaftServerConfigKeys (ConfUtils.java:logGet(43)) - raft.server.log.force.sync.num = 128 (default)
2019-09-12 11:36:31,501 [pool-303-thread-1] INFO  server.RaftServerConfigKeys (ConfUtils.java:logGet(43)) - raft.server.log.statemachine.data.sync = true (default)
2019-09-12 11:36:31,501 [pool-303-thread-1] INFO  server.RaftServerConfigKeys (ConfUtils.java:logGet(43)) - raft.server.log.statemachine.data.sync.timeout = 10s (default)
2019-09-12 11:36:31,501 [pool-303-thread-1] INFO  server.RaftServerConfigKeys (ConfUtils.java:logGet(43)) - raft.server.log.statemachine.data.sync.timeout.retry = -1 (default)
2019-09-12 11:36:31,501 [pool-303-thread-1] INFO  server.RaftServerConfigKeys (ConfUtils.java:logGet(43)) - raft.server.log.statemachine.data.caching.enabled = true (custom)
2019-09-12 11:36:31,502 [pool-303-thread-1] INFO  segmented.SegmentedRaftLogWorker (SegmentedRaftLogWorker.java:lambda$new$0(132)) - b4d92fb5-afc1-4d53-a43f-a429e4096c64-SegmentedRaftLogWorker:Storage Directory /workdir/hadoop-ozone/ozonefs/target/test-dir/MiniOzoneClusterImpl-68ada62c-70c2-422c-a450-57ae95aadfb6/datanode-1/data/ratis/8807c94c-d3b5-465a-b6eb-a5af26f4d5d1: flushIndex: setUnconditionally 0 -> -1
2019-09-12 11:36:31,502 [pool-303-thread-1] INFO  server.RaftServerConfigKeys (ConfUtils.java:logGet(43)) - raft.server.snapshot.auto.trigger.enabled = true (custom)
2019-09-12 11:36:31,502 [pool-303-thread-1] INFO  server.RaftServerConfigKeys (ConfUtils.java:logGet(43)) - raft.server.snapshot.auto.trigger.threshold = 10000 (custom)
2019-09-12 11:36:31,502 [pool-303-thread-1] INFO  server.RaftServerConfigKeys (ConfUtils.java:logGet(43)) - raft.server.retrycache.expirytime = 600000ms (custom)
2019-09-12 11:36:31,502 [pool-303-thread-1] INFO  impl.RaftServerImpl (RaftServerImpl.java:start(180)) - b4d92fb5-afc1-4d53-a43f-a429e4096c64: start group-A5AF26F4D5D1
2019-09-12 11:36:31,503 [pool-303-thread-1] INFO  impl.RaftServerImpl (RaftServerImpl.java:setRole(171)) - b4d92fb5-afc1-4d53-a43f-a429e4096c64:group-A5AF26F4D5D1 changes role from null to FOLLOWER at term 0 for startAsFollower
2019-09-12 11:36:31,503 [pool-303-thread-1] INFO  impl.RoleInfo (RoleInfo.java:updateAndGet(143)) - b4d92fb5-afc1-4d53-a43f-a429e4096c64: start FollowerState
2019-09-12 11:36:31,503 [pool-303-thread-1] INFO  util.JmxRegister (JmxRegister.java:tryRegister(44)) - Successfully registered JMX Bean with object name Ratis:service=RaftServer,group=group-A5AF26F4D5D1,id=b4d92fb5-afc1-4d53-a43f-a429e4096c64
2019-09-12 11:36:31,506 [RatisPipelineUtilsThread] INFO  pipeline.PipelineStateManager (PipelineStateManager.java:addPipeline(56)) - Created pipeline Pipeline[ Id: 8807c94c-d3b5-465a-b6eb-a5af26f4d5d1, Nodes: b4d92fb5-afc1-4d53-a43f-a429e4096c64{ip: 192.168.36.114, host: pr-hdds-1569-58hkm-1881083799, networkLocation: /default-rack, certSerialId: null}, Type:RATIS, Factor:ONE, State:OPEN]
2019-09-12 11:36:31,506 [RatisPipelineUtilsThread] ERROR pipeline.PipelinePlacementPolicy (PipelinePlacementPolicy.java:meetCriteria(92)) - Pipeline Placement: Doesn't meet the criteria to be viable node. Heaviness: 6
2019-09-12 11:36:31,511 [grpc-default-executor-0] INFO  impl.RaftServerProxy (RaftServerProxy.java:addNew(89)) - b4d92fb5-afc1-4d53-a43f-a429e4096c64: addNew group-3917EB4124A2:[b4d92fb5-afc1-4d53-a43f-a429e4096c64:192.168.36.114:40451] returns group-3917EB4124A2:java.util.concurrent.CompletableFuture@35073766[Not completed]
2019-09-12 11:36:31,512 [pool-303-thread-1] INFO  impl.RaftServerImpl (RaftServerImpl.java:<init>(93)) - b4d92fb5-afc1-4d53-a43f-a429e4096c64: new RaftServerImpl for group-3917EB4124A2:[b4d92fb5-afc1-4d53-a43f-a429e4096c64:192.168.36.114:40451] with ContainerStateMachine:uninitialized
2019-09-12 11:36:31,513 [pool-303-thread-1] INFO  server.RaftServerConfigKeys (ConfUtils.java:logGet(43)) - raft.server.rpc.timeout.min = 5s (custom)
2019-09-12 11:36:31,513 [pool-303-thread-1] INFO  server.RaftServerConfigKeys (ConfUtils.java:logGet(43)) - raft.server.rpc.timeout.max = 5200ms (custom)
2019-09-12 11:36:31,513 [pool-303-thread-1] INFO  server.RaftServerConfigKeys (ConfUtils.java:logGet(43)) - raft.server.rpcslowness.timeout = 120s (custom)
2019-09-12 11:36:31,513 [pool-303-thread-1] INFO  server.RaftServerConfigKeys (ConfUtils.java:logGet(43)) - raft.server.sleep.deviation.threshold = 300 (default)
2019-09-12 11:36:31,513 [pool-303-thread-1] INFO  server.RaftServerConfigKeys (ConfUtils.java:logGet(43)) - raft.server.log.appender.install.snapshot.enabled = false (custom)
2019-09-12 11:36:31,513 [pool-303-thread-1] INFO  impl.RaftServerImpl (ServerState.java:<init>(105)) - b4d92fb5-afc1-4d53-a43f-a429e4096c64:group-3917EB4124A2 ConfigurationManager, init=-1: [b4d92fb5-afc1-4d53-a43f-a429e4096c64:192.168.36.114:40451], old=null, confs=<EMPTY_MAP>
2019-09-12 11:36:31,513 [pool-303-thread-1] INFO  server.RaftServerConfigKeys (ConfUtils.java:logGet(43)) - raft.server.storage.dir = [/workdir/hadoop-ozone/ozonefs/target/test-dir/MiniOzoneClusterImpl-68ada62c-70c2-422c-a450-57ae95aadfb6/datanode-1/data/ratis] (custom)
2019-09-12 11:36:31,514 [pool-303-thread-1] INFO  storage.RaftStorageDirectory (RaftStorageDirectory.java:analyzeStorage(246)) - The storage directory /workdir/hadoop-ozone/ozonefs/target/test-dir/MiniOzoneClusterImpl-68ada62c-70c2-422c-a450-57ae95aadfb6/datanode-1/data/ratis/9a15300e-9ede-4913-b516-3917eb4124a2 does not exist. Creating ...
2019-09-12 11:36:31,526 [pool-303-thread-1] INFO  storage.RaftStorageDirectory (RaftStorageDirectory.java:tryLock(328)) - Lock on /workdir/hadoop-ozone/ozonefs/target/test-dir/MiniOzoneClusterImpl-68ada62c-70c2-422c-a450-57ae95aadfb6/datanode-1/data/ratis/9a15300e-9ede-4913-b516-3917eb4124a2/in_use.lock acquired by nodename 26908@pr-hdds-1569-58hkm-1881083799
2019-09-12 11:36:31,539 [pool-303-thread-1] INFO  storage.RaftStorage (RaftStorage.java:format(72)) - Storage directory /workdir/hadoop-ozone/ozonefs/target/test-dir/MiniOzoneClusterImpl-68ada62c-70c2-422c-a450-57ae95aadfb6/datanode-1/data/ratis/9a15300e-9ede-4913-b516-3917eb4124a2 has been successfully formatted.
2019-09-12 11:36:31,539 [pool-303-thread-1] INFO  ratis.ContainerStateMachine (ContainerStateMachine.java:loadSnapshot(226)) - group-3917EB4124A2: The snapshot info is null. Setting the last applied indexto:(t:0, i:~)
2019-09-12 11:36:31,540 [pool-303-thread-1] INFO  server.RaftServerConfigKeys (ConfUtils.java:logGet(43)) - raft.server.leader.election.timeout = 120s (custom)
2019-09-12 11:36:31,540 [pool-303-thread-1] INFO  server.RaftServerConfigKeys (ConfUtils.java:logGet(43)) - raft.server.log.use.memory = false (default)
2019-09-12 11:36:31,540 [pool-303-thread-1] INFO  server.RaftServerConfigKeys (ConfUtils.java:logGet(43)) - raft.server.log.purge.gap = 1000000 (custom)
2019-09-12 11:36:31,540 [pool-303-thread-1] INFO  server.RaftServerConfigKeys (ConfUtils.java:logGet(43)) - raft.server.log.appender.buffer.byte-limit = 33554432 (custom)
2019-09-12 11:36:31,541 [pool-303-thread-1] INFO  server.RaftServerConfigKeys (ConfUtils.java:logGet(43)) - raft.server.log.segment.size.max = 1048576 (custom)
2019-09-12 11:36:31,541 [pool-303-thread-1] INFO  server.RaftServerConfigKeys (ConfUtils.java:logGet(43)) - raft.server.log.segment.cache.num.max = 2 (custom)
2019-09-12 11:36:31,541 [pool-303-thread-1] INFO  segmented.SegmentedRaftLogWorker (SegmentedRaftLogWorker.java:<init>(172)) - new b4d92fb5-afc1-4d53-a43f-a429e4096c64-SegmentedRaftLogWorker:Storage Directory /workdir/hadoop-ozone/ozonefs/target/test-dir/MiniOzoneClusterImpl-68ada62c-70c2-422c-a450-57ae95aadfb6/datanode-1/data/ratis/9a15300e-9ede-4913-b516-3917eb4124a2 for RaftStorage:Storage Directory /workdir/hadoop-ozone/ozonefs/target/test-dir/MiniOzoneClusterImpl-68ada62c-70c2-422c-a450-57ae95aadfb6/datanode-1/data/ratis/9a15300e-9ede-4913-b516-3917eb4124a2
2019-09-12 11:36:31,541 [pool-303-thread-1] INFO  server.RaftServerConfigKeys (ConfUtils.java:logGet(43)) - raft.server.log.queue.byte-limit = 2147483647 (custom)
2019-09-12 11:36:31,541 [pool-303-thread-1] INFO  server.RaftServerConfigKeys (ConfUtils.java:logGet(43)) - raft.server.log.queue.element-limit = 1024 (custom)
2019-09-12 11:36:31,542 [pool-303-thread-1] INFO  server.RaftServerConfigKeys (ConfUtils.java:logGet(43)) - raft.server.log.segment.size.max = 1048576 (custom)
2019-09-12 11:36:31,542 [pool-303-thread-1] INFO  server.RaftServerConfigKeys (ConfUtils.java:logGet(43)) - raft.server.log.preallocated.size = 16384 (custom)
2019-09-12 11:36:31,542 [pool-303-thread-1] INFO  server.RaftServerConfigKeys (ConfUtils.java:logGet(43)) - raft.server.log.write.buffer.size = 33554432 (custom)
2019-09-12 11:36:31,542 [pool-303-thread-1] INFO  server.RaftServerConfigKeys (ConfUtils.java:logGet(43)) - raft.server.log.force.sync.num = 128 (default)
2019-09-12 11:36:31,542 [pool-303-thread-1] INFO  server.RaftServerConfigKeys (ConfUtils.java:logGet(43)) - raft.server.log.statemachine.data.sync = true (default)
2019-09-12 11:36:31,542 [pool-303-thread-1] INFO  server.RaftServerConfigKeys (ConfUtils.java:logGet(43)) - raft.server.log.statemachine.data.sync.timeout = 10s (default)
2019-09-12 11:36:31,542 [pool-303-thread-1] INFO  server.RaftServerConfigKeys (ConfUtils.java:logGet(43)) - raft.server.log.statemachine.data.sync.timeout.retry = -1 (default)
2019-09-12 11:36:31,543 [pool-303-thread-1] INFO  server.RaftServerConfigKeys (ConfUtils.java:logGet(43)) - raft.server.log.statemachine.data.caching.enabled = true (custom)
2019-09-12 11:36:31,543 [pool-303-thread-1] INFO  segmented.SegmentedRaftLogWorker (SegmentedRaftLogWorker.java:lambda$new$0(132)) - b4d92fb5-afc1-4d53-a43f-a429e4096c64-SegmentedRaftLogWorker:Storage Directory /workdir/hadoop-ozone/ozonefs/target/test-dir/MiniOzoneClusterImpl-68ada62c-70c2-422c-a450-57ae95aadfb6/datanode-1/data/ratis/9a15300e-9ede-4913-b516-3917eb4124a2: flushIndex: setUnconditionally 0 -> -1
2019-09-12 11:36:31,543 [pool-303-thread-1] INFO  server.RaftServerConfigKeys (ConfUtils.java:logGet(43)) - raft.server.snapshot.auto.trigger.enabled = true (custom)
2019-09-12 11:36:31,543 [pool-303-thread-1] INFO  server.RaftServerConfigKeys (ConfUtils.java:logGet(43)) - raft.server.snapshot.auto.trigger.threshold = 10000 (custom)
2019-09-12 11:36:31,544 [pool-303-thread-1] INFO  server.RaftServerConfigKeys (ConfUtils.java:logGet(43)) - raft.server.retrycache.expirytime = 600000ms (custom)
2019-09-12 11:36:31,544 [pool-303-thread-1] INFO  impl.RaftServerImpl (RaftServerImpl.java:start(180)) - b4d92fb5-afc1-4d53-a43f-a429e4096c64: start group-3917EB4124A2
2019-09-12 11:36:31,544 [pool-303-thread-1] INFO  impl.RaftServerImpl (RaftServerImpl.java:setRole(171)) - b4d92fb5-afc1-4d53-a43f-a429e4096c64:group-3917EB4124A2 changes role from null to FOLLOWER at term 0 for startAsFollower
2019-09-12 11:36:31,544 [pool-303-thread-1] INFO  impl.RoleInfo (RoleInfo.java:updateAndGet(143)) - b4d92fb5-afc1-4d53-a43f-a429e4096c64: start FollowerState
2019-09-12 11:36:31,545 [pool-303-thread-1] INFO  util.JmxRegister (JmxRegister.java:tryRegister(44)) - Successfully registered JMX Bean with object name Ratis:service=RaftServer,group=group-3917EB4124A2,id=b4d92fb5-afc1-4d53-a43f-a429e4096c64
2019-09-12 11:36:31,548 [RatisPipelineUtilsThread] INFO  pipeline.PipelineStateManager (PipelineStateManager.java:addPipeline(56)) - Created pipeline Pipeline[ Id: 9a15300e-9ede-4913-b516-3917eb4124a2, Nodes: b4d92fb5-afc1-4d53-a43f-a429e4096c64{ip: 192.168.36.114, host: pr-hdds-1569-58hkm-1881083799, networkLocation: /default-rack, certSerialId: null}, Type:RATIS, Factor:ONE, State:OPEN]
2019-09-12 11:36:31,548 [RatisPipelineUtilsThread] ERROR pipeline.PipelinePlacementPolicy (PipelinePlacementPolicy.java:meetCriteria(92)) - Pipeline Placement: Doesn't meet the criteria to be viable node. Heaviness: 6
2019-09-12 11:36:31,554 [grpc-default-executor-0] INFO  impl.RaftServerProxy (RaftServerProxy.java:addNew(89)) - b4d92fb5-afc1-4d53-a43f-a429e4096c64: addNew group-2FDE7518DAAD:[b4d92fb5-afc1-4d53-a43f-a429e4096c64:192.168.36.114:40451] returns group-2FDE7518DAAD:java.util.concurrent.CompletableFuture@14f6212b[Not completed]
2019-09-12 11:36:31,556 [pool-303-thread-1] INFO  impl.RaftServerImpl (RaftServerImpl.java:<init>(93)) - b4d92fb5-afc1-4d53-a43f-a429e4096c64: new RaftServerImpl for group-2FDE7518DAAD:[b4d92fb5-afc1-4d53-a43f-a429e4096c64:192.168.36.114:40451] with ContainerStateMachine:uninitialized
2019-09-12 11:36:31,556 [pool-303-thread-1] INFO  server.RaftServerConfigKeys (ConfUtils.java:logGet(43)) - raft.server.rpc.timeout.min = 5s (custom)
2019-09-12 11:36:31,556 [pool-303-thread-1] INFO  server.RaftServerConfigKeys (ConfUtils.java:logGet(43)) - raft.server.rpc.timeout.max = 5200ms (custom)
2019-09-12 11:36:31,556 [pool-303-thread-1] INFO  server.RaftServerConfigKeys (ConfUtils.java:logGet(43)) - raft.server.rpcslowness.timeout = 120s (custom)
2019-09-12 11:36:31,556 [pool-303-thread-1] INFO  server.RaftServerConfigKeys (ConfUtils.java:logGet(43)) - raft.server.sleep.deviation.threshold = 300 (default)
2019-09-12 11:36:31,556 [pool-303-thread-1] INFO  server.RaftServerConfigKeys (ConfUtils.java:logGet(43)) - raft.server.log.appender.install.snapshot.enabled = false (custom)
2019-09-12 11:36:31,557 [pool-303-thread-1] INFO  impl.RaftServerImpl (ServerState.java:<init>(105)) - b4d92fb5-afc1-4d53-a43f-a429e4096c64:group-2FDE7518DAAD ConfigurationManager, init=-1: [b4d92fb5-afc1-4d53-a43f-a429e4096c64:192.168.36.114:40451], old=null, confs=<EMPTY_MAP>
2019-09-12 11:36:31,557 [pool-303-thread-1] INFO  server.RaftServerConfigKeys (ConfUtils.java:logGet(43)) - raft.server.storage.dir = [/workdir/hadoop-ozone/ozonefs/target/test-dir/MiniOzoneClusterImpl-68ada62c-70c2-422c-a450-57ae95aadfb6/datanode-1/data/ratis] (custom)
2019-09-12 11:36:31,557 [pool-303-thread-1] INFO  storage.RaftStorageDirectory (RaftStorageDirectory.java:analyzeStorage(246)) - The storage directory /workdir/hadoop-ozone/ozonefs/target/test-dir/MiniOzoneClusterImpl-68ada62c-70c2-422c-a450-57ae95aadfb6/datanode-1/data/ratis/e4ab0339-606d-47d5-8fe1-2fde7518daad does not exist. Creating ...
2019-09-12 11:36:31,570 [pool-303-thread-1] INFO  storage.RaftStorageDirectory (RaftStorageDirectory.java:tryLock(328)) - Lock on /workdir/hadoop-ozone/ozonefs/target/test-dir/MiniOzoneClusterImpl-68ada62c-70c2-422c-a450-57ae95aadfb6/datanode-1/data/ratis/e4ab0339-606d-47d5-8fe1-2fde7518daad/in_use.lock acquired by nodename 26908@pr-hdds-1569-58hkm-1881083799
2019-09-12 11:36:31,582 [pool-303-thread-1] INFO  storage.RaftStorage (RaftStorage.java:format(72)) - Storage directory /workdir/hadoop-ozone/ozonefs/target/test-dir/MiniOzoneClusterImpl-68ada62c-70c2-422c-a450-57ae95aadfb6/datanode-1/data/ratis/e4ab0339-606d-47d5-8fe1-2fde7518daad has been successfully formatted.
2019-09-12 11:36:31,583 [pool-303-thread-1] INFO  ratis.ContainerStateMachine (ContainerStateMachine.java:loadSnapshot(226)) - group-2FDE7518DAAD: The snapshot info is null. Setting the last applied indexto:(t:0, i:~)
2019-09-12 11:36:31,583 [pool-303-thread-1] INFO  server.RaftServerConfigKeys (ConfUtils.java:logGet(43)) - raft.server.leader.election.timeout = 120s (custom)
2019-09-12 11:36:31,583 [pool-303-thread-1] INFO  server.RaftServerConfigKeys (ConfUtils.java:logGet(43)) - raft.server.log.use.memory = false (default)
2019-09-12 11:36:31,583 [pool-303-thread-1] INFO  server.RaftServerConfigKeys (ConfUtils.java:logGet(43)) - raft.server.log.purge.gap = 1000000 (custom)
2019-09-12 11:36:31,583 [pool-303-thread-1] INFO  server.RaftServerConfigKeys (ConfUtils.java:logGet(43)) - raft.server.log.appender.buffer.byte-limit = 33554432 (custom)
2019-09-12 11:36:31,583 [pool-303-thread-1] INFO  server.RaftServerConfigKeys (ConfUtils.java:logGet(43)) - raft.server.log.segment.size.max = 1048576 (custom)
2019-09-12 11:36:31,584 [pool-303-thread-1] INFO  server.RaftServerConfigKeys (ConfUtils.java:logGet(43)) - raft.server.log.segment.cache.num.max = 2 (custom)
2019-09-12 11:36:31,584 [pool-303-thread-1] INFO  segmented.SegmentedRaftLogWorker (SegmentedRaftLogWorker.java:<init>(172)) - new b4d92fb5-afc1-4d53-a43f-a429e4096c64-SegmentedRaftLogWorker:Storage Directory /workdir/hadoop-ozone/ozonefs/target/test-dir/MiniOzoneClusterImpl-68ada62c-70c2-422c-a450-57ae95aadfb6/datanode-1/data/ratis/e4ab0339-606d-47d5-8fe1-2fde7518daad for RaftStorage:Storage Directory /workdir/hadoop-ozone/ozonefs/target/test-dir/MiniOzoneClusterImpl-68ada62c-70c2-422c-a450-57ae95aadfb6/datanode-1/data/ratis/e4ab0339-606d-47d5-8fe1-2fde7518daad
2019-09-12 11:36:31,584 [pool-303-thread-1] INFO  server.RaftServerConfigKeys (ConfUtils.java:logGet(43)) - raft.server.log.queue.byte-limit = 2147483647 (custom)
2019-09-12 11:36:31,584 [pool-303-thread-1] INFO  server.RaftServerConfigKeys (ConfUtils.java:logGet(43)) - raft.server.log.queue.element-limit = 1024 (custom)
2019-09-12 11:36:31,584 [pool-303-thread-1] INFO  server.RaftServerConfigKeys (ConfUtils.java:logGet(43)) - raft.server.log.segment.size.max = 1048576 (custom)
2019-09-12 11:36:31,584 [pool-303-thread-1] INFO  server.RaftServerConfigKeys (ConfUtils.java:logGet(43)) - raft.server.log.preallocated.size = 16384 (custom)
2019-09-12 11:36:31,585 [pool-303-thread-1] INFO  server.RaftServerConfigKeys (ConfUtils.java:logGet(43)) - raft.server.log.write.buffer.size = 33554432 (custom)
2019-09-12 11:36:31,585 [pool-303-thread-1] INFO  server.RaftServerConfigKeys (ConfUtils.java:logGet(43)) - raft.server.log.force.sync.num = 128 (default)
2019-09-12 11:36:31,585 [pool-303-thread-1] INFO  server.RaftServerConfigKeys (ConfUtils.java:logGet(43)) - raft.server.log.statemachine.data.sync = true (default)
2019-09-12 11:36:31,585 [pool-303-thread-1] INFO  server.RaftServerConfigKeys (ConfUtils.java:logGet(43)) - raft.server.log.statemachine.data.sync.timeout = 10s (default)
2019-09-12 11:36:31,585 [pool-303-thread-1] INFO  server.RaftServerConfigKeys (ConfUtils.java:logGet(43)) - raft.server.log.statemachine.data.sync.timeout.retry = -1 (default)
2019-09-12 11:36:31,585 [pool-303-thread-1] INFO  server.RaftServerConfigKeys (ConfUtils.java:logGet(43)) - raft.server.log.statemachine.data.caching.enabled = true (custom)
2019-09-12 11:36:31,586 [pool-303-thread-1] INFO  segmented.SegmentedRaftLogWorker (SegmentedRaftLogWorker.java:lambda$new$0(132)) - b4d92fb5-afc1-4d53-a43f-a429e4096c64-SegmentedRaftLogWorker:Storage Directory /workdir/hadoop-ozone/ozonefs/target/test-dir/MiniOzoneClusterImpl-68ada62c-70c2-422c-a450-57ae95aadfb6/datanode-1/data/ratis/e4ab0339-606d-47d5-8fe1-2fde7518daad: flushIndex: setUnconditionally 0 -> -1
2019-09-12 11:36:31,586 [pool-303-thread-1] INFO  server.RaftServerConfigKeys (ConfUtils.java:logGet(43)) - raft.server.snapshot.auto.trigger.enabled = true (custom)
2019-09-12 11:36:31,586 [pool-303-thread-1] INFO  server.RaftServerConfigKeys (ConfUtils.java:logGet(43)) - raft.server.snapshot.auto.trigger.threshold = 10000 (custom)
2019-09-12 11:36:31,586 [pool-303-thread-1] INFO  server.RaftServerConfigKeys (ConfUtils.java:logGet(43)) - raft.server.retrycache.expirytime = 600000ms (custom)
2019-09-12 11:36:31,586 [pool-303-thread-1] INFO  impl.RaftServerImpl (RaftServerImpl.java:start(180)) - b4d92fb5-afc1-4d53-a43f-a429e4096c64: start group-2FDE7518DAAD
2019-09-12 11:36:31,586 [pool-303-thread-1] INFO  impl.RaftServerImpl (RaftServerImpl.java:setRole(171)) - b4d92fb5-afc1-4d53-a43f-a429e4096c64:group-2FDE7518DAAD changes role from null to FOLLOWER at term 0 for startAsFollower
2019-09-12 11:36:31,587 [pool-303-thread-1] INFO  impl.RoleInfo (RoleInfo.java:updateAndGet(143)) - b4d92fb5-afc1-4d53-a43f-a429e4096c64: start FollowerState
2019-09-12 11:36:31,587 [pool-303-thread-1] INFO  util.JmxRegister (JmxRegister.java:tryRegister(44)) - Successfully registered JMX Bean with object name Ratis:service=RaftServer,group=group-2FDE7518DAAD,id=b4d92fb5-afc1-4d53-a43f-a429e4096c64
2019-09-12 11:36:31,590 [RatisPipelineUtilsThread] INFO  pipeline.PipelineStateManager (PipelineStateManager.java:addPipeline(56)) - Created pipeline Pipeline[ Id: e4ab0339-606d-47d5-8fe1-2fde7518daad, Nodes: b4d92fb5-afc1-4d53-a43f-a429e4096c64{ip: 192.168.36.114, host: pr-hdds-1569-58hkm-1881083799, networkLocation: /default-rack, certSerialId: null}, Type:RATIS, Factor:ONE, State:OPEN]
2019-09-12 11:36:31,590 [RatisPipelineUtilsThread] ERROR pipeline.PipelinePlacementPolicy (PipelinePlacementPolicy.java:meetCriteria(92)) - Pipeline Placement: Doesn't meet the criteria to be viable node. Heaviness: 6
2019-09-12 11:36:31,595 [grpc-default-executor-0] INFO  impl.RaftServerProxy (RaftServerProxy.java:addNew(89)) - b4d92fb5-afc1-4d53-a43f-a429e4096c64: addNew group-0CB877097BB9:[b4d92fb5-afc1-4d53-a43f-a429e4096c64:192.168.36.114:40451] returns group-0CB877097BB9:java.util.concurrent.CompletableFuture@18c687c8[Not completed]
2019-09-12 11:36:31,597 [pool-303-thread-1] INFO  impl.RaftServerImpl (RaftServerImpl.java:<init>(93)) - b4d92fb5-afc1-4d53-a43f-a429e4096c64: new RaftServerImpl for group-0CB877097BB9:[b4d92fb5-afc1-4d53-a43f-a429e4096c64:192.168.36.114:40451] with ContainerStateMachine:uninitialized
2019-09-12 11:36:31,597 [pool-303-thread-1] INFO  server.RaftServerConfigKeys (ConfUtils.java:logGet(43)) - raft.server.rpc.timeout.min = 5s (custom)
2019-09-12 11:36:31,597 [pool-303-thread-1] INFO  server.RaftServerConfigKeys (ConfUtils.java:logGet(43)) - raft.server.rpc.timeout.max = 5200ms (custom)
2019-09-12 11:36:31,597 [pool-303-thread-1] INFO  server.RaftServerConfigKeys (ConfUtils.java:logGet(43)) - raft.server.rpcslowness.timeout = 120s (custom)
2019-09-12 11:36:31,597 [pool-303-thread-1] INFO  server.RaftServerConfigKeys (ConfUtils.java:logGet(43)) - raft.server.sleep.deviation.threshold = 300 (default)
2019-09-12 11:36:31,597 [pool-303-thread-1] INFO  server.RaftServerConfigKeys (ConfUtils.java:logGet(43)) - raft.server.log.appender.install.snapshot.enabled = false (custom)
2019-09-12 11:36:31,597 [pool-303-thread-1] INFO  impl.RaftServerImpl (ServerState.java:<init>(105)) - b4d92fb5-afc1-4d53-a43f-a429e4096c64:group-0CB877097BB9 ConfigurationManager, init=-1: [b4d92fb5-afc1-4d53-a43f-a429e4096c64:192.168.36.114:40451], old=null, confs=<EMPTY_MAP>
2019-09-12 11:36:31,597 [pool-303-thread-1] INFO  server.RaftServerConfigKeys (ConfUtils.java:logGet(43)) - raft.server.storage.dir = [/workdir/hadoop-ozone/ozonefs/target/test-dir/MiniOzoneClusterImpl-68ada62c-70c2-422c-a450-57ae95aadfb6/datanode-1/data/ratis] (custom)
2019-09-12 11:36:31,598 [pool-303-thread-1] INFO  storage.RaftStorageDirectory (RaftStorageDirectory.java:analyzeStorage(246)) - The storage directory /workdir/hadoop-ozone/ozonefs/target/test-dir/MiniOzoneClusterImpl-68ada62c-70c2-422c-a450-57ae95aadfb6/datanode-1/data/ratis/61541c92-3651-4318-9336-0cb877097bb9 does not exist. Creating ...
2019-09-12 11:36:31,598 [Thread-1338] INFO  ozone.MiniOzoneClusterImpl (MiniOzoneClusterImpl.java:lambda$waitForClusterToBeReady$0(142)) - Waiting for cluster to be ready. Got 2 of 3 DN Heartbeats.
2019-09-12 11:36:31,599 [IPC Server handler 0 on 32785] INFO  net.NetworkTopology (NetworkTopologyImpl.java:add(110)) - Added a new node: /default-rack/a68b549c-a65a-44fd-9729-a5200a86921e
2019-09-12 11:36:31,600 [IPC Server handler 0 on 32785] INFO  node.SCMNodeManager (SCMNodeManager.java:register(273)) - Registered Data node : a68b549c-a65a-44fd-9729-a5200a86921e{ip: 192.168.36.114, host: pr-hdds-1569-58hkm-1881083799, networkLocation: /default-rack, certSerialId: null}
2019-09-12 11:36:31,600 | INFO  | SCMAudit | user=jenkins1000 | ip=192.168.36.114 | op=REGISTER {datanodeDetails=a68b549c-a65a-44fd-9729-a5200a86921e{ip: 192.168.36.114, host: pr-hdds-1569-58hkm-1881083799, networkLocation: /default-rack, certSerialId: null}} | ret=SUCCESS |  
2019-09-12 11:36:31,610 [pool-303-thread-1] INFO  storage.RaftStorageDirectory (RaftStorageDirectory.java:tryLock(328)) - Lock on /workdir/hadoop-ozone/ozonefs/target/test-dir/MiniOzoneClusterImpl-68ada62c-70c2-422c-a450-57ae95aadfb6/datanode-1/data/ratis/61541c92-3651-4318-9336-0cb877097bb9/in_use.lock acquired by nodename 26908@pr-hdds-1569-58hkm-1881083799
2019-09-12 11:36:31,622 [pool-303-thread-1] INFO  storage.RaftStorage (RaftStorage.java:format(72)) - Storage directory /workdir/hadoop-ozone/ozonefs/target/test-dir/MiniOzoneClusterImpl-68ada62c-70c2-422c-a450-57ae95aadfb6/datanode-1/data/ratis/61541c92-3651-4318-9336-0cb877097bb9 has been successfully formatted.
2019-09-12 11:36:31,622 [pool-303-thread-1] INFO  ratis.ContainerStateMachine (ContainerStateMachine.java:loadSnapshot(226)) - group-0CB877097BB9: The snapshot info is null. Setting the last applied indexto:(t:0, i:~)
2019-09-12 11:36:31,623 [pool-303-thread-1] INFO  server.RaftServerConfigKeys (ConfUtils.java:logGet(43)) - raft.server.leader.election.timeout = 120s (custom)
2019-09-12 11:36:31,623 [pool-303-thread-1] INFO  server.RaftServerConfigKeys (ConfUtils.java:logGet(43)) - raft.server.log.use.memory = false (default)
2019-09-12 11:36:31,623 [pool-303-thread-1] INFO  server.RaftServerConfigKeys (ConfUtils.java:logGet(43)) - raft.server.log.purge.gap = 1000000 (custom)
2019-09-12 11:36:31,623 [pool-303-thread-1] INFO  server.RaftServerConfigKeys (ConfUtils.java:logGet(43)) - raft.server.log.appender.buffer.byte-limit = 33554432 (custom)
2019-09-12 11:36:31,623 [pool-303-thread-1] INFO  server.RaftServerConfigKeys (ConfUtils.java:logGet(43)) - raft.server.log.segment.size.max = 1048576 (custom)
2019-09-12 11:36:31,623 [pool-303-thread-1] INFO  server.RaftServerConfigKeys (ConfUtils.java:logGet(43)) - raft.server.log.segment.cache.num.max = 2 (custom)
2019-09-12 11:36:31,623 [pool-303-thread-1] INFO  segmented.SegmentedRaftLogWorker (SegmentedRaftLogWorker.java:<init>(172)) - new b4d92fb5-afc1-4d53-a43f-a429e4096c64-SegmentedRaftLogWorker:Storage Directory /workdir/hadoop-ozone/ozonefs/target/test-dir/MiniOzoneClusterImpl-68ada62c-70c2-422c-a450-57ae95aadfb6/datanode-1/data/ratis/61541c92-3651-4318-9336-0cb877097bb9 for RaftStorage:Storage Directory /workdir/hadoop-ozone/ozonefs/target/test-dir/MiniOzoneClusterImpl-68ada62c-70c2-422c-a450-57ae95aadfb6/datanode-1/data/ratis/61541c92-3651-4318-9336-0cb877097bb9
2019-09-12 11:36:31,623 [pool-303-thread-1] INFO  server.RaftServerConfigKeys (ConfUtils.java:logGet(43)) - raft.server.log.queue.byte-limit = 2147483647 (custom)
2019-09-12 11:36:31,623 [pool-303-thread-1] INFO  server.RaftServerConfigKeys (ConfUtils.java:logGet(43)) - raft.server.log.queue.element-limit = 1024 (custom)
2019-09-12 11:36:31,624 [pool-303-thread-1] INFO  server.RaftServerConfigKeys (ConfUtils.java:logGet(43)) - raft.server.log.segment.size.max = 1048576 (custom)
2019-09-12 11:36:31,624 [pool-303-thread-1] INFO  server.RaftServerConfigKeys (ConfUtils.java:logGet(43)) - raft.server.log.preallocated.size = 16384 (custom)
2019-09-12 11:36:31,624 [pool-303-thread-1] INFO  server.RaftServerConfigKeys (ConfUtils.java:logGet(43)) - raft.server.log.write.buffer.size = 33554432 (custom)
2019-09-12 11:36:31,624 [pool-303-thread-1] INFO  server.RaftServerConfigKeys (ConfUtils.java:logGet(43)) - raft.server.log.force.sync.num = 128 (default)
2019-09-12 11:36:31,624 [pool-303-thread-1] INFO  server.RaftServerConfigKeys (ConfUtils.java:logGet(43)) - raft.server.log.statemachine.data.sync = true (default)
2019-09-12 11:36:31,624 [pool-303-thread-1] INFO  server.RaftServerConfigKeys (ConfUtils.java:logGet(43)) - raft.server.log.statemachine.data.sync.timeout = 10s (default)
2019-09-12 11:36:31,624 [pool-303-thread-1] INFO  server.RaftServerConfigKeys (ConfUtils.java:logGet(43)) - raft.server.log.statemachine.data.sync.timeout.retry = -1 (default)
2019-09-12 11:36:31,624 [pool-303-thread-1] INFO  server.RaftServerConfigKeys (ConfUtils.java:logGet(43)) - raft.server.log.statemachine.data.caching.enabled = true (custom)
2019-09-12 11:36:31,625 [pool-303-thread-1] INFO  segmented.SegmentedRaftLogWorker (SegmentedRaftLogWorker.java:lambda$new$0(132)) - b4d92fb5-afc1-4d53-a43f-a429e4096c64-SegmentedRaftLogWorker:Storage Directory /workdir/hadoop-ozone/ozonefs/target/test-dir/MiniOzoneClusterImpl-68ada62c-70c2-422c-a450-57ae95aadfb6/datanode-1/data/ratis/61541c92-3651-4318-9336-0cb877097bb9: flushIndex: setUnconditionally 0 -> -1
2019-09-12 11:36:31,625 [pool-303-thread-1] INFO  server.RaftServerConfigKeys (ConfUtils.java:logGet(43)) - raft.server.snapshot.auto.trigger.enabled = true (custom)
2019-09-12 11:36:31,625 [pool-303-thread-1] INFO  server.RaftServerConfigKeys (ConfUtils.java:logGet(43)) - raft.server.snapshot.auto.trigger.threshold = 10000 (custom)
2019-09-12 11:36:31,625 [pool-303-thread-1] INFO  server.RaftServerConfigKeys (ConfUtils.java:logGet(43)) - raft.server.retrycache.expirytime = 600000ms (custom)
2019-09-12 11:36:31,625 [pool-303-thread-1] INFO  impl.RaftServerImpl (RaftServerImpl.java:start(180)) - b4d92fb5-afc1-4d53-a43f-a429e4096c64: start group-0CB877097BB9
2019-09-12 11:36:31,625 [pool-303-thread-1] INFO  impl.RaftServerImpl (RaftServerImpl.java:setRole(171)) - b4d92fb5-afc1-4d53-a43f-a429e4096c64:group-0CB877097BB9 changes role from null to FOLLOWER at term 0 for startAsFollower
2019-09-12 11:36:31,625 [pool-303-thread-1] INFO  impl.RoleInfo (RoleInfo.java:updateAndGet(143)) - b4d92fb5-afc1-4d53-a43f-a429e4096c64: start FollowerState
2019-09-12 11:36:31,626 [pool-303-thread-1] INFO  util.JmxRegister (JmxRegister.java:tryRegister(44)) - Successfully registered JMX Bean with object name Ratis:service=RaftServer,group=group-0CB877097BB9,id=b4d92fb5-afc1-4d53-a43f-a429e4096c64
2019-09-12 11:36:31,629 [RatisPipelineUtilsThread] INFO  pipeline.PipelineStateManager (PipelineStateManager.java:addPipeline(56)) - Created pipeline Pipeline[ Id: 61541c92-3651-4318-9336-0cb877097bb9, Nodes: b4d92fb5-afc1-4d53-a43f-a429e4096c64{ip: 192.168.36.114, host: pr-hdds-1569-58hkm-1881083799, networkLocation: /default-rack, certSerialId: null}, Type:RATIS, Factor:ONE, State:OPEN]
2019-09-12 11:36:31,629 [RatisPipelineUtilsThread] ERROR pipeline.PipelinePlacementPolicy (PipelinePlacementPolicy.java:meetCriteria(92)) - Pipeline Placement: Doesn't meet the criteria to be viable node. Heaviness: 6
2019-09-12 11:36:31,629 [RatisPipelineUtilsThread] ERROR pipeline.PipelinePlacementPolicy (PipelinePlacementPolicy.java:meetCriteria(92)) - Pipeline Placement: Doesn't meet the criteria to be viable node. Heaviness: 6
2019-09-12 11:36:31,636 [grpc-default-executor-0] INFO  impl.RaftServerProxy (RaftServerProxy.java:addNew(89)) - a68b549c-a65a-44fd-9729-a5200a86921e: addNew group-3E81752E1D63:[a68b549c-a65a-44fd-9729-a5200a86921e:192.168.36.114:41724] returns group-3E81752E1D63:java.util.concurrent.CompletableFuture@4b27c151[Not completed]
2019-09-12 11:36:31,637 [pool-314-thread-1] INFO  impl.RaftServerImpl (RaftServerImpl.java:<init>(93)) - a68b549c-a65a-44fd-9729-a5200a86921e: new RaftServerImpl for group-3E81752E1D63:[a68b549c-a65a-44fd-9729-a5200a86921e:192.168.36.114:41724] with ContainerStateMachine:uninitialized
2019-09-12 11:36:31,638 [pool-314-thread-1] INFO  server.RaftServerConfigKeys (ConfUtils.java:logGet(43)) - raft.server.rpc.timeout.min = 5s (custom)
2019-09-12 11:36:31,638 [pool-314-thread-1] INFO  server.RaftServerConfigKeys (ConfUtils.java:logGet(43)) - raft.server.rpc.timeout.max = 5200ms (custom)
2019-09-12 11:36:31,638 [pool-314-thread-1] INFO  server.RaftServerConfigKeys (ConfUtils.java:logGet(43)) - raft.server.rpcslowness.timeout = 120s (custom)
2019-09-12 11:36:31,638 [pool-314-thread-1] INFO  server.RaftServerConfigKeys (ConfUtils.java:logGet(43)) - raft.server.sleep.deviation.threshold = 300 (default)
2019-09-12 11:36:31,638 [pool-314-thread-1] INFO  server.RaftServerConfigKeys (ConfUtils.java:logGet(43)) - raft.server.log.appender.install.snapshot.enabled = false (custom)
2019-09-12 11:36:31,638 [pool-314-thread-1] INFO  impl.RaftServerImpl (ServerState.java:<init>(105)) - a68b549c-a65a-44fd-9729-a5200a86921e:group-3E81752E1D63 ConfigurationManager, init=-1: [a68b549c-a65a-44fd-9729-a5200a86921e:192.168.36.114:41724], old=null, confs=<EMPTY_MAP>
2019-09-12 11:36:31,638 [pool-314-thread-1] INFO  server.RaftServerConfigKeys (ConfUtils.java:logGet(43)) - raft.server.storage.dir = [/workdir/hadoop-ozone/ozonefs/target/test-dir/MiniOzoneClusterImpl-68ada62c-70c2-422c-a450-57ae95aadfb6/datanode-2/data/ratis] (custom)
2019-09-12 11:36:31,638 [pool-314-thread-1] INFO  storage.RaftStorageDirectory (RaftStorageDirectory.java:analyzeStorage(246)) - The storage directory /workdir/hadoop-ozone/ozonefs/target/test-dir/MiniOzoneClusterImpl-68ada62c-70c2-422c-a450-57ae95aadfb6/datanode-2/data/ratis/44af1f24-a508-40ed-9a80-3e81752e1d63 does not exist. Creating ...
2019-09-12 11:36:31,651 [pool-314-thread-1] INFO  storage.RaftStorageDirectory (RaftStorageDirectory.java:tryLock(328)) - Lock on /workdir/hadoop-ozone/ozonefs/target/test-dir/MiniOzoneClusterImpl-68ada62c-70c2-422c-a450-57ae95aadfb6/datanode-2/data/ratis/44af1f24-a508-40ed-9a80-3e81752e1d63/in_use.lock acquired by nodename 26908@pr-hdds-1569-58hkm-1881083799
2019-09-12 11:36:31,663 [pool-314-thread-1] INFO  storage.RaftStorage (RaftStorage.java:format(72)) - Storage directory /workdir/hadoop-ozone/ozonefs/target/test-dir/MiniOzoneClusterImpl-68ada62c-70c2-422c-a450-57ae95aadfb6/datanode-2/data/ratis/44af1f24-a508-40ed-9a80-3e81752e1d63 has been successfully formatted.
2019-09-12 11:36:31,664 [pool-314-thread-1] INFO  ratis.ContainerStateMachine (ContainerStateMachine.java:loadSnapshot(226)) - group-3E81752E1D63: The snapshot info is null. Setting the last applied indexto:(t:0, i:~)
2019-09-12 11:36:31,664 [pool-314-thread-1] INFO  server.RaftServerConfigKeys (ConfUtils.java:logGet(43)) - raft.server.leader.election.timeout = 120s (custom)
2019-09-12 11:36:31,664 [pool-314-thread-1] INFO  server.RaftServerConfigKeys (ConfUtils.java:logGet(43)) - raft.server.log.use.memory = false (default)
2019-09-12 11:36:31,664 [pool-314-thread-1] INFO  server.RaftServerConfigKeys (ConfUtils.java:logGet(43)) - raft.server.log.purge.gap = 1000000 (custom)
2019-09-12 11:36:31,664 [pool-314-thread-1] INFO  server.RaftServerConfigKeys (ConfUtils.java:logGet(43)) - raft.server.log.appender.buffer.byte-limit = 33554432 (custom)
2019-09-12 11:36:31,664 [pool-314-thread-1] INFO  server.RaftServerConfigKeys (ConfUtils.java:logGet(43)) - raft.server.log.segment.size.max = 1048576 (custom)
2019-09-12 11:36:31,664 [pool-314-thread-1] INFO  server.RaftServerConfigKeys (ConfUtils.java:logGet(43)) - raft.server.log.segment.cache.num.max = 2 (custom)
2019-09-12 11:36:31,664 [pool-314-thread-1] INFO  segmented.SegmentedRaftLogWorker (SegmentedRaftLogWorker.java:<init>(172)) - new a68b549c-a65a-44fd-9729-a5200a86921e-SegmentedRaftLogWorker:Storage Directory /workdir/hadoop-ozone/ozonefs/target/test-dir/MiniOzoneClusterImpl-68ada62c-70c2-422c-a450-57ae95aadfb6/datanode-2/data/ratis/44af1f24-a508-40ed-9a80-3e81752e1d63 for RaftStorage:Storage Directory /workdir/hadoop-ozone/ozonefs/target/test-dir/MiniOzoneClusterImpl-68ada62c-70c2-422c-a450-57ae95aadfb6/datanode-2/data/ratis/44af1f24-a508-40ed-9a80-3e81752e1d63
2019-09-12 11:36:31,665 [pool-314-thread-1] INFO  server.RaftServerConfigKeys (ConfUtils.java:logGet(43)) - raft.server.log.queue.byte-limit = 2147483647 (custom)
2019-09-12 11:36:31,665 [pool-314-thread-1] INFO  server.RaftServerConfigKeys (ConfUtils.java:logGet(43)) - raft.server.log.queue.element-limit = 1024 (custom)
2019-09-12 11:36:31,665 [pool-314-thread-1] INFO  server.RaftServerConfigKeys (ConfUtils.java:logGet(43)) - raft.server.log.segment.size.max = 1048576 (custom)
2019-09-12 11:36:31,665 [pool-314-thread-1] INFO  server.RaftServerConfigKeys (ConfUtils.java:logGet(43)) - raft.server.log.preallocated.size = 16384 (custom)
2019-09-12 11:36:31,665 [pool-314-thread-1] INFO  server.RaftServerConfigKeys (ConfUtils.java:logGet(43)) - raft.server.log.write.buffer.size = 33554432 (custom)
2019-09-12 11:36:31,665 [pool-314-thread-1] INFO  server.RaftServerConfigKeys (ConfUtils.java:logGet(43)) - raft.server.log.force.sync.num = 128 (default)
2019-09-12 11:36:31,665 [pool-314-thread-1] INFO  server.RaftServerConfigKeys (ConfUtils.java:logGet(43)) - raft.server.log.statemachine.data.sync = true (default)
2019-09-12 11:36:31,666 [pool-314-thread-1] INFO  server.RaftServerConfigKeys (ConfUtils.java:logGet(43)) - raft.server.log.statemachine.data.sync.timeout = 10s (default)
2019-09-12 11:36:31,666 [pool-314-thread-1] INFO  server.RaftServerConfigKeys (ConfUtils.java:logGet(43)) - raft.server.log.statemachine.data.sync.timeout.retry = -1 (default)
2019-09-12 11:36:31,666 [pool-314-thread-1] INFO  server.RaftServerConfigKeys (ConfUtils.java:logGet(43)) - raft.server.log.statemachine.data.caching.enabled = true (custom)
2019-09-12 11:36:31,666 [pool-314-thread-1] INFO  segmented.SegmentedRaftLogWorker (SegmentedRaftLogWorker.java:lambda$new$0(132)) - a68b549c-a65a-44fd-9729-a5200a86921e-SegmentedRaftLogWorker:Storage Directory /workdir/hadoop-ozone/ozonefs/target/test-dir/MiniOzoneClusterImpl-68ada62c-70c2-422c-a450-57ae95aadfb6/datanode-2/data/ratis/44af1f24-a508-40ed-9a80-3e81752e1d63: flushIndex: setUnconditionally 0 -> -1
2019-09-12 11:36:31,666 [pool-314-thread-1] INFO  server.RaftServerConfigKeys (ConfUtils.java:logGet(43)) - raft.server.snapshot.auto.trigger.enabled = true (custom)
2019-09-12 11:36:31,667 [pool-314-thread-1] INFO  server.RaftServerConfigKeys (ConfUtils.java:logGet(43)) - raft.server.snapshot.auto.trigger.threshold = 10000 (custom)
2019-09-12 11:36:31,667 [pool-314-thread-1] INFO  server.RaftServerConfigKeys (ConfUtils.java:logGet(43)) - raft.server.retrycache.expirytime = 600000ms (custom)
2019-09-12 11:36:31,667 [pool-314-thread-1] INFO  impl.RaftServerImpl (RaftServerImpl.java:start(180)) - a68b549c-a65a-44fd-9729-a5200a86921e: start group-3E81752E1D63
2019-09-12 11:36:31,667 [pool-314-thread-1] INFO  impl.RaftServerImpl (RaftServerImpl.java:setRole(171)) - a68b549c-a65a-44fd-9729-a5200a86921e:group-3E81752E1D63 changes role from null to FOLLOWER at term 0 for startAsFollower
2019-09-12 11:36:31,667 [pool-314-thread-1] INFO  impl.RoleInfo (RoleInfo.java:updateAndGet(143)) - a68b549c-a65a-44fd-9729-a5200a86921e: start FollowerState
2019-09-12 11:36:31,667 [pool-314-thread-1] INFO  util.JmxRegister (JmxRegister.java:tryRegister(44)) - Successfully registered JMX Bean with object name Ratis:service=RaftServer,group=group-3E81752E1D63,id=a68b549c-a65a-44fd-9729-a5200a86921e
2019-09-12 11:36:31,670 [RatisPipelineUtilsThread] INFO  pipeline.PipelineStateManager (PipelineStateManager.java:addPipeline(56)) - Created pipeline Pipeline[ Id: 44af1f24-a508-40ed-9a80-3e81752e1d63, Nodes: a68b549c-a65a-44fd-9729-a5200a86921e{ip: 192.168.36.114, host: pr-hdds-1569-58hkm-1881083799, networkLocation: /default-rack, certSerialId: null}, Type:RATIS, Factor:ONE, State:OPEN]
2019-09-12 11:36:31,671 [RatisPipelineUtilsThread] ERROR pipeline.PipelinePlacementPolicy (PipelinePlacementPolicy.java:meetCriteria(92)) - Pipeline Placement: Doesn't meet the criteria to be viable node. Heaviness: 6
2019-09-12 11:36:31,671 [RatisPipelineUtilsThread] ERROR pipeline.PipelinePlacementPolicy (PipelinePlacementPolicy.java:meetCriteria(92)) - Pipeline Placement: Doesn't meet the criteria to be viable node. Heaviness: 6
2019-09-12 11:36:31,677 [grpc-default-executor-0] INFO  impl.RaftServerProxy (RaftServerProxy.java:addNew(89)) - a68b549c-a65a-44fd-9729-a5200a86921e: addNew group-23F038BA8AC7:[a68b549c-a65a-44fd-9729-a5200a86921e:192.168.36.114:41724] returns group-23F038BA8AC7:java.util.concurrent.CompletableFuture@568dae47[Not completed]
2019-09-12 11:36:31,678 [pool-314-thread-1] INFO  impl.RaftServerImpl (RaftServerImpl.java:<init>(93)) - a68b549c-a65a-44fd-9729-a5200a86921e: new RaftServerImpl for group-23F038BA8AC7:[a68b549c-a65a-44fd-9729-a5200a86921e:192.168.36.114:41724] with ContainerStateMachine:uninitialized
2019-09-12 11:36:31,678 [pool-314-thread-1] INFO  server.RaftServerConfigKeys (ConfUtils.java:logGet(43)) - raft.server.rpc.timeout.min = 5s (custom)
2019-09-12 11:36:31,678 [pool-314-thread-1] INFO  server.RaftServerConfigKeys (ConfUtils.java:logGet(43)) - raft.server.rpc.timeout.max = 5200ms (custom)
2019-09-12 11:36:31,678 [pool-314-thread-1] INFO  server.RaftServerConfigKeys (ConfUtils.java:logGet(43)) - raft.server.rpcslowness.timeout = 120s (custom)
2019-09-12 11:36:31,678 [pool-314-thread-1] INFO  server.RaftServerConfigKeys (ConfUtils.java:logGet(43)) - raft.server.sleep.deviation.threshold = 300 (default)
2019-09-12 11:36:31,678 [pool-314-thread-1] INFO  server.RaftServerConfigKeys (ConfUtils.java:logGet(43)) - raft.server.log.appender.install.snapshot.enabled = false (custom)
2019-09-12 11:36:31,678 [pool-314-thread-1] INFO  impl.RaftServerImpl (ServerState.java:<init>(105)) - a68b549c-a65a-44fd-9729-a5200a86921e:group-23F038BA8AC7 ConfigurationManager, init=-1: [a68b549c-a65a-44fd-9729-a5200a86921e:192.168.36.114:41724], old=null, confs=<EMPTY_MAP>
2019-09-12 11:36:31,678 [pool-314-thread-1] INFO  server.RaftServerConfigKeys (ConfUtils.java:logGet(43)) - raft.server.storage.dir = [/workdir/hadoop-ozone/ozonefs/target/test-dir/MiniOzoneClusterImpl-68ada62c-70c2-422c-a450-57ae95aadfb6/datanode-2/data/ratis] (custom)
2019-09-12 11:36:31,679 [pool-314-thread-1] INFO  storage.RaftStorageDirectory (RaftStorageDirectory.java:analyzeStorage(246)) - The storage directory /workdir/hadoop-ozone/ozonefs/target/test-dir/MiniOzoneClusterImpl-68ada62c-70c2-422c-a450-57ae95aadfb6/datanode-2/data/ratis/10e51d94-71c1-469f-83d8-23f038ba8ac7 does not exist. Creating ...
2019-09-12 11:36:31,691 [pool-314-thread-1] INFO  storage.RaftStorageDirectory (RaftStorageDirectory.java:tryLock(328)) - Lock on /workdir/hadoop-ozone/ozonefs/target/test-dir/MiniOzoneClusterImpl-68ada62c-70c2-422c-a450-57ae95aadfb6/datanode-2/data/ratis/10e51d94-71c1-469f-83d8-23f038ba8ac7/in_use.lock acquired by nodename 26908@pr-hdds-1569-58hkm-1881083799
2019-09-12 11:36:31,712 [pool-314-thread-1] INFO  storage.RaftStorage (RaftStorage.java:format(72)) - Storage directory /workdir/hadoop-ozone/ozonefs/target/test-dir/MiniOzoneClusterImpl-68ada62c-70c2-422c-a450-57ae95aadfb6/datanode-2/data/ratis/10e51d94-71c1-469f-83d8-23f038ba8ac7 has been successfully formatted.
2019-09-12 11:36:31,712 [pool-314-thread-1] INFO  ratis.ContainerStateMachine (ContainerStateMachine.java:loadSnapshot(226)) - group-23F038BA8AC7: The snapshot info is null. Setting the last applied indexto:(t:0, i:~)
2019-09-12 11:36:31,712 [pool-314-thread-1] INFO  server.RaftServerConfigKeys (ConfUtils.java:logGet(43)) - raft.server.leader.election.timeout = 120s (custom)
2019-09-12 11:36:31,712 [pool-314-thread-1] INFO  server.RaftServerConfigKeys (ConfUtils.java:logGet(43)) - raft.server.log.use.memory = false (default)
2019-09-12 11:36:31,712 [pool-314-thread-1] INFO  server.RaftServerConfigKeys (ConfUtils.java:logGet(43)) - raft.server.log.purge.gap = 1000000 (custom)
2019-09-12 11:36:31,712 [pool-314-thread-1] INFO  server.RaftServerConfigKeys (ConfUtils.java:logGet(43)) - raft.server.log.appender.buffer.byte-limit = 33554432 (custom)
2019-09-12 11:36:31,712 [pool-314-thread-1] INFO  server.RaftServerConfigKeys (ConfUtils.java:logGet(43)) - raft.server.log.segment.size.max = 1048576 (custom)
2019-09-12 11:36:31,713 [pool-314-thread-1] INFO  server.RaftServerConfigKeys (ConfUtils.java:logGet(43)) - raft.server.log.segment.cache.num.max = 2 (custom)
2019-09-12 11:36:31,713 [pool-314-thread-1] INFO  segmented.SegmentedRaftLogWorker (SegmentedRaftLogWorker.java:<init>(172)) - new a68b549c-a65a-44fd-9729-a5200a86921e-SegmentedRaftLogWorker:Storage Directory /workdir/hadoop-ozone/ozonefs/target/test-dir/MiniOzoneClusterImpl-68ada62c-70c2-422c-a450-57ae95aadfb6/datanode-2/data/ratis/10e51d94-71c1-469f-83d8-23f038ba8ac7 for RaftStorage:Storage Directory /workdir/hadoop-ozone/ozonefs/target/test-dir/MiniOzoneClusterImpl-68ada62c-70c2-422c-a450-57ae95aadfb6/datanode-2/data/ratis/10e51d94-71c1-469f-83d8-23f038ba8ac7
2019-09-12 11:36:31,713 [pool-314-thread-1] INFO  server.RaftServerConfigKeys (ConfUtils.java:logGet(43)) - raft.server.log.queue.byte-limit = 2147483647 (custom)
2019-09-12 11:36:31,713 [pool-314-thread-1] INFO  server.RaftServerConfigKeys (ConfUtils.java:logGet(43)) - raft.server.log.queue.element-limit = 1024 (custom)
2019-09-12 11:36:31,713 [pool-314-thread-1] INFO  server.RaftServerConfigKeys (ConfUtils.java:logGet(43)) - raft.server.log.segment.size.max = 1048576 (custom)
2019-09-12 11:36:31,713 [pool-314-thread-1] INFO  server.RaftServerConfigKeys (ConfUtils.java:logGet(43)) - raft.server.log.preallocated.size = 16384 (custom)
2019-09-12 11:36:31,713 [pool-314-thread-1] INFO  server.RaftServerConfigKeys (ConfUtils.java:logGet(43)) - raft.server.log.write.buffer.size = 33554432 (custom)
2019-09-12 11:36:31,713 [pool-314-thread-1] INFO  server.RaftServerConfigKeys (ConfUtils.java:logGet(43)) - raft.server.log.force.sync.num = 128 (default)
2019-09-12 11:36:31,714 [pool-314-thread-1] INFO  server.RaftServerConfigKeys (ConfUtils.java:logGet(43)) - raft.server.log.statemachine.data.sync = true (default)
2019-09-12 11:36:31,714 [pool-314-thread-1] INFO  server.RaftServerConfigKeys (ConfUtils.java:logGet(43)) - raft.server.log.statemachine.data.sync.timeout = 10s (default)
2019-09-12 11:36:31,714 [pool-314-thread-1] INFO  server.RaftServerConfigKeys (ConfUtils.java:logGet(43)) - raft.server.log.statemachine.data.sync.timeout.retry = -1 (default)
2019-09-12 11:36:31,714 [pool-314-thread-1] INFO  server.RaftServerConfigKeys (ConfUtils.java:logGet(43)) - raft.server.log.statemachine.data.caching.enabled = true (custom)
2019-09-12 11:36:31,714 [pool-314-thread-1] INFO  segmented.SegmentedRaftLogWorker (SegmentedRaftLogWorker.java:lambda$new$0(132)) - a68b549c-a65a-44fd-9729-a5200a86921e-SegmentedRaftLogWorker:Storage Directory /workdir/hadoop-ozone/ozonefs/target/test-dir/MiniOzoneClusterImpl-68ada62c-70c2-422c-a450-57ae95aadfb6/datanode-2/data/ratis/10e51d94-71c1-469f-83d8-23f038ba8ac7: flushIndex: setUnconditionally 0 -> -1
2019-09-12 11:36:31,714 [pool-314-thread-1] INFO  server.RaftServerConfigKeys (ConfUtils.java:logGet(43)) - raft.server.snapshot.auto.trigger.enabled = true (custom)
2019-09-12 11:36:31,715 [pool-314-thread-1] INFO  server.RaftServerConfigKeys (ConfUtils.java:logGet(43)) - raft.server.snapshot.auto.trigger.threshold = 10000 (custom)
2019-09-12 11:36:31,715 [pool-314-thread-1] INFO  server.RaftServerConfigKeys (ConfUtils.java:logGet(43)) - raft.server.retrycache.expirytime = 600000ms (custom)
2019-09-12 11:36:31,715 [pool-314-thread-1] INFO  impl.RaftServerImpl (RaftServerImpl.java:start(180)) - a68b549c-a65a-44fd-9729-a5200a86921e: start group-23F038BA8AC7
2019-09-12 11:36:31,715 [pool-314-thread-1] INFO  impl.RaftServerImpl (RaftServerImpl.java:setRole(171)) - a68b549c-a65a-44fd-9729-a5200a86921e:group-23F038BA8AC7 changes role from null to FOLLOWER at term 0 for startAsFollower
2019-09-12 11:36:31,715 [pool-314-thread-1] INFO  impl.RoleInfo (RoleInfo.java:updateAndGet(143)) - a68b549c-a65a-44fd-9729-a5200a86921e: start FollowerState
2019-09-12 11:36:31,715 [pool-314-thread-1] INFO  util.JmxRegister (JmxRegister.java:tryRegister(44)) - Successfully registered JMX Bean with object name Ratis:service=RaftServer,group=group-23F038BA8AC7,id=a68b549c-a65a-44fd-9729-a5200a86921e
2019-09-12 11:36:31,718 [RatisPipelineUtilsThread] INFO  pipeline.PipelineStateManager (PipelineStateManager.java:addPipeline(56)) - Created pipeline Pipeline[ Id: 10e51d94-71c1-469f-83d8-23f038ba8ac7, Nodes: a68b549c-a65a-44fd-9729-a5200a86921e{ip: 192.168.36.114, host: pr-hdds-1569-58hkm-1881083799, networkLocation: /default-rack, certSerialId: null}, Type:RATIS, Factor:ONE, State:OPEN]
2019-09-12 11:36:31,718 [RatisPipelineUtilsThread] ERROR pipeline.PipelinePlacementPolicy (PipelinePlacementPolicy.java:meetCriteria(92)) - Pipeline Placement: Doesn't meet the criteria to be viable node. Heaviness: 6
2019-09-12 11:36:31,719 [RatisPipelineUtilsThread] ERROR pipeline.PipelinePlacementPolicy (PipelinePlacementPolicy.java:meetCriteria(92)) - Pipeline Placement: Doesn't meet the criteria to be viable node. Heaviness: 6
2019-09-12 11:36:31,724 [grpc-default-executor-0] INFO  impl.RaftServerProxy (RaftServerProxy.java:addNew(89)) - a68b549c-a65a-44fd-9729-a5200a86921e: addNew group-9621CB052D44:[a68b549c-a65a-44fd-9729-a5200a86921e:192.168.36.114:41724] returns group-9621CB052D44:java.util.concurrent.CompletableFuture@63f973a7[Not completed]
2019-09-12 11:36:31,725 [pool-314-thread-1] INFO  impl.RaftServerImpl (RaftServerImpl.java:<init>(93)) - a68b549c-a65a-44fd-9729-a5200a86921e: new RaftServerImpl for group-9621CB052D44:[a68b549c-a65a-44fd-9729-a5200a86921e:192.168.36.114:41724] with ContainerStateMachine:uninitialized
2019-09-12 11:36:31,726 [pool-314-thread-1] INFO  server.RaftServerConfigKeys (ConfUtils.java:logGet(43)) - raft.server.rpc.timeout.min = 5s (custom)
2019-09-12 11:36:31,726 [pool-314-thread-1] INFO  server.RaftServerConfigKeys (ConfUtils.java:logGet(43)) - raft.server.rpc.timeout.max = 5200ms (custom)
2019-09-12 11:36:31,726 [pool-314-thread-1] INFO  server.RaftServerConfigKeys (ConfUtils.java:logGet(43)) - raft.server.rpcslowness.timeout = 120s (custom)
2019-09-12 11:36:31,726 [pool-314-thread-1] INFO  server.RaftServerConfigKeys (ConfUtils.java:logGet(43)) - raft.server.sleep.deviation.threshold = 300 (default)
2019-09-12 11:36:31,726 [pool-314-thread-1] INFO  server.RaftServerConfigKeys (ConfUtils.java:logGet(43)) - raft.server.log.appender.install.snapshot.enabled = false (custom)
2019-09-12 11:36:31,726 [pool-314-thread-1] INFO  impl.RaftServerImpl (ServerState.java:<init>(105)) - a68b549c-a65a-44fd-9729-a5200a86921e:group-9621CB052D44 ConfigurationManager, init=-1: [a68b549c-a65a-44fd-9729-a5200a86921e:192.168.36.114:41724], old=null, confs=<EMPTY_MAP>
2019-09-12 11:36:31,726 [pool-314-thread-1] INFO  server.RaftServerConfigKeys (ConfUtils.java:logGet(43)) - raft.server.storage.dir = [/workdir/hadoop-ozone/ozonefs/target/test-dir/MiniOzoneClusterImpl-68ada62c-70c2-422c-a450-57ae95aadfb6/datanode-2/data/ratis] (custom)
2019-09-12 11:36:31,727 [pool-314-thread-1] INFO  storage.RaftStorageDirectory (RaftStorageDirectory.java:analyzeStorage(246)) - The storage directory /workdir/hadoop-ozone/ozonefs/target/test-dir/MiniOzoneClusterImpl-68ada62c-70c2-422c-a450-57ae95aadfb6/datanode-2/data/ratis/d9ae03ce-8b92-4319-97fc-9621cb052d44 does not exist. Creating ...
2019-09-12 11:36:31,740 [pool-314-thread-1] INFO  storage.RaftStorageDirectory (RaftStorageDirectory.java:tryLock(328)) - Lock on /workdir/hadoop-ozone/ozonefs/target/test-dir/MiniOzoneClusterImpl-68ada62c-70c2-422c-a450-57ae95aadfb6/datanode-2/data/ratis/d9ae03ce-8b92-4319-97fc-9621cb052d44/in_use.lock acquired by nodename 26908@pr-hdds-1569-58hkm-1881083799
2019-09-12 11:36:31,752 [pool-314-thread-1] INFO  storage.RaftStorage (RaftStorage.java:format(72)) - Storage directory /workdir/hadoop-ozone/ozonefs/target/test-dir/MiniOzoneClusterImpl-68ada62c-70c2-422c-a450-57ae95aadfb6/datanode-2/data/ratis/d9ae03ce-8b92-4319-97fc-9621cb052d44 has been successfully formatted.
2019-09-12 11:36:31,753 [pool-314-thread-1] INFO  ratis.ContainerStateMachine (ContainerStateMachine.java:loadSnapshot(226)) - group-9621CB052D44: The snapshot info is null. Setting the last applied indexto:(t:0, i:~)
2019-09-12 11:36:31,753 [pool-314-thread-1] INFO  server.RaftServerConfigKeys (ConfUtils.java:logGet(43)) - raft.server.leader.election.timeout = 120s (custom)
2019-09-12 11:36:31,753 [pool-314-thread-1] INFO  server.RaftServerConfigKeys (ConfUtils.java:logGet(43)) - raft.server.log.use.memory = false (default)
2019-09-12 11:36:31,753 [pool-314-thread-1] INFO  server.RaftServerConfigKeys (ConfUtils.java:logGet(43)) - raft.server.log.purge.gap = 1000000 (custom)
2019-09-12 11:36:31,753 [pool-314-thread-1] INFO  server.RaftServerConfigKeys (ConfUtils.java:logGet(43)) - raft.server.log.appender.buffer.byte-limit = 33554432 (custom)
2019-09-12 11:36:31,753 [pool-314-thread-1] INFO  server.RaftServerConfigKeys (ConfUtils.java:logGet(43)) - raft.server.log.segment.size.max = 1048576 (custom)
2019-09-12 11:36:31,753 [pool-314-thread-1] INFO  server.RaftServerConfigKeys (ConfUtils.java:logGet(43)) - raft.server.log.segment.cache.num.max = 2 (custom)
2019-09-12 11:36:31,753 [pool-314-thread-1] INFO  segmented.SegmentedRaftLogWorker (SegmentedRaftLogWorker.java:<init>(172)) - new a68b549c-a65a-44fd-9729-a5200a86921e-SegmentedRaftLogWorker:Storage Directory /workdir/hadoop-ozone/ozonefs/target/test-dir/MiniOzoneClusterImpl-68ada62c-70c2-422c-a450-57ae95aadfb6/datanode-2/data/ratis/d9ae03ce-8b92-4319-97fc-9621cb052d44 for RaftStorage:Storage Directory /workdir/hadoop-ozone/ozonefs/target/test-dir/MiniOzoneClusterImpl-68ada62c-70c2-422c-a450-57ae95aadfb6/datanode-2/data/ratis/d9ae03ce-8b92-4319-97fc-9621cb052d44
2019-09-12 11:36:31,754 [pool-314-thread-1] INFO  server.RaftServerConfigKeys (ConfUtils.java:logGet(43)) - raft.server.log.queue.byte-limit = 2147483647 (custom)
2019-09-12 11:36:31,754 [pool-314-thread-1] INFO  server.RaftServerConfigKeys (ConfUtils.java:logGet(43)) - raft.server.log.queue.element-limit = 1024 (custom)
2019-09-12 11:36:31,754 [pool-314-thread-1] INFO  server.RaftServerConfigKeys (ConfUtils.java:logGet(43)) - raft.server.log.segment.size.max = 1048576 (custom)
2019-09-12 11:36:31,754 [pool-314-thread-1] INFO  server.RaftServerConfigKeys (ConfUtils.java:logGet(43)) - raft.server.log.preallocated.size = 16384 (custom)
2019-09-12 11:36:31,754 [pool-314-thread-1] INFO  server.RaftServerConfigKeys (ConfUtils.java:logGet(43)) - raft.server.log.write.buffer.size = 33554432 (custom)
2019-09-12 11:36:31,754 [pool-314-thread-1] INFO  server.RaftServerConfigKeys (ConfUtils.java:logGet(43)) - raft.server.log.force.sync.num = 128 (default)
2019-09-12 11:36:31,754 [pool-314-thread-1] INFO  server.RaftServerConfigKeys (ConfUtils.java:logGet(43)) - raft.server.log.statemachine.data.sync = true (default)
2019-09-12 11:36:31,754 [pool-314-thread-1] INFO  server.RaftServerConfigKeys (ConfUtils.java:logGet(43)) - raft.server.log.statemachine.data.sync.timeout = 10s (default)
2019-09-12 11:36:31,754 [pool-314-thread-1] INFO  server.RaftServerConfigKeys (ConfUtils.java:logGet(43)) - raft.server.log.statemachine.data.sync.timeout.retry = -1 (default)
2019-09-12 11:36:31,755 [pool-314-thread-1] INFO  server.RaftServerConfigKeys (ConfUtils.java:logGet(43)) - raft.server.log.statemachine.data.caching.enabled = true (custom)
2019-09-12 11:36:31,755 [pool-314-thread-1] INFO  segmented.SegmentedRaftLogWorker (SegmentedRaftLogWorker.java:lambda$new$0(132)) - a68b549c-a65a-44fd-9729-a5200a86921e-SegmentedRaftLogWorker:Storage Directory /workdir/hadoop-ozone/ozonefs/target/test-dir/MiniOzoneClusterImpl-68ada62c-70c2-422c-a450-57ae95aadfb6/datanode-2/data/ratis/d9ae03ce-8b92-4319-97fc-9621cb052d44: flushIndex: setUnconditionally 0 -> -1
2019-09-12 11:36:31,755 [pool-314-thread-1] INFO  server.RaftServerConfigKeys (ConfUtils.java:logGet(43)) - raft.server.snapshot.auto.trigger.enabled = true (custom)
2019-09-12 11:36:31,755 [pool-314-thread-1] INFO  server.RaftServerConfigKeys (ConfUtils.java:logGet(43)) - raft.server.snapshot.auto.trigger.threshold = 10000 (custom)
2019-09-12 11:36:31,755 [pool-314-thread-1] INFO  server.RaftServerConfigKeys (ConfUtils.java:logGet(43)) - raft.server.retrycache.expirytime = 600000ms (custom)
2019-09-12 11:36:31,755 [pool-314-thread-1] INFO  impl.RaftServerImpl (RaftServerImpl.java:start(180)) - a68b549c-a65a-44fd-9729-a5200a86921e: start group-9621CB052D44
2019-09-12 11:36:31,755 [pool-314-thread-1] INFO  impl.RaftServerImpl (RaftServerImpl.java:setRole(171)) - a68b549c-a65a-44fd-9729-a5200a86921e:group-9621CB052D44 changes role from null to FOLLOWER at term 0 for startAsFollower
2019-09-12 11:36:31,756 [pool-314-thread-1] INFO  impl.RoleInfo (RoleInfo.java:updateAndGet(143)) - a68b549c-a65a-44fd-9729-a5200a86921e: start FollowerState
2019-09-12 11:36:31,756 [pool-314-thread-1] INFO  util.JmxRegister (JmxRegister.java:tryRegister(44)) - Successfully registered JMX Bean with object name Ratis:service=RaftServer,group=group-9621CB052D44,id=a68b549c-a65a-44fd-9729-a5200a86921e
2019-09-12 11:36:31,759 [RatisPipelineUtilsThread] INFO  pipeline.PipelineStateManager (PipelineStateManager.java:addPipeline(56)) - Created pipeline Pipeline[ Id: d9ae03ce-8b92-4319-97fc-9621cb052d44, Nodes: a68b549c-a65a-44fd-9729-a5200a86921e{ip: 192.168.36.114, host: pr-hdds-1569-58hkm-1881083799, networkLocation: /default-rack, certSerialId: null}, Type:RATIS, Factor:ONE, State:OPEN]
2019-09-12 11:36:31,759 [RatisPipelineUtilsThread] ERROR pipeline.PipelinePlacementPolicy (PipelinePlacementPolicy.java:meetCriteria(92)) - Pipeline Placement: Doesn't meet the criteria to be viable node. Heaviness: 6
2019-09-12 11:36:31,759 [RatisPipelineUtilsThread] ERROR pipeline.PipelinePlacementPolicy (PipelinePlacementPolicy.java:meetCriteria(92)) - Pipeline Placement: Doesn't meet the criteria to be viable node. Heaviness: 6
2019-09-12 11:36:31,765 [grpc-default-executor-0] INFO  impl.RaftServerProxy (RaftServerProxy.java:addNew(89)) - a68b549c-a65a-44fd-9729-a5200a86921e: addNew group-7FCA4C678226:[a68b549c-a65a-44fd-9729-a5200a86921e:192.168.36.114:41724] returns group-7FCA4C678226:java.util.concurrent.CompletableFuture@200f687d[Not completed]
2019-09-12 11:36:31,766 [pool-314-thread-1] INFO  impl.RaftServerImpl (RaftServerImpl.java:<init>(93)) - a68b549c-a65a-44fd-9729-a5200a86921e: new RaftServerImpl for group-7FCA4C678226:[a68b549c-a65a-44fd-9729-a5200a86921e:192.168.36.114:41724] with ContainerStateMachine:uninitialized
2019-09-12 11:36:31,766 [pool-314-thread-1] INFO  server.RaftServerConfigKeys (ConfUtils.java:logGet(43)) - raft.server.rpc.timeout.min = 5s (custom)
2019-09-12 11:36:31,766 [pool-314-thread-1] INFO  server.RaftServerConfigKeys (ConfUtils.java:logGet(43)) - raft.server.rpc.timeout.max = 5200ms (custom)
2019-09-12 11:36:31,766 [pool-314-thread-1] INFO  server.RaftServerConfigKeys (ConfUtils.java:logGet(43)) - raft.server.rpcslowness.timeout = 120s (custom)
2019-09-12 11:36:31,766 [pool-314-thread-1] INFO  server.RaftServerConfigKeys (ConfUtils.java:logGet(43)) - raft.server.sleep.deviation.threshold = 300 (default)
2019-09-12 11:36:31,766 [pool-314-thread-1] INFO  server.RaftServerConfigKeys (ConfUtils.java:logGet(43)) - raft.server.log.appender.install.snapshot.enabled = false (custom)
2019-09-12 11:36:31,766 [pool-314-thread-1] INFO  impl.RaftServerImpl (ServerState.java:<init>(105)) - a68b549c-a65a-44fd-9729-a5200a86921e:group-7FCA4C678226 ConfigurationManager, init=-1: [a68b549c-a65a-44fd-9729-a5200a86921e:192.168.36.114:41724], old=null, confs=<EMPTY_MAP>
2019-09-12 11:36:31,767 [pool-314-thread-1] INFO  server.RaftServerConfigKeys (ConfUtils.java:logGet(43)) - raft.server.storage.dir = [/workdir/hadoop-ozone/ozonefs/target/test-dir/MiniOzoneClusterImpl-68ada62c-70c2-422c-a450-57ae95aadfb6/datanode-2/data/ratis] (custom)
2019-09-12 11:36:31,767 [pool-314-thread-1] INFO  storage.RaftStorageDirectory (RaftStorageDirectory.java:analyzeStorage(246)) - The storage directory /workdir/hadoop-ozone/ozonefs/target/test-dir/MiniOzoneClusterImpl-68ada62c-70c2-422c-a450-57ae95aadfb6/datanode-2/data/ratis/af664ed1-bf36-4db4-b360-7fca4c678226 does not exist. Creating ...
2019-09-12 11:36:31,779 [pool-314-thread-1] INFO  storage.RaftStorageDirectory (RaftStorageDirectory.java:tryLock(328)) - Lock on /workdir/hadoop-ozone/ozonefs/target/test-dir/MiniOzoneClusterImpl-68ada62c-70c2-422c-a450-57ae95aadfb6/datanode-2/data/ratis/af664ed1-bf36-4db4-b360-7fca4c678226/in_use.lock acquired by nodename 26908@pr-hdds-1569-58hkm-1881083799
2019-09-12 11:36:31,793 [pool-314-thread-1] INFO  storage.RaftStorage (RaftStorage.java:format(72)) - Storage directory /workdir/hadoop-ozone/ozonefs/target/test-dir/MiniOzoneClusterImpl-68ada62c-70c2-422c-a450-57ae95aadfb6/datanode-2/data/ratis/af664ed1-bf36-4db4-b360-7fca4c678226 has been successfully formatted.
2019-09-12 11:36:31,793 [pool-314-thread-1] INFO  ratis.ContainerStateMachine (ContainerStateMachine.java:loadSnapshot(226)) - group-7FCA4C678226: The snapshot info is null. Setting the last applied indexto:(t:0, i:~)
2019-09-12 11:36:31,793 [pool-314-thread-1] INFO  server.RaftServerConfigKeys (ConfUtils.java:logGet(43)) - raft.server.leader.election.timeout = 120s (custom)
2019-09-12 11:36:31,793 [pool-314-thread-1] INFO  server.RaftServerConfigKeys (ConfUtils.java:logGet(43)) - raft.server.log.use.memory = false (default)
2019-09-12 11:36:31,793 [pool-314-thread-1] INFO  server.RaftServerConfigKeys (ConfUtils.java:logGet(43)) - raft.server.log.purge.gap = 1000000 (custom)
2019-09-12 11:36:31,793 [pool-314-thread-1] INFO  server.RaftServerConfigKeys (ConfUtils.java:logGet(43)) - raft.server.log.appender.buffer.byte-limit = 33554432 (custom)
2019-09-12 11:36:31,794 [pool-314-thread-1] INFO  server.RaftServerConfigKeys (ConfUtils.java:logGet(43)) - raft.server.log.segment.size.max = 1048576 (custom)
2019-09-12 11:36:31,794 [pool-314-thread-1] INFO  server.RaftServerConfigKeys (ConfUtils.java:logGet(43)) - raft.server.log.segment.cache.num.max = 2 (custom)
2019-09-12 11:36:31,794 [pool-314-thread-1] INFO  segmented.SegmentedRaftLogWorker (SegmentedRaftLogWorker.java:<init>(172)) - new a68b549c-a65a-44fd-9729-a5200a86921e-SegmentedRaftLogWorker:Storage Directory /workdir/hadoop-ozone/ozonefs/target/test-dir/MiniOzoneClusterImpl-68ada62c-70c2-422c-a450-57ae95aadfb6/datanode-2/data/ratis/af664ed1-bf36-4db4-b360-7fca4c678226 for RaftStorage:Storage Directory /workdir/hadoop-ozone/ozonefs/target/test-dir/MiniOzoneClusterImpl-68ada62c-70c2-422c-a450-57ae95aadfb6/datanode-2/data/ratis/af664ed1-bf36-4db4-b360-7fca4c678226
2019-09-12 11:36:31,794 [pool-314-thread-1] INFO  server.RaftServerConfigKeys (ConfUtils.java:logGet(43)) - raft.server.log.queue.byte-limit = 2147483647 (custom)
2019-09-12 11:36:31,794 [pool-314-thread-1] INFO  server.RaftServerConfigKeys (ConfUtils.java:logGet(43)) - raft.server.log.queue.element-limit = 1024 (custom)
2019-09-12 11:36:31,794 [pool-314-thread-1] INFO  server.RaftServerConfigKeys (ConfUtils.java:logGet(43)) - raft.server.log.segment.size.max = 1048576 (custom)
2019-09-12 11:36:31,795 [pool-314-thread-1] INFO  server.RaftServerConfigKeys (ConfUtils.java:logGet(43)) - raft.server.log.preallocated.size = 16384 (custom)
2019-09-12 11:36:31,795 [pool-314-thread-1] INFO  server.RaftServerConfigKeys (ConfUtils.java:logGet(43)) - raft.server.log.write.buffer.size = 33554432 (custom)
2019-09-12 11:36:31,795 [pool-314-thread-1] INFO  server.RaftServerConfigKeys (ConfUtils.java:logGet(43)) - raft.server.log.force.sync.num = 128 (default)
2019-09-12 11:36:31,795 [pool-314-thread-1] INFO  server.RaftServerConfigKeys (ConfUtils.java:logGet(43)) - raft.server.log.statemachine.data.sync = true (default)
2019-09-12 11:36:31,795 [pool-314-thread-1] INFO  server.RaftServerConfigKeys (ConfUtils.java:logGet(43)) - raft.server.log.statemachine.data.sync.timeout = 10s (default)
2019-09-12 11:36:31,795 [pool-314-thread-1] INFO  server.RaftServerConfigKeys (ConfUtils.java:logGet(43)) - raft.server.log.statemachine.data.sync.timeout.retry = -1 (default)
2019-09-12 11:36:31,795 [pool-314-thread-1] INFO  server.RaftServerConfigKeys (ConfUtils.java:logGet(43)) - raft.server.log.statemachine.data.caching.enabled = true (custom)
2019-09-12 11:36:31,796 [pool-314-thread-1] INFO  segmented.SegmentedRaftLogWorker (SegmentedRaftLogWorker.java:lambda$new$0(132)) - a68b549c-a65a-44fd-9729-a5200a86921e-SegmentedRaftLogWorker:Storage Directory /workdir/hadoop-ozone/ozonefs/target/test-dir/MiniOzoneClusterImpl-68ada62c-70c2-422c-a450-57ae95aadfb6/datanode-2/data/ratis/af664ed1-bf36-4db4-b360-7fca4c678226: flushIndex: setUnconditionally 0 -> -1
2019-09-12 11:36:31,796 [pool-314-thread-1] INFO  server.RaftServerConfigKeys (ConfUtils.java:logGet(43)) - raft.server.snapshot.auto.trigger.enabled = true (custom)
2019-09-12 11:36:31,796 [pool-314-thread-1] INFO  server.RaftServerConfigKeys (ConfUtils.java:logGet(43)) - raft.server.snapshot.auto.trigger.threshold = 10000 (custom)
2019-09-12 11:36:31,797 [pool-314-thread-1] INFO  server.RaftServerConfigKeys (ConfUtils.java:logGet(43)) - raft.server.retrycache.expirytime = 600000ms (custom)
2019-09-12 11:36:31,797 [pool-314-thread-1] INFO  impl.RaftServerImpl (RaftServerImpl.java:start(180)) - a68b549c-a65a-44fd-9729-a5200a86921e: start group-7FCA4C678226
2019-09-12 11:36:31,797 [pool-314-thread-1] INFO  impl.RaftServerImpl (RaftServerImpl.java:setRole(171)) - a68b549c-a65a-44fd-9729-a5200a86921e:group-7FCA4C678226 changes role from null to FOLLOWER at term 0 for startAsFollower
2019-09-12 11:36:31,797 [pool-314-thread-1] INFO  impl.RoleInfo (RoleInfo.java:updateAndGet(143)) - a68b549c-a65a-44fd-9729-a5200a86921e: start FollowerState
2019-09-12 11:36:31,797 [pool-314-thread-1] INFO  util.JmxRegister (JmxRegister.java:tryRegister(44)) - Successfully registered JMX Bean with object name Ratis:service=RaftServer,group=group-7FCA4C678226,id=a68b549c-a65a-44fd-9729-a5200a86921e
2019-09-12 11:36:31,801 [RatisPipelineUtilsThread] INFO  pipeline.PipelineStateManager (PipelineStateManager.java:addPipeline(56)) - Created pipeline Pipeline[ Id: af664ed1-bf36-4db4-b360-7fca4c678226, Nodes: a68b549c-a65a-44fd-9729-a5200a86921e{ip: 192.168.36.114, host: pr-hdds-1569-58hkm-1881083799, networkLocation: /default-rack, certSerialId: null}, Type:RATIS, Factor:ONE, State:OPEN]
2019-09-12 11:36:31,801 [RatisPipelineUtilsThread] ERROR pipeline.PipelinePlacementPolicy (PipelinePlacementPolicy.java:meetCriteria(92)) - Pipeline Placement: Doesn't meet the criteria to be viable node. Heaviness: 6
2019-09-12 11:36:31,801 [RatisPipelineUtilsThread] ERROR pipeline.PipelinePlacementPolicy (PipelinePlacementPolicy.java:meetCriteria(92)) - Pipeline Placement: Doesn't meet the criteria to be viable node. Heaviness: 6
2019-09-12 11:36:31,807 [grpc-default-executor-0] INFO  impl.RaftServerProxy (RaftServerProxy.java:addNew(89)) - a68b549c-a65a-44fd-9729-a5200a86921e: addNew group-EB5B8BFBFDC0:[a68b549c-a65a-44fd-9729-a5200a86921e:192.168.36.114:41724] returns group-EB5B8BFBFDC0:java.util.concurrent.CompletableFuture@16578365[Not completed]
2019-09-12 11:36:31,808 [pool-314-thread-1] INFO  impl.RaftServerImpl (RaftServerImpl.java:<init>(93)) - a68b549c-a65a-44fd-9729-a5200a86921e: new RaftServerImpl for group-EB5B8BFBFDC0:[a68b549c-a65a-44fd-9729-a5200a86921e:192.168.36.114:41724] with ContainerStateMachine:uninitialized
2019-09-12 11:36:31,809 [pool-314-thread-1] INFO  server.RaftServerConfigKeys (ConfUtils.java:logGet(43)) - raft.server.rpc.timeout.min = 5s (custom)
2019-09-12 11:36:31,809 [pool-314-thread-1] INFO  server.RaftServerConfigKeys (ConfUtils.java:logGet(43)) - raft.server.rpc.timeout.max = 5200ms (custom)
2019-09-12 11:36:31,809 [pool-314-thread-1] INFO  server.RaftServerConfigKeys (ConfUtils.java:logGet(43)) - raft.server.rpcslowness.timeout = 120s (custom)
2019-09-12 11:36:31,809 [pool-314-thread-1] INFO  server.RaftServerConfigKeys (ConfUtils.java:logGet(43)) - raft.server.sleep.deviation.threshold = 300 (default)
2019-09-12 11:36:31,809 [pool-314-thread-1] INFO  server.RaftServerConfigKeys (ConfUtils.java:logGet(43)) - raft.server.log.appender.install.snapshot.enabled = false (custom)
2019-09-12 11:36:31,809 [pool-314-thread-1] INFO  impl.RaftServerImpl (ServerState.java:<init>(105)) - a68b549c-a65a-44fd-9729-a5200a86921e:group-EB5B8BFBFDC0 ConfigurationManager, init=-1: [a68b549c-a65a-44fd-9729-a5200a86921e:192.168.36.114:41724], old=null, confs=<EMPTY_MAP>
2019-09-12 11:36:31,809 [pool-314-thread-1] INFO  server.RaftServerConfigKeys (ConfUtils.java:logGet(43)) - raft.server.storage.dir = [/workdir/hadoop-ozone/ozonefs/target/test-dir/MiniOzoneClusterImpl-68ada62c-70c2-422c-a450-57ae95aadfb6/datanode-2/data/ratis] (custom)
2019-09-12 11:36:31,810 [pool-314-thread-1] INFO  storage.RaftStorageDirectory (RaftStorageDirectory.java:analyzeStorage(246)) - The storage directory /workdir/hadoop-ozone/ozonefs/target/test-dir/MiniOzoneClusterImpl-68ada62c-70c2-422c-a450-57ae95aadfb6/datanode-2/data/ratis/afa5ea7a-d467-4664-919a-eb5b8bfbfdc0 does not exist. Creating ...
2019-09-12 11:36:31,822 [pool-314-thread-1] INFO  storage.RaftStorageDirectory (RaftStorageDirectory.java:tryLock(328)) - Lock on /workdir/hadoop-ozone/ozonefs/target/test-dir/MiniOzoneClusterImpl-68ada62c-70c2-422c-a450-57ae95aadfb6/datanode-2/data/ratis/afa5ea7a-d467-4664-919a-eb5b8bfbfdc0/in_use.lock acquired by nodename 26908@pr-hdds-1569-58hkm-1881083799
2019-09-12 11:36:31,835 [pool-314-thread-1] INFO  storage.RaftStorage (RaftStorage.java:format(72)) - Storage directory /workdir/hadoop-ozone/ozonefs/target/test-dir/MiniOzoneClusterImpl-68ada62c-70c2-422c-a450-57ae95aadfb6/datanode-2/data/ratis/afa5ea7a-d467-4664-919a-eb5b8bfbfdc0 has been successfully formatted.
2019-09-12 11:36:31,836 [pool-314-thread-1] INFO  ratis.ContainerStateMachine (ContainerStateMachine.java:loadSnapshot(226)) - group-EB5B8BFBFDC0: The snapshot info is null. Setting the last applied indexto:(t:0, i:~)
2019-09-12 11:36:31,836 [pool-314-thread-1] INFO  server.RaftServerConfigKeys (ConfUtils.java:logGet(43)) - raft.server.leader.election.timeout = 120s (custom)
2019-09-12 11:36:31,836 [pool-314-thread-1] INFO  server.RaftServerConfigKeys (ConfUtils.java:logGet(43)) - raft.server.log.use.memory = false (default)
2019-09-12 11:36:31,836 [pool-314-thread-1] INFO  server.RaftServerConfigKeys (ConfUtils.java:logGet(43)) - raft.server.log.purge.gap = 1000000 (custom)
2019-09-12 11:36:31,836 [pool-314-thread-1] INFO  server.RaftServerConfigKeys (ConfUtils.java:logGet(43)) - raft.server.log.appender.buffer.byte-limit = 33554432 (custom)
2019-09-12 11:36:31,837 [pool-314-thread-1] INFO  server.RaftServerConfigKeys (ConfUtils.java:logGet(43)) - raft.server.log.segment.size.max = 1048576 (custom)
2019-09-12 11:36:31,837 [pool-314-thread-1] INFO  server.RaftServerConfigKeys (ConfUtils.java:logGet(43)) - raft.server.log.segment.cache.num.max = 2 (custom)
2019-09-12 11:36:31,837 [pool-314-thread-1] INFO  segmented.SegmentedRaftLogWorker (SegmentedRaftLogWorker.java:<init>(172)) - new a68b549c-a65a-44fd-9729-a5200a86921e-SegmentedRaftLogWorker:Storage Directory /workdir/hadoop-ozone/ozonefs/target/test-dir/MiniOzoneClusterImpl-68ada62c-70c2-422c-a450-57ae95aadfb6/datanode-2/data/ratis/afa5ea7a-d467-4664-919a-eb5b8bfbfdc0 for RaftStorage:Storage Directory /workdir/hadoop-ozone/ozonefs/target/test-dir/MiniOzoneClusterImpl-68ada62c-70c2-422c-a450-57ae95aadfb6/datanode-2/data/ratis/afa5ea7a-d467-4664-919a-eb5b8bfbfdc0
2019-09-12 11:36:31,837 [pool-314-thread-1] INFO  server.RaftServerConfigKeys (ConfUtils.java:logGet(43)) - raft.server.log.queue.byte-limit = 2147483647 (custom)
2019-09-12 11:36:31,837 [pool-314-thread-1] INFO  server.RaftServerConfigKeys (ConfUtils.java:logGet(43)) - raft.server.log.queue.element-limit = 1024 (custom)
2019-09-12 11:36:31,837 [pool-314-thread-1] INFO  server.RaftServerConfigKeys (ConfUtils.java:logGet(43)) - raft.server.log.segment.size.max = 1048576 (custom)
2019-09-12 11:36:31,838 [pool-314-thread-1] INFO  server.RaftServerConfigKeys (ConfUtils.java:logGet(43)) - raft.server.log.preallocated.size = 16384 (custom)
2019-09-12 11:36:31,838 [pool-314-thread-1] INFO  server.RaftServerConfigKeys (ConfUtils.java:logGet(43)) - raft.server.log.write.buffer.size = 33554432 (custom)
2019-09-12 11:36:31,838 [pool-314-thread-1] INFO  server.RaftServerConfigKeys (ConfUtils.java:logGet(43)) - raft.server.log.force.sync.num = 128 (default)
2019-09-12 11:36:31,838 [pool-314-thread-1] INFO  server.RaftServerConfigKeys (ConfUtils.java:logGet(43)) - raft.server.log.statemachine.data.sync = true (default)
2019-09-12 11:36:31,838 [pool-314-thread-1] INFO  server.RaftServerConfigKeys (ConfUtils.java:logGet(43)) - raft.server.log.statemachine.data.sync.timeout = 10s (default)
2019-09-12 11:36:31,838 [pool-314-thread-1] INFO  server.RaftServerConfigKeys (ConfUtils.java:logGet(43)) - raft.server.log.statemachine.data.sync.timeout.retry = -1 (default)
2019-09-12 11:36:31,838 [pool-314-thread-1] INFO  server.RaftServerConfigKeys (ConfUtils.java:logGet(43)) - raft.server.log.statemachine.data.caching.enabled = true (custom)
2019-09-12 11:36:31,839 [pool-314-thread-1] INFO  segmented.SegmentedRaftLogWorker (SegmentedRaftLogWorker.java:lambda$new$0(132)) - a68b549c-a65a-44fd-9729-a5200a86921e-SegmentedRaftLogWorker:Storage Directory /workdir/hadoop-ozone/ozonefs/target/test-dir/MiniOzoneClusterImpl-68ada62c-70c2-422c-a450-57ae95aadfb6/datanode-2/data/ratis/afa5ea7a-d467-4664-919a-eb5b8bfbfdc0: flushIndex: setUnconditionally 0 -> -1
2019-09-12 11:36:31,839 [pool-314-thread-1] INFO  server.RaftServerConfigKeys (ConfUtils.java:logGet(43)) - raft.server.snapshot.auto.trigger.enabled = true (custom)
2019-09-12 11:36:31,839 [pool-314-thread-1] INFO  server.RaftServerConfigKeys (ConfUtils.java:logGet(43)) - raft.server.snapshot.auto.trigger.threshold = 10000 (custom)
2019-09-12 11:36:31,840 [pool-314-thread-1] INFO  server.RaftServerConfigKeys (ConfUtils.java:logGet(43)) - raft.server.retrycache.expirytime = 600000ms (custom)
2019-09-12 11:36:31,840 [pool-314-thread-1] INFO  impl.RaftServerImpl (RaftServerImpl.java:start(180)) - a68b549c-a65a-44fd-9729-a5200a86921e: start group-EB5B8BFBFDC0
2019-09-12 11:36:31,840 [pool-314-thread-1] INFO  impl.RaftServerImpl (RaftServerImpl.java:setRole(171)) - a68b549c-a65a-44fd-9729-a5200a86921e:group-EB5B8BFBFDC0 changes role from null to FOLLOWER at term 0 for startAsFollower
2019-09-12 11:36:31,840 [pool-314-thread-1] INFO  impl.RoleInfo (RoleInfo.java:updateAndGet(143)) - a68b549c-a65a-44fd-9729-a5200a86921e: start FollowerState
2019-09-12 11:36:31,841 [pool-314-thread-1] INFO  util.JmxRegister (JmxRegister.java:tryRegister(44)) - Successfully registered JMX Bean with object name Ratis:service=RaftServer,group=group-EB5B8BFBFDC0,id=a68b549c-a65a-44fd-9729-a5200a86921e
2019-09-12 11:36:31,844 [RatisPipelineUtilsThread] INFO  pipeline.PipelineStateManager (PipelineStateManager.java:addPipeline(56)) - Created pipeline Pipeline[ Id: afa5ea7a-d467-4664-919a-eb5b8bfbfdc0, Nodes: a68b549c-a65a-44fd-9729-a5200a86921e{ip: 192.168.36.114, host: pr-hdds-1569-58hkm-1881083799, networkLocation: /default-rack, certSerialId: null}, Type:RATIS, Factor:ONE, State:OPEN]
2019-09-12 11:36:31,844 [RatisPipelineUtilsThread] ERROR pipeline.PipelinePlacementPolicy (PipelinePlacementPolicy.java:meetCriteria(92)) - Pipeline Placement: Doesn't meet the criteria to be viable node. Heaviness: 6
2019-09-12 11:36:31,844 [RatisPipelineUtilsThread] ERROR pipeline.PipelinePlacementPolicy (PipelinePlacementPolicy.java:meetCriteria(92)) - Pipeline Placement: Doesn't meet the criteria to be viable node. Heaviness: 6
2019-09-12 11:36:31,850 [grpc-default-executor-0] INFO  impl.RaftServerProxy (RaftServerProxy.java:addNew(89)) - a68b549c-a65a-44fd-9729-a5200a86921e: addNew group-912949633AEF:[a68b549c-a65a-44fd-9729-a5200a86921e:192.168.36.114:41724] returns group-912949633AEF:java.util.concurrent.CompletableFuture@ede3014[Not completed]
2019-09-12 11:36:31,851 [pool-314-thread-1] INFO  impl.RaftServerImpl (RaftServerImpl.java:<init>(93)) - a68b549c-a65a-44fd-9729-a5200a86921e: new RaftServerImpl for group-912949633AEF:[a68b549c-a65a-44fd-9729-a5200a86921e:192.168.36.114:41724] with ContainerStateMachine:uninitialized
2019-09-12 11:36:31,851 [pool-314-thread-1] INFO  server.RaftServerConfigKeys (ConfUtils.java:logGet(43)) - raft.server.rpc.timeout.min = 5s (custom)
2019-09-12 11:36:31,852 [pool-314-thread-1] INFO  server.RaftServerConfigKeys (ConfUtils.java:logGet(43)) - raft.server.rpc.timeout.max = 5200ms (custom)
2019-09-12 11:36:31,852 [pool-314-thread-1] INFO  server.RaftServerConfigKeys (ConfUtils.java:logGet(43)) - raft.server.rpcslowness.timeout = 120s (custom)
2019-09-12 11:36:31,852 [pool-314-thread-1] INFO  server.RaftServerConfigKeys (ConfUtils.java:logGet(43)) - raft.server.sleep.deviation.threshold = 300 (default)
2019-09-12 11:36:31,852 [pool-314-thread-1] INFO  server.RaftServerConfigKeys (ConfUtils.java:logGet(43)) - raft.server.log.appender.install.snapshot.enabled = false (custom)
2019-09-12 11:36:31,852 [pool-314-thread-1] INFO  impl.RaftServerImpl (ServerState.java:<init>(105)) - a68b549c-a65a-44fd-9729-a5200a86921e:group-912949633AEF ConfigurationManager, init=-1: [a68b549c-a65a-44fd-9729-a5200a86921e:192.168.36.114:41724], old=null, confs=<EMPTY_MAP>
2019-09-12 11:36:31,852 [pool-314-thread-1] INFO  server.RaftServerConfigKeys (ConfUtils.java:logGet(43)) - raft.server.storage.dir = [/workdir/hadoop-ozone/ozonefs/target/test-dir/MiniOzoneClusterImpl-68ada62c-70c2-422c-a450-57ae95aadfb6/datanode-2/data/ratis] (custom)
2019-09-12 11:36:31,853 [pool-314-thread-1] INFO  storage.RaftStorageDirectory (RaftStorageDirectory.java:analyzeStorage(246)) - The storage directory /workdir/hadoop-ozone/ozonefs/target/test-dir/MiniOzoneClusterImpl-68ada62c-70c2-422c-a450-57ae95aadfb6/datanode-2/data/ratis/a56c3b31-118e-44ea-bded-912949633aef does not exist. Creating ...
2019-09-12 11:36:31,865 [pool-314-thread-1] INFO  storage.RaftStorageDirectory (RaftStorageDirectory.java:tryLock(328)) - Lock on /workdir/hadoop-ozone/ozonefs/target/test-dir/MiniOzoneClusterImpl-68ada62c-70c2-422c-a450-57ae95aadfb6/datanode-2/data/ratis/a56c3b31-118e-44ea-bded-912949633aef/in_use.lock acquired by nodename 26908@pr-hdds-1569-58hkm-1881083799
2019-09-12 11:36:31,878 [pool-314-thread-1] INFO  storage.RaftStorage (RaftStorage.java:format(72)) - Storage directory /workdir/hadoop-ozone/ozonefs/target/test-dir/MiniOzoneClusterImpl-68ada62c-70c2-422c-a450-57ae95aadfb6/datanode-2/data/ratis/a56c3b31-118e-44ea-bded-912949633aef has been successfully formatted.
2019-09-12 11:36:31,878 [pool-314-thread-1] INFO  ratis.ContainerStateMachine (ContainerStateMachine.java:loadSnapshot(226)) - group-912949633AEF: The snapshot info is null. Setting the last applied indexto:(t:0, i:~)
2019-09-12 11:36:31,878 [pool-314-thread-1] INFO  server.RaftServerConfigKeys (ConfUtils.java:logGet(43)) - raft.server.leader.election.timeout = 120s (custom)
2019-09-12 11:36:31,878 [pool-314-thread-1] INFO  server.RaftServerConfigKeys (ConfUtils.java:logGet(43)) - raft.server.log.use.memory = false (default)
2019-09-12 11:36:31,879 [pool-314-thread-1] INFO  server.RaftServerConfigKeys (ConfUtils.java:logGet(43)) - raft.server.log.purge.gap = 1000000 (custom)
2019-09-12 11:36:31,879 [pool-314-thread-1] INFO  server.RaftServerConfigKeys (ConfUtils.java:logGet(43)) - raft.server.log.appender.buffer.byte-limit = 33554432 (custom)
2019-09-12 11:36:31,879 [pool-314-thread-1] INFO  server.RaftServerConfigKeys (ConfUtils.java:logGet(43)) - raft.server.log.segment.size.max = 1048576 (custom)
2019-09-12 11:36:31,879 [pool-314-thread-1] INFO  server.RaftServerConfigKeys (ConfUtils.java:logGet(43)) - raft.server.log.segment.cache.num.max = 2 (custom)
2019-09-12 11:36:31,879 [pool-314-thread-1] INFO  segmented.SegmentedRaftLogWorker (SegmentedRaftLogWorker.java:<init>(172)) - new a68b549c-a65a-44fd-9729-a5200a86921e-SegmentedRaftLogWorker:Storage Directory /workdir/hadoop-ozone/ozonefs/target/test-dir/MiniOzoneClusterImpl-68ada62c-70c2-422c-a450-57ae95aadfb6/datanode-2/data/ratis/a56c3b31-118e-44ea-bded-912949633aef for RaftStorage:Storage Directory /workdir/hadoop-ozone/ozonefs/target/test-dir/MiniOzoneClusterImpl-68ada62c-70c2-422c-a450-57ae95aadfb6/datanode-2/data/ratis/a56c3b31-118e-44ea-bded-912949633aef
2019-09-12 11:36:31,879 [pool-314-thread-1] INFO  server.RaftServerConfigKeys (ConfUtils.java:logGet(43)) - raft.server.log.queue.byte-limit = 2147483647 (custom)
2019-09-12 11:36:31,879 [pool-314-thread-1] INFO  server.RaftServerConfigKeys (ConfUtils.java:logGet(43)) - raft.server.log.queue.element-limit = 1024 (custom)
2019-09-12 11:36:31,880 [pool-314-thread-1] INFO  server.RaftServerConfigKeys (ConfUtils.java:logGet(43)) - raft.server.log.segment.size.max = 1048576 (custom)
2019-09-12 11:36:31,880 [pool-314-thread-1] INFO  server.RaftServerConfigKeys (ConfUtils.java:logGet(43)) - raft.server.log.preallocated.size = 16384 (custom)
2019-09-12 11:36:31,880 [pool-314-thread-1] INFO  server.RaftServerConfigKeys (ConfUtils.java:logGet(43)) - raft.server.log.write.buffer.size = 33554432 (custom)
2019-09-12 11:36:31,880 [pool-314-thread-1] INFO  server.RaftServerConfigKeys (ConfUtils.java:logGet(43)) - raft.server.log.force.sync.num = 128 (default)
2019-09-12 11:36:31,880 [pool-314-thread-1] INFO  server.RaftServerConfigKeys (ConfUtils.java:logGet(43)) - raft.server.log.statemachine.data.sync = true (default)
2019-09-12 11:36:31,880 [pool-314-thread-1] INFO  server.RaftServerConfigKeys (ConfUtils.java:logGet(43)) - raft.server.log.statemachine.data.sync.timeout = 10s (default)
2019-09-12 11:36:31,880 [pool-314-thread-1] INFO  server.RaftServerConfigKeys (ConfUtils.java:logGet(43)) - raft.server.log.statemachine.data.sync.timeout.retry = -1 (default)
2019-09-12 11:36:31,881 [pool-314-thread-1] INFO  server.RaftServerConfigKeys (ConfUtils.java:logGet(43)) - raft.server.log.statemachine.data.caching.enabled = true (custom)
2019-09-12 11:36:31,881 [pool-314-thread-1] INFO  segmented.SegmentedRaftLogWorker (SegmentedRaftLogWorker.java:lambda$new$0(132)) - a68b549c-a65a-44fd-9729-a5200a86921e-SegmentedRaftLogWorker:Storage Directory /workdir/hadoop-ozone/ozonefs/target/test-dir/MiniOzoneClusterImpl-68ada62c-70c2-422c-a450-57ae95aadfb6/datanode-2/data/ratis/a56c3b31-118e-44ea-bded-912949633aef: flushIndex: setUnconditionally 0 -> -1
2019-09-12 11:36:31,881 [pool-314-thread-1] INFO  server.RaftServerConfigKeys (ConfUtils.java:logGet(43)) - raft.server.snapshot.auto.trigger.enabled = true (custom)
2019-09-12 11:36:31,881 [pool-314-thread-1] INFO  server.RaftServerConfigKeys (ConfUtils.java:logGet(43)) - raft.server.snapshot.auto.trigger.threshold = 10000 (custom)
2019-09-12 11:36:31,882 [pool-314-thread-1] INFO  server.RaftServerConfigKeys (ConfUtils.java:logGet(43)) - raft.server.retrycache.expirytime = 600000ms (custom)
2019-09-12 11:36:31,882 [pool-314-thread-1] INFO  impl.RaftServerImpl (RaftServerImpl.java:start(180)) - a68b549c-a65a-44fd-9729-a5200a86921e: start group-912949633AEF
2019-09-12 11:36:31,882 [pool-314-thread-1] INFO  impl.RaftServerImpl (RaftServerImpl.java:setRole(171)) - a68b549c-a65a-44fd-9729-a5200a86921e:group-912949633AEF changes role from null to FOLLOWER at term 0 for startAsFollower
2019-09-12 11:36:31,882 [pool-314-thread-1] INFO  impl.RoleInfo (RoleInfo.java:updateAndGet(143)) - a68b549c-a65a-44fd-9729-a5200a86921e: start FollowerState
2019-09-12 11:36:31,882 [pool-314-thread-1] INFO  util.JmxRegister (JmxRegister.java:tryRegister(44)) - Successfully registered JMX Bean with object name Ratis:service=RaftServer,group=group-912949633AEF,id=a68b549c-a65a-44fd-9729-a5200a86921e
2019-09-12 11:36:31,885 [RatisPipelineUtilsThread] INFO  pipeline.PipelineStateManager (PipelineStateManager.java:addPipeline(56)) - Created pipeline Pipeline[ Id: a56c3b31-118e-44ea-bded-912949633aef, Nodes: a68b549c-a65a-44fd-9729-a5200a86921e{ip: 192.168.36.114, host: pr-hdds-1569-58hkm-1881083799, networkLocation: /default-rack, certSerialId: null}, Type:RATIS, Factor:ONE, State:OPEN]
2019-09-12 11:36:31,885 [RatisPipelineUtilsThread] ERROR pipeline.PipelinePlacementPolicy (PipelinePlacementPolicy.java:meetCriteria(92)) - Pipeline Placement: Doesn't meet the criteria to be viable node. Heaviness: 6
2019-09-12 11:36:31,886 [RatisPipelineUtilsThread] ERROR pipeline.PipelinePlacementPolicy (PipelinePlacementPolicy.java:meetCriteria(92)) - Pipeline Placement: Doesn't meet the criteria to be viable node. Heaviness: 6
2019-09-12 11:36:31,886 [RatisPipelineUtilsThread] ERROR pipeline.PipelinePlacementPolicy (PipelinePlacementPolicy.java:meetCriteria(92)) - Pipeline Placement: Doesn't meet the criteria to be viable node. Heaviness: 6
2019-09-12 11:36:31,886 [RatisPipelineUtilsThread] ERROR pipeline.PipelinePlacementPolicy (PipelinePlacementPolicy.java:filterViableNodes(147)) - Unable to find enough nodes that meet the criteria that cannot engage in more than 5 pipelines. Nodes required: 1 Found: 0, healthy nodes count inNodeManager: 3.
2019-09-12 11:36:31,886 [RatisPipelineUtilsThread] ERROR pipeline.SCMPipelineManager (SCMPipelineManager.java:createPipeline(161)) - Pipeline creation failed due to exception: Unable to find enough nodes that meet the criteria that cannot engage in more than 5 pipelines. Nodes required: 1 Found: 0, healthy nodes count inNodeManager: 3.
2019-09-12 11:36:31,886 [RatisPipelineUtilsThread] ERROR pipeline.PipelinePlacementPolicy (PipelinePlacementPolicy.java:meetCriteria(92)) - Pipeline Placement: Doesn't meet the criteria to be viable node. Heaviness: 6
2019-09-12 11:36:31,887 [RatisPipelineUtilsThread] ERROR pipeline.PipelinePlacementPolicy (PipelinePlacementPolicy.java:meetCriteria(92)) - Pipeline Placement: Doesn't meet the criteria to be viable node. Heaviness: 6
2019-09-12 11:36:31,887 [RatisPipelineUtilsThread] ERROR pipeline.PipelinePlacementPolicy (PipelinePlacementPolicy.java:meetCriteria(92)) - Pipeline Placement: Doesn't meet the criteria to be viable node. Heaviness: 6
2019-09-12 11:36:31,887 [RatisPipelineUtilsThread] ERROR pipeline.PipelinePlacementPolicy (PipelinePlacementPolicy.java:filterViableNodes(147)) - Unable to find enough nodes that meet the criteria that cannot engage in more than 5 pipelines. Nodes required: 3 Found: 0, healthy nodes count inNodeManager: 3.
2019-09-12 11:36:31,887 [RatisPipelineUtilsThread] ERROR pipeline.SCMPipelineManager (SCMPipelineManager.java:createPipeline(161)) - Pipeline creation failed due to exception: Unable to find enough nodes that meet the criteria that cannot engage in more than 5 pipelines. Nodes required: 3 Found: 0, healthy nodes count inNodeManager: 3.
2019-09-12 11:36:31,887 [RatisPipelineUtilsThread] ERROR pipeline.PipelinePlacementPolicy (PipelinePlacementPolicy.java:meetCriteria(92)) - Pipeline Placement: Doesn't meet the criteria to be viable node. Heaviness: 6
2019-09-12 11:36:31,887 [RatisPipelineUtilsThread] ERROR pipeline.PipelinePlacementPolicy (PipelinePlacementPolicy.java:meetCriteria(92)) - Pipeline Placement: Doesn't meet the criteria to be viable node. Heaviness: 6
2019-09-12 11:36:31,888 [RatisPipelineUtilsThread] ERROR pipeline.PipelinePlacementPolicy (PipelinePlacementPolicy.java:meetCriteria(92)) - Pipeline Placement: Doesn't meet the criteria to be viable node. Heaviness: 6
2019-09-12 11:36:31,888 [RatisPipelineUtilsThread] ERROR pipeline.PipelinePlacementPolicy (PipelinePlacementPolicy.java:filterViableNodes(147)) - Unable to find enough nodes that meet the criteria that cannot engage in more than 5 pipelines. Nodes required: 1 Found: 0, healthy nodes count inNodeManager: 3.
2019-09-12 11:36:31,888 [RatisPipelineUtilsThread] ERROR pipeline.SCMPipelineManager (SCMPipelineManager.java:createPipeline(161)) - Pipeline creation failed due to exception: Unable to find enough nodes that meet the criteria that cannot engage in more than 5 pipelines. Nodes required: 1 Found: 0, healthy nodes count inNodeManager: 3.
2019-09-12 11:36:31,888 [RatisPipelineUtilsThread] ERROR pipeline.PipelinePlacementPolicy (PipelinePlacementPolicy.java:meetCriteria(92)) - Pipeline Placement: Doesn't meet the criteria to be viable node. Heaviness: 6
2019-09-12 11:36:31,888 [RatisPipelineUtilsThread] ERROR pipeline.PipelinePlacementPolicy (PipelinePlacementPolicy.java:meetCriteria(92)) - Pipeline Placement: Doesn't meet the criteria to be viable node. Heaviness: 6
2019-09-12 11:36:31,888 [RatisPipelineUtilsThread] ERROR pipeline.PipelinePlacementPolicy (PipelinePlacementPolicy.java:meetCriteria(92)) - Pipeline Placement: Doesn't meet the criteria to be viable node. Heaviness: 6
2019-09-12 11:36:31,889 [RatisPipelineUtilsThread] ERROR pipeline.PipelinePlacementPolicy (PipelinePlacementPolicy.java:filterViableNodes(147)) - Unable to find enough nodes that meet the criteria that cannot engage in more than 5 pipelines. Nodes required: 3 Found: 0, healthy nodes count inNodeManager: 3.
2019-09-12 11:36:31,889 [RatisPipelineUtilsThread] ERROR pipeline.SCMPipelineManager (SCMPipelineManager.java:createPipeline(161)) - Pipeline creation failed due to exception: Unable to find enough nodes that meet the criteria that cannot engage in more than 5 pipelines. Nodes required: 3 Found: 0, healthy nodes count inNodeManager: 3.
2019-09-12 11:36:32,599 [Thread-1338] INFO  ozone.MiniOzoneClusterImpl (MiniOzoneClusterImpl.java:lambda$waitForClusterToBeReady$0(142)) - Cluster is ready. Got 3 of 3 DN Heartbeats.
2019-09-12 11:36:33,042 | INFO  | OMAudit | user=jenkins1000 | ip=127.0.0.1 | op=CREATE_VOLUME {admin=admin70523, owner=user27164, volume=volume08531, creationTime=1568288193041, quotaInBytes=1152921504606846976} | ret=SUCCESS |  
2019-09-12 11:36:33,052 | INFO  | OMAudit | user=jenkins1000 | ip=127.0.0.1 | op=CREATE_BUCKET {volume=volume08531, bucket=bucket73945, acls=[], isVersionEnabled=false, storageType=DISK, creationTime=0} | ret=SUCCESS |  
2019-09-12 11:36:33,070 | INFO  | OMAudit | user=jenkins1000 | ip=127.0.0.1 | op=READ_VOLUME {volume=volume08531} | ret=SUCCESS |  
2019-09-12 11:36:33,072 | INFO  | OMAudit | user=jenkins1000 | ip=127.0.0.1 | op=READ_BUCKET {volume=volume08531, bucket=bucket73945} | ret=SUCCESS |  
2019-09-12 11:36:33,093 [IPC Server handler 1 on 45127] ERROR pipeline.PipelinePlacementPolicy (PipelinePlacementPolicy.java:meetCriteria(92)) - Pipeline Placement: Doesn't meet the criteria to be viable node. Heaviness: 6
2019-09-12 11:36:33,094 [IPC Server handler 1 on 45127] ERROR pipeline.PipelinePlacementPolicy (PipelinePlacementPolicy.java:meetCriteria(92)) - Pipeline Placement: Doesn't meet the criteria to be viable node. Heaviness: 6
2019-09-12 11:36:33,094 [IPC Server handler 1 on 45127] ERROR pipeline.PipelinePlacementPolicy (PipelinePlacementPolicy.java:meetCriteria(92)) - Pipeline Placement: Doesn't meet the criteria to be viable node. Heaviness: 6
2019-09-12 11:36:33,094 [IPC Server handler 1 on 45127] ERROR pipeline.PipelinePlacementPolicy (PipelinePlacementPolicy.java:filterViableNodes(147)) - Unable to find enough nodes that meet the criteria that cannot engage in more than 5 pipelines. Nodes required: 3 Found: 0, healthy nodes count inNodeManager: 3.
2019-09-12 11:36:33,094 [IPC Server handler 1 on 45127] ERROR pipeline.SCMPipelineManager (SCMPipelineManager.java:createPipeline(161)) - Pipeline creation failed due to exception: Unable to find enough nodes that meet the criteria that cannot engage in more than 5 pipelines. Nodes required: 3 Found: 0, healthy nodes count inNodeManager: 3.
2019-09-12 11:36:33,094 [IPC Server handler 1 on 45127] WARN  block.BlockManagerImpl (BlockManagerImpl.java:allocateBlock(192)) - Pipeline creation failed for type:RATIS factor:THREE. Retrying get pipelines call once.
org.apache.hadoop.hdds.scm.exceptions.SCMException: Unable to find enough nodes that meet the criteria that cannot engage in more than 5 pipelines. Nodes required: 3 Found: 0, healthy nodes count inNodeManager: 3.
	at org.apache.hadoop.hdds.scm.pipeline.PipelinePlacementPolicy.filterViableNodes(PipelinePlacementPolicy.java:148)
	at org.apache.hadoop.hdds.scm.pipeline.PipelinePlacementPolicy.chooseDatanodes(PipelinePlacementPolicy.java:171)
	at org.apache.hadoop.hdds.scm.pipeline.RatisPipelineProvider.create(RatisPipelineProvider.java:100)
	at org.apache.hadoop.hdds.scm.pipeline.PipelineFactory.create(PipelineFactory.java:57)
	at org.apache.hadoop.hdds.scm.pipeline.SCMPipelineManager.createPipeline(SCMPipelineManager.java:149)
	at org.apache.hadoop.hdds.scm.block.BlockManagerImpl.allocateBlock(BlockManagerImpl.java:190)
	at org.apache.hadoop.hdds.scm.server.SCMBlockProtocolServer.allocateBlock(SCMBlockProtocolServer.java:175)
	at org.apache.hadoop.ozone.protocolPB.ScmBlockLocationProtocolServerSideTranslatorPB.allocateScmBlock(ScmBlockLocationProtocolServerSideTranslatorPB.java:153)
	at org.apache.hadoop.ozone.protocolPB.ScmBlockLocationProtocolServerSideTranslatorPB.send(ScmBlockLocationProtocolServerSideTranslatorPB.java:112)
	at org.apache.hadoop.hdds.protocol.proto.ScmBlockLocationProtocolProtos$ScmBlockLocationProtocolService$2.callBlockingMethod(ScmBlockLocationProtocolProtos.java:13157)
	at org.apache.hadoop.ipc.ProtobufRpcEngine$Server$ProtoBufRpcInvoker.call(ProtobufRpcEngine.java:524)
	at org.apache.hadoop.ipc.RPC$Server.call(RPC.java:1025)
	at org.apache.hadoop.ipc.Server$RpcCall.run(Server.java:876)
	at org.apache.hadoop.ipc.Server$RpcCall.run(Server.java:822)
	at java.security.AccessController.doPrivileged(Native Method)
	at javax.security.auth.Subject.doAs(Subject.java:422)
	at org.apache.hadoop.security.UserGroupInformation.doAs(UserGroupInformation.java:1730)
	at org.apache.hadoop.ipc.Server$Handler.run(Server.java:2682)
2019-09-12 11:36:33,095 [IPC Server handler 1 on 45127] INFO  block.BlockManagerImpl (BlockManagerImpl.java:allocateBlock(198)) - Could not find available pipeline of type:RATIS and factor:THREE even after retrying
2019-09-12 11:36:33,095 [IPC Server handler 1 on 45127] ERROR block.BlockManagerImpl (BlockManagerImpl.java:allocateBlock(222)) - Unable to allocate a block for the size: 4194304, type: RATIS, factor: THREE
2019-09-12 11:36:33,095 | INFO  | SCMAudit | user=jenkins1000 | ip=192.168.36.114 | op=ALLOCATE_BLOCK {owner=7944301b-5219-4ec5-bbf8-8a1988289aff, size=4194304, type=RATIS, factor=THREE} | ret=SUCCESS |  
2019-09-12 11:36:33,098 | ERROR | OMAudit | user=jenkins1000 | ip=127.0.0.1 | op=CREATE_FILE {volume=volume08531, bucket=bucket73945, key=testDeleteCreatesFakeParentDir/parent/child, dataSize=0, replicationType=RATIS, replicationFactor=THREE, keyLocationInfo=null} | ret=FAILURE | org.apache.hadoop.hdds.scm.exceptions.SCMException: Allocated 0 blocks. Requested 1 blocks
	at org.apache.hadoop.hdds.scm.protocolPB.ScmBlockLocationProtocolClientSideTranslatorPB.handleError(ScmBlockLocationProtocolClientSideTranslatorPB.java:118)
	at org.apache.hadoop.hdds.scm.protocolPB.ScmBlockLocationProtocolClientSideTranslatorPB.allocateBlock(ScmBlockLocationProtocolClientSideTranslatorPB.java:156) 
2019-09-12 11:36:33,101 [Thread-1338] INFO  ozone.MiniOzoneClusterImpl (MiniOzoneClusterImpl.java:shutdown(321)) - Shutting down the Mini Ozone Cluster
2019-09-12 11:36:33,101 | INFO  | SCMAudit | user=null | ip=null | op=GET_SCM_INFO null | ret=SUCCESS |  
2019-09-12 11:36:33,101 [Thread-1338] INFO  ozone.MiniOzoneClusterImpl (MiniOzoneClusterImpl.java:stop(336)) - Stopping the Mini Ozone Cluster
2019-09-12 11:36:33,101 [Thread-1338] INFO  ozone.MiniOzoneClusterImpl (MiniOzoneClusterImpl.java:stop(338)) - Stopping the OzoneManager
2019-09-12 11:36:33,101 [Thread-1338] INFO  ipc.Server (Server.java:stop(3082)) - Stopping server on 34938
2019-09-12 11:36:33,104 [IPC Server listener on 34938] INFO  ipc.Server (Server.java:run(1185)) - Stopping IPC Server listener on 34938
2019-09-12 11:36:33,104 [Thread-1338] INFO  ratis.OzoneManagerDoubleBuffer (OzoneManagerDoubleBuffer.java:stop(248)) - Stopping OMDoubleBuffer flush thread
2019-09-12 11:36:33,105 [IPC Server Responder] INFO  ipc.Server (Server.java:run(1319)) - Stopping IPC Server Responder
2019-09-12 11:36:33,105 [OMDoubleBufferFlushThread] INFO  ratis.OzoneManagerDoubleBuffer (OzoneManagerDoubleBuffer.java:flushTransactions(191)) - OMDoubleBuffer flush thread OMDoubleBufferFlushThread is interrupted and will exit. OMDoubleBufferFlushThread
2019-09-12 11:36:33,107 [Thread-1338] INFO  utils.BackgroundService (BackgroundService.java:shutdown(148)) - Shutting down service KeyDeletingService
2019-09-12 11:36:33,109 [Thread-1338] INFO  handler.ContextHandler (ContextHandler.java:doStop(910)) - Stopped o.e.j.w.WebAppContext@718442b{/,null,UNAVAILABLE}{/ozoneManager}
2019-09-12 11:36:33,110 [Thread-1338] INFO  server.AbstractConnector (AbstractConnector.java:doStop(318)) - Stopped ServerConnector@177f38ff{HTTP/1.1,[http/1.1]}{0.0.0.0:0}
2019-09-12 11:36:33,110 [Thread-1338] INFO  handler.ContextHandler (ContextHandler.java:doStop(910)) - Stopped o.e.j.s.ServletContextHandler@1b6af439{/static,jar:file:/home/user/.m2/repository/org/apache/hadoop/hadoop-ozone-ozone-manager/0.5.0-SNAPSHOT/hadoop-ozone-ozone-manager-0.5.0-SNAPSHOT.jar!/webapps/static,UNAVAILABLE}
2019-09-12 11:36:33,111 [Thread-1338] INFO  handler.ContextHandler (ContextHandler.java:doStop(910)) - Stopped o.e.j.s.ServletContextHandler@67cfc8d{/logs,file:///workdir/hadoop-ozone/ozonefs/target/log,UNAVAILABLE}
2019-09-12 11:36:33,119 [Thread-1338] INFO  ozone.MiniOzoneClusterImpl (MiniOzoneClusterImpl.java:stop(344)) - Shutting the HddsDatanodes
2019-09-12 11:36:33,120 [Thread-1338] INFO  datanode.ObjectStoreHandler (ObjectStoreHandler.java:close(155)) - Closing ObjectStoreHandler.
2019-09-12 11:36:33,120 [ForkJoinPool.commonPool-worker-0] INFO  datanode.ObjectStoreHandler (ObjectStoreHandler.java:close(155)) - Closing ObjectStoreHandler.
2019-09-12 11:36:33,120 [Thread-1338] INFO  ozone.HddsDatanodeService (HddsDatanodeService.java:stop(451)) - Stopped plug-in org.apache.hadoop.ozone.web.OzoneHddsDatanodeService@6974cadc
2019-09-12 11:36:33,120 [ForkJoinPool.commonPool-worker-0] INFO  ozone.HddsDatanodeService (HddsDatanodeService.java:stop(451)) - Stopped plug-in org.apache.hadoop.ozone.web.OzoneHddsDatanodeService@59001cf3
2019-09-12 11:36:33,141 [Datanode State Machine Thread - 0] INFO  statemachine.DatanodeStateMachine (DatanodeStateMachine.java:lambda$startDaemon$0(350)) - Ozone container server started.
2019-09-12 11:36:33,358 [Datanode State Machine Thread - 0] INFO  statemachine.DatanodeStateMachine (DatanodeStateMachine.java:lambda$startDaemon$0(350)) - Ozone container server started.
2019-09-12 11:36:33,600 | INFO  | SCMAudit | user=jenkins1000 | ip=192.168.36.114 | op=SEND_HEARTBEAT {datanodeUUID=a68b549c-a65a-44fd-9729-a5200a86921e, command=[]} | ret=SUCCESS |  
2019-09-12 11:36:34,155 [Thread-1510] INFO  container.ReplicationManager (ReplicationManager.java:start(151)) - Starting Replication Monitor Thread.
2019-09-12 11:36:34,158 [ReplicationMonitor] INFO  container.ReplicationManager (ReplicationManager.java:run(214)) - Replication Monitor Thread took 0 milliseconds for processing 0 containers.
2019-09-12 11:36:34,599 | INFO  | SCMAudit | user=jenkins1000 | ip=192.168.36.114 | op=SEND_HEARTBEAT {datanodeUUID=a68b549c-a65a-44fd-9729-a5200a86921e, command=[]} | ret=SUCCESS |  
2019-09-12 11:36:35,600 | INFO  | SCMAudit | user=jenkins1000 | ip=192.168.36.114 | op=SEND_HEARTBEAT {datanodeUUID=a68b549c-a65a-44fd-9729-a5200a86921e, command=[]} | ret=SUCCESS |  
2019-09-12 11:36:36,249 [Thread-1512] INFO  impl.FollowerState (FollowerState.java:run(106)) - 234a4227-e4f9-45d9-8538-4aa42c77f7ad:group-6C0AFF933B46 changes to CANDIDATE, lastRpcTime:5045, electionTimeout:5045ms
2019-09-12 11:36:36,249 [Thread-1512] INFO  impl.RoleInfo (RoleInfo.java:shutdownFollowerState(121)) - 234a4227-e4f9-45d9-8538-4aa42c77f7ad: shutdown FollowerState
2019-09-12 11:36:36,249 [Thread-1512] INFO  impl.RaftServerImpl (RaftServerImpl.java:setRole(171)) - 234a4227-e4f9-45d9-8538-4aa42c77f7ad:group-6C0AFF933B46 changes role from FOLLOWER to CANDIDATE at term 0 for changeToCandidate
2019-09-12 11:36:36,249 [Thread-1512] INFO  impl.RoleInfo (RoleInfo.java:updateAndGet(143)) - 234a4227-e4f9-45d9-8538-4aa42c77f7ad: start LeaderElection
2019-09-12 11:36:36,266 [234a4227-e4f9-45d9-8538-4aa42c77f7ad:group-6C0AFF933B46:LeaderElection91] INFO  impl.LeaderElection (LeaderElection.java:askForVotes(181)) - 234a4227-e4f9-45d9-8538-4aa42c77f7ad:group-6C0AFF933B46:LeaderElection91: begin an election at term 1 for -1: [234a4227-e4f9-45d9-8538-4aa42c77f7ad:192.168.36.114:42023], old=null
2019-09-12 11:36:36,266 [234a4227-e4f9-45d9-8538-4aa42c77f7ad:group-6C0AFF933B46:LeaderElection91] INFO  impl.RoleInfo (RoleInfo.java:shutdownLeaderElection(134)) - 234a4227-e4f9-45d9-8538-4aa42c77f7ad: shutdown LeaderElection
2019-09-12 11:36:36,266 [234a4227-e4f9-45d9-8538-4aa42c77f7ad:group-6C0AFF933B46:LeaderElection91] INFO  impl.RaftServerImpl (RaftServerImpl.java:setRole(171)) - 234a4227-e4f9-45d9-8538-4aa42c77f7ad:group-6C0AFF933B46 changes role from CANDIDATE to LEADER at term 1 for changeToLeader
2019-09-12 11:36:36,266 [234a4227-e4f9-45d9-8538-4aa42c77f7ad:group-6C0AFF933B46:LeaderElection91] INFO  impl.RaftServerImpl (ServerState.java:setLeader(263)) - 234a4227-e4f9-45d9-8538-4aa42c77f7ad:group-6C0AFF933B46 change Leader from null to 234a4227-e4f9-45d9-8538-4aa42c77f7ad at term 1 for becomeLeader, leader elected after 5068ms
2019-09-12 11:36:36,266 [234a4227-e4f9-45d9-8538-4aa42c77f7ad:group-6C0AFF933B46:LeaderElection91] INFO  server.RaftServerConfigKeys (ConfUtils.java:logGet(43)) - raft.server.staging.catchup.gap = 1000 (default)
2019-09-12 11:36:36,266 [234a4227-e4f9-45d9-8538-4aa42c77f7ad:group-6C0AFF933B46:LeaderElection91] INFO  server.RaftServerConfigKeys (ConfUtils.java:logGet(43)) - raft.server.rpc.sleep.time = 25ms (default)
2019-09-12 11:36:36,267 [234a4227-e4f9-45d9-8538-4aa42c77f7ad:group-6C0AFF933B46:LeaderElection91] INFO  server.RaftServerConfigKeys (ConfUtils.java:logGet(43)) - raft.server.write.element-limit = 4096 (default)
2019-09-12 11:36:36,267 [234a4227-e4f9-45d9-8538-4aa42c77f7ad:group-6C0AFF933B46:LeaderElection91] INFO  server.RaftServerConfigKeys (ConfUtils.java:logGet(43)) - raft.server.watch.timeout = 10s (default)
2019-09-12 11:36:36,267 [234a4227-e4f9-45d9-8538-4aa42c77f7ad:group-6C0AFF933B46:LeaderElection91] INFO  server.RaftServerConfigKeys (ConfUtils.java:logGet(43)) - raft.server.watch.timeout.denomination = 1s (default)
2019-09-12 11:36:36,267 [234a4227-e4f9-45d9-8538-4aa42c77f7ad:group-6C0AFF933B46:LeaderElection91] INFO  server.RaftServerConfigKeys (ConfUtils.java:logGet(43)) - raft.server.watch.element-limit = 65536 (default)
2019-09-12 11:36:36,267 [234a4227-e4f9-45d9-8538-4aa42c77f7ad:group-6C0AFF933B46:LeaderElection91] INFO  impl.RoleInfo (RoleInfo.java:updateAndGet(143)) - 234a4227-e4f9-45d9-8538-4aa42c77f7ad: start LeaderState
2019-09-12 11:36:36,268 [234a4227-e4f9-45d9-8538-4aa42c77f7ad:group-6C0AFF933B46:LeaderElection91] INFO  segmented.SegmentedRaftLogWorker (SegmentedRaftLogWorker.java:startLogSegment(380)) - 234a4227-e4f9-45d9-8538-4aa42c77f7ad-SegmentedRaftLogWorker:Storage Directory /workdir/hadoop-ozone/ozonefs/target/test-dir/MiniOzoneClusterImpl-68ada62c-70c2-422c-a450-57ae95aadfb6/datanode-0/data/ratis/efbda4a5-3725-4e78-8d71-6c0aff933b46: Starting segment from index:0
2019-09-12 11:36:36,269 [234a4227-e4f9-45d9-8538-4aa42c77f7ad:group-6C0AFF933B46:LeaderElection91] INFO  impl.RaftServerImpl (ServerState.java:setRaftConf(361)) - 234a4227-e4f9-45d9-8538-4aa42c77f7ad:group-6C0AFF933B46 set configuration 0: [234a4227-e4f9-45d9-8538-4aa42c77f7ad:192.168.36.114:42023], old=null at 0
2019-09-12 11:36:36,309 [234a4227-e4f9-45d9-8538-4aa42c77f7ad-SegmentedRaftLogWorker:Storage Directory /workdir/hadoop-ozone/ozonefs/target/test-dir/MiniOzoneClusterImpl-68ada62c-70c2-422c-a450-57ae95aadfb6/datanode-0/data/ratis/efbda4a5-3725-4e78-8d71-6c0aff933b46] INFO  segmented.SegmentedRaftLogWorker (SegmentedRaftLogWorker.java:execute(569)) - 234a4227-e4f9-45d9-8538-4aa42c77f7ad-SegmentedRaftLogWorker:Storage Directory /workdir/hadoop-ozone/ozonefs/target/test-dir/MiniOzoneClusterImpl-68ada62c-70c2-422c-a450-57ae95aadfb6/datanode-0/data/ratis/efbda4a5-3725-4e78-8d71-6c0aff933b46: created new log segment /workdir/hadoop-ozone/ozonefs/target/test-dir/MiniOzoneClusterImpl-68ada62c-70c2-422c-a450-57ae95aadfb6/datanode-0/data/ratis/efbda4a5-3725-4e78-8d71-6c0aff933b46/current/log_inprogress_0
2019-09-12 11:36:36,355 [Thread-1515] INFO  impl.FollowerState (FollowerState.java:run(106)) - 234a4227-e4f9-45d9-8538-4aa42c77f7ad:group-5C949BD67C5E changes to CANDIDATE, lastRpcTime:5108, electionTimeout:5108ms
2019-09-12 11:36:36,355 [Thread-1515] INFO  impl.RoleInfo (RoleInfo.java:shutdownFollowerState(121)) - 234a4227-e4f9-45d9-8538-4aa42c77f7ad: shutdown FollowerState
2019-09-12 11:36:36,355 [Thread-1515] INFO  impl.RaftServerImpl (RaftServerImpl.java:setRole(171)) - 234a4227-e4f9-45d9-8538-4aa42c77f7ad:group-5C949BD67C5E changes role from FOLLOWER to CANDIDATE at term 0 for changeToCandidate
2019-09-12 11:36:36,355 [Thread-1515] INFO  impl.RoleInfo (RoleInfo.java:updateAndGet(143)) - 234a4227-e4f9-45d9-8538-4aa42c77f7ad: start LeaderElection
2019-09-12 11:36:36,369 [234a4227-e4f9-45d9-8538-4aa42c77f7ad:group-5C949BD67C5E:LeaderElection92] INFO  impl.LeaderElection (LeaderElection.java:askForVotes(181)) - 234a4227-e4f9-45d9-8538-4aa42c77f7ad:group-5C949BD67C5E:LeaderElection92: begin an election at term 1 for -1: [234a4227-e4f9-45d9-8538-4aa42c77f7ad:192.168.36.114:42023], old=null
2019-09-12 11:36:36,369 [234a4227-e4f9-45d9-8538-4aa42c77f7ad:group-5C949BD67C5E:LeaderElection92] INFO  impl.RoleInfo (RoleInfo.java:shutdownLeaderElection(134)) - 234a4227-e4f9-45d9-8538-4aa42c77f7ad: shutdown LeaderElection
2019-09-12 11:36:36,370 [234a4227-e4f9-45d9-8538-4aa42c77f7ad:group-5C949BD67C5E:LeaderElection92] INFO  impl.RaftServerImpl (RaftServerImpl.java:setRole(171)) - 234a4227-e4f9-45d9-8538-4aa42c77f7ad:group-5C949BD67C5E changes role from CANDIDATE to LEADER at term 1 for changeToLeader
2019-09-12 11:36:36,370 [234a4227-e4f9-45d9-8538-4aa42c77f7ad:group-5C949BD67C5E:LeaderElection92] INFO  impl.RaftServerImpl (ServerState.java:setLeader(263)) - 234a4227-e4f9-45d9-8538-4aa42c77f7ad:group-5C949BD67C5E change Leader from null to 234a4227-e4f9-45d9-8538-4aa42c77f7ad at term 1 for becomeLeader, leader elected after 5127ms
2019-09-12 11:36:36,370 [234a4227-e4f9-45d9-8538-4aa42c77f7ad:group-5C949BD67C5E:LeaderElection92] INFO  server.RaftServerConfigKeys (ConfUtils.java:logGet(43)) - raft.server.staging.catchup.gap = 1000 (default)
2019-09-12 11:36:36,370 [234a4227-e4f9-45d9-8538-4aa42c77f7ad:group-5C949BD67C5E:LeaderElection92] INFO  server.RaftServerConfigKeys (ConfUtils.java:logGet(43)) - raft.server.rpc.sleep.time = 25ms (default)
2019-09-12 11:36:36,370 [234a4227-e4f9-45d9-8538-4aa42c77f7ad:group-5C949BD67C5E:LeaderElection92] INFO  server.RaftServerConfigKeys (ConfUtils.java:logGet(43)) - raft.server.write.element-limit = 4096 (default)
2019-09-12 11:36:36,370 [234a4227-e4f9-45d9-8538-4aa42c77f7ad:group-5C949BD67C5E:LeaderElection92] INFO  server.RaftServerConfigKeys (ConfUtils.java:logGet(43)) - raft.server.watch.timeout = 10s (default)
2019-09-12 11:36:36,370 [234a4227-e4f9-45d9-8538-4aa42c77f7ad:group-5C949BD67C5E:LeaderElection92] INFO  server.RaftServerConfigKeys (ConfUtils.java:logGet(43)) - raft.server.watch.timeout.denomination = 1s (default)
2019-09-12 11:36:36,370 [234a4227-e4f9-45d9-8538-4aa42c77f7ad:group-5C949BD67C5E:LeaderElection92] INFO  server.RaftServerConfigKeys (ConfUtils.java:logGet(43)) - raft.server.watch.element-limit = 65536 (default)
2019-09-12 11:36:36,371 [234a4227-e4f9-45d9-8538-4aa42c77f7ad:group-5C949BD67C5E:LeaderElection92] INFO  impl.RoleInfo (RoleInfo.java:updateAndGet(143)) - 234a4227-e4f9-45d9-8538-4aa42c77f7ad: start LeaderState
2019-09-12 11:36:36,371 [234a4227-e4f9-45d9-8538-4aa42c77f7ad:group-5C949BD67C5E:LeaderElection92] INFO  segmented.SegmentedRaftLogWorker (SegmentedRaftLogWorker.java:startLogSegment(380)) - 234a4227-e4f9-45d9-8538-4aa42c77f7ad-SegmentedRaftLogWorker:Storage Directory /workdir/hadoop-ozone/ozonefs/target/test-dir/MiniOzoneClusterImpl-68ada62c-70c2-422c-a450-57ae95aadfb6/datanode-0/data/ratis/dc45960b-24ab-407b-8db5-5c949bd67c5e: Starting segment from index:0
2019-09-12 11:36:36,371 [234a4227-e4f9-45d9-8538-4aa42c77f7ad:group-5C949BD67C5E:LeaderElection92] INFO  impl.RaftServerImpl (ServerState.java:setRaftConf(361)) - 234a4227-e4f9-45d9-8538-4aa42c77f7ad:group-5C949BD67C5E set configuration 0: [234a4227-e4f9-45d9-8538-4aa42c77f7ad:192.168.36.114:42023], old=null at 0
2019-09-12 11:36:36,377 [Thread-1518] INFO  impl.FollowerState (FollowerState.java:run(106)) - 234a4227-e4f9-45d9-8538-4aa42c77f7ad:group-9EF7BEA11793 changes to CANDIDATE, lastRpcTime:5086, electionTimeout:5086ms
2019-09-12 11:36:36,377 [Thread-1518] INFO  impl.RoleInfo (RoleInfo.java:shutdownFollowerState(121)) - 234a4227-e4f9-45d9-8538-4aa42c77f7ad: shutdown FollowerState
2019-09-12 11:36:36,377 [Thread-1518] INFO  impl.RaftServerImpl (RaftServerImpl.java:setRole(171)) - 234a4227-e4f9-45d9-8538-4aa42c77f7ad:group-9EF7BEA11793 changes role from FOLLOWER to CANDIDATE at term 0 for changeToCandidate
2019-09-12 11:36:36,377 [Thread-1518] INFO  impl.RoleInfo (RoleInfo.java:updateAndGet(143)) - 234a4227-e4f9-45d9-8538-4aa42c77f7ad: start LeaderElection
2019-09-12 11:36:36,409 [234a4227-e4f9-45d9-8538-4aa42c77f7ad-SegmentedRaftLogWorker:Storage Directory /workdir/hadoop-ozone/ozonefs/target/test-dir/MiniOzoneClusterImpl-68ada62c-70c2-422c-a450-57ae95aadfb6/datanode-0/data/ratis/dc45960b-24ab-407b-8db5-5c949bd67c5e] INFO  segmented.SegmentedRaftLogWorker (SegmentedRaftLogWorker.java:execute(569)) - 234a4227-e4f9-45d9-8538-4aa42c77f7ad-SegmentedRaftLogWorker:Storage Directory /workdir/hadoop-ozone/ozonefs/target/test-dir/MiniOzoneClusterImpl-68ada62c-70c2-422c-a450-57ae95aadfb6/datanode-0/data/ratis/dc45960b-24ab-407b-8db5-5c949bd67c5e: created new log segment /workdir/hadoop-ozone/ozonefs/target/test-dir/MiniOzoneClusterImpl-68ada62c-70c2-422c-a450-57ae95aadfb6/datanode-0/data/ratis/dc45960b-24ab-407b-8db5-5c949bd67c5e/current/log_inprogress_0
2019-09-12 11:36:36,409 [234a4227-e4f9-45d9-8538-4aa42c77f7ad:group-9EF7BEA11793:LeaderElection93] INFO  impl.LeaderElection (LeaderElection.java:askForVotes(181)) - 234a4227-e4f9-45d9-8538-4aa42c77f7ad:group-9EF7BEA11793:LeaderElection93: begin an election at term 1 for -1: [234a4227-e4f9-45d9-8538-4aa42c77f7ad:192.168.36.114:42023], old=null
2019-09-12 11:36:36,409 [234a4227-e4f9-45d9-8538-4aa42c77f7ad:group-9EF7BEA11793:LeaderElection93] INFO  impl.RoleInfo (RoleInfo.java:shutdownLeaderElection(134)) - 234a4227-e4f9-45d9-8538-4aa42c77f7ad: shutdown LeaderElection
2019-09-12 11:36:36,409 [234a4227-e4f9-45d9-8538-4aa42c77f7ad:group-9EF7BEA11793:LeaderElection93] INFO  impl.RaftServerImpl (RaftServerImpl.java:setRole(171)) - 234a4227-e4f9-45d9-8538-4aa42c77f7ad:group-9EF7BEA11793 changes role from CANDIDATE to LEADER at term 1 for changeToLeader
2019-09-12 11:36:36,409 [234a4227-e4f9-45d9-8538-4aa42c77f7ad:group-9EF7BEA11793:LeaderElection93] INFO  impl.RaftServerImpl (ServerState.java:setLeader(263)) - 234a4227-e4f9-45d9-8538-4aa42c77f7ad:group-9EF7BEA11793 change Leader from null to 234a4227-e4f9-45d9-8538-4aa42c77f7ad at term 1 for becomeLeader, leader elected after 5125ms
2019-09-12 11:36:36,410 [234a4227-e4f9-45d9-8538-4aa42c77f7ad:group-9EF7BEA11793:LeaderElection93] INFO  server.RaftServerConfigKeys (ConfUtils.java:logGet(43)) - raft.server.staging.catchup.gap = 1000 (default)
2019-09-12 11:36:36,410 [234a4227-e4f9-45d9-8538-4aa42c77f7ad:group-9EF7BEA11793:LeaderElection93] INFO  server.RaftServerConfigKeys (ConfUtils.java:logGet(43)) - raft.server.rpc.sleep.time = 25ms (default)
2019-09-12 11:36:36,410 [234a4227-e4f9-45d9-8538-4aa42c77f7ad:group-9EF7BEA11793:LeaderElection93] INFO  server.RaftServerConfigKeys (ConfUtils.java:logGet(43)) - raft.server.write.element-limit = 4096 (default)
2019-09-12 11:36:36,410 [234a4227-e4f9-45d9-8538-4aa42c77f7ad:group-9EF7BEA11793:LeaderElection93] INFO  server.RaftServerConfigKeys (ConfUtils.java:logGet(43)) - raft.server.watch.timeout = 10s (default)
2019-09-12 11:36:36,410 [234a4227-e4f9-45d9-8538-4aa42c77f7ad:group-9EF7BEA11793:LeaderElection93] INFO  server.RaftServerConfigKeys (ConfUtils.java:logGet(43)) - raft.server.watch.timeout.denomination = 1s (default)
2019-09-12 11:36:36,410 [234a4227-e4f9-45d9-8538-4aa42c77f7ad:group-9EF7BEA11793:LeaderElection93] INFO  server.RaftServerConfigKeys (ConfUtils.java:logGet(43)) - raft.server.watch.element-limit = 65536 (default)
2019-09-12 11:36:36,410 [234a4227-e4f9-45d9-8538-4aa42c77f7ad:group-9EF7BEA11793:LeaderElection93] INFO  impl.RoleInfo (RoleInfo.java:updateAndGet(143)) - 234a4227-e4f9-45d9-8538-4aa42c77f7ad: start LeaderState
2019-09-12 11:36:36,410 [234a4227-e4f9-45d9-8538-4aa42c77f7ad:group-9EF7BEA11793:LeaderElection93] INFO  segmented.SegmentedRaftLogWorker (SegmentedRaftLogWorker.java:startLogSegment(380)) - 234a4227-e4f9-45d9-8538-4aa42c77f7ad-SegmentedRaftLogWorker:Storage Directory /workdir/hadoop-ozone/ozonefs/target/test-dir/MiniOzoneClusterImpl-68ada62c-70c2-422c-a450-57ae95aadfb6/datanode-0/data/ratis/9b6f0c4f-e5c3-4ab3-8779-9ef7bea11793: Starting segment from index:0
2019-09-12 11:36:36,411 [234a4227-e4f9-45d9-8538-4aa42c77f7ad:group-9EF7BEA11793:LeaderElection93] INFO  impl.RaftServerImpl (ServerState.java:setRaftConf(361)) - 234a4227-e4f9-45d9-8538-4aa42c77f7ad:group-9EF7BEA11793 set configuration 0: [234a4227-e4f9-45d9-8538-4aa42c77f7ad:192.168.36.114:42023], old=null at 0
2019-09-12 11:36:36,430 [Thread-1524] INFO  impl.FollowerState (FollowerState.java:run(106)) - 234a4227-e4f9-45d9-8538-4aa42c77f7ad:group-9D7FE29600C9 changes to CANDIDATE, lastRpcTime:5062, electionTimeout:5062ms
2019-09-12 11:36:36,430 [Thread-1524] INFO  impl.RoleInfo (RoleInfo.java:shutdownFollowerState(121)) - 234a4227-e4f9-45d9-8538-4aa42c77f7ad: shutdown FollowerState
2019-09-12 11:36:36,430 [Thread-1524] INFO  impl.RaftServerImpl (RaftServerImpl.java:setRole(171)) - 234a4227-e4f9-45d9-8538-4aa42c77f7ad:group-9D7FE29600C9 changes role from FOLLOWER to CANDIDATE at term 0 for changeToCandidate
2019-09-12 11:36:36,431 [Thread-1524] INFO  impl.RoleInfo (RoleInfo.java:updateAndGet(143)) - 234a4227-e4f9-45d9-8538-4aa42c77f7ad: start LeaderElection
2019-09-12 11:36:36,456 [234a4227-e4f9-45d9-8538-4aa42c77f7ad-SegmentedRaftLogWorker:Storage Directory /workdir/hadoop-ozone/ozonefs/target/test-dir/MiniOzoneClusterImpl-68ada62c-70c2-422c-a450-57ae95aadfb6/datanode-0/data/ratis/9b6f0c4f-e5c3-4ab3-8779-9ef7bea11793] INFO  segmented.SegmentedRaftLogWorker (SegmentedRaftLogWorker.java:execute(569)) - 234a4227-e4f9-45d9-8538-4aa42c77f7ad-SegmentedRaftLogWorker:Storage Directory /workdir/hadoop-ozone/ozonefs/target/test-dir/MiniOzoneClusterImpl-68ada62c-70c2-422c-a450-57ae95aadfb6/datanode-0/data/ratis/9b6f0c4f-e5c3-4ab3-8779-9ef7bea11793: created new log segment /workdir/hadoop-ozone/ozonefs/target/test-dir/MiniOzoneClusterImpl-68ada62c-70c2-422c-a450-57ae95aadfb6/datanode-0/data/ratis/9b6f0c4f-e5c3-4ab3-8779-9ef7bea11793/current/log_inprogress_0
2019-09-12 11:36:36,456 [234a4227-e4f9-45d9-8538-4aa42c77f7ad:group-9D7FE29600C9:LeaderElection94] INFO  impl.LeaderElection (LeaderElection.java:askForVotes(181)) - 234a4227-e4f9-45d9-8538-4aa42c77f7ad:group-9D7FE29600C9:LeaderElection94: begin an election at term 1 for -1: [234a4227-e4f9-45d9-8538-4aa42c77f7ad:192.168.36.114:42023], old=null
2019-09-12 11:36:36,456 [234a4227-e4f9-45d9-8538-4aa42c77f7ad:group-9D7FE29600C9:LeaderElection94] INFO  impl.RoleInfo (RoleInfo.java:shutdownLeaderElection(134)) - 234a4227-e4f9-45d9-8538-4aa42c77f7ad: shutdown LeaderElection
2019-09-12 11:36:36,456 [234a4227-e4f9-45d9-8538-4aa42c77f7ad:group-9D7FE29600C9:LeaderElection94] INFO  impl.RaftServerImpl (RaftServerImpl.java:setRole(171)) - 234a4227-e4f9-45d9-8538-4aa42c77f7ad:group-9D7FE29600C9 changes role from CANDIDATE to LEADER at term 1 for changeToLeader
2019-09-12 11:36:36,456 [234a4227-e4f9-45d9-8538-4aa42c77f7ad:group-9D7FE29600C9:LeaderElection94] INFO  impl.RaftServerImpl (ServerState.java:setLeader(263)) - 234a4227-e4f9-45d9-8538-4aa42c77f7ad:group-9D7FE29600C9 change Leader from null to 234a4227-e4f9-45d9-8538-4aa42c77f7ad at term 1 for becomeLeader, leader elected after 5092ms
2019-09-12 11:36:36,456 [234a4227-e4f9-45d9-8538-4aa42c77f7ad:group-9D7FE29600C9:LeaderElection94] INFO  server.RaftServerConfigKeys (ConfUtils.java:logGet(43)) - raft.server.staging.catchup.gap = 1000 (default)
2019-09-12 11:36:36,456 [234a4227-e4f9-45d9-8538-4aa42c77f7ad:group-9D7FE29600C9:LeaderElection94] INFO  server.RaftServerConfigKeys (ConfUtils.java:logGet(43)) - raft.server.rpc.sleep.time = 25ms (default)
2019-09-12 11:36:36,456 [234a4227-e4f9-45d9-8538-4aa42c77f7ad:group-9D7FE29600C9:LeaderElection94] INFO  server.RaftServerConfigKeys (ConfUtils.java:logGet(43)) - raft.server.write.element-limit = 4096 (default)
2019-09-12 11:36:36,456 [234a4227-e4f9-45d9-8538-4aa42c77f7ad:group-9D7FE29600C9:LeaderElection94] INFO  server.RaftServerConfigKeys (ConfUtils.java:logGet(43)) - raft.server.watch.timeout = 10s (default)
2019-09-12 11:36:36,456 [234a4227-e4f9-45d9-8538-4aa42c77f7ad:group-9D7FE29600C9:LeaderElection94] INFO  server.RaftServerConfigKeys (ConfUtils.java:logGet(43)) - raft.server.watch.timeout.denomination = 1s (default)
2019-09-12 11:36:36,457 [234a4227-e4f9-45d9-8538-4aa42c77f7ad:group-9D7FE29600C9:LeaderElection94] INFO  server.RaftServerConfigKeys (ConfUtils.java:logGet(43)) - raft.server.watch.element-limit = 65536 (default)
2019-09-12 11:36:36,457 [234a4227-e4f9-45d9-8538-4aa42c77f7ad:group-9D7FE29600C9:LeaderElection94] INFO  impl.RoleInfo (RoleInfo.java:updateAndGet(143)) - 234a4227-e4f9-45d9-8538-4aa42c77f7ad: start LeaderState
2019-09-12 11:36:36,457 [234a4227-e4f9-45d9-8538-4aa42c77f7ad:group-9D7FE29600C9:LeaderElection94] INFO  segmented.SegmentedRaftLogWorker (SegmentedRaftLogWorker.java:startLogSegment(380)) - 234a4227-e4f9-45d9-8538-4aa42c77f7ad-SegmentedRaftLogWorker:Storage Directory /workdir/hadoop-ozone/ozonefs/target/test-dir/MiniOzoneClusterImpl-68ada62c-70c2-422c-a450-57ae95aadfb6/datanode-0/data/ratis/d20a73dd-17fb-44ea-9d7f-9d7fe29600c9: Starting segment from index:0
2019-09-12 11:36:36,457 [234a4227-e4f9-45d9-8538-4aa42c77f7ad:group-9D7FE29600C9:LeaderElection94] INFO  impl.RaftServerImpl (ServerState.java:setRaftConf(361)) - 234a4227-e4f9-45d9-8538-4aa42c77f7ad:group-9D7FE29600C9 set configuration 0: [234a4227-e4f9-45d9-8538-4aa42c77f7ad:192.168.36.114:42023], old=null at 0
2019-09-12 11:36:36,478 [Thread-1521] INFO  impl.FollowerState (FollowerState.java:run(106)) - 234a4227-e4f9-45d9-8538-4aa42c77f7ad:group-137AB9543223 changes to CANDIDATE, lastRpcTime:5147, electionTimeout:5147ms
2019-09-12 11:36:36,478 [Thread-1521] INFO  impl.RoleInfo (RoleInfo.java:shutdownFollowerState(121)) - 234a4227-e4f9-45d9-8538-4aa42c77f7ad: shutdown FollowerState
2019-09-12 11:36:36,478 [Thread-1521] INFO  impl.RaftServerImpl (RaftServerImpl.java:setRole(171)) - 234a4227-e4f9-45d9-8538-4aa42c77f7ad:group-137AB9543223 changes role from FOLLOWER to CANDIDATE at term 0 for changeToCandidate
2019-09-12 11:36:36,478 [Thread-1521] INFO  impl.RoleInfo (RoleInfo.java:updateAndGet(143)) - 234a4227-e4f9-45d9-8538-4aa42c77f7ad: start LeaderElection
2019-09-12 11:36:36,484 [Thread-1533] INFO  impl.FollowerState (FollowerState.java:run(106)) - b4d92fb5-afc1-4d53-a43f-a429e4096c64:group-2D2AD930551A changes to CANDIDATE, lastRpcTime:5023, electionTimeout:5019ms
2019-09-12 11:36:36,485 [Thread-1533] INFO  impl.RoleInfo (RoleInfo.java:shutdownFollowerState(121)) - b4d92fb5-afc1-4d53-a43f-a429e4096c64: shutdown FollowerState
2019-09-12 11:36:36,485 [Thread-1533] INFO  impl.RaftServerImpl (RaftServerImpl.java:setRole(171)) - b4d92fb5-afc1-4d53-a43f-a429e4096c64:group-2D2AD930551A changes role from FOLLOWER to CANDIDATE at term 0 for changeToCandidate
2019-09-12 11:36:36,485 [Thread-1533] INFO  impl.RoleInfo (RoleInfo.java:updateAndGet(143)) - b4d92fb5-afc1-4d53-a43f-a429e4096c64: start LeaderElection
2019-09-12 11:36:36,494 [Thread-1527] INFO  impl.FollowerState (FollowerState.java:run(106)) - 234a4227-e4f9-45d9-8538-4aa42c77f7ad:group-86EC8DB351E1 changes to CANDIDATE, lastRpcTime:5104, electionTimeout:5104ms
2019-09-12 11:36:36,495 [Thread-1527] INFO  impl.RoleInfo (RoleInfo.java:shutdownFollowerState(121)) - 234a4227-e4f9-45d9-8538-4aa42c77f7ad: shutdown FollowerState
2019-09-12 11:36:36,495 [Thread-1527] INFO  impl.RaftServerImpl (RaftServerImpl.java:setRole(171)) - 234a4227-e4f9-45d9-8538-4aa42c77f7ad:group-86EC8DB351E1 changes role from FOLLOWER to CANDIDATE at term 0 for changeToCandidate
2019-09-12 11:36:36,495 [Thread-1527] INFO  impl.RoleInfo (RoleInfo.java:updateAndGet(143)) - 234a4227-e4f9-45d9-8538-4aa42c77f7ad: start LeaderElection
2019-09-12 11:36:36,497 [234a4227-e4f9-45d9-8538-4aa42c77f7ad-SegmentedRaftLogWorker:Storage Directory /workdir/hadoop-ozone/ozonefs/target/test-dir/MiniOzoneClusterImpl-68ada62c-70c2-422c-a450-57ae95aadfb6/datanode-0/data/ratis/d20a73dd-17fb-44ea-9d7f-9d7fe29600c9] INFO  segmented.SegmentedRaftLogWorker (SegmentedRaftLogWorker.java:execute(569)) - 234a4227-e4f9-45d9-8538-4aa42c77f7ad-SegmentedRaftLogWorker:Storage Directory /workdir/hadoop-ozone/ozonefs/target/test-dir/MiniOzoneClusterImpl-68ada62c-70c2-422c-a450-57ae95aadfb6/datanode-0/data/ratis/d20a73dd-17fb-44ea-9d7f-9d7fe29600c9: created new log segment /workdir/hadoop-ozone/ozonefs/target/test-dir/MiniOzoneClusterImpl-68ada62c-70c2-422c-a450-57ae95aadfb6/datanode-0/data/ratis/d20a73dd-17fb-44ea-9d7f-9d7fe29600c9/current/log_inprogress_0
2019-09-12 11:36:36,497 [b4d92fb5-afc1-4d53-a43f-a429e4096c64:group-2D2AD930551A:LeaderElection96] INFO  impl.LeaderElection (LeaderElection.java:askForVotes(181)) - b4d92fb5-afc1-4d53-a43f-a429e4096c64:group-2D2AD930551A:LeaderElection96: begin an election at term 1 for -1: [b4d92fb5-afc1-4d53-a43f-a429e4096c64:192.168.36.114:40451], old=null
2019-09-12 11:36:36,497 [234a4227-e4f9-45d9-8538-4aa42c77f7ad:group-137AB9543223:LeaderElection95] INFO  impl.LeaderElection (LeaderElection.java:askForVotes(181)) - 234a4227-e4f9-45d9-8538-4aa42c77f7ad:group-137AB9543223:LeaderElection95: begin an election at term 1 for -1: [234a4227-e4f9-45d9-8538-4aa42c77f7ad:192.168.36.114:42023], old=null
2019-09-12 11:36:36,498 [b4d92fb5-afc1-4d53-a43f-a429e4096c64:group-2D2AD930551A:LeaderElection96] INFO  impl.RoleInfo (RoleInfo.java:shutdownLeaderElection(134)) - b4d92fb5-afc1-4d53-a43f-a429e4096c64: shutdown LeaderElection
2019-09-12 11:36:36,498 [234a4227-e4f9-45d9-8538-4aa42c77f7ad:group-137AB9543223:LeaderElection95] INFO  impl.RoleInfo (RoleInfo.java:shutdownLeaderElection(134)) - 234a4227-e4f9-45d9-8538-4aa42c77f7ad: shutdown LeaderElection
2019-09-12 11:36:36,498 [b4d92fb5-afc1-4d53-a43f-a429e4096c64:group-2D2AD930551A:LeaderElection96] INFO  impl.RaftServerImpl (RaftServerImpl.java:setRole(171)) - b4d92fb5-afc1-4d53-a43f-a429e4096c64:group-2D2AD930551A changes role from CANDIDATE to LEADER at term 1 for changeToLeader
2019-09-12 11:36:36,498 [234a4227-e4f9-45d9-8538-4aa42c77f7ad:group-137AB9543223:LeaderElection95] INFO  impl.RaftServerImpl (RaftServerImpl.java:setRole(171)) - 234a4227-e4f9-45d9-8538-4aa42c77f7ad:group-137AB9543223 changes role from CANDIDATE to LEADER at term 1 for changeToLeader
2019-09-12 11:36:36,498 [b4d92fb5-afc1-4d53-a43f-a429e4096c64:group-2D2AD930551A:LeaderElection96] INFO  impl.RaftServerImpl (ServerState.java:setLeader(263)) - b4d92fb5-afc1-4d53-a43f-a429e4096c64:group-2D2AD930551A change Leader from null to b4d92fb5-afc1-4d53-a43f-a429e4096c64 at term 1 for becomeLeader, leader elected after 5041ms
2019-09-12 11:36:36,498 [234a4227-e4f9-45d9-8538-4aa42c77f7ad:group-137AB9543223:LeaderElection95] INFO  impl.RaftServerImpl (ServerState.java:setLeader(263)) - 234a4227-e4f9-45d9-8538-4aa42c77f7ad:group-137AB9543223 change Leader from null to 234a4227-e4f9-45d9-8538-4aa42c77f7ad at term 1 for becomeLeader, leader elected after 5171ms
2019-09-12 11:36:36,498 [b4d92fb5-afc1-4d53-a43f-a429e4096c64:group-2D2AD930551A:LeaderElection96] INFO  server.RaftServerConfigKeys (ConfUtils.java:logGet(43)) - raft.server.staging.catchup.gap = 1000 (default)
2019-09-12 11:36:36,498 [b4d92fb5-afc1-4d53-a43f-a429e4096c64:group-2D2AD930551A:LeaderElection96] INFO  server.RaftServerConfigKeys (ConfUtils.java:logGet(43)) - raft.server.rpc.sleep.time = 25ms (default)
2019-09-12 11:36:36,498 [234a4227-e4f9-45d9-8538-4aa42c77f7ad:group-137AB9543223:LeaderElection95] INFO  server.RaftServerConfigKeys (ConfUtils.java:logGet(43)) - raft.server.staging.catchup.gap = 1000 (default)
2019-09-12 11:36:36,498 [b4d92fb5-afc1-4d53-a43f-a429e4096c64:group-2D2AD930551A:LeaderElection96] INFO  server.RaftServerConfigKeys (ConfUtils.java:logGet(43)) - raft.server.write.element-limit = 4096 (default)
2019-09-12 11:36:36,499 [234a4227-e4f9-45d9-8538-4aa42c77f7ad:group-137AB9543223:LeaderElection95] INFO  server.RaftServerConfigKeys (ConfUtils.java:logGet(43)) - raft.server.rpc.sleep.time = 25ms (default)
2019-09-12 11:36:36,499 [b4d92fb5-afc1-4d53-a43f-a429e4096c64:group-2D2AD930551A:LeaderElection96] INFO  server.RaftServerConfigKeys (ConfUtils.java:logGet(43)) - raft.server.watch.timeout = 10s (default)
2019-09-12 11:36:36,499 [234a4227-e4f9-45d9-8538-4aa42c77f7ad:group-137AB9543223:LeaderElection95] INFO  server.RaftServerConfigKeys (ConfUtils.java:logGet(43)) - raft.server.write.element-limit = 4096 (default)
2019-09-12 11:36:36,499 [b4d92fb5-afc1-4d53-a43f-a429e4096c64:group-2D2AD930551A:LeaderElection96] INFO  server.RaftServerConfigKeys (ConfUtils.java:logGet(43)) - raft.server.watch.timeout.denomination = 1s (default)
2019-09-12 11:36:36,499 [234a4227-e4f9-45d9-8538-4aa42c77f7ad:group-137AB9543223:LeaderElection95] INFO  server.RaftServerConfigKeys (ConfUtils.java:logGet(43)) - raft.server.watch.timeout = 10s (default)
2019-09-12 11:36:36,499 [b4d92fb5-afc1-4d53-a43f-a429e4096c64:group-2D2AD930551A:LeaderElection96] INFO  server.RaftServerConfigKeys (ConfUtils.java:logGet(43)) - raft.server.watch.element-limit = 65536 (default)
2019-09-12 11:36:36,499 [234a4227-e4f9-45d9-8538-4aa42c77f7ad:group-137AB9543223:LeaderElection95] INFO  server.RaftServerConfigKeys (ConfUtils.java:logGet(43)) - raft.server.watch.timeout.denomination = 1s (default)
2019-09-12 11:36:36,499 [b4d92fb5-afc1-4d53-a43f-a429e4096c64:group-2D2AD930551A:LeaderElection96] INFO  impl.RoleInfo (RoleInfo.java:updateAndGet(143)) - b4d92fb5-afc1-4d53-a43f-a429e4096c64: start LeaderState
2019-09-12 11:36:36,499 [234a4227-e4f9-45d9-8538-4aa42c77f7ad:group-137AB9543223:LeaderElection95] INFO  server.RaftServerConfigKeys (ConfUtils.java:logGet(43)) - raft.server.watch.element-limit = 65536 (default)
2019-09-12 11:36:36,500 [b4d92fb5-afc1-4d53-a43f-a429e4096c64:group-2D2AD930551A:LeaderElection96] INFO  segmented.SegmentedRaftLogWorker (SegmentedRaftLogWorker.java:startLogSegment(380)) - b4d92fb5-afc1-4d53-a43f-a429e4096c64-SegmentedRaftLogWorker:Storage Directory /workdir/hadoop-ozone/ozonefs/target/test-dir/MiniOzoneClusterImpl-68ada62c-70c2-422c-a450-57ae95aadfb6/datanode-1/data/ratis/ff52dd03-e937-4190-a20c-2d2ad930551a: Starting segment from index:0
2019-09-12 11:36:36,500 [234a4227-e4f9-45d9-8538-4aa42c77f7ad:group-137AB9543223:LeaderElection95] INFO  impl.RoleInfo (RoleInfo.java:updateAndGet(143)) - 234a4227-e4f9-45d9-8538-4aa42c77f7ad: start LeaderState
2019-09-12 11:36:36,500 [234a4227-e4f9-45d9-8538-4aa42c77f7ad:group-137AB9543223:LeaderElection95] INFO  segmented.SegmentedRaftLogWorker (SegmentedRaftLogWorker.java:startLogSegment(380)) - 234a4227-e4f9-45d9-8538-4aa42c77f7ad-SegmentedRaftLogWorker:Storage Directory /workdir/hadoop-ozone/ozonefs/target/test-dir/MiniOzoneClusterImpl-68ada62c-70c2-422c-a450-57ae95aadfb6/datanode-0/data/ratis/09a4a66a-4cf8-417b-b145-137ab9543223: Starting segment from index:0
2019-09-12 11:36:36,500 [b4d92fb5-afc1-4d53-a43f-a429e4096c64:group-2D2AD930551A:LeaderElection96] INFO  impl.RaftServerImpl (ServerState.java:setRaftConf(361)) - b4d92fb5-afc1-4d53-a43f-a429e4096c64:group-2D2AD930551A set configuration 0: [b4d92fb5-afc1-4d53-a43f-a429e4096c64:192.168.36.114:40451], old=null at 0
2019-09-12 11:36:36,500 [234a4227-e4f9-45d9-8538-4aa42c77f7ad:group-86EC8DB351E1:LeaderElection97] INFO  impl.LeaderElection (LeaderElection.java:askForVotes(181)) - 234a4227-e4f9-45d9-8538-4aa42c77f7ad:group-86EC8DB351E1:LeaderElection97: begin an election at term 1 for -1: [234a4227-e4f9-45d9-8538-4aa42c77f7ad:192.168.36.114:42023], old=null
2019-09-12 11:36:36,500 [234a4227-e4f9-45d9-8538-4aa42c77f7ad:group-86EC8DB351E1:LeaderElection97] INFO  impl.RoleInfo (RoleInfo.java:shutdownLeaderElection(134)) - 234a4227-e4f9-45d9-8538-4aa42c77f7ad: shutdown LeaderElection
2019-09-12 11:36:36,500 [234a4227-e4f9-45d9-8538-4aa42c77f7ad:group-137AB9543223:LeaderElection95] INFO  impl.RaftServerImpl (ServerState.java:setRaftConf(361)) - 234a4227-e4f9-45d9-8538-4aa42c77f7ad:group-137AB9543223 set configuration 0: [234a4227-e4f9-45d9-8538-4aa42c77f7ad:192.168.36.114:42023], old=null at 0
2019-09-12 11:36:36,500 [234a4227-e4f9-45d9-8538-4aa42c77f7ad:group-86EC8DB351E1:LeaderElection97] INFO  impl.RaftServerImpl (RaftServerImpl.java:setRole(171)) - 234a4227-e4f9-45d9-8538-4aa42c77f7ad:group-86EC8DB351E1 changes role from CANDIDATE to LEADER at term 1 for changeToLeader
2019-09-12 11:36:36,501 [234a4227-e4f9-45d9-8538-4aa42c77f7ad:group-86EC8DB351E1:LeaderElection97] INFO  impl.RaftServerImpl (ServerState.java:setLeader(263)) - 234a4227-e4f9-45d9-8538-4aa42c77f7ad:group-86EC8DB351E1 change Leader from null to 234a4227-e4f9-45d9-8538-4aa42c77f7ad at term 1 for becomeLeader, leader elected after 5114ms
2019-09-12 11:36:36,501 [234a4227-e4f9-45d9-8538-4aa42c77f7ad:group-86EC8DB351E1:LeaderElection97] INFO  server.RaftServerConfigKeys (ConfUtils.java:logGet(43)) - raft.server.staging.catchup.gap = 1000 (default)
2019-09-12 11:36:36,501 [234a4227-e4f9-45d9-8538-4aa42c77f7ad:group-86EC8DB351E1:LeaderElection97] INFO  server.RaftServerConfigKeys (ConfUtils.java:logGet(43)) - raft.server.rpc.sleep.time = 25ms (default)
2019-09-12 11:36:36,501 [234a4227-e4f9-45d9-8538-4aa42c77f7ad:group-86EC8DB351E1:LeaderElection97] INFO  server.RaftServerConfigKeys (ConfUtils.java:logGet(43)) - raft.server.write.element-limit = 4096 (default)
2019-09-12 11:36:36,501 [234a4227-e4f9-45d9-8538-4aa42c77f7ad:group-86EC8DB351E1:LeaderElection97] INFO  server.RaftServerConfigKeys (ConfUtils.java:logGet(43)) - raft.server.watch.timeout = 10s (default)
2019-09-12 11:36:36,501 [234a4227-e4f9-45d9-8538-4aa42c77f7ad:group-86EC8DB351E1:LeaderElection97] INFO  server.RaftServerConfigKeys (ConfUtils.java:logGet(43)) - raft.server.watch.timeout.denomination = 1s (default)
2019-09-12 11:36:36,501 [234a4227-e4f9-45d9-8538-4aa42c77f7ad:group-86EC8DB351E1:LeaderElection97] INFO  server.RaftServerConfigKeys (ConfUtils.java:logGet(43)) - raft.server.watch.element-limit = 65536 (default)
2019-09-12 11:36:36,501 [234a4227-e4f9-45d9-8538-4aa42c77f7ad:group-86EC8DB351E1:LeaderElection97] INFO  impl.RoleInfo (RoleInfo.java:updateAndGet(143)) - 234a4227-e4f9-45d9-8538-4aa42c77f7ad: start LeaderState
2019-09-12 11:36:36,501 [234a4227-e4f9-45d9-8538-4aa42c77f7ad:group-86EC8DB351E1:LeaderElection97] INFO  segmented.SegmentedRaftLogWorker (SegmentedRaftLogWorker.java:startLogSegment(380)) - 234a4227-e4f9-45d9-8538-4aa42c77f7ad-SegmentedRaftLogWorker:Storage Directory /workdir/hadoop-ozone/ozonefs/target/test-dir/MiniOzoneClusterImpl-68ada62c-70c2-422c-a450-57ae95aadfb6/datanode-0/data/ratis/bc1b9496-f4f8-446e-b1ee-86ec8db351e1: Starting segment from index:0
2019-09-12 11:36:36,502 [234a4227-e4f9-45d9-8538-4aa42c77f7ad:group-86EC8DB351E1:LeaderElection97] INFO  impl.RaftServerImpl (ServerState.java:setRaftConf(361)) - 234a4227-e4f9-45d9-8538-4aa42c77f7ad:group-86EC8DB351E1 set configuration 0: [234a4227-e4f9-45d9-8538-4aa42c77f7ad:192.168.36.114:42023], old=null at 0
2019-09-12 11:36:36,539 [234a4227-e4f9-45d9-8538-4aa42c77f7ad-SegmentedRaftLogWorker:Storage Directory /workdir/hadoop-ozone/ozonefs/target/test-dir/MiniOzoneClusterImpl-68ada62c-70c2-422c-a450-57ae95aadfb6/datanode-0/data/ratis/09a4a66a-4cf8-417b-b145-137ab9543223] INFO  segmented.SegmentedRaftLogWorker (SegmentedRaftLogWorker.java:execute(569)) - 234a4227-e4f9-45d9-8538-4aa42c77f7ad-SegmentedRaftLogWorker:Storage Directory /workdir/hadoop-ozone/ozonefs/target/test-dir/MiniOzoneClusterImpl-68ada62c-70c2-422c-a450-57ae95aadfb6/datanode-0/data/ratis/09a4a66a-4cf8-417b-b145-137ab9543223: created new log segment /workdir/hadoop-ozone/ozonefs/target/test-dir/MiniOzoneClusterImpl-68ada62c-70c2-422c-a450-57ae95aadfb6/datanode-0/data/ratis/09a4a66a-4cf8-417b-b145-137ab9543223/current/log_inprogress_0
2019-09-12 11:36:36,539 [234a4227-e4f9-45d9-8538-4aa42c77f7ad-SegmentedRaftLogWorker:Storage Directory /workdir/hadoop-ozone/ozonefs/target/test-dir/MiniOzoneClusterImpl-68ada62c-70c2-422c-a450-57ae95aadfb6/datanode-0/data/ratis/bc1b9496-f4f8-446e-b1ee-86ec8db351e1] INFO  segmented.SegmentedRaftLogWorker (SegmentedRaftLogWorker.java:execute(569)) - 234a4227-e4f9-45d9-8538-4aa42c77f7ad-SegmentedRaftLogWorker:Storage Directory /workdir/hadoop-ozone/ozonefs/target/test-dir/MiniOzoneClusterImpl-68ada62c-70c2-422c-a450-57ae95aadfb6/datanode-0/data/ratis/bc1b9496-f4f8-446e-b1ee-86ec8db351e1: created new log segment /workdir/hadoop-ozone/ozonefs/target/test-dir/MiniOzoneClusterImpl-68ada62c-70c2-422c-a450-57ae95aadfb6/datanode-0/data/ratis/bc1b9496-f4f8-446e-b1ee-86ec8db351e1/current/log_inprogress_0
2019-09-12 11:36:36,539 [b4d92fb5-afc1-4d53-a43f-a429e4096c64-SegmentedRaftLogWorker:Storage Directory /workdir/hadoop-ozone/ozonefs/target/test-dir/MiniOzoneClusterImpl-68ada62c-70c2-422c-a450-57ae95aadfb6/datanode-1/data/ratis/ff52dd03-e937-4190-a20c-2d2ad930551a] INFO  segmented.SegmentedRaftLogWorker (SegmentedRaftLogWorker.java:execute(569)) - b4d92fb5-afc1-4d53-a43f-a429e4096c64-SegmentedRaftLogWorker:Storage Directory /workdir/hadoop-ozone/ozonefs/target/test-dir/MiniOzoneClusterImpl-68ada62c-70c2-422c-a450-57ae95aadfb6/datanode-1/data/ratis/ff52dd03-e937-4190-a20c-2d2ad930551a: created new log segment /workdir/hadoop-ozone/ozonefs/target/test-dir/MiniOzoneClusterImpl-68ada62c-70c2-422c-a450-57ae95aadfb6/datanode-1/data/ratis/ff52dd03-e937-4190-a20c-2d2ad930551a/current/log_inprogress_0
2019-09-12 11:36:36,582 [Thread-1530] INFO  impl.FollowerState (FollowerState.java:run(106)) - b4d92fb5-afc1-4d53-a43f-a429e4096c64:group-816FF4C2B140 changes to CANDIDATE, lastRpcTime:5159, electionTimeout:5159ms
2019-09-12 11:36:36,582 [Thread-1530] INFO  impl.RoleInfo (RoleInfo.java:shutdownFollowerState(121)) - b4d92fb5-afc1-4d53-a43f-a429e4096c64: shutdown FollowerState
2019-09-12 11:36:36,583 [Thread-1530] INFO  impl.RaftServerImpl (RaftServerImpl.java:setRole(171)) - b4d92fb5-afc1-4d53-a43f-a429e4096c64:group-816FF4C2B140 changes role from FOLLOWER to CANDIDATE at term 0 for changeToCandidate
2019-09-12 11:36:36,583 [Thread-1530] INFO  impl.RoleInfo (RoleInfo.java:updateAndGet(143)) - b4d92fb5-afc1-4d53-a43f-a429e4096c64: start LeaderElection
2019-09-12 11:36:36,599 | INFO  | SCMAudit | user=jenkins1000 | ip=192.168.36.114 | op=SEND_HEARTBEAT {datanodeUUID=a68b549c-a65a-44fd-9729-a5200a86921e, command=[]} | ret=SUCCESS |  
2019-09-12 11:36:36,605 [b4d92fb5-afc1-4d53-a43f-a429e4096c64:group-816FF4C2B140:LeaderElection98] INFO  impl.LeaderElection (LeaderElection.java:askForVotes(181)) - b4d92fb5-afc1-4d53-a43f-a429e4096c64:group-816FF4C2B140:LeaderElection98: begin an election at term 1 for -1: [b4d92fb5-afc1-4d53-a43f-a429e4096c64:192.168.36.114:40451], old=null
2019-09-12 11:36:36,606 [b4d92fb5-afc1-4d53-a43f-a429e4096c64:group-816FF4C2B140:LeaderElection98] INFO  impl.RoleInfo (RoleInfo.java:shutdownLeaderElection(134)) - b4d92fb5-afc1-4d53-a43f-a429e4096c64: shutdown LeaderElection
2019-09-12 11:36:36,606 [b4d92fb5-afc1-4d53-a43f-a429e4096c64:group-816FF4C2B140:LeaderElection98] INFO  impl.RaftServerImpl (RaftServerImpl.java:setRole(171)) - b4d92fb5-afc1-4d53-a43f-a429e4096c64:group-816FF4C2B140 changes role from CANDIDATE to LEADER at term 1 for changeToLeader
2019-09-12 11:36:36,606 [b4d92fb5-afc1-4d53-a43f-a429e4096c64:group-816FF4C2B140:LeaderElection98] INFO  impl.RaftServerImpl (ServerState.java:setLeader(263)) - b4d92fb5-afc1-4d53-a43f-a429e4096c64:group-816FF4C2B140 change Leader from null to b4d92fb5-afc1-4d53-a43f-a429e4096c64 at term 1 for becomeLeader, leader elected after 5187ms
2019-09-12 11:36:36,606 [b4d92fb5-afc1-4d53-a43f-a429e4096c64:group-816FF4C2B140:LeaderElection98] INFO  server.RaftServerConfigKeys (ConfUtils.java:logGet(43)) - raft.server.staging.catchup.gap = 1000 (default)
2019-09-12 11:36:36,606 [b4d92fb5-afc1-4d53-a43f-a429e4096c64:group-816FF4C2B140:LeaderElection98] INFO  server.RaftServerConfigKeys (ConfUtils.java:logGet(43)) - raft.server.rpc.sleep.time = 25ms (default)
2019-09-12 11:36:36,606 [b4d92fb5-afc1-4d53-a43f-a429e4096c64:group-816FF4C2B140:LeaderElection98] INFO  server.RaftServerConfigKeys (ConfUtils.java:logGet(43)) - raft.server.write.element-limit = 4096 (default)
2019-09-12 11:36:36,606 [b4d92fb5-afc1-4d53-a43f-a429e4096c64:group-816FF4C2B140:LeaderElection98] INFO  server.RaftServerConfigKeys (ConfUtils.java:logGet(43)) - raft.server.watch.timeout = 10s (default)
2019-09-12 11:36:36,606 [b4d92fb5-afc1-4d53-a43f-a429e4096c64:group-816FF4C2B140:LeaderElection98] INFO  server.RaftServerConfigKeys (ConfUtils.java:logGet(43)) - raft.server.watch.timeout.denomination = 1s (default)
2019-09-12 11:36:36,607 [b4d92fb5-afc1-4d53-a43f-a429e4096c64:group-816FF4C2B140:LeaderElection98] INFO  server.RaftServerConfigKeys (ConfUtils.java:logGet(43)) - raft.server.watch.element-limit = 65536 (default)
2019-09-12 11:36:36,607 [b4d92fb5-afc1-4d53-a43f-a429e4096c64:group-816FF4C2B140:LeaderElection98] INFO  impl.RoleInfo (RoleInfo.java:updateAndGet(143)) - b4d92fb5-afc1-4d53-a43f-a429e4096c64: start LeaderState
2019-09-12 11:36:36,607 [b4d92fb5-afc1-4d53-a43f-a429e4096c64:group-816FF4C2B140:LeaderElection98] INFO  segmented.SegmentedRaftLogWorker (SegmentedRaftLogWorker.java:startLogSegment(380)) - b4d92fb5-afc1-4d53-a43f-a429e4096c64-SegmentedRaftLogWorker:Storage Directory /workdir/hadoop-ozone/ozonefs/target/test-dir/MiniOzoneClusterImpl-68ada62c-70c2-422c-a450-57ae95aadfb6/datanode-1/data/ratis/c0d2d9c8-b40f-4203-976a-816ff4c2b140: Starting segment from index:0
2019-09-12 11:36:36,608 [b4d92fb5-afc1-4d53-a43f-a429e4096c64:group-816FF4C2B140:LeaderElection98] INFO  impl.RaftServerImpl (ServerState.java:setRaftConf(361)) - b4d92fb5-afc1-4d53-a43f-a429e4096c64:group-816FF4C2B140 set configuration 0: [b4d92fb5-afc1-4d53-a43f-a429e4096c64:192.168.36.114:40451], old=null at 0
2019-09-12 11:36:36,647 [b4d92fb5-afc1-4d53-a43f-a429e4096c64-SegmentedRaftLogWorker:Storage Directory /workdir/hadoop-ozone/ozonefs/target/test-dir/MiniOzoneClusterImpl-68ada62c-70c2-422c-a450-57ae95aadfb6/datanode-1/data/ratis/c0d2d9c8-b40f-4203-976a-816ff4c2b140] INFO  segmented.SegmentedRaftLogWorker (SegmentedRaftLogWorker.java:execute(569)) - b4d92fb5-afc1-4d53-a43f-a429e4096c64-SegmentedRaftLogWorker:Storage Directory /workdir/hadoop-ozone/ozonefs/target/test-dir/MiniOzoneClusterImpl-68ada62c-70c2-422c-a450-57ae95aadfb6/datanode-1/data/ratis/c0d2d9c8-b40f-4203-976a-816ff4c2b140: created new log segment /workdir/hadoop-ozone/ozonefs/target/test-dir/MiniOzoneClusterImpl-68ada62c-70c2-422c-a450-57ae95aadfb6/datanode-1/data/ratis/c0d2d9c8-b40f-4203-976a-816ff4c2b140/current/log_inprogress_0
2019-09-12 11:36:36,649 [Thread-1539] INFO  impl.FollowerState (FollowerState.java:run(106)) - b4d92fb5-afc1-4d53-a43f-a429e4096c64:group-3917EB4124A2 changes to CANDIDATE, lastRpcTime:5104, electionTimeout:5104ms
2019-09-12 11:36:36,649 [Thread-1539] INFO  impl.RoleInfo (RoleInfo.java:shutdownFollowerState(121)) - b4d92fb5-afc1-4d53-a43f-a429e4096c64: shutdown FollowerState
2019-09-12 11:36:36,649 [Thread-1539] INFO  impl.RaftServerImpl (RaftServerImpl.java:setRole(171)) - b4d92fb5-afc1-4d53-a43f-a429e4096c64:group-3917EB4124A2 changes role from FOLLOWER to CANDIDATE at term 0 for changeToCandidate
2019-09-12 11:36:36,649 [Thread-1539] INFO  impl.RoleInfo (RoleInfo.java:updateAndGet(143)) - b4d92fb5-afc1-4d53-a43f-a429e4096c64: start LeaderElection
2019-09-12 11:36:36,660 [b4d92fb5-afc1-4d53-a43f-a429e4096c64:group-3917EB4124A2:LeaderElection99] INFO  impl.LeaderElection (LeaderElection.java:askForVotes(181)) - b4d92fb5-afc1-4d53-a43f-a429e4096c64:group-3917EB4124A2:LeaderElection99: begin an election at term 1 for -1: [b4d92fb5-afc1-4d53-a43f-a429e4096c64:192.168.36.114:40451], old=null
2019-09-12 11:36:36,660 [b4d92fb5-afc1-4d53-a43f-a429e4096c64:group-3917EB4124A2:LeaderElection99] INFO  impl.RoleInfo (RoleInfo.java:shutdownLeaderElection(134)) - b4d92fb5-afc1-4d53-a43f-a429e4096c64: shutdown LeaderElection
2019-09-12 11:36:36,661 [b4d92fb5-afc1-4d53-a43f-a429e4096c64:group-3917EB4124A2:LeaderElection99] INFO  impl.RaftServerImpl (RaftServerImpl.java:setRole(171)) - b4d92fb5-afc1-4d53-a43f-a429e4096c64:group-3917EB4124A2 changes role from CANDIDATE to LEADER at term 1 for changeToLeader
2019-09-12 11:36:36,661 [b4d92fb5-afc1-4d53-a43f-a429e4096c64:group-3917EB4124A2:LeaderElection99] INFO  impl.RaftServerImpl (ServerState.java:setLeader(263)) - b4d92fb5-afc1-4d53-a43f-a429e4096c64:group-3917EB4124A2 change Leader from null to b4d92fb5-afc1-4d53-a43f-a429e4096c64 at term 1 for becomeLeader, leader elected after 5121ms
2019-09-12 11:36:36,661 [b4d92fb5-afc1-4d53-a43f-a429e4096c64:group-3917EB4124A2:LeaderElection99] INFO  server.RaftServerConfigKeys (ConfUtils.java:logGet(43)) - raft.server.staging.catchup.gap = 1000 (default)
2019-09-12 11:36:36,661 [b4d92fb5-afc1-4d53-a43f-a429e4096c64:group-3917EB4124A2:LeaderElection99] INFO  server.RaftServerConfigKeys (ConfUtils.java:logGet(43)) - raft.server.rpc.sleep.time = 25ms (default)
2019-09-12 11:36:36,661 [b4d92fb5-afc1-4d53-a43f-a429e4096c64:group-3917EB4124A2:LeaderElection99] INFO  server.RaftServerConfigKeys (ConfUtils.java:logGet(43)) - raft.server.write.element-limit = 4096 (default)
2019-09-12 11:36:36,661 [b4d92fb5-afc1-4d53-a43f-a429e4096c64:group-3917EB4124A2:LeaderElection99] INFO  server.RaftServerConfigKeys (ConfUtils.java:logGet(43)) - raft.server.watch.timeout = 10s (default)
2019-09-12 11:36:36,661 [b4d92fb5-afc1-4d53-a43f-a429e4096c64:group-3917EB4124A2:LeaderElection99] INFO  server.RaftServerConfigKeys (ConfUtils.java:logGet(43)) - raft.server.watch.timeout.denomination = 1s (default)
2019-09-12 11:36:36,662 [b4d92fb5-afc1-4d53-a43f-a429e4096c64:group-3917EB4124A2:LeaderElection99] INFO  server.RaftServerConfigKeys (ConfUtils.java:logGet(43)) - raft.server.watch.element-limit = 65536 (default)
2019-09-12 11:36:36,662 [b4d92fb5-afc1-4d53-a43f-a429e4096c64:group-3917EB4124A2:LeaderElection99] INFO  impl.RoleInfo (RoleInfo.java:updateAndGet(143)) - b4d92fb5-afc1-4d53-a43f-a429e4096c64: start LeaderState
2019-09-12 11:36:36,662 [b4d92fb5-afc1-4d53-a43f-a429e4096c64:group-3917EB4124A2:LeaderElection99] INFO  segmented.SegmentedRaftLogWorker (SegmentedRaftLogWorker.java:startLogSegment(380)) - b4d92fb5-afc1-4d53-a43f-a429e4096c64-SegmentedRaftLogWorker:Storage Directory /workdir/hadoop-ozone/ozonefs/target/test-dir/MiniOzoneClusterImpl-68ada62c-70c2-422c-a450-57ae95aadfb6/datanode-1/data/ratis/9a15300e-9ede-4913-b516-3917eb4124a2: Starting segment from index:0
2019-09-12 11:36:36,662 [b4d92fb5-afc1-4d53-a43f-a429e4096c64:group-3917EB4124A2:LeaderElection99] INFO  impl.RaftServerImpl (ServerState.java:setRaftConf(361)) - b4d92fb5-afc1-4d53-a43f-a429e4096c64:group-3917EB4124A2 set configuration 0: [b4d92fb5-afc1-4d53-a43f-a429e4096c64:192.168.36.114:40451], old=null at 0
2019-09-12 11:36:36,699 [b4d92fb5-afc1-4d53-a43f-a429e4096c64-SegmentedRaftLogWorker:Storage Directory /workdir/hadoop-ozone/ozonefs/target/test-dir/MiniOzoneClusterImpl-68ada62c-70c2-422c-a450-57ae95aadfb6/datanode-1/data/ratis/9a15300e-9ede-4913-b516-3917eb4124a2] INFO  segmented.SegmentedRaftLogWorker (SegmentedRaftLogWorker.java:execute(569)) - b4d92fb5-afc1-4d53-a43f-a429e4096c64-SegmentedRaftLogWorker:Storage Directory /workdir/hadoop-ozone/ozonefs/target/test-dir/MiniOzoneClusterImpl-68ada62c-70c2-422c-a450-57ae95aadfb6/datanode-1/data/ratis/9a15300e-9ede-4913-b516-3917eb4124a2: created new log segment /workdir/hadoop-ozone/ozonefs/target/test-dir/MiniOzoneClusterImpl-68ada62c-70c2-422c-a450-57ae95aadfb6/datanode-1/data/ratis/9a15300e-9ede-4913-b516-3917eb4124a2/current/log_inprogress_0
2019-09-12 11:36:36,700 [Thread-1536] INFO  impl.FollowerState (FollowerState.java:run(106)) - b4d92fb5-afc1-4d53-a43f-a429e4096c64:group-A5AF26F4D5D1 changes to CANDIDATE, lastRpcTime:5197, electionTimeout:5197ms
2019-09-12 11:36:36,700 [Thread-1536] INFO  impl.RoleInfo (RoleInfo.java:shutdownFollowerState(121)) - b4d92fb5-afc1-4d53-a43f-a429e4096c64: shutdown FollowerState
2019-09-12 11:36:36,701 [Thread-1536] INFO  impl.RaftServerImpl (RaftServerImpl.java:setRole(171)) - b4d92fb5-afc1-4d53-a43f-a429e4096c64:group-A5AF26F4D5D1 changes role from FOLLOWER to CANDIDATE at term 0 for changeToCandidate
2019-09-12 11:36:36,701 [Thread-1536] INFO  impl.RoleInfo (RoleInfo.java:updateAndGet(143)) - b4d92fb5-afc1-4d53-a43f-a429e4096c64: start LeaderElection
2019-09-12 11:36:36,712 [b4d92fb5-afc1-4d53-a43f-a429e4096c64:group-A5AF26F4D5D1:LeaderElection100] INFO  impl.LeaderElection (LeaderElection.java:askForVotes(181)) - b4d92fb5-afc1-4d53-a43f-a429e4096c64:group-A5AF26F4D5D1:LeaderElection100: begin an election at term 1 for -1: [b4d92fb5-afc1-4d53-a43f-a429e4096c64:192.168.36.114:40451], old=null
2019-09-12 11:36:36,712 [b4d92fb5-afc1-4d53-a43f-a429e4096c64:group-A5AF26F4D5D1:LeaderElection100] INFO  impl.RoleInfo (RoleInfo.java:shutdownLeaderElection(134)) - b4d92fb5-afc1-4d53-a43f-a429e4096c64: shutdown LeaderElection
2019-09-12 11:36:36,713 [b4d92fb5-afc1-4d53-a43f-a429e4096c64:group-A5AF26F4D5D1:LeaderElection100] INFO  impl.RaftServerImpl (RaftServerImpl.java:setRole(171)) - b4d92fb5-afc1-4d53-a43f-a429e4096c64:group-A5AF26F4D5D1 changes role from CANDIDATE to LEADER at term 1 for changeToLeader
2019-09-12 11:36:36,713 [b4d92fb5-afc1-4d53-a43f-a429e4096c64:group-A5AF26F4D5D1:LeaderElection100] INFO  impl.RaftServerImpl (ServerState.java:setLeader(263)) - b4d92fb5-afc1-4d53-a43f-a429e4096c64:group-A5AF26F4D5D1 change Leader from null to b4d92fb5-afc1-4d53-a43f-a429e4096c64 at term 1 for becomeLeader, leader elected after 5214ms
2019-09-12 11:36:36,713 [b4d92fb5-afc1-4d53-a43f-a429e4096c64:group-A5AF26F4D5D1:LeaderElection100] INFO  server.RaftServerConfigKeys (ConfUtils.java:logGet(43)) - raft.server.staging.catchup.gap = 1000 (default)
2019-09-12 11:36:36,713 [b4d92fb5-afc1-4d53-a43f-a429e4096c64:group-A5AF26F4D5D1:LeaderElection100] INFO  server.RaftServerConfigKeys (ConfUtils.java:logGet(43)) - raft.server.rpc.sleep.time = 25ms (default)
2019-09-12 11:36:36,713 [b4d92fb5-afc1-4d53-a43f-a429e4096c64:group-A5AF26F4D5D1:LeaderElection100] INFO  server.RaftServerConfigKeys (ConfUtils.java:logGet(43)) - raft.server.write.element-limit = 4096 (default)
2019-09-12 11:36:36,713 [b4d92fb5-afc1-4d53-a43f-a429e4096c64:group-A5AF26F4D5D1:LeaderElection100] INFO  server.RaftServerConfigKeys (ConfUtils.java:logGet(43)) - raft.server.watch.timeout = 10s (default)
2019-09-12 11:36:36,713 [b4d92fb5-afc1-4d53-a43f-a429e4096c64:group-A5AF26F4D5D1:LeaderElection100] INFO  server.RaftServerConfigKeys (ConfUtils.java:logGet(43)) - raft.server.watch.timeout.denomination = 1s (default)
2019-09-12 11:36:36,714 [b4d92fb5-afc1-4d53-a43f-a429e4096c64:group-A5AF26F4D5D1:LeaderElection100] INFO  server.RaftServerConfigKeys (ConfUtils.java:logGet(43)) - raft.server.watch.element-limit = 65536 (default)
2019-09-12 11:36:36,714 [b4d92fb5-afc1-4d53-a43f-a429e4096c64:group-A5AF26F4D5D1:LeaderElection100] INFO  impl.RoleInfo (RoleInfo.java:updateAndGet(143)) - b4d92fb5-afc1-4d53-a43f-a429e4096c64: start LeaderState
2019-09-12 11:36:36,714 [b4d92fb5-afc1-4d53-a43f-a429e4096c64:group-A5AF26F4D5D1:LeaderElection100] INFO  segmented.SegmentedRaftLogWorker (SegmentedRaftLogWorker.java:startLogSegment(380)) - b4d92fb5-afc1-4d53-a43f-a429e4096c64-SegmentedRaftLogWorker:Storage Directory /workdir/hadoop-ozone/ozonefs/target/test-dir/MiniOzoneClusterImpl-68ada62c-70c2-422c-a450-57ae95aadfb6/datanode-1/data/ratis/8807c94c-d3b5-465a-b6eb-a5af26f4d5d1: Starting segment from index:0
2019-09-12 11:36:36,715 [b4d92fb5-afc1-4d53-a43f-a429e4096c64:group-A5AF26F4D5D1:LeaderElection100] INFO  impl.RaftServerImpl (ServerState.java:setRaftConf(361)) - b4d92fb5-afc1-4d53-a43f-a429e4096c64:group-A5AF26F4D5D1 set configuration 0: [b4d92fb5-afc1-4d53-a43f-a429e4096c64:192.168.36.114:40451], old=null at 0
2019-09-12 11:36:36,723 [Thread-1545] INFO  impl.FollowerState (FollowerState.java:run(106)) - b4d92fb5-afc1-4d53-a43f-a429e4096c64:group-0CB877097BB9 changes to CANDIDATE, lastRpcTime:5097, electionTimeout:5097ms
2019-09-12 11:36:36,723 [Thread-1545] INFO  impl.RoleInfo (RoleInfo.java:shutdownFollowerState(121)) - b4d92fb5-afc1-4d53-a43f-a429e4096c64: shutdown FollowerState
2019-09-12 11:36:36,723 [Thread-1545] INFO  impl.RaftServerImpl (RaftServerImpl.java:setRole(171)) - b4d92fb5-afc1-4d53-a43f-a429e4096c64:group-0CB877097BB9 changes role from FOLLOWER to CANDIDATE at term 0 for changeToCandidate
2019-09-12 11:36:36,723 [Thread-1545] INFO  impl.RoleInfo (RoleInfo.java:updateAndGet(143)) - b4d92fb5-afc1-4d53-a43f-a429e4096c64: start LeaderElection
2019-09-12 11:36:36,765 [b4d92fb5-afc1-4d53-a43f-a429e4096c64-SegmentedRaftLogWorker:Storage Directory /workdir/hadoop-ozone/ozonefs/target/test-dir/MiniOzoneClusterImpl-68ada62c-70c2-422c-a450-57ae95aadfb6/datanode-1/data/ratis/8807c94c-d3b5-465a-b6eb-a5af26f4d5d1] INFO  segmented.SegmentedRaftLogWorker (SegmentedRaftLogWorker.java:execute(569)) - b4d92fb5-afc1-4d53-a43f-a429e4096c64-SegmentedRaftLogWorker:Storage Directory /workdir/hadoop-ozone/ozonefs/target/test-dir/MiniOzoneClusterImpl-68ada62c-70c2-422c-a450-57ae95aadfb6/datanode-1/data/ratis/8807c94c-d3b5-465a-b6eb-a5af26f4d5d1: created new log segment /workdir/hadoop-ozone/ozonefs/target/test-dir/MiniOzoneClusterImpl-68ada62c-70c2-422c-a450-57ae95aadfb6/datanode-1/data/ratis/8807c94c-d3b5-465a-b6eb-a5af26f4d5d1/current/log_inprogress_0
2019-09-12 11:36:36,765 [b4d92fb5-afc1-4d53-a43f-a429e4096c64:group-0CB877097BB9:LeaderElection101] INFO  impl.LeaderElection (LeaderElection.java:askForVotes(181)) - b4d92fb5-afc1-4d53-a43f-a429e4096c64:group-0CB877097BB9:LeaderElection101: begin an election at term 1 for -1: [b4d92fb5-afc1-4d53-a43f-a429e4096c64:192.168.36.114:40451], old=null
2019-09-12 11:36:36,765 [b4d92fb5-afc1-4d53-a43f-a429e4096c64:group-0CB877097BB9:LeaderElection101] INFO  impl.RoleInfo (RoleInfo.java:shutdownLeaderElection(134)) - b4d92fb5-afc1-4d53-a43f-a429e4096c64: shutdown LeaderElection
2019-09-12 11:36:36,765 [b4d92fb5-afc1-4d53-a43f-a429e4096c64:group-0CB877097BB9:LeaderElection101] INFO  impl.RaftServerImpl (RaftServerImpl.java:setRole(171)) - b4d92fb5-afc1-4d53-a43f-a429e4096c64:group-0CB877097BB9 changes role from CANDIDATE to LEADER at term 1 for changeToLeader
2019-09-12 11:36:36,765 [b4d92fb5-afc1-4d53-a43f-a429e4096c64:group-0CB877097BB9:LeaderElection101] INFO  impl.RaftServerImpl (ServerState.java:setLeader(263)) - b4d92fb5-afc1-4d53-a43f-a429e4096c64:group-0CB877097BB9 change Leader from null to b4d92fb5-afc1-4d53-a43f-a429e4096c64 at term 1 for becomeLeader, leader elected after 5142ms
2019-09-12 11:36:36,765 [b4d92fb5-afc1-4d53-a43f-a429e4096c64:group-0CB877097BB9:LeaderElection101] INFO  server.RaftServerConfigKeys (ConfUtils.java:logGet(43)) - raft.server.staging.catchup.gap = 1000 (default)
2019-09-12 11:36:36,765 [b4d92fb5-afc1-4d53-a43f-a429e4096c64:group-0CB877097BB9:LeaderElection101] INFO  server.RaftServerConfigKeys (ConfUtils.java:logGet(43)) - raft.server.rpc.sleep.time = 25ms (default)
2019-09-12 11:36:36,766 [b4d92fb5-afc1-4d53-a43f-a429e4096c64:group-0CB877097BB9:LeaderElection101] INFO  server.RaftServerConfigKeys (ConfUtils.java:logGet(43)) - raft.server.write.element-limit = 4096 (default)
2019-09-12 11:36:36,766 [b4d92fb5-afc1-4d53-a43f-a429e4096c64:group-0CB877097BB9:LeaderElection101] INFO  server.RaftServerConfigKeys (ConfUtils.java:logGet(43)) - raft.server.watch.timeout = 10s (default)
2019-09-12 11:36:36,766 [b4d92fb5-afc1-4d53-a43f-a429e4096c64:group-0CB877097BB9:LeaderElection101] INFO  server.RaftServerConfigKeys (ConfUtils.java:logGet(43)) - raft.server.watch.timeout.denomination = 1s (default)
2019-09-12 11:36:36,766 [b4d92fb5-afc1-4d53-a43f-a429e4096c64:group-0CB877097BB9:LeaderElection101] INFO  server.RaftServerConfigKeys (ConfUtils.java:logGet(43)) - raft.server.watch.element-limit = 65536 (default)
2019-09-12 11:36:36,766 [b4d92fb5-afc1-4d53-a43f-a429e4096c64:group-0CB877097BB9:LeaderElection101] INFO  impl.RoleInfo (RoleInfo.java:updateAndGet(143)) - b4d92fb5-afc1-4d53-a43f-a429e4096c64: start LeaderState
2019-09-12 11:36:36,766 [b4d92fb5-afc1-4d53-a43f-a429e4096c64:group-0CB877097BB9:LeaderElection101] INFO  segmented.SegmentedRaftLogWorker (SegmentedRaftLogWorker.java:startLogSegment(380)) - b4d92fb5-afc1-4d53-a43f-a429e4096c64-SegmentedRaftLogWorker:Storage Directory /workdir/hadoop-ozone/ozonefs/target/test-dir/MiniOzoneClusterImpl-68ada62c-70c2-422c-a450-57ae95aadfb6/datanode-1/data/ratis/61541c92-3651-4318-9336-0cb877097bb9: Starting segment from index:0
2019-09-12 11:36:36,767 [b4d92fb5-afc1-4d53-a43f-a429e4096c64:group-0CB877097BB9:LeaderElection101] INFO  impl.RaftServerImpl (ServerState.java:setRaftConf(361)) - b4d92fb5-afc1-4d53-a43f-a429e4096c64:group-0CB877097BB9 set configuration 0: [b4d92fb5-afc1-4d53-a43f-a429e4096c64:192.168.36.114:40451], old=null at 0
2019-09-12 11:36:36,781 [Thread-1548] INFO  impl.FollowerState (FollowerState.java:run(106)) - a68b549c-a65a-44fd-9729-a5200a86921e:group-3E81752E1D63 changes to CANDIDATE, lastRpcTime:5113, electionTimeout:5113ms
2019-09-12 11:36:36,781 [Thread-1548] INFO  impl.RoleInfo (RoleInfo.java:shutdownFollowerState(121)) - a68b549c-a65a-44fd-9729-a5200a86921e: shutdown FollowerState
2019-09-12 11:36:36,781 [Thread-1548] INFO  impl.RaftServerImpl (RaftServerImpl.java:setRole(171)) - a68b549c-a65a-44fd-9729-a5200a86921e:group-3E81752E1D63 changes role from FOLLOWER to CANDIDATE at term 0 for changeToCandidate
2019-09-12 11:36:36,781 [Thread-1548] INFO  impl.RoleInfo (RoleInfo.java:updateAndGet(143)) - a68b549c-a65a-44fd-9729-a5200a86921e: start LeaderElection
2019-09-12 11:36:36,806 [Thread-1542] INFO  impl.FollowerState (FollowerState.java:run(106)) - b4d92fb5-afc1-4d53-a43f-a429e4096c64:group-2FDE7518DAAD changes to CANDIDATE, lastRpcTime:5219, electionTimeout:5197ms
2019-09-12 11:36:36,806 [Thread-1542] INFO  impl.RoleInfo (RoleInfo.java:shutdownFollowerState(121)) - b4d92fb5-afc1-4d53-a43f-a429e4096c64: shutdown FollowerState
2019-09-12 11:36:36,807 [Thread-1542] INFO  impl.RaftServerImpl (RaftServerImpl.java:setRole(171)) - b4d92fb5-afc1-4d53-a43f-a429e4096c64:group-2FDE7518DAAD changes role from FOLLOWER to CANDIDATE at term 0 for changeToCandidate
2019-09-12 11:36:36,807 [Thread-1542] INFO  impl.RoleInfo (RoleInfo.java:updateAndGet(143)) - b4d92fb5-afc1-4d53-a43f-a429e4096c64: start LeaderElection
2019-09-12 11:36:36,837 [b4d92fb5-afc1-4d53-a43f-a429e4096c64-SegmentedRaftLogWorker:Storage Directory /workdir/hadoop-ozone/ozonefs/target/test-dir/MiniOzoneClusterImpl-68ada62c-70c2-422c-a450-57ae95aadfb6/datanode-1/data/ratis/61541c92-3651-4318-9336-0cb877097bb9] INFO  segmented.SegmentedRaftLogWorker (SegmentedRaftLogWorker.java:execute(569)) - b4d92fb5-afc1-4d53-a43f-a429e4096c64-SegmentedRaftLogWorker:Storage Directory /workdir/hadoop-ozone/ozonefs/target/test-dir/MiniOzoneClusterImpl-68ada62c-70c2-422c-a450-57ae95aadfb6/datanode-1/data/ratis/61541c92-3651-4318-9336-0cb877097bb9: created new log segment /workdir/hadoop-ozone/ozonefs/target/test-dir/MiniOzoneClusterImpl-68ada62c-70c2-422c-a450-57ae95aadfb6/datanode-1/data/ratis/61541c92-3651-4318-9336-0cb877097bb9/current/log_inprogress_0
2019-09-12 11:36:36,837 [b4d92fb5-afc1-4d53-a43f-a429e4096c64:group-2FDE7518DAAD:LeaderElection103] INFO  impl.LeaderElection (LeaderElection.java:askForVotes(181)) - b4d92fb5-afc1-4d53-a43f-a429e4096c64:group-2FDE7518DAAD:LeaderElection103: begin an election at term 1 for -1: [b4d92fb5-afc1-4d53-a43f-a429e4096c64:192.168.36.114:40451], old=null
2019-09-12 11:36:36,837 [a68b549c-a65a-44fd-9729-a5200a86921e:group-3E81752E1D63:LeaderElection102] INFO  impl.LeaderElection (LeaderElection.java:askForVotes(181)) - a68b549c-a65a-44fd-9729-a5200a86921e:group-3E81752E1D63:LeaderElection102: begin an election at term 1 for -1: [a68b549c-a65a-44fd-9729-a5200a86921e:192.168.36.114:41724], old=null
2019-09-12 11:36:36,837 [b4d92fb5-afc1-4d53-a43f-a429e4096c64:group-2FDE7518DAAD:LeaderElection103] INFO  impl.RoleInfo (RoleInfo.java:shutdownLeaderElection(134)) - b4d92fb5-afc1-4d53-a43f-a429e4096c64: shutdown LeaderElection
2019-09-12 11:36:36,837 [a68b549c-a65a-44fd-9729-a5200a86921e:group-3E81752E1D63:LeaderElection102] INFO  impl.RoleInfo (RoleInfo.java:shutdownLeaderElection(134)) - a68b549c-a65a-44fd-9729-a5200a86921e: shutdown LeaderElection
2019-09-12 11:36:36,837 [b4d92fb5-afc1-4d53-a43f-a429e4096c64:group-2FDE7518DAAD:LeaderElection103] INFO  impl.RaftServerImpl (RaftServerImpl.java:setRole(171)) - b4d92fb5-afc1-4d53-a43f-a429e4096c64:group-2FDE7518DAAD changes role from CANDIDATE to LEADER at term 1 for changeToLeader
2019-09-12 11:36:36,837 [a68b549c-a65a-44fd-9729-a5200a86921e:group-3E81752E1D63:LeaderElection102] INFO  impl.RaftServerImpl (RaftServerImpl.java:setRole(171)) - a68b549c-a65a-44fd-9729-a5200a86921e:group-3E81752E1D63 changes role from CANDIDATE to LEADER at term 1 for changeToLeader
2019-09-12 11:36:36,838 [b4d92fb5-afc1-4d53-a43f-a429e4096c64:group-2FDE7518DAAD:LeaderElection103] INFO  impl.RaftServerImpl (ServerState.java:setLeader(263)) - b4d92fb5-afc1-4d53-a43f-a429e4096c64:group-2FDE7518DAAD change Leader from null to b4d92fb5-afc1-4d53-a43f-a429e4096c64 at term 1 for becomeLeader, leader elected after 5254ms
2019-09-12 11:36:36,838 [a68b549c-a65a-44fd-9729-a5200a86921e:group-3E81752E1D63:LeaderElection102] INFO  impl.RaftServerImpl (ServerState.java:setLeader(263)) - a68b549c-a65a-44fd-9729-a5200a86921e:group-3E81752E1D63 change Leader from null to a68b549c-a65a-44fd-9729-a5200a86921e at term 1 for becomeLeader, leader elected after 5173ms
2019-09-12 11:36:36,838 [b4d92fb5-afc1-4d53-a43f-a429e4096c64:group-2FDE7518DAAD:LeaderElection103] INFO  server.RaftServerConfigKeys (ConfUtils.java:logGet(43)) - raft.server.staging.catchup.gap = 1000 (default)
2019-09-12 11:36:36,838 [a68b549c-a65a-44fd-9729-a5200a86921e:group-3E81752E1D63:LeaderElection102] INFO  server.RaftServerConfigKeys (ConfUtils.java:logGet(43)) - raft.server.staging.catchup.gap = 1000 (default)
2019-09-12 11:36:36,838 [b4d92fb5-afc1-4d53-a43f-a429e4096c64:group-2FDE7518DAAD:LeaderElection103] INFO  server.RaftServerConfigKeys (ConfUtils.java:logGet(43)) - raft.server.rpc.sleep.time = 25ms (default)
2019-09-12 11:36:36,838 [a68b549c-a65a-44fd-9729-a5200a86921e:group-3E81752E1D63:LeaderElection102] INFO  server.RaftServerConfigKeys (ConfUtils.java:logGet(43)) - raft.server.rpc.sleep.time = 25ms (default)
2019-09-12 11:36:36,839 [b4d92fb5-afc1-4d53-a43f-a429e4096c64:group-2FDE7518DAAD:LeaderElection103] INFO  server.RaftServerConfigKeys (ConfUtils.java:logGet(43)) - raft.server.write.element-limit = 4096 (default)
2019-09-12 11:36:36,839 [a68b549c-a65a-44fd-9729-a5200a86921e:group-3E81752E1D63:LeaderElection102] INFO  server.RaftServerConfigKeys (ConfUtils.java:logGet(43)) - raft.server.write.element-limit = 4096 (default)
2019-09-12 11:36:36,839 [b4d92fb5-afc1-4d53-a43f-a429e4096c64:group-2FDE7518DAAD:LeaderElection103] INFO  server.RaftServerConfigKeys (ConfUtils.java:logGet(43)) - raft.server.watch.timeout = 10s (default)
2019-09-12 11:36:36,839 [a68b549c-a65a-44fd-9729-a5200a86921e:group-3E81752E1D63:LeaderElection102] INFO  server.RaftServerConfigKeys (ConfUtils.java:logGet(43)) - raft.server.watch.timeout = 10s (default)
2019-09-12 11:36:36,839 [b4d92fb5-afc1-4d53-a43f-a429e4096c64:group-2FDE7518DAAD:LeaderElection103] INFO  server.RaftServerConfigKeys (ConfUtils.java:logGet(43)) - raft.server.watch.timeout.denomination = 1s (default)
2019-09-12 11:36:36,839 [a68b549c-a65a-44fd-9729-a5200a86921e:group-3E81752E1D63:LeaderElection102] INFO  server.RaftServerConfigKeys (ConfUtils.java:logGet(43)) - raft.server.watch.timeout.denomination = 1s (default)
2019-09-12 11:36:36,839 [b4d92fb5-afc1-4d53-a43f-a429e4096c64:group-2FDE7518DAAD:LeaderElection103] INFO  server.RaftServerConfigKeys (ConfUtils.java:logGet(43)) - raft.server.watch.element-limit = 65536 (default)
2019-09-12 11:36:36,840 [a68b549c-a65a-44fd-9729-a5200a86921e:group-3E81752E1D63:LeaderElection102] INFO  server.RaftServerConfigKeys (ConfUtils.java:logGet(43)) - raft.server.watch.element-limit = 65536 (default)
2019-09-12 11:36:36,840 [b4d92fb5-afc1-4d53-a43f-a429e4096c64:group-2FDE7518DAAD:LeaderElection103] INFO  impl.RoleInfo (RoleInfo.java:updateAndGet(143)) - b4d92fb5-afc1-4d53-a43f-a429e4096c64: start LeaderState
2019-09-12 11:36:36,840 [a68b549c-a65a-44fd-9729-a5200a86921e:group-3E81752E1D63:LeaderElection102] INFO  impl.RoleInfo (RoleInfo.java:updateAndGet(143)) - a68b549c-a65a-44fd-9729-a5200a86921e: start LeaderState
2019-09-12 11:36:36,840 [b4d92fb5-afc1-4d53-a43f-a429e4096c64:group-2FDE7518DAAD:LeaderElection103] INFO  segmented.SegmentedRaftLogWorker (SegmentedRaftLogWorker.java:startLogSegment(380)) - b4d92fb5-afc1-4d53-a43f-a429e4096c64-SegmentedRaftLogWorker:Storage Directory /workdir/hadoop-ozone/ozonefs/target/test-dir/MiniOzoneClusterImpl-68ada62c-70c2-422c-a450-57ae95aadfb6/datanode-1/data/ratis/e4ab0339-606d-47d5-8fe1-2fde7518daad: Starting segment from index:0
2019-09-12 11:36:36,840 [a68b549c-a65a-44fd-9729-a5200a86921e:group-3E81752E1D63:LeaderElection102] INFO  segmented.SegmentedRaftLogWorker (SegmentedRaftLogWorker.java:startLogSegment(380)) - a68b549c-a65a-44fd-9729-a5200a86921e-SegmentedRaftLogWorker:Storage Directory /workdir/hadoop-ozone/ozonefs/target/test-dir/MiniOzoneClusterImpl-68ada62c-70c2-422c-a450-57ae95aadfb6/datanode-2/data/ratis/44af1f24-a508-40ed-9a80-3e81752e1d63: Starting segment from index:0
2019-09-12 11:36:36,841 [b4d92fb5-afc1-4d53-a43f-a429e4096c64:group-2FDE7518DAAD:LeaderElection103] INFO  impl.RaftServerImpl (ServerState.java:setRaftConf(361)) - b4d92fb5-afc1-4d53-a43f-a429e4096c64:group-2FDE7518DAAD set configuration 0: [b4d92fb5-afc1-4d53-a43f-a429e4096c64:192.168.36.114:40451], old=null at 0
2019-09-12 11:36:36,841 [a68b549c-a65a-44fd-9729-a5200a86921e:group-3E81752E1D63:LeaderElection102] INFO  impl.RaftServerImpl (ServerState.java:setRaftConf(361)) - a68b549c-a65a-44fd-9729-a5200a86921e:group-3E81752E1D63 set configuration 0: [a68b549c-a65a-44fd-9729-a5200a86921e:192.168.36.114:41724], old=null at 0
2019-09-12 11:36:36,861 [Thread-1551] INFO  impl.FollowerState (FollowerState.java:run(106)) - a68b549c-a65a-44fd-9729-a5200a86921e:group-23F038BA8AC7 changes to CANDIDATE, lastRpcTime:5145, electionTimeout:5145ms
2019-09-12 11:36:36,861 [Thread-1551] INFO  impl.RoleInfo (RoleInfo.java:shutdownFollowerState(121)) - a68b549c-a65a-44fd-9729-a5200a86921e: shutdown FollowerState
2019-09-12 11:36:36,861 [Thread-1551] INFO  impl.RaftServerImpl (RaftServerImpl.java:setRole(171)) - a68b549c-a65a-44fd-9729-a5200a86921e:group-23F038BA8AC7 changes role from FOLLOWER to CANDIDATE at term 0 for changeToCandidate
2019-09-12 11:36:36,861 [Thread-1551] INFO  impl.RoleInfo (RoleInfo.java:updateAndGet(143)) - a68b549c-a65a-44fd-9729-a5200a86921e: start LeaderElection
2019-09-12 11:36:36,908 [a68b549c-a65a-44fd-9729-a5200a86921e-SegmentedRaftLogWorker:Storage Directory /workdir/hadoop-ozone/ozonefs/target/test-dir/MiniOzoneClusterImpl-68ada62c-70c2-422c-a450-57ae95aadfb6/datanode-2/data/ratis/44af1f24-a508-40ed-9a80-3e81752e1d63] INFO  segmented.SegmentedRaftLogWorker (SegmentedRaftLogWorker.java:execute(569)) - a68b549c-a65a-44fd-9729-a5200a86921e-SegmentedRaftLogWorker:Storage Directory /workdir/hadoop-ozone/ozonefs/target/test-dir/MiniOzoneClusterImpl-68ada62c-70c2-422c-a450-57ae95aadfb6/datanode-2/data/ratis/44af1f24-a508-40ed-9a80-3e81752e1d63: created new log segment /workdir/hadoop-ozone/ozonefs/target/test-dir/MiniOzoneClusterImpl-68ada62c-70c2-422c-a450-57ae95aadfb6/datanode-2/data/ratis/44af1f24-a508-40ed-9a80-3e81752e1d63/current/log_inprogress_0
2019-09-12 11:36:36,908 [a68b549c-a65a-44fd-9729-a5200a86921e:group-23F038BA8AC7:LeaderElection104] INFO  impl.LeaderElection (LeaderElection.java:askForVotes(181)) - a68b549c-a65a-44fd-9729-a5200a86921e:group-23F038BA8AC7:LeaderElection104: begin an election at term 1 for -1: [a68b549c-a65a-44fd-9729-a5200a86921e:192.168.36.114:41724], old=null
2019-09-12 11:36:36,908 [b4d92fb5-afc1-4d53-a43f-a429e4096c64-SegmentedRaftLogWorker:Storage Directory /workdir/hadoop-ozone/ozonefs/target/test-dir/MiniOzoneClusterImpl-68ada62c-70c2-422c-a450-57ae95aadfb6/datanode-1/data/ratis/e4ab0339-606d-47d5-8fe1-2fde7518daad] INFO  segmented.SegmentedRaftLogWorker (SegmentedRaftLogWorker.java:execute(569)) - b4d92fb5-afc1-4d53-a43f-a429e4096c64-SegmentedRaftLogWorker:Storage Directory /workdir/hadoop-ozone/ozonefs/target/test-dir/MiniOzoneClusterImpl-68ada62c-70c2-422c-a450-57ae95aadfb6/datanode-1/data/ratis/e4ab0339-606d-47d5-8fe1-2fde7518daad: created new log segment /workdir/hadoop-ozone/ozonefs/target/test-dir/MiniOzoneClusterImpl-68ada62c-70c2-422c-a450-57ae95aadfb6/datanode-1/data/ratis/e4ab0339-606d-47d5-8fe1-2fde7518daad/current/log_inprogress_0
2019-09-12 11:36:36,909 [a68b549c-a65a-44fd-9729-a5200a86921e:group-23F038BA8AC7:LeaderElection104] INFO  impl.RoleInfo (RoleInfo.java:shutdownLeaderElection(134)) - a68b549c-a65a-44fd-9729-a5200a86921e: shutdown LeaderElection
2019-09-12 11:36:36,909 [a68b549c-a65a-44fd-9729-a5200a86921e:group-23F038BA8AC7:LeaderElection104] INFO  impl.RaftServerImpl (RaftServerImpl.java:setRole(171)) - a68b549c-a65a-44fd-9729-a5200a86921e:group-23F038BA8AC7 changes role from CANDIDATE to LEADER at term 1 for changeToLeader
2019-09-12 11:36:36,909 [a68b549c-a65a-44fd-9729-a5200a86921e:group-23F038BA8AC7:LeaderElection104] INFO  impl.RaftServerImpl (ServerState.java:setLeader(263)) - a68b549c-a65a-44fd-9729-a5200a86921e:group-23F038BA8AC7 change Leader from null to a68b549c-a65a-44fd-9729-a5200a86921e at term 1 for becomeLeader, leader elected after 5197ms
2019-09-12 11:36:36,909 [a68b549c-a65a-44fd-9729-a5200a86921e:group-23F038BA8AC7:LeaderElection104] INFO  server.RaftServerConfigKeys (ConfUtils.java:logGet(43)) - raft.server.staging.catchup.gap = 1000 (default)
2019-09-12 11:36:36,910 [a68b549c-a65a-44fd-9729-a5200a86921e:group-23F038BA8AC7:LeaderElection104] INFO  server.RaftServerConfigKeys (ConfUtils.java:logGet(43)) - raft.server.rpc.sleep.time = 25ms (default)
2019-09-12 11:36:36,910 [a68b549c-a65a-44fd-9729-a5200a86921e:group-23F038BA8AC7:LeaderElection104] INFO  server.RaftServerConfigKeys (ConfUtils.java:logGet(43)) - raft.server.write.element-limit = 4096 (default)
2019-09-12 11:36:36,910 [a68b549c-a65a-44fd-9729-a5200a86921e:group-23F038BA8AC7:LeaderElection104] INFO  server.RaftServerConfigKeys (ConfUtils.java:logGet(43)) - raft.server.watch.timeout = 10s (default)
2019-09-12 11:36:36,910 [a68b549c-a65a-44fd-9729-a5200a86921e:group-23F038BA8AC7:LeaderElection104] INFO  server.RaftServerConfigKeys (ConfUtils.java:logGet(43)) - raft.server.watch.timeout.denomination = 1s (default)
2019-09-12 11:36:36,910 [a68b549c-a65a-44fd-9729-a5200a86921e:group-23F038BA8AC7:LeaderElection104] INFO  server.RaftServerConfigKeys (ConfUtils.java:logGet(43)) - raft.server.watch.element-limit = 65536 (default)
2019-09-12 11:36:36,911 [a68b549c-a65a-44fd-9729-a5200a86921e:group-23F038BA8AC7:LeaderElection104] INFO  impl.RoleInfo (RoleInfo.java:updateAndGet(143)) - a68b549c-a65a-44fd-9729-a5200a86921e: start LeaderState
2019-09-12 11:36:36,911 [a68b549c-a65a-44fd-9729-a5200a86921e:group-23F038BA8AC7:LeaderElection104] INFO  segmented.SegmentedRaftLogWorker (SegmentedRaftLogWorker.java:startLogSegment(380)) - a68b549c-a65a-44fd-9729-a5200a86921e-SegmentedRaftLogWorker:Storage Directory /workdir/hadoop-ozone/ozonefs/target/test-dir/MiniOzoneClusterImpl-68ada62c-70c2-422c-a450-57ae95aadfb6/datanode-2/data/ratis/10e51d94-71c1-469f-83d8-23f038ba8ac7: Starting segment from index:0
2019-09-12 11:36:36,912 [a68b549c-a65a-44fd-9729-a5200a86921e:group-23F038BA8AC7:LeaderElection104] INFO  impl.RaftServerImpl (ServerState.java:setRaftConf(361)) - a68b549c-a65a-44fd-9729-a5200a86921e:group-23F038BA8AC7 set configuration 0: [a68b549c-a65a-44fd-9729-a5200a86921e:192.168.36.114:41724], old=null at 0
2019-09-12 11:36:36,917 [Thread-1557] INFO  impl.FollowerState (FollowerState.java:run(106)) - a68b549c-a65a-44fd-9729-a5200a86921e:group-7FCA4C678226 changes to CANDIDATE, lastRpcTime:5119, electionTimeout:5119ms
2019-09-12 11:36:36,917 [Thread-1557] INFO  impl.RoleInfo (RoleInfo.java:shutdownFollowerState(121)) - a68b549c-a65a-44fd-9729-a5200a86921e: shutdown FollowerState
2019-09-12 11:36:36,917 [Thread-1557] INFO  impl.RaftServerImpl (RaftServerImpl.java:setRole(171)) - a68b549c-a65a-44fd-9729-a5200a86921e:group-7FCA4C678226 changes role from FOLLOWER to CANDIDATE at term 0 for changeToCandidate
2019-09-12 11:36:36,917 [Thread-1557] INFO  impl.RoleInfo (RoleInfo.java:updateAndGet(143)) - a68b549c-a65a-44fd-9729-a5200a86921e: start LeaderElection
2019-09-12 11:36:36,947 [Thread-1554] INFO  impl.FollowerState (FollowerState.java:run(106)) - a68b549c-a65a-44fd-9729-a5200a86921e:group-9621CB052D44 changes to CANDIDATE, lastRpcTime:5191, electionTimeout:5168ms
2019-09-12 11:36:36,948 [Thread-1554] INFO  impl.RoleInfo (RoleInfo.java:shutdownFollowerState(121)) - a68b549c-a65a-44fd-9729-a5200a86921e: shutdown FollowerState
2019-09-12 11:36:36,948 [Thread-1554] INFO  impl.RaftServerImpl (RaftServerImpl.java:setRole(171)) - a68b549c-a65a-44fd-9729-a5200a86921e:group-9621CB052D44 changes role from FOLLOWER to CANDIDATE at term 0 for changeToCandidate
2019-09-12 11:36:36,948 [Thread-1554] INFO  impl.RoleInfo (RoleInfo.java:updateAndGet(143)) - a68b549c-a65a-44fd-9729-a5200a86921e: start LeaderElection
2019-09-12 11:36:36,961 [a68b549c-a65a-44fd-9729-a5200a86921e-SegmentedRaftLogWorker:Storage Directory /workdir/hadoop-ozone/ozonefs/target/test-dir/MiniOzoneClusterImpl-68ada62c-70c2-422c-a450-57ae95aadfb6/datanode-2/data/ratis/10e51d94-71c1-469f-83d8-23f038ba8ac7] INFO  segmented.SegmentedRaftLogWorker (SegmentedRaftLogWorker.java:execute(569)) - a68b549c-a65a-44fd-9729-a5200a86921e-SegmentedRaftLogWorker:Storage Directory /workdir/hadoop-ozone/ozonefs/target/test-dir/MiniOzoneClusterImpl-68ada62c-70c2-422c-a450-57ae95aadfb6/datanode-2/data/ratis/10e51d94-71c1-469f-83d8-23f038ba8ac7: created new log segment /workdir/hadoop-ozone/ozonefs/target/test-dir/MiniOzoneClusterImpl-68ada62c-70c2-422c-a450-57ae95aadfb6/datanode-2/data/ratis/10e51d94-71c1-469f-83d8-23f038ba8ac7/current/log_inprogress_0
2019-09-12 11:36:36,961 [a68b549c-a65a-44fd-9729-a5200a86921e:group-7FCA4C678226:LeaderElection105] INFO  impl.LeaderElection (LeaderElection.java:askForVotes(181)) - a68b549c-a65a-44fd-9729-a5200a86921e:group-7FCA4C678226:LeaderElection105: begin an election at term 1 for -1: [a68b549c-a65a-44fd-9729-a5200a86921e:192.168.36.114:41724], old=null
2019-09-12 11:36:36,961 [a68b549c-a65a-44fd-9729-a5200a86921e:group-9621CB052D44:LeaderElection106] INFO  impl.LeaderElection (LeaderElection.java:askForVotes(181)) - a68b549c-a65a-44fd-9729-a5200a86921e:group-9621CB052D44:LeaderElection106: begin an election at term 1 for -1: [a68b549c-a65a-44fd-9729-a5200a86921e:192.168.36.114:41724], old=null
2019-09-12 11:36:36,961 [a68b549c-a65a-44fd-9729-a5200a86921e:group-7FCA4C678226:LeaderElection105] INFO  impl.RoleInfo (RoleInfo.java:shutdownLeaderElection(134)) - a68b549c-a65a-44fd-9729-a5200a86921e: shutdown LeaderElection
2019-09-12 11:36:36,961 [a68b549c-a65a-44fd-9729-a5200a86921e:group-9621CB052D44:LeaderElection106] INFO  impl.RoleInfo (RoleInfo.java:shutdownLeaderElection(134)) - a68b549c-a65a-44fd-9729-a5200a86921e: shutdown LeaderElection
2019-09-12 11:36:36,961 [a68b549c-a65a-44fd-9729-a5200a86921e:group-7FCA4C678226:LeaderElection105] INFO  impl.RaftServerImpl (RaftServerImpl.java:setRole(171)) - a68b549c-a65a-44fd-9729-a5200a86921e:group-7FCA4C678226 changes role from CANDIDATE to LEADER at term 1 for changeToLeader
2019-09-12 11:36:36,961 [a68b549c-a65a-44fd-9729-a5200a86921e:group-9621CB052D44:LeaderElection106] INFO  impl.RaftServerImpl (RaftServerImpl.java:setRole(171)) - a68b549c-a65a-44fd-9729-a5200a86921e:group-9621CB052D44 changes role from CANDIDATE to LEADER at term 1 for changeToLeader
2019-09-12 11:36:36,961 [a68b549c-a65a-44fd-9729-a5200a86921e:group-7FCA4C678226:LeaderElection105] INFO  impl.RaftServerImpl (ServerState.java:setLeader(263)) - a68b549c-a65a-44fd-9729-a5200a86921e:group-7FCA4C678226 change Leader from null to a68b549c-a65a-44fd-9729-a5200a86921e at term 1 for becomeLeader, leader elected after 5168ms
2019-09-12 11:36:36,961 [a68b549c-a65a-44fd-9729-a5200a86921e:group-9621CB052D44:LeaderElection106] INFO  impl.RaftServerImpl (ServerState.java:setLeader(263)) - a68b549c-a65a-44fd-9729-a5200a86921e:group-9621CB052D44 change Leader from null to a68b549c-a65a-44fd-9729-a5200a86921e at term 1 for becomeLeader, leader elected after 5208ms
2019-09-12 11:36:36,962 [a68b549c-a65a-44fd-9729-a5200a86921e:group-7FCA4C678226:LeaderElection105] INFO  server.RaftServerConfigKeys (ConfUtils.java:logGet(43)) - raft.server.staging.catchup.gap = 1000 (default)
2019-09-12 11:36:36,962 [a68b549c-a65a-44fd-9729-a5200a86921e:group-9621CB052D44:LeaderElection106] INFO  server.RaftServerConfigKeys (ConfUtils.java:logGet(43)) - raft.server.staging.catchup.gap = 1000 (default)
2019-09-12 11:36:36,962 [a68b549c-a65a-44fd-9729-a5200a86921e:group-7FCA4C678226:LeaderElection105] INFO  server.RaftServerConfigKeys (ConfUtils.java:logGet(43)) - raft.server.rpc.sleep.time = 25ms (default)
2019-09-12 11:36:36,962 [a68b549c-a65a-44fd-9729-a5200a86921e:group-9621CB052D44:LeaderElection106] INFO  server.RaftServerConfigKeys (ConfUtils.java:logGet(43)) - raft.server.rpc.sleep.time = 25ms (default)
2019-09-12 11:36:36,962 [a68b549c-a65a-44fd-9729-a5200a86921e:group-7FCA4C678226:LeaderElection105] INFO  server.RaftServerConfigKeys (ConfUtils.java:logGet(43)) - raft.server.write.element-limit = 4096 (default)
2019-09-12 11:36:36,962 [a68b549c-a65a-44fd-9729-a5200a86921e:group-9621CB052D44:LeaderElection106] INFO  server.RaftServerConfigKeys (ConfUtils.java:logGet(43)) - raft.server.write.element-limit = 4096 (default)
2019-09-12 11:36:36,962 [a68b549c-a65a-44fd-9729-a5200a86921e:group-7FCA4C678226:LeaderElection105] INFO  server.RaftServerConfigKeys (ConfUtils.java:logGet(43)) - raft.server.watch.timeout = 10s (default)
2019-09-12 11:36:36,962 [a68b549c-a65a-44fd-9729-a5200a86921e:group-9621CB052D44:LeaderElection106] INFO  server.RaftServerConfigKeys (ConfUtils.java:logGet(43)) - raft.server.watch.timeout = 10s (default)
2019-09-12 11:36:36,963 [a68b549c-a65a-44fd-9729-a5200a86921e:group-7FCA4C678226:LeaderElection105] INFO  server.RaftServerConfigKeys (ConfUtils.java:logGet(43)) - raft.server.watch.timeout.denomination = 1s (default)
2019-09-12 11:36:36,963 [a68b549c-a65a-44fd-9729-a5200a86921e:group-9621CB052D44:LeaderElection106] INFO  server.RaftServerConfigKeys (ConfUtils.java:logGet(43)) - raft.server.watch.timeout.denomination = 1s (default)
2019-09-12 11:36:36,963 [a68b549c-a65a-44fd-9729-a5200a86921e:group-7FCA4C678226:LeaderElection105] INFO  server.RaftServerConfigKeys (ConfUtils.java:logGet(43)) - raft.server.watch.element-limit = 65536 (default)
2019-09-12 11:36:36,963 [a68b549c-a65a-44fd-9729-a5200a86921e:group-9621CB052D44:LeaderElection106] INFO  server.RaftServerConfigKeys (ConfUtils.java:logGet(43)) - raft.server.watch.element-limit = 65536 (default)
2019-09-12 11:36:36,963 [a68b549c-a65a-44fd-9729-a5200a86921e:group-7FCA4C678226:LeaderElection105] INFO  impl.RoleInfo (RoleInfo.java:updateAndGet(143)) - a68b549c-a65a-44fd-9729-a5200a86921e: start LeaderState
2019-09-12 11:36:36,963 [a68b549c-a65a-44fd-9729-a5200a86921e:group-9621CB052D44:LeaderElection106] INFO  impl.RoleInfo (RoleInfo.java:updateAndGet(143)) - a68b549c-a65a-44fd-9729-a5200a86921e: start LeaderState
2019-09-12 11:36:36,964 [a68b549c-a65a-44fd-9729-a5200a86921e:group-7FCA4C678226:LeaderElection105] INFO  segmented.SegmentedRaftLogWorker (SegmentedRaftLogWorker.java:startLogSegment(380)) - a68b549c-a65a-44fd-9729-a5200a86921e-SegmentedRaftLogWorker:Storage Directory /workdir/hadoop-ozone/ozonefs/target/test-dir/MiniOzoneClusterImpl-68ada62c-70c2-422c-a450-57ae95aadfb6/datanode-2/data/ratis/af664ed1-bf36-4db4-b360-7fca4c678226: Starting segment from index:0
2019-09-12 11:36:36,964 [a68b549c-a65a-44fd-9729-a5200a86921e:group-9621CB052D44:LeaderElection106] INFO  segmented.SegmentedRaftLogWorker (SegmentedRaftLogWorker.java:startLogSegment(380)) - a68b549c-a65a-44fd-9729-a5200a86921e-SegmentedRaftLogWorker:Storage Directory /workdir/hadoop-ozone/ozonefs/target/test-dir/MiniOzoneClusterImpl-68ada62c-70c2-422c-a450-57ae95aadfb6/datanode-2/data/ratis/d9ae03ce-8b92-4319-97fc-9621cb052d44: Starting segment from index:0
2019-09-12 11:36:36,964 [a68b549c-a65a-44fd-9729-a5200a86921e:group-7FCA4C678226:LeaderElection105] INFO  impl.RaftServerImpl (ServerState.java:setRaftConf(361)) - a68b549c-a65a-44fd-9729-a5200a86921e:group-7FCA4C678226 set configuration 0: [a68b549c-a65a-44fd-9729-a5200a86921e:192.168.36.114:41724], old=null at 0
2019-09-12 11:36:36,965 [a68b549c-a65a-44fd-9729-a5200a86921e:group-9621CB052D44:LeaderElection106] INFO  impl.RaftServerImpl (ServerState.java:setRaftConf(361)) - a68b549c-a65a-44fd-9729-a5200a86921e:group-9621CB052D44 set configuration 0: [a68b549c-a65a-44fd-9729-a5200a86921e:192.168.36.114:41724], old=null at 0
2019-09-12 11:36:37,011 [a68b549c-a65a-44fd-9729-a5200a86921e-SegmentedRaftLogWorker:Storage Directory /workdir/hadoop-ozone/ozonefs/target/test-dir/MiniOzoneClusterImpl-68ada62c-70c2-422c-a450-57ae95aadfb6/datanode-2/data/ratis/d9ae03ce-8b92-4319-97fc-9621cb052d44] INFO  segmented.SegmentedRaftLogWorker (SegmentedRaftLogWorker.java:execute(569)) - a68b549c-a65a-44fd-9729-a5200a86921e-SegmentedRaftLogWorker:Storage Directory /workdir/hadoop-ozone/ozonefs/target/test-dir/MiniOzoneClusterImpl-68ada62c-70c2-422c-a450-57ae95aadfb6/datanode-2/data/ratis/d9ae03ce-8b92-4319-97fc-9621cb052d44: created new log segment /workdir/hadoop-ozone/ozonefs/target/test-dir/MiniOzoneClusterImpl-68ada62c-70c2-422c-a450-57ae95aadfb6/datanode-2/data/ratis/d9ae03ce-8b92-4319-97fc-9621cb052d44/current/log_inprogress_0
2019-09-12 11:36:37,011 [a68b549c-a65a-44fd-9729-a5200a86921e-SegmentedRaftLogWorker:Storage Directory /workdir/hadoop-ozone/ozonefs/target/test-dir/MiniOzoneClusterImpl-68ada62c-70c2-422c-a450-57ae95aadfb6/datanode-2/data/ratis/af664ed1-bf36-4db4-b360-7fca4c678226] INFO  segmented.SegmentedRaftLogWorker (SegmentedRaftLogWorker.java:execute(569)) - a68b549c-a65a-44fd-9729-a5200a86921e-SegmentedRaftLogWorker:Storage Directory /workdir/hadoop-ozone/ozonefs/target/test-dir/MiniOzoneClusterImpl-68ada62c-70c2-422c-a450-57ae95aadfb6/datanode-2/data/ratis/af664ed1-bf36-4db4-b360-7fca4c678226: created new log segment /workdir/hadoop-ozone/ozonefs/target/test-dir/MiniOzoneClusterImpl-68ada62c-70c2-422c-a450-57ae95aadfb6/datanode-2/data/ratis/af664ed1-bf36-4db4-b360-7fca4c678226/current/log_inprogress_0
2019-09-12 11:36:37,021 [Thread-1563] INFO  impl.FollowerState (FollowerState.java:run(106)) - a68b549c-a65a-44fd-9729-a5200a86921e:group-912949633AEF changes to CANDIDATE, lastRpcTime:5138, electionTimeout:5138ms
2019-09-12 11:36:37,021 [Thread-1563] INFO  impl.RoleInfo (RoleInfo.java:shutdownFollowerState(121)) - a68b549c-a65a-44fd-9729-a5200a86921e: shutdown FollowerState
2019-09-12 11:36:37,021 [Thread-1563] INFO  impl.RaftServerImpl (RaftServerImpl.java:setRole(171)) - a68b549c-a65a-44fd-9729-a5200a86921e:group-912949633AEF changes role from FOLLOWER to CANDIDATE at term 0 for changeToCandidate
2019-09-12 11:36:37,021 [Thread-1563] INFO  impl.RoleInfo (RoleInfo.java:updateAndGet(143)) - a68b549c-a65a-44fd-9729-a5200a86921e: start LeaderElection
2019-09-12 11:36:37,036 [Thread-1560] INFO  impl.FollowerState (FollowerState.java:run(106)) - a68b549c-a65a-44fd-9729-a5200a86921e:group-EB5B8BFBFDC0 changes to CANDIDATE, lastRpcTime:5195, electionTimeout:5195ms
2019-09-12 11:36:37,036 [Thread-1560] INFO  impl.RoleInfo (RoleInfo.java:shutdownFollowerState(121)) - a68b549c-a65a-44fd-9729-a5200a86921e: shutdown FollowerState
2019-09-12 11:36:37,036 [Thread-1560] INFO  impl.RaftServerImpl (RaftServerImpl.java:setRole(171)) - a68b549c-a65a-44fd-9729-a5200a86921e:group-EB5B8BFBFDC0 changes role from FOLLOWER to CANDIDATE at term 0 for changeToCandidate
2019-09-12 11:36:37,036 [Thread-1560] INFO  impl.RoleInfo (RoleInfo.java:updateAndGet(143)) - a68b549c-a65a-44fd-9729-a5200a86921e: start LeaderElection
2019-09-12 11:36:37,038 [a68b549c-a65a-44fd-9729-a5200a86921e:group-912949633AEF:LeaderElection107] INFO  impl.LeaderElection (LeaderElection.java:askForVotes(181)) - a68b549c-a65a-44fd-9729-a5200a86921e:group-912949633AEF:LeaderElection107: begin an election at term 1 for -1: [a68b549c-a65a-44fd-9729-a5200a86921e:192.168.36.114:41724], old=null
2019-09-12 11:36:37,038 [a68b549c-a65a-44fd-9729-a5200a86921e:group-912949633AEF:LeaderElection107] INFO  impl.RoleInfo (RoleInfo.java:shutdownLeaderElection(134)) - a68b549c-a65a-44fd-9729-a5200a86921e: shutdown LeaderElection
2019-09-12 11:36:37,038 [a68b549c-a65a-44fd-9729-a5200a86921e:group-912949633AEF:LeaderElection107] INFO  impl.RaftServerImpl (RaftServerImpl.java:setRole(171)) - a68b549c-a65a-44fd-9729-a5200a86921e:group-912949633AEF changes role from CANDIDATE to LEADER at term 1 for changeToLeader
2019-09-12 11:36:37,038 [a68b549c-a65a-44fd-9729-a5200a86921e:group-912949633AEF:LeaderElection107] INFO  impl.RaftServerImpl (ServerState.java:setLeader(263)) - a68b549c-a65a-44fd-9729-a5200a86921e:group-912949633AEF change Leader from null to a68b549c-a65a-44fd-9729-a5200a86921e at term 1 for becomeLeader, leader elected after 5159ms
2019-09-12 11:36:37,038 [a68b549c-a65a-44fd-9729-a5200a86921e:group-912949633AEF:LeaderElection107] INFO  server.RaftServerConfigKeys (ConfUtils.java:logGet(43)) - raft.server.staging.catchup.gap = 1000 (default)
2019-09-12 11:36:37,039 [a68b549c-a65a-44fd-9729-a5200a86921e:group-912949633AEF:LeaderElection107] INFO  server.RaftServerConfigKeys (ConfUtils.java:logGet(43)) - raft.server.rpc.sleep.time = 25ms (default)
2019-09-12 11:36:37,039 [a68b549c-a65a-44fd-9729-a5200a86921e:group-912949633AEF:LeaderElection107] INFO  server.RaftServerConfigKeys (ConfUtils.java:logGet(43)) - raft.server.write.element-limit = 4096 (default)
2019-09-12 11:36:37,039 [a68b549c-a65a-44fd-9729-a5200a86921e:group-912949633AEF:LeaderElection107] INFO  server.RaftServerConfigKeys (ConfUtils.java:logGet(43)) - raft.server.watch.timeout = 10s (default)
2019-09-12 11:36:37,039 [a68b549c-a65a-44fd-9729-a5200a86921e:group-912949633AEF:LeaderElection107] INFO  server.RaftServerConfigKeys (ConfUtils.java:logGet(43)) - raft.server.watch.timeout.denomination = 1s (default)
2019-09-12 11:36:37,039 [a68b549c-a65a-44fd-9729-a5200a86921e:group-912949633AEF:LeaderElection107] INFO  server.RaftServerConfigKeys (ConfUtils.java:logGet(43)) - raft.server.watch.element-limit = 65536 (default)
2019-09-12 11:36:37,039 [a68b549c-a65a-44fd-9729-a5200a86921e:group-912949633AEF:LeaderElection107] INFO  impl.RoleInfo (RoleInfo.java:updateAndGet(143)) - a68b549c-a65a-44fd-9729-a5200a86921e: start LeaderState
2019-09-12 11:36:37,040 [a68b549c-a65a-44fd-9729-a5200a86921e:group-912949633AEF:LeaderElection107] INFO  segmented.SegmentedRaftLogWorker (SegmentedRaftLogWorker.java:startLogSegment(380)) - a68b549c-a65a-44fd-9729-a5200a86921e-SegmentedRaftLogWorker:Storage Directory /workdir/hadoop-ozone/ozonefs/target/test-dir/MiniOzoneClusterImpl-68ada62c-70c2-422c-a450-57ae95aadfb6/datanode-2/data/ratis/a56c3b31-118e-44ea-bded-912949633aef: Starting segment from index:0
2019-09-12 11:36:37,040 [a68b549c-a65a-44fd-9729-a5200a86921e:group-912949633AEF:LeaderElection107] INFO  impl.RaftServerImpl (ServerState.java:setRaftConf(361)) - a68b549c-a65a-44fd-9729-a5200a86921e:group-912949633AEF set configuration 0: [a68b549c-a65a-44fd-9729-a5200a86921e:192.168.36.114:41724], old=null at 0
2019-09-12 11:36:37,050 [a68b549c-a65a-44fd-9729-a5200a86921e:group-EB5B8BFBFDC0:LeaderElection108] INFO  impl.LeaderElection (LeaderElection.java:askForVotes(181)) - a68b549c-a65a-44fd-9729-a5200a86921e:group-EB5B8BFBFDC0:LeaderElection108: begin an election at term 1 for -1: [a68b549c-a65a-44fd-9729-a5200a86921e:192.168.36.114:41724], old=null
2019-09-12 11:36:37,050 [a68b549c-a65a-44fd-9729-a5200a86921e:group-EB5B8BFBFDC0:LeaderElection108] INFO  impl.RoleInfo (RoleInfo.java:shutdownLeaderElection(134)) - a68b549c-a65a-44fd-9729-a5200a86921e: shutdown LeaderElection
2019-09-12 11:36:37,050 [a68b549c-a65a-44fd-9729-a5200a86921e:group-EB5B8BFBFDC0:LeaderElection108] INFO  impl.RaftServerImpl (RaftServerImpl.java:setRole(171)) - a68b549c-a65a-44fd-9729-a5200a86921e:group-EB5B8BFBFDC0 changes role from CANDIDATE to LEADER at term 1 for changeToLeader
2019-09-12 11:36:37,051 [a68b549c-a65a-44fd-9729-a5200a86921e:group-EB5B8BFBFDC0:LeaderElection108] INFO  impl.RaftServerImpl (ServerState.java:setLeader(263)) - a68b549c-a65a-44fd-9729-a5200a86921e:group-EB5B8BFBFDC0 change Leader from null to a68b549c-a65a-44fd-9729-a5200a86921e at term 1 for becomeLeader, leader elected after 5214ms
2019-09-12 11:36:37,051 [a68b549c-a65a-44fd-9729-a5200a86921e:group-EB5B8BFBFDC0:LeaderElection108] INFO  server.RaftServerConfigKeys (ConfUtils.java:logGet(43)) - raft.server.staging.catchup.gap = 1000 (default)
2019-09-12 11:36:37,051 [a68b549c-a65a-44fd-9729-a5200a86921e:group-EB5B8BFBFDC0:LeaderElection108] INFO  server.RaftServerConfigKeys (ConfUtils.java:logGet(43)) - raft.server.rpc.sleep.time = 25ms (default)
2019-09-12 11:36:37,051 [a68b549c-a65a-44fd-9729-a5200a86921e:group-EB5B8BFBFDC0:LeaderElection108] INFO  server.RaftServerConfigKeys (ConfUtils.java:logGet(43)) - raft.server.write.element-limit = 4096 (default)
2019-09-12 11:36:37,051 [a68b549c-a65a-44fd-9729-a5200a86921e:group-EB5B8BFBFDC0:LeaderElection108] INFO  server.RaftServerConfigKeys (ConfUtils.java:logGet(43)) - raft.server.watch.timeout = 10s (default)
2019-09-12 11:36:37,051 [a68b549c-a65a-44fd-9729-a5200a86921e:group-EB5B8BFBFDC0:LeaderElection108] INFO  server.RaftServerConfigKeys (ConfUtils.java:logGet(43)) - raft.server.watch.timeout.denomination = 1s (default)
2019-09-12 11:36:37,051 [a68b549c-a65a-44fd-9729-a5200a86921e:group-EB5B8BFBFDC0:LeaderElection108] INFO  server.RaftServerConfigKeys (ConfUtils.java:logGet(43)) - raft.server.watch.element-limit = 65536 (default)
2019-09-12 11:36:37,052 [a68b549c-a65a-44fd-9729-a5200a86921e:group-EB5B8BFBFDC0:LeaderElection108] INFO  impl.RoleInfo (RoleInfo.java:updateAndGet(143)) - a68b549c-a65a-44fd-9729-a5200a86921e: start LeaderState
2019-09-12 11:36:37,052 [a68b549c-a65a-44fd-9729-a5200a86921e:group-EB5B8BFBFDC0:LeaderElection108] INFO  segmented.SegmentedRaftLogWorker (SegmentedRaftLogWorker.java:startLogSegment(380)) - a68b549c-a65a-44fd-9729-a5200a86921e-SegmentedRaftLogWorker:Storage Directory /workdir/hadoop-ozone/ozonefs/target/test-dir/MiniOzoneClusterImpl-68ada62c-70c2-422c-a450-57ae95aadfb6/datanode-2/data/ratis/afa5ea7a-d467-4664-919a-eb5b8bfbfdc0: Starting segment from index:0
2019-09-12 11:36:37,052 [a68b549c-a65a-44fd-9729-a5200a86921e:group-EB5B8BFBFDC0:LeaderElection108] INFO  impl.RaftServerImpl (ServerState.java:setRaftConf(361)) - a68b549c-a65a-44fd-9729-a5200a86921e:group-EB5B8BFBFDC0 set configuration 0: [a68b549c-a65a-44fd-9729-a5200a86921e:192.168.36.114:41724], old=null at 0
2019-09-12 11:36:37,090 [a68b549c-a65a-44fd-9729-a5200a86921e-SegmentedRaftLogWorker:Storage Directory /workdir/hadoop-ozone/ozonefs/target/test-dir/MiniOzoneClusterImpl-68ada62c-70c2-422c-a450-57ae95aadfb6/datanode-2/data/ratis/a56c3b31-118e-44ea-bded-912949633aef] INFO  segmented.SegmentedRaftLogWorker (SegmentedRaftLogWorker.java:execute(569)) - a68b549c-a65a-44fd-9729-a5200a86921e-SegmentedRaftLogWorker:Storage Directory /workdir/hadoop-ozone/ozonefs/target/test-dir/MiniOzoneClusterImpl-68ada62c-70c2-422c-a450-57ae95aadfb6/datanode-2/data/ratis/a56c3b31-118e-44ea-bded-912949633aef: created new log segment /workdir/hadoop-ozone/ozonefs/target/test-dir/MiniOzoneClusterImpl-68ada62c-70c2-422c-a450-57ae95aadfb6/datanode-2/data/ratis/a56c3b31-118e-44ea-bded-912949633aef/current/log_inprogress_0
2019-09-12 11:36:37,104 [a68b549c-a65a-44fd-9729-a5200a86921e-SegmentedRaftLogWorker:Storage Directory /workdir/hadoop-ozone/ozonefs/target/test-dir/MiniOzoneClusterImpl-68ada62c-70c2-422c-a450-57ae95aadfb6/datanode-2/data/ratis/afa5ea7a-d467-4664-919a-eb5b8bfbfdc0] INFO  segmented.SegmentedRaftLogWorker (SegmentedRaftLogWorker.java:execute(569)) - a68b549c-a65a-44fd-9729-a5200a86921e-SegmentedRaftLogWorker:Storage Directory /workdir/hadoop-ozone/ozonefs/target/test-dir/MiniOzoneClusterImpl-68ada62c-70c2-422c-a450-57ae95aadfb6/datanode-2/data/ratis/afa5ea7a-d467-4664-919a-eb5b8bfbfdc0: created new log segment /workdir/hadoop-ozone/ozonefs/target/test-dir/MiniOzoneClusterImpl-68ada62c-70c2-422c-a450-57ae95aadfb6/datanode-2/data/ratis/afa5ea7a-d467-4664-919a-eb5b8bfbfdc0/current/log_inprogress_0
2019-09-12 11:36:37,600 | INFO  | SCMAudit | user=jenkins1000 | ip=192.168.36.114 | op=SEND_HEARTBEAT {datanodeUUID=a68b549c-a65a-44fd-9729-a5200a86921e, command=[]} | ret=SUCCESS |  
2019-09-12 11:36:38,121 [Thread-1338] INFO  ozoneimpl.OzoneContainer (OzoneContainer.java:stop(199)) - Attempting to stop container services.
2019-09-12 11:36:38,121 [ForkJoinPool.commonPool-worker-0] INFO  ozoneimpl.OzoneContainer (OzoneContainer.java:stop(199)) - Attempting to stop container services.
2019-09-12 11:36:38,122 [Thread-1338] INFO  impl.RaftServerProxy (RaftServerProxy.java:lambda$close$4(314)) - b4d92fb5-afc1-4d53-a43f-a429e4096c64: close
2019-09-12 11:36:38,122 [ForkJoinPool.commonPool-worker-0] INFO  impl.RaftServerProxy (RaftServerProxy.java:lambda$close$4(314)) - 234a4227-e4f9-45d9-8538-4aa42c77f7ad: close
2019-09-12 11:36:38,122 [Thread-1338] INFO  impl.RaftServerImpl (RaftServerImpl.java:lambda$shutdown$3(245)) - b4d92fb5-afc1-4d53-a43f-a429e4096c64: shutdown group-3917EB4124A2
2019-09-12 11:36:38,122 [ForkJoinPool.commonPool-worker-0] INFO  impl.RaftServerImpl (RaftServerImpl.java:lambda$shutdown$3(245)) - 234a4227-e4f9-45d9-8538-4aa42c77f7ad: shutdown group-137AB9543223
2019-09-12 11:36:38,123 [Thread-1338] INFO  util.JmxRegister (JmxRegister.java:unregister(73)) - Successfully un-registered JMX Bean with object name Ratis:service=RaftServer,group=group-3917EB4124A2,id=b4d92fb5-afc1-4d53-a43f-a429e4096c64
2019-09-12 11:36:38,123 [ForkJoinPool.commonPool-worker-0] INFO  util.JmxRegister (JmxRegister.java:unregister(73)) - Successfully un-registered JMX Bean with object name Ratis:service=RaftServer,group=group-137AB9543223,id=234a4227-e4f9-45d9-8538-4aa42c77f7ad
2019-09-12 11:36:38,123 [Thread-1338] INFO  impl.RoleInfo (RoleInfo.java:shutdownLeaderState(104)) - b4d92fb5-afc1-4d53-a43f-a429e4096c64: shutdown LeaderState
2019-09-12 11:36:38,124 [ForkJoinPool.commonPool-worker-0] INFO  impl.RoleInfo (RoleInfo.java:shutdownLeaderState(104)) - 234a4227-e4f9-45d9-8538-4aa42c77f7ad: shutdown LeaderState
2019-09-12 11:36:38,124 [Thread-1338] INFO  impl.PendingRequests (PendingRequests.java:sendNotLeaderResponses(202)) - b4d92fb5-afc1-4d53-a43f-a429e4096c64-PendingRequests: sendNotLeaderResponses
2019-09-12 11:36:38,124 [ForkJoinPool.commonPool-worker-0] INFO  impl.PendingRequests (PendingRequests.java:sendNotLeaderResponses(202)) - 234a4227-e4f9-45d9-8538-4aa42c77f7ad-PendingRequests: sendNotLeaderResponses
2019-09-12 11:36:38,125 [Thread-1338] INFO  impl.StateMachineUpdater (StateMachineUpdater.java:stopAndJoin(115)) - StateMachineUpdater:b4d92fb5-afc1-4d53-a43f-a429e4096c64:group-3917EB4124A2: set stopIndex = 0
2019-09-12 11:36:38,125 [ForkJoinPool.commonPool-worker-0] INFO  impl.StateMachineUpdater (StateMachineUpdater.java:stopAndJoin(115)) - StateMachineUpdater:234a4227-e4f9-45d9-8538-4aa42c77f7ad:group-137AB9543223: set stopIndex = 0
2019-09-12 11:36:38,125 [Thread-1338] INFO  impl.RaftServerImpl (ServerState.java:close(394)) - b4d92fb5-afc1-4d53-a43f-a429e4096c64:group-3917EB4124A2 closes. The last applied log index is 0
2019-09-12 11:36:38,125 [ForkJoinPool.commonPool-worker-0] INFO  impl.RaftServerImpl (ServerState.java:close(394)) - 234a4227-e4f9-45d9-8538-4aa42c77f7ad:group-137AB9543223 closes. The last applied log index is 0
2019-09-12 11:36:38,126 [b4d92fb5-afc1-4d53-a43f-a429e4096c64-SegmentedRaftLogWorker:Storage Directory /workdir/hadoop-ozone/ozonefs/target/test-dir/MiniOzoneClusterImpl-68ada62c-70c2-422c-a450-57ae95aadfb6/datanode-1/data/ratis/9a15300e-9ede-4913-b516-3917eb4124a2] INFO  segmented.SegmentedRaftLogWorker (SegmentedRaftLogWorker.java:run(313)) - b4d92fb5-afc1-4d53-a43f-a429e4096c64-SegmentedRaftLogWorker:Storage Directory /workdir/hadoop-ozone/ozonefs/target/test-dir/MiniOzoneClusterImpl-68ada62c-70c2-422c-a450-57ae95aadfb6/datanode-1/data/ratis/9a15300e-9ede-4913-b516-3917eb4124a2 was interrupted, exiting. There are 0 tasks remaining in the queue.
2019-09-12 11:36:38,126 [234a4227-e4f9-45d9-8538-4aa42c77f7ad-SegmentedRaftLogWorker:Storage Directory /workdir/hadoop-ozone/ozonefs/target/test-dir/MiniOzoneClusterImpl-68ada62c-70c2-422c-a450-57ae95aadfb6/datanode-0/data/ratis/09a4a66a-4cf8-417b-b145-137ab9543223] INFO  segmented.SegmentedRaftLogWorker (SegmentedRaftLogWorker.java:run(313)) - 234a4227-e4f9-45d9-8538-4aa42c77f7ad-SegmentedRaftLogWorker:Storage Directory /workdir/hadoop-ozone/ozonefs/target/test-dir/MiniOzoneClusterImpl-68ada62c-70c2-422c-a450-57ae95aadfb6/datanode-0/data/ratis/09a4a66a-4cf8-417b-b145-137ab9543223 was interrupted, exiting. There are 0 tasks remaining in the queue.
2019-09-12 11:36:38,126 [Thread-1338] INFO  segmented.SegmentedRaftLogWorker (SegmentedRaftLogWorker.java:close(228)) - b4d92fb5-afc1-4d53-a43f-a429e4096c64-SegmentedRaftLogWorker:Storage Directory /workdir/hadoop-ozone/ozonefs/target/test-dir/MiniOzoneClusterImpl-68ada62c-70c2-422c-a450-57ae95aadfb6/datanode-1/data/ratis/9a15300e-9ede-4913-b516-3917eb4124a2 close()
2019-09-12 11:36:38,127 [ForkJoinPool.commonPool-worker-0] INFO  segmented.SegmentedRaftLogWorker (SegmentedRaftLogWorker.java:close(228)) - 234a4227-e4f9-45d9-8538-4aa42c77f7ad-SegmentedRaftLogWorker:Storage Directory /workdir/hadoop-ozone/ozonefs/target/test-dir/MiniOzoneClusterImpl-68ada62c-70c2-422c-a450-57ae95aadfb6/datanode-0/data/ratis/09a4a66a-4cf8-417b-b145-137ab9543223 close()
2019-09-12 11:36:38,129 [Thread-1338] INFO  impl.RaftServerImpl (RaftServerImpl.java:lambda$shutdown$3(245)) - b4d92fb5-afc1-4d53-a43f-a429e4096c64: shutdown group-A5AF26F4D5D1
2019-09-12 11:36:38,130 [ForkJoinPool.commonPool-worker-0] INFO  impl.RaftServerImpl (RaftServerImpl.java:lambda$shutdown$3(245)) - 234a4227-e4f9-45d9-8538-4aa42c77f7ad: shutdown group-5C949BD67C5E
2019-09-12 11:36:38,131 [Thread-1338] INFO  util.JmxRegister (JmxRegister.java:unregister(73)) - Successfully un-registered JMX Bean with object name Ratis:service=RaftServer,group=group-A5AF26F4D5D1,id=b4d92fb5-afc1-4d53-a43f-a429e4096c64
2019-09-12 11:36:38,131 [ForkJoinPool.commonPool-worker-0] INFO  util.JmxRegister (JmxRegister.java:unregister(73)) - Successfully un-registered JMX Bean with object name Ratis:service=RaftServer,group=group-5C949BD67C5E,id=234a4227-e4f9-45d9-8538-4aa42c77f7ad
2019-09-12 11:36:38,131 [Thread-1338] INFO  impl.RoleInfo (RoleInfo.java:shutdownLeaderState(104)) - b4d92fb5-afc1-4d53-a43f-a429e4096c64: shutdown LeaderState
2019-09-12 11:36:38,132 [ForkJoinPool.commonPool-worker-0] INFO  impl.RoleInfo (RoleInfo.java:shutdownLeaderState(104)) - 234a4227-e4f9-45d9-8538-4aa42c77f7ad: shutdown LeaderState
2019-09-12 11:36:38,132 [Thread-1338] INFO  impl.PendingRequests (PendingRequests.java:sendNotLeaderResponses(202)) - b4d92fb5-afc1-4d53-a43f-a429e4096c64-PendingRequests: sendNotLeaderResponses
2019-09-12 11:36:38,132 [ForkJoinPool.commonPool-worker-0] INFO  impl.PendingRequests (PendingRequests.java:sendNotLeaderResponses(202)) - 234a4227-e4f9-45d9-8538-4aa42c77f7ad-PendingRequests: sendNotLeaderResponses
2019-09-12 11:36:38,133 [Thread-1338] INFO  impl.StateMachineUpdater (StateMachineUpdater.java:stopAndJoin(115)) - StateMachineUpdater:b4d92fb5-afc1-4d53-a43f-a429e4096c64:group-A5AF26F4D5D1: set stopIndex = 0
2019-09-12 11:36:38,133 [ForkJoinPool.commonPool-worker-0] INFO  impl.StateMachineUpdater (StateMachineUpdater.java:stopAndJoin(115)) - StateMachineUpdater:234a4227-e4f9-45d9-8538-4aa42c77f7ad:group-5C949BD67C5E: set stopIndex = 0
2019-09-12 11:36:38,133 [Thread-1338] INFO  impl.RaftServerImpl (ServerState.java:close(394)) - b4d92fb5-afc1-4d53-a43f-a429e4096c64:group-A5AF26F4D5D1 closes. The last applied log index is 0
2019-09-12 11:36:38,134 [ForkJoinPool.commonPool-worker-0] INFO  impl.RaftServerImpl (ServerState.java:close(394)) - 234a4227-e4f9-45d9-8538-4aa42c77f7ad:group-5C949BD67C5E closes. The last applied log index is 0
2019-09-12 11:36:38,134 [b4d92fb5-afc1-4d53-a43f-a429e4096c64-SegmentedRaftLogWorker:Storage Directory /workdir/hadoop-ozone/ozonefs/target/test-dir/MiniOzoneClusterImpl-68ada62c-70c2-422c-a450-57ae95aadfb6/datanode-1/data/ratis/8807c94c-d3b5-465a-b6eb-a5af26f4d5d1] INFO  segmented.SegmentedRaftLogWorker (SegmentedRaftLogWorker.java:run(313)) - b4d92fb5-afc1-4d53-a43f-a429e4096c64-SegmentedRaftLogWorker:Storage Directory /workdir/hadoop-ozone/ozonefs/target/test-dir/MiniOzoneClusterImpl-68ada62c-70c2-422c-a450-57ae95aadfb6/datanode-1/data/ratis/8807c94c-d3b5-465a-b6eb-a5af26f4d5d1 was interrupted, exiting. There are 0 tasks remaining in the queue.
2019-09-12 11:36:38,134 [234a4227-e4f9-45d9-8538-4aa42c77f7ad-SegmentedRaftLogWorker:Storage Directory /workdir/hadoop-ozone/ozonefs/target/test-dir/MiniOzoneClusterImpl-68ada62c-70c2-422c-a450-57ae95aadfb6/datanode-0/data/ratis/dc45960b-24ab-407b-8db5-5c949bd67c5e] INFO  segmented.SegmentedRaftLogWorker (SegmentedRaftLogWorker.java:run(313)) - 234a4227-e4f9-45d9-8538-4aa42c77f7ad-SegmentedRaftLogWorker:Storage Directory /workdir/hadoop-ozone/ozonefs/target/test-dir/MiniOzoneClusterImpl-68ada62c-70c2-422c-a450-57ae95aadfb6/datanode-0/data/ratis/dc45960b-24ab-407b-8db5-5c949bd67c5e was interrupted, exiting. There are 0 tasks remaining in the queue.
2019-09-12 11:36:38,134 [Thread-1338] INFO  segmented.SegmentedRaftLogWorker (SegmentedRaftLogWorker.java:close(228)) - b4d92fb5-afc1-4d53-a43f-a429e4096c64-SegmentedRaftLogWorker:Storage Directory /workdir/hadoop-ozone/ozonefs/target/test-dir/MiniOzoneClusterImpl-68ada62c-70c2-422c-a450-57ae95aadfb6/datanode-1/data/ratis/8807c94c-d3b5-465a-b6eb-a5af26f4d5d1 close()
2019-09-12 11:36:38,134 [ForkJoinPool.commonPool-worker-0] INFO  segmented.SegmentedRaftLogWorker (SegmentedRaftLogWorker.java:close(228)) - 234a4227-e4f9-45d9-8538-4aa42c77f7ad-SegmentedRaftLogWorker:Storage Directory /workdir/hadoop-ozone/ozonefs/target/test-dir/MiniOzoneClusterImpl-68ada62c-70c2-422c-a450-57ae95aadfb6/datanode-0/data/ratis/dc45960b-24ab-407b-8db5-5c949bd67c5e close()
2019-09-12 11:36:38,136 [Thread-1338] INFO  impl.RaftServerImpl (RaftServerImpl.java:lambda$shutdown$3(245)) - b4d92fb5-afc1-4d53-a43f-a429e4096c64: shutdown group-2FDE7518DAAD
2019-09-12 11:36:38,138 [ForkJoinPool.commonPool-worker-0] INFO  impl.RaftServerImpl (RaftServerImpl.java:lambda$shutdown$3(245)) - 234a4227-e4f9-45d9-8538-4aa42c77f7ad: shutdown group-9D7FE29600C9
2019-09-12 11:36:38,138 [Thread-1338] INFO  util.JmxRegister (JmxRegister.java:unregister(73)) - Successfully un-registered JMX Bean with object name Ratis:service=RaftServer,group=group-2FDE7518DAAD,id=b4d92fb5-afc1-4d53-a43f-a429e4096c64
2019-09-12 11:36:38,138 [ForkJoinPool.commonPool-worker-0] INFO  util.JmxRegister (JmxRegister.java:unregister(73)) - Successfully un-registered JMX Bean with object name Ratis:service=RaftServer,group=group-9D7FE29600C9,id=234a4227-e4f9-45d9-8538-4aa42c77f7ad
2019-09-12 11:36:38,138 [Thread-1338] INFO  impl.RoleInfo (RoleInfo.java:shutdownLeaderState(104)) - b4d92fb5-afc1-4d53-a43f-a429e4096c64: shutdown LeaderState
2019-09-12 11:36:38,139 [ForkJoinPool.commonPool-worker-0] INFO  impl.RoleInfo (RoleInfo.java:shutdownLeaderState(104)) - 234a4227-e4f9-45d9-8538-4aa42c77f7ad: shutdown LeaderState
2019-09-12 11:36:38,139 [Thread-1338] INFO  impl.PendingRequests (PendingRequests.java:sendNotLeaderResponses(202)) - b4d92fb5-afc1-4d53-a43f-a429e4096c64-PendingRequests: sendNotLeaderResponses
2019-09-12 11:36:38,139 [ForkJoinPool.commonPool-worker-0] INFO  impl.PendingRequests (PendingRequests.java:sendNotLeaderResponses(202)) - 234a4227-e4f9-45d9-8538-4aa42c77f7ad-PendingRequests: sendNotLeaderResponses
2019-09-12 11:36:38,140 [Thread-1338] INFO  impl.StateMachineUpdater (StateMachineUpdater.java:stopAndJoin(115)) - StateMachineUpdater:b4d92fb5-afc1-4d53-a43f-a429e4096c64:group-2FDE7518DAAD: set stopIndex = 0
2019-09-12 11:36:38,140 [ForkJoinPool.commonPool-worker-0] INFO  impl.StateMachineUpdater (StateMachineUpdater.java:stopAndJoin(115)) - StateMachineUpdater:234a4227-e4f9-45d9-8538-4aa42c77f7ad:group-9D7FE29600C9: set stopIndex = 0
2019-09-12 11:36:38,140 [Thread-1338] INFO  impl.RaftServerImpl (ServerState.java:close(394)) - b4d92fb5-afc1-4d53-a43f-a429e4096c64:group-2FDE7518DAAD closes. The last applied log index is 0
2019-09-12 11:36:38,140 [ForkJoinPool.commonPool-worker-0] INFO  impl.RaftServerImpl (ServerState.java:close(394)) - 234a4227-e4f9-45d9-8538-4aa42c77f7ad:group-9D7FE29600C9 closes. The last applied log index is 0
2019-09-12 11:36:38,141 [b4d92fb5-afc1-4d53-a43f-a429e4096c64-SegmentedRaftLogWorker:Storage Directory /workdir/hadoop-ozone/ozonefs/target/test-dir/MiniOzoneClusterImpl-68ada62c-70c2-422c-a450-57ae95aadfb6/datanode-1/data/ratis/e4ab0339-606d-47d5-8fe1-2fde7518daad] INFO  segmented.SegmentedRaftLogWorker (SegmentedRaftLogWorker.java:run(313)) - b4d92fb5-afc1-4d53-a43f-a429e4096c64-SegmentedRaftLogWorker:Storage Directory /workdir/hadoop-ozone/ozonefs/target/test-dir/MiniOzoneClusterImpl-68ada62c-70c2-422c-a450-57ae95aadfb6/datanode-1/data/ratis/e4ab0339-606d-47d5-8fe1-2fde7518daad was interrupted, exiting. There are 0 tasks remaining in the queue.
2019-09-12 11:36:38,141 [234a4227-e4f9-45d9-8538-4aa42c77f7ad-SegmentedRaftLogWorker:Storage Directory /workdir/hadoop-ozone/ozonefs/target/test-dir/MiniOzoneClusterImpl-68ada62c-70c2-422c-a450-57ae95aadfb6/datanode-0/data/ratis/d20a73dd-17fb-44ea-9d7f-9d7fe29600c9] INFO  segmented.SegmentedRaftLogWorker (SegmentedRaftLogWorker.java:run(313)) - 234a4227-e4f9-45d9-8538-4aa42c77f7ad-SegmentedRaftLogWorker:Storage Directory /workdir/hadoop-ozone/ozonefs/target/test-dir/MiniOzoneClusterImpl-68ada62c-70c2-422c-a450-57ae95aadfb6/datanode-0/data/ratis/d20a73dd-17fb-44ea-9d7f-9d7fe29600c9 was interrupted, exiting. There are 0 tasks remaining in the queue.
2019-09-12 11:36:38,141 [Thread-1338] INFO  segmented.SegmentedRaftLogWorker (SegmentedRaftLogWorker.java:close(228)) - b4d92fb5-afc1-4d53-a43f-a429e4096c64-SegmentedRaftLogWorker:Storage Directory /workdir/hadoop-ozone/ozonefs/target/test-dir/MiniOzoneClusterImpl-68ada62c-70c2-422c-a450-57ae95aadfb6/datanode-1/data/ratis/e4ab0339-606d-47d5-8fe1-2fde7518daad close()
2019-09-12 11:36:38,141 [ForkJoinPool.commonPool-worker-0] INFO  segmented.SegmentedRaftLogWorker (SegmentedRaftLogWorker.java:close(228)) - 234a4227-e4f9-45d9-8538-4aa42c77f7ad-SegmentedRaftLogWorker:Storage Directory /workdir/hadoop-ozone/ozonefs/target/test-dir/MiniOzoneClusterImpl-68ada62c-70c2-422c-a450-57ae95aadfb6/datanode-0/data/ratis/d20a73dd-17fb-44ea-9d7f-9d7fe29600c9 close()
2019-09-12 11:36:38,143 [Thread-1338] INFO  impl.RaftServerImpl (RaftServerImpl.java:lambda$shutdown$3(245)) - b4d92fb5-afc1-4d53-a43f-a429e4096c64: shutdown group-816FF4C2B140
2019-09-12 11:36:38,145 [ForkJoinPool.commonPool-worker-0] INFO  impl.RaftServerImpl (RaftServerImpl.java:lambda$shutdown$3(245)) - 234a4227-e4f9-45d9-8538-4aa42c77f7ad: shutdown group-6C0AFF933B46
2019-09-12 11:36:38,145 [Thread-1338] INFO  util.JmxRegister (JmxRegister.java:unregister(73)) - Successfully un-registered JMX Bean with object name Ratis:service=RaftServer,group=group-816FF4C2B140,id=b4d92fb5-afc1-4d53-a43f-a429e4096c64
2019-09-12 11:36:38,145 [ForkJoinPool.commonPool-worker-0] INFO  util.JmxRegister (JmxRegister.java:unregister(73)) - Successfully un-registered JMX Bean with object name Ratis:service=RaftServer,group=group-6C0AFF933B46,id=234a4227-e4f9-45d9-8538-4aa42c77f7ad
2019-09-12 11:36:38,145 [Thread-1338] INFO  impl.RoleInfo (RoleInfo.java:shutdownLeaderState(104)) - b4d92fb5-afc1-4d53-a43f-a429e4096c64: shutdown LeaderState
2019-09-12 11:36:38,146 [ForkJoinPool.commonPool-worker-0] INFO  impl.RoleInfo (RoleInfo.java:shutdownLeaderState(104)) - 234a4227-e4f9-45d9-8538-4aa42c77f7ad: shutdown LeaderState
2019-09-12 11:36:38,146 [Thread-1338] INFO  impl.PendingRequests (PendingRequests.java:sendNotLeaderResponses(202)) - b4d92fb5-afc1-4d53-a43f-a429e4096c64-PendingRequests: sendNotLeaderResponses
2019-09-12 11:36:38,146 [ForkJoinPool.commonPool-worker-0] INFO  impl.PendingRequests (PendingRequests.java:sendNotLeaderResponses(202)) - 234a4227-e4f9-45d9-8538-4aa42c77f7ad-PendingRequests: sendNotLeaderResponses
2019-09-12 11:36:38,147 [Thread-1338] INFO  impl.StateMachineUpdater (StateMachineUpdater.java:stopAndJoin(115)) - StateMachineUpdater:b4d92fb5-afc1-4d53-a43f-a429e4096c64:group-816FF4C2B140: set stopIndex = 0
2019-09-12 11:36:38,147 [Thread-1338] INFO  impl.RaftServerImpl (ServerState.java:close(394)) - b4d92fb5-afc1-4d53-a43f-a429e4096c64:group-816FF4C2B140 closes. The last applied log index is 0
2019-09-12 11:36:38,147 [ForkJoinPool.commonPool-worker-0] INFO  impl.StateMachineUpdater (StateMachineUpdater.java:stopAndJoin(115)) - StateMachineUpdater:234a4227-e4f9-45d9-8538-4aa42c77f7ad:group-6C0AFF933B46: set stopIndex = 0
2019-09-12 11:36:38,147 [b4d92fb5-afc1-4d53-a43f-a429e4096c64-SegmentedRaftLogWorker:Storage Directory /workdir/hadoop-ozone/ozonefs/target/test-dir/MiniOzoneClusterImpl-68ada62c-70c2-422c-a450-57ae95aadfb6/datanode-1/data/ratis/c0d2d9c8-b40f-4203-976a-816ff4c2b140] INFO  segmented.SegmentedRaftLogWorker (SegmentedRaftLogWorker.java:run(313)) - b4d92fb5-afc1-4d53-a43f-a429e4096c64-SegmentedRaftLogWorker:Storage Directory /workdir/hadoop-ozone/ozonefs/target/test-dir/MiniOzoneClusterImpl-68ada62c-70c2-422c-a450-57ae95aadfb6/datanode-1/data/ratis/c0d2d9c8-b40f-4203-976a-816ff4c2b140 was interrupted, exiting. There are 0 tasks remaining in the queue.
2019-09-12 11:36:38,148 [ForkJoinPool.commonPool-worker-0] INFO  impl.RaftServerImpl (ServerState.java:close(394)) - 234a4227-e4f9-45d9-8538-4aa42c77f7ad:group-6C0AFF933B46 closes. The last applied log index is 0
2019-09-12 11:36:38,148 [Thread-1338] INFO  segmented.SegmentedRaftLogWorker (SegmentedRaftLogWorker.java:close(228)) - b4d92fb5-afc1-4d53-a43f-a429e4096c64-SegmentedRaftLogWorker:Storage Directory /workdir/hadoop-ozone/ozonefs/target/test-dir/MiniOzoneClusterImpl-68ada62c-70c2-422c-a450-57ae95aadfb6/datanode-1/data/ratis/c0d2d9c8-b40f-4203-976a-816ff4c2b140 close()
2019-09-12 11:36:38,148 [234a4227-e4f9-45d9-8538-4aa42c77f7ad-SegmentedRaftLogWorker:Storage Directory /workdir/hadoop-ozone/ozonefs/target/test-dir/MiniOzoneClusterImpl-68ada62c-70c2-422c-a450-57ae95aadfb6/datanode-0/data/ratis/efbda4a5-3725-4e78-8d71-6c0aff933b46] INFO  segmented.SegmentedRaftLogWorker (SegmentedRaftLogWorker.java:run(313)) - 234a4227-e4f9-45d9-8538-4aa42c77f7ad-SegmentedRaftLogWorker:Storage Directory /workdir/hadoop-ozone/ozonefs/target/test-dir/MiniOzoneClusterImpl-68ada62c-70c2-422c-a450-57ae95aadfb6/datanode-0/data/ratis/efbda4a5-3725-4e78-8d71-6c0aff933b46 was interrupted, exiting. There are 0 tasks remaining in the queue.
2019-09-12 11:36:38,150 [Thread-1338] INFO  impl.RaftServerImpl (RaftServerImpl.java:lambda$shutdown$3(245)) - b4d92fb5-afc1-4d53-a43f-a429e4096c64: shutdown group-0CB877097BB9
2019-09-12 11:36:38,150 [ForkJoinPool.commonPool-worker-0] INFO  segmented.SegmentedRaftLogWorker (SegmentedRaftLogWorker.java:close(228)) - 234a4227-e4f9-45d9-8538-4aa42c77f7ad-SegmentedRaftLogWorker:Storage Directory /workdir/hadoop-ozone/ozonefs/target/test-dir/MiniOzoneClusterImpl-68ada62c-70c2-422c-a450-57ae95aadfb6/datanode-0/data/ratis/efbda4a5-3725-4e78-8d71-6c0aff933b46 close()
2019-09-12 11:36:38,150 [Thread-1338] INFO  util.JmxRegister (JmxRegister.java:unregister(73)) - Successfully un-registered JMX Bean with object name Ratis:service=RaftServer,group=group-0CB877097BB9,id=b4d92fb5-afc1-4d53-a43f-a429e4096c64
2019-09-12 11:36:38,151 [ForkJoinPool.commonPool-worker-0] INFO  impl.RaftServerImpl (RaftServerImpl.java:lambda$shutdown$3(245)) - 234a4227-e4f9-45d9-8538-4aa42c77f7ad: shutdown group-86EC8DB351E1
2019-09-12 11:36:38,152 [Thread-1338] INFO  impl.RoleInfo (RoleInfo.java:shutdownLeaderState(104)) - b4d92fb5-afc1-4d53-a43f-a429e4096c64: shutdown LeaderState
2019-09-12 11:36:38,152 [ForkJoinPool.commonPool-worker-0] INFO  util.JmxRegister (JmxRegister.java:unregister(73)) - Successfully un-registered JMX Bean with object name Ratis:service=RaftServer,group=group-86EC8DB351E1,id=234a4227-e4f9-45d9-8538-4aa42c77f7ad
2019-09-12 11:36:38,152 [Thread-1338] INFO  impl.PendingRequests (PendingRequests.java:sendNotLeaderResponses(202)) - b4d92fb5-afc1-4d53-a43f-a429e4096c64-PendingRequests: sendNotLeaderResponses
2019-09-12 11:36:38,153 [ForkJoinPool.commonPool-worker-0] INFO  impl.RoleInfo (RoleInfo.java:shutdownLeaderState(104)) - 234a4227-e4f9-45d9-8538-4aa42c77f7ad: shutdown LeaderState
2019-09-12 11:36:38,153 [Thread-1338] INFO  impl.StateMachineUpdater (StateMachineUpdater.java:stopAndJoin(115)) - StateMachineUpdater:b4d92fb5-afc1-4d53-a43f-a429e4096c64:group-0CB877097BB9: set stopIndex = 0
2019-09-12 11:36:38,153 [ForkJoinPool.commonPool-worker-0] INFO  impl.PendingRequests (PendingRequests.java:sendNotLeaderResponses(202)) - 234a4227-e4f9-45d9-8538-4aa42c77f7ad-PendingRequests: sendNotLeaderResponses
2019-09-12 11:36:38,153 [Thread-1338] INFO  impl.RaftServerImpl (ServerState.java:close(394)) - b4d92fb5-afc1-4d53-a43f-a429e4096c64:group-0CB877097BB9 closes. The last applied log index is 0
2019-09-12 11:36:38,154 [ForkJoinPool.commonPool-worker-0] INFO  impl.StateMachineUpdater (StateMachineUpdater.java:stopAndJoin(115)) - StateMachineUpdater:234a4227-e4f9-45d9-8538-4aa42c77f7ad:group-86EC8DB351E1: set stopIndex = 0
2019-09-12 11:36:38,154 [b4d92fb5-afc1-4d53-a43f-a429e4096c64-SegmentedRaftLogWorker:Storage Directory /workdir/hadoop-ozone/ozonefs/target/test-dir/MiniOzoneClusterImpl-68ada62c-70c2-422c-a450-57ae95aadfb6/datanode-1/data/ratis/61541c92-3651-4318-9336-0cb877097bb9] INFO  segmented.SegmentedRaftLogWorker (SegmentedRaftLogWorker.java:run(313)) - b4d92fb5-afc1-4d53-a43f-a429e4096c64-SegmentedRaftLogWorker:Storage Directory /workdir/hadoop-ozone/ozonefs/target/test-dir/MiniOzoneClusterImpl-68ada62c-70c2-422c-a450-57ae95aadfb6/datanode-1/data/ratis/61541c92-3651-4318-9336-0cb877097bb9 was interrupted, exiting. There are 0 tasks remaining in the queue.
2019-09-12 11:36:38,154 [ForkJoinPool.commonPool-worker-0] INFO  impl.RaftServerImpl (ServerState.java:close(394)) - 234a4227-e4f9-45d9-8538-4aa42c77f7ad:group-86EC8DB351E1 closes. The last applied log index is 0
2019-09-12 11:36:38,154 [Thread-1338] INFO  segmented.SegmentedRaftLogWorker (SegmentedRaftLogWorker.java:close(228)) - b4d92fb5-afc1-4d53-a43f-a429e4096c64-SegmentedRaftLogWorker:Storage Directory /workdir/hadoop-ozone/ozonefs/target/test-dir/MiniOzoneClusterImpl-68ada62c-70c2-422c-a450-57ae95aadfb6/datanode-1/data/ratis/61541c92-3651-4318-9336-0cb877097bb9 close()
2019-09-12 11:36:38,155 [234a4227-e4f9-45d9-8538-4aa42c77f7ad-SegmentedRaftLogWorker:Storage Directory /workdir/hadoop-ozone/ozonefs/target/test-dir/MiniOzoneClusterImpl-68ada62c-70c2-422c-a450-57ae95aadfb6/datanode-0/data/ratis/bc1b9496-f4f8-446e-b1ee-86ec8db351e1] INFO  segmented.SegmentedRaftLogWorker (SegmentedRaftLogWorker.java:run(313)) - 234a4227-e4f9-45d9-8538-4aa42c77f7ad-SegmentedRaftLogWorker:Storage Directory /workdir/hadoop-ozone/ozonefs/target/test-dir/MiniOzoneClusterImpl-68ada62c-70c2-422c-a450-57ae95aadfb6/datanode-0/data/ratis/bc1b9496-f4f8-446e-b1ee-86ec8db351e1 was interrupted, exiting. There are 0 tasks remaining in the queue.
2019-09-12 11:36:38,156 [Thread-1338] INFO  impl.RaftServerImpl (RaftServerImpl.java:lambda$shutdown$3(245)) - b4d92fb5-afc1-4d53-a43f-a429e4096c64: shutdown group-2D2AD930551A
2019-09-12 11:36:38,156 [ForkJoinPool.commonPool-worker-0] INFO  segmented.SegmentedRaftLogWorker (SegmentedRaftLogWorker.java:close(228)) - 234a4227-e4f9-45d9-8538-4aa42c77f7ad-SegmentedRaftLogWorker:Storage Directory /workdir/hadoop-ozone/ozonefs/target/test-dir/MiniOzoneClusterImpl-68ada62c-70c2-422c-a450-57ae95aadfb6/datanode-0/data/ratis/bc1b9496-f4f8-446e-b1ee-86ec8db351e1 close()
2019-09-12 11:36:38,157 [Thread-1338] INFO  util.JmxRegister (JmxRegister.java:unregister(73)) - Successfully un-registered JMX Bean with object name Ratis:service=RaftServer,group=group-2D2AD930551A,id=b4d92fb5-afc1-4d53-a43f-a429e4096c64
2019-09-12 11:36:38,158 [ForkJoinPool.commonPool-worker-0] INFO  impl.RaftServerImpl (RaftServerImpl.java:lambda$shutdown$3(245)) - 234a4227-e4f9-45d9-8538-4aa42c77f7ad: shutdown group-9EF7BEA11793
2019-09-12 11:36:38,158 [Thread-1338] INFO  impl.RoleInfo (RoleInfo.java:shutdownLeaderState(104)) - b4d92fb5-afc1-4d53-a43f-a429e4096c64: shutdown LeaderState
2019-09-12 11:36:38,158 [ForkJoinPool.commonPool-worker-0] INFO  util.JmxRegister (JmxRegister.java:unregister(73)) - Successfully un-registered JMX Bean with object name Ratis:service=RaftServer,group=group-9EF7BEA11793,id=234a4227-e4f9-45d9-8538-4aa42c77f7ad
2019-09-12 11:36:38,159 [Thread-1338] INFO  impl.PendingRequests (PendingRequests.java:sendNotLeaderResponses(202)) - b4d92fb5-afc1-4d53-a43f-a429e4096c64-PendingRequests: sendNotLeaderResponses
2019-09-12 11:36:38,159 [ForkJoinPool.commonPool-worker-0] INFO  impl.RoleInfo (RoleInfo.java:shutdownLeaderState(104)) - 234a4227-e4f9-45d9-8538-4aa42c77f7ad: shutdown LeaderState
2019-09-12 11:36:38,159 [Thread-1338] INFO  impl.StateMachineUpdater (StateMachineUpdater.java:stopAndJoin(115)) - StateMachineUpdater:b4d92fb5-afc1-4d53-a43f-a429e4096c64:group-2D2AD930551A: set stopIndex = 0
2019-09-12 11:36:38,159 [ForkJoinPool.commonPool-worker-0] INFO  impl.PendingRequests (PendingRequests.java:sendNotLeaderResponses(202)) - 234a4227-e4f9-45d9-8538-4aa42c77f7ad-PendingRequests: sendNotLeaderResponses
2019-09-12 11:36:38,159 [Thread-1338] INFO  impl.RaftServerImpl (ServerState.java:close(394)) - b4d92fb5-afc1-4d53-a43f-a429e4096c64:group-2D2AD930551A closes. The last applied log index is 0
2019-09-12 11:36:38,160 [ForkJoinPool.commonPool-worker-0] INFO  impl.StateMachineUpdater (StateMachineUpdater.java:stopAndJoin(115)) - StateMachineUpdater:234a4227-e4f9-45d9-8538-4aa42c77f7ad:group-9EF7BEA11793: set stopIndex = 0
2019-09-12 11:36:38,160 [ForkJoinPool.commonPool-worker-0] INFO  impl.RaftServerImpl (ServerState.java:close(394)) - 234a4227-e4f9-45d9-8538-4aa42c77f7ad:group-9EF7BEA11793 closes. The last applied log index is 0
2019-09-12 11:36:38,160 [b4d92fb5-afc1-4d53-a43f-a429e4096c64-SegmentedRaftLogWorker:Storage Directory /workdir/hadoop-ozone/ozonefs/target/test-dir/MiniOzoneClusterImpl-68ada62c-70c2-422c-a450-57ae95aadfb6/datanode-1/data/ratis/ff52dd03-e937-4190-a20c-2d2ad930551a] INFO  segmented.SegmentedRaftLogWorker (SegmentedRaftLogWorker.java:run(313)) - b4d92fb5-afc1-4d53-a43f-a429e4096c64-SegmentedRaftLogWorker:Storage Directory /workdir/hadoop-ozone/ozonefs/target/test-dir/MiniOzoneClusterImpl-68ada62c-70c2-422c-a450-57ae95aadfb6/datanode-1/data/ratis/ff52dd03-e937-4190-a20c-2d2ad930551a was interrupted, exiting. There are 0 tasks remaining in the queue.
2019-09-12 11:36:38,160 [234a4227-e4f9-45d9-8538-4aa42c77f7ad-SegmentedRaftLogWorker:Storage Directory /workdir/hadoop-ozone/ozonefs/target/test-dir/MiniOzoneClusterImpl-68ada62c-70c2-422c-a450-57ae95aadfb6/datanode-0/data/ratis/9b6f0c4f-e5c3-4ab3-8779-9ef7bea11793] INFO  segmented.SegmentedRaftLogWorker (SegmentedRaftLogWorker.java:run(313)) - 234a4227-e4f9-45d9-8538-4aa42c77f7ad-SegmentedRaftLogWorker:Storage Directory /workdir/hadoop-ozone/ozonefs/target/test-dir/MiniOzoneClusterImpl-68ada62c-70c2-422c-a450-57ae95aadfb6/datanode-0/data/ratis/9b6f0c4f-e5c3-4ab3-8779-9ef7bea11793 was interrupted, exiting. There are 0 tasks remaining in the queue.
2019-09-12 11:36:38,161 [Thread-1338] INFO  segmented.SegmentedRaftLogWorker (SegmentedRaftLogWorker.java:close(228)) - b4d92fb5-afc1-4d53-a43f-a429e4096c64-SegmentedRaftLogWorker:Storage Directory /workdir/hadoop-ozone/ozonefs/target/test-dir/MiniOzoneClusterImpl-68ada62c-70c2-422c-a450-57ae95aadfb6/datanode-1/data/ratis/ff52dd03-e937-4190-a20c-2d2ad930551a close()
2019-09-12 11:36:38,161 [ForkJoinPool.commonPool-worker-0] INFO  segmented.SegmentedRaftLogWorker (SegmentedRaftLogWorker.java:close(228)) - 234a4227-e4f9-45d9-8538-4aa42c77f7ad-SegmentedRaftLogWorker:Storage Directory /workdir/hadoop-ozone/ozonefs/target/test-dir/MiniOzoneClusterImpl-68ada62c-70c2-422c-a450-57ae95aadfb6/datanode-0/data/ratis/9b6f0c4f-e5c3-4ab3-8779-9ef7bea11793 close()
2019-09-12 11:36:38,162 [Thread-1338] INFO  server.GrpcService (GrpcService.java:closeImpl(155)) - b4d92fb5-afc1-4d53-a43f-a429e4096c64: shutdown server with port 40451 now
2019-09-12 11:36:38,163 [ForkJoinPool.commonPool-worker-0] INFO  server.GrpcService (GrpcService.java:closeImpl(155)) - 234a4227-e4f9-45d9-8538-4aa42c77f7ad: shutdown server with port 42023 now
2019-09-12 11:36:38,165 [Thread-1338] INFO  server.GrpcService (GrpcService.java:closeImpl(163)) - b4d92fb5-afc1-4d53-a43f-a429e4096c64: shutdown server with port 40451 successfully
2019-09-12 11:36:38,166 [ForkJoinPool.commonPool-worker-0] INFO  server.GrpcService (GrpcService.java:closeImpl(163)) - 234a4227-e4f9-45d9-8538-4aa42c77f7ad: shutdown server with port 42023 successfully
2019-09-12 11:36:38,167 [Thread-1338] INFO  utils.BackgroundService (BackgroundService.java:shutdown(148)) - Shutting down service BlockDeletingService
2019-09-12 11:36:38,167 [ForkJoinPool.commonPool-worker-0] INFO  utils.BackgroundService (BackgroundService.java:shutdown(148)) - Shutting down service BlockDeletingService
2019-09-12 11:36:38,168 [refreshUsed-/workdir/hadoop-ozone/ozonefs/target/test-dir/MiniOzoneClusterImpl-68ada62c-70c2-422c-a450-57ae95aadfb6/datanode-1/data/containers] WARN  fs.CachingGetSpaceUsed (CachingGetSpaceUsed.java:run(183)) - Thread Interrupted waiting to refresh disk information: sleep interrupted
2019-09-12 11:36:38,169 [refreshUsed-/workdir/hadoop-ozone/ozonefs/target/test-dir/MiniOzoneClusterImpl-68ada62c-70c2-422c-a450-57ae95aadfb6/datanode-0/data/containers] WARN  fs.CachingGetSpaceUsed (CachingGetSpaceUsed.java:run(183)) - Thread Interrupted waiting to refresh disk information: sleep interrupted
2019-09-12 11:36:38,194 [ForkJoinPool.commonPool-worker-0] INFO  statemachine.DatanodeStateMachine (DatanodeStateMachine.java:stopDaemon(395)) - Ozone container server stopped.
2019-09-12 11:36:38,196 [ForkJoinPool.commonPool-worker-0] INFO  handler.ContextHandler (ContextHandler.java:doStop(910)) - Stopped o.e.j.w.WebAppContext@4d9b4759{/,null,UNAVAILABLE}{/hddsDatanode}
2019-09-12 11:36:38,197 [ForkJoinPool.commonPool-worker-0] INFO  server.AbstractConnector (AbstractConnector.java:doStop(318)) - Stopped ServerConnector@70883b81{HTTP/1.1,[http/1.1]}{0.0.0.0:0}
2019-09-12 11:36:38,197 [ForkJoinPool.commonPool-worker-0] INFO  handler.ContextHandler (ContextHandler.java:doStop(910)) - Stopped o.e.j.s.ServletContextHandler@399012e8{/static,jar:file:/home/user/.m2/repository/org/apache/hadoop/hadoop-hdds-container-service/0.5.0-SNAPSHOT/hadoop-hdds-container-service-0.5.0-SNAPSHOT.jar!/webapps/static,UNAVAILABLE}
2019-09-12 11:36:38,198 [ForkJoinPool.commonPool-worker-0] INFO  handler.ContextHandler (ContextHandler.java:doStop(910)) - Stopped o.e.j.s.ServletContextHandler@4fa70f0e{/logs,file:///workdir/hadoop-ozone/ozonefs/target/log,UNAVAILABLE}
2019-09-12 11:36:38,199 [ForkJoinPool.commonPool-worker-0] INFO  datanode.ObjectStoreHandler (ObjectStoreHandler.java:close(155)) - Closing ObjectStoreHandler.
2019-09-12 11:36:38,201 [ForkJoinPool.commonPool-worker-0] INFO  ozone.HddsDatanodeService (HddsDatanodeService.java:stop(451)) - Stopped plug-in org.apache.hadoop.ozone.web.OzoneHddsDatanodeService@3d7f148f
2019-09-12 11:36:38,202 [Thread-1338] INFO  statemachine.DatanodeStateMachine (DatanodeStateMachine.java:stopDaemon(395)) - Ozone container server stopped.
2019-09-12 11:36:38,202 [Thread-1338] INFO  handler.ContextHandler (ContextHandler.java:doStop(910)) - Stopped o.e.j.w.WebAppContext@20ef7a47{/,null,UNAVAILABLE}{/hddsDatanode}
2019-09-12 11:36:38,203 [Thread-1338] INFO  server.AbstractConnector (AbstractConnector.java:doStop(318)) - Stopped ServerConnector@5cd70383{HTTP/1.1,[http/1.1]}{0.0.0.0:0}
2019-09-12 11:36:38,203 [Thread-1338] INFO  handler.ContextHandler (ContextHandler.java:doStop(910)) - Stopped o.e.j.s.ServletContextHandler@16769918{/static,jar:file:/home/user/.m2/repository/org/apache/hadoop/hadoop-hdds-container-service/0.5.0-SNAPSHOT/hadoop-hdds-container-service-0.5.0-SNAPSHOT.jar!/webapps/static,UNAVAILABLE}
2019-09-12 11:36:38,203 [Thread-1338] INFO  handler.ContextHandler (ContextHandler.java:doStop(910)) - Stopped o.e.j.s.ServletContextHandler@7b93ab2b{/logs,file:///workdir/hadoop-ozone/ozonefs/target/log,UNAVAILABLE}
2019-09-12 11:36:38,599 [Datanode State Machine Thread - 0] INFO  statemachine.DatanodeStateMachine (DatanodeStateMachine.java:lambda$startDaemon$0(350)) - Ozone container server started.
2019-09-12 11:36:43,202 [ForkJoinPool.commonPool-worker-0] INFO  ozoneimpl.OzoneContainer (OzoneContainer.java:stop(199)) - Attempting to stop container services.
2019-09-12 11:36:43,203 [ForkJoinPool.commonPool-worker-0] INFO  impl.RaftServerProxy (RaftServerProxy.java:lambda$close$4(314)) - a68b549c-a65a-44fd-9729-a5200a86921e: close
2019-09-12 11:36:43,203 [ForkJoinPool.commonPool-worker-0] INFO  impl.RaftServerImpl (RaftServerImpl.java:lambda$shutdown$3(245)) - a68b549c-a65a-44fd-9729-a5200a86921e: shutdown group-EB5B8BFBFDC0
2019-09-12 11:36:43,203 [ForkJoinPool.commonPool-worker-0] INFO  util.JmxRegister (JmxRegister.java:unregister(73)) - Successfully un-registered JMX Bean with object name Ratis:service=RaftServer,group=group-EB5B8BFBFDC0,id=a68b549c-a65a-44fd-9729-a5200a86921e
2019-09-12 11:36:43,204 [ForkJoinPool.commonPool-worker-0] INFO  impl.RoleInfo (RoleInfo.java:shutdownLeaderState(104)) - a68b549c-a65a-44fd-9729-a5200a86921e: shutdown LeaderState
2019-09-12 11:36:43,204 [ForkJoinPool.commonPool-worker-0] INFO  impl.PendingRequests (PendingRequests.java:sendNotLeaderResponses(202)) - a68b549c-a65a-44fd-9729-a5200a86921e-PendingRequests: sendNotLeaderResponses
2019-09-12 11:36:43,204 [ForkJoinPool.commonPool-worker-0] INFO  impl.StateMachineUpdater (StateMachineUpdater.java:stopAndJoin(115)) - StateMachineUpdater:a68b549c-a65a-44fd-9729-a5200a86921e:group-EB5B8BFBFDC0: set stopIndex = 0
2019-09-12 11:36:43,205 [ForkJoinPool.commonPool-worker-0] INFO  impl.RaftServerImpl (ServerState.java:close(394)) - a68b549c-a65a-44fd-9729-a5200a86921e:group-EB5B8BFBFDC0 closes. The last applied log index is 0
2019-09-12 11:36:43,205 [a68b549c-a65a-44fd-9729-a5200a86921e-SegmentedRaftLogWorker:Storage Directory /workdir/hadoop-ozone/ozonefs/target/test-dir/MiniOzoneClusterImpl-68ada62c-70c2-422c-a450-57ae95aadfb6/datanode-2/data/ratis/afa5ea7a-d467-4664-919a-eb5b8bfbfdc0] INFO  segmented.SegmentedRaftLogWorker (SegmentedRaftLogWorker.java:run(313)) - a68b549c-a65a-44fd-9729-a5200a86921e-SegmentedRaftLogWorker:Storage Directory /workdir/hadoop-ozone/ozonefs/target/test-dir/MiniOzoneClusterImpl-68ada62c-70c2-422c-a450-57ae95aadfb6/datanode-2/data/ratis/afa5ea7a-d467-4664-919a-eb5b8bfbfdc0 was interrupted, exiting. There are 0 tasks remaining in the queue.
2019-09-12 11:36:43,206 [ForkJoinPool.commonPool-worker-0] INFO  segmented.SegmentedRaftLogWorker (SegmentedRaftLogWorker.java:close(228)) - a68b549c-a65a-44fd-9729-a5200a86921e-SegmentedRaftLogWorker:Storage Directory /workdir/hadoop-ozone/ozonefs/target/test-dir/MiniOzoneClusterImpl-68ada62c-70c2-422c-a450-57ae95aadfb6/datanode-2/data/ratis/afa5ea7a-d467-4664-919a-eb5b8bfbfdc0 close()
2019-09-12 11:36:43,207 [ForkJoinPool.commonPool-worker-0] INFO  impl.RaftServerImpl (RaftServerImpl.java:lambda$shutdown$3(245)) - a68b549c-a65a-44fd-9729-a5200a86921e: shutdown group-9621CB052D44
2019-09-12 11:36:43,207 [ForkJoinPool.commonPool-worker-0] INFO  util.JmxRegister (JmxRegister.java:unregister(73)) - Successfully un-registered JMX Bean with object name Ratis:service=RaftServer,group=group-9621CB052D44,id=a68b549c-a65a-44fd-9729-a5200a86921e
2019-09-12 11:36:43,207 [ForkJoinPool.commonPool-worker-0] INFO  impl.RoleInfo (RoleInfo.java:shutdownLeaderState(104)) - a68b549c-a65a-44fd-9729-a5200a86921e: shutdown LeaderState
2019-09-12 11:36:43,208 [ForkJoinPool.commonPool-worker-0] INFO  impl.PendingRequests (PendingRequests.java:sendNotLeaderResponses(202)) - a68b549c-a65a-44fd-9729-a5200a86921e-PendingRequests: sendNotLeaderResponses
2019-09-12 11:36:43,208 [ForkJoinPool.commonPool-worker-0] INFO  impl.StateMachineUpdater (StateMachineUpdater.java:stopAndJoin(115)) - StateMachineUpdater:a68b549c-a65a-44fd-9729-a5200a86921e:group-9621CB052D44: set stopIndex = 0
2019-09-12 11:36:43,208 [ForkJoinPool.commonPool-worker-0] INFO  impl.RaftServerImpl (ServerState.java:close(394)) - a68b549c-a65a-44fd-9729-a5200a86921e:group-9621CB052D44 closes. The last applied log index is 0
2019-09-12 11:36:43,209 [a68b549c-a65a-44fd-9729-a5200a86921e-SegmentedRaftLogWorker:Storage Directory /workdir/hadoop-ozone/ozonefs/target/test-dir/MiniOzoneClusterImpl-68ada62c-70c2-422c-a450-57ae95aadfb6/datanode-2/data/ratis/d9ae03ce-8b92-4319-97fc-9621cb052d44] INFO  segmented.SegmentedRaftLogWorker (SegmentedRaftLogWorker.java:run(313)) - a68b549c-a65a-44fd-9729-a5200a86921e-SegmentedRaftLogWorker:Storage Directory /workdir/hadoop-ozone/ozonefs/target/test-dir/MiniOzoneClusterImpl-68ada62c-70c2-422c-a450-57ae95aadfb6/datanode-2/data/ratis/d9ae03ce-8b92-4319-97fc-9621cb052d44 was interrupted, exiting. There are 0 tasks remaining in the queue.
2019-09-12 11:36:43,209 [ForkJoinPool.commonPool-worker-0] INFO  segmented.SegmentedRaftLogWorker (SegmentedRaftLogWorker.java:close(228)) - a68b549c-a65a-44fd-9729-a5200a86921e-SegmentedRaftLogWorker:Storage Directory /workdir/hadoop-ozone/ozonefs/target/test-dir/MiniOzoneClusterImpl-68ada62c-70c2-422c-a450-57ae95aadfb6/datanode-2/data/ratis/d9ae03ce-8b92-4319-97fc-9621cb052d44 close()
2019-09-12 11:36:43,210 [ForkJoinPool.commonPool-worker-0] INFO  impl.RaftServerImpl (RaftServerImpl.java:lambda$shutdown$3(245)) - a68b549c-a65a-44fd-9729-a5200a86921e: shutdown group-912949633AEF
2019-09-12 11:36:43,211 [ForkJoinPool.commonPool-worker-0] INFO  util.JmxRegister (JmxRegister.java:unregister(73)) - Successfully un-registered JMX Bean with object name Ratis:service=RaftServer,group=group-912949633AEF,id=a68b549c-a65a-44fd-9729-a5200a86921e
2019-09-12 11:36:43,211 [ForkJoinPool.commonPool-worker-0] INFO  impl.RoleInfo (RoleInfo.java:shutdownLeaderState(104)) - a68b549c-a65a-44fd-9729-a5200a86921e: shutdown LeaderState
2019-09-12 11:36:43,211 [ForkJoinPool.commonPool-worker-0] INFO  impl.PendingRequests (PendingRequests.java:sendNotLeaderResponses(202)) - a68b549c-a65a-44fd-9729-a5200a86921e-PendingRequests: sendNotLeaderResponses
2019-09-12 11:36:43,211 [ForkJoinPool.commonPool-worker-0] INFO  impl.StateMachineUpdater (StateMachineUpdater.java:stopAndJoin(115)) - StateMachineUpdater:a68b549c-a65a-44fd-9729-a5200a86921e:group-912949633AEF: set stopIndex = 0
2019-09-12 11:36:43,212 [ForkJoinPool.commonPool-worker-0] INFO  impl.RaftServerImpl (ServerState.java:close(394)) - a68b549c-a65a-44fd-9729-a5200a86921e:group-912949633AEF closes. The last applied log index is 0
2019-09-12 11:36:43,212 [a68b549c-a65a-44fd-9729-a5200a86921e-SegmentedRaftLogWorker:Storage Directory /workdir/hadoop-ozone/ozonefs/target/test-dir/MiniOzoneClusterImpl-68ada62c-70c2-422c-a450-57ae95aadfb6/datanode-2/data/ratis/a56c3b31-118e-44ea-bded-912949633aef] INFO  segmented.SegmentedRaftLogWorker (SegmentedRaftLogWorker.java:run(313)) - a68b549c-a65a-44fd-9729-a5200a86921e-SegmentedRaftLogWorker:Storage Directory /workdir/hadoop-ozone/ozonefs/target/test-dir/MiniOzoneClusterImpl-68ada62c-70c2-422c-a450-57ae95aadfb6/datanode-2/data/ratis/a56c3b31-118e-44ea-bded-912949633aef was interrupted, exiting. There are 0 tasks remaining in the queue.
2019-09-12 11:36:43,212 [ForkJoinPool.commonPool-worker-0] INFO  segmented.SegmentedRaftLogWorker (SegmentedRaftLogWorker.java:close(228)) - a68b549c-a65a-44fd-9729-a5200a86921e-SegmentedRaftLogWorker:Storage Directory /workdir/hadoop-ozone/ozonefs/target/test-dir/MiniOzoneClusterImpl-68ada62c-70c2-422c-a450-57ae95aadfb6/datanode-2/data/ratis/a56c3b31-118e-44ea-bded-912949633aef close()
2019-09-12 11:36:43,214 [ForkJoinPool.commonPool-worker-0] INFO  impl.RaftServerImpl (RaftServerImpl.java:lambda$shutdown$3(245)) - a68b549c-a65a-44fd-9729-a5200a86921e: shutdown group-3E81752E1D63
2019-09-12 11:36:43,214 [ForkJoinPool.commonPool-worker-0] INFO  util.JmxRegister (JmxRegister.java:unregister(73)) - Successfully un-registered JMX Bean with object name Ratis:service=RaftServer,group=group-3E81752E1D63,id=a68b549c-a65a-44fd-9729-a5200a86921e
2019-09-12 11:36:43,214 [ForkJoinPool.commonPool-worker-0] INFO  impl.RoleInfo (RoleInfo.java:shutdownLeaderState(104)) - a68b549c-a65a-44fd-9729-a5200a86921e: shutdown LeaderState
2019-09-12 11:36:43,215 [ForkJoinPool.commonPool-worker-0] INFO  impl.PendingRequests (PendingRequests.java:sendNotLeaderResponses(202)) - a68b549c-a65a-44fd-9729-a5200a86921e-PendingRequests: sendNotLeaderResponses
2019-09-12 11:36:43,215 [ForkJoinPool.commonPool-worker-0] INFO  impl.StateMachineUpdater (StateMachineUpdater.java:stopAndJoin(115)) - StateMachineUpdater:a68b549c-a65a-44fd-9729-a5200a86921e:group-3E81752E1D63: set stopIndex = 0
2019-09-12 11:36:43,215 [ForkJoinPool.commonPool-worker-0] INFO  impl.RaftServerImpl (ServerState.java:close(394)) - a68b549c-a65a-44fd-9729-a5200a86921e:group-3E81752E1D63 closes. The last applied log index is 0
2019-09-12 11:36:43,216 [a68b549c-a65a-44fd-9729-a5200a86921e-SegmentedRaftLogWorker:Storage Directory /workdir/hadoop-ozone/ozonefs/target/test-dir/MiniOzoneClusterImpl-68ada62c-70c2-422c-a450-57ae95aadfb6/datanode-2/data/ratis/44af1f24-a508-40ed-9a80-3e81752e1d63] INFO  segmented.SegmentedRaftLogWorker (SegmentedRaftLogWorker.java:run(313)) - a68b549c-a65a-44fd-9729-a5200a86921e-SegmentedRaftLogWorker:Storage Directory /workdir/hadoop-ozone/ozonefs/target/test-dir/MiniOzoneClusterImpl-68ada62c-70c2-422c-a450-57ae95aadfb6/datanode-2/data/ratis/44af1f24-a508-40ed-9a80-3e81752e1d63 was interrupted, exiting. There are 0 tasks remaining in the queue.
2019-09-12 11:36:43,216 [ForkJoinPool.commonPool-worker-0] INFO  segmented.SegmentedRaftLogWorker (SegmentedRaftLogWorker.java:close(228)) - a68b549c-a65a-44fd-9729-a5200a86921e-SegmentedRaftLogWorker:Storage Directory /workdir/hadoop-ozone/ozonefs/target/test-dir/MiniOzoneClusterImpl-68ada62c-70c2-422c-a450-57ae95aadfb6/datanode-2/data/ratis/44af1f24-a508-40ed-9a80-3e81752e1d63 close()
2019-09-12 11:36:43,217 [ForkJoinPool.commonPool-worker-0] INFO  impl.RaftServerImpl (RaftServerImpl.java:lambda$shutdown$3(245)) - a68b549c-a65a-44fd-9729-a5200a86921e: shutdown group-23F038BA8AC7
2019-09-12 11:36:43,217 [ForkJoinPool.commonPool-worker-0] INFO  util.JmxRegister (JmxRegister.java:unregister(73)) - Successfully un-registered JMX Bean with object name Ratis:service=RaftServer,group=group-23F038BA8AC7,id=a68b549c-a65a-44fd-9729-a5200a86921e
2019-09-12 11:36:43,218 [ForkJoinPool.commonPool-worker-0] INFO  impl.RoleInfo (RoleInfo.java:shutdownLeaderState(104)) - a68b549c-a65a-44fd-9729-a5200a86921e: shutdown LeaderState
2019-09-12 11:36:43,218 [ForkJoinPool.commonPool-worker-0] INFO  impl.PendingRequests (PendingRequests.java:sendNotLeaderResponses(202)) - a68b549c-a65a-44fd-9729-a5200a86921e-PendingRequests: sendNotLeaderResponses
2019-09-12 11:36:43,218 [ForkJoinPool.commonPool-worker-0] INFO  impl.StateMachineUpdater (StateMachineUpdater.java:stopAndJoin(115)) - StateMachineUpdater:a68b549c-a65a-44fd-9729-a5200a86921e:group-23F038BA8AC7: set stopIndex = 0
2019-09-12 11:36:43,219 [ForkJoinPool.commonPool-worker-0] INFO  impl.RaftServerImpl (ServerState.java:close(394)) - a68b549c-a65a-44fd-9729-a5200a86921e:group-23F038BA8AC7 closes. The last applied log index is 0
2019-09-12 11:36:43,219 [a68b549c-a65a-44fd-9729-a5200a86921e-SegmentedRaftLogWorker:Storage Directory /workdir/hadoop-ozone/ozonefs/target/test-dir/MiniOzoneClusterImpl-68ada62c-70c2-422c-a450-57ae95aadfb6/datanode-2/data/ratis/10e51d94-71c1-469f-83d8-23f038ba8ac7] INFO  segmented.SegmentedRaftLogWorker (SegmentedRaftLogWorker.java:run(313)) - a68b549c-a65a-44fd-9729-a5200a86921e-SegmentedRaftLogWorker:Storage Directory /workdir/hadoop-ozone/ozonefs/target/test-dir/MiniOzoneClusterImpl-68ada62c-70c2-422c-a450-57ae95aadfb6/datanode-2/data/ratis/10e51d94-71c1-469f-83d8-23f038ba8ac7 was interrupted, exiting. There are 0 tasks remaining in the queue.
2019-09-12 11:36:43,219 [ForkJoinPool.commonPool-worker-0] INFO  segmented.SegmentedRaftLogWorker (SegmentedRaftLogWorker.java:close(228)) - a68b549c-a65a-44fd-9729-a5200a86921e-SegmentedRaftLogWorker:Storage Directory /workdir/hadoop-ozone/ozonefs/target/test-dir/MiniOzoneClusterImpl-68ada62c-70c2-422c-a450-57ae95aadfb6/datanode-2/data/ratis/10e51d94-71c1-469f-83d8-23f038ba8ac7 close()
2019-09-12 11:36:43,220 [ForkJoinPool.commonPool-worker-0] INFO  impl.RaftServerImpl (RaftServerImpl.java:lambda$shutdown$3(245)) - a68b549c-a65a-44fd-9729-a5200a86921e: shutdown group-7FCA4C678226
2019-09-12 11:36:43,221 [ForkJoinPool.commonPool-worker-0] INFO  util.JmxRegister (JmxRegister.java:unregister(73)) - Successfully un-registered JMX Bean with object name Ratis:service=RaftServer,group=group-7FCA4C678226,id=a68b549c-a65a-44fd-9729-a5200a86921e
2019-09-12 11:36:43,221 [ForkJoinPool.commonPool-worker-0] INFO  impl.RoleInfo (RoleInfo.java:shutdownLeaderState(104)) - a68b549c-a65a-44fd-9729-a5200a86921e: shutdown LeaderState
2019-09-12 11:36:43,221 [ForkJoinPool.commonPool-worker-0] INFO  impl.PendingRequests (PendingRequests.java:sendNotLeaderResponses(202)) - a68b549c-a65a-44fd-9729-a5200a86921e-PendingRequests: sendNotLeaderResponses
2019-09-12 11:36:43,222 [ForkJoinPool.commonPool-worker-0] INFO  impl.StateMachineUpdater (StateMachineUpdater.java:stopAndJoin(115)) - StateMachineUpdater:a68b549c-a65a-44fd-9729-a5200a86921e:group-7FCA4C678226: set stopIndex = 0
2019-09-12 11:36:43,222 [ForkJoinPool.commonPool-worker-0] INFO  impl.RaftServerImpl (ServerState.java:close(394)) - a68b549c-a65a-44fd-9729-a5200a86921e:group-7FCA4C678226 closes. The last applied log index is 0
2019-09-12 11:36:43,222 [a68b549c-a65a-44fd-9729-a5200a86921e-SegmentedRaftLogWorker:Storage Directory /workdir/hadoop-ozone/ozonefs/target/test-dir/MiniOzoneClusterImpl-68ada62c-70c2-422c-a450-57ae95aadfb6/datanode-2/data/ratis/af664ed1-bf36-4db4-b360-7fca4c678226] INFO  segmented.SegmentedRaftLogWorker (SegmentedRaftLogWorker.java:run(313)) - a68b549c-a65a-44fd-9729-a5200a86921e-SegmentedRaftLogWorker:Storage Directory /workdir/hadoop-ozone/ozonefs/target/test-dir/MiniOzoneClusterImpl-68ada62c-70c2-422c-a450-57ae95aadfb6/datanode-2/data/ratis/af664ed1-bf36-4db4-b360-7fca4c678226 was interrupted, exiting. There are 0 tasks remaining in the queue.
2019-09-12 11:36:43,223 [ForkJoinPool.commonPool-worker-0] INFO  segmented.SegmentedRaftLogWorker (SegmentedRaftLogWorker.java:close(228)) - a68b549c-a65a-44fd-9729-a5200a86921e-SegmentedRaftLogWorker:Storage Directory /workdir/hadoop-ozone/ozonefs/target/test-dir/MiniOzoneClusterImpl-68ada62c-70c2-422c-a450-57ae95aadfb6/datanode-2/data/ratis/af664ed1-bf36-4db4-b360-7fca4c678226 close()
2019-09-12 11:36:43,224 [ForkJoinPool.commonPool-worker-0] INFO  server.GrpcService (GrpcService.java:closeImpl(155)) - a68b549c-a65a-44fd-9729-a5200a86921e: shutdown server with port 41724 now
2019-09-12 11:36:43,225 [ForkJoinPool.commonPool-worker-0] INFO  server.GrpcService (GrpcService.java:closeImpl(163)) - a68b549c-a65a-44fd-9729-a5200a86921e: shutdown server with port 41724 successfully
2019-09-12 11:36:43,227 [ForkJoinPool.commonPool-worker-0] INFO  utils.BackgroundService (BackgroundService.java:shutdown(148)) - Shutting down service BlockDeletingService
2019-09-12 11:36:43,229 [refreshUsed-/workdir/hadoop-ozone/ozonefs/target/test-dir/MiniOzoneClusterImpl-68ada62c-70c2-422c-a450-57ae95aadfb6/datanode-2/data/containers] WARN  fs.CachingGetSpaceUsed (CachingGetSpaceUsed.java:run(183)) - Thread Interrupted waiting to refresh disk information: sleep interrupted
2019-09-12 11:36:43,256 [ForkJoinPool.commonPool-worker-0] INFO  statemachine.DatanodeStateMachine (DatanodeStateMachine.java:stopDaemon(395)) - Ozone container server stopped.
2019-09-12 11:36:43,259 [ForkJoinPool.commonPool-worker-0] INFO  handler.ContextHandler (ContextHandler.java:doStop(910)) - Stopped o.e.j.w.WebAppContext@5396e5d4{/,null,UNAVAILABLE}{/hddsDatanode}
2019-09-12 11:36:43,260 [ForkJoinPool.commonPool-worker-0] INFO  server.AbstractConnector (AbstractConnector.java:doStop(318)) - Stopped ServerConnector@44f35baf{HTTP/1.1,[http/1.1]}{0.0.0.0:0}
2019-09-12 11:36:43,261 [ForkJoinPool.commonPool-worker-0] INFO  handler.ContextHandler (ContextHandler.java:doStop(910)) - Stopped o.e.j.s.ServletContextHandler@22b05a34{/static,jar:file:/home/user/.m2/repository/org/apache/hadoop/hadoop-hdds-container-service/0.5.0-SNAPSHOT/hadoop-hdds-container-service-0.5.0-SNAPSHOT.jar!/webapps/static,UNAVAILABLE}
2019-09-12 11:36:43,262 [ForkJoinPool.commonPool-worker-0] INFO  handler.ContextHandler (ContextHandler.java:doStop(910)) - Stopped o.e.j.s.ServletContextHandler@284be44e{/logs,file:///workdir/hadoop-ozone/ozonefs/target/log,UNAVAILABLE}
2019-09-12 11:36:43,264 [Thread-1338] INFO  ozone.MiniOzoneClusterImpl (MiniOzoneClusterImpl.java:stop(353)) - Stopping the StorageContainerManager
2019-09-12 11:36:43,264 [Thread-1338] INFO  server.StorageContainerManager (StorageContainerManager.java:stop(797)) - Stopping Replication Manager Service.
2019-09-12 11:36:43,264 [Thread-1338] INFO  container.ReplicationManager (ReplicationManager.java:stop(192)) - Stopping Replication Monitor Thread.
2019-09-12 11:36:43,264 [Thread-1338] INFO  server.StorageContainerManager (StorageContainerManager.java:stop(804)) - Stopping Lease Manager of the command watchers
2019-09-12 11:36:43,264 [Thread-1338] INFO  server.StorageContainerManager (StorageContainerManager.java:stop(811)) - Stopping datanode service RPC server
2019-09-12 11:36:43,265 [Thread-1338] INFO  server.SCMDatanodeProtocolServer (SCMDatanodeProtocolServer.java:stop(367)) - Stopping the RPC server for DataNodes
2019-09-12 11:36:43,265 [Thread-1338] INFO  ipc.Server (Server.java:stop(3082)) - Stopping server on 32785
2019-09-12 11:36:43,267 [IPC Server listener on 32785] INFO  ipc.Server (Server.java:run(1185)) - Stopping IPC Server listener on 32785
2019-09-12 11:36:43,269 [IPC Server Responder] INFO  ipc.Server (Server.java:run(1319)) - Stopping IPC Server Responder
2019-09-12 11:36:43,317 [SCM Heartbeat Processing Thread - 0] WARN  node.NodeStateManager (NodeStateManager.java:scheduleNextHealthCheck(655)) - Current Thread is interrupted, shutting down HB processing thread for Node Manager.
2019-09-12 11:36:43,318 [Thread-1338] INFO  server.StorageContainerManager (StorageContainerManager.java:stop(819)) - Stopping block service RPC server
2019-09-12 11:36:43,318 [Thread-1338] INFO  server.SCMBlockProtocolServer (SCMBlockProtocolServer.java:stop(148)) - Stopping the RPC server for Block Protocol
2019-09-12 11:36:43,318 [Thread-1338] INFO  ipc.Server (Server.java:stop(3082)) - Stopping server on 45127
2019-09-12 11:36:43,320 [IPC Server listener on 45127] INFO  ipc.Server (Server.java:run(1185)) - Stopping IPC Server listener on 45127
2019-09-12 11:36:43,323 [Thread-1338] INFO  server.StorageContainerManager (StorageContainerManager.java:stop(826)) - Stopping the StorageContainerLocationProtocol RPC server
2019-09-12 11:36:43,324 [Thread-1338] INFO  server.SCMClientProtocolServer (SCMClientProtocolServer.java:stop(159)) - Stopping the RPC server for Client Protocol
2019-09-12 11:36:43,324 [Thread-1338] INFO  ipc.Server (Server.java:stop(3082)) - Stopping server on 41722
2019-09-12 11:36:43,324 [IPC Server Responder] INFO  ipc.Server (Server.java:run(1319)) - Stopping IPC Server Responder
2019-09-12 11:36:43,326 [IPC Server listener on 41722] INFO  ipc.Server (Server.java:run(1185)) - Stopping IPC Server listener on 41722
2019-09-12 11:36:43,326 [Thread-1338] INFO  server.StorageContainerManager (StorageContainerManager.java:stop(833)) - Stopping Storage Container Manager HTTP server.
2019-09-12 11:36:43,329 [IPC Server Responder] INFO  ipc.Server (Server.java:run(1319)) - Stopping IPC Server Responder
2019-09-12 11:36:43,329 [Thread-1338] INFO  handler.ContextHandler (ContextHandler.java:doStop(910)) - Stopped o.e.j.w.WebAppContext@2f23af17{/,null,UNAVAILABLE}{/scm}
2019-09-12 11:36:43,330 [Thread-1338] INFO  server.AbstractConnector (AbstractConnector.java:doStop(318)) - Stopped ServerConnector@6bf8fa40{HTTP/1.1,[http/1.1]}{0.0.0.0:0}
2019-09-12 11:36:43,330 [Thread-1338] INFO  handler.ContextHandler (ContextHandler.java:doStop(910)) - Stopped o.e.j.s.ServletContextHandler@3f00da57{/static,jar:file:/home/user/.m2/repository/org/apache/hadoop/hadoop-hdds-server-scm/0.5.0-SNAPSHOT/hadoop-hdds-server-scm-0.5.0-SNAPSHOT.jar!/webapps/static,UNAVAILABLE}
2019-09-12 11:36:43,331 [Thread-1338] INFO  handler.ContextHandler (ContextHandler.java:doStop(910)) - Stopped o.e.j.s.ServletContextHandler@3d1adb54{/logs,file:///workdir/hadoop-ozone/ozonefs/target/log,UNAVAILABLE}
2019-09-12 11:36:43,332 [Thread-1338] INFO  server.StorageContainerManager (StorageContainerManager.java:stop(844)) - Stopping Block Manager Service.
2019-09-12 11:36:43,332 [Thread-1338] INFO  utils.BackgroundService (BackgroundService.java:shutdown(148)) - Shutting down service SCMBlockDeletingService
2019-09-12 11:36:43,333 [Thread-1338] INFO  utils.BackgroundService (BackgroundService.java:shutdown(148)) - Shutting down service SCMBlockDeletingService
2019-09-12 11:36:43,333 [Thread-1338] INFO  server.StorageContainerManager (StorageContainerManager.java:stop(866)) - Stopping SCM Event Queue.
2019-09-12 11:36:43,337 [Thread-1338] INFO  impl.MetricsSystemImpl (MetricsSystemImpl.java:stop(210)) - Stopping HddsDatanode metrics system...
2019-09-12 11:36:43,348 [Thread-1338] INFO  impl.MetricsSystemImpl (MetricsSystemImpl.java:stop(216)) - HddsDatanode metrics system stopped.
]]></system-out>
    <system-err><![CDATA[Sep 12, 2019 11:36:26 AM com.sun.jersey.server.impl.application.WebApplicationImpl _initiate
INFO: Initiating Jersey application, version 'Jersey: 1.19 02/11/2015 03:25 AM'
Sep 12, 2019 11:36:27 AM com.sun.jersey.server.impl.application.WebApplicationImpl _initiate
INFO: Initiating Jersey application, version 'Jersey: 1.19 02/11/2015 03:25 AM'
Sep 12, 2019 11:36:27 AM com.sun.jersey.server.impl.application.WebApplicationImpl _initiate
INFO: Initiating Jersey application, version 'Jersey: 1.19 02/11/2015 03:25 AM'
Sep 12, 2019 11:36:32 AM com.sun.jersey.server.impl.application.WebApplicationImpl _initiate
INFO: Initiating Jersey application, version 'Jersey: 1.19 02/11/2015 03:25 AM'
]]></system-err>
  </testcase>
  <testcase name="testListStatusOnLargeDirectory" classname="org.apache.hadoop.fs.ozone.TestOzoneFileSystem" time="22.348"/>
</testsuite>