<?xml version="1.0" encoding="UTF-8"?>
<testsuite xmlns:xsi="http://www.w3.org/2001/XMLSchema-instance" xsi:noNamespaceSchemaLocation="https://maven.apache.org/surefire/maven-surefire-plugin/xsd/surefire-test-report.xsd" name="org.apache.hadoop.fs.ozone.contract.ITestOzoneContractRename" time="30.521" tests="8" errors="6" skipped="0" failures="0">
  <properties>
    <property name="awt.toolkit" value="sun.awt.X11.XToolkit"/>
    <property name="file.encoding.pkg" value="sun.io"/>
    <property name="java.specification.version" value="1.8"/>
    <property name="sun.cpu.isalist" value=""/>
    <property name="sun.jnu.encoding" value="UTF-8"/>
    <property name="java.class.path" value="/workdir/hadoop-ozone/ozonefs/target/test-classes:/workdir/hadoop-ozone/ozonefs/target/classes:/home/user/.m2/repository/org/apache/hadoop/hadoop-common/3.2.0/hadoop-common-3.2.0.jar:/home/user/.m2/repository/org/apache/hadoop/hadoop-annotations/3.2.0/hadoop-annotations-3.2.0.jar:/usr/lib/jvm/java-1.8-openjdk/jre/../lib/tools.jar:/home/user/.m2/repository/com/google/guava/guava/11.0.2/guava-11.0.2.jar:/home/user/.m2/repository/commons-cli/commons-cli/1.2/commons-cli-1.2.jar:/home/user/.m2/repository/org/apache/commons/commons-math3/3.1.1/commons-math3-3.1.1.jar:/home/user/.m2/repository/org/apache/httpcomponents/httpclient/4.5.2/httpclient-4.5.2.jar:/home/user/.m2/repository/org/apache/httpcomponents/httpcore/4.4.4/httpcore-4.4.4.jar:/home/user/.m2/repository/commons-codec/commons-codec/1.11/commons-codec-1.11.jar:/home/user/.m2/repository/commons-io/commons-io/2.5/commons-io-2.5.jar:/home/user/.m2/repository/commons-net/commons-net/3.6/commons-net-3.6.jar:/home/user/.m2/repository/commons-collections/commons-collections/3.2.2/commons-collections-3.2.2.jar:/home/user/.m2/repository/javax/servlet/javax.servlet-api/3.1.0/javax.servlet-api-3.1.0.jar:/home/user/.m2/repository/org/eclipse/jetty/jetty-server/9.3.24.v20180605/jetty-server-9.3.24.v20180605.jar:/home/user/.m2/repository/org/eclipse/jetty/jetty-http/9.3.24.v20180605/jetty-http-9.3.24.v20180605.jar:/home/user/.m2/repository/org/eclipse/jetty/jetty-io/9.3.24.v20180605/jetty-io-9.3.24.v20180605.jar:/home/user/.m2/repository/org/eclipse/jetty/jetty-util/9.3.24.v20180605/jetty-util-9.3.24.v20180605.jar:/home/user/.m2/repository/org/eclipse/jetty/jetty-servlet/9.3.24.v20180605/jetty-servlet-9.3.24.v20180605.jar:/home/user/.m2/repository/org/eclipse/jetty/jetty-security/9.3.24.v20180605/jetty-security-9.3.24.v20180605.jar:/home/user/.m2/repository/org/eclipse/jetty/jetty-webapp/9.3.24.v20180605/jetty-webapp-9.3.24.v20180605.jar:/home/user/.m2/repository/org/eclipse/jetty/jetty-xml/9.3.24.v20180605/jetty-xml-9.3.24.v20180605.jar:/home/user/.m2/repository/javax/servlet/jsp/jsp-api/2.1/jsp-api-2.1.jar:/home/user/.m2/repository/com/sun/jersey/jersey-core/1.19/jersey-core-1.19.jar:/home/user/.m2/repository/javax/ws/rs/jsr311-api/1.1.1/jsr311-api-1.1.1.jar:/home/user/.m2/repository/com/sun/jersey/jersey-servlet/1.19/jersey-servlet-1.19.jar:/home/user/.m2/repository/com/sun/jersey/jersey-json/1.19/jersey-json-1.19.jar:/home/user/.m2/repository/org/codehaus/jettison/jettison/1.1/jettison-1.1.jar:/home/user/.m2/repository/com/sun/xml/bind/jaxb-impl/2.3.0.1/jaxb-impl-2.3.0.1.jar:/home/user/.m2/repository/org/codehaus/jackson/jackson-core-asl/1.9.13/jackson-core-asl-1.9.13.jar:/home/user/.m2/repository/org/codehaus/jackson/jackson-mapper-asl/1.9.13/jackson-mapper-asl-1.9.13.jar:/home/user/.m2/repository/org/codehaus/jackson/jackson-jaxrs/1.9.13/jackson-jaxrs-1.9.13.jar:/home/user/.m2/repository/org/codehaus/jackson/jackson-xc/1.9.13/jackson-xc-1.9.13.jar:/home/user/.m2/repository/com/sun/jersey/jersey-server/1.19/jersey-server-1.19.jar:/home/user/.m2/repository/commons-logging/commons-logging/1.1.3/commons-logging-1.1.3.jar:/home/user/.m2/repository/log4j/log4j/1.2.17/log4j-1.2.17.jar:/home/user/.m2/repository/commons-beanutils/commons-beanutils/1.9.3/commons-beanutils-1.9.3.jar:/home/user/.m2/repository/org/apache/commons/commons-configuration2/2.1.1/commons-configuration2-2.1.1.jar:/home/user/.m2/repository/org/apache/commons/commons-lang3/3.7/commons-lang3-3.7.jar:/home/user/.m2/repository/org/apache/commons/commons-text/1.4/commons-text-1.4.jar:/home/user/.m2/repository/org/slf4j/slf4j-api/1.7.25/slf4j-api-1.7.25.jar:/home/user/.m2/repository/org/slf4j/slf4j-log4j12/1.7.25/slf4j-log4j12-1.7.25.jar:/home/user/.m2/repository/org/apache/avro/avro/1.7.7/avro-1.7.7.jar:/home/user/.m2/repository/com/thoughtworks/paranamer/paranamer/2.3/paranamer-2.3.jar:/home/user/.m2/repository/org/xerial/snappy/snappy-java/1.0.5/snappy-java-1.0.5.jar:/home/user/.m2/repository/com/google/re2j/re2j/1.1/re2j-1.1.jar:/home/user/.m2/repository/com/google/protobuf/protobuf-java/2.5.0/protobuf-java-2.5.0.jar:/home/user/.m2/repository/com/google/code/gson/gson/2.2.4/gson-2.2.4.jar:/home/user/.m2/repository/org/apache/hadoop/hadoop-auth/3.2.0/hadoop-auth-3.2.0.jar:/home/user/.m2/repository/com/nimbusds/nimbus-jose-jwt/4.41.1/nimbus-jose-jwt-4.41.1.jar:/home/user/.m2/repository/com/github/stephenc/jcip/jcip-annotations/1.0-1/jcip-annotations-1.0-1.jar:/home/user/.m2/repository/net/minidev/json-smart/2.3/json-smart-2.3.jar:/home/user/.m2/repository/net/minidev/accessors-smart/1.2/accessors-smart-1.2.jar:/home/user/.m2/repository/org/apache/curator/curator-framework/2.12.0/curator-framework-2.12.0.jar:/home/user/.m2/repository/com/jcraft/jsch/0.1.54/jsch-0.1.54.jar:/home/user/.m2/repository/org/apache/curator/curator-client/2.12.0/curator-client-2.12.0.jar:/home/user/.m2/repository/org/apache/curator/curator-recipes/2.12.0/curator-recipes-2.12.0.jar:/home/user/.m2/repository/com/google/code/findbugs/jsr305/3.0.0/jsr305-3.0.0.jar:/home/user/.m2/repository/org/apache/htrace/htrace-core4/4.1.0-incubating/htrace-core4-4.1.0-incubating.jar:/home/user/.m2/repository/org/apache/zookeeper/zookeeper/3.4.13/zookeeper-3.4.13.jar:/home/user/.m2/repository/org/apache/yetus/audience-annotations/0.5.0/audience-annotations-0.5.0.jar:/home/user/.m2/repository/org/apache/commons/commons-compress/1.4.1/commons-compress-1.4.1.jar:/home/user/.m2/repository/org/tukaani/xz/1.0/xz-1.0.jar:/home/user/.m2/repository/org/apache/kerby/kerb-simplekdc/1.0.1/kerb-simplekdc-1.0.1.jar:/home/user/.m2/repository/org/apache/kerby/kerb-client/1.0.1/kerb-client-1.0.1.jar:/home/user/.m2/repository/org/apache/kerby/kerby-config/1.0.1/kerby-config-1.0.1.jar:/home/user/.m2/repository/org/apache/kerby/kerb-core/1.0.1/kerb-core-1.0.1.jar:/home/user/.m2/repository/org/apache/kerby/kerby-pkix/1.0.1/kerby-pkix-1.0.1.jar:/home/user/.m2/repository/org/apache/kerby/kerby-asn1/1.0.1/kerby-asn1-1.0.1.jar:/home/user/.m2/repository/org/apache/kerby/kerby-util/1.0.1/kerby-util-1.0.1.jar:/home/user/.m2/repository/org/apache/kerby/kerb-common/1.0.1/kerb-common-1.0.1.jar:/home/user/.m2/repository/org/apache/kerby/kerb-crypto/1.0.1/kerb-crypto-1.0.1.jar:/home/user/.m2/repository/org/apache/kerby/kerb-util/1.0.1/kerb-util-1.0.1.jar:/home/user/.m2/repository/org/apache/kerby/token-provider/1.0.1/token-provider-1.0.1.jar:/home/user/.m2/repository/org/apache/kerby/kerb-admin/1.0.1/kerb-admin-1.0.1.jar:/home/user/.m2/repository/org/apache/kerby/kerb-server/1.0.1/kerb-server-1.0.1.jar:/home/user/.m2/repository/org/apache/kerby/kerb-identity/1.0.1/kerb-identity-1.0.1.jar:/home/user/.m2/repository/org/apache/kerby/kerby-xdr/1.0.1/kerby-xdr-1.0.1.jar:/home/user/.m2/repository/com/fasterxml/jackson/core/jackson-databind/2.9.5/jackson-databind-2.9.5.jar:/home/user/.m2/repository/com/fasterxml/jackson/core/jackson-annotations/2.9.5/jackson-annotations-2.9.5.jar:/home/user/.m2/repository/com/fasterxml/jackson/core/jackson-core/2.9.5/jackson-core-2.9.5.jar:/home/user/.m2/repository/org/codehaus/woodstox/stax2-api/3.1.4/stax2-api-3.1.4.jar:/home/user/.m2/repository/com/fasterxml/woodstox/woodstox-core/5.0.3/woodstox-core-5.0.3.jar:/home/user/.m2/repository/dnsjava/dnsjava/2.1.7/dnsjava-2.1.7.jar:/home/user/.m2/repository/org/apache/hadoop/hadoop-hdfs/3.2.0/hadoop-hdfs-3.2.0.jar:/home/user/.m2/repository/org/eclipse/jetty/jetty-util-ajax/9.3.24.v20180605/jetty-util-ajax-9.3.24.v20180605.jar:/home/user/.m2/repository/commons-daemon/commons-daemon/1.0.13/commons-daemon-1.0.13.jar:/home/user/.m2/repository/io/netty/netty/3.10.5.Final/netty-3.10.5.Final.jar:/home/user/.m2/repository/io/netty/netty-all/4.0.52.Final/netty-all-4.0.52.Final.jar:/home/user/.m2/repository/org/fusesource/leveldbjni/leveldbjni-all/1.8/leveldbjni-all-1.8.jar:/home/user/.m2/repository/org/apache/hadoop/hadoop-hdds-common/0.5.0-SNAPSHOT/hadoop-hdds-common-0.5.0-SNAPSHOT.jar:/home/user/.m2/repository/org/apache/hadoop/hadoop-hdds-config/0.5.0-SNAPSHOT/hadoop-hdds-config-0.5.0-SNAPSHOT.jar:/home/user/.m2/repository/javax/annotation/javax.annotation-api/1.2/javax.annotation-api-1.2.jar:/home/user/.m2/repository/org/apache/ratis/ratis-server/0.4.0-2337318-SNAPSHOT/ratis-server-0.4.0-2337318-SNAPSHOT.jar:/home/user/.m2/repository/org/apache/ratis/ratis-thirdparty-misc/0.2.0/ratis-thirdparty-misc-0.2.0.jar:/home/user/.m2/repository/org/apache/ratis/ratis-proto/0.4.0-2337318-SNAPSHOT/ratis-proto-0.4.0-2337318-SNAPSHOT.jar:/home/user/.m2/repository/org/apache/ratis/ratis-common/0.4.0-2337318-SNAPSHOT/ratis-common-0.4.0-2337318-SNAPSHOT.jar:/home/user/.m2/repository/org/apache/ratis/ratis-client/0.4.0-2337318-SNAPSHOT/ratis-client-0.4.0-2337318-SNAPSHOT.jar:/home/user/.m2/repository/org/apache/ratis/ratis-metrics/0.4.0-2337318-SNAPSHOT/ratis-metrics-0.4.0-2337318-SNAPSHOT.jar:/home/user/.m2/repository/org/apache/ratis/ratis-netty/0.4.0-2337318-SNAPSHOT/ratis-netty-0.4.0-2337318-SNAPSHOT.jar:/home/user/.m2/repository/org/apache/ratis/ratis-grpc/0.4.0-2337318-SNAPSHOT/ratis-grpc-0.4.0-2337318-SNAPSHOT.jar:/home/user/.m2/repository/org/rocksdb/rocksdbjni/6.0.1/rocksdbjni-6.0.1.jar:/home/user/.m2/repository/org/apache/logging/log4j/log4j-api/2.11.0/log4j-api-2.11.0.jar:/home/user/.m2/repository/org/apache/logging/log4j/log4j-core/2.11.0/log4j-core-2.11.0.jar:/home/user/.m2/repository/com/lmax/disruptor/3.4.2/disruptor-3.4.2.jar:/home/user/.m2/repository/org/apache/commons/commons-pool2/2.6.0/commons-pool2-2.6.0.jar:/home/user/.m2/repository/org/bouncycastle/bcpkix-jdk15on/1.60/bcpkix-jdk15on-1.60.jar:/home/user/.m2/repository/commons-validator/commons-validator/1.6/commons-validator-1.6.jar:/home/user/.m2/repository/commons-digester/commons-digester/1.8.1/commons-digester-1.8.1.jar:/home/user/.m2/repository/io/jaegertracing/jaeger-client/0.33.1/jaeger-client-0.33.1.jar:/home/user/.m2/repository/io/jaegertracing/jaeger-thrift/0.33.1/jaeger-thrift-0.33.1.jar:/home/user/.m2/repository/org/apache/thrift/libthrift/0.11.0/libthrift-0.11.0.jar:/home/user/.m2/repository/com/squareup/okhttp3/okhttp/3.9.0/okhttp-3.9.0.jar:/home/user/.m2/repository/com/squareup/okio/okio/1.13.0/okio-1.13.0.jar:/home/user/.m2/repository/io/jaegertracing/jaeger-core/0.33.1/jaeger-core-0.33.1.jar:/home/user/.m2/repository/io/jaegertracing/jaeger-tracerresolver/0.33.1/jaeger-tracerresolver-0.33.1.jar:/home/user/.m2/repository/io/opentracing/contrib/opentracing-tracerresolver/0.1.5/opentracing-tracerresolver-0.1.5.jar:/home/user/.m2/repository/io/opentracing/opentracing-util/0.31.0/opentracing-util-0.31.0.jar:/home/user/.m2/repository/io/opentracing/opentracing-api/0.31.0/opentracing-api-0.31.0.jar:/home/user/.m2/repository/io/opentracing/opentracing-noop/0.31.0/opentracing-noop-0.31.0.jar:/home/user/.m2/repository/org/yaml/snakeyaml/1.16/snakeyaml-1.16.jar:/home/user/.m2/repository/org/apache/hadoop/hadoop-hdfs-client/3.2.0/hadoop-hdfs-client-3.2.0.jar:/home/user/.m2/repository/info/picocli/picocli/3.9.6/picocli-3.9.6.jar:/home/user/.m2/repository/org/apache/hadoop/hadoop-hdds-server-scm/0.5.0-SNAPSHOT/hadoop-hdds-server-scm-0.5.0-SNAPSHOT.jar:/home/user/.m2/repository/org/apache/hadoop/hadoop-hdds-docs/0.5.0-SNAPSHOT/hadoop-hdds-docs-0.5.0-SNAPSHOT.jar:/home/user/.m2/repository/io/dropwizard/metrics/metrics-core/3.2.4/metrics-core-3.2.4.jar:/home/user/.m2/repository/org/hamcrest/hamcrest-all/1.3/hamcrest-all-1.3.jar:/home/user/.m2/repository/org/bouncycastle/bcprov-jdk15on/1.60/bcprov-jdk15on-1.60.jar:/home/user/.m2/repository/org/apache/hadoop/hadoop-hdds-server-framework/0.5.0-SNAPSHOT/hadoop-hdds-server-framework-0.5.0-SNAPSHOT.jar:/home/user/.m2/repository/org/apache/hadoop/hadoop-ozone-ozone-manager/0.5.0-SNAPSHOT/hadoop-ozone-ozone-manager-0.5.0-SNAPSHOT.jar:/home/user/.m2/repository/org/apache/hadoop/hadoop-hdds-container-service/0.5.0-SNAPSHOT/hadoop-hdds-container-service-0.5.0-SNAPSHOT.jar:/home/user/.m2/repository/org/apache/hadoop/hadoop-hdds-client/0.5.0-SNAPSHOT/hadoop-hdds-client-0.5.0-SNAPSHOT.jar:/home/user/.m2/repository/org/apache/hadoop/hadoop-ozone-common/0.5.0-SNAPSHOT/hadoop-ozone-common-0.5.0-SNAPSHOT.jar:/home/user/.m2/repository/org/apache/hadoop/hadoop-hdds-tools/0.5.0-SNAPSHOT/hadoop-hdds-tools-0.5.0-SNAPSHOT.jar:/home/user/.m2/repository/org/xerial/sqlite-jdbc/3.25.2/sqlite-jdbc-3.25.2.jar:/home/user/.m2/repository/org/apache/hadoop/hadoop-ozone-objectstore-service/0.5.0-SNAPSHOT/hadoop-ozone-objectstore-service-0.5.0-SNAPSHOT.jar:/home/user/.m2/repository/com/google/code/findbugs/findbugs/3.0.1/findbugs-3.0.1.jar:/home/user/.m2/repository/net/jcip/jcip-annotations/1.0/jcip-annotations-1.0.jar:/home/user/.m2/repository/com/google/code/findbugs/bcel-findbugs/6.0/bcel-findbugs-6.0.jar:/home/user/.m2/repository/com/google/code/findbugs/jFormatString/2.0.1/jFormatString-2.0.1.jar:/home/user/.m2/repository/dom4j/dom4j/1.6.1/dom4j-1.6.1.jar:/home/user/.m2/repository/xml-apis/xml-apis/1.0.b2/xml-apis-1.0.b2.jar:/home/user/.m2/repository/org/ow2/asm/asm-debug-all/5.0.2/asm-debug-all-5.0.2.jar:/home/user/.m2/repository/org/ow2/asm/asm-commons/5.0.2/asm-commons-5.0.2.jar:/home/user/.m2/repository/org/ow2/asm/asm-tree/5.0.2/asm-tree-5.0.2.jar:/home/user/.m2/repository/org/ow2/asm/asm/5.0.4/asm-5.0.4.jar:/home/user/.m2/repository/commons-lang/commons-lang/2.6/commons-lang-2.6.jar:/home/user/.m2/repository/com/apple/AppleJavaExtensions/1.4/AppleJavaExtensions-1.4.jar:/home/user/.m2/repository/jaxen/jaxen/1.1.6/jaxen-1.1.6.jar:/home/user/.m2/repository/org/apache/hadoop/hadoop-common/3.2.0/hadoop-common-3.2.0-tests.jar:/home/user/.m2/repository/org/apache/hadoop/hadoop-ozone-client/0.5.0-SNAPSHOT/hadoop-ozone-client-0.5.0-SNAPSHOT.jar:/home/user/.m2/repository/org/apache/hadoop/hadoop-hdfs/3.2.0/hadoop-hdfs-3.2.0-tests.jar:/workdir/hadoop-ozone/integration-test/target/test-classes:/home/user/.m2/repository/org/apache/hadoop/hadoop-ozone-s3gateway/0.5.0-SNAPSHOT/hadoop-ozone-s3gateway-0.5.0-SNAPSHOT.jar:/home/user/.m2/repository/org/jboss/weld/servlet/weld-servlet/2.4.7.Final/weld-servlet-2.4.7.Final.jar:/home/user/.m2/repository/org/glassfish/jersey/containers/jersey-container-servlet-core/2.27/jersey-container-servlet-core-2.27.jar:/home/user/.m2/repository/org/glassfish/hk2/external/javax.inject/2.5.0-b42/javax.inject-2.5.0-b42.jar:/home/user/.m2/repository/org/glassfish/jersey/core/jersey-common/2.27/jersey-common-2.27.jar:/home/user/.m2/repository/org/glassfish/hk2/osgi-resource-locator/1.0.1/osgi-resource-locator-1.0.1.jar:/home/user/.m2/repository/javax/ws/rs/javax.ws.rs-api/2.1/javax.ws.rs-api-2.1.jar:/home/user/.m2/repository/org/glassfish/jersey/ext/cdi/jersey-cdi1x/2.27/jersey-cdi1x-2.27.jar:/home/user/.m2/repository/org/glassfish/jersey/inject/jersey-hk2/2.27/jersey-hk2-2.27.jar:/home/user/.m2/repository/org/glassfish/hk2/hk2-locator/2.5.0-b42/hk2-locator-2.5.0-b42.jar:/home/user/.m2/repository/org/javassist/javassist/3.22.0-CR2/javassist-3.22.0-CR2.jar:/home/user/.m2/repository/org/glassfish/hk2/hk2-api/2.5.0/hk2-api-2.5.0.jar:/home/user/.m2/repository/org/glassfish/hk2/external/jakarta.inject/2.5.0/jakarta.inject-2.5.0.jar:/home/user/.m2/repository/org/glassfish/hk2/hk2-utils/2.5.0/hk2-utils-2.5.0.jar:/home/user/.m2/repository/jakarta/annotation/jakarta.annotation-api/1.3.4/jakarta.annotation-api-1.3.4.jar:/home/user/.m2/repository/org/glassfish/hk2/external/aopalliance-repackaged/2.5.0/aopalliance-repackaged-2.5.0.jar:/home/user/.m2/repository/com/fasterxml/jackson/dataformat/jackson-dataformat-xml/2.9.0/jackson-dataformat-xml-2.9.0.jar:/home/user/.m2/repository/com/fasterxml/jackson/module/jackson-module-jaxb-annotations/2.9.5/jackson-module-jaxb-annotations-2.9.5.jar:/home/user/.m2/repository/javax/enterprise/cdi-api/1.2/cdi-api-1.2.jar:/home/user/.m2/repository/javax/el/javax.el-api/3.0.0/javax.el-api-3.0.0.jar:/home/user/.m2/repository/javax/interceptor/javax.interceptor-api/1.2/javax.interceptor-api-1.2.jar:/home/user/.m2/repository/javax/inject/javax.inject/1/javax.inject-1.jar:/home/user/.m2/repository/com/sun/xml/bind/jaxb-core/2.3.0.1/jaxb-core-2.3.0.1.jar:/home/user/.m2/repository/javax/xml/bind/jaxb-api/2.3.0/jaxb-api-2.3.0.jar:/home/user/.m2/repository/javax/activation/activation/1.1.1/activation-1.1.1.jar:/home/user/.m2/repository/org/apache/hadoop/hadoop-ozone-csi/0.5.0-SNAPSHOT/hadoop-ozone-csi-0.5.0-SNAPSHOT.jar:/home/user/.m2/repository/com/google/protobuf/protobuf-java-util/3.5.1/protobuf-java-util-3.5.1.jar:/home/user/.m2/repository/io/grpc/grpc-netty/1.17.1/grpc-netty-1.17.1.jar:/home/user/.m2/repository/io/grpc/grpc-core/1.17.1/grpc-core-1.17.1.jar:/home/user/.m2/repository/io/grpc/grpc-context/1.17.1/grpc-context-1.17.1.jar:/home/user/.m2/repository/com/google/errorprone/error_prone_annotations/2.2.0/error_prone_annotations-2.2.0.jar:/home/user/.m2/repository/org/codehaus/mojo/animal-sniffer-annotations/1.17/animal-sniffer-annotations-1.17.jar:/home/user/.m2/repository/io/opencensus/opencensus-api/0.17.0/opencensus-api-0.17.0.jar:/home/user/.m2/repository/io/opencensus/opencensus-contrib-grpc-metrics/0.17.0/opencensus-contrib-grpc-metrics-0.17.0.jar:/home/user/.m2/repository/io/netty/netty-codec-http2/4.1.30.Final/netty-codec-http2-4.1.30.Final.jar:/home/user/.m2/repository/io/netty/netty-codec-http/4.1.30.Final/netty-codec-http-4.1.30.Final.jar:/home/user/.m2/repository/io/netty/netty-codec/4.1.30.Final/netty-codec-4.1.30.Final.jar:/home/user/.m2/repository/io/netty/netty-handler/4.1.30.Final/netty-handler-4.1.30.Final.jar:/home/user/.m2/repository/io/netty/netty-handler-proxy/4.1.30.Final/netty-handler-proxy-4.1.30.Final.jar:/home/user/.m2/repository/io/netty/netty-codec-socks/4.1.30.Final/netty-codec-socks-4.1.30.Final.jar:/home/user/.m2/repository/io/netty/netty-transport-native-epoll/4.1.30.Final/netty-transport-native-epoll-4.1.30.Final.jar:/home/user/.m2/repository/io/netty/netty-common/4.1.30.Final/netty-common-4.1.30.Final.jar:/home/user/.m2/repository/io/netty/netty-buffer/4.1.30.Final/netty-buffer-4.1.30.Final.jar:/home/user/.m2/repository/io/netty/netty-transport/4.1.30.Final/netty-transport-4.1.30.Final.jar:/home/user/.m2/repository/io/netty/netty-resolver/4.1.30.Final/netty-resolver-4.1.30.Final.jar:/home/user/.m2/repository/io/netty/netty-transport-native-unix-common/4.1.30.Final/netty-transport-native-unix-common-4.1.30.Final.jar:/home/user/.m2/repository/io/grpc/grpc-protobuf/1.17.1/grpc-protobuf-1.17.1.jar:/home/user/.m2/repository/com/google/api/grpc/proto-google-common-protos/1.0.0/proto-google-common-protos-1.0.0.jar:/home/user/.m2/repository/io/grpc/grpc-protobuf-lite/1.17.1/grpc-protobuf-lite-1.17.1.jar:/home/user/.m2/repository/io/grpc/grpc-stub/1.17.1/grpc-stub-1.17.1.jar:/home/user/.m2/repository/org/apache/hadoop/hadoop-ozone-recon/0.5.0-SNAPSHOT/hadoop-ozone-recon-0.5.0-SNAPSHOT.jar:/home/user/.m2/repository/org/apache/hadoop/hadoop-ozone-reconcodegen/0.5.0-SNAPSHOT/hadoop-ozone-reconcodegen-0.5.0-SNAPSHOT.jar:/home/user/.m2/repository/com/google/inject/extensions/guice-multibindings/4.0/guice-multibindings-4.0.jar:/home/user/.m2/repository/com/google/inject/guice/4.0/guice-4.0.jar:/home/user/.m2/repository/aopalliance/aopalliance/1.0/aopalliance-1.0.jar:/home/user/.m2/repository/org/glassfish/jersey/containers/jersey-container-servlet/2.27/jersey-container-servlet-2.27.jar:/home/user/.m2/repository/org/glassfish/hk2/guice-bridge/2.5.0/guice-bridge-2.5.0.jar:/home/user/.m2/repository/org/glassfish/jersey/core/jersey-server/2.27/jersey-server-2.27.jar:/home/user/.m2/repository/org/glassfish/jersey/core/jersey-client/2.27/jersey-client-2.27.jar:/home/user/.m2/repository/org/glassfish/jersey/media/jersey-media-jaxb/2.27/jersey-media-jaxb-2.27.jar:/home/user/.m2/repository/javax/validation/validation-api/1.1.0.Final/validation-api-1.1.0.Final.jar:/home/user/.m2/repository/org/glassfish/jersey/media/jersey-media-json-jackson/2.27/jersey-media-json-jackson-2.27.jar:/home/user/.m2/repository/org/glassfish/jersey/ext/jersey-entity-filtering/2.27/jersey-entity-filtering-2.27.jar:/home/user/.m2/repository/com/google/inject/extensions/guice-assistedinject/4.0/guice-assistedinject-4.0.jar:/home/user/.m2/repository/org/jooq/jooq/3.11.10/jooq-3.11.10.jar:/home/user/.m2/repository/org/jooq/jooq-meta/3.11.10/jooq-meta-3.11.10.jar:/home/user/.m2/repository/org/jooq/jooq-codegen/3.11.10/jooq-codegen-3.11.10.jar:/home/user/.m2/repository/com/jolbox/bonecp/0.8.0.RELEASE/bonecp-0.8.0.RELEASE.jar:/home/user/.m2/repository/org/springframework/spring-jdbc/5.1.3.RELEASE/spring-jdbc-5.1.3.RELEASE.jar:/home/user/.m2/repository/org/springframework/spring-beans/5.1.3.RELEASE/spring-beans-5.1.3.RELEASE.jar:/home/user/.m2/repository/org/springframework/spring-core/5.1.3.RELEASE/spring-core-5.1.3.RELEASE.jar:/home/user/.m2/repository/org/springframework/spring-jcl/5.1.3.RELEASE/spring-jcl-5.1.3.RELEASE.jar:/home/user/.m2/repository/org/springframework/spring-tx/5.1.3.RELEASE/spring-tx-5.1.3.RELEASE.jar:/home/user/.m2/repository/org/mockito/mockito-all/1.10.19/mockito-all-1.10.19.jar:/home/user/.m2/repository/junit/junit/4.11/junit-4.11.jar:/home/user/.m2/repository/org/hamcrest/hamcrest-core/1.3/hamcrest-core-1.3.jar:/home/user/.m2/repository/org/apache/hadoop/hadoop-distcp/3.2.0/hadoop-distcp-3.2.0.jar:/home/user/.m2/repository/org/apache/hadoop/hadoop-distcp/3.2.0/hadoop-distcp-3.2.0-tests.jar:/home/user/.m2/repository/org/apache/hadoop/hadoop-mapreduce-client-jobclient/3.2.0/hadoop-mapreduce-client-jobclient-3.2.0.jar:/home/user/.m2/repository/org/apache/hadoop/hadoop-mapreduce-client-common/3.2.0/hadoop-mapreduce-client-common-3.2.0.jar:/home/user/.m2/repository/org/apache/hadoop/hadoop-yarn-common/3.2.0/hadoop-yarn-common-3.2.0.jar:/home/user/.m2/repository/org/apache/hadoop/hadoop-yarn-api/3.2.0/hadoop-yarn-api-3.2.0.jar:/home/user/.m2/repository/com/sun/jersey/jersey-client/1.19/jersey-client-1.19.jar:/home/user/.m2/repository/com/sun/jersey/contribs/jersey-guice/1.19/jersey-guice-1.19.jar:/home/user/.m2/repository/com/fasterxml/jackson/jaxrs/jackson-jaxrs-json-provider/2.9.5/jackson-jaxrs-json-provider-2.9.5.jar:/home/user/.m2/repository/com/fasterxml/jackson/jaxrs/jackson-jaxrs-base/2.9.5/jackson-jaxrs-base-2.9.5.jar:/home/user/.m2/repository/org/apache/hadoop/hadoop-yarn-client/3.2.0/hadoop-yarn-client-3.2.0.jar:/home/user/.m2/repository/org/apache/hadoop/hadoop-mapreduce-client-core/3.2.0/hadoop-mapreduce-client-core-3.2.0.jar:/home/user/.m2/repository/com/google/inject/extensions/guice-servlet/4.0/guice-servlet-4.0.jar:/home/user/.m2/repository/org/powermock/powermock-module-junit4/1.6.5/powermock-module-junit4-1.6.5.jar:/home/user/.m2/repository/org/powermock/powermock-module-junit4-common/1.6.5/powermock-module-junit4-common-1.6.5.jar:/home/user/.m2/repository/org/powermock/powermock-core/1.6.5/powermock-core-1.6.5.jar:/home/user/.m2/repository/org/powermock/powermock-reflect/1.6.5/powermock-reflect-1.6.5.jar:/home/user/.m2/repository/org/powermock/powermock-api-mockito/1.6.5/powermock-api-mockito-1.6.5.jar:/home/user/.m2/repository/org/mockito/mockito-core/1.10.19/mockito-core-1.10.19.jar:/home/user/.m2/repository/org/objenesis/objenesis/1.0/objenesis-1.0.jar:/home/user/.m2/repository/org/powermock/powermock-api-mockito-common/1.6.5/powermock-api-mockito-common-1.6.5.jar:/home/user/.m2/repository/org/powermock/powermock-api-support/1.6.5/powermock-api-support-1.6.5.jar:"/>
    <property name="java.vm.vendor" value="IcedTea"/>
    <property name="sun.arch.data.model" value="64"/>
    <property name="test.build.dir" value="/workdir/hadoop-ozone/ozonefs/target/test-dir"/>
    <property name="test.cache.data" value=""/>
    <property name="java.vendor.url" value="https://icedtea.classpath.org"/>
    <property name="user.timezone" value=""/>
    <property name="java.vm.specification.version" value="1.8"/>
    <property name="os.name" value="Linux"/>
    <property name="test.build.data" value="/workdir/hadoop-ozone/ozonefs/target/test-dir"/>
    <property name="user.country" value="US"/>
    <property name="sun.java.launcher" value="SUN_STANDARD"/>
    <property name="sun.boot.library.path" value="/usr/lib/jvm/java-1.8-openjdk/jre/lib/amd64"/>
    <property name="sun.java.command" value="/workdir/hadoop-ozone/ozonefs/target/surefire/surefirebooter6354691692703131084.jar /workdir/hadoop-ozone/ozonefs/target/surefire 2019-09-12T10-07-27_366-jvmRun1 surefire1497101277778747282tmp surefire_1088674275048764116962tmp"/>
    <property name="test" value="!TestMiniChaosOzoneCluster"/>
    <property name="surefire.test.class.path" value="/workdir/hadoop-ozone/ozonefs/target/test-classes:/workdir/hadoop-ozone/ozonefs/target/classes:/home/user/.m2/repository/org/apache/hadoop/hadoop-common/3.2.0/hadoop-common-3.2.0.jar:/home/user/.m2/repository/org/apache/hadoop/hadoop-annotations/3.2.0/hadoop-annotations-3.2.0.jar:/usr/lib/jvm/java-1.8-openjdk/jre/../lib/tools.jar:/home/user/.m2/repository/com/google/guava/guava/11.0.2/guava-11.0.2.jar:/home/user/.m2/repository/commons-cli/commons-cli/1.2/commons-cli-1.2.jar:/home/user/.m2/repository/org/apache/commons/commons-math3/3.1.1/commons-math3-3.1.1.jar:/home/user/.m2/repository/org/apache/httpcomponents/httpclient/4.5.2/httpclient-4.5.2.jar:/home/user/.m2/repository/org/apache/httpcomponents/httpcore/4.4.4/httpcore-4.4.4.jar:/home/user/.m2/repository/commons-codec/commons-codec/1.11/commons-codec-1.11.jar:/home/user/.m2/repository/commons-io/commons-io/2.5/commons-io-2.5.jar:/home/user/.m2/repository/commons-net/commons-net/3.6/commons-net-3.6.jar:/home/user/.m2/repository/commons-collections/commons-collections/3.2.2/commons-collections-3.2.2.jar:/home/user/.m2/repository/javax/servlet/javax.servlet-api/3.1.0/javax.servlet-api-3.1.0.jar:/home/user/.m2/repository/org/eclipse/jetty/jetty-server/9.3.24.v20180605/jetty-server-9.3.24.v20180605.jar:/home/user/.m2/repository/org/eclipse/jetty/jetty-http/9.3.24.v20180605/jetty-http-9.3.24.v20180605.jar:/home/user/.m2/repository/org/eclipse/jetty/jetty-io/9.3.24.v20180605/jetty-io-9.3.24.v20180605.jar:/home/user/.m2/repository/org/eclipse/jetty/jetty-util/9.3.24.v20180605/jetty-util-9.3.24.v20180605.jar:/home/user/.m2/repository/org/eclipse/jetty/jetty-servlet/9.3.24.v20180605/jetty-servlet-9.3.24.v20180605.jar:/home/user/.m2/repository/org/eclipse/jetty/jetty-security/9.3.24.v20180605/jetty-security-9.3.24.v20180605.jar:/home/user/.m2/repository/org/eclipse/jetty/jetty-webapp/9.3.24.v20180605/jetty-webapp-9.3.24.v20180605.jar:/home/user/.m2/repository/org/eclipse/jetty/jetty-xml/9.3.24.v20180605/jetty-xml-9.3.24.v20180605.jar:/home/user/.m2/repository/javax/servlet/jsp/jsp-api/2.1/jsp-api-2.1.jar:/home/user/.m2/repository/com/sun/jersey/jersey-core/1.19/jersey-core-1.19.jar:/home/user/.m2/repository/javax/ws/rs/jsr311-api/1.1.1/jsr311-api-1.1.1.jar:/home/user/.m2/repository/com/sun/jersey/jersey-servlet/1.19/jersey-servlet-1.19.jar:/home/user/.m2/repository/com/sun/jersey/jersey-json/1.19/jersey-json-1.19.jar:/home/user/.m2/repository/org/codehaus/jettison/jettison/1.1/jettison-1.1.jar:/home/user/.m2/repository/com/sun/xml/bind/jaxb-impl/2.3.0.1/jaxb-impl-2.3.0.1.jar:/home/user/.m2/repository/org/codehaus/jackson/jackson-core-asl/1.9.13/jackson-core-asl-1.9.13.jar:/home/user/.m2/repository/org/codehaus/jackson/jackson-mapper-asl/1.9.13/jackson-mapper-asl-1.9.13.jar:/home/user/.m2/repository/org/codehaus/jackson/jackson-jaxrs/1.9.13/jackson-jaxrs-1.9.13.jar:/home/user/.m2/repository/org/codehaus/jackson/jackson-xc/1.9.13/jackson-xc-1.9.13.jar:/home/user/.m2/repository/com/sun/jersey/jersey-server/1.19/jersey-server-1.19.jar:/home/user/.m2/repository/commons-logging/commons-logging/1.1.3/commons-logging-1.1.3.jar:/home/user/.m2/repository/log4j/log4j/1.2.17/log4j-1.2.17.jar:/home/user/.m2/repository/commons-beanutils/commons-beanutils/1.9.3/commons-beanutils-1.9.3.jar:/home/user/.m2/repository/org/apache/commons/commons-configuration2/2.1.1/commons-configuration2-2.1.1.jar:/home/user/.m2/repository/org/apache/commons/commons-lang3/3.7/commons-lang3-3.7.jar:/home/user/.m2/repository/org/apache/commons/commons-text/1.4/commons-text-1.4.jar:/home/user/.m2/repository/org/slf4j/slf4j-api/1.7.25/slf4j-api-1.7.25.jar:/home/user/.m2/repository/org/slf4j/slf4j-log4j12/1.7.25/slf4j-log4j12-1.7.25.jar:/home/user/.m2/repository/org/apache/avro/avro/1.7.7/avro-1.7.7.jar:/home/user/.m2/repository/com/thoughtworks/paranamer/paranamer/2.3/paranamer-2.3.jar:/home/user/.m2/repository/org/xerial/snappy/snappy-java/1.0.5/snappy-java-1.0.5.jar:/home/user/.m2/repository/com/google/re2j/re2j/1.1/re2j-1.1.jar:/home/user/.m2/repository/com/google/protobuf/protobuf-java/2.5.0/protobuf-java-2.5.0.jar:/home/user/.m2/repository/com/google/code/gson/gson/2.2.4/gson-2.2.4.jar:/home/user/.m2/repository/org/apache/hadoop/hadoop-auth/3.2.0/hadoop-auth-3.2.0.jar:/home/user/.m2/repository/com/nimbusds/nimbus-jose-jwt/4.41.1/nimbus-jose-jwt-4.41.1.jar:/home/user/.m2/repository/com/github/stephenc/jcip/jcip-annotations/1.0-1/jcip-annotations-1.0-1.jar:/home/user/.m2/repository/net/minidev/json-smart/2.3/json-smart-2.3.jar:/home/user/.m2/repository/net/minidev/accessors-smart/1.2/accessors-smart-1.2.jar:/home/user/.m2/repository/org/apache/curator/curator-framework/2.12.0/curator-framework-2.12.0.jar:/home/user/.m2/repository/com/jcraft/jsch/0.1.54/jsch-0.1.54.jar:/home/user/.m2/repository/org/apache/curator/curator-client/2.12.0/curator-client-2.12.0.jar:/home/user/.m2/repository/org/apache/curator/curator-recipes/2.12.0/curator-recipes-2.12.0.jar:/home/user/.m2/repository/com/google/code/findbugs/jsr305/3.0.0/jsr305-3.0.0.jar:/home/user/.m2/repository/org/apache/htrace/htrace-core4/4.1.0-incubating/htrace-core4-4.1.0-incubating.jar:/home/user/.m2/repository/org/apache/zookeeper/zookeeper/3.4.13/zookeeper-3.4.13.jar:/home/user/.m2/repository/org/apache/yetus/audience-annotations/0.5.0/audience-annotations-0.5.0.jar:/home/user/.m2/repository/org/apache/commons/commons-compress/1.4.1/commons-compress-1.4.1.jar:/home/user/.m2/repository/org/tukaani/xz/1.0/xz-1.0.jar:/home/user/.m2/repository/org/apache/kerby/kerb-simplekdc/1.0.1/kerb-simplekdc-1.0.1.jar:/home/user/.m2/repository/org/apache/kerby/kerb-client/1.0.1/kerb-client-1.0.1.jar:/home/user/.m2/repository/org/apache/kerby/kerby-config/1.0.1/kerby-config-1.0.1.jar:/home/user/.m2/repository/org/apache/kerby/kerb-core/1.0.1/kerb-core-1.0.1.jar:/home/user/.m2/repository/org/apache/kerby/kerby-pkix/1.0.1/kerby-pkix-1.0.1.jar:/home/user/.m2/repository/org/apache/kerby/kerby-asn1/1.0.1/kerby-asn1-1.0.1.jar:/home/user/.m2/repository/org/apache/kerby/kerby-util/1.0.1/kerby-util-1.0.1.jar:/home/user/.m2/repository/org/apache/kerby/kerb-common/1.0.1/kerb-common-1.0.1.jar:/home/user/.m2/repository/org/apache/kerby/kerb-crypto/1.0.1/kerb-crypto-1.0.1.jar:/home/user/.m2/repository/org/apache/kerby/kerb-util/1.0.1/kerb-util-1.0.1.jar:/home/user/.m2/repository/org/apache/kerby/token-provider/1.0.1/token-provider-1.0.1.jar:/home/user/.m2/repository/org/apache/kerby/kerb-admin/1.0.1/kerb-admin-1.0.1.jar:/home/user/.m2/repository/org/apache/kerby/kerb-server/1.0.1/kerb-server-1.0.1.jar:/home/user/.m2/repository/org/apache/kerby/kerb-identity/1.0.1/kerb-identity-1.0.1.jar:/home/user/.m2/repository/org/apache/kerby/kerby-xdr/1.0.1/kerby-xdr-1.0.1.jar:/home/user/.m2/repository/com/fasterxml/jackson/core/jackson-databind/2.9.5/jackson-databind-2.9.5.jar:/home/user/.m2/repository/com/fasterxml/jackson/core/jackson-annotations/2.9.5/jackson-annotations-2.9.5.jar:/home/user/.m2/repository/com/fasterxml/jackson/core/jackson-core/2.9.5/jackson-core-2.9.5.jar:/home/user/.m2/repository/org/codehaus/woodstox/stax2-api/3.1.4/stax2-api-3.1.4.jar:/home/user/.m2/repository/com/fasterxml/woodstox/woodstox-core/5.0.3/woodstox-core-5.0.3.jar:/home/user/.m2/repository/dnsjava/dnsjava/2.1.7/dnsjava-2.1.7.jar:/home/user/.m2/repository/org/apache/hadoop/hadoop-hdfs/3.2.0/hadoop-hdfs-3.2.0.jar:/home/user/.m2/repository/org/eclipse/jetty/jetty-util-ajax/9.3.24.v20180605/jetty-util-ajax-9.3.24.v20180605.jar:/home/user/.m2/repository/commons-daemon/commons-daemon/1.0.13/commons-daemon-1.0.13.jar:/home/user/.m2/repository/io/netty/netty/3.10.5.Final/netty-3.10.5.Final.jar:/home/user/.m2/repository/io/netty/netty-all/4.0.52.Final/netty-all-4.0.52.Final.jar:/home/user/.m2/repository/org/fusesource/leveldbjni/leveldbjni-all/1.8/leveldbjni-all-1.8.jar:/home/user/.m2/repository/org/apache/hadoop/hadoop-hdds-common/0.5.0-SNAPSHOT/hadoop-hdds-common-0.5.0-SNAPSHOT.jar:/home/user/.m2/repository/org/apache/hadoop/hadoop-hdds-config/0.5.0-SNAPSHOT/hadoop-hdds-config-0.5.0-SNAPSHOT.jar:/home/user/.m2/repository/javax/annotation/javax.annotation-api/1.2/javax.annotation-api-1.2.jar:/home/user/.m2/repository/org/apache/ratis/ratis-server/0.4.0-2337318-SNAPSHOT/ratis-server-0.4.0-2337318-SNAPSHOT.jar:/home/user/.m2/repository/org/apache/ratis/ratis-thirdparty-misc/0.2.0/ratis-thirdparty-misc-0.2.0.jar:/home/user/.m2/repository/org/apache/ratis/ratis-proto/0.4.0-2337318-SNAPSHOT/ratis-proto-0.4.0-2337318-SNAPSHOT.jar:/home/user/.m2/repository/org/apache/ratis/ratis-common/0.4.0-2337318-SNAPSHOT/ratis-common-0.4.0-2337318-SNAPSHOT.jar:/home/user/.m2/repository/org/apache/ratis/ratis-client/0.4.0-2337318-SNAPSHOT/ratis-client-0.4.0-2337318-SNAPSHOT.jar:/home/user/.m2/repository/org/apache/ratis/ratis-metrics/0.4.0-2337318-SNAPSHOT/ratis-metrics-0.4.0-2337318-SNAPSHOT.jar:/home/user/.m2/repository/org/apache/ratis/ratis-netty/0.4.0-2337318-SNAPSHOT/ratis-netty-0.4.0-2337318-SNAPSHOT.jar:/home/user/.m2/repository/org/apache/ratis/ratis-grpc/0.4.0-2337318-SNAPSHOT/ratis-grpc-0.4.0-2337318-SNAPSHOT.jar:/home/user/.m2/repository/org/rocksdb/rocksdbjni/6.0.1/rocksdbjni-6.0.1.jar:/home/user/.m2/repository/org/apache/logging/log4j/log4j-api/2.11.0/log4j-api-2.11.0.jar:/home/user/.m2/repository/org/apache/logging/log4j/log4j-core/2.11.0/log4j-core-2.11.0.jar:/home/user/.m2/repository/com/lmax/disruptor/3.4.2/disruptor-3.4.2.jar:/home/user/.m2/repository/org/apache/commons/commons-pool2/2.6.0/commons-pool2-2.6.0.jar:/home/user/.m2/repository/org/bouncycastle/bcpkix-jdk15on/1.60/bcpkix-jdk15on-1.60.jar:/home/user/.m2/repository/commons-validator/commons-validator/1.6/commons-validator-1.6.jar:/home/user/.m2/repository/commons-digester/commons-digester/1.8.1/commons-digester-1.8.1.jar:/home/user/.m2/repository/io/jaegertracing/jaeger-client/0.33.1/jaeger-client-0.33.1.jar:/home/user/.m2/repository/io/jaegertracing/jaeger-thrift/0.33.1/jaeger-thrift-0.33.1.jar:/home/user/.m2/repository/org/apache/thrift/libthrift/0.11.0/libthrift-0.11.0.jar:/home/user/.m2/repository/com/squareup/okhttp3/okhttp/3.9.0/okhttp-3.9.0.jar:/home/user/.m2/repository/com/squareup/okio/okio/1.13.0/okio-1.13.0.jar:/home/user/.m2/repository/io/jaegertracing/jaeger-core/0.33.1/jaeger-core-0.33.1.jar:/home/user/.m2/repository/io/jaegertracing/jaeger-tracerresolver/0.33.1/jaeger-tracerresolver-0.33.1.jar:/home/user/.m2/repository/io/opentracing/contrib/opentracing-tracerresolver/0.1.5/opentracing-tracerresolver-0.1.5.jar:/home/user/.m2/repository/io/opentracing/opentracing-util/0.31.0/opentracing-util-0.31.0.jar:/home/user/.m2/repository/io/opentracing/opentracing-api/0.31.0/opentracing-api-0.31.0.jar:/home/user/.m2/repository/io/opentracing/opentracing-noop/0.31.0/opentracing-noop-0.31.0.jar:/home/user/.m2/repository/org/yaml/snakeyaml/1.16/snakeyaml-1.16.jar:/home/user/.m2/repository/org/apache/hadoop/hadoop-hdfs-client/3.2.0/hadoop-hdfs-client-3.2.0.jar:/home/user/.m2/repository/info/picocli/picocli/3.9.6/picocli-3.9.6.jar:/home/user/.m2/repository/org/apache/hadoop/hadoop-hdds-server-scm/0.5.0-SNAPSHOT/hadoop-hdds-server-scm-0.5.0-SNAPSHOT.jar:/home/user/.m2/repository/org/apache/hadoop/hadoop-hdds-docs/0.5.0-SNAPSHOT/hadoop-hdds-docs-0.5.0-SNAPSHOT.jar:/home/user/.m2/repository/io/dropwizard/metrics/metrics-core/3.2.4/metrics-core-3.2.4.jar:/home/user/.m2/repository/org/hamcrest/hamcrest-all/1.3/hamcrest-all-1.3.jar:/home/user/.m2/repository/org/bouncycastle/bcprov-jdk15on/1.60/bcprov-jdk15on-1.60.jar:/home/user/.m2/repository/org/apache/hadoop/hadoop-hdds-server-framework/0.5.0-SNAPSHOT/hadoop-hdds-server-framework-0.5.0-SNAPSHOT.jar:/home/user/.m2/repository/org/apache/hadoop/hadoop-ozone-ozone-manager/0.5.0-SNAPSHOT/hadoop-ozone-ozone-manager-0.5.0-SNAPSHOT.jar:/home/user/.m2/repository/org/apache/hadoop/hadoop-hdds-container-service/0.5.0-SNAPSHOT/hadoop-hdds-container-service-0.5.0-SNAPSHOT.jar:/home/user/.m2/repository/org/apache/hadoop/hadoop-hdds-client/0.5.0-SNAPSHOT/hadoop-hdds-client-0.5.0-SNAPSHOT.jar:/home/user/.m2/repository/org/apache/hadoop/hadoop-ozone-common/0.5.0-SNAPSHOT/hadoop-ozone-common-0.5.0-SNAPSHOT.jar:/home/user/.m2/repository/org/apache/hadoop/hadoop-hdds-tools/0.5.0-SNAPSHOT/hadoop-hdds-tools-0.5.0-SNAPSHOT.jar:/home/user/.m2/repository/org/xerial/sqlite-jdbc/3.25.2/sqlite-jdbc-3.25.2.jar:/home/user/.m2/repository/org/apache/hadoop/hadoop-ozone-objectstore-service/0.5.0-SNAPSHOT/hadoop-ozone-objectstore-service-0.5.0-SNAPSHOT.jar:/home/user/.m2/repository/com/google/code/findbugs/findbugs/3.0.1/findbugs-3.0.1.jar:/home/user/.m2/repository/net/jcip/jcip-annotations/1.0/jcip-annotations-1.0.jar:/home/user/.m2/repository/com/google/code/findbugs/bcel-findbugs/6.0/bcel-findbugs-6.0.jar:/home/user/.m2/repository/com/google/code/findbugs/jFormatString/2.0.1/jFormatString-2.0.1.jar:/home/user/.m2/repository/dom4j/dom4j/1.6.1/dom4j-1.6.1.jar:/home/user/.m2/repository/xml-apis/xml-apis/1.0.b2/xml-apis-1.0.b2.jar:/home/user/.m2/repository/org/ow2/asm/asm-debug-all/5.0.2/asm-debug-all-5.0.2.jar:/home/user/.m2/repository/org/ow2/asm/asm-commons/5.0.2/asm-commons-5.0.2.jar:/home/user/.m2/repository/org/ow2/asm/asm-tree/5.0.2/asm-tree-5.0.2.jar:/home/user/.m2/repository/org/ow2/asm/asm/5.0.4/asm-5.0.4.jar:/home/user/.m2/repository/commons-lang/commons-lang/2.6/commons-lang-2.6.jar:/home/user/.m2/repository/com/apple/AppleJavaExtensions/1.4/AppleJavaExtensions-1.4.jar:/home/user/.m2/repository/jaxen/jaxen/1.1.6/jaxen-1.1.6.jar:/home/user/.m2/repository/org/apache/hadoop/hadoop-common/3.2.0/hadoop-common-3.2.0-tests.jar:/home/user/.m2/repository/org/apache/hadoop/hadoop-ozone-client/0.5.0-SNAPSHOT/hadoop-ozone-client-0.5.0-SNAPSHOT.jar:/home/user/.m2/repository/org/apache/hadoop/hadoop-hdfs/3.2.0/hadoop-hdfs-3.2.0-tests.jar:/workdir/hadoop-ozone/integration-test/target/test-classes:/home/user/.m2/repository/org/apache/hadoop/hadoop-ozone-s3gateway/0.5.0-SNAPSHOT/hadoop-ozone-s3gateway-0.5.0-SNAPSHOT.jar:/home/user/.m2/repository/org/jboss/weld/servlet/weld-servlet/2.4.7.Final/weld-servlet-2.4.7.Final.jar:/home/user/.m2/repository/org/glassfish/jersey/containers/jersey-container-servlet-core/2.27/jersey-container-servlet-core-2.27.jar:/home/user/.m2/repository/org/glassfish/hk2/external/javax.inject/2.5.0-b42/javax.inject-2.5.0-b42.jar:/home/user/.m2/repository/org/glassfish/jersey/core/jersey-common/2.27/jersey-common-2.27.jar:/home/user/.m2/repository/org/glassfish/hk2/osgi-resource-locator/1.0.1/osgi-resource-locator-1.0.1.jar:/home/user/.m2/repository/javax/ws/rs/javax.ws.rs-api/2.1/javax.ws.rs-api-2.1.jar:/home/user/.m2/repository/org/glassfish/jersey/ext/cdi/jersey-cdi1x/2.27/jersey-cdi1x-2.27.jar:/home/user/.m2/repository/org/glassfish/jersey/inject/jersey-hk2/2.27/jersey-hk2-2.27.jar:/home/user/.m2/repository/org/glassfish/hk2/hk2-locator/2.5.0-b42/hk2-locator-2.5.0-b42.jar:/home/user/.m2/repository/org/javassist/javassist/3.22.0-CR2/javassist-3.22.0-CR2.jar:/home/user/.m2/repository/org/glassfish/hk2/hk2-api/2.5.0/hk2-api-2.5.0.jar:/home/user/.m2/repository/org/glassfish/hk2/external/jakarta.inject/2.5.0/jakarta.inject-2.5.0.jar:/home/user/.m2/repository/org/glassfish/hk2/hk2-utils/2.5.0/hk2-utils-2.5.0.jar:/home/user/.m2/repository/jakarta/annotation/jakarta.annotation-api/1.3.4/jakarta.annotation-api-1.3.4.jar:/home/user/.m2/repository/org/glassfish/hk2/external/aopalliance-repackaged/2.5.0/aopalliance-repackaged-2.5.0.jar:/home/user/.m2/repository/com/fasterxml/jackson/dataformat/jackson-dataformat-xml/2.9.0/jackson-dataformat-xml-2.9.0.jar:/home/user/.m2/repository/com/fasterxml/jackson/module/jackson-module-jaxb-annotations/2.9.5/jackson-module-jaxb-annotations-2.9.5.jar:/home/user/.m2/repository/javax/enterprise/cdi-api/1.2/cdi-api-1.2.jar:/home/user/.m2/repository/javax/el/javax.el-api/3.0.0/javax.el-api-3.0.0.jar:/home/user/.m2/repository/javax/interceptor/javax.interceptor-api/1.2/javax.interceptor-api-1.2.jar:/home/user/.m2/repository/javax/inject/javax.inject/1/javax.inject-1.jar:/home/user/.m2/repository/com/sun/xml/bind/jaxb-core/2.3.0.1/jaxb-core-2.3.0.1.jar:/home/user/.m2/repository/javax/xml/bind/jaxb-api/2.3.0/jaxb-api-2.3.0.jar:/home/user/.m2/repository/javax/activation/activation/1.1.1/activation-1.1.1.jar:/home/user/.m2/repository/org/apache/hadoop/hadoop-ozone-csi/0.5.0-SNAPSHOT/hadoop-ozone-csi-0.5.0-SNAPSHOT.jar:/home/user/.m2/repository/com/google/protobuf/protobuf-java-util/3.5.1/protobuf-java-util-3.5.1.jar:/home/user/.m2/repository/io/grpc/grpc-netty/1.17.1/grpc-netty-1.17.1.jar:/home/user/.m2/repository/io/grpc/grpc-core/1.17.1/grpc-core-1.17.1.jar:/home/user/.m2/repository/io/grpc/grpc-context/1.17.1/grpc-context-1.17.1.jar:/home/user/.m2/repository/com/google/errorprone/error_prone_annotations/2.2.0/error_prone_annotations-2.2.0.jar:/home/user/.m2/repository/org/codehaus/mojo/animal-sniffer-annotations/1.17/animal-sniffer-annotations-1.17.jar:/home/user/.m2/repository/io/opencensus/opencensus-api/0.17.0/opencensus-api-0.17.0.jar:/home/user/.m2/repository/io/opencensus/opencensus-contrib-grpc-metrics/0.17.0/opencensus-contrib-grpc-metrics-0.17.0.jar:/home/user/.m2/repository/io/netty/netty-codec-http2/4.1.30.Final/netty-codec-http2-4.1.30.Final.jar:/home/user/.m2/repository/io/netty/netty-codec-http/4.1.30.Final/netty-codec-http-4.1.30.Final.jar:/home/user/.m2/repository/io/netty/netty-codec/4.1.30.Final/netty-codec-4.1.30.Final.jar:/home/user/.m2/repository/io/netty/netty-handler/4.1.30.Final/netty-handler-4.1.30.Final.jar:/home/user/.m2/repository/io/netty/netty-handler-proxy/4.1.30.Final/netty-handler-proxy-4.1.30.Final.jar:/home/user/.m2/repository/io/netty/netty-codec-socks/4.1.30.Final/netty-codec-socks-4.1.30.Final.jar:/home/user/.m2/repository/io/netty/netty-transport-native-epoll/4.1.30.Final/netty-transport-native-epoll-4.1.30.Final.jar:/home/user/.m2/repository/io/netty/netty-common/4.1.30.Final/netty-common-4.1.30.Final.jar:/home/user/.m2/repository/io/netty/netty-buffer/4.1.30.Final/netty-buffer-4.1.30.Final.jar:/home/user/.m2/repository/io/netty/netty-transport/4.1.30.Final/netty-transport-4.1.30.Final.jar:/home/user/.m2/repository/io/netty/netty-resolver/4.1.30.Final/netty-resolver-4.1.30.Final.jar:/home/user/.m2/repository/io/netty/netty-transport-native-unix-common/4.1.30.Final/netty-transport-native-unix-common-4.1.30.Final.jar:/home/user/.m2/repository/io/grpc/grpc-protobuf/1.17.1/grpc-protobuf-1.17.1.jar:/home/user/.m2/repository/com/google/api/grpc/proto-google-common-protos/1.0.0/proto-google-common-protos-1.0.0.jar:/home/user/.m2/repository/io/grpc/grpc-protobuf-lite/1.17.1/grpc-protobuf-lite-1.17.1.jar:/home/user/.m2/repository/io/grpc/grpc-stub/1.17.1/grpc-stub-1.17.1.jar:/home/user/.m2/repository/org/apache/hadoop/hadoop-ozone-recon/0.5.0-SNAPSHOT/hadoop-ozone-recon-0.5.0-SNAPSHOT.jar:/home/user/.m2/repository/org/apache/hadoop/hadoop-ozone-reconcodegen/0.5.0-SNAPSHOT/hadoop-ozone-reconcodegen-0.5.0-SNAPSHOT.jar:/home/user/.m2/repository/com/google/inject/extensions/guice-multibindings/4.0/guice-multibindings-4.0.jar:/home/user/.m2/repository/com/google/inject/guice/4.0/guice-4.0.jar:/home/user/.m2/repository/aopalliance/aopalliance/1.0/aopalliance-1.0.jar:/home/user/.m2/repository/org/glassfish/jersey/containers/jersey-container-servlet/2.27/jersey-container-servlet-2.27.jar:/home/user/.m2/repository/org/glassfish/hk2/guice-bridge/2.5.0/guice-bridge-2.5.0.jar:/home/user/.m2/repository/org/glassfish/jersey/core/jersey-server/2.27/jersey-server-2.27.jar:/home/user/.m2/repository/org/glassfish/jersey/core/jersey-client/2.27/jersey-client-2.27.jar:/home/user/.m2/repository/org/glassfish/jersey/media/jersey-media-jaxb/2.27/jersey-media-jaxb-2.27.jar:/home/user/.m2/repository/javax/validation/validation-api/1.1.0.Final/validation-api-1.1.0.Final.jar:/home/user/.m2/repository/org/glassfish/jersey/media/jersey-media-json-jackson/2.27/jersey-media-json-jackson-2.27.jar:/home/user/.m2/repository/org/glassfish/jersey/ext/jersey-entity-filtering/2.27/jersey-entity-filtering-2.27.jar:/home/user/.m2/repository/com/google/inject/extensions/guice-assistedinject/4.0/guice-assistedinject-4.0.jar:/home/user/.m2/repository/org/jooq/jooq/3.11.10/jooq-3.11.10.jar:/home/user/.m2/repository/org/jooq/jooq-meta/3.11.10/jooq-meta-3.11.10.jar:/home/user/.m2/repository/org/jooq/jooq-codegen/3.11.10/jooq-codegen-3.11.10.jar:/home/user/.m2/repository/com/jolbox/bonecp/0.8.0.RELEASE/bonecp-0.8.0.RELEASE.jar:/home/user/.m2/repository/org/springframework/spring-jdbc/5.1.3.RELEASE/spring-jdbc-5.1.3.RELEASE.jar:/home/user/.m2/repository/org/springframework/spring-beans/5.1.3.RELEASE/spring-beans-5.1.3.RELEASE.jar:/home/user/.m2/repository/org/springframework/spring-core/5.1.3.RELEASE/spring-core-5.1.3.RELEASE.jar:/home/user/.m2/repository/org/springframework/spring-jcl/5.1.3.RELEASE/spring-jcl-5.1.3.RELEASE.jar:/home/user/.m2/repository/org/springframework/spring-tx/5.1.3.RELEASE/spring-tx-5.1.3.RELEASE.jar:/home/user/.m2/repository/org/mockito/mockito-all/1.10.19/mockito-all-1.10.19.jar:/home/user/.m2/repository/junit/junit/4.11/junit-4.11.jar:/home/user/.m2/repository/org/hamcrest/hamcrest-core/1.3/hamcrest-core-1.3.jar:/home/user/.m2/repository/org/apache/hadoop/hadoop-distcp/3.2.0/hadoop-distcp-3.2.0.jar:/home/user/.m2/repository/org/apache/hadoop/hadoop-distcp/3.2.0/hadoop-distcp-3.2.0-tests.jar:/home/user/.m2/repository/org/apache/hadoop/hadoop-mapreduce-client-jobclient/3.2.0/hadoop-mapreduce-client-jobclient-3.2.0.jar:/home/user/.m2/repository/org/apache/hadoop/hadoop-mapreduce-client-common/3.2.0/hadoop-mapreduce-client-common-3.2.0.jar:/home/user/.m2/repository/org/apache/hadoop/hadoop-yarn-common/3.2.0/hadoop-yarn-common-3.2.0.jar:/home/user/.m2/repository/org/apache/hadoop/hadoop-yarn-api/3.2.0/hadoop-yarn-api-3.2.0.jar:/home/user/.m2/repository/com/sun/jersey/jersey-client/1.19/jersey-client-1.19.jar:/home/user/.m2/repository/com/sun/jersey/contribs/jersey-guice/1.19/jersey-guice-1.19.jar:/home/user/.m2/repository/com/fasterxml/jackson/jaxrs/jackson-jaxrs-json-provider/2.9.5/jackson-jaxrs-json-provider-2.9.5.jar:/home/user/.m2/repository/com/fasterxml/jackson/jaxrs/jackson-jaxrs-base/2.9.5/jackson-jaxrs-base-2.9.5.jar:/home/user/.m2/repository/org/apache/hadoop/hadoop-yarn-client/3.2.0/hadoop-yarn-client-3.2.0.jar:/home/user/.m2/repository/org/apache/hadoop/hadoop-mapreduce-client-core/3.2.0/hadoop-mapreduce-client-core-3.2.0.jar:/home/user/.m2/repository/com/google/inject/extensions/guice-servlet/4.0/guice-servlet-4.0.jar:/home/user/.m2/repository/org/powermock/powermock-module-junit4/1.6.5/powermock-module-junit4-1.6.5.jar:/home/user/.m2/repository/org/powermock/powermock-module-junit4-common/1.6.5/powermock-module-junit4-common-1.6.5.jar:/home/user/.m2/repository/org/powermock/powermock-core/1.6.5/powermock-core-1.6.5.jar:/home/user/.m2/repository/org/powermock/powermock-reflect/1.6.5/powermock-reflect-1.6.5.jar:/home/user/.m2/repository/org/powermock/powermock-api-mockito/1.6.5/powermock-api-mockito-1.6.5.jar:/home/user/.m2/repository/org/mockito/mockito-core/1.10.19/mockito-core-1.10.19.jar:/home/user/.m2/repository/org/objenesis/objenesis/1.0/objenesis-1.0.jar:/home/user/.m2/repository/org/powermock/powermock-api-mockito-common/1.6.5/powermock-api-mockito-common-1.6.5.jar:/home/user/.m2/repository/org/powermock/powermock-api-support/1.6.5/powermock-api-support-1.6.5.jar:"/>
    <property name="sun.cpu.endian" value="little"/>
    <property name="user.home" value="/home/user"/>
    <property name="user.language" value="en"/>
    <property name="java.specification.vendor" value="Oracle Corporation"/>
    <property name="java.home" value="/usr/lib/jvm/java-1.8-openjdk/jre"/>
    <property name="java.security.krb5.conf" value="/workdir/hadoop-ozone/ozonefs/target/test-classes/krb5.conf"/>
    <property name="basedir" value="/workdir/hadoop-ozone/ozonefs"/>
    <property name="file.separator" value="/"/>
    <property name="line.separator" value="&#10;"/>
    <property name="java.vm.specification.vendor" value="Oracle Corporation"/>
    <property name="java.specification.name" value="Java Platform API Specification"/>
    <property name="java.awt.graphicsenv" value="sun.awt.X11GraphicsEnvironment"/>
    <property name="surefire.real.class.path" value="/workdir/hadoop-ozone/ozonefs/target/surefire/surefirebooter6354691692703131084.jar"/>
    <property name="hadoop.log.dir" value="/workdir/hadoop-ozone/ozonefs/target/log"/>
    <property name="sun.boot.class.path" value="/usr/lib/jvm/java-1.8-openjdk/jre/lib/resources.jar:/usr/lib/jvm/java-1.8-openjdk/jre/lib/rt.jar:/usr/lib/jvm/java-1.8-openjdk/jre/lib/sunrsasign.jar:/usr/lib/jvm/java-1.8-openjdk/jre/lib/jsse.jar:/usr/lib/jvm/java-1.8-openjdk/jre/lib/jce.jar:/usr/lib/jvm/java-1.8-openjdk/jre/lib/charsets.jar:/usr/lib/jvm/java-1.8-openjdk/jre/lib/jfr.jar:/usr/lib/jvm/java-1.8-openjdk/jre/classes"/>
    <property name="sun.management.compiler" value="HotSpot 64-Bit Tiered Compilers"/>
    <property name="java.runtime.version" value="1.8.0_212-b04"/>
    <property name="java.net.preferIPv4Stack" value="true"/>
    <property name="user.name" value="jenkins1000"/>
    <property name="path.separator" value=":"/>
    <property name="java.security.egd" value="file:///dev/urandom"/>
    <property name="os.version" value="3.10.0-957.12.2.el7.x86_64"/>
    <property name="java.endorsed.dirs" value="/usr/lib/jvm/java-1.8-openjdk/jre/lib/endorsed"/>
    <property name="java.runtime.name" value="OpenJDK Runtime Environment"/>
    <property name="file.encoding" value="UTF-8"/>
    <property name="java.vm.name" value="OpenJDK 64-Bit Server VM"/>
    <property name="test.build.webapps" value=""/>
    <property name="localRepository" value="/home/user/.m2/repository"/>
    <property name="java.vendor.url.bug" value="https://icedtea.classpath.org/bugzilla"/>
    <property name="java.io.tmpdir" value="/tmp"/>
    <property name="require.test.libhadoop" value=""/>
    <property name="java.version" value="1.8.0_212"/>
    <property name="user.dir" value="/workdir/hadoop-ozone/ozonefs"/>
    <property name="os.arch" value="amd64"/>
    <property name="java.vm.specification.name" value="Java Virtual Machine Specification"/>
    <property name="test.build.classes" value="/workdir/hadoop-ozone/ozonefs/target/test-classes"/>
    <property name="java.awt.printerjob" value="sun.print.PSPrinterJob"/>
    <property name="sun.os.patch.level" value="unknown"/>
    <property name="hadoop.tmp.dir" value="/workdir/hadoop-ozone/ozonefs/target/tmp"/>
    <property name="java.library.path" value="/usr/lib/jvm/java-1.8-openjdk/jre/lib/amd64/server:/usr/lib/jvm/java-1.8-openjdk/jre/lib/amd64:/usr/lib/jvm/java-1.8-openjdk/jre/../lib/amd64:/workdir/hadoop-ozone/ozonefs/target/native/target/usr/local/lib:/workdir/hadoop-ozone/ozonefs/../../hadoop-common-project/hadoop-common/target/native/target/usr/local/lib:/usr/java/packages/lib/amd64:/usr/lib64:/lib64:/lib:/usr/lib"/>
    <property name="java.vm.info" value="mixed mode"/>
    <property name="java.vendor" value="IcedTea"/>
    <property name="java.vm.version" value="25.212-b04"/>
    <property name="java.ext.dirs" value="/usr/lib/jvm/java-1.8-openjdk/jre/lib/ext:/usr/java/packages/lib/ext"/>
    <property name="sun.io.unicode.encoding" value="UnicodeLittle"/>
    <property name="java.class.version" value="52.0"/>
  </properties>
  <testcase name="testRenameWithNonEmptySubDir" classname="org.apache.hadoop.fs.ozone.contract.ITestOzoneContractRename" time="2.102">
    <error message="Allocated 0 blocks. Requested 1 blocks" type="INTERNAL_ERROR org.apache.hadoop.ozone.om.exceptions.OMException">INTERNAL_ERROR org.apache.hadoop.ozone.om.exceptions.OMException: Allocated 0 blocks. Requested 1 blocks
	at org.apache.hadoop.ozone.om.protocolPB.OzoneManagerProtocolClientSideTranslatorPB.handleError(OzoneManagerProtocolClientSideTranslatorPB.java:725)
	at org.apache.hadoop.ozone.om.protocolPB.OzoneManagerProtocolClientSideTranslatorPB.createFile(OzoneManagerProtocolClientSideTranslatorPB.java:1474)
	at org.apache.hadoop.ozone.client.rpc.RpcClient.createFile(RpcClient.java:984)
	at org.apache.hadoop.ozone.client.OzoneBucket.createFile(OzoneBucket.java:535)
	at org.apache.hadoop.fs.ozone.BasicOzoneClientAdapterImpl.createFile(BasicOzoneClientAdapterImpl.java:181)
	at org.apache.hadoop.fs.ozone.BasicOzoneFileSystem.createOutputStream(BasicOzoneFileSystem.java:249)
	at org.apache.hadoop.fs.ozone.BasicOzoneFileSystem.create(BasicOzoneFileSystem.java:230)
	at org.apache.hadoop.fs.FileSystem.create(FileSystem.java:1118)
	at org.apache.hadoop.fs.FileSystem.create(FileSystem.java:1098)
	at org.apache.hadoop.fs.FileSystem.create(FileSystem.java:987)
	at org.apache.hadoop.fs.contract.ContractTestUtils.createFile(ContractTestUtils.java:633)
	at org.apache.hadoop.fs.contract.ContractTestUtils.writeTextFile(ContractTestUtils.java:617)
	at org.apache.hadoop.fs.contract.AbstractContractRenameTest.testRenameWithNonEmptySubDir(AbstractContractRenameTest.java:197)
	at sun.reflect.NativeMethodAccessorImpl.invoke0(Native Method)
	at sun.reflect.NativeMethodAccessorImpl.invoke(NativeMethodAccessorImpl.java:62)
	at sun.reflect.DelegatingMethodAccessorImpl.invoke(DelegatingMethodAccessorImpl.java:43)
	at java.lang.reflect.Method.invoke(Method.java:498)
	at org.junit.runners.model.FrameworkMethod$1.runReflectiveCall(FrameworkMethod.java:47)
	at org.junit.internal.runners.model.ReflectiveCallable.run(ReflectiveCallable.java:12)
	at org.junit.runners.model.FrameworkMethod.invokeExplosively(FrameworkMethod.java:44)
	at org.junit.internal.runners.statements.InvokeMethod.evaluate(InvokeMethod.java:17)
	at org.junit.internal.runners.statements.RunBefores.evaluate(RunBefores.java:26)
	at org.junit.internal.runners.statements.RunAfters.evaluate(RunAfters.java:27)
	at org.junit.rules.TestWatcher$1.evaluate(TestWatcher.java:55)
	at org.junit.internal.runners.statements.FailOnTimeout$StatementThread.run(FailOnTimeout.java:74)
</error>
    <system-out><![CDATA[2019-09-12 11:39:40,500 [JUnit] WARN  server.ServerUtils (ServerUtils.java:getScmDbDir(145)) - ozone.scm.db.dirs is not configured. We recommend adding this setting. Falling back to ozone.metadata.dirs instead.
2019-09-12 11:39:40,624 [JUnit] WARN  server.ServerUtils (ServerUtils.java:getScmDbDir(145)) - ozone.scm.db.dirs is not configured. We recommend adding this setting. Falling back to ozone.metadata.dirs instead.
2019-09-12 11:39:40,628 [JUnit] WARN  server.ServerUtils (ServerUtils.java:getScmDbDir(145)) - ozone.scm.db.dirs is not configured. We recommend adding this setting. Falling back to ozone.metadata.dirs instead.
2019-09-12 11:39:40,647 [JUnit] INFO  util.log (Log.java:initialized(192)) - Logging initialized @906ms
2019-09-12 11:39:40,762 [JUnit] INFO  db.DBStoreBuilder (DBStoreBuilder.java:addTable(110)) - using custom profile for table: deletedBlocks
2019-09-12 11:39:40,763 [JUnit] INFO  db.DBStoreBuilder (DBStoreBuilder.java:processTables(161)) - Using default column profile:DBProfile.DISK for Table:deletedBlocks
2019-09-12 11:39:40,763 [JUnit] INFO  db.DBStoreBuilder (DBStoreBuilder.java:addTable(110)) - using custom profile for table: validCerts
2019-09-12 11:39:40,764 [JUnit] INFO  db.DBStoreBuilder (DBStoreBuilder.java:processTables(161)) - Using default column profile:DBProfile.DISK for Table:validCerts
2019-09-12 11:39:40,764 [JUnit] INFO  db.DBStoreBuilder (DBStoreBuilder.java:addTable(110)) - using custom profile for table: revokedCerts
2019-09-12 11:39:40,764 [JUnit] INFO  db.DBStoreBuilder (DBStoreBuilder.java:processTables(161)) - Using default column profile:DBProfile.DISK for Table:revokedCerts
2019-09-12 11:39:40,777 [JUnit] INFO  db.DBStoreBuilder (DBStoreBuilder.java:addTable(110)) - using custom profile for table: default
2019-09-12 11:39:40,777 [JUnit] INFO  db.DBStoreBuilder (DBStoreBuilder.java:processTables(167)) - Using default column profile:DBProfile.DISK for Table:default
2019-09-12 11:39:40,780 [JUnit] INFO  db.DBStoreBuilder (DBStoreBuilder.java:getDbProfile(198)) - Using default options. DBProfile.DISK
2019-09-12 11:39:40,964 [JUnit] INFO  net.NodeSchemaLoader (NodeSchemaLoader.java:loadSchemaFromFile(125)) - Loading file from sun.misc.CompoundEnumeration@4466af20
2019-09-12 11:39:40,966 [JUnit] INFO  net.NodeSchemaLoader (NodeSchemaLoader.java:loadSchema(171)) - Loading network topology layer schema file
2019-09-12 11:39:41,064 [JUnit] WARN  server.ServerUtils (ServerUtils.java:sanitizeUserArgs(70)) - ozone.scm.stale.node.interval value = 300000 is larger than max = 100000 based on the key value of ozone.scm.heartbeat.thread.interval, reset to the max value 100000.
2019-09-12 11:39:41,067 [JUnit] WARN  server.ServerUtils (ServerUtils.java:sanitizeUserArgs(70)) - ozone.scm.stale.node.interval value = 300000 is larger than max = 100000 based on the key value of ozone.scm.heartbeat.thread.interval, reset to the max value 100000.
2019-09-12 11:39:41,070 [JUnit] INFO  node.SCMNodeManager (SCMNodeManager.java:<init>(121)) - Entering startup safe mode.
2019-09-12 11:39:41,234 [JUnit] INFO  algorithms.ContainerPlacementPolicyFactory (ContainerPlacementPolicyFactory.java:getPolicy(56)) - Create container placement policy of type org.apache.hadoop.hdds.scm.container.placement.algorithms.SCMContainerPlacementRandom
2019-09-12 11:39:41,251 [JUnit] WARN  server.ServerUtils (ServerUtils.java:getScmDbDir(145)) - ozone.scm.db.dirs is not configured. We recommend adding this setting. Falling back to ozone.metadata.dirs instead.
2019-09-12 11:39:41,342 [JUnit] INFO  pipeline.SCMPipelineManager (SCMPipelineManager.java:initializePipelineState(126)) - No pipeline exists in current db
2019-09-12 11:39:41,347 [JUnit] WARN  server.ServerUtils (ServerUtils.java:getScmDbDir(145)) - ozone.scm.db.dirs is not configured. We recommend adding this setting. Falling back to ozone.metadata.dirs instead.
2019-09-12 11:39:41,476 [JUnit] WARN  events.EventQueue (EventQueue.java:fireEvent(175)) - No event handler registered for event TypedEvent{payloadType=SafeModeStatus, name='SafeModeStatus'}
2019-09-12 11:39:42,375 [JUnit] INFO  ipc.CallQueueManager (CallQueueManager.java:<init>(84)) - Using callQueue: class java.util.concurrent.LinkedBlockingQueue, queueCapacity: 2000, scheduler: class org.apache.hadoop.ipc.DefaultRpcScheduler, ipcBackoff: false.
2019-09-12 11:39:42,408 [Socket Reader #1 for port 40877] INFO  ipc.Server (Server.java:run(1074)) - Starting Socket Reader #1 for port 40877
2019-09-12 11:39:42,433 [JUnit] INFO  ipc.CallQueueManager (CallQueueManager.java:<init>(84)) - Using callQueue: class java.util.concurrent.LinkedBlockingQueue, queueCapacity: 2000, scheduler: class org.apache.hadoop.ipc.DefaultRpcScheduler, ipcBackoff: false.
2019-09-12 11:39:42,434 [Socket Reader #1 for port 40526] INFO  ipc.Server (Server.java:run(1074)) - Starting Socket Reader #1 for port 40526
2019-09-12 11:39:42,442 [JUnit] INFO  ipc.CallQueueManager (CallQueueManager.java:<init>(84)) - Using callQueue: class java.util.concurrent.LinkedBlockingQueue, queueCapacity: 2000, scheduler: class org.apache.hadoop.ipc.DefaultRpcScheduler, ipcBackoff: false.
2019-09-12 11:39:42,443 [Socket Reader #1 for port 39226] INFO  ipc.Server (Server.java:run(1074)) - Starting Socket Reader #1 for port 39226
2019-09-12 11:39:42,465 [JUnit] INFO  hdfs.DFSUtil (DFSUtil.java:httpServerTemplateForNNAndJN(1641)) - Starting Web-server for scm at: http://0.0.0.0:0
2019-09-12 11:39:42,620 [JUnit] INFO  server.AuthenticationFilter (AuthenticationFilter.java:constructSecretProvider(240)) - Unable to initialize FileSignerSecretProvider, falling back to use random secrets.
2019-09-12 11:39:42,636 [JUnit] WARN  http.HttpRequestLog (HttpRequestLog.java:getRequestLog(97)) - Jetty request log can only be enabled using Log4j
2019-09-12 11:39:42,647 [JUnit] INFO  http.HttpServer2 (HttpServer2.java:addGlobalFilter(975)) - Added global filter 'safety' (class=org.apache.hadoop.http.HttpServer2$QuotingInputFilter)
2019-09-12 11:39:42,649 [JUnit] INFO  http.HttpServer2 (HttpServer2.java:addFilter(948)) - Added filter static_user_filter (class=org.apache.hadoop.http.lib.StaticUserWebFilter$StaticUserFilter) to context scm
2019-09-12 11:39:42,650 [JUnit] INFO  http.HttpServer2 (HttpServer2.java:addFilter(958)) - Added filter static_user_filter (class=org.apache.hadoop.http.lib.StaticUserWebFilter$StaticUserFilter) to context static
2019-09-12 11:39:42,650 [JUnit] INFO  http.HttpServer2 (HttpServer2.java:addFilter(958)) - Added filter static_user_filter (class=org.apache.hadoop.http.lib.StaticUserWebFilter$StaticUserFilter) to context logs
2019-09-12 11:39:42,675 [JUnit] INFO  server.StorageContainerManager (StorageContainerManager.java:start(759)) - StorageContainerLocationProtocol RPC server is listening at /0.0.0.0:39226
2019-09-12 11:39:42,729 [JUnit] WARN  impl.MetricsConfig (MetricsConfig.java:loadFirst(134)) - Cannot locate configuration: tried hadoop-metrics2-storagecontainermanager.properties,hadoop-metrics2.properties
2019-09-12 11:39:42,744 [JUnit] INFO  impl.MetricsSystemImpl (MetricsSystemImpl.java:startTimer(374)) - Scheduled Metric snapshot period at 10 second(s).
2019-09-12 11:39:42,744 [JUnit] INFO  impl.MetricsSystemImpl (MetricsSystemImpl.java:start(191)) - StorageContainerManager metrics system started
2019-09-12 11:39:42,996 [JUnit] INFO  server.SCMClientProtocolServer (SCMClientProtocolServer.java:start(151)) - RPC server for Client  is listening at /0.0.0.0:39226
2019-09-12 11:39:42,996 [IPC Server Responder] INFO  ipc.Server (Server.java:run(1314)) - IPC Server Responder: starting
2019-09-12 11:39:42,996 [IPC Server listener on 39226] INFO  ipc.Server (Server.java:run(1153)) - IPC Server listener on 39226: starting
2019-09-12 11:39:42,999 [JUnit] INFO  server.StorageContainerManager (StorageContainerManager.java:start(769)) - ScmBlockLocationProtocol RPC server is listening at /0.0.0.0:40526
2019-09-12 11:39:42,999 [JUnit] INFO  server.SCMBlockProtocolServer (SCMBlockProtocolServer.java:start(140)) - RPC server for Block Protocol is listening at /0.0.0.0:40526
2019-09-12 11:39:43,000 [IPC Server Responder] INFO  ipc.Server (Server.java:run(1314)) - IPC Server Responder: starting
2019-09-12 11:39:43,000 [IPC Server listener on 40526] INFO  ipc.Server (Server.java:run(1153)) - IPC Server listener on 40526: starting
2019-09-12 11:39:43,002 [JUnit] INFO  server.StorageContainerManager (StorageContainerManager.java:start(773)) - ScmDatanodeProtocl RPC server is listening at /0.0.0.0:40877
2019-09-12 11:39:43,003 [JUnit] INFO  server.SCMDatanodeProtocolServer (SCMDatanodeProtocolServer.java:start(191)) - RPC server for DataNodes is listening at /0.0.0.0:40877
2019-09-12 11:39:43,003 [IPC Server Responder] INFO  ipc.Server (Server.java:run(1314)) - IPC Server Responder: starting
2019-09-12 11:39:43,003 [IPC Server listener on 40877] INFO  ipc.Server (Server.java:run(1153)) - IPC Server listener on 40877: starting
2019-09-12 11:39:43,007 [JUnit] INFO  http.HttpServer2 (HttpServer2.java:bindListener(1191)) - Jetty bound to port 35031
2019-09-12 11:39:43,009 [JUnit] INFO  server.Server (Server.java:doStart(351)) - jetty-9.3.24.v20180605, build timestamp: 2018-06-05T17:11:56Z, git hash: 84205aa28f11a4f31f2a3b86d1bba2cc8ab69827
2019-09-12 11:39:43,044 [JUnit] INFO  handler.ContextHandler (ContextHandler.java:doStart(781)) - Started o.e.j.s.ServletContextHandler@52045dbe{/logs,file:///workdir/hadoop-ozone/ozonefs/target/log,AVAILABLE}
2019-09-12 11:39:43,045 [JUnit] INFO  handler.ContextHandler (ContextHandler.java:doStart(781)) - Started o.e.j.s.ServletContextHandler@26425897{/static,jar:file:/home/user/.m2/repository/org/apache/hadoop/hadoop-hdds-server-scm/0.5.0-SNAPSHOT/hadoop-hdds-server-scm-0.5.0-SNAPSHOT.jar!/webapps/static,AVAILABLE}
2019-09-12 11:39:43,115 [JUnit] INFO  handler.ContextHandler (ContextHandler.java:doStart(781)) - Started o.e.j.w.WebAppContext@588ab592{/,file:///tmp/jetty-0.0.0.0-35031-scm-_-any-8233021783324846130.dir/webapp/,AVAILABLE}{/scm}
2019-09-12 11:39:43,120 [JUnit] INFO  server.AbstractConnector (AbstractConnector.java:doStart(278)) - Started ServerConnector@7728643a{HTTP/1.1,[http/1.1]}{0.0.0.0:35031}
2019-09-12 11:39:43,121 [JUnit] INFO  server.Server (Server.java:doStart(419)) - Started @3379ms
2019-09-12 11:39:43,122 [JUnit] INFO  server.BaseHttpServer (BaseHttpServer.java:updateConnectorAddress(213)) - HTTP server of SCM is listening at http://0.0.0.0:35031
2019-09-12 11:39:43,127 [org.apache.hadoop.util.JvmPauseMonitor$Monitor@58783f6c] INFO  util.JvmPauseMonitor (JvmPauseMonitor.java:run(188)) - Starting JVM pause monitor
2019-09-12 11:39:43,131 [JUnit] WARN  server.ServerUtils (ServerUtils.java:getDBPath(222)) - ozone.om.db.dirs is not configured. We recommend adding this setting. Falling back to ozone.metadata.dirs instead.
2019-09-12 11:39:43,245 [JUnit] WARN  server.ServerUtils (ServerUtils.java:getDBPath(222)) - ozone.om.db.dirs is not configured. We recommend adding this setting. Falling back to ozone.metadata.dirs instead.
2019-09-12 11:39:43,246 [JUnit] WARN  server.ServerUtils (ServerUtils.java:getDBPath(222)) - ozone.om.db.dirs is not configured. We recommend adding this setting. Falling back to ozone.metadata.dirs instead.
2019-09-12 11:39:43,247 [JUnit] INFO  om.OzoneManager (OzoneManager.java:setOMNodeDetails(645)) - OM Service ID is not set. Setting it to the default ID: omServiceIdDefault
2019-09-12 11:39:43,247 [JUnit] INFO  om.OzoneManager (OzoneManager.java:setOMNodeDetails(651)) - OM Node ID is not set. Setting it to the OmStorage's OmID: a576aef0-bfe3-48c1-bbb1-3b28666a5584
2019-09-12 11:39:43,249 [JUnit] INFO  om.OzoneManager (OzoneManager.java:loadOMHAConfigs(602)) - Found matching OM address with OMServiceId: null, OMNodeId: null, RPC Address: localhost:0 and Ratis port: 9872
2019-09-12 11:39:43,533 | INFO  | SCMAudit | user=jenkins1000 | ip=192.168.36.114 | op=GET_SCM_INFO null | ret=SUCCESS |  
2019-09-12 11:39:44,050 [JUnit] WARN  server.ServerUtils (ServerUtils.java:getDBPath(222)) - ozone.om.db.dirs is not configured. We recommend adding this setting. Falling back to ozone.metadata.dirs instead.
2019-09-12 11:39:44,060 [JUnit] INFO  db.DBStoreBuilder (DBStoreBuilder.java:addTable(110)) - using custom profile for table: userTable
2019-09-12 11:39:44,060 [JUnit] INFO  db.DBStoreBuilder (DBStoreBuilder.java:processTables(161)) - Using default column profile:DBProfile.DISK for Table:userTable
2019-09-12 11:39:44,060 [JUnit] INFO  db.DBStoreBuilder (DBStoreBuilder.java:addTable(110)) - using custom profile for table: volumeTable
2019-09-12 11:39:44,060 [JUnit] INFO  db.DBStoreBuilder (DBStoreBuilder.java:processTables(161)) - Using default column profile:DBProfile.DISK for Table:volumeTable
2019-09-12 11:39:44,061 [JUnit] INFO  db.DBStoreBuilder (DBStoreBuilder.java:addTable(110)) - using custom profile for table: bucketTable
2019-09-12 11:39:44,061 [JUnit] INFO  db.DBStoreBuilder (DBStoreBuilder.java:processTables(161)) - Using default column profile:DBProfile.DISK for Table:bucketTable
2019-09-12 11:39:44,061 [JUnit] INFO  db.DBStoreBuilder (DBStoreBuilder.java:addTable(110)) - using custom profile for table: keyTable
2019-09-12 11:39:44,061 [JUnit] INFO  db.DBStoreBuilder (DBStoreBuilder.java:processTables(161)) - Using default column profile:DBProfile.DISK for Table:keyTable
2019-09-12 11:39:44,062 [JUnit] INFO  db.DBStoreBuilder (DBStoreBuilder.java:addTable(110)) - using custom profile for table: deletedTable
2019-09-12 11:39:44,063 [JUnit] INFO  db.DBStoreBuilder (DBStoreBuilder.java:processTables(161)) - Using default column profile:DBProfile.DISK for Table:deletedTable
2019-09-12 11:39:44,063 [JUnit] INFO  db.DBStoreBuilder (DBStoreBuilder.java:addTable(110)) - using custom profile for table: openKeyTable
2019-09-12 11:39:44,064 [JUnit] INFO  db.DBStoreBuilder (DBStoreBuilder.java:processTables(161)) - Using default column profile:DBProfile.DISK for Table:openKeyTable
2019-09-12 11:39:44,064 [JUnit] INFO  db.DBStoreBuilder (DBStoreBuilder.java:addTable(110)) - using custom profile for table: s3Table
2019-09-12 11:39:44,064 [JUnit] INFO  db.DBStoreBuilder (DBStoreBuilder.java:processTables(161)) - Using default column profile:DBProfile.DISK for Table:s3Table
2019-09-12 11:39:44,065 [JUnit] INFO  db.DBStoreBuilder (DBStoreBuilder.java:addTable(110)) - using custom profile for table: multipartInfoTable
2019-09-12 11:39:44,065 [JUnit] INFO  db.DBStoreBuilder (DBStoreBuilder.java:processTables(161)) - Using default column profile:DBProfile.DISK for Table:multipartInfoTable
2019-09-12 11:39:44,066 [JUnit] INFO  db.DBStoreBuilder (DBStoreBuilder.java:addTable(110)) - using custom profile for table: dTokenTable
2019-09-12 11:39:44,066 [JUnit] INFO  db.DBStoreBuilder (DBStoreBuilder.java:processTables(161)) - Using default column profile:DBProfile.DISK for Table:dTokenTable
2019-09-12 11:39:44,067 [JUnit] INFO  db.DBStoreBuilder (DBStoreBuilder.java:addTable(110)) - using custom profile for table: s3SecretTable
2019-09-12 11:39:44,067 [JUnit] INFO  db.DBStoreBuilder (DBStoreBuilder.java:processTables(161)) - Using default column profile:DBProfile.DISK for Table:s3SecretTable
2019-09-12 11:39:44,068 [JUnit] INFO  db.DBStoreBuilder (DBStoreBuilder.java:addTable(110)) - using custom profile for table: prefixTable
2019-09-12 11:39:44,068 [JUnit] INFO  db.DBStoreBuilder (DBStoreBuilder.java:processTables(161)) - Using default column profile:DBProfile.DISK for Table:prefixTable
2019-09-12 11:39:44,068 [JUnit] INFO  db.DBStoreBuilder (DBStoreBuilder.java:addTable(110)) - using custom profile for table: default
2019-09-12 11:39:44,069 [JUnit] INFO  db.DBStoreBuilder (DBStoreBuilder.java:processTables(167)) - Using default column profile:DBProfile.DISK for Table:default
2019-09-12 11:39:44,069 [JUnit] INFO  db.DBStoreBuilder (DBStoreBuilder.java:getDbProfile(198)) - Using default options. DBProfile.DISK
2019-09-12 11:39:44,852 [JUnit] INFO  ipc.CallQueueManager (CallQueueManager.java:<init>(84)) - Using callQueue: class java.util.concurrent.LinkedBlockingQueue, queueCapacity: 2000, scheduler: class org.apache.hadoop.ipc.DefaultRpcScheduler, ipcBackoff: false.
2019-09-12 11:39:44,855 [Socket Reader #1 for port 33324] INFO  ipc.Server (Server.java:run(1074)) - Starting Socket Reader #1 for port 33324
2019-09-12 11:39:44,900 [JUnit] INFO  om.OzoneManager (OzoneManager.java:start(1256)) - OzoneManager RPC server is listening at localhost/127.0.0.1:33324
2019-09-12 11:39:44,900 [JUnit] INFO  impl.MetricsSystemImpl (MetricsSystemImpl.java:init(158)) - OzoneManager metrics system started (again)
2019-09-12 11:39:44,902 [IPC Server Responder] INFO  ipc.Server (Server.java:run(1314)) - IPC Server Responder: starting
2019-09-12 11:39:44,902 [IPC Server listener on 33324] INFO  ipc.Server (Server.java:run(1153)) - IPC Server listener on 33324: starting
2019-09-12 11:39:44,909 [JUnit] INFO  hdfs.DFSUtil (DFSUtil.java:httpServerTemplateForNNAndJN(1641)) - Starting Web-server for ozoneManager at: http://0.0.0.0:0
2019-09-12 11:39:44,919 [JUnit] INFO  server.AuthenticationFilter (AuthenticationFilter.java:constructSecretProvider(240)) - Unable to initialize FileSignerSecretProvider, falling back to use random secrets.
2019-09-12 11:39:44,922 [JUnit] WARN  http.HttpRequestLog (HttpRequestLog.java:getRequestLog(97)) - Jetty request log can only be enabled using Log4j
2019-09-12 11:39:44,926 [JUnit] INFO  http.HttpServer2 (HttpServer2.java:addGlobalFilter(975)) - Added global filter 'safety' (class=org.apache.hadoop.http.HttpServer2$QuotingInputFilter)
2019-09-12 11:39:44,928 [JUnit] INFO  http.HttpServer2 (HttpServer2.java:addFilter(948)) - Added filter static_user_filter (class=org.apache.hadoop.http.lib.StaticUserWebFilter$StaticUserFilter) to context ozoneManager
2019-09-12 11:39:44,928 [JUnit] INFO  http.HttpServer2 (HttpServer2.java:addFilter(958)) - Added filter static_user_filter (class=org.apache.hadoop.http.lib.StaticUserWebFilter$StaticUserFilter) to context static
2019-09-12 11:39:44,928 [JUnit] INFO  http.HttpServer2 (HttpServer2.java:addFilter(958)) - Added filter static_user_filter (class=org.apache.hadoop.http.lib.StaticUserWebFilter$StaticUserFilter) to context logs
2019-09-12 11:39:44,932 [JUnit] INFO  http.HttpServer2 (HttpServer2.java:bindListener(1191)) - Jetty bound to port 39565
2019-09-12 11:39:44,932 [JUnit] INFO  server.Server (Server.java:doStart(351)) - jetty-9.3.24.v20180605, build timestamp: 2018-06-05T17:11:56Z, git hash: 84205aa28f11a4f31f2a3b86d1bba2cc8ab69827
2019-09-12 11:39:44,935 [JUnit] INFO  handler.ContextHandler (ContextHandler.java:doStart(781)) - Started o.e.j.s.ServletContextHandler@515ebef3{/logs,file:///workdir/hadoop-ozone/ozonefs/target/log,AVAILABLE}
2019-09-12 11:39:44,936 [JUnit] INFO  handler.ContextHandler (ContextHandler.java:doStart(781)) - Started o.e.j.s.ServletContextHandler@39109136{/static,jar:file:/home/user/.m2/repository/org/apache/hadoop/hadoop-ozone-ozone-manager/0.5.0-SNAPSHOT/hadoop-ozone-ozone-manager-0.5.0-SNAPSHOT.jar!/webapps/static,AVAILABLE}
2019-09-12 11:39:44,984 [JUnit] INFO  handler.ContextHandler (ContextHandler.java:doStart(781)) - Started o.e.j.w.WebAppContext@38a1c423{/,file:///tmp/jetty-0.0.0.0-39565-ozoneManager-_-any-6594407725166567805.dir/webapp/,AVAILABLE}{/ozoneManager}
2019-09-12 11:39:44,985 [JUnit] INFO  server.AbstractConnector (AbstractConnector.java:doStart(278)) - Started ServerConnector@336365bc{HTTP/1.1,[http/1.1]}{0.0.0.0:39565}
2019-09-12 11:39:44,986 [JUnit] INFO  server.Server (Server.java:doStart(419)) - Started @5245ms
2019-09-12 11:39:44,987 [JUnit] INFO  server.BaseHttpServer (BaseHttpServer.java:updateConnectorAddress(213)) - HTTP server of OZONEMANAGER is listening at http://0.0.0.0:39565
2019-09-12 11:39:45,177 [JUnit] INFO  impl.MetricsSystemImpl (MetricsSystemImpl.java:init(158)) - HddsDatanode metrics system started (again)
2019-09-12 11:39:45,265 [JUnit] INFO  ozone.HddsDatanodeService (HddsDatanodeService.java:start(184)) - HddsDatanodeService host:pr-hdds-1569-58hkm-1881083799 ip:192.168.36.114
2019-09-12 11:39:45,310 [JUnit] INFO  volume.HddsVolume (HddsVolume.java:<init>(176)) - Creating Volume: /workdir/hadoop-ozone/ozonefs/target/test-dir/MiniOzoneClusterImpl-1d2bae73-2f79-49ab-b814-65dedb85297e/datanode-0/data/containers/hdds of  storage type : DISK and capacity : 1482555576320
2019-09-12 11:39:45,312 [JUnit] INFO  volume.VolumeSet (VolumeSet.java:initializeVolumeSet(170)) - Added Volume : /workdir/hadoop-ozone/ozonefs/target/test-dir/MiniOzoneClusterImpl-1d2bae73-2f79-49ab-b814-65dedb85297e/datanode-0/data/containers/hdds to VolumeSet
2019-09-12 11:39:45,315 [JUnit] INFO  volume.ThrottledAsyncChecker (ThrottledAsyncChecker.java:schedule(140)) - Scheduling a check for org.apache.hadoop.ozone.container.common.volume.HddsVolume@1da4b6b3
2019-09-12 11:39:45,335 [JUnit] INFO  volume.HddsVolumeChecker (HddsVolumeChecker.java:checkAllVolumes(203)) - Scheduled health check for volume org.apache.hadoop.ozone.container.common.volume.HddsVolume@1da4b6b3
2019-09-12 11:39:45,470 [JUnit] INFO  impl.RaftServerProxy (ConfUtils.java:logGet(43)) - raft.rpc.type = GRPC (default)
2019-09-12 11:39:45,548 [JUnit] INFO  grpc.GrpcFactory (GrpcFactory.java:checkPooledByteBufAllocatorUseCacheForAllThreads(45)) - PERFORMANCE WARNING: useCacheForAllThreads is true that may cause Netty to create a lot garbage objects and, as a result, trigger GC.
	It is recommended to disable useCacheForAllThreads by setting -Dorg.apache.ratis.thirdparty.io.netty.allocator.useCacheForAllThreads=false in command line.
2019-09-12 11:39:45,553 [JUnit] INFO  grpc.GrpcConfigKeys$Server (ConfUtils.java:logGet(43)) - raft.grpc.server.port = 0 (default)
2019-09-12 11:39:45,555 [JUnit] INFO  server.GrpcService (ConfUtils.java:logGet(43)) - raft.grpc.message.size.max = 33570816 (custom)
2019-09-12 11:39:45,557 [JUnit] INFO  server.RaftServerConfigKeys (ConfUtils.java:logGet(43)) - raft.server.log.appender.buffer.byte-limit = 33554432 (custom)
2019-09-12 11:39:45,558 [JUnit] INFO  server.GrpcService (ConfUtils.java:logGet(43)) - raft.grpc.flow.control.window = 1MB (=1048576) (default)
2019-09-12 11:39:45,559 [JUnit] INFO  server.RaftServerConfigKeys (ConfUtils.java:logGet(43)) - raft.server.rpc.request.timeout = 3000ms (default)
2019-09-12 11:39:45,766 [JUnit] INFO  server.RaftServerConfigKeys (ConfUtils.java:logGet(43)) - raft.server.storage.dir = [/workdir/hadoop-ozone/ozonefs/target/test-dir/MiniOzoneClusterImpl-1d2bae73-2f79-49ab-b814-65dedb85297e/datanode-0/data/ratis] (custom)
2019-09-12 11:39:45,814 [JUnit] INFO  replication.SimpleContainerDownloader (SimpleContainerDownloader.java:<init>(72)) - Starting container downloader service to copy containers to replicate.
2019-09-12 11:39:45,831 [JUnit] INFO  hdfs.DFSUtil (DFSUtil.java:httpServerTemplateForNNAndJN(1641)) - Starting Web-server for hddsDatanode at: http://0.0.0.0:0
2019-09-12 11:39:45,833 [JUnit] INFO  server.AuthenticationFilter (AuthenticationFilter.java:constructSecretProvider(240)) - Unable to initialize FileSignerSecretProvider, falling back to use random secrets.
2019-09-12 11:39:45,834 [JUnit] WARN  http.HttpRequestLog (HttpRequestLog.java:getRequestLog(97)) - Jetty request log can only be enabled using Log4j
2019-09-12 11:39:45,836 [JUnit] INFO  http.HttpServer2 (HttpServer2.java:addGlobalFilter(975)) - Added global filter 'safety' (class=org.apache.hadoop.http.HttpServer2$QuotingInputFilter)
2019-09-12 11:39:45,837 [JUnit] INFO  http.HttpServer2 (HttpServer2.java:addFilter(948)) - Added filter static_user_filter (class=org.apache.hadoop.http.lib.StaticUserWebFilter$StaticUserFilter) to context hddsDatanode
2019-09-12 11:39:45,837 [JUnit] INFO  http.HttpServer2 (HttpServer2.java:addFilter(958)) - Added filter static_user_filter (class=org.apache.hadoop.http.lib.StaticUserWebFilter$StaticUserFilter) to context logs
2019-09-12 11:39:45,838 [JUnit] INFO  http.HttpServer2 (HttpServer2.java:addFilter(958)) - Added filter static_user_filter (class=org.apache.hadoop.http.lib.StaticUserWebFilter$StaticUserFilter) to context static
2019-09-12 11:39:45,838 [JUnit] INFO  http.HttpServer2 (HttpServer2.java:bindListener(1191)) - Jetty bound to port 46458
2019-09-12 11:39:45,839 [JUnit] INFO  server.Server (Server.java:doStart(351)) - jetty-9.3.24.v20180605, build timestamp: 2018-06-05T17:11:56Z, git hash: 84205aa28f11a4f31f2a3b86d1bba2cc8ab69827
2019-09-12 11:39:45,840 [JUnit] INFO  handler.ContextHandler (ContextHandler.java:doStart(781)) - Started o.e.j.s.ServletContextHandler@75181b50{/logs,file:///workdir/hadoop-ozone/ozonefs/target/log,AVAILABLE}
2019-09-12 11:39:45,841 [JUnit] INFO  handler.ContextHandler (ContextHandler.java:doStart(781)) - Started o.e.j.s.ServletContextHandler@5f254608{/static,jar:file:/home/user/.m2/repository/org/apache/hadoop/hadoop-hdds-container-service/0.5.0-SNAPSHOT/hadoop-hdds-container-service-0.5.0-SNAPSHOT.jar!/webapps/static,AVAILABLE}
2019-09-12 11:39:45,864 [JUnit] INFO  handler.ContextHandler (ContextHandler.java:doStart(781)) - Started o.e.j.w.WebAppContext@60e9c3a5{/,file:///tmp/jetty-0.0.0.0-46458-hddsDatanode-_-any-2458889593786395117.dir/webapp/,AVAILABLE}{/hddsDatanode}
2019-09-12 11:39:45,865 [JUnit] INFO  server.AbstractConnector (AbstractConnector.java:doStart(278)) - Started ServerConnector@7e5843db{HTTP/1.1,[http/1.1]}{0.0.0.0:46458}
2019-09-12 11:39:45,866 [JUnit] INFO  server.Server (Server.java:doStart(419)) - Started @6125ms
2019-09-12 11:39:45,868 [JUnit] INFO  server.BaseHttpServer (BaseHttpServer.java:updateConnectorAddress(213)) - HTTP server of HDDSDATANODE is listening at http://0.0.0.0:46458
2019-09-12 11:39:46,976 | INFO  | ObjectStoreRestHttpServer | Listening HDDS REST traffic on /0.0.0.0:40012 |  
2019-09-12 11:39:46,978 [JUnit] INFO  ozone.HddsDatanodeService (HddsDatanodeService.java:startPlugins(395)) - Started plug-in org.apache.hadoop.ozone.web.OzoneHddsDatanodeService@110e9982
2019-09-12 11:39:46,980 [JUnit] INFO  impl.MetricsSystemImpl (MetricsSystemImpl.java:init(158)) - HddsDatanode metrics system started (again)
2019-09-12 11:39:46,983 [JUnit] INFO  ozone.HddsDatanodeService (HddsDatanodeService.java:start(184)) - HddsDatanodeService host:pr-hdds-1569-58hkm-1881083799 ip:192.168.36.114
2019-09-12 11:39:46,987 [org.apache.hadoop.util.JvmPauseMonitor$Monitor@88f0b88] INFO  util.JvmPauseMonitor (JvmPauseMonitor.java:run(188)) - Starting JVM pause monitor
2019-09-12 11:39:46,994 [JUnit] INFO  volume.HddsVolume (HddsVolume.java:<init>(176)) - Creating Volume: /workdir/hadoop-ozone/ozonefs/target/test-dir/MiniOzoneClusterImpl-1d2bae73-2f79-49ab-b814-65dedb85297e/datanode-1/data/containers/hdds of  storage type : DISK and capacity : 1482555576320
2019-09-12 11:39:46,994 [JUnit] INFO  volume.VolumeSet (VolumeSet.java:initializeVolumeSet(170)) - Added Volume : /workdir/hadoop-ozone/ozonefs/target/test-dir/MiniOzoneClusterImpl-1d2bae73-2f79-49ab-b814-65dedb85297e/datanode-1/data/containers/hdds to VolumeSet
2019-09-12 11:39:46,994 [JUnit] INFO  volume.ThrottledAsyncChecker (ThrottledAsyncChecker.java:schedule(140)) - Scheduling a check for org.apache.hadoop.ozone.container.common.volume.HddsVolume@14b31e37
2019-09-12 11:39:46,995 [JUnit] INFO  volume.HddsVolumeChecker (HddsVolumeChecker.java:checkAllVolumes(203)) - Scheduled health check for volume org.apache.hadoop.ozone.container.common.volume.HddsVolume@14b31e37
2019-09-12 11:39:47,022 [JUnit] INFO  impl.RaftServerProxy (ConfUtils.java:logGet(43)) - raft.rpc.type = GRPC (default)
2019-09-12 11:39:47,022 [JUnit] INFO  grpc.GrpcFactory (GrpcFactory.java:checkPooledByteBufAllocatorUseCacheForAllThreads(45)) - PERFORMANCE WARNING: useCacheForAllThreads is true that may cause Netty to create a lot garbage objects and, as a result, trigger GC.
	It is recommended to disable useCacheForAllThreads by setting -Dorg.apache.ratis.thirdparty.io.netty.allocator.useCacheForAllThreads=false in command line.
2019-09-12 11:39:47,022 [JUnit] INFO  grpc.GrpcConfigKeys$Server (ConfUtils.java:logGet(43)) - raft.grpc.server.port = 0 (default)
2019-09-12 11:39:47,023 [JUnit] INFO  server.GrpcService (ConfUtils.java:logGet(43)) - raft.grpc.message.size.max = 33570816 (custom)
2019-09-12 11:39:47,023 [JUnit] INFO  server.RaftServerConfigKeys (ConfUtils.java:logGet(43)) - raft.server.log.appender.buffer.byte-limit = 33554432 (custom)
2019-09-12 11:39:47,023 [JUnit] INFO  server.GrpcService (ConfUtils.java:logGet(43)) - raft.grpc.flow.control.window = 1MB (=1048576) (default)
2019-09-12 11:39:47,023 [JUnit] INFO  server.RaftServerConfigKeys (ConfUtils.java:logGet(43)) - raft.server.rpc.request.timeout = 3000ms (default)
2019-09-12 11:39:47,024 [JUnit] INFO  server.RaftServerConfigKeys (ConfUtils.java:logGet(43)) - raft.server.storage.dir = [/workdir/hadoop-ozone/ozonefs/target/test-dir/MiniOzoneClusterImpl-1d2bae73-2f79-49ab-b814-65dedb85297e/datanode-1/data/ratis] (custom)
2019-09-12 11:39:47,024 [JUnit] INFO  replication.SimpleContainerDownloader (SimpleContainerDownloader.java:<init>(72)) - Starting container downloader service to copy containers to replicate.
2019-09-12 11:39:47,026 [JUnit] INFO  hdfs.DFSUtil (DFSUtil.java:httpServerTemplateForNNAndJN(1641)) - Starting Web-server for hddsDatanode at: http://0.0.0.0:0
2019-09-12 11:39:47,027 [JUnit] INFO  server.AuthenticationFilter (AuthenticationFilter.java:constructSecretProvider(240)) - Unable to initialize FileSignerSecretProvider, falling back to use random secrets.
2019-09-12 11:39:47,028 [JUnit] WARN  http.HttpRequestLog (HttpRequestLog.java:getRequestLog(97)) - Jetty request log can only be enabled using Log4j
2019-09-12 11:39:47,030 [JUnit] INFO  http.HttpServer2 (HttpServer2.java:addGlobalFilter(975)) - Added global filter 'safety' (class=org.apache.hadoop.http.HttpServer2$QuotingInputFilter)
2019-09-12 11:39:47,031 [JUnit] INFO  http.HttpServer2 (HttpServer2.java:addFilter(948)) - Added filter static_user_filter (class=org.apache.hadoop.http.lib.StaticUserWebFilter$StaticUserFilter) to context hddsDatanode
2019-09-12 11:39:47,032 [JUnit] INFO  http.HttpServer2 (HttpServer2.java:addFilter(958)) - Added filter static_user_filter (class=org.apache.hadoop.http.lib.StaticUserWebFilter$StaticUserFilter) to context logs
2019-09-12 11:39:47,032 [JUnit] INFO  http.HttpServer2 (HttpServer2.java:addFilter(958)) - Added filter static_user_filter (class=org.apache.hadoop.http.lib.StaticUserWebFilter$StaticUserFilter) to context static
2019-09-12 11:39:47,032 [JUnit] INFO  http.HttpServer2 (HttpServer2.java:bindListener(1191)) - Jetty bound to port 33628
2019-09-12 11:39:47,033 [JUnit] INFO  server.Server (Server.java:doStart(351)) - jetty-9.3.24.v20180605, build timestamp: 2018-06-05T17:11:56Z, git hash: 84205aa28f11a4f31f2a3b86d1bba2cc8ab69827
2019-09-12 11:39:47,037 [JUnit] INFO  handler.ContextHandler (ContextHandler.java:doStart(781)) - Started o.e.j.s.ServletContextHandler@707865bd{/logs,file:///workdir/hadoop-ozone/ozonefs/target/log,AVAILABLE}
2019-09-12 11:39:47,037 [JUnit] INFO  handler.ContextHandler (ContextHandler.java:doStart(781)) - Started o.e.j.s.ServletContextHandler@552fee7a{/static,jar:file:/home/user/.m2/repository/org/apache/hadoop/hadoop-hdds-container-service/0.5.0-SNAPSHOT/hadoop-hdds-container-service-0.5.0-SNAPSHOT.jar!/webapps/static,AVAILABLE}
2019-09-12 11:39:47,066 [JUnit] INFO  handler.ContextHandler (ContextHandler.java:doStart(781)) - Started o.e.j.w.WebAppContext@7e3236d{/,file:///tmp/jetty-0.0.0.0-33628-hddsDatanode-_-any-639492605675786465.dir/webapp/,AVAILABLE}{/hddsDatanode}
2019-09-12 11:39:47,067 [JUnit] INFO  server.AbstractConnector (AbstractConnector.java:doStart(278)) - Started ServerConnector@38a4e2b0{HTTP/1.1,[http/1.1]}{0.0.0.0:33628}
2019-09-12 11:39:47,068 [JUnit] INFO  server.Server (Server.java:doStart(419)) - Started @7327ms
2019-09-12 11:39:47,069 [JUnit] INFO  server.BaseHttpServer (BaseHttpServer.java:updateConnectorAddress(213)) - HTTP server of HDDSDATANODE is listening at http://0.0.0.0:33628
2019-09-12 11:39:47,129 [Datanode State Machine Thread - 0] INFO  datanode.InitDatanodeState (InitDatanodeState.java:persistContainerDatanodeDetails(140)) - DatanodeDetails is persisted to /workdir/hadoop-ozone/ozonefs/target/test-dir/MiniOzoneClusterImpl-1d2bae73-2f79-49ab-b814-65dedb85297e/datanode-0/meta/datanode.id
2019-09-12 11:39:47,253 | INFO  | ObjectStoreRestHttpServer | Listening HDDS REST traffic on /0.0.0.0:33057 |  
2019-09-12 11:39:47,253 [JUnit] INFO  ozone.HddsDatanodeService (HddsDatanodeService.java:startPlugins(395)) - Started plug-in org.apache.hadoop.ozone.web.OzoneHddsDatanodeService@21f7e537
2019-09-12 11:39:47,253 [JUnit] INFO  impl.MetricsSystemImpl (MetricsSystemImpl.java:init(158)) - HddsDatanode metrics system started (again)
2019-09-12 11:39:47,256 [JUnit] INFO  ozone.HddsDatanodeService (HddsDatanodeService.java:start(184)) - HddsDatanodeService host:pr-hdds-1569-58hkm-1881083799 ip:192.168.36.114
2019-09-12 11:39:47,257 [org.apache.hadoop.util.JvmPauseMonitor$Monitor@60d77138] INFO  util.JvmPauseMonitor (JvmPauseMonitor.java:run(188)) - Starting JVM pause monitor
2019-09-12 11:39:47,265 [Datanode State Machine Thread - 0] INFO  datanode.InitDatanodeState (InitDatanodeState.java:persistContainerDatanodeDetails(140)) - DatanodeDetails is persisted to /workdir/hadoop-ozone/ozonefs/target/test-dir/MiniOzoneClusterImpl-1d2bae73-2f79-49ab-b814-65dedb85297e/datanode-1/meta/datanode.id
2019-09-12 11:39:47,272 [JUnit] INFO  volume.HddsVolume (HddsVolume.java:<init>(176)) - Creating Volume: /workdir/hadoop-ozone/ozonefs/target/test-dir/MiniOzoneClusterImpl-1d2bae73-2f79-49ab-b814-65dedb85297e/datanode-2/data/containers/hdds of  storage type : DISK and capacity : 1482555576320
2019-09-12 11:39:47,273 [JUnit] INFO  volume.VolumeSet (VolumeSet.java:initializeVolumeSet(170)) - Added Volume : /workdir/hadoop-ozone/ozonefs/target/test-dir/MiniOzoneClusterImpl-1d2bae73-2f79-49ab-b814-65dedb85297e/datanode-2/data/containers/hdds to VolumeSet
2019-09-12 11:39:47,273 [JUnit] INFO  volume.ThrottledAsyncChecker (ThrottledAsyncChecker.java:schedule(140)) - Scheduling a check for org.apache.hadoop.ozone.container.common.volume.HddsVolume@75eaba95
2019-09-12 11:39:47,274 [JUnit] INFO  volume.HddsVolumeChecker (HddsVolumeChecker.java:checkAllVolumes(203)) - Scheduled health check for volume org.apache.hadoop.ozone.container.common.volume.HddsVolume@75eaba95
2019-09-12 11:39:47,299 [JUnit] INFO  impl.RaftServerProxy (ConfUtils.java:logGet(43)) - raft.rpc.type = GRPC (default)
2019-09-12 11:39:47,299 [JUnit] INFO  grpc.GrpcFactory (GrpcFactory.java:checkPooledByteBufAllocatorUseCacheForAllThreads(45)) - PERFORMANCE WARNING: useCacheForAllThreads is true that may cause Netty to create a lot garbage objects and, as a result, trigger GC.
	It is recommended to disable useCacheForAllThreads by setting -Dorg.apache.ratis.thirdparty.io.netty.allocator.useCacheForAllThreads=false in command line.
2019-09-12 11:39:47,300 [JUnit] INFO  grpc.GrpcConfigKeys$Server (ConfUtils.java:logGet(43)) - raft.grpc.server.port = 0 (default)
2019-09-12 11:39:47,300 [JUnit] INFO  server.GrpcService (ConfUtils.java:logGet(43)) - raft.grpc.message.size.max = 33570816 (custom)
2019-09-12 11:39:47,300 [JUnit] INFO  server.RaftServerConfigKeys (ConfUtils.java:logGet(43)) - raft.server.log.appender.buffer.byte-limit = 33554432 (custom)
2019-09-12 11:39:47,300 [JUnit] INFO  server.GrpcService (ConfUtils.java:logGet(43)) - raft.grpc.flow.control.window = 1MB (=1048576) (default)
2019-09-12 11:39:47,301 [JUnit] INFO  server.RaftServerConfigKeys (ConfUtils.java:logGet(43)) - raft.server.rpc.request.timeout = 3000ms (default)
2019-09-12 11:39:47,301 [JUnit] INFO  server.RaftServerConfigKeys (ConfUtils.java:logGet(43)) - raft.server.storage.dir = [/workdir/hadoop-ozone/ozonefs/target/test-dir/MiniOzoneClusterImpl-1d2bae73-2f79-49ab-b814-65dedb85297e/datanode-2/data/ratis] (custom)
2019-09-12 11:39:47,303 [JUnit] INFO  replication.SimpleContainerDownloader (SimpleContainerDownloader.java:<init>(72)) - Starting container downloader service to copy containers to replicate.
2019-09-12 11:39:47,304 [JUnit] INFO  hdfs.DFSUtil (DFSUtil.java:httpServerTemplateForNNAndJN(1641)) - Starting Web-server for hddsDatanode at: http://0.0.0.0:0
2019-09-12 11:39:47,306 [JUnit] INFO  server.AuthenticationFilter (AuthenticationFilter.java:constructSecretProvider(240)) - Unable to initialize FileSignerSecretProvider, falling back to use random secrets.
2019-09-12 11:39:47,306 [JUnit] WARN  http.HttpRequestLog (HttpRequestLog.java:getRequestLog(97)) - Jetty request log can only be enabled using Log4j
2019-09-12 11:39:47,308 [JUnit] INFO  http.HttpServer2 (HttpServer2.java:addGlobalFilter(975)) - Added global filter 'safety' (class=org.apache.hadoop.http.HttpServer2$QuotingInputFilter)
2019-09-12 11:39:47,309 [JUnit] INFO  http.HttpServer2 (HttpServer2.java:addFilter(948)) - Added filter static_user_filter (class=org.apache.hadoop.http.lib.StaticUserWebFilter$StaticUserFilter) to context hddsDatanode
2019-09-12 11:39:47,309 [JUnit] INFO  http.HttpServer2 (HttpServer2.java:addFilter(958)) - Added filter static_user_filter (class=org.apache.hadoop.http.lib.StaticUserWebFilter$StaticUserFilter) to context logs
2019-09-12 11:39:47,309 [JUnit] INFO  http.HttpServer2 (HttpServer2.java:addFilter(958)) - Added filter static_user_filter (class=org.apache.hadoop.http.lib.StaticUserWebFilter$StaticUserFilter) to context static
2019-09-12 11:39:47,310 [JUnit] INFO  http.HttpServer2 (HttpServer2.java:bindListener(1191)) - Jetty bound to port 43446
2019-09-12 11:39:47,310 [JUnit] INFO  server.Server (Server.java:doStart(351)) - jetty-9.3.24.v20180605, build timestamp: 2018-06-05T17:11:56Z, git hash: 84205aa28f11a4f31f2a3b86d1bba2cc8ab69827
2019-09-12 11:39:47,312 [JUnit] INFO  handler.ContextHandler (ContextHandler.java:doStart(781)) - Started o.e.j.s.ServletContextHandler@39266403{/logs,file:///workdir/hadoop-ozone/ozonefs/target/log,AVAILABLE}
2019-09-12 11:39:47,313 [JUnit] INFO  handler.ContextHandler (ContextHandler.java:doStart(781)) - Started o.e.j.s.ServletContextHandler@2aa14ae6{/static,jar:file:/home/user/.m2/repository/org/apache/hadoop/hadoop-hdds-container-service/0.5.0-SNAPSHOT/hadoop-hdds-container-service-0.5.0-SNAPSHOT.jar!/webapps/static,AVAILABLE}
2019-09-12 11:39:47,340 [JUnit] INFO  handler.ContextHandler (ContextHandler.java:doStart(781)) - Started o.e.j.w.WebAppContext@1e76afeb{/,file:///tmp/jetty-0.0.0.0-43446-hddsDatanode-_-any-4380755313013510297.dir/webapp/,AVAILABLE}{/hddsDatanode}
2019-09-12 11:39:47,342 [JUnit] INFO  server.AbstractConnector (AbstractConnector.java:doStart(278)) - Started ServerConnector@447fa959{HTTP/1.1,[http/1.1]}{0.0.0.0:43446}
2019-09-12 11:39:47,343 [JUnit] INFO  server.Server (Server.java:doStart(419)) - Started @7601ms
2019-09-12 11:39:47,344 [JUnit] INFO  server.BaseHttpServer (BaseHttpServer.java:updateConnectorAddress(213)) - HTTP server of HDDSDATANODE is listening at http://0.0.0.0:43446
2019-09-12 11:39:47,504 | INFO  | ObjectStoreRestHttpServer | Listening HDDS REST traffic on /0.0.0.0:35316 |  
2019-09-12 11:39:47,504 [JUnit] INFO  ozone.HddsDatanodeService (HddsDatanodeService.java:startPlugins(395)) - Started plug-in org.apache.hadoop.ozone.web.OzoneHddsDatanodeService@d87d449
2019-09-12 11:39:47,505 [JUnit] INFO  impl.MetricsSystemImpl (MetricsSystemImpl.java:init(158)) - HddsDatanode metrics system started (again)
2019-09-12 11:39:47,508 [org.apache.hadoop.util.JvmPauseMonitor$Monitor@611b8202] INFO  util.JvmPauseMonitor (JvmPauseMonitor.java:run(188)) - Starting JVM pause monitor
2019-09-12 11:39:47,508 [JUnit] INFO  ozone.HddsDatanodeService (HddsDatanodeService.java:start(184)) - HddsDatanodeService host:pr-hdds-1569-58hkm-1881083799 ip:192.168.36.114
2019-09-12 11:39:47,510 [Datanode State Machine Thread - 0] INFO  datanode.InitDatanodeState (InitDatanodeState.java:persistContainerDatanodeDetails(140)) - DatanodeDetails is persisted to /workdir/hadoop-ozone/ozonefs/target/test-dir/MiniOzoneClusterImpl-1d2bae73-2f79-49ab-b814-65dedb85297e/datanode-2/meta/datanode.id
2019-09-12 11:39:47,515 [JUnit] INFO  volume.HddsVolume (HddsVolume.java:<init>(176)) - Creating Volume: /workdir/hadoop-ozone/ozonefs/target/test-dir/MiniOzoneClusterImpl-1d2bae73-2f79-49ab-b814-65dedb85297e/datanode-3/data/containers/hdds of  storage type : DISK and capacity : 1482555576320
2019-09-12 11:39:47,515 [JUnit] INFO  volume.VolumeSet (VolumeSet.java:initializeVolumeSet(170)) - Added Volume : /workdir/hadoop-ozone/ozonefs/target/test-dir/MiniOzoneClusterImpl-1d2bae73-2f79-49ab-b814-65dedb85297e/datanode-3/data/containers/hdds to VolumeSet
2019-09-12 11:39:47,516 [JUnit] INFO  volume.ThrottledAsyncChecker (ThrottledAsyncChecker.java:schedule(140)) - Scheduling a check for org.apache.hadoop.ozone.container.common.volume.HddsVolume@21e5f0b6
2019-09-12 11:39:47,516 [JUnit] INFO  volume.HddsVolumeChecker (HddsVolumeChecker.java:checkAllVolumes(203)) - Scheduled health check for volume org.apache.hadoop.ozone.container.common.volume.HddsVolume@21e5f0b6
2019-09-12 11:39:47,539 [JUnit] INFO  impl.RaftServerProxy (ConfUtils.java:logGet(43)) - raft.rpc.type = GRPC (default)
2019-09-12 11:39:47,539 [JUnit] INFO  grpc.GrpcFactory (GrpcFactory.java:checkPooledByteBufAllocatorUseCacheForAllThreads(45)) - PERFORMANCE WARNING: useCacheForAllThreads is true that may cause Netty to create a lot garbage objects and, as a result, trigger GC.
	It is recommended to disable useCacheForAllThreads by setting -Dorg.apache.ratis.thirdparty.io.netty.allocator.useCacheForAllThreads=false in command line.
2019-09-12 11:39:47,539 [JUnit] INFO  grpc.GrpcConfigKeys$Server (ConfUtils.java:logGet(43)) - raft.grpc.server.port = 0 (default)
2019-09-12 11:39:47,540 [JUnit] INFO  server.GrpcService (ConfUtils.java:logGet(43)) - raft.grpc.message.size.max = 33570816 (custom)
2019-09-12 11:39:47,540 [JUnit] INFO  server.RaftServerConfigKeys (ConfUtils.java:logGet(43)) - raft.server.log.appender.buffer.byte-limit = 33554432 (custom)
2019-09-12 11:39:47,540 [JUnit] INFO  server.GrpcService (ConfUtils.java:logGet(43)) - raft.grpc.flow.control.window = 1MB (=1048576) (default)
2019-09-12 11:39:47,540 [JUnit] INFO  server.RaftServerConfigKeys (ConfUtils.java:logGet(43)) - raft.server.rpc.request.timeout = 3000ms (default)
2019-09-12 11:39:47,541 [JUnit] INFO  server.RaftServerConfigKeys (ConfUtils.java:logGet(43)) - raft.server.storage.dir = [/workdir/hadoop-ozone/ozonefs/target/test-dir/MiniOzoneClusterImpl-1d2bae73-2f79-49ab-b814-65dedb85297e/datanode-3/data/ratis] (custom)
2019-09-12 11:39:47,541 [JUnit] INFO  replication.SimpleContainerDownloader (SimpleContainerDownloader.java:<init>(72)) - Starting container downloader service to copy containers to replicate.
2019-09-12 11:39:47,543 [JUnit] INFO  hdfs.DFSUtil (DFSUtil.java:httpServerTemplateForNNAndJN(1641)) - Starting Web-server for hddsDatanode at: http://0.0.0.0:0
2019-09-12 11:39:47,545 [JUnit] INFO  server.AuthenticationFilter (AuthenticationFilter.java:constructSecretProvider(240)) - Unable to initialize FileSignerSecretProvider, falling back to use random secrets.
2019-09-12 11:39:47,546 [JUnit] WARN  http.HttpRequestLog (HttpRequestLog.java:getRequestLog(97)) - Jetty request log can only be enabled using Log4j
2019-09-12 11:39:47,548 [JUnit] INFO  http.HttpServer2 (HttpServer2.java:addGlobalFilter(975)) - Added global filter 'safety' (class=org.apache.hadoop.http.HttpServer2$QuotingInputFilter)
2019-09-12 11:39:47,550 [JUnit] INFO  http.HttpServer2 (HttpServer2.java:addFilter(948)) - Added filter static_user_filter (class=org.apache.hadoop.http.lib.StaticUserWebFilter$StaticUserFilter) to context hddsDatanode
2019-09-12 11:39:47,550 [JUnit] INFO  http.HttpServer2 (HttpServer2.java:addFilter(958)) - Added filter static_user_filter (class=org.apache.hadoop.http.lib.StaticUserWebFilter$StaticUserFilter) to context logs
2019-09-12 11:39:47,550 [JUnit] INFO  http.HttpServer2 (HttpServer2.java:addFilter(958)) - Added filter static_user_filter (class=org.apache.hadoop.http.lib.StaticUserWebFilter$StaticUserFilter) to context static
2019-09-12 11:39:47,551 [JUnit] INFO  http.HttpServer2 (HttpServer2.java:bindListener(1191)) - Jetty bound to port 44996
2019-09-12 11:39:47,551 [JUnit] INFO  server.Server (Server.java:doStart(351)) - jetty-9.3.24.v20180605, build timestamp: 2018-06-05T17:11:56Z, git hash: 84205aa28f11a4f31f2a3b86d1bba2cc8ab69827
2019-09-12 11:39:47,555 [JUnit] INFO  handler.ContextHandler (ContextHandler.java:doStart(781)) - Started o.e.j.s.ServletContextHandler@28b523a{/logs,file:///workdir/hadoop-ozone/ozonefs/target/log,AVAILABLE}
2019-09-12 11:39:47,556 [JUnit] INFO  handler.ContextHandler (ContextHandler.java:doStart(781)) - Started o.e.j.s.ServletContextHandler@63d677f5{/static,jar:file:/home/user/.m2/repository/org/apache/hadoop/hadoop-hdds-container-service/0.5.0-SNAPSHOT/hadoop-hdds-container-service-0.5.0-SNAPSHOT.jar!/webapps/static,AVAILABLE}
2019-09-12 11:39:47,587 [JUnit] INFO  handler.ContextHandler (ContextHandler.java:doStart(781)) - Started o.e.j.w.WebAppContext@2cccf134{/,file:///tmp/jetty-0.0.0.0-44996-hddsDatanode-_-any-6875568363256607481.dir/webapp/,AVAILABLE}{/hddsDatanode}
2019-09-12 11:39:47,589 [JUnit] INFO  server.AbstractConnector (AbstractConnector.java:doStart(278)) - Started ServerConnector@3c18942{HTTP/1.1,[http/1.1]}{0.0.0.0:44996}
2019-09-12 11:39:47,589 [JUnit] INFO  server.Server (Server.java:doStart(419)) - Started @7848ms
2019-09-12 11:39:47,590 [JUnit] INFO  server.BaseHttpServer (BaseHttpServer.java:updateConnectorAddress(213)) - HTTP server of HDDSDATANODE is listening at http://0.0.0.0:44996
2019-09-12 11:39:47,755 | INFO  | ObjectStoreRestHttpServer | Listening HDDS REST traffic on /0.0.0.0:39243 |  
2019-09-12 11:39:47,756 [JUnit] INFO  ozone.HddsDatanodeService (HddsDatanodeService.java:startPlugins(395)) - Started plug-in org.apache.hadoop.ozone.web.OzoneHddsDatanodeService@10ed037a
2019-09-12 11:39:47,756 [JUnit] INFO  impl.MetricsSystemImpl (MetricsSystemImpl.java:init(158)) - HddsDatanode metrics system started (again)
2019-09-12 11:39:47,758 [org.apache.hadoop.util.JvmPauseMonitor$Monitor@4b294a9c] INFO  util.JvmPauseMonitor (JvmPauseMonitor.java:run(188)) - Starting JVM pause monitor
2019-09-12 11:39:47,759 [JUnit] INFO  ozone.HddsDatanodeService (HddsDatanodeService.java:start(184)) - HddsDatanodeService host:pr-hdds-1569-58hkm-1881083799 ip:192.168.36.114
2019-09-12 11:39:47,761 [Datanode State Machine Thread - 0] INFO  datanode.InitDatanodeState (InitDatanodeState.java:persistContainerDatanodeDetails(140)) - DatanodeDetails is persisted to /workdir/hadoop-ozone/ozonefs/target/test-dir/MiniOzoneClusterImpl-1d2bae73-2f79-49ab-b814-65dedb85297e/datanode-3/meta/datanode.id
2019-09-12 11:39:47,765 [JUnit] INFO  volume.HddsVolume (HddsVolume.java:<init>(176)) - Creating Volume: /workdir/hadoop-ozone/ozonefs/target/test-dir/MiniOzoneClusterImpl-1d2bae73-2f79-49ab-b814-65dedb85297e/datanode-4/data/containers/hdds of  storage type : DISK and capacity : 1482555576320
2019-09-12 11:39:47,766 [JUnit] INFO  volume.VolumeSet (VolumeSet.java:initializeVolumeSet(170)) - Added Volume : /workdir/hadoop-ozone/ozonefs/target/test-dir/MiniOzoneClusterImpl-1d2bae73-2f79-49ab-b814-65dedb85297e/datanode-4/data/containers/hdds to VolumeSet
2019-09-12 11:39:47,766 [JUnit] INFO  volume.ThrottledAsyncChecker (ThrottledAsyncChecker.java:schedule(140)) - Scheduling a check for org.apache.hadoop.ozone.container.common.volume.HddsVolume@798cf6d2
2019-09-12 11:39:47,767 [JUnit] INFO  volume.HddsVolumeChecker (HddsVolumeChecker.java:checkAllVolumes(203)) - Scheduled health check for volume org.apache.hadoop.ozone.container.common.volume.HddsVolume@798cf6d2
2019-09-12 11:39:47,796 [JUnit] INFO  impl.RaftServerProxy (ConfUtils.java:logGet(43)) - raft.rpc.type = GRPC (default)
2019-09-12 11:39:47,796 [JUnit] INFO  grpc.GrpcFactory (GrpcFactory.java:checkPooledByteBufAllocatorUseCacheForAllThreads(45)) - PERFORMANCE WARNING: useCacheForAllThreads is true that may cause Netty to create a lot garbage objects and, as a result, trigger GC.
	It is recommended to disable useCacheForAllThreads by setting -Dorg.apache.ratis.thirdparty.io.netty.allocator.useCacheForAllThreads=false in command line.
2019-09-12 11:39:47,797 [JUnit] INFO  grpc.GrpcConfigKeys$Server (ConfUtils.java:logGet(43)) - raft.grpc.server.port = 0 (default)
2019-09-12 11:39:47,797 [JUnit] INFO  server.GrpcService (ConfUtils.java:logGet(43)) - raft.grpc.message.size.max = 33570816 (custom)
2019-09-12 11:39:47,797 [JUnit] INFO  server.RaftServerConfigKeys (ConfUtils.java:logGet(43)) - raft.server.log.appender.buffer.byte-limit = 33554432 (custom)
2019-09-12 11:39:47,798 [JUnit] INFO  server.GrpcService (ConfUtils.java:logGet(43)) - raft.grpc.flow.control.window = 1MB (=1048576) (default)
2019-09-12 11:39:47,798 [JUnit] INFO  server.RaftServerConfigKeys (ConfUtils.java:logGet(43)) - raft.server.rpc.request.timeout = 3000ms (default)
2019-09-12 11:39:47,799 [JUnit] INFO  server.RaftServerConfigKeys (ConfUtils.java:logGet(43)) - raft.server.storage.dir = [/workdir/hadoop-ozone/ozonefs/target/test-dir/MiniOzoneClusterImpl-1d2bae73-2f79-49ab-b814-65dedb85297e/datanode-4/data/ratis] (custom)
2019-09-12 11:39:47,799 [JUnit] INFO  replication.SimpleContainerDownloader (SimpleContainerDownloader.java:<init>(72)) - Starting container downloader service to copy containers to replicate.
2019-09-12 11:39:47,800 [JUnit] INFO  hdfs.DFSUtil (DFSUtil.java:httpServerTemplateForNNAndJN(1641)) - Starting Web-server for hddsDatanode at: http://0.0.0.0:0
2019-09-12 11:39:47,803 [JUnit] INFO  server.AuthenticationFilter (AuthenticationFilter.java:constructSecretProvider(240)) - Unable to initialize FileSignerSecretProvider, falling back to use random secrets.
2019-09-12 11:39:47,803 [JUnit] WARN  http.HttpRequestLog (HttpRequestLog.java:getRequestLog(97)) - Jetty request log can only be enabled using Log4j
2019-09-12 11:39:47,806 [JUnit] INFO  http.HttpServer2 (HttpServer2.java:addGlobalFilter(975)) - Added global filter 'safety' (class=org.apache.hadoop.http.HttpServer2$QuotingInputFilter)
2019-09-12 11:39:47,807 [JUnit] INFO  http.HttpServer2 (HttpServer2.java:addFilter(948)) - Added filter static_user_filter (class=org.apache.hadoop.http.lib.StaticUserWebFilter$StaticUserFilter) to context hddsDatanode
2019-09-12 11:39:47,808 [JUnit] INFO  http.HttpServer2 (HttpServer2.java:addFilter(958)) - Added filter static_user_filter (class=org.apache.hadoop.http.lib.StaticUserWebFilter$StaticUserFilter) to context logs
2019-09-12 11:39:47,808 [JUnit] INFO  http.HttpServer2 (HttpServer2.java:addFilter(958)) - Added filter static_user_filter (class=org.apache.hadoop.http.lib.StaticUserWebFilter$StaticUserFilter) to context static
2019-09-12 11:39:47,809 [JUnit] INFO  http.HttpServer2 (HttpServer2.java:bindListener(1191)) - Jetty bound to port 38964
2019-09-12 11:39:47,809 [JUnit] INFO  server.Server (Server.java:doStart(351)) - jetty-9.3.24.v20180605, build timestamp: 2018-06-05T17:11:56Z, git hash: 84205aa28f11a4f31f2a3b86d1bba2cc8ab69827
2019-09-12 11:39:47,812 [JUnit] INFO  handler.ContextHandler (ContextHandler.java:doStart(781)) - Started o.e.j.s.ServletContextHandler@3404e5c4{/logs,file:///workdir/hadoop-ozone/ozonefs/target/log,AVAILABLE}
2019-09-12 11:39:47,812 [JUnit] INFO  handler.ContextHandler (ContextHandler.java:doStart(781)) - Started o.e.j.s.ServletContextHandler@42d9e8d2{/static,jar:file:/home/user/.m2/repository/org/apache/hadoop/hadoop-hdds-container-service/0.5.0-SNAPSHOT/hadoop-hdds-container-service-0.5.0-SNAPSHOT.jar!/webapps/static,AVAILABLE}
2019-09-12 11:39:47,848 [JUnit] INFO  handler.ContextHandler (ContextHandler.java:doStart(781)) - Started o.e.j.w.WebAppContext@5d2a86c0{/,file:///tmp/jetty-0.0.0.0-38964-hddsDatanode-_-any-5980774797881781441.dir/webapp/,AVAILABLE}{/hddsDatanode}
2019-09-12 11:39:47,849 [JUnit] INFO  server.AbstractConnector (AbstractConnector.java:doStart(278)) - Started ServerConnector@5ba1b62e{HTTP/1.1,[http/1.1]}{0.0.0.0:38964}
2019-09-12 11:39:47,849 [JUnit] INFO  server.Server (Server.java:doStart(419)) - Started @8108ms
2019-09-12 11:39:47,850 [JUnit] INFO  server.BaseHttpServer (BaseHttpServer.java:updateConnectorAddress(213)) - HTTP server of HDDSDATANODE is listening at http://0.0.0.0:38964
2019-09-12 11:39:48,091 | INFO  | ObjectStoreRestHttpServer | Listening HDDS REST traffic on /0.0.0.0:44593 |  
2019-09-12 11:39:48,091 [JUnit] INFO  ozone.HddsDatanodeService (HddsDatanodeService.java:startPlugins(395)) - Started plug-in org.apache.hadoop.ozone.web.OzoneHddsDatanodeService@5dcf0772
2019-09-12 11:39:48,093 [JUnit] INFO  ozone.MiniOzoneClusterImpl (MiniOzoneClusterImpl.java:lambda$waitForClusterToBeReady$0(142)) - Waiting for cluster to be ready. Got 0 of 5 DN Heartbeats.
2019-09-12 11:39:48,093 [org.apache.hadoop.util.JvmPauseMonitor$Monitor@64ff4d2c] INFO  util.JvmPauseMonitor (JvmPauseMonitor.java:run(188)) - Starting JVM pause monitor
2019-09-12 11:39:48,095 [Datanode State Machine Thread - 0] INFO  datanode.InitDatanodeState (InitDatanodeState.java:persistContainerDatanodeDetails(140)) - DatanodeDetails is persisted to /workdir/hadoop-ozone/ozonefs/target/test-dir/MiniOzoneClusterImpl-1d2bae73-2f79-49ab-b814-65dedb85297e/datanode-4/meta/datanode.id
2019-09-12 11:39:49,022 | INFO  | SCMAudit | user=jenkins1000 | ip=192.168.36.114 | op=GET_VERSION null | ret=SUCCESS |  
2019-09-12 11:39:49,045 [Datanode State Machine Thread - 0] INFO  ozoneimpl.OzoneContainer (OzoneContainer.java:start(186)) - Attempting to start container services.
2019-09-12 11:39:49,046 [Datanode State Machine Thread - 0] INFO  ozoneimpl.OzoneContainer (OzoneContainer.java:startContainerScrub(160)) - Background container scrubber has been disabled by hdds.containerscrub.enabled
2019-09-12 11:39:49,047 [Datanode State Machine Thread - 0] INFO  ratis.XceiverServerRatis (XceiverServerRatis.java:start(404)) - Starting XceiverServerRatis 9148d988-312e-4bdf-a5a7-32d9d6de346b at port 0
2019-09-12 11:39:49,065 [Datanode State Machine Thread - 0] INFO  impl.RaftServerProxy (RaftServerProxy.java:lambda$start$3(299)) - 9148d988-312e-4bdf-a5a7-32d9d6de346b: start RPC server
2019-09-12 11:39:49,094 [JUnit] INFO  ozone.MiniOzoneClusterImpl (MiniOzoneClusterImpl.java:lambda$waitForClusterToBeReady$0(142)) - Waiting for cluster to be ready. Got 0 of 5 DN Heartbeats.
2019-09-12 11:39:49,186 [Datanode State Machine Thread - 0] INFO  server.GrpcService (GrpcService.java:startImpl(149)) - 9148d988-312e-4bdf-a5a7-32d9d6de346b: GrpcService started, listening on 0.0.0.0/0.0.0.0:41656
2019-09-12 11:39:49,187 [Datanode State Machine Thread - 0] INFO  ratis.XceiverServerRatis (XceiverServerRatis.java:start(414)) - XceiverServerRatis 9148d988-312e-4bdf-a5a7-32d9d6de346b is started using port 41656
2019-09-12 11:39:49,189 [Datanode State Machine Thread - 0] INFO  server.XceiverServerGrpc (XceiverServerGrpc.java:start(163)) - XceiverServerGrpc 9148d988-312e-4bdf-a5a7-32d9d6de346b is started using port 43534
2019-09-12 11:39:49,259 | INFO  | SCMAudit | user=jenkins1000 | ip=192.168.36.114 | op=GET_VERSION null | ret=SUCCESS |  
2019-09-12 11:39:49,273 [Datanode State Machine Thread - 0] INFO  ozoneimpl.OzoneContainer (OzoneContainer.java:start(186)) - Attempting to start container services.
2019-09-12 11:39:49,276 [Datanode State Machine Thread - 0] INFO  ozoneimpl.OzoneContainer (OzoneContainer.java:startContainerScrub(160)) - Background container scrubber has been disabled by hdds.containerscrub.enabled
2019-09-12 11:39:49,276 [Datanode State Machine Thread - 0] INFO  ratis.XceiverServerRatis (XceiverServerRatis.java:start(404)) - Starting XceiverServerRatis 1d44087f-ac8e-4e5c-8d8f-c977d94470a7 at port 0
2019-09-12 11:39:49,284 [Datanode State Machine Thread - 0] INFO  impl.RaftServerProxy (RaftServerProxy.java:lambda$start$3(299)) - 1d44087f-ac8e-4e5c-8d8f-c977d94470a7: start RPC server
2019-09-12 11:39:49,287 [Datanode State Machine Thread - 0] INFO  server.GrpcService (GrpcService.java:startImpl(149)) - 1d44087f-ac8e-4e5c-8d8f-c977d94470a7: GrpcService started, listening on 0.0.0.0/0.0.0.0:39712
2019-09-12 11:39:49,287 [Datanode State Machine Thread - 0] INFO  ratis.XceiverServerRatis (XceiverServerRatis.java:start(414)) - XceiverServerRatis 1d44087f-ac8e-4e5c-8d8f-c977d94470a7 is started using port 39712
2019-09-12 11:39:49,290 [Datanode State Machine Thread - 0] INFO  server.XceiverServerGrpc (XceiverServerGrpc.java:start(163)) - XceiverServerGrpc 1d44087f-ac8e-4e5c-8d8f-c977d94470a7 is started using port 44640
2019-09-12 11:39:49,511 | INFO  | SCMAudit | user=jenkins1000 | ip=192.168.36.114 | op=GET_VERSION null | ret=SUCCESS |  
2019-09-12 11:39:49,533 [Datanode State Machine Thread - 0] INFO  ozoneimpl.OzoneContainer (OzoneContainer.java:start(186)) - Attempting to start container services.
2019-09-12 11:39:49,535 [Datanode State Machine Thread - 0] INFO  ozoneimpl.OzoneContainer (OzoneContainer.java:startContainerScrub(160)) - Background container scrubber has been disabled by hdds.containerscrub.enabled
2019-09-12 11:39:49,535 [Datanode State Machine Thread - 0] INFO  ratis.XceiverServerRatis (XceiverServerRatis.java:start(404)) - Starting XceiverServerRatis 044596ee-7e7d-4399-b453-4b0aeb57312a at port 0
2019-09-12 11:39:49,543 [Datanode State Machine Thread - 0] INFO  impl.RaftServerProxy (RaftServerProxy.java:lambda$start$3(299)) - 044596ee-7e7d-4399-b453-4b0aeb57312a: start RPC server
2019-09-12 11:39:49,546 [Datanode State Machine Thread - 0] INFO  server.GrpcService (GrpcService.java:startImpl(149)) - 044596ee-7e7d-4399-b453-4b0aeb57312a: GrpcService started, listening on 0.0.0.0/0.0.0.0:46758
2019-09-12 11:39:49,547 [Datanode State Machine Thread - 0] INFO  ratis.XceiverServerRatis (XceiverServerRatis.java:start(414)) - XceiverServerRatis 044596ee-7e7d-4399-b453-4b0aeb57312a is started using port 46758
2019-09-12 11:39:49,550 [Datanode State Machine Thread - 0] INFO  server.XceiverServerGrpc (XceiverServerGrpc.java:start(163)) - XceiverServerGrpc 044596ee-7e7d-4399-b453-4b0aeb57312a is started using port 40794
2019-09-12 11:39:49,761 | INFO  | SCMAudit | user=jenkins1000 | ip=192.168.36.114 | op=GET_VERSION null | ret=SUCCESS |  
2019-09-12 11:39:49,776 [Datanode State Machine Thread - 0] INFO  ozoneimpl.OzoneContainer (OzoneContainer.java:start(186)) - Attempting to start container services.
2019-09-12 11:39:49,779 [Datanode State Machine Thread - 0] INFO  ozoneimpl.OzoneContainer (OzoneContainer.java:startContainerScrub(160)) - Background container scrubber has been disabled by hdds.containerscrub.enabled
2019-09-12 11:39:49,779 [Datanode State Machine Thread - 0] INFO  ratis.XceiverServerRatis (XceiverServerRatis.java:start(404)) - Starting XceiverServerRatis ff770026-5750-4ac2-9a63-7739260f4b5e at port 0
2019-09-12 11:39:49,788 [Datanode State Machine Thread - 0] INFO  impl.RaftServerProxy (RaftServerProxy.java:lambda$start$3(299)) - ff770026-5750-4ac2-9a63-7739260f4b5e: start RPC server
2019-09-12 11:39:49,791 [Datanode State Machine Thread - 0] INFO  server.GrpcService (GrpcService.java:startImpl(149)) - ff770026-5750-4ac2-9a63-7739260f4b5e: GrpcService started, listening on 0.0.0.0/0.0.0.0:45258
2019-09-12 11:39:49,792 [Datanode State Machine Thread - 0] INFO  ratis.XceiverServerRatis (XceiverServerRatis.java:start(414)) - XceiverServerRatis ff770026-5750-4ac2-9a63-7739260f4b5e is started using port 45258
2019-09-12 11:39:49,795 [Datanode State Machine Thread - 0] INFO  server.XceiverServerGrpc (XceiverServerGrpc.java:start(163)) - XceiverServerGrpc ff770026-5750-4ac2-9a63-7739260f4b5e is started using port 44899
2019-09-12 11:39:50,094 [JUnit] INFO  ozone.MiniOzoneClusterImpl (MiniOzoneClusterImpl.java:lambda$waitForClusterToBeReady$0(142)) - Waiting for cluster to be ready. Got 0 of 5 DN Heartbeats.
2019-09-12 11:39:50,097 | INFO  | SCMAudit | user=jenkins1000 | ip=192.168.36.114 | op=GET_VERSION null | ret=SUCCESS |  
2019-09-12 11:39:50,112 [Datanode State Machine Thread - 0] INFO  ozoneimpl.OzoneContainer (OzoneContainer.java:start(186)) - Attempting to start container services.
2019-09-12 11:39:50,119 [Datanode State Machine Thread - 0] INFO  ozoneimpl.OzoneContainer (OzoneContainer.java:startContainerScrub(160)) - Background container scrubber has been disabled by hdds.containerscrub.enabled
2019-09-12 11:39:50,119 [Datanode State Machine Thread - 0] INFO  ratis.XceiverServerRatis (XceiverServerRatis.java:start(404)) - Starting XceiverServerRatis 9054a02d-1441-493c-bc6a-96f26a20f7c1 at port 0
2019-09-12 11:39:50,127 [Datanode State Machine Thread - 0] INFO  impl.RaftServerProxy (RaftServerProxy.java:lambda$start$3(299)) - 9054a02d-1441-493c-bc6a-96f26a20f7c1: start RPC server
2019-09-12 11:39:50,131 [Datanode State Machine Thread - 0] INFO  server.GrpcService (GrpcService.java:startImpl(149)) - 9054a02d-1441-493c-bc6a-96f26a20f7c1: GrpcService started, listening on 0.0.0.0/0.0.0.0:34071
2019-09-12 11:39:50,131 [Datanode State Machine Thread - 0] INFO  ratis.XceiverServerRatis (XceiverServerRatis.java:start(414)) - XceiverServerRatis 9054a02d-1441-493c-bc6a-96f26a20f7c1 is started using port 34071
2019-09-12 11:39:50,135 [Datanode State Machine Thread - 0] INFO  server.XceiverServerGrpc (XceiverServerGrpc.java:start(163)) - XceiverServerGrpc 9054a02d-1441-493c-bc6a-96f26a20f7c1 is started using port 33826
2019-09-12 11:39:51,038 [IPC Server handler 19 on 40877] INFO  net.NetworkTopology (NetworkTopologyImpl.java:add(110)) - Added a new node: /default-rack/9148d988-312e-4bdf-a5a7-32d9d6de346b
2019-09-12 11:39:51,039 [IPC Server handler 19 on 40877] INFO  node.SCMNodeManager (SCMNodeManager.java:register(273)) - Registered Data node : 9148d988-312e-4bdf-a5a7-32d9d6de346b{ip: 192.168.36.114, host: pr-hdds-1569-58hkm-1881083799, networkLocation: /default-rack, certSerialId: null}
2019-09-12 11:39:51,044 [EventQueue-NodeRegistrationContainerReportForDataNodeSafeModeRule] INFO  safemode.SCMSafeModeManager (DataNodeSafeModeRule.java:process(71)) - SCM in safe mode. 1 DataNodes registered, 1 required.
2019-09-12 11:39:51,045 [EventQueue-NodeRegistrationContainerReportForDataNodeSafeModeRule] INFO  safemode.SCMSafeModeManager (SCMSafeModeManager.java:validateSafeModeExitRules(177)) - ScmSafeModeManager, all rules are successfully validated
2019-09-12 11:39:51,045 [EventQueue-NodeRegistrationContainerReportForDataNodeSafeModeRule] INFO  safemode.SCMSafeModeManager (SCMSafeModeManager.java:exitSafeMode(193)) - SCM exiting safe mode.
2019-09-12 11:39:51,053 | INFO  | SCMAudit | user=jenkins1000 | ip=192.168.36.114 | op=REGISTER {datanodeDetails=9148d988-312e-4bdf-a5a7-32d9d6de346b{ip: 192.168.36.114, host: pr-hdds-1569-58hkm-1881083799, networkLocation: /default-rack, certSerialId: null}} | ret=SUCCESS |  
2019-09-12 11:39:51,097 [JUnit] INFO  ozone.MiniOzoneClusterImpl (MiniOzoneClusterImpl.java:lambda$waitForClusterToBeReady$0(142)) - Waiting for cluster to be ready. Got 1 of 5 DN Heartbeats.
2019-09-12 11:39:51,263 [IPC Server handler 18 on 40877] INFO  net.NetworkTopology (NetworkTopologyImpl.java:add(110)) - Added a new node: /default-rack/1d44087f-ac8e-4e5c-8d8f-c977d94470a7
2019-09-12 11:39:51,263 [IPC Server handler 18 on 40877] INFO  node.SCMNodeManager (SCMNodeManager.java:register(273)) - Registered Data node : 1d44087f-ac8e-4e5c-8d8f-c977d94470a7{ip: 192.168.36.114, host: pr-hdds-1569-58hkm-1881083799, networkLocation: /default-rack, certSerialId: null}
2019-09-12 11:39:51,263 | INFO  | SCMAudit | user=jenkins1000 | ip=192.168.36.114 | op=REGISTER {datanodeDetails=1d44087f-ac8e-4e5c-8d8f-c977d94470a7{ip: 192.168.36.114, host: pr-hdds-1569-58hkm-1881083799, networkLocation: /default-rack, certSerialId: null}} | ret=SUCCESS |  
2019-09-12 11:39:51,511 [IPC Server handler 14 on 40877] INFO  net.NetworkTopology (NetworkTopologyImpl.java:add(110)) - Added a new node: /default-rack/044596ee-7e7d-4399-b453-4b0aeb57312a
2019-09-12 11:39:51,511 [IPC Server handler 14 on 40877] INFO  node.SCMNodeManager (SCMNodeManager.java:register(273)) - Registered Data node : 044596ee-7e7d-4399-b453-4b0aeb57312a{ip: 192.168.36.114, host: pr-hdds-1569-58hkm-1881083799, networkLocation: /default-rack, certSerialId: null}
2019-09-12 11:39:51,512 | INFO  | SCMAudit | user=jenkins1000 | ip=192.168.36.114 | op=REGISTER {datanodeDetails=044596ee-7e7d-4399-b453-4b0aeb57312a{ip: 192.168.36.114, host: pr-hdds-1569-58hkm-1881083799, networkLocation: /default-rack, certSerialId: null}} | ret=SUCCESS |  
2019-09-12 11:39:51,908 [IPC Server handler 15 on 40877] INFO  net.NetworkTopology (NetworkTopologyImpl.java:add(110)) - Added a new node: /default-rack/ff770026-5750-4ac2-9a63-7739260f4b5e
2019-09-12 11:39:51,908 [IPC Server handler 15 on 40877] INFO  node.SCMNodeManager (SCMNodeManager.java:register(273)) - Registered Data node : ff770026-5750-4ac2-9a63-7739260f4b5e{ip: 192.168.36.114, host: pr-hdds-1569-58hkm-1881083799, networkLocation: /default-rack, certSerialId: null}
2019-09-12 11:39:51,909 | INFO  | SCMAudit | user=jenkins1000 | ip=192.168.36.114 | op=REGISTER {datanodeDetails=ff770026-5750-4ac2-9a63-7739260f4b5e{ip: 192.168.36.114, host: pr-hdds-1569-58hkm-1881083799, networkLocation: /default-rack, certSerialId: null}} | ret=SUCCESS |  
2019-09-12 11:39:52,044 [grpc-default-executor-0] INFO  impl.RaftServerProxy (RaftServerProxy.java:addNew(89)) - 9148d988-312e-4bdf-a5a7-32d9d6de346b: addNew group-A98A6AEDA6B5:[9148d988-312e-4bdf-a5a7-32d9d6de346b:192.168.36.114:41656] returns group-A98A6AEDA6B5:java.util.concurrent.CompletableFuture@542751c6[Not completed]
2019-09-12 11:39:52,069 [pool-27-thread-1] INFO  impl.RaftServerImpl (RaftServerImpl.java:<init>(93)) - 9148d988-312e-4bdf-a5a7-32d9d6de346b: new RaftServerImpl for group-A98A6AEDA6B5:[9148d988-312e-4bdf-a5a7-32d9d6de346b:192.168.36.114:41656] with ContainerStateMachine:uninitialized
2019-09-12 11:39:52,071 [pool-27-thread-1] INFO  server.RaftServerConfigKeys (ConfUtils.java:logGet(43)) - raft.server.rpc.timeout.min = 5s (custom)
2019-09-12 11:39:52,072 [pool-27-thread-1] INFO  server.RaftServerConfigKeys (ConfUtils.java:logGet(43)) - raft.server.rpc.timeout.max = 5200ms (custom)
2019-09-12 11:39:52,072 [pool-27-thread-1] INFO  server.RaftServerConfigKeys (ConfUtils.java:logGet(43)) - raft.server.rpcslowness.timeout = 120s (custom)
2019-09-12 11:39:52,073 [pool-27-thread-1] INFO  server.RaftServerConfigKeys (ConfUtils.java:logGet(43)) - raft.server.sleep.deviation.threshold = 300 (default)
2019-09-12 11:39:52,074 [pool-27-thread-1] INFO  server.RaftServerConfigKeys (ConfUtils.java:logGet(43)) - raft.server.log.appender.install.snapshot.enabled = false (custom)
2019-09-12 11:39:52,083 [pool-27-thread-1] INFO  impl.RaftServerImpl (ServerState.java:<init>(105)) - 9148d988-312e-4bdf-a5a7-32d9d6de346b:group-A98A6AEDA6B5 ConfigurationManager, init=-1: [9148d988-312e-4bdf-a5a7-32d9d6de346b:192.168.36.114:41656], old=null, confs=<EMPTY_MAP>
2019-09-12 11:39:52,083 [pool-27-thread-1] INFO  server.RaftServerConfigKeys (ConfUtils.java:logGet(43)) - raft.server.storage.dir = [/workdir/hadoop-ozone/ozonefs/target/test-dir/MiniOzoneClusterImpl-1d2bae73-2f79-49ab-b814-65dedb85297e/datanode-0/data/ratis] (custom)
2019-09-12 11:39:52,092 [pool-27-thread-1] INFO  storage.RaftStorageDirectory (RaftStorageDirectory.java:analyzeStorage(246)) - The storage directory /workdir/hadoop-ozone/ozonefs/target/test-dir/MiniOzoneClusterImpl-1d2bae73-2f79-49ab-b814-65dedb85297e/datanode-0/data/ratis/a24e8ec6-255d-4fce-ae3f-a98a6aeda6b5 does not exist. Creating ...
2019-09-12 11:39:52,098 [IPC Server handler 18 on 40877] INFO  net.NetworkTopology (NetworkTopologyImpl.java:add(110)) - Added a new node: /default-rack/9054a02d-1441-493c-bc6a-96f26a20f7c1
2019-09-12 11:39:52,098 [IPC Server handler 18 on 40877] INFO  node.SCMNodeManager (SCMNodeManager.java:register(273)) - Registered Data node : 9054a02d-1441-493c-bc6a-96f26a20f7c1{ip: 192.168.36.114, host: pr-hdds-1569-58hkm-1881083799, networkLocation: /default-rack, certSerialId: null}
2019-09-12 11:39:52,098 | INFO  | SCMAudit | user=jenkins1000 | ip=192.168.36.114 | op=REGISTER {datanodeDetails=9054a02d-1441-493c-bc6a-96f26a20f7c1{ip: 192.168.36.114, host: pr-hdds-1569-58hkm-1881083799, networkLocation: /default-rack, certSerialId: null}} | ret=SUCCESS |  
2019-09-12 11:39:52,098 [JUnit] INFO  ozone.MiniOzoneClusterImpl (MiniOzoneClusterImpl.java:lambda$waitForClusterToBeReady$0(142)) - Cluster is ready. Got 5 of 5 DN Heartbeats.
2019-09-12 11:39:52,110 [pool-27-thread-1] INFO  storage.RaftStorageDirectory (RaftStorageDirectory.java:tryLock(328)) - Lock on /workdir/hadoop-ozone/ozonefs/target/test-dir/MiniOzoneClusterImpl-1d2bae73-2f79-49ab-b814-65dedb85297e/datanode-0/data/ratis/a24e8ec6-255d-4fce-ae3f-a98a6aeda6b5/in_use.lock acquired by nodename 3232@pr-hdds-1569-58hkm-1881083799
2019-09-12 11:39:52,127 [pool-27-thread-1] INFO  storage.RaftStorage (RaftStorage.java:format(72)) - Storage directory /workdir/hadoop-ozone/ozonefs/target/test-dir/MiniOzoneClusterImpl-1d2bae73-2f79-49ab-b814-65dedb85297e/datanode-0/data/ratis/a24e8ec6-255d-4fce-ae3f-a98a6aeda6b5 has been successfully formatted.
2019-09-12 11:39:52,131 [pool-27-thread-1] INFO  ratis.ContainerStateMachine (ContainerStateMachine.java:loadSnapshot(226)) - group-A98A6AEDA6B5: The snapshot info is null. Setting the last applied indexto:(t:0, i:~)
2019-09-12 11:39:52,131 [pool-27-thread-1] INFO  server.RaftServerConfigKeys (ConfUtils.java:logGet(43)) - raft.server.leader.election.timeout = 120s (custom)
2019-09-12 11:39:52,135 [pool-27-thread-1] INFO  server.RaftServerConfigKeys (ConfUtils.java:logGet(43)) - raft.server.log.use.memory = false (default)
2019-09-12 11:39:52,143 [pool-27-thread-1] INFO  server.RaftServerConfigKeys (ConfUtils.java:logGet(43)) - raft.server.log.purge.gap = 1000000 (custom)
2019-09-12 11:39:52,144 [pool-27-thread-1] INFO  server.RaftServerConfigKeys (ConfUtils.java:logGet(43)) - raft.server.log.appender.buffer.byte-limit = 33554432 (custom)
2019-09-12 11:39:52,146 [pool-27-thread-1] INFO  server.RaftServerConfigKeys (ConfUtils.java:logGet(43)) - raft.server.log.segment.size.max = 1048576 (custom)
2019-09-12 11:39:52,153 [pool-27-thread-1] INFO  server.RaftServerConfigKeys (ConfUtils.java:logGet(43)) - raft.server.log.segment.cache.num.max = 2 (custom)
2019-09-12 11:39:52,161 [pool-27-thread-1] INFO  segmented.SegmentedRaftLogWorker (SegmentedRaftLogWorker.java:<init>(172)) - new 9148d988-312e-4bdf-a5a7-32d9d6de346b-SegmentedRaftLogWorker:Storage Directory /workdir/hadoop-ozone/ozonefs/target/test-dir/MiniOzoneClusterImpl-1d2bae73-2f79-49ab-b814-65dedb85297e/datanode-0/data/ratis/a24e8ec6-255d-4fce-ae3f-a98a6aeda6b5 for RaftStorage:Storage Directory /workdir/hadoop-ozone/ozonefs/target/test-dir/MiniOzoneClusterImpl-1d2bae73-2f79-49ab-b814-65dedb85297e/datanode-0/data/ratis/a24e8ec6-255d-4fce-ae3f-a98a6aeda6b5
2019-09-12 11:39:52,178 [pool-27-thread-1] INFO  server.RaftServerConfigKeys (ConfUtils.java:logGet(43)) - raft.server.log.queue.byte-limit = 2147483647 (custom)
2019-09-12 11:39:52,179 [pool-27-thread-1] INFO  server.RaftServerConfigKeys (ConfUtils.java:logGet(43)) - raft.server.log.queue.element-limit = 1024 (custom)
2019-09-12 11:39:52,186 [pool-27-thread-1] INFO  server.RaftServerConfigKeys (ConfUtils.java:logGet(43)) - raft.server.log.segment.size.max = 1048576 (custom)
2019-09-12 11:39:52,186 [pool-27-thread-1] INFO  server.RaftServerConfigKeys (ConfUtils.java:logGet(43)) - raft.server.log.preallocated.size = 16384 (custom)
2019-09-12 11:39:52,187 [pool-27-thread-1] INFO  server.RaftServerConfigKeys (ConfUtils.java:logGet(43)) - raft.server.log.write.buffer.size = 33554432 (custom)
2019-09-12 11:39:52,187 [pool-27-thread-1] INFO  server.RaftServerConfigKeys (ConfUtils.java:logGet(43)) - raft.server.log.force.sync.num = 128 (default)
2019-09-12 11:39:52,189 [pool-27-thread-1] INFO  server.RaftServerConfigKeys (ConfUtils.java:logGet(43)) - raft.server.log.statemachine.data.sync = true (default)
2019-09-12 11:39:52,189 [pool-27-thread-1] INFO  server.RaftServerConfigKeys (ConfUtils.java:logGet(43)) - raft.server.log.statemachine.data.sync.timeout = 10s (default)
2019-09-12 11:39:52,189 [pool-27-thread-1] INFO  server.RaftServerConfigKeys (ConfUtils.java:logGet(43)) - raft.server.log.statemachine.data.sync.timeout.retry = -1 (default)
2019-09-12 11:39:52,201 [pool-27-thread-1] INFO  server.RaftServerConfigKeys (ConfUtils.java:logGet(43)) - raft.server.log.statemachine.data.caching.enabled = true (custom)
2019-09-12 11:39:52,207 [pool-27-thread-1] INFO  segmented.SegmentedRaftLogWorker (SegmentedRaftLogWorker.java:lambda$new$0(132)) - 9148d988-312e-4bdf-a5a7-32d9d6de346b-SegmentedRaftLogWorker:Storage Directory /workdir/hadoop-ozone/ozonefs/target/test-dir/MiniOzoneClusterImpl-1d2bae73-2f79-49ab-b814-65dedb85297e/datanode-0/data/ratis/a24e8ec6-255d-4fce-ae3f-a98a6aeda6b5: flushIndex: setUnconditionally 0 -> -1
2019-09-12 11:39:52,212 [pool-27-thread-1] INFO  server.RaftServerConfigKeys (ConfUtils.java:logGet(43)) - raft.server.snapshot.auto.trigger.enabled = true (custom)
2019-09-12 11:39:52,213 [pool-27-thread-1] INFO  server.RaftServerConfigKeys (ConfUtils.java:logGet(43)) - raft.server.snapshot.auto.trigger.threshold = 10000 (custom)
2019-09-12 11:39:52,213 [pool-27-thread-1] INFO  server.RaftServerConfigKeys (ConfUtils.java:logGet(43)) - raft.server.retrycache.expirytime = 600000ms (custom)
2019-09-12 11:39:52,238 [pool-27-thread-1] INFO  impl.RaftServerImpl (RaftServerImpl.java:start(180)) - 9148d988-312e-4bdf-a5a7-32d9d6de346b: start group-A98A6AEDA6B5
2019-09-12 11:39:52,240 [pool-27-thread-1] INFO  impl.RaftServerImpl (RaftServerImpl.java:setRole(171)) - 9148d988-312e-4bdf-a5a7-32d9d6de346b:group-A98A6AEDA6B5 changes role from null to FOLLOWER at term 0 for startAsFollower
2019-09-12 11:39:52,241 [pool-27-thread-1] INFO  impl.RoleInfo (RoleInfo.java:updateAndGet(143)) - 9148d988-312e-4bdf-a5a7-32d9d6de346b: start FollowerState
2019-09-12 11:39:52,243 [pool-27-thread-1] INFO  util.JmxRegister (JmxRegister.java:tryRegister(44)) - Successfully registered JMX Bean with object name Ratis:service=RaftServer,group=group-A98A6AEDA6B5,id=9148d988-312e-4bdf-a5a7-32d9d6de346b
2019-09-12 11:39:52,323 [RatisPipelineUtilsThread] INFO  pipeline.PipelineStateManager (PipelineStateManager.java:addPipeline(56)) - Created pipeline Pipeline[ Id: a24e8ec6-255d-4fce-ae3f-a98a6aeda6b5, Nodes: 9148d988-312e-4bdf-a5a7-32d9d6de346b{ip: 192.168.36.114, host: pr-hdds-1569-58hkm-1881083799, networkLocation: /default-rack, certSerialId: null}, Type:RATIS, Factor:ONE, State:OPEN]
2019-09-12 11:39:52,353 [grpc-default-executor-0] INFO  impl.RaftServerProxy (RaftServerProxy.java:addNew(89)) - 044596ee-7e7d-4399-b453-4b0aeb57312a: addNew group-D6A6C709A22A:[044596ee-7e7d-4399-b453-4b0aeb57312a:192.168.36.114:46758] returns group-D6A6C709A22A:java.util.concurrent.CompletableFuture@6c296654[Not completed]
2019-09-12 11:39:52,397 [pool-49-thread-1] INFO  impl.RaftServerImpl (RaftServerImpl.java:<init>(93)) - 044596ee-7e7d-4399-b453-4b0aeb57312a: new RaftServerImpl for group-D6A6C709A22A:[044596ee-7e7d-4399-b453-4b0aeb57312a:192.168.36.114:46758] with ContainerStateMachine:uninitialized
2019-09-12 11:39:52,398 [pool-49-thread-1] INFO  server.RaftServerConfigKeys (ConfUtils.java:logGet(43)) - raft.server.rpc.timeout.min = 5s (custom)
2019-09-12 11:39:52,398 [pool-49-thread-1] INFO  server.RaftServerConfigKeys (ConfUtils.java:logGet(43)) - raft.server.rpc.timeout.max = 5200ms (custom)
2019-09-12 11:39:52,398 [pool-49-thread-1] INFO  server.RaftServerConfigKeys (ConfUtils.java:logGet(43)) - raft.server.rpcslowness.timeout = 120s (custom)
2019-09-12 11:39:52,399 [pool-49-thread-1] INFO  server.RaftServerConfigKeys (ConfUtils.java:logGet(43)) - raft.server.sleep.deviation.threshold = 300 (default)
2019-09-12 11:39:52,399 [pool-49-thread-1] INFO  server.RaftServerConfigKeys (ConfUtils.java:logGet(43)) - raft.server.log.appender.install.snapshot.enabled = false (custom)
2019-09-12 11:39:52,399 [pool-49-thread-1] INFO  impl.RaftServerImpl (ServerState.java:<init>(105)) - 044596ee-7e7d-4399-b453-4b0aeb57312a:group-D6A6C709A22A ConfigurationManager, init=-1: [044596ee-7e7d-4399-b453-4b0aeb57312a:192.168.36.114:46758], old=null, confs=<EMPTY_MAP>
2019-09-12 11:39:52,399 [pool-49-thread-1] INFO  server.RaftServerConfigKeys (ConfUtils.java:logGet(43)) - raft.server.storage.dir = [/workdir/hadoop-ozone/ozonefs/target/test-dir/MiniOzoneClusterImpl-1d2bae73-2f79-49ab-b814-65dedb85297e/datanode-2/data/ratis] (custom)
2019-09-12 11:39:52,400 [pool-49-thread-1] INFO  storage.RaftStorageDirectory (RaftStorageDirectory.java:analyzeStorage(246)) - The storage directory /workdir/hadoop-ozone/ozonefs/target/test-dir/MiniOzoneClusterImpl-1d2bae73-2f79-49ab-b814-65dedb85297e/datanode-2/data/ratis/ec7dc66f-3151-4e1e-a274-d6a6c709a22a does not exist. Creating ...
2019-09-12 11:39:52,414 [pool-49-thread-1] INFO  storage.RaftStorageDirectory (RaftStorageDirectory.java:tryLock(328)) - Lock on /workdir/hadoop-ozone/ozonefs/target/test-dir/MiniOzoneClusterImpl-1d2bae73-2f79-49ab-b814-65dedb85297e/datanode-2/data/ratis/ec7dc66f-3151-4e1e-a274-d6a6c709a22a/in_use.lock acquired by nodename 3232@pr-hdds-1569-58hkm-1881083799
2019-09-12 11:39:52,433 [pool-49-thread-1] INFO  storage.RaftStorage (RaftStorage.java:format(72)) - Storage directory /workdir/hadoop-ozone/ozonefs/target/test-dir/MiniOzoneClusterImpl-1d2bae73-2f79-49ab-b814-65dedb85297e/datanode-2/data/ratis/ec7dc66f-3151-4e1e-a274-d6a6c709a22a has been successfully formatted.
2019-09-12 11:39:52,435 [pool-49-thread-1] INFO  ratis.ContainerStateMachine (ContainerStateMachine.java:loadSnapshot(226)) - group-D6A6C709A22A: The snapshot info is null. Setting the last applied indexto:(t:0, i:~)
2019-09-12 11:39:52,436 [pool-49-thread-1] INFO  server.RaftServerConfigKeys (ConfUtils.java:logGet(43)) - raft.server.leader.election.timeout = 120s (custom)
2019-09-12 11:39:52,436 [pool-49-thread-1] INFO  server.RaftServerConfigKeys (ConfUtils.java:logGet(43)) - raft.server.log.use.memory = false (default)
2019-09-12 11:39:52,437 [pool-49-thread-1] INFO  server.RaftServerConfigKeys (ConfUtils.java:logGet(43)) - raft.server.log.purge.gap = 1000000 (custom)
2019-09-12 11:39:52,437 [pool-49-thread-1] INFO  server.RaftServerConfigKeys (ConfUtils.java:logGet(43)) - raft.server.log.appender.buffer.byte-limit = 33554432 (custom)
2019-09-12 11:39:52,437 [pool-49-thread-1] INFO  server.RaftServerConfigKeys (ConfUtils.java:logGet(43)) - raft.server.log.segment.size.max = 1048576 (custom)
2019-09-12 11:39:52,437 [pool-49-thread-1] INFO  server.RaftServerConfigKeys (ConfUtils.java:logGet(43)) - raft.server.log.segment.cache.num.max = 2 (custom)
2019-09-12 11:39:52,437 [pool-49-thread-1] INFO  segmented.SegmentedRaftLogWorker (SegmentedRaftLogWorker.java:<init>(172)) - new 044596ee-7e7d-4399-b453-4b0aeb57312a-SegmentedRaftLogWorker:Storage Directory /workdir/hadoop-ozone/ozonefs/target/test-dir/MiniOzoneClusterImpl-1d2bae73-2f79-49ab-b814-65dedb85297e/datanode-2/data/ratis/ec7dc66f-3151-4e1e-a274-d6a6c709a22a for RaftStorage:Storage Directory /workdir/hadoop-ozone/ozonefs/target/test-dir/MiniOzoneClusterImpl-1d2bae73-2f79-49ab-b814-65dedb85297e/datanode-2/data/ratis/ec7dc66f-3151-4e1e-a274-d6a6c709a22a
2019-09-12 11:39:52,442 [pool-49-thread-1] INFO  server.RaftServerConfigKeys (ConfUtils.java:logGet(43)) - raft.server.log.queue.byte-limit = 2147483647 (custom)
2019-09-12 11:39:52,442 [pool-49-thread-1] INFO  server.RaftServerConfigKeys (ConfUtils.java:logGet(43)) - raft.server.log.queue.element-limit = 1024 (custom)
2019-09-12 11:39:52,443 [pool-49-thread-1] INFO  server.RaftServerConfigKeys (ConfUtils.java:logGet(43)) - raft.server.log.segment.size.max = 1048576 (custom)
2019-09-12 11:39:52,443 [pool-49-thread-1] INFO  server.RaftServerConfigKeys (ConfUtils.java:logGet(43)) - raft.server.log.preallocated.size = 16384 (custom)
2019-09-12 11:39:52,443 [pool-49-thread-1] INFO  server.RaftServerConfigKeys (ConfUtils.java:logGet(43)) - raft.server.log.write.buffer.size = 33554432 (custom)
2019-09-12 11:39:52,443 [pool-49-thread-1] INFO  server.RaftServerConfigKeys (ConfUtils.java:logGet(43)) - raft.server.log.force.sync.num = 128 (default)
2019-09-12 11:39:52,443 [pool-49-thread-1] INFO  server.RaftServerConfigKeys (ConfUtils.java:logGet(43)) - raft.server.log.statemachine.data.sync = true (default)
2019-09-12 11:39:52,443 [pool-49-thread-1] INFO  server.RaftServerConfigKeys (ConfUtils.java:logGet(43)) - raft.server.log.statemachine.data.sync.timeout = 10s (default)
2019-09-12 11:39:52,444 [pool-49-thread-1] INFO  server.RaftServerConfigKeys (ConfUtils.java:logGet(43)) - raft.server.log.statemachine.data.sync.timeout.retry = -1 (default)
2019-09-12 11:39:52,444 [pool-49-thread-1] INFO  server.RaftServerConfigKeys (ConfUtils.java:logGet(43)) - raft.server.log.statemachine.data.caching.enabled = true (custom)
2019-09-12 11:39:52,445 [pool-49-thread-1] INFO  segmented.SegmentedRaftLogWorker (SegmentedRaftLogWorker.java:lambda$new$0(132)) - 044596ee-7e7d-4399-b453-4b0aeb57312a-SegmentedRaftLogWorker:Storage Directory /workdir/hadoop-ozone/ozonefs/target/test-dir/MiniOzoneClusterImpl-1d2bae73-2f79-49ab-b814-65dedb85297e/datanode-2/data/ratis/ec7dc66f-3151-4e1e-a274-d6a6c709a22a: flushIndex: setUnconditionally 0 -> -1
2019-09-12 11:39:52,445 [pool-49-thread-1] INFO  server.RaftServerConfigKeys (ConfUtils.java:logGet(43)) - raft.server.snapshot.auto.trigger.enabled = true (custom)
2019-09-12 11:39:52,445 [pool-49-thread-1] INFO  server.RaftServerConfigKeys (ConfUtils.java:logGet(43)) - raft.server.snapshot.auto.trigger.threshold = 10000 (custom)
2019-09-12 11:39:52,445 [pool-49-thread-1] INFO  server.RaftServerConfigKeys (ConfUtils.java:logGet(43)) - raft.server.retrycache.expirytime = 600000ms (custom)
2019-09-12 11:39:52,446 [pool-49-thread-1] INFO  impl.RaftServerImpl (RaftServerImpl.java:start(180)) - 044596ee-7e7d-4399-b453-4b0aeb57312a: start group-D6A6C709A22A
2019-09-12 11:39:52,446 [pool-49-thread-1] INFO  impl.RaftServerImpl (RaftServerImpl.java:setRole(171)) - 044596ee-7e7d-4399-b453-4b0aeb57312a:group-D6A6C709A22A changes role from null to FOLLOWER at term 0 for startAsFollower
2019-09-12 11:39:52,446 [pool-49-thread-1] INFO  impl.RoleInfo (RoleInfo.java:updateAndGet(143)) - 044596ee-7e7d-4399-b453-4b0aeb57312a: start FollowerState
2019-09-12 11:39:52,450 [pool-49-thread-1] INFO  util.JmxRegister (JmxRegister.java:tryRegister(44)) - Successfully registered JMX Bean with object name Ratis:service=RaftServer,group=group-D6A6C709A22A,id=044596ee-7e7d-4399-b453-4b0aeb57312a
2019-09-12 11:39:52,466 [RatisPipelineUtilsThread] INFO  pipeline.PipelineStateManager (PipelineStateManager.java:addPipeline(56)) - Created pipeline Pipeline[ Id: ec7dc66f-3151-4e1e-a274-d6a6c709a22a, Nodes: 044596ee-7e7d-4399-b453-4b0aeb57312a{ip: 192.168.36.114, host: pr-hdds-1569-58hkm-1881083799, networkLocation: /default-rack, certSerialId: null}, Type:RATIS, Factor:ONE, State:OPEN]
2019-09-12 11:39:52,484 [grpc-default-executor-0] INFO  impl.RaftServerProxy (RaftServerProxy.java:addNew(89)) - 9148d988-312e-4bdf-a5a7-32d9d6de346b: addNew group-C79CAF0719BC:[9148d988-312e-4bdf-a5a7-32d9d6de346b:192.168.36.114:41656] returns group-C79CAF0719BC:java.util.concurrent.CompletableFuture@5381991d[Not completed]
2019-09-12 11:39:52,492 [pool-27-thread-1] INFO  impl.RaftServerImpl (RaftServerImpl.java:<init>(93)) - 9148d988-312e-4bdf-a5a7-32d9d6de346b: new RaftServerImpl for group-C79CAF0719BC:[9148d988-312e-4bdf-a5a7-32d9d6de346b:192.168.36.114:41656] with ContainerStateMachine:uninitialized
2019-09-12 11:39:52,493 [pool-27-thread-1] INFO  server.RaftServerConfigKeys (ConfUtils.java:logGet(43)) - raft.server.rpc.timeout.min = 5s (custom)
2019-09-12 11:39:52,493 [pool-27-thread-1] INFO  server.RaftServerConfigKeys (ConfUtils.java:logGet(43)) - raft.server.rpc.timeout.max = 5200ms (custom)
2019-09-12 11:39:52,493 [pool-27-thread-1] INFO  server.RaftServerConfigKeys (ConfUtils.java:logGet(43)) - raft.server.rpcslowness.timeout = 120s (custom)
2019-09-12 11:39:52,493 [pool-27-thread-1] INFO  server.RaftServerConfigKeys (ConfUtils.java:logGet(43)) - raft.server.sleep.deviation.threshold = 300 (default)
2019-09-12 11:39:52,493 [pool-27-thread-1] INFO  server.RaftServerConfigKeys (ConfUtils.java:logGet(43)) - raft.server.log.appender.install.snapshot.enabled = false (custom)
2019-09-12 11:39:52,493 [pool-27-thread-1] INFO  impl.RaftServerImpl (ServerState.java:<init>(105)) - 9148d988-312e-4bdf-a5a7-32d9d6de346b:group-C79CAF0719BC ConfigurationManager, init=-1: [9148d988-312e-4bdf-a5a7-32d9d6de346b:192.168.36.114:41656], old=null, confs=<EMPTY_MAP>
2019-09-12 11:39:52,493 [pool-27-thread-1] INFO  server.RaftServerConfigKeys (ConfUtils.java:logGet(43)) - raft.server.storage.dir = [/workdir/hadoop-ozone/ozonefs/target/test-dir/MiniOzoneClusterImpl-1d2bae73-2f79-49ab-b814-65dedb85297e/datanode-0/data/ratis] (custom)
2019-09-12 11:39:52,494 [pool-27-thread-1] INFO  storage.RaftStorageDirectory (RaftStorageDirectory.java:analyzeStorage(246)) - The storage directory /workdir/hadoop-ozone/ozonefs/target/test-dir/MiniOzoneClusterImpl-1d2bae73-2f79-49ab-b814-65dedb85297e/datanode-0/data/ratis/66c94b44-1e73-4a74-8b2a-c79caf0719bc does not exist. Creating ...
2019-09-12 11:39:52,506 [pool-27-thread-1] INFO  storage.RaftStorageDirectory (RaftStorageDirectory.java:tryLock(328)) - Lock on /workdir/hadoop-ozone/ozonefs/target/test-dir/MiniOzoneClusterImpl-1d2bae73-2f79-49ab-b814-65dedb85297e/datanode-0/data/ratis/66c94b44-1e73-4a74-8b2a-c79caf0719bc/in_use.lock acquired by nodename 3232@pr-hdds-1569-58hkm-1881083799
2019-09-12 11:39:52,519 [pool-27-thread-1] INFO  storage.RaftStorage (RaftStorage.java:format(72)) - Storage directory /workdir/hadoop-ozone/ozonefs/target/test-dir/MiniOzoneClusterImpl-1d2bae73-2f79-49ab-b814-65dedb85297e/datanode-0/data/ratis/66c94b44-1e73-4a74-8b2a-c79caf0719bc has been successfully formatted.
2019-09-12 11:39:52,519 [pool-27-thread-1] INFO  ratis.ContainerStateMachine (ContainerStateMachine.java:loadSnapshot(226)) - group-C79CAF0719BC: The snapshot info is null. Setting the last applied indexto:(t:0, i:~)
2019-09-12 11:39:52,520 [pool-27-thread-1] INFO  server.RaftServerConfigKeys (ConfUtils.java:logGet(43)) - raft.server.leader.election.timeout = 120s (custom)
2019-09-12 11:39:52,520 [pool-27-thread-1] INFO  server.RaftServerConfigKeys (ConfUtils.java:logGet(43)) - raft.server.log.use.memory = false (default)
2019-09-12 11:39:52,520 [pool-27-thread-1] INFO  server.RaftServerConfigKeys (ConfUtils.java:logGet(43)) - raft.server.log.purge.gap = 1000000 (custom)
2019-09-12 11:39:52,520 [pool-27-thread-1] INFO  server.RaftServerConfigKeys (ConfUtils.java:logGet(43)) - raft.server.log.appender.buffer.byte-limit = 33554432 (custom)
2019-09-12 11:39:52,520 [pool-27-thread-1] INFO  server.RaftServerConfigKeys (ConfUtils.java:logGet(43)) - raft.server.log.segment.size.max = 1048576 (custom)
2019-09-12 11:39:52,521 [pool-27-thread-1] INFO  server.RaftServerConfigKeys (ConfUtils.java:logGet(43)) - raft.server.log.segment.cache.num.max = 2 (custom)
2019-09-12 11:39:52,521 [pool-27-thread-1] INFO  segmented.SegmentedRaftLogWorker (SegmentedRaftLogWorker.java:<init>(172)) - new 9148d988-312e-4bdf-a5a7-32d9d6de346b-SegmentedRaftLogWorker:Storage Directory /workdir/hadoop-ozone/ozonefs/target/test-dir/MiniOzoneClusterImpl-1d2bae73-2f79-49ab-b814-65dedb85297e/datanode-0/data/ratis/66c94b44-1e73-4a74-8b2a-c79caf0719bc for RaftStorage:Storage Directory /workdir/hadoop-ozone/ozonefs/target/test-dir/MiniOzoneClusterImpl-1d2bae73-2f79-49ab-b814-65dedb85297e/datanode-0/data/ratis/66c94b44-1e73-4a74-8b2a-c79caf0719bc
2019-09-12 11:39:52,521 [pool-27-thread-1] INFO  server.RaftServerConfigKeys (ConfUtils.java:logGet(43)) - raft.server.log.queue.byte-limit = 2147483647 (custom)
2019-09-12 11:39:52,521 [pool-27-thread-1] INFO  server.RaftServerConfigKeys (ConfUtils.java:logGet(43)) - raft.server.log.queue.element-limit = 1024 (custom)
2019-09-12 11:39:52,521 [pool-27-thread-1] INFO  server.RaftServerConfigKeys (ConfUtils.java:logGet(43)) - raft.server.log.segment.size.max = 1048576 (custom)
2019-09-12 11:39:52,521 [pool-27-thread-1] INFO  server.RaftServerConfigKeys (ConfUtils.java:logGet(43)) - raft.server.log.preallocated.size = 16384 (custom)
2019-09-12 11:39:52,522 [pool-27-thread-1] INFO  server.RaftServerConfigKeys (ConfUtils.java:logGet(43)) - raft.server.log.write.buffer.size = 33554432 (custom)
2019-09-12 11:39:52,522 [pool-27-thread-1] INFO  server.RaftServerConfigKeys (ConfUtils.java:logGet(43)) - raft.server.log.force.sync.num = 128 (default)
2019-09-12 11:39:52,522 [pool-27-thread-1] INFO  server.RaftServerConfigKeys (ConfUtils.java:logGet(43)) - raft.server.log.statemachine.data.sync = true (default)
2019-09-12 11:39:52,522 [pool-27-thread-1] INFO  server.RaftServerConfigKeys (ConfUtils.java:logGet(43)) - raft.server.log.statemachine.data.sync.timeout = 10s (default)
2019-09-12 11:39:52,522 [pool-27-thread-1] INFO  server.RaftServerConfigKeys (ConfUtils.java:logGet(43)) - raft.server.log.statemachine.data.sync.timeout.retry = -1 (default)
2019-09-12 11:39:52,523 [pool-27-thread-1] INFO  server.RaftServerConfigKeys (ConfUtils.java:logGet(43)) - raft.server.log.statemachine.data.caching.enabled = true (custom)
2019-09-12 11:39:52,523 [pool-27-thread-1] INFO  segmented.SegmentedRaftLogWorker (SegmentedRaftLogWorker.java:lambda$new$0(132)) - 9148d988-312e-4bdf-a5a7-32d9d6de346b-SegmentedRaftLogWorker:Storage Directory /workdir/hadoop-ozone/ozonefs/target/test-dir/MiniOzoneClusterImpl-1d2bae73-2f79-49ab-b814-65dedb85297e/datanode-0/data/ratis/66c94b44-1e73-4a74-8b2a-c79caf0719bc: flushIndex: setUnconditionally 0 -> -1
2019-09-12 11:39:52,523 [pool-27-thread-1] INFO  server.RaftServerConfigKeys (ConfUtils.java:logGet(43)) - raft.server.snapshot.auto.trigger.enabled = true (custom)
2019-09-12 11:39:52,523 [pool-27-thread-1] INFO  server.RaftServerConfigKeys (ConfUtils.java:logGet(43)) - raft.server.snapshot.auto.trigger.threshold = 10000 (custom)
2019-09-12 11:39:52,524 [pool-27-thread-1] INFO  server.RaftServerConfigKeys (ConfUtils.java:logGet(43)) - raft.server.retrycache.expirytime = 600000ms (custom)
2019-09-12 11:39:52,524 [pool-27-thread-1] INFO  impl.RaftServerImpl (RaftServerImpl.java:start(180)) - 9148d988-312e-4bdf-a5a7-32d9d6de346b: start group-C79CAF0719BC
2019-09-12 11:39:52,524 [pool-27-thread-1] INFO  impl.RaftServerImpl (RaftServerImpl.java:setRole(171)) - 9148d988-312e-4bdf-a5a7-32d9d6de346b:group-C79CAF0719BC changes role from null to FOLLOWER at term 0 for startAsFollower
2019-09-12 11:39:52,524 [pool-27-thread-1] INFO  impl.RoleInfo (RoleInfo.java:updateAndGet(143)) - 9148d988-312e-4bdf-a5a7-32d9d6de346b: start FollowerState
2019-09-12 11:39:52,525 [pool-27-thread-1] INFO  util.JmxRegister (JmxRegister.java:tryRegister(44)) - Successfully registered JMX Bean with object name Ratis:service=RaftServer,group=group-C79CAF0719BC,id=9148d988-312e-4bdf-a5a7-32d9d6de346b
2019-09-12 11:39:52,536 [RatisPipelineUtilsThread] INFO  pipeline.PipelineStateManager (PipelineStateManager.java:addPipeline(56)) - Created pipeline Pipeline[ Id: 66c94b44-1e73-4a74-8b2a-c79caf0719bc, Nodes: 9148d988-312e-4bdf-a5a7-32d9d6de346b{ip: 192.168.36.114, host: pr-hdds-1569-58hkm-1881083799, networkLocation: /default-rack, certSerialId: null}, Type:RATIS, Factor:ONE, State:OPEN]
2019-09-12 11:39:52,557 [grpc-default-executor-0] INFO  impl.RaftServerProxy (RaftServerProxy.java:addNew(89)) - 9054a02d-1441-493c-bc6a-96f26a20f7c1: addNew group-8194A80F2E59:[9054a02d-1441-493c-bc6a-96f26a20f7c1:192.168.36.114:34071] returns group-8194A80F2E59:java.util.concurrent.CompletableFuture@29108b0a[Not completed]
2019-09-12 11:39:52,560 [pool-71-thread-1] INFO  impl.RaftServerImpl (RaftServerImpl.java:<init>(93)) - 9054a02d-1441-493c-bc6a-96f26a20f7c1: new RaftServerImpl for group-8194A80F2E59:[9054a02d-1441-493c-bc6a-96f26a20f7c1:192.168.36.114:34071] with ContainerStateMachine:uninitialized
2019-09-12 11:39:52,560 [pool-71-thread-1] INFO  server.RaftServerConfigKeys (ConfUtils.java:logGet(43)) - raft.server.rpc.timeout.min = 5s (custom)
2019-09-12 11:39:52,561 [pool-71-thread-1] INFO  server.RaftServerConfigKeys (ConfUtils.java:logGet(43)) - raft.server.rpc.timeout.max = 5200ms (custom)
2019-09-12 11:39:52,561 [pool-71-thread-1] INFO  server.RaftServerConfigKeys (ConfUtils.java:logGet(43)) - raft.server.rpcslowness.timeout = 120s (custom)
2019-09-12 11:39:52,561 [pool-71-thread-1] INFO  server.RaftServerConfigKeys (ConfUtils.java:logGet(43)) - raft.server.sleep.deviation.threshold = 300 (default)
2019-09-12 11:39:52,561 [pool-71-thread-1] INFO  server.RaftServerConfigKeys (ConfUtils.java:logGet(43)) - raft.server.log.appender.install.snapshot.enabled = false (custom)
2019-09-12 11:39:52,561 [pool-71-thread-1] INFO  impl.RaftServerImpl (ServerState.java:<init>(105)) - 9054a02d-1441-493c-bc6a-96f26a20f7c1:group-8194A80F2E59 ConfigurationManager, init=-1: [9054a02d-1441-493c-bc6a-96f26a20f7c1:192.168.36.114:34071], old=null, confs=<EMPTY_MAP>
2019-09-12 11:39:52,561 [pool-71-thread-1] INFO  server.RaftServerConfigKeys (ConfUtils.java:logGet(43)) - raft.server.storage.dir = [/workdir/hadoop-ozone/ozonefs/target/test-dir/MiniOzoneClusterImpl-1d2bae73-2f79-49ab-b814-65dedb85297e/datanode-4/data/ratis] (custom)
2019-09-12 11:39:52,562 [pool-71-thread-1] INFO  storage.RaftStorageDirectory (RaftStorageDirectory.java:analyzeStorage(246)) - The storage directory /workdir/hadoop-ozone/ozonefs/target/test-dir/MiniOzoneClusterImpl-1d2bae73-2f79-49ab-b814-65dedb85297e/datanode-4/data/ratis/738cfe1e-321a-44a3-a0d3-8194a80f2e59 does not exist. Creating ...
2019-09-12 11:39:52,574 [pool-71-thread-1] INFO  storage.RaftStorageDirectory (RaftStorageDirectory.java:tryLock(328)) - Lock on /workdir/hadoop-ozone/ozonefs/target/test-dir/MiniOzoneClusterImpl-1d2bae73-2f79-49ab-b814-65dedb85297e/datanode-4/data/ratis/738cfe1e-321a-44a3-a0d3-8194a80f2e59/in_use.lock acquired by nodename 3232@pr-hdds-1569-58hkm-1881083799
2019-09-12 11:39:52,587 [pool-71-thread-1] INFO  storage.RaftStorage (RaftStorage.java:format(72)) - Storage directory /workdir/hadoop-ozone/ozonefs/target/test-dir/MiniOzoneClusterImpl-1d2bae73-2f79-49ab-b814-65dedb85297e/datanode-4/data/ratis/738cfe1e-321a-44a3-a0d3-8194a80f2e59 has been successfully formatted.
2019-09-12 11:39:52,587 [pool-71-thread-1] INFO  ratis.ContainerStateMachine (ContainerStateMachine.java:loadSnapshot(226)) - group-8194A80F2E59: The snapshot info is null. Setting the last applied indexto:(t:0, i:~)
2019-09-12 11:39:52,588 [pool-71-thread-1] INFO  server.RaftServerConfigKeys (ConfUtils.java:logGet(43)) - raft.server.leader.election.timeout = 120s (custom)
2019-09-12 11:39:52,588 [pool-71-thread-1] INFO  server.RaftServerConfigKeys (ConfUtils.java:logGet(43)) - raft.server.log.use.memory = false (default)
2019-09-12 11:39:52,588 [pool-71-thread-1] INFO  server.RaftServerConfigKeys (ConfUtils.java:logGet(43)) - raft.server.log.purge.gap = 1000000 (custom)
2019-09-12 11:39:52,588 [pool-71-thread-1] INFO  server.RaftServerConfigKeys (ConfUtils.java:logGet(43)) - raft.server.log.appender.buffer.byte-limit = 33554432 (custom)
2019-09-12 11:39:52,588 [pool-71-thread-1] INFO  server.RaftServerConfigKeys (ConfUtils.java:logGet(43)) - raft.server.log.segment.size.max = 1048576 (custom)
2019-09-12 11:39:52,588 [pool-71-thread-1] INFO  server.RaftServerConfigKeys (ConfUtils.java:logGet(43)) - raft.server.log.segment.cache.num.max = 2 (custom)
2019-09-12 11:39:52,588 [pool-71-thread-1] INFO  segmented.SegmentedRaftLogWorker (SegmentedRaftLogWorker.java:<init>(172)) - new 9054a02d-1441-493c-bc6a-96f26a20f7c1-SegmentedRaftLogWorker:Storage Directory /workdir/hadoop-ozone/ozonefs/target/test-dir/MiniOzoneClusterImpl-1d2bae73-2f79-49ab-b814-65dedb85297e/datanode-4/data/ratis/738cfe1e-321a-44a3-a0d3-8194a80f2e59 for RaftStorage:Storage Directory /workdir/hadoop-ozone/ozonefs/target/test-dir/MiniOzoneClusterImpl-1d2bae73-2f79-49ab-b814-65dedb85297e/datanode-4/data/ratis/738cfe1e-321a-44a3-a0d3-8194a80f2e59
2019-09-12 11:39:52,589 [pool-71-thread-1] INFO  server.RaftServerConfigKeys (ConfUtils.java:logGet(43)) - raft.server.log.queue.byte-limit = 2147483647 (custom)
2019-09-12 11:39:52,589 [pool-71-thread-1] INFO  server.RaftServerConfigKeys (ConfUtils.java:logGet(43)) - raft.server.log.queue.element-limit = 1024 (custom)
2019-09-12 11:39:52,589 [pool-71-thread-1] INFO  server.RaftServerConfigKeys (ConfUtils.java:logGet(43)) - raft.server.log.segment.size.max = 1048576 (custom)
2019-09-12 11:39:52,589 [pool-71-thread-1] INFO  server.RaftServerConfigKeys (ConfUtils.java:logGet(43)) - raft.server.log.preallocated.size = 16384 (custom)
2019-09-12 11:39:52,589 [pool-71-thread-1] INFO  server.RaftServerConfigKeys (ConfUtils.java:logGet(43)) - raft.server.log.write.buffer.size = 33554432 (custom)
2019-09-12 11:39:52,590 [pool-71-thread-1] INFO  server.RaftServerConfigKeys (ConfUtils.java:logGet(43)) - raft.server.log.force.sync.num = 128 (default)
2019-09-12 11:39:52,590 [pool-71-thread-1] INFO  server.RaftServerConfigKeys (ConfUtils.java:logGet(43)) - raft.server.log.statemachine.data.sync = true (default)
2019-09-12 11:39:52,590 [pool-71-thread-1] INFO  server.RaftServerConfigKeys (ConfUtils.java:logGet(43)) - raft.server.log.statemachine.data.sync.timeout = 10s (default)
2019-09-12 11:39:52,590 [pool-71-thread-1] INFO  server.RaftServerConfigKeys (ConfUtils.java:logGet(43)) - raft.server.log.statemachine.data.sync.timeout.retry = -1 (default)
2019-09-12 11:39:52,590 [pool-71-thread-1] INFO  server.RaftServerConfigKeys (ConfUtils.java:logGet(43)) - raft.server.log.statemachine.data.caching.enabled = true (custom)
2019-09-12 11:39:52,591 [pool-71-thread-1] INFO  segmented.SegmentedRaftLogWorker (SegmentedRaftLogWorker.java:lambda$new$0(132)) - 9054a02d-1441-493c-bc6a-96f26a20f7c1-SegmentedRaftLogWorker:Storage Directory /workdir/hadoop-ozone/ozonefs/target/test-dir/MiniOzoneClusterImpl-1d2bae73-2f79-49ab-b814-65dedb85297e/datanode-4/data/ratis/738cfe1e-321a-44a3-a0d3-8194a80f2e59: flushIndex: setUnconditionally 0 -> -1
2019-09-12 11:39:52,591 [pool-71-thread-1] INFO  server.RaftServerConfigKeys (ConfUtils.java:logGet(43)) - raft.server.snapshot.auto.trigger.enabled = true (custom)
2019-09-12 11:39:52,591 [pool-71-thread-1] INFO  server.RaftServerConfigKeys (ConfUtils.java:logGet(43)) - raft.server.snapshot.auto.trigger.threshold = 10000 (custom)
2019-09-12 11:39:52,591 [pool-71-thread-1] INFO  server.RaftServerConfigKeys (ConfUtils.java:logGet(43)) - raft.server.retrycache.expirytime = 600000ms (custom)
2019-09-12 11:39:52,592 [pool-71-thread-1] INFO  impl.RaftServerImpl (RaftServerImpl.java:start(180)) - 9054a02d-1441-493c-bc6a-96f26a20f7c1: start group-8194A80F2E59
2019-09-12 11:39:52,592 [pool-71-thread-1] INFO  impl.RaftServerImpl (RaftServerImpl.java:setRole(171)) - 9054a02d-1441-493c-bc6a-96f26a20f7c1:group-8194A80F2E59 changes role from null to FOLLOWER at term 0 for startAsFollower
2019-09-12 11:39:52,592 [pool-71-thread-1] INFO  impl.RoleInfo (RoleInfo.java:updateAndGet(143)) - 9054a02d-1441-493c-bc6a-96f26a20f7c1: start FollowerState
2019-09-12 11:39:52,592 [pool-71-thread-1] INFO  util.JmxRegister (JmxRegister.java:tryRegister(44)) - Successfully registered JMX Bean with object name Ratis:service=RaftServer,group=group-8194A80F2E59,id=9054a02d-1441-493c-bc6a-96f26a20f7c1
2019-09-12 11:39:52,605 [RatisPipelineUtilsThread] INFO  pipeline.PipelineStateManager (PipelineStateManager.java:addPipeline(56)) - Created pipeline Pipeline[ Id: 738cfe1e-321a-44a3-a0d3-8194a80f2e59, Nodes: 9054a02d-1441-493c-bc6a-96f26a20f7c1{ip: 192.168.36.114, host: pr-hdds-1569-58hkm-1881083799, networkLocation: /default-rack, certSerialId: null}, Type:RATIS, Factor:ONE, State:OPEN]
2019-09-12 11:39:52,640 [grpc-default-executor-0] INFO  impl.RaftServerProxy (RaftServerProxy.java:addNew(89)) - 9148d988-312e-4bdf-a5a7-32d9d6de346b: addNew group-4BEAFA4AC47C:[9148d988-312e-4bdf-a5a7-32d9d6de346b:192.168.36.114:41656] returns group-4BEAFA4AC47C:java.util.concurrent.CompletableFuture@5ad2a404[Not completed]
2019-09-12 11:39:52,642 [pool-27-thread-1] INFO  impl.RaftServerImpl (RaftServerImpl.java:<init>(93)) - 9148d988-312e-4bdf-a5a7-32d9d6de346b: new RaftServerImpl for group-4BEAFA4AC47C:[9148d988-312e-4bdf-a5a7-32d9d6de346b:192.168.36.114:41656] with ContainerStateMachine:uninitialized
2019-09-12 11:39:52,642 [pool-27-thread-1] INFO  server.RaftServerConfigKeys (ConfUtils.java:logGet(43)) - raft.server.rpc.timeout.min = 5s (custom)
2019-09-12 11:39:52,642 [pool-27-thread-1] INFO  server.RaftServerConfigKeys (ConfUtils.java:logGet(43)) - raft.server.rpc.timeout.max = 5200ms (custom)
2019-09-12 11:39:52,642 [pool-27-thread-1] INFO  server.RaftServerConfigKeys (ConfUtils.java:logGet(43)) - raft.server.rpcslowness.timeout = 120s (custom)
2019-09-12 11:39:52,642 [pool-27-thread-1] INFO  server.RaftServerConfigKeys (ConfUtils.java:logGet(43)) - raft.server.sleep.deviation.threshold = 300 (default)
2019-09-12 11:39:52,643 [pool-27-thread-1] INFO  server.RaftServerConfigKeys (ConfUtils.java:logGet(43)) - raft.server.log.appender.install.snapshot.enabled = false (custom)
2019-09-12 11:39:52,643 [pool-27-thread-1] INFO  impl.RaftServerImpl (ServerState.java:<init>(105)) - 9148d988-312e-4bdf-a5a7-32d9d6de346b:group-4BEAFA4AC47C ConfigurationManager, init=-1: [9148d988-312e-4bdf-a5a7-32d9d6de346b:192.168.36.114:41656], old=null, confs=<EMPTY_MAP>
2019-09-12 11:39:52,643 [pool-27-thread-1] INFO  server.RaftServerConfigKeys (ConfUtils.java:logGet(43)) - raft.server.storage.dir = [/workdir/hadoop-ozone/ozonefs/target/test-dir/MiniOzoneClusterImpl-1d2bae73-2f79-49ab-b814-65dedb85297e/datanode-0/data/ratis] (custom)
2019-09-12 11:39:52,643 [pool-27-thread-1] INFO  storage.RaftStorageDirectory (RaftStorageDirectory.java:analyzeStorage(246)) - The storage directory /workdir/hadoop-ozone/ozonefs/target/test-dir/MiniOzoneClusterImpl-1d2bae73-2f79-49ab-b814-65dedb85297e/datanode-0/data/ratis/0a3a2781-7a31-48ba-8119-4beafa4ac47c does not exist. Creating ...
2019-09-12 11:39:52,648 | INFO  | OMAudit | user=jenkins1000 | ip=127.0.0.1 | op=CREATE_VOLUME {admin=admin99343, owner=user95654, volume=volume27080, creationTime=1568288392643, quotaInBytes=1152921504606846976} | ret=SUCCESS |  
2019-09-12 11:39:52,656 [pool-27-thread-1] INFO  storage.RaftStorageDirectory (RaftStorageDirectory.java:tryLock(328)) - Lock on /workdir/hadoop-ozone/ozonefs/target/test-dir/MiniOzoneClusterImpl-1d2bae73-2f79-49ab-b814-65dedb85297e/datanode-0/data/ratis/0a3a2781-7a31-48ba-8119-4beafa4ac47c/in_use.lock acquired by nodename 3232@pr-hdds-1569-58hkm-1881083799
2019-09-12 11:39:52,679 | INFO  | OMAudit | user=jenkins1000 | ip=127.0.0.1 | op=CREATE_BUCKET {volume=volume27080, bucket=bucket27525, acls=[], isVersionEnabled=false, storageType=DISK, creationTime=0} | ret=SUCCESS |  
2019-09-12 11:39:52,716 [pool-27-thread-1] INFO  storage.RaftStorage (RaftStorage.java:format(72)) - Storage directory /workdir/hadoop-ozone/ozonefs/target/test-dir/MiniOzoneClusterImpl-1d2bae73-2f79-49ab-b814-65dedb85297e/datanode-0/data/ratis/0a3a2781-7a31-48ba-8119-4beafa4ac47c has been successfully formatted.
2019-09-12 11:39:52,717 [pool-27-thread-1] INFO  ratis.ContainerStateMachine (ContainerStateMachine.java:loadSnapshot(226)) - group-4BEAFA4AC47C: The snapshot info is null. Setting the last applied indexto:(t:0, i:~)
2019-09-12 11:39:52,717 [pool-27-thread-1] INFO  server.RaftServerConfigKeys (ConfUtils.java:logGet(43)) - raft.server.leader.election.timeout = 120s (custom)
2019-09-12 11:39:52,717 [pool-27-thread-1] INFO  server.RaftServerConfigKeys (ConfUtils.java:logGet(43)) - raft.server.log.use.memory = false (default)
2019-09-12 11:39:52,717 [pool-27-thread-1] INFO  server.RaftServerConfigKeys (ConfUtils.java:logGet(43)) - raft.server.log.purge.gap = 1000000 (custom)
2019-09-12 11:39:52,717 [pool-27-thread-1] INFO  server.RaftServerConfigKeys (ConfUtils.java:logGet(43)) - raft.server.log.appender.buffer.byte-limit = 33554432 (custom)
2019-09-12 11:39:52,718 [pool-27-thread-1] INFO  server.RaftServerConfigKeys (ConfUtils.java:logGet(43)) - raft.server.log.segment.size.max = 1048576 (custom)
2019-09-12 11:39:52,718 [pool-27-thread-1] INFO  server.RaftServerConfigKeys (ConfUtils.java:logGet(43)) - raft.server.log.segment.cache.num.max = 2 (custom)
2019-09-12 11:39:52,718 [pool-27-thread-1] INFO  segmented.SegmentedRaftLogWorker (SegmentedRaftLogWorker.java:<init>(172)) - new 9148d988-312e-4bdf-a5a7-32d9d6de346b-SegmentedRaftLogWorker:Storage Directory /workdir/hadoop-ozone/ozonefs/target/test-dir/MiniOzoneClusterImpl-1d2bae73-2f79-49ab-b814-65dedb85297e/datanode-0/data/ratis/0a3a2781-7a31-48ba-8119-4beafa4ac47c for RaftStorage:Storage Directory /workdir/hadoop-ozone/ozonefs/target/test-dir/MiniOzoneClusterImpl-1d2bae73-2f79-49ab-b814-65dedb85297e/datanode-0/data/ratis/0a3a2781-7a31-48ba-8119-4beafa4ac47c
2019-09-12 11:39:52,718 [pool-27-thread-1] INFO  server.RaftServerConfigKeys (ConfUtils.java:logGet(43)) - raft.server.log.queue.byte-limit = 2147483647 (custom)
2019-09-12 11:39:52,718 [pool-27-thread-1] INFO  server.RaftServerConfigKeys (ConfUtils.java:logGet(43)) - raft.server.log.queue.element-limit = 1024 (custom)
2019-09-12 11:39:52,719 [pool-27-thread-1] INFO  server.RaftServerConfigKeys (ConfUtils.java:logGet(43)) - raft.server.log.segment.size.max = 1048576 (custom)
2019-09-12 11:39:52,719 [pool-27-thread-1] INFO  server.RaftServerConfigKeys (ConfUtils.java:logGet(43)) - raft.server.log.preallocated.size = 16384 (custom)
2019-09-12 11:39:52,719 [pool-27-thread-1] INFO  server.RaftServerConfigKeys (ConfUtils.java:logGet(43)) - raft.server.log.write.buffer.size = 33554432 (custom)
2019-09-12 11:39:52,719 [pool-27-thread-1] INFO  server.RaftServerConfigKeys (ConfUtils.java:logGet(43)) - raft.server.log.force.sync.num = 128 (default)
2019-09-12 11:39:52,719 [pool-27-thread-1] INFO  server.RaftServerConfigKeys (ConfUtils.java:logGet(43)) - raft.server.log.statemachine.data.sync = true (default)
2019-09-12 11:39:52,720 [pool-27-thread-1] INFO  server.RaftServerConfigKeys (ConfUtils.java:logGet(43)) - raft.server.log.statemachine.data.sync.timeout = 10s (default)
2019-09-12 11:39:52,720 [pool-27-thread-1] INFO  server.RaftServerConfigKeys (ConfUtils.java:logGet(43)) - raft.server.log.statemachine.data.sync.timeout.retry = -1 (default)
2019-09-12 11:39:52,720 [pool-27-thread-1] INFO  server.RaftServerConfigKeys (ConfUtils.java:logGet(43)) - raft.server.log.statemachine.data.caching.enabled = true (custom)
2019-09-12 11:39:52,721 [pool-27-thread-1] INFO  segmented.SegmentedRaftLogWorker (SegmentedRaftLogWorker.java:lambda$new$0(132)) - 9148d988-312e-4bdf-a5a7-32d9d6de346b-SegmentedRaftLogWorker:Storage Directory /workdir/hadoop-ozone/ozonefs/target/test-dir/MiniOzoneClusterImpl-1d2bae73-2f79-49ab-b814-65dedb85297e/datanode-0/data/ratis/0a3a2781-7a31-48ba-8119-4beafa4ac47c: flushIndex: setUnconditionally 0 -> -1
2019-09-12 11:39:52,721 [pool-27-thread-1] INFO  server.RaftServerConfigKeys (ConfUtils.java:logGet(43)) - raft.server.snapshot.auto.trigger.enabled = true (custom)
2019-09-12 11:39:52,721 [pool-27-thread-1] INFO  server.RaftServerConfigKeys (ConfUtils.java:logGet(43)) - raft.server.snapshot.auto.trigger.threshold = 10000 (custom)
2019-09-12 11:39:52,721 [pool-27-thread-1] INFO  server.RaftServerConfigKeys (ConfUtils.java:logGet(43)) - raft.server.retrycache.expirytime = 600000ms (custom)
2019-09-12 11:39:52,722 [pool-27-thread-1] INFO  impl.RaftServerImpl (RaftServerImpl.java:start(180)) - 9148d988-312e-4bdf-a5a7-32d9d6de346b: start group-4BEAFA4AC47C
2019-09-12 11:39:52,722 [pool-27-thread-1] INFO  impl.RaftServerImpl (RaftServerImpl.java:setRole(171)) - 9148d988-312e-4bdf-a5a7-32d9d6de346b:group-4BEAFA4AC47C changes role from null to FOLLOWER at term 0 for startAsFollower
2019-09-12 11:39:52,722 [pool-27-thread-1] INFO  impl.RoleInfo (RoleInfo.java:updateAndGet(143)) - 9148d988-312e-4bdf-a5a7-32d9d6de346b: start FollowerState
2019-09-12 11:39:52,723 [pool-27-thread-1] INFO  util.JmxRegister (JmxRegister.java:tryRegister(44)) - Successfully registered JMX Bean with object name Ratis:service=RaftServer,group=group-4BEAFA4AC47C,id=9148d988-312e-4bdf-a5a7-32d9d6de346b
2019-09-12 11:39:52,737 [RatisPipelineUtilsThread] INFO  pipeline.PipelineStateManager (PipelineStateManager.java:addPipeline(56)) - Created pipeline Pipeline[ Id: 0a3a2781-7a31-48ba-8119-4beafa4ac47c, Nodes: 9148d988-312e-4bdf-a5a7-32d9d6de346b{ip: 192.168.36.114, host: pr-hdds-1569-58hkm-1881083799, networkLocation: /default-rack, certSerialId: null}, Type:RATIS, Factor:ONE, State:OPEN]
2019-09-12 11:39:52,757 [grpc-default-executor-0] INFO  impl.RaftServerProxy (RaftServerProxy.java:addNew(89)) - 9054a02d-1441-493c-bc6a-96f26a20f7c1: addNew group-850D008A1992:[9054a02d-1441-493c-bc6a-96f26a20f7c1:192.168.36.114:34071] returns group-850D008A1992:java.util.concurrent.CompletableFuture@1a809fb1[Not completed]
2019-09-12 11:39:52,759 [pool-71-thread-1] INFO  impl.RaftServerImpl (RaftServerImpl.java:<init>(93)) - 9054a02d-1441-493c-bc6a-96f26a20f7c1: new RaftServerImpl for group-850D008A1992:[9054a02d-1441-493c-bc6a-96f26a20f7c1:192.168.36.114:34071] with ContainerStateMachine:uninitialized
2019-09-12 11:39:52,759 [pool-71-thread-1] INFO  server.RaftServerConfigKeys (ConfUtils.java:logGet(43)) - raft.server.rpc.timeout.min = 5s (custom)
2019-09-12 11:39:52,760 [pool-71-thread-1] INFO  server.RaftServerConfigKeys (ConfUtils.java:logGet(43)) - raft.server.rpc.timeout.max = 5200ms (custom)
2019-09-12 11:39:52,760 [pool-71-thread-1] INFO  server.RaftServerConfigKeys (ConfUtils.java:logGet(43)) - raft.server.rpcslowness.timeout = 120s (custom)
2019-09-12 11:39:52,760 [pool-71-thread-1] INFO  server.RaftServerConfigKeys (ConfUtils.java:logGet(43)) - raft.server.sleep.deviation.threshold = 300 (default)
2019-09-12 11:39:52,760 [pool-71-thread-1] INFO  server.RaftServerConfigKeys (ConfUtils.java:logGet(43)) - raft.server.log.appender.install.snapshot.enabled = false (custom)
2019-09-12 11:39:52,760 [pool-71-thread-1] INFO  impl.RaftServerImpl (ServerState.java:<init>(105)) - 9054a02d-1441-493c-bc6a-96f26a20f7c1:group-850D008A1992 ConfigurationManager, init=-1: [9054a02d-1441-493c-bc6a-96f26a20f7c1:192.168.36.114:34071], old=null, confs=<EMPTY_MAP>
2019-09-12 11:39:52,760 [pool-71-thread-1] INFO  server.RaftServerConfigKeys (ConfUtils.java:logGet(43)) - raft.server.storage.dir = [/workdir/hadoop-ozone/ozonefs/target/test-dir/MiniOzoneClusterImpl-1d2bae73-2f79-49ab-b814-65dedb85297e/datanode-4/data/ratis] (custom)
2019-09-12 11:39:52,761 [pool-71-thread-1] INFO  storage.RaftStorageDirectory (RaftStorageDirectory.java:analyzeStorage(246)) - The storage directory /workdir/hadoop-ozone/ozonefs/target/test-dir/MiniOzoneClusterImpl-1d2bae73-2f79-49ab-b814-65dedb85297e/datanode-4/data/ratis/b308a5e8-d930-4afc-b617-850d008a1992 does not exist. Creating ...
2019-09-12 11:39:52,774 [pool-71-thread-1] INFO  storage.RaftStorageDirectory (RaftStorageDirectory.java:tryLock(328)) - Lock on /workdir/hadoop-ozone/ozonefs/target/test-dir/MiniOzoneClusterImpl-1d2bae73-2f79-49ab-b814-65dedb85297e/datanode-4/data/ratis/b308a5e8-d930-4afc-b617-850d008a1992/in_use.lock acquired by nodename 3232@pr-hdds-1569-58hkm-1881083799
2019-09-12 11:39:52,787 [pool-71-thread-1] INFO  storage.RaftStorage (RaftStorage.java:format(72)) - Storage directory /workdir/hadoop-ozone/ozonefs/target/test-dir/MiniOzoneClusterImpl-1d2bae73-2f79-49ab-b814-65dedb85297e/datanode-4/data/ratis/b308a5e8-d930-4afc-b617-850d008a1992 has been successfully formatted.
2019-09-12 11:39:52,788 [pool-71-thread-1] INFO  ratis.ContainerStateMachine (ContainerStateMachine.java:loadSnapshot(226)) - group-850D008A1992: The snapshot info is null. Setting the last applied indexto:(t:0, i:~)
2019-09-12 11:39:52,788 [pool-71-thread-1] INFO  server.RaftServerConfigKeys (ConfUtils.java:logGet(43)) - raft.server.leader.election.timeout = 120s (custom)
2019-09-12 11:39:52,788 [pool-71-thread-1] INFO  server.RaftServerConfigKeys (ConfUtils.java:logGet(43)) - raft.server.log.use.memory = false (default)
2019-09-12 11:39:52,788 [pool-71-thread-1] INFO  server.RaftServerConfigKeys (ConfUtils.java:logGet(43)) - raft.server.log.purge.gap = 1000000 (custom)
2019-09-12 11:39:52,788 [pool-71-thread-1] INFO  server.RaftServerConfigKeys (ConfUtils.java:logGet(43)) - raft.server.log.appender.buffer.byte-limit = 33554432 (custom)
2019-09-12 11:39:52,789 [pool-71-thread-1] INFO  server.RaftServerConfigKeys (ConfUtils.java:logGet(43)) - raft.server.log.segment.size.max = 1048576 (custom)
2019-09-12 11:39:52,789 [pool-71-thread-1] INFO  server.RaftServerConfigKeys (ConfUtils.java:logGet(43)) - raft.server.log.segment.cache.num.max = 2 (custom)
2019-09-12 11:39:52,789 [pool-71-thread-1] INFO  segmented.SegmentedRaftLogWorker (SegmentedRaftLogWorker.java:<init>(172)) - new 9054a02d-1441-493c-bc6a-96f26a20f7c1-SegmentedRaftLogWorker:Storage Directory /workdir/hadoop-ozone/ozonefs/target/test-dir/MiniOzoneClusterImpl-1d2bae73-2f79-49ab-b814-65dedb85297e/datanode-4/data/ratis/b308a5e8-d930-4afc-b617-850d008a1992 for RaftStorage:Storage Directory /workdir/hadoop-ozone/ozonefs/target/test-dir/MiniOzoneClusterImpl-1d2bae73-2f79-49ab-b814-65dedb85297e/datanode-4/data/ratis/b308a5e8-d930-4afc-b617-850d008a1992
2019-09-12 11:39:52,789 [pool-71-thread-1] INFO  server.RaftServerConfigKeys (ConfUtils.java:logGet(43)) - raft.server.log.queue.byte-limit = 2147483647 (custom)
2019-09-12 11:39:52,789 [pool-71-thread-1] INFO  server.RaftServerConfigKeys (ConfUtils.java:logGet(43)) - raft.server.log.queue.element-limit = 1024 (custom)
2019-09-12 11:39:52,790 [pool-71-thread-1] INFO  server.RaftServerConfigKeys (ConfUtils.java:logGet(43)) - raft.server.log.segment.size.max = 1048576 (custom)
2019-09-12 11:39:52,790 [pool-71-thread-1] INFO  server.RaftServerConfigKeys (ConfUtils.java:logGet(43)) - raft.server.log.preallocated.size = 16384 (custom)
2019-09-12 11:39:52,790 [pool-71-thread-1] INFO  server.RaftServerConfigKeys (ConfUtils.java:logGet(43)) - raft.server.log.write.buffer.size = 33554432 (custom)
2019-09-12 11:39:52,790 [pool-71-thread-1] INFO  server.RaftServerConfigKeys (ConfUtils.java:logGet(43)) - raft.server.log.force.sync.num = 128 (default)
2019-09-12 11:39:52,790 [pool-71-thread-1] INFO  server.RaftServerConfigKeys (ConfUtils.java:logGet(43)) - raft.server.log.statemachine.data.sync = true (default)
2019-09-12 11:39:52,791 [pool-71-thread-1] INFO  server.RaftServerConfigKeys (ConfUtils.java:logGet(43)) - raft.server.log.statemachine.data.sync.timeout = 10s (default)
2019-09-12 11:39:52,791 [pool-71-thread-1] INFO  server.RaftServerConfigKeys (ConfUtils.java:logGet(43)) - raft.server.log.statemachine.data.sync.timeout.retry = -1 (default)
2019-09-12 11:39:52,791 [pool-71-thread-1] INFO  server.RaftServerConfigKeys (ConfUtils.java:logGet(43)) - raft.server.log.statemachine.data.caching.enabled = true (custom)
2019-09-12 11:39:52,791 [pool-71-thread-1] INFO  segmented.SegmentedRaftLogWorker (SegmentedRaftLogWorker.java:lambda$new$0(132)) - 9054a02d-1441-493c-bc6a-96f26a20f7c1-SegmentedRaftLogWorker:Storage Directory /workdir/hadoop-ozone/ozonefs/target/test-dir/MiniOzoneClusterImpl-1d2bae73-2f79-49ab-b814-65dedb85297e/datanode-4/data/ratis/b308a5e8-d930-4afc-b617-850d008a1992: flushIndex: setUnconditionally 0 -> -1
2019-09-12 11:39:52,792 [pool-71-thread-1] INFO  server.RaftServerConfigKeys (ConfUtils.java:logGet(43)) - raft.server.snapshot.auto.trigger.enabled = true (custom)
2019-09-12 11:39:52,792 [pool-71-thread-1] INFO  server.RaftServerConfigKeys (ConfUtils.java:logGet(43)) - raft.server.snapshot.auto.trigger.threshold = 10000 (custom)
2019-09-12 11:39:52,792 [pool-71-thread-1] INFO  server.RaftServerConfigKeys (ConfUtils.java:logGet(43)) - raft.server.retrycache.expirytime = 600000ms (custom)
2019-09-12 11:39:52,793 [pool-71-thread-1] INFO  impl.RaftServerImpl (RaftServerImpl.java:start(180)) - 9054a02d-1441-493c-bc6a-96f26a20f7c1: start group-850D008A1992
2019-09-12 11:39:52,793 [pool-71-thread-1] INFO  impl.RaftServerImpl (RaftServerImpl.java:setRole(171)) - 9054a02d-1441-493c-bc6a-96f26a20f7c1:group-850D008A1992 changes role from null to FOLLOWER at term 0 for startAsFollower
2019-09-12 11:39:52,793 [pool-71-thread-1] INFO  impl.RoleInfo (RoleInfo.java:updateAndGet(143)) - 9054a02d-1441-493c-bc6a-96f26a20f7c1: start FollowerState
2019-09-12 11:39:52,794 [pool-71-thread-1] INFO  util.JmxRegister (JmxRegister.java:tryRegister(44)) - Successfully registered JMX Bean with object name Ratis:service=RaftServer,group=group-850D008A1992,id=9054a02d-1441-493c-bc6a-96f26a20f7c1
2019-09-12 11:39:52,810 [RatisPipelineUtilsThread] INFO  pipeline.PipelineStateManager (PipelineStateManager.java:addPipeline(56)) - Created pipeline Pipeline[ Id: b308a5e8-d930-4afc-b617-850d008a1992, Nodes: 9054a02d-1441-493c-bc6a-96f26a20f7c1{ip: 192.168.36.114, host: pr-hdds-1569-58hkm-1881083799, networkLocation: /default-rack, certSerialId: null}, Type:RATIS, Factor:ONE, State:OPEN]
2019-09-12 11:39:52,824 [grpc-default-executor-0] INFO  impl.RaftServerProxy (RaftServerProxy.java:addNew(89)) - 044596ee-7e7d-4399-b453-4b0aeb57312a: addNew group-85A4282A9323:[044596ee-7e7d-4399-b453-4b0aeb57312a:192.168.36.114:46758] returns group-85A4282A9323:java.util.concurrent.CompletableFuture@16ca438d[Not completed]
2019-09-12 11:39:52,826 [pool-49-thread-1] INFO  impl.RaftServerImpl (RaftServerImpl.java:<init>(93)) - 044596ee-7e7d-4399-b453-4b0aeb57312a: new RaftServerImpl for group-85A4282A9323:[044596ee-7e7d-4399-b453-4b0aeb57312a:192.168.36.114:46758] with ContainerStateMachine:uninitialized
2019-09-12 11:39:52,826 [pool-49-thread-1] INFO  server.RaftServerConfigKeys (ConfUtils.java:logGet(43)) - raft.server.rpc.timeout.min = 5s (custom)
2019-09-12 11:39:52,827 [pool-49-thread-1] INFO  server.RaftServerConfigKeys (ConfUtils.java:logGet(43)) - raft.server.rpc.timeout.max = 5200ms (custom)
2019-09-12 11:39:52,827 [pool-49-thread-1] INFO  server.RaftServerConfigKeys (ConfUtils.java:logGet(43)) - raft.server.rpcslowness.timeout = 120s (custom)
2019-09-12 11:39:52,827 [pool-49-thread-1] INFO  server.RaftServerConfigKeys (ConfUtils.java:logGet(43)) - raft.server.sleep.deviation.threshold = 300 (default)
2019-09-12 11:39:52,827 [pool-49-thread-1] INFO  server.RaftServerConfigKeys (ConfUtils.java:logGet(43)) - raft.server.log.appender.install.snapshot.enabled = false (custom)
2019-09-12 11:39:52,827 [pool-49-thread-1] INFO  impl.RaftServerImpl (ServerState.java:<init>(105)) - 044596ee-7e7d-4399-b453-4b0aeb57312a:group-85A4282A9323 ConfigurationManager, init=-1: [044596ee-7e7d-4399-b453-4b0aeb57312a:192.168.36.114:46758], old=null, confs=<EMPTY_MAP>
2019-09-12 11:39:52,828 [pool-49-thread-1] INFO  server.RaftServerConfigKeys (ConfUtils.java:logGet(43)) - raft.server.storage.dir = [/workdir/hadoop-ozone/ozonefs/target/test-dir/MiniOzoneClusterImpl-1d2bae73-2f79-49ab-b814-65dedb85297e/datanode-2/data/ratis] (custom)
2019-09-12 11:39:52,828 [pool-49-thread-1] INFO  storage.RaftStorageDirectory (RaftStorageDirectory.java:analyzeStorage(246)) - The storage directory /workdir/hadoop-ozone/ozonefs/target/test-dir/MiniOzoneClusterImpl-1d2bae73-2f79-49ab-b814-65dedb85297e/datanode-2/data/ratis/0c9a2599-023d-4b76-ae43-85a4282a9323 does not exist. Creating ...
2019-09-12 11:39:52,842 [pool-49-thread-1] INFO  storage.RaftStorageDirectory (RaftStorageDirectory.java:tryLock(328)) - Lock on /workdir/hadoop-ozone/ozonefs/target/test-dir/MiniOzoneClusterImpl-1d2bae73-2f79-49ab-b814-65dedb85297e/datanode-2/data/ratis/0c9a2599-023d-4b76-ae43-85a4282a9323/in_use.lock acquired by nodename 3232@pr-hdds-1569-58hkm-1881083799
2019-09-12 11:39:52,856 [pool-49-thread-1] INFO  storage.RaftStorage (RaftStorage.java:format(72)) - Storage directory /workdir/hadoop-ozone/ozonefs/target/test-dir/MiniOzoneClusterImpl-1d2bae73-2f79-49ab-b814-65dedb85297e/datanode-2/data/ratis/0c9a2599-023d-4b76-ae43-85a4282a9323 has been successfully formatted.
2019-09-12 11:39:52,856 [pool-49-thread-1] INFO  ratis.ContainerStateMachine (ContainerStateMachine.java:loadSnapshot(226)) - group-85A4282A9323: The snapshot info is null. Setting the last applied indexto:(t:0, i:~)
2019-09-12 11:39:52,856 [pool-49-thread-1] INFO  server.RaftServerConfigKeys (ConfUtils.java:logGet(43)) - raft.server.leader.election.timeout = 120s (custom)
2019-09-12 11:39:52,856 [pool-49-thread-1] INFO  server.RaftServerConfigKeys (ConfUtils.java:logGet(43)) - raft.server.log.use.memory = false (default)
2019-09-12 11:39:52,857 [pool-49-thread-1] INFO  server.RaftServerConfigKeys (ConfUtils.java:logGet(43)) - raft.server.log.purge.gap = 1000000 (custom)
2019-09-12 11:39:52,857 [pool-49-thread-1] INFO  server.RaftServerConfigKeys (ConfUtils.java:logGet(43)) - raft.server.log.appender.buffer.byte-limit = 33554432 (custom)
2019-09-12 11:39:52,857 [pool-49-thread-1] INFO  server.RaftServerConfigKeys (ConfUtils.java:logGet(43)) - raft.server.log.segment.size.max = 1048576 (custom)
2019-09-12 11:39:52,857 [pool-49-thread-1] INFO  server.RaftServerConfigKeys (ConfUtils.java:logGet(43)) - raft.server.log.segment.cache.num.max = 2 (custom)
2019-09-12 11:39:52,858 [pool-49-thread-1] INFO  segmented.SegmentedRaftLogWorker (SegmentedRaftLogWorker.java:<init>(172)) - new 044596ee-7e7d-4399-b453-4b0aeb57312a-SegmentedRaftLogWorker:Storage Directory /workdir/hadoop-ozone/ozonefs/target/test-dir/MiniOzoneClusterImpl-1d2bae73-2f79-49ab-b814-65dedb85297e/datanode-2/data/ratis/0c9a2599-023d-4b76-ae43-85a4282a9323 for RaftStorage:Storage Directory /workdir/hadoop-ozone/ozonefs/target/test-dir/MiniOzoneClusterImpl-1d2bae73-2f79-49ab-b814-65dedb85297e/datanode-2/data/ratis/0c9a2599-023d-4b76-ae43-85a4282a9323
2019-09-12 11:39:52,858 [pool-49-thread-1] INFO  server.RaftServerConfigKeys (ConfUtils.java:logGet(43)) - raft.server.log.queue.byte-limit = 2147483647 (custom)
2019-09-12 11:39:52,858 [pool-49-thread-1] INFO  server.RaftServerConfigKeys (ConfUtils.java:logGet(43)) - raft.server.log.queue.element-limit = 1024 (custom)
2019-09-12 11:39:52,858 [pool-49-thread-1] INFO  server.RaftServerConfigKeys (ConfUtils.java:logGet(43)) - raft.server.log.segment.size.max = 1048576 (custom)
2019-09-12 11:39:52,858 [pool-49-thread-1] INFO  server.RaftServerConfigKeys (ConfUtils.java:logGet(43)) - raft.server.log.preallocated.size = 16384 (custom)
2019-09-12 11:39:52,859 [pool-49-thread-1] INFO  server.RaftServerConfigKeys (ConfUtils.java:logGet(43)) - raft.server.log.write.buffer.size = 33554432 (custom)
2019-09-12 11:39:52,859 [pool-49-thread-1] INFO  server.RaftServerConfigKeys (ConfUtils.java:logGet(43)) - raft.server.log.force.sync.num = 128 (default)
2019-09-12 11:39:52,859 [pool-49-thread-1] INFO  server.RaftServerConfigKeys (ConfUtils.java:logGet(43)) - raft.server.log.statemachine.data.sync = true (default)
2019-09-12 11:39:52,859 [pool-49-thread-1] INFO  server.RaftServerConfigKeys (ConfUtils.java:logGet(43)) - raft.server.log.statemachine.data.sync.timeout = 10s (default)
2019-09-12 11:39:52,859 [pool-49-thread-1] INFO  server.RaftServerConfigKeys (ConfUtils.java:logGet(43)) - raft.server.log.statemachine.data.sync.timeout.retry = -1 (default)
2019-09-12 11:39:52,860 [pool-49-thread-1] INFO  server.RaftServerConfigKeys (ConfUtils.java:logGet(43)) - raft.server.log.statemachine.data.caching.enabled = true (custom)
2019-09-12 11:39:52,860 [pool-49-thread-1] INFO  segmented.SegmentedRaftLogWorker (SegmentedRaftLogWorker.java:lambda$new$0(132)) - 044596ee-7e7d-4399-b453-4b0aeb57312a-SegmentedRaftLogWorker:Storage Directory /workdir/hadoop-ozone/ozonefs/target/test-dir/MiniOzoneClusterImpl-1d2bae73-2f79-49ab-b814-65dedb85297e/datanode-2/data/ratis/0c9a2599-023d-4b76-ae43-85a4282a9323: flushIndex: setUnconditionally 0 -> -1
2019-09-12 11:39:52,861 [pool-49-thread-1] INFO  server.RaftServerConfigKeys (ConfUtils.java:logGet(43)) - raft.server.snapshot.auto.trigger.enabled = true (custom)
2019-09-12 11:39:52,861 [pool-49-thread-1] INFO  server.RaftServerConfigKeys (ConfUtils.java:logGet(43)) - raft.server.snapshot.auto.trigger.threshold = 10000 (custom)
2019-09-12 11:39:52,861 [pool-49-thread-1] INFO  server.RaftServerConfigKeys (ConfUtils.java:logGet(43)) - raft.server.retrycache.expirytime = 600000ms (custom)
2019-09-12 11:39:52,861 [pool-49-thread-1] INFO  impl.RaftServerImpl (RaftServerImpl.java:start(180)) - 044596ee-7e7d-4399-b453-4b0aeb57312a: start group-85A4282A9323
2019-09-12 11:39:52,862 [pool-49-thread-1] INFO  impl.RaftServerImpl (RaftServerImpl.java:setRole(171)) - 044596ee-7e7d-4399-b453-4b0aeb57312a:group-85A4282A9323 changes role from null to FOLLOWER at term 0 for startAsFollower
2019-09-12 11:39:52,862 [pool-49-thread-1] INFO  impl.RoleInfo (RoleInfo.java:updateAndGet(143)) - 044596ee-7e7d-4399-b453-4b0aeb57312a: start FollowerState
2019-09-12 11:39:52,862 [pool-49-thread-1] INFO  util.JmxRegister (JmxRegister.java:tryRegister(44)) - Successfully registered JMX Bean with object name Ratis:service=RaftServer,group=group-85A4282A9323,id=044596ee-7e7d-4399-b453-4b0aeb57312a
2019-09-12 11:39:52,879 [RatisPipelineUtilsThread] INFO  pipeline.PipelineStateManager (PipelineStateManager.java:addPipeline(56)) - Created pipeline Pipeline[ Id: 0c9a2599-023d-4b76-ae43-85a4282a9323, Nodes: 044596ee-7e7d-4399-b453-4b0aeb57312a{ip: 192.168.36.114, host: pr-hdds-1569-58hkm-1881083799, networkLocation: /default-rack, certSerialId: null}, Type:RATIS, Factor:ONE, State:OPEN]
2019-09-12 11:39:52,895 [grpc-default-executor-0] INFO  impl.RaftServerProxy (RaftServerProxy.java:addNew(89)) - 1d44087f-ac8e-4e5c-8d8f-c977d94470a7: addNew group-15E16EEEE3E4:[1d44087f-ac8e-4e5c-8d8f-c977d94470a7:192.168.36.114:39712] returns group-15E16EEEE3E4:java.util.concurrent.CompletableFuture@7761535d[Not completed]
2019-09-12 11:39:52,897 [pool-38-thread-1] INFO  impl.RaftServerImpl (RaftServerImpl.java:<init>(93)) - 1d44087f-ac8e-4e5c-8d8f-c977d94470a7: new RaftServerImpl for group-15E16EEEE3E4:[1d44087f-ac8e-4e5c-8d8f-c977d94470a7:192.168.36.114:39712] with ContainerStateMachine:uninitialized
2019-09-12 11:39:52,897 [pool-38-thread-1] INFO  server.RaftServerConfigKeys (ConfUtils.java:logGet(43)) - raft.server.rpc.timeout.min = 5s (custom)
2019-09-12 11:39:52,898 [pool-38-thread-1] INFO  server.RaftServerConfigKeys (ConfUtils.java:logGet(43)) - raft.server.rpc.timeout.max = 5200ms (custom)
2019-09-12 11:39:52,898 [pool-38-thread-1] INFO  server.RaftServerConfigKeys (ConfUtils.java:logGet(43)) - raft.server.rpcslowness.timeout = 120s (custom)
2019-09-12 11:39:52,898 [pool-38-thread-1] INFO  server.RaftServerConfigKeys (ConfUtils.java:logGet(43)) - raft.server.sleep.deviation.threshold = 300 (default)
2019-09-12 11:39:52,898 [pool-38-thread-1] INFO  server.RaftServerConfigKeys (ConfUtils.java:logGet(43)) - raft.server.log.appender.install.snapshot.enabled = false (custom)
2019-09-12 11:39:52,898 [pool-38-thread-1] INFO  impl.RaftServerImpl (ServerState.java:<init>(105)) - 1d44087f-ac8e-4e5c-8d8f-c977d94470a7:group-15E16EEEE3E4 ConfigurationManager, init=-1: [1d44087f-ac8e-4e5c-8d8f-c977d94470a7:192.168.36.114:39712], old=null, confs=<EMPTY_MAP>
2019-09-12 11:39:52,898 [pool-38-thread-1] INFO  server.RaftServerConfigKeys (ConfUtils.java:logGet(43)) - raft.server.storage.dir = [/workdir/hadoop-ozone/ozonefs/target/test-dir/MiniOzoneClusterImpl-1d2bae73-2f79-49ab-b814-65dedb85297e/datanode-1/data/ratis] (custom)
2019-09-12 11:39:52,899 [pool-38-thread-1] INFO  storage.RaftStorageDirectory (RaftStorageDirectory.java:analyzeStorage(246)) - The storage directory /workdir/hadoop-ozone/ozonefs/target/test-dir/MiniOzoneClusterImpl-1d2bae73-2f79-49ab-b814-65dedb85297e/datanode-1/data/ratis/c1aff6cf-06f3-4725-8c36-15e16eeee3e4 does not exist. Creating ...
2019-09-12 11:39:52,912 [pool-38-thread-1] INFO  storage.RaftStorageDirectory (RaftStorageDirectory.java:tryLock(328)) - Lock on /workdir/hadoop-ozone/ozonefs/target/test-dir/MiniOzoneClusterImpl-1d2bae73-2f79-49ab-b814-65dedb85297e/datanode-1/data/ratis/c1aff6cf-06f3-4725-8c36-15e16eeee3e4/in_use.lock acquired by nodename 3232@pr-hdds-1569-58hkm-1881083799
2019-09-12 11:39:52,931 [pool-38-thread-1] INFO  storage.RaftStorage (RaftStorage.java:format(72)) - Storage directory /workdir/hadoop-ozone/ozonefs/target/test-dir/MiniOzoneClusterImpl-1d2bae73-2f79-49ab-b814-65dedb85297e/datanode-1/data/ratis/c1aff6cf-06f3-4725-8c36-15e16eeee3e4 has been successfully formatted.
2019-09-12 11:39:52,932 [pool-38-thread-1] INFO  ratis.ContainerStateMachine (ContainerStateMachine.java:loadSnapshot(226)) - group-15E16EEEE3E4: The snapshot info is null. Setting the last applied indexto:(t:0, i:~)
2019-09-12 11:39:52,932 [pool-38-thread-1] INFO  server.RaftServerConfigKeys (ConfUtils.java:logGet(43)) - raft.server.leader.election.timeout = 120s (custom)
2019-09-12 11:39:52,932 [pool-38-thread-1] INFO  server.RaftServerConfigKeys (ConfUtils.java:logGet(43)) - raft.server.log.use.memory = false (default)
2019-09-12 11:39:52,932 [pool-38-thread-1] INFO  server.RaftServerConfigKeys (ConfUtils.java:logGet(43)) - raft.server.log.purge.gap = 1000000 (custom)
2019-09-12 11:39:52,933 [pool-38-thread-1] INFO  server.RaftServerConfigKeys (ConfUtils.java:logGet(43)) - raft.server.log.appender.buffer.byte-limit = 33554432 (custom)
2019-09-12 11:39:52,933 [pool-38-thread-1] INFO  server.RaftServerConfigKeys (ConfUtils.java:logGet(43)) - raft.server.log.segment.size.max = 1048576 (custom)
2019-09-12 11:39:52,933 [pool-38-thread-1] INFO  server.RaftServerConfigKeys (ConfUtils.java:logGet(43)) - raft.server.log.segment.cache.num.max = 2 (custom)
2019-09-12 11:39:52,933 [pool-38-thread-1] INFO  segmented.SegmentedRaftLogWorker (SegmentedRaftLogWorker.java:<init>(172)) - new 1d44087f-ac8e-4e5c-8d8f-c977d94470a7-SegmentedRaftLogWorker:Storage Directory /workdir/hadoop-ozone/ozonefs/target/test-dir/MiniOzoneClusterImpl-1d2bae73-2f79-49ab-b814-65dedb85297e/datanode-1/data/ratis/c1aff6cf-06f3-4725-8c36-15e16eeee3e4 for RaftStorage:Storage Directory /workdir/hadoop-ozone/ozonefs/target/test-dir/MiniOzoneClusterImpl-1d2bae73-2f79-49ab-b814-65dedb85297e/datanode-1/data/ratis/c1aff6cf-06f3-4725-8c36-15e16eeee3e4
2019-09-12 11:39:52,933 [pool-38-thread-1] INFO  server.RaftServerConfigKeys (ConfUtils.java:logGet(43)) - raft.server.log.queue.byte-limit = 2147483647 (custom)
2019-09-12 11:39:52,934 [pool-38-thread-1] INFO  server.RaftServerConfigKeys (ConfUtils.java:logGet(43)) - raft.server.log.queue.element-limit = 1024 (custom)
2019-09-12 11:39:52,934 [pool-38-thread-1] INFO  server.RaftServerConfigKeys (ConfUtils.java:logGet(43)) - raft.server.log.segment.size.max = 1048576 (custom)
2019-09-12 11:39:52,934 [pool-38-thread-1] INFO  server.RaftServerConfigKeys (ConfUtils.java:logGet(43)) - raft.server.log.preallocated.size = 16384 (custom)
2019-09-12 11:39:52,934 [pool-38-thread-1] INFO  server.RaftServerConfigKeys (ConfUtils.java:logGet(43)) - raft.server.log.write.buffer.size = 33554432 (custom)
2019-09-12 11:39:52,935 [pool-38-thread-1] INFO  server.RaftServerConfigKeys (ConfUtils.java:logGet(43)) - raft.server.log.force.sync.num = 128 (default)
2019-09-12 11:39:52,935 [pool-38-thread-1] INFO  server.RaftServerConfigKeys (ConfUtils.java:logGet(43)) - raft.server.log.statemachine.data.sync = true (default)
2019-09-12 11:39:52,935 [pool-38-thread-1] INFO  server.RaftServerConfigKeys (ConfUtils.java:logGet(43)) - raft.server.log.statemachine.data.sync.timeout = 10s (default)
2019-09-12 11:39:52,935 [pool-38-thread-1] INFO  server.RaftServerConfigKeys (ConfUtils.java:logGet(43)) - raft.server.log.statemachine.data.sync.timeout.retry = -1 (default)
2019-09-12 11:39:52,936 [pool-38-thread-1] INFO  server.RaftServerConfigKeys (ConfUtils.java:logGet(43)) - raft.server.log.statemachine.data.caching.enabled = true (custom)
2019-09-12 11:39:52,936 [pool-38-thread-1] INFO  segmented.SegmentedRaftLogWorker (SegmentedRaftLogWorker.java:lambda$new$0(132)) - 1d44087f-ac8e-4e5c-8d8f-c977d94470a7-SegmentedRaftLogWorker:Storage Directory /workdir/hadoop-ozone/ozonefs/target/test-dir/MiniOzoneClusterImpl-1d2bae73-2f79-49ab-b814-65dedb85297e/datanode-1/data/ratis/c1aff6cf-06f3-4725-8c36-15e16eeee3e4: flushIndex: setUnconditionally 0 -> -1
2019-09-12 11:39:52,936 [pool-38-thread-1] INFO  server.RaftServerConfigKeys (ConfUtils.java:logGet(43)) - raft.server.snapshot.auto.trigger.enabled = true (custom)
2019-09-12 11:39:52,937 [pool-38-thread-1] INFO  server.RaftServerConfigKeys (ConfUtils.java:logGet(43)) - raft.server.snapshot.auto.trigger.threshold = 10000 (custom)
2019-09-12 11:39:52,937 [pool-38-thread-1] INFO  server.RaftServerConfigKeys (ConfUtils.java:logGet(43)) - raft.server.retrycache.expirytime = 600000ms (custom)
2019-09-12 11:39:52,937 [pool-38-thread-1] INFO  impl.RaftServerImpl (RaftServerImpl.java:start(180)) - 1d44087f-ac8e-4e5c-8d8f-c977d94470a7: start group-15E16EEEE3E4
2019-09-12 11:39:52,937 [pool-38-thread-1] INFO  impl.RaftServerImpl (RaftServerImpl.java:setRole(171)) - 1d44087f-ac8e-4e5c-8d8f-c977d94470a7:group-15E16EEEE3E4 changes role from null to FOLLOWER at term 0 for startAsFollower
2019-09-12 11:39:52,938 [pool-38-thread-1] INFO  impl.RoleInfo (RoleInfo.java:updateAndGet(143)) - 1d44087f-ac8e-4e5c-8d8f-c977d94470a7: start FollowerState
2019-09-12 11:39:52,938 [pool-38-thread-1] INFO  util.JmxRegister (JmxRegister.java:tryRegister(44)) - Successfully registered JMX Bean with object name Ratis:service=RaftServer,group=group-15E16EEEE3E4,id=1d44087f-ac8e-4e5c-8d8f-c977d94470a7
2019-09-12 11:39:52,950 [RatisPipelineUtilsThread] INFO  pipeline.PipelineStateManager (PipelineStateManager.java:addPipeline(56)) - Created pipeline Pipeline[ Id: c1aff6cf-06f3-4725-8c36-15e16eeee3e4, Nodes: 1d44087f-ac8e-4e5c-8d8f-c977d94470a7{ip: 192.168.36.114, host: pr-hdds-1569-58hkm-1881083799, networkLocation: /default-rack, certSerialId: null}, Type:RATIS, Factor:ONE, State:OPEN]
2019-09-12 11:39:52,965 [grpc-default-executor-0] INFO  impl.RaftServerProxy (RaftServerProxy.java:addNew(89)) - 9148d988-312e-4bdf-a5a7-32d9d6de346b: addNew group-5030684FF1F5:[9148d988-312e-4bdf-a5a7-32d9d6de346b:192.168.36.114:41656] returns group-5030684FF1F5:java.util.concurrent.CompletableFuture@1aef9941[Not completed]
2019-09-12 11:39:52,967 [pool-27-thread-1] INFO  impl.RaftServerImpl (RaftServerImpl.java:<init>(93)) - 9148d988-312e-4bdf-a5a7-32d9d6de346b: new RaftServerImpl for group-5030684FF1F5:[9148d988-312e-4bdf-a5a7-32d9d6de346b:192.168.36.114:41656] with ContainerStateMachine:uninitialized
2019-09-12 11:39:52,967 [pool-27-thread-1] INFO  server.RaftServerConfigKeys (ConfUtils.java:logGet(43)) - raft.server.rpc.timeout.min = 5s (custom)
2019-09-12 11:39:52,967 [pool-27-thread-1] INFO  server.RaftServerConfigKeys (ConfUtils.java:logGet(43)) - raft.server.rpc.timeout.max = 5200ms (custom)
2019-09-12 11:39:52,967 [pool-27-thread-1] INFO  server.RaftServerConfigKeys (ConfUtils.java:logGet(43)) - raft.server.rpcslowness.timeout = 120s (custom)
2019-09-12 11:39:52,967 [pool-27-thread-1] INFO  server.RaftServerConfigKeys (ConfUtils.java:logGet(43)) - raft.server.sleep.deviation.threshold = 300 (default)
2019-09-12 11:39:52,967 [pool-27-thread-1] INFO  server.RaftServerConfigKeys (ConfUtils.java:logGet(43)) - raft.server.log.appender.install.snapshot.enabled = false (custom)
2019-09-12 11:39:52,968 [pool-27-thread-1] INFO  impl.RaftServerImpl (ServerState.java:<init>(105)) - 9148d988-312e-4bdf-a5a7-32d9d6de346b:group-5030684FF1F5 ConfigurationManager, init=-1: [9148d988-312e-4bdf-a5a7-32d9d6de346b:192.168.36.114:41656], old=null, confs=<EMPTY_MAP>
2019-09-12 11:39:52,968 [pool-27-thread-1] INFO  server.RaftServerConfigKeys (ConfUtils.java:logGet(43)) - raft.server.storage.dir = [/workdir/hadoop-ozone/ozonefs/target/test-dir/MiniOzoneClusterImpl-1d2bae73-2f79-49ab-b814-65dedb85297e/datanode-0/data/ratis] (custom)
2019-09-12 11:39:52,968 [pool-27-thread-1] INFO  storage.RaftStorageDirectory (RaftStorageDirectory.java:analyzeStorage(246)) - The storage directory /workdir/hadoop-ozone/ozonefs/target/test-dir/MiniOzoneClusterImpl-1d2bae73-2f79-49ab-b814-65dedb85297e/datanode-0/data/ratis/9965a2a9-2110-4274-a740-5030684ff1f5 does not exist. Creating ...
2019-09-12 11:39:52,978 | INFO  | OMAudit | user=jenkins1000 | ip=127.0.0.1 | op=READ_VOLUME {volume=volume27080} | ret=SUCCESS |  
2019-09-12 11:39:52,987 | INFO  | OMAudit | user=jenkins1000 | ip=127.0.0.1 | op=READ_BUCKET {volume=volume27080, bucket=bucket27525} | ret=SUCCESS |  
2019-09-12 11:39:52,993 [pool-27-thread-1] INFO  storage.RaftStorageDirectory (RaftStorageDirectory.java:tryLock(328)) - Lock on /workdir/hadoop-ozone/ozonefs/target/test-dir/MiniOzoneClusterImpl-1d2bae73-2f79-49ab-b814-65dedb85297e/datanode-0/data/ratis/9965a2a9-2110-4274-a740-5030684ff1f5/in_use.lock acquired by nodename 3232@pr-hdds-1569-58hkm-1881083799
2019-09-12 11:39:53,006 [pool-27-thread-1] INFO  storage.RaftStorage (RaftStorage.java:format(72)) - Storage directory /workdir/hadoop-ozone/ozonefs/target/test-dir/MiniOzoneClusterImpl-1d2bae73-2f79-49ab-b814-65dedb85297e/datanode-0/data/ratis/9965a2a9-2110-4274-a740-5030684ff1f5 has been successfully formatted.
2019-09-12 11:39:53,007 [pool-27-thread-1] INFO  ratis.ContainerStateMachine (ContainerStateMachine.java:loadSnapshot(226)) - group-5030684FF1F5: The snapshot info is null. Setting the last applied indexto:(t:0, i:~)
2019-09-12 11:39:53,007 [pool-27-thread-1] INFO  server.RaftServerConfigKeys (ConfUtils.java:logGet(43)) - raft.server.leader.election.timeout = 120s (custom)
2019-09-12 11:39:53,008 [pool-27-thread-1] INFO  server.RaftServerConfigKeys (ConfUtils.java:logGet(43)) - raft.server.log.use.memory = false (default)
2019-09-12 11:39:53,008 [pool-27-thread-1] INFO  server.RaftServerConfigKeys (ConfUtils.java:logGet(43)) - raft.server.log.purge.gap = 1000000 (custom)
2019-09-12 11:39:53,008 | INFO  | SCMAudit | user=jenkins1000 | ip=192.168.36.114 | op=SEND_HEARTBEAT {datanodeUUID=9148d988-312e-4bdf-a5a7-32d9d6de346b, command=[]} | ret=SUCCESS |  
2019-09-12 11:39:53,008 [pool-27-thread-1] INFO  server.RaftServerConfigKeys (ConfUtils.java:logGet(43)) - raft.server.log.appender.buffer.byte-limit = 33554432 (custom)
2019-09-12 11:39:53,008 [pool-27-thread-1] INFO  server.RaftServerConfigKeys (ConfUtils.java:logGet(43)) - raft.server.log.segment.size.max = 1048576 (custom)
2019-09-12 11:39:53,008 [pool-27-thread-1] INFO  server.RaftServerConfigKeys (ConfUtils.java:logGet(43)) - raft.server.log.segment.cache.num.max = 2 (custom)
2019-09-12 11:39:53,009 [pool-27-thread-1] INFO  segmented.SegmentedRaftLogWorker (SegmentedRaftLogWorker.java:<init>(172)) - new 9148d988-312e-4bdf-a5a7-32d9d6de346b-SegmentedRaftLogWorker:Storage Directory /workdir/hadoop-ozone/ozonefs/target/test-dir/MiniOzoneClusterImpl-1d2bae73-2f79-49ab-b814-65dedb85297e/datanode-0/data/ratis/9965a2a9-2110-4274-a740-5030684ff1f5 for RaftStorage:Storage Directory /workdir/hadoop-ozone/ozonefs/target/test-dir/MiniOzoneClusterImpl-1d2bae73-2f79-49ab-b814-65dedb85297e/datanode-0/data/ratis/9965a2a9-2110-4274-a740-5030684ff1f5
2019-09-12 11:39:53,009 [pool-27-thread-1] INFO  server.RaftServerConfigKeys (ConfUtils.java:logGet(43)) - raft.server.log.queue.byte-limit = 2147483647 (custom)
2019-09-12 11:39:53,009 [pool-27-thread-1] INFO  server.RaftServerConfigKeys (ConfUtils.java:logGet(43)) - raft.server.log.queue.element-limit = 1024 (custom)
2019-09-12 11:39:53,009 [pool-27-thread-1] INFO  server.RaftServerConfigKeys (ConfUtils.java:logGet(43)) - raft.server.log.segment.size.max = 1048576 (custom)
2019-09-12 11:39:53,009 [pool-27-thread-1] INFO  server.RaftServerConfigKeys (ConfUtils.java:logGet(43)) - raft.server.log.preallocated.size = 16384 (custom)
2019-09-12 11:39:53,010 [pool-27-thread-1] INFO  server.RaftServerConfigKeys (ConfUtils.java:logGet(43)) - raft.server.log.write.buffer.size = 33554432 (custom)
2019-09-12 11:39:53,010 [pool-27-thread-1] INFO  server.RaftServerConfigKeys (ConfUtils.java:logGet(43)) - raft.server.log.force.sync.num = 128 (default)
2019-09-12 11:39:53,010 [pool-27-thread-1] INFO  server.RaftServerConfigKeys (ConfUtils.java:logGet(43)) - raft.server.log.statemachine.data.sync = true (default)
2019-09-12 11:39:53,010 [pool-27-thread-1] INFO  server.RaftServerConfigKeys (ConfUtils.java:logGet(43)) - raft.server.log.statemachine.data.sync.timeout = 10s (default)
2019-09-12 11:39:53,010 [pool-27-thread-1] INFO  server.RaftServerConfigKeys (ConfUtils.java:logGet(43)) - raft.server.log.statemachine.data.sync.timeout.retry = -1 (default)
2019-09-12 11:39:53,011 [pool-27-thread-1] INFO  server.RaftServerConfigKeys (ConfUtils.java:logGet(43)) - raft.server.log.statemachine.data.caching.enabled = true (custom)
2019-09-12 11:39:53,011 [pool-27-thread-1] INFO  segmented.SegmentedRaftLogWorker (SegmentedRaftLogWorker.java:lambda$new$0(132)) - 9148d988-312e-4bdf-a5a7-32d9d6de346b-SegmentedRaftLogWorker:Storage Directory /workdir/hadoop-ozone/ozonefs/target/test-dir/MiniOzoneClusterImpl-1d2bae73-2f79-49ab-b814-65dedb85297e/datanode-0/data/ratis/9965a2a9-2110-4274-a740-5030684ff1f5: flushIndex: setUnconditionally 0 -> -1
2019-09-12 11:39:53,012 [pool-27-thread-1] INFO  server.RaftServerConfigKeys (ConfUtils.java:logGet(43)) - raft.server.snapshot.auto.trigger.enabled = true (custom)
2019-09-12 11:39:53,012 [pool-27-thread-1] INFO  server.RaftServerConfigKeys (ConfUtils.java:logGet(43)) - raft.server.snapshot.auto.trigger.threshold = 10000 (custom)
2019-09-12 11:39:53,012 [pool-27-thread-1] INFO  server.RaftServerConfigKeys (ConfUtils.java:logGet(43)) - raft.server.retrycache.expirytime = 600000ms (custom)
2019-09-12 11:39:53,012 [pool-27-thread-1] INFO  impl.RaftServerImpl (RaftServerImpl.java:start(180)) - 9148d988-312e-4bdf-a5a7-32d9d6de346b: start group-5030684FF1F5
2019-09-12 11:39:53,013 [pool-27-thread-1] INFO  impl.RaftServerImpl (RaftServerImpl.java:setRole(171)) - 9148d988-312e-4bdf-a5a7-32d9d6de346b:group-5030684FF1F5 changes role from null to FOLLOWER at term 0 for startAsFollower
2019-09-12 11:39:53,013 [pool-27-thread-1] INFO  impl.RoleInfo (RoleInfo.java:updateAndGet(143)) - 9148d988-312e-4bdf-a5a7-32d9d6de346b: start FollowerState
2019-09-12 11:39:53,013 [pool-27-thread-1] INFO  util.JmxRegister (JmxRegister.java:tryRegister(44)) - Successfully registered JMX Bean with object name Ratis:service=RaftServer,group=group-5030684FF1F5,id=9148d988-312e-4bdf-a5a7-32d9d6de346b
2019-09-12 11:39:53,027 [RatisPipelineUtilsThread] INFO  pipeline.PipelineStateManager (PipelineStateManager.java:addPipeline(56)) - Created pipeline Pipeline[ Id: 9965a2a9-2110-4274-a740-5030684ff1f5, Nodes: 9148d988-312e-4bdf-a5a7-32d9d6de346b{ip: 192.168.36.114, host: pr-hdds-1569-58hkm-1881083799, networkLocation: /default-rack, certSerialId: null}, Type:RATIS, Factor:ONE, State:OPEN]
2019-09-12 11:39:53,032 [Thread-211] INFO  contract.AbstractFSContractTestBase (AbstractFSContractTestBase.java:setup(184)) - Test filesystem = o3fs://bucket27525.volume27080 implemented by OzoneFileSystem{URI=o3fs://bucket27525.volume27080, workingDir=o3fs://bucket27525.volume27080/user/jenkins1000, userName=jenkins1000, statistics=0 bytes read, 0 bytes written, 0 read ops, 0 large read ops, 0 write ops}
2019-09-12 11:39:53,045 [grpc-default-executor-0] INFO  impl.RaftServerProxy (RaftServerProxy.java:addNew(89)) - 9054a02d-1441-493c-bc6a-96f26a20f7c1: addNew group-B92355487114:[9054a02d-1441-493c-bc6a-96f26a20f7c1:192.168.36.114:34071] returns group-B92355487114:java.util.concurrent.CompletableFuture@4bcf77ba[Not completed]
2019-09-12 11:39:53,046 [pool-71-thread-1] INFO  impl.RaftServerImpl (RaftServerImpl.java:<init>(93)) - 9054a02d-1441-493c-bc6a-96f26a20f7c1: new RaftServerImpl for group-B92355487114:[9054a02d-1441-493c-bc6a-96f26a20f7c1:192.168.36.114:34071] with ContainerStateMachine:uninitialized
2019-09-12 11:39:53,046 [pool-71-thread-1] INFO  server.RaftServerConfigKeys (ConfUtils.java:logGet(43)) - raft.server.rpc.timeout.min = 5s (custom)
2019-09-12 11:39:53,047 [pool-71-thread-1] INFO  server.RaftServerConfigKeys (ConfUtils.java:logGet(43)) - raft.server.rpc.timeout.max = 5200ms (custom)
2019-09-12 11:39:53,047 [pool-71-thread-1] INFO  server.RaftServerConfigKeys (ConfUtils.java:logGet(43)) - raft.server.rpcslowness.timeout = 120s (custom)
2019-09-12 11:39:53,047 [pool-71-thread-1] INFO  server.RaftServerConfigKeys (ConfUtils.java:logGet(43)) - raft.server.sleep.deviation.threshold = 300 (default)
2019-09-12 11:39:53,047 [pool-71-thread-1] INFO  server.RaftServerConfigKeys (ConfUtils.java:logGet(43)) - raft.server.log.appender.install.snapshot.enabled = false (custom)
2019-09-12 11:39:53,047 [pool-71-thread-1] INFO  impl.RaftServerImpl (ServerState.java:<init>(105)) - 9054a02d-1441-493c-bc6a-96f26a20f7c1:group-B92355487114 ConfigurationManager, init=-1: [9054a02d-1441-493c-bc6a-96f26a20f7c1:192.168.36.114:34071], old=null, confs=<EMPTY_MAP>
2019-09-12 11:39:53,047 [pool-71-thread-1] INFO  server.RaftServerConfigKeys (ConfUtils.java:logGet(43)) - raft.server.storage.dir = [/workdir/hadoop-ozone/ozonefs/target/test-dir/MiniOzoneClusterImpl-1d2bae73-2f79-49ab-b814-65dedb85297e/datanode-4/data/ratis] (custom)
2019-09-12 11:39:53,048 [pool-71-thread-1] INFO  storage.RaftStorageDirectory (RaftStorageDirectory.java:analyzeStorage(246)) - The storage directory /workdir/hadoop-ozone/ozonefs/target/test-dir/MiniOzoneClusterImpl-1d2bae73-2f79-49ab-b814-65dedb85297e/datanode-4/data/ratis/c110eaf3-e862-4b62-894a-b92355487114 does not exist. Creating ...
2019-09-12 11:39:53,063 [pool-71-thread-1] INFO  storage.RaftStorageDirectory (RaftStorageDirectory.java:tryLock(328)) - Lock on /workdir/hadoop-ozone/ozonefs/target/test-dir/MiniOzoneClusterImpl-1d2bae73-2f79-49ab-b814-65dedb85297e/datanode-4/data/ratis/c110eaf3-e862-4b62-894a-b92355487114/in_use.lock acquired by nodename 3232@pr-hdds-1569-58hkm-1881083799
2019-09-12 11:39:53,084 [pool-71-thread-1] INFO  storage.RaftStorage (RaftStorage.java:format(72)) - Storage directory /workdir/hadoop-ozone/ozonefs/target/test-dir/MiniOzoneClusterImpl-1d2bae73-2f79-49ab-b814-65dedb85297e/datanode-4/data/ratis/c110eaf3-e862-4b62-894a-b92355487114 has been successfully formatted.
2019-09-12 11:39:53,085 [pool-71-thread-1] INFO  ratis.ContainerStateMachine (ContainerStateMachine.java:loadSnapshot(226)) - group-B92355487114: The snapshot info is null. Setting the last applied indexto:(t:0, i:~)
2019-09-12 11:39:53,085 [pool-71-thread-1] INFO  server.RaftServerConfigKeys (ConfUtils.java:logGet(43)) - raft.server.leader.election.timeout = 120s (custom)
2019-09-12 11:39:53,085 [pool-71-thread-1] INFO  server.RaftServerConfigKeys (ConfUtils.java:logGet(43)) - raft.server.log.use.memory = false (default)
2019-09-12 11:39:53,085 [pool-71-thread-1] INFO  server.RaftServerConfigKeys (ConfUtils.java:logGet(43)) - raft.server.log.purge.gap = 1000000 (custom)
2019-09-12 11:39:53,085 [pool-71-thread-1] INFO  server.RaftServerConfigKeys (ConfUtils.java:logGet(43)) - raft.server.log.appender.buffer.byte-limit = 33554432 (custom)
2019-09-12 11:39:53,085 [pool-71-thread-1] INFO  server.RaftServerConfigKeys (ConfUtils.java:logGet(43)) - raft.server.log.segment.size.max = 1048576 (custom)
2019-09-12 11:39:53,086 [pool-71-thread-1] INFO  server.RaftServerConfigKeys (ConfUtils.java:logGet(43)) - raft.server.log.segment.cache.num.max = 2 (custom)
2019-09-12 11:39:53,086 [pool-71-thread-1] INFO  segmented.SegmentedRaftLogWorker (SegmentedRaftLogWorker.java:<init>(172)) - new 9054a02d-1441-493c-bc6a-96f26a20f7c1-SegmentedRaftLogWorker:Storage Directory /workdir/hadoop-ozone/ozonefs/target/test-dir/MiniOzoneClusterImpl-1d2bae73-2f79-49ab-b814-65dedb85297e/datanode-4/data/ratis/c110eaf3-e862-4b62-894a-b92355487114 for RaftStorage:Storage Directory /workdir/hadoop-ozone/ozonefs/target/test-dir/MiniOzoneClusterImpl-1d2bae73-2f79-49ab-b814-65dedb85297e/datanode-4/data/ratis/c110eaf3-e862-4b62-894a-b92355487114
2019-09-12 11:39:53,086 [pool-71-thread-1] INFO  server.RaftServerConfigKeys (ConfUtils.java:logGet(43)) - raft.server.log.queue.byte-limit = 2147483647 (custom)
2019-09-12 11:39:53,086 [pool-71-thread-1] INFO  server.RaftServerConfigKeys (ConfUtils.java:logGet(43)) - raft.server.log.queue.element-limit = 1024 (custom)
2019-09-12 11:39:53,086 [pool-71-thread-1] INFO  server.RaftServerConfigKeys (ConfUtils.java:logGet(43)) - raft.server.log.segment.size.max = 1048576 (custom)
2019-09-12 11:39:53,086 [pool-71-thread-1] INFO  server.RaftServerConfigKeys (ConfUtils.java:logGet(43)) - raft.server.log.preallocated.size = 16384 (custom)
2019-09-12 11:39:53,086 [pool-71-thread-1] INFO  server.RaftServerConfigKeys (ConfUtils.java:logGet(43)) - raft.server.log.write.buffer.size = 33554432 (custom)
2019-09-12 11:39:53,086 [pool-71-thread-1] INFO  server.RaftServerConfigKeys (ConfUtils.java:logGet(43)) - raft.server.log.force.sync.num = 128 (default)
2019-09-12 11:39:53,087 [pool-71-thread-1] INFO  server.RaftServerConfigKeys (ConfUtils.java:logGet(43)) - raft.server.log.statemachine.data.sync = true (default)
2019-09-12 11:39:53,087 [pool-71-thread-1] INFO  server.RaftServerConfigKeys (ConfUtils.java:logGet(43)) - raft.server.log.statemachine.data.sync.timeout = 10s (default)
2019-09-12 11:39:53,087 [pool-71-thread-1] INFO  server.RaftServerConfigKeys (ConfUtils.java:logGet(43)) - raft.server.log.statemachine.data.sync.timeout.retry = -1 (default)
2019-09-12 11:39:53,087 [pool-71-thread-1] INFO  server.RaftServerConfigKeys (ConfUtils.java:logGet(43)) - raft.server.log.statemachine.data.caching.enabled = true (custom)
2019-09-12 11:39:53,087 [pool-71-thread-1] INFO  segmented.SegmentedRaftLogWorker (SegmentedRaftLogWorker.java:lambda$new$0(132)) - 9054a02d-1441-493c-bc6a-96f26a20f7c1-SegmentedRaftLogWorker:Storage Directory /workdir/hadoop-ozone/ozonefs/target/test-dir/MiniOzoneClusterImpl-1d2bae73-2f79-49ab-b814-65dedb85297e/datanode-4/data/ratis/c110eaf3-e862-4b62-894a-b92355487114: flushIndex: setUnconditionally 0 -> -1
2019-09-12 11:39:53,088 [pool-71-thread-1] INFO  server.RaftServerConfigKeys (ConfUtils.java:logGet(43)) - raft.server.snapshot.auto.trigger.enabled = true (custom)
2019-09-12 11:39:53,088 [pool-71-thread-1] INFO  server.RaftServerConfigKeys (ConfUtils.java:logGet(43)) - raft.server.snapshot.auto.trigger.threshold = 10000 (custom)
2019-09-12 11:39:53,088 [pool-71-thread-1] INFO  server.RaftServerConfigKeys (ConfUtils.java:logGet(43)) - raft.server.retrycache.expirytime = 600000ms (custom)
2019-09-12 11:39:53,088 [pool-71-thread-1] INFO  impl.RaftServerImpl (RaftServerImpl.java:start(180)) - 9054a02d-1441-493c-bc6a-96f26a20f7c1: start group-B92355487114
2019-09-12 11:39:53,088 [pool-71-thread-1] INFO  impl.RaftServerImpl (RaftServerImpl.java:setRole(171)) - 9054a02d-1441-493c-bc6a-96f26a20f7c1:group-B92355487114 changes role from null to FOLLOWER at term 0 for startAsFollower
2019-09-12 11:39:53,089 [pool-71-thread-1] INFO  impl.RoleInfo (RoleInfo.java:updateAndGet(143)) - 9054a02d-1441-493c-bc6a-96f26a20f7c1: start FollowerState
2019-09-12 11:39:53,089 [pool-71-thread-1] INFO  util.JmxRegister (JmxRegister.java:tryRegister(44)) - Successfully registered JMX Bean with object name Ratis:service=RaftServer,group=group-B92355487114,id=9054a02d-1441-493c-bc6a-96f26a20f7c1
2019-09-12 11:39:53,100 [RatisPipelineUtilsThread] INFO  pipeline.PipelineStateManager (PipelineStateManager.java:addPipeline(56)) - Created pipeline Pipeline[ Id: c110eaf3-e862-4b62-894a-b92355487114, Nodes: 9054a02d-1441-493c-bc6a-96f26a20f7c1{ip: 192.168.36.114, host: pr-hdds-1569-58hkm-1881083799, networkLocation: /default-rack, certSerialId: null}, Type:RATIS, Factor:ONE, State:OPEN]
2019-09-12 11:39:53,111 | INFO  | OMAudit | user=jenkins1000 | ip=127.0.0.1 | op=CREATE_DIRECTORY {volume=volume27080, bucket=bucket27525, key=test, dataSize=0, replicationType=null, replicationFactor=null, keyLocationInfo=null} | ret=SUCCESS |  
2019-09-12 11:39:53,117 [grpc-default-executor-0] INFO  impl.RaftServerProxy (RaftServerProxy.java:addNew(89)) - 9148d988-312e-4bdf-a5a7-32d9d6de346b: addNew group-4A8185AE771D:[9148d988-312e-4bdf-a5a7-32d9d6de346b:192.168.36.114:41656] returns group-4A8185AE771D:java.util.concurrent.CompletableFuture@3512dbe[Not completed]
2019-09-12 11:39:53,119 [pool-27-thread-1] INFO  impl.RaftServerImpl (RaftServerImpl.java:<init>(93)) - 9148d988-312e-4bdf-a5a7-32d9d6de346b: new RaftServerImpl for group-4A8185AE771D:[9148d988-312e-4bdf-a5a7-32d9d6de346b:192.168.36.114:41656] with ContainerStateMachine:uninitialized
2019-09-12 11:39:53,119 [pool-27-thread-1] INFO  server.RaftServerConfigKeys (ConfUtils.java:logGet(43)) - raft.server.rpc.timeout.min = 5s (custom)
2019-09-12 11:39:53,119 [pool-27-thread-1] INFO  server.RaftServerConfigKeys (ConfUtils.java:logGet(43)) - raft.server.rpc.timeout.max = 5200ms (custom)
2019-09-12 11:39:53,119 [pool-27-thread-1] INFO  server.RaftServerConfigKeys (ConfUtils.java:logGet(43)) - raft.server.rpcslowness.timeout = 120s (custom)
2019-09-12 11:39:53,119 [pool-27-thread-1] INFO  server.RaftServerConfigKeys (ConfUtils.java:logGet(43)) - raft.server.sleep.deviation.threshold = 300 (default)
2019-09-12 11:39:53,119 [pool-27-thread-1] INFO  server.RaftServerConfigKeys (ConfUtils.java:logGet(43)) - raft.server.log.appender.install.snapshot.enabled = false (custom)
2019-09-12 11:39:53,119 [pool-27-thread-1] INFO  impl.RaftServerImpl (ServerState.java:<init>(105)) - 9148d988-312e-4bdf-a5a7-32d9d6de346b:group-4A8185AE771D ConfigurationManager, init=-1: [9148d988-312e-4bdf-a5a7-32d9d6de346b:192.168.36.114:41656], old=null, confs=<EMPTY_MAP>
2019-09-12 11:39:53,120 [pool-27-thread-1] INFO  server.RaftServerConfigKeys (ConfUtils.java:logGet(43)) - raft.server.storage.dir = [/workdir/hadoop-ozone/ozonefs/target/test-dir/MiniOzoneClusterImpl-1d2bae73-2f79-49ab-b814-65dedb85297e/datanode-0/data/ratis] (custom)
2019-09-12 11:39:53,120 [pool-27-thread-1] INFO  storage.RaftStorageDirectory (RaftStorageDirectory.java:analyzeStorage(246)) - The storage directory /workdir/hadoop-ozone/ozonefs/target/test-dir/MiniOzoneClusterImpl-1d2bae73-2f79-49ab-b814-65dedb85297e/datanode-0/data/ratis/411411b8-58c5-480f-a090-4a8185ae771d does not exist. Creating ...
2019-09-12 11:39:53,126 | ERROR | OMAudit | user=jenkins1000 | ip=127.0.0.1 | op=GET_FILE_STATUS {volume=volume27080, bucket=bucket27525, key=test/testRenameWithNonEmptySubDir, dataSize=0, replicationType=null, replicationFactor=null, keyLocationInfo=null} | ret=FAILURE | FILE_NOT_FOUND org.apache.hadoop.ozone.om.exceptions.OMException: Unable to get file status: volume: volume27080 bucket: bucket27525 key: test/testRenameWithNonEmptySubDir
	at org.apache.hadoop.ozone.om.KeyManagerImpl.getFileStatus(KeyManagerImpl.java:1655)
	at org.apache.hadoop.ozone.om.OzoneManager.getFileStatus(OzoneManager.java:2868) 
2019-09-12 11:39:53,136 [pool-27-thread-1] INFO  storage.RaftStorageDirectory (RaftStorageDirectory.java:tryLock(328)) - Lock on /workdir/hadoop-ozone/ozonefs/target/test-dir/MiniOzoneClusterImpl-1d2bae73-2f79-49ab-b814-65dedb85297e/datanode-0/data/ratis/411411b8-58c5-480f-a090-4a8185ae771d/in_use.lock acquired by nodename 3232@pr-hdds-1569-58hkm-1881083799
2019-09-12 11:39:53,146 | INFO  | OMAudit | user=jenkins1000 | ip=127.0.0.1 | op=CREATE_DIRECTORY {volume=volume27080, bucket=bucket27525, key=test/testRenameWithNonEmptySubDir/src1, dataSize=0, replicationType=null, replicationFactor=null, keyLocationInfo=null} | ret=SUCCESS |  
2019-09-12 11:39:53,153 | INFO  | OMAudit | user=jenkins1000 | ip=127.0.0.1 | op=CREATE_DIRECTORY {volume=volume27080, bucket=bucket27525, key=test/testRenameWithNonEmptySubDir/dest, dataSize=0, replicationType=null, replicationFactor=null, keyLocationInfo=null} | ret=SUCCESS |  
2019-09-12 11:39:53,153 [pool-27-thread-1] INFO  storage.RaftStorage (RaftStorage.java:format(72)) - Storage directory /workdir/hadoop-ozone/ozonefs/target/test-dir/MiniOzoneClusterImpl-1d2bae73-2f79-49ab-b814-65dedb85297e/datanode-0/data/ratis/411411b8-58c5-480f-a090-4a8185ae771d has been successfully formatted.
2019-09-12 11:39:53,154 [pool-27-thread-1] INFO  ratis.ContainerStateMachine (ContainerStateMachine.java:loadSnapshot(226)) - group-4A8185AE771D: The snapshot info is null. Setting the last applied indexto:(t:0, i:~)
2019-09-12 11:39:53,154 [pool-27-thread-1] INFO  server.RaftServerConfigKeys (ConfUtils.java:logGet(43)) - raft.server.leader.election.timeout = 120s (custom)
2019-09-12 11:39:53,154 [pool-27-thread-1] INFO  server.RaftServerConfigKeys (ConfUtils.java:logGet(43)) - raft.server.log.use.memory = false (default)
2019-09-12 11:39:53,154 [pool-27-thread-1] INFO  server.RaftServerConfigKeys (ConfUtils.java:logGet(43)) - raft.server.log.purge.gap = 1000000 (custom)
2019-09-12 11:39:53,154 [pool-27-thread-1] INFO  server.RaftServerConfigKeys (ConfUtils.java:logGet(43)) - raft.server.log.appender.buffer.byte-limit = 33554432 (custom)
2019-09-12 11:39:53,154 [pool-27-thread-1] INFO  server.RaftServerConfigKeys (ConfUtils.java:logGet(43)) - raft.server.log.segment.size.max = 1048576 (custom)
2019-09-12 11:39:53,155 [pool-27-thread-1] INFO  server.RaftServerConfigKeys (ConfUtils.java:logGet(43)) - raft.server.log.segment.cache.num.max = 2 (custom)
2019-09-12 11:39:53,155 [pool-27-thread-1] INFO  segmented.SegmentedRaftLogWorker (SegmentedRaftLogWorker.java:<init>(172)) - new 9148d988-312e-4bdf-a5a7-32d9d6de346b-SegmentedRaftLogWorker:Storage Directory /workdir/hadoop-ozone/ozonefs/target/test-dir/MiniOzoneClusterImpl-1d2bae73-2f79-49ab-b814-65dedb85297e/datanode-0/data/ratis/411411b8-58c5-480f-a090-4a8185ae771d for RaftStorage:Storage Directory /workdir/hadoop-ozone/ozonefs/target/test-dir/MiniOzoneClusterImpl-1d2bae73-2f79-49ab-b814-65dedb85297e/datanode-0/data/ratis/411411b8-58c5-480f-a090-4a8185ae771d
2019-09-12 11:39:53,155 [pool-27-thread-1] INFO  server.RaftServerConfigKeys (ConfUtils.java:logGet(43)) - raft.server.log.queue.byte-limit = 2147483647 (custom)
2019-09-12 11:39:53,155 [pool-27-thread-1] INFO  server.RaftServerConfigKeys (ConfUtils.java:logGet(43)) - raft.server.log.queue.element-limit = 1024 (custom)
2019-09-12 11:39:53,155 [pool-27-thread-1] INFO  server.RaftServerConfigKeys (ConfUtils.java:logGet(43)) - raft.server.log.segment.size.max = 1048576 (custom)
2019-09-12 11:39:53,155 [pool-27-thread-1] INFO  server.RaftServerConfigKeys (ConfUtils.java:logGet(43)) - raft.server.log.preallocated.size = 16384 (custom)
2019-09-12 11:39:53,155 [pool-27-thread-1] INFO  server.RaftServerConfigKeys (ConfUtils.java:logGet(43)) - raft.server.log.write.buffer.size = 33554432 (custom)
2019-09-12 11:39:53,156 [pool-27-thread-1] INFO  server.RaftServerConfigKeys (ConfUtils.java:logGet(43)) - raft.server.log.force.sync.num = 128 (default)
2019-09-12 11:39:53,156 [pool-27-thread-1] INFO  server.RaftServerConfigKeys (ConfUtils.java:logGet(43)) - raft.server.log.statemachine.data.sync = true (default)
2019-09-12 11:39:53,156 [pool-27-thread-1] INFO  server.RaftServerConfigKeys (ConfUtils.java:logGet(43)) - raft.server.log.statemachine.data.sync.timeout = 10s (default)
2019-09-12 11:39:53,156 [pool-27-thread-1] INFO  server.RaftServerConfigKeys (ConfUtils.java:logGet(43)) - raft.server.log.statemachine.data.sync.timeout.retry = -1 (default)
2019-09-12 11:39:53,156 [pool-27-thread-1] INFO  server.RaftServerConfigKeys (ConfUtils.java:logGet(43)) - raft.server.log.statemachine.data.caching.enabled = true (custom)
2019-09-12 11:39:53,156 [pool-27-thread-1] INFO  segmented.SegmentedRaftLogWorker (SegmentedRaftLogWorker.java:lambda$new$0(132)) - 9148d988-312e-4bdf-a5a7-32d9d6de346b-SegmentedRaftLogWorker:Storage Directory /workdir/hadoop-ozone/ozonefs/target/test-dir/MiniOzoneClusterImpl-1d2bae73-2f79-49ab-b814-65dedb85297e/datanode-0/data/ratis/411411b8-58c5-480f-a090-4a8185ae771d: flushIndex: setUnconditionally 0 -> -1
2019-09-12 11:39:53,157 [pool-27-thread-1] INFO  server.RaftServerConfigKeys (ConfUtils.java:logGet(43)) - raft.server.snapshot.auto.trigger.enabled = true (custom)
2019-09-12 11:39:53,157 [pool-27-thread-1] INFO  server.RaftServerConfigKeys (ConfUtils.java:logGet(43)) - raft.server.snapshot.auto.trigger.threshold = 10000 (custom)
2019-09-12 11:39:53,157 [pool-27-thread-1] INFO  server.RaftServerConfigKeys (ConfUtils.java:logGet(43)) - raft.server.retrycache.expirytime = 600000ms (custom)
2019-09-12 11:39:53,157 [pool-27-thread-1] INFO  impl.RaftServerImpl (RaftServerImpl.java:start(180)) - 9148d988-312e-4bdf-a5a7-32d9d6de346b: start group-4A8185AE771D
2019-09-12 11:39:53,157 [pool-27-thread-1] INFO  impl.RaftServerImpl (RaftServerImpl.java:setRole(171)) - 9148d988-312e-4bdf-a5a7-32d9d6de346b:group-4A8185AE771D changes role from null to FOLLOWER at term 0 for startAsFollower
2019-09-12 11:39:53,157 [pool-27-thread-1] INFO  impl.RoleInfo (RoleInfo.java:updateAndGet(143)) - 9148d988-312e-4bdf-a5a7-32d9d6de346b: start FollowerState
2019-09-12 11:39:53,158 [pool-27-thread-1] INFO  util.JmxRegister (JmxRegister.java:tryRegister(44)) - Successfully registered JMX Bean with object name Ratis:service=RaftServer,group=group-4A8185AE771D,id=9148d988-312e-4bdf-a5a7-32d9d6de346b
2019-09-12 11:39:53,167 [RatisPipelineUtilsThread] INFO  pipeline.PipelineStateManager (PipelineStateManager.java:addPipeline(56)) - Created pipeline Pipeline[ Id: 411411b8-58c5-480f-a090-4a8185ae771d, Nodes: 9148d988-312e-4bdf-a5a7-32d9d6de346b{ip: 192.168.36.114, host: pr-hdds-1569-58hkm-1881083799, networkLocation: /default-rack, certSerialId: null}, Type:RATIS, Factor:ONE, State:OPEN]
2019-09-12 11:39:53,180 [grpc-default-executor-0] INFO  impl.RaftServerProxy (RaftServerProxy.java:addNew(89)) - 044596ee-7e7d-4399-b453-4b0aeb57312a: addNew group-B4C086A6504A:[044596ee-7e7d-4399-b453-4b0aeb57312a:192.168.36.114:46758] returns group-B4C086A6504A:java.util.concurrent.CompletableFuture@4ca9abd8[Not completed]
2019-09-12 11:39:53,181 [pool-49-thread-1] INFO  impl.RaftServerImpl (RaftServerImpl.java:<init>(93)) - 044596ee-7e7d-4399-b453-4b0aeb57312a: new RaftServerImpl for group-B4C086A6504A:[044596ee-7e7d-4399-b453-4b0aeb57312a:192.168.36.114:46758] with ContainerStateMachine:uninitialized
2019-09-12 11:39:53,182 [pool-49-thread-1] INFO  server.RaftServerConfigKeys (ConfUtils.java:logGet(43)) - raft.server.rpc.timeout.min = 5s (custom)
2019-09-12 11:39:53,182 [pool-49-thread-1] INFO  server.RaftServerConfigKeys (ConfUtils.java:logGet(43)) - raft.server.rpc.timeout.max = 5200ms (custom)
2019-09-12 11:39:53,183 [pool-49-thread-1] INFO  server.RaftServerConfigKeys (ConfUtils.java:logGet(43)) - raft.server.rpcslowness.timeout = 120s (custom)
2019-09-12 11:39:53,183 [pool-49-thread-1] INFO  server.RaftServerConfigKeys (ConfUtils.java:logGet(43)) - raft.server.sleep.deviation.threshold = 300 (default)
2019-09-12 11:39:53,183 [pool-49-thread-1] INFO  server.RaftServerConfigKeys (ConfUtils.java:logGet(43)) - raft.server.log.appender.install.snapshot.enabled = false (custom)
2019-09-12 11:39:53,183 [pool-49-thread-1] INFO  impl.RaftServerImpl (ServerState.java:<init>(105)) - 044596ee-7e7d-4399-b453-4b0aeb57312a:group-B4C086A6504A ConfigurationManager, init=-1: [044596ee-7e7d-4399-b453-4b0aeb57312a:192.168.36.114:46758], old=null, confs=<EMPTY_MAP>
2019-09-12 11:39:53,183 [pool-49-thread-1] INFO  server.RaftServerConfigKeys (ConfUtils.java:logGet(43)) - raft.server.storage.dir = [/workdir/hadoop-ozone/ozonefs/target/test-dir/MiniOzoneClusterImpl-1d2bae73-2f79-49ab-b814-65dedb85297e/datanode-2/data/ratis] (custom)
2019-09-12 11:39:53,183 [pool-49-thread-1] INFO  storage.RaftStorageDirectory (RaftStorageDirectory.java:analyzeStorage(246)) - The storage directory /workdir/hadoop-ozone/ozonefs/target/test-dir/MiniOzoneClusterImpl-1d2bae73-2f79-49ab-b814-65dedb85297e/datanode-2/data/ratis/95ccbf72-013c-41f6-a924-b4c086a6504a does not exist. Creating ...
2019-09-12 11:39:53,196 [pool-49-thread-1] INFO  storage.RaftStorageDirectory (RaftStorageDirectory.java:tryLock(328)) - Lock on /workdir/hadoop-ozone/ozonefs/target/test-dir/MiniOzoneClusterImpl-1d2bae73-2f79-49ab-b814-65dedb85297e/datanode-2/data/ratis/95ccbf72-013c-41f6-a924-b4c086a6504a/in_use.lock acquired by nodename 3232@pr-hdds-1569-58hkm-1881083799
2019-09-12 11:39:53,208 [pool-49-thread-1] INFO  storage.RaftStorage (RaftStorage.java:format(72)) - Storage directory /workdir/hadoop-ozone/ozonefs/target/test-dir/MiniOzoneClusterImpl-1d2bae73-2f79-49ab-b814-65dedb85297e/datanode-2/data/ratis/95ccbf72-013c-41f6-a924-b4c086a6504a has been successfully formatted.
2019-09-12 11:39:53,208 [pool-49-thread-1] INFO  ratis.ContainerStateMachine (ContainerStateMachine.java:loadSnapshot(226)) - group-B4C086A6504A: The snapshot info is null. Setting the last applied indexto:(t:0, i:~)
2019-09-12 11:39:53,209 [pool-49-thread-1] INFO  server.RaftServerConfigKeys (ConfUtils.java:logGet(43)) - raft.server.leader.election.timeout = 120s (custom)
2019-09-12 11:39:53,209 [pool-49-thread-1] INFO  server.RaftServerConfigKeys (ConfUtils.java:logGet(43)) - raft.server.log.use.memory = false (default)
2019-09-12 11:39:53,209 [pool-49-thread-1] INFO  server.RaftServerConfigKeys (ConfUtils.java:logGet(43)) - raft.server.log.purge.gap = 1000000 (custom)
2019-09-12 11:39:53,210 [pool-49-thread-1] INFO  server.RaftServerConfigKeys (ConfUtils.java:logGet(43)) - raft.server.log.appender.buffer.byte-limit = 33554432 (custom)
2019-09-12 11:39:53,210 [pool-49-thread-1] INFO  server.RaftServerConfigKeys (ConfUtils.java:logGet(43)) - raft.server.log.segment.size.max = 1048576 (custom)
2019-09-12 11:39:53,210 [pool-49-thread-1] INFO  server.RaftServerConfigKeys (ConfUtils.java:logGet(43)) - raft.server.log.segment.cache.num.max = 2 (custom)
2019-09-12 11:39:53,210 [pool-49-thread-1] INFO  segmented.SegmentedRaftLogWorker (SegmentedRaftLogWorker.java:<init>(172)) - new 044596ee-7e7d-4399-b453-4b0aeb57312a-SegmentedRaftLogWorker:Storage Directory /workdir/hadoop-ozone/ozonefs/target/test-dir/MiniOzoneClusterImpl-1d2bae73-2f79-49ab-b814-65dedb85297e/datanode-2/data/ratis/95ccbf72-013c-41f6-a924-b4c086a6504a for RaftStorage:Storage Directory /workdir/hadoop-ozone/ozonefs/target/test-dir/MiniOzoneClusterImpl-1d2bae73-2f79-49ab-b814-65dedb85297e/datanode-2/data/ratis/95ccbf72-013c-41f6-a924-b4c086a6504a
2019-09-12 11:39:53,211 [pool-49-thread-1] INFO  server.RaftServerConfigKeys (ConfUtils.java:logGet(43)) - raft.server.log.queue.byte-limit = 2147483647 (custom)
2019-09-12 11:39:53,211 [pool-49-thread-1] INFO  server.RaftServerConfigKeys (ConfUtils.java:logGet(43)) - raft.server.log.queue.element-limit = 1024 (custom)
2019-09-12 11:39:53,211 [pool-49-thread-1] INFO  server.RaftServerConfigKeys (ConfUtils.java:logGet(43)) - raft.server.log.segment.size.max = 1048576 (custom)
2019-09-12 11:39:53,212 [pool-49-thread-1] INFO  server.RaftServerConfigKeys (ConfUtils.java:logGet(43)) - raft.server.log.preallocated.size = 16384 (custom)
2019-09-12 11:39:53,212 [pool-49-thread-1] INFO  server.RaftServerConfigKeys (ConfUtils.java:logGet(43)) - raft.server.log.write.buffer.size = 33554432 (custom)
2019-09-12 11:39:53,212 [pool-49-thread-1] INFO  server.RaftServerConfigKeys (ConfUtils.java:logGet(43)) - raft.server.log.force.sync.num = 128 (default)
2019-09-12 11:39:53,212 [pool-49-thread-1] INFO  server.RaftServerConfigKeys (ConfUtils.java:logGet(43)) - raft.server.log.statemachine.data.sync = true (default)
2019-09-12 11:39:53,212 [pool-49-thread-1] INFO  server.RaftServerConfigKeys (ConfUtils.java:logGet(43)) - raft.server.log.statemachine.data.sync.timeout = 10s (default)
2019-09-12 11:39:53,213 [pool-49-thread-1] INFO  server.RaftServerConfigKeys (ConfUtils.java:logGet(43)) - raft.server.log.statemachine.data.sync.timeout.retry = -1 (default)
2019-09-12 11:39:53,213 [pool-49-thread-1] INFO  server.RaftServerConfigKeys (ConfUtils.java:logGet(43)) - raft.server.log.statemachine.data.caching.enabled = true (custom)
2019-09-12 11:39:53,214 [pool-49-thread-1] INFO  segmented.SegmentedRaftLogWorker (SegmentedRaftLogWorker.java:lambda$new$0(132)) - 044596ee-7e7d-4399-b453-4b0aeb57312a-SegmentedRaftLogWorker:Storage Directory /workdir/hadoop-ozone/ozonefs/target/test-dir/MiniOzoneClusterImpl-1d2bae73-2f79-49ab-b814-65dedb85297e/datanode-2/data/ratis/95ccbf72-013c-41f6-a924-b4c086a6504a: flushIndex: setUnconditionally 0 -> -1
2019-09-12 11:39:53,218 [pool-49-thread-1] INFO  server.RaftServerConfigKeys (ConfUtils.java:logGet(43)) - raft.server.snapshot.auto.trigger.enabled = true (custom)
2019-09-12 11:39:53,218 [pool-49-thread-1] INFO  server.RaftServerConfigKeys (ConfUtils.java:logGet(43)) - raft.server.snapshot.auto.trigger.threshold = 10000 (custom)
2019-09-12 11:39:53,218 [pool-49-thread-1] INFO  server.RaftServerConfigKeys (ConfUtils.java:logGet(43)) - raft.server.retrycache.expirytime = 600000ms (custom)
2019-09-12 11:39:53,219 [pool-49-thread-1] INFO  impl.RaftServerImpl (RaftServerImpl.java:start(180)) - 044596ee-7e7d-4399-b453-4b0aeb57312a: start group-B4C086A6504A
2019-09-12 11:39:53,219 [pool-49-thread-1] INFO  impl.RaftServerImpl (RaftServerImpl.java:setRole(171)) - 044596ee-7e7d-4399-b453-4b0aeb57312a:group-B4C086A6504A changes role from null to FOLLOWER at term 0 for startAsFollower
2019-09-12 11:39:53,219 [pool-49-thread-1] INFO  impl.RoleInfo (RoleInfo.java:updateAndGet(143)) - 044596ee-7e7d-4399-b453-4b0aeb57312a: start FollowerState
2019-09-12 11:39:53,220 [pool-49-thread-1] INFO  util.JmxRegister (JmxRegister.java:tryRegister(44)) - Successfully registered JMX Bean with object name Ratis:service=RaftServer,group=group-B4C086A6504A,id=044596ee-7e7d-4399-b453-4b0aeb57312a
2019-09-12 11:39:53,231 [RatisPipelineUtilsThread] INFO  pipeline.PipelineStateManager (PipelineStateManager.java:addPipeline(56)) - Created pipeline Pipeline[ Id: 95ccbf72-013c-41f6-a924-b4c086a6504a, Nodes: 044596ee-7e7d-4399-b453-4b0aeb57312a{ip: 192.168.36.114, host: pr-hdds-1569-58hkm-1881083799, networkLocation: /default-rack, certSerialId: null}, Type:RATIS, Factor:ONE, State:OPEN]
2019-09-12 11:39:53,243 [grpc-default-executor-0] INFO  impl.RaftServerProxy (RaftServerProxy.java:addNew(89)) - 044596ee-7e7d-4399-b453-4b0aeb57312a: addNew group-246A28F19198:[044596ee-7e7d-4399-b453-4b0aeb57312a:192.168.36.114:46758] returns group-246A28F19198:java.util.concurrent.CompletableFuture@37521d2b[Not completed]
2019-09-12 11:39:53,245 [pool-49-thread-1] INFO  impl.RaftServerImpl (RaftServerImpl.java:<init>(93)) - 044596ee-7e7d-4399-b453-4b0aeb57312a: new RaftServerImpl for group-246A28F19198:[044596ee-7e7d-4399-b453-4b0aeb57312a:192.168.36.114:46758] with ContainerStateMachine:uninitialized
2019-09-12 11:39:53,245 [pool-49-thread-1] INFO  server.RaftServerConfigKeys (ConfUtils.java:logGet(43)) - raft.server.rpc.timeout.min = 5s (custom)
2019-09-12 11:39:53,245 [pool-49-thread-1] INFO  server.RaftServerConfigKeys (ConfUtils.java:logGet(43)) - raft.server.rpc.timeout.max = 5200ms (custom)
2019-09-12 11:39:53,245 [pool-49-thread-1] INFO  server.RaftServerConfigKeys (ConfUtils.java:logGet(43)) - raft.server.rpcslowness.timeout = 120s (custom)
2019-09-12 11:39:53,245 [pool-49-thread-1] INFO  server.RaftServerConfigKeys (ConfUtils.java:logGet(43)) - raft.server.sleep.deviation.threshold = 300 (default)
2019-09-12 11:39:53,246 [pool-49-thread-1] INFO  server.RaftServerConfigKeys (ConfUtils.java:logGet(43)) - raft.server.log.appender.install.snapshot.enabled = false (custom)
2019-09-12 11:39:53,246 [pool-49-thread-1] INFO  impl.RaftServerImpl (ServerState.java:<init>(105)) - 044596ee-7e7d-4399-b453-4b0aeb57312a:group-246A28F19198 ConfigurationManager, init=-1: [044596ee-7e7d-4399-b453-4b0aeb57312a:192.168.36.114:46758], old=null, confs=<EMPTY_MAP>
2019-09-12 11:39:53,246 [pool-49-thread-1] INFO  server.RaftServerConfigKeys (ConfUtils.java:logGet(43)) - raft.server.storage.dir = [/workdir/hadoop-ozone/ozonefs/target/test-dir/MiniOzoneClusterImpl-1d2bae73-2f79-49ab-b814-65dedb85297e/datanode-2/data/ratis] (custom)
2019-09-12 11:39:53,246 [pool-49-thread-1] INFO  storage.RaftStorageDirectory (RaftStorageDirectory.java:analyzeStorage(246)) - The storage directory /workdir/hadoop-ozone/ozonefs/target/test-dir/MiniOzoneClusterImpl-1d2bae73-2f79-49ab-b814-65dedb85297e/datanode-2/data/ratis/3a95c484-aac3-4848-afec-246a28f19198 does not exist. Creating ...
2019-09-12 11:39:53,259 [pool-49-thread-1] INFO  storage.RaftStorageDirectory (RaftStorageDirectory.java:tryLock(328)) - Lock on /workdir/hadoop-ozone/ozonefs/target/test-dir/MiniOzoneClusterImpl-1d2bae73-2f79-49ab-b814-65dedb85297e/datanode-2/data/ratis/3a95c484-aac3-4848-afec-246a28f19198/in_use.lock acquired by nodename 3232@pr-hdds-1569-58hkm-1881083799
2019-09-12 11:39:53,260 | INFO  | SCMAudit | user=jenkins1000 | ip=192.168.36.114 | op=SEND_HEARTBEAT {datanodeUUID=1d44087f-ac8e-4e5c-8d8f-c977d94470a7, command=[]} | ret=SUCCESS |  
2019-09-12 11:39:53,272 [pool-49-thread-1] INFO  storage.RaftStorage (RaftStorage.java:format(72)) - Storage directory /workdir/hadoop-ozone/ozonefs/target/test-dir/MiniOzoneClusterImpl-1d2bae73-2f79-49ab-b814-65dedb85297e/datanode-2/data/ratis/3a95c484-aac3-4848-afec-246a28f19198 has been successfully formatted.
2019-09-12 11:39:53,272 [pool-49-thread-1] INFO  ratis.ContainerStateMachine (ContainerStateMachine.java:loadSnapshot(226)) - group-246A28F19198: The snapshot info is null. Setting the last applied indexto:(t:0, i:~)
2019-09-12 11:39:53,272 [pool-49-thread-1] INFO  server.RaftServerConfigKeys (ConfUtils.java:logGet(43)) - raft.server.leader.election.timeout = 120s (custom)
2019-09-12 11:39:53,272 [pool-49-thread-1] INFO  server.RaftServerConfigKeys (ConfUtils.java:logGet(43)) - raft.server.log.use.memory = false (default)
2019-09-12 11:39:53,273 [pool-49-thread-1] INFO  server.RaftServerConfigKeys (ConfUtils.java:logGet(43)) - raft.server.log.purge.gap = 1000000 (custom)
2019-09-12 11:39:53,273 [pool-49-thread-1] INFO  server.RaftServerConfigKeys (ConfUtils.java:logGet(43)) - raft.server.log.appender.buffer.byte-limit = 33554432 (custom)
2019-09-12 11:39:53,273 [pool-49-thread-1] INFO  server.RaftServerConfigKeys (ConfUtils.java:logGet(43)) - raft.server.log.segment.size.max = 1048576 (custom)
2019-09-12 11:39:53,273 [pool-49-thread-1] INFO  server.RaftServerConfigKeys (ConfUtils.java:logGet(43)) - raft.server.log.segment.cache.num.max = 2 (custom)
2019-09-12 11:39:53,273 [pool-49-thread-1] INFO  segmented.SegmentedRaftLogWorker (SegmentedRaftLogWorker.java:<init>(172)) - new 044596ee-7e7d-4399-b453-4b0aeb57312a-SegmentedRaftLogWorker:Storage Directory /workdir/hadoop-ozone/ozonefs/target/test-dir/MiniOzoneClusterImpl-1d2bae73-2f79-49ab-b814-65dedb85297e/datanode-2/data/ratis/3a95c484-aac3-4848-afec-246a28f19198 for RaftStorage:Storage Directory /workdir/hadoop-ozone/ozonefs/target/test-dir/MiniOzoneClusterImpl-1d2bae73-2f79-49ab-b814-65dedb85297e/datanode-2/data/ratis/3a95c484-aac3-4848-afec-246a28f19198
2019-09-12 11:39:53,273 [pool-49-thread-1] INFO  server.RaftServerConfigKeys (ConfUtils.java:logGet(43)) - raft.server.log.queue.byte-limit = 2147483647 (custom)
2019-09-12 11:39:53,273 [pool-49-thread-1] INFO  server.RaftServerConfigKeys (ConfUtils.java:logGet(43)) - raft.server.log.queue.element-limit = 1024 (custom)
2019-09-12 11:39:53,274 [pool-49-thread-1] INFO  server.RaftServerConfigKeys (ConfUtils.java:logGet(43)) - raft.server.log.segment.size.max = 1048576 (custom)
2019-09-12 11:39:53,274 [pool-49-thread-1] INFO  server.RaftServerConfigKeys (ConfUtils.java:logGet(43)) - raft.server.log.preallocated.size = 16384 (custom)
2019-09-12 11:39:53,274 [pool-49-thread-1] INFO  server.RaftServerConfigKeys (ConfUtils.java:logGet(43)) - raft.server.log.write.buffer.size = 33554432 (custom)
2019-09-12 11:39:53,274 [pool-49-thread-1] INFO  server.RaftServerConfigKeys (ConfUtils.java:logGet(43)) - raft.server.log.force.sync.num = 128 (default)
2019-09-12 11:39:53,274 [pool-49-thread-1] INFO  server.RaftServerConfigKeys (ConfUtils.java:logGet(43)) - raft.server.log.statemachine.data.sync = true (default)
2019-09-12 11:39:53,274 [pool-49-thread-1] INFO  server.RaftServerConfigKeys (ConfUtils.java:logGet(43)) - raft.server.log.statemachine.data.sync.timeout = 10s (default)
2019-09-12 11:39:53,274 [pool-49-thread-1] INFO  server.RaftServerConfigKeys (ConfUtils.java:logGet(43)) - raft.server.log.statemachine.data.sync.timeout.retry = -1 (default)
2019-09-12 11:39:53,275 [pool-49-thread-1] INFO  server.RaftServerConfigKeys (ConfUtils.java:logGet(43)) - raft.server.log.statemachine.data.caching.enabled = true (custom)
2019-09-12 11:39:53,275 [pool-49-thread-1] INFO  segmented.SegmentedRaftLogWorker (SegmentedRaftLogWorker.java:lambda$new$0(132)) - 044596ee-7e7d-4399-b453-4b0aeb57312a-SegmentedRaftLogWorker:Storage Directory /workdir/hadoop-ozone/ozonefs/target/test-dir/MiniOzoneClusterImpl-1d2bae73-2f79-49ab-b814-65dedb85297e/datanode-2/data/ratis/3a95c484-aac3-4848-afec-246a28f19198: flushIndex: setUnconditionally 0 -> -1
2019-09-12 11:39:53,275 [pool-49-thread-1] INFO  server.RaftServerConfigKeys (ConfUtils.java:logGet(43)) - raft.server.snapshot.auto.trigger.enabled = true (custom)
2019-09-12 11:39:53,275 [pool-49-thread-1] INFO  server.RaftServerConfigKeys (ConfUtils.java:logGet(43)) - raft.server.snapshot.auto.trigger.threshold = 10000 (custom)
2019-09-12 11:39:53,275 [pool-49-thread-1] INFO  server.RaftServerConfigKeys (ConfUtils.java:logGet(43)) - raft.server.retrycache.expirytime = 600000ms (custom)
2019-09-12 11:39:53,276 [pool-49-thread-1] INFO  impl.RaftServerImpl (RaftServerImpl.java:start(180)) - 044596ee-7e7d-4399-b453-4b0aeb57312a: start group-246A28F19198
2019-09-12 11:39:53,276 [pool-49-thread-1] INFO  impl.RaftServerImpl (RaftServerImpl.java:setRole(171)) - 044596ee-7e7d-4399-b453-4b0aeb57312a:group-246A28F19198 changes role from null to FOLLOWER at term 0 for startAsFollower
2019-09-12 11:39:53,276 [pool-49-thread-1] INFO  impl.RoleInfo (RoleInfo.java:updateAndGet(143)) - 044596ee-7e7d-4399-b453-4b0aeb57312a: start FollowerState
2019-09-12 11:39:53,276 [pool-49-thread-1] INFO  util.JmxRegister (JmxRegister.java:tryRegister(44)) - Successfully registered JMX Bean with object name Ratis:service=RaftServer,group=group-246A28F19198,id=044596ee-7e7d-4399-b453-4b0aeb57312a
2019-09-12 11:39:53,285 [RatisPipelineUtilsThread] INFO  pipeline.PipelineStateManager (PipelineStateManager.java:addPipeline(56)) - Created pipeline Pipeline[ Id: 3a95c484-aac3-4848-afec-246a28f19198, Nodes: 044596ee-7e7d-4399-b453-4b0aeb57312a{ip: 192.168.36.114, host: pr-hdds-1569-58hkm-1881083799, networkLocation: /default-rack, certSerialId: null}, Type:RATIS, Factor:ONE, State:OPEN]
2019-09-12 11:39:53,297 [grpc-default-executor-0] INFO  impl.RaftServerProxy (RaftServerProxy.java:addNew(89)) - 9148d988-312e-4bdf-a5a7-32d9d6de346b: addNew group-1DE89CC7C9E8:[9148d988-312e-4bdf-a5a7-32d9d6de346b:192.168.36.114:41656] returns group-1DE89CC7C9E8:java.util.concurrent.CompletableFuture@1162d509[Not completed]
2019-09-12 11:39:53,299 [pool-27-thread-1] INFO  impl.RaftServerImpl (RaftServerImpl.java:<init>(93)) - 9148d988-312e-4bdf-a5a7-32d9d6de346b: new RaftServerImpl for group-1DE89CC7C9E8:[9148d988-312e-4bdf-a5a7-32d9d6de346b:192.168.36.114:41656] with ContainerStateMachine:uninitialized
2019-09-12 11:39:53,299 [pool-27-thread-1] INFO  server.RaftServerConfigKeys (ConfUtils.java:logGet(43)) - raft.server.rpc.timeout.min = 5s (custom)
2019-09-12 11:39:53,300 [pool-27-thread-1] INFO  server.RaftServerConfigKeys (ConfUtils.java:logGet(43)) - raft.server.rpc.timeout.max = 5200ms (custom)
2019-09-12 11:39:53,300 [pool-27-thread-1] INFO  server.RaftServerConfigKeys (ConfUtils.java:logGet(43)) - raft.server.rpcslowness.timeout = 120s (custom)
2019-09-12 11:39:53,300 [pool-27-thread-1] INFO  server.RaftServerConfigKeys (ConfUtils.java:logGet(43)) - raft.server.sleep.deviation.threshold = 300 (default)
2019-09-12 11:39:53,300 [pool-27-thread-1] INFO  server.RaftServerConfigKeys (ConfUtils.java:logGet(43)) - raft.server.log.appender.install.snapshot.enabled = false (custom)
2019-09-12 11:39:53,300 [pool-27-thread-1] INFO  impl.RaftServerImpl (ServerState.java:<init>(105)) - 9148d988-312e-4bdf-a5a7-32d9d6de346b:group-1DE89CC7C9E8 ConfigurationManager, init=-1: [9148d988-312e-4bdf-a5a7-32d9d6de346b:192.168.36.114:41656], old=null, confs=<EMPTY_MAP>
2019-09-12 11:39:53,300 [pool-27-thread-1] INFO  server.RaftServerConfigKeys (ConfUtils.java:logGet(43)) - raft.server.storage.dir = [/workdir/hadoop-ozone/ozonefs/target/test-dir/MiniOzoneClusterImpl-1d2bae73-2f79-49ab-b814-65dedb85297e/datanode-0/data/ratis] (custom)
2019-09-12 11:39:53,301 [pool-27-thread-1] INFO  storage.RaftStorageDirectory (RaftStorageDirectory.java:analyzeStorage(246)) - The storage directory /workdir/hadoop-ozone/ozonefs/target/test-dir/MiniOzoneClusterImpl-1d2bae73-2f79-49ab-b814-65dedb85297e/datanode-0/data/ratis/02b9feed-fd28-472b-b159-1de89cc7c9e8 does not exist. Creating ...
2019-09-12 11:39:53,314 [pool-27-thread-1] INFO  storage.RaftStorageDirectory (RaftStorageDirectory.java:tryLock(328)) - Lock on /workdir/hadoop-ozone/ozonefs/target/test-dir/MiniOzoneClusterImpl-1d2bae73-2f79-49ab-b814-65dedb85297e/datanode-0/data/ratis/02b9feed-fd28-472b-b159-1de89cc7c9e8/in_use.lock acquired by nodename 3232@pr-hdds-1569-58hkm-1881083799
2019-09-12 11:39:53,327 [pool-27-thread-1] INFO  storage.RaftStorage (RaftStorage.java:format(72)) - Storage directory /workdir/hadoop-ozone/ozonefs/target/test-dir/MiniOzoneClusterImpl-1d2bae73-2f79-49ab-b814-65dedb85297e/datanode-0/data/ratis/02b9feed-fd28-472b-b159-1de89cc7c9e8 has been successfully formatted.
2019-09-12 11:39:53,327 [pool-27-thread-1] INFO  ratis.ContainerStateMachine (ContainerStateMachine.java:loadSnapshot(226)) - group-1DE89CC7C9E8: The snapshot info is null. Setting the last applied indexto:(t:0, i:~)
2019-09-12 11:39:53,328 [pool-27-thread-1] INFO  server.RaftServerConfigKeys (ConfUtils.java:logGet(43)) - raft.server.leader.election.timeout = 120s (custom)
2019-09-12 11:39:53,328 [pool-27-thread-1] INFO  server.RaftServerConfigKeys (ConfUtils.java:logGet(43)) - raft.server.log.use.memory = false (default)
2019-09-12 11:39:53,328 [pool-27-thread-1] INFO  server.RaftServerConfigKeys (ConfUtils.java:logGet(43)) - raft.server.log.purge.gap = 1000000 (custom)
2019-09-12 11:39:53,328 [pool-27-thread-1] INFO  server.RaftServerConfigKeys (ConfUtils.java:logGet(43)) - raft.server.log.appender.buffer.byte-limit = 33554432 (custom)
2019-09-12 11:39:53,328 [pool-27-thread-1] INFO  server.RaftServerConfigKeys (ConfUtils.java:logGet(43)) - raft.server.log.segment.size.max = 1048576 (custom)
2019-09-12 11:39:53,328 [pool-27-thread-1] INFO  server.RaftServerConfigKeys (ConfUtils.java:logGet(43)) - raft.server.log.segment.cache.num.max = 2 (custom)
2019-09-12 11:39:53,329 [pool-27-thread-1] INFO  segmented.SegmentedRaftLogWorker (SegmentedRaftLogWorker.java:<init>(172)) - new 9148d988-312e-4bdf-a5a7-32d9d6de346b-SegmentedRaftLogWorker:Storage Directory /workdir/hadoop-ozone/ozonefs/target/test-dir/MiniOzoneClusterImpl-1d2bae73-2f79-49ab-b814-65dedb85297e/datanode-0/data/ratis/02b9feed-fd28-472b-b159-1de89cc7c9e8 for RaftStorage:Storage Directory /workdir/hadoop-ozone/ozonefs/target/test-dir/MiniOzoneClusterImpl-1d2bae73-2f79-49ab-b814-65dedb85297e/datanode-0/data/ratis/02b9feed-fd28-472b-b159-1de89cc7c9e8
2019-09-12 11:39:53,329 [pool-27-thread-1] INFO  server.RaftServerConfigKeys (ConfUtils.java:logGet(43)) - raft.server.log.queue.byte-limit = 2147483647 (custom)
2019-09-12 11:39:53,329 [pool-27-thread-1] INFO  server.RaftServerConfigKeys (ConfUtils.java:logGet(43)) - raft.server.log.queue.element-limit = 1024 (custom)
2019-09-12 11:39:53,329 [pool-27-thread-1] INFO  server.RaftServerConfigKeys (ConfUtils.java:logGet(43)) - raft.server.log.segment.size.max = 1048576 (custom)
2019-09-12 11:39:53,329 [pool-27-thread-1] INFO  server.RaftServerConfigKeys (ConfUtils.java:logGet(43)) - raft.server.log.preallocated.size = 16384 (custom)
2019-09-12 11:39:53,330 [pool-27-thread-1] INFO  server.RaftServerConfigKeys (ConfUtils.java:logGet(43)) - raft.server.log.write.buffer.size = 33554432 (custom)
2019-09-12 11:39:53,330 [pool-27-thread-1] INFO  server.RaftServerConfigKeys (ConfUtils.java:logGet(43)) - raft.server.log.force.sync.num = 128 (default)
2019-09-12 11:39:53,330 [pool-27-thread-1] INFO  server.RaftServerConfigKeys (ConfUtils.java:logGet(43)) - raft.server.log.statemachine.data.sync = true (default)
2019-09-12 11:39:53,330 [pool-27-thread-1] INFO  server.RaftServerConfigKeys (ConfUtils.java:logGet(43)) - raft.server.log.statemachine.data.sync.timeout = 10s (default)
2019-09-12 11:39:53,330 [pool-27-thread-1] INFO  server.RaftServerConfigKeys (ConfUtils.java:logGet(43)) - raft.server.log.statemachine.data.sync.timeout.retry = -1 (default)
2019-09-12 11:39:53,330 [pool-27-thread-1] INFO  server.RaftServerConfigKeys (ConfUtils.java:logGet(43)) - raft.server.log.statemachine.data.caching.enabled = true (custom)
2019-09-12 11:39:53,331 [pool-27-thread-1] INFO  segmented.SegmentedRaftLogWorker (SegmentedRaftLogWorker.java:lambda$new$0(132)) - 9148d988-312e-4bdf-a5a7-32d9d6de346b-SegmentedRaftLogWorker:Storage Directory /workdir/hadoop-ozone/ozonefs/target/test-dir/MiniOzoneClusterImpl-1d2bae73-2f79-49ab-b814-65dedb85297e/datanode-0/data/ratis/02b9feed-fd28-472b-b159-1de89cc7c9e8: flushIndex: setUnconditionally 0 -> -1
2019-09-12 11:39:53,331 [pool-27-thread-1] INFO  server.RaftServerConfigKeys (ConfUtils.java:logGet(43)) - raft.server.snapshot.auto.trigger.enabled = true (custom)
2019-09-12 11:39:53,331 [pool-27-thread-1] INFO  server.RaftServerConfigKeys (ConfUtils.java:logGet(43)) - raft.server.snapshot.auto.trigger.threshold = 10000 (custom)
2019-09-12 11:39:53,332 [pool-27-thread-1] INFO  server.RaftServerConfigKeys (ConfUtils.java:logGet(43)) - raft.server.retrycache.expirytime = 600000ms (custom)
2019-09-12 11:39:53,332 [pool-27-thread-1] INFO  impl.RaftServerImpl (RaftServerImpl.java:start(180)) - 9148d988-312e-4bdf-a5a7-32d9d6de346b: start group-1DE89CC7C9E8
2019-09-12 11:39:53,332 [pool-27-thread-1] INFO  impl.RaftServerImpl (RaftServerImpl.java:setRole(171)) - 9148d988-312e-4bdf-a5a7-32d9d6de346b:group-1DE89CC7C9E8 changes role from null to FOLLOWER at term 0 for startAsFollower
2019-09-12 11:39:53,332 [pool-27-thread-1] INFO  impl.RoleInfo (RoleInfo.java:updateAndGet(143)) - 9148d988-312e-4bdf-a5a7-32d9d6de346b: start FollowerState
2019-09-12 11:39:53,333 [pool-27-thread-1] INFO  util.JmxRegister (JmxRegister.java:tryRegister(44)) - Successfully registered JMX Bean with object name Ratis:service=RaftServer,group=group-1DE89CC7C9E8,id=9148d988-312e-4bdf-a5a7-32d9d6de346b
2019-09-12 11:39:53,343 [RatisPipelineUtilsThread] INFO  pipeline.PipelineStateManager (PipelineStateManager.java:addPipeline(56)) - Created pipeline Pipeline[ Id: 02b9feed-fd28-472b-b159-1de89cc7c9e8, Nodes: 9148d988-312e-4bdf-a5a7-32d9d6de346b{ip: 192.168.36.114, host: pr-hdds-1569-58hkm-1881083799, networkLocation: /default-rack, certSerialId: null}, Type:RATIS, Factor:ONE, State:OPEN]
2019-09-12 11:39:53,344 [RatisPipelineUtilsThread] ERROR pipeline.PipelinePlacementPolicy (PipelinePlacementPolicy.java:meetCriteria(92)) - Pipeline Placement: Doesn't meet the criteria to be viable node. Heaviness: 6
2019-09-12 11:39:53,359 [grpc-default-executor-0] INFO  impl.RaftServerProxy (RaftServerProxy.java:addNew(89)) - 044596ee-7e7d-4399-b453-4b0aeb57312a: addNew group-489B4F6F1B7D:[044596ee-7e7d-4399-b453-4b0aeb57312a:192.168.36.114:46758] returns group-489B4F6F1B7D:java.util.concurrent.CompletableFuture@2c5fc81c[Not completed]
2019-09-12 11:39:53,361 [pool-49-thread-1] INFO  impl.RaftServerImpl (RaftServerImpl.java:<init>(93)) - 044596ee-7e7d-4399-b453-4b0aeb57312a: new RaftServerImpl for group-489B4F6F1B7D:[044596ee-7e7d-4399-b453-4b0aeb57312a:192.168.36.114:46758] with ContainerStateMachine:uninitialized
2019-09-12 11:39:53,361 [pool-49-thread-1] INFO  server.RaftServerConfigKeys (ConfUtils.java:logGet(43)) - raft.server.rpc.timeout.min = 5s (custom)
2019-09-12 11:39:53,361 [pool-49-thread-1] INFO  server.RaftServerConfigKeys (ConfUtils.java:logGet(43)) - raft.server.rpc.timeout.max = 5200ms (custom)
2019-09-12 11:39:53,361 [pool-49-thread-1] INFO  server.RaftServerConfigKeys (ConfUtils.java:logGet(43)) - raft.server.rpcslowness.timeout = 120s (custom)
2019-09-12 11:39:53,361 [pool-49-thread-1] INFO  server.RaftServerConfigKeys (ConfUtils.java:logGet(43)) - raft.server.sleep.deviation.threshold = 300 (default)
2019-09-12 11:39:53,361 [pool-49-thread-1] INFO  server.RaftServerConfigKeys (ConfUtils.java:logGet(43)) - raft.server.log.appender.install.snapshot.enabled = false (custom)
2019-09-12 11:39:53,361 [pool-49-thread-1] INFO  impl.RaftServerImpl (ServerState.java:<init>(105)) - 044596ee-7e7d-4399-b453-4b0aeb57312a:group-489B4F6F1B7D ConfigurationManager, init=-1: [044596ee-7e7d-4399-b453-4b0aeb57312a:192.168.36.114:46758], old=null, confs=<EMPTY_MAP>
2019-09-12 11:39:53,362 [pool-49-thread-1] INFO  server.RaftServerConfigKeys (ConfUtils.java:logGet(43)) - raft.server.storage.dir = [/workdir/hadoop-ozone/ozonefs/target/test-dir/MiniOzoneClusterImpl-1d2bae73-2f79-49ab-b814-65dedb85297e/datanode-2/data/ratis] (custom)
2019-09-12 11:39:53,362 [pool-49-thread-1] INFO  storage.RaftStorageDirectory (RaftStorageDirectory.java:analyzeStorage(246)) - The storage directory /workdir/hadoop-ozone/ozonefs/target/test-dir/MiniOzoneClusterImpl-1d2bae73-2f79-49ab-b814-65dedb85297e/datanode-2/data/ratis/da37a2f7-6751-42b4-b021-489b4f6f1b7d does not exist. Creating ...
2019-09-12 11:39:53,374 [pool-49-thread-1] INFO  storage.RaftStorageDirectory (RaftStorageDirectory.java:tryLock(328)) - Lock on /workdir/hadoop-ozone/ozonefs/target/test-dir/MiniOzoneClusterImpl-1d2bae73-2f79-49ab-b814-65dedb85297e/datanode-2/data/ratis/da37a2f7-6751-42b4-b021-489b4f6f1b7d/in_use.lock acquired by nodename 3232@pr-hdds-1569-58hkm-1881083799
2019-09-12 11:39:53,386 [pool-49-thread-1] INFO  storage.RaftStorage (RaftStorage.java:format(72)) - Storage directory /workdir/hadoop-ozone/ozonefs/target/test-dir/MiniOzoneClusterImpl-1d2bae73-2f79-49ab-b814-65dedb85297e/datanode-2/data/ratis/da37a2f7-6751-42b4-b021-489b4f6f1b7d has been successfully formatted.
2019-09-12 11:39:53,387 [pool-49-thread-1] INFO  ratis.ContainerStateMachine (ContainerStateMachine.java:loadSnapshot(226)) - group-489B4F6F1B7D: The snapshot info is null. Setting the last applied indexto:(t:0, i:~)
2019-09-12 11:39:53,387 [pool-49-thread-1] INFO  server.RaftServerConfigKeys (ConfUtils.java:logGet(43)) - raft.server.leader.election.timeout = 120s (custom)
2019-09-12 11:39:53,387 [pool-49-thread-1] INFO  server.RaftServerConfigKeys (ConfUtils.java:logGet(43)) - raft.server.log.use.memory = false (default)
2019-09-12 11:39:53,387 [pool-49-thread-1] INFO  server.RaftServerConfigKeys (ConfUtils.java:logGet(43)) - raft.server.log.purge.gap = 1000000 (custom)
2019-09-12 11:39:53,387 [pool-49-thread-1] INFO  server.RaftServerConfigKeys (ConfUtils.java:logGet(43)) - raft.server.log.appender.buffer.byte-limit = 33554432 (custom)
2019-09-12 11:39:53,387 [pool-49-thread-1] INFO  server.RaftServerConfigKeys (ConfUtils.java:logGet(43)) - raft.server.log.segment.size.max = 1048576 (custom)
2019-09-12 11:39:53,387 [pool-49-thread-1] INFO  server.RaftServerConfigKeys (ConfUtils.java:logGet(43)) - raft.server.log.segment.cache.num.max = 2 (custom)
2019-09-12 11:39:53,387 [pool-49-thread-1] INFO  segmented.SegmentedRaftLogWorker (SegmentedRaftLogWorker.java:<init>(172)) - new 044596ee-7e7d-4399-b453-4b0aeb57312a-SegmentedRaftLogWorker:Storage Directory /workdir/hadoop-ozone/ozonefs/target/test-dir/MiniOzoneClusterImpl-1d2bae73-2f79-49ab-b814-65dedb85297e/datanode-2/data/ratis/da37a2f7-6751-42b4-b021-489b4f6f1b7d for RaftStorage:Storage Directory /workdir/hadoop-ozone/ozonefs/target/test-dir/MiniOzoneClusterImpl-1d2bae73-2f79-49ab-b814-65dedb85297e/datanode-2/data/ratis/da37a2f7-6751-42b4-b021-489b4f6f1b7d
2019-09-12 11:39:53,388 [pool-49-thread-1] INFO  server.RaftServerConfigKeys (ConfUtils.java:logGet(43)) - raft.server.log.queue.byte-limit = 2147483647 (custom)
2019-09-12 11:39:53,388 [pool-49-thread-1] INFO  server.RaftServerConfigKeys (ConfUtils.java:logGet(43)) - raft.server.log.queue.element-limit = 1024 (custom)
2019-09-12 11:39:53,388 [pool-49-thread-1] INFO  server.RaftServerConfigKeys (ConfUtils.java:logGet(43)) - raft.server.log.segment.size.max = 1048576 (custom)
2019-09-12 11:39:53,388 [pool-49-thread-1] INFO  server.RaftServerConfigKeys (ConfUtils.java:logGet(43)) - raft.server.log.preallocated.size = 16384 (custom)
2019-09-12 11:39:53,388 [pool-49-thread-1] INFO  server.RaftServerConfigKeys (ConfUtils.java:logGet(43)) - raft.server.log.write.buffer.size = 33554432 (custom)
2019-09-12 11:39:53,388 [pool-49-thread-1] INFO  server.RaftServerConfigKeys (ConfUtils.java:logGet(43)) - raft.server.log.force.sync.num = 128 (default)
2019-09-12 11:39:53,388 [pool-49-thread-1] INFO  server.RaftServerConfigKeys (ConfUtils.java:logGet(43)) - raft.server.log.statemachine.data.sync = true (default)
2019-09-12 11:39:53,388 [pool-49-thread-1] INFO  server.RaftServerConfigKeys (ConfUtils.java:logGet(43)) - raft.server.log.statemachine.data.sync.timeout = 10s (default)
2019-09-12 11:39:53,389 [pool-49-thread-1] INFO  server.RaftServerConfigKeys (ConfUtils.java:logGet(43)) - raft.server.log.statemachine.data.sync.timeout.retry = -1 (default)
2019-09-12 11:39:53,389 [pool-49-thread-1] INFO  server.RaftServerConfigKeys (ConfUtils.java:logGet(43)) - raft.server.log.statemachine.data.caching.enabled = true (custom)
2019-09-12 11:39:53,389 [pool-49-thread-1] INFO  segmented.SegmentedRaftLogWorker (SegmentedRaftLogWorker.java:lambda$new$0(132)) - 044596ee-7e7d-4399-b453-4b0aeb57312a-SegmentedRaftLogWorker:Storage Directory /workdir/hadoop-ozone/ozonefs/target/test-dir/MiniOzoneClusterImpl-1d2bae73-2f79-49ab-b814-65dedb85297e/datanode-2/data/ratis/da37a2f7-6751-42b4-b021-489b4f6f1b7d: flushIndex: setUnconditionally 0 -> -1
2019-09-12 11:39:53,389 [pool-49-thread-1] INFO  server.RaftServerConfigKeys (ConfUtils.java:logGet(43)) - raft.server.snapshot.auto.trigger.enabled = true (custom)
2019-09-12 11:39:53,390 [pool-49-thread-1] INFO  server.RaftServerConfigKeys (ConfUtils.java:logGet(43)) - raft.server.snapshot.auto.trigger.threshold = 10000 (custom)
2019-09-12 11:39:53,390 [pool-49-thread-1] INFO  server.RaftServerConfigKeys (ConfUtils.java:logGet(43)) - raft.server.retrycache.expirytime = 600000ms (custom)
2019-09-12 11:39:53,390 [pool-49-thread-1] INFO  impl.RaftServerImpl (RaftServerImpl.java:start(180)) - 044596ee-7e7d-4399-b453-4b0aeb57312a: start group-489B4F6F1B7D
2019-09-12 11:39:53,390 [pool-49-thread-1] INFO  impl.RaftServerImpl (RaftServerImpl.java:setRole(171)) - 044596ee-7e7d-4399-b453-4b0aeb57312a:group-489B4F6F1B7D changes role from null to FOLLOWER at term 0 for startAsFollower
2019-09-12 11:39:53,390 [pool-49-thread-1] INFO  impl.RoleInfo (RoleInfo.java:updateAndGet(143)) - 044596ee-7e7d-4399-b453-4b0aeb57312a: start FollowerState
2019-09-12 11:39:53,391 [pool-49-thread-1] INFO  util.JmxRegister (JmxRegister.java:tryRegister(44)) - Successfully registered JMX Bean with object name Ratis:service=RaftServer,group=group-489B4F6F1B7D,id=044596ee-7e7d-4399-b453-4b0aeb57312a
2019-09-12 11:39:53,395 [RatisPipelineUtilsThread] INFO  pipeline.PipelineStateManager (PipelineStateManager.java:addPipeline(56)) - Created pipeline Pipeline[ Id: da37a2f7-6751-42b4-b021-489b4f6f1b7d, Nodes: 044596ee-7e7d-4399-b453-4b0aeb57312a{ip: 192.168.36.114, host: pr-hdds-1569-58hkm-1881083799, networkLocation: /default-rack, certSerialId: null}, Type:RATIS, Factor:ONE, State:OPEN]
2019-09-12 11:39:53,397 [RatisPipelineUtilsThread] ERROR pipeline.PipelinePlacementPolicy (PipelinePlacementPolicy.java:meetCriteria(92)) - Pipeline Placement: Doesn't meet the criteria to be viable node. Heaviness: 6
2019-09-12 11:39:53,412 [grpc-default-executor-0] INFO  impl.RaftServerProxy (RaftServerProxy.java:addNew(89)) - ff770026-5750-4ac2-9a63-7739260f4b5e: addNew group-7B9CCD934211:[ff770026-5750-4ac2-9a63-7739260f4b5e:192.168.36.114:45258] returns group-7B9CCD934211:java.util.concurrent.CompletableFuture@672e9bd2[Not completed]
2019-09-12 11:39:53,414 [pool-60-thread-1] INFO  impl.RaftServerImpl (RaftServerImpl.java:<init>(93)) - ff770026-5750-4ac2-9a63-7739260f4b5e: new RaftServerImpl for group-7B9CCD934211:[ff770026-5750-4ac2-9a63-7739260f4b5e:192.168.36.114:45258] with ContainerStateMachine:uninitialized
2019-09-12 11:39:53,414 [pool-60-thread-1] INFO  server.RaftServerConfigKeys (ConfUtils.java:logGet(43)) - raft.server.rpc.timeout.min = 5s (custom)
2019-09-12 11:39:53,414 [pool-60-thread-1] INFO  server.RaftServerConfigKeys (ConfUtils.java:logGet(43)) - raft.server.rpc.timeout.max = 5200ms (custom)
2019-09-12 11:39:53,414 [pool-60-thread-1] INFO  server.RaftServerConfigKeys (ConfUtils.java:logGet(43)) - raft.server.rpcslowness.timeout = 120s (custom)
2019-09-12 11:39:53,414 [pool-60-thread-1] INFO  server.RaftServerConfigKeys (ConfUtils.java:logGet(43)) - raft.server.sleep.deviation.threshold = 300 (default)
2019-09-12 11:39:53,415 [pool-60-thread-1] INFO  server.RaftServerConfigKeys (ConfUtils.java:logGet(43)) - raft.server.log.appender.install.snapshot.enabled = false (custom)
2019-09-12 11:39:53,415 [pool-60-thread-1] INFO  impl.RaftServerImpl (ServerState.java:<init>(105)) - ff770026-5750-4ac2-9a63-7739260f4b5e:group-7B9CCD934211 ConfigurationManager, init=-1: [ff770026-5750-4ac2-9a63-7739260f4b5e:192.168.36.114:45258], old=null, confs=<EMPTY_MAP>
2019-09-12 11:39:53,415 [pool-60-thread-1] INFO  server.RaftServerConfigKeys (ConfUtils.java:logGet(43)) - raft.server.storage.dir = [/workdir/hadoop-ozone/ozonefs/target/test-dir/MiniOzoneClusterImpl-1d2bae73-2f79-49ab-b814-65dedb85297e/datanode-3/data/ratis] (custom)
2019-09-12 11:39:53,415 [pool-60-thread-1] INFO  storage.RaftStorageDirectory (RaftStorageDirectory.java:analyzeStorage(246)) - The storage directory /workdir/hadoop-ozone/ozonefs/target/test-dir/MiniOzoneClusterImpl-1d2bae73-2f79-49ab-b814-65dedb85297e/datanode-3/data/ratis/65d7e581-aaf2-40e7-b56b-7b9ccd934211 does not exist. Creating ...
2019-09-12 11:39:53,428 [pool-60-thread-1] INFO  storage.RaftStorageDirectory (RaftStorageDirectory.java:tryLock(328)) - Lock on /workdir/hadoop-ozone/ozonefs/target/test-dir/MiniOzoneClusterImpl-1d2bae73-2f79-49ab-b814-65dedb85297e/datanode-3/data/ratis/65d7e581-aaf2-40e7-b56b-7b9ccd934211/in_use.lock acquired by nodename 3232@pr-hdds-1569-58hkm-1881083799
2019-09-12 11:39:53,441 [pool-60-thread-1] INFO  storage.RaftStorage (RaftStorage.java:format(72)) - Storage directory /workdir/hadoop-ozone/ozonefs/target/test-dir/MiniOzoneClusterImpl-1d2bae73-2f79-49ab-b814-65dedb85297e/datanode-3/data/ratis/65d7e581-aaf2-40e7-b56b-7b9ccd934211 has been successfully formatted.
2019-09-12 11:39:53,442 [pool-60-thread-1] INFO  ratis.ContainerStateMachine (ContainerStateMachine.java:loadSnapshot(226)) - group-7B9CCD934211: The snapshot info is null. Setting the last applied indexto:(t:0, i:~)
2019-09-12 11:39:53,442 [pool-60-thread-1] INFO  server.RaftServerConfigKeys (ConfUtils.java:logGet(43)) - raft.server.leader.election.timeout = 120s (custom)
2019-09-12 11:39:53,442 [pool-60-thread-1] INFO  server.RaftServerConfigKeys (ConfUtils.java:logGet(43)) - raft.server.log.use.memory = false (default)
2019-09-12 11:39:53,442 [pool-60-thread-1] INFO  server.RaftServerConfigKeys (ConfUtils.java:logGet(43)) - raft.server.log.purge.gap = 1000000 (custom)
2019-09-12 11:39:53,443 [pool-60-thread-1] INFO  server.RaftServerConfigKeys (ConfUtils.java:logGet(43)) - raft.server.log.appender.buffer.byte-limit = 33554432 (custom)
2019-09-12 11:39:53,443 [pool-60-thread-1] INFO  server.RaftServerConfigKeys (ConfUtils.java:logGet(43)) - raft.server.log.segment.size.max = 1048576 (custom)
2019-09-12 11:39:53,443 [pool-60-thread-1] INFO  server.RaftServerConfigKeys (ConfUtils.java:logGet(43)) - raft.server.log.segment.cache.num.max = 2 (custom)
2019-09-12 11:39:53,443 [pool-60-thread-1] INFO  segmented.SegmentedRaftLogWorker (SegmentedRaftLogWorker.java:<init>(172)) - new ff770026-5750-4ac2-9a63-7739260f4b5e-SegmentedRaftLogWorker:Storage Directory /workdir/hadoop-ozone/ozonefs/target/test-dir/MiniOzoneClusterImpl-1d2bae73-2f79-49ab-b814-65dedb85297e/datanode-3/data/ratis/65d7e581-aaf2-40e7-b56b-7b9ccd934211 for RaftStorage:Storage Directory /workdir/hadoop-ozone/ozonefs/target/test-dir/MiniOzoneClusterImpl-1d2bae73-2f79-49ab-b814-65dedb85297e/datanode-3/data/ratis/65d7e581-aaf2-40e7-b56b-7b9ccd934211
2019-09-12 11:39:53,443 [pool-60-thread-1] INFO  server.RaftServerConfigKeys (ConfUtils.java:logGet(43)) - raft.server.log.queue.byte-limit = 2147483647 (custom)
2019-09-12 11:39:53,444 [pool-60-thread-1] INFO  server.RaftServerConfigKeys (ConfUtils.java:logGet(43)) - raft.server.log.queue.element-limit = 1024 (custom)
2019-09-12 11:39:53,444 [pool-60-thread-1] INFO  server.RaftServerConfigKeys (ConfUtils.java:logGet(43)) - raft.server.log.segment.size.max = 1048576 (custom)
2019-09-12 11:39:53,444 [pool-60-thread-1] INFO  server.RaftServerConfigKeys (ConfUtils.java:logGet(43)) - raft.server.log.preallocated.size = 16384 (custom)
2019-09-12 11:39:53,444 [pool-60-thread-1] INFO  server.RaftServerConfigKeys (ConfUtils.java:logGet(43)) - raft.server.log.write.buffer.size = 33554432 (custom)
2019-09-12 11:39:53,445 [pool-60-thread-1] INFO  server.RaftServerConfigKeys (ConfUtils.java:logGet(43)) - raft.server.log.force.sync.num = 128 (default)
2019-09-12 11:39:53,445 [pool-60-thread-1] INFO  server.RaftServerConfigKeys (ConfUtils.java:logGet(43)) - raft.server.log.statemachine.data.sync = true (default)
2019-09-12 11:39:53,445 [pool-60-thread-1] INFO  server.RaftServerConfigKeys (ConfUtils.java:logGet(43)) - raft.server.log.statemachine.data.sync.timeout = 10s (default)
2019-09-12 11:39:53,445 [pool-60-thread-1] INFO  server.RaftServerConfigKeys (ConfUtils.java:logGet(43)) - raft.server.log.statemachine.data.sync.timeout.retry = -1 (default)
2019-09-12 11:39:53,446 [pool-60-thread-1] INFO  server.RaftServerConfigKeys (ConfUtils.java:logGet(43)) - raft.server.log.statemachine.data.caching.enabled = true (custom)
2019-09-12 11:39:53,446 [pool-60-thread-1] INFO  segmented.SegmentedRaftLogWorker (SegmentedRaftLogWorker.java:lambda$new$0(132)) - ff770026-5750-4ac2-9a63-7739260f4b5e-SegmentedRaftLogWorker:Storage Directory /workdir/hadoop-ozone/ozonefs/target/test-dir/MiniOzoneClusterImpl-1d2bae73-2f79-49ab-b814-65dedb85297e/datanode-3/data/ratis/65d7e581-aaf2-40e7-b56b-7b9ccd934211: flushIndex: setUnconditionally 0 -> -1
2019-09-12 11:39:53,447 [pool-60-thread-1] INFO  server.RaftServerConfigKeys (ConfUtils.java:logGet(43)) - raft.server.snapshot.auto.trigger.enabled = true (custom)
2019-09-12 11:39:53,447 [pool-60-thread-1] INFO  server.RaftServerConfigKeys (ConfUtils.java:logGet(43)) - raft.server.snapshot.auto.trigger.threshold = 10000 (custom)
2019-09-12 11:39:53,447 [pool-60-thread-1] INFO  server.RaftServerConfigKeys (ConfUtils.java:logGet(43)) - raft.server.retrycache.expirytime = 600000ms (custom)
2019-09-12 11:39:53,447 [pool-60-thread-1] INFO  impl.RaftServerImpl (RaftServerImpl.java:start(180)) - ff770026-5750-4ac2-9a63-7739260f4b5e: start group-7B9CCD934211
2019-09-12 11:39:53,448 [pool-60-thread-1] INFO  impl.RaftServerImpl (RaftServerImpl.java:setRole(171)) - ff770026-5750-4ac2-9a63-7739260f4b5e:group-7B9CCD934211 changes role from null to FOLLOWER at term 0 for startAsFollower
2019-09-12 11:39:53,448 [pool-60-thread-1] INFO  impl.RoleInfo (RoleInfo.java:updateAndGet(143)) - ff770026-5750-4ac2-9a63-7739260f4b5e: start FollowerState
2019-09-12 11:39:53,448 [pool-60-thread-1] INFO  util.JmxRegister (JmxRegister.java:tryRegister(44)) - Successfully registered JMX Bean with object name Ratis:service=RaftServer,group=group-7B9CCD934211,id=ff770026-5750-4ac2-9a63-7739260f4b5e
2019-09-12 11:39:53,461 [RatisPipelineUtilsThread] INFO  pipeline.PipelineStateManager (PipelineStateManager.java:addPipeline(56)) - Created pipeline Pipeline[ Id: 65d7e581-aaf2-40e7-b56b-7b9ccd934211, Nodes: ff770026-5750-4ac2-9a63-7739260f4b5e{ip: 192.168.36.114, host: pr-hdds-1569-58hkm-1881083799, networkLocation: /default-rack, certSerialId: null}, Type:RATIS, Factor:ONE, State:OPEN]
2019-09-12 11:39:53,463 [RatisPipelineUtilsThread] ERROR pipeline.PipelinePlacementPolicy (PipelinePlacementPolicy.java:meetCriteria(92)) - Pipeline Placement: Doesn't meet the criteria to be viable node. Heaviness: 6
2019-09-12 11:39:53,473 [grpc-default-executor-0] INFO  impl.RaftServerProxy (RaftServerProxy.java:addNew(89)) - 044596ee-7e7d-4399-b453-4b0aeb57312a: addNew group-8319B4CC2775:[044596ee-7e7d-4399-b453-4b0aeb57312a:192.168.36.114:46758] returns group-8319B4CC2775:java.util.concurrent.CompletableFuture@39e30d61[Not completed]
2019-09-12 11:39:53,475 [pool-49-thread-1] INFO  impl.RaftServerImpl (RaftServerImpl.java:<init>(93)) - 044596ee-7e7d-4399-b453-4b0aeb57312a: new RaftServerImpl for group-8319B4CC2775:[044596ee-7e7d-4399-b453-4b0aeb57312a:192.168.36.114:46758] with ContainerStateMachine:uninitialized
2019-09-12 11:39:53,475 [pool-49-thread-1] INFO  server.RaftServerConfigKeys (ConfUtils.java:logGet(43)) - raft.server.rpc.timeout.min = 5s (custom)
2019-09-12 11:39:53,475 [pool-49-thread-1] INFO  server.RaftServerConfigKeys (ConfUtils.java:logGet(43)) - raft.server.rpc.timeout.max = 5200ms (custom)
2019-09-12 11:39:53,475 [pool-49-thread-1] INFO  server.RaftServerConfigKeys (ConfUtils.java:logGet(43)) - raft.server.rpcslowness.timeout = 120s (custom)
2019-09-12 11:39:53,476 [pool-49-thread-1] INFO  server.RaftServerConfigKeys (ConfUtils.java:logGet(43)) - raft.server.sleep.deviation.threshold = 300 (default)
2019-09-12 11:39:53,476 [pool-49-thread-1] INFO  server.RaftServerConfigKeys (ConfUtils.java:logGet(43)) - raft.server.log.appender.install.snapshot.enabled = false (custom)
2019-09-12 11:39:53,476 [pool-49-thread-1] INFO  impl.RaftServerImpl (ServerState.java:<init>(105)) - 044596ee-7e7d-4399-b453-4b0aeb57312a:group-8319B4CC2775 ConfigurationManager, init=-1: [044596ee-7e7d-4399-b453-4b0aeb57312a:192.168.36.114:46758], old=null, confs=<EMPTY_MAP>
2019-09-12 11:39:53,476 [pool-49-thread-1] INFO  server.RaftServerConfigKeys (ConfUtils.java:logGet(43)) - raft.server.storage.dir = [/workdir/hadoop-ozone/ozonefs/target/test-dir/MiniOzoneClusterImpl-1d2bae73-2f79-49ab-b814-65dedb85297e/datanode-2/data/ratis] (custom)
2019-09-12 11:39:53,477 [pool-49-thread-1] INFO  storage.RaftStorageDirectory (RaftStorageDirectory.java:analyzeStorage(246)) - The storage directory /workdir/hadoop-ozone/ozonefs/target/test-dir/MiniOzoneClusterImpl-1d2bae73-2f79-49ab-b814-65dedb85297e/datanode-2/data/ratis/5d886fed-339a-480b-af09-8319b4cc2775 does not exist. Creating ...
2019-09-12 11:39:53,498 [pool-49-thread-1] INFO  storage.RaftStorageDirectory (RaftStorageDirectory.java:tryLock(328)) - Lock on /workdir/hadoop-ozone/ozonefs/target/test-dir/MiniOzoneClusterImpl-1d2bae73-2f79-49ab-b814-65dedb85297e/datanode-2/data/ratis/5d886fed-339a-480b-af09-8319b4cc2775/in_use.lock acquired by nodename 3232@pr-hdds-1569-58hkm-1881083799
2019-09-12 11:39:53,511 | INFO  | SCMAudit | user=jenkins1000 | ip=192.168.36.114 | op=SEND_HEARTBEAT {datanodeUUID=044596ee-7e7d-4399-b453-4b0aeb57312a, command=[]} | ret=SUCCESS |  
2019-09-12 11:39:53,512 [pool-49-thread-1] INFO  storage.RaftStorage (RaftStorage.java:format(72)) - Storage directory /workdir/hadoop-ozone/ozonefs/target/test-dir/MiniOzoneClusterImpl-1d2bae73-2f79-49ab-b814-65dedb85297e/datanode-2/data/ratis/5d886fed-339a-480b-af09-8319b4cc2775 has been successfully formatted.
2019-09-12 11:39:53,512 [pool-49-thread-1] INFO  ratis.ContainerStateMachine (ContainerStateMachine.java:loadSnapshot(226)) - group-8319B4CC2775: The snapshot info is null. Setting the last applied indexto:(t:0, i:~)
2019-09-12 11:39:53,512 [pool-49-thread-1] INFO  server.RaftServerConfigKeys (ConfUtils.java:logGet(43)) - raft.server.leader.election.timeout = 120s (custom)
2019-09-12 11:39:53,512 [pool-49-thread-1] INFO  server.RaftServerConfigKeys (ConfUtils.java:logGet(43)) - raft.server.log.use.memory = false (default)
2019-09-12 11:39:53,513 [pool-49-thread-1] INFO  server.RaftServerConfigKeys (ConfUtils.java:logGet(43)) - raft.server.log.purge.gap = 1000000 (custom)
2019-09-12 11:39:53,513 [pool-49-thread-1] INFO  server.RaftServerConfigKeys (ConfUtils.java:logGet(43)) - raft.server.log.appender.buffer.byte-limit = 33554432 (custom)
2019-09-12 11:39:53,513 [pool-49-thread-1] INFO  server.RaftServerConfigKeys (ConfUtils.java:logGet(43)) - raft.server.log.segment.size.max = 1048576 (custom)
2019-09-12 11:39:53,513 [pool-49-thread-1] INFO  server.RaftServerConfigKeys (ConfUtils.java:logGet(43)) - raft.server.log.segment.cache.num.max = 2 (custom)
2019-09-12 11:39:53,513 [pool-49-thread-1] INFO  segmented.SegmentedRaftLogWorker (SegmentedRaftLogWorker.java:<init>(172)) - new 044596ee-7e7d-4399-b453-4b0aeb57312a-SegmentedRaftLogWorker:Storage Directory /workdir/hadoop-ozone/ozonefs/target/test-dir/MiniOzoneClusterImpl-1d2bae73-2f79-49ab-b814-65dedb85297e/datanode-2/data/ratis/5d886fed-339a-480b-af09-8319b4cc2775 for RaftStorage:Storage Directory /workdir/hadoop-ozone/ozonefs/target/test-dir/MiniOzoneClusterImpl-1d2bae73-2f79-49ab-b814-65dedb85297e/datanode-2/data/ratis/5d886fed-339a-480b-af09-8319b4cc2775
2019-09-12 11:39:53,514 [pool-49-thread-1] INFO  server.RaftServerConfigKeys (ConfUtils.java:logGet(43)) - raft.server.log.queue.byte-limit = 2147483647 (custom)
2019-09-12 11:39:53,514 [pool-49-thread-1] INFO  server.RaftServerConfigKeys (ConfUtils.java:logGet(43)) - raft.server.log.queue.element-limit = 1024 (custom)
2019-09-12 11:39:53,514 [pool-49-thread-1] INFO  server.RaftServerConfigKeys (ConfUtils.java:logGet(43)) - raft.server.log.segment.size.max = 1048576 (custom)
2019-09-12 11:39:53,514 [pool-49-thread-1] INFO  server.RaftServerConfigKeys (ConfUtils.java:logGet(43)) - raft.server.log.preallocated.size = 16384 (custom)
2019-09-12 11:39:53,514 [pool-49-thread-1] INFO  server.RaftServerConfigKeys (ConfUtils.java:logGet(43)) - raft.server.log.write.buffer.size = 33554432 (custom)
2019-09-12 11:39:53,515 [pool-49-thread-1] INFO  server.RaftServerConfigKeys (ConfUtils.java:logGet(43)) - raft.server.log.force.sync.num = 128 (default)
2019-09-12 11:39:53,515 [pool-49-thread-1] INFO  server.RaftServerConfigKeys (ConfUtils.java:logGet(43)) - raft.server.log.statemachine.data.sync = true (default)
2019-09-12 11:39:53,515 [pool-49-thread-1] INFO  server.RaftServerConfigKeys (ConfUtils.java:logGet(43)) - raft.server.log.statemachine.data.sync.timeout = 10s (default)
2019-09-12 11:39:53,515 [pool-49-thread-1] INFO  server.RaftServerConfigKeys (ConfUtils.java:logGet(43)) - raft.server.log.statemachine.data.sync.timeout.retry = -1 (default)
2019-09-12 11:39:53,515 [pool-49-thread-1] INFO  server.RaftServerConfigKeys (ConfUtils.java:logGet(43)) - raft.server.log.statemachine.data.caching.enabled = true (custom)
2019-09-12 11:39:53,516 [pool-49-thread-1] INFO  segmented.SegmentedRaftLogWorker (SegmentedRaftLogWorker.java:lambda$new$0(132)) - 044596ee-7e7d-4399-b453-4b0aeb57312a-SegmentedRaftLogWorker:Storage Directory /workdir/hadoop-ozone/ozonefs/target/test-dir/MiniOzoneClusterImpl-1d2bae73-2f79-49ab-b814-65dedb85297e/datanode-2/data/ratis/5d886fed-339a-480b-af09-8319b4cc2775: flushIndex: setUnconditionally 0 -> -1
2019-09-12 11:39:53,516 [pool-49-thread-1] INFO  server.RaftServerConfigKeys (ConfUtils.java:logGet(43)) - raft.server.snapshot.auto.trigger.enabled = true (custom)
2019-09-12 11:39:53,516 [pool-49-thread-1] INFO  server.RaftServerConfigKeys (ConfUtils.java:logGet(43)) - raft.server.snapshot.auto.trigger.threshold = 10000 (custom)
2019-09-12 11:39:53,517 [pool-49-thread-1] INFO  server.RaftServerConfigKeys (ConfUtils.java:logGet(43)) - raft.server.retrycache.expirytime = 600000ms (custom)
2019-09-12 11:39:53,517 [pool-49-thread-1] INFO  impl.RaftServerImpl (RaftServerImpl.java:start(180)) - 044596ee-7e7d-4399-b453-4b0aeb57312a: start group-8319B4CC2775
2019-09-12 11:39:53,517 [pool-49-thread-1] INFO  impl.RaftServerImpl (RaftServerImpl.java:setRole(171)) - 044596ee-7e7d-4399-b453-4b0aeb57312a:group-8319B4CC2775 changes role from null to FOLLOWER at term 0 for startAsFollower
2019-09-12 11:39:53,517 [pool-49-thread-1] INFO  impl.RoleInfo (RoleInfo.java:updateAndGet(143)) - 044596ee-7e7d-4399-b453-4b0aeb57312a: start FollowerState
2019-09-12 11:39:53,518 [pool-49-thread-1] INFO  util.JmxRegister (JmxRegister.java:tryRegister(44)) - Successfully registered JMX Bean with object name Ratis:service=RaftServer,group=group-8319B4CC2775,id=044596ee-7e7d-4399-b453-4b0aeb57312a
2019-09-12 11:39:53,523 [RatisPipelineUtilsThread] INFO  pipeline.PipelineStateManager (PipelineStateManager.java:addPipeline(56)) - Created pipeline Pipeline[ Id: 5d886fed-339a-480b-af09-8319b4cc2775, Nodes: 044596ee-7e7d-4399-b453-4b0aeb57312a{ip: 192.168.36.114, host: pr-hdds-1569-58hkm-1881083799, networkLocation: /default-rack, certSerialId: null}, Type:RATIS, Factor:ONE, State:OPEN]
2019-09-12 11:39:53,525 [RatisPipelineUtilsThread] ERROR pipeline.PipelinePlacementPolicy (PipelinePlacementPolicy.java:meetCriteria(92)) - Pipeline Placement: Doesn't meet the criteria to be viable node. Heaviness: 6
2019-09-12 11:39:53,525 [RatisPipelineUtilsThread] ERROR pipeline.PipelinePlacementPolicy (PipelinePlacementPolicy.java:meetCriteria(92)) - Pipeline Placement: Doesn't meet the criteria to be viable node. Heaviness: 6
2019-09-12 11:39:53,535 [grpc-default-executor-0] INFO  impl.RaftServerProxy (RaftServerProxy.java:addNew(89)) - ff770026-5750-4ac2-9a63-7739260f4b5e: addNew group-8DDBB5965D04:[ff770026-5750-4ac2-9a63-7739260f4b5e:192.168.36.114:45258] returns group-8DDBB5965D04:java.util.concurrent.CompletableFuture@1ce8dcf7[Not completed]
2019-09-12 11:39:53,537 [pool-60-thread-1] INFO  impl.RaftServerImpl (RaftServerImpl.java:<init>(93)) - ff770026-5750-4ac2-9a63-7739260f4b5e: new RaftServerImpl for group-8DDBB5965D04:[ff770026-5750-4ac2-9a63-7739260f4b5e:192.168.36.114:45258] with ContainerStateMachine:uninitialized
2019-09-12 11:39:53,537 [pool-60-thread-1] INFO  server.RaftServerConfigKeys (ConfUtils.java:logGet(43)) - raft.server.rpc.timeout.min = 5s (custom)
2019-09-12 11:39:53,537 [pool-60-thread-1] INFO  server.RaftServerConfigKeys (ConfUtils.java:logGet(43)) - raft.server.rpc.timeout.max = 5200ms (custom)
2019-09-12 11:39:53,538 [pool-60-thread-1] INFO  server.RaftServerConfigKeys (ConfUtils.java:logGet(43)) - raft.server.rpcslowness.timeout = 120s (custom)
2019-09-12 11:39:53,538 [pool-60-thread-1] INFO  server.RaftServerConfigKeys (ConfUtils.java:logGet(43)) - raft.server.sleep.deviation.threshold = 300 (default)
2019-09-12 11:39:53,538 [pool-60-thread-1] INFO  server.RaftServerConfigKeys (ConfUtils.java:logGet(43)) - raft.server.log.appender.install.snapshot.enabled = false (custom)
2019-09-12 11:39:53,538 [pool-60-thread-1] INFO  impl.RaftServerImpl (ServerState.java:<init>(105)) - ff770026-5750-4ac2-9a63-7739260f4b5e:group-8DDBB5965D04 ConfigurationManager, init=-1: [ff770026-5750-4ac2-9a63-7739260f4b5e:192.168.36.114:45258], old=null, confs=<EMPTY_MAP>
2019-09-12 11:39:53,538 [pool-60-thread-1] INFO  server.RaftServerConfigKeys (ConfUtils.java:logGet(43)) - raft.server.storage.dir = [/workdir/hadoop-ozone/ozonefs/target/test-dir/MiniOzoneClusterImpl-1d2bae73-2f79-49ab-b814-65dedb85297e/datanode-3/data/ratis] (custom)
2019-09-12 11:39:53,539 [pool-60-thread-1] INFO  storage.RaftStorageDirectory (RaftStorageDirectory.java:analyzeStorage(246)) - The storage directory /workdir/hadoop-ozone/ozonefs/target/test-dir/MiniOzoneClusterImpl-1d2bae73-2f79-49ab-b814-65dedb85297e/datanode-3/data/ratis/bb8dfffb-7c20-46fa-ab92-8ddbb5965d04 does not exist. Creating ...
2019-09-12 11:39:53,552 [pool-60-thread-1] INFO  storage.RaftStorageDirectory (RaftStorageDirectory.java:tryLock(328)) - Lock on /workdir/hadoop-ozone/ozonefs/target/test-dir/MiniOzoneClusterImpl-1d2bae73-2f79-49ab-b814-65dedb85297e/datanode-3/data/ratis/bb8dfffb-7c20-46fa-ab92-8ddbb5965d04/in_use.lock acquired by nodename 3232@pr-hdds-1569-58hkm-1881083799
2019-09-12 11:39:53,565 [pool-60-thread-1] INFO  storage.RaftStorage (RaftStorage.java:format(72)) - Storage directory /workdir/hadoop-ozone/ozonefs/target/test-dir/MiniOzoneClusterImpl-1d2bae73-2f79-49ab-b814-65dedb85297e/datanode-3/data/ratis/bb8dfffb-7c20-46fa-ab92-8ddbb5965d04 has been successfully formatted.
2019-09-12 11:39:53,566 [pool-60-thread-1] INFO  ratis.ContainerStateMachine (ContainerStateMachine.java:loadSnapshot(226)) - group-8DDBB5965D04: The snapshot info is null. Setting the last applied indexto:(t:0, i:~)
2019-09-12 11:39:53,566 [pool-60-thread-1] INFO  server.RaftServerConfigKeys (ConfUtils.java:logGet(43)) - raft.server.leader.election.timeout = 120s (custom)
2019-09-12 11:39:53,566 [pool-60-thread-1] INFO  server.RaftServerConfigKeys (ConfUtils.java:logGet(43)) - raft.server.log.use.memory = false (default)
2019-09-12 11:39:53,566 [pool-60-thread-1] INFO  server.RaftServerConfigKeys (ConfUtils.java:logGet(43)) - raft.server.log.purge.gap = 1000000 (custom)
2019-09-12 11:39:53,567 [pool-60-thread-1] INFO  server.RaftServerConfigKeys (ConfUtils.java:logGet(43)) - raft.server.log.appender.buffer.byte-limit = 33554432 (custom)
2019-09-12 11:39:53,567 [pool-60-thread-1] INFO  server.RaftServerConfigKeys (ConfUtils.java:logGet(43)) - raft.server.log.segment.size.max = 1048576 (custom)
2019-09-12 11:39:53,567 [pool-60-thread-1] INFO  server.RaftServerConfigKeys (ConfUtils.java:logGet(43)) - raft.server.log.segment.cache.num.max = 2 (custom)
2019-09-12 11:39:53,567 [pool-60-thread-1] INFO  segmented.SegmentedRaftLogWorker (SegmentedRaftLogWorker.java:<init>(172)) - new ff770026-5750-4ac2-9a63-7739260f4b5e-SegmentedRaftLogWorker:Storage Directory /workdir/hadoop-ozone/ozonefs/target/test-dir/MiniOzoneClusterImpl-1d2bae73-2f79-49ab-b814-65dedb85297e/datanode-3/data/ratis/bb8dfffb-7c20-46fa-ab92-8ddbb5965d04 for RaftStorage:Storage Directory /workdir/hadoop-ozone/ozonefs/target/test-dir/MiniOzoneClusterImpl-1d2bae73-2f79-49ab-b814-65dedb85297e/datanode-3/data/ratis/bb8dfffb-7c20-46fa-ab92-8ddbb5965d04
2019-09-12 11:39:53,568 [pool-60-thread-1] INFO  server.RaftServerConfigKeys (ConfUtils.java:logGet(43)) - raft.server.log.queue.byte-limit = 2147483647 (custom)
2019-09-12 11:39:53,568 [pool-60-thread-1] INFO  server.RaftServerConfigKeys (ConfUtils.java:logGet(43)) - raft.server.log.queue.element-limit = 1024 (custom)
2019-09-12 11:39:53,568 [pool-60-thread-1] INFO  server.RaftServerConfigKeys (ConfUtils.java:logGet(43)) - raft.server.log.segment.size.max = 1048576 (custom)
2019-09-12 11:39:53,568 [pool-60-thread-1] INFO  server.RaftServerConfigKeys (ConfUtils.java:logGet(43)) - raft.server.log.preallocated.size = 16384 (custom)
2019-09-12 11:39:53,568 [pool-60-thread-1] INFO  server.RaftServerConfigKeys (ConfUtils.java:logGet(43)) - raft.server.log.write.buffer.size = 33554432 (custom)
2019-09-12 11:39:53,568 [pool-60-thread-1] INFO  server.RaftServerConfigKeys (ConfUtils.java:logGet(43)) - raft.server.log.force.sync.num = 128 (default)
2019-09-12 11:39:53,569 [pool-60-thread-1] INFO  server.RaftServerConfigKeys (ConfUtils.java:logGet(43)) - raft.server.log.statemachine.data.sync = true (default)
2019-09-12 11:39:53,569 [pool-60-thread-1] INFO  server.RaftServerConfigKeys (ConfUtils.java:logGet(43)) - raft.server.log.statemachine.data.sync.timeout = 10s (default)
2019-09-12 11:39:53,569 [pool-60-thread-1] INFO  server.RaftServerConfigKeys (ConfUtils.java:logGet(43)) - raft.server.log.statemachine.data.sync.timeout.retry = -1 (default)
2019-09-12 11:39:53,569 [pool-60-thread-1] INFO  server.RaftServerConfigKeys (ConfUtils.java:logGet(43)) - raft.server.log.statemachine.data.caching.enabled = true (custom)
2019-09-12 11:39:53,570 [pool-60-thread-1] INFO  segmented.SegmentedRaftLogWorker (SegmentedRaftLogWorker.java:lambda$new$0(132)) - ff770026-5750-4ac2-9a63-7739260f4b5e-SegmentedRaftLogWorker:Storage Directory /workdir/hadoop-ozone/ozonefs/target/test-dir/MiniOzoneClusterImpl-1d2bae73-2f79-49ab-b814-65dedb85297e/datanode-3/data/ratis/bb8dfffb-7c20-46fa-ab92-8ddbb5965d04: flushIndex: setUnconditionally 0 -> -1
2019-09-12 11:39:53,570 [pool-60-thread-1] INFO  server.RaftServerConfigKeys (ConfUtils.java:logGet(43)) - raft.server.snapshot.auto.trigger.enabled = true (custom)
2019-09-12 11:39:53,570 [pool-60-thread-1] INFO  server.RaftServerConfigKeys (ConfUtils.java:logGet(43)) - raft.server.snapshot.auto.trigger.threshold = 10000 (custom)
2019-09-12 11:39:53,571 [pool-60-thread-1] INFO  server.RaftServerConfigKeys (ConfUtils.java:logGet(43)) - raft.server.retrycache.expirytime = 600000ms (custom)
2019-09-12 11:39:53,571 [pool-60-thread-1] INFO  impl.RaftServerImpl (RaftServerImpl.java:start(180)) - ff770026-5750-4ac2-9a63-7739260f4b5e: start group-8DDBB5965D04
2019-09-12 11:39:53,571 [pool-60-thread-1] INFO  impl.RaftServerImpl (RaftServerImpl.java:setRole(171)) - ff770026-5750-4ac2-9a63-7739260f4b5e:group-8DDBB5965D04 changes role from null to FOLLOWER at term 0 for startAsFollower
2019-09-12 11:39:53,571 [pool-60-thread-1] INFO  impl.RoleInfo (RoleInfo.java:updateAndGet(143)) - ff770026-5750-4ac2-9a63-7739260f4b5e: start FollowerState
2019-09-12 11:39:53,572 [pool-60-thread-1] INFO  util.JmxRegister (JmxRegister.java:tryRegister(44)) - Successfully registered JMX Bean with object name Ratis:service=RaftServer,group=group-8DDBB5965D04,id=ff770026-5750-4ac2-9a63-7739260f4b5e
2019-09-12 11:39:53,577 [RatisPipelineUtilsThread] INFO  pipeline.PipelineStateManager (PipelineStateManager.java:addPipeline(56)) - Created pipeline Pipeline[ Id: bb8dfffb-7c20-46fa-ab92-8ddbb5965d04, Nodes: ff770026-5750-4ac2-9a63-7739260f4b5e{ip: 192.168.36.114, host: pr-hdds-1569-58hkm-1881083799, networkLocation: /default-rack, certSerialId: null}, Type:RATIS, Factor:ONE, State:OPEN]
2019-09-12 11:39:53,579 [RatisPipelineUtilsThread] ERROR pipeline.PipelinePlacementPolicy (PipelinePlacementPolicy.java:meetCriteria(92)) - Pipeline Placement: Doesn't meet the criteria to be viable node. Heaviness: 6
2019-09-12 11:39:53,579 [RatisPipelineUtilsThread] ERROR pipeline.PipelinePlacementPolicy (PipelinePlacementPolicy.java:meetCriteria(92)) - Pipeline Placement: Doesn't meet the criteria to be viable node. Heaviness: 6
2019-09-12 11:39:53,590 [grpc-default-executor-0] INFO  impl.RaftServerProxy (RaftServerProxy.java:addNew(89)) - 9054a02d-1441-493c-bc6a-96f26a20f7c1: addNew group-F6A6923CA929:[9054a02d-1441-493c-bc6a-96f26a20f7c1:192.168.36.114:34071] returns group-F6A6923CA929:java.util.concurrent.CompletableFuture@73b1e8eb[Not completed]
2019-09-12 11:39:53,591 [pool-71-thread-1] INFO  impl.RaftServerImpl (RaftServerImpl.java:<init>(93)) - 9054a02d-1441-493c-bc6a-96f26a20f7c1: new RaftServerImpl for group-F6A6923CA929:[9054a02d-1441-493c-bc6a-96f26a20f7c1:192.168.36.114:34071] with ContainerStateMachine:uninitialized
2019-09-12 11:39:53,592 [pool-71-thread-1] INFO  server.RaftServerConfigKeys (ConfUtils.java:logGet(43)) - raft.server.rpc.timeout.min = 5s (custom)
2019-09-12 11:39:53,592 [pool-71-thread-1] INFO  server.RaftServerConfigKeys (ConfUtils.java:logGet(43)) - raft.server.rpc.timeout.max = 5200ms (custom)
2019-09-12 11:39:53,592 [pool-71-thread-1] INFO  server.RaftServerConfigKeys (ConfUtils.java:logGet(43)) - raft.server.rpcslowness.timeout = 120s (custom)
2019-09-12 11:39:53,592 [pool-71-thread-1] INFO  server.RaftServerConfigKeys (ConfUtils.java:logGet(43)) - raft.server.sleep.deviation.threshold = 300 (default)
2019-09-12 11:39:53,592 [pool-71-thread-1] INFO  server.RaftServerConfigKeys (ConfUtils.java:logGet(43)) - raft.server.log.appender.install.snapshot.enabled = false (custom)
2019-09-12 11:39:53,592 [pool-71-thread-1] INFO  impl.RaftServerImpl (ServerState.java:<init>(105)) - 9054a02d-1441-493c-bc6a-96f26a20f7c1:group-F6A6923CA929 ConfigurationManager, init=-1: [9054a02d-1441-493c-bc6a-96f26a20f7c1:192.168.36.114:34071], old=null, confs=<EMPTY_MAP>
2019-09-12 11:39:53,593 [pool-71-thread-1] INFO  server.RaftServerConfigKeys (ConfUtils.java:logGet(43)) - raft.server.storage.dir = [/workdir/hadoop-ozone/ozonefs/target/test-dir/MiniOzoneClusterImpl-1d2bae73-2f79-49ab-b814-65dedb85297e/datanode-4/data/ratis] (custom)
2019-09-12 11:39:53,593 [pool-71-thread-1] INFO  storage.RaftStorageDirectory (RaftStorageDirectory.java:analyzeStorage(246)) - The storage directory /workdir/hadoop-ozone/ozonefs/target/test-dir/MiniOzoneClusterImpl-1d2bae73-2f79-49ab-b814-65dedb85297e/datanode-4/data/ratis/95320d42-ee81-4e86-b661-f6a6923ca929 does not exist. Creating ...
2019-09-12 11:39:53,614 [pool-71-thread-1] INFO  storage.RaftStorageDirectory (RaftStorageDirectory.java:tryLock(328)) - Lock on /workdir/hadoop-ozone/ozonefs/target/test-dir/MiniOzoneClusterImpl-1d2bae73-2f79-49ab-b814-65dedb85297e/datanode-4/data/ratis/95320d42-ee81-4e86-b661-f6a6923ca929/in_use.lock acquired by nodename 3232@pr-hdds-1569-58hkm-1881083799
2019-09-12 11:39:53,627 [pool-71-thread-1] INFO  storage.RaftStorage (RaftStorage.java:format(72)) - Storage directory /workdir/hadoop-ozone/ozonefs/target/test-dir/MiniOzoneClusterImpl-1d2bae73-2f79-49ab-b814-65dedb85297e/datanode-4/data/ratis/95320d42-ee81-4e86-b661-f6a6923ca929 has been successfully formatted.
2019-09-12 11:39:53,627 [pool-71-thread-1] INFO  ratis.ContainerStateMachine (ContainerStateMachine.java:loadSnapshot(226)) - group-F6A6923CA929: The snapshot info is null. Setting the last applied indexto:(t:0, i:~)
2019-09-12 11:39:53,627 [pool-71-thread-1] INFO  server.RaftServerConfigKeys (ConfUtils.java:logGet(43)) - raft.server.leader.election.timeout = 120s (custom)
2019-09-12 11:39:53,628 [pool-71-thread-1] INFO  server.RaftServerConfigKeys (ConfUtils.java:logGet(43)) - raft.server.log.use.memory = false (default)
2019-09-12 11:39:53,628 [pool-71-thread-1] INFO  server.RaftServerConfigKeys (ConfUtils.java:logGet(43)) - raft.server.log.purge.gap = 1000000 (custom)
2019-09-12 11:39:53,628 [pool-71-thread-1] INFO  server.RaftServerConfigKeys (ConfUtils.java:logGet(43)) - raft.server.log.appender.buffer.byte-limit = 33554432 (custom)
2019-09-12 11:39:53,628 [pool-71-thread-1] INFO  server.RaftServerConfigKeys (ConfUtils.java:logGet(43)) - raft.server.log.segment.size.max = 1048576 (custom)
2019-09-12 11:39:53,628 [pool-71-thread-1] INFO  server.RaftServerConfigKeys (ConfUtils.java:logGet(43)) - raft.server.log.segment.cache.num.max = 2 (custom)
2019-09-12 11:39:53,628 [pool-71-thread-1] INFO  segmented.SegmentedRaftLogWorker (SegmentedRaftLogWorker.java:<init>(172)) - new 9054a02d-1441-493c-bc6a-96f26a20f7c1-SegmentedRaftLogWorker:Storage Directory /workdir/hadoop-ozone/ozonefs/target/test-dir/MiniOzoneClusterImpl-1d2bae73-2f79-49ab-b814-65dedb85297e/datanode-4/data/ratis/95320d42-ee81-4e86-b661-f6a6923ca929 for RaftStorage:Storage Directory /workdir/hadoop-ozone/ozonefs/target/test-dir/MiniOzoneClusterImpl-1d2bae73-2f79-49ab-b814-65dedb85297e/datanode-4/data/ratis/95320d42-ee81-4e86-b661-f6a6923ca929
2019-09-12 11:39:53,629 [pool-71-thread-1] INFO  server.RaftServerConfigKeys (ConfUtils.java:logGet(43)) - raft.server.log.queue.byte-limit = 2147483647 (custom)
2019-09-12 11:39:53,629 [pool-71-thread-1] INFO  server.RaftServerConfigKeys (ConfUtils.java:logGet(43)) - raft.server.log.queue.element-limit = 1024 (custom)
2019-09-12 11:39:53,629 [pool-71-thread-1] INFO  server.RaftServerConfigKeys (ConfUtils.java:logGet(43)) - raft.server.log.segment.size.max = 1048576 (custom)
2019-09-12 11:39:53,629 [pool-71-thread-1] INFO  server.RaftServerConfigKeys (ConfUtils.java:logGet(43)) - raft.server.log.preallocated.size = 16384 (custom)
2019-09-12 11:39:53,629 [pool-71-thread-1] INFO  server.RaftServerConfigKeys (ConfUtils.java:logGet(43)) - raft.server.log.write.buffer.size = 33554432 (custom)
2019-09-12 11:39:53,629 [pool-71-thread-1] INFO  server.RaftServerConfigKeys (ConfUtils.java:logGet(43)) - raft.server.log.force.sync.num = 128 (default)
2019-09-12 11:39:53,630 [pool-71-thread-1] INFO  server.RaftServerConfigKeys (ConfUtils.java:logGet(43)) - raft.server.log.statemachine.data.sync = true (default)
2019-09-12 11:39:53,630 [pool-71-thread-1] INFO  server.RaftServerConfigKeys (ConfUtils.java:logGet(43)) - raft.server.log.statemachine.data.sync.timeout = 10s (default)
2019-09-12 11:39:53,630 [pool-71-thread-1] INFO  server.RaftServerConfigKeys (ConfUtils.java:logGet(43)) - raft.server.log.statemachine.data.sync.timeout.retry = -1 (default)
2019-09-12 11:39:53,630 [pool-71-thread-1] INFO  server.RaftServerConfigKeys (ConfUtils.java:logGet(43)) - raft.server.log.statemachine.data.caching.enabled = true (custom)
2019-09-12 11:39:53,630 [pool-71-thread-1] INFO  segmented.SegmentedRaftLogWorker (SegmentedRaftLogWorker.java:lambda$new$0(132)) - 9054a02d-1441-493c-bc6a-96f26a20f7c1-SegmentedRaftLogWorker:Storage Directory /workdir/hadoop-ozone/ozonefs/target/test-dir/MiniOzoneClusterImpl-1d2bae73-2f79-49ab-b814-65dedb85297e/datanode-4/data/ratis/95320d42-ee81-4e86-b661-f6a6923ca929: flushIndex: setUnconditionally 0 -> -1
2019-09-12 11:39:53,631 [pool-71-thread-1] INFO  server.RaftServerConfigKeys (ConfUtils.java:logGet(43)) - raft.server.snapshot.auto.trigger.enabled = true (custom)
2019-09-12 11:39:53,631 [pool-71-thread-1] INFO  server.RaftServerConfigKeys (ConfUtils.java:logGet(43)) - raft.server.snapshot.auto.trigger.threshold = 10000 (custom)
2019-09-12 11:39:53,631 [pool-71-thread-1] INFO  server.RaftServerConfigKeys (ConfUtils.java:logGet(43)) - raft.server.retrycache.expirytime = 600000ms (custom)
2019-09-12 11:39:53,631 [pool-71-thread-1] INFO  impl.RaftServerImpl (RaftServerImpl.java:start(180)) - 9054a02d-1441-493c-bc6a-96f26a20f7c1: start group-F6A6923CA929
2019-09-12 11:39:53,632 [pool-71-thread-1] INFO  impl.RaftServerImpl (RaftServerImpl.java:setRole(171)) - 9054a02d-1441-493c-bc6a-96f26a20f7c1:group-F6A6923CA929 changes role from null to FOLLOWER at term 0 for startAsFollower
2019-09-12 11:39:53,632 [pool-71-thread-1] INFO  impl.RoleInfo (RoleInfo.java:updateAndGet(143)) - 9054a02d-1441-493c-bc6a-96f26a20f7c1: start FollowerState
2019-09-12 11:39:53,632 [pool-71-thread-1] INFO  util.JmxRegister (JmxRegister.java:tryRegister(44)) - Successfully registered JMX Bean with object name Ratis:service=RaftServer,group=group-F6A6923CA929,id=9054a02d-1441-493c-bc6a-96f26a20f7c1
2019-09-12 11:39:53,637 [RatisPipelineUtilsThread] INFO  pipeline.PipelineStateManager (PipelineStateManager.java:addPipeline(56)) - Created pipeline Pipeline[ Id: 95320d42-ee81-4e86-b661-f6a6923ca929, Nodes: 9054a02d-1441-493c-bc6a-96f26a20f7c1{ip: 192.168.36.114, host: pr-hdds-1569-58hkm-1881083799, networkLocation: /default-rack, certSerialId: null}, Type:RATIS, Factor:ONE, State:OPEN]
2019-09-12 11:39:53,639 [RatisPipelineUtilsThread] ERROR pipeline.PipelinePlacementPolicy (PipelinePlacementPolicy.java:meetCriteria(92)) - Pipeline Placement: Doesn't meet the criteria to be viable node. Heaviness: 6
2019-09-12 11:39:53,640 [RatisPipelineUtilsThread] ERROR pipeline.PipelinePlacementPolicy (PipelinePlacementPolicy.java:meetCriteria(92)) - Pipeline Placement: Doesn't meet the criteria to be viable node. Heaviness: 6
2019-09-12 11:39:53,665 [grpc-default-executor-0] INFO  impl.RaftServerProxy (RaftServerProxy.java:addNew(89)) - 1d44087f-ac8e-4e5c-8d8f-c977d94470a7: addNew group-E852B5F784DB:[1d44087f-ac8e-4e5c-8d8f-c977d94470a7:192.168.36.114:39712] returns group-E852B5F784DB:java.util.concurrent.CompletableFuture@7f0f6ab4[Not completed]
2019-09-12 11:39:53,667 [pool-38-thread-1] INFO  impl.RaftServerImpl (RaftServerImpl.java:<init>(93)) - 1d44087f-ac8e-4e5c-8d8f-c977d94470a7: new RaftServerImpl for group-E852B5F784DB:[1d44087f-ac8e-4e5c-8d8f-c977d94470a7:192.168.36.114:39712] with ContainerStateMachine:uninitialized
2019-09-12 11:39:53,667 [pool-38-thread-1] INFO  server.RaftServerConfigKeys (ConfUtils.java:logGet(43)) - raft.server.rpc.timeout.min = 5s (custom)
2019-09-12 11:39:53,668 [pool-38-thread-1] INFO  server.RaftServerConfigKeys (ConfUtils.java:logGet(43)) - raft.server.rpc.timeout.max = 5200ms (custom)
2019-09-12 11:39:53,668 [pool-38-thread-1] INFO  server.RaftServerConfigKeys (ConfUtils.java:logGet(43)) - raft.server.rpcslowness.timeout = 120s (custom)
2019-09-12 11:39:53,668 [pool-38-thread-1] INFO  server.RaftServerConfigKeys (ConfUtils.java:logGet(43)) - raft.server.sleep.deviation.threshold = 300 (default)
2019-09-12 11:39:53,668 [pool-38-thread-1] INFO  server.RaftServerConfigKeys (ConfUtils.java:logGet(43)) - raft.server.log.appender.install.snapshot.enabled = false (custom)
2019-09-12 11:39:53,668 [pool-38-thread-1] INFO  impl.RaftServerImpl (ServerState.java:<init>(105)) - 1d44087f-ac8e-4e5c-8d8f-c977d94470a7:group-E852B5F784DB ConfigurationManager, init=-1: [1d44087f-ac8e-4e5c-8d8f-c977d94470a7:192.168.36.114:39712], old=null, confs=<EMPTY_MAP>
2019-09-12 11:39:53,669 [pool-38-thread-1] INFO  server.RaftServerConfigKeys (ConfUtils.java:logGet(43)) - raft.server.storage.dir = [/workdir/hadoop-ozone/ozonefs/target/test-dir/MiniOzoneClusterImpl-1d2bae73-2f79-49ab-b814-65dedb85297e/datanode-1/data/ratis] (custom)
2019-09-12 11:39:53,669 [pool-38-thread-1] INFO  storage.RaftStorageDirectory (RaftStorageDirectory.java:analyzeStorage(246)) - The storage directory /workdir/hadoop-ozone/ozonefs/target/test-dir/MiniOzoneClusterImpl-1d2bae73-2f79-49ab-b814-65dedb85297e/datanode-1/data/ratis/6cb9fa95-6f98-4648-8dd9-e852b5f784db does not exist. Creating ...
2019-09-12 11:39:53,682 [pool-38-thread-1] INFO  storage.RaftStorageDirectory (RaftStorageDirectory.java:tryLock(328)) - Lock on /workdir/hadoop-ozone/ozonefs/target/test-dir/MiniOzoneClusterImpl-1d2bae73-2f79-49ab-b814-65dedb85297e/datanode-1/data/ratis/6cb9fa95-6f98-4648-8dd9-e852b5f784db/in_use.lock acquired by nodename 3232@pr-hdds-1569-58hkm-1881083799
2019-09-12 11:39:53,696 [pool-38-thread-1] INFO  storage.RaftStorage (RaftStorage.java:format(72)) - Storage directory /workdir/hadoop-ozone/ozonefs/target/test-dir/MiniOzoneClusterImpl-1d2bae73-2f79-49ab-b814-65dedb85297e/datanode-1/data/ratis/6cb9fa95-6f98-4648-8dd9-e852b5f784db has been successfully formatted.
2019-09-12 11:39:53,696 [pool-38-thread-1] INFO  ratis.ContainerStateMachine (ContainerStateMachine.java:loadSnapshot(226)) - group-E852B5F784DB: The snapshot info is null. Setting the last applied indexto:(t:0, i:~)
2019-09-12 11:39:53,697 [pool-38-thread-1] INFO  server.RaftServerConfigKeys (ConfUtils.java:logGet(43)) - raft.server.leader.election.timeout = 120s (custom)
2019-09-12 11:39:53,697 [pool-38-thread-1] INFO  server.RaftServerConfigKeys (ConfUtils.java:logGet(43)) - raft.server.log.use.memory = false (default)
2019-09-12 11:39:53,697 [pool-38-thread-1] INFO  server.RaftServerConfigKeys (ConfUtils.java:logGet(43)) - raft.server.log.purge.gap = 1000000 (custom)
2019-09-12 11:39:53,697 [pool-38-thread-1] INFO  server.RaftServerConfigKeys (ConfUtils.java:logGet(43)) - raft.server.log.appender.buffer.byte-limit = 33554432 (custom)
2019-09-12 11:39:53,697 [pool-38-thread-1] INFO  server.RaftServerConfigKeys (ConfUtils.java:logGet(43)) - raft.server.log.segment.size.max = 1048576 (custom)
2019-09-12 11:39:53,698 [pool-38-thread-1] INFO  server.RaftServerConfigKeys (ConfUtils.java:logGet(43)) - raft.server.log.segment.cache.num.max = 2 (custom)
2019-09-12 11:39:53,698 [pool-38-thread-1] INFO  segmented.SegmentedRaftLogWorker (SegmentedRaftLogWorker.java:<init>(172)) - new 1d44087f-ac8e-4e5c-8d8f-c977d94470a7-SegmentedRaftLogWorker:Storage Directory /workdir/hadoop-ozone/ozonefs/target/test-dir/MiniOzoneClusterImpl-1d2bae73-2f79-49ab-b814-65dedb85297e/datanode-1/data/ratis/6cb9fa95-6f98-4648-8dd9-e852b5f784db for RaftStorage:Storage Directory /workdir/hadoop-ozone/ozonefs/target/test-dir/MiniOzoneClusterImpl-1d2bae73-2f79-49ab-b814-65dedb85297e/datanode-1/data/ratis/6cb9fa95-6f98-4648-8dd9-e852b5f784db
2019-09-12 11:39:53,698 [pool-38-thread-1] INFO  server.RaftServerConfigKeys (ConfUtils.java:logGet(43)) - raft.server.log.queue.byte-limit = 2147483647 (custom)
2019-09-12 11:39:53,698 [pool-38-thread-1] INFO  server.RaftServerConfigKeys (ConfUtils.java:logGet(43)) - raft.server.log.queue.element-limit = 1024 (custom)
2019-09-12 11:39:53,698 [pool-38-thread-1] INFO  server.RaftServerConfigKeys (ConfUtils.java:logGet(43)) - raft.server.log.segment.size.max = 1048576 (custom)
2019-09-12 11:39:53,699 [pool-38-thread-1] INFO  server.RaftServerConfigKeys (ConfUtils.java:logGet(43)) - raft.server.log.preallocated.size = 16384 (custom)
2019-09-12 11:39:53,699 [pool-38-thread-1] INFO  server.RaftServerConfigKeys (ConfUtils.java:logGet(43)) - raft.server.log.write.buffer.size = 33554432 (custom)
2019-09-12 11:39:53,699 [pool-38-thread-1] INFO  server.RaftServerConfigKeys (ConfUtils.java:logGet(43)) - raft.server.log.force.sync.num = 128 (default)
2019-09-12 11:39:53,699 [pool-38-thread-1] INFO  server.RaftServerConfigKeys (ConfUtils.java:logGet(43)) - raft.server.log.statemachine.data.sync = true (default)
2019-09-12 11:39:53,699 [pool-38-thread-1] INFO  server.RaftServerConfigKeys (ConfUtils.java:logGet(43)) - raft.server.log.statemachine.data.sync.timeout = 10s (default)
2019-09-12 11:39:53,700 [pool-38-thread-1] INFO  server.RaftServerConfigKeys (ConfUtils.java:logGet(43)) - raft.server.log.statemachine.data.sync.timeout.retry = -1 (default)
2019-09-12 11:39:53,700 [pool-38-thread-1] INFO  server.RaftServerConfigKeys (ConfUtils.java:logGet(43)) - raft.server.log.statemachine.data.caching.enabled = true (custom)
2019-09-12 11:39:53,700 [pool-38-thread-1] INFO  segmented.SegmentedRaftLogWorker (SegmentedRaftLogWorker.java:lambda$new$0(132)) - 1d44087f-ac8e-4e5c-8d8f-c977d94470a7-SegmentedRaftLogWorker:Storage Directory /workdir/hadoop-ozone/ozonefs/target/test-dir/MiniOzoneClusterImpl-1d2bae73-2f79-49ab-b814-65dedb85297e/datanode-1/data/ratis/6cb9fa95-6f98-4648-8dd9-e852b5f784db: flushIndex: setUnconditionally 0 -> -1
2019-09-12 11:39:53,701 [pool-38-thread-1] INFO  server.RaftServerConfigKeys (ConfUtils.java:logGet(43)) - raft.server.snapshot.auto.trigger.enabled = true (custom)
2019-09-12 11:39:53,701 [pool-38-thread-1] INFO  server.RaftServerConfigKeys (ConfUtils.java:logGet(43)) - raft.server.snapshot.auto.trigger.threshold = 10000 (custom)
2019-09-12 11:39:53,701 [pool-38-thread-1] INFO  server.RaftServerConfigKeys (ConfUtils.java:logGet(43)) - raft.server.retrycache.expirytime = 600000ms (custom)
2019-09-12 11:39:53,702 [pool-38-thread-1] INFO  impl.RaftServerImpl (RaftServerImpl.java:start(180)) - 1d44087f-ac8e-4e5c-8d8f-c977d94470a7: start group-E852B5F784DB
2019-09-12 11:39:53,702 [pool-38-thread-1] INFO  impl.RaftServerImpl (RaftServerImpl.java:setRole(171)) - 1d44087f-ac8e-4e5c-8d8f-c977d94470a7:group-E852B5F784DB changes role from null to FOLLOWER at term 0 for startAsFollower
2019-09-12 11:39:53,702 [pool-38-thread-1] INFO  impl.RoleInfo (RoleInfo.java:updateAndGet(143)) - 1d44087f-ac8e-4e5c-8d8f-c977d94470a7: start FollowerState
2019-09-12 11:39:53,708 [pool-38-thread-1] INFO  util.JmxRegister (JmxRegister.java:tryRegister(44)) - Successfully registered JMX Bean with object name Ratis:service=RaftServer,group=group-E852B5F784DB,id=1d44087f-ac8e-4e5c-8d8f-c977d94470a7
2019-09-12 11:39:53,724 [RatisPipelineUtilsThread] INFO  pipeline.PipelineStateManager (PipelineStateManager.java:addPipeline(56)) - Created pipeline Pipeline[ Id: 6cb9fa95-6f98-4648-8dd9-e852b5f784db, Nodes: 1d44087f-ac8e-4e5c-8d8f-c977d94470a7{ip: 192.168.36.114, host: pr-hdds-1569-58hkm-1881083799, networkLocation: /default-rack, certSerialId: null}, Type:RATIS, Factor:ONE, State:OPEN]
2019-09-12 11:39:53,729 [RatisPipelineUtilsThread] ERROR pipeline.PipelinePlacementPolicy (PipelinePlacementPolicy.java:meetCriteria(92)) - Pipeline Placement: Doesn't meet the criteria to be viable node. Heaviness: 6
2019-09-12 11:39:53,729 [RatisPipelineUtilsThread] ERROR pipeline.PipelinePlacementPolicy (PipelinePlacementPolicy.java:meetCriteria(92)) - Pipeline Placement: Doesn't meet the criteria to be viable node. Heaviness: 6
2019-09-12 11:39:53,740 [grpc-default-executor-0] INFO  impl.RaftServerProxy (RaftServerProxy.java:addNew(89)) - 1d44087f-ac8e-4e5c-8d8f-c977d94470a7: addNew group-7E1F756DCBEE:[1d44087f-ac8e-4e5c-8d8f-c977d94470a7:192.168.36.114:39712] returns group-7E1F756DCBEE:java.util.concurrent.CompletableFuture@1272d702[Not completed]
2019-09-12 11:39:53,743 [pool-38-thread-1] INFO  impl.RaftServerImpl (RaftServerImpl.java:<init>(93)) - 1d44087f-ac8e-4e5c-8d8f-c977d94470a7: new RaftServerImpl for group-7E1F756DCBEE:[1d44087f-ac8e-4e5c-8d8f-c977d94470a7:192.168.36.114:39712] with ContainerStateMachine:uninitialized
2019-09-12 11:39:53,743 [pool-38-thread-1] INFO  server.RaftServerConfigKeys (ConfUtils.java:logGet(43)) - raft.server.rpc.timeout.min = 5s (custom)
2019-09-12 11:39:53,743 [pool-38-thread-1] INFO  server.RaftServerConfigKeys (ConfUtils.java:logGet(43)) - raft.server.rpc.timeout.max = 5200ms (custom)
2019-09-12 11:39:53,743 [pool-38-thread-1] INFO  server.RaftServerConfigKeys (ConfUtils.java:logGet(43)) - raft.server.rpcslowness.timeout = 120s (custom)
2019-09-12 11:39:53,744 [pool-38-thread-1] INFO  server.RaftServerConfigKeys (ConfUtils.java:logGet(43)) - raft.server.sleep.deviation.threshold = 300 (default)
2019-09-12 11:39:53,744 [pool-38-thread-1] INFO  server.RaftServerConfigKeys (ConfUtils.java:logGet(43)) - raft.server.log.appender.install.snapshot.enabled = false (custom)
2019-09-12 11:39:53,744 [pool-38-thread-1] INFO  impl.RaftServerImpl (ServerState.java:<init>(105)) - 1d44087f-ac8e-4e5c-8d8f-c977d94470a7:group-7E1F756DCBEE ConfigurationManager, init=-1: [1d44087f-ac8e-4e5c-8d8f-c977d94470a7:192.168.36.114:39712], old=null, confs=<EMPTY_MAP>
2019-09-12 11:39:53,744 [pool-38-thread-1] INFO  server.RaftServerConfigKeys (ConfUtils.java:logGet(43)) - raft.server.storage.dir = [/workdir/hadoop-ozone/ozonefs/target/test-dir/MiniOzoneClusterImpl-1d2bae73-2f79-49ab-b814-65dedb85297e/datanode-1/data/ratis] (custom)
2019-09-12 11:39:53,745 [pool-38-thread-1] INFO  storage.RaftStorageDirectory (RaftStorageDirectory.java:analyzeStorage(246)) - The storage directory /workdir/hadoop-ozone/ozonefs/target/test-dir/MiniOzoneClusterImpl-1d2bae73-2f79-49ab-b814-65dedb85297e/datanode-1/data/ratis/17ba5b39-3f43-4b1e-b586-7e1f756dcbee does not exist. Creating ...
2019-09-12 11:39:53,757 [pool-38-thread-1] INFO  storage.RaftStorageDirectory (RaftStorageDirectory.java:tryLock(328)) - Lock on /workdir/hadoop-ozone/ozonefs/target/test-dir/MiniOzoneClusterImpl-1d2bae73-2f79-49ab-b814-65dedb85297e/datanode-1/data/ratis/17ba5b39-3f43-4b1e-b586-7e1f756dcbee/in_use.lock acquired by nodename 3232@pr-hdds-1569-58hkm-1881083799
2019-09-12 11:39:53,771 [pool-38-thread-1] INFO  storage.RaftStorage (RaftStorage.java:format(72)) - Storage directory /workdir/hadoop-ozone/ozonefs/target/test-dir/MiniOzoneClusterImpl-1d2bae73-2f79-49ab-b814-65dedb85297e/datanode-1/data/ratis/17ba5b39-3f43-4b1e-b586-7e1f756dcbee has been successfully formatted.
2019-09-12 11:39:53,771 [pool-38-thread-1] INFO  ratis.ContainerStateMachine (ContainerStateMachine.java:loadSnapshot(226)) - group-7E1F756DCBEE: The snapshot info is null. Setting the last applied indexto:(t:0, i:~)
2019-09-12 11:39:53,771 [pool-38-thread-1] INFO  server.RaftServerConfigKeys (ConfUtils.java:logGet(43)) - raft.server.leader.election.timeout = 120s (custom)
2019-09-12 11:39:53,771 [pool-38-thread-1] INFO  server.RaftServerConfigKeys (ConfUtils.java:logGet(43)) - raft.server.log.use.memory = false (default)
2019-09-12 11:39:53,772 [pool-38-thread-1] INFO  server.RaftServerConfigKeys (ConfUtils.java:logGet(43)) - raft.server.log.purge.gap = 1000000 (custom)
2019-09-12 11:39:53,772 [pool-38-thread-1] INFO  server.RaftServerConfigKeys (ConfUtils.java:logGet(43)) - raft.server.log.appender.buffer.byte-limit = 33554432 (custom)
2019-09-12 11:39:53,772 [pool-38-thread-1] INFO  server.RaftServerConfigKeys (ConfUtils.java:logGet(43)) - raft.server.log.segment.size.max = 1048576 (custom)
2019-09-12 11:39:53,772 [pool-38-thread-1] INFO  server.RaftServerConfigKeys (ConfUtils.java:logGet(43)) - raft.server.log.segment.cache.num.max = 2 (custom)
2019-09-12 11:39:53,772 [pool-38-thread-1] INFO  segmented.SegmentedRaftLogWorker (SegmentedRaftLogWorker.java:<init>(172)) - new 1d44087f-ac8e-4e5c-8d8f-c977d94470a7-SegmentedRaftLogWorker:Storage Directory /workdir/hadoop-ozone/ozonefs/target/test-dir/MiniOzoneClusterImpl-1d2bae73-2f79-49ab-b814-65dedb85297e/datanode-1/data/ratis/17ba5b39-3f43-4b1e-b586-7e1f756dcbee for RaftStorage:Storage Directory /workdir/hadoop-ozone/ozonefs/target/test-dir/MiniOzoneClusterImpl-1d2bae73-2f79-49ab-b814-65dedb85297e/datanode-1/data/ratis/17ba5b39-3f43-4b1e-b586-7e1f756dcbee
2019-09-12 11:39:53,772 [pool-38-thread-1] INFO  server.RaftServerConfigKeys (ConfUtils.java:logGet(43)) - raft.server.log.queue.byte-limit = 2147483647 (custom)
2019-09-12 11:39:53,773 [pool-38-thread-1] INFO  server.RaftServerConfigKeys (ConfUtils.java:logGet(43)) - raft.server.log.queue.element-limit = 1024 (custom)
2019-09-12 11:39:53,773 [pool-38-thread-1] INFO  server.RaftServerConfigKeys (ConfUtils.java:logGet(43)) - raft.server.log.segment.size.max = 1048576 (custom)
2019-09-12 11:39:53,773 [pool-38-thread-1] INFO  server.RaftServerConfigKeys (ConfUtils.java:logGet(43)) - raft.server.log.preallocated.size = 16384 (custom)
2019-09-12 11:39:53,773 [pool-38-thread-1] INFO  server.RaftServerConfigKeys (ConfUtils.java:logGet(43)) - raft.server.log.write.buffer.size = 33554432 (custom)
2019-09-12 11:39:53,773 [pool-38-thread-1] INFO  server.RaftServerConfigKeys (ConfUtils.java:logGet(43)) - raft.server.log.force.sync.num = 128 (default)
2019-09-12 11:39:53,773 [pool-38-thread-1] INFO  server.RaftServerConfigKeys (ConfUtils.java:logGet(43)) - raft.server.log.statemachine.data.sync = true (default)
2019-09-12 11:39:53,774 [pool-38-thread-1] INFO  server.RaftServerConfigKeys (ConfUtils.java:logGet(43)) - raft.server.log.statemachine.data.sync.timeout = 10s (default)
2019-09-12 11:39:53,774 [pool-38-thread-1] INFO  server.RaftServerConfigKeys (ConfUtils.java:logGet(43)) - raft.server.log.statemachine.data.sync.timeout.retry = -1 (default)
2019-09-12 11:39:53,774 [pool-38-thread-1] INFO  server.RaftServerConfigKeys (ConfUtils.java:logGet(43)) - raft.server.log.statemachine.data.caching.enabled = true (custom)
2019-09-12 11:39:53,774 [pool-38-thread-1] INFO  segmented.SegmentedRaftLogWorker (SegmentedRaftLogWorker.java:lambda$new$0(132)) - 1d44087f-ac8e-4e5c-8d8f-c977d94470a7-SegmentedRaftLogWorker:Storage Directory /workdir/hadoop-ozone/ozonefs/target/test-dir/MiniOzoneClusterImpl-1d2bae73-2f79-49ab-b814-65dedb85297e/datanode-1/data/ratis/17ba5b39-3f43-4b1e-b586-7e1f756dcbee: flushIndex: setUnconditionally 0 -> -1
2019-09-12 11:39:53,775 [pool-38-thread-1] INFO  server.RaftServerConfigKeys (ConfUtils.java:logGet(43)) - raft.server.snapshot.auto.trigger.enabled = true (custom)
2019-09-12 11:39:53,775 [pool-38-thread-1] INFO  server.RaftServerConfigKeys (ConfUtils.java:logGet(43)) - raft.server.snapshot.auto.trigger.threshold = 10000 (custom)
2019-09-12 11:39:53,775 [pool-38-thread-1] INFO  server.RaftServerConfigKeys (ConfUtils.java:logGet(43)) - raft.server.retrycache.expirytime = 600000ms (custom)
2019-09-12 11:39:53,775 [pool-38-thread-1] INFO  impl.RaftServerImpl (RaftServerImpl.java:start(180)) - 1d44087f-ac8e-4e5c-8d8f-c977d94470a7: start group-7E1F756DCBEE
2019-09-12 11:39:53,775 [pool-38-thread-1] INFO  impl.RaftServerImpl (RaftServerImpl.java:setRole(171)) - 1d44087f-ac8e-4e5c-8d8f-c977d94470a7:group-7E1F756DCBEE changes role from null to FOLLOWER at term 0 for startAsFollower
2019-09-12 11:39:53,776 [pool-38-thread-1] INFO  impl.RoleInfo (RoleInfo.java:updateAndGet(143)) - 1d44087f-ac8e-4e5c-8d8f-c977d94470a7: start FollowerState
2019-09-12 11:39:53,776 [pool-38-thread-1] INFO  util.JmxRegister (JmxRegister.java:tryRegister(44)) - Successfully registered JMX Bean with object name Ratis:service=RaftServer,group=group-7E1F756DCBEE,id=1d44087f-ac8e-4e5c-8d8f-c977d94470a7
2019-09-12 11:39:53,782 [RatisPipelineUtilsThread] INFO  pipeline.PipelineStateManager (PipelineStateManager.java:addPipeline(56)) - Created pipeline Pipeline[ Id: 17ba5b39-3f43-4b1e-b586-7e1f756dcbee, Nodes: 1d44087f-ac8e-4e5c-8d8f-c977d94470a7{ip: 192.168.36.114, host: pr-hdds-1569-58hkm-1881083799, networkLocation: /default-rack, certSerialId: null}, Type:RATIS, Factor:ONE, State:OPEN]
2019-09-12 11:39:53,784 [RatisPipelineUtilsThread] ERROR pipeline.PipelinePlacementPolicy (PipelinePlacementPolicy.java:meetCriteria(92)) - Pipeline Placement: Doesn't meet the criteria to be viable node. Heaviness: 6
2019-09-12 11:39:53,784 [RatisPipelineUtilsThread] ERROR pipeline.PipelinePlacementPolicy (PipelinePlacementPolicy.java:meetCriteria(92)) - Pipeline Placement: Doesn't meet the criteria to be viable node. Heaviness: 6
2019-09-12 11:39:53,794 [grpc-default-executor-0] INFO  impl.RaftServerProxy (RaftServerProxy.java:addNew(89)) - 1d44087f-ac8e-4e5c-8d8f-c977d94470a7: addNew group-F58B12F5733D:[1d44087f-ac8e-4e5c-8d8f-c977d94470a7:192.168.36.114:39712] returns group-F58B12F5733D:java.util.concurrent.CompletableFuture@63af4a25[Not completed]
2019-09-12 11:39:53,796 [pool-38-thread-1] INFO  impl.RaftServerImpl (RaftServerImpl.java:<init>(93)) - 1d44087f-ac8e-4e5c-8d8f-c977d94470a7: new RaftServerImpl for group-F58B12F5733D:[1d44087f-ac8e-4e5c-8d8f-c977d94470a7:192.168.36.114:39712] with ContainerStateMachine:uninitialized
2019-09-12 11:39:53,796 [pool-38-thread-1] INFO  server.RaftServerConfigKeys (ConfUtils.java:logGet(43)) - raft.server.rpc.timeout.min = 5s (custom)
2019-09-12 11:39:53,796 [pool-38-thread-1] INFO  server.RaftServerConfigKeys (ConfUtils.java:logGet(43)) - raft.server.rpc.timeout.max = 5200ms (custom)
2019-09-12 11:39:53,796 [pool-38-thread-1] INFO  server.RaftServerConfigKeys (ConfUtils.java:logGet(43)) - raft.server.rpcslowness.timeout = 120s (custom)
2019-09-12 11:39:53,796 [pool-38-thread-1] INFO  server.RaftServerConfigKeys (ConfUtils.java:logGet(43)) - raft.server.sleep.deviation.threshold = 300 (default)
2019-09-12 11:39:53,796 [pool-38-thread-1] INFO  server.RaftServerConfigKeys (ConfUtils.java:logGet(43)) - raft.server.log.appender.install.snapshot.enabled = false (custom)
2019-09-12 11:39:53,796 [pool-38-thread-1] INFO  impl.RaftServerImpl (ServerState.java:<init>(105)) - 1d44087f-ac8e-4e5c-8d8f-c977d94470a7:group-F58B12F5733D ConfigurationManager, init=-1: [1d44087f-ac8e-4e5c-8d8f-c977d94470a7:192.168.36.114:39712], old=null, confs=<EMPTY_MAP>
2019-09-12 11:39:53,797 [pool-38-thread-1] INFO  server.RaftServerConfigKeys (ConfUtils.java:logGet(43)) - raft.server.storage.dir = [/workdir/hadoop-ozone/ozonefs/target/test-dir/MiniOzoneClusterImpl-1d2bae73-2f79-49ab-b814-65dedb85297e/datanode-1/data/ratis] (custom)
2019-09-12 11:39:53,797 [pool-38-thread-1] INFO  storage.RaftStorageDirectory (RaftStorageDirectory.java:analyzeStorage(246)) - The storage directory /workdir/hadoop-ozone/ozonefs/target/test-dir/MiniOzoneClusterImpl-1d2bae73-2f79-49ab-b814-65dedb85297e/datanode-1/data/ratis/dab7bf86-c8d1-46c5-a8e3-f58b12f5733d does not exist. Creating ...
2019-09-12 11:39:53,810 [pool-38-thread-1] INFO  storage.RaftStorageDirectory (RaftStorageDirectory.java:tryLock(328)) - Lock on /workdir/hadoop-ozone/ozonefs/target/test-dir/MiniOzoneClusterImpl-1d2bae73-2f79-49ab-b814-65dedb85297e/datanode-1/data/ratis/dab7bf86-c8d1-46c5-a8e3-f58b12f5733d/in_use.lock acquired by nodename 3232@pr-hdds-1569-58hkm-1881083799
2019-09-12 11:39:53,823 [pool-38-thread-1] INFO  storage.RaftStorage (RaftStorage.java:format(72)) - Storage directory /workdir/hadoop-ozone/ozonefs/target/test-dir/MiniOzoneClusterImpl-1d2bae73-2f79-49ab-b814-65dedb85297e/datanode-1/data/ratis/dab7bf86-c8d1-46c5-a8e3-f58b12f5733d has been successfully formatted.
2019-09-12 11:39:53,823 [pool-38-thread-1] INFO  ratis.ContainerStateMachine (ContainerStateMachine.java:loadSnapshot(226)) - group-F58B12F5733D: The snapshot info is null. Setting the last applied indexto:(t:0, i:~)
2019-09-12 11:39:53,823 [pool-38-thread-1] INFO  server.RaftServerConfigKeys (ConfUtils.java:logGet(43)) - raft.server.leader.election.timeout = 120s (custom)
2019-09-12 11:39:53,824 [pool-38-thread-1] INFO  server.RaftServerConfigKeys (ConfUtils.java:logGet(43)) - raft.server.log.use.memory = false (default)
2019-09-12 11:39:53,824 [pool-38-thread-1] INFO  server.RaftServerConfigKeys (ConfUtils.java:logGet(43)) - raft.server.log.purge.gap = 1000000 (custom)
2019-09-12 11:39:53,824 [pool-38-thread-1] INFO  server.RaftServerConfigKeys (ConfUtils.java:logGet(43)) - raft.server.log.appender.buffer.byte-limit = 33554432 (custom)
2019-09-12 11:39:53,824 [pool-38-thread-1] INFO  server.RaftServerConfigKeys (ConfUtils.java:logGet(43)) - raft.server.log.segment.size.max = 1048576 (custom)
2019-09-12 11:39:53,824 [pool-38-thread-1] INFO  server.RaftServerConfigKeys (ConfUtils.java:logGet(43)) - raft.server.log.segment.cache.num.max = 2 (custom)
2019-09-12 11:39:53,825 [pool-38-thread-1] INFO  segmented.SegmentedRaftLogWorker (SegmentedRaftLogWorker.java:<init>(172)) - new 1d44087f-ac8e-4e5c-8d8f-c977d94470a7-SegmentedRaftLogWorker:Storage Directory /workdir/hadoop-ozone/ozonefs/target/test-dir/MiniOzoneClusterImpl-1d2bae73-2f79-49ab-b814-65dedb85297e/datanode-1/data/ratis/dab7bf86-c8d1-46c5-a8e3-f58b12f5733d for RaftStorage:Storage Directory /workdir/hadoop-ozone/ozonefs/target/test-dir/MiniOzoneClusterImpl-1d2bae73-2f79-49ab-b814-65dedb85297e/datanode-1/data/ratis/dab7bf86-c8d1-46c5-a8e3-f58b12f5733d
2019-09-12 11:39:53,825 [pool-38-thread-1] INFO  server.RaftServerConfigKeys (ConfUtils.java:logGet(43)) - raft.server.log.queue.byte-limit = 2147483647 (custom)
2019-09-12 11:39:53,825 [pool-38-thread-1] INFO  server.RaftServerConfigKeys (ConfUtils.java:logGet(43)) - raft.server.log.queue.element-limit = 1024 (custom)
2019-09-12 11:39:53,825 [pool-38-thread-1] INFO  server.RaftServerConfigKeys (ConfUtils.java:logGet(43)) - raft.server.log.segment.size.max = 1048576 (custom)
2019-09-12 11:39:53,825 [pool-38-thread-1] INFO  server.RaftServerConfigKeys (ConfUtils.java:logGet(43)) - raft.server.log.preallocated.size = 16384 (custom)
2019-09-12 11:39:53,826 [pool-38-thread-1] INFO  server.RaftServerConfigKeys (ConfUtils.java:logGet(43)) - raft.server.log.write.buffer.size = 33554432 (custom)
2019-09-12 11:39:53,826 [pool-38-thread-1] INFO  server.RaftServerConfigKeys (ConfUtils.java:logGet(43)) - raft.server.log.force.sync.num = 128 (default)
2019-09-12 11:39:53,826 [pool-38-thread-1] INFO  server.RaftServerConfigKeys (ConfUtils.java:logGet(43)) - raft.server.log.statemachine.data.sync = true (default)
2019-09-12 11:39:53,826 [pool-38-thread-1] INFO  server.RaftServerConfigKeys (ConfUtils.java:logGet(43)) - raft.server.log.statemachine.data.sync.timeout = 10s (default)
2019-09-12 11:39:53,826 [pool-38-thread-1] INFO  server.RaftServerConfigKeys (ConfUtils.java:logGet(43)) - raft.server.log.statemachine.data.sync.timeout.retry = -1 (default)
2019-09-12 11:39:53,827 [pool-38-thread-1] INFO  server.RaftServerConfigKeys (ConfUtils.java:logGet(43)) - raft.server.log.statemachine.data.caching.enabled = true (custom)
2019-09-12 11:39:53,827 [pool-38-thread-1] INFO  segmented.SegmentedRaftLogWorker (SegmentedRaftLogWorker.java:lambda$new$0(132)) - 1d44087f-ac8e-4e5c-8d8f-c977d94470a7-SegmentedRaftLogWorker:Storage Directory /workdir/hadoop-ozone/ozonefs/target/test-dir/MiniOzoneClusterImpl-1d2bae73-2f79-49ab-b814-65dedb85297e/datanode-1/data/ratis/dab7bf86-c8d1-46c5-a8e3-f58b12f5733d: flushIndex: setUnconditionally 0 -> -1
2019-09-12 11:39:53,828 [pool-38-thread-1] INFO  server.RaftServerConfigKeys (ConfUtils.java:logGet(43)) - raft.server.snapshot.auto.trigger.enabled = true (custom)
2019-09-12 11:39:53,828 [pool-38-thread-1] INFO  server.RaftServerConfigKeys (ConfUtils.java:logGet(43)) - raft.server.snapshot.auto.trigger.threshold = 10000 (custom)
2019-09-12 11:39:53,828 [pool-38-thread-1] INFO  server.RaftServerConfigKeys (ConfUtils.java:logGet(43)) - raft.server.retrycache.expirytime = 600000ms (custom)
2019-09-12 11:39:53,828 [pool-38-thread-1] INFO  impl.RaftServerImpl (RaftServerImpl.java:start(180)) - 1d44087f-ac8e-4e5c-8d8f-c977d94470a7: start group-F58B12F5733D
2019-09-12 11:39:53,829 [pool-38-thread-1] INFO  impl.RaftServerImpl (RaftServerImpl.java:setRole(171)) - 1d44087f-ac8e-4e5c-8d8f-c977d94470a7:group-F58B12F5733D changes role from null to FOLLOWER at term 0 for startAsFollower
2019-09-12 11:39:53,829 [pool-38-thread-1] INFO  impl.RoleInfo (RoleInfo.java:updateAndGet(143)) - 1d44087f-ac8e-4e5c-8d8f-c977d94470a7: start FollowerState
2019-09-12 11:39:53,829 [pool-38-thread-1] INFO  util.JmxRegister (JmxRegister.java:tryRegister(44)) - Successfully registered JMX Bean with object name Ratis:service=RaftServer,group=group-F58B12F5733D,id=1d44087f-ac8e-4e5c-8d8f-c977d94470a7
2019-09-12 11:39:53,839 [RatisPipelineUtilsThread] INFO  pipeline.PipelineStateManager (PipelineStateManager.java:addPipeline(56)) - Created pipeline Pipeline[ Id: dab7bf86-c8d1-46c5-a8e3-f58b12f5733d, Nodes: 1d44087f-ac8e-4e5c-8d8f-c977d94470a7{ip: 192.168.36.114, host: pr-hdds-1569-58hkm-1881083799, networkLocation: /default-rack, certSerialId: null}, Type:RATIS, Factor:ONE, State:OPEN]
2019-09-12 11:39:53,842 [RatisPipelineUtilsThread] ERROR pipeline.PipelinePlacementPolicy (PipelinePlacementPolicy.java:meetCriteria(92)) - Pipeline Placement: Doesn't meet the criteria to be viable node. Heaviness: 6
2019-09-12 11:39:53,842 [RatisPipelineUtilsThread] ERROR pipeline.PipelinePlacementPolicy (PipelinePlacementPolicy.java:meetCriteria(92)) - Pipeline Placement: Doesn't meet the criteria to be viable node. Heaviness: 6
2019-09-12 11:39:53,852 [grpc-default-executor-0] INFO  impl.RaftServerProxy (RaftServerProxy.java:addNew(89)) - 9054a02d-1441-493c-bc6a-96f26a20f7c1: addNew group-B5E0D7C62146:[9054a02d-1441-493c-bc6a-96f26a20f7c1:192.168.36.114:34071] returns group-B5E0D7C62146:java.util.concurrent.CompletableFuture@4d57e29c[Not completed]
2019-09-12 11:39:53,854 [pool-71-thread-1] INFO  impl.RaftServerImpl (RaftServerImpl.java:<init>(93)) - 9054a02d-1441-493c-bc6a-96f26a20f7c1: new RaftServerImpl for group-B5E0D7C62146:[9054a02d-1441-493c-bc6a-96f26a20f7c1:192.168.36.114:34071] with ContainerStateMachine:uninitialized
2019-09-12 11:39:53,854 [pool-71-thread-1] INFO  server.RaftServerConfigKeys (ConfUtils.java:logGet(43)) - raft.server.rpc.timeout.min = 5s (custom)
2019-09-12 11:39:53,854 [pool-71-thread-1] INFO  server.RaftServerConfigKeys (ConfUtils.java:logGet(43)) - raft.server.rpc.timeout.max = 5200ms (custom)
2019-09-12 11:39:53,854 [pool-71-thread-1] INFO  server.RaftServerConfigKeys (ConfUtils.java:logGet(43)) - raft.server.rpcslowness.timeout = 120s (custom)
2019-09-12 11:39:53,855 [pool-71-thread-1] INFO  server.RaftServerConfigKeys (ConfUtils.java:logGet(43)) - raft.server.sleep.deviation.threshold = 300 (default)
2019-09-12 11:39:53,855 [pool-71-thread-1] INFO  server.RaftServerConfigKeys (ConfUtils.java:logGet(43)) - raft.server.log.appender.install.snapshot.enabled = false (custom)
2019-09-12 11:39:53,855 [pool-71-thread-1] INFO  impl.RaftServerImpl (ServerState.java:<init>(105)) - 9054a02d-1441-493c-bc6a-96f26a20f7c1:group-B5E0D7C62146 ConfigurationManager, init=-1: [9054a02d-1441-493c-bc6a-96f26a20f7c1:192.168.36.114:34071], old=null, confs=<EMPTY_MAP>
2019-09-12 11:39:53,855 [pool-71-thread-1] INFO  server.RaftServerConfigKeys (ConfUtils.java:logGet(43)) - raft.server.storage.dir = [/workdir/hadoop-ozone/ozonefs/target/test-dir/MiniOzoneClusterImpl-1d2bae73-2f79-49ab-b814-65dedb85297e/datanode-4/data/ratis] (custom)
2019-09-12 11:39:53,856 [pool-71-thread-1] INFO  storage.RaftStorageDirectory (RaftStorageDirectory.java:analyzeStorage(246)) - The storage directory /workdir/hadoop-ozone/ozonefs/target/test-dir/MiniOzoneClusterImpl-1d2bae73-2f79-49ab-b814-65dedb85297e/datanode-4/data/ratis/c67ac425-ec4c-4ceb-8b0f-b5e0d7c62146 does not exist. Creating ...
2019-09-12 11:39:53,869 [pool-71-thread-1] INFO  storage.RaftStorageDirectory (RaftStorageDirectory.java:tryLock(328)) - Lock on /workdir/hadoop-ozone/ozonefs/target/test-dir/MiniOzoneClusterImpl-1d2bae73-2f79-49ab-b814-65dedb85297e/datanode-4/data/ratis/c67ac425-ec4c-4ceb-8b0f-b5e0d7c62146/in_use.lock acquired by nodename 3232@pr-hdds-1569-58hkm-1881083799
2019-09-12 11:39:53,881 [pool-71-thread-1] INFO  storage.RaftStorage (RaftStorage.java:format(72)) - Storage directory /workdir/hadoop-ozone/ozonefs/target/test-dir/MiniOzoneClusterImpl-1d2bae73-2f79-49ab-b814-65dedb85297e/datanode-4/data/ratis/c67ac425-ec4c-4ceb-8b0f-b5e0d7c62146 has been successfully formatted.
2019-09-12 11:39:53,882 [pool-71-thread-1] INFO  ratis.ContainerStateMachine (ContainerStateMachine.java:loadSnapshot(226)) - group-B5E0D7C62146: The snapshot info is null. Setting the last applied indexto:(t:0, i:~)
2019-09-12 11:39:53,882 [pool-71-thread-1] INFO  server.RaftServerConfigKeys (ConfUtils.java:logGet(43)) - raft.server.leader.election.timeout = 120s (custom)
2019-09-12 11:39:53,882 [pool-71-thread-1] INFO  server.RaftServerConfigKeys (ConfUtils.java:logGet(43)) - raft.server.log.use.memory = false (default)
2019-09-12 11:39:53,882 [pool-71-thread-1] INFO  server.RaftServerConfigKeys (ConfUtils.java:logGet(43)) - raft.server.log.purge.gap = 1000000 (custom)
2019-09-12 11:39:53,882 [pool-71-thread-1] INFO  server.RaftServerConfigKeys (ConfUtils.java:logGet(43)) - raft.server.log.appender.buffer.byte-limit = 33554432 (custom)
2019-09-12 11:39:53,882 [pool-71-thread-1] INFO  server.RaftServerConfigKeys (ConfUtils.java:logGet(43)) - raft.server.log.segment.size.max = 1048576 (custom)
2019-09-12 11:39:53,882 [pool-71-thread-1] INFO  server.RaftServerConfigKeys (ConfUtils.java:logGet(43)) - raft.server.log.segment.cache.num.max = 2 (custom)
2019-09-12 11:39:53,883 [pool-71-thread-1] INFO  segmented.SegmentedRaftLogWorker (SegmentedRaftLogWorker.java:<init>(172)) - new 9054a02d-1441-493c-bc6a-96f26a20f7c1-SegmentedRaftLogWorker:Storage Directory /workdir/hadoop-ozone/ozonefs/target/test-dir/MiniOzoneClusterImpl-1d2bae73-2f79-49ab-b814-65dedb85297e/datanode-4/data/ratis/c67ac425-ec4c-4ceb-8b0f-b5e0d7c62146 for RaftStorage:Storage Directory /workdir/hadoop-ozone/ozonefs/target/test-dir/MiniOzoneClusterImpl-1d2bae73-2f79-49ab-b814-65dedb85297e/datanode-4/data/ratis/c67ac425-ec4c-4ceb-8b0f-b5e0d7c62146
2019-09-12 11:39:53,883 [pool-71-thread-1] INFO  server.RaftServerConfigKeys (ConfUtils.java:logGet(43)) - raft.server.log.queue.byte-limit = 2147483647 (custom)
2019-09-12 11:39:53,883 [pool-71-thread-1] INFO  server.RaftServerConfigKeys (ConfUtils.java:logGet(43)) - raft.server.log.queue.element-limit = 1024 (custom)
2019-09-12 11:39:53,883 [pool-71-thread-1] INFO  server.RaftServerConfigKeys (ConfUtils.java:logGet(43)) - raft.server.log.segment.size.max = 1048576 (custom)
2019-09-12 11:39:53,883 [pool-71-thread-1] INFO  server.RaftServerConfigKeys (ConfUtils.java:logGet(43)) - raft.server.log.preallocated.size = 16384 (custom)
2019-09-12 11:39:53,883 [pool-71-thread-1] INFO  server.RaftServerConfigKeys (ConfUtils.java:logGet(43)) - raft.server.log.write.buffer.size = 33554432 (custom)
2019-09-12 11:39:53,883 [pool-71-thread-1] INFO  server.RaftServerConfigKeys (ConfUtils.java:logGet(43)) - raft.server.log.force.sync.num = 128 (default)
2019-09-12 11:39:53,883 [pool-71-thread-1] INFO  server.RaftServerConfigKeys (ConfUtils.java:logGet(43)) - raft.server.log.statemachine.data.sync = true (default)
2019-09-12 11:39:53,884 [pool-71-thread-1] INFO  server.RaftServerConfigKeys (ConfUtils.java:logGet(43)) - raft.server.log.statemachine.data.sync.timeout = 10s (default)
2019-09-12 11:39:53,884 [pool-71-thread-1] INFO  server.RaftServerConfigKeys (ConfUtils.java:logGet(43)) - raft.server.log.statemachine.data.sync.timeout.retry = -1 (default)
2019-09-12 11:39:53,884 [pool-71-thread-1] INFO  server.RaftServerConfigKeys (ConfUtils.java:logGet(43)) - raft.server.log.statemachine.data.caching.enabled = true (custom)
2019-09-12 11:39:53,884 [pool-71-thread-1] INFO  segmented.SegmentedRaftLogWorker (SegmentedRaftLogWorker.java:lambda$new$0(132)) - 9054a02d-1441-493c-bc6a-96f26a20f7c1-SegmentedRaftLogWorker:Storage Directory /workdir/hadoop-ozone/ozonefs/target/test-dir/MiniOzoneClusterImpl-1d2bae73-2f79-49ab-b814-65dedb85297e/datanode-4/data/ratis/c67ac425-ec4c-4ceb-8b0f-b5e0d7c62146: flushIndex: setUnconditionally 0 -> -1
2019-09-12 11:39:53,885 [pool-71-thread-1] INFO  server.RaftServerConfigKeys (ConfUtils.java:logGet(43)) - raft.server.snapshot.auto.trigger.enabled = true (custom)
2019-09-12 11:39:53,885 [pool-71-thread-1] INFO  server.RaftServerConfigKeys (ConfUtils.java:logGet(43)) - raft.server.snapshot.auto.trigger.threshold = 10000 (custom)
2019-09-12 11:39:53,885 [pool-71-thread-1] INFO  server.RaftServerConfigKeys (ConfUtils.java:logGet(43)) - raft.server.retrycache.expirytime = 600000ms (custom)
2019-09-12 11:39:53,885 [pool-71-thread-1] INFO  impl.RaftServerImpl (RaftServerImpl.java:start(180)) - 9054a02d-1441-493c-bc6a-96f26a20f7c1: start group-B5E0D7C62146
2019-09-12 11:39:53,885 [pool-71-thread-1] INFO  impl.RaftServerImpl (RaftServerImpl.java:setRole(171)) - 9054a02d-1441-493c-bc6a-96f26a20f7c1:group-B5E0D7C62146 changes role from null to FOLLOWER at term 0 for startAsFollower
2019-09-12 11:39:53,885 [pool-71-thread-1] INFO  impl.RoleInfo (RoleInfo.java:updateAndGet(143)) - 9054a02d-1441-493c-bc6a-96f26a20f7c1: start FollowerState
2019-09-12 11:39:53,886 [pool-71-thread-1] INFO  util.JmxRegister (JmxRegister.java:tryRegister(44)) - Successfully registered JMX Bean with object name Ratis:service=RaftServer,group=group-B5E0D7C62146,id=9054a02d-1441-493c-bc6a-96f26a20f7c1
2019-09-12 11:39:53,891 [RatisPipelineUtilsThread] INFO  pipeline.PipelineStateManager (PipelineStateManager.java:addPipeline(56)) - Created pipeline Pipeline[ Id: c67ac425-ec4c-4ceb-8b0f-b5e0d7c62146, Nodes: 9054a02d-1441-493c-bc6a-96f26a20f7c1{ip: 192.168.36.114, host: pr-hdds-1569-58hkm-1881083799, networkLocation: /default-rack, certSerialId: null}, Type:RATIS, Factor:ONE, State:OPEN]
2019-09-12 11:39:53,893 [RatisPipelineUtilsThread] ERROR pipeline.PipelinePlacementPolicy (PipelinePlacementPolicy.java:meetCriteria(92)) - Pipeline Placement: Doesn't meet the criteria to be viable node. Heaviness: 6
2019-09-12 11:39:53,893 [RatisPipelineUtilsThread] ERROR pipeline.PipelinePlacementPolicy (PipelinePlacementPolicy.java:meetCriteria(92)) - Pipeline Placement: Doesn't meet the criteria to be viable node. Heaviness: 6
2019-09-12 11:39:53,902 [grpc-default-executor-0] INFO  impl.RaftServerProxy (RaftServerProxy.java:addNew(89)) - 1d44087f-ac8e-4e5c-8d8f-c977d94470a7: addNew group-C301293FD5A3:[1d44087f-ac8e-4e5c-8d8f-c977d94470a7:192.168.36.114:39712] returns group-C301293FD5A3:java.util.concurrent.CompletableFuture@3d9d59a5[Not completed]
2019-09-12 11:39:53,904 [pool-38-thread-1] INFO  impl.RaftServerImpl (RaftServerImpl.java:<init>(93)) - 1d44087f-ac8e-4e5c-8d8f-c977d94470a7: new RaftServerImpl for group-C301293FD5A3:[1d44087f-ac8e-4e5c-8d8f-c977d94470a7:192.168.36.114:39712] with ContainerStateMachine:uninitialized
2019-09-12 11:39:53,905 [pool-38-thread-1] INFO  server.RaftServerConfigKeys (ConfUtils.java:logGet(43)) - raft.server.rpc.timeout.min = 5s (custom)
2019-09-12 11:39:53,905 [pool-38-thread-1] INFO  server.RaftServerConfigKeys (ConfUtils.java:logGet(43)) - raft.server.rpc.timeout.max = 5200ms (custom)
2019-09-12 11:39:53,905 [pool-38-thread-1] INFO  server.RaftServerConfigKeys (ConfUtils.java:logGet(43)) - raft.server.rpcslowness.timeout = 120s (custom)
2019-09-12 11:39:53,905 | INFO  | SCMAudit | user=jenkins1000 | ip=192.168.36.114 | op=SEND_HEARTBEAT {datanodeUUID=ff770026-5750-4ac2-9a63-7739260f4b5e, command=[]} | ret=SUCCESS |  
2019-09-12 11:39:53,905 [pool-38-thread-1] INFO  server.RaftServerConfigKeys (ConfUtils.java:logGet(43)) - raft.server.sleep.deviation.threshold = 300 (default)
2019-09-12 11:39:53,906 [pool-38-thread-1] INFO  server.RaftServerConfigKeys (ConfUtils.java:logGet(43)) - raft.server.log.appender.install.snapshot.enabled = false (custom)
2019-09-12 11:39:53,906 [pool-38-thread-1] INFO  impl.RaftServerImpl (ServerState.java:<init>(105)) - 1d44087f-ac8e-4e5c-8d8f-c977d94470a7:group-C301293FD5A3 ConfigurationManager, init=-1: [1d44087f-ac8e-4e5c-8d8f-c977d94470a7:192.168.36.114:39712], old=null, confs=<EMPTY_MAP>
2019-09-12 11:39:53,906 [pool-38-thread-1] INFO  server.RaftServerConfigKeys (ConfUtils.java:logGet(43)) - raft.server.storage.dir = [/workdir/hadoop-ozone/ozonefs/target/test-dir/MiniOzoneClusterImpl-1d2bae73-2f79-49ab-b814-65dedb85297e/datanode-1/data/ratis] (custom)
2019-09-12 11:39:53,907 [pool-38-thread-1] INFO  storage.RaftStorageDirectory (RaftStorageDirectory.java:analyzeStorage(246)) - The storage directory /workdir/hadoop-ozone/ozonefs/target/test-dir/MiniOzoneClusterImpl-1d2bae73-2f79-49ab-b814-65dedb85297e/datanode-1/data/ratis/31aaf8dc-9f83-4180-a9d9-c301293fd5a3 does not exist. Creating ...
2019-09-12 11:39:53,919 [pool-38-thread-1] INFO  storage.RaftStorageDirectory (RaftStorageDirectory.java:tryLock(328)) - Lock on /workdir/hadoop-ozone/ozonefs/target/test-dir/MiniOzoneClusterImpl-1d2bae73-2f79-49ab-b814-65dedb85297e/datanode-1/data/ratis/31aaf8dc-9f83-4180-a9d9-c301293fd5a3/in_use.lock acquired by nodename 3232@pr-hdds-1569-58hkm-1881083799
2019-09-12 11:39:53,932 [pool-38-thread-1] INFO  storage.RaftStorage (RaftStorage.java:format(72)) - Storage directory /workdir/hadoop-ozone/ozonefs/target/test-dir/MiniOzoneClusterImpl-1d2bae73-2f79-49ab-b814-65dedb85297e/datanode-1/data/ratis/31aaf8dc-9f83-4180-a9d9-c301293fd5a3 has been successfully formatted.
2019-09-12 11:39:53,932 [pool-38-thread-1] INFO  ratis.ContainerStateMachine (ContainerStateMachine.java:loadSnapshot(226)) - group-C301293FD5A3: The snapshot info is null. Setting the last applied indexto:(t:0, i:~)
2019-09-12 11:39:53,932 [pool-38-thread-1] INFO  server.RaftServerConfigKeys (ConfUtils.java:logGet(43)) - raft.server.leader.election.timeout = 120s (custom)
2019-09-12 11:39:53,933 [pool-38-thread-1] INFO  server.RaftServerConfigKeys (ConfUtils.java:logGet(43)) - raft.server.log.use.memory = false (default)
2019-09-12 11:39:53,933 [pool-38-thread-1] INFO  server.RaftServerConfigKeys (ConfUtils.java:logGet(43)) - raft.server.log.purge.gap = 1000000 (custom)
2019-09-12 11:39:53,933 [pool-38-thread-1] INFO  server.RaftServerConfigKeys (ConfUtils.java:logGet(43)) - raft.server.log.appender.buffer.byte-limit = 33554432 (custom)
2019-09-12 11:39:53,933 [pool-38-thread-1] INFO  server.RaftServerConfigKeys (ConfUtils.java:logGet(43)) - raft.server.log.segment.size.max = 1048576 (custom)
2019-09-12 11:39:53,933 [pool-38-thread-1] INFO  server.RaftServerConfigKeys (ConfUtils.java:logGet(43)) - raft.server.log.segment.cache.num.max = 2 (custom)
2019-09-12 11:39:53,933 [pool-38-thread-1] INFO  segmented.SegmentedRaftLogWorker (SegmentedRaftLogWorker.java:<init>(172)) - new 1d44087f-ac8e-4e5c-8d8f-c977d94470a7-SegmentedRaftLogWorker:Storage Directory /workdir/hadoop-ozone/ozonefs/target/test-dir/MiniOzoneClusterImpl-1d2bae73-2f79-49ab-b814-65dedb85297e/datanode-1/data/ratis/31aaf8dc-9f83-4180-a9d9-c301293fd5a3 for RaftStorage:Storage Directory /workdir/hadoop-ozone/ozonefs/target/test-dir/MiniOzoneClusterImpl-1d2bae73-2f79-49ab-b814-65dedb85297e/datanode-1/data/ratis/31aaf8dc-9f83-4180-a9d9-c301293fd5a3
2019-09-12 11:39:53,934 [pool-38-thread-1] INFO  server.RaftServerConfigKeys (ConfUtils.java:logGet(43)) - raft.server.log.queue.byte-limit = 2147483647 (custom)
2019-09-12 11:39:53,934 [pool-38-thread-1] INFO  server.RaftServerConfigKeys (ConfUtils.java:logGet(43)) - raft.server.log.queue.element-limit = 1024 (custom)
2019-09-12 11:39:53,934 [pool-38-thread-1] INFO  server.RaftServerConfigKeys (ConfUtils.java:logGet(43)) - raft.server.log.segment.size.max = 1048576 (custom)
2019-09-12 11:39:53,934 [pool-38-thread-1] INFO  server.RaftServerConfigKeys (ConfUtils.java:logGet(43)) - raft.server.log.preallocated.size = 16384 (custom)
2019-09-12 11:39:53,934 [pool-38-thread-1] INFO  server.RaftServerConfigKeys (ConfUtils.java:logGet(43)) - raft.server.log.write.buffer.size = 33554432 (custom)
2019-09-12 11:39:53,934 [pool-38-thread-1] INFO  server.RaftServerConfigKeys (ConfUtils.java:logGet(43)) - raft.server.log.force.sync.num = 128 (default)
2019-09-12 11:39:53,935 [pool-38-thread-1] INFO  server.RaftServerConfigKeys (ConfUtils.java:logGet(43)) - raft.server.log.statemachine.data.sync = true (default)
2019-09-12 11:39:53,935 [pool-38-thread-1] INFO  server.RaftServerConfigKeys (ConfUtils.java:logGet(43)) - raft.server.log.statemachine.data.sync.timeout = 10s (default)
2019-09-12 11:39:53,935 [pool-38-thread-1] INFO  server.RaftServerConfigKeys (ConfUtils.java:logGet(43)) - raft.server.log.statemachine.data.sync.timeout.retry = -1 (default)
2019-09-12 11:39:53,935 [pool-38-thread-1] INFO  server.RaftServerConfigKeys (ConfUtils.java:logGet(43)) - raft.server.log.statemachine.data.caching.enabled = true (custom)
2019-09-12 11:39:53,935 [pool-38-thread-1] INFO  segmented.SegmentedRaftLogWorker (SegmentedRaftLogWorker.java:lambda$new$0(132)) - 1d44087f-ac8e-4e5c-8d8f-c977d94470a7-SegmentedRaftLogWorker:Storage Directory /workdir/hadoop-ozone/ozonefs/target/test-dir/MiniOzoneClusterImpl-1d2bae73-2f79-49ab-b814-65dedb85297e/datanode-1/data/ratis/31aaf8dc-9f83-4180-a9d9-c301293fd5a3: flushIndex: setUnconditionally 0 -> -1
2019-09-12 11:39:53,936 [pool-38-thread-1] INFO  server.RaftServerConfigKeys (ConfUtils.java:logGet(43)) - raft.server.snapshot.auto.trigger.enabled = true (custom)
2019-09-12 11:39:53,936 [pool-38-thread-1] INFO  server.RaftServerConfigKeys (ConfUtils.java:logGet(43)) - raft.server.snapshot.auto.trigger.threshold = 10000 (custom)
2019-09-12 11:39:53,936 [pool-38-thread-1] INFO  server.RaftServerConfigKeys (ConfUtils.java:logGet(43)) - raft.server.retrycache.expirytime = 600000ms (custom)
2019-09-12 11:39:53,937 [pool-38-thread-1] INFO  impl.RaftServerImpl (RaftServerImpl.java:start(180)) - 1d44087f-ac8e-4e5c-8d8f-c977d94470a7: start group-C301293FD5A3
2019-09-12 11:39:53,937 [pool-38-thread-1] INFO  impl.RaftServerImpl (RaftServerImpl.java:setRole(171)) - 1d44087f-ac8e-4e5c-8d8f-c977d94470a7:group-C301293FD5A3 changes role from null to FOLLOWER at term 0 for startAsFollower
2019-09-12 11:39:53,937 [pool-38-thread-1] INFO  impl.RoleInfo (RoleInfo.java:updateAndGet(143)) - 1d44087f-ac8e-4e5c-8d8f-c977d94470a7: start FollowerState
2019-09-12 11:39:53,937 [pool-38-thread-1] INFO  util.JmxRegister (JmxRegister.java:tryRegister(44)) - Successfully registered JMX Bean with object name Ratis:service=RaftServer,group=group-C301293FD5A3,id=1d44087f-ac8e-4e5c-8d8f-c977d94470a7
2019-09-12 11:39:53,942 [RatisPipelineUtilsThread] INFO  pipeline.PipelineStateManager (PipelineStateManager.java:addPipeline(56)) - Created pipeline Pipeline[ Id: 31aaf8dc-9f83-4180-a9d9-c301293fd5a3, Nodes: 1d44087f-ac8e-4e5c-8d8f-c977d94470a7{ip: 192.168.36.114, host: pr-hdds-1569-58hkm-1881083799, networkLocation: /default-rack, certSerialId: null}, Type:RATIS, Factor:ONE, State:OPEN]
2019-09-12 11:39:53,944 [RatisPipelineUtilsThread] ERROR pipeline.PipelinePlacementPolicy (PipelinePlacementPolicy.java:meetCriteria(92)) - Pipeline Placement: Doesn't meet the criteria to be viable node. Heaviness: 6
2019-09-12 11:39:53,944 [RatisPipelineUtilsThread] ERROR pipeline.PipelinePlacementPolicy (PipelinePlacementPolicy.java:meetCriteria(92)) - Pipeline Placement: Doesn't meet the criteria to be viable node. Heaviness: 6
2019-09-12 11:39:53,954 [grpc-default-executor-0] INFO  impl.RaftServerProxy (RaftServerProxy.java:addNew(89)) - 9054a02d-1441-493c-bc6a-96f26a20f7c1: addNew group-DFD625E35731:[9054a02d-1441-493c-bc6a-96f26a20f7c1:192.168.36.114:34071] returns group-DFD625E35731:java.util.concurrent.CompletableFuture@490014a2[Not completed]
2019-09-12 11:39:53,955 [pool-71-thread-1] INFO  impl.RaftServerImpl (RaftServerImpl.java:<init>(93)) - 9054a02d-1441-493c-bc6a-96f26a20f7c1: new RaftServerImpl for group-DFD625E35731:[9054a02d-1441-493c-bc6a-96f26a20f7c1:192.168.36.114:34071] with ContainerStateMachine:uninitialized
2019-09-12 11:39:53,955 [pool-71-thread-1] INFO  server.RaftServerConfigKeys (ConfUtils.java:logGet(43)) - raft.server.rpc.timeout.min = 5s (custom)
2019-09-12 11:39:53,955 [pool-71-thread-1] INFO  server.RaftServerConfigKeys (ConfUtils.java:logGet(43)) - raft.server.rpc.timeout.max = 5200ms (custom)
2019-09-12 11:39:53,956 [pool-71-thread-1] INFO  server.RaftServerConfigKeys (ConfUtils.java:logGet(43)) - raft.server.rpcslowness.timeout = 120s (custom)
2019-09-12 11:39:53,956 [pool-71-thread-1] INFO  server.RaftServerConfigKeys (ConfUtils.java:logGet(43)) - raft.server.sleep.deviation.threshold = 300 (default)
2019-09-12 11:39:53,956 [pool-71-thread-1] INFO  server.RaftServerConfigKeys (ConfUtils.java:logGet(43)) - raft.server.log.appender.install.snapshot.enabled = false (custom)
2019-09-12 11:39:53,956 [pool-71-thread-1] INFO  impl.RaftServerImpl (ServerState.java:<init>(105)) - 9054a02d-1441-493c-bc6a-96f26a20f7c1:group-DFD625E35731 ConfigurationManager, init=-1: [9054a02d-1441-493c-bc6a-96f26a20f7c1:192.168.36.114:34071], old=null, confs=<EMPTY_MAP>
2019-09-12 11:39:53,956 [pool-71-thread-1] INFO  server.RaftServerConfigKeys (ConfUtils.java:logGet(43)) - raft.server.storage.dir = [/workdir/hadoop-ozone/ozonefs/target/test-dir/MiniOzoneClusterImpl-1d2bae73-2f79-49ab-b814-65dedb85297e/datanode-4/data/ratis] (custom)
2019-09-12 11:39:53,956 [pool-71-thread-1] INFO  storage.RaftStorageDirectory (RaftStorageDirectory.java:analyzeStorage(246)) - The storage directory /workdir/hadoop-ozone/ozonefs/target/test-dir/MiniOzoneClusterImpl-1d2bae73-2f79-49ab-b814-65dedb85297e/datanode-4/data/ratis/83e6fcd7-e7be-4e3a-9f67-dfd625e35731 does not exist. Creating ...
2019-09-12 11:39:53,969 [pool-71-thread-1] INFO  storage.RaftStorageDirectory (RaftStorageDirectory.java:tryLock(328)) - Lock on /workdir/hadoop-ozone/ozonefs/target/test-dir/MiniOzoneClusterImpl-1d2bae73-2f79-49ab-b814-65dedb85297e/datanode-4/data/ratis/83e6fcd7-e7be-4e3a-9f67-dfd625e35731/in_use.lock acquired by nodename 3232@pr-hdds-1569-58hkm-1881083799
2019-09-12 11:39:53,981 [pool-71-thread-1] INFO  storage.RaftStorage (RaftStorage.java:format(72)) - Storage directory /workdir/hadoop-ozone/ozonefs/target/test-dir/MiniOzoneClusterImpl-1d2bae73-2f79-49ab-b814-65dedb85297e/datanode-4/data/ratis/83e6fcd7-e7be-4e3a-9f67-dfd625e35731 has been successfully formatted.
2019-09-12 11:39:53,982 [pool-71-thread-1] INFO  ratis.ContainerStateMachine (ContainerStateMachine.java:loadSnapshot(226)) - group-DFD625E35731: The snapshot info is null. Setting the last applied indexto:(t:0, i:~)
2019-09-12 11:39:53,982 [pool-71-thread-1] INFO  server.RaftServerConfigKeys (ConfUtils.java:logGet(43)) - raft.server.leader.election.timeout = 120s (custom)
2019-09-12 11:39:53,982 [pool-71-thread-1] INFO  server.RaftServerConfigKeys (ConfUtils.java:logGet(43)) - raft.server.log.use.memory = false (default)
2019-09-12 11:39:53,982 [pool-71-thread-1] INFO  server.RaftServerConfigKeys (ConfUtils.java:logGet(43)) - raft.server.log.purge.gap = 1000000 (custom)
2019-09-12 11:39:53,982 [pool-71-thread-1] INFO  server.RaftServerConfigKeys (ConfUtils.java:logGet(43)) - raft.server.log.appender.buffer.byte-limit = 33554432 (custom)
2019-09-12 11:39:53,982 [pool-71-thread-1] INFO  server.RaftServerConfigKeys (ConfUtils.java:logGet(43)) - raft.server.log.segment.size.max = 1048576 (custom)
2019-09-12 11:39:53,982 [pool-71-thread-1] INFO  server.RaftServerConfigKeys (ConfUtils.java:logGet(43)) - raft.server.log.segment.cache.num.max = 2 (custom)
2019-09-12 11:39:53,983 [pool-71-thread-1] INFO  segmented.SegmentedRaftLogWorker (SegmentedRaftLogWorker.java:<init>(172)) - new 9054a02d-1441-493c-bc6a-96f26a20f7c1-SegmentedRaftLogWorker:Storage Directory /workdir/hadoop-ozone/ozonefs/target/test-dir/MiniOzoneClusterImpl-1d2bae73-2f79-49ab-b814-65dedb85297e/datanode-4/data/ratis/83e6fcd7-e7be-4e3a-9f67-dfd625e35731 for RaftStorage:Storage Directory /workdir/hadoop-ozone/ozonefs/target/test-dir/MiniOzoneClusterImpl-1d2bae73-2f79-49ab-b814-65dedb85297e/datanode-4/data/ratis/83e6fcd7-e7be-4e3a-9f67-dfd625e35731
2019-09-12 11:39:53,983 [pool-71-thread-1] INFO  server.RaftServerConfigKeys (ConfUtils.java:logGet(43)) - raft.server.log.queue.byte-limit = 2147483647 (custom)
2019-09-12 11:39:53,983 [pool-71-thread-1] INFO  server.RaftServerConfigKeys (ConfUtils.java:logGet(43)) - raft.server.log.queue.element-limit = 1024 (custom)
2019-09-12 11:39:53,983 [pool-71-thread-1] INFO  server.RaftServerConfigKeys (ConfUtils.java:logGet(43)) - raft.server.log.segment.size.max = 1048576 (custom)
2019-09-12 11:39:53,983 [pool-71-thread-1] INFO  server.RaftServerConfigKeys (ConfUtils.java:logGet(43)) - raft.server.log.preallocated.size = 16384 (custom)
2019-09-12 11:39:53,983 [pool-71-thread-1] INFO  server.RaftServerConfigKeys (ConfUtils.java:logGet(43)) - raft.server.log.write.buffer.size = 33554432 (custom)
2019-09-12 11:39:53,983 [pool-71-thread-1] INFO  server.RaftServerConfigKeys (ConfUtils.java:logGet(43)) - raft.server.log.force.sync.num = 128 (default)
2019-09-12 11:39:53,984 [pool-71-thread-1] INFO  server.RaftServerConfigKeys (ConfUtils.java:logGet(43)) - raft.server.log.statemachine.data.sync = true (default)
2019-09-12 11:39:53,984 [pool-71-thread-1] INFO  server.RaftServerConfigKeys (ConfUtils.java:logGet(43)) - raft.server.log.statemachine.data.sync.timeout = 10s (default)
2019-09-12 11:39:53,984 [pool-71-thread-1] INFO  server.RaftServerConfigKeys (ConfUtils.java:logGet(43)) - raft.server.log.statemachine.data.sync.timeout.retry = -1 (default)
2019-09-12 11:39:53,984 [pool-71-thread-1] INFO  server.RaftServerConfigKeys (ConfUtils.java:logGet(43)) - raft.server.log.statemachine.data.caching.enabled = true (custom)
2019-09-12 11:39:53,984 [pool-71-thread-1] INFO  segmented.SegmentedRaftLogWorker (SegmentedRaftLogWorker.java:lambda$new$0(132)) - 9054a02d-1441-493c-bc6a-96f26a20f7c1-SegmentedRaftLogWorker:Storage Directory /workdir/hadoop-ozone/ozonefs/target/test-dir/MiniOzoneClusterImpl-1d2bae73-2f79-49ab-b814-65dedb85297e/datanode-4/data/ratis/83e6fcd7-e7be-4e3a-9f67-dfd625e35731: flushIndex: setUnconditionally 0 -> -1
2019-09-12 11:39:53,985 [pool-71-thread-1] INFO  server.RaftServerConfigKeys (ConfUtils.java:logGet(43)) - raft.server.snapshot.auto.trigger.enabled = true (custom)
2019-09-12 11:39:53,985 [pool-71-thread-1] INFO  server.RaftServerConfigKeys (ConfUtils.java:logGet(43)) - raft.server.snapshot.auto.trigger.threshold = 10000 (custom)
2019-09-12 11:39:53,985 [pool-71-thread-1] INFO  server.RaftServerConfigKeys (ConfUtils.java:logGet(43)) - raft.server.retrycache.expirytime = 600000ms (custom)
2019-09-12 11:39:53,985 [pool-71-thread-1] INFO  impl.RaftServerImpl (RaftServerImpl.java:start(180)) - 9054a02d-1441-493c-bc6a-96f26a20f7c1: start group-DFD625E35731
2019-09-12 11:39:53,985 [pool-71-thread-1] INFO  impl.RaftServerImpl (RaftServerImpl.java:setRole(171)) - 9054a02d-1441-493c-bc6a-96f26a20f7c1:group-DFD625E35731 changes role from null to FOLLOWER at term 0 for startAsFollower
2019-09-12 11:39:53,985 [pool-71-thread-1] INFO  impl.RoleInfo (RoleInfo.java:updateAndGet(143)) - 9054a02d-1441-493c-bc6a-96f26a20f7c1: start FollowerState
2019-09-12 11:39:53,986 [pool-71-thread-1] INFO  util.JmxRegister (JmxRegister.java:tryRegister(44)) - Successfully registered JMX Bean with object name Ratis:service=RaftServer,group=group-DFD625E35731,id=9054a02d-1441-493c-bc6a-96f26a20f7c1
2019-09-12 11:39:53,991 | INFO  | SCMAudit | user=jenkins1000 | ip=192.168.36.114 | op=SEND_HEARTBEAT {datanodeUUID=9148d988-312e-4bdf-a5a7-32d9d6de346b, command=[]} | ret=SUCCESS |  
2019-09-12 11:39:53,992 [RatisPipelineUtilsThread] INFO  pipeline.PipelineStateManager (PipelineStateManager.java:addPipeline(56)) - Created pipeline Pipeline[ Id: 83e6fcd7-e7be-4e3a-9f67-dfd625e35731, Nodes: 9054a02d-1441-493c-bc6a-96f26a20f7c1{ip: 192.168.36.114, host: pr-hdds-1569-58hkm-1881083799, networkLocation: /default-rack, certSerialId: null}, Type:RATIS, Factor:ONE, State:OPEN]
2019-09-12 11:39:53,994 [RatisPipelineUtilsThread] ERROR pipeline.PipelinePlacementPolicy (PipelinePlacementPolicy.java:meetCriteria(92)) - Pipeline Placement: Doesn't meet the criteria to be viable node. Heaviness: 6
2019-09-12 11:39:53,995 [RatisPipelineUtilsThread] ERROR pipeline.PipelinePlacementPolicy (PipelinePlacementPolicy.java:meetCriteria(92)) - Pipeline Placement: Doesn't meet the criteria to be viable node. Heaviness: 6
2019-09-12 11:39:53,995 [RatisPipelineUtilsThread] ERROR pipeline.PipelinePlacementPolicy (PipelinePlacementPolicy.java:meetCriteria(92)) - Pipeline Placement: Doesn't meet the criteria to be viable node. Heaviness: 6
2019-09-12 11:39:54,005 [grpc-default-executor-0] INFO  impl.RaftServerProxy (RaftServerProxy.java:addNew(89)) - ff770026-5750-4ac2-9a63-7739260f4b5e: addNew group-057412769DA6:[ff770026-5750-4ac2-9a63-7739260f4b5e:192.168.36.114:45258] returns group-057412769DA6:java.util.concurrent.CompletableFuture@6c847372[Not completed]
2019-09-12 11:39:54,007 [pool-60-thread-1] INFO  impl.RaftServerImpl (RaftServerImpl.java:<init>(93)) - ff770026-5750-4ac2-9a63-7739260f4b5e: new RaftServerImpl for group-057412769DA6:[ff770026-5750-4ac2-9a63-7739260f4b5e:192.168.36.114:45258] with ContainerStateMachine:uninitialized
2019-09-12 11:39:54,007 [pool-60-thread-1] INFO  server.RaftServerConfigKeys (ConfUtils.java:logGet(43)) - raft.server.rpc.timeout.min = 5s (custom)
2019-09-12 11:39:54,007 [pool-60-thread-1] INFO  server.RaftServerConfigKeys (ConfUtils.java:logGet(43)) - raft.server.rpc.timeout.max = 5200ms (custom)
2019-09-12 11:39:54,007 [pool-60-thread-1] INFO  server.RaftServerConfigKeys (ConfUtils.java:logGet(43)) - raft.server.rpcslowness.timeout = 120s (custom)
2019-09-12 11:39:54,007 [pool-60-thread-1] INFO  server.RaftServerConfigKeys (ConfUtils.java:logGet(43)) - raft.server.sleep.deviation.threshold = 300 (default)
2019-09-12 11:39:54,008 [pool-60-thread-1] INFO  server.RaftServerConfigKeys (ConfUtils.java:logGet(43)) - raft.server.log.appender.install.snapshot.enabled = false (custom)
2019-09-12 11:39:54,008 [pool-60-thread-1] INFO  impl.RaftServerImpl (ServerState.java:<init>(105)) - ff770026-5750-4ac2-9a63-7739260f4b5e:group-057412769DA6 ConfigurationManager, init=-1: [ff770026-5750-4ac2-9a63-7739260f4b5e:192.168.36.114:45258], old=null, confs=<EMPTY_MAP>
2019-09-12 11:39:54,008 [pool-60-thread-1] INFO  server.RaftServerConfigKeys (ConfUtils.java:logGet(43)) - raft.server.storage.dir = [/workdir/hadoop-ozone/ozonefs/target/test-dir/MiniOzoneClusterImpl-1d2bae73-2f79-49ab-b814-65dedb85297e/datanode-3/data/ratis] (custom)
2019-09-12 11:39:54,008 [pool-60-thread-1] INFO  storage.RaftStorageDirectory (RaftStorageDirectory.java:analyzeStorage(246)) - The storage directory /workdir/hadoop-ozone/ozonefs/target/test-dir/MiniOzoneClusterImpl-1d2bae73-2f79-49ab-b814-65dedb85297e/datanode-3/data/ratis/1598b795-3e03-42cf-b673-057412769da6 does not exist. Creating ...
2019-09-12 11:39:54,037 [pool-60-thread-1] INFO  storage.RaftStorageDirectory (RaftStorageDirectory.java:tryLock(328)) - Lock on /workdir/hadoop-ozone/ozonefs/target/test-dir/MiniOzoneClusterImpl-1d2bae73-2f79-49ab-b814-65dedb85297e/datanode-3/data/ratis/1598b795-3e03-42cf-b673-057412769da6/in_use.lock acquired by nodename 3232@pr-hdds-1569-58hkm-1881083799
2019-09-12 11:39:54,047 [Thread-207] INFO  container.ReplicationManager (ReplicationManager.java:start(151)) - Starting Replication Monitor Thread.
2019-09-12 11:39:54,049 [ReplicationMonitor] INFO  container.ReplicationManager (ReplicationManager.java:run(214)) - Replication Monitor Thread took 1 milliseconds for processing 0 containers.
2019-09-12 11:39:54,051 [pool-60-thread-1] INFO  storage.RaftStorage (RaftStorage.java:format(72)) - Storage directory /workdir/hadoop-ozone/ozonefs/target/test-dir/MiniOzoneClusterImpl-1d2bae73-2f79-49ab-b814-65dedb85297e/datanode-3/data/ratis/1598b795-3e03-42cf-b673-057412769da6 has been successfully formatted.
2019-09-12 11:39:54,051 [pool-60-thread-1] INFO  ratis.ContainerStateMachine (ContainerStateMachine.java:loadSnapshot(226)) - group-057412769DA6: The snapshot info is null. Setting the last applied indexto:(t:0, i:~)
2019-09-12 11:39:54,051 [pool-60-thread-1] INFO  server.RaftServerConfigKeys (ConfUtils.java:logGet(43)) - raft.server.leader.election.timeout = 120s (custom)
2019-09-12 11:39:54,052 [pool-60-thread-1] INFO  server.RaftServerConfigKeys (ConfUtils.java:logGet(43)) - raft.server.log.use.memory = false (default)
2019-09-12 11:39:54,052 [pool-60-thread-1] INFO  server.RaftServerConfigKeys (ConfUtils.java:logGet(43)) - raft.server.log.purge.gap = 1000000 (custom)
2019-09-12 11:39:54,052 [pool-60-thread-1] INFO  server.RaftServerConfigKeys (ConfUtils.java:logGet(43)) - raft.server.log.appender.buffer.byte-limit = 33554432 (custom)
2019-09-12 11:39:54,052 [pool-60-thread-1] INFO  server.RaftServerConfigKeys (ConfUtils.java:logGet(43)) - raft.server.log.segment.size.max = 1048576 (custom)
2019-09-12 11:39:54,052 [pool-60-thread-1] INFO  server.RaftServerConfigKeys (ConfUtils.java:logGet(43)) - raft.server.log.segment.cache.num.max = 2 (custom)
2019-09-12 11:39:54,053 [pool-60-thread-1] INFO  segmented.SegmentedRaftLogWorker (SegmentedRaftLogWorker.java:<init>(172)) - new ff770026-5750-4ac2-9a63-7739260f4b5e-SegmentedRaftLogWorker:Storage Directory /workdir/hadoop-ozone/ozonefs/target/test-dir/MiniOzoneClusterImpl-1d2bae73-2f79-49ab-b814-65dedb85297e/datanode-3/data/ratis/1598b795-3e03-42cf-b673-057412769da6 for RaftStorage:Storage Directory /workdir/hadoop-ozone/ozonefs/target/test-dir/MiniOzoneClusterImpl-1d2bae73-2f79-49ab-b814-65dedb85297e/datanode-3/data/ratis/1598b795-3e03-42cf-b673-057412769da6
2019-09-12 11:39:54,053 [pool-60-thread-1] INFO  server.RaftServerConfigKeys (ConfUtils.java:logGet(43)) - raft.server.log.queue.byte-limit = 2147483647 (custom)
2019-09-12 11:39:54,053 [pool-60-thread-1] INFO  server.RaftServerConfigKeys (ConfUtils.java:logGet(43)) - raft.server.log.queue.element-limit = 1024 (custom)
2019-09-12 11:39:54,053 [pool-60-thread-1] INFO  server.RaftServerConfigKeys (ConfUtils.java:logGet(43)) - raft.server.log.segment.size.max = 1048576 (custom)
2019-09-12 11:39:54,053 [pool-60-thread-1] INFO  server.RaftServerConfigKeys (ConfUtils.java:logGet(43)) - raft.server.log.preallocated.size = 16384 (custom)
2019-09-12 11:39:54,054 [pool-60-thread-1] INFO  server.RaftServerConfigKeys (ConfUtils.java:logGet(43)) - raft.server.log.write.buffer.size = 33554432 (custom)
2019-09-12 11:39:54,054 [pool-60-thread-1] INFO  server.RaftServerConfigKeys (ConfUtils.java:logGet(43)) - raft.server.log.force.sync.num = 128 (default)
2019-09-12 11:39:54,054 [pool-60-thread-1] INFO  server.RaftServerConfigKeys (ConfUtils.java:logGet(43)) - raft.server.log.statemachine.data.sync = true (default)
2019-09-12 11:39:54,054 [pool-60-thread-1] INFO  server.RaftServerConfigKeys (ConfUtils.java:logGet(43)) - raft.server.log.statemachine.data.sync.timeout = 10s (default)
2019-09-12 11:39:54,054 [pool-60-thread-1] INFO  server.RaftServerConfigKeys (ConfUtils.java:logGet(43)) - raft.server.log.statemachine.data.sync.timeout.retry = -1 (default)
2019-09-12 11:39:54,055 [pool-60-thread-1] INFO  server.RaftServerConfigKeys (ConfUtils.java:logGet(43)) - raft.server.log.statemachine.data.caching.enabled = true (custom)
2019-09-12 11:39:54,055 [pool-60-thread-1] INFO  segmented.SegmentedRaftLogWorker (SegmentedRaftLogWorker.java:lambda$new$0(132)) - ff770026-5750-4ac2-9a63-7739260f4b5e-SegmentedRaftLogWorker:Storage Directory /workdir/hadoop-ozone/ozonefs/target/test-dir/MiniOzoneClusterImpl-1d2bae73-2f79-49ab-b814-65dedb85297e/datanode-3/data/ratis/1598b795-3e03-42cf-b673-057412769da6: flushIndex: setUnconditionally 0 -> -1
2019-09-12 11:39:54,055 [pool-60-thread-1] INFO  server.RaftServerConfigKeys (ConfUtils.java:logGet(43)) - raft.server.snapshot.auto.trigger.enabled = true (custom)
2019-09-12 11:39:54,056 [pool-60-thread-1] INFO  server.RaftServerConfigKeys (ConfUtils.java:logGet(43)) - raft.server.snapshot.auto.trigger.threshold = 10000 (custom)
2019-09-12 11:39:54,056 [pool-60-thread-1] INFO  server.RaftServerConfigKeys (ConfUtils.java:logGet(43)) - raft.server.retrycache.expirytime = 600000ms (custom)
2019-09-12 11:39:54,056 [pool-60-thread-1] INFO  impl.RaftServerImpl (RaftServerImpl.java:start(180)) - ff770026-5750-4ac2-9a63-7739260f4b5e: start group-057412769DA6
2019-09-12 11:39:54,056 [pool-60-thread-1] INFO  impl.RaftServerImpl (RaftServerImpl.java:setRole(171)) - ff770026-5750-4ac2-9a63-7739260f4b5e:group-057412769DA6 changes role from null to FOLLOWER at term 0 for startAsFollower
2019-09-12 11:39:54,057 [pool-60-thread-1] INFO  impl.RoleInfo (RoleInfo.java:updateAndGet(143)) - ff770026-5750-4ac2-9a63-7739260f4b5e: start FollowerState
2019-09-12 11:39:54,057 [pool-60-thread-1] INFO  util.JmxRegister (JmxRegister.java:tryRegister(44)) - Successfully registered JMX Bean with object name Ratis:service=RaftServer,group=group-057412769DA6,id=ff770026-5750-4ac2-9a63-7739260f4b5e
2019-09-12 11:39:54,064 [RatisPipelineUtilsThread] INFO  pipeline.PipelineStateManager (PipelineStateManager.java:addPipeline(56)) - Created pipeline Pipeline[ Id: 1598b795-3e03-42cf-b673-057412769da6, Nodes: ff770026-5750-4ac2-9a63-7739260f4b5e{ip: 192.168.36.114, host: pr-hdds-1569-58hkm-1881083799, networkLocation: /default-rack, certSerialId: null}, Type:RATIS, Factor:ONE, State:OPEN]
2019-09-12 11:39:54,066 [RatisPipelineUtilsThread] ERROR pipeline.PipelinePlacementPolicy (PipelinePlacementPolicy.java:meetCriteria(92)) - Pipeline Placement: Doesn't meet the criteria to be viable node. Heaviness: 6
2019-09-12 11:39:54,066 [RatisPipelineUtilsThread] ERROR pipeline.PipelinePlacementPolicy (PipelinePlacementPolicy.java:meetCriteria(92)) - Pipeline Placement: Doesn't meet the criteria to be viable node. Heaviness: 6
2019-09-12 11:39:54,067 [RatisPipelineUtilsThread] ERROR pipeline.PipelinePlacementPolicy (PipelinePlacementPolicy.java:meetCriteria(92)) - Pipeline Placement: Doesn't meet the criteria to be viable node. Heaviness: 6
2019-09-12 11:39:54,077 [grpc-default-executor-0] INFO  impl.RaftServerProxy (RaftServerProxy.java:addNew(89)) - 1d44087f-ac8e-4e5c-8d8f-c977d94470a7: addNew group-B54B015693CD:[1d44087f-ac8e-4e5c-8d8f-c977d94470a7:192.168.36.114:39712] returns group-B54B015693CD:java.util.concurrent.CompletableFuture@14fa653e[Not completed]
2019-09-12 11:39:54,079 [pool-38-thread-1] INFO  impl.RaftServerImpl (RaftServerImpl.java:<init>(93)) - 1d44087f-ac8e-4e5c-8d8f-c977d94470a7: new RaftServerImpl for group-B54B015693CD:[1d44087f-ac8e-4e5c-8d8f-c977d94470a7:192.168.36.114:39712] with ContainerStateMachine:uninitialized
2019-09-12 11:39:54,079 [pool-38-thread-1] INFO  server.RaftServerConfigKeys (ConfUtils.java:logGet(43)) - raft.server.rpc.timeout.min = 5s (custom)
2019-09-12 11:39:54,079 [pool-38-thread-1] INFO  server.RaftServerConfigKeys (ConfUtils.java:logGet(43)) - raft.server.rpc.timeout.max = 5200ms (custom)
2019-09-12 11:39:54,079 [pool-38-thread-1] INFO  server.RaftServerConfigKeys (ConfUtils.java:logGet(43)) - raft.server.rpcslowness.timeout = 120s (custom)
2019-09-12 11:39:54,079 [pool-38-thread-1] INFO  server.RaftServerConfigKeys (ConfUtils.java:logGet(43)) - raft.server.sleep.deviation.threshold = 300 (default)
2019-09-12 11:39:54,079 [pool-38-thread-1] INFO  server.RaftServerConfigKeys (ConfUtils.java:logGet(43)) - raft.server.log.appender.install.snapshot.enabled = false (custom)
2019-09-12 11:39:54,080 [pool-38-thread-1] INFO  impl.RaftServerImpl (ServerState.java:<init>(105)) - 1d44087f-ac8e-4e5c-8d8f-c977d94470a7:group-B54B015693CD ConfigurationManager, init=-1: [1d44087f-ac8e-4e5c-8d8f-c977d94470a7:192.168.36.114:39712], old=null, confs=<EMPTY_MAP>
2019-09-12 11:39:54,080 [pool-38-thread-1] INFO  server.RaftServerConfigKeys (ConfUtils.java:logGet(43)) - raft.server.storage.dir = [/workdir/hadoop-ozone/ozonefs/target/test-dir/MiniOzoneClusterImpl-1d2bae73-2f79-49ab-b814-65dedb85297e/datanode-1/data/ratis] (custom)
2019-09-12 11:39:54,080 [pool-38-thread-1] INFO  storage.RaftStorageDirectory (RaftStorageDirectory.java:analyzeStorage(246)) - The storage directory /workdir/hadoop-ozone/ozonefs/target/test-dir/MiniOzoneClusterImpl-1d2bae73-2f79-49ab-b814-65dedb85297e/datanode-1/data/ratis/042edf6d-9149-4ae1-b0f1-b54b015693cd does not exist. Creating ...
2019-09-12 11:39:54,093 [pool-38-thread-1] INFO  storage.RaftStorageDirectory (RaftStorageDirectory.java:tryLock(328)) - Lock on /workdir/hadoop-ozone/ozonefs/target/test-dir/MiniOzoneClusterImpl-1d2bae73-2f79-49ab-b814-65dedb85297e/datanode-1/data/ratis/042edf6d-9149-4ae1-b0f1-b54b015693cd/in_use.lock acquired by nodename 3232@pr-hdds-1569-58hkm-1881083799
2019-09-12 11:39:54,097 | INFO  | SCMAudit | user=jenkins1000 | ip=192.168.36.114 | op=SEND_HEARTBEAT {datanodeUUID=9054a02d-1441-493c-bc6a-96f26a20f7c1, command=[]} | ret=SUCCESS |  
2019-09-12 11:39:54,106 [pool-38-thread-1] INFO  storage.RaftStorage (RaftStorage.java:format(72)) - Storage directory /workdir/hadoop-ozone/ozonefs/target/test-dir/MiniOzoneClusterImpl-1d2bae73-2f79-49ab-b814-65dedb85297e/datanode-1/data/ratis/042edf6d-9149-4ae1-b0f1-b54b015693cd has been successfully formatted.
2019-09-12 11:39:54,106 [pool-38-thread-1] INFO  ratis.ContainerStateMachine (ContainerStateMachine.java:loadSnapshot(226)) - group-B54B015693CD: The snapshot info is null. Setting the last applied indexto:(t:0, i:~)
2019-09-12 11:39:54,107 [pool-38-thread-1] INFO  server.RaftServerConfigKeys (ConfUtils.java:logGet(43)) - raft.server.leader.election.timeout = 120s (custom)
2019-09-12 11:39:54,107 [pool-38-thread-1] INFO  server.RaftServerConfigKeys (ConfUtils.java:logGet(43)) - raft.server.log.use.memory = false (default)
2019-09-12 11:39:54,107 [pool-38-thread-1] INFO  server.RaftServerConfigKeys (ConfUtils.java:logGet(43)) - raft.server.log.purge.gap = 1000000 (custom)
2019-09-12 11:39:54,107 [pool-38-thread-1] INFO  server.RaftServerConfigKeys (ConfUtils.java:logGet(43)) - raft.server.log.appender.buffer.byte-limit = 33554432 (custom)
2019-09-12 11:39:54,107 [pool-38-thread-1] INFO  server.RaftServerConfigKeys (ConfUtils.java:logGet(43)) - raft.server.log.segment.size.max = 1048576 (custom)
2019-09-12 11:39:54,107 [pool-38-thread-1] INFO  server.RaftServerConfigKeys (ConfUtils.java:logGet(43)) - raft.server.log.segment.cache.num.max = 2 (custom)
2019-09-12 11:39:54,108 [pool-38-thread-1] INFO  segmented.SegmentedRaftLogWorker (SegmentedRaftLogWorker.java:<init>(172)) - new 1d44087f-ac8e-4e5c-8d8f-c977d94470a7-SegmentedRaftLogWorker:Storage Directory /workdir/hadoop-ozone/ozonefs/target/test-dir/MiniOzoneClusterImpl-1d2bae73-2f79-49ab-b814-65dedb85297e/datanode-1/data/ratis/042edf6d-9149-4ae1-b0f1-b54b015693cd for RaftStorage:Storage Directory /workdir/hadoop-ozone/ozonefs/target/test-dir/MiniOzoneClusterImpl-1d2bae73-2f79-49ab-b814-65dedb85297e/datanode-1/data/ratis/042edf6d-9149-4ae1-b0f1-b54b015693cd
2019-09-12 11:39:54,108 [pool-38-thread-1] INFO  server.RaftServerConfigKeys (ConfUtils.java:logGet(43)) - raft.server.log.queue.byte-limit = 2147483647 (custom)
2019-09-12 11:39:54,108 [pool-38-thread-1] INFO  server.RaftServerConfigKeys (ConfUtils.java:logGet(43)) - raft.server.log.queue.element-limit = 1024 (custom)
2019-09-12 11:39:54,108 [pool-38-thread-1] INFO  server.RaftServerConfigKeys (ConfUtils.java:logGet(43)) - raft.server.log.segment.size.max = 1048576 (custom)
2019-09-12 11:39:54,108 [pool-38-thread-1] INFO  server.RaftServerConfigKeys (ConfUtils.java:logGet(43)) - raft.server.log.preallocated.size = 16384 (custom)
2019-09-12 11:39:54,109 [pool-38-thread-1] INFO  server.RaftServerConfigKeys (ConfUtils.java:logGet(43)) - raft.server.log.write.buffer.size = 33554432 (custom)
2019-09-12 11:39:54,109 [pool-38-thread-1] INFO  server.RaftServerConfigKeys (ConfUtils.java:logGet(43)) - raft.server.log.force.sync.num = 128 (default)
2019-09-12 11:39:54,109 [pool-38-thread-1] INFO  server.RaftServerConfigKeys (ConfUtils.java:logGet(43)) - raft.server.log.statemachine.data.sync = true (default)
2019-09-12 11:39:54,109 [pool-38-thread-1] INFO  server.RaftServerConfigKeys (ConfUtils.java:logGet(43)) - raft.server.log.statemachine.data.sync.timeout = 10s (default)
2019-09-12 11:39:54,109 [pool-38-thread-1] INFO  server.RaftServerConfigKeys (ConfUtils.java:logGet(43)) - raft.server.log.statemachine.data.sync.timeout.retry = -1 (default)
2019-09-12 11:39:54,109 [pool-38-thread-1] INFO  server.RaftServerConfigKeys (ConfUtils.java:logGet(43)) - raft.server.log.statemachine.data.caching.enabled = true (custom)
2019-09-12 11:39:54,110 [pool-38-thread-1] INFO  segmented.SegmentedRaftLogWorker (SegmentedRaftLogWorker.java:lambda$new$0(132)) - 1d44087f-ac8e-4e5c-8d8f-c977d94470a7-SegmentedRaftLogWorker:Storage Directory /workdir/hadoop-ozone/ozonefs/target/test-dir/MiniOzoneClusterImpl-1d2bae73-2f79-49ab-b814-65dedb85297e/datanode-1/data/ratis/042edf6d-9149-4ae1-b0f1-b54b015693cd: flushIndex: setUnconditionally 0 -> -1
2019-09-12 11:39:54,110 [pool-38-thread-1] INFO  server.RaftServerConfigKeys (ConfUtils.java:logGet(43)) - raft.server.snapshot.auto.trigger.enabled = true (custom)
2019-09-12 11:39:54,110 [pool-38-thread-1] INFO  server.RaftServerConfigKeys (ConfUtils.java:logGet(43)) - raft.server.snapshot.auto.trigger.threshold = 10000 (custom)
2019-09-12 11:39:54,111 [pool-38-thread-1] INFO  server.RaftServerConfigKeys (ConfUtils.java:logGet(43)) - raft.server.retrycache.expirytime = 600000ms (custom)
2019-09-12 11:39:54,111 [pool-38-thread-1] INFO  impl.RaftServerImpl (RaftServerImpl.java:start(180)) - 1d44087f-ac8e-4e5c-8d8f-c977d94470a7: start group-B54B015693CD
2019-09-12 11:39:54,111 [pool-38-thread-1] INFO  impl.RaftServerImpl (RaftServerImpl.java:setRole(171)) - 1d44087f-ac8e-4e5c-8d8f-c977d94470a7:group-B54B015693CD changes role from null to FOLLOWER at term 0 for startAsFollower
2019-09-12 11:39:54,111 [pool-38-thread-1] INFO  impl.RoleInfo (RoleInfo.java:updateAndGet(143)) - 1d44087f-ac8e-4e5c-8d8f-c977d94470a7: start FollowerState
2019-09-12 11:39:54,112 [pool-38-thread-1] INFO  util.JmxRegister (JmxRegister.java:tryRegister(44)) - Successfully registered JMX Bean with object name Ratis:service=RaftServer,group=group-B54B015693CD,id=1d44087f-ac8e-4e5c-8d8f-c977d94470a7
2019-09-12 11:39:54,117 [RatisPipelineUtilsThread] INFO  pipeline.PipelineStateManager (PipelineStateManager.java:addPipeline(56)) - Created pipeline Pipeline[ Id: 042edf6d-9149-4ae1-b0f1-b54b015693cd, Nodes: 1d44087f-ac8e-4e5c-8d8f-c977d94470a7{ip: 192.168.36.114, host: pr-hdds-1569-58hkm-1881083799, networkLocation: /default-rack, certSerialId: null}, Type:RATIS, Factor:ONE, State:OPEN]
2019-09-12 11:39:54,118 [RatisPipelineUtilsThread] ERROR pipeline.PipelinePlacementPolicy (PipelinePlacementPolicy.java:meetCriteria(92)) - Pipeline Placement: Doesn't meet the criteria to be viable node. Heaviness: 6
2019-09-12 11:39:54,119 [RatisPipelineUtilsThread] ERROR pipeline.PipelinePlacementPolicy (PipelinePlacementPolicy.java:meetCriteria(92)) - Pipeline Placement: Doesn't meet the criteria to be viable node. Heaviness: 6
2019-09-12 11:39:54,119 [RatisPipelineUtilsThread] ERROR pipeline.PipelinePlacementPolicy (PipelinePlacementPolicy.java:meetCriteria(92)) - Pipeline Placement: Doesn't meet the criteria to be viable node. Heaviness: 6
2019-09-12 11:39:54,119 [RatisPipelineUtilsThread] ERROR pipeline.PipelinePlacementPolicy (PipelinePlacementPolicy.java:meetCriteria(92)) - Pipeline Placement: Doesn't meet the criteria to be viable node. Heaviness: 6
2019-09-12 11:39:54,129 [grpc-default-executor-0] INFO  impl.RaftServerProxy (RaftServerProxy.java:addNew(89)) - ff770026-5750-4ac2-9a63-7739260f4b5e: addNew group-8A5D1F630440:[ff770026-5750-4ac2-9a63-7739260f4b5e:192.168.36.114:45258] returns group-8A5D1F630440:java.util.concurrent.CompletableFuture@7a26d52d[Not completed]
2019-09-12 11:39:54,130 [pool-60-thread-1] INFO  impl.RaftServerImpl (RaftServerImpl.java:<init>(93)) - ff770026-5750-4ac2-9a63-7739260f4b5e: new RaftServerImpl for group-8A5D1F630440:[ff770026-5750-4ac2-9a63-7739260f4b5e:192.168.36.114:45258] with ContainerStateMachine:uninitialized
2019-09-12 11:39:54,131 [pool-60-thread-1] INFO  server.RaftServerConfigKeys (ConfUtils.java:logGet(43)) - raft.server.rpc.timeout.min = 5s (custom)
2019-09-12 11:39:54,131 [pool-60-thread-1] INFO  server.RaftServerConfigKeys (ConfUtils.java:logGet(43)) - raft.server.rpc.timeout.max = 5200ms (custom)
2019-09-12 11:39:54,131 [pool-60-thread-1] INFO  server.RaftServerConfigKeys (ConfUtils.java:logGet(43)) - raft.server.rpcslowness.timeout = 120s (custom)
2019-09-12 11:39:54,131 [pool-60-thread-1] INFO  server.RaftServerConfigKeys (ConfUtils.java:logGet(43)) - raft.server.sleep.deviation.threshold = 300 (default)
2019-09-12 11:39:54,131 [pool-60-thread-1] INFO  server.RaftServerConfigKeys (ConfUtils.java:logGet(43)) - raft.server.log.appender.install.snapshot.enabled = false (custom)
2019-09-12 11:39:54,131 [pool-60-thread-1] INFO  impl.RaftServerImpl (ServerState.java:<init>(105)) - ff770026-5750-4ac2-9a63-7739260f4b5e:group-8A5D1F630440 ConfigurationManager, init=-1: [ff770026-5750-4ac2-9a63-7739260f4b5e:192.168.36.114:45258], old=null, confs=<EMPTY_MAP>
2019-09-12 11:39:54,132 [pool-60-thread-1] INFO  server.RaftServerConfigKeys (ConfUtils.java:logGet(43)) - raft.server.storage.dir = [/workdir/hadoop-ozone/ozonefs/target/test-dir/MiniOzoneClusterImpl-1d2bae73-2f79-49ab-b814-65dedb85297e/datanode-3/data/ratis] (custom)
2019-09-12 11:39:54,132 [pool-60-thread-1] INFO  storage.RaftStorageDirectory (RaftStorageDirectory.java:analyzeStorage(246)) - The storage directory /workdir/hadoop-ozone/ozonefs/target/test-dir/MiniOzoneClusterImpl-1d2bae73-2f79-49ab-b814-65dedb85297e/datanode-3/data/ratis/9d6d1a26-4d0e-409c-ab51-8a5d1f630440 does not exist. Creating ...
2019-09-12 11:39:54,145 [pool-60-thread-1] INFO  storage.RaftStorageDirectory (RaftStorageDirectory.java:tryLock(328)) - Lock on /workdir/hadoop-ozone/ozonefs/target/test-dir/MiniOzoneClusterImpl-1d2bae73-2f79-49ab-b814-65dedb85297e/datanode-3/data/ratis/9d6d1a26-4d0e-409c-ab51-8a5d1f630440/in_use.lock acquired by nodename 3232@pr-hdds-1569-58hkm-1881083799
2019-09-12 11:39:54,158 [pool-60-thread-1] INFO  storage.RaftStorage (RaftStorage.java:format(72)) - Storage directory /workdir/hadoop-ozone/ozonefs/target/test-dir/MiniOzoneClusterImpl-1d2bae73-2f79-49ab-b814-65dedb85297e/datanode-3/data/ratis/9d6d1a26-4d0e-409c-ab51-8a5d1f630440 has been successfully formatted.
2019-09-12 11:39:54,158 [pool-60-thread-1] INFO  ratis.ContainerStateMachine (ContainerStateMachine.java:loadSnapshot(226)) - group-8A5D1F630440: The snapshot info is null. Setting the last applied indexto:(t:0, i:~)
2019-09-12 11:39:54,158 [pool-60-thread-1] INFO  server.RaftServerConfigKeys (ConfUtils.java:logGet(43)) - raft.server.leader.election.timeout = 120s (custom)
2019-09-12 11:39:54,158 [pool-60-thread-1] INFO  server.RaftServerConfigKeys (ConfUtils.java:logGet(43)) - raft.server.log.use.memory = false (default)
2019-09-12 11:39:54,159 [pool-60-thread-1] INFO  server.RaftServerConfigKeys (ConfUtils.java:logGet(43)) - raft.server.log.purge.gap = 1000000 (custom)
2019-09-12 11:39:54,159 [pool-60-thread-1] INFO  server.RaftServerConfigKeys (ConfUtils.java:logGet(43)) - raft.server.log.appender.buffer.byte-limit = 33554432 (custom)
2019-09-12 11:39:54,159 [pool-60-thread-1] INFO  server.RaftServerConfigKeys (ConfUtils.java:logGet(43)) - raft.server.log.segment.size.max = 1048576 (custom)
2019-09-12 11:39:54,159 [pool-60-thread-1] INFO  server.RaftServerConfigKeys (ConfUtils.java:logGet(43)) - raft.server.log.segment.cache.num.max = 2 (custom)
2019-09-12 11:39:54,159 [pool-60-thread-1] INFO  segmented.SegmentedRaftLogWorker (SegmentedRaftLogWorker.java:<init>(172)) - new ff770026-5750-4ac2-9a63-7739260f4b5e-SegmentedRaftLogWorker:Storage Directory /workdir/hadoop-ozone/ozonefs/target/test-dir/MiniOzoneClusterImpl-1d2bae73-2f79-49ab-b814-65dedb85297e/datanode-3/data/ratis/9d6d1a26-4d0e-409c-ab51-8a5d1f630440 for RaftStorage:Storage Directory /workdir/hadoop-ozone/ozonefs/target/test-dir/MiniOzoneClusterImpl-1d2bae73-2f79-49ab-b814-65dedb85297e/datanode-3/data/ratis/9d6d1a26-4d0e-409c-ab51-8a5d1f630440
2019-09-12 11:39:54,159 [pool-60-thread-1] INFO  server.RaftServerConfigKeys (ConfUtils.java:logGet(43)) - raft.server.log.queue.byte-limit = 2147483647 (custom)
2019-09-12 11:39:54,159 [pool-60-thread-1] INFO  server.RaftServerConfigKeys (ConfUtils.java:logGet(43)) - raft.server.log.queue.element-limit = 1024 (custom)
2019-09-12 11:39:54,160 [pool-60-thread-1] INFO  server.RaftServerConfigKeys (ConfUtils.java:logGet(43)) - raft.server.log.segment.size.max = 1048576 (custom)
2019-09-12 11:39:54,160 [pool-60-thread-1] INFO  server.RaftServerConfigKeys (ConfUtils.java:logGet(43)) - raft.server.log.preallocated.size = 16384 (custom)
2019-09-12 11:39:54,160 [pool-60-thread-1] INFO  server.RaftServerConfigKeys (ConfUtils.java:logGet(43)) - raft.server.log.write.buffer.size = 33554432 (custom)
2019-09-12 11:39:54,160 [pool-60-thread-1] INFO  server.RaftServerConfigKeys (ConfUtils.java:logGet(43)) - raft.server.log.force.sync.num = 128 (default)
2019-09-12 11:39:54,160 [pool-60-thread-1] INFO  server.RaftServerConfigKeys (ConfUtils.java:logGet(43)) - raft.server.log.statemachine.data.sync = true (default)
2019-09-12 11:39:54,160 [pool-60-thread-1] INFO  server.RaftServerConfigKeys (ConfUtils.java:logGet(43)) - raft.server.log.statemachine.data.sync.timeout = 10s (default)
2019-09-12 11:39:54,160 [pool-60-thread-1] INFO  server.RaftServerConfigKeys (ConfUtils.java:logGet(43)) - raft.server.log.statemachine.data.sync.timeout.retry = -1 (default)
2019-09-12 11:39:54,161 [pool-60-thread-1] INFO  server.RaftServerConfigKeys (ConfUtils.java:logGet(43)) - raft.server.log.statemachine.data.caching.enabled = true (custom)
2019-09-12 11:39:54,161 [pool-60-thread-1] INFO  segmented.SegmentedRaftLogWorker (SegmentedRaftLogWorker.java:lambda$new$0(132)) - ff770026-5750-4ac2-9a63-7739260f4b5e-SegmentedRaftLogWorker:Storage Directory /workdir/hadoop-ozone/ozonefs/target/test-dir/MiniOzoneClusterImpl-1d2bae73-2f79-49ab-b814-65dedb85297e/datanode-3/data/ratis/9d6d1a26-4d0e-409c-ab51-8a5d1f630440: flushIndex: setUnconditionally 0 -> -1
2019-09-12 11:39:54,161 [pool-60-thread-1] INFO  server.RaftServerConfigKeys (ConfUtils.java:logGet(43)) - raft.server.snapshot.auto.trigger.enabled = true (custom)
2019-09-12 11:39:54,161 [pool-60-thread-1] INFO  server.RaftServerConfigKeys (ConfUtils.java:logGet(43)) - raft.server.snapshot.auto.trigger.threshold = 10000 (custom)
2019-09-12 11:39:54,162 [pool-60-thread-1] INFO  server.RaftServerConfigKeys (ConfUtils.java:logGet(43)) - raft.server.retrycache.expirytime = 600000ms (custom)
2019-09-12 11:39:54,162 [pool-60-thread-1] INFO  impl.RaftServerImpl (RaftServerImpl.java:start(180)) - ff770026-5750-4ac2-9a63-7739260f4b5e: start group-8A5D1F630440
2019-09-12 11:39:54,162 [pool-60-thread-1] INFO  impl.RaftServerImpl (RaftServerImpl.java:setRole(171)) - ff770026-5750-4ac2-9a63-7739260f4b5e:group-8A5D1F630440 changes role from null to FOLLOWER at term 0 for startAsFollower
2019-09-12 11:39:54,162 [pool-60-thread-1] INFO  impl.RoleInfo (RoleInfo.java:updateAndGet(143)) - ff770026-5750-4ac2-9a63-7739260f4b5e: start FollowerState
2019-09-12 11:39:54,163 [pool-60-thread-1] INFO  util.JmxRegister (JmxRegister.java:tryRegister(44)) - Successfully registered JMX Bean with object name Ratis:service=RaftServer,group=group-8A5D1F630440,id=ff770026-5750-4ac2-9a63-7739260f4b5e
2019-09-12 11:39:54,168 [RatisPipelineUtilsThread] INFO  pipeline.PipelineStateManager (PipelineStateManager.java:addPipeline(56)) - Created pipeline Pipeline[ Id: 9d6d1a26-4d0e-409c-ab51-8a5d1f630440, Nodes: ff770026-5750-4ac2-9a63-7739260f4b5e{ip: 192.168.36.114, host: pr-hdds-1569-58hkm-1881083799, networkLocation: /default-rack, certSerialId: null}, Type:RATIS, Factor:ONE, State:OPEN]
2019-09-12 11:39:54,170 [RatisPipelineUtilsThread] ERROR pipeline.PipelinePlacementPolicy (PipelinePlacementPolicy.java:meetCriteria(92)) - Pipeline Placement: Doesn't meet the criteria to be viable node. Heaviness: 6
2019-09-12 11:39:54,170 [RatisPipelineUtilsThread] ERROR pipeline.PipelinePlacementPolicy (PipelinePlacementPolicy.java:meetCriteria(92)) - Pipeline Placement: Doesn't meet the criteria to be viable node. Heaviness: 6
2019-09-12 11:39:54,170 [RatisPipelineUtilsThread] ERROR pipeline.PipelinePlacementPolicy (PipelinePlacementPolicy.java:meetCriteria(92)) - Pipeline Placement: Doesn't meet the criteria to be viable node. Heaviness: 6
2019-09-12 11:39:54,171 [RatisPipelineUtilsThread] ERROR pipeline.PipelinePlacementPolicy (PipelinePlacementPolicy.java:meetCriteria(92)) - Pipeline Placement: Doesn't meet the criteria to be viable node. Heaviness: 6
2019-09-12 11:39:54,181 [grpc-default-executor-0] INFO  impl.RaftServerProxy (RaftServerProxy.java:addNew(89)) - ff770026-5750-4ac2-9a63-7739260f4b5e: addNew group-5DB7FC03160B:[ff770026-5750-4ac2-9a63-7739260f4b5e:192.168.36.114:45258] returns group-5DB7FC03160B:java.util.concurrent.CompletableFuture@56b6fe53[Not completed]
2019-09-12 11:39:54,182 [pool-60-thread-1] INFO  impl.RaftServerImpl (RaftServerImpl.java:<init>(93)) - ff770026-5750-4ac2-9a63-7739260f4b5e: new RaftServerImpl for group-5DB7FC03160B:[ff770026-5750-4ac2-9a63-7739260f4b5e:192.168.36.114:45258] with ContainerStateMachine:uninitialized
2019-09-12 11:39:54,182 [pool-60-thread-1] INFO  server.RaftServerConfigKeys (ConfUtils.java:logGet(43)) - raft.server.rpc.timeout.min = 5s (custom)
2019-09-12 11:39:54,183 [pool-60-thread-1] INFO  server.RaftServerConfigKeys (ConfUtils.java:logGet(43)) - raft.server.rpc.timeout.max = 5200ms (custom)
2019-09-12 11:39:54,183 [pool-60-thread-1] INFO  server.RaftServerConfigKeys (ConfUtils.java:logGet(43)) - raft.server.rpcslowness.timeout = 120s (custom)
2019-09-12 11:39:54,183 [pool-60-thread-1] INFO  server.RaftServerConfigKeys (ConfUtils.java:logGet(43)) - raft.server.sleep.deviation.threshold = 300 (default)
2019-09-12 11:39:54,183 [pool-60-thread-1] INFO  server.RaftServerConfigKeys (ConfUtils.java:logGet(43)) - raft.server.log.appender.install.snapshot.enabled = false (custom)
2019-09-12 11:39:54,183 [pool-60-thread-1] INFO  impl.RaftServerImpl (ServerState.java:<init>(105)) - ff770026-5750-4ac2-9a63-7739260f4b5e:group-5DB7FC03160B ConfigurationManager, init=-1: [ff770026-5750-4ac2-9a63-7739260f4b5e:192.168.36.114:45258], old=null, confs=<EMPTY_MAP>
2019-09-12 11:39:54,183 [pool-60-thread-1] INFO  server.RaftServerConfigKeys (ConfUtils.java:logGet(43)) - raft.server.storage.dir = [/workdir/hadoop-ozone/ozonefs/target/test-dir/MiniOzoneClusterImpl-1d2bae73-2f79-49ab-b814-65dedb85297e/datanode-3/data/ratis] (custom)
2019-09-12 11:39:54,184 [pool-60-thread-1] INFO  storage.RaftStorageDirectory (RaftStorageDirectory.java:analyzeStorage(246)) - The storage directory /workdir/hadoop-ozone/ozonefs/target/test-dir/MiniOzoneClusterImpl-1d2bae73-2f79-49ab-b814-65dedb85297e/datanode-3/data/ratis/1b95c9da-e325-41d2-8345-5db7fc03160b does not exist. Creating ...
2019-09-12 11:39:54,196 [pool-60-thread-1] INFO  storage.RaftStorageDirectory (RaftStorageDirectory.java:tryLock(328)) - Lock on /workdir/hadoop-ozone/ozonefs/target/test-dir/MiniOzoneClusterImpl-1d2bae73-2f79-49ab-b814-65dedb85297e/datanode-3/data/ratis/1b95c9da-e325-41d2-8345-5db7fc03160b/in_use.lock acquired by nodename 3232@pr-hdds-1569-58hkm-1881083799
2019-09-12 11:39:54,209 [pool-60-thread-1] INFO  storage.RaftStorage (RaftStorage.java:format(72)) - Storage directory /workdir/hadoop-ozone/ozonefs/target/test-dir/MiniOzoneClusterImpl-1d2bae73-2f79-49ab-b814-65dedb85297e/datanode-3/data/ratis/1b95c9da-e325-41d2-8345-5db7fc03160b has been successfully formatted.
2019-09-12 11:39:54,209 [pool-60-thread-1] INFO  ratis.ContainerStateMachine (ContainerStateMachine.java:loadSnapshot(226)) - group-5DB7FC03160B: The snapshot info is null. Setting the last applied indexto:(t:0, i:~)
2019-09-12 11:39:54,210 [pool-60-thread-1] INFO  server.RaftServerConfigKeys (ConfUtils.java:logGet(43)) - raft.server.leader.election.timeout = 120s (custom)
2019-09-12 11:39:54,210 [pool-60-thread-1] INFO  server.RaftServerConfigKeys (ConfUtils.java:logGet(43)) - raft.server.log.use.memory = false (default)
2019-09-12 11:39:54,210 [pool-60-thread-1] INFO  server.RaftServerConfigKeys (ConfUtils.java:logGet(43)) - raft.server.log.purge.gap = 1000000 (custom)
2019-09-12 11:39:54,210 [pool-60-thread-1] INFO  server.RaftServerConfigKeys (ConfUtils.java:logGet(43)) - raft.server.log.appender.buffer.byte-limit = 33554432 (custom)
2019-09-12 11:39:54,210 [pool-60-thread-1] INFO  server.RaftServerConfigKeys (ConfUtils.java:logGet(43)) - raft.server.log.segment.size.max = 1048576 (custom)
2019-09-12 11:39:54,210 [pool-60-thread-1] INFO  server.RaftServerConfigKeys (ConfUtils.java:logGet(43)) - raft.server.log.segment.cache.num.max = 2 (custom)
2019-09-12 11:39:54,211 [pool-60-thread-1] INFO  segmented.SegmentedRaftLogWorker (SegmentedRaftLogWorker.java:<init>(172)) - new ff770026-5750-4ac2-9a63-7739260f4b5e-SegmentedRaftLogWorker:Storage Directory /workdir/hadoop-ozone/ozonefs/target/test-dir/MiniOzoneClusterImpl-1d2bae73-2f79-49ab-b814-65dedb85297e/datanode-3/data/ratis/1b95c9da-e325-41d2-8345-5db7fc03160b for RaftStorage:Storage Directory /workdir/hadoop-ozone/ozonefs/target/test-dir/MiniOzoneClusterImpl-1d2bae73-2f79-49ab-b814-65dedb85297e/datanode-3/data/ratis/1b95c9da-e325-41d2-8345-5db7fc03160b
2019-09-12 11:39:54,211 [pool-60-thread-1] INFO  server.RaftServerConfigKeys (ConfUtils.java:logGet(43)) - raft.server.log.queue.byte-limit = 2147483647 (custom)
2019-09-12 11:39:54,211 [pool-60-thread-1] INFO  server.RaftServerConfigKeys (ConfUtils.java:logGet(43)) - raft.server.log.queue.element-limit = 1024 (custom)
2019-09-12 11:39:54,211 [pool-60-thread-1] INFO  server.RaftServerConfigKeys (ConfUtils.java:logGet(43)) - raft.server.log.segment.size.max = 1048576 (custom)
2019-09-12 11:39:54,211 [pool-60-thread-1] INFO  server.RaftServerConfigKeys (ConfUtils.java:logGet(43)) - raft.server.log.preallocated.size = 16384 (custom)
2019-09-12 11:39:54,211 [pool-60-thread-1] INFO  server.RaftServerConfigKeys (ConfUtils.java:logGet(43)) - raft.server.log.write.buffer.size = 33554432 (custom)
2019-09-12 11:39:54,212 [pool-60-thread-1] INFO  server.RaftServerConfigKeys (ConfUtils.java:logGet(43)) - raft.server.log.force.sync.num = 128 (default)
2019-09-12 11:39:54,212 [pool-60-thread-1] INFO  server.RaftServerConfigKeys (ConfUtils.java:logGet(43)) - raft.server.log.statemachine.data.sync = true (default)
2019-09-12 11:39:54,212 [pool-60-thread-1] INFO  server.RaftServerConfigKeys (ConfUtils.java:logGet(43)) - raft.server.log.statemachine.data.sync.timeout = 10s (default)
2019-09-12 11:39:54,212 [pool-60-thread-1] INFO  server.RaftServerConfigKeys (ConfUtils.java:logGet(43)) - raft.server.log.statemachine.data.sync.timeout.retry = -1 (default)
2019-09-12 11:39:54,212 [pool-60-thread-1] INFO  server.RaftServerConfigKeys (ConfUtils.java:logGet(43)) - raft.server.log.statemachine.data.caching.enabled = true (custom)
2019-09-12 11:39:54,213 [pool-60-thread-1] INFO  segmented.SegmentedRaftLogWorker (SegmentedRaftLogWorker.java:lambda$new$0(132)) - ff770026-5750-4ac2-9a63-7739260f4b5e-SegmentedRaftLogWorker:Storage Directory /workdir/hadoop-ozone/ozonefs/target/test-dir/MiniOzoneClusterImpl-1d2bae73-2f79-49ab-b814-65dedb85297e/datanode-3/data/ratis/1b95c9da-e325-41d2-8345-5db7fc03160b: flushIndex: setUnconditionally 0 -> -1
2019-09-12 11:39:54,213 [pool-60-thread-1] INFO  server.RaftServerConfigKeys (ConfUtils.java:logGet(43)) - raft.server.snapshot.auto.trigger.enabled = true (custom)
2019-09-12 11:39:54,213 [pool-60-thread-1] INFO  server.RaftServerConfigKeys (ConfUtils.java:logGet(43)) - raft.server.snapshot.auto.trigger.threshold = 10000 (custom)
2019-09-12 11:39:54,213 [pool-60-thread-1] INFO  server.RaftServerConfigKeys (ConfUtils.java:logGet(43)) - raft.server.retrycache.expirytime = 600000ms (custom)
2019-09-12 11:39:54,214 [pool-60-thread-1] INFO  impl.RaftServerImpl (RaftServerImpl.java:start(180)) - ff770026-5750-4ac2-9a63-7739260f4b5e: start group-5DB7FC03160B
2019-09-12 11:39:54,214 [pool-60-thread-1] INFO  impl.RaftServerImpl (RaftServerImpl.java:setRole(171)) - ff770026-5750-4ac2-9a63-7739260f4b5e:group-5DB7FC03160B changes role from null to FOLLOWER at term 0 for startAsFollower
2019-09-12 11:39:54,214 [pool-60-thread-1] INFO  impl.RoleInfo (RoleInfo.java:updateAndGet(143)) - ff770026-5750-4ac2-9a63-7739260f4b5e: start FollowerState
2019-09-12 11:39:54,214 [pool-60-thread-1] INFO  util.JmxRegister (JmxRegister.java:tryRegister(44)) - Successfully registered JMX Bean with object name Ratis:service=RaftServer,group=group-5DB7FC03160B,id=ff770026-5750-4ac2-9a63-7739260f4b5e
2019-09-12 11:39:54,219 [RatisPipelineUtilsThread] INFO  pipeline.PipelineStateManager (PipelineStateManager.java:addPipeline(56)) - Created pipeline Pipeline[ Id: 1b95c9da-e325-41d2-8345-5db7fc03160b, Nodes: ff770026-5750-4ac2-9a63-7739260f4b5e{ip: 192.168.36.114, host: pr-hdds-1569-58hkm-1881083799, networkLocation: /default-rack, certSerialId: null}, Type:RATIS, Factor:ONE, State:OPEN]
2019-09-12 11:39:54,221 [RatisPipelineUtilsThread] ERROR pipeline.PipelinePlacementPolicy (PipelinePlacementPolicy.java:meetCriteria(92)) - Pipeline Placement: Doesn't meet the criteria to be viable node. Heaviness: 6
2019-09-12 11:39:54,221 [RatisPipelineUtilsThread] ERROR pipeline.PipelinePlacementPolicy (PipelinePlacementPolicy.java:meetCriteria(92)) - Pipeline Placement: Doesn't meet the criteria to be viable node. Heaviness: 6
2019-09-12 11:39:54,221 [RatisPipelineUtilsThread] ERROR pipeline.PipelinePlacementPolicy (PipelinePlacementPolicy.java:meetCriteria(92)) - Pipeline Placement: Doesn't meet the criteria to be viable node. Heaviness: 6
2019-09-12 11:39:54,222 [RatisPipelineUtilsThread] ERROR pipeline.PipelinePlacementPolicy (PipelinePlacementPolicy.java:meetCriteria(92)) - Pipeline Placement: Doesn't meet the criteria to be viable node. Heaviness: 6
2019-09-12 11:39:54,231 [grpc-default-executor-0] INFO  impl.RaftServerProxy (RaftServerProxy.java:addNew(89)) - ff770026-5750-4ac2-9a63-7739260f4b5e: addNew group-74B33F7D4EFB:[ff770026-5750-4ac2-9a63-7739260f4b5e:192.168.36.114:45258] returns group-74B33F7D4EFB:java.util.concurrent.CompletableFuture@1eff6dff[Not completed]
2019-09-12 11:39:54,232 [pool-60-thread-1] INFO  impl.RaftServerImpl (RaftServerImpl.java:<init>(93)) - ff770026-5750-4ac2-9a63-7739260f4b5e: new RaftServerImpl for group-74B33F7D4EFB:[ff770026-5750-4ac2-9a63-7739260f4b5e:192.168.36.114:45258] with ContainerStateMachine:uninitialized
2019-09-12 11:39:54,232 [pool-60-thread-1] INFO  server.RaftServerConfigKeys (ConfUtils.java:logGet(43)) - raft.server.rpc.timeout.min = 5s (custom)
2019-09-12 11:39:54,232 [pool-60-thread-1] INFO  server.RaftServerConfigKeys (ConfUtils.java:logGet(43)) - raft.server.rpc.timeout.max = 5200ms (custom)
2019-09-12 11:39:54,233 [pool-60-thread-1] INFO  server.RaftServerConfigKeys (ConfUtils.java:logGet(43)) - raft.server.rpcslowness.timeout = 120s (custom)
2019-09-12 11:39:54,233 [pool-60-thread-1] INFO  server.RaftServerConfigKeys (ConfUtils.java:logGet(43)) - raft.server.sleep.deviation.threshold = 300 (default)
2019-09-12 11:39:54,233 [pool-60-thread-1] INFO  server.RaftServerConfigKeys (ConfUtils.java:logGet(43)) - raft.server.log.appender.install.snapshot.enabled = false (custom)
2019-09-12 11:39:54,233 [pool-60-thread-1] INFO  impl.RaftServerImpl (ServerState.java:<init>(105)) - ff770026-5750-4ac2-9a63-7739260f4b5e:group-74B33F7D4EFB ConfigurationManager, init=-1: [ff770026-5750-4ac2-9a63-7739260f4b5e:192.168.36.114:45258], old=null, confs=<EMPTY_MAP>
2019-09-12 11:39:54,233 [pool-60-thread-1] INFO  server.RaftServerConfigKeys (ConfUtils.java:logGet(43)) - raft.server.storage.dir = [/workdir/hadoop-ozone/ozonefs/target/test-dir/MiniOzoneClusterImpl-1d2bae73-2f79-49ab-b814-65dedb85297e/datanode-3/data/ratis] (custom)
2019-09-12 11:39:54,234 [pool-60-thread-1] INFO  storage.RaftStorageDirectory (RaftStorageDirectory.java:analyzeStorage(246)) - The storage directory /workdir/hadoop-ozone/ozonefs/target/test-dir/MiniOzoneClusterImpl-1d2bae73-2f79-49ab-b814-65dedb85297e/datanode-3/data/ratis/71e4014a-5865-4965-9ff8-74b33f7d4efb does not exist. Creating ...
2019-09-12 11:39:54,247 [pool-60-thread-1] INFO  storage.RaftStorageDirectory (RaftStorageDirectory.java:tryLock(328)) - Lock on /workdir/hadoop-ozone/ozonefs/target/test-dir/MiniOzoneClusterImpl-1d2bae73-2f79-49ab-b814-65dedb85297e/datanode-3/data/ratis/71e4014a-5865-4965-9ff8-74b33f7d4efb/in_use.lock acquired by nodename 3232@pr-hdds-1569-58hkm-1881083799
2019-09-12 11:39:54,260 | INFO  | SCMAudit | user=jenkins1000 | ip=192.168.36.114 | op=SEND_HEARTBEAT {datanodeUUID=1d44087f-ac8e-4e5c-8d8f-c977d94470a7, command=[]} | ret=SUCCESS |  
2019-09-12 11:39:54,261 [pool-60-thread-1] INFO  storage.RaftStorage (RaftStorage.java:format(72)) - Storage directory /workdir/hadoop-ozone/ozonefs/target/test-dir/MiniOzoneClusterImpl-1d2bae73-2f79-49ab-b814-65dedb85297e/datanode-3/data/ratis/71e4014a-5865-4965-9ff8-74b33f7d4efb has been successfully formatted.
2019-09-12 11:39:54,261 [pool-60-thread-1] INFO  ratis.ContainerStateMachine (ContainerStateMachine.java:loadSnapshot(226)) - group-74B33F7D4EFB: The snapshot info is null. Setting the last applied indexto:(t:0, i:~)
2019-09-12 11:39:54,262 [pool-60-thread-1] INFO  server.RaftServerConfigKeys (ConfUtils.java:logGet(43)) - raft.server.leader.election.timeout = 120s (custom)
2019-09-12 11:39:54,262 [pool-60-thread-1] INFO  server.RaftServerConfigKeys (ConfUtils.java:logGet(43)) - raft.server.log.use.memory = false (default)
2019-09-12 11:39:54,262 [pool-60-thread-1] INFO  server.RaftServerConfigKeys (ConfUtils.java:logGet(43)) - raft.server.log.purge.gap = 1000000 (custom)
2019-09-12 11:39:54,262 [pool-60-thread-1] INFO  server.RaftServerConfigKeys (ConfUtils.java:logGet(43)) - raft.server.log.appender.buffer.byte-limit = 33554432 (custom)
2019-09-12 11:39:54,262 [pool-60-thread-1] INFO  server.RaftServerConfigKeys (ConfUtils.java:logGet(43)) - raft.server.log.segment.size.max = 1048576 (custom)
2019-09-12 11:39:54,262 [pool-60-thread-1] INFO  server.RaftServerConfigKeys (ConfUtils.java:logGet(43)) - raft.server.log.segment.cache.num.max = 2 (custom)
2019-09-12 11:39:54,262 [pool-60-thread-1] INFO  segmented.SegmentedRaftLogWorker (SegmentedRaftLogWorker.java:<init>(172)) - new ff770026-5750-4ac2-9a63-7739260f4b5e-SegmentedRaftLogWorker:Storage Directory /workdir/hadoop-ozone/ozonefs/target/test-dir/MiniOzoneClusterImpl-1d2bae73-2f79-49ab-b814-65dedb85297e/datanode-3/data/ratis/71e4014a-5865-4965-9ff8-74b33f7d4efb for RaftStorage:Storage Directory /workdir/hadoop-ozone/ozonefs/target/test-dir/MiniOzoneClusterImpl-1d2bae73-2f79-49ab-b814-65dedb85297e/datanode-3/data/ratis/71e4014a-5865-4965-9ff8-74b33f7d4efb
2019-09-12 11:39:54,263 [pool-60-thread-1] INFO  server.RaftServerConfigKeys (ConfUtils.java:logGet(43)) - raft.server.log.queue.byte-limit = 2147483647 (custom)
2019-09-12 11:39:54,263 [pool-60-thread-1] INFO  server.RaftServerConfigKeys (ConfUtils.java:logGet(43)) - raft.server.log.queue.element-limit = 1024 (custom)
2019-09-12 11:39:54,263 [pool-60-thread-1] INFO  server.RaftServerConfigKeys (ConfUtils.java:logGet(43)) - raft.server.log.segment.size.max = 1048576 (custom)
2019-09-12 11:39:54,263 [pool-60-thread-1] INFO  server.RaftServerConfigKeys (ConfUtils.java:logGet(43)) - raft.server.log.preallocated.size = 16384 (custom)
2019-09-12 11:39:54,263 [pool-60-thread-1] INFO  server.RaftServerConfigKeys (ConfUtils.java:logGet(43)) - raft.server.log.write.buffer.size = 33554432 (custom)
2019-09-12 11:39:54,263 [pool-60-thread-1] INFO  server.RaftServerConfigKeys (ConfUtils.java:logGet(43)) - raft.server.log.force.sync.num = 128 (default)
2019-09-12 11:39:54,264 [pool-60-thread-1] INFO  server.RaftServerConfigKeys (ConfUtils.java:logGet(43)) - raft.server.log.statemachine.data.sync = true (default)
2019-09-12 11:39:54,264 [pool-60-thread-1] INFO  server.RaftServerConfigKeys (ConfUtils.java:logGet(43)) - raft.server.log.statemachine.data.sync.timeout = 10s (default)
2019-09-12 11:39:54,264 [pool-60-thread-1] INFO  server.RaftServerConfigKeys (ConfUtils.java:logGet(43)) - raft.server.log.statemachine.data.sync.timeout.retry = -1 (default)
2019-09-12 11:39:54,264 [pool-60-thread-1] INFO  server.RaftServerConfigKeys (ConfUtils.java:logGet(43)) - raft.server.log.statemachine.data.caching.enabled = true (custom)
2019-09-12 11:39:54,264 [pool-60-thread-1] INFO  segmented.SegmentedRaftLogWorker (SegmentedRaftLogWorker.java:lambda$new$0(132)) - ff770026-5750-4ac2-9a63-7739260f4b5e-SegmentedRaftLogWorker:Storage Directory /workdir/hadoop-ozone/ozonefs/target/test-dir/MiniOzoneClusterImpl-1d2bae73-2f79-49ab-b814-65dedb85297e/datanode-3/data/ratis/71e4014a-5865-4965-9ff8-74b33f7d4efb: flushIndex: setUnconditionally 0 -> -1
2019-09-12 11:39:54,265 [pool-60-thread-1] INFO  server.RaftServerConfigKeys (ConfUtils.java:logGet(43)) - raft.server.snapshot.auto.trigger.enabled = true (custom)
2019-09-12 11:39:54,265 [pool-60-thread-1] INFO  server.RaftServerConfigKeys (ConfUtils.java:logGet(43)) - raft.server.snapshot.auto.trigger.threshold = 10000 (custom)
2019-09-12 11:39:54,265 [pool-60-thread-1] INFO  server.RaftServerConfigKeys (ConfUtils.java:logGet(43)) - raft.server.retrycache.expirytime = 600000ms (custom)
2019-09-12 11:39:54,265 [pool-60-thread-1] INFO  impl.RaftServerImpl (RaftServerImpl.java:start(180)) - ff770026-5750-4ac2-9a63-7739260f4b5e: start group-74B33F7D4EFB
2019-09-12 11:39:54,265 [pool-60-thread-1] INFO  impl.RaftServerImpl (RaftServerImpl.java:setRole(171)) - ff770026-5750-4ac2-9a63-7739260f4b5e:group-74B33F7D4EFB changes role from null to FOLLOWER at term 0 for startAsFollower
2019-09-12 11:39:54,266 [pool-60-thread-1] INFO  impl.RoleInfo (RoleInfo.java:updateAndGet(143)) - ff770026-5750-4ac2-9a63-7739260f4b5e: start FollowerState
2019-09-12 11:39:54,266 [pool-60-thread-1] INFO  util.JmxRegister (JmxRegister.java:tryRegister(44)) - Successfully registered JMX Bean with object name Ratis:service=RaftServer,group=group-74B33F7D4EFB,id=ff770026-5750-4ac2-9a63-7739260f4b5e
2019-09-12 11:39:54,271 [RatisPipelineUtilsThread] INFO  pipeline.PipelineStateManager (PipelineStateManager.java:addPipeline(56)) - Created pipeline Pipeline[ Id: 71e4014a-5865-4965-9ff8-74b33f7d4efb, Nodes: ff770026-5750-4ac2-9a63-7739260f4b5e{ip: 192.168.36.114, host: pr-hdds-1569-58hkm-1881083799, networkLocation: /default-rack, certSerialId: null}, Type:RATIS, Factor:ONE, State:OPEN]
2019-09-12 11:39:54,273 [RatisPipelineUtilsThread] ERROR pipeline.PipelinePlacementPolicy (PipelinePlacementPolicy.java:meetCriteria(92)) - Pipeline Placement: Doesn't meet the criteria to be viable node. Heaviness: 6
2019-09-12 11:39:54,273 [RatisPipelineUtilsThread] ERROR pipeline.PipelinePlacementPolicy (PipelinePlacementPolicy.java:meetCriteria(92)) - Pipeline Placement: Doesn't meet the criteria to be viable node. Heaviness: 6
2019-09-12 11:39:54,273 [RatisPipelineUtilsThread] ERROR pipeline.PipelinePlacementPolicy (PipelinePlacementPolicy.java:meetCriteria(92)) - Pipeline Placement: Doesn't meet the criteria to be viable node. Heaviness: 6
2019-09-12 11:39:54,273 [RatisPipelineUtilsThread] ERROR pipeline.PipelinePlacementPolicy (PipelinePlacementPolicy.java:meetCriteria(92)) - Pipeline Placement: Doesn't meet the criteria to be viable node. Heaviness: 6
2019-09-12 11:39:54,273 [RatisPipelineUtilsThread] ERROR pipeline.PipelinePlacementPolicy (PipelinePlacementPolicy.java:meetCriteria(92)) - Pipeline Placement: Doesn't meet the criteria to be viable node. Heaviness: 6
2019-09-12 11:39:54,274 [RatisPipelineUtilsThread] ERROR pipeline.PipelinePlacementPolicy (PipelinePlacementPolicy.java:filterViableNodes(147)) - Unable to find enough nodes that meet the criteria that cannot engage in more than 5 pipelines. Nodes required: 1 Found: 0, healthy nodes count inNodeManager: 5.
2019-09-12 11:39:54,275 [RatisPipelineUtilsThread] ERROR pipeline.SCMPipelineManager (SCMPipelineManager.java:createPipeline(161)) - Pipeline creation failed due to exception: Unable to find enough nodes that meet the criteria that cannot engage in more than 5 pipelines. Nodes required: 1 Found: 0, healthy nodes count inNodeManager: 5.
2019-09-12 11:39:54,276 [RatisPipelineUtilsThread] ERROR pipeline.PipelinePlacementPolicy (PipelinePlacementPolicy.java:meetCriteria(92)) - Pipeline Placement: Doesn't meet the criteria to be viable node. Heaviness: 6
2019-09-12 11:39:54,276 [RatisPipelineUtilsThread] ERROR pipeline.PipelinePlacementPolicy (PipelinePlacementPolicy.java:meetCriteria(92)) - Pipeline Placement: Doesn't meet the criteria to be viable node. Heaviness: 6
2019-09-12 11:39:54,276 [RatisPipelineUtilsThread] ERROR pipeline.PipelinePlacementPolicy (PipelinePlacementPolicy.java:meetCriteria(92)) - Pipeline Placement: Doesn't meet the criteria to be viable node. Heaviness: 6
2019-09-12 11:39:54,276 [RatisPipelineUtilsThread] ERROR pipeline.PipelinePlacementPolicy (PipelinePlacementPolicy.java:meetCriteria(92)) - Pipeline Placement: Doesn't meet the criteria to be viable node. Heaviness: 6
2019-09-12 11:39:54,276 [RatisPipelineUtilsThread] ERROR pipeline.PipelinePlacementPolicy (PipelinePlacementPolicy.java:meetCriteria(92)) - Pipeline Placement: Doesn't meet the criteria to be viable node. Heaviness: 6
2019-09-12 11:39:54,277 [RatisPipelineUtilsThread] ERROR pipeline.PipelinePlacementPolicy (PipelinePlacementPolicy.java:filterViableNodes(147)) - Unable to find enough nodes that meet the criteria that cannot engage in more than 5 pipelines. Nodes required: 3 Found: 0, healthy nodes count inNodeManager: 5.
2019-09-12 11:39:54,277 [RatisPipelineUtilsThread] ERROR pipeline.SCMPipelineManager (SCMPipelineManager.java:createPipeline(161)) - Pipeline creation failed due to exception: Unable to find enough nodes that meet the criteria that cannot engage in more than 5 pipelines. Nodes required: 3 Found: 0, healthy nodes count inNodeManager: 5.
2019-09-12 11:39:54,279 [RatisPipelineUtilsThread] ERROR pipeline.PipelinePlacementPolicy (PipelinePlacementPolicy.java:meetCriteria(92)) - Pipeline Placement: Doesn't meet the criteria to be viable node. Heaviness: 6
2019-09-12 11:39:54,279 [RatisPipelineUtilsThread] ERROR pipeline.PipelinePlacementPolicy (PipelinePlacementPolicy.java:meetCriteria(92)) - Pipeline Placement: Doesn't meet the criteria to be viable node. Heaviness: 6
2019-09-12 11:39:54,279 [RatisPipelineUtilsThread] ERROR pipeline.PipelinePlacementPolicy (PipelinePlacementPolicy.java:meetCriteria(92)) - Pipeline Placement: Doesn't meet the criteria to be viable node. Heaviness: 6
2019-09-12 11:39:54,279 [RatisPipelineUtilsThread] ERROR pipeline.PipelinePlacementPolicy (PipelinePlacementPolicy.java:meetCriteria(92)) - Pipeline Placement: Doesn't meet the criteria to be viable node. Heaviness: 6
2019-09-12 11:39:54,280 [RatisPipelineUtilsThread] ERROR pipeline.PipelinePlacementPolicy (PipelinePlacementPolicy.java:meetCriteria(92)) - Pipeline Placement: Doesn't meet the criteria to be viable node. Heaviness: 6
2019-09-12 11:39:54,280 [RatisPipelineUtilsThread] ERROR pipeline.PipelinePlacementPolicy (PipelinePlacementPolicy.java:filterViableNodes(147)) - Unable to find enough nodes that meet the criteria that cannot engage in more than 5 pipelines. Nodes required: 1 Found: 0, healthy nodes count inNodeManager: 5.
2019-09-12 11:39:54,280 [RatisPipelineUtilsThread] ERROR pipeline.SCMPipelineManager (SCMPipelineManager.java:createPipeline(161)) - Pipeline creation failed due to exception: Unable to find enough nodes that meet the criteria that cannot engage in more than 5 pipelines. Nodes required: 1 Found: 0, healthy nodes count inNodeManager: 5.
2019-09-12 11:39:54,280 [RatisPipelineUtilsThread] ERROR pipeline.PipelinePlacementPolicy (PipelinePlacementPolicy.java:meetCriteria(92)) - Pipeline Placement: Doesn't meet the criteria to be viable node. Heaviness: 6
2019-09-12 11:39:54,280 [RatisPipelineUtilsThread] ERROR pipeline.PipelinePlacementPolicy (PipelinePlacementPolicy.java:meetCriteria(92)) - Pipeline Placement: Doesn't meet the criteria to be viable node. Heaviness: 6
2019-09-12 11:39:54,280 [RatisPipelineUtilsThread] ERROR pipeline.PipelinePlacementPolicy (PipelinePlacementPolicy.java:meetCriteria(92)) - Pipeline Placement: Doesn't meet the criteria to be viable node. Heaviness: 6
2019-09-12 11:39:54,281 [RatisPipelineUtilsThread] ERROR pipeline.PipelinePlacementPolicy (PipelinePlacementPolicy.java:meetCriteria(92)) - Pipeline Placement: Doesn't meet the criteria to be viable node. Heaviness: 6
2019-09-12 11:39:54,281 [RatisPipelineUtilsThread] ERROR pipeline.PipelinePlacementPolicy (PipelinePlacementPolicy.java:meetCriteria(92)) - Pipeline Placement: Doesn't meet the criteria to be viable node. Heaviness: 6
2019-09-12 11:39:54,281 [RatisPipelineUtilsThread] ERROR pipeline.PipelinePlacementPolicy (PipelinePlacementPolicy.java:filterViableNodes(147)) - Unable to find enough nodes that meet the criteria that cannot engage in more than 5 pipelines. Nodes required: 3 Found: 0, healthy nodes count inNodeManager: 5.
2019-09-12 11:39:54,281 [RatisPipelineUtilsThread] ERROR pipeline.SCMPipelineManager (SCMPipelineManager.java:createPipeline(161)) - Pipeline creation failed due to exception: Unable to find enough nodes that meet the criteria that cannot engage in more than 5 pipelines. Nodes required: 3 Found: 0, healthy nodes count inNodeManager: 5.
2019-09-12 11:39:54,281 [IPC Server handler 0 on 40526] ERROR pipeline.PipelinePlacementPolicy (PipelinePlacementPolicy.java:meetCriteria(92)) - Pipeline Placement: Doesn't meet the criteria to be viable node. Heaviness: 6
2019-09-12 11:39:54,282 [IPC Server handler 0 on 40526] ERROR pipeline.PipelinePlacementPolicy (PipelinePlacementPolicy.java:meetCriteria(92)) - Pipeline Placement: Doesn't meet the criteria to be viable node. Heaviness: 6
2019-09-12 11:39:54,282 [IPC Server handler 0 on 40526] ERROR pipeline.PipelinePlacementPolicy (PipelinePlacementPolicy.java:meetCriteria(92)) - Pipeline Placement: Doesn't meet the criteria to be viable node. Heaviness: 6
2019-09-12 11:39:54,282 [IPC Server handler 0 on 40526] ERROR pipeline.PipelinePlacementPolicy (PipelinePlacementPolicy.java:meetCriteria(92)) - Pipeline Placement: Doesn't meet the criteria to be viable node. Heaviness: 6
2019-09-12 11:39:54,282 [IPC Server handler 0 on 40526] ERROR pipeline.PipelinePlacementPolicy (PipelinePlacementPolicy.java:meetCriteria(92)) - Pipeline Placement: Doesn't meet the criteria to be viable node. Heaviness: 6
2019-09-12 11:39:54,282 [IPC Server handler 0 on 40526] ERROR pipeline.PipelinePlacementPolicy (PipelinePlacementPolicy.java:filterViableNodes(147)) - Unable to find enough nodes that meet the criteria that cannot engage in more than 5 pipelines. Nodes required: 3 Found: 0, healthy nodes count inNodeManager: 5.
2019-09-12 11:39:54,283 [IPC Server handler 0 on 40526] ERROR pipeline.SCMPipelineManager (SCMPipelineManager.java:createPipeline(161)) - Pipeline creation failed due to exception: Unable to find enough nodes that meet the criteria that cannot engage in more than 5 pipelines. Nodes required: 3 Found: 0, healthy nodes count inNodeManager: 5.
2019-09-12 11:39:54,284 [IPC Server handler 0 on 40526] WARN  block.BlockManagerImpl (BlockManagerImpl.java:allocateBlock(192)) - Pipeline creation failed for type:RATIS factor:THREE. Retrying get pipelines call once.
org.apache.hadoop.hdds.scm.exceptions.SCMException: Unable to find enough nodes that meet the criteria that cannot engage in more than 5 pipelines. Nodes required: 3 Found: 0, healthy nodes count inNodeManager: 5.
	at org.apache.hadoop.hdds.scm.pipeline.PipelinePlacementPolicy.filterViableNodes(PipelinePlacementPolicy.java:148)
	at org.apache.hadoop.hdds.scm.pipeline.PipelinePlacementPolicy.chooseDatanodes(PipelinePlacementPolicy.java:171)
	at org.apache.hadoop.hdds.scm.pipeline.RatisPipelineProvider.create(RatisPipelineProvider.java:100)
	at org.apache.hadoop.hdds.scm.pipeline.PipelineFactory.create(PipelineFactory.java:57)
	at org.apache.hadoop.hdds.scm.pipeline.SCMPipelineManager.createPipeline(SCMPipelineManager.java:149)
	at org.apache.hadoop.hdds.scm.block.BlockManagerImpl.allocateBlock(BlockManagerImpl.java:190)
	at org.apache.hadoop.hdds.scm.server.SCMBlockProtocolServer.allocateBlock(SCMBlockProtocolServer.java:175)
	at org.apache.hadoop.ozone.protocolPB.ScmBlockLocationProtocolServerSideTranslatorPB.allocateScmBlock(ScmBlockLocationProtocolServerSideTranslatorPB.java:153)
	at org.apache.hadoop.ozone.protocolPB.ScmBlockLocationProtocolServerSideTranslatorPB.send(ScmBlockLocationProtocolServerSideTranslatorPB.java:112)
	at org.apache.hadoop.hdds.protocol.proto.ScmBlockLocationProtocolProtos$ScmBlockLocationProtocolService$2.callBlockingMethod(ScmBlockLocationProtocolProtos.java:13157)
	at org.apache.hadoop.ipc.ProtobufRpcEngine$Server$ProtoBufRpcInvoker.call(ProtobufRpcEngine.java:524)
	at org.apache.hadoop.ipc.RPC$Server.call(RPC.java:1025)
	at org.apache.hadoop.ipc.Server$RpcCall.run(Server.java:876)
	at org.apache.hadoop.ipc.Server$RpcCall.run(Server.java:822)
	at java.security.AccessController.doPrivileged(Native Method)
	at javax.security.auth.Subject.doAs(Subject.java:422)
	at org.apache.hadoop.security.UserGroupInformation.doAs(UserGroupInformation.java:1730)
	at org.apache.hadoop.ipc.Server$Handler.run(Server.java:2682)
2019-09-12 11:39:54,285 [IPC Server handler 0 on 40526] INFO  block.BlockManagerImpl (BlockManagerImpl.java:allocateBlock(198)) - Could not find available pipeline of type:RATIS and factor:THREE even after retrying
2019-09-12 11:39:54,285 [IPC Server handler 0 on 40526] ERROR block.BlockManagerImpl (BlockManagerImpl.java:allocateBlock(222)) - Unable to allocate a block for the size: 4194304, type: RATIS, factor: THREE
2019-09-12 11:39:54,285 | INFO  | SCMAudit | user=jenkins1000 | ip=192.168.36.114 | op=ALLOCATE_BLOCK {owner=a576aef0-bfe3-48c1-bbb1-3b28666a5584, size=4194304, type=RATIS, factor=THREE} | ret=SUCCESS |  
2019-09-12 11:39:54,290 | ERROR | OMAudit | user=jenkins1000 | ip=127.0.0.1 | op=CREATE_FILE {volume=volume27080, bucket=bucket27525, key=test/testRenameWithNonEmptySubDir/src1/source.txt, dataSize=0, replicationType=RATIS, replicationFactor=THREE, keyLocationInfo=null} | ret=FAILURE | org.apache.hadoop.hdds.scm.exceptions.SCMException: Allocated 0 blocks. Requested 1 blocks
	at org.apache.hadoop.hdds.scm.protocolPB.ScmBlockLocationProtocolClientSideTranslatorPB.handleError(ScmBlockLocationProtocolClientSideTranslatorPB.java:118)
	at org.apache.hadoop.hdds.scm.protocolPB.ScmBlockLocationProtocolClientSideTranslatorPB.allocateBlock(ScmBlockLocationProtocolClientSideTranslatorPB.java:156) 
2019-09-12 11:39:54,295 | INFO  | OMAudit | user=jenkins1000 | ip=127.0.0.1 | op=GET_FILE_STATUS {volume=volume27080, bucket=bucket27525, key=test, dataSize=0, replicationType=null, replicationFactor=null, keyLocationInfo=null} | ret=SUCCESS |  
2019-09-12 11:39:54,310 | INFO  | OMAudit | user=jenkins1000 | ip=127.0.0.1 | op=GET_FILE_STATUS {volume=volume27080, bucket=bucket27525, key=test, dataSize=0, replicationType=null, replicationFactor=null, keyLocationInfo=null} | ret=SUCCESS |  
2019-09-12 11:39:54,315 | INFO  | OMAudit | user=jenkins1000 | ip=127.0.0.1 | op=GET_FILE_STATUS {volume=volume27080, bucket=bucket27525, key=test, dataSize=0, replicationType=null, replicationFactor=null, keyLocationInfo=null} | ret=SUCCESS |  
2019-09-12 11:39:54,326 | INFO  | OMAudit | user=jenkins1000 | ip=127.0.0.1 | op=LIST_KEYS {volume=volume27080, bucket=bucket27525, startKey=, maxKeys=1000, keyPrefix=test/} | ret=SUCCESS |  
2019-09-12 11:39:54,337 | INFO  | OMAudit | user=jenkins1000 | ip=127.0.0.1 | op=DELETE_KEY {volume=volume27080, bucket=bucket27525, key=test/, dataSize=0, replicationType=null, replicationFactor=null, keyLocationInfo=null} | ret=SUCCESS |  
2019-09-12 11:39:54,341 | INFO  | OMAudit | user=jenkins1000 | ip=127.0.0.1 | op=DELETE_KEY {volume=volume27080, bucket=bucket27525, key=test/testRenameWithNonEmptySubDir/dest/, dataSize=0, replicationType=null, replicationFactor=null, keyLocationInfo=null} | ret=SUCCESS |  
2019-09-12 11:39:54,344 | INFO  | OMAudit | user=jenkins1000 | ip=127.0.0.1 | op=DELETE_KEY {volume=volume27080, bucket=bucket27525, key=test/testRenameWithNonEmptySubDir/src1/, dataSize=0, replicationType=null, replicationFactor=null, keyLocationInfo=null} | ret=SUCCESS |  
2019-09-12 11:39:54,348 | INFO  | OMAudit | user=jenkins1000 | ip=127.0.0.1 | op=LIST_KEYS {volume=volume27080, bucket=bucket27525, startKey=test/testRenameWithNonEmptySubDir/src1/, maxKeys=1000, keyPrefix=test/} | ret=SUCCESS |  
]]></system-out>
    <system-err><![CDATA[Sep 12, 2019 11:39:46 AM com.sun.jersey.server.impl.application.WebApplicationImpl _initiate
INFO: Initiating Jersey application, version 'Jersey: 1.19 02/11/2015 03:25 AM'
Sep 12, 2019 11:39:47 AM com.sun.jersey.server.impl.application.WebApplicationImpl _initiate
INFO: Initiating Jersey application, version 'Jersey: 1.19 02/11/2015 03:25 AM'
Sep 12, 2019 11:39:47 AM com.sun.jersey.server.impl.application.WebApplicationImpl _initiate
INFO: Initiating Jersey application, version 'Jersey: 1.19 02/11/2015 03:25 AM'
Sep 12, 2019 11:39:47 AM com.sun.jersey.server.impl.application.WebApplicationImpl _initiate
INFO: Initiating Jersey application, version 'Jersey: 1.19 02/11/2015 03:25 AM'
Sep 12, 2019 11:39:47 AM com.sun.jersey.server.impl.application.WebApplicationImpl _initiate
INFO: Initiating Jersey application, version 'Jersey: 1.19 02/11/2015 03:25 AM'
Sep 12, 2019 11:39:52 AM com.sun.jersey.server.impl.application.WebApplicationImpl _initiate
INFO: Initiating Jersey application, version 'Jersey: 1.19 02/11/2015 03:25 AM'
]]></system-err>
  </testcase>
  <testcase name="testRenamePopulatesFileAncestors" classname="org.apache.hadoop.fs.ozone.contract.ITestOzoneContractRename" time="0.129">
    <error message="Allocated 0 blocks. Requested 1 blocks" type="INTERNAL_ERROR org.apache.hadoop.ozone.om.exceptions.OMException">INTERNAL_ERROR org.apache.hadoop.ozone.om.exceptions.OMException: Allocated 0 blocks. Requested 1 blocks
	at org.apache.hadoop.ozone.om.protocolPB.OzoneManagerProtocolClientSideTranslatorPB.handleError(OzoneManagerProtocolClientSideTranslatorPB.java:725)
	at org.apache.hadoop.ozone.om.protocolPB.OzoneManagerProtocolClientSideTranslatorPB.createFile(OzoneManagerProtocolClientSideTranslatorPB.java:1474)
	at org.apache.hadoop.ozone.client.rpc.RpcClient.createFile(RpcClient.java:984)
	at org.apache.hadoop.ozone.client.OzoneBucket.createFile(OzoneBucket.java:535)
	at org.apache.hadoop.fs.ozone.BasicOzoneClientAdapterImpl.createFile(BasicOzoneClientAdapterImpl.java:181)
	at org.apache.hadoop.fs.ozone.BasicOzoneFileSystem.createOutputStream(BasicOzoneFileSystem.java:249)
	at org.apache.hadoop.fs.ozone.BasicOzoneFileSystem.create(BasicOzoneFileSystem.java:230)
	at org.apache.hadoop.fs.FileSystem.create(FileSystem.java:1118)
	at org.apache.hadoop.fs.FileSystem.create(FileSystem.java:1098)
	at org.apache.hadoop.fs.contract.ContractTestUtils.writeDataset(ContractTestUtils.java:182)
	at org.apache.hadoop.fs.contract.ContractTestUtils.writeDataset(ContractTestUtils.java:151)
	at org.apache.hadoop.fs.contract.AbstractContractRenameTest.testRenamePopulatesFileAncestors(AbstractContractRenameTest.java:255)
	at sun.reflect.NativeMethodAccessorImpl.invoke0(Native Method)
	at sun.reflect.NativeMethodAccessorImpl.invoke(NativeMethodAccessorImpl.java:62)
	at sun.reflect.DelegatingMethodAccessorImpl.invoke(DelegatingMethodAccessorImpl.java:43)
	at java.lang.reflect.Method.invoke(Method.java:498)
	at org.junit.runners.model.FrameworkMethod$1.runReflectiveCall(FrameworkMethod.java:47)
	at org.junit.internal.runners.model.ReflectiveCallable.run(ReflectiveCallable.java:12)
	at org.junit.runners.model.FrameworkMethod.invokeExplosively(FrameworkMethod.java:44)
	at org.junit.internal.runners.statements.InvokeMethod.evaluate(InvokeMethod.java:17)
	at org.junit.internal.runners.statements.RunBefores.evaluate(RunBefores.java:26)
	at org.junit.internal.runners.statements.RunAfters.evaluate(RunAfters.java:27)
	at org.junit.rules.TestWatcher$1.evaluate(TestWatcher.java:55)
	at org.junit.internal.runners.statements.FailOnTimeout$StatementThread.run(FailOnTimeout.java:74)
</error>
    <system-out><![CDATA[2019-09-12 11:39:54,368 | INFO  | OMAudit | user=jenkins1000 | ip=127.0.0.1 | op=CREATE_VOLUME {admin=admin49726, owner=user24662, volume=volume83568, creationTime=1568288394367, quotaInBytes=1152921504606846976} | ret=SUCCESS |  
2019-09-12 11:39:54,372 | INFO  | OMAudit | user=jenkins1000 | ip=127.0.0.1 | op=CREATE_BUCKET {volume=volume83568, bucket=bucket18588, acls=[], isVersionEnabled=false, storageType=DISK, creationTime=0} | ret=SUCCESS |  
2019-09-12 11:39:54,448 | INFO  | OMAudit | user=jenkins1000 | ip=127.0.0.1 | op=READ_VOLUME {volume=volume83568} | ret=SUCCESS |  
2019-09-12 11:39:54,450 | INFO  | OMAudit | user=jenkins1000 | ip=127.0.0.1 | op=READ_BUCKET {volume=volume83568, bucket=bucket18588} | ret=SUCCESS |  
2019-09-12 11:39:54,452 [Thread-304] INFO  contract.AbstractFSContractTestBase (AbstractFSContractTestBase.java:setup(184)) - Test filesystem = o3fs://bucket18588.volume83568 implemented by OzoneFileSystem{URI=o3fs://bucket18588.volume83568, workingDir=o3fs://bucket18588.volume83568/user/jenkins1000, userName=jenkins1000, statistics=0 bytes read, 0 bytes written, 4 read ops, 0 large read ops, 2 write ops}
2019-09-12 11:39:54,455 | INFO  | OMAudit | user=jenkins1000 | ip=127.0.0.1 | op=CREATE_DIRECTORY {volume=volume83568, bucket=bucket18588, key=test, dataSize=0, replicationType=null, replicationFactor=null, keyLocationInfo=null} | ret=SUCCESS |  
2019-09-12 11:39:54,458 | INFO  | OMAudit | user=jenkins1000 | ip=127.0.0.1 | op=CREATE_DIRECTORY {volume=volume83568, bucket=bucket18588, key=test/testRenamePopulatesFileAncestors/source, dataSize=0, replicationType=null, replicationFactor=null, keyLocationInfo=null} | ret=SUCCESS |  
2019-09-12 11:39:54,470 [IPC Server handler 18 on 40526] ERROR pipeline.PipelinePlacementPolicy (PipelinePlacementPolicy.java:meetCriteria(92)) - Pipeline Placement: Doesn't meet the criteria to be viable node. Heaviness: 6
2019-09-12 11:39:54,470 [IPC Server handler 18 on 40526] ERROR pipeline.PipelinePlacementPolicy (PipelinePlacementPolicy.java:meetCriteria(92)) - Pipeline Placement: Doesn't meet the criteria to be viable node. Heaviness: 6
2019-09-12 11:39:54,470 [IPC Server handler 18 on 40526] ERROR pipeline.PipelinePlacementPolicy (PipelinePlacementPolicy.java:meetCriteria(92)) - Pipeline Placement: Doesn't meet the criteria to be viable node. Heaviness: 6
2019-09-12 11:39:54,470 [IPC Server handler 18 on 40526] ERROR pipeline.PipelinePlacementPolicy (PipelinePlacementPolicy.java:meetCriteria(92)) - Pipeline Placement: Doesn't meet the criteria to be viable node. Heaviness: 6
2019-09-12 11:39:54,471 [IPC Server handler 18 on 40526] ERROR pipeline.PipelinePlacementPolicy (PipelinePlacementPolicy.java:meetCriteria(92)) - Pipeline Placement: Doesn't meet the criteria to be viable node. Heaviness: 6
2019-09-12 11:39:54,471 [IPC Server handler 18 on 40526] ERROR pipeline.PipelinePlacementPolicy (PipelinePlacementPolicy.java:filterViableNodes(147)) - Unable to find enough nodes that meet the criteria that cannot engage in more than 5 pipelines. Nodes required: 3 Found: 0, healthy nodes count inNodeManager: 5.
2019-09-12 11:39:54,471 [IPC Server handler 18 on 40526] ERROR pipeline.SCMPipelineManager (SCMPipelineManager.java:createPipeline(161)) - Pipeline creation failed due to exception: Unable to find enough nodes that meet the criteria that cannot engage in more than 5 pipelines. Nodes required: 3 Found: 0, healthy nodes count inNodeManager: 5.
2019-09-12 11:39:54,471 [IPC Server handler 18 on 40526] WARN  block.BlockManagerImpl (BlockManagerImpl.java:allocateBlock(192)) - Pipeline creation failed for type:RATIS factor:THREE. Retrying get pipelines call once.
org.apache.hadoop.hdds.scm.exceptions.SCMException: Unable to find enough nodes that meet the criteria that cannot engage in more than 5 pipelines. Nodes required: 3 Found: 0, healthy nodes count inNodeManager: 5.
	at org.apache.hadoop.hdds.scm.pipeline.PipelinePlacementPolicy.filterViableNodes(PipelinePlacementPolicy.java:148)
	at org.apache.hadoop.hdds.scm.pipeline.PipelinePlacementPolicy.chooseDatanodes(PipelinePlacementPolicy.java:171)
	at org.apache.hadoop.hdds.scm.pipeline.RatisPipelineProvider.create(RatisPipelineProvider.java:100)
	at org.apache.hadoop.hdds.scm.pipeline.PipelineFactory.create(PipelineFactory.java:57)
	at org.apache.hadoop.hdds.scm.pipeline.SCMPipelineManager.createPipeline(SCMPipelineManager.java:149)
	at org.apache.hadoop.hdds.scm.block.BlockManagerImpl.allocateBlock(BlockManagerImpl.java:190)
	at org.apache.hadoop.hdds.scm.server.SCMBlockProtocolServer.allocateBlock(SCMBlockProtocolServer.java:175)
	at org.apache.hadoop.ozone.protocolPB.ScmBlockLocationProtocolServerSideTranslatorPB.allocateScmBlock(ScmBlockLocationProtocolServerSideTranslatorPB.java:153)
	at org.apache.hadoop.ozone.protocolPB.ScmBlockLocationProtocolServerSideTranslatorPB.send(ScmBlockLocationProtocolServerSideTranslatorPB.java:112)
	at org.apache.hadoop.hdds.protocol.proto.ScmBlockLocationProtocolProtos$ScmBlockLocationProtocolService$2.callBlockingMethod(ScmBlockLocationProtocolProtos.java:13157)
	at org.apache.hadoop.ipc.ProtobufRpcEngine$Server$ProtoBufRpcInvoker.call(ProtobufRpcEngine.java:524)
	at org.apache.hadoop.ipc.RPC$Server.call(RPC.java:1025)
	at org.apache.hadoop.ipc.Server$RpcCall.run(Server.java:876)
	at org.apache.hadoop.ipc.Server$RpcCall.run(Server.java:822)
	at java.security.AccessController.doPrivileged(Native Method)
	at javax.security.auth.Subject.doAs(Subject.java:422)
	at org.apache.hadoop.security.UserGroupInformation.doAs(UserGroupInformation.java:1730)
	at org.apache.hadoop.ipc.Server$Handler.run(Server.java:2682)
2019-09-12 11:39:54,472 [IPC Server handler 18 on 40526] INFO  block.BlockManagerImpl (BlockManagerImpl.java:allocateBlock(198)) - Could not find available pipeline of type:RATIS and factor:THREE even after retrying
2019-09-12 11:39:54,472 [IPC Server handler 18 on 40526] ERROR block.BlockManagerImpl (BlockManagerImpl.java:allocateBlock(222)) - Unable to allocate a block for the size: 4194304, type: RATIS, factor: THREE
2019-09-12 11:39:54,472 | INFO  | SCMAudit | user=jenkins1000 | ip=192.168.36.114 | op=ALLOCATE_BLOCK {owner=a576aef0-bfe3-48c1-bbb1-3b28666a5584, size=4194304, type=RATIS, factor=THREE} | ret=SUCCESS |  
2019-09-12 11:39:54,473 | ERROR | OMAudit | user=jenkins1000 | ip=127.0.0.1 | op=CREATE_FILE {volume=volume83568, bucket=bucket18588, key=test/testRenamePopulatesFileAncestors/source/dir1/dir2/dir3/file4, dataSize=0, replicationType=RATIS, replicationFactor=THREE, keyLocationInfo=null} | ret=FAILURE | org.apache.hadoop.hdds.scm.exceptions.SCMException: Allocated 0 blocks. Requested 1 blocks
	at org.apache.hadoop.hdds.scm.protocolPB.ScmBlockLocationProtocolClientSideTranslatorPB.handleError(ScmBlockLocationProtocolClientSideTranslatorPB.java:118)
	at org.apache.hadoop.hdds.scm.protocolPB.ScmBlockLocationProtocolClientSideTranslatorPB.allocateBlock(ScmBlockLocationProtocolClientSideTranslatorPB.java:156) 
2019-09-12 11:39:54,477 | INFO  | OMAudit | user=jenkins1000 | ip=127.0.0.1 | op=GET_FILE_STATUS {volume=volume83568, bucket=bucket18588, key=test, dataSize=0, replicationType=null, replicationFactor=null, keyLocationInfo=null} | ret=SUCCESS |  
2019-09-12 11:39:54,479 | INFO  | OMAudit | user=jenkins1000 | ip=127.0.0.1 | op=GET_FILE_STATUS {volume=volume83568, bucket=bucket18588, key=test, dataSize=0, replicationType=null, replicationFactor=null, keyLocationInfo=null} | ret=SUCCESS |  
2019-09-12 11:39:54,481 | INFO  | OMAudit | user=jenkins1000 | ip=127.0.0.1 | op=GET_FILE_STATUS {volume=volume83568, bucket=bucket18588, key=test, dataSize=0, replicationType=null, replicationFactor=null, keyLocationInfo=null} | ret=SUCCESS |  
2019-09-12 11:39:54,483 | INFO  | OMAudit | user=jenkins1000 | ip=127.0.0.1 | op=LIST_KEYS {volume=volume83568, bucket=bucket18588, startKey=, maxKeys=1000, keyPrefix=test/} | ret=SUCCESS |  
2019-09-12 11:39:54,486 | INFO  | OMAudit | user=jenkins1000 | ip=127.0.0.1 | op=DELETE_KEY {volume=volume83568, bucket=bucket18588, key=test/, dataSize=0, replicationType=null, replicationFactor=null, keyLocationInfo=null} | ret=SUCCESS |  
2019-09-12 11:39:54,488 | INFO  | OMAudit | user=jenkins1000 | ip=127.0.0.1 | op=DELETE_KEY {volume=volume83568, bucket=bucket18588, key=test/testRenamePopulatesFileAncestors/source/, dataSize=0, replicationType=null, replicationFactor=null, keyLocationInfo=null} | ret=SUCCESS |  
2019-09-12 11:39:54,489 | INFO  | OMAudit | user=jenkins1000 | ip=127.0.0.1 | op=LIST_KEYS {volume=volume83568, bucket=bucket18588, startKey=test/testRenamePopulatesFileAncestors/source/, maxKeys=1000, keyPrefix=test/} | ret=SUCCESS |  
]]></system-out>
  </testcase>
  <testcase name="testRenameFileOverExistingFile" classname="org.apache.hadoop.fs.ozone.contract.ITestOzoneContractRename" time="0.084">
    <error message="Allocated 0 blocks. Requested 1 blocks" type="INTERNAL_ERROR org.apache.hadoop.ozone.om.exceptions.OMException">INTERNAL_ERROR org.apache.hadoop.ozone.om.exceptions.OMException: Allocated 0 blocks. Requested 1 blocks
	at org.apache.hadoop.ozone.om.protocolPB.OzoneManagerProtocolClientSideTranslatorPB.handleError(OzoneManagerProtocolClientSideTranslatorPB.java:725)
	at org.apache.hadoop.ozone.om.protocolPB.OzoneManagerProtocolClientSideTranslatorPB.createFile(OzoneManagerProtocolClientSideTranslatorPB.java:1474)
	at org.apache.hadoop.ozone.client.rpc.RpcClient.createFile(RpcClient.java:984)
	at org.apache.hadoop.ozone.client.OzoneBucket.createFile(OzoneBucket.java:535)
	at org.apache.hadoop.fs.ozone.BasicOzoneClientAdapterImpl.createFile(BasicOzoneClientAdapterImpl.java:181)
	at org.apache.hadoop.fs.ozone.BasicOzoneFileSystem.createOutputStream(BasicOzoneFileSystem.java:249)
	at org.apache.hadoop.fs.ozone.BasicOzoneFileSystem.create(BasicOzoneFileSystem.java:230)
	at org.apache.hadoop.fs.FileSystem.create(FileSystem.java:1118)
	at org.apache.hadoop.fs.FileSystem.create(FileSystem.java:1098)
	at org.apache.hadoop.fs.contract.ContractTestUtils.writeDataset(ContractTestUtils.java:182)
	at org.apache.hadoop.fs.contract.ContractTestUtils.writeDataset(ContractTestUtils.java:151)
	at org.apache.hadoop.fs.contract.AbstractContractRenameTest.testRenameFileOverExistingFile(AbstractContractRenameTest.java:99)
	at sun.reflect.NativeMethodAccessorImpl.invoke0(Native Method)
	at sun.reflect.NativeMethodAccessorImpl.invoke(NativeMethodAccessorImpl.java:62)
	at sun.reflect.DelegatingMethodAccessorImpl.invoke(DelegatingMethodAccessorImpl.java:43)
	at java.lang.reflect.Method.invoke(Method.java:498)
	at org.junit.runners.model.FrameworkMethod$1.runReflectiveCall(FrameworkMethod.java:47)
	at org.junit.internal.runners.model.ReflectiveCallable.run(ReflectiveCallable.java:12)
	at org.junit.runners.model.FrameworkMethod.invokeExplosively(FrameworkMethod.java:44)
	at org.junit.internal.runners.statements.InvokeMethod.evaluate(InvokeMethod.java:17)
	at org.junit.internal.runners.statements.RunBefores.evaluate(RunBefores.java:26)
	at org.junit.internal.runners.statements.RunAfters.evaluate(RunAfters.java:27)
	at org.junit.rules.TestWatcher$1.evaluate(TestWatcher.java:55)
	at org.junit.internal.runners.statements.FailOnTimeout$StatementThread.run(FailOnTimeout.java:74)
</error>
    <system-out><![CDATA[2019-09-12 11:39:54,495 | INFO  | OMAudit | user=jenkins1000 | ip=127.0.0.1 | op=CREATE_VOLUME {admin=admin09809, owner=user66278, volume=volume70618, creationTime=1568288394494, quotaInBytes=1152921504606846976} | ret=SUCCESS |  
2019-09-12 11:39:54,497 | INFO  | OMAudit | user=jenkins1000 | ip=127.0.0.1 | op=CREATE_BUCKET {volume=volume70618, bucket=bucket87989, acls=[], isVersionEnabled=false, storageType=DISK, creationTime=0} | ret=SUCCESS |  
2019-09-12 11:39:54,509 | INFO  | SCMAudit | user=jenkins1000 | ip=192.168.36.114 | op=SEND_HEARTBEAT {datanodeUUID=044596ee-7e7d-4399-b453-4b0aeb57312a, command=[]} | ret=SUCCESS |  
2019-09-12 11:39:54,550 | INFO  | OMAudit | user=jenkins1000 | ip=127.0.0.1 | op=READ_VOLUME {volume=volume70618} | ret=SUCCESS |  
2019-09-12 11:39:54,552 | INFO  | OMAudit | user=jenkins1000 | ip=127.0.0.1 | op=READ_BUCKET {volume=volume70618, bucket=bucket87989} | ret=SUCCESS |  
2019-09-12 11:39:54,553 [Thread-305] INFO  contract.AbstractFSContractTestBase (AbstractFSContractTestBase.java:setup(184)) - Test filesystem = o3fs://bucket87989.volume70618 implemented by OzoneFileSystem{URI=o3fs://bucket87989.volume70618, workingDir=o3fs://bucket87989.volume70618/user/jenkins1000, userName=jenkins1000, statistics=0 bytes read, 0 bytes written, 7 read ops, 0 large read ops, 4 write ops}
2019-09-12 11:39:54,555 | INFO  | OMAudit | user=jenkins1000 | ip=127.0.0.1 | op=CREATE_DIRECTORY {volume=volume70618, bucket=bucket87989, key=test, dataSize=0, replicationType=null, replicationFactor=null, keyLocationInfo=null} | ret=SUCCESS |  
2019-09-12 11:39:54,555 [Thread-305] INFO  contract.AbstractFSContractTestBase (AbstractFSContractTestBase.java:describe(255)) - Verify renaming a file onto an existing file matches expectations
2019-09-12 11:39:54,558 [IPC Server handler 19 on 40526] ERROR pipeline.PipelinePlacementPolicy (PipelinePlacementPolicy.java:meetCriteria(92)) - Pipeline Placement: Doesn't meet the criteria to be viable node. Heaviness: 6
2019-09-12 11:39:54,559 [IPC Server handler 19 on 40526] ERROR pipeline.PipelinePlacementPolicy (PipelinePlacementPolicy.java:meetCriteria(92)) - Pipeline Placement: Doesn't meet the criteria to be viable node. Heaviness: 6
2019-09-12 11:39:54,559 [IPC Server handler 19 on 40526] ERROR pipeline.PipelinePlacementPolicy (PipelinePlacementPolicy.java:meetCriteria(92)) - Pipeline Placement: Doesn't meet the criteria to be viable node. Heaviness: 6
2019-09-12 11:39:54,559 [IPC Server handler 19 on 40526] ERROR pipeline.PipelinePlacementPolicy (PipelinePlacementPolicy.java:meetCriteria(92)) - Pipeline Placement: Doesn't meet the criteria to be viable node. Heaviness: 6
2019-09-12 11:39:54,559 [IPC Server handler 19 on 40526] ERROR pipeline.PipelinePlacementPolicy (PipelinePlacementPolicy.java:meetCriteria(92)) - Pipeline Placement: Doesn't meet the criteria to be viable node. Heaviness: 6
2019-09-12 11:39:54,559 [IPC Server handler 19 on 40526] ERROR pipeline.PipelinePlacementPolicy (PipelinePlacementPolicy.java:filterViableNodes(147)) - Unable to find enough nodes that meet the criteria that cannot engage in more than 5 pipelines. Nodes required: 3 Found: 0, healthy nodes count inNodeManager: 5.
2019-09-12 11:39:54,560 [IPC Server handler 19 on 40526] ERROR pipeline.SCMPipelineManager (SCMPipelineManager.java:createPipeline(161)) - Pipeline creation failed due to exception: Unable to find enough nodes that meet the criteria that cannot engage in more than 5 pipelines. Nodes required: 3 Found: 0, healthy nodes count inNodeManager: 5.
2019-09-12 11:39:54,560 [IPC Server handler 19 on 40526] WARN  block.BlockManagerImpl (BlockManagerImpl.java:allocateBlock(192)) - Pipeline creation failed for type:RATIS factor:THREE. Retrying get pipelines call once.
org.apache.hadoop.hdds.scm.exceptions.SCMException: Unable to find enough nodes that meet the criteria that cannot engage in more than 5 pipelines. Nodes required: 3 Found: 0, healthy nodes count inNodeManager: 5.
	at org.apache.hadoop.hdds.scm.pipeline.PipelinePlacementPolicy.filterViableNodes(PipelinePlacementPolicy.java:148)
	at org.apache.hadoop.hdds.scm.pipeline.PipelinePlacementPolicy.chooseDatanodes(PipelinePlacementPolicy.java:171)
	at org.apache.hadoop.hdds.scm.pipeline.RatisPipelineProvider.create(RatisPipelineProvider.java:100)
	at org.apache.hadoop.hdds.scm.pipeline.PipelineFactory.create(PipelineFactory.java:57)
	at org.apache.hadoop.hdds.scm.pipeline.SCMPipelineManager.createPipeline(SCMPipelineManager.java:149)
	at org.apache.hadoop.hdds.scm.block.BlockManagerImpl.allocateBlock(BlockManagerImpl.java:190)
	at org.apache.hadoop.hdds.scm.server.SCMBlockProtocolServer.allocateBlock(SCMBlockProtocolServer.java:175)
	at org.apache.hadoop.ozone.protocolPB.ScmBlockLocationProtocolServerSideTranslatorPB.allocateScmBlock(ScmBlockLocationProtocolServerSideTranslatorPB.java:153)
	at org.apache.hadoop.ozone.protocolPB.ScmBlockLocationProtocolServerSideTranslatorPB.send(ScmBlockLocationProtocolServerSideTranslatorPB.java:112)
	at org.apache.hadoop.hdds.protocol.proto.ScmBlockLocationProtocolProtos$ScmBlockLocationProtocolService$2.callBlockingMethod(ScmBlockLocationProtocolProtos.java:13157)
	at org.apache.hadoop.ipc.ProtobufRpcEngine$Server$ProtoBufRpcInvoker.call(ProtobufRpcEngine.java:524)
	at org.apache.hadoop.ipc.RPC$Server.call(RPC.java:1025)
	at org.apache.hadoop.ipc.Server$RpcCall.run(Server.java:876)
	at org.apache.hadoop.ipc.Server$RpcCall.run(Server.java:822)
	at java.security.AccessController.doPrivileged(Native Method)
	at javax.security.auth.Subject.doAs(Subject.java:422)
	at org.apache.hadoop.security.UserGroupInformation.doAs(UserGroupInformation.java:1730)
	at org.apache.hadoop.ipc.Server$Handler.run(Server.java:2682)
2019-09-12 11:39:54,560 [IPC Server handler 19 on 40526] INFO  block.BlockManagerImpl (BlockManagerImpl.java:allocateBlock(198)) - Could not find available pipeline of type:RATIS and factor:THREE even after retrying
2019-09-12 11:39:54,560 [IPC Server handler 19 on 40526] ERROR block.BlockManagerImpl (BlockManagerImpl.java:allocateBlock(222)) - Unable to allocate a block for the size: 4194304, type: RATIS, factor: THREE
2019-09-12 11:39:54,560 | INFO  | SCMAudit | user=jenkins1000 | ip=192.168.36.114 | op=ALLOCATE_BLOCK {owner=a576aef0-bfe3-48c1-bbb1-3b28666a5584, size=4194304, type=RATIS, factor=THREE} | ret=SUCCESS |  
2019-09-12 11:39:54,561 | ERROR | OMAudit | user=jenkins1000 | ip=127.0.0.1 | op=CREATE_FILE {volume=volume70618, bucket=bucket87989, key=test/source-256.txt, dataSize=0, replicationType=RATIS, replicationFactor=THREE, keyLocationInfo=null} | ret=FAILURE | org.apache.hadoop.hdds.scm.exceptions.SCMException: Allocated 0 blocks. Requested 1 blocks
	at org.apache.hadoop.hdds.scm.protocolPB.ScmBlockLocationProtocolClientSideTranslatorPB.handleError(ScmBlockLocationProtocolClientSideTranslatorPB.java:118)
	at org.apache.hadoop.hdds.scm.protocolPB.ScmBlockLocationProtocolClientSideTranslatorPB.allocateBlock(ScmBlockLocationProtocolClientSideTranslatorPB.java:156) 
2019-09-12 11:39:54,563 | INFO  | OMAudit | user=jenkins1000 | ip=127.0.0.1 | op=GET_FILE_STATUS {volume=volume70618, bucket=bucket87989, key=test, dataSize=0, replicationType=null, replicationFactor=null, keyLocationInfo=null} | ret=SUCCESS |  
2019-09-12 11:39:54,565 | INFO  | OMAudit | user=jenkins1000 | ip=127.0.0.1 | op=GET_FILE_STATUS {volume=volume70618, bucket=bucket87989, key=test, dataSize=0, replicationType=null, replicationFactor=null, keyLocationInfo=null} | ret=SUCCESS |  
2019-09-12 11:39:54,567 | INFO  | OMAudit | user=jenkins1000 | ip=127.0.0.1 | op=GET_FILE_STATUS {volume=volume70618, bucket=bucket87989, key=test, dataSize=0, replicationType=null, replicationFactor=null, keyLocationInfo=null} | ret=SUCCESS |  
2019-09-12 11:39:54,568 | INFO  | OMAudit | user=jenkins1000 | ip=127.0.0.1 | op=LIST_KEYS {volume=volume70618, bucket=bucket87989, startKey=, maxKeys=1000, keyPrefix=test/} | ret=SUCCESS |  
2019-09-12 11:39:54,570 | INFO  | OMAudit | user=jenkins1000 | ip=127.0.0.1 | op=DELETE_KEY {volume=volume70618, bucket=bucket87989, key=test/, dataSize=0, replicationType=null, replicationFactor=null, keyLocationInfo=null} | ret=SUCCESS |  
2019-09-12 11:39:54,572 | INFO  | OMAudit | user=jenkins1000 | ip=127.0.0.1 | op=LIST_KEYS {volume=volume70618, bucket=bucket87989, startKey=test/, maxKeys=1000, keyPrefix=test/} | ret=SUCCESS |  
]]></system-out>
  </testcase>
  <testcase name="testRenameFileNonexistentDir" classname="org.apache.hadoop.fs.ozone.contract.ITestOzoneContractRename" time="0.084">
    <error message="Allocated 0 blocks. Requested 1 blocks" type="INTERNAL_ERROR org.apache.hadoop.ozone.om.exceptions.OMException">INTERNAL_ERROR org.apache.hadoop.ozone.om.exceptions.OMException: Allocated 0 blocks. Requested 1 blocks
	at org.apache.hadoop.ozone.om.protocolPB.OzoneManagerProtocolClientSideTranslatorPB.handleError(OzoneManagerProtocolClientSideTranslatorPB.java:725)
	at org.apache.hadoop.ozone.om.protocolPB.OzoneManagerProtocolClientSideTranslatorPB.createFile(OzoneManagerProtocolClientSideTranslatorPB.java:1474)
	at org.apache.hadoop.ozone.client.rpc.RpcClient.createFile(RpcClient.java:984)
	at org.apache.hadoop.ozone.client.OzoneBucket.createFile(OzoneBucket.java:535)
	at org.apache.hadoop.fs.ozone.BasicOzoneClientAdapterImpl.createFile(BasicOzoneClientAdapterImpl.java:181)
	at org.apache.hadoop.fs.ozone.BasicOzoneFileSystem.createOutputStream(BasicOzoneFileSystem.java:249)
	at org.apache.hadoop.fs.ozone.BasicOzoneFileSystem.create(BasicOzoneFileSystem.java:230)
	at org.apache.hadoop.fs.FileSystem.create(FileSystem.java:1118)
	at org.apache.hadoop.fs.FileSystem.create(FileSystem.java:1098)
	at org.apache.hadoop.fs.contract.ContractTestUtils.writeDataset(ContractTestUtils.java:182)
	at org.apache.hadoop.fs.contract.ContractTestUtils.writeDataset(ContractTestUtils.java:151)
	at org.apache.hadoop.fs.contract.AbstractContractRenameTest.testRenameFileNonexistentDir(AbstractContractRenameTest.java:166)
	at sun.reflect.NativeMethodAccessorImpl.invoke0(Native Method)
	at sun.reflect.NativeMethodAccessorImpl.invoke(NativeMethodAccessorImpl.java:62)
	at sun.reflect.DelegatingMethodAccessorImpl.invoke(DelegatingMethodAccessorImpl.java:43)
	at java.lang.reflect.Method.invoke(Method.java:498)
	at org.junit.runners.model.FrameworkMethod$1.runReflectiveCall(FrameworkMethod.java:47)
	at org.junit.internal.runners.model.ReflectiveCallable.run(ReflectiveCallable.java:12)
	at org.junit.runners.model.FrameworkMethod.invokeExplosively(FrameworkMethod.java:44)
	at org.junit.internal.runners.statements.InvokeMethod.evaluate(InvokeMethod.java:17)
	at org.junit.internal.runners.statements.RunBefores.evaluate(RunBefores.java:26)
	at org.junit.internal.runners.statements.RunAfters.evaluate(RunAfters.java:27)
	at org.junit.rules.TestWatcher$1.evaluate(TestWatcher.java:55)
	at org.junit.internal.runners.statements.FailOnTimeout$StatementThread.run(FailOnTimeout.java:74)
</error>
    <system-out><![CDATA[2019-09-12 11:39:54,578 | INFO  | OMAudit | user=jenkins1000 | ip=127.0.0.1 | op=CREATE_VOLUME {admin=admin80289, owner=user43627, volume=volume85076, creationTime=1568288394577, quotaInBytes=1152921504606846976} | ret=SUCCESS |  
2019-09-12 11:39:54,579 | INFO  | OMAudit | user=jenkins1000 | ip=127.0.0.1 | op=CREATE_BUCKET {volume=volume85076, bucket=bucket31385, acls=[], isVersionEnabled=false, storageType=DISK, creationTime=0} | ret=SUCCESS |  
2019-09-12 11:39:54,626 | INFO  | OMAudit | user=jenkins1000 | ip=127.0.0.1 | op=READ_VOLUME {volume=volume85076} | ret=SUCCESS |  
2019-09-12 11:39:54,628 | INFO  | OMAudit | user=jenkins1000 | ip=127.0.0.1 | op=READ_BUCKET {volume=volume85076, bucket=bucket31385} | ret=SUCCESS |  
2019-09-12 11:39:54,629 [Thread-306] INFO  contract.AbstractFSContractTestBase (AbstractFSContractTestBase.java:setup(184)) - Test filesystem = o3fs://bucket31385.volume85076 implemented by OzoneFileSystem{URI=o3fs://bucket31385.volume85076, workingDir=o3fs://bucket31385.volume85076/user/jenkins1000, userName=jenkins1000, statistics=0 bytes read, 0 bytes written, 10 read ops, 0 large read ops, 6 write ops}
2019-09-12 11:39:54,631 | INFO  | OMAudit | user=jenkins1000 | ip=127.0.0.1 | op=CREATE_DIRECTORY {volume=volume85076, bucket=bucket31385, key=test, dataSize=0, replicationType=null, replicationFactor=null, keyLocationInfo=null} | ret=SUCCESS |  
2019-09-12 11:39:54,632 [Thread-306] INFO  contract.AbstractFSContractTestBase (AbstractFSContractTestBase.java:describe(255)) - rename a file into a new file in the same directory
2019-09-12 11:39:54,635 [IPC Server handler 15 on 40526] ERROR pipeline.PipelinePlacementPolicy (PipelinePlacementPolicy.java:meetCriteria(92)) - Pipeline Placement: Doesn't meet the criteria to be viable node. Heaviness: 6
2019-09-12 11:39:54,635 [IPC Server handler 15 on 40526] ERROR pipeline.PipelinePlacementPolicy (PipelinePlacementPolicy.java:meetCriteria(92)) - Pipeline Placement: Doesn't meet the criteria to be viable node. Heaviness: 6
2019-09-12 11:39:54,635 [IPC Server handler 15 on 40526] ERROR pipeline.PipelinePlacementPolicy (PipelinePlacementPolicy.java:meetCriteria(92)) - Pipeline Placement: Doesn't meet the criteria to be viable node. Heaviness: 6
2019-09-12 11:39:54,636 [IPC Server handler 15 on 40526] ERROR pipeline.PipelinePlacementPolicy (PipelinePlacementPolicy.java:meetCriteria(92)) - Pipeline Placement: Doesn't meet the criteria to be viable node. Heaviness: 6
2019-09-12 11:39:54,636 [IPC Server handler 15 on 40526] ERROR pipeline.PipelinePlacementPolicy (PipelinePlacementPolicy.java:meetCriteria(92)) - Pipeline Placement: Doesn't meet the criteria to be viable node. Heaviness: 6
2019-09-12 11:39:54,636 [IPC Server handler 15 on 40526] ERROR pipeline.PipelinePlacementPolicy (PipelinePlacementPolicy.java:filterViableNodes(147)) - Unable to find enough nodes that meet the criteria that cannot engage in more than 5 pipelines. Nodes required: 3 Found: 0, healthy nodes count inNodeManager: 5.
2019-09-12 11:39:54,636 [IPC Server handler 15 on 40526] ERROR pipeline.SCMPipelineManager (SCMPipelineManager.java:createPipeline(161)) - Pipeline creation failed due to exception: Unable to find enough nodes that meet the criteria that cannot engage in more than 5 pipelines. Nodes required: 3 Found: 0, healthy nodes count inNodeManager: 5.
2019-09-12 11:39:54,636 [IPC Server handler 15 on 40526] WARN  block.BlockManagerImpl (BlockManagerImpl.java:allocateBlock(192)) - Pipeline creation failed for type:RATIS factor:THREE. Retrying get pipelines call once.
org.apache.hadoop.hdds.scm.exceptions.SCMException: Unable to find enough nodes that meet the criteria that cannot engage in more than 5 pipelines. Nodes required: 3 Found: 0, healthy nodes count inNodeManager: 5.
	at org.apache.hadoop.hdds.scm.pipeline.PipelinePlacementPolicy.filterViableNodes(PipelinePlacementPolicy.java:148)
	at org.apache.hadoop.hdds.scm.pipeline.PipelinePlacementPolicy.chooseDatanodes(PipelinePlacementPolicy.java:171)
	at org.apache.hadoop.hdds.scm.pipeline.RatisPipelineProvider.create(RatisPipelineProvider.java:100)
	at org.apache.hadoop.hdds.scm.pipeline.PipelineFactory.create(PipelineFactory.java:57)
	at org.apache.hadoop.hdds.scm.pipeline.SCMPipelineManager.createPipeline(SCMPipelineManager.java:149)
	at org.apache.hadoop.hdds.scm.block.BlockManagerImpl.allocateBlock(BlockManagerImpl.java:190)
	at org.apache.hadoop.hdds.scm.server.SCMBlockProtocolServer.allocateBlock(SCMBlockProtocolServer.java:175)
	at org.apache.hadoop.ozone.protocolPB.ScmBlockLocationProtocolServerSideTranslatorPB.allocateScmBlock(ScmBlockLocationProtocolServerSideTranslatorPB.java:153)
	at org.apache.hadoop.ozone.protocolPB.ScmBlockLocationProtocolServerSideTranslatorPB.send(ScmBlockLocationProtocolServerSideTranslatorPB.java:112)
	at org.apache.hadoop.hdds.protocol.proto.ScmBlockLocationProtocolProtos$ScmBlockLocationProtocolService$2.callBlockingMethod(ScmBlockLocationProtocolProtos.java:13157)
	at org.apache.hadoop.ipc.ProtobufRpcEngine$Server$ProtoBufRpcInvoker.call(ProtobufRpcEngine.java:524)
	at org.apache.hadoop.ipc.RPC$Server.call(RPC.java:1025)
	at org.apache.hadoop.ipc.Server$RpcCall.run(Server.java:876)
	at org.apache.hadoop.ipc.Server$RpcCall.run(Server.java:822)
	at java.security.AccessController.doPrivileged(Native Method)
	at javax.security.auth.Subject.doAs(Subject.java:422)
	at org.apache.hadoop.security.UserGroupInformation.doAs(UserGroupInformation.java:1730)
	at org.apache.hadoop.ipc.Server$Handler.run(Server.java:2682)
2019-09-12 11:39:54,637 [IPC Server handler 15 on 40526] INFO  block.BlockManagerImpl (BlockManagerImpl.java:allocateBlock(198)) - Could not find available pipeline of type:RATIS and factor:THREE even after retrying
2019-09-12 11:39:54,637 [IPC Server handler 15 on 40526] ERROR block.BlockManagerImpl (BlockManagerImpl.java:allocateBlock(222)) - Unable to allocate a block for the size: 4194304, type: RATIS, factor: THREE
2019-09-12 11:39:54,637 | INFO  | SCMAudit | user=jenkins1000 | ip=192.168.36.114 | op=ALLOCATE_BLOCK {owner=a576aef0-bfe3-48c1-bbb1-3b28666a5584, size=4194304, type=RATIS, factor=THREE} | ret=SUCCESS |  
2019-09-12 11:39:54,638 | ERROR | OMAudit | user=jenkins1000 | ip=127.0.0.1 | op=CREATE_FILE {volume=volume85076, bucket=bucket31385, key=test/testRenameSrc, dataSize=0, replicationType=RATIS, replicationFactor=THREE, keyLocationInfo=null} | ret=FAILURE | org.apache.hadoop.hdds.scm.exceptions.SCMException: Allocated 0 blocks. Requested 1 blocks
	at org.apache.hadoop.hdds.scm.protocolPB.ScmBlockLocationProtocolClientSideTranslatorPB.handleError(ScmBlockLocationProtocolClientSideTranslatorPB.java:118)
	at org.apache.hadoop.hdds.scm.protocolPB.ScmBlockLocationProtocolClientSideTranslatorPB.allocateBlock(ScmBlockLocationProtocolClientSideTranslatorPB.java:156) 
2019-09-12 11:39:54,644 | INFO  | OMAudit | user=jenkins1000 | ip=127.0.0.1 | op=GET_FILE_STATUS {volume=volume85076, bucket=bucket31385, key=test, dataSize=0, replicationType=null, replicationFactor=null, keyLocationInfo=null} | ret=SUCCESS |  
2019-09-12 11:39:54,647 | INFO  | OMAudit | user=jenkins1000 | ip=127.0.0.1 | op=GET_FILE_STATUS {volume=volume85076, bucket=bucket31385, key=test, dataSize=0, replicationType=null, replicationFactor=null, keyLocationInfo=null} | ret=SUCCESS |  
2019-09-12 11:39:54,649 | INFO  | OMAudit | user=jenkins1000 | ip=127.0.0.1 | op=GET_FILE_STATUS {volume=volume85076, bucket=bucket31385, key=test, dataSize=0, replicationType=null, replicationFactor=null, keyLocationInfo=null} | ret=SUCCESS |  
2019-09-12 11:39:54,651 | INFO  | OMAudit | user=jenkins1000 | ip=127.0.0.1 | op=LIST_KEYS {volume=volume85076, bucket=bucket31385, startKey=, maxKeys=1000, keyPrefix=test/} | ret=SUCCESS |  
2019-09-12 11:39:54,653 | INFO  | OMAudit | user=jenkins1000 | ip=127.0.0.1 | op=DELETE_KEY {volume=volume85076, bucket=bucket31385, key=test/, dataSize=0, replicationType=null, replicationFactor=null, keyLocationInfo=null} | ret=SUCCESS |  
2019-09-12 11:39:54,655 | INFO  | OMAudit | user=jenkins1000 | ip=127.0.0.1 | op=LIST_KEYS {volume=volume85076, bucket=bucket31385, startKey=test/, maxKeys=1000, keyPrefix=test/} | ret=SUCCESS |  
]]></system-out>
  </testcase>
  <testcase name="testRenamePopulatesDirectoryAncestors" classname="org.apache.hadoop.fs.ozone.contract.ITestOzoneContractRename" time="0.131"/>
  <testcase name="testRenameNewFileSameDir" classname="org.apache.hadoop.fs.ozone.contract.ITestOzoneContractRename" time="0.087">
    <error message="Allocated 0 blocks. Requested 1 blocks" type="INTERNAL_ERROR org.apache.hadoop.ozone.om.exceptions.OMException">INTERNAL_ERROR org.apache.hadoop.ozone.om.exceptions.OMException: Allocated 0 blocks. Requested 1 blocks
	at org.apache.hadoop.ozone.om.protocolPB.OzoneManagerProtocolClientSideTranslatorPB.handleError(OzoneManagerProtocolClientSideTranslatorPB.java:725)
	at org.apache.hadoop.ozone.om.protocolPB.OzoneManagerProtocolClientSideTranslatorPB.createFile(OzoneManagerProtocolClientSideTranslatorPB.java:1474)
	at org.apache.hadoop.ozone.client.rpc.RpcClient.createFile(RpcClient.java:984)
	at org.apache.hadoop.ozone.client.OzoneBucket.createFile(OzoneBucket.java:535)
	at org.apache.hadoop.fs.ozone.BasicOzoneClientAdapterImpl.createFile(BasicOzoneClientAdapterImpl.java:181)
	at org.apache.hadoop.fs.ozone.BasicOzoneFileSystem.createOutputStream(BasicOzoneFileSystem.java:249)
	at org.apache.hadoop.fs.ozone.BasicOzoneFileSystem.create(BasicOzoneFileSystem.java:230)
	at org.apache.hadoop.fs.FileSystem.create(FileSystem.java:1118)
	at org.apache.hadoop.fs.FileSystem.create(FileSystem.java:1098)
	at org.apache.hadoop.fs.contract.ContractTestUtils.writeDataset(ContractTestUtils.java:182)
	at org.apache.hadoop.fs.contract.ContractTestUtils.writeDataset(ContractTestUtils.java:151)
	at org.apache.hadoop.fs.contract.AbstractContractRenameTest.testRenameNewFileSameDir(AbstractContractRenameTest.java:43)
	at sun.reflect.NativeMethodAccessorImpl.invoke0(Native Method)
	at sun.reflect.NativeMethodAccessorImpl.invoke(NativeMethodAccessorImpl.java:62)
	at sun.reflect.DelegatingMethodAccessorImpl.invoke(DelegatingMethodAccessorImpl.java:43)
	at java.lang.reflect.Method.invoke(Method.java:498)
	at org.junit.runners.model.FrameworkMethod$1.runReflectiveCall(FrameworkMethod.java:47)
	at org.junit.internal.runners.model.ReflectiveCallable.run(ReflectiveCallable.java:12)
	at org.junit.runners.model.FrameworkMethod.invokeExplosively(FrameworkMethod.java:44)
	at org.junit.internal.runners.statements.InvokeMethod.evaluate(InvokeMethod.java:17)
	at org.junit.internal.runners.statements.RunBefores.evaluate(RunBefores.java:26)
	at org.junit.internal.runners.statements.RunAfters.evaluate(RunAfters.java:27)
	at org.junit.rules.TestWatcher$1.evaluate(TestWatcher.java:55)
	at org.junit.internal.runners.statements.FailOnTimeout$StatementThread.run(FailOnTimeout.java:74)
</error>
    <system-out><![CDATA[2019-09-12 11:39:54,794 | INFO  | OMAudit | user=jenkins1000 | ip=127.0.0.1 | op=CREATE_VOLUME {admin=admin01860, owner=user69534, volume=volume45973, creationTime=1568288394793, quotaInBytes=1152921504606846976} | ret=SUCCESS |  
2019-09-12 11:39:54,795 | INFO  | OMAudit | user=jenkins1000 | ip=127.0.0.1 | op=CREATE_BUCKET {volume=volume45973, bucket=bucket37825, acls=[], isVersionEnabled=false, storageType=DISK, creationTime=0} | ret=SUCCESS |  
2019-09-12 11:39:54,850 | INFO  | OMAudit | user=jenkins1000 | ip=127.0.0.1 | op=READ_VOLUME {volume=volume45973} | ret=SUCCESS |  
2019-09-12 11:39:54,852 | INFO  | OMAudit | user=jenkins1000 | ip=127.0.0.1 | op=READ_BUCKET {volume=volume45973, bucket=bucket37825} | ret=SUCCESS |  
2019-09-12 11:39:54,853 [Thread-308] INFO  contract.AbstractFSContractTestBase (AbstractFSContractTestBase.java:setup(184)) - Test filesystem = o3fs://bucket37825.volume45973 implemented by OzoneFileSystem{URI=o3fs://bucket37825.volume45973, workingDir=o3fs://bucket37825.volume45973/user/jenkins1000, userName=jenkins1000, statistics=0 bytes read, 0 bytes written, 32 read ops, 0 large read ops, 10 write ops}
2019-09-12 11:39:54,856 | INFO  | OMAudit | user=jenkins1000 | ip=127.0.0.1 | op=CREATE_DIRECTORY {volume=volume45973, bucket=bucket37825, key=test, dataSize=0, replicationType=null, replicationFactor=null, keyLocationInfo=null} | ret=SUCCESS |  
2019-09-12 11:39:54,856 [Thread-308] INFO  contract.AbstractFSContractTestBase (AbstractFSContractTestBase.java:describe(255)) - rename a file into a new file in the same directory
2019-09-12 11:39:54,860 [IPC Server handler 17 on 40526] ERROR pipeline.PipelinePlacementPolicy (PipelinePlacementPolicy.java:meetCriteria(92)) - Pipeline Placement: Doesn't meet the criteria to be viable node. Heaviness: 6
2019-09-12 11:39:54,860 [IPC Server handler 17 on 40526] ERROR pipeline.PipelinePlacementPolicy (PipelinePlacementPolicy.java:meetCriteria(92)) - Pipeline Placement: Doesn't meet the criteria to be viable node. Heaviness: 6
2019-09-12 11:39:54,860 [IPC Server handler 17 on 40526] ERROR pipeline.PipelinePlacementPolicy (PipelinePlacementPolicy.java:meetCriteria(92)) - Pipeline Placement: Doesn't meet the criteria to be viable node. Heaviness: 6
2019-09-12 11:39:54,861 [IPC Server handler 17 on 40526] ERROR pipeline.PipelinePlacementPolicy (PipelinePlacementPolicy.java:meetCriteria(92)) - Pipeline Placement: Doesn't meet the criteria to be viable node. Heaviness: 6
2019-09-12 11:39:54,861 [IPC Server handler 17 on 40526] ERROR pipeline.PipelinePlacementPolicy (PipelinePlacementPolicy.java:meetCriteria(92)) - Pipeline Placement: Doesn't meet the criteria to be viable node. Heaviness: 6
2019-09-12 11:39:54,861 [IPC Server handler 17 on 40526] ERROR pipeline.PipelinePlacementPolicy (PipelinePlacementPolicy.java:filterViableNodes(147)) - Unable to find enough nodes that meet the criteria that cannot engage in more than 5 pipelines. Nodes required: 3 Found: 0, healthy nodes count inNodeManager: 5.
2019-09-12 11:39:54,861 [IPC Server handler 17 on 40526] ERROR pipeline.SCMPipelineManager (SCMPipelineManager.java:createPipeline(161)) - Pipeline creation failed due to exception: Unable to find enough nodes that meet the criteria that cannot engage in more than 5 pipelines. Nodes required: 3 Found: 0, healthy nodes count inNodeManager: 5.
2019-09-12 11:39:54,861 [IPC Server handler 17 on 40526] WARN  block.BlockManagerImpl (BlockManagerImpl.java:allocateBlock(192)) - Pipeline creation failed for type:RATIS factor:THREE. Retrying get pipelines call once.
org.apache.hadoop.hdds.scm.exceptions.SCMException: Unable to find enough nodes that meet the criteria that cannot engage in more than 5 pipelines. Nodes required: 3 Found: 0, healthy nodes count inNodeManager: 5.
	at org.apache.hadoop.hdds.scm.pipeline.PipelinePlacementPolicy.filterViableNodes(PipelinePlacementPolicy.java:148)
	at org.apache.hadoop.hdds.scm.pipeline.PipelinePlacementPolicy.chooseDatanodes(PipelinePlacementPolicy.java:171)
	at org.apache.hadoop.hdds.scm.pipeline.RatisPipelineProvider.create(RatisPipelineProvider.java:100)
	at org.apache.hadoop.hdds.scm.pipeline.PipelineFactory.create(PipelineFactory.java:57)
	at org.apache.hadoop.hdds.scm.pipeline.SCMPipelineManager.createPipeline(SCMPipelineManager.java:149)
	at org.apache.hadoop.hdds.scm.block.BlockManagerImpl.allocateBlock(BlockManagerImpl.java:190)
	at org.apache.hadoop.hdds.scm.server.SCMBlockProtocolServer.allocateBlock(SCMBlockProtocolServer.java:175)
	at org.apache.hadoop.ozone.protocolPB.ScmBlockLocationProtocolServerSideTranslatorPB.allocateScmBlock(ScmBlockLocationProtocolServerSideTranslatorPB.java:153)
	at org.apache.hadoop.ozone.protocolPB.ScmBlockLocationProtocolServerSideTranslatorPB.send(ScmBlockLocationProtocolServerSideTranslatorPB.java:112)
	at org.apache.hadoop.hdds.protocol.proto.ScmBlockLocationProtocolProtos$ScmBlockLocationProtocolService$2.callBlockingMethod(ScmBlockLocationProtocolProtos.java:13157)
	at org.apache.hadoop.ipc.ProtobufRpcEngine$Server$ProtoBufRpcInvoker.call(ProtobufRpcEngine.java:524)
	at org.apache.hadoop.ipc.RPC$Server.call(RPC.java:1025)
	at org.apache.hadoop.ipc.Server$RpcCall.run(Server.java:876)
	at org.apache.hadoop.ipc.Server$RpcCall.run(Server.java:822)
	at java.security.AccessController.doPrivileged(Native Method)
	at javax.security.auth.Subject.doAs(Subject.java:422)
	at org.apache.hadoop.security.UserGroupInformation.doAs(UserGroupInformation.java:1730)
	at org.apache.hadoop.ipc.Server$Handler.run(Server.java:2682)
2019-09-12 11:39:54,862 [IPC Server handler 17 on 40526] INFO  block.BlockManagerImpl (BlockManagerImpl.java:allocateBlock(198)) - Could not find available pipeline of type:RATIS and factor:THREE even after retrying
2019-09-12 11:39:54,862 [IPC Server handler 17 on 40526] ERROR block.BlockManagerImpl (BlockManagerImpl.java:allocateBlock(222)) - Unable to allocate a block for the size: 4194304, type: RATIS, factor: THREE
2019-09-12 11:39:54,862 | INFO  | SCMAudit | user=jenkins1000 | ip=192.168.36.114 | op=ALLOCATE_BLOCK {owner=a576aef0-bfe3-48c1-bbb1-3b28666a5584, size=4194304, type=RATIS, factor=THREE} | ret=SUCCESS |  
2019-09-12 11:39:54,863 | ERROR | OMAudit | user=jenkins1000 | ip=127.0.0.1 | op=CREATE_FILE {volume=volume45973, bucket=bucket37825, key=test/rename_src, dataSize=0, replicationType=RATIS, replicationFactor=THREE, keyLocationInfo=null} | ret=FAILURE | org.apache.hadoop.hdds.scm.exceptions.SCMException: Allocated 0 blocks. Requested 1 blocks
	at org.apache.hadoop.hdds.scm.protocolPB.ScmBlockLocationProtocolClientSideTranslatorPB.handleError(ScmBlockLocationProtocolClientSideTranslatorPB.java:118)
	at org.apache.hadoop.hdds.scm.protocolPB.ScmBlockLocationProtocolClientSideTranslatorPB.allocateBlock(ScmBlockLocationProtocolClientSideTranslatorPB.java:156) 
2019-09-12 11:39:54,865 | INFO  | OMAudit | user=jenkins1000 | ip=127.0.0.1 | op=GET_FILE_STATUS {volume=volume45973, bucket=bucket37825, key=test, dataSize=0, replicationType=null, replicationFactor=null, keyLocationInfo=null} | ret=SUCCESS |  
2019-09-12 11:39:54,867 | INFO  | OMAudit | user=jenkins1000 | ip=127.0.0.1 | op=GET_FILE_STATUS {volume=volume45973, bucket=bucket37825, key=test, dataSize=0, replicationType=null, replicationFactor=null, keyLocationInfo=null} | ret=SUCCESS |  
2019-09-12 11:39:54,869 | INFO  | OMAudit | user=jenkins1000 | ip=127.0.0.1 | op=GET_FILE_STATUS {volume=volume45973, bucket=bucket37825, key=test, dataSize=0, replicationType=null, replicationFactor=null, keyLocationInfo=null} | ret=SUCCESS |  
2019-09-12 11:39:54,871 | INFO  | OMAudit | user=jenkins1000 | ip=127.0.0.1 | op=LIST_KEYS {volume=volume45973, bucket=bucket37825, startKey=, maxKeys=1000, keyPrefix=test/} | ret=SUCCESS |  
2019-09-12 11:39:54,873 | INFO  | OMAudit | user=jenkins1000 | ip=127.0.0.1 | op=DELETE_KEY {volume=volume45973, bucket=bucket37825, key=test/, dataSize=0, replicationType=null, replicationFactor=null, keyLocationInfo=null} | ret=SUCCESS |  
2019-09-12 11:39:54,874 | INFO  | OMAudit | user=jenkins1000 | ip=127.0.0.1 | op=LIST_KEYS {volume=volume45973, bucket=bucket37825, startKey=test/, maxKeys=1000, keyPrefix=test/} | ret=SUCCESS |  
]]></system-out>
  </testcase>
  <testcase name="testRenameNonexistentFile" classname="org.apache.hadoop.fs.ozone.contract.ITestOzoneContractRename" time="0.079"/>
  <testcase name="testRenameDirIntoExistingDir" classname="org.apache.hadoop.fs.ozone.contract.ITestOzoneContractRename" time="0.07">
    <error message="Allocated 0 blocks. Requested 1 blocks" type="INTERNAL_ERROR org.apache.hadoop.ozone.om.exceptions.OMException">INTERNAL_ERROR org.apache.hadoop.ozone.om.exceptions.OMException: Allocated 0 blocks. Requested 1 blocks
	at org.apache.hadoop.ozone.om.protocolPB.OzoneManagerProtocolClientSideTranslatorPB.handleError(OzoneManagerProtocolClientSideTranslatorPB.java:725)
	at org.apache.hadoop.ozone.om.protocolPB.OzoneManagerProtocolClientSideTranslatorPB.createFile(OzoneManagerProtocolClientSideTranslatorPB.java:1474)
	at org.apache.hadoop.ozone.client.rpc.RpcClient.createFile(RpcClient.java:984)
	at org.apache.hadoop.ozone.client.OzoneBucket.createFile(OzoneBucket.java:535)
	at org.apache.hadoop.fs.ozone.BasicOzoneClientAdapterImpl.createFile(BasicOzoneClientAdapterImpl.java:181)
	at org.apache.hadoop.fs.ozone.BasicOzoneFileSystem.createOutputStream(BasicOzoneFileSystem.java:249)
	at org.apache.hadoop.fs.ozone.BasicOzoneFileSystem.create(BasicOzoneFileSystem.java:230)
	at org.apache.hadoop.fs.FileSystem.create(FileSystem.java:1118)
	at org.apache.hadoop.fs.FileSystem.create(FileSystem.java:1098)
	at org.apache.hadoop.fs.contract.ContractTestUtils.writeDataset(ContractTestUtils.java:182)
	at org.apache.hadoop.fs.contract.ContractTestUtils.writeDataset(ContractTestUtils.java:151)
	at org.apache.hadoop.fs.contract.AbstractContractRenameTest.testRenameDirIntoExistingDir(AbstractContractRenameTest.java:144)
	at sun.reflect.NativeMethodAccessorImpl.invoke0(Native Method)
	at sun.reflect.NativeMethodAccessorImpl.invoke(NativeMethodAccessorImpl.java:62)
	at sun.reflect.DelegatingMethodAccessorImpl.invoke(DelegatingMethodAccessorImpl.java:43)
	at java.lang.reflect.Method.invoke(Method.java:498)
	at org.junit.runners.model.FrameworkMethod$1.runReflectiveCall(FrameworkMethod.java:47)
	at org.junit.internal.runners.model.ReflectiveCallable.run(ReflectiveCallable.java:12)
	at org.junit.runners.model.FrameworkMethod.invokeExplosively(FrameworkMethod.java:44)
	at org.junit.internal.runners.statements.InvokeMethod.evaluate(InvokeMethod.java:17)
	at org.junit.internal.runners.statements.RunBefores.evaluate(RunBefores.java:26)
	at org.junit.internal.runners.statements.RunAfters.evaluate(RunAfters.java:27)
	at org.junit.rules.TestWatcher$1.evaluate(TestWatcher.java:55)
	at org.junit.internal.runners.statements.FailOnTimeout$StatementThread.run(FailOnTimeout.java:74)
</error>
    <system-out><![CDATA[2019-09-12 11:39:54,959 | INFO  | OMAudit | user=jenkins1000 | ip=127.0.0.1 | op=CREATE_VOLUME {admin=admin80753, owner=user14496, volume=volume60863, creationTime=1568288394958, quotaInBytes=1152921504606846976} | ret=SUCCESS |  
2019-09-12 11:39:54,960 | INFO  | OMAudit | user=jenkins1000 | ip=127.0.0.1 | op=CREATE_BUCKET {volume=volume60863, bucket=bucket24063, acls=[], isVersionEnabled=false, storageType=DISK, creationTime=0} | ret=SUCCESS |  
2019-09-12 11:39:54,989 | INFO  | SCMAudit | user=jenkins1000 | ip=192.168.36.114 | op=SEND_HEARTBEAT {datanodeUUID=9148d988-312e-4bdf-a5a7-32d9d6de346b, command=[]} | ret=SUCCESS |  
2019-09-12 11:39:55,001 | INFO  | OMAudit | user=jenkins1000 | ip=127.0.0.1 | op=READ_VOLUME {volume=volume60863} | ret=SUCCESS |  
2019-09-12 11:39:55,003 | INFO  | OMAudit | user=jenkins1000 | ip=127.0.0.1 | op=READ_BUCKET {volume=volume60863, bucket=bucket24063} | ret=SUCCESS |  
2019-09-12 11:39:55,004 [Thread-310] INFO  contract.AbstractFSContractTestBase (AbstractFSContractTestBase.java:setup(184)) - Test filesystem = o3fs://bucket24063.volume60863 implemented by OzoneFileSystem{URI=o3fs://bucket24063.volume60863, workingDir=o3fs://bucket24063.volume60863/user/jenkins1000, userName=jenkins1000, statistics=0 bytes read, 0 bytes written, 40 read ops, 0 large read ops, 14 write ops}
2019-09-12 11:39:55,006 | INFO  | OMAudit | user=jenkins1000 | ip=127.0.0.1 | op=CREATE_DIRECTORY {volume=volume60863, bucket=bucket24063, key=test, dataSize=0, replicationType=null, replicationFactor=null, keyLocationInfo=null} | ret=SUCCESS |  
2019-09-12 11:39:55,006 [Thread-310] INFO  contract.AbstractFSContractTestBase (AbstractFSContractTestBase.java:describe(255)) - Verify renaming a dir into an existing dir puts it underneath and leaves existing files alone
2019-09-12 11:39:55,009 [IPC Server handler 14 on 40526] ERROR pipeline.PipelinePlacementPolicy (PipelinePlacementPolicy.java:meetCriteria(92)) - Pipeline Placement: Doesn't meet the criteria to be viable node. Heaviness: 6
2019-09-12 11:39:55,009 [IPC Server handler 14 on 40526] ERROR pipeline.PipelinePlacementPolicy (PipelinePlacementPolicy.java:meetCriteria(92)) - Pipeline Placement: Doesn't meet the criteria to be viable node. Heaviness: 6
2019-09-12 11:39:55,010 [IPC Server handler 14 on 40526] ERROR pipeline.PipelinePlacementPolicy (PipelinePlacementPolicy.java:meetCriteria(92)) - Pipeline Placement: Doesn't meet the criteria to be viable node. Heaviness: 6
2019-09-12 11:39:55,010 [IPC Server handler 14 on 40526] ERROR pipeline.PipelinePlacementPolicy (PipelinePlacementPolicy.java:meetCriteria(92)) - Pipeline Placement: Doesn't meet the criteria to be viable node. Heaviness: 6
2019-09-12 11:39:55,010 [IPC Server handler 14 on 40526] ERROR pipeline.PipelinePlacementPolicy (PipelinePlacementPolicy.java:meetCriteria(92)) - Pipeline Placement: Doesn't meet the criteria to be viable node. Heaviness: 6
2019-09-12 11:39:55,010 [IPC Server handler 14 on 40526] ERROR pipeline.PipelinePlacementPolicy (PipelinePlacementPolicy.java:filterViableNodes(147)) - Unable to find enough nodes that meet the criteria that cannot engage in more than 5 pipelines. Nodes required: 3 Found: 0, healthy nodes count inNodeManager: 5.
2019-09-12 11:39:55,010 [IPC Server handler 14 on 40526] ERROR pipeline.SCMPipelineManager (SCMPipelineManager.java:createPipeline(161)) - Pipeline creation failed due to exception: Unable to find enough nodes that meet the criteria that cannot engage in more than 5 pipelines. Nodes required: 3 Found: 0, healthy nodes count inNodeManager: 5.
2019-09-12 11:39:55,010 [IPC Server handler 14 on 40526] WARN  block.BlockManagerImpl (BlockManagerImpl.java:allocateBlock(192)) - Pipeline creation failed for type:RATIS factor:THREE. Retrying get pipelines call once.
org.apache.hadoop.hdds.scm.exceptions.SCMException: Unable to find enough nodes that meet the criteria that cannot engage in more than 5 pipelines. Nodes required: 3 Found: 0, healthy nodes count inNodeManager: 5.
	at org.apache.hadoop.hdds.scm.pipeline.PipelinePlacementPolicy.filterViableNodes(PipelinePlacementPolicy.java:148)
	at org.apache.hadoop.hdds.scm.pipeline.PipelinePlacementPolicy.chooseDatanodes(PipelinePlacementPolicy.java:171)
	at org.apache.hadoop.hdds.scm.pipeline.RatisPipelineProvider.create(RatisPipelineProvider.java:100)
	at org.apache.hadoop.hdds.scm.pipeline.PipelineFactory.create(PipelineFactory.java:57)
	at org.apache.hadoop.hdds.scm.pipeline.SCMPipelineManager.createPipeline(SCMPipelineManager.java:149)
	at org.apache.hadoop.hdds.scm.block.BlockManagerImpl.allocateBlock(BlockManagerImpl.java:190)
	at org.apache.hadoop.hdds.scm.server.SCMBlockProtocolServer.allocateBlock(SCMBlockProtocolServer.java:175)
	at org.apache.hadoop.ozone.protocolPB.ScmBlockLocationProtocolServerSideTranslatorPB.allocateScmBlock(ScmBlockLocationProtocolServerSideTranslatorPB.java:153)
	at org.apache.hadoop.ozone.protocolPB.ScmBlockLocationProtocolServerSideTranslatorPB.send(ScmBlockLocationProtocolServerSideTranslatorPB.java:112)
	at org.apache.hadoop.hdds.protocol.proto.ScmBlockLocationProtocolProtos$ScmBlockLocationProtocolService$2.callBlockingMethod(ScmBlockLocationProtocolProtos.java:13157)
	at org.apache.hadoop.ipc.ProtobufRpcEngine$Server$ProtoBufRpcInvoker.call(ProtobufRpcEngine.java:524)
	at org.apache.hadoop.ipc.RPC$Server.call(RPC.java:1025)
	at org.apache.hadoop.ipc.Server$RpcCall.run(Server.java:876)
	at org.apache.hadoop.ipc.Server$RpcCall.run(Server.java:822)
	at java.security.AccessController.doPrivileged(Native Method)
	at javax.security.auth.Subject.doAs(Subject.java:422)
	at org.apache.hadoop.security.UserGroupInformation.doAs(UserGroupInformation.java:1730)
	at org.apache.hadoop.ipc.Server$Handler.run(Server.java:2682)
2019-09-12 11:39:55,013 [IPC Server handler 14 on 40526] INFO  block.BlockManagerImpl (BlockManagerImpl.java:allocateBlock(198)) - Could not find available pipeline of type:RATIS and factor:THREE even after retrying
2019-09-12 11:39:55,013 [IPC Server handler 14 on 40526] ERROR block.BlockManagerImpl (BlockManagerImpl.java:allocateBlock(222)) - Unable to allocate a block for the size: 4194304, type: RATIS, factor: THREE
2019-09-12 11:39:55,013 | INFO  | SCMAudit | user=jenkins1000 | ip=192.168.36.114 | op=ALLOCATE_BLOCK {owner=a576aef0-bfe3-48c1-bbb1-3b28666a5584, size=4194304, type=RATIS, factor=THREE} | ret=SUCCESS |  
2019-09-12 11:39:55,014 | ERROR | OMAudit | user=jenkins1000 | ip=127.0.0.1 | op=CREATE_FILE {volume=volume60863, bucket=bucket24063, key=test/source/source-256.txt, dataSize=0, replicationType=RATIS, replicationFactor=THREE, keyLocationInfo=null} | ret=FAILURE | org.apache.hadoop.hdds.scm.exceptions.SCMException: Allocated 0 blocks. Requested 1 blocks
	at org.apache.hadoop.hdds.scm.protocolPB.ScmBlockLocationProtocolClientSideTranslatorPB.handleError(ScmBlockLocationProtocolClientSideTranslatorPB.java:118)
	at org.apache.hadoop.hdds.scm.protocolPB.ScmBlockLocationProtocolClientSideTranslatorPB.allocateBlock(ScmBlockLocationProtocolClientSideTranslatorPB.java:156) 
2019-09-12 11:39:55,016 | INFO  | OMAudit | user=jenkins1000 | ip=127.0.0.1 | op=GET_FILE_STATUS {volume=volume60863, bucket=bucket24063, key=test, dataSize=0, replicationType=null, replicationFactor=null, keyLocationInfo=null} | ret=SUCCESS |  
2019-09-12 11:39:55,018 | INFO  | OMAudit | user=jenkins1000 | ip=127.0.0.1 | op=GET_FILE_STATUS {volume=volume60863, bucket=bucket24063, key=test, dataSize=0, replicationType=null, replicationFactor=null, keyLocationInfo=null} | ret=SUCCESS |  
2019-09-12 11:39:55,019 | INFO  | OMAudit | user=jenkins1000 | ip=127.0.0.1 | op=GET_FILE_STATUS {volume=volume60863, bucket=bucket24063, key=test, dataSize=0, replicationType=null, replicationFactor=null, keyLocationInfo=null} | ret=SUCCESS |  
2019-09-12 11:39:55,021 | INFO  | OMAudit | user=jenkins1000 | ip=127.0.0.1 | op=LIST_KEYS {volume=volume60863, bucket=bucket24063, startKey=, maxKeys=1000, keyPrefix=test/} | ret=SUCCESS |  
2019-09-12 11:39:55,023 | INFO  | OMAudit | user=jenkins1000 | ip=127.0.0.1 | op=DELETE_KEY {volume=volume60863, bucket=bucket24063, key=test/, dataSize=0, replicationType=null, replicationFactor=null, keyLocationInfo=null} | ret=SUCCESS |  
2019-09-12 11:39:55,024 | INFO  | OMAudit | user=jenkins1000 | ip=127.0.0.1 | op=LIST_KEYS {volume=volume60863, bucket=bucket24063, startKey=test/, maxKeys=1000, keyPrefix=test/} | ret=SUCCESS |  
]]></system-out>
  </testcase>
</testsuite>