<?xml version="1.0" encoding="UTF-8"?>
<testsuite xmlns:xsi="http://www.w3.org/2001/XMLSchema-instance" xsi:noNamespaceSchemaLocation="https://maven.apache.org/surefire/maven-surefire-plugin/xsd/surefire-test-report.xsd" name="org.apache.hadoop.fs.ozone.TestOzoneFileInterfaces" time="215.884" tests="12" errors="2" skipped="0" failures="0">
  <properties>
    <property name="awt.toolkit" value="sun.awt.X11.XToolkit"/>
    <property name="file.encoding.pkg" value="sun.io"/>
    <property name="java.specification.version" value="1.8"/>
    <property name="sun.cpu.isalist" value=""/>
    <property name="sun.jnu.encoding" value="UTF-8"/>
    <property name="java.class.path" value="/workdir/hadoop-ozone/ozonefs/target/test-classes:/workdir/hadoop-ozone/ozonefs/target/classes:/home/user/.m2/repository/org/apache/hadoop/hadoop-common/3.2.0/hadoop-common-3.2.0.jar:/home/user/.m2/repository/org/apache/hadoop/hadoop-annotations/3.2.0/hadoop-annotations-3.2.0.jar:/usr/lib/jvm/java-1.8-openjdk/jre/../lib/tools.jar:/home/user/.m2/repository/com/google/guava/guava/11.0.2/guava-11.0.2.jar:/home/user/.m2/repository/commons-cli/commons-cli/1.2/commons-cli-1.2.jar:/home/user/.m2/repository/org/apache/commons/commons-math3/3.1.1/commons-math3-3.1.1.jar:/home/user/.m2/repository/org/apache/httpcomponents/httpclient/4.5.2/httpclient-4.5.2.jar:/home/user/.m2/repository/org/apache/httpcomponents/httpcore/4.4.4/httpcore-4.4.4.jar:/home/user/.m2/repository/commons-codec/commons-codec/1.11/commons-codec-1.11.jar:/home/user/.m2/repository/commons-io/commons-io/2.5/commons-io-2.5.jar:/home/user/.m2/repository/commons-net/commons-net/3.6/commons-net-3.6.jar:/home/user/.m2/repository/commons-collections/commons-collections/3.2.2/commons-collections-3.2.2.jar:/home/user/.m2/repository/javax/servlet/javax.servlet-api/3.1.0/javax.servlet-api-3.1.0.jar:/home/user/.m2/repository/org/eclipse/jetty/jetty-server/9.3.24.v20180605/jetty-server-9.3.24.v20180605.jar:/home/user/.m2/repository/org/eclipse/jetty/jetty-http/9.3.24.v20180605/jetty-http-9.3.24.v20180605.jar:/home/user/.m2/repository/org/eclipse/jetty/jetty-io/9.3.24.v20180605/jetty-io-9.3.24.v20180605.jar:/home/user/.m2/repository/org/eclipse/jetty/jetty-util/9.3.24.v20180605/jetty-util-9.3.24.v20180605.jar:/home/user/.m2/repository/org/eclipse/jetty/jetty-servlet/9.3.24.v20180605/jetty-servlet-9.3.24.v20180605.jar:/home/user/.m2/repository/org/eclipse/jetty/jetty-security/9.3.24.v20180605/jetty-security-9.3.24.v20180605.jar:/home/user/.m2/repository/org/eclipse/jetty/jetty-webapp/9.3.24.v20180605/jetty-webapp-9.3.24.v20180605.jar:/home/user/.m2/repository/org/eclipse/jetty/jetty-xml/9.3.24.v20180605/jetty-xml-9.3.24.v20180605.jar:/home/user/.m2/repository/javax/servlet/jsp/jsp-api/2.1/jsp-api-2.1.jar:/home/user/.m2/repository/com/sun/jersey/jersey-core/1.19/jersey-core-1.19.jar:/home/user/.m2/repository/javax/ws/rs/jsr311-api/1.1.1/jsr311-api-1.1.1.jar:/home/user/.m2/repository/com/sun/jersey/jersey-servlet/1.19/jersey-servlet-1.19.jar:/home/user/.m2/repository/com/sun/jersey/jersey-json/1.19/jersey-json-1.19.jar:/home/user/.m2/repository/org/codehaus/jettison/jettison/1.1/jettison-1.1.jar:/home/user/.m2/repository/com/sun/xml/bind/jaxb-impl/2.3.0.1/jaxb-impl-2.3.0.1.jar:/home/user/.m2/repository/org/codehaus/jackson/jackson-core-asl/1.9.13/jackson-core-asl-1.9.13.jar:/home/user/.m2/repository/org/codehaus/jackson/jackson-mapper-asl/1.9.13/jackson-mapper-asl-1.9.13.jar:/home/user/.m2/repository/org/codehaus/jackson/jackson-jaxrs/1.9.13/jackson-jaxrs-1.9.13.jar:/home/user/.m2/repository/org/codehaus/jackson/jackson-xc/1.9.13/jackson-xc-1.9.13.jar:/home/user/.m2/repository/com/sun/jersey/jersey-server/1.19/jersey-server-1.19.jar:/home/user/.m2/repository/commons-logging/commons-logging/1.1.3/commons-logging-1.1.3.jar:/home/user/.m2/repository/log4j/log4j/1.2.17/log4j-1.2.17.jar:/home/user/.m2/repository/commons-beanutils/commons-beanutils/1.9.3/commons-beanutils-1.9.3.jar:/home/user/.m2/repository/org/apache/commons/commons-configuration2/2.1.1/commons-configuration2-2.1.1.jar:/home/user/.m2/repository/org/apache/commons/commons-lang3/3.7/commons-lang3-3.7.jar:/home/user/.m2/repository/org/apache/commons/commons-text/1.4/commons-text-1.4.jar:/home/user/.m2/repository/org/slf4j/slf4j-api/1.7.25/slf4j-api-1.7.25.jar:/home/user/.m2/repository/org/slf4j/slf4j-log4j12/1.7.25/slf4j-log4j12-1.7.25.jar:/home/user/.m2/repository/org/apache/avro/avro/1.7.7/avro-1.7.7.jar:/home/user/.m2/repository/com/thoughtworks/paranamer/paranamer/2.3/paranamer-2.3.jar:/home/user/.m2/repository/org/xerial/snappy/snappy-java/1.0.5/snappy-java-1.0.5.jar:/home/user/.m2/repository/com/google/re2j/re2j/1.1/re2j-1.1.jar:/home/user/.m2/repository/com/google/protobuf/protobuf-java/2.5.0/protobuf-java-2.5.0.jar:/home/user/.m2/repository/com/google/code/gson/gson/2.2.4/gson-2.2.4.jar:/home/user/.m2/repository/org/apache/hadoop/hadoop-auth/3.2.0/hadoop-auth-3.2.0.jar:/home/user/.m2/repository/com/nimbusds/nimbus-jose-jwt/4.41.1/nimbus-jose-jwt-4.41.1.jar:/home/user/.m2/repository/com/github/stephenc/jcip/jcip-annotations/1.0-1/jcip-annotations-1.0-1.jar:/home/user/.m2/repository/net/minidev/json-smart/2.3/json-smart-2.3.jar:/home/user/.m2/repository/net/minidev/accessors-smart/1.2/accessors-smart-1.2.jar:/home/user/.m2/repository/org/apache/curator/curator-framework/2.12.0/curator-framework-2.12.0.jar:/home/user/.m2/repository/com/jcraft/jsch/0.1.54/jsch-0.1.54.jar:/home/user/.m2/repository/org/apache/curator/curator-client/2.12.0/curator-client-2.12.0.jar:/home/user/.m2/repository/org/apache/curator/curator-recipes/2.12.0/curator-recipes-2.12.0.jar:/home/user/.m2/repository/com/google/code/findbugs/jsr305/3.0.0/jsr305-3.0.0.jar:/home/user/.m2/repository/org/apache/htrace/htrace-core4/4.1.0-incubating/htrace-core4-4.1.0-incubating.jar:/home/user/.m2/repository/org/apache/zookeeper/zookeeper/3.4.13/zookeeper-3.4.13.jar:/home/user/.m2/repository/org/apache/yetus/audience-annotations/0.5.0/audience-annotations-0.5.0.jar:/home/user/.m2/repository/org/apache/commons/commons-compress/1.4.1/commons-compress-1.4.1.jar:/home/user/.m2/repository/org/tukaani/xz/1.0/xz-1.0.jar:/home/user/.m2/repository/org/apache/kerby/kerb-simplekdc/1.0.1/kerb-simplekdc-1.0.1.jar:/home/user/.m2/repository/org/apache/kerby/kerb-client/1.0.1/kerb-client-1.0.1.jar:/home/user/.m2/repository/org/apache/kerby/kerby-config/1.0.1/kerby-config-1.0.1.jar:/home/user/.m2/repository/org/apache/kerby/kerb-core/1.0.1/kerb-core-1.0.1.jar:/home/user/.m2/repository/org/apache/kerby/kerby-pkix/1.0.1/kerby-pkix-1.0.1.jar:/home/user/.m2/repository/org/apache/kerby/kerby-asn1/1.0.1/kerby-asn1-1.0.1.jar:/home/user/.m2/repository/org/apache/kerby/kerby-util/1.0.1/kerby-util-1.0.1.jar:/home/user/.m2/repository/org/apache/kerby/kerb-common/1.0.1/kerb-common-1.0.1.jar:/home/user/.m2/repository/org/apache/kerby/kerb-crypto/1.0.1/kerb-crypto-1.0.1.jar:/home/user/.m2/repository/org/apache/kerby/kerb-util/1.0.1/kerb-util-1.0.1.jar:/home/user/.m2/repository/org/apache/kerby/token-provider/1.0.1/token-provider-1.0.1.jar:/home/user/.m2/repository/org/apache/kerby/kerb-admin/1.0.1/kerb-admin-1.0.1.jar:/home/user/.m2/repository/org/apache/kerby/kerb-server/1.0.1/kerb-server-1.0.1.jar:/home/user/.m2/repository/org/apache/kerby/kerb-identity/1.0.1/kerb-identity-1.0.1.jar:/home/user/.m2/repository/org/apache/kerby/kerby-xdr/1.0.1/kerby-xdr-1.0.1.jar:/home/user/.m2/repository/com/fasterxml/jackson/core/jackson-databind/2.9.5/jackson-databind-2.9.5.jar:/home/user/.m2/repository/com/fasterxml/jackson/core/jackson-annotations/2.9.5/jackson-annotations-2.9.5.jar:/home/user/.m2/repository/com/fasterxml/jackson/core/jackson-core/2.9.5/jackson-core-2.9.5.jar:/home/user/.m2/repository/org/codehaus/woodstox/stax2-api/3.1.4/stax2-api-3.1.4.jar:/home/user/.m2/repository/com/fasterxml/woodstox/woodstox-core/5.0.3/woodstox-core-5.0.3.jar:/home/user/.m2/repository/dnsjava/dnsjava/2.1.7/dnsjava-2.1.7.jar:/home/user/.m2/repository/org/apache/hadoop/hadoop-hdfs/3.2.0/hadoop-hdfs-3.2.0.jar:/home/user/.m2/repository/org/eclipse/jetty/jetty-util-ajax/9.3.24.v20180605/jetty-util-ajax-9.3.24.v20180605.jar:/home/user/.m2/repository/commons-daemon/commons-daemon/1.0.13/commons-daemon-1.0.13.jar:/home/user/.m2/repository/io/netty/netty/3.10.5.Final/netty-3.10.5.Final.jar:/home/user/.m2/repository/io/netty/netty-all/4.0.52.Final/netty-all-4.0.52.Final.jar:/home/user/.m2/repository/org/fusesource/leveldbjni/leveldbjni-all/1.8/leveldbjni-all-1.8.jar:/home/user/.m2/repository/org/apache/hadoop/hadoop-hdds-common/0.5.0-SNAPSHOT/hadoop-hdds-common-0.5.0-SNAPSHOT.jar:/home/user/.m2/repository/org/apache/hadoop/hadoop-hdds-config/0.5.0-SNAPSHOT/hadoop-hdds-config-0.5.0-SNAPSHOT.jar:/home/user/.m2/repository/javax/annotation/javax.annotation-api/1.2/javax.annotation-api-1.2.jar:/home/user/.m2/repository/org/apache/ratis/ratis-server/0.4.0-2337318-SNAPSHOT/ratis-server-0.4.0-2337318-SNAPSHOT.jar:/home/user/.m2/repository/org/apache/ratis/ratis-thirdparty-misc/0.2.0/ratis-thirdparty-misc-0.2.0.jar:/home/user/.m2/repository/org/apache/ratis/ratis-proto/0.4.0-2337318-SNAPSHOT/ratis-proto-0.4.0-2337318-SNAPSHOT.jar:/home/user/.m2/repository/org/apache/ratis/ratis-common/0.4.0-2337318-SNAPSHOT/ratis-common-0.4.0-2337318-SNAPSHOT.jar:/home/user/.m2/repository/org/apache/ratis/ratis-client/0.4.0-2337318-SNAPSHOT/ratis-client-0.4.0-2337318-SNAPSHOT.jar:/home/user/.m2/repository/org/apache/ratis/ratis-metrics/0.4.0-2337318-SNAPSHOT/ratis-metrics-0.4.0-2337318-SNAPSHOT.jar:/home/user/.m2/repository/org/apache/ratis/ratis-netty/0.4.0-2337318-SNAPSHOT/ratis-netty-0.4.0-2337318-SNAPSHOT.jar:/home/user/.m2/repository/org/apache/ratis/ratis-grpc/0.4.0-2337318-SNAPSHOT/ratis-grpc-0.4.0-2337318-SNAPSHOT.jar:/home/user/.m2/repository/org/rocksdb/rocksdbjni/6.0.1/rocksdbjni-6.0.1.jar:/home/user/.m2/repository/org/apache/logging/log4j/log4j-api/2.11.0/log4j-api-2.11.0.jar:/home/user/.m2/repository/org/apache/logging/log4j/log4j-core/2.11.0/log4j-core-2.11.0.jar:/home/user/.m2/repository/com/lmax/disruptor/3.4.2/disruptor-3.4.2.jar:/home/user/.m2/repository/org/apache/commons/commons-pool2/2.6.0/commons-pool2-2.6.0.jar:/home/user/.m2/repository/org/bouncycastle/bcpkix-jdk15on/1.60/bcpkix-jdk15on-1.60.jar:/home/user/.m2/repository/commons-validator/commons-validator/1.6/commons-validator-1.6.jar:/home/user/.m2/repository/commons-digester/commons-digester/1.8.1/commons-digester-1.8.1.jar:/home/user/.m2/repository/io/jaegertracing/jaeger-client/0.33.1/jaeger-client-0.33.1.jar:/home/user/.m2/repository/io/jaegertracing/jaeger-thrift/0.33.1/jaeger-thrift-0.33.1.jar:/home/user/.m2/repository/org/apache/thrift/libthrift/0.11.0/libthrift-0.11.0.jar:/home/user/.m2/repository/com/squareup/okhttp3/okhttp/3.9.0/okhttp-3.9.0.jar:/home/user/.m2/repository/com/squareup/okio/okio/1.13.0/okio-1.13.0.jar:/home/user/.m2/repository/io/jaegertracing/jaeger-core/0.33.1/jaeger-core-0.33.1.jar:/home/user/.m2/repository/io/jaegertracing/jaeger-tracerresolver/0.33.1/jaeger-tracerresolver-0.33.1.jar:/home/user/.m2/repository/io/opentracing/contrib/opentracing-tracerresolver/0.1.5/opentracing-tracerresolver-0.1.5.jar:/home/user/.m2/repository/io/opentracing/opentracing-util/0.31.0/opentracing-util-0.31.0.jar:/home/user/.m2/repository/io/opentracing/opentracing-api/0.31.0/opentracing-api-0.31.0.jar:/home/user/.m2/repository/io/opentracing/opentracing-noop/0.31.0/opentracing-noop-0.31.0.jar:/home/user/.m2/repository/org/yaml/snakeyaml/1.16/snakeyaml-1.16.jar:/home/user/.m2/repository/org/apache/hadoop/hadoop-hdfs-client/3.2.0/hadoop-hdfs-client-3.2.0.jar:/home/user/.m2/repository/info/picocli/picocli/3.9.6/picocli-3.9.6.jar:/home/user/.m2/repository/org/apache/hadoop/hadoop-hdds-server-scm/0.5.0-SNAPSHOT/hadoop-hdds-server-scm-0.5.0-SNAPSHOT.jar:/home/user/.m2/repository/org/apache/hadoop/hadoop-hdds-docs/0.5.0-SNAPSHOT/hadoop-hdds-docs-0.5.0-SNAPSHOT.jar:/home/user/.m2/repository/io/dropwizard/metrics/metrics-core/3.2.4/metrics-core-3.2.4.jar:/home/user/.m2/repository/org/hamcrest/hamcrest-all/1.3/hamcrest-all-1.3.jar:/home/user/.m2/repository/org/bouncycastle/bcprov-jdk15on/1.60/bcprov-jdk15on-1.60.jar:/home/user/.m2/repository/org/apache/hadoop/hadoop-hdds-server-framework/0.5.0-SNAPSHOT/hadoop-hdds-server-framework-0.5.0-SNAPSHOT.jar:/home/user/.m2/repository/org/apache/hadoop/hadoop-ozone-ozone-manager/0.5.0-SNAPSHOT/hadoop-ozone-ozone-manager-0.5.0-SNAPSHOT.jar:/home/user/.m2/repository/org/apache/hadoop/hadoop-hdds-container-service/0.5.0-SNAPSHOT/hadoop-hdds-container-service-0.5.0-SNAPSHOT.jar:/home/user/.m2/repository/org/apache/hadoop/hadoop-hdds-client/0.5.0-SNAPSHOT/hadoop-hdds-client-0.5.0-SNAPSHOT.jar:/home/user/.m2/repository/org/apache/hadoop/hadoop-ozone-common/0.5.0-SNAPSHOT/hadoop-ozone-common-0.5.0-SNAPSHOT.jar:/home/user/.m2/repository/org/apache/hadoop/hadoop-hdds-tools/0.5.0-SNAPSHOT/hadoop-hdds-tools-0.5.0-SNAPSHOT.jar:/home/user/.m2/repository/org/xerial/sqlite-jdbc/3.25.2/sqlite-jdbc-3.25.2.jar:/home/user/.m2/repository/org/apache/hadoop/hadoop-ozone-objectstore-service/0.5.0-SNAPSHOT/hadoop-ozone-objectstore-service-0.5.0-SNAPSHOT.jar:/home/user/.m2/repository/com/google/code/findbugs/findbugs/3.0.1/findbugs-3.0.1.jar:/home/user/.m2/repository/net/jcip/jcip-annotations/1.0/jcip-annotations-1.0.jar:/home/user/.m2/repository/com/google/code/findbugs/bcel-findbugs/6.0/bcel-findbugs-6.0.jar:/home/user/.m2/repository/com/google/code/findbugs/jFormatString/2.0.1/jFormatString-2.0.1.jar:/home/user/.m2/repository/dom4j/dom4j/1.6.1/dom4j-1.6.1.jar:/home/user/.m2/repository/xml-apis/xml-apis/1.0.b2/xml-apis-1.0.b2.jar:/home/user/.m2/repository/org/ow2/asm/asm-debug-all/5.0.2/asm-debug-all-5.0.2.jar:/home/user/.m2/repository/org/ow2/asm/asm-commons/5.0.2/asm-commons-5.0.2.jar:/home/user/.m2/repository/org/ow2/asm/asm-tree/5.0.2/asm-tree-5.0.2.jar:/home/user/.m2/repository/org/ow2/asm/asm/5.0.4/asm-5.0.4.jar:/home/user/.m2/repository/commons-lang/commons-lang/2.6/commons-lang-2.6.jar:/home/user/.m2/repository/com/apple/AppleJavaExtensions/1.4/AppleJavaExtensions-1.4.jar:/home/user/.m2/repository/jaxen/jaxen/1.1.6/jaxen-1.1.6.jar:/home/user/.m2/repository/org/apache/hadoop/hadoop-common/3.2.0/hadoop-common-3.2.0-tests.jar:/home/user/.m2/repository/org/apache/hadoop/hadoop-ozone-client/0.5.0-SNAPSHOT/hadoop-ozone-client-0.5.0-SNAPSHOT.jar:/home/user/.m2/repository/org/apache/hadoop/hadoop-hdfs/3.2.0/hadoop-hdfs-3.2.0-tests.jar:/workdir/hadoop-ozone/integration-test/target/test-classes:/home/user/.m2/repository/org/apache/hadoop/hadoop-ozone-s3gateway/0.5.0-SNAPSHOT/hadoop-ozone-s3gateway-0.5.0-SNAPSHOT.jar:/home/user/.m2/repository/org/jboss/weld/servlet/weld-servlet/2.4.7.Final/weld-servlet-2.4.7.Final.jar:/home/user/.m2/repository/org/glassfish/jersey/containers/jersey-container-servlet-core/2.27/jersey-container-servlet-core-2.27.jar:/home/user/.m2/repository/org/glassfish/hk2/external/javax.inject/2.5.0-b42/javax.inject-2.5.0-b42.jar:/home/user/.m2/repository/org/glassfish/jersey/core/jersey-common/2.27/jersey-common-2.27.jar:/home/user/.m2/repository/org/glassfish/hk2/osgi-resource-locator/1.0.1/osgi-resource-locator-1.0.1.jar:/home/user/.m2/repository/javax/ws/rs/javax.ws.rs-api/2.1/javax.ws.rs-api-2.1.jar:/home/user/.m2/repository/org/glassfish/jersey/ext/cdi/jersey-cdi1x/2.27/jersey-cdi1x-2.27.jar:/home/user/.m2/repository/org/glassfish/jersey/inject/jersey-hk2/2.27/jersey-hk2-2.27.jar:/home/user/.m2/repository/org/glassfish/hk2/hk2-locator/2.5.0-b42/hk2-locator-2.5.0-b42.jar:/home/user/.m2/repository/org/javassist/javassist/3.22.0-CR2/javassist-3.22.0-CR2.jar:/home/user/.m2/repository/org/glassfish/hk2/hk2-api/2.5.0/hk2-api-2.5.0.jar:/home/user/.m2/repository/org/glassfish/hk2/external/jakarta.inject/2.5.0/jakarta.inject-2.5.0.jar:/home/user/.m2/repository/org/glassfish/hk2/hk2-utils/2.5.0/hk2-utils-2.5.0.jar:/home/user/.m2/repository/jakarta/annotation/jakarta.annotation-api/1.3.4/jakarta.annotation-api-1.3.4.jar:/home/user/.m2/repository/org/glassfish/hk2/external/aopalliance-repackaged/2.5.0/aopalliance-repackaged-2.5.0.jar:/home/user/.m2/repository/com/fasterxml/jackson/dataformat/jackson-dataformat-xml/2.9.0/jackson-dataformat-xml-2.9.0.jar:/home/user/.m2/repository/com/fasterxml/jackson/module/jackson-module-jaxb-annotations/2.9.5/jackson-module-jaxb-annotations-2.9.5.jar:/home/user/.m2/repository/javax/enterprise/cdi-api/1.2/cdi-api-1.2.jar:/home/user/.m2/repository/javax/el/javax.el-api/3.0.0/javax.el-api-3.0.0.jar:/home/user/.m2/repository/javax/interceptor/javax.interceptor-api/1.2/javax.interceptor-api-1.2.jar:/home/user/.m2/repository/javax/inject/javax.inject/1/javax.inject-1.jar:/home/user/.m2/repository/com/sun/xml/bind/jaxb-core/2.3.0.1/jaxb-core-2.3.0.1.jar:/home/user/.m2/repository/javax/xml/bind/jaxb-api/2.3.0/jaxb-api-2.3.0.jar:/home/user/.m2/repository/javax/activation/activation/1.1.1/activation-1.1.1.jar:/home/user/.m2/repository/org/apache/hadoop/hadoop-ozone-csi/0.5.0-SNAPSHOT/hadoop-ozone-csi-0.5.0-SNAPSHOT.jar:/home/user/.m2/repository/com/google/protobuf/protobuf-java-util/3.5.1/protobuf-java-util-3.5.1.jar:/home/user/.m2/repository/io/grpc/grpc-netty/1.17.1/grpc-netty-1.17.1.jar:/home/user/.m2/repository/io/grpc/grpc-core/1.17.1/grpc-core-1.17.1.jar:/home/user/.m2/repository/io/grpc/grpc-context/1.17.1/grpc-context-1.17.1.jar:/home/user/.m2/repository/com/google/errorprone/error_prone_annotations/2.2.0/error_prone_annotations-2.2.0.jar:/home/user/.m2/repository/org/codehaus/mojo/animal-sniffer-annotations/1.17/animal-sniffer-annotations-1.17.jar:/home/user/.m2/repository/io/opencensus/opencensus-api/0.17.0/opencensus-api-0.17.0.jar:/home/user/.m2/repository/io/opencensus/opencensus-contrib-grpc-metrics/0.17.0/opencensus-contrib-grpc-metrics-0.17.0.jar:/home/user/.m2/repository/io/netty/netty-codec-http2/4.1.30.Final/netty-codec-http2-4.1.30.Final.jar:/home/user/.m2/repository/io/netty/netty-codec-http/4.1.30.Final/netty-codec-http-4.1.30.Final.jar:/home/user/.m2/repository/io/netty/netty-codec/4.1.30.Final/netty-codec-4.1.30.Final.jar:/home/user/.m2/repository/io/netty/netty-handler/4.1.30.Final/netty-handler-4.1.30.Final.jar:/home/user/.m2/repository/io/netty/netty-handler-proxy/4.1.30.Final/netty-handler-proxy-4.1.30.Final.jar:/home/user/.m2/repository/io/netty/netty-codec-socks/4.1.30.Final/netty-codec-socks-4.1.30.Final.jar:/home/user/.m2/repository/io/netty/netty-transport-native-epoll/4.1.30.Final/netty-transport-native-epoll-4.1.30.Final.jar:/home/user/.m2/repository/io/netty/netty-common/4.1.30.Final/netty-common-4.1.30.Final.jar:/home/user/.m2/repository/io/netty/netty-buffer/4.1.30.Final/netty-buffer-4.1.30.Final.jar:/home/user/.m2/repository/io/netty/netty-transport/4.1.30.Final/netty-transport-4.1.30.Final.jar:/home/user/.m2/repository/io/netty/netty-resolver/4.1.30.Final/netty-resolver-4.1.30.Final.jar:/home/user/.m2/repository/io/netty/netty-transport-native-unix-common/4.1.30.Final/netty-transport-native-unix-common-4.1.30.Final.jar:/home/user/.m2/repository/io/grpc/grpc-protobuf/1.17.1/grpc-protobuf-1.17.1.jar:/home/user/.m2/repository/com/google/api/grpc/proto-google-common-protos/1.0.0/proto-google-common-protos-1.0.0.jar:/home/user/.m2/repository/io/grpc/grpc-protobuf-lite/1.17.1/grpc-protobuf-lite-1.17.1.jar:/home/user/.m2/repository/io/grpc/grpc-stub/1.17.1/grpc-stub-1.17.1.jar:/home/user/.m2/repository/org/apache/hadoop/hadoop-ozone-recon/0.5.0-SNAPSHOT/hadoop-ozone-recon-0.5.0-SNAPSHOT.jar:/home/user/.m2/repository/org/apache/hadoop/hadoop-ozone-reconcodegen/0.5.0-SNAPSHOT/hadoop-ozone-reconcodegen-0.5.0-SNAPSHOT.jar:/home/user/.m2/repository/com/google/inject/extensions/guice-multibindings/4.0/guice-multibindings-4.0.jar:/home/user/.m2/repository/com/google/inject/guice/4.0/guice-4.0.jar:/home/user/.m2/repository/aopalliance/aopalliance/1.0/aopalliance-1.0.jar:/home/user/.m2/repository/org/glassfish/jersey/containers/jersey-container-servlet/2.27/jersey-container-servlet-2.27.jar:/home/user/.m2/repository/org/glassfish/hk2/guice-bridge/2.5.0/guice-bridge-2.5.0.jar:/home/user/.m2/repository/org/glassfish/jersey/core/jersey-server/2.27/jersey-server-2.27.jar:/home/user/.m2/repository/org/glassfish/jersey/core/jersey-client/2.27/jersey-client-2.27.jar:/home/user/.m2/repository/org/glassfish/jersey/media/jersey-media-jaxb/2.27/jersey-media-jaxb-2.27.jar:/home/user/.m2/repository/javax/validation/validation-api/1.1.0.Final/validation-api-1.1.0.Final.jar:/home/user/.m2/repository/org/glassfish/jersey/media/jersey-media-json-jackson/2.27/jersey-media-json-jackson-2.27.jar:/home/user/.m2/repository/org/glassfish/jersey/ext/jersey-entity-filtering/2.27/jersey-entity-filtering-2.27.jar:/home/user/.m2/repository/com/google/inject/extensions/guice-assistedinject/4.0/guice-assistedinject-4.0.jar:/home/user/.m2/repository/org/jooq/jooq/3.11.10/jooq-3.11.10.jar:/home/user/.m2/repository/org/jooq/jooq-meta/3.11.10/jooq-meta-3.11.10.jar:/home/user/.m2/repository/org/jooq/jooq-codegen/3.11.10/jooq-codegen-3.11.10.jar:/home/user/.m2/repository/com/jolbox/bonecp/0.8.0.RELEASE/bonecp-0.8.0.RELEASE.jar:/home/user/.m2/repository/org/springframework/spring-jdbc/5.1.3.RELEASE/spring-jdbc-5.1.3.RELEASE.jar:/home/user/.m2/repository/org/springframework/spring-beans/5.1.3.RELEASE/spring-beans-5.1.3.RELEASE.jar:/home/user/.m2/repository/org/springframework/spring-core/5.1.3.RELEASE/spring-core-5.1.3.RELEASE.jar:/home/user/.m2/repository/org/springframework/spring-jcl/5.1.3.RELEASE/spring-jcl-5.1.3.RELEASE.jar:/home/user/.m2/repository/org/springframework/spring-tx/5.1.3.RELEASE/spring-tx-5.1.3.RELEASE.jar:/home/user/.m2/repository/org/mockito/mockito-all/1.10.19/mockito-all-1.10.19.jar:/home/user/.m2/repository/junit/junit/4.11/junit-4.11.jar:/home/user/.m2/repository/org/hamcrest/hamcrest-core/1.3/hamcrest-core-1.3.jar:/home/user/.m2/repository/org/apache/hadoop/hadoop-distcp/3.2.0/hadoop-distcp-3.2.0.jar:/home/user/.m2/repository/org/apache/hadoop/hadoop-distcp/3.2.0/hadoop-distcp-3.2.0-tests.jar:/home/user/.m2/repository/org/apache/hadoop/hadoop-mapreduce-client-jobclient/3.2.0/hadoop-mapreduce-client-jobclient-3.2.0.jar:/home/user/.m2/repository/org/apache/hadoop/hadoop-mapreduce-client-common/3.2.0/hadoop-mapreduce-client-common-3.2.0.jar:/home/user/.m2/repository/org/apache/hadoop/hadoop-yarn-common/3.2.0/hadoop-yarn-common-3.2.0.jar:/home/user/.m2/repository/org/apache/hadoop/hadoop-yarn-api/3.2.0/hadoop-yarn-api-3.2.0.jar:/home/user/.m2/repository/com/sun/jersey/jersey-client/1.19/jersey-client-1.19.jar:/home/user/.m2/repository/com/sun/jersey/contribs/jersey-guice/1.19/jersey-guice-1.19.jar:/home/user/.m2/repository/com/fasterxml/jackson/jaxrs/jackson-jaxrs-json-provider/2.9.5/jackson-jaxrs-json-provider-2.9.5.jar:/home/user/.m2/repository/com/fasterxml/jackson/jaxrs/jackson-jaxrs-base/2.9.5/jackson-jaxrs-base-2.9.5.jar:/home/user/.m2/repository/org/apache/hadoop/hadoop-yarn-client/3.2.0/hadoop-yarn-client-3.2.0.jar:/home/user/.m2/repository/org/apache/hadoop/hadoop-mapreduce-client-core/3.2.0/hadoop-mapreduce-client-core-3.2.0.jar:/home/user/.m2/repository/com/google/inject/extensions/guice-servlet/4.0/guice-servlet-4.0.jar:/home/user/.m2/repository/org/powermock/powermock-module-junit4/1.6.5/powermock-module-junit4-1.6.5.jar:/home/user/.m2/repository/org/powermock/powermock-module-junit4-common/1.6.5/powermock-module-junit4-common-1.6.5.jar:/home/user/.m2/repository/org/powermock/powermock-core/1.6.5/powermock-core-1.6.5.jar:/home/user/.m2/repository/org/powermock/powermock-reflect/1.6.5/powermock-reflect-1.6.5.jar:/home/user/.m2/repository/org/powermock/powermock-api-mockito/1.6.5/powermock-api-mockito-1.6.5.jar:/home/user/.m2/repository/org/mockito/mockito-core/1.10.19/mockito-core-1.10.19.jar:/home/user/.m2/repository/org/objenesis/objenesis/1.0/objenesis-1.0.jar:/home/user/.m2/repository/org/powermock/powermock-api-mockito-common/1.6.5/powermock-api-mockito-common-1.6.5.jar:/home/user/.m2/repository/org/powermock/powermock-api-support/1.6.5/powermock-api-support-1.6.5.jar:"/>
    <property name="java.vm.vendor" value="IcedTea"/>
    <property name="sun.arch.data.model" value="64"/>
    <property name="test.build.dir" value="/workdir/hadoop-ozone/ozonefs/target/test-dir"/>
    <property name="test.cache.data" value=""/>
    <property name="java.vendor.url" value="https://icedtea.classpath.org"/>
    <property name="user.timezone" value=""/>
    <property name="java.vm.specification.version" value="1.8"/>
    <property name="os.name" value="Linux"/>
    <property name="test.build.data" value="/workdir/hadoop-ozone/ozonefs/target/test-dir"/>
    <property name="user.country" value="US"/>
    <property name="sun.java.launcher" value="SUN_STANDARD"/>
    <property name="sun.boot.library.path" value="/usr/lib/jvm/java-1.8-openjdk/jre/lib/amd64"/>
    <property name="sun.java.command" value="/workdir/hadoop-ozone/ozonefs/target/surefire/surefirebooter6483076406055470205.jar /workdir/hadoop-ozone/ozonefs/target/surefire 2019-09-12T10-07-27_366-jvmRun1 surefire7887974919036062379tmp surefire_1142055664552550237140tmp"/>
    <property name="test" value="!TestMiniChaosOzoneCluster"/>
    <property name="surefire.test.class.path" value="/workdir/hadoop-ozone/ozonefs/target/test-classes:/workdir/hadoop-ozone/ozonefs/target/classes:/home/user/.m2/repository/org/apache/hadoop/hadoop-common/3.2.0/hadoop-common-3.2.0.jar:/home/user/.m2/repository/org/apache/hadoop/hadoop-annotations/3.2.0/hadoop-annotations-3.2.0.jar:/usr/lib/jvm/java-1.8-openjdk/jre/../lib/tools.jar:/home/user/.m2/repository/com/google/guava/guava/11.0.2/guava-11.0.2.jar:/home/user/.m2/repository/commons-cli/commons-cli/1.2/commons-cli-1.2.jar:/home/user/.m2/repository/org/apache/commons/commons-math3/3.1.1/commons-math3-3.1.1.jar:/home/user/.m2/repository/org/apache/httpcomponents/httpclient/4.5.2/httpclient-4.5.2.jar:/home/user/.m2/repository/org/apache/httpcomponents/httpcore/4.4.4/httpcore-4.4.4.jar:/home/user/.m2/repository/commons-codec/commons-codec/1.11/commons-codec-1.11.jar:/home/user/.m2/repository/commons-io/commons-io/2.5/commons-io-2.5.jar:/home/user/.m2/repository/commons-net/commons-net/3.6/commons-net-3.6.jar:/home/user/.m2/repository/commons-collections/commons-collections/3.2.2/commons-collections-3.2.2.jar:/home/user/.m2/repository/javax/servlet/javax.servlet-api/3.1.0/javax.servlet-api-3.1.0.jar:/home/user/.m2/repository/org/eclipse/jetty/jetty-server/9.3.24.v20180605/jetty-server-9.3.24.v20180605.jar:/home/user/.m2/repository/org/eclipse/jetty/jetty-http/9.3.24.v20180605/jetty-http-9.3.24.v20180605.jar:/home/user/.m2/repository/org/eclipse/jetty/jetty-io/9.3.24.v20180605/jetty-io-9.3.24.v20180605.jar:/home/user/.m2/repository/org/eclipse/jetty/jetty-util/9.3.24.v20180605/jetty-util-9.3.24.v20180605.jar:/home/user/.m2/repository/org/eclipse/jetty/jetty-servlet/9.3.24.v20180605/jetty-servlet-9.3.24.v20180605.jar:/home/user/.m2/repository/org/eclipse/jetty/jetty-security/9.3.24.v20180605/jetty-security-9.3.24.v20180605.jar:/home/user/.m2/repository/org/eclipse/jetty/jetty-webapp/9.3.24.v20180605/jetty-webapp-9.3.24.v20180605.jar:/home/user/.m2/repository/org/eclipse/jetty/jetty-xml/9.3.24.v20180605/jetty-xml-9.3.24.v20180605.jar:/home/user/.m2/repository/javax/servlet/jsp/jsp-api/2.1/jsp-api-2.1.jar:/home/user/.m2/repository/com/sun/jersey/jersey-core/1.19/jersey-core-1.19.jar:/home/user/.m2/repository/javax/ws/rs/jsr311-api/1.1.1/jsr311-api-1.1.1.jar:/home/user/.m2/repository/com/sun/jersey/jersey-servlet/1.19/jersey-servlet-1.19.jar:/home/user/.m2/repository/com/sun/jersey/jersey-json/1.19/jersey-json-1.19.jar:/home/user/.m2/repository/org/codehaus/jettison/jettison/1.1/jettison-1.1.jar:/home/user/.m2/repository/com/sun/xml/bind/jaxb-impl/2.3.0.1/jaxb-impl-2.3.0.1.jar:/home/user/.m2/repository/org/codehaus/jackson/jackson-core-asl/1.9.13/jackson-core-asl-1.9.13.jar:/home/user/.m2/repository/org/codehaus/jackson/jackson-mapper-asl/1.9.13/jackson-mapper-asl-1.9.13.jar:/home/user/.m2/repository/org/codehaus/jackson/jackson-jaxrs/1.9.13/jackson-jaxrs-1.9.13.jar:/home/user/.m2/repository/org/codehaus/jackson/jackson-xc/1.9.13/jackson-xc-1.9.13.jar:/home/user/.m2/repository/com/sun/jersey/jersey-server/1.19/jersey-server-1.19.jar:/home/user/.m2/repository/commons-logging/commons-logging/1.1.3/commons-logging-1.1.3.jar:/home/user/.m2/repository/log4j/log4j/1.2.17/log4j-1.2.17.jar:/home/user/.m2/repository/commons-beanutils/commons-beanutils/1.9.3/commons-beanutils-1.9.3.jar:/home/user/.m2/repository/org/apache/commons/commons-configuration2/2.1.1/commons-configuration2-2.1.1.jar:/home/user/.m2/repository/org/apache/commons/commons-lang3/3.7/commons-lang3-3.7.jar:/home/user/.m2/repository/org/apache/commons/commons-text/1.4/commons-text-1.4.jar:/home/user/.m2/repository/org/slf4j/slf4j-api/1.7.25/slf4j-api-1.7.25.jar:/home/user/.m2/repository/org/slf4j/slf4j-log4j12/1.7.25/slf4j-log4j12-1.7.25.jar:/home/user/.m2/repository/org/apache/avro/avro/1.7.7/avro-1.7.7.jar:/home/user/.m2/repository/com/thoughtworks/paranamer/paranamer/2.3/paranamer-2.3.jar:/home/user/.m2/repository/org/xerial/snappy/snappy-java/1.0.5/snappy-java-1.0.5.jar:/home/user/.m2/repository/com/google/re2j/re2j/1.1/re2j-1.1.jar:/home/user/.m2/repository/com/google/protobuf/protobuf-java/2.5.0/protobuf-java-2.5.0.jar:/home/user/.m2/repository/com/google/code/gson/gson/2.2.4/gson-2.2.4.jar:/home/user/.m2/repository/org/apache/hadoop/hadoop-auth/3.2.0/hadoop-auth-3.2.0.jar:/home/user/.m2/repository/com/nimbusds/nimbus-jose-jwt/4.41.1/nimbus-jose-jwt-4.41.1.jar:/home/user/.m2/repository/com/github/stephenc/jcip/jcip-annotations/1.0-1/jcip-annotations-1.0-1.jar:/home/user/.m2/repository/net/minidev/json-smart/2.3/json-smart-2.3.jar:/home/user/.m2/repository/net/minidev/accessors-smart/1.2/accessors-smart-1.2.jar:/home/user/.m2/repository/org/apache/curator/curator-framework/2.12.0/curator-framework-2.12.0.jar:/home/user/.m2/repository/com/jcraft/jsch/0.1.54/jsch-0.1.54.jar:/home/user/.m2/repository/org/apache/curator/curator-client/2.12.0/curator-client-2.12.0.jar:/home/user/.m2/repository/org/apache/curator/curator-recipes/2.12.0/curator-recipes-2.12.0.jar:/home/user/.m2/repository/com/google/code/findbugs/jsr305/3.0.0/jsr305-3.0.0.jar:/home/user/.m2/repository/org/apache/htrace/htrace-core4/4.1.0-incubating/htrace-core4-4.1.0-incubating.jar:/home/user/.m2/repository/org/apache/zookeeper/zookeeper/3.4.13/zookeeper-3.4.13.jar:/home/user/.m2/repository/org/apache/yetus/audience-annotations/0.5.0/audience-annotations-0.5.0.jar:/home/user/.m2/repository/org/apache/commons/commons-compress/1.4.1/commons-compress-1.4.1.jar:/home/user/.m2/repository/org/tukaani/xz/1.0/xz-1.0.jar:/home/user/.m2/repository/org/apache/kerby/kerb-simplekdc/1.0.1/kerb-simplekdc-1.0.1.jar:/home/user/.m2/repository/org/apache/kerby/kerb-client/1.0.1/kerb-client-1.0.1.jar:/home/user/.m2/repository/org/apache/kerby/kerby-config/1.0.1/kerby-config-1.0.1.jar:/home/user/.m2/repository/org/apache/kerby/kerb-core/1.0.1/kerb-core-1.0.1.jar:/home/user/.m2/repository/org/apache/kerby/kerby-pkix/1.0.1/kerby-pkix-1.0.1.jar:/home/user/.m2/repository/org/apache/kerby/kerby-asn1/1.0.1/kerby-asn1-1.0.1.jar:/home/user/.m2/repository/org/apache/kerby/kerby-util/1.0.1/kerby-util-1.0.1.jar:/home/user/.m2/repository/org/apache/kerby/kerb-common/1.0.1/kerb-common-1.0.1.jar:/home/user/.m2/repository/org/apache/kerby/kerb-crypto/1.0.1/kerb-crypto-1.0.1.jar:/home/user/.m2/repository/org/apache/kerby/kerb-util/1.0.1/kerb-util-1.0.1.jar:/home/user/.m2/repository/org/apache/kerby/token-provider/1.0.1/token-provider-1.0.1.jar:/home/user/.m2/repository/org/apache/kerby/kerb-admin/1.0.1/kerb-admin-1.0.1.jar:/home/user/.m2/repository/org/apache/kerby/kerb-server/1.0.1/kerb-server-1.0.1.jar:/home/user/.m2/repository/org/apache/kerby/kerb-identity/1.0.1/kerb-identity-1.0.1.jar:/home/user/.m2/repository/org/apache/kerby/kerby-xdr/1.0.1/kerby-xdr-1.0.1.jar:/home/user/.m2/repository/com/fasterxml/jackson/core/jackson-databind/2.9.5/jackson-databind-2.9.5.jar:/home/user/.m2/repository/com/fasterxml/jackson/core/jackson-annotations/2.9.5/jackson-annotations-2.9.5.jar:/home/user/.m2/repository/com/fasterxml/jackson/core/jackson-core/2.9.5/jackson-core-2.9.5.jar:/home/user/.m2/repository/org/codehaus/woodstox/stax2-api/3.1.4/stax2-api-3.1.4.jar:/home/user/.m2/repository/com/fasterxml/woodstox/woodstox-core/5.0.3/woodstox-core-5.0.3.jar:/home/user/.m2/repository/dnsjava/dnsjava/2.1.7/dnsjava-2.1.7.jar:/home/user/.m2/repository/org/apache/hadoop/hadoop-hdfs/3.2.0/hadoop-hdfs-3.2.0.jar:/home/user/.m2/repository/org/eclipse/jetty/jetty-util-ajax/9.3.24.v20180605/jetty-util-ajax-9.3.24.v20180605.jar:/home/user/.m2/repository/commons-daemon/commons-daemon/1.0.13/commons-daemon-1.0.13.jar:/home/user/.m2/repository/io/netty/netty/3.10.5.Final/netty-3.10.5.Final.jar:/home/user/.m2/repository/io/netty/netty-all/4.0.52.Final/netty-all-4.0.52.Final.jar:/home/user/.m2/repository/org/fusesource/leveldbjni/leveldbjni-all/1.8/leveldbjni-all-1.8.jar:/home/user/.m2/repository/org/apache/hadoop/hadoop-hdds-common/0.5.0-SNAPSHOT/hadoop-hdds-common-0.5.0-SNAPSHOT.jar:/home/user/.m2/repository/org/apache/hadoop/hadoop-hdds-config/0.5.0-SNAPSHOT/hadoop-hdds-config-0.5.0-SNAPSHOT.jar:/home/user/.m2/repository/javax/annotation/javax.annotation-api/1.2/javax.annotation-api-1.2.jar:/home/user/.m2/repository/org/apache/ratis/ratis-server/0.4.0-2337318-SNAPSHOT/ratis-server-0.4.0-2337318-SNAPSHOT.jar:/home/user/.m2/repository/org/apache/ratis/ratis-thirdparty-misc/0.2.0/ratis-thirdparty-misc-0.2.0.jar:/home/user/.m2/repository/org/apache/ratis/ratis-proto/0.4.0-2337318-SNAPSHOT/ratis-proto-0.4.0-2337318-SNAPSHOT.jar:/home/user/.m2/repository/org/apache/ratis/ratis-common/0.4.0-2337318-SNAPSHOT/ratis-common-0.4.0-2337318-SNAPSHOT.jar:/home/user/.m2/repository/org/apache/ratis/ratis-client/0.4.0-2337318-SNAPSHOT/ratis-client-0.4.0-2337318-SNAPSHOT.jar:/home/user/.m2/repository/org/apache/ratis/ratis-metrics/0.4.0-2337318-SNAPSHOT/ratis-metrics-0.4.0-2337318-SNAPSHOT.jar:/home/user/.m2/repository/org/apache/ratis/ratis-netty/0.4.0-2337318-SNAPSHOT/ratis-netty-0.4.0-2337318-SNAPSHOT.jar:/home/user/.m2/repository/org/apache/ratis/ratis-grpc/0.4.0-2337318-SNAPSHOT/ratis-grpc-0.4.0-2337318-SNAPSHOT.jar:/home/user/.m2/repository/org/rocksdb/rocksdbjni/6.0.1/rocksdbjni-6.0.1.jar:/home/user/.m2/repository/org/apache/logging/log4j/log4j-api/2.11.0/log4j-api-2.11.0.jar:/home/user/.m2/repository/org/apache/logging/log4j/log4j-core/2.11.0/log4j-core-2.11.0.jar:/home/user/.m2/repository/com/lmax/disruptor/3.4.2/disruptor-3.4.2.jar:/home/user/.m2/repository/org/apache/commons/commons-pool2/2.6.0/commons-pool2-2.6.0.jar:/home/user/.m2/repository/org/bouncycastle/bcpkix-jdk15on/1.60/bcpkix-jdk15on-1.60.jar:/home/user/.m2/repository/commons-validator/commons-validator/1.6/commons-validator-1.6.jar:/home/user/.m2/repository/commons-digester/commons-digester/1.8.1/commons-digester-1.8.1.jar:/home/user/.m2/repository/io/jaegertracing/jaeger-client/0.33.1/jaeger-client-0.33.1.jar:/home/user/.m2/repository/io/jaegertracing/jaeger-thrift/0.33.1/jaeger-thrift-0.33.1.jar:/home/user/.m2/repository/org/apache/thrift/libthrift/0.11.0/libthrift-0.11.0.jar:/home/user/.m2/repository/com/squareup/okhttp3/okhttp/3.9.0/okhttp-3.9.0.jar:/home/user/.m2/repository/com/squareup/okio/okio/1.13.0/okio-1.13.0.jar:/home/user/.m2/repository/io/jaegertracing/jaeger-core/0.33.1/jaeger-core-0.33.1.jar:/home/user/.m2/repository/io/jaegertracing/jaeger-tracerresolver/0.33.1/jaeger-tracerresolver-0.33.1.jar:/home/user/.m2/repository/io/opentracing/contrib/opentracing-tracerresolver/0.1.5/opentracing-tracerresolver-0.1.5.jar:/home/user/.m2/repository/io/opentracing/opentracing-util/0.31.0/opentracing-util-0.31.0.jar:/home/user/.m2/repository/io/opentracing/opentracing-api/0.31.0/opentracing-api-0.31.0.jar:/home/user/.m2/repository/io/opentracing/opentracing-noop/0.31.0/opentracing-noop-0.31.0.jar:/home/user/.m2/repository/org/yaml/snakeyaml/1.16/snakeyaml-1.16.jar:/home/user/.m2/repository/org/apache/hadoop/hadoop-hdfs-client/3.2.0/hadoop-hdfs-client-3.2.0.jar:/home/user/.m2/repository/info/picocli/picocli/3.9.6/picocli-3.9.6.jar:/home/user/.m2/repository/org/apache/hadoop/hadoop-hdds-server-scm/0.5.0-SNAPSHOT/hadoop-hdds-server-scm-0.5.0-SNAPSHOT.jar:/home/user/.m2/repository/org/apache/hadoop/hadoop-hdds-docs/0.5.0-SNAPSHOT/hadoop-hdds-docs-0.5.0-SNAPSHOT.jar:/home/user/.m2/repository/io/dropwizard/metrics/metrics-core/3.2.4/metrics-core-3.2.4.jar:/home/user/.m2/repository/org/hamcrest/hamcrest-all/1.3/hamcrest-all-1.3.jar:/home/user/.m2/repository/org/bouncycastle/bcprov-jdk15on/1.60/bcprov-jdk15on-1.60.jar:/home/user/.m2/repository/org/apache/hadoop/hadoop-hdds-server-framework/0.5.0-SNAPSHOT/hadoop-hdds-server-framework-0.5.0-SNAPSHOT.jar:/home/user/.m2/repository/org/apache/hadoop/hadoop-ozone-ozone-manager/0.5.0-SNAPSHOT/hadoop-ozone-ozone-manager-0.5.0-SNAPSHOT.jar:/home/user/.m2/repository/org/apache/hadoop/hadoop-hdds-container-service/0.5.0-SNAPSHOT/hadoop-hdds-container-service-0.5.0-SNAPSHOT.jar:/home/user/.m2/repository/org/apache/hadoop/hadoop-hdds-client/0.5.0-SNAPSHOT/hadoop-hdds-client-0.5.0-SNAPSHOT.jar:/home/user/.m2/repository/org/apache/hadoop/hadoop-ozone-common/0.5.0-SNAPSHOT/hadoop-ozone-common-0.5.0-SNAPSHOT.jar:/home/user/.m2/repository/org/apache/hadoop/hadoop-hdds-tools/0.5.0-SNAPSHOT/hadoop-hdds-tools-0.5.0-SNAPSHOT.jar:/home/user/.m2/repository/org/xerial/sqlite-jdbc/3.25.2/sqlite-jdbc-3.25.2.jar:/home/user/.m2/repository/org/apache/hadoop/hadoop-ozone-objectstore-service/0.5.0-SNAPSHOT/hadoop-ozone-objectstore-service-0.5.0-SNAPSHOT.jar:/home/user/.m2/repository/com/google/code/findbugs/findbugs/3.0.1/findbugs-3.0.1.jar:/home/user/.m2/repository/net/jcip/jcip-annotations/1.0/jcip-annotations-1.0.jar:/home/user/.m2/repository/com/google/code/findbugs/bcel-findbugs/6.0/bcel-findbugs-6.0.jar:/home/user/.m2/repository/com/google/code/findbugs/jFormatString/2.0.1/jFormatString-2.0.1.jar:/home/user/.m2/repository/dom4j/dom4j/1.6.1/dom4j-1.6.1.jar:/home/user/.m2/repository/xml-apis/xml-apis/1.0.b2/xml-apis-1.0.b2.jar:/home/user/.m2/repository/org/ow2/asm/asm-debug-all/5.0.2/asm-debug-all-5.0.2.jar:/home/user/.m2/repository/org/ow2/asm/asm-commons/5.0.2/asm-commons-5.0.2.jar:/home/user/.m2/repository/org/ow2/asm/asm-tree/5.0.2/asm-tree-5.0.2.jar:/home/user/.m2/repository/org/ow2/asm/asm/5.0.4/asm-5.0.4.jar:/home/user/.m2/repository/commons-lang/commons-lang/2.6/commons-lang-2.6.jar:/home/user/.m2/repository/com/apple/AppleJavaExtensions/1.4/AppleJavaExtensions-1.4.jar:/home/user/.m2/repository/jaxen/jaxen/1.1.6/jaxen-1.1.6.jar:/home/user/.m2/repository/org/apache/hadoop/hadoop-common/3.2.0/hadoop-common-3.2.0-tests.jar:/home/user/.m2/repository/org/apache/hadoop/hadoop-ozone-client/0.5.0-SNAPSHOT/hadoop-ozone-client-0.5.0-SNAPSHOT.jar:/home/user/.m2/repository/org/apache/hadoop/hadoop-hdfs/3.2.0/hadoop-hdfs-3.2.0-tests.jar:/workdir/hadoop-ozone/integration-test/target/test-classes:/home/user/.m2/repository/org/apache/hadoop/hadoop-ozone-s3gateway/0.5.0-SNAPSHOT/hadoop-ozone-s3gateway-0.5.0-SNAPSHOT.jar:/home/user/.m2/repository/org/jboss/weld/servlet/weld-servlet/2.4.7.Final/weld-servlet-2.4.7.Final.jar:/home/user/.m2/repository/org/glassfish/jersey/containers/jersey-container-servlet-core/2.27/jersey-container-servlet-core-2.27.jar:/home/user/.m2/repository/org/glassfish/hk2/external/javax.inject/2.5.0-b42/javax.inject-2.5.0-b42.jar:/home/user/.m2/repository/org/glassfish/jersey/core/jersey-common/2.27/jersey-common-2.27.jar:/home/user/.m2/repository/org/glassfish/hk2/osgi-resource-locator/1.0.1/osgi-resource-locator-1.0.1.jar:/home/user/.m2/repository/javax/ws/rs/javax.ws.rs-api/2.1/javax.ws.rs-api-2.1.jar:/home/user/.m2/repository/org/glassfish/jersey/ext/cdi/jersey-cdi1x/2.27/jersey-cdi1x-2.27.jar:/home/user/.m2/repository/org/glassfish/jersey/inject/jersey-hk2/2.27/jersey-hk2-2.27.jar:/home/user/.m2/repository/org/glassfish/hk2/hk2-locator/2.5.0-b42/hk2-locator-2.5.0-b42.jar:/home/user/.m2/repository/org/javassist/javassist/3.22.0-CR2/javassist-3.22.0-CR2.jar:/home/user/.m2/repository/org/glassfish/hk2/hk2-api/2.5.0/hk2-api-2.5.0.jar:/home/user/.m2/repository/org/glassfish/hk2/external/jakarta.inject/2.5.0/jakarta.inject-2.5.0.jar:/home/user/.m2/repository/org/glassfish/hk2/hk2-utils/2.5.0/hk2-utils-2.5.0.jar:/home/user/.m2/repository/jakarta/annotation/jakarta.annotation-api/1.3.4/jakarta.annotation-api-1.3.4.jar:/home/user/.m2/repository/org/glassfish/hk2/external/aopalliance-repackaged/2.5.0/aopalliance-repackaged-2.5.0.jar:/home/user/.m2/repository/com/fasterxml/jackson/dataformat/jackson-dataformat-xml/2.9.0/jackson-dataformat-xml-2.9.0.jar:/home/user/.m2/repository/com/fasterxml/jackson/module/jackson-module-jaxb-annotations/2.9.5/jackson-module-jaxb-annotations-2.9.5.jar:/home/user/.m2/repository/javax/enterprise/cdi-api/1.2/cdi-api-1.2.jar:/home/user/.m2/repository/javax/el/javax.el-api/3.0.0/javax.el-api-3.0.0.jar:/home/user/.m2/repository/javax/interceptor/javax.interceptor-api/1.2/javax.interceptor-api-1.2.jar:/home/user/.m2/repository/javax/inject/javax.inject/1/javax.inject-1.jar:/home/user/.m2/repository/com/sun/xml/bind/jaxb-core/2.3.0.1/jaxb-core-2.3.0.1.jar:/home/user/.m2/repository/javax/xml/bind/jaxb-api/2.3.0/jaxb-api-2.3.0.jar:/home/user/.m2/repository/javax/activation/activation/1.1.1/activation-1.1.1.jar:/home/user/.m2/repository/org/apache/hadoop/hadoop-ozone-csi/0.5.0-SNAPSHOT/hadoop-ozone-csi-0.5.0-SNAPSHOT.jar:/home/user/.m2/repository/com/google/protobuf/protobuf-java-util/3.5.1/protobuf-java-util-3.5.1.jar:/home/user/.m2/repository/io/grpc/grpc-netty/1.17.1/grpc-netty-1.17.1.jar:/home/user/.m2/repository/io/grpc/grpc-core/1.17.1/grpc-core-1.17.1.jar:/home/user/.m2/repository/io/grpc/grpc-context/1.17.1/grpc-context-1.17.1.jar:/home/user/.m2/repository/com/google/errorprone/error_prone_annotations/2.2.0/error_prone_annotations-2.2.0.jar:/home/user/.m2/repository/org/codehaus/mojo/animal-sniffer-annotations/1.17/animal-sniffer-annotations-1.17.jar:/home/user/.m2/repository/io/opencensus/opencensus-api/0.17.0/opencensus-api-0.17.0.jar:/home/user/.m2/repository/io/opencensus/opencensus-contrib-grpc-metrics/0.17.0/opencensus-contrib-grpc-metrics-0.17.0.jar:/home/user/.m2/repository/io/netty/netty-codec-http2/4.1.30.Final/netty-codec-http2-4.1.30.Final.jar:/home/user/.m2/repository/io/netty/netty-codec-http/4.1.30.Final/netty-codec-http-4.1.30.Final.jar:/home/user/.m2/repository/io/netty/netty-codec/4.1.30.Final/netty-codec-4.1.30.Final.jar:/home/user/.m2/repository/io/netty/netty-handler/4.1.30.Final/netty-handler-4.1.30.Final.jar:/home/user/.m2/repository/io/netty/netty-handler-proxy/4.1.30.Final/netty-handler-proxy-4.1.30.Final.jar:/home/user/.m2/repository/io/netty/netty-codec-socks/4.1.30.Final/netty-codec-socks-4.1.30.Final.jar:/home/user/.m2/repository/io/netty/netty-transport-native-epoll/4.1.30.Final/netty-transport-native-epoll-4.1.30.Final.jar:/home/user/.m2/repository/io/netty/netty-common/4.1.30.Final/netty-common-4.1.30.Final.jar:/home/user/.m2/repository/io/netty/netty-buffer/4.1.30.Final/netty-buffer-4.1.30.Final.jar:/home/user/.m2/repository/io/netty/netty-transport/4.1.30.Final/netty-transport-4.1.30.Final.jar:/home/user/.m2/repository/io/netty/netty-resolver/4.1.30.Final/netty-resolver-4.1.30.Final.jar:/home/user/.m2/repository/io/netty/netty-transport-native-unix-common/4.1.30.Final/netty-transport-native-unix-common-4.1.30.Final.jar:/home/user/.m2/repository/io/grpc/grpc-protobuf/1.17.1/grpc-protobuf-1.17.1.jar:/home/user/.m2/repository/com/google/api/grpc/proto-google-common-protos/1.0.0/proto-google-common-protos-1.0.0.jar:/home/user/.m2/repository/io/grpc/grpc-protobuf-lite/1.17.1/grpc-protobuf-lite-1.17.1.jar:/home/user/.m2/repository/io/grpc/grpc-stub/1.17.1/grpc-stub-1.17.1.jar:/home/user/.m2/repository/org/apache/hadoop/hadoop-ozone-recon/0.5.0-SNAPSHOT/hadoop-ozone-recon-0.5.0-SNAPSHOT.jar:/home/user/.m2/repository/org/apache/hadoop/hadoop-ozone-reconcodegen/0.5.0-SNAPSHOT/hadoop-ozone-reconcodegen-0.5.0-SNAPSHOT.jar:/home/user/.m2/repository/com/google/inject/extensions/guice-multibindings/4.0/guice-multibindings-4.0.jar:/home/user/.m2/repository/com/google/inject/guice/4.0/guice-4.0.jar:/home/user/.m2/repository/aopalliance/aopalliance/1.0/aopalliance-1.0.jar:/home/user/.m2/repository/org/glassfish/jersey/containers/jersey-container-servlet/2.27/jersey-container-servlet-2.27.jar:/home/user/.m2/repository/org/glassfish/hk2/guice-bridge/2.5.0/guice-bridge-2.5.0.jar:/home/user/.m2/repository/org/glassfish/jersey/core/jersey-server/2.27/jersey-server-2.27.jar:/home/user/.m2/repository/org/glassfish/jersey/core/jersey-client/2.27/jersey-client-2.27.jar:/home/user/.m2/repository/org/glassfish/jersey/media/jersey-media-jaxb/2.27/jersey-media-jaxb-2.27.jar:/home/user/.m2/repository/javax/validation/validation-api/1.1.0.Final/validation-api-1.1.0.Final.jar:/home/user/.m2/repository/org/glassfish/jersey/media/jersey-media-json-jackson/2.27/jersey-media-json-jackson-2.27.jar:/home/user/.m2/repository/org/glassfish/jersey/ext/jersey-entity-filtering/2.27/jersey-entity-filtering-2.27.jar:/home/user/.m2/repository/com/google/inject/extensions/guice-assistedinject/4.0/guice-assistedinject-4.0.jar:/home/user/.m2/repository/org/jooq/jooq/3.11.10/jooq-3.11.10.jar:/home/user/.m2/repository/org/jooq/jooq-meta/3.11.10/jooq-meta-3.11.10.jar:/home/user/.m2/repository/org/jooq/jooq-codegen/3.11.10/jooq-codegen-3.11.10.jar:/home/user/.m2/repository/com/jolbox/bonecp/0.8.0.RELEASE/bonecp-0.8.0.RELEASE.jar:/home/user/.m2/repository/org/springframework/spring-jdbc/5.1.3.RELEASE/spring-jdbc-5.1.3.RELEASE.jar:/home/user/.m2/repository/org/springframework/spring-beans/5.1.3.RELEASE/spring-beans-5.1.3.RELEASE.jar:/home/user/.m2/repository/org/springframework/spring-core/5.1.3.RELEASE/spring-core-5.1.3.RELEASE.jar:/home/user/.m2/repository/org/springframework/spring-jcl/5.1.3.RELEASE/spring-jcl-5.1.3.RELEASE.jar:/home/user/.m2/repository/org/springframework/spring-tx/5.1.3.RELEASE/spring-tx-5.1.3.RELEASE.jar:/home/user/.m2/repository/org/mockito/mockito-all/1.10.19/mockito-all-1.10.19.jar:/home/user/.m2/repository/junit/junit/4.11/junit-4.11.jar:/home/user/.m2/repository/org/hamcrest/hamcrest-core/1.3/hamcrest-core-1.3.jar:/home/user/.m2/repository/org/apache/hadoop/hadoop-distcp/3.2.0/hadoop-distcp-3.2.0.jar:/home/user/.m2/repository/org/apache/hadoop/hadoop-distcp/3.2.0/hadoop-distcp-3.2.0-tests.jar:/home/user/.m2/repository/org/apache/hadoop/hadoop-mapreduce-client-jobclient/3.2.0/hadoop-mapreduce-client-jobclient-3.2.0.jar:/home/user/.m2/repository/org/apache/hadoop/hadoop-mapreduce-client-common/3.2.0/hadoop-mapreduce-client-common-3.2.0.jar:/home/user/.m2/repository/org/apache/hadoop/hadoop-yarn-common/3.2.0/hadoop-yarn-common-3.2.0.jar:/home/user/.m2/repository/org/apache/hadoop/hadoop-yarn-api/3.2.0/hadoop-yarn-api-3.2.0.jar:/home/user/.m2/repository/com/sun/jersey/jersey-client/1.19/jersey-client-1.19.jar:/home/user/.m2/repository/com/sun/jersey/contribs/jersey-guice/1.19/jersey-guice-1.19.jar:/home/user/.m2/repository/com/fasterxml/jackson/jaxrs/jackson-jaxrs-json-provider/2.9.5/jackson-jaxrs-json-provider-2.9.5.jar:/home/user/.m2/repository/com/fasterxml/jackson/jaxrs/jackson-jaxrs-base/2.9.5/jackson-jaxrs-base-2.9.5.jar:/home/user/.m2/repository/org/apache/hadoop/hadoop-yarn-client/3.2.0/hadoop-yarn-client-3.2.0.jar:/home/user/.m2/repository/org/apache/hadoop/hadoop-mapreduce-client-core/3.2.0/hadoop-mapreduce-client-core-3.2.0.jar:/home/user/.m2/repository/com/google/inject/extensions/guice-servlet/4.0/guice-servlet-4.0.jar:/home/user/.m2/repository/org/powermock/powermock-module-junit4/1.6.5/powermock-module-junit4-1.6.5.jar:/home/user/.m2/repository/org/powermock/powermock-module-junit4-common/1.6.5/powermock-module-junit4-common-1.6.5.jar:/home/user/.m2/repository/org/powermock/powermock-core/1.6.5/powermock-core-1.6.5.jar:/home/user/.m2/repository/org/powermock/powermock-reflect/1.6.5/powermock-reflect-1.6.5.jar:/home/user/.m2/repository/org/powermock/powermock-api-mockito/1.6.5/powermock-api-mockito-1.6.5.jar:/home/user/.m2/repository/org/mockito/mockito-core/1.10.19/mockito-core-1.10.19.jar:/home/user/.m2/repository/org/objenesis/objenesis/1.0/objenesis-1.0.jar:/home/user/.m2/repository/org/powermock/powermock-api-mockito-common/1.6.5/powermock-api-mockito-common-1.6.5.jar:/home/user/.m2/repository/org/powermock/powermock-api-support/1.6.5/powermock-api-support-1.6.5.jar:"/>
    <property name="sun.cpu.endian" value="little"/>
    <property name="user.home" value="/home/user"/>
    <property name="user.language" value="en"/>
    <property name="java.specification.vendor" value="Oracle Corporation"/>
    <property name="java.home" value="/usr/lib/jvm/java-1.8-openjdk/jre"/>
    <property name="java.security.krb5.conf" value="/workdir/hadoop-ozone/ozonefs/target/test-classes/krb5.conf"/>
    <property name="basedir" value="/workdir/hadoop-ozone/ozonefs"/>
    <property name="file.separator" value="/"/>
    <property name="line.separator" value="&#10;"/>
    <property name="java.vm.specification.vendor" value="Oracle Corporation"/>
    <property name="java.specification.name" value="Java Platform API Specification"/>
    <property name="java.awt.graphicsenv" value="sun.awt.X11GraphicsEnvironment"/>
    <property name="surefire.real.class.path" value="/workdir/hadoop-ozone/ozonefs/target/surefire/surefirebooter6483076406055470205.jar"/>
    <property name="hadoop.log.dir" value="/workdir/hadoop-ozone/ozonefs/target/log"/>
    <property name="sun.boot.class.path" value="/usr/lib/jvm/java-1.8-openjdk/jre/lib/resources.jar:/usr/lib/jvm/java-1.8-openjdk/jre/lib/rt.jar:/usr/lib/jvm/java-1.8-openjdk/jre/lib/sunrsasign.jar:/usr/lib/jvm/java-1.8-openjdk/jre/lib/jsse.jar:/usr/lib/jvm/java-1.8-openjdk/jre/lib/jce.jar:/usr/lib/jvm/java-1.8-openjdk/jre/lib/charsets.jar:/usr/lib/jvm/java-1.8-openjdk/jre/lib/jfr.jar:/usr/lib/jvm/java-1.8-openjdk/jre/classes"/>
    <property name="sun.management.compiler" value="HotSpot 64-Bit Tiered Compilers"/>
    <property name="java.runtime.version" value="1.8.0_212-b04"/>
    <property name="java.net.preferIPv4Stack" value="true"/>
    <property name="user.name" value="jenkins1000"/>
    <property name="path.separator" value=":"/>
    <property name="java.security.egd" value="file:///dev/urandom"/>
    <property name="os.version" value="3.10.0-957.12.2.el7.x86_64"/>
    <property name="java.endorsed.dirs" value="/usr/lib/jvm/java-1.8-openjdk/jre/lib/endorsed"/>
    <property name="java.runtime.name" value="OpenJDK Runtime Environment"/>
    <property name="file.encoding" value="UTF-8"/>
    <property name="java.vm.name" value="OpenJDK 64-Bit Server VM"/>
    <property name="test.build.webapps" value=""/>
    <property name="localRepository" value="/home/user/.m2/repository"/>
    <property name="java.vendor.url.bug" value="https://icedtea.classpath.org/bugzilla"/>
    <property name="java.io.tmpdir" value="/tmp"/>
    <property name="require.test.libhadoop" value=""/>
    <property name="java.version" value="1.8.0_212"/>
    <property name="user.dir" value="/workdir/hadoop-ozone/ozonefs"/>
    <property name="os.arch" value="amd64"/>
    <property name="java.vm.specification.name" value="Java Virtual Machine Specification"/>
    <property name="test.build.classes" value="/workdir/hadoop-ozone/ozonefs/target/test-classes"/>
    <property name="java.awt.printerjob" value="sun.print.PSPrinterJob"/>
    <property name="sun.os.patch.level" value="unknown"/>
    <property name="hadoop.tmp.dir" value="/workdir/hadoop-ozone/ozonefs/target/tmp"/>
    <property name="java.library.path" value="/usr/lib/jvm/java-1.8-openjdk/jre/lib/amd64/server:/usr/lib/jvm/java-1.8-openjdk/jre/lib/amd64:/usr/lib/jvm/java-1.8-openjdk/jre/../lib/amd64:/workdir/hadoop-ozone/ozonefs/target/native/target/usr/local/lib:/workdir/hadoop-ozone/ozonefs/../../hadoop-common-project/hadoop-common/target/native/target/usr/local/lib:/usr/java/packages/lib/amd64:/usr/lib64:/lib64:/lib:/usr/lib"/>
    <property name="java.vm.info" value="mixed mode"/>
    <property name="java.vendor" value="IcedTea"/>
    <property name="java.vm.version" value="25.212-b04"/>
    <property name="java.ext.dirs" value="/usr/lib/jvm/java-1.8-openjdk/jre/lib/ext:/usr/java/packages/lib/ext"/>
    <property name="sun.io.unicode.encoding" value="UnicodeLittle"/>
    <property name="java.class.version" value="52.0"/>
  </properties>
  <testcase name="testOzoneManagerFileSystemInterface[0]" classname="org.apache.hadoop.fs.ozone.TestOzoneFileInterfaces" time="23.827"/>
  <testcase name="testListStatus[0]" classname="org.apache.hadoop.fs.ozone.TestOzoneFileInterfaces" time="17.593"/>
  <testcase name="testDirectory[0]" classname="org.apache.hadoop.fs.ozone.TestOzoneFileInterfaces" time="17.411"/>
  <testcase name="testPathToKey[0]" classname="org.apache.hadoop.fs.ozone.TestOzoneFileInterfaces" time="17.58"/>
  <testcase name="testFileSystemInit[0]" classname="org.apache.hadoop.fs.ozone.TestOzoneFileInterfaces" time="17.701"/>
  <testcase name="testOzFsReadWrite[0]" classname="org.apache.hadoop.fs.ozone.TestOzoneFileInterfaces" time="17.269">
    <error message="Allocated 0 blocks. Requested 1 blocks" type="INTERNAL_ERROR org.apache.hadoop.ozone.om.exceptions.OMException">INTERNAL_ERROR org.apache.hadoop.ozone.om.exceptions.OMException: Allocated 0 blocks. Requested 1 blocks
	at org.apache.hadoop.ozone.om.protocolPB.OzoneManagerProtocolClientSideTranslatorPB.handleError(OzoneManagerProtocolClientSideTranslatorPB.java:725)
	at org.apache.hadoop.ozone.om.protocolPB.OzoneManagerProtocolClientSideTranslatorPB.createFile(OzoneManagerProtocolClientSideTranslatorPB.java:1474)
	at org.apache.hadoop.ozone.client.rpc.RpcClient.createFile(RpcClient.java:984)
	at org.apache.hadoop.ozone.client.OzoneBucket.createFile(OzoneBucket.java:535)
	at org.apache.hadoop.fs.ozone.BasicOzoneClientAdapterImpl.createFile(BasicOzoneClientAdapterImpl.java:181)
	at org.apache.hadoop.fs.ozone.BasicOzoneFileSystem.createOutputStream(BasicOzoneFileSystem.java:249)
	at org.apache.hadoop.fs.ozone.BasicOzoneFileSystem.create(BasicOzoneFileSystem.java:230)
	at org.apache.hadoop.fs.FileSystem.create(FileSystem.java:1118)
	at org.apache.hadoop.fs.FileSystem.create(FileSystem.java:1098)
	at org.apache.hadoop.fs.FileSystem.create(FileSystem.java:987)
	at org.apache.hadoop.fs.FileSystem.create(FileSystem.java:975)
	at org.apache.hadoop.fs.ozone.TestOzoneFileInterfaces.testOzFsReadWrite(TestOzoneFileInterfaces.java:186)
	at sun.reflect.NativeMethodAccessorImpl.invoke0(Native Method)
	at sun.reflect.NativeMethodAccessorImpl.invoke(NativeMethodAccessorImpl.java:62)
	at sun.reflect.DelegatingMethodAccessorImpl.invoke(DelegatingMethodAccessorImpl.java:43)
	at java.lang.reflect.Method.invoke(Method.java:498)
	at org.junit.runners.model.FrameworkMethod$1.runReflectiveCall(FrameworkMethod.java:47)
	at org.junit.internal.runners.model.ReflectiveCallable.run(ReflectiveCallable.java:12)
	at org.junit.runners.model.FrameworkMethod.invokeExplosively(FrameworkMethod.java:44)
	at org.junit.internal.runners.statements.InvokeMethod.evaluate(InvokeMethod.java:17)
	at org.junit.internal.runners.statements.RunBefores.evaluate(RunBefores.java:26)
	at org.junit.internal.runners.statements.RunAfters.evaluate(RunAfters.java:27)
	at org.junit.runners.ParentRunner.runLeaf(ParentRunner.java:271)
	at org.junit.runners.BlockJUnit4ClassRunner.runChild(BlockJUnit4ClassRunner.java:70)
	at org.junit.runners.BlockJUnit4ClassRunner.runChild(BlockJUnit4ClassRunner.java:50)
	at org.junit.runners.ParentRunner$3.run(ParentRunner.java:238)
	at org.junit.runners.ParentRunner$1.schedule(ParentRunner.java:63)
	at org.junit.runners.ParentRunner.runChildren(ParentRunner.java:236)
	at org.junit.runners.ParentRunner.access$000(ParentRunner.java:53)
	at org.junit.runners.ParentRunner$2.evaluate(ParentRunner.java:229)
	at org.junit.runners.ParentRunner.run(ParentRunner.java:309)
	at org.junit.runners.Suite.runChild(Suite.java:127)
	at org.junit.runners.Suite.runChild(Suite.java:26)
	at org.junit.runners.ParentRunner$3.run(ParentRunner.java:238)
	at org.junit.runners.ParentRunner$1.schedule(ParentRunner.java:63)
	at org.junit.runners.ParentRunner.runChildren(ParentRunner.java:236)
	at org.junit.runners.ParentRunner.access$000(ParentRunner.java:53)
	at org.junit.runners.ParentRunner$2.evaluate(ParentRunner.java:229)
	at org.junit.runners.ParentRunner.run(ParentRunner.java:309)
	at org.apache.maven.surefire.junit4.JUnit4Provider.execute(JUnit4Provider.java:365)
	at org.apache.maven.surefire.junit4.JUnit4Provider.executeWithRerun(JUnit4Provider.java:273)
	at org.apache.maven.surefire.junit4.JUnit4Provider.executeTestSet(JUnit4Provider.java:238)
	at org.apache.maven.surefire.junit4.JUnit4Provider.invoke(JUnit4Provider.java:159)
	at org.apache.maven.surefire.booter.ForkedBooter.invokeProviderInSameClassLoader(ForkedBooter.java:384)
	at org.apache.maven.surefire.booter.ForkedBooter.runSuitesInProcess(ForkedBooter.java:345)
	at org.apache.maven.surefire.booter.ForkedBooter.execute(ForkedBooter.java:126)
	at org.apache.maven.surefire.booter.ForkedBooter.main(ForkedBooter.java:418)
</error>
    <system-out><![CDATA[2019-09-12 11:46:17,374 [main] WARN  server.ServerUtils (ServerUtils.java:getScmDbDir(145)) - ozone.scm.db.dirs is not configured. We recommend adding this setting. Falling back to ozone.metadata.dirs instead.
2019-09-12 11:46:17,389 [main] WARN  server.ServerUtils (ServerUtils.java:getScmDbDir(145)) - ozone.scm.db.dirs is not configured. We recommend adding this setting. Falling back to ozone.metadata.dirs instead.
2019-09-12 11:46:17,389 [main] WARN  server.ServerUtils (ServerUtils.java:getScmDbDir(145)) - ozone.scm.db.dirs is not configured. We recommend adding this setting. Falling back to ozone.metadata.dirs instead.
2019-09-12 11:46:17,390 [main] INFO  db.DBStoreBuilder (DBStoreBuilder.java:addTable(110)) - using custom profile for table: deletedBlocks
2019-09-12 11:46:17,390 [main] INFO  db.DBStoreBuilder (DBStoreBuilder.java:processTables(161)) - Using default column profile:DBProfile.DISK for Table:deletedBlocks
2019-09-12 11:46:17,390 [main] INFO  db.DBStoreBuilder (DBStoreBuilder.java:addTable(110)) - using custom profile for table: validCerts
2019-09-12 11:46:17,390 [main] INFO  db.DBStoreBuilder (DBStoreBuilder.java:processTables(161)) - Using default column profile:DBProfile.DISK for Table:validCerts
2019-09-12 11:46:17,390 [main] INFO  db.DBStoreBuilder (DBStoreBuilder.java:addTable(110)) - using custom profile for table: revokedCerts
2019-09-12 11:46:17,391 [main] INFO  db.DBStoreBuilder (DBStoreBuilder.java:processTables(161)) - Using default column profile:DBProfile.DISK for Table:revokedCerts
2019-09-12 11:46:17,391 [main] INFO  db.DBStoreBuilder (DBStoreBuilder.java:addTable(110)) - using custom profile for table: default
2019-09-12 11:46:17,391 [main] INFO  db.DBStoreBuilder (DBStoreBuilder.java:processTables(167)) - Using default column profile:DBProfile.DISK for Table:default
2019-09-12 11:46:17,391 [main] INFO  db.DBStoreBuilder (DBStoreBuilder.java:getDbProfile(198)) - Using default options. DBProfile.DISK
2019-09-12 11:46:17,546 [main] INFO  net.NodeSchemaLoader (NodeSchemaLoader.java:loadSchemaFromFile(125)) - Loading file from sun.misc.CompoundEnumeration@6f6c6c70
2019-09-12 11:46:17,546 [main] INFO  net.NodeSchemaLoader (NodeSchemaLoader.java:loadSchema(171)) - Loading network topology layer schema file
2019-09-12 11:46:17,550 [main] WARN  server.ServerUtils (ServerUtils.java:sanitizeUserArgs(70)) - ozone.scm.stale.node.interval value = 300000 is larger than max = 100000 based on the key value of ozone.scm.heartbeat.thread.interval, reset to the max value 100000.
2019-09-12 11:46:17,550 [main] WARN  server.ServerUtils (ServerUtils.java:sanitizeUserArgs(70)) - ozone.scm.stale.node.interval value = 300000 is larger than max = 100000 based on the key value of ozone.scm.heartbeat.thread.interval, reset to the max value 100000.
2019-09-12 11:46:17,550 [main] INFO  node.SCMNodeManager (SCMNodeManager.java:<init>(121)) - Entering startup safe mode.
2019-09-12 11:46:17,551 [main] INFO  algorithms.ContainerPlacementPolicyFactory (ContainerPlacementPolicyFactory.java:getPolicy(56)) - Create container placement policy of type org.apache.hadoop.hdds.scm.container.placement.algorithms.SCMContainerPlacementRandom
2019-09-12 11:46:17,551 [main] WARN  server.ServerUtils (ServerUtils.java:getScmDbDir(145)) - ozone.scm.db.dirs is not configured. We recommend adding this setting. Falling back to ozone.metadata.dirs instead.
2019-09-12 11:46:17,601 [main] INFO  pipeline.SCMPipelineManager (SCMPipelineManager.java:initializePipelineState(126)) - No pipeline exists in current db
2019-09-12 11:46:17,601 [main] WARN  server.ServerUtils (ServerUtils.java:getScmDbDir(145)) - ozone.scm.db.dirs is not configured. We recommend adding this setting. Falling back to ozone.metadata.dirs instead.
2019-09-12 11:46:17,652 [main] WARN  events.EventQueue (EventQueue.java:fireEvent(175)) - No event handler registered for event TypedEvent{payloadType=SafeModeStatus, name='SafeModeStatus'}
2019-09-12 11:46:17,652 [main] INFO  ipc.CallQueueManager (CallQueueManager.java:<init>(84)) - Using callQueue: class java.util.concurrent.LinkedBlockingQueue, queueCapacity: 2000, scheduler: class org.apache.hadoop.ipc.DefaultRpcScheduler, ipcBackoff: false.
2019-09-12 11:46:17,653 [Socket Reader #1 for port 43391] INFO  ipc.Server (Server.java:run(1074)) - Starting Socket Reader #1 for port 43391
2019-09-12 11:46:17,654 [main] INFO  ipc.CallQueueManager (CallQueueManager.java:<init>(84)) - Using callQueue: class java.util.concurrent.LinkedBlockingQueue, queueCapacity: 2000, scheduler: class org.apache.hadoop.ipc.DefaultRpcScheduler, ipcBackoff: false.
2019-09-12 11:46:17,655 [Socket Reader #1 for port 37866] INFO  ipc.Server (Server.java:run(1074)) - Starting Socket Reader #1 for port 37866
2019-09-12 11:46:17,656 [main] INFO  ipc.CallQueueManager (CallQueueManager.java:<init>(84)) - Using callQueue: class java.util.concurrent.LinkedBlockingQueue, queueCapacity: 2000, scheduler: class org.apache.hadoop.ipc.DefaultRpcScheduler, ipcBackoff: false.
2019-09-12 11:46:17,657 [Socket Reader #1 for port 43327] INFO  ipc.Server (Server.java:run(1074)) - Starting Socket Reader #1 for port 43327
2019-09-12 11:46:17,659 [main] INFO  hdfs.DFSUtil (DFSUtil.java:httpServerTemplateForNNAndJN(1641)) - Starting Web-server for scm at: http://0.0.0.0:0
2019-09-12 11:46:17,662 [main] INFO  server.AuthenticationFilter (AuthenticationFilter.java:constructSecretProvider(240)) - Unable to initialize FileSignerSecretProvider, falling back to use random secrets.
2019-09-12 11:46:17,663 [main] WARN  http.HttpRequestLog (HttpRequestLog.java:getRequestLog(97)) - Jetty request log can only be enabled using Log4j
2019-09-12 11:46:17,666 [main] INFO  http.HttpServer2 (HttpServer2.java:addGlobalFilter(975)) - Added global filter 'safety' (class=org.apache.hadoop.http.HttpServer2$QuotingInputFilter)
2019-09-12 11:46:17,666 [main] INFO  http.HttpServer2 (HttpServer2.java:addFilter(948)) - Added filter static_user_filter (class=org.apache.hadoop.http.lib.StaticUserWebFilter$StaticUserFilter) to context scm
2019-09-12 11:46:17,667 [main] INFO  http.HttpServer2 (HttpServer2.java:addFilter(958)) - Added filter static_user_filter (class=org.apache.hadoop.http.lib.StaticUserWebFilter$StaticUserFilter) to context logs
2019-09-12 11:46:17,667 [main] INFO  http.HttpServer2 (HttpServer2.java:addFilter(958)) - Added filter static_user_filter (class=org.apache.hadoop.http.lib.StaticUserWebFilter$StaticUserFilter) to context static
2019-09-12 11:46:17,669 [main] INFO  server.StorageContainerManager (StorageContainerManager.java:start(759)) - StorageContainerLocationProtocol RPC server is listening at /0.0.0.0:43327
2019-09-12 11:46:17,671 [main] WARN  impl.MetricsConfig (MetricsConfig.java:loadFirst(134)) - Cannot locate configuration: tried hadoop-metrics2-storagecontainermanager.properties,hadoop-metrics2.properties
2019-09-12 11:46:17,672 [main] INFO  impl.MetricsSystemImpl (MetricsSystemImpl.java:startTimer(374)) - Scheduled Metric snapshot period at 10 second(s).
2019-09-12 11:46:17,672 [main] INFO  impl.MetricsSystemImpl (MetricsSystemImpl.java:start(191)) - StorageContainerManager metrics system started
2019-09-12 11:46:17,733 [main] INFO  server.SCMClientProtocolServer (SCMClientProtocolServer.java:start(151)) - RPC server for Client  is listening at /0.0.0.0:43327
2019-09-12 11:46:17,733 [IPC Server Responder] INFO  ipc.Server (Server.java:run(1314)) - IPC Server Responder: starting
2019-09-12 11:46:17,733 [IPC Server listener on 43327] INFO  ipc.Server (Server.java:run(1153)) - IPC Server listener on 43327: starting
2019-09-12 11:46:17,736 [main] INFO  server.StorageContainerManager (StorageContainerManager.java:start(769)) - ScmBlockLocationProtocol RPC server is listening at /0.0.0.0:37866
2019-09-12 11:46:17,736 [main] INFO  server.SCMBlockProtocolServer (SCMBlockProtocolServer.java:start(140)) - RPC server for Block Protocol is listening at /0.0.0.0:37866
2019-09-12 11:46:17,736 [IPC Server Responder] INFO  ipc.Server (Server.java:run(1314)) - IPC Server Responder: starting
2019-09-12 11:46:17,736 [IPC Server listener on 37866] INFO  ipc.Server (Server.java:run(1153)) - IPC Server listener on 37866: starting
2019-09-12 11:46:17,739 [main] INFO  server.StorageContainerManager (StorageContainerManager.java:start(773)) - ScmDatanodeProtocl RPC server is listening at /0.0.0.0:43391
2019-09-12 11:46:17,739 [main] INFO  server.SCMDatanodeProtocolServer (SCMDatanodeProtocolServer.java:start(191)) - RPC server for DataNodes is listening at /0.0.0.0:43391
2019-09-12 11:46:17,739 [IPC Server Responder] INFO  ipc.Server (Server.java:run(1314)) - IPC Server Responder: starting
2019-09-12 11:46:17,741 [IPC Server listener on 43391] INFO  ipc.Server (Server.java:run(1153)) - IPC Server listener on 43391: starting
2019-09-12 11:46:17,744 [main] INFO  http.HttpServer2 (HttpServer2.java:bindListener(1191)) - Jetty bound to port 35339
2019-09-12 11:46:17,744 [main] INFO  server.Server (Server.java:doStart(351)) - jetty-9.3.24.v20180605, build timestamp: 2018-06-05T17:11:56Z, git hash: 84205aa28f11a4f31f2a3b86d1bba2cc8ab69827
2019-09-12 11:46:17,746 [main] INFO  handler.ContextHandler (ContextHandler.java:doStart(781)) - Started o.e.j.s.ServletContextHandler@1cd2e348{/logs,file:///workdir/hadoop-ozone/ozonefs/target/log,AVAILABLE}
2019-09-12 11:46:17,746 [main] INFO  handler.ContextHandler (ContextHandler.java:doStart(781)) - Started o.e.j.s.ServletContextHandler@27aa7294{/static,jar:file:/home/user/.m2/repository/org/apache/hadoop/hadoop-hdds-server-scm/0.5.0-SNAPSHOT/hadoop-hdds-server-scm-0.5.0-SNAPSHOT.jar!/webapps/static,AVAILABLE}
2019-09-12 11:46:17,787 [main] INFO  handler.ContextHandler (ContextHandler.java:doStart(781)) - Started o.e.j.w.WebAppContext@400df2b3{/,file:///tmp/jetty-0.0.0.0-35339-scm-_-any-3517162799034890614.dir/webapp/,AVAILABLE}{/scm}
2019-09-12 11:46:17,787 [main] INFO  server.AbstractConnector (AbstractConnector.java:doStart(278)) - Started ServerConnector@70044113{HTTP/1.1,[http/1.1]}{0.0.0.0:35339}
2019-09-12 11:46:17,788 [main] INFO  server.Server (Server.java:doStart(419)) - Started @94984ms
2019-09-12 11:46:17,788 [main] INFO  server.BaseHttpServer (BaseHttpServer.java:updateConnectorAddress(213)) - HTTP server of SCM is listening at http://0.0.0.0:35339
2019-09-12 11:46:17,789 [main] WARN  server.ServerUtils (ServerUtils.java:getDBPath(222)) - ozone.om.db.dirs is not configured. We recommend adding this setting. Falling back to ozone.metadata.dirs instead.
2019-09-12 11:46:17,790 [org.apache.hadoop.util.JvmPauseMonitor$Monitor@4678ec43] INFO  util.JvmPauseMonitor (JvmPauseMonitor.java:run(188)) - Starting JVM pause monitor
2019-09-12 11:46:17,804 [main] WARN  server.ServerUtils (ServerUtils.java:getDBPath(222)) - ozone.om.db.dirs is not configured. We recommend adding this setting. Falling back to ozone.metadata.dirs instead.
2019-09-12 11:46:17,804 [main] WARN  server.ServerUtils (ServerUtils.java:getDBPath(222)) - ozone.om.db.dirs is not configured. We recommend adding this setting. Falling back to ozone.metadata.dirs instead.
2019-09-12 11:46:17,804 [main] INFO  om.OzoneManager (OzoneManager.java:setOMNodeDetails(645)) - OM Service ID is not set. Setting it to the default ID: omServiceIdDefault
2019-09-12 11:46:17,805 [main] INFO  om.OzoneManager (OzoneManager.java:setOMNodeDetails(651)) - OM Node ID is not set. Setting it to the OmStorage's OmID: cfe01e35-109a-4018-8baf-b013de2c670d
2019-09-12 11:46:17,805 [main] INFO  om.OzoneManager (OzoneManager.java:loadOMHAConfigs(602)) - Found matching OM address with OMServiceId: null, OMNodeId: null, RPC Address: localhost:0 and Ratis port: 9872
2019-09-12 11:46:17,813 | INFO  | SCMAudit | user=jenkins1000 | ip=192.168.36.114 | op=GET_SCM_INFO null | ret=SUCCESS |  
2019-09-12 11:46:17,815 [main] WARN  server.ServerUtils (ServerUtils.java:getDBPath(222)) - ozone.om.db.dirs is not configured. We recommend adding this setting. Falling back to ozone.metadata.dirs instead.
2019-09-12 11:46:17,815 [main] INFO  db.DBStoreBuilder (DBStoreBuilder.java:addTable(110)) - using custom profile for table: userTable
2019-09-12 11:46:17,815 [main] INFO  db.DBStoreBuilder (DBStoreBuilder.java:processTables(161)) - Using default column profile:DBProfile.DISK for Table:userTable
2019-09-12 11:46:17,816 [main] INFO  db.DBStoreBuilder (DBStoreBuilder.java:addTable(110)) - using custom profile for table: volumeTable
2019-09-12 11:46:17,816 [main] INFO  db.DBStoreBuilder (DBStoreBuilder.java:processTables(161)) - Using default column profile:DBProfile.DISK for Table:volumeTable
2019-09-12 11:46:17,816 [main] INFO  db.DBStoreBuilder (DBStoreBuilder.java:addTable(110)) - using custom profile for table: bucketTable
2019-09-12 11:46:17,816 [main] INFO  db.DBStoreBuilder (DBStoreBuilder.java:processTables(161)) - Using default column profile:DBProfile.DISK for Table:bucketTable
2019-09-12 11:46:17,816 [main] INFO  db.DBStoreBuilder (DBStoreBuilder.java:addTable(110)) - using custom profile for table: keyTable
2019-09-12 11:46:17,816 [main] INFO  db.DBStoreBuilder (DBStoreBuilder.java:processTables(161)) - Using default column profile:DBProfile.DISK for Table:keyTable
2019-09-12 11:46:17,817 [main] INFO  db.DBStoreBuilder (DBStoreBuilder.java:addTable(110)) - using custom profile for table: deletedTable
2019-09-12 11:46:17,817 [main] INFO  db.DBStoreBuilder (DBStoreBuilder.java:processTables(161)) - Using default column profile:DBProfile.DISK for Table:deletedTable
2019-09-12 11:46:17,817 [main] INFO  db.DBStoreBuilder (DBStoreBuilder.java:addTable(110)) - using custom profile for table: openKeyTable
2019-09-12 11:46:17,817 [main] INFO  db.DBStoreBuilder (DBStoreBuilder.java:processTables(161)) - Using default column profile:DBProfile.DISK for Table:openKeyTable
2019-09-12 11:46:17,817 [main] INFO  db.DBStoreBuilder (DBStoreBuilder.java:addTable(110)) - using custom profile for table: s3Table
2019-09-12 11:46:17,817 [main] INFO  db.DBStoreBuilder (DBStoreBuilder.java:processTables(161)) - Using default column profile:DBProfile.DISK for Table:s3Table
2019-09-12 11:46:17,818 [main] INFO  db.DBStoreBuilder (DBStoreBuilder.java:addTable(110)) - using custom profile for table: multipartInfoTable
2019-09-12 11:46:17,818 [main] INFO  db.DBStoreBuilder (DBStoreBuilder.java:processTables(161)) - Using default column profile:DBProfile.DISK for Table:multipartInfoTable
2019-09-12 11:46:17,818 [main] INFO  db.DBStoreBuilder (DBStoreBuilder.java:addTable(110)) - using custom profile for table: dTokenTable
2019-09-12 11:46:17,818 [main] INFO  db.DBStoreBuilder (DBStoreBuilder.java:processTables(161)) - Using default column profile:DBProfile.DISK for Table:dTokenTable
2019-09-12 11:46:17,818 [main] INFO  db.DBStoreBuilder (DBStoreBuilder.java:addTable(110)) - using custom profile for table: s3SecretTable
2019-09-12 11:46:17,818 [main] INFO  db.DBStoreBuilder (DBStoreBuilder.java:processTables(161)) - Using default column profile:DBProfile.DISK for Table:s3SecretTable
2019-09-12 11:46:17,819 [main] INFO  db.DBStoreBuilder (DBStoreBuilder.java:addTable(110)) - using custom profile for table: prefixTable
2019-09-12 11:46:17,819 [main] INFO  db.DBStoreBuilder (DBStoreBuilder.java:processTables(161)) - Using default column profile:DBProfile.DISK for Table:prefixTable
2019-09-12 11:46:17,819 [main] INFO  db.DBStoreBuilder (DBStoreBuilder.java:addTable(110)) - using custom profile for table: default
2019-09-12 11:46:17,819 [main] INFO  db.DBStoreBuilder (DBStoreBuilder.java:processTables(167)) - Using default column profile:DBProfile.DISK for Table:default
2019-09-12 11:46:17,819 [main] INFO  db.DBStoreBuilder (DBStoreBuilder.java:getDbProfile(198)) - Using default options. DBProfile.DISK
2019-09-12 11:46:18,295 [main] INFO  ipc.CallQueueManager (CallQueueManager.java:<init>(84)) - Using callQueue: class java.util.concurrent.LinkedBlockingQueue, queueCapacity: 2000, scheduler: class org.apache.hadoop.ipc.DefaultRpcScheduler, ipcBackoff: false.
2019-09-12 11:46:18,296 [Socket Reader #1 for port 40752] INFO  ipc.Server (Server.java:run(1074)) - Starting Socket Reader #1 for port 40752
2019-09-12 11:46:18,314 [main] INFO  om.OzoneManager (OzoneManager.java:start(1256)) - OzoneManager RPC server is listening at localhost/127.0.0.1:40752
2019-09-12 11:46:18,314 [main] INFO  impl.MetricsSystemImpl (MetricsSystemImpl.java:init(158)) - OzoneManager metrics system started (again)
2019-09-12 11:46:18,315 [IPC Server Responder] INFO  ipc.Server (Server.java:run(1314)) - IPC Server Responder: starting
2019-09-12 11:46:18,316 [IPC Server listener on 40752] INFO  ipc.Server (Server.java:run(1153)) - IPC Server listener on 40752: starting
2019-09-12 11:46:18,319 [main] INFO  hdfs.DFSUtil (DFSUtil.java:httpServerTemplateForNNAndJN(1641)) - Starting Web-server for ozoneManager at: http://0.0.0.0:0
2019-09-12 11:46:18,320 [main] INFO  server.AuthenticationFilter (AuthenticationFilter.java:constructSecretProvider(240)) - Unable to initialize FileSignerSecretProvider, falling back to use random secrets.
2019-09-12 11:46:18,321 [main] WARN  http.HttpRequestLog (HttpRequestLog.java:getRequestLog(97)) - Jetty request log can only be enabled using Log4j
2019-09-12 11:46:18,322 [main] INFO  http.HttpServer2 (HttpServer2.java:addGlobalFilter(975)) - Added global filter 'safety' (class=org.apache.hadoop.http.HttpServer2$QuotingInputFilter)
2019-09-12 11:46:18,323 [main] INFO  http.HttpServer2 (HttpServer2.java:addFilter(948)) - Added filter static_user_filter (class=org.apache.hadoop.http.lib.StaticUserWebFilter$StaticUserFilter) to context ozoneManager
2019-09-12 11:46:18,323 [main] INFO  http.HttpServer2 (HttpServer2.java:addFilter(958)) - Added filter static_user_filter (class=org.apache.hadoop.http.lib.StaticUserWebFilter$StaticUserFilter) to context static
2019-09-12 11:46:18,323 [main] INFO  http.HttpServer2 (HttpServer2.java:addFilter(958)) - Added filter static_user_filter (class=org.apache.hadoop.http.lib.StaticUserWebFilter$StaticUserFilter) to context logs
2019-09-12 11:46:18,324 [main] INFO  http.HttpServer2 (HttpServer2.java:bindListener(1191)) - Jetty bound to port 43347
2019-09-12 11:46:18,324 [main] INFO  server.Server (Server.java:doStart(351)) - jetty-9.3.24.v20180605, build timestamp: 2018-06-05T17:11:56Z, git hash: 84205aa28f11a4f31f2a3b86d1bba2cc8ab69827
2019-09-12 11:46:18,326 [main] INFO  handler.ContextHandler (ContextHandler.java:doStart(781)) - Started o.e.j.s.ServletContextHandler@5a8835c6{/logs,file:///workdir/hadoop-ozone/ozonefs/target/log,AVAILABLE}
2019-09-12 11:46:18,326 [main] INFO  handler.ContextHandler (ContextHandler.java:doStart(781)) - Started o.e.j.s.ServletContextHandler@6ec77cab{/static,jar:file:/home/user/.m2/repository/org/apache/hadoop/hadoop-ozone-ozone-manager/0.5.0-SNAPSHOT/hadoop-ozone-ozone-manager-0.5.0-SNAPSHOT.jar!/webapps/static,AVAILABLE}
2019-09-12 11:46:18,375 [main] INFO  handler.ContextHandler (ContextHandler.java:doStart(781)) - Started o.e.j.w.WebAppContext@7eb94590{/,file:///tmp/jetty-0.0.0.0-43347-ozoneManager-_-any-6749028221775862745.dir/webapp/,AVAILABLE}{/ozoneManager}
2019-09-12 11:46:18,375 [main] INFO  server.AbstractConnector (AbstractConnector.java:doStart(278)) - Started ServerConnector@3777fc44{HTTP/1.1,[http/1.1]}{0.0.0.0:43347}
2019-09-12 11:46:18,377 [main] INFO  server.Server (Server.java:doStart(419)) - Started @95573ms
2019-09-12 11:46:18,377 [main] INFO  server.BaseHttpServer (BaseHttpServer.java:updateConnectorAddress(213)) - HTTP server of OZONEMANAGER is listening at http://0.0.0.0:43347
2019-09-12 11:46:18,385 [main] INFO  impl.MetricsSystemImpl (MetricsSystemImpl.java:init(158)) - HddsDatanode metrics system started (again)
2019-09-12 11:46:18,387 [main] INFO  ozone.HddsDatanodeService (HddsDatanodeService.java:start(184)) - HddsDatanodeService host:pr-hdds-1569-58hkm-1881083799 ip:192.168.36.114
2019-09-12 11:46:18,394 [main] INFO  volume.HddsVolume (HddsVolume.java:<init>(176)) - Creating Volume: /workdir/hadoop-ozone/ozonefs/target/test-dir/MiniOzoneClusterImpl-3eb4f7d7-b6cb-4385-801e-8717a1e56e16/datanode-0/data/containers/hdds of  storage type : DISK and capacity : 1482555576320
2019-09-12 11:46:18,394 [main] INFO  volume.VolumeSet (VolumeSet.java:initializeVolumeSet(170)) - Added Volume : /workdir/hadoop-ozone/ozonefs/target/test-dir/MiniOzoneClusterImpl-3eb4f7d7-b6cb-4385-801e-8717a1e56e16/datanode-0/data/containers/hdds to VolumeSet
2019-09-12 11:46:18,394 [main] INFO  volume.ThrottledAsyncChecker (ThrottledAsyncChecker.java:schedule(140)) - Scheduling a check for org.apache.hadoop.ozone.container.common.volume.HddsVolume@227fc322
2019-09-12 11:46:18,395 [main] INFO  volume.HddsVolumeChecker (HddsVolumeChecker.java:checkAllVolumes(203)) - Scheduled health check for volume org.apache.hadoop.ozone.container.common.volume.HddsVolume@227fc322
2019-09-12 11:46:18,415 [main] INFO  impl.RaftServerProxy (ConfUtils.java:logGet(43)) - raft.rpc.type = GRPC (default)
2019-09-12 11:46:18,415 [main] INFO  grpc.GrpcFactory (GrpcFactory.java:checkPooledByteBufAllocatorUseCacheForAllThreads(45)) - PERFORMANCE WARNING: useCacheForAllThreads is true that may cause Netty to create a lot garbage objects and, as a result, trigger GC.
	It is recommended to disable useCacheForAllThreads by setting -Dorg.apache.ratis.thirdparty.io.netty.allocator.useCacheForAllThreads=false in command line.
2019-09-12 11:46:18,415 [main] INFO  grpc.GrpcConfigKeys$Server (ConfUtils.java:logGet(43)) - raft.grpc.server.port = 0 (default)
2019-09-12 11:46:18,415 [main] INFO  server.GrpcService (ConfUtils.java:logGet(43)) - raft.grpc.message.size.max = 33570816 (custom)
2019-09-12 11:46:18,416 [main] INFO  server.RaftServerConfigKeys (ConfUtils.java:logGet(43)) - raft.server.log.appender.buffer.byte-limit = 33554432 (custom)
2019-09-12 11:46:18,416 [main] INFO  server.GrpcService (ConfUtils.java:logGet(43)) - raft.grpc.flow.control.window = 1MB (=1048576) (default)
2019-09-12 11:46:18,416 [main] INFO  server.RaftServerConfigKeys (ConfUtils.java:logGet(43)) - raft.server.rpc.request.timeout = 3000ms (default)
2019-09-12 11:46:18,416 [main] INFO  server.RaftServerConfigKeys (ConfUtils.java:logGet(43)) - raft.server.storage.dir = [/workdir/hadoop-ozone/ozonefs/target/test-dir/MiniOzoneClusterImpl-3eb4f7d7-b6cb-4385-801e-8717a1e56e16/datanode-0/data/ratis] (custom)
2019-09-12 11:46:18,417 [main] INFO  replication.SimpleContainerDownloader (SimpleContainerDownloader.java:<init>(72)) - Starting container downloader service to copy containers to replicate.
2019-09-12 11:46:18,419 [main] INFO  hdfs.DFSUtil (DFSUtil.java:httpServerTemplateForNNAndJN(1641)) - Starting Web-server for hddsDatanode at: http://0.0.0.0:0
2019-09-12 11:46:18,421 [main] INFO  server.AuthenticationFilter (AuthenticationFilter.java:constructSecretProvider(240)) - Unable to initialize FileSignerSecretProvider, falling back to use random secrets.
2019-09-12 11:46:18,421 [main] WARN  http.HttpRequestLog (HttpRequestLog.java:getRequestLog(97)) - Jetty request log can only be enabled using Log4j
2019-09-12 11:46:18,423 [main] INFO  http.HttpServer2 (HttpServer2.java:addGlobalFilter(975)) - Added global filter 'safety' (class=org.apache.hadoop.http.HttpServer2$QuotingInputFilter)
2019-09-12 11:46:18,424 [main] INFO  http.HttpServer2 (HttpServer2.java:addFilter(948)) - Added filter static_user_filter (class=org.apache.hadoop.http.lib.StaticUserWebFilter$StaticUserFilter) to context hddsDatanode
2019-09-12 11:46:18,424 [main] INFO  http.HttpServer2 (HttpServer2.java:addFilter(958)) - Added filter static_user_filter (class=org.apache.hadoop.http.lib.StaticUserWebFilter$StaticUserFilter) to context static
2019-09-12 11:46:18,424 [main] INFO  http.HttpServer2 (HttpServer2.java:addFilter(958)) - Added filter static_user_filter (class=org.apache.hadoop.http.lib.StaticUserWebFilter$StaticUserFilter) to context logs
2019-09-12 11:46:18,425 [main] INFO  http.HttpServer2 (HttpServer2.java:bindListener(1191)) - Jetty bound to port 32827
2019-09-12 11:46:18,425 [main] INFO  server.Server (Server.java:doStart(351)) - jetty-9.3.24.v20180605, build timestamp: 2018-06-05T17:11:56Z, git hash: 84205aa28f11a4f31f2a3b86d1bba2cc8ab69827
2019-09-12 11:46:18,426 [main] INFO  handler.ContextHandler (ContextHandler.java:doStart(781)) - Started o.e.j.s.ServletContextHandler@57abe94d{/logs,file:///workdir/hadoop-ozone/ozonefs/target/log,AVAILABLE}
2019-09-12 11:46:18,427 [main] INFO  handler.ContextHandler (ContextHandler.java:doStart(781)) - Started o.e.j.s.ServletContextHandler@5d957cf0{/static,jar:file:/home/user/.m2/repository/org/apache/hadoop/hadoop-hdds-container-service/0.5.0-SNAPSHOT/hadoop-hdds-container-service-0.5.0-SNAPSHOT.jar!/webapps/static,AVAILABLE}
2019-09-12 11:46:18,454 [main] INFO  handler.ContextHandler (ContextHandler.java:doStart(781)) - Started o.e.j.w.WebAppContext@75b4db22{/,file:///tmp/jetty-0.0.0.0-32827-hddsDatanode-_-any-8416721845503963092.dir/webapp/,AVAILABLE}{/hddsDatanode}
2019-09-12 11:46:18,454 [main] INFO  server.AbstractConnector (AbstractConnector.java:doStart(278)) - Started ServerConnector@670aac24{HTTP/1.1,[http/1.1]}{0.0.0.0:32827}
2019-09-12 11:46:18,455 [main] INFO  server.Server (Server.java:doStart(419)) - Started @95652ms
2019-09-12 11:46:18,456 [main] INFO  server.BaseHttpServer (BaseHttpServer.java:updateConnectorAddress(213)) - HTTP server of HDDSDATANODE is listening at http://0.0.0.0:32827
2019-09-12 11:46:18,591 | INFO  | ObjectStoreRestHttpServer | Listening HDDS REST traffic on /0.0.0.0:42764 |  
2019-09-12 11:46:18,591 [main] INFO  ozone.HddsDatanodeService (HddsDatanodeService.java:startPlugins(395)) - Started plug-in org.apache.hadoop.ozone.web.OzoneHddsDatanodeService@6632eb19
2019-09-12 11:46:18,591 [main] INFO  impl.MetricsSystemImpl (MetricsSystemImpl.java:init(158)) - HddsDatanode metrics system started (again)
2019-09-12 11:46:18,593 [org.apache.hadoop.util.JvmPauseMonitor$Monitor@71ef75e5] INFO  util.JvmPauseMonitor (JvmPauseMonitor.java:run(188)) - Starting JVM pause monitor
2019-09-12 11:46:18,593 [main] INFO  ozone.HddsDatanodeService (HddsDatanodeService.java:start(184)) - HddsDatanodeService host:pr-hdds-1569-58hkm-1881083799 ip:192.168.36.114
2019-09-12 11:46:18,597 [Datanode State Machine Thread - 0] INFO  datanode.InitDatanodeState (InitDatanodeState.java:persistContainerDatanodeDetails(140)) - DatanodeDetails is persisted to /workdir/hadoop-ozone/ozonefs/target/test-dir/MiniOzoneClusterImpl-3eb4f7d7-b6cb-4385-801e-8717a1e56e16/datanode-0/meta/datanode.id
2019-09-12 11:46:18,601 [main] INFO  volume.HddsVolume (HddsVolume.java:<init>(176)) - Creating Volume: /workdir/hadoop-ozone/ozonefs/target/test-dir/MiniOzoneClusterImpl-3eb4f7d7-b6cb-4385-801e-8717a1e56e16/datanode-1/data/containers/hdds of  storage type : DISK and capacity : 1482555576320
2019-09-12 11:46:18,601 [main] INFO  volume.VolumeSet (VolumeSet.java:initializeVolumeSet(170)) - Added Volume : /workdir/hadoop-ozone/ozonefs/target/test-dir/MiniOzoneClusterImpl-3eb4f7d7-b6cb-4385-801e-8717a1e56e16/datanode-1/data/containers/hdds to VolumeSet
2019-09-12 11:46:18,602 [main] INFO  volume.ThrottledAsyncChecker (ThrottledAsyncChecker.java:schedule(140)) - Scheduling a check for org.apache.hadoop.ozone.container.common.volume.HddsVolume@3eb641a8
2019-09-12 11:46:18,602 [main] INFO  volume.HddsVolumeChecker (HddsVolumeChecker.java:checkAllVolumes(203)) - Scheduled health check for volume org.apache.hadoop.ozone.container.common.volume.HddsVolume@3eb641a8
2019-09-12 11:46:18,625 [main] INFO  impl.RaftServerProxy (ConfUtils.java:logGet(43)) - raft.rpc.type = GRPC (default)
2019-09-12 11:46:18,625 [main] INFO  grpc.GrpcFactory (GrpcFactory.java:checkPooledByteBufAllocatorUseCacheForAllThreads(45)) - PERFORMANCE WARNING: useCacheForAllThreads is true that may cause Netty to create a lot garbage objects and, as a result, trigger GC.
	It is recommended to disable useCacheForAllThreads by setting -Dorg.apache.ratis.thirdparty.io.netty.allocator.useCacheForAllThreads=false in command line.
2019-09-12 11:46:18,625 [main] INFO  grpc.GrpcConfigKeys$Server (ConfUtils.java:logGet(43)) - raft.grpc.server.port = 0 (default)
2019-09-12 11:46:18,625 [main] INFO  server.GrpcService (ConfUtils.java:logGet(43)) - raft.grpc.message.size.max = 33570816 (custom)
2019-09-12 11:46:18,626 [main] INFO  server.RaftServerConfigKeys (ConfUtils.java:logGet(43)) - raft.server.log.appender.buffer.byte-limit = 33554432 (custom)
2019-09-12 11:46:18,626 [main] INFO  server.GrpcService (ConfUtils.java:logGet(43)) - raft.grpc.flow.control.window = 1MB (=1048576) (default)
2019-09-12 11:46:18,626 [main] INFO  server.RaftServerConfigKeys (ConfUtils.java:logGet(43)) - raft.server.rpc.request.timeout = 3000ms (default)
2019-09-12 11:46:18,626 [main] INFO  server.RaftServerConfigKeys (ConfUtils.java:logGet(43)) - raft.server.storage.dir = [/workdir/hadoop-ozone/ozonefs/target/test-dir/MiniOzoneClusterImpl-3eb4f7d7-b6cb-4385-801e-8717a1e56e16/datanode-1/data/ratis] (custom)
2019-09-12 11:46:18,627 [main] INFO  replication.SimpleContainerDownloader (SimpleContainerDownloader.java:<init>(72)) - Starting container downloader service to copy containers to replicate.
2019-09-12 11:46:18,628 [main] INFO  hdfs.DFSUtil (DFSUtil.java:httpServerTemplateForNNAndJN(1641)) - Starting Web-server for hddsDatanode at: http://0.0.0.0:0
2019-09-12 11:46:18,629 [main] INFO  server.AuthenticationFilter (AuthenticationFilter.java:constructSecretProvider(240)) - Unable to initialize FileSignerSecretProvider, falling back to use random secrets.
2019-09-12 11:46:18,630 [main] WARN  http.HttpRequestLog (HttpRequestLog.java:getRequestLog(97)) - Jetty request log can only be enabled using Log4j
2019-09-12 11:46:18,631 [main] INFO  http.HttpServer2 (HttpServer2.java:addGlobalFilter(975)) - Added global filter 'safety' (class=org.apache.hadoop.http.HttpServer2$QuotingInputFilter)
2019-09-12 11:46:18,632 [main] INFO  http.HttpServer2 (HttpServer2.java:addFilter(948)) - Added filter static_user_filter (class=org.apache.hadoop.http.lib.StaticUserWebFilter$StaticUserFilter) to context hddsDatanode
2019-09-12 11:46:18,632 [main] INFO  http.HttpServer2 (HttpServer2.java:addFilter(958)) - Added filter static_user_filter (class=org.apache.hadoop.http.lib.StaticUserWebFilter$StaticUserFilter) to context logs
2019-09-12 11:46:18,632 [main] INFO  http.HttpServer2 (HttpServer2.java:addFilter(958)) - Added filter static_user_filter (class=org.apache.hadoop.http.lib.StaticUserWebFilter$StaticUserFilter) to context static
2019-09-12 11:46:18,633 [main] INFO  http.HttpServer2 (HttpServer2.java:bindListener(1191)) - Jetty bound to port 33262
2019-09-12 11:46:18,633 [main] INFO  server.Server (Server.java:doStart(351)) - jetty-9.3.24.v20180605, build timestamp: 2018-06-05T17:11:56Z, git hash: 84205aa28f11a4f31f2a3b86d1bba2cc8ab69827
2019-09-12 11:46:18,634 [main] INFO  handler.ContextHandler (ContextHandler.java:doStart(781)) - Started o.e.j.s.ServletContextHandler@78e4fa1{/logs,file:///workdir/hadoop-ozone/ozonefs/target/log,AVAILABLE}
2019-09-12 11:46:18,635 [main] INFO  handler.ContextHandler (ContextHandler.java:doStart(781)) - Started o.e.j.s.ServletContextHandler@44f338ec{/static,jar:file:/home/user/.m2/repository/org/apache/hadoop/hadoop-hdds-container-service/0.5.0-SNAPSHOT/hadoop-hdds-container-service-0.5.0-SNAPSHOT.jar!/webapps/static,AVAILABLE}
2019-09-12 11:46:18,661 [main] INFO  handler.ContextHandler (ContextHandler.java:doStart(781)) - Started o.e.j.w.WebAppContext@3ecbfba1{/,file:///tmp/jetty-0.0.0.0-33262-hddsDatanode-_-any-6991478729681460216.dir/webapp/,AVAILABLE}{/hddsDatanode}
2019-09-12 11:46:18,661 [main] INFO  server.AbstractConnector (AbstractConnector.java:doStart(278)) - Started ServerConnector@739be7ec{HTTP/1.1,[http/1.1]}{0.0.0.0:33262}
2019-09-12 11:46:18,662 [main] INFO  server.Server (Server.java:doStart(419)) - Started @95859ms
2019-09-12 11:46:18,663 [main] INFO  server.BaseHttpServer (BaseHttpServer.java:updateConnectorAddress(213)) - HTTP server of HDDSDATANODE is listening at http://0.0.0.0:33262
2019-09-12 11:46:18,788 | INFO  | ObjectStoreRestHttpServer | Listening HDDS REST traffic on /0.0.0.0:35031 |  
2019-09-12 11:46:18,788 [main] INFO  ozone.HddsDatanodeService (HddsDatanodeService.java:startPlugins(395)) - Started plug-in org.apache.hadoop.ozone.web.OzoneHddsDatanodeService@3cf7433e
2019-09-12 11:46:18,788 [main] INFO  impl.MetricsSystemImpl (MetricsSystemImpl.java:init(158)) - HddsDatanode metrics system started (again)
2019-09-12 11:46:18,790 [org.apache.hadoop.util.JvmPauseMonitor$Monitor@2582c2a6] INFO  util.JvmPauseMonitor (JvmPauseMonitor.java:run(188)) - Starting JVM pause monitor
2019-09-12 11:46:18,791 [main] INFO  ozone.HddsDatanodeService (HddsDatanodeService.java:start(184)) - HddsDatanodeService host:pr-hdds-1569-58hkm-1881083799 ip:192.168.36.114
2019-09-12 11:46:18,793 [Datanode State Machine Thread - 0] INFO  datanode.InitDatanodeState (InitDatanodeState.java:persistContainerDatanodeDetails(140)) - DatanodeDetails is persisted to /workdir/hadoop-ozone/ozonefs/target/test-dir/MiniOzoneClusterImpl-3eb4f7d7-b6cb-4385-801e-8717a1e56e16/datanode-1/meta/datanode.id
2019-09-12 11:46:18,801 [main] INFO  volume.HddsVolume (HddsVolume.java:<init>(176)) - Creating Volume: /workdir/hadoop-ozone/ozonefs/target/test-dir/MiniOzoneClusterImpl-3eb4f7d7-b6cb-4385-801e-8717a1e56e16/datanode-2/data/containers/hdds of  storage type : DISK and capacity : 1482555576320
2019-09-12 11:46:18,802 [main] INFO  volume.VolumeSet (VolumeSet.java:initializeVolumeSet(170)) - Added Volume : /workdir/hadoop-ozone/ozonefs/target/test-dir/MiniOzoneClusterImpl-3eb4f7d7-b6cb-4385-801e-8717a1e56e16/datanode-2/data/containers/hdds to VolumeSet
2019-09-12 11:46:18,802 [main] INFO  volume.ThrottledAsyncChecker (ThrottledAsyncChecker.java:schedule(140)) - Scheduling a check for org.apache.hadoop.ozone.container.common.volume.HddsVolume@6eb332d1
2019-09-12 11:46:18,802 [main] INFO  volume.HddsVolumeChecker (HddsVolumeChecker.java:checkAllVolumes(203)) - Scheduled health check for volume org.apache.hadoop.ozone.container.common.volume.HddsVolume@6eb332d1
2019-09-12 11:46:18,823 [main] INFO  impl.RaftServerProxy (ConfUtils.java:logGet(43)) - raft.rpc.type = GRPC (default)
2019-09-12 11:46:18,823 [main] INFO  grpc.GrpcFactory (GrpcFactory.java:checkPooledByteBufAllocatorUseCacheForAllThreads(45)) - PERFORMANCE WARNING: useCacheForAllThreads is true that may cause Netty to create a lot garbage objects and, as a result, trigger GC.
	It is recommended to disable useCacheForAllThreads by setting -Dorg.apache.ratis.thirdparty.io.netty.allocator.useCacheForAllThreads=false in command line.
2019-09-12 11:46:18,823 [main] INFO  grpc.GrpcConfigKeys$Server (ConfUtils.java:logGet(43)) - raft.grpc.server.port = 0 (default)
2019-09-12 11:46:18,824 [main] INFO  server.GrpcService (ConfUtils.java:logGet(43)) - raft.grpc.message.size.max = 33570816 (custom)
2019-09-12 11:46:18,824 [main] INFO  server.RaftServerConfigKeys (ConfUtils.java:logGet(43)) - raft.server.log.appender.buffer.byte-limit = 33554432 (custom)
2019-09-12 11:46:18,824 [main] INFO  server.GrpcService (ConfUtils.java:logGet(43)) - raft.grpc.flow.control.window = 1MB (=1048576) (default)
2019-09-12 11:46:18,824 [main] INFO  server.RaftServerConfigKeys (ConfUtils.java:logGet(43)) - raft.server.rpc.request.timeout = 3000ms (default)
2019-09-12 11:46:18,825 [main] INFO  server.RaftServerConfigKeys (ConfUtils.java:logGet(43)) - raft.server.storage.dir = [/workdir/hadoop-ozone/ozonefs/target/test-dir/MiniOzoneClusterImpl-3eb4f7d7-b6cb-4385-801e-8717a1e56e16/datanode-2/data/ratis] (custom)
2019-09-12 11:46:18,825 [main] INFO  replication.SimpleContainerDownloader (SimpleContainerDownloader.java:<init>(72)) - Starting container downloader service to copy containers to replicate.
2019-09-12 11:46:18,826 [main] INFO  hdfs.DFSUtil (DFSUtil.java:httpServerTemplateForNNAndJN(1641)) - Starting Web-server for hddsDatanode at: http://0.0.0.0:0
2019-09-12 11:46:18,829 [main] INFO  server.AuthenticationFilter (AuthenticationFilter.java:constructSecretProvider(240)) - Unable to initialize FileSignerSecretProvider, falling back to use random secrets.
2019-09-12 11:46:18,830 [main] WARN  http.HttpRequestLog (HttpRequestLog.java:getRequestLog(97)) - Jetty request log can only be enabled using Log4j
2019-09-12 11:46:18,834 [main] INFO  http.HttpServer2 (HttpServer2.java:addGlobalFilter(975)) - Added global filter 'safety' (class=org.apache.hadoop.http.HttpServer2$QuotingInputFilter)
2019-09-12 11:46:18,835 [main] INFO  http.HttpServer2 (HttpServer2.java:addFilter(948)) - Added filter static_user_filter (class=org.apache.hadoop.http.lib.StaticUserWebFilter$StaticUserFilter) to context hddsDatanode
2019-09-12 11:46:18,835 [main] INFO  http.HttpServer2 (HttpServer2.java:addFilter(958)) - Added filter static_user_filter (class=org.apache.hadoop.http.lib.StaticUserWebFilter$StaticUserFilter) to context logs
2019-09-12 11:46:18,835 [main] INFO  http.HttpServer2 (HttpServer2.java:addFilter(958)) - Added filter static_user_filter (class=org.apache.hadoop.http.lib.StaticUserWebFilter$StaticUserFilter) to context static
2019-09-12 11:46:18,836 [main] INFO  http.HttpServer2 (HttpServer2.java:bindListener(1191)) - Jetty bound to port 43963
2019-09-12 11:46:18,837 [main] INFO  server.Server (Server.java:doStart(351)) - jetty-9.3.24.v20180605, build timestamp: 2018-06-05T17:11:56Z, git hash: 84205aa28f11a4f31f2a3b86d1bba2cc8ab69827
2019-09-12 11:46:18,839 [main] INFO  handler.ContextHandler (ContextHandler.java:doStart(781)) - Started o.e.j.s.ServletContextHandler@1e2bc241{/logs,file:///workdir/hadoop-ozone/ozonefs/target/log,AVAILABLE}
2019-09-12 11:46:18,840 [main] INFO  handler.ContextHandler (ContextHandler.java:doStart(781)) - Started o.e.j.s.ServletContextHandler@4d7fba20{/static,jar:file:/home/user/.m2/repository/org/apache/hadoop/hadoop-hdds-container-service/0.5.0-SNAPSHOT/hadoop-hdds-container-service-0.5.0-SNAPSHOT.jar!/webapps/static,AVAILABLE}
2019-09-12 11:46:18,881 [main] INFO  handler.ContextHandler (ContextHandler.java:doStart(781)) - Started o.e.j.w.WebAppContext@5d24703e{/,file:///tmp/jetty-0.0.0.0-43963-hddsDatanode-_-any-6952538679442720260.dir/webapp/,AVAILABLE}{/hddsDatanode}
2019-09-12 11:46:18,882 [main] INFO  server.AbstractConnector (AbstractConnector.java:doStart(278)) - Started ServerConnector@4ef10d3b{HTTP/1.1,[http/1.1]}{0.0.0.0:43963}
2019-09-12 11:46:18,883 [main] INFO  server.Server (Server.java:doStart(419)) - Started @96080ms
2019-09-12 11:46:18,884 [main] INFO  server.BaseHttpServer (BaseHttpServer.java:updateConnectorAddress(213)) - HTTP server of HDDSDATANODE is listening at http://0.0.0.0:43963
2019-09-12 11:46:19,054 | INFO  | ObjectStoreRestHttpServer | Listening HDDS REST traffic on /0.0.0.0:43241 |  
2019-09-12 11:46:19,054 [main] INFO  ozone.HddsDatanodeService (HddsDatanodeService.java:startPlugins(395)) - Started plug-in org.apache.hadoop.ozone.web.OzoneHddsDatanodeService@eda7dd3
2019-09-12 11:46:19,054 [main] INFO  ozone.MiniOzoneClusterImpl (MiniOzoneClusterImpl.java:lambda$waitForClusterToBeReady$0(142)) - Waiting for cluster to be ready. Got 0 of 3 DN Heartbeats.
2019-09-12 11:46:19,055 [org.apache.hadoop.util.JvmPauseMonitor$Monitor@332cc547] INFO  util.JvmPauseMonitor (JvmPauseMonitor.java:run(188)) - Starting JVM pause monitor
2019-09-12 11:46:19,058 [Datanode State Machine Thread - 0] INFO  datanode.InitDatanodeState (InitDatanodeState.java:persistContainerDatanodeDetails(140)) - DatanodeDetails is persisted to /workdir/hadoop-ozone/ozonefs/target/test-dir/MiniOzoneClusterImpl-3eb4f7d7-b6cb-4385-801e-8717a1e56e16/datanode-2/meta/datanode.id
2019-09-12 11:46:20,055 [main] INFO  ozone.MiniOzoneClusterImpl (MiniOzoneClusterImpl.java:lambda$waitForClusterToBeReady$0(142)) - Waiting for cluster to be ready. Got 0 of 3 DN Heartbeats.
2019-09-12 11:46:20,599 | INFO  | SCMAudit | user=jenkins1000 | ip=192.168.36.114 | op=GET_VERSION null | ret=SUCCESS |  
2019-09-12 11:46:20,615 [Datanode State Machine Thread - 0] INFO  ozoneimpl.OzoneContainer (OzoneContainer.java:start(186)) - Attempting to start container services.
2019-09-12 11:46:20,615 [Datanode State Machine Thread - 0] INFO  ozoneimpl.OzoneContainer (OzoneContainer.java:startContainerScrub(160)) - Background container scrubber has been disabled by hdds.containerscrub.enabled
2019-09-12 11:46:20,615 [Datanode State Machine Thread - 0] INFO  ratis.XceiverServerRatis (XceiverServerRatis.java:start(404)) - Starting XceiverServerRatis 9a90101b-844a-48a0-acac-1ec26bec568c at port 0
2019-09-12 11:46:20,622 [Datanode State Machine Thread - 0] INFO  impl.RaftServerProxy (RaftServerProxy.java:lambda$start$3(299)) - 9a90101b-844a-48a0-acac-1ec26bec568c: start RPC server
2019-09-12 11:46:20,625 [Datanode State Machine Thread - 0] INFO  server.GrpcService (GrpcService.java:startImpl(149)) - 9a90101b-844a-48a0-acac-1ec26bec568c: GrpcService started, listening on 0.0.0.0/0.0.0.0:44461
2019-09-12 11:46:20,625 [Datanode State Machine Thread - 0] INFO  ratis.XceiverServerRatis (XceiverServerRatis.java:start(414)) - XceiverServerRatis 9a90101b-844a-48a0-acac-1ec26bec568c is started using port 44461
2019-09-12 11:46:20,626 [Datanode State Machine Thread - 0] INFO  server.XceiverServerGrpc (XceiverServerGrpc.java:start(163)) - XceiverServerGrpc 9a90101b-844a-48a0-acac-1ec26bec568c is started using port 41228
2019-09-12 11:46:20,791 | INFO  | SCMAudit | user=jenkins1000 | ip=192.168.36.114 | op=GET_VERSION null | ret=SUCCESS |  
2019-09-12 11:46:20,806 [Datanode State Machine Thread - 0] INFO  ozoneimpl.OzoneContainer (OzoneContainer.java:start(186)) - Attempting to start container services.
2019-09-12 11:46:20,806 [Datanode State Machine Thread - 0] INFO  ozoneimpl.OzoneContainer (OzoneContainer.java:startContainerScrub(160)) - Background container scrubber has been disabled by hdds.containerscrub.enabled
2019-09-12 11:46:20,806 [Datanode State Machine Thread - 0] INFO  ratis.XceiverServerRatis (XceiverServerRatis.java:start(404)) - Starting XceiverServerRatis 21b7ca86-d644-4165-9703-cec4959a780d at port 0
2019-09-12 11:46:20,812 [Datanode State Machine Thread - 0] INFO  impl.RaftServerProxy (RaftServerProxy.java:lambda$start$3(299)) - 21b7ca86-d644-4165-9703-cec4959a780d: start RPC server
2019-09-12 11:46:20,813 [Datanode State Machine Thread - 0] INFO  server.GrpcService (GrpcService.java:startImpl(149)) - 21b7ca86-d644-4165-9703-cec4959a780d: GrpcService started, listening on 0.0.0.0/0.0.0.0:36582
2019-09-12 11:46:20,813 [Datanode State Machine Thread - 0] INFO  ratis.XceiverServerRatis (XceiverServerRatis.java:start(414)) - XceiverServerRatis 21b7ca86-d644-4165-9703-cec4959a780d is started using port 36582
2019-09-12 11:46:20,814 [Datanode State Machine Thread - 0] INFO  server.XceiverServerGrpc (XceiverServerGrpc.java:start(163)) - XceiverServerGrpc 21b7ca86-d644-4165-9703-cec4959a780d is started using port 42089
2019-09-12 11:46:21,055 [main] INFO  ozone.MiniOzoneClusterImpl (MiniOzoneClusterImpl.java:lambda$waitForClusterToBeReady$0(142)) - Waiting for cluster to be ready. Got 0 of 3 DN Heartbeats.
2019-09-12 11:46:21,057 | INFO  | SCMAudit | user=jenkins1000 | ip=192.168.36.114 | op=GET_VERSION null | ret=SUCCESS |  
2019-09-12 11:46:21,073 [Datanode State Machine Thread - 0] INFO  ozoneimpl.OzoneContainer (OzoneContainer.java:start(186)) - Attempting to start container services.
2019-09-12 11:46:21,073 [Datanode State Machine Thread - 0] INFO  ozoneimpl.OzoneContainer (OzoneContainer.java:startContainerScrub(160)) - Background container scrubber has been disabled by hdds.containerscrub.enabled
2019-09-12 11:46:21,074 [Datanode State Machine Thread - 0] INFO  ratis.XceiverServerRatis (XceiverServerRatis.java:start(404)) - Starting XceiverServerRatis 325ee62c-45ec-4ba0-83a5-5e89328cdd9c at port 0
2019-09-12 11:46:21,080 [Datanode State Machine Thread - 0] INFO  impl.RaftServerProxy (RaftServerProxy.java:lambda$start$3(299)) - 325ee62c-45ec-4ba0-83a5-5e89328cdd9c: start RPC server
2019-09-12 11:46:21,081 [Datanode State Machine Thread - 0] INFO  server.GrpcService (GrpcService.java:startImpl(149)) - 325ee62c-45ec-4ba0-83a5-5e89328cdd9c: GrpcService started, listening on 0.0.0.0/0.0.0.0:43378
2019-09-12 11:46:21,081 [Datanode State Machine Thread - 0] INFO  ratis.XceiverServerRatis (XceiverServerRatis.java:start(414)) - XceiverServerRatis 325ee62c-45ec-4ba0-83a5-5e89328cdd9c is started using port 43378
2019-09-12 11:46:21,083 [Datanode State Machine Thread - 0] INFO  server.XceiverServerGrpc (XceiverServerGrpc.java:start(163)) - XceiverServerGrpc 325ee62c-45ec-4ba0-83a5-5e89328cdd9c is started using port 44979
2019-09-12 11:46:22,056 [main] INFO  ozone.MiniOzoneClusterImpl (MiniOzoneClusterImpl.java:lambda$waitForClusterToBeReady$0(142)) - Waiting for cluster to be ready. Got 0 of 3 DN Heartbeats.
2019-09-12 11:46:22,598 [IPC Server handler 4 on 43391] INFO  net.NetworkTopology (NetworkTopologyImpl.java:add(110)) - Added a new node: /default-rack/9a90101b-844a-48a0-acac-1ec26bec568c
2019-09-12 11:46:22,599 [IPC Server handler 4 on 43391] INFO  node.SCMNodeManager (SCMNodeManager.java:register(273)) - Registered Data node : 9a90101b-844a-48a0-acac-1ec26bec568c{ip: 192.168.36.114, host: pr-hdds-1569-58hkm-1881083799, networkLocation: /default-rack, certSerialId: null}
2019-09-12 11:46:22,600 [EventQueue-NodeRegistrationContainerReportForDataNodeSafeModeRule] INFO  safemode.SCMSafeModeManager (DataNodeSafeModeRule.java:process(71)) - SCM in safe mode. 1 DataNodes registered, 1 required.
2019-09-12 11:46:22,602 [EventQueue-NodeRegistrationContainerReportForDataNodeSafeModeRule] INFO  safemode.SCMSafeModeManager (SCMSafeModeManager.java:validateSafeModeExitRules(177)) - ScmSafeModeManager, all rules are successfully validated
2019-09-12 11:46:22,602 [EventQueue-NodeRegistrationContainerReportForDataNodeSafeModeRule] INFO  safemode.SCMSafeModeManager (SCMSafeModeManager.java:exitSafeMode(193)) - SCM exiting safe mode.
2019-09-12 11:46:22,602 | INFO  | SCMAudit | user=jenkins1000 | ip=192.168.36.114 | op=REGISTER {datanodeDetails=9a90101b-844a-48a0-acac-1ec26bec568c{ip: 192.168.36.114, host: pr-hdds-1569-58hkm-1881083799, networkLocation: /default-rack, certSerialId: null}} | ret=SUCCESS |  
2019-09-12 11:46:22,611 [grpc-default-executor-0] INFO  impl.RaftServerProxy (RaftServerProxy.java:addNew(89)) - 9a90101b-844a-48a0-acac-1ec26bec568c: addNew group-8AABE10C32B0:[9a90101b-844a-48a0-acac-1ec26bec568c:192.168.36.114:44461] returns group-8AABE10C32B0:java.util.concurrent.CompletableFuture@1b6643d1[Not completed]
2019-09-12 11:46:22,613 [pool-292-thread-1] INFO  impl.RaftServerImpl (RaftServerImpl.java:<init>(93)) - 9a90101b-844a-48a0-acac-1ec26bec568c: new RaftServerImpl for group-8AABE10C32B0:[9a90101b-844a-48a0-acac-1ec26bec568c:192.168.36.114:44461] with ContainerStateMachine:uninitialized
2019-09-12 11:46:22,613 [pool-292-thread-1] INFO  server.RaftServerConfigKeys (ConfUtils.java:logGet(43)) - raft.server.rpc.timeout.min = 5s (custom)
2019-09-12 11:46:22,614 [pool-292-thread-1] INFO  server.RaftServerConfigKeys (ConfUtils.java:logGet(43)) - raft.server.rpc.timeout.max = 5200ms (custom)
2019-09-12 11:46:22,614 [pool-292-thread-1] INFO  server.RaftServerConfigKeys (ConfUtils.java:logGet(43)) - raft.server.rpcslowness.timeout = 120s (custom)
2019-09-12 11:46:22,614 [pool-292-thread-1] INFO  server.RaftServerConfigKeys (ConfUtils.java:logGet(43)) - raft.server.sleep.deviation.threshold = 300 (default)
2019-09-12 11:46:22,614 [pool-292-thread-1] INFO  server.RaftServerConfigKeys (ConfUtils.java:logGet(43)) - raft.server.log.appender.install.snapshot.enabled = false (custom)
2019-09-12 11:46:22,614 [pool-292-thread-1] INFO  impl.RaftServerImpl (ServerState.java:<init>(105)) - 9a90101b-844a-48a0-acac-1ec26bec568c:group-8AABE10C32B0 ConfigurationManager, init=-1: [9a90101b-844a-48a0-acac-1ec26bec568c:192.168.36.114:44461], old=null, confs=<EMPTY_MAP>
2019-09-12 11:46:22,614 [pool-292-thread-1] INFO  server.RaftServerConfigKeys (ConfUtils.java:logGet(43)) - raft.server.storage.dir = [/workdir/hadoop-ozone/ozonefs/target/test-dir/MiniOzoneClusterImpl-3eb4f7d7-b6cb-4385-801e-8717a1e56e16/datanode-0/data/ratis] (custom)
2019-09-12 11:46:22,615 [pool-292-thread-1] INFO  storage.RaftStorageDirectory (RaftStorageDirectory.java:analyzeStorage(246)) - The storage directory /workdir/hadoop-ozone/ozonefs/target/test-dir/MiniOzoneClusterImpl-3eb4f7d7-b6cb-4385-801e-8717a1e56e16/datanode-0/data/ratis/6c8809b8-a7d9-4fcf-a8ce-8aabe10c32b0 does not exist. Creating ...
2019-09-12 11:46:22,628 [pool-292-thread-1] INFO  storage.RaftStorageDirectory (RaftStorageDirectory.java:tryLock(328)) - Lock on /workdir/hadoop-ozone/ozonefs/target/test-dir/MiniOzoneClusterImpl-3eb4f7d7-b6cb-4385-801e-8717a1e56e16/datanode-0/data/ratis/6c8809b8-a7d9-4fcf-a8ce-8aabe10c32b0/in_use.lock acquired by nodename 10706@pr-hdds-1569-58hkm-1881083799
2019-09-12 11:46:22,642 [pool-292-thread-1] INFO  storage.RaftStorage (RaftStorage.java:format(72)) - Storage directory /workdir/hadoop-ozone/ozonefs/target/test-dir/MiniOzoneClusterImpl-3eb4f7d7-b6cb-4385-801e-8717a1e56e16/datanode-0/data/ratis/6c8809b8-a7d9-4fcf-a8ce-8aabe10c32b0 has been successfully formatted.
2019-09-12 11:46:22,642 [pool-292-thread-1] INFO  ratis.ContainerStateMachine (ContainerStateMachine.java:loadSnapshot(226)) - group-8AABE10C32B0: The snapshot info is null. Setting the last applied indexto:(t:0, i:~)
2019-09-12 11:46:22,642 [pool-292-thread-1] INFO  server.RaftServerConfigKeys (ConfUtils.java:logGet(43)) - raft.server.leader.election.timeout = 120s (custom)
2019-09-12 11:46:22,643 [pool-292-thread-1] INFO  server.RaftServerConfigKeys (ConfUtils.java:logGet(43)) - raft.server.log.use.memory = false (default)
2019-09-12 11:46:22,643 [pool-292-thread-1] INFO  server.RaftServerConfigKeys (ConfUtils.java:logGet(43)) - raft.server.log.purge.gap = 1000000 (custom)
2019-09-12 11:46:22,643 [pool-292-thread-1] INFO  server.RaftServerConfigKeys (ConfUtils.java:logGet(43)) - raft.server.log.appender.buffer.byte-limit = 33554432 (custom)
2019-09-12 11:46:22,643 [pool-292-thread-1] INFO  server.RaftServerConfigKeys (ConfUtils.java:logGet(43)) - raft.server.log.segment.size.max = 1048576 (custom)
2019-09-12 11:46:22,643 [pool-292-thread-1] INFO  server.RaftServerConfigKeys (ConfUtils.java:logGet(43)) - raft.server.log.segment.cache.num.max = 2 (custom)
2019-09-12 11:46:22,643 [pool-292-thread-1] INFO  segmented.SegmentedRaftLogWorker (SegmentedRaftLogWorker.java:<init>(172)) - new 9a90101b-844a-48a0-acac-1ec26bec568c-SegmentedRaftLogWorker:Storage Directory /workdir/hadoop-ozone/ozonefs/target/test-dir/MiniOzoneClusterImpl-3eb4f7d7-b6cb-4385-801e-8717a1e56e16/datanode-0/data/ratis/6c8809b8-a7d9-4fcf-a8ce-8aabe10c32b0 for RaftStorage:Storage Directory /workdir/hadoop-ozone/ozonefs/target/test-dir/MiniOzoneClusterImpl-3eb4f7d7-b6cb-4385-801e-8717a1e56e16/datanode-0/data/ratis/6c8809b8-a7d9-4fcf-a8ce-8aabe10c32b0
2019-09-12 11:46:22,644 [pool-292-thread-1] INFO  server.RaftServerConfigKeys (ConfUtils.java:logGet(43)) - raft.server.log.queue.byte-limit = 2147483647 (custom)
2019-09-12 11:46:22,644 [pool-292-thread-1] INFO  server.RaftServerConfigKeys (ConfUtils.java:logGet(43)) - raft.server.log.queue.element-limit = 1024 (custom)
2019-09-12 11:46:22,644 [pool-292-thread-1] INFO  server.RaftServerConfigKeys (ConfUtils.java:logGet(43)) - raft.server.log.segment.size.max = 1048576 (custom)
2019-09-12 11:46:22,644 [pool-292-thread-1] INFO  server.RaftServerConfigKeys (ConfUtils.java:logGet(43)) - raft.server.log.preallocated.size = 16384 (custom)
2019-09-12 11:46:22,645 [pool-292-thread-1] INFO  server.RaftServerConfigKeys (ConfUtils.java:logGet(43)) - raft.server.log.write.buffer.size = 33554432 (custom)
2019-09-12 11:46:22,645 [pool-292-thread-1] INFO  server.RaftServerConfigKeys (ConfUtils.java:logGet(43)) - raft.server.log.force.sync.num = 128 (default)
2019-09-12 11:46:22,645 [pool-292-thread-1] INFO  server.RaftServerConfigKeys (ConfUtils.java:logGet(43)) - raft.server.log.statemachine.data.sync = true (default)
2019-09-12 11:46:22,645 [pool-292-thread-1] INFO  server.RaftServerConfigKeys (ConfUtils.java:logGet(43)) - raft.server.log.statemachine.data.sync.timeout = 10s (default)
2019-09-12 11:46:22,645 [pool-292-thread-1] INFO  server.RaftServerConfigKeys (ConfUtils.java:logGet(43)) - raft.server.log.statemachine.data.sync.timeout.retry = -1 (default)
2019-09-12 11:46:22,646 [pool-292-thread-1] INFO  server.RaftServerConfigKeys (ConfUtils.java:logGet(43)) - raft.server.log.statemachine.data.caching.enabled = true (custom)
2019-09-12 11:46:22,646 [pool-292-thread-1] INFO  segmented.SegmentedRaftLogWorker (SegmentedRaftLogWorker.java:lambda$new$0(132)) - 9a90101b-844a-48a0-acac-1ec26bec568c-SegmentedRaftLogWorker:Storage Directory /workdir/hadoop-ozone/ozonefs/target/test-dir/MiniOzoneClusterImpl-3eb4f7d7-b6cb-4385-801e-8717a1e56e16/datanode-0/data/ratis/6c8809b8-a7d9-4fcf-a8ce-8aabe10c32b0: flushIndex: setUnconditionally 0 -> -1
2019-09-12 11:46:22,647 [pool-292-thread-1] INFO  server.RaftServerConfigKeys (ConfUtils.java:logGet(43)) - raft.server.snapshot.auto.trigger.enabled = true (custom)
2019-09-12 11:46:22,647 [pool-292-thread-1] INFO  server.RaftServerConfigKeys (ConfUtils.java:logGet(43)) - raft.server.snapshot.auto.trigger.threshold = 10000 (custom)
2019-09-12 11:46:22,647 [pool-292-thread-1] INFO  server.RaftServerConfigKeys (ConfUtils.java:logGet(43)) - raft.server.retrycache.expirytime = 600000ms (custom)
2019-09-12 11:46:22,647 [pool-292-thread-1] INFO  impl.RaftServerImpl (RaftServerImpl.java:start(180)) - 9a90101b-844a-48a0-acac-1ec26bec568c: start group-8AABE10C32B0
2019-09-12 11:46:22,647 [pool-292-thread-1] INFO  impl.RaftServerImpl (RaftServerImpl.java:setRole(171)) - 9a90101b-844a-48a0-acac-1ec26bec568c:group-8AABE10C32B0 changes role from null to FOLLOWER at term 0 for startAsFollower
2019-09-12 11:46:22,647 [pool-292-thread-1] INFO  impl.RoleInfo (RoleInfo.java:updateAndGet(143)) - 9a90101b-844a-48a0-acac-1ec26bec568c: start FollowerState
2019-09-12 11:46:22,648 [pool-292-thread-1] INFO  util.JmxRegister (JmxRegister.java:tryRegister(44)) - Successfully registered JMX Bean with object name Ratis:service=RaftServer,group=group-8AABE10C32B0,id=9a90101b-844a-48a0-acac-1ec26bec568c
2019-09-12 11:46:22,651 [RatisPipelineUtilsThread] INFO  pipeline.PipelineStateManager (PipelineStateManager.java:addPipeline(56)) - Created pipeline Pipeline[ Id: 6c8809b8-a7d9-4fcf-a8ce-8aabe10c32b0, Nodes: 9a90101b-844a-48a0-acac-1ec26bec568c{ip: 192.168.36.114, host: pr-hdds-1569-58hkm-1881083799, networkLocation: /default-rack, certSerialId: null}, Type:RATIS, Factor:ONE, State:OPEN]
2019-09-12 11:46:22,657 [grpc-default-executor-0] INFO  impl.RaftServerProxy (RaftServerProxy.java:addNew(89)) - 9a90101b-844a-48a0-acac-1ec26bec568c: addNew group-DB36D9620A8E:[9a90101b-844a-48a0-acac-1ec26bec568c:192.168.36.114:44461] returns group-DB36D9620A8E:java.util.concurrent.CompletableFuture@2a3759f6[Not completed]
2019-09-12 11:46:22,658 [pool-292-thread-1] INFO  impl.RaftServerImpl (RaftServerImpl.java:<init>(93)) - 9a90101b-844a-48a0-acac-1ec26bec568c: new RaftServerImpl for group-DB36D9620A8E:[9a90101b-844a-48a0-acac-1ec26bec568c:192.168.36.114:44461] with ContainerStateMachine:uninitialized
2019-09-12 11:46:22,658 [pool-292-thread-1] INFO  server.RaftServerConfigKeys (ConfUtils.java:logGet(43)) - raft.server.rpc.timeout.min = 5s (custom)
2019-09-12 11:46:22,658 [pool-292-thread-1] INFO  server.RaftServerConfigKeys (ConfUtils.java:logGet(43)) - raft.server.rpc.timeout.max = 5200ms (custom)
2019-09-12 11:46:22,658 [pool-292-thread-1] INFO  server.RaftServerConfigKeys (ConfUtils.java:logGet(43)) - raft.server.rpcslowness.timeout = 120s (custom)
2019-09-12 11:46:22,658 [pool-292-thread-1] INFO  server.RaftServerConfigKeys (ConfUtils.java:logGet(43)) - raft.server.sleep.deviation.threshold = 300 (default)
2019-09-12 11:46:22,658 [pool-292-thread-1] INFO  server.RaftServerConfigKeys (ConfUtils.java:logGet(43)) - raft.server.log.appender.install.snapshot.enabled = false (custom)
2019-09-12 11:46:22,659 [pool-292-thread-1] INFO  impl.RaftServerImpl (ServerState.java:<init>(105)) - 9a90101b-844a-48a0-acac-1ec26bec568c:group-DB36D9620A8E ConfigurationManager, init=-1: [9a90101b-844a-48a0-acac-1ec26bec568c:192.168.36.114:44461], old=null, confs=<EMPTY_MAP>
2019-09-12 11:46:22,659 [pool-292-thread-1] INFO  server.RaftServerConfigKeys (ConfUtils.java:logGet(43)) - raft.server.storage.dir = [/workdir/hadoop-ozone/ozonefs/target/test-dir/MiniOzoneClusterImpl-3eb4f7d7-b6cb-4385-801e-8717a1e56e16/datanode-0/data/ratis] (custom)
2019-09-12 11:46:22,659 [pool-292-thread-1] INFO  storage.RaftStorageDirectory (RaftStorageDirectory.java:analyzeStorage(246)) - The storage directory /workdir/hadoop-ozone/ozonefs/target/test-dir/MiniOzoneClusterImpl-3eb4f7d7-b6cb-4385-801e-8717a1e56e16/datanode-0/data/ratis/6f1010d2-ed4c-4db1-af46-db36d9620a8e does not exist. Creating ...
2019-09-12 11:46:22,673 [pool-292-thread-1] INFO  storage.RaftStorageDirectory (RaftStorageDirectory.java:tryLock(328)) - Lock on /workdir/hadoop-ozone/ozonefs/target/test-dir/MiniOzoneClusterImpl-3eb4f7d7-b6cb-4385-801e-8717a1e56e16/datanode-0/data/ratis/6f1010d2-ed4c-4db1-af46-db36d9620a8e/in_use.lock acquired by nodename 10706@pr-hdds-1569-58hkm-1881083799
2019-09-12 11:46:22,685 [pool-292-thread-1] INFO  storage.RaftStorage (RaftStorage.java:format(72)) - Storage directory /workdir/hadoop-ozone/ozonefs/target/test-dir/MiniOzoneClusterImpl-3eb4f7d7-b6cb-4385-801e-8717a1e56e16/datanode-0/data/ratis/6f1010d2-ed4c-4db1-af46-db36d9620a8e has been successfully formatted.
2019-09-12 11:46:22,686 [pool-292-thread-1] INFO  ratis.ContainerStateMachine (ContainerStateMachine.java:loadSnapshot(226)) - group-DB36D9620A8E: The snapshot info is null. Setting the last applied indexto:(t:0, i:~)
2019-09-12 11:46:22,686 [pool-292-thread-1] INFO  server.RaftServerConfigKeys (ConfUtils.java:logGet(43)) - raft.server.leader.election.timeout = 120s (custom)
2019-09-12 11:46:22,686 [pool-292-thread-1] INFO  server.RaftServerConfigKeys (ConfUtils.java:logGet(43)) - raft.server.log.use.memory = false (default)
2019-09-12 11:46:22,686 [pool-292-thread-1] INFO  server.RaftServerConfigKeys (ConfUtils.java:logGet(43)) - raft.server.log.purge.gap = 1000000 (custom)
2019-09-12 11:46:22,686 [pool-292-thread-1] INFO  server.RaftServerConfigKeys (ConfUtils.java:logGet(43)) - raft.server.log.appender.buffer.byte-limit = 33554432 (custom)
2019-09-12 11:46:22,687 [pool-292-thread-1] INFO  server.RaftServerConfigKeys (ConfUtils.java:logGet(43)) - raft.server.log.segment.size.max = 1048576 (custom)
2019-09-12 11:46:22,687 [pool-292-thread-1] INFO  server.RaftServerConfigKeys (ConfUtils.java:logGet(43)) - raft.server.log.segment.cache.num.max = 2 (custom)
2019-09-12 11:46:22,687 [pool-292-thread-1] INFO  segmented.SegmentedRaftLogWorker (SegmentedRaftLogWorker.java:<init>(172)) - new 9a90101b-844a-48a0-acac-1ec26bec568c-SegmentedRaftLogWorker:Storage Directory /workdir/hadoop-ozone/ozonefs/target/test-dir/MiniOzoneClusterImpl-3eb4f7d7-b6cb-4385-801e-8717a1e56e16/datanode-0/data/ratis/6f1010d2-ed4c-4db1-af46-db36d9620a8e for RaftStorage:Storage Directory /workdir/hadoop-ozone/ozonefs/target/test-dir/MiniOzoneClusterImpl-3eb4f7d7-b6cb-4385-801e-8717a1e56e16/datanode-0/data/ratis/6f1010d2-ed4c-4db1-af46-db36d9620a8e
2019-09-12 11:46:22,687 [pool-292-thread-1] INFO  server.RaftServerConfigKeys (ConfUtils.java:logGet(43)) - raft.server.log.queue.byte-limit = 2147483647 (custom)
2019-09-12 11:46:22,687 [pool-292-thread-1] INFO  server.RaftServerConfigKeys (ConfUtils.java:logGet(43)) - raft.server.log.queue.element-limit = 1024 (custom)
2019-09-12 11:46:22,687 [pool-292-thread-1] INFO  server.RaftServerConfigKeys (ConfUtils.java:logGet(43)) - raft.server.log.segment.size.max = 1048576 (custom)
2019-09-12 11:46:22,688 [pool-292-thread-1] INFO  server.RaftServerConfigKeys (ConfUtils.java:logGet(43)) - raft.server.log.preallocated.size = 16384 (custom)
2019-09-12 11:46:22,688 [pool-292-thread-1] INFO  server.RaftServerConfigKeys (ConfUtils.java:logGet(43)) - raft.server.log.write.buffer.size = 33554432 (custom)
2019-09-12 11:46:22,688 [pool-292-thread-1] INFO  server.RaftServerConfigKeys (ConfUtils.java:logGet(43)) - raft.server.log.force.sync.num = 128 (default)
2019-09-12 11:46:22,688 [pool-292-thread-1] INFO  server.RaftServerConfigKeys (ConfUtils.java:logGet(43)) - raft.server.log.statemachine.data.sync = true (default)
2019-09-12 11:46:22,688 [pool-292-thread-1] INFO  server.RaftServerConfigKeys (ConfUtils.java:logGet(43)) - raft.server.log.statemachine.data.sync.timeout = 10s (default)
2019-09-12 11:46:22,688 [pool-292-thread-1] INFO  server.RaftServerConfigKeys (ConfUtils.java:logGet(43)) - raft.server.log.statemachine.data.sync.timeout.retry = -1 (default)
2019-09-12 11:46:22,688 [pool-292-thread-1] INFO  server.RaftServerConfigKeys (ConfUtils.java:logGet(43)) - raft.server.log.statemachine.data.caching.enabled = true (custom)
2019-09-12 11:46:22,689 [pool-292-thread-1] INFO  segmented.SegmentedRaftLogWorker (SegmentedRaftLogWorker.java:lambda$new$0(132)) - 9a90101b-844a-48a0-acac-1ec26bec568c-SegmentedRaftLogWorker:Storage Directory /workdir/hadoop-ozone/ozonefs/target/test-dir/MiniOzoneClusterImpl-3eb4f7d7-b6cb-4385-801e-8717a1e56e16/datanode-0/data/ratis/6f1010d2-ed4c-4db1-af46-db36d9620a8e: flushIndex: setUnconditionally 0 -> -1
2019-09-12 11:46:22,689 [pool-292-thread-1] INFO  server.RaftServerConfigKeys (ConfUtils.java:logGet(43)) - raft.server.snapshot.auto.trigger.enabled = true (custom)
2019-09-12 11:46:22,689 [pool-292-thread-1] INFO  server.RaftServerConfigKeys (ConfUtils.java:logGet(43)) - raft.server.snapshot.auto.trigger.threshold = 10000 (custom)
2019-09-12 11:46:22,689 [pool-292-thread-1] INFO  server.RaftServerConfigKeys (ConfUtils.java:logGet(43)) - raft.server.retrycache.expirytime = 600000ms (custom)
2019-09-12 11:46:22,690 [pool-292-thread-1] INFO  impl.RaftServerImpl (RaftServerImpl.java:start(180)) - 9a90101b-844a-48a0-acac-1ec26bec568c: start group-DB36D9620A8E
2019-09-12 11:46:22,690 [pool-292-thread-1] INFO  impl.RaftServerImpl (RaftServerImpl.java:setRole(171)) - 9a90101b-844a-48a0-acac-1ec26bec568c:group-DB36D9620A8E changes role from null to FOLLOWER at term 0 for startAsFollower
2019-09-12 11:46:22,690 [pool-292-thread-1] INFO  impl.RoleInfo (RoleInfo.java:updateAndGet(143)) - 9a90101b-844a-48a0-acac-1ec26bec568c: start FollowerState
2019-09-12 11:46:22,690 [pool-292-thread-1] INFO  util.JmxRegister (JmxRegister.java:tryRegister(44)) - Successfully registered JMX Bean with object name Ratis:service=RaftServer,group=group-DB36D9620A8E,id=9a90101b-844a-48a0-acac-1ec26bec568c
2019-09-12 11:46:22,693 [RatisPipelineUtilsThread] INFO  pipeline.PipelineStateManager (PipelineStateManager.java:addPipeline(56)) - Created pipeline Pipeline[ Id: 6f1010d2-ed4c-4db1-af46-db36d9620a8e, Nodes: 9a90101b-844a-48a0-acac-1ec26bec568c{ip: 192.168.36.114, host: pr-hdds-1569-58hkm-1881083799, networkLocation: /default-rack, certSerialId: null}, Type:RATIS, Factor:ONE, State:OPEN]
2019-09-12 11:46:22,698 [grpc-default-executor-0] INFO  impl.RaftServerProxy (RaftServerProxy.java:addNew(89)) - 9a90101b-844a-48a0-acac-1ec26bec568c: addNew group-AAEE89117EA2:[9a90101b-844a-48a0-acac-1ec26bec568c:192.168.36.114:44461] returns group-AAEE89117EA2:java.util.concurrent.CompletableFuture@7b49bc9e[Not completed]
2019-09-12 11:46:22,700 [pool-292-thread-1] INFO  impl.RaftServerImpl (RaftServerImpl.java:<init>(93)) - 9a90101b-844a-48a0-acac-1ec26bec568c: new RaftServerImpl for group-AAEE89117EA2:[9a90101b-844a-48a0-acac-1ec26bec568c:192.168.36.114:44461] with ContainerStateMachine:uninitialized
2019-09-12 11:46:22,700 [pool-292-thread-1] INFO  server.RaftServerConfigKeys (ConfUtils.java:logGet(43)) - raft.server.rpc.timeout.min = 5s (custom)
2019-09-12 11:46:22,700 [pool-292-thread-1] INFO  server.RaftServerConfigKeys (ConfUtils.java:logGet(43)) - raft.server.rpc.timeout.max = 5200ms (custom)
2019-09-12 11:46:22,700 [pool-292-thread-1] INFO  server.RaftServerConfigKeys (ConfUtils.java:logGet(43)) - raft.server.rpcslowness.timeout = 120s (custom)
2019-09-12 11:46:22,700 [pool-292-thread-1] INFO  server.RaftServerConfigKeys (ConfUtils.java:logGet(43)) - raft.server.sleep.deviation.threshold = 300 (default)
2019-09-12 11:46:22,701 [pool-292-thread-1] INFO  server.RaftServerConfigKeys (ConfUtils.java:logGet(43)) - raft.server.log.appender.install.snapshot.enabled = false (custom)
2019-09-12 11:46:22,701 [pool-292-thread-1] INFO  impl.RaftServerImpl (ServerState.java:<init>(105)) - 9a90101b-844a-48a0-acac-1ec26bec568c:group-AAEE89117EA2 ConfigurationManager, init=-1: [9a90101b-844a-48a0-acac-1ec26bec568c:192.168.36.114:44461], old=null, confs=<EMPTY_MAP>
2019-09-12 11:46:22,701 [pool-292-thread-1] INFO  server.RaftServerConfigKeys (ConfUtils.java:logGet(43)) - raft.server.storage.dir = [/workdir/hadoop-ozone/ozonefs/target/test-dir/MiniOzoneClusterImpl-3eb4f7d7-b6cb-4385-801e-8717a1e56e16/datanode-0/data/ratis] (custom)
2019-09-12 11:46:22,701 [pool-292-thread-1] INFO  storage.RaftStorageDirectory (RaftStorageDirectory.java:analyzeStorage(246)) - The storage directory /workdir/hadoop-ozone/ozonefs/target/test-dir/MiniOzoneClusterImpl-3eb4f7d7-b6cb-4385-801e-8717a1e56e16/datanode-0/data/ratis/0a35add0-f6b8-4ac0-bf65-aaee89117ea2 does not exist. Creating ...
2019-09-12 11:46:22,714 [pool-292-thread-1] INFO  storage.RaftStorageDirectory (RaftStorageDirectory.java:tryLock(328)) - Lock on /workdir/hadoop-ozone/ozonefs/target/test-dir/MiniOzoneClusterImpl-3eb4f7d7-b6cb-4385-801e-8717a1e56e16/datanode-0/data/ratis/0a35add0-f6b8-4ac0-bf65-aaee89117ea2/in_use.lock acquired by nodename 10706@pr-hdds-1569-58hkm-1881083799
2019-09-12 11:46:22,727 [pool-292-thread-1] INFO  storage.RaftStorage (RaftStorage.java:format(72)) - Storage directory /workdir/hadoop-ozone/ozonefs/target/test-dir/MiniOzoneClusterImpl-3eb4f7d7-b6cb-4385-801e-8717a1e56e16/datanode-0/data/ratis/0a35add0-f6b8-4ac0-bf65-aaee89117ea2 has been successfully formatted.
2019-09-12 11:46:22,728 [pool-292-thread-1] INFO  ratis.ContainerStateMachine (ContainerStateMachine.java:loadSnapshot(226)) - group-AAEE89117EA2: The snapshot info is null. Setting the last applied indexto:(t:0, i:~)
2019-09-12 11:46:22,728 [pool-292-thread-1] INFO  server.RaftServerConfigKeys (ConfUtils.java:logGet(43)) - raft.server.leader.election.timeout = 120s (custom)
2019-09-12 11:46:22,728 [pool-292-thread-1] INFO  server.RaftServerConfigKeys (ConfUtils.java:logGet(43)) - raft.server.log.use.memory = false (default)
2019-09-12 11:46:22,728 [pool-292-thread-1] INFO  server.RaftServerConfigKeys (ConfUtils.java:logGet(43)) - raft.server.log.purge.gap = 1000000 (custom)
2019-09-12 11:46:22,728 [pool-292-thread-1] INFO  server.RaftServerConfigKeys (ConfUtils.java:logGet(43)) - raft.server.log.appender.buffer.byte-limit = 33554432 (custom)
2019-09-12 11:46:22,728 [pool-292-thread-1] INFO  server.RaftServerConfigKeys (ConfUtils.java:logGet(43)) - raft.server.log.segment.size.max = 1048576 (custom)
2019-09-12 11:46:22,729 [pool-292-thread-1] INFO  server.RaftServerConfigKeys (ConfUtils.java:logGet(43)) - raft.server.log.segment.cache.num.max = 2 (custom)
2019-09-12 11:46:22,729 [pool-292-thread-1] INFO  segmented.SegmentedRaftLogWorker (SegmentedRaftLogWorker.java:<init>(172)) - new 9a90101b-844a-48a0-acac-1ec26bec568c-SegmentedRaftLogWorker:Storage Directory /workdir/hadoop-ozone/ozonefs/target/test-dir/MiniOzoneClusterImpl-3eb4f7d7-b6cb-4385-801e-8717a1e56e16/datanode-0/data/ratis/0a35add0-f6b8-4ac0-bf65-aaee89117ea2 for RaftStorage:Storage Directory /workdir/hadoop-ozone/ozonefs/target/test-dir/MiniOzoneClusterImpl-3eb4f7d7-b6cb-4385-801e-8717a1e56e16/datanode-0/data/ratis/0a35add0-f6b8-4ac0-bf65-aaee89117ea2
2019-09-12 11:46:22,729 [pool-292-thread-1] INFO  server.RaftServerConfigKeys (ConfUtils.java:logGet(43)) - raft.server.log.queue.byte-limit = 2147483647 (custom)
2019-09-12 11:46:22,729 [pool-292-thread-1] INFO  server.RaftServerConfigKeys (ConfUtils.java:logGet(43)) - raft.server.log.queue.element-limit = 1024 (custom)
2019-09-12 11:46:22,729 [pool-292-thread-1] INFO  server.RaftServerConfigKeys (ConfUtils.java:logGet(43)) - raft.server.log.segment.size.max = 1048576 (custom)
2019-09-12 11:46:22,729 [pool-292-thread-1] INFO  server.RaftServerConfigKeys (ConfUtils.java:logGet(43)) - raft.server.log.preallocated.size = 16384 (custom)
2019-09-12 11:46:22,730 [pool-292-thread-1] INFO  server.RaftServerConfigKeys (ConfUtils.java:logGet(43)) - raft.server.log.write.buffer.size = 33554432 (custom)
2019-09-12 11:46:22,730 [pool-292-thread-1] INFO  server.RaftServerConfigKeys (ConfUtils.java:logGet(43)) - raft.server.log.force.sync.num = 128 (default)
2019-09-12 11:46:22,730 [pool-292-thread-1] INFO  server.RaftServerConfigKeys (ConfUtils.java:logGet(43)) - raft.server.log.statemachine.data.sync = true (default)
2019-09-12 11:46:22,730 [pool-292-thread-1] INFO  server.RaftServerConfigKeys (ConfUtils.java:logGet(43)) - raft.server.log.statemachine.data.sync.timeout = 10s (default)
2019-09-12 11:46:22,730 [pool-292-thread-1] INFO  server.RaftServerConfigKeys (ConfUtils.java:logGet(43)) - raft.server.log.statemachine.data.sync.timeout.retry = -1 (default)
2019-09-12 11:46:22,730 [pool-292-thread-1] INFO  server.RaftServerConfigKeys (ConfUtils.java:logGet(43)) - raft.server.log.statemachine.data.caching.enabled = true (custom)
2019-09-12 11:46:22,731 [pool-292-thread-1] INFO  segmented.SegmentedRaftLogWorker (SegmentedRaftLogWorker.java:lambda$new$0(132)) - 9a90101b-844a-48a0-acac-1ec26bec568c-SegmentedRaftLogWorker:Storage Directory /workdir/hadoop-ozone/ozonefs/target/test-dir/MiniOzoneClusterImpl-3eb4f7d7-b6cb-4385-801e-8717a1e56e16/datanode-0/data/ratis/0a35add0-f6b8-4ac0-bf65-aaee89117ea2: flushIndex: setUnconditionally 0 -> -1
2019-09-12 11:46:22,731 [pool-292-thread-1] INFO  server.RaftServerConfigKeys (ConfUtils.java:logGet(43)) - raft.server.snapshot.auto.trigger.enabled = true (custom)
2019-09-12 11:46:22,731 [pool-292-thread-1] INFO  server.RaftServerConfigKeys (ConfUtils.java:logGet(43)) - raft.server.snapshot.auto.trigger.threshold = 10000 (custom)
2019-09-12 11:46:22,731 [pool-292-thread-1] INFO  server.RaftServerConfigKeys (ConfUtils.java:logGet(43)) - raft.server.retrycache.expirytime = 600000ms (custom)
2019-09-12 11:46:22,732 [pool-292-thread-1] INFO  impl.RaftServerImpl (RaftServerImpl.java:start(180)) - 9a90101b-844a-48a0-acac-1ec26bec568c: start group-AAEE89117EA2
2019-09-12 11:46:22,732 [pool-292-thread-1] INFO  impl.RaftServerImpl (RaftServerImpl.java:setRole(171)) - 9a90101b-844a-48a0-acac-1ec26bec568c:group-AAEE89117EA2 changes role from null to FOLLOWER at term 0 for startAsFollower
2019-09-12 11:46:22,732 [pool-292-thread-1] INFO  impl.RoleInfo (RoleInfo.java:updateAndGet(143)) - 9a90101b-844a-48a0-acac-1ec26bec568c: start FollowerState
2019-09-12 11:46:22,732 [pool-292-thread-1] INFO  util.JmxRegister (JmxRegister.java:tryRegister(44)) - Successfully registered JMX Bean with object name Ratis:service=RaftServer,group=group-AAEE89117EA2,id=9a90101b-844a-48a0-acac-1ec26bec568c
2019-09-12 11:46:22,735 [RatisPipelineUtilsThread] INFO  pipeline.PipelineStateManager (PipelineStateManager.java:addPipeline(56)) - Created pipeline Pipeline[ Id: 0a35add0-f6b8-4ac0-bf65-aaee89117ea2, Nodes: 9a90101b-844a-48a0-acac-1ec26bec568c{ip: 192.168.36.114, host: pr-hdds-1569-58hkm-1881083799, networkLocation: /default-rack, certSerialId: null}, Type:RATIS, Factor:ONE, State:OPEN]
2019-09-12 11:46:22,740 [grpc-default-executor-0] INFO  impl.RaftServerProxy (RaftServerProxy.java:addNew(89)) - 9a90101b-844a-48a0-acac-1ec26bec568c: addNew group-3A49F5803C95:[9a90101b-844a-48a0-acac-1ec26bec568c:192.168.36.114:44461] returns group-3A49F5803C95:java.util.concurrent.CompletableFuture@5bb85b0a[Not completed]
2019-09-12 11:46:22,741 [pool-292-thread-1] INFO  impl.RaftServerImpl (RaftServerImpl.java:<init>(93)) - 9a90101b-844a-48a0-acac-1ec26bec568c: new RaftServerImpl for group-3A49F5803C95:[9a90101b-844a-48a0-acac-1ec26bec568c:192.168.36.114:44461] with ContainerStateMachine:uninitialized
2019-09-12 11:46:22,741 [pool-292-thread-1] INFO  server.RaftServerConfigKeys (ConfUtils.java:logGet(43)) - raft.server.rpc.timeout.min = 5s (custom)
2019-09-12 11:46:22,742 [pool-292-thread-1] INFO  server.RaftServerConfigKeys (ConfUtils.java:logGet(43)) - raft.server.rpc.timeout.max = 5200ms (custom)
2019-09-12 11:46:22,742 [pool-292-thread-1] INFO  server.RaftServerConfigKeys (ConfUtils.java:logGet(43)) - raft.server.rpcslowness.timeout = 120s (custom)
2019-09-12 11:46:22,742 [pool-292-thread-1] INFO  server.RaftServerConfigKeys (ConfUtils.java:logGet(43)) - raft.server.sleep.deviation.threshold = 300 (default)
2019-09-12 11:46:22,742 [pool-292-thread-1] INFO  server.RaftServerConfigKeys (ConfUtils.java:logGet(43)) - raft.server.log.appender.install.snapshot.enabled = false (custom)
2019-09-12 11:46:22,742 [pool-292-thread-1] INFO  impl.RaftServerImpl (ServerState.java:<init>(105)) - 9a90101b-844a-48a0-acac-1ec26bec568c:group-3A49F5803C95 ConfigurationManager, init=-1: [9a90101b-844a-48a0-acac-1ec26bec568c:192.168.36.114:44461], old=null, confs=<EMPTY_MAP>
2019-09-12 11:46:22,742 [pool-292-thread-1] INFO  server.RaftServerConfigKeys (ConfUtils.java:logGet(43)) - raft.server.storage.dir = [/workdir/hadoop-ozone/ozonefs/target/test-dir/MiniOzoneClusterImpl-3eb4f7d7-b6cb-4385-801e-8717a1e56e16/datanode-0/data/ratis] (custom)
2019-09-12 11:46:22,743 [pool-292-thread-1] INFO  storage.RaftStorageDirectory (RaftStorageDirectory.java:analyzeStorage(246)) - The storage directory /workdir/hadoop-ozone/ozonefs/target/test-dir/MiniOzoneClusterImpl-3eb4f7d7-b6cb-4385-801e-8717a1e56e16/datanode-0/data/ratis/27ccecfe-9d9c-48cf-911d-3a49f5803c95 does not exist. Creating ...
2019-09-12 11:46:22,756 [pool-292-thread-1] INFO  storage.RaftStorageDirectory (RaftStorageDirectory.java:tryLock(328)) - Lock on /workdir/hadoop-ozone/ozonefs/target/test-dir/MiniOzoneClusterImpl-3eb4f7d7-b6cb-4385-801e-8717a1e56e16/datanode-0/data/ratis/27ccecfe-9d9c-48cf-911d-3a49f5803c95/in_use.lock acquired by nodename 10706@pr-hdds-1569-58hkm-1881083799
2019-09-12 11:46:22,769 [pool-292-thread-1] INFO  storage.RaftStorage (RaftStorage.java:format(72)) - Storage directory /workdir/hadoop-ozone/ozonefs/target/test-dir/MiniOzoneClusterImpl-3eb4f7d7-b6cb-4385-801e-8717a1e56e16/datanode-0/data/ratis/27ccecfe-9d9c-48cf-911d-3a49f5803c95 has been successfully formatted.
2019-09-12 11:46:22,769 [pool-292-thread-1] INFO  ratis.ContainerStateMachine (ContainerStateMachine.java:loadSnapshot(226)) - group-3A49F5803C95: The snapshot info is null. Setting the last applied indexto:(t:0, i:~)
2019-09-12 11:46:22,769 [pool-292-thread-1] INFO  server.RaftServerConfigKeys (ConfUtils.java:logGet(43)) - raft.server.leader.election.timeout = 120s (custom)
2019-09-12 11:46:22,769 [pool-292-thread-1] INFO  server.RaftServerConfigKeys (ConfUtils.java:logGet(43)) - raft.server.log.use.memory = false (default)
2019-09-12 11:46:22,769 [pool-292-thread-1] INFO  server.RaftServerConfigKeys (ConfUtils.java:logGet(43)) - raft.server.log.purge.gap = 1000000 (custom)
2019-09-12 11:46:22,769 [pool-292-thread-1] INFO  server.RaftServerConfigKeys (ConfUtils.java:logGet(43)) - raft.server.log.appender.buffer.byte-limit = 33554432 (custom)
2019-09-12 11:46:22,770 [pool-292-thread-1] INFO  server.RaftServerConfigKeys (ConfUtils.java:logGet(43)) - raft.server.log.segment.size.max = 1048576 (custom)
2019-09-12 11:46:22,770 [pool-292-thread-1] INFO  server.RaftServerConfigKeys (ConfUtils.java:logGet(43)) - raft.server.log.segment.cache.num.max = 2 (custom)
2019-09-12 11:46:22,770 [pool-292-thread-1] INFO  segmented.SegmentedRaftLogWorker (SegmentedRaftLogWorker.java:<init>(172)) - new 9a90101b-844a-48a0-acac-1ec26bec568c-SegmentedRaftLogWorker:Storage Directory /workdir/hadoop-ozone/ozonefs/target/test-dir/MiniOzoneClusterImpl-3eb4f7d7-b6cb-4385-801e-8717a1e56e16/datanode-0/data/ratis/27ccecfe-9d9c-48cf-911d-3a49f5803c95 for RaftStorage:Storage Directory /workdir/hadoop-ozone/ozonefs/target/test-dir/MiniOzoneClusterImpl-3eb4f7d7-b6cb-4385-801e-8717a1e56e16/datanode-0/data/ratis/27ccecfe-9d9c-48cf-911d-3a49f5803c95
2019-09-12 11:46:22,770 [pool-292-thread-1] INFO  server.RaftServerConfigKeys (ConfUtils.java:logGet(43)) - raft.server.log.queue.byte-limit = 2147483647 (custom)
2019-09-12 11:46:22,770 [pool-292-thread-1] INFO  server.RaftServerConfigKeys (ConfUtils.java:logGet(43)) - raft.server.log.queue.element-limit = 1024 (custom)
2019-09-12 11:46:22,770 [pool-292-thread-1] INFO  server.RaftServerConfigKeys (ConfUtils.java:logGet(43)) - raft.server.log.segment.size.max = 1048576 (custom)
2019-09-12 11:46:22,771 [pool-292-thread-1] INFO  server.RaftServerConfigKeys (ConfUtils.java:logGet(43)) - raft.server.log.preallocated.size = 16384 (custom)
2019-09-12 11:46:22,771 [pool-292-thread-1] INFO  server.RaftServerConfigKeys (ConfUtils.java:logGet(43)) - raft.server.log.write.buffer.size = 33554432 (custom)
2019-09-12 11:46:22,771 [pool-292-thread-1] INFO  server.RaftServerConfigKeys (ConfUtils.java:logGet(43)) - raft.server.log.force.sync.num = 128 (default)
2019-09-12 11:46:22,771 [pool-292-thread-1] INFO  server.RaftServerConfigKeys (ConfUtils.java:logGet(43)) - raft.server.log.statemachine.data.sync = true (default)
2019-09-12 11:46:22,771 [pool-292-thread-1] INFO  server.RaftServerConfigKeys (ConfUtils.java:logGet(43)) - raft.server.log.statemachine.data.sync.timeout = 10s (default)
2019-09-12 11:46:22,771 [pool-292-thread-1] INFO  server.RaftServerConfigKeys (ConfUtils.java:logGet(43)) - raft.server.log.statemachine.data.sync.timeout.retry = -1 (default)
2019-09-12 11:46:22,771 [pool-292-thread-1] INFO  server.RaftServerConfigKeys (ConfUtils.java:logGet(43)) - raft.server.log.statemachine.data.caching.enabled = true (custom)
2019-09-12 11:46:22,772 [pool-292-thread-1] INFO  segmented.SegmentedRaftLogWorker (SegmentedRaftLogWorker.java:lambda$new$0(132)) - 9a90101b-844a-48a0-acac-1ec26bec568c-SegmentedRaftLogWorker:Storage Directory /workdir/hadoop-ozone/ozonefs/target/test-dir/MiniOzoneClusterImpl-3eb4f7d7-b6cb-4385-801e-8717a1e56e16/datanode-0/data/ratis/27ccecfe-9d9c-48cf-911d-3a49f5803c95: flushIndex: setUnconditionally 0 -> -1
2019-09-12 11:46:22,772 [pool-292-thread-1] INFO  server.RaftServerConfigKeys (ConfUtils.java:logGet(43)) - raft.server.snapshot.auto.trigger.enabled = true (custom)
2019-09-12 11:46:22,772 [pool-292-thread-1] INFO  server.RaftServerConfigKeys (ConfUtils.java:logGet(43)) - raft.server.snapshot.auto.trigger.threshold = 10000 (custom)
2019-09-12 11:46:22,772 [pool-292-thread-1] INFO  server.RaftServerConfigKeys (ConfUtils.java:logGet(43)) - raft.server.retrycache.expirytime = 600000ms (custom)
2019-09-12 11:46:22,773 [pool-292-thread-1] INFO  impl.RaftServerImpl (RaftServerImpl.java:start(180)) - 9a90101b-844a-48a0-acac-1ec26bec568c: start group-3A49F5803C95
2019-09-12 11:46:22,773 [pool-292-thread-1] INFO  impl.RaftServerImpl (RaftServerImpl.java:setRole(171)) - 9a90101b-844a-48a0-acac-1ec26bec568c:group-3A49F5803C95 changes role from null to FOLLOWER at term 0 for startAsFollower
2019-09-12 11:46:22,773 [pool-292-thread-1] INFO  impl.RoleInfo (RoleInfo.java:updateAndGet(143)) - 9a90101b-844a-48a0-acac-1ec26bec568c: start FollowerState
2019-09-12 11:46:22,773 [pool-292-thread-1] INFO  util.JmxRegister (JmxRegister.java:tryRegister(44)) - Successfully registered JMX Bean with object name Ratis:service=RaftServer,group=group-3A49F5803C95,id=9a90101b-844a-48a0-acac-1ec26bec568c
2019-09-12 11:46:22,776 [RatisPipelineUtilsThread] INFO  pipeline.PipelineStateManager (PipelineStateManager.java:addPipeline(56)) - Created pipeline Pipeline[ Id: 27ccecfe-9d9c-48cf-911d-3a49f5803c95, Nodes: 9a90101b-844a-48a0-acac-1ec26bec568c{ip: 192.168.36.114, host: pr-hdds-1569-58hkm-1881083799, networkLocation: /default-rack, certSerialId: null}, Type:RATIS, Factor:ONE, State:OPEN]
2019-09-12 11:46:22,780 [grpc-default-executor-0] INFO  impl.RaftServerProxy (RaftServerProxy.java:addNew(89)) - 9a90101b-844a-48a0-acac-1ec26bec568c: addNew group-6FA59B35F577:[9a90101b-844a-48a0-acac-1ec26bec568c:192.168.36.114:44461] returns group-6FA59B35F577:java.util.concurrent.CompletableFuture@7f072366[Not completed]
2019-09-12 11:46:22,782 [pool-292-thread-1] INFO  impl.RaftServerImpl (RaftServerImpl.java:<init>(93)) - 9a90101b-844a-48a0-acac-1ec26bec568c: new RaftServerImpl for group-6FA59B35F577:[9a90101b-844a-48a0-acac-1ec26bec568c:192.168.36.114:44461] with ContainerStateMachine:uninitialized
2019-09-12 11:46:22,782 [pool-292-thread-1] INFO  server.RaftServerConfigKeys (ConfUtils.java:logGet(43)) - raft.server.rpc.timeout.min = 5s (custom)
2019-09-12 11:46:22,782 [pool-292-thread-1] INFO  server.RaftServerConfigKeys (ConfUtils.java:logGet(43)) - raft.server.rpc.timeout.max = 5200ms (custom)
2019-09-12 11:46:22,782 [pool-292-thread-1] INFO  server.RaftServerConfigKeys (ConfUtils.java:logGet(43)) - raft.server.rpcslowness.timeout = 120s (custom)
2019-09-12 11:46:22,782 [pool-292-thread-1] INFO  server.RaftServerConfigKeys (ConfUtils.java:logGet(43)) - raft.server.sleep.deviation.threshold = 300 (default)
2019-09-12 11:46:22,782 [pool-292-thread-1] INFO  server.RaftServerConfigKeys (ConfUtils.java:logGet(43)) - raft.server.log.appender.install.snapshot.enabled = false (custom)
2019-09-12 11:46:22,782 [pool-292-thread-1] INFO  impl.RaftServerImpl (ServerState.java:<init>(105)) - 9a90101b-844a-48a0-acac-1ec26bec568c:group-6FA59B35F577 ConfigurationManager, init=-1: [9a90101b-844a-48a0-acac-1ec26bec568c:192.168.36.114:44461], old=null, confs=<EMPTY_MAP>
2019-09-12 11:46:22,783 [pool-292-thread-1] INFO  server.RaftServerConfigKeys (ConfUtils.java:logGet(43)) - raft.server.storage.dir = [/workdir/hadoop-ozone/ozonefs/target/test-dir/MiniOzoneClusterImpl-3eb4f7d7-b6cb-4385-801e-8717a1e56e16/datanode-0/data/ratis] (custom)
2019-09-12 11:46:22,783 [pool-292-thread-1] INFO  storage.RaftStorageDirectory (RaftStorageDirectory.java:analyzeStorage(246)) - The storage directory /workdir/hadoop-ozone/ozonefs/target/test-dir/MiniOzoneClusterImpl-3eb4f7d7-b6cb-4385-801e-8717a1e56e16/datanode-0/data/ratis/f51991f7-fff9-4dcf-bfc8-6fa59b35f577 does not exist. Creating ...
2019-09-12 11:46:22,792 [IPC Server handler 1 on 43391] INFO  net.NetworkTopology (NetworkTopologyImpl.java:add(110)) - Added a new node: /default-rack/21b7ca86-d644-4165-9703-cec4959a780d
2019-09-12 11:46:22,792 [IPC Server handler 1 on 43391] INFO  node.SCMNodeManager (SCMNodeManager.java:register(273)) - Registered Data node : 21b7ca86-d644-4165-9703-cec4959a780d{ip: 192.168.36.114, host: pr-hdds-1569-58hkm-1881083799, networkLocation: /default-rack, certSerialId: null}
2019-09-12 11:46:22,792 | INFO  | SCMAudit | user=jenkins1000 | ip=192.168.36.114 | op=REGISTER {datanodeDetails=21b7ca86-d644-4165-9703-cec4959a780d{ip: 192.168.36.114, host: pr-hdds-1569-58hkm-1881083799, networkLocation: /default-rack, certSerialId: null}} | ret=SUCCESS |  
2019-09-12 11:46:22,796 [pool-292-thread-1] INFO  storage.RaftStorageDirectory (RaftStorageDirectory.java:tryLock(328)) - Lock on /workdir/hadoop-ozone/ozonefs/target/test-dir/MiniOzoneClusterImpl-3eb4f7d7-b6cb-4385-801e-8717a1e56e16/datanode-0/data/ratis/f51991f7-fff9-4dcf-bfc8-6fa59b35f577/in_use.lock acquired by nodename 10706@pr-hdds-1569-58hkm-1881083799
2019-09-12 11:46:22,809 [pool-292-thread-1] INFO  storage.RaftStorage (RaftStorage.java:format(72)) - Storage directory /workdir/hadoop-ozone/ozonefs/target/test-dir/MiniOzoneClusterImpl-3eb4f7d7-b6cb-4385-801e-8717a1e56e16/datanode-0/data/ratis/f51991f7-fff9-4dcf-bfc8-6fa59b35f577 has been successfully formatted.
2019-09-12 11:46:22,810 [pool-292-thread-1] INFO  ratis.ContainerStateMachine (ContainerStateMachine.java:loadSnapshot(226)) - group-6FA59B35F577: The snapshot info is null. Setting the last applied indexto:(t:0, i:~)
2019-09-12 11:46:22,810 [pool-292-thread-1] INFO  server.RaftServerConfigKeys (ConfUtils.java:logGet(43)) - raft.server.leader.election.timeout = 120s (custom)
2019-09-12 11:46:22,810 [pool-292-thread-1] INFO  server.RaftServerConfigKeys (ConfUtils.java:logGet(43)) - raft.server.log.use.memory = false (default)
2019-09-12 11:46:22,810 [pool-292-thread-1] INFO  server.RaftServerConfigKeys (ConfUtils.java:logGet(43)) - raft.server.log.purge.gap = 1000000 (custom)
2019-09-12 11:46:22,810 [pool-292-thread-1] INFO  server.RaftServerConfigKeys (ConfUtils.java:logGet(43)) - raft.server.log.appender.buffer.byte-limit = 33554432 (custom)
2019-09-12 11:46:22,810 [pool-292-thread-1] INFO  server.RaftServerConfigKeys (ConfUtils.java:logGet(43)) - raft.server.log.segment.size.max = 1048576 (custom)
2019-09-12 11:46:22,811 [pool-292-thread-1] INFO  server.RaftServerConfigKeys (ConfUtils.java:logGet(43)) - raft.server.log.segment.cache.num.max = 2 (custom)
2019-09-12 11:46:22,811 [pool-292-thread-1] INFO  segmented.SegmentedRaftLogWorker (SegmentedRaftLogWorker.java:<init>(172)) - new 9a90101b-844a-48a0-acac-1ec26bec568c-SegmentedRaftLogWorker:Storage Directory /workdir/hadoop-ozone/ozonefs/target/test-dir/MiniOzoneClusterImpl-3eb4f7d7-b6cb-4385-801e-8717a1e56e16/datanode-0/data/ratis/f51991f7-fff9-4dcf-bfc8-6fa59b35f577 for RaftStorage:Storage Directory /workdir/hadoop-ozone/ozonefs/target/test-dir/MiniOzoneClusterImpl-3eb4f7d7-b6cb-4385-801e-8717a1e56e16/datanode-0/data/ratis/f51991f7-fff9-4dcf-bfc8-6fa59b35f577
2019-09-12 11:46:22,811 [pool-292-thread-1] INFO  server.RaftServerConfigKeys (ConfUtils.java:logGet(43)) - raft.server.log.queue.byte-limit = 2147483647 (custom)
2019-09-12 11:46:22,811 [pool-292-thread-1] INFO  server.RaftServerConfigKeys (ConfUtils.java:logGet(43)) - raft.server.log.queue.element-limit = 1024 (custom)
2019-09-12 11:46:22,811 [pool-292-thread-1] INFO  server.RaftServerConfigKeys (ConfUtils.java:logGet(43)) - raft.server.log.segment.size.max = 1048576 (custom)
2019-09-12 11:46:22,812 [pool-292-thread-1] INFO  server.RaftServerConfigKeys (ConfUtils.java:logGet(43)) - raft.server.log.preallocated.size = 16384 (custom)
2019-09-12 11:46:22,812 [pool-292-thread-1] INFO  server.RaftServerConfigKeys (ConfUtils.java:logGet(43)) - raft.server.log.write.buffer.size = 33554432 (custom)
2019-09-12 11:46:22,812 [pool-292-thread-1] INFO  server.RaftServerConfigKeys (ConfUtils.java:logGet(43)) - raft.server.log.force.sync.num = 128 (default)
2019-09-12 11:46:22,812 [pool-292-thread-1] INFO  server.RaftServerConfigKeys (ConfUtils.java:logGet(43)) - raft.server.log.statemachine.data.sync = true (default)
2019-09-12 11:46:22,812 [pool-292-thread-1] INFO  server.RaftServerConfigKeys (ConfUtils.java:logGet(43)) - raft.server.log.statemachine.data.sync.timeout = 10s (default)
2019-09-12 11:46:22,812 [pool-292-thread-1] INFO  server.RaftServerConfigKeys (ConfUtils.java:logGet(43)) - raft.server.log.statemachine.data.sync.timeout.retry = -1 (default)
2019-09-12 11:46:22,812 [pool-292-thread-1] INFO  server.RaftServerConfigKeys (ConfUtils.java:logGet(43)) - raft.server.log.statemachine.data.caching.enabled = true (custom)
2019-09-12 11:46:22,813 [pool-292-thread-1] INFO  segmented.SegmentedRaftLogWorker (SegmentedRaftLogWorker.java:lambda$new$0(132)) - 9a90101b-844a-48a0-acac-1ec26bec568c-SegmentedRaftLogWorker:Storage Directory /workdir/hadoop-ozone/ozonefs/target/test-dir/MiniOzoneClusterImpl-3eb4f7d7-b6cb-4385-801e-8717a1e56e16/datanode-0/data/ratis/f51991f7-fff9-4dcf-bfc8-6fa59b35f577: flushIndex: setUnconditionally 0 -> -1
2019-09-12 11:46:22,813 [pool-292-thread-1] INFO  server.RaftServerConfigKeys (ConfUtils.java:logGet(43)) - raft.server.snapshot.auto.trigger.enabled = true (custom)
2019-09-12 11:46:22,813 [pool-292-thread-1] INFO  server.RaftServerConfigKeys (ConfUtils.java:logGet(43)) - raft.server.snapshot.auto.trigger.threshold = 10000 (custom)
2019-09-12 11:46:22,813 [pool-292-thread-1] INFO  server.RaftServerConfigKeys (ConfUtils.java:logGet(43)) - raft.server.retrycache.expirytime = 600000ms (custom)
2019-09-12 11:46:22,814 [pool-292-thread-1] INFO  impl.RaftServerImpl (RaftServerImpl.java:start(180)) - 9a90101b-844a-48a0-acac-1ec26bec568c: start group-6FA59B35F577
2019-09-12 11:46:22,814 [pool-292-thread-1] INFO  impl.RaftServerImpl (RaftServerImpl.java:setRole(171)) - 9a90101b-844a-48a0-acac-1ec26bec568c:group-6FA59B35F577 changes role from null to FOLLOWER at term 0 for startAsFollower
2019-09-12 11:46:22,814 [pool-292-thread-1] INFO  impl.RoleInfo (RoleInfo.java:updateAndGet(143)) - 9a90101b-844a-48a0-acac-1ec26bec568c: start FollowerState
2019-09-12 11:46:22,814 [pool-292-thread-1] INFO  util.JmxRegister (JmxRegister.java:tryRegister(44)) - Successfully registered JMX Bean with object name Ratis:service=RaftServer,group=group-6FA59B35F577,id=9a90101b-844a-48a0-acac-1ec26bec568c
2019-09-12 11:46:22,817 [RatisPipelineUtilsThread] INFO  pipeline.PipelineStateManager (PipelineStateManager.java:addPipeline(56)) - Created pipeline Pipeline[ Id: f51991f7-fff9-4dcf-bfc8-6fa59b35f577, Nodes: 9a90101b-844a-48a0-acac-1ec26bec568c{ip: 192.168.36.114, host: pr-hdds-1569-58hkm-1881083799, networkLocation: /default-rack, certSerialId: null}, Type:RATIS, Factor:ONE, State:OPEN]
2019-09-12 11:46:22,822 [grpc-default-executor-0] INFO  impl.RaftServerProxy (RaftServerProxy.java:addNew(89)) - 9a90101b-844a-48a0-acac-1ec26bec568c: addNew group-82CD68F3752F:[9a90101b-844a-48a0-acac-1ec26bec568c:192.168.36.114:44461] returns group-82CD68F3752F:java.util.concurrent.CompletableFuture@2ffc2183[Not completed]
2019-09-12 11:46:22,823 [pool-292-thread-1] INFO  impl.RaftServerImpl (RaftServerImpl.java:<init>(93)) - 9a90101b-844a-48a0-acac-1ec26bec568c: new RaftServerImpl for group-82CD68F3752F:[9a90101b-844a-48a0-acac-1ec26bec568c:192.168.36.114:44461] with ContainerStateMachine:uninitialized
2019-09-12 11:46:22,823 [pool-292-thread-1] INFO  server.RaftServerConfigKeys (ConfUtils.java:logGet(43)) - raft.server.rpc.timeout.min = 5s (custom)
2019-09-12 11:46:22,824 [pool-292-thread-1] INFO  server.RaftServerConfigKeys (ConfUtils.java:logGet(43)) - raft.server.rpc.timeout.max = 5200ms (custom)
2019-09-12 11:46:22,824 [pool-292-thread-1] INFO  server.RaftServerConfigKeys (ConfUtils.java:logGet(43)) - raft.server.rpcslowness.timeout = 120s (custom)
2019-09-12 11:46:22,824 [pool-292-thread-1] INFO  server.RaftServerConfigKeys (ConfUtils.java:logGet(43)) - raft.server.sleep.deviation.threshold = 300 (default)
2019-09-12 11:46:22,824 [pool-292-thread-1] INFO  server.RaftServerConfigKeys (ConfUtils.java:logGet(43)) - raft.server.log.appender.install.snapshot.enabled = false (custom)
2019-09-12 11:46:22,824 [pool-292-thread-1] INFO  impl.RaftServerImpl (ServerState.java:<init>(105)) - 9a90101b-844a-48a0-acac-1ec26bec568c:group-82CD68F3752F ConfigurationManager, init=-1: [9a90101b-844a-48a0-acac-1ec26bec568c:192.168.36.114:44461], old=null, confs=<EMPTY_MAP>
2019-09-12 11:46:22,824 [pool-292-thread-1] INFO  server.RaftServerConfigKeys (ConfUtils.java:logGet(43)) - raft.server.storage.dir = [/workdir/hadoop-ozone/ozonefs/target/test-dir/MiniOzoneClusterImpl-3eb4f7d7-b6cb-4385-801e-8717a1e56e16/datanode-0/data/ratis] (custom)
2019-09-12 11:46:22,825 [pool-292-thread-1] INFO  storage.RaftStorageDirectory (RaftStorageDirectory.java:analyzeStorage(246)) - The storage directory /workdir/hadoop-ozone/ozonefs/target/test-dir/MiniOzoneClusterImpl-3eb4f7d7-b6cb-4385-801e-8717a1e56e16/datanode-0/data/ratis/4b2f4bbe-a4a8-42d2-9f53-82cd68f3752f does not exist. Creating ...
2019-09-12 11:46:22,828 [pool-292-thread-1] INFO  storage.RaftStorageDirectory (RaftStorageDirectory.java:tryLock(328)) - Lock on /workdir/hadoop-ozone/ozonefs/target/test-dir/MiniOzoneClusterImpl-3eb4f7d7-b6cb-4385-801e-8717a1e56e16/datanode-0/data/ratis/4b2f4bbe-a4a8-42d2-9f53-82cd68f3752f/in_use.lock acquired by nodename 10706@pr-hdds-1569-58hkm-1881083799
2019-09-12 11:46:22,839 [pool-292-thread-1] INFO  storage.RaftStorage (RaftStorage.java:format(72)) - Storage directory /workdir/hadoop-ozone/ozonefs/target/test-dir/MiniOzoneClusterImpl-3eb4f7d7-b6cb-4385-801e-8717a1e56e16/datanode-0/data/ratis/4b2f4bbe-a4a8-42d2-9f53-82cd68f3752f has been successfully formatted.
2019-09-12 11:46:22,840 [pool-292-thread-1] INFO  ratis.ContainerStateMachine (ContainerStateMachine.java:loadSnapshot(226)) - group-82CD68F3752F: The snapshot info is null. Setting the last applied indexto:(t:0, i:~)
2019-09-12 11:46:22,840 [pool-292-thread-1] INFO  server.RaftServerConfigKeys (ConfUtils.java:logGet(43)) - raft.server.leader.election.timeout = 120s (custom)
2019-09-12 11:46:22,840 [pool-292-thread-1] INFO  server.RaftServerConfigKeys (ConfUtils.java:logGet(43)) - raft.server.log.use.memory = false (default)
2019-09-12 11:46:22,840 [pool-292-thread-1] INFO  server.RaftServerConfigKeys (ConfUtils.java:logGet(43)) - raft.server.log.purge.gap = 1000000 (custom)
2019-09-12 11:46:22,840 [pool-292-thread-1] INFO  server.RaftServerConfigKeys (ConfUtils.java:logGet(43)) - raft.server.log.appender.buffer.byte-limit = 33554432 (custom)
2019-09-12 11:46:22,840 [pool-292-thread-1] INFO  server.RaftServerConfigKeys (ConfUtils.java:logGet(43)) - raft.server.log.segment.size.max = 1048576 (custom)
2019-09-12 11:46:22,840 [pool-292-thread-1] INFO  server.RaftServerConfigKeys (ConfUtils.java:logGet(43)) - raft.server.log.segment.cache.num.max = 2 (custom)
2019-09-12 11:46:22,841 [pool-292-thread-1] INFO  segmented.SegmentedRaftLogWorker (SegmentedRaftLogWorker.java:<init>(172)) - new 9a90101b-844a-48a0-acac-1ec26bec568c-SegmentedRaftLogWorker:Storage Directory /workdir/hadoop-ozone/ozonefs/target/test-dir/MiniOzoneClusterImpl-3eb4f7d7-b6cb-4385-801e-8717a1e56e16/datanode-0/data/ratis/4b2f4bbe-a4a8-42d2-9f53-82cd68f3752f for RaftStorage:Storage Directory /workdir/hadoop-ozone/ozonefs/target/test-dir/MiniOzoneClusterImpl-3eb4f7d7-b6cb-4385-801e-8717a1e56e16/datanode-0/data/ratis/4b2f4bbe-a4a8-42d2-9f53-82cd68f3752f
2019-09-12 11:46:22,841 [pool-292-thread-1] INFO  server.RaftServerConfigKeys (ConfUtils.java:logGet(43)) - raft.server.log.queue.byte-limit = 2147483647 (custom)
2019-09-12 11:46:22,841 [pool-292-thread-1] INFO  server.RaftServerConfigKeys (ConfUtils.java:logGet(43)) - raft.server.log.queue.element-limit = 1024 (custom)
2019-09-12 11:46:22,841 [pool-292-thread-1] INFO  server.RaftServerConfigKeys (ConfUtils.java:logGet(43)) - raft.server.log.segment.size.max = 1048576 (custom)
2019-09-12 11:46:22,841 [pool-292-thread-1] INFO  server.RaftServerConfigKeys (ConfUtils.java:logGet(43)) - raft.server.log.preallocated.size = 16384 (custom)
2019-09-12 11:46:22,841 [pool-292-thread-1] INFO  server.RaftServerConfigKeys (ConfUtils.java:logGet(43)) - raft.server.log.write.buffer.size = 33554432 (custom)
2019-09-12 11:46:22,842 [pool-292-thread-1] INFO  server.RaftServerConfigKeys (ConfUtils.java:logGet(43)) - raft.server.log.force.sync.num = 128 (default)
2019-09-12 11:46:22,842 [pool-292-thread-1] INFO  server.RaftServerConfigKeys (ConfUtils.java:logGet(43)) - raft.server.log.statemachine.data.sync = true (default)
2019-09-12 11:46:22,842 [pool-292-thread-1] INFO  server.RaftServerConfigKeys (ConfUtils.java:logGet(43)) - raft.server.log.statemachine.data.sync.timeout = 10s (default)
2019-09-12 11:46:22,842 [pool-292-thread-1] INFO  server.RaftServerConfigKeys (ConfUtils.java:logGet(43)) - raft.server.log.statemachine.data.sync.timeout.retry = -1 (default)
2019-09-12 11:46:22,842 [pool-292-thread-1] INFO  server.RaftServerConfigKeys (ConfUtils.java:logGet(43)) - raft.server.log.statemachine.data.caching.enabled = true (custom)
2019-09-12 11:46:22,842 [pool-292-thread-1] INFO  segmented.SegmentedRaftLogWorker (SegmentedRaftLogWorker.java:lambda$new$0(132)) - 9a90101b-844a-48a0-acac-1ec26bec568c-SegmentedRaftLogWorker:Storage Directory /workdir/hadoop-ozone/ozonefs/target/test-dir/MiniOzoneClusterImpl-3eb4f7d7-b6cb-4385-801e-8717a1e56e16/datanode-0/data/ratis/4b2f4bbe-a4a8-42d2-9f53-82cd68f3752f: flushIndex: setUnconditionally 0 -> -1
2019-09-12 11:46:22,843 [pool-292-thread-1] INFO  server.RaftServerConfigKeys (ConfUtils.java:logGet(43)) - raft.server.snapshot.auto.trigger.enabled = true (custom)
2019-09-12 11:46:22,843 [pool-292-thread-1] INFO  server.RaftServerConfigKeys (ConfUtils.java:logGet(43)) - raft.server.snapshot.auto.trigger.threshold = 10000 (custom)
2019-09-12 11:46:22,843 [pool-292-thread-1] INFO  server.RaftServerConfigKeys (ConfUtils.java:logGet(43)) - raft.server.retrycache.expirytime = 600000ms (custom)
2019-09-12 11:46:22,843 [pool-292-thread-1] INFO  impl.RaftServerImpl (RaftServerImpl.java:start(180)) - 9a90101b-844a-48a0-acac-1ec26bec568c: start group-82CD68F3752F
2019-09-12 11:46:22,843 [pool-292-thread-1] INFO  impl.RaftServerImpl (RaftServerImpl.java:setRole(171)) - 9a90101b-844a-48a0-acac-1ec26bec568c:group-82CD68F3752F changes role from null to FOLLOWER at term 0 for startAsFollower
2019-09-12 11:46:22,843 [pool-292-thread-1] INFO  impl.RoleInfo (RoleInfo.java:updateAndGet(143)) - 9a90101b-844a-48a0-acac-1ec26bec568c: start FollowerState
2019-09-12 11:46:22,844 [pool-292-thread-1] INFO  util.JmxRegister (JmxRegister.java:tryRegister(44)) - Successfully registered JMX Bean with object name Ratis:service=RaftServer,group=group-82CD68F3752F,id=9a90101b-844a-48a0-acac-1ec26bec568c
2019-09-12 11:46:22,846 [RatisPipelineUtilsThread] INFO  pipeline.PipelineStateManager (PipelineStateManager.java:addPipeline(56)) - Created pipeline Pipeline[ Id: 4b2f4bbe-a4a8-42d2-9f53-82cd68f3752f, Nodes: 9a90101b-844a-48a0-acac-1ec26bec568c{ip: 192.168.36.114, host: pr-hdds-1569-58hkm-1881083799, networkLocation: /default-rack, certSerialId: null}, Type:RATIS, Factor:ONE, State:OPEN]
2019-09-12 11:46:22,847 [RatisPipelineUtilsThread] ERROR pipeline.PipelinePlacementPolicy (PipelinePlacementPolicy.java:meetCriteria(92)) - Pipeline Placement: Doesn't meet the criteria to be viable node. Heaviness: 6
2019-09-12 11:46:22,854 [grpc-default-executor-0] INFO  impl.RaftServerProxy (RaftServerProxy.java:addNew(89)) - 21b7ca86-d644-4165-9703-cec4959a780d: addNew group-3FE4A8697690:[21b7ca86-d644-4165-9703-cec4959a780d:192.168.36.114:36582] returns group-3FE4A8697690:java.util.concurrent.CompletableFuture@5ab2bbb8[Not completed]
2019-09-12 11:46:22,856 [pool-303-thread-1] INFO  impl.RaftServerImpl (RaftServerImpl.java:<init>(93)) - 21b7ca86-d644-4165-9703-cec4959a780d: new RaftServerImpl for group-3FE4A8697690:[21b7ca86-d644-4165-9703-cec4959a780d:192.168.36.114:36582] with ContainerStateMachine:uninitialized
2019-09-12 11:46:22,856 [pool-303-thread-1] INFO  server.RaftServerConfigKeys (ConfUtils.java:logGet(43)) - raft.server.rpc.timeout.min = 5s (custom)
2019-09-12 11:46:22,856 [pool-303-thread-1] INFO  server.RaftServerConfigKeys (ConfUtils.java:logGet(43)) - raft.server.rpc.timeout.max = 5200ms (custom)
2019-09-12 11:46:22,856 [pool-303-thread-1] INFO  server.RaftServerConfigKeys (ConfUtils.java:logGet(43)) - raft.server.rpcslowness.timeout = 120s (custom)
2019-09-12 11:46:22,856 [pool-303-thread-1] INFO  server.RaftServerConfigKeys (ConfUtils.java:logGet(43)) - raft.server.sleep.deviation.threshold = 300 (default)
2019-09-12 11:46:22,856 [pool-303-thread-1] INFO  server.RaftServerConfigKeys (ConfUtils.java:logGet(43)) - raft.server.log.appender.install.snapshot.enabled = false (custom)
2019-09-12 11:46:22,857 [pool-303-thread-1] INFO  impl.RaftServerImpl (ServerState.java:<init>(105)) - 21b7ca86-d644-4165-9703-cec4959a780d:group-3FE4A8697690 ConfigurationManager, init=-1: [21b7ca86-d644-4165-9703-cec4959a780d:192.168.36.114:36582], old=null, confs=<EMPTY_MAP>
2019-09-12 11:46:22,857 [pool-303-thread-1] INFO  server.RaftServerConfigKeys (ConfUtils.java:logGet(43)) - raft.server.storage.dir = [/workdir/hadoop-ozone/ozonefs/target/test-dir/MiniOzoneClusterImpl-3eb4f7d7-b6cb-4385-801e-8717a1e56e16/datanode-1/data/ratis] (custom)
2019-09-12 11:46:22,857 [pool-303-thread-1] INFO  storage.RaftStorageDirectory (RaftStorageDirectory.java:analyzeStorage(246)) - The storage directory /workdir/hadoop-ozone/ozonefs/target/test-dir/MiniOzoneClusterImpl-3eb4f7d7-b6cb-4385-801e-8717a1e56e16/datanode-1/data/ratis/cea92027-f1db-482a-a6d7-3fe4a8697690 does not exist. Creating ...
2019-09-12 11:46:22,869 [pool-303-thread-1] INFO  storage.RaftStorageDirectory (RaftStorageDirectory.java:tryLock(328)) - Lock on /workdir/hadoop-ozone/ozonefs/target/test-dir/MiniOzoneClusterImpl-3eb4f7d7-b6cb-4385-801e-8717a1e56e16/datanode-1/data/ratis/cea92027-f1db-482a-a6d7-3fe4a8697690/in_use.lock acquired by nodename 10706@pr-hdds-1569-58hkm-1881083799
2019-09-12 11:46:22,881 [pool-303-thread-1] INFO  storage.RaftStorage (RaftStorage.java:format(72)) - Storage directory /workdir/hadoop-ozone/ozonefs/target/test-dir/MiniOzoneClusterImpl-3eb4f7d7-b6cb-4385-801e-8717a1e56e16/datanode-1/data/ratis/cea92027-f1db-482a-a6d7-3fe4a8697690 has been successfully formatted.
2019-09-12 11:46:22,881 [pool-303-thread-1] INFO  ratis.ContainerStateMachine (ContainerStateMachine.java:loadSnapshot(226)) - group-3FE4A8697690: The snapshot info is null. Setting the last applied indexto:(t:0, i:~)
2019-09-12 11:46:22,881 [pool-303-thread-1] INFO  server.RaftServerConfigKeys (ConfUtils.java:logGet(43)) - raft.server.leader.election.timeout = 120s (custom)
2019-09-12 11:46:22,881 [pool-303-thread-1] INFO  server.RaftServerConfigKeys (ConfUtils.java:logGet(43)) - raft.server.log.use.memory = false (default)
2019-09-12 11:46:22,882 [pool-303-thread-1] INFO  server.RaftServerConfigKeys (ConfUtils.java:logGet(43)) - raft.server.log.purge.gap = 1000000 (custom)
2019-09-12 11:46:22,882 [pool-303-thread-1] INFO  server.RaftServerConfigKeys (ConfUtils.java:logGet(43)) - raft.server.log.appender.buffer.byte-limit = 33554432 (custom)
2019-09-12 11:46:22,882 [pool-303-thread-1] INFO  server.RaftServerConfigKeys (ConfUtils.java:logGet(43)) - raft.server.log.segment.size.max = 1048576 (custom)
2019-09-12 11:46:22,882 [pool-303-thread-1] INFO  server.RaftServerConfigKeys (ConfUtils.java:logGet(43)) - raft.server.log.segment.cache.num.max = 2 (custom)
2019-09-12 11:46:22,882 [pool-303-thread-1] INFO  segmented.SegmentedRaftLogWorker (SegmentedRaftLogWorker.java:<init>(172)) - new 21b7ca86-d644-4165-9703-cec4959a780d-SegmentedRaftLogWorker:Storage Directory /workdir/hadoop-ozone/ozonefs/target/test-dir/MiniOzoneClusterImpl-3eb4f7d7-b6cb-4385-801e-8717a1e56e16/datanode-1/data/ratis/cea92027-f1db-482a-a6d7-3fe4a8697690 for RaftStorage:Storage Directory /workdir/hadoop-ozone/ozonefs/target/test-dir/MiniOzoneClusterImpl-3eb4f7d7-b6cb-4385-801e-8717a1e56e16/datanode-1/data/ratis/cea92027-f1db-482a-a6d7-3fe4a8697690
2019-09-12 11:46:22,882 [pool-303-thread-1] INFO  server.RaftServerConfigKeys (ConfUtils.java:logGet(43)) - raft.server.log.queue.byte-limit = 2147483647 (custom)
2019-09-12 11:46:22,883 [pool-303-thread-1] INFO  server.RaftServerConfigKeys (ConfUtils.java:logGet(43)) - raft.server.log.queue.element-limit = 1024 (custom)
2019-09-12 11:46:22,883 [pool-303-thread-1] INFO  server.RaftServerConfigKeys (ConfUtils.java:logGet(43)) - raft.server.log.segment.size.max = 1048576 (custom)
2019-09-12 11:46:22,883 [pool-303-thread-1] INFO  server.RaftServerConfigKeys (ConfUtils.java:logGet(43)) - raft.server.log.preallocated.size = 16384 (custom)
2019-09-12 11:46:22,883 [pool-303-thread-1] INFO  server.RaftServerConfigKeys (ConfUtils.java:logGet(43)) - raft.server.log.write.buffer.size = 33554432 (custom)
2019-09-12 11:46:22,883 [pool-303-thread-1] INFO  server.RaftServerConfigKeys (ConfUtils.java:logGet(43)) - raft.server.log.force.sync.num = 128 (default)
2019-09-12 11:46:22,883 [pool-303-thread-1] INFO  server.RaftServerConfigKeys (ConfUtils.java:logGet(43)) - raft.server.log.statemachine.data.sync = true (default)
2019-09-12 11:46:22,884 [pool-303-thread-1] INFO  server.RaftServerConfigKeys (ConfUtils.java:logGet(43)) - raft.server.log.statemachine.data.sync.timeout = 10s (default)
2019-09-12 11:46:22,884 [pool-303-thread-1] INFO  server.RaftServerConfigKeys (ConfUtils.java:logGet(43)) - raft.server.log.statemachine.data.sync.timeout.retry = -1 (default)
2019-09-12 11:46:22,884 [pool-303-thread-1] INFO  server.RaftServerConfigKeys (ConfUtils.java:logGet(43)) - raft.server.log.statemachine.data.caching.enabled = true (custom)
2019-09-12 11:46:22,884 [pool-303-thread-1] INFO  segmented.SegmentedRaftLogWorker (SegmentedRaftLogWorker.java:lambda$new$0(132)) - 21b7ca86-d644-4165-9703-cec4959a780d-SegmentedRaftLogWorker:Storage Directory /workdir/hadoop-ozone/ozonefs/target/test-dir/MiniOzoneClusterImpl-3eb4f7d7-b6cb-4385-801e-8717a1e56e16/datanode-1/data/ratis/cea92027-f1db-482a-a6d7-3fe4a8697690: flushIndex: setUnconditionally 0 -> -1
2019-09-12 11:46:22,885 [pool-303-thread-1] INFO  server.RaftServerConfigKeys (ConfUtils.java:logGet(43)) - raft.server.snapshot.auto.trigger.enabled = true (custom)
2019-09-12 11:46:22,885 [pool-303-thread-1] INFO  server.RaftServerConfigKeys (ConfUtils.java:logGet(43)) - raft.server.snapshot.auto.trigger.threshold = 10000 (custom)
2019-09-12 11:46:22,885 [pool-303-thread-1] INFO  server.RaftServerConfigKeys (ConfUtils.java:logGet(43)) - raft.server.retrycache.expirytime = 600000ms (custom)
2019-09-12 11:46:22,885 [pool-303-thread-1] INFO  impl.RaftServerImpl (RaftServerImpl.java:start(180)) - 21b7ca86-d644-4165-9703-cec4959a780d: start group-3FE4A8697690
2019-09-12 11:46:22,885 [pool-303-thread-1] INFO  impl.RaftServerImpl (RaftServerImpl.java:setRole(171)) - 21b7ca86-d644-4165-9703-cec4959a780d:group-3FE4A8697690 changes role from null to FOLLOWER at term 0 for startAsFollower
2019-09-12 11:46:22,886 [pool-303-thread-1] INFO  impl.RoleInfo (RoleInfo.java:updateAndGet(143)) - 21b7ca86-d644-4165-9703-cec4959a780d: start FollowerState
2019-09-12 11:46:22,886 [pool-303-thread-1] INFO  util.JmxRegister (JmxRegister.java:tryRegister(44)) - Successfully registered JMX Bean with object name Ratis:service=RaftServer,group=group-3FE4A8697690,id=21b7ca86-d644-4165-9703-cec4959a780d
2019-09-12 11:46:22,888 [RatisPipelineUtilsThread] INFO  pipeline.PipelineStateManager (PipelineStateManager.java:addPipeline(56)) - Created pipeline Pipeline[ Id: cea92027-f1db-482a-a6d7-3fe4a8697690, Nodes: 21b7ca86-d644-4165-9703-cec4959a780d{ip: 192.168.36.114, host: pr-hdds-1569-58hkm-1881083799, networkLocation: /default-rack, certSerialId: null}, Type:RATIS, Factor:ONE, State:OPEN]
2019-09-12 11:46:22,889 [RatisPipelineUtilsThread] ERROR pipeline.PipelinePlacementPolicy (PipelinePlacementPolicy.java:meetCriteria(92)) - Pipeline Placement: Doesn't meet the criteria to be viable node. Heaviness: 6
2019-09-12 11:46:22,894 [grpc-default-executor-0] INFO  impl.RaftServerProxy (RaftServerProxy.java:addNew(89)) - 21b7ca86-d644-4165-9703-cec4959a780d: addNew group-243EA9588810:[21b7ca86-d644-4165-9703-cec4959a780d:192.168.36.114:36582] returns group-243EA9588810:java.util.concurrent.CompletableFuture@83f838a[Not completed]
2019-09-12 11:46:22,895 [pool-303-thread-1] INFO  impl.RaftServerImpl (RaftServerImpl.java:<init>(93)) - 21b7ca86-d644-4165-9703-cec4959a780d: new RaftServerImpl for group-243EA9588810:[21b7ca86-d644-4165-9703-cec4959a780d:192.168.36.114:36582] with ContainerStateMachine:uninitialized
2019-09-12 11:46:22,895 [pool-303-thread-1] INFO  server.RaftServerConfigKeys (ConfUtils.java:logGet(43)) - raft.server.rpc.timeout.min = 5s (custom)
2019-09-12 11:46:22,895 [pool-303-thread-1] INFO  server.RaftServerConfigKeys (ConfUtils.java:logGet(43)) - raft.server.rpc.timeout.max = 5200ms (custom)
2019-09-12 11:46:22,895 [pool-303-thread-1] INFO  server.RaftServerConfigKeys (ConfUtils.java:logGet(43)) - raft.server.rpcslowness.timeout = 120s (custom)
2019-09-12 11:46:22,895 [pool-303-thread-1] INFO  server.RaftServerConfigKeys (ConfUtils.java:logGet(43)) - raft.server.sleep.deviation.threshold = 300 (default)
2019-09-12 11:46:22,895 [pool-303-thread-1] INFO  server.RaftServerConfigKeys (ConfUtils.java:logGet(43)) - raft.server.log.appender.install.snapshot.enabled = false (custom)
2019-09-12 11:46:22,896 [pool-303-thread-1] INFO  impl.RaftServerImpl (ServerState.java:<init>(105)) - 21b7ca86-d644-4165-9703-cec4959a780d:group-243EA9588810 ConfigurationManager, init=-1: [21b7ca86-d644-4165-9703-cec4959a780d:192.168.36.114:36582], old=null, confs=<EMPTY_MAP>
2019-09-12 11:46:22,896 [pool-303-thread-1] INFO  server.RaftServerConfigKeys (ConfUtils.java:logGet(43)) - raft.server.storage.dir = [/workdir/hadoop-ozone/ozonefs/target/test-dir/MiniOzoneClusterImpl-3eb4f7d7-b6cb-4385-801e-8717a1e56e16/datanode-1/data/ratis] (custom)
2019-09-12 11:46:22,896 [pool-303-thread-1] INFO  storage.RaftStorageDirectory (RaftStorageDirectory.java:analyzeStorage(246)) - The storage directory /workdir/hadoop-ozone/ozonefs/target/test-dir/MiniOzoneClusterImpl-3eb4f7d7-b6cb-4385-801e-8717a1e56e16/datanode-1/data/ratis/d6565f43-58ac-4d36-95fa-243ea9588810 does not exist. Creating ...
2019-09-12 11:46:22,907 [pool-303-thread-1] INFO  storage.RaftStorageDirectory (RaftStorageDirectory.java:tryLock(328)) - Lock on /workdir/hadoop-ozone/ozonefs/target/test-dir/MiniOzoneClusterImpl-3eb4f7d7-b6cb-4385-801e-8717a1e56e16/datanode-1/data/ratis/d6565f43-58ac-4d36-95fa-243ea9588810/in_use.lock acquired by nodename 10706@pr-hdds-1569-58hkm-1881083799
2019-09-12 11:46:22,921 [pool-303-thread-1] INFO  storage.RaftStorage (RaftStorage.java:format(72)) - Storage directory /workdir/hadoop-ozone/ozonefs/target/test-dir/MiniOzoneClusterImpl-3eb4f7d7-b6cb-4385-801e-8717a1e56e16/datanode-1/data/ratis/d6565f43-58ac-4d36-95fa-243ea9588810 has been successfully formatted.
2019-09-12 11:46:22,921 [pool-303-thread-1] INFO  ratis.ContainerStateMachine (ContainerStateMachine.java:loadSnapshot(226)) - group-243EA9588810: The snapshot info is null. Setting the last applied indexto:(t:0, i:~)
2019-09-12 11:46:22,921 [pool-303-thread-1] INFO  server.RaftServerConfigKeys (ConfUtils.java:logGet(43)) - raft.server.leader.election.timeout = 120s (custom)
2019-09-12 11:46:22,922 [pool-303-thread-1] INFO  server.RaftServerConfigKeys (ConfUtils.java:logGet(43)) - raft.server.log.use.memory = false (default)
2019-09-12 11:46:22,922 [pool-303-thread-1] INFO  server.RaftServerConfigKeys (ConfUtils.java:logGet(43)) - raft.server.log.purge.gap = 1000000 (custom)
2019-09-12 11:46:22,922 [pool-303-thread-1] INFO  server.RaftServerConfigKeys (ConfUtils.java:logGet(43)) - raft.server.log.appender.buffer.byte-limit = 33554432 (custom)
2019-09-12 11:46:22,922 [pool-303-thread-1] INFO  server.RaftServerConfigKeys (ConfUtils.java:logGet(43)) - raft.server.log.segment.size.max = 1048576 (custom)
2019-09-12 11:46:22,922 [pool-303-thread-1] INFO  server.RaftServerConfigKeys (ConfUtils.java:logGet(43)) - raft.server.log.segment.cache.num.max = 2 (custom)
2019-09-12 11:46:22,922 [pool-303-thread-1] INFO  segmented.SegmentedRaftLogWorker (SegmentedRaftLogWorker.java:<init>(172)) - new 21b7ca86-d644-4165-9703-cec4959a780d-SegmentedRaftLogWorker:Storage Directory /workdir/hadoop-ozone/ozonefs/target/test-dir/MiniOzoneClusterImpl-3eb4f7d7-b6cb-4385-801e-8717a1e56e16/datanode-1/data/ratis/d6565f43-58ac-4d36-95fa-243ea9588810 for RaftStorage:Storage Directory /workdir/hadoop-ozone/ozonefs/target/test-dir/MiniOzoneClusterImpl-3eb4f7d7-b6cb-4385-801e-8717a1e56e16/datanode-1/data/ratis/d6565f43-58ac-4d36-95fa-243ea9588810
2019-09-12 11:46:22,923 [pool-303-thread-1] INFO  server.RaftServerConfigKeys (ConfUtils.java:logGet(43)) - raft.server.log.queue.byte-limit = 2147483647 (custom)
2019-09-12 11:46:22,923 [pool-303-thread-1] INFO  server.RaftServerConfigKeys (ConfUtils.java:logGet(43)) - raft.server.log.queue.element-limit = 1024 (custom)
2019-09-12 11:46:22,923 [pool-303-thread-1] INFO  server.RaftServerConfigKeys (ConfUtils.java:logGet(43)) - raft.server.log.segment.size.max = 1048576 (custom)
2019-09-12 11:46:22,923 [pool-303-thread-1] INFO  server.RaftServerConfigKeys (ConfUtils.java:logGet(43)) - raft.server.log.preallocated.size = 16384 (custom)
2019-09-12 11:46:22,923 [pool-303-thread-1] INFO  server.RaftServerConfigKeys (ConfUtils.java:logGet(43)) - raft.server.log.write.buffer.size = 33554432 (custom)
2019-09-12 11:46:22,923 [pool-303-thread-1] INFO  server.RaftServerConfigKeys (ConfUtils.java:logGet(43)) - raft.server.log.force.sync.num = 128 (default)
2019-09-12 11:46:22,923 [pool-303-thread-1] INFO  server.RaftServerConfigKeys (ConfUtils.java:logGet(43)) - raft.server.log.statemachine.data.sync = true (default)
2019-09-12 11:46:22,924 [pool-303-thread-1] INFO  server.RaftServerConfigKeys (ConfUtils.java:logGet(43)) - raft.server.log.statemachine.data.sync.timeout = 10s (default)
2019-09-12 11:46:22,924 [pool-303-thread-1] INFO  server.RaftServerConfigKeys (ConfUtils.java:logGet(43)) - raft.server.log.statemachine.data.sync.timeout.retry = -1 (default)
2019-09-12 11:46:22,924 [pool-303-thread-1] INFO  server.RaftServerConfigKeys (ConfUtils.java:logGet(43)) - raft.server.log.statemachine.data.caching.enabled = true (custom)
2019-09-12 11:46:22,924 [pool-303-thread-1] INFO  segmented.SegmentedRaftLogWorker (SegmentedRaftLogWorker.java:lambda$new$0(132)) - 21b7ca86-d644-4165-9703-cec4959a780d-SegmentedRaftLogWorker:Storage Directory /workdir/hadoop-ozone/ozonefs/target/test-dir/MiniOzoneClusterImpl-3eb4f7d7-b6cb-4385-801e-8717a1e56e16/datanode-1/data/ratis/d6565f43-58ac-4d36-95fa-243ea9588810: flushIndex: setUnconditionally 0 -> -1
2019-09-12 11:46:22,925 [pool-303-thread-1] INFO  server.RaftServerConfigKeys (ConfUtils.java:logGet(43)) - raft.server.snapshot.auto.trigger.enabled = true (custom)
2019-09-12 11:46:22,925 [pool-303-thread-1] INFO  server.RaftServerConfigKeys (ConfUtils.java:logGet(43)) - raft.server.snapshot.auto.trigger.threshold = 10000 (custom)
2019-09-12 11:46:22,925 [pool-303-thread-1] INFO  server.RaftServerConfigKeys (ConfUtils.java:logGet(43)) - raft.server.retrycache.expirytime = 600000ms (custom)
2019-09-12 11:46:22,925 [pool-303-thread-1] INFO  impl.RaftServerImpl (RaftServerImpl.java:start(180)) - 21b7ca86-d644-4165-9703-cec4959a780d: start group-243EA9588810
2019-09-12 11:46:22,925 [pool-303-thread-1] INFO  impl.RaftServerImpl (RaftServerImpl.java:setRole(171)) - 21b7ca86-d644-4165-9703-cec4959a780d:group-243EA9588810 changes role from null to FOLLOWER at term 0 for startAsFollower
2019-09-12 11:46:22,925 [pool-303-thread-1] INFO  impl.RoleInfo (RoleInfo.java:updateAndGet(143)) - 21b7ca86-d644-4165-9703-cec4959a780d: start FollowerState
2019-09-12 11:46:22,926 [pool-303-thread-1] INFO  util.JmxRegister (JmxRegister.java:tryRegister(44)) - Successfully registered JMX Bean with object name Ratis:service=RaftServer,group=group-243EA9588810,id=21b7ca86-d644-4165-9703-cec4959a780d
2019-09-12 11:46:22,928 [RatisPipelineUtilsThread] INFO  pipeline.PipelineStateManager (PipelineStateManager.java:addPipeline(56)) - Created pipeline Pipeline[ Id: d6565f43-58ac-4d36-95fa-243ea9588810, Nodes: 21b7ca86-d644-4165-9703-cec4959a780d{ip: 192.168.36.114, host: pr-hdds-1569-58hkm-1881083799, networkLocation: /default-rack, certSerialId: null}, Type:RATIS, Factor:ONE, State:OPEN]
2019-09-12 11:46:22,929 [RatisPipelineUtilsThread] ERROR pipeline.PipelinePlacementPolicy (PipelinePlacementPolicy.java:meetCriteria(92)) - Pipeline Placement: Doesn't meet the criteria to be viable node. Heaviness: 6
2019-09-12 11:46:22,934 [grpc-default-executor-0] INFO  impl.RaftServerProxy (RaftServerProxy.java:addNew(89)) - 21b7ca86-d644-4165-9703-cec4959a780d: addNew group-2FBBAE065F92:[21b7ca86-d644-4165-9703-cec4959a780d:192.168.36.114:36582] returns group-2FBBAE065F92:java.util.concurrent.CompletableFuture@4d9be886[Not completed]
2019-09-12 11:46:22,935 [pool-303-thread-1] INFO  impl.RaftServerImpl (RaftServerImpl.java:<init>(93)) - 21b7ca86-d644-4165-9703-cec4959a780d: new RaftServerImpl for group-2FBBAE065F92:[21b7ca86-d644-4165-9703-cec4959a780d:192.168.36.114:36582] with ContainerStateMachine:uninitialized
2019-09-12 11:46:22,935 [pool-303-thread-1] INFO  server.RaftServerConfigKeys (ConfUtils.java:logGet(43)) - raft.server.rpc.timeout.min = 5s (custom)
2019-09-12 11:46:22,936 [pool-303-thread-1] INFO  server.RaftServerConfigKeys (ConfUtils.java:logGet(43)) - raft.server.rpc.timeout.max = 5200ms (custom)
2019-09-12 11:46:22,936 [pool-303-thread-1] INFO  server.RaftServerConfigKeys (ConfUtils.java:logGet(43)) - raft.server.rpcslowness.timeout = 120s (custom)
2019-09-12 11:46:22,936 [pool-303-thread-1] INFO  server.RaftServerConfigKeys (ConfUtils.java:logGet(43)) - raft.server.sleep.deviation.threshold = 300 (default)
2019-09-12 11:46:22,936 [pool-303-thread-1] INFO  server.RaftServerConfigKeys (ConfUtils.java:logGet(43)) - raft.server.log.appender.install.snapshot.enabled = false (custom)
2019-09-12 11:46:22,936 [pool-303-thread-1] INFO  impl.RaftServerImpl (ServerState.java:<init>(105)) - 21b7ca86-d644-4165-9703-cec4959a780d:group-2FBBAE065F92 ConfigurationManager, init=-1: [21b7ca86-d644-4165-9703-cec4959a780d:192.168.36.114:36582], old=null, confs=<EMPTY_MAP>
2019-09-12 11:46:22,936 [pool-303-thread-1] INFO  server.RaftServerConfigKeys (ConfUtils.java:logGet(43)) - raft.server.storage.dir = [/workdir/hadoop-ozone/ozonefs/target/test-dir/MiniOzoneClusterImpl-3eb4f7d7-b6cb-4385-801e-8717a1e56e16/datanode-1/data/ratis] (custom)
2019-09-12 11:46:22,937 [pool-303-thread-1] INFO  storage.RaftStorageDirectory (RaftStorageDirectory.java:analyzeStorage(246)) - The storage directory /workdir/hadoop-ozone/ozonefs/target/test-dir/MiniOzoneClusterImpl-3eb4f7d7-b6cb-4385-801e-8717a1e56e16/datanode-1/data/ratis/e8fa203b-f09b-448f-b16d-2fbbae065f92 does not exist. Creating ...
2019-09-12 11:46:22,950 [pool-303-thread-1] INFO  storage.RaftStorageDirectory (RaftStorageDirectory.java:tryLock(328)) - Lock on /workdir/hadoop-ozone/ozonefs/target/test-dir/MiniOzoneClusterImpl-3eb4f7d7-b6cb-4385-801e-8717a1e56e16/datanode-1/data/ratis/e8fa203b-f09b-448f-b16d-2fbbae065f92/in_use.lock acquired by nodename 10706@pr-hdds-1569-58hkm-1881083799
2019-09-12 11:46:22,963 [pool-303-thread-1] INFO  storage.RaftStorage (RaftStorage.java:format(72)) - Storage directory /workdir/hadoop-ozone/ozonefs/target/test-dir/MiniOzoneClusterImpl-3eb4f7d7-b6cb-4385-801e-8717a1e56e16/datanode-1/data/ratis/e8fa203b-f09b-448f-b16d-2fbbae065f92 has been successfully formatted.
2019-09-12 11:46:22,963 [pool-303-thread-1] INFO  ratis.ContainerStateMachine (ContainerStateMachine.java:loadSnapshot(226)) - group-2FBBAE065F92: The snapshot info is null. Setting the last applied indexto:(t:0, i:~)
2019-09-12 11:46:22,963 [pool-303-thread-1] INFO  server.RaftServerConfigKeys (ConfUtils.java:logGet(43)) - raft.server.leader.election.timeout = 120s (custom)
2019-09-12 11:46:22,963 [pool-303-thread-1] INFO  server.RaftServerConfigKeys (ConfUtils.java:logGet(43)) - raft.server.log.use.memory = false (default)
2019-09-12 11:46:22,964 [pool-303-thread-1] INFO  server.RaftServerConfigKeys (ConfUtils.java:logGet(43)) - raft.server.log.purge.gap = 1000000 (custom)
2019-09-12 11:46:22,964 [pool-303-thread-1] INFO  server.RaftServerConfigKeys (ConfUtils.java:logGet(43)) - raft.server.log.appender.buffer.byte-limit = 33554432 (custom)
2019-09-12 11:46:22,964 [pool-303-thread-1] INFO  server.RaftServerConfigKeys (ConfUtils.java:logGet(43)) - raft.server.log.segment.size.max = 1048576 (custom)
2019-09-12 11:46:22,964 [pool-303-thread-1] INFO  server.RaftServerConfigKeys (ConfUtils.java:logGet(43)) - raft.server.log.segment.cache.num.max = 2 (custom)
2019-09-12 11:46:22,964 [pool-303-thread-1] INFO  segmented.SegmentedRaftLogWorker (SegmentedRaftLogWorker.java:<init>(172)) - new 21b7ca86-d644-4165-9703-cec4959a780d-SegmentedRaftLogWorker:Storage Directory /workdir/hadoop-ozone/ozonefs/target/test-dir/MiniOzoneClusterImpl-3eb4f7d7-b6cb-4385-801e-8717a1e56e16/datanode-1/data/ratis/e8fa203b-f09b-448f-b16d-2fbbae065f92 for RaftStorage:Storage Directory /workdir/hadoop-ozone/ozonefs/target/test-dir/MiniOzoneClusterImpl-3eb4f7d7-b6cb-4385-801e-8717a1e56e16/datanode-1/data/ratis/e8fa203b-f09b-448f-b16d-2fbbae065f92
2019-09-12 11:46:22,964 [pool-303-thread-1] INFO  server.RaftServerConfigKeys (ConfUtils.java:logGet(43)) - raft.server.log.queue.byte-limit = 2147483647 (custom)
2019-09-12 11:46:22,964 [pool-303-thread-1] INFO  server.RaftServerConfigKeys (ConfUtils.java:logGet(43)) - raft.server.log.queue.element-limit = 1024 (custom)
2019-09-12 11:46:22,965 [pool-303-thread-1] INFO  server.RaftServerConfigKeys (ConfUtils.java:logGet(43)) - raft.server.log.segment.size.max = 1048576 (custom)
2019-09-12 11:46:22,965 [pool-303-thread-1] INFO  server.RaftServerConfigKeys (ConfUtils.java:logGet(43)) - raft.server.log.preallocated.size = 16384 (custom)
2019-09-12 11:46:22,965 [pool-303-thread-1] INFO  server.RaftServerConfigKeys (ConfUtils.java:logGet(43)) - raft.server.log.write.buffer.size = 33554432 (custom)
2019-09-12 11:46:22,965 [pool-303-thread-1] INFO  server.RaftServerConfigKeys (ConfUtils.java:logGet(43)) - raft.server.log.force.sync.num = 128 (default)
2019-09-12 11:46:22,965 [pool-303-thread-1] INFO  server.RaftServerConfigKeys (ConfUtils.java:logGet(43)) - raft.server.log.statemachine.data.sync = true (default)
2019-09-12 11:46:22,965 [pool-303-thread-1] INFO  server.RaftServerConfigKeys (ConfUtils.java:logGet(43)) - raft.server.log.statemachine.data.sync.timeout = 10s (default)
2019-09-12 11:46:22,965 [pool-303-thread-1] INFO  server.RaftServerConfigKeys (ConfUtils.java:logGet(43)) - raft.server.log.statemachine.data.sync.timeout.retry = -1 (default)
2019-09-12 11:46:22,966 [pool-303-thread-1] INFO  server.RaftServerConfigKeys (ConfUtils.java:logGet(43)) - raft.server.log.statemachine.data.caching.enabled = true (custom)
2019-09-12 11:46:22,966 [pool-303-thread-1] INFO  segmented.SegmentedRaftLogWorker (SegmentedRaftLogWorker.java:lambda$new$0(132)) - 21b7ca86-d644-4165-9703-cec4959a780d-SegmentedRaftLogWorker:Storage Directory /workdir/hadoop-ozone/ozonefs/target/test-dir/MiniOzoneClusterImpl-3eb4f7d7-b6cb-4385-801e-8717a1e56e16/datanode-1/data/ratis/e8fa203b-f09b-448f-b16d-2fbbae065f92: flushIndex: setUnconditionally 0 -> -1
2019-09-12 11:46:22,966 [pool-303-thread-1] INFO  server.RaftServerConfigKeys (ConfUtils.java:logGet(43)) - raft.server.snapshot.auto.trigger.enabled = true (custom)
2019-09-12 11:46:22,966 [pool-303-thread-1] INFO  server.RaftServerConfigKeys (ConfUtils.java:logGet(43)) - raft.server.snapshot.auto.trigger.threshold = 10000 (custom)
2019-09-12 11:46:22,967 [pool-303-thread-1] INFO  server.RaftServerConfigKeys (ConfUtils.java:logGet(43)) - raft.server.retrycache.expirytime = 600000ms (custom)
2019-09-12 11:46:22,967 [pool-303-thread-1] INFO  impl.RaftServerImpl (RaftServerImpl.java:start(180)) - 21b7ca86-d644-4165-9703-cec4959a780d: start group-2FBBAE065F92
2019-09-12 11:46:22,967 [pool-303-thread-1] INFO  impl.RaftServerImpl (RaftServerImpl.java:setRole(171)) - 21b7ca86-d644-4165-9703-cec4959a780d:group-2FBBAE065F92 changes role from null to FOLLOWER at term 0 for startAsFollower
2019-09-12 11:46:22,967 [pool-303-thread-1] INFO  impl.RoleInfo (RoleInfo.java:updateAndGet(143)) - 21b7ca86-d644-4165-9703-cec4959a780d: start FollowerState
2019-09-12 11:46:22,967 [pool-303-thread-1] INFO  util.JmxRegister (JmxRegister.java:tryRegister(44)) - Successfully registered JMX Bean with object name Ratis:service=RaftServer,group=group-2FBBAE065F92,id=21b7ca86-d644-4165-9703-cec4959a780d
2019-09-12 11:46:22,970 [RatisPipelineUtilsThread] INFO  pipeline.PipelineStateManager (PipelineStateManager.java:addPipeline(56)) - Created pipeline Pipeline[ Id: e8fa203b-f09b-448f-b16d-2fbbae065f92, Nodes: 21b7ca86-d644-4165-9703-cec4959a780d{ip: 192.168.36.114, host: pr-hdds-1569-58hkm-1881083799, networkLocation: /default-rack, certSerialId: null}, Type:RATIS, Factor:ONE, State:OPEN]
2019-09-12 11:46:22,971 [RatisPipelineUtilsThread] ERROR pipeline.PipelinePlacementPolicy (PipelinePlacementPolicy.java:meetCriteria(92)) - Pipeline Placement: Doesn't meet the criteria to be viable node. Heaviness: 6
2019-09-12 11:46:22,976 [grpc-default-executor-0] INFO  impl.RaftServerProxy (RaftServerProxy.java:addNew(89)) - 21b7ca86-d644-4165-9703-cec4959a780d: addNew group-649B63AE479B:[21b7ca86-d644-4165-9703-cec4959a780d:192.168.36.114:36582] returns group-649B63AE479B:java.util.concurrent.CompletableFuture@4efd99a4[Not completed]
2019-09-12 11:46:22,977 [pool-303-thread-1] INFO  impl.RaftServerImpl (RaftServerImpl.java:<init>(93)) - 21b7ca86-d644-4165-9703-cec4959a780d: new RaftServerImpl for group-649B63AE479B:[21b7ca86-d644-4165-9703-cec4959a780d:192.168.36.114:36582] with ContainerStateMachine:uninitialized
2019-09-12 11:46:22,977 [pool-303-thread-1] INFO  server.RaftServerConfigKeys (ConfUtils.java:logGet(43)) - raft.server.rpc.timeout.min = 5s (custom)
2019-09-12 11:46:22,977 [pool-303-thread-1] INFO  server.RaftServerConfigKeys (ConfUtils.java:logGet(43)) - raft.server.rpc.timeout.max = 5200ms (custom)
2019-09-12 11:46:22,978 [pool-303-thread-1] INFO  server.RaftServerConfigKeys (ConfUtils.java:logGet(43)) - raft.server.rpcslowness.timeout = 120s (custom)
2019-09-12 11:46:22,978 [pool-303-thread-1] INFO  server.RaftServerConfigKeys (ConfUtils.java:logGet(43)) - raft.server.sleep.deviation.threshold = 300 (default)
2019-09-12 11:46:22,978 [pool-303-thread-1] INFO  server.RaftServerConfigKeys (ConfUtils.java:logGet(43)) - raft.server.log.appender.install.snapshot.enabled = false (custom)
2019-09-12 11:46:22,978 [pool-303-thread-1] INFO  impl.RaftServerImpl (ServerState.java:<init>(105)) - 21b7ca86-d644-4165-9703-cec4959a780d:group-649B63AE479B ConfigurationManager, init=-1: [21b7ca86-d644-4165-9703-cec4959a780d:192.168.36.114:36582], old=null, confs=<EMPTY_MAP>
2019-09-12 11:46:22,978 [pool-303-thread-1] INFO  server.RaftServerConfigKeys (ConfUtils.java:logGet(43)) - raft.server.storage.dir = [/workdir/hadoop-ozone/ozonefs/target/test-dir/MiniOzoneClusterImpl-3eb4f7d7-b6cb-4385-801e-8717a1e56e16/datanode-1/data/ratis] (custom)
2019-09-12 11:46:22,979 [pool-303-thread-1] INFO  storage.RaftStorageDirectory (RaftStorageDirectory.java:analyzeStorage(246)) - The storage directory /workdir/hadoop-ozone/ozonefs/target/test-dir/MiniOzoneClusterImpl-3eb4f7d7-b6cb-4385-801e-8717a1e56e16/datanode-1/data/ratis/c1a92582-af71-4516-8b8e-649b63ae479b does not exist. Creating ...
2019-09-12 11:46:22,992 [pool-303-thread-1] INFO  storage.RaftStorageDirectory (RaftStorageDirectory.java:tryLock(328)) - Lock on /workdir/hadoop-ozone/ozonefs/target/test-dir/MiniOzoneClusterImpl-3eb4f7d7-b6cb-4385-801e-8717a1e56e16/datanode-1/data/ratis/c1a92582-af71-4516-8b8e-649b63ae479b/in_use.lock acquired by nodename 10706@pr-hdds-1569-58hkm-1881083799
2019-09-12 11:46:23,005 [pool-303-thread-1] INFO  storage.RaftStorage (RaftStorage.java:format(72)) - Storage directory /workdir/hadoop-ozone/ozonefs/target/test-dir/MiniOzoneClusterImpl-3eb4f7d7-b6cb-4385-801e-8717a1e56e16/datanode-1/data/ratis/c1a92582-af71-4516-8b8e-649b63ae479b has been successfully formatted.
2019-09-12 11:46:23,005 [pool-303-thread-1] INFO  ratis.ContainerStateMachine (ContainerStateMachine.java:loadSnapshot(226)) - group-649B63AE479B: The snapshot info is null. Setting the last applied indexto:(t:0, i:~)
2019-09-12 11:46:23,006 [pool-303-thread-1] INFO  server.RaftServerConfigKeys (ConfUtils.java:logGet(43)) - raft.server.leader.election.timeout = 120s (custom)
2019-09-12 11:46:23,006 [pool-303-thread-1] INFO  server.RaftServerConfigKeys (ConfUtils.java:logGet(43)) - raft.server.log.use.memory = false (default)
2019-09-12 11:46:23,006 [pool-303-thread-1] INFO  server.RaftServerConfigKeys (ConfUtils.java:logGet(43)) - raft.server.log.purge.gap = 1000000 (custom)
2019-09-12 11:46:23,006 [pool-303-thread-1] INFO  server.RaftServerConfigKeys (ConfUtils.java:logGet(43)) - raft.server.log.appender.buffer.byte-limit = 33554432 (custom)
2019-09-12 11:46:23,006 [pool-303-thread-1] INFO  server.RaftServerConfigKeys (ConfUtils.java:logGet(43)) - raft.server.log.segment.size.max = 1048576 (custom)
2019-09-12 11:46:23,006 [pool-303-thread-1] INFO  server.RaftServerConfigKeys (ConfUtils.java:logGet(43)) - raft.server.log.segment.cache.num.max = 2 (custom)
2019-09-12 11:46:23,006 [pool-303-thread-1] INFO  segmented.SegmentedRaftLogWorker (SegmentedRaftLogWorker.java:<init>(172)) - new 21b7ca86-d644-4165-9703-cec4959a780d-SegmentedRaftLogWorker:Storage Directory /workdir/hadoop-ozone/ozonefs/target/test-dir/MiniOzoneClusterImpl-3eb4f7d7-b6cb-4385-801e-8717a1e56e16/datanode-1/data/ratis/c1a92582-af71-4516-8b8e-649b63ae479b for RaftStorage:Storage Directory /workdir/hadoop-ozone/ozonefs/target/test-dir/MiniOzoneClusterImpl-3eb4f7d7-b6cb-4385-801e-8717a1e56e16/datanode-1/data/ratis/c1a92582-af71-4516-8b8e-649b63ae479b
2019-09-12 11:46:23,007 [pool-303-thread-1] INFO  server.RaftServerConfigKeys (ConfUtils.java:logGet(43)) - raft.server.log.queue.byte-limit = 2147483647 (custom)
2019-09-12 11:46:23,007 [pool-303-thread-1] INFO  server.RaftServerConfigKeys (ConfUtils.java:logGet(43)) - raft.server.log.queue.element-limit = 1024 (custom)
2019-09-12 11:46:23,007 [pool-303-thread-1] INFO  server.RaftServerConfigKeys (ConfUtils.java:logGet(43)) - raft.server.log.segment.size.max = 1048576 (custom)
2019-09-12 11:46:23,007 [pool-303-thread-1] INFO  server.RaftServerConfigKeys (ConfUtils.java:logGet(43)) - raft.server.log.preallocated.size = 16384 (custom)
2019-09-12 11:46:23,007 [pool-303-thread-1] INFO  server.RaftServerConfigKeys (ConfUtils.java:logGet(43)) - raft.server.log.write.buffer.size = 33554432 (custom)
2019-09-12 11:46:23,007 [pool-303-thread-1] INFO  server.RaftServerConfigKeys (ConfUtils.java:logGet(43)) - raft.server.log.force.sync.num = 128 (default)
2019-09-12 11:46:23,007 [pool-303-thread-1] INFO  server.RaftServerConfigKeys (ConfUtils.java:logGet(43)) - raft.server.log.statemachine.data.sync = true (default)
2019-09-12 11:46:23,008 [pool-303-thread-1] INFO  server.RaftServerConfigKeys (ConfUtils.java:logGet(43)) - raft.server.log.statemachine.data.sync.timeout = 10s (default)
2019-09-12 11:46:23,008 [pool-303-thread-1] INFO  server.RaftServerConfigKeys (ConfUtils.java:logGet(43)) - raft.server.log.statemachine.data.sync.timeout.retry = -1 (default)
2019-09-12 11:46:23,008 [pool-303-thread-1] INFO  server.RaftServerConfigKeys (ConfUtils.java:logGet(43)) - raft.server.log.statemachine.data.caching.enabled = true (custom)
2019-09-12 11:46:23,008 [pool-303-thread-1] INFO  segmented.SegmentedRaftLogWorker (SegmentedRaftLogWorker.java:lambda$new$0(132)) - 21b7ca86-d644-4165-9703-cec4959a780d-SegmentedRaftLogWorker:Storage Directory /workdir/hadoop-ozone/ozonefs/target/test-dir/MiniOzoneClusterImpl-3eb4f7d7-b6cb-4385-801e-8717a1e56e16/datanode-1/data/ratis/c1a92582-af71-4516-8b8e-649b63ae479b: flushIndex: setUnconditionally 0 -> -1
2019-09-12 11:46:23,009 [pool-303-thread-1] INFO  server.RaftServerConfigKeys (ConfUtils.java:logGet(43)) - raft.server.snapshot.auto.trigger.enabled = true (custom)
2019-09-12 11:46:23,009 [pool-303-thread-1] INFO  server.RaftServerConfigKeys (ConfUtils.java:logGet(43)) - raft.server.snapshot.auto.trigger.threshold = 10000 (custom)
2019-09-12 11:46:23,009 [pool-303-thread-1] INFO  server.RaftServerConfigKeys (ConfUtils.java:logGet(43)) - raft.server.retrycache.expirytime = 600000ms (custom)
2019-09-12 11:46:23,009 [pool-303-thread-1] INFO  impl.RaftServerImpl (RaftServerImpl.java:start(180)) - 21b7ca86-d644-4165-9703-cec4959a780d: start group-649B63AE479B
2019-09-12 11:46:23,009 [pool-303-thread-1] INFO  impl.RaftServerImpl (RaftServerImpl.java:setRole(171)) - 21b7ca86-d644-4165-9703-cec4959a780d:group-649B63AE479B changes role from null to FOLLOWER at term 0 for startAsFollower
2019-09-12 11:46:23,009 [pool-303-thread-1] INFO  impl.RoleInfo (RoleInfo.java:updateAndGet(143)) - 21b7ca86-d644-4165-9703-cec4959a780d: start FollowerState
2019-09-12 11:46:23,010 [pool-303-thread-1] INFO  util.JmxRegister (JmxRegister.java:tryRegister(44)) - Successfully registered JMX Bean with object name Ratis:service=RaftServer,group=group-649B63AE479B,id=21b7ca86-d644-4165-9703-cec4959a780d
2019-09-12 11:46:23,013 [RatisPipelineUtilsThread] INFO  pipeline.PipelineStateManager (PipelineStateManager.java:addPipeline(56)) - Created pipeline Pipeline[ Id: c1a92582-af71-4516-8b8e-649b63ae479b, Nodes: 21b7ca86-d644-4165-9703-cec4959a780d{ip: 192.168.36.114, host: pr-hdds-1569-58hkm-1881083799, networkLocation: /default-rack, certSerialId: null}, Type:RATIS, Factor:ONE, State:OPEN]
2019-09-12 11:46:23,013 [RatisPipelineUtilsThread] ERROR pipeline.PipelinePlacementPolicy (PipelinePlacementPolicy.java:meetCriteria(92)) - Pipeline Placement: Doesn't meet the criteria to be viable node. Heaviness: 6
2019-09-12 11:46:23,018 [grpc-default-executor-0] INFO  impl.RaftServerProxy (RaftServerProxy.java:addNew(89)) - 21b7ca86-d644-4165-9703-cec4959a780d: addNew group-83FD63A856E4:[21b7ca86-d644-4165-9703-cec4959a780d:192.168.36.114:36582] returns group-83FD63A856E4:java.util.concurrent.CompletableFuture@136b2b4[Not completed]
2019-09-12 11:46:23,019 [pool-303-thread-1] INFO  impl.RaftServerImpl (RaftServerImpl.java:<init>(93)) - 21b7ca86-d644-4165-9703-cec4959a780d: new RaftServerImpl for group-83FD63A856E4:[21b7ca86-d644-4165-9703-cec4959a780d:192.168.36.114:36582] with ContainerStateMachine:uninitialized
2019-09-12 11:46:23,019 [pool-303-thread-1] INFO  server.RaftServerConfigKeys (ConfUtils.java:logGet(43)) - raft.server.rpc.timeout.min = 5s (custom)
2019-09-12 11:46:23,019 [pool-303-thread-1] INFO  server.RaftServerConfigKeys (ConfUtils.java:logGet(43)) - raft.server.rpc.timeout.max = 5200ms (custom)
2019-09-12 11:46:23,020 [pool-303-thread-1] INFO  server.RaftServerConfigKeys (ConfUtils.java:logGet(43)) - raft.server.rpcslowness.timeout = 120s (custom)
2019-09-12 11:46:23,020 [pool-303-thread-1] INFO  server.RaftServerConfigKeys (ConfUtils.java:logGet(43)) - raft.server.sleep.deviation.threshold = 300 (default)
2019-09-12 11:46:23,020 [pool-303-thread-1] INFO  server.RaftServerConfigKeys (ConfUtils.java:logGet(43)) - raft.server.log.appender.install.snapshot.enabled = false (custom)
2019-09-12 11:46:23,020 [pool-303-thread-1] INFO  impl.RaftServerImpl (ServerState.java:<init>(105)) - 21b7ca86-d644-4165-9703-cec4959a780d:group-83FD63A856E4 ConfigurationManager, init=-1: [21b7ca86-d644-4165-9703-cec4959a780d:192.168.36.114:36582], old=null, confs=<EMPTY_MAP>
2019-09-12 11:46:23,020 [pool-303-thread-1] INFO  server.RaftServerConfigKeys (ConfUtils.java:logGet(43)) - raft.server.storage.dir = [/workdir/hadoop-ozone/ozonefs/target/test-dir/MiniOzoneClusterImpl-3eb4f7d7-b6cb-4385-801e-8717a1e56e16/datanode-1/data/ratis] (custom)
2019-09-12 11:46:23,021 [pool-303-thread-1] INFO  storage.RaftStorageDirectory (RaftStorageDirectory.java:analyzeStorage(246)) - The storage directory /workdir/hadoop-ozone/ozonefs/target/test-dir/MiniOzoneClusterImpl-3eb4f7d7-b6cb-4385-801e-8717a1e56e16/datanode-1/data/ratis/4e64cf30-ff8a-4c75-9646-83fd63a856e4 does not exist. Creating ...
2019-09-12 11:46:23,034 [pool-303-thread-1] INFO  storage.RaftStorageDirectory (RaftStorageDirectory.java:tryLock(328)) - Lock on /workdir/hadoop-ozone/ozonefs/target/test-dir/MiniOzoneClusterImpl-3eb4f7d7-b6cb-4385-801e-8717a1e56e16/datanode-1/data/ratis/4e64cf30-ff8a-4c75-9646-83fd63a856e4/in_use.lock acquired by nodename 10706@pr-hdds-1569-58hkm-1881083799
2019-09-12 11:46:23,048 [pool-303-thread-1] INFO  storage.RaftStorage (RaftStorage.java:format(72)) - Storage directory /workdir/hadoop-ozone/ozonefs/target/test-dir/MiniOzoneClusterImpl-3eb4f7d7-b6cb-4385-801e-8717a1e56e16/datanode-1/data/ratis/4e64cf30-ff8a-4c75-9646-83fd63a856e4 has been successfully formatted.
2019-09-12 11:46:23,048 [pool-303-thread-1] INFO  ratis.ContainerStateMachine (ContainerStateMachine.java:loadSnapshot(226)) - group-83FD63A856E4: The snapshot info is null. Setting the last applied indexto:(t:0, i:~)
2019-09-12 11:46:23,048 [pool-303-thread-1] INFO  server.RaftServerConfigKeys (ConfUtils.java:logGet(43)) - raft.server.leader.election.timeout = 120s (custom)
2019-09-12 11:46:23,048 [pool-303-thread-1] INFO  server.RaftServerConfigKeys (ConfUtils.java:logGet(43)) - raft.server.log.use.memory = false (default)
2019-09-12 11:46:23,049 [pool-303-thread-1] INFO  server.RaftServerConfigKeys (ConfUtils.java:logGet(43)) - raft.server.log.purge.gap = 1000000 (custom)
2019-09-12 11:46:23,049 [pool-303-thread-1] INFO  server.RaftServerConfigKeys (ConfUtils.java:logGet(43)) - raft.server.log.appender.buffer.byte-limit = 33554432 (custom)
2019-09-12 11:46:23,049 [pool-303-thread-1] INFO  server.RaftServerConfigKeys (ConfUtils.java:logGet(43)) - raft.server.log.segment.size.max = 1048576 (custom)
2019-09-12 11:46:23,049 [pool-303-thread-1] INFO  server.RaftServerConfigKeys (ConfUtils.java:logGet(43)) - raft.server.log.segment.cache.num.max = 2 (custom)
2019-09-12 11:46:23,049 [pool-303-thread-1] INFO  segmented.SegmentedRaftLogWorker (SegmentedRaftLogWorker.java:<init>(172)) - new 21b7ca86-d644-4165-9703-cec4959a780d-SegmentedRaftLogWorker:Storage Directory /workdir/hadoop-ozone/ozonefs/target/test-dir/MiniOzoneClusterImpl-3eb4f7d7-b6cb-4385-801e-8717a1e56e16/datanode-1/data/ratis/4e64cf30-ff8a-4c75-9646-83fd63a856e4 for RaftStorage:Storage Directory /workdir/hadoop-ozone/ozonefs/target/test-dir/MiniOzoneClusterImpl-3eb4f7d7-b6cb-4385-801e-8717a1e56e16/datanode-1/data/ratis/4e64cf30-ff8a-4c75-9646-83fd63a856e4
2019-09-12 11:46:23,050 [pool-303-thread-1] INFO  server.RaftServerConfigKeys (ConfUtils.java:logGet(43)) - raft.server.log.queue.byte-limit = 2147483647 (custom)
2019-09-12 11:46:23,050 [pool-303-thread-1] INFO  server.RaftServerConfigKeys (ConfUtils.java:logGet(43)) - raft.server.log.queue.element-limit = 1024 (custom)
2019-09-12 11:46:23,050 [pool-303-thread-1] INFO  server.RaftServerConfigKeys (ConfUtils.java:logGet(43)) - raft.server.log.segment.size.max = 1048576 (custom)
2019-09-12 11:46:23,050 [pool-303-thread-1] INFO  server.RaftServerConfigKeys (ConfUtils.java:logGet(43)) - raft.server.log.preallocated.size = 16384 (custom)
2019-09-12 11:46:23,050 [pool-303-thread-1] INFO  server.RaftServerConfigKeys (ConfUtils.java:logGet(43)) - raft.server.log.write.buffer.size = 33554432 (custom)
2019-09-12 11:46:23,050 [pool-303-thread-1] INFO  server.RaftServerConfigKeys (ConfUtils.java:logGet(43)) - raft.server.log.force.sync.num = 128 (default)
2019-09-12 11:46:23,051 [pool-303-thread-1] INFO  server.RaftServerConfigKeys (ConfUtils.java:logGet(43)) - raft.server.log.statemachine.data.sync = true (default)
2019-09-12 11:46:23,051 [pool-303-thread-1] INFO  server.RaftServerConfigKeys (ConfUtils.java:logGet(43)) - raft.server.log.statemachine.data.sync.timeout = 10s (default)
2019-09-12 11:46:23,051 [pool-303-thread-1] INFO  server.RaftServerConfigKeys (ConfUtils.java:logGet(43)) - raft.server.log.statemachine.data.sync.timeout.retry = -1 (default)
2019-09-12 11:46:23,051 [pool-303-thread-1] INFO  server.RaftServerConfigKeys (ConfUtils.java:logGet(43)) - raft.server.log.statemachine.data.caching.enabled = true (custom)
2019-09-12 11:46:23,052 [pool-303-thread-1] INFO  segmented.SegmentedRaftLogWorker (SegmentedRaftLogWorker.java:lambda$new$0(132)) - 21b7ca86-d644-4165-9703-cec4959a780d-SegmentedRaftLogWorker:Storage Directory /workdir/hadoop-ozone/ozonefs/target/test-dir/MiniOzoneClusterImpl-3eb4f7d7-b6cb-4385-801e-8717a1e56e16/datanode-1/data/ratis/4e64cf30-ff8a-4c75-9646-83fd63a856e4: flushIndex: setUnconditionally 0 -> -1
2019-09-12 11:46:23,052 [pool-303-thread-1] INFO  server.RaftServerConfigKeys (ConfUtils.java:logGet(43)) - raft.server.snapshot.auto.trigger.enabled = true (custom)
2019-09-12 11:46:23,052 [pool-303-thread-1] INFO  server.RaftServerConfigKeys (ConfUtils.java:logGet(43)) - raft.server.snapshot.auto.trigger.threshold = 10000 (custom)
2019-09-12 11:46:23,052 [pool-303-thread-1] INFO  server.RaftServerConfigKeys (ConfUtils.java:logGet(43)) - raft.server.retrycache.expirytime = 600000ms (custom)
2019-09-12 11:46:23,053 [pool-303-thread-1] INFO  impl.RaftServerImpl (RaftServerImpl.java:start(180)) - 21b7ca86-d644-4165-9703-cec4959a780d: start group-83FD63A856E4
2019-09-12 11:46:23,053 [pool-303-thread-1] INFO  impl.RaftServerImpl (RaftServerImpl.java:setRole(171)) - 21b7ca86-d644-4165-9703-cec4959a780d:group-83FD63A856E4 changes role from null to FOLLOWER at term 0 for startAsFollower
2019-09-12 11:46:23,053 [pool-303-thread-1] INFO  impl.RoleInfo (RoleInfo.java:updateAndGet(143)) - 21b7ca86-d644-4165-9703-cec4959a780d: start FollowerState
2019-09-12 11:46:23,053 [pool-303-thread-1] INFO  util.JmxRegister (JmxRegister.java:tryRegister(44)) - Successfully registered JMX Bean with object name Ratis:service=RaftServer,group=group-83FD63A856E4,id=21b7ca86-d644-4165-9703-cec4959a780d
2019-09-12 11:46:23,056 [main] INFO  ozone.MiniOzoneClusterImpl (MiniOzoneClusterImpl.java:lambda$waitForClusterToBeReady$0(142)) - Waiting for cluster to be ready. Got 2 of 3 DN Heartbeats.
2019-09-12 11:46:23,056 [RatisPipelineUtilsThread] INFO  pipeline.PipelineStateManager (PipelineStateManager.java:addPipeline(56)) - Created pipeline Pipeline[ Id: 4e64cf30-ff8a-4c75-9646-83fd63a856e4, Nodes: 21b7ca86-d644-4165-9703-cec4959a780d{ip: 192.168.36.114, host: pr-hdds-1569-58hkm-1881083799, networkLocation: /default-rack, certSerialId: null}, Type:RATIS, Factor:ONE, State:OPEN]
2019-09-12 11:46:23,057 [RatisPipelineUtilsThread] ERROR pipeline.PipelinePlacementPolicy (PipelinePlacementPolicy.java:meetCriteria(92)) - Pipeline Placement: Doesn't meet the criteria to be viable node. Heaviness: 6
2019-09-12 11:46:23,057 [IPC Server handler 0 on 43391] INFO  net.NetworkTopology (NetworkTopologyImpl.java:add(110)) - Added a new node: /default-rack/325ee62c-45ec-4ba0-83a5-5e89328cdd9c
2019-09-12 11:46:23,057 [IPC Server handler 0 on 43391] INFO  node.SCMNodeManager (SCMNodeManager.java:register(273)) - Registered Data node : 325ee62c-45ec-4ba0-83a5-5e89328cdd9c{ip: 192.168.36.114, host: pr-hdds-1569-58hkm-1881083799, networkLocation: /default-rack, certSerialId: null}
2019-09-12 11:46:23,058 | INFO  | SCMAudit | user=jenkins1000 | ip=192.168.36.114 | op=REGISTER {datanodeDetails=325ee62c-45ec-4ba0-83a5-5e89328cdd9c{ip: 192.168.36.114, host: pr-hdds-1569-58hkm-1881083799, networkLocation: /default-rack, certSerialId: null}} | ret=SUCCESS |  
2019-09-12 11:46:23,063 [grpc-default-executor-0] INFO  impl.RaftServerProxy (RaftServerProxy.java:addNew(89)) - 21b7ca86-d644-4165-9703-cec4959a780d: addNew group-C6BDA270C7D6:[21b7ca86-d644-4165-9703-cec4959a780d:192.168.36.114:36582] returns group-C6BDA270C7D6:java.util.concurrent.CompletableFuture@4a12c799[Not completed]
2019-09-12 11:46:23,064 [pool-303-thread-1] INFO  impl.RaftServerImpl (RaftServerImpl.java:<init>(93)) - 21b7ca86-d644-4165-9703-cec4959a780d: new RaftServerImpl for group-C6BDA270C7D6:[21b7ca86-d644-4165-9703-cec4959a780d:192.168.36.114:36582] with ContainerStateMachine:uninitialized
2019-09-12 11:46:23,064 [pool-303-thread-1] INFO  server.RaftServerConfigKeys (ConfUtils.java:logGet(43)) - raft.server.rpc.timeout.min = 5s (custom)
2019-09-12 11:46:23,064 [pool-303-thread-1] INFO  server.RaftServerConfigKeys (ConfUtils.java:logGet(43)) - raft.server.rpc.timeout.max = 5200ms (custom)
2019-09-12 11:46:23,065 [pool-303-thread-1] INFO  server.RaftServerConfigKeys (ConfUtils.java:logGet(43)) - raft.server.rpcslowness.timeout = 120s (custom)
2019-09-12 11:46:23,065 [pool-303-thread-1] INFO  server.RaftServerConfigKeys (ConfUtils.java:logGet(43)) - raft.server.sleep.deviation.threshold = 300 (default)
2019-09-12 11:46:23,065 [pool-303-thread-1] INFO  server.RaftServerConfigKeys (ConfUtils.java:logGet(43)) - raft.server.log.appender.install.snapshot.enabled = false (custom)
2019-09-12 11:46:23,065 [pool-303-thread-1] INFO  impl.RaftServerImpl (ServerState.java:<init>(105)) - 21b7ca86-d644-4165-9703-cec4959a780d:group-C6BDA270C7D6 ConfigurationManager, init=-1: [21b7ca86-d644-4165-9703-cec4959a780d:192.168.36.114:36582], old=null, confs=<EMPTY_MAP>
2019-09-12 11:46:23,065 [pool-303-thread-1] INFO  server.RaftServerConfigKeys (ConfUtils.java:logGet(43)) - raft.server.storage.dir = [/workdir/hadoop-ozone/ozonefs/target/test-dir/MiniOzoneClusterImpl-3eb4f7d7-b6cb-4385-801e-8717a1e56e16/datanode-1/data/ratis] (custom)
2019-09-12 11:46:23,066 [pool-303-thread-1] INFO  storage.RaftStorageDirectory (RaftStorageDirectory.java:analyzeStorage(246)) - The storage directory /workdir/hadoop-ozone/ozonefs/target/test-dir/MiniOzoneClusterImpl-3eb4f7d7-b6cb-4385-801e-8717a1e56e16/datanode-1/data/ratis/52858f91-377c-4b54-927b-c6bda270c7d6 does not exist. Creating ...
2019-09-12 11:46:23,079 [pool-303-thread-1] INFO  storage.RaftStorageDirectory (RaftStorageDirectory.java:tryLock(328)) - Lock on /workdir/hadoop-ozone/ozonefs/target/test-dir/MiniOzoneClusterImpl-3eb4f7d7-b6cb-4385-801e-8717a1e56e16/datanode-1/data/ratis/52858f91-377c-4b54-927b-c6bda270c7d6/in_use.lock acquired by nodename 10706@pr-hdds-1569-58hkm-1881083799
2019-09-12 11:46:23,091 [pool-303-thread-1] INFO  storage.RaftStorage (RaftStorage.java:format(72)) - Storage directory /workdir/hadoop-ozone/ozonefs/target/test-dir/MiniOzoneClusterImpl-3eb4f7d7-b6cb-4385-801e-8717a1e56e16/datanode-1/data/ratis/52858f91-377c-4b54-927b-c6bda270c7d6 has been successfully formatted.
2019-09-12 11:46:23,092 [pool-303-thread-1] INFO  ratis.ContainerStateMachine (ContainerStateMachine.java:loadSnapshot(226)) - group-C6BDA270C7D6: The snapshot info is null. Setting the last applied indexto:(t:0, i:~)
2019-09-12 11:46:23,092 [pool-303-thread-1] INFO  server.RaftServerConfigKeys (ConfUtils.java:logGet(43)) - raft.server.leader.election.timeout = 120s (custom)
2019-09-12 11:46:23,092 [pool-303-thread-1] INFO  server.RaftServerConfigKeys (ConfUtils.java:logGet(43)) - raft.server.log.use.memory = false (default)
2019-09-12 11:46:23,092 [pool-303-thread-1] INFO  server.RaftServerConfigKeys (ConfUtils.java:logGet(43)) - raft.server.log.purge.gap = 1000000 (custom)
2019-09-12 11:46:23,092 [pool-303-thread-1] INFO  server.RaftServerConfigKeys (ConfUtils.java:logGet(43)) - raft.server.log.appender.buffer.byte-limit = 33554432 (custom)
2019-09-12 11:46:23,092 [pool-303-thread-1] INFO  server.RaftServerConfigKeys (ConfUtils.java:logGet(43)) - raft.server.log.segment.size.max = 1048576 (custom)
2019-09-12 11:46:23,093 [pool-303-thread-1] INFO  server.RaftServerConfigKeys (ConfUtils.java:logGet(43)) - raft.server.log.segment.cache.num.max = 2 (custom)
2019-09-12 11:46:23,093 [pool-303-thread-1] INFO  segmented.SegmentedRaftLogWorker (SegmentedRaftLogWorker.java:<init>(172)) - new 21b7ca86-d644-4165-9703-cec4959a780d-SegmentedRaftLogWorker:Storage Directory /workdir/hadoop-ozone/ozonefs/target/test-dir/MiniOzoneClusterImpl-3eb4f7d7-b6cb-4385-801e-8717a1e56e16/datanode-1/data/ratis/52858f91-377c-4b54-927b-c6bda270c7d6 for RaftStorage:Storage Directory /workdir/hadoop-ozone/ozonefs/target/test-dir/MiniOzoneClusterImpl-3eb4f7d7-b6cb-4385-801e-8717a1e56e16/datanode-1/data/ratis/52858f91-377c-4b54-927b-c6bda270c7d6
2019-09-12 11:46:23,093 [pool-303-thread-1] INFO  server.RaftServerConfigKeys (ConfUtils.java:logGet(43)) - raft.server.log.queue.byte-limit = 2147483647 (custom)
2019-09-12 11:46:23,093 [pool-303-thread-1] INFO  server.RaftServerConfigKeys (ConfUtils.java:logGet(43)) - raft.server.log.queue.element-limit = 1024 (custom)
2019-09-12 11:46:23,093 [pool-303-thread-1] INFO  server.RaftServerConfigKeys (ConfUtils.java:logGet(43)) - raft.server.log.segment.size.max = 1048576 (custom)
2019-09-12 11:46:23,093 [pool-303-thread-1] INFO  server.RaftServerConfigKeys (ConfUtils.java:logGet(43)) - raft.server.log.preallocated.size = 16384 (custom)
2019-09-12 11:46:23,093 [pool-303-thread-1] INFO  server.RaftServerConfigKeys (ConfUtils.java:logGet(43)) - raft.server.log.write.buffer.size = 33554432 (custom)
2019-09-12 11:46:23,094 [pool-303-thread-1] INFO  server.RaftServerConfigKeys (ConfUtils.java:logGet(43)) - raft.server.log.force.sync.num = 128 (default)
2019-09-12 11:46:23,094 [pool-303-thread-1] INFO  server.RaftServerConfigKeys (ConfUtils.java:logGet(43)) - raft.server.log.statemachine.data.sync = true (default)
2019-09-12 11:46:23,094 [pool-303-thread-1] INFO  server.RaftServerConfigKeys (ConfUtils.java:logGet(43)) - raft.server.log.statemachine.data.sync.timeout = 10s (default)
2019-09-12 11:46:23,094 [pool-303-thread-1] INFO  server.RaftServerConfigKeys (ConfUtils.java:logGet(43)) - raft.server.log.statemachine.data.sync.timeout.retry = -1 (default)
2019-09-12 11:46:23,094 [pool-303-thread-1] INFO  server.RaftServerConfigKeys (ConfUtils.java:logGet(43)) - raft.server.log.statemachine.data.caching.enabled = true (custom)
2019-09-12 11:46:23,095 [pool-303-thread-1] INFO  segmented.SegmentedRaftLogWorker (SegmentedRaftLogWorker.java:lambda$new$0(132)) - 21b7ca86-d644-4165-9703-cec4959a780d-SegmentedRaftLogWorker:Storage Directory /workdir/hadoop-ozone/ozonefs/target/test-dir/MiniOzoneClusterImpl-3eb4f7d7-b6cb-4385-801e-8717a1e56e16/datanode-1/data/ratis/52858f91-377c-4b54-927b-c6bda270c7d6: flushIndex: setUnconditionally 0 -> -1
2019-09-12 11:46:23,095 [pool-303-thread-1] INFO  server.RaftServerConfigKeys (ConfUtils.java:logGet(43)) - raft.server.snapshot.auto.trigger.enabled = true (custom)
2019-09-12 11:46:23,095 [pool-303-thread-1] INFO  server.RaftServerConfigKeys (ConfUtils.java:logGet(43)) - raft.server.snapshot.auto.trigger.threshold = 10000 (custom)
2019-09-12 11:46:23,095 [pool-303-thread-1] INFO  server.RaftServerConfigKeys (ConfUtils.java:logGet(43)) - raft.server.retrycache.expirytime = 600000ms (custom)
2019-09-12 11:46:23,095 [pool-303-thread-1] INFO  impl.RaftServerImpl (RaftServerImpl.java:start(180)) - 21b7ca86-d644-4165-9703-cec4959a780d: start group-C6BDA270C7D6
2019-09-12 11:46:23,096 [pool-303-thread-1] INFO  impl.RaftServerImpl (RaftServerImpl.java:setRole(171)) - 21b7ca86-d644-4165-9703-cec4959a780d:group-C6BDA270C7D6 changes role from null to FOLLOWER at term 0 for startAsFollower
2019-09-12 11:46:23,096 [pool-303-thread-1] INFO  impl.RoleInfo (RoleInfo.java:updateAndGet(143)) - 21b7ca86-d644-4165-9703-cec4959a780d: start FollowerState
2019-09-12 11:46:23,096 [pool-303-thread-1] INFO  util.JmxRegister (JmxRegister.java:tryRegister(44)) - Successfully registered JMX Bean with object name Ratis:service=RaftServer,group=group-C6BDA270C7D6,id=21b7ca86-d644-4165-9703-cec4959a780d
2019-09-12 11:46:23,099 [RatisPipelineUtilsThread] INFO  pipeline.PipelineStateManager (PipelineStateManager.java:addPipeline(56)) - Created pipeline Pipeline[ Id: 52858f91-377c-4b54-927b-c6bda270c7d6, Nodes: 21b7ca86-d644-4165-9703-cec4959a780d{ip: 192.168.36.114, host: pr-hdds-1569-58hkm-1881083799, networkLocation: /default-rack, certSerialId: null}, Type:RATIS, Factor:ONE, State:OPEN]
2019-09-12 11:46:23,099 [RatisPipelineUtilsThread] ERROR pipeline.PipelinePlacementPolicy (PipelinePlacementPolicy.java:meetCriteria(92)) - Pipeline Placement: Doesn't meet the criteria to be viable node. Heaviness: 6
2019-09-12 11:46:23,100 [RatisPipelineUtilsThread] ERROR pipeline.PipelinePlacementPolicy (PipelinePlacementPolicy.java:meetCriteria(92)) - Pipeline Placement: Doesn't meet the criteria to be viable node. Heaviness: 6
2019-09-12 11:46:23,108 [grpc-default-executor-0] INFO  impl.RaftServerProxy (RaftServerProxy.java:addNew(89)) - 325ee62c-45ec-4ba0-83a5-5e89328cdd9c: addNew group-D794E57A66AF:[325ee62c-45ec-4ba0-83a5-5e89328cdd9c:192.168.36.114:43378] returns group-D794E57A66AF:java.util.concurrent.CompletableFuture@5afa4e92[Not completed]
2019-09-12 11:46:23,109 [pool-314-thread-1] INFO  impl.RaftServerImpl (RaftServerImpl.java:<init>(93)) - 325ee62c-45ec-4ba0-83a5-5e89328cdd9c: new RaftServerImpl for group-D794E57A66AF:[325ee62c-45ec-4ba0-83a5-5e89328cdd9c:192.168.36.114:43378] with ContainerStateMachine:uninitialized
2019-09-12 11:46:23,110 [pool-314-thread-1] INFO  server.RaftServerConfigKeys (ConfUtils.java:logGet(43)) - raft.server.rpc.timeout.min = 5s (custom)
2019-09-12 11:46:23,110 [pool-314-thread-1] INFO  server.RaftServerConfigKeys (ConfUtils.java:logGet(43)) - raft.server.rpc.timeout.max = 5200ms (custom)
2019-09-12 11:46:23,110 [pool-314-thread-1] INFO  server.RaftServerConfigKeys (ConfUtils.java:logGet(43)) - raft.server.rpcslowness.timeout = 120s (custom)
2019-09-12 11:46:23,110 [pool-314-thread-1] INFO  server.RaftServerConfigKeys (ConfUtils.java:logGet(43)) - raft.server.sleep.deviation.threshold = 300 (default)
2019-09-12 11:46:23,110 [pool-314-thread-1] INFO  server.RaftServerConfigKeys (ConfUtils.java:logGet(43)) - raft.server.log.appender.install.snapshot.enabled = false (custom)
2019-09-12 11:46:23,110 [pool-314-thread-1] INFO  impl.RaftServerImpl (ServerState.java:<init>(105)) - 325ee62c-45ec-4ba0-83a5-5e89328cdd9c:group-D794E57A66AF ConfigurationManager, init=-1: [325ee62c-45ec-4ba0-83a5-5e89328cdd9c:192.168.36.114:43378], old=null, confs=<EMPTY_MAP>
2019-09-12 11:46:23,110 [pool-314-thread-1] INFO  server.RaftServerConfigKeys (ConfUtils.java:logGet(43)) - raft.server.storage.dir = [/workdir/hadoop-ozone/ozonefs/target/test-dir/MiniOzoneClusterImpl-3eb4f7d7-b6cb-4385-801e-8717a1e56e16/datanode-2/data/ratis] (custom)
2019-09-12 11:46:23,111 [pool-314-thread-1] INFO  storage.RaftStorageDirectory (RaftStorageDirectory.java:analyzeStorage(246)) - The storage directory /workdir/hadoop-ozone/ozonefs/target/test-dir/MiniOzoneClusterImpl-3eb4f7d7-b6cb-4385-801e-8717a1e56e16/datanode-2/data/ratis/9cf248d6-effd-425a-a34b-d794e57a66af does not exist. Creating ...
2019-09-12 11:46:23,132 [pool-314-thread-1] INFO  storage.RaftStorageDirectory (RaftStorageDirectory.java:tryLock(328)) - Lock on /workdir/hadoop-ozone/ozonefs/target/test-dir/MiniOzoneClusterImpl-3eb4f7d7-b6cb-4385-801e-8717a1e56e16/datanode-2/data/ratis/9cf248d6-effd-425a-a34b-d794e57a66af/in_use.lock acquired by nodename 10706@pr-hdds-1569-58hkm-1881083799
2019-09-12 11:46:23,156 [pool-314-thread-1] INFO  storage.RaftStorage (RaftStorage.java:format(72)) - Storage directory /workdir/hadoop-ozone/ozonefs/target/test-dir/MiniOzoneClusterImpl-3eb4f7d7-b6cb-4385-801e-8717a1e56e16/datanode-2/data/ratis/9cf248d6-effd-425a-a34b-d794e57a66af has been successfully formatted.
2019-09-12 11:46:23,157 [pool-314-thread-1] INFO  ratis.ContainerStateMachine (ContainerStateMachine.java:loadSnapshot(226)) - group-D794E57A66AF: The snapshot info is null. Setting the last applied indexto:(t:0, i:~)
2019-09-12 11:46:23,157 [pool-314-thread-1] INFO  server.RaftServerConfigKeys (ConfUtils.java:logGet(43)) - raft.server.leader.election.timeout = 120s (custom)
2019-09-12 11:46:23,157 [pool-314-thread-1] INFO  server.RaftServerConfigKeys (ConfUtils.java:logGet(43)) - raft.server.log.use.memory = false (default)
2019-09-12 11:46:23,157 [pool-314-thread-1] INFO  server.RaftServerConfigKeys (ConfUtils.java:logGet(43)) - raft.server.log.purge.gap = 1000000 (custom)
2019-09-12 11:46:23,157 [pool-314-thread-1] INFO  server.RaftServerConfigKeys (ConfUtils.java:logGet(43)) - raft.server.log.appender.buffer.byte-limit = 33554432 (custom)
2019-09-12 11:46:23,157 [pool-314-thread-1] INFO  server.RaftServerConfigKeys (ConfUtils.java:logGet(43)) - raft.server.log.segment.size.max = 1048576 (custom)
2019-09-12 11:46:23,157 [pool-314-thread-1] INFO  server.RaftServerConfigKeys (ConfUtils.java:logGet(43)) - raft.server.log.segment.cache.num.max = 2 (custom)
2019-09-12 11:46:23,158 [pool-314-thread-1] INFO  segmented.SegmentedRaftLogWorker (SegmentedRaftLogWorker.java:<init>(172)) - new 325ee62c-45ec-4ba0-83a5-5e89328cdd9c-SegmentedRaftLogWorker:Storage Directory /workdir/hadoop-ozone/ozonefs/target/test-dir/MiniOzoneClusterImpl-3eb4f7d7-b6cb-4385-801e-8717a1e56e16/datanode-2/data/ratis/9cf248d6-effd-425a-a34b-d794e57a66af for RaftStorage:Storage Directory /workdir/hadoop-ozone/ozonefs/target/test-dir/MiniOzoneClusterImpl-3eb4f7d7-b6cb-4385-801e-8717a1e56e16/datanode-2/data/ratis/9cf248d6-effd-425a-a34b-d794e57a66af
2019-09-12 11:46:23,158 [pool-314-thread-1] INFO  server.RaftServerConfigKeys (ConfUtils.java:logGet(43)) - raft.server.log.queue.byte-limit = 2147483647 (custom)
2019-09-12 11:46:23,158 [pool-314-thread-1] INFO  server.RaftServerConfigKeys (ConfUtils.java:logGet(43)) - raft.server.log.queue.element-limit = 1024 (custom)
2019-09-12 11:46:23,158 [pool-314-thread-1] INFO  server.RaftServerConfigKeys (ConfUtils.java:logGet(43)) - raft.server.log.segment.size.max = 1048576 (custom)
2019-09-12 11:46:23,158 [pool-314-thread-1] INFO  server.RaftServerConfigKeys (ConfUtils.java:logGet(43)) - raft.server.log.preallocated.size = 16384 (custom)
2019-09-12 11:46:23,158 [pool-314-thread-1] INFO  server.RaftServerConfigKeys (ConfUtils.java:logGet(43)) - raft.server.log.write.buffer.size = 33554432 (custom)
2019-09-12 11:46:23,159 [pool-314-thread-1] INFO  server.RaftServerConfigKeys (ConfUtils.java:logGet(43)) - raft.server.log.force.sync.num = 128 (default)
2019-09-12 11:46:23,159 [pool-314-thread-1] INFO  server.RaftServerConfigKeys (ConfUtils.java:logGet(43)) - raft.server.log.statemachine.data.sync = true (default)
2019-09-12 11:46:23,159 [pool-314-thread-1] INFO  server.RaftServerConfigKeys (ConfUtils.java:logGet(43)) - raft.server.log.statemachine.data.sync.timeout = 10s (default)
2019-09-12 11:46:23,159 [pool-314-thread-1] INFO  server.RaftServerConfigKeys (ConfUtils.java:logGet(43)) - raft.server.log.statemachine.data.sync.timeout.retry = -1 (default)
2019-09-12 11:46:23,159 [pool-314-thread-1] INFO  server.RaftServerConfigKeys (ConfUtils.java:logGet(43)) - raft.server.log.statemachine.data.caching.enabled = true (custom)
2019-09-12 11:46:23,159 [pool-314-thread-1] INFO  segmented.SegmentedRaftLogWorker (SegmentedRaftLogWorker.java:lambda$new$0(132)) - 325ee62c-45ec-4ba0-83a5-5e89328cdd9c-SegmentedRaftLogWorker:Storage Directory /workdir/hadoop-ozone/ozonefs/target/test-dir/MiniOzoneClusterImpl-3eb4f7d7-b6cb-4385-801e-8717a1e56e16/datanode-2/data/ratis/9cf248d6-effd-425a-a34b-d794e57a66af: flushIndex: setUnconditionally 0 -> -1
2019-09-12 11:46:23,160 [pool-314-thread-1] INFO  server.RaftServerConfigKeys (ConfUtils.java:logGet(43)) - raft.server.snapshot.auto.trigger.enabled = true (custom)
2019-09-12 11:46:23,160 [pool-314-thread-1] INFO  server.RaftServerConfigKeys (ConfUtils.java:logGet(43)) - raft.server.snapshot.auto.trigger.threshold = 10000 (custom)
2019-09-12 11:46:23,160 [pool-314-thread-1] INFO  server.RaftServerConfigKeys (ConfUtils.java:logGet(43)) - raft.server.retrycache.expirytime = 600000ms (custom)
2019-09-12 11:46:23,160 [pool-314-thread-1] INFO  impl.RaftServerImpl (RaftServerImpl.java:start(180)) - 325ee62c-45ec-4ba0-83a5-5e89328cdd9c: start group-D794E57A66AF
2019-09-12 11:46:23,160 [pool-314-thread-1] INFO  impl.RaftServerImpl (RaftServerImpl.java:setRole(171)) - 325ee62c-45ec-4ba0-83a5-5e89328cdd9c:group-D794E57A66AF changes role from null to FOLLOWER at term 0 for startAsFollower
2019-09-12 11:46:23,160 [pool-314-thread-1] INFO  impl.RoleInfo (RoleInfo.java:updateAndGet(143)) - 325ee62c-45ec-4ba0-83a5-5e89328cdd9c: start FollowerState
2019-09-12 11:46:23,161 [pool-314-thread-1] INFO  util.JmxRegister (JmxRegister.java:tryRegister(44)) - Successfully registered JMX Bean with object name Ratis:service=RaftServer,group=group-D794E57A66AF,id=325ee62c-45ec-4ba0-83a5-5e89328cdd9c
2019-09-12 11:46:23,164 [RatisPipelineUtilsThread] INFO  pipeline.PipelineStateManager (PipelineStateManager.java:addPipeline(56)) - Created pipeline Pipeline[ Id: 9cf248d6-effd-425a-a34b-d794e57a66af, Nodes: 325ee62c-45ec-4ba0-83a5-5e89328cdd9c{ip: 192.168.36.114, host: pr-hdds-1569-58hkm-1881083799, networkLocation: /default-rack, certSerialId: null}, Type:RATIS, Factor:ONE, State:OPEN]
2019-09-12 11:46:23,164 [RatisPipelineUtilsThread] ERROR pipeline.PipelinePlacementPolicy (PipelinePlacementPolicy.java:meetCriteria(92)) - Pipeline Placement: Doesn't meet the criteria to be viable node. Heaviness: 6
2019-09-12 11:46:23,164 [RatisPipelineUtilsThread] ERROR pipeline.PipelinePlacementPolicy (PipelinePlacementPolicy.java:meetCriteria(92)) - Pipeline Placement: Doesn't meet the criteria to be viable node. Heaviness: 6
2019-09-12 11:46:23,169 [grpc-default-executor-0] INFO  impl.RaftServerProxy (RaftServerProxy.java:addNew(89)) - 325ee62c-45ec-4ba0-83a5-5e89328cdd9c: addNew group-97F7DD15CA31:[325ee62c-45ec-4ba0-83a5-5e89328cdd9c:192.168.36.114:43378] returns group-97F7DD15CA31:java.util.concurrent.CompletableFuture@5e7943d5[Not completed]
2019-09-12 11:46:23,171 [pool-314-thread-1] INFO  impl.RaftServerImpl (RaftServerImpl.java:<init>(93)) - 325ee62c-45ec-4ba0-83a5-5e89328cdd9c: new RaftServerImpl for group-97F7DD15CA31:[325ee62c-45ec-4ba0-83a5-5e89328cdd9c:192.168.36.114:43378] with ContainerStateMachine:uninitialized
2019-09-12 11:46:23,171 [pool-314-thread-1] INFO  server.RaftServerConfigKeys (ConfUtils.java:logGet(43)) - raft.server.rpc.timeout.min = 5s (custom)
2019-09-12 11:46:23,171 [pool-314-thread-1] INFO  server.RaftServerConfigKeys (ConfUtils.java:logGet(43)) - raft.server.rpc.timeout.max = 5200ms (custom)
2019-09-12 11:46:23,171 [pool-314-thread-1] INFO  server.RaftServerConfigKeys (ConfUtils.java:logGet(43)) - raft.server.rpcslowness.timeout = 120s (custom)
2019-09-12 11:46:23,171 [pool-314-thread-1] INFO  server.RaftServerConfigKeys (ConfUtils.java:logGet(43)) - raft.server.sleep.deviation.threshold = 300 (default)
2019-09-12 11:46:23,171 [pool-314-thread-1] INFO  server.RaftServerConfigKeys (ConfUtils.java:logGet(43)) - raft.server.log.appender.install.snapshot.enabled = false (custom)
2019-09-12 11:46:23,171 [pool-314-thread-1] INFO  impl.RaftServerImpl (ServerState.java:<init>(105)) - 325ee62c-45ec-4ba0-83a5-5e89328cdd9c:group-97F7DD15CA31 ConfigurationManager, init=-1: [325ee62c-45ec-4ba0-83a5-5e89328cdd9c:192.168.36.114:43378], old=null, confs=<EMPTY_MAP>
2019-09-12 11:46:23,171 [pool-314-thread-1] INFO  server.RaftServerConfigKeys (ConfUtils.java:logGet(43)) - raft.server.storage.dir = [/workdir/hadoop-ozone/ozonefs/target/test-dir/MiniOzoneClusterImpl-3eb4f7d7-b6cb-4385-801e-8717a1e56e16/datanode-2/data/ratis] (custom)
2019-09-12 11:46:23,172 [pool-314-thread-1] INFO  storage.RaftStorageDirectory (RaftStorageDirectory.java:analyzeStorage(246)) - The storage directory /workdir/hadoop-ozone/ozonefs/target/test-dir/MiniOzoneClusterImpl-3eb4f7d7-b6cb-4385-801e-8717a1e56e16/datanode-2/data/ratis/730c2423-9ccf-4725-b7b2-97f7dd15ca31 does not exist. Creating ...
2019-09-12 11:46:23,186 [pool-314-thread-1] INFO  storage.RaftStorageDirectory (RaftStorageDirectory.java:tryLock(328)) - Lock on /workdir/hadoop-ozone/ozonefs/target/test-dir/MiniOzoneClusterImpl-3eb4f7d7-b6cb-4385-801e-8717a1e56e16/datanode-2/data/ratis/730c2423-9ccf-4725-b7b2-97f7dd15ca31/in_use.lock acquired by nodename 10706@pr-hdds-1569-58hkm-1881083799
2019-09-12 11:46:23,200 [pool-314-thread-1] INFO  storage.RaftStorage (RaftStorage.java:format(72)) - Storage directory /workdir/hadoop-ozone/ozonefs/target/test-dir/MiniOzoneClusterImpl-3eb4f7d7-b6cb-4385-801e-8717a1e56e16/datanode-2/data/ratis/730c2423-9ccf-4725-b7b2-97f7dd15ca31 has been successfully formatted.
2019-09-12 11:46:23,200 [pool-314-thread-1] INFO  ratis.ContainerStateMachine (ContainerStateMachine.java:loadSnapshot(226)) - group-97F7DD15CA31: The snapshot info is null. Setting the last applied indexto:(t:0, i:~)
2019-09-12 11:46:23,201 [pool-314-thread-1] INFO  server.RaftServerConfigKeys (ConfUtils.java:logGet(43)) - raft.server.leader.election.timeout = 120s (custom)
2019-09-12 11:46:23,201 [pool-314-thread-1] INFO  server.RaftServerConfigKeys (ConfUtils.java:logGet(43)) - raft.server.log.use.memory = false (default)
2019-09-12 11:46:23,201 [pool-314-thread-1] INFO  server.RaftServerConfigKeys (ConfUtils.java:logGet(43)) - raft.server.log.purge.gap = 1000000 (custom)
2019-09-12 11:46:23,201 [pool-314-thread-1] INFO  server.RaftServerConfigKeys (ConfUtils.java:logGet(43)) - raft.server.log.appender.buffer.byte-limit = 33554432 (custom)
2019-09-12 11:46:23,201 [pool-314-thread-1] INFO  server.RaftServerConfigKeys (ConfUtils.java:logGet(43)) - raft.server.log.segment.size.max = 1048576 (custom)
2019-09-12 11:46:23,202 [pool-314-thread-1] INFO  server.RaftServerConfigKeys (ConfUtils.java:logGet(43)) - raft.server.log.segment.cache.num.max = 2 (custom)
2019-09-12 11:46:23,202 [pool-314-thread-1] INFO  segmented.SegmentedRaftLogWorker (SegmentedRaftLogWorker.java:<init>(172)) - new 325ee62c-45ec-4ba0-83a5-5e89328cdd9c-SegmentedRaftLogWorker:Storage Directory /workdir/hadoop-ozone/ozonefs/target/test-dir/MiniOzoneClusterImpl-3eb4f7d7-b6cb-4385-801e-8717a1e56e16/datanode-2/data/ratis/730c2423-9ccf-4725-b7b2-97f7dd15ca31 for RaftStorage:Storage Directory /workdir/hadoop-ozone/ozonefs/target/test-dir/MiniOzoneClusterImpl-3eb4f7d7-b6cb-4385-801e-8717a1e56e16/datanode-2/data/ratis/730c2423-9ccf-4725-b7b2-97f7dd15ca31
2019-09-12 11:46:23,202 [pool-314-thread-1] INFO  server.RaftServerConfigKeys (ConfUtils.java:logGet(43)) - raft.server.log.queue.byte-limit = 2147483647 (custom)
2019-09-12 11:46:23,202 [pool-314-thread-1] INFO  server.RaftServerConfigKeys (ConfUtils.java:logGet(43)) - raft.server.log.queue.element-limit = 1024 (custom)
2019-09-12 11:46:23,202 [pool-314-thread-1] INFO  server.RaftServerConfigKeys (ConfUtils.java:logGet(43)) - raft.server.log.segment.size.max = 1048576 (custom)
2019-09-12 11:46:23,202 [pool-314-thread-1] INFO  server.RaftServerConfigKeys (ConfUtils.java:logGet(43)) - raft.server.log.preallocated.size = 16384 (custom)
2019-09-12 11:46:23,203 [pool-314-thread-1] INFO  server.RaftServerConfigKeys (ConfUtils.java:logGet(43)) - raft.server.log.write.buffer.size = 33554432 (custom)
2019-09-12 11:46:23,203 [pool-314-thread-1] INFO  server.RaftServerConfigKeys (ConfUtils.java:logGet(43)) - raft.server.log.force.sync.num = 128 (default)
2019-09-12 11:46:23,203 [pool-314-thread-1] INFO  server.RaftServerConfigKeys (ConfUtils.java:logGet(43)) - raft.server.log.statemachine.data.sync = true (default)
2019-09-12 11:46:23,203 [pool-314-thread-1] INFO  server.RaftServerConfigKeys (ConfUtils.java:logGet(43)) - raft.server.log.statemachine.data.sync.timeout = 10s (default)
2019-09-12 11:46:23,203 [pool-314-thread-1] INFO  server.RaftServerConfigKeys (ConfUtils.java:logGet(43)) - raft.server.log.statemachine.data.sync.timeout.retry = -1 (default)
2019-09-12 11:46:23,203 [pool-314-thread-1] INFO  server.RaftServerConfigKeys (ConfUtils.java:logGet(43)) - raft.server.log.statemachine.data.caching.enabled = true (custom)
2019-09-12 11:46:23,204 [pool-314-thread-1] INFO  segmented.SegmentedRaftLogWorker (SegmentedRaftLogWorker.java:lambda$new$0(132)) - 325ee62c-45ec-4ba0-83a5-5e89328cdd9c-SegmentedRaftLogWorker:Storage Directory /workdir/hadoop-ozone/ozonefs/target/test-dir/MiniOzoneClusterImpl-3eb4f7d7-b6cb-4385-801e-8717a1e56e16/datanode-2/data/ratis/730c2423-9ccf-4725-b7b2-97f7dd15ca31: flushIndex: setUnconditionally 0 -> -1
2019-09-12 11:46:23,204 [pool-314-thread-1] INFO  server.RaftServerConfigKeys (ConfUtils.java:logGet(43)) - raft.server.snapshot.auto.trigger.enabled = true (custom)
2019-09-12 11:46:23,204 [pool-314-thread-1] INFO  server.RaftServerConfigKeys (ConfUtils.java:logGet(43)) - raft.server.snapshot.auto.trigger.threshold = 10000 (custom)
2019-09-12 11:46:23,204 [pool-314-thread-1] INFO  server.RaftServerConfigKeys (ConfUtils.java:logGet(43)) - raft.server.retrycache.expirytime = 600000ms (custom)
2019-09-12 11:46:23,205 [pool-314-thread-1] INFO  impl.RaftServerImpl (RaftServerImpl.java:start(180)) - 325ee62c-45ec-4ba0-83a5-5e89328cdd9c: start group-97F7DD15CA31
2019-09-12 11:46:23,205 [pool-314-thread-1] INFO  impl.RaftServerImpl (RaftServerImpl.java:setRole(171)) - 325ee62c-45ec-4ba0-83a5-5e89328cdd9c:group-97F7DD15CA31 changes role from null to FOLLOWER at term 0 for startAsFollower
2019-09-12 11:46:23,205 [pool-314-thread-1] INFO  impl.RoleInfo (RoleInfo.java:updateAndGet(143)) - 325ee62c-45ec-4ba0-83a5-5e89328cdd9c: start FollowerState
2019-09-12 11:46:23,206 [pool-314-thread-1] INFO  util.JmxRegister (JmxRegister.java:tryRegister(44)) - Successfully registered JMX Bean with object name Ratis:service=RaftServer,group=group-97F7DD15CA31,id=325ee62c-45ec-4ba0-83a5-5e89328cdd9c
2019-09-12 11:46:23,209 [RatisPipelineUtilsThread] INFO  pipeline.PipelineStateManager (PipelineStateManager.java:addPipeline(56)) - Created pipeline Pipeline[ Id: 730c2423-9ccf-4725-b7b2-97f7dd15ca31, Nodes: 325ee62c-45ec-4ba0-83a5-5e89328cdd9c{ip: 192.168.36.114, host: pr-hdds-1569-58hkm-1881083799, networkLocation: /default-rack, certSerialId: null}, Type:RATIS, Factor:ONE, State:OPEN]
2019-09-12 11:46:23,209 [RatisPipelineUtilsThread] ERROR pipeline.PipelinePlacementPolicy (PipelinePlacementPolicy.java:meetCriteria(92)) - Pipeline Placement: Doesn't meet the criteria to be viable node. Heaviness: 6
2019-09-12 11:46:23,209 [RatisPipelineUtilsThread] ERROR pipeline.PipelinePlacementPolicy (PipelinePlacementPolicy.java:meetCriteria(92)) - Pipeline Placement: Doesn't meet the criteria to be viable node. Heaviness: 6
2019-09-12 11:46:23,215 [grpc-default-executor-0] INFO  impl.RaftServerProxy (RaftServerProxy.java:addNew(89)) - 325ee62c-45ec-4ba0-83a5-5e89328cdd9c: addNew group-38DC860C1749:[325ee62c-45ec-4ba0-83a5-5e89328cdd9c:192.168.36.114:43378] returns group-38DC860C1749:java.util.concurrent.CompletableFuture@71939c6[Not completed]
2019-09-12 11:46:23,216 [pool-314-thread-1] INFO  impl.RaftServerImpl (RaftServerImpl.java:<init>(93)) - 325ee62c-45ec-4ba0-83a5-5e89328cdd9c: new RaftServerImpl for group-38DC860C1749:[325ee62c-45ec-4ba0-83a5-5e89328cdd9c:192.168.36.114:43378] with ContainerStateMachine:uninitialized
2019-09-12 11:46:23,216 [pool-314-thread-1] INFO  server.RaftServerConfigKeys (ConfUtils.java:logGet(43)) - raft.server.rpc.timeout.min = 5s (custom)
2019-09-12 11:46:23,216 [pool-314-thread-1] INFO  server.RaftServerConfigKeys (ConfUtils.java:logGet(43)) - raft.server.rpc.timeout.max = 5200ms (custom)
2019-09-12 11:46:23,216 [pool-314-thread-1] INFO  server.RaftServerConfigKeys (ConfUtils.java:logGet(43)) - raft.server.rpcslowness.timeout = 120s (custom)
2019-09-12 11:46:23,216 [pool-314-thread-1] INFO  server.RaftServerConfigKeys (ConfUtils.java:logGet(43)) - raft.server.sleep.deviation.threshold = 300 (default)
2019-09-12 11:46:23,216 [pool-314-thread-1] INFO  server.RaftServerConfigKeys (ConfUtils.java:logGet(43)) - raft.server.log.appender.install.snapshot.enabled = false (custom)
2019-09-12 11:46:23,216 [pool-314-thread-1] INFO  impl.RaftServerImpl (ServerState.java:<init>(105)) - 325ee62c-45ec-4ba0-83a5-5e89328cdd9c:group-38DC860C1749 ConfigurationManager, init=-1: [325ee62c-45ec-4ba0-83a5-5e89328cdd9c:192.168.36.114:43378], old=null, confs=<EMPTY_MAP>
2019-09-12 11:46:23,217 [pool-314-thread-1] INFO  server.RaftServerConfigKeys (ConfUtils.java:logGet(43)) - raft.server.storage.dir = [/workdir/hadoop-ozone/ozonefs/target/test-dir/MiniOzoneClusterImpl-3eb4f7d7-b6cb-4385-801e-8717a1e56e16/datanode-2/data/ratis] (custom)
2019-09-12 11:46:23,217 [pool-314-thread-1] INFO  storage.RaftStorageDirectory (RaftStorageDirectory.java:analyzeStorage(246)) - The storage directory /workdir/hadoop-ozone/ozonefs/target/test-dir/MiniOzoneClusterImpl-3eb4f7d7-b6cb-4385-801e-8717a1e56e16/datanode-2/data/ratis/79bb9256-1922-4e49-9ff1-38dc860c1749 does not exist. Creating ...
2019-09-12 11:46:23,230 [pool-314-thread-1] INFO  storage.RaftStorageDirectory (RaftStorageDirectory.java:tryLock(328)) - Lock on /workdir/hadoop-ozone/ozonefs/target/test-dir/MiniOzoneClusterImpl-3eb4f7d7-b6cb-4385-801e-8717a1e56e16/datanode-2/data/ratis/79bb9256-1922-4e49-9ff1-38dc860c1749/in_use.lock acquired by nodename 10706@pr-hdds-1569-58hkm-1881083799
2019-09-12 11:46:23,243 [pool-314-thread-1] INFO  storage.RaftStorage (RaftStorage.java:format(72)) - Storage directory /workdir/hadoop-ozone/ozonefs/target/test-dir/MiniOzoneClusterImpl-3eb4f7d7-b6cb-4385-801e-8717a1e56e16/datanode-2/data/ratis/79bb9256-1922-4e49-9ff1-38dc860c1749 has been successfully formatted.
2019-09-12 11:46:23,243 [pool-314-thread-1] INFO  ratis.ContainerStateMachine (ContainerStateMachine.java:loadSnapshot(226)) - group-38DC860C1749: The snapshot info is null. Setting the last applied indexto:(t:0, i:~)
2019-09-12 11:46:23,243 [pool-314-thread-1] INFO  server.RaftServerConfigKeys (ConfUtils.java:logGet(43)) - raft.server.leader.election.timeout = 120s (custom)
2019-09-12 11:46:23,244 [pool-314-thread-1] INFO  server.RaftServerConfigKeys (ConfUtils.java:logGet(43)) - raft.server.log.use.memory = false (default)
2019-09-12 11:46:23,244 [pool-314-thread-1] INFO  server.RaftServerConfigKeys (ConfUtils.java:logGet(43)) - raft.server.log.purge.gap = 1000000 (custom)
2019-09-12 11:46:23,244 [pool-314-thread-1] INFO  server.RaftServerConfigKeys (ConfUtils.java:logGet(43)) - raft.server.log.appender.buffer.byte-limit = 33554432 (custom)
2019-09-12 11:46:23,244 [pool-314-thread-1] INFO  server.RaftServerConfigKeys (ConfUtils.java:logGet(43)) - raft.server.log.segment.size.max = 1048576 (custom)
2019-09-12 11:46:23,244 [pool-314-thread-1] INFO  server.RaftServerConfigKeys (ConfUtils.java:logGet(43)) - raft.server.log.segment.cache.num.max = 2 (custom)
2019-09-12 11:46:23,244 [pool-314-thread-1] INFO  segmented.SegmentedRaftLogWorker (SegmentedRaftLogWorker.java:<init>(172)) - new 325ee62c-45ec-4ba0-83a5-5e89328cdd9c-SegmentedRaftLogWorker:Storage Directory /workdir/hadoop-ozone/ozonefs/target/test-dir/MiniOzoneClusterImpl-3eb4f7d7-b6cb-4385-801e-8717a1e56e16/datanode-2/data/ratis/79bb9256-1922-4e49-9ff1-38dc860c1749 for RaftStorage:Storage Directory /workdir/hadoop-ozone/ozonefs/target/test-dir/MiniOzoneClusterImpl-3eb4f7d7-b6cb-4385-801e-8717a1e56e16/datanode-2/data/ratis/79bb9256-1922-4e49-9ff1-38dc860c1749
2019-09-12 11:46:23,244 [pool-314-thread-1] INFO  server.RaftServerConfigKeys (ConfUtils.java:logGet(43)) - raft.server.log.queue.byte-limit = 2147483647 (custom)
2019-09-12 11:46:23,244 [pool-314-thread-1] INFO  server.RaftServerConfigKeys (ConfUtils.java:logGet(43)) - raft.server.log.queue.element-limit = 1024 (custom)
2019-09-12 11:46:23,244 [pool-314-thread-1] INFO  server.RaftServerConfigKeys (ConfUtils.java:logGet(43)) - raft.server.log.segment.size.max = 1048576 (custom)
2019-09-12 11:46:23,245 [pool-314-thread-1] INFO  server.RaftServerConfigKeys (ConfUtils.java:logGet(43)) - raft.server.log.preallocated.size = 16384 (custom)
2019-09-12 11:46:23,245 [pool-314-thread-1] INFO  server.RaftServerConfigKeys (ConfUtils.java:logGet(43)) - raft.server.log.write.buffer.size = 33554432 (custom)
2019-09-12 11:46:23,245 [pool-314-thread-1] INFO  server.RaftServerConfigKeys (ConfUtils.java:logGet(43)) - raft.server.log.force.sync.num = 128 (default)
2019-09-12 11:46:23,245 [pool-314-thread-1] INFO  server.RaftServerConfigKeys (ConfUtils.java:logGet(43)) - raft.server.log.statemachine.data.sync = true (default)
2019-09-12 11:46:23,245 [pool-314-thread-1] INFO  server.RaftServerConfigKeys (ConfUtils.java:logGet(43)) - raft.server.log.statemachine.data.sync.timeout = 10s (default)
2019-09-12 11:46:23,245 [pool-314-thread-1] INFO  server.RaftServerConfigKeys (ConfUtils.java:logGet(43)) - raft.server.log.statemachine.data.sync.timeout.retry = -1 (default)
2019-09-12 11:46:23,245 [pool-314-thread-1] INFO  server.RaftServerConfigKeys (ConfUtils.java:logGet(43)) - raft.server.log.statemachine.data.caching.enabled = true (custom)
2019-09-12 11:46:23,245 [pool-314-thread-1] INFO  segmented.SegmentedRaftLogWorker (SegmentedRaftLogWorker.java:lambda$new$0(132)) - 325ee62c-45ec-4ba0-83a5-5e89328cdd9c-SegmentedRaftLogWorker:Storage Directory /workdir/hadoop-ozone/ozonefs/target/test-dir/MiniOzoneClusterImpl-3eb4f7d7-b6cb-4385-801e-8717a1e56e16/datanode-2/data/ratis/79bb9256-1922-4e49-9ff1-38dc860c1749: flushIndex: setUnconditionally 0 -> -1
2019-09-12 11:46:23,246 [pool-314-thread-1] INFO  server.RaftServerConfigKeys (ConfUtils.java:logGet(43)) - raft.server.snapshot.auto.trigger.enabled = true (custom)
2019-09-12 11:46:23,246 [pool-314-thread-1] INFO  server.RaftServerConfigKeys (ConfUtils.java:logGet(43)) - raft.server.snapshot.auto.trigger.threshold = 10000 (custom)
2019-09-12 11:46:23,246 [pool-314-thread-1] INFO  server.RaftServerConfigKeys (ConfUtils.java:logGet(43)) - raft.server.retrycache.expirytime = 600000ms (custom)
2019-09-12 11:46:23,246 [pool-314-thread-1] INFO  impl.RaftServerImpl (RaftServerImpl.java:start(180)) - 325ee62c-45ec-4ba0-83a5-5e89328cdd9c: start group-38DC860C1749
2019-09-12 11:46:23,246 [pool-314-thread-1] INFO  impl.RaftServerImpl (RaftServerImpl.java:setRole(171)) - 325ee62c-45ec-4ba0-83a5-5e89328cdd9c:group-38DC860C1749 changes role from null to FOLLOWER at term 0 for startAsFollower
2019-09-12 11:46:23,246 [pool-314-thread-1] INFO  impl.RoleInfo (RoleInfo.java:updateAndGet(143)) - 325ee62c-45ec-4ba0-83a5-5e89328cdd9c: start FollowerState
2019-09-12 11:46:23,247 [pool-314-thread-1] INFO  util.JmxRegister (JmxRegister.java:tryRegister(44)) - Successfully registered JMX Bean with object name Ratis:service=RaftServer,group=group-38DC860C1749,id=325ee62c-45ec-4ba0-83a5-5e89328cdd9c
2019-09-12 11:46:23,249 [RatisPipelineUtilsThread] INFO  pipeline.PipelineStateManager (PipelineStateManager.java:addPipeline(56)) - Created pipeline Pipeline[ Id: 79bb9256-1922-4e49-9ff1-38dc860c1749, Nodes: 325ee62c-45ec-4ba0-83a5-5e89328cdd9c{ip: 192.168.36.114, host: pr-hdds-1569-58hkm-1881083799, networkLocation: /default-rack, certSerialId: null}, Type:RATIS, Factor:ONE, State:OPEN]
2019-09-12 11:46:23,249 [RatisPipelineUtilsThread] ERROR pipeline.PipelinePlacementPolicy (PipelinePlacementPolicy.java:meetCriteria(92)) - Pipeline Placement: Doesn't meet the criteria to be viable node. Heaviness: 6
2019-09-12 11:46:23,249 [RatisPipelineUtilsThread] ERROR pipeline.PipelinePlacementPolicy (PipelinePlacementPolicy.java:meetCriteria(92)) - Pipeline Placement: Doesn't meet the criteria to be viable node. Heaviness: 6
2019-09-12 11:46:23,255 [grpc-default-executor-0] INFO  impl.RaftServerProxy (RaftServerProxy.java:addNew(89)) - 325ee62c-45ec-4ba0-83a5-5e89328cdd9c: addNew group-262448F9F44D:[325ee62c-45ec-4ba0-83a5-5e89328cdd9c:192.168.36.114:43378] returns group-262448F9F44D:java.util.concurrent.CompletableFuture@56853ba2[Not completed]
2019-09-12 11:46:23,256 [pool-314-thread-1] INFO  impl.RaftServerImpl (RaftServerImpl.java:<init>(93)) - 325ee62c-45ec-4ba0-83a5-5e89328cdd9c: new RaftServerImpl for group-262448F9F44D:[325ee62c-45ec-4ba0-83a5-5e89328cdd9c:192.168.36.114:43378] with ContainerStateMachine:uninitialized
2019-09-12 11:46:23,256 [pool-314-thread-1] INFO  server.RaftServerConfigKeys (ConfUtils.java:logGet(43)) - raft.server.rpc.timeout.min = 5s (custom)
2019-09-12 11:46:23,256 [pool-314-thread-1] INFO  server.RaftServerConfigKeys (ConfUtils.java:logGet(43)) - raft.server.rpc.timeout.max = 5200ms (custom)
2019-09-12 11:46:23,256 [pool-314-thread-1] INFO  server.RaftServerConfigKeys (ConfUtils.java:logGet(43)) - raft.server.rpcslowness.timeout = 120s (custom)
2019-09-12 11:46:23,256 [pool-314-thread-1] INFO  server.RaftServerConfigKeys (ConfUtils.java:logGet(43)) - raft.server.sleep.deviation.threshold = 300 (default)
2019-09-12 11:46:23,256 [pool-314-thread-1] INFO  server.RaftServerConfigKeys (ConfUtils.java:logGet(43)) - raft.server.log.appender.install.snapshot.enabled = false (custom)
2019-09-12 11:46:23,256 [pool-314-thread-1] INFO  impl.RaftServerImpl (ServerState.java:<init>(105)) - 325ee62c-45ec-4ba0-83a5-5e89328cdd9c:group-262448F9F44D ConfigurationManager, init=-1: [325ee62c-45ec-4ba0-83a5-5e89328cdd9c:192.168.36.114:43378], old=null, confs=<EMPTY_MAP>
2019-09-12 11:46:23,256 [pool-314-thread-1] INFO  server.RaftServerConfigKeys (ConfUtils.java:logGet(43)) - raft.server.storage.dir = [/workdir/hadoop-ozone/ozonefs/target/test-dir/MiniOzoneClusterImpl-3eb4f7d7-b6cb-4385-801e-8717a1e56e16/datanode-2/data/ratis] (custom)
2019-09-12 11:46:23,257 [pool-314-thread-1] INFO  storage.RaftStorageDirectory (RaftStorageDirectory.java:analyzeStorage(246)) - The storage directory /workdir/hadoop-ozone/ozonefs/target/test-dir/MiniOzoneClusterImpl-3eb4f7d7-b6cb-4385-801e-8717a1e56e16/datanode-2/data/ratis/f7a4a39f-0561-4816-bb8a-262448f9f44d does not exist. Creating ...
2019-09-12 11:46:23,270 [pool-314-thread-1] INFO  storage.RaftStorageDirectory (RaftStorageDirectory.java:tryLock(328)) - Lock on /workdir/hadoop-ozone/ozonefs/target/test-dir/MiniOzoneClusterImpl-3eb4f7d7-b6cb-4385-801e-8717a1e56e16/datanode-2/data/ratis/f7a4a39f-0561-4816-bb8a-262448f9f44d/in_use.lock acquired by nodename 10706@pr-hdds-1569-58hkm-1881083799
2019-09-12 11:46:23,283 [pool-314-thread-1] INFO  storage.RaftStorage (RaftStorage.java:format(72)) - Storage directory /workdir/hadoop-ozone/ozonefs/target/test-dir/MiniOzoneClusterImpl-3eb4f7d7-b6cb-4385-801e-8717a1e56e16/datanode-2/data/ratis/f7a4a39f-0561-4816-bb8a-262448f9f44d has been successfully formatted.
2019-09-12 11:46:23,283 [pool-314-thread-1] INFO  ratis.ContainerStateMachine (ContainerStateMachine.java:loadSnapshot(226)) - group-262448F9F44D: The snapshot info is null. Setting the last applied indexto:(t:0, i:~)
2019-09-12 11:46:23,283 [pool-314-thread-1] INFO  server.RaftServerConfigKeys (ConfUtils.java:logGet(43)) - raft.server.leader.election.timeout = 120s (custom)
2019-09-12 11:46:23,283 [pool-314-thread-1] INFO  server.RaftServerConfigKeys (ConfUtils.java:logGet(43)) - raft.server.log.use.memory = false (default)
2019-09-12 11:46:23,283 [pool-314-thread-1] INFO  server.RaftServerConfigKeys (ConfUtils.java:logGet(43)) - raft.server.log.purge.gap = 1000000 (custom)
2019-09-12 11:46:23,283 [pool-314-thread-1] INFO  server.RaftServerConfigKeys (ConfUtils.java:logGet(43)) - raft.server.log.appender.buffer.byte-limit = 33554432 (custom)
2019-09-12 11:46:23,283 [pool-314-thread-1] INFO  server.RaftServerConfigKeys (ConfUtils.java:logGet(43)) - raft.server.log.segment.size.max = 1048576 (custom)
2019-09-12 11:46:23,284 [pool-314-thread-1] INFO  server.RaftServerConfigKeys (ConfUtils.java:logGet(43)) - raft.server.log.segment.cache.num.max = 2 (custom)
2019-09-12 11:46:23,284 [pool-314-thread-1] INFO  segmented.SegmentedRaftLogWorker (SegmentedRaftLogWorker.java:<init>(172)) - new 325ee62c-45ec-4ba0-83a5-5e89328cdd9c-SegmentedRaftLogWorker:Storage Directory /workdir/hadoop-ozone/ozonefs/target/test-dir/MiniOzoneClusterImpl-3eb4f7d7-b6cb-4385-801e-8717a1e56e16/datanode-2/data/ratis/f7a4a39f-0561-4816-bb8a-262448f9f44d for RaftStorage:Storage Directory /workdir/hadoop-ozone/ozonefs/target/test-dir/MiniOzoneClusterImpl-3eb4f7d7-b6cb-4385-801e-8717a1e56e16/datanode-2/data/ratis/f7a4a39f-0561-4816-bb8a-262448f9f44d
2019-09-12 11:46:23,284 [pool-314-thread-1] INFO  server.RaftServerConfigKeys (ConfUtils.java:logGet(43)) - raft.server.log.queue.byte-limit = 2147483647 (custom)
2019-09-12 11:46:23,284 [pool-314-thread-1] INFO  server.RaftServerConfigKeys (ConfUtils.java:logGet(43)) - raft.server.log.queue.element-limit = 1024 (custom)
2019-09-12 11:46:23,284 [pool-314-thread-1] INFO  server.RaftServerConfigKeys (ConfUtils.java:logGet(43)) - raft.server.log.segment.size.max = 1048576 (custom)
2019-09-12 11:46:23,284 [pool-314-thread-1] INFO  server.RaftServerConfigKeys (ConfUtils.java:logGet(43)) - raft.server.log.preallocated.size = 16384 (custom)
2019-09-12 11:46:23,284 [pool-314-thread-1] INFO  server.RaftServerConfigKeys (ConfUtils.java:logGet(43)) - raft.server.log.write.buffer.size = 33554432 (custom)
2019-09-12 11:46:23,284 [pool-314-thread-1] INFO  server.RaftServerConfigKeys (ConfUtils.java:logGet(43)) - raft.server.log.force.sync.num = 128 (default)
2019-09-12 11:46:23,284 [pool-314-thread-1] INFO  server.RaftServerConfigKeys (ConfUtils.java:logGet(43)) - raft.server.log.statemachine.data.sync = true (default)
2019-09-12 11:46:23,284 [pool-314-thread-1] INFO  server.RaftServerConfigKeys (ConfUtils.java:logGet(43)) - raft.server.log.statemachine.data.sync.timeout = 10s (default)
2019-09-12 11:46:23,285 [pool-314-thread-1] INFO  server.RaftServerConfigKeys (ConfUtils.java:logGet(43)) - raft.server.log.statemachine.data.sync.timeout.retry = -1 (default)
2019-09-12 11:46:23,285 [pool-314-thread-1] INFO  server.RaftServerConfigKeys (ConfUtils.java:logGet(43)) - raft.server.log.statemachine.data.caching.enabled = true (custom)
2019-09-12 11:46:23,285 [pool-314-thread-1] INFO  segmented.SegmentedRaftLogWorker (SegmentedRaftLogWorker.java:lambda$new$0(132)) - 325ee62c-45ec-4ba0-83a5-5e89328cdd9c-SegmentedRaftLogWorker:Storage Directory /workdir/hadoop-ozone/ozonefs/target/test-dir/MiniOzoneClusterImpl-3eb4f7d7-b6cb-4385-801e-8717a1e56e16/datanode-2/data/ratis/f7a4a39f-0561-4816-bb8a-262448f9f44d: flushIndex: setUnconditionally 0 -> -1
2019-09-12 11:46:23,285 [pool-314-thread-1] INFO  server.RaftServerConfigKeys (ConfUtils.java:logGet(43)) - raft.server.snapshot.auto.trigger.enabled = true (custom)
2019-09-12 11:46:23,286 [pool-314-thread-1] INFO  server.RaftServerConfigKeys (ConfUtils.java:logGet(43)) - raft.server.snapshot.auto.trigger.threshold = 10000 (custom)
2019-09-12 11:46:23,286 [pool-314-thread-1] INFO  server.RaftServerConfigKeys (ConfUtils.java:logGet(43)) - raft.server.retrycache.expirytime = 600000ms (custom)
2019-09-12 11:46:23,286 [pool-314-thread-1] INFO  impl.RaftServerImpl (RaftServerImpl.java:start(180)) - 325ee62c-45ec-4ba0-83a5-5e89328cdd9c: start group-262448F9F44D
2019-09-12 11:46:23,286 [pool-314-thread-1] INFO  impl.RaftServerImpl (RaftServerImpl.java:setRole(171)) - 325ee62c-45ec-4ba0-83a5-5e89328cdd9c:group-262448F9F44D changes role from null to FOLLOWER at term 0 for startAsFollower
2019-09-12 11:46:23,286 [pool-314-thread-1] INFO  impl.RoleInfo (RoleInfo.java:updateAndGet(143)) - 325ee62c-45ec-4ba0-83a5-5e89328cdd9c: start FollowerState
2019-09-12 11:46:23,286 [pool-314-thread-1] INFO  util.JmxRegister (JmxRegister.java:tryRegister(44)) - Successfully registered JMX Bean with object name Ratis:service=RaftServer,group=group-262448F9F44D,id=325ee62c-45ec-4ba0-83a5-5e89328cdd9c
2019-09-12 11:46:23,289 [RatisPipelineUtilsThread] INFO  pipeline.PipelineStateManager (PipelineStateManager.java:addPipeline(56)) - Created pipeline Pipeline[ Id: f7a4a39f-0561-4816-bb8a-262448f9f44d, Nodes: 325ee62c-45ec-4ba0-83a5-5e89328cdd9c{ip: 192.168.36.114, host: pr-hdds-1569-58hkm-1881083799, networkLocation: /default-rack, certSerialId: null}, Type:RATIS, Factor:ONE, State:OPEN]
2019-09-12 11:46:23,290 [RatisPipelineUtilsThread] ERROR pipeline.PipelinePlacementPolicy (PipelinePlacementPolicy.java:meetCriteria(92)) - Pipeline Placement: Doesn't meet the criteria to be viable node. Heaviness: 6
2019-09-12 11:46:23,290 [RatisPipelineUtilsThread] ERROR pipeline.PipelinePlacementPolicy (PipelinePlacementPolicy.java:meetCriteria(92)) - Pipeline Placement: Doesn't meet the criteria to be viable node. Heaviness: 6
2019-09-12 11:46:23,295 [grpc-default-executor-0] INFO  impl.RaftServerProxy (RaftServerProxy.java:addNew(89)) - 325ee62c-45ec-4ba0-83a5-5e89328cdd9c: addNew group-7FDE5BAE6B50:[325ee62c-45ec-4ba0-83a5-5e89328cdd9c:192.168.36.114:43378] returns group-7FDE5BAE6B50:java.util.concurrent.CompletableFuture@6c3407a1[Not completed]
2019-09-12 11:46:23,296 [pool-314-thread-1] INFO  impl.RaftServerImpl (RaftServerImpl.java:<init>(93)) - 325ee62c-45ec-4ba0-83a5-5e89328cdd9c: new RaftServerImpl for group-7FDE5BAE6B50:[325ee62c-45ec-4ba0-83a5-5e89328cdd9c:192.168.36.114:43378] with ContainerStateMachine:uninitialized
2019-09-12 11:46:23,296 [pool-314-thread-1] INFO  server.RaftServerConfigKeys (ConfUtils.java:logGet(43)) - raft.server.rpc.timeout.min = 5s (custom)
2019-09-12 11:46:23,296 [pool-314-thread-1] INFO  server.RaftServerConfigKeys (ConfUtils.java:logGet(43)) - raft.server.rpc.timeout.max = 5200ms (custom)
2019-09-12 11:46:23,297 [pool-314-thread-1] INFO  server.RaftServerConfigKeys (ConfUtils.java:logGet(43)) - raft.server.rpcslowness.timeout = 120s (custom)
2019-09-12 11:46:23,297 [pool-314-thread-1] INFO  server.RaftServerConfigKeys (ConfUtils.java:logGet(43)) - raft.server.sleep.deviation.threshold = 300 (default)
2019-09-12 11:46:23,297 [pool-314-thread-1] INFO  server.RaftServerConfigKeys (ConfUtils.java:logGet(43)) - raft.server.log.appender.install.snapshot.enabled = false (custom)
2019-09-12 11:46:23,297 [pool-314-thread-1] INFO  impl.RaftServerImpl (ServerState.java:<init>(105)) - 325ee62c-45ec-4ba0-83a5-5e89328cdd9c:group-7FDE5BAE6B50 ConfigurationManager, init=-1: [325ee62c-45ec-4ba0-83a5-5e89328cdd9c:192.168.36.114:43378], old=null, confs=<EMPTY_MAP>
2019-09-12 11:46:23,297 [pool-314-thread-1] INFO  server.RaftServerConfigKeys (ConfUtils.java:logGet(43)) - raft.server.storage.dir = [/workdir/hadoop-ozone/ozonefs/target/test-dir/MiniOzoneClusterImpl-3eb4f7d7-b6cb-4385-801e-8717a1e56e16/datanode-2/data/ratis] (custom)
2019-09-12 11:46:23,297 [pool-314-thread-1] INFO  storage.RaftStorageDirectory (RaftStorageDirectory.java:analyzeStorage(246)) - The storage directory /workdir/hadoop-ozone/ozonefs/target/test-dir/MiniOzoneClusterImpl-3eb4f7d7-b6cb-4385-801e-8717a1e56e16/datanode-2/data/ratis/1ec593f3-5670-4b0f-acb6-7fde5bae6b50 does not exist. Creating ...
2019-09-12 11:46:23,310 [pool-314-thread-1] INFO  storage.RaftStorageDirectory (RaftStorageDirectory.java:tryLock(328)) - Lock on /workdir/hadoop-ozone/ozonefs/target/test-dir/MiniOzoneClusterImpl-3eb4f7d7-b6cb-4385-801e-8717a1e56e16/datanode-2/data/ratis/1ec593f3-5670-4b0f-acb6-7fde5bae6b50/in_use.lock acquired by nodename 10706@pr-hdds-1569-58hkm-1881083799
2019-09-12 11:46:23,323 [pool-314-thread-1] INFO  storage.RaftStorage (RaftStorage.java:format(72)) - Storage directory /workdir/hadoop-ozone/ozonefs/target/test-dir/MiniOzoneClusterImpl-3eb4f7d7-b6cb-4385-801e-8717a1e56e16/datanode-2/data/ratis/1ec593f3-5670-4b0f-acb6-7fde5bae6b50 has been successfully formatted.
2019-09-12 11:46:23,324 [pool-314-thread-1] INFO  ratis.ContainerStateMachine (ContainerStateMachine.java:loadSnapshot(226)) - group-7FDE5BAE6B50: The snapshot info is null. Setting the last applied indexto:(t:0, i:~)
2019-09-12 11:46:23,324 [pool-314-thread-1] INFO  server.RaftServerConfigKeys (ConfUtils.java:logGet(43)) - raft.server.leader.election.timeout = 120s (custom)
2019-09-12 11:46:23,324 [pool-314-thread-1] INFO  server.RaftServerConfigKeys (ConfUtils.java:logGet(43)) - raft.server.log.use.memory = false (default)
2019-09-12 11:46:23,324 [pool-314-thread-1] INFO  server.RaftServerConfigKeys (ConfUtils.java:logGet(43)) - raft.server.log.purge.gap = 1000000 (custom)
2019-09-12 11:46:23,324 [pool-314-thread-1] INFO  server.RaftServerConfigKeys (ConfUtils.java:logGet(43)) - raft.server.log.appender.buffer.byte-limit = 33554432 (custom)
2019-09-12 11:46:23,324 [pool-314-thread-1] INFO  server.RaftServerConfigKeys (ConfUtils.java:logGet(43)) - raft.server.log.segment.size.max = 1048576 (custom)
2019-09-12 11:46:23,324 [pool-314-thread-1] INFO  server.RaftServerConfigKeys (ConfUtils.java:logGet(43)) - raft.server.log.segment.cache.num.max = 2 (custom)
2019-09-12 11:46:23,324 [pool-314-thread-1] INFO  segmented.SegmentedRaftLogWorker (SegmentedRaftLogWorker.java:<init>(172)) - new 325ee62c-45ec-4ba0-83a5-5e89328cdd9c-SegmentedRaftLogWorker:Storage Directory /workdir/hadoop-ozone/ozonefs/target/test-dir/MiniOzoneClusterImpl-3eb4f7d7-b6cb-4385-801e-8717a1e56e16/datanode-2/data/ratis/1ec593f3-5670-4b0f-acb6-7fde5bae6b50 for RaftStorage:Storage Directory /workdir/hadoop-ozone/ozonefs/target/test-dir/MiniOzoneClusterImpl-3eb4f7d7-b6cb-4385-801e-8717a1e56e16/datanode-2/data/ratis/1ec593f3-5670-4b0f-acb6-7fde5bae6b50
2019-09-12 11:46:23,324 [pool-314-thread-1] INFO  server.RaftServerConfigKeys (ConfUtils.java:logGet(43)) - raft.server.log.queue.byte-limit = 2147483647 (custom)
2019-09-12 11:46:23,325 [pool-314-thread-1] INFO  server.RaftServerConfigKeys (ConfUtils.java:logGet(43)) - raft.server.log.queue.element-limit = 1024 (custom)
2019-09-12 11:46:23,325 [pool-314-thread-1] INFO  server.RaftServerConfigKeys (ConfUtils.java:logGet(43)) - raft.server.log.segment.size.max = 1048576 (custom)
2019-09-12 11:46:23,325 [pool-314-thread-1] INFO  server.RaftServerConfigKeys (ConfUtils.java:logGet(43)) - raft.server.log.preallocated.size = 16384 (custom)
2019-09-12 11:46:23,325 [pool-314-thread-1] INFO  server.RaftServerConfigKeys (ConfUtils.java:logGet(43)) - raft.server.log.write.buffer.size = 33554432 (custom)
2019-09-12 11:46:23,325 [pool-314-thread-1] INFO  server.RaftServerConfigKeys (ConfUtils.java:logGet(43)) - raft.server.log.force.sync.num = 128 (default)
2019-09-12 11:46:23,325 [pool-314-thread-1] INFO  server.RaftServerConfigKeys (ConfUtils.java:logGet(43)) - raft.server.log.statemachine.data.sync = true (default)
2019-09-12 11:46:23,325 [pool-314-thread-1] INFO  server.RaftServerConfigKeys (ConfUtils.java:logGet(43)) - raft.server.log.statemachine.data.sync.timeout = 10s (default)
2019-09-12 11:46:23,325 [pool-314-thread-1] INFO  server.RaftServerConfigKeys (ConfUtils.java:logGet(43)) - raft.server.log.statemachine.data.sync.timeout.retry = -1 (default)
2019-09-12 11:46:23,325 [pool-314-thread-1] INFO  server.RaftServerConfigKeys (ConfUtils.java:logGet(43)) - raft.server.log.statemachine.data.caching.enabled = true (custom)
2019-09-12 11:46:23,326 [pool-314-thread-1] INFO  segmented.SegmentedRaftLogWorker (SegmentedRaftLogWorker.java:lambda$new$0(132)) - 325ee62c-45ec-4ba0-83a5-5e89328cdd9c-SegmentedRaftLogWorker:Storage Directory /workdir/hadoop-ozone/ozonefs/target/test-dir/MiniOzoneClusterImpl-3eb4f7d7-b6cb-4385-801e-8717a1e56e16/datanode-2/data/ratis/1ec593f3-5670-4b0f-acb6-7fde5bae6b50: flushIndex: setUnconditionally 0 -> -1
2019-09-12 11:46:23,326 [pool-314-thread-1] INFO  server.RaftServerConfigKeys (ConfUtils.java:logGet(43)) - raft.server.snapshot.auto.trigger.enabled = true (custom)
2019-09-12 11:46:23,326 [pool-314-thread-1] INFO  server.RaftServerConfigKeys (ConfUtils.java:logGet(43)) - raft.server.snapshot.auto.trigger.threshold = 10000 (custom)
2019-09-12 11:46:23,326 [pool-314-thread-1] INFO  server.RaftServerConfigKeys (ConfUtils.java:logGet(43)) - raft.server.retrycache.expirytime = 600000ms (custom)
2019-09-12 11:46:23,326 [pool-314-thread-1] INFO  impl.RaftServerImpl (RaftServerImpl.java:start(180)) - 325ee62c-45ec-4ba0-83a5-5e89328cdd9c: start group-7FDE5BAE6B50
2019-09-12 11:46:23,326 [pool-314-thread-1] INFO  impl.RaftServerImpl (RaftServerImpl.java:setRole(171)) - 325ee62c-45ec-4ba0-83a5-5e89328cdd9c:group-7FDE5BAE6B50 changes role from null to FOLLOWER at term 0 for startAsFollower
2019-09-12 11:46:23,326 [pool-314-thread-1] INFO  impl.RoleInfo (RoleInfo.java:updateAndGet(143)) - 325ee62c-45ec-4ba0-83a5-5e89328cdd9c: start FollowerState
2019-09-12 11:46:23,327 [pool-314-thread-1] INFO  util.JmxRegister (JmxRegister.java:tryRegister(44)) - Successfully registered JMX Bean with object name Ratis:service=RaftServer,group=group-7FDE5BAE6B50,id=325ee62c-45ec-4ba0-83a5-5e89328cdd9c
2019-09-12 11:46:23,330 [RatisPipelineUtilsThread] INFO  pipeline.PipelineStateManager (PipelineStateManager.java:addPipeline(56)) - Created pipeline Pipeline[ Id: 1ec593f3-5670-4b0f-acb6-7fde5bae6b50, Nodes: 325ee62c-45ec-4ba0-83a5-5e89328cdd9c{ip: 192.168.36.114, host: pr-hdds-1569-58hkm-1881083799, networkLocation: /default-rack, certSerialId: null}, Type:RATIS, Factor:ONE, State:OPEN]
2019-09-12 11:46:23,330 [RatisPipelineUtilsThread] ERROR pipeline.PipelinePlacementPolicy (PipelinePlacementPolicy.java:meetCriteria(92)) - Pipeline Placement: Doesn't meet the criteria to be viable node. Heaviness: 6
2019-09-12 11:46:23,330 [RatisPipelineUtilsThread] ERROR pipeline.PipelinePlacementPolicy (PipelinePlacementPolicy.java:meetCriteria(92)) - Pipeline Placement: Doesn't meet the criteria to be viable node. Heaviness: 6
2019-09-12 11:46:23,335 [grpc-default-executor-0] INFO  impl.RaftServerProxy (RaftServerProxy.java:addNew(89)) - 325ee62c-45ec-4ba0-83a5-5e89328cdd9c: addNew group-B072EE020D06:[325ee62c-45ec-4ba0-83a5-5e89328cdd9c:192.168.36.114:43378] returns group-B072EE020D06:java.util.concurrent.CompletableFuture@646c4daa[Not completed]
2019-09-12 11:46:23,336 [pool-314-thread-1] INFO  impl.RaftServerImpl (RaftServerImpl.java:<init>(93)) - 325ee62c-45ec-4ba0-83a5-5e89328cdd9c: new RaftServerImpl for group-B072EE020D06:[325ee62c-45ec-4ba0-83a5-5e89328cdd9c:192.168.36.114:43378] with ContainerStateMachine:uninitialized
2019-09-12 11:46:23,336 [pool-314-thread-1] INFO  server.RaftServerConfigKeys (ConfUtils.java:logGet(43)) - raft.server.rpc.timeout.min = 5s (custom)
2019-09-12 11:46:23,336 [pool-314-thread-1] INFO  server.RaftServerConfigKeys (ConfUtils.java:logGet(43)) - raft.server.rpc.timeout.max = 5200ms (custom)
2019-09-12 11:46:23,336 [pool-314-thread-1] INFO  server.RaftServerConfigKeys (ConfUtils.java:logGet(43)) - raft.server.rpcslowness.timeout = 120s (custom)
2019-09-12 11:46:23,336 [pool-314-thread-1] INFO  server.RaftServerConfigKeys (ConfUtils.java:logGet(43)) - raft.server.sleep.deviation.threshold = 300 (default)
2019-09-12 11:46:23,336 [pool-314-thread-1] INFO  server.RaftServerConfigKeys (ConfUtils.java:logGet(43)) - raft.server.log.appender.install.snapshot.enabled = false (custom)
2019-09-12 11:46:23,336 [pool-314-thread-1] INFO  impl.RaftServerImpl (ServerState.java:<init>(105)) - 325ee62c-45ec-4ba0-83a5-5e89328cdd9c:group-B072EE020D06 ConfigurationManager, init=-1: [325ee62c-45ec-4ba0-83a5-5e89328cdd9c:192.168.36.114:43378], old=null, confs=<EMPTY_MAP>
2019-09-12 11:46:23,336 [pool-314-thread-1] INFO  server.RaftServerConfigKeys (ConfUtils.java:logGet(43)) - raft.server.storage.dir = [/workdir/hadoop-ozone/ozonefs/target/test-dir/MiniOzoneClusterImpl-3eb4f7d7-b6cb-4385-801e-8717a1e56e16/datanode-2/data/ratis] (custom)
2019-09-12 11:46:23,337 [pool-314-thread-1] INFO  storage.RaftStorageDirectory (RaftStorageDirectory.java:analyzeStorage(246)) - The storage directory /workdir/hadoop-ozone/ozonefs/target/test-dir/MiniOzoneClusterImpl-3eb4f7d7-b6cb-4385-801e-8717a1e56e16/datanode-2/data/ratis/85806c3f-0a9c-49e4-9269-b072ee020d06 does not exist. Creating ...
2019-09-12 11:46:23,349 [pool-314-thread-1] INFO  storage.RaftStorageDirectory (RaftStorageDirectory.java:tryLock(328)) - Lock on /workdir/hadoop-ozone/ozonefs/target/test-dir/MiniOzoneClusterImpl-3eb4f7d7-b6cb-4385-801e-8717a1e56e16/datanode-2/data/ratis/85806c3f-0a9c-49e4-9269-b072ee020d06/in_use.lock acquired by nodename 10706@pr-hdds-1569-58hkm-1881083799
2019-09-12 11:46:23,362 [pool-314-thread-1] INFO  storage.RaftStorage (RaftStorage.java:format(72)) - Storage directory /workdir/hadoop-ozone/ozonefs/target/test-dir/MiniOzoneClusterImpl-3eb4f7d7-b6cb-4385-801e-8717a1e56e16/datanode-2/data/ratis/85806c3f-0a9c-49e4-9269-b072ee020d06 has been successfully formatted.
2019-09-12 11:46:23,363 [pool-314-thread-1] INFO  ratis.ContainerStateMachine (ContainerStateMachine.java:loadSnapshot(226)) - group-B072EE020D06: The snapshot info is null. Setting the last applied indexto:(t:0, i:~)
2019-09-12 11:46:23,363 [pool-314-thread-1] INFO  server.RaftServerConfigKeys (ConfUtils.java:logGet(43)) - raft.server.leader.election.timeout = 120s (custom)
2019-09-12 11:46:23,363 [pool-314-thread-1] INFO  server.RaftServerConfigKeys (ConfUtils.java:logGet(43)) - raft.server.log.use.memory = false (default)
2019-09-12 11:46:23,363 [pool-314-thread-1] INFO  server.RaftServerConfigKeys (ConfUtils.java:logGet(43)) - raft.server.log.purge.gap = 1000000 (custom)
2019-09-12 11:46:23,363 [pool-314-thread-1] INFO  server.RaftServerConfigKeys (ConfUtils.java:logGet(43)) - raft.server.log.appender.buffer.byte-limit = 33554432 (custom)
2019-09-12 11:46:23,363 [pool-314-thread-1] INFO  server.RaftServerConfigKeys (ConfUtils.java:logGet(43)) - raft.server.log.segment.size.max = 1048576 (custom)
2019-09-12 11:46:23,364 [pool-314-thread-1] INFO  server.RaftServerConfigKeys (ConfUtils.java:logGet(43)) - raft.server.log.segment.cache.num.max = 2 (custom)
2019-09-12 11:46:23,364 [pool-314-thread-1] INFO  segmented.SegmentedRaftLogWorker (SegmentedRaftLogWorker.java:<init>(172)) - new 325ee62c-45ec-4ba0-83a5-5e89328cdd9c-SegmentedRaftLogWorker:Storage Directory /workdir/hadoop-ozone/ozonefs/target/test-dir/MiniOzoneClusterImpl-3eb4f7d7-b6cb-4385-801e-8717a1e56e16/datanode-2/data/ratis/85806c3f-0a9c-49e4-9269-b072ee020d06 for RaftStorage:Storage Directory /workdir/hadoop-ozone/ozonefs/target/test-dir/MiniOzoneClusterImpl-3eb4f7d7-b6cb-4385-801e-8717a1e56e16/datanode-2/data/ratis/85806c3f-0a9c-49e4-9269-b072ee020d06
2019-09-12 11:46:23,364 [pool-314-thread-1] INFO  server.RaftServerConfigKeys (ConfUtils.java:logGet(43)) - raft.server.log.queue.byte-limit = 2147483647 (custom)
2019-09-12 11:46:23,364 [pool-314-thread-1] INFO  server.RaftServerConfigKeys (ConfUtils.java:logGet(43)) - raft.server.log.queue.element-limit = 1024 (custom)
2019-09-12 11:46:23,364 [pool-314-thread-1] INFO  server.RaftServerConfigKeys (ConfUtils.java:logGet(43)) - raft.server.log.segment.size.max = 1048576 (custom)
2019-09-12 11:46:23,364 [pool-314-thread-1] INFO  server.RaftServerConfigKeys (ConfUtils.java:logGet(43)) - raft.server.log.preallocated.size = 16384 (custom)
2019-09-12 11:46:23,364 [pool-314-thread-1] INFO  server.RaftServerConfigKeys (ConfUtils.java:logGet(43)) - raft.server.log.write.buffer.size = 33554432 (custom)
2019-09-12 11:46:23,364 [pool-314-thread-1] INFO  server.RaftServerConfigKeys (ConfUtils.java:logGet(43)) - raft.server.log.force.sync.num = 128 (default)
2019-09-12 11:46:23,364 [pool-314-thread-1] INFO  server.RaftServerConfigKeys (ConfUtils.java:logGet(43)) - raft.server.log.statemachine.data.sync = true (default)
2019-09-12 11:46:23,365 [pool-314-thread-1] INFO  server.RaftServerConfigKeys (ConfUtils.java:logGet(43)) - raft.server.log.statemachine.data.sync.timeout = 10s (default)
2019-09-12 11:46:23,365 [pool-314-thread-1] INFO  server.RaftServerConfigKeys (ConfUtils.java:logGet(43)) - raft.server.log.statemachine.data.sync.timeout.retry = -1 (default)
2019-09-12 11:46:23,365 [pool-314-thread-1] INFO  server.RaftServerConfigKeys (ConfUtils.java:logGet(43)) - raft.server.log.statemachine.data.caching.enabled = true (custom)
2019-09-12 11:46:23,365 [pool-314-thread-1] INFO  segmented.SegmentedRaftLogWorker (SegmentedRaftLogWorker.java:lambda$new$0(132)) - 325ee62c-45ec-4ba0-83a5-5e89328cdd9c-SegmentedRaftLogWorker:Storage Directory /workdir/hadoop-ozone/ozonefs/target/test-dir/MiniOzoneClusterImpl-3eb4f7d7-b6cb-4385-801e-8717a1e56e16/datanode-2/data/ratis/85806c3f-0a9c-49e4-9269-b072ee020d06: flushIndex: setUnconditionally 0 -> -1
2019-09-12 11:46:23,365 [pool-314-thread-1] INFO  server.RaftServerConfigKeys (ConfUtils.java:logGet(43)) - raft.server.snapshot.auto.trigger.enabled = true (custom)
2019-09-12 11:46:23,365 [pool-314-thread-1] INFO  server.RaftServerConfigKeys (ConfUtils.java:logGet(43)) - raft.server.snapshot.auto.trigger.threshold = 10000 (custom)
2019-09-12 11:46:23,366 [pool-314-thread-1] INFO  server.RaftServerConfigKeys (ConfUtils.java:logGet(43)) - raft.server.retrycache.expirytime = 600000ms (custom)
2019-09-12 11:46:23,366 [pool-314-thread-1] INFO  impl.RaftServerImpl (RaftServerImpl.java:start(180)) - 325ee62c-45ec-4ba0-83a5-5e89328cdd9c: start group-B072EE020D06
2019-09-12 11:46:23,366 [pool-314-thread-1] INFO  impl.RaftServerImpl (RaftServerImpl.java:setRole(171)) - 325ee62c-45ec-4ba0-83a5-5e89328cdd9c:group-B072EE020D06 changes role from null to FOLLOWER at term 0 for startAsFollower
2019-09-12 11:46:23,366 [pool-314-thread-1] INFO  impl.RoleInfo (RoleInfo.java:updateAndGet(143)) - 325ee62c-45ec-4ba0-83a5-5e89328cdd9c: start FollowerState
2019-09-12 11:46:23,366 [pool-314-thread-1] INFO  util.JmxRegister (JmxRegister.java:tryRegister(44)) - Successfully registered JMX Bean with object name Ratis:service=RaftServer,group=group-B072EE020D06,id=325ee62c-45ec-4ba0-83a5-5e89328cdd9c
2019-09-12 11:46:23,369 [RatisPipelineUtilsThread] INFO  pipeline.PipelineStateManager (PipelineStateManager.java:addPipeline(56)) - Created pipeline Pipeline[ Id: 85806c3f-0a9c-49e4-9269-b072ee020d06, Nodes: 325ee62c-45ec-4ba0-83a5-5e89328cdd9c{ip: 192.168.36.114, host: pr-hdds-1569-58hkm-1881083799, networkLocation: /default-rack, certSerialId: null}, Type:RATIS, Factor:ONE, State:OPEN]
2019-09-12 11:46:23,370 [RatisPipelineUtilsThread] ERROR pipeline.PipelinePlacementPolicy (PipelinePlacementPolicy.java:meetCriteria(92)) - Pipeline Placement: Doesn't meet the criteria to be viable node. Heaviness: 6
2019-09-12 11:46:23,370 [RatisPipelineUtilsThread] ERROR pipeline.PipelinePlacementPolicy (PipelinePlacementPolicy.java:meetCriteria(92)) - Pipeline Placement: Doesn't meet the criteria to be viable node. Heaviness: 6
2019-09-12 11:46:23,370 [RatisPipelineUtilsThread] ERROR pipeline.PipelinePlacementPolicy (PipelinePlacementPolicy.java:meetCriteria(92)) - Pipeline Placement: Doesn't meet the criteria to be viable node. Heaviness: 6
2019-09-12 11:46:23,370 [RatisPipelineUtilsThread] ERROR pipeline.PipelinePlacementPolicy (PipelinePlacementPolicy.java:filterViableNodes(147)) - Unable to find enough nodes that meet the criteria that cannot engage in more than 5 pipelines. Nodes required: 1 Found: 0, healthy nodes count inNodeManager: 3.
2019-09-12 11:46:23,370 [RatisPipelineUtilsThread] ERROR pipeline.SCMPipelineManager (SCMPipelineManager.java:createPipeline(161)) - Pipeline creation failed due to exception: Unable to find enough nodes that meet the criteria that cannot engage in more than 5 pipelines. Nodes required: 1 Found: 0, healthy nodes count inNodeManager: 3.
2019-09-12 11:46:23,371 [RatisPipelineUtilsThread] ERROR pipeline.PipelinePlacementPolicy (PipelinePlacementPolicy.java:meetCriteria(92)) - Pipeline Placement: Doesn't meet the criteria to be viable node. Heaviness: 6
2019-09-12 11:46:23,371 [RatisPipelineUtilsThread] ERROR pipeline.PipelinePlacementPolicy (PipelinePlacementPolicy.java:meetCriteria(92)) - Pipeline Placement: Doesn't meet the criteria to be viable node. Heaviness: 6
2019-09-12 11:46:23,371 [RatisPipelineUtilsThread] ERROR pipeline.PipelinePlacementPolicy (PipelinePlacementPolicy.java:meetCriteria(92)) - Pipeline Placement: Doesn't meet the criteria to be viable node. Heaviness: 6
2019-09-12 11:46:23,371 [RatisPipelineUtilsThread] ERROR pipeline.PipelinePlacementPolicy (PipelinePlacementPolicy.java:filterViableNodes(147)) - Unable to find enough nodes that meet the criteria that cannot engage in more than 5 pipelines. Nodes required: 3 Found: 0, healthy nodes count inNodeManager: 3.
2019-09-12 11:46:23,372 [RatisPipelineUtilsThread] ERROR pipeline.SCMPipelineManager (SCMPipelineManager.java:createPipeline(161)) - Pipeline creation failed due to exception: Unable to find enough nodes that meet the criteria that cannot engage in more than 5 pipelines. Nodes required: 3 Found: 0, healthy nodes count inNodeManager: 3.
2019-09-12 11:46:23,372 [RatisPipelineUtilsThread] ERROR pipeline.PipelinePlacementPolicy (PipelinePlacementPolicy.java:meetCriteria(92)) - Pipeline Placement: Doesn't meet the criteria to be viable node. Heaviness: 6
2019-09-12 11:46:23,372 [RatisPipelineUtilsThread] ERROR pipeline.PipelinePlacementPolicy (PipelinePlacementPolicy.java:meetCriteria(92)) - Pipeline Placement: Doesn't meet the criteria to be viable node. Heaviness: 6
2019-09-12 11:46:23,372 [RatisPipelineUtilsThread] ERROR pipeline.PipelinePlacementPolicy (PipelinePlacementPolicy.java:meetCriteria(92)) - Pipeline Placement: Doesn't meet the criteria to be viable node. Heaviness: 6
2019-09-12 11:46:23,372 [RatisPipelineUtilsThread] ERROR pipeline.PipelinePlacementPolicy (PipelinePlacementPolicy.java:filterViableNodes(147)) - Unable to find enough nodes that meet the criteria that cannot engage in more than 5 pipelines. Nodes required: 1 Found: 0, healthy nodes count inNodeManager: 3.
2019-09-12 11:46:23,373 [RatisPipelineUtilsThread] ERROR pipeline.SCMPipelineManager (SCMPipelineManager.java:createPipeline(161)) - Pipeline creation failed due to exception: Unable to find enough nodes that meet the criteria that cannot engage in more than 5 pipelines. Nodes required: 1 Found: 0, healthy nodes count inNodeManager: 3.
2019-09-12 11:46:23,373 [RatisPipelineUtilsThread] ERROR pipeline.PipelinePlacementPolicy (PipelinePlacementPolicy.java:meetCriteria(92)) - Pipeline Placement: Doesn't meet the criteria to be viable node. Heaviness: 6
2019-09-12 11:46:23,373 [RatisPipelineUtilsThread] ERROR pipeline.PipelinePlacementPolicy (PipelinePlacementPolicy.java:meetCriteria(92)) - Pipeline Placement: Doesn't meet the criteria to be viable node. Heaviness: 6
2019-09-12 11:46:23,373 [RatisPipelineUtilsThread] ERROR pipeline.PipelinePlacementPolicy (PipelinePlacementPolicy.java:meetCriteria(92)) - Pipeline Placement: Doesn't meet the criteria to be viable node. Heaviness: 6
2019-09-12 11:46:23,374 [RatisPipelineUtilsThread] ERROR pipeline.PipelinePlacementPolicy (PipelinePlacementPolicy.java:filterViableNodes(147)) - Unable to find enough nodes that meet the criteria that cannot engage in more than 5 pipelines. Nodes required: 3 Found: 0, healthy nodes count inNodeManager: 3.
2019-09-12 11:46:23,374 [RatisPipelineUtilsThread] ERROR pipeline.SCMPipelineManager (SCMPipelineManager.java:createPipeline(161)) - Pipeline creation failed due to exception: Unable to find enough nodes that meet the criteria that cannot engage in more than 5 pipelines. Nodes required: 3 Found: 0, healthy nodes count inNodeManager: 3.
2019-09-12 11:46:24,057 [main] INFO  ozone.MiniOzoneClusterImpl (MiniOzoneClusterImpl.java:lambda$waitForClusterToBeReady$0(142)) - Cluster is ready. Got 3 of 3 DN Heartbeats.
2019-09-12 11:46:24,216 | INFO  | OMAudit | user=jenkins1000 | ip=127.0.0.1 | op=CREATE_VOLUME {admin=admin88306, owner=user24488, volume=volume64623, creationTime=1568288784216, quotaInBytes=1152921504606846976} | ret=SUCCESS |  
2019-09-12 11:46:24,226 | INFO  | OMAudit | user=jenkins1000 | ip=127.0.0.1 | op=CREATE_BUCKET {volume=volume64623, bucket=bucket31378, acls=[], isVersionEnabled=false, storageType=DISK, creationTime=0} | ret=SUCCESS |  
2019-09-12 11:46:24,247 | INFO  | OMAudit | user=jenkins1000 | ip=127.0.0.1 | op=READ_VOLUME {volume=volume64623} | ret=SUCCESS |  
2019-09-12 11:46:24,249 | INFO  | OMAudit | user=jenkins1000 | ip=127.0.0.1 | op=READ_BUCKET {volume=volume64623, bucket=bucket31378} | ret=SUCCESS |  
2019-09-12 11:46:24,299 [IPC Server handler 1 on 37866] ERROR pipeline.PipelinePlacementPolicy (PipelinePlacementPolicy.java:meetCriteria(92)) - Pipeline Placement: Doesn't meet the criteria to be viable node. Heaviness: 6
2019-09-12 11:46:24,300 [IPC Server handler 1 on 37866] ERROR pipeline.PipelinePlacementPolicy (PipelinePlacementPolicy.java:meetCriteria(92)) - Pipeline Placement: Doesn't meet the criteria to be viable node. Heaviness: 6
2019-09-12 11:46:24,300 [IPC Server handler 1 on 37866] ERROR pipeline.PipelinePlacementPolicy (PipelinePlacementPolicy.java:meetCriteria(92)) - Pipeline Placement: Doesn't meet the criteria to be viable node. Heaviness: 6
2019-09-12 11:46:24,300 [IPC Server handler 1 on 37866] ERROR pipeline.PipelinePlacementPolicy (PipelinePlacementPolicy.java:filterViableNodes(147)) - Unable to find enough nodes that meet the criteria that cannot engage in more than 5 pipelines. Nodes required: 3 Found: 0, healthy nodes count inNodeManager: 3.
2019-09-12 11:46:24,300 [IPC Server handler 1 on 37866] ERROR pipeline.SCMPipelineManager (SCMPipelineManager.java:createPipeline(161)) - Pipeline creation failed due to exception: Unable to find enough nodes that meet the criteria that cannot engage in more than 5 pipelines. Nodes required: 3 Found: 0, healthy nodes count inNodeManager: 3.
2019-09-12 11:46:24,301 [IPC Server handler 1 on 37866] WARN  block.BlockManagerImpl (BlockManagerImpl.java:allocateBlock(192)) - Pipeline creation failed for type:RATIS factor:THREE. Retrying get pipelines call once.
org.apache.hadoop.hdds.scm.exceptions.SCMException: Unable to find enough nodes that meet the criteria that cannot engage in more than 5 pipelines. Nodes required: 3 Found: 0, healthy nodes count inNodeManager: 3.
	at org.apache.hadoop.hdds.scm.pipeline.PipelinePlacementPolicy.filterViableNodes(PipelinePlacementPolicy.java:148)
	at org.apache.hadoop.hdds.scm.pipeline.PipelinePlacementPolicy.chooseDatanodes(PipelinePlacementPolicy.java:171)
	at org.apache.hadoop.hdds.scm.pipeline.RatisPipelineProvider.create(RatisPipelineProvider.java:100)
	at org.apache.hadoop.hdds.scm.pipeline.PipelineFactory.create(PipelineFactory.java:57)
	at org.apache.hadoop.hdds.scm.pipeline.SCMPipelineManager.createPipeline(SCMPipelineManager.java:149)
	at org.apache.hadoop.hdds.scm.block.BlockManagerImpl.allocateBlock(BlockManagerImpl.java:190)
	at org.apache.hadoop.hdds.scm.server.SCMBlockProtocolServer.allocateBlock(SCMBlockProtocolServer.java:175)
	at org.apache.hadoop.ozone.protocolPB.ScmBlockLocationProtocolServerSideTranslatorPB.allocateScmBlock(ScmBlockLocationProtocolServerSideTranslatorPB.java:153)
	at org.apache.hadoop.ozone.protocolPB.ScmBlockLocationProtocolServerSideTranslatorPB.send(ScmBlockLocationProtocolServerSideTranslatorPB.java:112)
	at org.apache.hadoop.hdds.protocol.proto.ScmBlockLocationProtocolProtos$ScmBlockLocationProtocolService$2.callBlockingMethod(ScmBlockLocationProtocolProtos.java:13157)
	at org.apache.hadoop.ipc.ProtobufRpcEngine$Server$ProtoBufRpcInvoker.call(ProtobufRpcEngine.java:524)
	at org.apache.hadoop.ipc.RPC$Server.call(RPC.java:1025)
	at org.apache.hadoop.ipc.Server$RpcCall.run(Server.java:876)
	at org.apache.hadoop.ipc.Server$RpcCall.run(Server.java:822)
	at java.security.AccessController.doPrivileged(Native Method)
	at javax.security.auth.Subject.doAs(Subject.java:422)
	at org.apache.hadoop.security.UserGroupInformation.doAs(UserGroupInformation.java:1730)
	at org.apache.hadoop.ipc.Server$Handler.run(Server.java:2682)
2019-09-12 11:46:24,304 [IPC Server handler 1 on 37866] INFO  block.BlockManagerImpl (BlockManagerImpl.java:allocateBlock(198)) - Could not find available pipeline of type:RATIS and factor:THREE even after retrying
2019-09-12 11:46:24,304 [IPC Server handler 1 on 37866] ERROR block.BlockManagerImpl (BlockManagerImpl.java:allocateBlock(222)) - Unable to allocate a block for the size: 4194304, type: RATIS, factor: THREE
2019-09-12 11:46:24,304 | INFO  | SCMAudit | user=jenkins1000 | ip=192.168.36.114 | op=ALLOCATE_BLOCK {owner=cfe01e35-109a-4018-8baf-b013de2c670d, size=4194304, type=RATIS, factor=THREE} | ret=SUCCESS |  
2019-09-12 11:46:24,312 | ERROR | OMAudit | user=jenkins1000 | ip=127.0.0.1 | op=CREATE_FILE {volume=volume64623, bucket=bucket31378, key=IOOgU, dataSize=0, replicationType=RATIS, replicationFactor=THREE, keyLocationInfo=null} | ret=FAILURE | org.apache.hadoop.hdds.scm.exceptions.SCMException: Allocated 0 blocks. Requested 1 blocks
	at org.apache.hadoop.hdds.scm.protocolPB.ScmBlockLocationProtocolClientSideTranslatorPB.handleError(ScmBlockLocationProtocolClientSideTranslatorPB.java:118)
	at org.apache.hadoop.hdds.scm.protocolPB.ScmBlockLocationProtocolClientSideTranslatorPB.allocateBlock(ScmBlockLocationProtocolClientSideTranslatorPB.java:156) 
2019-09-12 11:46:24,315 [main] INFO  ozone.MiniOzoneClusterImpl (MiniOzoneClusterImpl.java:shutdown(321)) - Shutting down the Mini Ozone Cluster
2019-09-12 11:46:24,315 | INFO  | SCMAudit | user=null | ip=null | op=GET_SCM_INFO null | ret=SUCCESS |  
2019-09-12 11:46:24,315 [main] INFO  ozone.MiniOzoneClusterImpl (MiniOzoneClusterImpl.java:stop(336)) - Stopping the Mini Ozone Cluster
2019-09-12 11:46:24,315 [main] INFO  ozone.MiniOzoneClusterImpl (MiniOzoneClusterImpl.java:stop(338)) - Stopping the OzoneManager
2019-09-12 11:46:24,316 [main] INFO  ipc.Server (Server.java:stop(3082)) - Stopping server on 40752
2019-09-12 11:46:24,319 [IPC Server listener on 40752] INFO  ipc.Server (Server.java:run(1185)) - Stopping IPC Server listener on 40752
2019-09-12 11:46:24,319 [IPC Server Responder] INFO  ipc.Server (Server.java:run(1319)) - Stopping IPC Server Responder
2019-09-12 11:46:24,319 [main] INFO  ratis.OzoneManagerDoubleBuffer (OzoneManagerDoubleBuffer.java:stop(248)) - Stopping OMDoubleBuffer flush thread
2019-09-12 11:46:24,322 [OMDoubleBufferFlushThread] INFO  ratis.OzoneManagerDoubleBuffer (OzoneManagerDoubleBuffer.java:flushTransactions(191)) - OMDoubleBuffer flush thread OMDoubleBufferFlushThread is interrupted and will exit. OMDoubleBufferFlushThread
2019-09-12 11:46:24,322 [main] INFO  utils.BackgroundService (BackgroundService.java:shutdown(148)) - Shutting down service KeyDeletingService
2019-09-12 11:46:24,323 [main] INFO  handler.ContextHandler (ContextHandler.java:doStop(910)) - Stopped o.e.j.w.WebAppContext@7eb94590{/,null,UNAVAILABLE}{/ozoneManager}
2019-09-12 11:46:24,324 [main] INFO  server.AbstractConnector (AbstractConnector.java:doStop(318)) - Stopped ServerConnector@3777fc44{HTTP/1.1,[http/1.1]}{0.0.0.0:0}
2019-09-12 11:46:24,324 [main] INFO  handler.ContextHandler (ContextHandler.java:doStop(910)) - Stopped o.e.j.s.ServletContextHandler@6ec77cab{/static,jar:file:/home/user/.m2/repository/org/apache/hadoop/hadoop-ozone-ozone-manager/0.5.0-SNAPSHOT/hadoop-ozone-ozone-manager-0.5.0-SNAPSHOT.jar!/webapps/static,UNAVAILABLE}
2019-09-12 11:46:24,325 [main] INFO  handler.ContextHandler (ContextHandler.java:doStop(910)) - Stopped o.e.j.s.ServletContextHandler@5a8835c6{/logs,file:///workdir/hadoop-ozone/ozonefs/target/log,UNAVAILABLE}
2019-09-12 11:46:24,326 [main] INFO  ozone.MiniOzoneClusterImpl (MiniOzoneClusterImpl.java:stop(344)) - Shutting the HddsDatanodes
2019-09-12 11:46:24,327 [main] INFO  datanode.ObjectStoreHandler (ObjectStoreHandler.java:close(155)) - Closing ObjectStoreHandler.
2019-09-12 11:46:24,327 [ForkJoinPool.commonPool-worker-1] INFO  datanode.ObjectStoreHandler (ObjectStoreHandler.java:close(155)) - Closing ObjectStoreHandler.
2019-09-12 11:46:24,327 [main] INFO  ozone.HddsDatanodeService (HddsDatanodeService.java:stop(451)) - Stopped plug-in org.apache.hadoop.ozone.web.OzoneHddsDatanodeService@3cf7433e
2019-09-12 11:46:24,327 [ForkJoinPool.commonPool-worker-1] INFO  ozone.HddsDatanodeService (HddsDatanodeService.java:stop(451)) - Stopped plug-in org.apache.hadoop.ozone.web.OzoneHddsDatanodeService@6632eb19
2019-09-12 11:46:24,594 [Datanode State Machine Thread - 0] INFO  statemachine.DatanodeStateMachine (DatanodeStateMachine.java:lambda$startDaemon$0(350)) - Ozone container server started.
2019-09-12 11:46:24,790 [Datanode State Machine Thread - 0] INFO  statemachine.DatanodeStateMachine (DatanodeStateMachine.java:lambda$startDaemon$0(350)) - Ozone container server started.
2019-09-12 11:46:25,057 | INFO  | SCMAudit | user=jenkins1000 | ip=192.168.36.114 | op=SEND_HEARTBEAT {datanodeUUID=325ee62c-45ec-4ba0-83a5-5e89328cdd9c, command=[]} | ret=SUCCESS |  
2019-09-12 11:46:25,602 [Thread-1504] INFO  container.ReplicationManager (ReplicationManager.java:start(151)) - Starting Replication Monitor Thread.
2019-09-12 11:46:25,605 [ReplicationMonitor] INFO  container.ReplicationManager (ReplicationManager.java:run(214)) - Replication Monitor Thread took 0 milliseconds for processing 0 containers.
2019-09-12 11:46:26,058 | INFO  | SCMAudit | user=jenkins1000 | ip=192.168.36.114 | op=SEND_HEARTBEAT {datanodeUUID=325ee62c-45ec-4ba0-83a5-5e89328cdd9c, command=[]} | ret=SUCCESS |  
2019-09-12 11:46:27,057 | INFO  | SCMAudit | user=jenkins1000 | ip=192.168.36.114 | op=SEND_HEARTBEAT {datanodeUUID=325ee62c-45ec-4ba0-83a5-5e89328cdd9c, command=[]} | ret=SUCCESS |  
2019-09-12 11:46:27,751 [Thread-1509] INFO  impl.FollowerState (FollowerState.java:run(106)) - 9a90101b-844a-48a0-acac-1ec26bec568c:group-DB36D9620A8E changes to CANDIDATE, lastRpcTime:5061, electionTimeout:5061ms
2019-09-12 11:46:27,752 [Thread-1509] INFO  impl.RoleInfo (RoleInfo.java:shutdownFollowerState(121)) - 9a90101b-844a-48a0-acac-1ec26bec568c: shutdown FollowerState
2019-09-12 11:46:27,752 [Thread-1509] INFO  impl.RaftServerImpl (RaftServerImpl.java:setRole(171)) - 9a90101b-844a-48a0-acac-1ec26bec568c:group-DB36D9620A8E changes role from FOLLOWER to CANDIDATE at term 0 for changeToCandidate
2019-09-12 11:46:27,752 [Thread-1509] INFO  impl.RoleInfo (RoleInfo.java:updateAndGet(143)) - 9a90101b-844a-48a0-acac-1ec26bec568c: start LeaderElection
2019-09-12 11:46:27,767 [9a90101b-844a-48a0-acac-1ec26bec568c:group-DB36D9620A8E:LeaderElection91] INFO  impl.LeaderElection (LeaderElection.java:askForVotes(181)) - 9a90101b-844a-48a0-acac-1ec26bec568c:group-DB36D9620A8E:LeaderElection91: begin an election at term 1 for -1: [9a90101b-844a-48a0-acac-1ec26bec568c:192.168.36.114:44461], old=null
2019-09-12 11:46:27,768 [9a90101b-844a-48a0-acac-1ec26bec568c:group-DB36D9620A8E:LeaderElection91] INFO  impl.RoleInfo (RoleInfo.java:shutdownLeaderElection(134)) - 9a90101b-844a-48a0-acac-1ec26bec568c: shutdown LeaderElection
2019-09-12 11:46:27,768 [9a90101b-844a-48a0-acac-1ec26bec568c:group-DB36D9620A8E:LeaderElection91] INFO  impl.RaftServerImpl (RaftServerImpl.java:setRole(171)) - 9a90101b-844a-48a0-acac-1ec26bec568c:group-DB36D9620A8E changes role from CANDIDATE to LEADER at term 1 for changeToLeader
2019-09-12 11:46:27,768 [9a90101b-844a-48a0-acac-1ec26bec568c:group-DB36D9620A8E:LeaderElection91] INFO  impl.RaftServerImpl (ServerState.java:setLeader(263)) - 9a90101b-844a-48a0-acac-1ec26bec568c:group-DB36D9620A8E change Leader from null to 9a90101b-844a-48a0-acac-1ec26bec568c at term 1 for becomeLeader, leader elected after 5081ms
2019-09-12 11:46:27,768 [9a90101b-844a-48a0-acac-1ec26bec568c:group-DB36D9620A8E:LeaderElection91] INFO  server.RaftServerConfigKeys (ConfUtils.java:logGet(43)) - raft.server.staging.catchup.gap = 1000 (default)
2019-09-12 11:46:27,768 [9a90101b-844a-48a0-acac-1ec26bec568c:group-DB36D9620A8E:LeaderElection91] INFO  server.RaftServerConfigKeys (ConfUtils.java:logGet(43)) - raft.server.rpc.sleep.time = 25ms (default)
2019-09-12 11:46:27,768 [9a90101b-844a-48a0-acac-1ec26bec568c:group-DB36D9620A8E:LeaderElection91] INFO  server.RaftServerConfigKeys (ConfUtils.java:logGet(43)) - raft.server.write.element-limit = 4096 (default)
2019-09-12 11:46:27,768 [9a90101b-844a-48a0-acac-1ec26bec568c:group-DB36D9620A8E:LeaderElection91] INFO  server.RaftServerConfigKeys (ConfUtils.java:logGet(43)) - raft.server.watch.timeout = 10s (default)
2019-09-12 11:46:27,768 [9a90101b-844a-48a0-acac-1ec26bec568c:group-DB36D9620A8E:LeaderElection91] INFO  server.RaftServerConfigKeys (ConfUtils.java:logGet(43)) - raft.server.watch.timeout.denomination = 1s (default)
2019-09-12 11:46:27,768 [9a90101b-844a-48a0-acac-1ec26bec568c:group-DB36D9620A8E:LeaderElection91] INFO  server.RaftServerConfigKeys (ConfUtils.java:logGet(43)) - raft.server.watch.element-limit = 65536 (default)
2019-09-12 11:46:27,769 [9a90101b-844a-48a0-acac-1ec26bec568c:group-DB36D9620A8E:LeaderElection91] INFO  impl.RoleInfo (RoleInfo.java:updateAndGet(143)) - 9a90101b-844a-48a0-acac-1ec26bec568c: start LeaderState
2019-09-12 11:46:27,769 [9a90101b-844a-48a0-acac-1ec26bec568c:group-DB36D9620A8E:LeaderElection91] INFO  segmented.SegmentedRaftLogWorker (SegmentedRaftLogWorker.java:startLogSegment(380)) - 9a90101b-844a-48a0-acac-1ec26bec568c-SegmentedRaftLogWorker:Storage Directory /workdir/hadoop-ozone/ozonefs/target/test-dir/MiniOzoneClusterImpl-3eb4f7d7-b6cb-4385-801e-8717a1e56e16/datanode-0/data/ratis/6f1010d2-ed4c-4db1-af46-db36d9620a8e: Starting segment from index:0
2019-09-12 11:46:27,769 [9a90101b-844a-48a0-acac-1ec26bec568c:group-DB36D9620A8E:LeaderElection91] INFO  impl.RaftServerImpl (ServerState.java:setRaftConf(361)) - 9a90101b-844a-48a0-acac-1ec26bec568c:group-DB36D9620A8E set configuration 0: [9a90101b-844a-48a0-acac-1ec26bec568c:192.168.36.114:44461], old=null at 0
2019-09-12 11:46:27,795 [Thread-1506] INFO  impl.FollowerState (FollowerState.java:run(106)) - 9a90101b-844a-48a0-acac-1ec26bec568c:group-8AABE10C32B0 changes to CANDIDATE, lastRpcTime:5147, electionTimeout:5147ms
2019-09-12 11:46:27,795 [Thread-1506] INFO  impl.RoleInfo (RoleInfo.java:shutdownFollowerState(121)) - 9a90101b-844a-48a0-acac-1ec26bec568c: shutdown FollowerState
2019-09-12 11:46:27,795 [Thread-1506] INFO  impl.RaftServerImpl (RaftServerImpl.java:setRole(171)) - 9a90101b-844a-48a0-acac-1ec26bec568c:group-8AABE10C32B0 changes role from FOLLOWER to CANDIDATE at term 0 for changeToCandidate
2019-09-12 11:46:27,796 [Thread-1506] INFO  impl.RoleInfo (RoleInfo.java:updateAndGet(143)) - 9a90101b-844a-48a0-acac-1ec26bec568c: start LeaderElection
2019-09-12 11:46:27,804 [Thread-1512] INFO  impl.FollowerState (FollowerState.java:run(106)) - 9a90101b-844a-48a0-acac-1ec26bec568c:group-AAEE89117EA2 changes to CANDIDATE, lastRpcTime:5071, electionTimeout:5071ms
2019-09-12 11:46:27,804 [Thread-1512] INFO  impl.RoleInfo (RoleInfo.java:shutdownFollowerState(121)) - 9a90101b-844a-48a0-acac-1ec26bec568c: shutdown FollowerState
2019-09-12 11:46:27,804 [Thread-1512] INFO  impl.RaftServerImpl (RaftServerImpl.java:setRole(171)) - 9a90101b-844a-48a0-acac-1ec26bec568c:group-AAEE89117EA2 changes role from FOLLOWER to CANDIDATE at term 0 for changeToCandidate
2019-09-12 11:46:27,804 [Thread-1512] INFO  impl.RoleInfo (RoleInfo.java:updateAndGet(143)) - 9a90101b-844a-48a0-acac-1ec26bec568c: start LeaderElection
2019-09-12 11:46:27,817 [9a90101b-844a-48a0-acac-1ec26bec568c-SegmentedRaftLogWorker:Storage Directory /workdir/hadoop-ozone/ozonefs/target/test-dir/MiniOzoneClusterImpl-3eb4f7d7-b6cb-4385-801e-8717a1e56e16/datanode-0/data/ratis/6f1010d2-ed4c-4db1-af46-db36d9620a8e] INFO  segmented.SegmentedRaftLogWorker (SegmentedRaftLogWorker.java:execute(569)) - 9a90101b-844a-48a0-acac-1ec26bec568c-SegmentedRaftLogWorker:Storage Directory /workdir/hadoop-ozone/ozonefs/target/test-dir/MiniOzoneClusterImpl-3eb4f7d7-b6cb-4385-801e-8717a1e56e16/datanode-0/data/ratis/6f1010d2-ed4c-4db1-af46-db36d9620a8e: created new log segment /workdir/hadoop-ozone/ozonefs/target/test-dir/MiniOzoneClusterImpl-3eb4f7d7-b6cb-4385-801e-8717a1e56e16/datanode-0/data/ratis/6f1010d2-ed4c-4db1-af46-db36d9620a8e/current/log_inprogress_0
2019-09-12 11:46:27,817 [9a90101b-844a-48a0-acac-1ec26bec568c:group-AAEE89117EA2:LeaderElection93] INFO  impl.LeaderElection (LeaderElection.java:askForVotes(181)) - 9a90101b-844a-48a0-acac-1ec26bec568c:group-AAEE89117EA2:LeaderElection93: begin an election at term 1 for -1: [9a90101b-844a-48a0-acac-1ec26bec568c:192.168.36.114:44461], old=null
2019-09-12 11:46:27,817 [9a90101b-844a-48a0-acac-1ec26bec568c:group-8AABE10C32B0:LeaderElection92] INFO  impl.LeaderElection (LeaderElection.java:askForVotes(181)) - 9a90101b-844a-48a0-acac-1ec26bec568c:group-8AABE10C32B0:LeaderElection92: begin an election at term 1 for -1: [9a90101b-844a-48a0-acac-1ec26bec568c:192.168.36.114:44461], old=null
2019-09-12 11:46:27,817 [9a90101b-844a-48a0-acac-1ec26bec568c:group-AAEE89117EA2:LeaderElection93] INFO  impl.RoleInfo (RoleInfo.java:shutdownLeaderElection(134)) - 9a90101b-844a-48a0-acac-1ec26bec568c: shutdown LeaderElection
2019-09-12 11:46:27,817 [9a90101b-844a-48a0-acac-1ec26bec568c:group-8AABE10C32B0:LeaderElection92] INFO  impl.RoleInfo (RoleInfo.java:shutdownLeaderElection(134)) - 9a90101b-844a-48a0-acac-1ec26bec568c: shutdown LeaderElection
2019-09-12 11:46:27,817 [9a90101b-844a-48a0-acac-1ec26bec568c:group-AAEE89117EA2:LeaderElection93] INFO  impl.RaftServerImpl (RaftServerImpl.java:setRole(171)) - 9a90101b-844a-48a0-acac-1ec26bec568c:group-AAEE89117EA2 changes role from CANDIDATE to LEADER at term 1 for changeToLeader
2019-09-12 11:46:27,817 [9a90101b-844a-48a0-acac-1ec26bec568c:group-8AABE10C32B0:LeaderElection92] INFO  impl.RaftServerImpl (RaftServerImpl.java:setRole(171)) - 9a90101b-844a-48a0-acac-1ec26bec568c:group-8AABE10C32B0 changes role from CANDIDATE to LEADER at term 1 for changeToLeader
2019-09-12 11:46:27,817 [9a90101b-844a-48a0-acac-1ec26bec568c:group-AAEE89117EA2:LeaderElection93] INFO  impl.RaftServerImpl (ServerState.java:setLeader(263)) - 9a90101b-844a-48a0-acac-1ec26bec568c:group-AAEE89117EA2 change Leader from null to 9a90101b-844a-48a0-acac-1ec26bec568c at term 1 for becomeLeader, leader elected after 5089ms
2019-09-12 11:46:27,817 [9a90101b-844a-48a0-acac-1ec26bec568c:group-8AABE10C32B0:LeaderElection92] INFO  impl.RaftServerImpl (ServerState.java:setLeader(263)) - 9a90101b-844a-48a0-acac-1ec26bec568c:group-8AABE10C32B0 change Leader from null to 9a90101b-844a-48a0-acac-1ec26bec568c at term 1 for becomeLeader, leader elected after 5175ms
2019-09-12 11:46:27,818 [9a90101b-844a-48a0-acac-1ec26bec568c:group-AAEE89117EA2:LeaderElection93] INFO  server.RaftServerConfigKeys (ConfUtils.java:logGet(43)) - raft.server.staging.catchup.gap = 1000 (default)
2019-09-12 11:46:27,818 [9a90101b-844a-48a0-acac-1ec26bec568c:group-8AABE10C32B0:LeaderElection92] INFO  server.RaftServerConfigKeys (ConfUtils.java:logGet(43)) - raft.server.staging.catchup.gap = 1000 (default)
2019-09-12 11:46:27,818 [9a90101b-844a-48a0-acac-1ec26bec568c:group-AAEE89117EA2:LeaderElection93] INFO  server.RaftServerConfigKeys (ConfUtils.java:logGet(43)) - raft.server.rpc.sleep.time = 25ms (default)
2019-09-12 11:46:27,818 [9a90101b-844a-48a0-acac-1ec26bec568c:group-8AABE10C32B0:LeaderElection92] INFO  server.RaftServerConfigKeys (ConfUtils.java:logGet(43)) - raft.server.rpc.sleep.time = 25ms (default)
2019-09-12 11:46:27,818 [9a90101b-844a-48a0-acac-1ec26bec568c:group-AAEE89117EA2:LeaderElection93] INFO  server.RaftServerConfigKeys (ConfUtils.java:logGet(43)) - raft.server.write.element-limit = 4096 (default)
2019-09-12 11:46:27,818 [9a90101b-844a-48a0-acac-1ec26bec568c:group-8AABE10C32B0:LeaderElection92] INFO  server.RaftServerConfigKeys (ConfUtils.java:logGet(43)) - raft.server.write.element-limit = 4096 (default)
2019-09-12 11:46:27,818 [9a90101b-844a-48a0-acac-1ec26bec568c:group-AAEE89117EA2:LeaderElection93] INFO  server.RaftServerConfigKeys (ConfUtils.java:logGet(43)) - raft.server.watch.timeout = 10s (default)
2019-09-12 11:46:27,818 [9a90101b-844a-48a0-acac-1ec26bec568c:group-8AABE10C32B0:LeaderElection92] INFO  server.RaftServerConfigKeys (ConfUtils.java:logGet(43)) - raft.server.watch.timeout = 10s (default)
2019-09-12 11:46:27,818 [9a90101b-844a-48a0-acac-1ec26bec568c:group-AAEE89117EA2:LeaderElection93] INFO  server.RaftServerConfigKeys (ConfUtils.java:logGet(43)) - raft.server.watch.timeout.denomination = 1s (default)
2019-09-12 11:46:27,819 [9a90101b-844a-48a0-acac-1ec26bec568c:group-8AABE10C32B0:LeaderElection92] INFO  server.RaftServerConfigKeys (ConfUtils.java:logGet(43)) - raft.server.watch.timeout.denomination = 1s (default)
2019-09-12 11:46:27,819 [9a90101b-844a-48a0-acac-1ec26bec568c:group-AAEE89117EA2:LeaderElection93] INFO  server.RaftServerConfigKeys (ConfUtils.java:logGet(43)) - raft.server.watch.element-limit = 65536 (default)
2019-09-12 11:46:27,819 [9a90101b-844a-48a0-acac-1ec26bec568c:group-8AABE10C32B0:LeaderElection92] INFO  server.RaftServerConfigKeys (ConfUtils.java:logGet(43)) - raft.server.watch.element-limit = 65536 (default)
2019-09-12 11:46:27,819 [9a90101b-844a-48a0-acac-1ec26bec568c:group-AAEE89117EA2:LeaderElection93] INFO  impl.RoleInfo (RoleInfo.java:updateAndGet(143)) - 9a90101b-844a-48a0-acac-1ec26bec568c: start LeaderState
2019-09-12 11:46:27,819 [9a90101b-844a-48a0-acac-1ec26bec568c:group-8AABE10C32B0:LeaderElection92] INFO  impl.RoleInfo (RoleInfo.java:updateAndGet(143)) - 9a90101b-844a-48a0-acac-1ec26bec568c: start LeaderState
2019-09-12 11:46:27,819 [9a90101b-844a-48a0-acac-1ec26bec568c:group-AAEE89117EA2:LeaderElection93] INFO  segmented.SegmentedRaftLogWorker (SegmentedRaftLogWorker.java:startLogSegment(380)) - 9a90101b-844a-48a0-acac-1ec26bec568c-SegmentedRaftLogWorker:Storage Directory /workdir/hadoop-ozone/ozonefs/target/test-dir/MiniOzoneClusterImpl-3eb4f7d7-b6cb-4385-801e-8717a1e56e16/datanode-0/data/ratis/0a35add0-f6b8-4ac0-bf65-aaee89117ea2: Starting segment from index:0
2019-09-12 11:46:27,819 [9a90101b-844a-48a0-acac-1ec26bec568c:group-8AABE10C32B0:LeaderElection92] INFO  segmented.SegmentedRaftLogWorker (SegmentedRaftLogWorker.java:startLogSegment(380)) - 9a90101b-844a-48a0-acac-1ec26bec568c-SegmentedRaftLogWorker:Storage Directory /workdir/hadoop-ozone/ozonefs/target/test-dir/MiniOzoneClusterImpl-3eb4f7d7-b6cb-4385-801e-8717a1e56e16/datanode-0/data/ratis/6c8809b8-a7d9-4fcf-a8ce-8aabe10c32b0: Starting segment from index:0
2019-09-12 11:46:27,820 [9a90101b-844a-48a0-acac-1ec26bec568c:group-AAEE89117EA2:LeaderElection93] INFO  impl.RaftServerImpl (ServerState.java:setRaftConf(361)) - 9a90101b-844a-48a0-acac-1ec26bec568c:group-AAEE89117EA2 set configuration 0: [9a90101b-844a-48a0-acac-1ec26bec568c:192.168.36.114:44461], old=null at 0
2019-09-12 11:46:27,820 [9a90101b-844a-48a0-acac-1ec26bec568c:group-8AABE10C32B0:LeaderElection92] INFO  impl.RaftServerImpl (ServerState.java:setRaftConf(361)) - 9a90101b-844a-48a0-acac-1ec26bec568c:group-8AABE10C32B0 set configuration 0: [9a90101b-844a-48a0-acac-1ec26bec568c:192.168.36.114:44461], old=null at 0
2019-09-12 11:46:27,859 [9a90101b-844a-48a0-acac-1ec26bec568c-SegmentedRaftLogWorker:Storage Directory /workdir/hadoop-ozone/ozonefs/target/test-dir/MiniOzoneClusterImpl-3eb4f7d7-b6cb-4385-801e-8717a1e56e16/datanode-0/data/ratis/0a35add0-f6b8-4ac0-bf65-aaee89117ea2] INFO  segmented.SegmentedRaftLogWorker (SegmentedRaftLogWorker.java:execute(569)) - 9a90101b-844a-48a0-acac-1ec26bec568c-SegmentedRaftLogWorker:Storage Directory /workdir/hadoop-ozone/ozonefs/target/test-dir/MiniOzoneClusterImpl-3eb4f7d7-b6cb-4385-801e-8717a1e56e16/datanode-0/data/ratis/0a35add0-f6b8-4ac0-bf65-aaee89117ea2: created new log segment /workdir/hadoop-ozone/ozonefs/target/test-dir/MiniOzoneClusterImpl-3eb4f7d7-b6cb-4385-801e-8717a1e56e16/datanode-0/data/ratis/0a35add0-f6b8-4ac0-bf65-aaee89117ea2/current/log_inprogress_0
2019-09-12 11:46:27,859 [9a90101b-844a-48a0-acac-1ec26bec568c-SegmentedRaftLogWorker:Storage Directory /workdir/hadoop-ozone/ozonefs/target/test-dir/MiniOzoneClusterImpl-3eb4f7d7-b6cb-4385-801e-8717a1e56e16/datanode-0/data/ratis/6c8809b8-a7d9-4fcf-a8ce-8aabe10c32b0] INFO  segmented.SegmentedRaftLogWorker (SegmentedRaftLogWorker.java:execute(569)) - 9a90101b-844a-48a0-acac-1ec26bec568c-SegmentedRaftLogWorker:Storage Directory /workdir/hadoop-ozone/ozonefs/target/test-dir/MiniOzoneClusterImpl-3eb4f7d7-b6cb-4385-801e-8717a1e56e16/datanode-0/data/ratis/6c8809b8-a7d9-4fcf-a8ce-8aabe10c32b0: created new log segment /workdir/hadoop-ozone/ozonefs/target/test-dir/MiniOzoneClusterImpl-3eb4f7d7-b6cb-4385-801e-8717a1e56e16/datanode-0/data/ratis/6c8809b8-a7d9-4fcf-a8ce-8aabe10c32b0/current/log_inprogress_0
2019-09-12 11:46:27,870 [Thread-1518] INFO  impl.FollowerState (FollowerState.java:run(106)) - 9a90101b-844a-48a0-acac-1ec26bec568c:group-6FA59B35F577 changes to CANDIDATE, lastRpcTime:5056, electionTimeout:5056ms
2019-09-12 11:46:27,870 [Thread-1518] INFO  impl.RoleInfo (RoleInfo.java:shutdownFollowerState(121)) - 9a90101b-844a-48a0-acac-1ec26bec568c: shutdown FollowerState
2019-09-12 11:46:27,870 [Thread-1518] INFO  impl.RaftServerImpl (RaftServerImpl.java:setRole(171)) - 9a90101b-844a-48a0-acac-1ec26bec568c:group-6FA59B35F577 changes role from FOLLOWER to CANDIDATE at term 0 for changeToCandidate
2019-09-12 11:46:27,871 [Thread-1518] INFO  impl.RoleInfo (RoleInfo.java:updateAndGet(143)) - 9a90101b-844a-48a0-acac-1ec26bec568c: start LeaderElection
2019-09-12 11:46:27,886 [9a90101b-844a-48a0-acac-1ec26bec568c:group-6FA59B35F577:LeaderElection94] INFO  impl.LeaderElection (LeaderElection.java:askForVotes(181)) - 9a90101b-844a-48a0-acac-1ec26bec568c:group-6FA59B35F577:LeaderElection94: begin an election at term 1 for -1: [9a90101b-844a-48a0-acac-1ec26bec568c:192.168.36.114:44461], old=null
2019-09-12 11:46:27,886 [9a90101b-844a-48a0-acac-1ec26bec568c:group-6FA59B35F577:LeaderElection94] INFO  impl.RoleInfo (RoleInfo.java:shutdownLeaderElection(134)) - 9a90101b-844a-48a0-acac-1ec26bec568c: shutdown LeaderElection
2019-09-12 11:46:27,886 [9a90101b-844a-48a0-acac-1ec26bec568c:group-6FA59B35F577:LeaderElection94] INFO  impl.RaftServerImpl (RaftServerImpl.java:setRole(171)) - 9a90101b-844a-48a0-acac-1ec26bec568c:group-6FA59B35F577 changes role from CANDIDATE to LEADER at term 1 for changeToLeader
2019-09-12 11:46:27,886 [9a90101b-844a-48a0-acac-1ec26bec568c:group-6FA59B35F577:LeaderElection94] INFO  impl.RaftServerImpl (ServerState.java:setLeader(263)) - 9a90101b-844a-48a0-acac-1ec26bec568c:group-6FA59B35F577 change Leader from null to 9a90101b-844a-48a0-acac-1ec26bec568c at term 1 for becomeLeader, leader elected after 5076ms
2019-09-12 11:46:27,886 [9a90101b-844a-48a0-acac-1ec26bec568c:group-6FA59B35F577:LeaderElection94] INFO  server.RaftServerConfigKeys (ConfUtils.java:logGet(43)) - raft.server.staging.catchup.gap = 1000 (default)
2019-09-12 11:46:27,886 [9a90101b-844a-48a0-acac-1ec26bec568c:group-6FA59B35F577:LeaderElection94] INFO  server.RaftServerConfigKeys (ConfUtils.java:logGet(43)) - raft.server.rpc.sleep.time = 25ms (default)
2019-09-12 11:46:27,886 [9a90101b-844a-48a0-acac-1ec26bec568c:group-6FA59B35F577:LeaderElection94] INFO  server.RaftServerConfigKeys (ConfUtils.java:logGet(43)) - raft.server.write.element-limit = 4096 (default)
2019-09-12 11:46:27,887 [9a90101b-844a-48a0-acac-1ec26bec568c:group-6FA59B35F577:LeaderElection94] INFO  server.RaftServerConfigKeys (ConfUtils.java:logGet(43)) - raft.server.watch.timeout = 10s (default)
2019-09-12 11:46:27,887 [9a90101b-844a-48a0-acac-1ec26bec568c:group-6FA59B35F577:LeaderElection94] INFO  server.RaftServerConfigKeys (ConfUtils.java:logGet(43)) - raft.server.watch.timeout.denomination = 1s (default)
2019-09-12 11:46:27,887 [9a90101b-844a-48a0-acac-1ec26bec568c:group-6FA59B35F577:LeaderElection94] INFO  server.RaftServerConfigKeys (ConfUtils.java:logGet(43)) - raft.server.watch.element-limit = 65536 (default)
2019-09-12 11:46:27,887 [9a90101b-844a-48a0-acac-1ec26bec568c:group-6FA59B35F577:LeaderElection94] INFO  impl.RoleInfo (RoleInfo.java:updateAndGet(143)) - 9a90101b-844a-48a0-acac-1ec26bec568c: start LeaderState
2019-09-12 11:46:27,887 [9a90101b-844a-48a0-acac-1ec26bec568c:group-6FA59B35F577:LeaderElection94] INFO  segmented.SegmentedRaftLogWorker (SegmentedRaftLogWorker.java:startLogSegment(380)) - 9a90101b-844a-48a0-acac-1ec26bec568c-SegmentedRaftLogWorker:Storage Directory /workdir/hadoop-ozone/ozonefs/target/test-dir/MiniOzoneClusterImpl-3eb4f7d7-b6cb-4385-801e-8717a1e56e16/datanode-0/data/ratis/f51991f7-fff9-4dcf-bfc8-6fa59b35f577: Starting segment from index:0
2019-09-12 11:46:27,888 [9a90101b-844a-48a0-acac-1ec26bec568c:group-6FA59B35F577:LeaderElection94] INFO  impl.RaftServerImpl (ServerState.java:setRaftConf(361)) - 9a90101b-844a-48a0-acac-1ec26bec568c:group-6FA59B35F577 set configuration 0: [9a90101b-844a-48a0-acac-1ec26bec568c:192.168.36.114:44461], old=null at 0
2019-09-12 11:46:27,894 [Thread-1524] INFO  impl.FollowerState (FollowerState.java:run(106)) - 21b7ca86-d644-4165-9703-cec4959a780d:group-3FE4A8697690 changes to CANDIDATE, lastRpcTime:5008, electionTimeout:5008ms
2019-09-12 11:46:27,894 [Thread-1524] INFO  impl.RoleInfo (RoleInfo.java:shutdownFollowerState(121)) - 21b7ca86-d644-4165-9703-cec4959a780d: shutdown FollowerState
2019-09-12 11:46:27,894 [Thread-1524] INFO  impl.RaftServerImpl (RaftServerImpl.java:setRole(171)) - 21b7ca86-d644-4165-9703-cec4959a780d:group-3FE4A8697690 changes role from FOLLOWER to CANDIDATE at term 0 for changeToCandidate
2019-09-12 11:46:27,894 [Thread-1524] INFO  impl.RoleInfo (RoleInfo.java:updateAndGet(143)) - 21b7ca86-d644-4165-9703-cec4959a780d: start LeaderElection
2019-09-12 11:46:27,928 [9a90101b-844a-48a0-acac-1ec26bec568c-SegmentedRaftLogWorker:Storage Directory /workdir/hadoop-ozone/ozonefs/target/test-dir/MiniOzoneClusterImpl-3eb4f7d7-b6cb-4385-801e-8717a1e56e16/datanode-0/data/ratis/f51991f7-fff9-4dcf-bfc8-6fa59b35f577] INFO  segmented.SegmentedRaftLogWorker (SegmentedRaftLogWorker.java:execute(569)) - 9a90101b-844a-48a0-acac-1ec26bec568c-SegmentedRaftLogWorker:Storage Directory /workdir/hadoop-ozone/ozonefs/target/test-dir/MiniOzoneClusterImpl-3eb4f7d7-b6cb-4385-801e-8717a1e56e16/datanode-0/data/ratis/f51991f7-fff9-4dcf-bfc8-6fa59b35f577: created new log segment /workdir/hadoop-ozone/ozonefs/target/test-dir/MiniOzoneClusterImpl-3eb4f7d7-b6cb-4385-801e-8717a1e56e16/datanode-0/data/ratis/f51991f7-fff9-4dcf-bfc8-6fa59b35f577/current/log_inprogress_0
2019-09-12 11:46:27,928 [21b7ca86-d644-4165-9703-cec4959a780d:group-3FE4A8697690:LeaderElection95] INFO  impl.LeaderElection (LeaderElection.java:askForVotes(181)) - 21b7ca86-d644-4165-9703-cec4959a780d:group-3FE4A8697690:LeaderElection95: begin an election at term 1 for -1: [21b7ca86-d644-4165-9703-cec4959a780d:192.168.36.114:36582], old=null
2019-09-12 11:46:27,929 [21b7ca86-d644-4165-9703-cec4959a780d:group-3FE4A8697690:LeaderElection95] INFO  impl.RoleInfo (RoleInfo.java:shutdownLeaderElection(134)) - 21b7ca86-d644-4165-9703-cec4959a780d: shutdown LeaderElection
2019-09-12 11:46:27,929 [21b7ca86-d644-4165-9703-cec4959a780d:group-3FE4A8697690:LeaderElection95] INFO  impl.RaftServerImpl (RaftServerImpl.java:setRole(171)) - 21b7ca86-d644-4165-9703-cec4959a780d:group-3FE4A8697690 changes role from CANDIDATE to LEADER at term 1 for changeToLeader
2019-09-12 11:46:27,929 [21b7ca86-d644-4165-9703-cec4959a780d:group-3FE4A8697690:LeaderElection95] INFO  impl.RaftServerImpl (ServerState.java:setLeader(263)) - 21b7ca86-d644-4165-9703-cec4959a780d:group-3FE4A8697690 change Leader from null to 21b7ca86-d644-4165-9703-cec4959a780d at term 1 for becomeLeader, leader elected after 5047ms
2019-09-12 11:46:27,929 [21b7ca86-d644-4165-9703-cec4959a780d:group-3FE4A8697690:LeaderElection95] INFO  server.RaftServerConfigKeys (ConfUtils.java:logGet(43)) - raft.server.staging.catchup.gap = 1000 (default)
2019-09-12 11:46:27,929 [21b7ca86-d644-4165-9703-cec4959a780d:group-3FE4A8697690:LeaderElection95] INFO  server.RaftServerConfigKeys (ConfUtils.java:logGet(43)) - raft.server.rpc.sleep.time = 25ms (default)
2019-09-12 11:46:27,929 [21b7ca86-d644-4165-9703-cec4959a780d:group-3FE4A8697690:LeaderElection95] INFO  server.RaftServerConfigKeys (ConfUtils.java:logGet(43)) - raft.server.write.element-limit = 4096 (default)
2019-09-12 11:46:27,930 [21b7ca86-d644-4165-9703-cec4959a780d:group-3FE4A8697690:LeaderElection95] INFO  server.RaftServerConfigKeys (ConfUtils.java:logGet(43)) - raft.server.watch.timeout = 10s (default)
2019-09-12 11:46:27,930 [21b7ca86-d644-4165-9703-cec4959a780d:group-3FE4A8697690:LeaderElection95] INFO  server.RaftServerConfigKeys (ConfUtils.java:logGet(43)) - raft.server.watch.timeout.denomination = 1s (default)
2019-09-12 11:46:27,930 [21b7ca86-d644-4165-9703-cec4959a780d:group-3FE4A8697690:LeaderElection95] INFO  server.RaftServerConfigKeys (ConfUtils.java:logGet(43)) - raft.server.watch.element-limit = 65536 (default)
2019-09-12 11:46:27,930 [21b7ca86-d644-4165-9703-cec4959a780d:group-3FE4A8697690:LeaderElection95] INFO  impl.RoleInfo (RoleInfo.java:updateAndGet(143)) - 21b7ca86-d644-4165-9703-cec4959a780d: start LeaderState
2019-09-12 11:46:27,930 [21b7ca86-d644-4165-9703-cec4959a780d:group-3FE4A8697690:LeaderElection95] INFO  segmented.SegmentedRaftLogWorker (SegmentedRaftLogWorker.java:startLogSegment(380)) - 21b7ca86-d644-4165-9703-cec4959a780d-SegmentedRaftLogWorker:Storage Directory /workdir/hadoop-ozone/ozonefs/target/test-dir/MiniOzoneClusterImpl-3eb4f7d7-b6cb-4385-801e-8717a1e56e16/datanode-1/data/ratis/cea92027-f1db-482a-a6d7-3fe4a8697690: Starting segment from index:0
2019-09-12 11:46:27,931 [21b7ca86-d644-4165-9703-cec4959a780d:group-3FE4A8697690:LeaderElection95] INFO  impl.RaftServerImpl (ServerState.java:setRaftConf(361)) - 21b7ca86-d644-4165-9703-cec4959a780d:group-3FE4A8697690 set configuration 0: [21b7ca86-d644-4165-9703-cec4959a780d:192.168.36.114:36582], old=null at 0
2019-09-12 11:46:27,944 [Thread-1515] INFO  impl.FollowerState (FollowerState.java:run(106)) - 9a90101b-844a-48a0-acac-1ec26bec568c:group-3A49F5803C95 changes to CANDIDATE, lastRpcTime:5171, electionTimeout:5171ms
2019-09-12 11:46:27,944 [Thread-1515] INFO  impl.RoleInfo (RoleInfo.java:shutdownFollowerState(121)) - 9a90101b-844a-48a0-acac-1ec26bec568c: shutdown FollowerState
2019-09-12 11:46:27,945 [Thread-1515] INFO  impl.RaftServerImpl (RaftServerImpl.java:setRole(171)) - 9a90101b-844a-48a0-acac-1ec26bec568c:group-3A49F5803C95 changes role from FOLLOWER to CANDIDATE at term 0 for changeToCandidate
2019-09-12 11:46:27,945 [Thread-1515] INFO  impl.RoleInfo (RoleInfo.java:updateAndGet(143)) - 9a90101b-844a-48a0-acac-1ec26bec568c: start LeaderElection
2019-09-12 11:46:27,961 [Thread-1527] INFO  impl.FollowerState (FollowerState.java:run(106)) - 21b7ca86-d644-4165-9703-cec4959a780d:group-243EA9588810 changes to CANDIDATE, lastRpcTime:5035, electionTimeout:5035ms
2019-09-12 11:46:27,961 [Thread-1527] INFO  impl.RoleInfo (RoleInfo.java:shutdownFollowerState(121)) - 21b7ca86-d644-4165-9703-cec4959a780d: shutdown FollowerState
2019-09-12 11:46:27,961 [Thread-1527] INFO  impl.RaftServerImpl (RaftServerImpl.java:setRole(171)) - 21b7ca86-d644-4165-9703-cec4959a780d:group-243EA9588810 changes role from FOLLOWER to CANDIDATE at term 0 for changeToCandidate
2019-09-12 11:46:27,962 [Thread-1527] INFO  impl.RoleInfo (RoleInfo.java:updateAndGet(143)) - 21b7ca86-d644-4165-9703-cec4959a780d: start LeaderElection
2019-09-12 11:46:27,975 [21b7ca86-d644-4165-9703-cec4959a780d-SegmentedRaftLogWorker:Storage Directory /workdir/hadoop-ozone/ozonefs/target/test-dir/MiniOzoneClusterImpl-3eb4f7d7-b6cb-4385-801e-8717a1e56e16/datanode-1/data/ratis/cea92027-f1db-482a-a6d7-3fe4a8697690] INFO  segmented.SegmentedRaftLogWorker (SegmentedRaftLogWorker.java:execute(569)) - 21b7ca86-d644-4165-9703-cec4959a780d-SegmentedRaftLogWorker:Storage Directory /workdir/hadoop-ozone/ozonefs/target/test-dir/MiniOzoneClusterImpl-3eb4f7d7-b6cb-4385-801e-8717a1e56e16/datanode-1/data/ratis/cea92027-f1db-482a-a6d7-3fe4a8697690: created new log segment /workdir/hadoop-ozone/ozonefs/target/test-dir/MiniOzoneClusterImpl-3eb4f7d7-b6cb-4385-801e-8717a1e56e16/datanode-1/data/ratis/cea92027-f1db-482a-a6d7-3fe4a8697690/current/log_inprogress_0
2019-09-12 11:46:27,975 [9a90101b-844a-48a0-acac-1ec26bec568c:group-3A49F5803C95:LeaderElection96] INFO  impl.LeaderElection (LeaderElection.java:askForVotes(181)) - 9a90101b-844a-48a0-acac-1ec26bec568c:group-3A49F5803C95:LeaderElection96: begin an election at term 1 for -1: [9a90101b-844a-48a0-acac-1ec26bec568c:192.168.36.114:44461], old=null
2019-09-12 11:46:27,975 [21b7ca86-d644-4165-9703-cec4959a780d:group-243EA9588810:LeaderElection97] INFO  impl.LeaderElection (LeaderElection.java:askForVotes(181)) - 21b7ca86-d644-4165-9703-cec4959a780d:group-243EA9588810:LeaderElection97: begin an election at term 1 for -1: [21b7ca86-d644-4165-9703-cec4959a780d:192.168.36.114:36582], old=null
2019-09-12 11:46:27,975 [9a90101b-844a-48a0-acac-1ec26bec568c:group-3A49F5803C95:LeaderElection96] INFO  impl.RoleInfo (RoleInfo.java:shutdownLeaderElection(134)) - 9a90101b-844a-48a0-acac-1ec26bec568c: shutdown LeaderElection
2019-09-12 11:46:27,975 [21b7ca86-d644-4165-9703-cec4959a780d:group-243EA9588810:LeaderElection97] INFO  impl.RoleInfo (RoleInfo.java:shutdownLeaderElection(134)) - 21b7ca86-d644-4165-9703-cec4959a780d: shutdown LeaderElection
2019-09-12 11:46:27,975 [9a90101b-844a-48a0-acac-1ec26bec568c:group-3A49F5803C95:LeaderElection96] INFO  impl.RaftServerImpl (RaftServerImpl.java:setRole(171)) - 9a90101b-844a-48a0-acac-1ec26bec568c:group-3A49F5803C95 changes role from CANDIDATE to LEADER at term 1 for changeToLeader
2019-09-12 11:46:27,975 [21b7ca86-d644-4165-9703-cec4959a780d:group-243EA9588810:LeaderElection97] INFO  impl.RaftServerImpl (RaftServerImpl.java:setRole(171)) - 21b7ca86-d644-4165-9703-cec4959a780d:group-243EA9588810 changes role from CANDIDATE to LEADER at term 1 for changeToLeader
2019-09-12 11:46:27,976 [9a90101b-844a-48a0-acac-1ec26bec568c:group-3A49F5803C95:LeaderElection96] INFO  impl.RaftServerImpl (ServerState.java:setLeader(263)) - 9a90101b-844a-48a0-acac-1ec26bec568c:group-3A49F5803C95 change Leader from null to 9a90101b-844a-48a0-acac-1ec26bec568c at term 1 for becomeLeader, leader elected after 5206ms
2019-09-12 11:46:27,976 [21b7ca86-d644-4165-9703-cec4959a780d:group-243EA9588810:LeaderElection97] INFO  impl.RaftServerImpl (ServerState.java:setLeader(263)) - 21b7ca86-d644-4165-9703-cec4959a780d:group-243EA9588810 change Leader from null to 21b7ca86-d644-4165-9703-cec4959a780d at term 1 for becomeLeader, leader elected after 5054ms
2019-09-12 11:46:27,976 [9a90101b-844a-48a0-acac-1ec26bec568c:group-3A49F5803C95:LeaderElection96] INFO  server.RaftServerConfigKeys (ConfUtils.java:logGet(43)) - raft.server.staging.catchup.gap = 1000 (default)
2019-09-12 11:46:27,976 [21b7ca86-d644-4165-9703-cec4959a780d:group-243EA9588810:LeaderElection97] INFO  server.RaftServerConfigKeys (ConfUtils.java:logGet(43)) - raft.server.staging.catchup.gap = 1000 (default)
2019-09-12 11:46:27,976 [9a90101b-844a-48a0-acac-1ec26bec568c:group-3A49F5803C95:LeaderElection96] INFO  server.RaftServerConfigKeys (ConfUtils.java:logGet(43)) - raft.server.rpc.sleep.time = 25ms (default)
2019-09-12 11:46:27,976 [21b7ca86-d644-4165-9703-cec4959a780d:group-243EA9588810:LeaderElection97] INFO  server.RaftServerConfigKeys (ConfUtils.java:logGet(43)) - raft.server.rpc.sleep.time = 25ms (default)
2019-09-12 11:46:27,976 [9a90101b-844a-48a0-acac-1ec26bec568c:group-3A49F5803C95:LeaderElection96] INFO  server.RaftServerConfigKeys (ConfUtils.java:logGet(43)) - raft.server.write.element-limit = 4096 (default)
2019-09-12 11:46:27,977 [21b7ca86-d644-4165-9703-cec4959a780d:group-243EA9588810:LeaderElection97] INFO  server.RaftServerConfigKeys (ConfUtils.java:logGet(43)) - raft.server.write.element-limit = 4096 (default)
2019-09-12 11:46:27,977 [9a90101b-844a-48a0-acac-1ec26bec568c:group-3A49F5803C95:LeaderElection96] INFO  server.RaftServerConfigKeys (ConfUtils.java:logGet(43)) - raft.server.watch.timeout = 10s (default)
2019-09-12 11:46:27,977 [21b7ca86-d644-4165-9703-cec4959a780d:group-243EA9588810:LeaderElection97] INFO  server.RaftServerConfigKeys (ConfUtils.java:logGet(43)) - raft.server.watch.timeout = 10s (default)
2019-09-12 11:46:27,977 [9a90101b-844a-48a0-acac-1ec26bec568c:group-3A49F5803C95:LeaderElection96] INFO  server.RaftServerConfigKeys (ConfUtils.java:logGet(43)) - raft.server.watch.timeout.denomination = 1s (default)
2019-09-12 11:46:27,977 [21b7ca86-d644-4165-9703-cec4959a780d:group-243EA9588810:LeaderElection97] INFO  server.RaftServerConfigKeys (ConfUtils.java:logGet(43)) - raft.server.watch.timeout.denomination = 1s (default)
2019-09-12 11:46:27,977 [9a90101b-844a-48a0-acac-1ec26bec568c:group-3A49F5803C95:LeaderElection96] INFO  server.RaftServerConfigKeys (ConfUtils.java:logGet(43)) - raft.server.watch.element-limit = 65536 (default)
2019-09-12 11:46:27,977 [21b7ca86-d644-4165-9703-cec4959a780d:group-243EA9588810:LeaderElection97] INFO  server.RaftServerConfigKeys (ConfUtils.java:logGet(43)) - raft.server.watch.element-limit = 65536 (default)
2019-09-12 11:46:27,978 [9a90101b-844a-48a0-acac-1ec26bec568c:group-3A49F5803C95:LeaderElection96] INFO  impl.RoleInfo (RoleInfo.java:updateAndGet(143)) - 9a90101b-844a-48a0-acac-1ec26bec568c: start LeaderState
2019-09-12 11:46:27,978 [21b7ca86-d644-4165-9703-cec4959a780d:group-243EA9588810:LeaderElection97] INFO  impl.RoleInfo (RoleInfo.java:updateAndGet(143)) - 21b7ca86-d644-4165-9703-cec4959a780d: start LeaderState
2019-09-12 11:46:27,978 [9a90101b-844a-48a0-acac-1ec26bec568c:group-3A49F5803C95:LeaderElection96] INFO  segmented.SegmentedRaftLogWorker (SegmentedRaftLogWorker.java:startLogSegment(380)) - 9a90101b-844a-48a0-acac-1ec26bec568c-SegmentedRaftLogWorker:Storage Directory /workdir/hadoop-ozone/ozonefs/target/test-dir/MiniOzoneClusterImpl-3eb4f7d7-b6cb-4385-801e-8717a1e56e16/datanode-0/data/ratis/27ccecfe-9d9c-48cf-911d-3a49f5803c95: Starting segment from index:0
2019-09-12 11:46:27,978 [21b7ca86-d644-4165-9703-cec4959a780d:group-243EA9588810:LeaderElection97] INFO  segmented.SegmentedRaftLogWorker (SegmentedRaftLogWorker.java:startLogSegment(380)) - 21b7ca86-d644-4165-9703-cec4959a780d-SegmentedRaftLogWorker:Storage Directory /workdir/hadoop-ozone/ozonefs/target/test-dir/MiniOzoneClusterImpl-3eb4f7d7-b6cb-4385-801e-8717a1e56e16/datanode-1/data/ratis/d6565f43-58ac-4d36-95fa-243ea9588810: Starting segment from index:0
2019-09-12 11:46:27,978 [9a90101b-844a-48a0-acac-1ec26bec568c:group-3A49F5803C95:LeaderElection96] INFO  impl.RaftServerImpl (ServerState.java:setRaftConf(361)) - 9a90101b-844a-48a0-acac-1ec26bec568c:group-3A49F5803C95 set configuration 0: [9a90101b-844a-48a0-acac-1ec26bec568c:192.168.36.114:44461], old=null at 0
2019-09-12 11:46:27,979 [21b7ca86-d644-4165-9703-cec4959a780d:group-243EA9588810:LeaderElection97] INFO  impl.RaftServerImpl (ServerState.java:setRaftConf(361)) - 21b7ca86-d644-4165-9703-cec4959a780d:group-243EA9588810 set configuration 0: [21b7ca86-d644-4165-9703-cec4959a780d:192.168.36.114:36582], old=null at 0
2019-09-12 11:46:27,991 [Thread-1521] INFO  impl.FollowerState (FollowerState.java:run(106)) - 9a90101b-844a-48a0-acac-1ec26bec568c:group-82CD68F3752F changes to CANDIDATE, lastRpcTime:5147, electionTimeout:5147ms
2019-09-12 11:46:27,991 [Thread-1521] INFO  impl.RoleInfo (RoleInfo.java:shutdownFollowerState(121)) - 9a90101b-844a-48a0-acac-1ec26bec568c: shutdown FollowerState
2019-09-12 11:46:27,991 [Thread-1521] INFO  impl.RaftServerImpl (RaftServerImpl.java:setRole(171)) - 9a90101b-844a-48a0-acac-1ec26bec568c:group-82CD68F3752F changes role from FOLLOWER to CANDIDATE at term 0 for changeToCandidate
2019-09-12 11:46:27,992 [Thread-1521] INFO  impl.RoleInfo (RoleInfo.java:updateAndGet(143)) - 9a90101b-844a-48a0-acac-1ec26bec568c: start LeaderElection
2019-09-12 11:46:28,032 [9a90101b-844a-48a0-acac-1ec26bec568c-SegmentedRaftLogWorker:Storage Directory /workdir/hadoop-ozone/ozonefs/target/test-dir/MiniOzoneClusterImpl-3eb4f7d7-b6cb-4385-801e-8717a1e56e16/datanode-0/data/ratis/27ccecfe-9d9c-48cf-911d-3a49f5803c95] INFO  segmented.SegmentedRaftLogWorker (SegmentedRaftLogWorker.java:execute(569)) - 9a90101b-844a-48a0-acac-1ec26bec568c-SegmentedRaftLogWorker:Storage Directory /workdir/hadoop-ozone/ozonefs/target/test-dir/MiniOzoneClusterImpl-3eb4f7d7-b6cb-4385-801e-8717a1e56e16/datanode-0/data/ratis/27ccecfe-9d9c-48cf-911d-3a49f5803c95: created new log segment /workdir/hadoop-ozone/ozonefs/target/test-dir/MiniOzoneClusterImpl-3eb4f7d7-b6cb-4385-801e-8717a1e56e16/datanode-0/data/ratis/27ccecfe-9d9c-48cf-911d-3a49f5803c95/current/log_inprogress_0
2019-09-12 11:46:28,032 [9a90101b-844a-48a0-acac-1ec26bec568c:group-82CD68F3752F:LeaderElection98] INFO  impl.LeaderElection (LeaderElection.java:askForVotes(181)) - 9a90101b-844a-48a0-acac-1ec26bec568c:group-82CD68F3752F:LeaderElection98: begin an election at term 1 for -1: [9a90101b-844a-48a0-acac-1ec26bec568c:192.168.36.114:44461], old=null
2019-09-12 11:46:28,032 [21b7ca86-d644-4165-9703-cec4959a780d-SegmentedRaftLogWorker:Storage Directory /workdir/hadoop-ozone/ozonefs/target/test-dir/MiniOzoneClusterImpl-3eb4f7d7-b6cb-4385-801e-8717a1e56e16/datanode-1/data/ratis/d6565f43-58ac-4d36-95fa-243ea9588810] INFO  segmented.SegmentedRaftLogWorker (SegmentedRaftLogWorker.java:execute(569)) - 21b7ca86-d644-4165-9703-cec4959a780d-SegmentedRaftLogWorker:Storage Directory /workdir/hadoop-ozone/ozonefs/target/test-dir/MiniOzoneClusterImpl-3eb4f7d7-b6cb-4385-801e-8717a1e56e16/datanode-1/data/ratis/d6565f43-58ac-4d36-95fa-243ea9588810: created new log segment /workdir/hadoop-ozone/ozonefs/target/test-dir/MiniOzoneClusterImpl-3eb4f7d7-b6cb-4385-801e-8717a1e56e16/datanode-1/data/ratis/d6565f43-58ac-4d36-95fa-243ea9588810/current/log_inprogress_0
2019-09-12 11:46:28,033 [9a90101b-844a-48a0-acac-1ec26bec568c:group-82CD68F3752F:LeaderElection98] INFO  impl.RoleInfo (RoleInfo.java:shutdownLeaderElection(134)) - 9a90101b-844a-48a0-acac-1ec26bec568c: shutdown LeaderElection
2019-09-12 11:46:28,033 [9a90101b-844a-48a0-acac-1ec26bec568c:group-82CD68F3752F:LeaderElection98] INFO  impl.RaftServerImpl (RaftServerImpl.java:setRole(171)) - 9a90101b-844a-48a0-acac-1ec26bec568c:group-82CD68F3752F changes role from CANDIDATE to LEADER at term 1 for changeToLeader
2019-09-12 11:46:28,033 [9a90101b-844a-48a0-acac-1ec26bec568c:group-82CD68F3752F:LeaderElection98] INFO  impl.RaftServerImpl (ServerState.java:setLeader(263)) - 9a90101b-844a-48a0-acac-1ec26bec568c:group-82CD68F3752F change Leader from null to 9a90101b-844a-48a0-acac-1ec26bec568c at term 1 for becomeLeader, leader elected after 5193ms
2019-09-12 11:46:28,033 [9a90101b-844a-48a0-acac-1ec26bec568c:group-82CD68F3752F:LeaderElection98] INFO  server.RaftServerConfigKeys (ConfUtils.java:logGet(43)) - raft.server.staging.catchup.gap = 1000 (default)
2019-09-12 11:46:28,034 [9a90101b-844a-48a0-acac-1ec26bec568c:group-82CD68F3752F:LeaderElection98] INFO  server.RaftServerConfigKeys (ConfUtils.java:logGet(43)) - raft.server.rpc.sleep.time = 25ms (default)
2019-09-12 11:46:28,034 [9a90101b-844a-48a0-acac-1ec26bec568c:group-82CD68F3752F:LeaderElection98] INFO  server.RaftServerConfigKeys (ConfUtils.java:logGet(43)) - raft.server.write.element-limit = 4096 (default)
2019-09-12 11:46:28,034 [9a90101b-844a-48a0-acac-1ec26bec568c:group-82CD68F3752F:LeaderElection98] INFO  server.RaftServerConfigKeys (ConfUtils.java:logGet(43)) - raft.server.watch.timeout = 10s (default)
2019-09-12 11:46:28,034 [9a90101b-844a-48a0-acac-1ec26bec568c:group-82CD68F3752F:LeaderElection98] INFO  server.RaftServerConfigKeys (ConfUtils.java:logGet(43)) - raft.server.watch.timeout.denomination = 1s (default)
2019-09-12 11:46:28,034 [9a90101b-844a-48a0-acac-1ec26bec568c:group-82CD68F3752F:LeaderElection98] INFO  server.RaftServerConfigKeys (ConfUtils.java:logGet(43)) - raft.server.watch.element-limit = 65536 (default)
2019-09-12 11:46:28,035 [9a90101b-844a-48a0-acac-1ec26bec568c:group-82CD68F3752F:LeaderElection98] INFO  impl.RoleInfo (RoleInfo.java:updateAndGet(143)) - 9a90101b-844a-48a0-acac-1ec26bec568c: start LeaderState
2019-09-12 11:46:28,035 [9a90101b-844a-48a0-acac-1ec26bec568c:group-82CD68F3752F:LeaderElection98] INFO  segmented.SegmentedRaftLogWorker (SegmentedRaftLogWorker.java:startLogSegment(380)) - 9a90101b-844a-48a0-acac-1ec26bec568c-SegmentedRaftLogWorker:Storage Directory /workdir/hadoop-ozone/ozonefs/target/test-dir/MiniOzoneClusterImpl-3eb4f7d7-b6cb-4385-801e-8717a1e56e16/datanode-0/data/ratis/4b2f4bbe-a4a8-42d2-9f53-82cd68f3752f: Starting segment from index:0
2019-09-12 11:46:28,036 [9a90101b-844a-48a0-acac-1ec26bec568c:group-82CD68F3752F:LeaderElection98] INFO  impl.RaftServerImpl (ServerState.java:setRaftConf(361)) - 9a90101b-844a-48a0-acac-1ec26bec568c:group-82CD68F3752F set configuration 0: [9a90101b-844a-48a0-acac-1ec26bec568c:192.168.36.114:44461], old=null at 0
2019-09-12 11:46:28,042 [Thread-1530] INFO  impl.FollowerState (FollowerState.java:run(106)) - 21b7ca86-d644-4165-9703-cec4959a780d:group-2FBBAE065F92 changes to CANDIDATE, lastRpcTime:5075, electionTimeout:5075ms
2019-09-12 11:46:28,043 [Thread-1530] INFO  impl.RoleInfo (RoleInfo.java:shutdownFollowerState(121)) - 21b7ca86-d644-4165-9703-cec4959a780d: shutdown FollowerState
2019-09-12 11:46:28,043 [Thread-1530] INFO  impl.RaftServerImpl (RaftServerImpl.java:setRole(171)) - 21b7ca86-d644-4165-9703-cec4959a780d:group-2FBBAE065F92 changes role from FOLLOWER to CANDIDATE at term 0 for changeToCandidate
2019-09-12 11:46:28,043 [Thread-1530] INFO  impl.RoleInfo (RoleInfo.java:updateAndGet(143)) - 21b7ca86-d644-4165-9703-cec4959a780d: start LeaderElection
2019-09-12 11:46:28,065 | INFO  | SCMAudit | user=jenkins1000 | ip=192.168.36.114 | op=SEND_HEARTBEAT {datanodeUUID=325ee62c-45ec-4ba0-83a5-5e89328cdd9c, command=[]} | ret=SUCCESS |  
2019-09-12 11:46:28,076 [9a90101b-844a-48a0-acac-1ec26bec568c-SegmentedRaftLogWorker:Storage Directory /workdir/hadoop-ozone/ozonefs/target/test-dir/MiniOzoneClusterImpl-3eb4f7d7-b6cb-4385-801e-8717a1e56e16/datanode-0/data/ratis/4b2f4bbe-a4a8-42d2-9f53-82cd68f3752f] INFO  segmented.SegmentedRaftLogWorker (SegmentedRaftLogWorker.java:execute(569)) - 9a90101b-844a-48a0-acac-1ec26bec568c-SegmentedRaftLogWorker:Storage Directory /workdir/hadoop-ozone/ozonefs/target/test-dir/MiniOzoneClusterImpl-3eb4f7d7-b6cb-4385-801e-8717a1e56e16/datanode-0/data/ratis/4b2f4bbe-a4a8-42d2-9f53-82cd68f3752f: created new log segment /workdir/hadoop-ozone/ozonefs/target/test-dir/MiniOzoneClusterImpl-3eb4f7d7-b6cb-4385-801e-8717a1e56e16/datanode-0/data/ratis/4b2f4bbe-a4a8-42d2-9f53-82cd68f3752f/current/log_inprogress_0
2019-09-12 11:46:28,076 [21b7ca86-d644-4165-9703-cec4959a780d:group-2FBBAE065F92:LeaderElection99] INFO  impl.LeaderElection (LeaderElection.java:askForVotes(181)) - 21b7ca86-d644-4165-9703-cec4959a780d:group-2FBBAE065F92:LeaderElection99: begin an election at term 1 for -1: [21b7ca86-d644-4165-9703-cec4959a780d:192.168.36.114:36582], old=null
2019-09-12 11:46:28,077 [21b7ca86-d644-4165-9703-cec4959a780d:group-2FBBAE065F92:LeaderElection99] INFO  impl.RoleInfo (RoleInfo.java:shutdownLeaderElection(134)) - 21b7ca86-d644-4165-9703-cec4959a780d: shutdown LeaderElection
2019-09-12 11:46:28,077 [21b7ca86-d644-4165-9703-cec4959a780d:group-2FBBAE065F92:LeaderElection99] INFO  impl.RaftServerImpl (RaftServerImpl.java:setRole(171)) - 21b7ca86-d644-4165-9703-cec4959a780d:group-2FBBAE065F92 changes role from CANDIDATE to LEADER at term 1 for changeToLeader
2019-09-12 11:46:28,077 [21b7ca86-d644-4165-9703-cec4959a780d:group-2FBBAE065F92:LeaderElection99] INFO  impl.RaftServerImpl (ServerState.java:setLeader(263)) - 21b7ca86-d644-4165-9703-cec4959a780d:group-2FBBAE065F92 change Leader from null to 21b7ca86-d644-4165-9703-cec4959a780d at term 1 for becomeLeader, leader elected after 5113ms
2019-09-12 11:46:28,077 [21b7ca86-d644-4165-9703-cec4959a780d:group-2FBBAE065F92:LeaderElection99] INFO  server.RaftServerConfigKeys (ConfUtils.java:logGet(43)) - raft.server.staging.catchup.gap = 1000 (default)
2019-09-12 11:46:28,077 [21b7ca86-d644-4165-9703-cec4959a780d:group-2FBBAE065F92:LeaderElection99] INFO  server.RaftServerConfigKeys (ConfUtils.java:logGet(43)) - raft.server.rpc.sleep.time = 25ms (default)
2019-09-12 11:46:28,077 [21b7ca86-d644-4165-9703-cec4959a780d:group-2FBBAE065F92:LeaderElection99] INFO  server.RaftServerConfigKeys (ConfUtils.java:logGet(43)) - raft.server.write.element-limit = 4096 (default)
2019-09-12 11:46:28,077 [21b7ca86-d644-4165-9703-cec4959a780d:group-2FBBAE065F92:LeaderElection99] INFO  server.RaftServerConfigKeys (ConfUtils.java:logGet(43)) - raft.server.watch.timeout = 10s (default)
2019-09-12 11:46:28,078 [21b7ca86-d644-4165-9703-cec4959a780d:group-2FBBAE065F92:LeaderElection99] INFO  server.RaftServerConfigKeys (ConfUtils.java:logGet(43)) - raft.server.watch.timeout.denomination = 1s (default)
2019-09-12 11:46:28,078 [21b7ca86-d644-4165-9703-cec4959a780d:group-2FBBAE065F92:LeaderElection99] INFO  server.RaftServerConfigKeys (ConfUtils.java:logGet(43)) - raft.server.watch.element-limit = 65536 (default)
2019-09-12 11:46:28,078 [21b7ca86-d644-4165-9703-cec4959a780d:group-2FBBAE065F92:LeaderElection99] INFO  impl.RoleInfo (RoleInfo.java:updateAndGet(143)) - 21b7ca86-d644-4165-9703-cec4959a780d: start LeaderState
2019-09-12 11:46:28,078 [21b7ca86-d644-4165-9703-cec4959a780d:group-2FBBAE065F92:LeaderElection99] INFO  segmented.SegmentedRaftLogWorker (SegmentedRaftLogWorker.java:startLogSegment(380)) - 21b7ca86-d644-4165-9703-cec4959a780d-SegmentedRaftLogWorker:Storage Directory /workdir/hadoop-ozone/ozonefs/target/test-dir/MiniOzoneClusterImpl-3eb4f7d7-b6cb-4385-801e-8717a1e56e16/datanode-1/data/ratis/e8fa203b-f09b-448f-b16d-2fbbae065f92: Starting segment from index:0
2019-09-12 11:46:28,079 [21b7ca86-d644-4165-9703-cec4959a780d:group-2FBBAE065F92:LeaderElection99] INFO  impl.RaftServerImpl (ServerState.java:setRaftConf(361)) - 21b7ca86-d644-4165-9703-cec4959a780d:group-2FBBAE065F92 set configuration 0: [21b7ca86-d644-4165-9703-cec4959a780d:192.168.36.114:36582], old=null at 0
2019-09-12 11:46:28,100 [Thread-1536] INFO  impl.FollowerState (FollowerState.java:run(106)) - 21b7ca86-d644-4165-9703-cec4959a780d:group-83FD63A856E4 changes to CANDIDATE, lastRpcTime:5047, electionTimeout:5047ms
2019-09-12 11:46:28,101 [Thread-1536] INFO  impl.RoleInfo (RoleInfo.java:shutdownFollowerState(121)) - 21b7ca86-d644-4165-9703-cec4959a780d: shutdown FollowerState
2019-09-12 11:46:28,101 [Thread-1536] INFO  impl.RaftServerImpl (RaftServerImpl.java:setRole(171)) - 21b7ca86-d644-4165-9703-cec4959a780d:group-83FD63A856E4 changes role from FOLLOWER to CANDIDATE at term 0 for changeToCandidate
2019-09-12 11:46:28,101 [Thread-1536] INFO  impl.RoleInfo (RoleInfo.java:updateAndGet(143)) - 21b7ca86-d644-4165-9703-cec4959a780d: start LeaderElection
2019-09-12 11:46:28,133 [21b7ca86-d644-4165-9703-cec4959a780d-SegmentedRaftLogWorker:Storage Directory /workdir/hadoop-ozone/ozonefs/target/test-dir/MiniOzoneClusterImpl-3eb4f7d7-b6cb-4385-801e-8717a1e56e16/datanode-1/data/ratis/e8fa203b-f09b-448f-b16d-2fbbae065f92] INFO  segmented.SegmentedRaftLogWorker (SegmentedRaftLogWorker.java:execute(569)) - 21b7ca86-d644-4165-9703-cec4959a780d-SegmentedRaftLogWorker:Storage Directory /workdir/hadoop-ozone/ozonefs/target/test-dir/MiniOzoneClusterImpl-3eb4f7d7-b6cb-4385-801e-8717a1e56e16/datanode-1/data/ratis/e8fa203b-f09b-448f-b16d-2fbbae065f92: created new log segment /workdir/hadoop-ozone/ozonefs/target/test-dir/MiniOzoneClusterImpl-3eb4f7d7-b6cb-4385-801e-8717a1e56e16/datanode-1/data/ratis/e8fa203b-f09b-448f-b16d-2fbbae065f92/current/log_inprogress_0
2019-09-12 11:46:28,133 [21b7ca86-d644-4165-9703-cec4959a780d:group-83FD63A856E4:LeaderElection100] INFO  impl.LeaderElection (LeaderElection.java:askForVotes(181)) - 21b7ca86-d644-4165-9703-cec4959a780d:group-83FD63A856E4:LeaderElection100: begin an election at term 1 for -1: [21b7ca86-d644-4165-9703-cec4959a780d:192.168.36.114:36582], old=null
2019-09-12 11:46:28,133 [21b7ca86-d644-4165-9703-cec4959a780d:group-83FD63A856E4:LeaderElection100] INFO  impl.RoleInfo (RoleInfo.java:shutdownLeaderElection(134)) - 21b7ca86-d644-4165-9703-cec4959a780d: shutdown LeaderElection
2019-09-12 11:46:28,133 [21b7ca86-d644-4165-9703-cec4959a780d:group-83FD63A856E4:LeaderElection100] INFO  impl.RaftServerImpl (RaftServerImpl.java:setRole(171)) - 21b7ca86-d644-4165-9703-cec4959a780d:group-83FD63A856E4 changes role from CANDIDATE to LEADER at term 1 for changeToLeader
2019-09-12 11:46:28,133 [21b7ca86-d644-4165-9703-cec4959a780d:group-83FD63A856E4:LeaderElection100] INFO  impl.RaftServerImpl (ServerState.java:setLeader(263)) - 21b7ca86-d644-4165-9703-cec4959a780d:group-83FD63A856E4 change Leader from null to 21b7ca86-d644-4165-9703-cec4959a780d at term 1 for becomeLeader, leader elected after 5084ms
2019-09-12 11:46:28,133 [21b7ca86-d644-4165-9703-cec4959a780d:group-83FD63A856E4:LeaderElection100] INFO  server.RaftServerConfigKeys (ConfUtils.java:logGet(43)) - raft.server.staging.catchup.gap = 1000 (default)
2019-09-12 11:46:28,133 [21b7ca86-d644-4165-9703-cec4959a780d:group-83FD63A856E4:LeaderElection100] INFO  server.RaftServerConfigKeys (ConfUtils.java:logGet(43)) - raft.server.rpc.sleep.time = 25ms (default)
2019-09-12 11:46:28,134 [21b7ca86-d644-4165-9703-cec4959a780d:group-83FD63A856E4:LeaderElection100] INFO  server.RaftServerConfigKeys (ConfUtils.java:logGet(43)) - raft.server.write.element-limit = 4096 (default)
2019-09-12 11:46:28,134 [21b7ca86-d644-4165-9703-cec4959a780d:group-83FD63A856E4:LeaderElection100] INFO  server.RaftServerConfigKeys (ConfUtils.java:logGet(43)) - raft.server.watch.timeout = 10s (default)
2019-09-12 11:46:28,134 [21b7ca86-d644-4165-9703-cec4959a780d:group-83FD63A856E4:LeaderElection100] INFO  server.RaftServerConfigKeys (ConfUtils.java:logGet(43)) - raft.server.watch.timeout.denomination = 1s (default)
2019-09-12 11:46:28,134 [21b7ca86-d644-4165-9703-cec4959a780d:group-83FD63A856E4:LeaderElection100] INFO  server.RaftServerConfigKeys (ConfUtils.java:logGet(43)) - raft.server.watch.element-limit = 65536 (default)
2019-09-12 11:46:28,134 [21b7ca86-d644-4165-9703-cec4959a780d:group-83FD63A856E4:LeaderElection100] INFO  impl.RoleInfo (RoleInfo.java:updateAndGet(143)) - 21b7ca86-d644-4165-9703-cec4959a780d: start LeaderState
2019-09-12 11:46:28,135 [21b7ca86-d644-4165-9703-cec4959a780d:group-83FD63A856E4:LeaderElection100] INFO  segmented.SegmentedRaftLogWorker (SegmentedRaftLogWorker.java:startLogSegment(380)) - 21b7ca86-d644-4165-9703-cec4959a780d-SegmentedRaftLogWorker:Storage Directory /workdir/hadoop-ozone/ozonefs/target/test-dir/MiniOzoneClusterImpl-3eb4f7d7-b6cb-4385-801e-8717a1e56e16/datanode-1/data/ratis/4e64cf30-ff8a-4c75-9646-83fd63a856e4: Starting segment from index:0
2019-09-12 11:46:28,135 [21b7ca86-d644-4165-9703-cec4959a780d:group-83FD63A856E4:LeaderElection100] INFO  impl.RaftServerImpl (ServerState.java:setRaftConf(361)) - 21b7ca86-d644-4165-9703-cec4959a780d:group-83FD63A856E4 set configuration 0: [21b7ca86-d644-4165-9703-cec4959a780d:192.168.36.114:36582], old=null at 0
2019-09-12 11:46:28,155 [Thread-1533] INFO  impl.FollowerState (FollowerState.java:run(106)) - 21b7ca86-d644-4165-9703-cec4959a780d:group-649B63AE479B changes to CANDIDATE, lastRpcTime:5145, electionTimeout:5145ms
2019-09-12 11:46:28,155 [Thread-1533] INFO  impl.RoleInfo (RoleInfo.java:shutdownFollowerState(121)) - 21b7ca86-d644-4165-9703-cec4959a780d: shutdown FollowerState
2019-09-12 11:46:28,155 [Thread-1533] INFO  impl.RaftServerImpl (RaftServerImpl.java:setRole(171)) - 21b7ca86-d644-4165-9703-cec4959a780d:group-649B63AE479B changes role from FOLLOWER to CANDIDATE at term 0 for changeToCandidate
2019-09-12 11:46:28,155 [Thread-1533] INFO  impl.RoleInfo (RoleInfo.java:updateAndGet(143)) - 21b7ca86-d644-4165-9703-cec4959a780d: start LeaderElection
2019-09-12 11:46:28,166 [Thread-1542] INFO  impl.FollowerState (FollowerState.java:run(106)) - 325ee62c-45ec-4ba0-83a5-5e89328cdd9c:group-D794E57A66AF changes to CANDIDATE, lastRpcTime:5005, electionTimeout:5005ms
2019-09-12 11:46:28,166 [Thread-1542] INFO  impl.RoleInfo (RoleInfo.java:shutdownFollowerState(121)) - 325ee62c-45ec-4ba0-83a5-5e89328cdd9c: shutdown FollowerState
2019-09-12 11:46:28,166 [Thread-1542] INFO  impl.RaftServerImpl (RaftServerImpl.java:setRole(171)) - 325ee62c-45ec-4ba0-83a5-5e89328cdd9c:group-D794E57A66AF changes role from FOLLOWER to CANDIDATE at term 0 for changeToCandidate
2019-09-12 11:46:28,166 [Thread-1542] INFO  impl.RoleInfo (RoleInfo.java:updateAndGet(143)) - 325ee62c-45ec-4ba0-83a5-5e89328cdd9c: start LeaderElection
2019-09-12 11:46:28,176 [21b7ca86-d644-4165-9703-cec4959a780d-SegmentedRaftLogWorker:Storage Directory /workdir/hadoop-ozone/ozonefs/target/test-dir/MiniOzoneClusterImpl-3eb4f7d7-b6cb-4385-801e-8717a1e56e16/datanode-1/data/ratis/4e64cf30-ff8a-4c75-9646-83fd63a856e4] INFO  segmented.SegmentedRaftLogWorker (SegmentedRaftLogWorker.java:execute(569)) - 21b7ca86-d644-4165-9703-cec4959a780d-SegmentedRaftLogWorker:Storage Directory /workdir/hadoop-ozone/ozonefs/target/test-dir/MiniOzoneClusterImpl-3eb4f7d7-b6cb-4385-801e-8717a1e56e16/datanode-1/data/ratis/4e64cf30-ff8a-4c75-9646-83fd63a856e4: created new log segment /workdir/hadoop-ozone/ozonefs/target/test-dir/MiniOzoneClusterImpl-3eb4f7d7-b6cb-4385-801e-8717a1e56e16/datanode-1/data/ratis/4e64cf30-ff8a-4c75-9646-83fd63a856e4/current/log_inprogress_0
2019-09-12 11:46:28,176 [21b7ca86-d644-4165-9703-cec4959a780d:group-649B63AE479B:LeaderElection101] INFO  impl.LeaderElection (LeaderElection.java:askForVotes(181)) - 21b7ca86-d644-4165-9703-cec4959a780d:group-649B63AE479B:LeaderElection101: begin an election at term 1 for -1: [21b7ca86-d644-4165-9703-cec4959a780d:192.168.36.114:36582], old=null
2019-09-12 11:46:28,176 [325ee62c-45ec-4ba0-83a5-5e89328cdd9c:group-D794E57A66AF:LeaderElection102] INFO  impl.LeaderElection (LeaderElection.java:askForVotes(181)) - 325ee62c-45ec-4ba0-83a5-5e89328cdd9c:group-D794E57A66AF:LeaderElection102: begin an election at term 1 for -1: [325ee62c-45ec-4ba0-83a5-5e89328cdd9c:192.168.36.114:43378], old=null
2019-09-12 11:46:28,176 [21b7ca86-d644-4165-9703-cec4959a780d:group-649B63AE479B:LeaderElection101] INFO  impl.RoleInfo (RoleInfo.java:shutdownLeaderElection(134)) - 21b7ca86-d644-4165-9703-cec4959a780d: shutdown LeaderElection
2019-09-12 11:46:28,177 [325ee62c-45ec-4ba0-83a5-5e89328cdd9c:group-D794E57A66AF:LeaderElection102] INFO  impl.RoleInfo (RoleInfo.java:shutdownLeaderElection(134)) - 325ee62c-45ec-4ba0-83a5-5e89328cdd9c: shutdown LeaderElection
2019-09-12 11:46:28,177 [21b7ca86-d644-4165-9703-cec4959a780d:group-649B63AE479B:LeaderElection101] INFO  impl.RaftServerImpl (RaftServerImpl.java:setRole(171)) - 21b7ca86-d644-4165-9703-cec4959a780d:group-649B63AE479B changes role from CANDIDATE to LEADER at term 1 for changeToLeader
2019-09-12 11:46:28,177 [325ee62c-45ec-4ba0-83a5-5e89328cdd9c:group-D794E57A66AF:LeaderElection102] INFO  impl.RaftServerImpl (RaftServerImpl.java:setRole(171)) - 325ee62c-45ec-4ba0-83a5-5e89328cdd9c:group-D794E57A66AF changes role from CANDIDATE to LEADER at term 1 for changeToLeader
2019-09-12 11:46:28,177 [21b7ca86-d644-4165-9703-cec4959a780d:group-649B63AE479B:LeaderElection101] INFO  impl.RaftServerImpl (ServerState.java:setLeader(263)) - 21b7ca86-d644-4165-9703-cec4959a780d:group-649B63AE479B change Leader from null to 21b7ca86-d644-4165-9703-cec4959a780d at term 1 for becomeLeader, leader elected after 5171ms
2019-09-12 11:46:28,177 [325ee62c-45ec-4ba0-83a5-5e89328cdd9c:group-D794E57A66AF:LeaderElection102] INFO  impl.RaftServerImpl (ServerState.java:setLeader(263)) - 325ee62c-45ec-4ba0-83a5-5e89328cdd9c:group-D794E57A66AF change Leader from null to 325ee62c-45ec-4ba0-83a5-5e89328cdd9c at term 1 for becomeLeader, leader elected after 5020ms
2019-09-12 11:46:28,177 [21b7ca86-d644-4165-9703-cec4959a780d:group-649B63AE479B:LeaderElection101] INFO  server.RaftServerConfigKeys (ConfUtils.java:logGet(43)) - raft.server.staging.catchup.gap = 1000 (default)
2019-09-12 11:46:28,177 [325ee62c-45ec-4ba0-83a5-5e89328cdd9c:group-D794E57A66AF:LeaderElection102] INFO  server.RaftServerConfigKeys (ConfUtils.java:logGet(43)) - raft.server.staging.catchup.gap = 1000 (default)
2019-09-12 11:46:28,177 [21b7ca86-d644-4165-9703-cec4959a780d:group-649B63AE479B:LeaderElection101] INFO  server.RaftServerConfigKeys (ConfUtils.java:logGet(43)) - raft.server.rpc.sleep.time = 25ms (default)
2019-09-12 11:46:28,177 [325ee62c-45ec-4ba0-83a5-5e89328cdd9c:group-D794E57A66AF:LeaderElection102] INFO  server.RaftServerConfigKeys (ConfUtils.java:logGet(43)) - raft.server.rpc.sleep.time = 25ms (default)
2019-09-12 11:46:28,178 [21b7ca86-d644-4165-9703-cec4959a780d:group-649B63AE479B:LeaderElection101] INFO  server.RaftServerConfigKeys (ConfUtils.java:logGet(43)) - raft.server.write.element-limit = 4096 (default)
2019-09-12 11:46:28,178 [325ee62c-45ec-4ba0-83a5-5e89328cdd9c:group-D794E57A66AF:LeaderElection102] INFO  server.RaftServerConfigKeys (ConfUtils.java:logGet(43)) - raft.server.write.element-limit = 4096 (default)
2019-09-12 11:46:28,178 [21b7ca86-d644-4165-9703-cec4959a780d:group-649B63AE479B:LeaderElection101] INFO  server.RaftServerConfigKeys (ConfUtils.java:logGet(43)) - raft.server.watch.timeout = 10s (default)
2019-09-12 11:46:28,178 [325ee62c-45ec-4ba0-83a5-5e89328cdd9c:group-D794E57A66AF:LeaderElection102] INFO  server.RaftServerConfigKeys (ConfUtils.java:logGet(43)) - raft.server.watch.timeout = 10s (default)
2019-09-12 11:46:28,178 [21b7ca86-d644-4165-9703-cec4959a780d:group-649B63AE479B:LeaderElection101] INFO  server.RaftServerConfigKeys (ConfUtils.java:logGet(43)) - raft.server.watch.timeout.denomination = 1s (default)
2019-09-12 11:46:28,178 [325ee62c-45ec-4ba0-83a5-5e89328cdd9c:group-D794E57A66AF:LeaderElection102] INFO  server.RaftServerConfigKeys (ConfUtils.java:logGet(43)) - raft.server.watch.timeout.denomination = 1s (default)
2019-09-12 11:46:28,178 [21b7ca86-d644-4165-9703-cec4959a780d:group-649B63AE479B:LeaderElection101] INFO  server.RaftServerConfigKeys (ConfUtils.java:logGet(43)) - raft.server.watch.element-limit = 65536 (default)
2019-09-12 11:46:28,178 [325ee62c-45ec-4ba0-83a5-5e89328cdd9c:group-D794E57A66AF:LeaderElection102] INFO  server.RaftServerConfigKeys (ConfUtils.java:logGet(43)) - raft.server.watch.element-limit = 65536 (default)
2019-09-12 11:46:28,178 [21b7ca86-d644-4165-9703-cec4959a780d:group-649B63AE479B:LeaderElection101] INFO  impl.RoleInfo (RoleInfo.java:updateAndGet(143)) - 21b7ca86-d644-4165-9703-cec4959a780d: start LeaderState
2019-09-12 11:46:28,179 [325ee62c-45ec-4ba0-83a5-5e89328cdd9c:group-D794E57A66AF:LeaderElection102] INFO  impl.RoleInfo (RoleInfo.java:updateAndGet(143)) - 325ee62c-45ec-4ba0-83a5-5e89328cdd9c: start LeaderState
2019-09-12 11:46:28,179 [21b7ca86-d644-4165-9703-cec4959a780d:group-649B63AE479B:LeaderElection101] INFO  segmented.SegmentedRaftLogWorker (SegmentedRaftLogWorker.java:startLogSegment(380)) - 21b7ca86-d644-4165-9703-cec4959a780d-SegmentedRaftLogWorker:Storage Directory /workdir/hadoop-ozone/ozonefs/target/test-dir/MiniOzoneClusterImpl-3eb4f7d7-b6cb-4385-801e-8717a1e56e16/datanode-1/data/ratis/c1a92582-af71-4516-8b8e-649b63ae479b: Starting segment from index:0
2019-09-12 11:46:28,179 [325ee62c-45ec-4ba0-83a5-5e89328cdd9c:group-D794E57A66AF:LeaderElection102] INFO  segmented.SegmentedRaftLogWorker (SegmentedRaftLogWorker.java:startLogSegment(380)) - 325ee62c-45ec-4ba0-83a5-5e89328cdd9c-SegmentedRaftLogWorker:Storage Directory /workdir/hadoop-ozone/ozonefs/target/test-dir/MiniOzoneClusterImpl-3eb4f7d7-b6cb-4385-801e-8717a1e56e16/datanode-2/data/ratis/9cf248d6-effd-425a-a34b-d794e57a66af: Starting segment from index:0
2019-09-12 11:46:28,179 [21b7ca86-d644-4165-9703-cec4959a780d:group-649B63AE479B:LeaderElection101] INFO  impl.RaftServerImpl (ServerState.java:setRaftConf(361)) - 21b7ca86-d644-4165-9703-cec4959a780d:group-649B63AE479B set configuration 0: [21b7ca86-d644-4165-9703-cec4959a780d:192.168.36.114:36582], old=null at 0
2019-09-12 11:46:28,180 [325ee62c-45ec-4ba0-83a5-5e89328cdd9c:group-D794E57A66AF:LeaderElection102] INFO  impl.RaftServerImpl (ServerState.java:setRaftConf(361)) - 325ee62c-45ec-4ba0-83a5-5e89328cdd9c:group-D794E57A66AF set configuration 0: [325ee62c-45ec-4ba0-83a5-5e89328cdd9c:192.168.36.114:43378], old=null at 0
2019-09-12 11:46:28,194 [Thread-1539] INFO  impl.FollowerState (FollowerState.java:run(106)) - 21b7ca86-d644-4165-9703-cec4959a780d:group-C6BDA270C7D6 changes to CANDIDATE, lastRpcTime:5098, electionTimeout:5098ms
2019-09-12 11:46:28,194 [Thread-1539] INFO  impl.RoleInfo (RoleInfo.java:shutdownFollowerState(121)) - 21b7ca86-d644-4165-9703-cec4959a780d: shutdown FollowerState
2019-09-12 11:46:28,195 [Thread-1539] INFO  impl.RaftServerImpl (RaftServerImpl.java:setRole(171)) - 21b7ca86-d644-4165-9703-cec4959a780d:group-C6BDA270C7D6 changes role from FOLLOWER to CANDIDATE at term 0 for changeToCandidate
2019-09-12 11:46:28,195 [Thread-1539] INFO  impl.RoleInfo (RoleInfo.java:updateAndGet(143)) - 21b7ca86-d644-4165-9703-cec4959a780d: start LeaderElection
2019-09-12 11:46:28,224 [325ee62c-45ec-4ba0-83a5-5e89328cdd9c-SegmentedRaftLogWorker:Storage Directory /workdir/hadoop-ozone/ozonefs/target/test-dir/MiniOzoneClusterImpl-3eb4f7d7-b6cb-4385-801e-8717a1e56e16/datanode-2/data/ratis/9cf248d6-effd-425a-a34b-d794e57a66af] INFO  segmented.SegmentedRaftLogWorker (SegmentedRaftLogWorker.java:execute(569)) - 325ee62c-45ec-4ba0-83a5-5e89328cdd9c-SegmentedRaftLogWorker:Storage Directory /workdir/hadoop-ozone/ozonefs/target/test-dir/MiniOzoneClusterImpl-3eb4f7d7-b6cb-4385-801e-8717a1e56e16/datanode-2/data/ratis/9cf248d6-effd-425a-a34b-d794e57a66af: created new log segment /workdir/hadoop-ozone/ozonefs/target/test-dir/MiniOzoneClusterImpl-3eb4f7d7-b6cb-4385-801e-8717a1e56e16/datanode-2/data/ratis/9cf248d6-effd-425a-a34b-d794e57a66af/current/log_inprogress_0
2019-09-12 11:46:28,224 [21b7ca86-d644-4165-9703-cec4959a780d:group-C6BDA270C7D6:LeaderElection103] INFO  impl.LeaderElection (LeaderElection.java:askForVotes(181)) - 21b7ca86-d644-4165-9703-cec4959a780d:group-C6BDA270C7D6:LeaderElection103: begin an election at term 1 for -1: [21b7ca86-d644-4165-9703-cec4959a780d:192.168.36.114:36582], old=null
2019-09-12 11:46:28,224 [21b7ca86-d644-4165-9703-cec4959a780d-SegmentedRaftLogWorker:Storage Directory /workdir/hadoop-ozone/ozonefs/target/test-dir/MiniOzoneClusterImpl-3eb4f7d7-b6cb-4385-801e-8717a1e56e16/datanode-1/data/ratis/c1a92582-af71-4516-8b8e-649b63ae479b] INFO  segmented.SegmentedRaftLogWorker (SegmentedRaftLogWorker.java:execute(569)) - 21b7ca86-d644-4165-9703-cec4959a780d-SegmentedRaftLogWorker:Storage Directory /workdir/hadoop-ozone/ozonefs/target/test-dir/MiniOzoneClusterImpl-3eb4f7d7-b6cb-4385-801e-8717a1e56e16/datanode-1/data/ratis/c1a92582-af71-4516-8b8e-649b63ae479b: created new log segment /workdir/hadoop-ozone/ozonefs/target/test-dir/MiniOzoneClusterImpl-3eb4f7d7-b6cb-4385-801e-8717a1e56e16/datanode-1/data/ratis/c1a92582-af71-4516-8b8e-649b63ae479b/current/log_inprogress_0
2019-09-12 11:46:28,224 [21b7ca86-d644-4165-9703-cec4959a780d:group-C6BDA270C7D6:LeaderElection103] INFO  impl.RoleInfo (RoleInfo.java:shutdownLeaderElection(134)) - 21b7ca86-d644-4165-9703-cec4959a780d: shutdown LeaderElection
2019-09-12 11:46:28,224 [21b7ca86-d644-4165-9703-cec4959a780d:group-C6BDA270C7D6:LeaderElection103] INFO  impl.RaftServerImpl (RaftServerImpl.java:setRole(171)) - 21b7ca86-d644-4165-9703-cec4959a780d:group-C6BDA270C7D6 changes role from CANDIDATE to LEADER at term 1 for changeToLeader
2019-09-12 11:46:28,224 [21b7ca86-d644-4165-9703-cec4959a780d:group-C6BDA270C7D6:LeaderElection103] INFO  impl.RaftServerImpl (ServerState.java:setLeader(263)) - 21b7ca86-d644-4165-9703-cec4959a780d:group-C6BDA270C7D6 change Leader from null to 21b7ca86-d644-4165-9703-cec4959a780d at term 1 for becomeLeader, leader elected after 5132ms
2019-09-12 11:46:28,225 [21b7ca86-d644-4165-9703-cec4959a780d:group-C6BDA270C7D6:LeaderElection103] INFO  server.RaftServerConfigKeys (ConfUtils.java:logGet(43)) - raft.server.staging.catchup.gap = 1000 (default)
2019-09-12 11:46:28,225 [21b7ca86-d644-4165-9703-cec4959a780d:group-C6BDA270C7D6:LeaderElection103] INFO  server.RaftServerConfigKeys (ConfUtils.java:logGet(43)) - raft.server.rpc.sleep.time = 25ms (default)
2019-09-12 11:46:28,225 [21b7ca86-d644-4165-9703-cec4959a780d:group-C6BDA270C7D6:LeaderElection103] INFO  server.RaftServerConfigKeys (ConfUtils.java:logGet(43)) - raft.server.write.element-limit = 4096 (default)
2019-09-12 11:46:28,225 [21b7ca86-d644-4165-9703-cec4959a780d:group-C6BDA270C7D6:LeaderElection103] INFO  server.RaftServerConfigKeys (ConfUtils.java:logGet(43)) - raft.server.watch.timeout = 10s (default)
2019-09-12 11:46:28,225 [21b7ca86-d644-4165-9703-cec4959a780d:group-C6BDA270C7D6:LeaderElection103] INFO  server.RaftServerConfigKeys (ConfUtils.java:logGet(43)) - raft.server.watch.timeout.denomination = 1s (default)
2019-09-12 11:46:28,225 [21b7ca86-d644-4165-9703-cec4959a780d:group-C6BDA270C7D6:LeaderElection103] INFO  server.RaftServerConfigKeys (ConfUtils.java:logGet(43)) - raft.server.watch.element-limit = 65536 (default)
2019-09-12 11:46:28,226 [21b7ca86-d644-4165-9703-cec4959a780d:group-C6BDA270C7D6:LeaderElection103] INFO  impl.RoleInfo (RoleInfo.java:updateAndGet(143)) - 21b7ca86-d644-4165-9703-cec4959a780d: start LeaderState
2019-09-12 11:46:28,226 [21b7ca86-d644-4165-9703-cec4959a780d:group-C6BDA270C7D6:LeaderElection103] INFO  segmented.SegmentedRaftLogWorker (SegmentedRaftLogWorker.java:startLogSegment(380)) - 21b7ca86-d644-4165-9703-cec4959a780d-SegmentedRaftLogWorker:Storage Directory /workdir/hadoop-ozone/ozonefs/target/test-dir/MiniOzoneClusterImpl-3eb4f7d7-b6cb-4385-801e-8717a1e56e16/datanode-1/data/ratis/52858f91-377c-4b54-927b-c6bda270c7d6: Starting segment from index:0
2019-09-12 11:46:28,226 [21b7ca86-d644-4165-9703-cec4959a780d:group-C6BDA270C7D6:LeaderElection103] INFO  impl.RaftServerImpl (ServerState.java:setRaftConf(361)) - 21b7ca86-d644-4165-9703-cec4959a780d:group-C6BDA270C7D6 set configuration 0: [21b7ca86-d644-4165-9703-cec4959a780d:192.168.36.114:36582], old=null at 0
2019-09-12 11:46:28,263 [21b7ca86-d644-4165-9703-cec4959a780d-SegmentedRaftLogWorker:Storage Directory /workdir/hadoop-ozone/ozonefs/target/test-dir/MiniOzoneClusterImpl-3eb4f7d7-b6cb-4385-801e-8717a1e56e16/datanode-1/data/ratis/52858f91-377c-4b54-927b-c6bda270c7d6] INFO  segmented.SegmentedRaftLogWorker (SegmentedRaftLogWorker.java:execute(569)) - 21b7ca86-d644-4165-9703-cec4959a780d-SegmentedRaftLogWorker:Storage Directory /workdir/hadoop-ozone/ozonefs/target/test-dir/MiniOzoneClusterImpl-3eb4f7d7-b6cb-4385-801e-8717a1e56e16/datanode-1/data/ratis/52858f91-377c-4b54-927b-c6bda270c7d6: created new log segment /workdir/hadoop-ozone/ozonefs/target/test-dir/MiniOzoneClusterImpl-3eb4f7d7-b6cb-4385-801e-8717a1e56e16/datanode-1/data/ratis/52858f91-377c-4b54-927b-c6bda270c7d6/current/log_inprogress_0
2019-09-12 11:46:28,383 [Thread-1545] INFO  impl.FollowerState (FollowerState.java:run(106)) - 325ee62c-45ec-4ba0-83a5-5e89328cdd9c:group-97F7DD15CA31 changes to CANDIDATE, lastRpcTime:5177, electionTimeout:5177ms
2019-09-12 11:46:28,383 [Thread-1545] INFO  impl.RoleInfo (RoleInfo.java:shutdownFollowerState(121)) - 325ee62c-45ec-4ba0-83a5-5e89328cdd9c: shutdown FollowerState
2019-09-12 11:46:28,383 [Thread-1545] INFO  impl.RaftServerImpl (RaftServerImpl.java:setRole(171)) - 325ee62c-45ec-4ba0-83a5-5e89328cdd9c:group-97F7DD15CA31 changes role from FOLLOWER to CANDIDATE at term 0 for changeToCandidate
2019-09-12 11:46:28,383 [Thread-1545] INFO  impl.RoleInfo (RoleInfo.java:updateAndGet(143)) - 325ee62c-45ec-4ba0-83a5-5e89328cdd9c: start LeaderElection
2019-09-12 11:46:28,399 [325ee62c-45ec-4ba0-83a5-5e89328cdd9c:group-97F7DD15CA31:LeaderElection104] INFO  impl.LeaderElection (LeaderElection.java:askForVotes(181)) - 325ee62c-45ec-4ba0-83a5-5e89328cdd9c:group-97F7DD15CA31:LeaderElection104: begin an election at term 1 for -1: [325ee62c-45ec-4ba0-83a5-5e89328cdd9c:192.168.36.114:43378], old=null
2019-09-12 11:46:28,399 [325ee62c-45ec-4ba0-83a5-5e89328cdd9c:group-97F7DD15CA31:LeaderElection104] INFO  impl.RoleInfo (RoleInfo.java:shutdownLeaderElection(134)) - 325ee62c-45ec-4ba0-83a5-5e89328cdd9c: shutdown LeaderElection
2019-09-12 11:46:28,399 [325ee62c-45ec-4ba0-83a5-5e89328cdd9c:group-97F7DD15CA31:LeaderElection104] INFO  impl.RaftServerImpl (RaftServerImpl.java:setRole(171)) - 325ee62c-45ec-4ba0-83a5-5e89328cdd9c:group-97F7DD15CA31 changes role from CANDIDATE to LEADER at term 1 for changeToLeader
2019-09-12 11:46:28,399 [325ee62c-45ec-4ba0-83a5-5e89328cdd9c:group-97F7DD15CA31:LeaderElection104] INFO  impl.RaftServerImpl (ServerState.java:setLeader(263)) - 325ee62c-45ec-4ba0-83a5-5e89328cdd9c:group-97F7DD15CA31 change Leader from null to 325ee62c-45ec-4ba0-83a5-5e89328cdd9c at term 1 for becomeLeader, leader elected after 5198ms
2019-09-12 11:46:28,399 [325ee62c-45ec-4ba0-83a5-5e89328cdd9c:group-97F7DD15CA31:LeaderElection104] INFO  server.RaftServerConfigKeys (ConfUtils.java:logGet(43)) - raft.server.staging.catchup.gap = 1000 (default)
2019-09-12 11:46:28,400 [325ee62c-45ec-4ba0-83a5-5e89328cdd9c:group-97F7DD15CA31:LeaderElection104] INFO  server.RaftServerConfigKeys (ConfUtils.java:logGet(43)) - raft.server.rpc.sleep.time = 25ms (default)
2019-09-12 11:46:28,400 [325ee62c-45ec-4ba0-83a5-5e89328cdd9c:group-97F7DD15CA31:LeaderElection104] INFO  server.RaftServerConfigKeys (ConfUtils.java:logGet(43)) - raft.server.write.element-limit = 4096 (default)
2019-09-12 11:46:28,400 [325ee62c-45ec-4ba0-83a5-5e89328cdd9c:group-97F7DD15CA31:LeaderElection104] INFO  server.RaftServerConfigKeys (ConfUtils.java:logGet(43)) - raft.server.watch.timeout = 10s (default)
2019-09-12 11:46:28,400 [325ee62c-45ec-4ba0-83a5-5e89328cdd9c:group-97F7DD15CA31:LeaderElection104] INFO  server.RaftServerConfigKeys (ConfUtils.java:logGet(43)) - raft.server.watch.timeout.denomination = 1s (default)
2019-09-12 11:46:28,400 [325ee62c-45ec-4ba0-83a5-5e89328cdd9c:group-97F7DD15CA31:LeaderElection104] INFO  server.RaftServerConfigKeys (ConfUtils.java:logGet(43)) - raft.server.watch.element-limit = 65536 (default)
2019-09-12 11:46:28,400 [325ee62c-45ec-4ba0-83a5-5e89328cdd9c:group-97F7DD15CA31:LeaderElection104] INFO  impl.RoleInfo (RoleInfo.java:updateAndGet(143)) - 325ee62c-45ec-4ba0-83a5-5e89328cdd9c: start LeaderState
2019-09-12 11:46:28,400 [325ee62c-45ec-4ba0-83a5-5e89328cdd9c:group-97F7DD15CA31:LeaderElection104] INFO  segmented.SegmentedRaftLogWorker (SegmentedRaftLogWorker.java:startLogSegment(380)) - 325ee62c-45ec-4ba0-83a5-5e89328cdd9c-SegmentedRaftLogWorker:Storage Directory /workdir/hadoop-ozone/ozonefs/target/test-dir/MiniOzoneClusterImpl-3eb4f7d7-b6cb-4385-801e-8717a1e56e16/datanode-2/data/ratis/730c2423-9ccf-4725-b7b2-97f7dd15ca31: Starting segment from index:0
2019-09-12 11:46:28,401 [325ee62c-45ec-4ba0-83a5-5e89328cdd9c:group-97F7DD15CA31:LeaderElection104] INFO  impl.RaftServerImpl (ServerState.java:setRaftConf(361)) - 325ee62c-45ec-4ba0-83a5-5e89328cdd9c:group-97F7DD15CA31 set configuration 0: [325ee62c-45ec-4ba0-83a5-5e89328cdd9c:192.168.36.114:43378], old=null at 0
2019-09-12 11:46:28,428 [Thread-1557] INFO  impl.FollowerState (FollowerState.java:run(106)) - 325ee62c-45ec-4ba0-83a5-5e89328cdd9c:group-B072EE020D06 changes to CANDIDATE, lastRpcTime:5062, electionTimeout:5062ms
2019-09-12 11:46:28,429 [Thread-1557] INFO  impl.RoleInfo (RoleInfo.java:shutdownFollowerState(121)) - 325ee62c-45ec-4ba0-83a5-5e89328cdd9c: shutdown FollowerState
2019-09-12 11:46:28,429 [Thread-1557] INFO  impl.RaftServerImpl (RaftServerImpl.java:setRole(171)) - 325ee62c-45ec-4ba0-83a5-5e89328cdd9c:group-B072EE020D06 changes role from FOLLOWER to CANDIDATE at term 0 for changeToCandidate
2019-09-12 11:46:28,429 [Thread-1557] INFO  impl.RoleInfo (RoleInfo.java:updateAndGet(143)) - 325ee62c-45ec-4ba0-83a5-5e89328cdd9c: start LeaderElection
2019-09-12 11:46:28,441 [Thread-1548] INFO  impl.FollowerState (FollowerState.java:run(106)) - 325ee62c-45ec-4ba0-83a5-5e89328cdd9c:group-38DC860C1749 changes to CANDIDATE, lastRpcTime:5194, electionTimeout:5194ms
2019-09-12 11:46:28,441 [Thread-1548] INFO  impl.RoleInfo (RoleInfo.java:shutdownFollowerState(121)) - 325ee62c-45ec-4ba0-83a5-5e89328cdd9c: shutdown FollowerState
2019-09-12 11:46:28,441 [Thread-1548] INFO  impl.RaftServerImpl (RaftServerImpl.java:setRole(171)) - 325ee62c-45ec-4ba0-83a5-5e89328cdd9c:group-38DC860C1749 changes role from FOLLOWER to CANDIDATE at term 0 for changeToCandidate
2019-09-12 11:46:28,441 [Thread-1548] INFO  impl.RoleInfo (RoleInfo.java:updateAndGet(143)) - 325ee62c-45ec-4ba0-83a5-5e89328cdd9c: start LeaderElection
2019-09-12 11:46:28,452 [325ee62c-45ec-4ba0-83a5-5e89328cdd9c-SegmentedRaftLogWorker:Storage Directory /workdir/hadoop-ozone/ozonefs/target/test-dir/MiniOzoneClusterImpl-3eb4f7d7-b6cb-4385-801e-8717a1e56e16/datanode-2/data/ratis/730c2423-9ccf-4725-b7b2-97f7dd15ca31] INFO  segmented.SegmentedRaftLogWorker (SegmentedRaftLogWorker.java:execute(569)) - 325ee62c-45ec-4ba0-83a5-5e89328cdd9c-SegmentedRaftLogWorker:Storage Directory /workdir/hadoop-ozone/ozonefs/target/test-dir/MiniOzoneClusterImpl-3eb4f7d7-b6cb-4385-801e-8717a1e56e16/datanode-2/data/ratis/730c2423-9ccf-4725-b7b2-97f7dd15ca31: created new log segment /workdir/hadoop-ozone/ozonefs/target/test-dir/MiniOzoneClusterImpl-3eb4f7d7-b6cb-4385-801e-8717a1e56e16/datanode-2/data/ratis/730c2423-9ccf-4725-b7b2-97f7dd15ca31/current/log_inprogress_0
2019-09-12 11:46:28,452 [325ee62c-45ec-4ba0-83a5-5e89328cdd9c:group-38DC860C1749:LeaderElection106] INFO  impl.LeaderElection (LeaderElection.java:askForVotes(181)) - 325ee62c-45ec-4ba0-83a5-5e89328cdd9c:group-38DC860C1749:LeaderElection106: begin an election at term 1 for -1: [325ee62c-45ec-4ba0-83a5-5e89328cdd9c:192.168.36.114:43378], old=null
2019-09-12 11:46:28,452 [325ee62c-45ec-4ba0-83a5-5e89328cdd9c:group-B072EE020D06:LeaderElection105] INFO  impl.LeaderElection (LeaderElection.java:askForVotes(181)) - 325ee62c-45ec-4ba0-83a5-5e89328cdd9c:group-B072EE020D06:LeaderElection105: begin an election at term 1 for -1: [325ee62c-45ec-4ba0-83a5-5e89328cdd9c:192.168.36.114:43378], old=null
2019-09-12 11:46:28,452 [325ee62c-45ec-4ba0-83a5-5e89328cdd9c:group-38DC860C1749:LeaderElection106] INFO  impl.RoleInfo (RoleInfo.java:shutdownLeaderElection(134)) - 325ee62c-45ec-4ba0-83a5-5e89328cdd9c: shutdown LeaderElection
2019-09-12 11:46:28,452 [325ee62c-45ec-4ba0-83a5-5e89328cdd9c:group-B072EE020D06:LeaderElection105] INFO  impl.RoleInfo (RoleInfo.java:shutdownLeaderElection(134)) - 325ee62c-45ec-4ba0-83a5-5e89328cdd9c: shutdown LeaderElection
2019-09-12 11:46:28,452 [325ee62c-45ec-4ba0-83a5-5e89328cdd9c:group-38DC860C1749:LeaderElection106] INFO  impl.RaftServerImpl (RaftServerImpl.java:setRole(171)) - 325ee62c-45ec-4ba0-83a5-5e89328cdd9c:group-38DC860C1749 changes role from CANDIDATE to LEADER at term 1 for changeToLeader
2019-09-12 11:46:28,452 [325ee62c-45ec-4ba0-83a5-5e89328cdd9c:group-B072EE020D06:LeaderElection105] INFO  impl.RaftServerImpl (RaftServerImpl.java:setRole(171)) - 325ee62c-45ec-4ba0-83a5-5e89328cdd9c:group-B072EE020D06 changes role from CANDIDATE to LEADER at term 1 for changeToLeader
2019-09-12 11:46:28,452 [325ee62c-45ec-4ba0-83a5-5e89328cdd9c:group-38DC860C1749:LeaderElection106] INFO  impl.RaftServerImpl (ServerState.java:setLeader(263)) - 325ee62c-45ec-4ba0-83a5-5e89328cdd9c:group-38DC860C1749 change Leader from null to 325ee62c-45ec-4ba0-83a5-5e89328cdd9c at term 1 for becomeLeader, leader elected after 5208ms
2019-09-12 11:46:28,453 [325ee62c-45ec-4ba0-83a5-5e89328cdd9c:group-B072EE020D06:LeaderElection105] INFO  impl.RaftServerImpl (ServerState.java:setLeader(263)) - 325ee62c-45ec-4ba0-83a5-5e89328cdd9c:group-B072EE020D06 change Leader from null to 325ee62c-45ec-4ba0-83a5-5e89328cdd9c at term 1 for becomeLeader, leader elected after 5089ms
2019-09-12 11:46:28,453 [325ee62c-45ec-4ba0-83a5-5e89328cdd9c:group-38DC860C1749:LeaderElection106] INFO  server.RaftServerConfigKeys (ConfUtils.java:logGet(43)) - raft.server.staging.catchup.gap = 1000 (default)
2019-09-12 11:46:28,453 [325ee62c-45ec-4ba0-83a5-5e89328cdd9c:group-B072EE020D06:LeaderElection105] INFO  server.RaftServerConfigKeys (ConfUtils.java:logGet(43)) - raft.server.staging.catchup.gap = 1000 (default)
2019-09-12 11:46:28,453 [325ee62c-45ec-4ba0-83a5-5e89328cdd9c:group-38DC860C1749:LeaderElection106] INFO  server.RaftServerConfigKeys (ConfUtils.java:logGet(43)) - raft.server.rpc.sleep.time = 25ms (default)
2019-09-12 11:46:28,453 [325ee62c-45ec-4ba0-83a5-5e89328cdd9c:group-B072EE020D06:LeaderElection105] INFO  server.RaftServerConfigKeys (ConfUtils.java:logGet(43)) - raft.server.rpc.sleep.time = 25ms (default)
2019-09-12 11:46:28,453 [325ee62c-45ec-4ba0-83a5-5e89328cdd9c:group-38DC860C1749:LeaderElection106] INFO  server.RaftServerConfigKeys (ConfUtils.java:logGet(43)) - raft.server.write.element-limit = 4096 (default)
2019-09-12 11:46:28,453 [325ee62c-45ec-4ba0-83a5-5e89328cdd9c:group-B072EE020D06:LeaderElection105] INFO  server.RaftServerConfigKeys (ConfUtils.java:logGet(43)) - raft.server.write.element-limit = 4096 (default)
2019-09-12 11:46:28,453 [325ee62c-45ec-4ba0-83a5-5e89328cdd9c:group-38DC860C1749:LeaderElection106] INFO  server.RaftServerConfigKeys (ConfUtils.java:logGet(43)) - raft.server.watch.timeout = 10s (default)
2019-09-12 11:46:28,454 [325ee62c-45ec-4ba0-83a5-5e89328cdd9c:group-B072EE020D06:LeaderElection105] INFO  server.RaftServerConfigKeys (ConfUtils.java:logGet(43)) - raft.server.watch.timeout = 10s (default)
2019-09-12 11:46:28,454 [325ee62c-45ec-4ba0-83a5-5e89328cdd9c:group-38DC860C1749:LeaderElection106] INFO  server.RaftServerConfigKeys (ConfUtils.java:logGet(43)) - raft.server.watch.timeout.denomination = 1s (default)
2019-09-12 11:46:28,454 [325ee62c-45ec-4ba0-83a5-5e89328cdd9c:group-B072EE020D06:LeaderElection105] INFO  server.RaftServerConfigKeys (ConfUtils.java:logGet(43)) - raft.server.watch.timeout.denomination = 1s (default)
2019-09-12 11:46:28,454 [325ee62c-45ec-4ba0-83a5-5e89328cdd9c:group-38DC860C1749:LeaderElection106] INFO  server.RaftServerConfigKeys (ConfUtils.java:logGet(43)) - raft.server.watch.element-limit = 65536 (default)
2019-09-12 11:46:28,454 [325ee62c-45ec-4ba0-83a5-5e89328cdd9c:group-B072EE020D06:LeaderElection105] INFO  server.RaftServerConfigKeys (ConfUtils.java:logGet(43)) - raft.server.watch.element-limit = 65536 (default)
2019-09-12 11:46:28,454 [325ee62c-45ec-4ba0-83a5-5e89328cdd9c:group-38DC860C1749:LeaderElection106] INFO  impl.RoleInfo (RoleInfo.java:updateAndGet(143)) - 325ee62c-45ec-4ba0-83a5-5e89328cdd9c: start LeaderState
2019-09-12 11:46:28,454 [325ee62c-45ec-4ba0-83a5-5e89328cdd9c:group-B072EE020D06:LeaderElection105] INFO  impl.RoleInfo (RoleInfo.java:updateAndGet(143)) - 325ee62c-45ec-4ba0-83a5-5e89328cdd9c: start LeaderState
2019-09-12 11:46:28,455 [325ee62c-45ec-4ba0-83a5-5e89328cdd9c:group-38DC860C1749:LeaderElection106] INFO  segmented.SegmentedRaftLogWorker (SegmentedRaftLogWorker.java:startLogSegment(380)) - 325ee62c-45ec-4ba0-83a5-5e89328cdd9c-SegmentedRaftLogWorker:Storage Directory /workdir/hadoop-ozone/ozonefs/target/test-dir/MiniOzoneClusterImpl-3eb4f7d7-b6cb-4385-801e-8717a1e56e16/datanode-2/data/ratis/79bb9256-1922-4e49-9ff1-38dc860c1749: Starting segment from index:0
2019-09-12 11:46:28,455 [325ee62c-45ec-4ba0-83a5-5e89328cdd9c:group-B072EE020D06:LeaderElection105] INFO  segmented.SegmentedRaftLogWorker (SegmentedRaftLogWorker.java:startLogSegment(380)) - 325ee62c-45ec-4ba0-83a5-5e89328cdd9c-SegmentedRaftLogWorker:Storage Directory /workdir/hadoop-ozone/ozonefs/target/test-dir/MiniOzoneClusterImpl-3eb4f7d7-b6cb-4385-801e-8717a1e56e16/datanode-2/data/ratis/85806c3f-0a9c-49e4-9269-b072ee020d06: Starting segment from index:0
2019-09-12 11:46:28,455 [325ee62c-45ec-4ba0-83a5-5e89328cdd9c:group-38DC860C1749:LeaderElection106] INFO  impl.RaftServerImpl (ServerState.java:setRaftConf(361)) - 325ee62c-45ec-4ba0-83a5-5e89328cdd9c:group-38DC860C1749 set configuration 0: [325ee62c-45ec-4ba0-83a5-5e89328cdd9c:192.168.36.114:43378], old=null at 0
2019-09-12 11:46:28,455 [325ee62c-45ec-4ba0-83a5-5e89328cdd9c:group-B072EE020D06:LeaderElection105] INFO  impl.RaftServerImpl (ServerState.java:setRaftConf(361)) - 325ee62c-45ec-4ba0-83a5-5e89328cdd9c:group-B072EE020D06 set configuration 0: [325ee62c-45ec-4ba0-83a5-5e89328cdd9c:192.168.36.114:43378], old=null at 0
2019-09-12 11:46:28,475 [Thread-1551] INFO  impl.FollowerState (FollowerState.java:run(106)) - 325ee62c-45ec-4ba0-83a5-5e89328cdd9c:group-262448F9F44D changes to CANDIDATE, lastRpcTime:5188, electionTimeout:5188ms
2019-09-12 11:46:28,475 [Thread-1551] INFO  impl.RoleInfo (RoleInfo.java:shutdownFollowerState(121)) - 325ee62c-45ec-4ba0-83a5-5e89328cdd9c: shutdown FollowerState
2019-09-12 11:46:28,475 [Thread-1551] INFO  impl.RaftServerImpl (RaftServerImpl.java:setRole(171)) - 325ee62c-45ec-4ba0-83a5-5e89328cdd9c:group-262448F9F44D changes role from FOLLOWER to CANDIDATE at term 0 for changeToCandidate
2019-09-12 11:46:28,475 [Thread-1551] INFO  impl.RoleInfo (RoleInfo.java:updateAndGet(143)) - 325ee62c-45ec-4ba0-83a5-5e89328cdd9c: start LeaderElection
2019-09-12 11:46:28,501 [325ee62c-45ec-4ba0-83a5-5e89328cdd9c-SegmentedRaftLogWorker:Storage Directory /workdir/hadoop-ozone/ozonefs/target/test-dir/MiniOzoneClusterImpl-3eb4f7d7-b6cb-4385-801e-8717a1e56e16/datanode-2/data/ratis/79bb9256-1922-4e49-9ff1-38dc860c1749] INFO  segmented.SegmentedRaftLogWorker (SegmentedRaftLogWorker.java:execute(569)) - 325ee62c-45ec-4ba0-83a5-5e89328cdd9c-SegmentedRaftLogWorker:Storage Directory /workdir/hadoop-ozone/ozonefs/target/test-dir/MiniOzoneClusterImpl-3eb4f7d7-b6cb-4385-801e-8717a1e56e16/datanode-2/data/ratis/79bb9256-1922-4e49-9ff1-38dc860c1749: created new log segment /workdir/hadoop-ozone/ozonefs/target/test-dir/MiniOzoneClusterImpl-3eb4f7d7-b6cb-4385-801e-8717a1e56e16/datanode-2/data/ratis/79bb9256-1922-4e49-9ff1-38dc860c1749/current/log_inprogress_0
2019-09-12 11:46:28,501 [325ee62c-45ec-4ba0-83a5-5e89328cdd9c-SegmentedRaftLogWorker:Storage Directory /workdir/hadoop-ozone/ozonefs/target/test-dir/MiniOzoneClusterImpl-3eb4f7d7-b6cb-4385-801e-8717a1e56e16/datanode-2/data/ratis/85806c3f-0a9c-49e4-9269-b072ee020d06] INFO  segmented.SegmentedRaftLogWorker (SegmentedRaftLogWorker.java:execute(569)) - 325ee62c-45ec-4ba0-83a5-5e89328cdd9c-SegmentedRaftLogWorker:Storage Directory /workdir/hadoop-ozone/ozonefs/target/test-dir/MiniOzoneClusterImpl-3eb4f7d7-b6cb-4385-801e-8717a1e56e16/datanode-2/data/ratis/85806c3f-0a9c-49e4-9269-b072ee020d06: created new log segment /workdir/hadoop-ozone/ozonefs/target/test-dir/MiniOzoneClusterImpl-3eb4f7d7-b6cb-4385-801e-8717a1e56e16/datanode-2/data/ratis/85806c3f-0a9c-49e4-9269-b072ee020d06/current/log_inprogress_0
2019-09-12 11:46:28,501 [325ee62c-45ec-4ba0-83a5-5e89328cdd9c:group-262448F9F44D:LeaderElection107] INFO  impl.LeaderElection (LeaderElection.java:askForVotes(181)) - 325ee62c-45ec-4ba0-83a5-5e89328cdd9c:group-262448F9F44D:LeaderElection107: begin an election at term 1 for -1: [325ee62c-45ec-4ba0-83a5-5e89328cdd9c:192.168.36.114:43378], old=null
2019-09-12 11:46:28,502 [325ee62c-45ec-4ba0-83a5-5e89328cdd9c:group-262448F9F44D:LeaderElection107] INFO  impl.RoleInfo (RoleInfo.java:shutdownLeaderElection(134)) - 325ee62c-45ec-4ba0-83a5-5e89328cdd9c: shutdown LeaderElection
2019-09-12 11:46:28,502 [325ee62c-45ec-4ba0-83a5-5e89328cdd9c:group-262448F9F44D:LeaderElection107] INFO  impl.RaftServerImpl (RaftServerImpl.java:setRole(171)) - 325ee62c-45ec-4ba0-83a5-5e89328cdd9c:group-262448F9F44D changes role from CANDIDATE to LEADER at term 1 for changeToLeader
2019-09-12 11:46:28,502 [325ee62c-45ec-4ba0-83a5-5e89328cdd9c:group-262448F9F44D:LeaderElection107] INFO  impl.RaftServerImpl (ServerState.java:setLeader(263)) - 325ee62c-45ec-4ba0-83a5-5e89328cdd9c:group-262448F9F44D change Leader from null to 325ee62c-45ec-4ba0-83a5-5e89328cdd9c at term 1 for becomeLeader, leader elected after 5218ms
2019-09-12 11:46:28,502 [325ee62c-45ec-4ba0-83a5-5e89328cdd9c:group-262448F9F44D:LeaderElection107] INFO  server.RaftServerConfigKeys (ConfUtils.java:logGet(43)) - raft.server.staging.catchup.gap = 1000 (default)
2019-09-12 11:46:28,502 [325ee62c-45ec-4ba0-83a5-5e89328cdd9c:group-262448F9F44D:LeaderElection107] INFO  server.RaftServerConfigKeys (ConfUtils.java:logGet(43)) - raft.server.rpc.sleep.time = 25ms (default)
2019-09-12 11:46:28,502 [325ee62c-45ec-4ba0-83a5-5e89328cdd9c:group-262448F9F44D:LeaderElection107] INFO  server.RaftServerConfigKeys (ConfUtils.java:logGet(43)) - raft.server.write.element-limit = 4096 (default)
2019-09-12 11:46:28,502 [325ee62c-45ec-4ba0-83a5-5e89328cdd9c:group-262448F9F44D:LeaderElection107] INFO  server.RaftServerConfigKeys (ConfUtils.java:logGet(43)) - raft.server.watch.timeout = 10s (default)
2019-09-12 11:46:28,502 [325ee62c-45ec-4ba0-83a5-5e89328cdd9c:group-262448F9F44D:LeaderElection107] INFO  server.RaftServerConfigKeys (ConfUtils.java:logGet(43)) - raft.server.watch.timeout.denomination = 1s (default)
2019-09-12 11:46:28,502 [325ee62c-45ec-4ba0-83a5-5e89328cdd9c:group-262448F9F44D:LeaderElection107] INFO  server.RaftServerConfigKeys (ConfUtils.java:logGet(43)) - raft.server.watch.element-limit = 65536 (default)
2019-09-12 11:46:28,503 [325ee62c-45ec-4ba0-83a5-5e89328cdd9c:group-262448F9F44D:LeaderElection107] INFO  impl.RoleInfo (RoleInfo.java:updateAndGet(143)) - 325ee62c-45ec-4ba0-83a5-5e89328cdd9c: start LeaderState
2019-09-12 11:46:28,503 [325ee62c-45ec-4ba0-83a5-5e89328cdd9c:group-262448F9F44D:LeaderElection107] INFO  segmented.SegmentedRaftLogWorker (SegmentedRaftLogWorker.java:startLogSegment(380)) - 325ee62c-45ec-4ba0-83a5-5e89328cdd9c-SegmentedRaftLogWorker:Storage Directory /workdir/hadoop-ozone/ozonefs/target/test-dir/MiniOzoneClusterImpl-3eb4f7d7-b6cb-4385-801e-8717a1e56e16/datanode-2/data/ratis/f7a4a39f-0561-4816-bb8a-262448f9f44d: Starting segment from index:0
2019-09-12 11:46:28,503 [325ee62c-45ec-4ba0-83a5-5e89328cdd9c:group-262448F9F44D:LeaderElection107] INFO  impl.RaftServerImpl (ServerState.java:setRaftConf(361)) - 325ee62c-45ec-4ba0-83a5-5e89328cdd9c:group-262448F9F44D set configuration 0: [325ee62c-45ec-4ba0-83a5-5e89328cdd9c:192.168.36.114:43378], old=null at 0
2019-09-12 11:46:28,522 [Thread-1554] INFO  impl.FollowerState (FollowerState.java:run(106)) - 325ee62c-45ec-4ba0-83a5-5e89328cdd9c:group-7FDE5BAE6B50 changes to CANDIDATE, lastRpcTime:5195, electionTimeout:5195ms
2019-09-12 11:46:28,522 [Thread-1554] INFO  impl.RoleInfo (RoleInfo.java:shutdownFollowerState(121)) - 325ee62c-45ec-4ba0-83a5-5e89328cdd9c: shutdown FollowerState
2019-09-12 11:46:28,522 [Thread-1554] INFO  impl.RaftServerImpl (RaftServerImpl.java:setRole(171)) - 325ee62c-45ec-4ba0-83a5-5e89328cdd9c:group-7FDE5BAE6B50 changes role from FOLLOWER to CANDIDATE at term 0 for changeToCandidate
2019-09-12 11:46:28,522 [Thread-1554] INFO  impl.RoleInfo (RoleInfo.java:updateAndGet(143)) - 325ee62c-45ec-4ba0-83a5-5e89328cdd9c: start LeaderElection
2019-09-12 11:46:28,542 [325ee62c-45ec-4ba0-83a5-5e89328cdd9c-SegmentedRaftLogWorker:Storage Directory /workdir/hadoop-ozone/ozonefs/target/test-dir/MiniOzoneClusterImpl-3eb4f7d7-b6cb-4385-801e-8717a1e56e16/datanode-2/data/ratis/f7a4a39f-0561-4816-bb8a-262448f9f44d] INFO  segmented.SegmentedRaftLogWorker (SegmentedRaftLogWorker.java:execute(569)) - 325ee62c-45ec-4ba0-83a5-5e89328cdd9c-SegmentedRaftLogWorker:Storage Directory /workdir/hadoop-ozone/ozonefs/target/test-dir/MiniOzoneClusterImpl-3eb4f7d7-b6cb-4385-801e-8717a1e56e16/datanode-2/data/ratis/f7a4a39f-0561-4816-bb8a-262448f9f44d: created new log segment /workdir/hadoop-ozone/ozonefs/target/test-dir/MiniOzoneClusterImpl-3eb4f7d7-b6cb-4385-801e-8717a1e56e16/datanode-2/data/ratis/f7a4a39f-0561-4816-bb8a-262448f9f44d/current/log_inprogress_0
2019-09-12 11:46:28,542 [325ee62c-45ec-4ba0-83a5-5e89328cdd9c:group-7FDE5BAE6B50:LeaderElection108] INFO  impl.LeaderElection (LeaderElection.java:askForVotes(181)) - 325ee62c-45ec-4ba0-83a5-5e89328cdd9c:group-7FDE5BAE6B50:LeaderElection108: begin an election at term 1 for -1: [325ee62c-45ec-4ba0-83a5-5e89328cdd9c:192.168.36.114:43378], old=null
2019-09-12 11:46:28,542 [325ee62c-45ec-4ba0-83a5-5e89328cdd9c:group-7FDE5BAE6B50:LeaderElection108] INFO  impl.RoleInfo (RoleInfo.java:shutdownLeaderElection(134)) - 325ee62c-45ec-4ba0-83a5-5e89328cdd9c: shutdown LeaderElection
2019-09-12 11:46:28,543 [325ee62c-45ec-4ba0-83a5-5e89328cdd9c:group-7FDE5BAE6B50:LeaderElection108] INFO  impl.RaftServerImpl (RaftServerImpl.java:setRole(171)) - 325ee62c-45ec-4ba0-83a5-5e89328cdd9c:group-7FDE5BAE6B50 changes role from CANDIDATE to LEADER at term 1 for changeToLeader
2019-09-12 11:46:28,543 [325ee62c-45ec-4ba0-83a5-5e89328cdd9c:group-7FDE5BAE6B50:LeaderElection108] INFO  impl.RaftServerImpl (ServerState.java:setLeader(263)) - 325ee62c-45ec-4ba0-83a5-5e89328cdd9c:group-7FDE5BAE6B50 change Leader from null to 325ee62c-45ec-4ba0-83a5-5e89328cdd9c at term 1 for becomeLeader, leader elected after 5218ms
2019-09-12 11:46:28,543 [325ee62c-45ec-4ba0-83a5-5e89328cdd9c:group-7FDE5BAE6B50:LeaderElection108] INFO  server.RaftServerConfigKeys (ConfUtils.java:logGet(43)) - raft.server.staging.catchup.gap = 1000 (default)
2019-09-12 11:46:28,543 [325ee62c-45ec-4ba0-83a5-5e89328cdd9c:group-7FDE5BAE6B50:LeaderElection108] INFO  server.RaftServerConfigKeys (ConfUtils.java:logGet(43)) - raft.server.rpc.sleep.time = 25ms (default)
2019-09-12 11:46:28,543 [325ee62c-45ec-4ba0-83a5-5e89328cdd9c:group-7FDE5BAE6B50:LeaderElection108] INFO  server.RaftServerConfigKeys (ConfUtils.java:logGet(43)) - raft.server.write.element-limit = 4096 (default)
2019-09-12 11:46:28,543 [325ee62c-45ec-4ba0-83a5-5e89328cdd9c:group-7FDE5BAE6B50:LeaderElection108] INFO  server.RaftServerConfigKeys (ConfUtils.java:logGet(43)) - raft.server.watch.timeout = 10s (default)
2019-09-12 11:46:28,543 [325ee62c-45ec-4ba0-83a5-5e89328cdd9c:group-7FDE5BAE6B50:LeaderElection108] INFO  server.RaftServerConfigKeys (ConfUtils.java:logGet(43)) - raft.server.watch.timeout.denomination = 1s (default)
2019-09-12 11:46:28,543 [325ee62c-45ec-4ba0-83a5-5e89328cdd9c:group-7FDE5BAE6B50:LeaderElection108] INFO  server.RaftServerConfigKeys (ConfUtils.java:logGet(43)) - raft.server.watch.element-limit = 65536 (default)
2019-09-12 11:46:28,543 [325ee62c-45ec-4ba0-83a5-5e89328cdd9c:group-7FDE5BAE6B50:LeaderElection108] INFO  impl.RoleInfo (RoleInfo.java:updateAndGet(143)) - 325ee62c-45ec-4ba0-83a5-5e89328cdd9c: start LeaderState
2019-09-12 11:46:28,544 [325ee62c-45ec-4ba0-83a5-5e89328cdd9c:group-7FDE5BAE6B50:LeaderElection108] INFO  segmented.SegmentedRaftLogWorker (SegmentedRaftLogWorker.java:startLogSegment(380)) - 325ee62c-45ec-4ba0-83a5-5e89328cdd9c-SegmentedRaftLogWorker:Storage Directory /workdir/hadoop-ozone/ozonefs/target/test-dir/MiniOzoneClusterImpl-3eb4f7d7-b6cb-4385-801e-8717a1e56e16/datanode-2/data/ratis/1ec593f3-5670-4b0f-acb6-7fde5bae6b50: Starting segment from index:0
2019-09-12 11:46:28,544 [325ee62c-45ec-4ba0-83a5-5e89328cdd9c:group-7FDE5BAE6B50:LeaderElection108] INFO  impl.RaftServerImpl (ServerState.java:setRaftConf(361)) - 325ee62c-45ec-4ba0-83a5-5e89328cdd9c:group-7FDE5BAE6B50 set configuration 0: [325ee62c-45ec-4ba0-83a5-5e89328cdd9c:192.168.36.114:43378], old=null at 0
2019-09-12 11:46:28,582 [325ee62c-45ec-4ba0-83a5-5e89328cdd9c-SegmentedRaftLogWorker:Storage Directory /workdir/hadoop-ozone/ozonefs/target/test-dir/MiniOzoneClusterImpl-3eb4f7d7-b6cb-4385-801e-8717a1e56e16/datanode-2/data/ratis/1ec593f3-5670-4b0f-acb6-7fde5bae6b50] INFO  segmented.SegmentedRaftLogWorker (SegmentedRaftLogWorker.java:execute(569)) - 325ee62c-45ec-4ba0-83a5-5e89328cdd9c-SegmentedRaftLogWorker:Storage Directory /workdir/hadoop-ozone/ozonefs/target/test-dir/MiniOzoneClusterImpl-3eb4f7d7-b6cb-4385-801e-8717a1e56e16/datanode-2/data/ratis/1ec593f3-5670-4b0f-acb6-7fde5bae6b50: created new log segment /workdir/hadoop-ozone/ozonefs/target/test-dir/MiniOzoneClusterImpl-3eb4f7d7-b6cb-4385-801e-8717a1e56e16/datanode-2/data/ratis/1ec593f3-5670-4b0f-acb6-7fde5bae6b50/current/log_inprogress_0
2019-09-12 11:46:29,066 | INFO  | SCMAudit | user=jenkins1000 | ip=192.168.36.114 | op=SEND_HEARTBEAT {datanodeUUID=325ee62c-45ec-4ba0-83a5-5e89328cdd9c, command=[]} | ret=SUCCESS |  
2019-09-12 11:46:29,328 [main] INFO  ozoneimpl.OzoneContainer (OzoneContainer.java:stop(199)) - Attempting to stop container services.
2019-09-12 11:46:29,328 [ForkJoinPool.commonPool-worker-1] INFO  ozoneimpl.OzoneContainer (OzoneContainer.java:stop(199)) - Attempting to stop container services.
2019-09-12 11:46:29,329 [main] INFO  impl.RaftServerProxy (RaftServerProxy.java:lambda$close$4(314)) - 21b7ca86-d644-4165-9703-cec4959a780d: close
2019-09-12 11:46:29,329 [ForkJoinPool.commonPool-worker-1] INFO  impl.RaftServerProxy (RaftServerProxy.java:lambda$close$4(314)) - 9a90101b-844a-48a0-acac-1ec26bec568c: close
2019-09-12 11:46:29,329 [main] INFO  impl.RaftServerImpl (RaftServerImpl.java:lambda$shutdown$3(245)) - 21b7ca86-d644-4165-9703-cec4959a780d: shutdown group-3FE4A8697690
2019-09-12 11:46:29,329 [ForkJoinPool.commonPool-worker-1] INFO  impl.RaftServerImpl (RaftServerImpl.java:lambda$shutdown$3(245)) - 9a90101b-844a-48a0-acac-1ec26bec568c: shutdown group-AAEE89117EA2
2019-09-12 11:46:29,330 [main] INFO  util.JmxRegister (JmxRegister.java:unregister(73)) - Successfully un-registered JMX Bean with object name Ratis:service=RaftServer,group=group-3FE4A8697690,id=21b7ca86-d644-4165-9703-cec4959a780d
2019-09-12 11:46:29,330 [ForkJoinPool.commonPool-worker-1] INFO  util.JmxRegister (JmxRegister.java:unregister(73)) - Successfully un-registered JMX Bean with object name Ratis:service=RaftServer,group=group-AAEE89117EA2,id=9a90101b-844a-48a0-acac-1ec26bec568c
2019-09-12 11:46:29,331 [main] INFO  impl.RoleInfo (RoleInfo.java:shutdownLeaderState(104)) - 21b7ca86-d644-4165-9703-cec4959a780d: shutdown LeaderState
2019-09-12 11:46:29,331 [ForkJoinPool.commonPool-worker-1] INFO  impl.RoleInfo (RoleInfo.java:shutdownLeaderState(104)) - 9a90101b-844a-48a0-acac-1ec26bec568c: shutdown LeaderState
2019-09-12 11:46:29,331 [main] INFO  impl.PendingRequests (PendingRequests.java:sendNotLeaderResponses(202)) - 21b7ca86-d644-4165-9703-cec4959a780d-PendingRequests: sendNotLeaderResponses
2019-09-12 11:46:29,332 [ForkJoinPool.commonPool-worker-1] INFO  impl.PendingRequests (PendingRequests.java:sendNotLeaderResponses(202)) - 9a90101b-844a-48a0-acac-1ec26bec568c-PendingRequests: sendNotLeaderResponses
2019-09-12 11:46:29,332 [main] INFO  impl.StateMachineUpdater (StateMachineUpdater.java:stopAndJoin(115)) - StateMachineUpdater:21b7ca86-d644-4165-9703-cec4959a780d:group-3FE4A8697690: set stopIndex = 0
2019-09-12 11:46:29,332 [ForkJoinPool.commonPool-worker-1] INFO  impl.StateMachineUpdater (StateMachineUpdater.java:stopAndJoin(115)) - StateMachineUpdater:9a90101b-844a-48a0-acac-1ec26bec568c:group-AAEE89117EA2: set stopIndex = 0
2019-09-12 11:46:29,333 [main] INFO  impl.RaftServerImpl (ServerState.java:close(394)) - 21b7ca86-d644-4165-9703-cec4959a780d:group-3FE4A8697690 closes. The last applied log index is 0
2019-09-12 11:46:29,333 [ForkJoinPool.commonPool-worker-1] INFO  impl.RaftServerImpl (ServerState.java:close(394)) - 9a90101b-844a-48a0-acac-1ec26bec568c:group-AAEE89117EA2 closes. The last applied log index is 0
2019-09-12 11:46:29,333 [21b7ca86-d644-4165-9703-cec4959a780d-SegmentedRaftLogWorker:Storage Directory /workdir/hadoop-ozone/ozonefs/target/test-dir/MiniOzoneClusterImpl-3eb4f7d7-b6cb-4385-801e-8717a1e56e16/datanode-1/data/ratis/cea92027-f1db-482a-a6d7-3fe4a8697690] INFO  segmented.SegmentedRaftLogWorker (SegmentedRaftLogWorker.java:run(313)) - 21b7ca86-d644-4165-9703-cec4959a780d-SegmentedRaftLogWorker:Storage Directory /workdir/hadoop-ozone/ozonefs/target/test-dir/MiniOzoneClusterImpl-3eb4f7d7-b6cb-4385-801e-8717a1e56e16/datanode-1/data/ratis/cea92027-f1db-482a-a6d7-3fe4a8697690 was interrupted, exiting. There are 0 tasks remaining in the queue.
2019-09-12 11:46:29,334 [9a90101b-844a-48a0-acac-1ec26bec568c-SegmentedRaftLogWorker:Storage Directory /workdir/hadoop-ozone/ozonefs/target/test-dir/MiniOzoneClusterImpl-3eb4f7d7-b6cb-4385-801e-8717a1e56e16/datanode-0/data/ratis/0a35add0-f6b8-4ac0-bf65-aaee89117ea2] INFO  segmented.SegmentedRaftLogWorker (SegmentedRaftLogWorker.java:run(313)) - 9a90101b-844a-48a0-acac-1ec26bec568c-SegmentedRaftLogWorker:Storage Directory /workdir/hadoop-ozone/ozonefs/target/test-dir/MiniOzoneClusterImpl-3eb4f7d7-b6cb-4385-801e-8717a1e56e16/datanode-0/data/ratis/0a35add0-f6b8-4ac0-bf65-aaee89117ea2 was interrupted, exiting. There are 0 tasks remaining in the queue.
2019-09-12 11:46:29,334 [main] INFO  segmented.SegmentedRaftLogWorker (SegmentedRaftLogWorker.java:close(228)) - 21b7ca86-d644-4165-9703-cec4959a780d-SegmentedRaftLogWorker:Storage Directory /workdir/hadoop-ozone/ozonefs/target/test-dir/MiniOzoneClusterImpl-3eb4f7d7-b6cb-4385-801e-8717a1e56e16/datanode-1/data/ratis/cea92027-f1db-482a-a6d7-3fe4a8697690 close()
2019-09-12 11:46:29,334 [ForkJoinPool.commonPool-worker-1] INFO  segmented.SegmentedRaftLogWorker (SegmentedRaftLogWorker.java:close(228)) - 9a90101b-844a-48a0-acac-1ec26bec568c-SegmentedRaftLogWorker:Storage Directory /workdir/hadoop-ozone/ozonefs/target/test-dir/MiniOzoneClusterImpl-3eb4f7d7-b6cb-4385-801e-8717a1e56e16/datanode-0/data/ratis/0a35add0-f6b8-4ac0-bf65-aaee89117ea2 close()
2019-09-12 11:46:29,336 [main] INFO  impl.RaftServerImpl (RaftServerImpl.java:lambda$shutdown$3(245)) - 21b7ca86-d644-4165-9703-cec4959a780d: shutdown group-2FBBAE065F92
2019-09-12 11:46:29,338 [ForkJoinPool.commonPool-worker-1] INFO  impl.RaftServerImpl (RaftServerImpl.java:lambda$shutdown$3(245)) - 9a90101b-844a-48a0-acac-1ec26bec568c: shutdown group-6FA59B35F577
2019-09-12 11:46:29,338 [main] INFO  util.JmxRegister (JmxRegister.java:unregister(73)) - Successfully un-registered JMX Bean with object name Ratis:service=RaftServer,group=group-2FBBAE065F92,id=21b7ca86-d644-4165-9703-cec4959a780d
2019-09-12 11:46:29,339 [ForkJoinPool.commonPool-worker-1] INFO  util.JmxRegister (JmxRegister.java:unregister(73)) - Successfully un-registered JMX Bean with object name Ratis:service=RaftServer,group=group-6FA59B35F577,id=9a90101b-844a-48a0-acac-1ec26bec568c
2019-09-12 11:46:29,339 [main] INFO  impl.RoleInfo (RoleInfo.java:shutdownLeaderState(104)) - 21b7ca86-d644-4165-9703-cec4959a780d: shutdown LeaderState
2019-09-12 11:46:29,339 [ForkJoinPool.commonPool-worker-1] INFO  impl.RoleInfo (RoleInfo.java:shutdownLeaderState(104)) - 9a90101b-844a-48a0-acac-1ec26bec568c: shutdown LeaderState
2019-09-12 11:46:29,340 [main] INFO  impl.PendingRequests (PendingRequests.java:sendNotLeaderResponses(202)) - 21b7ca86-d644-4165-9703-cec4959a780d-PendingRequests: sendNotLeaderResponses
2019-09-12 11:46:29,340 [ForkJoinPool.commonPool-worker-1] INFO  impl.PendingRequests (PendingRequests.java:sendNotLeaderResponses(202)) - 9a90101b-844a-48a0-acac-1ec26bec568c-PendingRequests: sendNotLeaderResponses
2019-09-12 11:46:29,340 [main] INFO  impl.StateMachineUpdater (StateMachineUpdater.java:stopAndJoin(115)) - StateMachineUpdater:21b7ca86-d644-4165-9703-cec4959a780d:group-2FBBAE065F92: set stopIndex = 0
2019-09-12 11:46:29,340 [ForkJoinPool.commonPool-worker-1] INFO  impl.StateMachineUpdater (StateMachineUpdater.java:stopAndJoin(115)) - StateMachineUpdater:9a90101b-844a-48a0-acac-1ec26bec568c:group-6FA59B35F577: set stopIndex = 0
2019-09-12 11:46:29,341 [main] INFO  impl.RaftServerImpl (ServerState.java:close(394)) - 21b7ca86-d644-4165-9703-cec4959a780d:group-2FBBAE065F92 closes. The last applied log index is 0
2019-09-12 11:46:29,341 [ForkJoinPool.commonPool-worker-1] INFO  impl.RaftServerImpl (ServerState.java:close(394)) - 9a90101b-844a-48a0-acac-1ec26bec568c:group-6FA59B35F577 closes. The last applied log index is 0
2019-09-12 11:46:29,342 [21b7ca86-d644-4165-9703-cec4959a780d-SegmentedRaftLogWorker:Storage Directory /workdir/hadoop-ozone/ozonefs/target/test-dir/MiniOzoneClusterImpl-3eb4f7d7-b6cb-4385-801e-8717a1e56e16/datanode-1/data/ratis/e8fa203b-f09b-448f-b16d-2fbbae065f92] INFO  segmented.SegmentedRaftLogWorker (SegmentedRaftLogWorker.java:run(313)) - 21b7ca86-d644-4165-9703-cec4959a780d-SegmentedRaftLogWorker:Storage Directory /workdir/hadoop-ozone/ozonefs/target/test-dir/MiniOzoneClusterImpl-3eb4f7d7-b6cb-4385-801e-8717a1e56e16/datanode-1/data/ratis/e8fa203b-f09b-448f-b16d-2fbbae065f92 was interrupted, exiting. There are 0 tasks remaining in the queue.
2019-09-12 11:46:29,342 [9a90101b-844a-48a0-acac-1ec26bec568c-SegmentedRaftLogWorker:Storage Directory /workdir/hadoop-ozone/ozonefs/target/test-dir/MiniOzoneClusterImpl-3eb4f7d7-b6cb-4385-801e-8717a1e56e16/datanode-0/data/ratis/f51991f7-fff9-4dcf-bfc8-6fa59b35f577] INFO  segmented.SegmentedRaftLogWorker (SegmentedRaftLogWorker.java:run(313)) - 9a90101b-844a-48a0-acac-1ec26bec568c-SegmentedRaftLogWorker:Storage Directory /workdir/hadoop-ozone/ozonefs/target/test-dir/MiniOzoneClusterImpl-3eb4f7d7-b6cb-4385-801e-8717a1e56e16/datanode-0/data/ratis/f51991f7-fff9-4dcf-bfc8-6fa59b35f577 was interrupted, exiting. There are 0 tasks remaining in the queue.
2019-09-12 11:46:29,342 [main] INFO  segmented.SegmentedRaftLogWorker (SegmentedRaftLogWorker.java:close(228)) - 21b7ca86-d644-4165-9703-cec4959a780d-SegmentedRaftLogWorker:Storage Directory /workdir/hadoop-ozone/ozonefs/target/test-dir/MiniOzoneClusterImpl-3eb4f7d7-b6cb-4385-801e-8717a1e56e16/datanode-1/data/ratis/e8fa203b-f09b-448f-b16d-2fbbae065f92 close()
2019-09-12 11:46:29,342 [ForkJoinPool.commonPool-worker-1] INFO  segmented.SegmentedRaftLogWorker (SegmentedRaftLogWorker.java:close(228)) - 9a90101b-844a-48a0-acac-1ec26bec568c-SegmentedRaftLogWorker:Storage Directory /workdir/hadoop-ozone/ozonefs/target/test-dir/MiniOzoneClusterImpl-3eb4f7d7-b6cb-4385-801e-8717a1e56e16/datanode-0/data/ratis/f51991f7-fff9-4dcf-bfc8-6fa59b35f577 close()
2019-09-12 11:46:29,344 [main] INFO  impl.RaftServerImpl (RaftServerImpl.java:lambda$shutdown$3(245)) - 21b7ca86-d644-4165-9703-cec4959a780d: shutdown group-243EA9588810
2019-09-12 11:46:29,345 [ForkJoinPool.commonPool-worker-1] INFO  impl.RaftServerImpl (RaftServerImpl.java:lambda$shutdown$3(245)) - 9a90101b-844a-48a0-acac-1ec26bec568c: shutdown group-3A49F5803C95
2019-09-12 11:46:29,346 [main] INFO  util.JmxRegister (JmxRegister.java:unregister(73)) - Successfully un-registered JMX Bean with object name Ratis:service=RaftServer,group=group-243EA9588810,id=21b7ca86-d644-4165-9703-cec4959a780d
2019-09-12 11:46:29,346 [ForkJoinPool.commonPool-worker-1] INFO  util.JmxRegister (JmxRegister.java:unregister(73)) - Successfully un-registered JMX Bean with object name Ratis:service=RaftServer,group=group-3A49F5803C95,id=9a90101b-844a-48a0-acac-1ec26bec568c
2019-09-12 11:46:29,346 [main] INFO  impl.RoleInfo (RoleInfo.java:shutdownLeaderState(104)) - 21b7ca86-d644-4165-9703-cec4959a780d: shutdown LeaderState
2019-09-12 11:46:29,347 [ForkJoinPool.commonPool-worker-1] INFO  impl.RoleInfo (RoleInfo.java:shutdownLeaderState(104)) - 9a90101b-844a-48a0-acac-1ec26bec568c: shutdown LeaderState
2019-09-12 11:46:29,347 [main] INFO  impl.PendingRequests (PendingRequests.java:sendNotLeaderResponses(202)) - 21b7ca86-d644-4165-9703-cec4959a780d-PendingRequests: sendNotLeaderResponses
2019-09-12 11:46:29,347 [ForkJoinPool.commonPool-worker-1] INFO  impl.PendingRequests (PendingRequests.java:sendNotLeaderResponses(202)) - 9a90101b-844a-48a0-acac-1ec26bec568c-PendingRequests: sendNotLeaderResponses
2019-09-12 11:46:29,348 [main] INFO  impl.StateMachineUpdater (StateMachineUpdater.java:stopAndJoin(115)) - StateMachineUpdater:21b7ca86-d644-4165-9703-cec4959a780d:group-243EA9588810: set stopIndex = 0
2019-09-12 11:46:29,348 [ForkJoinPool.commonPool-worker-1] INFO  impl.StateMachineUpdater (StateMachineUpdater.java:stopAndJoin(115)) - StateMachineUpdater:9a90101b-844a-48a0-acac-1ec26bec568c:group-3A49F5803C95: set stopIndex = 0
2019-09-12 11:46:29,348 [main] INFO  impl.RaftServerImpl (ServerState.java:close(394)) - 21b7ca86-d644-4165-9703-cec4959a780d:group-243EA9588810 closes. The last applied log index is 0
2019-09-12 11:46:29,349 [ForkJoinPool.commonPool-worker-1] INFO  impl.RaftServerImpl (ServerState.java:close(394)) - 9a90101b-844a-48a0-acac-1ec26bec568c:group-3A49F5803C95 closes. The last applied log index is 0
2019-09-12 11:46:29,349 [21b7ca86-d644-4165-9703-cec4959a780d-SegmentedRaftLogWorker:Storage Directory /workdir/hadoop-ozone/ozonefs/target/test-dir/MiniOzoneClusterImpl-3eb4f7d7-b6cb-4385-801e-8717a1e56e16/datanode-1/data/ratis/d6565f43-58ac-4d36-95fa-243ea9588810] INFO  segmented.SegmentedRaftLogWorker (SegmentedRaftLogWorker.java:run(313)) - 21b7ca86-d644-4165-9703-cec4959a780d-SegmentedRaftLogWorker:Storage Directory /workdir/hadoop-ozone/ozonefs/target/test-dir/MiniOzoneClusterImpl-3eb4f7d7-b6cb-4385-801e-8717a1e56e16/datanode-1/data/ratis/d6565f43-58ac-4d36-95fa-243ea9588810 was interrupted, exiting. There are 0 tasks remaining in the queue.
2019-09-12 11:46:29,349 [9a90101b-844a-48a0-acac-1ec26bec568c-SegmentedRaftLogWorker:Storage Directory /workdir/hadoop-ozone/ozonefs/target/test-dir/MiniOzoneClusterImpl-3eb4f7d7-b6cb-4385-801e-8717a1e56e16/datanode-0/data/ratis/27ccecfe-9d9c-48cf-911d-3a49f5803c95] INFO  segmented.SegmentedRaftLogWorker (SegmentedRaftLogWorker.java:run(313)) - 9a90101b-844a-48a0-acac-1ec26bec568c-SegmentedRaftLogWorker:Storage Directory /workdir/hadoop-ozone/ozonefs/target/test-dir/MiniOzoneClusterImpl-3eb4f7d7-b6cb-4385-801e-8717a1e56e16/datanode-0/data/ratis/27ccecfe-9d9c-48cf-911d-3a49f5803c95 was interrupted, exiting. There are 0 tasks remaining in the queue.
2019-09-12 11:46:29,350 [main] INFO  segmented.SegmentedRaftLogWorker (SegmentedRaftLogWorker.java:close(228)) - 21b7ca86-d644-4165-9703-cec4959a780d-SegmentedRaftLogWorker:Storage Directory /workdir/hadoop-ozone/ozonefs/target/test-dir/MiniOzoneClusterImpl-3eb4f7d7-b6cb-4385-801e-8717a1e56e16/datanode-1/data/ratis/d6565f43-58ac-4d36-95fa-243ea9588810 close()
2019-09-12 11:46:29,350 [ForkJoinPool.commonPool-worker-1] INFO  segmented.SegmentedRaftLogWorker (SegmentedRaftLogWorker.java:close(228)) - 9a90101b-844a-48a0-acac-1ec26bec568c-SegmentedRaftLogWorker:Storage Directory /workdir/hadoop-ozone/ozonefs/target/test-dir/MiniOzoneClusterImpl-3eb4f7d7-b6cb-4385-801e-8717a1e56e16/datanode-0/data/ratis/27ccecfe-9d9c-48cf-911d-3a49f5803c95 close()
2019-09-12 11:46:29,351 [main] INFO  impl.RaftServerImpl (RaftServerImpl.java:lambda$shutdown$3(245)) - 21b7ca86-d644-4165-9703-cec4959a780d: shutdown group-649B63AE479B
2019-09-12 11:46:29,353 [ForkJoinPool.commonPool-worker-1] INFO  impl.RaftServerImpl (RaftServerImpl.java:lambda$shutdown$3(245)) - 9a90101b-844a-48a0-acac-1ec26bec568c: shutdown group-DB36D9620A8E
2019-09-12 11:46:29,353 [main] INFO  util.JmxRegister (JmxRegister.java:unregister(73)) - Successfully un-registered JMX Bean with object name Ratis:service=RaftServer,group=group-649B63AE479B,id=21b7ca86-d644-4165-9703-cec4959a780d
2019-09-12 11:46:29,353 [ForkJoinPool.commonPool-worker-1] INFO  util.JmxRegister (JmxRegister.java:unregister(73)) - Successfully un-registered JMX Bean with object name Ratis:service=RaftServer,group=group-DB36D9620A8E,id=9a90101b-844a-48a0-acac-1ec26bec568c
2019-09-12 11:46:29,354 [main] INFO  impl.RoleInfo (RoleInfo.java:shutdownLeaderState(104)) - 21b7ca86-d644-4165-9703-cec4959a780d: shutdown LeaderState
2019-09-12 11:46:29,354 [ForkJoinPool.commonPool-worker-1] INFO  impl.RoleInfo (RoleInfo.java:shutdownLeaderState(104)) - 9a90101b-844a-48a0-acac-1ec26bec568c: shutdown LeaderState
2019-09-12 11:46:29,354 [main] INFO  impl.PendingRequests (PendingRequests.java:sendNotLeaderResponses(202)) - 21b7ca86-d644-4165-9703-cec4959a780d-PendingRequests: sendNotLeaderResponses
2019-09-12 11:46:29,355 [ForkJoinPool.commonPool-worker-1] INFO  impl.PendingRequests (PendingRequests.java:sendNotLeaderResponses(202)) - 9a90101b-844a-48a0-acac-1ec26bec568c-PendingRequests: sendNotLeaderResponses
2019-09-12 11:46:29,355 [main] INFO  impl.StateMachineUpdater (StateMachineUpdater.java:stopAndJoin(115)) - StateMachineUpdater:21b7ca86-d644-4165-9703-cec4959a780d:group-649B63AE479B: set stopIndex = 0
2019-09-12 11:46:29,355 [ForkJoinPool.commonPool-worker-1] INFO  impl.StateMachineUpdater (StateMachineUpdater.java:stopAndJoin(115)) - StateMachineUpdater:9a90101b-844a-48a0-acac-1ec26bec568c:group-DB36D9620A8E: set stopIndex = 0
2019-09-12 11:46:29,356 [main] INFO  impl.RaftServerImpl (ServerState.java:close(394)) - 21b7ca86-d644-4165-9703-cec4959a780d:group-649B63AE479B closes. The last applied log index is 0
2019-09-12 11:46:29,356 [ForkJoinPool.commonPool-worker-1] INFO  impl.RaftServerImpl (ServerState.java:close(394)) - 9a90101b-844a-48a0-acac-1ec26bec568c:group-DB36D9620A8E closes. The last applied log index is 0
2019-09-12 11:46:29,356 [21b7ca86-d644-4165-9703-cec4959a780d-SegmentedRaftLogWorker:Storage Directory /workdir/hadoop-ozone/ozonefs/target/test-dir/MiniOzoneClusterImpl-3eb4f7d7-b6cb-4385-801e-8717a1e56e16/datanode-1/data/ratis/c1a92582-af71-4516-8b8e-649b63ae479b] INFO  segmented.SegmentedRaftLogWorker (SegmentedRaftLogWorker.java:run(313)) - 21b7ca86-d644-4165-9703-cec4959a780d-SegmentedRaftLogWorker:Storage Directory /workdir/hadoop-ozone/ozonefs/target/test-dir/MiniOzoneClusterImpl-3eb4f7d7-b6cb-4385-801e-8717a1e56e16/datanode-1/data/ratis/c1a92582-af71-4516-8b8e-649b63ae479b was interrupted, exiting. There are 0 tasks remaining in the queue.
2019-09-12 11:46:29,357 [9a90101b-844a-48a0-acac-1ec26bec568c-SegmentedRaftLogWorker:Storage Directory /workdir/hadoop-ozone/ozonefs/target/test-dir/MiniOzoneClusterImpl-3eb4f7d7-b6cb-4385-801e-8717a1e56e16/datanode-0/data/ratis/6f1010d2-ed4c-4db1-af46-db36d9620a8e] INFO  segmented.SegmentedRaftLogWorker (SegmentedRaftLogWorker.java:run(313)) - 9a90101b-844a-48a0-acac-1ec26bec568c-SegmentedRaftLogWorker:Storage Directory /workdir/hadoop-ozone/ozonefs/target/test-dir/MiniOzoneClusterImpl-3eb4f7d7-b6cb-4385-801e-8717a1e56e16/datanode-0/data/ratis/6f1010d2-ed4c-4db1-af46-db36d9620a8e was interrupted, exiting. There are 0 tasks remaining in the queue.
2019-09-12 11:46:29,357 [main] INFO  segmented.SegmentedRaftLogWorker (SegmentedRaftLogWorker.java:close(228)) - 21b7ca86-d644-4165-9703-cec4959a780d-SegmentedRaftLogWorker:Storage Directory /workdir/hadoop-ozone/ozonefs/target/test-dir/MiniOzoneClusterImpl-3eb4f7d7-b6cb-4385-801e-8717a1e56e16/datanode-1/data/ratis/c1a92582-af71-4516-8b8e-649b63ae479b close()
2019-09-12 11:46:29,357 [ForkJoinPool.commonPool-worker-1] INFO  segmented.SegmentedRaftLogWorker (SegmentedRaftLogWorker.java:close(228)) - 9a90101b-844a-48a0-acac-1ec26bec568c-SegmentedRaftLogWorker:Storage Directory /workdir/hadoop-ozone/ozonefs/target/test-dir/MiniOzoneClusterImpl-3eb4f7d7-b6cb-4385-801e-8717a1e56e16/datanode-0/data/ratis/6f1010d2-ed4c-4db1-af46-db36d9620a8e close()
2019-09-12 11:46:29,359 [main] INFO  impl.RaftServerImpl (RaftServerImpl.java:lambda$shutdown$3(245)) - 21b7ca86-d644-4165-9703-cec4959a780d: shutdown group-83FD63A856E4
2019-09-12 11:46:29,360 [ForkJoinPool.commonPool-worker-1] INFO  impl.RaftServerImpl (RaftServerImpl.java:lambda$shutdown$3(245)) - 9a90101b-844a-48a0-acac-1ec26bec568c: shutdown group-82CD68F3752F
2019-09-12 11:46:29,361 [ForkJoinPool.commonPool-worker-1] INFO  util.JmxRegister (JmxRegister.java:unregister(73)) - Successfully un-registered JMX Bean with object name Ratis:service=RaftServer,group=group-82CD68F3752F,id=9a90101b-844a-48a0-acac-1ec26bec568c
2019-09-12 11:46:29,361 [ForkJoinPool.commonPool-worker-1] INFO  impl.RoleInfo (RoleInfo.java:shutdownLeaderState(104)) - 9a90101b-844a-48a0-acac-1ec26bec568c: shutdown LeaderState
2019-09-12 11:46:29,361 [main] INFO  util.JmxRegister (JmxRegister.java:unregister(73)) - Successfully un-registered JMX Bean with object name Ratis:service=RaftServer,group=group-83FD63A856E4,id=21b7ca86-d644-4165-9703-cec4959a780d
2019-09-12 11:46:29,361 [ForkJoinPool.commonPool-worker-1] INFO  impl.PendingRequests (PendingRequests.java:sendNotLeaderResponses(202)) - 9a90101b-844a-48a0-acac-1ec26bec568c-PendingRequests: sendNotLeaderResponses
2019-09-12 11:46:29,362 [main] INFO  impl.RoleInfo (RoleInfo.java:shutdownLeaderState(104)) - 21b7ca86-d644-4165-9703-cec4959a780d: shutdown LeaderState
2019-09-12 11:46:29,362 [ForkJoinPool.commonPool-worker-1] INFO  impl.StateMachineUpdater (StateMachineUpdater.java:stopAndJoin(115)) - StateMachineUpdater:9a90101b-844a-48a0-acac-1ec26bec568c:group-82CD68F3752F: set stopIndex = 0
2019-09-12 11:46:29,362 [main] INFO  impl.PendingRequests (PendingRequests.java:sendNotLeaderResponses(202)) - 21b7ca86-d644-4165-9703-cec4959a780d-PendingRequests: sendNotLeaderResponses
2019-09-12 11:46:29,363 [ForkJoinPool.commonPool-worker-1] INFO  impl.RaftServerImpl (ServerState.java:close(394)) - 9a90101b-844a-48a0-acac-1ec26bec568c:group-82CD68F3752F closes. The last applied log index is 0
2019-09-12 11:46:29,363 [main] INFO  impl.StateMachineUpdater (StateMachineUpdater.java:stopAndJoin(115)) - StateMachineUpdater:21b7ca86-d644-4165-9703-cec4959a780d:group-83FD63A856E4: set stopIndex = 0
2019-09-12 11:46:29,364 [main] INFO  impl.RaftServerImpl (ServerState.java:close(394)) - 21b7ca86-d644-4165-9703-cec4959a780d:group-83FD63A856E4 closes. The last applied log index is 0
2019-09-12 11:46:29,363 [9a90101b-844a-48a0-acac-1ec26bec568c-SegmentedRaftLogWorker:Storage Directory /workdir/hadoop-ozone/ozonefs/target/test-dir/MiniOzoneClusterImpl-3eb4f7d7-b6cb-4385-801e-8717a1e56e16/datanode-0/data/ratis/4b2f4bbe-a4a8-42d2-9f53-82cd68f3752f] INFO  segmented.SegmentedRaftLogWorker (SegmentedRaftLogWorker.java:run(313)) - 9a90101b-844a-48a0-acac-1ec26bec568c-SegmentedRaftLogWorker:Storage Directory /workdir/hadoop-ozone/ozonefs/target/test-dir/MiniOzoneClusterImpl-3eb4f7d7-b6cb-4385-801e-8717a1e56e16/datanode-0/data/ratis/4b2f4bbe-a4a8-42d2-9f53-82cd68f3752f was interrupted, exiting. There are 0 tasks remaining in the queue.
2019-09-12 11:46:29,364 [21b7ca86-d644-4165-9703-cec4959a780d-SegmentedRaftLogWorker:Storage Directory /workdir/hadoop-ozone/ozonefs/target/test-dir/MiniOzoneClusterImpl-3eb4f7d7-b6cb-4385-801e-8717a1e56e16/datanode-1/data/ratis/4e64cf30-ff8a-4c75-9646-83fd63a856e4] INFO  segmented.SegmentedRaftLogWorker (SegmentedRaftLogWorker.java:run(313)) - 21b7ca86-d644-4165-9703-cec4959a780d-SegmentedRaftLogWorker:Storage Directory /workdir/hadoop-ozone/ozonefs/target/test-dir/MiniOzoneClusterImpl-3eb4f7d7-b6cb-4385-801e-8717a1e56e16/datanode-1/data/ratis/4e64cf30-ff8a-4c75-9646-83fd63a856e4 was interrupted, exiting. There are 0 tasks remaining in the queue.
2019-09-12 11:46:29,364 [ForkJoinPool.commonPool-worker-1] INFO  segmented.SegmentedRaftLogWorker (SegmentedRaftLogWorker.java:close(228)) - 9a90101b-844a-48a0-acac-1ec26bec568c-SegmentedRaftLogWorker:Storage Directory /workdir/hadoop-ozone/ozonefs/target/test-dir/MiniOzoneClusterImpl-3eb4f7d7-b6cb-4385-801e-8717a1e56e16/datanode-0/data/ratis/4b2f4bbe-a4a8-42d2-9f53-82cd68f3752f close()
2019-09-12 11:46:29,364 [main] INFO  segmented.SegmentedRaftLogWorker (SegmentedRaftLogWorker.java:close(228)) - 21b7ca86-d644-4165-9703-cec4959a780d-SegmentedRaftLogWorker:Storage Directory /workdir/hadoop-ozone/ozonefs/target/test-dir/MiniOzoneClusterImpl-3eb4f7d7-b6cb-4385-801e-8717a1e56e16/datanode-1/data/ratis/4e64cf30-ff8a-4c75-9646-83fd63a856e4 close()
2019-09-12 11:46:29,365 [ForkJoinPool.commonPool-worker-1] INFO  impl.RaftServerImpl (RaftServerImpl.java:lambda$shutdown$3(245)) - 9a90101b-844a-48a0-acac-1ec26bec568c: shutdown group-8AABE10C32B0
2019-09-12 11:46:29,367 [main] INFO  impl.RaftServerImpl (RaftServerImpl.java:lambda$shutdown$3(245)) - 21b7ca86-d644-4165-9703-cec4959a780d: shutdown group-C6BDA270C7D6
2019-09-12 11:46:29,367 [ForkJoinPool.commonPool-worker-1] INFO  util.JmxRegister (JmxRegister.java:unregister(73)) - Successfully un-registered JMX Bean with object name Ratis:service=RaftServer,group=group-8AABE10C32B0,id=9a90101b-844a-48a0-acac-1ec26bec568c
2019-09-12 11:46:29,367 [main] INFO  util.JmxRegister (JmxRegister.java:unregister(73)) - Successfully un-registered JMX Bean with object name Ratis:service=RaftServer,group=group-C6BDA270C7D6,id=21b7ca86-d644-4165-9703-cec4959a780d
2019-09-12 11:46:29,368 [ForkJoinPool.commonPool-worker-1] INFO  impl.RoleInfo (RoleInfo.java:shutdownLeaderState(104)) - 9a90101b-844a-48a0-acac-1ec26bec568c: shutdown LeaderState
2019-09-12 11:46:29,368 [main] INFO  impl.RoleInfo (RoleInfo.java:shutdownLeaderState(104)) - 21b7ca86-d644-4165-9703-cec4959a780d: shutdown LeaderState
2019-09-12 11:46:29,368 [ForkJoinPool.commonPool-worker-1] INFO  impl.PendingRequests (PendingRequests.java:sendNotLeaderResponses(202)) - 9a90101b-844a-48a0-acac-1ec26bec568c-PendingRequests: sendNotLeaderResponses
2019-09-12 11:46:29,368 [main] INFO  impl.PendingRequests (PendingRequests.java:sendNotLeaderResponses(202)) - 21b7ca86-d644-4165-9703-cec4959a780d-PendingRequests: sendNotLeaderResponses
2019-09-12 11:46:29,369 [ForkJoinPool.commonPool-worker-1] INFO  impl.StateMachineUpdater (StateMachineUpdater.java:stopAndJoin(115)) - StateMachineUpdater:9a90101b-844a-48a0-acac-1ec26bec568c:group-8AABE10C32B0: set stopIndex = 0
2019-09-12 11:46:29,369 [main] INFO  impl.StateMachineUpdater (StateMachineUpdater.java:stopAndJoin(115)) - StateMachineUpdater:21b7ca86-d644-4165-9703-cec4959a780d:group-C6BDA270C7D6: set stopIndex = 0
2019-09-12 11:46:29,369 [ForkJoinPool.commonPool-worker-1] INFO  impl.RaftServerImpl (ServerState.java:close(394)) - 9a90101b-844a-48a0-acac-1ec26bec568c:group-8AABE10C32B0 closes. The last applied log index is 0
2019-09-12 11:46:29,371 [main] INFO  impl.RaftServerImpl (ServerState.java:close(394)) - 21b7ca86-d644-4165-9703-cec4959a780d:group-C6BDA270C7D6 closes. The last applied log index is 0
2019-09-12 11:46:29,371 [9a90101b-844a-48a0-acac-1ec26bec568c-SegmentedRaftLogWorker:Storage Directory /workdir/hadoop-ozone/ozonefs/target/test-dir/MiniOzoneClusterImpl-3eb4f7d7-b6cb-4385-801e-8717a1e56e16/datanode-0/data/ratis/6c8809b8-a7d9-4fcf-a8ce-8aabe10c32b0] INFO  segmented.SegmentedRaftLogWorker (SegmentedRaftLogWorker.java:run(313)) - 9a90101b-844a-48a0-acac-1ec26bec568c-SegmentedRaftLogWorker:Storage Directory /workdir/hadoop-ozone/ozonefs/target/test-dir/MiniOzoneClusterImpl-3eb4f7d7-b6cb-4385-801e-8717a1e56e16/datanode-0/data/ratis/6c8809b8-a7d9-4fcf-a8ce-8aabe10c32b0 was interrupted, exiting. There are 0 tasks remaining in the queue.
2019-09-12 11:46:29,371 [21b7ca86-d644-4165-9703-cec4959a780d-SegmentedRaftLogWorker:Storage Directory /workdir/hadoop-ozone/ozonefs/target/test-dir/MiniOzoneClusterImpl-3eb4f7d7-b6cb-4385-801e-8717a1e56e16/datanode-1/data/ratis/52858f91-377c-4b54-927b-c6bda270c7d6] INFO  segmented.SegmentedRaftLogWorker (SegmentedRaftLogWorker.java:run(313)) - 21b7ca86-d644-4165-9703-cec4959a780d-SegmentedRaftLogWorker:Storage Directory /workdir/hadoop-ozone/ozonefs/target/test-dir/MiniOzoneClusterImpl-3eb4f7d7-b6cb-4385-801e-8717a1e56e16/datanode-1/data/ratis/52858f91-377c-4b54-927b-c6bda270c7d6 was interrupted, exiting. There are 0 tasks remaining in the queue.
2019-09-12 11:46:29,371 [ForkJoinPool.commonPool-worker-1] INFO  segmented.SegmentedRaftLogWorker (SegmentedRaftLogWorker.java:close(228)) - 9a90101b-844a-48a0-acac-1ec26bec568c-SegmentedRaftLogWorker:Storage Directory /workdir/hadoop-ozone/ozonefs/target/test-dir/MiniOzoneClusterImpl-3eb4f7d7-b6cb-4385-801e-8717a1e56e16/datanode-0/data/ratis/6c8809b8-a7d9-4fcf-a8ce-8aabe10c32b0 close()
2019-09-12 11:46:29,371 [main] INFO  segmented.SegmentedRaftLogWorker (SegmentedRaftLogWorker.java:close(228)) - 21b7ca86-d644-4165-9703-cec4959a780d-SegmentedRaftLogWorker:Storage Directory /workdir/hadoop-ozone/ozonefs/target/test-dir/MiniOzoneClusterImpl-3eb4f7d7-b6cb-4385-801e-8717a1e56e16/datanode-1/data/ratis/52858f91-377c-4b54-927b-c6bda270c7d6 close()
2019-09-12 11:46:29,373 [ForkJoinPool.commonPool-worker-1] INFO  server.GrpcService (GrpcService.java:closeImpl(155)) - 9a90101b-844a-48a0-acac-1ec26bec568c: shutdown server with port 44461 now
2019-09-12 11:46:29,374 [main] INFO  server.GrpcService (GrpcService.java:closeImpl(155)) - 21b7ca86-d644-4165-9703-cec4959a780d: shutdown server with port 36582 now
2019-09-12 11:46:29,375 [ForkJoinPool.commonPool-worker-1] INFO  server.GrpcService (GrpcService.java:closeImpl(163)) - 9a90101b-844a-48a0-acac-1ec26bec568c: shutdown server with port 44461 successfully
2019-09-12 11:46:29,376 [main] INFO  server.GrpcService (GrpcService.java:closeImpl(163)) - 21b7ca86-d644-4165-9703-cec4959a780d: shutdown server with port 36582 successfully
2019-09-12 11:46:29,378 [main] INFO  utils.BackgroundService (BackgroundService.java:shutdown(148)) - Shutting down service BlockDeletingService
2019-09-12 11:46:29,378 [ForkJoinPool.commonPool-worker-1] INFO  utils.BackgroundService (BackgroundService.java:shutdown(148)) - Shutting down service BlockDeletingService
2019-09-12 11:46:29,379 [refreshUsed-/workdir/hadoop-ozone/ozonefs/target/test-dir/MiniOzoneClusterImpl-3eb4f7d7-b6cb-4385-801e-8717a1e56e16/datanode-1/data/containers] WARN  fs.CachingGetSpaceUsed (CachingGetSpaceUsed.java:run(183)) - Thread Interrupted waiting to refresh disk information: sleep interrupted
2019-09-12 11:46:29,380 [refreshUsed-/workdir/hadoop-ozone/ozonefs/target/test-dir/MiniOzoneClusterImpl-3eb4f7d7-b6cb-4385-801e-8717a1e56e16/datanode-0/data/containers] WARN  fs.CachingGetSpaceUsed (CachingGetSpaceUsed.java:run(183)) - Thread Interrupted waiting to refresh disk information: sleep interrupted
2019-09-12 11:46:29,411 [main] INFO  statemachine.DatanodeStateMachine (DatanodeStateMachine.java:stopDaemon(395)) - Ozone container server stopped.
2019-09-12 11:46:29,412 [main] INFO  handler.ContextHandler (ContextHandler.java:doStop(910)) - Stopped o.e.j.w.WebAppContext@3ecbfba1{/,null,UNAVAILABLE}{/hddsDatanode}
2019-09-12 11:46:29,413 [main] INFO  server.AbstractConnector (AbstractConnector.java:doStop(318)) - Stopped ServerConnector@739be7ec{HTTP/1.1,[http/1.1]}{0.0.0.0:0}
2019-09-12 11:46:29,413 [main] INFO  handler.ContextHandler (ContextHandler.java:doStop(910)) - Stopped o.e.j.s.ServletContextHandler@44f338ec{/static,jar:file:/home/user/.m2/repository/org/apache/hadoop/hadoop-hdds-container-service/0.5.0-SNAPSHOT/hadoop-hdds-container-service-0.5.0-SNAPSHOT.jar!/webapps/static,UNAVAILABLE}
2019-09-12 11:46:29,414 [main] INFO  handler.ContextHandler (ContextHandler.java:doStop(910)) - Stopped o.e.j.s.ServletContextHandler@78e4fa1{/logs,file:///workdir/hadoop-ozone/ozonefs/target/log,UNAVAILABLE}
2019-09-12 11:46:29,414 [main] INFO  datanode.ObjectStoreHandler (ObjectStoreHandler.java:close(155)) - Closing ObjectStoreHandler.
2019-09-12 11:46:29,415 [main] INFO  ozone.HddsDatanodeService (HddsDatanodeService.java:stop(451)) - Stopped plug-in org.apache.hadoop.ozone.web.OzoneHddsDatanodeService@eda7dd3
2019-09-12 11:46:29,420 [ForkJoinPool.commonPool-worker-1] INFO  statemachine.DatanodeStateMachine (DatanodeStateMachine.java:stopDaemon(395)) - Ozone container server stopped.
2019-09-12 11:46:29,423 [ForkJoinPool.commonPool-worker-1] INFO  handler.ContextHandler (ContextHandler.java:doStop(910)) - Stopped o.e.j.w.WebAppContext@75b4db22{/,null,UNAVAILABLE}{/hddsDatanode}
2019-09-12 11:46:29,423 [ForkJoinPool.commonPool-worker-1] INFO  server.AbstractConnector (AbstractConnector.java:doStop(318)) - Stopped ServerConnector@670aac24{HTTP/1.1,[http/1.1]}{0.0.0.0:0}
2019-09-12 11:46:29,424 [ForkJoinPool.commonPool-worker-1] INFO  handler.ContextHandler (ContextHandler.java:doStop(910)) - Stopped o.e.j.s.ServletContextHandler@5d957cf0{/static,jar:file:/home/user/.m2/repository/org/apache/hadoop/hadoop-hdds-container-service/0.5.0-SNAPSHOT/hadoop-hdds-container-service-0.5.0-SNAPSHOT.jar!/webapps/static,UNAVAILABLE}
2019-09-12 11:46:29,425 [ForkJoinPool.commonPool-worker-1] INFO  handler.ContextHandler (ContextHandler.java:doStop(910)) - Stopped o.e.j.s.ServletContextHandler@57abe94d{/logs,file:///workdir/hadoop-ozone/ozonefs/target/log,UNAVAILABLE}
2019-09-12 11:46:30,064 [Datanode State Machine Thread - 0] INFO  statemachine.DatanodeStateMachine (DatanodeStateMachine.java:lambda$startDaemon$0(350)) - Ozone container server started.
2019-09-12 11:46:34,416 [main] INFO  ozoneimpl.OzoneContainer (OzoneContainer.java:stop(199)) - Attempting to stop container services.
2019-09-12 11:46:34,416 [main] INFO  impl.RaftServerProxy (RaftServerProxy.java:lambda$close$4(314)) - 325ee62c-45ec-4ba0-83a5-5e89328cdd9c: close
2019-09-12 11:46:34,417 [main] INFO  impl.RaftServerImpl (RaftServerImpl.java:lambda$shutdown$3(245)) - 325ee62c-45ec-4ba0-83a5-5e89328cdd9c: shutdown group-97F7DD15CA31
2019-09-12 11:46:34,417 [ForkJoinPool.commonPool-worker-0] INFO  impl.RaftServerImpl (RaftServerImpl.java:lambda$shutdown$3(245)) - 325ee62c-45ec-4ba0-83a5-5e89328cdd9c: shutdown group-B072EE020D06
2019-09-12 11:46:34,417 [main] INFO  util.JmxRegister (JmxRegister.java:unregister(73)) - Successfully un-registered JMX Bean with object name Ratis:service=RaftServer,group=group-97F7DD15CA31,id=325ee62c-45ec-4ba0-83a5-5e89328cdd9c
2019-09-12 11:46:34,418 [ForkJoinPool.commonPool-worker-0] INFO  util.JmxRegister (JmxRegister.java:unregister(73)) - Successfully un-registered JMX Bean with object name Ratis:service=RaftServer,group=group-B072EE020D06,id=325ee62c-45ec-4ba0-83a5-5e89328cdd9c
2019-09-12 11:46:34,418 [main] INFO  impl.RoleInfo (RoleInfo.java:shutdownLeaderState(104)) - 325ee62c-45ec-4ba0-83a5-5e89328cdd9c: shutdown LeaderState
2019-09-12 11:46:34,418 [ForkJoinPool.commonPool-worker-0] INFO  impl.RoleInfo (RoleInfo.java:shutdownLeaderState(104)) - 325ee62c-45ec-4ba0-83a5-5e89328cdd9c: shutdown LeaderState
2019-09-12 11:46:34,419 [main] INFO  impl.PendingRequests (PendingRequests.java:sendNotLeaderResponses(202)) - 325ee62c-45ec-4ba0-83a5-5e89328cdd9c-PendingRequests: sendNotLeaderResponses
2019-09-12 11:46:34,419 [ForkJoinPool.commonPool-worker-0] INFO  impl.PendingRequests (PendingRequests.java:sendNotLeaderResponses(202)) - 325ee62c-45ec-4ba0-83a5-5e89328cdd9c-PendingRequests: sendNotLeaderResponses
2019-09-12 11:46:34,419 [main] INFO  impl.StateMachineUpdater (StateMachineUpdater.java:stopAndJoin(115)) - StateMachineUpdater:325ee62c-45ec-4ba0-83a5-5e89328cdd9c:group-97F7DD15CA31: set stopIndex = 0
2019-09-12 11:46:34,419 [ForkJoinPool.commonPool-worker-0] INFO  impl.StateMachineUpdater (StateMachineUpdater.java:stopAndJoin(115)) - StateMachineUpdater:325ee62c-45ec-4ba0-83a5-5e89328cdd9c:group-B072EE020D06: set stopIndex = 0
2019-09-12 11:46:34,420 [main] INFO  impl.RaftServerImpl (ServerState.java:close(394)) - 325ee62c-45ec-4ba0-83a5-5e89328cdd9c:group-97F7DD15CA31 closes. The last applied log index is 0
2019-09-12 11:46:34,420 [ForkJoinPool.commonPool-worker-0] INFO  impl.RaftServerImpl (ServerState.java:close(394)) - 325ee62c-45ec-4ba0-83a5-5e89328cdd9c:group-B072EE020D06 closes. The last applied log index is 0
2019-09-12 11:46:34,421 [325ee62c-45ec-4ba0-83a5-5e89328cdd9c-SegmentedRaftLogWorker:Storage Directory /workdir/hadoop-ozone/ozonefs/target/test-dir/MiniOzoneClusterImpl-3eb4f7d7-b6cb-4385-801e-8717a1e56e16/datanode-2/data/ratis/730c2423-9ccf-4725-b7b2-97f7dd15ca31] INFO  segmented.SegmentedRaftLogWorker (SegmentedRaftLogWorker.java:run(313)) - 325ee62c-45ec-4ba0-83a5-5e89328cdd9c-SegmentedRaftLogWorker:Storage Directory /workdir/hadoop-ozone/ozonefs/target/test-dir/MiniOzoneClusterImpl-3eb4f7d7-b6cb-4385-801e-8717a1e56e16/datanode-2/data/ratis/730c2423-9ccf-4725-b7b2-97f7dd15ca31 was interrupted, exiting. There are 0 tasks remaining in the queue.
2019-09-12 11:46:34,421 [325ee62c-45ec-4ba0-83a5-5e89328cdd9c-SegmentedRaftLogWorker:Storage Directory /workdir/hadoop-ozone/ozonefs/target/test-dir/MiniOzoneClusterImpl-3eb4f7d7-b6cb-4385-801e-8717a1e56e16/datanode-2/data/ratis/85806c3f-0a9c-49e4-9269-b072ee020d06] INFO  segmented.SegmentedRaftLogWorker (SegmentedRaftLogWorker.java:run(313)) - 325ee62c-45ec-4ba0-83a5-5e89328cdd9c-SegmentedRaftLogWorker:Storage Directory /workdir/hadoop-ozone/ozonefs/target/test-dir/MiniOzoneClusterImpl-3eb4f7d7-b6cb-4385-801e-8717a1e56e16/datanode-2/data/ratis/85806c3f-0a9c-49e4-9269-b072ee020d06 was interrupted, exiting. There are 0 tasks remaining in the queue.
2019-09-12 11:46:34,421 [main] INFO  segmented.SegmentedRaftLogWorker (SegmentedRaftLogWorker.java:close(228)) - 325ee62c-45ec-4ba0-83a5-5e89328cdd9c-SegmentedRaftLogWorker:Storage Directory /workdir/hadoop-ozone/ozonefs/target/test-dir/MiniOzoneClusterImpl-3eb4f7d7-b6cb-4385-801e-8717a1e56e16/datanode-2/data/ratis/730c2423-9ccf-4725-b7b2-97f7dd15ca31 close()
2019-09-12 11:46:34,421 [ForkJoinPool.commonPool-worker-0] INFO  segmented.SegmentedRaftLogWorker (SegmentedRaftLogWorker.java:close(228)) - 325ee62c-45ec-4ba0-83a5-5e89328cdd9c-SegmentedRaftLogWorker:Storage Directory /workdir/hadoop-ozone/ozonefs/target/test-dir/MiniOzoneClusterImpl-3eb4f7d7-b6cb-4385-801e-8717a1e56e16/datanode-2/data/ratis/85806c3f-0a9c-49e4-9269-b072ee020d06 close()
2019-09-12 11:46:34,423 [main] INFO  impl.RaftServerImpl (RaftServerImpl.java:lambda$shutdown$3(245)) - 325ee62c-45ec-4ba0-83a5-5e89328cdd9c: shutdown group-262448F9F44D
2019-09-12 11:46:34,424 [ForkJoinPool.commonPool-worker-0] INFO  impl.RaftServerImpl (RaftServerImpl.java:lambda$shutdown$3(245)) - 325ee62c-45ec-4ba0-83a5-5e89328cdd9c: shutdown group-D794E57A66AF
2019-09-12 11:46:34,424 [main] INFO  util.JmxRegister (JmxRegister.java:unregister(73)) - Successfully un-registered JMX Bean with object name Ratis:service=RaftServer,group=group-262448F9F44D,id=325ee62c-45ec-4ba0-83a5-5e89328cdd9c
2019-09-12 11:46:34,424 [ForkJoinPool.commonPool-worker-0] INFO  util.JmxRegister (JmxRegister.java:unregister(73)) - Successfully un-registered JMX Bean with object name Ratis:service=RaftServer,group=group-D794E57A66AF,id=325ee62c-45ec-4ba0-83a5-5e89328cdd9c
2019-09-12 11:46:34,425 [main] INFO  impl.RoleInfo (RoleInfo.java:shutdownLeaderState(104)) - 325ee62c-45ec-4ba0-83a5-5e89328cdd9c: shutdown LeaderState
2019-09-12 11:46:34,425 [ForkJoinPool.commonPool-worker-0] INFO  impl.RoleInfo (RoleInfo.java:shutdownLeaderState(104)) - 325ee62c-45ec-4ba0-83a5-5e89328cdd9c: shutdown LeaderState
2019-09-12 11:46:34,425 [main] INFO  impl.PendingRequests (PendingRequests.java:sendNotLeaderResponses(202)) - 325ee62c-45ec-4ba0-83a5-5e89328cdd9c-PendingRequests: sendNotLeaderResponses
2019-09-12 11:46:34,426 [ForkJoinPool.commonPool-worker-0] INFO  impl.PendingRequests (PendingRequests.java:sendNotLeaderResponses(202)) - 325ee62c-45ec-4ba0-83a5-5e89328cdd9c-PendingRequests: sendNotLeaderResponses
2019-09-12 11:46:34,426 [main] INFO  impl.StateMachineUpdater (StateMachineUpdater.java:stopAndJoin(115)) - StateMachineUpdater:325ee62c-45ec-4ba0-83a5-5e89328cdd9c:group-262448F9F44D: set stopIndex = 0
2019-09-12 11:46:34,426 [ForkJoinPool.commonPool-worker-0] INFO  impl.StateMachineUpdater (StateMachineUpdater.java:stopAndJoin(115)) - StateMachineUpdater:325ee62c-45ec-4ba0-83a5-5e89328cdd9c:group-D794E57A66AF: set stopIndex = 0
2019-09-12 11:46:34,427 [main] INFO  impl.RaftServerImpl (ServerState.java:close(394)) - 325ee62c-45ec-4ba0-83a5-5e89328cdd9c:group-262448F9F44D closes. The last applied log index is 0
2019-09-12 11:46:34,427 [ForkJoinPool.commonPool-worker-0] INFO  impl.RaftServerImpl (ServerState.java:close(394)) - 325ee62c-45ec-4ba0-83a5-5e89328cdd9c:group-D794E57A66AF closes. The last applied log index is 0
2019-09-12 11:46:34,427 [325ee62c-45ec-4ba0-83a5-5e89328cdd9c-SegmentedRaftLogWorker:Storage Directory /workdir/hadoop-ozone/ozonefs/target/test-dir/MiniOzoneClusterImpl-3eb4f7d7-b6cb-4385-801e-8717a1e56e16/datanode-2/data/ratis/f7a4a39f-0561-4816-bb8a-262448f9f44d] INFO  segmented.SegmentedRaftLogWorker (SegmentedRaftLogWorker.java:run(313)) - 325ee62c-45ec-4ba0-83a5-5e89328cdd9c-SegmentedRaftLogWorker:Storage Directory /workdir/hadoop-ozone/ozonefs/target/test-dir/MiniOzoneClusterImpl-3eb4f7d7-b6cb-4385-801e-8717a1e56e16/datanode-2/data/ratis/f7a4a39f-0561-4816-bb8a-262448f9f44d was interrupted, exiting. There are 0 tasks remaining in the queue.
2019-09-12 11:46:34,427 [325ee62c-45ec-4ba0-83a5-5e89328cdd9c-SegmentedRaftLogWorker:Storage Directory /workdir/hadoop-ozone/ozonefs/target/test-dir/MiniOzoneClusterImpl-3eb4f7d7-b6cb-4385-801e-8717a1e56e16/datanode-2/data/ratis/9cf248d6-effd-425a-a34b-d794e57a66af] INFO  segmented.SegmentedRaftLogWorker (SegmentedRaftLogWorker.java:run(313)) - 325ee62c-45ec-4ba0-83a5-5e89328cdd9c-SegmentedRaftLogWorker:Storage Directory /workdir/hadoop-ozone/ozonefs/target/test-dir/MiniOzoneClusterImpl-3eb4f7d7-b6cb-4385-801e-8717a1e56e16/datanode-2/data/ratis/9cf248d6-effd-425a-a34b-d794e57a66af was interrupted, exiting. There are 0 tasks remaining in the queue.
2019-09-12 11:46:34,428 [main] INFO  segmented.SegmentedRaftLogWorker (SegmentedRaftLogWorker.java:close(228)) - 325ee62c-45ec-4ba0-83a5-5e89328cdd9c-SegmentedRaftLogWorker:Storage Directory /workdir/hadoop-ozone/ozonefs/target/test-dir/MiniOzoneClusterImpl-3eb4f7d7-b6cb-4385-801e-8717a1e56e16/datanode-2/data/ratis/f7a4a39f-0561-4816-bb8a-262448f9f44d close()
2019-09-12 11:46:34,428 [ForkJoinPool.commonPool-worker-0] INFO  segmented.SegmentedRaftLogWorker (SegmentedRaftLogWorker.java:close(228)) - 325ee62c-45ec-4ba0-83a5-5e89328cdd9c-SegmentedRaftLogWorker:Storage Directory /workdir/hadoop-ozone/ozonefs/target/test-dir/MiniOzoneClusterImpl-3eb4f7d7-b6cb-4385-801e-8717a1e56e16/datanode-2/data/ratis/9cf248d6-effd-425a-a34b-d794e57a66af close()
2019-09-12 11:46:34,429 [main] INFO  impl.RaftServerImpl (RaftServerImpl.java:lambda$shutdown$3(245)) - 325ee62c-45ec-4ba0-83a5-5e89328cdd9c: shutdown group-38DC860C1749
2019-09-12 11:46:34,430 [main] INFO  util.JmxRegister (JmxRegister.java:unregister(73)) - Successfully un-registered JMX Bean with object name Ratis:service=RaftServer,group=group-38DC860C1749,id=325ee62c-45ec-4ba0-83a5-5e89328cdd9c
2019-09-12 11:46:34,431 [main] INFO  impl.RoleInfo (RoleInfo.java:shutdownLeaderState(104)) - 325ee62c-45ec-4ba0-83a5-5e89328cdd9c: shutdown LeaderState
2019-09-12 11:46:34,431 [main] INFO  impl.PendingRequests (PendingRequests.java:sendNotLeaderResponses(202)) - 325ee62c-45ec-4ba0-83a5-5e89328cdd9c-PendingRequests: sendNotLeaderResponses
2019-09-12 11:46:34,432 [main] INFO  impl.StateMachineUpdater (StateMachineUpdater.java:stopAndJoin(115)) - StateMachineUpdater:325ee62c-45ec-4ba0-83a5-5e89328cdd9c:group-38DC860C1749: set stopIndex = 0
2019-09-12 11:46:34,432 [main] INFO  impl.RaftServerImpl (ServerState.java:close(394)) - 325ee62c-45ec-4ba0-83a5-5e89328cdd9c:group-38DC860C1749 closes. The last applied log index is 0
2019-09-12 11:46:34,433 [325ee62c-45ec-4ba0-83a5-5e89328cdd9c-SegmentedRaftLogWorker:Storage Directory /workdir/hadoop-ozone/ozonefs/target/test-dir/MiniOzoneClusterImpl-3eb4f7d7-b6cb-4385-801e-8717a1e56e16/datanode-2/data/ratis/79bb9256-1922-4e49-9ff1-38dc860c1749] INFO  segmented.SegmentedRaftLogWorker (SegmentedRaftLogWorker.java:run(313)) - 325ee62c-45ec-4ba0-83a5-5e89328cdd9c-SegmentedRaftLogWorker:Storage Directory /workdir/hadoop-ozone/ozonefs/target/test-dir/MiniOzoneClusterImpl-3eb4f7d7-b6cb-4385-801e-8717a1e56e16/datanode-2/data/ratis/79bb9256-1922-4e49-9ff1-38dc860c1749 was interrupted, exiting. There are 0 tasks remaining in the queue.
2019-09-12 11:46:34,433 [main] INFO  segmented.SegmentedRaftLogWorker (SegmentedRaftLogWorker.java:close(228)) - 325ee62c-45ec-4ba0-83a5-5e89328cdd9c-SegmentedRaftLogWorker:Storage Directory /workdir/hadoop-ozone/ozonefs/target/test-dir/MiniOzoneClusterImpl-3eb4f7d7-b6cb-4385-801e-8717a1e56e16/datanode-2/data/ratis/79bb9256-1922-4e49-9ff1-38dc860c1749 close()
2019-09-12 11:46:34,434 [main] INFO  impl.RaftServerImpl (RaftServerImpl.java:lambda$shutdown$3(245)) - 325ee62c-45ec-4ba0-83a5-5e89328cdd9c: shutdown group-7FDE5BAE6B50
2019-09-12 11:46:34,434 [main] INFO  util.JmxRegister (JmxRegister.java:unregister(73)) - Successfully un-registered JMX Bean with object name Ratis:service=RaftServer,group=group-7FDE5BAE6B50,id=325ee62c-45ec-4ba0-83a5-5e89328cdd9c
2019-09-12 11:46:34,435 [main] INFO  impl.RoleInfo (RoleInfo.java:shutdownLeaderState(104)) - 325ee62c-45ec-4ba0-83a5-5e89328cdd9c: shutdown LeaderState
2019-09-12 11:46:34,435 [main] INFO  impl.PendingRequests (PendingRequests.java:sendNotLeaderResponses(202)) - 325ee62c-45ec-4ba0-83a5-5e89328cdd9c-PendingRequests: sendNotLeaderResponses
2019-09-12 11:46:34,436 [main] INFO  impl.StateMachineUpdater (StateMachineUpdater.java:stopAndJoin(115)) - StateMachineUpdater:325ee62c-45ec-4ba0-83a5-5e89328cdd9c:group-7FDE5BAE6B50: set stopIndex = 0
2019-09-12 11:46:34,436 [main] INFO  impl.RaftServerImpl (ServerState.java:close(394)) - 325ee62c-45ec-4ba0-83a5-5e89328cdd9c:group-7FDE5BAE6B50 closes. The last applied log index is 0
2019-09-12 11:46:34,436 [325ee62c-45ec-4ba0-83a5-5e89328cdd9c-SegmentedRaftLogWorker:Storage Directory /workdir/hadoop-ozone/ozonefs/target/test-dir/MiniOzoneClusterImpl-3eb4f7d7-b6cb-4385-801e-8717a1e56e16/datanode-2/data/ratis/1ec593f3-5670-4b0f-acb6-7fde5bae6b50] INFO  segmented.SegmentedRaftLogWorker (SegmentedRaftLogWorker.java:run(313)) - 325ee62c-45ec-4ba0-83a5-5e89328cdd9c-SegmentedRaftLogWorker:Storage Directory /workdir/hadoop-ozone/ozonefs/target/test-dir/MiniOzoneClusterImpl-3eb4f7d7-b6cb-4385-801e-8717a1e56e16/datanode-2/data/ratis/1ec593f3-5670-4b0f-acb6-7fde5bae6b50 was interrupted, exiting. There are 0 tasks remaining in the queue.
2019-09-12 11:46:34,437 [main] INFO  segmented.SegmentedRaftLogWorker (SegmentedRaftLogWorker.java:close(228)) - 325ee62c-45ec-4ba0-83a5-5e89328cdd9c-SegmentedRaftLogWorker:Storage Directory /workdir/hadoop-ozone/ozonefs/target/test-dir/MiniOzoneClusterImpl-3eb4f7d7-b6cb-4385-801e-8717a1e56e16/datanode-2/data/ratis/1ec593f3-5670-4b0f-acb6-7fde5bae6b50 close()
2019-09-12 11:46:34,438 [main] INFO  server.GrpcService (GrpcService.java:closeImpl(155)) - 325ee62c-45ec-4ba0-83a5-5e89328cdd9c: shutdown server with port 43378 now
2019-09-12 11:46:34,439 [main] INFO  server.GrpcService (GrpcService.java:closeImpl(163)) - 325ee62c-45ec-4ba0-83a5-5e89328cdd9c: shutdown server with port 43378 successfully
2019-09-12 11:46:34,444 [main] INFO  utils.BackgroundService (BackgroundService.java:shutdown(148)) - Shutting down service BlockDeletingService
2019-09-12 11:46:34,445 [refreshUsed-/workdir/hadoop-ozone/ozonefs/target/test-dir/MiniOzoneClusterImpl-3eb4f7d7-b6cb-4385-801e-8717a1e56e16/datanode-2/data/containers] WARN  fs.CachingGetSpaceUsed (CachingGetSpaceUsed.java:run(183)) - Thread Interrupted waiting to refresh disk information: sleep interrupted
2019-09-12 11:46:34,470 [main] INFO  statemachine.DatanodeStateMachine (DatanodeStateMachine.java:stopDaemon(395)) - Ozone container server stopped.
2019-09-12 11:46:34,471 [main] INFO  handler.ContextHandler (ContextHandler.java:doStop(910)) - Stopped o.e.j.w.WebAppContext@5d24703e{/,null,UNAVAILABLE}{/hddsDatanode}
2019-09-12 11:46:34,472 [main] INFO  server.AbstractConnector (AbstractConnector.java:doStop(318)) - Stopped ServerConnector@4ef10d3b{HTTP/1.1,[http/1.1]}{0.0.0.0:0}
2019-09-12 11:46:34,473 [main] INFO  handler.ContextHandler (ContextHandler.java:doStop(910)) - Stopped o.e.j.s.ServletContextHandler@4d7fba20{/static,jar:file:/home/user/.m2/repository/org/apache/hadoop/hadoop-hdds-container-service/0.5.0-SNAPSHOT/hadoop-hdds-container-service-0.5.0-SNAPSHOT.jar!/webapps/static,UNAVAILABLE}
2019-09-12 11:46:34,473 [main] INFO  handler.ContextHandler (ContextHandler.java:doStop(910)) - Stopped o.e.j.s.ServletContextHandler@1e2bc241{/logs,file:///workdir/hadoop-ozone/ozonefs/target/log,UNAVAILABLE}
2019-09-12 11:46:34,474 [main] INFO  ozone.MiniOzoneClusterImpl (MiniOzoneClusterImpl.java:stop(353)) - Stopping the StorageContainerManager
2019-09-12 11:46:34,474 [main] INFO  server.StorageContainerManager (StorageContainerManager.java:stop(797)) - Stopping Replication Manager Service.
2019-09-12 11:46:34,474 [main] INFO  container.ReplicationManager (ReplicationManager.java:stop(192)) - Stopping Replication Monitor Thread.
2019-09-12 11:46:34,474 [main] INFO  server.StorageContainerManager (StorageContainerManager.java:stop(804)) - Stopping Lease Manager of the command watchers
2019-09-12 11:46:34,474 [main] INFO  server.StorageContainerManager (StorageContainerManager.java:stop(811)) - Stopping datanode service RPC server
2019-09-12 11:46:34,474 [main] INFO  server.SCMDatanodeProtocolServer (SCMDatanodeProtocolServer.java:stop(367)) - Stopping the RPC server for DataNodes
2019-09-12 11:46:34,475 [main] INFO  ipc.Server (Server.java:stop(3082)) - Stopping server on 43391
2019-09-12 11:46:34,477 [IPC Server Responder] INFO  ipc.Server (Server.java:run(1319)) - Stopping IPC Server Responder
2019-09-12 11:46:34,477 [IPC Server listener on 43391] INFO  ipc.Server (Server.java:run(1185)) - Stopping IPC Server listener on 43391
2019-09-12 11:46:34,576 [SCM Heartbeat Processing Thread - 0] WARN  node.NodeStateManager (NodeStateManager.java:scheduleNextHealthCheck(655)) - Current Thread is interrupted, shutting down HB processing thread for Node Manager.
2019-09-12 11:46:34,577 [main] INFO  server.StorageContainerManager (StorageContainerManager.java:stop(819)) - Stopping block service RPC server
2019-09-12 11:46:34,577 [main] INFO  server.SCMBlockProtocolServer (SCMBlockProtocolServer.java:stop(148)) - Stopping the RPC server for Block Protocol
2019-09-12 11:46:34,577 [main] INFO  ipc.Server (Server.java:stop(3082)) - Stopping server on 37866
2019-09-12 11:46:34,579 [IPC Server listener on 37866] INFO  ipc.Server (Server.java:run(1185)) - Stopping IPC Server listener on 37866
2019-09-12 11:46:34,579 [IPC Server Responder] INFO  ipc.Server (Server.java:run(1319)) - Stopping IPC Server Responder
2019-09-12 11:46:34,582 [main] INFO  server.StorageContainerManager (StorageContainerManager.java:stop(826)) - Stopping the StorageContainerLocationProtocol RPC server
2019-09-12 11:46:34,583 [main] INFO  server.SCMClientProtocolServer (SCMClientProtocolServer.java:stop(159)) - Stopping the RPC server for Client Protocol
2019-09-12 11:46:34,584 [main] INFO  ipc.Server (Server.java:stop(3082)) - Stopping server on 43327
2019-09-12 11:46:34,586 [IPC Server listener on 43327] INFO  ipc.Server (Server.java:run(1185)) - Stopping IPC Server listener on 43327
2019-09-12 11:46:34,586 [IPC Server Responder] INFO  ipc.Server (Server.java:run(1319)) - Stopping IPC Server Responder
2019-09-12 11:46:34,586 [main] INFO  server.StorageContainerManager (StorageContainerManager.java:stop(833)) - Stopping Storage Container Manager HTTP server.
2019-09-12 11:46:34,588 [main] INFO  handler.ContextHandler (ContextHandler.java:doStop(910)) - Stopped o.e.j.w.WebAppContext@400df2b3{/,null,UNAVAILABLE}{/scm}
2019-09-12 11:46:34,589 [main] INFO  server.AbstractConnector (AbstractConnector.java:doStop(318)) - Stopped ServerConnector@70044113{HTTP/1.1,[http/1.1]}{0.0.0.0:0}
2019-09-12 11:46:34,589 [main] INFO  handler.ContextHandler (ContextHandler.java:doStop(910)) - Stopped o.e.j.s.ServletContextHandler@27aa7294{/static,jar:file:/home/user/.m2/repository/org/apache/hadoop/hadoop-hdds-server-scm/0.5.0-SNAPSHOT/hadoop-hdds-server-scm-0.5.0-SNAPSHOT.jar!/webapps/static,UNAVAILABLE}
2019-09-12 11:46:34,589 [main] INFO  handler.ContextHandler (ContextHandler.java:doStop(910)) - Stopped o.e.j.s.ServletContextHandler@1cd2e348{/logs,file:///workdir/hadoop-ozone/ozonefs/target/log,UNAVAILABLE}
2019-09-12 11:46:34,590 [main] INFO  server.StorageContainerManager (StorageContainerManager.java:stop(844)) - Stopping Block Manager Service.
2019-09-12 11:46:34,590 [main] INFO  utils.BackgroundService (BackgroundService.java:shutdown(148)) - Shutting down service SCMBlockDeletingService
2019-09-12 11:46:34,590 [main] INFO  utils.BackgroundService (BackgroundService.java:shutdown(148)) - Shutting down service SCMBlockDeletingService
2019-09-12 11:46:34,591 [main] INFO  server.StorageContainerManager (StorageContainerManager.java:stop(866)) - Stopping SCM Event Queue.
2019-09-12 11:46:34,596 [main] INFO  impl.MetricsSystemImpl (MetricsSystemImpl.java:stop(210)) - Stopping HddsDatanode metrics system...
2019-09-12 11:46:34,604 [main] INFO  impl.MetricsSystemImpl (MetricsSystemImpl.java:stop(216)) - HddsDatanode metrics system stopped.
]]></system-out>
    <system-err><![CDATA[Sep 12, 2019 11:46:18 AM com.sun.jersey.server.impl.application.WebApplicationImpl _initiate
INFO: Initiating Jersey application, version 'Jersey: 1.19 02/11/2015 03:25 AM'
Sep 12, 2019 11:46:18 AM com.sun.jersey.server.impl.application.WebApplicationImpl _initiate
INFO: Initiating Jersey application, version 'Jersey: 1.19 02/11/2015 03:25 AM'
Sep 12, 2019 11:46:18 AM com.sun.jersey.server.impl.application.WebApplicationImpl _initiate
INFO: Initiating Jersey application, version 'Jersey: 1.19 02/11/2015 03:25 AM'
Sep 12, 2019 11:46:24 AM com.sun.jersey.server.impl.application.WebApplicationImpl _initiate
INFO: Initiating Jersey application, version 'Jersey: 1.19 02/11/2015 03:25 AM'
]]></system-err>
  </testcase>
  <testcase name="testOzoneManagerFileSystemInterface[1]" classname="org.apache.hadoop.fs.ozone.TestOzoneFileInterfaces" time="17.631"/>
  <testcase name="testListStatus[1]" classname="org.apache.hadoop.fs.ozone.TestOzoneFileInterfaces" time="17.394"/>
  <testcase name="testDirectory[1]" classname="org.apache.hadoop.fs.ozone.TestOzoneFileInterfaces" time="17.598"/>
  <testcase name="testPathToKey[1]" classname="org.apache.hadoop.fs.ozone.TestOzoneFileInterfaces" time="17.379"/>
  <testcase name="testFileSystemInit[1]" classname="org.apache.hadoop.fs.ozone.TestOzoneFileInterfaces" time="17.627"/>
  <testcase name="testOzFsReadWrite[1]" classname="org.apache.hadoop.fs.ozone.TestOzoneFileInterfaces" time="16.778">
    <error message="Allocated 0 blocks. Requested 1 blocks" type="INTERNAL_ERROR org.apache.hadoop.ozone.om.exceptions.OMException">INTERNAL_ERROR org.apache.hadoop.ozone.om.exceptions.OMException: Allocated 0 blocks. Requested 1 blocks
	at org.apache.hadoop.ozone.om.protocolPB.OzoneManagerProtocolClientSideTranslatorPB.handleError(OzoneManagerProtocolClientSideTranslatorPB.java:725)
	at org.apache.hadoop.ozone.om.protocolPB.OzoneManagerProtocolClientSideTranslatorPB.createFile(OzoneManagerProtocolClientSideTranslatorPB.java:1474)
	at org.apache.hadoop.ozone.client.rpc.RpcClient.createFile(RpcClient.java:984)
	at org.apache.hadoop.ozone.client.OzoneBucket.createFile(OzoneBucket.java:535)
	at org.apache.hadoop.fs.ozone.BasicOzoneClientAdapterImpl.createFile(BasicOzoneClientAdapterImpl.java:181)
	at org.apache.hadoop.fs.ozone.BasicOzoneFileSystem.createOutputStream(BasicOzoneFileSystem.java:249)
	at org.apache.hadoop.fs.ozone.BasicOzoneFileSystem.create(BasicOzoneFileSystem.java:230)
	at org.apache.hadoop.fs.FileSystem.create(FileSystem.java:1118)
	at org.apache.hadoop.fs.FileSystem.create(FileSystem.java:1098)
	at org.apache.hadoop.fs.FileSystem.create(FileSystem.java:987)
	at org.apache.hadoop.fs.FileSystem.create(FileSystem.java:975)
	at org.apache.hadoop.fs.ozone.TestOzoneFileInterfaces.testOzFsReadWrite(TestOzoneFileInterfaces.java:186)
	at sun.reflect.NativeMethodAccessorImpl.invoke0(Native Method)
	at sun.reflect.NativeMethodAccessorImpl.invoke(NativeMethodAccessorImpl.java:62)
	at sun.reflect.DelegatingMethodAccessorImpl.invoke(DelegatingMethodAccessorImpl.java:43)
	at java.lang.reflect.Method.invoke(Method.java:498)
	at org.junit.runners.model.FrameworkMethod$1.runReflectiveCall(FrameworkMethod.java:47)
	at org.junit.internal.runners.model.ReflectiveCallable.run(ReflectiveCallable.java:12)
	at org.junit.runners.model.FrameworkMethod.invokeExplosively(FrameworkMethod.java:44)
	at org.junit.internal.runners.statements.InvokeMethod.evaluate(InvokeMethod.java:17)
	at org.junit.internal.runners.statements.RunBefores.evaluate(RunBefores.java:26)
	at org.junit.internal.runners.statements.RunAfters.evaluate(RunAfters.java:27)
	at org.junit.runners.ParentRunner.runLeaf(ParentRunner.java:271)
	at org.junit.runners.BlockJUnit4ClassRunner.runChild(BlockJUnit4ClassRunner.java:70)
	at org.junit.runners.BlockJUnit4ClassRunner.runChild(BlockJUnit4ClassRunner.java:50)
	at org.junit.runners.ParentRunner$3.run(ParentRunner.java:238)
	at org.junit.runners.ParentRunner$1.schedule(ParentRunner.java:63)
	at org.junit.runners.ParentRunner.runChildren(ParentRunner.java:236)
	at org.junit.runners.ParentRunner.access$000(ParentRunner.java:53)
	at org.junit.runners.ParentRunner$2.evaluate(ParentRunner.java:229)
	at org.junit.runners.ParentRunner.run(ParentRunner.java:309)
	at org.junit.runners.Suite.runChild(Suite.java:127)
	at org.junit.runners.Suite.runChild(Suite.java:26)
	at org.junit.runners.ParentRunner$3.run(ParentRunner.java:238)
	at org.junit.runners.ParentRunner$1.schedule(ParentRunner.java:63)
	at org.junit.runners.ParentRunner.runChildren(ParentRunner.java:236)
	at org.junit.runners.ParentRunner.access$000(ParentRunner.java:53)
	at org.junit.runners.ParentRunner$2.evaluate(ParentRunner.java:229)
	at org.junit.runners.ParentRunner.run(ParentRunner.java:309)
	at org.apache.maven.surefire.junit4.JUnit4Provider.execute(JUnit4Provider.java:365)
	at org.apache.maven.surefire.junit4.JUnit4Provider.executeWithRerun(JUnit4Provider.java:273)
	at org.apache.maven.surefire.junit4.JUnit4Provider.executeTestSet(JUnit4Provider.java:238)
	at org.apache.maven.surefire.junit4.JUnit4Provider.invoke(JUnit4Provider.java:159)
	at org.apache.maven.surefire.booter.ForkedBooter.invokeProviderInSameClassLoader(ForkedBooter.java:384)
	at org.apache.maven.surefire.booter.ForkedBooter.runSuitesInProcess(ForkedBooter.java:345)
	at org.apache.maven.surefire.booter.ForkedBooter.execute(ForkedBooter.java:126)
	at org.apache.maven.surefire.booter.ForkedBooter.main(ForkedBooter.java:418)
</error>
    <system-out><![CDATA[2019-09-12 11:48:02,288 [main] WARN  server.ServerUtils (ServerUtils.java:getScmDbDir(145)) - ozone.scm.db.dirs is not configured. We recommend adding this setting. Falling back to ozone.metadata.dirs instead.
2019-09-12 11:48:02,303 [main] WARN  server.ServerUtils (ServerUtils.java:getScmDbDir(145)) - ozone.scm.db.dirs is not configured. We recommend adding this setting. Falling back to ozone.metadata.dirs instead.
2019-09-12 11:48:02,303 [main] WARN  server.ServerUtils (ServerUtils.java:getScmDbDir(145)) - ozone.scm.db.dirs is not configured. We recommend adding this setting. Falling back to ozone.metadata.dirs instead.
2019-09-12 11:48:02,304 [main] INFO  db.DBStoreBuilder (DBStoreBuilder.java:addTable(110)) - using custom profile for table: deletedBlocks
2019-09-12 11:48:02,304 [main] INFO  db.DBStoreBuilder (DBStoreBuilder.java:processTables(161)) - Using default column profile:DBProfile.DISK for Table:deletedBlocks
2019-09-12 11:48:02,305 [main] INFO  db.DBStoreBuilder (DBStoreBuilder.java:addTable(110)) - using custom profile for table: validCerts
2019-09-12 11:48:02,305 [main] INFO  db.DBStoreBuilder (DBStoreBuilder.java:processTables(161)) - Using default column profile:DBProfile.DISK for Table:validCerts
2019-09-12 11:48:02,305 [main] INFO  db.DBStoreBuilder (DBStoreBuilder.java:addTable(110)) - using custom profile for table: revokedCerts
2019-09-12 11:48:02,305 [main] INFO  db.DBStoreBuilder (DBStoreBuilder.java:processTables(161)) - Using default column profile:DBProfile.DISK for Table:revokedCerts
2019-09-12 11:48:02,306 [main] INFO  db.DBStoreBuilder (DBStoreBuilder.java:addTable(110)) - using custom profile for table: default
2019-09-12 11:48:02,306 [main] INFO  db.DBStoreBuilder (DBStoreBuilder.java:processTables(167)) - Using default column profile:DBProfile.DISK for Table:default
2019-09-12 11:48:02,306 [main] INFO  db.DBStoreBuilder (DBStoreBuilder.java:getDbProfile(198)) - Using default options. DBProfile.DISK
2019-09-12 11:48:02,482 [main] INFO  net.NodeSchemaLoader (NodeSchemaLoader.java:loadSchemaFromFile(125)) - Loading file from sun.misc.CompoundEnumeration@283eb984
2019-09-12 11:48:02,482 [main] INFO  net.NodeSchemaLoader (NodeSchemaLoader.java:loadSchema(171)) - Loading network topology layer schema file
2019-09-12 11:48:02,487 [main] WARN  server.ServerUtils (ServerUtils.java:sanitizeUserArgs(70)) - ozone.scm.stale.node.interval value = 300000 is larger than max = 100000 based on the key value of ozone.scm.heartbeat.thread.interval, reset to the max value 100000.
2019-09-12 11:48:02,487 [main] WARN  server.ServerUtils (ServerUtils.java:sanitizeUserArgs(70)) - ozone.scm.stale.node.interval value = 300000 is larger than max = 100000 based on the key value of ozone.scm.heartbeat.thread.interval, reset to the max value 100000.
2019-09-12 11:48:02,487 [main] INFO  node.SCMNodeManager (SCMNodeManager.java:<init>(121)) - Entering startup safe mode.
2019-09-12 11:48:02,488 [main] INFO  algorithms.ContainerPlacementPolicyFactory (ContainerPlacementPolicyFactory.java:getPolicy(56)) - Create container placement policy of type org.apache.hadoop.hdds.scm.container.placement.algorithms.SCMContainerPlacementRandom
2019-09-12 11:48:02,488 [main] WARN  server.ServerUtils (ServerUtils.java:getScmDbDir(145)) - ozone.scm.db.dirs is not configured. We recommend adding this setting. Falling back to ozone.metadata.dirs instead.
2019-09-12 11:48:02,545 [main] INFO  pipeline.SCMPipelineManager (SCMPipelineManager.java:initializePipelineState(126)) - No pipeline exists in current db
2019-09-12 11:48:02,545 [main] WARN  server.ServerUtils (ServerUtils.java:getScmDbDir(145)) - ozone.scm.db.dirs is not configured. We recommend adding this setting. Falling back to ozone.metadata.dirs instead.
2019-09-12 11:48:02,597 [main] WARN  events.EventQueue (EventQueue.java:fireEvent(175)) - No event handler registered for event TypedEvent{payloadType=SafeModeStatus, name='SafeModeStatus'}
2019-09-12 11:48:02,598 [main] INFO  ipc.CallQueueManager (CallQueueManager.java:<init>(84)) - Using callQueue: class java.util.concurrent.LinkedBlockingQueue, queueCapacity: 2000, scheduler: class org.apache.hadoop.ipc.DefaultRpcScheduler, ipcBackoff: false.
2019-09-12 11:48:02,599 [Socket Reader #1 for port 45631] INFO  ipc.Server (Server.java:run(1074)) - Starting Socket Reader #1 for port 45631
2019-09-12 11:48:02,601 [main] INFO  ipc.CallQueueManager (CallQueueManager.java:<init>(84)) - Using callQueue: class java.util.concurrent.LinkedBlockingQueue, queueCapacity: 2000, scheduler: class org.apache.hadoop.ipc.DefaultRpcScheduler, ipcBackoff: false.
2019-09-12 11:48:02,601 [Socket Reader #1 for port 36935] INFO  ipc.Server (Server.java:run(1074)) - Starting Socket Reader #1 for port 36935
2019-09-12 11:48:02,602 [main] INFO  ipc.CallQueueManager (CallQueueManager.java:<init>(84)) - Using callQueue: class java.util.concurrent.LinkedBlockingQueue, queueCapacity: 2000, scheduler: class org.apache.hadoop.ipc.DefaultRpcScheduler, ipcBackoff: false.
2019-09-12 11:48:02,603 [Socket Reader #1 for port 45672] INFO  ipc.Server (Server.java:run(1074)) - Starting Socket Reader #1 for port 45672
2019-09-12 11:48:02,606 [main] INFO  hdfs.DFSUtil (DFSUtil.java:httpServerTemplateForNNAndJN(1641)) - Starting Web-server for scm at: http://0.0.0.0:0
2019-09-12 11:48:02,609 [main] INFO  server.AuthenticationFilter (AuthenticationFilter.java:constructSecretProvider(240)) - Unable to initialize FileSignerSecretProvider, falling back to use random secrets.
2019-09-12 11:48:02,610 [main] WARN  http.HttpRequestLog (HttpRequestLog.java:getRequestLog(97)) - Jetty request log can only be enabled using Log4j
2019-09-12 11:48:02,612 [main] INFO  http.HttpServer2 (HttpServer2.java:addGlobalFilter(975)) - Added global filter 'safety' (class=org.apache.hadoop.http.HttpServer2$QuotingInputFilter)
2019-09-12 11:48:02,613 [main] INFO  http.HttpServer2 (HttpServer2.java:addFilter(948)) - Added filter static_user_filter (class=org.apache.hadoop.http.lib.StaticUserWebFilter$StaticUserFilter) to context scm
2019-09-12 11:48:02,614 [main] INFO  http.HttpServer2 (HttpServer2.java:addFilter(958)) - Added filter static_user_filter (class=org.apache.hadoop.http.lib.StaticUserWebFilter$StaticUserFilter) to context static
2019-09-12 11:48:02,614 [main] INFO  http.HttpServer2 (HttpServer2.java:addFilter(958)) - Added filter static_user_filter (class=org.apache.hadoop.http.lib.StaticUserWebFilter$StaticUserFilter) to context logs
2019-09-12 11:48:02,616 [main] INFO  server.StorageContainerManager (StorageContainerManager.java:start(759)) - StorageContainerLocationProtocol RPC server is listening at /0.0.0.0:45672
2019-09-12 11:48:02,619 [main] WARN  impl.MetricsConfig (MetricsConfig.java:loadFirst(134)) - Cannot locate configuration: tried hadoop-metrics2-storagecontainermanager.properties,hadoop-metrics2.properties
2019-09-12 11:48:02,620 [main] INFO  impl.MetricsSystemImpl (MetricsSystemImpl.java:startTimer(374)) - Scheduled Metric snapshot period at 10 second(s).
2019-09-12 11:48:02,620 [main] INFO  impl.MetricsSystemImpl (MetricsSystemImpl.java:start(191)) - StorageContainerManager metrics system started
2019-09-12 11:48:02,736 [main] INFO  server.SCMClientProtocolServer (SCMClientProtocolServer.java:start(151)) - RPC server for Client  is listening at /0.0.0.0:45672
2019-09-12 11:48:02,737 [IPC Server Responder] INFO  ipc.Server (Server.java:run(1314)) - IPC Server Responder: starting
2019-09-12 11:48:02,737 [IPC Server listener on 45672] INFO  ipc.Server (Server.java:run(1153)) - IPC Server listener on 45672: starting
2019-09-12 11:48:02,741 [main] INFO  server.StorageContainerManager (StorageContainerManager.java:start(769)) - ScmBlockLocationProtocol RPC server is listening at /0.0.0.0:36935
2019-09-12 11:48:02,741 [main] INFO  server.SCMBlockProtocolServer (SCMBlockProtocolServer.java:start(140)) - RPC server for Block Protocol is listening at /0.0.0.0:36935
2019-09-12 11:48:02,741 [IPC Server Responder] INFO  ipc.Server (Server.java:run(1314)) - IPC Server Responder: starting
2019-09-12 11:48:02,741 [IPC Server listener on 36935] INFO  ipc.Server (Server.java:run(1153)) - IPC Server listener on 36935: starting
2019-09-12 11:48:02,745 [main] INFO  server.StorageContainerManager (StorageContainerManager.java:start(773)) - ScmDatanodeProtocl RPC server is listening at /0.0.0.0:45631
2019-09-12 11:48:02,745 [main] INFO  server.SCMDatanodeProtocolServer (SCMDatanodeProtocolServer.java:start(191)) - RPC server for DataNodes is listening at /0.0.0.0:45631
2019-09-12 11:48:02,745 [IPC Server Responder] INFO  ipc.Server (Server.java:run(1314)) - IPC Server Responder: starting
2019-09-12 11:48:02,745 [IPC Server listener on 45631] INFO  ipc.Server (Server.java:run(1153)) - IPC Server listener on 45631: starting
2019-09-12 11:48:02,749 [main] INFO  http.HttpServer2 (HttpServer2.java:bindListener(1191)) - Jetty bound to port 38680
2019-09-12 11:48:02,749 [main] INFO  server.Server (Server.java:doStart(351)) - jetty-9.3.24.v20180605, build timestamp: 2018-06-05T17:11:56Z, git hash: 84205aa28f11a4f31f2a3b86d1bba2cc8ab69827
2019-09-12 11:48:02,751 [main] INFO  handler.ContextHandler (ContextHandler.java:doStart(781)) - Started o.e.j.s.ServletContextHandler@3c42dc9f{/logs,file:///workdir/hadoop-ozone/ozonefs/target/log,AVAILABLE}
2019-09-12 11:48:02,751 [main] INFO  handler.ContextHandler (ContextHandler.java:doStart(781)) - Started o.e.j.s.ServletContextHandler@4fbd0d1{/static,jar:file:/home/user/.m2/repository/org/apache/hadoop/hadoop-hdds-server-scm/0.5.0-SNAPSHOT/hadoop-hdds-server-scm-0.5.0-SNAPSHOT.jar!/webapps/static,AVAILABLE}
2019-09-12 11:48:02,790 [main] INFO  handler.ContextHandler (ContextHandler.java:doStart(781)) - Started o.e.j.w.WebAppContext@3d3362f5{/,file:///tmp/jetty-0.0.0.0-38680-scm-_-any-8512111645384893427.dir/webapp/,AVAILABLE}{/scm}
2019-09-12 11:48:02,790 [main] INFO  server.AbstractConnector (AbstractConnector.java:doStart(278)) - Started ServerConnector@1e717745{HTTP/1.1,[http/1.1]}{0.0.0.0:38680}
2019-09-12 11:48:02,791 [main] INFO  server.Server (Server.java:doStart(419)) - Started @199988ms
2019-09-12 11:48:02,792 [main] INFO  server.BaseHttpServer (BaseHttpServer.java:updateConnectorAddress(213)) - HTTP server of SCM is listening at http://0.0.0.0:38680
2019-09-12 11:48:02,793 [main] WARN  server.ServerUtils (ServerUtils.java:getDBPath(222)) - ozone.om.db.dirs is not configured. We recommend adding this setting. Falling back to ozone.metadata.dirs instead.
2019-09-12 11:48:02,793 [org.apache.hadoop.util.JvmPauseMonitor$Monitor@1828069a] INFO  util.JvmPauseMonitor (JvmPauseMonitor.java:run(188)) - Starting JVM pause monitor
2019-09-12 11:48:02,819 [main] WARN  server.ServerUtils (ServerUtils.java:getDBPath(222)) - ozone.om.db.dirs is not configured. We recommend adding this setting. Falling back to ozone.metadata.dirs instead.
2019-09-12 11:48:02,819 [main] WARN  server.ServerUtils (ServerUtils.java:getDBPath(222)) - ozone.om.db.dirs is not configured. We recommend adding this setting. Falling back to ozone.metadata.dirs instead.
2019-09-12 11:48:02,819 [main] INFO  om.OzoneManager (OzoneManager.java:setOMNodeDetails(645)) - OM Service ID is not set. Setting it to the default ID: omServiceIdDefault
2019-09-12 11:48:02,820 [main] INFO  om.OzoneManager (OzoneManager.java:setOMNodeDetails(651)) - OM Node ID is not set. Setting it to the OmStorage's OmID: 459a1001-5225-4d99-9038-a8676236868a
2019-09-12 11:48:02,820 [main] INFO  om.OzoneManager (OzoneManager.java:loadOMHAConfigs(602)) - Found matching OM address with OMServiceId: null, OMNodeId: null, RPC Address: localhost:0 and Ratis port: 9872
2019-09-12 11:48:02,825 | INFO  | SCMAudit | user=jenkins1000 | ip=192.168.36.114 | op=GET_SCM_INFO null | ret=SUCCESS |  
2019-09-12 11:48:02,829 [main] WARN  server.ServerUtils (ServerUtils.java:getDBPath(222)) - ozone.om.db.dirs is not configured. We recommend adding this setting. Falling back to ozone.metadata.dirs instead.
2019-09-12 11:48:02,830 [main] INFO  db.DBStoreBuilder (DBStoreBuilder.java:addTable(110)) - using custom profile for table: userTable
2019-09-12 11:48:02,830 [main] INFO  db.DBStoreBuilder (DBStoreBuilder.java:processTables(161)) - Using default column profile:DBProfile.DISK for Table:userTable
2019-09-12 11:48:02,830 [main] INFO  db.DBStoreBuilder (DBStoreBuilder.java:addTable(110)) - using custom profile for table: volumeTable
2019-09-12 11:48:02,830 [main] INFO  db.DBStoreBuilder (DBStoreBuilder.java:processTables(161)) - Using default column profile:DBProfile.DISK for Table:volumeTable
2019-09-12 11:48:02,831 [main] INFO  db.DBStoreBuilder (DBStoreBuilder.java:addTable(110)) - using custom profile for table: bucketTable
2019-09-12 11:48:02,831 [main] INFO  db.DBStoreBuilder (DBStoreBuilder.java:processTables(161)) - Using default column profile:DBProfile.DISK for Table:bucketTable
2019-09-12 11:48:02,831 [main] INFO  db.DBStoreBuilder (DBStoreBuilder.java:addTable(110)) - using custom profile for table: keyTable
2019-09-12 11:48:02,831 [main] INFO  db.DBStoreBuilder (DBStoreBuilder.java:processTables(161)) - Using default column profile:DBProfile.DISK for Table:keyTable
2019-09-12 11:48:02,832 [main] INFO  db.DBStoreBuilder (DBStoreBuilder.java:addTable(110)) - using custom profile for table: deletedTable
2019-09-12 11:48:02,832 [main] INFO  db.DBStoreBuilder (DBStoreBuilder.java:processTables(161)) - Using default column profile:DBProfile.DISK for Table:deletedTable
2019-09-12 11:48:02,832 [main] INFO  db.DBStoreBuilder (DBStoreBuilder.java:addTable(110)) - using custom profile for table: openKeyTable
2019-09-12 11:48:02,832 [main] INFO  db.DBStoreBuilder (DBStoreBuilder.java:processTables(161)) - Using default column profile:DBProfile.DISK for Table:openKeyTable
2019-09-12 11:48:02,833 [main] INFO  db.DBStoreBuilder (DBStoreBuilder.java:addTable(110)) - using custom profile for table: s3Table
2019-09-12 11:48:02,833 [main] INFO  db.DBStoreBuilder (DBStoreBuilder.java:processTables(161)) - Using default column profile:DBProfile.DISK for Table:s3Table
2019-09-12 11:48:02,833 [main] INFO  db.DBStoreBuilder (DBStoreBuilder.java:addTable(110)) - using custom profile for table: multipartInfoTable
2019-09-12 11:48:02,834 [main] INFO  db.DBStoreBuilder (DBStoreBuilder.java:processTables(161)) - Using default column profile:DBProfile.DISK for Table:multipartInfoTable
2019-09-12 11:48:02,834 [main] INFO  db.DBStoreBuilder (DBStoreBuilder.java:addTable(110)) - using custom profile for table: dTokenTable
2019-09-12 11:48:02,834 [main] INFO  db.DBStoreBuilder (DBStoreBuilder.java:processTables(161)) - Using default column profile:DBProfile.DISK for Table:dTokenTable
2019-09-12 11:48:02,834 [main] INFO  db.DBStoreBuilder (DBStoreBuilder.java:addTable(110)) - using custom profile for table: s3SecretTable
2019-09-12 11:48:02,835 [main] INFO  db.DBStoreBuilder (DBStoreBuilder.java:processTables(161)) - Using default column profile:DBProfile.DISK for Table:s3SecretTable
2019-09-12 11:48:02,835 [main] INFO  db.DBStoreBuilder (DBStoreBuilder.java:addTable(110)) - using custom profile for table: prefixTable
2019-09-12 11:48:02,835 [main] INFO  db.DBStoreBuilder (DBStoreBuilder.java:processTables(161)) - Using default column profile:DBProfile.DISK for Table:prefixTable
2019-09-12 11:48:02,835 [main] INFO  db.DBStoreBuilder (DBStoreBuilder.java:addTable(110)) - using custom profile for table: default
2019-09-12 11:48:02,836 [main] INFO  db.DBStoreBuilder (DBStoreBuilder.java:processTables(167)) - Using default column profile:DBProfile.DISK for Table:default
2019-09-12 11:48:02,836 [main] INFO  db.DBStoreBuilder (DBStoreBuilder.java:getDbProfile(198)) - Using default options. DBProfile.DISK
2019-09-12 11:48:03,357 [main] INFO  ipc.CallQueueManager (CallQueueManager.java:<init>(84)) - Using callQueue: class java.util.concurrent.LinkedBlockingQueue, queueCapacity: 2000, scheduler: class org.apache.hadoop.ipc.DefaultRpcScheduler, ipcBackoff: false.
2019-09-12 11:48:03,358 [Socket Reader #1 for port 38961] INFO  ipc.Server (Server.java:run(1074)) - Starting Socket Reader #1 for port 38961
2019-09-12 11:48:03,381 [main] INFO  om.OzoneManager (OzoneManager.java:start(1256)) - OzoneManager RPC server is listening at localhost/127.0.0.1:38961
2019-09-12 11:48:03,381 [main] INFO  impl.MetricsSystemImpl (MetricsSystemImpl.java:init(158)) - OzoneManager metrics system started (again)
2019-09-12 11:48:03,381 [IPC Server Responder] INFO  ipc.Server (Server.java:run(1314)) - IPC Server Responder: starting
2019-09-12 11:48:03,383 [IPC Server listener on 38961] INFO  ipc.Server (Server.java:run(1153)) - IPC Server listener on 38961: starting
2019-09-12 11:48:03,387 [main] INFO  hdfs.DFSUtil (DFSUtil.java:httpServerTemplateForNNAndJN(1641)) - Starting Web-server for ozoneManager at: http://0.0.0.0:0
2019-09-12 11:48:03,389 [main] INFO  server.AuthenticationFilter (AuthenticationFilter.java:constructSecretProvider(240)) - Unable to initialize FileSignerSecretProvider, falling back to use random secrets.
2019-09-12 11:48:03,390 [main] WARN  http.HttpRequestLog (HttpRequestLog.java:getRequestLog(97)) - Jetty request log can only be enabled using Log4j
2019-09-12 11:48:03,391 [main] INFO  http.HttpServer2 (HttpServer2.java:addGlobalFilter(975)) - Added global filter 'safety' (class=org.apache.hadoop.http.HttpServer2$QuotingInputFilter)
2019-09-12 11:48:03,392 [main] INFO  http.HttpServer2 (HttpServer2.java:addFilter(948)) - Added filter static_user_filter (class=org.apache.hadoop.http.lib.StaticUserWebFilter$StaticUserFilter) to context ozoneManager
2019-09-12 11:48:03,392 [main] INFO  http.HttpServer2 (HttpServer2.java:addFilter(958)) - Added filter static_user_filter (class=org.apache.hadoop.http.lib.StaticUserWebFilter$StaticUserFilter) to context static
2019-09-12 11:48:03,392 [main] INFO  http.HttpServer2 (HttpServer2.java:addFilter(958)) - Added filter static_user_filter (class=org.apache.hadoop.http.lib.StaticUserWebFilter$StaticUserFilter) to context logs
2019-09-12 11:48:03,392 [main] INFO  http.HttpServer2 (HttpServer2.java:bindListener(1191)) - Jetty bound to port 37053
2019-09-12 11:48:03,393 [main] INFO  server.Server (Server.java:doStart(351)) - jetty-9.3.24.v20180605, build timestamp: 2018-06-05T17:11:56Z, git hash: 84205aa28f11a4f31f2a3b86d1bba2cc8ab69827
2019-09-12 11:48:03,394 [main] INFO  handler.ContextHandler (ContextHandler.java:doStart(781)) - Started o.e.j.s.ServletContextHandler@40977fab{/logs,file:///workdir/hadoop-ozone/ozonefs/target/log,AVAILABLE}
2019-09-12 11:48:03,395 [main] INFO  handler.ContextHandler (ContextHandler.java:doStart(781)) - Started o.e.j.s.ServletContextHandler@2094a7be{/static,jar:file:/home/user/.m2/repository/org/apache/hadoop/hadoop-ozone-ozone-manager/0.5.0-SNAPSHOT/hadoop-ozone-ozone-manager-0.5.0-SNAPSHOT.jar!/webapps/static,AVAILABLE}
2019-09-12 11:48:03,452 [main] INFO  handler.ContextHandler (ContextHandler.java:doStart(781)) - Started o.e.j.w.WebAppContext@6f997702{/,file:///tmp/jetty-0.0.0.0-37053-ozoneManager-_-any-5605677344820293893.dir/webapp/,AVAILABLE}{/ozoneManager}
2019-09-12 11:48:03,453 [main] INFO  server.AbstractConnector (AbstractConnector.java:doStart(278)) - Started ServerConnector@5f45abe6{HTTP/1.1,[http/1.1]}{0.0.0.0:37053}
2019-09-12 11:48:03,453 [main] INFO  server.Server (Server.java:doStart(419)) - Started @200650ms
2019-09-12 11:48:03,455 [main] INFO  server.BaseHttpServer (BaseHttpServer.java:updateConnectorAddress(213)) - HTTP server of OZONEMANAGER is listening at http://0.0.0.0:37053
2019-09-12 11:48:03,477 [main] INFO  impl.MetricsSystemImpl (MetricsSystemImpl.java:init(158)) - HddsDatanode metrics system started (again)
2019-09-12 11:48:03,479 [main] INFO  ozone.HddsDatanodeService (HddsDatanodeService.java:start(184)) - HddsDatanodeService host:pr-hdds-1569-58hkm-1881083799 ip:192.168.36.114
2019-09-12 11:48:03,489 [main] INFO  volume.HddsVolume (HddsVolume.java:<init>(176)) - Creating Volume: /workdir/hadoop-ozone/ozonefs/target/test-dir/MiniOzoneClusterImpl-fc9dd688-9bec-4f1c-ac5e-6dbbab7389e4/datanode-0/data/containers/hdds of  storage type : DISK and capacity : 1482555576320
2019-09-12 11:48:03,489 [main] INFO  volume.VolumeSet (VolumeSet.java:initializeVolumeSet(170)) - Added Volume : /workdir/hadoop-ozone/ozonefs/target/test-dir/MiniOzoneClusterImpl-fc9dd688-9bec-4f1c-ac5e-6dbbab7389e4/datanode-0/data/containers/hdds to VolumeSet
2019-09-12 11:48:03,489 [main] INFO  volume.ThrottledAsyncChecker (ThrottledAsyncChecker.java:schedule(140)) - Scheduling a check for org.apache.hadoop.ozone.container.common.volume.HddsVolume@634cd45c
2019-09-12 11:48:03,490 [main] INFO  volume.HddsVolumeChecker (HddsVolumeChecker.java:checkAllVolumes(203)) - Scheduled health check for volume org.apache.hadoop.ozone.container.common.volume.HddsVolume@634cd45c
2019-09-12 11:48:03,510 [main] INFO  impl.RaftServerProxy (ConfUtils.java:logGet(43)) - raft.rpc.type = GRPC (default)
2019-09-12 11:48:03,511 [main] INFO  grpc.GrpcFactory (GrpcFactory.java:checkPooledByteBufAllocatorUseCacheForAllThreads(45)) - PERFORMANCE WARNING: useCacheForAllThreads is true that may cause Netty to create a lot garbage objects and, as a result, trigger GC.
	It is recommended to disable useCacheForAllThreads by setting -Dorg.apache.ratis.thirdparty.io.netty.allocator.useCacheForAllThreads=false in command line.
2019-09-12 11:48:03,511 [main] INFO  grpc.GrpcConfigKeys$Server (ConfUtils.java:logGet(43)) - raft.grpc.server.port = 0 (default)
2019-09-12 11:48:03,511 [main] INFO  server.GrpcService (ConfUtils.java:logGet(43)) - raft.grpc.message.size.max = 33570816 (custom)
2019-09-12 11:48:03,511 [main] INFO  server.RaftServerConfigKeys (ConfUtils.java:logGet(43)) - raft.server.log.appender.buffer.byte-limit = 33554432 (custom)
2019-09-12 11:48:03,511 [main] INFO  server.GrpcService (ConfUtils.java:logGet(43)) - raft.grpc.flow.control.window = 1MB (=1048576) (default)
2019-09-12 11:48:03,512 [main] INFO  server.RaftServerConfigKeys (ConfUtils.java:logGet(43)) - raft.server.rpc.request.timeout = 3000ms (default)
2019-09-12 11:48:03,512 [main] INFO  server.RaftServerConfigKeys (ConfUtils.java:logGet(43)) - raft.server.storage.dir = [/workdir/hadoop-ozone/ozonefs/target/test-dir/MiniOzoneClusterImpl-fc9dd688-9bec-4f1c-ac5e-6dbbab7389e4/datanode-0/data/ratis] (custom)
2019-09-12 11:48:03,512 [main] INFO  replication.SimpleContainerDownloader (SimpleContainerDownloader.java:<init>(72)) - Starting container downloader service to copy containers to replicate.
2019-09-12 11:48:03,514 [main] INFO  hdfs.DFSUtil (DFSUtil.java:httpServerTemplateForNNAndJN(1641)) - Starting Web-server for hddsDatanode at: http://0.0.0.0:0
2019-09-12 11:48:03,516 [main] INFO  server.AuthenticationFilter (AuthenticationFilter.java:constructSecretProvider(240)) - Unable to initialize FileSignerSecretProvider, falling back to use random secrets.
2019-09-12 11:48:03,517 [main] WARN  http.HttpRequestLog (HttpRequestLog.java:getRequestLog(97)) - Jetty request log can only be enabled using Log4j
2019-09-12 11:48:03,520 [main] INFO  http.HttpServer2 (HttpServer2.java:addGlobalFilter(975)) - Added global filter 'safety' (class=org.apache.hadoop.http.HttpServer2$QuotingInputFilter)
2019-09-12 11:48:03,521 [main] INFO  http.HttpServer2 (HttpServer2.java:addFilter(948)) - Added filter static_user_filter (class=org.apache.hadoop.http.lib.StaticUserWebFilter$StaticUserFilter) to context hddsDatanode
2019-09-12 11:48:03,521 [main] INFO  http.HttpServer2 (HttpServer2.java:addFilter(958)) - Added filter static_user_filter (class=org.apache.hadoop.http.lib.StaticUserWebFilter$StaticUserFilter) to context static
2019-09-12 11:48:03,521 [main] INFO  http.HttpServer2 (HttpServer2.java:addFilter(958)) - Added filter static_user_filter (class=org.apache.hadoop.http.lib.StaticUserWebFilter$StaticUserFilter) to context logs
2019-09-12 11:48:03,522 [main] INFO  http.HttpServer2 (HttpServer2.java:bindListener(1191)) - Jetty bound to port 46004
2019-09-12 11:48:03,522 [main] INFO  server.Server (Server.java:doStart(351)) - jetty-9.3.24.v20180605, build timestamp: 2018-06-05T17:11:56Z, git hash: 84205aa28f11a4f31f2a3b86d1bba2cc8ab69827
2019-09-12 11:48:03,525 [main] INFO  handler.ContextHandler (ContextHandler.java:doStart(781)) - Started o.e.j.s.ServletContextHandler@462ccaa8{/logs,file:///workdir/hadoop-ozone/ozonefs/target/log,AVAILABLE}
2019-09-12 11:48:03,525 [main] INFO  handler.ContextHandler (ContextHandler.java:doStart(781)) - Started o.e.j.s.ServletContextHandler@6fbfd6ed{/static,jar:file:/home/user/.m2/repository/org/apache/hadoop/hadoop-hdds-container-service/0.5.0-SNAPSHOT/hadoop-hdds-container-service-0.5.0-SNAPSHOT.jar!/webapps/static,AVAILABLE}
2019-09-12 11:48:03,570 [main] INFO  handler.ContextHandler (ContextHandler.java:doStart(781)) - Started o.e.j.w.WebAppContext@36f8c95a{/,file:///tmp/jetty-0.0.0.0-46004-hddsDatanode-_-any-4956269645631726029.dir/webapp/,AVAILABLE}{/hddsDatanode}
2019-09-12 11:48:03,571 [main] INFO  server.AbstractConnector (AbstractConnector.java:doStart(278)) - Started ServerConnector@221ec884{HTTP/1.1,[http/1.1]}{0.0.0.0:46004}
2019-09-12 11:48:03,572 [main] INFO  server.Server (Server.java:doStart(419)) - Started @200769ms
2019-09-12 11:48:03,573 [main] INFO  server.BaseHttpServer (BaseHttpServer.java:updateConnectorAddress(213)) - HTTP server of HDDSDATANODE is listening at http://0.0.0.0:46004
2019-09-12 11:48:03,707 | INFO  | ObjectStoreRestHttpServer | Listening HDDS REST traffic on /0.0.0.0:35180 |  
2019-09-12 11:48:03,707 [main] INFO  ozone.HddsDatanodeService (HddsDatanodeService.java:startPlugins(395)) - Started plug-in org.apache.hadoop.ozone.web.OzoneHddsDatanodeService@7d9f0cf4
2019-09-12 11:48:03,707 [main] INFO  impl.MetricsSystemImpl (MetricsSystemImpl.java:init(158)) - HddsDatanode metrics system started (again)
2019-09-12 11:48:03,710 [main] INFO  ozone.HddsDatanodeService (HddsDatanodeService.java:start(184)) - HddsDatanodeService host:pr-hdds-1569-58hkm-1881083799 ip:192.168.36.114
2019-09-12 11:48:03,710 [org.apache.hadoop.util.JvmPauseMonitor$Monitor@5ad97bae] INFO  util.JvmPauseMonitor (JvmPauseMonitor.java:run(188)) - Starting JVM pause monitor
2019-09-12 11:48:03,711 [Datanode State Machine Thread - 0] INFO  datanode.InitDatanodeState (InitDatanodeState.java:persistContainerDatanodeDetails(140)) - DatanodeDetails is persisted to /workdir/hadoop-ozone/ozonefs/target/test-dir/MiniOzoneClusterImpl-fc9dd688-9bec-4f1c-ac5e-6dbbab7389e4/datanode-0/meta/datanode.id
2019-09-12 11:48:03,720 [main] INFO  volume.HddsVolume (HddsVolume.java:<init>(176)) - Creating Volume: /workdir/hadoop-ozone/ozonefs/target/test-dir/MiniOzoneClusterImpl-fc9dd688-9bec-4f1c-ac5e-6dbbab7389e4/datanode-1/data/containers/hdds of  storage type : DISK and capacity : 1482555576320
2019-09-12 11:48:03,720 [main] INFO  volume.VolumeSet (VolumeSet.java:initializeVolumeSet(170)) - Added Volume : /workdir/hadoop-ozone/ozonefs/target/test-dir/MiniOzoneClusterImpl-fc9dd688-9bec-4f1c-ac5e-6dbbab7389e4/datanode-1/data/containers/hdds to VolumeSet
2019-09-12 11:48:03,720 [main] INFO  volume.ThrottledAsyncChecker (ThrottledAsyncChecker.java:schedule(140)) - Scheduling a check for org.apache.hadoop.ozone.container.common.volume.HddsVolume@689f60ea
2019-09-12 11:48:03,721 [main] INFO  volume.HddsVolumeChecker (HddsVolumeChecker.java:checkAllVolumes(203)) - Scheduled health check for volume org.apache.hadoop.ozone.container.common.volume.HddsVolume@689f60ea
2019-09-12 11:48:03,741 [main] INFO  impl.RaftServerProxy (ConfUtils.java:logGet(43)) - raft.rpc.type = GRPC (default)
2019-09-12 11:48:03,741 [main] INFO  grpc.GrpcFactory (GrpcFactory.java:checkPooledByteBufAllocatorUseCacheForAllThreads(45)) - PERFORMANCE WARNING: useCacheForAllThreads is true that may cause Netty to create a lot garbage objects and, as a result, trigger GC.
	It is recommended to disable useCacheForAllThreads by setting -Dorg.apache.ratis.thirdparty.io.netty.allocator.useCacheForAllThreads=false in command line.
2019-09-12 11:48:03,742 [main] INFO  grpc.GrpcConfigKeys$Server (ConfUtils.java:logGet(43)) - raft.grpc.server.port = 0 (default)
2019-09-12 11:48:03,742 [main] INFO  server.GrpcService (ConfUtils.java:logGet(43)) - raft.grpc.message.size.max = 33570816 (custom)
2019-09-12 11:48:03,742 [main] INFO  server.RaftServerConfigKeys (ConfUtils.java:logGet(43)) - raft.server.log.appender.buffer.byte-limit = 33554432 (custom)
2019-09-12 11:48:03,742 [main] INFO  server.GrpcService (ConfUtils.java:logGet(43)) - raft.grpc.flow.control.window = 1MB (=1048576) (default)
2019-09-12 11:48:03,742 [main] INFO  server.RaftServerConfigKeys (ConfUtils.java:logGet(43)) - raft.server.rpc.request.timeout = 3000ms (default)
2019-09-12 11:48:03,743 [main] INFO  server.RaftServerConfigKeys (ConfUtils.java:logGet(43)) - raft.server.storage.dir = [/workdir/hadoop-ozone/ozonefs/target/test-dir/MiniOzoneClusterImpl-fc9dd688-9bec-4f1c-ac5e-6dbbab7389e4/datanode-1/data/ratis] (custom)
2019-09-12 11:48:03,743 [main] INFO  replication.SimpleContainerDownloader (SimpleContainerDownloader.java:<init>(72)) - Starting container downloader service to copy containers to replicate.
2019-09-12 11:48:03,744 [main] INFO  hdfs.DFSUtil (DFSUtil.java:httpServerTemplateForNNAndJN(1641)) - Starting Web-server for hddsDatanode at: http://0.0.0.0:0
2019-09-12 11:48:03,745 [main] INFO  server.AuthenticationFilter (AuthenticationFilter.java:constructSecretProvider(240)) - Unable to initialize FileSignerSecretProvider, falling back to use random secrets.
2019-09-12 11:48:03,746 [main] WARN  http.HttpRequestLog (HttpRequestLog.java:getRequestLog(97)) - Jetty request log can only be enabled using Log4j
2019-09-12 11:48:03,747 [main] INFO  http.HttpServer2 (HttpServer2.java:addGlobalFilter(975)) - Added global filter 'safety' (class=org.apache.hadoop.http.HttpServer2$QuotingInputFilter)
2019-09-12 11:48:03,748 [main] INFO  http.HttpServer2 (HttpServer2.java:addFilter(948)) - Added filter static_user_filter (class=org.apache.hadoop.http.lib.StaticUserWebFilter$StaticUserFilter) to context hddsDatanode
2019-09-12 11:48:03,748 [main] INFO  http.HttpServer2 (HttpServer2.java:addFilter(958)) - Added filter static_user_filter (class=org.apache.hadoop.http.lib.StaticUserWebFilter$StaticUserFilter) to context logs
2019-09-12 11:48:03,748 [main] INFO  http.HttpServer2 (HttpServer2.java:addFilter(958)) - Added filter static_user_filter (class=org.apache.hadoop.http.lib.StaticUserWebFilter$StaticUserFilter) to context static
2019-09-12 11:48:03,749 [main] INFO  http.HttpServer2 (HttpServer2.java:bindListener(1191)) - Jetty bound to port 34834
2019-09-12 11:48:03,749 [main] INFO  server.Server (Server.java:doStart(351)) - jetty-9.3.24.v20180605, build timestamp: 2018-06-05T17:11:56Z, git hash: 84205aa28f11a4f31f2a3b86d1bba2cc8ab69827
2019-09-12 11:48:03,750 [main] INFO  handler.ContextHandler (ContextHandler.java:doStart(781)) - Started o.e.j.s.ServletContextHandler@7bce016c{/logs,file:///workdir/hadoop-ozone/ozonefs/target/log,AVAILABLE}
2019-09-12 11:48:03,751 [main] INFO  handler.ContextHandler (ContextHandler.java:doStart(781)) - Started o.e.j.s.ServletContextHandler@120f441c{/static,jar:file:/home/user/.m2/repository/org/apache/hadoop/hadoop-hdds-container-service/0.5.0-SNAPSHOT/hadoop-hdds-container-service-0.5.0-SNAPSHOT.jar!/webapps/static,AVAILABLE}
2019-09-12 11:48:03,781 [main] INFO  handler.ContextHandler (ContextHandler.java:doStart(781)) - Started o.e.j.w.WebAppContext@6a5c67cf{/,file:///tmp/jetty-0.0.0.0-34834-hddsDatanode-_-any-172275278268712326.dir/webapp/,AVAILABLE}{/hddsDatanode}
2019-09-12 11:48:03,781 [main] INFO  server.AbstractConnector (AbstractConnector.java:doStart(278)) - Started ServerConnector@26db1100{HTTP/1.1,[http/1.1]}{0.0.0.0:34834}
2019-09-12 11:48:03,783 [main] INFO  server.Server (Server.java:doStart(419)) - Started @200979ms
2019-09-12 11:48:03,783 [main] INFO  server.BaseHttpServer (BaseHttpServer.java:updateConnectorAddress(213)) - HTTP server of HDDSDATANODE is listening at http://0.0.0.0:34834
2019-09-12 11:48:03,952 | INFO  | ObjectStoreRestHttpServer | Listening HDDS REST traffic on /0.0.0.0:37961 |  
2019-09-12 11:48:03,952 [main] INFO  ozone.HddsDatanodeService (HddsDatanodeService.java:startPlugins(395)) - Started plug-in org.apache.hadoop.ozone.web.OzoneHddsDatanodeService@5622e162
2019-09-12 11:48:03,953 [main] INFO  impl.MetricsSystemImpl (MetricsSystemImpl.java:init(158)) - HddsDatanode metrics system started (again)
2019-09-12 11:48:03,955 [main] INFO  ozone.HddsDatanodeService (HddsDatanodeService.java:start(184)) - HddsDatanodeService host:pr-hdds-1569-58hkm-1881083799 ip:192.168.36.114
2019-09-12 11:48:03,955 [org.apache.hadoop.util.JvmPauseMonitor$Monitor@42b7c462] INFO  util.JvmPauseMonitor (JvmPauseMonitor.java:run(188)) - Starting JVM pause monitor
2019-09-12 11:48:03,957 [Datanode State Machine Thread - 0] INFO  datanode.InitDatanodeState (InitDatanodeState.java:persistContainerDatanodeDetails(140)) - DatanodeDetails is persisted to /workdir/hadoop-ozone/ozonefs/target/test-dir/MiniOzoneClusterImpl-fc9dd688-9bec-4f1c-ac5e-6dbbab7389e4/datanode-1/meta/datanode.id
2019-09-12 11:48:03,966 [main] INFO  volume.HddsVolume (HddsVolume.java:<init>(176)) - Creating Volume: /workdir/hadoop-ozone/ozonefs/target/test-dir/MiniOzoneClusterImpl-fc9dd688-9bec-4f1c-ac5e-6dbbab7389e4/datanode-2/data/containers/hdds of  storage type : DISK and capacity : 1482555576320
2019-09-12 11:48:03,967 [main] INFO  volume.VolumeSet (VolumeSet.java:initializeVolumeSet(170)) - Added Volume : /workdir/hadoop-ozone/ozonefs/target/test-dir/MiniOzoneClusterImpl-fc9dd688-9bec-4f1c-ac5e-6dbbab7389e4/datanode-2/data/containers/hdds to VolumeSet
2019-09-12 11:48:03,967 [main] INFO  volume.ThrottledAsyncChecker (ThrottledAsyncChecker.java:schedule(140)) - Scheduling a check for org.apache.hadoop.ozone.container.common.volume.HddsVolume@224bff6
2019-09-12 11:48:03,967 [main] INFO  volume.HddsVolumeChecker (HddsVolumeChecker.java:checkAllVolumes(203)) - Scheduled health check for volume org.apache.hadoop.ozone.container.common.volume.HddsVolume@224bff6
2019-09-12 11:48:03,997 [main] INFO  impl.RaftServerProxy (ConfUtils.java:logGet(43)) - raft.rpc.type = GRPC (default)
2019-09-12 11:48:03,997 [main] INFO  grpc.GrpcFactory (GrpcFactory.java:checkPooledByteBufAllocatorUseCacheForAllThreads(45)) - PERFORMANCE WARNING: useCacheForAllThreads is true that may cause Netty to create a lot garbage objects and, as a result, trigger GC.
	It is recommended to disable useCacheForAllThreads by setting -Dorg.apache.ratis.thirdparty.io.netty.allocator.useCacheForAllThreads=false in command line.
2019-09-12 11:48:03,997 [main] INFO  grpc.GrpcConfigKeys$Server (ConfUtils.java:logGet(43)) - raft.grpc.server.port = 0 (default)
2019-09-12 11:48:03,997 [main] INFO  server.GrpcService (ConfUtils.java:logGet(43)) - raft.grpc.message.size.max = 33570816 (custom)
2019-09-12 11:48:03,998 [main] INFO  server.RaftServerConfigKeys (ConfUtils.java:logGet(43)) - raft.server.log.appender.buffer.byte-limit = 33554432 (custom)
2019-09-12 11:48:03,998 [main] INFO  server.GrpcService (ConfUtils.java:logGet(43)) - raft.grpc.flow.control.window = 1MB (=1048576) (default)
2019-09-12 11:48:03,998 [main] INFO  server.RaftServerConfigKeys (ConfUtils.java:logGet(43)) - raft.server.rpc.request.timeout = 3000ms (default)
2019-09-12 11:48:03,999 [main] INFO  server.RaftServerConfigKeys (ConfUtils.java:logGet(43)) - raft.server.storage.dir = [/workdir/hadoop-ozone/ozonefs/target/test-dir/MiniOzoneClusterImpl-fc9dd688-9bec-4f1c-ac5e-6dbbab7389e4/datanode-2/data/ratis] (custom)
2019-09-12 11:48:03,999 [main] INFO  replication.SimpleContainerDownloader (SimpleContainerDownloader.java:<init>(72)) - Starting container downloader service to copy containers to replicate.
2019-09-12 11:48:04,000 [main] INFO  hdfs.DFSUtil (DFSUtil.java:httpServerTemplateForNNAndJN(1641)) - Starting Web-server for hddsDatanode at: http://0.0.0.0:0
2019-09-12 11:48:04,002 [main] INFO  server.AuthenticationFilter (AuthenticationFilter.java:constructSecretProvider(240)) - Unable to initialize FileSignerSecretProvider, falling back to use random secrets.
2019-09-12 11:48:04,003 [main] WARN  http.HttpRequestLog (HttpRequestLog.java:getRequestLog(97)) - Jetty request log can only be enabled using Log4j
2019-09-12 11:48:04,005 [main] INFO  http.HttpServer2 (HttpServer2.java:addGlobalFilter(975)) - Added global filter 'safety' (class=org.apache.hadoop.http.HttpServer2$QuotingInputFilter)
2019-09-12 11:48:04,006 [main] INFO  http.HttpServer2 (HttpServer2.java:addFilter(948)) - Added filter static_user_filter (class=org.apache.hadoop.http.lib.StaticUserWebFilter$StaticUserFilter) to context hddsDatanode
2019-09-12 11:48:04,006 [main] INFO  http.HttpServer2 (HttpServer2.java:addFilter(958)) - Added filter static_user_filter (class=org.apache.hadoop.http.lib.StaticUserWebFilter$StaticUserFilter) to context static
2019-09-12 11:48:04,006 [main] INFO  http.HttpServer2 (HttpServer2.java:addFilter(958)) - Added filter static_user_filter (class=org.apache.hadoop.http.lib.StaticUserWebFilter$StaticUserFilter) to context logs
2019-09-12 11:48:04,007 [main] INFO  http.HttpServer2 (HttpServer2.java:bindListener(1191)) - Jetty bound to port 44472
2019-09-12 11:48:04,008 [main] INFO  server.Server (Server.java:doStart(351)) - jetty-9.3.24.v20180605, build timestamp: 2018-06-05T17:11:56Z, git hash: 84205aa28f11a4f31f2a3b86d1bba2cc8ab69827
2019-09-12 11:48:04,009 [main] INFO  handler.ContextHandler (ContextHandler.java:doStart(781)) - Started o.e.j.s.ServletContextHandler@62c4ad40{/logs,file:///workdir/hadoop-ozone/ozonefs/target/log,AVAILABLE}
2019-09-12 11:48:04,010 [main] INFO  handler.ContextHandler (ContextHandler.java:doStart(781)) - Started o.e.j.s.ServletContextHandler@9bc10bd{/static,jar:file:/home/user/.m2/repository/org/apache/hadoop/hadoop-hdds-container-service/0.5.0-SNAPSHOT/hadoop-hdds-container-service-0.5.0-SNAPSHOT.jar!/webapps/static,AVAILABLE}
2019-09-12 11:48:04,049 [main] INFO  handler.ContextHandler (ContextHandler.java:doStart(781)) - Started o.e.j.w.WebAppContext@ab8b1ef{/,file:///tmp/jetty-0.0.0.0-44472-hddsDatanode-_-any-2261218521822182611.dir/webapp/,AVAILABLE}{/hddsDatanode}
2019-09-12 11:48:04,049 [main] INFO  server.AbstractConnector (AbstractConnector.java:doStart(278)) - Started ServerConnector@3413effc{HTTP/1.1,[http/1.1]}{0.0.0.0:44472}
2019-09-12 11:48:04,051 [main] INFO  server.Server (Server.java:doStart(419)) - Started @201247ms
2019-09-12 11:48:04,052 [main] INFO  server.BaseHttpServer (BaseHttpServer.java:updateConnectorAddress(213)) - HTTP server of HDDSDATANODE is listening at http://0.0.0.0:44472
2019-09-12 11:48:04,175 | INFO  | ObjectStoreRestHttpServer | Listening HDDS REST traffic on /0.0.0.0:33750 |  
2019-09-12 11:48:04,175 [main] INFO  ozone.HddsDatanodeService (HddsDatanodeService.java:startPlugins(395)) - Started plug-in org.apache.hadoop.ozone.web.OzoneHddsDatanodeService@2e7de98a
2019-09-12 11:48:04,176 [main] INFO  ozone.MiniOzoneClusterImpl (MiniOzoneClusterImpl.java:lambda$waitForClusterToBeReady$0(142)) - Waiting for cluster to be ready. Got 0 of 3 DN Heartbeats.
2019-09-12 11:48:04,177 [org.apache.hadoop.util.JvmPauseMonitor$Monitor@137ea244] INFO  util.JvmPauseMonitor (JvmPauseMonitor.java:run(188)) - Starting JVM pause monitor
2019-09-12 11:48:04,179 [Datanode State Machine Thread - 0] INFO  datanode.InitDatanodeState (InitDatanodeState.java:persistContainerDatanodeDetails(140)) - DatanodeDetails is persisted to /workdir/hadoop-ozone/ozonefs/target/test-dir/MiniOzoneClusterImpl-fc9dd688-9bec-4f1c-ac5e-6dbbab7389e4/datanode-2/meta/datanode.id
2019-09-12 11:48:05,176 [main] INFO  ozone.MiniOzoneClusterImpl (MiniOzoneClusterImpl.java:lambda$waitForClusterToBeReady$0(142)) - Waiting for cluster to be ready. Got 0 of 3 DN Heartbeats.
2019-09-12 11:48:05,717 | INFO  | SCMAudit | user=jenkins1000 | ip=192.168.36.114 | op=GET_VERSION null | ret=SUCCESS |  
2019-09-12 11:48:05,731 [Datanode State Machine Thread - 0] INFO  ozoneimpl.OzoneContainer (OzoneContainer.java:start(186)) - Attempting to start container services.
2019-09-12 11:48:05,732 [Datanode State Machine Thread - 0] INFO  ozoneimpl.OzoneContainer (OzoneContainer.java:startContainerScrub(160)) - Background container scrubber has been disabled by hdds.containerscrub.enabled
2019-09-12 11:48:05,732 [Datanode State Machine Thread - 0] INFO  ratis.XceiverServerRatis (XceiverServerRatis.java:start(404)) - Starting XceiverServerRatis 3abb8d00-2c14-4b15-8f89-7a1fa57706fc at port 0
2019-09-12 11:48:05,739 [Datanode State Machine Thread - 0] INFO  impl.RaftServerProxy (RaftServerProxy.java:lambda$start$3(299)) - 3abb8d00-2c14-4b15-8f89-7a1fa57706fc: start RPC server
2019-09-12 11:48:05,742 [Datanode State Machine Thread - 0] INFO  server.GrpcService (GrpcService.java:startImpl(149)) - 3abb8d00-2c14-4b15-8f89-7a1fa57706fc: GrpcService started, listening on 0.0.0.0/0.0.0.0:43637
2019-09-12 11:48:05,742 [Datanode State Machine Thread - 0] INFO  ratis.XceiverServerRatis (XceiverServerRatis.java:start(414)) - XceiverServerRatis 3abb8d00-2c14-4b15-8f89-7a1fa57706fc is started using port 43637
2019-09-12 11:48:05,743 [Datanode State Machine Thread - 0] INFO  server.XceiverServerGrpc (XceiverServerGrpc.java:start(163)) - XceiverServerGrpc 3abb8d00-2c14-4b15-8f89-7a1fa57706fc is started using port 34143
2019-09-12 11:48:05,955 | INFO  | SCMAudit | user=jenkins1000 | ip=192.168.36.114 | op=GET_VERSION null | ret=SUCCESS |  
2019-09-12 11:48:05,969 [Datanode State Machine Thread - 0] INFO  ozoneimpl.OzoneContainer (OzoneContainer.java:start(186)) - Attempting to start container services.
2019-09-12 11:48:05,969 [Datanode State Machine Thread - 0] INFO  ozoneimpl.OzoneContainer (OzoneContainer.java:startContainerScrub(160)) - Background container scrubber has been disabled by hdds.containerscrub.enabled
2019-09-12 11:48:05,969 [Datanode State Machine Thread - 0] INFO  ratis.XceiverServerRatis (XceiverServerRatis.java:start(404)) - Starting XceiverServerRatis ca72735a-502b-4542-8f03-a6a1dea70d9f at port 0
2019-09-12 11:48:05,975 [Datanode State Machine Thread - 0] INFO  impl.RaftServerProxy (RaftServerProxy.java:lambda$start$3(299)) - ca72735a-502b-4542-8f03-a6a1dea70d9f: start RPC server
2019-09-12 11:48:05,978 [Datanode State Machine Thread - 0] INFO  server.GrpcService (GrpcService.java:startImpl(149)) - ca72735a-502b-4542-8f03-a6a1dea70d9f: GrpcService started, listening on 0.0.0.0/0.0.0.0:33386
2019-09-12 11:48:05,978 [Datanode State Machine Thread - 0] INFO  ratis.XceiverServerRatis (XceiverServerRatis.java:start(414)) - XceiverServerRatis ca72735a-502b-4542-8f03-a6a1dea70d9f is started using port 33386
2019-09-12 11:48:05,978 [Datanode State Machine Thread - 0] INFO  server.XceiverServerGrpc (XceiverServerGrpc.java:start(163)) - XceiverServerGrpc ca72735a-502b-4542-8f03-a6a1dea70d9f is started using port 33724
2019-09-12 11:48:06,178 | INFO  | SCMAudit | user=jenkins1000 | ip=192.168.36.114 | op=GET_VERSION null | ret=SUCCESS |  
2019-09-12 11:48:06,178 [main] INFO  ozone.MiniOzoneClusterImpl (MiniOzoneClusterImpl.java:lambda$waitForClusterToBeReady$0(142)) - Waiting for cluster to be ready. Got 0 of 3 DN Heartbeats.
2019-09-12 11:48:06,206 [Datanode State Machine Thread - 0] INFO  ozoneimpl.OzoneContainer (OzoneContainer.java:start(186)) - Attempting to start container services.
2019-09-12 11:48:06,206 [Datanode State Machine Thread - 0] INFO  ozoneimpl.OzoneContainer (OzoneContainer.java:startContainerScrub(160)) - Background container scrubber has been disabled by hdds.containerscrub.enabled
2019-09-12 11:48:06,206 [Datanode State Machine Thread - 0] INFO  ratis.XceiverServerRatis (XceiverServerRatis.java:start(404)) - Starting XceiverServerRatis b4fabe70-9e10-4755-9f3f-0d1bb3aebfc7 at port 0
2019-09-12 11:48:06,212 [Datanode State Machine Thread - 0] INFO  impl.RaftServerProxy (RaftServerProxy.java:lambda$start$3(299)) - b4fabe70-9e10-4755-9f3f-0d1bb3aebfc7: start RPC server
2019-09-12 11:48:06,215 [Datanode State Machine Thread - 0] INFO  server.GrpcService (GrpcService.java:startImpl(149)) - b4fabe70-9e10-4755-9f3f-0d1bb3aebfc7: GrpcService started, listening on 0.0.0.0/0.0.0.0:46562
2019-09-12 11:48:06,215 [Datanode State Machine Thread - 0] INFO  ratis.XceiverServerRatis (XceiverServerRatis.java:start(414)) - XceiverServerRatis b4fabe70-9e10-4755-9f3f-0d1bb3aebfc7 is started using port 46562
2019-09-12 11:48:06,221 [Datanode State Machine Thread - 0] INFO  server.XceiverServerGrpc (XceiverServerGrpc.java:start(163)) - XceiverServerGrpc b4fabe70-9e10-4755-9f3f-0d1bb3aebfc7 is started using port 40091
2019-09-12 11:48:07,178 [main] INFO  ozone.MiniOzoneClusterImpl (MiniOzoneClusterImpl.java:lambda$waitForClusterToBeReady$0(142)) - Waiting for cluster to be ready. Got 0 of 3 DN Heartbeats.
2019-09-12 11:48:07,715 [IPC Server handler 2 on 45631] INFO  net.NetworkTopology (NetworkTopologyImpl.java:add(110)) - Added a new node: /default-rack/3abb8d00-2c14-4b15-8f89-7a1fa57706fc
2019-09-12 11:48:07,717 [IPC Server handler 2 on 45631] INFO  node.SCMNodeManager (SCMNodeManager.java:register(273)) - Registered Data node : 3abb8d00-2c14-4b15-8f89-7a1fa57706fc{ip: 192.168.36.114, host: pr-hdds-1569-58hkm-1881083799, networkLocation: /default-rack, certSerialId: null}
2019-09-12 11:48:07,718 [EventQueue-NodeRegistrationContainerReportForDataNodeSafeModeRule] INFO  safemode.SCMSafeModeManager (DataNodeSafeModeRule.java:process(71)) - SCM in safe mode. 1 DataNodes registered, 1 required.
2019-09-12 11:48:07,718 | INFO  | SCMAudit | user=jenkins1000 | ip=192.168.36.114 | op=REGISTER {datanodeDetails=3abb8d00-2c14-4b15-8f89-7a1fa57706fc{ip: 192.168.36.114, host: pr-hdds-1569-58hkm-1881083799, networkLocation: /default-rack, certSerialId: null}} | ret=SUCCESS |  
2019-09-12 11:48:07,720 [EventQueue-NodeRegistrationContainerReportForDataNodeSafeModeRule] INFO  safemode.SCMSafeModeManager (SCMSafeModeManager.java:validateSafeModeExitRules(177)) - ScmSafeModeManager, all rules are successfully validated
2019-09-12 11:48:07,720 [EventQueue-NodeRegistrationContainerReportForDataNodeSafeModeRule] INFO  safemode.SCMSafeModeManager (SCMSafeModeManager.java:exitSafeMode(193)) - SCM exiting safe mode.
2019-09-12 11:48:07,731 [grpc-default-executor-0] INFO  impl.RaftServerProxy (RaftServerProxy.java:addNew(89)) - 3abb8d00-2c14-4b15-8f89-7a1fa57706fc: addNew group-AB8DF5933F47:[3abb8d00-2c14-4b15-8f89-7a1fa57706fc:192.168.36.114:43637] returns group-AB8DF5933F47:java.util.concurrent.CompletableFuture@63f8dc02[Not completed]
2019-09-12 11:48:07,732 [pool-610-thread-1] INFO  impl.RaftServerImpl (RaftServerImpl.java:<init>(93)) - 3abb8d00-2c14-4b15-8f89-7a1fa57706fc: new RaftServerImpl for group-AB8DF5933F47:[3abb8d00-2c14-4b15-8f89-7a1fa57706fc:192.168.36.114:43637] with ContainerStateMachine:uninitialized
2019-09-12 11:48:07,732 [pool-610-thread-1] INFO  server.RaftServerConfigKeys (ConfUtils.java:logGet(43)) - raft.server.rpc.timeout.min = 5s (custom)
2019-09-12 11:48:07,732 [pool-610-thread-1] INFO  server.RaftServerConfigKeys (ConfUtils.java:logGet(43)) - raft.server.rpc.timeout.max = 5200ms (custom)
2019-09-12 11:48:07,732 [pool-610-thread-1] INFO  server.RaftServerConfigKeys (ConfUtils.java:logGet(43)) - raft.server.rpcslowness.timeout = 120s (custom)
2019-09-12 11:48:07,733 [pool-610-thread-1] INFO  server.RaftServerConfigKeys (ConfUtils.java:logGet(43)) - raft.server.sleep.deviation.threshold = 300 (default)
2019-09-12 11:48:07,733 [pool-610-thread-1] INFO  server.RaftServerConfigKeys (ConfUtils.java:logGet(43)) - raft.server.log.appender.install.snapshot.enabled = false (custom)
2019-09-12 11:48:07,733 [pool-610-thread-1] INFO  impl.RaftServerImpl (ServerState.java:<init>(105)) - 3abb8d00-2c14-4b15-8f89-7a1fa57706fc:group-AB8DF5933F47 ConfigurationManager, init=-1: [3abb8d00-2c14-4b15-8f89-7a1fa57706fc:192.168.36.114:43637], old=null, confs=<EMPTY_MAP>
2019-09-12 11:48:07,733 [pool-610-thread-1] INFO  server.RaftServerConfigKeys (ConfUtils.java:logGet(43)) - raft.server.storage.dir = [/workdir/hadoop-ozone/ozonefs/target/test-dir/MiniOzoneClusterImpl-fc9dd688-9bec-4f1c-ac5e-6dbbab7389e4/datanode-0/data/ratis] (custom)
2019-09-12 11:48:07,733 [pool-610-thread-1] INFO  storage.RaftStorageDirectory (RaftStorageDirectory.java:analyzeStorage(246)) - The storage directory /workdir/hadoop-ozone/ozonefs/target/test-dir/MiniOzoneClusterImpl-fc9dd688-9bec-4f1c-ac5e-6dbbab7389e4/datanode-0/data/ratis/ce8a224e-aab5-4b09-ba84-ab8df5933f47 does not exist. Creating ...
2019-09-12 11:48:07,747 [pool-610-thread-1] INFO  storage.RaftStorageDirectory (RaftStorageDirectory.java:tryLock(328)) - Lock on /workdir/hadoop-ozone/ozonefs/target/test-dir/MiniOzoneClusterImpl-fc9dd688-9bec-4f1c-ac5e-6dbbab7389e4/datanode-0/data/ratis/ce8a224e-aab5-4b09-ba84-ab8df5933f47/in_use.lock acquired by nodename 10706@pr-hdds-1569-58hkm-1881083799
2019-09-12 11:48:07,760 [pool-610-thread-1] INFO  storage.RaftStorage (RaftStorage.java:format(72)) - Storage directory /workdir/hadoop-ozone/ozonefs/target/test-dir/MiniOzoneClusterImpl-fc9dd688-9bec-4f1c-ac5e-6dbbab7389e4/datanode-0/data/ratis/ce8a224e-aab5-4b09-ba84-ab8df5933f47 has been successfully formatted.
2019-09-12 11:48:07,760 [pool-610-thread-1] INFO  ratis.ContainerStateMachine (ContainerStateMachine.java:loadSnapshot(226)) - group-AB8DF5933F47: The snapshot info is null. Setting the last applied indexto:(t:0, i:~)
2019-09-12 11:48:07,761 [pool-610-thread-1] INFO  server.RaftServerConfigKeys (ConfUtils.java:logGet(43)) - raft.server.leader.election.timeout = 120s (custom)
2019-09-12 11:48:07,761 [pool-610-thread-1] INFO  server.RaftServerConfigKeys (ConfUtils.java:logGet(43)) - raft.server.log.use.memory = false (default)
2019-09-12 11:48:07,761 [pool-610-thread-1] INFO  server.RaftServerConfigKeys (ConfUtils.java:logGet(43)) - raft.server.log.purge.gap = 1000000 (custom)
2019-09-12 11:48:07,761 [pool-610-thread-1] INFO  server.RaftServerConfigKeys (ConfUtils.java:logGet(43)) - raft.server.log.appender.buffer.byte-limit = 33554432 (custom)
2019-09-12 11:48:07,761 [pool-610-thread-1] INFO  server.RaftServerConfigKeys (ConfUtils.java:logGet(43)) - raft.server.log.segment.size.max = 1048576 (custom)
2019-09-12 11:48:07,761 [pool-610-thread-1] INFO  server.RaftServerConfigKeys (ConfUtils.java:logGet(43)) - raft.server.log.segment.cache.num.max = 2 (custom)
2019-09-12 11:48:07,761 [pool-610-thread-1] INFO  segmented.SegmentedRaftLogWorker (SegmentedRaftLogWorker.java:<init>(172)) - new 3abb8d00-2c14-4b15-8f89-7a1fa57706fc-SegmentedRaftLogWorker:Storage Directory /workdir/hadoop-ozone/ozonefs/target/test-dir/MiniOzoneClusterImpl-fc9dd688-9bec-4f1c-ac5e-6dbbab7389e4/datanode-0/data/ratis/ce8a224e-aab5-4b09-ba84-ab8df5933f47 for RaftStorage:Storage Directory /workdir/hadoop-ozone/ozonefs/target/test-dir/MiniOzoneClusterImpl-fc9dd688-9bec-4f1c-ac5e-6dbbab7389e4/datanode-0/data/ratis/ce8a224e-aab5-4b09-ba84-ab8df5933f47
2019-09-12 11:48:07,762 [pool-610-thread-1] INFO  server.RaftServerConfigKeys (ConfUtils.java:logGet(43)) - raft.server.log.queue.byte-limit = 2147483647 (custom)
2019-09-12 11:48:07,762 [pool-610-thread-1] INFO  server.RaftServerConfigKeys (ConfUtils.java:logGet(43)) - raft.server.log.queue.element-limit = 1024 (custom)
2019-09-12 11:48:07,762 [pool-610-thread-1] INFO  server.RaftServerConfigKeys (ConfUtils.java:logGet(43)) - raft.server.log.segment.size.max = 1048576 (custom)
2019-09-12 11:48:07,762 [pool-610-thread-1] INFO  server.RaftServerConfigKeys (ConfUtils.java:logGet(43)) - raft.server.log.preallocated.size = 16384 (custom)
2019-09-12 11:48:07,762 [pool-610-thread-1] INFO  server.RaftServerConfigKeys (ConfUtils.java:logGet(43)) - raft.server.log.write.buffer.size = 33554432 (custom)
2019-09-12 11:48:07,763 [pool-610-thread-1] INFO  server.RaftServerConfigKeys (ConfUtils.java:logGet(43)) - raft.server.log.force.sync.num = 128 (default)
2019-09-12 11:48:07,763 [pool-610-thread-1] INFO  server.RaftServerConfigKeys (ConfUtils.java:logGet(43)) - raft.server.log.statemachine.data.sync = true (default)
2019-09-12 11:48:07,763 [pool-610-thread-1] INFO  server.RaftServerConfigKeys (ConfUtils.java:logGet(43)) - raft.server.log.statemachine.data.sync.timeout = 10s (default)
2019-09-12 11:48:07,763 [pool-610-thread-1] INFO  server.RaftServerConfigKeys (ConfUtils.java:logGet(43)) - raft.server.log.statemachine.data.sync.timeout.retry = -1 (default)
2019-09-12 11:48:07,763 [pool-610-thread-1] INFO  server.RaftServerConfigKeys (ConfUtils.java:logGet(43)) - raft.server.log.statemachine.data.caching.enabled = true (custom)
2019-09-12 11:48:07,764 [pool-610-thread-1] INFO  segmented.SegmentedRaftLogWorker (SegmentedRaftLogWorker.java:lambda$new$0(132)) - 3abb8d00-2c14-4b15-8f89-7a1fa57706fc-SegmentedRaftLogWorker:Storage Directory /workdir/hadoop-ozone/ozonefs/target/test-dir/MiniOzoneClusterImpl-fc9dd688-9bec-4f1c-ac5e-6dbbab7389e4/datanode-0/data/ratis/ce8a224e-aab5-4b09-ba84-ab8df5933f47: flushIndex: setUnconditionally 0 -> -1
2019-09-12 11:48:07,764 [pool-610-thread-1] INFO  server.RaftServerConfigKeys (ConfUtils.java:logGet(43)) - raft.server.snapshot.auto.trigger.enabled = true (custom)
2019-09-12 11:48:07,764 [pool-610-thread-1] INFO  server.RaftServerConfigKeys (ConfUtils.java:logGet(43)) - raft.server.snapshot.auto.trigger.threshold = 10000 (custom)
2019-09-12 11:48:07,764 [pool-610-thread-1] INFO  server.RaftServerConfigKeys (ConfUtils.java:logGet(43)) - raft.server.retrycache.expirytime = 600000ms (custom)
2019-09-12 11:48:07,764 [pool-610-thread-1] INFO  impl.RaftServerImpl (RaftServerImpl.java:start(180)) - 3abb8d00-2c14-4b15-8f89-7a1fa57706fc: start group-AB8DF5933F47
2019-09-12 11:48:07,765 [pool-610-thread-1] INFO  impl.RaftServerImpl (RaftServerImpl.java:setRole(171)) - 3abb8d00-2c14-4b15-8f89-7a1fa57706fc:group-AB8DF5933F47 changes role from null to FOLLOWER at term 0 for startAsFollower
2019-09-12 11:48:07,765 [pool-610-thread-1] INFO  impl.RoleInfo (RoleInfo.java:updateAndGet(143)) - 3abb8d00-2c14-4b15-8f89-7a1fa57706fc: start FollowerState
2019-09-12 11:48:07,765 [pool-610-thread-1] INFO  util.JmxRegister (JmxRegister.java:tryRegister(44)) - Successfully registered JMX Bean with object name Ratis:service=RaftServer,group=group-AB8DF5933F47,id=3abb8d00-2c14-4b15-8f89-7a1fa57706fc
2019-09-12 11:48:07,768 [RatisPipelineUtilsThread] INFO  pipeline.PipelineStateManager (PipelineStateManager.java:addPipeline(56)) - Created pipeline Pipeline[ Id: ce8a224e-aab5-4b09-ba84-ab8df5933f47, Nodes: 3abb8d00-2c14-4b15-8f89-7a1fa57706fc{ip: 192.168.36.114, host: pr-hdds-1569-58hkm-1881083799, networkLocation: /default-rack, certSerialId: null}, Type:RATIS, Factor:ONE, State:OPEN]
2019-09-12 11:48:07,774 [grpc-default-executor-0] INFO  impl.RaftServerProxy (RaftServerProxy.java:addNew(89)) - 3abb8d00-2c14-4b15-8f89-7a1fa57706fc: addNew group-EEEC7EA2241E:[3abb8d00-2c14-4b15-8f89-7a1fa57706fc:192.168.36.114:43637] returns group-EEEC7EA2241E:java.util.concurrent.CompletableFuture@5251b823[Not completed]
2019-09-12 11:48:07,774 [pool-610-thread-1] INFO  impl.RaftServerImpl (RaftServerImpl.java:<init>(93)) - 3abb8d00-2c14-4b15-8f89-7a1fa57706fc: new RaftServerImpl for group-EEEC7EA2241E:[3abb8d00-2c14-4b15-8f89-7a1fa57706fc:192.168.36.114:43637] with ContainerStateMachine:uninitialized
2019-09-12 11:48:07,775 [pool-610-thread-1] INFO  server.RaftServerConfigKeys (ConfUtils.java:logGet(43)) - raft.server.rpc.timeout.min = 5s (custom)
2019-09-12 11:48:07,775 [pool-610-thread-1] INFO  server.RaftServerConfigKeys (ConfUtils.java:logGet(43)) - raft.server.rpc.timeout.max = 5200ms (custom)
2019-09-12 11:48:07,775 [pool-610-thread-1] INFO  server.RaftServerConfigKeys (ConfUtils.java:logGet(43)) - raft.server.rpcslowness.timeout = 120s (custom)
2019-09-12 11:48:07,775 [pool-610-thread-1] INFO  server.RaftServerConfigKeys (ConfUtils.java:logGet(43)) - raft.server.sleep.deviation.threshold = 300 (default)
2019-09-12 11:48:07,775 [pool-610-thread-1] INFO  server.RaftServerConfigKeys (ConfUtils.java:logGet(43)) - raft.server.log.appender.install.snapshot.enabled = false (custom)
2019-09-12 11:48:07,775 [pool-610-thread-1] INFO  impl.RaftServerImpl (ServerState.java:<init>(105)) - 3abb8d00-2c14-4b15-8f89-7a1fa57706fc:group-EEEC7EA2241E ConfigurationManager, init=-1: [3abb8d00-2c14-4b15-8f89-7a1fa57706fc:192.168.36.114:43637], old=null, confs=<EMPTY_MAP>
2019-09-12 11:48:07,775 [pool-610-thread-1] INFO  server.RaftServerConfigKeys (ConfUtils.java:logGet(43)) - raft.server.storage.dir = [/workdir/hadoop-ozone/ozonefs/target/test-dir/MiniOzoneClusterImpl-fc9dd688-9bec-4f1c-ac5e-6dbbab7389e4/datanode-0/data/ratis] (custom)
2019-09-12 11:48:07,776 [pool-610-thread-1] INFO  storage.RaftStorageDirectory (RaftStorageDirectory.java:analyzeStorage(246)) - The storage directory /workdir/hadoop-ozone/ozonefs/target/test-dir/MiniOzoneClusterImpl-fc9dd688-9bec-4f1c-ac5e-6dbbab7389e4/datanode-0/data/ratis/87e9fa09-9c3a-44dd-a5d6-eeec7ea2241e does not exist. Creating ...
2019-09-12 11:48:07,788 [pool-610-thread-1] INFO  storage.RaftStorageDirectory (RaftStorageDirectory.java:tryLock(328)) - Lock on /workdir/hadoop-ozone/ozonefs/target/test-dir/MiniOzoneClusterImpl-fc9dd688-9bec-4f1c-ac5e-6dbbab7389e4/datanode-0/data/ratis/87e9fa09-9c3a-44dd-a5d6-eeec7ea2241e/in_use.lock acquired by nodename 10706@pr-hdds-1569-58hkm-1881083799
2019-09-12 11:48:07,801 [pool-610-thread-1] INFO  storage.RaftStorage (RaftStorage.java:format(72)) - Storage directory /workdir/hadoop-ozone/ozonefs/target/test-dir/MiniOzoneClusterImpl-fc9dd688-9bec-4f1c-ac5e-6dbbab7389e4/datanode-0/data/ratis/87e9fa09-9c3a-44dd-a5d6-eeec7ea2241e has been successfully formatted.
2019-09-12 11:48:07,801 [pool-610-thread-1] INFO  ratis.ContainerStateMachine (ContainerStateMachine.java:loadSnapshot(226)) - group-EEEC7EA2241E: The snapshot info is null. Setting the last applied indexto:(t:0, i:~)
2019-09-12 11:48:07,801 [pool-610-thread-1] INFO  server.RaftServerConfigKeys (ConfUtils.java:logGet(43)) - raft.server.leader.election.timeout = 120s (custom)
2019-09-12 11:48:07,802 [pool-610-thread-1] INFO  server.RaftServerConfigKeys (ConfUtils.java:logGet(43)) - raft.server.log.use.memory = false (default)
2019-09-12 11:48:07,802 [pool-610-thread-1] INFO  server.RaftServerConfigKeys (ConfUtils.java:logGet(43)) - raft.server.log.purge.gap = 1000000 (custom)
2019-09-12 11:48:07,802 [pool-610-thread-1] INFO  server.RaftServerConfigKeys (ConfUtils.java:logGet(43)) - raft.server.log.appender.buffer.byte-limit = 33554432 (custom)
2019-09-12 11:48:07,802 [pool-610-thread-1] INFO  server.RaftServerConfigKeys (ConfUtils.java:logGet(43)) - raft.server.log.segment.size.max = 1048576 (custom)
2019-09-12 11:48:07,802 [pool-610-thread-1] INFO  server.RaftServerConfigKeys (ConfUtils.java:logGet(43)) - raft.server.log.segment.cache.num.max = 2 (custom)
2019-09-12 11:48:07,802 [pool-610-thread-1] INFO  segmented.SegmentedRaftLogWorker (SegmentedRaftLogWorker.java:<init>(172)) - new 3abb8d00-2c14-4b15-8f89-7a1fa57706fc-SegmentedRaftLogWorker:Storage Directory /workdir/hadoop-ozone/ozonefs/target/test-dir/MiniOzoneClusterImpl-fc9dd688-9bec-4f1c-ac5e-6dbbab7389e4/datanode-0/data/ratis/87e9fa09-9c3a-44dd-a5d6-eeec7ea2241e for RaftStorage:Storage Directory /workdir/hadoop-ozone/ozonefs/target/test-dir/MiniOzoneClusterImpl-fc9dd688-9bec-4f1c-ac5e-6dbbab7389e4/datanode-0/data/ratis/87e9fa09-9c3a-44dd-a5d6-eeec7ea2241e
2019-09-12 11:48:07,803 [pool-610-thread-1] INFO  server.RaftServerConfigKeys (ConfUtils.java:logGet(43)) - raft.server.log.queue.byte-limit = 2147483647 (custom)
2019-09-12 11:48:07,803 [pool-610-thread-1] INFO  server.RaftServerConfigKeys (ConfUtils.java:logGet(43)) - raft.server.log.queue.element-limit = 1024 (custom)
2019-09-12 11:48:07,803 [pool-610-thread-1] INFO  server.RaftServerConfigKeys (ConfUtils.java:logGet(43)) - raft.server.log.segment.size.max = 1048576 (custom)
2019-09-12 11:48:07,803 [pool-610-thread-1] INFO  server.RaftServerConfigKeys (ConfUtils.java:logGet(43)) - raft.server.log.preallocated.size = 16384 (custom)
2019-09-12 11:48:07,803 [pool-610-thread-1] INFO  server.RaftServerConfigKeys (ConfUtils.java:logGet(43)) - raft.server.log.write.buffer.size = 33554432 (custom)
2019-09-12 11:48:07,803 [pool-610-thread-1] INFO  server.RaftServerConfigKeys (ConfUtils.java:logGet(43)) - raft.server.log.force.sync.num = 128 (default)
2019-09-12 11:48:07,803 [pool-610-thread-1] INFO  server.RaftServerConfigKeys (ConfUtils.java:logGet(43)) - raft.server.log.statemachine.data.sync = true (default)
2019-09-12 11:48:07,804 [pool-610-thread-1] INFO  server.RaftServerConfigKeys (ConfUtils.java:logGet(43)) - raft.server.log.statemachine.data.sync.timeout = 10s (default)
2019-09-12 11:48:07,804 [pool-610-thread-1] INFO  server.RaftServerConfigKeys (ConfUtils.java:logGet(43)) - raft.server.log.statemachine.data.sync.timeout.retry = -1 (default)
2019-09-12 11:48:07,804 [pool-610-thread-1] INFO  server.RaftServerConfigKeys (ConfUtils.java:logGet(43)) - raft.server.log.statemachine.data.caching.enabled = true (custom)
2019-09-12 11:48:07,804 [pool-610-thread-1] INFO  segmented.SegmentedRaftLogWorker (SegmentedRaftLogWorker.java:lambda$new$0(132)) - 3abb8d00-2c14-4b15-8f89-7a1fa57706fc-SegmentedRaftLogWorker:Storage Directory /workdir/hadoop-ozone/ozonefs/target/test-dir/MiniOzoneClusterImpl-fc9dd688-9bec-4f1c-ac5e-6dbbab7389e4/datanode-0/data/ratis/87e9fa09-9c3a-44dd-a5d6-eeec7ea2241e: flushIndex: setUnconditionally 0 -> -1
2019-09-12 11:48:07,805 [pool-610-thread-1] INFO  server.RaftServerConfigKeys (ConfUtils.java:logGet(43)) - raft.server.snapshot.auto.trigger.enabled = true (custom)
2019-09-12 11:48:07,805 [pool-610-thread-1] INFO  server.RaftServerConfigKeys (ConfUtils.java:logGet(43)) - raft.server.snapshot.auto.trigger.threshold = 10000 (custom)
2019-09-12 11:48:07,805 [pool-610-thread-1] INFO  server.RaftServerConfigKeys (ConfUtils.java:logGet(43)) - raft.server.retrycache.expirytime = 600000ms (custom)
2019-09-12 11:48:07,805 [pool-610-thread-1] INFO  impl.RaftServerImpl (RaftServerImpl.java:start(180)) - 3abb8d00-2c14-4b15-8f89-7a1fa57706fc: start group-EEEC7EA2241E
2019-09-12 11:48:07,805 [pool-610-thread-1] INFO  impl.RaftServerImpl (RaftServerImpl.java:setRole(171)) - 3abb8d00-2c14-4b15-8f89-7a1fa57706fc:group-EEEC7EA2241E changes role from null to FOLLOWER at term 0 for startAsFollower
2019-09-12 11:48:07,806 [pool-610-thread-1] INFO  impl.RoleInfo (RoleInfo.java:updateAndGet(143)) - 3abb8d00-2c14-4b15-8f89-7a1fa57706fc: start FollowerState
2019-09-12 11:48:07,806 [pool-610-thread-1] INFO  util.JmxRegister (JmxRegister.java:tryRegister(44)) - Successfully registered JMX Bean with object name Ratis:service=RaftServer,group=group-EEEC7EA2241E,id=3abb8d00-2c14-4b15-8f89-7a1fa57706fc
2019-09-12 11:48:07,808 [RatisPipelineUtilsThread] INFO  pipeline.PipelineStateManager (PipelineStateManager.java:addPipeline(56)) - Created pipeline Pipeline[ Id: 87e9fa09-9c3a-44dd-a5d6-eeec7ea2241e, Nodes: 3abb8d00-2c14-4b15-8f89-7a1fa57706fc{ip: 192.168.36.114, host: pr-hdds-1569-58hkm-1881083799, networkLocation: /default-rack, certSerialId: null}, Type:RATIS, Factor:ONE, State:OPEN]
2019-09-12 11:48:07,813 [grpc-default-executor-0] INFO  impl.RaftServerProxy (RaftServerProxy.java:addNew(89)) - 3abb8d00-2c14-4b15-8f89-7a1fa57706fc: addNew group-8E5804C62CD6:[3abb8d00-2c14-4b15-8f89-7a1fa57706fc:192.168.36.114:43637] returns group-8E5804C62CD6:java.util.concurrent.CompletableFuture@3d7234d[Not completed]
2019-09-12 11:48:07,814 [pool-610-thread-1] INFO  impl.RaftServerImpl (RaftServerImpl.java:<init>(93)) - 3abb8d00-2c14-4b15-8f89-7a1fa57706fc: new RaftServerImpl for group-8E5804C62CD6:[3abb8d00-2c14-4b15-8f89-7a1fa57706fc:192.168.36.114:43637] with ContainerStateMachine:uninitialized
2019-09-12 11:48:07,814 [pool-610-thread-1] INFO  server.RaftServerConfigKeys (ConfUtils.java:logGet(43)) - raft.server.rpc.timeout.min = 5s (custom)
2019-09-12 11:48:07,815 [pool-610-thread-1] INFO  server.RaftServerConfigKeys (ConfUtils.java:logGet(43)) - raft.server.rpc.timeout.max = 5200ms (custom)
2019-09-12 11:48:07,815 [pool-610-thread-1] INFO  server.RaftServerConfigKeys (ConfUtils.java:logGet(43)) - raft.server.rpcslowness.timeout = 120s (custom)
2019-09-12 11:48:07,815 [pool-610-thread-1] INFO  server.RaftServerConfigKeys (ConfUtils.java:logGet(43)) - raft.server.sleep.deviation.threshold = 300 (default)
2019-09-12 11:48:07,815 [pool-610-thread-1] INFO  server.RaftServerConfigKeys (ConfUtils.java:logGet(43)) - raft.server.log.appender.install.snapshot.enabled = false (custom)
2019-09-12 11:48:07,815 [pool-610-thread-1] INFO  impl.RaftServerImpl (ServerState.java:<init>(105)) - 3abb8d00-2c14-4b15-8f89-7a1fa57706fc:group-8E5804C62CD6 ConfigurationManager, init=-1: [3abb8d00-2c14-4b15-8f89-7a1fa57706fc:192.168.36.114:43637], old=null, confs=<EMPTY_MAP>
2019-09-12 11:48:07,815 [pool-610-thread-1] INFO  server.RaftServerConfigKeys (ConfUtils.java:logGet(43)) - raft.server.storage.dir = [/workdir/hadoop-ozone/ozonefs/target/test-dir/MiniOzoneClusterImpl-fc9dd688-9bec-4f1c-ac5e-6dbbab7389e4/datanode-0/data/ratis] (custom)
2019-09-12 11:48:07,816 [pool-610-thread-1] INFO  storage.RaftStorageDirectory (RaftStorageDirectory.java:analyzeStorage(246)) - The storage directory /workdir/hadoop-ozone/ozonefs/target/test-dir/MiniOzoneClusterImpl-fc9dd688-9bec-4f1c-ac5e-6dbbab7389e4/datanode-0/data/ratis/aab9905e-37cc-4513-b3bc-8e5804c62cd6 does not exist. Creating ...
2019-09-12 11:48:07,829 [pool-610-thread-1] INFO  storage.RaftStorageDirectory (RaftStorageDirectory.java:tryLock(328)) - Lock on /workdir/hadoop-ozone/ozonefs/target/test-dir/MiniOzoneClusterImpl-fc9dd688-9bec-4f1c-ac5e-6dbbab7389e4/datanode-0/data/ratis/aab9905e-37cc-4513-b3bc-8e5804c62cd6/in_use.lock acquired by nodename 10706@pr-hdds-1569-58hkm-1881083799
2019-09-12 11:48:07,842 [pool-610-thread-1] INFO  storage.RaftStorage (RaftStorage.java:format(72)) - Storage directory /workdir/hadoop-ozone/ozonefs/target/test-dir/MiniOzoneClusterImpl-fc9dd688-9bec-4f1c-ac5e-6dbbab7389e4/datanode-0/data/ratis/aab9905e-37cc-4513-b3bc-8e5804c62cd6 has been successfully formatted.
2019-09-12 11:48:07,842 [pool-610-thread-1] INFO  ratis.ContainerStateMachine (ContainerStateMachine.java:loadSnapshot(226)) - group-8E5804C62CD6: The snapshot info is null. Setting the last applied indexto:(t:0, i:~)
2019-09-12 11:48:07,842 [pool-610-thread-1] INFO  server.RaftServerConfigKeys (ConfUtils.java:logGet(43)) - raft.server.leader.election.timeout = 120s (custom)
2019-09-12 11:48:07,842 [pool-610-thread-1] INFO  server.RaftServerConfigKeys (ConfUtils.java:logGet(43)) - raft.server.log.use.memory = false (default)
2019-09-12 11:48:07,842 [pool-610-thread-1] INFO  server.RaftServerConfigKeys (ConfUtils.java:logGet(43)) - raft.server.log.purge.gap = 1000000 (custom)
2019-09-12 11:48:07,842 [pool-610-thread-1] INFO  server.RaftServerConfigKeys (ConfUtils.java:logGet(43)) - raft.server.log.appender.buffer.byte-limit = 33554432 (custom)
2019-09-12 11:48:07,843 [pool-610-thread-1] INFO  server.RaftServerConfigKeys (ConfUtils.java:logGet(43)) - raft.server.log.segment.size.max = 1048576 (custom)
2019-09-12 11:48:07,843 [pool-610-thread-1] INFO  server.RaftServerConfigKeys (ConfUtils.java:logGet(43)) - raft.server.log.segment.cache.num.max = 2 (custom)
2019-09-12 11:48:07,843 [pool-610-thread-1] INFO  segmented.SegmentedRaftLogWorker (SegmentedRaftLogWorker.java:<init>(172)) - new 3abb8d00-2c14-4b15-8f89-7a1fa57706fc-SegmentedRaftLogWorker:Storage Directory /workdir/hadoop-ozone/ozonefs/target/test-dir/MiniOzoneClusterImpl-fc9dd688-9bec-4f1c-ac5e-6dbbab7389e4/datanode-0/data/ratis/aab9905e-37cc-4513-b3bc-8e5804c62cd6 for RaftStorage:Storage Directory /workdir/hadoop-ozone/ozonefs/target/test-dir/MiniOzoneClusterImpl-fc9dd688-9bec-4f1c-ac5e-6dbbab7389e4/datanode-0/data/ratis/aab9905e-37cc-4513-b3bc-8e5804c62cd6
2019-09-12 11:48:07,843 [pool-610-thread-1] INFO  server.RaftServerConfigKeys (ConfUtils.java:logGet(43)) - raft.server.log.queue.byte-limit = 2147483647 (custom)
2019-09-12 11:48:07,843 [pool-610-thread-1] INFO  server.RaftServerConfigKeys (ConfUtils.java:logGet(43)) - raft.server.log.queue.element-limit = 1024 (custom)
2019-09-12 11:48:07,843 [pool-610-thread-1] INFO  server.RaftServerConfigKeys (ConfUtils.java:logGet(43)) - raft.server.log.segment.size.max = 1048576 (custom)
2019-09-12 11:48:07,844 [pool-610-thread-1] INFO  server.RaftServerConfigKeys (ConfUtils.java:logGet(43)) - raft.server.log.preallocated.size = 16384 (custom)
2019-09-12 11:48:07,844 [pool-610-thread-1] INFO  server.RaftServerConfigKeys (ConfUtils.java:logGet(43)) - raft.server.log.write.buffer.size = 33554432 (custom)
2019-09-12 11:48:07,844 [pool-610-thread-1] INFO  server.RaftServerConfigKeys (ConfUtils.java:logGet(43)) - raft.server.log.force.sync.num = 128 (default)
2019-09-12 11:48:07,844 [pool-610-thread-1] INFO  server.RaftServerConfigKeys (ConfUtils.java:logGet(43)) - raft.server.log.statemachine.data.sync = true (default)
2019-09-12 11:48:07,844 [pool-610-thread-1] INFO  server.RaftServerConfigKeys (ConfUtils.java:logGet(43)) - raft.server.log.statemachine.data.sync.timeout = 10s (default)
2019-09-12 11:48:07,844 [pool-610-thread-1] INFO  server.RaftServerConfigKeys (ConfUtils.java:logGet(43)) - raft.server.log.statemachine.data.sync.timeout.retry = -1 (default)
2019-09-12 11:48:07,845 [pool-610-thread-1] INFO  server.RaftServerConfigKeys (ConfUtils.java:logGet(43)) - raft.server.log.statemachine.data.caching.enabled = true (custom)
2019-09-12 11:48:07,845 [pool-610-thread-1] INFO  segmented.SegmentedRaftLogWorker (SegmentedRaftLogWorker.java:lambda$new$0(132)) - 3abb8d00-2c14-4b15-8f89-7a1fa57706fc-SegmentedRaftLogWorker:Storage Directory /workdir/hadoop-ozone/ozonefs/target/test-dir/MiniOzoneClusterImpl-fc9dd688-9bec-4f1c-ac5e-6dbbab7389e4/datanode-0/data/ratis/aab9905e-37cc-4513-b3bc-8e5804c62cd6: flushIndex: setUnconditionally 0 -> -1
2019-09-12 11:48:07,845 [pool-610-thread-1] INFO  server.RaftServerConfigKeys (ConfUtils.java:logGet(43)) - raft.server.snapshot.auto.trigger.enabled = true (custom)
2019-09-12 11:48:07,845 [pool-610-thread-1] INFO  server.RaftServerConfigKeys (ConfUtils.java:logGet(43)) - raft.server.snapshot.auto.trigger.threshold = 10000 (custom)
2019-09-12 11:48:07,846 [pool-610-thread-1] INFO  server.RaftServerConfigKeys (ConfUtils.java:logGet(43)) - raft.server.retrycache.expirytime = 600000ms (custom)
2019-09-12 11:48:07,846 [pool-610-thread-1] INFO  impl.RaftServerImpl (RaftServerImpl.java:start(180)) - 3abb8d00-2c14-4b15-8f89-7a1fa57706fc: start group-8E5804C62CD6
2019-09-12 11:48:07,846 [pool-610-thread-1] INFO  impl.RaftServerImpl (RaftServerImpl.java:setRole(171)) - 3abb8d00-2c14-4b15-8f89-7a1fa57706fc:group-8E5804C62CD6 changes role from null to FOLLOWER at term 0 for startAsFollower
2019-09-12 11:48:07,846 [pool-610-thread-1] INFO  impl.RoleInfo (RoleInfo.java:updateAndGet(143)) - 3abb8d00-2c14-4b15-8f89-7a1fa57706fc: start FollowerState
2019-09-12 11:48:07,846 [pool-610-thread-1] INFO  util.JmxRegister (JmxRegister.java:tryRegister(44)) - Successfully registered JMX Bean with object name Ratis:service=RaftServer,group=group-8E5804C62CD6,id=3abb8d00-2c14-4b15-8f89-7a1fa57706fc
2019-09-12 11:48:07,849 [RatisPipelineUtilsThread] INFO  pipeline.PipelineStateManager (PipelineStateManager.java:addPipeline(56)) - Created pipeline Pipeline[ Id: aab9905e-37cc-4513-b3bc-8e5804c62cd6, Nodes: 3abb8d00-2c14-4b15-8f89-7a1fa57706fc{ip: 192.168.36.114, host: pr-hdds-1569-58hkm-1881083799, networkLocation: /default-rack, certSerialId: null}, Type:RATIS, Factor:ONE, State:OPEN]
2019-09-12 11:48:07,853 [grpc-default-executor-0] INFO  impl.RaftServerProxy (RaftServerProxy.java:addNew(89)) - 3abb8d00-2c14-4b15-8f89-7a1fa57706fc: addNew group-F5B12DBC0862:[3abb8d00-2c14-4b15-8f89-7a1fa57706fc:192.168.36.114:43637] returns group-F5B12DBC0862:java.util.concurrent.CompletableFuture@4cefa750[Not completed]
2019-09-12 11:48:07,854 [pool-610-thread-1] INFO  impl.RaftServerImpl (RaftServerImpl.java:<init>(93)) - 3abb8d00-2c14-4b15-8f89-7a1fa57706fc: new RaftServerImpl for group-F5B12DBC0862:[3abb8d00-2c14-4b15-8f89-7a1fa57706fc:192.168.36.114:43637] with ContainerStateMachine:uninitialized
2019-09-12 11:48:07,854 [pool-610-thread-1] INFO  server.RaftServerConfigKeys (ConfUtils.java:logGet(43)) - raft.server.rpc.timeout.min = 5s (custom)
2019-09-12 11:48:07,855 [pool-610-thread-1] INFO  server.RaftServerConfigKeys (ConfUtils.java:logGet(43)) - raft.server.rpc.timeout.max = 5200ms (custom)
2019-09-12 11:48:07,855 [pool-610-thread-1] INFO  server.RaftServerConfigKeys (ConfUtils.java:logGet(43)) - raft.server.rpcslowness.timeout = 120s (custom)
2019-09-12 11:48:07,855 [pool-610-thread-1] INFO  server.RaftServerConfigKeys (ConfUtils.java:logGet(43)) - raft.server.sleep.deviation.threshold = 300 (default)
2019-09-12 11:48:07,855 [pool-610-thread-1] INFO  server.RaftServerConfigKeys (ConfUtils.java:logGet(43)) - raft.server.log.appender.install.snapshot.enabled = false (custom)
2019-09-12 11:48:07,855 [pool-610-thread-1] INFO  impl.RaftServerImpl (ServerState.java:<init>(105)) - 3abb8d00-2c14-4b15-8f89-7a1fa57706fc:group-F5B12DBC0862 ConfigurationManager, init=-1: [3abb8d00-2c14-4b15-8f89-7a1fa57706fc:192.168.36.114:43637], old=null, confs=<EMPTY_MAP>
2019-09-12 11:48:07,855 [pool-610-thread-1] INFO  server.RaftServerConfigKeys (ConfUtils.java:logGet(43)) - raft.server.storage.dir = [/workdir/hadoop-ozone/ozonefs/target/test-dir/MiniOzoneClusterImpl-fc9dd688-9bec-4f1c-ac5e-6dbbab7389e4/datanode-0/data/ratis] (custom)
2019-09-12 11:48:07,856 [pool-610-thread-1] INFO  storage.RaftStorageDirectory (RaftStorageDirectory.java:analyzeStorage(246)) - The storage directory /workdir/hadoop-ozone/ozonefs/target/test-dir/MiniOzoneClusterImpl-fc9dd688-9bec-4f1c-ac5e-6dbbab7389e4/datanode-0/data/ratis/99e85d33-1e5c-4f7f-81e9-f5b12dbc0862 does not exist. Creating ...
2019-09-12 11:48:07,868 [pool-610-thread-1] INFO  storage.RaftStorageDirectory (RaftStorageDirectory.java:tryLock(328)) - Lock on /workdir/hadoop-ozone/ozonefs/target/test-dir/MiniOzoneClusterImpl-fc9dd688-9bec-4f1c-ac5e-6dbbab7389e4/datanode-0/data/ratis/99e85d33-1e5c-4f7f-81e9-f5b12dbc0862/in_use.lock acquired by nodename 10706@pr-hdds-1569-58hkm-1881083799
2019-09-12 11:48:07,881 [pool-610-thread-1] INFO  storage.RaftStorage (RaftStorage.java:format(72)) - Storage directory /workdir/hadoop-ozone/ozonefs/target/test-dir/MiniOzoneClusterImpl-fc9dd688-9bec-4f1c-ac5e-6dbbab7389e4/datanode-0/data/ratis/99e85d33-1e5c-4f7f-81e9-f5b12dbc0862 has been successfully formatted.
2019-09-12 11:48:07,881 [pool-610-thread-1] INFO  ratis.ContainerStateMachine (ContainerStateMachine.java:loadSnapshot(226)) - group-F5B12DBC0862: The snapshot info is null. Setting the last applied indexto:(t:0, i:~)
2019-09-12 11:48:07,882 [pool-610-thread-1] INFO  server.RaftServerConfigKeys (ConfUtils.java:logGet(43)) - raft.server.leader.election.timeout = 120s (custom)
2019-09-12 11:48:07,882 [pool-610-thread-1] INFO  server.RaftServerConfigKeys (ConfUtils.java:logGet(43)) - raft.server.log.use.memory = false (default)
2019-09-12 11:48:07,882 [pool-610-thread-1] INFO  server.RaftServerConfigKeys (ConfUtils.java:logGet(43)) - raft.server.log.purge.gap = 1000000 (custom)
2019-09-12 11:48:07,882 [pool-610-thread-1] INFO  server.RaftServerConfigKeys (ConfUtils.java:logGet(43)) - raft.server.log.appender.buffer.byte-limit = 33554432 (custom)
2019-09-12 11:48:07,882 [pool-610-thread-1] INFO  server.RaftServerConfigKeys (ConfUtils.java:logGet(43)) - raft.server.log.segment.size.max = 1048576 (custom)
2019-09-12 11:48:07,882 [pool-610-thread-1] INFO  server.RaftServerConfigKeys (ConfUtils.java:logGet(43)) - raft.server.log.segment.cache.num.max = 2 (custom)
2019-09-12 11:48:07,882 [pool-610-thread-1] INFO  segmented.SegmentedRaftLogWorker (SegmentedRaftLogWorker.java:<init>(172)) - new 3abb8d00-2c14-4b15-8f89-7a1fa57706fc-SegmentedRaftLogWorker:Storage Directory /workdir/hadoop-ozone/ozonefs/target/test-dir/MiniOzoneClusterImpl-fc9dd688-9bec-4f1c-ac5e-6dbbab7389e4/datanode-0/data/ratis/99e85d33-1e5c-4f7f-81e9-f5b12dbc0862 for RaftStorage:Storage Directory /workdir/hadoop-ozone/ozonefs/target/test-dir/MiniOzoneClusterImpl-fc9dd688-9bec-4f1c-ac5e-6dbbab7389e4/datanode-0/data/ratis/99e85d33-1e5c-4f7f-81e9-f5b12dbc0862
2019-09-12 11:48:07,883 [pool-610-thread-1] INFO  server.RaftServerConfigKeys (ConfUtils.java:logGet(43)) - raft.server.log.queue.byte-limit = 2147483647 (custom)
2019-09-12 11:48:07,883 [pool-610-thread-1] INFO  server.RaftServerConfigKeys (ConfUtils.java:logGet(43)) - raft.server.log.queue.element-limit = 1024 (custom)
2019-09-12 11:48:07,883 [pool-610-thread-1] INFO  server.RaftServerConfigKeys (ConfUtils.java:logGet(43)) - raft.server.log.segment.size.max = 1048576 (custom)
2019-09-12 11:48:07,883 [pool-610-thread-1] INFO  server.RaftServerConfigKeys (ConfUtils.java:logGet(43)) - raft.server.log.preallocated.size = 16384 (custom)
2019-09-12 11:48:07,883 [pool-610-thread-1] INFO  server.RaftServerConfigKeys (ConfUtils.java:logGet(43)) - raft.server.log.write.buffer.size = 33554432 (custom)
2019-09-12 11:48:07,883 [pool-610-thread-1] INFO  server.RaftServerConfigKeys (ConfUtils.java:logGet(43)) - raft.server.log.force.sync.num = 128 (default)
2019-09-12 11:48:07,883 [pool-610-thread-1] INFO  server.RaftServerConfigKeys (ConfUtils.java:logGet(43)) - raft.server.log.statemachine.data.sync = true (default)
2019-09-12 11:48:07,884 [pool-610-thread-1] INFO  server.RaftServerConfigKeys (ConfUtils.java:logGet(43)) - raft.server.log.statemachine.data.sync.timeout = 10s (default)
2019-09-12 11:48:07,884 [pool-610-thread-1] INFO  server.RaftServerConfigKeys (ConfUtils.java:logGet(43)) - raft.server.log.statemachine.data.sync.timeout.retry = -1 (default)
2019-09-12 11:48:07,884 [pool-610-thread-1] INFO  server.RaftServerConfigKeys (ConfUtils.java:logGet(43)) - raft.server.log.statemachine.data.caching.enabled = true (custom)
2019-09-12 11:48:07,884 [pool-610-thread-1] INFO  segmented.SegmentedRaftLogWorker (SegmentedRaftLogWorker.java:lambda$new$0(132)) - 3abb8d00-2c14-4b15-8f89-7a1fa57706fc-SegmentedRaftLogWorker:Storage Directory /workdir/hadoop-ozone/ozonefs/target/test-dir/MiniOzoneClusterImpl-fc9dd688-9bec-4f1c-ac5e-6dbbab7389e4/datanode-0/data/ratis/99e85d33-1e5c-4f7f-81e9-f5b12dbc0862: flushIndex: setUnconditionally 0 -> -1
2019-09-12 11:48:07,885 [pool-610-thread-1] INFO  server.RaftServerConfigKeys (ConfUtils.java:logGet(43)) - raft.server.snapshot.auto.trigger.enabled = true (custom)
2019-09-12 11:48:07,885 [pool-610-thread-1] INFO  server.RaftServerConfigKeys (ConfUtils.java:logGet(43)) - raft.server.snapshot.auto.trigger.threshold = 10000 (custom)
2019-09-12 11:48:07,885 [pool-610-thread-1] INFO  server.RaftServerConfigKeys (ConfUtils.java:logGet(43)) - raft.server.retrycache.expirytime = 600000ms (custom)
2019-09-12 11:48:07,885 [pool-610-thread-1] INFO  impl.RaftServerImpl (RaftServerImpl.java:start(180)) - 3abb8d00-2c14-4b15-8f89-7a1fa57706fc: start group-F5B12DBC0862
2019-09-12 11:48:07,885 [pool-610-thread-1] INFO  impl.RaftServerImpl (RaftServerImpl.java:setRole(171)) - 3abb8d00-2c14-4b15-8f89-7a1fa57706fc:group-F5B12DBC0862 changes role from null to FOLLOWER at term 0 for startAsFollower
2019-09-12 11:48:07,885 [pool-610-thread-1] INFO  impl.RoleInfo (RoleInfo.java:updateAndGet(143)) - 3abb8d00-2c14-4b15-8f89-7a1fa57706fc: start FollowerState
2019-09-12 11:48:07,886 [pool-610-thread-1] INFO  util.JmxRegister (JmxRegister.java:tryRegister(44)) - Successfully registered JMX Bean with object name Ratis:service=RaftServer,group=group-F5B12DBC0862,id=3abb8d00-2c14-4b15-8f89-7a1fa57706fc
2019-09-12 11:48:07,888 [RatisPipelineUtilsThread] INFO  pipeline.PipelineStateManager (PipelineStateManager.java:addPipeline(56)) - Created pipeline Pipeline[ Id: 99e85d33-1e5c-4f7f-81e9-f5b12dbc0862, Nodes: 3abb8d00-2c14-4b15-8f89-7a1fa57706fc{ip: 192.168.36.114, host: pr-hdds-1569-58hkm-1881083799, networkLocation: /default-rack, certSerialId: null}, Type:RATIS, Factor:ONE, State:OPEN]
2019-09-12 11:48:07,893 [grpc-default-executor-0] INFO  impl.RaftServerProxy (RaftServerProxy.java:addNew(89)) - 3abb8d00-2c14-4b15-8f89-7a1fa57706fc: addNew group-CFEEF3716971:[3abb8d00-2c14-4b15-8f89-7a1fa57706fc:192.168.36.114:43637] returns group-CFEEF3716971:java.util.concurrent.CompletableFuture@7995c2b[Not completed]
2019-09-12 11:48:07,894 [pool-610-thread-1] INFO  impl.RaftServerImpl (RaftServerImpl.java:<init>(93)) - 3abb8d00-2c14-4b15-8f89-7a1fa57706fc: new RaftServerImpl for group-CFEEF3716971:[3abb8d00-2c14-4b15-8f89-7a1fa57706fc:192.168.36.114:43637] with ContainerStateMachine:uninitialized
2019-09-12 11:48:07,894 [pool-610-thread-1] INFO  server.RaftServerConfigKeys (ConfUtils.java:logGet(43)) - raft.server.rpc.timeout.min = 5s (custom)
2019-09-12 11:48:07,894 [pool-610-thread-1] INFO  server.RaftServerConfigKeys (ConfUtils.java:logGet(43)) - raft.server.rpc.timeout.max = 5200ms (custom)
2019-09-12 11:48:07,894 [pool-610-thread-1] INFO  server.RaftServerConfigKeys (ConfUtils.java:logGet(43)) - raft.server.rpcslowness.timeout = 120s (custom)
2019-09-12 11:48:07,894 [pool-610-thread-1] INFO  server.RaftServerConfigKeys (ConfUtils.java:logGet(43)) - raft.server.sleep.deviation.threshold = 300 (default)
2019-09-12 11:48:07,894 [pool-610-thread-1] INFO  server.RaftServerConfigKeys (ConfUtils.java:logGet(43)) - raft.server.log.appender.install.snapshot.enabled = false (custom)
2019-09-12 11:48:07,894 [pool-610-thread-1] INFO  impl.RaftServerImpl (ServerState.java:<init>(105)) - 3abb8d00-2c14-4b15-8f89-7a1fa57706fc:group-CFEEF3716971 ConfigurationManager, init=-1: [3abb8d00-2c14-4b15-8f89-7a1fa57706fc:192.168.36.114:43637], old=null, confs=<EMPTY_MAP>
2019-09-12 11:48:07,895 [pool-610-thread-1] INFO  server.RaftServerConfigKeys (ConfUtils.java:logGet(43)) - raft.server.storage.dir = [/workdir/hadoop-ozone/ozonefs/target/test-dir/MiniOzoneClusterImpl-fc9dd688-9bec-4f1c-ac5e-6dbbab7389e4/datanode-0/data/ratis] (custom)
2019-09-12 11:48:07,895 [pool-610-thread-1] INFO  storage.RaftStorageDirectory (RaftStorageDirectory.java:analyzeStorage(246)) - The storage directory /workdir/hadoop-ozone/ozonefs/target/test-dir/MiniOzoneClusterImpl-fc9dd688-9bec-4f1c-ac5e-6dbbab7389e4/datanode-0/data/ratis/67996a9b-a1ca-496d-ac7a-cfeef3716971 does not exist. Creating ...
2019-09-12 11:48:07,907 [pool-610-thread-1] INFO  storage.RaftStorageDirectory (RaftStorageDirectory.java:tryLock(328)) - Lock on /workdir/hadoop-ozone/ozonefs/target/test-dir/MiniOzoneClusterImpl-fc9dd688-9bec-4f1c-ac5e-6dbbab7389e4/datanode-0/data/ratis/67996a9b-a1ca-496d-ac7a-cfeef3716971/in_use.lock acquired by nodename 10706@pr-hdds-1569-58hkm-1881083799
2019-09-12 11:48:07,920 [pool-610-thread-1] INFO  storage.RaftStorage (RaftStorage.java:format(72)) - Storage directory /workdir/hadoop-ozone/ozonefs/target/test-dir/MiniOzoneClusterImpl-fc9dd688-9bec-4f1c-ac5e-6dbbab7389e4/datanode-0/data/ratis/67996a9b-a1ca-496d-ac7a-cfeef3716971 has been successfully formatted.
2019-09-12 11:48:07,920 [pool-610-thread-1] INFO  ratis.ContainerStateMachine (ContainerStateMachine.java:loadSnapshot(226)) - group-CFEEF3716971: The snapshot info is null. Setting the last applied indexto:(t:0, i:~)
2019-09-12 11:48:07,920 [pool-610-thread-1] INFO  server.RaftServerConfigKeys (ConfUtils.java:logGet(43)) - raft.server.leader.election.timeout = 120s (custom)
2019-09-12 11:48:07,920 [pool-610-thread-1] INFO  server.RaftServerConfigKeys (ConfUtils.java:logGet(43)) - raft.server.log.use.memory = false (default)
2019-09-12 11:48:07,921 [pool-610-thread-1] INFO  server.RaftServerConfigKeys (ConfUtils.java:logGet(43)) - raft.server.log.purge.gap = 1000000 (custom)
2019-09-12 11:48:07,921 [pool-610-thread-1] INFO  server.RaftServerConfigKeys (ConfUtils.java:logGet(43)) - raft.server.log.appender.buffer.byte-limit = 33554432 (custom)
2019-09-12 11:48:07,921 [pool-610-thread-1] INFO  server.RaftServerConfigKeys (ConfUtils.java:logGet(43)) - raft.server.log.segment.size.max = 1048576 (custom)
2019-09-12 11:48:07,921 [pool-610-thread-1] INFO  server.RaftServerConfigKeys (ConfUtils.java:logGet(43)) - raft.server.log.segment.cache.num.max = 2 (custom)
2019-09-12 11:48:07,921 [pool-610-thread-1] INFO  segmented.SegmentedRaftLogWorker (SegmentedRaftLogWorker.java:<init>(172)) - new 3abb8d00-2c14-4b15-8f89-7a1fa57706fc-SegmentedRaftLogWorker:Storage Directory /workdir/hadoop-ozone/ozonefs/target/test-dir/MiniOzoneClusterImpl-fc9dd688-9bec-4f1c-ac5e-6dbbab7389e4/datanode-0/data/ratis/67996a9b-a1ca-496d-ac7a-cfeef3716971 for RaftStorage:Storage Directory /workdir/hadoop-ozone/ozonefs/target/test-dir/MiniOzoneClusterImpl-fc9dd688-9bec-4f1c-ac5e-6dbbab7389e4/datanode-0/data/ratis/67996a9b-a1ca-496d-ac7a-cfeef3716971
2019-09-12 11:48:07,921 [pool-610-thread-1] INFO  server.RaftServerConfigKeys (ConfUtils.java:logGet(43)) - raft.server.log.queue.byte-limit = 2147483647 (custom)
2019-09-12 11:48:07,921 [pool-610-thread-1] INFO  server.RaftServerConfigKeys (ConfUtils.java:logGet(43)) - raft.server.log.queue.element-limit = 1024 (custom)
2019-09-12 11:48:07,922 [pool-610-thread-1] INFO  server.RaftServerConfigKeys (ConfUtils.java:logGet(43)) - raft.server.log.segment.size.max = 1048576 (custom)
2019-09-12 11:48:07,922 [pool-610-thread-1] INFO  server.RaftServerConfigKeys (ConfUtils.java:logGet(43)) - raft.server.log.preallocated.size = 16384 (custom)
2019-09-12 11:48:07,922 [pool-610-thread-1] INFO  server.RaftServerConfigKeys (ConfUtils.java:logGet(43)) - raft.server.log.write.buffer.size = 33554432 (custom)
2019-09-12 11:48:07,922 [pool-610-thread-1] INFO  server.RaftServerConfigKeys (ConfUtils.java:logGet(43)) - raft.server.log.force.sync.num = 128 (default)
2019-09-12 11:48:07,922 [pool-610-thread-1] INFO  server.RaftServerConfigKeys (ConfUtils.java:logGet(43)) - raft.server.log.statemachine.data.sync = true (default)
2019-09-12 11:48:07,922 [pool-610-thread-1] INFO  server.RaftServerConfigKeys (ConfUtils.java:logGet(43)) - raft.server.log.statemachine.data.sync.timeout = 10s (default)
2019-09-12 11:48:07,922 [pool-610-thread-1] INFO  server.RaftServerConfigKeys (ConfUtils.java:logGet(43)) - raft.server.log.statemachine.data.sync.timeout.retry = -1 (default)
2019-09-12 11:48:07,923 [pool-610-thread-1] INFO  server.RaftServerConfigKeys (ConfUtils.java:logGet(43)) - raft.server.log.statemachine.data.caching.enabled = true (custom)
2019-09-12 11:48:07,923 [pool-610-thread-1] INFO  segmented.SegmentedRaftLogWorker (SegmentedRaftLogWorker.java:lambda$new$0(132)) - 3abb8d00-2c14-4b15-8f89-7a1fa57706fc-SegmentedRaftLogWorker:Storage Directory /workdir/hadoop-ozone/ozonefs/target/test-dir/MiniOzoneClusterImpl-fc9dd688-9bec-4f1c-ac5e-6dbbab7389e4/datanode-0/data/ratis/67996a9b-a1ca-496d-ac7a-cfeef3716971: flushIndex: setUnconditionally 0 -> -1
2019-09-12 11:48:07,923 [pool-610-thread-1] INFO  server.RaftServerConfigKeys (ConfUtils.java:logGet(43)) - raft.server.snapshot.auto.trigger.enabled = true (custom)
2019-09-12 11:48:07,923 [pool-610-thread-1] INFO  server.RaftServerConfigKeys (ConfUtils.java:logGet(43)) - raft.server.snapshot.auto.trigger.threshold = 10000 (custom)
2019-09-12 11:48:07,924 [pool-610-thread-1] INFO  server.RaftServerConfigKeys (ConfUtils.java:logGet(43)) - raft.server.retrycache.expirytime = 600000ms (custom)
2019-09-12 11:48:07,924 [pool-610-thread-1] INFO  impl.RaftServerImpl (RaftServerImpl.java:start(180)) - 3abb8d00-2c14-4b15-8f89-7a1fa57706fc: start group-CFEEF3716971
2019-09-12 11:48:07,924 [pool-610-thread-1] INFO  impl.RaftServerImpl (RaftServerImpl.java:setRole(171)) - 3abb8d00-2c14-4b15-8f89-7a1fa57706fc:group-CFEEF3716971 changes role from null to FOLLOWER at term 0 for startAsFollower
2019-09-12 11:48:07,924 [pool-610-thread-1] INFO  impl.RoleInfo (RoleInfo.java:updateAndGet(143)) - 3abb8d00-2c14-4b15-8f89-7a1fa57706fc: start FollowerState
2019-09-12 11:48:07,924 [pool-610-thread-1] INFO  util.JmxRegister (JmxRegister.java:tryRegister(44)) - Successfully registered JMX Bean with object name Ratis:service=RaftServer,group=group-CFEEF3716971,id=3abb8d00-2c14-4b15-8f89-7a1fa57706fc
2019-09-12 11:48:07,927 [RatisPipelineUtilsThread] INFO  pipeline.PipelineStateManager (PipelineStateManager.java:addPipeline(56)) - Created pipeline Pipeline[ Id: 67996a9b-a1ca-496d-ac7a-cfeef3716971, Nodes: 3abb8d00-2c14-4b15-8f89-7a1fa57706fc{ip: 192.168.36.114, host: pr-hdds-1569-58hkm-1881083799, networkLocation: /default-rack, certSerialId: null}, Type:RATIS, Factor:ONE, State:OPEN]
2019-09-12 11:48:07,933 [grpc-default-executor-0] INFO  impl.RaftServerProxy (RaftServerProxy.java:addNew(89)) - 3abb8d00-2c14-4b15-8f89-7a1fa57706fc: addNew group-F29292E2CF64:[3abb8d00-2c14-4b15-8f89-7a1fa57706fc:192.168.36.114:43637] returns group-F29292E2CF64:java.util.concurrent.CompletableFuture@21678ca5[Not completed]
2019-09-12 11:48:07,934 [pool-610-thread-1] INFO  impl.RaftServerImpl (RaftServerImpl.java:<init>(93)) - 3abb8d00-2c14-4b15-8f89-7a1fa57706fc: new RaftServerImpl for group-F29292E2CF64:[3abb8d00-2c14-4b15-8f89-7a1fa57706fc:192.168.36.114:43637] with ContainerStateMachine:uninitialized
2019-09-12 11:48:07,934 [pool-610-thread-1] INFO  server.RaftServerConfigKeys (ConfUtils.java:logGet(43)) - raft.server.rpc.timeout.min = 5s (custom)
2019-09-12 11:48:07,934 [pool-610-thread-1] INFO  server.RaftServerConfigKeys (ConfUtils.java:logGet(43)) - raft.server.rpc.timeout.max = 5200ms (custom)
2019-09-12 11:48:07,934 [pool-610-thread-1] INFO  server.RaftServerConfigKeys (ConfUtils.java:logGet(43)) - raft.server.rpcslowness.timeout = 120s (custom)
2019-09-12 11:48:07,934 [pool-610-thread-1] INFO  server.RaftServerConfigKeys (ConfUtils.java:logGet(43)) - raft.server.sleep.deviation.threshold = 300 (default)
2019-09-12 11:48:07,934 [pool-610-thread-1] INFO  server.RaftServerConfigKeys (ConfUtils.java:logGet(43)) - raft.server.log.appender.install.snapshot.enabled = false (custom)
2019-09-12 11:48:07,934 [pool-610-thread-1] INFO  impl.RaftServerImpl (ServerState.java:<init>(105)) - 3abb8d00-2c14-4b15-8f89-7a1fa57706fc:group-F29292E2CF64 ConfigurationManager, init=-1: [3abb8d00-2c14-4b15-8f89-7a1fa57706fc:192.168.36.114:43637], old=null, confs=<EMPTY_MAP>
2019-09-12 11:48:07,934 [pool-610-thread-1] INFO  server.RaftServerConfigKeys (ConfUtils.java:logGet(43)) - raft.server.storage.dir = [/workdir/hadoop-ozone/ozonefs/target/test-dir/MiniOzoneClusterImpl-fc9dd688-9bec-4f1c-ac5e-6dbbab7389e4/datanode-0/data/ratis] (custom)
2019-09-12 11:48:07,935 [pool-610-thread-1] INFO  storage.RaftStorageDirectory (RaftStorageDirectory.java:analyzeStorage(246)) - The storage directory /workdir/hadoop-ozone/ozonefs/target/test-dir/MiniOzoneClusterImpl-fc9dd688-9bec-4f1c-ac5e-6dbbab7389e4/datanode-0/data/ratis/ab4dff3e-6753-48e6-b04b-f29292e2cf64 does not exist. Creating ...
2019-09-12 11:48:07,946 [pool-610-thread-1] INFO  storage.RaftStorageDirectory (RaftStorageDirectory.java:tryLock(328)) - Lock on /workdir/hadoop-ozone/ozonefs/target/test-dir/MiniOzoneClusterImpl-fc9dd688-9bec-4f1c-ac5e-6dbbab7389e4/datanode-0/data/ratis/ab4dff3e-6753-48e6-b04b-f29292e2cf64/in_use.lock acquired by nodename 10706@pr-hdds-1569-58hkm-1881083799
2019-09-12 11:48:07,956 [IPC Server handler 0 on 45631] INFO  net.NetworkTopology (NetworkTopologyImpl.java:add(110)) - Added a new node: /default-rack/ca72735a-502b-4542-8f03-a6a1dea70d9f
2019-09-12 11:48:07,957 [IPC Server handler 0 on 45631] INFO  node.SCMNodeManager (SCMNodeManager.java:register(273)) - Registered Data node : ca72735a-502b-4542-8f03-a6a1dea70d9f{ip: 192.168.36.114, host: pr-hdds-1569-58hkm-1881083799, networkLocation: /default-rack, certSerialId: null}
2019-09-12 11:48:07,957 | INFO  | SCMAudit | user=jenkins1000 | ip=192.168.36.114 | op=REGISTER {datanodeDetails=ca72735a-502b-4542-8f03-a6a1dea70d9f{ip: 192.168.36.114, host: pr-hdds-1569-58hkm-1881083799, networkLocation: /default-rack, certSerialId: null}} | ret=SUCCESS |  
2019-09-12 11:48:07,957 [pool-610-thread-1] INFO  storage.RaftStorage (RaftStorage.java:format(72)) - Storage directory /workdir/hadoop-ozone/ozonefs/target/test-dir/MiniOzoneClusterImpl-fc9dd688-9bec-4f1c-ac5e-6dbbab7389e4/datanode-0/data/ratis/ab4dff3e-6753-48e6-b04b-f29292e2cf64 has been successfully formatted.
2019-09-12 11:48:07,957 [pool-610-thread-1] INFO  ratis.ContainerStateMachine (ContainerStateMachine.java:loadSnapshot(226)) - group-F29292E2CF64: The snapshot info is null. Setting the last applied indexto:(t:0, i:~)
2019-09-12 11:48:07,958 [pool-610-thread-1] INFO  server.RaftServerConfigKeys (ConfUtils.java:logGet(43)) - raft.server.leader.election.timeout = 120s (custom)
2019-09-12 11:48:07,958 [pool-610-thread-1] INFO  server.RaftServerConfigKeys (ConfUtils.java:logGet(43)) - raft.server.log.use.memory = false (default)
2019-09-12 11:48:07,958 [pool-610-thread-1] INFO  server.RaftServerConfigKeys (ConfUtils.java:logGet(43)) - raft.server.log.purge.gap = 1000000 (custom)
2019-09-12 11:48:07,958 [pool-610-thread-1] INFO  server.RaftServerConfigKeys (ConfUtils.java:logGet(43)) - raft.server.log.appender.buffer.byte-limit = 33554432 (custom)
2019-09-12 11:48:07,958 [pool-610-thread-1] INFO  server.RaftServerConfigKeys (ConfUtils.java:logGet(43)) - raft.server.log.segment.size.max = 1048576 (custom)
2019-09-12 11:48:07,958 [pool-610-thread-1] INFO  server.RaftServerConfigKeys (ConfUtils.java:logGet(43)) - raft.server.log.segment.cache.num.max = 2 (custom)
2019-09-12 11:48:07,959 [pool-610-thread-1] INFO  segmented.SegmentedRaftLogWorker (SegmentedRaftLogWorker.java:<init>(172)) - new 3abb8d00-2c14-4b15-8f89-7a1fa57706fc-SegmentedRaftLogWorker:Storage Directory /workdir/hadoop-ozone/ozonefs/target/test-dir/MiniOzoneClusterImpl-fc9dd688-9bec-4f1c-ac5e-6dbbab7389e4/datanode-0/data/ratis/ab4dff3e-6753-48e6-b04b-f29292e2cf64 for RaftStorage:Storage Directory /workdir/hadoop-ozone/ozonefs/target/test-dir/MiniOzoneClusterImpl-fc9dd688-9bec-4f1c-ac5e-6dbbab7389e4/datanode-0/data/ratis/ab4dff3e-6753-48e6-b04b-f29292e2cf64
2019-09-12 11:48:07,959 [pool-610-thread-1] INFO  server.RaftServerConfigKeys (ConfUtils.java:logGet(43)) - raft.server.log.queue.byte-limit = 2147483647 (custom)
2019-09-12 11:48:07,959 [pool-610-thread-1] INFO  server.RaftServerConfigKeys (ConfUtils.java:logGet(43)) - raft.server.log.queue.element-limit = 1024 (custom)
2019-09-12 11:48:07,959 [pool-610-thread-1] INFO  server.RaftServerConfigKeys (ConfUtils.java:logGet(43)) - raft.server.log.segment.size.max = 1048576 (custom)
2019-09-12 11:48:07,959 [pool-610-thread-1] INFO  server.RaftServerConfigKeys (ConfUtils.java:logGet(43)) - raft.server.log.preallocated.size = 16384 (custom)
2019-09-12 11:48:07,959 [pool-610-thread-1] INFO  server.RaftServerConfigKeys (ConfUtils.java:logGet(43)) - raft.server.log.write.buffer.size = 33554432 (custom)
2019-09-12 11:48:07,959 [pool-610-thread-1] INFO  server.RaftServerConfigKeys (ConfUtils.java:logGet(43)) - raft.server.log.force.sync.num = 128 (default)
2019-09-12 11:48:07,960 [pool-610-thread-1] INFO  server.RaftServerConfigKeys (ConfUtils.java:logGet(43)) - raft.server.log.statemachine.data.sync = true (default)
2019-09-12 11:48:07,960 [pool-610-thread-1] INFO  server.RaftServerConfigKeys (ConfUtils.java:logGet(43)) - raft.server.log.statemachine.data.sync.timeout = 10s (default)
2019-09-12 11:48:07,960 [pool-610-thread-1] INFO  server.RaftServerConfigKeys (ConfUtils.java:logGet(43)) - raft.server.log.statemachine.data.sync.timeout.retry = -1 (default)
2019-09-12 11:48:07,960 [pool-610-thread-1] INFO  server.RaftServerConfigKeys (ConfUtils.java:logGet(43)) - raft.server.log.statemachine.data.caching.enabled = true (custom)
2019-09-12 11:48:07,960 [pool-610-thread-1] INFO  segmented.SegmentedRaftLogWorker (SegmentedRaftLogWorker.java:lambda$new$0(132)) - 3abb8d00-2c14-4b15-8f89-7a1fa57706fc-SegmentedRaftLogWorker:Storage Directory /workdir/hadoop-ozone/ozonefs/target/test-dir/MiniOzoneClusterImpl-fc9dd688-9bec-4f1c-ac5e-6dbbab7389e4/datanode-0/data/ratis/ab4dff3e-6753-48e6-b04b-f29292e2cf64: flushIndex: setUnconditionally 0 -> -1
2019-09-12 11:48:07,961 [pool-610-thread-1] INFO  server.RaftServerConfigKeys (ConfUtils.java:logGet(43)) - raft.server.snapshot.auto.trigger.enabled = true (custom)
2019-09-12 11:48:07,961 [pool-610-thread-1] INFO  server.RaftServerConfigKeys (ConfUtils.java:logGet(43)) - raft.server.snapshot.auto.trigger.threshold = 10000 (custom)
2019-09-12 11:48:07,961 [pool-610-thread-1] INFO  server.RaftServerConfigKeys (ConfUtils.java:logGet(43)) - raft.server.retrycache.expirytime = 600000ms (custom)
2019-09-12 11:48:07,961 [pool-610-thread-1] INFO  impl.RaftServerImpl (RaftServerImpl.java:start(180)) - 3abb8d00-2c14-4b15-8f89-7a1fa57706fc: start group-F29292E2CF64
2019-09-12 11:48:07,961 [pool-610-thread-1] INFO  impl.RaftServerImpl (RaftServerImpl.java:setRole(171)) - 3abb8d00-2c14-4b15-8f89-7a1fa57706fc:group-F29292E2CF64 changes role from null to FOLLOWER at term 0 for startAsFollower
2019-09-12 11:48:07,962 [pool-610-thread-1] INFO  impl.RoleInfo (RoleInfo.java:updateAndGet(143)) - 3abb8d00-2c14-4b15-8f89-7a1fa57706fc: start FollowerState
2019-09-12 11:48:07,962 [pool-610-thread-1] INFO  util.JmxRegister (JmxRegister.java:tryRegister(44)) - Successfully registered JMX Bean with object name Ratis:service=RaftServer,group=group-F29292E2CF64,id=3abb8d00-2c14-4b15-8f89-7a1fa57706fc
2019-09-12 11:48:07,964 [RatisPipelineUtilsThread] INFO  pipeline.PipelineStateManager (PipelineStateManager.java:addPipeline(56)) - Created pipeline Pipeline[ Id: ab4dff3e-6753-48e6-b04b-f29292e2cf64, Nodes: 3abb8d00-2c14-4b15-8f89-7a1fa57706fc{ip: 192.168.36.114, host: pr-hdds-1569-58hkm-1881083799, networkLocation: /default-rack, certSerialId: null}, Type:RATIS, Factor:ONE, State:OPEN]
2019-09-12 11:48:07,965 [RatisPipelineUtilsThread] ERROR pipeline.PipelinePlacementPolicy (PipelinePlacementPolicy.java:meetCriteria(92)) - Pipeline Placement: Doesn't meet the criteria to be viable node. Heaviness: 6
2019-09-12 11:48:07,972 [grpc-default-executor-0] INFO  impl.RaftServerProxy (RaftServerProxy.java:addNew(89)) - ca72735a-502b-4542-8f03-a6a1dea70d9f: addNew group-484671122F7B:[ca72735a-502b-4542-8f03-a6a1dea70d9f:192.168.36.114:33386] returns group-484671122F7B:java.util.concurrent.CompletableFuture@2c75ab63[Not completed]
2019-09-12 11:48:07,973 [pool-621-thread-1] INFO  impl.RaftServerImpl (RaftServerImpl.java:<init>(93)) - ca72735a-502b-4542-8f03-a6a1dea70d9f: new RaftServerImpl for group-484671122F7B:[ca72735a-502b-4542-8f03-a6a1dea70d9f:192.168.36.114:33386] with ContainerStateMachine:uninitialized
2019-09-12 11:48:07,973 [pool-621-thread-1] INFO  server.RaftServerConfigKeys (ConfUtils.java:logGet(43)) - raft.server.rpc.timeout.min = 5s (custom)
2019-09-12 11:48:07,974 [pool-621-thread-1] INFO  server.RaftServerConfigKeys (ConfUtils.java:logGet(43)) - raft.server.rpc.timeout.max = 5200ms (custom)
2019-09-12 11:48:07,974 [pool-621-thread-1] INFO  server.RaftServerConfigKeys (ConfUtils.java:logGet(43)) - raft.server.rpcslowness.timeout = 120s (custom)
2019-09-12 11:48:07,974 [pool-621-thread-1] INFO  server.RaftServerConfigKeys (ConfUtils.java:logGet(43)) - raft.server.sleep.deviation.threshold = 300 (default)
2019-09-12 11:48:07,974 [pool-621-thread-1] INFO  server.RaftServerConfigKeys (ConfUtils.java:logGet(43)) - raft.server.log.appender.install.snapshot.enabled = false (custom)
2019-09-12 11:48:07,974 [pool-621-thread-1] INFO  impl.RaftServerImpl (ServerState.java:<init>(105)) - ca72735a-502b-4542-8f03-a6a1dea70d9f:group-484671122F7B ConfigurationManager, init=-1: [ca72735a-502b-4542-8f03-a6a1dea70d9f:192.168.36.114:33386], old=null, confs=<EMPTY_MAP>
2019-09-12 11:48:07,975 [pool-621-thread-1] INFO  server.RaftServerConfigKeys (ConfUtils.java:logGet(43)) - raft.server.storage.dir = [/workdir/hadoop-ozone/ozonefs/target/test-dir/MiniOzoneClusterImpl-fc9dd688-9bec-4f1c-ac5e-6dbbab7389e4/datanode-1/data/ratis] (custom)
2019-09-12 11:48:07,975 [pool-621-thread-1] INFO  storage.RaftStorageDirectory (RaftStorageDirectory.java:analyzeStorage(246)) - The storage directory /workdir/hadoop-ozone/ozonefs/target/test-dir/MiniOzoneClusterImpl-fc9dd688-9bec-4f1c-ac5e-6dbbab7389e4/datanode-1/data/ratis/a18dd7d6-6c7b-42d9-87eb-484671122f7b does not exist. Creating ...
2019-09-12 11:48:07,987 [pool-621-thread-1] INFO  storage.RaftStorageDirectory (RaftStorageDirectory.java:tryLock(328)) - Lock on /workdir/hadoop-ozone/ozonefs/target/test-dir/MiniOzoneClusterImpl-fc9dd688-9bec-4f1c-ac5e-6dbbab7389e4/datanode-1/data/ratis/a18dd7d6-6c7b-42d9-87eb-484671122f7b/in_use.lock acquired by nodename 10706@pr-hdds-1569-58hkm-1881083799
2019-09-12 11:48:07,999 [pool-621-thread-1] INFO  storage.RaftStorage (RaftStorage.java:format(72)) - Storage directory /workdir/hadoop-ozone/ozonefs/target/test-dir/MiniOzoneClusterImpl-fc9dd688-9bec-4f1c-ac5e-6dbbab7389e4/datanode-1/data/ratis/a18dd7d6-6c7b-42d9-87eb-484671122f7b has been successfully formatted.
2019-09-12 11:48:07,999 [pool-621-thread-1] INFO  ratis.ContainerStateMachine (ContainerStateMachine.java:loadSnapshot(226)) - group-484671122F7B: The snapshot info is null. Setting the last applied indexto:(t:0, i:~)
2019-09-12 11:48:07,999 [pool-621-thread-1] INFO  server.RaftServerConfigKeys (ConfUtils.java:logGet(43)) - raft.server.leader.election.timeout = 120s (custom)
2019-09-12 11:48:07,999 [pool-621-thread-1] INFO  server.RaftServerConfigKeys (ConfUtils.java:logGet(43)) - raft.server.log.use.memory = false (default)
2019-09-12 11:48:07,999 [pool-621-thread-1] INFO  server.RaftServerConfigKeys (ConfUtils.java:logGet(43)) - raft.server.log.purge.gap = 1000000 (custom)
2019-09-12 11:48:07,999 [pool-621-thread-1] INFO  server.RaftServerConfigKeys (ConfUtils.java:logGet(43)) - raft.server.log.appender.buffer.byte-limit = 33554432 (custom)
2019-09-12 11:48:08,000 [pool-621-thread-1] INFO  server.RaftServerConfigKeys (ConfUtils.java:logGet(43)) - raft.server.log.segment.size.max = 1048576 (custom)
2019-09-12 11:48:08,000 [pool-621-thread-1] INFO  server.RaftServerConfigKeys (ConfUtils.java:logGet(43)) - raft.server.log.segment.cache.num.max = 2 (custom)
2019-09-12 11:48:08,000 [pool-621-thread-1] INFO  segmented.SegmentedRaftLogWorker (SegmentedRaftLogWorker.java:<init>(172)) - new ca72735a-502b-4542-8f03-a6a1dea70d9f-SegmentedRaftLogWorker:Storage Directory /workdir/hadoop-ozone/ozonefs/target/test-dir/MiniOzoneClusterImpl-fc9dd688-9bec-4f1c-ac5e-6dbbab7389e4/datanode-1/data/ratis/a18dd7d6-6c7b-42d9-87eb-484671122f7b for RaftStorage:Storage Directory /workdir/hadoop-ozone/ozonefs/target/test-dir/MiniOzoneClusterImpl-fc9dd688-9bec-4f1c-ac5e-6dbbab7389e4/datanode-1/data/ratis/a18dd7d6-6c7b-42d9-87eb-484671122f7b
2019-09-12 11:48:08,000 [pool-621-thread-1] INFO  server.RaftServerConfigKeys (ConfUtils.java:logGet(43)) - raft.server.log.queue.byte-limit = 2147483647 (custom)
2019-09-12 11:48:08,000 [pool-621-thread-1] INFO  server.RaftServerConfigKeys (ConfUtils.java:logGet(43)) - raft.server.log.queue.element-limit = 1024 (custom)
2019-09-12 11:48:08,000 [pool-621-thread-1] INFO  server.RaftServerConfigKeys (ConfUtils.java:logGet(43)) - raft.server.log.segment.size.max = 1048576 (custom)
2019-09-12 11:48:08,000 [pool-621-thread-1] INFO  server.RaftServerConfigKeys (ConfUtils.java:logGet(43)) - raft.server.log.preallocated.size = 16384 (custom)
2019-09-12 11:48:08,000 [pool-621-thread-1] INFO  server.RaftServerConfigKeys (ConfUtils.java:logGet(43)) - raft.server.log.write.buffer.size = 33554432 (custom)
2019-09-12 11:48:08,001 [pool-621-thread-1] INFO  server.RaftServerConfigKeys (ConfUtils.java:logGet(43)) - raft.server.log.force.sync.num = 128 (default)
2019-09-12 11:48:08,001 [pool-621-thread-1] INFO  server.RaftServerConfigKeys (ConfUtils.java:logGet(43)) - raft.server.log.statemachine.data.sync = true (default)
2019-09-12 11:48:08,001 [pool-621-thread-1] INFO  server.RaftServerConfigKeys (ConfUtils.java:logGet(43)) - raft.server.log.statemachine.data.sync.timeout = 10s (default)
2019-09-12 11:48:08,001 [pool-621-thread-1] INFO  server.RaftServerConfigKeys (ConfUtils.java:logGet(43)) - raft.server.log.statemachine.data.sync.timeout.retry = -1 (default)
2019-09-12 11:48:08,001 [pool-621-thread-1] INFO  server.RaftServerConfigKeys (ConfUtils.java:logGet(43)) - raft.server.log.statemachine.data.caching.enabled = true (custom)
2019-09-12 11:48:08,001 [pool-621-thread-1] INFO  segmented.SegmentedRaftLogWorker (SegmentedRaftLogWorker.java:lambda$new$0(132)) - ca72735a-502b-4542-8f03-a6a1dea70d9f-SegmentedRaftLogWorker:Storage Directory /workdir/hadoop-ozone/ozonefs/target/test-dir/MiniOzoneClusterImpl-fc9dd688-9bec-4f1c-ac5e-6dbbab7389e4/datanode-1/data/ratis/a18dd7d6-6c7b-42d9-87eb-484671122f7b: flushIndex: setUnconditionally 0 -> -1
2019-09-12 11:48:08,002 [pool-621-thread-1] INFO  server.RaftServerConfigKeys (ConfUtils.java:logGet(43)) - raft.server.snapshot.auto.trigger.enabled = true (custom)
2019-09-12 11:48:08,002 [pool-621-thread-1] INFO  server.RaftServerConfigKeys (ConfUtils.java:logGet(43)) - raft.server.snapshot.auto.trigger.threshold = 10000 (custom)
2019-09-12 11:48:08,002 [pool-621-thread-1] INFO  server.RaftServerConfigKeys (ConfUtils.java:logGet(43)) - raft.server.retrycache.expirytime = 600000ms (custom)
2019-09-12 11:48:08,002 [pool-621-thread-1] INFO  impl.RaftServerImpl (RaftServerImpl.java:start(180)) - ca72735a-502b-4542-8f03-a6a1dea70d9f: start group-484671122F7B
2019-09-12 11:48:08,002 [pool-621-thread-1] INFO  impl.RaftServerImpl (RaftServerImpl.java:setRole(171)) - ca72735a-502b-4542-8f03-a6a1dea70d9f:group-484671122F7B changes role from null to FOLLOWER at term 0 for startAsFollower
2019-09-12 11:48:08,002 [pool-621-thread-1] INFO  impl.RoleInfo (RoleInfo.java:updateAndGet(143)) - ca72735a-502b-4542-8f03-a6a1dea70d9f: start FollowerState
2019-09-12 11:48:08,002 [pool-621-thread-1] INFO  util.JmxRegister (JmxRegister.java:tryRegister(44)) - Successfully registered JMX Bean with object name Ratis:service=RaftServer,group=group-484671122F7B,id=ca72735a-502b-4542-8f03-a6a1dea70d9f
2019-09-12 11:48:08,005 [RatisPipelineUtilsThread] INFO  pipeline.PipelineStateManager (PipelineStateManager.java:addPipeline(56)) - Created pipeline Pipeline[ Id: a18dd7d6-6c7b-42d9-87eb-484671122f7b, Nodes: ca72735a-502b-4542-8f03-a6a1dea70d9f{ip: 192.168.36.114, host: pr-hdds-1569-58hkm-1881083799, networkLocation: /default-rack, certSerialId: null}, Type:RATIS, Factor:ONE, State:OPEN]
2019-09-12 11:48:08,005 [RatisPipelineUtilsThread] ERROR pipeline.PipelinePlacementPolicy (PipelinePlacementPolicy.java:meetCriteria(92)) - Pipeline Placement: Doesn't meet the criteria to be viable node. Heaviness: 6
2019-09-12 11:48:08,009 [grpc-default-executor-0] INFO  impl.RaftServerProxy (RaftServerProxy.java:addNew(89)) - ca72735a-502b-4542-8f03-a6a1dea70d9f: addNew group-90E9C47ADB4E:[ca72735a-502b-4542-8f03-a6a1dea70d9f:192.168.36.114:33386] returns group-90E9C47ADB4E:java.util.concurrent.CompletableFuture@2de26d72[Not completed]
2019-09-12 11:48:08,010 [pool-621-thread-1] INFO  impl.RaftServerImpl (RaftServerImpl.java:<init>(93)) - ca72735a-502b-4542-8f03-a6a1dea70d9f: new RaftServerImpl for group-90E9C47ADB4E:[ca72735a-502b-4542-8f03-a6a1dea70d9f:192.168.36.114:33386] with ContainerStateMachine:uninitialized
2019-09-12 11:48:08,010 [pool-621-thread-1] INFO  server.RaftServerConfigKeys (ConfUtils.java:logGet(43)) - raft.server.rpc.timeout.min = 5s (custom)
2019-09-12 11:48:08,011 [pool-621-thread-1] INFO  server.RaftServerConfigKeys (ConfUtils.java:logGet(43)) - raft.server.rpc.timeout.max = 5200ms (custom)
2019-09-12 11:48:08,011 [pool-621-thread-1] INFO  server.RaftServerConfigKeys (ConfUtils.java:logGet(43)) - raft.server.rpcslowness.timeout = 120s (custom)
2019-09-12 11:48:08,011 [pool-621-thread-1] INFO  server.RaftServerConfigKeys (ConfUtils.java:logGet(43)) - raft.server.sleep.deviation.threshold = 300 (default)
2019-09-12 11:48:08,011 [pool-621-thread-1] INFO  server.RaftServerConfigKeys (ConfUtils.java:logGet(43)) - raft.server.log.appender.install.snapshot.enabled = false (custom)
2019-09-12 11:48:08,011 [pool-621-thread-1] INFO  impl.RaftServerImpl (ServerState.java:<init>(105)) - ca72735a-502b-4542-8f03-a6a1dea70d9f:group-90E9C47ADB4E ConfigurationManager, init=-1: [ca72735a-502b-4542-8f03-a6a1dea70d9f:192.168.36.114:33386], old=null, confs=<EMPTY_MAP>
2019-09-12 11:48:08,011 [pool-621-thread-1] INFO  server.RaftServerConfigKeys (ConfUtils.java:logGet(43)) - raft.server.storage.dir = [/workdir/hadoop-ozone/ozonefs/target/test-dir/MiniOzoneClusterImpl-fc9dd688-9bec-4f1c-ac5e-6dbbab7389e4/datanode-1/data/ratis] (custom)
2019-09-12 11:48:08,011 [pool-621-thread-1] INFO  storage.RaftStorageDirectory (RaftStorageDirectory.java:analyzeStorage(246)) - The storage directory /workdir/hadoop-ozone/ozonefs/target/test-dir/MiniOzoneClusterImpl-fc9dd688-9bec-4f1c-ac5e-6dbbab7389e4/datanode-1/data/ratis/6b9c12a7-1b0d-4dfb-8f5c-90e9c47adb4e does not exist. Creating ...
2019-09-12 11:48:08,019 [pool-621-thread-1] INFO  storage.RaftStorageDirectory (RaftStorageDirectory.java:tryLock(328)) - Lock on /workdir/hadoop-ozone/ozonefs/target/test-dir/MiniOzoneClusterImpl-fc9dd688-9bec-4f1c-ac5e-6dbbab7389e4/datanode-1/data/ratis/6b9c12a7-1b0d-4dfb-8f5c-90e9c47adb4e/in_use.lock acquired by nodename 10706@pr-hdds-1569-58hkm-1881083799
2019-09-12 11:48:08,026 [pool-621-thread-1] INFO  storage.RaftStorage (RaftStorage.java:format(72)) - Storage directory /workdir/hadoop-ozone/ozonefs/target/test-dir/MiniOzoneClusterImpl-fc9dd688-9bec-4f1c-ac5e-6dbbab7389e4/datanode-1/data/ratis/6b9c12a7-1b0d-4dfb-8f5c-90e9c47adb4e has been successfully formatted.
2019-09-12 11:48:08,026 [pool-621-thread-1] INFO  ratis.ContainerStateMachine (ContainerStateMachine.java:loadSnapshot(226)) - group-90E9C47ADB4E: The snapshot info is null. Setting the last applied indexto:(t:0, i:~)
2019-09-12 11:48:08,026 [pool-621-thread-1] INFO  server.RaftServerConfigKeys (ConfUtils.java:logGet(43)) - raft.server.leader.election.timeout = 120s (custom)
2019-09-12 11:48:08,026 [pool-621-thread-1] INFO  server.RaftServerConfigKeys (ConfUtils.java:logGet(43)) - raft.server.log.use.memory = false (default)
2019-09-12 11:48:08,026 [pool-621-thread-1] INFO  server.RaftServerConfigKeys (ConfUtils.java:logGet(43)) - raft.server.log.purge.gap = 1000000 (custom)
2019-09-12 11:48:08,026 [pool-621-thread-1] INFO  server.RaftServerConfigKeys (ConfUtils.java:logGet(43)) - raft.server.log.appender.buffer.byte-limit = 33554432 (custom)
2019-09-12 11:48:08,026 [pool-621-thread-1] INFO  server.RaftServerConfigKeys (ConfUtils.java:logGet(43)) - raft.server.log.segment.size.max = 1048576 (custom)
2019-09-12 11:48:08,027 [pool-621-thread-1] INFO  server.RaftServerConfigKeys (ConfUtils.java:logGet(43)) - raft.server.log.segment.cache.num.max = 2 (custom)
2019-09-12 11:48:08,027 [pool-621-thread-1] INFO  segmented.SegmentedRaftLogWorker (SegmentedRaftLogWorker.java:<init>(172)) - new ca72735a-502b-4542-8f03-a6a1dea70d9f-SegmentedRaftLogWorker:Storage Directory /workdir/hadoop-ozone/ozonefs/target/test-dir/MiniOzoneClusterImpl-fc9dd688-9bec-4f1c-ac5e-6dbbab7389e4/datanode-1/data/ratis/6b9c12a7-1b0d-4dfb-8f5c-90e9c47adb4e for RaftStorage:Storage Directory /workdir/hadoop-ozone/ozonefs/target/test-dir/MiniOzoneClusterImpl-fc9dd688-9bec-4f1c-ac5e-6dbbab7389e4/datanode-1/data/ratis/6b9c12a7-1b0d-4dfb-8f5c-90e9c47adb4e
2019-09-12 11:48:08,027 [pool-621-thread-1] INFO  server.RaftServerConfigKeys (ConfUtils.java:logGet(43)) - raft.server.log.queue.byte-limit = 2147483647 (custom)
2019-09-12 11:48:08,027 [pool-621-thread-1] INFO  server.RaftServerConfigKeys (ConfUtils.java:logGet(43)) - raft.server.log.queue.element-limit = 1024 (custom)
2019-09-12 11:48:08,027 [pool-621-thread-1] INFO  server.RaftServerConfigKeys (ConfUtils.java:logGet(43)) - raft.server.log.segment.size.max = 1048576 (custom)
2019-09-12 11:48:08,027 [pool-621-thread-1] INFO  server.RaftServerConfigKeys (ConfUtils.java:logGet(43)) - raft.server.log.preallocated.size = 16384 (custom)
2019-09-12 11:48:08,027 [pool-621-thread-1] INFO  server.RaftServerConfigKeys (ConfUtils.java:logGet(43)) - raft.server.log.write.buffer.size = 33554432 (custom)
2019-09-12 11:48:08,027 [pool-621-thread-1] INFO  server.RaftServerConfigKeys (ConfUtils.java:logGet(43)) - raft.server.log.force.sync.num = 128 (default)
2019-09-12 11:48:08,027 [pool-621-thread-1] INFO  server.RaftServerConfigKeys (ConfUtils.java:logGet(43)) - raft.server.log.statemachine.data.sync = true (default)
2019-09-12 11:48:08,028 [pool-621-thread-1] INFO  server.RaftServerConfigKeys (ConfUtils.java:logGet(43)) - raft.server.log.statemachine.data.sync.timeout = 10s (default)
2019-09-12 11:48:08,028 [pool-621-thread-1] INFO  server.RaftServerConfigKeys (ConfUtils.java:logGet(43)) - raft.server.log.statemachine.data.sync.timeout.retry = -1 (default)
2019-09-12 11:48:08,028 [pool-621-thread-1] INFO  server.RaftServerConfigKeys (ConfUtils.java:logGet(43)) - raft.server.log.statemachine.data.caching.enabled = true (custom)
2019-09-12 11:48:08,028 [pool-621-thread-1] INFO  segmented.SegmentedRaftLogWorker (SegmentedRaftLogWorker.java:lambda$new$0(132)) - ca72735a-502b-4542-8f03-a6a1dea70d9f-SegmentedRaftLogWorker:Storage Directory /workdir/hadoop-ozone/ozonefs/target/test-dir/MiniOzoneClusterImpl-fc9dd688-9bec-4f1c-ac5e-6dbbab7389e4/datanode-1/data/ratis/6b9c12a7-1b0d-4dfb-8f5c-90e9c47adb4e: flushIndex: setUnconditionally 0 -> -1
2019-09-12 11:48:08,028 [pool-621-thread-1] INFO  server.RaftServerConfigKeys (ConfUtils.java:logGet(43)) - raft.server.snapshot.auto.trigger.enabled = true (custom)
2019-09-12 11:48:08,028 [pool-621-thread-1] INFO  server.RaftServerConfigKeys (ConfUtils.java:logGet(43)) - raft.server.snapshot.auto.trigger.threshold = 10000 (custom)
2019-09-12 11:48:08,028 [pool-621-thread-1] INFO  server.RaftServerConfigKeys (ConfUtils.java:logGet(43)) - raft.server.retrycache.expirytime = 600000ms (custom)
2019-09-12 11:48:08,029 [pool-621-thread-1] INFO  impl.RaftServerImpl (RaftServerImpl.java:start(180)) - ca72735a-502b-4542-8f03-a6a1dea70d9f: start group-90E9C47ADB4E
2019-09-12 11:48:08,029 [pool-621-thread-1] INFO  impl.RaftServerImpl (RaftServerImpl.java:setRole(171)) - ca72735a-502b-4542-8f03-a6a1dea70d9f:group-90E9C47ADB4E changes role from null to FOLLOWER at term 0 for startAsFollower
2019-09-12 11:48:08,029 [pool-621-thread-1] INFO  impl.RoleInfo (RoleInfo.java:updateAndGet(143)) - ca72735a-502b-4542-8f03-a6a1dea70d9f: start FollowerState
2019-09-12 11:48:08,029 [pool-621-thread-1] INFO  util.JmxRegister (JmxRegister.java:tryRegister(44)) - Successfully registered JMX Bean with object name Ratis:service=RaftServer,group=group-90E9C47ADB4E,id=ca72735a-502b-4542-8f03-a6a1dea70d9f
2019-09-12 11:48:08,031 [RatisPipelineUtilsThread] INFO  pipeline.PipelineStateManager (PipelineStateManager.java:addPipeline(56)) - Created pipeline Pipeline[ Id: 6b9c12a7-1b0d-4dfb-8f5c-90e9c47adb4e, Nodes: ca72735a-502b-4542-8f03-a6a1dea70d9f{ip: 192.168.36.114, host: pr-hdds-1569-58hkm-1881083799, networkLocation: /default-rack, certSerialId: null}, Type:RATIS, Factor:ONE, State:OPEN]
2019-09-12 11:48:08,031 [RatisPipelineUtilsThread] ERROR pipeline.PipelinePlacementPolicy (PipelinePlacementPolicy.java:meetCriteria(92)) - Pipeline Placement: Doesn't meet the criteria to be viable node. Heaviness: 6
2019-09-12 11:48:08,035 [grpc-default-executor-0] INFO  impl.RaftServerProxy (RaftServerProxy.java:addNew(89)) - ca72735a-502b-4542-8f03-a6a1dea70d9f: addNew group-0A20E76A4464:[ca72735a-502b-4542-8f03-a6a1dea70d9f:192.168.36.114:33386] returns group-0A20E76A4464:java.util.concurrent.CompletableFuture@569d1300[Not completed]
2019-09-12 11:48:08,036 [pool-621-thread-1] INFO  impl.RaftServerImpl (RaftServerImpl.java:<init>(93)) - ca72735a-502b-4542-8f03-a6a1dea70d9f: new RaftServerImpl for group-0A20E76A4464:[ca72735a-502b-4542-8f03-a6a1dea70d9f:192.168.36.114:33386] with ContainerStateMachine:uninitialized
2019-09-12 11:48:08,036 [pool-621-thread-1] INFO  server.RaftServerConfigKeys (ConfUtils.java:logGet(43)) - raft.server.rpc.timeout.min = 5s (custom)
2019-09-12 11:48:08,036 [pool-621-thread-1] INFO  server.RaftServerConfigKeys (ConfUtils.java:logGet(43)) - raft.server.rpc.timeout.max = 5200ms (custom)
2019-09-12 11:48:08,036 [pool-621-thread-1] INFO  server.RaftServerConfigKeys (ConfUtils.java:logGet(43)) - raft.server.rpcslowness.timeout = 120s (custom)
2019-09-12 11:48:08,036 [pool-621-thread-1] INFO  server.RaftServerConfigKeys (ConfUtils.java:logGet(43)) - raft.server.sleep.deviation.threshold = 300 (default)
2019-09-12 11:48:08,036 [pool-621-thread-1] INFO  server.RaftServerConfigKeys (ConfUtils.java:logGet(43)) - raft.server.log.appender.install.snapshot.enabled = false (custom)
2019-09-12 11:48:08,036 [pool-621-thread-1] INFO  impl.RaftServerImpl (ServerState.java:<init>(105)) - ca72735a-502b-4542-8f03-a6a1dea70d9f:group-0A20E76A4464 ConfigurationManager, init=-1: [ca72735a-502b-4542-8f03-a6a1dea70d9f:192.168.36.114:33386], old=null, confs=<EMPTY_MAP>
2019-09-12 11:48:08,037 [pool-621-thread-1] INFO  server.RaftServerConfigKeys (ConfUtils.java:logGet(43)) - raft.server.storage.dir = [/workdir/hadoop-ozone/ozonefs/target/test-dir/MiniOzoneClusterImpl-fc9dd688-9bec-4f1c-ac5e-6dbbab7389e4/datanode-1/data/ratis] (custom)
2019-09-12 11:48:08,037 [pool-621-thread-1] INFO  storage.RaftStorageDirectory (RaftStorageDirectory.java:analyzeStorage(246)) - The storage directory /workdir/hadoop-ozone/ozonefs/target/test-dir/MiniOzoneClusterImpl-fc9dd688-9bec-4f1c-ac5e-6dbbab7389e4/datanode-1/data/ratis/0bfceb10-6d0e-4cae-8580-0a20e76a4464 does not exist. Creating ...
2019-09-12 11:48:08,050 [pool-621-thread-1] INFO  storage.RaftStorageDirectory (RaftStorageDirectory.java:tryLock(328)) - Lock on /workdir/hadoop-ozone/ozonefs/target/test-dir/MiniOzoneClusterImpl-fc9dd688-9bec-4f1c-ac5e-6dbbab7389e4/datanode-1/data/ratis/0bfceb10-6d0e-4cae-8580-0a20e76a4464/in_use.lock acquired by nodename 10706@pr-hdds-1569-58hkm-1881083799
2019-09-12 11:48:08,063 [pool-621-thread-1] INFO  storage.RaftStorage (RaftStorage.java:format(72)) - Storage directory /workdir/hadoop-ozone/ozonefs/target/test-dir/MiniOzoneClusterImpl-fc9dd688-9bec-4f1c-ac5e-6dbbab7389e4/datanode-1/data/ratis/0bfceb10-6d0e-4cae-8580-0a20e76a4464 has been successfully formatted.
2019-09-12 11:48:08,063 [pool-621-thread-1] INFO  ratis.ContainerStateMachine (ContainerStateMachine.java:loadSnapshot(226)) - group-0A20E76A4464: The snapshot info is null. Setting the last applied indexto:(t:0, i:~)
2019-09-12 11:48:08,063 [pool-621-thread-1] INFO  server.RaftServerConfigKeys (ConfUtils.java:logGet(43)) - raft.server.leader.election.timeout = 120s (custom)
2019-09-12 11:48:08,063 [pool-621-thread-1] INFO  server.RaftServerConfigKeys (ConfUtils.java:logGet(43)) - raft.server.log.use.memory = false (default)
2019-09-12 11:48:08,064 [pool-621-thread-1] INFO  server.RaftServerConfigKeys (ConfUtils.java:logGet(43)) - raft.server.log.purge.gap = 1000000 (custom)
2019-09-12 11:48:08,064 [pool-621-thread-1] INFO  server.RaftServerConfigKeys (ConfUtils.java:logGet(43)) - raft.server.log.appender.buffer.byte-limit = 33554432 (custom)
2019-09-12 11:48:08,064 [pool-621-thread-1] INFO  server.RaftServerConfigKeys (ConfUtils.java:logGet(43)) - raft.server.log.segment.size.max = 1048576 (custom)
2019-09-12 11:48:08,064 [pool-621-thread-1] INFO  server.RaftServerConfigKeys (ConfUtils.java:logGet(43)) - raft.server.log.segment.cache.num.max = 2 (custom)
2019-09-12 11:48:08,064 [pool-621-thread-1] INFO  segmented.SegmentedRaftLogWorker (SegmentedRaftLogWorker.java:<init>(172)) - new ca72735a-502b-4542-8f03-a6a1dea70d9f-SegmentedRaftLogWorker:Storage Directory /workdir/hadoop-ozone/ozonefs/target/test-dir/MiniOzoneClusterImpl-fc9dd688-9bec-4f1c-ac5e-6dbbab7389e4/datanode-1/data/ratis/0bfceb10-6d0e-4cae-8580-0a20e76a4464 for RaftStorage:Storage Directory /workdir/hadoop-ozone/ozonefs/target/test-dir/MiniOzoneClusterImpl-fc9dd688-9bec-4f1c-ac5e-6dbbab7389e4/datanode-1/data/ratis/0bfceb10-6d0e-4cae-8580-0a20e76a4464
2019-09-12 11:48:08,064 [pool-621-thread-1] INFO  server.RaftServerConfigKeys (ConfUtils.java:logGet(43)) - raft.server.log.queue.byte-limit = 2147483647 (custom)
2019-09-12 11:48:08,065 [pool-621-thread-1] INFO  server.RaftServerConfigKeys (ConfUtils.java:logGet(43)) - raft.server.log.queue.element-limit = 1024 (custom)
2019-09-12 11:48:08,065 [pool-621-thread-1] INFO  server.RaftServerConfigKeys (ConfUtils.java:logGet(43)) - raft.server.log.segment.size.max = 1048576 (custom)
2019-09-12 11:48:08,065 [pool-621-thread-1] INFO  server.RaftServerConfigKeys (ConfUtils.java:logGet(43)) - raft.server.log.preallocated.size = 16384 (custom)
2019-09-12 11:48:08,065 [pool-621-thread-1] INFO  server.RaftServerConfigKeys (ConfUtils.java:logGet(43)) - raft.server.log.write.buffer.size = 33554432 (custom)
2019-09-12 11:48:08,065 [pool-621-thread-1] INFO  server.RaftServerConfigKeys (ConfUtils.java:logGet(43)) - raft.server.log.force.sync.num = 128 (default)
2019-09-12 11:48:08,065 [pool-621-thread-1] INFO  server.RaftServerConfigKeys (ConfUtils.java:logGet(43)) - raft.server.log.statemachine.data.sync = true (default)
2019-09-12 11:48:08,065 [pool-621-thread-1] INFO  server.RaftServerConfigKeys (ConfUtils.java:logGet(43)) - raft.server.log.statemachine.data.sync.timeout = 10s (default)
2019-09-12 11:48:08,065 [pool-621-thread-1] INFO  server.RaftServerConfigKeys (ConfUtils.java:logGet(43)) - raft.server.log.statemachine.data.sync.timeout.retry = -1 (default)
2019-09-12 11:48:08,066 [pool-621-thread-1] INFO  server.RaftServerConfigKeys (ConfUtils.java:logGet(43)) - raft.server.log.statemachine.data.caching.enabled = true (custom)
2019-09-12 11:48:08,066 [pool-621-thread-1] INFO  segmented.SegmentedRaftLogWorker (SegmentedRaftLogWorker.java:lambda$new$0(132)) - ca72735a-502b-4542-8f03-a6a1dea70d9f-SegmentedRaftLogWorker:Storage Directory /workdir/hadoop-ozone/ozonefs/target/test-dir/MiniOzoneClusterImpl-fc9dd688-9bec-4f1c-ac5e-6dbbab7389e4/datanode-1/data/ratis/0bfceb10-6d0e-4cae-8580-0a20e76a4464: flushIndex: setUnconditionally 0 -> -1
2019-09-12 11:48:08,066 [pool-621-thread-1] INFO  server.RaftServerConfigKeys (ConfUtils.java:logGet(43)) - raft.server.snapshot.auto.trigger.enabled = true (custom)
2019-09-12 11:48:08,067 [pool-621-thread-1] INFO  server.RaftServerConfigKeys (ConfUtils.java:logGet(43)) - raft.server.snapshot.auto.trigger.threshold = 10000 (custom)
2019-09-12 11:48:08,067 [pool-621-thread-1] INFO  server.RaftServerConfigKeys (ConfUtils.java:logGet(43)) - raft.server.retrycache.expirytime = 600000ms (custom)
2019-09-12 11:48:08,067 [pool-621-thread-1] INFO  impl.RaftServerImpl (RaftServerImpl.java:start(180)) - ca72735a-502b-4542-8f03-a6a1dea70d9f: start group-0A20E76A4464
2019-09-12 11:48:08,067 [pool-621-thread-1] INFO  impl.RaftServerImpl (RaftServerImpl.java:setRole(171)) - ca72735a-502b-4542-8f03-a6a1dea70d9f:group-0A20E76A4464 changes role from null to FOLLOWER at term 0 for startAsFollower
2019-09-12 11:48:08,067 [pool-621-thread-1] INFO  impl.RoleInfo (RoleInfo.java:updateAndGet(143)) - ca72735a-502b-4542-8f03-a6a1dea70d9f: start FollowerState
2019-09-12 11:48:08,068 [pool-621-thread-1] INFO  util.JmxRegister (JmxRegister.java:tryRegister(44)) - Successfully registered JMX Bean with object name Ratis:service=RaftServer,group=group-0A20E76A4464,id=ca72735a-502b-4542-8f03-a6a1dea70d9f
2019-09-12 11:48:08,071 [RatisPipelineUtilsThread] INFO  pipeline.PipelineStateManager (PipelineStateManager.java:addPipeline(56)) - Created pipeline Pipeline[ Id: 0bfceb10-6d0e-4cae-8580-0a20e76a4464, Nodes: ca72735a-502b-4542-8f03-a6a1dea70d9f{ip: 192.168.36.114, host: pr-hdds-1569-58hkm-1881083799, networkLocation: /default-rack, certSerialId: null}, Type:RATIS, Factor:ONE, State:OPEN]
2019-09-12 11:48:08,071 [RatisPipelineUtilsThread] ERROR pipeline.PipelinePlacementPolicy (PipelinePlacementPolicy.java:meetCriteria(92)) - Pipeline Placement: Doesn't meet the criteria to be viable node. Heaviness: 6
2019-09-12 11:48:08,076 [grpc-default-executor-0] INFO  impl.RaftServerProxy (RaftServerProxy.java:addNew(89)) - ca72735a-502b-4542-8f03-a6a1dea70d9f: addNew group-E854582BA9D7:[ca72735a-502b-4542-8f03-a6a1dea70d9f:192.168.36.114:33386] returns group-E854582BA9D7:java.util.concurrent.CompletableFuture@9662e22[Not completed]
2019-09-12 11:48:08,077 [pool-621-thread-1] INFO  impl.RaftServerImpl (RaftServerImpl.java:<init>(93)) - ca72735a-502b-4542-8f03-a6a1dea70d9f: new RaftServerImpl for group-E854582BA9D7:[ca72735a-502b-4542-8f03-a6a1dea70d9f:192.168.36.114:33386] with ContainerStateMachine:uninitialized
2019-09-12 11:48:08,077 [pool-621-thread-1] INFO  server.RaftServerConfigKeys (ConfUtils.java:logGet(43)) - raft.server.rpc.timeout.min = 5s (custom)
2019-09-12 11:48:08,077 [pool-621-thread-1] INFO  server.RaftServerConfigKeys (ConfUtils.java:logGet(43)) - raft.server.rpc.timeout.max = 5200ms (custom)
2019-09-12 11:48:08,077 [pool-621-thread-1] INFO  server.RaftServerConfigKeys (ConfUtils.java:logGet(43)) - raft.server.rpcslowness.timeout = 120s (custom)
2019-09-12 11:48:08,077 [pool-621-thread-1] INFO  server.RaftServerConfigKeys (ConfUtils.java:logGet(43)) - raft.server.sleep.deviation.threshold = 300 (default)
2019-09-12 11:48:08,077 [pool-621-thread-1] INFO  server.RaftServerConfigKeys (ConfUtils.java:logGet(43)) - raft.server.log.appender.install.snapshot.enabled = false (custom)
2019-09-12 11:48:08,077 [pool-621-thread-1] INFO  impl.RaftServerImpl (ServerState.java:<init>(105)) - ca72735a-502b-4542-8f03-a6a1dea70d9f:group-E854582BA9D7 ConfigurationManager, init=-1: [ca72735a-502b-4542-8f03-a6a1dea70d9f:192.168.36.114:33386], old=null, confs=<EMPTY_MAP>
2019-09-12 11:48:08,078 [pool-621-thread-1] INFO  server.RaftServerConfigKeys (ConfUtils.java:logGet(43)) - raft.server.storage.dir = [/workdir/hadoop-ozone/ozonefs/target/test-dir/MiniOzoneClusterImpl-fc9dd688-9bec-4f1c-ac5e-6dbbab7389e4/datanode-1/data/ratis] (custom)
2019-09-12 11:48:08,078 [pool-621-thread-1] INFO  storage.RaftStorageDirectory (RaftStorageDirectory.java:analyzeStorage(246)) - The storage directory /workdir/hadoop-ozone/ozonefs/target/test-dir/MiniOzoneClusterImpl-fc9dd688-9bec-4f1c-ac5e-6dbbab7389e4/datanode-1/data/ratis/5ecf6f49-c771-4af0-a50e-e854582ba9d7 does not exist. Creating ...
2019-09-12 11:48:08,091 [pool-621-thread-1] INFO  storage.RaftStorageDirectory (RaftStorageDirectory.java:tryLock(328)) - Lock on /workdir/hadoop-ozone/ozonefs/target/test-dir/MiniOzoneClusterImpl-fc9dd688-9bec-4f1c-ac5e-6dbbab7389e4/datanode-1/data/ratis/5ecf6f49-c771-4af0-a50e-e854582ba9d7/in_use.lock acquired by nodename 10706@pr-hdds-1569-58hkm-1881083799
2019-09-12 11:48:08,103 [pool-621-thread-1] INFO  storage.RaftStorage (RaftStorage.java:format(72)) - Storage directory /workdir/hadoop-ozone/ozonefs/target/test-dir/MiniOzoneClusterImpl-fc9dd688-9bec-4f1c-ac5e-6dbbab7389e4/datanode-1/data/ratis/5ecf6f49-c771-4af0-a50e-e854582ba9d7 has been successfully formatted.
2019-09-12 11:48:08,104 [pool-621-thread-1] INFO  ratis.ContainerStateMachine (ContainerStateMachine.java:loadSnapshot(226)) - group-E854582BA9D7: The snapshot info is null. Setting the last applied indexto:(t:0, i:~)
2019-09-12 11:48:08,104 [pool-621-thread-1] INFO  server.RaftServerConfigKeys (ConfUtils.java:logGet(43)) - raft.server.leader.election.timeout = 120s (custom)
2019-09-12 11:48:08,104 [pool-621-thread-1] INFO  server.RaftServerConfigKeys (ConfUtils.java:logGet(43)) - raft.server.log.use.memory = false (default)
2019-09-12 11:48:08,104 [pool-621-thread-1] INFO  server.RaftServerConfigKeys (ConfUtils.java:logGet(43)) - raft.server.log.purge.gap = 1000000 (custom)
2019-09-12 11:48:08,104 [pool-621-thread-1] INFO  server.RaftServerConfigKeys (ConfUtils.java:logGet(43)) - raft.server.log.appender.buffer.byte-limit = 33554432 (custom)
2019-09-12 11:48:08,104 [pool-621-thread-1] INFO  server.RaftServerConfigKeys (ConfUtils.java:logGet(43)) - raft.server.log.segment.size.max = 1048576 (custom)
2019-09-12 11:48:08,104 [pool-621-thread-1] INFO  server.RaftServerConfigKeys (ConfUtils.java:logGet(43)) - raft.server.log.segment.cache.num.max = 2 (custom)
2019-09-12 11:48:08,104 [pool-621-thread-1] INFO  segmented.SegmentedRaftLogWorker (SegmentedRaftLogWorker.java:<init>(172)) - new ca72735a-502b-4542-8f03-a6a1dea70d9f-SegmentedRaftLogWorker:Storage Directory /workdir/hadoop-ozone/ozonefs/target/test-dir/MiniOzoneClusterImpl-fc9dd688-9bec-4f1c-ac5e-6dbbab7389e4/datanode-1/data/ratis/5ecf6f49-c771-4af0-a50e-e854582ba9d7 for RaftStorage:Storage Directory /workdir/hadoop-ozone/ozonefs/target/test-dir/MiniOzoneClusterImpl-fc9dd688-9bec-4f1c-ac5e-6dbbab7389e4/datanode-1/data/ratis/5ecf6f49-c771-4af0-a50e-e854582ba9d7
2019-09-12 11:48:08,104 [pool-621-thread-1] INFO  server.RaftServerConfigKeys (ConfUtils.java:logGet(43)) - raft.server.log.queue.byte-limit = 2147483647 (custom)
2019-09-12 11:48:08,105 [pool-621-thread-1] INFO  server.RaftServerConfigKeys (ConfUtils.java:logGet(43)) - raft.server.log.queue.element-limit = 1024 (custom)
2019-09-12 11:48:08,105 [pool-621-thread-1] INFO  server.RaftServerConfigKeys (ConfUtils.java:logGet(43)) - raft.server.log.segment.size.max = 1048576 (custom)
2019-09-12 11:48:08,105 [pool-621-thread-1] INFO  server.RaftServerConfigKeys (ConfUtils.java:logGet(43)) - raft.server.log.preallocated.size = 16384 (custom)
2019-09-12 11:48:08,105 [pool-621-thread-1] INFO  server.RaftServerConfigKeys (ConfUtils.java:logGet(43)) - raft.server.log.write.buffer.size = 33554432 (custom)
2019-09-12 11:48:08,105 [pool-621-thread-1] INFO  server.RaftServerConfigKeys (ConfUtils.java:logGet(43)) - raft.server.log.force.sync.num = 128 (default)
2019-09-12 11:48:08,105 [pool-621-thread-1] INFO  server.RaftServerConfigKeys (ConfUtils.java:logGet(43)) - raft.server.log.statemachine.data.sync = true (default)
2019-09-12 11:48:08,105 [pool-621-thread-1] INFO  server.RaftServerConfigKeys (ConfUtils.java:logGet(43)) - raft.server.log.statemachine.data.sync.timeout = 10s (default)
2019-09-12 11:48:08,105 [pool-621-thread-1] INFO  server.RaftServerConfigKeys (ConfUtils.java:logGet(43)) - raft.server.log.statemachine.data.sync.timeout.retry = -1 (default)
2019-09-12 11:48:08,105 [pool-621-thread-1] INFO  server.RaftServerConfigKeys (ConfUtils.java:logGet(43)) - raft.server.log.statemachine.data.caching.enabled = true (custom)
2019-09-12 11:48:08,105 [pool-621-thread-1] INFO  segmented.SegmentedRaftLogWorker (SegmentedRaftLogWorker.java:lambda$new$0(132)) - ca72735a-502b-4542-8f03-a6a1dea70d9f-SegmentedRaftLogWorker:Storage Directory /workdir/hadoop-ozone/ozonefs/target/test-dir/MiniOzoneClusterImpl-fc9dd688-9bec-4f1c-ac5e-6dbbab7389e4/datanode-1/data/ratis/5ecf6f49-c771-4af0-a50e-e854582ba9d7: flushIndex: setUnconditionally 0 -> -1
2019-09-12 11:48:08,106 [pool-621-thread-1] INFO  server.RaftServerConfigKeys (ConfUtils.java:logGet(43)) - raft.server.snapshot.auto.trigger.enabled = true (custom)
2019-09-12 11:48:08,106 [pool-621-thread-1] INFO  server.RaftServerConfigKeys (ConfUtils.java:logGet(43)) - raft.server.snapshot.auto.trigger.threshold = 10000 (custom)
2019-09-12 11:48:08,106 [pool-621-thread-1] INFO  server.RaftServerConfigKeys (ConfUtils.java:logGet(43)) - raft.server.retrycache.expirytime = 600000ms (custom)
2019-09-12 11:48:08,106 [pool-621-thread-1] INFO  impl.RaftServerImpl (RaftServerImpl.java:start(180)) - ca72735a-502b-4542-8f03-a6a1dea70d9f: start group-E854582BA9D7
2019-09-12 11:48:08,106 [pool-621-thread-1] INFO  impl.RaftServerImpl (RaftServerImpl.java:setRole(171)) - ca72735a-502b-4542-8f03-a6a1dea70d9f:group-E854582BA9D7 changes role from null to FOLLOWER at term 0 for startAsFollower
2019-09-12 11:48:08,106 [pool-621-thread-1] INFO  impl.RoleInfo (RoleInfo.java:updateAndGet(143)) - ca72735a-502b-4542-8f03-a6a1dea70d9f: start FollowerState
2019-09-12 11:48:08,106 [pool-621-thread-1] INFO  util.JmxRegister (JmxRegister.java:tryRegister(44)) - Successfully registered JMX Bean with object name Ratis:service=RaftServer,group=group-E854582BA9D7,id=ca72735a-502b-4542-8f03-a6a1dea70d9f
2019-09-12 11:48:08,109 [RatisPipelineUtilsThread] INFO  pipeline.PipelineStateManager (PipelineStateManager.java:addPipeline(56)) - Created pipeline Pipeline[ Id: 5ecf6f49-c771-4af0-a50e-e854582ba9d7, Nodes: ca72735a-502b-4542-8f03-a6a1dea70d9f{ip: 192.168.36.114, host: pr-hdds-1569-58hkm-1881083799, networkLocation: /default-rack, certSerialId: null}, Type:RATIS, Factor:ONE, State:OPEN]
2019-09-12 11:48:08,110 [RatisPipelineUtilsThread] ERROR pipeline.PipelinePlacementPolicy (PipelinePlacementPolicy.java:meetCriteria(92)) - Pipeline Placement: Doesn't meet the criteria to be viable node. Heaviness: 6
2019-09-12 11:48:08,114 [grpc-default-executor-0] INFO  impl.RaftServerProxy (RaftServerProxy.java:addNew(89)) - ca72735a-502b-4542-8f03-a6a1dea70d9f: addNew group-28FFE5D1645A:[ca72735a-502b-4542-8f03-a6a1dea70d9f:192.168.36.114:33386] returns group-28FFE5D1645A:java.util.concurrent.CompletableFuture@740d8759[Not completed]
2019-09-12 11:48:08,114 [pool-621-thread-1] INFO  impl.RaftServerImpl (RaftServerImpl.java:<init>(93)) - ca72735a-502b-4542-8f03-a6a1dea70d9f: new RaftServerImpl for group-28FFE5D1645A:[ca72735a-502b-4542-8f03-a6a1dea70d9f:192.168.36.114:33386] with ContainerStateMachine:uninitialized
2019-09-12 11:48:08,115 [pool-621-thread-1] INFO  server.RaftServerConfigKeys (ConfUtils.java:logGet(43)) - raft.server.rpc.timeout.min = 5s (custom)
2019-09-12 11:48:08,115 [pool-621-thread-1] INFO  server.RaftServerConfigKeys (ConfUtils.java:logGet(43)) - raft.server.rpc.timeout.max = 5200ms (custom)
2019-09-12 11:48:08,115 [pool-621-thread-1] INFO  server.RaftServerConfigKeys (ConfUtils.java:logGet(43)) - raft.server.rpcslowness.timeout = 120s (custom)
2019-09-12 11:48:08,115 [pool-621-thread-1] INFO  server.RaftServerConfigKeys (ConfUtils.java:logGet(43)) - raft.server.sleep.deviation.threshold = 300 (default)
2019-09-12 11:48:08,115 [pool-621-thread-1] INFO  server.RaftServerConfigKeys (ConfUtils.java:logGet(43)) - raft.server.log.appender.install.snapshot.enabled = false (custom)
2019-09-12 11:48:08,115 [pool-621-thread-1] INFO  impl.RaftServerImpl (ServerState.java:<init>(105)) - ca72735a-502b-4542-8f03-a6a1dea70d9f:group-28FFE5D1645A ConfigurationManager, init=-1: [ca72735a-502b-4542-8f03-a6a1dea70d9f:192.168.36.114:33386], old=null, confs=<EMPTY_MAP>
2019-09-12 11:48:08,115 [pool-621-thread-1] INFO  server.RaftServerConfigKeys (ConfUtils.java:logGet(43)) - raft.server.storage.dir = [/workdir/hadoop-ozone/ozonefs/target/test-dir/MiniOzoneClusterImpl-fc9dd688-9bec-4f1c-ac5e-6dbbab7389e4/datanode-1/data/ratis] (custom)
2019-09-12 11:48:08,115 [pool-621-thread-1] INFO  storage.RaftStorageDirectory (RaftStorageDirectory.java:analyzeStorage(246)) - The storage directory /workdir/hadoop-ozone/ozonefs/target/test-dir/MiniOzoneClusterImpl-fc9dd688-9bec-4f1c-ac5e-6dbbab7389e4/datanode-1/data/ratis/94ce3940-f349-4b90-b069-28ffe5d1645a does not exist. Creating ...
2019-09-12 11:48:08,127 [pool-621-thread-1] INFO  storage.RaftStorageDirectory (RaftStorageDirectory.java:tryLock(328)) - Lock on /workdir/hadoop-ozone/ozonefs/target/test-dir/MiniOzoneClusterImpl-fc9dd688-9bec-4f1c-ac5e-6dbbab7389e4/datanode-1/data/ratis/94ce3940-f349-4b90-b069-28ffe5d1645a/in_use.lock acquired by nodename 10706@pr-hdds-1569-58hkm-1881083799
2019-09-12 11:48:08,140 [pool-621-thread-1] INFO  storage.RaftStorage (RaftStorage.java:format(72)) - Storage directory /workdir/hadoop-ozone/ozonefs/target/test-dir/MiniOzoneClusterImpl-fc9dd688-9bec-4f1c-ac5e-6dbbab7389e4/datanode-1/data/ratis/94ce3940-f349-4b90-b069-28ffe5d1645a has been successfully formatted.
2019-09-12 11:48:08,140 [pool-621-thread-1] INFO  ratis.ContainerStateMachine (ContainerStateMachine.java:loadSnapshot(226)) - group-28FFE5D1645A: The snapshot info is null. Setting the last applied indexto:(t:0, i:~)
2019-09-12 11:48:08,140 [pool-621-thread-1] INFO  server.RaftServerConfigKeys (ConfUtils.java:logGet(43)) - raft.server.leader.election.timeout = 120s (custom)
2019-09-12 11:48:08,140 [pool-621-thread-1] INFO  server.RaftServerConfigKeys (ConfUtils.java:logGet(43)) - raft.server.log.use.memory = false (default)
2019-09-12 11:48:08,140 [pool-621-thread-1] INFO  server.RaftServerConfigKeys (ConfUtils.java:logGet(43)) - raft.server.log.purge.gap = 1000000 (custom)
2019-09-12 11:48:08,140 [pool-621-thread-1] INFO  server.RaftServerConfigKeys (ConfUtils.java:logGet(43)) - raft.server.log.appender.buffer.byte-limit = 33554432 (custom)
2019-09-12 11:48:08,140 [pool-621-thread-1] INFO  server.RaftServerConfigKeys (ConfUtils.java:logGet(43)) - raft.server.log.segment.size.max = 1048576 (custom)
2019-09-12 11:48:08,140 [pool-621-thread-1] INFO  server.RaftServerConfigKeys (ConfUtils.java:logGet(43)) - raft.server.log.segment.cache.num.max = 2 (custom)
2019-09-12 11:48:08,140 [pool-621-thread-1] INFO  segmented.SegmentedRaftLogWorker (SegmentedRaftLogWorker.java:<init>(172)) - new ca72735a-502b-4542-8f03-a6a1dea70d9f-SegmentedRaftLogWorker:Storage Directory /workdir/hadoop-ozone/ozonefs/target/test-dir/MiniOzoneClusterImpl-fc9dd688-9bec-4f1c-ac5e-6dbbab7389e4/datanode-1/data/ratis/94ce3940-f349-4b90-b069-28ffe5d1645a for RaftStorage:Storage Directory /workdir/hadoop-ozone/ozonefs/target/test-dir/MiniOzoneClusterImpl-fc9dd688-9bec-4f1c-ac5e-6dbbab7389e4/datanode-1/data/ratis/94ce3940-f349-4b90-b069-28ffe5d1645a
2019-09-12 11:48:08,140 [pool-621-thread-1] INFO  server.RaftServerConfigKeys (ConfUtils.java:logGet(43)) - raft.server.log.queue.byte-limit = 2147483647 (custom)
2019-09-12 11:48:08,141 [pool-621-thread-1] INFO  server.RaftServerConfigKeys (ConfUtils.java:logGet(43)) - raft.server.log.queue.element-limit = 1024 (custom)
2019-09-12 11:48:08,141 [pool-621-thread-1] INFO  server.RaftServerConfigKeys (ConfUtils.java:logGet(43)) - raft.server.log.segment.size.max = 1048576 (custom)
2019-09-12 11:48:08,141 [pool-621-thread-1] INFO  server.RaftServerConfigKeys (ConfUtils.java:logGet(43)) - raft.server.log.preallocated.size = 16384 (custom)
2019-09-12 11:48:08,141 [pool-621-thread-1] INFO  server.RaftServerConfigKeys (ConfUtils.java:logGet(43)) - raft.server.log.write.buffer.size = 33554432 (custom)
2019-09-12 11:48:08,141 [pool-621-thread-1] INFO  server.RaftServerConfigKeys (ConfUtils.java:logGet(43)) - raft.server.log.force.sync.num = 128 (default)
2019-09-12 11:48:08,141 [pool-621-thread-1] INFO  server.RaftServerConfigKeys (ConfUtils.java:logGet(43)) - raft.server.log.statemachine.data.sync = true (default)
2019-09-12 11:48:08,141 [pool-621-thread-1] INFO  server.RaftServerConfigKeys (ConfUtils.java:logGet(43)) - raft.server.log.statemachine.data.sync.timeout = 10s (default)
2019-09-12 11:48:08,141 [pool-621-thread-1] INFO  server.RaftServerConfigKeys (ConfUtils.java:logGet(43)) - raft.server.log.statemachine.data.sync.timeout.retry = -1 (default)
2019-09-12 11:48:08,141 [pool-621-thread-1] INFO  server.RaftServerConfigKeys (ConfUtils.java:logGet(43)) - raft.server.log.statemachine.data.caching.enabled = true (custom)
2019-09-12 11:48:08,142 [pool-621-thread-1] INFO  segmented.SegmentedRaftLogWorker (SegmentedRaftLogWorker.java:lambda$new$0(132)) - ca72735a-502b-4542-8f03-a6a1dea70d9f-SegmentedRaftLogWorker:Storage Directory /workdir/hadoop-ozone/ozonefs/target/test-dir/MiniOzoneClusterImpl-fc9dd688-9bec-4f1c-ac5e-6dbbab7389e4/datanode-1/data/ratis/94ce3940-f349-4b90-b069-28ffe5d1645a: flushIndex: setUnconditionally 0 -> -1
2019-09-12 11:48:08,142 [pool-621-thread-1] INFO  server.RaftServerConfigKeys (ConfUtils.java:logGet(43)) - raft.server.snapshot.auto.trigger.enabled = true (custom)
2019-09-12 11:48:08,142 [pool-621-thread-1] INFO  server.RaftServerConfigKeys (ConfUtils.java:logGet(43)) - raft.server.snapshot.auto.trigger.threshold = 10000 (custom)
2019-09-12 11:48:08,142 [pool-621-thread-1] INFO  server.RaftServerConfigKeys (ConfUtils.java:logGet(43)) - raft.server.retrycache.expirytime = 600000ms (custom)
2019-09-12 11:48:08,142 [pool-621-thread-1] INFO  impl.RaftServerImpl (RaftServerImpl.java:start(180)) - ca72735a-502b-4542-8f03-a6a1dea70d9f: start group-28FFE5D1645A
2019-09-12 11:48:08,142 [pool-621-thread-1] INFO  impl.RaftServerImpl (RaftServerImpl.java:setRole(171)) - ca72735a-502b-4542-8f03-a6a1dea70d9f:group-28FFE5D1645A changes role from null to FOLLOWER at term 0 for startAsFollower
2019-09-12 11:48:08,142 [pool-621-thread-1] INFO  impl.RoleInfo (RoleInfo.java:updateAndGet(143)) - ca72735a-502b-4542-8f03-a6a1dea70d9f: start FollowerState
2019-09-12 11:48:08,143 [pool-621-thread-1] INFO  util.JmxRegister (JmxRegister.java:tryRegister(44)) - Successfully registered JMX Bean with object name Ratis:service=RaftServer,group=group-28FFE5D1645A,id=ca72735a-502b-4542-8f03-a6a1dea70d9f
2019-09-12 11:48:08,145 [RatisPipelineUtilsThread] INFO  pipeline.PipelineStateManager (PipelineStateManager.java:addPipeline(56)) - Created pipeline Pipeline[ Id: 94ce3940-f349-4b90-b069-28ffe5d1645a, Nodes: ca72735a-502b-4542-8f03-a6a1dea70d9f{ip: 192.168.36.114, host: pr-hdds-1569-58hkm-1881083799, networkLocation: /default-rack, certSerialId: null}, Type:RATIS, Factor:ONE, State:OPEN]
2019-09-12 11:48:08,145 [RatisPipelineUtilsThread] ERROR pipeline.PipelinePlacementPolicy (PipelinePlacementPolicy.java:meetCriteria(92)) - Pipeline Placement: Doesn't meet the criteria to be viable node. Heaviness: 6
2019-09-12 11:48:08,149 [grpc-default-executor-0] INFO  impl.RaftServerProxy (RaftServerProxy.java:addNew(89)) - ca72735a-502b-4542-8f03-a6a1dea70d9f: addNew group-D8A1A05F6391:[ca72735a-502b-4542-8f03-a6a1dea70d9f:192.168.36.114:33386] returns group-D8A1A05F6391:java.util.concurrent.CompletableFuture@71ac6e47[Not completed]
2019-09-12 11:48:08,150 [pool-621-thread-1] INFO  impl.RaftServerImpl (RaftServerImpl.java:<init>(93)) - ca72735a-502b-4542-8f03-a6a1dea70d9f: new RaftServerImpl for group-D8A1A05F6391:[ca72735a-502b-4542-8f03-a6a1dea70d9f:192.168.36.114:33386] with ContainerStateMachine:uninitialized
2019-09-12 11:48:08,151 [pool-621-thread-1] INFO  server.RaftServerConfigKeys (ConfUtils.java:logGet(43)) - raft.server.rpc.timeout.min = 5s (custom)
2019-09-12 11:48:08,151 [pool-621-thread-1] INFO  server.RaftServerConfigKeys (ConfUtils.java:logGet(43)) - raft.server.rpc.timeout.max = 5200ms (custom)
2019-09-12 11:48:08,151 [pool-621-thread-1] INFO  server.RaftServerConfigKeys (ConfUtils.java:logGet(43)) - raft.server.rpcslowness.timeout = 120s (custom)
2019-09-12 11:48:08,151 [pool-621-thread-1] INFO  server.RaftServerConfigKeys (ConfUtils.java:logGet(43)) - raft.server.sleep.deviation.threshold = 300 (default)
2019-09-12 11:48:08,151 [pool-621-thread-1] INFO  server.RaftServerConfigKeys (ConfUtils.java:logGet(43)) - raft.server.log.appender.install.snapshot.enabled = false (custom)
2019-09-12 11:48:08,151 [pool-621-thread-1] INFO  impl.RaftServerImpl (ServerState.java:<init>(105)) - ca72735a-502b-4542-8f03-a6a1dea70d9f:group-D8A1A05F6391 ConfigurationManager, init=-1: [ca72735a-502b-4542-8f03-a6a1dea70d9f:192.168.36.114:33386], old=null, confs=<EMPTY_MAP>
2019-09-12 11:48:08,151 [pool-621-thread-1] INFO  server.RaftServerConfigKeys (ConfUtils.java:logGet(43)) - raft.server.storage.dir = [/workdir/hadoop-ozone/ozonefs/target/test-dir/MiniOzoneClusterImpl-fc9dd688-9bec-4f1c-ac5e-6dbbab7389e4/datanode-1/data/ratis] (custom)
2019-09-12 11:48:08,152 [pool-621-thread-1] INFO  storage.RaftStorageDirectory (RaftStorageDirectory.java:analyzeStorage(246)) - The storage directory /workdir/hadoop-ozone/ozonefs/target/test-dir/MiniOzoneClusterImpl-fc9dd688-9bec-4f1c-ac5e-6dbbab7389e4/datanode-1/data/ratis/0a476f7d-5235-469f-8fa7-d8a1a05f6391 does not exist. Creating ...
2019-09-12 11:48:08,164 [pool-621-thread-1] INFO  storage.RaftStorageDirectory (RaftStorageDirectory.java:tryLock(328)) - Lock on /workdir/hadoop-ozone/ozonefs/target/test-dir/MiniOzoneClusterImpl-fc9dd688-9bec-4f1c-ac5e-6dbbab7389e4/datanode-1/data/ratis/0a476f7d-5235-469f-8fa7-d8a1a05f6391/in_use.lock acquired by nodename 10706@pr-hdds-1569-58hkm-1881083799
2019-09-12 11:48:08,177 [pool-621-thread-1] INFO  storage.RaftStorage (RaftStorage.java:format(72)) - Storage directory /workdir/hadoop-ozone/ozonefs/target/test-dir/MiniOzoneClusterImpl-fc9dd688-9bec-4f1c-ac5e-6dbbab7389e4/datanode-1/data/ratis/0a476f7d-5235-469f-8fa7-d8a1a05f6391 has been successfully formatted.
2019-09-12 11:48:08,177 [pool-621-thread-1] INFO  ratis.ContainerStateMachine (ContainerStateMachine.java:loadSnapshot(226)) - group-D8A1A05F6391: The snapshot info is null. Setting the last applied indexto:(t:0, i:~)
2019-09-12 11:48:08,177 [pool-621-thread-1] INFO  server.RaftServerConfigKeys (ConfUtils.java:logGet(43)) - raft.server.leader.election.timeout = 120s (custom)
2019-09-12 11:48:08,177 [pool-621-thread-1] INFO  server.RaftServerConfigKeys (ConfUtils.java:logGet(43)) - raft.server.log.use.memory = false (default)
2019-09-12 11:48:08,177 [pool-621-thread-1] INFO  server.RaftServerConfigKeys (ConfUtils.java:logGet(43)) - raft.server.log.purge.gap = 1000000 (custom)
2019-09-12 11:48:08,177 [pool-621-thread-1] INFO  server.RaftServerConfigKeys (ConfUtils.java:logGet(43)) - raft.server.log.appender.buffer.byte-limit = 33554432 (custom)
2019-09-12 11:48:08,177 [pool-621-thread-1] INFO  server.RaftServerConfigKeys (ConfUtils.java:logGet(43)) - raft.server.log.segment.size.max = 1048576 (custom)
2019-09-12 11:48:08,177 [pool-621-thread-1] INFO  server.RaftServerConfigKeys (ConfUtils.java:logGet(43)) - raft.server.log.segment.cache.num.max = 2 (custom)
2019-09-12 11:48:08,178 [pool-621-thread-1] INFO  segmented.SegmentedRaftLogWorker (SegmentedRaftLogWorker.java:<init>(172)) - new ca72735a-502b-4542-8f03-a6a1dea70d9f-SegmentedRaftLogWorker:Storage Directory /workdir/hadoop-ozone/ozonefs/target/test-dir/MiniOzoneClusterImpl-fc9dd688-9bec-4f1c-ac5e-6dbbab7389e4/datanode-1/data/ratis/0a476f7d-5235-469f-8fa7-d8a1a05f6391 for RaftStorage:Storage Directory /workdir/hadoop-ozone/ozonefs/target/test-dir/MiniOzoneClusterImpl-fc9dd688-9bec-4f1c-ac5e-6dbbab7389e4/datanode-1/data/ratis/0a476f7d-5235-469f-8fa7-d8a1a05f6391
2019-09-12 11:48:08,178 [pool-621-thread-1] INFO  server.RaftServerConfigKeys (ConfUtils.java:logGet(43)) - raft.server.log.queue.byte-limit = 2147483647 (custom)
2019-09-12 11:48:08,178 [pool-621-thread-1] INFO  server.RaftServerConfigKeys (ConfUtils.java:logGet(43)) - raft.server.log.queue.element-limit = 1024 (custom)
2019-09-12 11:48:08,178 [pool-621-thread-1] INFO  server.RaftServerConfigKeys (ConfUtils.java:logGet(43)) - raft.server.log.segment.size.max = 1048576 (custom)
2019-09-12 11:48:08,178 [pool-621-thread-1] INFO  server.RaftServerConfigKeys (ConfUtils.java:logGet(43)) - raft.server.log.preallocated.size = 16384 (custom)
2019-09-12 11:48:08,178 [pool-621-thread-1] INFO  server.RaftServerConfigKeys (ConfUtils.java:logGet(43)) - raft.server.log.write.buffer.size = 33554432 (custom)
2019-09-12 11:48:08,178 [pool-621-thread-1] INFO  server.RaftServerConfigKeys (ConfUtils.java:logGet(43)) - raft.server.log.force.sync.num = 128 (default)
2019-09-12 11:48:08,178 [pool-621-thread-1] INFO  server.RaftServerConfigKeys (ConfUtils.java:logGet(43)) - raft.server.log.statemachine.data.sync = true (default)
2019-09-12 11:48:08,178 [pool-621-thread-1] INFO  server.RaftServerConfigKeys (ConfUtils.java:logGet(43)) - raft.server.log.statemachine.data.sync.timeout = 10s (default)
2019-09-12 11:48:08,178 [pool-621-thread-1] INFO  server.RaftServerConfigKeys (ConfUtils.java:logGet(43)) - raft.server.log.statemachine.data.sync.timeout.retry = -1 (default)
2019-09-12 11:48:08,179 [pool-621-thread-1] INFO  server.RaftServerConfigKeys (ConfUtils.java:logGet(43)) - raft.server.log.statemachine.data.caching.enabled = true (custom)
2019-09-12 11:48:08,179 [IPC Server handler 1 on 45631] INFO  net.NetworkTopology (NetworkTopologyImpl.java:add(110)) - Added a new node: /default-rack/b4fabe70-9e10-4755-9f3f-0d1bb3aebfc7
2019-09-12 11:48:08,179 [pool-621-thread-1] INFO  segmented.SegmentedRaftLogWorker (SegmentedRaftLogWorker.java:lambda$new$0(132)) - ca72735a-502b-4542-8f03-a6a1dea70d9f-SegmentedRaftLogWorker:Storage Directory /workdir/hadoop-ozone/ozonefs/target/test-dir/MiniOzoneClusterImpl-fc9dd688-9bec-4f1c-ac5e-6dbbab7389e4/datanode-1/data/ratis/0a476f7d-5235-469f-8fa7-d8a1a05f6391: flushIndex: setUnconditionally 0 -> -1
2019-09-12 11:48:08,179 [IPC Server handler 1 on 45631] INFO  node.SCMNodeManager (SCMNodeManager.java:register(273)) - Registered Data node : b4fabe70-9e10-4755-9f3f-0d1bb3aebfc7{ip: 192.168.36.114, host: pr-hdds-1569-58hkm-1881083799, networkLocation: /default-rack, certSerialId: null}
2019-09-12 11:48:08,179 [main] INFO  ozone.MiniOzoneClusterImpl (MiniOzoneClusterImpl.java:lambda$waitForClusterToBeReady$0(142)) - Cluster is ready. Got 3 of 3 DN Heartbeats.
2019-09-12 11:48:08,179 [pool-621-thread-1] INFO  server.RaftServerConfigKeys (ConfUtils.java:logGet(43)) - raft.server.snapshot.auto.trigger.enabled = true (custom)
2019-09-12 11:48:08,179 [pool-621-thread-1] INFO  server.RaftServerConfigKeys (ConfUtils.java:logGet(43)) - raft.server.snapshot.auto.trigger.threshold = 10000 (custom)
2019-09-12 11:48:08,180 [pool-621-thread-1] INFO  server.RaftServerConfigKeys (ConfUtils.java:logGet(43)) - raft.server.retrycache.expirytime = 600000ms (custom)
2019-09-12 11:48:08,180 | INFO  | SCMAudit | user=jenkins1000 | ip=192.168.36.114 | op=REGISTER {datanodeDetails=b4fabe70-9e10-4755-9f3f-0d1bb3aebfc7{ip: 192.168.36.114, host: pr-hdds-1569-58hkm-1881083799, networkLocation: /default-rack, certSerialId: null}} | ret=SUCCESS |  
2019-09-12 11:48:08,180 [pool-621-thread-1] INFO  impl.RaftServerImpl (RaftServerImpl.java:start(180)) - ca72735a-502b-4542-8f03-a6a1dea70d9f: start group-D8A1A05F6391
2019-09-12 11:48:08,180 [pool-621-thread-1] INFO  impl.RaftServerImpl (RaftServerImpl.java:setRole(171)) - ca72735a-502b-4542-8f03-a6a1dea70d9f:group-D8A1A05F6391 changes role from null to FOLLOWER at term 0 for startAsFollower
2019-09-12 11:48:08,180 [pool-621-thread-1] INFO  impl.RoleInfo (RoleInfo.java:updateAndGet(143)) - ca72735a-502b-4542-8f03-a6a1dea70d9f: start FollowerState
2019-09-12 11:48:08,180 [pool-621-thread-1] INFO  util.JmxRegister (JmxRegister.java:tryRegister(44)) - Successfully registered JMX Bean with object name Ratis:service=RaftServer,group=group-D8A1A05F6391,id=ca72735a-502b-4542-8f03-a6a1dea70d9f
2019-09-12 11:48:08,183 [RatisPipelineUtilsThread] INFO  pipeline.PipelineStateManager (PipelineStateManager.java:addPipeline(56)) - Created pipeline Pipeline[ Id: 0a476f7d-5235-469f-8fa7-d8a1a05f6391, Nodes: ca72735a-502b-4542-8f03-a6a1dea70d9f{ip: 192.168.36.114, host: pr-hdds-1569-58hkm-1881083799, networkLocation: /default-rack, certSerialId: null}, Type:RATIS, Factor:ONE, State:OPEN]
2019-09-12 11:48:08,183 [RatisPipelineUtilsThread] ERROR pipeline.PipelinePlacementPolicy (PipelinePlacementPolicy.java:meetCriteria(92)) - Pipeline Placement: Doesn't meet the criteria to be viable node. Heaviness: 6
2019-09-12 11:48:08,184 [RatisPipelineUtilsThread] ERROR pipeline.PipelinePlacementPolicy (PipelinePlacementPolicy.java:meetCriteria(92)) - Pipeline Placement: Doesn't meet the criteria to be viable node. Heaviness: 6
2019-09-12 11:48:08,191 [grpc-default-executor-0] INFO  impl.RaftServerProxy (RaftServerProxy.java:addNew(89)) - b4fabe70-9e10-4755-9f3f-0d1bb3aebfc7: addNew group-729073B8CA96:[b4fabe70-9e10-4755-9f3f-0d1bb3aebfc7:192.168.36.114:46562] returns group-729073B8CA96:java.util.concurrent.CompletableFuture@4428e368[Not completed]
2019-09-12 11:48:08,192 [pool-632-thread-1] INFO  impl.RaftServerImpl (RaftServerImpl.java:<init>(93)) - b4fabe70-9e10-4755-9f3f-0d1bb3aebfc7: new RaftServerImpl for group-729073B8CA96:[b4fabe70-9e10-4755-9f3f-0d1bb3aebfc7:192.168.36.114:46562] with ContainerStateMachine:uninitialized
2019-09-12 11:48:08,192 [pool-632-thread-1] INFO  server.RaftServerConfigKeys (ConfUtils.java:logGet(43)) - raft.server.rpc.timeout.min = 5s (custom)
2019-09-12 11:48:08,192 [pool-632-thread-1] INFO  server.RaftServerConfigKeys (ConfUtils.java:logGet(43)) - raft.server.rpc.timeout.max = 5200ms (custom)
2019-09-12 11:48:08,192 [pool-632-thread-1] INFO  server.RaftServerConfigKeys (ConfUtils.java:logGet(43)) - raft.server.rpcslowness.timeout = 120s (custom)
2019-09-12 11:48:08,192 [pool-632-thread-1] INFO  server.RaftServerConfigKeys (ConfUtils.java:logGet(43)) - raft.server.sleep.deviation.threshold = 300 (default)
2019-09-12 11:48:08,192 [pool-632-thread-1] INFO  server.RaftServerConfigKeys (ConfUtils.java:logGet(43)) - raft.server.log.appender.install.snapshot.enabled = false (custom)
2019-09-12 11:48:08,193 [pool-632-thread-1] INFO  impl.RaftServerImpl (ServerState.java:<init>(105)) - b4fabe70-9e10-4755-9f3f-0d1bb3aebfc7:group-729073B8CA96 ConfigurationManager, init=-1: [b4fabe70-9e10-4755-9f3f-0d1bb3aebfc7:192.168.36.114:46562], old=null, confs=<EMPTY_MAP>
2019-09-12 11:48:08,193 [pool-632-thread-1] INFO  server.RaftServerConfigKeys (ConfUtils.java:logGet(43)) - raft.server.storage.dir = [/workdir/hadoop-ozone/ozonefs/target/test-dir/MiniOzoneClusterImpl-fc9dd688-9bec-4f1c-ac5e-6dbbab7389e4/datanode-2/data/ratis] (custom)
2019-09-12 11:48:08,193 [pool-632-thread-1] INFO  storage.RaftStorageDirectory (RaftStorageDirectory.java:analyzeStorage(246)) - The storage directory /workdir/hadoop-ozone/ozonefs/target/test-dir/MiniOzoneClusterImpl-fc9dd688-9bec-4f1c-ac5e-6dbbab7389e4/datanode-2/data/ratis/a732b3fe-0631-4040-a10e-729073b8ca96 does not exist. Creating ...
2019-09-12 11:48:08,206 [pool-632-thread-1] INFO  storage.RaftStorageDirectory (RaftStorageDirectory.java:tryLock(328)) - Lock on /workdir/hadoop-ozone/ozonefs/target/test-dir/MiniOzoneClusterImpl-fc9dd688-9bec-4f1c-ac5e-6dbbab7389e4/datanode-2/data/ratis/a732b3fe-0631-4040-a10e-729073b8ca96/in_use.lock acquired by nodename 10706@pr-hdds-1569-58hkm-1881083799
2019-09-12 11:48:08,218 [pool-632-thread-1] INFO  storage.RaftStorage (RaftStorage.java:format(72)) - Storage directory /workdir/hadoop-ozone/ozonefs/target/test-dir/MiniOzoneClusterImpl-fc9dd688-9bec-4f1c-ac5e-6dbbab7389e4/datanode-2/data/ratis/a732b3fe-0631-4040-a10e-729073b8ca96 has been successfully formatted.
2019-09-12 11:48:08,219 [pool-632-thread-1] INFO  ratis.ContainerStateMachine (ContainerStateMachine.java:loadSnapshot(226)) - group-729073B8CA96: The snapshot info is null. Setting the last applied indexto:(t:0, i:~)
2019-09-12 11:48:08,219 [pool-632-thread-1] INFO  server.RaftServerConfigKeys (ConfUtils.java:logGet(43)) - raft.server.leader.election.timeout = 120s (custom)
2019-09-12 11:48:08,219 [pool-632-thread-1] INFO  server.RaftServerConfigKeys (ConfUtils.java:logGet(43)) - raft.server.log.use.memory = false (default)
2019-09-12 11:48:08,219 [pool-632-thread-1] INFO  server.RaftServerConfigKeys (ConfUtils.java:logGet(43)) - raft.server.log.purge.gap = 1000000 (custom)
2019-09-12 11:48:08,219 [pool-632-thread-1] INFO  server.RaftServerConfigKeys (ConfUtils.java:logGet(43)) - raft.server.log.appender.buffer.byte-limit = 33554432 (custom)
2019-09-12 11:48:08,219 [pool-632-thread-1] INFO  server.RaftServerConfigKeys (ConfUtils.java:logGet(43)) - raft.server.log.segment.size.max = 1048576 (custom)
2019-09-12 11:48:08,219 [pool-632-thread-1] INFO  server.RaftServerConfigKeys (ConfUtils.java:logGet(43)) - raft.server.log.segment.cache.num.max = 2 (custom)
2019-09-12 11:48:08,219 [pool-632-thread-1] INFO  segmented.SegmentedRaftLogWorker (SegmentedRaftLogWorker.java:<init>(172)) - new b4fabe70-9e10-4755-9f3f-0d1bb3aebfc7-SegmentedRaftLogWorker:Storage Directory /workdir/hadoop-ozone/ozonefs/target/test-dir/MiniOzoneClusterImpl-fc9dd688-9bec-4f1c-ac5e-6dbbab7389e4/datanode-2/data/ratis/a732b3fe-0631-4040-a10e-729073b8ca96 for RaftStorage:Storage Directory /workdir/hadoop-ozone/ozonefs/target/test-dir/MiniOzoneClusterImpl-fc9dd688-9bec-4f1c-ac5e-6dbbab7389e4/datanode-2/data/ratis/a732b3fe-0631-4040-a10e-729073b8ca96
2019-09-12 11:48:08,219 [pool-632-thread-1] INFO  server.RaftServerConfigKeys (ConfUtils.java:logGet(43)) - raft.server.log.queue.byte-limit = 2147483647 (custom)
2019-09-12 11:48:08,220 [pool-632-thread-1] INFO  server.RaftServerConfigKeys (ConfUtils.java:logGet(43)) - raft.server.log.queue.element-limit = 1024 (custom)
2019-09-12 11:48:08,220 [pool-632-thread-1] INFO  server.RaftServerConfigKeys (ConfUtils.java:logGet(43)) - raft.server.log.segment.size.max = 1048576 (custom)
2019-09-12 11:48:08,220 [pool-632-thread-1] INFO  server.RaftServerConfigKeys (ConfUtils.java:logGet(43)) - raft.server.log.preallocated.size = 16384 (custom)
2019-09-12 11:48:08,220 [pool-632-thread-1] INFO  server.RaftServerConfigKeys (ConfUtils.java:logGet(43)) - raft.server.log.write.buffer.size = 33554432 (custom)
2019-09-12 11:48:08,220 [pool-632-thread-1] INFO  server.RaftServerConfigKeys (ConfUtils.java:logGet(43)) - raft.server.log.force.sync.num = 128 (default)
2019-09-12 11:48:08,220 [pool-632-thread-1] INFO  server.RaftServerConfigKeys (ConfUtils.java:logGet(43)) - raft.server.log.statemachine.data.sync = true (default)
2019-09-12 11:48:08,220 [pool-632-thread-1] INFO  server.RaftServerConfigKeys (ConfUtils.java:logGet(43)) - raft.server.log.statemachine.data.sync.timeout = 10s (default)
2019-09-12 11:48:08,220 [pool-632-thread-1] INFO  server.RaftServerConfigKeys (ConfUtils.java:logGet(43)) - raft.server.log.statemachine.data.sync.timeout.retry = -1 (default)
2019-09-12 11:48:08,220 [pool-632-thread-1] INFO  server.RaftServerConfigKeys (ConfUtils.java:logGet(43)) - raft.server.log.statemachine.data.caching.enabled = true (custom)
2019-09-12 11:48:08,221 [pool-632-thread-1] INFO  segmented.SegmentedRaftLogWorker (SegmentedRaftLogWorker.java:lambda$new$0(132)) - b4fabe70-9e10-4755-9f3f-0d1bb3aebfc7-SegmentedRaftLogWorker:Storage Directory /workdir/hadoop-ozone/ozonefs/target/test-dir/MiniOzoneClusterImpl-fc9dd688-9bec-4f1c-ac5e-6dbbab7389e4/datanode-2/data/ratis/a732b3fe-0631-4040-a10e-729073b8ca96: flushIndex: setUnconditionally 0 -> -1
2019-09-12 11:48:08,221 [pool-632-thread-1] INFO  server.RaftServerConfigKeys (ConfUtils.java:logGet(43)) - raft.server.snapshot.auto.trigger.enabled = true (custom)
2019-09-12 11:48:08,221 [pool-632-thread-1] INFO  server.RaftServerConfigKeys (ConfUtils.java:logGet(43)) - raft.server.snapshot.auto.trigger.threshold = 10000 (custom)
2019-09-12 11:48:08,221 [pool-632-thread-1] INFO  server.RaftServerConfigKeys (ConfUtils.java:logGet(43)) - raft.server.retrycache.expirytime = 600000ms (custom)
2019-09-12 11:48:08,221 [pool-632-thread-1] INFO  impl.RaftServerImpl (RaftServerImpl.java:start(180)) - b4fabe70-9e10-4755-9f3f-0d1bb3aebfc7: start group-729073B8CA96
2019-09-12 11:48:08,221 [pool-632-thread-1] INFO  impl.RaftServerImpl (RaftServerImpl.java:setRole(171)) - b4fabe70-9e10-4755-9f3f-0d1bb3aebfc7:group-729073B8CA96 changes role from null to FOLLOWER at term 0 for startAsFollower
2019-09-12 11:48:08,221 [pool-632-thread-1] INFO  impl.RoleInfo (RoleInfo.java:updateAndGet(143)) - b4fabe70-9e10-4755-9f3f-0d1bb3aebfc7: start FollowerState
2019-09-12 11:48:08,222 [pool-632-thread-1] INFO  util.JmxRegister (JmxRegister.java:tryRegister(44)) - Successfully registered JMX Bean with object name Ratis:service=RaftServer,group=group-729073B8CA96,id=b4fabe70-9e10-4755-9f3f-0d1bb3aebfc7
2019-09-12 11:48:08,224 [RatisPipelineUtilsThread] INFO  pipeline.PipelineStateManager (PipelineStateManager.java:addPipeline(56)) - Created pipeline Pipeline[ Id: a732b3fe-0631-4040-a10e-729073b8ca96, Nodes: b4fabe70-9e10-4755-9f3f-0d1bb3aebfc7{ip: 192.168.36.114, host: pr-hdds-1569-58hkm-1881083799, networkLocation: /default-rack, certSerialId: null}, Type:RATIS, Factor:ONE, State:OPEN]
2019-09-12 11:48:08,224 [RatisPipelineUtilsThread] ERROR pipeline.PipelinePlacementPolicy (PipelinePlacementPolicy.java:meetCriteria(92)) - Pipeline Placement: Doesn't meet the criteria to be viable node. Heaviness: 6
2019-09-12 11:48:08,224 [RatisPipelineUtilsThread] ERROR pipeline.PipelinePlacementPolicy (PipelinePlacementPolicy.java:meetCriteria(92)) - Pipeline Placement: Doesn't meet the criteria to be viable node. Heaviness: 6
2019-09-12 11:48:08,228 [grpc-default-executor-0] INFO  impl.RaftServerProxy (RaftServerProxy.java:addNew(89)) - b4fabe70-9e10-4755-9f3f-0d1bb3aebfc7: addNew group-D3F49AA6921C:[b4fabe70-9e10-4755-9f3f-0d1bb3aebfc7:192.168.36.114:46562] returns group-D3F49AA6921C:java.util.concurrent.CompletableFuture@7a1ce3e8[Not completed]
2019-09-12 11:48:08,229 [pool-632-thread-1] INFO  impl.RaftServerImpl (RaftServerImpl.java:<init>(93)) - b4fabe70-9e10-4755-9f3f-0d1bb3aebfc7: new RaftServerImpl for group-D3F49AA6921C:[b4fabe70-9e10-4755-9f3f-0d1bb3aebfc7:192.168.36.114:46562] with ContainerStateMachine:uninitialized
2019-09-12 11:48:08,229 [pool-632-thread-1] INFO  server.RaftServerConfigKeys (ConfUtils.java:logGet(43)) - raft.server.rpc.timeout.min = 5s (custom)
2019-09-12 11:48:08,229 [pool-632-thread-1] INFO  server.RaftServerConfigKeys (ConfUtils.java:logGet(43)) - raft.server.rpc.timeout.max = 5200ms (custom)
2019-09-12 11:48:08,229 [pool-632-thread-1] INFO  server.RaftServerConfigKeys (ConfUtils.java:logGet(43)) - raft.server.rpcslowness.timeout = 120s (custom)
2019-09-12 11:48:08,229 [pool-632-thread-1] INFO  server.RaftServerConfigKeys (ConfUtils.java:logGet(43)) - raft.server.sleep.deviation.threshold = 300 (default)
2019-09-12 11:48:08,229 [pool-632-thread-1] INFO  server.RaftServerConfigKeys (ConfUtils.java:logGet(43)) - raft.server.log.appender.install.snapshot.enabled = false (custom)
2019-09-12 11:48:08,229 [pool-632-thread-1] INFO  impl.RaftServerImpl (ServerState.java:<init>(105)) - b4fabe70-9e10-4755-9f3f-0d1bb3aebfc7:group-D3F49AA6921C ConfigurationManager, init=-1: [b4fabe70-9e10-4755-9f3f-0d1bb3aebfc7:192.168.36.114:46562], old=null, confs=<EMPTY_MAP>
2019-09-12 11:48:08,229 [pool-632-thread-1] INFO  server.RaftServerConfigKeys (ConfUtils.java:logGet(43)) - raft.server.storage.dir = [/workdir/hadoop-ozone/ozonefs/target/test-dir/MiniOzoneClusterImpl-fc9dd688-9bec-4f1c-ac5e-6dbbab7389e4/datanode-2/data/ratis] (custom)
2019-09-12 11:48:08,230 [pool-632-thread-1] INFO  storage.RaftStorageDirectory (RaftStorageDirectory.java:analyzeStorage(246)) - The storage directory /workdir/hadoop-ozone/ozonefs/target/test-dir/MiniOzoneClusterImpl-fc9dd688-9bec-4f1c-ac5e-6dbbab7389e4/datanode-2/data/ratis/45baf813-d8d2-465d-9ed9-d3f49aa6921c does not exist. Creating ...
2019-09-12 11:48:08,242 [pool-632-thread-1] INFO  storage.RaftStorageDirectory (RaftStorageDirectory.java:tryLock(328)) - Lock on /workdir/hadoop-ozone/ozonefs/target/test-dir/MiniOzoneClusterImpl-fc9dd688-9bec-4f1c-ac5e-6dbbab7389e4/datanode-2/data/ratis/45baf813-d8d2-465d-9ed9-d3f49aa6921c/in_use.lock acquired by nodename 10706@pr-hdds-1569-58hkm-1881083799
2019-09-12 11:48:08,253 [pool-632-thread-1] INFO  storage.RaftStorage (RaftStorage.java:format(72)) - Storage directory /workdir/hadoop-ozone/ozonefs/target/test-dir/MiniOzoneClusterImpl-fc9dd688-9bec-4f1c-ac5e-6dbbab7389e4/datanode-2/data/ratis/45baf813-d8d2-465d-9ed9-d3f49aa6921c has been successfully formatted.
2019-09-12 11:48:08,253 [pool-632-thread-1] INFO  ratis.ContainerStateMachine (ContainerStateMachine.java:loadSnapshot(226)) - group-D3F49AA6921C: The snapshot info is null. Setting the last applied indexto:(t:0, i:~)
2019-09-12 11:48:08,253 [pool-632-thread-1] INFO  server.RaftServerConfigKeys (ConfUtils.java:logGet(43)) - raft.server.leader.election.timeout = 120s (custom)
2019-09-12 11:48:08,253 [pool-632-thread-1] INFO  server.RaftServerConfigKeys (ConfUtils.java:logGet(43)) - raft.server.log.use.memory = false (default)
2019-09-12 11:48:08,253 [pool-632-thread-1] INFO  server.RaftServerConfigKeys (ConfUtils.java:logGet(43)) - raft.server.log.purge.gap = 1000000 (custom)
2019-09-12 11:48:08,253 [pool-632-thread-1] INFO  server.RaftServerConfigKeys (ConfUtils.java:logGet(43)) - raft.server.log.appender.buffer.byte-limit = 33554432 (custom)
2019-09-12 11:48:08,253 [pool-632-thread-1] INFO  server.RaftServerConfigKeys (ConfUtils.java:logGet(43)) - raft.server.log.segment.size.max = 1048576 (custom)
2019-09-12 11:48:08,253 [pool-632-thread-1] INFO  server.RaftServerConfigKeys (ConfUtils.java:logGet(43)) - raft.server.log.segment.cache.num.max = 2 (custom)
2019-09-12 11:48:08,413 [pool-632-thread-1] INFO  segmented.SegmentedRaftLogWorker (SegmentedRaftLogWorker.java:<init>(172)) - new b4fabe70-9e10-4755-9f3f-0d1bb3aebfc7-SegmentedRaftLogWorker:Storage Directory /workdir/hadoop-ozone/ozonefs/target/test-dir/MiniOzoneClusterImpl-fc9dd688-9bec-4f1c-ac5e-6dbbab7389e4/datanode-2/data/ratis/45baf813-d8d2-465d-9ed9-d3f49aa6921c for RaftStorage:Storage Directory /workdir/hadoop-ozone/ozonefs/target/test-dir/MiniOzoneClusterImpl-fc9dd688-9bec-4f1c-ac5e-6dbbab7389e4/datanode-2/data/ratis/45baf813-d8d2-465d-9ed9-d3f49aa6921c
2019-09-12 11:48:08,417 [pool-632-thread-1] INFO  server.RaftServerConfigKeys (ConfUtils.java:logGet(43)) - raft.server.log.queue.byte-limit = 2147483647 (custom)
2019-09-12 11:48:08,417 [pool-632-thread-1] INFO  server.RaftServerConfigKeys (ConfUtils.java:logGet(43)) - raft.server.log.queue.element-limit = 1024 (custom)
2019-09-12 11:48:08,425 [pool-632-thread-1] INFO  server.RaftServerConfigKeys (ConfUtils.java:logGet(43)) - raft.server.log.segment.size.max = 1048576 (custom)
2019-09-12 11:48:08,425 [pool-632-thread-1] INFO  server.RaftServerConfigKeys (ConfUtils.java:logGet(43)) - raft.server.log.preallocated.size = 16384 (custom)
2019-09-12 11:48:08,425 [pool-632-thread-1] INFO  server.RaftServerConfigKeys (ConfUtils.java:logGet(43)) - raft.server.log.write.buffer.size = 33554432 (custom)
2019-09-12 11:48:08,429 [pool-632-thread-1] INFO  server.RaftServerConfigKeys (ConfUtils.java:logGet(43)) - raft.server.log.force.sync.num = 128 (default)
2019-09-12 11:48:08,432 [pool-632-thread-1] INFO  server.RaftServerConfigKeys (ConfUtils.java:logGet(43)) - raft.server.log.statemachine.data.sync = true (default)
2019-09-12 11:48:08,438 [pool-632-thread-1] INFO  server.RaftServerConfigKeys (ConfUtils.java:logGet(43)) - raft.server.log.statemachine.data.sync.timeout = 10s (default)
2019-09-12 11:48:08,440 [pool-632-thread-1] INFO  server.RaftServerConfigKeys (ConfUtils.java:logGet(43)) - raft.server.log.statemachine.data.sync.timeout.retry = -1 (default)
2019-09-12 11:48:08,447 [pool-632-thread-1] INFO  server.RaftServerConfigKeys (ConfUtils.java:logGet(43)) - raft.server.log.statemachine.data.caching.enabled = true (custom)
2019-09-12 11:48:08,453 [pool-632-thread-1] INFO  segmented.SegmentedRaftLogWorker (SegmentedRaftLogWorker.java:lambda$new$0(132)) - b4fabe70-9e10-4755-9f3f-0d1bb3aebfc7-SegmentedRaftLogWorker:Storage Directory /workdir/hadoop-ozone/ozonefs/target/test-dir/MiniOzoneClusterImpl-fc9dd688-9bec-4f1c-ac5e-6dbbab7389e4/datanode-2/data/ratis/45baf813-d8d2-465d-9ed9-d3f49aa6921c: flushIndex: setUnconditionally 0 -> -1
2019-09-12 11:48:08,472 [pool-632-thread-1] INFO  server.RaftServerConfigKeys (ConfUtils.java:logGet(43)) - raft.server.snapshot.auto.trigger.enabled = true (custom)
2019-09-12 11:48:08,480 [pool-632-thread-1] INFO  server.RaftServerConfigKeys (ConfUtils.java:logGet(43)) - raft.server.snapshot.auto.trigger.threshold = 10000 (custom)
2019-09-12 11:48:08,483 [pool-632-thread-1] INFO  server.RaftServerConfigKeys (ConfUtils.java:logGet(43)) - raft.server.retrycache.expirytime = 600000ms (custom)
2019-09-12 11:48:08,484 [pool-632-thread-1] INFO  impl.RaftServerImpl (RaftServerImpl.java:start(180)) - b4fabe70-9e10-4755-9f3f-0d1bb3aebfc7: start group-D3F49AA6921C
2019-09-12 11:48:08,486 [pool-632-thread-1] INFO  impl.RaftServerImpl (RaftServerImpl.java:setRole(171)) - b4fabe70-9e10-4755-9f3f-0d1bb3aebfc7:group-D3F49AA6921C changes role from null to FOLLOWER at term 0 for startAsFollower
2019-09-12 11:48:08,488 [pool-632-thread-1] INFO  impl.RoleInfo (RoleInfo.java:updateAndGet(143)) - b4fabe70-9e10-4755-9f3f-0d1bb3aebfc7: start FollowerState
2019-09-12 11:48:08,491 [pool-632-thread-1] INFO  util.JmxRegister (JmxRegister.java:tryRegister(44)) - Successfully registered JMX Bean with object name Ratis:service=RaftServer,group=group-D3F49AA6921C,id=b4fabe70-9e10-4755-9f3f-0d1bb3aebfc7
2019-09-12 11:48:08,522 [RatisPipelineUtilsThread] INFO  pipeline.PipelineStateManager (PipelineStateManager.java:addPipeline(56)) - Created pipeline Pipeline[ Id: 45baf813-d8d2-465d-9ed9-d3f49aa6921c, Nodes: b4fabe70-9e10-4755-9f3f-0d1bb3aebfc7{ip: 192.168.36.114, host: pr-hdds-1569-58hkm-1881083799, networkLocation: /default-rack, certSerialId: null}, Type:RATIS, Factor:ONE, State:OPEN]
2019-09-12 11:48:08,522 [RatisPipelineUtilsThread] ERROR pipeline.PipelinePlacementPolicy (PipelinePlacementPolicy.java:meetCriteria(92)) - Pipeline Placement: Doesn't meet the criteria to be viable node. Heaviness: 6
2019-09-12 11:48:08,523 [RatisPipelineUtilsThread] ERROR pipeline.PipelinePlacementPolicy (PipelinePlacementPolicy.java:meetCriteria(92)) - Pipeline Placement: Doesn't meet the criteria to be viable node. Heaviness: 6
2019-09-12 11:48:08,528 [grpc-default-executor-0] INFO  impl.RaftServerProxy (RaftServerProxy.java:addNew(89)) - b4fabe70-9e10-4755-9f3f-0d1bb3aebfc7: addNew group-A277B749B35F:[b4fabe70-9e10-4755-9f3f-0d1bb3aebfc7:192.168.36.114:46562] returns group-A277B749B35F:java.util.concurrent.CompletableFuture@36d7e91f[Not completed]
2019-09-12 11:48:08,529 [pool-632-thread-1] INFO  impl.RaftServerImpl (RaftServerImpl.java:<init>(93)) - b4fabe70-9e10-4755-9f3f-0d1bb3aebfc7: new RaftServerImpl for group-A277B749B35F:[b4fabe70-9e10-4755-9f3f-0d1bb3aebfc7:192.168.36.114:46562] with ContainerStateMachine:uninitialized
2019-09-12 11:48:08,529 [pool-632-thread-1] INFO  server.RaftServerConfigKeys (ConfUtils.java:logGet(43)) - raft.server.rpc.timeout.min = 5s (custom)
2019-09-12 11:48:08,529 [pool-632-thread-1] INFO  server.RaftServerConfigKeys (ConfUtils.java:logGet(43)) - raft.server.rpc.timeout.max = 5200ms (custom)
2019-09-12 11:48:08,529 [pool-632-thread-1] INFO  server.RaftServerConfigKeys (ConfUtils.java:logGet(43)) - raft.server.rpcslowness.timeout = 120s (custom)
2019-09-12 11:48:08,529 [pool-632-thread-1] INFO  server.RaftServerConfigKeys (ConfUtils.java:logGet(43)) - raft.server.sleep.deviation.threshold = 300 (default)
2019-09-12 11:48:08,529 [pool-632-thread-1] INFO  server.RaftServerConfigKeys (ConfUtils.java:logGet(43)) - raft.server.log.appender.install.snapshot.enabled = false (custom)
2019-09-12 11:48:08,529 [pool-632-thread-1] INFO  impl.RaftServerImpl (ServerState.java:<init>(105)) - b4fabe70-9e10-4755-9f3f-0d1bb3aebfc7:group-A277B749B35F ConfigurationManager, init=-1: [b4fabe70-9e10-4755-9f3f-0d1bb3aebfc7:192.168.36.114:46562], old=null, confs=<EMPTY_MAP>
2019-09-12 11:48:08,529 [pool-632-thread-1] INFO  server.RaftServerConfigKeys (ConfUtils.java:logGet(43)) - raft.server.storage.dir = [/workdir/hadoop-ozone/ozonefs/target/test-dir/MiniOzoneClusterImpl-fc9dd688-9bec-4f1c-ac5e-6dbbab7389e4/datanode-2/data/ratis] (custom)
2019-09-12 11:48:08,530 [pool-632-thread-1] INFO  storage.RaftStorageDirectory (RaftStorageDirectory.java:analyzeStorage(246)) - The storage directory /workdir/hadoop-ozone/ozonefs/target/test-dir/MiniOzoneClusterImpl-fc9dd688-9bec-4f1c-ac5e-6dbbab7389e4/datanode-2/data/ratis/199a0b43-8ec9-48f7-9e6e-a277b749b35f does not exist. Creating ...
2019-09-12 11:48:08,554 [pool-632-thread-1] INFO  storage.RaftStorageDirectory (RaftStorageDirectory.java:tryLock(328)) - Lock on /workdir/hadoop-ozone/ozonefs/target/test-dir/MiniOzoneClusterImpl-fc9dd688-9bec-4f1c-ac5e-6dbbab7389e4/datanode-2/data/ratis/199a0b43-8ec9-48f7-9e6e-a277b749b35f/in_use.lock acquired by nodename 10706@pr-hdds-1569-58hkm-1881083799
2019-09-12 11:48:08,567 [pool-632-thread-1] INFO  storage.RaftStorage (RaftStorage.java:format(72)) - Storage directory /workdir/hadoop-ozone/ozonefs/target/test-dir/MiniOzoneClusterImpl-fc9dd688-9bec-4f1c-ac5e-6dbbab7389e4/datanode-2/data/ratis/199a0b43-8ec9-48f7-9e6e-a277b749b35f has been successfully formatted.
2019-09-12 11:48:08,567 [pool-632-thread-1] INFO  ratis.ContainerStateMachine (ContainerStateMachine.java:loadSnapshot(226)) - group-A277B749B35F: The snapshot info is null. Setting the last applied indexto:(t:0, i:~)
2019-09-12 11:48:08,567 [pool-632-thread-1] INFO  server.RaftServerConfigKeys (ConfUtils.java:logGet(43)) - raft.server.leader.election.timeout = 120s (custom)
2019-09-12 11:48:08,567 [pool-632-thread-1] INFO  server.RaftServerConfigKeys (ConfUtils.java:logGet(43)) - raft.server.log.use.memory = false (default)
2019-09-12 11:48:08,568 [pool-632-thread-1] INFO  server.RaftServerConfigKeys (ConfUtils.java:logGet(43)) - raft.server.log.purge.gap = 1000000 (custom)
2019-09-12 11:48:08,568 [pool-632-thread-1] INFO  server.RaftServerConfigKeys (ConfUtils.java:logGet(43)) - raft.server.log.appender.buffer.byte-limit = 33554432 (custom)
2019-09-12 11:48:08,568 [pool-632-thread-1] INFO  server.RaftServerConfigKeys (ConfUtils.java:logGet(43)) - raft.server.log.segment.size.max = 1048576 (custom)
2019-09-12 11:48:08,568 [pool-632-thread-1] INFO  server.RaftServerConfigKeys (ConfUtils.java:logGet(43)) - raft.server.log.segment.cache.num.max = 2 (custom)
2019-09-12 11:48:08,568 [pool-632-thread-1] INFO  segmented.SegmentedRaftLogWorker (SegmentedRaftLogWorker.java:<init>(172)) - new b4fabe70-9e10-4755-9f3f-0d1bb3aebfc7-SegmentedRaftLogWorker:Storage Directory /workdir/hadoop-ozone/ozonefs/target/test-dir/MiniOzoneClusterImpl-fc9dd688-9bec-4f1c-ac5e-6dbbab7389e4/datanode-2/data/ratis/199a0b43-8ec9-48f7-9e6e-a277b749b35f for RaftStorage:Storage Directory /workdir/hadoop-ozone/ozonefs/target/test-dir/MiniOzoneClusterImpl-fc9dd688-9bec-4f1c-ac5e-6dbbab7389e4/datanode-2/data/ratis/199a0b43-8ec9-48f7-9e6e-a277b749b35f
2019-09-12 11:48:08,568 [pool-632-thread-1] INFO  server.RaftServerConfigKeys (ConfUtils.java:logGet(43)) - raft.server.log.queue.byte-limit = 2147483647 (custom)
2019-09-12 11:48:08,568 [pool-632-thread-1] INFO  server.RaftServerConfigKeys (ConfUtils.java:logGet(43)) - raft.server.log.queue.element-limit = 1024 (custom)
2019-09-12 11:48:08,568 [pool-632-thread-1] INFO  server.RaftServerConfigKeys (ConfUtils.java:logGet(43)) - raft.server.log.segment.size.max = 1048576 (custom)
2019-09-12 11:48:08,568 [pool-632-thread-1] INFO  server.RaftServerConfigKeys (ConfUtils.java:logGet(43)) - raft.server.log.preallocated.size = 16384 (custom)
2019-09-12 11:48:08,569 [pool-632-thread-1] INFO  server.RaftServerConfigKeys (ConfUtils.java:logGet(43)) - raft.server.log.write.buffer.size = 33554432 (custom)
2019-09-12 11:48:08,569 [pool-632-thread-1] INFO  server.RaftServerConfigKeys (ConfUtils.java:logGet(43)) - raft.server.log.force.sync.num = 128 (default)
2019-09-12 11:48:08,569 [pool-632-thread-1] INFO  server.RaftServerConfigKeys (ConfUtils.java:logGet(43)) - raft.server.log.statemachine.data.sync = true (default)
2019-09-12 11:48:08,569 [pool-632-thread-1] INFO  server.RaftServerConfigKeys (ConfUtils.java:logGet(43)) - raft.server.log.statemachine.data.sync.timeout = 10s (default)
2019-09-12 11:48:08,569 [pool-632-thread-1] INFO  server.RaftServerConfigKeys (ConfUtils.java:logGet(43)) - raft.server.log.statemachine.data.sync.timeout.retry = -1 (default)
2019-09-12 11:48:08,569 [pool-632-thread-1] INFO  server.RaftServerConfigKeys (ConfUtils.java:logGet(43)) - raft.server.log.statemachine.data.caching.enabled = true (custom)
2019-09-12 11:48:08,569 [pool-632-thread-1] INFO  segmented.SegmentedRaftLogWorker (SegmentedRaftLogWorker.java:lambda$new$0(132)) - b4fabe70-9e10-4755-9f3f-0d1bb3aebfc7-SegmentedRaftLogWorker:Storage Directory /workdir/hadoop-ozone/ozonefs/target/test-dir/MiniOzoneClusterImpl-fc9dd688-9bec-4f1c-ac5e-6dbbab7389e4/datanode-2/data/ratis/199a0b43-8ec9-48f7-9e6e-a277b749b35f: flushIndex: setUnconditionally 0 -> -1
2019-09-12 11:48:08,570 [pool-632-thread-1] INFO  server.RaftServerConfigKeys (ConfUtils.java:logGet(43)) - raft.server.snapshot.auto.trigger.enabled = true (custom)
2019-09-12 11:48:08,570 [pool-632-thread-1] INFO  server.RaftServerConfigKeys (ConfUtils.java:logGet(43)) - raft.server.snapshot.auto.trigger.threshold = 10000 (custom)
2019-09-12 11:48:08,570 [pool-632-thread-1] INFO  server.RaftServerConfigKeys (ConfUtils.java:logGet(43)) - raft.server.retrycache.expirytime = 600000ms (custom)
2019-09-12 11:48:08,570 [pool-632-thread-1] INFO  impl.RaftServerImpl (RaftServerImpl.java:start(180)) - b4fabe70-9e10-4755-9f3f-0d1bb3aebfc7: start group-A277B749B35F
2019-09-12 11:48:08,570 [pool-632-thread-1] INFO  impl.RaftServerImpl (RaftServerImpl.java:setRole(171)) - b4fabe70-9e10-4755-9f3f-0d1bb3aebfc7:group-A277B749B35F changes role from null to FOLLOWER at term 0 for startAsFollower
2019-09-12 11:48:08,570 [pool-632-thread-1] INFO  impl.RoleInfo (RoleInfo.java:updateAndGet(143)) - b4fabe70-9e10-4755-9f3f-0d1bb3aebfc7: start FollowerState
2019-09-12 11:48:08,571 [pool-632-thread-1] INFO  util.JmxRegister (JmxRegister.java:tryRegister(44)) - Successfully registered JMX Bean with object name Ratis:service=RaftServer,group=group-A277B749B35F,id=b4fabe70-9e10-4755-9f3f-0d1bb3aebfc7
2019-09-12 11:48:08,573 [RatisPipelineUtilsThread] INFO  pipeline.PipelineStateManager (PipelineStateManager.java:addPipeline(56)) - Created pipeline Pipeline[ Id: 199a0b43-8ec9-48f7-9e6e-a277b749b35f, Nodes: b4fabe70-9e10-4755-9f3f-0d1bb3aebfc7{ip: 192.168.36.114, host: pr-hdds-1569-58hkm-1881083799, networkLocation: /default-rack, certSerialId: null}, Type:RATIS, Factor:ONE, State:OPEN]
2019-09-12 11:48:08,573 [RatisPipelineUtilsThread] ERROR pipeline.PipelinePlacementPolicy (PipelinePlacementPolicy.java:meetCriteria(92)) - Pipeline Placement: Doesn't meet the criteria to be viable node. Heaviness: 6
2019-09-12 11:48:08,574 [RatisPipelineUtilsThread] ERROR pipeline.PipelinePlacementPolicy (PipelinePlacementPolicy.java:meetCriteria(92)) - Pipeline Placement: Doesn't meet the criteria to be viable node. Heaviness: 6
2019-09-12 11:48:08,578 [grpc-default-executor-0] INFO  impl.RaftServerProxy (RaftServerProxy.java:addNew(89)) - b4fabe70-9e10-4755-9f3f-0d1bb3aebfc7: addNew group-180107D320E8:[b4fabe70-9e10-4755-9f3f-0d1bb3aebfc7:192.168.36.114:46562] returns group-180107D320E8:java.util.concurrent.CompletableFuture@5e473f9a[Not completed]
2019-09-12 11:48:08,579 [pool-632-thread-1] INFO  impl.RaftServerImpl (RaftServerImpl.java:<init>(93)) - b4fabe70-9e10-4755-9f3f-0d1bb3aebfc7: new RaftServerImpl for group-180107D320E8:[b4fabe70-9e10-4755-9f3f-0d1bb3aebfc7:192.168.36.114:46562] with ContainerStateMachine:uninitialized
2019-09-12 11:48:08,579 [pool-632-thread-1] INFO  server.RaftServerConfigKeys (ConfUtils.java:logGet(43)) - raft.server.rpc.timeout.min = 5s (custom)
2019-09-12 11:48:08,579 [pool-632-thread-1] INFO  server.RaftServerConfigKeys (ConfUtils.java:logGet(43)) - raft.server.rpc.timeout.max = 5200ms (custom)
2019-09-12 11:48:08,579 [pool-632-thread-1] INFO  server.RaftServerConfigKeys (ConfUtils.java:logGet(43)) - raft.server.rpcslowness.timeout = 120s (custom)
2019-09-12 11:48:08,579 [pool-632-thread-1] INFO  server.RaftServerConfigKeys (ConfUtils.java:logGet(43)) - raft.server.sleep.deviation.threshold = 300 (default)
2019-09-12 11:48:08,579 [pool-632-thread-1] INFO  server.RaftServerConfigKeys (ConfUtils.java:logGet(43)) - raft.server.log.appender.install.snapshot.enabled = false (custom)
2019-09-12 11:48:08,579 [pool-632-thread-1] INFO  impl.RaftServerImpl (ServerState.java:<init>(105)) - b4fabe70-9e10-4755-9f3f-0d1bb3aebfc7:group-180107D320E8 ConfigurationManager, init=-1: [b4fabe70-9e10-4755-9f3f-0d1bb3aebfc7:192.168.36.114:46562], old=null, confs=<EMPTY_MAP>
2019-09-12 11:48:08,580 [pool-632-thread-1] INFO  server.RaftServerConfigKeys (ConfUtils.java:logGet(43)) - raft.server.storage.dir = [/workdir/hadoop-ozone/ozonefs/target/test-dir/MiniOzoneClusterImpl-fc9dd688-9bec-4f1c-ac5e-6dbbab7389e4/datanode-2/data/ratis] (custom)
2019-09-12 11:48:08,580 [pool-632-thread-1] INFO  storage.RaftStorageDirectory (RaftStorageDirectory.java:analyzeStorage(246)) - The storage directory /workdir/hadoop-ozone/ozonefs/target/test-dir/MiniOzoneClusterImpl-fc9dd688-9bec-4f1c-ac5e-6dbbab7389e4/datanode-2/data/ratis/651bcc90-c3d0-4869-9f7c-180107d320e8 does not exist. Creating ...
2019-09-12 11:48:08,594 [pool-632-thread-1] INFO  storage.RaftStorageDirectory (RaftStorageDirectory.java:tryLock(328)) - Lock on /workdir/hadoop-ozone/ozonefs/target/test-dir/MiniOzoneClusterImpl-fc9dd688-9bec-4f1c-ac5e-6dbbab7389e4/datanode-2/data/ratis/651bcc90-c3d0-4869-9f7c-180107d320e8/in_use.lock acquired by nodename 10706@pr-hdds-1569-58hkm-1881083799
2019-09-12 11:48:08,600 | INFO  | OMAudit | user=jenkins1000 | ip=127.0.0.1 | op=CREATE_VOLUME {admin=admin08520, owner=user41455, volume=volume06264, creationTime=1568288888599, quotaInBytes=1152921504606846976} | ret=SUCCESS |  
2019-09-12 11:48:08,607 [pool-632-thread-1] INFO  storage.RaftStorage (RaftStorage.java:format(72)) - Storage directory /workdir/hadoop-ozone/ozonefs/target/test-dir/MiniOzoneClusterImpl-fc9dd688-9bec-4f1c-ac5e-6dbbab7389e4/datanode-2/data/ratis/651bcc90-c3d0-4869-9f7c-180107d320e8 has been successfully formatted.
2019-09-12 11:48:08,607 | INFO  | OMAudit | user=jenkins1000 | ip=127.0.0.1 | op=CREATE_BUCKET {volume=volume06264, bucket=bucket75549, acls=[], isVersionEnabled=false, storageType=DISK, creationTime=0} | ret=SUCCESS |  
2019-09-12 11:48:08,607 [pool-632-thread-1] INFO  ratis.ContainerStateMachine (ContainerStateMachine.java:loadSnapshot(226)) - group-180107D320E8: The snapshot info is null. Setting the last applied indexto:(t:0, i:~)
2019-09-12 11:48:08,607 [pool-632-thread-1] INFO  server.RaftServerConfigKeys (ConfUtils.java:logGet(43)) - raft.server.leader.election.timeout = 120s (custom)
2019-09-12 11:48:08,608 [pool-632-thread-1] INFO  server.RaftServerConfigKeys (ConfUtils.java:logGet(43)) - raft.server.log.use.memory = false (default)
2019-09-12 11:48:08,609 [pool-632-thread-1] INFO  server.RaftServerConfigKeys (ConfUtils.java:logGet(43)) - raft.server.log.purge.gap = 1000000 (custom)
2019-09-12 11:48:08,609 [pool-632-thread-1] INFO  server.RaftServerConfigKeys (ConfUtils.java:logGet(43)) - raft.server.log.appender.buffer.byte-limit = 33554432 (custom)
2019-09-12 11:48:08,609 [pool-632-thread-1] INFO  server.RaftServerConfigKeys (ConfUtils.java:logGet(43)) - raft.server.log.segment.size.max = 1048576 (custom)
2019-09-12 11:48:08,609 [pool-632-thread-1] INFO  server.RaftServerConfigKeys (ConfUtils.java:logGet(43)) - raft.server.log.segment.cache.num.max = 2 (custom)
2019-09-12 11:48:08,609 [pool-632-thread-1] INFO  segmented.SegmentedRaftLogWorker (SegmentedRaftLogWorker.java:<init>(172)) - new b4fabe70-9e10-4755-9f3f-0d1bb3aebfc7-SegmentedRaftLogWorker:Storage Directory /workdir/hadoop-ozone/ozonefs/target/test-dir/MiniOzoneClusterImpl-fc9dd688-9bec-4f1c-ac5e-6dbbab7389e4/datanode-2/data/ratis/651bcc90-c3d0-4869-9f7c-180107d320e8 for RaftStorage:Storage Directory /workdir/hadoop-ozone/ozonefs/target/test-dir/MiniOzoneClusterImpl-fc9dd688-9bec-4f1c-ac5e-6dbbab7389e4/datanode-2/data/ratis/651bcc90-c3d0-4869-9f7c-180107d320e8
2019-09-12 11:48:08,609 [pool-632-thread-1] INFO  server.RaftServerConfigKeys (ConfUtils.java:logGet(43)) - raft.server.log.queue.byte-limit = 2147483647 (custom)
2019-09-12 11:48:08,609 [pool-632-thread-1] INFO  server.RaftServerConfigKeys (ConfUtils.java:logGet(43)) - raft.server.log.queue.element-limit = 1024 (custom)
2019-09-12 11:48:08,609 [pool-632-thread-1] INFO  server.RaftServerConfigKeys (ConfUtils.java:logGet(43)) - raft.server.log.segment.size.max = 1048576 (custom)
2019-09-12 11:48:08,609 [pool-632-thread-1] INFO  server.RaftServerConfigKeys (ConfUtils.java:logGet(43)) - raft.server.log.preallocated.size = 16384 (custom)
2019-09-12 11:48:08,609 [pool-632-thread-1] INFO  server.RaftServerConfigKeys (ConfUtils.java:logGet(43)) - raft.server.log.write.buffer.size = 33554432 (custom)
2019-09-12 11:48:08,610 [pool-632-thread-1] INFO  server.RaftServerConfigKeys (ConfUtils.java:logGet(43)) - raft.server.log.force.sync.num = 128 (default)
2019-09-12 11:48:08,610 [pool-632-thread-1] INFO  server.RaftServerConfigKeys (ConfUtils.java:logGet(43)) - raft.server.log.statemachine.data.sync = true (default)
2019-09-12 11:48:08,610 [pool-632-thread-1] INFO  server.RaftServerConfigKeys (ConfUtils.java:logGet(43)) - raft.server.log.statemachine.data.sync.timeout = 10s (default)
2019-09-12 11:48:08,610 [pool-632-thread-1] INFO  server.RaftServerConfigKeys (ConfUtils.java:logGet(43)) - raft.server.log.statemachine.data.sync.timeout.retry = -1 (default)
2019-09-12 11:48:08,610 [pool-632-thread-1] INFO  server.RaftServerConfigKeys (ConfUtils.java:logGet(43)) - raft.server.log.statemachine.data.caching.enabled = true (custom)
2019-09-12 11:48:08,610 [pool-632-thread-1] INFO  segmented.SegmentedRaftLogWorker (SegmentedRaftLogWorker.java:lambda$new$0(132)) - b4fabe70-9e10-4755-9f3f-0d1bb3aebfc7-SegmentedRaftLogWorker:Storage Directory /workdir/hadoop-ozone/ozonefs/target/test-dir/MiniOzoneClusterImpl-fc9dd688-9bec-4f1c-ac5e-6dbbab7389e4/datanode-2/data/ratis/651bcc90-c3d0-4869-9f7c-180107d320e8: flushIndex: setUnconditionally 0 -> -1
2019-09-12 11:48:08,610 [pool-632-thread-1] INFO  server.RaftServerConfigKeys (ConfUtils.java:logGet(43)) - raft.server.snapshot.auto.trigger.enabled = true (custom)
2019-09-12 11:48:08,611 [pool-632-thread-1] INFO  server.RaftServerConfigKeys (ConfUtils.java:logGet(43)) - raft.server.snapshot.auto.trigger.threshold = 10000 (custom)
2019-09-12 11:48:08,611 [pool-632-thread-1] INFO  server.RaftServerConfigKeys (ConfUtils.java:logGet(43)) - raft.server.retrycache.expirytime = 600000ms (custom)
2019-09-12 11:48:08,611 [pool-632-thread-1] INFO  impl.RaftServerImpl (RaftServerImpl.java:start(180)) - b4fabe70-9e10-4755-9f3f-0d1bb3aebfc7: start group-180107D320E8
2019-09-12 11:48:08,611 [pool-632-thread-1] INFO  impl.RaftServerImpl (RaftServerImpl.java:setRole(171)) - b4fabe70-9e10-4755-9f3f-0d1bb3aebfc7:group-180107D320E8 changes role from null to FOLLOWER at term 0 for startAsFollower
2019-09-12 11:48:08,611 [pool-632-thread-1] INFO  impl.RoleInfo (RoleInfo.java:updateAndGet(143)) - b4fabe70-9e10-4755-9f3f-0d1bb3aebfc7: start FollowerState
2019-09-12 11:48:08,611 [pool-632-thread-1] INFO  util.JmxRegister (JmxRegister.java:tryRegister(44)) - Successfully registered JMX Bean with object name Ratis:service=RaftServer,group=group-180107D320E8,id=b4fabe70-9e10-4755-9f3f-0d1bb3aebfc7
2019-09-12 11:48:08,633 [RatisPipelineUtilsThread] INFO  pipeline.PipelineStateManager (PipelineStateManager.java:addPipeline(56)) - Created pipeline Pipeline[ Id: 651bcc90-c3d0-4869-9f7c-180107d320e8, Nodes: b4fabe70-9e10-4755-9f3f-0d1bb3aebfc7{ip: 192.168.36.114, host: pr-hdds-1569-58hkm-1881083799, networkLocation: /default-rack, certSerialId: null}, Type:RATIS, Factor:ONE, State:OPEN]
2019-09-12 11:48:08,633 [RatisPipelineUtilsThread] ERROR pipeline.PipelinePlacementPolicy (PipelinePlacementPolicy.java:meetCriteria(92)) - Pipeline Placement: Doesn't meet the criteria to be viable node. Heaviness: 6
2019-09-12 11:48:08,633 [RatisPipelineUtilsThread] ERROR pipeline.PipelinePlacementPolicy (PipelinePlacementPolicy.java:meetCriteria(92)) - Pipeline Placement: Doesn't meet the criteria to be viable node. Heaviness: 6
2019-09-12 11:48:08,636 | INFO  | OMAudit | user=jenkins1000 | ip=127.0.0.1 | op=READ_VOLUME {volume=volume06264} | ret=SUCCESS |  
2019-09-12 11:48:08,638 [grpc-default-executor-0] INFO  impl.RaftServerProxy (RaftServerProxy.java:addNew(89)) - b4fabe70-9e10-4755-9f3f-0d1bb3aebfc7: addNew group-922AD3A32067:[b4fabe70-9e10-4755-9f3f-0d1bb3aebfc7:192.168.36.114:46562] returns group-922AD3A32067:java.util.concurrent.CompletableFuture@59c31311[Not completed]
2019-09-12 11:48:08,638 | INFO  | OMAudit | user=jenkins1000 | ip=127.0.0.1 | op=READ_BUCKET {volume=volume06264, bucket=bucket75549} | ret=SUCCESS |  
2019-09-12 11:48:08,638 [pool-632-thread-1] INFO  impl.RaftServerImpl (RaftServerImpl.java:<init>(93)) - b4fabe70-9e10-4755-9f3f-0d1bb3aebfc7: new RaftServerImpl for group-922AD3A32067:[b4fabe70-9e10-4755-9f3f-0d1bb3aebfc7:192.168.36.114:46562] with ContainerStateMachine:uninitialized
2019-09-12 11:48:08,638 [pool-632-thread-1] INFO  server.RaftServerConfigKeys (ConfUtils.java:logGet(43)) - raft.server.rpc.timeout.min = 5s (custom)
2019-09-12 11:48:08,639 [pool-632-thread-1] INFO  server.RaftServerConfigKeys (ConfUtils.java:logGet(43)) - raft.server.rpc.timeout.max = 5200ms (custom)
2019-09-12 11:48:08,639 [pool-632-thread-1] INFO  server.RaftServerConfigKeys (ConfUtils.java:logGet(43)) - raft.server.rpcslowness.timeout = 120s (custom)
2019-09-12 11:48:08,639 [pool-632-thread-1] INFO  server.RaftServerConfigKeys (ConfUtils.java:logGet(43)) - raft.server.sleep.deviation.threshold = 300 (default)
2019-09-12 11:48:08,639 [pool-632-thread-1] INFO  server.RaftServerConfigKeys (ConfUtils.java:logGet(43)) - raft.server.log.appender.install.snapshot.enabled = false (custom)
2019-09-12 11:48:08,639 [pool-632-thread-1] INFO  impl.RaftServerImpl (ServerState.java:<init>(105)) - b4fabe70-9e10-4755-9f3f-0d1bb3aebfc7:group-922AD3A32067 ConfigurationManager, init=-1: [b4fabe70-9e10-4755-9f3f-0d1bb3aebfc7:192.168.36.114:46562], old=null, confs=<EMPTY_MAP>
2019-09-12 11:48:08,639 [pool-632-thread-1] INFO  server.RaftServerConfigKeys (ConfUtils.java:logGet(43)) - raft.server.storage.dir = [/workdir/hadoop-ozone/ozonefs/target/test-dir/MiniOzoneClusterImpl-fc9dd688-9bec-4f1c-ac5e-6dbbab7389e4/datanode-2/data/ratis] (custom)
2019-09-12 11:48:08,639 [pool-632-thread-1] INFO  storage.RaftStorageDirectory (RaftStorageDirectory.java:analyzeStorage(246)) - The storage directory /workdir/hadoop-ozone/ozonefs/target/test-dir/MiniOzoneClusterImpl-fc9dd688-9bec-4f1c-ac5e-6dbbab7389e4/datanode-2/data/ratis/a78225d6-4626-4b69-b249-922ad3a32067 does not exist. Creating ...
2019-09-12 11:48:08,652 [pool-632-thread-1] INFO  storage.RaftStorageDirectory (RaftStorageDirectory.java:tryLock(328)) - Lock on /workdir/hadoop-ozone/ozonefs/target/test-dir/MiniOzoneClusterImpl-fc9dd688-9bec-4f1c-ac5e-6dbbab7389e4/datanode-2/data/ratis/a78225d6-4626-4b69-b249-922ad3a32067/in_use.lock acquired by nodename 10706@pr-hdds-1569-58hkm-1881083799
2019-09-12 11:48:08,664 [pool-632-thread-1] INFO  storage.RaftStorage (RaftStorage.java:format(72)) - Storage directory /workdir/hadoop-ozone/ozonefs/target/test-dir/MiniOzoneClusterImpl-fc9dd688-9bec-4f1c-ac5e-6dbbab7389e4/datanode-2/data/ratis/a78225d6-4626-4b69-b249-922ad3a32067 has been successfully formatted.
2019-09-12 11:48:08,664 [pool-632-thread-1] INFO  ratis.ContainerStateMachine (ContainerStateMachine.java:loadSnapshot(226)) - group-922AD3A32067: The snapshot info is null. Setting the last applied indexto:(t:0, i:~)
2019-09-12 11:48:08,664 [pool-632-thread-1] INFO  server.RaftServerConfigKeys (ConfUtils.java:logGet(43)) - raft.server.leader.election.timeout = 120s (custom)
2019-09-12 11:48:08,664 [pool-632-thread-1] INFO  server.RaftServerConfigKeys (ConfUtils.java:logGet(43)) - raft.server.log.use.memory = false (default)
2019-09-12 11:48:08,664 [pool-632-thread-1] INFO  server.RaftServerConfigKeys (ConfUtils.java:logGet(43)) - raft.server.log.purge.gap = 1000000 (custom)
2019-09-12 11:48:08,664 [pool-632-thread-1] INFO  server.RaftServerConfigKeys (ConfUtils.java:logGet(43)) - raft.server.log.appender.buffer.byte-limit = 33554432 (custom)
2019-09-12 11:48:08,664 [pool-632-thread-1] INFO  server.RaftServerConfigKeys (ConfUtils.java:logGet(43)) - raft.server.log.segment.size.max = 1048576 (custom)
2019-09-12 11:48:08,665 [pool-632-thread-1] INFO  server.RaftServerConfigKeys (ConfUtils.java:logGet(43)) - raft.server.log.segment.cache.num.max = 2 (custom)
2019-09-12 11:48:08,665 [pool-632-thread-1] INFO  segmented.SegmentedRaftLogWorker (SegmentedRaftLogWorker.java:<init>(172)) - new b4fabe70-9e10-4755-9f3f-0d1bb3aebfc7-SegmentedRaftLogWorker:Storage Directory /workdir/hadoop-ozone/ozonefs/target/test-dir/MiniOzoneClusterImpl-fc9dd688-9bec-4f1c-ac5e-6dbbab7389e4/datanode-2/data/ratis/a78225d6-4626-4b69-b249-922ad3a32067 for RaftStorage:Storage Directory /workdir/hadoop-ozone/ozonefs/target/test-dir/MiniOzoneClusterImpl-fc9dd688-9bec-4f1c-ac5e-6dbbab7389e4/datanode-2/data/ratis/a78225d6-4626-4b69-b249-922ad3a32067
2019-09-12 11:48:08,665 [pool-632-thread-1] INFO  server.RaftServerConfigKeys (ConfUtils.java:logGet(43)) - raft.server.log.queue.byte-limit = 2147483647 (custom)
2019-09-12 11:48:08,665 [pool-632-thread-1] INFO  server.RaftServerConfigKeys (ConfUtils.java:logGet(43)) - raft.server.log.queue.element-limit = 1024 (custom)
2019-09-12 11:48:08,665 [pool-632-thread-1] INFO  server.RaftServerConfigKeys (ConfUtils.java:logGet(43)) - raft.server.log.segment.size.max = 1048576 (custom)
2019-09-12 11:48:08,665 [pool-632-thread-1] INFO  server.RaftServerConfigKeys (ConfUtils.java:logGet(43)) - raft.server.log.preallocated.size = 16384 (custom)
2019-09-12 11:48:08,665 [pool-632-thread-1] INFO  server.RaftServerConfigKeys (ConfUtils.java:logGet(43)) - raft.server.log.write.buffer.size = 33554432 (custom)
2019-09-12 11:48:08,665 [pool-632-thread-1] INFO  server.RaftServerConfigKeys (ConfUtils.java:logGet(43)) - raft.server.log.force.sync.num = 128 (default)
2019-09-12 11:48:08,665 [pool-632-thread-1] INFO  server.RaftServerConfigKeys (ConfUtils.java:logGet(43)) - raft.server.log.statemachine.data.sync = true (default)
2019-09-12 11:48:08,665 [pool-632-thread-1] INFO  server.RaftServerConfigKeys (ConfUtils.java:logGet(43)) - raft.server.log.statemachine.data.sync.timeout = 10s (default)
2019-09-12 11:48:08,665 [pool-632-thread-1] INFO  server.RaftServerConfigKeys (ConfUtils.java:logGet(43)) - raft.server.log.statemachine.data.sync.timeout.retry = -1 (default)
2019-09-12 11:48:08,666 [pool-632-thread-1] INFO  server.RaftServerConfigKeys (ConfUtils.java:logGet(43)) - raft.server.log.statemachine.data.caching.enabled = true (custom)
2019-09-12 11:48:08,666 [pool-632-thread-1] INFO  segmented.SegmentedRaftLogWorker (SegmentedRaftLogWorker.java:lambda$new$0(132)) - b4fabe70-9e10-4755-9f3f-0d1bb3aebfc7-SegmentedRaftLogWorker:Storage Directory /workdir/hadoop-ozone/ozonefs/target/test-dir/MiniOzoneClusterImpl-fc9dd688-9bec-4f1c-ac5e-6dbbab7389e4/datanode-2/data/ratis/a78225d6-4626-4b69-b249-922ad3a32067: flushIndex: setUnconditionally 0 -> -1
2019-09-12 11:48:08,666 [pool-632-thread-1] INFO  server.RaftServerConfigKeys (ConfUtils.java:logGet(43)) - raft.server.snapshot.auto.trigger.enabled = true (custom)
2019-09-12 11:48:08,666 [pool-632-thread-1] INFO  server.RaftServerConfigKeys (ConfUtils.java:logGet(43)) - raft.server.snapshot.auto.trigger.threshold = 10000 (custom)
2019-09-12 11:48:08,666 [pool-632-thread-1] INFO  server.RaftServerConfigKeys (ConfUtils.java:logGet(43)) - raft.server.retrycache.expirytime = 600000ms (custom)
2019-09-12 11:48:08,666 [pool-632-thread-1] INFO  impl.RaftServerImpl (RaftServerImpl.java:start(180)) - b4fabe70-9e10-4755-9f3f-0d1bb3aebfc7: start group-922AD3A32067
2019-09-12 11:48:08,666 [pool-632-thread-1] INFO  impl.RaftServerImpl (RaftServerImpl.java:setRole(171)) - b4fabe70-9e10-4755-9f3f-0d1bb3aebfc7:group-922AD3A32067 changes role from null to FOLLOWER at term 0 for startAsFollower
2019-09-12 11:48:08,667 [pool-632-thread-1] INFO  impl.RoleInfo (RoleInfo.java:updateAndGet(143)) - b4fabe70-9e10-4755-9f3f-0d1bb3aebfc7: start FollowerState
2019-09-12 11:48:08,667 [pool-632-thread-1] INFO  util.JmxRegister (JmxRegister.java:tryRegister(44)) - Successfully registered JMX Bean with object name Ratis:service=RaftServer,group=group-922AD3A32067,id=b4fabe70-9e10-4755-9f3f-0d1bb3aebfc7
2019-09-12 11:48:08,669 [RatisPipelineUtilsThread] INFO  pipeline.PipelineStateManager (PipelineStateManager.java:addPipeline(56)) - Created pipeline Pipeline[ Id: a78225d6-4626-4b69-b249-922ad3a32067, Nodes: b4fabe70-9e10-4755-9f3f-0d1bb3aebfc7{ip: 192.168.36.114, host: pr-hdds-1569-58hkm-1881083799, networkLocation: /default-rack, certSerialId: null}, Type:RATIS, Factor:ONE, State:OPEN]
2019-09-12 11:48:08,669 [RatisPipelineUtilsThread] ERROR pipeline.PipelinePlacementPolicy (PipelinePlacementPolicy.java:meetCriteria(92)) - Pipeline Placement: Doesn't meet the criteria to be viable node. Heaviness: 6
2019-09-12 11:48:08,669 [RatisPipelineUtilsThread] ERROR pipeline.PipelinePlacementPolicy (PipelinePlacementPolicy.java:meetCriteria(92)) - Pipeline Placement: Doesn't meet the criteria to be viable node. Heaviness: 6
2019-09-12 11:48:08,673 [grpc-default-executor-0] INFO  impl.RaftServerProxy (RaftServerProxy.java:addNew(89)) - b4fabe70-9e10-4755-9f3f-0d1bb3aebfc7: addNew group-79938281FCB6:[b4fabe70-9e10-4755-9f3f-0d1bb3aebfc7:192.168.36.114:46562] returns group-79938281FCB6:java.util.concurrent.CompletableFuture@31f47564[Not completed]
2019-09-12 11:48:08,674 [pool-632-thread-1] INFO  impl.RaftServerImpl (RaftServerImpl.java:<init>(93)) - b4fabe70-9e10-4755-9f3f-0d1bb3aebfc7: new RaftServerImpl for group-79938281FCB6:[b4fabe70-9e10-4755-9f3f-0d1bb3aebfc7:192.168.36.114:46562] with ContainerStateMachine:uninitialized
2019-09-12 11:48:08,674 [pool-632-thread-1] INFO  server.RaftServerConfigKeys (ConfUtils.java:logGet(43)) - raft.server.rpc.timeout.min = 5s (custom)
2019-09-12 11:48:08,674 [pool-632-thread-1] INFO  server.RaftServerConfigKeys (ConfUtils.java:logGet(43)) - raft.server.rpc.timeout.max = 5200ms (custom)
2019-09-12 11:48:08,674 [pool-632-thread-1] INFO  server.RaftServerConfigKeys (ConfUtils.java:logGet(43)) - raft.server.rpcslowness.timeout = 120s (custom)
2019-09-12 11:48:08,674 [pool-632-thread-1] INFO  server.RaftServerConfigKeys (ConfUtils.java:logGet(43)) - raft.server.sleep.deviation.threshold = 300 (default)
2019-09-12 11:48:08,675 [pool-632-thread-1] INFO  server.RaftServerConfigKeys (ConfUtils.java:logGet(43)) - raft.server.log.appender.install.snapshot.enabled = false (custom)
2019-09-12 11:48:08,675 [pool-632-thread-1] INFO  impl.RaftServerImpl (ServerState.java:<init>(105)) - b4fabe70-9e10-4755-9f3f-0d1bb3aebfc7:group-79938281FCB6 ConfigurationManager, init=-1: [b4fabe70-9e10-4755-9f3f-0d1bb3aebfc7:192.168.36.114:46562], old=null, confs=<EMPTY_MAP>
2019-09-12 11:48:08,675 [pool-632-thread-1] INFO  server.RaftServerConfigKeys (ConfUtils.java:logGet(43)) - raft.server.storage.dir = [/workdir/hadoop-ozone/ozonefs/target/test-dir/MiniOzoneClusterImpl-fc9dd688-9bec-4f1c-ac5e-6dbbab7389e4/datanode-2/data/ratis] (custom)
2019-09-12 11:48:08,675 [pool-632-thread-1] INFO  storage.RaftStorageDirectory (RaftStorageDirectory.java:analyzeStorage(246)) - The storage directory /workdir/hadoop-ozone/ozonefs/target/test-dir/MiniOzoneClusterImpl-fc9dd688-9bec-4f1c-ac5e-6dbbab7389e4/datanode-2/data/ratis/df4f11b5-2dfa-45ee-b9f2-79938281fcb6 does not exist. Creating ...
2019-09-12 11:48:08,687 [pool-632-thread-1] INFO  storage.RaftStorageDirectory (RaftStorageDirectory.java:tryLock(328)) - Lock on /workdir/hadoop-ozone/ozonefs/target/test-dir/MiniOzoneClusterImpl-fc9dd688-9bec-4f1c-ac5e-6dbbab7389e4/datanode-2/data/ratis/df4f11b5-2dfa-45ee-b9f2-79938281fcb6/in_use.lock acquired by nodename 10706@pr-hdds-1569-58hkm-1881083799
2019-09-12 11:48:08,700 [pool-632-thread-1] INFO  storage.RaftStorage (RaftStorage.java:format(72)) - Storage directory /workdir/hadoop-ozone/ozonefs/target/test-dir/MiniOzoneClusterImpl-fc9dd688-9bec-4f1c-ac5e-6dbbab7389e4/datanode-2/data/ratis/df4f11b5-2dfa-45ee-b9f2-79938281fcb6 has been successfully formatted.
2019-09-12 11:48:08,700 [pool-632-thread-1] INFO  ratis.ContainerStateMachine (ContainerStateMachine.java:loadSnapshot(226)) - group-79938281FCB6: The snapshot info is null. Setting the last applied indexto:(t:0, i:~)
2019-09-12 11:48:08,700 [pool-632-thread-1] INFO  server.RaftServerConfigKeys (ConfUtils.java:logGet(43)) - raft.server.leader.election.timeout = 120s (custom)
2019-09-12 11:48:08,700 [pool-632-thread-1] INFO  server.RaftServerConfigKeys (ConfUtils.java:logGet(43)) - raft.server.log.use.memory = false (default)
2019-09-12 11:48:08,700 [pool-632-thread-1] INFO  server.RaftServerConfigKeys (ConfUtils.java:logGet(43)) - raft.server.log.purge.gap = 1000000 (custom)
2019-09-12 11:48:08,700 [pool-632-thread-1] INFO  server.RaftServerConfigKeys (ConfUtils.java:logGet(43)) - raft.server.log.appender.buffer.byte-limit = 33554432 (custom)
2019-09-12 11:48:08,700 [pool-632-thread-1] INFO  server.RaftServerConfigKeys (ConfUtils.java:logGet(43)) - raft.server.log.segment.size.max = 1048576 (custom)
2019-09-12 11:48:08,700 [pool-632-thread-1] INFO  server.RaftServerConfigKeys (ConfUtils.java:logGet(43)) - raft.server.log.segment.cache.num.max = 2 (custom)
2019-09-12 11:48:08,700 [pool-632-thread-1] INFO  segmented.SegmentedRaftLogWorker (SegmentedRaftLogWorker.java:<init>(172)) - new b4fabe70-9e10-4755-9f3f-0d1bb3aebfc7-SegmentedRaftLogWorker:Storage Directory /workdir/hadoop-ozone/ozonefs/target/test-dir/MiniOzoneClusterImpl-fc9dd688-9bec-4f1c-ac5e-6dbbab7389e4/datanode-2/data/ratis/df4f11b5-2dfa-45ee-b9f2-79938281fcb6 for RaftStorage:Storage Directory /workdir/hadoop-ozone/ozonefs/target/test-dir/MiniOzoneClusterImpl-fc9dd688-9bec-4f1c-ac5e-6dbbab7389e4/datanode-2/data/ratis/df4f11b5-2dfa-45ee-b9f2-79938281fcb6
2019-09-12 11:48:08,700 [pool-632-thread-1] INFO  server.RaftServerConfigKeys (ConfUtils.java:logGet(43)) - raft.server.log.queue.byte-limit = 2147483647 (custom)
2019-09-12 11:48:08,701 [pool-632-thread-1] INFO  server.RaftServerConfigKeys (ConfUtils.java:logGet(43)) - raft.server.log.queue.element-limit = 1024 (custom)
2019-09-12 11:48:08,701 [pool-632-thread-1] INFO  server.RaftServerConfigKeys (ConfUtils.java:logGet(43)) - raft.server.log.segment.size.max = 1048576 (custom)
2019-09-12 11:48:08,701 [pool-632-thread-1] INFO  server.RaftServerConfigKeys (ConfUtils.java:logGet(43)) - raft.server.log.preallocated.size = 16384 (custom)
2019-09-12 11:48:08,701 [pool-632-thread-1] INFO  server.RaftServerConfigKeys (ConfUtils.java:logGet(43)) - raft.server.log.write.buffer.size = 33554432 (custom)
2019-09-12 11:48:08,701 [pool-632-thread-1] INFO  server.RaftServerConfigKeys (ConfUtils.java:logGet(43)) - raft.server.log.force.sync.num = 128 (default)
2019-09-12 11:48:08,701 [pool-632-thread-1] INFO  server.RaftServerConfigKeys (ConfUtils.java:logGet(43)) - raft.server.log.statemachine.data.sync = true (default)
2019-09-12 11:48:08,701 [pool-632-thread-1] INFO  server.RaftServerConfigKeys (ConfUtils.java:logGet(43)) - raft.server.log.statemachine.data.sync.timeout = 10s (default)
2019-09-12 11:48:08,701 [pool-632-thread-1] INFO  server.RaftServerConfigKeys (ConfUtils.java:logGet(43)) - raft.server.log.statemachine.data.sync.timeout.retry = -1 (default)
2019-09-12 11:48:08,701 [pool-632-thread-1] INFO  server.RaftServerConfigKeys (ConfUtils.java:logGet(43)) - raft.server.log.statemachine.data.caching.enabled = true (custom)
2019-09-12 11:48:08,701 [pool-632-thread-1] INFO  segmented.SegmentedRaftLogWorker (SegmentedRaftLogWorker.java:lambda$new$0(132)) - b4fabe70-9e10-4755-9f3f-0d1bb3aebfc7-SegmentedRaftLogWorker:Storage Directory /workdir/hadoop-ozone/ozonefs/target/test-dir/MiniOzoneClusterImpl-fc9dd688-9bec-4f1c-ac5e-6dbbab7389e4/datanode-2/data/ratis/df4f11b5-2dfa-45ee-b9f2-79938281fcb6: flushIndex: setUnconditionally 0 -> -1
2019-09-12 11:48:08,702 [pool-632-thread-1] INFO  server.RaftServerConfigKeys (ConfUtils.java:logGet(43)) - raft.server.snapshot.auto.trigger.enabled = true (custom)
2019-09-12 11:48:08,702 [pool-632-thread-1] INFO  server.RaftServerConfigKeys (ConfUtils.java:logGet(43)) - raft.server.snapshot.auto.trigger.threshold = 10000 (custom)
2019-09-12 11:48:08,702 [pool-632-thread-1] INFO  server.RaftServerConfigKeys (ConfUtils.java:logGet(43)) - raft.server.retrycache.expirytime = 600000ms (custom)
2019-09-12 11:48:08,702 [pool-632-thread-1] INFO  impl.RaftServerImpl (RaftServerImpl.java:start(180)) - b4fabe70-9e10-4755-9f3f-0d1bb3aebfc7: start group-79938281FCB6
2019-09-12 11:48:08,702 [pool-632-thread-1] INFO  impl.RaftServerImpl (RaftServerImpl.java:setRole(171)) - b4fabe70-9e10-4755-9f3f-0d1bb3aebfc7:group-79938281FCB6 changes role from null to FOLLOWER at term 0 for startAsFollower
2019-09-12 11:48:08,702 [pool-632-thread-1] INFO  impl.RoleInfo (RoleInfo.java:updateAndGet(143)) - b4fabe70-9e10-4755-9f3f-0d1bb3aebfc7: start FollowerState
2019-09-12 11:48:08,702 [pool-632-thread-1] INFO  util.JmxRegister (JmxRegister.java:tryRegister(44)) - Successfully registered JMX Bean with object name Ratis:service=RaftServer,group=group-79938281FCB6,id=b4fabe70-9e10-4755-9f3f-0d1bb3aebfc7
2019-09-12 11:48:08,705 [RatisPipelineUtilsThread] INFO  pipeline.PipelineStateManager (PipelineStateManager.java:addPipeline(56)) - Created pipeline Pipeline[ Id: df4f11b5-2dfa-45ee-b9f2-79938281fcb6, Nodes: b4fabe70-9e10-4755-9f3f-0d1bb3aebfc7{ip: 192.168.36.114, host: pr-hdds-1569-58hkm-1881083799, networkLocation: /default-rack, certSerialId: null}, Type:RATIS, Factor:ONE, State:OPEN]
2019-09-12 11:48:08,705 [RatisPipelineUtilsThread] ERROR pipeline.PipelinePlacementPolicy (PipelinePlacementPolicy.java:meetCriteria(92)) - Pipeline Placement: Doesn't meet the criteria to be viable node. Heaviness: 6
2019-09-12 11:48:08,705 [RatisPipelineUtilsThread] ERROR pipeline.PipelinePlacementPolicy (PipelinePlacementPolicy.java:meetCriteria(92)) - Pipeline Placement: Doesn't meet the criteria to be viable node. Heaviness: 6
2019-09-12 11:48:08,705 [RatisPipelineUtilsThread] ERROR pipeline.PipelinePlacementPolicy (PipelinePlacementPolicy.java:meetCriteria(92)) - Pipeline Placement: Doesn't meet the criteria to be viable node. Heaviness: 6
2019-09-12 11:48:08,705 [RatisPipelineUtilsThread] ERROR pipeline.PipelinePlacementPolicy (PipelinePlacementPolicy.java:filterViableNodes(147)) - Unable to find enough nodes that meet the criteria that cannot engage in more than 5 pipelines. Nodes required: 1 Found: 0, healthy nodes count inNodeManager: 3.
2019-09-12 11:48:08,705 [RatisPipelineUtilsThread] ERROR pipeline.SCMPipelineManager (SCMPipelineManager.java:createPipeline(161)) - Pipeline creation failed due to exception: Unable to find enough nodes that meet the criteria that cannot engage in more than 5 pipelines. Nodes required: 1 Found: 0, healthy nodes count inNodeManager: 3.
2019-09-12 11:48:08,706 [RatisPipelineUtilsThread] ERROR pipeline.PipelinePlacementPolicy (PipelinePlacementPolicy.java:meetCriteria(92)) - Pipeline Placement: Doesn't meet the criteria to be viable node. Heaviness: 6
2019-09-12 11:48:08,706 [RatisPipelineUtilsThread] ERROR pipeline.PipelinePlacementPolicy (PipelinePlacementPolicy.java:meetCriteria(92)) - Pipeline Placement: Doesn't meet the criteria to be viable node. Heaviness: 6
2019-09-12 11:48:08,706 [RatisPipelineUtilsThread] ERROR pipeline.PipelinePlacementPolicy (PipelinePlacementPolicy.java:meetCriteria(92)) - Pipeline Placement: Doesn't meet the criteria to be viable node. Heaviness: 6
2019-09-12 11:48:08,706 [RatisPipelineUtilsThread] ERROR pipeline.PipelinePlacementPolicy (PipelinePlacementPolicy.java:filterViableNodes(147)) - Unable to find enough nodes that meet the criteria that cannot engage in more than 5 pipelines. Nodes required: 3 Found: 0, healthy nodes count inNodeManager: 3.
2019-09-12 11:48:08,706 [RatisPipelineUtilsThread] ERROR pipeline.SCMPipelineManager (SCMPipelineManager.java:createPipeline(161)) - Pipeline creation failed due to exception: Unable to find enough nodes that meet the criteria that cannot engage in more than 5 pipelines. Nodes required: 3 Found: 0, healthy nodes count inNodeManager: 3.
2019-09-12 11:48:08,707 [RatisPipelineUtilsThread] ERROR pipeline.PipelinePlacementPolicy (PipelinePlacementPolicy.java:meetCriteria(92)) - Pipeline Placement: Doesn't meet the criteria to be viable node. Heaviness: 6
2019-09-12 11:48:08,707 [RatisPipelineUtilsThread] ERROR pipeline.PipelinePlacementPolicy (PipelinePlacementPolicy.java:meetCriteria(92)) - Pipeline Placement: Doesn't meet the criteria to be viable node. Heaviness: 6
2019-09-12 11:48:08,707 [RatisPipelineUtilsThread] ERROR pipeline.PipelinePlacementPolicy (PipelinePlacementPolicy.java:meetCriteria(92)) - Pipeline Placement: Doesn't meet the criteria to be viable node. Heaviness: 6
2019-09-12 11:48:08,707 [RatisPipelineUtilsThread] ERROR pipeline.PipelinePlacementPolicy (PipelinePlacementPolicy.java:filterViableNodes(147)) - Unable to find enough nodes that meet the criteria that cannot engage in more than 5 pipelines. Nodes required: 1 Found: 0, healthy nodes count inNodeManager: 3.
2019-09-12 11:48:08,707 [RatisPipelineUtilsThread] ERROR pipeline.SCMPipelineManager (SCMPipelineManager.java:createPipeline(161)) - Pipeline creation failed due to exception: Unable to find enough nodes that meet the criteria that cannot engage in more than 5 pipelines. Nodes required: 1 Found: 0, healthy nodes count inNodeManager: 3.
2019-09-12 11:48:08,707 [RatisPipelineUtilsThread] ERROR pipeline.PipelinePlacementPolicy (PipelinePlacementPolicy.java:meetCriteria(92)) - Pipeline Placement: Doesn't meet the criteria to be viable node. Heaviness: 6
2019-09-12 11:48:08,708 [RatisPipelineUtilsThread] ERROR pipeline.PipelinePlacementPolicy (PipelinePlacementPolicy.java:meetCriteria(92)) - Pipeline Placement: Doesn't meet the criteria to be viable node. Heaviness: 6
2019-09-12 11:48:08,708 [RatisPipelineUtilsThread] ERROR pipeline.PipelinePlacementPolicy (PipelinePlacementPolicy.java:meetCriteria(92)) - Pipeline Placement: Doesn't meet the criteria to be viable node. Heaviness: 6
2019-09-12 11:48:08,708 [RatisPipelineUtilsThread] ERROR pipeline.PipelinePlacementPolicy (PipelinePlacementPolicy.java:filterViableNodes(147)) - Unable to find enough nodes that meet the criteria that cannot engage in more than 5 pipelines. Nodes required: 3 Found: 0, healthy nodes count inNodeManager: 3.
2019-09-12 11:48:08,708 [RatisPipelineUtilsThread] ERROR pipeline.SCMPipelineManager (SCMPipelineManager.java:createPipeline(161)) - Pipeline creation failed due to exception: Unable to find enough nodes that meet the criteria that cannot engage in more than 5 pipelines. Nodes required: 3 Found: 0, healthy nodes count inNodeManager: 3.
2019-09-12 11:48:08,708 [IPC Server handler 1 on 36935] ERROR pipeline.PipelinePlacementPolicy (PipelinePlacementPolicy.java:meetCriteria(92)) - Pipeline Placement: Doesn't meet the criteria to be viable node. Heaviness: 6
2019-09-12 11:48:08,708 [IPC Server handler 1 on 36935] ERROR pipeline.PipelinePlacementPolicy (PipelinePlacementPolicy.java:meetCriteria(92)) - Pipeline Placement: Doesn't meet the criteria to be viable node. Heaviness: 6
2019-09-12 11:48:08,709 [IPC Server handler 1 on 36935] ERROR pipeline.PipelinePlacementPolicy (PipelinePlacementPolicy.java:meetCriteria(92)) - Pipeline Placement: Doesn't meet the criteria to be viable node. Heaviness: 6
2019-09-12 11:48:08,709 [IPC Server handler 1 on 36935] ERROR pipeline.PipelinePlacementPolicy (PipelinePlacementPolicy.java:filterViableNodes(147)) - Unable to find enough nodes that meet the criteria that cannot engage in more than 5 pipelines. Nodes required: 3 Found: 0, healthy nodes count inNodeManager: 3.
2019-09-12 11:48:08,709 [IPC Server handler 1 on 36935] ERROR pipeline.SCMPipelineManager (SCMPipelineManager.java:createPipeline(161)) - Pipeline creation failed due to exception: Unable to find enough nodes that meet the criteria that cannot engage in more than 5 pipelines. Nodes required: 3 Found: 0, healthy nodes count inNodeManager: 3.
2019-09-12 11:48:08,709 [IPC Server handler 1 on 36935] WARN  block.BlockManagerImpl (BlockManagerImpl.java:allocateBlock(192)) - Pipeline creation failed for type:RATIS factor:THREE. Retrying get pipelines call once.
org.apache.hadoop.hdds.scm.exceptions.SCMException: Unable to find enough nodes that meet the criteria that cannot engage in more than 5 pipelines. Nodes required: 3 Found: 0, healthy nodes count inNodeManager: 3.
	at org.apache.hadoop.hdds.scm.pipeline.PipelinePlacementPolicy.filterViableNodes(PipelinePlacementPolicy.java:148)
	at org.apache.hadoop.hdds.scm.pipeline.PipelinePlacementPolicy.chooseDatanodes(PipelinePlacementPolicy.java:171)
	at org.apache.hadoop.hdds.scm.pipeline.RatisPipelineProvider.create(RatisPipelineProvider.java:100)
	at org.apache.hadoop.hdds.scm.pipeline.PipelineFactory.create(PipelineFactory.java:57)
	at org.apache.hadoop.hdds.scm.pipeline.SCMPipelineManager.createPipeline(SCMPipelineManager.java:149)
	at org.apache.hadoop.hdds.scm.block.BlockManagerImpl.allocateBlock(BlockManagerImpl.java:190)
	at org.apache.hadoop.hdds.scm.server.SCMBlockProtocolServer.allocateBlock(SCMBlockProtocolServer.java:175)
	at org.apache.hadoop.ozone.protocolPB.ScmBlockLocationProtocolServerSideTranslatorPB.allocateScmBlock(ScmBlockLocationProtocolServerSideTranslatorPB.java:153)
	at org.apache.hadoop.ozone.protocolPB.ScmBlockLocationProtocolServerSideTranslatorPB.send(ScmBlockLocationProtocolServerSideTranslatorPB.java:112)
	at org.apache.hadoop.hdds.protocol.proto.ScmBlockLocationProtocolProtos$ScmBlockLocationProtocolService$2.callBlockingMethod(ScmBlockLocationProtocolProtos.java:13157)
	at org.apache.hadoop.ipc.ProtobufRpcEngine$Server$ProtoBufRpcInvoker.call(ProtobufRpcEngine.java:524)
	at org.apache.hadoop.ipc.RPC$Server.call(RPC.java:1025)
	at org.apache.hadoop.ipc.Server$RpcCall.run(Server.java:876)
	at org.apache.hadoop.ipc.Server$RpcCall.run(Server.java:822)
	at java.security.AccessController.doPrivileged(Native Method)
	at javax.security.auth.Subject.doAs(Subject.java:422)
	at org.apache.hadoop.security.UserGroupInformation.doAs(UserGroupInformation.java:1730)
	at org.apache.hadoop.ipc.Server$Handler.run(Server.java:2682)
2019-09-12 11:48:08,709 [IPC Server handler 1 on 36935] INFO  block.BlockManagerImpl (BlockManagerImpl.java:allocateBlock(198)) - Could not find available pipeline of type:RATIS and factor:THREE even after retrying
2019-09-12 11:48:08,709 [IPC Server handler 1 on 36935] ERROR block.BlockManagerImpl (BlockManagerImpl.java:allocateBlock(222)) - Unable to allocate a block for the size: 4194304, type: RATIS, factor: THREE
2019-09-12 11:48:08,710 | INFO  | SCMAudit | user=jenkins1000 | ip=192.168.36.114 | op=ALLOCATE_BLOCK {owner=459a1001-5225-4d99-9038-a8676236868a, size=4194304, type=RATIS, factor=THREE} | ret=SUCCESS |  
2019-09-12 11:48:08,713 | ERROR | OMAudit | user=jenkins1000 | ip=127.0.0.1 | op=CREATE_FILE {volume=volume06264, bucket=bucket75549, key=B8Fe4, dataSize=0, replicationType=RATIS, replicationFactor=THREE, keyLocationInfo=null} | ret=FAILURE | org.apache.hadoop.hdds.scm.exceptions.SCMException: Allocated 0 blocks. Requested 1 blocks
	at org.apache.hadoop.hdds.scm.protocolPB.ScmBlockLocationProtocolClientSideTranslatorPB.handleError(ScmBlockLocationProtocolClientSideTranslatorPB.java:118)
	at org.apache.hadoop.hdds.scm.protocolPB.ScmBlockLocationProtocolClientSideTranslatorPB.allocateBlock(ScmBlockLocationProtocolClientSideTranslatorPB.java:156) 
2019-09-12 11:48:08,715 [main] INFO  ozone.MiniOzoneClusterImpl (MiniOzoneClusterImpl.java:shutdown(321)) - Shutting down the Mini Ozone Cluster
2019-09-12 11:48:08,716 | INFO  | SCMAudit | user=null | ip=null | op=GET_SCM_INFO null | ret=SUCCESS |  
2019-09-12 11:48:08,716 [main] INFO  ozone.MiniOzoneClusterImpl (MiniOzoneClusterImpl.java:stop(336)) - Stopping the Mini Ozone Cluster
2019-09-12 11:48:08,716 [main] INFO  ozone.MiniOzoneClusterImpl (MiniOzoneClusterImpl.java:stop(338)) - Stopping the OzoneManager
2019-09-12 11:48:08,716 [main] INFO  ipc.Server (Server.java:stop(3082)) - Stopping server on 38961
2019-09-12 11:48:08,722 [IPC Server listener on 38961] INFO  ipc.Server (Server.java:run(1185)) - Stopping IPC Server listener on 38961
2019-09-12 11:48:08,723 [main] INFO  ratis.OzoneManagerDoubleBuffer (OzoneManagerDoubleBuffer.java:stop(248)) - Stopping OMDoubleBuffer flush thread
2019-09-12 11:48:08,724 [IPC Server Responder] INFO  ipc.Server (Server.java:run(1319)) - Stopping IPC Server Responder
2019-09-12 11:48:08,725 [OMDoubleBufferFlushThread] INFO  ratis.OzoneManagerDoubleBuffer (OzoneManagerDoubleBuffer.java:flushTransactions(191)) - OMDoubleBuffer flush thread OMDoubleBufferFlushThread is interrupted and will exit. OMDoubleBufferFlushThread
2019-09-12 11:48:08,725 [main] INFO  utils.BackgroundService (BackgroundService.java:shutdown(148)) - Shutting down service KeyDeletingService
2019-09-12 11:48:08,726 [main] INFO  handler.ContextHandler (ContextHandler.java:doStop(910)) - Stopped o.e.j.w.WebAppContext@6f997702{/,null,UNAVAILABLE}{/ozoneManager}
2019-09-12 11:48:08,727 [main] INFO  server.AbstractConnector (AbstractConnector.java:doStop(318)) - Stopped ServerConnector@5f45abe6{HTTP/1.1,[http/1.1]}{0.0.0.0:0}
2019-09-12 11:48:08,727 [main] INFO  handler.ContextHandler (ContextHandler.java:doStop(910)) - Stopped o.e.j.s.ServletContextHandler@2094a7be{/static,jar:file:/home/user/.m2/repository/org/apache/hadoop/hadoop-ozone-ozone-manager/0.5.0-SNAPSHOT/hadoop-ozone-ozone-manager-0.5.0-SNAPSHOT.jar!/webapps/static,UNAVAILABLE}
2019-09-12 11:48:08,727 [main] INFO  handler.ContextHandler (ContextHandler.java:doStop(910)) - Stopped o.e.j.s.ServletContextHandler@40977fab{/logs,file:///workdir/hadoop-ozone/ozonefs/target/log,UNAVAILABLE}
2019-09-12 11:48:08,729 [main] INFO  ozone.MiniOzoneClusterImpl (MiniOzoneClusterImpl.java:stop(344)) - Shutting the HddsDatanodes
2019-09-12 11:48:08,729 [main] INFO  datanode.ObjectStoreHandler (ObjectStoreHandler.java:close(155)) - Closing ObjectStoreHandler.
2019-09-12 11:48:08,730 [ForkJoinPool.commonPool-worker-1] INFO  datanode.ObjectStoreHandler (ObjectStoreHandler.java:close(155)) - Closing ObjectStoreHandler.
2019-09-12 11:48:08,730 [main] INFO  ozone.HddsDatanodeService (HddsDatanodeService.java:stop(451)) - Stopped plug-in org.apache.hadoop.ozone.web.OzoneHddsDatanodeService@5622e162
2019-09-12 11:48:08,730 [ForkJoinPool.commonPool-worker-1] INFO  ozone.HddsDatanodeService (HddsDatanodeService.java:stop(451)) - Stopped plug-in org.apache.hadoop.ozone.web.OzoneHddsDatanodeService@7d9f0cf4
2019-09-12 11:48:09,709 [Datanode State Machine Thread - 0] INFO  statemachine.DatanodeStateMachine (DatanodeStateMachine.java:lambda$startDaemon$0(350)) - Ozone container server started.
2019-09-12 11:48:09,955 [Datanode State Machine Thread - 0] INFO  statemachine.DatanodeStateMachine (DatanodeStateMachine.java:lambda$startDaemon$0(350)) - Ozone container server started.
2019-09-12 11:48:10,179 | INFO  | SCMAudit | user=jenkins1000 | ip=192.168.36.114 | op=SEND_HEARTBEAT {datanodeUUID=b4fabe70-9e10-4755-9f3f-0d1bb3aebfc7, command=[]} | ret=SUCCESS |  
2019-09-12 11:48:10,721 [Thread-3094] INFO  container.ReplicationManager (ReplicationManager.java:start(151)) - Starting Replication Monitor Thread.
2019-09-12 11:48:10,723 [ReplicationMonitor] INFO  container.ReplicationManager (ReplicationManager.java:run(214)) - Replication Monitor Thread took 1 milliseconds for processing 0 containers.
2019-09-12 11:48:11,179 | INFO  | SCMAudit | user=jenkins1000 | ip=192.168.36.114 | op=SEND_HEARTBEAT {datanodeUUID=b4fabe70-9e10-4755-9f3f-0d1bb3aebfc7, command=[]} | ret=SUCCESS |  
2019-09-12 11:48:12,179 | INFO  | SCMAudit | user=jenkins1000 | ip=192.168.36.114 | op=SEND_HEARTBEAT {datanodeUUID=b4fabe70-9e10-4755-9f3f-0d1bb3aebfc7, command=[]} | ret=SUCCESS |  
2019-09-12 11:48:12,835 [Thread-3096] INFO  impl.FollowerState (FollowerState.java:run(106)) - 3abb8d00-2c14-4b15-8f89-7a1fa57706fc:group-AB8DF5933F47 changes to CANDIDATE, lastRpcTime:5070, electionTimeout:5070ms
2019-09-12 11:48:12,836 [Thread-3096] INFO  impl.RoleInfo (RoleInfo.java:shutdownFollowerState(121)) - 3abb8d00-2c14-4b15-8f89-7a1fa57706fc: shutdown FollowerState
2019-09-12 11:48:12,836 [Thread-3096] INFO  impl.RaftServerImpl (RaftServerImpl.java:setRole(171)) - 3abb8d00-2c14-4b15-8f89-7a1fa57706fc:group-AB8DF5933F47 changes role from FOLLOWER to CANDIDATE at term 0 for changeToCandidate
2019-09-12 11:48:12,836 [Thread-3096] INFO  impl.RoleInfo (RoleInfo.java:updateAndGet(143)) - 3abb8d00-2c14-4b15-8f89-7a1fa57706fc: start LeaderElection
2019-09-12 11:48:12,853 [3abb8d00-2c14-4b15-8f89-7a1fa57706fc:group-AB8DF5933F47:LeaderElection199] INFO  impl.LeaderElection (LeaderElection.java:askForVotes(181)) - 3abb8d00-2c14-4b15-8f89-7a1fa57706fc:group-AB8DF5933F47:LeaderElection199: begin an election at term 1 for -1: [3abb8d00-2c14-4b15-8f89-7a1fa57706fc:192.168.36.114:43637], old=null
2019-09-12 11:48:12,853 [3abb8d00-2c14-4b15-8f89-7a1fa57706fc:group-AB8DF5933F47:LeaderElection199] INFO  impl.RoleInfo (RoleInfo.java:shutdownLeaderElection(134)) - 3abb8d00-2c14-4b15-8f89-7a1fa57706fc: shutdown LeaderElection
2019-09-12 11:48:12,853 [3abb8d00-2c14-4b15-8f89-7a1fa57706fc:group-AB8DF5933F47:LeaderElection199] INFO  impl.RaftServerImpl (RaftServerImpl.java:setRole(171)) - 3abb8d00-2c14-4b15-8f89-7a1fa57706fc:group-AB8DF5933F47 changes role from CANDIDATE to LEADER at term 1 for changeToLeader
2019-09-12 11:48:12,853 [3abb8d00-2c14-4b15-8f89-7a1fa57706fc:group-AB8DF5933F47:LeaderElection199] INFO  impl.RaftServerImpl (ServerState.java:setLeader(263)) - 3abb8d00-2c14-4b15-8f89-7a1fa57706fc:group-AB8DF5933F47 change Leader from null to 3abb8d00-2c14-4b15-8f89-7a1fa57706fc at term 1 for becomeLeader, leader elected after 5092ms
2019-09-12 11:48:12,853 [3abb8d00-2c14-4b15-8f89-7a1fa57706fc:group-AB8DF5933F47:LeaderElection199] INFO  server.RaftServerConfigKeys (ConfUtils.java:logGet(43)) - raft.server.staging.catchup.gap = 1000 (default)
2019-09-12 11:48:12,854 [3abb8d00-2c14-4b15-8f89-7a1fa57706fc:group-AB8DF5933F47:LeaderElection199] INFO  server.RaftServerConfigKeys (ConfUtils.java:logGet(43)) - raft.server.rpc.sleep.time = 25ms (default)
2019-09-12 11:48:12,854 [3abb8d00-2c14-4b15-8f89-7a1fa57706fc:group-AB8DF5933F47:LeaderElection199] INFO  server.RaftServerConfigKeys (ConfUtils.java:logGet(43)) - raft.server.write.element-limit = 4096 (default)
2019-09-12 11:48:12,854 [3abb8d00-2c14-4b15-8f89-7a1fa57706fc:group-AB8DF5933F47:LeaderElection199] INFO  server.RaftServerConfigKeys (ConfUtils.java:logGet(43)) - raft.server.watch.timeout = 10s (default)
2019-09-12 11:48:12,854 [3abb8d00-2c14-4b15-8f89-7a1fa57706fc:group-AB8DF5933F47:LeaderElection199] INFO  server.RaftServerConfigKeys (ConfUtils.java:logGet(43)) - raft.server.watch.timeout.denomination = 1s (default)
2019-09-12 11:48:12,854 [3abb8d00-2c14-4b15-8f89-7a1fa57706fc:group-AB8DF5933F47:LeaderElection199] INFO  server.RaftServerConfigKeys (ConfUtils.java:logGet(43)) - raft.server.watch.element-limit = 65536 (default)
2019-09-12 11:48:12,854 [3abb8d00-2c14-4b15-8f89-7a1fa57706fc:group-AB8DF5933F47:LeaderElection199] INFO  impl.RoleInfo (RoleInfo.java:updateAndGet(143)) - 3abb8d00-2c14-4b15-8f89-7a1fa57706fc: start LeaderState
2019-09-12 11:48:12,855 [3abb8d00-2c14-4b15-8f89-7a1fa57706fc:group-AB8DF5933F47:LeaderElection199] INFO  segmented.SegmentedRaftLogWorker (SegmentedRaftLogWorker.java:startLogSegment(380)) - 3abb8d00-2c14-4b15-8f89-7a1fa57706fc-SegmentedRaftLogWorker:Storage Directory /workdir/hadoop-ozone/ozonefs/target/test-dir/MiniOzoneClusterImpl-fc9dd688-9bec-4f1c-ac5e-6dbbab7389e4/datanode-0/data/ratis/ce8a224e-aab5-4b09-ba84-ab8df5933f47: Starting segment from index:0
2019-09-12 11:48:12,855 [3abb8d00-2c14-4b15-8f89-7a1fa57706fc:group-AB8DF5933F47:LeaderElection199] INFO  impl.RaftServerImpl (ServerState.java:setRaftConf(361)) - 3abb8d00-2c14-4b15-8f89-7a1fa57706fc:group-AB8DF5933F47 set configuration 0: [3abb8d00-2c14-4b15-8f89-7a1fa57706fc:192.168.36.114:43637], old=null at 0
2019-09-12 11:48:12,863 [Thread-3102] INFO  impl.FollowerState (FollowerState.java:run(106)) - 3abb8d00-2c14-4b15-8f89-7a1fa57706fc:group-8E5804C62CD6 changes to CANDIDATE, lastRpcTime:5016, electionTimeout:5016ms
2019-09-12 11:48:12,863 [Thread-3102] INFO  impl.RoleInfo (RoleInfo.java:shutdownFollowerState(121)) - 3abb8d00-2c14-4b15-8f89-7a1fa57706fc: shutdown FollowerState
2019-09-12 11:48:12,863 [Thread-3102] INFO  impl.RaftServerImpl (RaftServerImpl.java:setRole(171)) - 3abb8d00-2c14-4b15-8f89-7a1fa57706fc:group-8E5804C62CD6 changes role from FOLLOWER to CANDIDATE at term 0 for changeToCandidate
2019-09-12 11:48:12,863 [Thread-3102] INFO  impl.RoleInfo (RoleInfo.java:updateAndGet(143)) - 3abb8d00-2c14-4b15-8f89-7a1fa57706fc: start LeaderElection
2019-09-12 11:48:12,903 [3abb8d00-2c14-4b15-8f89-7a1fa57706fc-SegmentedRaftLogWorker:Storage Directory /workdir/hadoop-ozone/ozonefs/target/test-dir/MiniOzoneClusterImpl-fc9dd688-9bec-4f1c-ac5e-6dbbab7389e4/datanode-0/data/ratis/ce8a224e-aab5-4b09-ba84-ab8df5933f47] INFO  segmented.SegmentedRaftLogWorker (SegmentedRaftLogWorker.java:execute(569)) - 3abb8d00-2c14-4b15-8f89-7a1fa57706fc-SegmentedRaftLogWorker:Storage Directory /workdir/hadoop-ozone/ozonefs/target/test-dir/MiniOzoneClusterImpl-fc9dd688-9bec-4f1c-ac5e-6dbbab7389e4/datanode-0/data/ratis/ce8a224e-aab5-4b09-ba84-ab8df5933f47: created new log segment /workdir/hadoop-ozone/ozonefs/target/test-dir/MiniOzoneClusterImpl-fc9dd688-9bec-4f1c-ac5e-6dbbab7389e4/datanode-0/data/ratis/ce8a224e-aab5-4b09-ba84-ab8df5933f47/current/log_inprogress_0
2019-09-12 11:48:12,904 [3abb8d00-2c14-4b15-8f89-7a1fa57706fc:group-8E5804C62CD6:LeaderElection200] INFO  impl.LeaderElection (LeaderElection.java:askForVotes(181)) - 3abb8d00-2c14-4b15-8f89-7a1fa57706fc:group-8E5804C62CD6:LeaderElection200: begin an election at term 1 for -1: [3abb8d00-2c14-4b15-8f89-7a1fa57706fc:192.168.36.114:43637], old=null
2019-09-12 11:48:12,904 [3abb8d00-2c14-4b15-8f89-7a1fa57706fc:group-8E5804C62CD6:LeaderElection200] INFO  impl.RoleInfo (RoleInfo.java:shutdownLeaderElection(134)) - 3abb8d00-2c14-4b15-8f89-7a1fa57706fc: shutdown LeaderElection
2019-09-12 11:48:12,904 [3abb8d00-2c14-4b15-8f89-7a1fa57706fc:group-8E5804C62CD6:LeaderElection200] INFO  impl.RaftServerImpl (RaftServerImpl.java:setRole(171)) - 3abb8d00-2c14-4b15-8f89-7a1fa57706fc:group-8E5804C62CD6 changes role from CANDIDATE to LEADER at term 1 for changeToLeader
2019-09-12 11:48:12,904 [3abb8d00-2c14-4b15-8f89-7a1fa57706fc:group-8E5804C62CD6:LeaderElection200] INFO  impl.RaftServerImpl (ServerState.java:setLeader(263)) - 3abb8d00-2c14-4b15-8f89-7a1fa57706fc:group-8E5804C62CD6 change Leader from null to 3abb8d00-2c14-4b15-8f89-7a1fa57706fc at term 1 for becomeLeader, leader elected after 5062ms
2019-09-12 11:48:12,904 [3abb8d00-2c14-4b15-8f89-7a1fa57706fc:group-8E5804C62CD6:LeaderElection200] INFO  server.RaftServerConfigKeys (ConfUtils.java:logGet(43)) - raft.server.staging.catchup.gap = 1000 (default)
2019-09-12 11:48:12,904 [3abb8d00-2c14-4b15-8f89-7a1fa57706fc:group-8E5804C62CD6:LeaderElection200] INFO  server.RaftServerConfigKeys (ConfUtils.java:logGet(43)) - raft.server.rpc.sleep.time = 25ms (default)
2019-09-12 11:48:12,905 [3abb8d00-2c14-4b15-8f89-7a1fa57706fc:group-8E5804C62CD6:LeaderElection200] INFO  server.RaftServerConfigKeys (ConfUtils.java:logGet(43)) - raft.server.write.element-limit = 4096 (default)
2019-09-12 11:48:12,905 [3abb8d00-2c14-4b15-8f89-7a1fa57706fc:group-8E5804C62CD6:LeaderElection200] INFO  server.RaftServerConfigKeys (ConfUtils.java:logGet(43)) - raft.server.watch.timeout = 10s (default)
2019-09-12 11:48:12,905 [3abb8d00-2c14-4b15-8f89-7a1fa57706fc:group-8E5804C62CD6:LeaderElection200] INFO  server.RaftServerConfigKeys (ConfUtils.java:logGet(43)) - raft.server.watch.timeout.denomination = 1s (default)
2019-09-12 11:48:12,905 [3abb8d00-2c14-4b15-8f89-7a1fa57706fc:group-8E5804C62CD6:LeaderElection200] INFO  server.RaftServerConfigKeys (ConfUtils.java:logGet(43)) - raft.server.watch.element-limit = 65536 (default)
2019-09-12 11:48:12,905 [3abb8d00-2c14-4b15-8f89-7a1fa57706fc:group-8E5804C62CD6:LeaderElection200] INFO  impl.RoleInfo (RoleInfo.java:updateAndGet(143)) - 3abb8d00-2c14-4b15-8f89-7a1fa57706fc: start LeaderState
2019-09-12 11:48:12,905 [3abb8d00-2c14-4b15-8f89-7a1fa57706fc:group-8E5804C62CD6:LeaderElection200] INFO  segmented.SegmentedRaftLogWorker (SegmentedRaftLogWorker.java:startLogSegment(380)) - 3abb8d00-2c14-4b15-8f89-7a1fa57706fc-SegmentedRaftLogWorker:Storage Directory /workdir/hadoop-ozone/ozonefs/target/test-dir/MiniOzoneClusterImpl-fc9dd688-9bec-4f1c-ac5e-6dbbab7389e4/datanode-0/data/ratis/aab9905e-37cc-4513-b3bc-8e5804c62cd6: Starting segment from index:0
2019-09-12 11:48:12,906 [3abb8d00-2c14-4b15-8f89-7a1fa57706fc:group-8E5804C62CD6:LeaderElection200] INFO  impl.RaftServerImpl (ServerState.java:setRaftConf(361)) - 3abb8d00-2c14-4b15-8f89-7a1fa57706fc:group-8E5804C62CD6 set configuration 0: [3abb8d00-2c14-4b15-8f89-7a1fa57706fc:192.168.36.114:43637], old=null at 0
2019-09-12 11:48:12,914 [Thread-3099] INFO  impl.FollowerState (FollowerState.java:run(106)) - 3abb8d00-2c14-4b15-8f89-7a1fa57706fc:group-EEEC7EA2241E changes to CANDIDATE, lastRpcTime:5108, electionTimeout:5108ms
2019-09-12 11:48:12,914 [Thread-3099] INFO  impl.RoleInfo (RoleInfo.java:shutdownFollowerState(121)) - 3abb8d00-2c14-4b15-8f89-7a1fa57706fc: shutdown FollowerState
2019-09-12 11:48:12,914 [Thread-3099] INFO  impl.RaftServerImpl (RaftServerImpl.java:setRole(171)) - 3abb8d00-2c14-4b15-8f89-7a1fa57706fc:group-EEEC7EA2241E changes role from FOLLOWER to CANDIDATE at term 0 for changeToCandidate
2019-09-12 11:48:12,915 [Thread-3099] INFO  impl.RoleInfo (RoleInfo.java:updateAndGet(143)) - 3abb8d00-2c14-4b15-8f89-7a1fa57706fc: start LeaderElection
2019-09-12 11:48:12,940 [Thread-3105] INFO  impl.FollowerState (FollowerState.java:run(106)) - 3abb8d00-2c14-4b15-8f89-7a1fa57706fc:group-F5B12DBC0862 changes to CANDIDATE, lastRpcTime:5054, electionTimeout:5040ms
2019-09-12 11:48:12,940 [Thread-3105] INFO  impl.RoleInfo (RoleInfo.java:shutdownFollowerState(121)) - 3abb8d00-2c14-4b15-8f89-7a1fa57706fc: shutdown FollowerState
2019-09-12 11:48:12,940 [Thread-3105] INFO  impl.RaftServerImpl (RaftServerImpl.java:setRole(171)) - 3abb8d00-2c14-4b15-8f89-7a1fa57706fc:group-F5B12DBC0862 changes role from FOLLOWER to CANDIDATE at term 0 for changeToCandidate
2019-09-12 11:48:12,940 [Thread-3105] INFO  impl.RoleInfo (RoleInfo.java:updateAndGet(143)) - 3abb8d00-2c14-4b15-8f89-7a1fa57706fc: start LeaderElection
2019-09-12 11:48:12,955 [3abb8d00-2c14-4b15-8f89-7a1fa57706fc-SegmentedRaftLogWorker:Storage Directory /workdir/hadoop-ozone/ozonefs/target/test-dir/MiniOzoneClusterImpl-fc9dd688-9bec-4f1c-ac5e-6dbbab7389e4/datanode-0/data/ratis/aab9905e-37cc-4513-b3bc-8e5804c62cd6] INFO  segmented.SegmentedRaftLogWorker (SegmentedRaftLogWorker.java:execute(569)) - 3abb8d00-2c14-4b15-8f89-7a1fa57706fc-SegmentedRaftLogWorker:Storage Directory /workdir/hadoop-ozone/ozonefs/target/test-dir/MiniOzoneClusterImpl-fc9dd688-9bec-4f1c-ac5e-6dbbab7389e4/datanode-0/data/ratis/aab9905e-37cc-4513-b3bc-8e5804c62cd6: created new log segment /workdir/hadoop-ozone/ozonefs/target/test-dir/MiniOzoneClusterImpl-fc9dd688-9bec-4f1c-ac5e-6dbbab7389e4/datanode-0/data/ratis/aab9905e-37cc-4513-b3bc-8e5804c62cd6/current/log_inprogress_0
2019-09-12 11:48:12,955 [3abb8d00-2c14-4b15-8f89-7a1fa57706fc:group-EEEC7EA2241E:LeaderElection201] INFO  impl.LeaderElection (LeaderElection.java:askForVotes(181)) - 3abb8d00-2c14-4b15-8f89-7a1fa57706fc:group-EEEC7EA2241E:LeaderElection201: begin an election at term 1 for -1: [3abb8d00-2c14-4b15-8f89-7a1fa57706fc:192.168.36.114:43637], old=null
2019-09-12 11:48:12,955 [3abb8d00-2c14-4b15-8f89-7a1fa57706fc:group-F5B12DBC0862:LeaderElection202] INFO  impl.LeaderElection (LeaderElection.java:askForVotes(181)) - 3abb8d00-2c14-4b15-8f89-7a1fa57706fc:group-F5B12DBC0862:LeaderElection202: begin an election at term 1 for -1: [3abb8d00-2c14-4b15-8f89-7a1fa57706fc:192.168.36.114:43637], old=null
2019-09-12 11:48:12,955 [3abb8d00-2c14-4b15-8f89-7a1fa57706fc:group-EEEC7EA2241E:LeaderElection201] INFO  impl.RoleInfo (RoleInfo.java:shutdownLeaderElection(134)) - 3abb8d00-2c14-4b15-8f89-7a1fa57706fc: shutdown LeaderElection
2019-09-12 11:48:12,955 [3abb8d00-2c14-4b15-8f89-7a1fa57706fc:group-F5B12DBC0862:LeaderElection202] INFO  impl.RoleInfo (RoleInfo.java:shutdownLeaderElection(134)) - 3abb8d00-2c14-4b15-8f89-7a1fa57706fc: shutdown LeaderElection
2019-09-12 11:48:12,955 [3abb8d00-2c14-4b15-8f89-7a1fa57706fc:group-EEEC7EA2241E:LeaderElection201] INFO  impl.RaftServerImpl (RaftServerImpl.java:setRole(171)) - 3abb8d00-2c14-4b15-8f89-7a1fa57706fc:group-EEEC7EA2241E changes role from CANDIDATE to LEADER at term 1 for changeToLeader
2019-09-12 11:48:12,955 [3abb8d00-2c14-4b15-8f89-7a1fa57706fc:group-F5B12DBC0862:LeaderElection202] INFO  impl.RaftServerImpl (RaftServerImpl.java:setRole(171)) - 3abb8d00-2c14-4b15-8f89-7a1fa57706fc:group-F5B12DBC0862 changes role from CANDIDATE to LEADER at term 1 for changeToLeader
2019-09-12 11:48:12,955 [3abb8d00-2c14-4b15-8f89-7a1fa57706fc:group-EEEC7EA2241E:LeaderElection201] INFO  impl.RaftServerImpl (ServerState.java:setLeader(263)) - 3abb8d00-2c14-4b15-8f89-7a1fa57706fc:group-EEEC7EA2241E change Leader from null to 3abb8d00-2c14-4b15-8f89-7a1fa57706fc at term 1 for becomeLeader, leader elected after 5153ms
2019-09-12 11:48:12,955 [3abb8d00-2c14-4b15-8f89-7a1fa57706fc:group-F5B12DBC0862:LeaderElection202] INFO  impl.RaftServerImpl (ServerState.java:setLeader(263)) - 3abb8d00-2c14-4b15-8f89-7a1fa57706fc:group-F5B12DBC0862 change Leader from null to 3abb8d00-2c14-4b15-8f89-7a1fa57706fc at term 1 for becomeLeader, leader elected after 5073ms
2019-09-12 11:48:12,956 [3abb8d00-2c14-4b15-8f89-7a1fa57706fc:group-EEEC7EA2241E:LeaderElection201] INFO  server.RaftServerConfigKeys (ConfUtils.java:logGet(43)) - raft.server.staging.catchup.gap = 1000 (default)
2019-09-12 11:48:12,956 [3abb8d00-2c14-4b15-8f89-7a1fa57706fc:group-F5B12DBC0862:LeaderElection202] INFO  server.RaftServerConfigKeys (ConfUtils.java:logGet(43)) - raft.server.staging.catchup.gap = 1000 (default)
2019-09-12 11:48:12,956 [3abb8d00-2c14-4b15-8f89-7a1fa57706fc:group-EEEC7EA2241E:LeaderElection201] INFO  server.RaftServerConfigKeys (ConfUtils.java:logGet(43)) - raft.server.rpc.sleep.time = 25ms (default)
2019-09-12 11:48:12,956 [3abb8d00-2c14-4b15-8f89-7a1fa57706fc:group-F5B12DBC0862:LeaderElection202] INFO  server.RaftServerConfigKeys (ConfUtils.java:logGet(43)) - raft.server.rpc.sleep.time = 25ms (default)
2019-09-12 11:48:12,956 [3abb8d00-2c14-4b15-8f89-7a1fa57706fc:group-EEEC7EA2241E:LeaderElection201] INFO  server.RaftServerConfigKeys (ConfUtils.java:logGet(43)) - raft.server.write.element-limit = 4096 (default)
2019-09-12 11:48:12,956 [3abb8d00-2c14-4b15-8f89-7a1fa57706fc:group-F5B12DBC0862:LeaderElection202] INFO  server.RaftServerConfigKeys (ConfUtils.java:logGet(43)) - raft.server.write.element-limit = 4096 (default)
2019-09-12 11:48:12,956 [3abb8d00-2c14-4b15-8f89-7a1fa57706fc:group-EEEC7EA2241E:LeaderElection201] INFO  server.RaftServerConfigKeys (ConfUtils.java:logGet(43)) - raft.server.watch.timeout = 10s (default)
2019-09-12 11:48:12,956 [3abb8d00-2c14-4b15-8f89-7a1fa57706fc:group-F5B12DBC0862:LeaderElection202] INFO  server.RaftServerConfigKeys (ConfUtils.java:logGet(43)) - raft.server.watch.timeout = 10s (default)
2019-09-12 11:48:12,956 [3abb8d00-2c14-4b15-8f89-7a1fa57706fc:group-EEEC7EA2241E:LeaderElection201] INFO  server.RaftServerConfigKeys (ConfUtils.java:logGet(43)) - raft.server.watch.timeout.denomination = 1s (default)
2019-09-12 11:48:12,957 [3abb8d00-2c14-4b15-8f89-7a1fa57706fc:group-F5B12DBC0862:LeaderElection202] INFO  server.RaftServerConfigKeys (ConfUtils.java:logGet(43)) - raft.server.watch.timeout.denomination = 1s (default)
2019-09-12 11:48:12,957 [3abb8d00-2c14-4b15-8f89-7a1fa57706fc:group-EEEC7EA2241E:LeaderElection201] INFO  server.RaftServerConfigKeys (ConfUtils.java:logGet(43)) - raft.server.watch.element-limit = 65536 (default)
2019-09-12 11:48:12,957 [3abb8d00-2c14-4b15-8f89-7a1fa57706fc:group-F5B12DBC0862:LeaderElection202] INFO  server.RaftServerConfigKeys (ConfUtils.java:logGet(43)) - raft.server.watch.element-limit = 65536 (default)
2019-09-12 11:48:12,957 [3abb8d00-2c14-4b15-8f89-7a1fa57706fc:group-EEEC7EA2241E:LeaderElection201] INFO  impl.RoleInfo (RoleInfo.java:updateAndGet(143)) - 3abb8d00-2c14-4b15-8f89-7a1fa57706fc: start LeaderState
2019-09-12 11:48:12,957 [3abb8d00-2c14-4b15-8f89-7a1fa57706fc:group-F5B12DBC0862:LeaderElection202] INFO  impl.RoleInfo (RoleInfo.java:updateAndGet(143)) - 3abb8d00-2c14-4b15-8f89-7a1fa57706fc: start LeaderState
2019-09-12 11:48:12,957 [3abb8d00-2c14-4b15-8f89-7a1fa57706fc:group-EEEC7EA2241E:LeaderElection201] INFO  segmented.SegmentedRaftLogWorker (SegmentedRaftLogWorker.java:startLogSegment(380)) - 3abb8d00-2c14-4b15-8f89-7a1fa57706fc-SegmentedRaftLogWorker:Storage Directory /workdir/hadoop-ozone/ozonefs/target/test-dir/MiniOzoneClusterImpl-fc9dd688-9bec-4f1c-ac5e-6dbbab7389e4/datanode-0/data/ratis/87e9fa09-9c3a-44dd-a5d6-eeec7ea2241e: Starting segment from index:0
2019-09-12 11:48:12,957 [3abb8d00-2c14-4b15-8f89-7a1fa57706fc:group-F5B12DBC0862:LeaderElection202] INFO  segmented.SegmentedRaftLogWorker (SegmentedRaftLogWorker.java:startLogSegment(380)) - 3abb8d00-2c14-4b15-8f89-7a1fa57706fc-SegmentedRaftLogWorker:Storage Directory /workdir/hadoop-ozone/ozonefs/target/test-dir/MiniOzoneClusterImpl-fc9dd688-9bec-4f1c-ac5e-6dbbab7389e4/datanode-0/data/ratis/99e85d33-1e5c-4f7f-81e9-f5b12dbc0862: Starting segment from index:0
2019-09-12 11:48:12,958 [3abb8d00-2c14-4b15-8f89-7a1fa57706fc:group-EEEC7EA2241E:LeaderElection201] INFO  impl.RaftServerImpl (ServerState.java:setRaftConf(361)) - 3abb8d00-2c14-4b15-8f89-7a1fa57706fc:group-EEEC7EA2241E set configuration 0: [3abb8d00-2c14-4b15-8f89-7a1fa57706fc:192.168.36.114:43637], old=null at 0
2019-09-12 11:48:12,958 [3abb8d00-2c14-4b15-8f89-7a1fa57706fc:group-F5B12DBC0862:LeaderElection202] INFO  impl.RaftServerImpl (ServerState.java:setRaftConf(361)) - 3abb8d00-2c14-4b15-8f89-7a1fa57706fc:group-F5B12DBC0862 set configuration 0: [3abb8d00-2c14-4b15-8f89-7a1fa57706fc:192.168.36.114:43637], old=null at 0
2019-09-12 11:48:12,978 [Thread-3108] INFO  impl.FollowerState (FollowerState.java:run(106)) - 3abb8d00-2c14-4b15-8f89-7a1fa57706fc:group-CFEEF3716971 changes to CANDIDATE, lastRpcTime:5053, electionTimeout:5053ms
2019-09-12 11:48:12,978 [Thread-3108] INFO  impl.RoleInfo (RoleInfo.java:shutdownFollowerState(121)) - 3abb8d00-2c14-4b15-8f89-7a1fa57706fc: shutdown FollowerState
2019-09-12 11:48:12,978 [Thread-3108] INFO  impl.RaftServerImpl (RaftServerImpl.java:setRole(171)) - 3abb8d00-2c14-4b15-8f89-7a1fa57706fc:group-CFEEF3716971 changes role from FOLLOWER to CANDIDATE at term 0 for changeToCandidate
2019-09-12 11:48:12,978 [Thread-3108] INFO  impl.RoleInfo (RoleInfo.java:updateAndGet(143)) - 3abb8d00-2c14-4b15-8f89-7a1fa57706fc: start LeaderElection
2019-09-12 11:48:13,006 [3abb8d00-2c14-4b15-8f89-7a1fa57706fc-SegmentedRaftLogWorker:Storage Directory /workdir/hadoop-ozone/ozonefs/target/test-dir/MiniOzoneClusterImpl-fc9dd688-9bec-4f1c-ac5e-6dbbab7389e4/datanode-0/data/ratis/87e9fa09-9c3a-44dd-a5d6-eeec7ea2241e] INFO  segmented.SegmentedRaftLogWorker (SegmentedRaftLogWorker.java:execute(569)) - 3abb8d00-2c14-4b15-8f89-7a1fa57706fc-SegmentedRaftLogWorker:Storage Directory /workdir/hadoop-ozone/ozonefs/target/test-dir/MiniOzoneClusterImpl-fc9dd688-9bec-4f1c-ac5e-6dbbab7389e4/datanode-0/data/ratis/87e9fa09-9c3a-44dd-a5d6-eeec7ea2241e: created new log segment /workdir/hadoop-ozone/ozonefs/target/test-dir/MiniOzoneClusterImpl-fc9dd688-9bec-4f1c-ac5e-6dbbab7389e4/datanode-0/data/ratis/87e9fa09-9c3a-44dd-a5d6-eeec7ea2241e/current/log_inprogress_0
2019-09-12 11:48:13,006 [3abb8d00-2c14-4b15-8f89-7a1fa57706fc:group-CFEEF3716971:LeaderElection203] INFO  impl.LeaderElection (LeaderElection.java:askForVotes(181)) - 3abb8d00-2c14-4b15-8f89-7a1fa57706fc:group-CFEEF3716971:LeaderElection203: begin an election at term 1 for -1: [3abb8d00-2c14-4b15-8f89-7a1fa57706fc:192.168.36.114:43637], old=null
2019-09-12 11:48:13,006 [3abb8d00-2c14-4b15-8f89-7a1fa57706fc-SegmentedRaftLogWorker:Storage Directory /workdir/hadoop-ozone/ozonefs/target/test-dir/MiniOzoneClusterImpl-fc9dd688-9bec-4f1c-ac5e-6dbbab7389e4/datanode-0/data/ratis/99e85d33-1e5c-4f7f-81e9-f5b12dbc0862] INFO  segmented.SegmentedRaftLogWorker (SegmentedRaftLogWorker.java:execute(569)) - 3abb8d00-2c14-4b15-8f89-7a1fa57706fc-SegmentedRaftLogWorker:Storage Directory /workdir/hadoop-ozone/ozonefs/target/test-dir/MiniOzoneClusterImpl-fc9dd688-9bec-4f1c-ac5e-6dbbab7389e4/datanode-0/data/ratis/99e85d33-1e5c-4f7f-81e9-f5b12dbc0862: created new log segment /workdir/hadoop-ozone/ozonefs/target/test-dir/MiniOzoneClusterImpl-fc9dd688-9bec-4f1c-ac5e-6dbbab7389e4/datanode-0/data/ratis/99e85d33-1e5c-4f7f-81e9-f5b12dbc0862/current/log_inprogress_0
2019-09-12 11:48:13,006 [3abb8d00-2c14-4b15-8f89-7a1fa57706fc:group-CFEEF3716971:LeaderElection203] INFO  impl.RoleInfo (RoleInfo.java:shutdownLeaderElection(134)) - 3abb8d00-2c14-4b15-8f89-7a1fa57706fc: shutdown LeaderElection
2019-09-12 11:48:13,006 [3abb8d00-2c14-4b15-8f89-7a1fa57706fc:group-CFEEF3716971:LeaderElection203] INFO  impl.RaftServerImpl (RaftServerImpl.java:setRole(171)) - 3abb8d00-2c14-4b15-8f89-7a1fa57706fc:group-CFEEF3716971 changes role from CANDIDATE to LEADER at term 1 for changeToLeader
2019-09-12 11:48:13,007 [3abb8d00-2c14-4b15-8f89-7a1fa57706fc:group-CFEEF3716971:LeaderElection203] INFO  impl.RaftServerImpl (ServerState.java:setLeader(263)) - 3abb8d00-2c14-4b15-8f89-7a1fa57706fc:group-CFEEF3716971 change Leader from null to 3abb8d00-2c14-4b15-8f89-7a1fa57706fc at term 1 for becomeLeader, leader elected after 5086ms
2019-09-12 11:48:13,007 [3abb8d00-2c14-4b15-8f89-7a1fa57706fc:group-CFEEF3716971:LeaderElection203] INFO  server.RaftServerConfigKeys (ConfUtils.java:logGet(43)) - raft.server.staging.catchup.gap = 1000 (default)
2019-09-12 11:48:13,007 [3abb8d00-2c14-4b15-8f89-7a1fa57706fc:group-CFEEF3716971:LeaderElection203] INFO  server.RaftServerConfigKeys (ConfUtils.java:logGet(43)) - raft.server.rpc.sleep.time = 25ms (default)
2019-09-12 11:48:13,007 [3abb8d00-2c14-4b15-8f89-7a1fa57706fc:group-CFEEF3716971:LeaderElection203] INFO  server.RaftServerConfigKeys (ConfUtils.java:logGet(43)) - raft.server.write.element-limit = 4096 (default)
2019-09-12 11:48:13,007 [3abb8d00-2c14-4b15-8f89-7a1fa57706fc:group-CFEEF3716971:LeaderElection203] INFO  server.RaftServerConfigKeys (ConfUtils.java:logGet(43)) - raft.server.watch.timeout = 10s (default)
2019-09-12 11:48:13,007 [3abb8d00-2c14-4b15-8f89-7a1fa57706fc:group-CFEEF3716971:LeaderElection203] INFO  server.RaftServerConfigKeys (ConfUtils.java:logGet(43)) - raft.server.watch.timeout.denomination = 1s (default)
2019-09-12 11:48:13,007 [3abb8d00-2c14-4b15-8f89-7a1fa57706fc:group-CFEEF3716971:LeaderElection203] INFO  server.RaftServerConfigKeys (ConfUtils.java:logGet(43)) - raft.server.watch.element-limit = 65536 (default)
2019-09-12 11:48:13,007 [3abb8d00-2c14-4b15-8f89-7a1fa57706fc:group-CFEEF3716971:LeaderElection203] INFO  impl.RoleInfo (RoleInfo.java:updateAndGet(143)) - 3abb8d00-2c14-4b15-8f89-7a1fa57706fc: start LeaderState
2019-09-12 11:48:13,008 [3abb8d00-2c14-4b15-8f89-7a1fa57706fc:group-CFEEF3716971:LeaderElection203] INFO  segmented.SegmentedRaftLogWorker (SegmentedRaftLogWorker.java:startLogSegment(380)) - 3abb8d00-2c14-4b15-8f89-7a1fa57706fc-SegmentedRaftLogWorker:Storage Directory /workdir/hadoop-ozone/ozonefs/target/test-dir/MiniOzoneClusterImpl-fc9dd688-9bec-4f1c-ac5e-6dbbab7389e4/datanode-0/data/ratis/67996a9b-a1ca-496d-ac7a-cfeef3716971: Starting segment from index:0
2019-09-12 11:48:13,008 [3abb8d00-2c14-4b15-8f89-7a1fa57706fc:group-CFEEF3716971:LeaderElection203] INFO  impl.RaftServerImpl (ServerState.java:setRaftConf(361)) - 3abb8d00-2c14-4b15-8f89-7a1fa57706fc:group-CFEEF3716971 set configuration 0: [3abb8d00-2c14-4b15-8f89-7a1fa57706fc:192.168.36.114:43637], old=null at 0
2019-09-12 11:48:13,036 [3abb8d00-2c14-4b15-8f89-7a1fa57706fc-SegmentedRaftLogWorker:Storage Directory /workdir/hadoop-ozone/ozonefs/target/test-dir/MiniOzoneClusterImpl-fc9dd688-9bec-4f1c-ac5e-6dbbab7389e4/datanode-0/data/ratis/67996a9b-a1ca-496d-ac7a-cfeef3716971] INFO  segmented.SegmentedRaftLogWorker (SegmentedRaftLogWorker.java:execute(569)) - 3abb8d00-2c14-4b15-8f89-7a1fa57706fc-SegmentedRaftLogWorker:Storage Directory /workdir/hadoop-ozone/ozonefs/target/test-dir/MiniOzoneClusterImpl-fc9dd688-9bec-4f1c-ac5e-6dbbab7389e4/datanode-0/data/ratis/67996a9b-a1ca-496d-ac7a-cfeef3716971: created new log segment /workdir/hadoop-ozone/ozonefs/target/test-dir/MiniOzoneClusterImpl-fc9dd688-9bec-4f1c-ac5e-6dbbab7389e4/datanode-0/data/ratis/67996a9b-a1ca-496d-ac7a-cfeef3716971/current/log_inprogress_0
2019-09-12 11:48:13,079 [Thread-3117] INFO  impl.FollowerState (FollowerState.java:run(106)) - ca72735a-502b-4542-8f03-a6a1dea70d9f:group-90E9C47ADB4E changes to CANDIDATE, lastRpcTime:5050, electionTimeout:5050ms
2019-09-12 11:48:13,079 [Thread-3117] INFO  impl.RoleInfo (RoleInfo.java:shutdownFollowerState(121)) - ca72735a-502b-4542-8f03-a6a1dea70d9f: shutdown FollowerState
2019-09-12 11:48:13,079 [Thread-3117] INFO  impl.RaftServerImpl (RaftServerImpl.java:setRole(171)) - ca72735a-502b-4542-8f03-a6a1dea70d9f:group-90E9C47ADB4E changes role from FOLLOWER to CANDIDATE at term 0 for changeToCandidate
2019-09-12 11:48:13,080 [Thread-3117] INFO  impl.RoleInfo (RoleInfo.java:updateAndGet(143)) - ca72735a-502b-4542-8f03-a6a1dea70d9f: start LeaderElection
2019-09-12 11:48:13,095 [ca72735a-502b-4542-8f03-a6a1dea70d9f:group-90E9C47ADB4E:LeaderElection204] INFO  impl.LeaderElection (LeaderElection.java:askForVotes(181)) - ca72735a-502b-4542-8f03-a6a1dea70d9f:group-90E9C47ADB4E:LeaderElection204: begin an election at term 1 for -1: [ca72735a-502b-4542-8f03-a6a1dea70d9f:192.168.36.114:33386], old=null
2019-09-12 11:48:13,095 [ca72735a-502b-4542-8f03-a6a1dea70d9f:group-90E9C47ADB4E:LeaderElection204] INFO  impl.RoleInfo (RoleInfo.java:shutdownLeaderElection(134)) - ca72735a-502b-4542-8f03-a6a1dea70d9f: shutdown LeaderElection
2019-09-12 11:48:13,095 [ca72735a-502b-4542-8f03-a6a1dea70d9f:group-90E9C47ADB4E:LeaderElection204] INFO  impl.RaftServerImpl (RaftServerImpl.java:setRole(171)) - ca72735a-502b-4542-8f03-a6a1dea70d9f:group-90E9C47ADB4E changes role from CANDIDATE to LEADER at term 1 for changeToLeader
2019-09-12 11:48:13,096 [ca72735a-502b-4542-8f03-a6a1dea70d9f:group-90E9C47ADB4E:LeaderElection204] INFO  impl.RaftServerImpl (ServerState.java:setLeader(263)) - ca72735a-502b-4542-8f03-a6a1dea70d9f:group-90E9C47ADB4E change Leader from null to ca72735a-502b-4542-8f03-a6a1dea70d9f at term 1 for becomeLeader, leader elected after 5069ms
2019-09-12 11:48:13,096 [ca72735a-502b-4542-8f03-a6a1dea70d9f:group-90E9C47ADB4E:LeaderElection204] INFO  server.RaftServerConfigKeys (ConfUtils.java:logGet(43)) - raft.server.staging.catchup.gap = 1000 (default)
2019-09-12 11:48:13,096 [ca72735a-502b-4542-8f03-a6a1dea70d9f:group-90E9C47ADB4E:LeaderElection204] INFO  server.RaftServerConfigKeys (ConfUtils.java:logGet(43)) - raft.server.rpc.sleep.time = 25ms (default)
2019-09-12 11:48:13,096 [ca72735a-502b-4542-8f03-a6a1dea70d9f:group-90E9C47ADB4E:LeaderElection204] INFO  server.RaftServerConfigKeys (ConfUtils.java:logGet(43)) - raft.server.write.element-limit = 4096 (default)
2019-09-12 11:48:13,096 [ca72735a-502b-4542-8f03-a6a1dea70d9f:group-90E9C47ADB4E:LeaderElection204] INFO  server.RaftServerConfigKeys (ConfUtils.java:logGet(43)) - raft.server.watch.timeout = 10s (default)
2019-09-12 11:48:13,096 [ca72735a-502b-4542-8f03-a6a1dea70d9f:group-90E9C47ADB4E:LeaderElection204] INFO  server.RaftServerConfigKeys (ConfUtils.java:logGet(43)) - raft.server.watch.timeout.denomination = 1s (default)
2019-09-12 11:48:13,096 [ca72735a-502b-4542-8f03-a6a1dea70d9f:group-90E9C47ADB4E:LeaderElection204] INFO  server.RaftServerConfigKeys (ConfUtils.java:logGet(43)) - raft.server.watch.element-limit = 65536 (default)
2019-09-12 11:48:13,096 [ca72735a-502b-4542-8f03-a6a1dea70d9f:group-90E9C47ADB4E:LeaderElection204] INFO  impl.RoleInfo (RoleInfo.java:updateAndGet(143)) - ca72735a-502b-4542-8f03-a6a1dea70d9f: start LeaderState
2019-09-12 11:48:13,096 [ca72735a-502b-4542-8f03-a6a1dea70d9f:group-90E9C47ADB4E:LeaderElection204] INFO  segmented.SegmentedRaftLogWorker (SegmentedRaftLogWorker.java:startLogSegment(380)) - ca72735a-502b-4542-8f03-a6a1dea70d9f-SegmentedRaftLogWorker:Storage Directory /workdir/hadoop-ozone/ozonefs/target/test-dir/MiniOzoneClusterImpl-fc9dd688-9bec-4f1c-ac5e-6dbbab7389e4/datanode-1/data/ratis/6b9c12a7-1b0d-4dfb-8f5c-90e9c47adb4e: Starting segment from index:0
2019-09-12 11:48:13,097 [ca72735a-502b-4542-8f03-a6a1dea70d9f:group-90E9C47ADB4E:LeaderElection204] INFO  impl.RaftServerImpl (ServerState.java:setRaftConf(361)) - ca72735a-502b-4542-8f03-a6a1dea70d9f:group-90E9C47ADB4E set configuration 0: [ca72735a-502b-4542-8f03-a6a1dea70d9f:192.168.36.114:33386], old=null at 0
2019-09-12 11:48:13,131 [Thread-3111] INFO  impl.FollowerState (FollowerState.java:run(106)) - 3abb8d00-2c14-4b15-8f89-7a1fa57706fc:group-F29292E2CF64 changes to CANDIDATE, lastRpcTime:5169, electionTimeout:5169ms
2019-09-12 11:48:13,131 [Thread-3111] INFO  impl.RoleInfo (RoleInfo.java:shutdownFollowerState(121)) - 3abb8d00-2c14-4b15-8f89-7a1fa57706fc: shutdown FollowerState
2019-09-12 11:48:13,131 [Thread-3111] INFO  impl.RaftServerImpl (RaftServerImpl.java:setRole(171)) - 3abb8d00-2c14-4b15-8f89-7a1fa57706fc:group-F29292E2CF64 changes role from FOLLOWER to CANDIDATE at term 0 for changeToCandidate
2019-09-12 11:48:13,131 [Thread-3111] INFO  impl.RoleInfo (RoleInfo.java:updateAndGet(143)) - 3abb8d00-2c14-4b15-8f89-7a1fa57706fc: start LeaderElection
2019-09-12 11:48:13,149 [ca72735a-502b-4542-8f03-a6a1dea70d9f-SegmentedRaftLogWorker:Storage Directory /workdir/hadoop-ozone/ozonefs/target/test-dir/MiniOzoneClusterImpl-fc9dd688-9bec-4f1c-ac5e-6dbbab7389e4/datanode-1/data/ratis/6b9c12a7-1b0d-4dfb-8f5c-90e9c47adb4e] INFO  segmented.SegmentedRaftLogWorker (SegmentedRaftLogWorker.java:execute(569)) - ca72735a-502b-4542-8f03-a6a1dea70d9f-SegmentedRaftLogWorker:Storage Directory /workdir/hadoop-ozone/ozonefs/target/test-dir/MiniOzoneClusterImpl-fc9dd688-9bec-4f1c-ac5e-6dbbab7389e4/datanode-1/data/ratis/6b9c12a7-1b0d-4dfb-8f5c-90e9c47adb4e: created new log segment /workdir/hadoop-ozone/ozonefs/target/test-dir/MiniOzoneClusterImpl-fc9dd688-9bec-4f1c-ac5e-6dbbab7389e4/datanode-1/data/ratis/6b9c12a7-1b0d-4dfb-8f5c-90e9c47adb4e/current/log_inprogress_0
2019-09-12 11:48:13,149 [3abb8d00-2c14-4b15-8f89-7a1fa57706fc:group-F29292E2CF64:LeaderElection205] INFO  impl.LeaderElection (LeaderElection.java:askForVotes(181)) - 3abb8d00-2c14-4b15-8f89-7a1fa57706fc:group-F29292E2CF64:LeaderElection205: begin an election at term 1 for -1: [3abb8d00-2c14-4b15-8f89-7a1fa57706fc:192.168.36.114:43637], old=null
2019-09-12 11:48:13,149 [3abb8d00-2c14-4b15-8f89-7a1fa57706fc:group-F29292E2CF64:LeaderElection205] INFO  impl.RoleInfo (RoleInfo.java:shutdownLeaderElection(134)) - 3abb8d00-2c14-4b15-8f89-7a1fa57706fc: shutdown LeaderElection
2019-09-12 11:48:13,149 [3abb8d00-2c14-4b15-8f89-7a1fa57706fc:group-F29292E2CF64:LeaderElection205] INFO  impl.RaftServerImpl (RaftServerImpl.java:setRole(171)) - 3abb8d00-2c14-4b15-8f89-7a1fa57706fc:group-F29292E2CF64 changes role from CANDIDATE to LEADER at term 1 for changeToLeader
2019-09-12 11:48:13,149 [3abb8d00-2c14-4b15-8f89-7a1fa57706fc:group-F29292E2CF64:LeaderElection205] INFO  impl.RaftServerImpl (ServerState.java:setLeader(263)) - 3abb8d00-2c14-4b15-8f89-7a1fa57706fc:group-F29292E2CF64 change Leader from null to 3abb8d00-2c14-4b15-8f89-7a1fa57706fc at term 1 for becomeLeader, leader elected after 5191ms
2019-09-12 11:48:13,149 [3abb8d00-2c14-4b15-8f89-7a1fa57706fc:group-F29292E2CF64:LeaderElection205] INFO  server.RaftServerConfigKeys (ConfUtils.java:logGet(43)) - raft.server.staging.catchup.gap = 1000 (default)
2019-09-12 11:48:13,149 [3abb8d00-2c14-4b15-8f89-7a1fa57706fc:group-F29292E2CF64:LeaderElection205] INFO  server.RaftServerConfigKeys (ConfUtils.java:logGet(43)) - raft.server.rpc.sleep.time = 25ms (default)
2019-09-12 11:48:13,150 [3abb8d00-2c14-4b15-8f89-7a1fa57706fc:group-F29292E2CF64:LeaderElection205] INFO  server.RaftServerConfigKeys (ConfUtils.java:logGet(43)) - raft.server.write.element-limit = 4096 (default)
2019-09-12 11:48:13,150 [3abb8d00-2c14-4b15-8f89-7a1fa57706fc:group-F29292E2CF64:LeaderElection205] INFO  server.RaftServerConfigKeys (ConfUtils.java:logGet(43)) - raft.server.watch.timeout = 10s (default)
2019-09-12 11:48:13,150 [3abb8d00-2c14-4b15-8f89-7a1fa57706fc:group-F29292E2CF64:LeaderElection205] INFO  server.RaftServerConfigKeys (ConfUtils.java:logGet(43)) - raft.server.watch.timeout.denomination = 1s (default)
2019-09-12 11:48:13,150 [3abb8d00-2c14-4b15-8f89-7a1fa57706fc:group-F29292E2CF64:LeaderElection205] INFO  server.RaftServerConfigKeys (ConfUtils.java:logGet(43)) - raft.server.watch.element-limit = 65536 (default)
2019-09-12 11:48:13,150 [3abb8d00-2c14-4b15-8f89-7a1fa57706fc:group-F29292E2CF64:LeaderElection205] INFO  impl.RoleInfo (RoleInfo.java:updateAndGet(143)) - 3abb8d00-2c14-4b15-8f89-7a1fa57706fc: start LeaderState
2019-09-12 11:48:13,150 [3abb8d00-2c14-4b15-8f89-7a1fa57706fc:group-F29292E2CF64:LeaderElection205] INFO  segmented.SegmentedRaftLogWorker (SegmentedRaftLogWorker.java:startLogSegment(380)) - 3abb8d00-2c14-4b15-8f89-7a1fa57706fc-SegmentedRaftLogWorker:Storage Directory /workdir/hadoop-ozone/ozonefs/target/test-dir/MiniOzoneClusterImpl-fc9dd688-9bec-4f1c-ac5e-6dbbab7389e4/datanode-0/data/ratis/ab4dff3e-6753-48e6-b04b-f29292e2cf64: Starting segment from index:0
2019-09-12 11:48:13,151 [3abb8d00-2c14-4b15-8f89-7a1fa57706fc:group-F29292E2CF64:LeaderElection205] INFO  impl.RaftServerImpl (ServerState.java:setRaftConf(361)) - 3abb8d00-2c14-4b15-8f89-7a1fa57706fc:group-F29292E2CF64 set configuration 0: [3abb8d00-2c14-4b15-8f89-7a1fa57706fc:192.168.36.114:43637], old=null at 0
2019-09-12 11:48:13,179 | INFO  | SCMAudit | user=jenkins1000 | ip=192.168.36.114 | op=SEND_HEARTBEAT {datanodeUUID=b4fabe70-9e10-4755-9f3f-0d1bb3aebfc7, command=[]} | ret=SUCCESS |  
2019-09-12 11:48:13,188 [3abb8d00-2c14-4b15-8f89-7a1fa57706fc-SegmentedRaftLogWorker:Storage Directory /workdir/hadoop-ozone/ozonefs/target/test-dir/MiniOzoneClusterImpl-fc9dd688-9bec-4f1c-ac5e-6dbbab7389e4/datanode-0/data/ratis/ab4dff3e-6753-48e6-b04b-f29292e2cf64] INFO  segmented.SegmentedRaftLogWorker (SegmentedRaftLogWorker.java:execute(569)) - 3abb8d00-2c14-4b15-8f89-7a1fa57706fc-SegmentedRaftLogWorker:Storage Directory /workdir/hadoop-ozone/ozonefs/target/test-dir/MiniOzoneClusterImpl-fc9dd688-9bec-4f1c-ac5e-6dbbab7389e4/datanode-0/data/ratis/ab4dff3e-6753-48e6-b04b-f29292e2cf64: created new log segment /workdir/hadoop-ozone/ozonefs/target/test-dir/MiniOzoneClusterImpl-fc9dd688-9bec-4f1c-ac5e-6dbbab7389e4/datanode-0/data/ratis/ab4dff3e-6753-48e6-b04b-f29292e2cf64/current/log_inprogress_0
2019-09-12 11:48:13,193 [Thread-3120] INFO  impl.FollowerState (FollowerState.java:run(106)) - ca72735a-502b-4542-8f03-a6a1dea70d9f:group-0A20E76A4464 changes to CANDIDATE, lastRpcTime:5125, electionTimeout:5125ms
2019-09-12 11:48:13,193 [Thread-3120] INFO  impl.RoleInfo (RoleInfo.java:shutdownFollowerState(121)) - ca72735a-502b-4542-8f03-a6a1dea70d9f: shutdown FollowerState
2019-09-12 11:48:13,193 [Thread-3120] INFO  impl.RaftServerImpl (RaftServerImpl.java:setRole(171)) - ca72735a-502b-4542-8f03-a6a1dea70d9f:group-0A20E76A4464 changes role from FOLLOWER to CANDIDATE at term 0 for changeToCandidate
2019-09-12 11:48:13,193 [Thread-3120] INFO  impl.RoleInfo (RoleInfo.java:updateAndGet(143)) - ca72735a-502b-4542-8f03-a6a1dea70d9f: start LeaderElection
2019-09-12 11:48:13,196 [Thread-3114] INFO  impl.FollowerState (FollowerState.java:run(106)) - ca72735a-502b-4542-8f03-a6a1dea70d9f:group-484671122F7B changes to CANDIDATE, lastRpcTime:5194, electionTimeout:5193ms
2019-09-12 11:48:13,196 [Thread-3114] INFO  impl.RoleInfo (RoleInfo.java:shutdownFollowerState(121)) - ca72735a-502b-4542-8f03-a6a1dea70d9f: shutdown FollowerState
2019-09-12 11:48:13,196 [Thread-3114] INFO  impl.RaftServerImpl (RaftServerImpl.java:setRole(171)) - ca72735a-502b-4542-8f03-a6a1dea70d9f:group-484671122F7B changes role from FOLLOWER to CANDIDATE at term 0 for changeToCandidate
2019-09-12 11:48:13,197 [Thread-3114] INFO  impl.RoleInfo (RoleInfo.java:updateAndGet(143)) - ca72735a-502b-4542-8f03-a6a1dea70d9f: start LeaderElection
2019-09-12 11:48:13,203 [ca72735a-502b-4542-8f03-a6a1dea70d9f:group-0A20E76A4464:LeaderElection206] INFO  impl.LeaderElection (LeaderElection.java:askForVotes(181)) - ca72735a-502b-4542-8f03-a6a1dea70d9f:group-0A20E76A4464:LeaderElection206: begin an election at term 1 for -1: [ca72735a-502b-4542-8f03-a6a1dea70d9f:192.168.36.114:33386], old=null
2019-09-12 11:48:13,203 [ca72735a-502b-4542-8f03-a6a1dea70d9f:group-484671122F7B:LeaderElection207] INFO  impl.LeaderElection (LeaderElection.java:askForVotes(181)) - ca72735a-502b-4542-8f03-a6a1dea70d9f:group-484671122F7B:LeaderElection207: begin an election at term 1 for -1: [ca72735a-502b-4542-8f03-a6a1dea70d9f:192.168.36.114:33386], old=null
2019-09-12 11:48:13,203 [ca72735a-502b-4542-8f03-a6a1dea70d9f:group-0A20E76A4464:LeaderElection206] INFO  impl.RoleInfo (RoleInfo.java:shutdownLeaderElection(134)) - ca72735a-502b-4542-8f03-a6a1dea70d9f: shutdown LeaderElection
2019-09-12 11:48:13,203 [ca72735a-502b-4542-8f03-a6a1dea70d9f:group-484671122F7B:LeaderElection207] INFO  impl.RoleInfo (RoleInfo.java:shutdownLeaderElection(134)) - ca72735a-502b-4542-8f03-a6a1dea70d9f: shutdown LeaderElection
2019-09-12 11:48:13,203 [ca72735a-502b-4542-8f03-a6a1dea70d9f:group-0A20E76A4464:LeaderElection206] INFO  impl.RaftServerImpl (RaftServerImpl.java:setRole(171)) - ca72735a-502b-4542-8f03-a6a1dea70d9f:group-0A20E76A4464 changes role from CANDIDATE to LEADER at term 1 for changeToLeader
2019-09-12 11:48:13,203 [ca72735a-502b-4542-8f03-a6a1dea70d9f:group-484671122F7B:LeaderElection207] INFO  impl.RaftServerImpl (RaftServerImpl.java:setRole(171)) - ca72735a-502b-4542-8f03-a6a1dea70d9f:group-484671122F7B changes role from CANDIDATE to LEADER at term 1 for changeToLeader
2019-09-12 11:48:13,204 [ca72735a-502b-4542-8f03-a6a1dea70d9f:group-0A20E76A4464:LeaderElection206] INFO  impl.RaftServerImpl (ServerState.java:setLeader(263)) - ca72735a-502b-4542-8f03-a6a1dea70d9f:group-0A20E76A4464 change Leader from null to ca72735a-502b-4542-8f03-a6a1dea70d9f at term 1 for becomeLeader, leader elected after 5140ms
2019-09-12 11:48:13,204 [ca72735a-502b-4542-8f03-a6a1dea70d9f:group-484671122F7B:LeaderElection207] INFO  impl.RaftServerImpl (ServerState.java:setLeader(263)) - ca72735a-502b-4542-8f03-a6a1dea70d9f:group-484671122F7B change Leader from null to ca72735a-502b-4542-8f03-a6a1dea70d9f at term 1 for becomeLeader, leader elected after 5204ms
2019-09-12 11:48:13,204 [ca72735a-502b-4542-8f03-a6a1dea70d9f:group-0A20E76A4464:LeaderElection206] INFO  server.RaftServerConfigKeys (ConfUtils.java:logGet(43)) - raft.server.staging.catchup.gap = 1000 (default)
2019-09-12 11:48:13,204 [ca72735a-502b-4542-8f03-a6a1dea70d9f:group-484671122F7B:LeaderElection207] INFO  server.RaftServerConfigKeys (ConfUtils.java:logGet(43)) - raft.server.staging.catchup.gap = 1000 (default)
2019-09-12 11:48:13,204 [ca72735a-502b-4542-8f03-a6a1dea70d9f:group-0A20E76A4464:LeaderElection206] INFO  server.RaftServerConfigKeys (ConfUtils.java:logGet(43)) - raft.server.rpc.sleep.time = 25ms (default)
2019-09-12 11:48:13,204 [ca72735a-502b-4542-8f03-a6a1dea70d9f:group-484671122F7B:LeaderElection207] INFO  server.RaftServerConfigKeys (ConfUtils.java:logGet(43)) - raft.server.rpc.sleep.time = 25ms (default)
2019-09-12 11:48:13,204 [ca72735a-502b-4542-8f03-a6a1dea70d9f:group-0A20E76A4464:LeaderElection206] INFO  server.RaftServerConfigKeys (ConfUtils.java:logGet(43)) - raft.server.write.element-limit = 4096 (default)
2019-09-12 11:48:13,204 [ca72735a-502b-4542-8f03-a6a1dea70d9f:group-484671122F7B:LeaderElection207] INFO  server.RaftServerConfigKeys (ConfUtils.java:logGet(43)) - raft.server.write.element-limit = 4096 (default)
2019-09-12 11:48:13,205 [Thread-3123] INFO  impl.FollowerState (FollowerState.java:run(106)) - ca72735a-502b-4542-8f03-a6a1dea70d9f:group-E854582BA9D7 changes to CANDIDATE, lastRpcTime:5098, electionTimeout:5098ms
2019-09-12 11:48:13,205 [ca72735a-502b-4542-8f03-a6a1dea70d9f:group-0A20E76A4464:LeaderElection206] INFO  server.RaftServerConfigKeys (ConfUtils.java:logGet(43)) - raft.server.watch.timeout = 10s (default)
2019-09-12 11:48:13,205 [Thread-3123] INFO  impl.RoleInfo (RoleInfo.java:shutdownFollowerState(121)) - ca72735a-502b-4542-8f03-a6a1dea70d9f: shutdown FollowerState
2019-09-12 11:48:13,205 [Thread-3123] INFO  impl.RaftServerImpl (RaftServerImpl.java:setRole(171)) - ca72735a-502b-4542-8f03-a6a1dea70d9f:group-E854582BA9D7 changes role from FOLLOWER to CANDIDATE at term 0 for changeToCandidate
2019-09-12 11:48:13,205 [ca72735a-502b-4542-8f03-a6a1dea70d9f:group-484671122F7B:LeaderElection207] INFO  server.RaftServerConfigKeys (ConfUtils.java:logGet(43)) - raft.server.watch.timeout = 10s (default)
2019-09-12 11:48:13,205 [Thread-3123] INFO  impl.RoleInfo (RoleInfo.java:updateAndGet(143)) - ca72735a-502b-4542-8f03-a6a1dea70d9f: start LeaderElection
2019-09-12 11:48:13,205 [ca72735a-502b-4542-8f03-a6a1dea70d9f:group-0A20E76A4464:LeaderElection206] INFO  server.RaftServerConfigKeys (ConfUtils.java:logGet(43)) - raft.server.watch.timeout.denomination = 1s (default)
2019-09-12 11:48:13,205 [ca72735a-502b-4542-8f03-a6a1dea70d9f:group-484671122F7B:LeaderElection207] INFO  server.RaftServerConfigKeys (ConfUtils.java:logGet(43)) - raft.server.watch.timeout.denomination = 1s (default)
2019-09-12 11:48:13,205 [ca72735a-502b-4542-8f03-a6a1dea70d9f:group-0A20E76A4464:LeaderElection206] INFO  server.RaftServerConfigKeys (ConfUtils.java:logGet(43)) - raft.server.watch.element-limit = 65536 (default)
2019-09-12 11:48:13,207 [ca72735a-502b-4542-8f03-a6a1dea70d9f:group-484671122F7B:LeaderElection207] INFO  server.RaftServerConfigKeys (ConfUtils.java:logGet(43)) - raft.server.watch.element-limit = 65536 (default)
2019-09-12 11:48:13,207 [ca72735a-502b-4542-8f03-a6a1dea70d9f:group-0A20E76A4464:LeaderElection206] INFO  impl.RoleInfo (RoleInfo.java:updateAndGet(143)) - ca72735a-502b-4542-8f03-a6a1dea70d9f: start LeaderState
2019-09-12 11:48:13,207 [ca72735a-502b-4542-8f03-a6a1dea70d9f:group-484671122F7B:LeaderElection207] INFO  impl.RoleInfo (RoleInfo.java:updateAndGet(143)) - ca72735a-502b-4542-8f03-a6a1dea70d9f: start LeaderState
2019-09-12 11:48:13,207 [ca72735a-502b-4542-8f03-a6a1dea70d9f:group-0A20E76A4464:LeaderElection206] INFO  segmented.SegmentedRaftLogWorker (SegmentedRaftLogWorker.java:startLogSegment(380)) - ca72735a-502b-4542-8f03-a6a1dea70d9f-SegmentedRaftLogWorker:Storage Directory /workdir/hadoop-ozone/ozonefs/target/test-dir/MiniOzoneClusterImpl-fc9dd688-9bec-4f1c-ac5e-6dbbab7389e4/datanode-1/data/ratis/0bfceb10-6d0e-4cae-8580-0a20e76a4464: Starting segment from index:0
2019-09-12 11:48:13,207 [ca72735a-502b-4542-8f03-a6a1dea70d9f:group-484671122F7B:LeaderElection207] INFO  segmented.SegmentedRaftLogWorker (SegmentedRaftLogWorker.java:startLogSegment(380)) - ca72735a-502b-4542-8f03-a6a1dea70d9f-SegmentedRaftLogWorker:Storage Directory /workdir/hadoop-ozone/ozonefs/target/test-dir/MiniOzoneClusterImpl-fc9dd688-9bec-4f1c-ac5e-6dbbab7389e4/datanode-1/data/ratis/a18dd7d6-6c7b-42d9-87eb-484671122f7b: Starting segment from index:0
2019-09-12 11:48:13,208 [ca72735a-502b-4542-8f03-a6a1dea70d9f:group-0A20E76A4464:LeaderElection206] INFO  impl.RaftServerImpl (ServerState.java:setRaftConf(361)) - ca72735a-502b-4542-8f03-a6a1dea70d9f:group-0A20E76A4464 set configuration 0: [ca72735a-502b-4542-8f03-a6a1dea70d9f:192.168.36.114:33386], old=null at 0
2019-09-12 11:48:13,208 [ca72735a-502b-4542-8f03-a6a1dea70d9f:group-484671122F7B:LeaderElection207] INFO  impl.RaftServerImpl (ServerState.java:setRaftConf(361)) - ca72735a-502b-4542-8f03-a6a1dea70d9f:group-484671122F7B set configuration 0: [ca72735a-502b-4542-8f03-a6a1dea70d9f:192.168.36.114:33386], old=null at 0
2019-09-12 11:48:13,220 [ca72735a-502b-4542-8f03-a6a1dea70d9f:group-E854582BA9D7:LeaderElection208] INFO  impl.LeaderElection (LeaderElection.java:askForVotes(181)) - ca72735a-502b-4542-8f03-a6a1dea70d9f:group-E854582BA9D7:LeaderElection208: begin an election at term 1 for -1: [ca72735a-502b-4542-8f03-a6a1dea70d9f:192.168.36.114:33386], old=null
2019-09-12 11:48:13,220 [ca72735a-502b-4542-8f03-a6a1dea70d9f:group-E854582BA9D7:LeaderElection208] INFO  impl.RoleInfo (RoleInfo.java:shutdownLeaderElection(134)) - ca72735a-502b-4542-8f03-a6a1dea70d9f: shutdown LeaderElection
2019-09-12 11:48:13,221 [ca72735a-502b-4542-8f03-a6a1dea70d9f:group-E854582BA9D7:LeaderElection208] INFO  impl.RaftServerImpl (RaftServerImpl.java:setRole(171)) - ca72735a-502b-4542-8f03-a6a1dea70d9f:group-E854582BA9D7 changes role from CANDIDATE to LEADER at term 1 for changeToLeader
2019-09-12 11:48:13,221 [ca72735a-502b-4542-8f03-a6a1dea70d9f:group-E854582BA9D7:LeaderElection208] INFO  impl.RaftServerImpl (ServerState.java:setLeader(263)) - ca72735a-502b-4542-8f03-a6a1dea70d9f:group-E854582BA9D7 change Leader from null to ca72735a-502b-4542-8f03-a6a1dea70d9f at term 1 for becomeLeader, leader elected after 5116ms
2019-09-12 11:48:13,221 [ca72735a-502b-4542-8f03-a6a1dea70d9f:group-E854582BA9D7:LeaderElection208] INFO  server.RaftServerConfigKeys (ConfUtils.java:logGet(43)) - raft.server.staging.catchup.gap = 1000 (default)
2019-09-12 11:48:13,221 [ca72735a-502b-4542-8f03-a6a1dea70d9f:group-E854582BA9D7:LeaderElection208] INFO  server.RaftServerConfigKeys (ConfUtils.java:logGet(43)) - raft.server.rpc.sleep.time = 25ms (default)
2019-09-12 11:48:13,221 [ca72735a-502b-4542-8f03-a6a1dea70d9f:group-E854582BA9D7:LeaderElection208] INFO  server.RaftServerConfigKeys (ConfUtils.java:logGet(43)) - raft.server.write.element-limit = 4096 (default)
2019-09-12 11:48:13,221 [ca72735a-502b-4542-8f03-a6a1dea70d9f:group-E854582BA9D7:LeaderElection208] INFO  server.RaftServerConfigKeys (ConfUtils.java:logGet(43)) - raft.server.watch.timeout = 10s (default)
2019-09-12 11:48:13,221 [ca72735a-502b-4542-8f03-a6a1dea70d9f:group-E854582BA9D7:LeaderElection208] INFO  server.RaftServerConfigKeys (ConfUtils.java:logGet(43)) - raft.server.watch.timeout.denomination = 1s (default)
2019-09-12 11:48:13,221 [ca72735a-502b-4542-8f03-a6a1dea70d9f:group-E854582BA9D7:LeaderElection208] INFO  server.RaftServerConfigKeys (ConfUtils.java:logGet(43)) - raft.server.watch.element-limit = 65536 (default)
2019-09-12 11:48:13,222 [ca72735a-502b-4542-8f03-a6a1dea70d9f:group-E854582BA9D7:LeaderElection208] INFO  impl.RoleInfo (RoleInfo.java:updateAndGet(143)) - ca72735a-502b-4542-8f03-a6a1dea70d9f: start LeaderState
2019-09-12 11:48:13,222 [ca72735a-502b-4542-8f03-a6a1dea70d9f:group-E854582BA9D7:LeaderElection208] INFO  segmented.SegmentedRaftLogWorker (SegmentedRaftLogWorker.java:startLogSegment(380)) - ca72735a-502b-4542-8f03-a6a1dea70d9f-SegmentedRaftLogWorker:Storage Directory /workdir/hadoop-ozone/ozonefs/target/test-dir/MiniOzoneClusterImpl-fc9dd688-9bec-4f1c-ac5e-6dbbab7389e4/datanode-1/data/ratis/5ecf6f49-c771-4af0-a50e-e854582ba9d7: Starting segment from index:0
2019-09-12 11:48:13,222 [ca72735a-502b-4542-8f03-a6a1dea70d9f:group-E854582BA9D7:LeaderElection208] INFO  impl.RaftServerImpl (ServerState.java:setRaftConf(361)) - ca72735a-502b-4542-8f03-a6a1dea70d9f:group-E854582BA9D7 set configuration 0: [ca72735a-502b-4542-8f03-a6a1dea70d9f:192.168.36.114:33386], old=null at 0
2019-09-12 11:48:13,232 [Thread-3132] INFO  impl.FollowerState (FollowerState.java:run(106)) - b4fabe70-9e10-4755-9f3f-0d1bb3aebfc7:group-729073B8CA96 changes to CANDIDATE, lastRpcTime:5010, electionTimeout:5010ms
2019-09-12 11:48:13,232 [Thread-3132] INFO  impl.RoleInfo (RoleInfo.java:shutdownFollowerState(121)) - b4fabe70-9e10-4755-9f3f-0d1bb3aebfc7: shutdown FollowerState
2019-09-12 11:48:13,232 [Thread-3132] INFO  impl.RaftServerImpl (RaftServerImpl.java:setRole(171)) - b4fabe70-9e10-4755-9f3f-0d1bb3aebfc7:group-729073B8CA96 changes role from FOLLOWER to CANDIDATE at term 0 for changeToCandidate
2019-09-12 11:48:13,232 [Thread-3132] INFO  impl.RoleInfo (RoleInfo.java:updateAndGet(143)) - b4fabe70-9e10-4755-9f3f-0d1bb3aebfc7: start LeaderElection
2019-09-12 11:48:13,262 [ca72735a-502b-4542-8f03-a6a1dea70d9f-SegmentedRaftLogWorker:Storage Directory /workdir/hadoop-ozone/ozonefs/target/test-dir/MiniOzoneClusterImpl-fc9dd688-9bec-4f1c-ac5e-6dbbab7389e4/datanode-1/data/ratis/0bfceb10-6d0e-4cae-8580-0a20e76a4464] INFO  segmented.SegmentedRaftLogWorker (SegmentedRaftLogWorker.java:execute(569)) - ca72735a-502b-4542-8f03-a6a1dea70d9f-SegmentedRaftLogWorker:Storage Directory /workdir/hadoop-ozone/ozonefs/target/test-dir/MiniOzoneClusterImpl-fc9dd688-9bec-4f1c-ac5e-6dbbab7389e4/datanode-1/data/ratis/0bfceb10-6d0e-4cae-8580-0a20e76a4464: created new log segment /workdir/hadoop-ozone/ozonefs/target/test-dir/MiniOzoneClusterImpl-fc9dd688-9bec-4f1c-ac5e-6dbbab7389e4/datanode-1/data/ratis/0bfceb10-6d0e-4cae-8580-0a20e76a4464/current/log_inprogress_0
2019-09-12 11:48:13,262 [ca72735a-502b-4542-8f03-a6a1dea70d9f-SegmentedRaftLogWorker:Storage Directory /workdir/hadoop-ozone/ozonefs/target/test-dir/MiniOzoneClusterImpl-fc9dd688-9bec-4f1c-ac5e-6dbbab7389e4/datanode-1/data/ratis/5ecf6f49-c771-4af0-a50e-e854582ba9d7] INFO  segmented.SegmentedRaftLogWorker (SegmentedRaftLogWorker.java:execute(569)) - ca72735a-502b-4542-8f03-a6a1dea70d9f-SegmentedRaftLogWorker:Storage Directory /workdir/hadoop-ozone/ozonefs/target/test-dir/MiniOzoneClusterImpl-fc9dd688-9bec-4f1c-ac5e-6dbbab7389e4/datanode-1/data/ratis/5ecf6f49-c771-4af0-a50e-e854582ba9d7: created new log segment /workdir/hadoop-ozone/ozonefs/target/test-dir/MiniOzoneClusterImpl-fc9dd688-9bec-4f1c-ac5e-6dbbab7389e4/datanode-1/data/ratis/5ecf6f49-c771-4af0-a50e-e854582ba9d7/current/log_inprogress_0
2019-09-12 11:48:13,262 [b4fabe70-9e10-4755-9f3f-0d1bb3aebfc7:group-729073B8CA96:LeaderElection209] INFO  impl.LeaderElection (LeaderElection.java:askForVotes(181)) - b4fabe70-9e10-4755-9f3f-0d1bb3aebfc7:group-729073B8CA96:LeaderElection209: begin an election at term 1 for -1: [b4fabe70-9e10-4755-9f3f-0d1bb3aebfc7:192.168.36.114:46562], old=null
2019-09-12 11:48:13,262 [ca72735a-502b-4542-8f03-a6a1dea70d9f-SegmentedRaftLogWorker:Storage Directory /workdir/hadoop-ozone/ozonefs/target/test-dir/MiniOzoneClusterImpl-fc9dd688-9bec-4f1c-ac5e-6dbbab7389e4/datanode-1/data/ratis/a18dd7d6-6c7b-42d9-87eb-484671122f7b] INFO  segmented.SegmentedRaftLogWorker (SegmentedRaftLogWorker.java:execute(569)) - ca72735a-502b-4542-8f03-a6a1dea70d9f-SegmentedRaftLogWorker:Storage Directory /workdir/hadoop-ozone/ozonefs/target/test-dir/MiniOzoneClusterImpl-fc9dd688-9bec-4f1c-ac5e-6dbbab7389e4/datanode-1/data/ratis/a18dd7d6-6c7b-42d9-87eb-484671122f7b: created new log segment /workdir/hadoop-ozone/ozonefs/target/test-dir/MiniOzoneClusterImpl-fc9dd688-9bec-4f1c-ac5e-6dbbab7389e4/datanode-1/data/ratis/a18dd7d6-6c7b-42d9-87eb-484671122f7b/current/log_inprogress_0
2019-09-12 11:48:13,263 [b4fabe70-9e10-4755-9f3f-0d1bb3aebfc7:group-729073B8CA96:LeaderElection209] INFO  impl.RoleInfo (RoleInfo.java:shutdownLeaderElection(134)) - b4fabe70-9e10-4755-9f3f-0d1bb3aebfc7: shutdown LeaderElection
2019-09-12 11:48:13,263 [b4fabe70-9e10-4755-9f3f-0d1bb3aebfc7:group-729073B8CA96:LeaderElection209] INFO  impl.RaftServerImpl (RaftServerImpl.java:setRole(171)) - b4fabe70-9e10-4755-9f3f-0d1bb3aebfc7:group-729073B8CA96 changes role from CANDIDATE to LEADER at term 1 for changeToLeader
2019-09-12 11:48:13,263 [b4fabe70-9e10-4755-9f3f-0d1bb3aebfc7:group-729073B8CA96:LeaderElection209] INFO  impl.RaftServerImpl (ServerState.java:setLeader(263)) - b4fabe70-9e10-4755-9f3f-0d1bb3aebfc7:group-729073B8CA96 change Leader from null to b4fabe70-9e10-4755-9f3f-0d1bb3aebfc7 at term 1 for becomeLeader, leader elected after 5044ms
2019-09-12 11:48:13,263 [b4fabe70-9e10-4755-9f3f-0d1bb3aebfc7:group-729073B8CA96:LeaderElection209] INFO  server.RaftServerConfigKeys (ConfUtils.java:logGet(43)) - raft.server.staging.catchup.gap = 1000 (default)
2019-09-12 11:48:13,263 [b4fabe70-9e10-4755-9f3f-0d1bb3aebfc7:group-729073B8CA96:LeaderElection209] INFO  server.RaftServerConfigKeys (ConfUtils.java:logGet(43)) - raft.server.rpc.sleep.time = 25ms (default)
2019-09-12 11:48:13,264 [b4fabe70-9e10-4755-9f3f-0d1bb3aebfc7:group-729073B8CA96:LeaderElection209] INFO  server.RaftServerConfigKeys (ConfUtils.java:logGet(43)) - raft.server.write.element-limit = 4096 (default)
2019-09-12 11:48:13,264 [b4fabe70-9e10-4755-9f3f-0d1bb3aebfc7:group-729073B8CA96:LeaderElection209] INFO  server.RaftServerConfigKeys (ConfUtils.java:logGet(43)) - raft.server.watch.timeout = 10s (default)
2019-09-12 11:48:13,264 [b4fabe70-9e10-4755-9f3f-0d1bb3aebfc7:group-729073B8CA96:LeaderElection209] INFO  server.RaftServerConfigKeys (ConfUtils.java:logGet(43)) - raft.server.watch.timeout.denomination = 1s (default)
2019-09-12 11:48:13,264 [b4fabe70-9e10-4755-9f3f-0d1bb3aebfc7:group-729073B8CA96:LeaderElection209] INFO  server.RaftServerConfigKeys (ConfUtils.java:logGet(43)) - raft.server.watch.element-limit = 65536 (default)
2019-09-12 11:48:13,264 [b4fabe70-9e10-4755-9f3f-0d1bb3aebfc7:group-729073B8CA96:LeaderElection209] INFO  impl.RoleInfo (RoleInfo.java:updateAndGet(143)) - b4fabe70-9e10-4755-9f3f-0d1bb3aebfc7: start LeaderState
2019-09-12 11:48:13,264 [b4fabe70-9e10-4755-9f3f-0d1bb3aebfc7:group-729073B8CA96:LeaderElection209] INFO  segmented.SegmentedRaftLogWorker (SegmentedRaftLogWorker.java:startLogSegment(380)) - b4fabe70-9e10-4755-9f3f-0d1bb3aebfc7-SegmentedRaftLogWorker:Storage Directory /workdir/hadoop-ozone/ozonefs/target/test-dir/MiniOzoneClusterImpl-fc9dd688-9bec-4f1c-ac5e-6dbbab7389e4/datanode-2/data/ratis/a732b3fe-0631-4040-a10e-729073b8ca96: Starting segment from index:0
2019-09-12 11:48:13,264 [b4fabe70-9e10-4755-9f3f-0d1bb3aebfc7:group-729073B8CA96:LeaderElection209] INFO  impl.RaftServerImpl (ServerState.java:setRaftConf(361)) - b4fabe70-9e10-4755-9f3f-0d1bb3aebfc7:group-729073B8CA96 set configuration 0: [b4fabe70-9e10-4755-9f3f-0d1bb3aebfc7:192.168.36.114:46562], old=null at 0
2019-09-12 11:48:13,304 [b4fabe70-9e10-4755-9f3f-0d1bb3aebfc7-SegmentedRaftLogWorker:Storage Directory /workdir/hadoop-ozone/ozonefs/target/test-dir/MiniOzoneClusterImpl-fc9dd688-9bec-4f1c-ac5e-6dbbab7389e4/datanode-2/data/ratis/a732b3fe-0631-4040-a10e-729073b8ca96] INFO  segmented.SegmentedRaftLogWorker (SegmentedRaftLogWorker.java:execute(569)) - b4fabe70-9e10-4755-9f3f-0d1bb3aebfc7-SegmentedRaftLogWorker:Storage Directory /workdir/hadoop-ozone/ozonefs/target/test-dir/MiniOzoneClusterImpl-fc9dd688-9bec-4f1c-ac5e-6dbbab7389e4/datanode-2/data/ratis/a732b3fe-0631-4040-a10e-729073b8ca96: created new log segment /workdir/hadoop-ozone/ozonefs/target/test-dir/MiniOzoneClusterImpl-fc9dd688-9bec-4f1c-ac5e-6dbbab7389e4/datanode-2/data/ratis/a732b3fe-0631-4040-a10e-729073b8ca96/current/log_inprogress_0
2019-09-12 11:48:13,315 [Thread-3126] INFO  impl.FollowerState (FollowerState.java:run(106)) - ca72735a-502b-4542-8f03-a6a1dea70d9f:group-28FFE5D1645A changes to CANDIDATE, lastRpcTime:5172, electionTimeout:5172ms
2019-09-12 11:48:13,315 [Thread-3126] INFO  impl.RoleInfo (RoleInfo.java:shutdownFollowerState(121)) - ca72735a-502b-4542-8f03-a6a1dea70d9f: shutdown FollowerState
2019-09-12 11:48:13,315 [Thread-3126] INFO  impl.RaftServerImpl (RaftServerImpl.java:setRole(171)) - ca72735a-502b-4542-8f03-a6a1dea70d9f:group-28FFE5D1645A changes role from FOLLOWER to CANDIDATE at term 0 for changeToCandidate
2019-09-12 11:48:13,315 [Thread-3126] INFO  impl.RoleInfo (RoleInfo.java:updateAndGet(143)) - ca72735a-502b-4542-8f03-a6a1dea70d9f: start LeaderElection
2019-09-12 11:48:13,330 [ca72735a-502b-4542-8f03-a6a1dea70d9f:group-28FFE5D1645A:LeaderElection210] INFO  impl.LeaderElection (LeaderElection.java:askForVotes(181)) - ca72735a-502b-4542-8f03-a6a1dea70d9f:group-28FFE5D1645A:LeaderElection210: begin an election at term 1 for -1: [ca72735a-502b-4542-8f03-a6a1dea70d9f:192.168.36.114:33386], old=null
2019-09-12 11:48:13,330 [ca72735a-502b-4542-8f03-a6a1dea70d9f:group-28FFE5D1645A:LeaderElection210] INFO  impl.RoleInfo (RoleInfo.java:shutdownLeaderElection(134)) - ca72735a-502b-4542-8f03-a6a1dea70d9f: shutdown LeaderElection
2019-09-12 11:48:13,330 [ca72735a-502b-4542-8f03-a6a1dea70d9f:group-28FFE5D1645A:LeaderElection210] INFO  impl.RaftServerImpl (RaftServerImpl.java:setRole(171)) - ca72735a-502b-4542-8f03-a6a1dea70d9f:group-28FFE5D1645A changes role from CANDIDATE to LEADER at term 1 for changeToLeader
2019-09-12 11:48:13,331 [ca72735a-502b-4542-8f03-a6a1dea70d9f:group-28FFE5D1645A:LeaderElection210] INFO  impl.RaftServerImpl (ServerState.java:setLeader(263)) - ca72735a-502b-4542-8f03-a6a1dea70d9f:group-28FFE5D1645A change Leader from null to ca72735a-502b-4542-8f03-a6a1dea70d9f at term 1 for becomeLeader, leader elected after 5190ms
2019-09-12 11:48:13,331 [ca72735a-502b-4542-8f03-a6a1dea70d9f:group-28FFE5D1645A:LeaderElection210] INFO  server.RaftServerConfigKeys (ConfUtils.java:logGet(43)) - raft.server.staging.catchup.gap = 1000 (default)
2019-09-12 11:48:13,331 [ca72735a-502b-4542-8f03-a6a1dea70d9f:group-28FFE5D1645A:LeaderElection210] INFO  server.RaftServerConfigKeys (ConfUtils.java:logGet(43)) - raft.server.rpc.sleep.time = 25ms (default)
2019-09-12 11:48:13,331 [ca72735a-502b-4542-8f03-a6a1dea70d9f:group-28FFE5D1645A:LeaderElection210] INFO  server.RaftServerConfigKeys (ConfUtils.java:logGet(43)) - raft.server.write.element-limit = 4096 (default)
2019-09-12 11:48:13,331 [ca72735a-502b-4542-8f03-a6a1dea70d9f:group-28FFE5D1645A:LeaderElection210] INFO  server.RaftServerConfigKeys (ConfUtils.java:logGet(43)) - raft.server.watch.timeout = 10s (default)
2019-09-12 11:48:13,331 [ca72735a-502b-4542-8f03-a6a1dea70d9f:group-28FFE5D1645A:LeaderElection210] INFO  server.RaftServerConfigKeys (ConfUtils.java:logGet(43)) - raft.server.watch.timeout.denomination = 1s (default)
2019-09-12 11:48:13,331 [ca72735a-502b-4542-8f03-a6a1dea70d9f:group-28FFE5D1645A:LeaderElection210] INFO  server.RaftServerConfigKeys (ConfUtils.java:logGet(43)) - raft.server.watch.element-limit = 65536 (default)
2019-09-12 11:48:13,332 [ca72735a-502b-4542-8f03-a6a1dea70d9f:group-28FFE5D1645A:LeaderElection210] INFO  impl.RoleInfo (RoleInfo.java:updateAndGet(143)) - ca72735a-502b-4542-8f03-a6a1dea70d9f: start LeaderState
2019-09-12 11:48:13,332 [ca72735a-502b-4542-8f03-a6a1dea70d9f:group-28FFE5D1645A:LeaderElection210] INFO  segmented.SegmentedRaftLogWorker (SegmentedRaftLogWorker.java:startLogSegment(380)) - ca72735a-502b-4542-8f03-a6a1dea70d9f-SegmentedRaftLogWorker:Storage Directory /workdir/hadoop-ozone/ozonefs/target/test-dir/MiniOzoneClusterImpl-fc9dd688-9bec-4f1c-ac5e-6dbbab7389e4/datanode-1/data/ratis/94ce3940-f349-4b90-b069-28ffe5d1645a: Starting segment from index:0
2019-09-12 11:48:13,332 [ca72735a-502b-4542-8f03-a6a1dea70d9f:group-28FFE5D1645A:LeaderElection210] INFO  impl.RaftServerImpl (ServerState.java:setRaftConf(361)) - ca72735a-502b-4542-8f03-a6a1dea70d9f:group-28FFE5D1645A set configuration 0: [ca72735a-502b-4542-8f03-a6a1dea70d9f:192.168.36.114:33386], old=null at 0
2019-09-12 11:48:13,333 [Thread-3129] INFO  impl.FollowerState (FollowerState.java:run(106)) - ca72735a-502b-4542-8f03-a6a1dea70d9f:group-D8A1A05F6391 changes to CANDIDATE, lastRpcTime:5153, electionTimeout:5153ms
2019-09-12 11:48:13,333 [Thread-3129] INFO  impl.RoleInfo (RoleInfo.java:shutdownFollowerState(121)) - ca72735a-502b-4542-8f03-a6a1dea70d9f: shutdown FollowerState
2019-09-12 11:48:13,334 [Thread-3129] INFO  impl.RaftServerImpl (RaftServerImpl.java:setRole(171)) - ca72735a-502b-4542-8f03-a6a1dea70d9f:group-D8A1A05F6391 changes role from FOLLOWER to CANDIDATE at term 0 for changeToCandidate
2019-09-12 11:48:13,334 [Thread-3129] INFO  impl.RoleInfo (RoleInfo.java:updateAndGet(143)) - ca72735a-502b-4542-8f03-a6a1dea70d9f: start LeaderElection
2019-09-12 11:48:13,383 [ca72735a-502b-4542-8f03-a6a1dea70d9f-SegmentedRaftLogWorker:Storage Directory /workdir/hadoop-ozone/ozonefs/target/test-dir/MiniOzoneClusterImpl-fc9dd688-9bec-4f1c-ac5e-6dbbab7389e4/datanode-1/data/ratis/94ce3940-f349-4b90-b069-28ffe5d1645a] INFO  segmented.SegmentedRaftLogWorker (SegmentedRaftLogWorker.java:execute(569)) - ca72735a-502b-4542-8f03-a6a1dea70d9f-SegmentedRaftLogWorker:Storage Directory /workdir/hadoop-ozone/ozonefs/target/test-dir/MiniOzoneClusterImpl-fc9dd688-9bec-4f1c-ac5e-6dbbab7389e4/datanode-1/data/ratis/94ce3940-f349-4b90-b069-28ffe5d1645a: created new log segment /workdir/hadoop-ozone/ozonefs/target/test-dir/MiniOzoneClusterImpl-fc9dd688-9bec-4f1c-ac5e-6dbbab7389e4/datanode-1/data/ratis/94ce3940-f349-4b90-b069-28ffe5d1645a/current/log_inprogress_0
2019-09-12 11:48:13,383 [ca72735a-502b-4542-8f03-a6a1dea70d9f:group-D8A1A05F6391:LeaderElection211] INFO  impl.LeaderElection (LeaderElection.java:askForVotes(181)) - ca72735a-502b-4542-8f03-a6a1dea70d9f:group-D8A1A05F6391:LeaderElection211: begin an election at term 1 for -1: [ca72735a-502b-4542-8f03-a6a1dea70d9f:192.168.36.114:33386], old=null
2019-09-12 11:48:13,383 [ca72735a-502b-4542-8f03-a6a1dea70d9f:group-D8A1A05F6391:LeaderElection211] INFO  impl.RoleInfo (RoleInfo.java:shutdownLeaderElection(134)) - ca72735a-502b-4542-8f03-a6a1dea70d9f: shutdown LeaderElection
2019-09-12 11:48:13,383 [ca72735a-502b-4542-8f03-a6a1dea70d9f:group-D8A1A05F6391:LeaderElection211] INFO  impl.RaftServerImpl (RaftServerImpl.java:setRole(171)) - ca72735a-502b-4542-8f03-a6a1dea70d9f:group-D8A1A05F6391 changes role from CANDIDATE to LEADER at term 1 for changeToLeader
2019-09-12 11:48:13,383 [ca72735a-502b-4542-8f03-a6a1dea70d9f:group-D8A1A05F6391:LeaderElection211] INFO  impl.RaftServerImpl (ServerState.java:setLeader(263)) - ca72735a-502b-4542-8f03-a6a1dea70d9f:group-D8A1A05F6391 change Leader from null to ca72735a-502b-4542-8f03-a6a1dea70d9f at term 1 for becomeLeader, leader elected after 5206ms
2019-09-12 11:48:13,383 [ca72735a-502b-4542-8f03-a6a1dea70d9f:group-D8A1A05F6391:LeaderElection211] INFO  server.RaftServerConfigKeys (ConfUtils.java:logGet(43)) - raft.server.staging.catchup.gap = 1000 (default)
2019-09-12 11:48:13,383 [ca72735a-502b-4542-8f03-a6a1dea70d9f:group-D8A1A05F6391:LeaderElection211] INFO  server.RaftServerConfigKeys (ConfUtils.java:logGet(43)) - raft.server.rpc.sleep.time = 25ms (default)
2019-09-12 11:48:13,384 [ca72735a-502b-4542-8f03-a6a1dea70d9f:group-D8A1A05F6391:LeaderElection211] INFO  server.RaftServerConfigKeys (ConfUtils.java:logGet(43)) - raft.server.write.element-limit = 4096 (default)
2019-09-12 11:48:13,384 [ca72735a-502b-4542-8f03-a6a1dea70d9f:group-D8A1A05F6391:LeaderElection211] INFO  server.RaftServerConfigKeys (ConfUtils.java:logGet(43)) - raft.server.watch.timeout = 10s (default)
2019-09-12 11:48:13,384 [ca72735a-502b-4542-8f03-a6a1dea70d9f:group-D8A1A05F6391:LeaderElection211] INFO  server.RaftServerConfigKeys (ConfUtils.java:logGet(43)) - raft.server.watch.timeout.denomination = 1s (default)
2019-09-12 11:48:13,384 [ca72735a-502b-4542-8f03-a6a1dea70d9f:group-D8A1A05F6391:LeaderElection211] INFO  server.RaftServerConfigKeys (ConfUtils.java:logGet(43)) - raft.server.watch.element-limit = 65536 (default)
2019-09-12 11:48:13,384 [ca72735a-502b-4542-8f03-a6a1dea70d9f:group-D8A1A05F6391:LeaderElection211] INFO  impl.RoleInfo (RoleInfo.java:updateAndGet(143)) - ca72735a-502b-4542-8f03-a6a1dea70d9f: start LeaderState
2019-09-12 11:48:13,384 [ca72735a-502b-4542-8f03-a6a1dea70d9f:group-D8A1A05F6391:LeaderElection211] INFO  segmented.SegmentedRaftLogWorker (SegmentedRaftLogWorker.java:startLogSegment(380)) - ca72735a-502b-4542-8f03-a6a1dea70d9f-SegmentedRaftLogWorker:Storage Directory /workdir/hadoop-ozone/ozonefs/target/test-dir/MiniOzoneClusterImpl-fc9dd688-9bec-4f1c-ac5e-6dbbab7389e4/datanode-1/data/ratis/0a476f7d-5235-469f-8fa7-d8a1a05f6391: Starting segment from index:0
2019-09-12 11:48:13,385 [ca72735a-502b-4542-8f03-a6a1dea70d9f:group-D8A1A05F6391:LeaderElection211] INFO  impl.RaftServerImpl (ServerState.java:setRaftConf(361)) - ca72735a-502b-4542-8f03-a6a1dea70d9f:group-D8A1A05F6391 set configuration 0: [ca72735a-502b-4542-8f03-a6a1dea70d9f:192.168.36.114:33386], old=null at 0
2019-09-12 11:48:13,431 [ca72735a-502b-4542-8f03-a6a1dea70d9f-SegmentedRaftLogWorker:Storage Directory /workdir/hadoop-ozone/ozonefs/target/test-dir/MiniOzoneClusterImpl-fc9dd688-9bec-4f1c-ac5e-6dbbab7389e4/datanode-1/data/ratis/0a476f7d-5235-469f-8fa7-d8a1a05f6391] INFO  segmented.SegmentedRaftLogWorker (SegmentedRaftLogWorker.java:execute(569)) - ca72735a-502b-4542-8f03-a6a1dea70d9f-SegmentedRaftLogWorker:Storage Directory /workdir/hadoop-ozone/ozonefs/target/test-dir/MiniOzoneClusterImpl-fc9dd688-9bec-4f1c-ac5e-6dbbab7389e4/datanode-1/data/ratis/0a476f7d-5235-469f-8fa7-d8a1a05f6391: created new log segment /workdir/hadoop-ozone/ozonefs/target/test-dir/MiniOzoneClusterImpl-fc9dd688-9bec-4f1c-ac5e-6dbbab7389e4/datanode-1/data/ratis/0a476f7d-5235-469f-8fa7-d8a1a05f6391/current/log_inprogress_0
2019-09-12 11:48:13,662 [Thread-3135] INFO  impl.FollowerState (FollowerState.java:run(106)) - b4fabe70-9e10-4755-9f3f-0d1bb3aebfc7:group-D3F49AA6921C changes to CANDIDATE, lastRpcTime:5174, electionTimeout:5171ms
2019-09-12 11:48:13,662 [Thread-3135] INFO  impl.RoleInfo (RoleInfo.java:shutdownFollowerState(121)) - b4fabe70-9e10-4755-9f3f-0d1bb3aebfc7: shutdown FollowerState
2019-09-12 11:48:13,662 [Thread-3135] INFO  impl.RaftServerImpl (RaftServerImpl.java:setRole(171)) - b4fabe70-9e10-4755-9f3f-0d1bb3aebfc7:group-D3F49AA6921C changes role from FOLLOWER to CANDIDATE at term 0 for changeToCandidate
2019-09-12 11:48:13,663 [Thread-3135] INFO  impl.RoleInfo (RoleInfo.java:updateAndGet(143)) - b4fabe70-9e10-4755-9f3f-0d1bb3aebfc7: start LeaderElection
2019-09-12 11:48:13,679 [b4fabe70-9e10-4755-9f3f-0d1bb3aebfc7:group-D3F49AA6921C:LeaderElection212] INFO  impl.LeaderElection (LeaderElection.java:askForVotes(181)) - b4fabe70-9e10-4755-9f3f-0d1bb3aebfc7:group-D3F49AA6921C:LeaderElection212: begin an election at term 1 for -1: [b4fabe70-9e10-4755-9f3f-0d1bb3aebfc7:192.168.36.114:46562], old=null
2019-09-12 11:48:13,679 [b4fabe70-9e10-4755-9f3f-0d1bb3aebfc7:group-D3F49AA6921C:LeaderElection212] INFO  impl.RoleInfo (RoleInfo.java:shutdownLeaderElection(134)) - b4fabe70-9e10-4755-9f3f-0d1bb3aebfc7: shutdown LeaderElection
2019-09-12 11:48:13,679 [b4fabe70-9e10-4755-9f3f-0d1bb3aebfc7:group-D3F49AA6921C:LeaderElection212] INFO  impl.RaftServerImpl (RaftServerImpl.java:setRole(171)) - b4fabe70-9e10-4755-9f3f-0d1bb3aebfc7:group-D3F49AA6921C changes role from CANDIDATE to LEADER at term 1 for changeToLeader
2019-09-12 11:48:13,680 [b4fabe70-9e10-4755-9f3f-0d1bb3aebfc7:group-D3F49AA6921C:LeaderElection212] INFO  impl.RaftServerImpl (ServerState.java:setLeader(263)) - b4fabe70-9e10-4755-9f3f-0d1bb3aebfc7:group-D3F49AA6921C change Leader from null to b4fabe70-9e10-4755-9f3f-0d1bb3aebfc7 at term 1 for becomeLeader, leader elected after 5426ms
2019-09-12 11:48:13,680 [b4fabe70-9e10-4755-9f3f-0d1bb3aebfc7:group-D3F49AA6921C:LeaderElection212] INFO  server.RaftServerConfigKeys (ConfUtils.java:logGet(43)) - raft.server.staging.catchup.gap = 1000 (default)
2019-09-12 11:48:13,680 [b4fabe70-9e10-4755-9f3f-0d1bb3aebfc7:group-D3F49AA6921C:LeaderElection212] INFO  server.RaftServerConfigKeys (ConfUtils.java:logGet(43)) - raft.server.rpc.sleep.time = 25ms (default)
2019-09-12 11:48:13,680 [b4fabe70-9e10-4755-9f3f-0d1bb3aebfc7:group-D3F49AA6921C:LeaderElection212] INFO  server.RaftServerConfigKeys (ConfUtils.java:logGet(43)) - raft.server.write.element-limit = 4096 (default)
2019-09-12 11:48:13,680 [b4fabe70-9e10-4755-9f3f-0d1bb3aebfc7:group-D3F49AA6921C:LeaderElection212] INFO  server.RaftServerConfigKeys (ConfUtils.java:logGet(43)) - raft.server.watch.timeout = 10s (default)
2019-09-12 11:48:13,680 [b4fabe70-9e10-4755-9f3f-0d1bb3aebfc7:group-D3F49AA6921C:LeaderElection212] INFO  server.RaftServerConfigKeys (ConfUtils.java:logGet(43)) - raft.server.watch.timeout.denomination = 1s (default)
2019-09-12 11:48:13,680 [b4fabe70-9e10-4755-9f3f-0d1bb3aebfc7:group-D3F49AA6921C:LeaderElection212] INFO  server.RaftServerConfigKeys (ConfUtils.java:logGet(43)) - raft.server.watch.element-limit = 65536 (default)
2019-09-12 11:48:13,680 [b4fabe70-9e10-4755-9f3f-0d1bb3aebfc7:group-D3F49AA6921C:LeaderElection212] INFO  impl.RoleInfo (RoleInfo.java:updateAndGet(143)) - b4fabe70-9e10-4755-9f3f-0d1bb3aebfc7: start LeaderState
2019-09-12 11:48:13,680 [b4fabe70-9e10-4755-9f3f-0d1bb3aebfc7:group-D3F49AA6921C:LeaderElection212] INFO  segmented.SegmentedRaftLogWorker (SegmentedRaftLogWorker.java:startLogSegment(380)) - b4fabe70-9e10-4755-9f3f-0d1bb3aebfc7-SegmentedRaftLogWorker:Storage Directory /workdir/hadoop-ozone/ozonefs/target/test-dir/MiniOzoneClusterImpl-fc9dd688-9bec-4f1c-ac5e-6dbbab7389e4/datanode-2/data/ratis/45baf813-d8d2-465d-9ed9-d3f49aa6921c: Starting segment from index:0
2019-09-12 11:48:13,681 [b4fabe70-9e10-4755-9f3f-0d1bb3aebfc7:group-D3F49AA6921C:LeaderElection212] INFO  impl.RaftServerImpl (ServerState.java:setRaftConf(361)) - b4fabe70-9e10-4755-9f3f-0d1bb3aebfc7:group-D3F49AA6921C set configuration 0: [b4fabe70-9e10-4755-9f3f-0d1bb3aebfc7:192.168.36.114:46562], old=null at 0
2019-09-12 11:48:13,685 [Thread-3142] INFO  impl.FollowerState (FollowerState.java:run(106)) - b4fabe70-9e10-4755-9f3f-0d1bb3aebfc7:group-180107D320E8 changes to CANDIDATE, lastRpcTime:5074, electionTimeout:5074ms
2019-09-12 11:48:13,685 [Thread-3142] INFO  impl.RoleInfo (RoleInfo.java:shutdownFollowerState(121)) - b4fabe70-9e10-4755-9f3f-0d1bb3aebfc7: shutdown FollowerState
2019-09-12 11:48:13,686 [Thread-3142] INFO  impl.RaftServerImpl (RaftServerImpl.java:setRole(171)) - b4fabe70-9e10-4755-9f3f-0d1bb3aebfc7:group-180107D320E8 changes role from FOLLOWER to CANDIDATE at term 0 for changeToCandidate
2019-09-12 11:48:13,686 [Thread-3142] INFO  impl.RoleInfo (RoleInfo.java:updateAndGet(143)) - b4fabe70-9e10-4755-9f3f-0d1bb3aebfc7: start LeaderElection
2019-09-12 11:48:13,715 [Thread-3146] INFO  impl.FollowerState (FollowerState.java:run(106)) - b4fabe70-9e10-4755-9f3f-0d1bb3aebfc7:group-922AD3A32067 changes to CANDIDATE, lastRpcTime:5048, electionTimeout:5048ms
2019-09-12 11:48:13,715 [Thread-3146] INFO  impl.RoleInfo (RoleInfo.java:shutdownFollowerState(121)) - b4fabe70-9e10-4755-9f3f-0d1bb3aebfc7: shutdown FollowerState
2019-09-12 11:48:13,715 [Thread-3146] INFO  impl.RaftServerImpl (RaftServerImpl.java:setRole(171)) - b4fabe70-9e10-4755-9f3f-0d1bb3aebfc7:group-922AD3A32067 changes role from FOLLOWER to CANDIDATE at term 0 for changeToCandidate
2019-09-12 11:48:13,715 [Thread-3146] INFO  impl.RoleInfo (RoleInfo.java:updateAndGet(143)) - b4fabe70-9e10-4755-9f3f-0d1bb3aebfc7: start LeaderElection
2019-09-12 11:48:13,719 [b4fabe70-9e10-4755-9f3f-0d1bb3aebfc7-SegmentedRaftLogWorker:Storage Directory /workdir/hadoop-ozone/ozonefs/target/test-dir/MiniOzoneClusterImpl-fc9dd688-9bec-4f1c-ac5e-6dbbab7389e4/datanode-2/data/ratis/45baf813-d8d2-465d-9ed9-d3f49aa6921c] INFO  segmented.SegmentedRaftLogWorker (SegmentedRaftLogWorker.java:execute(569)) - b4fabe70-9e10-4755-9f3f-0d1bb3aebfc7-SegmentedRaftLogWorker:Storage Directory /workdir/hadoop-ozone/ozonefs/target/test-dir/MiniOzoneClusterImpl-fc9dd688-9bec-4f1c-ac5e-6dbbab7389e4/datanode-2/data/ratis/45baf813-d8d2-465d-9ed9-d3f49aa6921c: created new log segment /workdir/hadoop-ozone/ozonefs/target/test-dir/MiniOzoneClusterImpl-fc9dd688-9bec-4f1c-ac5e-6dbbab7389e4/datanode-2/data/ratis/45baf813-d8d2-465d-9ed9-d3f49aa6921c/current/log_inprogress_0
2019-09-12 11:48:13,719 [b4fabe70-9e10-4755-9f3f-0d1bb3aebfc7:group-180107D320E8:LeaderElection213] INFO  impl.LeaderElection (LeaderElection.java:askForVotes(181)) - b4fabe70-9e10-4755-9f3f-0d1bb3aebfc7:group-180107D320E8:LeaderElection213: begin an election at term 1 for -1: [b4fabe70-9e10-4755-9f3f-0d1bb3aebfc7:192.168.36.114:46562], old=null
2019-09-12 11:48:13,720 [b4fabe70-9e10-4755-9f3f-0d1bb3aebfc7:group-180107D320E8:LeaderElection213] INFO  impl.RoleInfo (RoleInfo.java:shutdownLeaderElection(134)) - b4fabe70-9e10-4755-9f3f-0d1bb3aebfc7: shutdown LeaderElection
2019-09-12 11:48:13,720 [b4fabe70-9e10-4755-9f3f-0d1bb3aebfc7:group-180107D320E8:LeaderElection213] INFO  impl.RaftServerImpl (RaftServerImpl.java:setRole(171)) - b4fabe70-9e10-4755-9f3f-0d1bb3aebfc7:group-180107D320E8 changes role from CANDIDATE to LEADER at term 1 for changeToLeader
2019-09-12 11:48:13,720 [b4fabe70-9e10-4755-9f3f-0d1bb3aebfc7:group-180107D320E8:LeaderElection213] INFO  impl.RaftServerImpl (ServerState.java:setLeader(263)) - b4fabe70-9e10-4755-9f3f-0d1bb3aebfc7:group-180107D320E8 change Leader from null to b4fabe70-9e10-4755-9f3f-0d1bb3aebfc7 at term 1 for becomeLeader, leader elected after 5112ms
2019-09-12 11:48:13,720 [b4fabe70-9e10-4755-9f3f-0d1bb3aebfc7:group-180107D320E8:LeaderElection213] INFO  server.RaftServerConfigKeys (ConfUtils.java:logGet(43)) - raft.server.staging.catchup.gap = 1000 (default)
2019-09-12 11:48:13,720 [b4fabe70-9e10-4755-9f3f-0d1bb3aebfc7:group-180107D320E8:LeaderElection213] INFO  server.RaftServerConfigKeys (ConfUtils.java:logGet(43)) - raft.server.rpc.sleep.time = 25ms (default)
2019-09-12 11:48:13,720 [b4fabe70-9e10-4755-9f3f-0d1bb3aebfc7:group-180107D320E8:LeaderElection213] INFO  server.RaftServerConfigKeys (ConfUtils.java:logGet(43)) - raft.server.write.element-limit = 4096 (default)
2019-09-12 11:48:13,721 [b4fabe70-9e10-4755-9f3f-0d1bb3aebfc7:group-180107D320E8:LeaderElection213] INFO  server.RaftServerConfigKeys (ConfUtils.java:logGet(43)) - raft.server.watch.timeout = 10s (default)
2019-09-12 11:48:13,721 [b4fabe70-9e10-4755-9f3f-0d1bb3aebfc7:group-180107D320E8:LeaderElection213] INFO  server.RaftServerConfigKeys (ConfUtils.java:logGet(43)) - raft.server.watch.timeout.denomination = 1s (default)
2019-09-12 11:48:13,721 [b4fabe70-9e10-4755-9f3f-0d1bb3aebfc7:group-180107D320E8:LeaderElection213] INFO  server.RaftServerConfigKeys (ConfUtils.java:logGet(43)) - raft.server.watch.element-limit = 65536 (default)
2019-09-12 11:48:13,721 [b4fabe70-9e10-4755-9f3f-0d1bb3aebfc7:group-180107D320E8:LeaderElection213] INFO  impl.RoleInfo (RoleInfo.java:updateAndGet(143)) - b4fabe70-9e10-4755-9f3f-0d1bb3aebfc7: start LeaderState
2019-09-12 11:48:13,721 [b4fabe70-9e10-4755-9f3f-0d1bb3aebfc7:group-180107D320E8:LeaderElection213] INFO  segmented.SegmentedRaftLogWorker (SegmentedRaftLogWorker.java:startLogSegment(380)) - b4fabe70-9e10-4755-9f3f-0d1bb3aebfc7-SegmentedRaftLogWorker:Storage Directory /workdir/hadoop-ozone/ozonefs/target/test-dir/MiniOzoneClusterImpl-fc9dd688-9bec-4f1c-ac5e-6dbbab7389e4/datanode-2/data/ratis/651bcc90-c3d0-4869-9f7c-180107d320e8: Starting segment from index:0
2019-09-12 11:48:13,722 [b4fabe70-9e10-4755-9f3f-0d1bb3aebfc7:group-922AD3A32067:LeaderElection214] INFO  impl.LeaderElection (LeaderElection.java:askForVotes(181)) - b4fabe70-9e10-4755-9f3f-0d1bb3aebfc7:group-922AD3A32067:LeaderElection214: begin an election at term 1 for -1: [b4fabe70-9e10-4755-9f3f-0d1bb3aebfc7:192.168.36.114:46562], old=null
2019-09-12 11:48:13,722 [b4fabe70-9e10-4755-9f3f-0d1bb3aebfc7:group-922AD3A32067:LeaderElection214] INFO  impl.RoleInfo (RoleInfo.java:shutdownLeaderElection(134)) - b4fabe70-9e10-4755-9f3f-0d1bb3aebfc7: shutdown LeaderElection
2019-09-12 11:48:13,722 [b4fabe70-9e10-4755-9f3f-0d1bb3aebfc7:group-922AD3A32067:LeaderElection214] INFO  impl.RaftServerImpl (RaftServerImpl.java:setRole(171)) - b4fabe70-9e10-4755-9f3f-0d1bb3aebfc7:group-922AD3A32067 changes role from CANDIDATE to LEADER at term 1 for changeToLeader
2019-09-12 11:48:13,722 [b4fabe70-9e10-4755-9f3f-0d1bb3aebfc7:group-180107D320E8:LeaderElection213] INFO  impl.RaftServerImpl (ServerState.java:setRaftConf(361)) - b4fabe70-9e10-4755-9f3f-0d1bb3aebfc7:group-180107D320E8 set configuration 0: [b4fabe70-9e10-4755-9f3f-0d1bb3aebfc7:192.168.36.114:46562], old=null at 0
2019-09-12 11:48:13,722 [b4fabe70-9e10-4755-9f3f-0d1bb3aebfc7:group-922AD3A32067:LeaderElection214] INFO  impl.RaftServerImpl (ServerState.java:setLeader(263)) - b4fabe70-9e10-4755-9f3f-0d1bb3aebfc7:group-922AD3A32067 change Leader from null to b4fabe70-9e10-4755-9f3f-0d1bb3aebfc7 at term 1 for becomeLeader, leader elected after 5057ms
2019-09-12 11:48:13,722 [b4fabe70-9e10-4755-9f3f-0d1bb3aebfc7:group-922AD3A32067:LeaderElection214] INFO  server.RaftServerConfigKeys (ConfUtils.java:logGet(43)) - raft.server.staging.catchup.gap = 1000 (default)
2019-09-12 11:48:13,722 [b4fabe70-9e10-4755-9f3f-0d1bb3aebfc7:group-922AD3A32067:LeaderElection214] INFO  server.RaftServerConfigKeys (ConfUtils.java:logGet(43)) - raft.server.rpc.sleep.time = 25ms (default)
2019-09-12 11:48:13,722 [b4fabe70-9e10-4755-9f3f-0d1bb3aebfc7:group-922AD3A32067:LeaderElection214] INFO  server.RaftServerConfigKeys (ConfUtils.java:logGet(43)) - raft.server.write.element-limit = 4096 (default)
2019-09-12 11:48:13,723 [b4fabe70-9e10-4755-9f3f-0d1bb3aebfc7:group-922AD3A32067:LeaderElection214] INFO  server.RaftServerConfigKeys (ConfUtils.java:logGet(43)) - raft.server.watch.timeout = 10s (default)
2019-09-12 11:48:13,723 [b4fabe70-9e10-4755-9f3f-0d1bb3aebfc7:group-922AD3A32067:LeaderElection214] INFO  server.RaftServerConfigKeys (ConfUtils.java:logGet(43)) - raft.server.watch.timeout.denomination = 1s (default)
2019-09-12 11:48:13,723 [b4fabe70-9e10-4755-9f3f-0d1bb3aebfc7:group-922AD3A32067:LeaderElection214] INFO  server.RaftServerConfigKeys (ConfUtils.java:logGet(43)) - raft.server.watch.element-limit = 65536 (default)
2019-09-12 11:48:13,723 [b4fabe70-9e10-4755-9f3f-0d1bb3aebfc7:group-922AD3A32067:LeaderElection214] INFO  impl.RoleInfo (RoleInfo.java:updateAndGet(143)) - b4fabe70-9e10-4755-9f3f-0d1bb3aebfc7: start LeaderState
2019-09-12 11:48:13,723 [b4fabe70-9e10-4755-9f3f-0d1bb3aebfc7:group-922AD3A32067:LeaderElection214] INFO  segmented.SegmentedRaftLogWorker (SegmentedRaftLogWorker.java:startLogSegment(380)) - b4fabe70-9e10-4755-9f3f-0d1bb3aebfc7-SegmentedRaftLogWorker:Storage Directory /workdir/hadoop-ozone/ozonefs/target/test-dir/MiniOzoneClusterImpl-fc9dd688-9bec-4f1c-ac5e-6dbbab7389e4/datanode-2/data/ratis/a78225d6-4626-4b69-b249-922ad3a32067: Starting segment from index:0
2019-09-12 11:48:13,723 [b4fabe70-9e10-4755-9f3f-0d1bb3aebfc7:group-922AD3A32067:LeaderElection214] INFO  impl.RaftServerImpl (ServerState.java:setRaftConf(361)) - b4fabe70-9e10-4755-9f3f-0d1bb3aebfc7:group-922AD3A32067 set configuration 0: [b4fabe70-9e10-4755-9f3f-0d1bb3aebfc7:192.168.36.114:46562], old=null at 0
2019-09-12 11:48:13,731 [main] INFO  ozoneimpl.OzoneContainer (OzoneContainer.java:stop(199)) - Attempting to stop container services.
2019-09-12 11:48:13,731 [ForkJoinPool.commonPool-worker-1] INFO  ozoneimpl.OzoneContainer (OzoneContainer.java:stop(199)) - Attempting to stop container services.
2019-09-12 11:48:13,731 [main] INFO  impl.RaftServerProxy (RaftServerProxy.java:lambda$close$4(314)) - ca72735a-502b-4542-8f03-a6a1dea70d9f: close
2019-09-12 11:48:13,731 [ForkJoinPool.commonPool-worker-1] INFO  impl.RaftServerProxy (RaftServerProxy.java:lambda$close$4(314)) - 3abb8d00-2c14-4b15-8f89-7a1fa57706fc: close
2019-09-12 11:48:13,732 [main] INFO  impl.RaftServerImpl (RaftServerImpl.java:lambda$shutdown$3(245)) - ca72735a-502b-4542-8f03-a6a1dea70d9f: shutdown group-E854582BA9D7
2019-09-12 11:48:13,732 [ForkJoinPool.commonPool-worker-1] INFO  impl.RaftServerImpl (RaftServerImpl.java:lambda$shutdown$3(245)) - 3abb8d00-2c14-4b15-8f89-7a1fa57706fc: shutdown group-AB8DF5933F47
2019-09-12 11:48:13,732 [main] INFO  util.JmxRegister (JmxRegister.java:unregister(73)) - Successfully un-registered JMX Bean with object name Ratis:service=RaftServer,group=group-E854582BA9D7,id=ca72735a-502b-4542-8f03-a6a1dea70d9f
2019-09-12 11:48:13,733 [ForkJoinPool.commonPool-worker-1] INFO  util.JmxRegister (JmxRegister.java:unregister(73)) - Successfully un-registered JMX Bean with object name Ratis:service=RaftServer,group=group-AB8DF5933F47,id=3abb8d00-2c14-4b15-8f89-7a1fa57706fc
2019-09-12 11:48:13,733 [main] INFO  impl.RoleInfo (RoleInfo.java:shutdownLeaderState(104)) - ca72735a-502b-4542-8f03-a6a1dea70d9f: shutdown LeaderState
2019-09-12 11:48:13,733 [ForkJoinPool.commonPool-worker-1] INFO  impl.RoleInfo (RoleInfo.java:shutdownLeaderState(104)) - 3abb8d00-2c14-4b15-8f89-7a1fa57706fc: shutdown LeaderState
2019-09-12 11:48:13,734 [main] INFO  impl.PendingRequests (PendingRequests.java:sendNotLeaderResponses(202)) - ca72735a-502b-4542-8f03-a6a1dea70d9f-PendingRequests: sendNotLeaderResponses
2019-09-12 11:48:13,734 [ForkJoinPool.commonPool-worker-1] INFO  impl.PendingRequests (PendingRequests.java:sendNotLeaderResponses(202)) - 3abb8d00-2c14-4b15-8f89-7a1fa57706fc-PendingRequests: sendNotLeaderResponses
2019-09-12 11:48:13,735 [main] INFO  impl.StateMachineUpdater (StateMachineUpdater.java:stopAndJoin(115)) - StateMachineUpdater:ca72735a-502b-4542-8f03-a6a1dea70d9f:group-E854582BA9D7: set stopIndex = 0
2019-09-12 11:48:13,735 [ForkJoinPool.commonPool-worker-1] INFO  impl.StateMachineUpdater (StateMachineUpdater.java:stopAndJoin(115)) - StateMachineUpdater:3abb8d00-2c14-4b15-8f89-7a1fa57706fc:group-AB8DF5933F47: set stopIndex = 0
2019-09-12 11:48:13,735 [main] INFO  impl.RaftServerImpl (ServerState.java:close(394)) - ca72735a-502b-4542-8f03-a6a1dea70d9f:group-E854582BA9D7 closes. The last applied log index is 0
2019-09-12 11:48:13,735 [ForkJoinPool.commonPool-worker-1] INFO  impl.RaftServerImpl (ServerState.java:close(394)) - 3abb8d00-2c14-4b15-8f89-7a1fa57706fc:group-AB8DF5933F47 closes. The last applied log index is 0
2019-09-12 11:48:13,736 [ca72735a-502b-4542-8f03-a6a1dea70d9f-SegmentedRaftLogWorker:Storage Directory /workdir/hadoop-ozone/ozonefs/target/test-dir/MiniOzoneClusterImpl-fc9dd688-9bec-4f1c-ac5e-6dbbab7389e4/datanode-1/data/ratis/5ecf6f49-c771-4af0-a50e-e854582ba9d7] INFO  segmented.SegmentedRaftLogWorker (SegmentedRaftLogWorker.java:run(313)) - ca72735a-502b-4542-8f03-a6a1dea70d9f-SegmentedRaftLogWorker:Storage Directory /workdir/hadoop-ozone/ozonefs/target/test-dir/MiniOzoneClusterImpl-fc9dd688-9bec-4f1c-ac5e-6dbbab7389e4/datanode-1/data/ratis/5ecf6f49-c771-4af0-a50e-e854582ba9d7 was interrupted, exiting. There are 0 tasks remaining in the queue.
2019-09-12 11:48:13,736 [3abb8d00-2c14-4b15-8f89-7a1fa57706fc-SegmentedRaftLogWorker:Storage Directory /workdir/hadoop-ozone/ozonefs/target/test-dir/MiniOzoneClusterImpl-fc9dd688-9bec-4f1c-ac5e-6dbbab7389e4/datanode-0/data/ratis/ce8a224e-aab5-4b09-ba84-ab8df5933f47] INFO  segmented.SegmentedRaftLogWorker (SegmentedRaftLogWorker.java:run(313)) - 3abb8d00-2c14-4b15-8f89-7a1fa57706fc-SegmentedRaftLogWorker:Storage Directory /workdir/hadoop-ozone/ozonefs/target/test-dir/MiniOzoneClusterImpl-fc9dd688-9bec-4f1c-ac5e-6dbbab7389e4/datanode-0/data/ratis/ce8a224e-aab5-4b09-ba84-ab8df5933f47 was interrupted, exiting. There are 0 tasks remaining in the queue.
2019-09-12 11:48:13,737 [main] INFO  segmented.SegmentedRaftLogWorker (SegmentedRaftLogWorker.java:close(228)) - ca72735a-502b-4542-8f03-a6a1dea70d9f-SegmentedRaftLogWorker:Storage Directory /workdir/hadoop-ozone/ozonefs/target/test-dir/MiniOzoneClusterImpl-fc9dd688-9bec-4f1c-ac5e-6dbbab7389e4/datanode-1/data/ratis/5ecf6f49-c771-4af0-a50e-e854582ba9d7 close()
2019-09-12 11:48:13,737 [ForkJoinPool.commonPool-worker-1] INFO  segmented.SegmentedRaftLogWorker (SegmentedRaftLogWorker.java:close(228)) - 3abb8d00-2c14-4b15-8f89-7a1fa57706fc-SegmentedRaftLogWorker:Storage Directory /workdir/hadoop-ozone/ozonefs/target/test-dir/MiniOzoneClusterImpl-fc9dd688-9bec-4f1c-ac5e-6dbbab7389e4/datanode-0/data/ratis/ce8a224e-aab5-4b09-ba84-ab8df5933f47 close()
2019-09-12 11:48:13,755 [Thread-3138] INFO  impl.FollowerState (FollowerState.java:run(106)) - b4fabe70-9e10-4755-9f3f-0d1bb3aebfc7:group-A277B749B35F changes to CANDIDATE, lastRpcTime:5184, electionTimeout:5177ms
2019-09-12 11:48:13,757 [Thread-3138] INFO  impl.RoleInfo (RoleInfo.java:shutdownFollowerState(121)) - b4fabe70-9e10-4755-9f3f-0d1bb3aebfc7: shutdown FollowerState
2019-09-12 11:48:13,754 [main] INFO  impl.RaftServerImpl (RaftServerImpl.java:lambda$shutdown$3(245)) - ca72735a-502b-4542-8f03-a6a1dea70d9f: shutdown group-0A20E76A4464
2019-09-12 11:48:13,757 [Thread-3138] INFO  impl.RaftServerImpl (RaftServerImpl.java:setRole(171)) - b4fabe70-9e10-4755-9f3f-0d1bb3aebfc7:group-A277B749B35F changes role from FOLLOWER to CANDIDATE at term 0 for changeToCandidate
2019-09-12 11:48:13,757 [ForkJoinPool.commonPool-worker-1] INFO  impl.RaftServerImpl (RaftServerImpl.java:lambda$shutdown$3(245)) - 3abb8d00-2c14-4b15-8f89-7a1fa57706fc: shutdown group-EEEC7EA2241E
2019-09-12 11:48:13,758 [Thread-3138] INFO  impl.RoleInfo (RoleInfo.java:updateAndGet(143)) - b4fabe70-9e10-4755-9f3f-0d1bb3aebfc7: start LeaderElection
2019-09-12 11:48:13,758 [main] INFO  util.JmxRegister (JmxRegister.java:unregister(73)) - Successfully un-registered JMX Bean with object name Ratis:service=RaftServer,group=group-0A20E76A4464,id=ca72735a-502b-4542-8f03-a6a1dea70d9f
2019-09-12 11:48:13,760 [main] INFO  impl.RoleInfo (RoleInfo.java:shutdownLeaderState(104)) - ca72735a-502b-4542-8f03-a6a1dea70d9f: shutdown LeaderState
2019-09-12 11:48:13,758 [ForkJoinPool.commonPool-worker-1] INFO  util.JmxRegister (JmxRegister.java:unregister(73)) - Successfully un-registered JMX Bean with object name Ratis:service=RaftServer,group=group-EEEC7EA2241E,id=3abb8d00-2c14-4b15-8f89-7a1fa57706fc
2019-09-12 11:48:13,761 [main] INFO  impl.PendingRequests (PendingRequests.java:sendNotLeaderResponses(202)) - ca72735a-502b-4542-8f03-a6a1dea70d9f-PendingRequests: sendNotLeaderResponses
2019-09-12 11:48:13,761 [ForkJoinPool.commonPool-worker-1] INFO  impl.RoleInfo (RoleInfo.java:shutdownLeaderState(104)) - 3abb8d00-2c14-4b15-8f89-7a1fa57706fc: shutdown LeaderState
2019-09-12 11:48:13,761 [main] INFO  impl.StateMachineUpdater (StateMachineUpdater.java:stopAndJoin(115)) - StateMachineUpdater:ca72735a-502b-4542-8f03-a6a1dea70d9f:group-0A20E76A4464: set stopIndex = 0
2019-09-12 11:48:13,761 [ForkJoinPool.commonPool-worker-1] INFO  impl.PendingRequests (PendingRequests.java:sendNotLeaderResponses(202)) - 3abb8d00-2c14-4b15-8f89-7a1fa57706fc-PendingRequests: sendNotLeaderResponses
2019-09-12 11:48:13,762 [main] INFO  impl.RaftServerImpl (ServerState.java:close(394)) - ca72735a-502b-4542-8f03-a6a1dea70d9f:group-0A20E76A4464 closes. The last applied log index is 0
2019-09-12 11:48:13,762 [ForkJoinPool.commonPool-worker-1] INFO  impl.StateMachineUpdater (StateMachineUpdater.java:stopAndJoin(115)) - StateMachineUpdater:3abb8d00-2c14-4b15-8f89-7a1fa57706fc:group-EEEC7EA2241E: set stopIndex = 0
2019-09-12 11:48:13,762 [ca72735a-502b-4542-8f03-a6a1dea70d9f-SegmentedRaftLogWorker:Storage Directory /workdir/hadoop-ozone/ozonefs/target/test-dir/MiniOzoneClusterImpl-fc9dd688-9bec-4f1c-ac5e-6dbbab7389e4/datanode-1/data/ratis/0bfceb10-6d0e-4cae-8580-0a20e76a4464] INFO  segmented.SegmentedRaftLogWorker (SegmentedRaftLogWorker.java:run(313)) - ca72735a-502b-4542-8f03-a6a1dea70d9f-SegmentedRaftLogWorker:Storage Directory /workdir/hadoop-ozone/ozonefs/target/test-dir/MiniOzoneClusterImpl-fc9dd688-9bec-4f1c-ac5e-6dbbab7389e4/datanode-1/data/ratis/0bfceb10-6d0e-4cae-8580-0a20e76a4464 was interrupted, exiting. There are 0 tasks remaining in the queue.
2019-09-12 11:48:13,762 [ForkJoinPool.commonPool-worker-1] INFO  impl.RaftServerImpl (ServerState.java:close(394)) - 3abb8d00-2c14-4b15-8f89-7a1fa57706fc:group-EEEC7EA2241E closes. The last applied log index is 0
2019-09-12 11:48:13,762 [main] INFO  segmented.SegmentedRaftLogWorker (SegmentedRaftLogWorker.java:close(228)) - ca72735a-502b-4542-8f03-a6a1dea70d9f-SegmentedRaftLogWorker:Storage Directory /workdir/hadoop-ozone/ozonefs/target/test-dir/MiniOzoneClusterImpl-fc9dd688-9bec-4f1c-ac5e-6dbbab7389e4/datanode-1/data/ratis/0bfceb10-6d0e-4cae-8580-0a20e76a4464 close()
2019-09-12 11:48:13,763 [3abb8d00-2c14-4b15-8f89-7a1fa57706fc-SegmentedRaftLogWorker:Storage Directory /workdir/hadoop-ozone/ozonefs/target/test-dir/MiniOzoneClusterImpl-fc9dd688-9bec-4f1c-ac5e-6dbbab7389e4/datanode-0/data/ratis/87e9fa09-9c3a-44dd-a5d6-eeec7ea2241e] INFO  segmented.SegmentedRaftLogWorker (SegmentedRaftLogWorker.java:run(313)) - 3abb8d00-2c14-4b15-8f89-7a1fa57706fc-SegmentedRaftLogWorker:Storage Directory /workdir/hadoop-ozone/ozonefs/target/test-dir/MiniOzoneClusterImpl-fc9dd688-9bec-4f1c-ac5e-6dbbab7389e4/datanode-0/data/ratis/87e9fa09-9c3a-44dd-a5d6-eeec7ea2241e was interrupted, exiting. There are 0 tasks remaining in the queue.
2019-09-12 11:48:13,764 [main] INFO  impl.RaftServerImpl (RaftServerImpl.java:lambda$shutdown$3(245)) - ca72735a-502b-4542-8f03-a6a1dea70d9f: shutdown group-D8A1A05F6391
2019-09-12 11:48:13,764 [ForkJoinPool.commonPool-worker-1] INFO  segmented.SegmentedRaftLogWorker (SegmentedRaftLogWorker.java:close(228)) - 3abb8d00-2c14-4b15-8f89-7a1fa57706fc-SegmentedRaftLogWorker:Storage Directory /workdir/hadoop-ozone/ozonefs/target/test-dir/MiniOzoneClusterImpl-fc9dd688-9bec-4f1c-ac5e-6dbbab7389e4/datanode-0/data/ratis/87e9fa09-9c3a-44dd-a5d6-eeec7ea2241e close()
2019-09-12 11:48:13,765 [main] INFO  util.JmxRegister (JmxRegister.java:unregister(73)) - Successfully un-registered JMX Bean with object name Ratis:service=RaftServer,group=group-D8A1A05F6391,id=ca72735a-502b-4542-8f03-a6a1dea70d9f
2019-09-12 11:48:13,766 [ForkJoinPool.commonPool-worker-1] INFO  impl.RaftServerImpl (RaftServerImpl.java:lambda$shutdown$3(245)) - 3abb8d00-2c14-4b15-8f89-7a1fa57706fc: shutdown group-CFEEF3716971
2019-09-12 11:48:13,766 [main] INFO  impl.RoleInfo (RoleInfo.java:shutdownLeaderState(104)) - ca72735a-502b-4542-8f03-a6a1dea70d9f: shutdown LeaderState
2019-09-12 11:48:13,766 [ForkJoinPool.commonPool-worker-1] INFO  util.JmxRegister (JmxRegister.java:unregister(73)) - Successfully un-registered JMX Bean with object name Ratis:service=RaftServer,group=group-CFEEF3716971,id=3abb8d00-2c14-4b15-8f89-7a1fa57706fc
2019-09-12 11:48:13,767 [main] INFO  impl.PendingRequests (PendingRequests.java:sendNotLeaderResponses(202)) - ca72735a-502b-4542-8f03-a6a1dea70d9f-PendingRequests: sendNotLeaderResponses
2019-09-12 11:48:13,767 [b4fabe70-9e10-4755-9f3f-0d1bb3aebfc7-SegmentedRaftLogWorker:Storage Directory /workdir/hadoop-ozone/ozonefs/target/test-dir/MiniOzoneClusterImpl-fc9dd688-9bec-4f1c-ac5e-6dbbab7389e4/datanode-2/data/ratis/a78225d6-4626-4b69-b249-922ad3a32067] INFO  segmented.SegmentedRaftLogWorker (SegmentedRaftLogWorker.java:execute(569)) - b4fabe70-9e10-4755-9f3f-0d1bb3aebfc7-SegmentedRaftLogWorker:Storage Directory /workdir/hadoop-ozone/ozonefs/target/test-dir/MiniOzoneClusterImpl-fc9dd688-9bec-4f1c-ac5e-6dbbab7389e4/datanode-2/data/ratis/a78225d6-4626-4b69-b249-922ad3a32067: created new log segment /workdir/hadoop-ozone/ozonefs/target/test-dir/MiniOzoneClusterImpl-fc9dd688-9bec-4f1c-ac5e-6dbbab7389e4/datanode-2/data/ratis/a78225d6-4626-4b69-b249-922ad3a32067/current/log_inprogress_0
2019-09-12 11:48:13,767 [b4fabe70-9e10-4755-9f3f-0d1bb3aebfc7-SegmentedRaftLogWorker:Storage Directory /workdir/hadoop-ozone/ozonefs/target/test-dir/MiniOzoneClusterImpl-fc9dd688-9bec-4f1c-ac5e-6dbbab7389e4/datanode-2/data/ratis/651bcc90-c3d0-4869-9f7c-180107d320e8] INFO  segmented.SegmentedRaftLogWorker (SegmentedRaftLogWorker.java:execute(569)) - b4fabe70-9e10-4755-9f3f-0d1bb3aebfc7-SegmentedRaftLogWorker:Storage Directory /workdir/hadoop-ozone/ozonefs/target/test-dir/MiniOzoneClusterImpl-fc9dd688-9bec-4f1c-ac5e-6dbbab7389e4/datanode-2/data/ratis/651bcc90-c3d0-4869-9f7c-180107d320e8: created new log segment /workdir/hadoop-ozone/ozonefs/target/test-dir/MiniOzoneClusterImpl-fc9dd688-9bec-4f1c-ac5e-6dbbab7389e4/datanode-2/data/ratis/651bcc90-c3d0-4869-9f7c-180107d320e8/current/log_inprogress_0
2019-09-12 11:48:13,767 [ForkJoinPool.commonPool-worker-1] INFO  impl.RoleInfo (RoleInfo.java:shutdownLeaderState(104)) - 3abb8d00-2c14-4b15-8f89-7a1fa57706fc: shutdown LeaderState
2019-09-12 11:48:13,767 [b4fabe70-9e10-4755-9f3f-0d1bb3aebfc7:group-A277B749B35F:LeaderElection215] INFO  impl.LeaderElection (LeaderElection.java:askForVotes(181)) - b4fabe70-9e10-4755-9f3f-0d1bb3aebfc7:group-A277B749B35F:LeaderElection215: begin an election at term 1 for -1: [b4fabe70-9e10-4755-9f3f-0d1bb3aebfc7:192.168.36.114:46562], old=null
2019-09-12 11:48:13,767 [main] INFO  impl.StateMachineUpdater (StateMachineUpdater.java:stopAndJoin(115)) - StateMachineUpdater:ca72735a-502b-4542-8f03-a6a1dea70d9f:group-D8A1A05F6391: set stopIndex = 0
2019-09-12 11:48:13,768 [main] INFO  impl.RaftServerImpl (ServerState.java:close(394)) - ca72735a-502b-4542-8f03-a6a1dea70d9f:group-D8A1A05F6391 closes. The last applied log index is 0
2019-09-12 11:48:13,768 [b4fabe70-9e10-4755-9f3f-0d1bb3aebfc7:group-A277B749B35F:LeaderElection215] INFO  impl.RoleInfo (RoleInfo.java:shutdownLeaderElection(134)) - b4fabe70-9e10-4755-9f3f-0d1bb3aebfc7: shutdown LeaderElection
2019-09-12 11:48:13,768 [ForkJoinPool.commonPool-worker-1] INFO  impl.PendingRequests (PendingRequests.java:sendNotLeaderResponses(202)) - 3abb8d00-2c14-4b15-8f89-7a1fa57706fc-PendingRequests: sendNotLeaderResponses
2019-09-12 11:48:13,769 [b4fabe70-9e10-4755-9f3f-0d1bb3aebfc7:group-A277B749B35F:LeaderElection215] INFO  impl.RaftServerImpl (RaftServerImpl.java:setRole(171)) - b4fabe70-9e10-4755-9f3f-0d1bb3aebfc7:group-A277B749B35F changes role from CANDIDATE to LEADER at term 1 for changeToLeader
2019-09-12 11:48:13,769 [b4fabe70-9e10-4755-9f3f-0d1bb3aebfc7:group-A277B749B35F:LeaderElection215] INFO  impl.RaftServerImpl (ServerState.java:setLeader(263)) - b4fabe70-9e10-4755-9f3f-0d1bb3aebfc7:group-A277B749B35F change Leader from null to b4fabe70-9e10-4755-9f3f-0d1bb3aebfc7 at term 1 for becomeLeader, leader elected after 5202ms
2019-09-12 11:48:13,769 [ca72735a-502b-4542-8f03-a6a1dea70d9f-SegmentedRaftLogWorker:Storage Directory /workdir/hadoop-ozone/ozonefs/target/test-dir/MiniOzoneClusterImpl-fc9dd688-9bec-4f1c-ac5e-6dbbab7389e4/datanode-1/data/ratis/0a476f7d-5235-469f-8fa7-d8a1a05f6391] INFO  segmented.SegmentedRaftLogWorker (SegmentedRaftLogWorker.java:run(313)) - ca72735a-502b-4542-8f03-a6a1dea70d9f-SegmentedRaftLogWorker:Storage Directory /workdir/hadoop-ozone/ozonefs/target/test-dir/MiniOzoneClusterImpl-fc9dd688-9bec-4f1c-ac5e-6dbbab7389e4/datanode-1/data/ratis/0a476f7d-5235-469f-8fa7-d8a1a05f6391 was interrupted, exiting. There are 0 tasks remaining in the queue.
2019-09-12 11:48:13,770 [b4fabe70-9e10-4755-9f3f-0d1bb3aebfc7:group-A277B749B35F:LeaderElection215] INFO  server.RaftServerConfigKeys (ConfUtils.java:logGet(43)) - raft.server.staging.catchup.gap = 1000 (default)
2019-09-12 11:48:13,769 [ForkJoinPool.commonPool-worker-1] INFO  impl.StateMachineUpdater (StateMachineUpdater.java:stopAndJoin(115)) - StateMachineUpdater:3abb8d00-2c14-4b15-8f89-7a1fa57706fc:group-CFEEF3716971: set stopIndex = 0
2019-09-12 11:48:13,770 [b4fabe70-9e10-4755-9f3f-0d1bb3aebfc7:group-A277B749B35F:LeaderElection215] INFO  server.RaftServerConfigKeys (ConfUtils.java:logGet(43)) - raft.server.rpc.sleep.time = 25ms (default)
2019-09-12 11:48:13,770 [main] INFO  segmented.SegmentedRaftLogWorker (SegmentedRaftLogWorker.java:close(228)) - ca72735a-502b-4542-8f03-a6a1dea70d9f-SegmentedRaftLogWorker:Storage Directory /workdir/hadoop-ozone/ozonefs/target/test-dir/MiniOzoneClusterImpl-fc9dd688-9bec-4f1c-ac5e-6dbbab7389e4/datanode-1/data/ratis/0a476f7d-5235-469f-8fa7-d8a1a05f6391 close()
2019-09-12 11:48:13,770 [b4fabe70-9e10-4755-9f3f-0d1bb3aebfc7:group-A277B749B35F:LeaderElection215] INFO  server.RaftServerConfigKeys (ConfUtils.java:logGet(43)) - raft.server.write.element-limit = 4096 (default)
2019-09-12 11:48:13,770 [ForkJoinPool.commonPool-worker-1] INFO  impl.RaftServerImpl (ServerState.java:close(394)) - 3abb8d00-2c14-4b15-8f89-7a1fa57706fc:group-CFEEF3716971 closes. The last applied log index is 0
2019-09-12 11:48:13,772 [b4fabe70-9e10-4755-9f3f-0d1bb3aebfc7:group-A277B749B35F:LeaderElection215] INFO  server.RaftServerConfigKeys (ConfUtils.java:logGet(43)) - raft.server.watch.timeout = 10s (default)
2019-09-12 11:48:13,772 [main] INFO  impl.RaftServerImpl (RaftServerImpl.java:lambda$shutdown$3(245)) - ca72735a-502b-4542-8f03-a6a1dea70d9f: shutdown group-28FFE5D1645A
2019-09-12 11:48:13,772 [b4fabe70-9e10-4755-9f3f-0d1bb3aebfc7:group-A277B749B35F:LeaderElection215] INFO  server.RaftServerConfigKeys (ConfUtils.java:logGet(43)) - raft.server.watch.timeout.denomination = 1s (default)
2019-09-12 11:48:13,772 [3abb8d00-2c14-4b15-8f89-7a1fa57706fc-SegmentedRaftLogWorker:Storage Directory /workdir/hadoop-ozone/ozonefs/target/test-dir/MiniOzoneClusterImpl-fc9dd688-9bec-4f1c-ac5e-6dbbab7389e4/datanode-0/data/ratis/67996a9b-a1ca-496d-ac7a-cfeef3716971] INFO  segmented.SegmentedRaftLogWorker (SegmentedRaftLogWorker.java:run(313)) - 3abb8d00-2c14-4b15-8f89-7a1fa57706fc-SegmentedRaftLogWorker:Storage Directory /workdir/hadoop-ozone/ozonefs/target/test-dir/MiniOzoneClusterImpl-fc9dd688-9bec-4f1c-ac5e-6dbbab7389e4/datanode-0/data/ratis/67996a9b-a1ca-496d-ac7a-cfeef3716971 was interrupted, exiting. There are 0 tasks remaining in the queue.
2019-09-12 11:48:13,773 [b4fabe70-9e10-4755-9f3f-0d1bb3aebfc7:group-A277B749B35F:LeaderElection215] INFO  server.RaftServerConfigKeys (ConfUtils.java:logGet(43)) - raft.server.watch.element-limit = 65536 (default)
2019-09-12 11:48:13,773 [main] INFO  util.JmxRegister (JmxRegister.java:unregister(73)) - Successfully un-registered JMX Bean with object name Ratis:service=RaftServer,group=group-28FFE5D1645A,id=ca72735a-502b-4542-8f03-a6a1dea70d9f
2019-09-12 11:48:13,773 [b4fabe70-9e10-4755-9f3f-0d1bb3aebfc7:group-A277B749B35F:LeaderElection215] INFO  impl.RoleInfo (RoleInfo.java:updateAndGet(143)) - b4fabe70-9e10-4755-9f3f-0d1bb3aebfc7: start LeaderState
2019-09-12 11:48:13,773 [ForkJoinPool.commonPool-worker-1] INFO  segmented.SegmentedRaftLogWorker (SegmentedRaftLogWorker.java:close(228)) - 3abb8d00-2c14-4b15-8f89-7a1fa57706fc-SegmentedRaftLogWorker:Storage Directory /workdir/hadoop-ozone/ozonefs/target/test-dir/MiniOzoneClusterImpl-fc9dd688-9bec-4f1c-ac5e-6dbbab7389e4/datanode-0/data/ratis/67996a9b-a1ca-496d-ac7a-cfeef3716971 close()
2019-09-12 11:48:13,774 [b4fabe70-9e10-4755-9f3f-0d1bb3aebfc7:group-A277B749B35F:LeaderElection215] INFO  segmented.SegmentedRaftLogWorker (SegmentedRaftLogWorker.java:startLogSegment(380)) - b4fabe70-9e10-4755-9f3f-0d1bb3aebfc7-SegmentedRaftLogWorker:Storage Directory /workdir/hadoop-ozone/ozonefs/target/test-dir/MiniOzoneClusterImpl-fc9dd688-9bec-4f1c-ac5e-6dbbab7389e4/datanode-2/data/ratis/199a0b43-8ec9-48f7-9e6e-a277b749b35f: Starting segment from index:0
2019-09-12 11:48:13,773 [main] INFO  impl.RoleInfo (RoleInfo.java:shutdownLeaderState(104)) - ca72735a-502b-4542-8f03-a6a1dea70d9f: shutdown LeaderState
2019-09-12 11:48:13,775 [b4fabe70-9e10-4755-9f3f-0d1bb3aebfc7:group-A277B749B35F:LeaderElection215] INFO  impl.RaftServerImpl (ServerState.java:setRaftConf(361)) - b4fabe70-9e10-4755-9f3f-0d1bb3aebfc7:group-A277B749B35F set configuration 0: [b4fabe70-9e10-4755-9f3f-0d1bb3aebfc7:192.168.36.114:46562], old=null at 0
2019-09-12 11:48:13,775 [ForkJoinPool.commonPool-worker-1] INFO  impl.RaftServerImpl (RaftServerImpl.java:lambda$shutdown$3(245)) - 3abb8d00-2c14-4b15-8f89-7a1fa57706fc: shutdown group-F29292E2CF64
2019-09-12 11:48:13,775 [main] INFO  impl.PendingRequests (PendingRequests.java:sendNotLeaderResponses(202)) - ca72735a-502b-4542-8f03-a6a1dea70d9f-PendingRequests: sendNotLeaderResponses
2019-09-12 11:48:13,776 [ForkJoinPool.commonPool-worker-1] INFO  util.JmxRegister (JmxRegister.java:unregister(73)) - Successfully un-registered JMX Bean with object name Ratis:service=RaftServer,group=group-F29292E2CF64,id=3abb8d00-2c14-4b15-8f89-7a1fa57706fc
2019-09-12 11:48:13,776 [main] INFO  impl.StateMachineUpdater (StateMachineUpdater.java:stopAndJoin(115)) - StateMachineUpdater:ca72735a-502b-4542-8f03-a6a1dea70d9f:group-28FFE5D1645A: set stopIndex = 0
2019-09-12 11:48:13,776 [ForkJoinPool.commonPool-worker-1] INFO  impl.RoleInfo (RoleInfo.java:shutdownLeaderState(104)) - 3abb8d00-2c14-4b15-8f89-7a1fa57706fc: shutdown LeaderState
2019-09-12 11:48:13,777 [main] INFO  impl.RaftServerImpl (ServerState.java:close(394)) - ca72735a-502b-4542-8f03-a6a1dea70d9f:group-28FFE5D1645A closes. The last applied log index is 0
2019-09-12 11:48:13,777 [ForkJoinPool.commonPool-worker-1] INFO  impl.PendingRequests (PendingRequests.java:sendNotLeaderResponses(202)) - 3abb8d00-2c14-4b15-8f89-7a1fa57706fc-PendingRequests: sendNotLeaderResponses
2019-09-12 11:48:13,777 [ca72735a-502b-4542-8f03-a6a1dea70d9f-SegmentedRaftLogWorker:Storage Directory /workdir/hadoop-ozone/ozonefs/target/test-dir/MiniOzoneClusterImpl-fc9dd688-9bec-4f1c-ac5e-6dbbab7389e4/datanode-1/data/ratis/94ce3940-f349-4b90-b069-28ffe5d1645a] INFO  segmented.SegmentedRaftLogWorker (SegmentedRaftLogWorker.java:run(313)) - ca72735a-502b-4542-8f03-a6a1dea70d9f-SegmentedRaftLogWorker:Storage Directory /workdir/hadoop-ozone/ozonefs/target/test-dir/MiniOzoneClusterImpl-fc9dd688-9bec-4f1c-ac5e-6dbbab7389e4/datanode-1/data/ratis/94ce3940-f349-4b90-b069-28ffe5d1645a was interrupted, exiting. There are 0 tasks remaining in the queue.
2019-09-12 11:48:13,778 [ForkJoinPool.commonPool-worker-1] INFO  impl.StateMachineUpdater (StateMachineUpdater.java:stopAndJoin(115)) - StateMachineUpdater:3abb8d00-2c14-4b15-8f89-7a1fa57706fc:group-F29292E2CF64: set stopIndex = 0
2019-09-12 11:48:13,778 [main] INFO  segmented.SegmentedRaftLogWorker (SegmentedRaftLogWorker.java:close(228)) - ca72735a-502b-4542-8f03-a6a1dea70d9f-SegmentedRaftLogWorker:Storage Directory /workdir/hadoop-ozone/ozonefs/target/test-dir/MiniOzoneClusterImpl-fc9dd688-9bec-4f1c-ac5e-6dbbab7389e4/datanode-1/data/ratis/94ce3940-f349-4b90-b069-28ffe5d1645a close()
2019-09-12 11:48:13,778 [ForkJoinPool.commonPool-worker-1] INFO  impl.RaftServerImpl (ServerState.java:close(394)) - 3abb8d00-2c14-4b15-8f89-7a1fa57706fc:group-F29292E2CF64 closes. The last applied log index is 0
2019-09-12 11:48:13,807 [main] INFO  impl.RaftServerImpl (RaftServerImpl.java:lambda$shutdown$3(245)) - ca72735a-502b-4542-8f03-a6a1dea70d9f: shutdown group-90E9C47ADB4E
2019-09-12 11:48:13,807 [3abb8d00-2c14-4b15-8f89-7a1fa57706fc-SegmentedRaftLogWorker:Storage Directory /workdir/hadoop-ozone/ozonefs/target/test-dir/MiniOzoneClusterImpl-fc9dd688-9bec-4f1c-ac5e-6dbbab7389e4/datanode-0/data/ratis/ab4dff3e-6753-48e6-b04b-f29292e2cf64] INFO  segmented.SegmentedRaftLogWorker (SegmentedRaftLogWorker.java:run(313)) - 3abb8d00-2c14-4b15-8f89-7a1fa57706fc-SegmentedRaftLogWorker:Storage Directory /workdir/hadoop-ozone/ozonefs/target/test-dir/MiniOzoneClusterImpl-fc9dd688-9bec-4f1c-ac5e-6dbbab7389e4/datanode-0/data/ratis/ab4dff3e-6753-48e6-b04b-f29292e2cf64 was interrupted, exiting. There are 0 tasks remaining in the queue.
2019-09-12 11:48:13,808 [main] INFO  util.JmxRegister (JmxRegister.java:unregister(73)) - Successfully un-registered JMX Bean with object name Ratis:service=RaftServer,group=group-90E9C47ADB4E,id=ca72735a-502b-4542-8f03-a6a1dea70d9f
2019-09-12 11:48:13,808 [ForkJoinPool.commonPool-worker-1] INFO  segmented.SegmentedRaftLogWorker (SegmentedRaftLogWorker.java:close(228)) - 3abb8d00-2c14-4b15-8f89-7a1fa57706fc-SegmentedRaftLogWorker:Storage Directory /workdir/hadoop-ozone/ozonefs/target/test-dir/MiniOzoneClusterImpl-fc9dd688-9bec-4f1c-ac5e-6dbbab7389e4/datanode-0/data/ratis/ab4dff3e-6753-48e6-b04b-f29292e2cf64 close()
2019-09-12 11:48:13,808 [main] INFO  impl.RoleInfo (RoleInfo.java:shutdownLeaderState(104)) - ca72735a-502b-4542-8f03-a6a1dea70d9f: shutdown LeaderState
2019-09-12 11:48:13,809 [ForkJoinPool.commonPool-worker-1] INFO  impl.RaftServerImpl (RaftServerImpl.java:lambda$shutdown$3(245)) - 3abb8d00-2c14-4b15-8f89-7a1fa57706fc: shutdown group-8E5804C62CD6
2019-09-12 11:48:13,810 [main] INFO  impl.PendingRequests (PendingRequests.java:sendNotLeaderResponses(202)) - ca72735a-502b-4542-8f03-a6a1dea70d9f-PendingRequests: sendNotLeaderResponses
2019-09-12 11:48:13,810 [ForkJoinPool.commonPool-worker-1] INFO  util.JmxRegister (JmxRegister.java:unregister(73)) - Successfully un-registered JMX Bean with object name Ratis:service=RaftServer,group=group-8E5804C62CD6,id=3abb8d00-2c14-4b15-8f89-7a1fa57706fc
2019-09-12 11:48:13,810 [main] INFO  impl.StateMachineUpdater (StateMachineUpdater.java:stopAndJoin(115)) - StateMachineUpdater:ca72735a-502b-4542-8f03-a6a1dea70d9f:group-90E9C47ADB4E: set stopIndex = 0
2019-09-12 11:48:13,811 [main] INFO  impl.RaftServerImpl (ServerState.java:close(394)) - ca72735a-502b-4542-8f03-a6a1dea70d9f:group-90E9C47ADB4E closes. The last applied log index is 0
2019-09-12 11:48:13,810 [ForkJoinPool.commonPool-worker-1] INFO  impl.RoleInfo (RoleInfo.java:shutdownLeaderState(104)) - 3abb8d00-2c14-4b15-8f89-7a1fa57706fc: shutdown LeaderState
2019-09-12 11:48:13,811 [ca72735a-502b-4542-8f03-a6a1dea70d9f-SegmentedRaftLogWorker:Storage Directory /workdir/hadoop-ozone/ozonefs/target/test-dir/MiniOzoneClusterImpl-fc9dd688-9bec-4f1c-ac5e-6dbbab7389e4/datanode-1/data/ratis/6b9c12a7-1b0d-4dfb-8f5c-90e9c47adb4e] INFO  segmented.SegmentedRaftLogWorker (SegmentedRaftLogWorker.java:run(313)) - ca72735a-502b-4542-8f03-a6a1dea70d9f-SegmentedRaftLogWorker:Storage Directory /workdir/hadoop-ozone/ozonefs/target/test-dir/MiniOzoneClusterImpl-fc9dd688-9bec-4f1c-ac5e-6dbbab7389e4/datanode-1/data/ratis/6b9c12a7-1b0d-4dfb-8f5c-90e9c47adb4e was interrupted, exiting. There are 0 tasks remaining in the queue.
2019-09-12 11:48:13,811 [ForkJoinPool.commonPool-worker-1] INFO  impl.PendingRequests (PendingRequests.java:sendNotLeaderResponses(202)) - 3abb8d00-2c14-4b15-8f89-7a1fa57706fc-PendingRequests: sendNotLeaderResponses
2019-09-12 11:48:13,812 [main] INFO  segmented.SegmentedRaftLogWorker (SegmentedRaftLogWorker.java:close(228)) - ca72735a-502b-4542-8f03-a6a1dea70d9f-SegmentedRaftLogWorker:Storage Directory /workdir/hadoop-ozone/ozonefs/target/test-dir/MiniOzoneClusterImpl-fc9dd688-9bec-4f1c-ac5e-6dbbab7389e4/datanode-1/data/ratis/6b9c12a7-1b0d-4dfb-8f5c-90e9c47adb4e close()
2019-09-12 11:48:13,812 [ForkJoinPool.commonPool-worker-1] INFO  impl.StateMachineUpdater (StateMachineUpdater.java:stopAndJoin(115)) - StateMachineUpdater:3abb8d00-2c14-4b15-8f89-7a1fa57706fc:group-8E5804C62CD6: set stopIndex = 0
2019-09-12 11:48:13,813 [main] INFO  impl.RaftServerImpl (RaftServerImpl.java:lambda$shutdown$3(245)) - ca72735a-502b-4542-8f03-a6a1dea70d9f: shutdown group-484671122F7B
2019-09-12 11:48:13,813 [ForkJoinPool.commonPool-worker-1] INFO  impl.RaftServerImpl (ServerState.java:close(394)) - 3abb8d00-2c14-4b15-8f89-7a1fa57706fc:group-8E5804C62CD6 closes. The last applied log index is 0
2019-09-12 11:48:13,814 [main] INFO  util.JmxRegister (JmxRegister.java:unregister(73)) - Successfully un-registered JMX Bean with object name Ratis:service=RaftServer,group=group-484671122F7B,id=ca72735a-502b-4542-8f03-a6a1dea70d9f
2019-09-12 11:48:13,814 [3abb8d00-2c14-4b15-8f89-7a1fa57706fc-SegmentedRaftLogWorker:Storage Directory /workdir/hadoop-ozone/ozonefs/target/test-dir/MiniOzoneClusterImpl-fc9dd688-9bec-4f1c-ac5e-6dbbab7389e4/datanode-0/data/ratis/aab9905e-37cc-4513-b3bc-8e5804c62cd6] INFO  segmented.SegmentedRaftLogWorker (SegmentedRaftLogWorker.java:run(313)) - 3abb8d00-2c14-4b15-8f89-7a1fa57706fc-SegmentedRaftLogWorker:Storage Directory /workdir/hadoop-ozone/ozonefs/target/test-dir/MiniOzoneClusterImpl-fc9dd688-9bec-4f1c-ac5e-6dbbab7389e4/datanode-0/data/ratis/aab9905e-37cc-4513-b3bc-8e5804c62cd6 was interrupted, exiting. There are 0 tasks remaining in the queue.
2019-09-12 11:48:13,814 [main] INFO  impl.RoleInfo (RoleInfo.java:shutdownLeaderState(104)) - ca72735a-502b-4542-8f03-a6a1dea70d9f: shutdown LeaderState
2019-09-12 11:48:13,815 [ForkJoinPool.commonPool-worker-1] INFO  segmented.SegmentedRaftLogWorker (SegmentedRaftLogWorker.java:close(228)) - 3abb8d00-2c14-4b15-8f89-7a1fa57706fc-SegmentedRaftLogWorker:Storage Directory /workdir/hadoop-ozone/ozonefs/target/test-dir/MiniOzoneClusterImpl-fc9dd688-9bec-4f1c-ac5e-6dbbab7389e4/datanode-0/data/ratis/aab9905e-37cc-4513-b3bc-8e5804c62cd6 close()
2019-09-12 11:48:13,815 [main] INFO  impl.PendingRequests (PendingRequests.java:sendNotLeaderResponses(202)) - ca72735a-502b-4542-8f03-a6a1dea70d9f-PendingRequests: sendNotLeaderResponses
2019-09-12 11:48:13,817 [ForkJoinPool.commonPool-worker-1] INFO  impl.RaftServerImpl (RaftServerImpl.java:lambda$shutdown$3(245)) - 3abb8d00-2c14-4b15-8f89-7a1fa57706fc: shutdown group-F5B12DBC0862
2019-09-12 11:48:13,817 [main] INFO  impl.StateMachineUpdater (StateMachineUpdater.java:stopAndJoin(115)) - StateMachineUpdater:ca72735a-502b-4542-8f03-a6a1dea70d9f:group-484671122F7B: set stopIndex = 0
2019-09-12 11:48:13,817 [ForkJoinPool.commonPool-worker-1] INFO  util.JmxRegister (JmxRegister.java:unregister(73)) - Successfully un-registered JMX Bean with object name Ratis:service=RaftServer,group=group-F5B12DBC0862,id=3abb8d00-2c14-4b15-8f89-7a1fa57706fc
2019-09-12 11:48:13,817 [main] INFO  impl.RaftServerImpl (ServerState.java:close(394)) - ca72735a-502b-4542-8f03-a6a1dea70d9f:group-484671122F7B closes. The last applied log index is 0
2019-09-12 11:48:13,818 [ForkJoinPool.commonPool-worker-1] INFO  impl.RoleInfo (RoleInfo.java:shutdownLeaderState(104)) - 3abb8d00-2c14-4b15-8f89-7a1fa57706fc: shutdown LeaderState
2019-09-12 11:48:13,818 [ca72735a-502b-4542-8f03-a6a1dea70d9f-SegmentedRaftLogWorker:Storage Directory /workdir/hadoop-ozone/ozonefs/target/test-dir/MiniOzoneClusterImpl-fc9dd688-9bec-4f1c-ac5e-6dbbab7389e4/datanode-1/data/ratis/a18dd7d6-6c7b-42d9-87eb-484671122f7b] INFO  segmented.SegmentedRaftLogWorker (SegmentedRaftLogWorker.java:run(313)) - ca72735a-502b-4542-8f03-a6a1dea70d9f-SegmentedRaftLogWorker:Storage Directory /workdir/hadoop-ozone/ozonefs/target/test-dir/MiniOzoneClusterImpl-fc9dd688-9bec-4f1c-ac5e-6dbbab7389e4/datanode-1/data/ratis/a18dd7d6-6c7b-42d9-87eb-484671122f7b was interrupted, exiting. There are 0 tasks remaining in the queue.
2019-09-12 11:48:13,818 [ForkJoinPool.commonPool-worker-1] INFO  impl.PendingRequests (PendingRequests.java:sendNotLeaderResponses(202)) - 3abb8d00-2c14-4b15-8f89-7a1fa57706fc-PendingRequests: sendNotLeaderResponses
2019-09-12 11:48:13,818 [ForkJoinPool.commonPool-worker-1] INFO  impl.StateMachineUpdater (StateMachineUpdater.java:stopAndJoin(115)) - StateMachineUpdater:3abb8d00-2c14-4b15-8f89-7a1fa57706fc:group-F5B12DBC0862: set stopIndex = 0
2019-09-12 11:48:13,819 [ForkJoinPool.commonPool-worker-1] INFO  impl.RaftServerImpl (ServerState.java:close(394)) - 3abb8d00-2c14-4b15-8f89-7a1fa57706fc:group-F5B12DBC0862 closes. The last applied log index is 0
2019-09-12 11:48:13,819 [3abb8d00-2c14-4b15-8f89-7a1fa57706fc-SegmentedRaftLogWorker:Storage Directory /workdir/hadoop-ozone/ozonefs/target/test-dir/MiniOzoneClusterImpl-fc9dd688-9bec-4f1c-ac5e-6dbbab7389e4/datanode-0/data/ratis/99e85d33-1e5c-4f7f-81e9-f5b12dbc0862] INFO  segmented.SegmentedRaftLogWorker (SegmentedRaftLogWorker.java:run(313)) - 3abb8d00-2c14-4b15-8f89-7a1fa57706fc-SegmentedRaftLogWorker:Storage Directory /workdir/hadoop-ozone/ozonefs/target/test-dir/MiniOzoneClusterImpl-fc9dd688-9bec-4f1c-ac5e-6dbbab7389e4/datanode-0/data/ratis/99e85d33-1e5c-4f7f-81e9-f5b12dbc0862 was interrupted, exiting. There are 0 tasks remaining in the queue.
2019-09-12 11:48:13,819 [ForkJoinPool.commonPool-worker-1] INFO  segmented.SegmentedRaftLogWorker (SegmentedRaftLogWorker.java:close(228)) - 3abb8d00-2c14-4b15-8f89-7a1fa57706fc-SegmentedRaftLogWorker:Storage Directory /workdir/hadoop-ozone/ozonefs/target/test-dir/MiniOzoneClusterImpl-fc9dd688-9bec-4f1c-ac5e-6dbbab7389e4/datanode-0/data/ratis/99e85d33-1e5c-4f7f-81e9-f5b12dbc0862 close()
2019-09-12 11:48:13,819 [main] INFO  segmented.SegmentedRaftLogWorker (SegmentedRaftLogWorker.java:close(228)) - ca72735a-502b-4542-8f03-a6a1dea70d9f-SegmentedRaftLogWorker:Storage Directory /workdir/hadoop-ozone/ozonefs/target/test-dir/MiniOzoneClusterImpl-fc9dd688-9bec-4f1c-ac5e-6dbbab7389e4/datanode-1/data/ratis/a18dd7d6-6c7b-42d9-87eb-484671122f7b close()
2019-09-12 11:48:13,821 [ForkJoinPool.commonPool-worker-1] INFO  server.GrpcService (GrpcService.java:closeImpl(155)) - 3abb8d00-2c14-4b15-8f89-7a1fa57706fc: shutdown server with port 43637 now
2019-09-12 11:48:13,821 [b4fabe70-9e10-4755-9f3f-0d1bb3aebfc7-SegmentedRaftLogWorker:Storage Directory /workdir/hadoop-ozone/ozonefs/target/test-dir/MiniOzoneClusterImpl-fc9dd688-9bec-4f1c-ac5e-6dbbab7389e4/datanode-2/data/ratis/199a0b43-8ec9-48f7-9e6e-a277b749b35f] INFO  segmented.SegmentedRaftLogWorker (SegmentedRaftLogWorker.java:execute(569)) - b4fabe70-9e10-4755-9f3f-0d1bb3aebfc7-SegmentedRaftLogWorker:Storage Directory /workdir/hadoop-ozone/ozonefs/target/test-dir/MiniOzoneClusterImpl-fc9dd688-9bec-4f1c-ac5e-6dbbab7389e4/datanode-2/data/ratis/199a0b43-8ec9-48f7-9e6e-a277b749b35f: created new log segment /workdir/hadoop-ozone/ozonefs/target/test-dir/MiniOzoneClusterImpl-fc9dd688-9bec-4f1c-ac5e-6dbbab7389e4/datanode-2/data/ratis/199a0b43-8ec9-48f7-9e6e-a277b749b35f/current/log_inprogress_0
2019-09-12 11:48:13,822 [main] INFO  server.GrpcService (GrpcService.java:closeImpl(155)) - ca72735a-502b-4542-8f03-a6a1dea70d9f: shutdown server with port 33386 now
2019-09-12 11:48:13,824 [ForkJoinPool.commonPool-worker-1] INFO  server.GrpcService (GrpcService.java:closeImpl(163)) - 3abb8d00-2c14-4b15-8f89-7a1fa57706fc: shutdown server with port 43637 successfully
2019-09-12 11:48:13,825 [main] INFO  server.GrpcService (GrpcService.java:closeImpl(163)) - ca72735a-502b-4542-8f03-a6a1dea70d9f: shutdown server with port 33386 successfully
2019-09-12 11:48:13,827 [ForkJoinPool.commonPool-worker-1] INFO  utils.BackgroundService (BackgroundService.java:shutdown(148)) - Shutting down service BlockDeletingService
2019-09-12 11:48:13,827 [main] INFO  utils.BackgroundService (BackgroundService.java:shutdown(148)) - Shutting down service BlockDeletingService
2019-09-12 11:48:13,828 [refreshUsed-/workdir/hadoop-ozone/ozonefs/target/test-dir/MiniOzoneClusterImpl-fc9dd688-9bec-4f1c-ac5e-6dbbab7389e4/datanode-0/data/containers] WARN  fs.CachingGetSpaceUsed (CachingGetSpaceUsed.java:run(183)) - Thread Interrupted waiting to refresh disk information: sleep interrupted
2019-09-12 11:48:13,828 [refreshUsed-/workdir/hadoop-ozone/ozonefs/target/test-dir/MiniOzoneClusterImpl-fc9dd688-9bec-4f1c-ac5e-6dbbab7389e4/datanode-1/data/containers] WARN  fs.CachingGetSpaceUsed (CachingGetSpaceUsed.java:run(183)) - Thread Interrupted waiting to refresh disk information: sleep interrupted
2019-09-12 11:48:13,851 [Thread-3149] INFO  impl.FollowerState (FollowerState.java:run(106)) - b4fabe70-9e10-4755-9f3f-0d1bb3aebfc7:group-79938281FCB6 changes to CANDIDATE, lastRpcTime:5148, electionTimeout:5148ms
2019-09-12 11:48:13,851 [Thread-3149] INFO  impl.RoleInfo (RoleInfo.java:shutdownFollowerState(121)) - b4fabe70-9e10-4755-9f3f-0d1bb3aebfc7: shutdown FollowerState
2019-09-12 11:48:13,851 [Thread-3149] INFO  impl.RaftServerImpl (RaftServerImpl.java:setRole(171)) - b4fabe70-9e10-4755-9f3f-0d1bb3aebfc7:group-79938281FCB6 changes role from FOLLOWER to CANDIDATE at term 0 for changeToCandidate
2019-09-12 11:48:13,851 [Thread-3149] INFO  impl.RoleInfo (RoleInfo.java:updateAndGet(143)) - b4fabe70-9e10-4755-9f3f-0d1bb3aebfc7: start LeaderElection
2019-09-12 11:48:13,857 [ForkJoinPool.commonPool-worker-1] INFO  statemachine.DatanodeStateMachine (DatanodeStateMachine.java:stopDaemon(395)) - Ozone container server stopped.
2019-09-12 11:48:13,861 [ForkJoinPool.commonPool-worker-1] INFO  handler.ContextHandler (ContextHandler.java:doStop(910)) - Stopped o.e.j.w.WebAppContext@36f8c95a{/,null,UNAVAILABLE}{/hddsDatanode}
2019-09-12 11:48:13,864 [ForkJoinPool.commonPool-worker-1] INFO  server.AbstractConnector (AbstractConnector.java:doStop(318)) - Stopped ServerConnector@221ec884{HTTP/1.1,[http/1.1]}{0.0.0.0:0}
2019-09-12 11:48:13,865 [ForkJoinPool.commonPool-worker-1] INFO  handler.ContextHandler (ContextHandler.java:doStop(910)) - Stopped o.e.j.s.ServletContextHandler@6fbfd6ed{/static,jar:file:/home/user/.m2/repository/org/apache/hadoop/hadoop-hdds-container-service/0.5.0-SNAPSHOT/hadoop-hdds-container-service-0.5.0-SNAPSHOT.jar!/webapps/static,UNAVAILABLE}
2019-09-12 11:48:13,866 [main] INFO  statemachine.DatanodeStateMachine (DatanodeStateMachine.java:stopDaemon(395)) - Ozone container server stopped.
2019-09-12 11:48:13,867 [ForkJoinPool.commonPool-worker-1] INFO  handler.ContextHandler (ContextHandler.java:doStop(910)) - Stopped o.e.j.s.ServletContextHandler@462ccaa8{/logs,file:///workdir/hadoop-ozone/ozonefs/target/log,UNAVAILABLE}
2019-09-12 11:48:13,868 [main] INFO  handler.ContextHandler (ContextHandler.java:doStop(910)) - Stopped o.e.j.w.WebAppContext@6a5c67cf{/,null,UNAVAILABLE}{/hddsDatanode}
2019-09-12 11:48:13,869 [ForkJoinPool.commonPool-worker-1] INFO  datanode.ObjectStoreHandler (ObjectStoreHandler.java:close(155)) - Closing ObjectStoreHandler.
2019-09-12 11:48:13,869 [main] INFO  server.AbstractConnector (AbstractConnector.java:doStop(318)) - Stopped ServerConnector@26db1100{HTTP/1.1,[http/1.1]}{0.0.0.0:0}
2019-09-12 11:48:13,869 [ForkJoinPool.commonPool-worker-1] INFO  ozone.HddsDatanodeService (HddsDatanodeService.java:stop(451)) - Stopped plug-in org.apache.hadoop.ozone.web.OzoneHddsDatanodeService@2e7de98a
2019-09-12 11:48:13,870 [main] INFO  handler.ContextHandler (ContextHandler.java:doStop(910)) - Stopped o.e.j.s.ServletContextHandler@120f441c{/static,jar:file:/home/user/.m2/repository/org/apache/hadoop/hadoop-hdds-container-service/0.5.0-SNAPSHOT/hadoop-hdds-container-service-0.5.0-SNAPSHOT.jar!/webapps/static,UNAVAILABLE}
2019-09-12 11:48:13,870 [main] INFO  handler.ContextHandler (ContextHandler.java:doStop(910)) - Stopped o.e.j.s.ServletContextHandler@7bce016c{/logs,file:///workdir/hadoop-ozone/ozonefs/target/log,UNAVAILABLE}
2019-09-12 11:48:13,882 [b4fabe70-9e10-4755-9f3f-0d1bb3aebfc7:group-79938281FCB6:LeaderElection216] INFO  impl.LeaderElection (LeaderElection.java:askForVotes(181)) - b4fabe70-9e10-4755-9f3f-0d1bb3aebfc7:group-79938281FCB6:LeaderElection216: begin an election at term 1 for -1: [b4fabe70-9e10-4755-9f3f-0d1bb3aebfc7:192.168.36.114:46562], old=null
2019-09-12 11:48:13,883 [b4fabe70-9e10-4755-9f3f-0d1bb3aebfc7:group-79938281FCB6:LeaderElection216] INFO  impl.RoleInfo (RoleInfo.java:shutdownLeaderElection(134)) - b4fabe70-9e10-4755-9f3f-0d1bb3aebfc7: shutdown LeaderElection
2019-09-12 11:48:13,883 [b4fabe70-9e10-4755-9f3f-0d1bb3aebfc7:group-79938281FCB6:LeaderElection216] INFO  impl.RaftServerImpl (RaftServerImpl.java:setRole(171)) - b4fabe70-9e10-4755-9f3f-0d1bb3aebfc7:group-79938281FCB6 changes role from CANDIDATE to LEADER at term 1 for changeToLeader
2019-09-12 11:48:13,883 [b4fabe70-9e10-4755-9f3f-0d1bb3aebfc7:group-79938281FCB6:LeaderElection216] INFO  impl.RaftServerImpl (ServerState.java:setLeader(263)) - b4fabe70-9e10-4755-9f3f-0d1bb3aebfc7:group-79938281FCB6 change Leader from null to b4fabe70-9e10-4755-9f3f-0d1bb3aebfc7 at term 1 for becomeLeader, leader elected after 5182ms
2019-09-12 11:48:13,883 [b4fabe70-9e10-4755-9f3f-0d1bb3aebfc7:group-79938281FCB6:LeaderElection216] INFO  server.RaftServerConfigKeys (ConfUtils.java:logGet(43)) - raft.server.staging.catchup.gap = 1000 (default)
2019-09-12 11:48:13,883 [b4fabe70-9e10-4755-9f3f-0d1bb3aebfc7:group-79938281FCB6:LeaderElection216] INFO  server.RaftServerConfigKeys (ConfUtils.java:logGet(43)) - raft.server.rpc.sleep.time = 25ms (default)
2019-09-12 11:48:13,883 [b4fabe70-9e10-4755-9f3f-0d1bb3aebfc7:group-79938281FCB6:LeaderElection216] INFO  server.RaftServerConfigKeys (ConfUtils.java:logGet(43)) - raft.server.write.element-limit = 4096 (default)
2019-09-12 11:48:13,883 [b4fabe70-9e10-4755-9f3f-0d1bb3aebfc7:group-79938281FCB6:LeaderElection216] INFO  server.RaftServerConfigKeys (ConfUtils.java:logGet(43)) - raft.server.watch.timeout = 10s (default)
2019-09-12 11:48:13,883 [b4fabe70-9e10-4755-9f3f-0d1bb3aebfc7:group-79938281FCB6:LeaderElection216] INFO  server.RaftServerConfigKeys (ConfUtils.java:logGet(43)) - raft.server.watch.timeout.denomination = 1s (default)
2019-09-12 11:48:13,883 [b4fabe70-9e10-4755-9f3f-0d1bb3aebfc7:group-79938281FCB6:LeaderElection216] INFO  server.RaftServerConfigKeys (ConfUtils.java:logGet(43)) - raft.server.watch.element-limit = 65536 (default)
2019-09-12 11:48:13,883 [b4fabe70-9e10-4755-9f3f-0d1bb3aebfc7:group-79938281FCB6:LeaderElection216] INFO  impl.RoleInfo (RoleInfo.java:updateAndGet(143)) - b4fabe70-9e10-4755-9f3f-0d1bb3aebfc7: start LeaderState
2019-09-12 11:48:13,884 [b4fabe70-9e10-4755-9f3f-0d1bb3aebfc7:group-79938281FCB6:LeaderElection216] INFO  segmented.SegmentedRaftLogWorker (SegmentedRaftLogWorker.java:startLogSegment(380)) - b4fabe70-9e10-4755-9f3f-0d1bb3aebfc7-SegmentedRaftLogWorker:Storage Directory /workdir/hadoop-ozone/ozonefs/target/test-dir/MiniOzoneClusterImpl-fc9dd688-9bec-4f1c-ac5e-6dbbab7389e4/datanode-2/data/ratis/df4f11b5-2dfa-45ee-b9f2-79938281fcb6: Starting segment from index:0
2019-09-12 11:48:13,884 [b4fabe70-9e10-4755-9f3f-0d1bb3aebfc7:group-79938281FCB6:LeaderElection216] INFO  impl.RaftServerImpl (ServerState.java:setRaftConf(361)) - b4fabe70-9e10-4755-9f3f-0d1bb3aebfc7:group-79938281FCB6 set configuration 0: [b4fabe70-9e10-4755-9f3f-0d1bb3aebfc7:192.168.36.114:46562], old=null at 0
2019-09-12 11:48:13,920 [b4fabe70-9e10-4755-9f3f-0d1bb3aebfc7-SegmentedRaftLogWorker:Storage Directory /workdir/hadoop-ozone/ozonefs/target/test-dir/MiniOzoneClusterImpl-fc9dd688-9bec-4f1c-ac5e-6dbbab7389e4/datanode-2/data/ratis/df4f11b5-2dfa-45ee-b9f2-79938281fcb6] INFO  segmented.SegmentedRaftLogWorker (SegmentedRaftLogWorker.java:execute(569)) - b4fabe70-9e10-4755-9f3f-0d1bb3aebfc7-SegmentedRaftLogWorker:Storage Directory /workdir/hadoop-ozone/ozonefs/target/test-dir/MiniOzoneClusterImpl-fc9dd688-9bec-4f1c-ac5e-6dbbab7389e4/datanode-2/data/ratis/df4f11b5-2dfa-45ee-b9f2-79938281fcb6: created new log segment /workdir/hadoop-ozone/ozonefs/target/test-dir/MiniOzoneClusterImpl-fc9dd688-9bec-4f1c-ac5e-6dbbab7389e4/datanode-2/data/ratis/df4f11b5-2dfa-45ee-b9f2-79938281fcb6/current/log_inprogress_0
2019-09-12 11:48:14,178 [Datanode State Machine Thread - 0] INFO  statemachine.DatanodeStateMachine (DatanodeStateMachine.java:lambda$startDaemon$0(350)) - Ozone container server started.
2019-09-12 11:48:18,870 [ForkJoinPool.commonPool-worker-1] INFO  ozoneimpl.OzoneContainer (OzoneContainer.java:stop(199)) - Attempting to stop container services.
2019-09-12 11:48:18,871 [ForkJoinPool.commonPool-worker-1] INFO  impl.RaftServerProxy (RaftServerProxy.java:lambda$close$4(314)) - b4fabe70-9e10-4755-9f3f-0d1bb3aebfc7: close
2019-09-12 11:48:18,871 [ForkJoinPool.commonPool-worker-1] INFO  impl.RaftServerImpl (RaftServerImpl.java:lambda$shutdown$3(245)) - b4fabe70-9e10-4755-9f3f-0d1bb3aebfc7: shutdown group-180107D320E8
2019-09-12 11:48:18,871 [ForkJoinPool.commonPool-worker-1] INFO  util.JmxRegister (JmxRegister.java:unregister(73)) - Successfully un-registered JMX Bean with object name Ratis:service=RaftServer,group=group-180107D320E8,id=b4fabe70-9e10-4755-9f3f-0d1bb3aebfc7
2019-09-12 11:48:18,872 [ForkJoinPool.commonPool-worker-1] INFO  impl.RoleInfo (RoleInfo.java:shutdownLeaderState(104)) - b4fabe70-9e10-4755-9f3f-0d1bb3aebfc7: shutdown LeaderState
2019-09-12 11:48:18,872 [ForkJoinPool.commonPool-worker-1] INFO  impl.PendingRequests (PendingRequests.java:sendNotLeaderResponses(202)) - b4fabe70-9e10-4755-9f3f-0d1bb3aebfc7-PendingRequests: sendNotLeaderResponses
2019-09-12 11:48:18,872 [ForkJoinPool.commonPool-worker-1] INFO  impl.StateMachineUpdater (StateMachineUpdater.java:stopAndJoin(115)) - StateMachineUpdater:b4fabe70-9e10-4755-9f3f-0d1bb3aebfc7:group-180107D320E8: set stopIndex = 0
2019-09-12 11:48:18,872 [ForkJoinPool.commonPool-worker-1] INFO  impl.RaftServerImpl (ServerState.java:close(394)) - b4fabe70-9e10-4755-9f3f-0d1bb3aebfc7:group-180107D320E8 closes. The last applied log index is 0
2019-09-12 11:48:18,873 [b4fabe70-9e10-4755-9f3f-0d1bb3aebfc7-SegmentedRaftLogWorker:Storage Directory /workdir/hadoop-ozone/ozonefs/target/test-dir/MiniOzoneClusterImpl-fc9dd688-9bec-4f1c-ac5e-6dbbab7389e4/datanode-2/data/ratis/651bcc90-c3d0-4869-9f7c-180107d320e8] INFO  segmented.SegmentedRaftLogWorker (SegmentedRaftLogWorker.java:run(313)) - b4fabe70-9e10-4755-9f3f-0d1bb3aebfc7-SegmentedRaftLogWorker:Storage Directory /workdir/hadoop-ozone/ozonefs/target/test-dir/MiniOzoneClusterImpl-fc9dd688-9bec-4f1c-ac5e-6dbbab7389e4/datanode-2/data/ratis/651bcc90-c3d0-4869-9f7c-180107d320e8 was interrupted, exiting. There are 0 tasks remaining in the queue.
2019-09-12 11:48:18,873 [ForkJoinPool.commonPool-worker-1] INFO  segmented.SegmentedRaftLogWorker (SegmentedRaftLogWorker.java:close(228)) - b4fabe70-9e10-4755-9f3f-0d1bb3aebfc7-SegmentedRaftLogWorker:Storage Directory /workdir/hadoop-ozone/ozonefs/target/test-dir/MiniOzoneClusterImpl-fc9dd688-9bec-4f1c-ac5e-6dbbab7389e4/datanode-2/data/ratis/651bcc90-c3d0-4869-9f7c-180107d320e8 close()
2019-09-12 11:48:18,874 [ForkJoinPool.commonPool-worker-1] INFO  impl.RaftServerImpl (RaftServerImpl.java:lambda$shutdown$3(245)) - b4fabe70-9e10-4755-9f3f-0d1bb3aebfc7: shutdown group-D3F49AA6921C
2019-09-12 11:48:18,875 [ForkJoinPool.commonPool-worker-1] INFO  util.JmxRegister (JmxRegister.java:unregister(73)) - Successfully un-registered JMX Bean with object name Ratis:service=RaftServer,group=group-D3F49AA6921C,id=b4fabe70-9e10-4755-9f3f-0d1bb3aebfc7
2019-09-12 11:48:18,875 [ForkJoinPool.commonPool-worker-1] INFO  impl.RoleInfo (RoleInfo.java:shutdownLeaderState(104)) - b4fabe70-9e10-4755-9f3f-0d1bb3aebfc7: shutdown LeaderState
2019-09-12 11:48:18,875 [ForkJoinPool.commonPool-worker-1] INFO  impl.PendingRequests (PendingRequests.java:sendNotLeaderResponses(202)) - b4fabe70-9e10-4755-9f3f-0d1bb3aebfc7-PendingRequests: sendNotLeaderResponses
2019-09-12 11:48:18,875 [ForkJoinPool.commonPool-worker-1] INFO  impl.StateMachineUpdater (StateMachineUpdater.java:stopAndJoin(115)) - StateMachineUpdater:b4fabe70-9e10-4755-9f3f-0d1bb3aebfc7:group-D3F49AA6921C: set stopIndex = 0
2019-09-12 11:48:18,875 [ForkJoinPool.commonPool-worker-1] INFO  impl.RaftServerImpl (ServerState.java:close(394)) - b4fabe70-9e10-4755-9f3f-0d1bb3aebfc7:group-D3F49AA6921C closes. The last applied log index is 0
2019-09-12 11:48:18,876 [b4fabe70-9e10-4755-9f3f-0d1bb3aebfc7-SegmentedRaftLogWorker:Storage Directory /workdir/hadoop-ozone/ozonefs/target/test-dir/MiniOzoneClusterImpl-fc9dd688-9bec-4f1c-ac5e-6dbbab7389e4/datanode-2/data/ratis/45baf813-d8d2-465d-9ed9-d3f49aa6921c] INFO  segmented.SegmentedRaftLogWorker (SegmentedRaftLogWorker.java:run(313)) - b4fabe70-9e10-4755-9f3f-0d1bb3aebfc7-SegmentedRaftLogWorker:Storage Directory /workdir/hadoop-ozone/ozonefs/target/test-dir/MiniOzoneClusterImpl-fc9dd688-9bec-4f1c-ac5e-6dbbab7389e4/datanode-2/data/ratis/45baf813-d8d2-465d-9ed9-d3f49aa6921c was interrupted, exiting. There are 0 tasks remaining in the queue.
2019-09-12 11:48:18,876 [ForkJoinPool.commonPool-worker-1] INFO  segmented.SegmentedRaftLogWorker (SegmentedRaftLogWorker.java:close(228)) - b4fabe70-9e10-4755-9f3f-0d1bb3aebfc7-SegmentedRaftLogWorker:Storage Directory /workdir/hadoop-ozone/ozonefs/target/test-dir/MiniOzoneClusterImpl-fc9dd688-9bec-4f1c-ac5e-6dbbab7389e4/datanode-2/data/ratis/45baf813-d8d2-465d-9ed9-d3f49aa6921c close()
2019-09-12 11:48:18,877 [ForkJoinPool.commonPool-worker-1] INFO  impl.RaftServerImpl (RaftServerImpl.java:lambda$shutdown$3(245)) - b4fabe70-9e10-4755-9f3f-0d1bb3aebfc7: shutdown group-A277B749B35F
2019-09-12 11:48:18,877 [ForkJoinPool.commonPool-worker-1] INFO  util.JmxRegister (JmxRegister.java:unregister(73)) - Successfully un-registered JMX Bean with object name Ratis:service=RaftServer,group=group-A277B749B35F,id=b4fabe70-9e10-4755-9f3f-0d1bb3aebfc7
2019-09-12 11:48:18,877 [ForkJoinPool.commonPool-worker-1] INFO  impl.RoleInfo (RoleInfo.java:shutdownLeaderState(104)) - b4fabe70-9e10-4755-9f3f-0d1bb3aebfc7: shutdown LeaderState
2019-09-12 11:48:18,878 [ForkJoinPool.commonPool-worker-1] INFO  impl.PendingRequests (PendingRequests.java:sendNotLeaderResponses(202)) - b4fabe70-9e10-4755-9f3f-0d1bb3aebfc7-PendingRequests: sendNotLeaderResponses
2019-09-12 11:48:18,878 [ForkJoinPool.commonPool-worker-1] INFO  impl.StateMachineUpdater (StateMachineUpdater.java:stopAndJoin(115)) - StateMachineUpdater:b4fabe70-9e10-4755-9f3f-0d1bb3aebfc7:group-A277B749B35F: set stopIndex = 0
2019-09-12 11:48:18,878 [ForkJoinPool.commonPool-worker-1] INFO  impl.RaftServerImpl (ServerState.java:close(394)) - b4fabe70-9e10-4755-9f3f-0d1bb3aebfc7:group-A277B749B35F closes. The last applied log index is 0
2019-09-12 11:48:18,878 [b4fabe70-9e10-4755-9f3f-0d1bb3aebfc7-SegmentedRaftLogWorker:Storage Directory /workdir/hadoop-ozone/ozonefs/target/test-dir/MiniOzoneClusterImpl-fc9dd688-9bec-4f1c-ac5e-6dbbab7389e4/datanode-2/data/ratis/199a0b43-8ec9-48f7-9e6e-a277b749b35f] INFO  segmented.SegmentedRaftLogWorker (SegmentedRaftLogWorker.java:run(313)) - b4fabe70-9e10-4755-9f3f-0d1bb3aebfc7-SegmentedRaftLogWorker:Storage Directory /workdir/hadoop-ozone/ozonefs/target/test-dir/MiniOzoneClusterImpl-fc9dd688-9bec-4f1c-ac5e-6dbbab7389e4/datanode-2/data/ratis/199a0b43-8ec9-48f7-9e6e-a277b749b35f was interrupted, exiting. There are 0 tasks remaining in the queue.
2019-09-12 11:48:18,878 [ForkJoinPool.commonPool-worker-1] INFO  segmented.SegmentedRaftLogWorker (SegmentedRaftLogWorker.java:close(228)) - b4fabe70-9e10-4755-9f3f-0d1bb3aebfc7-SegmentedRaftLogWorker:Storage Directory /workdir/hadoop-ozone/ozonefs/target/test-dir/MiniOzoneClusterImpl-fc9dd688-9bec-4f1c-ac5e-6dbbab7389e4/datanode-2/data/ratis/199a0b43-8ec9-48f7-9e6e-a277b749b35f close()
2019-09-12 11:48:18,880 [ForkJoinPool.commonPool-worker-1] INFO  impl.RaftServerImpl (RaftServerImpl.java:lambda$shutdown$3(245)) - b4fabe70-9e10-4755-9f3f-0d1bb3aebfc7: shutdown group-79938281FCB6
2019-09-12 11:48:18,880 [ForkJoinPool.commonPool-worker-1] INFO  util.JmxRegister (JmxRegister.java:unregister(73)) - Successfully un-registered JMX Bean with object name Ratis:service=RaftServer,group=group-79938281FCB6,id=b4fabe70-9e10-4755-9f3f-0d1bb3aebfc7
2019-09-12 11:48:18,880 [ForkJoinPool.commonPool-worker-1] INFO  impl.RoleInfo (RoleInfo.java:shutdownLeaderState(104)) - b4fabe70-9e10-4755-9f3f-0d1bb3aebfc7: shutdown LeaderState
2019-09-12 11:48:18,880 [ForkJoinPool.commonPool-worker-1] INFO  impl.PendingRequests (PendingRequests.java:sendNotLeaderResponses(202)) - b4fabe70-9e10-4755-9f3f-0d1bb3aebfc7-PendingRequests: sendNotLeaderResponses
2019-09-12 11:48:18,880 [ForkJoinPool.commonPool-worker-1] INFO  impl.StateMachineUpdater (StateMachineUpdater.java:stopAndJoin(115)) - StateMachineUpdater:b4fabe70-9e10-4755-9f3f-0d1bb3aebfc7:group-79938281FCB6: set stopIndex = 0
2019-09-12 11:48:18,880 [ForkJoinPool.commonPool-worker-1] INFO  impl.RaftServerImpl (ServerState.java:close(394)) - b4fabe70-9e10-4755-9f3f-0d1bb3aebfc7:group-79938281FCB6 closes. The last applied log index is 0
2019-09-12 11:48:18,881 [b4fabe70-9e10-4755-9f3f-0d1bb3aebfc7-SegmentedRaftLogWorker:Storage Directory /workdir/hadoop-ozone/ozonefs/target/test-dir/MiniOzoneClusterImpl-fc9dd688-9bec-4f1c-ac5e-6dbbab7389e4/datanode-2/data/ratis/df4f11b5-2dfa-45ee-b9f2-79938281fcb6] INFO  segmented.SegmentedRaftLogWorker (SegmentedRaftLogWorker.java:run(313)) - b4fabe70-9e10-4755-9f3f-0d1bb3aebfc7-SegmentedRaftLogWorker:Storage Directory /workdir/hadoop-ozone/ozonefs/target/test-dir/MiniOzoneClusterImpl-fc9dd688-9bec-4f1c-ac5e-6dbbab7389e4/datanode-2/data/ratis/df4f11b5-2dfa-45ee-b9f2-79938281fcb6 was interrupted, exiting. There are 0 tasks remaining in the queue.
2019-09-12 11:48:18,881 [ForkJoinPool.commonPool-worker-1] INFO  segmented.SegmentedRaftLogWorker (SegmentedRaftLogWorker.java:close(228)) - b4fabe70-9e10-4755-9f3f-0d1bb3aebfc7-SegmentedRaftLogWorker:Storage Directory /workdir/hadoop-ozone/ozonefs/target/test-dir/MiniOzoneClusterImpl-fc9dd688-9bec-4f1c-ac5e-6dbbab7389e4/datanode-2/data/ratis/df4f11b5-2dfa-45ee-b9f2-79938281fcb6 close()
2019-09-12 11:48:18,882 [ForkJoinPool.commonPool-worker-1] INFO  impl.RaftServerImpl (RaftServerImpl.java:lambda$shutdown$3(245)) - b4fabe70-9e10-4755-9f3f-0d1bb3aebfc7: shutdown group-922AD3A32067
2019-09-12 11:48:18,882 [ForkJoinPool.commonPool-worker-1] INFO  util.JmxRegister (JmxRegister.java:unregister(73)) - Successfully un-registered JMX Bean with object name Ratis:service=RaftServer,group=group-922AD3A32067,id=b4fabe70-9e10-4755-9f3f-0d1bb3aebfc7
2019-09-12 11:48:18,882 [ForkJoinPool.commonPool-worker-1] INFO  impl.RoleInfo (RoleInfo.java:shutdownLeaderState(104)) - b4fabe70-9e10-4755-9f3f-0d1bb3aebfc7: shutdown LeaderState
2019-09-12 11:48:18,883 [ForkJoinPool.commonPool-worker-1] INFO  impl.PendingRequests (PendingRequests.java:sendNotLeaderResponses(202)) - b4fabe70-9e10-4755-9f3f-0d1bb3aebfc7-PendingRequests: sendNotLeaderResponses
2019-09-12 11:48:18,883 [ForkJoinPool.commonPool-worker-1] INFO  impl.StateMachineUpdater (StateMachineUpdater.java:stopAndJoin(115)) - StateMachineUpdater:b4fabe70-9e10-4755-9f3f-0d1bb3aebfc7:group-922AD3A32067: set stopIndex = 0
2019-09-12 11:48:18,883 [ForkJoinPool.commonPool-worker-1] INFO  impl.RaftServerImpl (ServerState.java:close(394)) - b4fabe70-9e10-4755-9f3f-0d1bb3aebfc7:group-922AD3A32067 closes. The last applied log index is 0
2019-09-12 11:48:18,883 [b4fabe70-9e10-4755-9f3f-0d1bb3aebfc7-SegmentedRaftLogWorker:Storage Directory /workdir/hadoop-ozone/ozonefs/target/test-dir/MiniOzoneClusterImpl-fc9dd688-9bec-4f1c-ac5e-6dbbab7389e4/datanode-2/data/ratis/a78225d6-4626-4b69-b249-922ad3a32067] INFO  segmented.SegmentedRaftLogWorker (SegmentedRaftLogWorker.java:run(313)) - b4fabe70-9e10-4755-9f3f-0d1bb3aebfc7-SegmentedRaftLogWorker:Storage Directory /workdir/hadoop-ozone/ozonefs/target/test-dir/MiniOzoneClusterImpl-fc9dd688-9bec-4f1c-ac5e-6dbbab7389e4/datanode-2/data/ratis/a78225d6-4626-4b69-b249-922ad3a32067 was interrupted, exiting. There are 0 tasks remaining in the queue.
2019-09-12 11:48:18,883 [ForkJoinPool.commonPool-worker-1] INFO  segmented.SegmentedRaftLogWorker (SegmentedRaftLogWorker.java:close(228)) - b4fabe70-9e10-4755-9f3f-0d1bb3aebfc7-SegmentedRaftLogWorker:Storage Directory /workdir/hadoop-ozone/ozonefs/target/test-dir/MiniOzoneClusterImpl-fc9dd688-9bec-4f1c-ac5e-6dbbab7389e4/datanode-2/data/ratis/a78225d6-4626-4b69-b249-922ad3a32067 close()
2019-09-12 11:48:18,885 [ForkJoinPool.commonPool-worker-1] INFO  impl.RaftServerImpl (RaftServerImpl.java:lambda$shutdown$3(245)) - b4fabe70-9e10-4755-9f3f-0d1bb3aebfc7: shutdown group-729073B8CA96
2019-09-12 11:48:18,885 [ForkJoinPool.commonPool-worker-1] INFO  util.JmxRegister (JmxRegister.java:unregister(73)) - Successfully un-registered JMX Bean with object name Ratis:service=RaftServer,group=group-729073B8CA96,id=b4fabe70-9e10-4755-9f3f-0d1bb3aebfc7
2019-09-12 11:48:18,885 [ForkJoinPool.commonPool-worker-1] INFO  impl.RoleInfo (RoleInfo.java:shutdownLeaderState(104)) - b4fabe70-9e10-4755-9f3f-0d1bb3aebfc7: shutdown LeaderState
2019-09-12 11:48:18,885 [ForkJoinPool.commonPool-worker-1] INFO  impl.PendingRequests (PendingRequests.java:sendNotLeaderResponses(202)) - b4fabe70-9e10-4755-9f3f-0d1bb3aebfc7-PendingRequests: sendNotLeaderResponses
2019-09-12 11:48:18,885 [ForkJoinPool.commonPool-worker-1] INFO  impl.StateMachineUpdater (StateMachineUpdater.java:stopAndJoin(115)) - StateMachineUpdater:b4fabe70-9e10-4755-9f3f-0d1bb3aebfc7:group-729073B8CA96: set stopIndex = 0
2019-09-12 11:48:18,885 [ForkJoinPool.commonPool-worker-1] INFO  impl.RaftServerImpl (ServerState.java:close(394)) - b4fabe70-9e10-4755-9f3f-0d1bb3aebfc7:group-729073B8CA96 closes. The last applied log index is 0
2019-09-12 11:48:18,886 [b4fabe70-9e10-4755-9f3f-0d1bb3aebfc7-SegmentedRaftLogWorker:Storage Directory /workdir/hadoop-ozone/ozonefs/target/test-dir/MiniOzoneClusterImpl-fc9dd688-9bec-4f1c-ac5e-6dbbab7389e4/datanode-2/data/ratis/a732b3fe-0631-4040-a10e-729073b8ca96] INFO  segmented.SegmentedRaftLogWorker (SegmentedRaftLogWorker.java:run(313)) - b4fabe70-9e10-4755-9f3f-0d1bb3aebfc7-SegmentedRaftLogWorker:Storage Directory /workdir/hadoop-ozone/ozonefs/target/test-dir/MiniOzoneClusterImpl-fc9dd688-9bec-4f1c-ac5e-6dbbab7389e4/datanode-2/data/ratis/a732b3fe-0631-4040-a10e-729073b8ca96 was interrupted, exiting. There are 0 tasks remaining in the queue.
2019-09-12 11:48:18,886 [ForkJoinPool.commonPool-worker-1] INFO  segmented.SegmentedRaftLogWorker (SegmentedRaftLogWorker.java:close(228)) - b4fabe70-9e10-4755-9f3f-0d1bb3aebfc7-SegmentedRaftLogWorker:Storage Directory /workdir/hadoop-ozone/ozonefs/target/test-dir/MiniOzoneClusterImpl-fc9dd688-9bec-4f1c-ac5e-6dbbab7389e4/datanode-2/data/ratis/a732b3fe-0631-4040-a10e-729073b8ca96 close()
2019-09-12 11:48:18,887 [ForkJoinPool.commonPool-worker-1] INFO  server.GrpcService (GrpcService.java:closeImpl(155)) - b4fabe70-9e10-4755-9f3f-0d1bb3aebfc7: shutdown server with port 46562 now
2019-09-12 11:48:18,888 [ForkJoinPool.commonPool-worker-1] INFO  server.GrpcService (GrpcService.java:closeImpl(163)) - b4fabe70-9e10-4755-9f3f-0d1bb3aebfc7: shutdown server with port 46562 successfully
2019-09-12 11:48:18,894 [ForkJoinPool.commonPool-worker-1] INFO  utils.BackgroundService (BackgroundService.java:shutdown(148)) - Shutting down service BlockDeletingService
2019-09-12 11:48:18,895 [refreshUsed-/workdir/hadoop-ozone/ozonefs/target/test-dir/MiniOzoneClusterImpl-fc9dd688-9bec-4f1c-ac5e-6dbbab7389e4/datanode-2/data/containers] WARN  fs.CachingGetSpaceUsed (CachingGetSpaceUsed.java:run(183)) - Thread Interrupted waiting to refresh disk information: sleep interrupted
2019-09-12 11:48:18,916 [ForkJoinPool.commonPool-worker-1] INFO  statemachine.DatanodeStateMachine (DatanodeStateMachine.java:stopDaemon(395)) - Ozone container server stopped.
2019-09-12 11:48:18,924 [ForkJoinPool.commonPool-worker-1] INFO  handler.ContextHandler (ContextHandler.java:doStop(910)) - Stopped o.e.j.w.WebAppContext@ab8b1ef{/,null,UNAVAILABLE}{/hddsDatanode}
2019-09-12 11:48:18,925 [ForkJoinPool.commonPool-worker-1] INFO  server.AbstractConnector (AbstractConnector.java:doStop(318)) - Stopped ServerConnector@3413effc{HTTP/1.1,[http/1.1]}{0.0.0.0:0}
2019-09-12 11:48:18,926 [ForkJoinPool.commonPool-worker-1] INFO  handler.ContextHandler (ContextHandler.java:doStop(910)) - Stopped o.e.j.s.ServletContextHandler@9bc10bd{/static,jar:file:/home/user/.m2/repository/org/apache/hadoop/hadoop-hdds-container-service/0.5.0-SNAPSHOT/hadoop-hdds-container-service-0.5.0-SNAPSHOT.jar!/webapps/static,UNAVAILABLE}
2019-09-12 11:48:18,927 [ForkJoinPool.commonPool-worker-1] INFO  handler.ContextHandler (ContextHandler.java:doStop(910)) - Stopped o.e.j.s.ServletContextHandler@62c4ad40{/logs,file:///workdir/hadoop-ozone/ozonefs/target/log,UNAVAILABLE}
2019-09-12 11:48:18,927 [main] INFO  ozone.MiniOzoneClusterImpl (MiniOzoneClusterImpl.java:stop(353)) - Stopping the StorageContainerManager
2019-09-12 11:48:18,928 [main] INFO  server.StorageContainerManager (StorageContainerManager.java:stop(797)) - Stopping Replication Manager Service.
2019-09-12 11:48:18,928 [main] INFO  container.ReplicationManager (ReplicationManager.java:stop(192)) - Stopping Replication Monitor Thread.
2019-09-12 11:48:18,928 [main] INFO  server.StorageContainerManager (StorageContainerManager.java:stop(804)) - Stopping Lease Manager of the command watchers
2019-09-12 11:48:18,928 [main] INFO  server.StorageContainerManager (StorageContainerManager.java:stop(811)) - Stopping datanode service RPC server
2019-09-12 11:48:18,928 [main] INFO  server.SCMDatanodeProtocolServer (SCMDatanodeProtocolServer.java:stop(367)) - Stopping the RPC server for DataNodes
2019-09-12 11:48:18,929 [main] INFO  ipc.Server (Server.java:stop(3082)) - Stopping server on 45631
2019-09-12 11:48:18,930 [IPC Server listener on 45631] INFO  ipc.Server (Server.java:run(1185)) - Stopping IPC Server listener on 45631
2019-09-12 11:48:18,931 [IPC Server Responder] INFO  ipc.Server (Server.java:run(1319)) - Stopping IPC Server Responder
2019-09-12 11:48:18,968 [SCM Heartbeat Processing Thread - 0] WARN  node.NodeStateManager (NodeStateManager.java:scheduleNextHealthCheck(655)) - Current Thread is interrupted, shutting down HB processing thread for Node Manager.
2019-09-12 11:48:18,969 [main] INFO  server.StorageContainerManager (StorageContainerManager.java:stop(819)) - Stopping block service RPC server
2019-09-12 11:48:18,969 [main] INFO  server.SCMBlockProtocolServer (SCMBlockProtocolServer.java:stop(148)) - Stopping the RPC server for Block Protocol
2019-09-12 11:48:18,969 [main] INFO  ipc.Server (Server.java:stop(3082)) - Stopping server on 36935
2019-09-12 11:48:18,971 [IPC Server listener on 36935] INFO  ipc.Server (Server.java:run(1185)) - Stopping IPC Server listener on 36935
2019-09-12 11:48:18,971 [IPC Server Responder] INFO  ipc.Server (Server.java:run(1319)) - Stopping IPC Server Responder
2019-09-12 11:48:18,971 [main] INFO  server.StorageContainerManager (StorageContainerManager.java:stop(826)) - Stopping the StorageContainerLocationProtocol RPC server
2019-09-12 11:48:18,972 [main] INFO  server.SCMClientProtocolServer (SCMClientProtocolServer.java:stop(159)) - Stopping the RPC server for Client Protocol
2019-09-12 11:48:18,972 [main] INFO  ipc.Server (Server.java:stop(3082)) - Stopping server on 45672
2019-09-12 11:48:18,974 [IPC Server listener on 45672] INFO  ipc.Server (Server.java:run(1185)) - Stopping IPC Server listener on 45672
2019-09-12 11:48:18,974 [main] INFO  server.StorageContainerManager (StorageContainerManager.java:stop(833)) - Stopping Storage Container Manager HTTP server.
2019-09-12 11:48:18,974 [IPC Server Responder] INFO  ipc.Server (Server.java:run(1319)) - Stopping IPC Server Responder
2019-09-12 11:48:18,977 [main] INFO  handler.ContextHandler (ContextHandler.java:doStop(910)) - Stopped o.e.j.w.WebAppContext@3d3362f5{/,null,UNAVAILABLE}{/scm}
2019-09-12 11:48:18,977 [main] INFO  server.AbstractConnector (AbstractConnector.java:doStop(318)) - Stopped ServerConnector@1e717745{HTTP/1.1,[http/1.1]}{0.0.0.0:0}
2019-09-12 11:48:18,978 [main] INFO  handler.ContextHandler (ContextHandler.java:doStop(910)) - Stopped o.e.j.s.ServletContextHandler@4fbd0d1{/static,jar:file:/home/user/.m2/repository/org/apache/hadoop/hadoop-hdds-server-scm/0.5.0-SNAPSHOT/hadoop-hdds-server-scm-0.5.0-SNAPSHOT.jar!/webapps/static,UNAVAILABLE}
2019-09-12 11:48:18,978 [main] INFO  handler.ContextHandler (ContextHandler.java:doStop(910)) - Stopped o.e.j.s.ServletContextHandler@3c42dc9f{/logs,file:///workdir/hadoop-ozone/ozonefs/target/log,UNAVAILABLE}
2019-09-12 11:48:18,979 [main] INFO  server.StorageContainerManager (StorageContainerManager.java:stop(844)) - Stopping Block Manager Service.
2019-09-12 11:48:18,979 [main] INFO  utils.BackgroundService (BackgroundService.java:shutdown(148)) - Shutting down service SCMBlockDeletingService
2019-09-12 11:48:18,979 [main] INFO  utils.BackgroundService (BackgroundService.java:shutdown(148)) - Shutting down service SCMBlockDeletingService
2019-09-12 11:48:18,980 [main] INFO  server.StorageContainerManager (StorageContainerManager.java:stop(866)) - Stopping SCM Event Queue.
2019-09-12 11:48:18,997 [main] INFO  impl.MetricsSystemImpl (MetricsSystemImpl.java:stop(210)) - Stopping HddsDatanode metrics system...
2019-09-12 11:48:19,013 [main] INFO  impl.MetricsSystemImpl (MetricsSystemImpl.java:stop(216)) - HddsDatanode metrics system stopped.
]]></system-out>
    <system-err><![CDATA[Sep 12, 2019 11:48:03 AM com.sun.jersey.server.impl.application.WebApplicationImpl _initiate
INFO: Initiating Jersey application, version 'Jersey: 1.19 02/11/2015 03:25 AM'
Sep 12, 2019 11:48:03 AM com.sun.jersey.server.impl.application.WebApplicationImpl _initiate
INFO: Initiating Jersey application, version 'Jersey: 1.19 02/11/2015 03:25 AM'
Sep 12, 2019 11:48:04 AM com.sun.jersey.server.impl.application.WebApplicationImpl _initiate
INFO: Initiating Jersey application, version 'Jersey: 1.19 02/11/2015 03:25 AM'
Sep 12, 2019 11:48:08 AM com.sun.jersey.server.impl.application.WebApplicationImpl _initiate
INFO: Initiating Jersey application, version 'Jersey: 1.19 02/11/2015 03:25 AM'
]]></system-err>
  </testcase>
</testsuite>