<?xml version="1.0" encoding="UTF-8"?>
<testsuite xmlns:xsi="http://www.w3.org/2001/XMLSchema-instance" xsi:noNamespaceSchemaLocation="https://maven.apache.org/surefire/maven-surefire-plugin/xsd/surefire-test-report.xsd" name="org.apache.hadoop.ozone.client.rpc.TestBlockOutputStreamWithFailures" time="676.212" tests="8" errors="0" skipped="0" failures="1">
  <properties>
    <property name="awt.toolkit" value="sun.awt.X11.XToolkit"/>
    <property name="file.encoding.pkg" value="sun.io"/>
    <property name="java.specification.version" value="1.8"/>
    <property name="sun.cpu.isalist" value=""/>
    <property name="sun.jnu.encoding" value="UTF-8"/>
    <property name="java.class.path" value="/workdir/hadoop-ozone/integration-test/target/test-classes:/workdir/hadoop-ozone/integration-test/target/classes:/home/user/.m2/repository/org/apache/hadoop/hadoop-ozone-common/0.5.0-SNAPSHOT/hadoop-ozone-common-0.5.0-SNAPSHOT.jar:/home/user/.m2/repository/org/apache/commons/commons-compress/1.4.1/commons-compress-1.4.1.jar:/home/user/.m2/repository/org/tukaani/xz/1.0/xz-1.0.jar:/home/user/.m2/repository/org/apache/hadoop/hadoop-common/3.2.0/hadoop-common-3.2.0.jar:/home/user/.m2/repository/org/apache/hadoop/hadoop-hdfs/3.2.0/hadoop-hdfs-3.2.0.jar:/home/user/.m2/repository/org/apache/hadoop/hadoop-hdfs-client/3.2.0/hadoop-hdfs-client-3.2.0.jar:/home/user/.m2/repository/com/fasterxml/jackson/core/jackson-annotations/2.9.9/jackson-annotations-2.9.9.jar:/home/user/.m2/repository/org/apache/hadoop/hadoop-hdds-common/0.5.0-SNAPSHOT/hadoop-hdds-common-0.5.0-SNAPSHOT.jar:/home/user/.m2/repository/javax/annotation/javax.annotation-api/1.2/javax.annotation-api-1.2.jar:/home/user/.m2/repository/org/apache/ratis/ratis-server/0.4.0-78e95b9-SNAPSHOT/ratis-server-0.4.0-78e95b9-SNAPSHOT.jar:/home/user/.m2/repository/org/apache/ratis/ratis-thirdparty-misc/0.2.0/ratis-thirdparty-misc-0.2.0.jar:/home/user/.m2/repository/org/apache/ratis/ratis-proto/0.4.0-78e95b9-SNAPSHOT/ratis-proto-0.4.0-78e95b9-SNAPSHOT.jar:/home/user/.m2/repository/org/apache/ratis/ratis-common/0.4.0-78e95b9-SNAPSHOT/ratis-common-0.4.0-78e95b9-SNAPSHOT.jar:/home/user/.m2/repository/org/apache/ratis/ratis-client/0.4.0-78e95b9-SNAPSHOT/ratis-client-0.4.0-78e95b9-SNAPSHOT.jar:/home/user/.m2/repository/org/apache/ratis/ratis-metrics/0.4.0-78e95b9-SNAPSHOT/ratis-metrics-0.4.0-78e95b9-SNAPSHOT.jar:/home/user/.m2/repository/com/github/joshelser/dropwizard-metrics-hadoop-metrics2-reporter/0.1.2/dropwizard-metrics-hadoop-metrics2-reporter-0.1.2.jar:/home/user/.m2/repository/io/dropwizard/metrics/metrics-jvm/3.2.5/metrics-jvm-3.2.5.jar:/home/user/.m2/repository/io/dropwizard/metrics/metrics-ganglia/3.2.5/metrics-ganglia-3.2.5.jar:/home/user/.m2/repository/info/ganglia/gmetric4j/gmetric4j/1.0.7/gmetric4j-1.0.7.jar:/home/user/.m2/repository/org/apache/ratis/ratis-netty/0.4.0-78e95b9-SNAPSHOT/ratis-netty-0.4.0-78e95b9-SNAPSHOT.jar:/home/user/.m2/repository/org/apache/ratis/ratis-grpc/0.4.0-78e95b9-SNAPSHOT/ratis-grpc-0.4.0-78e95b9-SNAPSHOT.jar:/home/user/.m2/repository/org/rocksdb/rocksdbjni/6.0.1/rocksdbjni-6.0.1.jar:/home/user/.m2/repository/org/apache/logging/log4j/log4j-api/2.11.0/log4j-api-2.11.0.jar:/home/user/.m2/repository/org/apache/logging/log4j/log4j-core/2.11.0/log4j-core-2.11.0.jar:/home/user/.m2/repository/com/lmax/disruptor/3.4.2/disruptor-3.4.2.jar:/home/user/.m2/repository/org/apache/commons/commons-pool2/2.6.0/commons-pool2-2.6.0.jar:/home/user/.m2/repository/org/bouncycastle/bcpkix-jdk15on/1.60/bcpkix-jdk15on-1.60.jar:/home/user/.m2/repository/commons-validator/commons-validator/1.6/commons-validator-1.6.jar:/home/user/.m2/repository/commons-digester/commons-digester/1.8.1/commons-digester-1.8.1.jar:/home/user/.m2/repository/io/jaegertracing/jaeger-client/0.33.1/jaeger-client-0.33.1.jar:/home/user/.m2/repository/io/jaegertracing/jaeger-thrift/0.33.1/jaeger-thrift-0.33.1.jar:/home/user/.m2/repository/org/apache/thrift/libthrift/0.11.0/libthrift-0.11.0.jar:/home/user/.m2/repository/com/squareup/okhttp3/okhttp/3.9.0/okhttp-3.9.0.jar:/home/user/.m2/repository/com/squareup/okio/okio/1.13.0/okio-1.13.0.jar:/home/user/.m2/repository/io/jaegertracing/jaeger-core/0.33.1/jaeger-core-0.33.1.jar:/home/user/.m2/repository/io/jaegertracing/jaeger-tracerresolver/0.33.1/jaeger-tracerresolver-0.33.1.jar:/home/user/.m2/repository/io/opentracing/contrib/opentracing-tracerresolver/0.1.5/opentracing-tracerresolver-0.1.5.jar:/home/user/.m2/repository/io/opentracing/opentracing-util/0.31.0/opentracing-util-0.31.0.jar:/home/user/.m2/repository/io/opentracing/opentracing-api/0.31.0/opentracing-api-0.31.0.jar:/home/user/.m2/repository/io/opentracing/opentracing-noop/0.31.0/opentracing-noop-0.31.0.jar:/home/user/.m2/repository/org/apache/hadoop/hadoop-hdds-server-framework/0.5.0-SNAPSHOT/hadoop-hdds-server-framework-0.5.0-SNAPSHOT.jar:/home/user/.m2/repository/org/apache/hadoop/hadoop-hdds-container-service/0.5.0-SNAPSHOT/hadoop-hdds-container-service-0.5.0-SNAPSHOT.jar:/home/user/.m2/repository/org/apache/hadoop/hadoop-hdds-client/0.5.0-SNAPSHOT/hadoop-hdds-client-0.5.0-SNAPSHOT.jar:/home/user/.m2/repository/org/apache/hadoop/hadoop-hdds-tools/0.5.0-SNAPSHOT/hadoop-hdds-tools-0.5.0-SNAPSHOT.jar:/home/user/.m2/repository/org/apache/hadoop/hadoop-hdds-server-scm/0.5.0-SNAPSHOT/hadoop-hdds-server-scm-0.5.0-SNAPSHOT.jar:/home/user/.m2/repository/org/apache/hadoop/hadoop-hdds-docs/0.5.0-SNAPSHOT/hadoop-hdds-docs-0.5.0-SNAPSHOT.jar:/home/user/.m2/repository/io/dropwizard/metrics/metrics-core/3.2.4/metrics-core-3.2.4.jar:/home/user/.m2/repository/org/hamcrest/hamcrest-all/1.3/hamcrest-all-1.3.jar:/home/user/.m2/repository/org/bouncycastle/bcprov-jdk15on/1.60/bcprov-jdk15on-1.60.jar:/home/user/.m2/repository/info/picocli/picocli/3.9.6/picocli-3.9.6.jar:/home/user/.m2/repository/com/google/protobuf/protobuf-java/2.5.0/protobuf-java-2.5.0.jar:/home/user/.m2/repository/com/google/guava/guava/11.0.2/guava-11.0.2.jar:/home/user/.m2/repository/org/apache/hadoop/hadoop-ozone-ozone-manager/0.5.0-SNAPSHOT/hadoop-ozone-ozone-manager-0.5.0-SNAPSHOT.jar:/home/user/.m2/repository/org/apache/hadoop/hadoop-minikdc/3.2.0/hadoop-minikdc-3.2.0.jar:/home/user/.m2/repository/commons-io/commons-io/2.5/commons-io-2.5.jar:/home/user/.m2/repository/org/apache/kerby/kerb-simplekdc/1.0.1/kerb-simplekdc-1.0.1.jar:/home/user/.m2/repository/org/apache/kerby/kerb-client/1.0.1/kerb-client-1.0.1.jar:/home/user/.m2/repository/org/apache/kerby/kerby-config/1.0.1/kerby-config-1.0.1.jar:/home/user/.m2/repository/org/apache/kerby/kerb-core/1.0.1/kerb-core-1.0.1.jar:/home/user/.m2/repository/org/apache/kerby/kerby-pkix/1.0.1/kerby-pkix-1.0.1.jar:/home/user/.m2/repository/org/apache/kerby/kerby-asn1/1.0.1/kerby-asn1-1.0.1.jar:/home/user/.m2/repository/org/apache/kerby/kerby-util/1.0.1/kerby-util-1.0.1.jar:/home/user/.m2/repository/org/apache/kerby/kerb-common/1.0.1/kerb-common-1.0.1.jar:/home/user/.m2/repository/org/apache/kerby/kerb-crypto/1.0.1/kerb-crypto-1.0.1.jar:/home/user/.m2/repository/org/apache/kerby/kerb-util/1.0.1/kerb-util-1.0.1.jar:/home/user/.m2/repository/org/apache/kerby/token-provider/1.0.1/token-provider-1.0.1.jar:/home/user/.m2/repository/org/apache/kerby/kerb-admin/1.0.1/kerb-admin-1.0.1.jar:/home/user/.m2/repository/org/apache/kerby/kerb-server/1.0.1/kerb-server-1.0.1.jar:/home/user/.m2/repository/org/apache/kerby/kerb-identity/1.0.1/kerb-identity-1.0.1.jar:/home/user/.m2/repository/org/apache/kerby/kerby-xdr/1.0.1/kerby-xdr-1.0.1.jar:/home/user/.m2/repository/org/slf4j/slf4j-log4j12/1.7.25/slf4j-log4j12-1.7.25.jar:/home/user/.m2/repository/org/apache/hadoop/hadoop-ozone-s3gateway/0.5.0-SNAPSHOT/hadoop-ozone-s3gateway-0.5.0-SNAPSHOT.jar:/home/user/.m2/repository/org/jboss/weld/servlet/weld-servlet/2.4.7.Final/weld-servlet-2.4.7.Final.jar:/home/user/.m2/repository/org/glassfish/jersey/containers/jersey-container-servlet-core/2.27/jersey-container-servlet-core-2.27.jar:/home/user/.m2/repository/org/glassfish/hk2/external/javax.inject/2.5.0-b42/javax.inject-2.5.0-b42.jar:/home/user/.m2/repository/org/glassfish/jersey/core/jersey-common/2.27/jersey-common-2.27.jar:/home/user/.m2/repository/org/glassfish/hk2/osgi-resource-locator/1.0.1/osgi-resource-locator-1.0.1.jar:/home/user/.m2/repository/javax/ws/rs/javax.ws.rs-api/2.1/javax.ws.rs-api-2.1.jar:/home/user/.m2/repository/org/glassfish/jersey/ext/cdi/jersey-cdi1x/2.27/jersey-cdi1x-2.27.jar:/home/user/.m2/repository/org/glassfish/jersey/inject/jersey-hk2/2.27/jersey-hk2-2.27.jar:/home/user/.m2/repository/org/glassfish/hk2/hk2-locator/2.5.0-b42/hk2-locator-2.5.0-b42.jar:/home/user/.m2/repository/org/javassist/javassist/3.22.0-CR2/javassist-3.22.0-CR2.jar:/home/user/.m2/repository/org/glassfish/hk2/hk2-api/2.5.0/hk2-api-2.5.0.jar:/home/user/.m2/repository/org/glassfish/hk2/external/jakarta.inject/2.5.0/jakarta.inject-2.5.0.jar:/home/user/.m2/repository/org/glassfish/hk2/hk2-utils/2.5.0/hk2-utils-2.5.0.jar:/home/user/.m2/repository/jakarta/annotation/jakarta.annotation-api/1.3.4/jakarta.annotation-api-1.3.4.jar:/home/user/.m2/repository/org/glassfish/hk2/external/aopalliance-repackaged/2.5.0/aopalliance-repackaged-2.5.0.jar:/home/user/.m2/repository/com/fasterxml/jackson/dataformat/jackson-dataformat-xml/2.9.0/jackson-dataformat-xml-2.9.0.jar:/home/user/.m2/repository/com/fasterxml/jackson/core/jackson-core/2.9.9/jackson-core-2.9.9.jar:/home/user/.m2/repository/com/fasterxml/jackson/module/jackson-module-jaxb-annotations/2.9.9/jackson-module-jaxb-annotations-2.9.9.jar:/home/user/.m2/repository/javax/enterprise/cdi-api/1.2/cdi-api-1.2.jar:/home/user/.m2/repository/javax/el/javax.el-api/3.0.0/javax.el-api-3.0.0.jar:/home/user/.m2/repository/javax/interceptor/javax.interceptor-api/1.2/javax.interceptor-api-1.2.jar:/home/user/.m2/repository/javax/inject/javax.inject/1/javax.inject-1.jar:/home/user/.m2/repository/com/sun/xml/bind/jaxb-impl/2.3.0.1/jaxb-impl-2.3.0.1.jar:/home/user/.m2/repository/com/sun/xml/bind/jaxb-core/2.3.0.1/jaxb-core-2.3.0.1.jar:/home/user/.m2/repository/javax/xml/bind/jaxb-api/2.3.0/jaxb-api-2.3.0.jar:/home/user/.m2/repository/javax/activation/activation/1.1.1/activation-1.1.1.jar:/home/user/.m2/repository/org/apache/hadoop/hadoop-ozone-csi/0.5.0-SNAPSHOT/hadoop-ozone-csi-0.5.0-SNAPSHOT.jar:/home/user/.m2/repository/com/google/protobuf/protobuf-java-util/3.5.1/protobuf-java-util-3.5.1.jar:/home/user/.m2/repository/org/apache/hadoop/hadoop-hdds-config/0.5.0-SNAPSHOT/hadoop-hdds-config-0.5.0-SNAPSHOT.jar:/home/user/.m2/repository/io/grpc/grpc-netty/1.17.1/grpc-netty-1.17.1.jar:/home/user/.m2/repository/io/grpc/grpc-core/1.17.1/grpc-core-1.17.1.jar:/home/user/.m2/repository/io/grpc/grpc-context/1.17.1/grpc-context-1.17.1.jar:/home/user/.m2/repository/com/google/errorprone/error_prone_annotations/2.2.0/error_prone_annotations-2.2.0.jar:/home/user/.m2/repository/org/codehaus/mojo/animal-sniffer-annotations/1.17/animal-sniffer-annotations-1.17.jar:/home/user/.m2/repository/io/opencensus/opencensus-api/0.17.0/opencensus-api-0.17.0.jar:/home/user/.m2/repository/io/opencensus/opencensus-contrib-grpc-metrics/0.17.0/opencensus-contrib-grpc-metrics-0.17.0.jar:/home/user/.m2/repository/io/netty/netty-codec-http2/4.1.30.Final/netty-codec-http2-4.1.30.Final.jar:/home/user/.m2/repository/io/netty/netty-codec-http/4.1.30.Final/netty-codec-http-4.1.30.Final.jar:/home/user/.m2/repository/io/netty/netty-codec/4.1.30.Final/netty-codec-4.1.30.Final.jar:/home/user/.m2/repository/io/netty/netty-handler/4.1.30.Final/netty-handler-4.1.30.Final.jar:/home/user/.m2/repository/io/netty/netty-handler-proxy/4.1.30.Final/netty-handler-proxy-4.1.30.Final.jar:/home/user/.m2/repository/io/netty/netty-codec-socks/4.1.30.Final/netty-codec-socks-4.1.30.Final.jar:/home/user/.m2/repository/io/netty/netty-transport-native-epoll/4.1.30.Final/netty-transport-native-epoll-4.1.30.Final.jar:/home/user/.m2/repository/io/netty/netty-common/4.1.30.Final/netty-common-4.1.30.Final.jar:/home/user/.m2/repository/io/netty/netty-buffer/4.1.30.Final/netty-buffer-4.1.30.Final.jar:/home/user/.m2/repository/io/netty/netty-transport/4.1.30.Final/netty-transport-4.1.30.Final.jar:/home/user/.m2/repository/io/netty/netty-resolver/4.1.30.Final/netty-resolver-4.1.30.Final.jar:/home/user/.m2/repository/io/netty/netty-transport-native-unix-common/4.1.30.Final/netty-transport-native-unix-common-4.1.30.Final.jar:/home/user/.m2/repository/io/grpc/grpc-protobuf/1.17.1/grpc-protobuf-1.17.1.jar:/home/user/.m2/repository/com/google/api/grpc/proto-google-common-protos/1.0.0/proto-google-common-protos-1.0.0.jar:/home/user/.m2/repository/io/grpc/grpc-protobuf-lite/1.17.1/grpc-protobuf-lite-1.17.1.jar:/home/user/.m2/repository/io/grpc/grpc-stub/1.17.1/grpc-stub-1.17.1.jar:/home/user/.m2/repository/org/apache/hadoop/hadoop-ozone-recon/0.5.0-SNAPSHOT/hadoop-ozone-recon-0.5.0-SNAPSHOT.jar:/home/user/.m2/repository/org/apache/hadoop/hadoop-ozone-reconcodegen/0.5.0-SNAPSHOT/hadoop-ozone-reconcodegen-0.5.0-SNAPSHOT.jar:/home/user/.m2/repository/com/google/inject/extensions/guice-multibindings/4.0/guice-multibindings-4.0.jar:/home/user/.m2/repository/com/google/inject/guice/4.0/guice-4.0.jar:/home/user/.m2/repository/aopalliance/aopalliance/1.0/aopalliance-1.0.jar:/home/user/.m2/repository/com/google/inject/extensions/guice-servlet/4.0/guice-servlet-4.0.jar:/home/user/.m2/repository/org/glassfish/jersey/containers/jersey-container-servlet/2.27/jersey-container-servlet-2.27.jar:/home/user/.m2/repository/org/glassfish/hk2/guice-bridge/2.5.0/guice-bridge-2.5.0.jar:/home/user/.m2/repository/org/glassfish/jersey/core/jersey-server/2.27/jersey-server-2.27.jar:/home/user/.m2/repository/org/glassfish/jersey/core/jersey-client/2.27/jersey-client-2.27.jar:/home/user/.m2/repository/org/glassfish/jersey/media/jersey-media-jaxb/2.27/jersey-media-jaxb-2.27.jar:/home/user/.m2/repository/javax/validation/validation-api/1.1.0.Final/validation-api-1.1.0.Final.jar:/home/user/.m2/repository/org/glassfish/jersey/media/jersey-media-json-jackson/2.27/jersey-media-json-jackson-2.27.jar:/home/user/.m2/repository/org/glassfish/jersey/ext/jersey-entity-filtering/2.27/jersey-entity-filtering-2.27.jar:/home/user/.m2/repository/com/google/inject/extensions/guice-assistedinject/4.0/guice-assistedinject-4.0.jar:/home/user/.m2/repository/org/jooq/jooq/3.11.10/jooq-3.11.10.jar:/home/user/.m2/repository/org/jooq/jooq-meta/3.11.10/jooq-meta-3.11.10.jar:/home/user/.m2/repository/org/jooq/jooq-codegen/3.11.10/jooq-codegen-3.11.10.jar:/home/user/.m2/repository/com/jolbox/bonecp/0.8.0.RELEASE/bonecp-0.8.0.RELEASE.jar:/home/user/.m2/repository/org/xerial/sqlite-jdbc/3.25.2/sqlite-jdbc-3.25.2.jar:/home/user/.m2/repository/org/springframework/spring-jdbc/5.1.3.RELEASE/spring-jdbc-5.1.3.RELEASE.jar:/home/user/.m2/repository/org/springframework/spring-beans/5.1.3.RELEASE/spring-beans-5.1.3.RELEASE.jar:/home/user/.m2/repository/org/springframework/spring-core/5.1.3.RELEASE/spring-core-5.1.3.RELEASE.jar:/home/user/.m2/repository/org/springframework/spring-jcl/5.1.3.RELEASE/spring-jcl-5.1.3.RELEASE.jar:/home/user/.m2/repository/org/springframework/spring-tx/5.1.3.RELEASE/spring-tx-5.1.3.RELEASE.jar:/home/user/.m2/repository/org/apache/hadoop/hadoop-ozone-client/0.5.0-SNAPSHOT/hadoop-ozone-client-0.5.0-SNAPSHOT.jar:/home/user/.m2/repository/commons-lang/commons-lang/2.6/commons-lang-2.6.jar:/home/user/.m2/repository/org/apache/hadoop/hadoop-ozone-ozone-manager/0.5.0-SNAPSHOT/hadoop-ozone-ozone-manager-0.5.0-SNAPSHOT-tests.jar:/home/user/.m2/repository/junit/junit/4.11/junit-4.11.jar:/home/user/.m2/repository/org/hamcrest/hamcrest-core/1.3/hamcrest-core-1.3.jar:/home/user/.m2/repository/org/openjdk/jmh/jmh-core/1.19/jmh-core-1.19.jar:/home/user/.m2/repository/net/sf/jopt-simple/jopt-simple/4.6/jopt-simple-4.6.jar:/home/user/.m2/repository/org/apache/commons/commons-math3/3.1.1/commons-math3-3.1.1.jar:/home/user/.m2/repository/org/openjdk/jmh/jmh-generator-annprocess/1.19/jmh-generator-annprocess-1.19.jar:/home/user/.m2/repository/org/mockito/mockito-all/1.8.5/mockito-all-1.8.5.jar:/home/user/.m2/repository/org/apache/hadoop/hadoop-kms/3.2.0/hadoop-kms-3.2.0.jar:/home/user/.m2/repository/org/apache/hadoop/hadoop-auth/3.2.0/hadoop-auth-3.2.0.jar:/home/user/.m2/repository/com/nimbusds/nimbus-jose-jwt/4.41.1/nimbus-jose-jwt-4.41.1.jar:/home/user/.m2/repository/com/github/stephenc/jcip/jcip-annotations/1.0-1/jcip-annotations-1.0-1.jar:/home/user/.m2/repository/net/minidev/json-smart/2.3/json-smart-2.3.jar:/home/user/.m2/repository/net/minidev/accessors-smart/1.2/accessors-smart-1.2.jar:/home/user/.m2/repository/org/ow2/asm/asm/5.0.4/asm-5.0.4.jar:/home/user/.m2/repository/org/apache/curator/curator-framework/2.12.0/curator-framework-2.12.0.jar:/home/user/.m2/repository/com/sun/jersey/jersey-core/1.19/jersey-core-1.19.jar:/home/user/.m2/repository/javax/ws/rs/jsr311-api/1.1.1/jsr311-api-1.1.1.jar:/home/user/.m2/repository/com/sun/jersey/jersey-server/1.19/jersey-server-1.19.jar:/home/user/.m2/repository/javax/servlet/javax.servlet-api/3.1.0/javax.servlet-api-3.1.0.jar:/home/user/.m2/repository/org/eclipse/jetty/jetty-server/9.3.24.v20180605/jetty-server-9.3.24.v20180605.jar:/home/user/.m2/repository/org/eclipse/jetty/jetty-http/9.3.24.v20180605/jetty-http-9.3.24.v20180605.jar:/home/user/.m2/repository/org/eclipse/jetty/jetty-io/9.3.24.v20180605/jetty-io-9.3.24.v20180605.jar:/home/user/.m2/repository/org/eclipse/jetty/jetty-webapp/9.3.24.v20180605/jetty-webapp-9.3.24.v20180605.jar:/home/user/.m2/repository/org/eclipse/jetty/jetty-xml/9.3.24.v20180605/jetty-xml-9.3.24.v20180605.jar:/home/user/.m2/repository/log4j/log4j/1.2.17/log4j-1.2.17.jar:/home/user/.m2/repository/org/slf4j/slf4j-api/1.7.25/slf4j-api-1.7.25.jar:/home/user/.m2/repository/org/slf4j/jul-to-slf4j/1.7.25/jul-to-slf4j-1.7.25.jar:/home/user/.m2/repository/org/eclipse/jetty/jetty-util/9.3.24.v20180605/jetty-util-9.3.24.v20180605.jar:/home/user/.m2/repository/com/fasterxml/jackson/core/jackson-databind/2.9.9/jackson-databind-2.9.9.jar:/home/user/.m2/repository/org/apache/hadoop/hadoop-kms/3.2.0/hadoop-kms-3.2.0-tests.jar:/home/user/.m2/repository/org/apache/hadoop/hadoop-hdds-server-scm/0.5.0-SNAPSHOT/hadoop-hdds-server-scm-0.5.0-SNAPSHOT-tests.jar:/home/user/.m2/repository/org/apache/hadoop/hadoop-hdds-container-service/0.5.0-SNAPSHOT/hadoop-hdds-container-service-0.5.0-SNAPSHOT-tests.jar:/home/user/.m2/repository/org/yaml/snakeyaml/1.16/snakeyaml-1.16.jar:/home/user/.m2/repository/org/apache/hadoop/hadoop-common/3.2.0/hadoop-common-3.2.0-tests.jar:/home/user/.m2/repository/org/apache/hadoop/hadoop-annotations/3.2.0/hadoop-annotations-3.2.0.jar:/usr/lib/jvm/java-1.8-openjdk/jre/../lib/tools.jar:/home/user/.m2/repository/commons-cli/commons-cli/1.2/commons-cli-1.2.jar:/home/user/.m2/repository/org/apache/httpcomponents/httpclient/4.5.2/httpclient-4.5.2.jar:/home/user/.m2/repository/org/apache/httpcomponents/httpcore/4.4.4/httpcore-4.4.4.jar:/home/user/.m2/repository/commons-codec/commons-codec/1.11/commons-codec-1.11.jar:/home/user/.m2/repository/commons-net/commons-net/3.6/commons-net-3.6.jar:/home/user/.m2/repository/commons-collections/commons-collections/3.2.2/commons-collections-3.2.2.jar:/home/user/.m2/repository/org/eclipse/jetty/jetty-servlet/9.3.24.v20180605/jetty-servlet-9.3.24.v20180605.jar:/home/user/.m2/repository/org/eclipse/jetty/jetty-security/9.3.24.v20180605/jetty-security-9.3.24.v20180605.jar:/home/user/.m2/repository/javax/servlet/jsp/jsp-api/2.1/jsp-api-2.1.jar:/home/user/.m2/repository/com/sun/jersey/jersey-servlet/1.19/jersey-servlet-1.19.jar:/home/user/.m2/repository/com/sun/jersey/jersey-json/1.19/jersey-json-1.19.jar:/home/user/.m2/repository/org/codehaus/jettison/jettison/1.1/jettison-1.1.jar:/home/user/.m2/repository/org/codehaus/jackson/jackson-core-asl/1.9.13/jackson-core-asl-1.9.13.jar:/home/user/.m2/repository/org/codehaus/jackson/jackson-mapper-asl/1.9.13/jackson-mapper-asl-1.9.13.jar:/home/user/.m2/repository/org/codehaus/jackson/jackson-jaxrs/1.9.13/jackson-jaxrs-1.9.13.jar:/home/user/.m2/repository/org/codehaus/jackson/jackson-xc/1.9.13/jackson-xc-1.9.13.jar:/home/user/.m2/repository/commons-logging/commons-logging/1.1.3/commons-logging-1.1.3.jar:/home/user/.m2/repository/commons-beanutils/commons-beanutils/1.9.4/commons-beanutils-1.9.4.jar:/home/user/.m2/repository/org/apache/commons/commons-configuration2/2.1.1/commons-configuration2-2.1.1.jar:/home/user/.m2/repository/org/apache/commons/commons-lang3/3.7/commons-lang3-3.7.jar:/home/user/.m2/repository/org/apache/commons/commons-text/1.4/commons-text-1.4.jar:/home/user/.m2/repository/org/apache/avro/avro/1.7.7/avro-1.7.7.jar:/home/user/.m2/repository/com/thoughtworks/paranamer/paranamer/2.3/paranamer-2.3.jar:/home/user/.m2/repository/org/xerial/snappy/snappy-java/1.0.5/snappy-java-1.0.5.jar:/home/user/.m2/repository/com/google/re2j/re2j/1.1/re2j-1.1.jar:/home/user/.m2/repository/com/google/code/gson/gson/2.2.4/gson-2.2.4.jar:/home/user/.m2/repository/com/jcraft/jsch/0.1.54/jsch-0.1.54.jar:/home/user/.m2/repository/org/apache/curator/curator-client/2.12.0/curator-client-2.12.0.jar:/home/user/.m2/repository/org/apache/curator/curator-recipes/2.12.0/curator-recipes-2.12.0.jar:/home/user/.m2/repository/com/google/code/findbugs/jsr305/3.0.0/jsr305-3.0.0.jar:/home/user/.m2/repository/org/apache/htrace/htrace-core4/4.1.0-incubating/htrace-core4-4.1.0-incubating.jar:/home/user/.m2/repository/org/apache/zookeeper/zookeeper/3.4.13/zookeeper-3.4.13.jar:/home/user/.m2/repository/org/apache/yetus/audience-annotations/0.5.0/audience-annotations-0.5.0.jar:/home/user/.m2/repository/org/codehaus/woodstox/stax2-api/3.1.4/stax2-api-3.1.4.jar:/home/user/.m2/repository/com/fasterxml/woodstox/woodstox-core/5.0.3/woodstox-core-5.0.3.jar:/home/user/.m2/repository/dnsjava/dnsjava/2.1.7/dnsjava-2.1.7.jar:/home/user/.m2/repository/org/apache/hadoop/hadoop-hdfs/3.2.0/hadoop-hdfs-3.2.0-tests.jar:/home/user/.m2/repository/org/eclipse/jetty/jetty-util-ajax/9.3.24.v20180605/jetty-util-ajax-9.3.24.v20180605.jar:/home/user/.m2/repository/commons-daemon/commons-daemon/1.0.13/commons-daemon-1.0.13.jar:/home/user/.m2/repository/io/netty/netty/3.10.5.Final/netty-3.10.5.Final.jar:/home/user/.m2/repository/io/netty/netty-all/4.0.52.Final/netty-all-4.0.52.Final.jar:/home/user/.m2/repository/org/fusesource/leveldbjni/leveldbjni-all/1.8/leveldbjni-all-1.8.jar:"/>
    <property name="java.vm.vendor" value="IcedTea"/>
    <property name="sun.arch.data.model" value="64"/>
    <property name="test.build.dir" value="/workdir/hadoop-ozone/integration-test/target/test-dir"/>
    <property name="test.cache.data" value=""/>
    <property name="java.vendor.url" value="https://icedtea.classpath.org"/>
    <property name="user.timezone" value=""/>
    <property name="java.vm.specification.version" value="1.8"/>
    <property name="os.name" value="Linux"/>
    <property name="test.build.data" value="/workdir/hadoop-ozone/integration-test/target/test-dir"/>
    <property name="user.country" value="US"/>
    <property name="sun.java.launcher" value="SUN_STANDARD"/>
    <property name="sun.boot.library.path" value="/usr/lib/jvm/java-1.8-openjdk/jre/lib/amd64"/>
    <property name="sun.java.command" value="/workdir/hadoop-ozone/integration-test/target/surefire/surefirebooter698680450948084780.jar /workdir/hadoop-ozone/integration-test/target/surefire 2019-09-20T20-29-34_816-jvmRun1 surefire5336425059147295066tmp surefire_31800402710088730109tmp"/>
    <property name="test" value="!TestMiniChaosOzoneCluster"/>
    <property name="surefire.test.class.path" value="/workdir/hadoop-ozone/integration-test/target/test-classes:/workdir/hadoop-ozone/integration-test/target/classes:/home/user/.m2/repository/org/apache/hadoop/hadoop-ozone-common/0.5.0-SNAPSHOT/hadoop-ozone-common-0.5.0-SNAPSHOT.jar:/home/user/.m2/repository/org/apache/commons/commons-compress/1.4.1/commons-compress-1.4.1.jar:/home/user/.m2/repository/org/tukaani/xz/1.0/xz-1.0.jar:/home/user/.m2/repository/org/apache/hadoop/hadoop-common/3.2.0/hadoop-common-3.2.0.jar:/home/user/.m2/repository/org/apache/hadoop/hadoop-hdfs/3.2.0/hadoop-hdfs-3.2.0.jar:/home/user/.m2/repository/org/apache/hadoop/hadoop-hdfs-client/3.2.0/hadoop-hdfs-client-3.2.0.jar:/home/user/.m2/repository/com/fasterxml/jackson/core/jackson-annotations/2.9.9/jackson-annotations-2.9.9.jar:/home/user/.m2/repository/org/apache/hadoop/hadoop-hdds-common/0.5.0-SNAPSHOT/hadoop-hdds-common-0.5.0-SNAPSHOT.jar:/home/user/.m2/repository/javax/annotation/javax.annotation-api/1.2/javax.annotation-api-1.2.jar:/home/user/.m2/repository/org/apache/ratis/ratis-server/0.4.0-78e95b9-SNAPSHOT/ratis-server-0.4.0-78e95b9-SNAPSHOT.jar:/home/user/.m2/repository/org/apache/ratis/ratis-thirdparty-misc/0.2.0/ratis-thirdparty-misc-0.2.0.jar:/home/user/.m2/repository/org/apache/ratis/ratis-proto/0.4.0-78e95b9-SNAPSHOT/ratis-proto-0.4.0-78e95b9-SNAPSHOT.jar:/home/user/.m2/repository/org/apache/ratis/ratis-common/0.4.0-78e95b9-SNAPSHOT/ratis-common-0.4.0-78e95b9-SNAPSHOT.jar:/home/user/.m2/repository/org/apache/ratis/ratis-client/0.4.0-78e95b9-SNAPSHOT/ratis-client-0.4.0-78e95b9-SNAPSHOT.jar:/home/user/.m2/repository/org/apache/ratis/ratis-metrics/0.4.0-78e95b9-SNAPSHOT/ratis-metrics-0.4.0-78e95b9-SNAPSHOT.jar:/home/user/.m2/repository/com/github/joshelser/dropwizard-metrics-hadoop-metrics2-reporter/0.1.2/dropwizard-metrics-hadoop-metrics2-reporter-0.1.2.jar:/home/user/.m2/repository/io/dropwizard/metrics/metrics-jvm/3.2.5/metrics-jvm-3.2.5.jar:/home/user/.m2/repository/io/dropwizard/metrics/metrics-ganglia/3.2.5/metrics-ganglia-3.2.5.jar:/home/user/.m2/repository/info/ganglia/gmetric4j/gmetric4j/1.0.7/gmetric4j-1.0.7.jar:/home/user/.m2/repository/org/apache/ratis/ratis-netty/0.4.0-78e95b9-SNAPSHOT/ratis-netty-0.4.0-78e95b9-SNAPSHOT.jar:/home/user/.m2/repository/org/apache/ratis/ratis-grpc/0.4.0-78e95b9-SNAPSHOT/ratis-grpc-0.4.0-78e95b9-SNAPSHOT.jar:/home/user/.m2/repository/org/rocksdb/rocksdbjni/6.0.1/rocksdbjni-6.0.1.jar:/home/user/.m2/repository/org/apache/logging/log4j/log4j-api/2.11.0/log4j-api-2.11.0.jar:/home/user/.m2/repository/org/apache/logging/log4j/log4j-core/2.11.0/log4j-core-2.11.0.jar:/home/user/.m2/repository/com/lmax/disruptor/3.4.2/disruptor-3.4.2.jar:/home/user/.m2/repository/org/apache/commons/commons-pool2/2.6.0/commons-pool2-2.6.0.jar:/home/user/.m2/repository/org/bouncycastle/bcpkix-jdk15on/1.60/bcpkix-jdk15on-1.60.jar:/home/user/.m2/repository/commons-validator/commons-validator/1.6/commons-validator-1.6.jar:/home/user/.m2/repository/commons-digester/commons-digester/1.8.1/commons-digester-1.8.1.jar:/home/user/.m2/repository/io/jaegertracing/jaeger-client/0.33.1/jaeger-client-0.33.1.jar:/home/user/.m2/repository/io/jaegertracing/jaeger-thrift/0.33.1/jaeger-thrift-0.33.1.jar:/home/user/.m2/repository/org/apache/thrift/libthrift/0.11.0/libthrift-0.11.0.jar:/home/user/.m2/repository/com/squareup/okhttp3/okhttp/3.9.0/okhttp-3.9.0.jar:/home/user/.m2/repository/com/squareup/okio/okio/1.13.0/okio-1.13.0.jar:/home/user/.m2/repository/io/jaegertracing/jaeger-core/0.33.1/jaeger-core-0.33.1.jar:/home/user/.m2/repository/io/jaegertracing/jaeger-tracerresolver/0.33.1/jaeger-tracerresolver-0.33.1.jar:/home/user/.m2/repository/io/opentracing/contrib/opentracing-tracerresolver/0.1.5/opentracing-tracerresolver-0.1.5.jar:/home/user/.m2/repository/io/opentracing/opentracing-util/0.31.0/opentracing-util-0.31.0.jar:/home/user/.m2/repository/io/opentracing/opentracing-api/0.31.0/opentracing-api-0.31.0.jar:/home/user/.m2/repository/io/opentracing/opentracing-noop/0.31.0/opentracing-noop-0.31.0.jar:/home/user/.m2/repository/org/apache/hadoop/hadoop-hdds-server-framework/0.5.0-SNAPSHOT/hadoop-hdds-server-framework-0.5.0-SNAPSHOT.jar:/home/user/.m2/repository/org/apache/hadoop/hadoop-hdds-container-service/0.5.0-SNAPSHOT/hadoop-hdds-container-service-0.5.0-SNAPSHOT.jar:/home/user/.m2/repository/org/apache/hadoop/hadoop-hdds-client/0.5.0-SNAPSHOT/hadoop-hdds-client-0.5.0-SNAPSHOT.jar:/home/user/.m2/repository/org/apache/hadoop/hadoop-hdds-tools/0.5.0-SNAPSHOT/hadoop-hdds-tools-0.5.0-SNAPSHOT.jar:/home/user/.m2/repository/org/apache/hadoop/hadoop-hdds-server-scm/0.5.0-SNAPSHOT/hadoop-hdds-server-scm-0.5.0-SNAPSHOT.jar:/home/user/.m2/repository/org/apache/hadoop/hadoop-hdds-docs/0.5.0-SNAPSHOT/hadoop-hdds-docs-0.5.0-SNAPSHOT.jar:/home/user/.m2/repository/io/dropwizard/metrics/metrics-core/3.2.4/metrics-core-3.2.4.jar:/home/user/.m2/repository/org/hamcrest/hamcrest-all/1.3/hamcrest-all-1.3.jar:/home/user/.m2/repository/org/bouncycastle/bcprov-jdk15on/1.60/bcprov-jdk15on-1.60.jar:/home/user/.m2/repository/info/picocli/picocli/3.9.6/picocli-3.9.6.jar:/home/user/.m2/repository/com/google/protobuf/protobuf-java/2.5.0/protobuf-java-2.5.0.jar:/home/user/.m2/repository/com/google/guava/guava/11.0.2/guava-11.0.2.jar:/home/user/.m2/repository/org/apache/hadoop/hadoop-ozone-ozone-manager/0.5.0-SNAPSHOT/hadoop-ozone-ozone-manager-0.5.0-SNAPSHOT.jar:/home/user/.m2/repository/org/apache/hadoop/hadoop-minikdc/3.2.0/hadoop-minikdc-3.2.0.jar:/home/user/.m2/repository/commons-io/commons-io/2.5/commons-io-2.5.jar:/home/user/.m2/repository/org/apache/kerby/kerb-simplekdc/1.0.1/kerb-simplekdc-1.0.1.jar:/home/user/.m2/repository/org/apache/kerby/kerb-client/1.0.1/kerb-client-1.0.1.jar:/home/user/.m2/repository/org/apache/kerby/kerby-config/1.0.1/kerby-config-1.0.1.jar:/home/user/.m2/repository/org/apache/kerby/kerb-core/1.0.1/kerb-core-1.0.1.jar:/home/user/.m2/repository/org/apache/kerby/kerby-pkix/1.0.1/kerby-pkix-1.0.1.jar:/home/user/.m2/repository/org/apache/kerby/kerby-asn1/1.0.1/kerby-asn1-1.0.1.jar:/home/user/.m2/repository/org/apache/kerby/kerby-util/1.0.1/kerby-util-1.0.1.jar:/home/user/.m2/repository/org/apache/kerby/kerb-common/1.0.1/kerb-common-1.0.1.jar:/home/user/.m2/repository/org/apache/kerby/kerb-crypto/1.0.1/kerb-crypto-1.0.1.jar:/home/user/.m2/repository/org/apache/kerby/kerb-util/1.0.1/kerb-util-1.0.1.jar:/home/user/.m2/repository/org/apache/kerby/token-provider/1.0.1/token-provider-1.0.1.jar:/home/user/.m2/repository/org/apache/kerby/kerb-admin/1.0.1/kerb-admin-1.0.1.jar:/home/user/.m2/repository/org/apache/kerby/kerb-server/1.0.1/kerb-server-1.0.1.jar:/home/user/.m2/repository/org/apache/kerby/kerb-identity/1.0.1/kerb-identity-1.0.1.jar:/home/user/.m2/repository/org/apache/kerby/kerby-xdr/1.0.1/kerby-xdr-1.0.1.jar:/home/user/.m2/repository/org/slf4j/slf4j-log4j12/1.7.25/slf4j-log4j12-1.7.25.jar:/home/user/.m2/repository/org/apache/hadoop/hadoop-ozone-s3gateway/0.5.0-SNAPSHOT/hadoop-ozone-s3gateway-0.5.0-SNAPSHOT.jar:/home/user/.m2/repository/org/jboss/weld/servlet/weld-servlet/2.4.7.Final/weld-servlet-2.4.7.Final.jar:/home/user/.m2/repository/org/glassfish/jersey/containers/jersey-container-servlet-core/2.27/jersey-container-servlet-core-2.27.jar:/home/user/.m2/repository/org/glassfish/hk2/external/javax.inject/2.5.0-b42/javax.inject-2.5.0-b42.jar:/home/user/.m2/repository/org/glassfish/jersey/core/jersey-common/2.27/jersey-common-2.27.jar:/home/user/.m2/repository/org/glassfish/hk2/osgi-resource-locator/1.0.1/osgi-resource-locator-1.0.1.jar:/home/user/.m2/repository/javax/ws/rs/javax.ws.rs-api/2.1/javax.ws.rs-api-2.1.jar:/home/user/.m2/repository/org/glassfish/jersey/ext/cdi/jersey-cdi1x/2.27/jersey-cdi1x-2.27.jar:/home/user/.m2/repository/org/glassfish/jersey/inject/jersey-hk2/2.27/jersey-hk2-2.27.jar:/home/user/.m2/repository/org/glassfish/hk2/hk2-locator/2.5.0-b42/hk2-locator-2.5.0-b42.jar:/home/user/.m2/repository/org/javassist/javassist/3.22.0-CR2/javassist-3.22.0-CR2.jar:/home/user/.m2/repository/org/glassfish/hk2/hk2-api/2.5.0/hk2-api-2.5.0.jar:/home/user/.m2/repository/org/glassfish/hk2/external/jakarta.inject/2.5.0/jakarta.inject-2.5.0.jar:/home/user/.m2/repository/org/glassfish/hk2/hk2-utils/2.5.0/hk2-utils-2.5.0.jar:/home/user/.m2/repository/jakarta/annotation/jakarta.annotation-api/1.3.4/jakarta.annotation-api-1.3.4.jar:/home/user/.m2/repository/org/glassfish/hk2/external/aopalliance-repackaged/2.5.0/aopalliance-repackaged-2.5.0.jar:/home/user/.m2/repository/com/fasterxml/jackson/dataformat/jackson-dataformat-xml/2.9.0/jackson-dataformat-xml-2.9.0.jar:/home/user/.m2/repository/com/fasterxml/jackson/core/jackson-core/2.9.9/jackson-core-2.9.9.jar:/home/user/.m2/repository/com/fasterxml/jackson/module/jackson-module-jaxb-annotations/2.9.9/jackson-module-jaxb-annotations-2.9.9.jar:/home/user/.m2/repository/javax/enterprise/cdi-api/1.2/cdi-api-1.2.jar:/home/user/.m2/repository/javax/el/javax.el-api/3.0.0/javax.el-api-3.0.0.jar:/home/user/.m2/repository/javax/interceptor/javax.interceptor-api/1.2/javax.interceptor-api-1.2.jar:/home/user/.m2/repository/javax/inject/javax.inject/1/javax.inject-1.jar:/home/user/.m2/repository/com/sun/xml/bind/jaxb-impl/2.3.0.1/jaxb-impl-2.3.0.1.jar:/home/user/.m2/repository/com/sun/xml/bind/jaxb-core/2.3.0.1/jaxb-core-2.3.0.1.jar:/home/user/.m2/repository/javax/xml/bind/jaxb-api/2.3.0/jaxb-api-2.3.0.jar:/home/user/.m2/repository/javax/activation/activation/1.1.1/activation-1.1.1.jar:/home/user/.m2/repository/org/apache/hadoop/hadoop-ozone-csi/0.5.0-SNAPSHOT/hadoop-ozone-csi-0.5.0-SNAPSHOT.jar:/home/user/.m2/repository/com/google/protobuf/protobuf-java-util/3.5.1/protobuf-java-util-3.5.1.jar:/home/user/.m2/repository/org/apache/hadoop/hadoop-hdds-config/0.5.0-SNAPSHOT/hadoop-hdds-config-0.5.0-SNAPSHOT.jar:/home/user/.m2/repository/io/grpc/grpc-netty/1.17.1/grpc-netty-1.17.1.jar:/home/user/.m2/repository/io/grpc/grpc-core/1.17.1/grpc-core-1.17.1.jar:/home/user/.m2/repository/io/grpc/grpc-context/1.17.1/grpc-context-1.17.1.jar:/home/user/.m2/repository/com/google/errorprone/error_prone_annotations/2.2.0/error_prone_annotations-2.2.0.jar:/home/user/.m2/repository/org/codehaus/mojo/animal-sniffer-annotations/1.17/animal-sniffer-annotations-1.17.jar:/home/user/.m2/repository/io/opencensus/opencensus-api/0.17.0/opencensus-api-0.17.0.jar:/home/user/.m2/repository/io/opencensus/opencensus-contrib-grpc-metrics/0.17.0/opencensus-contrib-grpc-metrics-0.17.0.jar:/home/user/.m2/repository/io/netty/netty-codec-http2/4.1.30.Final/netty-codec-http2-4.1.30.Final.jar:/home/user/.m2/repository/io/netty/netty-codec-http/4.1.30.Final/netty-codec-http-4.1.30.Final.jar:/home/user/.m2/repository/io/netty/netty-codec/4.1.30.Final/netty-codec-4.1.30.Final.jar:/home/user/.m2/repository/io/netty/netty-handler/4.1.30.Final/netty-handler-4.1.30.Final.jar:/home/user/.m2/repository/io/netty/netty-handler-proxy/4.1.30.Final/netty-handler-proxy-4.1.30.Final.jar:/home/user/.m2/repository/io/netty/netty-codec-socks/4.1.30.Final/netty-codec-socks-4.1.30.Final.jar:/home/user/.m2/repository/io/netty/netty-transport-native-epoll/4.1.30.Final/netty-transport-native-epoll-4.1.30.Final.jar:/home/user/.m2/repository/io/netty/netty-common/4.1.30.Final/netty-common-4.1.30.Final.jar:/home/user/.m2/repository/io/netty/netty-buffer/4.1.30.Final/netty-buffer-4.1.30.Final.jar:/home/user/.m2/repository/io/netty/netty-transport/4.1.30.Final/netty-transport-4.1.30.Final.jar:/home/user/.m2/repository/io/netty/netty-resolver/4.1.30.Final/netty-resolver-4.1.30.Final.jar:/home/user/.m2/repository/io/netty/netty-transport-native-unix-common/4.1.30.Final/netty-transport-native-unix-common-4.1.30.Final.jar:/home/user/.m2/repository/io/grpc/grpc-protobuf/1.17.1/grpc-protobuf-1.17.1.jar:/home/user/.m2/repository/com/google/api/grpc/proto-google-common-protos/1.0.0/proto-google-common-protos-1.0.0.jar:/home/user/.m2/repository/io/grpc/grpc-protobuf-lite/1.17.1/grpc-protobuf-lite-1.17.1.jar:/home/user/.m2/repository/io/grpc/grpc-stub/1.17.1/grpc-stub-1.17.1.jar:/home/user/.m2/repository/org/apache/hadoop/hadoop-ozone-recon/0.5.0-SNAPSHOT/hadoop-ozone-recon-0.5.0-SNAPSHOT.jar:/home/user/.m2/repository/org/apache/hadoop/hadoop-ozone-reconcodegen/0.5.0-SNAPSHOT/hadoop-ozone-reconcodegen-0.5.0-SNAPSHOT.jar:/home/user/.m2/repository/com/google/inject/extensions/guice-multibindings/4.0/guice-multibindings-4.0.jar:/home/user/.m2/repository/com/google/inject/guice/4.0/guice-4.0.jar:/home/user/.m2/repository/aopalliance/aopalliance/1.0/aopalliance-1.0.jar:/home/user/.m2/repository/com/google/inject/extensions/guice-servlet/4.0/guice-servlet-4.0.jar:/home/user/.m2/repository/org/glassfish/jersey/containers/jersey-container-servlet/2.27/jersey-container-servlet-2.27.jar:/home/user/.m2/repository/org/glassfish/hk2/guice-bridge/2.5.0/guice-bridge-2.5.0.jar:/home/user/.m2/repository/org/glassfish/jersey/core/jersey-server/2.27/jersey-server-2.27.jar:/home/user/.m2/repository/org/glassfish/jersey/core/jersey-client/2.27/jersey-client-2.27.jar:/home/user/.m2/repository/org/glassfish/jersey/media/jersey-media-jaxb/2.27/jersey-media-jaxb-2.27.jar:/home/user/.m2/repository/javax/validation/validation-api/1.1.0.Final/validation-api-1.1.0.Final.jar:/home/user/.m2/repository/org/glassfish/jersey/media/jersey-media-json-jackson/2.27/jersey-media-json-jackson-2.27.jar:/home/user/.m2/repository/org/glassfish/jersey/ext/jersey-entity-filtering/2.27/jersey-entity-filtering-2.27.jar:/home/user/.m2/repository/com/google/inject/extensions/guice-assistedinject/4.0/guice-assistedinject-4.0.jar:/home/user/.m2/repository/org/jooq/jooq/3.11.10/jooq-3.11.10.jar:/home/user/.m2/repository/org/jooq/jooq-meta/3.11.10/jooq-meta-3.11.10.jar:/home/user/.m2/repository/org/jooq/jooq-codegen/3.11.10/jooq-codegen-3.11.10.jar:/home/user/.m2/repository/com/jolbox/bonecp/0.8.0.RELEASE/bonecp-0.8.0.RELEASE.jar:/home/user/.m2/repository/org/xerial/sqlite-jdbc/3.25.2/sqlite-jdbc-3.25.2.jar:/home/user/.m2/repository/org/springframework/spring-jdbc/5.1.3.RELEASE/spring-jdbc-5.1.3.RELEASE.jar:/home/user/.m2/repository/org/springframework/spring-beans/5.1.3.RELEASE/spring-beans-5.1.3.RELEASE.jar:/home/user/.m2/repository/org/springframework/spring-core/5.1.3.RELEASE/spring-core-5.1.3.RELEASE.jar:/home/user/.m2/repository/org/springframework/spring-jcl/5.1.3.RELEASE/spring-jcl-5.1.3.RELEASE.jar:/home/user/.m2/repository/org/springframework/spring-tx/5.1.3.RELEASE/spring-tx-5.1.3.RELEASE.jar:/home/user/.m2/repository/org/apache/hadoop/hadoop-ozone-client/0.5.0-SNAPSHOT/hadoop-ozone-client-0.5.0-SNAPSHOT.jar:/home/user/.m2/repository/commons-lang/commons-lang/2.6/commons-lang-2.6.jar:/home/user/.m2/repository/org/apache/hadoop/hadoop-ozone-ozone-manager/0.5.0-SNAPSHOT/hadoop-ozone-ozone-manager-0.5.0-SNAPSHOT-tests.jar:/home/user/.m2/repository/junit/junit/4.11/junit-4.11.jar:/home/user/.m2/repository/org/hamcrest/hamcrest-core/1.3/hamcrest-core-1.3.jar:/home/user/.m2/repository/org/openjdk/jmh/jmh-core/1.19/jmh-core-1.19.jar:/home/user/.m2/repository/net/sf/jopt-simple/jopt-simple/4.6/jopt-simple-4.6.jar:/home/user/.m2/repository/org/apache/commons/commons-math3/3.1.1/commons-math3-3.1.1.jar:/home/user/.m2/repository/org/openjdk/jmh/jmh-generator-annprocess/1.19/jmh-generator-annprocess-1.19.jar:/home/user/.m2/repository/org/mockito/mockito-all/1.8.5/mockito-all-1.8.5.jar:/home/user/.m2/repository/org/apache/hadoop/hadoop-kms/3.2.0/hadoop-kms-3.2.0.jar:/home/user/.m2/repository/org/apache/hadoop/hadoop-auth/3.2.0/hadoop-auth-3.2.0.jar:/home/user/.m2/repository/com/nimbusds/nimbus-jose-jwt/4.41.1/nimbus-jose-jwt-4.41.1.jar:/home/user/.m2/repository/com/github/stephenc/jcip/jcip-annotations/1.0-1/jcip-annotations-1.0-1.jar:/home/user/.m2/repository/net/minidev/json-smart/2.3/json-smart-2.3.jar:/home/user/.m2/repository/net/minidev/accessors-smart/1.2/accessors-smart-1.2.jar:/home/user/.m2/repository/org/ow2/asm/asm/5.0.4/asm-5.0.4.jar:/home/user/.m2/repository/org/apache/curator/curator-framework/2.12.0/curator-framework-2.12.0.jar:/home/user/.m2/repository/com/sun/jersey/jersey-core/1.19/jersey-core-1.19.jar:/home/user/.m2/repository/javax/ws/rs/jsr311-api/1.1.1/jsr311-api-1.1.1.jar:/home/user/.m2/repository/com/sun/jersey/jersey-server/1.19/jersey-server-1.19.jar:/home/user/.m2/repository/javax/servlet/javax.servlet-api/3.1.0/javax.servlet-api-3.1.0.jar:/home/user/.m2/repository/org/eclipse/jetty/jetty-server/9.3.24.v20180605/jetty-server-9.3.24.v20180605.jar:/home/user/.m2/repository/org/eclipse/jetty/jetty-http/9.3.24.v20180605/jetty-http-9.3.24.v20180605.jar:/home/user/.m2/repository/org/eclipse/jetty/jetty-io/9.3.24.v20180605/jetty-io-9.3.24.v20180605.jar:/home/user/.m2/repository/org/eclipse/jetty/jetty-webapp/9.3.24.v20180605/jetty-webapp-9.3.24.v20180605.jar:/home/user/.m2/repository/org/eclipse/jetty/jetty-xml/9.3.24.v20180605/jetty-xml-9.3.24.v20180605.jar:/home/user/.m2/repository/log4j/log4j/1.2.17/log4j-1.2.17.jar:/home/user/.m2/repository/org/slf4j/slf4j-api/1.7.25/slf4j-api-1.7.25.jar:/home/user/.m2/repository/org/slf4j/jul-to-slf4j/1.7.25/jul-to-slf4j-1.7.25.jar:/home/user/.m2/repository/org/eclipse/jetty/jetty-util/9.3.24.v20180605/jetty-util-9.3.24.v20180605.jar:/home/user/.m2/repository/com/fasterxml/jackson/core/jackson-databind/2.9.9/jackson-databind-2.9.9.jar:/home/user/.m2/repository/org/apache/hadoop/hadoop-kms/3.2.0/hadoop-kms-3.2.0-tests.jar:/home/user/.m2/repository/org/apache/hadoop/hadoop-hdds-server-scm/0.5.0-SNAPSHOT/hadoop-hdds-server-scm-0.5.0-SNAPSHOT-tests.jar:/home/user/.m2/repository/org/apache/hadoop/hadoop-hdds-container-service/0.5.0-SNAPSHOT/hadoop-hdds-container-service-0.5.0-SNAPSHOT-tests.jar:/home/user/.m2/repository/org/yaml/snakeyaml/1.16/snakeyaml-1.16.jar:/home/user/.m2/repository/org/apache/hadoop/hadoop-common/3.2.0/hadoop-common-3.2.0-tests.jar:/home/user/.m2/repository/org/apache/hadoop/hadoop-annotations/3.2.0/hadoop-annotations-3.2.0.jar:/usr/lib/jvm/java-1.8-openjdk/jre/../lib/tools.jar:/home/user/.m2/repository/commons-cli/commons-cli/1.2/commons-cli-1.2.jar:/home/user/.m2/repository/org/apache/httpcomponents/httpclient/4.5.2/httpclient-4.5.2.jar:/home/user/.m2/repository/org/apache/httpcomponents/httpcore/4.4.4/httpcore-4.4.4.jar:/home/user/.m2/repository/commons-codec/commons-codec/1.11/commons-codec-1.11.jar:/home/user/.m2/repository/commons-net/commons-net/3.6/commons-net-3.6.jar:/home/user/.m2/repository/commons-collections/commons-collections/3.2.2/commons-collections-3.2.2.jar:/home/user/.m2/repository/org/eclipse/jetty/jetty-servlet/9.3.24.v20180605/jetty-servlet-9.3.24.v20180605.jar:/home/user/.m2/repository/org/eclipse/jetty/jetty-security/9.3.24.v20180605/jetty-security-9.3.24.v20180605.jar:/home/user/.m2/repository/javax/servlet/jsp/jsp-api/2.1/jsp-api-2.1.jar:/home/user/.m2/repository/com/sun/jersey/jersey-servlet/1.19/jersey-servlet-1.19.jar:/home/user/.m2/repository/com/sun/jersey/jersey-json/1.19/jersey-json-1.19.jar:/home/user/.m2/repository/org/codehaus/jettison/jettison/1.1/jettison-1.1.jar:/home/user/.m2/repository/org/codehaus/jackson/jackson-core-asl/1.9.13/jackson-core-asl-1.9.13.jar:/home/user/.m2/repository/org/codehaus/jackson/jackson-mapper-asl/1.9.13/jackson-mapper-asl-1.9.13.jar:/home/user/.m2/repository/org/codehaus/jackson/jackson-jaxrs/1.9.13/jackson-jaxrs-1.9.13.jar:/home/user/.m2/repository/org/codehaus/jackson/jackson-xc/1.9.13/jackson-xc-1.9.13.jar:/home/user/.m2/repository/commons-logging/commons-logging/1.1.3/commons-logging-1.1.3.jar:/home/user/.m2/repository/commons-beanutils/commons-beanutils/1.9.4/commons-beanutils-1.9.4.jar:/home/user/.m2/repository/org/apache/commons/commons-configuration2/2.1.1/commons-configuration2-2.1.1.jar:/home/user/.m2/repository/org/apache/commons/commons-lang3/3.7/commons-lang3-3.7.jar:/home/user/.m2/repository/org/apache/commons/commons-text/1.4/commons-text-1.4.jar:/home/user/.m2/repository/org/apache/avro/avro/1.7.7/avro-1.7.7.jar:/home/user/.m2/repository/com/thoughtworks/paranamer/paranamer/2.3/paranamer-2.3.jar:/home/user/.m2/repository/org/xerial/snappy/snappy-java/1.0.5/snappy-java-1.0.5.jar:/home/user/.m2/repository/com/google/re2j/re2j/1.1/re2j-1.1.jar:/home/user/.m2/repository/com/google/code/gson/gson/2.2.4/gson-2.2.4.jar:/home/user/.m2/repository/com/jcraft/jsch/0.1.54/jsch-0.1.54.jar:/home/user/.m2/repository/org/apache/curator/curator-client/2.12.0/curator-client-2.12.0.jar:/home/user/.m2/repository/org/apache/curator/curator-recipes/2.12.0/curator-recipes-2.12.0.jar:/home/user/.m2/repository/com/google/code/findbugs/jsr305/3.0.0/jsr305-3.0.0.jar:/home/user/.m2/repository/org/apache/htrace/htrace-core4/4.1.0-incubating/htrace-core4-4.1.0-incubating.jar:/home/user/.m2/repository/org/apache/zookeeper/zookeeper/3.4.13/zookeeper-3.4.13.jar:/home/user/.m2/repository/org/apache/yetus/audience-annotations/0.5.0/audience-annotations-0.5.0.jar:/home/user/.m2/repository/org/codehaus/woodstox/stax2-api/3.1.4/stax2-api-3.1.4.jar:/home/user/.m2/repository/com/fasterxml/woodstox/woodstox-core/5.0.3/woodstox-core-5.0.3.jar:/home/user/.m2/repository/dnsjava/dnsjava/2.1.7/dnsjava-2.1.7.jar:/home/user/.m2/repository/org/apache/hadoop/hadoop-hdfs/3.2.0/hadoop-hdfs-3.2.0-tests.jar:/home/user/.m2/repository/org/eclipse/jetty/jetty-util-ajax/9.3.24.v20180605/jetty-util-ajax-9.3.24.v20180605.jar:/home/user/.m2/repository/commons-daemon/commons-daemon/1.0.13/commons-daemon-1.0.13.jar:/home/user/.m2/repository/io/netty/netty/3.10.5.Final/netty-3.10.5.Final.jar:/home/user/.m2/repository/io/netty/netty-all/4.0.52.Final/netty-all-4.0.52.Final.jar:/home/user/.m2/repository/org/fusesource/leveldbjni/leveldbjni-all/1.8/leveldbjni-all-1.8.jar:"/>
    <property name="sun.cpu.endian" value="little"/>
    <property name="user.home" value="/home/user"/>
    <property name="user.language" value="en"/>
    <property name="java.specification.vendor" value="Oracle Corporation"/>
    <property name="java.home" value="/usr/lib/jvm/java-1.8-openjdk/jre"/>
    <property name="java.security.krb5.conf" value="/workdir/hadoop-ozone/integration-test/target/test-classes/krb5.conf"/>
    <property name="basedir" value="/workdir/hadoop-ozone/integration-test"/>
    <property name="file.separator" value="/"/>
    <property name="line.separator" value="&#10;"/>
    <property name="java.vm.specification.vendor" value="Oracle Corporation"/>
    <property name="java.specification.name" value="Java Platform API Specification"/>
    <property name="java.awt.graphicsenv" value="sun.awt.X11GraphicsEnvironment"/>
    <property name="surefire.real.class.path" value="/workdir/hadoop-ozone/integration-test/target/surefire/surefirebooter698680450948084780.jar"/>
    <property name="hadoop.log.dir" value="/workdir/hadoop-ozone/integration-test/target/log"/>
    <property name="sun.boot.class.path" value="/usr/lib/jvm/java-1.8-openjdk/jre/lib/resources.jar:/usr/lib/jvm/java-1.8-openjdk/jre/lib/rt.jar:/usr/lib/jvm/java-1.8-openjdk/jre/lib/sunrsasign.jar:/usr/lib/jvm/java-1.8-openjdk/jre/lib/jsse.jar:/usr/lib/jvm/java-1.8-openjdk/jre/lib/jce.jar:/usr/lib/jvm/java-1.8-openjdk/jre/lib/charsets.jar:/usr/lib/jvm/java-1.8-openjdk/jre/lib/jfr.jar:/usr/lib/jvm/java-1.8-openjdk/jre/classes"/>
    <property name="sun.management.compiler" value="HotSpot 64-Bit Tiered Compilers"/>
    <property name="java.runtime.version" value="1.8.0_212-b04"/>
    <property name="java.net.preferIPv4Stack" value="true"/>
    <property name="user.name" value="jenkins1000"/>
    <property name="path.separator" value=":"/>
    <property name="java.security.egd" value="file:///dev/urandom"/>
    <property name="os.version" value="3.10.0-957.12.2.el7.x86_64"/>
    <property name="java.endorsed.dirs" value="/usr/lib/jvm/java-1.8-openjdk/jre/lib/endorsed"/>
    <property name="java.runtime.name" value="OpenJDK Runtime Environment"/>
    <property name="file.encoding" value="UTF-8"/>
    <property name="java.vm.name" value="OpenJDK 64-Bit Server VM"/>
    <property name="test.build.webapps" value=""/>
    <property name="localRepository" value="/home/user/.m2/repository"/>
    <property name="java.vendor.url.bug" value="https://icedtea.classpath.org/bugzilla"/>
    <property name="java.io.tmpdir" value="/tmp"/>
    <property name="require.test.libhadoop" value=""/>
    <property name="java.version" value="1.8.0_212"/>
    <property name="user.dir" value="/workdir/hadoop-ozone/integration-test"/>
    <property name="os.arch" value="amd64"/>
    <property name="java.vm.specification.name" value="Java Virtual Machine Specification"/>
    <property name="test.build.classes" value="/workdir/hadoop-ozone/integration-test/target/test-classes"/>
    <property name="java.awt.printerjob" value="sun.print.PSPrinterJob"/>
    <property name="sun.os.patch.level" value="unknown"/>
    <property name="hadoop.tmp.dir" value="/workdir/hadoop-ozone/integration-test/target/tmp"/>
    <property name="java.library.path" value="/usr/lib/jvm/java-1.8-openjdk/jre/lib/amd64/server:/usr/lib/jvm/java-1.8-openjdk/jre/lib/amd64:/usr/lib/jvm/java-1.8-openjdk/jre/../lib/amd64:/workdir/hadoop-ozone/integration-test/target/native/target/usr/local/lib:/workdir/hadoop-ozone/integration-test/../../hadoop-common-project/hadoop-common/target/native/target/usr/local/lib:/usr/java/packages/lib/amd64:/usr/lib64:/lib64:/lib:/usr/lib"/>
    <property name="java.vm.info" value="mixed mode"/>
    <property name="java.vendor" value="IcedTea"/>
    <property name="java.vm.version" value="25.212-b04"/>
    <property name="java.ext.dirs" value="/usr/lib/jvm/java-1.8-openjdk/jre/lib/ext:/usr/java/packages/lib/ext"/>
    <property name="sun.io.unicode.encoding" value="UnicodeLittle"/>
    <property name="java.class.version" value="52.0"/>
  </properties>
  <testcase name="test2DatanodesFailure" classname="org.apache.hadoop.ozone.client.rpc.TestBlockOutputStreamWithFailures" time="43.493"/>
  <testcase name="testDatanodeFailureWithPreAllocation" classname="org.apache.hadoop.ozone.client.rpc.TestBlockOutputStreamWithFailures" time="221.735"/>
  <testcase name="testDatanodeFailureWithSingleNodeRatis" classname="org.apache.hadoop.ozone.client.rpc.TestBlockOutputStreamWithFailures" time="222.407"/>
  <testcase name="testWatchForCommitWithSingleNodeRatis" classname="org.apache.hadoop.ozone.client.rpc.TestBlockOutputStreamWithFailures" time="35.392"/>
  <testcase name="testWatchForCommitDatanodeFailure" classname="org.apache.hadoop.ozone.client.rpc.TestBlockOutputStreamWithFailures" time="47.366">
    <failure message="expected:&lt;2&gt; but was:&lt;3&gt;" type="java.lang.AssertionError"><![CDATA[java.lang.AssertionError: expected:<2> but was:<3>
	at org.junit.Assert.fail(Assert.java:88)
	at org.junit.Assert.failNotEquals(Assert.java:743)
	at org.junit.Assert.assertEquals(Assert.java:118)
	at org.junit.Assert.assertEquals(Assert.java:555)
	at org.junit.Assert.assertEquals(Assert.java:542)
	at org.apache.hadoop.ozone.client.rpc.TestBlockOutputStreamWithFailures.testWatchForCommitDatanodeFailure(TestBlockOutputStreamWithFailures.java:366)
	at sun.reflect.NativeMethodAccessorImpl.invoke0(Native Method)
	at sun.reflect.NativeMethodAccessorImpl.invoke(NativeMethodAccessorImpl.java:62)
	at sun.reflect.DelegatingMethodAccessorImpl.invoke(DelegatingMethodAccessorImpl.java:43)
	at java.lang.reflect.Method.invoke(Method.java:498)
	at org.junit.runners.model.FrameworkMethod$1.runReflectiveCall(FrameworkMethod.java:47)
	at org.junit.internal.runners.model.ReflectiveCallable.run(ReflectiveCallable.java:12)
	at org.junit.runners.model.FrameworkMethod.invokeExplosively(FrameworkMethod.java:44)
	at org.junit.internal.runners.statements.InvokeMethod.evaluate(InvokeMethod.java:17)
	at org.junit.internal.runners.statements.RunBefores.evaluate(RunBefores.java:26)
	at org.junit.internal.runners.statements.RunAfters.evaluate(RunAfters.java:27)
	at org.junit.runners.ParentRunner.runLeaf(ParentRunner.java:271)
	at org.junit.runners.BlockJUnit4ClassRunner.runChild(BlockJUnit4ClassRunner.java:70)
	at org.junit.runners.BlockJUnit4ClassRunner.runChild(BlockJUnit4ClassRunner.java:50)
	at org.junit.runners.ParentRunner$3.run(ParentRunner.java:238)
	at org.junit.runners.ParentRunner$1.schedule(ParentRunner.java:63)
	at org.junit.runners.ParentRunner.runChildren(ParentRunner.java:236)
	at org.junit.runners.ParentRunner.access$000(ParentRunner.java:53)
	at org.junit.runners.ParentRunner$2.evaluate(ParentRunner.java:229)
	at org.junit.runners.ParentRunner.run(ParentRunner.java:309)
	at org.apache.maven.surefire.junit4.JUnit4Provider.execute(JUnit4Provider.java:365)
	at org.apache.maven.surefire.junit4.JUnit4Provider.executeWithRerun(JUnit4Provider.java:273)
	at org.apache.maven.surefire.junit4.JUnit4Provider.executeTestSet(JUnit4Provider.java:238)
	at org.apache.maven.surefire.junit4.JUnit4Provider.invoke(JUnit4Provider.java:159)
	at org.apache.maven.surefire.booter.ForkedBooter.invokeProviderInSameClassLoader(ForkedBooter.java:384)
	at org.apache.maven.surefire.booter.ForkedBooter.runSuitesInProcess(ForkedBooter.java:345)
	at org.apache.maven.surefire.booter.ForkedBooter.execute(ForkedBooter.java:126)
	at org.apache.maven.surefire.booter.ForkedBooter.main(ForkedBooter.java:418)
]]></failure>
    <system-out><![CDATA[2019-09-20 20:58:37,252 [main] WARN  server.ServerUtils (ServerUtils.java:getScmDbDir(145)) - ozone.scm.db.dirs is not configured. We recommend adding this setting. Falling back to ozone.metadata.dirs instead.
2019-09-20 20:58:37,267 [main] WARN  server.ServerUtils (ServerUtils.java:getScmDbDir(145)) - ozone.scm.db.dirs is not configured. We recommend adding this setting. Falling back to ozone.metadata.dirs instead.
2019-09-20 20:58:37,267 [main] WARN  server.ServerUtils (ServerUtils.java:getScmDbDir(145)) - ozone.scm.db.dirs is not configured. We recommend adding this setting. Falling back to ozone.metadata.dirs instead.
2019-09-20 20:58:37,268 [main] INFO  db.DBStoreBuilder (DBStoreBuilder.java:addTable(110)) - using custom profile for table: deletedBlocks
2019-09-20 20:58:37,268 [main] INFO  db.DBStoreBuilder (DBStoreBuilder.java:processTables(161)) - Using default column profile:DBProfile.DISK for Table:deletedBlocks
2019-09-20 20:58:37,268 [main] INFO  db.DBStoreBuilder (DBStoreBuilder.java:addTable(110)) - using custom profile for table: validCerts
2019-09-20 20:58:37,268 [main] INFO  db.DBStoreBuilder (DBStoreBuilder.java:processTables(161)) - Using default column profile:DBProfile.DISK for Table:validCerts
2019-09-20 20:58:37,268 [main] INFO  db.DBStoreBuilder (DBStoreBuilder.java:addTable(110)) - using custom profile for table: revokedCerts
2019-09-20 20:58:37,269 [main] INFO  db.DBStoreBuilder (DBStoreBuilder.java:processTables(161)) - Using default column profile:DBProfile.DISK for Table:revokedCerts
2019-09-20 20:58:37,269 [main] INFO  db.DBStoreBuilder (DBStoreBuilder.java:addTable(110)) - using custom profile for table: default
2019-09-20 20:58:37,269 [main] INFO  db.DBStoreBuilder (DBStoreBuilder.java:processTables(167)) - Using default column profile:DBProfile.DISK for Table:default
2019-09-20 20:58:37,269 [main] INFO  db.DBStoreBuilder (DBStoreBuilder.java:getDbProfile(198)) - Using default options. DBProfile.DISK
2019-09-20 20:58:37,423 [main] INFO  net.NodeSchemaLoader (NodeSchemaLoader.java:loadSchemaFromFile(125)) - Loading file from sun.misc.CompoundEnumeration@74f280bd
2019-09-20 20:58:37,424 [main] INFO  net.NodeSchemaLoader (NodeSchemaLoader.java:loadSchema(171)) - Loading network topology layer schema file
2019-09-20 20:58:37,427 [main] INFO  node.SCMNodeManager (SCMNodeManager.java:<init>(114)) - Entering startup safe mode.
2019-09-20 20:58:37,428 [main] INFO  algorithms.ContainerPlacementPolicyFactory (ContainerPlacementPolicyFactory.java:getPolicy(57)) - Create container placement policy of type org.apache.hadoop.hdds.scm.container.placement.algorithms.SCMContainerPlacementRandom
2019-09-20 20:58:37,428 [main] WARN  server.ServerUtils (ServerUtils.java:getScmDbDir(145)) - ozone.scm.db.dirs is not configured. We recommend adding this setting. Falling back to ozone.metadata.dirs instead.
2019-09-20 20:58:37,448 [main] INFO  pipeline.SCMPipelineManager (SCMPipelineManager.java:initializePipelineState(128)) - No pipeline exists in current db
2019-09-20 20:58:37,448 [main] WARN  server.ServerUtils (ServerUtils.java:getScmDbDir(145)) - ozone.scm.db.dirs is not configured. We recommend adding this setting. Falling back to ozone.metadata.dirs instead.
2019-09-20 20:58:37,475 [main] WARN  events.EventQueue (EventQueue.java:fireEvent(183)) - No event handler registered for event TypedEvent{payloadType=SafeModeStatus, name='SafeModeStatus'}
2019-09-20 20:58:37,475 [main] INFO  ipc.CallQueueManager (CallQueueManager.java:<init>(84)) - Using callQueue: class java.util.concurrent.LinkedBlockingQueue, queueCapacity: 2000, scheduler: class org.apache.hadoop.ipc.DefaultRpcScheduler, ipcBackoff: false.
2019-09-20 20:58:37,476 [Socket Reader #1 for port 38046] INFO  ipc.Server (Server.java:run(1074)) - Starting Socket Reader #1 for port 38046
2019-09-20 20:58:37,478 [main] INFO  ipc.CallQueueManager (CallQueueManager.java:<init>(84)) - Using callQueue: class java.util.concurrent.LinkedBlockingQueue, queueCapacity: 2000, scheduler: class org.apache.hadoop.ipc.DefaultRpcScheduler, ipcBackoff: false.
2019-09-20 20:58:37,479 [Socket Reader #1 for port 40981] INFO  ipc.Server (Server.java:run(1074)) - Starting Socket Reader #1 for port 40981
2019-09-20 20:58:37,480 [main] INFO  ipc.CallQueueManager (CallQueueManager.java:<init>(84)) - Using callQueue: class java.util.concurrent.LinkedBlockingQueue, queueCapacity: 2000, scheduler: class org.apache.hadoop.ipc.DefaultRpcScheduler, ipcBackoff: false.
2019-09-20 20:58:37,481 [Socket Reader #1 for port 33041] INFO  ipc.Server (Server.java:run(1074)) - Starting Socket Reader #1 for port 33041
2019-09-20 20:58:37,483 [main] INFO  hdfs.DFSUtil (DFSUtil.java:httpServerTemplateForNNAndJN(1641)) - Starting Web-server for scm at: http://0.0.0.0:0
2019-09-20 20:58:37,485 [main] INFO  server.AuthenticationFilter (AuthenticationFilter.java:constructSecretProvider(240)) - Unable to initialize FileSignerSecretProvider, falling back to use random secrets.
2019-09-20 20:58:37,486 [main] WARN  http.HttpRequestLog (HttpRequestLog.java:getRequestLog(97)) - Jetty request log can only be enabled using Log4j
2019-09-20 20:58:37,488 [main] INFO  http.HttpServer2 (HttpServer2.java:addGlobalFilter(975)) - Added global filter 'safety' (class=org.apache.hadoop.http.HttpServer2$QuotingInputFilter)
2019-09-20 20:58:37,489 [main] INFO  http.HttpServer2 (HttpServer2.java:addFilter(948)) - Added filter static_user_filter (class=org.apache.hadoop.http.lib.StaticUserWebFilter$StaticUserFilter) to context scm
2019-09-20 20:58:37,489 [main] INFO  http.HttpServer2 (HttpServer2.java:addFilter(958)) - Added filter static_user_filter (class=org.apache.hadoop.http.lib.StaticUserWebFilter$StaticUserFilter) to context static
2019-09-20 20:58:37,490 [main] INFO  http.HttpServer2 (HttpServer2.java:addFilter(958)) - Added filter static_user_filter (class=org.apache.hadoop.http.lib.StaticUserWebFilter$StaticUserFilter) to context logs
2019-09-20 20:58:37,492 [main] INFO  server.StorageContainerManager (StorageContainerManager.java:start(763)) - StorageContainerLocationProtocol RPC server is listening at /0.0.0.0:33041
2019-09-20 20:58:37,494 [main] WARN  impl.MetricsConfig (MetricsConfig.java:loadFirst(134)) - Cannot locate configuration: tried hadoop-metrics2-storagecontainermanager.properties,hadoop-metrics2.properties
2019-09-20 20:58:37,495 [main] INFO  impl.MetricsSystemImpl (MetricsSystemImpl.java:startTimer(374)) - Scheduled Metric snapshot period at 10 second(s).
2019-09-20 20:58:37,495 [main] INFO  impl.MetricsSystemImpl (MetricsSystemImpl.java:start(191)) - StorageContainerManager metrics system started
2019-09-20 20:58:37,541 [main] WARN  impl.MetricsSystemImpl (MetricsSystemImpl.java:register(276)) - Sink prometheus already exists!
2019-09-20 20:58:37,628 [main] INFO  server.SCMClientProtocolServer (SCMClientProtocolServer.java:start(151)) - RPC server for Client  is listening at /0.0.0.0:33041
2019-09-20 20:58:37,629 [IPC Server Responder] INFO  ipc.Server (Server.java:run(1314)) - IPC Server Responder: starting
2019-09-20 20:58:37,630 [IPC Server listener on 33041] INFO  ipc.Server (Server.java:run(1153)) - IPC Server listener on 33041: starting
2019-09-20 20:58:37,633 [main] INFO  server.StorageContainerManager (StorageContainerManager.java:start(773)) - ScmBlockLocationProtocol RPC server is listening at /0.0.0.0:40981
2019-09-20 20:58:37,633 [main] INFO  server.SCMBlockProtocolServer (SCMBlockProtocolServer.java:start(146)) - RPC server for Block Protocol is listening at /0.0.0.0:40981
2019-09-20 20:58:37,633 [IPC Server Responder] INFO  ipc.Server (Server.java:run(1314)) - IPC Server Responder: starting
2019-09-20 20:58:37,634 [IPC Server listener on 40981] INFO  ipc.Server (Server.java:run(1153)) - IPC Server listener on 40981: starting
2019-09-20 20:58:37,637 [main] INFO  server.StorageContainerManager (StorageContainerManager.java:start(777)) - ScmDatanodeProtocl RPC server is listening at /0.0.0.0:38046
2019-09-20 20:58:37,638 [main] INFO  server.SCMDatanodeProtocolServer (SCMDatanodeProtocolServer.java:start(191)) - RPC server for DataNodes is listening at /0.0.0.0:38046
2019-09-20 20:58:37,638 [IPC Server Responder] INFO  ipc.Server (Server.java:run(1314)) - IPC Server Responder: starting
2019-09-20 20:58:37,638 [IPC Server listener on 38046] INFO  ipc.Server (Server.java:run(1153)) - IPC Server listener on 38046: starting
2019-09-20 20:58:37,642 [main] INFO  http.HttpServer2 (HttpServer2.java:bindListener(1191)) - Jetty bound to port 37633
2019-09-20 20:58:37,642 [main] INFO  server.Server (Server.java:doStart(351)) - jetty-9.3.24.v20180605, build timestamp: 2018-06-05T17:11:56Z, git hash: 84205aa28f11a4f31f2a3b86d1bba2cc8ab69827
2019-09-20 20:58:37,643 [main] INFO  handler.ContextHandler (ContextHandler.java:doStart(781)) - Started o.e.j.s.ServletContextHandler@53d6e959{/logs,file:///workdir/hadoop-ozone/integration-test/target/log,AVAILABLE}
2019-09-20 20:58:37,644 [main] INFO  handler.ContextHandler (ContextHandler.java:doStart(781)) - Started o.e.j.s.ServletContextHandler@69a40b3c{/static,file:///workdir/hadoop-ozone/integration-test/target/test-classes/webapps/static,AVAILABLE}
2019-09-20 20:58:37,648 [main] INFO  handler.ContextHandler (ContextHandler.java:doStart(781)) - Started o.e.j.w.WebAppContext@5ec9eefa{/,file:///workdir/hadoop-ozone/integration-test/target/test-classes/webapps/scm/,AVAILABLE}{/scm}
2019-09-20 20:58:37,648 [main] INFO  server.AbstractConnector (AbstractConnector.java:doStart(278)) - Started ServerConnector@28b8f98a{HTTP/1.1,[http/1.1]}{0.0.0.0:37633}
2019-09-20 20:58:37,649 [main] INFO  server.Server (Server.java:doStart(419)) - Started @524077ms
2019-09-20 20:58:37,649 [main] WARN  impl.MetricsSystemImpl (MetricsSystemImpl.java:register(276)) - Sink prometheus already exists!
2019-09-20 20:58:37,650 [main] INFO  server.BaseHttpServer (BaseHttpServer.java:updateConnectorAddress(215)) - HTTP server of SCM is listening at http://0.0.0.0:37633
2019-09-20 20:58:37,650 [main] WARN  server.ServerUtils (ServerUtils.java:getDBPath(222)) - ozone.om.db.dirs is not configured. We recommend adding this setting. Falling back to ozone.metadata.dirs instead.
2019-09-20 20:58:37,650 [org.apache.hadoop.util.JvmPauseMonitor$Monitor@22cb3d59] INFO  util.JvmPauseMonitor (JvmPauseMonitor.java:run(188)) - Starting JVM pause monitor
2019-09-20 20:58:37,672 [main] WARN  server.ServerUtils (ServerUtils.java:getDBPath(222)) - ozone.om.db.dirs is not configured. We recommend adding this setting. Falling back to ozone.metadata.dirs instead.
2019-09-20 20:58:37,673 [main] WARN  server.ServerUtils (ServerUtils.java:getDBPath(222)) - ozone.om.db.dirs is not configured. We recommend adding this setting. Falling back to ozone.metadata.dirs instead.
2019-09-20 20:58:37,673 [main] INFO  om.OzoneManager (OzoneManager.java:setOMNodeDetails(650)) - OM Service ID is not set. Setting it to the default ID: omServiceIdDefault
2019-09-20 20:58:37,673 [main] INFO  om.OzoneManager (OzoneManager.java:setOMNodeDetails(656)) - OM Node ID is not set. Setting it to the OmStorage's OmID: 98ae9a06-cdc8-4b26-9c89-79321ab39ff6
2019-09-20 20:58:37,673 [main] INFO  om.OzoneManager (OzoneManager.java:loadOMHAConfigs(607)) - Found matching OM address with OMServiceId: null, OMNodeId: null, RPC Address: localhost:0 and Ratis port: 9872
2019-09-20 20:58:37,679 [main] WARN  server.ServerUtils (ServerUtils.java:getDBPath(222)) - ozone.om.db.dirs is not configured. We recommend adding this setting. Falling back to ozone.metadata.dirs instead.
2019-09-20 20:58:37,679 [main] INFO  db.DBStoreBuilder (DBStoreBuilder.java:addTable(110)) - using custom profile for table: userTable
2019-09-20 20:58:37,680 [main] INFO  db.DBStoreBuilder (DBStoreBuilder.java:processTables(161)) - Using default column profile:DBProfile.DISK for Table:userTable
2019-09-20 20:58:37,680 [main] INFO  db.DBStoreBuilder (DBStoreBuilder.java:addTable(110)) - using custom profile for table: volumeTable
2019-09-20 20:58:37,680 [main] INFO  db.DBStoreBuilder (DBStoreBuilder.java:processTables(161)) - Using default column profile:DBProfile.DISK for Table:volumeTable
2019-09-20 20:58:37,680 [main] INFO  db.DBStoreBuilder (DBStoreBuilder.java:addTable(110)) - using custom profile for table: bucketTable
2019-09-20 20:58:37,680 [main] INFO  db.DBStoreBuilder (DBStoreBuilder.java:processTables(161)) - Using default column profile:DBProfile.DISK for Table:bucketTable
2019-09-20 20:58:37,680 [main] INFO  db.DBStoreBuilder (DBStoreBuilder.java:addTable(110)) - using custom profile for table: keyTable
2019-09-20 20:58:37,681 [main] INFO  db.DBStoreBuilder (DBStoreBuilder.java:processTables(161)) - Using default column profile:DBProfile.DISK for Table:keyTable
2019-09-20 20:58:37,681 [main] INFO  db.DBStoreBuilder (DBStoreBuilder.java:addTable(110)) - using custom profile for table: deletedTable
2019-09-20 20:58:37,681 [main] INFO  db.DBStoreBuilder (DBStoreBuilder.java:processTables(161)) - Using default column profile:DBProfile.DISK for Table:deletedTable
2019-09-20 20:58:37,681 [main] INFO  db.DBStoreBuilder (DBStoreBuilder.java:addTable(110)) - using custom profile for table: openKeyTable
2019-09-20 20:58:37,681 [main] INFO  db.DBStoreBuilder (DBStoreBuilder.java:processTables(161)) - Using default column profile:DBProfile.DISK for Table:openKeyTable
2019-09-20 20:58:37,681 [main] INFO  db.DBStoreBuilder (DBStoreBuilder.java:addTable(110)) - using custom profile for table: s3Table
2019-09-20 20:58:37,682 [main] INFO  db.DBStoreBuilder (DBStoreBuilder.java:processTables(161)) - Using default column profile:DBProfile.DISK for Table:s3Table
2019-09-20 20:58:37,682 [main] INFO  db.DBStoreBuilder (DBStoreBuilder.java:addTable(110)) - using custom profile for table: multipartInfoTable
2019-09-20 20:58:37,682 [main] INFO  db.DBStoreBuilder (DBStoreBuilder.java:processTables(161)) - Using default column profile:DBProfile.DISK for Table:multipartInfoTable
2019-09-20 20:58:37,682 [main] INFO  db.DBStoreBuilder (DBStoreBuilder.java:addTable(110)) - using custom profile for table: dTokenTable
2019-09-20 20:58:37,682 [main] INFO  db.DBStoreBuilder (DBStoreBuilder.java:processTables(161)) - Using default column profile:DBProfile.DISK for Table:dTokenTable
2019-09-20 20:58:37,682 [main] INFO  db.DBStoreBuilder (DBStoreBuilder.java:addTable(110)) - using custom profile for table: s3SecretTable
2019-09-20 20:58:37,683 [main] INFO  db.DBStoreBuilder (DBStoreBuilder.java:processTables(161)) - Using default column profile:DBProfile.DISK for Table:s3SecretTable
2019-09-20 20:58:37,683 [main] INFO  db.DBStoreBuilder (DBStoreBuilder.java:addTable(110)) - using custom profile for table: prefixTable
2019-09-20 20:58:37,683 [main] INFO  db.DBStoreBuilder (DBStoreBuilder.java:processTables(161)) - Using default column profile:DBProfile.DISK for Table:prefixTable
2019-09-20 20:58:37,683 [main] INFO  db.DBStoreBuilder (DBStoreBuilder.java:addTable(110)) - using custom profile for table: default
2019-09-20 20:58:37,683 [main] INFO  db.DBStoreBuilder (DBStoreBuilder.java:processTables(167)) - Using default column profile:DBProfile.DISK for Table:default
2019-09-20 20:58:37,683 [main] INFO  db.DBStoreBuilder (DBStoreBuilder.java:getDbProfile(198)) - Using default options. DBProfile.DISK
2019-09-20 20:58:38,191 [main] INFO  ipc.CallQueueManager (CallQueueManager.java:<init>(84)) - Using callQueue: class java.util.concurrent.LinkedBlockingQueue, queueCapacity: 2000, scheduler: class org.apache.hadoop.ipc.DefaultRpcScheduler, ipcBackoff: false.
2019-09-20 20:58:38,192 [Socket Reader #1 for port 44092] INFO  ipc.Server (Server.java:run(1074)) - Starting Socket Reader #1 for port 44092
2019-09-20 20:58:38,204 [main] INFO  om.OzoneManager (OzoneManager.java:start(1241)) - OzoneManager RPC server is listening at localhost/127.0.0.1:44092
2019-09-20 20:58:38,204 [main] INFO  impl.MetricsSystemImpl (MetricsSystemImpl.java:init(158)) - OzoneManager metrics system started (again)
2019-09-20 20:58:38,205 [IPC Server Responder] INFO  ipc.Server (Server.java:run(1314)) - IPC Server Responder: starting
2019-09-20 20:58:38,207 [IPC Server listener on 44092] INFO  ipc.Server (Server.java:run(1153)) - IPC Server listener on 44092: starting
2019-09-20 20:58:38,212 [main] INFO  hdfs.DFSUtil (DFSUtil.java:httpServerTemplateForNNAndJN(1641)) - Starting Web-server for ozoneManager at: http://0.0.0.0:0
2019-09-20 20:58:38,213 [main] INFO  server.AuthenticationFilter (AuthenticationFilter.java:constructSecretProvider(240)) - Unable to initialize FileSignerSecretProvider, falling back to use random secrets.
2019-09-20 20:58:38,213 [main] WARN  http.HttpRequestLog (HttpRequestLog.java:getRequestLog(97)) - Jetty request log can only be enabled using Log4j
2019-09-20 20:58:38,214 [main] INFO  http.HttpServer2 (HttpServer2.java:addGlobalFilter(975)) - Added global filter 'safety' (class=org.apache.hadoop.http.HttpServer2$QuotingInputFilter)
2019-09-20 20:58:38,215 [main] INFO  http.HttpServer2 (HttpServer2.java:addFilter(948)) - Added filter static_user_filter (class=org.apache.hadoop.http.lib.StaticUserWebFilter$StaticUserFilter) to context ozoneManager
2019-09-20 20:58:38,215 [main] INFO  http.HttpServer2 (HttpServer2.java:addFilter(958)) - Added filter static_user_filter (class=org.apache.hadoop.http.lib.StaticUserWebFilter$StaticUserFilter) to context static
2019-09-20 20:58:38,215 [main] INFO  http.HttpServer2 (HttpServer2.java:addFilter(958)) - Added filter static_user_filter (class=org.apache.hadoop.http.lib.StaticUserWebFilter$StaticUserFilter) to context logs
2019-09-20 20:58:38,215 [main] INFO  http.HttpServer2 (HttpServer2.java:bindListener(1191)) - Jetty bound to port 38459
2019-09-20 20:58:38,216 [main] INFO  server.Server (Server.java:doStart(351)) - jetty-9.3.24.v20180605, build timestamp: 2018-06-05T17:11:56Z, git hash: 84205aa28f11a4f31f2a3b86d1bba2cc8ab69827
2019-09-20 20:58:38,217 [main] INFO  handler.ContextHandler (ContextHandler.java:doStart(781)) - Started o.e.j.s.ServletContextHandler@6b867ee7{/logs,file:///workdir/hadoop-ozone/integration-test/target/log,AVAILABLE}
2019-09-20 20:58:38,218 [main] INFO  handler.ContextHandler (ContextHandler.java:doStart(781)) - Started o.e.j.s.ServletContextHandler@7a606260{/static,file:///workdir/hadoop-ozone/integration-test/target/test-classes/webapps/static,AVAILABLE}
2019-09-20 20:58:38,221 [main] INFO  handler.ContextHandler (ContextHandler.java:doStart(781)) - Started o.e.j.w.WebAppContext@29d070c7{/,file:///workdir/hadoop-ozone/integration-test/target/test-classes/webapps/ozoneManager/,AVAILABLE}{/ozoneManager}
2019-09-20 20:58:38,221 [main] INFO  server.AbstractConnector (AbstractConnector.java:doStart(278)) - Started ServerConnector@1eeb5818{HTTP/1.1,[http/1.1]}{0.0.0.0:38459}
2019-09-20 20:58:38,222 [main] INFO  server.Server (Server.java:doStart(419)) - Started @524650ms
2019-09-20 20:58:38,222 [main] WARN  impl.MetricsSystemImpl (MetricsSystemImpl.java:register(276)) - Sink prometheus already exists!
2019-09-20 20:58:38,223 [main] INFO  server.BaseHttpServer (BaseHttpServer.java:updateConnectorAddress(215)) - HTTP server of OZONEMANAGER is listening at http://0.0.0.0:38459
2019-09-20 20:58:38,235 [main] INFO  impl.MetricsSystemImpl (MetricsSystemImpl.java:init(158)) - HddsDatanode metrics system started (again)
2019-09-20 20:58:38,238 [main] INFO  ozone.HddsDatanodeService (HddsDatanodeService.java:start(184)) - HddsDatanodeService host:pr-hdds-2159-7gjv7-4246597483 ip:192.168.157.230
2019-09-20 20:58:38,244 [main] INFO  volume.HddsVolume (HddsVolume.java:<init>(176)) - Creating Volume: /workdir/hadoop-ozone/integration-test/target/test-dir/MiniOzoneClusterImpl-9716d3f7-240c-4861-9957-7330e711a072/datanode-0/data/containers/hdds of  storage type : DISK and capacity : 1482555576320
2019-09-20 20:58:38,245 [main] INFO  volume.VolumeSet (VolumeSet.java:initializeVolumeSet(170)) - Added Volume : /workdir/hadoop-ozone/integration-test/target/test-dir/MiniOzoneClusterImpl-9716d3f7-240c-4861-9957-7330e711a072/datanode-0/data/containers/hdds to VolumeSet
2019-09-20 20:58:38,245 [main] INFO  volume.ThrottledAsyncChecker (ThrottledAsyncChecker.java:schedule(139)) - Scheduling a check for org.apache.hadoop.ozone.container.common.volume.HddsVolume@3f5dfe69
2019-09-20 20:58:38,245 [main] INFO  volume.HddsVolumeChecker (HddsVolumeChecker.java:checkAllVolumes(202)) - Scheduled health check for volume org.apache.hadoop.ozone.container.common.volume.HddsVolume@3f5dfe69
2019-09-20 20:58:38,258 [main] INFO  impl.RaftServerProxy (ConfUtils.java:logGet(43)) - raft.rpc.type = GRPC (default)
2019-09-20 20:58:38,258 [main] INFO  grpc.GrpcFactory (GrpcFactory.java:checkPooledByteBufAllocatorUseCacheForAllThreads(45)) - PERFORMANCE WARNING: useCacheForAllThreads is true that may cause Netty to create a lot garbage objects and, as a result, trigger GC.
	It is recommended to disable useCacheForAllThreads by setting -Dorg.apache.ratis.thirdparty.io.netty.allocator.useCacheForAllThreads=false in command line.
2019-09-20 20:58:38,258 [main] INFO  grpc.GrpcConfigKeys$Server (ConfUtils.java:logGet(43)) - raft.grpc.server.port = 0 (default)
2019-09-20 20:58:38,258 [main] INFO  server.GrpcService (ConfUtils.java:logGet(43)) - raft.grpc.message.size.max = 33570816 (custom)
2019-09-20 20:58:38,259 [main] INFO  server.RaftServerConfigKeys (ConfUtils.java:logGet(43)) - raft.server.log.appender.buffer.byte-limit = 33554432 (custom)
2019-09-20 20:58:38,259 [main] INFO  server.GrpcService (ConfUtils.java:logGet(43)) - raft.grpc.flow.control.window = 1MB (=1048576) (default)
2019-09-20 20:58:38,259 [main] INFO  server.RaftServerConfigKeys (ConfUtils.java:logGet(43)) - raft.server.rpc.request.timeout = 3000ms (default)
2019-09-20 20:58:38,259 [main] INFO  server.RaftServerConfigKeys (ConfUtils.java:logGet(43)) - raft.server.storage.dir = [/workdir/hadoop-ozone/integration-test/target/test-dir/MiniOzoneClusterImpl-9716d3f7-240c-4861-9957-7330e711a072/datanode-0/data/ratis] (custom)
2019-09-20 20:58:38,261 [main] INFO  hdfs.DFSUtil (DFSUtil.java:httpServerTemplateForNNAndJN(1641)) - Starting Web-server for hddsDatanode at: http://0.0.0.0:0
2019-09-20 20:58:38,262 [main] INFO  server.AuthenticationFilter (AuthenticationFilter.java:constructSecretProvider(240)) - Unable to initialize FileSignerSecretProvider, falling back to use random secrets.
2019-09-20 20:58:38,262 [main] WARN  http.HttpRequestLog (HttpRequestLog.java:getRequestLog(97)) - Jetty request log can only be enabled using Log4j
2019-09-20 20:58:38,263 [main] INFO  http.HttpServer2 (HttpServer2.java:addGlobalFilter(975)) - Added global filter 'safety' (class=org.apache.hadoop.http.HttpServer2$QuotingInputFilter)
2019-09-20 20:58:38,264 [main] INFO  http.HttpServer2 (HttpServer2.java:addFilter(948)) - Added filter static_user_filter (class=org.apache.hadoop.http.lib.StaticUserWebFilter$StaticUserFilter) to context hddsDatanode
2019-09-20 20:58:38,264 [main] INFO  http.HttpServer2 (HttpServer2.java:addFilter(958)) - Added filter static_user_filter (class=org.apache.hadoop.http.lib.StaticUserWebFilter$StaticUserFilter) to context logs
2019-09-20 20:58:38,264 [main] INFO  http.HttpServer2 (HttpServer2.java:addFilter(958)) - Added filter static_user_filter (class=org.apache.hadoop.http.lib.StaticUserWebFilter$StaticUserFilter) to context static
2019-09-20 20:58:38,264 [main] INFO  http.HttpServer2 (HttpServer2.java:bindListener(1191)) - Jetty bound to port 39623
2019-09-20 20:58:38,265 [main] INFO  server.Server (Server.java:doStart(351)) - jetty-9.3.24.v20180605, build timestamp: 2018-06-05T17:11:56Z, git hash: 84205aa28f11a4f31f2a3b86d1bba2cc8ab69827
2019-09-20 20:58:38,266 [main] INFO  handler.ContextHandler (ContextHandler.java:doStart(781)) - Started o.e.j.s.ServletContextHandler@55296b50{/logs,file:///workdir/hadoop-ozone/integration-test/target/log,AVAILABLE}
2019-09-20 20:58:38,266 [main] INFO  handler.ContextHandler (ContextHandler.java:doStart(781)) - Started o.e.j.s.ServletContextHandler@29c53c4f{/static,jar:file:/home/user/.m2/repository/org/apache/hadoop/hadoop-hdds-container-service/0.5.0-SNAPSHOT/hadoop-hdds-container-service-0.5.0-SNAPSHOT.jar!/webapps/static,AVAILABLE}
2019-09-20 20:58:38,296 [main] INFO  handler.ContextHandler (ContextHandler.java:doStart(781)) - Started o.e.j.w.WebAppContext@75bd28d{/,file:///tmp/jetty-0.0.0.0-39623-hddsDatanode-_-any-2895992963758888322.dir/webapp/,AVAILABLE}{/hddsDatanode}
2019-09-20 20:58:38,297 [main] INFO  server.AbstractConnector (AbstractConnector.java:doStart(278)) - Started ServerConnector@129c4d19{HTTP/1.1,[http/1.1]}{0.0.0.0:39623}
2019-09-20 20:58:38,297 [main] INFO  server.Server (Server.java:doStart(419)) - Started @524725ms
2019-09-20 20:58:38,298 [main] WARN  impl.MetricsSystemImpl (MetricsSystemImpl.java:register(276)) - Sink prometheus already exists!
2019-09-20 20:58:38,299 [main] INFO  server.BaseHttpServer (BaseHttpServer.java:updateConnectorAddress(215)) - HTTP server of HDDSDATANODE is listening at http://0.0.0.0:39623
2019-09-20 20:58:38,299 [main] INFO  impl.MetricsSystemImpl (MetricsSystemImpl.java:init(158)) - HddsDatanode metrics system started (again)
2019-09-20 20:58:38,302 [main] INFO  ozone.HddsDatanodeService (HddsDatanodeService.java:start(184)) - HddsDatanodeService host:pr-hdds-2159-7gjv7-4246597483 ip:192.168.157.230
2019-09-20 20:58:38,302 [org.apache.hadoop.util.JvmPauseMonitor$Monitor@6631340a] INFO  util.JvmPauseMonitor (JvmPauseMonitor.java:run(188)) - Starting JVM pause monitor
2019-09-20 20:58:38,305 [Datanode State Machine Thread - 0] INFO  datanode.InitDatanodeState (InitDatanodeState.java:persistContainerDatanodeDetails(140)) - DatanodeDetails is persisted to /workdir/hadoop-ozone/integration-test/target/test-dir/MiniOzoneClusterImpl-9716d3f7-240c-4861-9957-7330e711a072/datanode-0/meta/datanode.id
2019-09-20 20:58:38,309 [main] INFO  volume.HddsVolume (HddsVolume.java:<init>(176)) - Creating Volume: /workdir/hadoop-ozone/integration-test/target/test-dir/MiniOzoneClusterImpl-9716d3f7-240c-4861-9957-7330e711a072/datanode-1/data/containers/hdds of  storage type : DISK and capacity : 1482555576320
2019-09-20 20:58:38,309 [main] INFO  volume.VolumeSet (VolumeSet.java:initializeVolumeSet(170)) - Added Volume : /workdir/hadoop-ozone/integration-test/target/test-dir/MiniOzoneClusterImpl-9716d3f7-240c-4861-9957-7330e711a072/datanode-1/data/containers/hdds to VolumeSet
2019-09-20 20:58:38,309 [main] INFO  volume.ThrottledAsyncChecker (ThrottledAsyncChecker.java:schedule(139)) - Scheduling a check for org.apache.hadoop.ozone.container.common.volume.HddsVolume@15d236fd
2019-09-20 20:58:38,310 [main] INFO  volume.HddsVolumeChecker (HddsVolumeChecker.java:checkAllVolumes(202)) - Scheduled health check for volume org.apache.hadoop.ozone.container.common.volume.HddsVolume@15d236fd
2019-09-20 20:58:38,321 [main] INFO  impl.RaftServerProxy (ConfUtils.java:logGet(43)) - raft.rpc.type = GRPC (default)
2019-09-20 20:58:38,322 [main] INFO  grpc.GrpcFactory (GrpcFactory.java:checkPooledByteBufAllocatorUseCacheForAllThreads(45)) - PERFORMANCE WARNING: useCacheForAllThreads is true that may cause Netty to create a lot garbage objects and, as a result, trigger GC.
	It is recommended to disable useCacheForAllThreads by setting -Dorg.apache.ratis.thirdparty.io.netty.allocator.useCacheForAllThreads=false in command line.
2019-09-20 20:58:38,322 [main] INFO  grpc.GrpcConfigKeys$Server (ConfUtils.java:logGet(43)) - raft.grpc.server.port = 0 (default)
2019-09-20 20:58:38,322 [main] INFO  server.GrpcService (ConfUtils.java:logGet(43)) - raft.grpc.message.size.max = 33570816 (custom)
2019-09-20 20:58:38,322 [main] INFO  server.RaftServerConfigKeys (ConfUtils.java:logGet(43)) - raft.server.log.appender.buffer.byte-limit = 33554432 (custom)
2019-09-20 20:58:38,322 [main] INFO  server.GrpcService (ConfUtils.java:logGet(43)) - raft.grpc.flow.control.window = 1MB (=1048576) (default)
2019-09-20 20:58:38,323 [main] INFO  server.RaftServerConfigKeys (ConfUtils.java:logGet(43)) - raft.server.rpc.request.timeout = 3000ms (default)
2019-09-20 20:58:38,323 [main] INFO  server.RaftServerConfigKeys (ConfUtils.java:logGet(43)) - raft.server.storage.dir = [/workdir/hadoop-ozone/integration-test/target/test-dir/MiniOzoneClusterImpl-9716d3f7-240c-4861-9957-7330e711a072/datanode-1/data/ratis] (custom)
2019-09-20 20:58:38,324 [main] INFO  hdfs.DFSUtil (DFSUtil.java:httpServerTemplateForNNAndJN(1641)) - Starting Web-server for hddsDatanode at: http://0.0.0.0:0
2019-09-20 20:58:38,325 [main] INFO  server.AuthenticationFilter (AuthenticationFilter.java:constructSecretProvider(240)) - Unable to initialize FileSignerSecretProvider, falling back to use random secrets.
2019-09-20 20:58:38,325 [main] WARN  http.HttpRequestLog (HttpRequestLog.java:getRequestLog(97)) - Jetty request log can only be enabled using Log4j
2019-09-20 20:58:38,327 [main] INFO  http.HttpServer2 (HttpServer2.java:addGlobalFilter(975)) - Added global filter 'safety' (class=org.apache.hadoop.http.HttpServer2$QuotingInputFilter)
2019-09-20 20:58:38,327 [main] INFO  http.HttpServer2 (HttpServer2.java:addFilter(948)) - Added filter static_user_filter (class=org.apache.hadoop.http.lib.StaticUserWebFilter$StaticUserFilter) to context hddsDatanode
2019-09-20 20:58:38,327 [main] INFO  http.HttpServer2 (HttpServer2.java:addFilter(958)) - Added filter static_user_filter (class=org.apache.hadoop.http.lib.StaticUserWebFilter$StaticUserFilter) to context static
2019-09-20 20:58:38,327 [main] INFO  http.HttpServer2 (HttpServer2.java:addFilter(958)) - Added filter static_user_filter (class=org.apache.hadoop.http.lib.StaticUserWebFilter$StaticUserFilter) to context logs
2019-09-20 20:58:38,328 [main] INFO  http.HttpServer2 (HttpServer2.java:bindListener(1191)) - Jetty bound to port 38687
2019-09-20 20:58:38,328 [main] INFO  server.Server (Server.java:doStart(351)) - jetty-9.3.24.v20180605, build timestamp: 2018-06-05T17:11:56Z, git hash: 84205aa28f11a4f31f2a3b86d1bba2cc8ab69827
2019-09-20 20:58:38,330 [main] INFO  handler.ContextHandler (ContextHandler.java:doStart(781)) - Started o.e.j.s.ServletContextHandler@5c448ef{/logs,file:///workdir/hadoop-ozone/integration-test/target/log,AVAILABLE}
2019-09-20 20:58:38,330 [main] INFO  handler.ContextHandler (ContextHandler.java:doStart(781)) - Started o.e.j.s.ServletContextHandler@49c1e294{/static,jar:file:/home/user/.m2/repository/org/apache/hadoop/hadoop-hdds-container-service/0.5.0-SNAPSHOT/hadoop-hdds-container-service-0.5.0-SNAPSHOT.jar!/webapps/static,AVAILABLE}
2019-09-20 20:58:38,357 [main] INFO  handler.ContextHandler (ContextHandler.java:doStart(781)) - Started o.e.j.w.WebAppContext@203e705e{/,file:///tmp/jetty-0.0.0.0-38687-hddsDatanode-_-any-3553593223652750410.dir/webapp/,AVAILABLE}{/hddsDatanode}
2019-09-20 20:58:38,357 [main] INFO  server.AbstractConnector (AbstractConnector.java:doStart(278)) - Started ServerConnector@78c74647{HTTP/1.1,[http/1.1]}{0.0.0.0:38687}
2019-09-20 20:58:38,358 [main] INFO  server.Server (Server.java:doStart(419)) - Started @524786ms
2019-09-20 20:58:38,359 [main] WARN  impl.MetricsSystemImpl (MetricsSystemImpl.java:register(276)) - Sink prometheus already exists!
2019-09-20 20:58:38,359 [main] INFO  server.BaseHttpServer (BaseHttpServer.java:updateConnectorAddress(215)) - HTTP server of HDDSDATANODE is listening at http://0.0.0.0:38687
2019-09-20 20:58:38,360 [main] INFO  impl.MetricsSystemImpl (MetricsSystemImpl.java:init(158)) - HddsDatanode metrics system started (again)
2019-09-20 20:58:38,363 [org.apache.hadoop.util.JvmPauseMonitor$Monitor@26be8e77] INFO  util.JvmPauseMonitor (JvmPauseMonitor.java:run(188)) - Starting JVM pause monitor
2019-09-20 20:58:38,363 [main] INFO  ozone.HddsDatanodeService (HddsDatanodeService.java:start(184)) - HddsDatanodeService host:pr-hdds-2159-7gjv7-4246597483 ip:192.168.157.230
2019-09-20 20:58:38,365 [Datanode State Machine Thread - 0] INFO  datanode.InitDatanodeState (InitDatanodeState.java:persistContainerDatanodeDetails(140)) - DatanodeDetails is persisted to /workdir/hadoop-ozone/integration-test/target/test-dir/MiniOzoneClusterImpl-9716d3f7-240c-4861-9957-7330e711a072/datanode-1/meta/datanode.id
2019-09-20 20:58:38,369 [main] INFO  volume.HddsVolume (HddsVolume.java:<init>(176)) - Creating Volume: /workdir/hadoop-ozone/integration-test/target/test-dir/MiniOzoneClusterImpl-9716d3f7-240c-4861-9957-7330e711a072/datanode-2/data/containers/hdds of  storage type : DISK and capacity : 1482555576320
2019-09-20 20:58:38,369 [main] INFO  volume.VolumeSet (VolumeSet.java:initializeVolumeSet(170)) - Added Volume : /workdir/hadoop-ozone/integration-test/target/test-dir/MiniOzoneClusterImpl-9716d3f7-240c-4861-9957-7330e711a072/datanode-2/data/containers/hdds to VolumeSet
2019-09-20 20:58:38,370 [main] INFO  volume.ThrottledAsyncChecker (ThrottledAsyncChecker.java:schedule(139)) - Scheduling a check for org.apache.hadoop.ozone.container.common.volume.HddsVolume@404ced67
2019-09-20 20:58:38,370 [main] INFO  volume.HddsVolumeChecker (HddsVolumeChecker.java:checkAllVolumes(202)) - Scheduled health check for volume org.apache.hadoop.ozone.container.common.volume.HddsVolume@404ced67
2019-09-20 20:58:38,383 [main] INFO  impl.RaftServerProxy (ConfUtils.java:logGet(43)) - raft.rpc.type = GRPC (default)
2019-09-20 20:58:38,383 [main] INFO  grpc.GrpcFactory (GrpcFactory.java:checkPooledByteBufAllocatorUseCacheForAllThreads(45)) - PERFORMANCE WARNING: useCacheForAllThreads is true that may cause Netty to create a lot garbage objects and, as a result, trigger GC.
	It is recommended to disable useCacheForAllThreads by setting -Dorg.apache.ratis.thirdparty.io.netty.allocator.useCacheForAllThreads=false in command line.
2019-09-20 20:58:38,383 [main] INFO  grpc.GrpcConfigKeys$Server (ConfUtils.java:logGet(43)) - raft.grpc.server.port = 0 (default)
2019-09-20 20:58:38,383 [main] INFO  server.GrpcService (ConfUtils.java:logGet(43)) - raft.grpc.message.size.max = 33570816 (custom)
2019-09-20 20:58:38,383 [main] INFO  server.RaftServerConfigKeys (ConfUtils.java:logGet(43)) - raft.server.log.appender.buffer.byte-limit = 33554432 (custom)
2019-09-20 20:58:38,384 [main] INFO  server.GrpcService (ConfUtils.java:logGet(43)) - raft.grpc.flow.control.window = 1MB (=1048576) (default)
2019-09-20 20:58:38,384 [main] INFO  server.RaftServerConfigKeys (ConfUtils.java:logGet(43)) - raft.server.rpc.request.timeout = 3000ms (default)
2019-09-20 20:58:38,384 [main] INFO  server.RaftServerConfigKeys (ConfUtils.java:logGet(43)) - raft.server.storage.dir = [/workdir/hadoop-ozone/integration-test/target/test-dir/MiniOzoneClusterImpl-9716d3f7-240c-4861-9957-7330e711a072/datanode-2/data/ratis] (custom)
2019-09-20 20:58:38,385 [main] INFO  hdfs.DFSUtil (DFSUtil.java:httpServerTemplateForNNAndJN(1641)) - Starting Web-server for hddsDatanode at: http://0.0.0.0:0
2019-09-20 20:58:38,386 [main] INFO  server.AuthenticationFilter (AuthenticationFilter.java:constructSecretProvider(240)) - Unable to initialize FileSignerSecretProvider, falling back to use random secrets.
2019-09-20 20:58:38,387 [main] WARN  http.HttpRequestLog (HttpRequestLog.java:getRequestLog(97)) - Jetty request log can only be enabled using Log4j
2019-09-20 20:58:38,388 [main] INFO  http.HttpServer2 (HttpServer2.java:addGlobalFilter(975)) - Added global filter 'safety' (class=org.apache.hadoop.http.HttpServer2$QuotingInputFilter)
2019-09-20 20:58:38,388 [main] INFO  http.HttpServer2 (HttpServer2.java:addFilter(948)) - Added filter static_user_filter (class=org.apache.hadoop.http.lib.StaticUserWebFilter$StaticUserFilter) to context hddsDatanode
2019-09-20 20:58:38,389 [main] INFO  http.HttpServer2 (HttpServer2.java:addFilter(958)) - Added filter static_user_filter (class=org.apache.hadoop.http.lib.StaticUserWebFilter$StaticUserFilter) to context static
2019-09-20 20:58:38,389 [main] INFO  http.HttpServer2 (HttpServer2.java:addFilter(958)) - Added filter static_user_filter (class=org.apache.hadoop.http.lib.StaticUserWebFilter$StaticUserFilter) to context logs
2019-09-20 20:58:38,389 [main] INFO  http.HttpServer2 (HttpServer2.java:bindListener(1191)) - Jetty bound to port 40309
2019-09-20 20:58:38,389 [main] INFO  server.Server (Server.java:doStart(351)) - jetty-9.3.24.v20180605, build timestamp: 2018-06-05T17:11:56Z, git hash: 84205aa28f11a4f31f2a3b86d1bba2cc8ab69827
2019-09-20 20:58:38,391 [main] INFO  handler.ContextHandler (ContextHandler.java:doStart(781)) - Started o.e.j.s.ServletContextHandler@2017f6e6{/logs,file:///workdir/hadoop-ozone/integration-test/target/log,AVAILABLE}
2019-09-20 20:58:38,391 [main] INFO  handler.ContextHandler (ContextHandler.java:doStart(781)) - Started o.e.j.s.ServletContextHandler@79ca7bea{/static,jar:file:/home/user/.m2/repository/org/apache/hadoop/hadoop-hdds-container-service/0.5.0-SNAPSHOT/hadoop-hdds-container-service-0.5.0-SNAPSHOT.jar!/webapps/static,AVAILABLE}
2019-09-20 20:58:38,418 [main] INFO  handler.ContextHandler (ContextHandler.java:doStart(781)) - Started o.e.j.w.WebAppContext@e3899fd{/,file:///tmp/jetty-0.0.0.0-40309-hddsDatanode-_-any-4002919488674863002.dir/webapp/,AVAILABLE}{/hddsDatanode}
2019-09-20 20:58:38,418 [main] INFO  server.AbstractConnector (AbstractConnector.java:doStart(278)) - Started ServerConnector@7d484fcd{HTTP/1.1,[http/1.1]}{0.0.0.0:40309}
2019-09-20 20:58:38,420 [main] INFO  server.Server (Server.java:doStart(419)) - Started @524846ms
2019-09-20 20:58:38,420 [main] WARN  impl.MetricsSystemImpl (MetricsSystemImpl.java:register(276)) - Sink prometheus already exists!
2019-09-20 20:58:38,420 [main] INFO  server.BaseHttpServer (BaseHttpServer.java:updateConnectorAddress(215)) - HTTP server of HDDSDATANODE is listening at http://0.0.0.0:40309
2019-09-20 20:58:38,421 [main] INFO  impl.MetricsSystemImpl (MetricsSystemImpl.java:init(158)) - HddsDatanode metrics system started (again)
2019-09-20 20:58:38,424 [org.apache.hadoop.util.JvmPauseMonitor$Monitor@b434160] INFO  util.JvmPauseMonitor (JvmPauseMonitor.java:run(188)) - Starting JVM pause monitor
2019-09-20 20:58:38,425 [main] INFO  ozone.HddsDatanodeService (HddsDatanodeService.java:start(184)) - HddsDatanodeService host:pr-hdds-2159-7gjv7-4246597483 ip:192.168.157.230
2019-09-20 20:58:38,426 [Datanode State Machine Thread - 0] INFO  datanode.InitDatanodeState (InitDatanodeState.java:persistContainerDatanodeDetails(140)) - DatanodeDetails is persisted to /workdir/hadoop-ozone/integration-test/target/test-dir/MiniOzoneClusterImpl-9716d3f7-240c-4861-9957-7330e711a072/datanode-2/meta/datanode.id
2019-09-20 20:58:38,430 [main] INFO  volume.HddsVolume (HddsVolume.java:<init>(176)) - Creating Volume: /workdir/hadoop-ozone/integration-test/target/test-dir/MiniOzoneClusterImpl-9716d3f7-240c-4861-9957-7330e711a072/datanode-3/data/containers/hdds of  storage type : DISK and capacity : 1482555576320
2019-09-20 20:58:38,431 [main] INFO  volume.VolumeSet (VolumeSet.java:initializeVolumeSet(170)) - Added Volume : /workdir/hadoop-ozone/integration-test/target/test-dir/MiniOzoneClusterImpl-9716d3f7-240c-4861-9957-7330e711a072/datanode-3/data/containers/hdds to VolumeSet
2019-09-20 20:58:38,431 [main] INFO  volume.ThrottledAsyncChecker (ThrottledAsyncChecker.java:schedule(139)) - Scheduling a check for org.apache.hadoop.ozone.container.common.volume.HddsVolume@c9b5a99
2019-09-20 20:58:38,431 [main] INFO  volume.HddsVolumeChecker (HddsVolumeChecker.java:checkAllVolumes(202)) - Scheduled health check for volume org.apache.hadoop.ozone.container.common.volume.HddsVolume@c9b5a99
2019-09-20 20:58:38,444 [main] INFO  impl.RaftServerProxy (ConfUtils.java:logGet(43)) - raft.rpc.type = GRPC (default)
2019-09-20 20:58:38,444 [main] INFO  grpc.GrpcFactory (GrpcFactory.java:checkPooledByteBufAllocatorUseCacheForAllThreads(45)) - PERFORMANCE WARNING: useCacheForAllThreads is true that may cause Netty to create a lot garbage objects and, as a result, trigger GC.
	It is recommended to disable useCacheForAllThreads by setting -Dorg.apache.ratis.thirdparty.io.netty.allocator.useCacheForAllThreads=false in command line.
2019-09-20 20:58:38,445 [main] INFO  grpc.GrpcConfigKeys$Server (ConfUtils.java:logGet(43)) - raft.grpc.server.port = 0 (default)
2019-09-20 20:58:38,445 [main] INFO  server.GrpcService (ConfUtils.java:logGet(43)) - raft.grpc.message.size.max = 33570816 (custom)
2019-09-20 20:58:38,445 [main] INFO  server.RaftServerConfigKeys (ConfUtils.java:logGet(43)) - raft.server.log.appender.buffer.byte-limit = 33554432 (custom)
2019-09-20 20:58:38,445 [main] INFO  server.GrpcService (ConfUtils.java:logGet(43)) - raft.grpc.flow.control.window = 1MB (=1048576) (default)
2019-09-20 20:58:38,445 [main] INFO  server.RaftServerConfigKeys (ConfUtils.java:logGet(43)) - raft.server.rpc.request.timeout = 3000ms (default)
2019-09-20 20:58:38,446 [main] INFO  server.RaftServerConfigKeys (ConfUtils.java:logGet(43)) - raft.server.storage.dir = [/workdir/hadoop-ozone/integration-test/target/test-dir/MiniOzoneClusterImpl-9716d3f7-240c-4861-9957-7330e711a072/datanode-3/data/ratis] (custom)
2019-09-20 20:58:38,447 [main] INFO  hdfs.DFSUtil (DFSUtil.java:httpServerTemplateForNNAndJN(1641)) - Starting Web-server for hddsDatanode at: http://0.0.0.0:0
2019-09-20 20:58:38,448 [main] INFO  server.AuthenticationFilter (AuthenticationFilter.java:constructSecretProvider(240)) - Unable to initialize FileSignerSecretProvider, falling back to use random secrets.
2019-09-20 20:58:38,448 [main] WARN  http.HttpRequestLog (HttpRequestLog.java:getRequestLog(97)) - Jetty request log can only be enabled using Log4j
2019-09-20 20:58:38,449 [main] INFO  http.HttpServer2 (HttpServer2.java:addGlobalFilter(975)) - Added global filter 'safety' (class=org.apache.hadoop.http.HttpServer2$QuotingInputFilter)
2019-09-20 20:58:38,450 [main] INFO  http.HttpServer2 (HttpServer2.java:addFilter(948)) - Added filter static_user_filter (class=org.apache.hadoop.http.lib.StaticUserWebFilter$StaticUserFilter) to context hddsDatanode
2019-09-20 20:58:38,450 [main] INFO  http.HttpServer2 (HttpServer2.java:addFilter(958)) - Added filter static_user_filter (class=org.apache.hadoop.http.lib.StaticUserWebFilter$StaticUserFilter) to context logs
2019-09-20 20:58:38,450 [main] INFO  http.HttpServer2 (HttpServer2.java:addFilter(958)) - Added filter static_user_filter (class=org.apache.hadoop.http.lib.StaticUserWebFilter$StaticUserFilter) to context static
2019-09-20 20:58:38,451 [main] INFO  http.HttpServer2 (HttpServer2.java:bindListener(1191)) - Jetty bound to port 38404
2019-09-20 20:58:38,451 [main] INFO  server.Server (Server.java:doStart(351)) - jetty-9.3.24.v20180605, build timestamp: 2018-06-05T17:11:56Z, git hash: 84205aa28f11a4f31f2a3b86d1bba2cc8ab69827
2019-09-20 20:58:38,452 [main] INFO  handler.ContextHandler (ContextHandler.java:doStart(781)) - Started o.e.j.s.ServletContextHandler@56fda064{/logs,file:///workdir/hadoop-ozone/integration-test/target/log,AVAILABLE}
2019-09-20 20:58:38,452 [main] INFO  handler.ContextHandler (ContextHandler.java:doStart(781)) - Started o.e.j.s.ServletContextHandler@482f7af0{/static,jar:file:/home/user/.m2/repository/org/apache/hadoop/hadoop-hdds-container-service/0.5.0-SNAPSHOT/hadoop-hdds-container-service-0.5.0-SNAPSHOT.jar!/webapps/static,AVAILABLE}
2019-09-20 20:58:38,479 [main] INFO  handler.ContextHandler (ContextHandler.java:doStart(781)) - Started o.e.j.w.WebAppContext@2f09e6b2{/,file:///tmp/jetty-0.0.0.0-38404-hddsDatanode-_-any-7837336341700476734.dir/webapp/,AVAILABLE}{/hddsDatanode}
2019-09-20 20:58:38,479 [main] INFO  server.AbstractConnector (AbstractConnector.java:doStart(278)) - Started ServerConnector@1bee0085{HTTP/1.1,[http/1.1]}{0.0.0.0:38404}
2019-09-20 20:58:38,480 [main] INFO  server.Server (Server.java:doStart(419)) - Started @524907ms
2019-09-20 20:58:38,480 [main] WARN  impl.MetricsSystemImpl (MetricsSystemImpl.java:register(276)) - Sink prometheus already exists!
2019-09-20 20:58:38,481 [main] INFO  server.BaseHttpServer (BaseHttpServer.java:updateConnectorAddress(215)) - HTTP server of HDDSDATANODE is listening at http://0.0.0.0:38404
2019-09-20 20:58:38,481 [main] INFO  impl.MetricsSystemImpl (MetricsSystemImpl.java:init(158)) - HddsDatanode metrics system started (again)
2019-09-20 20:58:38,485 [org.apache.hadoop.util.JvmPauseMonitor$Monitor@232102b7] INFO  util.JvmPauseMonitor (JvmPauseMonitor.java:run(188)) - Starting JVM pause monitor
2019-09-20 20:58:38,485 [main] INFO  ozone.HddsDatanodeService (HddsDatanodeService.java:start(184)) - HddsDatanodeService host:pr-hdds-2159-7gjv7-4246597483 ip:192.168.157.230
2019-09-20 20:58:38,486 [Datanode State Machine Thread - 0] INFO  datanode.InitDatanodeState (InitDatanodeState.java:persistContainerDatanodeDetails(140)) - DatanodeDetails is persisted to /workdir/hadoop-ozone/integration-test/target/test-dir/MiniOzoneClusterImpl-9716d3f7-240c-4861-9957-7330e711a072/datanode-3/meta/datanode.id
2019-09-20 20:58:38,492 [main] INFO  volume.HddsVolume (HddsVolume.java:<init>(176)) - Creating Volume: /workdir/hadoop-ozone/integration-test/target/test-dir/MiniOzoneClusterImpl-9716d3f7-240c-4861-9957-7330e711a072/datanode-4/data/containers/hdds of  storage type : DISK and capacity : 1482555576320
2019-09-20 20:58:38,492 [main] INFO  volume.VolumeSet (VolumeSet.java:initializeVolumeSet(170)) - Added Volume : /workdir/hadoop-ozone/integration-test/target/test-dir/MiniOzoneClusterImpl-9716d3f7-240c-4861-9957-7330e711a072/datanode-4/data/containers/hdds to VolumeSet
2019-09-20 20:58:38,492 [main] INFO  volume.ThrottledAsyncChecker (ThrottledAsyncChecker.java:schedule(139)) - Scheduling a check for org.apache.hadoop.ozone.container.common.volume.HddsVolume@5329f6b3
2019-09-20 20:58:38,493 [main] INFO  volume.HddsVolumeChecker (HddsVolumeChecker.java:checkAllVolumes(202)) - Scheduled health check for volume org.apache.hadoop.ozone.container.common.volume.HddsVolume@5329f6b3
2019-09-20 20:58:38,505 [main] INFO  impl.RaftServerProxy (ConfUtils.java:logGet(43)) - raft.rpc.type = GRPC (default)
2019-09-20 20:58:38,506 [main] INFO  grpc.GrpcFactory (GrpcFactory.java:checkPooledByteBufAllocatorUseCacheForAllThreads(45)) - PERFORMANCE WARNING: useCacheForAllThreads is true that may cause Netty to create a lot garbage objects and, as a result, trigger GC.
	It is recommended to disable useCacheForAllThreads by setting -Dorg.apache.ratis.thirdparty.io.netty.allocator.useCacheForAllThreads=false in command line.
2019-09-20 20:58:38,506 [main] INFO  grpc.GrpcConfigKeys$Server (ConfUtils.java:logGet(43)) - raft.grpc.server.port = 0 (default)
2019-09-20 20:58:38,506 [main] INFO  server.GrpcService (ConfUtils.java:logGet(43)) - raft.grpc.message.size.max = 33570816 (custom)
2019-09-20 20:58:38,506 [main] INFO  server.RaftServerConfigKeys (ConfUtils.java:logGet(43)) - raft.server.log.appender.buffer.byte-limit = 33554432 (custom)
2019-09-20 20:58:38,506 [main] INFO  server.GrpcService (ConfUtils.java:logGet(43)) - raft.grpc.flow.control.window = 1MB (=1048576) (default)
2019-09-20 20:58:38,507 [main] INFO  server.RaftServerConfigKeys (ConfUtils.java:logGet(43)) - raft.server.rpc.request.timeout = 3000ms (default)
2019-09-20 20:58:38,507 [main] INFO  server.RaftServerConfigKeys (ConfUtils.java:logGet(43)) - raft.server.storage.dir = [/workdir/hadoop-ozone/integration-test/target/test-dir/MiniOzoneClusterImpl-9716d3f7-240c-4861-9957-7330e711a072/datanode-4/data/ratis] (custom)
2019-09-20 20:58:38,508 [main] INFO  hdfs.DFSUtil (DFSUtil.java:httpServerTemplateForNNAndJN(1641)) - Starting Web-server for hddsDatanode at: http://0.0.0.0:0
2019-09-20 20:58:38,509 [main] INFO  server.AuthenticationFilter (AuthenticationFilter.java:constructSecretProvider(240)) - Unable to initialize FileSignerSecretProvider, falling back to use random secrets.
2019-09-20 20:58:38,509 [main] WARN  http.HttpRequestLog (HttpRequestLog.java:getRequestLog(97)) - Jetty request log can only be enabled using Log4j
2019-09-20 20:58:38,510 [main] INFO  http.HttpServer2 (HttpServer2.java:addGlobalFilter(975)) - Added global filter 'safety' (class=org.apache.hadoop.http.HttpServer2$QuotingInputFilter)
2019-09-20 20:58:38,511 [main] INFO  http.HttpServer2 (HttpServer2.java:addFilter(948)) - Added filter static_user_filter (class=org.apache.hadoop.http.lib.StaticUserWebFilter$StaticUserFilter) to context hddsDatanode
2019-09-20 20:58:38,511 [main] INFO  http.HttpServer2 (HttpServer2.java:addFilter(958)) - Added filter static_user_filter (class=org.apache.hadoop.http.lib.StaticUserWebFilter$StaticUserFilter) to context static
2019-09-20 20:58:38,511 [main] INFO  http.HttpServer2 (HttpServer2.java:addFilter(958)) - Added filter static_user_filter (class=org.apache.hadoop.http.lib.StaticUserWebFilter$StaticUserFilter) to context logs
2019-09-20 20:58:38,512 [main] INFO  http.HttpServer2 (HttpServer2.java:bindListener(1191)) - Jetty bound to port 46155
2019-09-20 20:58:38,512 [main] INFO  server.Server (Server.java:doStart(351)) - jetty-9.3.24.v20180605, build timestamp: 2018-06-05T17:11:56Z, git hash: 84205aa28f11a4f31f2a3b86d1bba2cc8ab69827
2019-09-20 20:58:38,513 [main] INFO  handler.ContextHandler (ContextHandler.java:doStart(781)) - Started o.e.j.s.ServletContextHandler@2e0ad709{/logs,file:///workdir/hadoop-ozone/integration-test/target/log,AVAILABLE}
2019-09-20 20:58:38,514 [main] INFO  handler.ContextHandler (ContextHandler.java:doStart(781)) - Started o.e.j.s.ServletContextHandler@39449465{/static,jar:file:/home/user/.m2/repository/org/apache/hadoop/hadoop-hdds-container-service/0.5.0-SNAPSHOT/hadoop-hdds-container-service-0.5.0-SNAPSHOT.jar!/webapps/static,AVAILABLE}
2019-09-20 20:58:38,541 [main] INFO  handler.ContextHandler (ContextHandler.java:doStart(781)) - Started o.e.j.w.WebAppContext@6d6cd1e0{/,file:///tmp/jetty-0.0.0.0-46155-hddsDatanode-_-any-3061157218595291519.dir/webapp/,AVAILABLE}{/hddsDatanode}
2019-09-20 20:58:38,541 [main] INFO  server.AbstractConnector (AbstractConnector.java:doStart(278)) - Started ServerConnector@76a9a009{HTTP/1.1,[http/1.1]}{0.0.0.0:46155}
2019-09-20 20:58:38,542 [main] INFO  server.Server (Server.java:doStart(419)) - Started @524969ms
2019-09-20 20:58:38,542 [main] WARN  impl.MetricsSystemImpl (MetricsSystemImpl.java:register(276)) - Sink prometheus already exists!
2019-09-20 20:58:38,543 [main] INFO  server.BaseHttpServer (BaseHttpServer.java:updateConnectorAddress(215)) - HTTP server of HDDSDATANODE is listening at http://0.0.0.0:46155
2019-09-20 20:58:38,543 [main] INFO  impl.MetricsSystemImpl (MetricsSystemImpl.java:init(158)) - HddsDatanode metrics system started (again)
2019-09-20 20:58:38,547 [org.apache.hadoop.util.JvmPauseMonitor$Monitor@2be82b3c] INFO  util.JvmPauseMonitor (JvmPauseMonitor.java:run(188)) - Starting JVM pause monitor
2019-09-20 20:58:38,548 [main] INFO  ozone.HddsDatanodeService (HddsDatanodeService.java:start(184)) - HddsDatanodeService host:pr-hdds-2159-7gjv7-4246597483 ip:192.168.157.230
2019-09-20 20:58:38,549 [Datanode State Machine Thread - 0] INFO  datanode.InitDatanodeState (InitDatanodeState.java:persistContainerDatanodeDetails(140)) - DatanodeDetails is persisted to /workdir/hadoop-ozone/integration-test/target/test-dir/MiniOzoneClusterImpl-9716d3f7-240c-4861-9957-7330e711a072/datanode-4/meta/datanode.id
2019-09-20 20:58:38,554 [main] INFO  volume.HddsVolume (HddsVolume.java:<init>(176)) - Creating Volume: /workdir/hadoop-ozone/integration-test/target/test-dir/MiniOzoneClusterImpl-9716d3f7-240c-4861-9957-7330e711a072/datanode-5/data/containers/hdds of  storage type : DISK and capacity : 1482555576320
2019-09-20 20:58:38,554 [main] INFO  volume.VolumeSet (VolumeSet.java:initializeVolumeSet(170)) - Added Volume : /workdir/hadoop-ozone/integration-test/target/test-dir/MiniOzoneClusterImpl-9716d3f7-240c-4861-9957-7330e711a072/datanode-5/data/containers/hdds to VolumeSet
2019-09-20 20:58:38,554 [main] INFO  volume.ThrottledAsyncChecker (ThrottledAsyncChecker.java:schedule(139)) - Scheduling a check for org.apache.hadoop.ozone.container.common.volume.HddsVolume@2a99ca99
2019-09-20 20:58:38,555 [main] INFO  volume.HddsVolumeChecker (HddsVolumeChecker.java:checkAllVolumes(202)) - Scheduled health check for volume org.apache.hadoop.ozone.container.common.volume.HddsVolume@2a99ca99
2019-09-20 20:58:38,567 [main] INFO  impl.RaftServerProxy (ConfUtils.java:logGet(43)) - raft.rpc.type = GRPC (default)
2019-09-20 20:58:38,567 [main] INFO  grpc.GrpcFactory (GrpcFactory.java:checkPooledByteBufAllocatorUseCacheForAllThreads(45)) - PERFORMANCE WARNING: useCacheForAllThreads is true that may cause Netty to create a lot garbage objects and, as a result, trigger GC.
	It is recommended to disable useCacheForAllThreads by setting -Dorg.apache.ratis.thirdparty.io.netty.allocator.useCacheForAllThreads=false in command line.
2019-09-20 20:58:38,567 [main] INFO  grpc.GrpcConfigKeys$Server (ConfUtils.java:logGet(43)) - raft.grpc.server.port = 0 (default)
2019-09-20 20:58:38,567 [main] INFO  server.GrpcService (ConfUtils.java:logGet(43)) - raft.grpc.message.size.max = 33570816 (custom)
2019-09-20 20:58:38,568 [main] INFO  server.RaftServerConfigKeys (ConfUtils.java:logGet(43)) - raft.server.log.appender.buffer.byte-limit = 33554432 (custom)
2019-09-20 20:58:38,568 [main] INFO  server.GrpcService (ConfUtils.java:logGet(43)) - raft.grpc.flow.control.window = 1MB (=1048576) (default)
2019-09-20 20:58:38,568 [main] INFO  server.RaftServerConfigKeys (ConfUtils.java:logGet(43)) - raft.server.rpc.request.timeout = 3000ms (default)
2019-09-20 20:58:38,568 [main] INFO  server.RaftServerConfigKeys (ConfUtils.java:logGet(43)) - raft.server.storage.dir = [/workdir/hadoop-ozone/integration-test/target/test-dir/MiniOzoneClusterImpl-9716d3f7-240c-4861-9957-7330e711a072/datanode-5/data/ratis] (custom)
2019-09-20 20:58:38,570 [main] INFO  hdfs.DFSUtil (DFSUtil.java:httpServerTemplateForNNAndJN(1641)) - Starting Web-server for hddsDatanode at: http://0.0.0.0:0
2019-09-20 20:58:38,571 [main] INFO  server.AuthenticationFilter (AuthenticationFilter.java:constructSecretProvider(240)) - Unable to initialize FileSignerSecretProvider, falling back to use random secrets.
2019-09-20 20:58:38,571 [main] WARN  http.HttpRequestLog (HttpRequestLog.java:getRequestLog(97)) - Jetty request log can only be enabled using Log4j
2019-09-20 20:58:38,572 [main] INFO  http.HttpServer2 (HttpServer2.java:addGlobalFilter(975)) - Added global filter 'safety' (class=org.apache.hadoop.http.HttpServer2$QuotingInputFilter)
2019-09-20 20:58:38,573 [main] INFO  http.HttpServer2 (HttpServer2.java:addFilter(948)) - Added filter static_user_filter (class=org.apache.hadoop.http.lib.StaticUserWebFilter$StaticUserFilter) to context hddsDatanode
2019-09-20 20:58:38,573 [main] INFO  http.HttpServer2 (HttpServer2.java:addFilter(958)) - Added filter static_user_filter (class=org.apache.hadoop.http.lib.StaticUserWebFilter$StaticUserFilter) to context logs
2019-09-20 20:58:38,573 [main] INFO  http.HttpServer2 (HttpServer2.java:addFilter(958)) - Added filter static_user_filter (class=org.apache.hadoop.http.lib.StaticUserWebFilter$StaticUserFilter) to context static
2019-09-20 20:58:38,574 [main] INFO  http.HttpServer2 (HttpServer2.java:bindListener(1191)) - Jetty bound to port 33610
2019-09-20 20:58:38,574 [main] INFO  server.Server (Server.java:doStart(351)) - jetty-9.3.24.v20180605, build timestamp: 2018-06-05T17:11:56Z, git hash: 84205aa28f11a4f31f2a3b86d1bba2cc8ab69827
2019-09-20 20:58:38,575 [main] INFO  handler.ContextHandler (ContextHandler.java:doStart(781)) - Started o.e.j.s.ServletContextHandler@79cb8ffa{/logs,file:///workdir/hadoop-ozone/integration-test/target/log,AVAILABLE}
2019-09-20 20:58:38,576 [main] INFO  handler.ContextHandler (ContextHandler.java:doStart(781)) - Started o.e.j.s.ServletContextHandler@5b066c33{/static,jar:file:/home/user/.m2/repository/org/apache/hadoop/hadoop-hdds-container-service/0.5.0-SNAPSHOT/hadoop-hdds-container-service-0.5.0-SNAPSHOT.jar!/webapps/static,AVAILABLE}
2019-09-20 20:58:38,603 [main] INFO  handler.ContextHandler (ContextHandler.java:doStart(781)) - Started o.e.j.w.WebAppContext@77c66a4f{/,file:///tmp/jetty-0.0.0.0-33610-hddsDatanode-_-any-7937221351765843611.dir/webapp/,AVAILABLE}{/hddsDatanode}
2019-09-20 20:58:38,604 [main] INFO  server.AbstractConnector (AbstractConnector.java:doStart(278)) - Started ServerConnector@649b5891{HTTP/1.1,[http/1.1]}{0.0.0.0:33610}
2019-09-20 20:58:38,606 [main] INFO  server.Server (Server.java:doStart(419)) - Started @525033ms
2019-09-20 20:58:38,606 [main] WARN  impl.MetricsSystemImpl (MetricsSystemImpl.java:register(276)) - Sink prometheus already exists!
2019-09-20 20:58:38,606 [main] INFO  server.BaseHttpServer (BaseHttpServer.java:updateConnectorAddress(215)) - HTTP server of HDDSDATANODE is listening at http://0.0.0.0:33610
2019-09-20 20:58:38,607 [main] INFO  impl.MetricsSystemImpl (MetricsSystemImpl.java:init(158)) - HddsDatanode metrics system started (again)
2019-09-20 20:58:38,611 [org.apache.hadoop.util.JvmPauseMonitor$Monitor@91ca312] INFO  util.JvmPauseMonitor (JvmPauseMonitor.java:run(188)) - Starting JVM pause monitor
2019-09-20 20:58:38,612 [main] INFO  ozone.HddsDatanodeService (HddsDatanodeService.java:start(184)) - HddsDatanodeService host:pr-hdds-2159-7gjv7-4246597483 ip:192.168.157.230
2019-09-20 20:58:38,612 [Datanode State Machine Thread - 0] INFO  datanode.InitDatanodeState (InitDatanodeState.java:persistContainerDatanodeDetails(140)) - DatanodeDetails is persisted to /workdir/hadoop-ozone/integration-test/target/test-dir/MiniOzoneClusterImpl-9716d3f7-240c-4861-9957-7330e711a072/datanode-5/meta/datanode.id
2019-09-20 20:58:38,618 [main] INFO  volume.HddsVolume (HddsVolume.java:<init>(176)) - Creating Volume: /workdir/hadoop-ozone/integration-test/target/test-dir/MiniOzoneClusterImpl-9716d3f7-240c-4861-9957-7330e711a072/datanode-6/data/containers/hdds of  storage type : DISK and capacity : 1482555576320
2019-09-20 20:58:38,618 [main] INFO  volume.VolumeSet (VolumeSet.java:initializeVolumeSet(170)) - Added Volume : /workdir/hadoop-ozone/integration-test/target/test-dir/MiniOzoneClusterImpl-9716d3f7-240c-4861-9957-7330e711a072/datanode-6/data/containers/hdds to VolumeSet
2019-09-20 20:58:38,618 [main] INFO  volume.ThrottledAsyncChecker (ThrottledAsyncChecker.java:schedule(139)) - Scheduling a check for org.apache.hadoop.ozone.container.common.volume.HddsVolume@62cf6a84
2019-09-20 20:58:38,618 [main] INFO  volume.HddsVolumeChecker (HddsVolumeChecker.java:checkAllVolumes(202)) - Scheduled health check for volume org.apache.hadoop.ozone.container.common.volume.HddsVolume@62cf6a84
2019-09-20 20:58:38,631 [main] INFO  impl.RaftServerProxy (ConfUtils.java:logGet(43)) - raft.rpc.type = GRPC (default)
2019-09-20 20:58:38,631 [main] INFO  grpc.GrpcFactory (GrpcFactory.java:checkPooledByteBufAllocatorUseCacheForAllThreads(45)) - PERFORMANCE WARNING: useCacheForAllThreads is true that may cause Netty to create a lot garbage objects and, as a result, trigger GC.
	It is recommended to disable useCacheForAllThreads by setting -Dorg.apache.ratis.thirdparty.io.netty.allocator.useCacheForAllThreads=false in command line.
2019-09-20 20:58:38,631 [main] INFO  grpc.GrpcConfigKeys$Server (ConfUtils.java:logGet(43)) - raft.grpc.server.port = 0 (default)
2019-09-20 20:58:38,632 [main] INFO  server.GrpcService (ConfUtils.java:logGet(43)) - raft.grpc.message.size.max = 33570816 (custom)
2019-09-20 20:58:38,632 [main] INFO  server.RaftServerConfigKeys (ConfUtils.java:logGet(43)) - raft.server.log.appender.buffer.byte-limit = 33554432 (custom)
2019-09-20 20:58:38,632 [main] INFO  server.GrpcService (ConfUtils.java:logGet(43)) - raft.grpc.flow.control.window = 1MB (=1048576) (default)
2019-09-20 20:58:38,632 [main] INFO  server.RaftServerConfigKeys (ConfUtils.java:logGet(43)) - raft.server.rpc.request.timeout = 3000ms (default)
2019-09-20 20:58:38,632 [main] INFO  server.RaftServerConfigKeys (ConfUtils.java:logGet(43)) - raft.server.storage.dir = [/workdir/hadoop-ozone/integration-test/target/test-dir/MiniOzoneClusterImpl-9716d3f7-240c-4861-9957-7330e711a072/datanode-6/data/ratis] (custom)
2019-09-20 20:58:38,634 [main] INFO  hdfs.DFSUtil (DFSUtil.java:httpServerTemplateForNNAndJN(1641)) - Starting Web-server for hddsDatanode at: http://0.0.0.0:0
2019-09-20 20:58:38,635 [main] INFO  server.AuthenticationFilter (AuthenticationFilter.java:constructSecretProvider(240)) - Unable to initialize FileSignerSecretProvider, falling back to use random secrets.
2019-09-20 20:58:38,635 [main] WARN  http.HttpRequestLog (HttpRequestLog.java:getRequestLog(97)) - Jetty request log can only be enabled using Log4j
2019-09-20 20:58:38,636 [main] INFO  http.HttpServer2 (HttpServer2.java:addGlobalFilter(975)) - Added global filter 'safety' (class=org.apache.hadoop.http.HttpServer2$QuotingInputFilter)
2019-09-20 20:58:38,637 [main] INFO  http.HttpServer2 (HttpServer2.java:addFilter(948)) - Added filter static_user_filter (class=org.apache.hadoop.http.lib.StaticUserWebFilter$StaticUserFilter) to context hddsDatanode
2019-09-20 20:58:38,637 [main] INFO  http.HttpServer2 (HttpServer2.java:addFilter(958)) - Added filter static_user_filter (class=org.apache.hadoop.http.lib.StaticUserWebFilter$StaticUserFilter) to context logs
2019-09-20 20:58:38,637 [main] INFO  http.HttpServer2 (HttpServer2.java:addFilter(958)) - Added filter static_user_filter (class=org.apache.hadoop.http.lib.StaticUserWebFilter$StaticUserFilter) to context static
2019-09-20 20:58:38,637 [main] INFO  http.HttpServer2 (HttpServer2.java:bindListener(1191)) - Jetty bound to port 45102
2019-09-20 20:58:38,638 [main] INFO  server.Server (Server.java:doStart(351)) - jetty-9.3.24.v20180605, build timestamp: 2018-06-05T17:11:56Z, git hash: 84205aa28f11a4f31f2a3b86d1bba2cc8ab69827
2019-09-20 20:58:38,639 [main] INFO  handler.ContextHandler (ContextHandler.java:doStart(781)) - Started o.e.j.s.ServletContextHandler@31881aa2{/logs,file:///workdir/hadoop-ozone/integration-test/target/log,AVAILABLE}
2019-09-20 20:58:38,639 [main] INFO  handler.ContextHandler (ContextHandler.java:doStart(781)) - Started o.e.j.s.ServletContextHandler@cf01c2e{/static,jar:file:/home/user/.m2/repository/org/apache/hadoop/hadoop-hdds-container-service/0.5.0-SNAPSHOT/hadoop-hdds-container-service-0.5.0-SNAPSHOT.jar!/webapps/static,AVAILABLE}
2019-09-20 20:58:38,663 [main] INFO  handler.ContextHandler (ContextHandler.java:doStart(781)) - Started o.e.j.w.WebAppContext@68e5c7ae{/,file:///tmp/jetty-0.0.0.0-45102-hddsDatanode-_-any-5452268545940400612.dir/webapp/,AVAILABLE}{/hddsDatanode}
2019-09-20 20:58:38,663 [main] INFO  server.AbstractConnector (AbstractConnector.java:doStart(278)) - Started ServerConnector@68bd8ca7{HTTP/1.1,[http/1.1]}{0.0.0.0:45102}
2019-09-20 20:58:38,669 [main] INFO  server.Server (Server.java:doStart(419)) - Started @525097ms
2019-09-20 20:58:38,670 [main] WARN  impl.MetricsSystemImpl (MetricsSystemImpl.java:register(276)) - Sink prometheus already exists!
2019-09-20 20:58:38,671 [main] INFO  server.BaseHttpServer (BaseHttpServer.java:updateConnectorAddress(215)) - HTTP server of HDDSDATANODE is listening at http://0.0.0.0:45102
2019-09-20 20:58:38,671 [main] INFO  ozone.MiniOzoneClusterImpl (MiniOzoneClusterImpl.java:lambda$waitForClusterToBeReady$0(145)) - Waiting for cluster to be ready. Got 0 of 7 DN Heartbeats.
2019-09-20 20:58:38,672 [org.apache.hadoop.util.JvmPauseMonitor$Monitor@475be073] INFO  util.JvmPauseMonitor (JvmPauseMonitor.java:run(188)) - Starting JVM pause monitor
2019-09-20 20:58:38,674 [Datanode State Machine Thread - 0] INFO  datanode.InitDatanodeState (InitDatanodeState.java:persistContainerDatanodeDetails(140)) - DatanodeDetails is persisted to /workdir/hadoop-ozone/integration-test/target/test-dir/MiniOzoneClusterImpl-9716d3f7-240c-4861-9957-7330e711a072/datanode-6/meta/datanode.id
2019-09-20 20:58:39,671 [main] INFO  ozone.MiniOzoneClusterImpl (MiniOzoneClusterImpl.java:lambda$waitForClusterToBeReady$0(145)) - Waiting for cluster to be ready. Got 0 of 7 DN Heartbeats.
2019-09-20 20:58:40,349 [Datanode State Machine Thread - 0] INFO  ozoneimpl.OzoneContainer (OzoneContainer.java:start(217)) - Attempting to start container services.
2019-09-20 20:58:40,350 [Datanode State Machine Thread - 0] INFO  ozoneimpl.OzoneContainer (OzoneContainer.java:startContainerScrub(179)) - Background container scanner has been disabled.
2019-09-20 20:58:40,350 [Datanode State Machine Thread - 0] INFO  ratis.XceiverServerRatis (XceiverServerRatis.java:start(411)) - Starting XceiverServerRatis 2d4b4d8d-b6d2-468b-8b93-ef1832d4951b at port 0
2019-09-20 20:58:40,360 [Datanode State Machine Thread - 0] INFO  impl.RaftServerProxy (RaftServerProxy.java:lambda$start$3(299)) - 2d4b4d8d-b6d2-468b-8b93-ef1832d4951b: start RPC server
2019-09-20 20:58:40,362 [Datanode State Machine Thread - 0] INFO  server.GrpcService (GrpcService.java:startImpl(158)) - 2d4b4d8d-b6d2-468b-8b93-ef1832d4951b: GrpcService started, listening on 0.0.0.0/0.0.0.0:35072
2019-09-20 20:58:40,362 [Datanode State Machine Thread - 0] INFO  ratis.XceiverServerRatis (XceiverServerRatis.java:start(421)) - XceiverServerRatis 2d4b4d8d-b6d2-468b-8b93-ef1832d4951b is started using port 35072
2019-09-20 20:58:40,364 [Datanode State Machine Thread - 0] INFO  server.XceiverServerGrpc (XceiverServerGrpc.java:start(163)) - XceiverServerGrpc 2d4b4d8d-b6d2-468b-8b93-ef1832d4951b is started using port 43503
2019-09-20 20:58:40,382 [Datanode State Machine Thread - 0] INFO  ozoneimpl.OzoneContainer (OzoneContainer.java:start(217)) - Attempting to start container services.
2019-09-20 20:58:40,383 [Datanode State Machine Thread - 0] INFO  ozoneimpl.OzoneContainer (OzoneContainer.java:startContainerScrub(179)) - Background container scanner has been disabled.
2019-09-20 20:58:40,383 [Datanode State Machine Thread - 0] INFO  ratis.XceiverServerRatis (XceiverServerRatis.java:start(411)) - Starting XceiverServerRatis 9dabc3d6-6bd9-4ca2-9d63-753c6cd15dc2 at port 0
2019-09-20 20:58:40,391 [Datanode State Machine Thread - 0] INFO  impl.RaftServerProxy (RaftServerProxy.java:lambda$start$3(299)) - 9dabc3d6-6bd9-4ca2-9d63-753c6cd15dc2: start RPC server
2019-09-20 20:58:40,391 [Datanode State Machine Thread - 0] INFO  server.GrpcService (GrpcService.java:startImpl(158)) - 9dabc3d6-6bd9-4ca2-9d63-753c6cd15dc2: GrpcService started, listening on 0.0.0.0/0.0.0.0:43214
2019-09-20 20:58:40,391 [Datanode State Machine Thread - 0] INFO  ratis.XceiverServerRatis (XceiverServerRatis.java:start(421)) - XceiverServerRatis 9dabc3d6-6bd9-4ca2-9d63-753c6cd15dc2 is started using port 43214
2019-09-20 20:58:40,393 [Datanode State Machine Thread - 0] INFO  server.XceiverServerGrpc (XceiverServerGrpc.java:start(163)) - XceiverServerGrpc 9dabc3d6-6bd9-4ca2-9d63-753c6cd15dc2 is started using port 34029
2019-09-20 20:58:40,438 [Datanode State Machine Thread - 0] INFO  ozoneimpl.OzoneContainer (OzoneContainer.java:start(217)) - Attempting to start container services.
2019-09-20 20:58:40,438 [Datanode State Machine Thread - 0] INFO  ozoneimpl.OzoneContainer (OzoneContainer.java:startContainerScrub(179)) - Background container scanner has been disabled.
2019-09-20 20:58:40,438 [Datanode State Machine Thread - 0] INFO  ratis.XceiverServerRatis (XceiverServerRatis.java:start(411)) - Starting XceiverServerRatis 749bb073-67b9-4e0b-a5ea-b5343d76f657 at port 0
2019-09-20 20:58:40,445 [Datanode State Machine Thread - 0] INFO  impl.RaftServerProxy (RaftServerProxy.java:lambda$start$3(299)) - 749bb073-67b9-4e0b-a5ea-b5343d76f657: start RPC server
2019-09-20 20:58:40,447 [Datanode State Machine Thread - 0] INFO  server.GrpcService (GrpcService.java:startImpl(158)) - 749bb073-67b9-4e0b-a5ea-b5343d76f657: GrpcService started, listening on 0.0.0.0/0.0.0.0:44906
2019-09-20 20:58:40,447 [Datanode State Machine Thread - 0] INFO  ratis.XceiverServerRatis (XceiverServerRatis.java:start(421)) - XceiverServerRatis 749bb073-67b9-4e0b-a5ea-b5343d76f657 is started using port 44906
2019-09-20 20:58:40,448 [Datanode State Machine Thread - 0] INFO  server.XceiverServerGrpc (XceiverServerGrpc.java:start(163)) - XceiverServerGrpc 749bb073-67b9-4e0b-a5ea-b5343d76f657 is started using port 44850
2019-09-20 20:58:40,498 [Datanode State Machine Thread - 0] INFO  ozoneimpl.OzoneContainer (OzoneContainer.java:start(217)) - Attempting to start container services.
2019-09-20 20:58:40,499 [Datanode State Machine Thread - 0] INFO  ozoneimpl.OzoneContainer (OzoneContainer.java:startContainerScrub(179)) - Background container scanner has been disabled.
2019-09-20 20:58:40,499 [Datanode State Machine Thread - 0] INFO  ratis.XceiverServerRatis (XceiverServerRatis.java:start(411)) - Starting XceiverServerRatis c70611d4-7cff-491b-af68-1f45d977db23 at port 0
2019-09-20 20:58:40,506 [Datanode State Machine Thread - 0] INFO  impl.RaftServerProxy (RaftServerProxy.java:lambda$start$3(299)) - c70611d4-7cff-491b-af68-1f45d977db23: start RPC server
2019-09-20 20:58:40,506 [Datanode State Machine Thread - 0] INFO  server.GrpcService (GrpcService.java:startImpl(158)) - c70611d4-7cff-491b-af68-1f45d977db23: GrpcService started, listening on 0.0.0.0/0.0.0.0:44295
2019-09-20 20:58:40,506 [Datanode State Machine Thread - 0] INFO  ratis.XceiverServerRatis (XceiverServerRatis.java:start(421)) - XceiverServerRatis c70611d4-7cff-491b-af68-1f45d977db23 is started using port 44295
2019-09-20 20:58:40,507 [Datanode State Machine Thread - 0] INFO  server.XceiverServerGrpc (XceiverServerGrpc.java:start(163)) - XceiverServerGrpc c70611d4-7cff-491b-af68-1f45d977db23 is started using port 40373
2019-09-20 20:58:40,560 [Datanode State Machine Thread - 0] INFO  ozoneimpl.OzoneContainer (OzoneContainer.java:start(217)) - Attempting to start container services.
2019-09-20 20:58:40,560 [Datanode State Machine Thread - 0] INFO  ozoneimpl.OzoneContainer (OzoneContainer.java:startContainerScrub(179)) - Background container scanner has been disabled.
2019-09-20 20:58:40,560 [Datanode State Machine Thread - 0] INFO  ratis.XceiverServerRatis (XceiverServerRatis.java:start(411)) - Starting XceiverServerRatis 94a6d619-c930-45b6-ab16-e3ef1a750777 at port 0
2019-09-20 20:58:40,568 [Datanode State Machine Thread - 0] INFO  impl.RaftServerProxy (RaftServerProxy.java:lambda$start$3(299)) - 94a6d619-c930-45b6-ab16-e3ef1a750777: start RPC server
2019-09-20 20:58:40,569 [Datanode State Machine Thread - 0] INFO  server.GrpcService (GrpcService.java:startImpl(158)) - 94a6d619-c930-45b6-ab16-e3ef1a750777: GrpcService started, listening on 0.0.0.0/0.0.0.0:34407
2019-09-20 20:58:40,569 [Datanode State Machine Thread - 0] INFO  ratis.XceiverServerRatis (XceiverServerRatis.java:start(421)) - XceiverServerRatis 94a6d619-c930-45b6-ab16-e3ef1a750777 is started using port 34407
2019-09-20 20:58:40,571 [Datanode State Machine Thread - 0] INFO  server.XceiverServerGrpc (XceiverServerGrpc.java:start(163)) - XceiverServerGrpc 94a6d619-c930-45b6-ab16-e3ef1a750777 is started using port 41923
2019-09-20 20:58:40,625 [Datanode State Machine Thread - 0] INFO  ozoneimpl.OzoneContainer (OzoneContainer.java:start(217)) - Attempting to start container services.
2019-09-20 20:58:40,625 [Datanode State Machine Thread - 0] INFO  ozoneimpl.OzoneContainer (OzoneContainer.java:startContainerScrub(179)) - Background container scanner has been disabled.
2019-09-20 20:58:40,626 [Datanode State Machine Thread - 0] INFO  ratis.XceiverServerRatis (XceiverServerRatis.java:start(411)) - Starting XceiverServerRatis 95d4fb60-b61e-4c4a-8fcb-b8ff1d3ec0a8 at port 0
2019-09-20 20:58:40,636 [Datanode State Machine Thread - 0] INFO  impl.RaftServerProxy (RaftServerProxy.java:lambda$start$3(299)) - 95d4fb60-b61e-4c4a-8fcb-b8ff1d3ec0a8: start RPC server
2019-09-20 20:58:40,636 [Datanode State Machine Thread - 0] INFO  server.GrpcService (GrpcService.java:startImpl(158)) - 95d4fb60-b61e-4c4a-8fcb-b8ff1d3ec0a8: GrpcService started, listening on 0.0.0.0/0.0.0.0:33102
2019-09-20 20:58:40,636 [Datanode State Machine Thread - 0] INFO  ratis.XceiverServerRatis (XceiverServerRatis.java:start(421)) - XceiverServerRatis 95d4fb60-b61e-4c4a-8fcb-b8ff1d3ec0a8 is started using port 33102
2019-09-20 20:58:40,637 [Datanode State Machine Thread - 0] INFO  server.XceiverServerGrpc (XceiverServerGrpc.java:start(163)) - XceiverServerGrpc 95d4fb60-b61e-4c4a-8fcb-b8ff1d3ec0a8 is started using port 46178
2019-09-20 20:58:40,672 [main] INFO  ozone.MiniOzoneClusterImpl (MiniOzoneClusterImpl.java:lambda$waitForClusterToBeReady$0(145)) - Waiting for cluster to be ready. Got 0 of 7 DN Heartbeats.
2019-09-20 20:58:40,686 [Datanode State Machine Thread - 0] INFO  ozoneimpl.OzoneContainer (OzoneContainer.java:start(217)) - Attempting to start container services.
2019-09-20 20:58:40,686 [Datanode State Machine Thread - 0] INFO  ozoneimpl.OzoneContainer (OzoneContainer.java:startContainerScrub(179)) - Background container scanner has been disabled.
2019-09-20 20:58:40,686 [Datanode State Machine Thread - 0] INFO  ratis.XceiverServerRatis (XceiverServerRatis.java:start(411)) - Starting XceiverServerRatis 611ae901-e50a-4ae8-a9b2-2f86c5d8c65e at port 0
2019-09-20 20:58:40,693 [Datanode State Machine Thread - 0] INFO  impl.RaftServerProxy (RaftServerProxy.java:lambda$start$3(299)) - 611ae901-e50a-4ae8-a9b2-2f86c5d8c65e: start RPC server
2019-09-20 20:58:40,694 [Datanode State Machine Thread - 0] INFO  server.GrpcService (GrpcService.java:startImpl(158)) - 611ae901-e50a-4ae8-a9b2-2f86c5d8c65e: GrpcService started, listening on 0.0.0.0/0.0.0.0:43796
2019-09-20 20:58:40,694 [Datanode State Machine Thread - 0] INFO  ratis.XceiverServerRatis (XceiverServerRatis.java:start(421)) - XceiverServerRatis 611ae901-e50a-4ae8-a9b2-2f86c5d8c65e is started using port 43796
2019-09-20 20:58:40,694 [Datanode State Machine Thread - 0] INFO  server.XceiverServerGrpc (XceiverServerGrpc.java:start(163)) - XceiverServerGrpc 611ae901-e50a-4ae8-a9b2-2f86c5d8c65e is started using port 45392
2019-09-20 20:58:41,673 [main] INFO  ozone.MiniOzoneClusterImpl (MiniOzoneClusterImpl.java:lambda$waitForClusterToBeReady$0(145)) - Waiting for cluster to be ready. Got 0 of 7 DN Heartbeats.
2019-09-20 20:58:42,310 [IPC Server handler 2 on 38046] INFO  net.NetworkTopology (NetworkTopologyImpl.java:add(111)) - Added a new node: /default-rack/2d4b4d8d-b6d2-468b-8b93-ef1832d4951b
2019-09-20 20:58:42,312 [IPC Server handler 2 on 38046] INFO  node.SCMNodeManager (SCMNodeManager.java:register(266)) - Registered Data node : 2d4b4d8d-b6d2-468b-8b93-ef1832d4951b{ip: 192.168.157.230, host: pr-hdds-2159-7gjv7-4246597483, networkLocation: /default-rack, certSerialId: null}
2019-09-20 20:58:42,314 [EventQueue-NodeRegistrationContainerReportForDataNodeSafeModeRule] INFO  safemode.SCMSafeModeManager (DataNodeSafeModeRule.java:process(71)) - SCM in safe mode. 1 DataNodes registered, 1 required.
2019-09-20 20:58:42,316 [EventQueue-NodeRegistrationContainerReportForDataNodeSafeModeRule] INFO  safemode.SCMSafeModeManager (SCMSafeModeManager.java:validateSafeModeExitRules(177)) - ScmSafeModeManager, all rules are successfully validated
2019-09-20 20:58:42,316 [EventQueue-NodeRegistrationContainerReportForDataNodeSafeModeRule] INFO  safemode.SCMSafeModeManager (SCMSafeModeManager.java:exitSafeMode(193)) - SCM exiting safe mode.
2019-09-20 20:58:42,332 [grpc-default-executor-9] INFO  impl.RaftServerProxy (RaftServerProxy.java:addNew(89)) - 2d4b4d8d-b6d2-468b-8b93-ef1832d4951b: addNew group-D70B88475EDB:[2d4b4d8d-b6d2-468b-8b93-ef1832d4951b:192.168.157.230:35072] returns group-D70B88475EDB:java.util.concurrent.CompletableFuture@7a7b5883[Not completed]
2019-09-20 20:58:42,337 [pool-409-thread-1] INFO  impl.RaftServerImpl (RaftServerImpl.java:<init>(95)) - 2d4b4d8d-b6d2-468b-8b93-ef1832d4951b: new RaftServerImpl for group-D70B88475EDB:[2d4b4d8d-b6d2-468b-8b93-ef1832d4951b:192.168.157.230:35072] with ContainerStateMachine:uninitialized
2019-09-20 20:58:42,337 [pool-409-thread-1] INFO  server.RaftServerConfigKeys (ConfUtils.java:logGet(43)) - raft.server.rpc.timeout.min = 5s (custom)
2019-09-20 20:58:42,337 [pool-409-thread-1] INFO  server.RaftServerConfigKeys (ConfUtils.java:logGet(43)) - raft.server.rpc.timeout.max = 5200ms (custom)
2019-09-20 20:58:42,338 [pool-409-thread-1] INFO  server.RaftServerConfigKeys (ConfUtils.java:logGet(43)) - raft.server.rpcslowness.timeout = 120s (custom)
2019-09-20 20:58:42,338 [pool-409-thread-1] INFO  server.RaftServerConfigKeys (ConfUtils.java:logGet(43)) - raft.server.sleep.deviation.threshold = 300 (default)
2019-09-20 20:58:42,338 [pool-409-thread-1] INFO  server.RaftServerConfigKeys (ConfUtils.java:logGet(43)) - raft.server.log.appender.install.snapshot.enabled = false (custom)
2019-09-20 20:58:42,339 [pool-409-thread-1] INFO  impl.RaftServerImpl (ServerState.java:<init>(103)) - 2d4b4d8d-b6d2-468b-8b93-ef1832d4951b@group-D70B88475EDB: ConfigurationManager, init=-1: [2d4b4d8d-b6d2-468b-8b93-ef1832d4951b:192.168.157.230:35072], old=null, confs=<EMPTY_MAP>
2019-09-20 20:58:42,339 [pool-409-thread-1] INFO  server.RaftServerConfigKeys (ConfUtils.java:logGet(43)) - raft.server.storage.dir = [/workdir/hadoop-ozone/integration-test/target/test-dir/MiniOzoneClusterImpl-9716d3f7-240c-4861-9957-7330e711a072/datanode-0/data/ratis] (custom)
2019-09-20 20:58:42,340 [pool-409-thread-1] INFO  storage.RaftStorageDirectory (RaftStorageDirectory.java:analyzeStorage(246)) - The storage directory /workdir/hadoop-ozone/integration-test/target/test-dir/MiniOzoneClusterImpl-9716d3f7-240c-4861-9957-7330e711a072/datanode-0/data/ratis/2495283e-6f57-475b-9fc1-d70b88475edb does not exist. Creating ...
2019-09-20 20:58:42,355 [pool-409-thread-1] INFO  storage.RaftStorageDirectory (RaftStorageDirectory.java:tryLock(328)) - Lock on /workdir/hadoop-ozone/integration-test/target/test-dir/MiniOzoneClusterImpl-9716d3f7-240c-4861-9957-7330e711a072/datanode-0/data/ratis/2495283e-6f57-475b-9fc1-d70b88475edb/in_use.lock acquired by nodename 6057@pr-hdds-2159-7gjv7-4246597483
2019-09-20 20:58:42,366 [IPC Server handler 3 on 38046] INFO  net.NetworkTopology (NetworkTopologyImpl.java:add(111)) - Added a new node: /default-rack/9dabc3d6-6bd9-4ca2-9d63-753c6cd15dc2
2019-09-20 20:58:42,366 [IPC Server handler 3 on 38046] INFO  node.SCMNodeManager (SCMNodeManager.java:register(266)) - Registered Data node : 9dabc3d6-6bd9-4ca2-9d63-753c6cd15dc2{ip: 192.168.157.230, host: pr-hdds-2159-7gjv7-4246597483, networkLocation: /default-rack, certSerialId: null}
2019-09-20 20:58:42,369 [pool-409-thread-1] INFO  storage.RaftStorage (RaftStorage.java:format(72)) - Storage directory /workdir/hadoop-ozone/integration-test/target/test-dir/MiniOzoneClusterImpl-9716d3f7-240c-4861-9957-7330e711a072/datanode-0/data/ratis/2495283e-6f57-475b-9fc1-d70b88475edb has been successfully formatted.
2019-09-20 20:58:42,369 [pool-409-thread-1] INFO  ratis.ContainerStateMachine (ContainerStateMachine.java:loadSnapshot(230)) - group-D70B88475EDB: The snapshot info is null. Setting the last applied indexto:(t:0, i:~)
2019-09-20 20:58:42,369 [pool-409-thread-1] INFO  server.RaftServerConfigKeys (ConfUtils.java:logGet(43)) - raft.server.notification.no-leader.timeout = 120s (custom)
2019-09-20 20:58:42,369 [pool-409-thread-1] INFO  server.RaftServerConfigKeys (ConfUtils.java:logGet(43)) - raft.server.log.use.memory = false (default)
2019-09-20 20:58:42,370 [pool-409-thread-1] INFO  server.RaftServerConfigKeys (ConfUtils.java:logGet(43)) - raft.server.log.purge.gap = 1000000 (custom)
2019-09-20 20:58:42,370 [pool-409-thread-1] INFO  server.RaftServerConfigKeys (ConfUtils.java:logGet(43)) - raft.server.log.appender.buffer.byte-limit = 33554432 (custom)
2019-09-20 20:58:42,370 [pool-409-thread-1] INFO  server.RaftServerConfigKeys (ConfUtils.java:logGet(43)) - raft.server.log.segment.size.max = 1048576 (custom)
2019-09-20 20:58:42,370 [pool-409-thread-1] INFO  server.RaftServerConfigKeys (ConfUtils.java:logGet(43)) - raft.server.log.segment.cache.num.max = 2 (custom)
2019-09-20 20:58:42,371 [pool-409-thread-1] INFO  segmented.SegmentedRaftLogWorker (SegmentedRaftLogWorker.java:<init>(172)) - new 2d4b4d8d-b6d2-468b-8b93-ef1832d4951b@group-D70B88475EDB-SegmentedRaftLogWorker for RaftStorage:Storage Directory /workdir/hadoop-ozone/integration-test/target/test-dir/MiniOzoneClusterImpl-9716d3f7-240c-4861-9957-7330e711a072/datanode-0/data/ratis/2495283e-6f57-475b-9fc1-d70b88475edb
2019-09-20 20:58:42,374 [pool-409-thread-1] INFO  server.RaftServerConfigKeys (ConfUtils.java:logGet(43)) - raft.server.log.queue.byte-limit = 2147483647 (custom)
2019-09-20 20:58:42,374 [pool-409-thread-1] INFO  server.RaftServerConfigKeys (ConfUtils.java:logGet(43)) - raft.server.log.queue.element-limit = 1024 (custom)
2019-09-20 20:58:42,374 [pool-409-thread-1] INFO  server.RaftServerConfigKeys (ConfUtils.java:logGet(43)) - raft.server.log.segment.size.max = 1048576 (custom)
2019-09-20 20:58:42,375 [pool-409-thread-1] INFO  server.RaftServerConfigKeys (ConfUtils.java:logGet(43)) - raft.server.log.preallocated.size = 16384 (custom)
2019-09-20 20:58:42,375 [pool-409-thread-1] INFO  server.RaftServerConfigKeys (ConfUtils.java:logGet(43)) - raft.server.log.write.buffer.size = 33554432 (custom)
2019-09-20 20:58:42,375 [pool-409-thread-1] INFO  server.RaftServerConfigKeys (ConfUtils.java:logGet(43)) - raft.server.log.force.sync.num = 128 (default)
2019-09-20 20:58:42,375 [pool-409-thread-1] INFO  server.RaftServerConfigKeys (ConfUtils.java:logGet(43)) - raft.server.log.statemachine.data.sync = true (default)
2019-09-20 20:58:42,375 [pool-409-thread-1] INFO  server.RaftServerConfigKeys (ConfUtils.java:logGet(43)) - raft.server.log.statemachine.data.sync.timeout = 10s (default)
2019-09-20 20:58:42,375 [pool-409-thread-1] INFO  server.RaftServerConfigKeys (ConfUtils.java:logGet(43)) - raft.server.log.statemachine.data.sync.timeout.retry = -1 (default)
2019-09-20 20:58:42,376 [pool-409-thread-1] INFO  server.RaftServerConfigKeys (ConfUtils.java:logGet(43)) - raft.server.log.statemachine.data.caching.enabled = true (custom)
2019-09-20 20:58:42,376 [pool-409-thread-1] INFO  segmented.SegmentedRaftLogWorker (SegmentedRaftLogWorker.java:lambda$new$0(132)) - 2d4b4d8d-b6d2-468b-8b93-ef1832d4951b@group-D70B88475EDB-SegmentedRaftLogWorker: flushIndex: setUnconditionally 0 -> -1
2019-09-20 20:58:42,377 [pool-409-thread-1] INFO  server.RaftServerConfigKeys (ConfUtils.java:logGet(43)) - raft.server.snapshot.auto.trigger.enabled = true (custom)
2019-09-20 20:58:42,377 [pool-409-thread-1] INFO  server.RaftServerConfigKeys (ConfUtils.java:logGet(43)) - raft.server.snapshot.auto.trigger.threshold = 10000 (custom)
2019-09-20 20:58:42,377 [pool-409-thread-1] INFO  server.RaftServerConfigKeys (ConfUtils.java:logGet(43)) - raft.server.snapshot.retention.num.files = 5 (custom)
2019-09-20 20:58:42,377 [pool-409-thread-1] INFO  server.RaftServerConfigKeys (ConfUtils.java:logGet(43)) - raft.server.retrycache.expirytime = 600000ms (custom)
2019-09-20 20:58:42,379 [pool-409-thread-1] INFO  impl.RaftServerImpl (RaftServerImpl.java:start(185)) - 2d4b4d8d-b6d2-468b-8b93-ef1832d4951b@group-D70B88475EDB: start as a follower, conf=-1: [2d4b4d8d-b6d2-468b-8b93-ef1832d4951b:192.168.157.230:35072], old=null
2019-09-20 20:58:42,380 [pool-409-thread-1] INFO  impl.RaftServerImpl (RaftServerImpl.java:setRole(174)) - 2d4b4d8d-b6d2-468b-8b93-ef1832d4951b@group-D70B88475EDB: changes role from      null to FOLLOWER at term 0 for startAsFollower
2019-09-20 20:58:42,380 [pool-409-thread-1] INFO  impl.RoleInfo (RoleInfo.java:updateAndGet(143)) - 2d4b4d8d-b6d2-468b-8b93-ef1832d4951b: start FollowerState
2019-09-20 20:58:42,381 [pool-409-thread-1] INFO  util.JmxRegister (JmxRegister.java:tryRegister(44)) - Successfully registered JMX Bean with object name Ratis:service=RaftServer,group=group-D70B88475EDB,id=2d4b4d8d-b6d2-468b-8b93-ef1832d4951b
2019-09-20 20:58:42,384 [RatisPipelineUtilsThread] INFO  pipeline.PipelineStateManager (PipelineStateManager.java:addPipeline(56)) - Created pipeline Pipeline[ Id: 2495283e-6f57-475b-9fc1-d70b88475edb, Nodes: 2d4b4d8d-b6d2-468b-8b93-ef1832d4951b{ip: 192.168.157.230, host: pr-hdds-2159-7gjv7-4246597483, networkLocation: /default-rack, certSerialId: null}, Type:RATIS, Factor:ONE, State:OPEN]
2019-09-20 20:58:42,390 [grpc-default-executor-9] INFO  impl.RaftServerProxy (RaftServerProxy.java:addNew(89)) - 9dabc3d6-6bd9-4ca2-9d63-753c6cd15dc2: addNew group-92B3E14ED7DE:[9dabc3d6-6bd9-4ca2-9d63-753c6cd15dc2:192.168.157.230:43214] returns group-92B3E14ED7DE:java.util.concurrent.CompletableFuture@50b3e80f[Not completed]
2019-09-20 20:58:42,392 [pool-419-thread-1] INFO  impl.RaftServerImpl (RaftServerImpl.java:<init>(95)) - 9dabc3d6-6bd9-4ca2-9d63-753c6cd15dc2: new RaftServerImpl for group-92B3E14ED7DE:[9dabc3d6-6bd9-4ca2-9d63-753c6cd15dc2:192.168.157.230:43214] with ContainerStateMachine:uninitialized
2019-09-20 20:58:42,392 [pool-419-thread-1] INFO  server.RaftServerConfigKeys (ConfUtils.java:logGet(43)) - raft.server.rpc.timeout.min = 5s (custom)
2019-09-20 20:58:42,392 [pool-419-thread-1] INFO  server.RaftServerConfigKeys (ConfUtils.java:logGet(43)) - raft.server.rpc.timeout.max = 5200ms (custom)
2019-09-20 20:58:42,392 [pool-419-thread-1] INFO  server.RaftServerConfigKeys (ConfUtils.java:logGet(43)) - raft.server.rpcslowness.timeout = 120s (custom)
2019-09-20 20:58:42,392 [pool-419-thread-1] INFO  server.RaftServerConfigKeys (ConfUtils.java:logGet(43)) - raft.server.sleep.deviation.threshold = 300 (default)
2019-09-20 20:58:42,392 [pool-419-thread-1] INFO  server.RaftServerConfigKeys (ConfUtils.java:logGet(43)) - raft.server.log.appender.install.snapshot.enabled = false (custom)
2019-09-20 20:58:42,393 [pool-419-thread-1] INFO  impl.RaftServerImpl (ServerState.java:<init>(103)) - 9dabc3d6-6bd9-4ca2-9d63-753c6cd15dc2@group-92B3E14ED7DE: ConfigurationManager, init=-1: [9dabc3d6-6bd9-4ca2-9d63-753c6cd15dc2:192.168.157.230:43214], old=null, confs=<EMPTY_MAP>
2019-09-20 20:58:42,393 [pool-419-thread-1] INFO  server.RaftServerConfigKeys (ConfUtils.java:logGet(43)) - raft.server.storage.dir = [/workdir/hadoop-ozone/integration-test/target/test-dir/MiniOzoneClusterImpl-9716d3f7-240c-4861-9957-7330e711a072/datanode-1/data/ratis] (custom)
2019-09-20 20:58:42,393 [pool-419-thread-1] INFO  storage.RaftStorageDirectory (RaftStorageDirectory.java:analyzeStorage(246)) - The storage directory /workdir/hadoop-ozone/integration-test/target/test-dir/MiniOzoneClusterImpl-9716d3f7-240c-4861-9957-7330e711a072/datanode-1/data/ratis/e53feeaa-93b8-4bfd-ba72-92b3e14ed7de does not exist. Creating ...
2019-09-20 20:58:42,407 [pool-419-thread-1] INFO  storage.RaftStorageDirectory (RaftStorageDirectory.java:tryLock(328)) - Lock on /workdir/hadoop-ozone/integration-test/target/test-dir/MiniOzoneClusterImpl-9716d3f7-240c-4861-9957-7330e711a072/datanode-1/data/ratis/e53feeaa-93b8-4bfd-ba72-92b3e14ed7de/in_use.lock acquired by nodename 6057@pr-hdds-2159-7gjv7-4246597483
2019-09-20 20:58:42,420 [pool-419-thread-1] INFO  storage.RaftStorage (RaftStorage.java:format(72)) - Storage directory /workdir/hadoop-ozone/integration-test/target/test-dir/MiniOzoneClusterImpl-9716d3f7-240c-4861-9957-7330e711a072/datanode-1/data/ratis/e53feeaa-93b8-4bfd-ba72-92b3e14ed7de has been successfully formatted.
2019-09-20 20:58:42,420 [pool-419-thread-1] INFO  ratis.ContainerStateMachine (ContainerStateMachine.java:loadSnapshot(230)) - group-92B3E14ED7DE: The snapshot info is null. Setting the last applied indexto:(t:0, i:~)
2019-09-20 20:58:42,420 [pool-419-thread-1] INFO  server.RaftServerConfigKeys (ConfUtils.java:logGet(43)) - raft.server.notification.no-leader.timeout = 120s (custom)
2019-09-20 20:58:42,420 [pool-419-thread-1] INFO  server.RaftServerConfigKeys (ConfUtils.java:logGet(43)) - raft.server.log.use.memory = false (default)
2019-09-20 20:58:42,420 [pool-419-thread-1] INFO  server.RaftServerConfigKeys (ConfUtils.java:logGet(43)) - raft.server.log.purge.gap = 1000000 (custom)
2019-09-20 20:58:42,420 [pool-419-thread-1] INFO  server.RaftServerConfigKeys (ConfUtils.java:logGet(43)) - raft.server.log.appender.buffer.byte-limit = 33554432 (custom)
2019-09-20 20:58:42,421 [pool-419-thread-1] INFO  server.RaftServerConfigKeys (ConfUtils.java:logGet(43)) - raft.server.log.segment.size.max = 1048576 (custom)
2019-09-20 20:58:42,421 [pool-419-thread-1] INFO  server.RaftServerConfigKeys (ConfUtils.java:logGet(43)) - raft.server.log.segment.cache.num.max = 2 (custom)
2019-09-20 20:58:42,421 [pool-419-thread-1] INFO  segmented.SegmentedRaftLogWorker (SegmentedRaftLogWorker.java:<init>(172)) - new 9dabc3d6-6bd9-4ca2-9d63-753c6cd15dc2@group-92B3E14ED7DE-SegmentedRaftLogWorker for RaftStorage:Storage Directory /workdir/hadoop-ozone/integration-test/target/test-dir/MiniOzoneClusterImpl-9716d3f7-240c-4861-9957-7330e711a072/datanode-1/data/ratis/e53feeaa-93b8-4bfd-ba72-92b3e14ed7de
2019-09-20 20:58:42,422 [pool-419-thread-1] INFO  server.RaftServerConfigKeys (ConfUtils.java:logGet(43)) - raft.server.log.queue.byte-limit = 2147483647 (custom)
2019-09-20 20:58:42,422 [pool-419-thread-1] INFO  server.RaftServerConfigKeys (ConfUtils.java:logGet(43)) - raft.server.log.queue.element-limit = 1024 (custom)
2019-09-20 20:58:42,423 [pool-419-thread-1] INFO  server.RaftServerConfigKeys (ConfUtils.java:logGet(43)) - raft.server.log.segment.size.max = 1048576 (custom)
2019-09-20 20:58:42,423 [pool-419-thread-1] INFO  server.RaftServerConfigKeys (ConfUtils.java:logGet(43)) - raft.server.log.preallocated.size = 16384 (custom)
2019-09-20 20:58:42,423 [pool-419-thread-1] INFO  server.RaftServerConfigKeys (ConfUtils.java:logGet(43)) - raft.server.log.write.buffer.size = 33554432 (custom)
2019-09-20 20:58:42,423 [pool-419-thread-1] INFO  server.RaftServerConfigKeys (ConfUtils.java:logGet(43)) - raft.server.log.force.sync.num = 128 (default)
2019-09-20 20:58:42,423 [pool-419-thread-1] INFO  server.RaftServerConfigKeys (ConfUtils.java:logGet(43)) - raft.server.log.statemachine.data.sync = true (default)
2019-09-20 20:58:42,423 [pool-419-thread-1] INFO  server.RaftServerConfigKeys (ConfUtils.java:logGet(43)) - raft.server.log.statemachine.data.sync.timeout = 10s (default)
2019-09-20 20:58:42,423 [pool-419-thread-1] INFO  server.RaftServerConfigKeys (ConfUtils.java:logGet(43)) - raft.server.log.statemachine.data.sync.timeout.retry = -1 (default)
2019-09-20 20:58:42,423 [pool-419-thread-1] INFO  server.RaftServerConfigKeys (ConfUtils.java:logGet(43)) - raft.server.log.statemachine.data.caching.enabled = true (custom)
2019-09-20 20:58:42,424 [pool-419-thread-1] INFO  segmented.SegmentedRaftLogWorker (SegmentedRaftLogWorker.java:lambda$new$0(132)) - 9dabc3d6-6bd9-4ca2-9d63-753c6cd15dc2@group-92B3E14ED7DE-SegmentedRaftLogWorker: flushIndex: setUnconditionally 0 -> -1
2019-09-20 20:58:42,424 [pool-419-thread-1] INFO  server.RaftServerConfigKeys (ConfUtils.java:logGet(43)) - raft.server.snapshot.auto.trigger.enabled = true (custom)
2019-09-20 20:58:42,424 [pool-419-thread-1] INFO  server.RaftServerConfigKeys (ConfUtils.java:logGet(43)) - raft.server.snapshot.auto.trigger.threshold = 10000 (custom)
2019-09-20 20:58:42,424 [pool-419-thread-1] INFO  server.RaftServerConfigKeys (ConfUtils.java:logGet(43)) - raft.server.snapshot.retention.num.files = 5 (custom)
2019-09-20 20:58:42,424 [pool-419-thread-1] INFO  server.RaftServerConfigKeys (ConfUtils.java:logGet(43)) - raft.server.retrycache.expirytime = 600000ms (custom)
2019-09-20 20:58:42,425 [IPC Server handler 4 on 38046] INFO  net.NetworkTopology (NetworkTopologyImpl.java:add(111)) - Added a new node: /default-rack/749bb073-67b9-4e0b-a5ea-b5343d76f657
2019-09-20 20:58:42,425 [IPC Server handler 4 on 38046] INFO  node.SCMNodeManager (SCMNodeManager.java:register(266)) - Registered Data node : 749bb073-67b9-4e0b-a5ea-b5343d76f657{ip: 192.168.157.230, host: pr-hdds-2159-7gjv7-4246597483, networkLocation: /default-rack, certSerialId: null}
2019-09-20 20:58:42,426 [pool-419-thread-1] INFO  impl.RaftServerImpl (RaftServerImpl.java:start(185)) - 9dabc3d6-6bd9-4ca2-9d63-753c6cd15dc2@group-92B3E14ED7DE: start as a follower, conf=-1: [9dabc3d6-6bd9-4ca2-9d63-753c6cd15dc2:192.168.157.230:43214], old=null
2019-09-20 20:58:42,426 [pool-419-thread-1] INFO  impl.RaftServerImpl (RaftServerImpl.java:setRole(174)) - 9dabc3d6-6bd9-4ca2-9d63-753c6cd15dc2@group-92B3E14ED7DE: changes role from      null to FOLLOWER at term 0 for startAsFollower
2019-09-20 20:58:42,426 [pool-419-thread-1] INFO  impl.RoleInfo (RoleInfo.java:updateAndGet(143)) - 9dabc3d6-6bd9-4ca2-9d63-753c6cd15dc2: start FollowerState
2019-09-20 20:58:42,427 [pool-419-thread-1] INFO  util.JmxRegister (JmxRegister.java:tryRegister(44)) - Successfully registered JMX Bean with object name Ratis:service=RaftServer,group=group-92B3E14ED7DE,id=9dabc3d6-6bd9-4ca2-9d63-753c6cd15dc2
2019-09-20 20:58:42,429 [RatisPipelineUtilsThread] INFO  pipeline.PipelineStateManager (PipelineStateManager.java:addPipeline(56)) - Created pipeline Pipeline[ Id: e53feeaa-93b8-4bfd-ba72-92b3e14ed7de, Nodes: 9dabc3d6-6bd9-4ca2-9d63-753c6cd15dc2{ip: 192.168.157.230, host: pr-hdds-2159-7gjv7-4246597483, networkLocation: /default-rack, certSerialId: null}, Type:RATIS, Factor:ONE, State:OPEN]
2019-09-20 20:58:42,439 [grpc-default-executor-9] INFO  impl.RaftServerProxy (RaftServerProxy.java:addNew(89)) - 749bb073-67b9-4e0b-a5ea-b5343d76f657: addNew group-8793D311770A:[749bb073-67b9-4e0b-a5ea-b5343d76f657:192.168.157.230:44906] returns group-8793D311770A:java.util.concurrent.CompletableFuture@6d65848e[Not completed]
2019-09-20 20:58:42,440 [pool-429-thread-1] INFO  impl.RaftServerImpl (RaftServerImpl.java:<init>(95)) - 749bb073-67b9-4e0b-a5ea-b5343d76f657: new RaftServerImpl for group-8793D311770A:[749bb073-67b9-4e0b-a5ea-b5343d76f657:192.168.157.230:44906] with ContainerStateMachine:uninitialized
2019-09-20 20:58:42,440 [pool-429-thread-1] INFO  server.RaftServerConfigKeys (ConfUtils.java:logGet(43)) - raft.server.rpc.timeout.min = 5s (custom)
2019-09-20 20:58:42,441 [pool-429-thread-1] INFO  server.RaftServerConfigKeys (ConfUtils.java:logGet(43)) - raft.server.rpc.timeout.max = 5200ms (custom)
2019-09-20 20:58:42,441 [pool-429-thread-1] INFO  server.RaftServerConfigKeys (ConfUtils.java:logGet(43)) - raft.server.rpcslowness.timeout = 120s (custom)
2019-09-20 20:58:42,441 [pool-429-thread-1] INFO  server.RaftServerConfigKeys (ConfUtils.java:logGet(43)) - raft.server.sleep.deviation.threshold = 300 (default)
2019-09-20 20:58:42,441 [pool-429-thread-1] INFO  server.RaftServerConfigKeys (ConfUtils.java:logGet(43)) - raft.server.log.appender.install.snapshot.enabled = false (custom)
2019-09-20 20:58:42,441 [pool-429-thread-1] INFO  impl.RaftServerImpl (ServerState.java:<init>(103)) - 749bb073-67b9-4e0b-a5ea-b5343d76f657@group-8793D311770A: ConfigurationManager, init=-1: [749bb073-67b9-4e0b-a5ea-b5343d76f657:192.168.157.230:44906], old=null, confs=<EMPTY_MAP>
2019-09-20 20:58:42,441 [pool-429-thread-1] INFO  server.RaftServerConfigKeys (ConfUtils.java:logGet(43)) - raft.server.storage.dir = [/workdir/hadoop-ozone/integration-test/target/test-dir/MiniOzoneClusterImpl-9716d3f7-240c-4861-9957-7330e711a072/datanode-2/data/ratis] (custom)
2019-09-20 20:58:42,441 [pool-429-thread-1] INFO  storage.RaftStorageDirectory (RaftStorageDirectory.java:analyzeStorage(246)) - The storage directory /workdir/hadoop-ozone/integration-test/target/test-dir/MiniOzoneClusterImpl-9716d3f7-240c-4861-9957-7330e711a072/datanode-2/data/ratis/80b111c6-559e-434a-bc79-8793d311770a does not exist. Creating ...
2019-09-20 20:58:42,454 [pool-429-thread-1] INFO  storage.RaftStorageDirectory (RaftStorageDirectory.java:tryLock(328)) - Lock on /workdir/hadoop-ozone/integration-test/target/test-dir/MiniOzoneClusterImpl-9716d3f7-240c-4861-9957-7330e711a072/datanode-2/data/ratis/80b111c6-559e-434a-bc79-8793d311770a/in_use.lock acquired by nodename 6057@pr-hdds-2159-7gjv7-4246597483
2019-09-20 20:58:42,467 [pool-429-thread-1] INFO  storage.RaftStorage (RaftStorage.java:format(72)) - Storage directory /workdir/hadoop-ozone/integration-test/target/test-dir/MiniOzoneClusterImpl-9716d3f7-240c-4861-9957-7330e711a072/datanode-2/data/ratis/80b111c6-559e-434a-bc79-8793d311770a has been successfully formatted.
2019-09-20 20:58:42,467 [pool-429-thread-1] INFO  ratis.ContainerStateMachine (ContainerStateMachine.java:loadSnapshot(230)) - group-8793D311770A: The snapshot info is null. Setting the last applied indexto:(t:0, i:~)
2019-09-20 20:58:42,467 [pool-429-thread-1] INFO  server.RaftServerConfigKeys (ConfUtils.java:logGet(43)) - raft.server.notification.no-leader.timeout = 120s (custom)
2019-09-20 20:58:42,467 [pool-429-thread-1] INFO  server.RaftServerConfigKeys (ConfUtils.java:logGet(43)) - raft.server.log.use.memory = false (default)
2019-09-20 20:58:42,467 [pool-429-thread-1] INFO  server.RaftServerConfigKeys (ConfUtils.java:logGet(43)) - raft.server.log.purge.gap = 1000000 (custom)
2019-09-20 20:58:42,467 [pool-429-thread-1] INFO  server.RaftServerConfigKeys (ConfUtils.java:logGet(43)) - raft.server.log.appender.buffer.byte-limit = 33554432 (custom)
2019-09-20 20:58:42,467 [pool-429-thread-1] INFO  server.RaftServerConfigKeys (ConfUtils.java:logGet(43)) - raft.server.log.segment.size.max = 1048576 (custom)
2019-09-20 20:58:42,468 [pool-429-thread-1] INFO  server.RaftServerConfigKeys (ConfUtils.java:logGet(43)) - raft.server.log.segment.cache.num.max = 2 (custom)
2019-09-20 20:58:42,468 [pool-429-thread-1] INFO  segmented.SegmentedRaftLogWorker (SegmentedRaftLogWorker.java:<init>(172)) - new 749bb073-67b9-4e0b-a5ea-b5343d76f657@group-8793D311770A-SegmentedRaftLogWorker for RaftStorage:Storage Directory /workdir/hadoop-ozone/integration-test/target/test-dir/MiniOzoneClusterImpl-9716d3f7-240c-4861-9957-7330e711a072/datanode-2/data/ratis/80b111c6-559e-434a-bc79-8793d311770a
2019-09-20 20:58:42,469 [pool-429-thread-1] INFO  server.RaftServerConfigKeys (ConfUtils.java:logGet(43)) - raft.server.log.queue.byte-limit = 2147483647 (custom)
2019-09-20 20:58:42,469 [pool-429-thread-1] INFO  server.RaftServerConfigKeys (ConfUtils.java:logGet(43)) - raft.server.log.queue.element-limit = 1024 (custom)
2019-09-20 20:58:42,469 [pool-429-thread-1] INFO  server.RaftServerConfigKeys (ConfUtils.java:logGet(43)) - raft.server.log.segment.size.max = 1048576 (custom)
2019-09-20 20:58:42,470 [pool-429-thread-1] INFO  server.RaftServerConfigKeys (ConfUtils.java:logGet(43)) - raft.server.log.preallocated.size = 16384 (custom)
2019-09-20 20:58:42,470 [pool-429-thread-1] INFO  server.RaftServerConfigKeys (ConfUtils.java:logGet(43)) - raft.server.log.write.buffer.size = 33554432 (custom)
2019-09-20 20:58:42,470 [pool-429-thread-1] INFO  server.RaftServerConfigKeys (ConfUtils.java:logGet(43)) - raft.server.log.force.sync.num = 128 (default)
2019-09-20 20:58:42,470 [pool-429-thread-1] INFO  server.RaftServerConfigKeys (ConfUtils.java:logGet(43)) - raft.server.log.statemachine.data.sync = true (default)
2019-09-20 20:58:42,470 [pool-429-thread-1] INFO  server.RaftServerConfigKeys (ConfUtils.java:logGet(43)) - raft.server.log.statemachine.data.sync.timeout = 10s (default)
2019-09-20 20:58:42,470 [pool-429-thread-1] INFO  server.RaftServerConfigKeys (ConfUtils.java:logGet(43)) - raft.server.log.statemachine.data.sync.timeout.retry = -1 (default)
2019-09-20 20:58:42,470 [pool-429-thread-1] INFO  server.RaftServerConfigKeys (ConfUtils.java:logGet(43)) - raft.server.log.statemachine.data.caching.enabled = true (custom)
2019-09-20 20:58:42,471 [pool-429-thread-1] INFO  segmented.SegmentedRaftLogWorker (SegmentedRaftLogWorker.java:lambda$new$0(132)) - 749bb073-67b9-4e0b-a5ea-b5343d76f657@group-8793D311770A-SegmentedRaftLogWorker: flushIndex: setUnconditionally 0 -> -1
2019-09-20 20:58:42,471 [pool-429-thread-1] INFO  server.RaftServerConfigKeys (ConfUtils.java:logGet(43)) - raft.server.snapshot.auto.trigger.enabled = true (custom)
2019-09-20 20:58:42,471 [pool-429-thread-1] INFO  server.RaftServerConfigKeys (ConfUtils.java:logGet(43)) - raft.server.snapshot.auto.trigger.threshold = 10000 (custom)
2019-09-20 20:58:42,471 [pool-429-thread-1] INFO  server.RaftServerConfigKeys (ConfUtils.java:logGet(43)) - raft.server.snapshot.retention.num.files = 5 (custom)
2019-09-20 20:58:42,471 [pool-429-thread-1] INFO  server.RaftServerConfigKeys (ConfUtils.java:logGet(43)) - raft.server.retrycache.expirytime = 600000ms (custom)
2019-09-20 20:58:42,474 [pool-429-thread-1] INFO  impl.RaftServerImpl (RaftServerImpl.java:start(185)) - 749bb073-67b9-4e0b-a5ea-b5343d76f657@group-8793D311770A: start as a follower, conf=-1: [749bb073-67b9-4e0b-a5ea-b5343d76f657:192.168.157.230:44906], old=null
2019-09-20 20:58:42,474 [pool-429-thread-1] INFO  impl.RaftServerImpl (RaftServerImpl.java:setRole(174)) - 749bb073-67b9-4e0b-a5ea-b5343d76f657@group-8793D311770A: changes role from      null to FOLLOWER at term 0 for startAsFollower
2019-09-20 20:58:42,474 [pool-429-thread-1] INFO  impl.RoleInfo (RoleInfo.java:updateAndGet(143)) - 749bb073-67b9-4e0b-a5ea-b5343d76f657: start FollowerState
2019-09-20 20:58:42,474 [pool-429-thread-1] INFO  util.JmxRegister (JmxRegister.java:tryRegister(44)) - Successfully registered JMX Bean with object name Ratis:service=RaftServer,group=group-8793D311770A,id=749bb073-67b9-4e0b-a5ea-b5343d76f657
2019-09-20 20:58:42,476 [RatisPipelineUtilsThread] INFO  pipeline.PipelineStateManager (PipelineStateManager.java:addPipeline(56)) - Created pipeline Pipeline[ Id: 80b111c6-559e-434a-bc79-8793d311770a, Nodes: 749bb073-67b9-4e0b-a5ea-b5343d76f657{ip: 192.168.157.230, host: pr-hdds-2159-7gjv7-4246597483, networkLocation: /default-rack, certSerialId: null}, Type:RATIS, Factor:ONE, State:OPEN]
2019-09-20 20:58:42,486 [IPC Server handler 5 on 38046] INFO  net.NetworkTopology (NetworkTopologyImpl.java:add(111)) - Added a new node: /default-rack/c70611d4-7cff-491b-af68-1f45d977db23
2019-09-20 20:58:42,487 [IPC Server handler 5 on 38046] INFO  node.SCMNodeManager (SCMNodeManager.java:register(266)) - Registered Data node : c70611d4-7cff-491b-af68-1f45d977db23{ip: 192.168.157.230, host: pr-hdds-2159-7gjv7-4246597483, networkLocation: /default-rack, certSerialId: null}
2019-09-20 20:58:42,487 [grpc-default-executor-9] INFO  impl.RaftServerProxy (RaftServerProxy.java:addNew(89)) - 749bb073-67b9-4e0b-a5ea-b5343d76f657: addNew group-4C9439252ADD:[2d4b4d8d-b6d2-468b-8b93-ef1832d4951b:192.168.157.230:35072, 9dabc3d6-6bd9-4ca2-9d63-753c6cd15dc2:192.168.157.230:43214, 749bb073-67b9-4e0b-a5ea-b5343d76f657:192.168.157.230:44906] returns group-4C9439252ADD:java.util.concurrent.CompletableFuture@26eb3047[Not completed]
2019-09-20 20:58:42,487 [grpc-default-executor-5] INFO  impl.RaftServerProxy (RaftServerProxy.java:addNew(89)) - 9dabc3d6-6bd9-4ca2-9d63-753c6cd15dc2: addNew group-4C9439252ADD:[2d4b4d8d-b6d2-468b-8b93-ef1832d4951b:192.168.157.230:35072, 9dabc3d6-6bd9-4ca2-9d63-753c6cd15dc2:192.168.157.230:43214, 749bb073-67b9-4e0b-a5ea-b5343d76f657:192.168.157.230:44906] returns group-4C9439252ADD:java.util.concurrent.CompletableFuture@576ce84c[Not completed]
2019-09-20 20:58:42,488 [grpc-default-executor-5] INFO  impl.RaftServerProxy (RaftServerProxy.java:addNew(89)) - 2d4b4d8d-b6d2-468b-8b93-ef1832d4951b: addNew group-4C9439252ADD:[2d4b4d8d-b6d2-468b-8b93-ef1832d4951b:192.168.157.230:35072, 9dabc3d6-6bd9-4ca2-9d63-753c6cd15dc2:192.168.157.230:43214, 749bb073-67b9-4e0b-a5ea-b5343d76f657:192.168.157.230:44906] returns group-4C9439252ADD:java.util.concurrent.CompletableFuture@63c054c4[Not completed]
2019-09-20 20:58:42,489 [pool-429-thread-1] INFO  impl.RaftServerImpl (RaftServerImpl.java:<init>(95)) - 749bb073-67b9-4e0b-a5ea-b5343d76f657: new RaftServerImpl for group-4C9439252ADD:[2d4b4d8d-b6d2-468b-8b93-ef1832d4951b:192.168.157.230:35072, 9dabc3d6-6bd9-4ca2-9d63-753c6cd15dc2:192.168.157.230:43214, 749bb073-67b9-4e0b-a5ea-b5343d76f657:192.168.157.230:44906] with ContainerStateMachine:uninitialized
2019-09-20 20:58:42,489 [pool-429-thread-1] INFO  server.RaftServerConfigKeys (ConfUtils.java:logGet(43)) - raft.server.rpc.timeout.min = 5s (custom)
2019-09-20 20:58:42,489 [pool-429-thread-1] INFO  server.RaftServerConfigKeys (ConfUtils.java:logGet(43)) - raft.server.rpc.timeout.max = 5200ms (custom)
2019-09-20 20:58:42,489 [pool-429-thread-1] INFO  server.RaftServerConfigKeys (ConfUtils.java:logGet(43)) - raft.server.rpcslowness.timeout = 120s (custom)
2019-09-20 20:58:42,489 [pool-429-thread-1] INFO  server.RaftServerConfigKeys (ConfUtils.java:logGet(43)) - raft.server.sleep.deviation.threshold = 300 (default)
2019-09-20 20:58:42,490 [pool-429-thread-1] INFO  server.RaftServerConfigKeys (ConfUtils.java:logGet(43)) - raft.server.log.appender.install.snapshot.enabled = false (custom)
2019-09-20 20:58:42,490 [pool-429-thread-1] INFO  impl.RaftServerImpl (ServerState.java:<init>(103)) - 749bb073-67b9-4e0b-a5ea-b5343d76f657@group-4C9439252ADD: ConfigurationManager, init=-1: [2d4b4d8d-b6d2-468b-8b93-ef1832d4951b:192.168.157.230:35072, 9dabc3d6-6bd9-4ca2-9d63-753c6cd15dc2:192.168.157.230:43214, 749bb073-67b9-4e0b-a5ea-b5343d76f657:192.168.157.230:44906], old=null, confs=<EMPTY_MAP>
2019-09-20 20:58:42,490 [pool-429-thread-1] INFO  server.RaftServerConfigKeys (ConfUtils.java:logGet(43)) - raft.server.storage.dir = [/workdir/hadoop-ozone/integration-test/target/test-dir/MiniOzoneClusterImpl-9716d3f7-240c-4861-9957-7330e711a072/datanode-2/data/ratis] (custom)
2019-09-20 20:58:42,490 [pool-409-thread-1] INFO  impl.RaftServerImpl (RaftServerImpl.java:<init>(95)) - 2d4b4d8d-b6d2-468b-8b93-ef1832d4951b: new RaftServerImpl for group-4C9439252ADD:[2d4b4d8d-b6d2-468b-8b93-ef1832d4951b:192.168.157.230:35072, 9dabc3d6-6bd9-4ca2-9d63-753c6cd15dc2:192.168.157.230:43214, 749bb073-67b9-4e0b-a5ea-b5343d76f657:192.168.157.230:44906] with ContainerStateMachine:uninitialized
2019-09-20 20:58:42,490 [pool-409-thread-1] INFO  server.RaftServerConfigKeys (ConfUtils.java:logGet(43)) - raft.server.rpc.timeout.min = 5s (custom)
2019-09-20 20:58:42,490 [pool-429-thread-1] INFO  storage.RaftStorageDirectory (RaftStorageDirectory.java:analyzeStorage(246)) - The storage directory /workdir/hadoop-ozone/integration-test/target/test-dir/MiniOzoneClusterImpl-9716d3f7-240c-4861-9957-7330e711a072/datanode-2/data/ratis/0ecca5f1-ef0e-4bd5-aa28-4c9439252add does not exist. Creating ...
2019-09-20 20:58:42,490 [pool-409-thread-1] INFO  server.RaftServerConfigKeys (ConfUtils.java:logGet(43)) - raft.server.rpc.timeout.max = 5200ms (custom)
2019-09-20 20:58:42,491 [pool-419-thread-1] INFO  impl.RaftServerImpl (RaftServerImpl.java:<init>(95)) - 9dabc3d6-6bd9-4ca2-9d63-753c6cd15dc2: new RaftServerImpl for group-4C9439252ADD:[2d4b4d8d-b6d2-468b-8b93-ef1832d4951b:192.168.157.230:35072, 9dabc3d6-6bd9-4ca2-9d63-753c6cd15dc2:192.168.157.230:43214, 749bb073-67b9-4e0b-a5ea-b5343d76f657:192.168.157.230:44906] with ContainerStateMachine:uninitialized
2019-09-20 20:58:42,491 [pool-409-thread-1] INFO  server.RaftServerConfigKeys (ConfUtils.java:logGet(43)) - raft.server.rpcslowness.timeout = 120s (custom)
2019-09-20 20:58:42,491 [pool-419-thread-1] INFO  server.RaftServerConfigKeys (ConfUtils.java:logGet(43)) - raft.server.rpc.timeout.min = 5s (custom)
2019-09-20 20:58:42,491 [pool-409-thread-1] INFO  server.RaftServerConfigKeys (ConfUtils.java:logGet(43)) - raft.server.sleep.deviation.threshold = 300 (default)
2019-09-20 20:58:42,491 [pool-419-thread-1] INFO  server.RaftServerConfigKeys (ConfUtils.java:logGet(43)) - raft.server.rpc.timeout.max = 5200ms (custom)
2019-09-20 20:58:42,491 [pool-409-thread-1] INFO  server.RaftServerConfigKeys (ConfUtils.java:logGet(43)) - raft.server.log.appender.install.snapshot.enabled = false (custom)
2019-09-20 20:58:42,491 [pool-419-thread-1] INFO  server.RaftServerConfigKeys (ConfUtils.java:logGet(43)) - raft.server.rpcslowness.timeout = 120s (custom)
2019-09-20 20:58:42,492 [pool-409-thread-1] INFO  impl.RaftServerImpl (ServerState.java:<init>(103)) - 2d4b4d8d-b6d2-468b-8b93-ef1832d4951b@group-4C9439252ADD: ConfigurationManager, init=-1: [2d4b4d8d-b6d2-468b-8b93-ef1832d4951b:192.168.157.230:35072, 9dabc3d6-6bd9-4ca2-9d63-753c6cd15dc2:192.168.157.230:43214, 749bb073-67b9-4e0b-a5ea-b5343d76f657:192.168.157.230:44906], old=null, confs=<EMPTY_MAP>
2019-09-20 20:58:42,492 [pool-419-thread-1] INFO  server.RaftServerConfigKeys (ConfUtils.java:logGet(43)) - raft.server.sleep.deviation.threshold = 300 (default)
2019-09-20 20:58:42,492 [pool-409-thread-1] INFO  server.RaftServerConfigKeys (ConfUtils.java:logGet(43)) - raft.server.storage.dir = [/workdir/hadoop-ozone/integration-test/target/test-dir/MiniOzoneClusterImpl-9716d3f7-240c-4861-9957-7330e711a072/datanode-0/data/ratis] (custom)
2019-09-20 20:58:42,492 [pool-419-thread-1] INFO  server.RaftServerConfigKeys (ConfUtils.java:logGet(43)) - raft.server.log.appender.install.snapshot.enabled = false (custom)
2019-09-20 20:58:42,492 [pool-419-thread-1] INFO  impl.RaftServerImpl (ServerState.java:<init>(103)) - 9dabc3d6-6bd9-4ca2-9d63-753c6cd15dc2@group-4C9439252ADD: ConfigurationManager, init=-1: [2d4b4d8d-b6d2-468b-8b93-ef1832d4951b:192.168.157.230:35072, 9dabc3d6-6bd9-4ca2-9d63-753c6cd15dc2:192.168.157.230:43214, 749bb073-67b9-4e0b-a5ea-b5343d76f657:192.168.157.230:44906], old=null, confs=<EMPTY_MAP>
2019-09-20 20:58:42,492 [pool-409-thread-1] INFO  storage.RaftStorageDirectory (RaftStorageDirectory.java:analyzeStorage(246)) - The storage directory /workdir/hadoop-ozone/integration-test/target/test-dir/MiniOzoneClusterImpl-9716d3f7-240c-4861-9957-7330e711a072/datanode-0/data/ratis/0ecca5f1-ef0e-4bd5-aa28-4c9439252add does not exist. Creating ...
2019-09-20 20:58:42,492 [pool-419-thread-1] INFO  server.RaftServerConfigKeys (ConfUtils.java:logGet(43)) - raft.server.storage.dir = [/workdir/hadoop-ozone/integration-test/target/test-dir/MiniOzoneClusterImpl-9716d3f7-240c-4861-9957-7330e711a072/datanode-1/data/ratis] (custom)
2019-09-20 20:58:42,493 [pool-419-thread-1] INFO  storage.RaftStorageDirectory (RaftStorageDirectory.java:analyzeStorage(246)) - The storage directory /workdir/hadoop-ozone/integration-test/target/test-dir/MiniOzoneClusterImpl-9716d3f7-240c-4861-9957-7330e711a072/datanode-1/data/ratis/0ecca5f1-ef0e-4bd5-aa28-4c9439252add does not exist. Creating ...
2019-09-20 20:58:42,515 [pool-409-thread-1] INFO  storage.RaftStorageDirectory (RaftStorageDirectory.java:tryLock(328)) - Lock on /workdir/hadoop-ozone/integration-test/target/test-dir/MiniOzoneClusterImpl-9716d3f7-240c-4861-9957-7330e711a072/datanode-0/data/ratis/0ecca5f1-ef0e-4bd5-aa28-4c9439252add/in_use.lock acquired by nodename 6057@pr-hdds-2159-7gjv7-4246597483
2019-09-20 20:58:42,515 [pool-419-thread-1] INFO  storage.RaftStorageDirectory (RaftStorageDirectory.java:tryLock(328)) - Lock on /workdir/hadoop-ozone/integration-test/target/test-dir/MiniOzoneClusterImpl-9716d3f7-240c-4861-9957-7330e711a072/datanode-1/data/ratis/0ecca5f1-ef0e-4bd5-aa28-4c9439252add/in_use.lock acquired by nodename 6057@pr-hdds-2159-7gjv7-4246597483
2019-09-20 20:58:42,515 [pool-429-thread-1] INFO  storage.RaftStorageDirectory (RaftStorageDirectory.java:tryLock(328)) - Lock on /workdir/hadoop-ozone/integration-test/target/test-dir/MiniOzoneClusterImpl-9716d3f7-240c-4861-9957-7330e711a072/datanode-2/data/ratis/0ecca5f1-ef0e-4bd5-aa28-4c9439252add/in_use.lock acquired by nodename 6057@pr-hdds-2159-7gjv7-4246597483
2019-09-20 20:58:42,540 [pool-409-thread-1] INFO  storage.RaftStorage (RaftStorage.java:format(72)) - Storage directory /workdir/hadoop-ozone/integration-test/target/test-dir/MiniOzoneClusterImpl-9716d3f7-240c-4861-9957-7330e711a072/datanode-0/data/ratis/0ecca5f1-ef0e-4bd5-aa28-4c9439252add has been successfully formatted.
2019-09-20 20:58:42,540 [pool-419-thread-1] INFO  storage.RaftStorage (RaftStorage.java:format(72)) - Storage directory /workdir/hadoop-ozone/integration-test/target/test-dir/MiniOzoneClusterImpl-9716d3f7-240c-4861-9957-7330e711a072/datanode-1/data/ratis/0ecca5f1-ef0e-4bd5-aa28-4c9439252add has been successfully formatted.
2019-09-20 20:58:42,540 [pool-429-thread-1] INFO  storage.RaftStorage (RaftStorage.java:format(72)) - Storage directory /workdir/hadoop-ozone/integration-test/target/test-dir/MiniOzoneClusterImpl-9716d3f7-240c-4861-9957-7330e711a072/datanode-2/data/ratis/0ecca5f1-ef0e-4bd5-aa28-4c9439252add has been successfully formatted.
2019-09-20 20:58:42,541 [pool-419-thread-1] INFO  ratis.ContainerStateMachine (ContainerStateMachine.java:loadSnapshot(230)) - group-4C9439252ADD: The snapshot info is null. Setting the last applied indexto:(t:0, i:~)
2019-09-20 20:58:42,541 [pool-429-thread-1] INFO  ratis.ContainerStateMachine (ContainerStateMachine.java:loadSnapshot(230)) - group-4C9439252ADD: The snapshot info is null. Setting the last applied indexto:(t:0, i:~)
2019-09-20 20:58:42,540 [pool-409-thread-1] INFO  ratis.ContainerStateMachine (ContainerStateMachine.java:loadSnapshot(230)) - group-4C9439252ADD: The snapshot info is null. Setting the last applied indexto:(t:0, i:~)
2019-09-20 20:58:42,541 [pool-429-thread-1] INFO  server.RaftServerConfigKeys (ConfUtils.java:logGet(43)) - raft.server.notification.no-leader.timeout = 120s (custom)
2019-09-20 20:58:42,541 [pool-419-thread-1] INFO  server.RaftServerConfigKeys (ConfUtils.java:logGet(43)) - raft.server.notification.no-leader.timeout = 120s (custom)
2019-09-20 20:58:42,541 [pool-429-thread-1] INFO  server.RaftServerConfigKeys (ConfUtils.java:logGet(43)) - raft.server.log.use.memory = false (default)
2019-09-20 20:58:42,541 [pool-409-thread-1] INFO  server.RaftServerConfigKeys (ConfUtils.java:logGet(43)) - raft.server.notification.no-leader.timeout = 120s (custom)
2019-09-20 20:58:42,542 [pool-429-thread-1] INFO  server.RaftServerConfigKeys (ConfUtils.java:logGet(43)) - raft.server.log.purge.gap = 1000000 (custom)
2019-09-20 20:58:42,541 [pool-419-thread-1] INFO  server.RaftServerConfigKeys (ConfUtils.java:logGet(43)) - raft.server.log.use.memory = false (default)
2019-09-20 20:58:42,542 [pool-429-thread-1] INFO  server.RaftServerConfigKeys (ConfUtils.java:logGet(43)) - raft.server.log.appender.buffer.byte-limit = 33554432 (custom)
2019-09-20 20:58:42,542 [pool-409-thread-1] INFO  server.RaftServerConfigKeys (ConfUtils.java:logGet(43)) - raft.server.log.use.memory = false (default)
2019-09-20 20:58:42,542 [pool-429-thread-1] INFO  server.RaftServerConfigKeys (ConfUtils.java:logGet(43)) - raft.server.log.segment.size.max = 1048576 (custom)
2019-09-20 20:58:42,542 [pool-419-thread-1] INFO  server.RaftServerConfigKeys (ConfUtils.java:logGet(43)) - raft.server.log.purge.gap = 1000000 (custom)
2019-09-20 20:58:42,543 [pool-429-thread-1] INFO  server.RaftServerConfigKeys (ConfUtils.java:logGet(43)) - raft.server.log.segment.cache.num.max = 2 (custom)
2019-09-20 20:58:42,542 [pool-409-thread-1] INFO  server.RaftServerConfigKeys (ConfUtils.java:logGet(43)) - raft.server.log.purge.gap = 1000000 (custom)
2019-09-20 20:58:42,543 [pool-429-thread-1] INFO  segmented.SegmentedRaftLogWorker (SegmentedRaftLogWorker.java:<init>(172)) - new 749bb073-67b9-4e0b-a5ea-b5343d76f657@group-4C9439252ADD-SegmentedRaftLogWorker for RaftStorage:Storage Directory /workdir/hadoop-ozone/integration-test/target/test-dir/MiniOzoneClusterImpl-9716d3f7-240c-4861-9957-7330e711a072/datanode-2/data/ratis/0ecca5f1-ef0e-4bd5-aa28-4c9439252add
2019-09-20 20:58:42,543 [pool-419-thread-1] INFO  server.RaftServerConfigKeys (ConfUtils.java:logGet(43)) - raft.server.log.appender.buffer.byte-limit = 33554432 (custom)
2019-09-20 20:58:42,543 [pool-429-thread-1] INFO  server.RaftServerConfigKeys (ConfUtils.java:logGet(43)) - raft.server.log.queue.byte-limit = 2147483647 (custom)
2019-09-20 20:58:42,543 [pool-409-thread-1] INFO  server.RaftServerConfigKeys (ConfUtils.java:logGet(43)) - raft.server.log.appender.buffer.byte-limit = 33554432 (custom)
2019-09-20 20:58:42,544 [pool-429-thread-1] INFO  server.RaftServerConfigKeys (ConfUtils.java:logGet(43)) - raft.server.log.queue.element-limit = 1024 (custom)
2019-09-20 20:58:42,543 [pool-419-thread-1] INFO  server.RaftServerConfigKeys (ConfUtils.java:logGet(43)) - raft.server.log.segment.size.max = 1048576 (custom)
2019-09-20 20:58:42,544 [pool-429-thread-1] INFO  server.RaftServerConfigKeys (ConfUtils.java:logGet(43)) - raft.server.log.segment.size.max = 1048576 (custom)
2019-09-20 20:58:42,544 [pool-409-thread-1] INFO  server.RaftServerConfigKeys (ConfUtils.java:logGet(43)) - raft.server.log.segment.size.max = 1048576 (custom)
2019-09-20 20:58:42,544 [pool-429-thread-1] INFO  server.RaftServerConfigKeys (ConfUtils.java:logGet(43)) - raft.server.log.preallocated.size = 16384 (custom)
2019-09-20 20:58:42,544 [pool-419-thread-1] INFO  server.RaftServerConfigKeys (ConfUtils.java:logGet(43)) - raft.server.log.segment.cache.num.max = 2 (custom)
2019-09-20 20:58:42,544 [pool-429-thread-1] INFO  server.RaftServerConfigKeys (ConfUtils.java:logGet(43)) - raft.server.log.write.buffer.size = 33554432 (custom)
2019-09-20 20:58:42,544 [pool-409-thread-1] INFO  server.RaftServerConfigKeys (ConfUtils.java:logGet(43)) - raft.server.log.segment.cache.num.max = 2 (custom)
2019-09-20 20:58:42,545 [pool-429-thread-1] INFO  server.RaftServerConfigKeys (ConfUtils.java:logGet(43)) - raft.server.log.force.sync.num = 128 (default)
2019-09-20 20:58:42,545 [pool-419-thread-1] INFO  segmented.SegmentedRaftLogWorker (SegmentedRaftLogWorker.java:<init>(172)) - new 9dabc3d6-6bd9-4ca2-9d63-753c6cd15dc2@group-4C9439252ADD-SegmentedRaftLogWorker for RaftStorage:Storage Directory /workdir/hadoop-ozone/integration-test/target/test-dir/MiniOzoneClusterImpl-9716d3f7-240c-4861-9957-7330e711a072/datanode-1/data/ratis/0ecca5f1-ef0e-4bd5-aa28-4c9439252add
2019-09-20 20:58:42,545 [pool-429-thread-1] INFO  server.RaftServerConfigKeys (ConfUtils.java:logGet(43)) - raft.server.log.statemachine.data.sync = true (default)
2019-09-20 20:58:42,545 [pool-409-thread-1] INFO  segmented.SegmentedRaftLogWorker (SegmentedRaftLogWorker.java:<init>(172)) - new 2d4b4d8d-b6d2-468b-8b93-ef1832d4951b@group-4C9439252ADD-SegmentedRaftLogWorker for RaftStorage:Storage Directory /workdir/hadoop-ozone/integration-test/target/test-dir/MiniOzoneClusterImpl-9716d3f7-240c-4861-9957-7330e711a072/datanode-0/data/ratis/0ecca5f1-ef0e-4bd5-aa28-4c9439252add
2019-09-20 20:58:42,545 [pool-429-thread-1] INFO  server.RaftServerConfigKeys (ConfUtils.java:logGet(43)) - raft.server.log.statemachine.data.sync.timeout = 10s (default)
2019-09-20 20:58:42,545 [pool-419-thread-1] INFO  server.RaftServerConfigKeys (ConfUtils.java:logGet(43)) - raft.server.log.queue.byte-limit = 2147483647 (custom)
2019-09-20 20:58:42,546 [pool-429-thread-1] INFO  server.RaftServerConfigKeys (ConfUtils.java:logGet(43)) - raft.server.log.statemachine.data.sync.timeout.retry = -1 (default)
2019-09-20 20:58:42,546 [pool-409-thread-1] INFO  server.RaftServerConfigKeys (ConfUtils.java:logGet(43)) - raft.server.log.queue.byte-limit = 2147483647 (custom)
2019-09-20 20:58:42,546 [pool-429-thread-1] INFO  server.RaftServerConfigKeys (ConfUtils.java:logGet(43)) - raft.server.log.statemachine.data.caching.enabled = true (custom)
2019-09-20 20:58:42,546 [pool-419-thread-1] INFO  server.RaftServerConfigKeys (ConfUtils.java:logGet(43)) - raft.server.log.queue.element-limit = 1024 (custom)
2019-09-20 20:58:42,546 [pool-409-thread-1] INFO  server.RaftServerConfigKeys (ConfUtils.java:logGet(43)) - raft.server.log.queue.element-limit = 1024 (custom)
2019-09-20 20:58:42,547 [pool-419-thread-1] INFO  server.RaftServerConfigKeys (ConfUtils.java:logGet(43)) - raft.server.log.segment.size.max = 1048576 (custom)
2019-09-20 20:58:42,547 [pool-429-thread-1] INFO  segmented.SegmentedRaftLogWorker (SegmentedRaftLogWorker.java:lambda$new$0(132)) - 749bb073-67b9-4e0b-a5ea-b5343d76f657@group-4C9439252ADD-SegmentedRaftLogWorker: flushIndex: setUnconditionally 0 -> -1
2019-09-20 20:58:42,547 [pool-419-thread-1] INFO  server.RaftServerConfigKeys (ConfUtils.java:logGet(43)) - raft.server.log.preallocated.size = 16384 (custom)
2019-09-20 20:58:42,547 [pool-409-thread-1] INFO  server.RaftServerConfigKeys (ConfUtils.java:logGet(43)) - raft.server.log.segment.size.max = 1048576 (custom)
2019-09-20 20:58:42,547 [pool-429-thread-1] INFO  server.RaftServerConfigKeys (ConfUtils.java:logGet(43)) - raft.server.snapshot.auto.trigger.enabled = true (custom)
2019-09-20 20:58:42,547 [pool-419-thread-1] INFO  server.RaftServerConfigKeys (ConfUtils.java:logGet(43)) - raft.server.log.write.buffer.size = 33554432 (custom)
2019-09-20 20:58:42,548 [pool-429-thread-1] INFO  server.RaftServerConfigKeys (ConfUtils.java:logGet(43)) - raft.server.snapshot.auto.trigger.threshold = 10000 (custom)
2019-09-20 20:58:42,547 [pool-409-thread-1] INFO  server.RaftServerConfigKeys (ConfUtils.java:logGet(43)) - raft.server.log.preallocated.size = 16384 (custom)
2019-09-20 20:58:42,548 [pool-429-thread-1] INFO  server.RaftServerConfigKeys (ConfUtils.java:logGet(43)) - raft.server.snapshot.retention.num.files = 5 (custom)
2019-09-20 20:58:42,548 [pool-419-thread-1] INFO  server.RaftServerConfigKeys (ConfUtils.java:logGet(43)) - raft.server.log.force.sync.num = 128 (default)
2019-09-20 20:58:42,548 [pool-429-thread-1] INFO  server.RaftServerConfigKeys (ConfUtils.java:logGet(43)) - raft.server.retrycache.expirytime = 600000ms (custom)
2019-09-20 20:58:42,548 [pool-409-thread-1] INFO  server.RaftServerConfigKeys (ConfUtils.java:logGet(43)) - raft.server.log.write.buffer.size = 33554432 (custom)
2019-09-20 20:58:42,548 [pool-419-thread-1] INFO  server.RaftServerConfigKeys (ConfUtils.java:logGet(43)) - raft.server.log.statemachine.data.sync = true (default)
2019-09-20 20:58:42,549 [IPC Server handler 6 on 38046] INFO  net.NetworkTopology (NetworkTopologyImpl.java:add(111)) - Added a new node: /default-rack/94a6d619-c930-45b6-ab16-e3ef1a750777
2019-09-20 20:58:42,549 [pool-409-thread-1] INFO  server.RaftServerConfigKeys (ConfUtils.java:logGet(43)) - raft.server.log.force.sync.num = 128 (default)
2019-09-20 20:58:42,549 [IPC Server handler 6 on 38046] INFO  node.SCMNodeManager (SCMNodeManager.java:register(266)) - Registered Data node : 94a6d619-c930-45b6-ab16-e3ef1a750777{ip: 192.168.157.230, host: pr-hdds-2159-7gjv7-4246597483, networkLocation: /default-rack, certSerialId: null}
2019-09-20 20:58:42,549 [pool-419-thread-1] INFO  server.RaftServerConfigKeys (ConfUtils.java:logGet(43)) - raft.server.log.statemachine.data.sync.timeout = 10s (default)
2019-09-20 20:58:42,549 [pool-409-thread-1] INFO  server.RaftServerConfigKeys (ConfUtils.java:logGet(43)) - raft.server.log.statemachine.data.sync = true (default)
2019-09-20 20:58:42,550 [pool-419-thread-1] INFO  server.RaftServerConfigKeys (ConfUtils.java:logGet(43)) - raft.server.log.statemachine.data.sync.timeout.retry = -1 (default)
2019-09-20 20:58:42,550 [pool-409-thread-1] INFO  server.RaftServerConfigKeys (ConfUtils.java:logGet(43)) - raft.server.log.statemachine.data.sync.timeout = 10s (default)
2019-09-20 20:58:42,550 [pool-419-thread-1] INFO  server.RaftServerConfigKeys (ConfUtils.java:logGet(43)) - raft.server.log.statemachine.data.caching.enabled = true (custom)
2019-09-20 20:58:42,550 [pool-409-thread-1] INFO  server.RaftServerConfigKeys (ConfUtils.java:logGet(43)) - raft.server.log.statemachine.data.sync.timeout.retry = -1 (default)
2019-09-20 20:58:42,550 [pool-419-thread-1] INFO  segmented.SegmentedRaftLogWorker (SegmentedRaftLogWorker.java:lambda$new$0(132)) - 9dabc3d6-6bd9-4ca2-9d63-753c6cd15dc2@group-4C9439252ADD-SegmentedRaftLogWorker: flushIndex: setUnconditionally 0 -> -1
2019-09-20 20:58:42,550 [pool-429-thread-1] INFO  impl.RaftServerImpl (RaftServerImpl.java:start(185)) - 749bb073-67b9-4e0b-a5ea-b5343d76f657@group-4C9439252ADD: start as a follower, conf=-1: [2d4b4d8d-b6d2-468b-8b93-ef1832d4951b:192.168.157.230:35072, 9dabc3d6-6bd9-4ca2-9d63-753c6cd15dc2:192.168.157.230:43214, 749bb073-67b9-4e0b-a5ea-b5343d76f657:192.168.157.230:44906], old=null
2019-09-20 20:58:42,550 [pool-409-thread-1] INFO  server.RaftServerConfigKeys (ConfUtils.java:logGet(43)) - raft.server.log.statemachine.data.caching.enabled = true (custom)
2019-09-20 20:58:42,551 [pool-419-thread-1] INFO  server.RaftServerConfigKeys (ConfUtils.java:logGet(43)) - raft.server.snapshot.auto.trigger.enabled = true (custom)
2019-09-20 20:58:42,551 [pool-429-thread-1] INFO  impl.RaftServerImpl (RaftServerImpl.java:setRole(174)) - 749bb073-67b9-4e0b-a5ea-b5343d76f657@group-4C9439252ADD: changes role from      null to FOLLOWER at term 0 for startAsFollower
2019-09-20 20:58:42,551 [pool-409-thread-1] INFO  segmented.SegmentedRaftLogWorker (SegmentedRaftLogWorker.java:lambda$new$0(132)) - 2d4b4d8d-b6d2-468b-8b93-ef1832d4951b@group-4C9439252ADD-SegmentedRaftLogWorker: flushIndex: setUnconditionally 0 -> -1
2019-09-20 20:58:42,551 [pool-419-thread-1] INFO  server.RaftServerConfigKeys (ConfUtils.java:logGet(43)) - raft.server.snapshot.auto.trigger.threshold = 10000 (custom)
2019-09-20 20:58:42,551 [pool-429-thread-1] INFO  impl.RoleInfo (RoleInfo.java:updateAndGet(143)) - 749bb073-67b9-4e0b-a5ea-b5343d76f657: start FollowerState
2019-09-20 20:58:42,551 [pool-409-thread-1] INFO  server.RaftServerConfigKeys (ConfUtils.java:logGet(43)) - raft.server.snapshot.auto.trigger.enabled = true (custom)
2019-09-20 20:58:42,551 [pool-419-thread-1] INFO  server.RaftServerConfigKeys (ConfUtils.java:logGet(43)) - raft.server.snapshot.retention.num.files = 5 (custom)
2019-09-20 20:58:42,563 [pool-429-thread-1] INFO  util.JmxRegister (JmxRegister.java:tryRegister(44)) - Successfully registered JMX Bean with object name Ratis:service=RaftServer,group=group-4C9439252ADD,id=749bb073-67b9-4e0b-a5ea-b5343d76f657
2019-09-20 20:58:42,552 [pool-409-thread-1] INFO  server.RaftServerConfigKeys (ConfUtils.java:logGet(43)) - raft.server.snapshot.auto.trigger.threshold = 10000 (custom)
2019-09-20 20:58:42,564 [pool-419-thread-1] INFO  server.RaftServerConfigKeys (ConfUtils.java:logGet(43)) - raft.server.retrycache.expirytime = 600000ms (custom)
2019-09-20 20:58:42,564 [pool-409-thread-1] INFO  server.RaftServerConfigKeys (ConfUtils.java:logGet(43)) - raft.server.snapshot.retention.num.files = 5 (custom)
2019-09-20 20:58:42,574 [pool-409-thread-1] INFO  server.RaftServerConfigKeys (ConfUtils.java:logGet(43)) - raft.server.retrycache.expirytime = 600000ms (custom)
2019-09-20 20:58:42,576 [pool-419-thread-1] INFO  impl.RaftServerImpl (RaftServerImpl.java:start(185)) - 9dabc3d6-6bd9-4ca2-9d63-753c6cd15dc2@group-4C9439252ADD: start as a follower, conf=-1: [2d4b4d8d-b6d2-468b-8b93-ef1832d4951b:192.168.157.230:35072, 9dabc3d6-6bd9-4ca2-9d63-753c6cd15dc2:192.168.157.230:43214, 749bb073-67b9-4e0b-a5ea-b5343d76f657:192.168.157.230:44906], old=null
2019-09-20 20:58:42,577 [pool-419-thread-1] INFO  impl.RaftServerImpl (RaftServerImpl.java:setRole(174)) - 9dabc3d6-6bd9-4ca2-9d63-753c6cd15dc2@group-4C9439252ADD: changes role from      null to FOLLOWER at term 0 for startAsFollower
2019-09-20 20:58:42,577 [pool-409-thread-1] INFO  impl.RaftServerImpl (RaftServerImpl.java:start(185)) - 2d4b4d8d-b6d2-468b-8b93-ef1832d4951b@group-4C9439252ADD: start as a follower, conf=-1: [2d4b4d8d-b6d2-468b-8b93-ef1832d4951b:192.168.157.230:35072, 9dabc3d6-6bd9-4ca2-9d63-753c6cd15dc2:192.168.157.230:43214, 749bb073-67b9-4e0b-a5ea-b5343d76f657:192.168.157.230:44906], old=null
2019-09-20 20:58:42,577 [pool-419-thread-1] INFO  impl.RoleInfo (RoleInfo.java:updateAndGet(143)) - 9dabc3d6-6bd9-4ca2-9d63-753c6cd15dc2: start FollowerState
2019-09-20 20:58:42,577 [pool-409-thread-1] INFO  impl.RaftServerImpl (RaftServerImpl.java:setRole(174)) - 2d4b4d8d-b6d2-468b-8b93-ef1832d4951b@group-4C9439252ADD: changes role from      null to FOLLOWER at term 0 for startAsFollower
2019-09-20 20:58:42,577 [pool-409-thread-1] INFO  impl.RoleInfo (RoleInfo.java:updateAndGet(143)) - 2d4b4d8d-b6d2-468b-8b93-ef1832d4951b: start FollowerState
2019-09-20 20:58:42,577 [pool-419-thread-1] INFO  util.JmxRegister (JmxRegister.java:tryRegister(44)) - Successfully registered JMX Bean with object name Ratis:service=RaftServer,group=group-4C9439252ADD,id=9dabc3d6-6bd9-4ca2-9d63-753c6cd15dc2
2019-09-20 20:58:42,577 [pool-409-thread-1] INFO  util.JmxRegister (JmxRegister.java:tryRegister(44)) - Successfully registered JMX Bean with object name Ratis:service=RaftServer,group=group-4C9439252ADD,id=2d4b4d8d-b6d2-468b-8b93-ef1832d4951b
2019-09-20 20:58:42,580 [RatisPipelineUtilsThread] INFO  pipeline.PipelineStateManager (PipelineStateManager.java:addPipeline(56)) - Created pipeline Pipeline[ Id: 0ecca5f1-ef0e-4bd5-aa28-4c9439252add, Nodes: 749bb073-67b9-4e0b-a5ea-b5343d76f657{ip: 192.168.157.230, host: pr-hdds-2159-7gjv7-4246597483, networkLocation: /default-rack, certSerialId: null}9dabc3d6-6bd9-4ca2-9d63-753c6cd15dc2{ip: 192.168.157.230, host: pr-hdds-2159-7gjv7-4246597483, networkLocation: /default-rack, certSerialId: null}2d4b4d8d-b6d2-468b-8b93-ef1832d4951b{ip: 192.168.157.230, host: pr-hdds-2159-7gjv7-4246597483, networkLocation: /default-rack, certSerialId: null}, Type:RATIS, Factor:THREE, State:OPEN]
2019-09-20 20:58:42,590 [grpc-default-executor-5] INFO  impl.RaftServerProxy (RaftServerProxy.java:addNew(89)) - 94a6d619-c930-45b6-ab16-e3ef1a750777: addNew group-000909C5C436:[94a6d619-c930-45b6-ab16-e3ef1a750777:192.168.157.230:34407] returns group-000909C5C436:java.util.concurrent.CompletableFuture@5c4625c8[Not completed]
2019-09-20 20:58:42,591 [pool-449-thread-1] INFO  impl.RaftServerImpl (RaftServerImpl.java:<init>(95)) - 94a6d619-c930-45b6-ab16-e3ef1a750777: new RaftServerImpl for group-000909C5C436:[94a6d619-c930-45b6-ab16-e3ef1a750777:192.168.157.230:34407] with ContainerStateMachine:uninitialized
2019-09-20 20:58:42,594 [pool-449-thread-1] INFO  server.RaftServerConfigKeys (ConfUtils.java:logGet(43)) - raft.server.rpc.timeout.min = 5s (custom)
2019-09-20 20:58:42,594 [pool-449-thread-1] INFO  server.RaftServerConfigKeys (ConfUtils.java:logGet(43)) - raft.server.rpc.timeout.max = 5200ms (custom)
2019-09-20 20:58:42,594 [pool-449-thread-1] INFO  server.RaftServerConfigKeys (ConfUtils.java:logGet(43)) - raft.server.rpcslowness.timeout = 120s (custom)
2019-09-20 20:58:42,594 [pool-449-thread-1] INFO  server.RaftServerConfigKeys (ConfUtils.java:logGet(43)) - raft.server.sleep.deviation.threshold = 300 (default)
2019-09-20 20:58:42,594 [pool-449-thread-1] INFO  server.RaftServerConfigKeys (ConfUtils.java:logGet(43)) - raft.server.log.appender.install.snapshot.enabled = false (custom)
2019-09-20 20:58:42,594 [pool-449-thread-1] INFO  impl.RaftServerImpl (ServerState.java:<init>(103)) - 94a6d619-c930-45b6-ab16-e3ef1a750777@group-000909C5C436: ConfigurationManager, init=-1: [94a6d619-c930-45b6-ab16-e3ef1a750777:192.168.157.230:34407], old=null, confs=<EMPTY_MAP>
2019-09-20 20:58:42,594 [pool-449-thread-1] INFO  server.RaftServerConfigKeys (ConfUtils.java:logGet(43)) - raft.server.storage.dir = [/workdir/hadoop-ozone/integration-test/target/test-dir/MiniOzoneClusterImpl-9716d3f7-240c-4861-9957-7330e711a072/datanode-4/data/ratis] (custom)
2019-09-20 20:58:42,595 [pool-449-thread-1] INFO  storage.RaftStorageDirectory (RaftStorageDirectory.java:analyzeStorage(246)) - The storage directory /workdir/hadoop-ozone/integration-test/target/test-dir/MiniOzoneClusterImpl-9716d3f7-240c-4861-9957-7330e711a072/datanode-4/data/ratis/2c8c6bcc-1a35-4629-92df-000909c5c436 does not exist. Creating ...
2019-09-20 20:58:42,606 [pool-449-thread-1] INFO  storage.RaftStorageDirectory (RaftStorageDirectory.java:tryLock(328)) - Lock on /workdir/hadoop-ozone/integration-test/target/test-dir/MiniOzoneClusterImpl-9716d3f7-240c-4861-9957-7330e711a072/datanode-4/data/ratis/2c8c6bcc-1a35-4629-92df-000909c5c436/in_use.lock acquired by nodename 6057@pr-hdds-2159-7gjv7-4246597483
2019-09-20 20:58:42,613 [IPC Server handler 19 on 38046] INFO  net.NetworkTopology (NetworkTopologyImpl.java:add(111)) - Added a new node: /default-rack/95d4fb60-b61e-4c4a-8fcb-b8ff1d3ec0a8
2019-09-20 20:58:42,613 [IPC Server handler 19 on 38046] INFO  node.SCMNodeManager (SCMNodeManager.java:register(266)) - Registered Data node : 95d4fb60-b61e-4c4a-8fcb-b8ff1d3ec0a8{ip: 192.168.157.230, host: pr-hdds-2159-7gjv7-4246597483, networkLocation: /default-rack, certSerialId: null}
2019-09-20 20:58:42,626 [pool-449-thread-1] INFO  storage.RaftStorage (RaftStorage.java:format(72)) - Storage directory /workdir/hadoop-ozone/integration-test/target/test-dir/MiniOzoneClusterImpl-9716d3f7-240c-4861-9957-7330e711a072/datanode-4/data/ratis/2c8c6bcc-1a35-4629-92df-000909c5c436 has been successfully formatted.
2019-09-20 20:58:42,626 [pool-449-thread-1] INFO  ratis.ContainerStateMachine (ContainerStateMachine.java:loadSnapshot(230)) - group-000909C5C436: The snapshot info is null. Setting the last applied indexto:(t:0, i:~)
2019-09-20 20:58:42,626 [pool-449-thread-1] INFO  server.RaftServerConfigKeys (ConfUtils.java:logGet(43)) - raft.server.notification.no-leader.timeout = 120s (custom)
2019-09-20 20:58:42,626 [pool-449-thread-1] INFO  server.RaftServerConfigKeys (ConfUtils.java:logGet(43)) - raft.server.log.use.memory = false (default)
2019-09-20 20:58:42,627 [pool-449-thread-1] INFO  server.RaftServerConfigKeys (ConfUtils.java:logGet(43)) - raft.server.log.purge.gap = 1000000 (custom)
2019-09-20 20:58:42,627 [pool-449-thread-1] INFO  server.RaftServerConfigKeys (ConfUtils.java:logGet(43)) - raft.server.log.appender.buffer.byte-limit = 33554432 (custom)
2019-09-20 20:58:42,627 [pool-449-thread-1] INFO  server.RaftServerConfigKeys (ConfUtils.java:logGet(43)) - raft.server.log.segment.size.max = 1048576 (custom)
2019-09-20 20:58:42,627 [pool-449-thread-1] INFO  server.RaftServerConfigKeys (ConfUtils.java:logGet(43)) - raft.server.log.segment.cache.num.max = 2 (custom)
2019-09-20 20:58:42,627 [pool-449-thread-1] INFO  segmented.SegmentedRaftLogWorker (SegmentedRaftLogWorker.java:<init>(172)) - new 94a6d619-c930-45b6-ab16-e3ef1a750777@group-000909C5C436-SegmentedRaftLogWorker for RaftStorage:Storage Directory /workdir/hadoop-ozone/integration-test/target/test-dir/MiniOzoneClusterImpl-9716d3f7-240c-4861-9957-7330e711a072/datanode-4/data/ratis/2c8c6bcc-1a35-4629-92df-000909c5c436
2019-09-20 20:58:42,629 [pool-449-thread-1] INFO  server.RaftServerConfigKeys (ConfUtils.java:logGet(43)) - raft.server.log.queue.byte-limit = 2147483647 (custom)
2019-09-20 20:58:42,629 [pool-449-thread-1] INFO  server.RaftServerConfigKeys (ConfUtils.java:logGet(43)) - raft.server.log.queue.element-limit = 1024 (custom)
2019-09-20 20:58:42,629 [pool-449-thread-1] INFO  server.RaftServerConfigKeys (ConfUtils.java:logGet(43)) - raft.server.log.segment.size.max = 1048576 (custom)
2019-09-20 20:58:42,629 [pool-449-thread-1] INFO  server.RaftServerConfigKeys (ConfUtils.java:logGet(43)) - raft.server.log.preallocated.size = 16384 (custom)
2019-09-20 20:58:42,630 [pool-449-thread-1] INFO  server.RaftServerConfigKeys (ConfUtils.java:logGet(43)) - raft.server.log.write.buffer.size = 33554432 (custom)
2019-09-20 20:58:42,630 [pool-449-thread-1] INFO  server.RaftServerConfigKeys (ConfUtils.java:logGet(43)) - raft.server.log.force.sync.num = 128 (default)
2019-09-20 20:58:42,630 [pool-449-thread-1] INFO  server.RaftServerConfigKeys (ConfUtils.java:logGet(43)) - raft.server.log.statemachine.data.sync = true (default)
2019-09-20 20:58:42,630 [pool-449-thread-1] INFO  server.RaftServerConfigKeys (ConfUtils.java:logGet(43)) - raft.server.log.statemachine.data.sync.timeout = 10s (default)
2019-09-20 20:58:42,630 [pool-449-thread-1] INFO  server.RaftServerConfigKeys (ConfUtils.java:logGet(43)) - raft.server.log.statemachine.data.sync.timeout.retry = -1 (default)
2019-09-20 20:58:42,630 [pool-449-thread-1] INFO  server.RaftServerConfigKeys (ConfUtils.java:logGet(43)) - raft.server.log.statemachine.data.caching.enabled = true (custom)
2019-09-20 20:58:42,631 [pool-449-thread-1] INFO  segmented.SegmentedRaftLogWorker (SegmentedRaftLogWorker.java:lambda$new$0(132)) - 94a6d619-c930-45b6-ab16-e3ef1a750777@group-000909C5C436-SegmentedRaftLogWorker: flushIndex: setUnconditionally 0 -> -1
2019-09-20 20:58:42,631 [pool-449-thread-1] INFO  server.RaftServerConfigKeys (ConfUtils.java:logGet(43)) - raft.server.snapshot.auto.trigger.enabled = true (custom)
2019-09-20 20:58:42,631 [pool-449-thread-1] INFO  server.RaftServerConfigKeys (ConfUtils.java:logGet(43)) - raft.server.snapshot.auto.trigger.threshold = 10000 (custom)
2019-09-20 20:58:42,631 [pool-449-thread-1] INFO  server.RaftServerConfigKeys (ConfUtils.java:logGet(43)) - raft.server.snapshot.retention.num.files = 5 (custom)
2019-09-20 20:58:42,631 [pool-449-thread-1] INFO  server.RaftServerConfigKeys (ConfUtils.java:logGet(43)) - raft.server.retrycache.expirytime = 600000ms (custom)
2019-09-20 20:58:42,633 [pool-449-thread-1] INFO  impl.RaftServerImpl (RaftServerImpl.java:start(185)) - 94a6d619-c930-45b6-ab16-e3ef1a750777@group-000909C5C436: start as a follower, conf=-1: [94a6d619-c930-45b6-ab16-e3ef1a750777:192.168.157.230:34407], old=null
2019-09-20 20:58:42,633 [pool-449-thread-1] INFO  impl.RaftServerImpl (RaftServerImpl.java:setRole(174)) - 94a6d619-c930-45b6-ab16-e3ef1a750777@group-000909C5C436: changes role from      null to FOLLOWER at term 0 for startAsFollower
2019-09-20 20:58:42,633 [pool-449-thread-1] INFO  impl.RoleInfo (RoleInfo.java:updateAndGet(143)) - 94a6d619-c930-45b6-ab16-e3ef1a750777: start FollowerState
2019-09-20 20:58:42,633 [pool-449-thread-1] INFO  util.JmxRegister (JmxRegister.java:tryRegister(44)) - Successfully registered JMX Bean with object name Ratis:service=RaftServer,group=group-000909C5C436,id=94a6d619-c930-45b6-ab16-e3ef1a750777
2019-09-20 20:58:42,635 [RatisPipelineUtilsThread] INFO  pipeline.PipelineStateManager (PipelineStateManager.java:addPipeline(56)) - Created pipeline Pipeline[ Id: 2c8c6bcc-1a35-4629-92df-000909c5c436, Nodes: 94a6d619-c930-45b6-ab16-e3ef1a750777{ip: 192.168.157.230, host: pr-hdds-2159-7gjv7-4246597483, networkLocation: /default-rack, certSerialId: null}, Type:RATIS, Factor:ONE, State:OPEN]
2019-09-20 20:58:42,643 [grpc-default-executor-5] INFO  impl.RaftServerProxy (RaftServerProxy.java:addNew(89)) - 95d4fb60-b61e-4c4a-8fcb-b8ff1d3ec0a8: addNew group-D056AFC6799A:[95d4fb60-b61e-4c4a-8fcb-b8ff1d3ec0a8:192.168.157.230:33102] returns group-D056AFC6799A:java.util.concurrent.CompletableFuture@62655172[Not completed]
2019-09-20 20:58:42,644 [pool-459-thread-1] INFO  impl.RaftServerImpl (RaftServerImpl.java:<init>(95)) - 95d4fb60-b61e-4c4a-8fcb-b8ff1d3ec0a8: new RaftServerImpl for group-D056AFC6799A:[95d4fb60-b61e-4c4a-8fcb-b8ff1d3ec0a8:192.168.157.230:33102] with ContainerStateMachine:uninitialized
2019-09-20 20:58:42,644 [pool-459-thread-1] INFO  server.RaftServerConfigKeys (ConfUtils.java:logGet(43)) - raft.server.rpc.timeout.min = 5s (custom)
2019-09-20 20:58:42,644 [pool-459-thread-1] INFO  server.RaftServerConfigKeys (ConfUtils.java:logGet(43)) - raft.server.rpc.timeout.max = 5200ms (custom)
2019-09-20 20:58:42,644 [pool-459-thread-1] INFO  server.RaftServerConfigKeys (ConfUtils.java:logGet(43)) - raft.server.rpcslowness.timeout = 120s (custom)
2019-09-20 20:58:42,644 [pool-459-thread-1] INFO  server.RaftServerConfigKeys (ConfUtils.java:logGet(43)) - raft.server.sleep.deviation.threshold = 300 (default)
2019-09-20 20:58:42,644 [pool-459-thread-1] INFO  server.RaftServerConfigKeys (ConfUtils.java:logGet(43)) - raft.server.log.appender.install.snapshot.enabled = false (custom)
2019-09-20 20:58:42,645 [pool-459-thread-1] INFO  impl.RaftServerImpl (ServerState.java:<init>(103)) - 95d4fb60-b61e-4c4a-8fcb-b8ff1d3ec0a8@group-D056AFC6799A: ConfigurationManager, init=-1: [95d4fb60-b61e-4c4a-8fcb-b8ff1d3ec0a8:192.168.157.230:33102], old=null, confs=<EMPTY_MAP>
2019-09-20 20:58:42,645 [pool-459-thread-1] INFO  server.RaftServerConfigKeys (ConfUtils.java:logGet(43)) - raft.server.storage.dir = [/workdir/hadoop-ozone/integration-test/target/test-dir/MiniOzoneClusterImpl-9716d3f7-240c-4861-9957-7330e711a072/datanode-5/data/ratis] (custom)
2019-09-20 20:58:42,645 [pool-459-thread-1] INFO  storage.RaftStorageDirectory (RaftStorageDirectory.java:analyzeStorage(246)) - The storage directory /workdir/hadoop-ozone/integration-test/target/test-dir/MiniOzoneClusterImpl-9716d3f7-240c-4861-9957-7330e711a072/datanode-5/data/ratis/224f7933-715c-4c95-9a1c-d056afc6799a does not exist. Creating ...
2019-09-20 20:58:42,658 [pool-459-thread-1] INFO  storage.RaftStorageDirectory (RaftStorageDirectory.java:tryLock(328)) - Lock on /workdir/hadoop-ozone/integration-test/target/test-dir/MiniOzoneClusterImpl-9716d3f7-240c-4861-9957-7330e711a072/datanode-5/data/ratis/224f7933-715c-4c95-9a1c-d056afc6799a/in_use.lock acquired by nodename 6057@pr-hdds-2159-7gjv7-4246597483
2019-09-20 20:58:42,670 [pool-459-thread-1] INFO  storage.RaftStorage (RaftStorage.java:format(72)) - Storage directory /workdir/hadoop-ozone/integration-test/target/test-dir/MiniOzoneClusterImpl-9716d3f7-240c-4861-9957-7330e711a072/datanode-5/data/ratis/224f7933-715c-4c95-9a1c-d056afc6799a has been successfully formatted.
2019-09-20 20:58:42,670 [pool-459-thread-1] INFO  ratis.ContainerStateMachine (ContainerStateMachine.java:loadSnapshot(230)) - group-D056AFC6799A: The snapshot info is null. Setting the last applied indexto:(t:0, i:~)
2019-09-20 20:58:42,670 [pool-459-thread-1] INFO  server.RaftServerConfigKeys (ConfUtils.java:logGet(43)) - raft.server.notification.no-leader.timeout = 120s (custom)
2019-09-20 20:58:42,670 [pool-459-thread-1] INFO  server.RaftServerConfigKeys (ConfUtils.java:logGet(43)) - raft.server.log.use.memory = false (default)
2019-09-20 20:58:42,670 [pool-459-thread-1] INFO  server.RaftServerConfigKeys (ConfUtils.java:logGet(43)) - raft.server.log.purge.gap = 1000000 (custom)
2019-09-20 20:58:42,670 [pool-459-thread-1] INFO  server.RaftServerConfigKeys (ConfUtils.java:logGet(43)) - raft.server.log.appender.buffer.byte-limit = 33554432 (custom)
2019-09-20 20:58:42,671 [pool-459-thread-1] INFO  server.RaftServerConfigKeys (ConfUtils.java:logGet(43)) - raft.server.log.segment.size.max = 1048576 (custom)
2019-09-20 20:58:42,671 [pool-459-thread-1] INFO  server.RaftServerConfigKeys (ConfUtils.java:logGet(43)) - raft.server.log.segment.cache.num.max = 2 (custom)
2019-09-20 20:58:42,671 [pool-459-thread-1] INFO  segmented.SegmentedRaftLogWorker (SegmentedRaftLogWorker.java:<init>(172)) - new 95d4fb60-b61e-4c4a-8fcb-b8ff1d3ec0a8@group-D056AFC6799A-SegmentedRaftLogWorker for RaftStorage:Storage Directory /workdir/hadoop-ozone/integration-test/target/test-dir/MiniOzoneClusterImpl-9716d3f7-240c-4861-9957-7330e711a072/datanode-5/data/ratis/224f7933-715c-4c95-9a1c-d056afc6799a
2019-09-20 20:58:42,672 [pool-459-thread-1] INFO  server.RaftServerConfigKeys (ConfUtils.java:logGet(43)) - raft.server.log.queue.byte-limit = 2147483647 (custom)
2019-09-20 20:58:42,672 [pool-459-thread-1] INFO  server.RaftServerConfigKeys (ConfUtils.java:logGet(43)) - raft.server.log.queue.element-limit = 1024 (custom)
2019-09-20 20:58:42,672 [pool-459-thread-1] INFO  server.RaftServerConfigKeys (ConfUtils.java:logGet(43)) - raft.server.log.segment.size.max = 1048576 (custom)
2019-09-20 20:58:42,672 [pool-459-thread-1] INFO  server.RaftServerConfigKeys (ConfUtils.java:logGet(43)) - raft.server.log.preallocated.size = 16384 (custom)
2019-09-20 20:58:42,672 [pool-459-thread-1] INFO  server.RaftServerConfigKeys (ConfUtils.java:logGet(43)) - raft.server.log.write.buffer.size = 33554432 (custom)
2019-09-20 20:58:42,672 [pool-459-thread-1] INFO  server.RaftServerConfigKeys (ConfUtils.java:logGet(43)) - raft.server.log.force.sync.num = 128 (default)
2019-09-20 20:58:42,672 [pool-459-thread-1] INFO  server.RaftServerConfigKeys (ConfUtils.java:logGet(43)) - raft.server.log.statemachine.data.sync = true (default)
2019-09-20 20:58:42,673 [pool-459-thread-1] INFO  server.RaftServerConfigKeys (ConfUtils.java:logGet(43)) - raft.server.log.statemachine.data.sync.timeout = 10s (default)
2019-09-20 20:58:42,673 [pool-459-thread-1] INFO  server.RaftServerConfigKeys (ConfUtils.java:logGet(43)) - raft.server.log.statemachine.data.sync.timeout.retry = -1 (default)
2019-09-20 20:58:42,673 [pool-459-thread-1] INFO  server.RaftServerConfigKeys (ConfUtils.java:logGet(43)) - raft.server.log.statemachine.data.caching.enabled = true (custom)
2019-09-20 20:58:42,673 [pool-459-thread-1] INFO  segmented.SegmentedRaftLogWorker (SegmentedRaftLogWorker.java:lambda$new$0(132)) - 95d4fb60-b61e-4c4a-8fcb-b8ff1d3ec0a8@group-D056AFC6799A-SegmentedRaftLogWorker: flushIndex: setUnconditionally 0 -> -1
2019-09-20 20:58:42,673 [pool-459-thread-1] INFO  server.RaftServerConfigKeys (ConfUtils.java:logGet(43)) - raft.server.snapshot.auto.trigger.enabled = true (custom)
2019-09-20 20:58:42,673 [pool-459-thread-1] INFO  server.RaftServerConfigKeys (ConfUtils.java:logGet(43)) - raft.server.snapshot.auto.trigger.threshold = 10000 (custom)
2019-09-20 20:58:42,673 [pool-459-thread-1] INFO  server.RaftServerConfigKeys (ConfUtils.java:logGet(43)) - raft.server.snapshot.retention.num.files = 5 (custom)
2019-09-20 20:58:42,674 [pool-459-thread-1] INFO  server.RaftServerConfigKeys (ConfUtils.java:logGet(43)) - raft.server.retrycache.expirytime = 600000ms (custom)
2019-09-20 20:58:42,674 [main] INFO  ozone.MiniOzoneClusterImpl (MiniOzoneClusterImpl.java:lambda$waitForClusterToBeReady$0(145)) - Waiting for cluster to be ready. Got 6 of 7 DN Heartbeats.
2019-09-20 20:58:42,674 [IPC Server handler 2 on 38046] INFO  net.NetworkTopology (NetworkTopologyImpl.java:add(111)) - Added a new node: /default-rack/611ae901-e50a-4ae8-a9b2-2f86c5d8c65e
2019-09-20 20:58:42,674 [IPC Server handler 2 on 38046] INFO  node.SCMNodeManager (SCMNodeManager.java:register(266)) - Registered Data node : 611ae901-e50a-4ae8-a9b2-2f86c5d8c65e{ip: 192.168.157.230, host: pr-hdds-2159-7gjv7-4246597483, networkLocation: /default-rack, certSerialId: null}
2019-09-20 20:58:42,675 [pool-459-thread-1] INFO  impl.RaftServerImpl (RaftServerImpl.java:start(185)) - 95d4fb60-b61e-4c4a-8fcb-b8ff1d3ec0a8@group-D056AFC6799A: start as a follower, conf=-1: [95d4fb60-b61e-4c4a-8fcb-b8ff1d3ec0a8:192.168.157.230:33102], old=null
2019-09-20 20:58:42,675 [pool-459-thread-1] INFO  impl.RaftServerImpl (RaftServerImpl.java:setRole(174)) - 95d4fb60-b61e-4c4a-8fcb-b8ff1d3ec0a8@group-D056AFC6799A: changes role from      null to FOLLOWER at term 0 for startAsFollower
2019-09-20 20:58:42,675 [pool-459-thread-1] INFO  impl.RoleInfo (RoleInfo.java:updateAndGet(143)) - 95d4fb60-b61e-4c4a-8fcb-b8ff1d3ec0a8: start FollowerState
2019-09-20 20:58:42,675 [pool-459-thread-1] INFO  util.JmxRegister (JmxRegister.java:tryRegister(44)) - Successfully registered JMX Bean with object name Ratis:service=RaftServer,group=group-D056AFC6799A,id=95d4fb60-b61e-4c4a-8fcb-b8ff1d3ec0a8
2019-09-20 20:58:42,677 [RatisPipelineUtilsThread] INFO  pipeline.PipelineStateManager (PipelineStateManager.java:addPipeline(56)) - Created pipeline Pipeline[ Id: 224f7933-715c-4c95-9a1c-d056afc6799a, Nodes: 95d4fb60-b61e-4c4a-8fcb-b8ff1d3ec0a8{ip: 192.168.157.230, host: pr-hdds-2159-7gjv7-4246597483, networkLocation: /default-rack, certSerialId: null}, Type:RATIS, Factor:ONE, State:OPEN]
2019-09-20 20:58:42,683 [grpc-default-executor-5] INFO  impl.RaftServerProxy (RaftServerProxy.java:addNew(89)) - 611ae901-e50a-4ae8-a9b2-2f86c5d8c65e: addNew group-E1BDFF0B9FBA:[611ae901-e50a-4ae8-a9b2-2f86c5d8c65e:192.168.157.230:43796] returns group-E1BDFF0B9FBA:java.util.concurrent.CompletableFuture@7f4383e8[Not completed]
2019-09-20 20:58:42,685 [pool-469-thread-1] INFO  impl.RaftServerImpl (RaftServerImpl.java:<init>(95)) - 611ae901-e50a-4ae8-a9b2-2f86c5d8c65e: new RaftServerImpl for group-E1BDFF0B9FBA:[611ae901-e50a-4ae8-a9b2-2f86c5d8c65e:192.168.157.230:43796] with ContainerStateMachine:uninitialized
2019-09-20 20:58:42,685 [pool-469-thread-1] INFO  server.RaftServerConfigKeys (ConfUtils.java:logGet(43)) - raft.server.rpc.timeout.min = 5s (custom)
2019-09-20 20:58:42,686 [pool-469-thread-1] INFO  server.RaftServerConfigKeys (ConfUtils.java:logGet(43)) - raft.server.rpc.timeout.max = 5200ms (custom)
2019-09-20 20:58:42,686 [pool-469-thread-1] INFO  server.RaftServerConfigKeys (ConfUtils.java:logGet(43)) - raft.server.rpcslowness.timeout = 120s (custom)
2019-09-20 20:58:42,686 [pool-469-thread-1] INFO  server.RaftServerConfigKeys (ConfUtils.java:logGet(43)) - raft.server.sleep.deviation.threshold = 300 (default)
2019-09-20 20:58:42,686 [pool-469-thread-1] INFO  server.RaftServerConfigKeys (ConfUtils.java:logGet(43)) - raft.server.log.appender.install.snapshot.enabled = false (custom)
2019-09-20 20:58:42,686 [pool-469-thread-1] INFO  impl.RaftServerImpl (ServerState.java:<init>(103)) - 611ae901-e50a-4ae8-a9b2-2f86c5d8c65e@group-E1BDFF0B9FBA: ConfigurationManager, init=-1: [611ae901-e50a-4ae8-a9b2-2f86c5d8c65e:192.168.157.230:43796], old=null, confs=<EMPTY_MAP>
2019-09-20 20:58:42,686 [pool-469-thread-1] INFO  server.RaftServerConfigKeys (ConfUtils.java:logGet(43)) - raft.server.storage.dir = [/workdir/hadoop-ozone/integration-test/target/test-dir/MiniOzoneClusterImpl-9716d3f7-240c-4861-9957-7330e711a072/datanode-6/data/ratis] (custom)
2019-09-20 20:58:42,686 [pool-469-thread-1] INFO  storage.RaftStorageDirectory (RaftStorageDirectory.java:analyzeStorage(246)) - The storage directory /workdir/hadoop-ozone/integration-test/target/test-dir/MiniOzoneClusterImpl-9716d3f7-240c-4861-9957-7330e711a072/datanode-6/data/ratis/ae8a5872-006e-4928-845e-e1bdff0b9fba does not exist. Creating ...
2019-09-20 20:58:42,699 [pool-469-thread-1] INFO  storage.RaftStorageDirectory (RaftStorageDirectory.java:tryLock(328)) - Lock on /workdir/hadoop-ozone/integration-test/target/test-dir/MiniOzoneClusterImpl-9716d3f7-240c-4861-9957-7330e711a072/datanode-6/data/ratis/ae8a5872-006e-4928-845e-e1bdff0b9fba/in_use.lock acquired by nodename 6057@pr-hdds-2159-7gjv7-4246597483
2019-09-20 20:58:42,711 [pool-469-thread-1] INFO  storage.RaftStorage (RaftStorage.java:format(72)) - Storage directory /workdir/hadoop-ozone/integration-test/target/test-dir/MiniOzoneClusterImpl-9716d3f7-240c-4861-9957-7330e711a072/datanode-6/data/ratis/ae8a5872-006e-4928-845e-e1bdff0b9fba has been successfully formatted.
2019-09-20 20:58:42,712 [pool-469-thread-1] INFO  ratis.ContainerStateMachine (ContainerStateMachine.java:loadSnapshot(230)) - group-E1BDFF0B9FBA: The snapshot info is null. Setting the last applied indexto:(t:0, i:~)
2019-09-20 20:58:42,712 [pool-469-thread-1] INFO  server.RaftServerConfigKeys (ConfUtils.java:logGet(43)) - raft.server.notification.no-leader.timeout = 120s (custom)
2019-09-20 20:58:42,712 [pool-469-thread-1] INFO  server.RaftServerConfigKeys (ConfUtils.java:logGet(43)) - raft.server.log.use.memory = false (default)
2019-09-20 20:58:42,712 [pool-469-thread-1] INFO  server.RaftServerConfigKeys (ConfUtils.java:logGet(43)) - raft.server.log.purge.gap = 1000000 (custom)
2019-09-20 20:58:42,712 [pool-469-thread-1] INFO  server.RaftServerConfigKeys (ConfUtils.java:logGet(43)) - raft.server.log.appender.buffer.byte-limit = 33554432 (custom)
2019-09-20 20:58:42,712 [pool-469-thread-1] INFO  server.RaftServerConfigKeys (ConfUtils.java:logGet(43)) - raft.server.log.segment.size.max = 1048576 (custom)
2019-09-20 20:58:42,712 [pool-469-thread-1] INFO  server.RaftServerConfigKeys (ConfUtils.java:logGet(43)) - raft.server.log.segment.cache.num.max = 2 (custom)
2019-09-20 20:58:42,713 [pool-469-thread-1] INFO  segmented.SegmentedRaftLogWorker (SegmentedRaftLogWorker.java:<init>(172)) - new 611ae901-e50a-4ae8-a9b2-2f86c5d8c65e@group-E1BDFF0B9FBA-SegmentedRaftLogWorker for RaftStorage:Storage Directory /workdir/hadoop-ozone/integration-test/target/test-dir/MiniOzoneClusterImpl-9716d3f7-240c-4861-9957-7330e711a072/datanode-6/data/ratis/ae8a5872-006e-4928-845e-e1bdff0b9fba
2019-09-20 20:58:42,714 [pool-469-thread-1] INFO  server.RaftServerConfigKeys (ConfUtils.java:logGet(43)) - raft.server.log.queue.byte-limit = 2147483647 (custom)
2019-09-20 20:58:42,714 [pool-469-thread-1] INFO  server.RaftServerConfigKeys (ConfUtils.java:logGet(43)) - raft.server.log.queue.element-limit = 1024 (custom)
2019-09-20 20:58:42,714 [pool-469-thread-1] INFO  server.RaftServerConfigKeys (ConfUtils.java:logGet(43)) - raft.server.log.segment.size.max = 1048576 (custom)
2019-09-20 20:58:42,714 [pool-469-thread-1] INFO  server.RaftServerConfigKeys (ConfUtils.java:logGet(43)) - raft.server.log.preallocated.size = 16384 (custom)
2019-09-20 20:58:42,714 [pool-469-thread-1] INFO  server.RaftServerConfigKeys (ConfUtils.java:logGet(43)) - raft.server.log.write.buffer.size = 33554432 (custom)
2019-09-20 20:58:42,714 [pool-469-thread-1] INFO  server.RaftServerConfigKeys (ConfUtils.java:logGet(43)) - raft.server.log.force.sync.num = 128 (default)
2019-09-20 20:58:42,714 [pool-469-thread-1] INFO  server.RaftServerConfigKeys (ConfUtils.java:logGet(43)) - raft.server.log.statemachine.data.sync = true (default)
2019-09-20 20:58:42,715 [pool-469-thread-1] INFO  server.RaftServerConfigKeys (ConfUtils.java:logGet(43)) - raft.server.log.statemachine.data.sync.timeout = 10s (default)
2019-09-20 20:58:42,715 [pool-469-thread-1] INFO  server.RaftServerConfigKeys (ConfUtils.java:logGet(43)) - raft.server.log.statemachine.data.sync.timeout.retry = -1 (default)
2019-09-20 20:58:42,715 [pool-469-thread-1] INFO  server.RaftServerConfigKeys (ConfUtils.java:logGet(43)) - raft.server.log.statemachine.data.caching.enabled = true (custom)
2019-09-20 20:58:42,715 [pool-469-thread-1] INFO  segmented.SegmentedRaftLogWorker (SegmentedRaftLogWorker.java:lambda$new$0(132)) - 611ae901-e50a-4ae8-a9b2-2f86c5d8c65e@group-E1BDFF0B9FBA-SegmentedRaftLogWorker: flushIndex: setUnconditionally 0 -> -1
2019-09-20 20:58:42,715 [pool-469-thread-1] INFO  server.RaftServerConfigKeys (ConfUtils.java:logGet(43)) - raft.server.snapshot.auto.trigger.enabled = true (custom)
2019-09-20 20:58:42,715 [pool-469-thread-1] INFO  server.RaftServerConfigKeys (ConfUtils.java:logGet(43)) - raft.server.snapshot.auto.trigger.threshold = 10000 (custom)
2019-09-20 20:58:42,716 [pool-469-thread-1] INFO  server.RaftServerConfigKeys (ConfUtils.java:logGet(43)) - raft.server.snapshot.retention.num.files = 5 (custom)
2019-09-20 20:58:42,716 [pool-469-thread-1] INFO  server.RaftServerConfigKeys (ConfUtils.java:logGet(43)) - raft.server.retrycache.expirytime = 600000ms (custom)
2019-09-20 20:58:42,717 [pool-469-thread-1] INFO  impl.RaftServerImpl (RaftServerImpl.java:start(185)) - 611ae901-e50a-4ae8-a9b2-2f86c5d8c65e@group-E1BDFF0B9FBA: start as a follower, conf=-1: [611ae901-e50a-4ae8-a9b2-2f86c5d8c65e:192.168.157.230:43796], old=null
2019-09-20 20:58:42,717 [pool-469-thread-1] INFO  impl.RaftServerImpl (RaftServerImpl.java:setRole(174)) - 611ae901-e50a-4ae8-a9b2-2f86c5d8c65e@group-E1BDFF0B9FBA: changes role from      null to FOLLOWER at term 0 for startAsFollower
2019-09-20 20:58:42,717 [pool-469-thread-1] INFO  impl.RoleInfo (RoleInfo.java:updateAndGet(143)) - 611ae901-e50a-4ae8-a9b2-2f86c5d8c65e: start FollowerState
2019-09-20 20:58:42,717 [pool-469-thread-1] INFO  util.JmxRegister (JmxRegister.java:tryRegister(44)) - Successfully registered JMX Bean with object name Ratis:service=RaftServer,group=group-E1BDFF0B9FBA,id=611ae901-e50a-4ae8-a9b2-2f86c5d8c65e
2019-09-20 20:58:42,720 [RatisPipelineUtilsThread] INFO  pipeline.PipelineStateManager (PipelineStateManager.java:addPipeline(56)) - Created pipeline Pipeline[ Id: ae8a5872-006e-4928-845e-e1bdff0b9fba, Nodes: 611ae901-e50a-4ae8-a9b2-2f86c5d8c65e{ip: 192.168.157.230, host: pr-hdds-2159-7gjv7-4246597483, networkLocation: /default-rack, certSerialId: null}, Type:RATIS, Factor:ONE, State:OPEN]
2019-09-20 20:58:42,726 [grpc-default-executor-5] INFO  impl.RaftServerProxy (RaftServerProxy.java:addNew(89)) - c70611d4-7cff-491b-af68-1f45d977db23: addNew group-6E54BC96095B:[c70611d4-7cff-491b-af68-1f45d977db23:192.168.157.230:44295] returns group-6E54BC96095B:java.util.concurrent.CompletableFuture@130ee6b5[Not completed]
2019-09-20 20:58:42,728 [pool-439-thread-1] INFO  impl.RaftServerImpl (RaftServerImpl.java:<init>(95)) - c70611d4-7cff-491b-af68-1f45d977db23: new RaftServerImpl for group-6E54BC96095B:[c70611d4-7cff-491b-af68-1f45d977db23:192.168.157.230:44295] with ContainerStateMachine:uninitialized
2019-09-20 20:58:42,728 [pool-439-thread-1] INFO  server.RaftServerConfigKeys (ConfUtils.java:logGet(43)) - raft.server.rpc.timeout.min = 5s (custom)
2019-09-20 20:58:42,728 [pool-439-thread-1] INFO  server.RaftServerConfigKeys (ConfUtils.java:logGet(43)) - raft.server.rpc.timeout.max = 5200ms (custom)
2019-09-20 20:58:42,728 [pool-439-thread-1] INFO  server.RaftServerConfigKeys (ConfUtils.java:logGet(43)) - raft.server.rpcslowness.timeout = 120s (custom)
2019-09-20 20:58:42,729 [pool-439-thread-1] INFO  server.RaftServerConfigKeys (ConfUtils.java:logGet(43)) - raft.server.sleep.deviation.threshold = 300 (default)
2019-09-20 20:58:42,729 [pool-439-thread-1] INFO  server.RaftServerConfigKeys (ConfUtils.java:logGet(43)) - raft.server.log.appender.install.snapshot.enabled = false (custom)
2019-09-20 20:58:42,729 [pool-439-thread-1] INFO  impl.RaftServerImpl (ServerState.java:<init>(103)) - c70611d4-7cff-491b-af68-1f45d977db23@group-6E54BC96095B: ConfigurationManager, init=-1: [c70611d4-7cff-491b-af68-1f45d977db23:192.168.157.230:44295], old=null, confs=<EMPTY_MAP>
2019-09-20 20:58:42,729 [pool-439-thread-1] INFO  server.RaftServerConfigKeys (ConfUtils.java:logGet(43)) - raft.server.storage.dir = [/workdir/hadoop-ozone/integration-test/target/test-dir/MiniOzoneClusterImpl-9716d3f7-240c-4861-9957-7330e711a072/datanode-3/data/ratis] (custom)
2019-09-20 20:58:42,730 [pool-439-thread-1] INFO  storage.RaftStorageDirectory (RaftStorageDirectory.java:analyzeStorage(246)) - The storage directory /workdir/hadoop-ozone/integration-test/target/test-dir/MiniOzoneClusterImpl-9716d3f7-240c-4861-9957-7330e711a072/datanode-3/data/ratis/e8b1df01-1411-4c43-be69-6e54bc96095b does not exist. Creating ...
2019-09-20 20:58:42,742 [pool-439-thread-1] INFO  storage.RaftStorageDirectory (RaftStorageDirectory.java:tryLock(328)) - Lock on /workdir/hadoop-ozone/integration-test/target/test-dir/MiniOzoneClusterImpl-9716d3f7-240c-4861-9957-7330e711a072/datanode-3/data/ratis/e8b1df01-1411-4c43-be69-6e54bc96095b/in_use.lock acquired by nodename 6057@pr-hdds-2159-7gjv7-4246597483
2019-09-20 20:58:42,764 [pool-439-thread-1] INFO  storage.RaftStorage (RaftStorage.java:format(72)) - Storage directory /workdir/hadoop-ozone/integration-test/target/test-dir/MiniOzoneClusterImpl-9716d3f7-240c-4861-9957-7330e711a072/datanode-3/data/ratis/e8b1df01-1411-4c43-be69-6e54bc96095b has been successfully formatted.
2019-09-20 20:58:42,764 [pool-439-thread-1] INFO  ratis.ContainerStateMachine (ContainerStateMachine.java:loadSnapshot(230)) - group-6E54BC96095B: The snapshot info is null. Setting the last applied indexto:(t:0, i:~)
2019-09-20 20:58:42,764 [pool-439-thread-1] INFO  server.RaftServerConfigKeys (ConfUtils.java:logGet(43)) - raft.server.notification.no-leader.timeout = 120s (custom)
2019-09-20 20:58:42,764 [pool-439-thread-1] INFO  server.RaftServerConfigKeys (ConfUtils.java:logGet(43)) - raft.server.log.use.memory = false (default)
2019-09-20 20:58:42,765 [pool-439-thread-1] INFO  server.RaftServerConfigKeys (ConfUtils.java:logGet(43)) - raft.server.log.purge.gap = 1000000 (custom)
2019-09-20 20:58:42,765 [pool-439-thread-1] INFO  server.RaftServerConfigKeys (ConfUtils.java:logGet(43)) - raft.server.log.appender.buffer.byte-limit = 33554432 (custom)
2019-09-20 20:58:42,765 [pool-439-thread-1] INFO  server.RaftServerConfigKeys (ConfUtils.java:logGet(43)) - raft.server.log.segment.size.max = 1048576 (custom)
2019-09-20 20:58:42,765 [pool-439-thread-1] INFO  server.RaftServerConfigKeys (ConfUtils.java:logGet(43)) - raft.server.log.segment.cache.num.max = 2 (custom)
2019-09-20 20:58:42,765 [pool-439-thread-1] INFO  segmented.SegmentedRaftLogWorker (SegmentedRaftLogWorker.java:<init>(172)) - new c70611d4-7cff-491b-af68-1f45d977db23@group-6E54BC96095B-SegmentedRaftLogWorker for RaftStorage:Storage Directory /workdir/hadoop-ozone/integration-test/target/test-dir/MiniOzoneClusterImpl-9716d3f7-240c-4861-9957-7330e711a072/datanode-3/data/ratis/e8b1df01-1411-4c43-be69-6e54bc96095b
2019-09-20 20:58:42,768 [pool-439-thread-1] INFO  server.RaftServerConfigKeys (ConfUtils.java:logGet(43)) - raft.server.log.queue.byte-limit = 2147483647 (custom)
2019-09-20 20:58:42,768 [pool-439-thread-1] INFO  server.RaftServerConfigKeys (ConfUtils.java:logGet(43)) - raft.server.log.queue.element-limit = 1024 (custom)
2019-09-20 20:58:42,768 [pool-439-thread-1] INFO  server.RaftServerConfigKeys (ConfUtils.java:logGet(43)) - raft.server.log.segment.size.max = 1048576 (custom)
2019-09-20 20:58:42,768 [pool-439-thread-1] INFO  server.RaftServerConfigKeys (ConfUtils.java:logGet(43)) - raft.server.log.preallocated.size = 16384 (custom)
2019-09-20 20:58:42,768 [pool-439-thread-1] INFO  server.RaftServerConfigKeys (ConfUtils.java:logGet(43)) - raft.server.log.write.buffer.size = 33554432 (custom)
2019-09-20 20:58:42,769 [pool-439-thread-1] INFO  server.RaftServerConfigKeys (ConfUtils.java:logGet(43)) - raft.server.log.force.sync.num = 128 (default)
2019-09-20 20:58:42,769 [pool-439-thread-1] INFO  server.RaftServerConfigKeys (ConfUtils.java:logGet(43)) - raft.server.log.statemachine.data.sync = true (default)
2019-09-20 20:58:42,769 [pool-439-thread-1] INFO  server.RaftServerConfigKeys (ConfUtils.java:logGet(43)) - raft.server.log.statemachine.data.sync.timeout = 10s (default)
2019-09-20 20:58:42,769 [pool-439-thread-1] INFO  server.RaftServerConfigKeys (ConfUtils.java:logGet(43)) - raft.server.log.statemachine.data.sync.timeout.retry = -1 (default)
2019-09-20 20:58:42,769 [pool-439-thread-1] INFO  server.RaftServerConfigKeys (ConfUtils.java:logGet(43)) - raft.server.log.statemachine.data.caching.enabled = true (custom)
2019-09-20 20:58:42,770 [pool-439-thread-1] INFO  segmented.SegmentedRaftLogWorker (SegmentedRaftLogWorker.java:lambda$new$0(132)) - c70611d4-7cff-491b-af68-1f45d977db23@group-6E54BC96095B-SegmentedRaftLogWorker: flushIndex: setUnconditionally 0 -> -1
2019-09-20 20:58:42,770 [pool-439-thread-1] INFO  server.RaftServerConfigKeys (ConfUtils.java:logGet(43)) - raft.server.snapshot.auto.trigger.enabled = true (custom)
2019-09-20 20:58:42,770 [pool-439-thread-1] INFO  server.RaftServerConfigKeys (ConfUtils.java:logGet(43)) - raft.server.snapshot.auto.trigger.threshold = 10000 (custom)
2019-09-20 20:58:42,771 [pool-439-thread-1] INFO  server.RaftServerConfigKeys (ConfUtils.java:logGet(43)) - raft.server.snapshot.retention.num.files = 5 (custom)
2019-09-20 20:58:42,771 [pool-439-thread-1] INFO  server.RaftServerConfigKeys (ConfUtils.java:logGet(43)) - raft.server.retrycache.expirytime = 600000ms (custom)
2019-09-20 20:58:42,773 [pool-439-thread-1] INFO  impl.RaftServerImpl (RaftServerImpl.java:start(185)) - c70611d4-7cff-491b-af68-1f45d977db23@group-6E54BC96095B: start as a follower, conf=-1: [c70611d4-7cff-491b-af68-1f45d977db23:192.168.157.230:44295], old=null
2019-09-20 20:58:42,773 [pool-439-thread-1] INFO  impl.RaftServerImpl (RaftServerImpl.java:setRole(174)) - c70611d4-7cff-491b-af68-1f45d977db23@group-6E54BC96095B: changes role from      null to FOLLOWER at term 0 for startAsFollower
2019-09-20 20:58:42,773 [pool-439-thread-1] INFO  impl.RoleInfo (RoleInfo.java:updateAndGet(143)) - c70611d4-7cff-491b-af68-1f45d977db23: start FollowerState
2019-09-20 20:58:42,774 [pool-439-thread-1] INFO  util.JmxRegister (JmxRegister.java:tryRegister(44)) - Successfully registered JMX Bean with object name Ratis:service=RaftServer,group=group-6E54BC96095B,id=c70611d4-7cff-491b-af68-1f45d977db23
2019-09-20 20:58:42,775 [RatisPipelineUtilsThread] INFO  pipeline.PipelineStateManager (PipelineStateManager.java:addPipeline(56)) - Created pipeline Pipeline[ Id: e8b1df01-1411-4c43-be69-6e54bc96095b, Nodes: c70611d4-7cff-491b-af68-1f45d977db23{ip: 192.168.157.230, host: pr-hdds-2159-7gjv7-4246597483, networkLocation: /default-rack, certSerialId: null}, Type:RATIS, Factor:ONE, State:OPEN]
2019-09-20 20:58:42,788 [grpc-default-executor-5] INFO  impl.RaftServerProxy (RaftServerProxy.java:addNew(89)) - 95d4fb60-b61e-4c4a-8fcb-b8ff1d3ec0a8: addNew group-34472633DB3A:[95d4fb60-b61e-4c4a-8fcb-b8ff1d3ec0a8:192.168.157.230:33102, 94a6d619-c930-45b6-ab16-e3ef1a750777:192.168.157.230:34407, 611ae901-e50a-4ae8-a9b2-2f86c5d8c65e:192.168.157.230:43796] returns group-34472633DB3A:java.util.concurrent.CompletableFuture@6ad3b671[Not completed]
2019-09-20 20:58:42,788 [grpc-default-executor-8] INFO  impl.RaftServerProxy (RaftServerProxy.java:addNew(89)) - 611ae901-e50a-4ae8-a9b2-2f86c5d8c65e: addNew group-34472633DB3A:[95d4fb60-b61e-4c4a-8fcb-b8ff1d3ec0a8:192.168.157.230:33102, 94a6d619-c930-45b6-ab16-e3ef1a750777:192.168.157.230:34407, 611ae901-e50a-4ae8-a9b2-2f86c5d8c65e:192.168.157.230:43796] returns group-34472633DB3A:java.util.concurrent.CompletableFuture@63ff0420[Not completed]
2019-09-20 20:58:42,788 [grpc-default-executor-9] INFO  impl.RaftServerProxy (RaftServerProxy.java:addNew(89)) - 94a6d619-c930-45b6-ab16-e3ef1a750777: addNew group-34472633DB3A:[95d4fb60-b61e-4c4a-8fcb-b8ff1d3ec0a8:192.168.157.230:33102, 94a6d619-c930-45b6-ab16-e3ef1a750777:192.168.157.230:34407, 611ae901-e50a-4ae8-a9b2-2f86c5d8c65e:192.168.157.230:43796] returns group-34472633DB3A:java.util.concurrent.CompletableFuture@a0a03a2[Not completed]
2019-09-20 20:58:42,789 [pool-459-thread-1] INFO  impl.RaftServerImpl (RaftServerImpl.java:<init>(95)) - 95d4fb60-b61e-4c4a-8fcb-b8ff1d3ec0a8: new RaftServerImpl for group-34472633DB3A:[95d4fb60-b61e-4c4a-8fcb-b8ff1d3ec0a8:192.168.157.230:33102, 94a6d619-c930-45b6-ab16-e3ef1a750777:192.168.157.230:34407, 611ae901-e50a-4ae8-a9b2-2f86c5d8c65e:192.168.157.230:43796] with ContainerStateMachine:uninitialized
2019-09-20 20:58:42,790 [pool-459-thread-1] INFO  server.RaftServerConfigKeys (ConfUtils.java:logGet(43)) - raft.server.rpc.timeout.min = 5s (custom)
2019-09-20 20:58:42,790 [pool-459-thread-1] INFO  server.RaftServerConfigKeys (ConfUtils.java:logGet(43)) - raft.server.rpc.timeout.max = 5200ms (custom)
2019-09-20 20:58:42,790 [pool-459-thread-1] INFO  server.RaftServerConfigKeys (ConfUtils.java:logGet(43)) - raft.server.rpcslowness.timeout = 120s (custom)
2019-09-20 20:58:42,790 [pool-459-thread-1] INFO  server.RaftServerConfigKeys (ConfUtils.java:logGet(43)) - raft.server.sleep.deviation.threshold = 300 (default)
2019-09-20 20:58:42,790 [pool-459-thread-1] INFO  server.RaftServerConfigKeys (ConfUtils.java:logGet(43)) - raft.server.log.appender.install.snapshot.enabled = false (custom)
2019-09-20 20:58:42,790 [pool-459-thread-1] INFO  impl.RaftServerImpl (ServerState.java:<init>(103)) - 95d4fb60-b61e-4c4a-8fcb-b8ff1d3ec0a8@group-34472633DB3A: ConfigurationManager, init=-1: [95d4fb60-b61e-4c4a-8fcb-b8ff1d3ec0a8:192.168.157.230:33102, 94a6d619-c930-45b6-ab16-e3ef1a750777:192.168.157.230:34407, 611ae901-e50a-4ae8-a9b2-2f86c5d8c65e:192.168.157.230:43796], old=null, confs=<EMPTY_MAP>
2019-09-20 20:58:42,791 [pool-459-thread-1] INFO  server.RaftServerConfigKeys (ConfUtils.java:logGet(43)) - raft.server.storage.dir = [/workdir/hadoop-ozone/integration-test/target/test-dir/MiniOzoneClusterImpl-9716d3f7-240c-4861-9957-7330e711a072/datanode-5/data/ratis] (custom)
2019-09-20 20:58:42,791 [pool-449-thread-1] INFO  impl.RaftServerImpl (RaftServerImpl.java:<init>(95)) - 94a6d619-c930-45b6-ab16-e3ef1a750777: new RaftServerImpl for group-34472633DB3A:[95d4fb60-b61e-4c4a-8fcb-b8ff1d3ec0a8:192.168.157.230:33102, 94a6d619-c930-45b6-ab16-e3ef1a750777:192.168.157.230:34407, 611ae901-e50a-4ae8-a9b2-2f86c5d8c65e:192.168.157.230:43796] with ContainerStateMachine:uninitialized
2019-09-20 20:58:42,791 [pool-459-thread-1] INFO  storage.RaftStorageDirectory (RaftStorageDirectory.java:analyzeStorage(246)) - The storage directory /workdir/hadoop-ozone/integration-test/target/test-dir/MiniOzoneClusterImpl-9716d3f7-240c-4861-9957-7330e711a072/datanode-5/data/ratis/2eab33d4-7391-4c6d-9c7a-34472633db3a does not exist. Creating ...
2019-09-20 20:58:42,791 [pool-449-thread-1] INFO  server.RaftServerConfigKeys (ConfUtils.java:logGet(43)) - raft.server.rpc.timeout.min = 5s (custom)
2019-09-20 20:58:42,791 [pool-469-thread-1] INFO  impl.RaftServerImpl (RaftServerImpl.java:<init>(95)) - 611ae901-e50a-4ae8-a9b2-2f86c5d8c65e: new RaftServerImpl for group-34472633DB3A:[95d4fb60-b61e-4c4a-8fcb-b8ff1d3ec0a8:192.168.157.230:33102, 94a6d619-c930-45b6-ab16-e3ef1a750777:192.168.157.230:34407, 611ae901-e50a-4ae8-a9b2-2f86c5d8c65e:192.168.157.230:43796] with ContainerStateMachine:uninitialized
2019-09-20 20:58:42,791 [pool-449-thread-1] INFO  server.RaftServerConfigKeys (ConfUtils.java:logGet(43)) - raft.server.rpc.timeout.max = 5200ms (custom)
2019-09-20 20:58:42,792 [pool-469-thread-1] INFO  server.RaftServerConfigKeys (ConfUtils.java:logGet(43)) - raft.server.rpc.timeout.min = 5s (custom)
2019-09-20 20:58:42,792 [pool-449-thread-1] INFO  server.RaftServerConfigKeys (ConfUtils.java:logGet(43)) - raft.server.rpcslowness.timeout = 120s (custom)
2019-09-20 20:58:42,792 [pool-469-thread-1] INFO  server.RaftServerConfigKeys (ConfUtils.java:logGet(43)) - raft.server.rpc.timeout.max = 5200ms (custom)
2019-09-20 20:58:42,792 [pool-449-thread-1] INFO  server.RaftServerConfigKeys (ConfUtils.java:logGet(43)) - raft.server.sleep.deviation.threshold = 300 (default)
2019-09-20 20:58:42,792 [pool-469-thread-1] INFO  server.RaftServerConfigKeys (ConfUtils.java:logGet(43)) - raft.server.rpcslowness.timeout = 120s (custom)
2019-09-20 20:58:42,792 [pool-449-thread-1] INFO  server.RaftServerConfigKeys (ConfUtils.java:logGet(43)) - raft.server.log.appender.install.snapshot.enabled = false (custom)
2019-09-20 20:58:42,793 [pool-469-thread-1] INFO  server.RaftServerConfigKeys (ConfUtils.java:logGet(43)) - raft.server.sleep.deviation.threshold = 300 (default)
2019-09-20 20:58:42,793 [pool-449-thread-1] INFO  impl.RaftServerImpl (ServerState.java:<init>(103)) - 94a6d619-c930-45b6-ab16-e3ef1a750777@group-34472633DB3A: ConfigurationManager, init=-1: [95d4fb60-b61e-4c4a-8fcb-b8ff1d3ec0a8:192.168.157.230:33102, 94a6d619-c930-45b6-ab16-e3ef1a750777:192.168.157.230:34407, 611ae901-e50a-4ae8-a9b2-2f86c5d8c65e:192.168.157.230:43796], old=null, confs=<EMPTY_MAP>
2019-09-20 20:58:42,793 [pool-469-thread-1] INFO  server.RaftServerConfigKeys (ConfUtils.java:logGet(43)) - raft.server.log.appender.install.snapshot.enabled = false (custom)
2019-09-20 20:58:42,793 [pool-449-thread-1] INFO  server.RaftServerConfigKeys (ConfUtils.java:logGet(43)) - raft.server.storage.dir = [/workdir/hadoop-ozone/integration-test/target/test-dir/MiniOzoneClusterImpl-9716d3f7-240c-4861-9957-7330e711a072/datanode-4/data/ratis] (custom)
2019-09-20 20:58:42,793 [pool-469-thread-1] INFO  impl.RaftServerImpl (ServerState.java:<init>(103)) - 611ae901-e50a-4ae8-a9b2-2f86c5d8c65e@group-34472633DB3A: ConfigurationManager, init=-1: [95d4fb60-b61e-4c4a-8fcb-b8ff1d3ec0a8:192.168.157.230:33102, 94a6d619-c930-45b6-ab16-e3ef1a750777:192.168.157.230:34407, 611ae901-e50a-4ae8-a9b2-2f86c5d8c65e:192.168.157.230:43796], old=null, confs=<EMPTY_MAP>
2019-09-20 20:58:42,794 [pool-469-thread-1] INFO  server.RaftServerConfigKeys (ConfUtils.java:logGet(43)) - raft.server.storage.dir = [/workdir/hadoop-ozone/integration-test/target/test-dir/MiniOzoneClusterImpl-9716d3f7-240c-4861-9957-7330e711a072/datanode-6/data/ratis] (custom)
2019-09-20 20:58:42,794 [pool-449-thread-1] INFO  storage.RaftStorageDirectory (RaftStorageDirectory.java:analyzeStorage(246)) - The storage directory /workdir/hadoop-ozone/integration-test/target/test-dir/MiniOzoneClusterImpl-9716d3f7-240c-4861-9957-7330e711a072/datanode-4/data/ratis/2eab33d4-7391-4c6d-9c7a-34472633db3a does not exist. Creating ...
2019-09-20 20:58:42,794 [pool-469-thread-1] INFO  storage.RaftStorageDirectory (RaftStorageDirectory.java:analyzeStorage(246)) - The storage directory /workdir/hadoop-ozone/integration-test/target/test-dir/MiniOzoneClusterImpl-9716d3f7-240c-4861-9957-7330e711a072/datanode-6/data/ratis/2eab33d4-7391-4c6d-9c7a-34472633db3a does not exist. Creating ...
2019-09-20 20:58:42,816 [pool-459-thread-1] INFO  storage.RaftStorageDirectory (RaftStorageDirectory.java:tryLock(328)) - Lock on /workdir/hadoop-ozone/integration-test/target/test-dir/MiniOzoneClusterImpl-9716d3f7-240c-4861-9957-7330e711a072/datanode-5/data/ratis/2eab33d4-7391-4c6d-9c7a-34472633db3a/in_use.lock acquired by nodename 6057@pr-hdds-2159-7gjv7-4246597483
2019-09-20 20:58:42,816 [pool-449-thread-1] INFO  storage.RaftStorageDirectory (RaftStorageDirectory.java:tryLock(328)) - Lock on /workdir/hadoop-ozone/integration-test/target/test-dir/MiniOzoneClusterImpl-9716d3f7-240c-4861-9957-7330e711a072/datanode-4/data/ratis/2eab33d4-7391-4c6d-9c7a-34472633db3a/in_use.lock acquired by nodename 6057@pr-hdds-2159-7gjv7-4246597483
2019-09-20 20:58:42,816 [pool-469-thread-1] INFO  storage.RaftStorageDirectory (RaftStorageDirectory.java:tryLock(328)) - Lock on /workdir/hadoop-ozone/integration-test/target/test-dir/MiniOzoneClusterImpl-9716d3f7-240c-4861-9957-7330e711a072/datanode-6/data/ratis/2eab33d4-7391-4c6d-9c7a-34472633db3a/in_use.lock acquired by nodename 6057@pr-hdds-2159-7gjv7-4246597483
2019-09-20 20:58:42,841 [pool-459-thread-1] INFO  storage.RaftStorage (RaftStorage.java:format(72)) - Storage directory /workdir/hadoop-ozone/integration-test/target/test-dir/MiniOzoneClusterImpl-9716d3f7-240c-4861-9957-7330e711a072/datanode-5/data/ratis/2eab33d4-7391-4c6d-9c7a-34472633db3a has been successfully formatted.
2019-09-20 20:58:42,841 [pool-469-thread-1] INFO  storage.RaftStorage (RaftStorage.java:format(72)) - Storage directory /workdir/hadoop-ozone/integration-test/target/test-dir/MiniOzoneClusterImpl-9716d3f7-240c-4861-9957-7330e711a072/datanode-6/data/ratis/2eab33d4-7391-4c6d-9c7a-34472633db3a has been successfully formatted.
2019-09-20 20:58:42,841 [pool-449-thread-1] INFO  storage.RaftStorage (RaftStorage.java:format(72)) - Storage directory /workdir/hadoop-ozone/integration-test/target/test-dir/MiniOzoneClusterImpl-9716d3f7-240c-4861-9957-7330e711a072/datanode-4/data/ratis/2eab33d4-7391-4c6d-9c7a-34472633db3a has been successfully formatted.
2019-09-20 20:58:42,841 [pool-469-thread-1] INFO  ratis.ContainerStateMachine (ContainerStateMachine.java:loadSnapshot(230)) - group-34472633DB3A: The snapshot info is null. Setting the last applied indexto:(t:0, i:~)
2019-09-20 20:58:42,842 [pool-449-thread-1] INFO  ratis.ContainerStateMachine (ContainerStateMachine.java:loadSnapshot(230)) - group-34472633DB3A: The snapshot info is null. Setting the last applied indexto:(t:0, i:~)
2019-09-20 20:58:42,842 [pool-469-thread-1] INFO  server.RaftServerConfigKeys (ConfUtils.java:logGet(43)) - raft.server.notification.no-leader.timeout = 120s (custom)
2019-09-20 20:58:42,842 [pool-449-thread-1] INFO  server.RaftServerConfigKeys (ConfUtils.java:logGet(43)) - raft.server.notification.no-leader.timeout = 120s (custom)
2019-09-20 20:58:42,842 [pool-459-thread-1] INFO  ratis.ContainerStateMachine (ContainerStateMachine.java:loadSnapshot(230)) - group-34472633DB3A: The snapshot info is null. Setting the last applied indexto:(t:0, i:~)
2019-09-20 20:58:42,842 [pool-449-thread-1] INFO  server.RaftServerConfigKeys (ConfUtils.java:logGet(43)) - raft.server.log.use.memory = false (default)
2019-09-20 20:58:42,842 [pool-469-thread-1] INFO  server.RaftServerConfigKeys (ConfUtils.java:logGet(43)) - raft.server.log.use.memory = false (default)
2019-09-20 20:58:42,843 [pool-449-thread-1] INFO  server.RaftServerConfigKeys (ConfUtils.java:logGet(43)) - raft.server.log.purge.gap = 1000000 (custom)
2019-09-20 20:58:42,842 [pool-459-thread-1] INFO  server.RaftServerConfigKeys (ConfUtils.java:logGet(43)) - raft.server.notification.no-leader.timeout = 120s (custom)
2019-09-20 20:58:42,843 [pool-449-thread-1] INFO  server.RaftServerConfigKeys (ConfUtils.java:logGet(43)) - raft.server.log.appender.buffer.byte-limit = 33554432 (custom)
2019-09-20 20:58:42,843 [pool-469-thread-1] INFO  server.RaftServerConfigKeys (ConfUtils.java:logGet(43)) - raft.server.log.purge.gap = 1000000 (custom)
2019-09-20 20:58:42,843 [pool-449-thread-1] INFO  server.RaftServerConfigKeys (ConfUtils.java:logGet(43)) - raft.server.log.segment.size.max = 1048576 (custom)
2019-09-20 20:58:42,843 [pool-459-thread-1] INFO  server.RaftServerConfigKeys (ConfUtils.java:logGet(43)) - raft.server.log.use.memory = false (default)
2019-09-20 20:58:42,843 [pool-449-thread-1] INFO  server.RaftServerConfigKeys (ConfUtils.java:logGet(43)) - raft.server.log.segment.cache.num.max = 2 (custom)
2019-09-20 20:58:42,843 [pool-469-thread-1] INFO  server.RaftServerConfigKeys (ConfUtils.java:logGet(43)) - raft.server.log.appender.buffer.byte-limit = 33554432 (custom)
2019-09-20 20:58:42,844 [pool-449-thread-1] INFO  segmented.SegmentedRaftLogWorker (SegmentedRaftLogWorker.java:<init>(172)) - new 94a6d619-c930-45b6-ab16-e3ef1a750777@group-34472633DB3A-SegmentedRaftLogWorker for RaftStorage:Storage Directory /workdir/hadoop-ozone/integration-test/target/test-dir/MiniOzoneClusterImpl-9716d3f7-240c-4861-9957-7330e711a072/datanode-4/data/ratis/2eab33d4-7391-4c6d-9c7a-34472633db3a
2019-09-20 20:58:42,844 [pool-459-thread-1] INFO  server.RaftServerConfigKeys (ConfUtils.java:logGet(43)) - raft.server.log.purge.gap = 1000000 (custom)
2019-09-20 20:58:42,844 [pool-449-thread-1] INFO  server.RaftServerConfigKeys (ConfUtils.java:logGet(43)) - raft.server.log.queue.byte-limit = 2147483647 (custom)
2019-09-20 20:58:42,844 [pool-469-thread-1] INFO  server.RaftServerConfigKeys (ConfUtils.java:logGet(43)) - raft.server.log.segment.size.max = 1048576 (custom)
2019-09-20 20:58:42,844 [pool-449-thread-1] INFO  server.RaftServerConfigKeys (ConfUtils.java:logGet(43)) - raft.server.log.queue.element-limit = 1024 (custom)
2019-09-20 20:58:42,844 [pool-459-thread-1] INFO  server.RaftServerConfigKeys (ConfUtils.java:logGet(43)) - raft.server.log.appender.buffer.byte-limit = 33554432 (custom)
2019-09-20 20:58:42,845 [pool-449-thread-1] INFO  server.RaftServerConfigKeys (ConfUtils.java:logGet(43)) - raft.server.log.segment.size.max = 1048576 (custom)
2019-09-20 20:58:42,844 [pool-469-thread-1] INFO  server.RaftServerConfigKeys (ConfUtils.java:logGet(43)) - raft.server.log.segment.cache.num.max = 2 (custom)
2019-09-20 20:58:42,845 [pool-449-thread-1] INFO  server.RaftServerConfigKeys (ConfUtils.java:logGet(43)) - raft.server.log.preallocated.size = 16384 (custom)
2019-09-20 20:58:42,845 [pool-459-thread-1] INFO  server.RaftServerConfigKeys (ConfUtils.java:logGet(43)) - raft.server.log.segment.size.max = 1048576 (custom)
2019-09-20 20:58:42,845 [pool-449-thread-1] INFO  server.RaftServerConfigKeys (ConfUtils.java:logGet(43)) - raft.server.log.write.buffer.size = 33554432 (custom)
2019-09-20 20:58:42,845 [pool-469-thread-1] INFO  segmented.SegmentedRaftLogWorker (SegmentedRaftLogWorker.java:<init>(172)) - new 611ae901-e50a-4ae8-a9b2-2f86c5d8c65e@group-34472633DB3A-SegmentedRaftLogWorker for RaftStorage:Storage Directory /workdir/hadoop-ozone/integration-test/target/test-dir/MiniOzoneClusterImpl-9716d3f7-240c-4861-9957-7330e711a072/datanode-6/data/ratis/2eab33d4-7391-4c6d-9c7a-34472633db3a
2019-09-20 20:58:42,845 [pool-449-thread-1] INFO  server.RaftServerConfigKeys (ConfUtils.java:logGet(43)) - raft.server.log.force.sync.num = 128 (default)
2019-09-20 20:58:42,845 [pool-459-thread-1] INFO  server.RaftServerConfigKeys (ConfUtils.java:logGet(43)) - raft.server.log.segment.cache.num.max = 2 (custom)
2019-09-20 20:58:42,846 [pool-449-thread-1] INFO  server.RaftServerConfigKeys (ConfUtils.java:logGet(43)) - raft.server.log.statemachine.data.sync = true (default)
2019-09-20 20:58:42,846 [pool-469-thread-1] INFO  server.RaftServerConfigKeys (ConfUtils.java:logGet(43)) - raft.server.log.queue.byte-limit = 2147483647 (custom)
2019-09-20 20:58:42,846 [pool-449-thread-1] INFO  server.RaftServerConfigKeys (ConfUtils.java:logGet(43)) - raft.server.log.statemachine.data.sync.timeout = 10s (default)
2019-09-20 20:58:42,846 [pool-459-thread-1] INFO  segmented.SegmentedRaftLogWorker (SegmentedRaftLogWorker.java:<init>(172)) - new 95d4fb60-b61e-4c4a-8fcb-b8ff1d3ec0a8@group-34472633DB3A-SegmentedRaftLogWorker for RaftStorage:Storage Directory /workdir/hadoop-ozone/integration-test/target/test-dir/MiniOzoneClusterImpl-9716d3f7-240c-4861-9957-7330e711a072/datanode-5/data/ratis/2eab33d4-7391-4c6d-9c7a-34472633db3a
2019-09-20 20:58:42,846 [pool-449-thread-1] INFO  server.RaftServerConfigKeys (ConfUtils.java:logGet(43)) - raft.server.log.statemachine.data.sync.timeout.retry = -1 (default)
2019-09-20 20:58:42,846 [pool-469-thread-1] INFO  server.RaftServerConfigKeys (ConfUtils.java:logGet(43)) - raft.server.log.queue.element-limit = 1024 (custom)
2019-09-20 20:58:42,847 [pool-449-thread-1] INFO  server.RaftServerConfigKeys (ConfUtils.java:logGet(43)) - raft.server.log.statemachine.data.caching.enabled = true (custom)
2019-09-20 20:58:42,846 [pool-459-thread-1] INFO  server.RaftServerConfigKeys (ConfUtils.java:logGet(43)) - raft.server.log.queue.byte-limit = 2147483647 (custom)
2019-09-20 20:58:42,847 [pool-459-thread-1] INFO  server.RaftServerConfigKeys (ConfUtils.java:logGet(43)) - raft.server.log.queue.element-limit = 1024 (custom)
2019-09-20 20:58:42,847 [pool-469-thread-1] INFO  server.RaftServerConfigKeys (ConfUtils.java:logGet(43)) - raft.server.log.segment.size.max = 1048576 (custom)
2019-09-20 20:58:42,847 [pool-459-thread-1] INFO  server.RaftServerConfigKeys (ConfUtils.java:logGet(43)) - raft.server.log.segment.size.max = 1048576 (custom)
2019-09-20 20:58:42,847 [pool-449-thread-1] INFO  segmented.SegmentedRaftLogWorker (SegmentedRaftLogWorker.java:lambda$new$0(132)) - 94a6d619-c930-45b6-ab16-e3ef1a750777@group-34472633DB3A-SegmentedRaftLogWorker: flushIndex: setUnconditionally 0 -> -1
2019-09-20 20:58:42,847 [pool-459-thread-1] INFO  server.RaftServerConfigKeys (ConfUtils.java:logGet(43)) - raft.server.log.preallocated.size = 16384 (custom)
2019-09-20 20:58:42,848 [pool-459-thread-1] INFO  server.RaftServerConfigKeys (ConfUtils.java:logGet(43)) - raft.server.log.write.buffer.size = 33554432 (custom)
2019-09-20 20:58:42,847 [pool-469-thread-1] INFO  server.RaftServerConfigKeys (ConfUtils.java:logGet(43)) - raft.server.log.preallocated.size = 16384 (custom)
2019-09-20 20:58:42,848 [pool-459-thread-1] INFO  server.RaftServerConfigKeys (ConfUtils.java:logGet(43)) - raft.server.log.force.sync.num = 128 (default)
2019-09-20 20:58:42,848 [pool-449-thread-1] INFO  server.RaftServerConfigKeys (ConfUtils.java:logGet(43)) - raft.server.snapshot.auto.trigger.enabled = true (custom)
2019-09-20 20:58:42,848 [pool-459-thread-1] INFO  server.RaftServerConfigKeys (ConfUtils.java:logGet(43)) - raft.server.log.statemachine.data.sync = true (default)
2019-09-20 20:58:42,848 [pool-469-thread-1] INFO  server.RaftServerConfigKeys (ConfUtils.java:logGet(43)) - raft.server.log.write.buffer.size = 33554432 (custom)
2019-09-20 20:58:42,848 [pool-459-thread-1] INFO  server.RaftServerConfigKeys (ConfUtils.java:logGet(43)) - raft.server.log.statemachine.data.sync.timeout = 10s (default)
2019-09-20 20:58:42,848 [pool-449-thread-1] INFO  server.RaftServerConfigKeys (ConfUtils.java:logGet(43)) - raft.server.snapshot.auto.trigger.threshold = 10000 (custom)
2019-09-20 20:58:42,849 [pool-459-thread-1] INFO  server.RaftServerConfigKeys (ConfUtils.java:logGet(43)) - raft.server.log.statemachine.data.sync.timeout.retry = -1 (default)
2019-09-20 20:58:42,849 [pool-469-thread-1] INFO  server.RaftServerConfigKeys (ConfUtils.java:logGet(43)) - raft.server.log.force.sync.num = 128 (default)
2019-09-20 20:58:42,849 [pool-459-thread-1] INFO  server.RaftServerConfigKeys (ConfUtils.java:logGet(43)) - raft.server.log.statemachine.data.caching.enabled = true (custom)
2019-09-20 20:58:42,849 [pool-449-thread-1] INFO  server.RaftServerConfigKeys (ConfUtils.java:logGet(43)) - raft.server.snapshot.retention.num.files = 5 (custom)
2019-09-20 20:58:42,849 [pool-469-thread-1] INFO  server.RaftServerConfigKeys (ConfUtils.java:logGet(43)) - raft.server.log.statemachine.data.sync = true (default)
2019-09-20 20:58:42,849 [pool-459-thread-1] INFO  segmented.SegmentedRaftLogWorker (SegmentedRaftLogWorker.java:lambda$new$0(132)) - 95d4fb60-b61e-4c4a-8fcb-b8ff1d3ec0a8@group-34472633DB3A-SegmentedRaftLogWorker: flushIndex: setUnconditionally 0 -> -1
2019-09-20 20:58:42,849 [pool-449-thread-1] INFO  server.RaftServerConfigKeys (ConfUtils.java:logGet(43)) - raft.server.retrycache.expirytime = 600000ms (custom)
2019-09-20 20:58:42,850 [pool-469-thread-1] INFO  server.RaftServerConfigKeys (ConfUtils.java:logGet(43)) - raft.server.log.statemachine.data.sync.timeout = 10s (default)
2019-09-20 20:58:42,850 [pool-459-thread-1] INFO  server.RaftServerConfigKeys (ConfUtils.java:logGet(43)) - raft.server.snapshot.auto.trigger.enabled = true (custom)
2019-09-20 20:58:42,850 [pool-469-thread-1] INFO  server.RaftServerConfigKeys (ConfUtils.java:logGet(43)) - raft.server.log.statemachine.data.sync.timeout.retry = -1 (default)
2019-09-20 20:58:42,850 [pool-459-thread-1] INFO  server.RaftServerConfigKeys (ConfUtils.java:logGet(43)) - raft.server.snapshot.auto.trigger.threshold = 10000 (custom)
2019-09-20 20:58:42,850 [pool-469-thread-1] INFO  server.RaftServerConfigKeys (ConfUtils.java:logGet(43)) - raft.server.log.statemachine.data.caching.enabled = true (custom)
2019-09-20 20:58:42,850 [pool-459-thread-1] INFO  server.RaftServerConfigKeys (ConfUtils.java:logGet(43)) - raft.server.snapshot.retention.num.files = 5 (custom)
2019-09-20 20:58:42,851 [pool-469-thread-1] INFO  segmented.SegmentedRaftLogWorker (SegmentedRaftLogWorker.java:lambda$new$0(132)) - 611ae901-e50a-4ae8-a9b2-2f86c5d8c65e@group-34472633DB3A-SegmentedRaftLogWorker: flushIndex: setUnconditionally 0 -> -1
2019-09-20 20:58:42,851 [pool-459-thread-1] INFO  server.RaftServerConfigKeys (ConfUtils.java:logGet(43)) - raft.server.retrycache.expirytime = 600000ms (custom)
2019-09-20 20:58:42,851 [pool-469-thread-1] INFO  server.RaftServerConfigKeys (ConfUtils.java:logGet(43)) - raft.server.snapshot.auto.trigger.enabled = true (custom)
2019-09-20 20:58:42,851 [pool-469-thread-1] INFO  server.RaftServerConfigKeys (ConfUtils.java:logGet(43)) - raft.server.snapshot.auto.trigger.threshold = 10000 (custom)
2019-09-20 20:58:42,852 [pool-469-thread-1] INFO  server.RaftServerConfigKeys (ConfUtils.java:logGet(43)) - raft.server.snapshot.retention.num.files = 5 (custom)
2019-09-20 20:58:42,852 [pool-469-thread-1] INFO  server.RaftServerConfigKeys (ConfUtils.java:logGet(43)) - raft.server.retrycache.expirytime = 600000ms (custom)
2019-09-20 20:58:42,852 [pool-449-thread-1] INFO  impl.RaftServerImpl (RaftServerImpl.java:start(185)) - 94a6d619-c930-45b6-ab16-e3ef1a750777@group-34472633DB3A: start as a follower, conf=-1: [95d4fb60-b61e-4c4a-8fcb-b8ff1d3ec0a8:192.168.157.230:33102, 94a6d619-c930-45b6-ab16-e3ef1a750777:192.168.157.230:34407, 611ae901-e50a-4ae8-a9b2-2f86c5d8c65e:192.168.157.230:43796], old=null
2019-09-20 20:58:42,852 [pool-449-thread-1] INFO  impl.RaftServerImpl (RaftServerImpl.java:setRole(174)) - 94a6d619-c930-45b6-ab16-e3ef1a750777@group-34472633DB3A: changes role from      null to FOLLOWER at term 0 for startAsFollower
2019-09-20 20:58:42,852 [pool-449-thread-1] INFO  impl.RoleInfo (RoleInfo.java:updateAndGet(143)) - 94a6d619-c930-45b6-ab16-e3ef1a750777: start FollowerState
2019-09-20 20:58:42,853 [pool-449-thread-1] INFO  util.JmxRegister (JmxRegister.java:tryRegister(44)) - Successfully registered JMX Bean with object name Ratis:service=RaftServer,group=group-34472633DB3A,id=94a6d619-c930-45b6-ab16-e3ef1a750777
2019-09-20 20:58:42,854 [pool-459-thread-1] INFO  impl.RaftServerImpl (RaftServerImpl.java:start(185)) - 95d4fb60-b61e-4c4a-8fcb-b8ff1d3ec0a8@group-34472633DB3A: start as a follower, conf=-1: [95d4fb60-b61e-4c4a-8fcb-b8ff1d3ec0a8:192.168.157.230:33102, 94a6d619-c930-45b6-ab16-e3ef1a750777:192.168.157.230:34407, 611ae901-e50a-4ae8-a9b2-2f86c5d8c65e:192.168.157.230:43796], old=null
2019-09-20 20:58:42,854 [pool-459-thread-1] INFO  impl.RaftServerImpl (RaftServerImpl.java:setRole(174)) - 95d4fb60-b61e-4c4a-8fcb-b8ff1d3ec0a8@group-34472633DB3A: changes role from      null to FOLLOWER at term 0 for startAsFollower
2019-09-20 20:58:42,855 [pool-459-thread-1] INFO  impl.RoleInfo (RoleInfo.java:updateAndGet(143)) - 95d4fb60-b61e-4c4a-8fcb-b8ff1d3ec0a8: start FollowerState
2019-09-20 20:58:42,855 [pool-469-thread-1] INFO  impl.RaftServerImpl (RaftServerImpl.java:start(185)) - 611ae901-e50a-4ae8-a9b2-2f86c5d8c65e@group-34472633DB3A: start as a follower, conf=-1: [95d4fb60-b61e-4c4a-8fcb-b8ff1d3ec0a8:192.168.157.230:33102, 94a6d619-c930-45b6-ab16-e3ef1a750777:192.168.157.230:34407, 611ae901-e50a-4ae8-a9b2-2f86c5d8c65e:192.168.157.230:43796], old=null
2019-09-20 20:58:42,855 [pool-469-thread-1] INFO  impl.RaftServerImpl (RaftServerImpl.java:setRole(174)) - 611ae901-e50a-4ae8-a9b2-2f86c5d8c65e@group-34472633DB3A: changes role from      null to FOLLOWER at term 0 for startAsFollower
2019-09-20 20:58:42,855 [pool-459-thread-1] INFO  util.JmxRegister (JmxRegister.java:tryRegister(44)) - Successfully registered JMX Bean with object name Ratis:service=RaftServer,group=group-34472633DB3A,id=95d4fb60-b61e-4c4a-8fcb-b8ff1d3ec0a8
2019-09-20 20:58:42,855 [pool-469-thread-1] INFO  impl.RoleInfo (RoleInfo.java:updateAndGet(143)) - 611ae901-e50a-4ae8-a9b2-2f86c5d8c65e: start FollowerState
2019-09-20 20:58:42,856 [pool-469-thread-1] INFO  util.JmxRegister (JmxRegister.java:tryRegister(44)) - Successfully registered JMX Bean with object name Ratis:service=RaftServer,group=group-34472633DB3A,id=611ae901-e50a-4ae8-a9b2-2f86c5d8c65e
2019-09-20 20:58:42,858 [RatisPipelineUtilsThread] INFO  pipeline.PipelineStateManager (PipelineStateManager.java:addPipeline(56)) - Created pipeline Pipeline[ Id: 2eab33d4-7391-4c6d-9c7a-34472633db3a, Nodes: 94a6d619-c930-45b6-ab16-e3ef1a750777{ip: 192.168.157.230, host: pr-hdds-2159-7gjv7-4246597483, networkLocation: /default-rack, certSerialId: null}95d4fb60-b61e-4c4a-8fcb-b8ff1d3ec0a8{ip: 192.168.157.230, host: pr-hdds-2159-7gjv7-4246597483, networkLocation: /default-rack, certSerialId: null}611ae901-e50a-4ae8-a9b2-2f86c5d8c65e{ip: 192.168.157.230, host: pr-hdds-2159-7gjv7-4246597483, networkLocation: /default-rack, certSerialId: null}, Type:RATIS, Factor:THREE, State:OPEN]
2019-09-20 20:58:43,674 [main] INFO  ozone.MiniOzoneClusterImpl (MiniOzoneClusterImpl.java:lambda$waitForClusterToBeReady$0(145)) - Cluster is ready. Got 7 of 7 DN Heartbeats.
2019-09-20 20:58:43,712 [main] INFO  rpc.RpcClient (RpcClient.java:createVolume(303)) - Creating Volume: testblockoutputstream, with jenkins1000 as owner.
2019-09-20 20:58:43,715 [IPC Server handler 3 on 44092] INFO  volume.OMVolumeCreateRequest (OMVolumeCreateRequest.java:validateAndUpdateCache(189)) - created volume:testblockoutputstream for user:jenkins1000
2019-09-20 20:58:43,733 [main] INFO  rpc.RpcClient (RpcClient.java:createBucket(442)) - Creating Bucket: testblockoutputstream/testblockoutputstream, with Versioning false and Storage Type set to DISK and Encryption set to false 
2019-09-20 20:58:43,760 [grpc-default-executor-9] INFO  client.GrpcClientProtocolClient (GrpcClientProtocolClient.java:onNext(264)) - client-5246E8BB6237->749bb073-67b9-4e0b-a5ea-b5343d76f657: receive RaftClientReply:client-5246E8BB6237->749bb073-67b9-4e0b-a5ea-b5343d76f657@group-4C9439252ADD, cid=175, FAILED org.apache.ratis.protocol.NotLeaderException: Server 749bb073-67b9-4e0b-a5ea-b5343d76f657@group-4C9439252ADD is not the leader, logIndex=0, commits[749bb073-67b9-4e0b-a5ea-b5343d76f657:c-1]
2019-09-20 20:58:44,774 [grpc-default-executor-9] INFO  client.GrpcClientProtocolClient (GrpcClientProtocolClient.java:onNext(264)) - client-5246E8BB6237->2d4b4d8d-b6d2-468b-8b93-ef1832d4951b: receive RaftClientReply:client-5246E8BB6237->2d4b4d8d-b6d2-468b-8b93-ef1832d4951b@group-4C9439252ADD, cid=175, FAILED org.apache.ratis.protocol.NotLeaderException: Server 2d4b4d8d-b6d2-468b-8b93-ef1832d4951b@group-4C9439252ADD is not the leader, logIndex=0, commits[2d4b4d8d-b6d2-468b-8b93-ef1832d4951b:c-1]
2019-09-20 20:58:45,318 [Thread-2868] INFO  container.ReplicationManager (ReplicationManager.java:start(162)) - Starting Replication Monitor Thread.
2019-09-20 20:58:45,322 [ReplicationMonitor] INFO  container.ReplicationManager (ReplicationManager.java:run(225)) - Replication Monitor Thread took 0 milliseconds for processing 1 containers.
2019-09-20 20:58:45,784 [grpc-default-executor-9] INFO  client.GrpcClientProtocolClient (GrpcClientProtocolClient.java:onNext(264)) - client-5246E8BB6237->749bb073-67b9-4e0b-a5ea-b5343d76f657: receive RaftClientReply:client-5246E8BB6237->749bb073-67b9-4e0b-a5ea-b5343d76f657@group-4C9439252ADD, cid=175, FAILED org.apache.ratis.protocol.NotLeaderException: Server 749bb073-67b9-4e0b-a5ea-b5343d76f657@group-4C9439252ADD is not the leader, logIndex=0, commits[749bb073-67b9-4e0b-a5ea-b5343d76f657:c-1]
2019-09-20 20:58:46,805 [grpc-default-executor-9] INFO  client.GrpcClientProtocolClient (GrpcClientProtocolClient.java:onNext(264)) - client-5246E8BB6237->9dabc3d6-6bd9-4ca2-9d63-753c6cd15dc2: receive RaftClientReply:client-5246E8BB6237->9dabc3d6-6bd9-4ca2-9d63-753c6cd15dc2@group-4C9439252ADD, cid=175, FAILED org.apache.ratis.protocol.NotLeaderException: Server 9dabc3d6-6bd9-4ca2-9d63-753c6cd15dc2@group-4C9439252ADD is not the leader, logIndex=0, commits[9dabc3d6-6bd9-4ca2-9d63-753c6cd15dc2:c-1]
2019-09-20 20:58:47,391 [Thread-2870] INFO  impl.FollowerState (FollowerState.java:run(106)) - 2d4b4d8d-b6d2-468b-8b93-ef1832d4951b:group-D70B88475EDB changes to CANDIDATE, lastRpcTime:5011, electionTimeout:5011ms
2019-09-20 20:58:47,392 [Thread-2870] INFO  impl.RoleInfo (RoleInfo.java:shutdownFollowerState(121)) - 2d4b4d8d-b6d2-468b-8b93-ef1832d4951b: shutdown FollowerState
2019-09-20 20:58:47,392 [Thread-2870] INFO  impl.RaftServerImpl (RaftServerImpl.java:setRole(174)) - 2d4b4d8d-b6d2-468b-8b93-ef1832d4951b@group-D70B88475EDB: changes role from  FOLLOWER to CANDIDATE at term 0 for changeToCandidate
2019-09-20 20:58:47,392 [Thread-2870] INFO  impl.RoleInfo (RoleInfo.java:updateAndGet(143)) - 2d4b4d8d-b6d2-468b-8b93-ef1832d4951b: start LeaderElection
2019-09-20 20:58:47,433 [2d4b4d8d-b6d2-468b-8b93-ef1832d4951b@group-D70B88475EDB:LeaderElection50] INFO  impl.LeaderElection (LeaderElection.java:askForVotes(182)) - 2d4b4d8d-b6d2-468b-8b93-ef1832d4951b@group-D70B88475EDB:LeaderElection50: begin an election at term 1 for -1: [2d4b4d8d-b6d2-468b-8b93-ef1832d4951b:192.168.157.230:35072], old=null
2019-09-20 20:58:47,433 [2d4b4d8d-b6d2-468b-8b93-ef1832d4951b@group-D70B88475EDB:LeaderElection50] INFO  impl.RoleInfo (RoleInfo.java:shutdownLeaderElection(134)) - 2d4b4d8d-b6d2-468b-8b93-ef1832d4951b: shutdown LeaderElection
2019-09-20 20:58:47,433 [2d4b4d8d-b6d2-468b-8b93-ef1832d4951b@group-D70B88475EDB:LeaderElection50] INFO  impl.RaftServerImpl (RaftServerImpl.java:setRole(174)) - 2d4b4d8d-b6d2-468b-8b93-ef1832d4951b@group-D70B88475EDB: changes role from CANDIDATE to LEADER at term 1 for changeToLeader
2019-09-20 20:58:47,433 [2d4b4d8d-b6d2-468b-8b93-ef1832d4951b@group-D70B88475EDB:LeaderElection50] INFO  impl.RaftServerImpl (ServerState.java:setLeader(253)) - 2d4b4d8d-b6d2-468b-8b93-ef1832d4951b@group-D70B88475EDB: change Leader from null to 2d4b4d8d-b6d2-468b-8b93-ef1832d4951b at term 1 for becomeLeader, leader elected after 5064ms
2019-09-20 20:58:47,434 [2d4b4d8d-b6d2-468b-8b93-ef1832d4951b@group-D70B88475EDB:LeaderElection50] INFO  server.RaftServerConfigKeys (ConfUtils.java:logGet(43)) - raft.server.staging.catchup.gap = 1000 (default)
2019-09-20 20:58:47,434 [2d4b4d8d-b6d2-468b-8b93-ef1832d4951b@group-D70B88475EDB:LeaderElection50] INFO  server.RaftServerConfigKeys (ConfUtils.java:logGet(43)) - raft.server.rpc.sleep.time = 25ms (default)
2019-09-20 20:58:47,434 [2d4b4d8d-b6d2-468b-8b93-ef1832d4951b@group-D70B88475EDB:LeaderElection50] INFO  server.RaftServerConfigKeys (ConfUtils.java:logGet(43)) - raft.server.write.element-limit = 4096 (default)
2019-09-20 20:58:47,435 [2d4b4d8d-b6d2-468b-8b93-ef1832d4951b@group-D70B88475EDB:LeaderElection50] INFO  server.RaftServerConfigKeys (ConfUtils.java:logGet(43)) - raft.server.watch.timeout = 10s (default)
2019-09-20 20:58:47,435 [2d4b4d8d-b6d2-468b-8b93-ef1832d4951b@group-D70B88475EDB:LeaderElection50] INFO  server.RaftServerConfigKeys (ConfUtils.java:logGet(43)) - raft.server.watch.timeout.denomination = 1s (default)
2019-09-20 20:58:47,435 [2d4b4d8d-b6d2-468b-8b93-ef1832d4951b@group-D70B88475EDB:LeaderElection50] INFO  server.RaftServerConfigKeys (ConfUtils.java:logGet(43)) - raft.server.watch.element-limit = 65536 (default)
2019-09-20 20:58:47,439 [2d4b4d8d-b6d2-468b-8b93-ef1832d4951b@group-D70B88475EDB:LeaderElection50] INFO  impl.RoleInfo (RoleInfo.java:updateAndGet(143)) - 2d4b4d8d-b6d2-468b-8b93-ef1832d4951b: start LeaderState
2019-09-20 20:58:47,439 [2d4b4d8d-b6d2-468b-8b93-ef1832d4951b@group-D70B88475EDB:LeaderElection50] INFO  segmented.SegmentedRaftLogWorker (SegmentedRaftLogWorker.java:startLogSegment(380)) - 2d4b4d8d-b6d2-468b-8b93-ef1832d4951b@group-D70B88475EDB-SegmentedRaftLogWorker: Starting segment from index:0
2019-09-20 20:58:47,440 [2d4b4d8d-b6d2-468b-8b93-ef1832d4951b@group-D70B88475EDB:LeaderElection50] INFO  impl.RaftServerImpl (ServerState.java:setRaftConf(354)) - 2d4b4d8d-b6d2-468b-8b93-ef1832d4951b@group-D70B88475EDB: set configuration 0: [2d4b4d8d-b6d2-468b-8b93-ef1832d4951b:192.168.157.230:35072], old=null at 0
2019-09-20 20:58:47,490 [2d4b4d8d-b6d2-468b-8b93-ef1832d4951b@group-D70B88475EDB-SegmentedRaftLogWorker] INFO  segmented.SegmentedRaftLogWorker (SegmentedRaftLogWorker.java:execute(569)) - 2d4b4d8d-b6d2-468b-8b93-ef1832d4951b@group-D70B88475EDB-SegmentedRaftLogWorker: created new log segment /workdir/hadoop-ozone/integration-test/target/test-dir/MiniOzoneClusterImpl-9716d3f7-240c-4861-9957-7330e711a072/datanode-0/data/ratis/2495283e-6f57-475b-9fc1-d70b88475edb/current/log_inprogress_0
2019-09-20 20:58:47,538 [Thread-2873] INFO  impl.FollowerState (FollowerState.java:run(106)) - 9dabc3d6-6bd9-4ca2-9d63-753c6cd15dc2:group-92B3E14ED7DE changes to CANDIDATE, lastRpcTime:5111, electionTimeout:5111ms
2019-09-20 20:58:47,538 [Thread-2873] INFO  impl.RoleInfo (RoleInfo.java:shutdownFollowerState(121)) - 9dabc3d6-6bd9-4ca2-9d63-753c6cd15dc2: shutdown FollowerState
2019-09-20 20:58:47,538 [Thread-2873] INFO  impl.RaftServerImpl (RaftServerImpl.java:setRole(174)) - 9dabc3d6-6bd9-4ca2-9d63-753c6cd15dc2@group-92B3E14ED7DE: changes role from  FOLLOWER to CANDIDATE at term 0 for changeToCandidate
2019-09-20 20:58:47,538 [Thread-2873] INFO  impl.RoleInfo (RoleInfo.java:updateAndGet(143)) - 9dabc3d6-6bd9-4ca2-9d63-753c6cd15dc2: start LeaderElection
2019-09-20 20:58:47,550 [9dabc3d6-6bd9-4ca2-9d63-753c6cd15dc2@group-92B3E14ED7DE:LeaderElection51] INFO  impl.LeaderElection (LeaderElection.java:askForVotes(182)) - 9dabc3d6-6bd9-4ca2-9d63-753c6cd15dc2@group-92B3E14ED7DE:LeaderElection51: begin an election at term 1 for -1: [9dabc3d6-6bd9-4ca2-9d63-753c6cd15dc2:192.168.157.230:43214], old=null
2019-09-20 20:58:47,550 [9dabc3d6-6bd9-4ca2-9d63-753c6cd15dc2@group-92B3E14ED7DE:LeaderElection51] INFO  impl.RoleInfo (RoleInfo.java:shutdownLeaderElection(134)) - 9dabc3d6-6bd9-4ca2-9d63-753c6cd15dc2: shutdown LeaderElection
2019-09-20 20:58:47,550 [9dabc3d6-6bd9-4ca2-9d63-753c6cd15dc2@group-92B3E14ED7DE:LeaderElection51] INFO  impl.RaftServerImpl (RaftServerImpl.java:setRole(174)) - 9dabc3d6-6bd9-4ca2-9d63-753c6cd15dc2@group-92B3E14ED7DE: changes role from CANDIDATE to LEADER at term 1 for changeToLeader
2019-09-20 20:58:47,550 [9dabc3d6-6bd9-4ca2-9d63-753c6cd15dc2@group-92B3E14ED7DE:LeaderElection51] INFO  impl.RaftServerImpl (ServerState.java:setLeader(253)) - 9dabc3d6-6bd9-4ca2-9d63-753c6cd15dc2@group-92B3E14ED7DE: change Leader from null to 9dabc3d6-6bd9-4ca2-9d63-753c6cd15dc2 at term 1 for becomeLeader, leader elected after 5130ms
2019-09-20 20:58:47,551 [9dabc3d6-6bd9-4ca2-9d63-753c6cd15dc2@group-92B3E14ED7DE:LeaderElection51] INFO  server.RaftServerConfigKeys (ConfUtils.java:logGet(43)) - raft.server.staging.catchup.gap = 1000 (default)
2019-09-20 20:58:47,551 [9dabc3d6-6bd9-4ca2-9d63-753c6cd15dc2@group-92B3E14ED7DE:LeaderElection51] INFO  server.RaftServerConfigKeys (ConfUtils.java:logGet(43)) - raft.server.rpc.sleep.time = 25ms (default)
2019-09-20 20:58:47,551 [9dabc3d6-6bd9-4ca2-9d63-753c6cd15dc2@group-92B3E14ED7DE:LeaderElection51] INFO  server.RaftServerConfigKeys (ConfUtils.java:logGet(43)) - raft.server.write.element-limit = 4096 (default)
2019-09-20 20:58:47,551 [9dabc3d6-6bd9-4ca2-9d63-753c6cd15dc2@group-92B3E14ED7DE:LeaderElection51] INFO  server.RaftServerConfigKeys (ConfUtils.java:logGet(43)) - raft.server.watch.timeout = 10s (default)
2019-09-20 20:58:47,551 [9dabc3d6-6bd9-4ca2-9d63-753c6cd15dc2@group-92B3E14ED7DE:LeaderElection51] INFO  server.RaftServerConfigKeys (ConfUtils.java:logGet(43)) - raft.server.watch.timeout.denomination = 1s (default)
2019-09-20 20:58:47,551 [9dabc3d6-6bd9-4ca2-9d63-753c6cd15dc2@group-92B3E14ED7DE:LeaderElection51] INFO  server.RaftServerConfigKeys (ConfUtils.java:logGet(43)) - raft.server.watch.element-limit = 65536 (default)
2019-09-20 20:58:47,555 [9dabc3d6-6bd9-4ca2-9d63-753c6cd15dc2@group-92B3E14ED7DE:LeaderElection51] INFO  impl.RoleInfo (RoleInfo.java:updateAndGet(143)) - 9dabc3d6-6bd9-4ca2-9d63-753c6cd15dc2: start LeaderState
2019-09-20 20:58:47,555 [9dabc3d6-6bd9-4ca2-9d63-753c6cd15dc2@group-92B3E14ED7DE:LeaderElection51] INFO  segmented.SegmentedRaftLogWorker (SegmentedRaftLogWorker.java:startLogSegment(380)) - 9dabc3d6-6bd9-4ca2-9d63-753c6cd15dc2@group-92B3E14ED7DE-SegmentedRaftLogWorker: Starting segment from index:0
2019-09-20 20:58:47,556 [9dabc3d6-6bd9-4ca2-9d63-753c6cd15dc2@group-92B3E14ED7DE:LeaderElection51] INFO  impl.RaftServerImpl (ServerState.java:setRaftConf(354)) - 9dabc3d6-6bd9-4ca2-9d63-753c6cd15dc2@group-92B3E14ED7DE: set configuration 0: [9dabc3d6-6bd9-4ca2-9d63-753c6cd15dc2:192.168.157.230:43214], old=null at 0
2019-09-20 20:58:47,604 [9dabc3d6-6bd9-4ca2-9d63-753c6cd15dc2@group-92B3E14ED7DE-SegmentedRaftLogWorker] INFO  segmented.SegmentedRaftLogWorker (SegmentedRaftLogWorker.java:execute(569)) - 9dabc3d6-6bd9-4ca2-9d63-753c6cd15dc2@group-92B3E14ED7DE-SegmentedRaftLogWorker: created new log segment /workdir/hadoop-ozone/integration-test/target/test-dir/MiniOzoneClusterImpl-9716d3f7-240c-4861-9957-7330e711a072/datanode-1/data/ratis/e53feeaa-93b8-4bfd-ba72-92b3e14ed7de/current/log_inprogress_0
2019-09-20 20:58:47,623 [Thread-2876] INFO  impl.FollowerState (FollowerState.java:run(106)) - 749bb073-67b9-4e0b-a5ea-b5343d76f657:group-8793D311770A changes to CANDIDATE, lastRpcTime:5149, electionTimeout:5149ms
2019-09-20 20:58:47,624 [Thread-2876] INFO  impl.RoleInfo (RoleInfo.java:shutdownFollowerState(121)) - 749bb073-67b9-4e0b-a5ea-b5343d76f657: shutdown FollowerState
2019-09-20 20:58:47,624 [Thread-2876] INFO  impl.RaftServerImpl (RaftServerImpl.java:setRole(174)) - 749bb073-67b9-4e0b-a5ea-b5343d76f657@group-8793D311770A: changes role from  FOLLOWER to CANDIDATE at term 0 for changeToCandidate
2019-09-20 20:58:47,624 [Thread-2876] INFO  impl.RoleInfo (RoleInfo.java:updateAndGet(143)) - 749bb073-67b9-4e0b-a5ea-b5343d76f657: start LeaderElection
2019-09-20 20:58:47,632 [749bb073-67b9-4e0b-a5ea-b5343d76f657@group-8793D311770A:LeaderElection52] INFO  impl.LeaderElection (LeaderElection.java:askForVotes(182)) - 749bb073-67b9-4e0b-a5ea-b5343d76f657@group-8793D311770A:LeaderElection52: begin an election at term 1 for -1: [749bb073-67b9-4e0b-a5ea-b5343d76f657:192.168.157.230:44906], old=null
2019-09-20 20:58:47,632 [749bb073-67b9-4e0b-a5ea-b5343d76f657@group-8793D311770A:LeaderElection52] INFO  impl.RoleInfo (RoleInfo.java:shutdownLeaderElection(134)) - 749bb073-67b9-4e0b-a5ea-b5343d76f657: shutdown LeaderElection
2019-09-20 20:58:47,632 [749bb073-67b9-4e0b-a5ea-b5343d76f657@group-8793D311770A:LeaderElection52] INFO  impl.RaftServerImpl (RaftServerImpl.java:setRole(174)) - 749bb073-67b9-4e0b-a5ea-b5343d76f657@group-8793D311770A: changes role from CANDIDATE to LEADER at term 1 for changeToLeader
2019-09-20 20:58:47,633 [749bb073-67b9-4e0b-a5ea-b5343d76f657@group-8793D311770A:LeaderElection52] INFO  impl.RaftServerImpl (ServerState.java:setLeader(253)) - 749bb073-67b9-4e0b-a5ea-b5343d76f657@group-8793D311770A: change Leader from null to 749bb073-67b9-4e0b-a5ea-b5343d76f657 at term 1 for becomeLeader, leader elected after 5165ms
2019-09-20 20:58:47,633 [749bb073-67b9-4e0b-a5ea-b5343d76f657@group-8793D311770A:LeaderElection52] INFO  server.RaftServerConfigKeys (ConfUtils.java:logGet(43)) - raft.server.staging.catchup.gap = 1000 (default)
2019-09-20 20:58:47,633 [749bb073-67b9-4e0b-a5ea-b5343d76f657@group-8793D311770A:LeaderElection52] INFO  server.RaftServerConfigKeys (ConfUtils.java:logGet(43)) - raft.server.rpc.sleep.time = 25ms (default)
2019-09-20 20:58:47,633 [749bb073-67b9-4e0b-a5ea-b5343d76f657@group-8793D311770A:LeaderElection52] INFO  server.RaftServerConfigKeys (ConfUtils.java:logGet(43)) - raft.server.write.element-limit = 4096 (default)
2019-09-20 20:58:47,633 [749bb073-67b9-4e0b-a5ea-b5343d76f657@group-8793D311770A:LeaderElection52] INFO  server.RaftServerConfigKeys (ConfUtils.java:logGet(43)) - raft.server.watch.timeout = 10s (default)
2019-09-20 20:58:47,633 [749bb073-67b9-4e0b-a5ea-b5343d76f657@group-8793D311770A:LeaderElection52] INFO  server.RaftServerConfigKeys (ConfUtils.java:logGet(43)) - raft.server.watch.timeout.denomination = 1s (default)
2019-09-20 20:58:47,634 [749bb073-67b9-4e0b-a5ea-b5343d76f657@group-8793D311770A:LeaderElection52] INFO  server.RaftServerConfigKeys (ConfUtils.java:logGet(43)) - raft.server.watch.element-limit = 65536 (default)
2019-09-20 20:58:47,636 [749bb073-67b9-4e0b-a5ea-b5343d76f657@group-8793D311770A:LeaderElection52] INFO  impl.RoleInfo (RoleInfo.java:updateAndGet(143)) - 749bb073-67b9-4e0b-a5ea-b5343d76f657: start LeaderState
2019-09-20 20:58:47,636 [749bb073-67b9-4e0b-a5ea-b5343d76f657@group-8793D311770A:LeaderElection52] INFO  segmented.SegmentedRaftLogWorker (SegmentedRaftLogWorker.java:startLogSegment(380)) - 749bb073-67b9-4e0b-a5ea-b5343d76f657@group-8793D311770A-SegmentedRaftLogWorker: Starting segment from index:0
2019-09-20 20:58:47,637 [749bb073-67b9-4e0b-a5ea-b5343d76f657@group-8793D311770A:LeaderElection52] INFO  impl.RaftServerImpl (ServerState.java:setRaftConf(354)) - 749bb073-67b9-4e0b-a5ea-b5343d76f657@group-8793D311770A: set configuration 0: [749bb073-67b9-4e0b-a5ea-b5343d76f657:192.168.157.230:44906], old=null at 0
2019-09-20 20:58:47,674 [Thread-2879] INFO  impl.FollowerState (FollowerState.java:run(106)) - 749bb073-67b9-4e0b-a5ea-b5343d76f657:group-4C9439252ADD changes to CANDIDATE, lastRpcTime:5123, electionTimeout:5076ms
2019-09-20 20:58:47,674 [Thread-2879] INFO  impl.RoleInfo (RoleInfo.java:shutdownFollowerState(121)) - 749bb073-67b9-4e0b-a5ea-b5343d76f657: shutdown FollowerState
2019-09-20 20:58:47,675 [Thread-2879] INFO  impl.RaftServerImpl (RaftServerImpl.java:setRole(174)) - 749bb073-67b9-4e0b-a5ea-b5343d76f657@group-4C9439252ADD: changes role from  FOLLOWER to CANDIDATE at term 0 for changeToCandidate
2019-09-20 20:58:47,675 [Thread-2879] INFO  impl.RoleInfo (RoleInfo.java:updateAndGet(143)) - 749bb073-67b9-4e0b-a5ea-b5343d76f657: start LeaderElection
2019-09-20 20:58:47,684 [Thread-2883] INFO  impl.FollowerState (FollowerState.java:run(106)) - 9dabc3d6-6bd9-4ca2-9d63-753c6cd15dc2:group-4C9439252ADD changes to CANDIDATE, lastRpcTime:5107, electionTimeout:5107ms
2019-09-20 20:58:47,685 [Thread-2883] INFO  impl.RoleInfo (RoleInfo.java:shutdownFollowerState(121)) - 9dabc3d6-6bd9-4ca2-9d63-753c6cd15dc2: shutdown FollowerState
2019-09-20 20:58:47,685 [Thread-2883] INFO  impl.RaftServerImpl (RaftServerImpl.java:setRole(174)) - 9dabc3d6-6bd9-4ca2-9d63-753c6cd15dc2@group-4C9439252ADD: changes role from  FOLLOWER to CANDIDATE at term 0 for changeToCandidate
2019-09-20 20:58:47,685 [Thread-2883] INFO  impl.RoleInfo (RoleInfo.java:updateAndGet(143)) - 9dabc3d6-6bd9-4ca2-9d63-753c6cd15dc2: start LeaderElection
2019-09-20 20:58:47,685 [749bb073-67b9-4e0b-a5ea-b5343d76f657@group-8793D311770A-SegmentedRaftLogWorker] INFO  segmented.SegmentedRaftLogWorker (SegmentedRaftLogWorker.java:execute(569)) - 749bb073-67b9-4e0b-a5ea-b5343d76f657@group-8793D311770A-SegmentedRaftLogWorker: created new log segment /workdir/hadoop-ozone/integration-test/target/test-dir/MiniOzoneClusterImpl-9716d3f7-240c-4861-9957-7330e711a072/datanode-2/data/ratis/80b111c6-559e-434a-bc79-8793d311770a/current/log_inprogress_0
2019-09-20 20:58:47,685 [749bb073-67b9-4e0b-a5ea-b5343d76f657@group-4C9439252ADD:LeaderElection53] INFO  impl.LeaderElection (LeaderElection.java:askForVotes(182)) - 749bb073-67b9-4e0b-a5ea-b5343d76f657@group-4C9439252ADD:LeaderElection53: begin an election at term 1 for -1: [2d4b4d8d-b6d2-468b-8b93-ef1832d4951b:192.168.157.230:35072, 9dabc3d6-6bd9-4ca2-9d63-753c6cd15dc2:192.168.157.230:43214, 749bb073-67b9-4e0b-a5ea-b5343d76f657:192.168.157.230:44906], old=null
2019-09-20 20:58:47,695 [grpc-default-executor-8] INFO  impl.RaftServerImpl (RaftServerImpl.java:setRole(174)) - 2d4b4d8d-b6d2-468b-8b93-ef1832d4951b@group-4C9439252ADD: changes role from  FOLLOWER to FOLLOWER at term 1 for recognizeCandidate:749bb073-67b9-4e0b-a5ea-b5343d76f657
2019-09-20 20:58:47,695 [grpc-default-executor-8] INFO  impl.RoleInfo (RoleInfo.java:shutdownFollowerState(121)) - 2d4b4d8d-b6d2-468b-8b93-ef1832d4951b: shutdown FollowerState
2019-09-20 20:58:47,695 [grpc-default-executor-8] INFO  impl.RoleInfo (RoleInfo.java:updateAndGet(143)) - 2d4b4d8d-b6d2-468b-8b93-ef1832d4951b: start FollowerState
2019-09-20 20:58:47,695 [Thread-2884] INFO  impl.FollowerState (FollowerState.java:run(115)) - 2d4b4d8d-b6d2-468b-8b93-ef1832d4951b: FollowerState was interrupted: java.lang.InterruptedException: sleep interrupted
2019-09-20 20:58:47,710 [9dabc3d6-6bd9-4ca2-9d63-753c6cd15dc2@group-4C9439252ADD:LeaderElection54] INFO  impl.LeaderElection (LeaderElection.java:askForVotes(182)) - 9dabc3d6-6bd9-4ca2-9d63-753c6cd15dc2@group-4C9439252ADD:LeaderElection54: begin an election at term 1 for -1: [2d4b4d8d-b6d2-468b-8b93-ef1832d4951b:192.168.157.230:35072, 9dabc3d6-6bd9-4ca2-9d63-753c6cd15dc2:192.168.157.230:43214, 749bb073-67b9-4e0b-a5ea-b5343d76f657:192.168.157.230:44906], old=null
2019-09-20 20:58:47,712 [749bb073-67b9-4e0b-a5ea-b5343d76f657@group-4C9439252ADD:LeaderElection53] INFO  impl.LeaderElection (LeaderElection.java:logAndReturn(56)) - 749bb073-67b9-4e0b-a5ea-b5343d76f657@group-4C9439252ADD:LeaderElection53: Election PASSED; received 1 response(s) [749bb073-67b9-4e0b-a5ea-b5343d76f657<-2d4b4d8d-b6d2-468b-8b93-ef1832d4951b#0:OK-t1] and 0 exception(s); 749bb073-67b9-4e0b-a5ea-b5343d76f657@group-4C9439252ADD:t1, leader=null, voted=749bb073-67b9-4e0b-a5ea-b5343d76f657, raftlog=749bb073-67b9-4e0b-a5ea-b5343d76f657@group-4C9439252ADD-SegmentedRaftLog:OPENED:c-1,f-1,i0, conf=-1: [2d4b4d8d-b6d2-468b-8b93-ef1832d4951b:192.168.157.230:35072, 9dabc3d6-6bd9-4ca2-9d63-753c6cd15dc2:192.168.157.230:43214, 749bb073-67b9-4e0b-a5ea-b5343d76f657:192.168.157.230:44906], old=null
2019-09-20 20:58:47,712 [749bb073-67b9-4e0b-a5ea-b5343d76f657@group-4C9439252ADD:LeaderElection53] INFO  impl.RoleInfo (RoleInfo.java:shutdownLeaderElection(134)) - 749bb073-67b9-4e0b-a5ea-b5343d76f657: shutdown LeaderElection
2019-09-20 20:58:47,712 [749bb073-67b9-4e0b-a5ea-b5343d76f657@group-4C9439252ADD:LeaderElection53] INFO  impl.RaftServerImpl (RaftServerImpl.java:setRole(174)) - 749bb073-67b9-4e0b-a5ea-b5343d76f657@group-4C9439252ADD: changes role from CANDIDATE to LEADER at term 1 for changeToLeader
2019-09-20 20:58:47,712 [749bb073-67b9-4e0b-a5ea-b5343d76f657@group-4C9439252ADD:LeaderElection53] INFO  impl.RaftServerImpl (ServerState.java:setLeader(253)) - 749bb073-67b9-4e0b-a5ea-b5343d76f657@group-4C9439252ADD: change Leader from null to 749bb073-67b9-4e0b-a5ea-b5343d76f657 at term 1 for becomeLeader, leader elected after 5171ms
2019-09-20 20:58:47,713 [749bb073-67b9-4e0b-a5ea-b5343d76f657@group-4C9439252ADD:LeaderElection53] INFO  server.RaftServerConfigKeys (ConfUtils.java:logGet(43)) - raft.server.staging.catchup.gap = 1000 (default)
2019-09-20 20:58:47,713 [749bb073-67b9-4e0b-a5ea-b5343d76f657@group-4C9439252ADD:LeaderElection53] INFO  server.RaftServerConfigKeys (ConfUtils.java:logGet(43)) - raft.server.rpc.sleep.time = 25ms (default)
2019-09-20 20:58:47,713 [749bb073-67b9-4e0b-a5ea-b5343d76f657@group-4C9439252ADD:LeaderElection53] INFO  server.RaftServerConfigKeys (ConfUtils.java:logGet(43)) - raft.server.write.element-limit = 4096 (default)
2019-09-20 20:58:47,713 [749bb073-67b9-4e0b-a5ea-b5343d76f657@group-4C9439252ADD:LeaderElection53] INFO  server.RaftServerConfigKeys (ConfUtils.java:logGet(43)) - raft.server.watch.timeout = 10s (default)
2019-09-20 20:58:47,713 [749bb073-67b9-4e0b-a5ea-b5343d76f657@group-4C9439252ADD:LeaderElection53] INFO  server.RaftServerConfigKeys (ConfUtils.java:logGet(43)) - raft.server.watch.timeout.denomination = 1s (default)
2019-09-20 20:58:47,713 [749bb073-67b9-4e0b-a5ea-b5343d76f657@group-4C9439252ADD:LeaderElection53] INFO  server.RaftServerConfigKeys (ConfUtils.java:logGet(43)) - raft.server.watch.element-limit = 65536 (default)
2019-09-20 20:58:47,727 [749bb073-67b9-4e0b-a5ea-b5343d76f657@group-4C9439252ADD:LeaderElection53] INFO  server.RaftServerConfigKeys (ConfUtils.java:logGet(43)) - raft.server.log.appender.snapshot.chunk.size.max = 16MB (=16777216) (default)
2019-09-20 20:58:47,728 [749bb073-67b9-4e0b-a5ea-b5343d76f657@group-4C9439252ADD:LeaderElection53] INFO  server.RaftServerConfigKeys (ConfUtils.java:logGet(43)) - raft.server.log.appender.buffer.byte-limit = 33554432 (custom)
2019-09-20 20:58:47,728 [749bb073-67b9-4e0b-a5ea-b5343d76f657@group-4C9439252ADD:LeaderElection53] INFO  server.RaftServerConfigKeys (ConfUtils.java:logGet(43)) - raft.server.log.appender.buffer.element-limit = 1 (custom)
2019-09-20 20:58:47,728 [749bb073-67b9-4e0b-a5ea-b5343d76f657@group-4C9439252ADD:LeaderElection53] INFO  grpc.GrpcConfigKeys$Server (ConfUtils.java:logGet(43)) - raft.grpc.server.leader.outstanding.appends.max = 128 (default)
2019-09-20 20:58:47,728 [749bb073-67b9-4e0b-a5ea-b5343d76f657@group-4C9439252ADD:LeaderElection53] INFO  server.RaftServerConfigKeys (ConfUtils.java:logGet(43)) - raft.server.rpc.request.timeout = 3000ms (default)
2019-09-20 20:58:47,729 [749bb073-67b9-4e0b-a5ea-b5343d76f657@group-4C9439252ADD:LeaderElection53] INFO  server.RaftServerConfigKeys (ConfUtils.java:logGet(43)) - raft.server.log.appender.install.snapshot.enabled = false (custom)
2019-09-20 20:58:47,729 [749bb073-67b9-4e0b-a5ea-b5343d76f657@group-4C9439252ADD:LeaderElection53] INFO  server.RaftServerConfigKeys (ConfUtils.java:logGet(43)) - raft.server.log.appender.snapshot.chunk.size.max = 16MB (=16777216) (default)
2019-09-20 20:58:47,729 [749bb073-67b9-4e0b-a5ea-b5343d76f657@group-4C9439252ADD:LeaderElection53] INFO  server.RaftServerConfigKeys (ConfUtils.java:logGet(43)) - raft.server.log.appender.buffer.byte-limit = 33554432 (custom)
2019-09-20 20:58:47,729 [749bb073-67b9-4e0b-a5ea-b5343d76f657@group-4C9439252ADD:LeaderElection53] INFO  server.RaftServerConfigKeys (ConfUtils.java:logGet(43)) - raft.server.log.appender.buffer.element-limit = 1 (custom)
2019-09-20 20:58:47,729 [749bb073-67b9-4e0b-a5ea-b5343d76f657@group-4C9439252ADD:LeaderElection53] INFO  grpc.GrpcConfigKeys$Server (ConfUtils.java:logGet(43)) - raft.grpc.server.leader.outstanding.appends.max = 128 (default)
2019-09-20 20:58:47,730 [749bb073-67b9-4e0b-a5ea-b5343d76f657@group-4C9439252ADD:LeaderElection53] INFO  server.RaftServerConfigKeys (ConfUtils.java:logGet(43)) - raft.server.rpc.request.timeout = 3000ms (default)
2019-09-20 20:58:47,730 [749bb073-67b9-4e0b-a5ea-b5343d76f657@group-4C9439252ADD:LeaderElection53] INFO  server.RaftServerConfigKeys (ConfUtils.java:logGet(43)) - raft.server.log.appender.install.snapshot.enabled = false (custom)
2019-09-20 20:58:47,730 [749bb073-67b9-4e0b-a5ea-b5343d76f657@group-4C9439252ADD:LeaderElection53] INFO  impl.RoleInfo (RoleInfo.java:updateAndGet(143)) - 749bb073-67b9-4e0b-a5ea-b5343d76f657: start LeaderState
2019-09-20 20:58:47,730 [749bb073-67b9-4e0b-a5ea-b5343d76f657@group-4C9439252ADD:LeaderElection53] INFO  segmented.SegmentedRaftLogWorker (SegmentedRaftLogWorker.java:startLogSegment(380)) - 749bb073-67b9-4e0b-a5ea-b5343d76f657@group-4C9439252ADD-SegmentedRaftLogWorker: Starting segment from index:0
2019-09-20 20:58:47,731 [749bb073-67b9-4e0b-a5ea-b5343d76f657@group-4C9439252ADD:LeaderElection53] INFO  impl.RaftServerImpl (ServerState.java:setRaftConf(354)) - 749bb073-67b9-4e0b-a5ea-b5343d76f657@group-4C9439252ADD: set configuration 0: [2d4b4d8d-b6d2-468b-8b93-ef1832d4951b:192.168.157.230:35072, 9dabc3d6-6bd9-4ca2-9d63-753c6cd15dc2:192.168.157.230:43214, 749bb073-67b9-4e0b-a5ea-b5343d76f657:192.168.157.230:44906], old=null at 0
2019-09-20 20:58:47,731 [grpc-default-executor-8] INFO  impl.RaftServerImpl (RaftServerImpl.java:requestVote(758)) - 749bb073-67b9-4e0b-a5ea-b5343d76f657@group-4C9439252ADD-   LEADER: Withhold vote from candidate 9dabc3d6-6bd9-4ca2-9d63-753c6cd15dc2 with term 1. State: leader=749bb073-67b9-4e0b-a5ea-b5343d76f657, term=1, lastRpcElapsed=null
2019-09-20 20:58:47,763 [Thread-2891] INFO  impl.FollowerState (FollowerState.java:run(106)) - 95d4fb60-b61e-4c4a-8fcb-b8ff1d3ec0a8:group-D056AFC6799A changes to CANDIDATE, lastRpcTime:5088, electionTimeout:5064ms
2019-09-20 20:58:47,764 [Thread-2891] INFO  impl.RoleInfo (RoleInfo.java:shutdownFollowerState(121)) - 95d4fb60-b61e-4c4a-8fcb-b8ff1d3ec0a8: shutdown FollowerState
2019-09-20 20:58:47,764 [Thread-2891] INFO  impl.RaftServerImpl (RaftServerImpl.java:setRole(174)) - 95d4fb60-b61e-4c4a-8fcb-b8ff1d3ec0a8@group-D056AFC6799A: changes role from  FOLLOWER to CANDIDATE at term 0 for changeToCandidate
2019-09-20 20:58:47,764 [Thread-2891] INFO  impl.RoleInfo (RoleInfo.java:updateAndGet(143)) - 95d4fb60-b61e-4c4a-8fcb-b8ff1d3ec0a8: start LeaderElection
2019-09-20 20:58:47,769 [9dabc3d6-6bd9-4ca2-9d63-753c6cd15dc2@group-4C9439252ADD:LeaderElection54] INFO  impl.LeaderElection (LeaderElection.java:logAndReturn(56)) - 9dabc3d6-6bd9-4ca2-9d63-753c6cd15dc2@group-4C9439252ADD:LeaderElection54: Election REJECTED; received 2 response(s) [9dabc3d6-6bd9-4ca2-9d63-753c6cd15dc2<-2d4b4d8d-b6d2-468b-8b93-ef1832d4951b#0:FAIL-t1, 9dabc3d6-6bd9-4ca2-9d63-753c6cd15dc2<-749bb073-67b9-4e0b-a5ea-b5343d76f657#0:FAIL-t1] and 0 exception(s); 9dabc3d6-6bd9-4ca2-9d63-753c6cd15dc2@group-4C9439252ADD:t1, leader=null, voted=9dabc3d6-6bd9-4ca2-9d63-753c6cd15dc2, raftlog=9dabc3d6-6bd9-4ca2-9d63-753c6cd15dc2@group-4C9439252ADD-SegmentedRaftLog:OPENED:c-1,f-1,i0, conf=-1: [2d4b4d8d-b6d2-468b-8b93-ef1832d4951b:192.168.157.230:35072, 9dabc3d6-6bd9-4ca2-9d63-753c6cd15dc2:192.168.157.230:43214, 749bb073-67b9-4e0b-a5ea-b5343d76f657:192.168.157.230:44906], old=null
2019-09-20 20:58:47,769 [9dabc3d6-6bd9-4ca2-9d63-753c6cd15dc2@group-4C9439252ADD:LeaderElection54] INFO  impl.RaftServerImpl (RaftServerImpl.java:setRole(174)) - 9dabc3d6-6bd9-4ca2-9d63-753c6cd15dc2@group-4C9439252ADD: changes role from CANDIDATE to FOLLOWER at term 1 for DISCOVERED_A_NEW_TERM
2019-09-20 20:58:47,769 [9dabc3d6-6bd9-4ca2-9d63-753c6cd15dc2@group-4C9439252ADD:LeaderElection54] INFO  impl.RoleInfo (RoleInfo.java:shutdownLeaderElection(134)) - 9dabc3d6-6bd9-4ca2-9d63-753c6cd15dc2: shutdown LeaderElection
2019-09-20 20:58:47,772 [grpc-default-executor-8] INFO  impl.RaftServerImpl (ServerState.java:setLeader(253)) - 2d4b4d8d-b6d2-468b-8b93-ef1832d4951b@group-4C9439252ADD: change Leader from null to 749bb073-67b9-4e0b-a5ea-b5343d76f657 at term 1 for appendEntries, leader elected after 5230ms
2019-09-20 20:58:47,775 [9dabc3d6-6bd9-4ca2-9d63-753c6cd15dc2@group-4C9439252ADD:LeaderElection54] INFO  impl.RoleInfo (RoleInfo.java:updateAndGet(143)) - 9dabc3d6-6bd9-4ca2-9d63-753c6cd15dc2: start FollowerState
2019-09-20 20:58:47,776 [749bb073-67b9-4e0b-a5ea-b5343d76f657@group-4C9439252ADD-SegmentedRaftLogWorker] INFO  segmented.SegmentedRaftLogWorker (SegmentedRaftLogWorker.java:execute(569)) - 749bb073-67b9-4e0b-a5ea-b5343d76f657@group-4C9439252ADD-SegmentedRaftLogWorker: created new log segment /workdir/hadoop-ozone/integration-test/target/test-dir/MiniOzoneClusterImpl-9716d3f7-240c-4861-9957-7330e711a072/datanode-2/data/ratis/0ecca5f1-ef0e-4bd5-aa28-4c9439252add/current/log_inprogress_0
2019-09-20 20:58:47,776 [grpc-default-executor-9] INFO  impl.RaftServerImpl (ServerState.java:setLeader(253)) - 9dabc3d6-6bd9-4ca2-9d63-753c6cd15dc2@group-4C9439252ADD: change Leader from null to 749bb073-67b9-4e0b-a5ea-b5343d76f657 at term 1 for appendEntries, leader elected after 5234ms
2019-09-20 20:58:47,778 [grpc-default-executor-9] INFO  impl.RaftServerImpl (ServerState.java:setRaftConf(354)) - 2d4b4d8d-b6d2-468b-8b93-ef1832d4951b@group-4C9439252ADD: set configuration 0: [2d4b4d8d-b6d2-468b-8b93-ef1832d4951b:192.168.157.230:35072, 9dabc3d6-6bd9-4ca2-9d63-753c6cd15dc2:192.168.157.230:43214, 749bb073-67b9-4e0b-a5ea-b5343d76f657:192.168.157.230:44906], old=null at 0
2019-09-20 20:58:47,778 [grpc-default-executor-8] INFO  impl.RaftServerImpl (ServerState.java:setRaftConf(354)) - 9dabc3d6-6bd9-4ca2-9d63-753c6cd15dc2@group-4C9439252ADD: set configuration 0: [2d4b4d8d-b6d2-468b-8b93-ef1832d4951b:192.168.157.230:35072, 9dabc3d6-6bd9-4ca2-9d63-753c6cd15dc2:192.168.157.230:43214, 749bb073-67b9-4e0b-a5ea-b5343d76f657:192.168.157.230:44906], old=null at 0
2019-09-20 20:58:47,778 [grpc-default-executor-9] INFO  segmented.SegmentedRaftLogWorker (SegmentedRaftLogWorker.java:startLogSegment(380)) - 2d4b4d8d-b6d2-468b-8b93-ef1832d4951b@group-4C9439252ADD-SegmentedRaftLogWorker: Starting segment from index:0
2019-09-20 20:58:47,778 [grpc-default-executor-8] INFO  segmented.SegmentedRaftLogWorker (SegmentedRaftLogWorker.java:startLogSegment(380)) - 9dabc3d6-6bd9-4ca2-9d63-753c6cd15dc2@group-4C9439252ADD-SegmentedRaftLogWorker: Starting segment from index:0
2019-09-20 20:58:47,789 [95d4fb60-b61e-4c4a-8fcb-b8ff1d3ec0a8@group-D056AFC6799A:LeaderElection55] INFO  impl.LeaderElection (LeaderElection.java:askForVotes(182)) - 95d4fb60-b61e-4c4a-8fcb-b8ff1d3ec0a8@group-D056AFC6799A:LeaderElection55: begin an election at term 1 for -1: [95d4fb60-b61e-4c4a-8fcb-b8ff1d3ec0a8:192.168.157.230:33102], old=null
2019-09-20 20:58:47,790 [95d4fb60-b61e-4c4a-8fcb-b8ff1d3ec0a8@group-D056AFC6799A:LeaderElection55] INFO  impl.RoleInfo (RoleInfo.java:shutdownLeaderElection(134)) - 95d4fb60-b61e-4c4a-8fcb-b8ff1d3ec0a8: shutdown LeaderElection
2019-09-20 20:58:47,790 [95d4fb60-b61e-4c4a-8fcb-b8ff1d3ec0a8@group-D056AFC6799A:LeaderElection55] INFO  impl.RaftServerImpl (RaftServerImpl.java:setRole(174)) - 95d4fb60-b61e-4c4a-8fcb-b8ff1d3ec0a8@group-D056AFC6799A: changes role from CANDIDATE to LEADER at term 1 for changeToLeader
2019-09-20 20:58:47,790 [95d4fb60-b61e-4c4a-8fcb-b8ff1d3ec0a8@group-D056AFC6799A:LeaderElection55] INFO  impl.RaftServerImpl (ServerState.java:setLeader(253)) - 95d4fb60-b61e-4c4a-8fcb-b8ff1d3ec0a8@group-D056AFC6799A: change Leader from null to 95d4fb60-b61e-4c4a-8fcb-b8ff1d3ec0a8 at term 1 for becomeLeader, leader elected after 5119ms
2019-09-20 20:58:47,790 [95d4fb60-b61e-4c4a-8fcb-b8ff1d3ec0a8@group-D056AFC6799A:LeaderElection55] INFO  server.RaftServerConfigKeys (ConfUtils.java:logGet(43)) - raft.server.staging.catchup.gap = 1000 (default)
2019-09-20 20:58:47,790 [95d4fb60-b61e-4c4a-8fcb-b8ff1d3ec0a8@group-D056AFC6799A:LeaderElection55] INFO  server.RaftServerConfigKeys (ConfUtils.java:logGet(43)) - raft.server.rpc.sleep.time = 25ms (default)
2019-09-20 20:58:47,790 [95d4fb60-b61e-4c4a-8fcb-b8ff1d3ec0a8@group-D056AFC6799A:LeaderElection55] INFO  server.RaftServerConfigKeys (ConfUtils.java:logGet(43)) - raft.server.write.element-limit = 4096 (default)
2019-09-20 20:58:47,790 [95d4fb60-b61e-4c4a-8fcb-b8ff1d3ec0a8@group-D056AFC6799A:LeaderElection55] INFO  server.RaftServerConfigKeys (ConfUtils.java:logGet(43)) - raft.server.watch.timeout = 10s (default)
2019-09-20 20:58:47,791 [95d4fb60-b61e-4c4a-8fcb-b8ff1d3ec0a8@group-D056AFC6799A:LeaderElection55] INFO  server.RaftServerConfigKeys (ConfUtils.java:logGet(43)) - raft.server.watch.timeout.denomination = 1s (default)
2019-09-20 20:58:47,791 [95d4fb60-b61e-4c4a-8fcb-b8ff1d3ec0a8@group-D056AFC6799A:LeaderElection55] INFO  server.RaftServerConfigKeys (ConfUtils.java:logGet(43)) - raft.server.watch.element-limit = 65536 (default)
2019-09-20 20:58:47,793 [95d4fb60-b61e-4c4a-8fcb-b8ff1d3ec0a8@group-D056AFC6799A:LeaderElection55] INFO  impl.RoleInfo (RoleInfo.java:updateAndGet(143)) - 95d4fb60-b61e-4c4a-8fcb-b8ff1d3ec0a8: start LeaderState
2019-09-20 20:58:47,793 [95d4fb60-b61e-4c4a-8fcb-b8ff1d3ec0a8@group-D056AFC6799A:LeaderElection55] INFO  segmented.SegmentedRaftLogWorker (SegmentedRaftLogWorker.java:startLogSegment(380)) - 95d4fb60-b61e-4c4a-8fcb-b8ff1d3ec0a8@group-D056AFC6799A-SegmentedRaftLogWorker: Starting segment from index:0
2019-09-20 20:58:47,794 [95d4fb60-b61e-4c4a-8fcb-b8ff1d3ec0a8@group-D056AFC6799A:LeaderElection55] INFO  impl.RaftServerImpl (ServerState.java:setRaftConf(354)) - 95d4fb60-b61e-4c4a-8fcb-b8ff1d3ec0a8@group-D056AFC6799A: set configuration 0: [95d4fb60-b61e-4c4a-8fcb-b8ff1d3ec0a8:192.168.157.230:33102], old=null at 0
2019-09-20 20:58:47,842 [Thread-2888] INFO  impl.FollowerState (FollowerState.java:run(106)) - 94a6d619-c930-45b6-ab16-e3ef1a750777:group-000909C5C436 changes to CANDIDATE, lastRpcTime:5209, electionTimeout:5192ms
2019-09-20 20:58:47,843 [Thread-2888] INFO  impl.RoleInfo (RoleInfo.java:shutdownFollowerState(121)) - 94a6d619-c930-45b6-ab16-e3ef1a750777: shutdown FollowerState
2019-09-20 20:58:47,843 [Thread-2888] INFO  impl.RaftServerImpl (RaftServerImpl.java:setRole(174)) - 94a6d619-c930-45b6-ab16-e3ef1a750777@group-000909C5C436: changes role from  FOLLOWER to CANDIDATE at term 0 for changeToCandidate
2019-09-20 20:58:47,843 [Thread-2888] INFO  impl.RoleInfo (RoleInfo.java:updateAndGet(143)) - 94a6d619-c930-45b6-ab16-e3ef1a750777: start LeaderElection
2019-09-20 20:58:47,855 [grpc-default-executor-8] INFO  client.GrpcClientProtocolClient (GrpcClientProtocolClient.java:onNext(264)) - client-5246E8BB6237->2d4b4d8d-b6d2-468b-8b93-ef1832d4951b: receive RaftClientReply:client-5246E8BB6237->2d4b4d8d-b6d2-468b-8b93-ef1832d4951b@group-4C9439252ADD, cid=175, FAILED org.apache.ratis.protocol.NotLeaderException: Server 2d4b4d8d-b6d2-468b-8b93-ef1832d4951b@group-4C9439252ADD is not the leader 749bb073-67b9-4e0b-a5ea-b5343d76f657:192.168.157.230:44906, logIndex=0, commits[2d4b4d8d-b6d2-468b-8b93-ef1832d4951b:c-1, 9dabc3d6-6bd9-4ca2-9d63-753c6cd15dc2:c-1, 749bb073-67b9-4e0b-a5ea-b5343d76f657:c-1]
2019-09-20 20:58:47,859 [Thread-2894] INFO  impl.FollowerState (FollowerState.java:run(106)) - 611ae901-e50a-4ae8-a9b2-2f86c5d8c65e:group-E1BDFF0B9FBA changes to CANDIDATE, lastRpcTime:5141, electionTimeout:5141ms
2019-09-20 20:58:47,859 [2d4b4d8d-b6d2-468b-8b93-ef1832d4951b@group-4C9439252ADD-SegmentedRaftLogWorker] INFO  segmented.SegmentedRaftLogWorker (SegmentedRaftLogWorker.java:execute(569)) - 2d4b4d8d-b6d2-468b-8b93-ef1832d4951b@group-4C9439252ADD-SegmentedRaftLogWorker: created new log segment /workdir/hadoop-ozone/integration-test/target/test-dir/MiniOzoneClusterImpl-9716d3f7-240c-4861-9957-7330e711a072/datanode-0/data/ratis/0ecca5f1-ef0e-4bd5-aa28-4c9439252add/current/log_inprogress_0
2019-09-20 20:58:47,859 [95d4fb60-b61e-4c4a-8fcb-b8ff1d3ec0a8@group-D056AFC6799A-SegmentedRaftLogWorker] INFO  segmented.SegmentedRaftLogWorker (SegmentedRaftLogWorker.java:execute(569)) - 95d4fb60-b61e-4c4a-8fcb-b8ff1d3ec0a8@group-D056AFC6799A-SegmentedRaftLogWorker: created new log segment /workdir/hadoop-ozone/integration-test/target/test-dir/MiniOzoneClusterImpl-9716d3f7-240c-4861-9957-7330e711a072/datanode-5/data/ratis/224f7933-715c-4c95-9a1c-d056afc6799a/current/log_inprogress_0
2019-09-20 20:58:47,862 [9dabc3d6-6bd9-4ca2-9d63-753c6cd15dc2@group-4C9439252ADD-SegmentedRaftLogWorker] INFO  segmented.SegmentedRaftLogWorker (SegmentedRaftLogWorker.java:execute(569)) - 9dabc3d6-6bd9-4ca2-9d63-753c6cd15dc2@group-4C9439252ADD-SegmentedRaftLogWorker: created new log segment /workdir/hadoop-ozone/integration-test/target/test-dir/MiniOzoneClusterImpl-9716d3f7-240c-4861-9957-7330e711a072/datanode-1/data/ratis/0ecca5f1-ef0e-4bd5-aa28-4c9439252add/current/log_inprogress_0
2019-09-20 20:58:47,862 [Thread-2894] INFO  impl.RoleInfo (RoleInfo.java:shutdownFollowerState(121)) - 611ae901-e50a-4ae8-a9b2-2f86c5d8c65e: shutdown FollowerState
2019-09-20 20:58:47,862 [94a6d619-c930-45b6-ab16-e3ef1a750777@group-000909C5C436:LeaderElection56] INFO  impl.LeaderElection (LeaderElection.java:askForVotes(182)) - 94a6d619-c930-45b6-ab16-e3ef1a750777@group-000909C5C436:LeaderElection56: begin an election at term 1 for -1: [94a6d619-c930-45b6-ab16-e3ef1a750777:192.168.157.230:34407], old=null
2019-09-20 20:58:47,862 [Thread-2894] INFO  impl.RaftServerImpl (RaftServerImpl.java:setRole(174)) - 611ae901-e50a-4ae8-a9b2-2f86c5d8c65e@group-E1BDFF0B9FBA: changes role from  FOLLOWER to CANDIDATE at term 0 for changeToCandidate
2019-09-20 20:58:47,862 [94a6d619-c930-45b6-ab16-e3ef1a750777@group-000909C5C436:LeaderElection56] INFO  impl.RoleInfo (RoleInfo.java:shutdownLeaderElection(134)) - 94a6d619-c930-45b6-ab16-e3ef1a750777: shutdown LeaderElection
2019-09-20 20:58:47,863 [Thread-2894] INFO  impl.RoleInfo (RoleInfo.java:updateAndGet(143)) - 611ae901-e50a-4ae8-a9b2-2f86c5d8c65e: start LeaderElection
2019-09-20 20:58:47,863 [94a6d619-c930-45b6-ab16-e3ef1a750777@group-000909C5C436:LeaderElection56] INFO  impl.RaftServerImpl (RaftServerImpl.java:setRole(174)) - 94a6d619-c930-45b6-ab16-e3ef1a750777@group-000909C5C436: changes role from CANDIDATE to LEADER at term 1 for changeToLeader
2019-09-20 20:58:47,863 [94a6d619-c930-45b6-ab16-e3ef1a750777@group-000909C5C436:LeaderElection56] INFO  impl.RaftServerImpl (ServerState.java:setLeader(253)) - 94a6d619-c930-45b6-ab16-e3ef1a750777@group-000909C5C436: change Leader from null to 94a6d619-c930-45b6-ab16-e3ef1a750777 at term 1 for becomeLeader, leader elected after 5236ms
2019-09-20 20:58:47,863 [94a6d619-c930-45b6-ab16-e3ef1a750777@group-000909C5C436:LeaderElection56] INFO  server.RaftServerConfigKeys (ConfUtils.java:logGet(43)) - raft.server.staging.catchup.gap = 1000 (default)
2019-09-20 20:58:47,867 [94a6d619-c930-45b6-ab16-e3ef1a750777@group-000909C5C436:LeaderElection56] INFO  server.RaftServerConfigKeys (ConfUtils.java:logGet(43)) - raft.server.rpc.sleep.time = 25ms (default)
2019-09-20 20:58:47,867 [94a6d619-c930-45b6-ab16-e3ef1a750777@group-000909C5C436:LeaderElection56] INFO  server.RaftServerConfigKeys (ConfUtils.java:logGet(43)) - raft.server.write.element-limit = 4096 (default)
2019-09-20 20:58:47,867 [94a6d619-c930-45b6-ab16-e3ef1a750777@group-000909C5C436:LeaderElection56] INFO  server.RaftServerConfigKeys (ConfUtils.java:logGet(43)) - raft.server.watch.timeout = 10s (default)
2019-09-20 20:58:47,867 [94a6d619-c930-45b6-ab16-e3ef1a750777@group-000909C5C436:LeaderElection56] INFO  server.RaftServerConfigKeys (ConfUtils.java:logGet(43)) - raft.server.watch.timeout.denomination = 1s (default)
2019-09-20 20:58:47,867 [94a6d619-c930-45b6-ab16-e3ef1a750777@group-000909C5C436:LeaderElection56] INFO  server.RaftServerConfigKeys (ConfUtils.java:logGet(43)) - raft.server.watch.element-limit = 65536 (default)
2019-09-20 20:58:47,869 [94a6d619-c930-45b6-ab16-e3ef1a750777@group-000909C5C436:LeaderElection56] INFO  impl.RoleInfo (RoleInfo.java:updateAndGet(143)) - 94a6d619-c930-45b6-ab16-e3ef1a750777: start LeaderState
2019-09-20 20:58:47,869 [94a6d619-c930-45b6-ab16-e3ef1a750777@group-000909C5C436:LeaderElection56] INFO  segmented.SegmentedRaftLogWorker (SegmentedRaftLogWorker.java:startLogSegment(380)) - 94a6d619-c930-45b6-ab16-e3ef1a750777@group-000909C5C436-SegmentedRaftLogWorker: Starting segment from index:0
2019-09-20 20:58:47,870 [94a6d619-c930-45b6-ab16-e3ef1a750777@group-000909C5C436:LeaderElection56] INFO  impl.RaftServerImpl (ServerState.java:setRaftConf(354)) - 94a6d619-c930-45b6-ab16-e3ef1a750777@group-000909C5C436: set configuration 0: [94a6d619-c930-45b6-ab16-e3ef1a750777:192.168.157.230:34407], old=null at 0
2019-09-20 20:58:47,914 [611ae901-e50a-4ae8-a9b2-2f86c5d8c65e@group-E1BDFF0B9FBA:LeaderElection57] INFO  impl.LeaderElection (LeaderElection.java:askForVotes(182)) - 611ae901-e50a-4ae8-a9b2-2f86c5d8c65e@group-E1BDFF0B9FBA:LeaderElection57: begin an election at term 1 for -1: [611ae901-e50a-4ae8-a9b2-2f86c5d8c65e:192.168.157.230:43796], old=null
2019-09-20 20:58:47,914 [611ae901-e50a-4ae8-a9b2-2f86c5d8c65e@group-E1BDFF0B9FBA:LeaderElection57] INFO  impl.RoleInfo (RoleInfo.java:shutdownLeaderElection(134)) - 611ae901-e50a-4ae8-a9b2-2f86c5d8c65e: shutdown LeaderElection
2019-09-20 20:58:47,914 [611ae901-e50a-4ae8-a9b2-2f86c5d8c65e@group-E1BDFF0B9FBA:LeaderElection57] INFO  impl.RaftServerImpl (RaftServerImpl.java:setRole(174)) - 611ae901-e50a-4ae8-a9b2-2f86c5d8c65e@group-E1BDFF0B9FBA: changes role from CANDIDATE to LEADER at term 1 for changeToLeader
2019-09-20 20:58:47,915 [611ae901-e50a-4ae8-a9b2-2f86c5d8c65e@group-E1BDFF0B9FBA:LeaderElection57] INFO  impl.RaftServerImpl (ServerState.java:setLeader(253)) - 611ae901-e50a-4ae8-a9b2-2f86c5d8c65e@group-E1BDFF0B9FBA: change Leader from null to 611ae901-e50a-4ae8-a9b2-2f86c5d8c65e at term 1 for becomeLeader, leader elected after 5202ms
2019-09-20 20:58:47,915 [611ae901-e50a-4ae8-a9b2-2f86c5d8c65e@group-E1BDFF0B9FBA:LeaderElection57] INFO  server.RaftServerConfigKeys (ConfUtils.java:logGet(43)) - raft.server.staging.catchup.gap = 1000 (default)
2019-09-20 20:58:47,915 [611ae901-e50a-4ae8-a9b2-2f86c5d8c65e@group-E1BDFF0B9FBA:LeaderElection57] INFO  server.RaftServerConfigKeys (ConfUtils.java:logGet(43)) - raft.server.rpc.sleep.time = 25ms (default)
2019-09-20 20:58:47,916 [611ae901-e50a-4ae8-a9b2-2f86c5d8c65e@group-E1BDFF0B9FBA:LeaderElection57] INFO  server.RaftServerConfigKeys (ConfUtils.java:logGet(43)) - raft.server.write.element-limit = 4096 (default)
2019-09-20 20:58:47,916 [611ae901-e50a-4ae8-a9b2-2f86c5d8c65e@group-E1BDFF0B9FBA:LeaderElection57] INFO  server.RaftServerConfigKeys (ConfUtils.java:logGet(43)) - raft.server.watch.timeout = 10s (default)
2019-09-20 20:58:47,916 [611ae901-e50a-4ae8-a9b2-2f86c5d8c65e@group-E1BDFF0B9FBA:LeaderElection57] INFO  server.RaftServerConfigKeys (ConfUtils.java:logGet(43)) - raft.server.watch.timeout.denomination = 1s (default)
2019-09-20 20:58:47,916 [611ae901-e50a-4ae8-a9b2-2f86c5d8c65e@group-E1BDFF0B9FBA:LeaderElection57] INFO  server.RaftServerConfigKeys (ConfUtils.java:logGet(43)) - raft.server.watch.element-limit = 65536 (default)
2019-09-20 20:58:47,919 [611ae901-e50a-4ae8-a9b2-2f86c5d8c65e@group-E1BDFF0B9FBA:LeaderElection57] INFO  impl.RoleInfo (RoleInfo.java:updateAndGet(143)) - 611ae901-e50a-4ae8-a9b2-2f86c5d8c65e: start LeaderState
2019-09-20 20:58:47,920 [611ae901-e50a-4ae8-a9b2-2f86c5d8c65e@group-E1BDFF0B9FBA:LeaderElection57] INFO  segmented.SegmentedRaftLogWorker (SegmentedRaftLogWorker.java:startLogSegment(380)) - 611ae901-e50a-4ae8-a9b2-2f86c5d8c65e@group-E1BDFF0B9FBA-SegmentedRaftLogWorker: Starting segment from index:0
2019-09-20 20:58:47,920 [611ae901-e50a-4ae8-a9b2-2f86c5d8c65e@group-E1BDFF0B9FBA:LeaderElection57] INFO  impl.RaftServerImpl (ServerState.java:setRaftConf(354)) - 611ae901-e50a-4ae8-a9b2-2f86c5d8c65e@group-E1BDFF0B9FBA: set configuration 0: [611ae901-e50a-4ae8-a9b2-2f86c5d8c65e:192.168.157.230:43796], old=null at 0
2019-09-20 20:58:47,956 [Thread-2904] INFO  impl.FollowerState (FollowerState.java:run(106)) - 95d4fb60-b61e-4c4a-8fcb-b8ff1d3ec0a8:group-34472633DB3A changes to CANDIDATE, lastRpcTime:5101, electionTimeout:5096ms
2019-09-20 20:58:47,959 [Thread-2897] INFO  impl.FollowerState (FollowerState.java:run(106)) - c70611d4-7cff-491b-af68-1f45d977db23:group-6E54BC96095B changes to CANDIDATE, lastRpcTime:5186, electionTimeout:5147ms
2019-09-20 20:58:47,956 [Thread-2905] INFO  impl.FollowerState (FollowerState.java:run(106)) - 611ae901-e50a-4ae8-a9b2-2f86c5d8c65e:group-34472633DB3A changes to CANDIDATE, lastRpcTime:5101, electionTimeout:5081ms
2019-09-20 20:58:47,959 [94a6d619-c930-45b6-ab16-e3ef1a750777@group-000909C5C436-SegmentedRaftLogWorker] INFO  segmented.SegmentedRaftLogWorker (SegmentedRaftLogWorker.java:execute(569)) - 94a6d619-c930-45b6-ab16-e3ef1a750777@group-000909C5C436-SegmentedRaftLogWorker: created new log segment /workdir/hadoop-ozone/integration-test/target/test-dir/MiniOzoneClusterImpl-9716d3f7-240c-4861-9957-7330e711a072/datanode-4/data/ratis/2c8c6bcc-1a35-4629-92df-000909c5c436/current/log_inprogress_0
2019-09-20 20:58:47,960 [Thread-2905] INFO  impl.RoleInfo (RoleInfo.java:shutdownFollowerState(121)) - 611ae901-e50a-4ae8-a9b2-2f86c5d8c65e: shutdown FollowerState
2019-09-20 20:58:47,960 [Thread-2905] INFO  impl.RaftServerImpl (RaftServerImpl.java:setRole(174)) - 611ae901-e50a-4ae8-a9b2-2f86c5d8c65e@group-34472633DB3A: changes role from  FOLLOWER to CANDIDATE at term 0 for changeToCandidate
2019-09-20 20:58:47,960 [Thread-2897] INFO  impl.RoleInfo (RoleInfo.java:shutdownFollowerState(121)) - c70611d4-7cff-491b-af68-1f45d977db23: shutdown FollowerState
2019-09-20 20:58:47,960 [Thread-2904] INFO  impl.RoleInfo (RoleInfo.java:shutdownFollowerState(121)) - 95d4fb60-b61e-4c4a-8fcb-b8ff1d3ec0a8: shutdown FollowerState
2019-09-20 20:58:47,960 [Thread-2897] INFO  impl.RaftServerImpl (RaftServerImpl.java:setRole(174)) - c70611d4-7cff-491b-af68-1f45d977db23@group-6E54BC96095B: changes role from  FOLLOWER to CANDIDATE at term 0 for changeToCandidate
2019-09-20 20:58:47,960 [Thread-2905] INFO  impl.RoleInfo (RoleInfo.java:updateAndGet(143)) - 611ae901-e50a-4ae8-a9b2-2f86c5d8c65e: start LeaderElection
2019-09-20 20:58:47,961 [Thread-2897] INFO  impl.RoleInfo (RoleInfo.java:updateAndGet(143)) - c70611d4-7cff-491b-af68-1f45d977db23: start LeaderElection
2019-09-20 20:58:47,961 [Thread-2904] INFO  impl.RaftServerImpl (RaftServerImpl.java:setRole(174)) - 95d4fb60-b61e-4c4a-8fcb-b8ff1d3ec0a8@group-34472633DB3A: changes role from  FOLLOWER to CANDIDATE at term 0 for changeToCandidate
2019-09-20 20:58:47,965 [Thread-2904] INFO  impl.RoleInfo (RoleInfo.java:updateAndGet(143)) - 95d4fb60-b61e-4c4a-8fcb-b8ff1d3ec0a8: start LeaderElection
2019-09-20 20:58:47,968 [611ae901-e50a-4ae8-a9b2-2f86c5d8c65e@group-E1BDFF0B9FBA-SegmentedRaftLogWorker] INFO  segmented.SegmentedRaftLogWorker (SegmentedRaftLogWorker.java:execute(569)) - 611ae901-e50a-4ae8-a9b2-2f86c5d8c65e@group-E1BDFF0B9FBA-SegmentedRaftLogWorker: created new log segment /workdir/hadoop-ozone/integration-test/target/test-dir/MiniOzoneClusterImpl-9716d3f7-240c-4861-9957-7330e711a072/datanode-6/data/ratis/ae8a5872-006e-4928-845e-e1bdff0b9fba/current/log_inprogress_0
2019-09-20 20:58:47,988 [611ae901-e50a-4ae8-a9b2-2f86c5d8c65e@group-34472633DB3A:LeaderElection58] INFO  impl.LeaderElection (LeaderElection.java:askForVotes(182)) - 611ae901-e50a-4ae8-a9b2-2f86c5d8c65e@group-34472633DB3A:LeaderElection58: begin an election at term 1 for -1: [95d4fb60-b61e-4c4a-8fcb-b8ff1d3ec0a8:192.168.157.230:33102, 94a6d619-c930-45b6-ab16-e3ef1a750777:192.168.157.230:34407, 611ae901-e50a-4ae8-a9b2-2f86c5d8c65e:192.168.157.230:43796], old=null
2019-09-20 20:58:47,989 [95d4fb60-b61e-4c4a-8fcb-b8ff1d3ec0a8@group-34472633DB3A:LeaderElection60] INFO  impl.LeaderElection (LeaderElection.java:askForVotes(182)) - 95d4fb60-b61e-4c4a-8fcb-b8ff1d3ec0a8@group-34472633DB3A:LeaderElection60: begin an election at term 1 for -1: [95d4fb60-b61e-4c4a-8fcb-b8ff1d3ec0a8:192.168.157.230:33102, 94a6d619-c930-45b6-ab16-e3ef1a750777:192.168.157.230:34407, 611ae901-e50a-4ae8-a9b2-2f86c5d8c65e:192.168.157.230:43796], old=null
2019-09-20 20:58:47,989 [c70611d4-7cff-491b-af68-1f45d977db23@group-6E54BC96095B:LeaderElection59] INFO  impl.LeaderElection (LeaderElection.java:askForVotes(182)) - c70611d4-7cff-491b-af68-1f45d977db23@group-6E54BC96095B:LeaderElection59: begin an election at term 1 for -1: [c70611d4-7cff-491b-af68-1f45d977db23:192.168.157.230:44295], old=null
2019-09-20 20:58:47,989 [c70611d4-7cff-491b-af68-1f45d977db23@group-6E54BC96095B:LeaderElection59] INFO  impl.RoleInfo (RoleInfo.java:shutdownLeaderElection(134)) - c70611d4-7cff-491b-af68-1f45d977db23: shutdown LeaderElection
2019-09-20 20:58:47,990 [c70611d4-7cff-491b-af68-1f45d977db23@group-6E54BC96095B:LeaderElection59] INFO  impl.RaftServerImpl (RaftServerImpl.java:setRole(174)) - c70611d4-7cff-491b-af68-1f45d977db23@group-6E54BC96095B: changes role from CANDIDATE to LEADER at term 1 for changeToLeader
2019-09-20 20:58:47,990 [c70611d4-7cff-491b-af68-1f45d977db23@group-6E54BC96095B:LeaderElection59] INFO  impl.RaftServerImpl (ServerState.java:setLeader(253)) - c70611d4-7cff-491b-af68-1f45d977db23@group-6E54BC96095B: change Leader from null to c70611d4-7cff-491b-af68-1f45d977db23 at term 1 for becomeLeader, leader elected after 5225ms
2019-09-20 20:58:47,990 [c70611d4-7cff-491b-af68-1f45d977db23@group-6E54BC96095B:LeaderElection59] INFO  server.RaftServerConfigKeys (ConfUtils.java:logGet(43)) - raft.server.staging.catchup.gap = 1000 (default)
2019-09-20 20:58:47,990 [c70611d4-7cff-491b-af68-1f45d977db23@group-6E54BC96095B:LeaderElection59] INFO  server.RaftServerConfigKeys (ConfUtils.java:logGet(43)) - raft.server.rpc.sleep.time = 25ms (default)
2019-09-20 20:58:47,990 [c70611d4-7cff-491b-af68-1f45d977db23@group-6E54BC96095B:LeaderElection59] INFO  server.RaftServerConfigKeys (ConfUtils.java:logGet(43)) - raft.server.write.element-limit = 4096 (default)
2019-09-20 20:58:47,990 [c70611d4-7cff-491b-af68-1f45d977db23@group-6E54BC96095B:LeaderElection59] INFO  server.RaftServerConfigKeys (ConfUtils.java:logGet(43)) - raft.server.watch.timeout = 10s (default)
2019-09-20 20:58:47,991 [c70611d4-7cff-491b-af68-1f45d977db23@group-6E54BC96095B:LeaderElection59] INFO  server.RaftServerConfigKeys (ConfUtils.java:logGet(43)) - raft.server.watch.timeout.denomination = 1s (default)
2019-09-20 20:58:47,991 [c70611d4-7cff-491b-af68-1f45d977db23@group-6E54BC96095B:LeaderElection59] INFO  server.RaftServerConfigKeys (ConfUtils.java:logGet(43)) - raft.server.watch.element-limit = 65536 (default)
2019-09-20 20:58:48,006 [c70611d4-7cff-491b-af68-1f45d977db23@group-6E54BC96095B:LeaderElection59] INFO  impl.RoleInfo (RoleInfo.java:updateAndGet(143)) - c70611d4-7cff-491b-af68-1f45d977db23: start LeaderState
2019-09-20 20:58:48,006 [c70611d4-7cff-491b-af68-1f45d977db23@group-6E54BC96095B:LeaderElection59] INFO  segmented.SegmentedRaftLogWorker (SegmentedRaftLogWorker.java:startLogSegment(380)) - c70611d4-7cff-491b-af68-1f45d977db23@group-6E54BC96095B-SegmentedRaftLogWorker: Starting segment from index:0
2019-09-20 20:58:48,007 [c70611d4-7cff-491b-af68-1f45d977db23@group-6E54BC96095B:LeaderElection59] INFO  impl.RaftServerImpl (ServerState.java:setRaftConf(354)) - c70611d4-7cff-491b-af68-1f45d977db23@group-6E54BC96095B: set configuration 0: [c70611d4-7cff-491b-af68-1f45d977db23:192.168.157.230:44295], old=null at 0
2019-09-20 20:58:48,007 [grpc-default-executor-5] INFO  impl.RaftServerImpl (RaftServerImpl.java:setRole(174)) - 94a6d619-c930-45b6-ab16-e3ef1a750777@group-34472633DB3A: changes role from  FOLLOWER to FOLLOWER at term 1 for recognizeCandidate:611ae901-e50a-4ae8-a9b2-2f86c5d8c65e
2019-09-20 20:58:48,044 [grpc-default-executor-5] INFO  impl.RoleInfo (RoleInfo.java:shutdownFollowerState(121)) - 94a6d619-c930-45b6-ab16-e3ef1a750777: shutdown FollowerState
2019-09-20 20:58:48,045 [grpc-default-executor-5] INFO  impl.RoleInfo (RoleInfo.java:updateAndGet(143)) - 94a6d619-c930-45b6-ab16-e3ef1a750777: start FollowerState
2019-09-20 20:58:48,053 [c70611d4-7cff-491b-af68-1f45d977db23@group-6E54BC96095B-SegmentedRaftLogWorker] INFO  segmented.SegmentedRaftLogWorker (SegmentedRaftLogWorker.java:execute(569)) - c70611d4-7cff-491b-af68-1f45d977db23@group-6E54BC96095B-SegmentedRaftLogWorker: created new log segment /workdir/hadoop-ozone/integration-test/target/test-dir/MiniOzoneClusterImpl-9716d3f7-240c-4861-9957-7330e711a072/datanode-3/data/ratis/e8b1df01-1411-4c43-be69-6e54bc96095b/current/log_inprogress_0
2019-09-20 20:58:48,063 [95d4fb60-b61e-4c4a-8fcb-b8ff1d3ec0a8@group-34472633DB3A:LeaderElection60] INFO  impl.LeaderElection (LeaderElection.java:logAndReturn(56)) - 95d4fb60-b61e-4c4a-8fcb-b8ff1d3ec0a8@group-34472633DB3A:LeaderElection60: Election REJECTED; received 2 response(s) [95d4fb60-b61e-4c4a-8fcb-b8ff1d3ec0a8<-94a6d619-c930-45b6-ab16-e3ef1a750777#0:FAIL-t1, 95d4fb60-b61e-4c4a-8fcb-b8ff1d3ec0a8<-611ae901-e50a-4ae8-a9b2-2f86c5d8c65e#0:FAIL-t1] and 0 exception(s); 95d4fb60-b61e-4c4a-8fcb-b8ff1d3ec0a8@group-34472633DB3A:t1, leader=null, voted=95d4fb60-b61e-4c4a-8fcb-b8ff1d3ec0a8, raftlog=95d4fb60-b61e-4c4a-8fcb-b8ff1d3ec0a8@group-34472633DB3A-SegmentedRaftLog:OPENED:c-1,f-1,i0, conf=-1: [95d4fb60-b61e-4c4a-8fcb-b8ff1d3ec0a8:192.168.157.230:33102, 94a6d619-c930-45b6-ab16-e3ef1a750777:192.168.157.230:34407, 611ae901-e50a-4ae8-a9b2-2f86c5d8c65e:192.168.157.230:43796], old=null
2019-09-20 20:58:48,063 [611ae901-e50a-4ae8-a9b2-2f86c5d8c65e@group-34472633DB3A:LeaderElection58] INFO  impl.LeaderElection (LeaderElection.java:logAndReturn(56)) - 611ae901-e50a-4ae8-a9b2-2f86c5d8c65e@group-34472633DB3A:LeaderElection58: Election PASSED; received 2 response(s) [611ae901-e50a-4ae8-a9b2-2f86c5d8c65e<-95d4fb60-b61e-4c4a-8fcb-b8ff1d3ec0a8#0:FAIL-t1, 611ae901-e50a-4ae8-a9b2-2f86c5d8c65e<-94a6d619-c930-45b6-ab16-e3ef1a750777#0:OK-t1] and 0 exception(s); 611ae901-e50a-4ae8-a9b2-2f86c5d8c65e@group-34472633DB3A:t1, leader=null, voted=611ae901-e50a-4ae8-a9b2-2f86c5d8c65e, raftlog=611ae901-e50a-4ae8-a9b2-2f86c5d8c65e@group-34472633DB3A-SegmentedRaftLog:OPENED:c-1,f-1,i0, conf=-1: [95d4fb60-b61e-4c4a-8fcb-b8ff1d3ec0a8:192.168.157.230:33102, 94a6d619-c930-45b6-ab16-e3ef1a750777:192.168.157.230:34407, 611ae901-e50a-4ae8-a9b2-2f86c5d8c65e:192.168.157.230:43796], old=null
2019-09-20 20:58:48,063 [611ae901-e50a-4ae8-a9b2-2f86c5d8c65e@group-34472633DB3A:LeaderElection58] INFO  impl.RoleInfo (RoleInfo.java:shutdownLeaderElection(134)) - 611ae901-e50a-4ae8-a9b2-2f86c5d8c65e: shutdown LeaderElection
2019-09-20 20:58:48,063 [95d4fb60-b61e-4c4a-8fcb-b8ff1d3ec0a8@group-34472633DB3A:LeaderElection60] INFO  impl.RaftServerImpl (RaftServerImpl.java:setRole(174)) - 95d4fb60-b61e-4c4a-8fcb-b8ff1d3ec0a8@group-34472633DB3A: changes role from CANDIDATE to FOLLOWER at term 1 for DISCOVERED_A_NEW_TERM
2019-09-20 20:58:48,066 [611ae901-e50a-4ae8-a9b2-2f86c5d8c65e@group-34472633DB3A:LeaderElection58] INFO  impl.RaftServerImpl (RaftServerImpl.java:setRole(174)) - 611ae901-e50a-4ae8-a9b2-2f86c5d8c65e@group-34472633DB3A: changes role from CANDIDATE to LEADER at term 1 for changeToLeader
2019-09-20 20:58:48,066 [95d4fb60-b61e-4c4a-8fcb-b8ff1d3ec0a8@group-34472633DB3A:LeaderElection60] INFO  impl.RoleInfo (RoleInfo.java:shutdownLeaderElection(134)) - 95d4fb60-b61e-4c4a-8fcb-b8ff1d3ec0a8: shutdown LeaderElection
2019-09-20 20:58:48,066 [611ae901-e50a-4ae8-a9b2-2f86c5d8c65e@group-34472633DB3A:LeaderElection58] INFO  impl.RaftServerImpl (ServerState.java:setLeader(253)) - 611ae901-e50a-4ae8-a9b2-2f86c5d8c65e@group-34472633DB3A: change Leader from null to 611ae901-e50a-4ae8-a9b2-2f86c5d8c65e at term 1 for becomeLeader, leader elected after 5224ms
2019-09-20 20:58:48,066 [95d4fb60-b61e-4c4a-8fcb-b8ff1d3ec0a8@group-34472633DB3A:LeaderElection60] INFO  impl.RoleInfo (RoleInfo.java:updateAndGet(143)) - 95d4fb60-b61e-4c4a-8fcb-b8ff1d3ec0a8: start FollowerState
2019-09-20 20:58:48,066 [611ae901-e50a-4ae8-a9b2-2f86c5d8c65e@group-34472633DB3A:LeaderElection58] INFO  server.RaftServerConfigKeys (ConfUtils.java:logGet(43)) - raft.server.staging.catchup.gap = 1000 (default)
2019-09-20 20:58:48,066 [611ae901-e50a-4ae8-a9b2-2f86c5d8c65e@group-34472633DB3A:LeaderElection58] INFO  server.RaftServerConfigKeys (ConfUtils.java:logGet(43)) - raft.server.rpc.sleep.time = 25ms (default)
2019-09-20 20:58:48,066 [611ae901-e50a-4ae8-a9b2-2f86c5d8c65e@group-34472633DB3A:LeaderElection58] INFO  server.RaftServerConfigKeys (ConfUtils.java:logGet(43)) - raft.server.write.element-limit = 4096 (default)
2019-09-20 20:58:48,066 [611ae901-e50a-4ae8-a9b2-2f86c5d8c65e@group-34472633DB3A:LeaderElection58] INFO  server.RaftServerConfigKeys (ConfUtils.java:logGet(43)) - raft.server.watch.timeout = 10s (default)
2019-09-20 20:58:48,067 [611ae901-e50a-4ae8-a9b2-2f86c5d8c65e@group-34472633DB3A:LeaderElection58] INFO  server.RaftServerConfigKeys (ConfUtils.java:logGet(43)) - raft.server.watch.timeout.denomination = 1s (default)
2019-09-20 20:58:48,067 [611ae901-e50a-4ae8-a9b2-2f86c5d8c65e@group-34472633DB3A:LeaderElection58] INFO  server.RaftServerConfigKeys (ConfUtils.java:logGet(43)) - raft.server.watch.element-limit = 65536 (default)
2019-09-20 20:58:48,068 [611ae901-e50a-4ae8-a9b2-2f86c5d8c65e@group-34472633DB3A:LeaderElection58] INFO  server.RaftServerConfigKeys (ConfUtils.java:logGet(43)) - raft.server.log.appender.snapshot.chunk.size.max = 16MB (=16777216) (default)
2019-09-20 20:58:48,068 [611ae901-e50a-4ae8-a9b2-2f86c5d8c65e@group-34472633DB3A:LeaderElection58] INFO  server.RaftServerConfigKeys (ConfUtils.java:logGet(43)) - raft.server.log.appender.buffer.byte-limit = 33554432 (custom)
2019-09-20 20:58:48,069 [611ae901-e50a-4ae8-a9b2-2f86c5d8c65e@group-34472633DB3A:LeaderElection58] INFO  server.RaftServerConfigKeys (ConfUtils.java:logGet(43)) - raft.server.log.appender.buffer.element-limit = 1 (custom)
2019-09-20 20:58:48,069 [611ae901-e50a-4ae8-a9b2-2f86c5d8c65e@group-34472633DB3A:LeaderElection58] INFO  grpc.GrpcConfigKeys$Server (ConfUtils.java:logGet(43)) - raft.grpc.server.leader.outstanding.appends.max = 128 (default)
2019-09-20 20:58:48,069 [611ae901-e50a-4ae8-a9b2-2f86c5d8c65e@group-34472633DB3A:LeaderElection58] INFO  server.RaftServerConfigKeys (ConfUtils.java:logGet(43)) - raft.server.rpc.request.timeout = 3000ms (default)
2019-09-20 20:58:48,069 [611ae901-e50a-4ae8-a9b2-2f86c5d8c65e@group-34472633DB3A:LeaderElection58] INFO  server.RaftServerConfigKeys (ConfUtils.java:logGet(43)) - raft.server.log.appender.install.snapshot.enabled = false (custom)
2019-09-20 20:58:48,069 [611ae901-e50a-4ae8-a9b2-2f86c5d8c65e@group-34472633DB3A:LeaderElection58] INFO  server.RaftServerConfigKeys (ConfUtils.java:logGet(43)) - raft.server.log.appender.snapshot.chunk.size.max = 16MB (=16777216) (default)
2019-09-20 20:58:48,070 [611ae901-e50a-4ae8-a9b2-2f86c5d8c65e@group-34472633DB3A:LeaderElection58] INFO  server.RaftServerConfigKeys (ConfUtils.java:logGet(43)) - raft.server.log.appender.buffer.byte-limit = 33554432 (custom)
2019-09-20 20:58:48,070 [611ae901-e50a-4ae8-a9b2-2f86c5d8c65e@group-34472633DB3A:LeaderElection58] INFO  server.RaftServerConfigKeys (ConfUtils.java:logGet(43)) - raft.server.log.appender.buffer.element-limit = 1 (custom)
2019-09-20 20:58:48,070 [611ae901-e50a-4ae8-a9b2-2f86c5d8c65e@group-34472633DB3A:LeaderElection58] INFO  grpc.GrpcConfigKeys$Server (ConfUtils.java:logGet(43)) - raft.grpc.server.leader.outstanding.appends.max = 128 (default)
2019-09-20 20:58:48,070 [611ae901-e50a-4ae8-a9b2-2f86c5d8c65e@group-34472633DB3A:LeaderElection58] INFO  server.RaftServerConfigKeys (ConfUtils.java:logGet(43)) - raft.server.rpc.request.timeout = 3000ms (default)
2019-09-20 20:58:48,070 [611ae901-e50a-4ae8-a9b2-2f86c5d8c65e@group-34472633DB3A:LeaderElection58] INFO  server.RaftServerConfigKeys (ConfUtils.java:logGet(43)) - raft.server.log.appender.install.snapshot.enabled = false (custom)
2019-09-20 20:58:48,070 [611ae901-e50a-4ae8-a9b2-2f86c5d8c65e@group-34472633DB3A:LeaderElection58] INFO  impl.RoleInfo (RoleInfo.java:updateAndGet(143)) - 611ae901-e50a-4ae8-a9b2-2f86c5d8c65e: start LeaderState
2019-09-20 20:58:48,071 [611ae901-e50a-4ae8-a9b2-2f86c5d8c65e@group-34472633DB3A:LeaderElection58] INFO  segmented.SegmentedRaftLogWorker (SegmentedRaftLogWorker.java:startLogSegment(380)) - 611ae901-e50a-4ae8-a9b2-2f86c5d8c65e@group-34472633DB3A-SegmentedRaftLogWorker: Starting segment from index:0
2019-09-20 20:58:48,071 [611ae901-e50a-4ae8-a9b2-2f86c5d8c65e@group-34472633DB3A:LeaderElection58] INFO  impl.RaftServerImpl (ServerState.java:setRaftConf(354)) - 611ae901-e50a-4ae8-a9b2-2f86c5d8c65e@group-34472633DB3A: set configuration 0: [95d4fb60-b61e-4c4a-8fcb-b8ff1d3ec0a8:192.168.157.230:33102, 94a6d619-c930-45b6-ab16-e3ef1a750777:192.168.157.230:34407, 611ae901-e50a-4ae8-a9b2-2f86c5d8c65e:192.168.157.230:43796], old=null at 0
2019-09-20 20:58:48,105 [grpc-default-executor-5] INFO  impl.RaftServerImpl (ServerState.java:setLeader(253)) - 94a6d619-c930-45b6-ab16-e3ef1a750777@group-34472633DB3A: change Leader from null to 611ae901-e50a-4ae8-a9b2-2f86c5d8c65e at term 1 for appendEntries, leader elected after 5262ms
2019-09-20 20:58:48,105 [grpc-default-executor-8] INFO  impl.RaftServerImpl (ServerState.java:setLeader(253)) - 95d4fb60-b61e-4c4a-8fcb-b8ff1d3ec0a8@group-34472633DB3A: change Leader from null to 611ae901-e50a-4ae8-a9b2-2f86c5d8c65e at term 1 for appendEntries, leader elected after 5263ms
2019-09-20 20:58:48,110 [grpc-default-executor-9] INFO  impl.RaftServerImpl (ServerState.java:setRaftConf(354)) - 94a6d619-c930-45b6-ab16-e3ef1a750777@group-34472633DB3A: set configuration 0: [95d4fb60-b61e-4c4a-8fcb-b8ff1d3ec0a8:192.168.157.230:33102, 94a6d619-c930-45b6-ab16-e3ef1a750777:192.168.157.230:34407, 611ae901-e50a-4ae8-a9b2-2f86c5d8c65e:192.168.157.230:43796], old=null at 0
2019-09-20 20:58:48,110 [grpc-default-executor-9] INFO  segmented.SegmentedRaftLogWorker (SegmentedRaftLogWorker.java:startLogSegment(380)) - 94a6d619-c930-45b6-ab16-e3ef1a750777@group-34472633DB3A-SegmentedRaftLogWorker: Starting segment from index:0
2019-09-20 20:58:48,111 [grpc-default-executor-5] INFO  client.GrpcClientProtocolClient (GrpcClientProtocolClient.java:onNext(264)) - client-5246E8BB6237->749bb073-67b9-4e0b-a5ea-b5343d76f657: receive RaftClientReply:client-5246E8BB6237->749bb073-67b9-4e0b-a5ea-b5343d76f657@group-4C9439252ADD, cid=175, SUCCESS, logIndex=1, commits[749bb073-67b9-4e0b-a5ea-b5343d76f657:c1, 2d4b4d8d-b6d2-468b-8b93-ef1832d4951b:c0, 9dabc3d6-6bd9-4ca2-9d63-753c6cd15dc2:c0]
2019-09-20 20:58:48,111 [grpc-default-executor-3] INFO  impl.RaftServerImpl (ServerState.java:setRaftConf(354)) - 95d4fb60-b61e-4c4a-8fcb-b8ff1d3ec0a8@group-34472633DB3A: set configuration 0: [95d4fb60-b61e-4c4a-8fcb-b8ff1d3ec0a8:192.168.157.230:33102, 94a6d619-c930-45b6-ab16-e3ef1a750777:192.168.157.230:34407, 611ae901-e50a-4ae8-a9b2-2f86c5d8c65e:192.168.157.230:43796], old=null at 0
2019-09-20 20:58:48,111 [grpc-default-executor-3] INFO  segmented.SegmentedRaftLogWorker (SegmentedRaftLogWorker.java:startLogSegment(380)) - 95d4fb60-b61e-4c4a-8fcb-b8ff1d3ec0a8@group-34472633DB3A-SegmentedRaftLogWorker: Starting segment from index:0
2019-09-20 20:58:48,116 [611ae901-e50a-4ae8-a9b2-2f86c5d8c65e@group-34472633DB3A-SegmentedRaftLogWorker] INFO  segmented.SegmentedRaftLogWorker (SegmentedRaftLogWorker.java:execute(569)) - 611ae901-e50a-4ae8-a9b2-2f86c5d8c65e@group-34472633DB3A-SegmentedRaftLogWorker: created new log segment /workdir/hadoop-ozone/integration-test/target/test-dir/MiniOzoneClusterImpl-9716d3f7-240c-4861-9957-7330e711a072/datanode-6/data/ratis/2eab33d4-7391-4c6d-9c7a-34472633db3a/current/log_inprogress_0
2019-09-20 20:58:48,134 [grpc-default-executor-3] INFO  client.GrpcClientProtocolClient (GrpcClientProtocolClient.java:onNext(264)) - client-5246E8BB6237->749bb073-67b9-4e0b-a5ea-b5343d76f657: receive RaftClientReply:client-5246E8BB6237->749bb073-67b9-4e0b-a5ea-b5343d76f657@group-4C9439252ADD, cid=176, SUCCESS, logIndex=3, commits[749bb073-67b9-4e0b-a5ea-b5343d76f657:c7, 2d4b4d8d-b6d2-468b-8b93-ef1832d4951b:c1, 9dabc3d6-6bd9-4ca2-9d63-753c6cd15dc2:c1]
2019-09-20 20:58:48,172 [94a6d619-c930-45b6-ab16-e3ef1a750777@group-34472633DB3A-SegmentedRaftLogWorker] INFO  segmented.SegmentedRaftLogWorker (SegmentedRaftLogWorker.java:execute(569)) - 94a6d619-c930-45b6-ab16-e3ef1a750777@group-34472633DB3A-SegmentedRaftLogWorker: created new log segment /workdir/hadoop-ozone/integration-test/target/test-dir/MiniOzoneClusterImpl-9716d3f7-240c-4861-9957-7330e711a072/datanode-4/data/ratis/2eab33d4-7391-4c6d-9c7a-34472633db3a/current/log_inprogress_0
2019-09-20 20:58:48,172 [95d4fb60-b61e-4c4a-8fcb-b8ff1d3ec0a8@group-34472633DB3A-SegmentedRaftLogWorker] INFO  segmented.SegmentedRaftLogWorker (SegmentedRaftLogWorker.java:execute(569)) - 95d4fb60-b61e-4c4a-8fcb-b8ff1d3ec0a8@group-34472633DB3A-SegmentedRaftLogWorker: created new log segment /workdir/hadoop-ozone/integration-test/target/test-dir/MiniOzoneClusterImpl-9716d3f7-240c-4861-9957-7330e711a072/datanode-5/data/ratis/2eab33d4-7391-4c6d-9c7a-34472633db3a/current/log_inprogress_0
2019-09-20 20:58:48,193 [grpc-default-executor-3] INFO  client.GrpcClientProtocolClient (GrpcClientProtocolClient.java:onNext(264)) - client-5246E8BB6237->749bb073-67b9-4e0b-a5ea-b5343d76f657: receive RaftClientReply:client-5246E8BB6237->749bb073-67b9-4e0b-a5ea-b5343d76f657@group-4C9439252ADD, cid=177, SUCCESS, logIndex=4, commits[749bb073-67b9-4e0b-a5ea-b5343d76f657:c10, 2d4b4d8d-b6d2-468b-8b93-ef1832d4951b:c7, 9dabc3d6-6bd9-4ca2-9d63-753c6cd15dc2:c7]
2019-09-20 20:58:48,194 [grpc-default-executor-3] INFO  client.GrpcClientProtocolClient (GrpcClientProtocolClient.java:onNext(264)) - client-5246E8BB6237->749bb073-67b9-4e0b-a5ea-b5343d76f657: receive RaftClientReply:client-5246E8BB6237->749bb073-67b9-4e0b-a5ea-b5343d76f657@group-4C9439252ADD, cid=178, SUCCESS, logIndex=5, commits[749bb073-67b9-4e0b-a5ea-b5343d76f657:c10, 2d4b4d8d-b6d2-468b-8b93-ef1832d4951b:c7, 9dabc3d6-6bd9-4ca2-9d63-753c6cd15dc2:c7]
2019-09-20 20:58:48,195 [grpc-default-executor-3] INFO  client.GrpcClientProtocolClient (GrpcClientProtocolClient.java:onNext(264)) - client-5246E8BB6237->749bb073-67b9-4e0b-a5ea-b5343d76f657: receive RaftClientReply:client-5246E8BB6237->749bb073-67b9-4e0b-a5ea-b5343d76f657@group-4C9439252ADD, cid=179, SUCCESS, logIndex=6, commits[749bb073-67b9-4e0b-a5ea-b5343d76f657:c10, 2d4b4d8d-b6d2-468b-8b93-ef1832d4951b:c7, 9dabc3d6-6bd9-4ca2-9d63-753c6cd15dc2:c7]
2019-09-20 20:58:48,302 [grpc-default-executor-3] INFO  client.GrpcClientProtocolClient (GrpcClientProtocolClient.java:onNext(264)) - client-5246E8BB6237->749bb073-67b9-4e0b-a5ea-b5343d76f657: receive RaftClientReply:client-5246E8BB6237->749bb073-67b9-4e0b-a5ea-b5343d76f657@group-4C9439252ADD, cid=180, SUCCESS, logIndex=7, commits[749bb073-67b9-4e0b-a5ea-b5343d76f657:c10, 2d4b4d8d-b6d2-468b-8b93-ef1832d4951b:c7, 9dabc3d6-6bd9-4ca2-9d63-753c6cd15dc2:c7]
2019-09-20 20:58:48,329 [grpc-default-executor-3] INFO  client.GrpcClientProtocolClient (GrpcClientProtocolClient.java:onNext(264)) - client-5246E8BB6237->749bb073-67b9-4e0b-a5ea-b5343d76f657: receive RaftClientReply:client-5246E8BB6237->749bb073-67b9-4e0b-a5ea-b5343d76f657@group-4C9439252ADD, cid=181, SUCCESS, logIndex=11, commits[749bb073-67b9-4e0b-a5ea-b5343d76f657:c12, 2d4b4d8d-b6d2-468b-8b93-ef1832d4951b:c10, 9dabc3d6-6bd9-4ca2-9d63-753c6cd15dc2:c10]
2019-09-20 20:58:48,330 [grpc-default-executor-3] INFO  client.GrpcClientProtocolClient (GrpcClientProtocolClient.java:onNext(264)) - client-5246E8BB6237->749bb073-67b9-4e0b-a5ea-b5343d76f657: receive RaftClientReply:client-5246E8BB6237->749bb073-67b9-4e0b-a5ea-b5343d76f657@group-4C9439252ADD, cid=182, SUCCESS, logIndex=12, commits[749bb073-67b9-4e0b-a5ea-b5343d76f657:c12, 2d4b4d8d-b6d2-468b-8b93-ef1832d4951b:c10, 9dabc3d6-6bd9-4ca2-9d63-753c6cd15dc2:c10]
2019-09-20 20:58:48,345 [grpc-default-executor-3] INFO  client.GrpcClientProtocolClient (GrpcClientProtocolClient.java:onNext(264)) - client-5246E8BB6237->749bb073-67b9-4e0b-a5ea-b5343d76f657: receive RaftClientReply:client-5246E8BB6237->749bb073-67b9-4e0b-a5ea-b5343d76f657@group-4C9439252ADD, cid=183, SUCCESS, logIndex=0, commits[749bb073-67b9-4e0b-a5ea-b5343d76f657:c13, 2d4b4d8d-b6d2-468b-8b93-ef1832d4951b:c12, 9dabc3d6-6bd9-4ca2-9d63-753c6cd15dc2:c12]
2019-09-20 20:58:49,061 [Datanode State Machine Thread - 0] INFO  statemachine.DatanodeStateMachine (DatanodeStateMachine.java:lambda$startDaemon$0(350)) - Ozone container server started.
2019-09-20 20:58:53,161 [EventQueue-StaleNodeForStaleNodeHandler] INFO  node.StaleNodeHandler (StaleNodeHandler.java:onMessage(58)) - Datanode 749bb073-67b9-4e0b-a5ea-b5343d76f657{ip: 192.168.157.230, host: pr-hdds-2159-7gjv7-4246597483, networkLocation: /default-rack, certSerialId: null} moved to stale state. Finalizing its pipelines [PipelineID=80b111c6-559e-434a-bc79-8793d311770a, PipelineID=0ecca5f1-ef0e-4bd5-aa28-4c9439252add]
2019-09-20 20:58:53,162 [EventQueue-StaleNodeForStaleNodeHandler] INFO  pipeline.SCMPipelineManager (SCMPipelineManager.java:finalizeAndDestroyPipeline(311)) - destroying pipeline:Pipeline[ Id: 80b111c6-559e-434a-bc79-8793d311770a, Nodes: 749bb073-67b9-4e0b-a5ea-b5343d76f657{ip: 192.168.157.230, host: pr-hdds-2159-7gjv7-4246597483, networkLocation: /default-rack, certSerialId: null}, Type:RATIS, Factor:ONE, State:OPEN]
2019-09-20 20:58:53,163 [EventQueue-StaleNodeForStaleNodeHandler] INFO  pipeline.PipelineStateManager (PipelineStateManager.java:finalizePipeline(123)) - Pipeline Pipeline[ Id: 80b111c6-559e-434a-bc79-8793d311770a, Nodes: 749bb073-67b9-4e0b-a5ea-b5343d76f657{ip: 192.168.157.230, host: pr-hdds-2159-7gjv7-4246597483, networkLocation: /default-rack, certSerialId: null}, Type:RATIS, Factor:ONE, State:CLOSED] moved to CLOSED state
2019-09-20 20:58:53,164 [EventQueue-StaleNodeForStaleNodeHandler] INFO  pipeline.SCMPipelineManager (SCMPipelineManager.java:finalizeAndDestroyPipeline(311)) - destroying pipeline:Pipeline[ Id: 0ecca5f1-ef0e-4bd5-aa28-4c9439252add, Nodes: 749bb073-67b9-4e0b-a5ea-b5343d76f657{ip: 192.168.157.230, host: pr-hdds-2159-7gjv7-4246597483, networkLocation: /default-rack, certSerialId: null}9dabc3d6-6bd9-4ca2-9d63-753c6cd15dc2{ip: 192.168.157.230, host: pr-hdds-2159-7gjv7-4246597483, networkLocation: /default-rack, certSerialId: null}2d4b4d8d-b6d2-468b-8b93-ef1832d4951b{ip: 192.168.157.230, host: pr-hdds-2159-7gjv7-4246597483, networkLocation: /default-rack, certSerialId: null}, Type:RATIS, Factor:THREE, State:OPEN]
2019-09-20 20:58:53,164 [EventQueue-StaleNodeForStaleNodeHandler] INFO  pipeline.PipelineStateManager (PipelineStateManager.java:finalizePipeline(123)) - Pipeline Pipeline[ Id: 0ecca5f1-ef0e-4bd5-aa28-4c9439252add, Nodes: 749bb073-67b9-4e0b-a5ea-b5343d76f657{ip: 192.168.157.230, host: pr-hdds-2159-7gjv7-4246597483, networkLocation: /default-rack, certSerialId: null}9dabc3d6-6bd9-4ca2-9d63-753c6cd15dc2{ip: 192.168.157.230, host: pr-hdds-2159-7gjv7-4246597483, networkLocation: /default-rack, certSerialId: null}2d4b4d8d-b6d2-468b-8b93-ef1832d4951b{ip: 192.168.157.230, host: pr-hdds-2159-7gjv7-4246597483, networkLocation: /default-rack, certSerialId: null}, Type:RATIS, Factor:THREE, State:CLOSED] moved to CLOSED state
2019-09-20 20:58:53,165 [EventQueue-CloseContainerForCloseContainerEventHandler] INFO  container.CloseContainerEventHandler (CloseContainerEventHandler.java:onMessage(61)) - Close container Event triggered for container : #1
2019-09-20 20:58:53,347 [main] INFO  ozoneimpl.OzoneContainer (OzoneContainer.java:stop(231)) - Attempting to stop container services.
2019-09-20 20:58:53,351 [main] INFO  impl.RaftServerProxy (RaftServerProxy.java:lambda$close$4(314)) - 749bb073-67b9-4e0b-a5ea-b5343d76f657: close
2019-09-20 20:58:53,352 [main] INFO  impl.RaftServerImpl (RaftServerImpl.java:lambda$shutdown$3(251)) - 749bb073-67b9-4e0b-a5ea-b5343d76f657@group-8793D311770A: shutdown
2019-09-20 20:58:53,353 [main] INFO  util.JmxRegister (JmxRegister.java:unregister(73)) - Successfully un-registered JMX Bean with object name Ratis:service=RaftServer,group=group-8793D311770A,id=749bb073-67b9-4e0b-a5ea-b5343d76f657
2019-09-20 20:58:53,353 [main] INFO  impl.RoleInfo (RoleInfo.java:shutdownLeaderState(104)) - 749bb073-67b9-4e0b-a5ea-b5343d76f657: shutdown LeaderState
2019-09-20 20:58:53,353 [main] INFO  impl.PendingRequests (PendingRequests.java:sendNotLeaderResponses(202)) - 749bb073-67b9-4e0b-a5ea-b5343d76f657-PendingRequests: sendNotLeaderResponses
2019-09-20 20:58:53,354 [main] INFO  impl.StateMachineUpdater (StateMachineUpdater.java:stopAndJoin(125)) - 749bb073-67b9-4e0b-a5ea-b5343d76f657@group-8793D311770A-StateMachineUpdater: set stopIndex = 0
2019-09-20 20:58:53,355 [main] INFO  impl.RaftServerImpl (ServerState.java:close(385)) - 749bb073-67b9-4e0b-a5ea-b5343d76f657@group-8793D311770A: closes. applyIndex: 0
2019-09-20 20:58:53,355 [749bb073-67b9-4e0b-a5ea-b5343d76f657@group-8793D311770A-SegmentedRaftLogWorker] INFO  segmented.SegmentedRaftLogWorker (SegmentedRaftLogWorker.java:run(313)) - 749bb073-67b9-4e0b-a5ea-b5343d76f657@group-8793D311770A-SegmentedRaftLogWorker was interrupted, exiting. There are 0 tasks remaining in the queue.
2019-09-20 20:58:53,359 [main] INFO  segmented.SegmentedRaftLogWorker (SegmentedRaftLogWorker.java:close(228)) - 749bb073-67b9-4e0b-a5ea-b5343d76f657@group-8793D311770A-SegmentedRaftLogWorker close()
2019-09-20 20:58:53,364 [main] INFO  impl.RaftServerImpl (RaftServerImpl.java:lambda$shutdown$3(251)) - 749bb073-67b9-4e0b-a5ea-b5343d76f657@group-4C9439252ADD: shutdown
2019-09-20 20:58:53,365 [main] INFO  util.JmxRegister (JmxRegister.java:unregister(73)) - Successfully un-registered JMX Bean with object name Ratis:service=RaftServer,group=group-4C9439252ADD,id=749bb073-67b9-4e0b-a5ea-b5343d76f657
2019-09-20 20:58:53,365 [main] INFO  impl.RoleInfo (RoleInfo.java:shutdownLeaderState(104)) - 749bb073-67b9-4e0b-a5ea-b5343d76f657: shutdown LeaderState
2019-09-20 20:58:53,371 [main] INFO  impl.PendingRequests (PendingRequests.java:sendNotLeaderResponses(202)) - 749bb073-67b9-4e0b-a5ea-b5343d76f657-PendingRequests: sendNotLeaderResponses
2019-09-20 20:58:53,371 [org.apache.ratis.server.impl.LogAppender$AppenderDaemon$$Lambda$489/1467131532@1011801] WARN  server.GrpcLogAppender (GrpcLogAppender.java:mayWait(143)) - 749bb073-67b9-4e0b-a5ea-b5343d76f657@group-4C9439252ADD->9dabc3d6-6bd9-4ca2-9d63-753c6cd15dc2-GrpcLogAppender: Wait interrupted by java.lang.InterruptedException
2019-09-20 20:58:53,371 [org.apache.ratis.server.impl.LogAppender$AppenderDaemon$$Lambda$489/1467131532@56c332e0] WARN  server.GrpcLogAppender (GrpcLogAppender.java:mayWait(143)) - 749bb073-67b9-4e0b-a5ea-b5343d76f657@group-4C9439252ADD->2d4b4d8d-b6d2-468b-8b93-ef1832d4951b-GrpcLogAppender: Wait interrupted by java.lang.InterruptedException
2019-09-20 20:58:53,379 [main] INFO  impl.StateMachineUpdater (StateMachineUpdater.java:stopAndJoin(125)) - 749bb073-67b9-4e0b-a5ea-b5343d76f657@group-4C9439252ADD-StateMachineUpdater: set stopIndex = 14
2019-09-20 20:58:53,379 [grpc-default-executor-3] INFO  server.GrpcServerProtocolService (GrpcServerProtocolService.java:onCompleted(113)) - 9dabc3d6-6bd9-4ca2-9d63-753c6cd15dc2: Completed APPEND_ENTRIES, lastRequest: 749bb073-67b9-4e0b-a5ea-b5343d76f657->9dabc3d6-6bd9-4ca2-9d63-753c6cd15dc2#17-t1, previous=(t:1, i:14), leaderCommit=14, initializing? false, entries: <empty>
2019-09-20 20:58:53,380 [grpc-default-executor-3] INFO  server.GrpcLogAppender (GrpcLogAppender.java:onCompleted(293)) - 749bb073-67b9-4e0b-a5ea-b5343d76f657@group-4C9439252ADD->9dabc3d6-6bd9-4ca2-9d63-753c6cd15dc2-AppendLogResponseHandler: follower responses appendEntries COMPLETED
2019-09-20 20:58:53,381 [grpc-default-executor-3] INFO  impl.FollowerInfo (FollowerInfo.java:lambda$new$0(51)) - 749bb073-67b9-4e0b-a5ea-b5343d76f657@group-4C9439252ADD->9dabc3d6-6bd9-4ca2-9d63-753c6cd15dc2: nextIndex: updateUnconditionally 15 -> 14
2019-09-20 20:58:53,379 [grpc-default-executor-5] INFO  server.GrpcServerProtocolService (GrpcServerProtocolService.java:onCompleted(113)) - 2d4b4d8d-b6d2-468b-8b93-ef1832d4951b: Completed APPEND_ENTRIES, lastRequest: 749bb073-67b9-4e0b-a5ea-b5343d76f657->2d4b4d8d-b6d2-468b-8b93-ef1832d4951b#17-t1, previous=(t:1, i:14), leaderCommit=14, initializing? false, entries: <empty>
2019-09-20 20:58:53,379 [749bb073-67b9-4e0b-a5ea-b5343d76f657@group-4C9439252ADD-StateMachineUpdater] INFO  ratis.ContainerStateMachine (ContainerStateMachine.java:takeSnapshot(289)) - group-4C9439252ADD: Taking a snapshot at:(t:1, i:12) file /workdir/hadoop-ozone/integration-test/target/test-dir/MiniOzoneClusterImpl-9716d3f7-240c-4861-9957-7330e711a072/datanode-2/data/ratis/0ecca5f1-ef0e-4bd5-aa28-4c9439252add/sm/snapshot.1_12
2019-09-20 20:58:53,382 [grpc-default-executor-5] INFO  server.GrpcLogAppender (GrpcLogAppender.java:onCompleted(293)) - 749bb073-67b9-4e0b-a5ea-b5343d76f657@group-4C9439252ADD->2d4b4d8d-b6d2-468b-8b93-ef1832d4951b-AppendLogResponseHandler: follower responses appendEntries COMPLETED
2019-09-20 20:58:53,382 [grpc-default-executor-5] INFO  impl.FollowerInfo (FollowerInfo.java:lambda$new$0(51)) - 749bb073-67b9-4e0b-a5ea-b5343d76f657@group-4C9439252ADD->2d4b4d8d-b6d2-468b-8b93-ef1832d4951b: nextIndex: updateUnconditionally 15 -> 14
2019-09-20 20:58:53,394 [749bb073-67b9-4e0b-a5ea-b5343d76f657@group-4C9439252ADD-StateMachineUpdater] INFO  ratis.ContainerStateMachine (ContainerStateMachine.java:takeSnapshot(300)) - group-4C9439252ADD: Finished taking a snapshot at:(t:1, i:12) file:/workdir/hadoop-ozone/integration-test/target/test-dir/MiniOzoneClusterImpl-9716d3f7-240c-4861-9957-7330e711a072/datanode-2/data/ratis/0ecca5f1-ef0e-4bd5-aa28-4c9439252add/sm/snapshot.1_12 time:15
2019-09-20 20:58:53,394 [749bb073-67b9-4e0b-a5ea-b5343d76f657@group-4C9439252ADD-StateMachineUpdater] INFO  impl.StateMachineUpdater (StateMachineUpdater.java:takeSnapshot(258)) - 749bb073-67b9-4e0b-a5ea-b5343d76f657@group-4C9439252ADD-StateMachineUpdater: Took a snapshot at index 12
2019-09-20 20:58:53,394 [749bb073-67b9-4e0b-a5ea-b5343d76f657@group-4C9439252ADD-StateMachineUpdater] INFO  impl.StateMachineUpdater (StateMachineUpdater.java:lambda$new$0(83)) - 749bb073-67b9-4e0b-a5ea-b5343d76f657@group-4C9439252ADD-StateMachineUpdater: snapshotIndex: updateIncreasingly -1 -> 12
2019-09-20 20:58:53,395 [749bb073-67b9-4e0b-a5ea-b5343d76f657@group-4C9439252ADD-StateMachineUpdater] INFO  ratis.ContainerStateMachine (ContainerStateMachine.java:takeSnapshot(289)) - group-4C9439252ADD: Taking a snapshot at:(t:1, i:12) file /workdir/hadoop-ozone/integration-test/target/test-dir/MiniOzoneClusterImpl-9716d3f7-240c-4861-9957-7330e711a072/datanode-2/data/ratis/0ecca5f1-ef0e-4bd5-aa28-4c9439252add/sm/snapshot.1_12
2019-09-20 20:58:53,407 [749bb073-67b9-4e0b-a5ea-b5343d76f657@group-4C9439252ADD-StateMachineUpdater] INFO  ratis.ContainerStateMachine (ContainerStateMachine.java:takeSnapshot(300)) - group-4C9439252ADD: Finished taking a snapshot at:(t:1, i:12) file:/workdir/hadoop-ozone/integration-test/target/test-dir/MiniOzoneClusterImpl-9716d3f7-240c-4861-9957-7330e711a072/datanode-2/data/ratis/0ecca5f1-ef0e-4bd5-aa28-4c9439252add/sm/snapshot.1_12 time:12
2019-09-20 20:58:53,407 [749bb073-67b9-4e0b-a5ea-b5343d76f657@group-4C9439252ADD-StateMachineUpdater] INFO  impl.StateMachineUpdater (StateMachineUpdater.java:takeSnapshot(258)) - 749bb073-67b9-4e0b-a5ea-b5343d76f657@group-4C9439252ADD-StateMachineUpdater: Took a snapshot at index 12
2019-09-20 20:58:53,407 [749bb073-67b9-4e0b-a5ea-b5343d76f657@group-4C9439252ADD-StateMachineUpdater] INFO  impl.StateMachineUpdater (StateMachineUpdater.java:lambda$new$0(83)) - 749bb073-67b9-4e0b-a5ea-b5343d76f657@group-4C9439252ADD-StateMachineUpdater: snapshotIndex: updateIncreasingly 12 -> 12
2019-09-20 20:58:53,407 [main] INFO  impl.RaftServerImpl (ServerState.java:close(385)) - 749bb073-67b9-4e0b-a5ea-b5343d76f657@group-4C9439252ADD: closes. applyIndex: 14
2019-09-20 20:58:53,408 [749bb073-67b9-4e0b-a5ea-b5343d76f657@group-4C9439252ADD-SegmentedRaftLogWorker] INFO  segmented.SegmentedRaftLogWorker (SegmentedRaftLogWorker.java:run(313)) - 749bb073-67b9-4e0b-a5ea-b5343d76f657@group-4C9439252ADD-SegmentedRaftLogWorker was interrupted, exiting. There are 0 tasks remaining in the queue.
2019-09-20 20:58:53,410 [main] INFO  segmented.SegmentedRaftLogWorker (SegmentedRaftLogWorker.java:close(228)) - 749bb073-67b9-4e0b-a5ea-b5343d76f657@group-4C9439252ADD-SegmentedRaftLogWorker close()
2019-09-20 20:58:53,415 [main] INFO  server.GrpcService (GrpcService.java:closeImpl(164)) - 749bb073-67b9-4e0b-a5ea-b5343d76f657: shutdown server with port 44906 now
2019-09-20 20:58:53,415 [grpc-default-executor-3] WARN  client.GrpcClientProtocolService (LogUtils.java:warn(134)) - 3-UnorderedRequestStreamObserver3: onError: org.apache.ratis.thirdparty.io.grpc.StatusRuntimeException: CANCELLED: cancelled before receiving half close
2019-09-20 20:58:53,416 [main] INFO  server.GrpcService (GrpcService.java:closeImpl(172)) - 749bb073-67b9-4e0b-a5ea-b5343d76f657: shutdown server with port 44906 successfully
2019-09-20 20:58:53,421 [refreshUsed-/workdir/hadoop-ozone/integration-test/target/test-dir/MiniOzoneClusterImpl-9716d3f7-240c-4861-9957-7330e711a072/datanode-2/data/containers] WARN  fs.CachingGetSpaceUsed (CachingGetSpaceUsed.java:run(183)) - Thread Interrupted waiting to refresh disk information: sleep interrupted
2019-09-20 20:58:53,444 [main] INFO  utils.BackgroundService (BackgroundService.java:shutdown(148)) - Shutting down service BlockDeletingService
2019-09-20 20:58:53,451 [main] INFO  statemachine.DatanodeStateMachine (DatanodeStateMachine.java:stopDaemon(395)) - Ozone container server stopped.
2019-09-20 20:58:53,454 [main] INFO  handler.ContextHandler (ContextHandler.java:doStop(910)) - Stopped o.e.j.w.WebAppContext@e3899fd{/,null,UNAVAILABLE}{/hddsDatanode}
2019-09-20 20:58:53,456 [main] INFO  server.AbstractConnector (AbstractConnector.java:doStop(318)) - Stopped ServerConnector@7d484fcd{HTTP/1.1,[http/1.1]}{0.0.0.0:0}
2019-09-20 20:58:53,456 [main] INFO  handler.ContextHandler (ContextHandler.java:doStop(910)) - Stopped o.e.j.s.ServletContextHandler@79ca7bea{/static,jar:file:/home/user/.m2/repository/org/apache/hadoop/hadoop-hdds-container-service/0.5.0-SNAPSHOT/hadoop-hdds-container-service-0.5.0-SNAPSHOT.jar!/webapps/static,UNAVAILABLE}
2019-09-20 20:58:53,457 [main] INFO  handler.ContextHandler (ContextHandler.java:doStop(910)) - Stopped o.e.j.s.ServletContextHandler@2017f6e6{/logs,file:///workdir/hadoop-ozone/integration-test/target/log,UNAVAILABLE}
2019-09-20 20:58:55,467 [grpc-default-executor-5] INFO  client.GrpcClientProtocolClient (GrpcClientProtocolClient.java:onNext(264)) - client-5246E8BB6237->2d4b4d8d-b6d2-468b-8b93-ef1832d4951b: receive RaftClientReply:client-5246E8BB6237->2d4b4d8d-b6d2-468b-8b93-ef1832d4951b@group-4C9439252ADD, cid=184, FAILED org.apache.ratis.protocol.NotLeaderException: Server 2d4b4d8d-b6d2-468b-8b93-ef1832d4951b@group-4C9439252ADD is not the leader 749bb073-67b9-4e0b-a5ea-b5343d76f657:192.168.157.230:44906, logIndex=0, commits[2d4b4d8d-b6d2-468b-8b93-ef1832d4951b:c14, 9dabc3d6-6bd9-4ca2-9d63-753c6cd15dc2:c14, 749bb073-67b9-4e0b-a5ea-b5343d76f657:c14]
2019-09-20 20:58:56,488 [grpc-default-executor-9] INFO  client.GrpcClientProtocolClient (GrpcClientProtocolClient.java:onNext(264)) - client-5246E8BB6237->2d4b4d8d-b6d2-468b-8b93-ef1832d4951b: receive RaftClientReply:client-5246E8BB6237->2d4b4d8d-b6d2-468b-8b93-ef1832d4951b@group-4C9439252ADD, cid=184, FAILED org.apache.ratis.protocol.NotLeaderException: Server 2d4b4d8d-b6d2-468b-8b93-ef1832d4951b@group-4C9439252ADD is not the leader 749bb073-67b9-4e0b-a5ea-b5343d76f657:192.168.157.230:44906, logIndex=0, commits[2d4b4d8d-b6d2-468b-8b93-ef1832d4951b:c14, 9dabc3d6-6bd9-4ca2-9d63-753c6cd15dc2:c14, 749bb073-67b9-4e0b-a5ea-b5343d76f657:c14]
2019-09-20 20:58:57,503 [grpc-default-executor-8] INFO  client.GrpcClientProtocolClient (GrpcClientProtocolClient.java:onNext(264)) - client-5246E8BB6237->2d4b4d8d-b6d2-468b-8b93-ef1832d4951b: receive RaftClientReply:client-5246E8BB6237->2d4b4d8d-b6d2-468b-8b93-ef1832d4951b@group-4C9439252ADD, cid=184, FAILED org.apache.ratis.protocol.NotLeaderException: Server 2d4b4d8d-b6d2-468b-8b93-ef1832d4951b@group-4C9439252ADD is not the leader 749bb073-67b9-4e0b-a5ea-b5343d76f657:192.168.157.230:44906, logIndex=0, commits[2d4b4d8d-b6d2-468b-8b93-ef1832d4951b:c14, 9dabc3d6-6bd9-4ca2-9d63-753c6cd15dc2:c14, 749bb073-67b9-4e0b-a5ea-b5343d76f657:c14]
2019-09-20 20:58:58,529 [grpc-default-executor-8] INFO  client.GrpcClientProtocolClient (GrpcClientProtocolClient.java:onNext(264)) - client-5246E8BB6237->2d4b4d8d-b6d2-468b-8b93-ef1832d4951b: receive RaftClientReply:client-5246E8BB6237->2d4b4d8d-b6d2-468b-8b93-ef1832d4951b@group-4C9439252ADD, cid=184, FAILED org.apache.ratis.protocol.NotLeaderException: Server 2d4b4d8d-b6d2-468b-8b93-ef1832d4951b@group-4C9439252ADD is not the leader 749bb073-67b9-4e0b-a5ea-b5343d76f657:192.168.157.230:44906, logIndex=0, commits[2d4b4d8d-b6d2-468b-8b93-ef1832d4951b:c14, 9dabc3d6-6bd9-4ca2-9d63-753c6cd15dc2:c14, 749bb073-67b9-4e0b-a5ea-b5343d76f657:c14]
2019-09-20 20:58:59,544 [grpc-default-executor-5] INFO  client.GrpcClientProtocolClient (GrpcClientProtocolClient.java:onNext(264)) - client-5246E8BB6237->2d4b4d8d-b6d2-468b-8b93-ef1832d4951b: receive RaftClientReply:client-5246E8BB6237->2d4b4d8d-b6d2-468b-8b93-ef1832d4951b@group-4C9439252ADD, cid=184, FAILED org.apache.ratis.protocol.NotLeaderException: Server 2d4b4d8d-b6d2-468b-8b93-ef1832d4951b@group-4C9439252ADD is not the leader 749bb073-67b9-4e0b-a5ea-b5343d76f657:192.168.157.230:44906, logIndex=0, commits[2d4b4d8d-b6d2-468b-8b93-ef1832d4951b:c14, 9dabc3d6-6bd9-4ca2-9d63-753c6cd15dc2:c14, 749bb073-67b9-4e0b-a5ea-b5343d76f657:c14]
2019-09-20 20:59:00,568 [grpc-default-executor-8] INFO  client.GrpcClientProtocolClient (GrpcClientProtocolClient.java:onNext(264)) - client-5246E8BB6237->9dabc3d6-6bd9-4ca2-9d63-753c6cd15dc2: receive RaftClientReply:client-5246E8BB6237->9dabc3d6-6bd9-4ca2-9d63-753c6cd15dc2@group-4C9439252ADD, cid=184, FAILED org.apache.ratis.protocol.NotLeaderException: Server 9dabc3d6-6bd9-4ca2-9d63-753c6cd15dc2@group-4C9439252ADD is not the leader 749bb073-67b9-4e0b-a5ea-b5343d76f657:192.168.157.230:44906, logIndex=0, commits[9dabc3d6-6bd9-4ca2-9d63-753c6cd15dc2:c14, 2d4b4d8d-b6d2-468b-8b93-ef1832d4951b:c14, 749bb073-67b9-4e0b-a5ea-b5343d76f657:c14]
2019-09-20 20:59:01,596 [grpc-default-executor-9] INFO  client.GrpcClientProtocolClient (GrpcClientProtocolClient.java:onNext(264)) - client-5246E8BB6237->2d4b4d8d-b6d2-468b-8b93-ef1832d4951b: receive RaftClientReply:client-5246E8BB6237->2d4b4d8d-b6d2-468b-8b93-ef1832d4951b@group-4C9439252ADD, cid=184, FAILED org.apache.ratis.protocol.NotLeaderException: Server 2d4b4d8d-b6d2-468b-8b93-ef1832d4951b@group-4C9439252ADD is not the leader 749bb073-67b9-4e0b-a5ea-b5343d76f657:192.168.157.230:44906, logIndex=0, commits[2d4b4d8d-b6d2-468b-8b93-ef1832d4951b:c14, 9dabc3d6-6bd9-4ca2-9d63-753c6cd15dc2:c14, 749bb073-67b9-4e0b-a5ea-b5343d76f657:c14]
2019-09-20 20:59:02,618 [grpc-default-executor-9] INFO  client.GrpcClientProtocolClient (GrpcClientProtocolClient.java:onNext(264)) - client-5246E8BB6237->9dabc3d6-6bd9-4ca2-9d63-753c6cd15dc2: receive RaftClientReply:client-5246E8BB6237->9dabc3d6-6bd9-4ca2-9d63-753c6cd15dc2@group-4C9439252ADD, cid=184, FAILED org.apache.ratis.protocol.NotLeaderException: Server 9dabc3d6-6bd9-4ca2-9d63-753c6cd15dc2@group-4C9439252ADD is not the leader 749bb073-67b9-4e0b-a5ea-b5343d76f657:192.168.157.230:44906, logIndex=0, commits[9dabc3d6-6bd9-4ca2-9d63-753c6cd15dc2:c14, 2d4b4d8d-b6d2-468b-8b93-ef1832d4951b:c14, 749bb073-67b9-4e0b-a5ea-b5343d76f657:c14]
2019-09-20 20:59:02,871 [Thread-2939] INFO  impl.FollowerState (FollowerState.java:run(106)) - 9dabc3d6-6bd9-4ca2-9d63-753c6cd15dc2:group-4C9439252ADD changes to CANDIDATE, lastRpcTime:9509, electionTimeout:5078ms
2019-09-20 20:59:02,874 [Thread-2939] INFO  impl.RoleInfo (RoleInfo.java:shutdownFollowerState(121)) - 9dabc3d6-6bd9-4ca2-9d63-753c6cd15dc2: shutdown FollowerState
2019-09-20 20:59:02,875 [Thread-2939] INFO  impl.RaftServerImpl (RaftServerImpl.java:setRole(174)) - 9dabc3d6-6bd9-4ca2-9d63-753c6cd15dc2@group-4C9439252ADD: changes role from  FOLLOWER to CANDIDATE at term 1 for changeToCandidate
2019-09-20 20:59:02,875 [Thread-2939] INFO  impl.RoleInfo (RoleInfo.java:updateAndGet(143)) - 9dabc3d6-6bd9-4ca2-9d63-753c6cd15dc2: start LeaderElection
2019-09-20 20:59:02,878 [9dabc3d6-6bd9-4ca2-9d63-753c6cd15dc2@group-4C9439252ADD:LeaderElection61] INFO  impl.RaftServerImpl (ServerState.java:setLeader(253)) - 9dabc3d6-6bd9-4ca2-9d63-753c6cd15dc2@group-4C9439252ADD: change Leader from 749bb073-67b9-4e0b-a5ea-b5343d76f657 to null at term 1 for initElection
2019-09-20 20:59:02,895 [9dabc3d6-6bd9-4ca2-9d63-753c6cd15dc2@group-4C9439252ADD:LeaderElection61] INFO  impl.LeaderElection (LeaderElection.java:askForVotes(182)) - 9dabc3d6-6bd9-4ca2-9d63-753c6cd15dc2@group-4C9439252ADD:LeaderElection61: begin an election at term 2 for 0: [2d4b4d8d-b6d2-468b-8b93-ef1832d4951b:192.168.157.230:35072, 9dabc3d6-6bd9-4ca2-9d63-753c6cd15dc2:192.168.157.230:43214, 749bb073-67b9-4e0b-a5ea-b5343d76f657:192.168.157.230:44906], old=null
2019-09-20 20:59:02,895 [Thread-2930] INFO  impl.FollowerState (FollowerState.java:run(106)) - 2d4b4d8d-b6d2-468b-8b93-ef1832d4951b:group-4C9439252ADD changes to CANDIDATE, lastRpcTime:9530, electionTimeout:5019ms
2019-09-20 20:59:02,896 [Thread-2930] INFO  impl.RoleInfo (RoleInfo.java:shutdownFollowerState(121)) - 2d4b4d8d-b6d2-468b-8b93-ef1832d4951b: shutdown FollowerState
2019-09-20 20:59:02,897 [Thread-2930] INFO  impl.RaftServerImpl (RaftServerImpl.java:setRole(174)) - 2d4b4d8d-b6d2-468b-8b93-ef1832d4951b@group-4C9439252ADD: changes role from  FOLLOWER to CANDIDATE at term 1 for changeToCandidate
2019-09-20 20:59:02,897 [Thread-2930] INFO  impl.RoleInfo (RoleInfo.java:updateAndGet(143)) - 2d4b4d8d-b6d2-468b-8b93-ef1832d4951b: start LeaderElection
2019-09-20 20:59:02,900 [2d4b4d8d-b6d2-468b-8b93-ef1832d4951b@group-4C9439252ADD:LeaderElection62] INFO  impl.RaftServerImpl (ServerState.java:setLeader(253)) - 2d4b4d8d-b6d2-468b-8b93-ef1832d4951b@group-4C9439252ADD: change Leader from 749bb073-67b9-4e0b-a5ea-b5343d76f657 to null at term 1 for initElection
2019-09-20 20:59:02,901 [9dabc3d6-6bd9-4ca2-9d63-753c6cd15dc2@group-4C9439252ADD:LeaderElection61] INFO  impl.LeaderElection (LogUtils.java:infoOrTrace(149)) - 9dabc3d6-6bd9-4ca2-9d63-753c6cd15dc2@group-4C9439252ADD:LeaderElection61 got exception when requesting votes: {}
java.util.concurrent.ExecutionException: org.apache.ratis.thirdparty.io.grpc.StatusRuntimeException: UNAVAILABLE: io exception
	at java.util.concurrent.FutureTask.report(FutureTask.java:122)
	at java.util.concurrent.FutureTask.get(FutureTask.java:192)
	at org.apache.ratis.server.impl.LeaderElection.waitForResults(LeaderElection.java:263)
	at org.apache.ratis.server.impl.LeaderElection.askForVotes(LeaderElection.java:201)
	at org.apache.ratis.server.impl.LeaderElection.run(LeaderElection.java:133)
	at java.lang.Thread.run(Thread.java:748)
Caused by: org.apache.ratis.thirdparty.io.grpc.StatusRuntimeException: UNAVAILABLE: io exception
	at org.apache.ratis.thirdparty.io.grpc.stub.ClientCalls.toStatusRuntimeException(ClientCalls.java:233)
	at org.apache.ratis.thirdparty.io.grpc.stub.ClientCalls.getUnchecked(ClientCalls.java:214)
	at org.apache.ratis.thirdparty.io.grpc.stub.ClientCalls.blockingUnaryCall(ClientCalls.java:139)
	at org.apache.ratis.proto.grpc.RaftServerProtocolServiceGrpc$RaftServerProtocolServiceBlockingStub.requestVote(RaftServerProtocolServiceGrpc.java:265)
	at org.apache.ratis.grpc.server.GrpcServerProtocolClient.requestVote(GrpcServerProtocolClient.java:90)
	at org.apache.ratis.grpc.server.GrpcService.requestVote(GrpcService.java:204)
	at org.apache.ratis.server.impl.LeaderElection.lambda$submitRequests$1(LeaderElection.java:238)
	at java.util.concurrent.FutureTask.run(FutureTask.java:266)
	at java.util.concurrent.Executors$RunnableAdapter.call(Executors.java:511)
	at java.util.concurrent.FutureTask.run(FutureTask.java:266)
	at java.util.concurrent.ThreadPoolExecutor.runWorker(ThreadPoolExecutor.java:1149)
	at java.util.concurrent.ThreadPoolExecutor$Worker.run(ThreadPoolExecutor.java:624)
	... 1 more
Caused by: org.apache.ratis.thirdparty.io.netty.channel.AbstractChannel$AnnotatedConnectException: Connection refused: /192.168.157.230:44906
	at sun.nio.ch.SocketChannelImpl.checkConnect(Native Method)
	at sun.nio.ch.SocketChannelImpl.finishConnect(SocketChannelImpl.java:717)
	at org.apache.ratis.thirdparty.io.netty.channel.socket.nio.NioSocketChannel.doFinishConnect(NioSocketChannel.java:327)
	at org.apache.ratis.thirdparty.io.netty.channel.nio.AbstractNioChannel$AbstractNioUnsafe.finishConnect(AbstractNioChannel.java:340)
	at org.apache.ratis.thirdparty.io.netty.channel.nio.NioEventLoop.processSelectedKey(NioEventLoop.java:632)
	at org.apache.ratis.thirdparty.io.netty.channel.nio.NioEventLoop.processSelectedKeysOptimized(NioEventLoop.java:579)
	at org.apache.ratis.thirdparty.io.netty.channel.nio.NioEventLoop.processSelectedKeys(NioEventLoop.java:496)
	at org.apache.ratis.thirdparty.io.netty.channel.nio.NioEventLoop.run(NioEventLoop.java:458)
	at org.apache.ratis.thirdparty.io.netty.util.concurrent.SingleThreadEventExecutor$5.run(SingleThreadEventExecutor.java:897)
	at org.apache.ratis.thirdparty.io.netty.util.concurrent.FastThreadLocalRunnable.run(FastThreadLocalRunnable.java:30)
	... 1 more
Caused by: java.net.ConnectException: Connection refused
	... 11 more
2019-09-20 20:59:02,918 [2d4b4d8d-b6d2-468b-8b93-ef1832d4951b@group-4C9439252ADD:LeaderElection62] INFO  impl.LeaderElection (LeaderElection.java:askForVotes(182)) - 2d4b4d8d-b6d2-468b-8b93-ef1832d4951b@group-4C9439252ADD:LeaderElection62: begin an election at term 2 for 0: [2d4b4d8d-b6d2-468b-8b93-ef1832d4951b:192.168.157.230:35072, 9dabc3d6-6bd9-4ca2-9d63-753c6cd15dc2:192.168.157.230:43214, 749bb073-67b9-4e0b-a5ea-b5343d76f657:192.168.157.230:44906], old=null
2019-09-20 20:59:02,920 [9dabc3d6-6bd9-4ca2-9d63-753c6cd15dc2@group-4C9439252ADD:LeaderElection61] INFO  impl.LeaderElection (LeaderElection.java:logAndReturn(56)) - 9dabc3d6-6bd9-4ca2-9d63-753c6cd15dc2@group-4C9439252ADD:LeaderElection61: Election REJECTED; received 1 response(s) [9dabc3d6-6bd9-4ca2-9d63-753c6cd15dc2<-2d4b4d8d-b6d2-468b-8b93-ef1832d4951b#0:FAIL-t2] and 1 exception(s); 9dabc3d6-6bd9-4ca2-9d63-753c6cd15dc2@group-4C9439252ADD:t2, leader=null, voted=9dabc3d6-6bd9-4ca2-9d63-753c6cd15dc2, raftlog=9dabc3d6-6bd9-4ca2-9d63-753c6cd15dc2@group-4C9439252ADD-SegmentedRaftLog:OPENED:c14,f14,i14, conf=0: [2d4b4d8d-b6d2-468b-8b93-ef1832d4951b:192.168.157.230:35072, 9dabc3d6-6bd9-4ca2-9d63-753c6cd15dc2:192.168.157.230:43214, 749bb073-67b9-4e0b-a5ea-b5343d76f657:192.168.157.230:44906], old=null
2019-09-20 20:59:02,920 [9dabc3d6-6bd9-4ca2-9d63-753c6cd15dc2@group-4C9439252ADD:LeaderElection61] INFO  impl.LeaderElection (LogUtils.java:infoOrTrace(149)) -   Exception 0: {}
java.util.concurrent.ExecutionException: org.apache.ratis.thirdparty.io.grpc.StatusRuntimeException: UNAVAILABLE: io exception
	at java.util.concurrent.FutureTask.report(FutureTask.java:122)
	at java.util.concurrent.FutureTask.get(FutureTask.java:192)
	at org.apache.ratis.server.impl.LeaderElection.waitForResults(LeaderElection.java:263)
	at org.apache.ratis.server.impl.LeaderElection.askForVotes(LeaderElection.java:201)
	at org.apache.ratis.server.impl.LeaderElection.run(LeaderElection.java:133)
	at java.lang.Thread.run(Thread.java:748)
Caused by: org.apache.ratis.thirdparty.io.grpc.StatusRuntimeException: UNAVAILABLE: io exception
	at org.apache.ratis.thirdparty.io.grpc.stub.ClientCalls.toStatusRuntimeException(ClientCalls.java:233)
	at org.apache.ratis.thirdparty.io.grpc.stub.ClientCalls.getUnchecked(ClientCalls.java:214)
	at org.apache.ratis.thirdparty.io.grpc.stub.ClientCalls.blockingUnaryCall(ClientCalls.java:139)
	at org.apache.ratis.proto.grpc.RaftServerProtocolServiceGrpc$RaftServerProtocolServiceBlockingStub.requestVote(RaftServerProtocolServiceGrpc.java:265)
	at org.apache.ratis.grpc.server.GrpcServerProtocolClient.requestVote(GrpcServerProtocolClient.java:90)
	at org.apache.ratis.grpc.server.GrpcService.requestVote(GrpcService.java:204)
	at org.apache.ratis.server.impl.LeaderElection.lambda$submitRequests$1(LeaderElection.java:238)
	at java.util.concurrent.FutureTask.run(FutureTask.java:266)
	at java.util.concurrent.Executors$RunnableAdapter.call(Executors.java:511)
	at java.util.concurrent.FutureTask.run(FutureTask.java:266)
	at java.util.concurrent.ThreadPoolExecutor.runWorker(ThreadPoolExecutor.java:1149)
	at java.util.concurrent.ThreadPoolExecutor$Worker.run(ThreadPoolExecutor.java:624)
	... 1 more
Caused by: org.apache.ratis.thirdparty.io.netty.channel.AbstractChannel$AnnotatedConnectException: Connection refused: /192.168.157.230:44906
	at sun.nio.ch.SocketChannelImpl.checkConnect(Native Method)
	at sun.nio.ch.SocketChannelImpl.finishConnect(SocketChannelImpl.java:717)
	at org.apache.ratis.thirdparty.io.netty.channel.socket.nio.NioSocketChannel.doFinishConnect(NioSocketChannel.java:327)
	at org.apache.ratis.thirdparty.io.netty.channel.nio.AbstractNioChannel$AbstractNioUnsafe.finishConnect(AbstractNioChannel.java:340)
	at org.apache.ratis.thirdparty.io.netty.channel.nio.NioEventLoop.processSelectedKey(NioEventLoop.java:632)
	at org.apache.ratis.thirdparty.io.netty.channel.nio.NioEventLoop.processSelectedKeysOptimized(NioEventLoop.java:579)
	at org.apache.ratis.thirdparty.io.netty.channel.nio.NioEventLoop.processSelectedKeys(NioEventLoop.java:496)
	at org.apache.ratis.thirdparty.io.netty.channel.nio.NioEventLoop.run(NioEventLoop.java:458)
	at org.apache.ratis.thirdparty.io.netty.util.concurrent.SingleThreadEventExecutor$5.run(SingleThreadEventExecutor.java:897)
	at org.apache.ratis.thirdparty.io.netty.util.concurrent.FastThreadLocalRunnable.run(FastThreadLocalRunnable.java:30)
	... 1 more
Caused by: java.net.ConnectException: Connection refused
	... 11 more
2019-09-20 20:59:02,921 [9dabc3d6-6bd9-4ca2-9d63-753c6cd15dc2@group-4C9439252ADD:LeaderElection61] INFO  impl.RaftServerImpl (RaftServerImpl.java:setRole(174)) - 9dabc3d6-6bd9-4ca2-9d63-753c6cd15dc2@group-4C9439252ADD: changes role from CANDIDATE to FOLLOWER at term 2 for DISCOVERED_A_NEW_TERM
2019-09-20 20:59:02,921 [9dabc3d6-6bd9-4ca2-9d63-753c6cd15dc2@group-4C9439252ADD:LeaderElection61] INFO  impl.RoleInfo (RoleInfo.java:shutdownLeaderElection(134)) - 9dabc3d6-6bd9-4ca2-9d63-753c6cd15dc2: shutdown LeaderElection
2019-09-20 20:59:02,921 [9dabc3d6-6bd9-4ca2-9d63-753c6cd15dc2@group-4C9439252ADD:LeaderElection61] INFO  impl.RoleInfo (RoleInfo.java:updateAndGet(143)) - 9dabc3d6-6bd9-4ca2-9d63-753c6cd15dc2: start FollowerState
2019-09-20 20:59:02,921 [2d4b4d8d-b6d2-468b-8b93-ef1832d4951b@group-4C9439252ADD:LeaderElection62] INFO  impl.LeaderElection (LogUtils.java:infoOrTrace(149)) - 2d4b4d8d-b6d2-468b-8b93-ef1832d4951b@group-4C9439252ADD:LeaderElection62 got exception when requesting votes: {}
java.util.concurrent.ExecutionException: org.apache.ratis.thirdparty.io.grpc.StatusRuntimeException: UNAVAILABLE: io exception
	at java.util.concurrent.FutureTask.report(FutureTask.java:122)
	at java.util.concurrent.FutureTask.get(FutureTask.java:192)
	at org.apache.ratis.server.impl.LeaderElection.waitForResults(LeaderElection.java:263)
	at org.apache.ratis.server.impl.LeaderElection.askForVotes(LeaderElection.java:201)
	at org.apache.ratis.server.impl.LeaderElection.run(LeaderElection.java:133)
	at java.lang.Thread.run(Thread.java:748)
Caused by: org.apache.ratis.thirdparty.io.grpc.StatusRuntimeException: UNAVAILABLE: io exception
	at org.apache.ratis.thirdparty.io.grpc.stub.ClientCalls.toStatusRuntimeException(ClientCalls.java:233)
	at org.apache.ratis.thirdparty.io.grpc.stub.ClientCalls.getUnchecked(ClientCalls.java:214)
	at org.apache.ratis.thirdparty.io.grpc.stub.ClientCalls.blockingUnaryCall(ClientCalls.java:139)
	at org.apache.ratis.proto.grpc.RaftServerProtocolServiceGrpc$RaftServerProtocolServiceBlockingStub.requestVote(RaftServerProtocolServiceGrpc.java:265)
	at org.apache.ratis.grpc.server.GrpcServerProtocolClient.requestVote(GrpcServerProtocolClient.java:90)
	at org.apache.ratis.grpc.server.GrpcService.requestVote(GrpcService.java:204)
	at org.apache.ratis.server.impl.LeaderElection.lambda$submitRequests$1(LeaderElection.java:238)
	at java.util.concurrent.FutureTask.run(FutureTask.java:266)
	at java.util.concurrent.Executors$RunnableAdapter.call(Executors.java:511)
	at java.util.concurrent.FutureTask.run(FutureTask.java:266)
	at java.util.concurrent.ThreadPoolExecutor.runWorker(ThreadPoolExecutor.java:1149)
	at java.util.concurrent.ThreadPoolExecutor$Worker.run(ThreadPoolExecutor.java:624)
	... 1 more
Caused by: org.apache.ratis.thirdparty.io.netty.channel.AbstractChannel$AnnotatedConnectException: Connection refused: /192.168.157.230:44906
	at sun.nio.ch.SocketChannelImpl.checkConnect(Native Method)
	at sun.nio.ch.SocketChannelImpl.finishConnect(SocketChannelImpl.java:717)
	at org.apache.ratis.thirdparty.io.netty.channel.socket.nio.NioSocketChannel.doFinishConnect(NioSocketChannel.java:327)
	at org.apache.ratis.thirdparty.io.netty.channel.nio.AbstractNioChannel$AbstractNioUnsafe.finishConnect(AbstractNioChannel.java:340)
	at org.apache.ratis.thirdparty.io.netty.channel.nio.NioEventLoop.processSelectedKey(NioEventLoop.java:632)
	at org.apache.ratis.thirdparty.io.netty.channel.nio.NioEventLoop.processSelectedKeysOptimized(NioEventLoop.java:579)
	at org.apache.ratis.thirdparty.io.netty.channel.nio.NioEventLoop.processSelectedKeys(NioEventLoop.java:496)
	at org.apache.ratis.thirdparty.io.netty.channel.nio.NioEventLoop.run(NioEventLoop.java:458)
	at org.apache.ratis.thirdparty.io.netty.util.concurrent.SingleThreadEventExecutor$5.run(SingleThreadEventExecutor.java:897)
	at org.apache.ratis.thirdparty.io.netty.util.concurrent.FastThreadLocalRunnable.run(FastThreadLocalRunnable.java:30)
	... 1 more
Caused by: java.net.ConnectException: Connection refused
	... 11 more
2019-09-20 20:59:02,928 [2d4b4d8d-b6d2-468b-8b93-ef1832d4951b@group-4C9439252ADD:LeaderElection62] INFO  impl.LeaderElection (LeaderElection.java:logAndReturn(56)) - 2d4b4d8d-b6d2-468b-8b93-ef1832d4951b@group-4C9439252ADD:LeaderElection62: Election REJECTED; received 1 response(s) [2d4b4d8d-b6d2-468b-8b93-ef1832d4951b<-9dabc3d6-6bd9-4ca2-9d63-753c6cd15dc2#0:FAIL-t2] and 1 exception(s); 2d4b4d8d-b6d2-468b-8b93-ef1832d4951b@group-4C9439252ADD:t2, leader=null, voted=2d4b4d8d-b6d2-468b-8b93-ef1832d4951b, raftlog=2d4b4d8d-b6d2-468b-8b93-ef1832d4951b@group-4C9439252ADD-SegmentedRaftLog:OPENED:c14,f14,i14, conf=0: [2d4b4d8d-b6d2-468b-8b93-ef1832d4951b:192.168.157.230:35072, 9dabc3d6-6bd9-4ca2-9d63-753c6cd15dc2:192.168.157.230:43214, 749bb073-67b9-4e0b-a5ea-b5343d76f657:192.168.157.230:44906], old=null
2019-09-20 20:59:02,929 [2d4b4d8d-b6d2-468b-8b93-ef1832d4951b@group-4C9439252ADD:LeaderElection62] INFO  impl.LeaderElection (LogUtils.java:infoOrTrace(149)) -   Exception 0: {}
java.util.concurrent.ExecutionException: org.apache.ratis.thirdparty.io.grpc.StatusRuntimeException: UNAVAILABLE: io exception
	at java.util.concurrent.FutureTask.report(FutureTask.java:122)
	at java.util.concurrent.FutureTask.get(FutureTask.java:192)
	at org.apache.ratis.server.impl.LeaderElection.waitForResults(LeaderElection.java:263)
	at org.apache.ratis.server.impl.LeaderElection.askForVotes(LeaderElection.java:201)
	at org.apache.ratis.server.impl.LeaderElection.run(LeaderElection.java:133)
	at java.lang.Thread.run(Thread.java:748)
Caused by: org.apache.ratis.thirdparty.io.grpc.StatusRuntimeException: UNAVAILABLE: io exception
	at org.apache.ratis.thirdparty.io.grpc.stub.ClientCalls.toStatusRuntimeException(ClientCalls.java:233)
	at org.apache.ratis.thirdparty.io.grpc.stub.ClientCalls.getUnchecked(ClientCalls.java:214)
	at org.apache.ratis.thirdparty.io.grpc.stub.ClientCalls.blockingUnaryCall(ClientCalls.java:139)
	at org.apache.ratis.proto.grpc.RaftServerProtocolServiceGrpc$RaftServerProtocolServiceBlockingStub.requestVote(RaftServerProtocolServiceGrpc.java:265)
	at org.apache.ratis.grpc.server.GrpcServerProtocolClient.requestVote(GrpcServerProtocolClient.java:90)
	at org.apache.ratis.grpc.server.GrpcService.requestVote(GrpcService.java:204)
	at org.apache.ratis.server.impl.LeaderElection.lambda$submitRequests$1(LeaderElection.java:238)
	at java.util.concurrent.FutureTask.run(FutureTask.java:266)
	at java.util.concurrent.Executors$RunnableAdapter.call(Executors.java:511)
	at java.util.concurrent.FutureTask.run(FutureTask.java:266)
	at java.util.concurrent.ThreadPoolExecutor.runWorker(ThreadPoolExecutor.java:1149)
	at java.util.concurrent.ThreadPoolExecutor$Worker.run(ThreadPoolExecutor.java:624)
	... 1 more
Caused by: org.apache.ratis.thirdparty.io.netty.channel.AbstractChannel$AnnotatedConnectException: Connection refused: /192.168.157.230:44906
	at sun.nio.ch.SocketChannelImpl.checkConnect(Native Method)
	at sun.nio.ch.SocketChannelImpl.finishConnect(SocketChannelImpl.java:717)
	at org.apache.ratis.thirdparty.io.netty.channel.socket.nio.NioSocketChannel.doFinishConnect(NioSocketChannel.java:327)
	at org.apache.ratis.thirdparty.io.netty.channel.nio.AbstractNioChannel$AbstractNioUnsafe.finishConnect(AbstractNioChannel.java:340)
	at org.apache.ratis.thirdparty.io.netty.channel.nio.NioEventLoop.processSelectedKey(NioEventLoop.java:632)
	at org.apache.ratis.thirdparty.io.netty.channel.nio.NioEventLoop.processSelectedKeysOptimized(NioEventLoop.java:579)
	at org.apache.ratis.thirdparty.io.netty.channel.nio.NioEventLoop.processSelectedKeys(NioEventLoop.java:496)
	at org.apache.ratis.thirdparty.io.netty.channel.nio.NioEventLoop.run(NioEventLoop.java:458)
	at org.apache.ratis.thirdparty.io.netty.util.concurrent.SingleThreadEventExecutor$5.run(SingleThreadEventExecutor.java:897)
	at org.apache.ratis.thirdparty.io.netty.util.concurrent.FastThreadLocalRunnable.run(FastThreadLocalRunnable.java:30)
	... 1 more
Caused by: java.net.ConnectException: Connection refused
	... 11 more
2019-09-20 20:59:02,929 [2d4b4d8d-b6d2-468b-8b93-ef1832d4951b@group-4C9439252ADD:LeaderElection62] INFO  impl.RaftServerImpl (RaftServerImpl.java:setRole(174)) - 2d4b4d8d-b6d2-468b-8b93-ef1832d4951b@group-4C9439252ADD: changes role from CANDIDATE to FOLLOWER at term 2 for DISCOVERED_A_NEW_TERM
2019-09-20 20:59:02,929 [2d4b4d8d-b6d2-468b-8b93-ef1832d4951b@group-4C9439252ADD:LeaderElection62] INFO  impl.RoleInfo (RoleInfo.java:shutdownLeaderElection(134)) - 2d4b4d8d-b6d2-468b-8b93-ef1832d4951b: shutdown LeaderElection
2019-09-20 20:59:02,929 [2d4b4d8d-b6d2-468b-8b93-ef1832d4951b@group-4C9439252ADD:LeaderElection62] INFO  impl.RoleInfo (RoleInfo.java:updateAndGet(143)) - 2d4b4d8d-b6d2-468b-8b93-ef1832d4951b: start FollowerState
2019-09-20 20:59:03,631 [grpc-default-executor-8] INFO  client.GrpcClientProtocolClient (GrpcClientProtocolClient.java:onNext(264)) - client-5246E8BB6237->2d4b4d8d-b6d2-468b-8b93-ef1832d4951b: receive RaftClientReply:client-5246E8BB6237->2d4b4d8d-b6d2-468b-8b93-ef1832d4951b@group-4C9439252ADD, cid=184, FAILED org.apache.ratis.protocol.NotLeaderException: Server 2d4b4d8d-b6d2-468b-8b93-ef1832d4951b@group-4C9439252ADD is not the leader, logIndex=0, commits[2d4b4d8d-b6d2-468b-8b93-ef1832d4951b:c14, 9dabc3d6-6bd9-4ca2-9d63-753c6cd15dc2:c14, 749bb073-67b9-4e0b-a5ea-b5343d76f657:c14]
2019-09-20 20:59:05,652 [grpc-default-executor-9] INFO  client.GrpcClientProtocolClient (GrpcClientProtocolClient.java:onNext(264)) - client-5246E8BB6237->2d4b4d8d-b6d2-468b-8b93-ef1832d4951b: receive RaftClientReply:client-5246E8BB6237->2d4b4d8d-b6d2-468b-8b93-ef1832d4951b@group-4C9439252ADD, cid=184, FAILED org.apache.ratis.protocol.NotLeaderException: Server 2d4b4d8d-b6d2-468b-8b93-ef1832d4951b@group-4C9439252ADD is not the leader, logIndex=0, commits[2d4b4d8d-b6d2-468b-8b93-ef1832d4951b:c14, 9dabc3d6-6bd9-4ca2-9d63-753c6cd15dc2:c14, 749bb073-67b9-4e0b-a5ea-b5343d76f657:c14]
2019-09-20 20:59:06,664 [grpc-default-executor-8] INFO  client.GrpcClientProtocolClient (GrpcClientProtocolClient.java:onNext(264)) - client-5246E8BB6237->9dabc3d6-6bd9-4ca2-9d63-753c6cd15dc2: receive RaftClientReply:client-5246E8BB6237->9dabc3d6-6bd9-4ca2-9d63-753c6cd15dc2@group-4C9439252ADD, cid=184, FAILED org.apache.ratis.protocol.NotLeaderException: Server 9dabc3d6-6bd9-4ca2-9d63-753c6cd15dc2@group-4C9439252ADD is not the leader, logIndex=0, commits[9dabc3d6-6bd9-4ca2-9d63-753c6cd15dc2:c14, 2d4b4d8d-b6d2-468b-8b93-ef1832d4951b:c14, 749bb073-67b9-4e0b-a5ea-b5343d76f657:c14]
2019-09-20 20:59:07,676 [grpc-default-executor-8] INFO  client.GrpcClientProtocolClient (GrpcClientProtocolClient.java:onNext(264)) - client-5246E8BB6237->2d4b4d8d-b6d2-468b-8b93-ef1832d4951b: receive RaftClientReply:client-5246E8BB6237->2d4b4d8d-b6d2-468b-8b93-ef1832d4951b@group-4C9439252ADD, cid=184, FAILED org.apache.ratis.protocol.NotLeaderException: Server 2d4b4d8d-b6d2-468b-8b93-ef1832d4951b@group-4C9439252ADD is not the leader, logIndex=0, commits[2d4b4d8d-b6d2-468b-8b93-ef1832d4951b:c14, 9dabc3d6-6bd9-4ca2-9d63-753c6cd15dc2:c14, 749bb073-67b9-4e0b-a5ea-b5343d76f657:c14]
2019-09-20 20:59:07,963 [Thread-3062] INFO  impl.FollowerState (FollowerState.java:run(106)) - 9dabc3d6-6bd9-4ca2-9d63-753c6cd15dc2:group-4C9439252ADD changes to CANDIDATE, lastRpcTime:5041, electionTimeout:5036ms
2019-09-20 20:59:07,965 [Thread-3062] INFO  impl.RoleInfo (RoleInfo.java:shutdownFollowerState(121)) - 9dabc3d6-6bd9-4ca2-9d63-753c6cd15dc2: shutdown FollowerState
2019-09-20 20:59:07,965 [Thread-3062] INFO  impl.RaftServerImpl (RaftServerImpl.java:setRole(174)) - 9dabc3d6-6bd9-4ca2-9d63-753c6cd15dc2@group-4C9439252ADD: changes role from  FOLLOWER to CANDIDATE at term 2 for changeToCandidate
2019-09-20 20:59:07,965 [Thread-3062] INFO  impl.RoleInfo (RoleInfo.java:updateAndGet(143)) - 9dabc3d6-6bd9-4ca2-9d63-753c6cd15dc2: start LeaderElection
2019-09-20 20:59:07,994 [9dabc3d6-6bd9-4ca2-9d63-753c6cd15dc2@group-4C9439252ADD:LeaderElection63] INFO  impl.LeaderElection (LeaderElection.java:askForVotes(182)) - 9dabc3d6-6bd9-4ca2-9d63-753c6cd15dc2@group-4C9439252ADD:LeaderElection63: begin an election at term 3 for 0: [2d4b4d8d-b6d2-468b-8b93-ef1832d4951b:192.168.157.230:35072, 9dabc3d6-6bd9-4ca2-9d63-753c6cd15dc2:192.168.157.230:43214, 749bb073-67b9-4e0b-a5ea-b5343d76f657:192.168.157.230:44906], old=null
2019-09-20 20:59:07,997 [9dabc3d6-6bd9-4ca2-9d63-753c6cd15dc2@group-4C9439252ADD:LeaderElection63] INFO  impl.LeaderElection (LogUtils.java:infoOrTrace(149)) - 9dabc3d6-6bd9-4ca2-9d63-753c6cd15dc2@group-4C9439252ADD:LeaderElection63 got exception when requesting votes: {}
java.util.concurrent.ExecutionException: org.apache.ratis.thirdparty.io.grpc.StatusRuntimeException: UNAVAILABLE: io exception
	at java.util.concurrent.FutureTask.report(FutureTask.java:122)
	at java.util.concurrent.FutureTask.get(FutureTask.java:192)
	at org.apache.ratis.server.impl.LeaderElection.waitForResults(LeaderElection.java:263)
	at org.apache.ratis.server.impl.LeaderElection.askForVotes(LeaderElection.java:201)
	at org.apache.ratis.server.impl.LeaderElection.run(LeaderElection.java:133)
	at java.lang.Thread.run(Thread.java:748)
Caused by: org.apache.ratis.thirdparty.io.grpc.StatusRuntimeException: UNAVAILABLE: io exception
	at org.apache.ratis.thirdparty.io.grpc.stub.ClientCalls.toStatusRuntimeException(ClientCalls.java:233)
	at org.apache.ratis.thirdparty.io.grpc.stub.ClientCalls.getUnchecked(ClientCalls.java:214)
	at org.apache.ratis.thirdparty.io.grpc.stub.ClientCalls.blockingUnaryCall(ClientCalls.java:139)
	at org.apache.ratis.proto.grpc.RaftServerProtocolServiceGrpc$RaftServerProtocolServiceBlockingStub.requestVote(RaftServerProtocolServiceGrpc.java:265)
	at org.apache.ratis.grpc.server.GrpcServerProtocolClient.requestVote(GrpcServerProtocolClient.java:90)
	at org.apache.ratis.grpc.server.GrpcService.requestVote(GrpcService.java:204)
	at org.apache.ratis.server.impl.LeaderElection.lambda$submitRequests$1(LeaderElection.java:238)
	at java.util.concurrent.FutureTask.run(FutureTask.java:266)
	at java.util.concurrent.Executors$RunnableAdapter.call(Executors.java:511)
	at java.util.concurrent.FutureTask.run(FutureTask.java:266)
	at java.util.concurrent.ThreadPoolExecutor.runWorker(ThreadPoolExecutor.java:1149)
	at java.util.concurrent.ThreadPoolExecutor$Worker.run(ThreadPoolExecutor.java:624)
	... 1 more
Caused by: org.apache.ratis.thirdparty.io.netty.channel.AbstractChannel$AnnotatedConnectException: Connection refused: /192.168.157.230:44906
	at sun.nio.ch.SocketChannelImpl.checkConnect(Native Method)
	at sun.nio.ch.SocketChannelImpl.finishConnect(SocketChannelImpl.java:717)
	at org.apache.ratis.thirdparty.io.netty.channel.socket.nio.NioSocketChannel.doFinishConnect(NioSocketChannel.java:327)
	at org.apache.ratis.thirdparty.io.netty.channel.nio.AbstractNioChannel$AbstractNioUnsafe.finishConnect(AbstractNioChannel.java:340)
	at org.apache.ratis.thirdparty.io.netty.channel.nio.NioEventLoop.processSelectedKey(NioEventLoop.java:632)
	at org.apache.ratis.thirdparty.io.netty.channel.nio.NioEventLoop.processSelectedKeysOptimized(NioEventLoop.java:579)
	at org.apache.ratis.thirdparty.io.netty.channel.nio.NioEventLoop.processSelectedKeys(NioEventLoop.java:496)
	at org.apache.ratis.thirdparty.io.netty.channel.nio.NioEventLoop.run(NioEventLoop.java:458)
	at org.apache.ratis.thirdparty.io.netty.util.concurrent.SingleThreadEventExecutor$5.run(SingleThreadEventExecutor.java:897)
	at org.apache.ratis.thirdparty.io.netty.util.concurrent.FastThreadLocalRunnable.run(FastThreadLocalRunnable.java:30)
	... 1 more
Caused by: java.net.ConnectException: Connection refused
	... 11 more
2019-09-20 20:59:08,002 [grpc-default-executor-9] INFO  impl.RaftServerImpl (RaftServerImpl.java:setRole(174)) - 2d4b4d8d-b6d2-468b-8b93-ef1832d4951b@group-4C9439252ADD: changes role from  FOLLOWER to FOLLOWER at term 3 for recognizeCandidate:9dabc3d6-6bd9-4ca2-9d63-753c6cd15dc2
2019-09-20 20:59:08,002 [grpc-default-executor-9] INFO  impl.RoleInfo (RoleInfo.java:shutdownFollowerState(121)) - 2d4b4d8d-b6d2-468b-8b93-ef1832d4951b: shutdown FollowerState
2019-09-20 20:59:08,002 [grpc-default-executor-9] INFO  impl.RoleInfo (RoleInfo.java:updateAndGet(143)) - 2d4b4d8d-b6d2-468b-8b93-ef1832d4951b: start FollowerState
2019-09-20 20:59:08,002 [Thread-3063] INFO  impl.FollowerState (FollowerState.java:run(115)) - 2d4b4d8d-b6d2-468b-8b93-ef1832d4951b: FollowerState was interrupted: java.lang.InterruptedException: sleep interrupted
2019-09-20 20:59:08,019 [9dabc3d6-6bd9-4ca2-9d63-753c6cd15dc2@group-4C9439252ADD:LeaderElection63] INFO  impl.LeaderElection (LeaderElection.java:logAndReturn(56)) - 9dabc3d6-6bd9-4ca2-9d63-753c6cd15dc2@group-4C9439252ADD:LeaderElection63: Election PASSED; received 1 response(s) [9dabc3d6-6bd9-4ca2-9d63-753c6cd15dc2<-2d4b4d8d-b6d2-468b-8b93-ef1832d4951b#0:OK-t3] and 1 exception(s); 9dabc3d6-6bd9-4ca2-9d63-753c6cd15dc2@group-4C9439252ADD:t3, leader=null, voted=9dabc3d6-6bd9-4ca2-9d63-753c6cd15dc2, raftlog=9dabc3d6-6bd9-4ca2-9d63-753c6cd15dc2@group-4C9439252ADD-SegmentedRaftLog:OPENED:c14,f14,i14, conf=0: [2d4b4d8d-b6d2-468b-8b93-ef1832d4951b:192.168.157.230:35072, 9dabc3d6-6bd9-4ca2-9d63-753c6cd15dc2:192.168.157.230:43214, 749bb073-67b9-4e0b-a5ea-b5343d76f657:192.168.157.230:44906], old=null
2019-09-20 20:59:08,019 [9dabc3d6-6bd9-4ca2-9d63-753c6cd15dc2@group-4C9439252ADD:LeaderElection63] INFO  impl.LeaderElection (LogUtils.java:infoOrTrace(149)) -   Exception 0: {}
java.util.concurrent.ExecutionException: org.apache.ratis.thirdparty.io.grpc.StatusRuntimeException: UNAVAILABLE: io exception
	at java.util.concurrent.FutureTask.report(FutureTask.java:122)
	at java.util.concurrent.FutureTask.get(FutureTask.java:192)
	at org.apache.ratis.server.impl.LeaderElection.waitForResults(LeaderElection.java:263)
	at org.apache.ratis.server.impl.LeaderElection.askForVotes(LeaderElection.java:201)
	at org.apache.ratis.server.impl.LeaderElection.run(LeaderElection.java:133)
	at java.lang.Thread.run(Thread.java:748)
Caused by: org.apache.ratis.thirdparty.io.grpc.StatusRuntimeException: UNAVAILABLE: io exception
	at org.apache.ratis.thirdparty.io.grpc.stub.ClientCalls.toStatusRuntimeException(ClientCalls.java:233)
	at org.apache.ratis.thirdparty.io.grpc.stub.ClientCalls.getUnchecked(ClientCalls.java:214)
	at org.apache.ratis.thirdparty.io.grpc.stub.ClientCalls.blockingUnaryCall(ClientCalls.java:139)
	at org.apache.ratis.proto.grpc.RaftServerProtocolServiceGrpc$RaftServerProtocolServiceBlockingStub.requestVote(RaftServerProtocolServiceGrpc.java:265)
	at org.apache.ratis.grpc.server.GrpcServerProtocolClient.requestVote(GrpcServerProtocolClient.java:90)
	at org.apache.ratis.grpc.server.GrpcService.requestVote(GrpcService.java:204)
	at org.apache.ratis.server.impl.LeaderElection.lambda$submitRequests$1(LeaderElection.java:238)
	at java.util.concurrent.FutureTask.run(FutureTask.java:266)
	at java.util.concurrent.Executors$RunnableAdapter.call(Executors.java:511)
	at java.util.concurrent.FutureTask.run(FutureTask.java:266)
	at java.util.concurrent.ThreadPoolExecutor.runWorker(ThreadPoolExecutor.java:1149)
	at java.util.concurrent.ThreadPoolExecutor$Worker.run(ThreadPoolExecutor.java:624)
	... 1 more
Caused by: org.apache.ratis.thirdparty.io.netty.channel.AbstractChannel$AnnotatedConnectException: Connection refused: /192.168.157.230:44906
	at sun.nio.ch.SocketChannelImpl.checkConnect(Native Method)
	at sun.nio.ch.SocketChannelImpl.finishConnect(SocketChannelImpl.java:717)
	at org.apache.ratis.thirdparty.io.netty.channel.socket.nio.NioSocketChannel.doFinishConnect(NioSocketChannel.java:327)
	at org.apache.ratis.thirdparty.io.netty.channel.nio.AbstractNioChannel$AbstractNioUnsafe.finishConnect(AbstractNioChannel.java:340)
	at org.apache.ratis.thirdparty.io.netty.channel.nio.NioEventLoop.processSelectedKey(NioEventLoop.java:632)
	at org.apache.ratis.thirdparty.io.netty.channel.nio.NioEventLoop.processSelectedKeysOptimized(NioEventLoop.java:579)
	at org.apache.ratis.thirdparty.io.netty.channel.nio.NioEventLoop.processSelectedKeys(NioEventLoop.java:496)
	at org.apache.ratis.thirdparty.io.netty.channel.nio.NioEventLoop.run(NioEventLoop.java:458)
	at org.apache.ratis.thirdparty.io.netty.util.concurrent.SingleThreadEventExecutor$5.run(SingleThreadEventExecutor.java:897)
	at org.apache.ratis.thirdparty.io.netty.util.concurrent.FastThreadLocalRunnable.run(FastThreadLocalRunnable.java:30)
	... 1 more
Caused by: java.net.ConnectException: Connection refused
	... 11 more
2019-09-20 20:59:08,020 [9dabc3d6-6bd9-4ca2-9d63-753c6cd15dc2@group-4C9439252ADD:LeaderElection63] INFO  impl.RoleInfo (RoleInfo.java:shutdownLeaderElection(134)) - 9dabc3d6-6bd9-4ca2-9d63-753c6cd15dc2: shutdown LeaderElection
2019-09-20 20:59:08,020 [9dabc3d6-6bd9-4ca2-9d63-753c6cd15dc2@group-4C9439252ADD:LeaderElection63] INFO  impl.RaftServerImpl (RaftServerImpl.java:setRole(174)) - 9dabc3d6-6bd9-4ca2-9d63-753c6cd15dc2@group-4C9439252ADD: changes role from CANDIDATE to LEADER at term 3 for changeToLeader
2019-09-20 20:59:08,020 [9dabc3d6-6bd9-4ca2-9d63-753c6cd15dc2@group-4C9439252ADD:LeaderElection63] INFO  impl.RaftServerImpl (ServerState.java:setLeader(253)) - 9dabc3d6-6bd9-4ca2-9d63-753c6cd15dc2@group-4C9439252ADD: change Leader from null to 9dabc3d6-6bd9-4ca2-9d63-753c6cd15dc2 at term 3 for becomeLeader, leader elected after 5142ms
2019-09-20 20:59:08,020 [9dabc3d6-6bd9-4ca2-9d63-753c6cd15dc2@group-4C9439252ADD:LeaderElection63] INFO  server.RaftServerConfigKeys (ConfUtils.java:logGet(43)) - raft.server.staging.catchup.gap = 1000 (default)
2019-09-20 20:59:08,020 [9dabc3d6-6bd9-4ca2-9d63-753c6cd15dc2@group-4C9439252ADD:LeaderElection63] INFO  server.RaftServerConfigKeys (ConfUtils.java:logGet(43)) - raft.server.rpc.sleep.time = 25ms (default)
2019-09-20 20:59:08,021 [9dabc3d6-6bd9-4ca2-9d63-753c6cd15dc2@group-4C9439252ADD:LeaderElection63] INFO  server.RaftServerConfigKeys (ConfUtils.java:logGet(43)) - raft.server.write.element-limit = 4096 (default)
2019-09-20 20:59:08,021 [9dabc3d6-6bd9-4ca2-9d63-753c6cd15dc2@group-4C9439252ADD:LeaderElection63] INFO  server.RaftServerConfigKeys (ConfUtils.java:logGet(43)) - raft.server.watch.timeout = 10s (default)
2019-09-20 20:59:08,021 [9dabc3d6-6bd9-4ca2-9d63-753c6cd15dc2@group-4C9439252ADD:LeaderElection63] INFO  server.RaftServerConfigKeys (ConfUtils.java:logGet(43)) - raft.server.watch.timeout.denomination = 1s (default)
2019-09-20 20:59:08,021 [9dabc3d6-6bd9-4ca2-9d63-753c6cd15dc2@group-4C9439252ADD:LeaderElection63] INFO  server.RaftServerConfigKeys (ConfUtils.java:logGet(43)) - raft.server.watch.element-limit = 65536 (default)
2019-09-20 20:59:08,024 [9dabc3d6-6bd9-4ca2-9d63-753c6cd15dc2@group-4C9439252ADD:LeaderElection63] INFO  server.RaftServerConfigKeys (ConfUtils.java:logGet(43)) - raft.server.log.appender.snapshot.chunk.size.max = 16MB (=16777216) (default)
2019-09-20 20:59:08,024 [9dabc3d6-6bd9-4ca2-9d63-753c6cd15dc2@group-4C9439252ADD:LeaderElection63] INFO  server.RaftServerConfigKeys (ConfUtils.java:logGet(43)) - raft.server.log.appender.buffer.byte-limit = 33554432 (custom)
2019-09-20 20:59:08,024 [9dabc3d6-6bd9-4ca2-9d63-753c6cd15dc2@group-4C9439252ADD:LeaderElection63] INFO  server.RaftServerConfigKeys (ConfUtils.java:logGet(43)) - raft.server.log.appender.buffer.element-limit = 1 (custom)
2019-09-20 20:59:08,024 [9dabc3d6-6bd9-4ca2-9d63-753c6cd15dc2@group-4C9439252ADD:LeaderElection63] INFO  grpc.GrpcConfigKeys$Server (ConfUtils.java:logGet(43)) - raft.grpc.server.leader.outstanding.appends.max = 128 (default)
2019-09-20 20:59:08,024 [9dabc3d6-6bd9-4ca2-9d63-753c6cd15dc2@group-4C9439252ADD:LeaderElection63] INFO  server.RaftServerConfigKeys (ConfUtils.java:logGet(43)) - raft.server.rpc.request.timeout = 3000ms (default)
2019-09-20 20:59:08,025 [9dabc3d6-6bd9-4ca2-9d63-753c6cd15dc2@group-4C9439252ADD:LeaderElection63] INFO  server.RaftServerConfigKeys (ConfUtils.java:logGet(43)) - raft.server.log.appender.install.snapshot.enabled = false (custom)
2019-09-20 20:59:08,025 [9dabc3d6-6bd9-4ca2-9d63-753c6cd15dc2@group-4C9439252ADD:LeaderElection63] INFO  server.RaftServerConfigKeys (ConfUtils.java:logGet(43)) - raft.server.log.appender.snapshot.chunk.size.max = 16MB (=16777216) (default)
2019-09-20 20:59:08,025 [9dabc3d6-6bd9-4ca2-9d63-753c6cd15dc2@group-4C9439252ADD:LeaderElection63] INFO  server.RaftServerConfigKeys (ConfUtils.java:logGet(43)) - raft.server.log.appender.buffer.byte-limit = 33554432 (custom)
2019-09-20 20:59:08,025 [9dabc3d6-6bd9-4ca2-9d63-753c6cd15dc2@group-4C9439252ADD:LeaderElection63] INFO  server.RaftServerConfigKeys (ConfUtils.java:logGet(43)) - raft.server.log.appender.buffer.element-limit = 1 (custom)
2019-09-20 20:59:08,025 [9dabc3d6-6bd9-4ca2-9d63-753c6cd15dc2@group-4C9439252ADD:LeaderElection63] INFO  grpc.GrpcConfigKeys$Server (ConfUtils.java:logGet(43)) - raft.grpc.server.leader.outstanding.appends.max = 128 (default)
2019-09-20 20:59:08,025 [9dabc3d6-6bd9-4ca2-9d63-753c6cd15dc2@group-4C9439252ADD:LeaderElection63] INFO  server.RaftServerConfigKeys (ConfUtils.java:logGet(43)) - raft.server.rpc.request.timeout = 3000ms (default)
2019-09-20 20:59:08,026 [9dabc3d6-6bd9-4ca2-9d63-753c6cd15dc2@group-4C9439252ADD:LeaderElection63] INFO  server.RaftServerConfigKeys (ConfUtils.java:logGet(43)) - raft.server.log.appender.install.snapshot.enabled = false (custom)
2019-09-20 20:59:08,026 [9dabc3d6-6bd9-4ca2-9d63-753c6cd15dc2@group-4C9439252ADD:LeaderElection63] INFO  impl.RoleInfo (RoleInfo.java:updateAndGet(143)) - 9dabc3d6-6bd9-4ca2-9d63-753c6cd15dc2: start LeaderState
2019-09-20 20:59:08,026 [9dabc3d6-6bd9-4ca2-9d63-753c6cd15dc2@group-4C9439252ADD:LeaderElection63] INFO  segmented.SegmentedRaftLogWorker (SegmentedRaftLogWorker.java:rollLogSegment(385)) - 9dabc3d6-6bd9-4ca2-9d63-753c6cd15dc2@group-4C9439252ADD-SegmentedRaftLogWorker: Rolling segment log-0_14 to index:14
2019-09-20 20:59:08,030 [9dabc3d6-6bd9-4ca2-9d63-753c6cd15dc2@group-4C9439252ADD:LeaderElection63] INFO  impl.RaftServerImpl (ServerState.java:setRaftConf(354)) - 9dabc3d6-6bd9-4ca2-9d63-753c6cd15dc2@group-4C9439252ADD: set configuration 15: [2d4b4d8d-b6d2-468b-8b93-ef1832d4951b:192.168.157.230:35072, 9dabc3d6-6bd9-4ca2-9d63-753c6cd15dc2:192.168.157.230:43214, 749bb073-67b9-4e0b-a5ea-b5343d76f657:192.168.157.230:44906], old=null at 15
2019-09-20 20:59:08,030 [grpc-default-executor-9] WARN  server.GrpcLogAppender (LogUtils.java:warn(134)) - 9dabc3d6-6bd9-4ca2-9d63-753c6cd15dc2@group-4C9439252ADD->749bb073-67b9-4e0b-a5ea-b5343d76f657-AppendLogResponseHandler: Failed appendEntries: org.apache.ratis.thirdparty.io.grpc.StatusRuntimeException: UNAVAILABLE: io exception
2019-09-20 20:59:08,046 [9dabc3d6-6bd9-4ca2-9d63-753c6cd15dc2@group-4C9439252ADD-SegmentedRaftLogWorker] INFO  segmented.SegmentedRaftLogWorker (SegmentedRaftLogWorker.java:execute(526)) - 9dabc3d6-6bd9-4ca2-9d63-753c6cd15dc2@group-4C9439252ADD-SegmentedRaftLogWorker: Rolled log segment from /workdir/hadoop-ozone/integration-test/target/test-dir/MiniOzoneClusterImpl-9716d3f7-240c-4861-9957-7330e711a072/datanode-1/data/ratis/0ecca5f1-ef0e-4bd5-aa28-4c9439252add/current/log_inprogress_0 to /workdir/hadoop-ozone/integration-test/target/test-dir/MiniOzoneClusterImpl-9716d3f7-240c-4861-9957-7330e711a072/datanode-1/data/ratis/0ecca5f1-ef0e-4bd5-aa28-4c9439252add/current/log_0-14
2019-09-20 20:59:08,049 [grpc-default-executor-9] INFO  impl.FollowerInfo (FollowerInfo.java:lambda$new$0(51)) - 9dabc3d6-6bd9-4ca2-9d63-753c6cd15dc2@group-4C9439252ADD->749bb073-67b9-4e0b-a5ea-b5343d76f657: nextIndex: updateUnconditionally 15 -> 1
2019-09-20 20:59:08,049 [grpc-default-executor-9] INFO  impl.RaftServerImpl (ServerState.java:setLeader(253)) - 2d4b4d8d-b6d2-468b-8b93-ef1832d4951b@group-4C9439252ADD: change Leader from null to 9dabc3d6-6bd9-4ca2-9d63-753c6cd15dc2 at term 3 for appendEntries, leader elected after 5149ms
2019-09-20 20:59:08,052 [grpc-default-executor-9] INFO  impl.RaftServerImpl (ServerState.java:setRaftConf(354)) - 2d4b4d8d-b6d2-468b-8b93-ef1832d4951b@group-4C9439252ADD: set configuration 15: [2d4b4d8d-b6d2-468b-8b93-ef1832d4951b:192.168.157.230:35072, 9dabc3d6-6bd9-4ca2-9d63-753c6cd15dc2:192.168.157.230:43214, 749bb073-67b9-4e0b-a5ea-b5343d76f657:192.168.157.230:44906], old=null at 15
2019-09-20 20:59:08,052 [grpc-default-executor-9] INFO  segmented.SegmentedRaftLogWorker (SegmentedRaftLogWorker.java:rollLogSegment(385)) - 2d4b4d8d-b6d2-468b-8b93-ef1832d4951b@group-4C9439252ADD-SegmentedRaftLogWorker: Rolling segment log-0_14 to index:14
2019-09-20 20:59:08,053 [2d4b4d8d-b6d2-468b-8b93-ef1832d4951b@group-4C9439252ADD-SegmentedRaftLogWorker] INFO  segmented.SegmentedRaftLogWorker (SegmentedRaftLogWorker.java:execute(526)) - 2d4b4d8d-b6d2-468b-8b93-ef1832d4951b@group-4C9439252ADD-SegmentedRaftLogWorker: Rolled log segment from /workdir/hadoop-ozone/integration-test/target/test-dir/MiniOzoneClusterImpl-9716d3f7-240c-4861-9957-7330e711a072/datanode-0/data/ratis/0ecca5f1-ef0e-4bd5-aa28-4c9439252add/current/log_inprogress_0 to /workdir/hadoop-ozone/integration-test/target/test-dir/MiniOzoneClusterImpl-9716d3f7-240c-4861-9957-7330e711a072/datanode-0/data/ratis/0ecca5f1-ef0e-4bd5-aa28-4c9439252add/current/log_0-14
2019-09-20 20:59:08,110 [9dabc3d6-6bd9-4ca2-9d63-753c6cd15dc2@group-4C9439252ADD-SegmentedRaftLogWorker] INFO  segmented.SegmentedRaftLogWorker (SegmentedRaftLogWorker.java:execute(569)) - 9dabc3d6-6bd9-4ca2-9d63-753c6cd15dc2@group-4C9439252ADD-SegmentedRaftLogWorker: created new log segment /workdir/hadoop-ozone/integration-test/target/test-dir/MiniOzoneClusterImpl-9716d3f7-240c-4861-9957-7330e711a072/datanode-1/data/ratis/0ecca5f1-ef0e-4bd5-aa28-4c9439252add/current/log_inprogress_15
2019-09-20 20:59:08,122 [2d4b4d8d-b6d2-468b-8b93-ef1832d4951b@group-4C9439252ADD-SegmentedRaftLogWorker] INFO  segmented.SegmentedRaftLogWorker (SegmentedRaftLogWorker.java:execute(569)) - 2d4b4d8d-b6d2-468b-8b93-ef1832d4951b@group-4C9439252ADD-SegmentedRaftLogWorker: created new log segment /workdir/hadoop-ozone/integration-test/target/test-dir/MiniOzoneClusterImpl-9716d3f7-240c-4861-9957-7330e711a072/datanode-0/data/ratis/0ecca5f1-ef0e-4bd5-aa28-4c9439252add/current/log_inprogress_15
2019-09-20 20:59:08,138 [grpc-default-executor-9] WARN  server.GrpcLogAppender (LogUtils.java:warn(134)) - 9dabc3d6-6bd9-4ca2-9d63-753c6cd15dc2@group-4C9439252ADD->749bb073-67b9-4e0b-a5ea-b5343d76f657-AppendLogResponseHandler: Failed appendEntries: org.apache.ratis.thirdparty.io.grpc.StatusRuntimeException: UNAVAILABLE: io exception
2019-09-20 20:59:08,138 [grpc-default-executor-9] INFO  impl.FollowerInfo (FollowerInfo.java:lambda$new$0(51)) - 9dabc3d6-6bd9-4ca2-9d63-753c6cd15dc2@group-4C9439252ADD->749bb073-67b9-4e0b-a5ea-b5343d76f657: nextIndex: updateUnconditionally 2 -> 1
20:59:08.681 [grpc-default-executor-9] ERROR DNAudit - user=null | ip=null | op=WRITE_CHUNK {blockData=conID: 1 locID: 102826844077621261 bcsId: 12} | ret=FAILURE
org.apache.hadoop.hdds.scm.container.common.helpers.ContainerNotOpenException: Container 1 in CLOSING state
	at org.apache.hadoop.ozone.container.common.impl.HddsDispatcher.validateContainerCommand(HddsDispatcher.java:434) ~[hadoop-hdds-container-service-0.5.0-SNAPSHOT.jar:?]
	at org.apache.hadoop.ozone.container.common.transport.server.ratis.ContainerStateMachine.startTransaction(ContainerStateMachine.java:315) ~[hadoop-hdds-container-service-0.5.0-SNAPSHOT.jar:?]
	at org.apache.ratis.server.impl.RaftServerImpl.submitClientRequestAsync(RaftServerImpl.java:573) ~[ratis-server-0.4.0-78e95b9-SNAPSHOT.jar:0.4.0-78e95b9-SNAPSHOT]
	at org.apache.ratis.server.impl.RaftServerProxy.lambda$submitClientRequestAsync$7(RaftServerProxy.java:333) ~[ratis-server-0.4.0-78e95b9-SNAPSHOT.jar:0.4.0-78e95b9-SNAPSHOT]
	at org.apache.ratis.server.impl.RaftServerProxy.lambda$null$5(RaftServerProxy.java:328) ~[ratis-server-0.4.0-78e95b9-SNAPSHOT.jar:0.4.0-78e95b9-SNAPSHOT]
	at org.apache.ratis.util.JavaUtils.callAsUnchecked(JavaUtils.java:109) ~[ratis-common-0.4.0-78e95b9-SNAPSHOT.jar:0.4.0-78e95b9-SNAPSHOT]
	at org.apache.ratis.server.impl.RaftServerProxy.lambda$submitRequest$6(RaftServerProxy.java:328) ~[ratis-server-0.4.0-78e95b9-SNAPSHOT.jar:0.4.0-78e95b9-SNAPSHOT]
	at java.util.concurrent.CompletableFuture.uniComposeStage(CompletableFuture.java:981) ~[?:1.8.0_212]
	at java.util.concurrent.CompletableFuture.thenCompose(CompletableFuture.java:2124) ~[?:1.8.0_212]
	at org.apache.ratis.server.impl.RaftServerProxy.submitRequest(RaftServerProxy.java:327) ~[ratis-server-0.4.0-78e95b9-SNAPSHOT.jar:0.4.0-78e95b9-SNAPSHOT]
	at org.apache.ratis.server.impl.RaftServerProxy.submitClientRequestAsync(RaftServerProxy.java:333) ~[ratis-server-0.4.0-78e95b9-SNAPSHOT.jar:0.4.0-78e95b9-SNAPSHOT]
	at org.apache.ratis.grpc.client.GrpcClientProtocolService$RequestStreamObserver.processClientRequest(GrpcClientProtocolService.java:220) ~[ratis-grpc-0.4.0-78e95b9-SNAPSHOT.jar:0.4.0-78e95b9-SNAPSHOT]
	at org.apache.ratis.grpc.client.GrpcClientProtocolService$OrderedRequestStreamObserver.processClientRequest(GrpcClientProtocolService.java:326) ~[ratis-grpc-0.4.0-78e95b9-SNAPSHOT.jar:0.4.0-78e95b9-SNAPSHOT]
	at org.apache.ratis.util.SlidingWindow$Server.processRequestsFromHead(SlidingWindow.java:429) [ratis-common-0.4.0-78e95b9-SNAPSHOT.jar:0.4.0-78e95b9-SNAPSHOT]
	at org.apache.ratis.util.SlidingWindow$Server.receivedRequest(SlidingWindow.java:421) [ratis-common-0.4.0-78e95b9-SNAPSHOT.jar:0.4.0-78e95b9-SNAPSHOT]
	at org.apache.ratis.grpc.client.GrpcClientProtocolService$OrderedRequestStreamObserver.processClientRequest(GrpcClientProtocolService.java:345) [ratis-grpc-0.4.0-78e95b9-SNAPSHOT.jar:0.4.0-78e95b9-SNAPSHOT]
	at org.apache.ratis.grpc.client.GrpcClientProtocolService$RequestStreamObserver.onNext(GrpcClientProtocolService.java:240) [ratis-grpc-0.4.0-78e95b9-SNAPSHOT.jar:0.4.0-78e95b9-SNAPSHOT]
	at org.apache.ratis.grpc.client.GrpcClientProtocolService$RequestStreamObserver.onNext(GrpcClientProtocolService.java:168) [ratis-grpc-0.4.0-78e95b9-SNAPSHOT.jar:0.4.0-78e95b9-SNAPSHOT]
	at org.apache.ratis.thirdparty.io.grpc.stub.ServerCalls$StreamingServerCallHandler$StreamingServerCallListener.onMessage(ServerCalls.java:248) [ratis-thirdparty-misc-0.2.0.jar:0.2.0]
	at org.apache.ratis.thirdparty.io.grpc.internal.ServerCallImpl$ServerStreamListenerImpl.messagesAvailable(ServerCallImpl.java:263) [ratis-thirdparty-misc-0.2.0.jar:0.2.0]
	at org.apache.ratis.thirdparty.io.grpc.internal.ServerImpl$JumpToApplicationThreadServerStreamListener$1MessagesAvailable.runInContext(ServerImpl.java:686) [ratis-thirdparty-misc-0.2.0.jar:0.2.0]
	at org.apache.ratis.thirdparty.io.grpc.internal.ContextRunnable.run(ContextRunnable.java:37) [ratis-thirdparty-misc-0.2.0.jar:0.2.0]
	at org.apache.ratis.thirdparty.io.grpc.internal.SerializingExecutor.run(SerializingExecutor.java:123) [ratis-thirdparty-misc-0.2.0.jar:0.2.0]
	at java.util.concurrent.ThreadPoolExecutor.runWorker(ThreadPoolExecutor.java:1149) [?:1.8.0_212]
	at java.util.concurrent.ThreadPoolExecutor$Worker.run(ThreadPoolExecutor.java:624) [?:1.8.0_212]
	at java.lang.Thread.run(Thread.java:748) [?:1.8.0_212]
2019-09-20 20:59:08,696 [grpc-default-executor-9] INFO  client.GrpcClientProtocolClient (GrpcClientProtocolClient.java:onNext(264)) - client-5246E8BB6237->9dabc3d6-6bd9-4ca2-9d63-753c6cd15dc2: receive RaftClientReply:client-5246E8BB6237->9dabc3d6-6bd9-4ca2-9d63-753c6cd15dc2@group-4C9439252ADD, cid=184, FAILED org.apache.ratis.protocol.StateMachineException: org.apache.hadoop.hdds.scm.container.common.helpers.ContainerNotOpenException from Server 9dabc3d6-6bd9-4ca2-9d63-753c6cd15dc2@group-4C9439252ADD: Container 1 in CLOSING state, logIndex=0, commits[9dabc3d6-6bd9-4ca2-9d63-753c6cd15dc2:c16, 2d4b4d8d-b6d2-468b-8b93-ef1832d4951b:c15, 749bb073-67b9-4e0b-a5ea-b5343d76f657:c14]
20:59:08.698 [grpc-default-executor-8] ERROR DNAudit - user=null | ip=null | op=WRITE_CHUNK {blockData=conID: 1 locID: 102826844077621261 bcsId: 12} | ret=FAILURE
org.apache.hadoop.hdds.scm.container.common.helpers.ContainerNotOpenException: Container 1 in CLOSING state
	at org.apache.hadoop.ozone.container.common.impl.HddsDispatcher.validateContainerCommand(HddsDispatcher.java:434) ~[hadoop-hdds-container-service-0.5.0-SNAPSHOT.jar:?]
	at org.apache.hadoop.ozone.container.common.transport.server.ratis.ContainerStateMachine.startTransaction(ContainerStateMachine.java:315) ~[hadoop-hdds-container-service-0.5.0-SNAPSHOT.jar:?]
	at org.apache.ratis.server.impl.RaftServerImpl.submitClientRequestAsync(RaftServerImpl.java:573) ~[ratis-server-0.4.0-78e95b9-SNAPSHOT.jar:0.4.0-78e95b9-SNAPSHOT]
	at org.apache.ratis.server.impl.RaftServerProxy.lambda$submitClientRequestAsync$7(RaftServerProxy.java:333) ~[ratis-server-0.4.0-78e95b9-SNAPSHOT.jar:0.4.0-78e95b9-SNAPSHOT]
	at org.apache.ratis.server.impl.RaftServerProxy.lambda$null$5(RaftServerProxy.java:328) ~[ratis-server-0.4.0-78e95b9-SNAPSHOT.jar:0.4.0-78e95b9-SNAPSHOT]
	at org.apache.ratis.util.JavaUtils.callAsUnchecked(JavaUtils.java:109) ~[ratis-common-0.4.0-78e95b9-SNAPSHOT.jar:0.4.0-78e95b9-SNAPSHOT]
	at org.apache.ratis.server.impl.RaftServerProxy.lambda$submitRequest$6(RaftServerProxy.java:328) ~[ratis-server-0.4.0-78e95b9-SNAPSHOT.jar:0.4.0-78e95b9-SNAPSHOT]
	at java.util.concurrent.CompletableFuture.uniComposeStage(CompletableFuture.java:981) ~[?:1.8.0_212]
	at java.util.concurrent.CompletableFuture.thenCompose(CompletableFuture.java:2124) ~[?:1.8.0_212]
	at org.apache.ratis.server.impl.RaftServerProxy.submitRequest(RaftServerProxy.java:327) ~[ratis-server-0.4.0-78e95b9-SNAPSHOT.jar:0.4.0-78e95b9-SNAPSHOT]
	at org.apache.ratis.server.impl.RaftServerProxy.submitClientRequestAsync(RaftServerProxy.java:333) ~[ratis-server-0.4.0-78e95b9-SNAPSHOT.jar:0.4.0-78e95b9-SNAPSHOT]
	at org.apache.ratis.grpc.client.GrpcClientProtocolService$RequestStreamObserver.processClientRequest(GrpcClientProtocolService.java:220) ~[ratis-grpc-0.4.0-78e95b9-SNAPSHOT.jar:0.4.0-78e95b9-SNAPSHOT]
	at org.apache.ratis.grpc.client.GrpcClientProtocolService$OrderedRequestStreamObserver.processClientRequest(GrpcClientProtocolService.java:326) ~[ratis-grpc-0.4.0-78e95b9-SNAPSHOT.jar:0.4.0-78e95b9-SNAPSHOT]
	at org.apache.ratis.util.SlidingWindow$Server.processRequestsFromHead(SlidingWindow.java:429) [ratis-common-0.4.0-78e95b9-SNAPSHOT.jar:0.4.0-78e95b9-SNAPSHOT]
	at org.apache.ratis.util.SlidingWindow$Server.receivedRequest(SlidingWindow.java:421) [ratis-common-0.4.0-78e95b9-SNAPSHOT.jar:0.4.0-78e95b9-SNAPSHOT]
	at org.apache.ratis.grpc.client.GrpcClientProtocolService$OrderedRequestStreamObserver.processClientRequest(GrpcClientProtocolService.java:345) [ratis-grpc-0.4.0-78e95b9-SNAPSHOT.jar:0.4.0-78e95b9-SNAPSHOT]
	at org.apache.ratis.grpc.client.GrpcClientProtocolService$RequestStreamObserver.onNext(GrpcClientProtocolService.java:240) [ratis-grpc-0.4.0-78e95b9-SNAPSHOT.jar:0.4.0-78e95b9-SNAPSHOT]
	at org.apache.ratis.grpc.client.GrpcClientProtocolService$RequestStreamObserver.onNext(GrpcClientProtocolService.java:168) [ratis-grpc-0.4.0-78e95b9-SNAPSHOT.jar:0.4.0-78e95b9-SNAPSHOT]
	at org.apache.ratis.thirdparty.io.grpc.stub.ServerCalls$StreamingServerCallHandler$StreamingServerCallListener.onMessage(ServerCalls.java:248) [ratis-thirdparty-misc-0.2.0.jar:0.2.0]
	at org.apache.ratis.thirdparty.io.grpc.internal.ServerCallImpl$ServerStreamListenerImpl.messagesAvailable(ServerCallImpl.java:263) [ratis-thirdparty-misc-0.2.0.jar:0.2.0]
	at org.apache.ratis.thirdparty.io.grpc.internal.ServerImpl$JumpToApplicationThreadServerStreamListener$1MessagesAvailable.runInContext(ServerImpl.java:686) [ratis-thirdparty-misc-0.2.0.jar:0.2.0]
	at org.apache.ratis.thirdparty.io.grpc.internal.ContextRunnable.run(ContextRunnable.java:37) [ratis-thirdparty-misc-0.2.0.jar:0.2.0]
	at org.apache.ratis.thirdparty.io.grpc.internal.SerializingExecutor.run(SerializingExecutor.java:123) [ratis-thirdparty-misc-0.2.0.jar:0.2.0]
	at java.util.concurrent.ThreadPoolExecutor.runWorker(ThreadPoolExecutor.java:1149) [?:1.8.0_212]
	at java.util.concurrent.ThreadPoolExecutor$Worker.run(ThreadPoolExecutor.java:624) [?:1.8.0_212]
	at java.lang.Thread.run(Thread.java:748) [?:1.8.0_212]
20:59:08.700 [grpc-default-executor-8] ERROR DNAudit - user=null | ip=null | op=PUT_BLOCK {blockData=[blockId=conID: 1 locID: 102826844077621261 bcsId: 0,size=650]} | ret=FAILURE
org.apache.hadoop.hdds.scm.container.common.helpers.ContainerNotOpenException: Container 1 in CLOSING state
	at org.apache.hadoop.ozone.container.common.impl.HddsDispatcher.validateContainerCommand(HddsDispatcher.java:434) ~[hadoop-hdds-container-service-0.5.0-SNAPSHOT.jar:?]
	at org.apache.hadoop.ozone.container.common.transport.server.ratis.ContainerStateMachine.startTransaction(ContainerStateMachine.java:315) ~[hadoop-hdds-container-service-0.5.0-SNAPSHOT.jar:?]
	at org.apache.ratis.server.impl.RaftServerImpl.submitClientRequestAsync(RaftServerImpl.java:573) ~[ratis-server-0.4.0-78e95b9-SNAPSHOT.jar:0.4.0-78e95b9-SNAPSHOT]
	at org.apache.ratis.server.impl.RaftServerProxy.lambda$submitClientRequestAsync$7(RaftServerProxy.java:333) ~[ratis-server-0.4.0-78e95b9-SNAPSHOT.jar:0.4.0-78e95b9-SNAPSHOT]
	at org.apache.ratis.server.impl.RaftServerProxy.lambda$null$5(RaftServerProxy.java:328) ~[ratis-server-0.4.0-78e95b9-SNAPSHOT.jar:0.4.0-78e95b9-SNAPSHOT]
	at org.apache.ratis.util.JavaUtils.callAsUnchecked(JavaUtils.java:109) ~[ratis-common-0.4.0-78e95b9-SNAPSHOT.jar:0.4.0-78e95b9-SNAPSHOT]
	at org.apache.ratis.server.impl.RaftServerProxy.lambda$submitRequest$6(RaftServerProxy.java:328) ~[ratis-server-0.4.0-78e95b9-SNAPSHOT.jar:0.4.0-78e95b9-SNAPSHOT]
	at java.util.concurrent.CompletableFuture.uniComposeStage(CompletableFuture.java:981) ~[?:1.8.0_212]
	at java.util.concurrent.CompletableFuture.thenCompose(CompletableFuture.java:2124) ~[?:1.8.0_212]
	at org.apache.ratis.server.impl.RaftServerProxy.submitRequest(RaftServerProxy.java:327) ~[ratis-server-0.4.0-78e95b9-SNAPSHOT.jar:0.4.0-78e95b9-SNAPSHOT]
	at org.apache.ratis.server.impl.RaftServerProxy.submitClientRequestAsync(RaftServerProxy.java:333) ~[ratis-server-0.4.0-78e95b9-SNAPSHOT.jar:0.4.0-78e95b9-SNAPSHOT]
	at org.apache.ratis.grpc.client.GrpcClientProtocolService$RequestStreamObserver.processClientRequest(GrpcClientProtocolService.java:220) ~[ratis-grpc-0.4.0-78e95b9-SNAPSHOT.jar:0.4.0-78e95b9-SNAPSHOT]
	at org.apache.ratis.grpc.client.GrpcClientProtocolService$OrderedRequestStreamObserver.processClientRequest(GrpcClientProtocolService.java:326) ~[ratis-grpc-0.4.0-78e95b9-SNAPSHOT.jar:0.4.0-78e95b9-SNAPSHOT]
	at org.apache.ratis.util.SlidingWindow$Server.processRequestsFromHead(SlidingWindow.java:429) [ratis-common-0.4.0-78e95b9-SNAPSHOT.jar:0.4.0-78e95b9-SNAPSHOT]
	at org.apache.ratis.util.SlidingWindow$Server.receivedRequest(SlidingWindow.java:421) [ratis-common-0.4.0-78e95b9-SNAPSHOT.jar:0.4.0-78e95b9-SNAPSHOT]
	at org.apache.ratis.grpc.client.GrpcClientProtocolService$OrderedRequestStreamObserver.processClientRequest(GrpcClientProtocolService.java:345) [ratis-grpc-0.4.0-78e95b9-SNAPSHOT.jar:0.4.0-78e95b9-SNAPSHOT]
	at org.apache.ratis.grpc.client.GrpcClientProtocolService$RequestStreamObserver.onNext(GrpcClientProtocolService.java:240) [ratis-grpc-0.4.0-78e95b9-SNAPSHOT.jar:0.4.0-78e95b9-SNAPSHOT]
	at org.apache.ratis.grpc.client.GrpcClientProtocolService$RequestStreamObserver.onNext(GrpcClientProtocolService.java:168) [ratis-grpc-0.4.0-78e95b9-SNAPSHOT.jar:0.4.0-78e95b9-SNAPSHOT]
	at org.apache.ratis.thirdparty.io.grpc.stub.ServerCalls$StreamingServerCallHandler$StreamingServerCallListener.onMessage(ServerCalls.java:248) [ratis-thirdparty-misc-0.2.0.jar:0.2.0]
	at org.apache.ratis.thirdparty.io.grpc.internal.ServerCallImpl$ServerStreamListenerImpl.messagesAvailable(ServerCallImpl.java:263) [ratis-thirdparty-misc-0.2.0.jar:0.2.0]
	at org.apache.ratis.thirdparty.io.grpc.internal.ServerImpl$JumpToApplicationThreadServerStreamListener$1MessagesAvailable.runInContext(ServerImpl.java:686) [ratis-thirdparty-misc-0.2.0.jar:0.2.0]
	at org.apache.ratis.thirdparty.io.grpc.internal.ContextRunnable.run(ContextRunnable.java:37) [ratis-thirdparty-misc-0.2.0.jar:0.2.0]
	at org.apache.ratis.thirdparty.io.grpc.internal.SerializingExecutor.run(SerializingExecutor.java:123) [ratis-thirdparty-misc-0.2.0.jar:0.2.0]
	at java.util.concurrent.ThreadPoolExecutor.runWorker(ThreadPoolExecutor.java:1149) [?:1.8.0_212]
	at java.util.concurrent.ThreadPoolExecutor$Worker.run(ThreadPoolExecutor.java:624) [?:1.8.0_212]
	at java.lang.Thread.run(Thread.java:748) [?:1.8.0_212]
2019-09-20 20:59:08,716 [grpc-default-executor-9] INFO  client.GrpcClientProtocolClient (GrpcClientProtocolClient.java:onNext(264)) - client-5246E8BB6237->9dabc3d6-6bd9-4ca2-9d63-753c6cd15dc2: receive RaftClientReply:client-5246E8BB6237->9dabc3d6-6bd9-4ca2-9d63-753c6cd15dc2@group-4C9439252ADD, cid=185, FAILED org.apache.ratis.protocol.StateMachineException: org.apache.hadoop.hdds.scm.container.common.helpers.ContainerNotOpenException from Server 9dabc3d6-6bd9-4ca2-9d63-753c6cd15dc2@group-4C9439252ADD: Container 1 in CLOSING state, logIndex=0, commits[9dabc3d6-6bd9-4ca2-9d63-753c6cd15dc2:c16, 2d4b4d8d-b6d2-468b-8b93-ef1832d4951b:c15, 749bb073-67b9-4e0b-a5ea-b5343d76f657:c14]
20:59:08.716 [grpc-default-executor-8] ERROR DNAudit - user=null | ip=null | op=WRITE_CHUNK {blockData=conID: 1 locID: 102826844077621261 bcsId: 12} | ret=FAILURE
org.apache.hadoop.hdds.scm.container.common.helpers.ContainerNotOpenException: Container 1 in CLOSING state
	at org.apache.hadoop.ozone.container.common.impl.HddsDispatcher.validateContainerCommand(HddsDispatcher.java:434) ~[hadoop-hdds-container-service-0.5.0-SNAPSHOT.jar:?]
	at org.apache.hadoop.ozone.container.common.transport.server.ratis.ContainerStateMachine.startTransaction(ContainerStateMachine.java:315) ~[hadoop-hdds-container-service-0.5.0-SNAPSHOT.jar:?]
	at org.apache.ratis.server.impl.RaftServerImpl.submitClientRequestAsync(RaftServerImpl.java:573) ~[ratis-server-0.4.0-78e95b9-SNAPSHOT.jar:0.4.0-78e95b9-SNAPSHOT]
	at org.apache.ratis.server.impl.RaftServerProxy.lambda$submitClientRequestAsync$7(RaftServerProxy.java:333) ~[ratis-server-0.4.0-78e95b9-SNAPSHOT.jar:0.4.0-78e95b9-SNAPSHOT]
	at org.apache.ratis.server.impl.RaftServerProxy.lambda$null$5(RaftServerProxy.java:328) ~[ratis-server-0.4.0-78e95b9-SNAPSHOT.jar:0.4.0-78e95b9-SNAPSHOT]
	at org.apache.ratis.util.JavaUtils.callAsUnchecked(JavaUtils.java:109) ~[ratis-common-0.4.0-78e95b9-SNAPSHOT.jar:0.4.0-78e95b9-SNAPSHOT]
	at org.apache.ratis.server.impl.RaftServerProxy.lambda$submitRequest$6(RaftServerProxy.java:328) ~[ratis-server-0.4.0-78e95b9-SNAPSHOT.jar:0.4.0-78e95b9-SNAPSHOT]
	at java.util.concurrent.CompletableFuture.uniComposeStage(CompletableFuture.java:981) ~[?:1.8.0_212]
	at java.util.concurrent.CompletableFuture.thenCompose(CompletableFuture.java:2124) ~[?:1.8.0_212]
	at org.apache.ratis.server.impl.RaftServerProxy.submitRequest(RaftServerProxy.java:327) ~[ratis-server-0.4.0-78e95b9-SNAPSHOT.jar:0.4.0-78e95b9-SNAPSHOT]
	at org.apache.ratis.server.impl.RaftServerProxy.submitClientRequestAsync(RaftServerProxy.java:333) ~[ratis-server-0.4.0-78e95b9-SNAPSHOT.jar:0.4.0-78e95b9-SNAPSHOT]
	at org.apache.ratis.grpc.client.GrpcClientProtocolService$RequestStreamObserver.processClientRequest(GrpcClientProtocolService.java:220) ~[ratis-grpc-0.4.0-78e95b9-SNAPSHOT.jar:0.4.0-78e95b9-SNAPSHOT]
	at org.apache.ratis.grpc.client.GrpcClientProtocolService$OrderedRequestStreamObserver.processClientRequest(GrpcClientProtocolService.java:326) ~[ratis-grpc-0.4.0-78e95b9-SNAPSHOT.jar:0.4.0-78e95b9-SNAPSHOT]
	at org.apache.ratis.util.SlidingWindow$Server.processRequestsFromHead(SlidingWindow.java:429) [ratis-common-0.4.0-78e95b9-SNAPSHOT.jar:0.4.0-78e95b9-SNAPSHOT]
	at org.apache.ratis.util.SlidingWindow$Server.receivedRequest(SlidingWindow.java:421) [ratis-common-0.4.0-78e95b9-SNAPSHOT.jar:0.4.0-78e95b9-SNAPSHOT]
	at org.apache.ratis.grpc.client.GrpcClientProtocolService$OrderedRequestStreamObserver.processClientRequest(GrpcClientProtocolService.java:345) [ratis-grpc-0.4.0-78e95b9-SNAPSHOT.jar:0.4.0-78e95b9-SNAPSHOT]
	at org.apache.ratis.grpc.client.GrpcClientProtocolService$RequestStreamObserver.onNext(GrpcClientProtocolService.java:240) [ratis-grpc-0.4.0-78e95b9-SNAPSHOT.jar:0.4.0-78e95b9-SNAPSHOT]
	at org.apache.ratis.grpc.client.GrpcClientProtocolService$RequestStreamObserver.onNext(GrpcClientProtocolService.java:168) [ratis-grpc-0.4.0-78e95b9-SNAPSHOT.jar:0.4.0-78e95b9-SNAPSHOT]
	at org.apache.ratis.thirdparty.io.grpc.stub.ServerCalls$StreamingServerCallHandler$StreamingServerCallListener.onMessage(ServerCalls.java:248) [ratis-thirdparty-misc-0.2.0.jar:0.2.0]
	at org.apache.ratis.thirdparty.io.grpc.internal.ServerCallImpl$ServerStreamListenerImpl.messagesAvailable(ServerCallImpl.java:263) [ratis-thirdparty-misc-0.2.0.jar:0.2.0]
	at org.apache.ratis.thirdparty.io.grpc.internal.ServerImpl$JumpToApplicationThreadServerStreamListener$1MessagesAvailable.runInContext(ServerImpl.java:686) [ratis-thirdparty-misc-0.2.0.jar:0.2.0]
	at org.apache.ratis.thirdparty.io.grpc.internal.ContextRunnable.run(ContextRunnable.java:37) [ratis-thirdparty-misc-0.2.0.jar:0.2.0]
	at org.apache.ratis.thirdparty.io.grpc.internal.SerializingExecutor.run(SerializingExecutor.java:123) [ratis-thirdparty-misc-0.2.0.jar:0.2.0]
	at java.util.concurrent.ThreadPoolExecutor.runWorker(ThreadPoolExecutor.java:1149) [?:1.8.0_212]
	at java.util.concurrent.ThreadPoolExecutor$Worker.run(ThreadPoolExecutor.java:624) [?:1.8.0_212]
	at java.lang.Thread.run(Thread.java:748) [?:1.8.0_212]
2019-09-20 20:59:08,717 [grpc-default-executor-9] INFO  client.GrpcClientProtocolClient (GrpcClientProtocolClient.java:onNext(264)) - client-5246E8BB6237->9dabc3d6-6bd9-4ca2-9d63-753c6cd15dc2: receive RaftClientReply:client-5246E8BB6237->9dabc3d6-6bd9-4ca2-9d63-753c6cd15dc2@group-4C9439252ADD, cid=186, FAILED org.apache.ratis.protocol.StateMachineException: org.apache.hadoop.hdds.scm.container.common.helpers.ContainerNotOpenException from Server 9dabc3d6-6bd9-4ca2-9d63-753c6cd15dc2@group-4C9439252ADD: Container 1 in CLOSING state, logIndex=0, commits[9dabc3d6-6bd9-4ca2-9d63-753c6cd15dc2:c16, 2d4b4d8d-b6d2-468b-8b93-ef1832d4951b:c15, 749bb073-67b9-4e0b-a5ea-b5343d76f657:c14]
20:59:08.717 [grpc-default-executor-8] ERROR DNAudit - user=null | ip=null | op=WRITE_CHUNK {blockData=conID: 1 locID: 102826844077621261 bcsId: 12} | ret=FAILURE
org.apache.hadoop.hdds.scm.container.common.helpers.ContainerNotOpenException: Container 1 in CLOSING state
	at org.apache.hadoop.ozone.container.common.impl.HddsDispatcher.validateContainerCommand(HddsDispatcher.java:434) ~[hadoop-hdds-container-service-0.5.0-SNAPSHOT.jar:?]
	at org.apache.hadoop.ozone.container.common.transport.server.ratis.ContainerStateMachine.startTransaction(ContainerStateMachine.java:315) ~[hadoop-hdds-container-service-0.5.0-SNAPSHOT.jar:?]
	at org.apache.ratis.server.impl.RaftServerImpl.submitClientRequestAsync(RaftServerImpl.java:573) ~[ratis-server-0.4.0-78e95b9-SNAPSHOT.jar:0.4.0-78e95b9-SNAPSHOT]
	at org.apache.ratis.server.impl.RaftServerProxy.lambda$submitClientRequestAsync$7(RaftServerProxy.java:333) ~[ratis-server-0.4.0-78e95b9-SNAPSHOT.jar:0.4.0-78e95b9-SNAPSHOT]
	at org.apache.ratis.server.impl.RaftServerProxy.lambda$null$5(RaftServerProxy.java:328) ~[ratis-server-0.4.0-78e95b9-SNAPSHOT.jar:0.4.0-78e95b9-SNAPSHOT]
	at org.apache.ratis.util.JavaUtils.callAsUnchecked(JavaUtils.java:109) ~[ratis-common-0.4.0-78e95b9-SNAPSHOT.jar:0.4.0-78e95b9-SNAPSHOT]
	at org.apache.ratis.server.impl.RaftServerProxy.lambda$submitRequest$6(RaftServerProxy.java:328) ~[ratis-server-0.4.0-78e95b9-SNAPSHOT.jar:0.4.0-78e95b9-SNAPSHOT]
	at java.util.concurrent.CompletableFuture.uniComposeStage(CompletableFuture.java:981) ~[?:1.8.0_212]
	at java.util.concurrent.CompletableFuture.thenCompose(CompletableFuture.java:2124) ~[?:1.8.0_212]
	at org.apache.ratis.server.impl.RaftServerProxy.submitRequest(RaftServerProxy.java:327) ~[ratis-server-0.4.0-78e95b9-SNAPSHOT.jar:0.4.0-78e95b9-SNAPSHOT]
	at org.apache.ratis.server.impl.RaftServerProxy.submitClientRequestAsync(RaftServerProxy.java:333) ~[ratis-server-0.4.0-78e95b9-SNAPSHOT.jar:0.4.0-78e95b9-SNAPSHOT]
	at org.apache.ratis.grpc.client.GrpcClientProtocolService$RequestStreamObserver.processClientRequest(GrpcClientProtocolService.java:220) ~[ratis-grpc-0.4.0-78e95b9-SNAPSHOT.jar:0.4.0-78e95b9-SNAPSHOT]
	at org.apache.ratis.grpc.client.GrpcClientProtocolService$OrderedRequestStreamObserver.processClientRequest(GrpcClientProtocolService.java:326) ~[ratis-grpc-0.4.0-78e95b9-SNAPSHOT.jar:0.4.0-78e95b9-SNAPSHOT]
	at org.apache.ratis.util.SlidingWindow$Server.processRequestsFromHead(SlidingWindow.java:429) [ratis-common-0.4.0-78e95b9-SNAPSHOT.jar:0.4.0-78e95b9-SNAPSHOT]
	at org.apache.ratis.util.SlidingWindow$Server.receivedRequest(SlidingWindow.java:421) [ratis-common-0.4.0-78e95b9-SNAPSHOT.jar:0.4.0-78e95b9-SNAPSHOT]
	at org.apache.ratis.grpc.client.GrpcClientProtocolService$OrderedRequestStreamObserver.processClientRequest(GrpcClientProtocolService.java:345) [ratis-grpc-0.4.0-78e95b9-SNAPSHOT.jar:0.4.0-78e95b9-SNAPSHOT]
	at org.apache.ratis.grpc.client.GrpcClientProtocolService$RequestStreamObserver.onNext(GrpcClientProtocolService.java:240) [ratis-grpc-0.4.0-78e95b9-SNAPSHOT.jar:0.4.0-78e95b9-SNAPSHOT]
	at org.apache.ratis.grpc.client.GrpcClientProtocolService$RequestStreamObserver.onNext(GrpcClientProtocolService.java:168) [ratis-grpc-0.4.0-78e95b9-SNAPSHOT.jar:0.4.0-78e95b9-SNAPSHOT]
	at org.apache.ratis.thirdparty.io.grpc.stub.ServerCalls$StreamingServerCallHandler$StreamingServerCallListener.onMessage(ServerCalls.java:248) [ratis-thirdparty-misc-0.2.0.jar:0.2.0]
	at org.apache.ratis.thirdparty.io.grpc.internal.ServerCallImpl$ServerStreamListenerImpl.messagesAvailable(ServerCallImpl.java:263) [ratis-thirdparty-misc-0.2.0.jar:0.2.0]
	at org.apache.ratis.thirdparty.io.grpc.internal.ServerImpl$JumpToApplicationThreadServerStreamListener$1MessagesAvailable.runInContext(ServerImpl.java:686) [ratis-thirdparty-misc-0.2.0.jar:0.2.0]
	at org.apache.ratis.thirdparty.io.grpc.internal.ContextRunnable.run(ContextRunnable.java:37) [ratis-thirdparty-misc-0.2.0.jar:0.2.0]
	at org.apache.ratis.thirdparty.io.grpc.internal.SerializingExecutor.run(SerializingExecutor.java:123) [ratis-thirdparty-misc-0.2.0.jar:0.2.0]
	at java.util.concurrent.ThreadPoolExecutor.runWorker(ThreadPoolExecutor.java:1149) [?:1.8.0_212]
	at java.util.concurrent.ThreadPoolExecutor$Worker.run(ThreadPoolExecutor.java:624) [?:1.8.0_212]
	at java.lang.Thread.run(Thread.java:748) [?:1.8.0_212]
20:59:08.729 [grpc-default-executor-8] ERROR DNAudit - user=null | ip=null | op=PUT_BLOCK {blockData=[blockId=conID: 1 locID: 102826844077621261 bcsId: 0,size=800]} | ret=FAILURE
org.apache.hadoop.hdds.scm.container.common.helpers.ContainerNotOpenException: Container 1 in CLOSING state
	at org.apache.hadoop.ozone.container.common.impl.HddsDispatcher.validateContainerCommand(HddsDispatcher.java:434) ~[hadoop-hdds-container-service-0.5.0-SNAPSHOT.jar:?]
	at org.apache.hadoop.ozone.container.common.transport.server.ratis.ContainerStateMachine.startTransaction(ContainerStateMachine.java:315) ~[hadoop-hdds-container-service-0.5.0-SNAPSHOT.jar:?]
	at org.apache.ratis.server.impl.RaftServerImpl.submitClientRequestAsync(RaftServerImpl.java:573) ~[ratis-server-0.4.0-78e95b9-SNAPSHOT.jar:0.4.0-78e95b9-SNAPSHOT]
	at org.apache.ratis.server.impl.RaftServerProxy.lambda$submitClientRequestAsync$7(RaftServerProxy.java:333) ~[ratis-server-0.4.0-78e95b9-SNAPSHOT.jar:0.4.0-78e95b9-SNAPSHOT]
	at org.apache.ratis.server.impl.RaftServerProxy.lambda$null$5(RaftServerProxy.java:328) ~[ratis-server-0.4.0-78e95b9-SNAPSHOT.jar:0.4.0-78e95b9-SNAPSHOT]
	at org.apache.ratis.util.JavaUtils.callAsUnchecked(JavaUtils.java:109) ~[ratis-common-0.4.0-78e95b9-SNAPSHOT.jar:0.4.0-78e95b9-SNAPSHOT]
	at org.apache.ratis.server.impl.RaftServerProxy.lambda$submitRequest$6(RaftServerProxy.java:328) ~[ratis-server-0.4.0-78e95b9-SNAPSHOT.jar:0.4.0-78e95b9-SNAPSHOT]
	at java.util.concurrent.CompletableFuture.uniComposeStage(CompletableFuture.java:981) ~[?:1.8.0_212]
	at java.util.concurrent.CompletableFuture.thenCompose(CompletableFuture.java:2124) ~[?:1.8.0_212]
	at org.apache.ratis.server.impl.RaftServerProxy.submitRequest(RaftServerProxy.java:327) ~[ratis-server-0.4.0-78e95b9-SNAPSHOT.jar:0.4.0-78e95b9-SNAPSHOT]
	at org.apache.ratis.server.impl.RaftServerProxy.submitClientRequestAsync(RaftServerProxy.java:333) ~[ratis-server-0.4.0-78e95b9-SNAPSHOT.jar:0.4.0-78e95b9-SNAPSHOT]
	at org.apache.ratis.grpc.client.GrpcClientProtocolService$RequestStreamObserver.processClientRequest(GrpcClientProtocolService.java:220) ~[ratis-grpc-0.4.0-78e95b9-SNAPSHOT.jar:0.4.0-78e95b9-SNAPSHOT]
	at org.apache.ratis.grpc.client.GrpcClientProtocolService$OrderedRequestStreamObserver.processClientRequest(GrpcClientProtocolService.java:326) ~[ratis-grpc-0.4.0-78e95b9-SNAPSHOT.jar:0.4.0-78e95b9-SNAPSHOT]
	at org.apache.ratis.util.SlidingWindow$Server.processRequestsFromHead(SlidingWindow.java:429) [ratis-common-0.4.0-78e95b9-SNAPSHOT.jar:0.4.0-78e95b9-SNAPSHOT]
	at org.apache.ratis.util.SlidingWindow$Server.receivedRequest(SlidingWindow.java:421) [ratis-common-0.4.0-78e95b9-SNAPSHOT.jar:0.4.0-78e95b9-SNAPSHOT]
	at org.apache.ratis.grpc.client.GrpcClientProtocolService$OrderedRequestStreamObserver.processClientRequest(GrpcClientProtocolService.java:345) [ratis-grpc-0.4.0-78e95b9-SNAPSHOT.jar:0.4.0-78e95b9-SNAPSHOT]
	at org.apache.ratis.grpc.client.GrpcClientProtocolService$RequestStreamObserver.onNext(GrpcClientProtocolService.java:240) [ratis-grpc-0.4.0-78e95b9-SNAPSHOT.jar:0.4.0-78e95b9-SNAPSHOT]
	at org.apache.ratis.grpc.client.GrpcClientProtocolService$RequestStreamObserver.onNext(GrpcClientProtocolService.java:168) [ratis-grpc-0.4.0-78e95b9-SNAPSHOT.jar:0.4.0-78e95b9-SNAPSHOT]
	at org.apache.ratis.thirdparty.io.grpc.stub.ServerCalls$StreamingServerCallHandler$StreamingServerCallListener.onMessage(ServerCalls.java:248) [ratis-thirdparty-misc-0.2.0.jar:0.2.0]
	at org.apache.ratis.thirdparty.io.grpc.internal.ServerCallImpl$ServerStreamListenerImpl.messagesAvailable(ServerCallImpl.java:263) [ratis-thirdparty-misc-0.2.0.jar:0.2.0]
	at org.apache.ratis.thirdparty.io.grpc.internal.ServerImpl$JumpToApplicationThreadServerStreamListener$1MessagesAvailable.runInContext(ServerImpl.java:686) [ratis-thirdparty-misc-0.2.0.jar:0.2.0]
	at org.apache.ratis.thirdparty.io.grpc.internal.ContextRunnable.run(ContextRunnable.java:37) [ratis-thirdparty-misc-0.2.0.jar:0.2.0]
	at org.apache.ratis.thirdparty.io.grpc.internal.SerializingExecutor.run(SerializingExecutor.java:123) [ratis-thirdparty-misc-0.2.0.jar:0.2.0]
	at java.util.concurrent.ThreadPoolExecutor.runWorker(ThreadPoolExecutor.java:1149) [?:1.8.0_212]
	at java.util.concurrent.ThreadPoolExecutor$Worker.run(ThreadPoolExecutor.java:624) [?:1.8.0_212]
	at java.lang.Thread.run(Thread.java:748) [?:1.8.0_212]
2019-09-20 20:59:08,730 [grpc-default-executor-9] INFO  client.GrpcClientProtocolClient (GrpcClientProtocolClient.java:onNext(264)) - client-5246E8BB6237->9dabc3d6-6bd9-4ca2-9d63-753c6cd15dc2: receive RaftClientReply:client-5246E8BB6237->9dabc3d6-6bd9-4ca2-9d63-753c6cd15dc2@group-4C9439252ADD, cid=187, FAILED org.apache.ratis.protocol.StateMachineException: org.apache.hadoop.hdds.scm.container.common.helpers.ContainerNotOpenException from Server 9dabc3d6-6bd9-4ca2-9d63-753c6cd15dc2@group-4C9439252ADD: Container 1 in CLOSING state, logIndex=0, commits[9dabc3d6-6bd9-4ca2-9d63-753c6cd15dc2:c16, 2d4b4d8d-b6d2-468b-8b93-ef1832d4951b:c15, 749bb073-67b9-4e0b-a5ea-b5343d76f657:c14]
2019-09-20 20:59:08,746 [grpc-default-executor-9] INFO  client.GrpcClientProtocolClient (GrpcClientProtocolClient.java:onNext(264)) - client-5246E8BB6237->9dabc3d6-6bd9-4ca2-9d63-753c6cd15dc2: receive RaftClientReply:client-5246E8BB6237->9dabc3d6-6bd9-4ca2-9d63-753c6cd15dc2@group-4C9439252ADD, cid=188, FAILED org.apache.ratis.protocol.StateMachineException: org.apache.hadoop.hdds.scm.container.common.helpers.ContainerNotOpenException from Server 9dabc3d6-6bd9-4ca2-9d63-753c6cd15dc2@group-4C9439252ADD: Container 1 in CLOSING state, logIndex=0, commits[9dabc3d6-6bd9-4ca2-9d63-753c6cd15dc2:c16, 2d4b4d8d-b6d2-468b-8b93-ef1832d4951b:c15, 749bb073-67b9-4e0b-a5ea-b5343d76f657:c14]
2019-09-20 20:59:08,747 [grpc-default-executor-9] INFO  client.GrpcClientProtocolClient (GrpcClientProtocolClient.java:onNext(264)) - client-5246E8BB6237->9dabc3d6-6bd9-4ca2-9d63-753c6cd15dc2: receive RaftClientReply:client-5246E8BB6237->9dabc3d6-6bd9-4ca2-9d63-753c6cd15dc2@group-4C9439252ADD, cid=189, FAILED org.apache.ratis.protocol.StateMachineException: org.apache.hadoop.hdds.scm.container.common.helpers.ContainerNotOpenException from Server 9dabc3d6-6bd9-4ca2-9d63-753c6cd15dc2@group-4C9439252ADD: Container 1 in CLOSING state, logIndex=0, commits[9dabc3d6-6bd9-4ca2-9d63-753c6cd15dc2:c16, 2d4b4d8d-b6d2-468b-8b93-ef1832d4951b:c15, 749bb073-67b9-4e0b-a5ea-b5343d76f657:c14]
2019-09-20 20:59:08,806 [grpc-default-executor-9] INFO  client.GrpcClientProtocolClient (GrpcClientProtocolClient.java:onNext(264)) - client-C5B5CF4CCD32->94a6d619-c930-45b6-ab16-e3ef1a750777: receive RaftClientReply:client-C5B5CF4CCD32->94a6d619-c930-45b6-ab16-e3ef1a750777@group-34472633DB3A, cid=190, FAILED org.apache.ratis.protocol.NotLeaderException: Server 94a6d619-c930-45b6-ab16-e3ef1a750777@group-34472633DB3A is not the leader 611ae901-e50a-4ae8-a9b2-2f86c5d8c65e:192.168.157.230:43796, logIndex=0, commits[94a6d619-c930-45b6-ab16-e3ef1a750777:c0, 95d4fb60-b61e-4c4a-8fcb-b8ff1d3ec0a8:c0, 611ae901-e50a-4ae8-a9b2-2f86c5d8c65e:c0]
2019-09-20 20:59:08,965 [grpc-default-executor-8] INFO  client.GrpcClientProtocolClient (GrpcClientProtocolClient.java:onNext(264)) - client-C5B5CF4CCD32->611ae901-e50a-4ae8-a9b2-2f86c5d8c65e: receive RaftClientReply:client-C5B5CF4CCD32->611ae901-e50a-4ae8-a9b2-2f86c5d8c65e@group-34472633DB3A, cid=190, SUCCESS, logIndex=1, commits[611ae901-e50a-4ae8-a9b2-2f86c5d8c65e:c1, 95d4fb60-b61e-4c4a-8fcb-b8ff1d3ec0a8:c0, 94a6d619-c930-45b6-ab16-e3ef1a750777:c0]
2019-09-20 20:59:08,980 [grpc-default-executor-9] INFO  client.GrpcClientProtocolClient (GrpcClientProtocolClient.java:onNext(264)) - client-C5B5CF4CCD32->611ae901-e50a-4ae8-a9b2-2f86c5d8c65e: receive RaftClientReply:client-C5B5CF4CCD32->611ae901-e50a-4ae8-a9b2-2f86c5d8c65e@group-34472633DB3A, cid=191, SUCCESS, logIndex=3, commits[611ae901-e50a-4ae8-a9b2-2f86c5d8c65e:c5, 95d4fb60-b61e-4c4a-8fcb-b8ff1d3ec0a8:c1, 94a6d619-c930-45b6-ab16-e3ef1a750777:c1]
2019-09-20 20:59:09,011 [grpc-default-executor-8] INFO  client.GrpcClientProtocolClient (GrpcClientProtocolClient.java:onNext(264)) - client-C5B5CF4CCD32->611ae901-e50a-4ae8-a9b2-2f86c5d8c65e: receive RaftClientReply:client-C5B5CF4CCD32->611ae901-e50a-4ae8-a9b2-2f86c5d8c65e@group-34472633DB3A, cid=192, SUCCESS, logIndex=4, commits[611ae901-e50a-4ae8-a9b2-2f86c5d8c65e:c11, 95d4fb60-b61e-4c4a-8fcb-b8ff1d3ec0a8:c7, 94a6d619-c930-45b6-ab16-e3ef1a750777:c7]
2019-09-20 20:59:09,013 [grpc-default-executor-8] INFO  client.GrpcClientProtocolClient (GrpcClientProtocolClient.java:onNext(264)) - client-C5B5CF4CCD32->611ae901-e50a-4ae8-a9b2-2f86c5d8c65e: receive RaftClientReply:client-C5B5CF4CCD32->611ae901-e50a-4ae8-a9b2-2f86c5d8c65e@group-34472633DB3A, cid=193, SUCCESS, logIndex=5, commits[611ae901-e50a-4ae8-a9b2-2f86c5d8c65e:c11, 95d4fb60-b61e-4c4a-8fcb-b8ff1d3ec0a8:c7, 94a6d619-c930-45b6-ab16-e3ef1a750777:c7]
2019-09-20 20:59:09,013 [grpc-default-executor-8] INFO  client.GrpcClientProtocolClient (GrpcClientProtocolClient.java:onNext(264)) - client-C5B5CF4CCD32->611ae901-e50a-4ae8-a9b2-2f86c5d8c65e: receive RaftClientReply:client-C5B5CF4CCD32->611ae901-e50a-4ae8-a9b2-2f86c5d8c65e@group-34472633DB3A, cid=194, SUCCESS, logIndex=6, commits[611ae901-e50a-4ae8-a9b2-2f86c5d8c65e:c11, 95d4fb60-b61e-4c4a-8fcb-b8ff1d3ec0a8:c7, 94a6d619-c930-45b6-ab16-e3ef1a750777:c7]
2019-09-20 20:59:09,092 [grpc-default-executor-8] INFO  client.GrpcClientProtocolClient (GrpcClientProtocolClient.java:onNext(264)) - client-C5B5CF4CCD32->611ae901-e50a-4ae8-a9b2-2f86c5d8c65e: receive RaftClientReply:client-C5B5CF4CCD32->611ae901-e50a-4ae8-a9b2-2f86c5d8c65e@group-34472633DB3A, cid=195, SUCCESS, logIndex=7, commits[611ae901-e50a-4ae8-a9b2-2f86c5d8c65e:c11, 95d4fb60-b61e-4c4a-8fcb-b8ff1d3ec0a8:c7, 94a6d619-c930-45b6-ab16-e3ef1a750777:c7]
2019-09-20 20:59:09,102 [grpc-default-executor-8] INFO  client.GrpcClientProtocolClient (GrpcClientProtocolClient.java:onNext(264)) - client-C5B5CF4CCD32->611ae901-e50a-4ae8-a9b2-2f86c5d8c65e: receive RaftClientReply:client-C5B5CF4CCD32->611ae901-e50a-4ae8-a9b2-2f86c5d8c65e@group-34472633DB3A, cid=196, SUCCESS, logIndex=12, commits[611ae901-e50a-4ae8-a9b2-2f86c5d8c65e:c13, 95d4fb60-b61e-4c4a-8fcb-b8ff1d3ec0a8:c11, 94a6d619-c930-45b6-ab16-e3ef1a750777:c11]
2019-09-20 20:59:09,104 [grpc-default-executor-8] INFO  client.GrpcClientProtocolClient (GrpcClientProtocolClient.java:onNext(264)) - client-C5B5CF4CCD32->611ae901-e50a-4ae8-a9b2-2f86c5d8c65e: receive RaftClientReply:client-C5B5CF4CCD32->611ae901-e50a-4ae8-a9b2-2f86c5d8c65e@group-34472633DB3A, cid=197, SUCCESS, logIndex=13, commits[611ae901-e50a-4ae8-a9b2-2f86c5d8c65e:c13, 95d4fb60-b61e-4c4a-8fcb-b8ff1d3ec0a8:c11, 94a6d619-c930-45b6-ab16-e3ef1a750777:c11]
2019-09-20 20:59:09,108 [grpc-default-executor-8] INFO  client.GrpcClientProtocolClient (GrpcClientProtocolClient.java:onNext(264)) - client-C5B5CF4CCD32->611ae901-e50a-4ae8-a9b2-2f86c5d8c65e: receive RaftClientReply:client-C5B5CF4CCD32->611ae901-e50a-4ae8-a9b2-2f86c5d8c65e@group-34472633DB3A, cid=198, SUCCESS, logIndex=0, commits[611ae901-e50a-4ae8-a9b2-2f86c5d8c65e:c15, 95d4fb60-b61e-4c4a-8fcb-b8ff1d3ec0a8:c13, 94a6d619-c930-45b6-ab16-e3ef1a750777:c13]
2019-09-20 20:59:09,110 [main] INFO  ozone.MiniOzoneClusterImpl (MiniOzoneClusterImpl.java:shutdown(312)) - Shutting down the Mini Ozone Cluster
2019-09-20 20:59:09,110 [main] INFO  ozone.MiniOzoneClusterImpl (MiniOzoneClusterImpl.java:stop(327)) - Stopping the Mini Ozone Cluster
2019-09-20 20:59:09,110 [main] INFO  ozone.MiniOzoneClusterImpl (MiniOzoneClusterImpl.java:stop(329)) - Stopping the OzoneManager
2019-09-20 20:59:09,110 [main] INFO  ipc.Server (Server.java:stop(3082)) - Stopping server on 44092
2019-09-20 20:59:09,122 [IPC Server listener on 44092] INFO  ipc.Server (Server.java:run(1185)) - Stopping IPC Server listener on 44092
2019-09-20 20:59:09,126 [IPC Server Responder] INFO  ipc.Server (Server.java:run(1319)) - Stopping IPC Server Responder
2019-09-20 20:59:09,124 [main] INFO  ratis.OzoneManagerDoubleBuffer (OzoneManagerDoubleBuffer.java:stop(248)) - Stopping OMDoubleBuffer flush thread
2019-09-20 20:59:09,129 [OMDoubleBufferFlushThread] INFO  ratis.OzoneManagerDoubleBuffer (OzoneManagerDoubleBuffer.java:flushTransactions(191)) - OMDoubleBuffer flush thread OMDoubleBufferFlushThread is interrupted and will exit. OMDoubleBufferFlushThread
2019-09-20 20:59:09,139 [main] INFO  utils.BackgroundService (BackgroundService.java:shutdown(148)) - Shutting down service KeyDeletingService
2019-09-20 20:59:09,141 [main] INFO  handler.ContextHandler (ContextHandler.java:doStop(910)) - Stopped o.e.j.w.WebAppContext@29d070c7{/,null,UNAVAILABLE}{/ozoneManager}
2019-09-20 20:59:09,141 [main] INFO  server.AbstractConnector (AbstractConnector.java:doStop(318)) - Stopped ServerConnector@1eeb5818{HTTP/1.1,[http/1.1]}{0.0.0.0:0}
2019-09-20 20:59:09,142 [main] INFO  handler.ContextHandler (ContextHandler.java:doStop(910)) - Stopped o.e.j.s.ServletContextHandler@7a606260{/static,file:///workdir/hadoop-ozone/integration-test/target/test-classes/webapps/static,UNAVAILABLE}
2019-09-20 20:59:09,142 [main] INFO  handler.ContextHandler (ContextHandler.java:doStop(910)) - Stopped o.e.j.s.ServletContextHandler@6b867ee7{/logs,file:///workdir/hadoop-ozone/integration-test/target/log,UNAVAILABLE}
2019-09-20 20:59:09,144 [main] INFO  ozone.MiniOzoneClusterImpl (MiniOzoneClusterImpl.java:stop(335)) - Shutting the HddsDatanodes
2019-09-20 20:59:09,944 [Datanode State Machine Thread - 0] INFO  statemachine.DatanodeStateMachine (DatanodeStateMachine.java:lambda$startDaemon$0(350)) - Ozone container server started.
2019-09-20 20:59:10,091 [Datanode State Machine Thread - 0] INFO  statemachine.DatanodeStateMachine (DatanodeStateMachine.java:lambda$startDaemon$0(350)) - Ozone container server started.
2019-09-20 20:59:10,649 [grpc-default-executor-5] WARN  server.GrpcLogAppender (LogUtils.java:warn(134)) - 9dabc3d6-6bd9-4ca2-9d63-753c6cd15dc2@group-4C9439252ADD->749bb073-67b9-4e0b-a5ea-b5343d76f657-AppendLogResponseHandler: Failed appendEntries: org.apache.ratis.thirdparty.io.grpc.StatusRuntimeException: UNAVAILABLE: io exception
2019-09-20 20:59:10,649 [grpc-default-executor-5] INFO  impl.FollowerInfo (FollowerInfo.java:lambda$new$0(51)) - 9dabc3d6-6bd9-4ca2-9d63-753c6cd15dc2@group-4C9439252ADD->749bb073-67b9-4e0b-a5ea-b5343d76f657: nextIndex: updateUnconditionally 1 -> 0
2019-09-20 20:59:13,151 [grpc-default-executor-8] WARN  server.GrpcLogAppender (LogUtils.java:warn(134)) - 9dabc3d6-6bd9-4ca2-9d63-753c6cd15dc2@group-4C9439252ADD->749bb073-67b9-4e0b-a5ea-b5343d76f657-AppendLogResponseHandler: Failed appendEntries: org.apache.ratis.thirdparty.io.grpc.StatusRuntimeException: UNAVAILABLE: io exception
2019-09-20 20:59:13,152 [grpc-default-executor-8] INFO  impl.FollowerInfo (FollowerInfo.java:lambda$new$0(51)) - 9dabc3d6-6bd9-4ca2-9d63-753c6cd15dc2@group-4C9439252ADD->749bb073-67b9-4e0b-a5ea-b5343d76f657: nextIndex: updateUnconditionally 0 -> 0
2019-09-20 20:59:13,999 [EventQueue-StaleNodeForStaleNodeHandler] INFO  node.StaleNodeHandler (StaleNodeHandler.java:onMessage(58)) - Datanode 94a6d619-c930-45b6-ab16-e3ef1a750777{ip: 192.168.157.230, host: pr-hdds-2159-7gjv7-4246597483, networkLocation: /default-rack, certSerialId: null} moved to stale state. Finalizing its pipelines [PipelineID=2eab33d4-7391-4c6d-9c7a-34472633db3a, PipelineID=2c8c6bcc-1a35-4629-92df-000909c5c436]
2019-09-20 20:59:13,999 [EventQueue-StaleNodeForStaleNodeHandler] INFO  pipeline.SCMPipelineManager (SCMPipelineManager.java:finalizeAndDestroyPipeline(311)) - destroying pipeline:Pipeline[ Id: 2eab33d4-7391-4c6d-9c7a-34472633db3a, Nodes: 94a6d619-c930-45b6-ab16-e3ef1a750777{ip: 192.168.157.230, host: pr-hdds-2159-7gjv7-4246597483, networkLocation: /default-rack, certSerialId: null}95d4fb60-b61e-4c4a-8fcb-b8ff1d3ec0a8{ip: 192.168.157.230, host: pr-hdds-2159-7gjv7-4246597483, networkLocation: /default-rack, certSerialId: null}611ae901-e50a-4ae8-a9b2-2f86c5d8c65e{ip: 192.168.157.230, host: pr-hdds-2159-7gjv7-4246597483, networkLocation: /default-rack, certSerialId: null}, Type:RATIS, Factor:THREE, State:OPEN]
2019-09-20 20:59:13,999 [EventQueue-StaleNodeForStaleNodeHandler] INFO  pipeline.PipelineStateManager (PipelineStateManager.java:finalizePipeline(123)) - Pipeline Pipeline[ Id: 2eab33d4-7391-4c6d-9c7a-34472633db3a, Nodes: 94a6d619-c930-45b6-ab16-e3ef1a750777{ip: 192.168.157.230, host: pr-hdds-2159-7gjv7-4246597483, networkLocation: /default-rack, certSerialId: null}95d4fb60-b61e-4c4a-8fcb-b8ff1d3ec0a8{ip: 192.168.157.230, host: pr-hdds-2159-7gjv7-4246597483, networkLocation: /default-rack, certSerialId: null}611ae901-e50a-4ae8-a9b2-2f86c5d8c65e{ip: 192.168.157.230, host: pr-hdds-2159-7gjv7-4246597483, networkLocation: /default-rack, certSerialId: null}, Type:RATIS, Factor:THREE, State:CLOSED] moved to CLOSED state
2019-09-20 20:59:14,000 [EventQueue-CloseContainerForCloseContainerEventHandler] INFO  container.CloseContainerEventHandler (CloseContainerEventHandler.java:onMessage(61)) - Close container Event triggered for container : #2
2019-09-20 20:59:14,000 [EventQueue-StaleNodeForStaleNodeHandler] INFO  pipeline.SCMPipelineManager (SCMPipelineManager.java:finalizeAndDestroyPipeline(311)) - destroying pipeline:Pipeline[ Id: 2c8c6bcc-1a35-4629-92df-000909c5c436, Nodes: 94a6d619-c930-45b6-ab16-e3ef1a750777{ip: 192.168.157.230, host: pr-hdds-2159-7gjv7-4246597483, networkLocation: /default-rack, certSerialId: null}, Type:RATIS, Factor:ONE, State:OPEN]
2019-09-20 20:59:14,007 [EventQueue-StaleNodeForStaleNodeHandler] INFO  pipeline.PipelineStateManager (PipelineStateManager.java:finalizePipeline(123)) - Pipeline Pipeline[ Id: 2c8c6bcc-1a35-4629-92df-000909c5c436, Nodes: 94a6d619-c930-45b6-ab16-e3ef1a750777{ip: 192.168.157.230, host: pr-hdds-2159-7gjv7-4246597483, networkLocation: /default-rack, certSerialId: null}, Type:RATIS, Factor:ONE, State:CLOSED] moved to CLOSED state
2019-09-20 20:59:14,099 [EventQueue-StaleNodeForStaleNodeHandler] INFO  node.StaleNodeHandler (StaleNodeHandler.java:onMessage(58)) - Datanode 9dabc3d6-6bd9-4ca2-9d63-753c6cd15dc2{ip: 192.168.157.230, host: pr-hdds-2159-7gjv7-4246597483, networkLocation: /default-rack, certSerialId: null} moved to stale state. Finalizing its pipelines [PipelineID=e53feeaa-93b8-4bfd-ba72-92b3e14ed7de, PipelineID=0ecca5f1-ef0e-4bd5-aa28-4c9439252add]
2019-09-20 20:59:14,099 [EventQueue-StaleNodeForStaleNodeHandler] INFO  pipeline.SCMPipelineManager (SCMPipelineManager.java:finalizeAndDestroyPipeline(311)) - destroying pipeline:Pipeline[ Id: e53feeaa-93b8-4bfd-ba72-92b3e14ed7de, Nodes: 9dabc3d6-6bd9-4ca2-9d63-753c6cd15dc2{ip: 192.168.157.230, host: pr-hdds-2159-7gjv7-4246597483, networkLocation: /default-rack, certSerialId: null}, Type:RATIS, Factor:ONE, State:OPEN]
2019-09-20 20:59:14,100 [EventQueue-StaleNodeForStaleNodeHandler] INFO  pipeline.PipelineStateManager (PipelineStateManager.java:finalizePipeline(123)) - Pipeline Pipeline[ Id: e53feeaa-93b8-4bfd-ba72-92b3e14ed7de, Nodes: 9dabc3d6-6bd9-4ca2-9d63-753c6cd15dc2{ip: 192.168.157.230, host: pr-hdds-2159-7gjv7-4246597483, networkLocation: /default-rack, certSerialId: null}, Type:RATIS, Factor:ONE, State:CLOSED] moved to CLOSED state
2019-09-20 20:59:14,100 [EventQueue-StaleNodeForStaleNodeHandler] INFO  pipeline.SCMPipelineManager (SCMPipelineManager.java:finalizeAndDestroyPipeline(311)) - destroying pipeline:Pipeline[ Id: 0ecca5f1-ef0e-4bd5-aa28-4c9439252add, Nodes: 749bb073-67b9-4e0b-a5ea-b5343d76f657{ip: 192.168.157.230, host: pr-hdds-2159-7gjv7-4246597483, networkLocation: /default-rack, certSerialId: null}9dabc3d6-6bd9-4ca2-9d63-753c6cd15dc2{ip: 192.168.157.230, host: pr-hdds-2159-7gjv7-4246597483, networkLocation: /default-rack, certSerialId: null}2d4b4d8d-b6d2-468b-8b93-ef1832d4951b{ip: 192.168.157.230, host: pr-hdds-2159-7gjv7-4246597483, networkLocation: /default-rack, certSerialId: null}, Type:RATIS, Factor:THREE, State:CLOSED]
2019-09-20 20:59:14,146 [ForkJoinPool.commonPool-worker-0] INFO  ozoneimpl.OzoneContainer (OzoneContainer.java:stop(231)) - Attempting to stop container services.
2019-09-20 20:59:14,146 [main] INFO  ozoneimpl.OzoneContainer (OzoneContainer.java:stop(231)) - Attempting to stop container services.
2019-09-20 20:59:14,152 [ForkJoinPool.commonPool-worker-0] INFO  impl.RaftServerProxy (RaftServerProxy.java:lambda$close$4(314)) - 9dabc3d6-6bd9-4ca2-9d63-753c6cd15dc2: close
2019-09-20 20:59:14,152 [main] INFO  impl.RaftServerProxy (RaftServerProxy.java:lambda$close$4(314)) - 94a6d619-c930-45b6-ab16-e3ef1a750777: close
2019-09-20 20:59:14,152 [ForkJoinPool.commonPool-worker-0] INFO  impl.RaftServerImpl (RaftServerImpl.java:lambda$shutdown$3(251)) - 9dabc3d6-6bd9-4ca2-9d63-753c6cd15dc2@group-92B3E14ED7DE: shutdown
2019-09-20 20:59:14,153 [main] INFO  impl.RaftServerImpl (RaftServerImpl.java:lambda$shutdown$3(251)) - 94a6d619-c930-45b6-ab16-e3ef1a750777@group-34472633DB3A: shutdown
2019-09-20 20:59:14,153 [ForkJoinPool.commonPool-worker-0] INFO  util.JmxRegister (JmxRegister.java:unregister(73)) - Successfully un-registered JMX Bean with object name Ratis:service=RaftServer,group=group-92B3E14ED7DE,id=9dabc3d6-6bd9-4ca2-9d63-753c6cd15dc2
2019-09-20 20:59:14,153 [main] INFO  util.JmxRegister (JmxRegister.java:unregister(73)) - Successfully un-registered JMX Bean with object name Ratis:service=RaftServer,group=group-34472633DB3A,id=94a6d619-c930-45b6-ab16-e3ef1a750777
2019-09-20 20:59:14,153 [ForkJoinPool.commonPool-worker-0] INFO  impl.RoleInfo (RoleInfo.java:shutdownLeaderState(104)) - 9dabc3d6-6bd9-4ca2-9d63-753c6cd15dc2: shutdown LeaderState
2019-09-20 20:59:14,153 [main] INFO  impl.RoleInfo (RoleInfo.java:shutdownFollowerState(121)) - 94a6d619-c930-45b6-ab16-e3ef1a750777: shutdown FollowerState
2019-09-20 20:59:14,153 [ForkJoinPool.commonPool-worker-0] INFO  impl.PendingRequests (PendingRequests.java:sendNotLeaderResponses(202)) - 9dabc3d6-6bd9-4ca2-9d63-753c6cd15dc2-PendingRequests: sendNotLeaderResponses
2019-09-20 20:59:14,154 [Thread-2960] INFO  impl.FollowerState (FollowerState.java:run(115)) - 94a6d619-c930-45b6-ab16-e3ef1a750777: FollowerState was interrupted: java.lang.InterruptedException: sleep interrupted
2019-09-20 20:59:14,154 [main] INFO  impl.StateMachineUpdater (StateMachineUpdater.java:stopAndJoin(125)) - 94a6d619-c930-45b6-ab16-e3ef1a750777@group-34472633DB3A-StateMachineUpdater: set stopIndex = 15
2019-09-20 20:59:14,157 [ForkJoinPool.commonPool-worker-0] INFO  impl.StateMachineUpdater (StateMachineUpdater.java:stopAndJoin(125)) - 9dabc3d6-6bd9-4ca2-9d63-753c6cd15dc2@group-92B3E14ED7DE-StateMachineUpdater: set stopIndex = 0
2019-09-20 20:59:14,157 [94a6d619-c930-45b6-ab16-e3ef1a750777@group-34472633DB3A-StateMachineUpdater] INFO  ratis.ContainerStateMachine (ContainerStateMachine.java:takeSnapshot(289)) - group-34472633DB3A: Taking a snapshot at:(t:1, i:13) file /workdir/hadoop-ozone/integration-test/target/test-dir/MiniOzoneClusterImpl-9716d3f7-240c-4861-9957-7330e711a072/datanode-4/data/ratis/2eab33d4-7391-4c6d-9c7a-34472633db3a/sm/snapshot.1_13
2019-09-20 20:59:14,158 [ForkJoinPool.commonPool-worker-0] INFO  impl.RaftServerImpl (ServerState.java:close(385)) - 9dabc3d6-6bd9-4ca2-9d63-753c6cd15dc2@group-92B3E14ED7DE: closes. applyIndex: 0
2019-09-20 20:59:14,158 [9dabc3d6-6bd9-4ca2-9d63-753c6cd15dc2@group-92B3E14ED7DE-SegmentedRaftLogWorker] INFO  segmented.SegmentedRaftLogWorker (SegmentedRaftLogWorker.java:run(313)) - 9dabc3d6-6bd9-4ca2-9d63-753c6cd15dc2@group-92B3E14ED7DE-SegmentedRaftLogWorker was interrupted, exiting. There are 0 tasks remaining in the queue.
2019-09-20 20:59:14,169 [ForkJoinPool.commonPool-worker-0] INFO  segmented.SegmentedRaftLogWorker (SegmentedRaftLogWorker.java:close(228)) - 9dabc3d6-6bd9-4ca2-9d63-753c6cd15dc2@group-92B3E14ED7DE-SegmentedRaftLogWorker close()
2019-09-20 20:59:14,172 [ForkJoinPool.commonPool-worker-0] INFO  impl.RaftServerImpl (RaftServerImpl.java:lambda$shutdown$3(251)) - 9dabc3d6-6bd9-4ca2-9d63-753c6cd15dc2@group-4C9439252ADD: shutdown
2019-09-20 20:59:14,173 [94a6d619-c930-45b6-ab16-e3ef1a750777@group-34472633DB3A-StateMachineUpdater] INFO  ratis.ContainerStateMachine (ContainerStateMachine.java:takeSnapshot(300)) - group-34472633DB3A: Finished taking a snapshot at:(t:1, i:13) file:/workdir/hadoop-ozone/integration-test/target/test-dir/MiniOzoneClusterImpl-9716d3f7-240c-4861-9957-7330e711a072/datanode-4/data/ratis/2eab33d4-7391-4c6d-9c7a-34472633db3a/sm/snapshot.1_13 time:19
2019-09-20 20:59:14,173 [ForkJoinPool.commonPool-worker-0] INFO  util.JmxRegister (JmxRegister.java:unregister(73)) - Successfully un-registered JMX Bean with object name Ratis:service=RaftServer,group=group-4C9439252ADD,id=9dabc3d6-6bd9-4ca2-9d63-753c6cd15dc2
2019-09-20 20:59:14,173 [94a6d619-c930-45b6-ab16-e3ef1a750777@group-34472633DB3A-StateMachineUpdater] INFO  impl.StateMachineUpdater (StateMachineUpdater.java:takeSnapshot(258)) - 94a6d619-c930-45b6-ab16-e3ef1a750777@group-34472633DB3A-StateMachineUpdater: Took a snapshot at index 13
2019-09-20 20:59:14,173 [ForkJoinPool.commonPool-worker-0] INFO  impl.RoleInfo (RoleInfo.java:shutdownLeaderState(104)) - 9dabc3d6-6bd9-4ca2-9d63-753c6cd15dc2: shutdown LeaderState
2019-09-20 20:59:14,173 [94a6d619-c930-45b6-ab16-e3ef1a750777@group-34472633DB3A-StateMachineUpdater] INFO  impl.StateMachineUpdater (StateMachineUpdater.java:lambda$new$0(83)) - 94a6d619-c930-45b6-ab16-e3ef1a750777@group-34472633DB3A-StateMachineUpdater: snapshotIndex: updateIncreasingly -1 -> 13
2019-09-20 20:59:14,176 [org.apache.ratis.server.impl.LogAppender$AppenderDaemon$$Lambda$489/1467131532@4e689767] WARN  server.GrpcLogAppender (GrpcLogAppender.java:mayWait(143)) - 9dabc3d6-6bd9-4ca2-9d63-753c6cd15dc2@group-4C9439252ADD->749bb073-67b9-4e0b-a5ea-b5343d76f657-GrpcLogAppender: Wait interrupted by java.lang.InterruptedException
2019-09-20 20:59:14,176 [ForkJoinPool.commonPool-worker-0] INFO  impl.PendingRequests (PendingRequests.java:sendNotLeaderResponses(202)) - 9dabc3d6-6bd9-4ca2-9d63-753c6cd15dc2-PendingRequests: sendNotLeaderResponses
2019-09-20 20:59:14,177 [94a6d619-c930-45b6-ab16-e3ef1a750777@group-34472633DB3A-StateMachineUpdater] INFO  ratis.ContainerStateMachine (ContainerStateMachine.java:takeSnapshot(289)) - group-34472633DB3A: Taking a snapshot at:(t:1, i:13) file /workdir/hadoop-ozone/integration-test/target/test-dir/MiniOzoneClusterImpl-9716d3f7-240c-4861-9957-7330e711a072/datanode-4/data/ratis/2eab33d4-7391-4c6d-9c7a-34472633db3a/sm/snapshot.1_13
2019-09-20 20:59:14,177 [org.apache.ratis.server.impl.LogAppender$AppenderDaemon$$Lambda$489/1467131532@34fa1afe] WARN  server.GrpcLogAppender (GrpcLogAppender.java:mayWait(143)) - 9dabc3d6-6bd9-4ca2-9d63-753c6cd15dc2@group-4C9439252ADD->2d4b4d8d-b6d2-468b-8b93-ef1832d4951b-GrpcLogAppender: Wait interrupted by java.lang.InterruptedException
2019-09-20 20:59:14,179 [ForkJoinPool.commonPool-worker-0] INFO  impl.StateMachineUpdater (StateMachineUpdater.java:stopAndJoin(125)) - 9dabc3d6-6bd9-4ca2-9d63-753c6cd15dc2@group-4C9439252ADD-StateMachineUpdater: set stopIndex = 16
2019-09-20 20:59:14,179 [grpc-default-executor-9] INFO  server.GrpcServerProtocolService (GrpcServerProtocolService.java:onCompleted(113)) - 2d4b4d8d-b6d2-468b-8b93-ef1832d4951b: Completed APPEND_ENTRIES, lastRequest: 9dabc3d6-6bd9-4ca2-9d63-753c6cd15dc2->2d4b4d8d-b6d2-468b-8b93-ef1832d4951b#4-t3, previous=(t:3, i:16), leaderCommit=16, initializing? false, entries: <empty>
2019-09-20 20:59:14,179 [9dabc3d6-6bd9-4ca2-9d63-753c6cd15dc2@group-4C9439252ADD-StateMachineUpdater] INFO  ratis.ContainerStateMachine (ContainerStateMachine.java:takeSnapshot(289)) - group-4C9439252ADD: Taking a snapshot at:(t:1, i:12) file /workdir/hadoop-ozone/integration-test/target/test-dir/MiniOzoneClusterImpl-9716d3f7-240c-4861-9957-7330e711a072/datanode-1/data/ratis/0ecca5f1-ef0e-4bd5-aa28-4c9439252add/sm/snapshot.1_12
2019-09-20 20:59:14,180 [grpc-default-executor-9] INFO  server.GrpcLogAppender (GrpcLogAppender.java:onCompleted(293)) - 9dabc3d6-6bd9-4ca2-9d63-753c6cd15dc2@group-4C9439252ADD->2d4b4d8d-b6d2-468b-8b93-ef1832d4951b-AppendLogResponseHandler: follower responses appendEntries COMPLETED
2019-09-20 20:59:14,180 [grpc-default-executor-9] INFO  impl.FollowerInfo (FollowerInfo.java:lambda$new$0(51)) - 9dabc3d6-6bd9-4ca2-9d63-753c6cd15dc2@group-4C9439252ADD->2d4b4d8d-b6d2-468b-8b93-ef1832d4951b: nextIndex: updateUnconditionally 17 -> 16
2019-09-20 20:59:14,190 [9dabc3d6-6bd9-4ca2-9d63-753c6cd15dc2@group-4C9439252ADD-StateMachineUpdater] INFO  ratis.ContainerStateMachine (ContainerStateMachine.java:takeSnapshot(300)) - group-4C9439252ADD: Finished taking a snapshot at:(t:1, i:12) file:/workdir/hadoop-ozone/integration-test/target/test-dir/MiniOzoneClusterImpl-9716d3f7-240c-4861-9957-7330e711a072/datanode-1/data/ratis/0ecca5f1-ef0e-4bd5-aa28-4c9439252add/sm/snapshot.1_12 time:10
2019-09-20 20:59:14,190 [94a6d619-c930-45b6-ab16-e3ef1a750777@group-34472633DB3A-StateMachineUpdater] INFO  ratis.ContainerStateMachine (ContainerStateMachine.java:takeSnapshot(300)) - group-34472633DB3A: Finished taking a snapshot at:(t:1, i:13) file:/workdir/hadoop-ozone/integration-test/target/test-dir/MiniOzoneClusterImpl-9716d3f7-240c-4861-9957-7330e711a072/datanode-4/data/ratis/2eab33d4-7391-4c6d-9c7a-34472633db3a/sm/snapshot.1_13 time:13
2019-09-20 20:59:14,190 [9dabc3d6-6bd9-4ca2-9d63-753c6cd15dc2@group-4C9439252ADD-StateMachineUpdater] INFO  impl.StateMachineUpdater (StateMachineUpdater.java:takeSnapshot(258)) - 9dabc3d6-6bd9-4ca2-9d63-753c6cd15dc2@group-4C9439252ADD-StateMachineUpdater: Took a snapshot at index 12
2019-09-20 20:59:14,190 [94a6d619-c930-45b6-ab16-e3ef1a750777@group-34472633DB3A-StateMachineUpdater] INFO  impl.StateMachineUpdater (StateMachineUpdater.java:takeSnapshot(258)) - 94a6d619-c930-45b6-ab16-e3ef1a750777@group-34472633DB3A-StateMachineUpdater: Took a snapshot at index 13
2019-09-20 20:59:14,190 [9dabc3d6-6bd9-4ca2-9d63-753c6cd15dc2@group-4C9439252ADD-StateMachineUpdater] INFO  impl.StateMachineUpdater (StateMachineUpdater.java:lambda$new$0(83)) - 9dabc3d6-6bd9-4ca2-9d63-753c6cd15dc2@group-4C9439252ADD-StateMachineUpdater: snapshotIndex: updateIncreasingly -1 -> 12
2019-09-20 20:59:14,190 [94a6d619-c930-45b6-ab16-e3ef1a750777@group-34472633DB3A-StateMachineUpdater] INFO  impl.StateMachineUpdater (StateMachineUpdater.java:lambda$new$0(83)) - 94a6d619-c930-45b6-ab16-e3ef1a750777@group-34472633DB3A-StateMachineUpdater: snapshotIndex: updateIncreasingly 13 -> 13
2019-09-20 20:59:14,190 [9dabc3d6-6bd9-4ca2-9d63-753c6cd15dc2@group-4C9439252ADD-StateMachineUpdater] INFO  ratis.ContainerStateMachine (ContainerStateMachine.java:takeSnapshot(289)) - group-4C9439252ADD: Taking a snapshot at:(t:1, i:12) file /workdir/hadoop-ozone/integration-test/target/test-dir/MiniOzoneClusterImpl-9716d3f7-240c-4861-9957-7330e711a072/datanode-1/data/ratis/0ecca5f1-ef0e-4bd5-aa28-4c9439252add/sm/snapshot.1_12
2019-09-20 20:59:14,190 [main] INFO  impl.RaftServerImpl (ServerState.java:close(385)) - 94a6d619-c930-45b6-ab16-e3ef1a750777@group-34472633DB3A: closes. applyIndex: 15
2019-09-20 20:59:14,191 [94a6d619-c930-45b6-ab16-e3ef1a750777@group-34472633DB3A-SegmentedRaftLogWorker] INFO  segmented.SegmentedRaftLogWorker (SegmentedRaftLogWorker.java:run(313)) - 94a6d619-c930-45b6-ab16-e3ef1a750777@group-34472633DB3A-SegmentedRaftLogWorker was interrupted, exiting. There are 0 tasks remaining in the queue.
2019-09-20 20:59:14,192 [main] INFO  segmented.SegmentedRaftLogWorker (SegmentedRaftLogWorker.java:close(228)) - 94a6d619-c930-45b6-ab16-e3ef1a750777@group-34472633DB3A-SegmentedRaftLogWorker close()
2019-09-20 20:59:14,195 [main] INFO  impl.RaftServerImpl (RaftServerImpl.java:lambda$shutdown$3(251)) - 94a6d619-c930-45b6-ab16-e3ef1a750777@group-000909C5C436: shutdown
2019-09-20 20:59:14,195 [main] INFO  util.JmxRegister (JmxRegister.java:unregister(73)) - Successfully un-registered JMX Bean with object name Ratis:service=RaftServer,group=group-000909C5C436,id=94a6d619-c930-45b6-ab16-e3ef1a750777
2019-09-20 20:59:14,195 [main] INFO  impl.RoleInfo (RoleInfo.java:shutdownLeaderState(104)) - 94a6d619-c930-45b6-ab16-e3ef1a750777: shutdown LeaderState
2019-09-20 20:59:14,196 [main] INFO  impl.PendingRequests (PendingRequests.java:sendNotLeaderResponses(202)) - 94a6d619-c930-45b6-ab16-e3ef1a750777-PendingRequests: sendNotLeaderResponses
2019-09-20 20:59:14,196 [main] INFO  impl.StateMachineUpdater (StateMachineUpdater.java:stopAndJoin(125)) - 94a6d619-c930-45b6-ab16-e3ef1a750777@group-000909C5C436-StateMachineUpdater: set stopIndex = 0
2019-09-20 20:59:14,196 [main] INFO  impl.RaftServerImpl (ServerState.java:close(385)) - 94a6d619-c930-45b6-ab16-e3ef1a750777@group-000909C5C436: closes. applyIndex: 0
2019-09-20 20:59:14,197 [94a6d619-c930-45b6-ab16-e3ef1a750777@group-000909C5C436-SegmentedRaftLogWorker] INFO  segmented.SegmentedRaftLogWorker (SegmentedRaftLogWorker.java:run(313)) - 94a6d619-c930-45b6-ab16-e3ef1a750777@group-000909C5C436-SegmentedRaftLogWorker was interrupted, exiting. There are 0 tasks remaining in the queue.
2019-09-20 20:59:14,198 [main] INFO  segmented.SegmentedRaftLogWorker (SegmentedRaftLogWorker.java:close(228)) - 94a6d619-c930-45b6-ab16-e3ef1a750777@group-000909C5C436-SegmentedRaftLogWorker close()
2019-09-20 20:59:14,201 [main] INFO  server.GrpcService (GrpcService.java:closeImpl(164)) - 94a6d619-c930-45b6-ab16-e3ef1a750777: shutdown server with port 34407 now
2019-09-20 20:59:14,202 [grpc-default-executor-8] WARN  server.GrpcServerProtocolService (LogUtils.java:warn(134)) - 94a6d619-c930-45b6-ab16-e3ef1a750777: installSnapshot onError, lastRequest: 611ae901-e50a-4ae8-a9b2-2f86c5d8c65e->94a6d619-c930-45b6-ab16-e3ef1a750777#26-t1, previous=(t:1, i:15), leaderCommit=15, initializing? false, entries: <empty>: org.apache.ratis.thirdparty.io.grpc.StatusRuntimeException: CANCELLED: cancelled before receiving half close
2019-09-20 20:59:14,202 [main] INFO  server.GrpcService (GrpcService.java:closeImpl(172)) - 94a6d619-c930-45b6-ab16-e3ef1a750777: shutdown server with port 34407 successfully
2019-09-20 20:59:14,202 [grpc-default-executor-3] WARN  server.GrpcLogAppender (LogUtils.java:warn(134)) - 611ae901-e50a-4ae8-a9b2-2f86c5d8c65e@group-34472633DB3A->94a6d619-c930-45b6-ab16-e3ef1a750777-AppendLogResponseHandler: Failed appendEntries: org.apache.ratis.thirdparty.io.grpc.StatusRuntimeException: CANCELLED: HTTP/2 error code: CANCEL
Received Rst Stream
2019-09-20 20:59:14,203 [9dabc3d6-6bd9-4ca2-9d63-753c6cd15dc2@group-4C9439252ADD-StateMachineUpdater] INFO  ratis.ContainerStateMachine (ContainerStateMachine.java:takeSnapshot(300)) - group-4C9439252ADD: Finished taking a snapshot at:(t:1, i:12) file:/workdir/hadoop-ozone/integration-test/target/test-dir/MiniOzoneClusterImpl-9716d3f7-240c-4861-9957-7330e711a072/datanode-1/data/ratis/0ecca5f1-ef0e-4bd5-aa28-4c9439252add/sm/snapshot.1_12 time:12
2019-09-20 20:59:14,203 [grpc-default-executor-3] INFO  impl.FollowerInfo (FollowerInfo.java:lambda$new$0(51)) - 611ae901-e50a-4ae8-a9b2-2f86c5d8c65e@group-34472633DB3A->94a6d619-c930-45b6-ab16-e3ef1a750777: nextIndex: updateUnconditionally 16 -> 15
2019-09-20 20:59:14,203 [9dabc3d6-6bd9-4ca2-9d63-753c6cd15dc2@group-4C9439252ADD-StateMachineUpdater] INFO  impl.StateMachineUpdater (StateMachineUpdater.java:takeSnapshot(258)) - 9dabc3d6-6bd9-4ca2-9d63-753c6cd15dc2@group-4C9439252ADD-StateMachineUpdater: Took a snapshot at index 12
2019-09-20 20:59:14,203 [9dabc3d6-6bd9-4ca2-9d63-753c6cd15dc2@group-4C9439252ADD-StateMachineUpdater] INFO  impl.StateMachineUpdater (StateMachineUpdater.java:lambda$new$0(83)) - 9dabc3d6-6bd9-4ca2-9d63-753c6cd15dc2@group-4C9439252ADD-StateMachineUpdater: snapshotIndex: updateIncreasingly 12 -> 12
2019-09-20 20:59:14,204 [ForkJoinPool.commonPool-worker-0] INFO  impl.RaftServerImpl (ServerState.java:close(385)) - 9dabc3d6-6bd9-4ca2-9d63-753c6cd15dc2@group-4C9439252ADD: closes. applyIndex: 16
2019-09-20 20:59:14,205 [9dabc3d6-6bd9-4ca2-9d63-753c6cd15dc2@group-4C9439252ADD-SegmentedRaftLogWorker] INFO  segmented.SegmentedRaftLogWorker (SegmentedRaftLogWorker.java:run(313)) - 9dabc3d6-6bd9-4ca2-9d63-753c6cd15dc2@group-4C9439252ADD-SegmentedRaftLogWorker was interrupted, exiting. There are 0 tasks remaining in the queue.
2019-09-20 20:59:14,208 [ForkJoinPool.commonPool-worker-0] INFO  segmented.SegmentedRaftLogWorker (SegmentedRaftLogWorker.java:close(228)) - 9dabc3d6-6bd9-4ca2-9d63-753c6cd15dc2@group-4C9439252ADD-SegmentedRaftLogWorker close()
2019-09-20 20:59:14,211 [ForkJoinPool.commonPool-worker-0] INFO  server.GrpcService (GrpcService.java:closeImpl(164)) - 9dabc3d6-6bd9-4ca2-9d63-753c6cd15dc2: shutdown server with port 43214 now
2019-09-20 20:59:14,212 [ForkJoinPool.commonPool-worker-0] INFO  server.GrpcService (GrpcService.java:closeImpl(172)) - 9dabc3d6-6bd9-4ca2-9d63-753c6cd15dc2: shutdown server with port 43214 successfully
2019-09-20 20:59:14,214 [refreshUsed-/workdir/hadoop-ozone/integration-test/target/test-dir/MiniOzoneClusterImpl-9716d3f7-240c-4861-9957-7330e711a072/datanode-4/data/containers] WARN  fs.CachingGetSpaceUsed (CachingGetSpaceUsed.java:run(183)) - Thread Interrupted waiting to refresh disk information: sleep interrupted
2019-09-20 20:59:14,217 [refreshUsed-/workdir/hadoop-ozone/integration-test/target/test-dir/MiniOzoneClusterImpl-9716d3f7-240c-4861-9957-7330e711a072/datanode-1/data/containers] WARN  fs.CachingGetSpaceUsed (CachingGetSpaceUsed.java:run(183)) - Thread Interrupted waiting to refresh disk information: sleep interrupted
2019-09-20 20:59:14,235 [main] INFO  utils.BackgroundService (BackgroundService.java:shutdown(148)) - Shutting down service BlockDeletingService
2019-09-20 20:59:14,241 [main] INFO  statemachine.DatanodeStateMachine (DatanodeStateMachine.java:stopDaemon(395)) - Ozone container server stopped.
2019-09-20 20:59:14,242 [main] INFO  handler.ContextHandler (ContextHandler.java:doStop(910)) - Stopped o.e.j.w.WebAppContext@6d6cd1e0{/,null,UNAVAILABLE}{/hddsDatanode}
2019-09-20 20:59:14,243 [ForkJoinPool.commonPool-worker-0] INFO  utils.BackgroundService (BackgroundService.java:shutdown(148)) - Shutting down service BlockDeletingService
2019-09-20 20:59:14,243 [main] INFO  server.AbstractConnector (AbstractConnector.java:doStop(318)) - Stopped ServerConnector@76a9a009{HTTP/1.1,[http/1.1]}{0.0.0.0:0}
2019-09-20 20:59:14,246 [main] INFO  handler.ContextHandler (ContextHandler.java:doStop(910)) - Stopped o.e.j.s.ServletContextHandler@39449465{/static,jar:file:/home/user/.m2/repository/org/apache/hadoop/hadoop-hdds-container-service/0.5.0-SNAPSHOT/hadoop-hdds-container-service-0.5.0-SNAPSHOT.jar!/webapps/static,UNAVAILABLE}
2019-09-20 20:59:14,248 [ForkJoinPool.commonPool-worker-0] INFO  statemachine.DatanodeStateMachine (DatanodeStateMachine.java:stopDaemon(395)) - Ozone container server stopped.
2019-09-20 20:59:14,248 [main] INFO  handler.ContextHandler (ContextHandler.java:doStop(910)) - Stopped o.e.j.s.ServletContextHandler@2e0ad709{/logs,file:///workdir/hadoop-ozone/integration-test/target/log,UNAVAILABLE}
2019-09-20 20:59:14,253 [ForkJoinPool.commonPool-worker-0] INFO  handler.ContextHandler (ContextHandler.java:doStop(910)) - Stopped o.e.j.w.WebAppContext@203e705e{/,null,UNAVAILABLE}{/hddsDatanode}
2019-09-20 20:59:14,254 [ForkJoinPool.commonPool-worker-0] INFO  server.AbstractConnector (AbstractConnector.java:doStop(318)) - Stopped ServerConnector@78c74647{HTTP/1.1,[http/1.1]}{0.0.0.0:0}
2019-09-20 20:59:14,256 [ForkJoinPool.commonPool-worker-0] INFO  handler.ContextHandler (ContextHandler.java:doStop(910)) - Stopped o.e.j.s.ServletContextHandler@49c1e294{/static,jar:file:/home/user/.m2/repository/org/apache/hadoop/hadoop-hdds-container-service/0.5.0-SNAPSHOT/hadoop-hdds-container-service-0.5.0-SNAPSHOT.jar!/webapps/static,UNAVAILABLE}
2019-09-20 20:59:14,257 [ForkJoinPool.commonPool-worker-0] INFO  handler.ContextHandler (ContextHandler.java:doStop(910)) - Stopped o.e.j.s.ServletContextHandler@5c448ef{/logs,file:///workdir/hadoop-ozone/integration-test/target/log,UNAVAILABLE}
2019-09-20 20:59:14,490 [Datanode State Machine Thread - 0] INFO  statemachine.DatanodeStateMachine (DatanodeStateMachine.java:lambda$startDaemon$0(350)) - Ozone container server started.
2019-09-20 20:59:15,091 [Datanode State Machine Thread - 0] INFO  statemachine.DatanodeStateMachine (DatanodeStateMachine.java:lambda$startDaemon$0(350)) - Ozone container server started.
2019-09-20 20:59:16,614 [grpc-default-executor-3] WARN  server.GrpcLogAppender (LogUtils.java:warn(134)) - 611ae901-e50a-4ae8-a9b2-2f86c5d8c65e@group-34472633DB3A->94a6d619-c930-45b6-ab16-e3ef1a750777-AppendLogResponseHandler: Failed appendEntries: org.apache.ratis.thirdparty.io.grpc.StatusRuntimeException: UNAVAILABLE: io exception
2019-09-20 20:59:16,614 [grpc-default-executor-3] INFO  impl.FollowerInfo (FollowerInfo.java:lambda$new$0(51)) - 611ae901-e50a-4ae8-a9b2-2f86c5d8c65e@group-34472633DB3A->94a6d619-c930-45b6-ab16-e3ef1a750777: nextIndex: updateUnconditionally 15 -> 14
2019-09-20 20:59:16,979 [grpc-default-executor-8] WARN  server.GrpcLogAppender (LogUtils.java:warn(134)) - 611ae901-e50a-4ae8-a9b2-2f86c5d8c65e@group-34472633DB3A->94a6d619-c930-45b6-ab16-e3ef1a750777-AppendLogResponseHandler: Failed appendEntries: org.apache.ratis.thirdparty.io.grpc.StatusRuntimeException: UNAVAILABLE: io exception
2019-09-20 20:59:16,979 [grpc-default-executor-8] INFO  impl.FollowerInfo (FollowerInfo.java:lambda$new$0(51)) - 611ae901-e50a-4ae8-a9b2-2f86c5d8c65e@group-34472633DB3A->94a6d619-c930-45b6-ab16-e3ef1a750777: nextIndex: updateUnconditionally 15 -> 14
2019-09-20 20:59:16,990 [grpc-default-executor-5] WARN  server.GrpcLogAppender (LogUtils.java:warn(134)) - 611ae901-e50a-4ae8-a9b2-2f86c5d8c65e@group-34472633DB3A->94a6d619-c930-45b6-ab16-e3ef1a750777-AppendLogResponseHandler: Failed appendEntries: org.apache.ratis.thirdparty.io.grpc.StatusRuntimeException: UNAVAILABLE: io exception
2019-09-20 20:59:16,991 [grpc-default-executor-5] INFO  impl.FollowerInfo (FollowerInfo.java:lambda$new$0(51)) - 611ae901-e50a-4ae8-a9b2-2f86c5d8c65e@group-34472633DB3A->94a6d619-c930-45b6-ab16-e3ef1a750777: nextIndex: updateUnconditionally 15 -> 14
2019-09-20 20:59:17,003 [grpc-default-executor-5] WARN  server.GrpcLogAppender (LogUtils.java:warn(134)) - 611ae901-e50a-4ae8-a9b2-2f86c5d8c65e@group-34472633DB3A->94a6d619-c930-45b6-ab16-e3ef1a750777-AppendLogResponseHandler: Failed appendEntries: org.apache.ratis.thirdparty.io.grpc.StatusRuntimeException: UNAVAILABLE: io exception
2019-09-20 20:59:17,003 [grpc-default-executor-5] INFO  impl.FollowerInfo (FollowerInfo.java:lambda$new$0(51)) - 611ae901-e50a-4ae8-a9b2-2f86c5d8c65e@group-34472633DB3A->94a6d619-c930-45b6-ab16-e3ef1a750777: nextIndex: updateUnconditionally 15 -> 14
2019-09-20 20:59:17,014 [RatisApplyTransactionExecutor 2] INFO  interfaces.Container (KeyValueContainer.java:flushAndSyncDB(386)) - Container 2 is synced with bcsId 13.
2019-09-20 20:59:17,014 [RatisApplyTransactionExecutor 2] INFO  interfaces.Container (KeyValueContainer.java:flushAndSyncDB(386)) - Container 2 is synced with bcsId 13.
2019-09-20 20:59:17,014 [RatisApplyTransactionExecutor 2] INFO  interfaces.Container (KeyValueContainer.java:flushAndSyncDB(386)) - Container 2 is synced with bcsId 13.
2019-09-20 20:59:17,015 [RatisApplyTransactionExecutor 2] INFO  interfaces.Container (KeyValueContainer.java:flushAndSyncDB(386)) - Container 2 is synced with bcsId 13.
2019-09-20 20:59:17,030 [RatisApplyTransactionExecutor 2] INFO  interfaces.Container (KeyValueContainer.java:close(335)) - Container 2 is closed with bcsId 13.
2019-09-20 20:59:17,030 [RatisApplyTransactionExecutor 2] INFO  interfaces.Container (KeyValueContainer.java:close(335)) - Container 2 is closed with bcsId 13.
2019-09-20 20:59:17,031 [EventQueue-IncrementalContainerReportForIncrementalContainerReportHandler] INFO  container.IncrementalContainerReportHandler (AbstractContainerReportHandler.java:updateContainerState(176)) - Moving container #2 to CLOSED state, datanode 95d4fb60-b61e-4c4a-8fcb-b8ff1d3ec0a8{ip: 192.168.157.230, host: pr-hdds-2159-7gjv7-4246597483, networkLocation: /default-rack, certSerialId: null} reported CLOSED replica.
2019-09-20 20:59:18,234 [Thread-3080] INFO  impl.FollowerState (FollowerState.java:run(106)) - 2d4b4d8d-b6d2-468b-8b93-ef1832d4951b:group-4C9439252ADD changes to CANDIDATE, lastRpcTime:5095, electionTimeout:5052ms
2019-09-20 20:59:18,235 [Thread-3080] INFO  impl.RoleInfo (RoleInfo.java:shutdownFollowerState(121)) - 2d4b4d8d-b6d2-468b-8b93-ef1832d4951b: shutdown FollowerState
2019-09-20 20:59:18,235 [Thread-3080] INFO  impl.RaftServerImpl (RaftServerImpl.java:setRole(174)) - 2d4b4d8d-b6d2-468b-8b93-ef1832d4951b@group-4C9439252ADD: changes role from  FOLLOWER to CANDIDATE at term 3 for changeToCandidate
2019-09-20 20:59:18,235 [Thread-3080] INFO  impl.RoleInfo (RoleInfo.java:updateAndGet(143)) - 2d4b4d8d-b6d2-468b-8b93-ef1832d4951b: start LeaderElection
2019-09-20 20:59:18,242 [2d4b4d8d-b6d2-468b-8b93-ef1832d4951b@group-4C9439252ADD:LeaderElection64] INFO  impl.RaftServerImpl (ServerState.java:setLeader(253)) - 2d4b4d8d-b6d2-468b-8b93-ef1832d4951b@group-4C9439252ADD: change Leader from 9dabc3d6-6bd9-4ca2-9d63-753c6cd15dc2 to null at term 3 for initElection
2019-09-20 20:59:18,257 [2d4b4d8d-b6d2-468b-8b93-ef1832d4951b@group-4C9439252ADD:LeaderElection64] INFO  impl.LeaderElection (LeaderElection.java:askForVotes(182)) - 2d4b4d8d-b6d2-468b-8b93-ef1832d4951b@group-4C9439252ADD:LeaderElection64: begin an election at term 4 for 15: [2d4b4d8d-b6d2-468b-8b93-ef1832d4951b:192.168.157.230:35072, 9dabc3d6-6bd9-4ca2-9d63-753c6cd15dc2:192.168.157.230:43214, 749bb073-67b9-4e0b-a5ea-b5343d76f657:192.168.157.230:44906], old=null
2019-09-20 20:59:18,259 [2d4b4d8d-b6d2-468b-8b93-ef1832d4951b@group-4C9439252ADD:LeaderElection64] INFO  impl.LeaderElection (LogUtils.java:infoOrTrace(149)) - 2d4b4d8d-b6d2-468b-8b93-ef1832d4951b@group-4C9439252ADD:LeaderElection64 got exception when requesting votes: {}
java.util.concurrent.ExecutionException: org.apache.ratis.thirdparty.io.grpc.StatusRuntimeException: UNAVAILABLE: io exception
	at java.util.concurrent.FutureTask.report(FutureTask.java:122)
	at java.util.concurrent.FutureTask.get(FutureTask.java:192)
	at org.apache.ratis.server.impl.LeaderElection.waitForResults(LeaderElection.java:263)
	at org.apache.ratis.server.impl.LeaderElection.askForVotes(LeaderElection.java:201)
	at org.apache.ratis.server.impl.LeaderElection.run(LeaderElection.java:133)
	at java.lang.Thread.run(Thread.java:748)
Caused by: org.apache.ratis.thirdparty.io.grpc.StatusRuntimeException: UNAVAILABLE: io exception
	at org.apache.ratis.thirdparty.io.grpc.stub.ClientCalls.toStatusRuntimeException(ClientCalls.java:233)
	at org.apache.ratis.thirdparty.io.grpc.stub.ClientCalls.getUnchecked(ClientCalls.java:214)
	at org.apache.ratis.thirdparty.io.grpc.stub.ClientCalls.blockingUnaryCall(ClientCalls.java:139)
	at org.apache.ratis.proto.grpc.RaftServerProtocolServiceGrpc$RaftServerProtocolServiceBlockingStub.requestVote(RaftServerProtocolServiceGrpc.java:265)
	at org.apache.ratis.grpc.server.GrpcServerProtocolClient.requestVote(GrpcServerProtocolClient.java:90)
	at org.apache.ratis.grpc.server.GrpcService.requestVote(GrpcService.java:204)
	at org.apache.ratis.server.impl.LeaderElection.lambda$submitRequests$1(LeaderElection.java:238)
	at java.util.concurrent.FutureTask.run(FutureTask.java:266)
	at java.util.concurrent.Executors$RunnableAdapter.call(Executors.java:511)
	at java.util.concurrent.FutureTask.run(FutureTask.java:266)
	at java.util.concurrent.ThreadPoolExecutor.runWorker(ThreadPoolExecutor.java:1149)
	at java.util.concurrent.ThreadPoolExecutor$Worker.run(ThreadPoolExecutor.java:624)
	... 1 more
Caused by: org.apache.ratis.thirdparty.io.netty.channel.AbstractChannel$AnnotatedConnectException: Connection refused: /192.168.157.230:44906
	at sun.nio.ch.SocketChannelImpl.checkConnect(Native Method)
	at sun.nio.ch.SocketChannelImpl.finishConnect(SocketChannelImpl.java:717)
	at org.apache.ratis.thirdparty.io.netty.channel.socket.nio.NioSocketChannel.doFinishConnect(NioSocketChannel.java:327)
	at org.apache.ratis.thirdparty.io.netty.channel.nio.AbstractNioChannel$AbstractNioUnsafe.finishConnect(AbstractNioChannel.java:340)
	at org.apache.ratis.thirdparty.io.netty.channel.nio.NioEventLoop.processSelectedKey(NioEventLoop.java:632)
	at org.apache.ratis.thirdparty.io.netty.channel.nio.NioEventLoop.processSelectedKeysOptimized(NioEventLoop.java:579)
	at org.apache.ratis.thirdparty.io.netty.channel.nio.NioEventLoop.processSelectedKeys(NioEventLoop.java:496)
	at org.apache.ratis.thirdparty.io.netty.channel.nio.NioEventLoop.run(NioEventLoop.java:458)
	at org.apache.ratis.thirdparty.io.netty.util.concurrent.SingleThreadEventExecutor$5.run(SingleThreadEventExecutor.java:897)
	at org.apache.ratis.thirdparty.io.netty.util.concurrent.FastThreadLocalRunnable.run(FastThreadLocalRunnable.java:30)
	... 1 more
Caused by: java.net.ConnectException: Connection refused
	... 11 more
2019-09-20 20:59:18,263 [2d4b4d8d-b6d2-468b-8b93-ef1832d4951b@group-4C9439252ADD:LeaderElection64] INFO  impl.LeaderElection (LogUtils.java:infoOrTrace(149)) - 2d4b4d8d-b6d2-468b-8b93-ef1832d4951b@group-4C9439252ADD:LeaderElection64 got exception when requesting votes: {}
java.util.concurrent.ExecutionException: org.apache.ratis.thirdparty.io.grpc.StatusRuntimeException: UNAVAILABLE: io exception
	at java.util.concurrent.FutureTask.report(FutureTask.java:122)
	at java.util.concurrent.FutureTask.get(FutureTask.java:192)
	at org.apache.ratis.server.impl.LeaderElection.waitForResults(LeaderElection.java:263)
	at org.apache.ratis.server.impl.LeaderElection.askForVotes(LeaderElection.java:201)
	at org.apache.ratis.server.impl.LeaderElection.run(LeaderElection.java:133)
	at java.lang.Thread.run(Thread.java:748)
Caused by: org.apache.ratis.thirdparty.io.grpc.StatusRuntimeException: UNAVAILABLE: io exception
	at org.apache.ratis.thirdparty.io.grpc.stub.ClientCalls.toStatusRuntimeException(ClientCalls.java:233)
	at org.apache.ratis.thirdparty.io.grpc.stub.ClientCalls.getUnchecked(ClientCalls.java:214)
	at org.apache.ratis.thirdparty.io.grpc.stub.ClientCalls.blockingUnaryCall(ClientCalls.java:139)
	at org.apache.ratis.proto.grpc.RaftServerProtocolServiceGrpc$RaftServerProtocolServiceBlockingStub.requestVote(RaftServerProtocolServiceGrpc.java:265)
	at org.apache.ratis.grpc.server.GrpcServerProtocolClient.requestVote(GrpcServerProtocolClient.java:90)
	at org.apache.ratis.grpc.server.GrpcService.requestVote(GrpcService.java:204)
	at org.apache.ratis.server.impl.LeaderElection.lambda$submitRequests$1(LeaderElection.java:238)
	at java.util.concurrent.FutureTask.run(FutureTask.java:266)
	at java.util.concurrent.Executors$RunnableAdapter.call(Executors.java:511)
	at java.util.concurrent.FutureTask.run(FutureTask.java:266)
	at java.util.concurrent.ThreadPoolExecutor.runWorker(ThreadPoolExecutor.java:1149)
	at java.util.concurrent.ThreadPoolExecutor$Worker.run(ThreadPoolExecutor.java:624)
	... 1 more
Caused by: org.apache.ratis.thirdparty.io.netty.channel.AbstractChannel$AnnotatedConnectException: Connection refused: /192.168.157.230:43214
	at sun.nio.ch.SocketChannelImpl.checkConnect(Native Method)
	at sun.nio.ch.SocketChannelImpl.finishConnect(SocketChannelImpl.java:717)
	at org.apache.ratis.thirdparty.io.netty.channel.socket.nio.NioSocketChannel.doFinishConnect(NioSocketChannel.java:327)
	at org.apache.ratis.thirdparty.io.netty.channel.nio.AbstractNioChannel$AbstractNioUnsafe.finishConnect(AbstractNioChannel.java:340)
	at org.apache.ratis.thirdparty.io.netty.channel.nio.NioEventLoop.processSelectedKey(NioEventLoop.java:632)
	at org.apache.ratis.thirdparty.io.netty.channel.nio.NioEventLoop.processSelectedKeysOptimized(NioEventLoop.java:579)
	at org.apache.ratis.thirdparty.io.netty.channel.nio.NioEventLoop.processSelectedKeys(NioEventLoop.java:496)
	at org.apache.ratis.thirdparty.io.netty.channel.nio.NioEventLoop.run(NioEventLoop.java:458)
	at org.apache.ratis.thirdparty.io.netty.util.concurrent.SingleThreadEventExecutor$5.run(SingleThreadEventExecutor.java:897)
	at org.apache.ratis.thirdparty.io.netty.util.concurrent.FastThreadLocalRunnable.run(FastThreadLocalRunnable.java:30)
	... 1 more
Caused by: java.net.ConnectException: Connection refused
	... 11 more
2019-09-20 20:59:18,266 [2d4b4d8d-b6d2-468b-8b93-ef1832d4951b@group-4C9439252ADD:LeaderElection64] INFO  impl.LeaderElection (LeaderElection.java:logAndReturn(56)) - 2d4b4d8d-b6d2-468b-8b93-ef1832d4951b@group-4C9439252ADD:LeaderElection64: Election REJECTED; received 0 response(s) [] and 2 exception(s); 2d4b4d8d-b6d2-468b-8b93-ef1832d4951b@group-4C9439252ADD:t4, leader=null, voted=2d4b4d8d-b6d2-468b-8b93-ef1832d4951b, raftlog=2d4b4d8d-b6d2-468b-8b93-ef1832d4951b@group-4C9439252ADD-SegmentedRaftLog:OPENED:c16,f16,i16, conf=15: [2d4b4d8d-b6d2-468b-8b93-ef1832d4951b:192.168.157.230:35072, 9dabc3d6-6bd9-4ca2-9d63-753c6cd15dc2:192.168.157.230:43214, 749bb073-67b9-4e0b-a5ea-b5343d76f657:192.168.157.230:44906], old=null
2019-09-20 20:59:18,266 [2d4b4d8d-b6d2-468b-8b93-ef1832d4951b@group-4C9439252ADD:LeaderElection64] INFO  impl.LeaderElection (LogUtils.java:infoOrTrace(149)) -   Exception 0: {}
java.util.concurrent.ExecutionException: org.apache.ratis.thirdparty.io.grpc.StatusRuntimeException: UNAVAILABLE: io exception
	at java.util.concurrent.FutureTask.report(FutureTask.java:122)
	at java.util.concurrent.FutureTask.get(FutureTask.java:192)
	at org.apache.ratis.server.impl.LeaderElection.waitForResults(LeaderElection.java:263)
	at org.apache.ratis.server.impl.LeaderElection.askForVotes(LeaderElection.java:201)
	at org.apache.ratis.server.impl.LeaderElection.run(LeaderElection.java:133)
	at java.lang.Thread.run(Thread.java:748)
Caused by: org.apache.ratis.thirdparty.io.grpc.StatusRuntimeException: UNAVAILABLE: io exception
	at org.apache.ratis.thirdparty.io.grpc.stub.ClientCalls.toStatusRuntimeException(ClientCalls.java:233)
	at org.apache.ratis.thirdparty.io.grpc.stub.ClientCalls.getUnchecked(ClientCalls.java:214)
	at org.apache.ratis.thirdparty.io.grpc.stub.ClientCalls.blockingUnaryCall(ClientCalls.java:139)
	at org.apache.ratis.proto.grpc.RaftServerProtocolServiceGrpc$RaftServerProtocolServiceBlockingStub.requestVote(RaftServerProtocolServiceGrpc.java:265)
	at org.apache.ratis.grpc.server.GrpcServerProtocolClient.requestVote(GrpcServerProtocolClient.java:90)
	at org.apache.ratis.grpc.server.GrpcService.requestVote(GrpcService.java:204)
	at org.apache.ratis.server.impl.LeaderElection.lambda$submitRequests$1(LeaderElection.java:238)
	at java.util.concurrent.FutureTask.run(FutureTask.java:266)
	at java.util.concurrent.Executors$RunnableAdapter.call(Executors.java:511)
	at java.util.concurrent.FutureTask.run(FutureTask.java:266)
	at java.util.concurrent.ThreadPoolExecutor.runWorker(ThreadPoolExecutor.java:1149)
	at java.util.concurrent.ThreadPoolExecutor$Worker.run(ThreadPoolExecutor.java:624)
	... 1 more
Caused by: org.apache.ratis.thirdparty.io.netty.channel.AbstractChannel$AnnotatedConnectException: Connection refused: /192.168.157.230:44906
	at sun.nio.ch.SocketChannelImpl.checkConnect(Native Method)
	at sun.nio.ch.SocketChannelImpl.finishConnect(SocketChannelImpl.java:717)
	at org.apache.ratis.thirdparty.io.netty.channel.socket.nio.NioSocketChannel.doFinishConnect(NioSocketChannel.java:327)
	at org.apache.ratis.thirdparty.io.netty.channel.nio.AbstractNioChannel$AbstractNioUnsafe.finishConnect(AbstractNioChannel.java:340)
	at org.apache.ratis.thirdparty.io.netty.channel.nio.NioEventLoop.processSelectedKey(NioEventLoop.java:632)
	at org.apache.ratis.thirdparty.io.netty.channel.nio.NioEventLoop.processSelectedKeysOptimized(NioEventLoop.java:579)
	at org.apache.ratis.thirdparty.io.netty.channel.nio.NioEventLoop.processSelectedKeys(NioEventLoop.java:496)
	at org.apache.ratis.thirdparty.io.netty.channel.nio.NioEventLoop.run(NioEventLoop.java:458)
	at org.apache.ratis.thirdparty.io.netty.util.concurrent.SingleThreadEventExecutor$5.run(SingleThreadEventExecutor.java:897)
	at org.apache.ratis.thirdparty.io.netty.util.concurrent.FastThreadLocalRunnable.run(FastThreadLocalRunnable.java:30)
	... 1 more
Caused by: java.net.ConnectException: Connection refused
	... 11 more
2019-09-20 20:59:18,267 [2d4b4d8d-b6d2-468b-8b93-ef1832d4951b@group-4C9439252ADD:LeaderElection64] INFO  impl.LeaderElection (LogUtils.java:infoOrTrace(149)) -   Exception 1: {}
java.util.concurrent.ExecutionException: org.apache.ratis.thirdparty.io.grpc.StatusRuntimeException: UNAVAILABLE: io exception
	at java.util.concurrent.FutureTask.report(FutureTask.java:122)
	at java.util.concurrent.FutureTask.get(FutureTask.java:192)
	at org.apache.ratis.server.impl.LeaderElection.waitForResults(LeaderElection.java:263)
	at org.apache.ratis.server.impl.LeaderElection.askForVotes(LeaderElection.java:201)
	at org.apache.ratis.server.impl.LeaderElection.run(LeaderElection.java:133)
	at java.lang.Thread.run(Thread.java:748)
Caused by: org.apache.ratis.thirdparty.io.grpc.StatusRuntimeException: UNAVAILABLE: io exception
	at org.apache.ratis.thirdparty.io.grpc.stub.ClientCalls.toStatusRuntimeException(ClientCalls.java:233)
	at org.apache.ratis.thirdparty.io.grpc.stub.ClientCalls.getUnchecked(ClientCalls.java:214)
	at org.apache.ratis.thirdparty.io.grpc.stub.ClientCalls.blockingUnaryCall(ClientCalls.java:139)
	at org.apache.ratis.proto.grpc.RaftServerProtocolServiceGrpc$RaftServerProtocolServiceBlockingStub.requestVote(RaftServerProtocolServiceGrpc.java:265)
	at org.apache.ratis.grpc.server.GrpcServerProtocolClient.requestVote(GrpcServerProtocolClient.java:90)
	at org.apache.ratis.grpc.server.GrpcService.requestVote(GrpcService.java:204)
	at org.apache.ratis.server.impl.LeaderElection.lambda$submitRequests$1(LeaderElection.java:238)
	at java.util.concurrent.FutureTask.run(FutureTask.java:266)
	at java.util.concurrent.Executors$RunnableAdapter.call(Executors.java:511)
	at java.util.concurrent.FutureTask.run(FutureTask.java:266)
	at java.util.concurrent.ThreadPoolExecutor.runWorker(ThreadPoolExecutor.java:1149)
	at java.util.concurrent.ThreadPoolExecutor$Worker.run(ThreadPoolExecutor.java:624)
	... 1 more
Caused by: org.apache.ratis.thirdparty.io.netty.channel.AbstractChannel$AnnotatedConnectException: Connection refused: /192.168.157.230:43214
	at sun.nio.ch.SocketChannelImpl.checkConnect(Native Method)
	at sun.nio.ch.SocketChannelImpl.finishConnect(SocketChannelImpl.java:717)
	at org.apache.ratis.thirdparty.io.netty.channel.socket.nio.NioSocketChannel.doFinishConnect(NioSocketChannel.java:327)
	at org.apache.ratis.thirdparty.io.netty.channel.nio.AbstractNioChannel$AbstractNioUnsafe.finishConnect(AbstractNioChannel.java:340)
	at org.apache.ratis.thirdparty.io.netty.channel.nio.NioEventLoop.processSelectedKey(NioEventLoop.java:632)
	at org.apache.ratis.thirdparty.io.netty.channel.nio.NioEventLoop.processSelectedKeysOptimized(NioEventLoop.java:579)
	at org.apache.ratis.thirdparty.io.netty.channel.nio.NioEventLoop.processSelectedKeys(NioEventLoop.java:496)
	at org.apache.ratis.thirdparty.io.netty.channel.nio.NioEventLoop.run(NioEventLoop.java:458)
	at org.apache.ratis.thirdparty.io.netty.util.concurrent.SingleThreadEventExecutor$5.run(SingleThreadEventExecutor.java:897)
	at org.apache.ratis.thirdparty.io.netty.util.concurrent.FastThreadLocalRunnable.run(FastThreadLocalRunnable.java:30)
	... 1 more
Caused by: java.net.ConnectException: Connection refused
	... 11 more
2019-09-20 20:59:18,267 [2d4b4d8d-b6d2-468b-8b93-ef1832d4951b@group-4C9439252ADD:LeaderElection64] INFO  impl.RaftServerImpl (RaftServerImpl.java:setRole(174)) - 2d4b4d8d-b6d2-468b-8b93-ef1832d4951b@group-4C9439252ADD: changes role from CANDIDATE to FOLLOWER at term 4 for DISCOVERED_A_NEW_TERM
2019-09-20 20:59:18,267 [2d4b4d8d-b6d2-468b-8b93-ef1832d4951b@group-4C9439252ADD:LeaderElection64] INFO  impl.RoleInfo (RoleInfo.java:shutdownLeaderElection(134)) - 2d4b4d8d-b6d2-468b-8b93-ef1832d4951b: shutdown LeaderElection
2019-09-20 20:59:18,268 [2d4b4d8d-b6d2-468b-8b93-ef1832d4951b@group-4C9439252ADD:LeaderElection64] INFO  impl.RoleInfo (RoleInfo.java:updateAndGet(143)) - 2d4b4d8d-b6d2-468b-8b93-ef1832d4951b: start FollowerState
2019-09-20 20:59:18,507 [EventQueue-StaleNodeForStaleNodeHandler] INFO  node.StaleNodeHandler (StaleNodeHandler.java:onMessage(58)) - Datanode c70611d4-7cff-491b-af68-1f45d977db23{ip: 192.168.157.230, host: pr-hdds-2159-7gjv7-4246597483, networkLocation: /default-rack, certSerialId: null} moved to stale state. Finalizing its pipelines [PipelineID=e8b1df01-1411-4c43-be69-6e54bc96095b]
2019-09-20 20:59:18,510 [EventQueue-StaleNodeForStaleNodeHandler] INFO  pipeline.SCMPipelineManager (SCMPipelineManager.java:finalizeAndDestroyPipeline(311)) - destroying pipeline:Pipeline[ Id: e8b1df01-1411-4c43-be69-6e54bc96095b, Nodes: c70611d4-7cff-491b-af68-1f45d977db23{ip: 192.168.157.230, host: pr-hdds-2159-7gjv7-4246597483, networkLocation: /default-rack, certSerialId: null}, Type:RATIS, Factor:ONE, State:OPEN]
2019-09-20 20:59:18,511 [EventQueue-StaleNodeForStaleNodeHandler] INFO  pipeline.PipelineStateManager (PipelineStateManager.java:finalizePipeline(123)) - Pipeline Pipeline[ Id: e8b1df01-1411-4c43-be69-6e54bc96095b, Nodes: c70611d4-7cff-491b-af68-1f45d977db23{ip: 192.168.157.230, host: pr-hdds-2159-7gjv7-4246597483, networkLocation: /default-rack, certSerialId: null}, Type:RATIS, Factor:ONE, State:CLOSED] moved to CLOSED state
2019-09-20 20:59:19,108 [EventQueue-StaleNodeForStaleNodeHandler] INFO  node.StaleNodeHandler (StaleNodeHandler.java:onMessage(58)) - Datanode 2d4b4d8d-b6d2-468b-8b93-ef1832d4951b{ip: 192.168.157.230, host: pr-hdds-2159-7gjv7-4246597483, networkLocation: /default-rack, certSerialId: null} moved to stale state. Finalizing its pipelines [PipelineID=2495283e-6f57-475b-9fc1-d70b88475edb, PipelineID=0ecca5f1-ef0e-4bd5-aa28-4c9439252add]
2019-09-20 20:59:19,108 [EventQueue-StaleNodeForStaleNodeHandler] INFO  pipeline.SCMPipelineManager (SCMPipelineManager.java:finalizeAndDestroyPipeline(311)) - destroying pipeline:Pipeline[ Id: 2495283e-6f57-475b-9fc1-d70b88475edb, Nodes: 2d4b4d8d-b6d2-468b-8b93-ef1832d4951b{ip: 192.168.157.230, host: pr-hdds-2159-7gjv7-4246597483, networkLocation: /default-rack, certSerialId: null}, Type:RATIS, Factor:ONE, State:OPEN]
2019-09-20 20:59:19,108 [EventQueue-StaleNodeForStaleNodeHandler] INFO  pipeline.PipelineStateManager (PipelineStateManager.java:finalizePipeline(123)) - Pipeline Pipeline[ Id: 2495283e-6f57-475b-9fc1-d70b88475edb, Nodes: 2d4b4d8d-b6d2-468b-8b93-ef1832d4951b{ip: 192.168.157.230, host: pr-hdds-2159-7gjv7-4246597483, networkLocation: /default-rack, certSerialId: null}, Type:RATIS, Factor:ONE, State:CLOSED] moved to CLOSED state
2019-09-20 20:59:19,108 [EventQueue-StaleNodeForStaleNodeHandler] INFO  pipeline.SCMPipelineManager (SCMPipelineManager.java:finalizeAndDestroyPipeline(311)) - destroying pipeline:Pipeline[ Id: 0ecca5f1-ef0e-4bd5-aa28-4c9439252add, Nodes: 749bb073-67b9-4e0b-a5ea-b5343d76f657{ip: 192.168.157.230, host: pr-hdds-2159-7gjv7-4246597483, networkLocation: /default-rack, certSerialId: null}9dabc3d6-6bd9-4ca2-9d63-753c6cd15dc2{ip: 192.168.157.230, host: pr-hdds-2159-7gjv7-4246597483, networkLocation: /default-rack, certSerialId: null}2d4b4d8d-b6d2-468b-8b93-ef1832d4951b{ip: 192.168.157.230, host: pr-hdds-2159-7gjv7-4246597483, networkLocation: /default-rack, certSerialId: null}, Type:RATIS, Factor:THREE, State:CLOSED]
2019-09-20 20:59:19,255 [main] INFO  ozoneimpl.OzoneContainer (OzoneContainer.java:stop(231)) - Attempting to stop container services.
2019-09-20 20:59:19,257 [main] INFO  impl.RaftServerProxy (RaftServerProxy.java:lambda$close$4(314)) - c70611d4-7cff-491b-af68-1f45d977db23: close
2019-09-20 20:59:19,257 [main] INFO  impl.RaftServerImpl (RaftServerImpl.java:lambda$shutdown$3(251)) - c70611d4-7cff-491b-af68-1f45d977db23@group-6E54BC96095B: shutdown
2019-09-20 20:59:19,258 [main] INFO  util.JmxRegister (JmxRegister.java:unregister(73)) - Successfully un-registered JMX Bean with object name Ratis:service=RaftServer,group=group-6E54BC96095B,id=c70611d4-7cff-491b-af68-1f45d977db23
2019-09-20 20:59:19,258 [main] INFO  impl.RoleInfo (RoleInfo.java:shutdownLeaderState(104)) - c70611d4-7cff-491b-af68-1f45d977db23: shutdown LeaderState
2019-09-20 20:59:19,259 [ForkJoinPool.commonPool-worker-0] INFO  ozoneimpl.OzoneContainer (OzoneContainer.java:stop(231)) - Attempting to stop container services.
2019-09-20 20:59:19,264 [main] INFO  impl.PendingRequests (PendingRequests.java:sendNotLeaderResponses(202)) - c70611d4-7cff-491b-af68-1f45d977db23-PendingRequests: sendNotLeaderResponses
2019-09-20 20:59:19,264 [ForkJoinPool.commonPool-worker-0] INFO  impl.RaftServerProxy (RaftServerProxy.java:lambda$close$4(314)) - 2d4b4d8d-b6d2-468b-8b93-ef1832d4951b: close
2019-09-20 20:59:19,265 [ForkJoinPool.commonPool-worker-0] INFO  impl.RaftServerImpl (RaftServerImpl.java:lambda$shutdown$3(251)) - 2d4b4d8d-b6d2-468b-8b93-ef1832d4951b@group-D70B88475EDB: shutdown
2019-09-20 20:59:19,265 [main] INFO  impl.StateMachineUpdater (StateMachineUpdater.java:stopAndJoin(125)) - c70611d4-7cff-491b-af68-1f45d977db23@group-6E54BC96095B-StateMachineUpdater: set stopIndex = 0
2019-09-20 20:59:19,265 [ForkJoinPool.commonPool-worker-0] INFO  util.JmxRegister (JmxRegister.java:unregister(73)) - Successfully un-registered JMX Bean with object name Ratis:service=RaftServer,group=group-D70B88475EDB,id=2d4b4d8d-b6d2-468b-8b93-ef1832d4951b
2019-09-20 20:59:19,266 [main] INFO  impl.RaftServerImpl (ServerState.java:close(385)) - c70611d4-7cff-491b-af68-1f45d977db23@group-6E54BC96095B: closes. applyIndex: 0
2019-09-20 20:59:19,266 [ForkJoinPool.commonPool-worker-0] INFO  impl.RoleInfo (RoleInfo.java:shutdownLeaderState(104)) - 2d4b4d8d-b6d2-468b-8b93-ef1832d4951b: shutdown LeaderState
2019-09-20 20:59:19,267 [ForkJoinPool.commonPool-worker-0] INFO  impl.PendingRequests (PendingRequests.java:sendNotLeaderResponses(202)) - 2d4b4d8d-b6d2-468b-8b93-ef1832d4951b-PendingRequests: sendNotLeaderResponses
2019-09-20 20:59:19,267 [c70611d4-7cff-491b-af68-1f45d977db23@group-6E54BC96095B-SegmentedRaftLogWorker] INFO  segmented.SegmentedRaftLogWorker (SegmentedRaftLogWorker.java:run(313)) - c70611d4-7cff-491b-af68-1f45d977db23@group-6E54BC96095B-SegmentedRaftLogWorker was interrupted, exiting. There are 0 tasks remaining in the queue.
2019-09-20 20:59:19,267 [ForkJoinPool.commonPool-worker-0] INFO  impl.StateMachineUpdater (StateMachineUpdater.java:stopAndJoin(125)) - 2d4b4d8d-b6d2-468b-8b93-ef1832d4951b@group-D70B88475EDB-StateMachineUpdater: set stopIndex = 0
2019-09-20 20:59:19,270 [main] INFO  segmented.SegmentedRaftLogWorker (SegmentedRaftLogWorker.java:close(228)) - c70611d4-7cff-491b-af68-1f45d977db23@group-6E54BC96095B-SegmentedRaftLogWorker close()
2019-09-20 20:59:19,270 [ForkJoinPool.commonPool-worker-0] INFO  impl.RaftServerImpl (ServerState.java:close(385)) - 2d4b4d8d-b6d2-468b-8b93-ef1832d4951b@group-D70B88475EDB: closes. applyIndex: 0
2019-09-20 20:59:19,274 [main] INFO  server.GrpcService (GrpcService.java:closeImpl(164)) - c70611d4-7cff-491b-af68-1f45d977db23: shutdown server with port 44295 now
2019-09-20 20:59:19,274 [2d4b4d8d-b6d2-468b-8b93-ef1832d4951b@group-D70B88475EDB-SegmentedRaftLogWorker] INFO  segmented.SegmentedRaftLogWorker (SegmentedRaftLogWorker.java:run(313)) - 2d4b4d8d-b6d2-468b-8b93-ef1832d4951b@group-D70B88475EDB-SegmentedRaftLogWorker was interrupted, exiting. There are 0 tasks remaining in the queue.
2019-09-20 20:59:19,277 [ForkJoinPool.commonPool-worker-0] INFO  segmented.SegmentedRaftLogWorker (SegmentedRaftLogWorker.java:close(228)) - 2d4b4d8d-b6d2-468b-8b93-ef1832d4951b@group-D70B88475EDB-SegmentedRaftLogWorker close()
2019-09-20 20:59:19,281 [ForkJoinPool.commonPool-worker-0] INFO  impl.RaftServerImpl (RaftServerImpl.java:lambda$shutdown$3(251)) - 2d4b4d8d-b6d2-468b-8b93-ef1832d4951b@group-4C9439252ADD: shutdown
2019-09-20 20:59:19,281 [main] INFO  server.GrpcService (GrpcService.java:closeImpl(172)) - c70611d4-7cff-491b-af68-1f45d977db23: shutdown server with port 44295 successfully
2019-09-20 20:59:19,282 [ForkJoinPool.commonPool-worker-0] INFO  util.JmxRegister (JmxRegister.java:unregister(73)) - Successfully un-registered JMX Bean with object name Ratis:service=RaftServer,group=group-4C9439252ADD,id=2d4b4d8d-b6d2-468b-8b93-ef1832d4951b
2019-09-20 20:59:19,282 [ForkJoinPool.commonPool-worker-0] INFO  impl.RoleInfo (RoleInfo.java:shutdownFollowerState(121)) - 2d4b4d8d-b6d2-468b-8b93-ef1832d4951b: shutdown FollowerState
2019-09-20 20:59:19,283 [ForkJoinPool.commonPool-worker-0] INFO  impl.StateMachineUpdater (StateMachineUpdater.java:stopAndJoin(125)) - 2d4b4d8d-b6d2-468b-8b93-ef1832d4951b@group-4C9439252ADD-StateMachineUpdater: set stopIndex = 16
2019-09-20 20:59:19,283 [2d4b4d8d-b6d2-468b-8b93-ef1832d4951b@group-4C9439252ADD-StateMachineUpdater] INFO  ratis.ContainerStateMachine (ContainerStateMachine.java:takeSnapshot(289)) - group-4C9439252ADD: Taking a snapshot at:(t:1, i:12) file /workdir/hadoop-ozone/integration-test/target/test-dir/MiniOzoneClusterImpl-9716d3f7-240c-4861-9957-7330e711a072/datanode-0/data/ratis/0ecca5f1-ef0e-4bd5-aa28-4c9439252add/sm/snapshot.1_12
2019-09-20 20:59:19,283 [Thread-3159] INFO  impl.FollowerState (FollowerState.java:run(115)) - 2d4b4d8d-b6d2-468b-8b93-ef1832d4951b: FollowerState was interrupted: java.lang.InterruptedException: sleep interrupted
2019-09-20 20:59:19,298 [refreshUsed-/workdir/hadoop-ozone/integration-test/target/test-dir/MiniOzoneClusterImpl-9716d3f7-240c-4861-9957-7330e711a072/datanode-3/data/containers] WARN  fs.CachingGetSpaceUsed (CachingGetSpaceUsed.java:run(183)) - Thread Interrupted waiting to refresh disk information: sleep interrupted
2019-09-20 20:59:19,311 [2d4b4d8d-b6d2-468b-8b93-ef1832d4951b@group-4C9439252ADD-StateMachineUpdater] INFO  ratis.ContainerStateMachine (ContainerStateMachine.java:takeSnapshot(300)) - group-4C9439252ADD: Finished taking a snapshot at:(t:1, i:12) file:/workdir/hadoop-ozone/integration-test/target/test-dir/MiniOzoneClusterImpl-9716d3f7-240c-4861-9957-7330e711a072/datanode-0/data/ratis/0ecca5f1-ef0e-4bd5-aa28-4c9439252add/sm/snapshot.1_12 time:28
2019-09-20 20:59:19,311 [2d4b4d8d-b6d2-468b-8b93-ef1832d4951b@group-4C9439252ADD-StateMachineUpdater] INFO  impl.StateMachineUpdater (StateMachineUpdater.java:takeSnapshot(258)) - 2d4b4d8d-b6d2-468b-8b93-ef1832d4951b@group-4C9439252ADD-StateMachineUpdater: Took a snapshot at index 12
2019-09-20 20:59:19,311 [2d4b4d8d-b6d2-468b-8b93-ef1832d4951b@group-4C9439252ADD-StateMachineUpdater] INFO  impl.StateMachineUpdater (StateMachineUpdater.java:lambda$new$0(83)) - 2d4b4d8d-b6d2-468b-8b93-ef1832d4951b@group-4C9439252ADD-StateMachineUpdater: snapshotIndex: updateIncreasingly -1 -> 12
2019-09-20 20:59:19,312 [2d4b4d8d-b6d2-468b-8b93-ef1832d4951b@group-4C9439252ADD-StateMachineUpdater] INFO  ratis.ContainerStateMachine (ContainerStateMachine.java:takeSnapshot(289)) - group-4C9439252ADD: Taking a snapshot at:(t:1, i:12) file /workdir/hadoop-ozone/integration-test/target/test-dir/MiniOzoneClusterImpl-9716d3f7-240c-4861-9957-7330e711a072/datanode-0/data/ratis/0ecca5f1-ef0e-4bd5-aa28-4c9439252add/sm/snapshot.1_12
2019-09-20 20:59:19,315 [main] INFO  utils.BackgroundService (BackgroundService.java:shutdown(148)) - Shutting down service BlockDeletingService
2019-09-20 20:59:19,320 [main] INFO  statemachine.DatanodeStateMachine (DatanodeStateMachine.java:stopDaemon(395)) - Ozone container server stopped.
2019-09-20 20:59:19,323 [main] INFO  handler.ContextHandler (ContextHandler.java:doStop(910)) - Stopped o.e.j.w.WebAppContext@2f09e6b2{/,null,UNAVAILABLE}{/hddsDatanode}
2019-09-20 20:59:19,324 [2d4b4d8d-b6d2-468b-8b93-ef1832d4951b@group-4C9439252ADD-StateMachineUpdater] INFO  ratis.ContainerStateMachine (ContainerStateMachine.java:takeSnapshot(300)) - group-4C9439252ADD: Finished taking a snapshot at:(t:1, i:12) file:/workdir/hadoop-ozone/integration-test/target/test-dir/MiniOzoneClusterImpl-9716d3f7-240c-4861-9957-7330e711a072/datanode-0/data/ratis/0ecca5f1-ef0e-4bd5-aa28-4c9439252add/sm/snapshot.1_12 time:12
2019-09-20 20:59:19,324 [2d4b4d8d-b6d2-468b-8b93-ef1832d4951b@group-4C9439252ADD-StateMachineUpdater] INFO  impl.StateMachineUpdater (StateMachineUpdater.java:takeSnapshot(258)) - 2d4b4d8d-b6d2-468b-8b93-ef1832d4951b@group-4C9439252ADD-StateMachineUpdater: Took a snapshot at index 12
2019-09-20 20:59:19,324 [2d4b4d8d-b6d2-468b-8b93-ef1832d4951b@group-4C9439252ADD-StateMachineUpdater] INFO  impl.StateMachineUpdater (StateMachineUpdater.java:lambda$new$0(83)) - 2d4b4d8d-b6d2-468b-8b93-ef1832d4951b@group-4C9439252ADD-StateMachineUpdater: snapshotIndex: updateIncreasingly 12 -> 12
2019-09-20 20:59:19,324 [ForkJoinPool.commonPool-worker-0] INFO  impl.RaftServerImpl (ServerState.java:close(385)) - 2d4b4d8d-b6d2-468b-8b93-ef1832d4951b@group-4C9439252ADD: closes. applyIndex: 16
2019-09-20 20:59:19,325 [main] INFO  server.AbstractConnector (AbstractConnector.java:doStop(318)) - Stopped ServerConnector@1bee0085{HTTP/1.1,[http/1.1]}{0.0.0.0:0}
2019-09-20 20:59:19,325 [2d4b4d8d-b6d2-468b-8b93-ef1832d4951b@group-4C9439252ADD-SegmentedRaftLogWorker] INFO  segmented.SegmentedRaftLogWorker (SegmentedRaftLogWorker.java:run(313)) - 2d4b4d8d-b6d2-468b-8b93-ef1832d4951b@group-4C9439252ADD-SegmentedRaftLogWorker was interrupted, exiting. There are 0 tasks remaining in the queue.
2019-09-20 20:59:19,327 [main] INFO  handler.ContextHandler (ContextHandler.java:doStop(910)) - Stopped o.e.j.s.ServletContextHandler@482f7af0{/static,jar:file:/home/user/.m2/repository/org/apache/hadoop/hadoop-hdds-container-service/0.5.0-SNAPSHOT/hadoop-hdds-container-service-0.5.0-SNAPSHOT.jar!/webapps/static,UNAVAILABLE}
2019-09-20 20:59:19,327 [ForkJoinPool.commonPool-worker-0] INFO  segmented.SegmentedRaftLogWorker (SegmentedRaftLogWorker.java:close(228)) - 2d4b4d8d-b6d2-468b-8b93-ef1832d4951b@group-4C9439252ADD-SegmentedRaftLogWorker close()
2019-09-20 20:59:19,327 [main] INFO  handler.ContextHandler (ContextHandler.java:doStop(910)) - Stopped o.e.j.s.ServletContextHandler@56fda064{/logs,file:///workdir/hadoop-ozone/integration-test/target/log,UNAVAILABLE}
2019-09-20 20:59:19,330 [ForkJoinPool.commonPool-worker-0] INFO  server.GrpcService (GrpcService.java:closeImpl(164)) - 2d4b4d8d-b6d2-468b-8b93-ef1832d4951b: shutdown server with port 35072 now
2019-09-20 20:59:19,332 [ForkJoinPool.commonPool-worker-0] INFO  server.GrpcService (GrpcService.java:closeImpl(172)) - 2d4b4d8d-b6d2-468b-8b93-ef1832d4951b: shutdown server with port 35072 successfully
2019-09-20 20:59:19,333 [refreshUsed-/workdir/hadoop-ozone/integration-test/target/test-dir/MiniOzoneClusterImpl-9716d3f7-240c-4861-9957-7330e711a072/datanode-0/data/containers] WARN  fs.CachingGetSpaceUsed (CachingGetSpaceUsed.java:run(183)) - Thread Interrupted waiting to refresh disk information: sleep interrupted
2019-09-20 20:59:19,343 [ForkJoinPool.commonPool-worker-0] INFO  utils.BackgroundService (BackgroundService.java:shutdown(148)) - Shutting down service BlockDeletingService
2019-09-20 20:59:19,347 [ForkJoinPool.commonPool-worker-0] INFO  statemachine.DatanodeStateMachine (DatanodeStateMachine.java:stopDaemon(395)) - Ozone container server stopped.
2019-09-20 20:59:19,352 [ForkJoinPool.commonPool-worker-0] INFO  handler.ContextHandler (ContextHandler.java:doStop(910)) - Stopped o.e.j.w.WebAppContext@75bd28d{/,null,UNAVAILABLE}{/hddsDatanode}
2019-09-20 20:59:19,352 [ForkJoinPool.commonPool-worker-0] INFO  server.AbstractConnector (AbstractConnector.java:doStop(318)) - Stopped ServerConnector@129c4d19{HTTP/1.1,[http/1.1]}{0.0.0.0:0}
2019-09-20 20:59:19,353 [ForkJoinPool.commonPool-worker-0] INFO  handler.ContextHandler (ContextHandler.java:doStop(910)) - Stopped o.e.j.s.ServletContextHandler@29c53c4f{/static,jar:file:/home/user/.m2/repository/org/apache/hadoop/hadoop-hdds-container-service/0.5.0-SNAPSHOT/hadoop-hdds-container-service-0.5.0-SNAPSHOT.jar!/webapps/static,UNAVAILABLE}
2019-09-20 20:59:19,355 [ForkJoinPool.commonPool-worker-0] INFO  handler.ContextHandler (ContextHandler.java:doStop(910)) - Stopped o.e.j.s.ServletContextHandler@55296b50{/logs,file:///workdir/hadoop-ozone/integration-test/target/log,UNAVAILABLE}
2019-09-20 20:59:19,506 [grpc-default-executor-3] WARN  server.GrpcLogAppender (LogUtils.java:warn(134)) - 611ae901-e50a-4ae8-a9b2-2f86c5d8c65e@group-34472633DB3A->94a6d619-c930-45b6-ab16-e3ef1a750777-AppendLogResponseHandler: Failed appendEntries: org.apache.ratis.thirdparty.io.grpc.StatusRuntimeException: UNAVAILABLE: io exception
2019-09-20 20:59:19,507 [grpc-default-executor-3] INFO  impl.FollowerInfo (FollowerInfo.java:lambda$new$0(51)) - 611ae901-e50a-4ae8-a9b2-2f86c5d8c65e@group-34472633DB3A->94a6d619-c930-45b6-ab16-e3ef1a750777: nextIndex: updateUnconditionally 14 -> 13
2019-09-20 20:59:20,031 [Datanode State Machine Thread - 0] INFO  statemachine.DatanodeStateMachine (DatanodeStateMachine.java:lambda$startDaemon$0(350)) - Ozone container server started.
2019-09-20 20:59:20,031 [Datanode State Machine Thread - 0] INFO  statemachine.DatanodeStateMachine (DatanodeStateMachine.java:lambda$startDaemon$0(350)) - Ozone container server started.
2019-09-20 20:59:22,006 [grpc-default-executor-3] WARN  server.GrpcLogAppender (LogUtils.java:warn(134)) - 611ae901-e50a-4ae8-a9b2-2f86c5d8c65e@group-34472633DB3A->94a6d619-c930-45b6-ab16-e3ef1a750777-AppendLogResponseHandler: Failed appendEntries: org.apache.ratis.thirdparty.io.grpc.StatusRuntimeException: UNAVAILABLE: io exception
2019-09-20 20:59:22,006 [grpc-default-executor-3] INFO  impl.FollowerInfo (FollowerInfo.java:lambda$new$0(51)) - 611ae901-e50a-4ae8-a9b2-2f86c5d8c65e@group-34472633DB3A->94a6d619-c930-45b6-ab16-e3ef1a750777: nextIndex: updateUnconditionally 13 -> 12
2019-09-20 20:59:24,114 [EventQueue-StaleNodeForStaleNodeHandler] INFO  node.StaleNodeHandler (StaleNodeHandler.java:onMessage(58)) - Datanode 95d4fb60-b61e-4c4a-8fcb-b8ff1d3ec0a8{ip: 192.168.157.230, host: pr-hdds-2159-7gjv7-4246597483, networkLocation: /default-rack, certSerialId: null} moved to stale state. Finalizing its pipelines [PipelineID=224f7933-715c-4c95-9a1c-d056afc6799a, PipelineID=2eab33d4-7391-4c6d-9c7a-34472633db3a]
2019-09-20 20:59:24,116 [EventQueue-StaleNodeForStaleNodeHandler] INFO  pipeline.SCMPipelineManager (SCMPipelineManager.java:finalizeAndDestroyPipeline(311)) - destroying pipeline:Pipeline[ Id: 224f7933-715c-4c95-9a1c-d056afc6799a, Nodes: 95d4fb60-b61e-4c4a-8fcb-b8ff1d3ec0a8{ip: 192.168.157.230, host: pr-hdds-2159-7gjv7-4246597483, networkLocation: /default-rack, certSerialId: null}, Type:RATIS, Factor:ONE, State:OPEN]
2019-09-20 20:59:24,116 [EventQueue-StaleNodeForStaleNodeHandler] INFO  pipeline.PipelineStateManager (PipelineStateManager.java:finalizePipeline(123)) - Pipeline Pipeline[ Id: 224f7933-715c-4c95-9a1c-d056afc6799a, Nodes: 95d4fb60-b61e-4c4a-8fcb-b8ff1d3ec0a8{ip: 192.168.157.230, host: pr-hdds-2159-7gjv7-4246597483, networkLocation: /default-rack, certSerialId: null}, Type:RATIS, Factor:ONE, State:CLOSED] moved to CLOSED state
2019-09-20 20:59:24,117 [EventQueue-StaleNodeForStaleNodeHandler] INFO  pipeline.SCMPipelineManager (SCMPipelineManager.java:finalizeAndDestroyPipeline(311)) - destroying pipeline:Pipeline[ Id: 2eab33d4-7391-4c6d-9c7a-34472633db3a, Nodes: 94a6d619-c930-45b6-ab16-e3ef1a750777{ip: 192.168.157.230, host: pr-hdds-2159-7gjv7-4246597483, networkLocation: /default-rack, certSerialId: null}95d4fb60-b61e-4c4a-8fcb-b8ff1d3ec0a8{ip: 192.168.157.230, host: pr-hdds-2159-7gjv7-4246597483, networkLocation: /default-rack, certSerialId: null}611ae901-e50a-4ae8-a9b2-2f86c5d8c65e{ip: 192.168.157.230, host: pr-hdds-2159-7gjv7-4246597483, networkLocation: /default-rack, certSerialId: null}, Type:RATIS, Factor:THREE, State:CLOSED]
2019-09-20 20:59:24,117 [EventQueue-StaleNodeForStaleNodeHandler] INFO  node.StaleNodeHandler (StaleNodeHandler.java:onMessage(58)) - Datanode 611ae901-e50a-4ae8-a9b2-2f86c5d8c65e{ip: 192.168.157.230, host: pr-hdds-2159-7gjv7-4246597483, networkLocation: /default-rack, certSerialId: null} moved to stale state. Finalizing its pipelines [PipelineID=2eab33d4-7391-4c6d-9c7a-34472633db3a, PipelineID=ae8a5872-006e-4928-845e-e1bdff0b9fba]
2019-09-20 20:59:24,117 [EventQueue-StaleNodeForStaleNodeHandler] INFO  pipeline.SCMPipelineManager (SCMPipelineManager.java:finalizeAndDestroyPipeline(311)) - destroying pipeline:Pipeline[ Id: 2eab33d4-7391-4c6d-9c7a-34472633db3a, Nodes: 94a6d619-c930-45b6-ab16-e3ef1a750777{ip: 192.168.157.230, host: pr-hdds-2159-7gjv7-4246597483, networkLocation: /default-rack, certSerialId: null}95d4fb60-b61e-4c4a-8fcb-b8ff1d3ec0a8{ip: 192.168.157.230, host: pr-hdds-2159-7gjv7-4246597483, networkLocation: /default-rack, certSerialId: null}611ae901-e50a-4ae8-a9b2-2f86c5d8c65e{ip: 192.168.157.230, host: pr-hdds-2159-7gjv7-4246597483, networkLocation: /default-rack, certSerialId: null}, Type:RATIS, Factor:THREE, State:CLOSED]
2019-09-20 20:59:24,118 [EventQueue-StaleNodeForStaleNodeHandler] INFO  pipeline.SCMPipelineManager (SCMPipelineManager.java:finalizeAndDestroyPipeline(311)) - destroying pipeline:Pipeline[ Id: ae8a5872-006e-4928-845e-e1bdff0b9fba, Nodes: 611ae901-e50a-4ae8-a9b2-2f86c5d8c65e{ip: 192.168.157.230, host: pr-hdds-2159-7gjv7-4246597483, networkLocation: /default-rack, certSerialId: null}, Type:RATIS, Factor:ONE, State:OPEN]
2019-09-20 20:59:24,118 [EventQueue-StaleNodeForStaleNodeHandler] INFO  pipeline.PipelineStateManager (PipelineStateManager.java:finalizePipeline(123)) - Pipeline Pipeline[ Id: ae8a5872-006e-4928-845e-e1bdff0b9fba, Nodes: 611ae901-e50a-4ae8-a9b2-2f86c5d8c65e{ip: 192.168.157.230, host: pr-hdds-2159-7gjv7-4246597483, networkLocation: /default-rack, certSerialId: null}, Type:RATIS, Factor:ONE, State:CLOSED] moved to CLOSED state
2019-09-20 20:59:24,333 [main] INFO  ozoneimpl.OzoneContainer (OzoneContainer.java:stop(231)) - Attempting to stop container services.
2019-09-20 20:59:24,340 [main] INFO  impl.RaftServerProxy (RaftServerProxy.java:lambda$close$4(314)) - 611ae901-e50a-4ae8-a9b2-2f86c5d8c65e: close
2019-09-20 20:59:24,341 [main] INFO  impl.RaftServerImpl (RaftServerImpl.java:lambda$shutdown$3(251)) - 611ae901-e50a-4ae8-a9b2-2f86c5d8c65e@group-34472633DB3A: shutdown
2019-09-20 20:59:24,341 [main] INFO  util.JmxRegister (JmxRegister.java:unregister(73)) - Successfully un-registered JMX Bean with object name Ratis:service=RaftServer,group=group-34472633DB3A,id=611ae901-e50a-4ae8-a9b2-2f86c5d8c65e
2019-09-20 20:59:24,342 [main] INFO  impl.RoleInfo (RoleInfo.java:shutdownLeaderState(104)) - 611ae901-e50a-4ae8-a9b2-2f86c5d8c65e: shutdown LeaderState
2019-09-20 20:59:24,346 [org.apache.ratis.server.impl.LogAppender$AppenderDaemon$$Lambda$489/1467131532@40d4f2af] WARN  server.GrpcLogAppender (GrpcLogAppender.java:mayWait(143)) - 611ae901-e50a-4ae8-a9b2-2f86c5d8c65e@group-34472633DB3A->94a6d619-c930-45b6-ab16-e3ef1a750777-GrpcLogAppender: Wait interrupted by java.lang.InterruptedException
2019-09-20 20:59:24,346 [main] INFO  impl.PendingRequests (PendingRequests.java:sendNotLeaderResponses(202)) - 611ae901-e50a-4ae8-a9b2-2f86c5d8c65e-PendingRequests: sendNotLeaderResponses
2019-09-20 20:59:24,346 [org.apache.ratis.server.impl.LogAppender$AppenderDaemon$$Lambda$489/1467131532@304b0063] WARN  server.GrpcLogAppender (GrpcLogAppender.java:mayWait(143)) - 611ae901-e50a-4ae8-a9b2-2f86c5d8c65e@group-34472633DB3A->95d4fb60-b61e-4c4a-8fcb-b8ff1d3ec0a8-GrpcLogAppender: Wait interrupted by java.lang.InterruptedException
2019-09-20 20:59:24,350 [main] INFO  impl.StateMachineUpdater (StateMachineUpdater.java:stopAndJoin(125)) - 611ae901-e50a-4ae8-a9b2-2f86c5d8c65e@group-34472633DB3A-StateMachineUpdater: set stopIndex = 17
2019-09-20 20:59:24,351 [611ae901-e50a-4ae8-a9b2-2f86c5d8c65e@group-34472633DB3A-StateMachineUpdater] INFO  ratis.ContainerStateMachine (ContainerStateMachine.java:takeSnapshot(289)) - group-34472633DB3A: Taking a snapshot at:(t:1, i:17) file /workdir/hadoop-ozone/integration-test/target/test-dir/MiniOzoneClusterImpl-9716d3f7-240c-4861-9957-7330e711a072/datanode-6/data/ratis/2eab33d4-7391-4c6d-9c7a-34472633db3a/sm/snapshot.1_17
2019-09-20 20:59:24,351 [grpc-default-executor-3] INFO  server.GrpcServerProtocolService (GrpcServerProtocolService.java:onCompleted(113)) - 95d4fb60-b61e-4c4a-8fcb-b8ff1d3ec0a8: Completed APPEND_ENTRIES, lastRequest: 611ae901-e50a-4ae8-a9b2-2f86c5d8c65e->95d4fb60-b61e-4c4a-8fcb-b8ff1d3ec0a8#31-t1, previous=(t:1, i:17), leaderCommit=17, initializing? false, entries: <empty>
2019-09-20 20:59:24,353 [grpc-default-executor-3] INFO  server.GrpcLogAppender (GrpcLogAppender.java:onCompleted(293)) - 611ae901-e50a-4ae8-a9b2-2f86c5d8c65e@group-34472633DB3A->95d4fb60-b61e-4c4a-8fcb-b8ff1d3ec0a8-AppendLogResponseHandler: follower responses appendEntries COMPLETED
2019-09-20 20:59:24,354 [grpc-default-executor-3] INFO  impl.FollowerInfo (FollowerInfo.java:lambda$new$0(51)) - 611ae901-e50a-4ae8-a9b2-2f86c5d8c65e@group-34472633DB3A->95d4fb60-b61e-4c4a-8fcb-b8ff1d3ec0a8: nextIndex: updateUnconditionally 18 -> 17
2019-09-20 20:59:24,356 [ForkJoinPool.commonPool-worker-0] INFO  ozoneimpl.OzoneContainer (OzoneContainer.java:stop(231)) - Attempting to stop container services.
2019-09-20 20:59:24,356 [ForkJoinPool.commonPool-worker-0] INFO  impl.RaftServerProxy (RaftServerProxy.java:lambda$close$4(314)) - 95d4fb60-b61e-4c4a-8fcb-b8ff1d3ec0a8: close
2019-09-20 20:59:24,357 [ForkJoinPool.commonPool-worker-0] INFO  impl.RaftServerImpl (RaftServerImpl.java:lambda$shutdown$3(251)) - 95d4fb60-b61e-4c4a-8fcb-b8ff1d3ec0a8@group-D056AFC6799A: shutdown
2019-09-20 20:59:24,357 [ForkJoinPool.commonPool-worker-0] INFO  util.JmxRegister (JmxRegister.java:unregister(73)) - Successfully un-registered JMX Bean with object name Ratis:service=RaftServer,group=group-D056AFC6799A,id=95d4fb60-b61e-4c4a-8fcb-b8ff1d3ec0a8
2019-09-20 20:59:24,357 [ForkJoinPool.commonPool-worker-0] INFO  impl.RoleInfo (RoleInfo.java:shutdownLeaderState(104)) - 95d4fb60-b61e-4c4a-8fcb-b8ff1d3ec0a8: shutdown LeaderState
2019-09-20 20:59:24,358 [ForkJoinPool.commonPool-worker-0] INFO  impl.PendingRequests (PendingRequests.java:sendNotLeaderResponses(202)) - 95d4fb60-b61e-4c4a-8fcb-b8ff1d3ec0a8-PendingRequests: sendNotLeaderResponses
2019-09-20 20:59:24,358 [ForkJoinPool.commonPool-worker-0] INFO  impl.StateMachineUpdater (StateMachineUpdater.java:stopAndJoin(125)) - 95d4fb60-b61e-4c4a-8fcb-b8ff1d3ec0a8@group-D056AFC6799A-StateMachineUpdater: set stopIndex = 0
2019-09-20 20:59:24,359 [ForkJoinPool.commonPool-worker-0] INFO  impl.RaftServerImpl (ServerState.java:close(385)) - 95d4fb60-b61e-4c4a-8fcb-b8ff1d3ec0a8@group-D056AFC6799A: closes. applyIndex: 0
2019-09-20 20:59:24,359 [95d4fb60-b61e-4c4a-8fcb-b8ff1d3ec0a8@group-D056AFC6799A-SegmentedRaftLogWorker] INFO  segmented.SegmentedRaftLogWorker (SegmentedRaftLogWorker.java:run(313)) - 95d4fb60-b61e-4c4a-8fcb-b8ff1d3ec0a8@group-D056AFC6799A-SegmentedRaftLogWorker was interrupted, exiting. There are 0 tasks remaining in the queue.
2019-09-20 20:59:24,364 [ForkJoinPool.commonPool-worker-0] INFO  segmented.SegmentedRaftLogWorker (SegmentedRaftLogWorker.java:close(228)) - 95d4fb60-b61e-4c4a-8fcb-b8ff1d3ec0a8@group-D056AFC6799A-SegmentedRaftLogWorker close()
2019-09-20 20:59:24,368 [ForkJoinPool.commonPool-worker-0] INFO  impl.RaftServerImpl (RaftServerImpl.java:lambda$shutdown$3(251)) - 95d4fb60-b61e-4c4a-8fcb-b8ff1d3ec0a8@group-34472633DB3A: shutdown
2019-09-20 20:59:24,368 [ForkJoinPool.commonPool-worker-0] INFO  util.JmxRegister (JmxRegister.java:unregister(73)) - Successfully un-registered JMX Bean with object name Ratis:service=RaftServer,group=group-34472633DB3A,id=95d4fb60-b61e-4c4a-8fcb-b8ff1d3ec0a8
2019-09-20 20:59:24,368 [ForkJoinPool.commonPool-worker-0] INFO  impl.RoleInfo (RoleInfo.java:shutdownFollowerState(121)) - 95d4fb60-b61e-4c4a-8fcb-b8ff1d3ec0a8: shutdown FollowerState
2019-09-20 20:59:24,368 [ForkJoinPool.commonPool-worker-0] INFO  impl.StateMachineUpdater (StateMachineUpdater.java:stopAndJoin(125)) - 95d4fb60-b61e-4c4a-8fcb-b8ff1d3ec0a8@group-34472633DB3A-StateMachineUpdater: set stopIndex = 17
2019-09-20 20:59:24,368 [Thread-2962] INFO  impl.FollowerState (FollowerState.java:run(115)) - 95d4fb60-b61e-4c4a-8fcb-b8ff1d3ec0a8: FollowerState was interrupted: java.lang.InterruptedException: sleep interrupted
2019-09-20 20:59:24,368 [95d4fb60-b61e-4c4a-8fcb-b8ff1d3ec0a8@group-34472633DB3A-StateMachineUpdater] INFO  ratis.ContainerStateMachine (ContainerStateMachine.java:takeSnapshot(289)) - group-34472633DB3A: Taking a snapshot at:(t:1, i:16) file /workdir/hadoop-ozone/integration-test/target/test-dir/MiniOzoneClusterImpl-9716d3f7-240c-4861-9957-7330e711a072/datanode-5/data/ratis/2eab33d4-7391-4c6d-9c7a-34472633db3a/sm/snapshot.1_16
2019-09-20 20:59:24,390 [95d4fb60-b61e-4c4a-8fcb-b8ff1d3ec0a8@group-34472633DB3A-StateMachineUpdater] INFO  ratis.ContainerStateMachine (ContainerStateMachine.java:takeSnapshot(300)) - group-34472633DB3A: Finished taking a snapshot at:(t:1, i:16) file:/workdir/hadoop-ozone/integration-test/target/test-dir/MiniOzoneClusterImpl-9716d3f7-240c-4861-9957-7330e711a072/datanode-5/data/ratis/2eab33d4-7391-4c6d-9c7a-34472633db3a/sm/snapshot.1_16 time:22
2019-09-20 20:59:24,390 [611ae901-e50a-4ae8-a9b2-2f86c5d8c65e@group-34472633DB3A-StateMachineUpdater] INFO  ratis.ContainerStateMachine (ContainerStateMachine.java:takeSnapshot(300)) - group-34472633DB3A: Finished taking a snapshot at:(t:1, i:17) file:/workdir/hadoop-ozone/integration-test/target/test-dir/MiniOzoneClusterImpl-9716d3f7-240c-4861-9957-7330e711a072/datanode-6/data/ratis/2eab33d4-7391-4c6d-9c7a-34472633db3a/sm/snapshot.1_17 time:40
2019-09-20 20:59:24,391 [95d4fb60-b61e-4c4a-8fcb-b8ff1d3ec0a8@group-34472633DB3A-StateMachineUpdater] INFO  impl.StateMachineUpdater (StateMachineUpdater.java:takeSnapshot(258)) - 95d4fb60-b61e-4c4a-8fcb-b8ff1d3ec0a8@group-34472633DB3A-StateMachineUpdater: Took a snapshot at index 16
2019-09-20 20:59:24,391 [95d4fb60-b61e-4c4a-8fcb-b8ff1d3ec0a8@group-34472633DB3A-StateMachineUpdater] INFO  impl.StateMachineUpdater (StateMachineUpdater.java:lambda$new$0(83)) - 95d4fb60-b61e-4c4a-8fcb-b8ff1d3ec0a8@group-34472633DB3A-StateMachineUpdater: snapshotIndex: updateIncreasingly -1 -> 16
2019-09-20 20:59:24,391 [611ae901-e50a-4ae8-a9b2-2f86c5d8c65e@group-34472633DB3A-StateMachineUpdater] INFO  impl.StateMachineUpdater (StateMachineUpdater.java:takeSnapshot(258)) - 611ae901-e50a-4ae8-a9b2-2f86c5d8c65e@group-34472633DB3A-StateMachineUpdater: Took a snapshot at index 17
2019-09-20 20:59:24,391 [611ae901-e50a-4ae8-a9b2-2f86c5d8c65e@group-34472633DB3A-StateMachineUpdater] INFO  impl.StateMachineUpdater (StateMachineUpdater.java:lambda$new$0(83)) - 611ae901-e50a-4ae8-a9b2-2f86c5d8c65e@group-34472633DB3A-StateMachineUpdater: snapshotIndex: updateIncreasingly -1 -> 17
2019-09-20 20:59:24,392 [95d4fb60-b61e-4c4a-8fcb-b8ff1d3ec0a8@group-34472633DB3A-StateMachineUpdater] INFO  ratis.ContainerStateMachine (ContainerStateMachine.java:takeSnapshot(289)) - group-34472633DB3A: Taking a snapshot at:(t:1, i:16) file /workdir/hadoop-ozone/integration-test/target/test-dir/MiniOzoneClusterImpl-9716d3f7-240c-4861-9957-7330e711a072/datanode-5/data/ratis/2eab33d4-7391-4c6d-9c7a-34472633db3a/sm/snapshot.1_16
2019-09-20 20:59:24,392 [main] INFO  impl.RaftServerImpl (ServerState.java:close(385)) - 611ae901-e50a-4ae8-a9b2-2f86c5d8c65e@group-34472633DB3A: closes. applyIndex: 17
2019-09-20 20:59:24,392 [611ae901-e50a-4ae8-a9b2-2f86c5d8c65e@group-34472633DB3A-SegmentedRaftLogWorker] INFO  segmented.SegmentedRaftLogWorker (SegmentedRaftLogWorker.java:run(313)) - 611ae901-e50a-4ae8-a9b2-2f86c5d8c65e@group-34472633DB3A-SegmentedRaftLogWorker was interrupted, exiting. There are 0 tasks remaining in the queue.
2019-09-20 20:59:24,394 [main] INFO  segmented.SegmentedRaftLogWorker (SegmentedRaftLogWorker.java:close(228)) - 611ae901-e50a-4ae8-a9b2-2f86c5d8c65e@group-34472633DB3A-SegmentedRaftLogWorker close()
2019-09-20 20:59:24,397 [main] INFO  impl.RaftServerImpl (RaftServerImpl.java:lambda$shutdown$3(251)) - 611ae901-e50a-4ae8-a9b2-2f86c5d8c65e@group-E1BDFF0B9FBA: shutdown
2019-09-20 20:59:24,398 [main] INFO  util.JmxRegister (JmxRegister.java:unregister(73)) - Successfully un-registered JMX Bean with object name Ratis:service=RaftServer,group=group-E1BDFF0B9FBA,id=611ae901-e50a-4ae8-a9b2-2f86c5d8c65e
2019-09-20 20:59:24,398 [main] INFO  impl.RoleInfo (RoleInfo.java:shutdownLeaderState(104)) - 611ae901-e50a-4ae8-a9b2-2f86c5d8c65e: shutdown LeaderState
2019-09-20 20:59:24,398 [main] INFO  impl.PendingRequests (PendingRequests.java:sendNotLeaderResponses(202)) - 611ae901-e50a-4ae8-a9b2-2f86c5d8c65e-PendingRequests: sendNotLeaderResponses
2019-09-20 20:59:24,399 [main] INFO  impl.StateMachineUpdater (StateMachineUpdater.java:stopAndJoin(125)) - 611ae901-e50a-4ae8-a9b2-2f86c5d8c65e@group-E1BDFF0B9FBA-StateMachineUpdater: set stopIndex = 0
2019-09-20 20:59:24,399 [main] INFO  impl.RaftServerImpl (ServerState.java:close(385)) - 611ae901-e50a-4ae8-a9b2-2f86c5d8c65e@group-E1BDFF0B9FBA: closes. applyIndex: 0
2019-09-20 20:59:24,400 [611ae901-e50a-4ae8-a9b2-2f86c5d8c65e@group-E1BDFF0B9FBA-SegmentedRaftLogWorker] INFO  segmented.SegmentedRaftLogWorker (SegmentedRaftLogWorker.java:run(313)) - 611ae901-e50a-4ae8-a9b2-2f86c5d8c65e@group-E1BDFF0B9FBA-SegmentedRaftLogWorker was interrupted, exiting. There are 0 tasks remaining in the queue.
2019-09-20 20:59:24,402 [main] INFO  segmented.SegmentedRaftLogWorker (SegmentedRaftLogWorker.java:close(228)) - 611ae901-e50a-4ae8-a9b2-2f86c5d8c65e@group-E1BDFF0B9FBA-SegmentedRaftLogWorker close()
2019-09-20 20:59:24,413 [95d4fb60-b61e-4c4a-8fcb-b8ff1d3ec0a8@group-34472633DB3A-StateMachineUpdater] INFO  ratis.ContainerStateMachine (ContainerStateMachine.java:takeSnapshot(300)) - group-34472633DB3A: Finished taking a snapshot at:(t:1, i:16) file:/workdir/hadoop-ozone/integration-test/target/test-dir/MiniOzoneClusterImpl-9716d3f7-240c-4861-9957-7330e711a072/datanode-5/data/ratis/2eab33d4-7391-4c6d-9c7a-34472633db3a/sm/snapshot.1_16 time:22
2019-09-20 20:59:24,413 [main] INFO  server.GrpcService (GrpcService.java:closeImpl(164)) - 611ae901-e50a-4ae8-a9b2-2f86c5d8c65e: shutdown server with port 43796 now
2019-09-20 20:59:24,413 [95d4fb60-b61e-4c4a-8fcb-b8ff1d3ec0a8@group-34472633DB3A-StateMachineUpdater] INFO  impl.StateMachineUpdater (StateMachineUpdater.java:takeSnapshot(258)) - 95d4fb60-b61e-4c4a-8fcb-b8ff1d3ec0a8@group-34472633DB3A-StateMachineUpdater: Took a snapshot at index 16
2019-09-20 20:59:24,414 [95d4fb60-b61e-4c4a-8fcb-b8ff1d3ec0a8@group-34472633DB3A-StateMachineUpdater] INFO  impl.StateMachineUpdater (StateMachineUpdater.java:lambda$new$0(83)) - 95d4fb60-b61e-4c4a-8fcb-b8ff1d3ec0a8@group-34472633DB3A-StateMachineUpdater: snapshotIndex: updateIncreasingly 16 -> 16
2019-09-20 20:59:24,414 [ForkJoinPool.commonPool-worker-0] INFO  impl.RaftServerImpl (ServerState.java:close(385)) - 95d4fb60-b61e-4c4a-8fcb-b8ff1d3ec0a8@group-34472633DB3A: closes. applyIndex: 17
2019-09-20 20:59:24,414 [95d4fb60-b61e-4c4a-8fcb-b8ff1d3ec0a8@group-34472633DB3A-SegmentedRaftLogWorker] INFO  segmented.SegmentedRaftLogWorker (SegmentedRaftLogWorker.java:run(313)) - 95d4fb60-b61e-4c4a-8fcb-b8ff1d3ec0a8@group-34472633DB3A-SegmentedRaftLogWorker was interrupted, exiting. There are 0 tasks remaining in the queue.
2019-09-20 20:59:24,414 [grpc-default-executor-8] WARN  client.GrpcClientProtocolService (LogUtils.java:warn(134)) - 1-UnorderedRequestStreamObserver1: onError: org.apache.ratis.thirdparty.io.grpc.StatusRuntimeException: CANCELLED: cancelled before receiving half close
2019-09-20 20:59:24,417 [ForkJoinPool.commonPool-worker-0] INFO  segmented.SegmentedRaftLogWorker (SegmentedRaftLogWorker.java:close(228)) - 95d4fb60-b61e-4c4a-8fcb-b8ff1d3ec0a8@group-34472633DB3A-SegmentedRaftLogWorker close()
2019-09-20 20:59:24,417 [main] INFO  server.GrpcService (GrpcService.java:closeImpl(172)) - 611ae901-e50a-4ae8-a9b2-2f86c5d8c65e: shutdown server with port 43796 successfully
2019-09-20 20:59:24,419 [ForkJoinPool.commonPool-worker-0] INFO  server.GrpcService (GrpcService.java:closeImpl(164)) - 95d4fb60-b61e-4c4a-8fcb-b8ff1d3ec0a8: shutdown server with port 33102 now
2019-09-20 20:59:24,419 [ForkJoinPool.commonPool-worker-0] INFO  server.GrpcService (GrpcService.java:closeImpl(172)) - 95d4fb60-b61e-4c4a-8fcb-b8ff1d3ec0a8: shutdown server with port 33102 successfully
2019-09-20 20:59:24,423 [refreshUsed-/workdir/hadoop-ozone/integration-test/target/test-dir/MiniOzoneClusterImpl-9716d3f7-240c-4861-9957-7330e711a072/datanode-6/data/containers] WARN  fs.CachingGetSpaceUsed (CachingGetSpaceUsed.java:run(183)) - Thread Interrupted waiting to refresh disk information: sleep interrupted
2019-09-20 20:59:24,425 [refreshUsed-/workdir/hadoop-ozone/integration-test/target/test-dir/MiniOzoneClusterImpl-9716d3f7-240c-4861-9957-7330e711a072/datanode-5/data/containers] WARN  fs.CachingGetSpaceUsed (CachingGetSpaceUsed.java:run(183)) - Thread Interrupted waiting to refresh disk information: sleep interrupted
2019-09-20 20:59:24,444 [main] INFO  utils.BackgroundService (BackgroundService.java:shutdown(148)) - Shutting down service BlockDeletingService
2019-09-20 20:59:24,449 [main] INFO  statemachine.DatanodeStateMachine (DatanodeStateMachine.java:stopDaemon(395)) - Ozone container server stopped.
2019-09-20 20:59:24,450 [ForkJoinPool.commonPool-worker-0] INFO  utils.BackgroundService (BackgroundService.java:shutdown(148)) - Shutting down service BlockDeletingService
2019-09-20 20:59:24,456 [ForkJoinPool.commonPool-worker-0] INFO  statemachine.DatanodeStateMachine (DatanodeStateMachine.java:stopDaemon(395)) - Ozone container server stopped.
2019-09-20 20:59:24,457 [main] INFO  handler.ContextHandler (ContextHandler.java:doStop(910)) - Stopped o.e.j.w.WebAppContext@68e5c7ae{/,null,UNAVAILABLE}{/hddsDatanode}
2019-09-20 20:59:24,460 [ForkJoinPool.commonPool-worker-0] INFO  handler.ContextHandler (ContextHandler.java:doStop(910)) - Stopped o.e.j.w.WebAppContext@77c66a4f{/,null,UNAVAILABLE}{/hddsDatanode}
2019-09-20 20:59:24,462 [main] INFO  server.AbstractConnector (AbstractConnector.java:doStop(318)) - Stopped ServerConnector@68bd8ca7{HTTP/1.1,[http/1.1]}{0.0.0.0:0}
2019-09-20 20:59:24,462 [ForkJoinPool.commonPool-worker-0] INFO  server.AbstractConnector (AbstractConnector.java:doStop(318)) - Stopped ServerConnector@649b5891{HTTP/1.1,[http/1.1]}{0.0.0.0:0}
2019-09-20 20:59:24,462 [main] INFO  handler.ContextHandler (ContextHandler.java:doStop(910)) - Stopped o.e.j.s.ServletContextHandler@cf01c2e{/static,jar:file:/home/user/.m2/repository/org/apache/hadoop/hadoop-hdds-container-service/0.5.0-SNAPSHOT/hadoop-hdds-container-service-0.5.0-SNAPSHOT.jar!/webapps/static,UNAVAILABLE}
2019-09-20 20:59:24,464 [ForkJoinPool.commonPool-worker-0] INFO  handler.ContextHandler (ContextHandler.java:doStop(910)) - Stopped o.e.j.s.ServletContextHandler@5b066c33{/static,jar:file:/home/user/.m2/repository/org/apache/hadoop/hadoop-hdds-container-service/0.5.0-SNAPSHOT/hadoop-hdds-container-service-0.5.0-SNAPSHOT.jar!/webapps/static,UNAVAILABLE}
2019-09-20 20:59:24,464 [main] INFO  handler.ContextHandler (ContextHandler.java:doStop(910)) - Stopped o.e.j.s.ServletContextHandler@31881aa2{/logs,file:///workdir/hadoop-ozone/integration-test/target/log,UNAVAILABLE}
2019-09-20 20:59:24,465 [ForkJoinPool.commonPool-worker-0] INFO  handler.ContextHandler (ContextHandler.java:doStop(910)) - Stopped o.e.j.s.ServletContextHandler@79cb8ffa{/logs,file:///workdir/hadoop-ozone/integration-test/target/log,UNAVAILABLE}
2019-09-20 20:59:24,466 [main] INFO  ozone.MiniOzoneClusterImpl (MiniOzoneClusterImpl.java:stop(344)) - Stopping the StorageContainerManager
2019-09-20 20:59:24,467 [main] INFO  server.StorageContainerManager (StorageContainerManager.java:stop(801)) - Stopping Replication Manager Service.
2019-09-20 20:59:24,467 [main] INFO  container.ReplicationManager (ReplicationManager.java:stop(203)) - Stopping Replication Monitor Thread.
2019-09-20 20:59:24,467 [main] INFO  server.StorageContainerManager (StorageContainerManager.java:stop(808)) - Stopping Lease Manager of the command watchers
2019-09-20 20:59:24,467 [main] INFO  server.StorageContainerManager (StorageContainerManager.java:stop(815)) - Stopping datanode service RPC server
2019-09-20 20:59:24,467 [main] INFO  server.SCMDatanodeProtocolServer (SCMDatanodeProtocolServer.java:stop(367)) - Stopping the RPC server for DataNodes
2019-09-20 20:59:24,468 [main] INFO  ipc.Server (Server.java:stop(3082)) - Stopping server on 38046
2019-09-20 20:59:24,470 [IPC Server listener on 38046] INFO  ipc.Server (Server.java:run(1185)) - Stopping IPC Server listener on 38046
2019-09-20 20:59:24,471 [IPC Server Responder] INFO  ipc.Server (Server.java:run(1319)) - Stopping IPC Server Responder
2019-09-20 20:59:24,514 [SCM Heartbeat Processing Thread - 0] WARN  node.NodeStateManager (NodeStateManager.java:scheduleNextHealthCheck(646)) - Current Thread is interrupted, shutting down HB processing thread for Node Manager.
2019-09-20 20:59:24,515 [main] INFO  server.StorageContainerManager (StorageContainerManager.java:stop(823)) - Stopping block service RPC server
2019-09-20 20:59:24,515 [main] INFO  server.SCMBlockProtocolServer (SCMBlockProtocolServer.java:stop(155)) - Stopping the RPC server for Block Protocol
2019-09-20 20:59:24,515 [main] INFO  ipc.Server (Server.java:stop(3082)) - Stopping server on 40981
2019-09-20 20:59:24,517 [IPC Server listener on 40981] INFO  ipc.Server (Server.java:run(1185)) - Stopping IPC Server listener on 40981
2019-09-20 20:59:24,518 [main] INFO  server.StorageContainerManager (StorageContainerManager.java:stop(830)) - Stopping the StorageContainerLocationProtocol RPC server
2019-09-20 20:59:24,518 [IPC Server Responder] INFO  ipc.Server (Server.java:run(1319)) - Stopping IPC Server Responder
2019-09-20 20:59:24,518 [main] INFO  server.SCMClientProtocolServer (SCMClientProtocolServer.java:stop(159)) - Stopping the RPC server for Client Protocol
2019-09-20 20:59:24,520 [main] INFO  ipc.Server (Server.java:stop(3082)) - Stopping server on 33041
2019-09-20 20:59:24,523 [IPC Server listener on 33041] INFO  ipc.Server (Server.java:run(1185)) - Stopping IPC Server listener on 33041
2019-09-20 20:59:24,523 [main] INFO  server.StorageContainerManager (StorageContainerManager.java:stop(837)) - Stopping Storage Container Manager HTTP server.
2019-09-20 20:59:24,523 [IPC Server Responder] INFO  ipc.Server (Server.java:run(1319)) - Stopping IPC Server Responder
2019-09-20 20:59:24,525 [main] INFO  handler.ContextHandler (ContextHandler.java:doStop(910)) - Stopped o.e.j.w.WebAppContext@5ec9eefa{/,null,UNAVAILABLE}{/scm}
2019-09-20 20:59:24,526 [main] INFO  server.AbstractConnector (AbstractConnector.java:doStop(318)) - Stopped ServerConnector@28b8f98a{HTTP/1.1,[http/1.1]}{0.0.0.0:0}
2019-09-20 20:59:24,526 [main] INFO  handler.ContextHandler (ContextHandler.java:doStop(910)) - Stopped o.e.j.s.ServletContextHandler@69a40b3c{/static,file:///workdir/hadoop-ozone/integration-test/target/test-classes/webapps/static,UNAVAILABLE}
2019-09-20 20:59:24,527 [main] INFO  handler.ContextHandler (ContextHandler.java:doStop(910)) - Stopped o.e.j.s.ServletContextHandler@53d6e959{/logs,file:///workdir/hadoop-ozone/integration-test/target/log,UNAVAILABLE}
2019-09-20 20:59:24,528 [main] INFO  server.StorageContainerManager (StorageContainerManager.java:stop(848)) - Stopping Block Manager Service.
2019-09-20 20:59:24,528 [main] INFO  utils.BackgroundService (BackgroundService.java:shutdown(148)) - Shutting down service SCMBlockDeletingService
2019-09-20 20:59:24,528 [main] INFO  utils.BackgroundService (BackgroundService.java:shutdown(148)) - Shutting down service SCMBlockDeletingService
2019-09-20 20:59:24,529 [main] INFO  server.StorageContainerManager (StorageContainerManager.java:stop(870)) - Stopping SCM Event Queue.
2019-09-20 20:59:24,534 [main] INFO  impl.MetricsSystemImpl (MetricsSystemImpl.java:stop(210)) - Stopping HddsDatanode metrics system...
2019-09-20 20:59:24,560 [main] INFO  impl.MetricsSystemImpl (MetricsSystemImpl.java:stop(216)) - HddsDatanode metrics system stopped.
]]></system-out>
    <system-err><![CDATA[Sep 20, 2019 8:59:14 PM org.apache.ratis.thirdparty.io.grpc.internal.SerializingExecutor run
SEVERE: Exception while executing runnable org.apache.ratis.thirdparty.io.grpc.internal.ServerImpl$JumpToApplicationThreadServerStreamListener$1Closed@73a5e36
org.apache.ratis.thirdparty.io.grpc.StatusRuntimeException: CANCELLED: call already cancelled
	at org.apache.ratis.thirdparty.io.grpc.Status.asRuntimeException(Status.java:517)
	at org.apache.ratis.thirdparty.io.grpc.stub.ServerCalls$ServerCallStreamObserverImpl.onCompleted(ServerCalls.java:356)
	at org.apache.ratis.grpc.server.GrpcServerProtocolService$ServerRequestStreamObserver.onError(GrpcServerProtocolService.java:121)
	at org.apache.ratis.thirdparty.io.grpc.stub.ServerCalls$StreamingServerCallHandler$StreamingServerCallListener.onCancel(ServerCalls.java:269)
	at org.apache.ratis.thirdparty.io.grpc.internal.ServerCallImpl$ServerStreamListenerImpl.closed(ServerCallImpl.java:293)
	at org.apache.ratis.thirdparty.io.grpc.internal.ServerImpl$JumpToApplicationThreadServerStreamListener$1Closed.runInContext(ServerImpl.java:741)
	at org.apache.ratis.thirdparty.io.grpc.internal.ContextRunnable.run(ContextRunnable.java:37)
	at org.apache.ratis.thirdparty.io.grpc.internal.SerializingExecutor.run(SerializingExecutor.java:123)
	at java.util.concurrent.ThreadPoolExecutor.runWorker(ThreadPoolExecutor.java:1149)
	at java.util.concurrent.ThreadPoolExecutor$Worker.run(ThreadPoolExecutor.java:624)
	at java.lang.Thread.run(Thread.java:748)

]]></system-err>
  </testcase>
  <testcase name="testFailureWithPrimeSizedData" classname="org.apache.hadoop.ozone.client.rpc.TestBlockOutputStreamWithFailures" time="36.414"/>
  <testcase name="testWatchForCommitWithCloseContainerException" classname="org.apache.hadoop.ozone.client.rpc.TestBlockOutputStreamWithFailures" time="33.516"/>
  <testcase name="testExceptionDuringClose" classname="org.apache.hadoop.ozone.client.rpc.TestBlockOutputStreamWithFailures" time="35.633"/>
</testsuite>