<?xml version="1.0" encoding="UTF-8"?>
<testsuite xmlns:xsi="http://www.w3.org/2001/XMLSchema-instance" xsi:noNamespaceSchemaLocation="https://maven.apache.org/surefire/maven-surefire-plugin/xsd/surefire-test-report.xsd" name="org.apache.hadoop.ozone.client.rpc.TestContainerReplicationEndToEnd" time="26.334" tests="1" errors="1" skipped="0" failures="0">
  <properties>
    <property name="awt.toolkit" value="sun.awt.X11.XToolkit"/>
    <property name="file.encoding.pkg" value="sun.io"/>
    <property name="java.specification.version" value="1.8"/>
    <property name="sun.cpu.isalist" value=""/>
    <property name="sun.jnu.encoding" value="UTF-8"/>
    <property name="java.class.path" value="/workdir/hadoop-ozone/integration-test/target/test-classes:/workdir/hadoop-ozone/integration-test/target/classes:/home/user/.m2/repository/org/apache/hadoop/hadoop-ozone-common/0.5.0-SNAPSHOT/hadoop-ozone-common-0.5.0-SNAPSHOT.jar:/home/user/.m2/repository/org/apache/commons/commons-compress/1.4.1/commons-compress-1.4.1.jar:/home/user/.m2/repository/org/tukaani/xz/1.0/xz-1.0.jar:/home/user/.m2/repository/org/apache/hadoop/hadoop-common/3.2.0/hadoop-common-3.2.0.jar:/home/user/.m2/repository/org/apache/hadoop/hadoop-hdfs/3.2.0/hadoop-hdfs-3.2.0.jar:/home/user/.m2/repository/org/apache/hadoop/hadoop-hdfs-client/3.2.0/hadoop-hdfs-client-3.2.0.jar:/home/user/.m2/repository/com/fasterxml/jackson/core/jackson-annotations/2.9.9/jackson-annotations-2.9.9.jar:/home/user/.m2/repository/org/apache/hadoop/hadoop-hdds-common/0.5.0-SNAPSHOT/hadoop-hdds-common-0.5.0-SNAPSHOT.jar:/home/user/.m2/repository/javax/annotation/javax.annotation-api/1.2/javax.annotation-api-1.2.jar:/home/user/.m2/repository/org/apache/ratis/ratis-server/0.4.0-78e95b9-SNAPSHOT/ratis-server-0.4.0-78e95b9-SNAPSHOT.jar:/home/user/.m2/repository/org/apache/ratis/ratis-thirdparty-misc/0.2.0/ratis-thirdparty-misc-0.2.0.jar:/home/user/.m2/repository/org/apache/ratis/ratis-proto/0.4.0-78e95b9-SNAPSHOT/ratis-proto-0.4.0-78e95b9-SNAPSHOT.jar:/home/user/.m2/repository/org/apache/ratis/ratis-common/0.4.0-78e95b9-SNAPSHOT/ratis-common-0.4.0-78e95b9-SNAPSHOT.jar:/home/user/.m2/repository/org/apache/ratis/ratis-client/0.4.0-78e95b9-SNAPSHOT/ratis-client-0.4.0-78e95b9-SNAPSHOT.jar:/home/user/.m2/repository/org/apache/ratis/ratis-metrics/0.4.0-78e95b9-SNAPSHOT/ratis-metrics-0.4.0-78e95b9-SNAPSHOT.jar:/home/user/.m2/repository/com/github/joshelser/dropwizard-metrics-hadoop-metrics2-reporter/0.1.2/dropwizard-metrics-hadoop-metrics2-reporter-0.1.2.jar:/home/user/.m2/repository/io/dropwizard/metrics/metrics-jvm/3.2.5/metrics-jvm-3.2.5.jar:/home/user/.m2/repository/io/dropwizard/metrics/metrics-ganglia/3.2.5/metrics-ganglia-3.2.5.jar:/home/user/.m2/repository/info/ganglia/gmetric4j/gmetric4j/1.0.7/gmetric4j-1.0.7.jar:/home/user/.m2/repository/org/apache/ratis/ratis-netty/0.4.0-78e95b9-SNAPSHOT/ratis-netty-0.4.0-78e95b9-SNAPSHOT.jar:/home/user/.m2/repository/org/apache/ratis/ratis-grpc/0.4.0-78e95b9-SNAPSHOT/ratis-grpc-0.4.0-78e95b9-SNAPSHOT.jar:/home/user/.m2/repository/org/rocksdb/rocksdbjni/6.0.1/rocksdbjni-6.0.1.jar:/home/user/.m2/repository/org/apache/logging/log4j/log4j-api/2.11.0/log4j-api-2.11.0.jar:/home/user/.m2/repository/org/apache/logging/log4j/log4j-core/2.11.0/log4j-core-2.11.0.jar:/home/user/.m2/repository/com/lmax/disruptor/3.4.2/disruptor-3.4.2.jar:/home/user/.m2/repository/org/apache/commons/commons-pool2/2.6.0/commons-pool2-2.6.0.jar:/home/user/.m2/repository/org/bouncycastle/bcpkix-jdk15on/1.60/bcpkix-jdk15on-1.60.jar:/home/user/.m2/repository/commons-validator/commons-validator/1.6/commons-validator-1.6.jar:/home/user/.m2/repository/commons-digester/commons-digester/1.8.1/commons-digester-1.8.1.jar:/home/user/.m2/repository/io/jaegertracing/jaeger-client/0.33.1/jaeger-client-0.33.1.jar:/home/user/.m2/repository/io/jaegertracing/jaeger-thrift/0.33.1/jaeger-thrift-0.33.1.jar:/home/user/.m2/repository/org/apache/thrift/libthrift/0.11.0/libthrift-0.11.0.jar:/home/user/.m2/repository/com/squareup/okhttp3/okhttp/3.9.0/okhttp-3.9.0.jar:/home/user/.m2/repository/com/squareup/okio/okio/1.13.0/okio-1.13.0.jar:/home/user/.m2/repository/io/jaegertracing/jaeger-core/0.33.1/jaeger-core-0.33.1.jar:/home/user/.m2/repository/io/jaegertracing/jaeger-tracerresolver/0.33.1/jaeger-tracerresolver-0.33.1.jar:/home/user/.m2/repository/io/opentracing/contrib/opentracing-tracerresolver/0.1.5/opentracing-tracerresolver-0.1.5.jar:/home/user/.m2/repository/io/opentracing/opentracing-util/0.31.0/opentracing-util-0.31.0.jar:/home/user/.m2/repository/io/opentracing/opentracing-api/0.31.0/opentracing-api-0.31.0.jar:/home/user/.m2/repository/io/opentracing/opentracing-noop/0.31.0/opentracing-noop-0.31.0.jar:/home/user/.m2/repository/org/apache/hadoop/hadoop-hdds-server-framework/0.5.0-SNAPSHOT/hadoop-hdds-server-framework-0.5.0-SNAPSHOT.jar:/home/user/.m2/repository/org/apache/hadoop/hadoop-hdds-container-service/0.5.0-SNAPSHOT/hadoop-hdds-container-service-0.5.0-SNAPSHOT.jar:/home/user/.m2/repository/org/apache/hadoop/hadoop-hdds-client/0.5.0-SNAPSHOT/hadoop-hdds-client-0.5.0-SNAPSHOT.jar:/home/user/.m2/repository/org/apache/hadoop/hadoop-hdds-tools/0.5.0-SNAPSHOT/hadoop-hdds-tools-0.5.0-SNAPSHOT.jar:/home/user/.m2/repository/org/apache/hadoop/hadoop-hdds-server-scm/0.5.0-SNAPSHOT/hadoop-hdds-server-scm-0.5.0-SNAPSHOT.jar:/home/user/.m2/repository/org/apache/hadoop/hadoop-hdds-docs/0.5.0-SNAPSHOT/hadoop-hdds-docs-0.5.0-SNAPSHOT.jar:/home/user/.m2/repository/io/dropwizard/metrics/metrics-core/3.2.4/metrics-core-3.2.4.jar:/home/user/.m2/repository/org/hamcrest/hamcrest-all/1.3/hamcrest-all-1.3.jar:/home/user/.m2/repository/org/bouncycastle/bcprov-jdk15on/1.60/bcprov-jdk15on-1.60.jar:/home/user/.m2/repository/info/picocli/picocli/3.9.6/picocli-3.9.6.jar:/home/user/.m2/repository/com/google/protobuf/protobuf-java/2.5.0/protobuf-java-2.5.0.jar:/home/user/.m2/repository/com/google/guava/guava/11.0.2/guava-11.0.2.jar:/home/user/.m2/repository/org/apache/hadoop/hadoop-ozone-ozone-manager/0.5.0-SNAPSHOT/hadoop-ozone-ozone-manager-0.5.0-SNAPSHOT.jar:/home/user/.m2/repository/org/apache/hadoop/hadoop-minikdc/3.2.0/hadoop-minikdc-3.2.0.jar:/home/user/.m2/repository/commons-io/commons-io/2.5/commons-io-2.5.jar:/home/user/.m2/repository/org/apache/kerby/kerb-simplekdc/1.0.1/kerb-simplekdc-1.0.1.jar:/home/user/.m2/repository/org/apache/kerby/kerb-client/1.0.1/kerb-client-1.0.1.jar:/home/user/.m2/repository/org/apache/kerby/kerby-config/1.0.1/kerby-config-1.0.1.jar:/home/user/.m2/repository/org/apache/kerby/kerb-core/1.0.1/kerb-core-1.0.1.jar:/home/user/.m2/repository/org/apache/kerby/kerby-pkix/1.0.1/kerby-pkix-1.0.1.jar:/home/user/.m2/repository/org/apache/kerby/kerby-asn1/1.0.1/kerby-asn1-1.0.1.jar:/home/user/.m2/repository/org/apache/kerby/kerby-util/1.0.1/kerby-util-1.0.1.jar:/home/user/.m2/repository/org/apache/kerby/kerb-common/1.0.1/kerb-common-1.0.1.jar:/home/user/.m2/repository/org/apache/kerby/kerb-crypto/1.0.1/kerb-crypto-1.0.1.jar:/home/user/.m2/repository/org/apache/kerby/kerb-util/1.0.1/kerb-util-1.0.1.jar:/home/user/.m2/repository/org/apache/kerby/token-provider/1.0.1/token-provider-1.0.1.jar:/home/user/.m2/repository/org/apache/kerby/kerb-admin/1.0.1/kerb-admin-1.0.1.jar:/home/user/.m2/repository/org/apache/kerby/kerb-server/1.0.1/kerb-server-1.0.1.jar:/home/user/.m2/repository/org/apache/kerby/kerb-identity/1.0.1/kerb-identity-1.0.1.jar:/home/user/.m2/repository/org/apache/kerby/kerby-xdr/1.0.1/kerby-xdr-1.0.1.jar:/home/user/.m2/repository/org/slf4j/slf4j-log4j12/1.7.25/slf4j-log4j12-1.7.25.jar:/home/user/.m2/repository/org/apache/hadoop/hadoop-ozone-s3gateway/0.5.0-SNAPSHOT/hadoop-ozone-s3gateway-0.5.0-SNAPSHOT.jar:/home/user/.m2/repository/org/jboss/weld/servlet/weld-servlet/2.4.7.Final/weld-servlet-2.4.7.Final.jar:/home/user/.m2/repository/org/glassfish/jersey/containers/jersey-container-servlet-core/2.27/jersey-container-servlet-core-2.27.jar:/home/user/.m2/repository/org/glassfish/hk2/external/javax.inject/2.5.0-b42/javax.inject-2.5.0-b42.jar:/home/user/.m2/repository/org/glassfish/jersey/core/jersey-common/2.27/jersey-common-2.27.jar:/home/user/.m2/repository/org/glassfish/hk2/osgi-resource-locator/1.0.1/osgi-resource-locator-1.0.1.jar:/home/user/.m2/repository/javax/ws/rs/javax.ws.rs-api/2.1/javax.ws.rs-api-2.1.jar:/home/user/.m2/repository/org/glassfish/jersey/ext/cdi/jersey-cdi1x/2.27/jersey-cdi1x-2.27.jar:/home/user/.m2/repository/org/glassfish/jersey/inject/jersey-hk2/2.27/jersey-hk2-2.27.jar:/home/user/.m2/repository/org/glassfish/hk2/hk2-locator/2.5.0-b42/hk2-locator-2.5.0-b42.jar:/home/user/.m2/repository/org/javassist/javassist/3.22.0-CR2/javassist-3.22.0-CR2.jar:/home/user/.m2/repository/org/glassfish/hk2/hk2-api/2.5.0/hk2-api-2.5.0.jar:/home/user/.m2/repository/org/glassfish/hk2/external/jakarta.inject/2.5.0/jakarta.inject-2.5.0.jar:/home/user/.m2/repository/org/glassfish/hk2/hk2-utils/2.5.0/hk2-utils-2.5.0.jar:/home/user/.m2/repository/jakarta/annotation/jakarta.annotation-api/1.3.4/jakarta.annotation-api-1.3.4.jar:/home/user/.m2/repository/org/glassfish/hk2/external/aopalliance-repackaged/2.5.0/aopalliance-repackaged-2.5.0.jar:/home/user/.m2/repository/com/fasterxml/jackson/dataformat/jackson-dataformat-xml/2.9.0/jackson-dataformat-xml-2.9.0.jar:/home/user/.m2/repository/com/fasterxml/jackson/core/jackson-core/2.9.9/jackson-core-2.9.9.jar:/home/user/.m2/repository/com/fasterxml/jackson/module/jackson-module-jaxb-annotations/2.9.9/jackson-module-jaxb-annotations-2.9.9.jar:/home/user/.m2/repository/javax/enterprise/cdi-api/1.2/cdi-api-1.2.jar:/home/user/.m2/repository/javax/el/javax.el-api/3.0.0/javax.el-api-3.0.0.jar:/home/user/.m2/repository/javax/interceptor/javax.interceptor-api/1.2/javax.interceptor-api-1.2.jar:/home/user/.m2/repository/javax/inject/javax.inject/1/javax.inject-1.jar:/home/user/.m2/repository/com/sun/xml/bind/jaxb-impl/2.3.0.1/jaxb-impl-2.3.0.1.jar:/home/user/.m2/repository/com/sun/xml/bind/jaxb-core/2.3.0.1/jaxb-core-2.3.0.1.jar:/home/user/.m2/repository/javax/xml/bind/jaxb-api/2.3.0/jaxb-api-2.3.0.jar:/home/user/.m2/repository/javax/activation/activation/1.1.1/activation-1.1.1.jar:/home/user/.m2/repository/org/apache/hadoop/hadoop-ozone-csi/0.5.0-SNAPSHOT/hadoop-ozone-csi-0.5.0-SNAPSHOT.jar:/home/user/.m2/repository/com/google/protobuf/protobuf-java-util/3.5.1/protobuf-java-util-3.5.1.jar:/home/user/.m2/repository/org/apache/hadoop/hadoop-hdds-config/0.5.0-SNAPSHOT/hadoop-hdds-config-0.5.0-SNAPSHOT.jar:/home/user/.m2/repository/io/grpc/grpc-netty/1.17.1/grpc-netty-1.17.1.jar:/home/user/.m2/repository/io/grpc/grpc-core/1.17.1/grpc-core-1.17.1.jar:/home/user/.m2/repository/io/grpc/grpc-context/1.17.1/grpc-context-1.17.1.jar:/home/user/.m2/repository/com/google/errorprone/error_prone_annotations/2.2.0/error_prone_annotations-2.2.0.jar:/home/user/.m2/repository/org/codehaus/mojo/animal-sniffer-annotations/1.17/animal-sniffer-annotations-1.17.jar:/home/user/.m2/repository/io/opencensus/opencensus-api/0.17.0/opencensus-api-0.17.0.jar:/home/user/.m2/repository/io/opencensus/opencensus-contrib-grpc-metrics/0.17.0/opencensus-contrib-grpc-metrics-0.17.0.jar:/home/user/.m2/repository/io/netty/netty-codec-http2/4.1.30.Final/netty-codec-http2-4.1.30.Final.jar:/home/user/.m2/repository/io/netty/netty-codec-http/4.1.30.Final/netty-codec-http-4.1.30.Final.jar:/home/user/.m2/repository/io/netty/netty-codec/4.1.30.Final/netty-codec-4.1.30.Final.jar:/home/user/.m2/repository/io/netty/netty-handler/4.1.30.Final/netty-handler-4.1.30.Final.jar:/home/user/.m2/repository/io/netty/netty-handler-proxy/4.1.30.Final/netty-handler-proxy-4.1.30.Final.jar:/home/user/.m2/repository/io/netty/netty-codec-socks/4.1.30.Final/netty-codec-socks-4.1.30.Final.jar:/home/user/.m2/repository/io/netty/netty-transport-native-epoll/4.1.30.Final/netty-transport-native-epoll-4.1.30.Final.jar:/home/user/.m2/repository/io/netty/netty-common/4.1.30.Final/netty-common-4.1.30.Final.jar:/home/user/.m2/repository/io/netty/netty-buffer/4.1.30.Final/netty-buffer-4.1.30.Final.jar:/home/user/.m2/repository/io/netty/netty-transport/4.1.30.Final/netty-transport-4.1.30.Final.jar:/home/user/.m2/repository/io/netty/netty-resolver/4.1.30.Final/netty-resolver-4.1.30.Final.jar:/home/user/.m2/repository/io/netty/netty-transport-native-unix-common/4.1.30.Final/netty-transport-native-unix-common-4.1.30.Final.jar:/home/user/.m2/repository/io/grpc/grpc-protobuf/1.17.1/grpc-protobuf-1.17.1.jar:/home/user/.m2/repository/com/google/api/grpc/proto-google-common-protos/1.0.0/proto-google-common-protos-1.0.0.jar:/home/user/.m2/repository/io/grpc/grpc-protobuf-lite/1.17.1/grpc-protobuf-lite-1.17.1.jar:/home/user/.m2/repository/io/grpc/grpc-stub/1.17.1/grpc-stub-1.17.1.jar:/home/user/.m2/repository/org/apache/hadoop/hadoop-ozone-recon/0.5.0-SNAPSHOT/hadoop-ozone-recon-0.5.0-SNAPSHOT.jar:/home/user/.m2/repository/org/apache/hadoop/hadoop-ozone-reconcodegen/0.5.0-SNAPSHOT/hadoop-ozone-reconcodegen-0.5.0-SNAPSHOT.jar:/home/user/.m2/repository/com/google/inject/extensions/guice-multibindings/4.0/guice-multibindings-4.0.jar:/home/user/.m2/repository/com/google/inject/guice/4.0/guice-4.0.jar:/home/user/.m2/repository/aopalliance/aopalliance/1.0/aopalliance-1.0.jar:/home/user/.m2/repository/com/google/inject/extensions/guice-servlet/4.0/guice-servlet-4.0.jar:/home/user/.m2/repository/org/glassfish/jersey/containers/jersey-container-servlet/2.27/jersey-container-servlet-2.27.jar:/home/user/.m2/repository/org/glassfish/hk2/guice-bridge/2.5.0/guice-bridge-2.5.0.jar:/home/user/.m2/repository/org/glassfish/jersey/core/jersey-server/2.27/jersey-server-2.27.jar:/home/user/.m2/repository/org/glassfish/jersey/core/jersey-client/2.27/jersey-client-2.27.jar:/home/user/.m2/repository/org/glassfish/jersey/media/jersey-media-jaxb/2.27/jersey-media-jaxb-2.27.jar:/home/user/.m2/repository/javax/validation/validation-api/1.1.0.Final/validation-api-1.1.0.Final.jar:/home/user/.m2/repository/org/glassfish/jersey/media/jersey-media-json-jackson/2.27/jersey-media-json-jackson-2.27.jar:/home/user/.m2/repository/org/glassfish/jersey/ext/jersey-entity-filtering/2.27/jersey-entity-filtering-2.27.jar:/home/user/.m2/repository/com/google/inject/extensions/guice-assistedinject/4.0/guice-assistedinject-4.0.jar:/home/user/.m2/repository/org/jooq/jooq/3.11.10/jooq-3.11.10.jar:/home/user/.m2/repository/org/jooq/jooq-meta/3.11.10/jooq-meta-3.11.10.jar:/home/user/.m2/repository/org/jooq/jooq-codegen/3.11.10/jooq-codegen-3.11.10.jar:/home/user/.m2/repository/com/jolbox/bonecp/0.8.0.RELEASE/bonecp-0.8.0.RELEASE.jar:/home/user/.m2/repository/org/xerial/sqlite-jdbc/3.25.2/sqlite-jdbc-3.25.2.jar:/home/user/.m2/repository/org/springframework/spring-jdbc/5.1.3.RELEASE/spring-jdbc-5.1.3.RELEASE.jar:/home/user/.m2/repository/org/springframework/spring-beans/5.1.3.RELEASE/spring-beans-5.1.3.RELEASE.jar:/home/user/.m2/repository/org/springframework/spring-core/5.1.3.RELEASE/spring-core-5.1.3.RELEASE.jar:/home/user/.m2/repository/org/springframework/spring-jcl/5.1.3.RELEASE/spring-jcl-5.1.3.RELEASE.jar:/home/user/.m2/repository/org/springframework/spring-tx/5.1.3.RELEASE/spring-tx-5.1.3.RELEASE.jar:/home/user/.m2/repository/org/apache/hadoop/hadoop-ozone-client/0.5.0-SNAPSHOT/hadoop-ozone-client-0.5.0-SNAPSHOT.jar:/home/user/.m2/repository/commons-lang/commons-lang/2.6/commons-lang-2.6.jar:/home/user/.m2/repository/org/apache/hadoop/hadoop-ozone-ozone-manager/0.5.0-SNAPSHOT/hadoop-ozone-ozone-manager-0.5.0-SNAPSHOT-tests.jar:/home/user/.m2/repository/junit/junit/4.11/junit-4.11.jar:/home/user/.m2/repository/org/hamcrest/hamcrest-core/1.3/hamcrest-core-1.3.jar:/home/user/.m2/repository/org/openjdk/jmh/jmh-core/1.19/jmh-core-1.19.jar:/home/user/.m2/repository/net/sf/jopt-simple/jopt-simple/4.6/jopt-simple-4.6.jar:/home/user/.m2/repository/org/apache/commons/commons-math3/3.1.1/commons-math3-3.1.1.jar:/home/user/.m2/repository/org/openjdk/jmh/jmh-generator-annprocess/1.19/jmh-generator-annprocess-1.19.jar:/home/user/.m2/repository/org/mockito/mockito-all/1.8.5/mockito-all-1.8.5.jar:/home/user/.m2/repository/org/apache/hadoop/hadoop-kms/3.2.0/hadoop-kms-3.2.0.jar:/home/user/.m2/repository/org/apache/hadoop/hadoop-auth/3.2.0/hadoop-auth-3.2.0.jar:/home/user/.m2/repository/com/nimbusds/nimbus-jose-jwt/4.41.1/nimbus-jose-jwt-4.41.1.jar:/home/user/.m2/repository/com/github/stephenc/jcip/jcip-annotations/1.0-1/jcip-annotations-1.0-1.jar:/home/user/.m2/repository/net/minidev/json-smart/2.3/json-smart-2.3.jar:/home/user/.m2/repository/net/minidev/accessors-smart/1.2/accessors-smart-1.2.jar:/home/user/.m2/repository/org/ow2/asm/asm/5.0.4/asm-5.0.4.jar:/home/user/.m2/repository/org/apache/curator/curator-framework/2.12.0/curator-framework-2.12.0.jar:/home/user/.m2/repository/com/sun/jersey/jersey-core/1.19/jersey-core-1.19.jar:/home/user/.m2/repository/javax/ws/rs/jsr311-api/1.1.1/jsr311-api-1.1.1.jar:/home/user/.m2/repository/com/sun/jersey/jersey-server/1.19/jersey-server-1.19.jar:/home/user/.m2/repository/javax/servlet/javax.servlet-api/3.1.0/javax.servlet-api-3.1.0.jar:/home/user/.m2/repository/org/eclipse/jetty/jetty-server/9.3.24.v20180605/jetty-server-9.3.24.v20180605.jar:/home/user/.m2/repository/org/eclipse/jetty/jetty-http/9.3.24.v20180605/jetty-http-9.3.24.v20180605.jar:/home/user/.m2/repository/org/eclipse/jetty/jetty-io/9.3.24.v20180605/jetty-io-9.3.24.v20180605.jar:/home/user/.m2/repository/org/eclipse/jetty/jetty-webapp/9.3.24.v20180605/jetty-webapp-9.3.24.v20180605.jar:/home/user/.m2/repository/org/eclipse/jetty/jetty-xml/9.3.24.v20180605/jetty-xml-9.3.24.v20180605.jar:/home/user/.m2/repository/log4j/log4j/1.2.17/log4j-1.2.17.jar:/home/user/.m2/repository/org/slf4j/slf4j-api/1.7.25/slf4j-api-1.7.25.jar:/home/user/.m2/repository/org/slf4j/jul-to-slf4j/1.7.25/jul-to-slf4j-1.7.25.jar:/home/user/.m2/repository/org/eclipse/jetty/jetty-util/9.3.24.v20180605/jetty-util-9.3.24.v20180605.jar:/home/user/.m2/repository/com/fasterxml/jackson/core/jackson-databind/2.9.9/jackson-databind-2.9.9.jar:/home/user/.m2/repository/org/apache/hadoop/hadoop-kms/3.2.0/hadoop-kms-3.2.0-tests.jar:/home/user/.m2/repository/org/apache/hadoop/hadoop-hdds-server-scm/0.5.0-SNAPSHOT/hadoop-hdds-server-scm-0.5.0-SNAPSHOT-tests.jar:/home/user/.m2/repository/org/apache/hadoop/hadoop-hdds-container-service/0.5.0-SNAPSHOT/hadoop-hdds-container-service-0.5.0-SNAPSHOT-tests.jar:/home/user/.m2/repository/org/yaml/snakeyaml/1.16/snakeyaml-1.16.jar:/home/user/.m2/repository/org/apache/hadoop/hadoop-common/3.2.0/hadoop-common-3.2.0-tests.jar:/home/user/.m2/repository/org/apache/hadoop/hadoop-annotations/3.2.0/hadoop-annotations-3.2.0.jar:/usr/lib/jvm/java-1.8-openjdk/jre/../lib/tools.jar:/home/user/.m2/repository/commons-cli/commons-cli/1.2/commons-cli-1.2.jar:/home/user/.m2/repository/org/apache/httpcomponents/httpclient/4.5.2/httpclient-4.5.2.jar:/home/user/.m2/repository/org/apache/httpcomponents/httpcore/4.4.4/httpcore-4.4.4.jar:/home/user/.m2/repository/commons-codec/commons-codec/1.11/commons-codec-1.11.jar:/home/user/.m2/repository/commons-net/commons-net/3.6/commons-net-3.6.jar:/home/user/.m2/repository/commons-collections/commons-collections/3.2.2/commons-collections-3.2.2.jar:/home/user/.m2/repository/org/eclipse/jetty/jetty-servlet/9.3.24.v20180605/jetty-servlet-9.3.24.v20180605.jar:/home/user/.m2/repository/org/eclipse/jetty/jetty-security/9.3.24.v20180605/jetty-security-9.3.24.v20180605.jar:/home/user/.m2/repository/javax/servlet/jsp/jsp-api/2.1/jsp-api-2.1.jar:/home/user/.m2/repository/com/sun/jersey/jersey-servlet/1.19/jersey-servlet-1.19.jar:/home/user/.m2/repository/com/sun/jersey/jersey-json/1.19/jersey-json-1.19.jar:/home/user/.m2/repository/org/codehaus/jettison/jettison/1.1/jettison-1.1.jar:/home/user/.m2/repository/org/codehaus/jackson/jackson-core-asl/1.9.13/jackson-core-asl-1.9.13.jar:/home/user/.m2/repository/org/codehaus/jackson/jackson-mapper-asl/1.9.13/jackson-mapper-asl-1.9.13.jar:/home/user/.m2/repository/org/codehaus/jackson/jackson-jaxrs/1.9.13/jackson-jaxrs-1.9.13.jar:/home/user/.m2/repository/org/codehaus/jackson/jackson-xc/1.9.13/jackson-xc-1.9.13.jar:/home/user/.m2/repository/commons-logging/commons-logging/1.1.3/commons-logging-1.1.3.jar:/home/user/.m2/repository/commons-beanutils/commons-beanutils/1.9.4/commons-beanutils-1.9.4.jar:/home/user/.m2/repository/org/apache/commons/commons-configuration2/2.1.1/commons-configuration2-2.1.1.jar:/home/user/.m2/repository/org/apache/commons/commons-lang3/3.7/commons-lang3-3.7.jar:/home/user/.m2/repository/org/apache/commons/commons-text/1.4/commons-text-1.4.jar:/home/user/.m2/repository/org/apache/avro/avro/1.7.7/avro-1.7.7.jar:/home/user/.m2/repository/com/thoughtworks/paranamer/paranamer/2.3/paranamer-2.3.jar:/home/user/.m2/repository/org/xerial/snappy/snappy-java/1.0.5/snappy-java-1.0.5.jar:/home/user/.m2/repository/com/google/re2j/re2j/1.1/re2j-1.1.jar:/home/user/.m2/repository/com/google/code/gson/gson/2.2.4/gson-2.2.4.jar:/home/user/.m2/repository/com/jcraft/jsch/0.1.54/jsch-0.1.54.jar:/home/user/.m2/repository/org/apache/curator/curator-client/2.12.0/curator-client-2.12.0.jar:/home/user/.m2/repository/org/apache/curator/curator-recipes/2.12.0/curator-recipes-2.12.0.jar:/home/user/.m2/repository/com/google/code/findbugs/jsr305/3.0.0/jsr305-3.0.0.jar:/home/user/.m2/repository/org/apache/htrace/htrace-core4/4.1.0-incubating/htrace-core4-4.1.0-incubating.jar:/home/user/.m2/repository/org/apache/zookeeper/zookeeper/3.4.13/zookeeper-3.4.13.jar:/home/user/.m2/repository/org/apache/yetus/audience-annotations/0.5.0/audience-annotations-0.5.0.jar:/home/user/.m2/repository/org/codehaus/woodstox/stax2-api/3.1.4/stax2-api-3.1.4.jar:/home/user/.m2/repository/com/fasterxml/woodstox/woodstox-core/5.0.3/woodstox-core-5.0.3.jar:/home/user/.m2/repository/dnsjava/dnsjava/2.1.7/dnsjava-2.1.7.jar:/home/user/.m2/repository/org/apache/hadoop/hadoop-hdfs/3.2.0/hadoop-hdfs-3.2.0-tests.jar:/home/user/.m2/repository/org/eclipse/jetty/jetty-util-ajax/9.3.24.v20180605/jetty-util-ajax-9.3.24.v20180605.jar:/home/user/.m2/repository/commons-daemon/commons-daemon/1.0.13/commons-daemon-1.0.13.jar:/home/user/.m2/repository/io/netty/netty/3.10.5.Final/netty-3.10.5.Final.jar:/home/user/.m2/repository/io/netty/netty-all/4.0.52.Final/netty-all-4.0.52.Final.jar:/home/user/.m2/repository/org/fusesource/leveldbjni/leveldbjni-all/1.8/leveldbjni-all-1.8.jar:"/>
    <property name="java.vm.vendor" value="IcedTea"/>
    <property name="sun.arch.data.model" value="64"/>
    <property name="test.build.dir" value="/workdir/hadoop-ozone/integration-test/target/test-dir"/>
    <property name="test.cache.data" value=""/>
    <property name="java.vendor.url" value="https://icedtea.classpath.org"/>
    <property name="user.timezone" value=""/>
    <property name="java.vm.specification.version" value="1.8"/>
    <property name="os.name" value="Linux"/>
    <property name="test.build.data" value="/workdir/hadoop-ozone/integration-test/target/test-dir"/>
    <property name="user.country" value="US"/>
    <property name="sun.java.launcher" value="SUN_STANDARD"/>
    <property name="sun.boot.library.path" value="/usr/lib/jvm/java-1.8-openjdk/jre/lib/amd64"/>
    <property name="sun.java.command" value="/workdir/hadoop-ozone/integration-test/target/surefire/surefirebooter4391588935101826313.jar /workdir/hadoop-ozone/integration-test/target/surefire 2019-09-20T20-29-34_816-jvmRun1 surefire3981570309452327850tmp surefire_446617634838384486767tmp"/>
    <property name="test" value="!TestMiniChaosOzoneCluster"/>
    <property name="surefire.test.class.path" value="/workdir/hadoop-ozone/integration-test/target/test-classes:/workdir/hadoop-ozone/integration-test/target/classes:/home/user/.m2/repository/org/apache/hadoop/hadoop-ozone-common/0.5.0-SNAPSHOT/hadoop-ozone-common-0.5.0-SNAPSHOT.jar:/home/user/.m2/repository/org/apache/commons/commons-compress/1.4.1/commons-compress-1.4.1.jar:/home/user/.m2/repository/org/tukaani/xz/1.0/xz-1.0.jar:/home/user/.m2/repository/org/apache/hadoop/hadoop-common/3.2.0/hadoop-common-3.2.0.jar:/home/user/.m2/repository/org/apache/hadoop/hadoop-hdfs/3.2.0/hadoop-hdfs-3.2.0.jar:/home/user/.m2/repository/org/apache/hadoop/hadoop-hdfs-client/3.2.0/hadoop-hdfs-client-3.2.0.jar:/home/user/.m2/repository/com/fasterxml/jackson/core/jackson-annotations/2.9.9/jackson-annotations-2.9.9.jar:/home/user/.m2/repository/org/apache/hadoop/hadoop-hdds-common/0.5.0-SNAPSHOT/hadoop-hdds-common-0.5.0-SNAPSHOT.jar:/home/user/.m2/repository/javax/annotation/javax.annotation-api/1.2/javax.annotation-api-1.2.jar:/home/user/.m2/repository/org/apache/ratis/ratis-server/0.4.0-78e95b9-SNAPSHOT/ratis-server-0.4.0-78e95b9-SNAPSHOT.jar:/home/user/.m2/repository/org/apache/ratis/ratis-thirdparty-misc/0.2.0/ratis-thirdparty-misc-0.2.0.jar:/home/user/.m2/repository/org/apache/ratis/ratis-proto/0.4.0-78e95b9-SNAPSHOT/ratis-proto-0.4.0-78e95b9-SNAPSHOT.jar:/home/user/.m2/repository/org/apache/ratis/ratis-common/0.4.0-78e95b9-SNAPSHOT/ratis-common-0.4.0-78e95b9-SNAPSHOT.jar:/home/user/.m2/repository/org/apache/ratis/ratis-client/0.4.0-78e95b9-SNAPSHOT/ratis-client-0.4.0-78e95b9-SNAPSHOT.jar:/home/user/.m2/repository/org/apache/ratis/ratis-metrics/0.4.0-78e95b9-SNAPSHOT/ratis-metrics-0.4.0-78e95b9-SNAPSHOT.jar:/home/user/.m2/repository/com/github/joshelser/dropwizard-metrics-hadoop-metrics2-reporter/0.1.2/dropwizard-metrics-hadoop-metrics2-reporter-0.1.2.jar:/home/user/.m2/repository/io/dropwizard/metrics/metrics-jvm/3.2.5/metrics-jvm-3.2.5.jar:/home/user/.m2/repository/io/dropwizard/metrics/metrics-ganglia/3.2.5/metrics-ganglia-3.2.5.jar:/home/user/.m2/repository/info/ganglia/gmetric4j/gmetric4j/1.0.7/gmetric4j-1.0.7.jar:/home/user/.m2/repository/org/apache/ratis/ratis-netty/0.4.0-78e95b9-SNAPSHOT/ratis-netty-0.4.0-78e95b9-SNAPSHOT.jar:/home/user/.m2/repository/org/apache/ratis/ratis-grpc/0.4.0-78e95b9-SNAPSHOT/ratis-grpc-0.4.0-78e95b9-SNAPSHOT.jar:/home/user/.m2/repository/org/rocksdb/rocksdbjni/6.0.1/rocksdbjni-6.0.1.jar:/home/user/.m2/repository/org/apache/logging/log4j/log4j-api/2.11.0/log4j-api-2.11.0.jar:/home/user/.m2/repository/org/apache/logging/log4j/log4j-core/2.11.0/log4j-core-2.11.0.jar:/home/user/.m2/repository/com/lmax/disruptor/3.4.2/disruptor-3.4.2.jar:/home/user/.m2/repository/org/apache/commons/commons-pool2/2.6.0/commons-pool2-2.6.0.jar:/home/user/.m2/repository/org/bouncycastle/bcpkix-jdk15on/1.60/bcpkix-jdk15on-1.60.jar:/home/user/.m2/repository/commons-validator/commons-validator/1.6/commons-validator-1.6.jar:/home/user/.m2/repository/commons-digester/commons-digester/1.8.1/commons-digester-1.8.1.jar:/home/user/.m2/repository/io/jaegertracing/jaeger-client/0.33.1/jaeger-client-0.33.1.jar:/home/user/.m2/repository/io/jaegertracing/jaeger-thrift/0.33.1/jaeger-thrift-0.33.1.jar:/home/user/.m2/repository/org/apache/thrift/libthrift/0.11.0/libthrift-0.11.0.jar:/home/user/.m2/repository/com/squareup/okhttp3/okhttp/3.9.0/okhttp-3.9.0.jar:/home/user/.m2/repository/com/squareup/okio/okio/1.13.0/okio-1.13.0.jar:/home/user/.m2/repository/io/jaegertracing/jaeger-core/0.33.1/jaeger-core-0.33.1.jar:/home/user/.m2/repository/io/jaegertracing/jaeger-tracerresolver/0.33.1/jaeger-tracerresolver-0.33.1.jar:/home/user/.m2/repository/io/opentracing/contrib/opentracing-tracerresolver/0.1.5/opentracing-tracerresolver-0.1.5.jar:/home/user/.m2/repository/io/opentracing/opentracing-util/0.31.0/opentracing-util-0.31.0.jar:/home/user/.m2/repository/io/opentracing/opentracing-api/0.31.0/opentracing-api-0.31.0.jar:/home/user/.m2/repository/io/opentracing/opentracing-noop/0.31.0/opentracing-noop-0.31.0.jar:/home/user/.m2/repository/org/apache/hadoop/hadoop-hdds-server-framework/0.5.0-SNAPSHOT/hadoop-hdds-server-framework-0.5.0-SNAPSHOT.jar:/home/user/.m2/repository/org/apache/hadoop/hadoop-hdds-container-service/0.5.0-SNAPSHOT/hadoop-hdds-container-service-0.5.0-SNAPSHOT.jar:/home/user/.m2/repository/org/apache/hadoop/hadoop-hdds-client/0.5.0-SNAPSHOT/hadoop-hdds-client-0.5.0-SNAPSHOT.jar:/home/user/.m2/repository/org/apache/hadoop/hadoop-hdds-tools/0.5.0-SNAPSHOT/hadoop-hdds-tools-0.5.0-SNAPSHOT.jar:/home/user/.m2/repository/org/apache/hadoop/hadoop-hdds-server-scm/0.5.0-SNAPSHOT/hadoop-hdds-server-scm-0.5.0-SNAPSHOT.jar:/home/user/.m2/repository/org/apache/hadoop/hadoop-hdds-docs/0.5.0-SNAPSHOT/hadoop-hdds-docs-0.5.0-SNAPSHOT.jar:/home/user/.m2/repository/io/dropwizard/metrics/metrics-core/3.2.4/metrics-core-3.2.4.jar:/home/user/.m2/repository/org/hamcrest/hamcrest-all/1.3/hamcrest-all-1.3.jar:/home/user/.m2/repository/org/bouncycastle/bcprov-jdk15on/1.60/bcprov-jdk15on-1.60.jar:/home/user/.m2/repository/info/picocli/picocli/3.9.6/picocli-3.9.6.jar:/home/user/.m2/repository/com/google/protobuf/protobuf-java/2.5.0/protobuf-java-2.5.0.jar:/home/user/.m2/repository/com/google/guava/guava/11.0.2/guava-11.0.2.jar:/home/user/.m2/repository/org/apache/hadoop/hadoop-ozone-ozone-manager/0.5.0-SNAPSHOT/hadoop-ozone-ozone-manager-0.5.0-SNAPSHOT.jar:/home/user/.m2/repository/org/apache/hadoop/hadoop-minikdc/3.2.0/hadoop-minikdc-3.2.0.jar:/home/user/.m2/repository/commons-io/commons-io/2.5/commons-io-2.5.jar:/home/user/.m2/repository/org/apache/kerby/kerb-simplekdc/1.0.1/kerb-simplekdc-1.0.1.jar:/home/user/.m2/repository/org/apache/kerby/kerb-client/1.0.1/kerb-client-1.0.1.jar:/home/user/.m2/repository/org/apache/kerby/kerby-config/1.0.1/kerby-config-1.0.1.jar:/home/user/.m2/repository/org/apache/kerby/kerb-core/1.0.1/kerb-core-1.0.1.jar:/home/user/.m2/repository/org/apache/kerby/kerby-pkix/1.0.1/kerby-pkix-1.0.1.jar:/home/user/.m2/repository/org/apache/kerby/kerby-asn1/1.0.1/kerby-asn1-1.0.1.jar:/home/user/.m2/repository/org/apache/kerby/kerby-util/1.0.1/kerby-util-1.0.1.jar:/home/user/.m2/repository/org/apache/kerby/kerb-common/1.0.1/kerb-common-1.0.1.jar:/home/user/.m2/repository/org/apache/kerby/kerb-crypto/1.0.1/kerb-crypto-1.0.1.jar:/home/user/.m2/repository/org/apache/kerby/kerb-util/1.0.1/kerb-util-1.0.1.jar:/home/user/.m2/repository/org/apache/kerby/token-provider/1.0.1/token-provider-1.0.1.jar:/home/user/.m2/repository/org/apache/kerby/kerb-admin/1.0.1/kerb-admin-1.0.1.jar:/home/user/.m2/repository/org/apache/kerby/kerb-server/1.0.1/kerb-server-1.0.1.jar:/home/user/.m2/repository/org/apache/kerby/kerb-identity/1.0.1/kerb-identity-1.0.1.jar:/home/user/.m2/repository/org/apache/kerby/kerby-xdr/1.0.1/kerby-xdr-1.0.1.jar:/home/user/.m2/repository/org/slf4j/slf4j-log4j12/1.7.25/slf4j-log4j12-1.7.25.jar:/home/user/.m2/repository/org/apache/hadoop/hadoop-ozone-s3gateway/0.5.0-SNAPSHOT/hadoop-ozone-s3gateway-0.5.0-SNAPSHOT.jar:/home/user/.m2/repository/org/jboss/weld/servlet/weld-servlet/2.4.7.Final/weld-servlet-2.4.7.Final.jar:/home/user/.m2/repository/org/glassfish/jersey/containers/jersey-container-servlet-core/2.27/jersey-container-servlet-core-2.27.jar:/home/user/.m2/repository/org/glassfish/hk2/external/javax.inject/2.5.0-b42/javax.inject-2.5.0-b42.jar:/home/user/.m2/repository/org/glassfish/jersey/core/jersey-common/2.27/jersey-common-2.27.jar:/home/user/.m2/repository/org/glassfish/hk2/osgi-resource-locator/1.0.1/osgi-resource-locator-1.0.1.jar:/home/user/.m2/repository/javax/ws/rs/javax.ws.rs-api/2.1/javax.ws.rs-api-2.1.jar:/home/user/.m2/repository/org/glassfish/jersey/ext/cdi/jersey-cdi1x/2.27/jersey-cdi1x-2.27.jar:/home/user/.m2/repository/org/glassfish/jersey/inject/jersey-hk2/2.27/jersey-hk2-2.27.jar:/home/user/.m2/repository/org/glassfish/hk2/hk2-locator/2.5.0-b42/hk2-locator-2.5.0-b42.jar:/home/user/.m2/repository/org/javassist/javassist/3.22.0-CR2/javassist-3.22.0-CR2.jar:/home/user/.m2/repository/org/glassfish/hk2/hk2-api/2.5.0/hk2-api-2.5.0.jar:/home/user/.m2/repository/org/glassfish/hk2/external/jakarta.inject/2.5.0/jakarta.inject-2.5.0.jar:/home/user/.m2/repository/org/glassfish/hk2/hk2-utils/2.5.0/hk2-utils-2.5.0.jar:/home/user/.m2/repository/jakarta/annotation/jakarta.annotation-api/1.3.4/jakarta.annotation-api-1.3.4.jar:/home/user/.m2/repository/org/glassfish/hk2/external/aopalliance-repackaged/2.5.0/aopalliance-repackaged-2.5.0.jar:/home/user/.m2/repository/com/fasterxml/jackson/dataformat/jackson-dataformat-xml/2.9.0/jackson-dataformat-xml-2.9.0.jar:/home/user/.m2/repository/com/fasterxml/jackson/core/jackson-core/2.9.9/jackson-core-2.9.9.jar:/home/user/.m2/repository/com/fasterxml/jackson/module/jackson-module-jaxb-annotations/2.9.9/jackson-module-jaxb-annotations-2.9.9.jar:/home/user/.m2/repository/javax/enterprise/cdi-api/1.2/cdi-api-1.2.jar:/home/user/.m2/repository/javax/el/javax.el-api/3.0.0/javax.el-api-3.0.0.jar:/home/user/.m2/repository/javax/interceptor/javax.interceptor-api/1.2/javax.interceptor-api-1.2.jar:/home/user/.m2/repository/javax/inject/javax.inject/1/javax.inject-1.jar:/home/user/.m2/repository/com/sun/xml/bind/jaxb-impl/2.3.0.1/jaxb-impl-2.3.0.1.jar:/home/user/.m2/repository/com/sun/xml/bind/jaxb-core/2.3.0.1/jaxb-core-2.3.0.1.jar:/home/user/.m2/repository/javax/xml/bind/jaxb-api/2.3.0/jaxb-api-2.3.0.jar:/home/user/.m2/repository/javax/activation/activation/1.1.1/activation-1.1.1.jar:/home/user/.m2/repository/org/apache/hadoop/hadoop-ozone-csi/0.5.0-SNAPSHOT/hadoop-ozone-csi-0.5.0-SNAPSHOT.jar:/home/user/.m2/repository/com/google/protobuf/protobuf-java-util/3.5.1/protobuf-java-util-3.5.1.jar:/home/user/.m2/repository/org/apache/hadoop/hadoop-hdds-config/0.5.0-SNAPSHOT/hadoop-hdds-config-0.5.0-SNAPSHOT.jar:/home/user/.m2/repository/io/grpc/grpc-netty/1.17.1/grpc-netty-1.17.1.jar:/home/user/.m2/repository/io/grpc/grpc-core/1.17.1/grpc-core-1.17.1.jar:/home/user/.m2/repository/io/grpc/grpc-context/1.17.1/grpc-context-1.17.1.jar:/home/user/.m2/repository/com/google/errorprone/error_prone_annotations/2.2.0/error_prone_annotations-2.2.0.jar:/home/user/.m2/repository/org/codehaus/mojo/animal-sniffer-annotations/1.17/animal-sniffer-annotations-1.17.jar:/home/user/.m2/repository/io/opencensus/opencensus-api/0.17.0/opencensus-api-0.17.0.jar:/home/user/.m2/repository/io/opencensus/opencensus-contrib-grpc-metrics/0.17.0/opencensus-contrib-grpc-metrics-0.17.0.jar:/home/user/.m2/repository/io/netty/netty-codec-http2/4.1.30.Final/netty-codec-http2-4.1.30.Final.jar:/home/user/.m2/repository/io/netty/netty-codec-http/4.1.30.Final/netty-codec-http-4.1.30.Final.jar:/home/user/.m2/repository/io/netty/netty-codec/4.1.30.Final/netty-codec-4.1.30.Final.jar:/home/user/.m2/repository/io/netty/netty-handler/4.1.30.Final/netty-handler-4.1.30.Final.jar:/home/user/.m2/repository/io/netty/netty-handler-proxy/4.1.30.Final/netty-handler-proxy-4.1.30.Final.jar:/home/user/.m2/repository/io/netty/netty-codec-socks/4.1.30.Final/netty-codec-socks-4.1.30.Final.jar:/home/user/.m2/repository/io/netty/netty-transport-native-epoll/4.1.30.Final/netty-transport-native-epoll-4.1.30.Final.jar:/home/user/.m2/repository/io/netty/netty-common/4.1.30.Final/netty-common-4.1.30.Final.jar:/home/user/.m2/repository/io/netty/netty-buffer/4.1.30.Final/netty-buffer-4.1.30.Final.jar:/home/user/.m2/repository/io/netty/netty-transport/4.1.30.Final/netty-transport-4.1.30.Final.jar:/home/user/.m2/repository/io/netty/netty-resolver/4.1.30.Final/netty-resolver-4.1.30.Final.jar:/home/user/.m2/repository/io/netty/netty-transport-native-unix-common/4.1.30.Final/netty-transport-native-unix-common-4.1.30.Final.jar:/home/user/.m2/repository/io/grpc/grpc-protobuf/1.17.1/grpc-protobuf-1.17.1.jar:/home/user/.m2/repository/com/google/api/grpc/proto-google-common-protos/1.0.0/proto-google-common-protos-1.0.0.jar:/home/user/.m2/repository/io/grpc/grpc-protobuf-lite/1.17.1/grpc-protobuf-lite-1.17.1.jar:/home/user/.m2/repository/io/grpc/grpc-stub/1.17.1/grpc-stub-1.17.1.jar:/home/user/.m2/repository/org/apache/hadoop/hadoop-ozone-recon/0.5.0-SNAPSHOT/hadoop-ozone-recon-0.5.0-SNAPSHOT.jar:/home/user/.m2/repository/org/apache/hadoop/hadoop-ozone-reconcodegen/0.5.0-SNAPSHOT/hadoop-ozone-reconcodegen-0.5.0-SNAPSHOT.jar:/home/user/.m2/repository/com/google/inject/extensions/guice-multibindings/4.0/guice-multibindings-4.0.jar:/home/user/.m2/repository/com/google/inject/guice/4.0/guice-4.0.jar:/home/user/.m2/repository/aopalliance/aopalliance/1.0/aopalliance-1.0.jar:/home/user/.m2/repository/com/google/inject/extensions/guice-servlet/4.0/guice-servlet-4.0.jar:/home/user/.m2/repository/org/glassfish/jersey/containers/jersey-container-servlet/2.27/jersey-container-servlet-2.27.jar:/home/user/.m2/repository/org/glassfish/hk2/guice-bridge/2.5.0/guice-bridge-2.5.0.jar:/home/user/.m2/repository/org/glassfish/jersey/core/jersey-server/2.27/jersey-server-2.27.jar:/home/user/.m2/repository/org/glassfish/jersey/core/jersey-client/2.27/jersey-client-2.27.jar:/home/user/.m2/repository/org/glassfish/jersey/media/jersey-media-jaxb/2.27/jersey-media-jaxb-2.27.jar:/home/user/.m2/repository/javax/validation/validation-api/1.1.0.Final/validation-api-1.1.0.Final.jar:/home/user/.m2/repository/org/glassfish/jersey/media/jersey-media-json-jackson/2.27/jersey-media-json-jackson-2.27.jar:/home/user/.m2/repository/org/glassfish/jersey/ext/jersey-entity-filtering/2.27/jersey-entity-filtering-2.27.jar:/home/user/.m2/repository/com/google/inject/extensions/guice-assistedinject/4.0/guice-assistedinject-4.0.jar:/home/user/.m2/repository/org/jooq/jooq/3.11.10/jooq-3.11.10.jar:/home/user/.m2/repository/org/jooq/jooq-meta/3.11.10/jooq-meta-3.11.10.jar:/home/user/.m2/repository/org/jooq/jooq-codegen/3.11.10/jooq-codegen-3.11.10.jar:/home/user/.m2/repository/com/jolbox/bonecp/0.8.0.RELEASE/bonecp-0.8.0.RELEASE.jar:/home/user/.m2/repository/org/xerial/sqlite-jdbc/3.25.2/sqlite-jdbc-3.25.2.jar:/home/user/.m2/repository/org/springframework/spring-jdbc/5.1.3.RELEASE/spring-jdbc-5.1.3.RELEASE.jar:/home/user/.m2/repository/org/springframework/spring-beans/5.1.3.RELEASE/spring-beans-5.1.3.RELEASE.jar:/home/user/.m2/repository/org/springframework/spring-core/5.1.3.RELEASE/spring-core-5.1.3.RELEASE.jar:/home/user/.m2/repository/org/springframework/spring-jcl/5.1.3.RELEASE/spring-jcl-5.1.3.RELEASE.jar:/home/user/.m2/repository/org/springframework/spring-tx/5.1.3.RELEASE/spring-tx-5.1.3.RELEASE.jar:/home/user/.m2/repository/org/apache/hadoop/hadoop-ozone-client/0.5.0-SNAPSHOT/hadoop-ozone-client-0.5.0-SNAPSHOT.jar:/home/user/.m2/repository/commons-lang/commons-lang/2.6/commons-lang-2.6.jar:/home/user/.m2/repository/org/apache/hadoop/hadoop-ozone-ozone-manager/0.5.0-SNAPSHOT/hadoop-ozone-ozone-manager-0.5.0-SNAPSHOT-tests.jar:/home/user/.m2/repository/junit/junit/4.11/junit-4.11.jar:/home/user/.m2/repository/org/hamcrest/hamcrest-core/1.3/hamcrest-core-1.3.jar:/home/user/.m2/repository/org/openjdk/jmh/jmh-core/1.19/jmh-core-1.19.jar:/home/user/.m2/repository/net/sf/jopt-simple/jopt-simple/4.6/jopt-simple-4.6.jar:/home/user/.m2/repository/org/apache/commons/commons-math3/3.1.1/commons-math3-3.1.1.jar:/home/user/.m2/repository/org/openjdk/jmh/jmh-generator-annprocess/1.19/jmh-generator-annprocess-1.19.jar:/home/user/.m2/repository/org/mockito/mockito-all/1.8.5/mockito-all-1.8.5.jar:/home/user/.m2/repository/org/apache/hadoop/hadoop-kms/3.2.0/hadoop-kms-3.2.0.jar:/home/user/.m2/repository/org/apache/hadoop/hadoop-auth/3.2.0/hadoop-auth-3.2.0.jar:/home/user/.m2/repository/com/nimbusds/nimbus-jose-jwt/4.41.1/nimbus-jose-jwt-4.41.1.jar:/home/user/.m2/repository/com/github/stephenc/jcip/jcip-annotations/1.0-1/jcip-annotations-1.0-1.jar:/home/user/.m2/repository/net/minidev/json-smart/2.3/json-smart-2.3.jar:/home/user/.m2/repository/net/minidev/accessors-smart/1.2/accessors-smart-1.2.jar:/home/user/.m2/repository/org/ow2/asm/asm/5.0.4/asm-5.0.4.jar:/home/user/.m2/repository/org/apache/curator/curator-framework/2.12.0/curator-framework-2.12.0.jar:/home/user/.m2/repository/com/sun/jersey/jersey-core/1.19/jersey-core-1.19.jar:/home/user/.m2/repository/javax/ws/rs/jsr311-api/1.1.1/jsr311-api-1.1.1.jar:/home/user/.m2/repository/com/sun/jersey/jersey-server/1.19/jersey-server-1.19.jar:/home/user/.m2/repository/javax/servlet/javax.servlet-api/3.1.0/javax.servlet-api-3.1.0.jar:/home/user/.m2/repository/org/eclipse/jetty/jetty-server/9.3.24.v20180605/jetty-server-9.3.24.v20180605.jar:/home/user/.m2/repository/org/eclipse/jetty/jetty-http/9.3.24.v20180605/jetty-http-9.3.24.v20180605.jar:/home/user/.m2/repository/org/eclipse/jetty/jetty-io/9.3.24.v20180605/jetty-io-9.3.24.v20180605.jar:/home/user/.m2/repository/org/eclipse/jetty/jetty-webapp/9.3.24.v20180605/jetty-webapp-9.3.24.v20180605.jar:/home/user/.m2/repository/org/eclipse/jetty/jetty-xml/9.3.24.v20180605/jetty-xml-9.3.24.v20180605.jar:/home/user/.m2/repository/log4j/log4j/1.2.17/log4j-1.2.17.jar:/home/user/.m2/repository/org/slf4j/slf4j-api/1.7.25/slf4j-api-1.7.25.jar:/home/user/.m2/repository/org/slf4j/jul-to-slf4j/1.7.25/jul-to-slf4j-1.7.25.jar:/home/user/.m2/repository/org/eclipse/jetty/jetty-util/9.3.24.v20180605/jetty-util-9.3.24.v20180605.jar:/home/user/.m2/repository/com/fasterxml/jackson/core/jackson-databind/2.9.9/jackson-databind-2.9.9.jar:/home/user/.m2/repository/org/apache/hadoop/hadoop-kms/3.2.0/hadoop-kms-3.2.0-tests.jar:/home/user/.m2/repository/org/apache/hadoop/hadoop-hdds-server-scm/0.5.0-SNAPSHOT/hadoop-hdds-server-scm-0.5.0-SNAPSHOT-tests.jar:/home/user/.m2/repository/org/apache/hadoop/hadoop-hdds-container-service/0.5.0-SNAPSHOT/hadoop-hdds-container-service-0.5.0-SNAPSHOT-tests.jar:/home/user/.m2/repository/org/yaml/snakeyaml/1.16/snakeyaml-1.16.jar:/home/user/.m2/repository/org/apache/hadoop/hadoop-common/3.2.0/hadoop-common-3.2.0-tests.jar:/home/user/.m2/repository/org/apache/hadoop/hadoop-annotations/3.2.0/hadoop-annotations-3.2.0.jar:/usr/lib/jvm/java-1.8-openjdk/jre/../lib/tools.jar:/home/user/.m2/repository/commons-cli/commons-cli/1.2/commons-cli-1.2.jar:/home/user/.m2/repository/org/apache/httpcomponents/httpclient/4.5.2/httpclient-4.5.2.jar:/home/user/.m2/repository/org/apache/httpcomponents/httpcore/4.4.4/httpcore-4.4.4.jar:/home/user/.m2/repository/commons-codec/commons-codec/1.11/commons-codec-1.11.jar:/home/user/.m2/repository/commons-net/commons-net/3.6/commons-net-3.6.jar:/home/user/.m2/repository/commons-collections/commons-collections/3.2.2/commons-collections-3.2.2.jar:/home/user/.m2/repository/org/eclipse/jetty/jetty-servlet/9.3.24.v20180605/jetty-servlet-9.3.24.v20180605.jar:/home/user/.m2/repository/org/eclipse/jetty/jetty-security/9.3.24.v20180605/jetty-security-9.3.24.v20180605.jar:/home/user/.m2/repository/javax/servlet/jsp/jsp-api/2.1/jsp-api-2.1.jar:/home/user/.m2/repository/com/sun/jersey/jersey-servlet/1.19/jersey-servlet-1.19.jar:/home/user/.m2/repository/com/sun/jersey/jersey-json/1.19/jersey-json-1.19.jar:/home/user/.m2/repository/org/codehaus/jettison/jettison/1.1/jettison-1.1.jar:/home/user/.m2/repository/org/codehaus/jackson/jackson-core-asl/1.9.13/jackson-core-asl-1.9.13.jar:/home/user/.m2/repository/org/codehaus/jackson/jackson-mapper-asl/1.9.13/jackson-mapper-asl-1.9.13.jar:/home/user/.m2/repository/org/codehaus/jackson/jackson-jaxrs/1.9.13/jackson-jaxrs-1.9.13.jar:/home/user/.m2/repository/org/codehaus/jackson/jackson-xc/1.9.13/jackson-xc-1.9.13.jar:/home/user/.m2/repository/commons-logging/commons-logging/1.1.3/commons-logging-1.1.3.jar:/home/user/.m2/repository/commons-beanutils/commons-beanutils/1.9.4/commons-beanutils-1.9.4.jar:/home/user/.m2/repository/org/apache/commons/commons-configuration2/2.1.1/commons-configuration2-2.1.1.jar:/home/user/.m2/repository/org/apache/commons/commons-lang3/3.7/commons-lang3-3.7.jar:/home/user/.m2/repository/org/apache/commons/commons-text/1.4/commons-text-1.4.jar:/home/user/.m2/repository/org/apache/avro/avro/1.7.7/avro-1.7.7.jar:/home/user/.m2/repository/com/thoughtworks/paranamer/paranamer/2.3/paranamer-2.3.jar:/home/user/.m2/repository/org/xerial/snappy/snappy-java/1.0.5/snappy-java-1.0.5.jar:/home/user/.m2/repository/com/google/re2j/re2j/1.1/re2j-1.1.jar:/home/user/.m2/repository/com/google/code/gson/gson/2.2.4/gson-2.2.4.jar:/home/user/.m2/repository/com/jcraft/jsch/0.1.54/jsch-0.1.54.jar:/home/user/.m2/repository/org/apache/curator/curator-client/2.12.0/curator-client-2.12.0.jar:/home/user/.m2/repository/org/apache/curator/curator-recipes/2.12.0/curator-recipes-2.12.0.jar:/home/user/.m2/repository/com/google/code/findbugs/jsr305/3.0.0/jsr305-3.0.0.jar:/home/user/.m2/repository/org/apache/htrace/htrace-core4/4.1.0-incubating/htrace-core4-4.1.0-incubating.jar:/home/user/.m2/repository/org/apache/zookeeper/zookeeper/3.4.13/zookeeper-3.4.13.jar:/home/user/.m2/repository/org/apache/yetus/audience-annotations/0.5.0/audience-annotations-0.5.0.jar:/home/user/.m2/repository/org/codehaus/woodstox/stax2-api/3.1.4/stax2-api-3.1.4.jar:/home/user/.m2/repository/com/fasterxml/woodstox/woodstox-core/5.0.3/woodstox-core-5.0.3.jar:/home/user/.m2/repository/dnsjava/dnsjava/2.1.7/dnsjava-2.1.7.jar:/home/user/.m2/repository/org/apache/hadoop/hadoop-hdfs/3.2.0/hadoop-hdfs-3.2.0-tests.jar:/home/user/.m2/repository/org/eclipse/jetty/jetty-util-ajax/9.3.24.v20180605/jetty-util-ajax-9.3.24.v20180605.jar:/home/user/.m2/repository/commons-daemon/commons-daemon/1.0.13/commons-daemon-1.0.13.jar:/home/user/.m2/repository/io/netty/netty/3.10.5.Final/netty-3.10.5.Final.jar:/home/user/.m2/repository/io/netty/netty-all/4.0.52.Final/netty-all-4.0.52.Final.jar:/home/user/.m2/repository/org/fusesource/leveldbjni/leveldbjni-all/1.8/leveldbjni-all-1.8.jar:"/>
    <property name="sun.cpu.endian" value="little"/>
    <property name="user.home" value="/home/user"/>
    <property name="user.language" value="en"/>
    <property name="java.specification.vendor" value="Oracle Corporation"/>
    <property name="java.home" value="/usr/lib/jvm/java-1.8-openjdk/jre"/>
    <property name="java.security.krb5.conf" value="/workdir/hadoop-ozone/integration-test/target/test-classes/krb5.conf"/>
    <property name="basedir" value="/workdir/hadoop-ozone/integration-test"/>
    <property name="file.separator" value="/"/>
    <property name="line.separator" value="&#10;"/>
    <property name="java.vm.specification.vendor" value="Oracle Corporation"/>
    <property name="java.specification.name" value="Java Platform API Specification"/>
    <property name="java.awt.graphicsenv" value="sun.awt.X11GraphicsEnvironment"/>
    <property name="surefire.real.class.path" value="/workdir/hadoop-ozone/integration-test/target/surefire/surefirebooter4391588935101826313.jar"/>
    <property name="hadoop.log.dir" value="/workdir/hadoop-ozone/integration-test/target/log"/>
    <property name="sun.boot.class.path" value="/usr/lib/jvm/java-1.8-openjdk/jre/lib/resources.jar:/usr/lib/jvm/java-1.8-openjdk/jre/lib/rt.jar:/usr/lib/jvm/java-1.8-openjdk/jre/lib/sunrsasign.jar:/usr/lib/jvm/java-1.8-openjdk/jre/lib/jsse.jar:/usr/lib/jvm/java-1.8-openjdk/jre/lib/jce.jar:/usr/lib/jvm/java-1.8-openjdk/jre/lib/charsets.jar:/usr/lib/jvm/java-1.8-openjdk/jre/lib/jfr.jar:/usr/lib/jvm/java-1.8-openjdk/jre/classes"/>
    <property name="sun.management.compiler" value="HotSpot 64-Bit Tiered Compilers"/>
    <property name="java.runtime.version" value="1.8.0_212-b04"/>
    <property name="java.net.preferIPv4Stack" value="true"/>
    <property name="user.name" value="jenkins1000"/>
    <property name="path.separator" value=":"/>
    <property name="java.security.egd" value="file:///dev/urandom"/>
    <property name="os.version" value="3.10.0-957.12.2.el7.x86_64"/>
    <property name="java.endorsed.dirs" value="/usr/lib/jvm/java-1.8-openjdk/jre/lib/endorsed"/>
    <property name="java.runtime.name" value="OpenJDK Runtime Environment"/>
    <property name="file.encoding" value="UTF-8"/>
    <property name="java.vm.name" value="OpenJDK 64-Bit Server VM"/>
    <property name="test.build.webapps" value=""/>
    <property name="localRepository" value="/home/user/.m2/repository"/>
    <property name="java.vendor.url.bug" value="https://icedtea.classpath.org/bugzilla"/>
    <property name="java.io.tmpdir" value="/tmp"/>
    <property name="require.test.libhadoop" value=""/>
    <property name="java.version" value="1.8.0_212"/>
    <property name="user.dir" value="/workdir/hadoop-ozone/integration-test"/>
    <property name="os.arch" value="amd64"/>
    <property name="java.vm.specification.name" value="Java Virtual Machine Specification"/>
    <property name="test.build.classes" value="/workdir/hadoop-ozone/integration-test/target/test-classes"/>
    <property name="java.awt.printerjob" value="sun.print.PSPrinterJob"/>
    <property name="sun.os.patch.level" value="unknown"/>
    <property name="hadoop.tmp.dir" value="/workdir/hadoop-ozone/integration-test/target/tmp"/>
    <property name="java.library.path" value="/usr/lib/jvm/java-1.8-openjdk/jre/lib/amd64/server:/usr/lib/jvm/java-1.8-openjdk/jre/lib/amd64:/usr/lib/jvm/java-1.8-openjdk/jre/../lib/amd64:/workdir/hadoop-ozone/integration-test/target/native/target/usr/local/lib:/workdir/hadoop-ozone/integration-test/../../hadoop-common-project/hadoop-common/target/native/target/usr/local/lib:/usr/java/packages/lib/amd64:/usr/lib64:/lib64:/lib:/usr/lib"/>
    <property name="java.vm.info" value="mixed mode"/>
    <property name="java.vendor" value="IcedTea"/>
    <property name="java.vm.version" value="25.212-b04"/>
    <property name="java.ext.dirs" value="/usr/lib/jvm/java-1.8-openjdk/jre/lib/ext:/usr/java/packages/lib/ext"/>
    <property name="sun.io.unicode.encoding" value="UnicodeLittle"/>
    <property name="java.class.version" value="52.0"/>
  </properties>
  <testcase name="testContainerReplication" classname="org.apache.hadoop.ozone.client.rpc.TestContainerReplicationEndToEnd" time="5.126">
    <error message="Failed to update container state #1, reason: invalid state transition from state: CLOSING upon event: FINALIZE." type="org.apache.hadoop.hdds.scm.exceptions.SCMException">org.apache.hadoop.hdds.scm.exceptions.SCMException: Failed to update container state #1, reason: invalid state transition from state: CLOSING upon event: FINALIZE.
	at org.apache.hadoop.hdds.scm.container.ContainerStateManager.updateContainerState(ContainerStateManager.java:336)
	at org.apache.hadoop.hdds.scm.container.SCMContainerManager.updateContainerState(SCMContainerManager.java:312)
	at org.apache.hadoop.ozone.client.rpc.TestContainerReplicationEndToEnd.testContainerReplication(TestContainerReplicationEndToEnd.java:159)
	at sun.reflect.NativeMethodAccessorImpl.invoke0(Native Method)
	at sun.reflect.NativeMethodAccessorImpl.invoke(NativeMethodAccessorImpl.java:62)
	at sun.reflect.DelegatingMethodAccessorImpl.invoke(DelegatingMethodAccessorImpl.java:43)
	at java.lang.reflect.Method.invoke(Method.java:498)
	at org.junit.runners.model.FrameworkMethod$1.runReflectiveCall(FrameworkMethod.java:47)
	at org.junit.internal.runners.model.ReflectiveCallable.run(ReflectiveCallable.java:12)
	at org.junit.runners.model.FrameworkMethod.invokeExplosively(FrameworkMethod.java:44)
	at org.junit.internal.runners.statements.InvokeMethod.evaluate(InvokeMethod.java:17)
	at org.junit.runners.ParentRunner.runLeaf(ParentRunner.java:271)
	at org.junit.runners.BlockJUnit4ClassRunner.runChild(BlockJUnit4ClassRunner.java:70)
	at org.junit.runners.BlockJUnit4ClassRunner.runChild(BlockJUnit4ClassRunner.java:50)
	at org.junit.runners.ParentRunner$3.run(ParentRunner.java:238)
	at org.junit.runners.ParentRunner$1.schedule(ParentRunner.java:63)
	at org.junit.runners.ParentRunner.runChildren(ParentRunner.java:236)
	at org.junit.runners.ParentRunner.access$000(ParentRunner.java:53)
	at org.junit.runners.ParentRunner$2.evaluate(ParentRunner.java:229)
	at org.junit.internal.runners.statements.RunBefores.evaluate(RunBefores.java:26)
	at org.junit.internal.runners.statements.RunAfters.evaluate(RunAfters.java:27)
	at org.junit.runners.ParentRunner.run(ParentRunner.java:309)
	at org.apache.maven.surefire.junit4.JUnit4Provider.execute(JUnit4Provider.java:365)
	at org.apache.maven.surefire.junit4.JUnit4Provider.executeWithRerun(JUnit4Provider.java:273)
	at org.apache.maven.surefire.junit4.JUnit4Provider.executeTestSet(JUnit4Provider.java:238)
	at org.apache.maven.surefire.junit4.JUnit4Provider.invoke(JUnit4Provider.java:159)
	at org.apache.maven.surefire.booter.ForkedBooter.invokeProviderInSameClassLoader(ForkedBooter.java:384)
	at org.apache.maven.surefire.booter.ForkedBooter.runSuitesInProcess(ForkedBooter.java:345)
	at org.apache.maven.surefire.booter.ForkedBooter.execute(ForkedBooter.java:126)
	at org.apache.maven.surefire.booter.ForkedBooter.main(ForkedBooter.java:418)
</error>
    <system-out><![CDATA[2019-09-20 21:20:31,978 [main] WARN  server.ServerUtils (ServerUtils.java:getScmDbDir(145)) - ozone.scm.db.dirs is not configured. We recommend adding this setting. Falling back to ozone.metadata.dirs instead.
2019-09-20 21:20:32,076 [main] WARN  server.ServerUtils (ServerUtils.java:getScmDbDir(145)) - ozone.scm.db.dirs is not configured. We recommend adding this setting. Falling back to ozone.metadata.dirs instead.
2019-09-20 21:20:32,079 [main] WARN  server.ServerUtils (ServerUtils.java:getScmDbDir(145)) - ozone.scm.db.dirs is not configured. We recommend adding this setting. Falling back to ozone.metadata.dirs instead.
2019-09-20 21:20:32,093 [main] INFO  util.log (Log.java:initialized(192)) - Logging initialized @853ms
2019-09-20 21:20:32,178 [main] INFO  db.DBStoreBuilder (DBStoreBuilder.java:addTable(110)) - using custom profile for table: deletedBlocks
2019-09-20 21:20:32,179 [main] INFO  db.DBStoreBuilder (DBStoreBuilder.java:processTables(161)) - Using default column profile:DBProfile.DISK for Table:deletedBlocks
2019-09-20 21:20:32,179 [main] INFO  db.DBStoreBuilder (DBStoreBuilder.java:addTable(110)) - using custom profile for table: validCerts
2019-09-20 21:20:32,180 [main] INFO  db.DBStoreBuilder (DBStoreBuilder.java:processTables(161)) - Using default column profile:DBProfile.DISK for Table:validCerts
2019-09-20 21:20:32,181 [main] INFO  db.DBStoreBuilder (DBStoreBuilder.java:addTable(110)) - using custom profile for table: revokedCerts
2019-09-20 21:20:32,181 [main] INFO  db.DBStoreBuilder (DBStoreBuilder.java:processTables(161)) - Using default column profile:DBProfile.DISK for Table:revokedCerts
2019-09-20 21:20:32,205 [main] INFO  db.DBStoreBuilder (DBStoreBuilder.java:addTable(110)) - using custom profile for table: default
2019-09-20 21:20:32,206 [main] INFO  db.DBStoreBuilder (DBStoreBuilder.java:processTables(167)) - Using default column profile:DBProfile.DISK for Table:default
2019-09-20 21:20:32,207 [main] INFO  db.DBStoreBuilder (DBStoreBuilder.java:getDbProfile(198)) - Using default options. DBProfile.DISK
2019-09-20 21:20:32,458 [main] INFO  net.NodeSchemaLoader (NodeSchemaLoader.java:loadSchemaFromFile(125)) - Loading file from sun.misc.CompoundEnumeration@77888435
2019-09-20 21:20:32,461 [main] INFO  net.NodeSchemaLoader (NodeSchemaLoader.java:loadSchema(171)) - Loading network topology layer schema file
2019-09-20 21:20:32,536 [main] INFO  node.SCMNodeManager (SCMNodeManager.java:<init>(114)) - Entering startup safe mode.
2019-09-20 21:20:32,634 [main] INFO  algorithms.ContainerPlacementPolicyFactory (ContainerPlacementPolicyFactory.java:getPolicy(57)) - Create container placement policy of type org.apache.hadoop.hdds.scm.container.placement.algorithms.SCMContainerPlacementRandom
2019-09-20 21:20:32,652 [main] WARN  server.ServerUtils (ServerUtils.java:getScmDbDir(145)) - ozone.scm.db.dirs is not configured. We recommend adding this setting. Falling back to ozone.metadata.dirs instead.
2019-09-20 21:20:32,712 [main] INFO  pipeline.SCMPipelineManager (SCMPipelineManager.java:initializePipelineState(128)) - No pipeline exists in current db
2019-09-20 21:20:32,715 [main] WARN  server.ServerUtils (ServerUtils.java:getScmDbDir(145)) - ozone.scm.db.dirs is not configured. We recommend adding this setting. Falling back to ozone.metadata.dirs instead.
2019-09-20 21:20:32,798 [main] INFO  Configuration.deprecation (Configuration.java:logDeprecation(1394)) - No unit for hdds.scm.replication.thread.interval(2000) assuming MILLISECONDS
2019-09-20 21:20:32,830 [main] WARN  events.EventQueue (EventQueue.java:fireEvent(183)) - No event handler registered for event TypedEvent{payloadType=SafeModeStatus, name='SafeModeStatus'}
2019-09-20 21:20:33,251 [main] INFO  ipc.CallQueueManager (CallQueueManager.java:<init>(84)) - Using callQueue: class java.util.concurrent.LinkedBlockingQueue, queueCapacity: 2000, scheduler: class org.apache.hadoop.ipc.DefaultRpcScheduler, ipcBackoff: false.
2019-09-20 21:20:33,278 [Socket Reader #1 for port 38171] INFO  ipc.Server (Server.java:run(1074)) - Starting Socket Reader #1 for port 38171
2019-09-20 21:20:33,449 [main] INFO  ipc.CallQueueManager (CallQueueManager.java:<init>(84)) - Using callQueue: class java.util.concurrent.LinkedBlockingQueue, queueCapacity: 2000, scheduler: class org.apache.hadoop.ipc.DefaultRpcScheduler, ipcBackoff: false.
2019-09-20 21:20:33,450 [Socket Reader #1 for port 36960] INFO  ipc.Server (Server.java:run(1074)) - Starting Socket Reader #1 for port 36960
2019-09-20 21:20:33,460 [main] INFO  ipc.CallQueueManager (CallQueueManager.java:<init>(84)) - Using callQueue: class java.util.concurrent.LinkedBlockingQueue, queueCapacity: 2000, scheduler: class org.apache.hadoop.ipc.DefaultRpcScheduler, ipcBackoff: false.
2019-09-20 21:20:33,461 [Socket Reader #1 for port 42494] INFO  ipc.Server (Server.java:run(1074)) - Starting Socket Reader #1 for port 42494
2019-09-20 21:20:33,487 [main] INFO  hdfs.DFSUtil (DFSUtil.java:httpServerTemplateForNNAndJN(1641)) - Starting Web-server for scm at: http://0.0.0.0:0
2019-09-20 21:20:33,686 [main] INFO  server.AuthenticationFilter (AuthenticationFilter.java:constructSecretProvider(240)) - Unable to initialize FileSignerSecretProvider, falling back to use random secrets.
2019-09-20 21:20:33,698 [main] WARN  http.HttpRequestLog (HttpRequestLog.java:getRequestLog(97)) - Jetty request log can only be enabled using Log4j
2019-09-20 21:20:33,709 [main] INFO  http.HttpServer2 (HttpServer2.java:addGlobalFilter(975)) - Added global filter 'safety' (class=org.apache.hadoop.http.HttpServer2$QuotingInputFilter)
2019-09-20 21:20:33,713 [main] INFO  http.HttpServer2 (HttpServer2.java:addFilter(948)) - Added filter static_user_filter (class=org.apache.hadoop.http.lib.StaticUserWebFilter$StaticUserFilter) to context scm
2019-09-20 21:20:33,713 [main] INFO  http.HttpServer2 (HttpServer2.java:addFilter(958)) - Added filter static_user_filter (class=org.apache.hadoop.http.lib.StaticUserWebFilter$StaticUserFilter) to context static
2019-09-20 21:20:33,714 [main] INFO  http.HttpServer2 (HttpServer2.java:addFilter(958)) - Added filter static_user_filter (class=org.apache.hadoop.http.lib.StaticUserWebFilter$StaticUserFilter) to context logs
2019-09-20 21:20:33,750 [main] INFO  server.StorageContainerManager (StorageContainerManager.java:start(763)) - StorageContainerLocationProtocol RPC server is listening at /0.0.0.0:42494
2019-09-20 21:20:33,822 [main] WARN  impl.MetricsConfig (MetricsConfig.java:loadFirst(134)) - Cannot locate configuration: tried hadoop-metrics2-storagecontainermanager.properties,hadoop-metrics2.properties
2019-09-20 21:20:33,838 [main] INFO  impl.MetricsSystemImpl (MetricsSystemImpl.java:startTimer(374)) - Scheduled Metric snapshot period at 10 second(s).
2019-09-20 21:20:33,838 [main] INFO  impl.MetricsSystemImpl (MetricsSystemImpl.java:start(191)) - StorageContainerManager metrics system started
2019-09-20 21:20:34,120 [main] INFO  server.SCMClientProtocolServer (SCMClientProtocolServer.java:start(151)) - RPC server for Client  is listening at /0.0.0.0:42494
2019-09-20 21:20:34,120 [IPC Server Responder] INFO  ipc.Server (Server.java:run(1314)) - IPC Server Responder: starting
2019-09-20 21:20:34,120 [IPC Server listener on 42494] INFO  ipc.Server (Server.java:run(1153)) - IPC Server listener on 42494: starting
2019-09-20 21:20:34,123 [main] INFO  server.StorageContainerManager (StorageContainerManager.java:start(773)) - ScmBlockLocationProtocol RPC server is listening at /0.0.0.0:36960
2019-09-20 21:20:34,125 [main] INFO  server.SCMBlockProtocolServer (SCMBlockProtocolServer.java:start(146)) - RPC server for Block Protocol is listening at /0.0.0.0:36960
2019-09-20 21:20:34,125 [IPC Server Responder] INFO  ipc.Server (Server.java:run(1314)) - IPC Server Responder: starting
2019-09-20 21:20:34,125 [IPC Server listener on 36960] INFO  ipc.Server (Server.java:run(1153)) - IPC Server listener on 36960: starting
2019-09-20 21:20:34,128 [main] INFO  server.StorageContainerManager (StorageContainerManager.java:start(777)) - ScmDatanodeProtocl RPC server is listening at /0.0.0.0:38171
2019-09-20 21:20:34,128 [main] INFO  server.SCMDatanodeProtocolServer (SCMDatanodeProtocolServer.java:start(191)) - RPC server for DataNodes is listening at /0.0.0.0:38171
2019-09-20 21:20:34,128 [IPC Server Responder] INFO  ipc.Server (Server.java:run(1314)) - IPC Server Responder: starting
2019-09-20 21:20:34,128 [IPC Server listener on 38171] INFO  ipc.Server (Server.java:run(1153)) - IPC Server listener on 38171: starting
2019-09-20 21:20:34,132 [main] INFO  http.HttpServer2 (HttpServer2.java:bindListener(1191)) - Jetty bound to port 38886
2019-09-20 21:20:34,134 [main] INFO  server.Server (Server.java:doStart(351)) - jetty-9.3.24.v20180605, build timestamp: 2018-06-05T17:11:56Z, git hash: 84205aa28f11a4f31f2a3b86d1bba2cc8ab69827
2019-09-20 21:20:34,172 [main] INFO  handler.ContextHandler (ContextHandler.java:doStart(781)) - Started o.e.j.s.ServletContextHandler@6622fc65{/logs,file:///workdir/hadoop-ozone/integration-test/target/log,AVAILABLE}
2019-09-20 21:20:34,173 [main] INFO  handler.ContextHandler (ContextHandler.java:doStart(781)) - Started o.e.j.s.ServletContextHandler@23fb172e{/static,file:///workdir/hadoop-ozone/integration-test/target/test-classes/webapps/static,AVAILABLE}
2019-09-20 21:20:34,206 [main] INFO  handler.ContextHandler (ContextHandler.java:doStart(781)) - Started o.e.j.w.WebAppContext@3591009c{/,file:///workdir/hadoop-ozone/integration-test/target/test-classes/webapps/scm/,AVAILABLE}{/scm}
2019-09-20 21:20:34,212 [main] INFO  server.AbstractConnector (AbstractConnector.java:doStart(278)) - Started ServerConnector@2de366bb{HTTP/1.1,[http/1.1]}{0.0.0.0:38886}
2019-09-20 21:20:34,212 [main] INFO  server.Server (Server.java:doStart(419)) - Started @2972ms
2019-09-20 21:20:34,214 [main] INFO  impl.MetricsSinkAdapter (MetricsSinkAdapter.java:start(204)) - Sink prometheus started
2019-09-20 21:20:34,214 [main] INFO  impl.MetricsSystemImpl (MetricsSystemImpl.java:registerSink(301)) - Registered sink prometheus
2019-09-20 21:20:34,216 [main] INFO  server.BaseHttpServer (BaseHttpServer.java:updateConnectorAddress(215)) - HTTP server of SCM is listening at http://0.0.0.0:38886
2019-09-20 21:20:34,224 [org.apache.hadoop.util.JvmPauseMonitor$Monitor@64f857e7] INFO  util.JvmPauseMonitor (JvmPauseMonitor.java:run(188)) - Starting JVM pause monitor
2019-09-20 21:20:34,228 [main] WARN  server.ServerUtils (ServerUtils.java:getDBPath(222)) - ozone.om.db.dirs is not configured. We recommend adding this setting. Falling back to ozone.metadata.dirs instead.
2019-09-20 21:20:34,351 [main] WARN  server.ServerUtils (ServerUtils.java:getDBPath(222)) - ozone.om.db.dirs is not configured. We recommend adding this setting. Falling back to ozone.metadata.dirs instead.
2019-09-20 21:20:34,352 [main] WARN  server.ServerUtils (ServerUtils.java:getDBPath(222)) - ozone.om.db.dirs is not configured. We recommend adding this setting. Falling back to ozone.metadata.dirs instead.
2019-09-20 21:20:34,353 [main] INFO  om.OzoneManager (OzoneManager.java:setOMNodeDetails(650)) - OM Service ID is not set. Setting it to the default ID: omServiceIdDefault
2019-09-20 21:20:34,353 [main] INFO  om.OzoneManager (OzoneManager.java:setOMNodeDetails(656)) - OM Node ID is not set. Setting it to the OmStorage's OmID: a108f647-4f43-40b4-ab33-59eb4ff3b6de
2019-09-20 21:20:34,354 [main] INFO  om.OzoneManager (OzoneManager.java:loadOMHAConfigs(607)) - Found matching OM address with OMServiceId: null, OMNodeId: null, RPC Address: localhost:0 and Ratis port: 9872
2019-09-20 21:20:35,140 [main] WARN  server.ServerUtils (ServerUtils.java:getDBPath(222)) - ozone.om.db.dirs is not configured. We recommend adding this setting. Falling back to ozone.metadata.dirs instead.
2019-09-20 21:20:35,146 [main] INFO  db.DBStoreBuilder (DBStoreBuilder.java:addTable(110)) - using custom profile for table: userTable
2019-09-20 21:20:35,146 [main] INFO  db.DBStoreBuilder (DBStoreBuilder.java:processTables(161)) - Using default column profile:DBProfile.DISK for Table:userTable
2019-09-20 21:20:35,146 [main] INFO  db.DBStoreBuilder (DBStoreBuilder.java:addTable(110)) - using custom profile for table: volumeTable
2019-09-20 21:20:35,146 [main] INFO  db.DBStoreBuilder (DBStoreBuilder.java:processTables(161)) - Using default column profile:DBProfile.DISK for Table:volumeTable
2019-09-20 21:20:35,147 [main] INFO  db.DBStoreBuilder (DBStoreBuilder.java:addTable(110)) - using custom profile for table: bucketTable
2019-09-20 21:20:35,147 [main] INFO  db.DBStoreBuilder (DBStoreBuilder.java:processTables(161)) - Using default column profile:DBProfile.DISK for Table:bucketTable
2019-09-20 21:20:35,147 [main] INFO  db.DBStoreBuilder (DBStoreBuilder.java:addTable(110)) - using custom profile for table: keyTable
2019-09-20 21:20:35,147 [main] INFO  db.DBStoreBuilder (DBStoreBuilder.java:processTables(161)) - Using default column profile:DBProfile.DISK for Table:keyTable
2019-09-20 21:20:35,147 [main] INFO  db.DBStoreBuilder (DBStoreBuilder.java:addTable(110)) - using custom profile for table: deletedTable
2019-09-20 21:20:35,148 [main] INFO  db.DBStoreBuilder (DBStoreBuilder.java:processTables(161)) - Using default column profile:DBProfile.DISK for Table:deletedTable
2019-09-20 21:20:35,148 [main] INFO  db.DBStoreBuilder (DBStoreBuilder.java:addTable(110)) - using custom profile for table: openKeyTable
2019-09-20 21:20:35,148 [main] INFO  db.DBStoreBuilder (DBStoreBuilder.java:processTables(161)) - Using default column profile:DBProfile.DISK for Table:openKeyTable
2019-09-20 21:20:35,148 [main] INFO  db.DBStoreBuilder (DBStoreBuilder.java:addTable(110)) - using custom profile for table: s3Table
2019-09-20 21:20:35,148 [main] INFO  db.DBStoreBuilder (DBStoreBuilder.java:processTables(161)) - Using default column profile:DBProfile.DISK for Table:s3Table
2019-09-20 21:20:35,149 [main] INFO  db.DBStoreBuilder (DBStoreBuilder.java:addTable(110)) - using custom profile for table: multipartInfoTable
2019-09-20 21:20:35,149 [main] INFO  db.DBStoreBuilder (DBStoreBuilder.java:processTables(161)) - Using default column profile:DBProfile.DISK for Table:multipartInfoTable
2019-09-20 21:20:35,149 [main] INFO  db.DBStoreBuilder (DBStoreBuilder.java:addTable(110)) - using custom profile for table: dTokenTable
2019-09-20 21:20:35,149 [main] INFO  db.DBStoreBuilder (DBStoreBuilder.java:processTables(161)) - Using default column profile:DBProfile.DISK for Table:dTokenTable
2019-09-20 21:20:35,149 [main] INFO  db.DBStoreBuilder (DBStoreBuilder.java:addTable(110)) - using custom profile for table: s3SecretTable
2019-09-20 21:20:35,150 [main] INFO  db.DBStoreBuilder (DBStoreBuilder.java:processTables(161)) - Using default column profile:DBProfile.DISK for Table:s3SecretTable
2019-09-20 21:20:35,150 [main] INFO  db.DBStoreBuilder (DBStoreBuilder.java:addTable(110)) - using custom profile for table: prefixTable
2019-09-20 21:20:35,150 [main] INFO  db.DBStoreBuilder (DBStoreBuilder.java:processTables(161)) - Using default column profile:DBProfile.DISK for Table:prefixTable
2019-09-20 21:20:35,150 [main] INFO  db.DBStoreBuilder (DBStoreBuilder.java:addTable(110)) - using custom profile for table: default
2019-09-20 21:20:35,150 [main] INFO  db.DBStoreBuilder (DBStoreBuilder.java:processTables(167)) - Using default column profile:DBProfile.DISK for Table:default
2019-09-20 21:20:35,151 [main] INFO  db.DBStoreBuilder (DBStoreBuilder.java:getDbProfile(198)) - Using default options. DBProfile.DISK
2019-09-20 21:20:35,585 [main] INFO  ipc.CallQueueManager (CallQueueManager.java:<init>(84)) - Using callQueue: class java.util.concurrent.LinkedBlockingQueue, queueCapacity: 2000, scheduler: class org.apache.hadoop.ipc.DefaultRpcScheduler, ipcBackoff: false.
2019-09-20 21:20:35,586 [Socket Reader #1 for port 35555] INFO  ipc.Server (Server.java:run(1074)) - Starting Socket Reader #1 for port 35555
2019-09-20 21:20:35,607 [main] INFO  om.OzoneManager (OzoneManager.java:start(1241)) - OzoneManager RPC server is listening at localhost/127.0.0.1:35555
2019-09-20 21:20:35,607 [main] INFO  impl.MetricsSystemImpl (MetricsSystemImpl.java:init(158)) - OzoneManager metrics system started (again)
2019-09-20 21:20:35,608 [IPC Server Responder] INFO  ipc.Server (Server.java:run(1314)) - IPC Server Responder: starting
2019-09-20 21:20:35,608 [IPC Server listener on 35555] INFO  ipc.Server (Server.java:run(1153)) - IPC Server listener on 35555: starting
2019-09-20 21:20:35,614 [main] INFO  hdfs.DFSUtil (DFSUtil.java:httpServerTemplateForNNAndJN(1641)) - Starting Web-server for ozoneManager at: http://0.0.0.0:0
2019-09-20 21:20:35,617 [main] INFO  server.AuthenticationFilter (AuthenticationFilter.java:constructSecretProvider(240)) - Unable to initialize FileSignerSecretProvider, falling back to use random secrets.
2019-09-20 21:20:35,618 [main] WARN  http.HttpRequestLog (HttpRequestLog.java:getRequestLog(97)) - Jetty request log can only be enabled using Log4j
2019-09-20 21:20:35,621 [main] INFO  http.HttpServer2 (HttpServer2.java:addGlobalFilter(975)) - Added global filter 'safety' (class=org.apache.hadoop.http.HttpServer2$QuotingInputFilter)
2019-09-20 21:20:35,622 [main] INFO  http.HttpServer2 (HttpServer2.java:addFilter(948)) - Added filter static_user_filter (class=org.apache.hadoop.http.lib.StaticUserWebFilter$StaticUserFilter) to context ozoneManager
2019-09-20 21:20:35,623 [main] INFO  http.HttpServer2 (HttpServer2.java:addFilter(958)) - Added filter static_user_filter (class=org.apache.hadoop.http.lib.StaticUserWebFilter$StaticUserFilter) to context logs
2019-09-20 21:20:35,623 [main] INFO  http.HttpServer2 (HttpServer2.java:addFilter(958)) - Added filter static_user_filter (class=org.apache.hadoop.http.lib.StaticUserWebFilter$StaticUserFilter) to context static
2019-09-20 21:20:35,626 [main] INFO  http.HttpServer2 (HttpServer2.java:bindListener(1191)) - Jetty bound to port 44393
2019-09-20 21:20:35,626 [main] INFO  server.Server (Server.java:doStart(351)) - jetty-9.3.24.v20180605, build timestamp: 2018-06-05T17:11:56Z, git hash: 84205aa28f11a4f31f2a3b86d1bba2cc8ab69827
2019-09-20 21:20:35,629 [main] INFO  handler.ContextHandler (ContextHandler.java:doStart(781)) - Started o.e.j.s.ServletContextHandler@677b8e13{/logs,file:///workdir/hadoop-ozone/integration-test/target/log,AVAILABLE}
2019-09-20 21:20:35,630 [main] INFO  handler.ContextHandler (ContextHandler.java:doStart(781)) - Started o.e.j.s.ServletContextHandler@4c27d39d{/static,file:///workdir/hadoop-ozone/integration-test/target/test-classes/webapps/static,AVAILABLE}
2019-09-20 21:20:35,638 [main] INFO  handler.ContextHandler (ContextHandler.java:doStart(781)) - Started o.e.j.w.WebAppContext@3a022576{/,file:///workdir/hadoop-ozone/integration-test/target/test-classes/webapps/ozoneManager/,AVAILABLE}{/ozoneManager}
2019-09-20 21:20:35,639 [main] INFO  server.AbstractConnector (AbstractConnector.java:doStart(278)) - Started ServerConnector@2dbd803f{HTTP/1.1,[http/1.1]}{0.0.0.0:44393}
2019-09-20 21:20:35,640 [main] INFO  server.Server (Server.java:doStart(419)) - Started @4399ms
2019-09-20 21:20:35,640 [main] WARN  impl.MetricsSystemImpl (MetricsSystemImpl.java:register(276)) - Sink prometheus already exists!
2019-09-20 21:20:35,641 [main] INFO  server.BaseHttpServer (BaseHttpServer.java:updateConnectorAddress(215)) - HTTP server of OZONEMANAGER is listening at http://0.0.0.0:44393
2019-09-20 21:20:36,015 [main] INFO  impl.MetricsSystemImpl (MetricsSystemImpl.java:init(158)) - HddsDatanode metrics system started (again)
2019-09-20 21:20:36,077 [main] INFO  ozone.HddsDatanodeService (HddsDatanodeService.java:start(184)) - HddsDatanodeService host:pr-hdds-2159-7gjv7-4246597483 ip:192.168.157.230
2019-09-20 21:20:36,112 [main] INFO  volume.HddsVolume (HddsVolume.java:<init>(176)) - Creating Volume: /workdir/hadoop-ozone/integration-test/target/test-dir/MiniOzoneClusterImpl-fbdd1b00-7c72-491a-be53-2d0d17461991/datanode-0/data/containers/hdds of  storage type : DISK and capacity : 1482555576320
2019-09-20 21:20:36,115 [main] INFO  volume.VolumeSet (VolumeSet.java:initializeVolumeSet(170)) - Added Volume : /workdir/hadoop-ozone/integration-test/target/test-dir/MiniOzoneClusterImpl-fbdd1b00-7c72-491a-be53-2d0d17461991/datanode-0/data/containers/hdds to VolumeSet
2019-09-20 21:20:36,118 [main] INFO  volume.ThrottledAsyncChecker (ThrottledAsyncChecker.java:schedule(139)) - Scheduling a check for org.apache.hadoop.ozone.container.common.volume.HddsVolume@7a231dfd
2019-09-20 21:20:36,138 [main] INFO  volume.HddsVolumeChecker (HddsVolumeChecker.java:checkAllVolumes(202)) - Scheduled health check for volume org.apache.hadoop.ozone.container.common.volume.HddsVolume@7a231dfd
2019-09-20 21:20:36,245 [main] INFO  impl.RaftServerProxy (ConfUtils.java:logGet(43)) - raft.rpc.type = GRPC (default)
2019-09-20 21:20:36,332 [main] INFO  grpc.GrpcFactory (GrpcFactory.java:checkPooledByteBufAllocatorUseCacheForAllThreads(45)) - PERFORMANCE WARNING: useCacheForAllThreads is true that may cause Netty to create a lot garbage objects and, as a result, trigger GC.
	It is recommended to disable useCacheForAllThreads by setting -Dorg.apache.ratis.thirdparty.io.netty.allocator.useCacheForAllThreads=false in command line.
2019-09-20 21:20:36,339 [main] INFO  grpc.GrpcConfigKeys$Server (ConfUtils.java:logGet(43)) - raft.grpc.server.port = 0 (default)
2019-09-20 21:20:36,340 [main] INFO  server.GrpcService (ConfUtils.java:logGet(43)) - raft.grpc.message.size.max = 33570816 (custom)
2019-09-20 21:20:36,342 [main] INFO  server.RaftServerConfigKeys (ConfUtils.java:logGet(43)) - raft.server.log.appender.buffer.byte-limit = 33554432 (custom)
2019-09-20 21:20:36,343 [main] INFO  server.GrpcService (ConfUtils.java:logGet(43)) - raft.grpc.flow.control.window = 1MB (=1048576) (default)
2019-09-20 21:20:36,344 [main] INFO  server.RaftServerConfigKeys (ConfUtils.java:logGet(43)) - raft.server.rpc.request.timeout = 3000ms (default)
2019-09-20 21:20:36,517 [main] INFO  server.RaftServerConfigKeys (ConfUtils.java:logGet(43)) - raft.server.storage.dir = [/workdir/hadoop-ozone/integration-test/target/test-dir/MiniOzoneClusterImpl-fbdd1b00-7c72-491a-be53-2d0d17461991/datanode-0/data/ratis] (custom)
2019-09-20 21:20:36,578 [main] INFO  hdfs.DFSUtil (DFSUtil.java:httpServerTemplateForNNAndJN(1641)) - Starting Web-server for hddsDatanode at: http://0.0.0.0:0
2019-09-20 21:20:36,581 [main] INFO  server.AuthenticationFilter (AuthenticationFilter.java:constructSecretProvider(240)) - Unable to initialize FileSignerSecretProvider, falling back to use random secrets.
2019-09-20 21:20:36,582 [main] WARN  http.HttpRequestLog (HttpRequestLog.java:getRequestLog(97)) - Jetty request log can only be enabled using Log4j
2019-09-20 21:20:36,585 [main] INFO  http.HttpServer2 (HttpServer2.java:addGlobalFilter(975)) - Added global filter 'safety' (class=org.apache.hadoop.http.HttpServer2$QuotingInputFilter)
2019-09-20 21:20:36,586 [main] INFO  http.HttpServer2 (HttpServer2.java:addFilter(948)) - Added filter static_user_filter (class=org.apache.hadoop.http.lib.StaticUserWebFilter$StaticUserFilter) to context hddsDatanode
2019-09-20 21:20:36,586 [main] INFO  http.HttpServer2 (HttpServer2.java:addFilter(958)) - Added filter static_user_filter (class=org.apache.hadoop.http.lib.StaticUserWebFilter$StaticUserFilter) to context static
2019-09-20 21:20:36,586 [main] INFO  http.HttpServer2 (HttpServer2.java:addFilter(958)) - Added filter static_user_filter (class=org.apache.hadoop.http.lib.StaticUserWebFilter$StaticUserFilter) to context logs
2019-09-20 21:20:36,588 [main] INFO  http.HttpServer2 (HttpServer2.java:bindListener(1191)) - Jetty bound to port 40588
2019-09-20 21:20:36,588 [main] INFO  server.Server (Server.java:doStart(351)) - jetty-9.3.24.v20180605, build timestamp: 2018-06-05T17:11:56Z, git hash: 84205aa28f11a4f31f2a3b86d1bba2cc8ab69827
2019-09-20 21:20:36,590 [main] INFO  handler.ContextHandler (ContextHandler.java:doStart(781)) - Started o.e.j.s.ServletContextHandler@60f70249{/logs,file:///workdir/hadoop-ozone/integration-test/target/log,AVAILABLE}
2019-09-20 21:20:36,591 [main] INFO  handler.ContextHandler (ContextHandler.java:doStart(781)) - Started o.e.j.s.ServletContextHandler@262816a8{/static,jar:file:/home/user/.m2/repository/org/apache/hadoop/hadoop-hdds-container-service/0.5.0-SNAPSHOT/hadoop-hdds-container-service-0.5.0-SNAPSHOT.jar!/webapps/static,AVAILABLE}
2019-09-20 21:20:36,629 [main] INFO  handler.ContextHandler (ContextHandler.java:doStart(781)) - Started o.e.j.w.WebAppContext@60bbacfc{/,file:///tmp/jetty-0.0.0.0-40588-hddsDatanode-_-any-5980782073537978699.dir/webapp/,AVAILABLE}{/hddsDatanode}
2019-09-20 21:20:36,630 [main] INFO  server.AbstractConnector (AbstractConnector.java:doStart(278)) - Started ServerConnector@65b97f47{HTTP/1.1,[http/1.1]}{0.0.0.0:40588}
2019-09-20 21:20:36,631 [main] INFO  server.Server (Server.java:doStart(419)) - Started @5390ms
2019-09-20 21:20:36,631 [main] WARN  impl.MetricsSystemImpl (MetricsSystemImpl.java:register(276)) - Sink prometheus already exists!
2019-09-20 21:20:36,632 [main] INFO  server.BaseHttpServer (BaseHttpServer.java:updateConnectorAddress(215)) - HTTP server of HDDSDATANODE is listening at http://0.0.0.0:40588
2019-09-20 21:20:36,634 [main] INFO  impl.MetricsSystemImpl (MetricsSystemImpl.java:init(158)) - HddsDatanode metrics system started (again)
2019-09-20 21:20:36,637 [main] INFO  ozone.HddsDatanodeService (HddsDatanodeService.java:start(184)) - HddsDatanodeService host:pr-hdds-2159-7gjv7-4246597483 ip:192.168.157.230
2019-09-20 21:20:36,640 [org.apache.hadoop.util.JvmPauseMonitor$Monitor@51c76df3] INFO  util.JvmPauseMonitor (JvmPauseMonitor.java:run(188)) - Starting JVM pause monitor
2019-09-20 21:20:36,647 [main] INFO  volume.HddsVolume (HddsVolume.java:<init>(176)) - Creating Volume: /workdir/hadoop-ozone/integration-test/target/test-dir/MiniOzoneClusterImpl-fbdd1b00-7c72-491a-be53-2d0d17461991/datanode-1/data/containers/hdds of  storage type : DISK and capacity : 1482555576320
2019-09-20 21:20:36,648 [main] INFO  volume.VolumeSet (VolumeSet.java:initializeVolumeSet(170)) - Added Volume : /workdir/hadoop-ozone/integration-test/target/test-dir/MiniOzoneClusterImpl-fbdd1b00-7c72-491a-be53-2d0d17461991/datanode-1/data/containers/hdds to VolumeSet
2019-09-20 21:20:36,649 [main] INFO  volume.ThrottledAsyncChecker (ThrottledAsyncChecker.java:schedule(139)) - Scheduling a check for org.apache.hadoop.ozone.container.common.volume.HddsVolume@4c6007fb
2019-09-20 21:20:36,650 [main] INFO  volume.HddsVolumeChecker (HddsVolumeChecker.java:checkAllVolumes(202)) - Scheduled health check for volume org.apache.hadoop.ozone.container.common.volume.HddsVolume@4c6007fb
2019-09-20 21:20:36,670 [main] INFO  impl.RaftServerProxy (ConfUtils.java:logGet(43)) - raft.rpc.type = GRPC (default)
2019-09-20 21:20:36,670 [main] INFO  grpc.GrpcFactory (GrpcFactory.java:checkPooledByteBufAllocatorUseCacheForAllThreads(45)) - PERFORMANCE WARNING: useCacheForAllThreads is true that may cause Netty to create a lot garbage objects and, as a result, trigger GC.
	It is recommended to disable useCacheForAllThreads by setting -Dorg.apache.ratis.thirdparty.io.netty.allocator.useCacheForAllThreads=false in command line.
2019-09-20 21:20:36,670 [main] INFO  grpc.GrpcConfigKeys$Server (ConfUtils.java:logGet(43)) - raft.grpc.server.port = 0 (default)
2019-09-20 21:20:36,671 [main] INFO  server.GrpcService (ConfUtils.java:logGet(43)) - raft.grpc.message.size.max = 33570816 (custom)
2019-09-20 21:20:36,671 [main] INFO  server.RaftServerConfigKeys (ConfUtils.java:logGet(43)) - raft.server.log.appender.buffer.byte-limit = 33554432 (custom)
2019-09-20 21:20:36,671 [main] INFO  server.GrpcService (ConfUtils.java:logGet(43)) - raft.grpc.flow.control.window = 1MB (=1048576) (default)
2019-09-20 21:20:36,671 [main] INFO  server.RaftServerConfigKeys (ConfUtils.java:logGet(43)) - raft.server.rpc.request.timeout = 3000ms (default)
2019-09-20 21:20:36,672 [main] INFO  server.RaftServerConfigKeys (ConfUtils.java:logGet(43)) - raft.server.storage.dir = [/workdir/hadoop-ozone/integration-test/target/test-dir/MiniOzoneClusterImpl-fbdd1b00-7c72-491a-be53-2d0d17461991/datanode-1/data/ratis] (custom)
2019-09-20 21:20:36,674 [main] INFO  hdfs.DFSUtil (DFSUtil.java:httpServerTemplateForNNAndJN(1641)) - Starting Web-server for hddsDatanode at: http://0.0.0.0:0
2019-09-20 21:20:36,675 [main] INFO  server.AuthenticationFilter (AuthenticationFilter.java:constructSecretProvider(240)) - Unable to initialize FileSignerSecretProvider, falling back to use random secrets.
2019-09-20 21:20:36,676 [main] WARN  http.HttpRequestLog (HttpRequestLog.java:getRequestLog(97)) - Jetty request log can only be enabled using Log4j
2019-09-20 21:20:36,678 [main] INFO  http.HttpServer2 (HttpServer2.java:addGlobalFilter(975)) - Added global filter 'safety' (class=org.apache.hadoop.http.HttpServer2$QuotingInputFilter)
2019-09-20 21:20:36,679 [main] INFO  http.HttpServer2 (HttpServer2.java:addFilter(948)) - Added filter static_user_filter (class=org.apache.hadoop.http.lib.StaticUserWebFilter$StaticUserFilter) to context hddsDatanode
2019-09-20 21:20:36,679 [main] INFO  http.HttpServer2 (HttpServer2.java:addFilter(958)) - Added filter static_user_filter (class=org.apache.hadoop.http.lib.StaticUserWebFilter$StaticUserFilter) to context static
2019-09-20 21:20:36,679 [main] INFO  http.HttpServer2 (HttpServer2.java:addFilter(958)) - Added filter static_user_filter (class=org.apache.hadoop.http.lib.StaticUserWebFilter$StaticUserFilter) to context logs
2019-09-20 21:20:36,680 [main] INFO  http.HttpServer2 (HttpServer2.java:bindListener(1191)) - Jetty bound to port 32787
2019-09-20 21:20:36,680 [main] INFO  server.Server (Server.java:doStart(351)) - jetty-9.3.24.v20180605, build timestamp: 2018-06-05T17:11:56Z, git hash: 84205aa28f11a4f31f2a3b86d1bba2cc8ab69827
2019-09-20 21:20:36,684 [main] INFO  handler.ContextHandler (ContextHandler.java:doStart(781)) - Started o.e.j.s.ServletContextHandler@3dffc764{/logs,file:///workdir/hadoop-ozone/integration-test/target/log,AVAILABLE}
2019-09-20 21:20:36,685 [main] INFO  handler.ContextHandler (ContextHandler.java:doStart(781)) - Started o.e.j.s.ServletContextHandler@561b61ed{/static,jar:file:/home/user/.m2/repository/org/apache/hadoop/hadoop-hdds-container-service/0.5.0-SNAPSHOT/hadoop-hdds-container-service-0.5.0-SNAPSHOT.jar!/webapps/static,AVAILABLE}
2019-09-20 21:20:36,714 [main] INFO  handler.ContextHandler (ContextHandler.java:doStart(781)) - Started o.e.j.w.WebAppContext@3c3a0032{/,file:///tmp/jetty-0.0.0.0-32787-hddsDatanode-_-any-8371763676048372528.dir/webapp/,AVAILABLE}{/hddsDatanode}
2019-09-20 21:20:36,715 [main] INFO  server.AbstractConnector (AbstractConnector.java:doStart(278)) - Started ServerConnector@7ceb4478{HTTP/1.1,[http/1.1]}{0.0.0.0:32787}
2019-09-20 21:20:36,718 [main] INFO  server.Server (Server.java:doStart(419)) - Started @5477ms
2019-09-20 21:20:36,718 [main] WARN  impl.MetricsSystemImpl (MetricsSystemImpl.java:register(276)) - Sink prometheus already exists!
2019-09-20 21:20:36,719 [main] INFO  server.BaseHttpServer (BaseHttpServer.java:updateConnectorAddress(215)) - HTTP server of HDDSDATANODE is listening at http://0.0.0.0:32787
2019-09-20 21:20:36,719 [main] INFO  impl.MetricsSystemImpl (MetricsSystemImpl.java:init(158)) - HddsDatanode metrics system started (again)
2019-09-20 21:20:36,723 [org.apache.hadoop.util.JvmPauseMonitor$Monitor@356c2b01] INFO  util.JvmPauseMonitor (JvmPauseMonitor.java:run(188)) - Starting JVM pause monitor
2019-09-20 21:20:36,723 [main] INFO  ozone.HddsDatanodeService (HddsDatanodeService.java:start(184)) - HddsDatanodeService host:pr-hdds-2159-7gjv7-4246597483 ip:192.168.157.230
2019-09-20 21:20:36,733 [main] INFO  volume.HddsVolume (HddsVolume.java:<init>(176)) - Creating Volume: /workdir/hadoop-ozone/integration-test/target/test-dir/MiniOzoneClusterImpl-fbdd1b00-7c72-491a-be53-2d0d17461991/datanode-2/data/containers/hdds of  storage type : DISK and capacity : 1482555576320
2019-09-20 21:20:36,733 [main] INFO  volume.VolumeSet (VolumeSet.java:initializeVolumeSet(170)) - Added Volume : /workdir/hadoop-ozone/integration-test/target/test-dir/MiniOzoneClusterImpl-fbdd1b00-7c72-491a-be53-2d0d17461991/datanode-2/data/containers/hdds to VolumeSet
2019-09-20 21:20:36,734 [main] INFO  volume.ThrottledAsyncChecker (ThrottledAsyncChecker.java:schedule(139)) - Scheduling a check for org.apache.hadoop.ozone.container.common.volume.HddsVolume@5e5af8e1
2019-09-20 21:20:36,734 [main] INFO  volume.HddsVolumeChecker (HddsVolumeChecker.java:checkAllVolumes(202)) - Scheduled health check for volume org.apache.hadoop.ozone.container.common.volume.HddsVolume@5e5af8e1
2019-09-20 21:20:36,750 [main] INFO  impl.RaftServerProxy (ConfUtils.java:logGet(43)) - raft.rpc.type = GRPC (default)
2019-09-20 21:20:36,751 [main] INFO  grpc.GrpcFactory (GrpcFactory.java:checkPooledByteBufAllocatorUseCacheForAllThreads(45)) - PERFORMANCE WARNING: useCacheForAllThreads is true that may cause Netty to create a lot garbage objects and, as a result, trigger GC.
	It is recommended to disable useCacheForAllThreads by setting -Dorg.apache.ratis.thirdparty.io.netty.allocator.useCacheForAllThreads=false in command line.
2019-09-20 21:20:36,751 [main] INFO  grpc.GrpcConfigKeys$Server (ConfUtils.java:logGet(43)) - raft.grpc.server.port = 0 (default)
2019-09-20 21:20:36,751 [main] INFO  server.GrpcService (ConfUtils.java:logGet(43)) - raft.grpc.message.size.max = 33570816 (custom)
2019-09-20 21:20:36,751 [main] INFO  server.RaftServerConfigKeys (ConfUtils.java:logGet(43)) - raft.server.log.appender.buffer.byte-limit = 33554432 (custom)
2019-09-20 21:20:36,751 [main] INFO  server.GrpcService (ConfUtils.java:logGet(43)) - raft.grpc.flow.control.window = 1MB (=1048576) (default)
2019-09-20 21:20:36,752 [main] INFO  server.RaftServerConfigKeys (ConfUtils.java:logGet(43)) - raft.server.rpc.request.timeout = 3000ms (default)
2019-09-20 21:20:36,754 [main] INFO  server.RaftServerConfigKeys (ConfUtils.java:logGet(43)) - raft.server.storage.dir = [/workdir/hadoop-ozone/integration-test/target/test-dir/MiniOzoneClusterImpl-fbdd1b00-7c72-491a-be53-2d0d17461991/datanode-2/data/ratis] (custom)
2019-09-20 21:20:36,756 [main] INFO  hdfs.DFSUtil (DFSUtil.java:httpServerTemplateForNNAndJN(1641)) - Starting Web-server for hddsDatanode at: http://0.0.0.0:0
2019-09-20 21:20:36,757 [main] INFO  server.AuthenticationFilter (AuthenticationFilter.java:constructSecretProvider(240)) - Unable to initialize FileSignerSecretProvider, falling back to use random secrets.
2019-09-20 21:20:36,758 [main] WARN  http.HttpRequestLog (HttpRequestLog.java:getRequestLog(97)) - Jetty request log can only be enabled using Log4j
2019-09-20 21:20:36,759 [main] INFO  http.HttpServer2 (HttpServer2.java:addGlobalFilter(975)) - Added global filter 'safety' (class=org.apache.hadoop.http.HttpServer2$QuotingInputFilter)
2019-09-20 21:20:36,759 [Datanode State Machine Thread - 0] INFO  datanode.InitDatanodeState (InitDatanodeState.java:persistContainerDatanodeDetails(140)) - DatanodeDetails is persisted to /workdir/hadoop-ozone/integration-test/target/test-dir/MiniOzoneClusterImpl-fbdd1b00-7c72-491a-be53-2d0d17461991/datanode-0/meta/datanode.id
2019-09-20 21:20:36,761 [main] INFO  http.HttpServer2 (HttpServer2.java:addFilter(948)) - Added filter static_user_filter (class=org.apache.hadoop.http.lib.StaticUserWebFilter$StaticUserFilter) to context hddsDatanode
2019-09-20 21:20:36,764 [main] INFO  http.HttpServer2 (HttpServer2.java:addFilter(958)) - Added filter static_user_filter (class=org.apache.hadoop.http.lib.StaticUserWebFilter$StaticUserFilter) to context logs
2019-09-20 21:20:36,764 [main] INFO  http.HttpServer2 (HttpServer2.java:addFilter(958)) - Added filter static_user_filter (class=org.apache.hadoop.http.lib.StaticUserWebFilter$StaticUserFilter) to context static
2019-09-20 21:20:36,765 [main] INFO  http.HttpServer2 (HttpServer2.java:bindListener(1191)) - Jetty bound to port 43322
2019-09-20 21:20:36,765 [main] INFO  server.Server (Server.java:doStart(351)) - jetty-9.3.24.v20180605, build timestamp: 2018-06-05T17:11:56Z, git hash: 84205aa28f11a4f31f2a3b86d1bba2cc8ab69827
2019-09-20 21:20:36,765 [Datanode State Machine Thread - 0] INFO  datanode.InitDatanodeState (InitDatanodeState.java:persistContainerDatanodeDetails(140)) - DatanodeDetails is persisted to /workdir/hadoop-ozone/integration-test/target/test-dir/MiniOzoneClusterImpl-fbdd1b00-7c72-491a-be53-2d0d17461991/datanode-1/meta/datanode.id
2019-09-20 21:20:36,767 [main] INFO  handler.ContextHandler (ContextHandler.java:doStart(781)) - Started o.e.j.s.ServletContextHandler@c3edf4c{/logs,file:///workdir/hadoop-ozone/integration-test/target/log,AVAILABLE}
2019-09-20 21:20:36,768 [main] INFO  handler.ContextHandler (ContextHandler.java:doStart(781)) - Started o.e.j.s.ServletContextHandler@799ed4e8{/static,jar:file:/home/user/.m2/repository/org/apache/hadoop/hadoop-hdds-container-service/0.5.0-SNAPSHOT/hadoop-hdds-container-service-0.5.0-SNAPSHOT.jar!/webapps/static,AVAILABLE}
2019-09-20 21:20:36,796 [main] INFO  handler.ContextHandler (ContextHandler.java:doStart(781)) - Started o.e.j.w.WebAppContext@599e4d41{/,file:///tmp/jetty-0.0.0.0-43322-hddsDatanode-_-any-2517747898953601908.dir/webapp/,AVAILABLE}{/hddsDatanode}
2019-09-20 21:20:36,798 [main] INFO  server.AbstractConnector (AbstractConnector.java:doStart(278)) - Started ServerConnector@328d044f{HTTP/1.1,[http/1.1]}{0.0.0.0:43322}
2019-09-20 21:20:36,799 [main] INFO  server.Server (Server.java:doStart(419)) - Started @5559ms
2019-09-20 21:20:36,799 [main] WARN  impl.MetricsSystemImpl (MetricsSystemImpl.java:register(276)) - Sink prometheus already exists!
2019-09-20 21:20:36,800 [main] INFO  server.BaseHttpServer (BaseHttpServer.java:updateConnectorAddress(215)) - HTTP server of HDDSDATANODE is listening at http://0.0.0.0:43322
2019-09-20 21:20:36,801 [main] INFO  impl.MetricsSystemImpl (MetricsSystemImpl.java:init(158)) - HddsDatanode metrics system started (again)
2019-09-20 21:20:36,804 [org.apache.hadoop.util.JvmPauseMonitor$Monitor@6c81cb6b] INFO  util.JvmPauseMonitor (JvmPauseMonitor.java:run(188)) - Starting JVM pause monitor
2019-09-20 21:20:36,804 [main] INFO  ozone.HddsDatanodeService (HddsDatanodeService.java:start(184)) - HddsDatanodeService host:pr-hdds-2159-7gjv7-4246597483 ip:192.168.157.230
2019-09-20 21:20:36,807 [Datanode State Machine Thread - 0] INFO  datanode.InitDatanodeState (InitDatanodeState.java:persistContainerDatanodeDetails(140)) - DatanodeDetails is persisted to /workdir/hadoop-ozone/integration-test/target/test-dir/MiniOzoneClusterImpl-fbdd1b00-7c72-491a-be53-2d0d17461991/datanode-2/meta/datanode.id
2019-09-20 21:20:36,813 [main] INFO  volume.HddsVolume (HddsVolume.java:<init>(176)) - Creating Volume: /workdir/hadoop-ozone/integration-test/target/test-dir/MiniOzoneClusterImpl-fbdd1b00-7c72-491a-be53-2d0d17461991/datanode-3/data/containers/hdds of  storage type : DISK and capacity : 1482555576320
2019-09-20 21:20:36,814 [main] INFO  volume.VolumeSet (VolumeSet.java:initializeVolumeSet(170)) - Added Volume : /workdir/hadoop-ozone/integration-test/target/test-dir/MiniOzoneClusterImpl-fbdd1b00-7c72-491a-be53-2d0d17461991/datanode-3/data/containers/hdds to VolumeSet
2019-09-20 21:20:36,814 [main] INFO  volume.ThrottledAsyncChecker (ThrottledAsyncChecker.java:schedule(139)) - Scheduling a check for org.apache.hadoop.ozone.container.common.volume.HddsVolume@118ffcfd
2019-09-20 21:20:36,814 [main] INFO  volume.HddsVolumeChecker (HddsVolumeChecker.java:checkAllVolumes(202)) - Scheduled health check for volume org.apache.hadoop.ozone.container.common.volume.HddsVolume@118ffcfd
2019-09-20 21:20:36,829 [main] INFO  impl.RaftServerProxy (ConfUtils.java:logGet(43)) - raft.rpc.type = GRPC (default)
2019-09-20 21:20:36,830 [main] INFO  grpc.GrpcFactory (GrpcFactory.java:checkPooledByteBufAllocatorUseCacheForAllThreads(45)) - PERFORMANCE WARNING: useCacheForAllThreads is true that may cause Netty to create a lot garbage objects and, as a result, trigger GC.
	It is recommended to disable useCacheForAllThreads by setting -Dorg.apache.ratis.thirdparty.io.netty.allocator.useCacheForAllThreads=false in command line.
2019-09-20 21:20:36,830 [main] INFO  grpc.GrpcConfigKeys$Server (ConfUtils.java:logGet(43)) - raft.grpc.server.port = 0 (default)
2019-09-20 21:20:36,830 [main] INFO  server.GrpcService (ConfUtils.java:logGet(43)) - raft.grpc.message.size.max = 33570816 (custom)
2019-09-20 21:20:36,830 [main] INFO  server.RaftServerConfigKeys (ConfUtils.java:logGet(43)) - raft.server.log.appender.buffer.byte-limit = 33554432 (custom)
2019-09-20 21:20:36,831 [main] INFO  server.GrpcService (ConfUtils.java:logGet(43)) - raft.grpc.flow.control.window = 1MB (=1048576) (default)
2019-09-20 21:20:36,831 [main] INFO  server.RaftServerConfigKeys (ConfUtils.java:logGet(43)) - raft.server.rpc.request.timeout = 3000ms (default)
2019-09-20 21:20:36,831 [main] INFO  server.RaftServerConfigKeys (ConfUtils.java:logGet(43)) - raft.server.storage.dir = [/workdir/hadoop-ozone/integration-test/target/test-dir/MiniOzoneClusterImpl-fbdd1b00-7c72-491a-be53-2d0d17461991/datanode-3/data/ratis] (custom)
2019-09-20 21:20:36,833 [main] INFO  hdfs.DFSUtil (DFSUtil.java:httpServerTemplateForNNAndJN(1641)) - Starting Web-server for hddsDatanode at: http://0.0.0.0:0
2019-09-20 21:20:36,834 [main] INFO  server.AuthenticationFilter (AuthenticationFilter.java:constructSecretProvider(240)) - Unable to initialize FileSignerSecretProvider, falling back to use random secrets.
2019-09-20 21:20:36,835 [main] WARN  http.HttpRequestLog (HttpRequestLog.java:getRequestLog(97)) - Jetty request log can only be enabled using Log4j
2019-09-20 21:20:36,836 [main] INFO  http.HttpServer2 (HttpServer2.java:addGlobalFilter(975)) - Added global filter 'safety' (class=org.apache.hadoop.http.HttpServer2$QuotingInputFilter)
2019-09-20 21:20:36,837 [main] INFO  http.HttpServer2 (HttpServer2.java:addFilter(948)) - Added filter static_user_filter (class=org.apache.hadoop.http.lib.StaticUserWebFilter$StaticUserFilter) to context hddsDatanode
2019-09-20 21:20:36,837 [main] INFO  http.HttpServer2 (HttpServer2.java:addFilter(958)) - Added filter static_user_filter (class=org.apache.hadoop.http.lib.StaticUserWebFilter$StaticUserFilter) to context static
2019-09-20 21:20:36,837 [main] INFO  http.HttpServer2 (HttpServer2.java:addFilter(958)) - Added filter static_user_filter (class=org.apache.hadoop.http.lib.StaticUserWebFilter$StaticUserFilter) to context logs
2019-09-20 21:20:36,838 [main] INFO  http.HttpServer2 (HttpServer2.java:bindListener(1191)) - Jetty bound to port 37341
2019-09-20 21:20:36,838 [main] INFO  server.Server (Server.java:doStart(351)) - jetty-9.3.24.v20180605, build timestamp: 2018-06-05T17:11:56Z, git hash: 84205aa28f11a4f31f2a3b86d1bba2cc8ab69827
2019-09-20 21:20:36,843 [main] INFO  handler.ContextHandler (ContextHandler.java:doStart(781)) - Started o.e.j.s.ServletContextHandler@3cd9aa64{/logs,file:///workdir/hadoop-ozone/integration-test/target/log,AVAILABLE}
2019-09-20 21:20:36,843 [main] INFO  handler.ContextHandler (ContextHandler.java:doStart(781)) - Started o.e.j.s.ServletContextHandler@443effcb{/static,jar:file:/home/user/.m2/repository/org/apache/hadoop/hadoop-hdds-container-service/0.5.0-SNAPSHOT/hadoop-hdds-container-service-0.5.0-SNAPSHOT.jar!/webapps/static,AVAILABLE}
2019-09-20 21:20:36,875 [main] INFO  handler.ContextHandler (ContextHandler.java:doStart(781)) - Started o.e.j.w.WebAppContext@709ed6f3{/,file:///tmp/jetty-0.0.0.0-37341-hddsDatanode-_-any-2678094796831467711.dir/webapp/,AVAILABLE}{/hddsDatanode}
2019-09-20 21:20:36,876 [main] INFO  server.AbstractConnector (AbstractConnector.java:doStart(278)) - Started ServerConnector@698fee9a{HTTP/1.1,[http/1.1]}{0.0.0.0:37341}
2019-09-20 21:20:36,878 [main] INFO  server.Server (Server.java:doStart(419)) - Started @5638ms
2019-09-20 21:20:36,878 [main] WARN  impl.MetricsSystemImpl (MetricsSystemImpl.java:register(276)) - Sink prometheus already exists!
2019-09-20 21:20:36,879 [main] INFO  server.BaseHttpServer (BaseHttpServer.java:updateConnectorAddress(215)) - HTTP server of HDDSDATANODE is listening at http://0.0.0.0:37341
2019-09-20 21:20:36,881 [main] INFO  ozone.MiniOzoneClusterImpl (MiniOzoneClusterImpl.java:lambda$waitForClusterToBeReady$0(145)) - Waiting for cluster to be ready. Got 0 of 4 DN Heartbeats.
2019-09-20 21:20:36,882 [org.apache.hadoop.util.JvmPauseMonitor$Monitor@7621adbe] INFO  util.JvmPauseMonitor (JvmPauseMonitor.java:run(188)) - Starting JVM pause monitor
2019-09-20 21:20:36,886 [Datanode State Machine Thread - 0] INFO  datanode.InitDatanodeState (InitDatanodeState.java:persistContainerDatanodeDetails(140)) - DatanodeDetails is persisted to /workdir/hadoop-ozone/integration-test/target/test-dir/MiniOzoneClusterImpl-fbdd1b00-7c72-491a-be53-2d0d17461991/datanode-3/meta/datanode.id
2019-09-20 21:20:37,881 [main] INFO  ozone.MiniOzoneClusterImpl (MiniOzoneClusterImpl.java:lambda$waitForClusterToBeReady$0(145)) - Waiting for cluster to be ready. Got 0 of 4 DN Heartbeats.
2019-09-20 21:20:38,694 [Datanode State Machine Thread - 0] INFO  ozoneimpl.OzoneContainer (OzoneContainer.java:start(217)) - Attempting to start container services.
2019-09-20 21:20:38,696 [Datanode State Machine Thread - 0] INFO  ozoneimpl.OzoneContainer (OzoneContainer.java:startContainerScrub(179)) - Background container scanner has been disabled.
2019-09-20 21:20:38,696 [Datanode State Machine Thread - 0] INFO  ratis.XceiverServerRatis (XceiverServerRatis.java:start(411)) - Starting XceiverServerRatis 33fcc954-9906-4fd6-9766-bfb6e0e4f988 at port 0
2019-09-20 21:20:38,716 [Datanode State Machine Thread - 0] INFO  impl.RaftServerProxy (RaftServerProxy.java:lambda$start$3(299)) - 33fcc954-9906-4fd6-9766-bfb6e0e4f988: start RPC server
2019-09-20 21:20:38,739 [Datanode State Machine Thread - 0] INFO  ozoneimpl.OzoneContainer (OzoneContainer.java:start(217)) - Attempting to start container services.
2019-09-20 21:20:38,743 [Datanode State Machine Thread - 0] INFO  ozoneimpl.OzoneContainer (OzoneContainer.java:startContainerScrub(179)) - Background container scanner has been disabled.
2019-09-20 21:20:38,743 [Datanode State Machine Thread - 0] INFO  ratis.XceiverServerRatis (XceiverServerRatis.java:start(411)) - Starting XceiverServerRatis af5a9f31-594f-4e45-8e66-448e5e0880c3 at port 0
2019-09-20 21:20:38,752 [Datanode State Machine Thread - 0] INFO  impl.RaftServerProxy (RaftServerProxy.java:lambda$start$3(299)) - af5a9f31-594f-4e45-8e66-448e5e0880c3: start RPC server
2019-09-20 21:20:38,821 [Datanode State Machine Thread - 0] INFO  ozoneimpl.OzoneContainer (OzoneContainer.java:start(217)) - Attempting to start container services.
2019-09-20 21:20:38,823 [Datanode State Machine Thread - 0] INFO  ozoneimpl.OzoneContainer (OzoneContainer.java:startContainerScrub(179)) - Background container scanner has been disabled.
2019-09-20 21:20:38,823 [Datanode State Machine Thread - 0] INFO  ratis.XceiverServerRatis (XceiverServerRatis.java:start(411)) - Starting XceiverServerRatis 983aaa99-75ba-4ae3-88be-423e80ebdcfc at port 0
2019-09-20 21:20:38,831 [Datanode State Machine Thread - 0] INFO  impl.RaftServerProxy (RaftServerProxy.java:lambda$start$3(299)) - 983aaa99-75ba-4ae3-88be-423e80ebdcfc: start RPC server
2019-09-20 21:20:38,862 [Datanode State Machine Thread - 0] INFO  server.GrpcService (GrpcService.java:startImpl(158)) - 983aaa99-75ba-4ae3-88be-423e80ebdcfc: GrpcService started, listening on 0.0.0.0/0.0.0.0:45438
2019-09-20 21:20:38,862 [Datanode State Machine Thread - 0] INFO  server.GrpcService (GrpcService.java:startImpl(158)) - 33fcc954-9906-4fd6-9766-bfb6e0e4f988: GrpcService started, listening on 0.0.0.0/0.0.0.0:34516
2019-09-20 21:20:38,862 [Datanode State Machine Thread - 0] INFO  server.GrpcService (GrpcService.java:startImpl(158)) - af5a9f31-594f-4e45-8e66-448e5e0880c3: GrpcService started, listening on 0.0.0.0/0.0.0.0:39962
2019-09-20 21:20:38,863 [Datanode State Machine Thread - 0] INFO  ratis.XceiverServerRatis (XceiverServerRatis.java:start(421)) - XceiverServerRatis 33fcc954-9906-4fd6-9766-bfb6e0e4f988 is started using port 34516
2019-09-20 21:20:38,863 [Datanode State Machine Thread - 0] INFO  ratis.XceiverServerRatis (XceiverServerRatis.java:start(421)) - XceiverServerRatis 983aaa99-75ba-4ae3-88be-423e80ebdcfc is started using port 45438
2019-09-20 21:20:38,863 [Datanode State Machine Thread - 0] INFO  ratis.XceiverServerRatis (XceiverServerRatis.java:start(421)) - XceiverServerRatis af5a9f31-594f-4e45-8e66-448e5e0880c3 is started using port 39962
2019-09-20 21:20:38,871 [Datanode State Machine Thread - 0] INFO  server.XceiverServerGrpc (XceiverServerGrpc.java:start(163)) - XceiverServerGrpc af5a9f31-594f-4e45-8e66-448e5e0880c3 is started using port 41741
2019-09-20 21:20:38,871 [Datanode State Machine Thread - 0] INFO  server.XceiverServerGrpc (XceiverServerGrpc.java:start(163)) - XceiverServerGrpc 983aaa99-75ba-4ae3-88be-423e80ebdcfc is started using port 39766
2019-09-20 21:20:38,871 [Datanode State Machine Thread - 0] INFO  server.XceiverServerGrpc (XceiverServerGrpc.java:start(163)) - XceiverServerGrpc 33fcc954-9906-4fd6-9766-bfb6e0e4f988 is started using port 39515
2019-09-20 21:20:38,882 [main] INFO  ozone.MiniOzoneClusterImpl (MiniOzoneClusterImpl.java:lambda$waitForClusterToBeReady$0(145)) - Waiting for cluster to be ready. Got 0 of 4 DN Heartbeats.
2019-09-20 21:20:38,896 [Datanode State Machine Thread - 0] INFO  ozoneimpl.OzoneContainer (OzoneContainer.java:start(217)) - Attempting to start container services.
2019-09-20 21:20:38,897 [Datanode State Machine Thread - 0] INFO  ozoneimpl.OzoneContainer (OzoneContainer.java:startContainerScrub(179)) - Background container scanner has been disabled.
2019-09-20 21:20:38,898 [Datanode State Machine Thread - 0] INFO  ratis.XceiverServerRatis (XceiverServerRatis.java:start(411)) - Starting XceiverServerRatis e7c107dc-1f6b-45fe-8db0-a884337254cb at port 0
2019-09-20 21:20:38,905 [Datanode State Machine Thread - 0] INFO  impl.RaftServerProxy (RaftServerProxy.java:lambda$start$3(299)) - e7c107dc-1f6b-45fe-8db0-a884337254cb: start RPC server
2019-09-20 21:20:38,907 [Datanode State Machine Thread - 0] INFO  server.GrpcService (GrpcService.java:startImpl(158)) - e7c107dc-1f6b-45fe-8db0-a884337254cb: GrpcService started, listening on 0.0.0.0/0.0.0.0:44265
2019-09-20 21:20:38,908 [Datanode State Machine Thread - 0] INFO  ratis.XceiverServerRatis (XceiverServerRatis.java:start(421)) - XceiverServerRatis e7c107dc-1f6b-45fe-8db0-a884337254cb is started using port 44265
2019-09-20 21:20:38,910 [Datanode State Machine Thread - 0] INFO  server.XceiverServerGrpc (XceiverServerGrpc.java:start(163)) - XceiverServerGrpc e7c107dc-1f6b-45fe-8db0-a884337254cb is started using port 40839
2019-09-20 21:20:39,882 [main] INFO  ozone.MiniOzoneClusterImpl (MiniOzoneClusterImpl.java:lambda$waitForClusterToBeReady$0(145)) - Waiting for cluster to be ready. Got 0 of 4 DN Heartbeats.
2019-09-20 21:20:40,678 [IPC Server handler 0 on 38171] INFO  net.NetworkTopology (NetworkTopologyImpl.java:add(111)) - Added a new node: /default-rack/33fcc954-9906-4fd6-9766-bfb6e0e4f988
2019-09-20 21:20:40,679 [IPC Server handler 0 on 38171] INFO  node.SCMNodeManager (SCMNodeManager.java:register(266)) - Registered Data node : 33fcc954-9906-4fd6-9766-bfb6e0e4f988{ip: 192.168.157.230, host: pr-hdds-2159-7gjv7-4246597483, networkLocation: /default-rack, certSerialId: null}
2019-09-20 21:20:40,684 [EventQueue-NodeRegistrationContainerReportForDataNodeSafeModeRule] INFO  safemode.SCMSafeModeManager (DataNodeSafeModeRule.java:process(71)) - SCM in safe mode. 1 DataNodes registered, 1 required.
2019-09-20 21:20:40,684 [EventQueue-NodeRegistrationContainerReportForDataNodeSafeModeRule] INFO  safemode.SCMSafeModeManager (SCMSafeModeManager.java:validateSafeModeExitRules(177)) - ScmSafeModeManager, all rules are successfully validated
2019-09-20 21:20:40,684 [EventQueue-NodeRegistrationContainerReportForDataNodeSafeModeRule] INFO  safemode.SCMSafeModeManager (SCMSafeModeManager.java:exitSafeMode(193)) - SCM exiting safe mode.
2019-09-20 21:20:40,727 [IPC Server handler 1 on 38171] INFO  net.NetworkTopology (NetworkTopologyImpl.java:add(111)) - Added a new node: /default-rack/af5a9f31-594f-4e45-8e66-448e5e0880c3
2019-09-20 21:20:40,728 [IPC Server handler 1 on 38171] INFO  node.SCMNodeManager (SCMNodeManager.java:register(266)) - Registered Data node : af5a9f31-594f-4e45-8e66-448e5e0880c3{ip: 192.168.157.230, host: pr-hdds-2159-7gjv7-4246597483, networkLocation: /default-rack, certSerialId: null}
2019-09-20 21:20:40,807 [IPC Server handler 2 on 38171] INFO  net.NetworkTopology (NetworkTopologyImpl.java:add(111)) - Added a new node: /default-rack/983aaa99-75ba-4ae3-88be-423e80ebdcfc
2019-09-20 21:20:40,808 [IPC Server handler 2 on 38171] INFO  node.SCMNodeManager (SCMNodeManager.java:register(266)) - Registered Data node : 983aaa99-75ba-4ae3-88be-423e80ebdcfc{ip: 192.168.157.230, host: pr-hdds-2159-7gjv7-4246597483, networkLocation: /default-rack, certSerialId: null}
2019-09-20 21:20:40,885 [main] INFO  ozone.MiniOzoneClusterImpl (MiniOzoneClusterImpl.java:lambda$waitForClusterToBeReady$0(145)) - Waiting for cluster to be ready. Got 3 of 4 DN Heartbeats.
2019-09-20 21:20:40,885 [IPC Server handler 6 on 38171] INFO  net.NetworkTopology (NetworkTopologyImpl.java:add(111)) - Added a new node: /default-rack/e7c107dc-1f6b-45fe-8db0-a884337254cb
2019-09-20 21:20:40,886 [IPC Server handler 6 on 38171] INFO  node.SCMNodeManager (SCMNodeManager.java:register(266)) - Registered Data node : e7c107dc-1f6b-45fe-8db0-a884337254cb{ip: 192.168.157.230, host: pr-hdds-2159-7gjv7-4246597483, networkLocation: /default-rack, certSerialId: null}
2019-09-20 21:20:41,228 [grpc-default-executor-0] INFO  impl.RaftServerProxy (RaftServerProxy.java:addNew(89)) - 33fcc954-9906-4fd6-9766-bfb6e0e4f988: addNew group-2052B31B9A72:[33fcc954-9906-4fd6-9766-bfb6e0e4f988:192.168.157.230:34516] returns group-2052B31B9A72:java.util.concurrent.CompletableFuture@142bf930[Not completed]
2019-09-20 21:20:41,248 [pool-27-thread-1] INFO  impl.RaftServerImpl (RaftServerImpl.java:<init>(95)) - 33fcc954-9906-4fd6-9766-bfb6e0e4f988: new RaftServerImpl for group-2052B31B9A72:[33fcc954-9906-4fd6-9766-bfb6e0e4f988:192.168.157.230:34516] with ContainerStateMachine:uninitialized
2019-09-20 21:20:41,251 [pool-27-thread-1] INFO  server.RaftServerConfigKeys (ConfUtils.java:logGet(43)) - raft.server.rpc.timeout.min = 5s (custom)
2019-09-20 21:20:41,253 [pool-27-thread-1] INFO  server.RaftServerConfigKeys (ConfUtils.java:logGet(43)) - raft.server.rpc.timeout.max = 5200ms (custom)
2019-09-20 21:20:41,253 [pool-27-thread-1] INFO  server.RaftServerConfigKeys (ConfUtils.java:logGet(43)) - raft.server.rpcslowness.timeout = 1000s (custom)
2019-09-20 21:20:41,254 [pool-27-thread-1] INFO  server.RaftServerConfigKeys (ConfUtils.java:logGet(43)) - raft.server.sleep.deviation.threshold = 300 (default)
2019-09-20 21:20:41,255 [pool-27-thread-1] INFO  server.RaftServerConfigKeys (ConfUtils.java:logGet(43)) - raft.server.log.appender.install.snapshot.enabled = false (custom)
2019-09-20 21:20:41,265 [pool-27-thread-1] INFO  impl.RaftServerImpl (ServerState.java:<init>(103)) - 33fcc954-9906-4fd6-9766-bfb6e0e4f988@group-2052B31B9A72: ConfigurationManager, init=-1: [33fcc954-9906-4fd6-9766-bfb6e0e4f988:192.168.157.230:34516], old=null, confs=<EMPTY_MAP>
2019-09-20 21:20:41,265 [pool-27-thread-1] INFO  server.RaftServerConfigKeys (ConfUtils.java:logGet(43)) - raft.server.storage.dir = [/workdir/hadoop-ozone/integration-test/target/test-dir/MiniOzoneClusterImpl-fbdd1b00-7c72-491a-be53-2d0d17461991/datanode-0/data/ratis] (custom)
2019-09-20 21:20:41,274 [pool-27-thread-1] INFO  storage.RaftStorageDirectory (RaftStorageDirectory.java:analyzeStorage(246)) - The storage directory /workdir/hadoop-ozone/integration-test/target/test-dir/MiniOzoneClusterImpl-fbdd1b00-7c72-491a-be53-2d0d17461991/datanode-0/data/ratis/222174a8-66e5-46c5-8e61-2052b31b9a72 does not exist. Creating ...
2019-09-20 21:20:41,292 [pool-27-thread-1] INFO  storage.RaftStorageDirectory (RaftStorageDirectory.java:tryLock(328)) - Lock on /workdir/hadoop-ozone/integration-test/target/test-dir/MiniOzoneClusterImpl-fbdd1b00-7c72-491a-be53-2d0d17461991/datanode-0/data/ratis/222174a8-66e5-46c5-8e61-2052b31b9a72/in_use.lock acquired by nodename 16857@pr-hdds-2159-7gjv7-4246597483
2019-09-20 21:20:41,307 [pool-27-thread-1] INFO  storage.RaftStorage (RaftStorage.java:format(72)) - Storage directory /workdir/hadoop-ozone/integration-test/target/test-dir/MiniOzoneClusterImpl-fbdd1b00-7c72-491a-be53-2d0d17461991/datanode-0/data/ratis/222174a8-66e5-46c5-8e61-2052b31b9a72 has been successfully formatted.
2019-09-20 21:20:41,310 [pool-27-thread-1] INFO  ratis.ContainerStateMachine (ContainerStateMachine.java:loadSnapshot(230)) - group-2052B31B9A72: The snapshot info is null. Setting the last applied indexto:(t:0, i:~)
2019-09-20 21:20:41,310 [pool-27-thread-1] INFO  server.RaftServerConfigKeys (ConfUtils.java:logGet(43)) - raft.server.notification.no-leader.timeout = 1000s (custom)
2019-09-20 21:20:41,313 [pool-27-thread-1] INFO  server.RaftServerConfigKeys (ConfUtils.java:logGet(43)) - raft.server.log.use.memory = false (default)
2019-09-20 21:20:41,321 [pool-27-thread-1] INFO  server.RaftServerConfigKeys (ConfUtils.java:logGet(43)) - raft.server.log.purge.gap = 1000000 (custom)
2019-09-20 21:20:41,321 [pool-27-thread-1] INFO  server.RaftServerConfigKeys (ConfUtils.java:logGet(43)) - raft.server.log.appender.buffer.byte-limit = 33554432 (custom)
2019-09-20 21:20:41,324 [pool-27-thread-1] INFO  server.RaftServerConfigKeys (ConfUtils.java:logGet(43)) - raft.server.log.segment.size.max = 1048576 (custom)
2019-09-20 21:20:41,329 [pool-27-thread-1] INFO  server.RaftServerConfigKeys (ConfUtils.java:logGet(43)) - raft.server.log.segment.cache.num.max = 2 (custom)
2019-09-20 21:20:41,336 [pool-27-thread-1] INFO  segmented.SegmentedRaftLogWorker (SegmentedRaftLogWorker.java:<init>(172)) - new 33fcc954-9906-4fd6-9766-bfb6e0e4f988@group-2052B31B9A72-SegmentedRaftLogWorker for RaftStorage:Storage Directory /workdir/hadoop-ozone/integration-test/target/test-dir/MiniOzoneClusterImpl-fbdd1b00-7c72-491a-be53-2d0d17461991/datanode-0/data/ratis/222174a8-66e5-46c5-8e61-2052b31b9a72
2019-09-20 21:20:41,338 [pool-27-thread-1] INFO  impl.MetricsSystemImpl (MetricsSystemImpl.java:init(158)) - ratis metrics system started (again)
2019-09-20 21:20:41,374 [pool-27-thread-1] INFO  server.RaftServerConfigKeys (ConfUtils.java:logGet(43)) - raft.server.log.queue.byte-limit = 2147483647 (custom)
2019-09-20 21:20:41,375 [pool-27-thread-1] INFO  server.RaftServerConfigKeys (ConfUtils.java:logGet(43)) - raft.server.log.queue.element-limit = 1024 (custom)
2019-09-20 21:20:41,378 [pool-27-thread-1] INFO  server.RaftServerConfigKeys (ConfUtils.java:logGet(43)) - raft.server.log.segment.size.max = 1048576 (custom)
2019-09-20 21:20:41,379 [pool-27-thread-1] INFO  server.RaftServerConfigKeys (ConfUtils.java:logGet(43)) - raft.server.log.preallocated.size = 16384 (custom)
2019-09-20 21:20:41,379 [pool-27-thread-1] INFO  server.RaftServerConfigKeys (ConfUtils.java:logGet(43)) - raft.server.log.write.buffer.size = 33554432 (custom)
2019-09-20 21:20:41,380 [pool-27-thread-1] INFO  server.RaftServerConfigKeys (ConfUtils.java:logGet(43)) - raft.server.log.force.sync.num = 128 (default)
2019-09-20 21:20:41,381 [pool-27-thread-1] INFO  server.RaftServerConfigKeys (ConfUtils.java:logGet(43)) - raft.server.log.statemachine.data.sync = true (default)
2019-09-20 21:20:41,381 [pool-27-thread-1] INFO  server.RaftServerConfigKeys (ConfUtils.java:logGet(43)) - raft.server.log.statemachine.data.sync.timeout = 10s (default)
2019-09-20 21:20:41,381 [pool-27-thread-1] INFO  server.RaftServerConfigKeys (ConfUtils.java:logGet(43)) - raft.server.log.statemachine.data.sync.timeout.retry = -1 (default)
2019-09-20 21:20:41,389 [pool-27-thread-1] INFO  server.RaftServerConfigKeys (ConfUtils.java:logGet(43)) - raft.server.log.statemachine.data.caching.enabled = true (custom)
2019-09-20 21:20:41,394 [pool-27-thread-1] INFO  segmented.SegmentedRaftLogWorker (SegmentedRaftLogWorker.java:lambda$new$0(132)) - 33fcc954-9906-4fd6-9766-bfb6e0e4f988@group-2052B31B9A72-SegmentedRaftLogWorker: flushIndex: setUnconditionally 0 -> -1
2019-09-20 21:20:41,398 [pool-27-thread-1] INFO  server.RaftServerConfigKeys (ConfUtils.java:logGet(43)) - raft.server.snapshot.auto.trigger.enabled = true (custom)
2019-09-20 21:20:41,399 [pool-27-thread-1] INFO  server.RaftServerConfigKeys (ConfUtils.java:logGet(43)) - raft.server.snapshot.auto.trigger.threshold = 10000 (custom)
2019-09-20 21:20:41,400 [pool-27-thread-1] INFO  server.RaftServerConfigKeys (ConfUtils.java:logGet(43)) - raft.server.snapshot.retention.num.files = 5 (custom)
2019-09-20 21:20:41,400 [pool-27-thread-1] INFO  server.RaftServerConfigKeys (ConfUtils.java:logGet(43)) - raft.server.retrycache.expirytime = 600000ms (custom)
2019-09-20 21:20:41,424 [pool-27-thread-1] INFO  impl.RaftServerImpl (RaftServerImpl.java:start(185)) - 33fcc954-9906-4fd6-9766-bfb6e0e4f988@group-2052B31B9A72: start as a follower, conf=-1: [33fcc954-9906-4fd6-9766-bfb6e0e4f988:192.168.157.230:34516], old=null
2019-09-20 21:20:41,425 [pool-27-thread-1] INFO  impl.RaftServerImpl (RaftServerImpl.java:setRole(174)) - 33fcc954-9906-4fd6-9766-bfb6e0e4f988@group-2052B31B9A72: changes role from      null to FOLLOWER at term 0 for startAsFollower
2019-09-20 21:20:41,426 [pool-27-thread-1] INFO  impl.RoleInfo (RoleInfo.java:updateAndGet(143)) - 33fcc954-9906-4fd6-9766-bfb6e0e4f988: start FollowerState
2019-09-20 21:20:41,428 [pool-27-thread-1] INFO  util.JmxRegister (JmxRegister.java:tryRegister(44)) - Successfully registered JMX Bean with object name Ratis:service=RaftServer,group=group-2052B31B9A72,id=33fcc954-9906-4fd6-9766-bfb6e0e4f988
2019-09-20 21:20:41,498 [RatisPipelineUtilsThread] INFO  pipeline.PipelineStateManager (PipelineStateManager.java:addPipeline(56)) - Created pipeline Pipeline[ Id: 222174a8-66e5-46c5-8e61-2052b31b9a72, Nodes: 33fcc954-9906-4fd6-9766-bfb6e0e4f988{ip: 192.168.157.230, host: pr-hdds-2159-7gjv7-4246597483, networkLocation: /default-rack, certSerialId: null}, Type:RATIS, Factor:ONE, State:OPEN]
2019-09-20 21:20:41,523 [grpc-default-executor-0] INFO  impl.RaftServerProxy (RaftServerProxy.java:addNew(89)) - af5a9f31-594f-4e45-8e66-448e5e0880c3: addNew group-52562788871E:[af5a9f31-594f-4e45-8e66-448e5e0880c3:192.168.157.230:39962] returns group-52562788871E:java.util.concurrent.CompletableFuture@795c0bd8[Not completed]
2019-09-20 21:20:41,560 [pool-37-thread-1] INFO  impl.RaftServerImpl (RaftServerImpl.java:<init>(95)) - af5a9f31-594f-4e45-8e66-448e5e0880c3: new RaftServerImpl for group-52562788871E:[af5a9f31-594f-4e45-8e66-448e5e0880c3:192.168.157.230:39962] with ContainerStateMachine:uninitialized
2019-09-20 21:20:41,562 [pool-37-thread-1] INFO  server.RaftServerConfigKeys (ConfUtils.java:logGet(43)) - raft.server.rpc.timeout.min = 5s (custom)
2019-09-20 21:20:41,562 [pool-37-thread-1] INFO  server.RaftServerConfigKeys (ConfUtils.java:logGet(43)) - raft.server.rpc.timeout.max = 5200ms (custom)
2019-09-20 21:20:41,562 [pool-37-thread-1] INFO  server.RaftServerConfigKeys (ConfUtils.java:logGet(43)) - raft.server.rpcslowness.timeout = 1000s (custom)
2019-09-20 21:20:41,563 [pool-37-thread-1] INFO  server.RaftServerConfigKeys (ConfUtils.java:logGet(43)) - raft.server.sleep.deviation.threshold = 300 (default)
2019-09-20 21:20:41,563 [pool-37-thread-1] INFO  server.RaftServerConfigKeys (ConfUtils.java:logGet(43)) - raft.server.log.appender.install.snapshot.enabled = false (custom)
2019-09-20 21:20:41,563 [pool-37-thread-1] INFO  impl.RaftServerImpl (ServerState.java:<init>(103)) - af5a9f31-594f-4e45-8e66-448e5e0880c3@group-52562788871E: ConfigurationManager, init=-1: [af5a9f31-594f-4e45-8e66-448e5e0880c3:192.168.157.230:39962], old=null, confs=<EMPTY_MAP>
2019-09-20 21:20:41,563 [pool-37-thread-1] INFO  server.RaftServerConfigKeys (ConfUtils.java:logGet(43)) - raft.server.storage.dir = [/workdir/hadoop-ozone/integration-test/target/test-dir/MiniOzoneClusterImpl-fbdd1b00-7c72-491a-be53-2d0d17461991/datanode-1/data/ratis] (custom)
2019-09-20 21:20:41,564 [pool-37-thread-1] INFO  storage.RaftStorageDirectory (RaftStorageDirectory.java:analyzeStorage(246)) - The storage directory /workdir/hadoop-ozone/integration-test/target/test-dir/MiniOzoneClusterImpl-fbdd1b00-7c72-491a-be53-2d0d17461991/datanode-1/data/ratis/606f5c0b-de6e-4663-be9a-52562788871e does not exist. Creating ...
2019-09-20 21:20:41,577 [pool-37-thread-1] INFO  storage.RaftStorageDirectory (RaftStorageDirectory.java:tryLock(328)) - Lock on /workdir/hadoop-ozone/integration-test/target/test-dir/MiniOzoneClusterImpl-fbdd1b00-7c72-491a-be53-2d0d17461991/datanode-1/data/ratis/606f5c0b-de6e-4663-be9a-52562788871e/in_use.lock acquired by nodename 16857@pr-hdds-2159-7gjv7-4246597483
2019-09-20 21:20:41,600 [pool-37-thread-1] INFO  storage.RaftStorage (RaftStorage.java:format(72)) - Storage directory /workdir/hadoop-ozone/integration-test/target/test-dir/MiniOzoneClusterImpl-fbdd1b00-7c72-491a-be53-2d0d17461991/datanode-1/data/ratis/606f5c0b-de6e-4663-be9a-52562788871e has been successfully formatted.
2019-09-20 21:20:41,601 [pool-37-thread-1] INFO  ratis.ContainerStateMachine (ContainerStateMachine.java:loadSnapshot(230)) - group-52562788871E: The snapshot info is null. Setting the last applied indexto:(t:0, i:~)
2019-09-20 21:20:41,603 [pool-37-thread-1] INFO  server.RaftServerConfigKeys (ConfUtils.java:logGet(43)) - raft.server.notification.no-leader.timeout = 1000s (custom)
2019-09-20 21:20:41,603 [pool-37-thread-1] INFO  server.RaftServerConfigKeys (ConfUtils.java:logGet(43)) - raft.server.log.use.memory = false (default)
2019-09-20 21:20:41,603 [pool-37-thread-1] INFO  server.RaftServerConfigKeys (ConfUtils.java:logGet(43)) - raft.server.log.purge.gap = 1000000 (custom)
2019-09-20 21:20:41,603 [pool-37-thread-1] INFO  server.RaftServerConfigKeys (ConfUtils.java:logGet(43)) - raft.server.log.appender.buffer.byte-limit = 33554432 (custom)
2019-09-20 21:20:41,604 [pool-37-thread-1] INFO  server.RaftServerConfigKeys (ConfUtils.java:logGet(43)) - raft.server.log.segment.size.max = 1048576 (custom)
2019-09-20 21:20:41,604 [pool-37-thread-1] INFO  server.RaftServerConfigKeys (ConfUtils.java:logGet(43)) - raft.server.log.segment.cache.num.max = 2 (custom)
2019-09-20 21:20:41,604 [pool-37-thread-1] INFO  segmented.SegmentedRaftLogWorker (SegmentedRaftLogWorker.java:<init>(172)) - new af5a9f31-594f-4e45-8e66-448e5e0880c3@group-52562788871E-SegmentedRaftLogWorker for RaftStorage:Storage Directory /workdir/hadoop-ozone/integration-test/target/test-dir/MiniOzoneClusterImpl-fbdd1b00-7c72-491a-be53-2d0d17461991/datanode-1/data/ratis/606f5c0b-de6e-4663-be9a-52562788871e
2019-09-20 21:20:41,611 [pool-37-thread-1] INFO  server.RaftServerConfigKeys (ConfUtils.java:logGet(43)) - raft.server.log.queue.byte-limit = 2147483647 (custom)
2019-09-20 21:20:41,611 [pool-37-thread-1] INFO  server.RaftServerConfigKeys (ConfUtils.java:logGet(43)) - raft.server.log.queue.element-limit = 1024 (custom)
2019-09-20 21:20:41,611 [pool-37-thread-1] INFO  server.RaftServerConfigKeys (ConfUtils.java:logGet(43)) - raft.server.log.segment.size.max = 1048576 (custom)
2019-09-20 21:20:41,612 [pool-37-thread-1] INFO  server.RaftServerConfigKeys (ConfUtils.java:logGet(43)) - raft.server.log.preallocated.size = 16384 (custom)
2019-09-20 21:20:41,612 [pool-37-thread-1] INFO  server.RaftServerConfigKeys (ConfUtils.java:logGet(43)) - raft.server.log.write.buffer.size = 33554432 (custom)
2019-09-20 21:20:41,612 [pool-37-thread-1] INFO  server.RaftServerConfigKeys (ConfUtils.java:logGet(43)) - raft.server.log.force.sync.num = 128 (default)
2019-09-20 21:20:41,612 [pool-37-thread-1] INFO  server.RaftServerConfigKeys (ConfUtils.java:logGet(43)) - raft.server.log.statemachine.data.sync = true (default)
2019-09-20 21:20:41,612 [pool-37-thread-1] INFO  server.RaftServerConfigKeys (ConfUtils.java:logGet(43)) - raft.server.log.statemachine.data.sync.timeout = 10s (default)
2019-09-20 21:20:41,613 [pool-37-thread-1] INFO  server.RaftServerConfigKeys (ConfUtils.java:logGet(43)) - raft.server.log.statemachine.data.sync.timeout.retry = -1 (default)
2019-09-20 21:20:41,613 [pool-37-thread-1] INFO  server.RaftServerConfigKeys (ConfUtils.java:logGet(43)) - raft.server.log.statemachine.data.caching.enabled = true (custom)
2019-09-20 21:20:41,614 [pool-37-thread-1] INFO  segmented.SegmentedRaftLogWorker (SegmentedRaftLogWorker.java:lambda$new$0(132)) - af5a9f31-594f-4e45-8e66-448e5e0880c3@group-52562788871E-SegmentedRaftLogWorker: flushIndex: setUnconditionally 0 -> -1
2019-09-20 21:20:41,614 [pool-37-thread-1] INFO  server.RaftServerConfigKeys (ConfUtils.java:logGet(43)) - raft.server.snapshot.auto.trigger.enabled = true (custom)
2019-09-20 21:20:41,614 [pool-37-thread-1] INFO  server.RaftServerConfigKeys (ConfUtils.java:logGet(43)) - raft.server.snapshot.auto.trigger.threshold = 10000 (custom)
2019-09-20 21:20:41,615 [pool-37-thread-1] INFO  server.RaftServerConfigKeys (ConfUtils.java:logGet(43)) - raft.server.snapshot.retention.num.files = 5 (custom)
2019-09-20 21:20:41,615 [pool-37-thread-1] INFO  server.RaftServerConfigKeys (ConfUtils.java:logGet(43)) - raft.server.retrycache.expirytime = 600000ms (custom)
2019-09-20 21:20:41,621 [pool-37-thread-1] INFO  impl.RaftServerImpl (RaftServerImpl.java:start(185)) - af5a9f31-594f-4e45-8e66-448e5e0880c3@group-52562788871E: start as a follower, conf=-1: [af5a9f31-594f-4e45-8e66-448e5e0880c3:192.168.157.230:39962], old=null
2019-09-20 21:20:41,621 [pool-37-thread-1] INFO  impl.RaftServerImpl (RaftServerImpl.java:setRole(174)) - af5a9f31-594f-4e45-8e66-448e5e0880c3@group-52562788871E: changes role from      null to FOLLOWER at term 0 for startAsFollower
2019-09-20 21:20:41,621 [pool-37-thread-1] INFO  impl.RoleInfo (RoleInfo.java:updateAndGet(143)) - af5a9f31-594f-4e45-8e66-448e5e0880c3: start FollowerState
2019-09-20 21:20:41,623 [pool-37-thread-1] INFO  util.JmxRegister (JmxRegister.java:tryRegister(44)) - Successfully registered JMX Bean with object name Ratis:service=RaftServer,group=group-52562788871E,id=af5a9f31-594f-4e45-8e66-448e5e0880c3
2019-09-20 21:20:41,634 [RatisPipelineUtilsThread] INFO  pipeline.PipelineStateManager (PipelineStateManager.java:addPipeline(56)) - Created pipeline Pipeline[ Id: 606f5c0b-de6e-4663-be9a-52562788871e, Nodes: af5a9f31-594f-4e45-8e66-448e5e0880c3{ip: 192.168.157.230, host: pr-hdds-2159-7gjv7-4246597483, networkLocation: /default-rack, certSerialId: null}, Type:RATIS, Factor:ONE, State:OPEN]
2019-09-20 21:20:41,652 [grpc-default-executor-0] INFO  impl.RaftServerProxy (RaftServerProxy.java:addNew(89)) - e7c107dc-1f6b-45fe-8db0-a884337254cb: addNew group-DD254AEA1099:[e7c107dc-1f6b-45fe-8db0-a884337254cb:192.168.157.230:44265] returns group-DD254AEA1099:java.util.concurrent.CompletableFuture@14b6bff5[Not completed]
2019-09-20 21:20:41,670 [pool-57-thread-1] INFO  impl.RaftServerImpl (RaftServerImpl.java:<init>(95)) - e7c107dc-1f6b-45fe-8db0-a884337254cb: new RaftServerImpl for group-DD254AEA1099:[e7c107dc-1f6b-45fe-8db0-a884337254cb:192.168.157.230:44265] with ContainerStateMachine:uninitialized
2019-09-20 21:20:41,673 [pool-57-thread-1] INFO  server.RaftServerConfigKeys (ConfUtils.java:logGet(43)) - raft.server.rpc.timeout.min = 5s (custom)
2019-09-20 21:20:41,674 [pool-57-thread-1] INFO  server.RaftServerConfigKeys (ConfUtils.java:logGet(43)) - raft.server.rpc.timeout.max = 5200ms (custom)
2019-09-20 21:20:41,674 [pool-57-thread-1] INFO  server.RaftServerConfigKeys (ConfUtils.java:logGet(43)) - raft.server.rpcslowness.timeout = 1000s (custom)
2019-09-20 21:20:41,674 [pool-57-thread-1] INFO  server.RaftServerConfigKeys (ConfUtils.java:logGet(43)) - raft.server.sleep.deviation.threshold = 300 (default)
2019-09-20 21:20:41,674 [pool-57-thread-1] INFO  server.RaftServerConfigKeys (ConfUtils.java:logGet(43)) - raft.server.log.appender.install.snapshot.enabled = false (custom)
2019-09-20 21:20:41,674 [pool-57-thread-1] INFO  impl.RaftServerImpl (ServerState.java:<init>(103)) - e7c107dc-1f6b-45fe-8db0-a884337254cb@group-DD254AEA1099: ConfigurationManager, init=-1: [e7c107dc-1f6b-45fe-8db0-a884337254cb:192.168.157.230:44265], old=null, confs=<EMPTY_MAP>
2019-09-20 21:20:41,674 [pool-57-thread-1] INFO  server.RaftServerConfigKeys (ConfUtils.java:logGet(43)) - raft.server.storage.dir = [/workdir/hadoop-ozone/integration-test/target/test-dir/MiniOzoneClusterImpl-fbdd1b00-7c72-491a-be53-2d0d17461991/datanode-3/data/ratis] (custom)
2019-09-20 21:20:41,675 [pool-57-thread-1] INFO  storage.RaftStorageDirectory (RaftStorageDirectory.java:analyzeStorage(246)) - The storage directory /workdir/hadoop-ozone/integration-test/target/test-dir/MiniOzoneClusterImpl-fbdd1b00-7c72-491a-be53-2d0d17461991/datanode-3/data/ratis/a62a7eaf-b3bc-4b3e-8ea6-dd254aea1099 does not exist. Creating ...
2019-09-20 21:20:41,687 [pool-57-thread-1] INFO  storage.RaftStorageDirectory (RaftStorageDirectory.java:tryLock(328)) - Lock on /workdir/hadoop-ozone/integration-test/target/test-dir/MiniOzoneClusterImpl-fbdd1b00-7c72-491a-be53-2d0d17461991/datanode-3/data/ratis/a62a7eaf-b3bc-4b3e-8ea6-dd254aea1099/in_use.lock acquired by nodename 16857@pr-hdds-2159-7gjv7-4246597483
2019-09-20 21:20:41,701 [pool-57-thread-1] INFO  storage.RaftStorage (RaftStorage.java:format(72)) - Storage directory /workdir/hadoop-ozone/integration-test/target/test-dir/MiniOzoneClusterImpl-fbdd1b00-7c72-491a-be53-2d0d17461991/datanode-3/data/ratis/a62a7eaf-b3bc-4b3e-8ea6-dd254aea1099 has been successfully formatted.
2019-09-20 21:20:41,701 [pool-57-thread-1] INFO  ratis.ContainerStateMachine (ContainerStateMachine.java:loadSnapshot(230)) - group-DD254AEA1099: The snapshot info is null. Setting the last applied indexto:(t:0, i:~)
2019-09-20 21:20:41,701 [pool-57-thread-1] INFO  server.RaftServerConfigKeys (ConfUtils.java:logGet(43)) - raft.server.notification.no-leader.timeout = 1000s (custom)
2019-09-20 21:20:41,701 [pool-57-thread-1] INFO  server.RaftServerConfigKeys (ConfUtils.java:logGet(43)) - raft.server.log.use.memory = false (default)
2019-09-20 21:20:41,702 [pool-57-thread-1] INFO  server.RaftServerConfigKeys (ConfUtils.java:logGet(43)) - raft.server.log.purge.gap = 1000000 (custom)
2019-09-20 21:20:41,702 [pool-57-thread-1] INFO  server.RaftServerConfigKeys (ConfUtils.java:logGet(43)) - raft.server.log.appender.buffer.byte-limit = 33554432 (custom)
2019-09-20 21:20:41,702 [pool-57-thread-1] INFO  server.RaftServerConfigKeys (ConfUtils.java:logGet(43)) - raft.server.log.segment.size.max = 1048576 (custom)
2019-09-20 21:20:41,702 [pool-57-thread-1] INFO  server.RaftServerConfigKeys (ConfUtils.java:logGet(43)) - raft.server.log.segment.cache.num.max = 2 (custom)
2019-09-20 21:20:41,702 [pool-57-thread-1] INFO  segmented.SegmentedRaftLogWorker (SegmentedRaftLogWorker.java:<init>(172)) - new e7c107dc-1f6b-45fe-8db0-a884337254cb@group-DD254AEA1099-SegmentedRaftLogWorker for RaftStorage:Storage Directory /workdir/hadoop-ozone/integration-test/target/test-dir/MiniOzoneClusterImpl-fbdd1b00-7c72-491a-be53-2d0d17461991/datanode-3/data/ratis/a62a7eaf-b3bc-4b3e-8ea6-dd254aea1099
2019-09-20 21:20:41,722 [pool-57-thread-1] INFO  server.RaftServerConfigKeys (ConfUtils.java:logGet(43)) - raft.server.log.queue.byte-limit = 2147483647 (custom)
2019-09-20 21:20:41,722 [pool-57-thread-1] INFO  server.RaftServerConfigKeys (ConfUtils.java:logGet(43)) - raft.server.log.queue.element-limit = 1024 (custom)
2019-09-20 21:20:41,723 [pool-57-thread-1] INFO  server.RaftServerConfigKeys (ConfUtils.java:logGet(43)) - raft.server.log.segment.size.max = 1048576 (custom)
2019-09-20 21:20:41,723 [pool-57-thread-1] INFO  server.RaftServerConfigKeys (ConfUtils.java:logGet(43)) - raft.server.log.preallocated.size = 16384 (custom)
2019-09-20 21:20:41,723 [pool-57-thread-1] INFO  server.RaftServerConfigKeys (ConfUtils.java:logGet(43)) - raft.server.log.write.buffer.size = 33554432 (custom)
2019-09-20 21:20:41,723 [pool-57-thread-1] INFO  server.RaftServerConfigKeys (ConfUtils.java:logGet(43)) - raft.server.log.force.sync.num = 128 (default)
2019-09-20 21:20:41,723 [pool-57-thread-1] INFO  server.RaftServerConfigKeys (ConfUtils.java:logGet(43)) - raft.server.log.statemachine.data.sync = true (default)
2019-09-20 21:20:41,723 [pool-57-thread-1] INFO  server.RaftServerConfigKeys (ConfUtils.java:logGet(43)) - raft.server.log.statemachine.data.sync.timeout = 10s (default)
2019-09-20 21:20:41,723 [pool-57-thread-1] INFO  server.RaftServerConfigKeys (ConfUtils.java:logGet(43)) - raft.server.log.statemachine.data.sync.timeout.retry = -1 (default)
2019-09-20 21:20:41,724 [pool-57-thread-1] INFO  server.RaftServerConfigKeys (ConfUtils.java:logGet(43)) - raft.server.log.statemachine.data.caching.enabled = true (custom)
2019-09-20 21:20:41,724 [pool-57-thread-1] INFO  segmented.SegmentedRaftLogWorker (SegmentedRaftLogWorker.java:lambda$new$0(132)) - e7c107dc-1f6b-45fe-8db0-a884337254cb@group-DD254AEA1099-SegmentedRaftLogWorker: flushIndex: setUnconditionally 0 -> -1
2019-09-20 21:20:41,724 [pool-57-thread-1] INFO  server.RaftServerConfigKeys (ConfUtils.java:logGet(43)) - raft.server.snapshot.auto.trigger.enabled = true (custom)
2019-09-20 21:20:41,724 [pool-57-thread-1] INFO  server.RaftServerConfigKeys (ConfUtils.java:logGet(43)) - raft.server.snapshot.auto.trigger.threshold = 10000 (custom)
2019-09-20 21:20:41,724 [pool-57-thread-1] INFO  server.RaftServerConfigKeys (ConfUtils.java:logGet(43)) - raft.server.snapshot.retention.num.files = 5 (custom)
2019-09-20 21:20:41,725 [pool-57-thread-1] INFO  server.RaftServerConfigKeys (ConfUtils.java:logGet(43)) - raft.server.retrycache.expirytime = 600000ms (custom)
2019-09-20 21:20:41,727 [pool-57-thread-1] INFO  impl.RaftServerImpl (RaftServerImpl.java:start(185)) - e7c107dc-1f6b-45fe-8db0-a884337254cb@group-DD254AEA1099: start as a follower, conf=-1: [e7c107dc-1f6b-45fe-8db0-a884337254cb:192.168.157.230:44265], old=null
2019-09-20 21:20:41,728 [pool-57-thread-1] INFO  impl.RaftServerImpl (RaftServerImpl.java:setRole(174)) - e7c107dc-1f6b-45fe-8db0-a884337254cb@group-DD254AEA1099: changes role from      null to FOLLOWER at term 0 for startAsFollower
2019-09-20 21:20:41,728 [pool-57-thread-1] INFO  impl.RoleInfo (RoleInfo.java:updateAndGet(143)) - e7c107dc-1f6b-45fe-8db0-a884337254cb: start FollowerState
2019-09-20 21:20:41,728 [pool-57-thread-1] INFO  util.JmxRegister (JmxRegister.java:tryRegister(44)) - Successfully registered JMX Bean with object name Ratis:service=RaftServer,group=group-DD254AEA1099,id=e7c107dc-1f6b-45fe-8db0-a884337254cb
2019-09-20 21:20:41,736 [RatisPipelineUtilsThread] INFO  pipeline.PipelineStateManager (PipelineStateManager.java:addPipeline(56)) - Created pipeline Pipeline[ Id: a62a7eaf-b3bc-4b3e-8ea6-dd254aea1099, Nodes: e7c107dc-1f6b-45fe-8db0-a884337254cb{ip: 192.168.157.230, host: pr-hdds-2159-7gjv7-4246597483, networkLocation: /default-rack, certSerialId: null}, Type:RATIS, Factor:ONE, State:OPEN]
2019-09-20 21:20:41,750 [grpc-default-executor-0] INFO  impl.RaftServerProxy (RaftServerProxy.java:addNew(89)) - 983aaa99-75ba-4ae3-88be-423e80ebdcfc: addNew group-D422A06FAEC8:[983aaa99-75ba-4ae3-88be-423e80ebdcfc:192.168.157.230:45438] returns group-D422A06FAEC8:java.util.concurrent.CompletableFuture@4e6877b5[Not completed]
2019-09-20 21:20:41,751 [pool-47-thread-1] INFO  impl.RaftServerImpl (RaftServerImpl.java:<init>(95)) - 983aaa99-75ba-4ae3-88be-423e80ebdcfc: new RaftServerImpl for group-D422A06FAEC8:[983aaa99-75ba-4ae3-88be-423e80ebdcfc:192.168.157.230:45438] with ContainerStateMachine:uninitialized
2019-09-20 21:20:41,751 [pool-47-thread-1] INFO  server.RaftServerConfigKeys (ConfUtils.java:logGet(43)) - raft.server.rpc.timeout.min = 5s (custom)
2019-09-20 21:20:41,751 [pool-47-thread-1] INFO  server.RaftServerConfigKeys (ConfUtils.java:logGet(43)) - raft.server.rpc.timeout.max = 5200ms (custom)
2019-09-20 21:20:41,751 [pool-47-thread-1] INFO  server.RaftServerConfigKeys (ConfUtils.java:logGet(43)) - raft.server.rpcslowness.timeout = 1000s (custom)
2019-09-20 21:20:41,752 [pool-47-thread-1] INFO  server.RaftServerConfigKeys (ConfUtils.java:logGet(43)) - raft.server.sleep.deviation.threshold = 300 (default)
2019-09-20 21:20:41,752 [pool-47-thread-1] INFO  server.RaftServerConfigKeys (ConfUtils.java:logGet(43)) - raft.server.log.appender.install.snapshot.enabled = false (custom)
2019-09-20 21:20:41,752 [pool-47-thread-1] INFO  impl.RaftServerImpl (ServerState.java:<init>(103)) - 983aaa99-75ba-4ae3-88be-423e80ebdcfc@group-D422A06FAEC8: ConfigurationManager, init=-1: [983aaa99-75ba-4ae3-88be-423e80ebdcfc:192.168.157.230:45438], old=null, confs=<EMPTY_MAP>
2019-09-20 21:20:41,752 [pool-47-thread-1] INFO  server.RaftServerConfigKeys (ConfUtils.java:logGet(43)) - raft.server.storage.dir = [/workdir/hadoop-ozone/integration-test/target/test-dir/MiniOzoneClusterImpl-fbdd1b00-7c72-491a-be53-2d0d17461991/datanode-2/data/ratis] (custom)
2019-09-20 21:20:41,752 [pool-47-thread-1] INFO  storage.RaftStorageDirectory (RaftStorageDirectory.java:analyzeStorage(246)) - The storage directory /workdir/hadoop-ozone/integration-test/target/test-dir/MiniOzoneClusterImpl-fbdd1b00-7c72-491a-be53-2d0d17461991/datanode-2/data/ratis/70e2b0f4-5650-4d3b-9c2b-d422a06faec8 does not exist. Creating ...
2019-09-20 21:20:41,765 [pool-47-thread-1] INFO  storage.RaftStorageDirectory (RaftStorageDirectory.java:tryLock(328)) - Lock on /workdir/hadoop-ozone/integration-test/target/test-dir/MiniOzoneClusterImpl-fbdd1b00-7c72-491a-be53-2d0d17461991/datanode-2/data/ratis/70e2b0f4-5650-4d3b-9c2b-d422a06faec8/in_use.lock acquired by nodename 16857@pr-hdds-2159-7gjv7-4246597483
2019-09-20 21:20:41,778 [pool-47-thread-1] INFO  storage.RaftStorage (RaftStorage.java:format(72)) - Storage directory /workdir/hadoop-ozone/integration-test/target/test-dir/MiniOzoneClusterImpl-fbdd1b00-7c72-491a-be53-2d0d17461991/datanode-2/data/ratis/70e2b0f4-5650-4d3b-9c2b-d422a06faec8 has been successfully formatted.
2019-09-20 21:20:41,778 [pool-47-thread-1] INFO  ratis.ContainerStateMachine (ContainerStateMachine.java:loadSnapshot(230)) - group-D422A06FAEC8: The snapshot info is null. Setting the last applied indexto:(t:0, i:~)
2019-09-20 21:20:41,778 [pool-47-thread-1] INFO  server.RaftServerConfigKeys (ConfUtils.java:logGet(43)) - raft.server.notification.no-leader.timeout = 1000s (custom)
2019-09-20 21:20:41,778 [pool-47-thread-1] INFO  server.RaftServerConfigKeys (ConfUtils.java:logGet(43)) - raft.server.log.use.memory = false (default)
2019-09-20 21:20:41,778 [pool-47-thread-1] INFO  server.RaftServerConfigKeys (ConfUtils.java:logGet(43)) - raft.server.log.purge.gap = 1000000 (custom)
2019-09-20 21:20:41,778 [pool-47-thread-1] INFO  server.RaftServerConfigKeys (ConfUtils.java:logGet(43)) - raft.server.log.appender.buffer.byte-limit = 33554432 (custom)
2019-09-20 21:20:41,778 [pool-47-thread-1] INFO  server.RaftServerConfigKeys (ConfUtils.java:logGet(43)) - raft.server.log.segment.size.max = 1048576 (custom)
2019-09-20 21:20:41,779 [pool-47-thread-1] INFO  server.RaftServerConfigKeys (ConfUtils.java:logGet(43)) - raft.server.log.segment.cache.num.max = 2 (custom)
2019-09-20 21:20:41,779 [pool-47-thread-1] INFO  segmented.SegmentedRaftLogWorker (SegmentedRaftLogWorker.java:<init>(172)) - new 983aaa99-75ba-4ae3-88be-423e80ebdcfc@group-D422A06FAEC8-SegmentedRaftLogWorker for RaftStorage:Storage Directory /workdir/hadoop-ozone/integration-test/target/test-dir/MiniOzoneClusterImpl-fbdd1b00-7c72-491a-be53-2d0d17461991/datanode-2/data/ratis/70e2b0f4-5650-4d3b-9c2b-d422a06faec8
2019-09-20 21:20:41,781 [pool-47-thread-1] INFO  server.RaftServerConfigKeys (ConfUtils.java:logGet(43)) - raft.server.log.queue.byte-limit = 2147483647 (custom)
2019-09-20 21:20:41,782 [pool-47-thread-1] INFO  server.RaftServerConfigKeys (ConfUtils.java:logGet(43)) - raft.server.log.queue.element-limit = 1024 (custom)
2019-09-20 21:20:41,782 [pool-47-thread-1] INFO  server.RaftServerConfigKeys (ConfUtils.java:logGet(43)) - raft.server.log.segment.size.max = 1048576 (custom)
2019-09-20 21:20:41,782 [pool-47-thread-1] INFO  server.RaftServerConfigKeys (ConfUtils.java:logGet(43)) - raft.server.log.preallocated.size = 16384 (custom)
2019-09-20 21:20:41,782 [pool-47-thread-1] INFO  server.RaftServerConfigKeys (ConfUtils.java:logGet(43)) - raft.server.log.write.buffer.size = 33554432 (custom)
2019-09-20 21:20:41,782 [pool-47-thread-1] INFO  server.RaftServerConfigKeys (ConfUtils.java:logGet(43)) - raft.server.log.force.sync.num = 128 (default)
2019-09-20 21:20:41,782 [pool-47-thread-1] INFO  server.RaftServerConfigKeys (ConfUtils.java:logGet(43)) - raft.server.log.statemachine.data.sync = true (default)
2019-09-20 21:20:41,782 [pool-47-thread-1] INFO  server.RaftServerConfigKeys (ConfUtils.java:logGet(43)) - raft.server.log.statemachine.data.sync.timeout = 10s (default)
2019-09-20 21:20:41,782 [pool-47-thread-1] INFO  server.RaftServerConfigKeys (ConfUtils.java:logGet(43)) - raft.server.log.statemachine.data.sync.timeout.retry = -1 (default)
2019-09-20 21:20:41,783 [pool-47-thread-1] INFO  server.RaftServerConfigKeys (ConfUtils.java:logGet(43)) - raft.server.log.statemachine.data.caching.enabled = true (custom)
2019-09-20 21:20:41,783 [pool-47-thread-1] INFO  segmented.SegmentedRaftLogWorker (SegmentedRaftLogWorker.java:lambda$new$0(132)) - 983aaa99-75ba-4ae3-88be-423e80ebdcfc@group-D422A06FAEC8-SegmentedRaftLogWorker: flushIndex: setUnconditionally 0 -> -1
2019-09-20 21:20:41,783 [pool-47-thread-1] INFO  server.RaftServerConfigKeys (ConfUtils.java:logGet(43)) - raft.server.snapshot.auto.trigger.enabled = true (custom)
2019-09-20 21:20:41,783 [pool-47-thread-1] INFO  server.RaftServerConfigKeys (ConfUtils.java:logGet(43)) - raft.server.snapshot.auto.trigger.threshold = 10000 (custom)
2019-09-20 21:20:41,783 [pool-47-thread-1] INFO  server.RaftServerConfigKeys (ConfUtils.java:logGet(43)) - raft.server.snapshot.retention.num.files = 5 (custom)
2019-09-20 21:20:41,784 [pool-47-thread-1] INFO  server.RaftServerConfigKeys (ConfUtils.java:logGet(43)) - raft.server.retrycache.expirytime = 600000ms (custom)
2019-09-20 21:20:41,786 [pool-47-thread-1] INFO  impl.RaftServerImpl (RaftServerImpl.java:start(185)) - 983aaa99-75ba-4ae3-88be-423e80ebdcfc@group-D422A06FAEC8: start as a follower, conf=-1: [983aaa99-75ba-4ae3-88be-423e80ebdcfc:192.168.157.230:45438], old=null
2019-09-20 21:20:41,786 [pool-47-thread-1] INFO  impl.RaftServerImpl (RaftServerImpl.java:setRole(174)) - 983aaa99-75ba-4ae3-88be-423e80ebdcfc@group-D422A06FAEC8: changes role from      null to FOLLOWER at term 0 for startAsFollower
2019-09-20 21:20:41,787 [pool-47-thread-1] INFO  impl.RoleInfo (RoleInfo.java:updateAndGet(143)) - 983aaa99-75ba-4ae3-88be-423e80ebdcfc: start FollowerState
2019-09-20 21:20:41,787 [pool-47-thread-1] INFO  util.JmxRegister (JmxRegister.java:tryRegister(44)) - Successfully registered JMX Bean with object name Ratis:service=RaftServer,group=group-D422A06FAEC8,id=983aaa99-75ba-4ae3-88be-423e80ebdcfc
2019-09-20 21:20:41,795 [RatisPipelineUtilsThread] INFO  pipeline.PipelineStateManager (PipelineStateManager.java:addPipeline(56)) - Created pipeline Pipeline[ Id: 70e2b0f4-5650-4d3b-9c2b-d422a06faec8, Nodes: 983aaa99-75ba-4ae3-88be-423e80ebdcfc{ip: 192.168.157.230, host: pr-hdds-2159-7gjv7-4246597483, networkLocation: /default-rack, certSerialId: null}, Type:RATIS, Factor:ONE, State:OPEN]
2019-09-20 21:20:41,835 [grpc-default-executor-2] INFO  impl.RaftServerProxy (RaftServerProxy.java:addNew(89)) - 33fcc954-9906-4fd6-9766-bfb6e0e4f988: addNew group-4F897627B035:[e7c107dc-1f6b-45fe-8db0-a884337254cb:192.168.157.230:44265, af5a9f31-594f-4e45-8e66-448e5e0880c3:192.168.157.230:39962, 33fcc954-9906-4fd6-9766-bfb6e0e4f988:192.168.157.230:34516] returns group-4F897627B035:java.util.concurrent.CompletableFuture@6631e4a2[Not completed]
2019-09-20 21:20:41,841 [grpc-default-executor-1] INFO  impl.RaftServerProxy (RaftServerProxy.java:addNew(89)) - e7c107dc-1f6b-45fe-8db0-a884337254cb: addNew group-4F897627B035:[e7c107dc-1f6b-45fe-8db0-a884337254cb:192.168.157.230:44265, af5a9f31-594f-4e45-8e66-448e5e0880c3:192.168.157.230:39962, 33fcc954-9906-4fd6-9766-bfb6e0e4f988:192.168.157.230:34516] returns group-4F897627B035:java.util.concurrent.CompletableFuture@2744945f[Not completed]
2019-09-20 21:20:41,843 [pool-27-thread-1] INFO  impl.RaftServerImpl (RaftServerImpl.java:<init>(95)) - 33fcc954-9906-4fd6-9766-bfb6e0e4f988: new RaftServerImpl for group-4F897627B035:[e7c107dc-1f6b-45fe-8db0-a884337254cb:192.168.157.230:44265, af5a9f31-594f-4e45-8e66-448e5e0880c3:192.168.157.230:39962, 33fcc954-9906-4fd6-9766-bfb6e0e4f988:192.168.157.230:34516] with ContainerStateMachine:uninitialized
2019-09-20 21:20:41,843 [pool-27-thread-1] INFO  server.RaftServerConfigKeys (ConfUtils.java:logGet(43)) - raft.server.rpc.timeout.min = 5s (custom)
2019-09-20 21:20:41,843 [grpc-default-executor-2] INFO  impl.RaftServerProxy (RaftServerProxy.java:addNew(89)) - af5a9f31-594f-4e45-8e66-448e5e0880c3: addNew group-4F897627B035:[e7c107dc-1f6b-45fe-8db0-a884337254cb:192.168.157.230:44265, af5a9f31-594f-4e45-8e66-448e5e0880c3:192.168.157.230:39962, 33fcc954-9906-4fd6-9766-bfb6e0e4f988:192.168.157.230:34516] returns group-4F897627B035:java.util.concurrent.CompletableFuture@23337600[Not completed]
2019-09-20 21:20:41,843 [pool-27-thread-1] INFO  server.RaftServerConfigKeys (ConfUtils.java:logGet(43)) - raft.server.rpc.timeout.max = 5200ms (custom)
2019-09-20 21:20:41,843 [pool-27-thread-1] INFO  server.RaftServerConfigKeys (ConfUtils.java:logGet(43)) - raft.server.rpcslowness.timeout = 1000s (custom)
2019-09-20 21:20:41,844 [pool-27-thread-1] INFO  server.RaftServerConfigKeys (ConfUtils.java:logGet(43)) - raft.server.sleep.deviation.threshold = 300 (default)
2019-09-20 21:20:41,844 [pool-27-thread-1] INFO  server.RaftServerConfigKeys (ConfUtils.java:logGet(43)) - raft.server.log.appender.install.snapshot.enabled = false (custom)
2019-09-20 21:20:41,844 [pool-27-thread-1] INFO  impl.RaftServerImpl (ServerState.java:<init>(103)) - 33fcc954-9906-4fd6-9766-bfb6e0e4f988@group-4F897627B035: ConfigurationManager, init=-1: [e7c107dc-1f6b-45fe-8db0-a884337254cb:192.168.157.230:44265, af5a9f31-594f-4e45-8e66-448e5e0880c3:192.168.157.230:39962, 33fcc954-9906-4fd6-9766-bfb6e0e4f988:192.168.157.230:34516], old=null, confs=<EMPTY_MAP>
2019-09-20 21:20:41,844 [pool-27-thread-1] INFO  server.RaftServerConfigKeys (ConfUtils.java:logGet(43)) - raft.server.storage.dir = [/workdir/hadoop-ozone/integration-test/target/test-dir/MiniOzoneClusterImpl-fbdd1b00-7c72-491a-be53-2d0d17461991/datanode-0/data/ratis] (custom)
2019-09-20 21:20:41,844 [pool-57-thread-1] INFO  impl.RaftServerImpl (RaftServerImpl.java:<init>(95)) - e7c107dc-1f6b-45fe-8db0-a884337254cb: new RaftServerImpl for group-4F897627B035:[e7c107dc-1f6b-45fe-8db0-a884337254cb:192.168.157.230:44265, af5a9f31-594f-4e45-8e66-448e5e0880c3:192.168.157.230:39962, 33fcc954-9906-4fd6-9766-bfb6e0e4f988:192.168.157.230:34516] with ContainerStateMachine:uninitialized
2019-09-20 21:20:41,844 [pool-27-thread-1] INFO  storage.RaftStorageDirectory (RaftStorageDirectory.java:analyzeStorage(246)) - The storage directory /workdir/hadoop-ozone/integration-test/target/test-dir/MiniOzoneClusterImpl-fbdd1b00-7c72-491a-be53-2d0d17461991/datanode-0/data/ratis/0b2c6f71-7226-4bac-9615-4f897627b035 does not exist. Creating ...
2019-09-20 21:20:41,844 [pool-57-thread-1] INFO  server.RaftServerConfigKeys (ConfUtils.java:logGet(43)) - raft.server.rpc.timeout.min = 5s (custom)
2019-09-20 21:20:41,845 [pool-57-thread-1] INFO  server.RaftServerConfigKeys (ConfUtils.java:logGet(43)) - raft.server.rpc.timeout.max = 5200ms (custom)
2019-09-20 21:20:41,845 [pool-57-thread-1] INFO  server.RaftServerConfigKeys (ConfUtils.java:logGet(43)) - raft.server.rpcslowness.timeout = 1000s (custom)
2019-09-20 21:20:41,845 [pool-37-thread-1] INFO  impl.RaftServerImpl (RaftServerImpl.java:<init>(95)) - af5a9f31-594f-4e45-8e66-448e5e0880c3: new RaftServerImpl for group-4F897627B035:[e7c107dc-1f6b-45fe-8db0-a884337254cb:192.168.157.230:44265, af5a9f31-594f-4e45-8e66-448e5e0880c3:192.168.157.230:39962, 33fcc954-9906-4fd6-9766-bfb6e0e4f988:192.168.157.230:34516] with ContainerStateMachine:uninitialized
2019-09-20 21:20:41,845 [pool-57-thread-1] INFO  server.RaftServerConfigKeys (ConfUtils.java:logGet(43)) - raft.server.sleep.deviation.threshold = 300 (default)
2019-09-20 21:20:41,845 [pool-37-thread-1] INFO  server.RaftServerConfigKeys (ConfUtils.java:logGet(43)) - raft.server.rpc.timeout.min = 5s (custom)
2019-09-20 21:20:41,845 [pool-57-thread-1] INFO  server.RaftServerConfigKeys (ConfUtils.java:logGet(43)) - raft.server.log.appender.install.snapshot.enabled = false (custom)
2019-09-20 21:20:41,846 [pool-37-thread-1] INFO  server.RaftServerConfigKeys (ConfUtils.java:logGet(43)) - raft.server.rpc.timeout.max = 5200ms (custom)
2019-09-20 21:20:41,846 [pool-57-thread-1] INFO  impl.RaftServerImpl (ServerState.java:<init>(103)) - e7c107dc-1f6b-45fe-8db0-a884337254cb@group-4F897627B035: ConfigurationManager, init=-1: [e7c107dc-1f6b-45fe-8db0-a884337254cb:192.168.157.230:44265, af5a9f31-594f-4e45-8e66-448e5e0880c3:192.168.157.230:39962, 33fcc954-9906-4fd6-9766-bfb6e0e4f988:192.168.157.230:34516], old=null, confs=<EMPTY_MAP>
2019-09-20 21:20:41,846 [pool-37-thread-1] INFO  server.RaftServerConfigKeys (ConfUtils.java:logGet(43)) - raft.server.rpcslowness.timeout = 1000s (custom)
2019-09-20 21:20:41,846 [pool-37-thread-1] INFO  server.RaftServerConfigKeys (ConfUtils.java:logGet(43)) - raft.server.sleep.deviation.threshold = 300 (default)
2019-09-20 21:20:41,846 [pool-57-thread-1] INFO  server.RaftServerConfigKeys (ConfUtils.java:logGet(43)) - raft.server.storage.dir = [/workdir/hadoop-ozone/integration-test/target/test-dir/MiniOzoneClusterImpl-fbdd1b00-7c72-491a-be53-2d0d17461991/datanode-3/data/ratis] (custom)
2019-09-20 21:20:41,846 [pool-37-thread-1] INFO  server.RaftServerConfigKeys (ConfUtils.java:logGet(43)) - raft.server.log.appender.install.snapshot.enabled = false (custom)
2019-09-20 21:20:41,847 [pool-37-thread-1] INFO  impl.RaftServerImpl (ServerState.java:<init>(103)) - af5a9f31-594f-4e45-8e66-448e5e0880c3@group-4F897627B035: ConfigurationManager, init=-1: [e7c107dc-1f6b-45fe-8db0-a884337254cb:192.168.157.230:44265, af5a9f31-594f-4e45-8e66-448e5e0880c3:192.168.157.230:39962, 33fcc954-9906-4fd6-9766-bfb6e0e4f988:192.168.157.230:34516], old=null, confs=<EMPTY_MAP>
2019-09-20 21:20:41,847 [pool-57-thread-1] INFO  storage.RaftStorageDirectory (RaftStorageDirectory.java:analyzeStorage(246)) - The storage directory /workdir/hadoop-ozone/integration-test/target/test-dir/MiniOzoneClusterImpl-fbdd1b00-7c72-491a-be53-2d0d17461991/datanode-3/data/ratis/0b2c6f71-7226-4bac-9615-4f897627b035 does not exist. Creating ...
2019-09-20 21:20:41,847 [pool-37-thread-1] INFO  server.RaftServerConfigKeys (ConfUtils.java:logGet(43)) - raft.server.storage.dir = [/workdir/hadoop-ozone/integration-test/target/test-dir/MiniOzoneClusterImpl-fbdd1b00-7c72-491a-be53-2d0d17461991/datanode-1/data/ratis] (custom)
2019-09-20 21:20:41,847 [pool-37-thread-1] INFO  storage.RaftStorageDirectory (RaftStorageDirectory.java:analyzeStorage(246)) - The storage directory /workdir/hadoop-ozone/integration-test/target/test-dir/MiniOzoneClusterImpl-fbdd1b00-7c72-491a-be53-2d0d17461991/datanode-1/data/ratis/0b2c6f71-7226-4bac-9615-4f897627b035 does not exist. Creating ...
2019-09-20 21:20:41,858 [pool-57-thread-1] INFO  storage.RaftStorageDirectory (RaftStorageDirectory.java:tryLock(328)) - Lock on /workdir/hadoop-ozone/integration-test/target/test-dir/MiniOzoneClusterImpl-fbdd1b00-7c72-491a-be53-2d0d17461991/datanode-3/data/ratis/0b2c6f71-7226-4bac-9615-4f897627b035/in_use.lock acquired by nodename 16857@pr-hdds-2159-7gjv7-4246597483
2019-09-20 21:20:41,858 [pool-37-thread-1] INFO  storage.RaftStorageDirectory (RaftStorageDirectory.java:tryLock(328)) - Lock on /workdir/hadoop-ozone/integration-test/target/test-dir/MiniOzoneClusterImpl-fbdd1b00-7c72-491a-be53-2d0d17461991/datanode-1/data/ratis/0b2c6f71-7226-4bac-9615-4f897627b035/in_use.lock acquired by nodename 16857@pr-hdds-2159-7gjv7-4246597483
2019-09-20 21:20:41,858 [pool-27-thread-1] INFO  storage.RaftStorageDirectory (RaftStorageDirectory.java:tryLock(328)) - Lock on /workdir/hadoop-ozone/integration-test/target/test-dir/MiniOzoneClusterImpl-fbdd1b00-7c72-491a-be53-2d0d17461991/datanode-0/data/ratis/0b2c6f71-7226-4bac-9615-4f897627b035/in_use.lock acquired by nodename 16857@pr-hdds-2159-7gjv7-4246597483
2019-09-20 21:20:41,877 [pool-27-thread-1] INFO  storage.RaftStorage (RaftStorage.java:format(72)) - Storage directory /workdir/hadoop-ozone/integration-test/target/test-dir/MiniOzoneClusterImpl-fbdd1b00-7c72-491a-be53-2d0d17461991/datanode-0/data/ratis/0b2c6f71-7226-4bac-9615-4f897627b035 has been successfully formatted.
2019-09-20 21:20:41,877 [pool-57-thread-1] INFO  storage.RaftStorage (RaftStorage.java:format(72)) - Storage directory /workdir/hadoop-ozone/integration-test/target/test-dir/MiniOzoneClusterImpl-fbdd1b00-7c72-491a-be53-2d0d17461991/datanode-3/data/ratis/0b2c6f71-7226-4bac-9615-4f897627b035 has been successfully formatted.
2019-09-20 21:20:41,877 [pool-37-thread-1] INFO  storage.RaftStorage (RaftStorage.java:format(72)) - Storage directory /workdir/hadoop-ozone/integration-test/target/test-dir/MiniOzoneClusterImpl-fbdd1b00-7c72-491a-be53-2d0d17461991/datanode-1/data/ratis/0b2c6f71-7226-4bac-9615-4f897627b035 has been successfully formatted.
2019-09-20 21:20:41,878 [pool-27-thread-1] INFO  ratis.ContainerStateMachine (ContainerStateMachine.java:loadSnapshot(230)) - group-4F897627B035: The snapshot info is null. Setting the last applied indexto:(t:0, i:~)
2019-09-20 21:20:41,878 [pool-37-thread-1] INFO  ratis.ContainerStateMachine (ContainerStateMachine.java:loadSnapshot(230)) - group-4F897627B035: The snapshot info is null. Setting the last applied indexto:(t:0, i:~)
2019-09-20 21:20:41,878 [pool-27-thread-1] INFO  server.RaftServerConfigKeys (ConfUtils.java:logGet(43)) - raft.server.notification.no-leader.timeout = 1000s (custom)
2019-09-20 21:20:41,878 [pool-57-thread-1] INFO  ratis.ContainerStateMachine (ContainerStateMachine.java:loadSnapshot(230)) - group-4F897627B035: The snapshot info is null. Setting the last applied indexto:(t:0, i:~)
2019-09-20 21:20:41,878 [pool-27-thread-1] INFO  server.RaftServerConfigKeys (ConfUtils.java:logGet(43)) - raft.server.log.use.memory = false (default)
2019-09-20 21:20:41,878 [pool-37-thread-1] INFO  server.RaftServerConfigKeys (ConfUtils.java:logGet(43)) - raft.server.notification.no-leader.timeout = 1000s (custom)
2019-09-20 21:20:41,879 [pool-27-thread-1] INFO  server.RaftServerConfigKeys (ConfUtils.java:logGet(43)) - raft.server.log.purge.gap = 1000000 (custom)
2019-09-20 21:20:41,879 [pool-57-thread-1] INFO  server.RaftServerConfigKeys (ConfUtils.java:logGet(43)) - raft.server.notification.no-leader.timeout = 1000s (custom)
2019-09-20 21:20:41,879 [pool-27-thread-1] INFO  server.RaftServerConfigKeys (ConfUtils.java:logGet(43)) - raft.server.log.appender.buffer.byte-limit = 33554432 (custom)
2019-09-20 21:20:41,879 [pool-37-thread-1] INFO  server.RaftServerConfigKeys (ConfUtils.java:logGet(43)) - raft.server.log.use.memory = false (default)
2019-09-20 21:20:41,879 [pool-27-thread-1] INFO  server.RaftServerConfigKeys (ConfUtils.java:logGet(43)) - raft.server.log.segment.size.max = 1048576 (custom)
2019-09-20 21:20:41,879 [pool-57-thread-1] INFO  server.RaftServerConfigKeys (ConfUtils.java:logGet(43)) - raft.server.log.use.memory = false (default)
2019-09-20 21:20:41,879 [pool-27-thread-1] INFO  server.RaftServerConfigKeys (ConfUtils.java:logGet(43)) - raft.server.log.segment.cache.num.max = 2 (custom)
2019-09-20 21:20:41,879 [pool-37-thread-1] INFO  server.RaftServerConfigKeys (ConfUtils.java:logGet(43)) - raft.server.log.purge.gap = 1000000 (custom)
2019-09-20 21:20:41,880 [pool-27-thread-1] INFO  segmented.SegmentedRaftLogWorker (SegmentedRaftLogWorker.java:<init>(172)) - new 33fcc954-9906-4fd6-9766-bfb6e0e4f988@group-4F897627B035-SegmentedRaftLogWorker for RaftStorage:Storage Directory /workdir/hadoop-ozone/integration-test/target/test-dir/MiniOzoneClusterImpl-fbdd1b00-7c72-491a-be53-2d0d17461991/datanode-0/data/ratis/0b2c6f71-7226-4bac-9615-4f897627b035
2019-09-20 21:20:41,879 [pool-57-thread-1] INFO  server.RaftServerConfigKeys (ConfUtils.java:logGet(43)) - raft.server.log.purge.gap = 1000000 (custom)
2019-09-20 21:20:41,880 [pool-27-thread-1] INFO  server.RaftServerConfigKeys (ConfUtils.java:logGet(43)) - raft.server.log.queue.byte-limit = 2147483647 (custom)
2019-09-20 21:20:41,880 [pool-37-thread-1] INFO  server.RaftServerConfigKeys (ConfUtils.java:logGet(43)) - raft.server.log.appender.buffer.byte-limit = 33554432 (custom)
2019-09-20 21:20:41,880 [pool-27-thread-1] INFO  server.RaftServerConfigKeys (ConfUtils.java:logGet(43)) - raft.server.log.queue.element-limit = 1024 (custom)
2019-09-20 21:20:41,880 [pool-57-thread-1] INFO  server.RaftServerConfigKeys (ConfUtils.java:logGet(43)) - raft.server.log.appender.buffer.byte-limit = 33554432 (custom)
2019-09-20 21:20:41,880 [pool-27-thread-1] INFO  server.RaftServerConfigKeys (ConfUtils.java:logGet(43)) - raft.server.log.segment.size.max = 1048576 (custom)
2019-09-20 21:20:41,880 [pool-37-thread-1] INFO  server.RaftServerConfigKeys (ConfUtils.java:logGet(43)) - raft.server.log.segment.size.max = 1048576 (custom)
2019-09-20 21:20:41,881 [pool-27-thread-1] INFO  server.RaftServerConfigKeys (ConfUtils.java:logGet(43)) - raft.server.log.preallocated.size = 16384 (custom)
2019-09-20 21:20:41,880 [pool-57-thread-1] INFO  server.RaftServerConfigKeys (ConfUtils.java:logGet(43)) - raft.server.log.segment.size.max = 1048576 (custom)
2019-09-20 21:20:41,881 [pool-27-thread-1] INFO  server.RaftServerConfigKeys (ConfUtils.java:logGet(43)) - raft.server.log.write.buffer.size = 33554432 (custom)
2019-09-20 21:20:41,881 [pool-37-thread-1] INFO  server.RaftServerConfigKeys (ConfUtils.java:logGet(43)) - raft.server.log.segment.cache.num.max = 2 (custom)
2019-09-20 21:20:41,881 [pool-27-thread-1] INFO  server.RaftServerConfigKeys (ConfUtils.java:logGet(43)) - raft.server.log.force.sync.num = 128 (default)
2019-09-20 21:20:41,881 [pool-57-thread-1] INFO  server.RaftServerConfigKeys (ConfUtils.java:logGet(43)) - raft.server.log.segment.cache.num.max = 2 (custom)
2019-09-20 21:20:41,881 [pool-27-thread-1] INFO  server.RaftServerConfigKeys (ConfUtils.java:logGet(43)) - raft.server.log.statemachine.data.sync = true (default)
2019-09-20 21:20:41,881 [pool-37-thread-1] INFO  segmented.SegmentedRaftLogWorker (SegmentedRaftLogWorker.java:<init>(172)) - new af5a9f31-594f-4e45-8e66-448e5e0880c3@group-4F897627B035-SegmentedRaftLogWorker for RaftStorage:Storage Directory /workdir/hadoop-ozone/integration-test/target/test-dir/MiniOzoneClusterImpl-fbdd1b00-7c72-491a-be53-2d0d17461991/datanode-1/data/ratis/0b2c6f71-7226-4bac-9615-4f897627b035
2019-09-20 21:20:41,882 [pool-27-thread-1] INFO  server.RaftServerConfigKeys (ConfUtils.java:logGet(43)) - raft.server.log.statemachine.data.sync.timeout = 10s (default)
2019-09-20 21:20:41,882 [pool-57-thread-1] INFO  segmented.SegmentedRaftLogWorker (SegmentedRaftLogWorker.java:<init>(172)) - new e7c107dc-1f6b-45fe-8db0-a884337254cb@group-4F897627B035-SegmentedRaftLogWorker for RaftStorage:Storage Directory /workdir/hadoop-ozone/integration-test/target/test-dir/MiniOzoneClusterImpl-fbdd1b00-7c72-491a-be53-2d0d17461991/datanode-3/data/ratis/0b2c6f71-7226-4bac-9615-4f897627b035
2019-09-20 21:20:41,882 [pool-27-thread-1] INFO  server.RaftServerConfigKeys (ConfUtils.java:logGet(43)) - raft.server.log.statemachine.data.sync.timeout.retry = -1 (default)
2019-09-20 21:20:41,882 [pool-37-thread-1] INFO  server.RaftServerConfigKeys (ConfUtils.java:logGet(43)) - raft.server.log.queue.byte-limit = 2147483647 (custom)
2019-09-20 21:20:41,882 [pool-27-thread-1] INFO  server.RaftServerConfigKeys (ConfUtils.java:logGet(43)) - raft.server.log.statemachine.data.caching.enabled = true (custom)
2019-09-20 21:20:41,882 [pool-57-thread-1] INFO  server.RaftServerConfigKeys (ConfUtils.java:logGet(43)) - raft.server.log.queue.byte-limit = 2147483647 (custom)
2019-09-20 21:20:41,882 [pool-37-thread-1] INFO  server.RaftServerConfigKeys (ConfUtils.java:logGet(43)) - raft.server.log.queue.element-limit = 1024 (custom)
2019-09-20 21:20:41,883 [pool-57-thread-1] INFO  server.RaftServerConfigKeys (ConfUtils.java:logGet(43)) - raft.server.log.queue.element-limit = 1024 (custom)
2019-09-20 21:20:41,883 [pool-27-thread-1] INFO  segmented.SegmentedRaftLogWorker (SegmentedRaftLogWorker.java:lambda$new$0(132)) - 33fcc954-9906-4fd6-9766-bfb6e0e4f988@group-4F897627B035-SegmentedRaftLogWorker: flushIndex: setUnconditionally 0 -> -1
2019-09-20 21:20:41,883 [pool-57-thread-1] INFO  server.RaftServerConfigKeys (ConfUtils.java:logGet(43)) - raft.server.log.segment.size.max = 1048576 (custom)
2019-09-20 21:20:41,883 [pool-37-thread-1] INFO  server.RaftServerConfigKeys (ConfUtils.java:logGet(43)) - raft.server.log.segment.size.max = 1048576 (custom)
2019-09-20 21:20:41,883 [pool-57-thread-1] INFO  server.RaftServerConfigKeys (ConfUtils.java:logGet(43)) - raft.server.log.preallocated.size = 16384 (custom)
2019-09-20 21:20:41,883 [pool-27-thread-1] INFO  server.RaftServerConfigKeys (ConfUtils.java:logGet(43)) - raft.server.snapshot.auto.trigger.enabled = true (custom)
2019-09-20 21:20:41,883 [pool-57-thread-1] INFO  server.RaftServerConfigKeys (ConfUtils.java:logGet(43)) - raft.server.log.write.buffer.size = 33554432 (custom)
2019-09-20 21:20:41,883 [pool-37-thread-1] INFO  server.RaftServerConfigKeys (ConfUtils.java:logGet(43)) - raft.server.log.preallocated.size = 16384 (custom)
2019-09-20 21:20:41,884 [pool-57-thread-1] INFO  server.RaftServerConfigKeys (ConfUtils.java:logGet(43)) - raft.server.log.force.sync.num = 128 (default)
2019-09-20 21:20:41,884 [pool-27-thread-1] INFO  server.RaftServerConfigKeys (ConfUtils.java:logGet(43)) - raft.server.snapshot.auto.trigger.threshold = 10000 (custom)
2019-09-20 21:20:41,884 [pool-57-thread-1] INFO  server.RaftServerConfigKeys (ConfUtils.java:logGet(43)) - raft.server.log.statemachine.data.sync = true (default)
2019-09-20 21:20:41,884 [pool-37-thread-1] INFO  server.RaftServerConfigKeys (ConfUtils.java:logGet(43)) - raft.server.log.write.buffer.size = 33554432 (custom)
2019-09-20 21:20:41,884 [pool-57-thread-1] INFO  server.RaftServerConfigKeys (ConfUtils.java:logGet(43)) - raft.server.log.statemachine.data.sync.timeout = 10s (default)
2019-09-20 21:20:41,884 [pool-27-thread-1] INFO  server.RaftServerConfigKeys (ConfUtils.java:logGet(43)) - raft.server.snapshot.retention.num.files = 5 (custom)
2019-09-20 21:20:41,884 [pool-57-thread-1] INFO  server.RaftServerConfigKeys (ConfUtils.java:logGet(43)) - raft.server.log.statemachine.data.sync.timeout.retry = -1 (default)
2019-09-20 21:20:41,884 [pool-37-thread-1] INFO  server.RaftServerConfigKeys (ConfUtils.java:logGet(43)) - raft.server.log.force.sync.num = 128 (default)
2019-09-20 21:20:41,885 [pool-27-thread-1] INFO  server.RaftServerConfigKeys (ConfUtils.java:logGet(43)) - raft.server.retrycache.expirytime = 600000ms (custom)
2019-09-20 21:20:41,885 [pool-37-thread-1] INFO  server.RaftServerConfigKeys (ConfUtils.java:logGet(43)) - raft.server.log.statemachine.data.sync = true (default)
2019-09-20 21:20:41,885 [pool-57-thread-1] INFO  server.RaftServerConfigKeys (ConfUtils.java:logGet(43)) - raft.server.log.statemachine.data.caching.enabled = true (custom)
2019-09-20 21:20:41,885 [pool-37-thread-1] INFO  server.RaftServerConfigKeys (ConfUtils.java:logGet(43)) - raft.server.log.statemachine.data.sync.timeout = 10s (default)
2019-09-20 21:20:41,885 [main] INFO  ozone.MiniOzoneClusterImpl (MiniOzoneClusterImpl.java:lambda$waitForClusterToBeReady$0(145)) - Cluster is ready. Got 4 of 4 DN Heartbeats.
2019-09-20 21:20:41,886 [pool-57-thread-1] INFO  segmented.SegmentedRaftLogWorker (SegmentedRaftLogWorker.java:lambda$new$0(132)) - e7c107dc-1f6b-45fe-8db0-a884337254cb@group-4F897627B035-SegmentedRaftLogWorker: flushIndex: setUnconditionally 0 -> -1
2019-09-20 21:20:41,885 [pool-37-thread-1] INFO  server.RaftServerConfigKeys (ConfUtils.java:logGet(43)) - raft.server.log.statemachine.data.sync.timeout.retry = -1 (default)
2019-09-20 21:20:41,886 [pool-57-thread-1] INFO  server.RaftServerConfigKeys (ConfUtils.java:logGet(43)) - raft.server.snapshot.auto.trigger.enabled = true (custom)
2019-09-20 21:20:41,886 [pool-57-thread-1] INFO  server.RaftServerConfigKeys (ConfUtils.java:logGet(43)) - raft.server.snapshot.auto.trigger.threshold = 10000 (custom)
2019-09-20 21:20:41,886 [pool-37-thread-1] INFO  server.RaftServerConfigKeys (ConfUtils.java:logGet(43)) - raft.server.log.statemachine.data.caching.enabled = true (custom)
2019-09-20 21:20:41,887 [pool-57-thread-1] INFO  server.RaftServerConfigKeys (ConfUtils.java:logGet(43)) - raft.server.snapshot.retention.num.files = 5 (custom)
2019-09-20 21:20:41,887 [pool-37-thread-1] INFO  segmented.SegmentedRaftLogWorker (SegmentedRaftLogWorker.java:lambda$new$0(132)) - af5a9f31-594f-4e45-8e66-448e5e0880c3@group-4F897627B035-SegmentedRaftLogWorker: flushIndex: setUnconditionally 0 -> -1
2019-09-20 21:20:41,887 [pool-57-thread-1] INFO  server.RaftServerConfigKeys (ConfUtils.java:logGet(43)) - raft.server.retrycache.expirytime = 600000ms (custom)
2019-09-20 21:20:41,887 [pool-37-thread-1] INFO  server.RaftServerConfigKeys (ConfUtils.java:logGet(43)) - raft.server.snapshot.auto.trigger.enabled = true (custom)
2019-09-20 21:20:41,887 [pool-37-thread-1] INFO  server.RaftServerConfigKeys (ConfUtils.java:logGet(43)) - raft.server.snapshot.auto.trigger.threshold = 10000 (custom)
2019-09-20 21:20:41,888 [pool-37-thread-1] INFO  server.RaftServerConfigKeys (ConfUtils.java:logGet(43)) - raft.server.snapshot.retention.num.files = 5 (custom)
2019-09-20 21:20:41,888 [pool-37-thread-1] INFO  server.RaftServerConfigKeys (ConfUtils.java:logGet(43)) - raft.server.retrycache.expirytime = 600000ms (custom)
2019-09-20 21:20:41,889 [main] INFO  container.ReplicationManager (ReplicationManager.java:start(162)) - Starting Replication Monitor Thread.
2019-09-20 21:20:41,890 [pool-27-thread-1] INFO  impl.RaftServerImpl (RaftServerImpl.java:start(185)) - 33fcc954-9906-4fd6-9766-bfb6e0e4f988@group-4F897627B035: start as a follower, conf=-1: [e7c107dc-1f6b-45fe-8db0-a884337254cb:192.168.157.230:44265, af5a9f31-594f-4e45-8e66-448e5e0880c3:192.168.157.230:39962, 33fcc954-9906-4fd6-9766-bfb6e0e4f988:192.168.157.230:34516], old=null
2019-09-20 21:20:41,890 [pool-27-thread-1] INFO  impl.RaftServerImpl (RaftServerImpl.java:setRole(174)) - 33fcc954-9906-4fd6-9766-bfb6e0e4f988@group-4F897627B035: changes role from      null to FOLLOWER at term 0 for startAsFollower
2019-09-20 21:20:41,890 [pool-27-thread-1] INFO  impl.RoleInfo (RoleInfo.java:updateAndGet(143)) - 33fcc954-9906-4fd6-9766-bfb6e0e4f988: start FollowerState
2019-09-20 21:20:41,891 [pool-27-thread-1] INFO  util.JmxRegister (JmxRegister.java:tryRegister(44)) - Successfully registered JMX Bean with object name Ratis:service=RaftServer,group=group-4F897627B035,id=33fcc954-9906-4fd6-9766-bfb6e0e4f988
2019-09-20 21:20:41,892 [ReplicationMonitor] INFO  container.ReplicationManager (ReplicationManager.java:run(225)) - Replication Monitor Thread took 1 milliseconds for processing 0 containers.
2019-09-20 21:20:41,896 [pool-37-thread-1] INFO  impl.RaftServerImpl (RaftServerImpl.java:start(185)) - af5a9f31-594f-4e45-8e66-448e5e0880c3@group-4F897627B035: start as a follower, conf=-1: [e7c107dc-1f6b-45fe-8db0-a884337254cb:192.168.157.230:44265, af5a9f31-594f-4e45-8e66-448e5e0880c3:192.168.157.230:39962, 33fcc954-9906-4fd6-9766-bfb6e0e4f988:192.168.157.230:34516], old=null
2019-09-20 21:20:41,896 [pool-37-thread-1] INFO  impl.RaftServerImpl (RaftServerImpl.java:setRole(174)) - af5a9f31-594f-4e45-8e66-448e5e0880c3@group-4F897627B035: changes role from      null to FOLLOWER at term 0 for startAsFollower
2019-09-20 21:20:41,896 [pool-37-thread-1] INFO  impl.RoleInfo (RoleInfo.java:updateAndGet(143)) - af5a9f31-594f-4e45-8e66-448e5e0880c3: start FollowerState
2019-09-20 21:20:41,896 [pool-37-thread-1] INFO  util.JmxRegister (JmxRegister.java:tryRegister(44)) - Successfully registered JMX Bean with object name Ratis:service=RaftServer,group=group-4F897627B035,id=af5a9f31-594f-4e45-8e66-448e5e0880c3
2019-09-20 21:20:41,898 [pool-57-thread-1] INFO  impl.RaftServerImpl (RaftServerImpl.java:start(185)) - e7c107dc-1f6b-45fe-8db0-a884337254cb@group-4F897627B035: start as a follower, conf=-1: [e7c107dc-1f6b-45fe-8db0-a884337254cb:192.168.157.230:44265, af5a9f31-594f-4e45-8e66-448e5e0880c3:192.168.157.230:39962, 33fcc954-9906-4fd6-9766-bfb6e0e4f988:192.168.157.230:34516], old=null
2019-09-20 21:20:41,899 [pool-57-thread-1] INFO  impl.RaftServerImpl (RaftServerImpl.java:setRole(174)) - e7c107dc-1f6b-45fe-8db0-a884337254cb@group-4F897627B035: changes role from      null to FOLLOWER at term 0 for startAsFollower
2019-09-20 21:20:41,899 [pool-57-thread-1] INFO  impl.RoleInfo (RoleInfo.java:updateAndGet(143)) - e7c107dc-1f6b-45fe-8db0-a884337254cb: start FollowerState
2019-09-20 21:20:41,902 [pool-57-thread-1] INFO  util.JmxRegister (JmxRegister.java:tryRegister(44)) - Successfully registered JMX Bean with object name Ratis:service=RaftServer,group=group-4F897627B035,id=e7c107dc-1f6b-45fe-8db0-a884337254cb
2019-09-20 21:20:41,930 [RatisPipelineUtilsThread] INFO  pipeline.PipelineStateManager (PipelineStateManager.java:addPipeline(56)) - Created pipeline Pipeline[ Id: 0b2c6f71-7226-4bac-9615-4f897627b035, Nodes: af5a9f31-594f-4e45-8e66-448e5e0880c3{ip: 192.168.157.230, host: pr-hdds-2159-7gjv7-4246597483, networkLocation: /default-rack, certSerialId: null}33fcc954-9906-4fd6-9766-bfb6e0e4f988{ip: 192.168.157.230, host: pr-hdds-2159-7gjv7-4246597483, networkLocation: /default-rack, certSerialId: null}e7c107dc-1f6b-45fe-8db0-a884337254cb{ip: 192.168.157.230, host: pr-hdds-2159-7gjv7-4246597483, networkLocation: /default-rack, certSerialId: null}, Type:RATIS, Factor:THREE, State:OPEN]
2019-09-20 21:20:42,385 [main] INFO  rpc.RpcClient (RpcClient.java:createVolume(303)) - Creating Volume: testcontainerstatemachinefailures, with jenkins1000 as owner.
2019-09-20 21:20:42,497 [IPC Server handler 1 on 35555] INFO  volume.OMVolumeCreateRequest (OMVolumeCreateRequest.java:validateAndUpdateCache(189)) - created volume:testcontainerstatemachinefailures for user:jenkins1000
2019-09-20 21:20:42,535 [main] INFO  rpc.RpcClient (RpcClient.java:createBucket(442)) - Creating Bucket: testcontainerstatemachinefailures/testcontainerstatemachinefailures, with Versioning false and Storage Type set to DISK and Encryption set to false 
2019-09-20 21:20:42,953 [EventQueue-StaleNodeForStaleNodeHandler] INFO  node.StaleNodeHandler (StaleNodeHandler.java:onMessage(58)) - Datanode af5a9f31-594f-4e45-8e66-448e5e0880c3{ip: 192.168.157.230, host: pr-hdds-2159-7gjv7-4246597483, networkLocation: /default-rack, certSerialId: null} moved to stale state. Finalizing its pipelines [PipelineID=606f5c0b-de6e-4663-be9a-52562788871e, PipelineID=0b2c6f71-7226-4bac-9615-4f897627b035]
2019-09-20 21:20:42,955 [EventQueue-StaleNodeForStaleNodeHandler] INFO  pipeline.SCMPipelineManager (SCMPipelineManager.java:finalizeAndDestroyPipeline(311)) - destroying pipeline:Pipeline[ Id: 606f5c0b-de6e-4663-be9a-52562788871e, Nodes: af5a9f31-594f-4e45-8e66-448e5e0880c3{ip: 192.168.157.230, host: pr-hdds-2159-7gjv7-4246597483, networkLocation: /default-rack, certSerialId: null}, Type:RATIS, Factor:ONE, State:OPEN]
2019-09-20 21:20:42,972 [EventQueue-StaleNodeForStaleNodeHandler] INFO  pipeline.PipelineStateManager (PipelineStateManager.java:finalizePipeline(123)) - Pipeline Pipeline[ Id: 606f5c0b-de6e-4663-be9a-52562788871e, Nodes: af5a9f31-594f-4e45-8e66-448e5e0880c3{ip: 192.168.157.230, host: pr-hdds-2159-7gjv7-4246597483, networkLocation: /default-rack, certSerialId: null}, Type:RATIS, Factor:ONE, State:CLOSED] moved to CLOSED state
2019-09-20 21:20:42,991 [EventQueue-StaleNodeForStaleNodeHandler] INFO  pipeline.SCMPipelineManager (SCMPipelineManager.java:finalizeAndDestroyPipeline(311)) - destroying pipeline:Pipeline[ Id: 0b2c6f71-7226-4bac-9615-4f897627b035, Nodes: af5a9f31-594f-4e45-8e66-448e5e0880c3{ip: 192.168.157.230, host: pr-hdds-2159-7gjv7-4246597483, networkLocation: /default-rack, certSerialId: null}33fcc954-9906-4fd6-9766-bfb6e0e4f988{ip: 192.168.157.230, host: pr-hdds-2159-7gjv7-4246597483, networkLocation: /default-rack, certSerialId: null}e7c107dc-1f6b-45fe-8db0-a884337254cb{ip: 192.168.157.230, host: pr-hdds-2159-7gjv7-4246597483, networkLocation: /default-rack, certSerialId: null}, Type:RATIS, Factor:THREE, State:OPEN]
2019-09-20 21:20:42,992 [EventQueue-StaleNodeForStaleNodeHandler] INFO  pipeline.PipelineStateManager (PipelineStateManager.java:finalizePipeline(123)) - Pipeline Pipeline[ Id: 0b2c6f71-7226-4bac-9615-4f897627b035, Nodes: af5a9f31-594f-4e45-8e66-448e5e0880c3{ip: 192.168.157.230, host: pr-hdds-2159-7gjv7-4246597483, networkLocation: /default-rack, certSerialId: null}33fcc954-9906-4fd6-9766-bfb6e0e4f988{ip: 192.168.157.230, host: pr-hdds-2159-7gjv7-4246597483, networkLocation: /default-rack, certSerialId: null}e7c107dc-1f6b-45fe-8db0-a884337254cb{ip: 192.168.157.230, host: pr-hdds-2159-7gjv7-4246597483, networkLocation: /default-rack, certSerialId: null}, Type:RATIS, Factor:THREE, State:CLOSED] moved to CLOSED state
2019-09-20 21:20:42,993 [EventQueue-CloseContainerForCloseContainerEventHandler] INFO  container.CloseContainerEventHandler (CloseContainerEventHandler.java:onMessage(61)) - Close container Event triggered for container : #1
2019-09-20 21:20:42,993 [EventQueue-StaleNodeForStaleNodeHandler] INFO  node.StaleNodeHandler (StaleNodeHandler.java:onMessage(58)) - Datanode 33fcc954-9906-4fd6-9766-bfb6e0e4f988{ip: 192.168.157.230, host: pr-hdds-2159-7gjv7-4246597483, networkLocation: /default-rack, certSerialId: null} moved to stale state. Finalizing its pipelines [PipelineID=222174a8-66e5-46c5-8e61-2052b31b9a72, PipelineID=0b2c6f71-7226-4bac-9615-4f897627b035]
2019-09-20 21:20:42,996 [EventQueue-StaleNodeForStaleNodeHandler] INFO  pipeline.SCMPipelineManager (SCMPipelineManager.java:finalizeAndDestroyPipeline(311)) - destroying pipeline:Pipeline[ Id: 222174a8-66e5-46c5-8e61-2052b31b9a72, Nodes: 33fcc954-9906-4fd6-9766-bfb6e0e4f988{ip: 192.168.157.230, host: pr-hdds-2159-7gjv7-4246597483, networkLocation: /default-rack, certSerialId: null}, Type:RATIS, Factor:ONE, State:OPEN]
2019-09-20 21:20:42,996 [EventQueue-StaleNodeForStaleNodeHandler] INFO  pipeline.PipelineStateManager (PipelineStateManager.java:finalizePipeline(123)) - Pipeline Pipeline[ Id: 222174a8-66e5-46c5-8e61-2052b31b9a72, Nodes: 33fcc954-9906-4fd6-9766-bfb6e0e4f988{ip: 192.168.157.230, host: pr-hdds-2159-7gjv7-4246597483, networkLocation: /default-rack, certSerialId: null}, Type:RATIS, Factor:ONE, State:CLOSED] moved to CLOSED state
2019-09-20 21:20:42,996 [EventQueue-StaleNodeForStaleNodeHandler] INFO  pipeline.SCMPipelineManager (SCMPipelineManager.java:finalizeAndDestroyPipeline(311)) - destroying pipeline:Pipeline[ Id: 0b2c6f71-7226-4bac-9615-4f897627b035, Nodes: af5a9f31-594f-4e45-8e66-448e5e0880c3{ip: 192.168.157.230, host: pr-hdds-2159-7gjv7-4246597483, networkLocation: /default-rack, certSerialId: null}33fcc954-9906-4fd6-9766-bfb6e0e4f988{ip: 192.168.157.230, host: pr-hdds-2159-7gjv7-4246597483, networkLocation: /default-rack, certSerialId: null}e7c107dc-1f6b-45fe-8db0-a884337254cb{ip: 192.168.157.230, host: pr-hdds-2159-7gjv7-4246597483, networkLocation: /default-rack, certSerialId: null}, Type:RATIS, Factor:THREE, State:CLOSED]
2019-09-20 21:20:42,996 [EventQueue-StaleNodeForStaleNodeHandler] INFO  node.StaleNodeHandler (StaleNodeHandler.java:onMessage(58)) - Datanode e7c107dc-1f6b-45fe-8db0-a884337254cb{ip: 192.168.157.230, host: pr-hdds-2159-7gjv7-4246597483, networkLocation: /default-rack, certSerialId: null} moved to stale state. Finalizing its pipelines [PipelineID=a62a7eaf-b3bc-4b3e-8ea6-dd254aea1099, PipelineID=0b2c6f71-7226-4bac-9615-4f897627b035]
2019-09-20 21:20:42,997 [EventQueue-StaleNodeForStaleNodeHandler] INFO  pipeline.SCMPipelineManager (SCMPipelineManager.java:finalizeAndDestroyPipeline(311)) - destroying pipeline:Pipeline[ Id: a62a7eaf-b3bc-4b3e-8ea6-dd254aea1099, Nodes: e7c107dc-1f6b-45fe-8db0-a884337254cb{ip: 192.168.157.230, host: pr-hdds-2159-7gjv7-4246597483, networkLocation: /default-rack, certSerialId: null}, Type:RATIS, Factor:ONE, State:OPEN]
2019-09-20 21:20:42,997 [EventQueue-StaleNodeForStaleNodeHandler] INFO  pipeline.PipelineStateManager (PipelineStateManager.java:finalizePipeline(123)) - Pipeline Pipeline[ Id: a62a7eaf-b3bc-4b3e-8ea6-dd254aea1099, Nodes: e7c107dc-1f6b-45fe-8db0-a884337254cb{ip: 192.168.157.230, host: pr-hdds-2159-7gjv7-4246597483, networkLocation: /default-rack, certSerialId: null}, Type:RATIS, Factor:ONE, State:CLOSED] moved to CLOSED state
2019-09-20 21:20:42,997 [EventQueue-StaleNodeForStaleNodeHandler] INFO  pipeline.SCMPipelineManager (SCMPipelineManager.java:finalizeAndDestroyPipeline(311)) - destroying pipeline:Pipeline[ Id: 0b2c6f71-7226-4bac-9615-4f897627b035, Nodes: af5a9f31-594f-4e45-8e66-448e5e0880c3{ip: 192.168.157.230, host: pr-hdds-2159-7gjv7-4246597483, networkLocation: /default-rack, certSerialId: null}33fcc954-9906-4fd6-9766-bfb6e0e4f988{ip: 192.168.157.230, host: pr-hdds-2159-7gjv7-4246597483, networkLocation: /default-rack, certSerialId: null}e7c107dc-1f6b-45fe-8db0-a884337254cb{ip: 192.168.157.230, host: pr-hdds-2159-7gjv7-4246597483, networkLocation: /default-rack, certSerialId: null}, Type:RATIS, Factor:THREE, State:CLOSED]
2019-09-20 21:20:42,997 [EventQueue-StaleNodeForStaleNodeHandler] INFO  node.StaleNodeHandler (StaleNodeHandler.java:onMessage(58)) - Datanode 983aaa99-75ba-4ae3-88be-423e80ebdcfc{ip: 192.168.157.230, host: pr-hdds-2159-7gjv7-4246597483, networkLocation: /default-rack, certSerialId: null} moved to stale state. Finalizing its pipelines [PipelineID=70e2b0f4-5650-4d3b-9c2b-d422a06faec8]
2019-09-20 21:20:42,998 [EventQueue-StaleNodeForStaleNodeHandler] INFO  pipeline.SCMPipelineManager (SCMPipelineManager.java:finalizeAndDestroyPipeline(311)) - destroying pipeline:Pipeline[ Id: 70e2b0f4-5650-4d3b-9c2b-d422a06faec8, Nodes: 983aaa99-75ba-4ae3-88be-423e80ebdcfc{ip: 192.168.157.230, host: pr-hdds-2159-7gjv7-4246597483, networkLocation: /default-rack, certSerialId: null}, Type:RATIS, Factor:ONE, State:OPEN]
2019-09-20 21:20:42,998 [EventQueue-StaleNodeForStaleNodeHandler] INFO  pipeline.PipelineStateManager (PipelineStateManager.java:finalizePipeline(123)) - Pipeline Pipeline[ Id: 70e2b0f4-5650-4d3b-9c2b-d422a06faec8, Nodes: 983aaa99-75ba-4ae3-88be-423e80ebdcfc{ip: 192.168.157.230, host: pr-hdds-2159-7gjv7-4246597483, networkLocation: /default-rack, certSerialId: null}, Type:RATIS, Factor:ONE, State:CLOSED] moved to CLOSED state
2019-09-20 21:20:43,071 [grpc-default-executor-2] INFO  impl.RaftServerProxy (RaftServerProxy.java:addNew(89)) - af5a9f31-594f-4e45-8e66-448e5e0880c3: addNew group-646C7608315B:[af5a9f31-594f-4e45-8e66-448e5e0880c3:192.168.157.230:39962] returns group-646C7608315B:java.util.concurrent.CompletableFuture@12da9140[Not completed]
2019-09-20 21:20:43,074 [pool-37-thread-1] INFO  impl.RaftServerImpl (RaftServerImpl.java:<init>(95)) - af5a9f31-594f-4e45-8e66-448e5e0880c3: new RaftServerImpl for group-646C7608315B:[af5a9f31-594f-4e45-8e66-448e5e0880c3:192.168.157.230:39962] with ContainerStateMachine:uninitialized
2019-09-20 21:20:43,075 [pool-37-thread-1] INFO  server.RaftServerConfigKeys (ConfUtils.java:logGet(43)) - raft.server.rpc.timeout.min = 5s (custom)
2019-09-20 21:20:43,075 [pool-37-thread-1] INFO  server.RaftServerConfigKeys (ConfUtils.java:logGet(43)) - raft.server.rpc.timeout.max = 5200ms (custom)
2019-09-20 21:20:43,075 [pool-37-thread-1] INFO  server.RaftServerConfigKeys (ConfUtils.java:logGet(43)) - raft.server.rpcslowness.timeout = 1000s (custom)
2019-09-20 21:20:43,075 [pool-37-thread-1] INFO  server.RaftServerConfigKeys (ConfUtils.java:logGet(43)) - raft.server.sleep.deviation.threshold = 300 (default)
2019-09-20 21:20:43,075 [pool-37-thread-1] INFO  server.RaftServerConfigKeys (ConfUtils.java:logGet(43)) - raft.server.log.appender.install.snapshot.enabled = false (custom)
2019-09-20 21:20:43,075 [pool-37-thread-1] INFO  impl.RaftServerImpl (ServerState.java:<init>(103)) - af5a9f31-594f-4e45-8e66-448e5e0880c3@group-646C7608315B: ConfigurationManager, init=-1: [af5a9f31-594f-4e45-8e66-448e5e0880c3:192.168.157.230:39962], old=null, confs=<EMPTY_MAP>
2019-09-20 21:20:43,075 [pool-37-thread-1] INFO  server.RaftServerConfigKeys (ConfUtils.java:logGet(43)) - raft.server.storage.dir = [/workdir/hadoop-ozone/integration-test/target/test-dir/MiniOzoneClusterImpl-fbdd1b00-7c72-491a-be53-2d0d17461991/datanode-1/data/ratis] (custom)
2019-09-20 21:20:43,076 [pool-37-thread-1] INFO  storage.RaftStorageDirectory (RaftStorageDirectory.java:analyzeStorage(246)) - The storage directory /workdir/hadoop-ozone/integration-test/target/test-dir/MiniOzoneClusterImpl-fbdd1b00-7c72-491a-be53-2d0d17461991/datanode-1/data/ratis/79ac6d55-e914-4193-8011-646c7608315b does not exist. Creating ...
2019-09-20 21:20:43,076 [main] INFO  impl.MetricsSystemImpl (MetricsSystemImpl.java:init(158)) - XceiverClientMetrics metrics system started (again)
2019-09-20 21:20:43,089 [pool-37-thread-1] INFO  storage.RaftStorageDirectory (RaftStorageDirectory.java:tryLock(328)) - Lock on /workdir/hadoop-ozone/integration-test/target/test-dir/MiniOzoneClusterImpl-fbdd1b00-7c72-491a-be53-2d0d17461991/datanode-1/data/ratis/79ac6d55-e914-4193-8011-646c7608315b/in_use.lock acquired by nodename 16857@pr-hdds-2159-7gjv7-4246597483
2019-09-20 21:20:43,101 [pool-37-thread-1] INFO  storage.RaftStorage (RaftStorage.java:format(72)) - Storage directory /workdir/hadoop-ozone/integration-test/target/test-dir/MiniOzoneClusterImpl-fbdd1b00-7c72-491a-be53-2d0d17461991/datanode-1/data/ratis/79ac6d55-e914-4193-8011-646c7608315b has been successfully formatted.
2019-09-20 21:20:43,102 [pool-37-thread-1] INFO  ratis.ContainerStateMachine (ContainerStateMachine.java:loadSnapshot(230)) - group-646C7608315B: The snapshot info is null. Setting the last applied indexto:(t:0, i:~)
2019-09-20 21:20:43,102 [pool-37-thread-1] INFO  server.RaftServerConfigKeys (ConfUtils.java:logGet(43)) - raft.server.notification.no-leader.timeout = 1000s (custom)
2019-09-20 21:20:43,102 [pool-37-thread-1] INFO  server.RaftServerConfigKeys (ConfUtils.java:logGet(43)) - raft.server.log.use.memory = false (default)
2019-09-20 21:20:43,102 [pool-37-thread-1] INFO  server.RaftServerConfigKeys (ConfUtils.java:logGet(43)) - raft.server.log.purge.gap = 1000000 (custom)
2019-09-20 21:20:43,102 [pool-37-thread-1] INFO  server.RaftServerConfigKeys (ConfUtils.java:logGet(43)) - raft.server.log.appender.buffer.byte-limit = 33554432 (custom)
2019-09-20 21:20:43,103 [pool-37-thread-1] INFO  server.RaftServerConfigKeys (ConfUtils.java:logGet(43)) - raft.server.log.segment.size.max = 1048576 (custom)
2019-09-20 21:20:43,103 [pool-37-thread-1] INFO  server.RaftServerConfigKeys (ConfUtils.java:logGet(43)) - raft.server.log.segment.cache.num.max = 2 (custom)
2019-09-20 21:20:43,103 [pool-37-thread-1] INFO  segmented.SegmentedRaftLogWorker (SegmentedRaftLogWorker.java:<init>(172)) - new af5a9f31-594f-4e45-8e66-448e5e0880c3@group-646C7608315B-SegmentedRaftLogWorker for RaftStorage:Storage Directory /workdir/hadoop-ozone/integration-test/target/test-dir/MiniOzoneClusterImpl-fbdd1b00-7c72-491a-be53-2d0d17461991/datanode-1/data/ratis/79ac6d55-e914-4193-8011-646c7608315b
2019-09-20 21:20:43,103 [pool-37-thread-1] INFO  server.RaftServerConfigKeys (ConfUtils.java:logGet(43)) - raft.server.log.queue.byte-limit = 2147483647 (custom)
2019-09-20 21:20:43,103 [pool-37-thread-1] INFO  server.RaftServerConfigKeys (ConfUtils.java:logGet(43)) - raft.server.log.queue.element-limit = 1024 (custom)
2019-09-20 21:20:43,103 [pool-37-thread-1] INFO  server.RaftServerConfigKeys (ConfUtils.java:logGet(43)) - raft.server.log.segment.size.max = 1048576 (custom)
2019-09-20 21:20:43,104 [pool-37-thread-1] INFO  server.RaftServerConfigKeys (ConfUtils.java:logGet(43)) - raft.server.log.preallocated.size = 16384 (custom)
2019-09-20 21:20:43,104 [pool-37-thread-1] INFO  server.RaftServerConfigKeys (ConfUtils.java:logGet(43)) - raft.server.log.write.buffer.size = 33554432 (custom)
2019-09-20 21:20:43,104 [pool-37-thread-1] INFO  server.RaftServerConfigKeys (ConfUtils.java:logGet(43)) - raft.server.log.force.sync.num = 128 (default)
2019-09-20 21:20:43,104 [pool-37-thread-1] INFO  server.RaftServerConfigKeys (ConfUtils.java:logGet(43)) - raft.server.log.statemachine.data.sync = true (default)
2019-09-20 21:20:43,104 [pool-37-thread-1] INFO  server.RaftServerConfigKeys (ConfUtils.java:logGet(43)) - raft.server.log.statemachine.data.sync.timeout = 10s (default)
2019-09-20 21:20:43,104 [pool-37-thread-1] INFO  server.RaftServerConfigKeys (ConfUtils.java:logGet(43)) - raft.server.log.statemachine.data.sync.timeout.retry = -1 (default)
2019-09-20 21:20:43,104 [pool-37-thread-1] INFO  server.RaftServerConfigKeys (ConfUtils.java:logGet(43)) - raft.server.log.statemachine.data.caching.enabled = true (custom)
2019-09-20 21:20:43,105 [pool-37-thread-1] INFO  segmented.SegmentedRaftLogWorker (SegmentedRaftLogWorker.java:lambda$new$0(132)) - af5a9f31-594f-4e45-8e66-448e5e0880c3@group-646C7608315B-SegmentedRaftLogWorker: flushIndex: setUnconditionally 0 -> -1
2019-09-20 21:20:43,105 [pool-37-thread-1] INFO  server.RaftServerConfigKeys (ConfUtils.java:logGet(43)) - raft.server.snapshot.auto.trigger.enabled = true (custom)
2019-09-20 21:20:43,105 [pool-37-thread-1] INFO  server.RaftServerConfigKeys (ConfUtils.java:logGet(43)) - raft.server.snapshot.auto.trigger.threshold = 10000 (custom)
2019-09-20 21:20:43,105 [pool-37-thread-1] INFO  server.RaftServerConfigKeys (ConfUtils.java:logGet(43)) - raft.server.snapshot.retention.num.files = 5 (custom)
2019-09-20 21:20:43,106 [pool-37-thread-1] INFO  server.RaftServerConfigKeys (ConfUtils.java:logGet(43)) - raft.server.retrycache.expirytime = 600000ms (custom)
2019-09-20 21:20:43,109 [pool-37-thread-1] INFO  impl.RaftServerImpl (RaftServerImpl.java:start(185)) - af5a9f31-594f-4e45-8e66-448e5e0880c3@group-646C7608315B: start as a follower, conf=-1: [af5a9f31-594f-4e45-8e66-448e5e0880c3:192.168.157.230:39962], old=null
2019-09-20 21:20:43,109 [pool-37-thread-1] INFO  impl.RaftServerImpl (RaftServerImpl.java:setRole(174)) - af5a9f31-594f-4e45-8e66-448e5e0880c3@group-646C7608315B: changes role from      null to FOLLOWER at term 0 for startAsFollower
2019-09-20 21:20:43,109 [pool-37-thread-1] INFO  impl.RoleInfo (RoleInfo.java:updateAndGet(143)) - af5a9f31-594f-4e45-8e66-448e5e0880c3: start FollowerState
2019-09-20 21:20:43,110 [pool-37-thread-1] INFO  util.JmxRegister (JmxRegister.java:tryRegister(44)) - Successfully registered JMX Bean with object name Ratis:service=RaftServer,group=group-646C7608315B,id=af5a9f31-594f-4e45-8e66-448e5e0880c3
2019-09-20 21:20:43,119 [RatisPipelineUtilsThread] INFO  pipeline.PipelineStateManager (PipelineStateManager.java:addPipeline(56)) - Created pipeline Pipeline[ Id: 79ac6d55-e914-4193-8011-646c7608315b, Nodes: af5a9f31-594f-4e45-8e66-448e5e0880c3{ip: 192.168.157.230, host: pr-hdds-2159-7gjv7-4246597483, networkLocation: /default-rack, certSerialId: null}, Type:RATIS, Factor:ONE, State:OPEN]
2019-09-20 21:20:43,130 [grpc-default-executor-2] INFO  impl.RaftServerProxy (RaftServerProxy.java:addNew(89)) - 33fcc954-9906-4fd6-9766-bfb6e0e4f988: addNew group-3FA2D7837022:[33fcc954-9906-4fd6-9766-bfb6e0e4f988:192.168.157.230:34516] returns group-3FA2D7837022:java.util.concurrent.CompletableFuture@431c894f[Not completed]
2019-09-20 21:20:43,133 [pool-27-thread-1] INFO  impl.RaftServerImpl (RaftServerImpl.java:<init>(95)) - 33fcc954-9906-4fd6-9766-bfb6e0e4f988: new RaftServerImpl for group-3FA2D7837022:[33fcc954-9906-4fd6-9766-bfb6e0e4f988:192.168.157.230:34516] with ContainerStateMachine:uninitialized
2019-09-20 21:20:43,133 [pool-27-thread-1] INFO  server.RaftServerConfigKeys (ConfUtils.java:logGet(43)) - raft.server.rpc.timeout.min = 5s (custom)
2019-09-20 21:20:43,134 [pool-27-thread-1] INFO  server.RaftServerConfigKeys (ConfUtils.java:logGet(43)) - raft.server.rpc.timeout.max = 5200ms (custom)
2019-09-20 21:20:43,134 [pool-27-thread-1] INFO  server.RaftServerConfigKeys (ConfUtils.java:logGet(43)) - raft.server.rpcslowness.timeout = 1000s (custom)
2019-09-20 21:20:43,134 [pool-27-thread-1] INFO  server.RaftServerConfigKeys (ConfUtils.java:logGet(43)) - raft.server.sleep.deviation.threshold = 300 (default)
2019-09-20 21:20:43,134 [pool-27-thread-1] INFO  server.RaftServerConfigKeys (ConfUtils.java:logGet(43)) - raft.server.log.appender.install.snapshot.enabled = false (custom)
2019-09-20 21:20:43,134 [pool-27-thread-1] INFO  impl.RaftServerImpl (ServerState.java:<init>(103)) - 33fcc954-9906-4fd6-9766-bfb6e0e4f988@group-3FA2D7837022: ConfigurationManager, init=-1: [33fcc954-9906-4fd6-9766-bfb6e0e4f988:192.168.157.230:34516], old=null, confs=<EMPTY_MAP>
2019-09-20 21:20:43,134 [pool-27-thread-1] INFO  server.RaftServerConfigKeys (ConfUtils.java:logGet(43)) - raft.server.storage.dir = [/workdir/hadoop-ozone/integration-test/target/test-dir/MiniOzoneClusterImpl-fbdd1b00-7c72-491a-be53-2d0d17461991/datanode-0/data/ratis] (custom)
2019-09-20 21:20:43,135 [pool-27-thread-1] INFO  storage.RaftStorageDirectory (RaftStorageDirectory.java:analyzeStorage(246)) - The storage directory /workdir/hadoop-ozone/integration-test/target/test-dir/MiniOzoneClusterImpl-fbdd1b00-7c72-491a-be53-2d0d17461991/datanode-0/data/ratis/69013d44-87f1-4f0d-80c0-3fa2d7837022 does not exist. Creating ...
2019-09-20 21:20:43,150 [pool-27-thread-1] INFO  storage.RaftStorageDirectory (RaftStorageDirectory.java:tryLock(328)) - Lock on /workdir/hadoop-ozone/integration-test/target/test-dir/MiniOzoneClusterImpl-fbdd1b00-7c72-491a-be53-2d0d17461991/datanode-0/data/ratis/69013d44-87f1-4f0d-80c0-3fa2d7837022/in_use.lock acquired by nodename 16857@pr-hdds-2159-7gjv7-4246597483
2019-09-20 21:20:43,166 [pool-27-thread-1] INFO  storage.RaftStorage (RaftStorage.java:format(72)) - Storage directory /workdir/hadoop-ozone/integration-test/target/test-dir/MiniOzoneClusterImpl-fbdd1b00-7c72-491a-be53-2d0d17461991/datanode-0/data/ratis/69013d44-87f1-4f0d-80c0-3fa2d7837022 has been successfully formatted.
2019-09-20 21:20:43,166 [pool-27-thread-1] INFO  ratis.ContainerStateMachine (ContainerStateMachine.java:loadSnapshot(230)) - group-3FA2D7837022: The snapshot info is null. Setting the last applied indexto:(t:0, i:~)
2019-09-20 21:20:43,166 [pool-27-thread-1] INFO  server.RaftServerConfigKeys (ConfUtils.java:logGet(43)) - raft.server.notification.no-leader.timeout = 1000s (custom)
2019-09-20 21:20:43,166 [pool-27-thread-1] INFO  server.RaftServerConfigKeys (ConfUtils.java:logGet(43)) - raft.server.log.use.memory = false (default)
2019-09-20 21:20:43,167 [pool-27-thread-1] INFO  server.RaftServerConfigKeys (ConfUtils.java:logGet(43)) - raft.server.log.purge.gap = 1000000 (custom)
2019-09-20 21:20:43,167 [pool-27-thread-1] INFO  server.RaftServerConfigKeys (ConfUtils.java:logGet(43)) - raft.server.log.appender.buffer.byte-limit = 33554432 (custom)
2019-09-20 21:20:43,167 [pool-27-thread-1] INFO  server.RaftServerConfigKeys (ConfUtils.java:logGet(43)) - raft.server.log.segment.size.max = 1048576 (custom)
2019-09-20 21:20:43,167 [pool-27-thread-1] INFO  server.RaftServerConfigKeys (ConfUtils.java:logGet(43)) - raft.server.log.segment.cache.num.max = 2 (custom)
2019-09-20 21:20:43,167 [pool-27-thread-1] INFO  segmented.SegmentedRaftLogWorker (SegmentedRaftLogWorker.java:<init>(172)) - new 33fcc954-9906-4fd6-9766-bfb6e0e4f988@group-3FA2D7837022-SegmentedRaftLogWorker for RaftStorage:Storage Directory /workdir/hadoop-ozone/integration-test/target/test-dir/MiniOzoneClusterImpl-fbdd1b00-7c72-491a-be53-2d0d17461991/datanode-0/data/ratis/69013d44-87f1-4f0d-80c0-3fa2d7837022
2019-09-20 21:20:43,167 [pool-27-thread-1] INFO  server.RaftServerConfigKeys (ConfUtils.java:logGet(43)) - raft.server.log.queue.byte-limit = 2147483647 (custom)
2019-09-20 21:20:43,168 [pool-27-thread-1] INFO  server.RaftServerConfigKeys (ConfUtils.java:logGet(43)) - raft.server.log.queue.element-limit = 1024 (custom)
2019-09-20 21:20:43,168 [pool-27-thread-1] INFO  server.RaftServerConfigKeys (ConfUtils.java:logGet(43)) - raft.server.log.segment.size.max = 1048576 (custom)
2019-09-20 21:20:43,168 [pool-27-thread-1] INFO  server.RaftServerConfigKeys (ConfUtils.java:logGet(43)) - raft.server.log.preallocated.size = 16384 (custom)
2019-09-20 21:20:43,168 [pool-27-thread-1] INFO  server.RaftServerConfigKeys (ConfUtils.java:logGet(43)) - raft.server.log.write.buffer.size = 33554432 (custom)
2019-09-20 21:20:43,168 [pool-27-thread-1] INFO  server.RaftServerConfigKeys (ConfUtils.java:logGet(43)) - raft.server.log.force.sync.num = 128 (default)
2019-09-20 21:20:43,168 [pool-27-thread-1] INFO  server.RaftServerConfigKeys (ConfUtils.java:logGet(43)) - raft.server.log.statemachine.data.sync = true (default)
2019-09-20 21:20:43,168 [pool-27-thread-1] INFO  server.RaftServerConfigKeys (ConfUtils.java:logGet(43)) - raft.server.log.statemachine.data.sync.timeout = 10s (default)
2019-09-20 21:20:43,169 [pool-27-thread-1] INFO  server.RaftServerConfigKeys (ConfUtils.java:logGet(43)) - raft.server.log.statemachine.data.sync.timeout.retry = -1 (default)
2019-09-20 21:20:43,169 [pool-27-thread-1] INFO  server.RaftServerConfigKeys (ConfUtils.java:logGet(43)) - raft.server.log.statemachine.data.caching.enabled = true (custom)
2019-09-20 21:20:43,169 [pool-27-thread-1] INFO  segmented.SegmentedRaftLogWorker (SegmentedRaftLogWorker.java:lambda$new$0(132)) - 33fcc954-9906-4fd6-9766-bfb6e0e4f988@group-3FA2D7837022-SegmentedRaftLogWorker: flushIndex: setUnconditionally 0 -> -1
2019-09-20 21:20:43,169 [pool-27-thread-1] INFO  server.RaftServerConfigKeys (ConfUtils.java:logGet(43)) - raft.server.snapshot.auto.trigger.enabled = true (custom)
2019-09-20 21:20:43,170 [pool-27-thread-1] INFO  server.RaftServerConfigKeys (ConfUtils.java:logGet(43)) - raft.server.snapshot.auto.trigger.threshold = 10000 (custom)
2019-09-20 21:20:43,170 [pool-27-thread-1] INFO  server.RaftServerConfigKeys (ConfUtils.java:logGet(43)) - raft.server.snapshot.retention.num.files = 5 (custom)
2019-09-20 21:20:43,170 [pool-27-thread-1] INFO  server.RaftServerConfigKeys (ConfUtils.java:logGet(43)) - raft.server.retrycache.expirytime = 600000ms (custom)
2019-09-20 21:20:43,174 [pool-27-thread-1] INFO  impl.RaftServerImpl (RaftServerImpl.java:start(185)) - 33fcc954-9906-4fd6-9766-bfb6e0e4f988@group-3FA2D7837022: start as a follower, conf=-1: [33fcc954-9906-4fd6-9766-bfb6e0e4f988:192.168.157.230:34516], old=null
2019-09-20 21:20:43,175 [pool-27-thread-1] INFO  impl.RaftServerImpl (RaftServerImpl.java:setRole(174)) - 33fcc954-9906-4fd6-9766-bfb6e0e4f988@group-3FA2D7837022: changes role from      null to FOLLOWER at term 0 for startAsFollower
2019-09-20 21:20:43,175 [pool-27-thread-1] INFO  impl.RoleInfo (RoleInfo.java:updateAndGet(143)) - 33fcc954-9906-4fd6-9766-bfb6e0e4f988: start FollowerState
2019-09-20 21:20:43,175 [grpc-default-executor-2] INFO  client.GrpcClientProtocolClient (GrpcClientProtocolClient.java:onNext(264)) - client-44C574F1EDB3->af5a9f31-594f-4e45-8e66-448e5e0880c3: receive RaftClientReply:client-44C574F1EDB3->af5a9f31-594f-4e45-8e66-448e5e0880c3@group-4F897627B035, cid=9, FAILED org.apache.ratis.protocol.NotLeaderException: Server af5a9f31-594f-4e45-8e66-448e5e0880c3@group-4F897627B035 is not the leader, logIndex=0, commits[af5a9f31-594f-4e45-8e66-448e5e0880c3:c-1]
2019-09-20 21:20:43,176 [pool-27-thread-1] INFO  util.JmxRegister (JmxRegister.java:tryRegister(44)) - Successfully registered JMX Bean with object name Ratis:service=RaftServer,group=group-3FA2D7837022,id=33fcc954-9906-4fd6-9766-bfb6e0e4f988
2019-09-20 21:20:43,189 [RatisPipelineUtilsThread] INFO  pipeline.PipelineStateManager (PipelineStateManager.java:addPipeline(56)) - Created pipeline Pipeline[ Id: 69013d44-87f1-4f0d-80c0-3fa2d7837022, Nodes: 33fcc954-9906-4fd6-9766-bfb6e0e4f988{ip: 192.168.157.230, host: pr-hdds-2159-7gjv7-4246597483, networkLocation: /default-rack, certSerialId: null}, Type:RATIS, Factor:ONE, State:OPEN]
2019-09-20 21:20:43,201 [grpc-default-executor-1] INFO  impl.RaftServerProxy (RaftServerProxy.java:addNew(89)) - e7c107dc-1f6b-45fe-8db0-a884337254cb: addNew group-A02B7E931B53:[e7c107dc-1f6b-45fe-8db0-a884337254cb:192.168.157.230:44265] returns group-A02B7E931B53:java.util.concurrent.CompletableFuture@269e19c[Not completed]
2019-09-20 21:20:43,202 [pool-57-thread-1] INFO  impl.RaftServerImpl (RaftServerImpl.java:<init>(95)) - e7c107dc-1f6b-45fe-8db0-a884337254cb: new RaftServerImpl for group-A02B7E931B53:[e7c107dc-1f6b-45fe-8db0-a884337254cb:192.168.157.230:44265] with ContainerStateMachine:uninitialized
2019-09-20 21:20:43,202 [pool-57-thread-1] INFO  server.RaftServerConfigKeys (ConfUtils.java:logGet(43)) - raft.server.rpc.timeout.min = 5s (custom)
2019-09-20 21:20:43,202 [pool-57-thread-1] INFO  server.RaftServerConfigKeys (ConfUtils.java:logGet(43)) - raft.server.rpc.timeout.max = 5200ms (custom)
2019-09-20 21:20:43,202 [pool-57-thread-1] INFO  server.RaftServerConfigKeys (ConfUtils.java:logGet(43)) - raft.server.rpcslowness.timeout = 1000s (custom)
2019-09-20 21:20:43,202 [pool-57-thread-1] INFO  server.RaftServerConfigKeys (ConfUtils.java:logGet(43)) - raft.server.sleep.deviation.threshold = 300 (default)
2019-09-20 21:20:43,202 [pool-57-thread-1] INFO  server.RaftServerConfigKeys (ConfUtils.java:logGet(43)) - raft.server.log.appender.install.snapshot.enabled = false (custom)
2019-09-20 21:20:43,202 [pool-57-thread-1] INFO  impl.RaftServerImpl (ServerState.java:<init>(103)) - e7c107dc-1f6b-45fe-8db0-a884337254cb@group-A02B7E931B53: ConfigurationManager, init=-1: [e7c107dc-1f6b-45fe-8db0-a884337254cb:192.168.157.230:44265], old=null, confs=<EMPTY_MAP>
2019-09-20 21:20:43,203 [pool-57-thread-1] INFO  server.RaftServerConfigKeys (ConfUtils.java:logGet(43)) - raft.server.storage.dir = [/workdir/hadoop-ozone/integration-test/target/test-dir/MiniOzoneClusterImpl-fbdd1b00-7c72-491a-be53-2d0d17461991/datanode-3/data/ratis] (custom)
2019-09-20 21:20:43,203 [pool-57-thread-1] INFO  storage.RaftStorageDirectory (RaftStorageDirectory.java:analyzeStorage(246)) - The storage directory /workdir/hadoop-ozone/integration-test/target/test-dir/MiniOzoneClusterImpl-fbdd1b00-7c72-491a-be53-2d0d17461991/datanode-3/data/ratis/7780ab74-6ce3-4405-98b4-a02b7e931b53 does not exist. Creating ...
2019-09-20 21:20:43,216 [pool-57-thread-1] INFO  storage.RaftStorageDirectory (RaftStorageDirectory.java:tryLock(328)) - Lock on /workdir/hadoop-ozone/integration-test/target/test-dir/MiniOzoneClusterImpl-fbdd1b00-7c72-491a-be53-2d0d17461991/datanode-3/data/ratis/7780ab74-6ce3-4405-98b4-a02b7e931b53/in_use.lock acquired by nodename 16857@pr-hdds-2159-7gjv7-4246597483
2019-09-20 21:20:43,229 [pool-57-thread-1] INFO  storage.RaftStorage (RaftStorage.java:format(72)) - Storage directory /workdir/hadoop-ozone/integration-test/target/test-dir/MiniOzoneClusterImpl-fbdd1b00-7c72-491a-be53-2d0d17461991/datanode-3/data/ratis/7780ab74-6ce3-4405-98b4-a02b7e931b53 has been successfully formatted.
2019-09-20 21:20:43,229 [pool-57-thread-1] INFO  ratis.ContainerStateMachine (ContainerStateMachine.java:loadSnapshot(230)) - group-A02B7E931B53: The snapshot info is null. Setting the last applied indexto:(t:0, i:~)
2019-09-20 21:20:43,229 [pool-57-thread-1] INFO  server.RaftServerConfigKeys (ConfUtils.java:logGet(43)) - raft.server.notification.no-leader.timeout = 1000s (custom)
2019-09-20 21:20:43,229 [pool-57-thread-1] INFO  server.RaftServerConfigKeys (ConfUtils.java:logGet(43)) - raft.server.log.use.memory = false (default)
2019-09-20 21:20:43,230 [pool-57-thread-1] INFO  server.RaftServerConfigKeys (ConfUtils.java:logGet(43)) - raft.server.log.purge.gap = 1000000 (custom)
2019-09-20 21:20:43,230 [pool-57-thread-1] INFO  server.RaftServerConfigKeys (ConfUtils.java:logGet(43)) - raft.server.log.appender.buffer.byte-limit = 33554432 (custom)
2019-09-20 21:20:43,230 [pool-57-thread-1] INFO  server.RaftServerConfigKeys (ConfUtils.java:logGet(43)) - raft.server.log.segment.size.max = 1048576 (custom)
2019-09-20 21:20:43,230 [pool-57-thread-1] INFO  server.RaftServerConfigKeys (ConfUtils.java:logGet(43)) - raft.server.log.segment.cache.num.max = 2 (custom)
2019-09-20 21:20:43,230 [pool-57-thread-1] INFO  segmented.SegmentedRaftLogWorker (SegmentedRaftLogWorker.java:<init>(172)) - new e7c107dc-1f6b-45fe-8db0-a884337254cb@group-A02B7E931B53-SegmentedRaftLogWorker for RaftStorage:Storage Directory /workdir/hadoop-ozone/integration-test/target/test-dir/MiniOzoneClusterImpl-fbdd1b00-7c72-491a-be53-2d0d17461991/datanode-3/data/ratis/7780ab74-6ce3-4405-98b4-a02b7e931b53
2019-09-20 21:20:43,230 [pool-57-thread-1] INFO  server.RaftServerConfigKeys (ConfUtils.java:logGet(43)) - raft.server.log.queue.byte-limit = 2147483647 (custom)
2019-09-20 21:20:43,230 [pool-57-thread-1] INFO  server.RaftServerConfigKeys (ConfUtils.java:logGet(43)) - raft.server.log.queue.element-limit = 1024 (custom)
2019-09-20 21:20:43,230 [pool-57-thread-1] INFO  server.RaftServerConfigKeys (ConfUtils.java:logGet(43)) - raft.server.log.segment.size.max = 1048576 (custom)
2019-09-20 21:20:43,231 [pool-57-thread-1] INFO  server.RaftServerConfigKeys (ConfUtils.java:logGet(43)) - raft.server.log.preallocated.size = 16384 (custom)
2019-09-20 21:20:43,231 [pool-57-thread-1] INFO  server.RaftServerConfigKeys (ConfUtils.java:logGet(43)) - raft.server.log.write.buffer.size = 33554432 (custom)
2019-09-20 21:20:43,231 [pool-57-thread-1] INFO  server.RaftServerConfigKeys (ConfUtils.java:logGet(43)) - raft.server.log.force.sync.num = 128 (default)
2019-09-20 21:20:43,231 [pool-57-thread-1] INFO  server.RaftServerConfigKeys (ConfUtils.java:logGet(43)) - raft.server.log.statemachine.data.sync = true (default)
2019-09-20 21:20:43,231 [pool-57-thread-1] INFO  server.RaftServerConfigKeys (ConfUtils.java:logGet(43)) - raft.server.log.statemachine.data.sync.timeout = 10s (default)
2019-09-20 21:20:43,231 [pool-57-thread-1] INFO  server.RaftServerConfigKeys (ConfUtils.java:logGet(43)) - raft.server.log.statemachine.data.sync.timeout.retry = -1 (default)
2019-09-20 21:20:43,231 [pool-57-thread-1] INFO  server.RaftServerConfigKeys (ConfUtils.java:logGet(43)) - raft.server.log.statemachine.data.caching.enabled = true (custom)
2019-09-20 21:20:43,232 [pool-57-thread-1] INFO  segmented.SegmentedRaftLogWorker (SegmentedRaftLogWorker.java:lambda$new$0(132)) - e7c107dc-1f6b-45fe-8db0-a884337254cb@group-A02B7E931B53-SegmentedRaftLogWorker: flushIndex: setUnconditionally 0 -> -1
2019-09-20 21:20:43,232 [pool-57-thread-1] INFO  server.RaftServerConfigKeys (ConfUtils.java:logGet(43)) - raft.server.snapshot.auto.trigger.enabled = true (custom)
2019-09-20 21:20:43,232 [pool-57-thread-1] INFO  server.RaftServerConfigKeys (ConfUtils.java:logGet(43)) - raft.server.snapshot.auto.trigger.threshold = 10000 (custom)
2019-09-20 21:20:43,232 [pool-57-thread-1] INFO  server.RaftServerConfigKeys (ConfUtils.java:logGet(43)) - raft.server.snapshot.retention.num.files = 5 (custom)
2019-09-20 21:20:43,232 [pool-57-thread-1] INFO  server.RaftServerConfigKeys (ConfUtils.java:logGet(43)) - raft.server.retrycache.expirytime = 600000ms (custom)
2019-09-20 21:20:43,235 [pool-57-thread-1] INFO  impl.RaftServerImpl (RaftServerImpl.java:start(185)) - e7c107dc-1f6b-45fe-8db0-a884337254cb@group-A02B7E931B53: start as a follower, conf=-1: [e7c107dc-1f6b-45fe-8db0-a884337254cb:192.168.157.230:44265], old=null
2019-09-20 21:20:43,235 [pool-57-thread-1] INFO  impl.RaftServerImpl (RaftServerImpl.java:setRole(174)) - e7c107dc-1f6b-45fe-8db0-a884337254cb@group-A02B7E931B53: changes role from      null to FOLLOWER at term 0 for startAsFollower
2019-09-20 21:20:43,235 [pool-57-thread-1] INFO  impl.RoleInfo (RoleInfo.java:updateAndGet(143)) - e7c107dc-1f6b-45fe-8db0-a884337254cb: start FollowerState
2019-09-20 21:20:43,235 [pool-57-thread-1] INFO  util.JmxRegister (JmxRegister.java:tryRegister(44)) - Successfully registered JMX Bean with object name Ratis:service=RaftServer,group=group-A02B7E931B53,id=e7c107dc-1f6b-45fe-8db0-a884337254cb
2019-09-20 21:20:43,245 [RatisPipelineUtilsThread] INFO  pipeline.PipelineStateManager (PipelineStateManager.java:addPipeline(56)) - Created pipeline Pipeline[ Id: 7780ab74-6ce3-4405-98b4-a02b7e931b53, Nodes: e7c107dc-1f6b-45fe-8db0-a884337254cb{ip: 192.168.157.230, host: pr-hdds-2159-7gjv7-4246597483, networkLocation: /default-rack, certSerialId: null}, Type:RATIS, Factor:ONE, State:OPEN]
2019-09-20 21:20:43,259 [grpc-default-executor-1] INFO  impl.RaftServerProxy (RaftServerProxy.java:addNew(89)) - 983aaa99-75ba-4ae3-88be-423e80ebdcfc: addNew group-74661039F933:[983aaa99-75ba-4ae3-88be-423e80ebdcfc:192.168.157.230:45438] returns group-74661039F933:java.util.concurrent.CompletableFuture@45e482d9[Not completed]
2019-09-20 21:20:43,261 [pool-47-thread-1] INFO  impl.RaftServerImpl (RaftServerImpl.java:<init>(95)) - 983aaa99-75ba-4ae3-88be-423e80ebdcfc: new RaftServerImpl for group-74661039F933:[983aaa99-75ba-4ae3-88be-423e80ebdcfc:192.168.157.230:45438] with ContainerStateMachine:uninitialized
2019-09-20 21:20:43,261 [pool-47-thread-1] INFO  server.RaftServerConfigKeys (ConfUtils.java:logGet(43)) - raft.server.rpc.timeout.min = 5s (custom)
2019-09-20 21:20:43,261 [pool-47-thread-1] INFO  server.RaftServerConfigKeys (ConfUtils.java:logGet(43)) - raft.server.rpc.timeout.max = 5200ms (custom)
2019-09-20 21:20:43,261 [pool-47-thread-1] INFO  server.RaftServerConfigKeys (ConfUtils.java:logGet(43)) - raft.server.rpcslowness.timeout = 1000s (custom)
2019-09-20 21:20:43,261 [pool-47-thread-1] INFO  server.RaftServerConfigKeys (ConfUtils.java:logGet(43)) - raft.server.sleep.deviation.threshold = 300 (default)
2019-09-20 21:20:43,262 [pool-47-thread-1] INFO  server.RaftServerConfigKeys (ConfUtils.java:logGet(43)) - raft.server.log.appender.install.snapshot.enabled = false (custom)
2019-09-20 21:20:43,262 [pool-47-thread-1] INFO  impl.RaftServerImpl (ServerState.java:<init>(103)) - 983aaa99-75ba-4ae3-88be-423e80ebdcfc@group-74661039F933: ConfigurationManager, init=-1: [983aaa99-75ba-4ae3-88be-423e80ebdcfc:192.168.157.230:45438], old=null, confs=<EMPTY_MAP>
2019-09-20 21:20:43,262 [pool-47-thread-1] INFO  server.RaftServerConfigKeys (ConfUtils.java:logGet(43)) - raft.server.storage.dir = [/workdir/hadoop-ozone/integration-test/target/test-dir/MiniOzoneClusterImpl-fbdd1b00-7c72-491a-be53-2d0d17461991/datanode-2/data/ratis] (custom)
2019-09-20 21:20:43,263 [pool-47-thread-1] INFO  storage.RaftStorageDirectory (RaftStorageDirectory.java:analyzeStorage(246)) - The storage directory /workdir/hadoop-ozone/integration-test/target/test-dir/MiniOzoneClusterImpl-fbdd1b00-7c72-491a-be53-2d0d17461991/datanode-2/data/ratis/af394ceb-2708-4f34-b1b1-74661039f933 does not exist. Creating ...
2019-09-20 21:20:43,275 [pool-47-thread-1] INFO  storage.RaftStorageDirectory (RaftStorageDirectory.java:tryLock(328)) - Lock on /workdir/hadoop-ozone/integration-test/target/test-dir/MiniOzoneClusterImpl-fbdd1b00-7c72-491a-be53-2d0d17461991/datanode-2/data/ratis/af394ceb-2708-4f34-b1b1-74661039f933/in_use.lock acquired by nodename 16857@pr-hdds-2159-7gjv7-4246597483
2019-09-20 21:20:43,289 [pool-47-thread-1] INFO  storage.RaftStorage (RaftStorage.java:format(72)) - Storage directory /workdir/hadoop-ozone/integration-test/target/test-dir/MiniOzoneClusterImpl-fbdd1b00-7c72-491a-be53-2d0d17461991/datanode-2/data/ratis/af394ceb-2708-4f34-b1b1-74661039f933 has been successfully formatted.
2019-09-20 21:20:43,289 [pool-47-thread-1] INFO  ratis.ContainerStateMachine (ContainerStateMachine.java:loadSnapshot(230)) - group-74661039F933: The snapshot info is null. Setting the last applied indexto:(t:0, i:~)
2019-09-20 21:20:43,289 [pool-47-thread-1] INFO  server.RaftServerConfigKeys (ConfUtils.java:logGet(43)) - raft.server.notification.no-leader.timeout = 1000s (custom)
2019-09-20 21:20:43,290 [pool-47-thread-1] INFO  server.RaftServerConfigKeys (ConfUtils.java:logGet(43)) - raft.server.log.use.memory = false (default)
2019-09-20 21:20:43,290 [pool-47-thread-1] INFO  server.RaftServerConfigKeys (ConfUtils.java:logGet(43)) - raft.server.log.purge.gap = 1000000 (custom)
2019-09-20 21:20:43,290 [pool-47-thread-1] INFO  server.RaftServerConfigKeys (ConfUtils.java:logGet(43)) - raft.server.log.appender.buffer.byte-limit = 33554432 (custom)
2019-09-20 21:20:43,290 [pool-47-thread-1] INFO  server.RaftServerConfigKeys (ConfUtils.java:logGet(43)) - raft.server.log.segment.size.max = 1048576 (custom)
2019-09-20 21:20:43,290 [pool-47-thread-1] INFO  server.RaftServerConfigKeys (ConfUtils.java:logGet(43)) - raft.server.log.segment.cache.num.max = 2 (custom)
2019-09-20 21:20:43,291 [pool-47-thread-1] INFO  segmented.SegmentedRaftLogWorker (SegmentedRaftLogWorker.java:<init>(172)) - new 983aaa99-75ba-4ae3-88be-423e80ebdcfc@group-74661039F933-SegmentedRaftLogWorker for RaftStorage:Storage Directory /workdir/hadoop-ozone/integration-test/target/test-dir/MiniOzoneClusterImpl-fbdd1b00-7c72-491a-be53-2d0d17461991/datanode-2/data/ratis/af394ceb-2708-4f34-b1b1-74661039f933
2019-09-20 21:20:43,291 [pool-47-thread-1] INFO  server.RaftServerConfigKeys (ConfUtils.java:logGet(43)) - raft.server.log.queue.byte-limit = 2147483647 (custom)
2019-09-20 21:20:43,291 [pool-47-thread-1] INFO  server.RaftServerConfigKeys (ConfUtils.java:logGet(43)) - raft.server.log.queue.element-limit = 1024 (custom)
2019-09-20 21:20:43,291 [pool-47-thread-1] INFO  server.RaftServerConfigKeys (ConfUtils.java:logGet(43)) - raft.server.log.segment.size.max = 1048576 (custom)
2019-09-20 21:20:43,291 [pool-47-thread-1] INFO  server.RaftServerConfigKeys (ConfUtils.java:logGet(43)) - raft.server.log.preallocated.size = 16384 (custom)
2019-09-20 21:20:43,291 [pool-47-thread-1] INFO  server.RaftServerConfigKeys (ConfUtils.java:logGet(43)) - raft.server.log.write.buffer.size = 33554432 (custom)
2019-09-20 21:20:43,292 [pool-47-thread-1] INFO  server.RaftServerConfigKeys (ConfUtils.java:logGet(43)) - raft.server.log.force.sync.num = 128 (default)
2019-09-20 21:20:43,292 [pool-47-thread-1] INFO  server.RaftServerConfigKeys (ConfUtils.java:logGet(43)) - raft.server.log.statemachine.data.sync = true (default)
2019-09-20 21:20:43,292 [pool-47-thread-1] INFO  server.RaftServerConfigKeys (ConfUtils.java:logGet(43)) - raft.server.log.statemachine.data.sync.timeout = 10s (default)
2019-09-20 21:20:43,292 [pool-47-thread-1] INFO  server.RaftServerConfigKeys (ConfUtils.java:logGet(43)) - raft.server.log.statemachine.data.sync.timeout.retry = -1 (default)
2019-09-20 21:20:43,292 [pool-47-thread-1] INFO  server.RaftServerConfigKeys (ConfUtils.java:logGet(43)) - raft.server.log.statemachine.data.caching.enabled = true (custom)
2019-09-20 21:20:43,293 [pool-47-thread-1] INFO  segmented.SegmentedRaftLogWorker (SegmentedRaftLogWorker.java:lambda$new$0(132)) - 983aaa99-75ba-4ae3-88be-423e80ebdcfc@group-74661039F933-SegmentedRaftLogWorker: flushIndex: setUnconditionally 0 -> -1
2019-09-20 21:20:43,293 [pool-47-thread-1] INFO  server.RaftServerConfigKeys (ConfUtils.java:logGet(43)) - raft.server.snapshot.auto.trigger.enabled = true (custom)
2019-09-20 21:20:43,293 [pool-47-thread-1] INFO  server.RaftServerConfigKeys (ConfUtils.java:logGet(43)) - raft.server.snapshot.auto.trigger.threshold = 10000 (custom)
2019-09-20 21:20:43,293 [pool-47-thread-1] INFO  server.RaftServerConfigKeys (ConfUtils.java:logGet(43)) - raft.server.snapshot.retention.num.files = 5 (custom)
2019-09-20 21:20:43,294 [pool-47-thread-1] INFO  server.RaftServerConfigKeys (ConfUtils.java:logGet(43)) - raft.server.retrycache.expirytime = 600000ms (custom)
2019-09-20 21:20:43,297 [pool-47-thread-1] INFO  impl.RaftServerImpl (RaftServerImpl.java:start(185)) - 983aaa99-75ba-4ae3-88be-423e80ebdcfc@group-74661039F933: start as a follower, conf=-1: [983aaa99-75ba-4ae3-88be-423e80ebdcfc:192.168.157.230:45438], old=null
2019-09-20 21:20:43,297 [pool-47-thread-1] INFO  impl.RaftServerImpl (RaftServerImpl.java:setRole(174)) - 983aaa99-75ba-4ae3-88be-423e80ebdcfc@group-74661039F933: changes role from      null to FOLLOWER at term 0 for startAsFollower
2019-09-20 21:20:43,297 [pool-47-thread-1] INFO  impl.RoleInfo (RoleInfo.java:updateAndGet(143)) - 983aaa99-75ba-4ae3-88be-423e80ebdcfc: start FollowerState
2019-09-20 21:20:43,298 [pool-47-thread-1] INFO  util.JmxRegister (JmxRegister.java:tryRegister(44)) - Successfully registered JMX Bean with object name Ratis:service=RaftServer,group=group-74661039F933,id=983aaa99-75ba-4ae3-88be-423e80ebdcfc
2019-09-20 21:20:43,307 [RatisPipelineUtilsThread] INFO  pipeline.PipelineStateManager (PipelineStateManager.java:addPipeline(56)) - Created pipeline Pipeline[ Id: af394ceb-2708-4f34-b1b1-74661039f933, Nodes: 983aaa99-75ba-4ae3-88be-423e80ebdcfc{ip: 192.168.157.230, host: pr-hdds-2159-7gjv7-4246597483, networkLocation: /default-rack, certSerialId: null}, Type:RATIS, Factor:ONE, State:OPEN]
2019-09-20 21:20:43,332 [grpc-default-executor-0] INFO  impl.RaftServerProxy (RaftServerProxy.java:addNew(89)) - af5a9f31-594f-4e45-8e66-448e5e0880c3: addNew group-9E2FC0787E44:[e7c107dc-1f6b-45fe-8db0-a884337254cb:192.168.157.230:44265, af5a9f31-594f-4e45-8e66-448e5e0880c3:192.168.157.230:39962, 33fcc954-9906-4fd6-9766-bfb6e0e4f988:192.168.157.230:34516] returns group-9E2FC0787E44:java.util.concurrent.CompletableFuture@1b303338[Not completed]
2019-09-20 21:20:43,332 [grpc-default-executor-2] INFO  impl.RaftServerProxy (RaftServerProxy.java:addNew(89)) - 33fcc954-9906-4fd6-9766-bfb6e0e4f988: addNew group-9E2FC0787E44:[e7c107dc-1f6b-45fe-8db0-a884337254cb:192.168.157.230:44265, af5a9f31-594f-4e45-8e66-448e5e0880c3:192.168.157.230:39962, 33fcc954-9906-4fd6-9766-bfb6e0e4f988:192.168.157.230:34516] returns group-9E2FC0787E44:java.util.concurrent.CompletableFuture@7a9b6830[Not completed]
2019-09-20 21:20:43,332 [grpc-default-executor-1] INFO  impl.RaftServerProxy (RaftServerProxy.java:addNew(89)) - e7c107dc-1f6b-45fe-8db0-a884337254cb: addNew group-9E2FC0787E44:[e7c107dc-1f6b-45fe-8db0-a884337254cb:192.168.157.230:44265, af5a9f31-594f-4e45-8e66-448e5e0880c3:192.168.157.230:39962, 33fcc954-9906-4fd6-9766-bfb6e0e4f988:192.168.157.230:34516] returns group-9E2FC0787E44:java.util.concurrent.CompletableFuture@3821d7b6[Not completed]
2019-09-20 21:20:43,334 [pool-37-thread-1] INFO  impl.RaftServerImpl (RaftServerImpl.java:<init>(95)) - af5a9f31-594f-4e45-8e66-448e5e0880c3: new RaftServerImpl for group-9E2FC0787E44:[e7c107dc-1f6b-45fe-8db0-a884337254cb:192.168.157.230:44265, af5a9f31-594f-4e45-8e66-448e5e0880c3:192.168.157.230:39962, 33fcc954-9906-4fd6-9766-bfb6e0e4f988:192.168.157.230:34516] with ContainerStateMachine:uninitialized
2019-09-20 21:20:43,334 [pool-37-thread-1] INFO  server.RaftServerConfigKeys (ConfUtils.java:logGet(43)) - raft.server.rpc.timeout.min = 5s (custom)
2019-09-20 21:20:43,334 [pool-37-thread-1] INFO  server.RaftServerConfigKeys (ConfUtils.java:logGet(43)) - raft.server.rpc.timeout.max = 5200ms (custom)
2019-09-20 21:20:43,334 [pool-37-thread-1] INFO  server.RaftServerConfigKeys (ConfUtils.java:logGet(43)) - raft.server.rpcslowness.timeout = 1000s (custom)
2019-09-20 21:20:43,334 [pool-37-thread-1] INFO  server.RaftServerConfigKeys (ConfUtils.java:logGet(43)) - raft.server.sleep.deviation.threshold = 300 (default)
2019-09-20 21:20:43,334 [pool-37-thread-1] INFO  server.RaftServerConfigKeys (ConfUtils.java:logGet(43)) - raft.server.log.appender.install.snapshot.enabled = false (custom)
2019-09-20 21:20:43,335 [pool-37-thread-1] INFO  impl.RaftServerImpl (ServerState.java:<init>(103)) - af5a9f31-594f-4e45-8e66-448e5e0880c3@group-9E2FC0787E44: ConfigurationManager, init=-1: [e7c107dc-1f6b-45fe-8db0-a884337254cb:192.168.157.230:44265, af5a9f31-594f-4e45-8e66-448e5e0880c3:192.168.157.230:39962, 33fcc954-9906-4fd6-9766-bfb6e0e4f988:192.168.157.230:34516], old=null, confs=<EMPTY_MAP>
2019-09-20 21:20:43,335 [pool-27-thread-1] INFO  impl.RaftServerImpl (RaftServerImpl.java:<init>(95)) - 33fcc954-9906-4fd6-9766-bfb6e0e4f988: new RaftServerImpl for group-9E2FC0787E44:[e7c107dc-1f6b-45fe-8db0-a884337254cb:192.168.157.230:44265, af5a9f31-594f-4e45-8e66-448e5e0880c3:192.168.157.230:39962, 33fcc954-9906-4fd6-9766-bfb6e0e4f988:192.168.157.230:34516] with ContainerStateMachine:uninitialized
2019-09-20 21:20:43,335 [pool-37-thread-1] INFO  server.RaftServerConfigKeys (ConfUtils.java:logGet(43)) - raft.server.storage.dir = [/workdir/hadoop-ozone/integration-test/target/test-dir/MiniOzoneClusterImpl-fbdd1b00-7c72-491a-be53-2d0d17461991/datanode-1/data/ratis] (custom)
2019-09-20 21:20:43,335 [pool-27-thread-1] INFO  server.RaftServerConfigKeys (ConfUtils.java:logGet(43)) - raft.server.rpc.timeout.min = 5s (custom)
2019-09-20 21:20:43,335 [pool-27-thread-1] INFO  server.RaftServerConfigKeys (ConfUtils.java:logGet(43)) - raft.server.rpc.timeout.max = 5200ms (custom)
2019-09-20 21:20:43,335 [pool-37-thread-1] INFO  storage.RaftStorageDirectory (RaftStorageDirectory.java:analyzeStorage(246)) - The storage directory /workdir/hadoop-ozone/integration-test/target/test-dir/MiniOzoneClusterImpl-fbdd1b00-7c72-491a-be53-2d0d17461991/datanode-1/data/ratis/4abd8d57-66db-4435-a4b3-9e2fc0787e44 does not exist. Creating ...
2019-09-20 21:20:43,335 [pool-57-thread-1] INFO  impl.RaftServerImpl (RaftServerImpl.java:<init>(95)) - e7c107dc-1f6b-45fe-8db0-a884337254cb: new RaftServerImpl for group-9E2FC0787E44:[e7c107dc-1f6b-45fe-8db0-a884337254cb:192.168.157.230:44265, af5a9f31-594f-4e45-8e66-448e5e0880c3:192.168.157.230:39962, 33fcc954-9906-4fd6-9766-bfb6e0e4f988:192.168.157.230:34516] with ContainerStateMachine:uninitialized
2019-09-20 21:20:43,335 [pool-27-thread-1] INFO  server.RaftServerConfigKeys (ConfUtils.java:logGet(43)) - raft.server.rpcslowness.timeout = 1000s (custom)
2019-09-20 21:20:43,336 [pool-57-thread-1] INFO  server.RaftServerConfigKeys (ConfUtils.java:logGet(43)) - raft.server.rpc.timeout.min = 5s (custom)
2019-09-20 21:20:43,336 [pool-27-thread-1] INFO  server.RaftServerConfigKeys (ConfUtils.java:logGet(43)) - raft.server.sleep.deviation.threshold = 300 (default)
2019-09-20 21:20:43,336 [pool-57-thread-1] INFO  server.RaftServerConfigKeys (ConfUtils.java:logGet(43)) - raft.server.rpc.timeout.max = 5200ms (custom)
2019-09-20 21:20:43,336 [pool-27-thread-1] INFO  server.RaftServerConfigKeys (ConfUtils.java:logGet(43)) - raft.server.log.appender.install.snapshot.enabled = false (custom)
2019-09-20 21:20:43,336 [pool-57-thread-1] INFO  server.RaftServerConfigKeys (ConfUtils.java:logGet(43)) - raft.server.rpcslowness.timeout = 1000s (custom)
2019-09-20 21:20:43,336 [pool-27-thread-1] INFO  impl.RaftServerImpl (ServerState.java:<init>(103)) - 33fcc954-9906-4fd6-9766-bfb6e0e4f988@group-9E2FC0787E44: ConfigurationManager, init=-1: [e7c107dc-1f6b-45fe-8db0-a884337254cb:192.168.157.230:44265, af5a9f31-594f-4e45-8e66-448e5e0880c3:192.168.157.230:39962, 33fcc954-9906-4fd6-9766-bfb6e0e4f988:192.168.157.230:34516], old=null, confs=<EMPTY_MAP>
2019-09-20 21:20:43,336 [pool-57-thread-1] INFO  server.RaftServerConfigKeys (ConfUtils.java:logGet(43)) - raft.server.sleep.deviation.threshold = 300 (default)
2019-09-20 21:20:43,336 [pool-27-thread-1] INFO  server.RaftServerConfigKeys (ConfUtils.java:logGet(43)) - raft.server.storage.dir = [/workdir/hadoop-ozone/integration-test/target/test-dir/MiniOzoneClusterImpl-fbdd1b00-7c72-491a-be53-2d0d17461991/datanode-0/data/ratis] (custom)
2019-09-20 21:20:43,337 [pool-57-thread-1] INFO  server.RaftServerConfigKeys (ConfUtils.java:logGet(43)) - raft.server.log.appender.install.snapshot.enabled = false (custom)
2019-09-20 21:20:43,337 [pool-57-thread-1] INFO  impl.RaftServerImpl (ServerState.java:<init>(103)) - e7c107dc-1f6b-45fe-8db0-a884337254cb@group-9E2FC0787E44: ConfigurationManager, init=-1: [e7c107dc-1f6b-45fe-8db0-a884337254cb:192.168.157.230:44265, af5a9f31-594f-4e45-8e66-448e5e0880c3:192.168.157.230:39962, 33fcc954-9906-4fd6-9766-bfb6e0e4f988:192.168.157.230:34516], old=null, confs=<EMPTY_MAP>
2019-09-20 21:20:43,337 [pool-27-thread-1] INFO  storage.RaftStorageDirectory (RaftStorageDirectory.java:analyzeStorage(246)) - The storage directory /workdir/hadoop-ozone/integration-test/target/test-dir/MiniOzoneClusterImpl-fbdd1b00-7c72-491a-be53-2d0d17461991/datanode-0/data/ratis/4abd8d57-66db-4435-a4b3-9e2fc0787e44 does not exist. Creating ...
2019-09-20 21:20:43,337 [pool-57-thread-1] INFO  server.RaftServerConfigKeys (ConfUtils.java:logGet(43)) - raft.server.storage.dir = [/workdir/hadoop-ozone/integration-test/target/test-dir/MiniOzoneClusterImpl-fbdd1b00-7c72-491a-be53-2d0d17461991/datanode-3/data/ratis] (custom)
2019-09-20 21:20:43,337 [pool-57-thread-1] INFO  storage.RaftStorageDirectory (RaftStorageDirectory.java:analyzeStorage(246)) - The storage directory /workdir/hadoop-ozone/integration-test/target/test-dir/MiniOzoneClusterImpl-fbdd1b00-7c72-491a-be53-2d0d17461991/datanode-3/data/ratis/4abd8d57-66db-4435-a4b3-9e2fc0787e44 does not exist. Creating ...
2019-09-20 21:20:43,350 [pool-57-thread-1] INFO  storage.RaftStorageDirectory (RaftStorageDirectory.java:tryLock(328)) - Lock on /workdir/hadoop-ozone/integration-test/target/test-dir/MiniOzoneClusterImpl-fbdd1b00-7c72-491a-be53-2d0d17461991/datanode-3/data/ratis/4abd8d57-66db-4435-a4b3-9e2fc0787e44/in_use.lock acquired by nodename 16857@pr-hdds-2159-7gjv7-4246597483
2019-09-20 21:20:43,350 [pool-27-thread-1] INFO  storage.RaftStorageDirectory (RaftStorageDirectory.java:tryLock(328)) - Lock on /workdir/hadoop-ozone/integration-test/target/test-dir/MiniOzoneClusterImpl-fbdd1b00-7c72-491a-be53-2d0d17461991/datanode-0/data/ratis/4abd8d57-66db-4435-a4b3-9e2fc0787e44/in_use.lock acquired by nodename 16857@pr-hdds-2159-7gjv7-4246597483
2019-09-20 21:20:43,350 [pool-37-thread-1] INFO  storage.RaftStorageDirectory (RaftStorageDirectory.java:tryLock(328)) - Lock on /workdir/hadoop-ozone/integration-test/target/test-dir/MiniOzoneClusterImpl-fbdd1b00-7c72-491a-be53-2d0d17461991/datanode-1/data/ratis/4abd8d57-66db-4435-a4b3-9e2fc0787e44/in_use.lock acquired by nodename 16857@pr-hdds-2159-7gjv7-4246597483
2019-09-20 21:20:43,367 [pool-57-thread-1] INFO  storage.RaftStorage (RaftStorage.java:format(72)) - Storage directory /workdir/hadoop-ozone/integration-test/target/test-dir/MiniOzoneClusterImpl-fbdd1b00-7c72-491a-be53-2d0d17461991/datanode-3/data/ratis/4abd8d57-66db-4435-a4b3-9e2fc0787e44 has been successfully formatted.
2019-09-20 21:20:43,367 [pool-37-thread-1] INFO  storage.RaftStorage (RaftStorage.java:format(72)) - Storage directory /workdir/hadoop-ozone/integration-test/target/test-dir/MiniOzoneClusterImpl-fbdd1b00-7c72-491a-be53-2d0d17461991/datanode-1/data/ratis/4abd8d57-66db-4435-a4b3-9e2fc0787e44 has been successfully formatted.
2019-09-20 21:20:43,367 [pool-27-thread-1] INFO  storage.RaftStorage (RaftStorage.java:format(72)) - Storage directory /workdir/hadoop-ozone/integration-test/target/test-dir/MiniOzoneClusterImpl-fbdd1b00-7c72-491a-be53-2d0d17461991/datanode-0/data/ratis/4abd8d57-66db-4435-a4b3-9e2fc0787e44 has been successfully formatted.
2019-09-20 21:20:43,367 [pool-57-thread-1] INFO  ratis.ContainerStateMachine (ContainerStateMachine.java:loadSnapshot(230)) - group-9E2FC0787E44: The snapshot info is null. Setting the last applied indexto:(t:0, i:~)
2019-09-20 21:20:43,368 [pool-37-thread-1] INFO  ratis.ContainerStateMachine (ContainerStateMachine.java:loadSnapshot(230)) - group-9E2FC0787E44: The snapshot info is null. Setting the last applied indexto:(t:0, i:~)
2019-09-20 21:20:43,368 [pool-27-thread-1] INFO  ratis.ContainerStateMachine (ContainerStateMachine.java:loadSnapshot(230)) - group-9E2FC0787E44: The snapshot info is null. Setting the last applied indexto:(t:0, i:~)
2019-09-20 21:20:43,368 [pool-57-thread-1] INFO  server.RaftServerConfigKeys (ConfUtils.java:logGet(43)) - raft.server.notification.no-leader.timeout = 1000s (custom)
2019-09-20 21:20:43,368 [pool-27-thread-1] INFO  server.RaftServerConfigKeys (ConfUtils.java:logGet(43)) - raft.server.notification.no-leader.timeout = 1000s (custom)
2019-09-20 21:20:43,368 [pool-37-thread-1] INFO  server.RaftServerConfigKeys (ConfUtils.java:logGet(43)) - raft.server.notification.no-leader.timeout = 1000s (custom)
2019-09-20 21:20:43,368 [pool-27-thread-1] INFO  server.RaftServerConfigKeys (ConfUtils.java:logGet(43)) - raft.server.log.use.memory = false (default)
2019-09-20 21:20:43,368 [pool-57-thread-1] INFO  server.RaftServerConfigKeys (ConfUtils.java:logGet(43)) - raft.server.log.use.memory = false (default)
2019-09-20 21:20:43,369 [pool-27-thread-1] INFO  server.RaftServerConfigKeys (ConfUtils.java:logGet(43)) - raft.server.log.purge.gap = 1000000 (custom)
2019-09-20 21:20:43,368 [pool-37-thread-1] INFO  server.RaftServerConfigKeys (ConfUtils.java:logGet(43)) - raft.server.log.use.memory = false (default)
2019-09-20 21:20:43,369 [pool-27-thread-1] INFO  server.RaftServerConfigKeys (ConfUtils.java:logGet(43)) - raft.server.log.appender.buffer.byte-limit = 33554432 (custom)
2019-09-20 21:20:43,369 [pool-57-thread-1] INFO  server.RaftServerConfigKeys (ConfUtils.java:logGet(43)) - raft.server.log.purge.gap = 1000000 (custom)
2019-09-20 21:20:43,369 [pool-27-thread-1] INFO  server.RaftServerConfigKeys (ConfUtils.java:logGet(43)) - raft.server.log.segment.size.max = 1048576 (custom)
2019-09-20 21:20:43,369 [pool-37-thread-1] INFO  server.RaftServerConfigKeys (ConfUtils.java:logGet(43)) - raft.server.log.purge.gap = 1000000 (custom)
2019-09-20 21:20:43,369 [pool-27-thread-1] INFO  server.RaftServerConfigKeys (ConfUtils.java:logGet(43)) - raft.server.log.segment.cache.num.max = 2 (custom)
2019-09-20 21:20:43,369 [pool-57-thread-1] INFO  server.RaftServerConfigKeys (ConfUtils.java:logGet(43)) - raft.server.log.appender.buffer.byte-limit = 33554432 (custom)
2019-09-20 21:20:43,370 [pool-27-thread-1] INFO  segmented.SegmentedRaftLogWorker (SegmentedRaftLogWorker.java:<init>(172)) - new 33fcc954-9906-4fd6-9766-bfb6e0e4f988@group-9E2FC0787E44-SegmentedRaftLogWorker for RaftStorage:Storage Directory /workdir/hadoop-ozone/integration-test/target/test-dir/MiniOzoneClusterImpl-fbdd1b00-7c72-491a-be53-2d0d17461991/datanode-0/data/ratis/4abd8d57-66db-4435-a4b3-9e2fc0787e44
2019-09-20 21:20:43,369 [pool-37-thread-1] INFO  server.RaftServerConfigKeys (ConfUtils.java:logGet(43)) - raft.server.log.appender.buffer.byte-limit = 33554432 (custom)
2019-09-20 21:20:43,370 [pool-57-thread-1] INFO  server.RaftServerConfigKeys (ConfUtils.java:logGet(43)) - raft.server.log.segment.size.max = 1048576 (custom)
2019-09-20 21:20:43,370 [pool-37-thread-1] INFO  server.RaftServerConfigKeys (ConfUtils.java:logGet(43)) - raft.server.log.segment.size.max = 1048576 (custom)
2019-09-20 21:20:43,370 [pool-27-thread-1] INFO  server.RaftServerConfigKeys (ConfUtils.java:logGet(43)) - raft.server.log.queue.byte-limit = 2147483647 (custom)
2019-09-20 21:20:43,370 [pool-37-thread-1] INFO  server.RaftServerConfigKeys (ConfUtils.java:logGet(43)) - raft.server.log.segment.cache.num.max = 2 (custom)
2019-09-20 21:20:43,370 [pool-57-thread-1] INFO  server.RaftServerConfigKeys (ConfUtils.java:logGet(43)) - raft.server.log.segment.cache.num.max = 2 (custom)
2019-09-20 21:20:43,370 [pool-37-thread-1] INFO  segmented.SegmentedRaftLogWorker (SegmentedRaftLogWorker.java:<init>(172)) - new af5a9f31-594f-4e45-8e66-448e5e0880c3@group-9E2FC0787E44-SegmentedRaftLogWorker for RaftStorage:Storage Directory /workdir/hadoop-ozone/integration-test/target/test-dir/MiniOzoneClusterImpl-fbdd1b00-7c72-491a-be53-2d0d17461991/datanode-1/data/ratis/4abd8d57-66db-4435-a4b3-9e2fc0787e44
2019-09-20 21:20:43,370 [pool-27-thread-1] INFO  server.RaftServerConfigKeys (ConfUtils.java:logGet(43)) - raft.server.log.queue.element-limit = 1024 (custom)
2019-09-20 21:20:43,371 [pool-37-thread-1] INFO  server.RaftServerConfigKeys (ConfUtils.java:logGet(43)) - raft.server.log.queue.byte-limit = 2147483647 (custom)
2019-09-20 21:20:43,371 [pool-57-thread-1] INFO  segmented.SegmentedRaftLogWorker (SegmentedRaftLogWorker.java:<init>(172)) - new e7c107dc-1f6b-45fe-8db0-a884337254cb@group-9E2FC0787E44-SegmentedRaftLogWorker for RaftStorage:Storage Directory /workdir/hadoop-ozone/integration-test/target/test-dir/MiniOzoneClusterImpl-fbdd1b00-7c72-491a-be53-2d0d17461991/datanode-3/data/ratis/4abd8d57-66db-4435-a4b3-9e2fc0787e44
2019-09-20 21:20:43,371 [pool-37-thread-1] INFO  server.RaftServerConfigKeys (ConfUtils.java:logGet(43)) - raft.server.log.queue.element-limit = 1024 (custom)
2019-09-20 21:20:43,371 [pool-27-thread-1] INFO  server.RaftServerConfigKeys (ConfUtils.java:logGet(43)) - raft.server.log.segment.size.max = 1048576 (custom)
2019-09-20 21:20:43,371 [pool-37-thread-1] INFO  server.RaftServerConfigKeys (ConfUtils.java:logGet(43)) - raft.server.log.segment.size.max = 1048576 (custom)
2019-09-20 21:20:43,371 [pool-57-thread-1] INFO  server.RaftServerConfigKeys (ConfUtils.java:logGet(43)) - raft.server.log.queue.byte-limit = 2147483647 (custom)
2019-09-20 21:20:43,372 [pool-37-thread-1] INFO  server.RaftServerConfigKeys (ConfUtils.java:logGet(43)) - raft.server.log.preallocated.size = 16384 (custom)
2019-09-20 21:20:43,371 [pool-27-thread-1] INFO  server.RaftServerConfigKeys (ConfUtils.java:logGet(43)) - raft.server.log.preallocated.size = 16384 (custom)
2019-09-20 21:20:43,372 [pool-37-thread-1] INFO  server.RaftServerConfigKeys (ConfUtils.java:logGet(43)) - raft.server.log.write.buffer.size = 33554432 (custom)
2019-09-20 21:20:43,372 [pool-57-thread-1] INFO  server.RaftServerConfigKeys (ConfUtils.java:logGet(43)) - raft.server.log.queue.element-limit = 1024 (custom)
2019-09-20 21:20:43,372 [pool-37-thread-1] INFO  server.RaftServerConfigKeys (ConfUtils.java:logGet(43)) - raft.server.log.force.sync.num = 128 (default)
2019-09-20 21:20:43,372 [pool-27-thread-1] INFO  server.RaftServerConfigKeys (ConfUtils.java:logGet(43)) - raft.server.log.write.buffer.size = 33554432 (custom)
2019-09-20 21:20:43,372 [pool-37-thread-1] INFO  server.RaftServerConfigKeys (ConfUtils.java:logGet(43)) - raft.server.log.statemachine.data.sync = true (default)
2019-09-20 21:20:43,372 [pool-57-thread-1] INFO  server.RaftServerConfigKeys (ConfUtils.java:logGet(43)) - raft.server.log.segment.size.max = 1048576 (custom)
2019-09-20 21:20:43,373 [pool-37-thread-1] INFO  server.RaftServerConfigKeys (ConfUtils.java:logGet(43)) - raft.server.log.statemachine.data.sync.timeout = 10s (default)
2019-09-20 21:20:43,372 [pool-27-thread-1] INFO  server.RaftServerConfigKeys (ConfUtils.java:logGet(43)) - raft.server.log.force.sync.num = 128 (default)
2019-09-20 21:20:43,373 [pool-37-thread-1] INFO  server.RaftServerConfigKeys (ConfUtils.java:logGet(43)) - raft.server.log.statemachine.data.sync.timeout.retry = -1 (default)
2019-09-20 21:20:43,373 [pool-57-thread-1] INFO  server.RaftServerConfigKeys (ConfUtils.java:logGet(43)) - raft.server.log.preallocated.size = 16384 (custom)
2019-09-20 21:20:43,373 [pool-27-thread-1] INFO  server.RaftServerConfigKeys (ConfUtils.java:logGet(43)) - raft.server.log.statemachine.data.sync = true (default)
2019-09-20 21:20:43,373 [pool-37-thread-1] INFO  server.RaftServerConfigKeys (ConfUtils.java:logGet(43)) - raft.server.log.statemachine.data.caching.enabled = true (custom)
2019-09-20 21:20:43,373 [pool-57-thread-1] INFO  server.RaftServerConfigKeys (ConfUtils.java:logGet(43)) - raft.server.log.write.buffer.size = 33554432 (custom)
2019-09-20 21:20:43,373 [pool-27-thread-1] INFO  server.RaftServerConfigKeys (ConfUtils.java:logGet(43)) - raft.server.log.statemachine.data.sync.timeout = 10s (default)
2019-09-20 21:20:43,374 [pool-37-thread-1] INFO  segmented.SegmentedRaftLogWorker (SegmentedRaftLogWorker.java:lambda$new$0(132)) - af5a9f31-594f-4e45-8e66-448e5e0880c3@group-9E2FC0787E44-SegmentedRaftLogWorker: flushIndex: setUnconditionally 0 -> -1
2019-09-20 21:20:43,374 [pool-57-thread-1] INFO  server.RaftServerConfigKeys (ConfUtils.java:logGet(43)) - raft.server.log.force.sync.num = 128 (default)
2019-09-20 21:20:43,374 [pool-27-thread-1] INFO  server.RaftServerConfigKeys (ConfUtils.java:logGet(43)) - raft.server.log.statemachine.data.sync.timeout.retry = -1 (default)
2019-09-20 21:20:43,374 [pool-37-thread-1] INFO  server.RaftServerConfigKeys (ConfUtils.java:logGet(43)) - raft.server.snapshot.auto.trigger.enabled = true (custom)
2019-09-20 21:20:43,374 [pool-57-thread-1] INFO  server.RaftServerConfigKeys (ConfUtils.java:logGet(43)) - raft.server.log.statemachine.data.sync = true (default)
2019-09-20 21:20:43,374 [pool-27-thread-1] INFO  server.RaftServerConfigKeys (ConfUtils.java:logGet(43)) - raft.server.log.statemachine.data.caching.enabled = true (custom)
2019-09-20 21:20:43,374 [pool-37-thread-1] INFO  server.RaftServerConfigKeys (ConfUtils.java:logGet(43)) - raft.server.snapshot.auto.trigger.threshold = 10000 (custom)
2019-09-20 21:20:43,374 [pool-57-thread-1] INFO  server.RaftServerConfigKeys (ConfUtils.java:logGet(43)) - raft.server.log.statemachine.data.sync.timeout = 10s (default)
2019-09-20 21:20:43,375 [pool-37-thread-1] INFO  server.RaftServerConfigKeys (ConfUtils.java:logGet(43)) - raft.server.snapshot.retention.num.files = 5 (custom)
2019-09-20 21:20:43,375 [pool-27-thread-1] INFO  segmented.SegmentedRaftLogWorker (SegmentedRaftLogWorker.java:lambda$new$0(132)) - 33fcc954-9906-4fd6-9766-bfb6e0e4f988@group-9E2FC0787E44-SegmentedRaftLogWorker: flushIndex: setUnconditionally 0 -> -1
2019-09-20 21:20:43,375 [pool-57-thread-1] INFO  server.RaftServerConfigKeys (ConfUtils.java:logGet(43)) - raft.server.log.statemachine.data.sync.timeout.retry = -1 (default)
2019-09-20 21:20:43,375 [pool-37-thread-1] INFO  server.RaftServerConfigKeys (ConfUtils.java:logGet(43)) - raft.server.retrycache.expirytime = 600000ms (custom)
2019-09-20 21:20:43,375 [pool-57-thread-1] INFO  server.RaftServerConfigKeys (ConfUtils.java:logGet(43)) - raft.server.log.statemachine.data.caching.enabled = true (custom)
2019-09-20 21:20:43,375 [pool-27-thread-1] INFO  server.RaftServerConfigKeys (ConfUtils.java:logGet(43)) - raft.server.snapshot.auto.trigger.enabled = true (custom)
2019-09-20 21:20:43,375 [pool-57-thread-1] INFO  segmented.SegmentedRaftLogWorker (SegmentedRaftLogWorker.java:lambda$new$0(132)) - e7c107dc-1f6b-45fe-8db0-a884337254cb@group-9E2FC0787E44-SegmentedRaftLogWorker: flushIndex: setUnconditionally 0 -> -1
2019-09-20 21:20:43,375 [pool-27-thread-1] INFO  server.RaftServerConfigKeys (ConfUtils.java:logGet(43)) - raft.server.snapshot.auto.trigger.threshold = 10000 (custom)
2019-09-20 21:20:43,376 [pool-27-thread-1] INFO  server.RaftServerConfigKeys (ConfUtils.java:logGet(43)) - raft.server.snapshot.retention.num.files = 5 (custom)
2019-09-20 21:20:43,376 [pool-57-thread-1] INFO  server.RaftServerConfigKeys (ConfUtils.java:logGet(43)) - raft.server.snapshot.auto.trigger.enabled = true (custom)
2019-09-20 21:20:43,376 [pool-57-thread-1] INFO  server.RaftServerConfigKeys (ConfUtils.java:logGet(43)) - raft.server.snapshot.auto.trigger.threshold = 10000 (custom)
2019-09-20 21:20:43,376 [pool-27-thread-1] INFO  server.RaftServerConfigKeys (ConfUtils.java:logGet(43)) - raft.server.retrycache.expirytime = 600000ms (custom)
2019-09-20 21:20:43,376 [pool-57-thread-1] INFO  server.RaftServerConfigKeys (ConfUtils.java:logGet(43)) - raft.server.snapshot.retention.num.files = 5 (custom)
2019-09-20 21:20:43,376 [pool-57-thread-1] INFO  server.RaftServerConfigKeys (ConfUtils.java:logGet(43)) - raft.server.retrycache.expirytime = 600000ms (custom)
2019-09-20 21:20:43,378 [pool-37-thread-1] INFO  impl.RaftServerImpl (RaftServerImpl.java:start(185)) - af5a9f31-594f-4e45-8e66-448e5e0880c3@group-9E2FC0787E44: start as a follower, conf=-1: [e7c107dc-1f6b-45fe-8db0-a884337254cb:192.168.157.230:44265, af5a9f31-594f-4e45-8e66-448e5e0880c3:192.168.157.230:39962, 33fcc954-9906-4fd6-9766-bfb6e0e4f988:192.168.157.230:34516], old=null
2019-09-20 21:20:43,378 [pool-37-thread-1] INFO  impl.RaftServerImpl (RaftServerImpl.java:setRole(174)) - af5a9f31-594f-4e45-8e66-448e5e0880c3@group-9E2FC0787E44: changes role from      null to FOLLOWER at term 0 for startAsFollower
2019-09-20 21:20:43,378 [pool-37-thread-1] INFO  impl.RoleInfo (RoleInfo.java:updateAndGet(143)) - af5a9f31-594f-4e45-8e66-448e5e0880c3: start FollowerState
2019-09-20 21:20:43,379 [pool-37-thread-1] INFO  util.JmxRegister (JmxRegister.java:tryRegister(44)) - Successfully registered JMX Bean with object name Ratis:service=RaftServer,group=group-9E2FC0787E44,id=af5a9f31-594f-4e45-8e66-448e5e0880c3
2019-09-20 21:20:43,380 [pool-57-thread-1] INFO  impl.RaftServerImpl (RaftServerImpl.java:start(185)) - e7c107dc-1f6b-45fe-8db0-a884337254cb@group-9E2FC0787E44: start as a follower, conf=-1: [e7c107dc-1f6b-45fe-8db0-a884337254cb:192.168.157.230:44265, af5a9f31-594f-4e45-8e66-448e5e0880c3:192.168.157.230:39962, 33fcc954-9906-4fd6-9766-bfb6e0e4f988:192.168.157.230:34516], old=null
2019-09-20 21:20:43,380 [pool-27-thread-1] INFO  impl.RaftServerImpl (RaftServerImpl.java:start(185)) - 33fcc954-9906-4fd6-9766-bfb6e0e4f988@group-9E2FC0787E44: start as a follower, conf=-1: [e7c107dc-1f6b-45fe-8db0-a884337254cb:192.168.157.230:44265, af5a9f31-594f-4e45-8e66-448e5e0880c3:192.168.157.230:39962, 33fcc954-9906-4fd6-9766-bfb6e0e4f988:192.168.157.230:34516], old=null
2019-09-20 21:20:43,380 [pool-57-thread-1] INFO  impl.RaftServerImpl (RaftServerImpl.java:setRole(174)) - e7c107dc-1f6b-45fe-8db0-a884337254cb@group-9E2FC0787E44: changes role from      null to FOLLOWER at term 0 for startAsFollower
2019-09-20 21:20:43,380 [pool-27-thread-1] INFO  impl.RaftServerImpl (RaftServerImpl.java:setRole(174)) - 33fcc954-9906-4fd6-9766-bfb6e0e4f988@group-9E2FC0787E44: changes role from      null to FOLLOWER at term 0 for startAsFollower
2019-09-20 21:20:43,380 [pool-57-thread-1] INFO  impl.RoleInfo (RoleInfo.java:updateAndGet(143)) - e7c107dc-1f6b-45fe-8db0-a884337254cb: start FollowerState
2019-09-20 21:20:43,381 [pool-27-thread-1] INFO  impl.RoleInfo (RoleInfo.java:updateAndGet(143)) - 33fcc954-9906-4fd6-9766-bfb6e0e4f988: start FollowerState
2019-09-20 21:20:43,381 [pool-57-thread-1] INFO  util.JmxRegister (JmxRegister.java:tryRegister(44)) - Successfully registered JMX Bean with object name Ratis:service=RaftServer,group=group-9E2FC0787E44,id=e7c107dc-1f6b-45fe-8db0-a884337254cb
2019-09-20 21:20:43,381 [pool-27-thread-1] INFO  util.JmxRegister (JmxRegister.java:tryRegister(44)) - Successfully registered JMX Bean with object name Ratis:service=RaftServer,group=group-9E2FC0787E44,id=33fcc954-9906-4fd6-9766-bfb6e0e4f988
2019-09-20 21:20:43,404 [RatisPipelineUtilsThread] INFO  pipeline.PipelineStateManager (PipelineStateManager.java:addPipeline(56)) - Created pipeline Pipeline[ Id: 4abd8d57-66db-4435-a4b3-9e2fc0787e44, Nodes: af5a9f31-594f-4e45-8e66-448e5e0880c3{ip: 192.168.157.230, host: pr-hdds-2159-7gjv7-4246597483, networkLocation: /default-rack, certSerialId: null}33fcc954-9906-4fd6-9766-bfb6e0e4f988{ip: 192.168.157.230, host: pr-hdds-2159-7gjv7-4246597483, networkLocation: /default-rack, certSerialId: null}e7c107dc-1f6b-45fe-8db0-a884337254cb{ip: 192.168.157.230, host: pr-hdds-2159-7gjv7-4246597483, networkLocation: /default-rack, certSerialId: null}, Type:RATIS, Factor:THREE, State:OPEN]
2019-09-20 21:20:43,641 [Command processor thread] ERROR commandhandler.CloseContainerCommandHandler (CloseContainerCommandHandler.java:handle(84)) - Container #1 does not exist in datanode. Container close failed.
2019-09-20 21:20:43,686 [Thread-193] INFO  container.ReplicationManager (ReplicationManager.java:start(169)) - Replication Monitor Thread is already running.
2019-09-20 21:20:43,723 [Command processor thread] ERROR commandhandler.CloseContainerCommandHandler (CloseContainerCommandHandler.java:handle(84)) - Container #1 does not exist in datanode. Container close failed.
2019-09-20 21:20:43,882 [Command processor thread] ERROR commandhandler.CloseContainerCommandHandler (CloseContainerCommandHandler.java:handle(84)) - Container #1 does not exist in datanode. Container close failed.
2019-09-20 21:20:43,895 [ReplicationMonitor] INFO  container.ReplicationManager (ReplicationManager.java:run(225)) - Replication Monitor Thread took 2 milliseconds for processing 1 containers.
2019-09-20 21:20:44,211 [grpc-default-executor-1] INFO  client.GrpcClientProtocolClient (GrpcClientProtocolClient.java:onNext(264)) - client-44C574F1EDB3->e7c107dc-1f6b-45fe-8db0-a884337254cb: receive RaftClientReply:client-44C574F1EDB3->e7c107dc-1f6b-45fe-8db0-a884337254cb@group-4F897627B035, cid=9, FAILED org.apache.ratis.protocol.NotLeaderException: Server e7c107dc-1f6b-45fe-8db0-a884337254cb@group-4F897627B035 is not the leader, logIndex=0, commits[e7c107dc-1f6b-45fe-8db0-a884337254cb:c-1]
2019-09-20 21:20:45,238 [grpc-default-executor-2] INFO  client.GrpcClientProtocolClient (GrpcClientProtocolClient.java:onNext(264)) - client-44C574F1EDB3->af5a9f31-594f-4e45-8e66-448e5e0880c3: receive RaftClientReply:client-44C574F1EDB3->af5a9f31-594f-4e45-8e66-448e5e0880c3@group-4F897627B035, cid=9, FAILED org.apache.ratis.protocol.NotLeaderException: Server af5a9f31-594f-4e45-8e66-448e5e0880c3@group-4F897627B035 is not the leader, logIndex=0, commits[af5a9f31-594f-4e45-8e66-448e5e0880c3:c-1]
2019-09-20 21:20:45,895 [ReplicationMonitor] INFO  container.ReplicationManager (ReplicationManager.java:run(225)) - Replication Monitor Thread took 1 milliseconds for processing 1 containers.
2019-09-20 21:20:46,260 [grpc-default-executor-2] INFO  client.GrpcClientProtocolClient (GrpcClientProtocolClient.java:onNext(264)) - client-44C574F1EDB3->e7c107dc-1f6b-45fe-8db0-a884337254cb: receive RaftClientReply:client-44C574F1EDB3->e7c107dc-1f6b-45fe-8db0-a884337254cb@group-4F897627B035, cid=9, FAILED org.apache.ratis.protocol.NotLeaderException: Server e7c107dc-1f6b-45fe-8db0-a884337254cb@group-4F897627B035 is not the leader, logIndex=0, commits[e7c107dc-1f6b-45fe-8db0-a884337254cb:c-1]
2019-09-20 21:20:46,597 [Thread-195] INFO  impl.FollowerState (FollowerState.java:run(106)) - 33fcc954-9906-4fd6-9766-bfb6e0e4f988:group-2052B31B9A72 changes to CANDIDATE, lastRpcTime:5171, electionTimeout:5170ms
2019-09-20 21:20:46,602 [Thread-195] INFO  impl.RoleInfo (RoleInfo.java:shutdownFollowerState(121)) - 33fcc954-9906-4fd6-9766-bfb6e0e4f988: shutdown FollowerState
2019-09-20 21:20:46,603 [Thread-195] INFO  impl.RaftServerImpl (RaftServerImpl.java:setRole(174)) - 33fcc954-9906-4fd6-9766-bfb6e0e4f988@group-2052B31B9A72: changes role from  FOLLOWER to CANDIDATE at term 0 for changeToCandidate
2019-09-20 21:20:46,610 [Thread-195] INFO  impl.RoleInfo (RoleInfo.java:updateAndGet(143)) - 33fcc954-9906-4fd6-9766-bfb6e0e4f988: start LeaderElection
2019-09-20 21:20:46,627 [33fcc954-9906-4fd6-9766-bfb6e0e4f988@group-2052B31B9A72:LeaderElection1] INFO  impl.LeaderElection (LeaderElection.java:askForVotes(182)) - 33fcc954-9906-4fd6-9766-bfb6e0e4f988@group-2052B31B9A72:LeaderElection1: begin an election at term 1 for -1: [33fcc954-9906-4fd6-9766-bfb6e0e4f988:192.168.157.230:34516], old=null
2019-09-20 21:20:46,628 [33fcc954-9906-4fd6-9766-bfb6e0e4f988@group-2052B31B9A72:LeaderElection1] INFO  impl.RoleInfo (RoleInfo.java:shutdownLeaderElection(134)) - 33fcc954-9906-4fd6-9766-bfb6e0e4f988: shutdown LeaderElection
2019-09-20 21:20:46,629 [33fcc954-9906-4fd6-9766-bfb6e0e4f988@group-2052B31B9A72:LeaderElection1] INFO  impl.RaftServerImpl (RaftServerImpl.java:setRole(174)) - 33fcc954-9906-4fd6-9766-bfb6e0e4f988@group-2052B31B9A72: changes role from CANDIDATE to LEADER at term 1 for changeToLeader
2019-09-20 21:20:46,629 [33fcc954-9906-4fd6-9766-bfb6e0e4f988@group-2052B31B9A72:LeaderElection1] INFO  impl.RaftServerImpl (ServerState.java:setLeader(253)) - 33fcc954-9906-4fd6-9766-bfb6e0e4f988@group-2052B31B9A72: change Leader from null to 33fcc954-9906-4fd6-9766-bfb6e0e4f988 at term 1 for becomeLeader, leader elected after 5318ms
2019-09-20 21:20:46,635 [33fcc954-9906-4fd6-9766-bfb6e0e4f988@group-2052B31B9A72:LeaderElection1] INFO  server.RaftServerConfigKeys (ConfUtils.java:logGet(43)) - raft.server.staging.catchup.gap = 1000 (default)
2019-09-20 21:20:46,635 [33fcc954-9906-4fd6-9766-bfb6e0e4f988@group-2052B31B9A72:LeaderElection1] INFO  server.RaftServerConfigKeys (ConfUtils.java:logGet(43)) - raft.server.rpc.sleep.time = 25ms (default)
2019-09-20 21:20:46,638 [33fcc954-9906-4fd6-9766-bfb6e0e4f988@group-2052B31B9A72:LeaderElection1] INFO  server.RaftServerConfigKeys (ConfUtils.java:logGet(43)) - raft.server.write.element-limit = 4096 (default)
2019-09-20 21:20:46,640 [33fcc954-9906-4fd6-9766-bfb6e0e4f988@group-2052B31B9A72:LeaderElection1] INFO  server.RaftServerConfigKeys (ConfUtils.java:logGet(43)) - raft.server.watch.timeout = 10s (default)
2019-09-20 21:20:46,640 [33fcc954-9906-4fd6-9766-bfb6e0e4f988@group-2052B31B9A72:LeaderElection1] INFO  server.RaftServerConfigKeys (ConfUtils.java:logGet(43)) - raft.server.watch.timeout.denomination = 1s (default)
2019-09-20 21:20:46,641 [33fcc954-9906-4fd6-9766-bfb6e0e4f988@group-2052B31B9A72:LeaderElection1] INFO  server.RaftServerConfigKeys (ConfUtils.java:logGet(43)) - raft.server.watch.element-limit = 65536 (default)
2019-09-20 21:20:46,651 [33fcc954-9906-4fd6-9766-bfb6e0e4f988@group-2052B31B9A72:LeaderElection1] INFO  impl.RoleInfo (RoleInfo.java:updateAndGet(143)) - 33fcc954-9906-4fd6-9766-bfb6e0e4f988: start LeaderState
2019-09-20 21:20:46,672 [33fcc954-9906-4fd6-9766-bfb6e0e4f988@group-2052B31B9A72:LeaderElection1] INFO  segmented.SegmentedRaftLogWorker (SegmentedRaftLogWorker.java:startLogSegment(380)) - 33fcc954-9906-4fd6-9766-bfb6e0e4f988@group-2052B31B9A72-SegmentedRaftLogWorker: Starting segment from index:0
2019-09-20 21:20:46,679 [33fcc954-9906-4fd6-9766-bfb6e0e4f988@group-2052B31B9A72:LeaderElection1] INFO  impl.RaftServerImpl (ServerState.java:setRaftConf(354)) - 33fcc954-9906-4fd6-9766-bfb6e0e4f988@group-2052B31B9A72: set configuration 0: [33fcc954-9906-4fd6-9766-bfb6e0e4f988:192.168.157.230:34516], old=null at 0
2019-09-20 21:20:46,765 [Thread-198] INFO  impl.FollowerState (FollowerState.java:run(106)) - af5a9f31-594f-4e45-8e66-448e5e0880c3:group-52562788871E changes to CANDIDATE, lastRpcTime:5143, electionTimeout:5142ms
2019-09-20 21:20:46,769 [Thread-198] INFO  impl.RoleInfo (RoleInfo.java:shutdownFollowerState(121)) - af5a9f31-594f-4e45-8e66-448e5e0880c3: shutdown FollowerState
2019-09-20 21:20:46,769 [Thread-198] INFO  impl.RaftServerImpl (RaftServerImpl.java:setRole(174)) - af5a9f31-594f-4e45-8e66-448e5e0880c3@group-52562788871E: changes role from  FOLLOWER to CANDIDATE at term 0 for changeToCandidate
2019-09-20 21:20:46,769 [Thread-198] INFO  impl.RoleInfo (RoleInfo.java:updateAndGet(143)) - af5a9f31-594f-4e45-8e66-448e5e0880c3: start LeaderElection
2019-09-20 21:20:46,788 [af5a9f31-594f-4e45-8e66-448e5e0880c3@group-52562788871E:LeaderElection2] INFO  impl.LeaderElection (LeaderElection.java:askForVotes(182)) - af5a9f31-594f-4e45-8e66-448e5e0880c3@group-52562788871E:LeaderElection2: begin an election at term 1 for -1: [af5a9f31-594f-4e45-8e66-448e5e0880c3:192.168.157.230:39962], old=null
2019-09-20 21:20:46,794 [af5a9f31-594f-4e45-8e66-448e5e0880c3@group-52562788871E:LeaderElection2] INFO  impl.RoleInfo (RoleInfo.java:shutdownLeaderElection(134)) - af5a9f31-594f-4e45-8e66-448e5e0880c3: shutdown LeaderElection
2019-09-20 21:20:46,794 [af5a9f31-594f-4e45-8e66-448e5e0880c3@group-52562788871E:LeaderElection2] INFO  impl.RaftServerImpl (RaftServerImpl.java:setRole(174)) - af5a9f31-594f-4e45-8e66-448e5e0880c3@group-52562788871E: changes role from CANDIDATE to LEADER at term 1 for changeToLeader
2019-09-20 21:20:46,794 [af5a9f31-594f-4e45-8e66-448e5e0880c3@group-52562788871E:LeaderElection2] INFO  impl.RaftServerImpl (ServerState.java:setLeader(253)) - af5a9f31-594f-4e45-8e66-448e5e0880c3@group-52562788871E: change Leader from null to af5a9f31-594f-4e45-8e66-448e5e0880c3 at term 1 for becomeLeader, leader elected after 5191ms
2019-09-20 21:20:46,794 [af5a9f31-594f-4e45-8e66-448e5e0880c3@group-52562788871E:LeaderElection2] INFO  server.RaftServerConfigKeys (ConfUtils.java:logGet(43)) - raft.server.staging.catchup.gap = 1000 (default)
2019-09-20 21:20:46,794 [af5a9f31-594f-4e45-8e66-448e5e0880c3@group-52562788871E:LeaderElection2] INFO  server.RaftServerConfigKeys (ConfUtils.java:logGet(43)) - raft.server.rpc.sleep.time = 25ms (default)
2019-09-20 21:20:46,795 [af5a9f31-594f-4e45-8e66-448e5e0880c3@group-52562788871E:LeaderElection2] INFO  server.RaftServerConfigKeys (ConfUtils.java:logGet(43)) - raft.server.write.element-limit = 4096 (default)
2019-09-20 21:20:46,795 [af5a9f31-594f-4e45-8e66-448e5e0880c3@group-52562788871E:LeaderElection2] INFO  server.RaftServerConfigKeys (ConfUtils.java:logGet(43)) - raft.server.watch.timeout = 10s (default)
2019-09-20 21:20:46,795 [af5a9f31-594f-4e45-8e66-448e5e0880c3@group-52562788871E:LeaderElection2] INFO  server.RaftServerConfigKeys (ConfUtils.java:logGet(43)) - raft.server.watch.timeout.denomination = 1s (default)
2019-09-20 21:20:46,795 [af5a9f31-594f-4e45-8e66-448e5e0880c3@group-52562788871E:LeaderElection2] INFO  server.RaftServerConfigKeys (ConfUtils.java:logGet(43)) - raft.server.watch.element-limit = 65536 (default)
2019-09-20 21:20:46,798 [af5a9f31-594f-4e45-8e66-448e5e0880c3@group-52562788871E:LeaderElection2] INFO  impl.RoleInfo (RoleInfo.java:updateAndGet(143)) - af5a9f31-594f-4e45-8e66-448e5e0880c3: start LeaderState
2019-09-20 21:20:46,798 [af5a9f31-594f-4e45-8e66-448e5e0880c3@group-52562788871E:LeaderElection2] INFO  segmented.SegmentedRaftLogWorker (SegmentedRaftLogWorker.java:startLogSegment(380)) - af5a9f31-594f-4e45-8e66-448e5e0880c3@group-52562788871E-SegmentedRaftLogWorker: Starting segment from index:0
2019-09-20 21:20:46,799 [af5a9f31-594f-4e45-8e66-448e5e0880c3@group-52562788871E:LeaderElection2] INFO  impl.RaftServerImpl (ServerState.java:setRaftConf(354)) - af5a9f31-594f-4e45-8e66-448e5e0880c3@group-52562788871E: set configuration 0: [af5a9f31-594f-4e45-8e66-448e5e0880c3:192.168.157.230:39962], old=null at 0
2019-09-20 21:20:46,816 [Thread-201] INFO  impl.FollowerState (FollowerState.java:run(106)) - e7c107dc-1f6b-45fe-8db0-a884337254cb:group-DD254AEA1099 changes to CANDIDATE, lastRpcTime:5088, electionTimeout:5088ms
2019-09-20 21:20:46,816 [Thread-201] INFO  impl.RoleInfo (RoleInfo.java:shutdownFollowerState(121)) - e7c107dc-1f6b-45fe-8db0-a884337254cb: shutdown FollowerState
2019-09-20 21:20:46,816 [Thread-201] INFO  impl.RaftServerImpl (RaftServerImpl.java:setRole(174)) - e7c107dc-1f6b-45fe-8db0-a884337254cb@group-DD254AEA1099: changes role from  FOLLOWER to CANDIDATE at term 0 for changeToCandidate
2019-09-20 21:20:46,817 [Thread-201] INFO  impl.RoleInfo (RoleInfo.java:updateAndGet(143)) - e7c107dc-1f6b-45fe-8db0-a884337254cb: start LeaderElection
2019-09-20 21:20:46,833 [e7c107dc-1f6b-45fe-8db0-a884337254cb@group-DD254AEA1099:LeaderElection3] INFO  impl.LeaderElection (LeaderElection.java:askForVotes(182)) - e7c107dc-1f6b-45fe-8db0-a884337254cb@group-DD254AEA1099:LeaderElection3: begin an election at term 1 for -1: [e7c107dc-1f6b-45fe-8db0-a884337254cb:192.168.157.230:44265], old=null
2019-09-20 21:20:46,834 [e7c107dc-1f6b-45fe-8db0-a884337254cb@group-DD254AEA1099:LeaderElection3] INFO  impl.RoleInfo (RoleInfo.java:shutdownLeaderElection(134)) - e7c107dc-1f6b-45fe-8db0-a884337254cb: shutdown LeaderElection
2019-09-20 21:20:46,834 [e7c107dc-1f6b-45fe-8db0-a884337254cb@group-DD254AEA1099:LeaderElection3] INFO  impl.RaftServerImpl (RaftServerImpl.java:setRole(174)) - e7c107dc-1f6b-45fe-8db0-a884337254cb@group-DD254AEA1099: changes role from CANDIDATE to LEADER at term 1 for changeToLeader
2019-09-20 21:20:46,834 [e7c107dc-1f6b-45fe-8db0-a884337254cb@group-DD254AEA1099:LeaderElection3] INFO  impl.RaftServerImpl (ServerState.java:setLeader(253)) - e7c107dc-1f6b-45fe-8db0-a884337254cb@group-DD254AEA1099: change Leader from null to e7c107dc-1f6b-45fe-8db0-a884337254cb at term 1 for becomeLeader, leader elected after 5133ms
2019-09-20 21:20:46,836 [e7c107dc-1f6b-45fe-8db0-a884337254cb@group-DD254AEA1099:LeaderElection3] INFO  server.RaftServerConfigKeys (ConfUtils.java:logGet(43)) - raft.server.staging.catchup.gap = 1000 (default)
2019-09-20 21:20:46,836 [e7c107dc-1f6b-45fe-8db0-a884337254cb@group-DD254AEA1099:LeaderElection3] INFO  server.RaftServerConfigKeys (ConfUtils.java:logGet(43)) - raft.server.rpc.sleep.time = 25ms (default)
2019-09-20 21:20:46,836 [e7c107dc-1f6b-45fe-8db0-a884337254cb@group-DD254AEA1099:LeaderElection3] INFO  server.RaftServerConfigKeys (ConfUtils.java:logGet(43)) - raft.server.write.element-limit = 4096 (default)
2019-09-20 21:20:46,836 [e7c107dc-1f6b-45fe-8db0-a884337254cb@group-DD254AEA1099:LeaderElection3] INFO  server.RaftServerConfigKeys (ConfUtils.java:logGet(43)) - raft.server.watch.timeout = 10s (default)
2019-09-20 21:20:46,836 [e7c107dc-1f6b-45fe-8db0-a884337254cb@group-DD254AEA1099:LeaderElection3] INFO  server.RaftServerConfigKeys (ConfUtils.java:logGet(43)) - raft.server.watch.timeout.denomination = 1s (default)
2019-09-20 21:20:46,836 [e7c107dc-1f6b-45fe-8db0-a884337254cb@group-DD254AEA1099:LeaderElection3] INFO  server.RaftServerConfigKeys (ConfUtils.java:logGet(43)) - raft.server.watch.element-limit = 65536 (default)
2019-09-20 21:20:46,839 [e7c107dc-1f6b-45fe-8db0-a884337254cb@group-DD254AEA1099:LeaderElection3] INFO  impl.RoleInfo (RoleInfo.java:updateAndGet(143)) - e7c107dc-1f6b-45fe-8db0-a884337254cb: start LeaderState
2019-09-20 21:20:46,839 [e7c107dc-1f6b-45fe-8db0-a884337254cb@group-DD254AEA1099:LeaderElection3] INFO  segmented.SegmentedRaftLogWorker (SegmentedRaftLogWorker.java:startLogSegment(380)) - e7c107dc-1f6b-45fe-8db0-a884337254cb@group-DD254AEA1099-SegmentedRaftLogWorker: Starting segment from index:0
2019-09-20 21:20:46,840 [e7c107dc-1f6b-45fe-8db0-a884337254cb@group-DD254AEA1099:LeaderElection3] INFO  impl.RaftServerImpl (ServerState.java:setRaftConf(354)) - e7c107dc-1f6b-45fe-8db0-a884337254cb@group-DD254AEA1099: set configuration 0: [e7c107dc-1f6b-45fe-8db0-a884337254cb:192.168.157.230:44265], old=null at 0
2019-09-20 21:20:46,871 [Thread-204] INFO  impl.FollowerState (FollowerState.java:run(106)) - 983aaa99-75ba-4ae3-88be-423e80ebdcfc:group-D422A06FAEC8 changes to CANDIDATE, lastRpcTime:5084, electionTimeout:5084ms
2019-09-20 21:20:46,872 [Thread-204] INFO  impl.RoleInfo (RoleInfo.java:shutdownFollowerState(121)) - 983aaa99-75ba-4ae3-88be-423e80ebdcfc: shutdown FollowerState
2019-09-20 21:20:46,872 [Thread-204] INFO  impl.RaftServerImpl (RaftServerImpl.java:setRole(174)) - 983aaa99-75ba-4ae3-88be-423e80ebdcfc@group-D422A06FAEC8: changes role from  FOLLOWER to CANDIDATE at term 0 for changeToCandidate
2019-09-20 21:20:46,872 [Thread-204] INFO  impl.RoleInfo (RoleInfo.java:updateAndGet(143)) - 983aaa99-75ba-4ae3-88be-423e80ebdcfc: start LeaderElection
2019-09-20 21:20:46,917 [e7c107dc-1f6b-45fe-8db0-a884337254cb@group-DD254AEA1099-SegmentedRaftLogWorker] INFO  segmented.SegmentedRaftLogWorker (SegmentedRaftLogWorker.java:execute(569)) - e7c107dc-1f6b-45fe-8db0-a884337254cb@group-DD254AEA1099-SegmentedRaftLogWorker: created new log segment /workdir/hadoop-ozone/integration-test/target/test-dir/MiniOzoneClusterImpl-fbdd1b00-7c72-491a-be53-2d0d17461991/datanode-3/data/ratis/a62a7eaf-b3bc-4b3e-8ea6-dd254aea1099/current/log_inprogress_0
2019-09-20 21:20:46,917 [33fcc954-9906-4fd6-9766-bfb6e0e4f988@group-2052B31B9A72-SegmentedRaftLogWorker] INFO  segmented.SegmentedRaftLogWorker (SegmentedRaftLogWorker.java:execute(569)) - 33fcc954-9906-4fd6-9766-bfb6e0e4f988@group-2052B31B9A72-SegmentedRaftLogWorker: created new log segment /workdir/hadoop-ozone/integration-test/target/test-dir/MiniOzoneClusterImpl-fbdd1b00-7c72-491a-be53-2d0d17461991/datanode-0/data/ratis/222174a8-66e5-46c5-8e61-2052b31b9a72/current/log_inprogress_0
2019-09-20 21:20:46,918 [983aaa99-75ba-4ae3-88be-423e80ebdcfc@group-D422A06FAEC8:LeaderElection4] INFO  impl.LeaderElection (LeaderElection.java:askForVotes(182)) - 983aaa99-75ba-4ae3-88be-423e80ebdcfc@group-D422A06FAEC8:LeaderElection4: begin an election at term 1 for -1: [983aaa99-75ba-4ae3-88be-423e80ebdcfc:192.168.157.230:45438], old=null
2019-09-20 21:20:46,917 [af5a9f31-594f-4e45-8e66-448e5e0880c3@group-52562788871E-SegmentedRaftLogWorker] INFO  segmented.SegmentedRaftLogWorker (SegmentedRaftLogWorker.java:execute(569)) - af5a9f31-594f-4e45-8e66-448e5e0880c3@group-52562788871E-SegmentedRaftLogWorker: created new log segment /workdir/hadoop-ozone/integration-test/target/test-dir/MiniOzoneClusterImpl-fbdd1b00-7c72-491a-be53-2d0d17461991/datanode-1/data/ratis/606f5c0b-de6e-4663-be9a-52562788871e/current/log_inprogress_0
2019-09-20 21:20:46,918 [983aaa99-75ba-4ae3-88be-423e80ebdcfc@group-D422A06FAEC8:LeaderElection4] INFO  impl.RoleInfo (RoleInfo.java:shutdownLeaderElection(134)) - 983aaa99-75ba-4ae3-88be-423e80ebdcfc: shutdown LeaderElection
2019-09-20 21:20:46,918 [983aaa99-75ba-4ae3-88be-423e80ebdcfc@group-D422A06FAEC8:LeaderElection4] INFO  impl.RaftServerImpl (RaftServerImpl.java:setRole(174)) - 983aaa99-75ba-4ae3-88be-423e80ebdcfc@group-D422A06FAEC8: changes role from CANDIDATE to LEADER at term 1 for changeToLeader
2019-09-20 21:20:46,919 [983aaa99-75ba-4ae3-88be-423e80ebdcfc@group-D422A06FAEC8:LeaderElection4] INFO  impl.RaftServerImpl (ServerState.java:setLeader(253)) - 983aaa99-75ba-4ae3-88be-423e80ebdcfc@group-D422A06FAEC8: change Leader from null to 983aaa99-75ba-4ae3-88be-423e80ebdcfc at term 1 for becomeLeader, leader elected after 5140ms
2019-09-20 21:20:46,920 [983aaa99-75ba-4ae3-88be-423e80ebdcfc@group-D422A06FAEC8:LeaderElection4] INFO  server.RaftServerConfigKeys (ConfUtils.java:logGet(43)) - raft.server.staging.catchup.gap = 1000 (default)
2019-09-20 21:20:46,920 [983aaa99-75ba-4ae3-88be-423e80ebdcfc@group-D422A06FAEC8:LeaderElection4] INFO  server.RaftServerConfigKeys (ConfUtils.java:logGet(43)) - raft.server.rpc.sleep.time = 25ms (default)
2019-09-20 21:20:46,921 [983aaa99-75ba-4ae3-88be-423e80ebdcfc@group-D422A06FAEC8:LeaderElection4] INFO  server.RaftServerConfigKeys (ConfUtils.java:logGet(43)) - raft.server.write.element-limit = 4096 (default)
2019-09-20 21:20:46,921 [983aaa99-75ba-4ae3-88be-423e80ebdcfc@group-D422A06FAEC8:LeaderElection4] INFO  server.RaftServerConfigKeys (ConfUtils.java:logGet(43)) - raft.server.watch.timeout = 10s (default)
2019-09-20 21:20:46,921 [983aaa99-75ba-4ae3-88be-423e80ebdcfc@group-D422A06FAEC8:LeaderElection4] INFO  server.RaftServerConfigKeys (ConfUtils.java:logGet(43)) - raft.server.watch.timeout.denomination = 1s (default)
2019-09-20 21:20:46,921 [983aaa99-75ba-4ae3-88be-423e80ebdcfc@group-D422A06FAEC8:LeaderElection4] INFO  server.RaftServerConfigKeys (ConfUtils.java:logGet(43)) - raft.server.watch.element-limit = 65536 (default)
2019-09-20 21:20:46,925 [983aaa99-75ba-4ae3-88be-423e80ebdcfc@group-D422A06FAEC8:LeaderElection4] INFO  impl.RoleInfo (RoleInfo.java:updateAndGet(143)) - 983aaa99-75ba-4ae3-88be-423e80ebdcfc: start LeaderState
2019-09-20 21:20:46,925 [983aaa99-75ba-4ae3-88be-423e80ebdcfc@group-D422A06FAEC8:LeaderElection4] INFO  segmented.SegmentedRaftLogWorker (SegmentedRaftLogWorker.java:startLogSegment(380)) - 983aaa99-75ba-4ae3-88be-423e80ebdcfc@group-D422A06FAEC8-SegmentedRaftLogWorker: Starting segment from index:0
2019-09-20 21:20:46,926 [983aaa99-75ba-4ae3-88be-423e80ebdcfc@group-D422A06FAEC8:LeaderElection4] INFO  impl.RaftServerImpl (ServerState.java:setRaftConf(354)) - 983aaa99-75ba-4ae3-88be-423e80ebdcfc@group-D422A06FAEC8: set configuration 0: [983aaa99-75ba-4ae3-88be-423e80ebdcfc:192.168.157.230:45438], old=null at 0
2019-09-20 21:20:46,985 [983aaa99-75ba-4ae3-88be-423e80ebdcfc@group-D422A06FAEC8-SegmentedRaftLogWorker] INFO  segmented.SegmentedRaftLogWorker (SegmentedRaftLogWorker.java:execute(569)) - 983aaa99-75ba-4ae3-88be-423e80ebdcfc@group-D422A06FAEC8-SegmentedRaftLogWorker: created new log segment /workdir/hadoop-ozone/integration-test/target/test-dir/MiniOzoneClusterImpl-fbdd1b00-7c72-491a-be53-2d0d17461991/datanode-2/data/ratis/70e2b0f4-5650-4d3b-9c2b-d422a06faec8/current/log_inprogress_0
2019-09-20 21:20:47,012 [Thread-209] INFO  impl.FollowerState (FollowerState.java:run(106)) - 33fcc954-9906-4fd6-9766-bfb6e0e4f988:group-4F897627B035 changes to CANDIDATE, lastRpcTime:5121, electionTimeout:5121ms
2019-09-20 21:20:47,012 [Thread-209] INFO  impl.RoleInfo (RoleInfo.java:shutdownFollowerState(121)) - 33fcc954-9906-4fd6-9766-bfb6e0e4f988: shutdown FollowerState
2019-09-20 21:20:47,012 [Thread-209] INFO  impl.RaftServerImpl (RaftServerImpl.java:setRole(174)) - 33fcc954-9906-4fd6-9766-bfb6e0e4f988@group-4F897627B035: changes role from  FOLLOWER to CANDIDATE at term 0 for changeToCandidate
2019-09-20 21:20:47,013 [Thread-209] INFO  impl.RoleInfo (RoleInfo.java:updateAndGet(143)) - 33fcc954-9906-4fd6-9766-bfb6e0e4f988: start LeaderElection
2019-09-20 21:20:47,029 [33fcc954-9906-4fd6-9766-bfb6e0e4f988@group-4F897627B035:LeaderElection5] INFO  impl.LeaderElection (LeaderElection.java:askForVotes(182)) - 33fcc954-9906-4fd6-9766-bfb6e0e4f988@group-4F897627B035:LeaderElection5: begin an election at term 1 for -1: [e7c107dc-1f6b-45fe-8db0-a884337254cb:192.168.157.230:44265, af5a9f31-594f-4e45-8e66-448e5e0880c3:192.168.157.230:39962, 33fcc954-9906-4fd6-9766-bfb6e0e4f988:192.168.157.230:34516], old=null
2019-09-20 21:20:47,046 [Thread-214] INFO  impl.FollowerState (FollowerState.java:run(106)) - e7c107dc-1f6b-45fe-8db0-a884337254cb:group-4F897627B035 changes to CANDIDATE, lastRpcTime:5147, electionTimeout:5144ms
2019-09-20 21:20:47,046 [Thread-214] INFO  impl.RoleInfo (RoleInfo.java:shutdownFollowerState(121)) - e7c107dc-1f6b-45fe-8db0-a884337254cb: shutdown FollowerState
2019-09-20 21:20:47,046 [Thread-214] INFO  impl.RaftServerImpl (RaftServerImpl.java:setRole(174)) - e7c107dc-1f6b-45fe-8db0-a884337254cb@group-4F897627B035: changes role from  FOLLOWER to CANDIDATE at term 0 for changeToCandidate
2019-09-20 21:20:47,046 [Thread-214] INFO  impl.RoleInfo (RoleInfo.java:updateAndGet(143)) - e7c107dc-1f6b-45fe-8db0-a884337254cb: start LeaderElection
2019-09-20 21:20:47,056 [grpc-default-executor-2] INFO  impl.RaftServerImpl (RaftServerImpl.java:setRole(174)) - af5a9f31-594f-4e45-8e66-448e5e0880c3@group-4F897627B035: changes role from  FOLLOWER to FOLLOWER at term 1 for recognizeCandidate:33fcc954-9906-4fd6-9766-bfb6e0e4f988
2019-09-20 21:20:47,056 [grpc-default-executor-2] INFO  impl.RoleInfo (RoleInfo.java:shutdownFollowerState(121)) - af5a9f31-594f-4e45-8e66-448e5e0880c3: shutdown FollowerState
2019-09-20 21:20:47,056 [grpc-default-executor-2] INFO  impl.RoleInfo (RoleInfo.java:updateAndGet(143)) - af5a9f31-594f-4e45-8e66-448e5e0880c3: start FollowerState
2019-09-20 21:20:47,065 [e7c107dc-1f6b-45fe-8db0-a884337254cb@group-4F897627B035:LeaderElection6] INFO  impl.LeaderElection (LeaderElection.java:askForVotes(182)) - e7c107dc-1f6b-45fe-8db0-a884337254cb@group-4F897627B035:LeaderElection6: begin an election at term 1 for -1: [e7c107dc-1f6b-45fe-8db0-a884337254cb:192.168.157.230:44265, af5a9f31-594f-4e45-8e66-448e5e0880c3:192.168.157.230:39962, 33fcc954-9906-4fd6-9766-bfb6e0e4f988:192.168.157.230:34516], old=null
2019-09-20 21:20:47,083 [33fcc954-9906-4fd6-9766-bfb6e0e4f988@group-4F897627B035:LeaderElection5] INFO  impl.LeaderElection (LeaderElection.java:logAndReturn(56)) - 33fcc954-9906-4fd6-9766-bfb6e0e4f988@group-4F897627B035:LeaderElection5: Election PASSED; received 1 response(s) [33fcc954-9906-4fd6-9766-bfb6e0e4f988<-af5a9f31-594f-4e45-8e66-448e5e0880c3#0:OK-t1] and 0 exception(s); 33fcc954-9906-4fd6-9766-bfb6e0e4f988@group-4F897627B035:t1, leader=null, voted=33fcc954-9906-4fd6-9766-bfb6e0e4f988, raftlog=33fcc954-9906-4fd6-9766-bfb6e0e4f988@group-4F897627B035-SegmentedRaftLog:OPENED:c-1,f-1,i0, conf=-1: [e7c107dc-1f6b-45fe-8db0-a884337254cb:192.168.157.230:44265, af5a9f31-594f-4e45-8e66-448e5e0880c3:192.168.157.230:39962, 33fcc954-9906-4fd6-9766-bfb6e0e4f988:192.168.157.230:34516], old=null
2019-09-20 21:20:47,084 [33fcc954-9906-4fd6-9766-bfb6e0e4f988@group-4F897627B035:LeaderElection5] INFO  impl.RoleInfo (RoleInfo.java:shutdownLeaderElection(134)) - 33fcc954-9906-4fd6-9766-bfb6e0e4f988: shutdown LeaderElection
2019-09-20 21:20:47,089 [33fcc954-9906-4fd6-9766-bfb6e0e4f988@group-4F897627B035:LeaderElection5] INFO  impl.RaftServerImpl (RaftServerImpl.java:setRole(174)) - 33fcc954-9906-4fd6-9766-bfb6e0e4f988@group-4F897627B035: changes role from CANDIDATE to LEADER at term 1 for changeToLeader
2019-09-20 21:20:47,090 [33fcc954-9906-4fd6-9766-bfb6e0e4f988@group-4F897627B035:LeaderElection5] INFO  impl.RaftServerImpl (ServerState.java:setLeader(253)) - 33fcc954-9906-4fd6-9766-bfb6e0e4f988@group-4F897627B035: change Leader from null to 33fcc954-9906-4fd6-9766-bfb6e0e4f988 at term 1 for becomeLeader, leader elected after 5211ms
2019-09-20 21:20:47,090 [33fcc954-9906-4fd6-9766-bfb6e0e4f988@group-4F897627B035:LeaderElection5] INFO  server.RaftServerConfigKeys (ConfUtils.java:logGet(43)) - raft.server.staging.catchup.gap = 1000 (default)
2019-09-20 21:20:47,090 [33fcc954-9906-4fd6-9766-bfb6e0e4f988@group-4F897627B035:LeaderElection5] INFO  server.RaftServerConfigKeys (ConfUtils.java:logGet(43)) - raft.server.rpc.sleep.time = 25ms (default)
2019-09-20 21:20:47,090 [33fcc954-9906-4fd6-9766-bfb6e0e4f988@group-4F897627B035:LeaderElection5] INFO  server.RaftServerConfigKeys (ConfUtils.java:logGet(43)) - raft.server.write.element-limit = 4096 (default)
2019-09-20 21:20:47,090 [33fcc954-9906-4fd6-9766-bfb6e0e4f988@group-4F897627B035:LeaderElection5] INFO  server.RaftServerConfigKeys (ConfUtils.java:logGet(43)) - raft.server.watch.timeout = 10s (default)
2019-09-20 21:20:47,090 [33fcc954-9906-4fd6-9766-bfb6e0e4f988@group-4F897627B035:LeaderElection5] INFO  server.RaftServerConfigKeys (ConfUtils.java:logGet(43)) - raft.server.watch.timeout.denomination = 1s (default)
2019-09-20 21:20:47,090 [33fcc954-9906-4fd6-9766-bfb6e0e4f988@group-4F897627B035:LeaderElection5] INFO  server.RaftServerConfigKeys (ConfUtils.java:logGet(43)) - raft.server.watch.element-limit = 65536 (default)
2019-09-20 21:20:47,099 [33fcc954-9906-4fd6-9766-bfb6e0e4f988@group-4F897627B035:LeaderElection5] INFO  server.RaftServerConfigKeys (ConfUtils.java:logGet(43)) - raft.server.log.appender.snapshot.chunk.size.max = 16MB (=16777216) (default)
2019-09-20 21:20:47,099 [33fcc954-9906-4fd6-9766-bfb6e0e4f988@group-4F897627B035:LeaderElection5] INFO  server.RaftServerConfigKeys (ConfUtils.java:logGet(43)) - raft.server.log.appender.buffer.byte-limit = 33554432 (custom)
2019-09-20 21:20:47,100 [33fcc954-9906-4fd6-9766-bfb6e0e4f988@group-4F897627B035:LeaderElection5] INFO  server.RaftServerConfigKeys (ConfUtils.java:logGet(43)) - raft.server.log.appender.buffer.element-limit = 1 (custom)
2019-09-20 21:20:47,102 [33fcc954-9906-4fd6-9766-bfb6e0e4f988@group-4F897627B035:LeaderElection5] INFO  grpc.GrpcConfigKeys$Server (ConfUtils.java:logGet(43)) - raft.grpc.server.leader.outstanding.appends.max = 128 (default)
2019-09-20 21:20:47,103 [33fcc954-9906-4fd6-9766-bfb6e0e4f988@group-4F897627B035:LeaderElection5] INFO  server.RaftServerConfigKeys (ConfUtils.java:logGet(43)) - raft.server.rpc.request.timeout = 3000ms (default)
2019-09-20 21:20:47,103 [33fcc954-9906-4fd6-9766-bfb6e0e4f988@group-4F897627B035:LeaderElection5] INFO  server.RaftServerConfigKeys (ConfUtils.java:logGet(43)) - raft.server.log.appender.install.snapshot.enabled = false (custom)
2019-09-20 21:20:47,104 [33fcc954-9906-4fd6-9766-bfb6e0e4f988@group-4F897627B035:LeaderElection5] INFO  server.RaftServerConfigKeys (ConfUtils.java:logGet(43)) - raft.server.log.appender.snapshot.chunk.size.max = 16MB (=16777216) (default)
2019-09-20 21:20:47,104 [33fcc954-9906-4fd6-9766-bfb6e0e4f988@group-4F897627B035:LeaderElection5] INFO  server.RaftServerConfigKeys (ConfUtils.java:logGet(43)) - raft.server.log.appender.buffer.byte-limit = 33554432 (custom)
2019-09-20 21:20:47,104 [33fcc954-9906-4fd6-9766-bfb6e0e4f988@group-4F897627B035:LeaderElection5] INFO  server.RaftServerConfigKeys (ConfUtils.java:logGet(43)) - raft.server.log.appender.buffer.element-limit = 1 (custom)
2019-09-20 21:20:47,104 [33fcc954-9906-4fd6-9766-bfb6e0e4f988@group-4F897627B035:LeaderElection5] INFO  grpc.GrpcConfigKeys$Server (ConfUtils.java:logGet(43)) - raft.grpc.server.leader.outstanding.appends.max = 128 (default)
2019-09-20 21:20:47,104 [33fcc954-9906-4fd6-9766-bfb6e0e4f988@group-4F897627B035:LeaderElection5] INFO  server.RaftServerConfigKeys (ConfUtils.java:logGet(43)) - raft.server.rpc.request.timeout = 3000ms (default)
2019-09-20 21:20:47,104 [33fcc954-9906-4fd6-9766-bfb6e0e4f988@group-4F897627B035:LeaderElection5] INFO  server.RaftServerConfigKeys (ConfUtils.java:logGet(43)) - raft.server.log.appender.install.snapshot.enabled = false (custom)
2019-09-20 21:20:47,105 [33fcc954-9906-4fd6-9766-bfb6e0e4f988@group-4F897627B035:LeaderElection5] INFO  impl.RoleInfo (RoleInfo.java:updateAndGet(143)) - 33fcc954-9906-4fd6-9766-bfb6e0e4f988: start LeaderState
2019-09-20 21:20:47,106 [33fcc954-9906-4fd6-9766-bfb6e0e4f988@group-4F897627B035:LeaderElection5] INFO  segmented.SegmentedRaftLogWorker (SegmentedRaftLogWorker.java:startLogSegment(380)) - 33fcc954-9906-4fd6-9766-bfb6e0e4f988@group-4F897627B035-SegmentedRaftLogWorker: Starting segment from index:0
2019-09-20 21:20:47,106 [33fcc954-9906-4fd6-9766-bfb6e0e4f988@group-4F897627B035:LeaderElection5] INFO  impl.RaftServerImpl (ServerState.java:setRaftConf(354)) - 33fcc954-9906-4fd6-9766-bfb6e0e4f988@group-4F897627B035: set configuration 0: [e7c107dc-1f6b-45fe-8db0-a884337254cb:192.168.157.230:44265, af5a9f31-594f-4e45-8e66-448e5e0880c3:192.168.157.230:39962, 33fcc954-9906-4fd6-9766-bfb6e0e4f988:192.168.157.230:34516], old=null at 0
2019-09-20 21:20:47,132 [grpc-default-executor-0] INFO  impl.RaftServerImpl (RaftServerImpl.java:requestVote(758)) - 33fcc954-9906-4fd6-9766-bfb6e0e4f988@group-4F897627B035-   LEADER: Withhold vote from candidate e7c107dc-1f6b-45fe-8db0-a884337254cb with term 1. State: leader=33fcc954-9906-4fd6-9766-bfb6e0e4f988, term=1, lastRpcElapsed=null
2019-09-20 21:20:47,137 [e7c107dc-1f6b-45fe-8db0-a884337254cb@group-4F897627B035:LeaderElection6] INFO  impl.LeaderElection (LeaderElection.java:logAndReturn(56)) - e7c107dc-1f6b-45fe-8db0-a884337254cb@group-4F897627B035:LeaderElection6: Election REJECTED; received 2 response(s) [e7c107dc-1f6b-45fe-8db0-a884337254cb<-af5a9f31-594f-4e45-8e66-448e5e0880c3#0:FAIL-t1, e7c107dc-1f6b-45fe-8db0-a884337254cb<-33fcc954-9906-4fd6-9766-bfb6e0e4f988#0:FAIL-t1] and 0 exception(s); e7c107dc-1f6b-45fe-8db0-a884337254cb@group-4F897627B035:t1, leader=null, voted=e7c107dc-1f6b-45fe-8db0-a884337254cb, raftlog=e7c107dc-1f6b-45fe-8db0-a884337254cb@group-4F897627B035-SegmentedRaftLog:OPENED:c-1,f-1,i0, conf=-1: [e7c107dc-1f6b-45fe-8db0-a884337254cb:192.168.157.230:44265, af5a9f31-594f-4e45-8e66-448e5e0880c3:192.168.157.230:39962, 33fcc954-9906-4fd6-9766-bfb6e0e4f988:192.168.157.230:34516], old=null
2019-09-20 21:20:47,138 [e7c107dc-1f6b-45fe-8db0-a884337254cb@group-4F897627B035:LeaderElection6] INFO  impl.RaftServerImpl (RaftServerImpl.java:setRole(174)) - e7c107dc-1f6b-45fe-8db0-a884337254cb@group-4F897627B035: changes role from CANDIDATE to FOLLOWER at term 1 for DISCOVERED_A_NEW_TERM
2019-09-20 21:20:47,140 [e7c107dc-1f6b-45fe-8db0-a884337254cb@group-4F897627B035:LeaderElection6] INFO  impl.RoleInfo (RoleInfo.java:shutdownLeaderElection(134)) - e7c107dc-1f6b-45fe-8db0-a884337254cb: shutdown LeaderElection
2019-09-20 21:20:47,143 [e7c107dc-1f6b-45fe-8db0-a884337254cb@group-4F897627B035:LeaderElection6] INFO  impl.RoleInfo (RoleInfo.java:updateAndGet(143)) - e7c107dc-1f6b-45fe-8db0-a884337254cb: start FollowerState
2019-09-20 21:20:47,143 [33fcc954-9906-4fd6-9766-bfb6e0e4f988@group-4F897627B035-SegmentedRaftLogWorker] INFO  segmented.SegmentedRaftLogWorker (SegmentedRaftLogWorker.java:execute(569)) - 33fcc954-9906-4fd6-9766-bfb6e0e4f988@group-4F897627B035-SegmentedRaftLogWorker: created new log segment /workdir/hadoop-ozone/integration-test/target/test-dir/MiniOzoneClusterImpl-fbdd1b00-7c72-491a-be53-2d0d17461991/datanode-0/data/ratis/0b2c6f71-7226-4bac-9615-4f897627b035/current/log_inprogress_0
2019-09-20 21:20:47,163 [grpc-default-executor-1] INFO  impl.RaftServerImpl (ServerState.java:setLeader(253)) - e7c107dc-1f6b-45fe-8db0-a884337254cb@group-4F897627B035: change Leader from null to 33fcc954-9906-4fd6-9766-bfb6e0e4f988 at term 1 for appendEntries, leader elected after 5284ms
2019-09-20 21:20:47,163 [grpc-default-executor-0] INFO  impl.RaftServerImpl (ServerState.java:setLeader(253)) - af5a9f31-594f-4e45-8e66-448e5e0880c3@group-4F897627B035: change Leader from null to 33fcc954-9906-4fd6-9766-bfb6e0e4f988 at term 1 for appendEntries, leader elected after 5284ms
2019-09-20 21:20:47,195 [grpc-default-executor-1] INFO  impl.RaftServerImpl (ServerState.java:setRaftConf(354)) - e7c107dc-1f6b-45fe-8db0-a884337254cb@group-4F897627B035: set configuration 0: [e7c107dc-1f6b-45fe-8db0-a884337254cb:192.168.157.230:44265, af5a9f31-594f-4e45-8e66-448e5e0880c3:192.168.157.230:39962, 33fcc954-9906-4fd6-9766-bfb6e0e4f988:192.168.157.230:34516], old=null at 0
2019-09-20 21:20:47,195 [grpc-default-executor-0] INFO  impl.RaftServerImpl (ServerState.java:setRaftConf(354)) - af5a9f31-594f-4e45-8e66-448e5e0880c3@group-4F897627B035: set configuration 0: [e7c107dc-1f6b-45fe-8db0-a884337254cb:192.168.157.230:44265, af5a9f31-594f-4e45-8e66-448e5e0880c3:192.168.157.230:39962, 33fcc954-9906-4fd6-9766-bfb6e0e4f988:192.168.157.230:34516], old=null at 0
2019-09-20 21:20:47,196 [grpc-default-executor-1] INFO  segmented.SegmentedRaftLogWorker (SegmentedRaftLogWorker.java:startLogSegment(380)) - e7c107dc-1f6b-45fe-8db0-a884337254cb@group-4F897627B035-SegmentedRaftLogWorker: Starting segment from index:0
2019-09-20 21:20:47,196 [grpc-default-executor-0] INFO  segmented.SegmentedRaftLogWorker (SegmentedRaftLogWorker.java:startLogSegment(380)) - af5a9f31-594f-4e45-8e66-448e5e0880c3@group-4F897627B035-SegmentedRaftLogWorker: Starting segment from index:0
2019-09-20 21:20:47,249 [af5a9f31-594f-4e45-8e66-448e5e0880c3@group-4F897627B035-SegmentedRaftLogWorker] INFO  segmented.SegmentedRaftLogWorker (SegmentedRaftLogWorker.java:execute(569)) - af5a9f31-594f-4e45-8e66-448e5e0880c3@group-4F897627B035-SegmentedRaftLogWorker: created new log segment /workdir/hadoop-ozone/integration-test/target/test-dir/MiniOzoneClusterImpl-fbdd1b00-7c72-491a-be53-2d0d17461991/datanode-1/data/ratis/0b2c6f71-7226-4bac-9615-4f897627b035/current/log_inprogress_0
2019-09-20 21:20:47,249 [e7c107dc-1f6b-45fe-8db0-a884337254cb@group-4F897627B035-SegmentedRaftLogWorker] INFO  segmented.SegmentedRaftLogWorker (SegmentedRaftLogWorker.java:execute(569)) - e7c107dc-1f6b-45fe-8db0-a884337254cb@group-4F897627B035-SegmentedRaftLogWorker: created new log segment /workdir/hadoop-ozone/integration-test/target/test-dir/MiniOzoneClusterImpl-fbdd1b00-7c72-491a-be53-2d0d17461991/datanode-3/data/ratis/0b2c6f71-7226-4bac-9615-4f897627b035/current/log_inprogress_0
2019-09-20 21:20:47,532 [grpc-default-executor-0] INFO  client.GrpcClientProtocolClient (GrpcClientProtocolClient.java:onNext(264)) - client-44C574F1EDB3->33fcc954-9906-4fd6-9766-bfb6e0e4f988: receive RaftClientReply:client-44C574F1EDB3->33fcc954-9906-4fd6-9766-bfb6e0e4f988@group-4F897627B035, cid=9, SUCCESS, logIndex=1, commits[33fcc954-9906-4fd6-9766-bfb6e0e4f988:c1, e7c107dc-1f6b-45fe-8db0-a884337254cb:c0, af5a9f31-594f-4e45-8e66-448e5e0880c3:c0]
2019-09-20 21:20:47,652 [grpc-default-executor-0] INFO  client.GrpcClientProtocolClient (GrpcClientProtocolClient.java:onNext(264)) - client-44C574F1EDB3->33fcc954-9906-4fd6-9766-bfb6e0e4f988: receive RaftClientReply:client-44C574F1EDB3->33fcc954-9906-4fd6-9766-bfb6e0e4f988@group-4F897627B035, cid=10, SUCCESS, logIndex=3, commits[33fcc954-9906-4fd6-9766-bfb6e0e4f988:c4, e7c107dc-1f6b-45fe-8db0-a884337254cb:c3, af5a9f31-594f-4e45-8e66-448e5e0880c3:c3]
2019-09-20 21:20:47,677 [main] ERROR container.ContainerStateManager (ContainerStateManager.java:updateContainerState(335)) - Failed to update container state #1, reason: invalid state transition from state: CLOSING upon event: FINALIZE.
]]></system-out>
    <system-err><![CDATA[ERROR StatusLogger No Log4j 2 configuration file found. Using default configuration (logging only errors to the console), or user programmatically provided configurations. Set system property 'log4j2.debug' to show Log4j 2 internal initialization logging. See https://logging.apache.org/log4j/2.x/manual/configuration.html for instructions on how to configure Log4j 2
]]></system-err>
  </testcase>
</testsuite>