<?xml version="1.0" encoding="UTF-8"?>
<testsuite xmlns:xsi="http://www.w3.org/2001/XMLSchema-instance" xsi:noNamespaceSchemaLocation="https://maven.apache.org/surefire/maven-surefire-plugin/xsd/surefire-test-report.xsd" name="org.apache.hadoop.ozone.freon.TestFreonWithPipelineDestroy" time="37.112" tests="1" errors="1" skipped="0" failures="0">
  <properties>
    <property name="awt.toolkit" value="sun.awt.X11.XToolkit"/>
    <property name="file.encoding.pkg" value="sun.io"/>
    <property name="java.specification.version" value="1.8"/>
    <property name="sun.cpu.isalist" value=""/>
    <property name="sun.jnu.encoding" value="UTF-8"/>
    <property name="java.class.path" value="/workdir/hadoop-ozone/tools/target/test-classes:/workdir/hadoop-ozone/tools/target/classes:/workdir/hadoop-ozone/ozone-manager/target/classes:/workdir/hadoop-hdds/docs/target/classes:/home/user/.m2/repository/org/bouncycastle/bcprov-jdk15on/1.60/bcprov-jdk15on-1.60.jar:/workdir/hadoop-ozone/common/target/classes:/home/user/.m2/repository/org/apache/commons/commons-compress/1.4.1/commons-compress-1.4.1.jar:/home/user/.m2/repository/org/tukaani/xz/1.0/xz-1.0.jar:/home/user/.m2/repository/org/apache/hadoop/hadoop-hdfs-client/3.2.0/hadoop-hdfs-client-3.2.0.jar:/home/user/.m2/repository/com/fasterxml/jackson/core/jackson-annotations/2.9.5/jackson-annotations-2.9.5.jar:/workdir/hadoop-hdds/common/target/classes:/workdir/hadoop-hdds/config/target/classes:/home/user/.m2/repository/javax/annotation/javax.annotation-api/1.2/javax.annotation-api-1.2.jar:/home/user/.m2/repository/org/apache/ratis/ratis-server/0.4.0-2337318-SNAPSHOT/ratis-server-0.4.0-2337318-SNAPSHOT.jar:/home/user/.m2/repository/org/apache/ratis/ratis-thirdparty-misc/0.2.0/ratis-thirdparty-misc-0.2.0.jar:/home/user/.m2/repository/org/apache/ratis/ratis-proto/0.4.0-2337318-SNAPSHOT/ratis-proto-0.4.0-2337318-SNAPSHOT.jar:/home/user/.m2/repository/org/apache/ratis/ratis-common/0.4.0-2337318-SNAPSHOT/ratis-common-0.4.0-2337318-SNAPSHOT.jar:/home/user/.m2/repository/org/apache/ratis/ratis-client/0.4.0-2337318-SNAPSHOT/ratis-client-0.4.0-2337318-SNAPSHOT.jar:/home/user/.m2/repository/org/apache/ratis/ratis-metrics/0.4.0-2337318-SNAPSHOT/ratis-metrics-0.4.0-2337318-SNAPSHOT.jar:/home/user/.m2/repository/org/apache/ratis/ratis-netty/0.4.0-2337318-SNAPSHOT/ratis-netty-0.4.0-2337318-SNAPSHOT.jar:/home/user/.m2/repository/org/apache/ratis/ratis-grpc/0.4.0-2337318-SNAPSHOT/ratis-grpc-0.4.0-2337318-SNAPSHOT.jar:/home/user/.m2/repository/org/rocksdb/rocksdbjni/6.0.1/rocksdbjni-6.0.1.jar:/home/user/.m2/repository/org/apache/logging/log4j/log4j-api/2.11.0/log4j-api-2.11.0.jar:/home/user/.m2/repository/org/apache/logging/log4j/log4j-core/2.11.0/log4j-core-2.11.0.jar:/home/user/.m2/repository/com/lmax/disruptor/3.4.2/disruptor-3.4.2.jar:/home/user/.m2/repository/org/apache/commons/commons-pool2/2.6.0/commons-pool2-2.6.0.jar:/home/user/.m2/repository/org/bouncycastle/bcpkix-jdk15on/1.60/bcpkix-jdk15on-1.60.jar:/home/user/.m2/repository/commons-validator/commons-validator/1.6/commons-validator-1.6.jar:/home/user/.m2/repository/commons-digester/commons-digester/1.8.1/commons-digester-1.8.1.jar:/home/user/.m2/repository/io/jaegertracing/jaeger-client/0.33.1/jaeger-client-0.33.1.jar:/home/user/.m2/repository/io/jaegertracing/jaeger-thrift/0.33.1/jaeger-thrift-0.33.1.jar:/home/user/.m2/repository/org/apache/thrift/libthrift/0.11.0/libthrift-0.11.0.jar:/home/user/.m2/repository/com/squareup/okhttp3/okhttp/3.9.0/okhttp-3.9.0.jar:/home/user/.m2/repository/com/squareup/okio/okio/1.13.0/okio-1.13.0.jar:/home/user/.m2/repository/io/jaegertracing/jaeger-core/0.33.1/jaeger-core-0.33.1.jar:/home/user/.m2/repository/io/jaegertracing/jaeger-tracerresolver/0.33.1/jaeger-tracerresolver-0.33.1.jar:/home/user/.m2/repository/io/opentracing/contrib/opentracing-tracerresolver/0.1.5/opentracing-tracerresolver-0.1.5.jar:/home/user/.m2/repository/io/opentracing/opentracing-util/0.31.0/opentracing-util-0.31.0.jar:/home/user/.m2/repository/io/opentracing/opentracing-api/0.31.0/opentracing-api-0.31.0.jar:/home/user/.m2/repository/io/opentracing/opentracing-noop/0.31.0/opentracing-noop-0.31.0.jar:/home/user/.m2/repository/org/yaml/snakeyaml/1.16/snakeyaml-1.16.jar:/workdir/hadoop-hdds/container-service/target/classes:/workdir/hadoop-hdds/client/target/classes:/workdir/hadoop-hdds/tools/target/classes:/home/user/.m2/repository/org/xerial/sqlite-jdbc/3.25.2/sqlite-jdbc-3.25.2.jar:/workdir/hadoop-hdds/server-scm/target/classes:/home/user/.m2/repository/org/hamcrest/hamcrest-all/1.3/hamcrest-all-1.3.jar:/home/user/.m2/repository/info/picocli/picocli/3.9.6/picocli-3.9.6.jar:/home/user/.m2/repository/com/google/protobuf/protobuf-java/2.5.0/protobuf-java-2.5.0.jar:/home/user/.m2/repository/com/google/guava/guava/11.0.2/guava-11.0.2.jar:/workdir/hadoop-ozone/client/target/classes:/home/user/.m2/repository/org/apache/hadoop/hadoop-ozone-filesystem/0.5.0-SNAPSHOT/hadoop-ozone-filesystem-0.5.0-SNAPSHOT.jar:/workdir/hadoop-hdds/framework/target/classes:/home/user/.m2/repository/org/apache/hadoop/hadoop-common/3.2.0/hadoop-common-3.2.0.jar:/home/user/.m2/repository/org/apache/hadoop/hadoop-annotations/3.2.0/hadoop-annotations-3.2.0.jar:/usr/lib/jvm/java-1.8-openjdk/jre/../lib/tools.jar:/home/user/.m2/repository/commons-cli/commons-cli/1.2/commons-cli-1.2.jar:/home/user/.m2/repository/org/apache/commons/commons-math3/3.1.1/commons-math3-3.1.1.jar:/home/user/.m2/repository/org/apache/httpcomponents/httpclient/4.5.2/httpclient-4.5.2.jar:/home/user/.m2/repository/org/apache/httpcomponents/httpcore/4.4.4/httpcore-4.4.4.jar:/home/user/.m2/repository/commons-codec/commons-codec/1.11/commons-codec-1.11.jar:/home/user/.m2/repository/commons-io/commons-io/2.5/commons-io-2.5.jar:/home/user/.m2/repository/commons-net/commons-net/3.6/commons-net-3.6.jar:/home/user/.m2/repository/commons-collections/commons-collections/3.2.2/commons-collections-3.2.2.jar:/home/user/.m2/repository/javax/servlet/javax.servlet-api/3.1.0/javax.servlet-api-3.1.0.jar:/home/user/.m2/repository/org/eclipse/jetty/jetty-server/9.3.24.v20180605/jetty-server-9.3.24.v20180605.jar:/home/user/.m2/repository/org/eclipse/jetty/jetty-http/9.3.24.v20180605/jetty-http-9.3.24.v20180605.jar:/home/user/.m2/repository/org/eclipse/jetty/jetty-io/9.3.24.v20180605/jetty-io-9.3.24.v20180605.jar:/home/user/.m2/repository/org/eclipse/jetty/jetty-util/9.3.24.v20180605/jetty-util-9.3.24.v20180605.jar:/home/user/.m2/repository/org/eclipse/jetty/jetty-servlet/9.3.24.v20180605/jetty-servlet-9.3.24.v20180605.jar:/home/user/.m2/repository/org/eclipse/jetty/jetty-security/9.3.24.v20180605/jetty-security-9.3.24.v20180605.jar:/home/user/.m2/repository/org/eclipse/jetty/jetty-webapp/9.3.24.v20180605/jetty-webapp-9.3.24.v20180605.jar:/home/user/.m2/repository/org/eclipse/jetty/jetty-xml/9.3.24.v20180605/jetty-xml-9.3.24.v20180605.jar:/home/user/.m2/repository/javax/servlet/jsp/jsp-api/2.1/jsp-api-2.1.jar:/home/user/.m2/repository/com/sun/jersey/jersey-core/1.19/jersey-core-1.19.jar:/home/user/.m2/repository/javax/ws/rs/jsr311-api/1.1.1/jsr311-api-1.1.1.jar:/home/user/.m2/repository/com/sun/jersey/jersey-servlet/1.19/jersey-servlet-1.19.jar:/home/user/.m2/repository/com/sun/jersey/jersey-json/1.19/jersey-json-1.19.jar:/home/user/.m2/repository/org/codehaus/jettison/jettison/1.1/jettison-1.1.jar:/home/user/.m2/repository/com/sun/xml/bind/jaxb-impl/2.3.0.1/jaxb-impl-2.3.0.1.jar:/home/user/.m2/repository/org/codehaus/jackson/jackson-core-asl/1.9.13/jackson-core-asl-1.9.13.jar:/home/user/.m2/repository/org/codehaus/jackson/jackson-mapper-asl/1.9.13/jackson-mapper-asl-1.9.13.jar:/home/user/.m2/repository/org/codehaus/jackson/jackson-jaxrs/1.9.13/jackson-jaxrs-1.9.13.jar:/home/user/.m2/repository/org/codehaus/jackson/jackson-xc/1.9.13/jackson-xc-1.9.13.jar:/home/user/.m2/repository/com/sun/jersey/jersey-server/1.19/jersey-server-1.19.jar:/home/user/.m2/repository/commons-logging/commons-logging/1.1.3/commons-logging-1.1.3.jar:/home/user/.m2/repository/log4j/log4j/1.2.17/log4j-1.2.17.jar:/home/user/.m2/repository/commons-beanutils/commons-beanutils/1.9.3/commons-beanutils-1.9.3.jar:/home/user/.m2/repository/org/apache/commons/commons-configuration2/2.1.1/commons-configuration2-2.1.1.jar:/home/user/.m2/repository/org/apache/commons/commons-lang3/3.7/commons-lang3-3.7.jar:/home/user/.m2/repository/org/apache/commons/commons-text/1.4/commons-text-1.4.jar:/home/user/.m2/repository/org/slf4j/slf4j-api/1.7.25/slf4j-api-1.7.25.jar:/home/user/.m2/repository/org/slf4j/slf4j-log4j12/1.7.25/slf4j-log4j12-1.7.25.jar:/home/user/.m2/repository/org/apache/avro/avro/1.7.7/avro-1.7.7.jar:/home/user/.m2/repository/com/thoughtworks/paranamer/paranamer/2.3/paranamer-2.3.jar:/home/user/.m2/repository/org/xerial/snappy/snappy-java/1.0.5/snappy-java-1.0.5.jar:/home/user/.m2/repository/com/google/re2j/re2j/1.1/re2j-1.1.jar:/home/user/.m2/repository/com/google/code/gson/gson/2.2.4/gson-2.2.4.jar:/home/user/.m2/repository/org/apache/hadoop/hadoop-auth/3.2.0/hadoop-auth-3.2.0.jar:/home/user/.m2/repository/com/nimbusds/nimbus-jose-jwt/4.41.1/nimbus-jose-jwt-4.41.1.jar:/home/user/.m2/repository/com/github/stephenc/jcip/jcip-annotations/1.0-1/jcip-annotations-1.0-1.jar:/home/user/.m2/repository/net/minidev/json-smart/2.3/json-smart-2.3.jar:/home/user/.m2/repository/net/minidev/accessors-smart/1.2/accessors-smart-1.2.jar:/home/user/.m2/repository/org/apache/curator/curator-framework/2.12.0/curator-framework-2.12.0.jar:/home/user/.m2/repository/com/jcraft/jsch/0.1.54/jsch-0.1.54.jar:/home/user/.m2/repository/org/apache/curator/curator-client/2.12.0/curator-client-2.12.0.jar:/home/user/.m2/repository/org/apache/curator/curator-recipes/2.12.0/curator-recipes-2.12.0.jar:/home/user/.m2/repository/com/google/code/findbugs/jsr305/3.0.0/jsr305-3.0.0.jar:/home/user/.m2/repository/org/apache/htrace/htrace-core4/4.1.0-incubating/htrace-core4-4.1.0-incubating.jar:/home/user/.m2/repository/org/apache/zookeeper/zookeeper/3.4.13/zookeeper-3.4.13.jar:/home/user/.m2/repository/org/apache/yetus/audience-annotations/0.5.0/audience-annotations-0.5.0.jar:/home/user/.m2/repository/org/apache/kerby/kerb-simplekdc/1.0.1/kerb-simplekdc-1.0.1.jar:/home/user/.m2/repository/org/apache/kerby/kerb-client/1.0.1/kerb-client-1.0.1.jar:/home/user/.m2/repository/org/apache/kerby/kerby-config/1.0.1/kerby-config-1.0.1.jar:/home/user/.m2/repository/org/apache/kerby/kerb-core/1.0.1/kerb-core-1.0.1.jar:/home/user/.m2/repository/org/apache/kerby/kerby-pkix/1.0.1/kerby-pkix-1.0.1.jar:/home/user/.m2/repository/org/apache/kerby/kerby-asn1/1.0.1/kerby-asn1-1.0.1.jar:/home/user/.m2/repository/org/apache/kerby/kerby-util/1.0.1/kerby-util-1.0.1.jar:/home/user/.m2/repository/org/apache/kerby/kerb-common/1.0.1/kerb-common-1.0.1.jar:/home/user/.m2/repository/org/apache/kerby/kerb-crypto/1.0.1/kerb-crypto-1.0.1.jar:/home/user/.m2/repository/org/apache/kerby/kerb-util/1.0.1/kerb-util-1.0.1.jar:/home/user/.m2/repository/org/apache/kerby/token-provider/1.0.1/token-provider-1.0.1.jar:/home/user/.m2/repository/org/apache/kerby/kerb-admin/1.0.1/kerb-admin-1.0.1.jar:/home/user/.m2/repository/org/apache/kerby/kerb-server/1.0.1/kerb-server-1.0.1.jar:/home/user/.m2/repository/org/apache/kerby/kerb-identity/1.0.1/kerb-identity-1.0.1.jar:/home/user/.m2/repository/org/apache/kerby/kerby-xdr/1.0.1/kerby-xdr-1.0.1.jar:/home/user/.m2/repository/com/fasterxml/jackson/core/jackson-databind/2.9.5/jackson-databind-2.9.5.jar:/home/user/.m2/repository/com/fasterxml/jackson/core/jackson-core/2.9.5/jackson-core-2.9.5.jar:/home/user/.m2/repository/org/codehaus/woodstox/stax2-api/3.1.4/stax2-api-3.1.4.jar:/home/user/.m2/repository/com/fasterxml/woodstox/woodstox-core/5.0.3/woodstox-core-5.0.3.jar:/home/user/.m2/repository/dnsjava/dnsjava/2.1.7/dnsjava-2.1.7.jar:/home/user/.m2/repository/org/apache/hadoop/hadoop-hdfs/3.2.0/hadoop-hdfs-3.2.0.jar:/home/user/.m2/repository/org/eclipse/jetty/jetty-util-ajax/9.3.24.v20180605/jetty-util-ajax-9.3.24.v20180605.jar:/home/user/.m2/repository/commons-daemon/commons-daemon/1.0.13/commons-daemon-1.0.13.jar:/home/user/.m2/repository/io/netty/netty/3.10.5.Final/netty-3.10.5.Final.jar:/home/user/.m2/repository/io/netty/netty-all/4.0.52.Final/netty-all-4.0.52.Final.jar:/home/user/.m2/repository/org/fusesource/leveldbjni/leveldbjni-all/1.8/leveldbjni-all-1.8.jar:/home/user/.m2/repository/com/sun/xml/bind/jaxb-core/2.3.0.1/jaxb-core-2.3.0.1.jar:/home/user/.m2/repository/javax/xml/bind/jaxb-api/2.3.0/jaxb-api-2.3.0.jar:/home/user/.m2/repository/javax/activation/activation/1.1.1/activation-1.1.1.jar:/home/user/.m2/repository/io/dropwizard/metrics/metrics-core/3.2.4/metrics-core-3.2.4.jar:/home/user/.m2/repository/org/openjdk/jmh/jmh-core/1.19/jmh-core-1.19.jar:/home/user/.m2/repository/net/sf/jopt-simple/jopt-simple/4.6/jopt-simple-4.6.jar:/home/user/.m2/repository/org/openjdk/jmh/jmh-generator-annprocess/1.19/jmh-generator-annprocess-1.19.jar:/home/user/.m2/repository/com/google/code/findbugs/findbugs/3.0.1/findbugs-3.0.1.jar:/home/user/.m2/repository/net/jcip/jcip-annotations/1.0/jcip-annotations-1.0.jar:/home/user/.m2/repository/com/google/code/findbugs/bcel-findbugs/6.0/bcel-findbugs-6.0.jar:/home/user/.m2/repository/com/google/code/findbugs/jFormatString/2.0.1/jFormatString-2.0.1.jar:/home/user/.m2/repository/dom4j/dom4j/1.6.1/dom4j-1.6.1.jar:/home/user/.m2/repository/xml-apis/xml-apis/1.0.b2/xml-apis-1.0.b2.jar:/home/user/.m2/repository/org/ow2/asm/asm-debug-all/5.0.2/asm-debug-all-5.0.2.jar:/home/user/.m2/repository/org/ow2/asm/asm-commons/5.0.2/asm-commons-5.0.2.jar:/home/user/.m2/repository/org/ow2/asm/asm-tree/5.0.2/asm-tree-5.0.2.jar:/home/user/.m2/repository/org/ow2/asm/asm/5.0.4/asm-5.0.4.jar:/home/user/.m2/repository/commons-lang/commons-lang/2.6/commons-lang-2.6.jar:/home/user/.m2/repository/com/apple/AppleJavaExtensions/1.4/AppleJavaExtensions-1.4.jar:/home/user/.m2/repository/jaxen/jaxen/1.1.6/jaxen-1.1.6.jar:/home/user/.m2/repository/junit/junit/4.11/junit-4.11.jar:/home/user/.m2/repository/org/hamcrest/hamcrest-core/1.3/hamcrest-core-1.3.jar:/home/user/.m2/repository/org/apache/hadoop/hadoop-common/3.2.0/hadoop-common-3.2.0-tests.jar:/home/user/.m2/repository/org/apache/hadoop/hadoop-ozone-integration-test/0.5.0-SNAPSHOT/hadoop-ozone-integration-test-0.5.0-SNAPSHOT-tests.jar:/workdir/hadoop-ozone/objectstore-service/target/classes:/workdir/hadoop-ozone/s3gateway/target/classes:/home/user/.m2/repository/org/jboss/weld/servlet/weld-servlet/2.4.7.Final/weld-servlet-2.4.7.Final.jar:/home/user/.m2/repository/org/glassfish/jersey/containers/jersey-container-servlet-core/2.27/jersey-container-servlet-core-2.27.jar:/home/user/.m2/repository/org/glassfish/hk2/external/javax.inject/2.5.0-b42/javax.inject-2.5.0-b42.jar:/home/user/.m2/repository/org/glassfish/jersey/core/jersey-common/2.27/jersey-common-2.27.jar:/home/user/.m2/repository/org/glassfish/hk2/osgi-resource-locator/1.0.1/osgi-resource-locator-1.0.1.jar:/home/user/.m2/repository/javax/ws/rs/javax.ws.rs-api/2.1/javax.ws.rs-api-2.1.jar:/home/user/.m2/repository/org/glassfish/jersey/ext/cdi/jersey-cdi1x/2.27/jersey-cdi1x-2.27.jar:/home/user/.m2/repository/org/glassfish/jersey/inject/jersey-hk2/2.27/jersey-hk2-2.27.jar:/home/user/.m2/repository/org/glassfish/hk2/hk2-locator/2.5.0-b42/hk2-locator-2.5.0-b42.jar:/home/user/.m2/repository/org/javassist/javassist/3.22.0-CR2/javassist-3.22.0-CR2.jar:/home/user/.m2/repository/org/glassfish/hk2/hk2-api/2.5.0/hk2-api-2.5.0.jar:/home/user/.m2/repository/org/glassfish/hk2/external/jakarta.inject/2.5.0/jakarta.inject-2.5.0.jar:/home/user/.m2/repository/org/glassfish/hk2/hk2-utils/2.5.0/hk2-utils-2.5.0.jar:/home/user/.m2/repository/jakarta/annotation/jakarta.annotation-api/1.3.4/jakarta.annotation-api-1.3.4.jar:/home/user/.m2/repository/org/glassfish/hk2/external/aopalliance-repackaged/2.5.0/aopalliance-repackaged-2.5.0.jar:/home/user/.m2/repository/com/fasterxml/jackson/dataformat/jackson-dataformat-xml/2.9.0/jackson-dataformat-xml-2.9.0.jar:/home/user/.m2/repository/com/fasterxml/jackson/module/jackson-module-jaxb-annotations/2.9.5/jackson-module-jaxb-annotations-2.9.5.jar:/home/user/.m2/repository/javax/enterprise/cdi-api/1.2/cdi-api-1.2.jar:/home/user/.m2/repository/javax/el/javax.el-api/3.0.0/javax.el-api-3.0.0.jar:/home/user/.m2/repository/javax/interceptor/javax.interceptor-api/1.2/javax.interceptor-api-1.2.jar:/home/user/.m2/repository/javax/inject/javax.inject/1/javax.inject-1.jar:/workdir/hadoop-ozone/csi/target/classes:/home/user/.m2/repository/com/google/protobuf/protobuf-java-util/3.5.1/protobuf-java-util-3.5.1.jar:/home/user/.m2/repository/io/grpc/grpc-netty/1.17.1/grpc-netty-1.17.1.jar:/home/user/.m2/repository/io/grpc/grpc-core/1.17.1/grpc-core-1.17.1.jar:/home/user/.m2/repository/io/grpc/grpc-context/1.17.1/grpc-context-1.17.1.jar:/home/user/.m2/repository/com/google/errorprone/error_prone_annotations/2.2.0/error_prone_annotations-2.2.0.jar:/home/user/.m2/repository/org/codehaus/mojo/animal-sniffer-annotations/1.17/animal-sniffer-annotations-1.17.jar:/home/user/.m2/repository/io/opencensus/opencensus-api/0.17.0/opencensus-api-0.17.0.jar:/home/user/.m2/repository/io/opencensus/opencensus-contrib-grpc-metrics/0.17.0/opencensus-contrib-grpc-metrics-0.17.0.jar:/home/user/.m2/repository/io/netty/netty-codec-http2/4.1.30.Final/netty-codec-http2-4.1.30.Final.jar:/home/user/.m2/repository/io/netty/netty-codec-http/4.1.30.Final/netty-codec-http-4.1.30.Final.jar:/home/user/.m2/repository/io/netty/netty-codec/4.1.30.Final/netty-codec-4.1.30.Final.jar:/home/user/.m2/repository/io/netty/netty-handler/4.1.30.Final/netty-handler-4.1.30.Final.jar:/home/user/.m2/repository/io/netty/netty-handler-proxy/4.1.30.Final/netty-handler-proxy-4.1.30.Final.jar:/home/user/.m2/repository/io/netty/netty-codec-socks/4.1.30.Final/netty-codec-socks-4.1.30.Final.jar:/home/user/.m2/repository/io/netty/netty-transport-native-epoll/4.1.30.Final/netty-transport-native-epoll-4.1.30.Final.jar:/home/user/.m2/repository/io/netty/netty-common/4.1.30.Final/netty-common-4.1.30.Final.jar:/home/user/.m2/repository/io/netty/netty-buffer/4.1.30.Final/netty-buffer-4.1.30.Final.jar:/home/user/.m2/repository/io/netty/netty-transport/4.1.30.Final/netty-transport-4.1.30.Final.jar:/home/user/.m2/repository/io/netty/netty-resolver/4.1.30.Final/netty-resolver-4.1.30.Final.jar:/home/user/.m2/repository/io/netty/netty-transport-native-unix-common/4.1.30.Final/netty-transport-native-unix-common-4.1.30.Final.jar:/home/user/.m2/repository/io/grpc/grpc-protobuf/1.17.1/grpc-protobuf-1.17.1.jar:/home/user/.m2/repository/com/google/api/grpc/proto-google-common-protos/1.0.0/proto-google-common-protos-1.0.0.jar:/home/user/.m2/repository/io/grpc/grpc-protobuf-lite/1.17.1/grpc-protobuf-lite-1.17.1.jar:/home/user/.m2/repository/io/grpc/grpc-stub/1.17.1/grpc-stub-1.17.1.jar:/workdir/hadoop-ozone/ozone-recon/target/classes:/workdir/hadoop-ozone/ozone-recon-codegen/target/classes:/home/user/.m2/repository/com/google/inject/extensions/guice-multibindings/4.0/guice-multibindings-4.0.jar:/home/user/.m2/repository/com/google/inject/guice/4.0/guice-4.0.jar:/home/user/.m2/repository/aopalliance/aopalliance/1.0/aopalliance-1.0.jar:/home/user/.m2/repository/com/google/inject/extensions/guice-servlet/4.0/guice-servlet-4.0.jar:/home/user/.m2/repository/org/glassfish/jersey/containers/jersey-container-servlet/2.27/jersey-container-servlet-2.27.jar:/home/user/.m2/repository/org/glassfish/hk2/guice-bridge/2.5.0/guice-bridge-2.5.0.jar:/home/user/.m2/repository/org/glassfish/jersey/core/jersey-server/2.27/jersey-server-2.27.jar:/home/user/.m2/repository/org/glassfish/jersey/core/jersey-client/2.27/jersey-client-2.27.jar:/home/user/.m2/repository/org/glassfish/jersey/media/jersey-media-jaxb/2.27/jersey-media-jaxb-2.27.jar:/home/user/.m2/repository/javax/validation/validation-api/1.1.0.Final/validation-api-1.1.0.Final.jar:/home/user/.m2/repository/org/glassfish/jersey/media/jersey-media-json-jackson/2.27/jersey-media-json-jackson-2.27.jar:/home/user/.m2/repository/org/glassfish/jersey/ext/jersey-entity-filtering/2.27/jersey-entity-filtering-2.27.jar:/home/user/.m2/repository/com/google/inject/extensions/guice-assistedinject/4.0/guice-assistedinject-4.0.jar:/home/user/.m2/repository/org/jooq/jooq/3.11.10/jooq-3.11.10.jar:/home/user/.m2/repository/org/jooq/jooq-meta/3.11.10/jooq-meta-3.11.10.jar:/home/user/.m2/repository/org/jooq/jooq-codegen/3.11.10/jooq-codegen-3.11.10.jar:/home/user/.m2/repository/com/jolbox/bonecp/0.8.0.RELEASE/bonecp-0.8.0.RELEASE.jar:/home/user/.m2/repository/org/springframework/spring-jdbc/5.1.3.RELEASE/spring-jdbc-5.1.3.RELEASE.jar:/home/user/.m2/repository/org/springframework/spring-beans/5.1.3.RELEASE/spring-beans-5.1.3.RELEASE.jar:/home/user/.m2/repository/org/springframework/spring-core/5.1.3.RELEASE/spring-core-5.1.3.RELEASE.jar:/home/user/.m2/repository/org/springframework/spring-jcl/5.1.3.RELEASE/spring-jcl-5.1.3.RELEASE.jar:/home/user/.m2/repository/org/springframework/spring-tx/5.1.3.RELEASE/spring-tx-5.1.3.RELEASE.jar:/home/user/.m2/repository/org/mockito/mockito-core/2.15.0/mockito-core-2.15.0.jar:/home/user/.m2/repository/net/bytebuddy/byte-buddy/1.7.9/byte-buddy-1.7.9.jar:/home/user/.m2/repository/net/bytebuddy/byte-buddy-agent/1.7.9/byte-buddy-agent-1.7.9.jar:/home/user/.m2/repository/org/objenesis/objenesis/1.0/objenesis-1.0.jar:"/>
    <property name="java.vm.vendor" value="IcedTea"/>
    <property name="sun.arch.data.model" value="64"/>
    <property name="test.build.dir" value="/workdir/hadoop-ozone/tools/target/test-dir"/>
    <property name="test.cache.data" value=""/>
    <property name="java.vendor.url" value="https://icedtea.classpath.org"/>
    <property name="user.timezone" value=""/>
    <property name="java.vm.specification.version" value="1.8"/>
    <property name="os.name" value="Linux"/>
    <property name="test.build.data" value="/workdir/hadoop-ozone/tools/target/test-dir"/>
    <property name="user.country" value="US"/>
    <property name="sun.java.launcher" value="SUN_STANDARD"/>
    <property name="sun.boot.library.path" value="/usr/lib/jvm/java-1.8-openjdk/jre/lib/amd64"/>
    <property name="sun.java.command" value="/workdir/hadoop-ozone/tools/target/surefire/surefirebooter8445110158286616624.jar /workdir/hadoop-ozone/tools/target/surefire 2019-07-16T13-32-24_168-jvmRun1 surefire722070192571082131tmp surefire_1027710925640842851063tmp"/>
    <property name="surefire.test.class.path" value="/workdir/hadoop-ozone/tools/target/test-classes:/workdir/hadoop-ozone/tools/target/classes:/workdir/hadoop-ozone/ozone-manager/target/classes:/workdir/hadoop-hdds/docs/target/classes:/home/user/.m2/repository/org/bouncycastle/bcprov-jdk15on/1.60/bcprov-jdk15on-1.60.jar:/workdir/hadoop-ozone/common/target/classes:/home/user/.m2/repository/org/apache/commons/commons-compress/1.4.1/commons-compress-1.4.1.jar:/home/user/.m2/repository/org/tukaani/xz/1.0/xz-1.0.jar:/home/user/.m2/repository/org/apache/hadoop/hadoop-hdfs-client/3.2.0/hadoop-hdfs-client-3.2.0.jar:/home/user/.m2/repository/com/fasterxml/jackson/core/jackson-annotations/2.9.5/jackson-annotations-2.9.5.jar:/workdir/hadoop-hdds/common/target/classes:/workdir/hadoop-hdds/config/target/classes:/home/user/.m2/repository/javax/annotation/javax.annotation-api/1.2/javax.annotation-api-1.2.jar:/home/user/.m2/repository/org/apache/ratis/ratis-server/0.4.0-2337318-SNAPSHOT/ratis-server-0.4.0-2337318-SNAPSHOT.jar:/home/user/.m2/repository/org/apache/ratis/ratis-thirdparty-misc/0.2.0/ratis-thirdparty-misc-0.2.0.jar:/home/user/.m2/repository/org/apache/ratis/ratis-proto/0.4.0-2337318-SNAPSHOT/ratis-proto-0.4.0-2337318-SNAPSHOT.jar:/home/user/.m2/repository/org/apache/ratis/ratis-common/0.4.0-2337318-SNAPSHOT/ratis-common-0.4.0-2337318-SNAPSHOT.jar:/home/user/.m2/repository/org/apache/ratis/ratis-client/0.4.0-2337318-SNAPSHOT/ratis-client-0.4.0-2337318-SNAPSHOT.jar:/home/user/.m2/repository/org/apache/ratis/ratis-metrics/0.4.0-2337318-SNAPSHOT/ratis-metrics-0.4.0-2337318-SNAPSHOT.jar:/home/user/.m2/repository/org/apache/ratis/ratis-netty/0.4.0-2337318-SNAPSHOT/ratis-netty-0.4.0-2337318-SNAPSHOT.jar:/home/user/.m2/repository/org/apache/ratis/ratis-grpc/0.4.0-2337318-SNAPSHOT/ratis-grpc-0.4.0-2337318-SNAPSHOT.jar:/home/user/.m2/repository/org/rocksdb/rocksdbjni/6.0.1/rocksdbjni-6.0.1.jar:/home/user/.m2/repository/org/apache/logging/log4j/log4j-api/2.11.0/log4j-api-2.11.0.jar:/home/user/.m2/repository/org/apache/logging/log4j/log4j-core/2.11.0/log4j-core-2.11.0.jar:/home/user/.m2/repository/com/lmax/disruptor/3.4.2/disruptor-3.4.2.jar:/home/user/.m2/repository/org/apache/commons/commons-pool2/2.6.0/commons-pool2-2.6.0.jar:/home/user/.m2/repository/org/bouncycastle/bcpkix-jdk15on/1.60/bcpkix-jdk15on-1.60.jar:/home/user/.m2/repository/commons-validator/commons-validator/1.6/commons-validator-1.6.jar:/home/user/.m2/repository/commons-digester/commons-digester/1.8.1/commons-digester-1.8.1.jar:/home/user/.m2/repository/io/jaegertracing/jaeger-client/0.33.1/jaeger-client-0.33.1.jar:/home/user/.m2/repository/io/jaegertracing/jaeger-thrift/0.33.1/jaeger-thrift-0.33.1.jar:/home/user/.m2/repository/org/apache/thrift/libthrift/0.11.0/libthrift-0.11.0.jar:/home/user/.m2/repository/com/squareup/okhttp3/okhttp/3.9.0/okhttp-3.9.0.jar:/home/user/.m2/repository/com/squareup/okio/okio/1.13.0/okio-1.13.0.jar:/home/user/.m2/repository/io/jaegertracing/jaeger-core/0.33.1/jaeger-core-0.33.1.jar:/home/user/.m2/repository/io/jaegertracing/jaeger-tracerresolver/0.33.1/jaeger-tracerresolver-0.33.1.jar:/home/user/.m2/repository/io/opentracing/contrib/opentracing-tracerresolver/0.1.5/opentracing-tracerresolver-0.1.5.jar:/home/user/.m2/repository/io/opentracing/opentracing-util/0.31.0/opentracing-util-0.31.0.jar:/home/user/.m2/repository/io/opentracing/opentracing-api/0.31.0/opentracing-api-0.31.0.jar:/home/user/.m2/repository/io/opentracing/opentracing-noop/0.31.0/opentracing-noop-0.31.0.jar:/home/user/.m2/repository/org/yaml/snakeyaml/1.16/snakeyaml-1.16.jar:/workdir/hadoop-hdds/container-service/target/classes:/workdir/hadoop-hdds/client/target/classes:/workdir/hadoop-hdds/tools/target/classes:/home/user/.m2/repository/org/xerial/sqlite-jdbc/3.25.2/sqlite-jdbc-3.25.2.jar:/workdir/hadoop-hdds/server-scm/target/classes:/home/user/.m2/repository/org/hamcrest/hamcrest-all/1.3/hamcrest-all-1.3.jar:/home/user/.m2/repository/info/picocli/picocli/3.9.6/picocli-3.9.6.jar:/home/user/.m2/repository/com/google/protobuf/protobuf-java/2.5.0/protobuf-java-2.5.0.jar:/home/user/.m2/repository/com/google/guava/guava/11.0.2/guava-11.0.2.jar:/workdir/hadoop-ozone/client/target/classes:/home/user/.m2/repository/org/apache/hadoop/hadoop-ozone-filesystem/0.5.0-SNAPSHOT/hadoop-ozone-filesystem-0.5.0-SNAPSHOT.jar:/workdir/hadoop-hdds/framework/target/classes:/home/user/.m2/repository/org/apache/hadoop/hadoop-common/3.2.0/hadoop-common-3.2.0.jar:/home/user/.m2/repository/org/apache/hadoop/hadoop-annotations/3.2.0/hadoop-annotations-3.2.0.jar:/usr/lib/jvm/java-1.8-openjdk/jre/../lib/tools.jar:/home/user/.m2/repository/commons-cli/commons-cli/1.2/commons-cli-1.2.jar:/home/user/.m2/repository/org/apache/commons/commons-math3/3.1.1/commons-math3-3.1.1.jar:/home/user/.m2/repository/org/apache/httpcomponents/httpclient/4.5.2/httpclient-4.5.2.jar:/home/user/.m2/repository/org/apache/httpcomponents/httpcore/4.4.4/httpcore-4.4.4.jar:/home/user/.m2/repository/commons-codec/commons-codec/1.11/commons-codec-1.11.jar:/home/user/.m2/repository/commons-io/commons-io/2.5/commons-io-2.5.jar:/home/user/.m2/repository/commons-net/commons-net/3.6/commons-net-3.6.jar:/home/user/.m2/repository/commons-collections/commons-collections/3.2.2/commons-collections-3.2.2.jar:/home/user/.m2/repository/javax/servlet/javax.servlet-api/3.1.0/javax.servlet-api-3.1.0.jar:/home/user/.m2/repository/org/eclipse/jetty/jetty-server/9.3.24.v20180605/jetty-server-9.3.24.v20180605.jar:/home/user/.m2/repository/org/eclipse/jetty/jetty-http/9.3.24.v20180605/jetty-http-9.3.24.v20180605.jar:/home/user/.m2/repository/org/eclipse/jetty/jetty-io/9.3.24.v20180605/jetty-io-9.3.24.v20180605.jar:/home/user/.m2/repository/org/eclipse/jetty/jetty-util/9.3.24.v20180605/jetty-util-9.3.24.v20180605.jar:/home/user/.m2/repository/org/eclipse/jetty/jetty-servlet/9.3.24.v20180605/jetty-servlet-9.3.24.v20180605.jar:/home/user/.m2/repository/org/eclipse/jetty/jetty-security/9.3.24.v20180605/jetty-security-9.3.24.v20180605.jar:/home/user/.m2/repository/org/eclipse/jetty/jetty-webapp/9.3.24.v20180605/jetty-webapp-9.3.24.v20180605.jar:/home/user/.m2/repository/org/eclipse/jetty/jetty-xml/9.3.24.v20180605/jetty-xml-9.3.24.v20180605.jar:/home/user/.m2/repository/javax/servlet/jsp/jsp-api/2.1/jsp-api-2.1.jar:/home/user/.m2/repository/com/sun/jersey/jersey-core/1.19/jersey-core-1.19.jar:/home/user/.m2/repository/javax/ws/rs/jsr311-api/1.1.1/jsr311-api-1.1.1.jar:/home/user/.m2/repository/com/sun/jersey/jersey-servlet/1.19/jersey-servlet-1.19.jar:/home/user/.m2/repository/com/sun/jersey/jersey-json/1.19/jersey-json-1.19.jar:/home/user/.m2/repository/org/codehaus/jettison/jettison/1.1/jettison-1.1.jar:/home/user/.m2/repository/com/sun/xml/bind/jaxb-impl/2.3.0.1/jaxb-impl-2.3.0.1.jar:/home/user/.m2/repository/org/codehaus/jackson/jackson-core-asl/1.9.13/jackson-core-asl-1.9.13.jar:/home/user/.m2/repository/org/codehaus/jackson/jackson-mapper-asl/1.9.13/jackson-mapper-asl-1.9.13.jar:/home/user/.m2/repository/org/codehaus/jackson/jackson-jaxrs/1.9.13/jackson-jaxrs-1.9.13.jar:/home/user/.m2/repository/org/codehaus/jackson/jackson-xc/1.9.13/jackson-xc-1.9.13.jar:/home/user/.m2/repository/com/sun/jersey/jersey-server/1.19/jersey-server-1.19.jar:/home/user/.m2/repository/commons-logging/commons-logging/1.1.3/commons-logging-1.1.3.jar:/home/user/.m2/repository/log4j/log4j/1.2.17/log4j-1.2.17.jar:/home/user/.m2/repository/commons-beanutils/commons-beanutils/1.9.3/commons-beanutils-1.9.3.jar:/home/user/.m2/repository/org/apache/commons/commons-configuration2/2.1.1/commons-configuration2-2.1.1.jar:/home/user/.m2/repository/org/apache/commons/commons-lang3/3.7/commons-lang3-3.7.jar:/home/user/.m2/repository/org/apache/commons/commons-text/1.4/commons-text-1.4.jar:/home/user/.m2/repository/org/slf4j/slf4j-api/1.7.25/slf4j-api-1.7.25.jar:/home/user/.m2/repository/org/slf4j/slf4j-log4j12/1.7.25/slf4j-log4j12-1.7.25.jar:/home/user/.m2/repository/org/apache/avro/avro/1.7.7/avro-1.7.7.jar:/home/user/.m2/repository/com/thoughtworks/paranamer/paranamer/2.3/paranamer-2.3.jar:/home/user/.m2/repository/org/xerial/snappy/snappy-java/1.0.5/snappy-java-1.0.5.jar:/home/user/.m2/repository/com/google/re2j/re2j/1.1/re2j-1.1.jar:/home/user/.m2/repository/com/google/code/gson/gson/2.2.4/gson-2.2.4.jar:/home/user/.m2/repository/org/apache/hadoop/hadoop-auth/3.2.0/hadoop-auth-3.2.0.jar:/home/user/.m2/repository/com/nimbusds/nimbus-jose-jwt/4.41.1/nimbus-jose-jwt-4.41.1.jar:/home/user/.m2/repository/com/github/stephenc/jcip/jcip-annotations/1.0-1/jcip-annotations-1.0-1.jar:/home/user/.m2/repository/net/minidev/json-smart/2.3/json-smart-2.3.jar:/home/user/.m2/repository/net/minidev/accessors-smart/1.2/accessors-smart-1.2.jar:/home/user/.m2/repository/org/apache/curator/curator-framework/2.12.0/curator-framework-2.12.0.jar:/home/user/.m2/repository/com/jcraft/jsch/0.1.54/jsch-0.1.54.jar:/home/user/.m2/repository/org/apache/curator/curator-client/2.12.0/curator-client-2.12.0.jar:/home/user/.m2/repository/org/apache/curator/curator-recipes/2.12.0/curator-recipes-2.12.0.jar:/home/user/.m2/repository/com/google/code/findbugs/jsr305/3.0.0/jsr305-3.0.0.jar:/home/user/.m2/repository/org/apache/htrace/htrace-core4/4.1.0-incubating/htrace-core4-4.1.0-incubating.jar:/home/user/.m2/repository/org/apache/zookeeper/zookeeper/3.4.13/zookeeper-3.4.13.jar:/home/user/.m2/repository/org/apache/yetus/audience-annotations/0.5.0/audience-annotations-0.5.0.jar:/home/user/.m2/repository/org/apache/kerby/kerb-simplekdc/1.0.1/kerb-simplekdc-1.0.1.jar:/home/user/.m2/repository/org/apache/kerby/kerb-client/1.0.1/kerb-client-1.0.1.jar:/home/user/.m2/repository/org/apache/kerby/kerby-config/1.0.1/kerby-config-1.0.1.jar:/home/user/.m2/repository/org/apache/kerby/kerb-core/1.0.1/kerb-core-1.0.1.jar:/home/user/.m2/repository/org/apache/kerby/kerby-pkix/1.0.1/kerby-pkix-1.0.1.jar:/home/user/.m2/repository/org/apache/kerby/kerby-asn1/1.0.1/kerby-asn1-1.0.1.jar:/home/user/.m2/repository/org/apache/kerby/kerby-util/1.0.1/kerby-util-1.0.1.jar:/home/user/.m2/repository/org/apache/kerby/kerb-common/1.0.1/kerb-common-1.0.1.jar:/home/user/.m2/repository/org/apache/kerby/kerb-crypto/1.0.1/kerb-crypto-1.0.1.jar:/home/user/.m2/repository/org/apache/kerby/kerb-util/1.0.1/kerb-util-1.0.1.jar:/home/user/.m2/repository/org/apache/kerby/token-provider/1.0.1/token-provider-1.0.1.jar:/home/user/.m2/repository/org/apache/kerby/kerb-admin/1.0.1/kerb-admin-1.0.1.jar:/home/user/.m2/repository/org/apache/kerby/kerb-server/1.0.1/kerb-server-1.0.1.jar:/home/user/.m2/repository/org/apache/kerby/kerb-identity/1.0.1/kerb-identity-1.0.1.jar:/home/user/.m2/repository/org/apache/kerby/kerby-xdr/1.0.1/kerby-xdr-1.0.1.jar:/home/user/.m2/repository/com/fasterxml/jackson/core/jackson-databind/2.9.5/jackson-databind-2.9.5.jar:/home/user/.m2/repository/com/fasterxml/jackson/core/jackson-core/2.9.5/jackson-core-2.9.5.jar:/home/user/.m2/repository/org/codehaus/woodstox/stax2-api/3.1.4/stax2-api-3.1.4.jar:/home/user/.m2/repository/com/fasterxml/woodstox/woodstox-core/5.0.3/woodstox-core-5.0.3.jar:/home/user/.m2/repository/dnsjava/dnsjava/2.1.7/dnsjava-2.1.7.jar:/home/user/.m2/repository/org/apache/hadoop/hadoop-hdfs/3.2.0/hadoop-hdfs-3.2.0.jar:/home/user/.m2/repository/org/eclipse/jetty/jetty-util-ajax/9.3.24.v20180605/jetty-util-ajax-9.3.24.v20180605.jar:/home/user/.m2/repository/commons-daemon/commons-daemon/1.0.13/commons-daemon-1.0.13.jar:/home/user/.m2/repository/io/netty/netty/3.10.5.Final/netty-3.10.5.Final.jar:/home/user/.m2/repository/io/netty/netty-all/4.0.52.Final/netty-all-4.0.52.Final.jar:/home/user/.m2/repository/org/fusesource/leveldbjni/leveldbjni-all/1.8/leveldbjni-all-1.8.jar:/home/user/.m2/repository/com/sun/xml/bind/jaxb-core/2.3.0.1/jaxb-core-2.3.0.1.jar:/home/user/.m2/repository/javax/xml/bind/jaxb-api/2.3.0/jaxb-api-2.3.0.jar:/home/user/.m2/repository/javax/activation/activation/1.1.1/activation-1.1.1.jar:/home/user/.m2/repository/io/dropwizard/metrics/metrics-core/3.2.4/metrics-core-3.2.4.jar:/home/user/.m2/repository/org/openjdk/jmh/jmh-core/1.19/jmh-core-1.19.jar:/home/user/.m2/repository/net/sf/jopt-simple/jopt-simple/4.6/jopt-simple-4.6.jar:/home/user/.m2/repository/org/openjdk/jmh/jmh-generator-annprocess/1.19/jmh-generator-annprocess-1.19.jar:/home/user/.m2/repository/com/google/code/findbugs/findbugs/3.0.1/findbugs-3.0.1.jar:/home/user/.m2/repository/net/jcip/jcip-annotations/1.0/jcip-annotations-1.0.jar:/home/user/.m2/repository/com/google/code/findbugs/bcel-findbugs/6.0/bcel-findbugs-6.0.jar:/home/user/.m2/repository/com/google/code/findbugs/jFormatString/2.0.1/jFormatString-2.0.1.jar:/home/user/.m2/repository/dom4j/dom4j/1.6.1/dom4j-1.6.1.jar:/home/user/.m2/repository/xml-apis/xml-apis/1.0.b2/xml-apis-1.0.b2.jar:/home/user/.m2/repository/org/ow2/asm/asm-debug-all/5.0.2/asm-debug-all-5.0.2.jar:/home/user/.m2/repository/org/ow2/asm/asm-commons/5.0.2/asm-commons-5.0.2.jar:/home/user/.m2/repository/org/ow2/asm/asm-tree/5.0.2/asm-tree-5.0.2.jar:/home/user/.m2/repository/org/ow2/asm/asm/5.0.4/asm-5.0.4.jar:/home/user/.m2/repository/commons-lang/commons-lang/2.6/commons-lang-2.6.jar:/home/user/.m2/repository/com/apple/AppleJavaExtensions/1.4/AppleJavaExtensions-1.4.jar:/home/user/.m2/repository/jaxen/jaxen/1.1.6/jaxen-1.1.6.jar:/home/user/.m2/repository/junit/junit/4.11/junit-4.11.jar:/home/user/.m2/repository/org/hamcrest/hamcrest-core/1.3/hamcrest-core-1.3.jar:/home/user/.m2/repository/org/apache/hadoop/hadoop-common/3.2.0/hadoop-common-3.2.0-tests.jar:/home/user/.m2/repository/org/apache/hadoop/hadoop-ozone-integration-test/0.5.0-SNAPSHOT/hadoop-ozone-integration-test-0.5.0-SNAPSHOT-tests.jar:/workdir/hadoop-ozone/objectstore-service/target/classes:/workdir/hadoop-ozone/s3gateway/target/classes:/home/user/.m2/repository/org/jboss/weld/servlet/weld-servlet/2.4.7.Final/weld-servlet-2.4.7.Final.jar:/home/user/.m2/repository/org/glassfish/jersey/containers/jersey-container-servlet-core/2.27/jersey-container-servlet-core-2.27.jar:/home/user/.m2/repository/org/glassfish/hk2/external/javax.inject/2.5.0-b42/javax.inject-2.5.0-b42.jar:/home/user/.m2/repository/org/glassfish/jersey/core/jersey-common/2.27/jersey-common-2.27.jar:/home/user/.m2/repository/org/glassfish/hk2/osgi-resource-locator/1.0.1/osgi-resource-locator-1.0.1.jar:/home/user/.m2/repository/javax/ws/rs/javax.ws.rs-api/2.1/javax.ws.rs-api-2.1.jar:/home/user/.m2/repository/org/glassfish/jersey/ext/cdi/jersey-cdi1x/2.27/jersey-cdi1x-2.27.jar:/home/user/.m2/repository/org/glassfish/jersey/inject/jersey-hk2/2.27/jersey-hk2-2.27.jar:/home/user/.m2/repository/org/glassfish/hk2/hk2-locator/2.5.0-b42/hk2-locator-2.5.0-b42.jar:/home/user/.m2/repository/org/javassist/javassist/3.22.0-CR2/javassist-3.22.0-CR2.jar:/home/user/.m2/repository/org/glassfish/hk2/hk2-api/2.5.0/hk2-api-2.5.0.jar:/home/user/.m2/repository/org/glassfish/hk2/external/jakarta.inject/2.5.0/jakarta.inject-2.5.0.jar:/home/user/.m2/repository/org/glassfish/hk2/hk2-utils/2.5.0/hk2-utils-2.5.0.jar:/home/user/.m2/repository/jakarta/annotation/jakarta.annotation-api/1.3.4/jakarta.annotation-api-1.3.4.jar:/home/user/.m2/repository/org/glassfish/hk2/external/aopalliance-repackaged/2.5.0/aopalliance-repackaged-2.5.0.jar:/home/user/.m2/repository/com/fasterxml/jackson/dataformat/jackson-dataformat-xml/2.9.0/jackson-dataformat-xml-2.9.0.jar:/home/user/.m2/repository/com/fasterxml/jackson/module/jackson-module-jaxb-annotations/2.9.5/jackson-module-jaxb-annotations-2.9.5.jar:/home/user/.m2/repository/javax/enterprise/cdi-api/1.2/cdi-api-1.2.jar:/home/user/.m2/repository/javax/el/javax.el-api/3.0.0/javax.el-api-3.0.0.jar:/home/user/.m2/repository/javax/interceptor/javax.interceptor-api/1.2/javax.interceptor-api-1.2.jar:/home/user/.m2/repository/javax/inject/javax.inject/1/javax.inject-1.jar:/workdir/hadoop-ozone/csi/target/classes:/home/user/.m2/repository/com/google/protobuf/protobuf-java-util/3.5.1/protobuf-java-util-3.5.1.jar:/home/user/.m2/repository/io/grpc/grpc-netty/1.17.1/grpc-netty-1.17.1.jar:/home/user/.m2/repository/io/grpc/grpc-core/1.17.1/grpc-core-1.17.1.jar:/home/user/.m2/repository/io/grpc/grpc-context/1.17.1/grpc-context-1.17.1.jar:/home/user/.m2/repository/com/google/errorprone/error_prone_annotations/2.2.0/error_prone_annotations-2.2.0.jar:/home/user/.m2/repository/org/codehaus/mojo/animal-sniffer-annotations/1.17/animal-sniffer-annotations-1.17.jar:/home/user/.m2/repository/io/opencensus/opencensus-api/0.17.0/opencensus-api-0.17.0.jar:/home/user/.m2/repository/io/opencensus/opencensus-contrib-grpc-metrics/0.17.0/opencensus-contrib-grpc-metrics-0.17.0.jar:/home/user/.m2/repository/io/netty/netty-codec-http2/4.1.30.Final/netty-codec-http2-4.1.30.Final.jar:/home/user/.m2/repository/io/netty/netty-codec-http/4.1.30.Final/netty-codec-http-4.1.30.Final.jar:/home/user/.m2/repository/io/netty/netty-codec/4.1.30.Final/netty-codec-4.1.30.Final.jar:/home/user/.m2/repository/io/netty/netty-handler/4.1.30.Final/netty-handler-4.1.30.Final.jar:/home/user/.m2/repository/io/netty/netty-handler-proxy/4.1.30.Final/netty-handler-proxy-4.1.30.Final.jar:/home/user/.m2/repository/io/netty/netty-codec-socks/4.1.30.Final/netty-codec-socks-4.1.30.Final.jar:/home/user/.m2/repository/io/netty/netty-transport-native-epoll/4.1.30.Final/netty-transport-native-epoll-4.1.30.Final.jar:/home/user/.m2/repository/io/netty/netty-common/4.1.30.Final/netty-common-4.1.30.Final.jar:/home/user/.m2/repository/io/netty/netty-buffer/4.1.30.Final/netty-buffer-4.1.30.Final.jar:/home/user/.m2/repository/io/netty/netty-transport/4.1.30.Final/netty-transport-4.1.30.Final.jar:/home/user/.m2/repository/io/netty/netty-resolver/4.1.30.Final/netty-resolver-4.1.30.Final.jar:/home/user/.m2/repository/io/netty/netty-transport-native-unix-common/4.1.30.Final/netty-transport-native-unix-common-4.1.30.Final.jar:/home/user/.m2/repository/io/grpc/grpc-protobuf/1.17.1/grpc-protobuf-1.17.1.jar:/home/user/.m2/repository/com/google/api/grpc/proto-google-common-protos/1.0.0/proto-google-common-protos-1.0.0.jar:/home/user/.m2/repository/io/grpc/grpc-protobuf-lite/1.17.1/grpc-protobuf-lite-1.17.1.jar:/home/user/.m2/repository/io/grpc/grpc-stub/1.17.1/grpc-stub-1.17.1.jar:/workdir/hadoop-ozone/ozone-recon/target/classes:/workdir/hadoop-ozone/ozone-recon-codegen/target/classes:/home/user/.m2/repository/com/google/inject/extensions/guice-multibindings/4.0/guice-multibindings-4.0.jar:/home/user/.m2/repository/com/google/inject/guice/4.0/guice-4.0.jar:/home/user/.m2/repository/aopalliance/aopalliance/1.0/aopalliance-1.0.jar:/home/user/.m2/repository/com/google/inject/extensions/guice-servlet/4.0/guice-servlet-4.0.jar:/home/user/.m2/repository/org/glassfish/jersey/containers/jersey-container-servlet/2.27/jersey-container-servlet-2.27.jar:/home/user/.m2/repository/org/glassfish/hk2/guice-bridge/2.5.0/guice-bridge-2.5.0.jar:/home/user/.m2/repository/org/glassfish/jersey/core/jersey-server/2.27/jersey-server-2.27.jar:/home/user/.m2/repository/org/glassfish/jersey/core/jersey-client/2.27/jersey-client-2.27.jar:/home/user/.m2/repository/org/glassfish/jersey/media/jersey-media-jaxb/2.27/jersey-media-jaxb-2.27.jar:/home/user/.m2/repository/javax/validation/validation-api/1.1.0.Final/validation-api-1.1.0.Final.jar:/home/user/.m2/repository/org/glassfish/jersey/media/jersey-media-json-jackson/2.27/jersey-media-json-jackson-2.27.jar:/home/user/.m2/repository/org/glassfish/jersey/ext/jersey-entity-filtering/2.27/jersey-entity-filtering-2.27.jar:/home/user/.m2/repository/com/google/inject/extensions/guice-assistedinject/4.0/guice-assistedinject-4.0.jar:/home/user/.m2/repository/org/jooq/jooq/3.11.10/jooq-3.11.10.jar:/home/user/.m2/repository/org/jooq/jooq-meta/3.11.10/jooq-meta-3.11.10.jar:/home/user/.m2/repository/org/jooq/jooq-codegen/3.11.10/jooq-codegen-3.11.10.jar:/home/user/.m2/repository/com/jolbox/bonecp/0.8.0.RELEASE/bonecp-0.8.0.RELEASE.jar:/home/user/.m2/repository/org/springframework/spring-jdbc/5.1.3.RELEASE/spring-jdbc-5.1.3.RELEASE.jar:/home/user/.m2/repository/org/springframework/spring-beans/5.1.3.RELEASE/spring-beans-5.1.3.RELEASE.jar:/home/user/.m2/repository/org/springframework/spring-core/5.1.3.RELEASE/spring-core-5.1.3.RELEASE.jar:/home/user/.m2/repository/org/springframework/spring-jcl/5.1.3.RELEASE/spring-jcl-5.1.3.RELEASE.jar:/home/user/.m2/repository/org/springframework/spring-tx/5.1.3.RELEASE/spring-tx-5.1.3.RELEASE.jar:/home/user/.m2/repository/org/mockito/mockito-core/2.15.0/mockito-core-2.15.0.jar:/home/user/.m2/repository/net/bytebuddy/byte-buddy/1.7.9/byte-buddy-1.7.9.jar:/home/user/.m2/repository/net/bytebuddy/byte-buddy-agent/1.7.9/byte-buddy-agent-1.7.9.jar:/home/user/.m2/repository/org/objenesis/objenesis/1.0/objenesis-1.0.jar:"/>
    <property name="sun.cpu.endian" value="little"/>
    <property name="user.home" value="/home/user"/>
    <property name="user.language" value="en"/>
    <property name="java.specification.vendor" value="Oracle Corporation"/>
    <property name="java.home" value="/usr/lib/jvm/java-1.8-openjdk/jre"/>
    <property name="java.security.krb5.conf" value="/workdir/hadoop-ozone/tools/target/test-classes/krb5.conf"/>
    <property name="basedir" value="/workdir/hadoop-ozone/tools"/>
    <property name="file.separator" value="/"/>
    <property name="line.separator" value="&#10;"/>
    <property name="java.vm.specification.vendor" value="Oracle Corporation"/>
    <property name="java.specification.name" value="Java Platform API Specification"/>
    <property name="java.awt.graphicsenv" value="sun.awt.X11GraphicsEnvironment"/>
    <property name="surefire.real.class.path" value="/workdir/hadoop-ozone/tools/target/surefire/surefirebooter8445110158286616624.jar"/>
    <property name="hadoop.log.dir" value="/workdir/hadoop-ozone/tools/target/log"/>
    <property name="sun.boot.class.path" value="/usr/lib/jvm/java-1.8-openjdk/jre/lib/resources.jar:/usr/lib/jvm/java-1.8-openjdk/jre/lib/rt.jar:/usr/lib/jvm/java-1.8-openjdk/jre/lib/sunrsasign.jar:/usr/lib/jvm/java-1.8-openjdk/jre/lib/jsse.jar:/usr/lib/jvm/java-1.8-openjdk/jre/lib/jce.jar:/usr/lib/jvm/java-1.8-openjdk/jre/lib/charsets.jar:/usr/lib/jvm/java-1.8-openjdk/jre/lib/jfr.jar:/usr/lib/jvm/java-1.8-openjdk/jre/classes"/>
    <property name="sun.management.compiler" value="HotSpot 64-Bit Tiered Compilers"/>
    <property name="java.runtime.version" value="1.8.0_212-b04"/>
    <property name="java.net.preferIPv4Stack" value="true"/>
    <property name="user.name" value="jenkins1000"/>
    <property name="path.separator" value=":"/>
    <property name="java.security.egd" value="file:///dev/urandom"/>
    <property name="os.version" value="3.10.0-957.12.2.el7.x86_64"/>
    <property name="java.endorsed.dirs" value="/usr/lib/jvm/java-1.8-openjdk/jre/lib/endorsed"/>
    <property name="java.runtime.name" value="OpenJDK Runtime Environment"/>
    <property name="file.encoding" value="UTF-8"/>
    <property name="java.vm.name" value="OpenJDK 64-Bit Server VM"/>
    <property name="test.build.webapps" value=""/>
    <property name="localRepository" value="/home/user/.m2/repository"/>
    <property name="java.vendor.url.bug" value="https://icedtea.classpath.org/bugzilla"/>
    <property name="java.io.tmpdir" value="/tmp"/>
    <property name="require.test.libhadoop" value=""/>
    <property name="java.version" value="1.8.0_212"/>
    <property name="user.dir" value="/workdir/hadoop-ozone/tools"/>
    <property name="os.arch" value="amd64"/>
    <property name="java.vm.specification.name" value="Java Virtual Machine Specification"/>
    <property name="test.build.classes" value="/workdir/hadoop-ozone/tools/target/test-classes"/>
    <property name="java.awt.printerjob" value="sun.print.PSPrinterJob"/>
    <property name="sun.os.patch.level" value="unknown"/>
    <property name="hadoop.tmp.dir" value="/workdir/hadoop-ozone/tools/target/tmp"/>
    <property name="java.library.path" value="/usr/lib/jvm/java-1.8-openjdk/jre/lib/amd64/server:/usr/lib/jvm/java-1.8-openjdk/jre/lib/amd64:/usr/lib/jvm/java-1.8-openjdk/jre/../lib/amd64:/workdir/hadoop-ozone/tools/target/native/target/usr/local/lib:/workdir/hadoop-ozone/tools/../../hadoop-common-project/hadoop-common/target/native/target/usr/local/lib:/usr/java/packages/lib/amd64:/usr/lib64:/lib64:/lib:/usr/lib"/>
    <property name="java.vm.info" value="mixed mode"/>
    <property name="java.vendor" value="IcedTea"/>
    <property name="java.vm.version" value="25.212-b04"/>
    <property name="java.ext.dirs" value="/usr/lib/jvm/java-1.8-openjdk/jre/lib/ext:/usr/java/packages/lib/ext"/>
    <property name="sun.io.unicode.encoding" value="UnicodeLittle"/>
    <property name="java.class.version" value="52.0"/>
  </properties>
  <testcase name="testRestart" classname="org.apache.hadoop.ozone.freon.TestFreonWithPipelineDestroy" time="15.408">
    <error message="Unexpected Storage Container Exception: org.apache.hadoop.hdds.scm.container.common.helpers.StorageContainerException: ContainerID 3 does not exist" type="java.io.IOException">java.io.IOException: Unexpected Storage Container Exception: org.apache.hadoop.hdds.scm.container.common.helpers.StorageContainerException: ContainerID 3 does not exist
	at org.apache.hadoop.hdds.scm.storage.BlockOutputStream.setIoException(BlockOutputStream.java:542)
	at org.apache.hadoop.hdds.scm.storage.BlockOutputStream.validateResponse(BlockOutputStream.java:533)
	at org.apache.hadoop.hdds.scm.storage.BlockOutputStream.lambda$writeChunkToContainer$2(BlockOutputStream.java:607)
	at java.util.concurrent.CompletableFuture.uniApply(CompletableFuture.java:602)
	at java.util.concurrent.CompletableFuture$UniApply.tryFire(CompletableFuture.java:577)
	at java.util.concurrent.CompletableFuture$Completion.run(CompletableFuture.java:442)
	at java.util.concurrent.ThreadPoolExecutor.runWorker(ThreadPoolExecutor.java:1149)
	at java.util.concurrent.ThreadPoolExecutor$Worker.run(ThreadPoolExecutor.java:624)
	at java.lang.Thread.run(Thread.java:748)
Caused by: org.apache.hadoop.hdds.scm.container.common.helpers.StorageContainerException: ContainerID 3 does not exist
	at org.apache.hadoop.hdds.scm.storage.ContainerProtocolCalls.validateContainerResponse(ContainerProtocolCalls.java:536)
	at org.apache.hadoop.hdds.scm.storage.BlockOutputStream.validateResponse(BlockOutputStream.java:530)
	... 7 more
</error>
    <system-out><![CDATA[2019-07-16 13:42:09,720 WARN  server.ServerUtils (ServerUtils.java:getScmDbDir(145)) - ozone.scm.db.dirs is not configured. We recommend adding this setting. Falling back to ozone.metadata.dirs instead.
2019-07-16 13:42:09,838 WARN  server.ServerUtils (ServerUtils.java:getScmDbDir(145)) - ozone.scm.db.dirs is not configured. We recommend adding this setting. Falling back to ozone.metadata.dirs instead.
2019-07-16 13:42:09,841 WARN  server.ServerUtils (ServerUtils.java:getScmDbDir(145)) - ozone.scm.db.dirs is not configured. We recommend adding this setting. Falling back to ozone.metadata.dirs instead.
2019-07-16 13:42:09,858 INFO  util.log (Log.java:initialized(192)) - Logging initialized @928ms
2019-07-16 13:42:09,969 INFO  db.DBStoreBuilder (DBStoreBuilder.java:addTable(110)) - using custom profile for table: deletedBlocks
2019-07-16 13:42:09,974 INFO  db.DBStoreBuilder (DBStoreBuilder.java:processTables(161)) - Using default column profile:DBProfile.DISK for Table:deletedBlocks
2019-07-16 13:42:09,975 INFO  db.DBStoreBuilder (DBStoreBuilder.java:addTable(110)) - using custom profile for table: validCerts
2019-07-16 13:42:09,975 INFO  db.DBStoreBuilder (DBStoreBuilder.java:processTables(161)) - Using default column profile:DBProfile.DISK for Table:validCerts
2019-07-16 13:42:09,976 INFO  db.DBStoreBuilder (DBStoreBuilder.java:addTable(110)) - using custom profile for table: revokedCerts
2019-07-16 13:42:09,976 INFO  db.DBStoreBuilder (DBStoreBuilder.java:processTables(161)) - Using default column profile:DBProfile.DISK for Table:revokedCerts
2019-07-16 13:42:09,992 INFO  db.DBStoreBuilder (DBStoreBuilder.java:addTable(110)) - using custom profile for table: default
2019-07-16 13:42:09,992 INFO  db.DBStoreBuilder (DBStoreBuilder.java:processTables(167)) - Using default column profile:DBProfile.DISK for Table:default
2019-07-16 13:42:09,993 INFO  db.DBStoreBuilder (DBStoreBuilder.java:getDbProfile(198)) - Using default options. DBProfile.DISK
2019-07-16 13:42:10,187 INFO  net.NodeSchemaLoader (NodeSchemaLoader.java:loadSchemaFromFile(125)) - Loading file from sun.misc.CompoundEnumeration@12b0404f
2019-07-16 13:42:10,189 INFO  net.NodeSchemaLoader (NodeSchemaLoader.java:loadSchema(171)) - Loading network topology layer schema file
2019-07-16 13:42:10,271 INFO  node.SCMNodeManager (SCMNodeManager.java:<init>(119)) - Entering startup safe mode.
2019-07-16 13:42:10,357 WARN  server.ServerUtils (ServerUtils.java:getScmDbDir(145)) - ozone.scm.db.dirs is not configured. We recommend adding this setting. Falling back to ozone.metadata.dirs instead.
2019-07-16 13:42:10,417 INFO  pipeline.SCMPipelineManager (SCMPipelineManager.java:initializePipelineState(126)) - No pipeline exists in current db
2019-07-16 13:42:10,419 WARN  server.ServerUtils (ServerUtils.java:getScmDbDir(145)) - ozone.scm.db.dirs is not configured. We recommend adding this setting. Falling back to ozone.metadata.dirs instead.
2019-07-16 13:42:10,536 WARN  events.EventQueue (EventQueue.java:fireEvent(175)) - No event handler registered for event TypedEvent{payloadType=SafeModeStatus, name='SafeModeStatus'}
2019-07-16 13:42:10,921 INFO  ipc.CallQueueManager (CallQueueManager.java:<init>(84)) - Using callQueue: class java.util.concurrent.LinkedBlockingQueue, queueCapacity: 2000, scheduler: class org.apache.hadoop.ipc.DefaultRpcScheduler, ipcBackoff: false.
2019-07-16 13:42:10,951 INFO  ipc.Server (Server.java:run(1074)) - Starting Socket Reader #1 for port 40408
2019-07-16 13:42:10,982 INFO  ipc.CallQueueManager (CallQueueManager.java:<init>(84)) - Using callQueue: class java.util.concurrent.LinkedBlockingQueue, queueCapacity: 2000, scheduler: class org.apache.hadoop.ipc.DefaultRpcScheduler, ipcBackoff: false.
2019-07-16 13:42:10,983 INFO  ipc.Server (Server.java:run(1074)) - Starting Socket Reader #1 for port 33878
2019-07-16 13:42:10,994 INFO  ipc.CallQueueManager (CallQueueManager.java:<init>(84)) - Using callQueue: class java.util.concurrent.LinkedBlockingQueue, queueCapacity: 2000, scheduler: class org.apache.hadoop.ipc.DefaultRpcScheduler, ipcBackoff: false.
2019-07-16 13:42:10,995 INFO  ipc.Server (Server.java:run(1074)) - Starting Socket Reader #1 for port 38810
2019-07-16 13:42:11,128 INFO  hdfs.DFSUtil (DFSUtil.java:httpServerTemplateForNNAndJN(1641)) - Starting Web-server for scm at: http://0.0.0.0:0
2019-07-16 13:42:11,285 INFO  server.AuthenticationFilter (AuthenticationFilter.java:constructSecretProvider(240)) - Unable to initialize FileSignerSecretProvider, falling back to use random secrets.
2019-07-16 13:42:11,302 WARN  http.HttpRequestLog (HttpRequestLog.java:getRequestLog(97)) - Jetty request log can only be enabled using Log4j
2019-07-16 13:42:11,310 INFO  http.HttpServer2 (HttpServer2.java:addGlobalFilter(975)) - Added global filter 'safety' (class=org.apache.hadoop.http.HttpServer2$QuotingInputFilter)
2019-07-16 13:42:11,313 INFO  http.HttpServer2 (HttpServer2.java:addFilter(948)) - Added filter static_user_filter (class=org.apache.hadoop.http.lib.StaticUserWebFilter$StaticUserFilter) to context scm
2019-07-16 13:42:11,313 INFO  http.HttpServer2 (HttpServer2.java:addFilter(958)) - Added filter static_user_filter (class=org.apache.hadoop.http.lib.StaticUserWebFilter$StaticUserFilter) to context logs
2019-07-16 13:42:11,314 INFO  http.HttpServer2 (HttpServer2.java:addFilter(958)) - Added filter static_user_filter (class=org.apache.hadoop.http.lib.StaticUserWebFilter$StaticUserFilter) to context static
2019-07-16 13:42:11,340 INFO  server.StorageContainerManager (StorageContainerManager.java:start(759)) - StorageContainerLocationProtocol RPC server is listening at /0.0.0.0:38810
2019-07-16 13:42:11,416 WARN  impl.MetricsConfig (MetricsConfig.java:loadFirst(134)) - Cannot locate configuration: tried hadoop-metrics2-storagecontainermanager.properties,hadoop-metrics2.properties
2019-07-16 13:42:11,434 INFO  impl.MetricsSystemImpl (MetricsSystemImpl.java:startTimer(374)) - Scheduled Metric snapshot period at 10 second(s).
2019-07-16 13:42:11,434 INFO  impl.MetricsSystemImpl (MetricsSystemImpl.java:start(191)) - StorageContainerManager metrics system started
2019-07-16 13:42:11,661 INFO  server.SCMClientProtocolServer (SCMClientProtocolServer.java:start(149)) - RPC server for Client  is listening at /0.0.0.0:38810
2019-07-16 13:42:11,662 INFO  ipc.Server (Server.java:run(1314)) - IPC Server Responder: starting
2019-07-16 13:42:11,662 INFO  ipc.Server (Server.java:run(1153)) - IPC Server listener on 38810: starting
2019-07-16 13:42:11,666 INFO  server.StorageContainerManager (StorageContainerManager.java:start(768)) - ScmBlockLocationProtocol RPC server is listening at /0.0.0.0:33878
2019-07-16 13:42:11,666 INFO  server.SCMBlockProtocolServer (SCMBlockProtocolServer.java:start(140)) - RPC server for Block Protocol is listening at /0.0.0.0:33878
2019-07-16 13:42:11,666 INFO  ipc.Server (Server.java:run(1314)) - IPC Server Responder: starting
2019-07-16 13:42:11,666 INFO  ipc.Server (Server.java:run(1153)) - IPC Server listener on 33878: starting
2019-07-16 13:42:11,677 INFO  server.StorageContainerManager (StorageContainerManager.java:start(772)) - ScmDatanodeProtocl RPC server is listening at /0.0.0.0:40408
2019-07-16 13:42:11,677 INFO  server.SCMDatanodeProtocolServer (SCMDatanodeProtocolServer.java:start(191)) - RPC server for DataNodes is listening at /0.0.0.0:40408
2019-07-16 13:42:11,679 INFO  ipc.Server (Server.java:run(1153)) - IPC Server listener on 40408: starting
2019-07-16 13:42:11,680 INFO  ipc.Server (Server.java:run(1314)) - IPC Server Responder: starting
2019-07-16 13:42:11,693 INFO  http.HttpServer2 (HttpServer2.java:bindListener(1191)) - Jetty bound to port 43473
2019-07-16 13:42:11,695 INFO  server.Server (Server.java:doStart(351)) - jetty-9.3.24.v20180605, build timestamp: 2018-06-05T17:11:56Z, git hash: 84205aa28f11a4f31f2a3b86d1bba2cc8ab69827
2019-07-16 13:42:11,734 INFO  handler.ContextHandler (ContextHandler.java:doStart(781)) - Started o.e.j.s.ServletContextHandler@413f69cc{/logs,file:///workdir/hadoop-ozone/tools/target/log,AVAILABLE}
2019-07-16 13:42:11,734 INFO  handler.ContextHandler (ContextHandler.java:doStart(781)) - Started o.e.j.s.ServletContextHandler@1b75c2e3{/static,file:///workdir/hadoop-hdds/server-scm/target/classes/webapps/static/,AVAILABLE}
2019-07-16 13:42:11,764 INFO  handler.ContextHandler (ContextHandler.java:doStart(781)) - Started o.e.j.w.WebAppContext@2ece4966{/,file:///workdir/hadoop-hdds/server-scm/target/classes/webapps/scm/,AVAILABLE}{/scm}
2019-07-16 13:42:11,769 INFO  server.AbstractConnector (AbstractConnector.java:doStart(278)) - Started ServerConnector@4bff1903{HTTP/1.1,[http/1.1]}{0.0.0.0:43473}
2019-07-16 13:42:11,769 INFO  server.Server (Server.java:doStart(419)) - Started @2840ms
2019-07-16 13:42:11,771 INFO  server.BaseHttpServer (BaseHttpServer.java:updateConnectorAddress(207)) - HTTP server of SCM is listening at http://0.0.0.0:43473
2019-07-16 13:42:11,783 INFO  util.JvmPauseMonitor (JvmPauseMonitor.java:run(188)) - Starting JVM pause monitor
2019-07-16 13:42:11,786 WARN  server.ServerUtils (ServerUtils.java:getDBPath(222)) - ozone.om.db.dirs is not configured. We recommend adding this setting. Falling back to ozone.metadata.dirs instead.
2019-07-16 13:42:11,898 WARN  server.ServerUtils (ServerUtils.java:getDBPath(222)) - ozone.om.db.dirs is not configured. We recommend adding this setting. Falling back to ozone.metadata.dirs instead.
2019-07-16 13:42:11,899 INFO  om.OzoneManager (OzoneManager.java:setOMNodeDetails(626)) - OM Service ID is not set. Setting it to the default ID: omServiceIdDefault
2019-07-16 13:42:11,899 INFO  om.OzoneManager (OzoneManager.java:setOMNodeDetails(632)) - OM Node ID is not set. Setting it to the OmStorage's OmID: 24eda1ac-1517-46ce-ab75-9bb039caa4f8
2019-07-16 13:42:11,900 INFO  om.OzoneManager (OzoneManager.java:loadOMHAConfigs(583)) - Found matching OM address with OMServiceId: null, OMNodeId: null, RPC Address: localhost:0 and Ratis port: 9872
2019-07-16 13:42:12,161 WARN  server.ServerUtils (ServerUtils.java:getDBPath(222)) - ozone.om.db.dirs is not configured. We recommend adding this setting. Falling back to ozone.metadata.dirs instead.
2019-07-16 13:42:12,172 INFO  db.DBStoreBuilder (DBStoreBuilder.java:addTable(110)) - using custom profile for table: userTable
2019-07-16 13:42:12,173 INFO  db.DBStoreBuilder (DBStoreBuilder.java:processTables(161)) - Using default column profile:DBProfile.DISK for Table:userTable
2019-07-16 13:42:12,173 INFO  db.DBStoreBuilder (DBStoreBuilder.java:addTable(110)) - using custom profile for table: volumeTable
2019-07-16 13:42:12,173 INFO  db.DBStoreBuilder (DBStoreBuilder.java:processTables(161)) - Using default column profile:DBProfile.DISK for Table:volumeTable
2019-07-16 13:42:12,174 INFO  db.DBStoreBuilder (DBStoreBuilder.java:addTable(110)) - using custom profile for table: bucketTable
2019-07-16 13:42:12,174 INFO  db.DBStoreBuilder (DBStoreBuilder.java:processTables(161)) - Using default column profile:DBProfile.DISK for Table:bucketTable
2019-07-16 13:42:12,175 INFO  db.DBStoreBuilder (DBStoreBuilder.java:addTable(110)) - using custom profile for table: keyTable
2019-07-16 13:42:12,175 INFO  db.DBStoreBuilder (DBStoreBuilder.java:processTables(161)) - Using default column profile:DBProfile.DISK for Table:keyTable
2019-07-16 13:42:12,175 INFO  db.DBStoreBuilder (DBStoreBuilder.java:addTable(110)) - using custom profile for table: deletedTable
2019-07-16 13:42:12,176 INFO  db.DBStoreBuilder (DBStoreBuilder.java:processTables(161)) - Using default column profile:DBProfile.DISK for Table:deletedTable
2019-07-16 13:42:12,176 INFO  db.DBStoreBuilder (DBStoreBuilder.java:addTable(110)) - using custom profile for table: openKeyTable
2019-07-16 13:42:12,176 INFO  db.DBStoreBuilder (DBStoreBuilder.java:processTables(161)) - Using default column profile:DBProfile.DISK for Table:openKeyTable
2019-07-16 13:42:12,177 INFO  db.DBStoreBuilder (DBStoreBuilder.java:addTable(110)) - using custom profile for table: s3Table
2019-07-16 13:42:12,177 INFO  db.DBStoreBuilder (DBStoreBuilder.java:processTables(161)) - Using default column profile:DBProfile.DISK for Table:s3Table
2019-07-16 13:42:12,178 INFO  db.DBStoreBuilder (DBStoreBuilder.java:addTable(110)) - using custom profile for table: multipartInfoTable
2019-07-16 13:42:12,178 INFO  db.DBStoreBuilder (DBStoreBuilder.java:processTables(161)) - Using default column profile:DBProfile.DISK for Table:multipartInfoTable
2019-07-16 13:42:12,178 INFO  db.DBStoreBuilder (DBStoreBuilder.java:addTable(110)) - using custom profile for table: dTokenTable
2019-07-16 13:42:12,179 INFO  db.DBStoreBuilder (DBStoreBuilder.java:processTables(161)) - Using default column profile:DBProfile.DISK for Table:dTokenTable
2019-07-16 13:42:12,179 INFO  db.DBStoreBuilder (DBStoreBuilder.java:addTable(110)) - using custom profile for table: s3SecretTable
2019-07-16 13:42:12,180 INFO  db.DBStoreBuilder (DBStoreBuilder.java:processTables(161)) - Using default column profile:DBProfile.DISK for Table:s3SecretTable
2019-07-16 13:42:12,180 INFO  db.DBStoreBuilder (DBStoreBuilder.java:addTable(110)) - using custom profile for table: prefixTable
2019-07-16 13:42:12,180 INFO  db.DBStoreBuilder (DBStoreBuilder.java:processTables(161)) - Using default column profile:DBProfile.DISK for Table:prefixTable
2019-07-16 13:42:12,181 INFO  db.DBStoreBuilder (DBStoreBuilder.java:addTable(110)) - using custom profile for table: default
2019-07-16 13:42:12,181 INFO  db.DBStoreBuilder (DBStoreBuilder.java:processTables(167)) - Using default column profile:DBProfile.DISK for Table:default
2019-07-16 13:42:12,181 INFO  db.DBStoreBuilder (DBStoreBuilder.java:getDbProfile(198)) - Using default options. DBProfile.DISK
2019-07-16 13:42:13,025 INFO  ipc.CallQueueManager (CallQueueManager.java:<init>(84)) - Using callQueue: class java.util.concurrent.LinkedBlockingQueue, queueCapacity: 2000, scheduler: class org.apache.hadoop.ipc.DefaultRpcScheduler, ipcBackoff: false.
2019-07-16 13:42:13,026 INFO  ipc.Server (Server.java:run(1074)) - Starting Socket Reader #1 for port 40259
2019-07-16 13:42:13,055 WARN  server.ServerUtils (ServerUtils.java:getDBPath(222)) - ozone.om.db.dirs is not configured. We recommend adding this setting. Falling back to ozone.metadata.dirs instead.
2019-07-16 13:42:13,055 INFO  om.OzoneManager (OzoneManager.java:start(1224)) - OzoneManager RPC server is listening at localhost/127.0.0.1:40259
2019-07-16 13:42:13,056 INFO  impl.MetricsSystemImpl (MetricsSystemImpl.java:init(158)) - OzoneManager metrics system started (again)
2019-07-16 13:42:13,057 INFO  ipc.Server (Server.java:run(1153)) - IPC Server listener on 40259: starting
2019-07-16 13:42:13,058 INFO  ipc.Server (Server.java:run(1314)) - IPC Server Responder: starting
2019-07-16 13:42:13,073 INFO  hdfs.DFSUtil (DFSUtil.java:httpServerTemplateForNNAndJN(1641)) - Starting Web-server for ozoneManager at: http://0.0.0.0:0
2019-07-16 13:42:13,076 INFO  server.AuthenticationFilter (AuthenticationFilter.java:constructSecretProvider(240)) - Unable to initialize FileSignerSecretProvider, falling back to use random secrets.
2019-07-16 13:42:13,077 WARN  http.HttpRequestLog (HttpRequestLog.java:getRequestLog(97)) - Jetty request log can only be enabled using Log4j
2019-07-16 13:42:13,080 INFO  http.HttpServer2 (HttpServer2.java:addGlobalFilter(975)) - Added global filter 'safety' (class=org.apache.hadoop.http.HttpServer2$QuotingInputFilter)
2019-07-16 13:42:13,082 INFO  http.HttpServer2 (HttpServer2.java:addFilter(948)) - Added filter static_user_filter (class=org.apache.hadoop.http.lib.StaticUserWebFilter$StaticUserFilter) to context ozoneManager
2019-07-16 13:42:13,082 INFO  http.HttpServer2 (HttpServer2.java:addFilter(958)) - Added filter static_user_filter (class=org.apache.hadoop.http.lib.StaticUserWebFilter$StaticUserFilter) to context static
2019-07-16 13:42:13,082 INFO  http.HttpServer2 (HttpServer2.java:addFilter(958)) - Added filter static_user_filter (class=org.apache.hadoop.http.lib.StaticUserWebFilter$StaticUserFilter) to context logs
2019-07-16 13:42:13,085 INFO  http.HttpServer2 (HttpServer2.java:bindListener(1191)) - Jetty bound to port 45872
2019-07-16 13:42:13,085 INFO  server.Server (Server.java:doStart(351)) - jetty-9.3.24.v20180605, build timestamp: 2018-06-05T17:11:56Z, git hash: 84205aa28f11a4f31f2a3b86d1bba2cc8ab69827
2019-07-16 13:42:13,088 INFO  handler.ContextHandler (ContextHandler.java:doStart(781)) - Started o.e.j.s.ServletContextHandler@5aa360ea{/logs,file:///workdir/hadoop-ozone/tools/target/log,AVAILABLE}
2019-07-16 13:42:13,090 INFO  handler.ContextHandler (ContextHandler.java:doStart(781)) - Started o.e.j.s.ServletContextHandler@e27ba81{/static,file:///workdir/hadoop-ozone/ozone-manager/target/classes/webapps/static/,AVAILABLE}
2019-07-16 13:42:13,097 INFO  handler.ContextHandler (ContextHandler.java:doStart(781)) - Started o.e.j.w.WebAppContext@704b2127{/,file:///workdir/hadoop-ozone/ozone-manager/target/classes/webapps/ozoneManager/,AVAILABLE}{/ozoneManager}
2019-07-16 13:42:13,098 INFO  server.AbstractConnector (AbstractConnector.java:doStart(278)) - Started ServerConnector@3ee39da0{HTTP/1.1,[http/1.1]}{0.0.0.0:45872}
2019-07-16 13:42:13,100 INFO  server.Server (Server.java:doStart(419)) - Started @4171ms
2019-07-16 13:42:13,101 INFO  server.BaseHttpServer (BaseHttpServer.java:updateConnectorAddress(207)) - HTTP server of OZONEMANAGER is listening at http://0.0.0.0:45872
2019-07-16 13:42:13,379 INFO  impl.MetricsSystemImpl (MetricsSystemImpl.java:init(158)) - HddsDatanode metrics system started (again)
2019-07-16 13:42:13,464 INFO  ozone.HddsDatanodeService (HddsDatanodeService.java:start(185)) - HddsDatanodeService host:trunk-nightly-gllmw-1004605419 ip:192.168.69.87
2019-07-16 13:42:13,497 INFO  volume.HddsVolume (HddsVolume.java:<init>(176)) - Creating Volume: /workdir/hadoop-ozone/tools/target/test-dir/MiniOzoneClusterImpl-d62beaea-244a-4d89-9ac7-1901a54c6a00/datanode-0/data/containers/hdds of  storage type : DISK and capacity : 52710309888
2019-07-16 13:42:13,499 INFO  volume.VolumeSet (VolumeSet.java:initializeVolumeSet(170)) - Added Volume : /workdir/hadoop-ozone/tools/target/test-dir/MiniOzoneClusterImpl-d62beaea-244a-4d89-9ac7-1901a54c6a00/datanode-0/data/containers/hdds to VolumeSet
2019-07-16 13:42:13,502 INFO  volume.ThrottledAsyncChecker (ThrottledAsyncChecker.java:schedule(140)) - Scheduling a check for org.apache.hadoop.ozone.container.common.volume.HddsVolume@17ca8b92
2019-07-16 13:42:13,521 INFO  volume.HddsVolumeChecker (HddsVolumeChecker.java:checkAllVolumes(203)) - Scheduled health check for volume org.apache.hadoop.ozone.container.common.volume.HddsVolume@17ca8b92
2019-07-16 13:42:13,637 INFO  impl.RaftServerProxy (ConfUtils.java:logGet(43)) - raft.rpc.type = GRPC (default)
2019-07-16 13:42:13,705 INFO  grpc.GrpcFactory (GrpcFactory.java:checkPooledByteBufAllocatorUseCacheForAllThreads(45)) - PERFORMANCE WARNING: useCacheForAllThreads is true that may cause Netty to create a lot garbage objects and, as a result, trigger GC.
	It is recommended to disable useCacheForAllThreads by setting -Dorg.apache.ratis.thirdparty.io.netty.allocator.useCacheForAllThreads=false in command line.
2019-07-16 13:42:13,709 INFO  grpc.GrpcConfigKeys$Server (ConfUtils.java:logGet(43)) - raft.grpc.server.port = 0 (default)
2019-07-16 13:42:13,710 INFO  server.GrpcService (ConfUtils.java:logGet(43)) - raft.grpc.message.size.max = 33570816 (custom)
2019-07-16 13:42:13,711 INFO  server.RaftServerConfigKeys (ConfUtils.java:logGet(43)) - raft.server.log.appender.buffer.byte-limit = 33554432 (custom)
2019-07-16 13:42:13,712 INFO  server.GrpcService (ConfUtils.java:logGet(43)) - raft.grpc.flow.control.window = 1MB (=1048576) (default)
2019-07-16 13:42:13,713 INFO  server.RaftServerConfigKeys (ConfUtils.java:logGet(43)) - raft.server.rpc.request.timeout = 3000ms (default)
2019-07-16 13:42:13,877 INFO  server.RaftServerConfigKeys (ConfUtils.java:logGet(43)) - raft.server.storage.dir = [/workdir/hadoop-ozone/tools/target/test-dir/MiniOzoneClusterImpl-d62beaea-244a-4d89-9ac7-1901a54c6a00/datanode-0/data/ratis] (custom)
2019-07-16 13:42:13,915 INFO  replication.SimpleContainerDownloader (SimpleContainerDownloader.java:<init>(72)) - Starting container downloader service to copy containers to replicate.
2019-07-16 13:42:13,927 INFO  hdfs.DFSUtil (DFSUtil.java:httpServerTemplateForNNAndJN(1641)) - Starting Web-server for hddsDatanode at: http://0.0.0.0:0
2019-07-16 13:42:13,933 INFO  server.AuthenticationFilter (AuthenticationFilter.java:constructSecretProvider(240)) - Unable to initialize FileSignerSecretProvider, falling back to use random secrets.
2019-07-16 13:42:13,935 WARN  http.HttpRequestLog (HttpRequestLog.java:getRequestLog(97)) - Jetty request log can only be enabled using Log4j
2019-07-16 13:42:13,939 INFO  http.HttpServer2 (HttpServer2.java:addGlobalFilter(975)) - Added global filter 'safety' (class=org.apache.hadoop.http.HttpServer2$QuotingInputFilter)
2019-07-16 13:42:13,940 INFO  http.HttpServer2 (HttpServer2.java:addFilter(948)) - Added filter static_user_filter (class=org.apache.hadoop.http.lib.StaticUserWebFilter$StaticUserFilter) to context hddsDatanode
2019-07-16 13:42:13,940 INFO  http.HttpServer2 (HttpServer2.java:addFilter(958)) - Added filter static_user_filter (class=org.apache.hadoop.http.lib.StaticUserWebFilter$StaticUserFilter) to context static
2019-07-16 13:42:13,940 INFO  http.HttpServer2 (HttpServer2.java:addFilter(958)) - Added filter static_user_filter (class=org.apache.hadoop.http.lib.StaticUserWebFilter$StaticUserFilter) to context logs
2019-07-16 13:42:13,942 INFO  http.HttpServer2 (HttpServer2.java:bindListener(1191)) - Jetty bound to port 33897
2019-07-16 13:42:13,943 INFO  server.Server (Server.java:doStart(351)) - jetty-9.3.24.v20180605, build timestamp: 2018-06-05T17:11:56Z, git hash: 84205aa28f11a4f31f2a3b86d1bba2cc8ab69827
2019-07-16 13:42:13,946 INFO  handler.ContextHandler (ContextHandler.java:doStart(781)) - Started o.e.j.s.ServletContextHandler@66ad7bf0{/logs,file:///workdir/hadoop-ozone/tools/target/log,AVAILABLE}
2019-07-16 13:42:13,947 INFO  handler.ContextHandler (ContextHandler.java:doStart(781)) - Started o.e.j.s.ServletContextHandler@138caeca{/static,file:///workdir/hadoop-hdds/container-service/target/classes/webapps/static,AVAILABLE}
2019-07-16 13:42:13,954 INFO  handler.ContextHandler (ContextHandler.java:doStart(781)) - Started o.e.j.w.WebAppContext@6e8a9c30{/,file:///workdir/hadoop-hdds/container-service/target/classes/webapps/hddsDatanode/,AVAILABLE}{/hddsDatanode}
2019-07-16 13:42:13,955 INFO  server.AbstractConnector (AbstractConnector.java:doStart(278)) - Started ServerConnector@5d01ea21{HTTP/1.1,[http/1.1]}{0.0.0.0:33897}
2019-07-16 13:42:13,956 INFO  server.Server (Server.java:doStart(419)) - Started @5026ms
2019-07-16 13:42:13,958 INFO  server.BaseHttpServer (BaseHttpServer.java:updateConnectorAddress(207)) - HTTP server of HDDSDATANODE is listening at http://0.0.0.0:33897
2019-07-16 13:42:14,990 INFO  ozone.HddsDatanodeService (HddsDatanodeService.java:startPlugins(396)) - Started plug-in org.apache.hadoop.ozone.web.OzoneHddsDatanodeService@590f0c50
2019-07-16 13:42:14,992 INFO  impl.MetricsSystemImpl (MetricsSystemImpl.java:init(158)) - HddsDatanode metrics system started (again)
2019-07-16 13:42:14,994 INFO  ozone.HddsDatanodeService (HddsDatanodeService.java:start(185)) - HddsDatanodeService host:trunk-nightly-gllmw-1004605419 ip:192.168.69.87
2019-07-16 13:42:15,000 INFO  util.JvmPauseMonitor (JvmPauseMonitor.java:run(188)) - Starting JVM pause monitor
2019-07-16 13:42:15,006 INFO  volume.HddsVolume (HddsVolume.java:<init>(176)) - Creating Volume: /workdir/hadoop-ozone/tools/target/test-dir/MiniOzoneClusterImpl-d62beaea-244a-4d89-9ac7-1901a54c6a00/datanode-1/data/containers/hdds of  storage type : DISK and capacity : 52710309888
2019-07-16 13:42:15,007 INFO  volume.VolumeSet (VolumeSet.java:initializeVolumeSet(170)) - Added Volume : /workdir/hadoop-ozone/tools/target/test-dir/MiniOzoneClusterImpl-d62beaea-244a-4d89-9ac7-1901a54c6a00/datanode-1/data/containers/hdds to VolumeSet
2019-07-16 13:42:15,007 INFO  volume.ThrottledAsyncChecker (ThrottledAsyncChecker.java:schedule(140)) - Scheduling a check for org.apache.hadoop.ozone.container.common.volume.HddsVolume@2b7e8044
2019-07-16 13:42:15,008 INFO  volume.HddsVolumeChecker (HddsVolumeChecker.java:checkAllVolumes(203)) - Scheduled health check for volume org.apache.hadoop.ozone.container.common.volume.HddsVolume@2b7e8044
2019-07-16 13:42:15,030 INFO  impl.RaftServerProxy (ConfUtils.java:logGet(43)) - raft.rpc.type = GRPC (default)
2019-07-16 13:42:15,031 INFO  grpc.GrpcFactory (GrpcFactory.java:checkPooledByteBufAllocatorUseCacheForAllThreads(45)) - PERFORMANCE WARNING: useCacheForAllThreads is true that may cause Netty to create a lot garbage objects and, as a result, trigger GC.
	It is recommended to disable useCacheForAllThreads by setting -Dorg.apache.ratis.thirdparty.io.netty.allocator.useCacheForAllThreads=false in command line.
2019-07-16 13:42:15,031 INFO  grpc.GrpcConfigKeys$Server (ConfUtils.java:logGet(43)) - raft.grpc.server.port = 0 (default)
2019-07-16 13:42:15,031 INFO  server.GrpcService (ConfUtils.java:logGet(43)) - raft.grpc.message.size.max = 33570816 (custom)
2019-07-16 13:42:15,032 INFO  server.RaftServerConfigKeys (ConfUtils.java:logGet(43)) - raft.server.log.appender.buffer.byte-limit = 33554432 (custom)
2019-07-16 13:42:15,032 INFO  server.GrpcService (ConfUtils.java:logGet(43)) - raft.grpc.flow.control.window = 1MB (=1048576) (default)
2019-07-16 13:42:15,032 INFO  server.RaftServerConfigKeys (ConfUtils.java:logGet(43)) - raft.server.rpc.request.timeout = 3000ms (default)
2019-07-16 13:42:15,034 INFO  server.RaftServerConfigKeys (ConfUtils.java:logGet(43)) - raft.server.storage.dir = [/workdir/hadoop-ozone/tools/target/test-dir/MiniOzoneClusterImpl-d62beaea-244a-4d89-9ac7-1901a54c6a00/datanode-1/data/ratis] (custom)
2019-07-16 13:42:15,035 INFO  replication.SimpleContainerDownloader (SimpleContainerDownloader.java:<init>(72)) - Starting container downloader service to copy containers to replicate.
2019-07-16 13:42:15,036 INFO  hdfs.DFSUtil (DFSUtil.java:httpServerTemplateForNNAndJN(1641)) - Starting Web-server for hddsDatanode at: http://0.0.0.0:0
2019-07-16 13:42:15,038 INFO  server.AuthenticationFilter (AuthenticationFilter.java:constructSecretProvider(240)) - Unable to initialize FileSignerSecretProvider, falling back to use random secrets.
2019-07-16 13:42:15,039 WARN  http.HttpRequestLog (HttpRequestLog.java:getRequestLog(97)) - Jetty request log can only be enabled using Log4j
2019-07-16 13:42:15,042 INFO  http.HttpServer2 (HttpServer2.java:addGlobalFilter(975)) - Added global filter 'safety' (class=org.apache.hadoop.http.HttpServer2$QuotingInputFilter)
2019-07-16 13:42:15,043 INFO  http.HttpServer2 (HttpServer2.java:addFilter(948)) - Added filter static_user_filter (class=org.apache.hadoop.http.lib.StaticUserWebFilter$StaticUserFilter) to context hddsDatanode
2019-07-16 13:42:15,043 INFO  http.HttpServer2 (HttpServer2.java:addFilter(958)) - Added filter static_user_filter (class=org.apache.hadoop.http.lib.StaticUserWebFilter$StaticUserFilter) to context logs
2019-07-16 13:42:15,043 INFO  http.HttpServer2 (HttpServer2.java:addFilter(958)) - Added filter static_user_filter (class=org.apache.hadoop.http.lib.StaticUserWebFilter$StaticUserFilter) to context static
2019-07-16 13:42:15,044 INFO  http.HttpServer2 (HttpServer2.java:bindListener(1191)) - Jetty bound to port 42035
2019-07-16 13:42:15,044 INFO  server.Server (Server.java:doStart(351)) - jetty-9.3.24.v20180605, build timestamp: 2018-06-05T17:11:56Z, git hash: 84205aa28f11a4f31f2a3b86d1bba2cc8ab69827
2019-07-16 13:42:15,047 INFO  handler.ContextHandler (ContextHandler.java:doStart(781)) - Started o.e.j.s.ServletContextHandler@b5de58f{/logs,file:///workdir/hadoop-ozone/tools/target/log,AVAILABLE}
2019-07-16 13:42:15,048 INFO  handler.ContextHandler (ContextHandler.java:doStart(781)) - Started o.e.j.s.ServletContextHandler@abbe000{/static,file:///workdir/hadoop-hdds/container-service/target/classes/webapps/static,AVAILABLE}
2019-07-16 13:42:15,052 INFO  handler.ContextHandler (ContextHandler.java:doStart(781)) - Started o.e.j.w.WebAppContext@3138953b{/,file:///workdir/hadoop-hdds/container-service/target/classes/webapps/hddsDatanode/,AVAILABLE}{/hddsDatanode}
2019-07-16 13:42:15,052 INFO  server.AbstractConnector (AbstractConnector.java:doStart(278)) - Started ServerConnector@27df95e{HTTP/1.1,[http/1.1]}{0.0.0.0:42035}
2019-07-16 13:42:15,054 INFO  server.Server (Server.java:doStart(419)) - Started @6123ms
2019-07-16 13:42:15,055 INFO  server.BaseHttpServer (BaseHttpServer.java:updateConnectorAddress(207)) - HTTP server of HDDSDATANODE is listening at http://0.0.0.0:42035
2019-07-16 13:42:15,114 INFO  datanode.InitDatanodeState (InitDatanodeState.java:persistContainerDatanodeDetails(140)) - DatanodeDetails is persisted to /workdir/hadoop-ozone/tools/target/test-dir/MiniOzoneClusterImpl-d62beaea-244a-4d89-9ac7-1901a54c6a00/datanode-0/meta/datanode.id
2019-07-16 13:42:15,194 INFO  ozone.HddsDatanodeService (HddsDatanodeService.java:startPlugins(396)) - Started plug-in org.apache.hadoop.ozone.web.OzoneHddsDatanodeService@3f6bf8aa
2019-07-16 13:42:15,194 INFO  impl.MetricsSystemImpl (MetricsSystemImpl.java:init(158)) - HddsDatanode metrics system started (again)
2019-07-16 13:42:15,196 INFO  ozone.HddsDatanodeService (HddsDatanodeService.java:start(185)) - HddsDatanodeService host:trunk-nightly-gllmw-1004605419 ip:192.168.69.87
2019-07-16 13:42:15,197 INFO  util.JvmPauseMonitor (JvmPauseMonitor.java:run(188)) - Starting JVM pause monitor
2019-07-16 13:42:15,207 INFO  volume.HddsVolume (HddsVolume.java:<init>(176)) - Creating Volume: /workdir/hadoop-ozone/tools/target/test-dir/MiniOzoneClusterImpl-d62beaea-244a-4d89-9ac7-1901a54c6a00/datanode-2/data/containers/hdds of  storage type : DISK and capacity : 52710309888
2019-07-16 13:42:15,207 INFO  volume.VolumeSet (VolumeSet.java:initializeVolumeSet(170)) - Added Volume : /workdir/hadoop-ozone/tools/target/test-dir/MiniOzoneClusterImpl-d62beaea-244a-4d89-9ac7-1901a54c6a00/datanode-2/data/containers/hdds to VolumeSet
2019-07-16 13:42:15,207 INFO  volume.ThrottledAsyncChecker (ThrottledAsyncChecker.java:schedule(140)) - Scheduling a check for org.apache.hadoop.ozone.container.common.volume.HddsVolume@78422efb
2019-07-16 13:42:15,208 INFO  volume.HddsVolumeChecker (HddsVolumeChecker.java:checkAllVolumes(203)) - Scheduled health check for volume org.apache.hadoop.ozone.container.common.volume.HddsVolume@78422efb
2019-07-16 13:42:15,209 INFO  datanode.InitDatanodeState (InitDatanodeState.java:persistContainerDatanodeDetails(140)) - DatanodeDetails is persisted to /workdir/hadoop-ozone/tools/target/test-dir/MiniOzoneClusterImpl-d62beaea-244a-4d89-9ac7-1901a54c6a00/datanode-1/meta/datanode.id
2019-07-16 13:42:15,222 INFO  impl.RaftServerProxy (ConfUtils.java:logGet(43)) - raft.rpc.type = GRPC (default)
2019-07-16 13:42:15,222 INFO  grpc.GrpcFactory (GrpcFactory.java:checkPooledByteBufAllocatorUseCacheForAllThreads(45)) - PERFORMANCE WARNING: useCacheForAllThreads is true that may cause Netty to create a lot garbage objects and, as a result, trigger GC.
	It is recommended to disable useCacheForAllThreads by setting -Dorg.apache.ratis.thirdparty.io.netty.allocator.useCacheForAllThreads=false in command line.
2019-07-16 13:42:15,222 INFO  grpc.GrpcConfigKeys$Server (ConfUtils.java:logGet(43)) - raft.grpc.server.port = 0 (default)
2019-07-16 13:42:15,223 INFO  server.GrpcService (ConfUtils.java:logGet(43)) - raft.grpc.message.size.max = 33570816 (custom)
2019-07-16 13:42:15,223 INFO  server.RaftServerConfigKeys (ConfUtils.java:logGet(43)) - raft.server.log.appender.buffer.byte-limit = 33554432 (custom)
2019-07-16 13:42:15,223 INFO  server.GrpcService (ConfUtils.java:logGet(43)) - raft.grpc.flow.control.window = 1MB (=1048576) (default)
2019-07-16 13:42:15,223 INFO  server.RaftServerConfigKeys (ConfUtils.java:logGet(43)) - raft.server.rpc.request.timeout = 3000ms (default)
2019-07-16 13:42:15,224 INFO  server.RaftServerConfigKeys (ConfUtils.java:logGet(43)) - raft.server.storage.dir = [/workdir/hadoop-ozone/tools/target/test-dir/MiniOzoneClusterImpl-d62beaea-244a-4d89-9ac7-1901a54c6a00/datanode-2/data/ratis] (custom)
2019-07-16 13:42:15,224 INFO  replication.SimpleContainerDownloader (SimpleContainerDownloader.java:<init>(72)) - Starting container downloader service to copy containers to replicate.
2019-07-16 13:42:15,225 INFO  hdfs.DFSUtil (DFSUtil.java:httpServerTemplateForNNAndJN(1641)) - Starting Web-server for hddsDatanode at: http://0.0.0.0:0
2019-07-16 13:42:15,227 INFO  server.AuthenticationFilter (AuthenticationFilter.java:constructSecretProvider(240)) - Unable to initialize FileSignerSecretProvider, falling back to use random secrets.
2019-07-16 13:42:15,227 WARN  http.HttpRequestLog (HttpRequestLog.java:getRequestLog(97)) - Jetty request log can only be enabled using Log4j
2019-07-16 13:42:15,228 INFO  http.HttpServer2 (HttpServer2.java:addGlobalFilter(975)) - Added global filter 'safety' (class=org.apache.hadoop.http.HttpServer2$QuotingInputFilter)
2019-07-16 13:42:15,229 INFO  http.HttpServer2 (HttpServer2.java:addFilter(948)) - Added filter static_user_filter (class=org.apache.hadoop.http.lib.StaticUserWebFilter$StaticUserFilter) to context hddsDatanode
2019-07-16 13:42:15,229 INFO  http.HttpServer2 (HttpServer2.java:addFilter(958)) - Added filter static_user_filter (class=org.apache.hadoop.http.lib.StaticUserWebFilter$StaticUserFilter) to context static
2019-07-16 13:42:15,229 INFO  http.HttpServer2 (HttpServer2.java:addFilter(958)) - Added filter static_user_filter (class=org.apache.hadoop.http.lib.StaticUserWebFilter$StaticUserFilter) to context logs
2019-07-16 13:42:15,230 INFO  http.HttpServer2 (HttpServer2.java:bindListener(1191)) - Jetty bound to port 43628
2019-07-16 13:42:15,230 INFO  server.Server (Server.java:doStart(351)) - jetty-9.3.24.v20180605, build timestamp: 2018-06-05T17:11:56Z, git hash: 84205aa28f11a4f31f2a3b86d1bba2cc8ab69827
2019-07-16 13:42:15,232 INFO  handler.ContextHandler (ContextHandler.java:doStart(781)) - Started o.e.j.s.ServletContextHandler@6215366a{/logs,file:///workdir/hadoop-ozone/tools/target/log,AVAILABLE}
2019-07-16 13:42:15,232 INFO  handler.ContextHandler (ContextHandler.java:doStart(781)) - Started o.e.j.s.ServletContextHandler@36e43829{/static,file:///workdir/hadoop-hdds/container-service/target/classes/webapps/static,AVAILABLE}
2019-07-16 13:42:15,236 INFO  handler.ContextHandler (ContextHandler.java:doStart(781)) - Started o.e.j.w.WebAppContext@483b0690{/,file:///workdir/hadoop-hdds/container-service/target/classes/webapps/hddsDatanode/,AVAILABLE}{/hddsDatanode}
2019-07-16 13:42:15,236 INFO  server.AbstractConnector (AbstractConnector.java:doStart(278)) - Started ServerConnector@687e6293{HTTP/1.1,[http/1.1]}{0.0.0.0:43628}
2019-07-16 13:42:15,237 INFO  server.Server (Server.java:doStart(419)) - Started @6308ms
2019-07-16 13:42:15,239 INFO  server.BaseHttpServer (BaseHttpServer.java:updateConnectorAddress(207)) - HTTP server of HDDSDATANODE is listening at http://0.0.0.0:43628
2019-07-16 13:42:15,357 INFO  ozone.HddsDatanodeService (HddsDatanodeService.java:startPlugins(396)) - Started plug-in org.apache.hadoop.ozone.web.OzoneHddsDatanodeService@6ec63f8
2019-07-16 13:42:15,359 INFO  ozone.MiniOzoneClusterImpl (MiniOzoneClusterImpl.java:lambda$waitForClusterToBeReady$0(142)) - Waiting for cluster to be ready. Got 0 of 3 DN Heartbeats.
2019-07-16 13:42:15,361 INFO  util.JvmPauseMonitor (JvmPauseMonitor.java:run(188)) - Starting JVM pause monitor
2019-07-16 13:42:15,364 INFO  datanode.InitDatanodeState (InitDatanodeState.java:persistContainerDatanodeDetails(140)) - DatanodeDetails is persisted to /workdir/hadoop-ozone/tools/target/test-dir/MiniOzoneClusterImpl-d62beaea-244a-4d89-9ac7-1901a54c6a00/datanode-2/meta/datanode.id
2019-07-16 13:42:16,359 INFO  ozone.MiniOzoneClusterImpl (MiniOzoneClusterImpl.java:lambda$waitForClusterToBeReady$0(142)) - Waiting for cluster to be ready. Got 0 of 3 DN Heartbeats.
2019-07-16 13:42:17,052 INFO  ozoneimpl.OzoneContainer (OzoneContainer.java:start(186)) - Attempting to start container services.
2019-07-16 13:42:17,053 INFO  ozoneimpl.OzoneContainer (OzoneContainer.java:startContainerScrub(160)) - Background container scrubber has been disabled by hdds.containerscrub.enabled
2019-07-16 13:42:17,054 INFO  ratis.XceiverServerRatis (XceiverServerRatis.java:start(418)) - Starting XceiverServerRatis fe59f4c0-c81e-4b6b-924a-5978f0b6f6ba at port 0
2019-07-16 13:42:17,077 INFO  impl.RaftServerProxy (RaftServerProxy.java:lambda$start$3(299)) - fe59f4c0-c81e-4b6b-924a-5978f0b6f6ba: start RPC server
2019-07-16 13:42:17,189 INFO  server.GrpcService (GrpcService.java:startImpl(149)) - fe59f4c0-c81e-4b6b-924a-5978f0b6f6ba: GrpcService started, listening on 0.0.0.0/0.0.0.0:33349
2019-07-16 13:42:17,190 INFO  ratis.XceiverServerRatis (XceiverServerRatis.java:start(428)) - XceiverServerRatis fe59f4c0-c81e-4b6b-924a-5978f0b6f6ba is started using port 33349
2019-07-16 13:42:17,192 INFO  server.XceiverServerGrpc (XceiverServerGrpc.java:start(161)) - XceiverServerGrpc fe59f4c0-c81e-4b6b-924a-5978f0b6f6ba is started using port 37995
2019-07-16 13:42:17,212 INFO  ozoneimpl.OzoneContainer (OzoneContainer.java:start(186)) - Attempting to start container services.
2019-07-16 13:42:17,214 INFO  ozoneimpl.OzoneContainer (OzoneContainer.java:startContainerScrub(160)) - Background container scrubber has been disabled by hdds.containerscrub.enabled
2019-07-16 13:42:17,214 INFO  ratis.XceiverServerRatis (XceiverServerRatis.java:start(418)) - Starting XceiverServerRatis 7a75069f-55b2-4b26-b774-8394e9c9f24f at port 0
2019-07-16 13:42:17,226 INFO  impl.RaftServerProxy (RaftServerProxy.java:lambda$start$3(299)) - 7a75069f-55b2-4b26-b774-8394e9c9f24f: start RPC server
2019-07-16 13:42:17,230 INFO  server.GrpcService (GrpcService.java:startImpl(149)) - 7a75069f-55b2-4b26-b774-8394e9c9f24f: GrpcService started, listening on 0.0.0.0/0.0.0.0:46875
2019-07-16 13:42:17,230 INFO  ratis.XceiverServerRatis (XceiverServerRatis.java:start(428)) - XceiverServerRatis 7a75069f-55b2-4b26-b774-8394e9c9f24f is started using port 46875
2019-07-16 13:42:17,232 INFO  server.XceiverServerGrpc (XceiverServerGrpc.java:start(161)) - XceiverServerGrpc 7a75069f-55b2-4b26-b774-8394e9c9f24f is started using port 37723
2019-07-16 13:42:17,360 INFO  ozone.MiniOzoneClusterImpl (MiniOzoneClusterImpl.java:lambda$waitForClusterToBeReady$0(142)) - Waiting for cluster to be ready. Got 0 of 3 DN Heartbeats.
2019-07-16 13:42:17,379 INFO  ozoneimpl.OzoneContainer (OzoneContainer.java:start(186)) - Attempting to start container services.
2019-07-16 13:42:17,381 INFO  ozoneimpl.OzoneContainer (OzoneContainer.java:startContainerScrub(160)) - Background container scrubber has been disabled by hdds.containerscrub.enabled
2019-07-16 13:42:17,381 INFO  ratis.XceiverServerRatis (XceiverServerRatis.java:start(418)) - Starting XceiverServerRatis 9606a9df-d3f2-4ae3-aed4-052245b72c5d at port 0
2019-07-16 13:42:17,434 INFO  impl.RaftServerProxy (RaftServerProxy.java:lambda$start$3(299)) - 9606a9df-d3f2-4ae3-aed4-052245b72c5d: start RPC server
2019-07-16 13:42:17,443 INFO  server.GrpcService (GrpcService.java:startImpl(149)) - 9606a9df-d3f2-4ae3-aed4-052245b72c5d: GrpcService started, listening on 0.0.0.0/0.0.0.0:40016
2019-07-16 13:42:17,444 INFO  ratis.XceiverServerRatis (XceiverServerRatis.java:start(428)) - XceiverServerRatis 9606a9df-d3f2-4ae3-aed4-052245b72c5d is started using port 40016
2019-07-16 13:42:17,448 INFO  server.XceiverServerGrpc (XceiverServerGrpc.java:start(161)) - XceiverServerGrpc 9606a9df-d3f2-4ae3-aed4-052245b72c5d is started using port 42700
2019-07-16 13:42:18,361 INFO  ozone.MiniOzoneClusterImpl (MiniOzoneClusterImpl.java:lambda$waitForClusterToBeReady$0(142)) - Waiting for cluster to be ready. Got 0 of 3 DN Heartbeats.
2019-07-16 13:42:19,038 INFO  net.NetworkTopology (NetworkTopologyImpl.java:add(110)) - Added a new node: /default-rack/192.168.69.87
2019-07-16 13:42:19,038 INFO  node.SCMNodeManager (SCMNodeManager.java:register(269)) - Registered Data node : fe59f4c0-c81e-4b6b-924a-5978f0b6f6ba{ip: 192.168.69.87, host: trunk-nightly-gllmw-1004605419, networkLocation: /default-rack, certSerialId: null}
2019-07-16 13:42:19,045 INFO  safemode.SCMSafeModeManager (DataNodeSafeModeRule.java:process(71)) - SCM in safe mode. 1 DataNodes registered, 1 required.
2019-07-16 13:42:19,045 INFO  safemode.SCMSafeModeManager (SCMSafeModeManager.java:validateSafeModeExitRules(177)) - ScmSafeModeManager, all rules are successfully validated
2019-07-16 13:42:19,045 INFO  safemode.SCMSafeModeManager (SCMSafeModeManager.java:exitSafeMode(193)) - SCM exiting safe mode.
2019-07-16 13:42:19,201 INFO  node.SCMNodeManager (SCMNodeManager.java:register(269)) - Registered Data node : 7a75069f-55b2-4b26-b774-8394e9c9f24f{ip: 192.168.69.87, host: trunk-nightly-gllmw-1004605419, networkLocation: /default-rack, certSerialId: null}
2019-07-16 13:42:19,362 INFO  ozone.MiniOzoneClusterImpl (MiniOzoneClusterImpl.java:lambda$waitForClusterToBeReady$0(142)) - Waiting for cluster to be ready. Got 2 of 3 DN Heartbeats.
2019-07-16 13:42:19,363 INFO  node.SCMNodeManager (SCMNodeManager.java:register(269)) - Registered Data node : 9606a9df-d3f2-4ae3-aed4-052245b72c5d{ip: 192.168.69.87, host: trunk-nightly-gllmw-1004605419, networkLocation: /default-rack, certSerialId: null}
2019-07-16 13:42:19,529 INFO  impl.RaftServerProxy (RaftServerProxy.java:addNew(89)) - fe59f4c0-c81e-4b6b-924a-5978f0b6f6ba: addNew group-216E140BE5ED:[fe59f4c0-c81e-4b6b-924a-5978f0b6f6ba:192.168.69.87:33349] returns group-216E140BE5ED:java.util.concurrent.CompletableFuture@5bac8bba[Not completed]
2019-07-16 13:42:19,544 INFO  impl.RaftServerImpl (RaftServerImpl.java:<init>(93)) - fe59f4c0-c81e-4b6b-924a-5978f0b6f6ba: new RaftServerImpl for group-216E140BE5ED:[fe59f4c0-c81e-4b6b-924a-5978f0b6f6ba:192.168.69.87:33349] with ContainerStateMachine:uninitialized
2019-07-16 13:42:19,548 INFO  server.RaftServerConfigKeys (ConfUtils.java:logGet(43)) - raft.server.rpc.timeout.min = 5s (custom)
2019-07-16 13:42:19,549 INFO  server.RaftServerConfigKeys (ConfUtils.java:logGet(43)) - raft.server.rpc.timeout.max = 5200ms (custom)
2019-07-16 13:42:19,549 INFO  server.RaftServerConfigKeys (ConfUtils.java:logGet(43)) - raft.server.rpcslowness.timeout = 120s (custom)
2019-07-16 13:42:19,550 INFO  server.RaftServerConfigKeys (ConfUtils.java:logGet(43)) - raft.server.sleep.deviation.threshold = 300 (default)
2019-07-16 13:42:19,551 INFO  server.RaftServerConfigKeys (ConfUtils.java:logGet(43)) - raft.server.log.appender.install.snapshot.enabled = false (custom)
2019-07-16 13:42:19,562 INFO  impl.RaftServerImpl (ServerState.java:<init>(105)) - fe59f4c0-c81e-4b6b-924a-5978f0b6f6ba:group-216E140BE5ED ConfigurationManager, init=-1: [fe59f4c0-c81e-4b6b-924a-5978f0b6f6ba:192.168.69.87:33349], old=null, confs=<EMPTY_MAP>
2019-07-16 13:42:19,562 INFO  server.RaftServerConfigKeys (ConfUtils.java:logGet(43)) - raft.server.storage.dir = [/workdir/hadoop-ozone/tools/target/test-dir/MiniOzoneClusterImpl-d62beaea-244a-4d89-9ac7-1901a54c6a00/datanode-0/data/ratis] (custom)
2019-07-16 13:42:19,571 INFO  storage.RaftStorageDirectory (RaftStorageDirectory.java:analyzeStorage(246)) - The storage directory /workdir/hadoop-ozone/tools/target/test-dir/MiniOzoneClusterImpl-d62beaea-244a-4d89-9ac7-1901a54c6a00/datanode-0/data/ratis/7b977875-3a64-432b-a93d-216e140be5ed does not exist. Creating ...
2019-07-16 13:42:19,590 INFO  storage.RaftStorageDirectory (RaftStorageDirectory.java:tryLock(328)) - Lock on /workdir/hadoop-ozone/tools/target/test-dir/MiniOzoneClusterImpl-d62beaea-244a-4d89-9ac7-1901a54c6a00/datanode-0/data/ratis/7b977875-3a64-432b-a93d-216e140be5ed/in_use.lock acquired by nodename 21512@trunk-nightly-gllmw-1004605419
2019-07-16 13:42:19,605 INFO  storage.RaftStorage (RaftStorage.java:format(72)) - Storage directory /workdir/hadoop-ozone/tools/target/test-dir/MiniOzoneClusterImpl-d62beaea-244a-4d89-9ac7-1901a54c6a00/datanode-0/data/ratis/7b977875-3a64-432b-a93d-216e140be5ed has been successfully formatted.
2019-07-16 13:42:19,607 INFO  ratis.ContainerStateMachine (ContainerStateMachine.java:loadSnapshot(200)) - group-216E140BE5ED: The snapshot info is null. Setting the last applied indexto:(t:0, i:~)
2019-07-16 13:42:19,607 INFO  server.RaftServerConfigKeys (ConfUtils.java:logGet(43)) - raft.server.leader.election.timeout = 120s (custom)
2019-07-16 13:42:19,610 INFO  server.RaftServerConfigKeys (ConfUtils.java:logGet(43)) - raft.server.log.use.memory = false (default)
2019-07-16 13:42:19,615 INFO  server.RaftServerConfigKeys (ConfUtils.java:logGet(43)) - raft.server.log.purge.gap = 1000000000 (custom)
2019-07-16 13:42:19,615 INFO  server.RaftServerConfigKeys (ConfUtils.java:logGet(43)) - raft.server.log.appender.buffer.byte-limit = 33554432 (custom)
2019-07-16 13:42:19,617 INFO  server.RaftServerConfigKeys (ConfUtils.java:logGet(43)) - raft.server.log.segment.size.max = 1048576 (custom)
2019-07-16 13:42:19,622 INFO  server.RaftServerConfigKeys (ConfUtils.java:logGet(43)) - raft.server.log.segment.cache.num.max = 2 (custom)
2019-07-16 13:42:19,628 INFO  segmented.SegmentedRaftLogWorker (SegmentedRaftLogWorker.java:<init>(172)) - new fe59f4c0-c81e-4b6b-924a-5978f0b6f6ba-SegmentedRaftLogWorker:Storage Directory /workdir/hadoop-ozone/tools/target/test-dir/MiniOzoneClusterImpl-d62beaea-244a-4d89-9ac7-1901a54c6a00/datanode-0/data/ratis/7b977875-3a64-432b-a93d-216e140be5ed for RaftStorage:Storage Directory /workdir/hadoop-ozone/tools/target/test-dir/MiniOzoneClusterImpl-d62beaea-244a-4d89-9ac7-1901a54c6a00/datanode-0/data/ratis/7b977875-3a64-432b-a93d-216e140be5ed
2019-07-16 13:42:19,642 INFO  server.RaftServerConfigKeys (ConfUtils.java:logGet(43)) - raft.server.log.queue.byte-limit = 2147483647 (custom)
2019-07-16 13:42:19,643 INFO  server.RaftServerConfigKeys (ConfUtils.java:logGet(43)) - raft.server.log.queue.element-limit = 1024 (custom)
2019-07-16 13:42:19,648 INFO  server.RaftServerConfigKeys (ConfUtils.java:logGet(43)) - raft.server.log.segment.size.max = 1048576 (custom)
2019-07-16 13:42:19,649 INFO  server.RaftServerConfigKeys (ConfUtils.java:logGet(43)) - raft.server.log.preallocated.size = 16384 (custom)
2019-07-16 13:42:19,649 INFO  server.RaftServerConfigKeys (ConfUtils.java:logGet(43)) - raft.server.log.write.buffer.size = 33554432 (custom)
2019-07-16 13:42:19,649 INFO  server.RaftServerConfigKeys (ConfUtils.java:logGet(43)) - raft.server.log.force.sync.num = 128 (default)
2019-07-16 13:42:19,650 INFO  server.RaftServerConfigKeys (ConfUtils.java:logGet(43)) - raft.server.log.statemachine.data.sync = true (default)
2019-07-16 13:42:19,651 INFO  server.RaftServerConfigKeys (ConfUtils.java:logGet(43)) - raft.server.log.statemachine.data.sync.timeout = 10s (default)
2019-07-16 13:42:19,651 INFO  server.RaftServerConfigKeys (ConfUtils.java:logGet(43)) - raft.server.log.statemachine.data.sync.timeout.retry = -1 (default)
2019-07-16 13:42:19,662 INFO  server.RaftServerConfigKeys (ConfUtils.java:logGet(43)) - raft.server.log.statemachine.data.caching.enabled = true (custom)
2019-07-16 13:42:19,666 INFO  segmented.SegmentedRaftLogWorker (SegmentedRaftLogWorker.java:lambda$new$0(132)) - fe59f4c0-c81e-4b6b-924a-5978f0b6f6ba-SegmentedRaftLogWorker:Storage Directory /workdir/hadoop-ozone/tools/target/test-dir/MiniOzoneClusterImpl-d62beaea-244a-4d89-9ac7-1901a54c6a00/datanode-0/data/ratis/7b977875-3a64-432b-a93d-216e140be5ed: flushIndex: setUnconditionally 0 -> -1
2019-07-16 13:42:19,670 INFO  server.RaftServerConfigKeys (ConfUtils.java:logGet(43)) - raft.server.snapshot.auto.trigger.enabled = true (custom)
2019-07-16 13:42:19,671 INFO  server.RaftServerConfigKeys (ConfUtils.java:logGet(43)) - raft.server.snapshot.auto.trigger.threshold = 10000 (custom)
2019-07-16 13:42:19,672 INFO  server.RaftServerConfigKeys (ConfUtils.java:logGet(43)) - raft.server.retrycache.expirytime = 600000ms (custom)
2019-07-16 13:42:19,972 INFO  impl.RaftServerImpl (RaftServerImpl.java:start(180)) - fe59f4c0-c81e-4b6b-924a-5978f0b6f6ba: start group-216E140BE5ED
2019-07-16 13:42:19,974 INFO  impl.RaftServerImpl (RaftServerImpl.java:setRole(171)) - fe59f4c0-c81e-4b6b-924a-5978f0b6f6ba:group-216E140BE5ED changes role from null to FOLLOWER at term 0 for startAsFollower
2019-07-16 13:42:19,976 INFO  impl.RoleInfo (RoleInfo.java:updateAndGet(143)) - fe59f4c0-c81e-4b6b-924a-5978f0b6f6ba: start FollowerState
2019-07-16 13:42:19,978 INFO  util.JmxRegister (JmxRegister.java:tryRegister(44)) - Successfully registered JMX Bean with object name Ratis:service=RaftServer,group=group-216E140BE5ED,id=fe59f4c0-c81e-4b6b-924a-5978f0b6f6ba
2019-07-16 13:42:20,051 INFO  pipeline.PipelineStateManager (PipelineStateManager.java:addPipeline(56)) - Created pipeline Pipeline[ Id: 7b977875-3a64-432b-a93d-216e140be5ed, Nodes: fe59f4c0-c81e-4b6b-924a-5978f0b6f6ba{ip: 192.168.69.87, host: trunk-nightly-gllmw-1004605419, networkLocation: /default-rack, certSerialId: null}, Type:RATIS, Factor:ONE, State:OPEN]
2019-07-16 13:42:20,075 INFO  impl.RaftServerProxy (RaftServerProxy.java:addNew(89)) - 9606a9df-d3f2-4ae3-aed4-052245b72c5d: addNew group-D890201D0528:[9606a9df-d3f2-4ae3-aed4-052245b72c5d:192.168.69.87:40016] returns group-D890201D0528:java.util.concurrent.CompletableFuture@6b8fb310[Not completed]
2019-07-16 13:42:20,112 INFO  impl.RaftServerImpl (RaftServerImpl.java:<init>(93)) - 9606a9df-d3f2-4ae3-aed4-052245b72c5d: new RaftServerImpl for group-D890201D0528:[9606a9df-d3f2-4ae3-aed4-052245b72c5d:192.168.69.87:40016] with ContainerStateMachine:uninitialized
2019-07-16 13:42:20,114 INFO  server.RaftServerConfigKeys (ConfUtils.java:logGet(43)) - raft.server.rpc.timeout.min = 5s (custom)
2019-07-16 13:42:20,114 INFO  server.RaftServerConfigKeys (ConfUtils.java:logGet(43)) - raft.server.rpc.timeout.max = 5200ms (custom)
2019-07-16 13:42:20,114 INFO  server.RaftServerConfigKeys (ConfUtils.java:logGet(43)) - raft.server.rpcslowness.timeout = 120s (custom)
2019-07-16 13:42:20,115 INFO  server.RaftServerConfigKeys (ConfUtils.java:logGet(43)) - raft.server.sleep.deviation.threshold = 300 (default)
2019-07-16 13:42:20,115 INFO  server.RaftServerConfigKeys (ConfUtils.java:logGet(43)) - raft.server.log.appender.install.snapshot.enabled = false (custom)
2019-07-16 13:42:20,115 INFO  impl.RaftServerImpl (ServerState.java:<init>(105)) - 9606a9df-d3f2-4ae3-aed4-052245b72c5d:group-D890201D0528 ConfigurationManager, init=-1: [9606a9df-d3f2-4ae3-aed4-052245b72c5d:192.168.69.87:40016], old=null, confs=<EMPTY_MAP>
2019-07-16 13:42:20,115 INFO  server.RaftServerConfigKeys (ConfUtils.java:logGet(43)) - raft.server.storage.dir = [/workdir/hadoop-ozone/tools/target/test-dir/MiniOzoneClusterImpl-d62beaea-244a-4d89-9ac7-1901a54c6a00/datanode-2/data/ratis] (custom)
2019-07-16 13:42:20,116 INFO  storage.RaftStorageDirectory (RaftStorageDirectory.java:analyzeStorage(246)) - The storage directory /workdir/hadoop-ozone/tools/target/test-dir/MiniOzoneClusterImpl-d62beaea-244a-4d89-9ac7-1901a54c6a00/datanode-2/data/ratis/db1f670d-d072-4a2a-acd7-d890201d0528 does not exist. Creating ...
2019-07-16 13:42:20,130 INFO  storage.RaftStorageDirectory (RaftStorageDirectory.java:tryLock(328)) - Lock on /workdir/hadoop-ozone/tools/target/test-dir/MiniOzoneClusterImpl-d62beaea-244a-4d89-9ac7-1901a54c6a00/datanode-2/data/ratis/db1f670d-d072-4a2a-acd7-d890201d0528/in_use.lock acquired by nodename 21512@trunk-nightly-gllmw-1004605419
2019-07-16 13:42:20,144 INFO  storage.RaftStorage (RaftStorage.java:format(72)) - Storage directory /workdir/hadoop-ozone/tools/target/test-dir/MiniOzoneClusterImpl-d62beaea-244a-4d89-9ac7-1901a54c6a00/datanode-2/data/ratis/db1f670d-d072-4a2a-acd7-d890201d0528 has been successfully formatted.
2019-07-16 13:42:20,146 INFO  ratis.ContainerStateMachine (ContainerStateMachine.java:loadSnapshot(200)) - group-D890201D0528: The snapshot info is null. Setting the last applied indexto:(t:0, i:~)
2019-07-16 13:42:20,147 INFO  server.RaftServerConfigKeys (ConfUtils.java:logGet(43)) - raft.server.leader.election.timeout = 120s (custom)
2019-07-16 13:42:20,148 INFO  server.RaftServerConfigKeys (ConfUtils.java:logGet(43)) - raft.server.log.use.memory = false (default)
2019-07-16 13:42:20,148 INFO  server.RaftServerConfigKeys (ConfUtils.java:logGet(43)) - raft.server.log.purge.gap = 1000000000 (custom)
2019-07-16 13:42:20,148 INFO  server.RaftServerConfigKeys (ConfUtils.java:logGet(43)) - raft.server.log.appender.buffer.byte-limit = 33554432 (custom)
2019-07-16 13:42:20,149 INFO  server.RaftServerConfigKeys (ConfUtils.java:logGet(43)) - raft.server.log.segment.size.max = 1048576 (custom)
2019-07-16 13:42:20,149 INFO  server.RaftServerConfigKeys (ConfUtils.java:logGet(43)) - raft.server.log.segment.cache.num.max = 2 (custom)
2019-07-16 13:42:20,149 INFO  segmented.SegmentedRaftLogWorker (SegmentedRaftLogWorker.java:<init>(172)) - new 9606a9df-d3f2-4ae3-aed4-052245b72c5d-SegmentedRaftLogWorker:Storage Directory /workdir/hadoop-ozone/tools/target/test-dir/MiniOzoneClusterImpl-d62beaea-244a-4d89-9ac7-1901a54c6a00/datanode-2/data/ratis/db1f670d-d072-4a2a-acd7-d890201d0528 for RaftStorage:Storage Directory /workdir/hadoop-ozone/tools/target/test-dir/MiniOzoneClusterImpl-d62beaea-244a-4d89-9ac7-1901a54c6a00/datanode-2/data/ratis/db1f670d-d072-4a2a-acd7-d890201d0528
2019-07-16 13:42:20,152 INFO  server.RaftServerConfigKeys (ConfUtils.java:logGet(43)) - raft.server.log.queue.byte-limit = 2147483647 (custom)
2019-07-16 13:42:20,153 INFO  server.RaftServerConfigKeys (ConfUtils.java:logGet(43)) - raft.server.log.queue.element-limit = 1024 (custom)
2019-07-16 13:42:20,154 INFO  server.RaftServerConfigKeys (ConfUtils.java:logGet(43)) - raft.server.log.segment.size.max = 1048576 (custom)
2019-07-16 13:42:20,154 INFO  server.RaftServerConfigKeys (ConfUtils.java:logGet(43)) - raft.server.log.preallocated.size = 16384 (custom)
2019-07-16 13:42:20,154 INFO  server.RaftServerConfigKeys (ConfUtils.java:logGet(43)) - raft.server.log.write.buffer.size = 33554432 (custom)
2019-07-16 13:42:20,155 INFO  server.RaftServerConfigKeys (ConfUtils.java:logGet(43)) - raft.server.log.force.sync.num = 128 (default)
2019-07-16 13:42:20,155 INFO  server.RaftServerConfigKeys (ConfUtils.java:logGet(43)) - raft.server.log.statemachine.data.sync = true (default)
2019-07-16 13:42:20,156 INFO  server.RaftServerConfigKeys (ConfUtils.java:logGet(43)) - raft.server.log.statemachine.data.sync.timeout = 10s (default)
2019-07-16 13:42:20,156 INFO  server.RaftServerConfigKeys (ConfUtils.java:logGet(43)) - raft.server.log.statemachine.data.sync.timeout.retry = -1 (default)
2019-07-16 13:42:20,157 INFO  server.RaftServerConfigKeys (ConfUtils.java:logGet(43)) - raft.server.log.statemachine.data.caching.enabled = true (custom)
2019-07-16 13:42:20,157 INFO  segmented.SegmentedRaftLogWorker (SegmentedRaftLogWorker.java:lambda$new$0(132)) - 9606a9df-d3f2-4ae3-aed4-052245b72c5d-SegmentedRaftLogWorker:Storage Directory /workdir/hadoop-ozone/tools/target/test-dir/MiniOzoneClusterImpl-d62beaea-244a-4d89-9ac7-1901a54c6a00/datanode-2/data/ratis/db1f670d-d072-4a2a-acd7-d890201d0528: flushIndex: setUnconditionally 0 -> -1
2019-07-16 13:42:20,162 INFO  server.RaftServerConfigKeys (ConfUtils.java:logGet(43)) - raft.server.snapshot.auto.trigger.enabled = true (custom)
2019-07-16 13:42:20,162 INFO  server.RaftServerConfigKeys (ConfUtils.java:logGet(43)) - raft.server.snapshot.auto.trigger.threshold = 10000 (custom)
2019-07-16 13:42:20,163 INFO  server.RaftServerConfigKeys (ConfUtils.java:logGet(43)) - raft.server.retrycache.expirytime = 600000ms (custom)
2019-07-16 13:42:20,164 INFO  impl.RaftServerImpl (RaftServerImpl.java:start(180)) - 9606a9df-d3f2-4ae3-aed4-052245b72c5d: start group-D890201D0528
2019-07-16 13:42:20,164 INFO  impl.RaftServerImpl (RaftServerImpl.java:setRole(171)) - 9606a9df-d3f2-4ae3-aed4-052245b72c5d:group-D890201D0528 changes role from null to FOLLOWER at term 0 for startAsFollower
2019-07-16 13:42:20,166 INFO  impl.RoleInfo (RoleInfo.java:updateAndGet(143)) - 9606a9df-d3f2-4ae3-aed4-052245b72c5d: start FollowerState
2019-07-16 13:42:20,169 INFO  util.JmxRegister (JmxRegister.java:tryRegister(44)) - Successfully registered JMX Bean with object name Ratis:service=RaftServer,group=group-D890201D0528,id=9606a9df-d3f2-4ae3-aed4-052245b72c5d
2019-07-16 13:42:20,184 INFO  pipeline.PipelineStateManager (PipelineStateManager.java:addPipeline(56)) - Created pipeline Pipeline[ Id: db1f670d-d072-4a2a-acd7-d890201d0528, Nodes: 9606a9df-d3f2-4ae3-aed4-052245b72c5d{ip: 192.168.69.87, host: trunk-nightly-gllmw-1004605419, networkLocation: /default-rack, certSerialId: null}, Type:RATIS, Factor:ONE, State:OPEN]
2019-07-16 13:42:20,208 INFO  impl.RaftServerProxy (RaftServerProxy.java:addNew(89)) - 7a75069f-55b2-4b26-b774-8394e9c9f24f: addNew group-47E9F1F0D851:[7a75069f-55b2-4b26-b774-8394e9c9f24f:192.168.69.87:46875] returns group-47E9F1F0D851:java.util.concurrent.CompletableFuture@4cb19146[Not completed]
2019-07-16 13:42:20,217 INFO  impl.RaftServerImpl (RaftServerImpl.java:<init>(93)) - 7a75069f-55b2-4b26-b774-8394e9c9f24f: new RaftServerImpl for group-47E9F1F0D851:[7a75069f-55b2-4b26-b774-8394e9c9f24f:192.168.69.87:46875] with ContainerStateMachine:uninitialized
2019-07-16 13:42:20,218 INFO  server.RaftServerConfigKeys (ConfUtils.java:logGet(43)) - raft.server.rpc.timeout.min = 5s (custom)
2019-07-16 13:42:20,218 INFO  server.RaftServerConfigKeys (ConfUtils.java:logGet(43)) - raft.server.rpc.timeout.max = 5200ms (custom)
2019-07-16 13:42:20,218 INFO  server.RaftServerConfigKeys (ConfUtils.java:logGet(43)) - raft.server.rpcslowness.timeout = 120s (custom)
2019-07-16 13:42:20,219 INFO  server.RaftServerConfigKeys (ConfUtils.java:logGet(43)) - raft.server.sleep.deviation.threshold = 300 (default)
2019-07-16 13:42:20,219 INFO  server.RaftServerConfigKeys (ConfUtils.java:logGet(43)) - raft.server.log.appender.install.snapshot.enabled = false (custom)
2019-07-16 13:42:20,219 INFO  impl.RaftServerImpl (ServerState.java:<init>(105)) - 7a75069f-55b2-4b26-b774-8394e9c9f24f:group-47E9F1F0D851 ConfigurationManager, init=-1: [7a75069f-55b2-4b26-b774-8394e9c9f24f:192.168.69.87:46875], old=null, confs=<EMPTY_MAP>
2019-07-16 13:42:20,219 INFO  server.RaftServerConfigKeys (ConfUtils.java:logGet(43)) - raft.server.storage.dir = [/workdir/hadoop-ozone/tools/target/test-dir/MiniOzoneClusterImpl-d62beaea-244a-4d89-9ac7-1901a54c6a00/datanode-1/data/ratis] (custom)
2019-07-16 13:42:20,220 INFO  storage.RaftStorageDirectory (RaftStorageDirectory.java:analyzeStorage(246)) - The storage directory /workdir/hadoop-ozone/tools/target/test-dir/MiniOzoneClusterImpl-d62beaea-244a-4d89-9ac7-1901a54c6a00/datanode-1/data/ratis/5496a2f8-8786-4d75-b576-47e9f1f0d851 does not exist. Creating ...
2019-07-16 13:42:20,232 INFO  storage.RaftStorageDirectory (RaftStorageDirectory.java:tryLock(328)) - Lock on /workdir/hadoop-ozone/tools/target/test-dir/MiniOzoneClusterImpl-d62beaea-244a-4d89-9ac7-1901a54c6a00/datanode-1/data/ratis/5496a2f8-8786-4d75-b576-47e9f1f0d851/in_use.lock acquired by nodename 21512@trunk-nightly-gllmw-1004605419
2019-07-16 13:42:20,245 INFO  storage.RaftStorage (RaftStorage.java:format(72)) - Storage directory /workdir/hadoop-ozone/tools/target/test-dir/MiniOzoneClusterImpl-d62beaea-244a-4d89-9ac7-1901a54c6a00/datanode-1/data/ratis/5496a2f8-8786-4d75-b576-47e9f1f0d851 has been successfully formatted.
2019-07-16 13:42:20,246 INFO  ratis.ContainerStateMachine (ContainerStateMachine.java:loadSnapshot(200)) - group-47E9F1F0D851: The snapshot info is null. Setting the last applied indexto:(t:0, i:~)
2019-07-16 13:42:20,246 INFO  server.RaftServerConfigKeys (ConfUtils.java:logGet(43)) - raft.server.leader.election.timeout = 120s (custom)
2019-07-16 13:42:20,246 INFO  server.RaftServerConfigKeys (ConfUtils.java:logGet(43)) - raft.server.log.use.memory = false (default)
2019-07-16 13:42:20,246 INFO  server.RaftServerConfigKeys (ConfUtils.java:logGet(43)) - raft.server.log.purge.gap = 1000000000 (custom)
2019-07-16 13:42:20,246 INFO  server.RaftServerConfigKeys (ConfUtils.java:logGet(43)) - raft.server.log.appender.buffer.byte-limit = 33554432 (custom)
2019-07-16 13:42:20,247 INFO  server.RaftServerConfigKeys (ConfUtils.java:logGet(43)) - raft.server.log.segment.size.max = 1048576 (custom)
2019-07-16 13:42:20,247 INFO  server.RaftServerConfigKeys (ConfUtils.java:logGet(43)) - raft.server.log.segment.cache.num.max = 2 (custom)
2019-07-16 13:42:20,247 INFO  segmented.SegmentedRaftLogWorker (SegmentedRaftLogWorker.java:<init>(172)) - new 7a75069f-55b2-4b26-b774-8394e9c9f24f-SegmentedRaftLogWorker:Storage Directory /workdir/hadoop-ozone/tools/target/test-dir/MiniOzoneClusterImpl-d62beaea-244a-4d89-9ac7-1901a54c6a00/datanode-1/data/ratis/5496a2f8-8786-4d75-b576-47e9f1f0d851 for RaftStorage:Storage Directory /workdir/hadoop-ozone/tools/target/test-dir/MiniOzoneClusterImpl-d62beaea-244a-4d89-9ac7-1901a54c6a00/datanode-1/data/ratis/5496a2f8-8786-4d75-b576-47e9f1f0d851
2019-07-16 13:42:20,247 INFO  server.RaftServerConfigKeys (ConfUtils.java:logGet(43)) - raft.server.log.queue.byte-limit = 2147483647 (custom)
2019-07-16 13:42:20,247 INFO  server.RaftServerConfigKeys (ConfUtils.java:logGet(43)) - raft.server.log.queue.element-limit = 1024 (custom)
2019-07-16 13:42:20,247 INFO  server.RaftServerConfigKeys (ConfUtils.java:logGet(43)) - raft.server.log.segment.size.max = 1048576 (custom)
2019-07-16 13:42:20,248 INFO  server.RaftServerConfigKeys (ConfUtils.java:logGet(43)) - raft.server.log.preallocated.size = 16384 (custom)
2019-07-16 13:42:20,248 INFO  server.RaftServerConfigKeys (ConfUtils.java:logGet(43)) - raft.server.log.write.buffer.size = 33554432 (custom)
2019-07-16 13:42:20,248 INFO  server.RaftServerConfigKeys (ConfUtils.java:logGet(43)) - raft.server.log.force.sync.num = 128 (default)
2019-07-16 13:42:20,248 INFO  server.RaftServerConfigKeys (ConfUtils.java:logGet(43)) - raft.server.log.statemachine.data.sync = true (default)
2019-07-16 13:42:20,248 INFO  server.RaftServerConfigKeys (ConfUtils.java:logGet(43)) - raft.server.log.statemachine.data.sync.timeout = 10s (default)
2019-07-16 13:42:20,248 INFO  server.RaftServerConfigKeys (ConfUtils.java:logGet(43)) - raft.server.log.statemachine.data.sync.timeout.retry = -1 (default)
2019-07-16 13:42:20,249 INFO  server.RaftServerConfigKeys (ConfUtils.java:logGet(43)) - raft.server.log.statemachine.data.caching.enabled = true (custom)
2019-07-16 13:42:20,249 INFO  segmented.SegmentedRaftLogWorker (SegmentedRaftLogWorker.java:lambda$new$0(132)) - 7a75069f-55b2-4b26-b774-8394e9c9f24f-SegmentedRaftLogWorker:Storage Directory /workdir/hadoop-ozone/tools/target/test-dir/MiniOzoneClusterImpl-d62beaea-244a-4d89-9ac7-1901a54c6a00/datanode-1/data/ratis/5496a2f8-8786-4d75-b576-47e9f1f0d851: flushIndex: setUnconditionally 0 -> -1
2019-07-16 13:42:20,249 INFO  server.RaftServerConfigKeys (ConfUtils.java:logGet(43)) - raft.server.snapshot.auto.trigger.enabled = true (custom)
2019-07-16 13:42:20,249 INFO  server.RaftServerConfigKeys (ConfUtils.java:logGet(43)) - raft.server.snapshot.auto.trigger.threshold = 10000 (custom)
2019-07-16 13:42:20,250 INFO  server.RaftServerConfigKeys (ConfUtils.java:logGet(43)) - raft.server.retrycache.expirytime = 600000ms (custom)
2019-07-16 13:42:20,250 INFO  impl.RaftServerImpl (RaftServerImpl.java:start(180)) - 7a75069f-55b2-4b26-b774-8394e9c9f24f: start group-47E9F1F0D851
2019-07-16 13:42:20,250 INFO  impl.RaftServerImpl (RaftServerImpl.java:setRole(171)) - 7a75069f-55b2-4b26-b774-8394e9c9f24f:group-47E9F1F0D851 changes role from null to FOLLOWER at term 0 for startAsFollower
2019-07-16 13:42:20,250 INFO  impl.RoleInfo (RoleInfo.java:updateAndGet(143)) - 7a75069f-55b2-4b26-b774-8394e9c9f24f: start FollowerState
2019-07-16 13:42:20,250 INFO  util.JmxRegister (JmxRegister.java:tryRegister(44)) - Successfully registered JMX Bean with object name Ratis:service=RaftServer,group=group-47E9F1F0D851,id=7a75069f-55b2-4b26-b774-8394e9c9f24f
2019-07-16 13:42:20,261 INFO  pipeline.PipelineStateManager (PipelineStateManager.java:addPipeline(56)) - Created pipeline Pipeline[ Id: 5496a2f8-8786-4d75-b576-47e9f1f0d851, Nodes: 7a75069f-55b2-4b26-b774-8394e9c9f24f{ip: 192.168.69.87, host: trunk-nightly-gllmw-1004605419, networkLocation: /default-rack, certSerialId: null}, Type:RATIS, Factor:ONE, State:OPEN]
2019-07-16 13:42:20,296 INFO  impl.RaftServerProxy (RaftServerProxy.java:addNew(89)) - 9606a9df-d3f2-4ae3-aed4-052245b72c5d: addNew group-7C2CABE7BA21:[fe59f4c0-c81e-4b6b-924a-5978f0b6f6ba:192.168.69.87:33349, 9606a9df-d3f2-4ae3-aed4-052245b72c5d:192.168.69.87:40016, 7a75069f-55b2-4b26-b774-8394e9c9f24f:192.168.69.87:46875] returns group-7C2CABE7BA21:java.util.concurrent.CompletableFuture@2eb18d7d[Not completed]
2019-07-16 13:42:20,296 INFO  impl.RaftServerProxy (RaftServerProxy.java:addNew(89)) - 7a75069f-55b2-4b26-b774-8394e9c9f24f: addNew group-7C2CABE7BA21:[fe59f4c0-c81e-4b6b-924a-5978f0b6f6ba:192.168.69.87:33349, 9606a9df-d3f2-4ae3-aed4-052245b72c5d:192.168.69.87:40016, 7a75069f-55b2-4b26-b774-8394e9c9f24f:192.168.69.87:46875] returns group-7C2CABE7BA21:java.util.concurrent.CompletableFuture@603acfea[Not completed]
2019-07-16 13:42:20,299 INFO  impl.RaftServerImpl (RaftServerImpl.java:<init>(93)) - 7a75069f-55b2-4b26-b774-8394e9c9f24f: new RaftServerImpl for group-7C2CABE7BA21:[fe59f4c0-c81e-4b6b-924a-5978f0b6f6ba:192.168.69.87:33349, 9606a9df-d3f2-4ae3-aed4-052245b72c5d:192.168.69.87:40016, 7a75069f-55b2-4b26-b774-8394e9c9f24f:192.168.69.87:46875] with ContainerStateMachine:uninitialized
2019-07-16 13:42:20,300 INFO  server.RaftServerConfigKeys (ConfUtils.java:logGet(43)) - raft.server.rpc.timeout.min = 5s (custom)
2019-07-16 13:42:20,300 INFO  server.RaftServerConfigKeys (ConfUtils.java:logGet(43)) - raft.server.rpc.timeout.max = 5200ms (custom)
2019-07-16 13:42:20,300 INFO  server.RaftServerConfigKeys (ConfUtils.java:logGet(43)) - raft.server.rpcslowness.timeout = 120s (custom)
2019-07-16 13:42:20,300 INFO  server.RaftServerConfigKeys (ConfUtils.java:logGet(43)) - raft.server.sleep.deviation.threshold = 300 (default)
2019-07-16 13:42:20,300 INFO  server.RaftServerConfigKeys (ConfUtils.java:logGet(43)) - raft.server.log.appender.install.snapshot.enabled = false (custom)
2019-07-16 13:42:20,300 INFO  impl.RaftServerImpl (RaftServerImpl.java:<init>(93)) - 9606a9df-d3f2-4ae3-aed4-052245b72c5d: new RaftServerImpl for group-7C2CABE7BA21:[fe59f4c0-c81e-4b6b-924a-5978f0b6f6ba:192.168.69.87:33349, 9606a9df-d3f2-4ae3-aed4-052245b72c5d:192.168.69.87:40016, 7a75069f-55b2-4b26-b774-8394e9c9f24f:192.168.69.87:46875] with ContainerStateMachine:uninitialized
2019-07-16 13:42:20,300 INFO  impl.RaftServerImpl (ServerState.java:<init>(105)) - 7a75069f-55b2-4b26-b774-8394e9c9f24f:group-7C2CABE7BA21 ConfigurationManager, init=-1: [fe59f4c0-c81e-4b6b-924a-5978f0b6f6ba:192.168.69.87:33349, 9606a9df-d3f2-4ae3-aed4-052245b72c5d:192.168.69.87:40016, 7a75069f-55b2-4b26-b774-8394e9c9f24f:192.168.69.87:46875], old=null, confs=<EMPTY_MAP>
2019-07-16 13:42:20,300 INFO  server.RaftServerConfigKeys (ConfUtils.java:logGet(43)) - raft.server.rpc.timeout.min = 5s (custom)
2019-07-16 13:42:20,301 INFO  server.RaftServerConfigKeys (ConfUtils.java:logGet(43)) - raft.server.storage.dir = [/workdir/hadoop-ozone/tools/target/test-dir/MiniOzoneClusterImpl-d62beaea-244a-4d89-9ac7-1901a54c6a00/datanode-1/data/ratis] (custom)
2019-07-16 13:42:20,301 INFO  server.RaftServerConfigKeys (ConfUtils.java:logGet(43)) - raft.server.rpc.timeout.max = 5200ms (custom)
2019-07-16 13:42:20,302 INFO  server.RaftServerConfigKeys (ConfUtils.java:logGet(43)) - raft.server.rpcslowness.timeout = 120s (custom)
2019-07-16 13:42:20,302 INFO  server.RaftServerConfigKeys (ConfUtils.java:logGet(43)) - raft.server.sleep.deviation.threshold = 300 (default)
2019-07-16 13:42:20,302 INFO  storage.RaftStorageDirectory (RaftStorageDirectory.java:analyzeStorage(246)) - The storage directory /workdir/hadoop-ozone/tools/target/test-dir/MiniOzoneClusterImpl-d62beaea-244a-4d89-9ac7-1901a54c6a00/datanode-1/data/ratis/aa37f0f3-632e-4886-964d-7c2cabe7ba21 does not exist. Creating ...
2019-07-16 13:42:20,302 INFO  server.RaftServerConfigKeys (ConfUtils.java:logGet(43)) - raft.server.log.appender.install.snapshot.enabled = false (custom)
2019-07-16 13:42:20,302 INFO  impl.RaftServerImpl (ServerState.java:<init>(105)) - 9606a9df-d3f2-4ae3-aed4-052245b72c5d:group-7C2CABE7BA21 ConfigurationManager, init=-1: [fe59f4c0-c81e-4b6b-924a-5978f0b6f6ba:192.168.69.87:33349, 9606a9df-d3f2-4ae3-aed4-052245b72c5d:192.168.69.87:40016, 7a75069f-55b2-4b26-b774-8394e9c9f24f:192.168.69.87:46875], old=null, confs=<EMPTY_MAP>
2019-07-16 13:42:20,302 INFO  impl.RaftServerProxy (RaftServerProxy.java:addNew(89)) - fe59f4c0-c81e-4b6b-924a-5978f0b6f6ba: addNew group-7C2CABE7BA21:[fe59f4c0-c81e-4b6b-924a-5978f0b6f6ba:192.168.69.87:33349, 9606a9df-d3f2-4ae3-aed4-052245b72c5d:192.168.69.87:40016, 7a75069f-55b2-4b26-b774-8394e9c9f24f:192.168.69.87:46875] returns group-7C2CABE7BA21:java.util.concurrent.CompletableFuture@25384d89[Not completed]
2019-07-16 13:42:20,302 INFO  server.RaftServerConfigKeys (ConfUtils.java:logGet(43)) - raft.server.storage.dir = [/workdir/hadoop-ozone/tools/target/test-dir/MiniOzoneClusterImpl-d62beaea-244a-4d89-9ac7-1901a54c6a00/datanode-2/data/ratis] (custom)
2019-07-16 13:42:20,303 INFO  storage.RaftStorageDirectory (RaftStorageDirectory.java:analyzeStorage(246)) - The storage directory /workdir/hadoop-ozone/tools/target/test-dir/MiniOzoneClusterImpl-d62beaea-244a-4d89-9ac7-1901a54c6a00/datanode-2/data/ratis/aa37f0f3-632e-4886-964d-7c2cabe7ba21 does not exist. Creating ...
2019-07-16 13:42:20,304 INFO  impl.RaftServerImpl (RaftServerImpl.java:<init>(93)) - fe59f4c0-c81e-4b6b-924a-5978f0b6f6ba: new RaftServerImpl for group-7C2CABE7BA21:[fe59f4c0-c81e-4b6b-924a-5978f0b6f6ba:192.168.69.87:33349, 9606a9df-d3f2-4ae3-aed4-052245b72c5d:192.168.69.87:40016, 7a75069f-55b2-4b26-b774-8394e9c9f24f:192.168.69.87:46875] with ContainerStateMachine:uninitialized
2019-07-16 13:42:20,305 INFO  server.RaftServerConfigKeys (ConfUtils.java:logGet(43)) - raft.server.rpc.timeout.min = 5s (custom)
2019-07-16 13:42:20,305 INFO  server.RaftServerConfigKeys (ConfUtils.java:logGet(43)) - raft.server.rpc.timeout.max = 5200ms (custom)
2019-07-16 13:42:20,305 INFO  server.RaftServerConfigKeys (ConfUtils.java:logGet(43)) - raft.server.rpcslowness.timeout = 120s (custom)
2019-07-16 13:42:20,305 INFO  server.RaftServerConfigKeys (ConfUtils.java:logGet(43)) - raft.server.sleep.deviation.threshold = 300 (default)
2019-07-16 13:42:20,306 INFO  server.RaftServerConfigKeys (ConfUtils.java:logGet(43)) - raft.server.log.appender.install.snapshot.enabled = false (custom)
2019-07-16 13:42:20,306 INFO  impl.RaftServerImpl (ServerState.java:<init>(105)) - fe59f4c0-c81e-4b6b-924a-5978f0b6f6ba:group-7C2CABE7BA21 ConfigurationManager, init=-1: [fe59f4c0-c81e-4b6b-924a-5978f0b6f6ba:192.168.69.87:33349, 9606a9df-d3f2-4ae3-aed4-052245b72c5d:192.168.69.87:40016, 7a75069f-55b2-4b26-b774-8394e9c9f24f:192.168.69.87:46875], old=null, confs=<EMPTY_MAP>
2019-07-16 13:42:20,306 INFO  server.RaftServerConfigKeys (ConfUtils.java:logGet(43)) - raft.server.storage.dir = [/workdir/hadoop-ozone/tools/target/test-dir/MiniOzoneClusterImpl-d62beaea-244a-4d89-9ac7-1901a54c6a00/datanode-0/data/ratis] (custom)
2019-07-16 13:42:20,307 INFO  storage.RaftStorageDirectory (RaftStorageDirectory.java:analyzeStorage(246)) - The storage directory /workdir/hadoop-ozone/tools/target/test-dir/MiniOzoneClusterImpl-d62beaea-244a-4d89-9ac7-1901a54c6a00/datanode-0/data/ratis/aa37f0f3-632e-4886-964d-7c2cabe7ba21 does not exist. Creating ...
2019-07-16 13:42:20,315 INFO  storage.RaftStorageDirectory (RaftStorageDirectory.java:tryLock(328)) - Lock on /workdir/hadoop-ozone/tools/target/test-dir/MiniOzoneClusterImpl-d62beaea-244a-4d89-9ac7-1901a54c6a00/datanode-1/data/ratis/aa37f0f3-632e-4886-964d-7c2cabe7ba21/in_use.lock acquired by nodename 21512@trunk-nightly-gllmw-1004605419
2019-07-16 13:42:20,315 INFO  storage.RaftStorageDirectory (RaftStorageDirectory.java:tryLock(328)) - Lock on /workdir/hadoop-ozone/tools/target/test-dir/MiniOzoneClusterImpl-d62beaea-244a-4d89-9ac7-1901a54c6a00/datanode-0/data/ratis/aa37f0f3-632e-4886-964d-7c2cabe7ba21/in_use.lock acquired by nodename 21512@trunk-nightly-gllmw-1004605419
2019-07-16 13:42:20,315 INFO  storage.RaftStorageDirectory (RaftStorageDirectory.java:tryLock(328)) - Lock on /workdir/hadoop-ozone/tools/target/test-dir/MiniOzoneClusterImpl-d62beaea-244a-4d89-9ac7-1901a54c6a00/datanode-2/data/ratis/aa37f0f3-632e-4886-964d-7c2cabe7ba21/in_use.lock acquired by nodename 21512@trunk-nightly-gllmw-1004605419
2019-07-16 13:42:20,329 INFO  storage.RaftStorage (RaftStorage.java:format(72)) - Storage directory /workdir/hadoop-ozone/tools/target/test-dir/MiniOzoneClusterImpl-d62beaea-244a-4d89-9ac7-1901a54c6a00/datanode-2/data/ratis/aa37f0f3-632e-4886-964d-7c2cabe7ba21 has been successfully formatted.
2019-07-16 13:42:20,329 INFO  storage.RaftStorage (RaftStorage.java:format(72)) - Storage directory /workdir/hadoop-ozone/tools/target/test-dir/MiniOzoneClusterImpl-d62beaea-244a-4d89-9ac7-1901a54c6a00/datanode-1/data/ratis/aa37f0f3-632e-4886-964d-7c2cabe7ba21 has been successfully formatted.
2019-07-16 13:42:20,329 INFO  storage.RaftStorage (RaftStorage.java:format(72)) - Storage directory /workdir/hadoop-ozone/tools/target/test-dir/MiniOzoneClusterImpl-d62beaea-244a-4d89-9ac7-1901a54c6a00/datanode-0/data/ratis/aa37f0f3-632e-4886-964d-7c2cabe7ba21 has been successfully formatted.
2019-07-16 13:42:20,329 INFO  ratis.ContainerStateMachine (ContainerStateMachine.java:loadSnapshot(200)) - group-7C2CABE7BA21: The snapshot info is null. Setting the last applied indexto:(t:0, i:~)
2019-07-16 13:42:20,329 INFO  ratis.ContainerStateMachine (ContainerStateMachine.java:loadSnapshot(200)) - group-7C2CABE7BA21: The snapshot info is null. Setting the last applied indexto:(t:0, i:~)
2019-07-16 13:42:20,329 INFO  ratis.ContainerStateMachine (ContainerStateMachine.java:loadSnapshot(200)) - group-7C2CABE7BA21: The snapshot info is null. Setting the last applied indexto:(t:0, i:~)
2019-07-16 13:42:20,329 INFO  server.RaftServerConfigKeys (ConfUtils.java:logGet(43)) - raft.server.leader.election.timeout = 120s (custom)
2019-07-16 13:42:20,329 INFO  server.RaftServerConfigKeys (ConfUtils.java:logGet(43)) - raft.server.leader.election.timeout = 120s (custom)
2019-07-16 13:42:20,330 INFO  server.RaftServerConfigKeys (ConfUtils.java:logGet(43)) - raft.server.log.use.memory = false (default)
2019-07-16 13:42:20,330 INFO  server.RaftServerConfigKeys (ConfUtils.java:logGet(43)) - raft.server.leader.election.timeout = 120s (custom)
2019-07-16 13:42:20,330 INFO  server.RaftServerConfigKeys (ConfUtils.java:logGet(43)) - raft.server.log.purge.gap = 1000000000 (custom)
2019-07-16 13:42:20,330 INFO  server.RaftServerConfigKeys (ConfUtils.java:logGet(43)) - raft.server.log.use.memory = false (default)
2019-07-16 13:42:20,330 INFO  server.RaftServerConfigKeys (ConfUtils.java:logGet(43)) - raft.server.log.appender.buffer.byte-limit = 33554432 (custom)
2019-07-16 13:42:20,330 INFO  server.RaftServerConfigKeys (ConfUtils.java:logGet(43)) - raft.server.log.use.memory = false (default)
2019-07-16 13:42:20,331 INFO  server.RaftServerConfigKeys (ConfUtils.java:logGet(43)) - raft.server.log.segment.size.max = 1048576 (custom)
2019-07-16 13:42:20,330 INFO  server.RaftServerConfigKeys (ConfUtils.java:logGet(43)) - raft.server.log.purge.gap = 1000000000 (custom)
2019-07-16 13:42:20,331 INFO  server.RaftServerConfigKeys (ConfUtils.java:logGet(43)) - raft.server.log.segment.cache.num.max = 2 (custom)
2019-07-16 13:42:20,331 INFO  server.RaftServerConfigKeys (ConfUtils.java:logGet(43)) - raft.server.log.purge.gap = 1000000000 (custom)
2019-07-16 13:42:20,331 INFO  segmented.SegmentedRaftLogWorker (SegmentedRaftLogWorker.java:<init>(172)) - new fe59f4c0-c81e-4b6b-924a-5978f0b6f6ba-SegmentedRaftLogWorker:Storage Directory /workdir/hadoop-ozone/tools/target/test-dir/MiniOzoneClusterImpl-d62beaea-244a-4d89-9ac7-1901a54c6a00/datanode-0/data/ratis/aa37f0f3-632e-4886-964d-7c2cabe7ba21 for RaftStorage:Storage Directory /workdir/hadoop-ozone/tools/target/test-dir/MiniOzoneClusterImpl-d62beaea-244a-4d89-9ac7-1901a54c6a00/datanode-0/data/ratis/aa37f0f3-632e-4886-964d-7c2cabe7ba21
2019-07-16 13:42:20,331 INFO  server.RaftServerConfigKeys (ConfUtils.java:logGet(43)) - raft.server.log.appender.buffer.byte-limit = 33554432 (custom)
2019-07-16 13:42:20,331 INFO  server.RaftServerConfigKeys (ConfUtils.java:logGet(43)) - raft.server.log.queue.byte-limit = 2147483647 (custom)
2019-07-16 13:42:20,331 INFO  server.RaftServerConfigKeys (ConfUtils.java:logGet(43)) - raft.server.log.appender.buffer.byte-limit = 33554432 (custom)
2019-07-16 13:42:20,333 INFO  server.RaftServerConfigKeys (ConfUtils.java:logGet(43)) - raft.server.log.queue.element-limit = 1024 (custom)
2019-07-16 13:42:20,331 INFO  server.RaftServerConfigKeys (ConfUtils.java:logGet(43)) - raft.server.log.segment.size.max = 1048576 (custom)
2019-07-16 13:42:20,333 INFO  server.RaftServerConfigKeys (ConfUtils.java:logGet(43)) - raft.server.log.segment.size.max = 1048576 (custom)
2019-07-16 13:42:20,333 INFO  server.RaftServerConfigKeys (ConfUtils.java:logGet(43)) - raft.server.log.segment.size.max = 1048576 (custom)
2019-07-16 13:42:20,333 INFO  server.RaftServerConfigKeys (ConfUtils.java:logGet(43)) - raft.server.log.preallocated.size = 16384 (custom)
2019-07-16 13:42:20,333 INFO  server.RaftServerConfigKeys (ConfUtils.java:logGet(43)) - raft.server.log.segment.cache.num.max = 2 (custom)
2019-07-16 13:42:20,333 INFO  server.RaftServerConfigKeys (ConfUtils.java:logGet(43)) - raft.server.log.write.buffer.size = 33554432 (custom)
2019-07-16 13:42:20,333 INFO  server.RaftServerConfigKeys (ConfUtils.java:logGet(43)) - raft.server.log.segment.cache.num.max = 2 (custom)
2019-07-16 13:42:20,334 INFO  server.RaftServerConfigKeys (ConfUtils.java:logGet(43)) - raft.server.log.force.sync.num = 128 (default)
2019-07-16 13:42:20,334 INFO  segmented.SegmentedRaftLogWorker (SegmentedRaftLogWorker.java:<init>(172)) - new 9606a9df-d3f2-4ae3-aed4-052245b72c5d-SegmentedRaftLogWorker:Storage Directory /workdir/hadoop-ozone/tools/target/test-dir/MiniOzoneClusterImpl-d62beaea-244a-4d89-9ac7-1901a54c6a00/datanode-2/data/ratis/aa37f0f3-632e-4886-964d-7c2cabe7ba21 for RaftStorage:Storage Directory /workdir/hadoop-ozone/tools/target/test-dir/MiniOzoneClusterImpl-d62beaea-244a-4d89-9ac7-1901a54c6a00/datanode-2/data/ratis/aa37f0f3-632e-4886-964d-7c2cabe7ba21
2019-07-16 13:42:20,334 INFO  server.RaftServerConfigKeys (ConfUtils.java:logGet(43)) - raft.server.log.statemachine.data.sync = true (default)
2019-07-16 13:42:20,334 INFO  segmented.SegmentedRaftLogWorker (SegmentedRaftLogWorker.java:<init>(172)) - new 7a75069f-55b2-4b26-b774-8394e9c9f24f-SegmentedRaftLogWorker:Storage Directory /workdir/hadoop-ozone/tools/target/test-dir/MiniOzoneClusterImpl-d62beaea-244a-4d89-9ac7-1901a54c6a00/datanode-1/data/ratis/aa37f0f3-632e-4886-964d-7c2cabe7ba21 for RaftStorage:Storage Directory /workdir/hadoop-ozone/tools/target/test-dir/MiniOzoneClusterImpl-d62beaea-244a-4d89-9ac7-1901a54c6a00/datanode-1/data/ratis/aa37f0f3-632e-4886-964d-7c2cabe7ba21
2019-07-16 13:42:20,334 INFO  server.RaftServerConfigKeys (ConfUtils.java:logGet(43)) - raft.server.log.statemachine.data.sync.timeout = 10s (default)
2019-07-16 13:42:20,334 INFO  server.RaftServerConfigKeys (ConfUtils.java:logGet(43)) - raft.server.log.queue.byte-limit = 2147483647 (custom)
2019-07-16 13:42:20,336 INFO  server.RaftServerConfigKeys (ConfUtils.java:logGet(43)) - raft.server.log.statemachine.data.sync.timeout.retry = -1 (default)
2019-07-16 13:42:20,335 INFO  server.RaftServerConfigKeys (ConfUtils.java:logGet(43)) - raft.server.log.queue.byte-limit = 2147483647 (custom)
2019-07-16 13:42:20,337 INFO  server.RaftServerConfigKeys (ConfUtils.java:logGet(43)) - raft.server.log.queue.element-limit = 1024 (custom)
2019-07-16 13:42:20,337 INFO  server.RaftServerConfigKeys (ConfUtils.java:logGet(43)) - raft.server.log.queue.element-limit = 1024 (custom)
2019-07-16 13:42:20,337 INFO  server.RaftServerConfigKeys (ConfUtils.java:logGet(43)) - raft.server.log.statemachine.data.caching.enabled = true (custom)
2019-07-16 13:42:20,337 INFO  server.RaftServerConfigKeys (ConfUtils.java:logGet(43)) - raft.server.log.segment.size.max = 1048576 (custom)
2019-07-16 13:42:20,337 INFO  server.RaftServerConfigKeys (ConfUtils.java:logGet(43)) - raft.server.log.segment.size.max = 1048576 (custom)
2019-07-16 13:42:20,338 INFO  segmented.SegmentedRaftLogWorker (SegmentedRaftLogWorker.java:lambda$new$0(132)) - fe59f4c0-c81e-4b6b-924a-5978f0b6f6ba-SegmentedRaftLogWorker:Storage Directory /workdir/hadoop-ozone/tools/target/test-dir/MiniOzoneClusterImpl-d62beaea-244a-4d89-9ac7-1901a54c6a00/datanode-0/data/ratis/aa37f0f3-632e-4886-964d-7c2cabe7ba21: flushIndex: setUnconditionally 0 -> -1
2019-07-16 13:42:20,338 INFO  server.RaftServerConfigKeys (ConfUtils.java:logGet(43)) - raft.server.log.preallocated.size = 16384 (custom)
2019-07-16 13:42:20,338 INFO  server.RaftServerConfigKeys (ConfUtils.java:logGet(43)) - raft.server.log.preallocated.size = 16384 (custom)
2019-07-16 13:42:20,338 INFO  server.RaftServerConfigKeys (ConfUtils.java:logGet(43)) - raft.server.snapshot.auto.trigger.enabled = true (custom)
2019-07-16 13:42:20,338 INFO  server.RaftServerConfigKeys (ConfUtils.java:logGet(43)) - raft.server.log.write.buffer.size = 33554432 (custom)
2019-07-16 13:42:20,338 INFO  server.RaftServerConfigKeys (ConfUtils.java:logGet(43)) - raft.server.snapshot.auto.trigger.threshold = 10000 (custom)
2019-07-16 13:42:20,338 INFO  server.RaftServerConfigKeys (ConfUtils.java:logGet(43)) - raft.server.log.write.buffer.size = 33554432 (custom)
2019-07-16 13:42:20,339 INFO  server.RaftServerConfigKeys (ConfUtils.java:logGet(43)) - raft.server.retrycache.expirytime = 600000ms (custom)
2019-07-16 13:42:20,338 INFO  server.RaftServerConfigKeys (ConfUtils.java:logGet(43)) - raft.server.log.force.sync.num = 128 (default)
2019-07-16 13:42:20,339 INFO  impl.RaftServerImpl (RaftServerImpl.java:start(180)) - fe59f4c0-c81e-4b6b-924a-5978f0b6f6ba: start group-7C2CABE7BA21
2019-07-16 13:42:20,339 INFO  server.RaftServerConfigKeys (ConfUtils.java:logGet(43)) - raft.server.log.force.sync.num = 128 (default)
2019-07-16 13:42:20,339 INFO  impl.RaftServerImpl (RaftServerImpl.java:setRole(171)) - fe59f4c0-c81e-4b6b-924a-5978f0b6f6ba:group-7C2CABE7BA21 changes role from null to FOLLOWER at term 0 for startAsFollower
2019-07-16 13:42:20,339 INFO  server.RaftServerConfigKeys (ConfUtils.java:logGet(43)) - raft.server.log.statemachine.data.sync = true (default)
2019-07-16 13:42:20,339 INFO  impl.RoleInfo (RoleInfo.java:updateAndGet(143)) - fe59f4c0-c81e-4b6b-924a-5978f0b6f6ba: start FollowerState
2019-07-16 13:42:20,339 INFO  server.RaftServerConfigKeys (ConfUtils.java:logGet(43)) - raft.server.log.statemachine.data.sync = true (default)
2019-07-16 13:42:20,339 INFO  server.RaftServerConfigKeys (ConfUtils.java:logGet(43)) - raft.server.log.statemachine.data.sync.timeout = 10s (default)
2019-07-16 13:42:20,340 INFO  server.RaftServerConfigKeys (ConfUtils.java:logGet(43)) - raft.server.log.statemachine.data.sync.timeout = 10s (default)
2019-07-16 13:42:20,340 INFO  util.JmxRegister (JmxRegister.java:tryRegister(44)) - Successfully registered JMX Bean with object name Ratis:service=RaftServer,group=group-7C2CABE7BA21,id=fe59f4c0-c81e-4b6b-924a-5978f0b6f6ba
2019-07-16 13:42:20,340 INFO  server.RaftServerConfigKeys (ConfUtils.java:logGet(43)) - raft.server.log.statemachine.data.sync.timeout.retry = -1 (default)
2019-07-16 13:42:20,340 INFO  server.RaftServerConfigKeys (ConfUtils.java:logGet(43)) - raft.server.log.statemachine.data.sync.timeout.retry = -1 (default)
2019-07-16 13:42:20,340 INFO  server.RaftServerConfigKeys (ConfUtils.java:logGet(43)) - raft.server.log.statemachine.data.caching.enabled = true (custom)
2019-07-16 13:42:20,341 INFO  server.RaftServerConfigKeys (ConfUtils.java:logGet(43)) - raft.server.log.statemachine.data.caching.enabled = true (custom)
2019-07-16 13:42:20,341 INFO  segmented.SegmentedRaftLogWorker (SegmentedRaftLogWorker.java:lambda$new$0(132)) - 7a75069f-55b2-4b26-b774-8394e9c9f24f-SegmentedRaftLogWorker:Storage Directory /workdir/hadoop-ozone/tools/target/test-dir/MiniOzoneClusterImpl-d62beaea-244a-4d89-9ac7-1901a54c6a00/datanode-1/data/ratis/aa37f0f3-632e-4886-964d-7c2cabe7ba21: flushIndex: setUnconditionally 0 -> -1
2019-07-16 13:42:20,341 INFO  server.RaftServerConfigKeys (ConfUtils.java:logGet(43)) - raft.server.snapshot.auto.trigger.enabled = true (custom)
2019-07-16 13:42:20,341 INFO  segmented.SegmentedRaftLogWorker (SegmentedRaftLogWorker.java:lambda$new$0(132)) - 9606a9df-d3f2-4ae3-aed4-052245b72c5d-SegmentedRaftLogWorker:Storage Directory /workdir/hadoop-ozone/tools/target/test-dir/MiniOzoneClusterImpl-d62beaea-244a-4d89-9ac7-1901a54c6a00/datanode-2/data/ratis/aa37f0f3-632e-4886-964d-7c2cabe7ba21: flushIndex: setUnconditionally 0 -> -1
2019-07-16 13:42:20,341 INFO  server.RaftServerConfigKeys (ConfUtils.java:logGet(43)) - raft.server.snapshot.auto.trigger.threshold = 10000 (custom)
2019-07-16 13:42:20,342 INFO  server.RaftServerConfigKeys (ConfUtils.java:logGet(43)) - raft.server.retrycache.expirytime = 600000ms (custom)
2019-07-16 13:42:20,342 INFO  server.RaftServerConfigKeys (ConfUtils.java:logGet(43)) - raft.server.snapshot.auto.trigger.enabled = true (custom)
2019-07-16 13:42:20,342 INFO  impl.RaftServerImpl (RaftServerImpl.java:start(180)) - 7a75069f-55b2-4b26-b774-8394e9c9f24f: start group-7C2CABE7BA21
2019-07-16 13:42:20,344 INFO  server.RaftServerConfigKeys (ConfUtils.java:logGet(43)) - raft.server.snapshot.auto.trigger.threshold = 10000 (custom)
2019-07-16 13:42:20,344 INFO  impl.RaftServerImpl (RaftServerImpl.java:setRole(171)) - 7a75069f-55b2-4b26-b774-8394e9c9f24f:group-7C2CABE7BA21 changes role from null to FOLLOWER at term 0 for startAsFollower
2019-07-16 13:42:20,344 INFO  server.RaftServerConfigKeys (ConfUtils.java:logGet(43)) - raft.server.retrycache.expirytime = 600000ms (custom)
2019-07-16 13:42:20,344 INFO  impl.RoleInfo (RoleInfo.java:updateAndGet(143)) - 7a75069f-55b2-4b26-b774-8394e9c9f24f: start FollowerState
2019-07-16 13:42:20,344 INFO  impl.RaftServerImpl (RaftServerImpl.java:start(180)) - 9606a9df-d3f2-4ae3-aed4-052245b72c5d: start group-7C2CABE7BA21
2019-07-16 13:42:20,345 INFO  impl.RaftServerImpl (RaftServerImpl.java:setRole(171)) - 9606a9df-d3f2-4ae3-aed4-052245b72c5d:group-7C2CABE7BA21 changes role from null to FOLLOWER at term 0 for startAsFollower
2019-07-16 13:42:20,345 INFO  util.JmxRegister (JmxRegister.java:tryRegister(44)) - Successfully registered JMX Bean with object name Ratis:service=RaftServer,group=group-7C2CABE7BA21,id=7a75069f-55b2-4b26-b774-8394e9c9f24f
2019-07-16 13:42:20,345 INFO  impl.RoleInfo (RoleInfo.java:updateAndGet(143)) - 9606a9df-d3f2-4ae3-aed4-052245b72c5d: start FollowerState
2019-07-16 13:42:20,346 INFO  util.JmxRegister (JmxRegister.java:tryRegister(44)) - Successfully registered JMX Bean with object name Ratis:service=RaftServer,group=group-7C2CABE7BA21,id=9606a9df-d3f2-4ae3-aed4-052245b72c5d
2019-07-16 13:42:20,362 INFO  pipeline.PipelineStateManager (PipelineStateManager.java:addPipeline(56)) - Created pipeline Pipeline[ Id: aa37f0f3-632e-4886-964d-7c2cabe7ba21, Nodes: fe59f4c0-c81e-4b6b-924a-5978f0b6f6ba{ip: 192.168.69.87, host: trunk-nightly-gllmw-1004605419, networkLocation: /default-rack, certSerialId: null}9606a9df-d3f2-4ae3-aed4-052245b72c5d{ip: 192.168.69.87, host: trunk-nightly-gllmw-1004605419, networkLocation: /default-rack, certSerialId: null}7a75069f-55b2-4b26-b774-8394e9c9f24f{ip: 192.168.69.87, host: trunk-nightly-gllmw-1004605419, networkLocation: /default-rack, certSerialId: null}, Type:RATIS, Factor:THREE, State:OPEN]
2019-07-16 13:42:20,362 INFO  ozone.MiniOzoneClusterImpl (MiniOzoneClusterImpl.java:lambda$waitForClusterToBeReady$0(142)) - Cluster is ready. Got 3 of 3 DN Heartbeats.
2019-07-16 13:42:20,746 INFO  freon.RandomKeyGenerator (RandomKeyGenerator.java:call(262)) - Number of Threads: 10
2019-07-16 13:42:20,747 INFO  freon.RandomKeyGenerator (RandomKeyGenerator.java:call(267)) - Number of Volumes: 1.
2019-07-16 13:42:20,747 INFO  freon.RandomKeyGenerator (RandomKeyGenerator.java:call(268)) - Number of Buckets per Volume: 1.
2019-07-16 13:42:20,747 INFO  freon.RandomKeyGenerator (RandomKeyGenerator.java:call(269)) - Number of Keys per Bucket: 1.
2019-07-16 13:42:20,747 INFO  freon.RandomKeyGenerator (RandomKeyGenerator.java:call(270)) - Key size: 20971520 bytes
2019-07-16 13:42:20,747 INFO  freon.RandomKeyGenerator (RandomKeyGenerator.java:call(271)) - Buffer size: 4096 bytes
2019-07-16 13:42:20,749 INFO  freon.RandomKeyGenerator (RandomKeyGenerator.java:call(286)) - Data validation is enabled.
2019-07-16 13:42:20,750 INFO  freon.RandomKeyGenerator (RandomKeyGenerator.java:call(299)) - Starting progress bar Thread.

 0.00% |█                                                                                                    |  0/1 Time: 0:00:002019-07-16 13:42:20,779 INFO  rpc.RpcClient (RpcClient.java:createVolume(287)) - Creating Volume: vol-0-29189, with jenkins1000 as owner.
2019-07-16 13:42:20,820 INFO  rpc.RpcClient (RpcClient.java:createBucket(424)) - Creating Bucket: vol-0-29189/bucket-0-73156, with Versioning false and Storage Type set to DISK and Encryption set to false 
2019-07-16 13:42:21,134 INFO  client.GrpcClientProtocolClient (GrpcClientProtocolClient.java:onNext(255)) - client-57F3B904F52F->fe59f4c0-c81e-4b6b-924a-5978f0b6f6ba: receive RaftClientReply:client-57F3B904F52F->fe59f4c0-c81e-4b6b-924a-5978f0b6f6ba@group-7C2CABE7BA21, cid=6, FAILED org.apache.ratis.protocol.NotLeaderException: Server fe59f4c0-c81e-4b6b-924a-5978f0b6f6ba is not the leader (null). Request must be sent to leader., logIndex=0, commits[fe59f4c0-c81e-4b6b-924a-5978f0b6f6ba:c-1]
 0.00% |█                                                                                                    |  0/1 Time: 0:00:012019-07-16 13:42:22,048 INFO  container.ReplicationManager (ReplicationManager.java:start(155)) - Starting Replication Monitor Thread.
2019-07-16 13:42:22,049 INFO  container.ReplicationManager (ReplicationManager.java:run(207)) - Replication Monitor Thread took 1 milliseconds for processing 3 containers.
2019-07-16 13:42:22,177 INFO  client.GrpcClientProtocolClient (GrpcClientProtocolClient.java:onNext(255)) - client-57F3B904F52F->9606a9df-d3f2-4ae3-aed4-052245b72c5d: receive RaftClientReply:client-57F3B904F52F->9606a9df-d3f2-4ae3-aed4-052245b72c5d@group-7C2CABE7BA21, cid=6, FAILED org.apache.ratis.protocol.NotLeaderException: Server 9606a9df-d3f2-4ae3-aed4-052245b72c5d is not the leader (null). Request must be sent to leader., logIndex=0, commits[9606a9df-d3f2-4ae3-aed4-052245b72c5d:c-1]
 0.00% |█                                                                                                    |  0/1 Time: 0:00:022019-07-16 13:42:23,215 INFO  client.GrpcClientProtocolClient (GrpcClientProtocolClient.java:onNext(255)) - client-57F3B904F52F->7a75069f-55b2-4b26-b774-8394e9c9f24f: receive RaftClientReply:client-57F3B904F52F->7a75069f-55b2-4b26-b774-8394e9c9f24f@group-7C2CABE7BA21, cid=6, FAILED org.apache.ratis.protocol.NotLeaderException: Server 7a75069f-55b2-4b26-b774-8394e9c9f24f is not the leader (null). Request must be sent to leader., logIndex=0, commits[7a75069f-55b2-4b26-b774-8394e9c9f24f:c-1]
 0.00% |█                                                                                                    |  0/1 Time: 0:00:032019-07-16 13:42:24,252 INFO  client.GrpcClientProtocolClient (GrpcClientProtocolClient.java:onNext(255)) - client-57F3B904F52F->fe59f4c0-c81e-4b6b-924a-5978f0b6f6ba: receive RaftClientReply:client-57F3B904F52F->fe59f4c0-c81e-4b6b-924a-5978f0b6f6ba@group-7C2CABE7BA21, cid=6, FAILED org.apache.ratis.protocol.NotLeaderException: Server fe59f4c0-c81e-4b6b-924a-5978f0b6f6ba is not the leader (null). Request must be sent to leader., logIndex=0, commits[fe59f4c0-c81e-4b6b-924a-5978f0b6f6ba:c-1]
 0.00% |█                                                                                                    |  0/1 Time: 0:00:042019-07-16 13:42:24,984 INFO  impl.FollowerState (FollowerState.java:run(106)) - fe59f4c0-c81e-4b6b-924a-5978f0b6f6ba:group-216E140BE5ED changes to CANDIDATE, lastRpcTime:5008, electionTimeout:5007ms
2019-07-16 13:42:24,984 INFO  impl.RoleInfo (RoleInfo.java:shutdownFollowerState(121)) - fe59f4c0-c81e-4b6b-924a-5978f0b6f6ba: shutdown FollowerState
2019-07-16 13:42:24,985 INFO  impl.RaftServerImpl (RaftServerImpl.java:setRole(171)) - fe59f4c0-c81e-4b6b-924a-5978f0b6f6ba:group-216E140BE5ED changes role from FOLLOWER to CANDIDATE at term 0 for changeToCandidate
2019-07-16 13:42:24,991 INFO  impl.RoleInfo (RoleInfo.java:updateAndGet(143)) - fe59f4c0-c81e-4b6b-924a-5978f0b6f6ba: start LeaderElection
2019-07-16 13:42:25,011 INFO  impl.LeaderElection (LeaderElection.java:askForVotes(181)) - fe59f4c0-c81e-4b6b-924a-5978f0b6f6ba:group-216E140BE5ED:LeaderElection1: begin an election at term 1 for -1: [fe59f4c0-c81e-4b6b-924a-5978f0b6f6ba:192.168.69.87:33349], old=null
2019-07-16 13:42:25,013 INFO  impl.RoleInfo (RoleInfo.java:shutdownLeaderElection(134)) - fe59f4c0-c81e-4b6b-924a-5978f0b6f6ba: shutdown LeaderElection
2019-07-16 13:42:25,014 INFO  impl.RaftServerImpl (RaftServerImpl.java:setRole(171)) - fe59f4c0-c81e-4b6b-924a-5978f0b6f6ba:group-216E140BE5ED changes role from CANDIDATE to LEADER at term 1 for changeToLeader
2019-07-16 13:42:25,014 INFO  impl.RaftServerImpl (ServerState.java:setLeader(263)) - fe59f4c0-c81e-4b6b-924a-5978f0b6f6ba:group-216E140BE5ED change Leader from null to fe59f4c0-c81e-4b6b-924a-5978f0b6f6ba at term 1 for becomeLeader, leader elected after 5406ms
2019-07-16 13:42:25,022 INFO  server.RaftServerConfigKeys (ConfUtils.java:logGet(43)) - raft.server.staging.catchup.gap = 1000 (default)
2019-07-16 13:42:25,022 INFO  server.RaftServerConfigKeys (ConfUtils.java:logGet(43)) - raft.server.rpc.sleep.time = 25ms (default)
2019-07-16 13:42:25,026 INFO  server.RaftServerConfigKeys (ConfUtils.java:logGet(43)) - raft.server.write.element-limit = 4096 (default)
2019-07-16 13:42:25,030 INFO  server.RaftServerConfigKeys (ConfUtils.java:logGet(43)) - raft.server.watch.timeout = 10s (default)
2019-07-16 13:42:25,030 INFO  server.RaftServerConfigKeys (ConfUtils.java:logGet(43)) - raft.server.watch.timeout.denomination = 1s (default)
2019-07-16 13:42:25,031 INFO  server.RaftServerConfigKeys (ConfUtils.java:logGet(43)) - raft.server.watch.element-limit = 65536 (default)
2019-07-16 13:42:25,039 INFO  impl.RoleInfo (RoleInfo.java:updateAndGet(143)) - fe59f4c0-c81e-4b6b-924a-5978f0b6f6ba: start LeaderState
2019-07-16 13:42:25,059 INFO  segmented.SegmentedRaftLogWorker (SegmentedRaftLogWorker.java:startLogSegment(380)) - fe59f4c0-c81e-4b6b-924a-5978f0b6f6ba-SegmentedRaftLogWorker:Storage Directory /workdir/hadoop-ozone/tools/target/test-dir/MiniOzoneClusterImpl-d62beaea-244a-4d89-9ac7-1901a54c6a00/datanode-0/data/ratis/7b977875-3a64-432b-a93d-216e140be5ed: Starting segment from index:0
2019-07-16 13:42:25,067 INFO  impl.RaftServerImpl (ServerState.java:setRaftConf(361)) - fe59f4c0-c81e-4b6b-924a-5978f0b6f6ba:group-216E140BE5ED set configuration 0: [fe59f4c0-c81e-4b6b-924a-5978f0b6f6ba:192.168.69.87:33349], old=null at 0
2019-07-16 13:42:25,252 INFO  segmented.SegmentedRaftLogWorker (SegmentedRaftLogWorker.java:execute(569)) - fe59f4c0-c81e-4b6b-924a-5978f0b6f6ba-SegmentedRaftLogWorker:Storage Directory /workdir/hadoop-ozone/tools/target/test-dir/MiniOzoneClusterImpl-d62beaea-244a-4d89-9ac7-1901a54c6a00/datanode-0/data/ratis/7b977875-3a64-432b-a93d-216e140be5ed: created new log segment /workdir/hadoop-ozone/tools/target/test-dir/MiniOzoneClusterImpl-d62beaea-244a-4d89-9ac7-1901a54c6a00/datanode-0/data/ratis/7b977875-3a64-432b-a93d-216e140be5ed/current/log_inprogress_0
2019-07-16 13:42:25,283 INFO  client.GrpcClientProtocolClient (GrpcClientProtocolClient.java:onNext(255)) - client-57F3B904F52F->9606a9df-d3f2-4ae3-aed4-052245b72c5d: receive RaftClientReply:client-57F3B904F52F->9606a9df-d3f2-4ae3-aed4-052245b72c5d@group-7C2CABE7BA21, cid=6, FAILED org.apache.ratis.protocol.NotLeaderException: Server 9606a9df-d3f2-4ae3-aed4-052245b72c5d is not the leader (null). Request must be sent to leader., logIndex=0, commits[9606a9df-d3f2-4ae3-aed4-052245b72c5d:c-1]
2019-07-16 13:42:25,336 INFO  impl.FollowerState (FollowerState.java:run(106)) - 7a75069f-55b2-4b26-b774-8394e9c9f24f:group-47E9F1F0D851 changes to CANDIDATE, lastRpcTime:5085, electionTimeout:5085ms
2019-07-16 13:42:25,338 INFO  impl.RoleInfo (RoleInfo.java:shutdownFollowerState(121)) - 7a75069f-55b2-4b26-b774-8394e9c9f24f: shutdown FollowerState
2019-07-16 13:42:25,338 INFO  impl.RaftServerImpl (RaftServerImpl.java:setRole(171)) - 7a75069f-55b2-4b26-b774-8394e9c9f24f:group-47E9F1F0D851 changes role from FOLLOWER to CANDIDATE at term 0 for changeToCandidate
2019-07-16 13:42:25,338 INFO  impl.RoleInfo (RoleInfo.java:updateAndGet(143)) - 7a75069f-55b2-4b26-b774-8394e9c9f24f: start LeaderElection
2019-07-16 13:42:25,348 INFO  impl.FollowerState (FollowerState.java:run(106)) - 9606a9df-d3f2-4ae3-aed4-052245b72c5d:group-D890201D0528 changes to CANDIDATE, lastRpcTime:5181, electionTimeout:5179ms
2019-07-16 13:42:25,348 INFO  impl.RoleInfo (RoleInfo.java:shutdownFollowerState(121)) - 9606a9df-d3f2-4ae3-aed4-052245b72c5d: shutdown FollowerState
2019-07-16 13:42:25,348 INFO  impl.RaftServerImpl (RaftServerImpl.java:setRole(171)) - 9606a9df-d3f2-4ae3-aed4-052245b72c5d:group-D890201D0528 changes role from FOLLOWER to CANDIDATE at term 0 for changeToCandidate
2019-07-16 13:42:25,348 INFO  impl.RoleInfo (RoleInfo.java:updateAndGet(143)) - 9606a9df-d3f2-4ae3-aed4-052245b72c5d: start LeaderElection
2019-07-16 13:42:25,356 INFO  impl.LeaderElection (LeaderElection.java:askForVotes(181)) - 9606a9df-d3f2-4ae3-aed4-052245b72c5d:group-D890201D0528:LeaderElection3: begin an election at term 1 for -1: [9606a9df-d3f2-4ae3-aed4-052245b72c5d:192.168.69.87:40016], old=null
2019-07-16 13:42:25,356 INFO  impl.LeaderElection (LeaderElection.java:askForVotes(181)) - 7a75069f-55b2-4b26-b774-8394e9c9f24f:group-47E9F1F0D851:LeaderElection2: begin an election at term 1 for -1: [7a75069f-55b2-4b26-b774-8394e9c9f24f:192.168.69.87:46875], old=null
2019-07-16 13:42:25,357 INFO  impl.RoleInfo (RoleInfo.java:shutdownLeaderElection(134)) - 9606a9df-d3f2-4ae3-aed4-052245b72c5d: shutdown LeaderElection
2019-07-16 13:42:25,357 INFO  impl.RoleInfo (RoleInfo.java:shutdownLeaderElection(134)) - 7a75069f-55b2-4b26-b774-8394e9c9f24f: shutdown LeaderElection
2019-07-16 13:42:25,357 INFO  impl.RaftServerImpl (RaftServerImpl.java:setRole(171)) - 9606a9df-d3f2-4ae3-aed4-052245b72c5d:group-D890201D0528 changes role from CANDIDATE to LEADER at term 1 for changeToLeader
2019-07-16 13:42:25,357 INFO  impl.RaftServerImpl (RaftServerImpl.java:setRole(171)) - 7a75069f-55b2-4b26-b774-8394e9c9f24f:group-47E9F1F0D851 changes role from CANDIDATE to LEADER at term 1 for changeToLeader
2019-07-16 13:42:25,358 INFO  impl.RaftServerImpl (ServerState.java:setLeader(263)) - 9606a9df-d3f2-4ae3-aed4-052245b72c5d:group-D890201D0528 change Leader from null to 9606a9df-d3f2-4ae3-aed4-052245b72c5d at term 1 for becomeLeader, leader elected after 5210ms
2019-07-16 13:42:25,358 INFO  impl.RaftServerImpl (ServerState.java:setLeader(263)) - 7a75069f-55b2-4b26-b774-8394e9c9f24f:group-47E9F1F0D851 change Leader from null to 7a75069f-55b2-4b26-b774-8394e9c9f24f at term 1 for becomeLeader, leader elected after 5111ms
2019-07-16 13:42:25,358 INFO  server.RaftServerConfigKeys (ConfUtils.java:logGet(43)) - raft.server.staging.catchup.gap = 1000 (default)
2019-07-16 13:42:25,358 INFO  server.RaftServerConfigKeys (ConfUtils.java:logGet(43)) - raft.server.staging.catchup.gap = 1000 (default)
2019-07-16 13:42:25,358 INFO  server.RaftServerConfigKeys (ConfUtils.java:logGet(43)) - raft.server.rpc.sleep.time = 25ms (default)
2019-07-16 13:42:25,358 INFO  server.RaftServerConfigKeys (ConfUtils.java:logGet(43)) - raft.server.rpc.sleep.time = 25ms (default)
2019-07-16 13:42:25,358 INFO  server.RaftServerConfigKeys (ConfUtils.java:logGet(43)) - raft.server.write.element-limit = 4096 (default)
2019-07-16 13:42:25,359 INFO  server.RaftServerConfigKeys (ConfUtils.java:logGet(43)) - raft.server.write.element-limit = 4096 (default)
2019-07-16 13:42:25,359 INFO  server.RaftServerConfigKeys (ConfUtils.java:logGet(43)) - raft.server.watch.timeout = 10s (default)
2019-07-16 13:42:25,359 INFO  server.RaftServerConfigKeys (ConfUtils.java:logGet(43)) - raft.server.watch.timeout = 10s (default)
2019-07-16 13:42:25,359 INFO  server.RaftServerConfigKeys (ConfUtils.java:logGet(43)) - raft.server.watch.timeout.denomination = 1s (default)
2019-07-16 13:42:25,359 INFO  server.RaftServerConfigKeys (ConfUtils.java:logGet(43)) - raft.server.watch.timeout.denomination = 1s (default)
2019-07-16 13:42:25,359 INFO  server.RaftServerConfigKeys (ConfUtils.java:logGet(43)) - raft.server.watch.element-limit = 65536 (default)
2019-07-16 13:42:25,359 INFO  server.RaftServerConfigKeys (ConfUtils.java:logGet(43)) - raft.server.watch.element-limit = 65536 (default)
2019-07-16 13:42:25,360 INFO  impl.RoleInfo (RoleInfo.java:updateAndGet(143)) - 9606a9df-d3f2-4ae3-aed4-052245b72c5d: start LeaderState
2019-07-16 13:42:25,360 INFO  impl.RoleInfo (RoleInfo.java:updateAndGet(143)) - 7a75069f-55b2-4b26-b774-8394e9c9f24f: start LeaderState
2019-07-16 13:42:25,360 INFO  segmented.SegmentedRaftLogWorker (SegmentedRaftLogWorker.java:startLogSegment(380)) - 9606a9df-d3f2-4ae3-aed4-052245b72c5d-SegmentedRaftLogWorker:Storage Directory /workdir/hadoop-ozone/tools/target/test-dir/MiniOzoneClusterImpl-d62beaea-244a-4d89-9ac7-1901a54c6a00/datanode-2/data/ratis/db1f670d-d072-4a2a-acd7-d890201d0528: Starting segment from index:0
2019-07-16 13:42:25,360 INFO  segmented.SegmentedRaftLogWorker (SegmentedRaftLogWorker.java:startLogSegment(380)) - 7a75069f-55b2-4b26-b774-8394e9c9f24f-SegmentedRaftLogWorker:Storage Directory /workdir/hadoop-ozone/tools/target/test-dir/MiniOzoneClusterImpl-d62beaea-244a-4d89-9ac7-1901a54c6a00/datanode-1/data/ratis/5496a2f8-8786-4d75-b576-47e9f1f0d851: Starting segment from index:0
2019-07-16 13:42:25,361 INFO  impl.RaftServerImpl (ServerState.java:setRaftConf(361)) - 9606a9df-d3f2-4ae3-aed4-052245b72c5d:group-D890201D0528 set configuration 0: [9606a9df-d3f2-4ae3-aed4-052245b72c5d:192.168.69.87:40016], old=null at 0
2019-07-16 13:42:25,361 INFO  impl.RaftServerImpl (ServerState.java:setRaftConf(361)) - 7a75069f-55b2-4b26-b774-8394e9c9f24f:group-47E9F1F0D851 set configuration 0: [7a75069f-55b2-4b26-b774-8394e9c9f24f:192.168.69.87:46875], old=null at 0
2019-07-16 13:42:25,377 INFO  impl.FollowerState (FollowerState.java:run(106)) - 7a75069f-55b2-4b26-b774-8394e9c9f24f:group-7C2CABE7BA21 changes to CANDIDATE, lastRpcTime:5033, electionTimeout:5020ms
2019-07-16 13:42:25,378 INFO  impl.RoleInfo (RoleInfo.java:shutdownFollowerState(121)) - 7a75069f-55b2-4b26-b774-8394e9c9f24f: shutdown FollowerState
2019-07-16 13:42:25,378 INFO  impl.RaftServerImpl (RaftServerImpl.java:setRole(171)) - 7a75069f-55b2-4b26-b774-8394e9c9f24f:group-7C2CABE7BA21 changes role from FOLLOWER to CANDIDATE at term 0 for changeToCandidate
2019-07-16 13:42:25,379 INFO  impl.RoleInfo (RoleInfo.java:updateAndGet(143)) - 7a75069f-55b2-4b26-b774-8394e9c9f24f: start LeaderElection
2019-07-16 13:42:25,390 INFO  segmented.SegmentedRaftLogWorker (SegmentedRaftLogWorker.java:execute(569)) - 9606a9df-d3f2-4ae3-aed4-052245b72c5d-SegmentedRaftLogWorker:Storage Directory /workdir/hadoop-ozone/tools/target/test-dir/MiniOzoneClusterImpl-d62beaea-244a-4d89-9ac7-1901a54c6a00/datanode-2/data/ratis/db1f670d-d072-4a2a-acd7-d890201d0528: created new log segment /workdir/hadoop-ozone/tools/target/test-dir/MiniOzoneClusterImpl-d62beaea-244a-4d89-9ac7-1901a54c6a00/datanode-2/data/ratis/db1f670d-d072-4a2a-acd7-d890201d0528/current/log_inprogress_0
2019-07-16 13:42:25,390 INFO  impl.LeaderElection (LeaderElection.java:askForVotes(181)) - 7a75069f-55b2-4b26-b774-8394e9c9f24f:group-7C2CABE7BA21:LeaderElection4: begin an election at term 1 for -1: [fe59f4c0-c81e-4b6b-924a-5978f0b6f6ba:192.168.69.87:33349, 9606a9df-d3f2-4ae3-aed4-052245b72c5d:192.168.69.87:40016, 7a75069f-55b2-4b26-b774-8394e9c9f24f:192.168.69.87:46875], old=null
2019-07-16 13:42:25,390 INFO  segmented.SegmentedRaftLogWorker (SegmentedRaftLogWorker.java:execute(569)) - 7a75069f-55b2-4b26-b774-8394e9c9f24f-SegmentedRaftLogWorker:Storage Directory /workdir/hadoop-ozone/tools/target/test-dir/MiniOzoneClusterImpl-d62beaea-244a-4d89-9ac7-1901a54c6a00/datanode-1/data/ratis/5496a2f8-8786-4d75-b576-47e9f1f0d851: created new log segment /workdir/hadoop-ozone/tools/target/test-dir/MiniOzoneClusterImpl-d62beaea-244a-4d89-9ac7-1901a54c6a00/datanode-1/data/ratis/5496a2f8-8786-4d75-b576-47e9f1f0d851/current/log_inprogress_0
2019-07-16 13:42:25,412 INFO  impl.RaftServerImpl (RaftServerImpl.java:setRole(171)) - fe59f4c0-c81e-4b6b-924a-5978f0b6f6ba:group-7C2CABE7BA21 changes role from FOLLOWER to FOLLOWER at term 1 for recognizeCandidate:7a75069f-55b2-4b26-b774-8394e9c9f24f
2019-07-16 13:42:25,412 INFO  impl.RaftServerImpl (RaftServerImpl.java:setRole(171)) - 9606a9df-d3f2-4ae3-aed4-052245b72c5d:group-7C2CABE7BA21 changes role from FOLLOWER to FOLLOWER at term 1 for recognizeCandidate:7a75069f-55b2-4b26-b774-8394e9c9f24f
2019-07-16 13:42:25,412 INFO  impl.RoleInfo (RoleInfo.java:shutdownFollowerState(121)) - fe59f4c0-c81e-4b6b-924a-5978f0b6f6ba: shutdown FollowerState
2019-07-16 13:42:25,413 INFO  impl.RoleInfo (RoleInfo.java:shutdownFollowerState(121)) - 9606a9df-d3f2-4ae3-aed4-052245b72c5d: shutdown FollowerState
2019-07-16 13:42:25,413 INFO  impl.RoleInfo (RoleInfo.java:updateAndGet(143)) - fe59f4c0-c81e-4b6b-924a-5978f0b6f6ba: start FollowerState
2019-07-16 13:42:25,414 INFO  impl.FollowerState (FollowerState.java:run(114)) - fe59f4c0-c81e-4b6b-924a-5978f0b6f6ba: FollowerState was interrupted: java.lang.InterruptedException: sleep interrupted
2019-07-16 13:42:25,414 INFO  impl.FollowerState (FollowerState.java:run(114)) - 9606a9df-d3f2-4ae3-aed4-052245b72c5d: FollowerState was interrupted: java.lang.InterruptedException: sleep interrupted
2019-07-16 13:42:25,414 INFO  impl.RoleInfo (RoleInfo.java:updateAndGet(143)) - 9606a9df-d3f2-4ae3-aed4-052245b72c5d: start FollowerState
2019-07-16 13:42:25,441 INFO  impl.LeaderElection (LeaderElection.java:logAndReturn(56)) - 7a75069f-55b2-4b26-b774-8394e9c9f24f:group-7C2CABE7BA21:LeaderElection4: Election PASSED; received 1 response(s) [7a75069f-55b2-4b26-b774-8394e9c9f24f<-fe59f4c0-c81e-4b6b-924a-5978f0b6f6ba#0:OK-t1] and 0 exception(s); 7a75069f-55b2-4b26-b774-8394e9c9f24f:t1, leader=null, voted=7a75069f-55b2-4b26-b774-8394e9c9f24f, raftlog=7a75069f-55b2-4b26-b774-8394e9c9f24f-SegmentedRaftLog:OPENED:c-1,f-1,i0, conf=-1: [fe59f4c0-c81e-4b6b-924a-5978f0b6f6ba:192.168.69.87:33349, 9606a9df-d3f2-4ae3-aed4-052245b72c5d:192.168.69.87:40016, 7a75069f-55b2-4b26-b774-8394e9c9f24f:192.168.69.87:46875], old=null
2019-07-16 13:42:25,441 INFO  impl.RoleInfo (RoleInfo.java:shutdownLeaderElection(134)) - 7a75069f-55b2-4b26-b774-8394e9c9f24f: shutdown LeaderElection
2019-07-16 13:42:25,441 INFO  impl.RaftServerImpl (RaftServerImpl.java:setRole(171)) - 7a75069f-55b2-4b26-b774-8394e9c9f24f:group-7C2CABE7BA21 changes role from CANDIDATE to LEADER at term 1 for changeToLeader
2019-07-16 13:42:25,444 INFO  impl.RaftServerImpl (ServerState.java:setLeader(263)) - 7a75069f-55b2-4b26-b774-8394e9c9f24f:group-7C2CABE7BA21 change Leader from null to 7a75069f-55b2-4b26-b774-8394e9c9f24f at term 1 for becomeLeader, leader elected after 5114ms
2019-07-16 13:42:25,444 INFO  server.RaftServerConfigKeys (ConfUtils.java:logGet(43)) - raft.server.staging.catchup.gap = 1000 (default)
2019-07-16 13:42:25,444 INFO  server.RaftServerConfigKeys (ConfUtils.java:logGet(43)) - raft.server.rpc.sleep.time = 25ms (default)
2019-07-16 13:42:25,444 INFO  server.RaftServerConfigKeys (ConfUtils.java:logGet(43)) - raft.server.write.element-limit = 4096 (default)
2019-07-16 13:42:25,444 INFO  server.RaftServerConfigKeys (ConfUtils.java:logGet(43)) - raft.server.watch.timeout = 10s (default)
2019-07-16 13:42:25,444 INFO  server.RaftServerConfigKeys (ConfUtils.java:logGet(43)) - raft.server.watch.timeout.denomination = 1s (default)
2019-07-16 13:42:25,445 INFO  server.RaftServerConfigKeys (ConfUtils.java:logGet(43)) - raft.server.watch.element-limit = 65536 (default)
2019-07-16 13:42:25,447 INFO  server.RaftServerConfigKeys (ConfUtils.java:logGet(43)) - raft.server.log.appender.snapshot.chunk.size.max = 16MB (=16777216) (default)
2019-07-16 13:42:25,447 INFO  server.RaftServerConfigKeys (ConfUtils.java:logGet(43)) - raft.server.log.appender.buffer.byte-limit = 33554432 (custom)
2019-07-16 13:42:25,448 INFO  server.RaftServerConfigKeys (ConfUtils.java:logGet(43)) - raft.server.log.appender.buffer.element-limit = 1 (custom)
2019-07-16 13:42:25,452 INFO  grpc.GrpcConfigKeys$Server (ConfUtils.java:logGet(43)) - raft.grpc.server.leader.outstanding.appends.max = 128 (default)
2019-07-16 13:42:25,457 INFO  server.RaftServerConfigKeys (ConfUtils.java:logGet(43)) - raft.server.rpc.request.timeout = 3000ms (default)
2019-07-16 13:42:25,457 INFO  server.RaftServerConfigKeys (ConfUtils.java:logGet(43)) - raft.server.log.appender.install.snapshot.enabled = false (custom)
2019-07-16 13:42:25,457 INFO  server.RaftServerConfigKeys (ConfUtils.java:logGet(43)) - raft.server.log.appender.snapshot.chunk.size.max = 16MB (=16777216) (default)
2019-07-16 13:42:25,458 INFO  server.RaftServerConfigKeys (ConfUtils.java:logGet(43)) - raft.server.log.appender.buffer.byte-limit = 33554432 (custom)
2019-07-16 13:42:25,458 INFO  server.RaftServerConfigKeys (ConfUtils.java:logGet(43)) - raft.server.log.appender.buffer.element-limit = 1 (custom)
2019-07-16 13:42:25,458 INFO  grpc.GrpcConfigKeys$Server (ConfUtils.java:logGet(43)) - raft.grpc.server.leader.outstanding.appends.max = 128 (default)
2019-07-16 13:42:25,458 INFO  server.RaftServerConfigKeys (ConfUtils.java:logGet(43)) - raft.server.rpc.request.timeout = 3000ms (default)
2019-07-16 13:42:25,459 INFO  server.RaftServerConfigKeys (ConfUtils.java:logGet(43)) - raft.server.log.appender.install.snapshot.enabled = false (custom)
2019-07-16 13:42:25,460 INFO  impl.RoleInfo (RoleInfo.java:updateAndGet(143)) - 7a75069f-55b2-4b26-b774-8394e9c9f24f: start LeaderState
2019-07-16 13:42:25,461 INFO  segmented.SegmentedRaftLogWorker (SegmentedRaftLogWorker.java:startLogSegment(380)) - 7a75069f-55b2-4b26-b774-8394e9c9f24f-SegmentedRaftLogWorker:Storage Directory /workdir/hadoop-ozone/tools/target/test-dir/MiniOzoneClusterImpl-d62beaea-244a-4d89-9ac7-1901a54c6a00/datanode-1/data/ratis/aa37f0f3-632e-4886-964d-7c2cabe7ba21: Starting segment from index:0
2019-07-16 13:42:25,462 INFO  impl.RaftServerImpl (ServerState.java:setRaftConf(361)) - 7a75069f-55b2-4b26-b774-8394e9c9f24f:group-7C2CABE7BA21 set configuration 0: [fe59f4c0-c81e-4b6b-924a-5978f0b6f6ba:192.168.69.87:33349, 9606a9df-d3f2-4ae3-aed4-052245b72c5d:192.168.69.87:40016, 7a75069f-55b2-4b26-b774-8394e9c9f24f:192.168.69.87:46875], old=null at 0
2019-07-16 13:42:25,489 INFO  segmented.SegmentedRaftLogWorker (SegmentedRaftLogWorker.java:execute(569)) - 7a75069f-55b2-4b26-b774-8394e9c9f24f-SegmentedRaftLogWorker:Storage Directory /workdir/hadoop-ozone/tools/target/test-dir/MiniOzoneClusterImpl-d62beaea-244a-4d89-9ac7-1901a54c6a00/datanode-1/data/ratis/aa37f0f3-632e-4886-964d-7c2cabe7ba21: created new log segment /workdir/hadoop-ozone/tools/target/test-dir/MiniOzoneClusterImpl-d62beaea-244a-4d89-9ac7-1901a54c6a00/datanode-1/data/ratis/aa37f0f3-632e-4886-964d-7c2cabe7ba21/current/log_inprogress_0
2019-07-16 13:42:25,494 INFO  impl.RaftServerImpl (ServerState.java:setLeader(263)) - 9606a9df-d3f2-4ae3-aed4-052245b72c5d:group-7C2CABE7BA21 change Leader from null to 7a75069f-55b2-4b26-b774-8394e9c9f24f at term 1 for appendEntries, leader elected after 5164ms
2019-07-16 13:42:25,494 INFO  impl.RaftServerImpl (ServerState.java:setLeader(263)) - fe59f4c0-c81e-4b6b-924a-5978f0b6f6ba:group-7C2CABE7BA21 change Leader from null to 7a75069f-55b2-4b26-b774-8394e9c9f24f at term 1 for appendEntries, leader elected after 5163ms
2019-07-16 13:42:25,517 INFO  impl.RaftServerImpl (ServerState.java:setRaftConf(361)) - fe59f4c0-c81e-4b6b-924a-5978f0b6f6ba:group-7C2CABE7BA21 set configuration 0: [fe59f4c0-c81e-4b6b-924a-5978f0b6f6ba:192.168.69.87:33349, 9606a9df-d3f2-4ae3-aed4-052245b72c5d:192.168.69.87:40016, 7a75069f-55b2-4b26-b774-8394e9c9f24f:192.168.69.87:46875], old=null at 0
2019-07-16 13:42:25,517 INFO  impl.RaftServerImpl (ServerState.java:setRaftConf(361)) - 9606a9df-d3f2-4ae3-aed4-052245b72c5d:group-7C2CABE7BA21 set configuration 0: [fe59f4c0-c81e-4b6b-924a-5978f0b6f6ba:192.168.69.87:33349, 9606a9df-d3f2-4ae3-aed4-052245b72c5d:192.168.69.87:40016, 7a75069f-55b2-4b26-b774-8394e9c9f24f:192.168.69.87:46875], old=null at 0
2019-07-16 13:42:25,518 INFO  segmented.SegmentedRaftLogWorker (SegmentedRaftLogWorker.java:startLogSegment(380)) - fe59f4c0-c81e-4b6b-924a-5978f0b6f6ba-SegmentedRaftLogWorker:Storage Directory /workdir/hadoop-ozone/tools/target/test-dir/MiniOzoneClusterImpl-d62beaea-244a-4d89-9ac7-1901a54c6a00/datanode-0/data/ratis/aa37f0f3-632e-4886-964d-7c2cabe7ba21: Starting segment from index:0
2019-07-16 13:42:25,518 INFO  segmented.SegmentedRaftLogWorker (SegmentedRaftLogWorker.java:startLogSegment(380)) - 9606a9df-d3f2-4ae3-aed4-052245b72c5d-SegmentedRaftLogWorker:Storage Directory /workdir/hadoop-ozone/tools/target/test-dir/MiniOzoneClusterImpl-d62beaea-244a-4d89-9ac7-1901a54c6a00/datanode-2/data/ratis/aa37f0f3-632e-4886-964d-7c2cabe7ba21: Starting segment from index:0
2019-07-16 13:42:25,545 INFO  segmented.SegmentedRaftLogWorker (SegmentedRaftLogWorker.java:execute(569)) - 9606a9df-d3f2-4ae3-aed4-052245b72c5d-SegmentedRaftLogWorker:Storage Directory /workdir/hadoop-ozone/tools/target/test-dir/MiniOzoneClusterImpl-d62beaea-244a-4d89-9ac7-1901a54c6a00/datanode-2/data/ratis/aa37f0f3-632e-4886-964d-7c2cabe7ba21: created new log segment /workdir/hadoop-ozone/tools/target/test-dir/MiniOzoneClusterImpl-d62beaea-244a-4d89-9ac7-1901a54c6a00/datanode-2/data/ratis/aa37f0f3-632e-4886-964d-7c2cabe7ba21/current/log_inprogress_0
2019-07-16 13:42:25,545 INFO  segmented.SegmentedRaftLogWorker (SegmentedRaftLogWorker.java:execute(569)) - fe59f4c0-c81e-4b6b-924a-5978f0b6f6ba-SegmentedRaftLogWorker:Storage Directory /workdir/hadoop-ozone/tools/target/test-dir/MiniOzoneClusterImpl-d62beaea-244a-4d89-9ac7-1901a54c6a00/datanode-0/data/ratis/aa37f0f3-632e-4886-964d-7c2cabe7ba21: created new log segment /workdir/hadoop-ozone/tools/target/test-dir/MiniOzoneClusterImpl-d62beaea-244a-4d89-9ac7-1901a54c6a00/datanode-0/data/ratis/aa37f0f3-632e-4886-964d-7c2cabe7ba21/current/log_inprogress_0
 0.00% |█                                                                                                    |  0/1 Time: 0:00:052019-07-16 13:42:26,328 INFO  client.GrpcClientProtocolClient (GrpcClientProtocolClient.java:onNext(255)) - client-57F3B904F52F->fe59f4c0-c81e-4b6b-924a-5978f0b6f6ba: receive RaftClientReply:client-57F3B904F52F->fe59f4c0-c81e-4b6b-924a-5978f0b6f6ba@group-7C2CABE7BA21, cid=6, FAILED org.apache.ratis.protocol.NotLeaderException: Server fe59f4c0-c81e-4b6b-924a-5978f0b6f6ba is not the leader (7a75069f-55b2-4b26-b774-8394e9c9f24f:192.168.69.87:46875). Request must be sent to leader., logIndex=0, commits[fe59f4c0-c81e-4b6b-924a-5978f0b6f6ba:c0, 9606a9df-d3f2-4ae3-aed4-052245b72c5d:c-1, 7a75069f-55b2-4b26-b774-8394e9c9f24f:c0]
2019-07-16 13:42:26,582 INFO  client.GrpcClientProtocolClient (GrpcClientProtocolClient.java:onNext(255)) - client-57F3B904F52F->7a75069f-55b2-4b26-b774-8394e9c9f24f: receive RaftClientReply:client-57F3B904F52F->7a75069f-55b2-4b26-b774-8394e9c9f24f@group-7C2CABE7BA21, cid=6, SUCCESS, logIndex=1, commits[7a75069f-55b2-4b26-b774-8394e9c9f24f:c1, fe59f4c0-c81e-4b6b-924a-5978f0b6f6ba:c0, 9606a9df-d3f2-4ae3-aed4-052245b72c5d:c0]
2019-07-16 13:42:26,695 INFO  client.GrpcClientProtocolClient (GrpcClientProtocolClient.java:onNext(255)) - client-57F3B904F52F->7a75069f-55b2-4b26-b774-8394e9c9f24f: receive RaftClientReply:client-57F3B904F52F->7a75069f-55b2-4b26-b774-8394e9c9f24f@group-7C2CABE7BA21, cid=7, SUCCESS, logIndex=3, commits[7a75069f-55b2-4b26-b774-8394e9c9f24f:c7, fe59f4c0-c81e-4b6b-924a-5978f0b6f6ba:c6, 9606a9df-d3f2-4ae3-aed4-052245b72c5d:c6]
2019-07-16 13:42:26,700 INFO  client.GrpcClientProtocolClient (GrpcClientProtocolClient.java:onNext(255)) - client-57F3B904F52F->7a75069f-55b2-4b26-b774-8394e9c9f24f: receive RaftClientReply:client-57F3B904F52F->7a75069f-55b2-4b26-b774-8394e9c9f24f@group-7C2CABE7BA21, cid=8, SUCCESS, logIndex=4, commits[7a75069f-55b2-4b26-b774-8394e9c9f24f:c7, fe59f4c0-c81e-4b6b-924a-5978f0b6f6ba:c6, 9606a9df-d3f2-4ae3-aed4-052245b72c5d:c6]
 0.00% |█                                                                                                    |  0/1 Time: 0:00:062019-07-16 13:42:26,761 INFO  client.GrpcClientProtocolClient (GrpcClientProtocolClient.java:onNext(255)) - client-57F3B904F52F->7a75069f-55b2-4b26-b774-8394e9c9f24f: receive RaftClientReply:client-57F3B904F52F->7a75069f-55b2-4b26-b774-8394e9c9f24f@group-7C2CABE7BA21, cid=9, SUCCESS, logIndex=5, commits[7a75069f-55b2-4b26-b774-8394e9c9f24f:c7, fe59f4c0-c81e-4b6b-924a-5978f0b6f6ba:c6, 9606a9df-d3f2-4ae3-aed4-052245b72c5d:c6]
2019-07-16 13:42:26,804 INFO  client.GrpcClientProtocolClient (GrpcClientProtocolClient.java:onNext(255)) - client-57F3B904F52F->7a75069f-55b2-4b26-b774-8394e9c9f24f: receive RaftClientReply:client-57F3B904F52F->7a75069f-55b2-4b26-b774-8394e9c9f24f@group-7C2CABE7BA21, cid=10, SUCCESS, logIndex=8, commits[7a75069f-55b2-4b26-b774-8394e9c9f24f:c9, fe59f4c0-c81e-4b6b-924a-5978f0b6f6ba:c7, 9606a9df-d3f2-4ae3-aed4-052245b72c5d:c7]
2019-07-16 13:42:26,805 INFO  client.GrpcClientProtocolClient (GrpcClientProtocolClient.java:onNext(255)) - client-57F3B904F52F->7a75069f-55b2-4b26-b774-8394e9c9f24f: receive RaftClientReply:client-57F3B904F52F->7a75069f-55b2-4b26-b774-8394e9c9f24f@group-7C2CABE7BA21, cid=11, SUCCESS, logIndex=9, commits[7a75069f-55b2-4b26-b774-8394e9c9f24f:c9, fe59f4c0-c81e-4b6b-924a-5978f0b6f6ba:c7, 9606a9df-d3f2-4ae3-aed4-052245b72c5d:c7]
2019-07-16 13:42:26,816 INFO  client.GrpcClientProtocolClient (GrpcClientProtocolClient.java:onNext(255)) - client-57F3B904F52F->7a75069f-55b2-4b26-b774-8394e9c9f24f: receive RaftClientReply:client-57F3B904F52F->7a75069f-55b2-4b26-b774-8394e9c9f24f@group-7C2CABE7BA21, cid=12, SUCCESS, logIndex=10, commits[7a75069f-55b2-4b26-b774-8394e9c9f24f:c11, fe59f4c0-c81e-4b6b-924a-5978f0b6f6ba:c9, 9606a9df-d3f2-4ae3-aed4-052245b72c5d:c9]
2019-07-16 13:42:26,817 INFO  client.GrpcClientProtocolClient (GrpcClientProtocolClient.java:onNext(255)) - client-57F3B904F52F->7a75069f-55b2-4b26-b774-8394e9c9f24f: receive RaftClientReply:client-57F3B904F52F->7a75069f-55b2-4b26-b774-8394e9c9f24f@group-7C2CABE7BA21, cid=13, SUCCESS, logIndex=11, commits[7a75069f-55b2-4b26-b774-8394e9c9f24f:c13, fe59f4c0-c81e-4b6b-924a-5978f0b6f6ba:c9, 9606a9df-d3f2-4ae3-aed4-052245b72c5d:c9]
2019-07-16 13:42:26,836 INFO  client.GrpcClientProtocolClient (GrpcClientProtocolClient.java:onNext(255)) - client-57F3B904F52F->7a75069f-55b2-4b26-b774-8394e9c9f24f: receive RaftClientReply:client-57F3B904F52F->7a75069f-55b2-4b26-b774-8394e9c9f24f@group-7C2CABE7BA21, cid=14, SUCCESS, logIndex=0, commits[7a75069f-55b2-4b26-b774-8394e9c9f24f:c15, fe59f4c0-c81e-4b6b-924a-5978f0b6f6ba:c12, 9606a9df-d3f2-4ae3-aed4-052245b72c5d:c12]
2019-07-16 13:42:26,952 INFO  client.GrpcClientProtocolClient (GrpcClientProtocolClient.java:onNext(255)) - client-57F3B904F52F->7a75069f-55b2-4b26-b774-8394e9c9f24f: receive RaftClientReply:client-57F3B904F52F->7a75069f-55b2-4b26-b774-8394e9c9f24f@group-7C2CABE7BA21, cid=15, SUCCESS, logIndex=16, commits[7a75069f-55b2-4b26-b774-8394e9c9f24f:c20, fe59f4c0-c81e-4b6b-924a-5978f0b6f6ba:c15, 9606a9df-d3f2-4ae3-aed4-052245b72c5d:c15]
2019-07-16 13:42:26,994 INFO  client.GrpcClientProtocolClient (GrpcClientProtocolClient.java:onNext(255)) - client-57F3B904F52F->7a75069f-55b2-4b26-b774-8394e9c9f24f: receive RaftClientReply:client-57F3B904F52F->7a75069f-55b2-4b26-b774-8394e9c9f24f@group-7C2CABE7BA21, cid=16, SUCCESS, logIndex=17, commits[7a75069f-55b2-4b26-b774-8394e9c9f24f:c23, fe59f4c0-c81e-4b6b-924a-5978f0b6f6ba:c15, 9606a9df-d3f2-4ae3-aed4-052245b72c5d:c15]
2019-07-16 13:42:26,996 INFO  client.GrpcClientProtocolClient (GrpcClientProtocolClient.java:onNext(255)) - client-57F3B904F52F->7a75069f-55b2-4b26-b774-8394e9c9f24f: receive RaftClientReply:client-57F3B904F52F->7a75069f-55b2-4b26-b774-8394e9c9f24f@group-7C2CABE7BA21, cid=17, SUCCESS, logIndex=18, commits[7a75069f-55b2-4b26-b774-8394e9c9f24f:c23, fe59f4c0-c81e-4b6b-924a-5978f0b6f6ba:c15, 9606a9df-d3f2-4ae3-aed4-052245b72c5d:c15]
2019-07-16 13:42:26,998 INFO  client.GrpcClientProtocolClient (GrpcClientProtocolClient.java:onNext(255)) - client-57F3B904F52F->7a75069f-55b2-4b26-b774-8394e9c9f24f: receive RaftClientReply:client-57F3B904F52F->7a75069f-55b2-4b26-b774-8394e9c9f24f@group-7C2CABE7BA21, cid=18, SUCCESS, logIndex=19, commits[7a75069f-55b2-4b26-b774-8394e9c9f24f:c23, fe59f4c0-c81e-4b6b-924a-5978f0b6f6ba:c15, 9606a9df-d3f2-4ae3-aed4-052245b72c5d:c15]
 0.00% |█                                                                                                    |  0/1 Time: 0:00:07 0.00% |█                                                                                                    |  0/1 Time: 0:00:082019-07-16 13:42:29,458 INFO  client.GrpcClientProtocolClient (GrpcClientProtocolClient.java:onNext(255)) - client-57F3B904F52F->7a75069f-55b2-4b26-b774-8394e9c9f24f: receive RaftClientReply:client-57F3B904F52F->7a75069f-55b2-4b26-b774-8394e9c9f24f@group-7C2CABE7BA21, cid=19, SUCCESS, logIndex=0, commits[7a75069f-55b2-4b26-b774-8394e9c9f24f:c23, fe59f4c0-c81e-4b6b-924a-5978f0b6f6ba:c23, 9606a9df-d3f2-4ae3-aed4-052245b72c5d:c23]
2019-07-16 13:42:29,480 INFO  client.GrpcClientProtocolClient (GrpcClientProtocolClient.java:onNext(255)) - client-57F3B904F52F->7a75069f-55b2-4b26-b774-8394e9c9f24f: receive RaftClientReply:client-57F3B904F52F->7a75069f-55b2-4b26-b774-8394e9c9f24f@group-7C2CABE7BA21, cid=20, SUCCESS, logIndex=24, commits[7a75069f-55b2-4b26-b774-8394e9c9f24f:c25, fe59f4c0-c81e-4b6b-924a-5978f0b6f6ba:c23, 9606a9df-d3f2-4ae3-aed4-052245b72c5d:c23]
2019-07-16 13:42:29,556 INFO  client.GrpcClientProtocolClient (GrpcClientProtocolClient.java:onNext(255)) - client-57F3B904F52F->7a75069f-55b2-4b26-b774-8394e9c9f24f: receive RaftClientReply:client-57F3B904F52F->7a75069f-55b2-4b26-b774-8394e9c9f24f@group-7C2CABE7BA21, cid=21, SUCCESS, logIndex=25, commits[7a75069f-55b2-4b26-b774-8394e9c9f24f:c27, fe59f4c0-c81e-4b6b-924a-5978f0b6f6ba:c25, 9606a9df-d3f2-4ae3-aed4-052245b72c5d:c25]
2019-07-16 13:42:29,590 INFO  client.GrpcClientProtocolClient (GrpcClientProtocolClient.java:onNext(255)) - client-57F3B904F52F->7a75069f-55b2-4b26-b774-8394e9c9f24f: receive RaftClientReply:client-57F3B904F52F->7a75069f-55b2-4b26-b774-8394e9c9f24f@group-7C2CABE7BA21, cid=22, SUCCESS, logIndex=28, commits[7a75069f-55b2-4b26-b774-8394e9c9f24f:c29, fe59f4c0-c81e-4b6b-924a-5978f0b6f6ba:c27, 9606a9df-d3f2-4ae3-aed4-052245b72c5d:c27]
2019-07-16 13:42:29,591 INFO  client.GrpcClientProtocolClient (GrpcClientProtocolClient.java:onNext(255)) - client-57F3B904F52F->7a75069f-55b2-4b26-b774-8394e9c9f24f: receive RaftClientReply:client-57F3B904F52F->7a75069f-55b2-4b26-b774-8394e9c9f24f@group-7C2CABE7BA21, cid=23, SUCCESS, logIndex=29, commits[7a75069f-55b2-4b26-b774-8394e9c9f24f:c29, fe59f4c0-c81e-4b6b-924a-5978f0b6f6ba:c27, 9606a9df-d3f2-4ae3-aed4-052245b72c5d:c27]
2019-07-16 13:42:29,604 INFO  client.GrpcClientProtocolClient (GrpcClientProtocolClient.java:onNext(255)) - client-57F3B904F52F->7a75069f-55b2-4b26-b774-8394e9c9f24f: receive RaftClientReply:client-57F3B904F52F->7a75069f-55b2-4b26-b774-8394e9c9f24f@group-7C2CABE7BA21, cid=24, SUCCESS, logIndex=0, commits[7a75069f-55b2-4b26-b774-8394e9c9f24f:c29, fe59f4c0-c81e-4b6b-924a-5978f0b6f6ba:c29, 9606a9df-d3f2-4ae3-aed4-052245b72c5d:c29]
2019-07-16 13:42:29,613 INFO  keyvalue.KeyValueHandler (ContainerUtils.java:logAndReturnError(146)) - Operation: CreateContainer : Trace ID: e00d0fb87a233666:971b1cd62160d036:1c114884b4b2c050:0 : Message: Container creation failed, due to disk out of space : Result: DISK_OUT_OF_SPACE
2019-07-16 13:42:29,619 INFO  keyvalue.KeyValueHandler (ContainerUtils.java:logAndReturnError(146)) - Operation: CreateContainer : Trace ID: e00d0fb87a233666:971b1cd62160d036:1c114884b4b2c050:0 : Message: Container creation failed, due to disk out of space : Result: DISK_OUT_OF_SPACE
2019-07-16 13:42:29,622 INFO  keyvalue.KeyValueHandler (ContainerUtils.java:logAndReturnError(146)) - Operation: CreateContainer : Trace ID: e00d0fb87a233666:971b1cd62160d036:1c114884b4b2c050:0 : Message: Container creation failed, due to disk out of space : Result: DISK_OUT_OF_SPACE
2019-07-16 13:42:29,622 INFO  keyvalue.KeyValueHandler (ContainerUtils.java:logAndReturnError(146)) - Operation: CreateContainer : Trace ID: e00d0fb87a233666:263c0d4857d73e39:1c114884b4b2c050:0 : Message: Container creation failed, due to disk out of space : Result: DISK_OUT_OF_SPACE
13:42:29.616 [pool-47-thread-25] ERROR DNAudit - user=null | ip=null | op=WRITE_CHUNK {blockData=conID: 3 locID: 102451415672881155 bcsId: 0} | ret=FAILURE
org.apache.hadoop.hdds.scm.container.common.helpers.StorageContainerException: ContainerID 3 creation failed
	at org.apache.hadoop.ozone.container.common.impl.HddsDispatcher.dispatchRequest(HddsDispatcher.java:227) ~[classes/:?]
	at org.apache.hadoop.ozone.container.common.impl.HddsDispatcher.dispatch(HddsDispatcher.java:148) ~[classes/:?]
	at org.apache.hadoop.ozone.container.common.transport.server.ratis.ContainerStateMachine.dispatchCommand(ContainerStateMachine.java:358) ~[classes/:?]
	at org.apache.hadoop.ozone.container.common.transport.server.ratis.ContainerStateMachine.runCommand(ContainerStateMachine.java:365) ~[classes/:?]
	at org.apache.hadoop.ozone.container.common.transport.server.ratis.ContainerStateMachine.lambda$handleWriteChunk$0(ContainerStateMachine.java:396) ~[classes/:?]
	at java.util.concurrent.CompletableFuture$AsyncSupply.run(CompletableFuture.java:1590) [?:1.8.0_212]
	at java.util.concurrent.ThreadPoolExecutor.runWorker(ThreadPoolExecutor.java:1149) [?:1.8.0_212]
	at java.util.concurrent.ThreadPoolExecutor$Worker.run(ThreadPoolExecutor.java:624) [?:1.8.0_212]
	at java.lang.Thread.run(Thread.java:748) [?:1.8.0_212]
13:42:29.623 [pool-47-thread-28] ERROR DNAudit - user=null | ip=null | op=WRITE_CHUNK {blockData=conID: 3 locID: 102451415672881155 bcsId: 0} | ret=FAILURE
org.apache.hadoop.hdds.scm.container.common.helpers.StorageContainerException: ContainerID 3 creation failed
	at org.apache.hadoop.ozone.container.common.impl.HddsDispatcher.dispatchRequest(HddsDispatcher.java:227) ~[classes/:?]
	at org.apache.hadoop.ozone.container.common.impl.HddsDispatcher.dispatch(HddsDispatcher.java:148) ~[classes/:?]
	at org.apache.hadoop.ozone.container.common.transport.server.ratis.ContainerStateMachine.dispatchCommand(ContainerStateMachine.java:358) ~[classes/:?]
	at org.apache.hadoop.ozone.container.common.transport.server.ratis.ContainerStateMachine.runCommand(ContainerStateMachine.java:365) ~[classes/:?]
	at org.apache.hadoop.ozone.container.common.transport.server.ratis.ContainerStateMachine.lambda$handleWriteChunk$0(ContainerStateMachine.java:396) ~[classes/:?]
	at java.util.concurrent.CompletableFuture$AsyncSupply.run(CompletableFuture.java:1590) [?:1.8.0_212]
	at java.util.concurrent.ThreadPoolExecutor.runWorker(ThreadPoolExecutor.java:1149) [?:1.8.0_212]
	at java.util.concurrent.ThreadPoolExecutor$Worker.run(ThreadPoolExecutor.java:624) [?:1.8.0_212]
	at java.lang.Thread.run(Thread.java:748) [?:1.8.0_212]
13:42:29.622 [pool-26-thread-9] ERROR DNAudit - user=null | ip=null | op=WRITE_CHUNK {blockData=conID: 3 locID: 102451415672881155 bcsId: 0} | ret=FAILURE
org.apache.hadoop.hdds.scm.container.common.helpers.StorageContainerException: ContainerID 3 creation failed
	at org.apache.hadoop.ozone.container.common.impl.HddsDispatcher.dispatchRequest(HddsDispatcher.java:227) ~[classes/:?]
	at org.apache.hadoop.ozone.container.common.impl.HddsDispatcher.dispatch(HddsDispatcher.java:148) ~[classes/:?]
	at org.apache.hadoop.ozone.container.common.transport.server.ratis.ContainerStateMachine.dispatchCommand(ContainerStateMachine.java:358) ~[classes/:?]
	at org.apache.hadoop.ozone.container.common.transport.server.ratis.ContainerStateMachine.runCommand(ContainerStateMachine.java:365) ~[classes/:?]
	at org.apache.hadoop.ozone.container.common.transport.server.ratis.ContainerStateMachine.lambda$handleWriteChunk$0(ContainerStateMachine.java:396) ~[classes/:?]
	at java.util.concurrent.CompletableFuture$AsyncSupply.run(CompletableFuture.java:1590) [?:1.8.0_212]
	at java.util.concurrent.ThreadPoolExecutor.runWorker(ThreadPoolExecutor.java:1149) [?:1.8.0_212]
	at java.util.concurrent.ThreadPoolExecutor$Worker.run(ThreadPoolExecutor.java:624) [?:1.8.0_212]
	at java.lang.Thread.run(Thread.java:748) [?:1.8.0_212]
13:42:29.622 [pool-68-thread-9] ERROR DNAudit - user=null | ip=null | op=WRITE_CHUNK {blockData=conID: 3 locID: 102451415672881155 bcsId: 0} | ret=FAILURE
org.apache.hadoop.hdds.scm.container.common.helpers.StorageContainerException: ContainerID 3 creation failed
	at org.apache.hadoop.ozone.container.common.impl.HddsDispatcher.dispatchRequest(HddsDispatcher.java:227) ~[classes/:?]
	at org.apache.hadoop.ozone.container.common.impl.HddsDispatcher.dispatch(HddsDispatcher.java:148) ~[classes/:?]
	at org.apache.hadoop.ozone.container.common.transport.server.ratis.ContainerStateMachine.dispatchCommand(ContainerStateMachine.java:358) ~[classes/:?]
	at org.apache.hadoop.ozone.container.common.transport.server.ratis.ContainerStateMachine.runCommand(ContainerStateMachine.java:365) ~[classes/:?]
	at org.apache.hadoop.ozone.container.common.transport.server.ratis.ContainerStateMachine.lambda$handleWriteChunk$0(ContainerStateMachine.java:396) ~[classes/:?]
	at java.util.concurrent.CompletableFuture$AsyncSupply.run(CompletableFuture.java:1590) [?:1.8.0_212]
	at java.util.concurrent.ThreadPoolExecutor.runWorker(ThreadPoolExecutor.java:1149) [?:1.8.0_212]
	at java.util.concurrent.ThreadPoolExecutor$Worker.run(ThreadPoolExecutor.java:624) [?:1.8.0_212]
	at java.lang.Thread.run(Thread.java:748) [?:1.8.0_212]
2019-07-16 13:42:29,628 INFO  keyvalue.KeyValueHandler (ContainerUtils.java:logAndReturnError(146)) - Operation: CreateContainer : Trace ID: e00d0fb87a233666:263c0d4857d73e39:1c114884b4b2c050:0 : Message: Container creation failed, due to disk out of space : Result: DISK_OUT_OF_SPACE
2019-07-16 13:42:29,628 INFO  keyvalue.KeyValueHandler (ContainerUtils.java:logAndReturnError(146)) - Operation: CreateContainer : Trace ID: e00d0fb87a233666:263c0d4857d73e39:1c114884b4b2c050:0 : Message: Container creation failed, due to disk out of space : Result: DISK_OUT_OF_SPACE
13:42:29.628 [pool-68-thread-10] ERROR DNAudit - user=null | ip=null | op=WRITE_CHUNK {blockData=conID: 3 locID: 102451415672881155 bcsId: 0} | ret=FAILURE
org.apache.hadoop.hdds.scm.container.common.helpers.StorageContainerException: ContainerID 3 creation failed
	at org.apache.hadoop.ozone.container.common.impl.HddsDispatcher.dispatchRequest(HddsDispatcher.java:227) ~[classes/:?]
	at org.apache.hadoop.ozone.container.common.impl.HddsDispatcher.dispatch(HddsDispatcher.java:148) ~[classes/:?]
	at org.apache.hadoop.ozone.container.common.transport.server.ratis.ContainerStateMachine.dispatchCommand(ContainerStateMachine.java:358) ~[classes/:?]
	at org.apache.hadoop.ozone.container.common.transport.server.ratis.ContainerStateMachine.runCommand(ContainerStateMachine.java:365) ~[classes/:?]
	at org.apache.hadoop.ozone.container.common.transport.server.ratis.ContainerStateMachine.lambda$handleWriteChunk$0(ContainerStateMachine.java:396) ~[classes/:?]
	at java.util.concurrent.CompletableFuture$AsyncSupply.run(CompletableFuture.java:1590) [?:1.8.0_212]
	at java.util.concurrent.ThreadPoolExecutor.runWorker(ThreadPoolExecutor.java:1149) [?:1.8.0_212]
	at java.util.concurrent.ThreadPoolExecutor$Worker.run(ThreadPoolExecutor.java:624) [?:1.8.0_212]
	at java.lang.Thread.run(Thread.java:748) [?:1.8.0_212]
13:42:29.628 [pool-26-thread-10] ERROR DNAudit - user=null | ip=null | op=WRITE_CHUNK {blockData=conID: 3 locID: 102451415672881155 bcsId: 0} | ret=FAILURE
org.apache.hadoop.hdds.scm.container.common.helpers.StorageContainerException: ContainerID 3 creation failed
	at org.apache.hadoop.ozone.container.common.impl.HddsDispatcher.dispatchRequest(HddsDispatcher.java:227) ~[classes/:?]
	at org.apache.hadoop.ozone.container.common.impl.HddsDispatcher.dispatch(HddsDispatcher.java:148) ~[classes/:?]
	at org.apache.hadoop.ozone.container.common.transport.server.ratis.ContainerStateMachine.dispatchCommand(ContainerStateMachine.java:358) ~[classes/:?]
	at org.apache.hadoop.ozone.container.common.transport.server.ratis.ContainerStateMachine.runCommand(ContainerStateMachine.java:365) ~[classes/:?]
	at org.apache.hadoop.ozone.container.common.transport.server.ratis.ContainerStateMachine.lambda$handleWriteChunk$0(ContainerStateMachine.java:396) ~[classes/:?]
	at java.util.concurrent.CompletableFuture$AsyncSupply.run(CompletableFuture.java:1590) [?:1.8.0_212]
	at java.util.concurrent.ThreadPoolExecutor.runWorker(ThreadPoolExecutor.java:1149) [?:1.8.0_212]
	at java.util.concurrent.ThreadPoolExecutor$Worker.run(ThreadPoolExecutor.java:624) [?:1.8.0_212]
	at java.lang.Thread.run(Thread.java:748) [?:1.8.0_212]
2019-07-16 13:42:29,631 INFO  impl.HddsDispatcher (ContainerUtils.java:logAndReturnError(146)) - Operation: WriteChunk : Trace ID: e00d0fb87a233666:263c0d4857d73e39:1c114884b4b2c050:0 : Message: ContainerID 3 creation failed : Result: DISK_OUT_OF_SPACE
2019-07-16 13:42:29,633 INFO  impl.HddsDispatcher (ContainerUtils.java:logAndReturnError(146)) - Operation: WriteChunk : Trace ID: e00d0fb87a233666:263c0d4857d73e39:1c114884b4b2c050:0 : Message: ContainerID 3 creation failed : Result: DISK_OUT_OF_SPACE
2019-07-16 13:42:29,633 INFO  impl.HddsDispatcher (ContainerUtils.java:logAndReturnError(146)) - Operation: WriteChunk : Trace ID: e00d0fb87a233666:971b1cd62160d036:1c114884b4b2c050:0 : Message: ContainerID 3 creation failed : Result: DISK_OUT_OF_SPACE
2019-07-16 13:42:29,631 INFO  impl.HddsDispatcher (ContainerUtils.java:logAndReturnError(146)) - Operation: WriteChunk : Trace ID: e00d0fb87a233666:971b1cd62160d036:1c114884b4b2c050:0 : Message: ContainerID 3 creation failed : Result: DISK_OUT_OF_SPACE
2019-07-16 13:42:29,631 INFO  impl.HddsDispatcher (ContainerUtils.java:logAndReturnError(146)) - Operation: WriteChunk : Trace ID: e00d0fb87a233666:971b1cd62160d036:1c114884b4b2c050:0 : Message: ContainerID 3 creation failed : Result: DISK_OUT_OF_SPACE
2019-07-16 13:42:29,631 INFO  impl.HddsDispatcher (ContainerUtils.java:logAndReturnError(146)) - Operation: WriteChunk : Trace ID: e00d0fb87a233666:263c0d4857d73e39:1c114884b4b2c050:0 : Message: ContainerID 3 creation failed : Result: DISK_OUT_OF_SPACE
13:42:29.647 [pool-51-thread-1] ERROR DNAudit - user=null | ip=null | op=WRITE_CHUNK {blockData=conID: 3 locID: 102451415672881155 bcsId: 0} | ret=FAILURE
org.apache.hadoop.hdds.scm.container.common.helpers.StorageContainerException: ContainerID 3 does not exist
	at org.apache.hadoop.ozone.container.common.impl.HddsDispatcher.dispatchRequest(HddsDispatcher.java:242) ~[classes/:?]
	at org.apache.hadoop.ozone.container.common.impl.HddsDispatcher.dispatch(HddsDispatcher.java:148) ~[classes/:?]
	at org.apache.hadoop.ozone.container.common.transport.server.ratis.ContainerStateMachine.dispatchCommand(ContainerStateMachine.java:358) ~[classes/:?]
	at org.apache.hadoop.ozone.container.common.transport.server.ratis.ContainerStateMachine.runCommand(ContainerStateMachine.java:365) ~[classes/:?]
	at org.apache.hadoop.ozone.container.common.transport.server.ratis.ContainerStateMachine.lambda$applyTransaction$5(ContainerStateMachine.java:631) ~[classes/:?]
	at java.util.concurrent.CompletableFuture$AsyncSupply.run(CompletableFuture.java:1590) [?:1.8.0_212]
	at java.util.concurrent.ThreadPoolExecutor.runWorker(ThreadPoolExecutor.java:1149) [?:1.8.0_212]
	at java.util.concurrent.ThreadPoolExecutor$Worker.run(ThreadPoolExecutor.java:624) [?:1.8.0_212]
	at java.lang.Thread.run(Thread.java:748) [?:1.8.0_212]
2019-07-16 13:42:29,648 INFO  impl.HddsDispatcher (ContainerUtils.java:logAndReturnError(146)) - Operation: WriteChunk : Trace ID: e00d0fb87a233666:971b1cd62160d036:1c114884b4b2c050:0 : Message: ContainerID 3 does not exist : Result: CONTAINER_NOT_FOUND
13:42:29.648 [pool-51-thread-1] ERROR DNAudit - user=null | ip=null | op=PUT_BLOCK {blockData=[blockId=conID: 3 locID: 102451415672881155 bcsId: 0,size=1048576]} | ret=FAILURE
org.apache.hadoop.hdds.scm.container.common.helpers.StorageContainerException: ContainerID 3 does not exist
	at org.apache.hadoop.ozone.container.common.impl.HddsDispatcher.dispatchRequest(HddsDispatcher.java:242) ~[classes/:?]
	at org.apache.hadoop.ozone.container.common.impl.HddsDispatcher.dispatch(HddsDispatcher.java:148) ~[classes/:?]
	at org.apache.hadoop.ozone.container.common.transport.server.ratis.ContainerStateMachine.dispatchCommand(ContainerStateMachine.java:358) ~[classes/:?]
	at org.apache.hadoop.ozone.container.common.transport.server.ratis.ContainerStateMachine.runCommand(ContainerStateMachine.java:365) ~[classes/:?]
	at org.apache.hadoop.ozone.container.common.transport.server.ratis.ContainerStateMachine.lambda$applyTransaction$5(ContainerStateMachine.java:631) ~[classes/:?]
	at java.util.concurrent.CompletableFuture$AsyncSupply.run(CompletableFuture.java:1590) [?:1.8.0_212]
	at java.util.concurrent.ThreadPoolExecutor.runWorker(ThreadPoolExecutor.java:1149) [?:1.8.0_212]
	at java.util.concurrent.ThreadPoolExecutor$Worker.run(ThreadPoolExecutor.java:624) [?:1.8.0_212]
	at java.lang.Thread.run(Thread.java:748) [?:1.8.0_212]
2019-07-16 13:42:29,649 INFO  impl.HddsDispatcher (ContainerUtils.java:logAndReturnError(146)) - Operation: PutBlock : Trace ID: e00d0fb87a233666:6498ac6436b6585d:1c114884b4b2c050:0 : Message: ContainerID 3 does not exist : Result: CONTAINER_NOT_FOUND
2019-07-16 13:42:29,649 INFO  client.GrpcClientProtocolClient (GrpcClientProtocolClient.java:onNext(255)) - client-57F3B904F52F->7a75069f-55b2-4b26-b774-8394e9c9f24f: receive RaftClientReply:client-57F3B904F52F->7a75069f-55b2-4b26-b774-8394e9c9f24f@group-7C2CABE7BA21, cid=25, SUCCESS, logIndex=32, commits[7a75069f-55b2-4b26-b774-8394e9c9f24f:c35, fe59f4c0-c81e-4b6b-924a-5978f0b6f6ba:c31, 9606a9df-d3f2-4ae3-aed4-052245b72c5d:c31]
13:42:29.649 [pool-51-thread-1] ERROR DNAudit - user=null | ip=null | op=WRITE_CHUNK {blockData=conID: 3 locID: 102451415672881155 bcsId: 0} | ret=FAILURE
org.apache.hadoop.hdds.scm.container.common.helpers.StorageContainerException: ContainerID 3 does not exist
	at org.apache.hadoop.ozone.container.common.impl.HddsDispatcher.dispatchRequest(HddsDispatcher.java:242) ~[classes/:?]
	at org.apache.hadoop.ozone.container.common.impl.HddsDispatcher.dispatch(HddsDispatcher.java:148) ~[classes/:?]
	at org.apache.hadoop.ozone.container.common.transport.server.ratis.ContainerStateMachine.dispatchCommand(ContainerStateMachine.java:358) ~[classes/:?]
	at org.apache.hadoop.ozone.container.common.transport.server.ratis.ContainerStateMachine.runCommand(ContainerStateMachine.java:365) ~[classes/:?]
	at org.apache.hadoop.ozone.container.common.transport.server.ratis.ContainerStateMachine.lambda$applyTransaction$5(ContainerStateMachine.java:631) ~[classes/:?]
	at java.util.concurrent.CompletableFuture$AsyncSupply.run(CompletableFuture.java:1590) [?:1.8.0_212]
	at java.util.concurrent.ThreadPoolExecutor.runWorker(ThreadPoolExecutor.java:1149) [?:1.8.0_212]
	at java.util.concurrent.ThreadPoolExecutor$Worker.run(ThreadPoolExecutor.java:624) [?:1.8.0_212]
	at java.lang.Thread.run(Thread.java:748) [?:1.8.0_212]
2019-07-16 13:42:29,650 INFO  impl.HddsDispatcher (ContainerUtils.java:logAndReturnError(146)) - Operation: WriteChunk : Trace ID: e00d0fb87a233666:263c0d4857d73e39:1c114884b4b2c050:0 : Message: ContainerID 3 does not exist : Result: CONTAINER_NOT_FOUND
2019-07-16 13:42:29,650 INFO  client.GrpcClientProtocolClient (GrpcClientProtocolClient.java:onNext(255)) - client-57F3B904F52F->7a75069f-55b2-4b26-b774-8394e9c9f24f: receive RaftClientReply:client-57F3B904F52F->7a75069f-55b2-4b26-b774-8394e9c9f24f@group-7C2CABE7BA21, cid=26, SUCCESS, logIndex=33, commits[7a75069f-55b2-4b26-b774-8394e9c9f24f:c35, fe59f4c0-c81e-4b6b-924a-5978f0b6f6ba:c31, 9606a9df-d3f2-4ae3-aed4-052245b72c5d:c31]
13:42:29.650 [pool-51-thread-1] ERROR DNAudit - user=null | ip=null | op=PUT_BLOCK {blockData=[blockId=conID: 3 locID: 102451415672881155 bcsId: 0,size=2097152]} | ret=FAILURE
org.apache.hadoop.hdds.scm.container.common.helpers.StorageContainerException: ContainerID 3 does not exist
	at org.apache.hadoop.ozone.container.common.impl.HddsDispatcher.dispatchRequest(HddsDispatcher.java:242) ~[classes/:?]
	at org.apache.hadoop.ozone.container.common.impl.HddsDispatcher.dispatch(HddsDispatcher.java:148) ~[classes/:?]
	at org.apache.hadoop.ozone.container.common.transport.server.ratis.ContainerStateMachine.dispatchCommand(ContainerStateMachine.java:358) ~[classes/:?]
	at org.apache.hadoop.ozone.container.common.transport.server.ratis.ContainerStateMachine.runCommand(ContainerStateMachine.java:365) ~[classes/:?]
	at org.apache.hadoop.ozone.container.common.transport.server.ratis.ContainerStateMachine.lambda$applyTransaction$5(ContainerStateMachine.java:631) ~[classes/:?]
	at java.util.concurrent.CompletableFuture$AsyncSupply.run(CompletableFuture.java:1590) [?:1.8.0_212]
	at java.util.concurrent.ThreadPoolExecutor.runWorker(ThreadPoolExecutor.java:1149) [?:1.8.0_212]
	at java.util.concurrent.ThreadPoolExecutor$Worker.run(ThreadPoolExecutor.java:624) [?:1.8.0_212]
	at java.lang.Thread.run(Thread.java:748) [?:1.8.0_212]
2019-07-16 13:42:29,650 ERROR storage.BlockOutputStream (BlockOutputStream.java:validateResponse(532)) - Unexpected Storage Container Exception: 
org.apache.hadoop.hdds.scm.container.common.helpers.StorageContainerException: ContainerID 3 does not exist
	at org.apache.hadoop.hdds.scm.storage.ContainerProtocolCalls.validateContainerResponse(ContainerProtocolCalls.java:536)
	at org.apache.hadoop.hdds.scm.storage.BlockOutputStream.validateResponse(BlockOutputStream.java:530)
	at org.apache.hadoop.hdds.scm.storage.BlockOutputStream.lambda$writeChunkToContainer$2(BlockOutputStream.java:607)
	at java.util.concurrent.CompletableFuture.uniApply(CompletableFuture.java:602)
	at java.util.concurrent.CompletableFuture$UniApply.tryFire(CompletableFuture.java:577)
	at java.util.concurrent.CompletableFuture$Completion.run(CompletableFuture.java:442)
	at java.util.concurrent.ThreadPoolExecutor.runWorker(ThreadPoolExecutor.java:1149)
	at java.util.concurrent.ThreadPoolExecutor$Worker.run(ThreadPoolExecutor.java:624)
	at java.lang.Thread.run(Thread.java:748)
2019-07-16 13:42:29,651 INFO  impl.HddsDispatcher (ContainerUtils.java:logAndReturnError(146)) - Operation: PutBlock : Trace ID: e00d0fb87a233666:273b582cf667236c:1c114884b4b2c050:0 : Message: ContainerID 3 does not exist : Result: CONTAINER_NOT_FOUND
2019-07-16 13:42:29,651 INFO  client.GrpcClientProtocolClient (GrpcClientProtocolClient.java:onNext(255)) - client-57F3B904F52F->7a75069f-55b2-4b26-b774-8394e9c9f24f: receive RaftClientReply:client-57F3B904F52F->7a75069f-55b2-4b26-b774-8394e9c9f24f@group-7C2CABE7BA21, cid=27, SUCCESS, logIndex=34, commits[7a75069f-55b2-4b26-b774-8394e9c9f24f:c35, fe59f4c0-c81e-4b6b-924a-5978f0b6f6ba:c31, 9606a9df-d3f2-4ae3-aed4-052245b72c5d:c31]
2019-07-16 13:42:29,653 INFO  client.GrpcClientProtocolClient (GrpcClientProtocolClient.java:onNext(255)) - client-57F3B904F52F->7a75069f-55b2-4b26-b774-8394e9c9f24f: receive RaftClientReply:client-57F3B904F52F->7a75069f-55b2-4b26-b774-8394e9c9f24f@group-7C2CABE7BA21, cid=28, SUCCESS, logIndex=35, commits[7a75069f-55b2-4b26-b774-8394e9c9f24f:c35, fe59f4c0-c81e-4b6b-924a-5978f0b6f6ba:c31, 9606a9df-d3f2-4ae3-aed4-052245b72c5d:c31]
2019-07-16 13:42:29,656 ERROR freon.RandomKeyGenerator (RandomKeyGenerator.java:run(718)) - Exception while adding key: key-0-85323 in bucket: bucket-0-73156 of volume: vol-0-29189.
java.io.IOException: Unexpected Storage Container Exception: org.apache.hadoop.hdds.scm.container.common.helpers.StorageContainerException: ContainerID 3 does not exist
	at org.apache.hadoop.hdds.scm.storage.BlockOutputStream.setIoException(BlockOutputStream.java:542)
	at org.apache.hadoop.hdds.scm.storage.BlockOutputStream.validateResponse(BlockOutputStream.java:533)
	at org.apache.hadoop.hdds.scm.storage.BlockOutputStream.lambda$writeChunkToContainer$2(BlockOutputStream.java:607)
	at java.util.concurrent.CompletableFuture.uniApply(CompletableFuture.java:602)
	at java.util.concurrent.CompletableFuture$UniApply.tryFire(CompletableFuture.java:577)
	at java.util.concurrent.CompletableFuture$Completion.run(CompletableFuture.java:442)
	at java.util.concurrent.ThreadPoolExecutor.runWorker(ThreadPoolExecutor.java:1149)
	at java.util.concurrent.ThreadPoolExecutor$Worker.run(ThreadPoolExecutor.java:624)
	at java.lang.Thread.run(Thread.java:748)
Caused by: org.apache.hadoop.hdds.scm.container.common.helpers.StorageContainerException: ContainerID 3 does not exist
	at org.apache.hadoop.hdds.scm.storage.ContainerProtocolCalls.validateContainerResponse(ContainerProtocolCalls.java:536)
	at org.apache.hadoop.hdds.scm.storage.BlockOutputStream.validateResponse(BlockOutputStream.java:530)
	... 7 more
13:42:29.659 [pool-30-thread-1] ERROR DNAudit - user=null | ip=null | op=WRITE_CHUNK {blockData=conID: 3 locID: 102451415672881155 bcsId: 0} | ret=FAILURE
org.apache.hadoop.hdds.scm.container.common.helpers.StorageContainerException: ContainerID 3 does not exist
	at org.apache.hadoop.ozone.container.common.impl.HddsDispatcher.dispatchRequest(HddsDispatcher.java:242) ~[classes/:?]
	at org.apache.hadoop.ozone.container.common.impl.HddsDispatcher.dispatch(HddsDispatcher.java:148) ~[classes/:?]
	at org.apache.hadoop.ozone.container.common.transport.server.ratis.ContainerStateMachine.dispatchCommand(ContainerStateMachine.java:358) ~[classes/:?]
	at org.apache.hadoop.ozone.container.common.transport.server.ratis.ContainerStateMachine.runCommand(ContainerStateMachine.java:365) ~[classes/:?]
	at org.apache.hadoop.ozone.container.common.transport.server.ratis.ContainerStateMachine.lambda$applyTransaction$5(ContainerStateMachine.java:631) ~[classes/:?]
	at java.util.concurrent.CompletableFuture$AsyncSupply.run(CompletableFuture.java:1590) [?:1.8.0_212]
	at java.util.concurrent.ThreadPoolExecutor.runWorker(ThreadPoolExecutor.java:1149) [?:1.8.0_212]
	at java.util.concurrent.ThreadPoolExecutor$Worker.run(ThreadPoolExecutor.java:624) [?:1.8.0_212]
	at java.lang.Thread.run(Thread.java:748) [?:1.8.0_212]
2019-07-16 13:42:29,660 INFO  impl.HddsDispatcher (ContainerUtils.java:logAndReturnError(146)) - Operation: WriteChunk : Trace ID: e00d0fb87a233666:971b1cd62160d036:1c114884b4b2c050:0 : Message: ContainerID 3 does not exist : Result: CONTAINER_NOT_FOUND
13:42:29.660 [pool-72-thread-1] ERROR DNAudit - user=null | ip=null | op=WRITE_CHUNK {blockData=conID: 3 locID: 102451415672881155 bcsId: 0} | ret=FAILURE
org.apache.hadoop.hdds.scm.container.common.helpers.StorageContainerException: ContainerID 3 does not exist
	at org.apache.hadoop.ozone.container.common.impl.HddsDispatcher.dispatchRequest(HddsDispatcher.java:242) ~[classes/:?]
	at org.apache.hadoop.ozone.container.common.impl.HddsDispatcher.dispatch(HddsDispatcher.java:148) ~[classes/:?]
	at org.apache.hadoop.ozone.container.common.transport.server.ratis.ContainerStateMachine.dispatchCommand(ContainerStateMachine.java:358) ~[classes/:?]
	at org.apache.hadoop.ozone.container.common.transport.server.ratis.ContainerStateMachine.runCommand(ContainerStateMachine.java:365) ~[classes/:?]
	at org.apache.hadoop.ozone.container.common.transport.server.ratis.ContainerStateMachine.lambda$applyTransaction$5(ContainerStateMachine.java:631) ~[classes/:?]
	at java.util.concurrent.CompletableFuture$AsyncSupply.run(CompletableFuture.java:1590) [?:1.8.0_212]
	at java.util.concurrent.ThreadPoolExecutor.runWorker(ThreadPoolExecutor.java:1149) [?:1.8.0_212]
	at java.util.concurrent.ThreadPoolExecutor$Worker.run(ThreadPoolExecutor.java:624) [?:1.8.0_212]
	at java.lang.Thread.run(Thread.java:748) [?:1.8.0_212]
2019-07-16 13:42:29,660 INFO  impl.HddsDispatcher (ContainerUtils.java:logAndReturnError(146)) - Operation: WriteChunk : Trace ID: e00d0fb87a233666:971b1cd62160d036:1c114884b4b2c050:0 : Message: ContainerID 3 does not exist : Result: CONTAINER_NOT_FOUND
13:42:29.660 [pool-30-thread-1] ERROR DNAudit - user=null | ip=null | op=PUT_BLOCK {blockData=[blockId=conID: 3 locID: 102451415672881155 bcsId: 0,size=1048576]} | ret=FAILURE
org.apache.hadoop.hdds.scm.container.common.helpers.StorageContainerException: ContainerID 3 does not exist
	at org.apache.hadoop.ozone.container.common.impl.HddsDispatcher.dispatchRequest(HddsDispatcher.java:242) ~[classes/:?]
	at org.apache.hadoop.ozone.container.common.impl.HddsDispatcher.dispatch(HddsDispatcher.java:148) ~[classes/:?]
	at org.apache.hadoop.ozone.container.common.transport.server.ratis.ContainerStateMachine.dispatchCommand(ContainerStateMachine.java:358) ~[classes/:?]
	at org.apache.hadoop.ozone.container.common.transport.server.ratis.ContainerStateMachine.runCommand(ContainerStateMachine.java:365) ~[classes/:?]
	at org.apache.hadoop.ozone.container.common.transport.server.ratis.ContainerStateMachine.lambda$applyTransaction$5(ContainerStateMachine.java:631) ~[classes/:?]
	at java.util.concurrent.CompletableFuture$AsyncSupply.run(CompletableFuture.java:1590) [?:1.8.0_212]
	at java.util.concurrent.ThreadPoolExecutor.runWorker(ThreadPoolExecutor.java:1149) [?:1.8.0_212]
	at java.util.concurrent.ThreadPoolExecutor$Worker.run(ThreadPoolExecutor.java:624) [?:1.8.0_212]
	at java.lang.Thread.run(Thread.java:748) [?:1.8.0_212]
2019-07-16 13:42:29,660 INFO  impl.HddsDispatcher (ContainerUtils.java:logAndReturnError(146)) - Operation: PutBlock : Trace ID: e00d0fb87a233666:6498ac6436b6585d:1c114884b4b2c050:0 : Message: ContainerID 3 does not exist : Result: CONTAINER_NOT_FOUND
13:42:29.661 [pool-72-thread-1] ERROR DNAudit - user=null | ip=null | op=PUT_BLOCK {blockData=[blockId=conID: 3 locID: 102451415672881155 bcsId: 0,size=1048576]} | ret=FAILURE
org.apache.hadoop.hdds.scm.container.common.helpers.StorageContainerException: ContainerID 3 does not exist
	at org.apache.hadoop.ozone.container.common.impl.HddsDispatcher.dispatchRequest(HddsDispatcher.java:242) ~[classes/:?]
	at org.apache.hadoop.ozone.container.common.impl.HddsDispatcher.dispatch(HddsDispatcher.java:148) ~[classes/:?]
	at org.apache.hadoop.ozone.container.common.transport.server.ratis.ContainerStateMachine.dispatchCommand(ContainerStateMachine.java:358) ~[classes/:?]
	at org.apache.hadoop.ozone.container.common.transport.server.ratis.ContainerStateMachine.runCommand(ContainerStateMachine.java:365) ~[classes/:?]
	at org.apache.hadoop.ozone.container.common.transport.server.ratis.ContainerStateMachine.lambda$applyTransaction$5(ContainerStateMachine.java:631) ~[classes/:?]
	at java.util.concurrent.CompletableFuture$AsyncSupply.run(CompletableFuture.java:1590) [?:1.8.0_212]
	at java.util.concurrent.ThreadPoolExecutor.runWorker(ThreadPoolExecutor.java:1149) [?:1.8.0_212]
	at java.util.concurrent.ThreadPoolExecutor$Worker.run(ThreadPoolExecutor.java:624) [?:1.8.0_212]
	at java.lang.Thread.run(Thread.java:748) [?:1.8.0_212]
2019-07-16 13:42:29,661 INFO  impl.HddsDispatcher (ContainerUtils.java:logAndReturnError(146)) - Operation: PutBlock : Trace ID: e00d0fb87a233666:6498ac6436b6585d:1c114884b4b2c050:0 : Message: ContainerID 3 does not exist : Result: CONTAINER_NOT_FOUND
13:42:29.661 [pool-30-thread-1] ERROR DNAudit - user=null | ip=null | op=WRITE_CHUNK {blockData=conID: 3 locID: 102451415672881155 bcsId: 0} | ret=FAILURE
org.apache.hadoop.hdds.scm.container.common.helpers.StorageContainerException: ContainerID 3 does not exist
	at org.apache.hadoop.ozone.container.common.impl.HddsDispatcher.dispatchRequest(HddsDispatcher.java:242) ~[classes/:?]
	at org.apache.hadoop.ozone.container.common.impl.HddsDispatcher.dispatch(HddsDispatcher.java:148) ~[classes/:?]
	at org.apache.hadoop.ozone.container.common.transport.server.ratis.ContainerStateMachine.dispatchCommand(ContainerStateMachine.java:358) ~[classes/:?]
	at org.apache.hadoop.ozone.container.common.transport.server.ratis.ContainerStateMachine.runCommand(ContainerStateMachine.java:365) ~[classes/:?]
	at org.apache.hadoop.ozone.container.common.transport.server.ratis.ContainerStateMachine.lambda$applyTransaction$5(ContainerStateMachine.java:631) ~[classes/:?]
	at java.util.concurrent.CompletableFuture$AsyncSupply.run(CompletableFuture.java:1590) [?:1.8.0_212]
	at java.util.concurrent.ThreadPoolExecutor.runWorker(ThreadPoolExecutor.java:1149) [?:1.8.0_212]
	at java.util.concurrent.ThreadPoolExecutor$Worker.run(ThreadPoolExecutor.java:624) [?:1.8.0_212]
	at java.lang.Thread.run(Thread.java:748) [?:1.8.0_212]
2019-07-16 13:42:29,661 INFO  impl.HddsDispatcher (ContainerUtils.java:logAndReturnError(146)) - Operation: WriteChunk : Trace ID: e00d0fb87a233666:263c0d4857d73e39:1c114884b4b2c050:0 : Message: ContainerID 3 does not exist : Result: CONTAINER_NOT_FOUND
13:42:29.661 [pool-72-thread-1] ERROR DNAudit - user=null | ip=null | op=WRITE_CHUNK {blockData=conID: 3 locID: 102451415672881155 bcsId: 0} | ret=FAILURE
org.apache.hadoop.hdds.scm.container.common.helpers.StorageContainerException: ContainerID 3 does not exist
	at org.apache.hadoop.ozone.container.common.impl.HddsDispatcher.dispatchRequest(HddsDispatcher.java:242) ~[classes/:?]
	at org.apache.hadoop.ozone.container.common.impl.HddsDispatcher.dispatch(HddsDispatcher.java:148) ~[classes/:?]
	at org.apache.hadoop.ozone.container.common.transport.server.ratis.ContainerStateMachine.dispatchCommand(ContainerStateMachine.java:358) ~[classes/:?]
	at org.apache.hadoop.ozone.container.common.transport.server.ratis.ContainerStateMachine.runCommand(ContainerStateMachine.java:365) ~[classes/:?]
	at org.apache.hadoop.ozone.container.common.transport.server.ratis.ContainerStateMachine.lambda$applyTransaction$5(ContainerStateMachine.java:631) ~[classes/:?]
	at java.util.concurrent.CompletableFuture$AsyncSupply.run(CompletableFuture.java:1590) [?:1.8.0_212]
	at java.util.concurrent.ThreadPoolExecutor.runWorker(ThreadPoolExecutor.java:1149) [?:1.8.0_212]
	at java.util.concurrent.ThreadPoolExecutor$Worker.run(ThreadPoolExecutor.java:624) [?:1.8.0_212]
	at java.lang.Thread.run(Thread.java:748) [?:1.8.0_212]
2019-07-16 13:42:29,662 INFO  impl.HddsDispatcher (ContainerUtils.java:logAndReturnError(146)) - Operation: WriteChunk : Trace ID: e00d0fb87a233666:263c0d4857d73e39:1c114884b4b2c050:0 : Message: ContainerID 3 does not exist : Result: CONTAINER_NOT_FOUND
13:42:29.661 [pool-30-thread-1] ERROR DNAudit - user=null | ip=null | op=PUT_BLOCK {blockData=[blockId=conID: 3 locID: 102451415672881155 bcsId: 0,size=2097152]} | ret=FAILURE
org.apache.hadoop.hdds.scm.container.common.helpers.StorageContainerException: ContainerID 3 does not exist
	at org.apache.hadoop.ozone.container.common.impl.HddsDispatcher.dispatchRequest(HddsDispatcher.java:242) ~[classes/:?]
	at org.apache.hadoop.ozone.container.common.impl.HddsDispatcher.dispatch(HddsDispatcher.java:148) ~[classes/:?]
	at org.apache.hadoop.ozone.container.common.transport.server.ratis.ContainerStateMachine.dispatchCommand(ContainerStateMachine.java:358) ~[classes/:?]
	at org.apache.hadoop.ozone.container.common.transport.server.ratis.ContainerStateMachine.runCommand(ContainerStateMachine.java:365) ~[classes/:?]
	at org.apache.hadoop.ozone.container.common.transport.server.ratis.ContainerStateMachine.lambda$applyTransaction$5(ContainerStateMachine.java:631) ~[classes/:?]
	at java.util.concurrent.CompletableFuture$AsyncSupply.run(CompletableFuture.java:1590) [?:1.8.0_212]
	at java.util.concurrent.ThreadPoolExecutor.runWorker(ThreadPoolExecutor.java:1149) [?:1.8.0_212]
	at java.util.concurrent.ThreadPoolExecutor$Worker.run(ThreadPoolExecutor.java:624) [?:1.8.0_212]
	at java.lang.Thread.run(Thread.java:748) [?:1.8.0_212]
2019-07-16 13:42:29,662 INFO  impl.HddsDispatcher (ContainerUtils.java:logAndReturnError(146)) - Operation: PutBlock : Trace ID: e00d0fb87a233666:273b582cf667236c:1c114884b4b2c050:0 : Message: ContainerID 3 does not exist : Result: CONTAINER_NOT_FOUND
13:42:29.662 [pool-72-thread-1] ERROR DNAudit - user=null | ip=null | op=PUT_BLOCK {blockData=[blockId=conID: 3 locID: 102451415672881155 bcsId: 0,size=2097152]} | ret=FAILURE
org.apache.hadoop.hdds.scm.container.common.helpers.StorageContainerException: ContainerID 3 does not exist
	at org.apache.hadoop.ozone.container.common.impl.HddsDispatcher.dispatchRequest(HddsDispatcher.java:242) ~[classes/:?]
	at org.apache.hadoop.ozone.container.common.impl.HddsDispatcher.dispatch(HddsDispatcher.java:148) ~[classes/:?]
	at org.apache.hadoop.ozone.container.common.transport.server.ratis.ContainerStateMachine.dispatchCommand(ContainerStateMachine.java:358) ~[classes/:?]
	at org.apache.hadoop.ozone.container.common.transport.server.ratis.ContainerStateMachine.runCommand(ContainerStateMachine.java:365) ~[classes/:?]
	at org.apache.hadoop.ozone.container.common.transport.server.ratis.ContainerStateMachine.lambda$applyTransaction$5(ContainerStateMachine.java:631) ~[classes/:?]
	at java.util.concurrent.CompletableFuture$AsyncSupply.run(CompletableFuture.java:1590) [?:1.8.0_212]
	at java.util.concurrent.ThreadPoolExecutor.runWorker(ThreadPoolExecutor.java:1149) [?:1.8.0_212]
	at java.util.concurrent.ThreadPoolExecutor$Worker.run(ThreadPoolExecutor.java:624) [?:1.8.0_212]
	at java.lang.Thread.run(Thread.java:748) [?:1.8.0_212]
2019-07-16 13:42:29,662 INFO  impl.HddsDispatcher (ContainerUtils.java:logAndReturnError(146)) - Operation: PutBlock : Trace ID: e00d0fb87a233666:273b582cf667236c:1c114884b4b2c050:0 : Message: ContainerID 3 does not exist : Result: CONTAINER_NOT_FOUND
 0.00% |█                                                                                                    |  0/1 Time: 0:00:09 100.00% |█████████████████████████████████████████████████████████████████████████████████████████████████████|  1/1 Time: 0:00:10
]]></system-out>
    <system-err><![CDATA[ERROR StatusLogger No Log4j 2 configuration file found. Using default configuration (logging only errors to the console), or user programmatically provided configurations. Set system property 'log4j2.debug' to show Log4j 2 internal initialization logging. See https://logging.apache.org/log4j/2.x/manual/configuration.html for instructions on how to configure Log4j 2
Jul 16, 2019 1:42:14 PM com.sun.jersey.server.impl.application.WebApplicationImpl _initiate
INFO: Initiating Jersey application, version 'Jersey: 1.19 02/11/2015 03:25 AM'
Jul 16, 2019 1:42:15 PM com.sun.jersey.server.impl.application.WebApplicationImpl _initiate
INFO: Initiating Jersey application, version 'Jersey: 1.19 02/11/2015 03:25 AM'
Jul 16, 2019 1:42:15 PM com.sun.jersey.server.impl.application.WebApplicationImpl _initiate
INFO: Initiating Jersey application, version 'Jersey: 1.19 02/11/2015 03:25 AM'
]]></system-err>
  </testcase>
</testsuite>