<?xml version="1.0" encoding="UTF-8"?>
<testsuite xmlns:xsi="http://www.w3.org/2001/XMLSchema-instance" xsi:noNamespaceSchemaLocation="https://maven.apache.org/surefire/maven-surefire-plugin/xsd/surefire-test-report.xsd" name="org.apache.hadoop.fs.ozone.TestOzoneFileSystem" time="144.954" tests="8" errors="4" skipped="0" failures="0">
  <properties>
    <property name="awt.toolkit" value="sun.awt.X11.XToolkit"/>
    <property name="file.encoding.pkg" value="sun.io"/>
    <property name="java.specification.version" value="1.8"/>
    <property name="sun.cpu.isalist" value=""/>
    <property name="sun.jnu.encoding" value="UTF-8"/>
    <property name="java.class.path" value="/workdir/hadoop-ozone/ozonefs/target/test-classes:/workdir/hadoop-ozone/ozonefs/target/classes:/home/user/.m2/repository/org/apache/hadoop/hadoop-common/3.2.0/hadoop-common-3.2.0.jar:/home/user/.m2/repository/org/apache/hadoop/hadoop-annotations/3.2.0/hadoop-annotations-3.2.0.jar:/usr/lib/jvm/java-1.8-openjdk/jre/../lib/tools.jar:/home/user/.m2/repository/com/google/guava/guava/11.0.2/guava-11.0.2.jar:/home/user/.m2/repository/commons-cli/commons-cli/1.2/commons-cli-1.2.jar:/home/user/.m2/repository/org/apache/commons/commons-math3/3.1.1/commons-math3-3.1.1.jar:/home/user/.m2/repository/org/apache/httpcomponents/httpclient/4.5.2/httpclient-4.5.2.jar:/home/user/.m2/repository/org/apache/httpcomponents/httpcore/4.4.4/httpcore-4.4.4.jar:/home/user/.m2/repository/commons-codec/commons-codec/1.11/commons-codec-1.11.jar:/home/user/.m2/repository/commons-io/commons-io/2.5/commons-io-2.5.jar:/home/user/.m2/repository/commons-net/commons-net/3.6/commons-net-3.6.jar:/home/user/.m2/repository/commons-collections/commons-collections/3.2.2/commons-collections-3.2.2.jar:/home/user/.m2/repository/javax/servlet/javax.servlet-api/3.1.0/javax.servlet-api-3.1.0.jar:/home/user/.m2/repository/org/eclipse/jetty/jetty-server/9.3.25.v20180904/jetty-server-9.3.25.v20180904.jar:/home/user/.m2/repository/org/eclipse/jetty/jetty-http/9.3.25.v20180904/jetty-http-9.3.25.v20180904.jar:/home/user/.m2/repository/org/eclipse/jetty/jetty-io/9.3.25.v20180904/jetty-io-9.3.25.v20180904.jar:/home/user/.m2/repository/org/eclipse/jetty/jetty-util/9.3.25.v20180904/jetty-util-9.3.25.v20180904.jar:/home/user/.m2/repository/org/eclipse/jetty/jetty-servlet/9.3.25.v20180904/jetty-servlet-9.3.25.v20180904.jar:/home/user/.m2/repository/org/eclipse/jetty/jetty-security/9.3.25.v20180904/jetty-security-9.3.25.v20180904.jar:/home/user/.m2/repository/org/eclipse/jetty/jetty-webapp/9.3.25.v20180904/jetty-webapp-9.3.25.v20180904.jar:/home/user/.m2/repository/org/eclipse/jetty/jetty-xml/9.3.25.v20180904/jetty-xml-9.3.25.v20180904.jar:/home/user/.m2/repository/javax/servlet/jsp/jsp-api/2.1/jsp-api-2.1.jar:/home/user/.m2/repository/com/sun/jersey/jersey-core/1.19/jersey-core-1.19.jar:/home/user/.m2/repository/javax/ws/rs/jsr311-api/1.1.1/jsr311-api-1.1.1.jar:/home/user/.m2/repository/com/sun/jersey/jersey-servlet/1.19/jersey-servlet-1.19.jar:/home/user/.m2/repository/com/sun/jersey/jersey-json/1.19/jersey-json-1.19.jar:/home/user/.m2/repository/org/codehaus/jettison/jettison/1.1/jettison-1.1.jar:/home/user/.m2/repository/com/sun/xml/bind/jaxb-impl/2.3.0.1/jaxb-impl-2.3.0.1.jar:/home/user/.m2/repository/org/codehaus/jackson/jackson-core-asl/1.9.13/jackson-core-asl-1.9.13.jar:/home/user/.m2/repository/org/codehaus/jackson/jackson-mapper-asl/1.9.13/jackson-mapper-asl-1.9.13.jar:/home/user/.m2/repository/org/codehaus/jackson/jackson-jaxrs/1.9.13/jackson-jaxrs-1.9.13.jar:/home/user/.m2/repository/org/codehaus/jackson/jackson-xc/1.9.13/jackson-xc-1.9.13.jar:/home/user/.m2/repository/com/sun/jersey/jersey-server/1.19/jersey-server-1.19.jar:/home/user/.m2/repository/commons-logging/commons-logging/1.1.3/commons-logging-1.1.3.jar:/home/user/.m2/repository/log4j/log4j/1.2.17/log4j-1.2.17.jar:/home/user/.m2/repository/commons-beanutils/commons-beanutils/1.9.4/commons-beanutils-1.9.4.jar:/home/user/.m2/repository/org/apache/commons/commons-configuration2/2.1.1/commons-configuration2-2.1.1.jar:/home/user/.m2/repository/org/apache/commons/commons-lang3/3.7/commons-lang3-3.7.jar:/home/user/.m2/repository/org/apache/commons/commons-text/1.4/commons-text-1.4.jar:/home/user/.m2/repository/org/slf4j/slf4j-api/1.7.25/slf4j-api-1.7.25.jar:/home/user/.m2/repository/org/slf4j/slf4j-log4j12/1.7.25/slf4j-log4j12-1.7.25.jar:/home/user/.m2/repository/org/apache/avro/avro/1.7.7/avro-1.7.7.jar:/home/user/.m2/repository/com/thoughtworks/paranamer/paranamer/2.3/paranamer-2.3.jar:/home/user/.m2/repository/org/xerial/snappy/snappy-java/1.0.5/snappy-java-1.0.5.jar:/home/user/.m2/repository/com/google/re2j/re2j/1.1/re2j-1.1.jar:/home/user/.m2/repository/com/google/protobuf/protobuf-java/2.5.0/protobuf-java-2.5.0.jar:/home/user/.m2/repository/com/google/code/gson/gson/2.2.4/gson-2.2.4.jar:/home/user/.m2/repository/org/apache/hadoop/hadoop-auth/3.2.0/hadoop-auth-3.2.0.jar:/home/user/.m2/repository/com/nimbusds/nimbus-jose-jwt/4.41.1/nimbus-jose-jwt-4.41.1.jar:/home/user/.m2/repository/com/github/stephenc/jcip/jcip-annotations/1.0-1/jcip-annotations-1.0-1.jar:/home/user/.m2/repository/net/minidev/json-smart/2.3/json-smart-2.3.jar:/home/user/.m2/repository/net/minidev/accessors-smart/1.2/accessors-smart-1.2.jar:/home/user/.m2/repository/org/apache/curator/curator-framework/2.12.0/curator-framework-2.12.0.jar:/home/user/.m2/repository/com/jcraft/jsch/0.1.54/jsch-0.1.54.jar:/home/user/.m2/repository/org/apache/curator/curator-client/2.12.0/curator-client-2.12.0.jar:/home/user/.m2/repository/org/apache/curator/curator-recipes/2.12.0/curator-recipes-2.12.0.jar:/home/user/.m2/repository/com/google/code/findbugs/jsr305/3.0.0/jsr305-3.0.0.jar:/home/user/.m2/repository/org/apache/htrace/htrace-core4/4.1.0-incubating/htrace-core4-4.1.0-incubating.jar:/home/user/.m2/repository/org/apache/zookeeper/zookeeper/3.4.13/zookeeper-3.4.13.jar:/home/user/.m2/repository/jline/jline/0.9.94/jline-0.9.94.jar:/home/user/.m2/repository/org/apache/yetus/audience-annotations/0.5.0/audience-annotations-0.5.0.jar:/home/user/.m2/repository/org/apache/commons/commons-compress/1.4.1/commons-compress-1.4.1.jar:/home/user/.m2/repository/org/tukaani/xz/1.0/xz-1.0.jar:/home/user/.m2/repository/org/apache/kerby/kerb-simplekdc/1.0.1/kerb-simplekdc-1.0.1.jar:/home/user/.m2/repository/org/apache/kerby/kerb-client/1.0.1/kerb-client-1.0.1.jar:/home/user/.m2/repository/org/apache/kerby/kerby-config/1.0.1/kerby-config-1.0.1.jar:/home/user/.m2/repository/org/apache/kerby/kerb-core/1.0.1/kerb-core-1.0.1.jar:/home/user/.m2/repository/org/apache/kerby/kerby-pkix/1.0.1/kerby-pkix-1.0.1.jar:/home/user/.m2/repository/org/apache/kerby/kerby-asn1/1.0.1/kerby-asn1-1.0.1.jar:/home/user/.m2/repository/org/apache/kerby/kerby-util/1.0.1/kerby-util-1.0.1.jar:/home/user/.m2/repository/org/apache/kerby/kerb-common/1.0.1/kerb-common-1.0.1.jar:/home/user/.m2/repository/org/apache/kerby/kerb-crypto/1.0.1/kerb-crypto-1.0.1.jar:/home/user/.m2/repository/org/apache/kerby/kerb-util/1.0.1/kerb-util-1.0.1.jar:/home/user/.m2/repository/org/apache/kerby/token-provider/1.0.1/token-provider-1.0.1.jar:/home/user/.m2/repository/org/apache/kerby/kerb-admin/1.0.1/kerb-admin-1.0.1.jar:/home/user/.m2/repository/org/apache/kerby/kerb-server/1.0.1/kerb-server-1.0.1.jar:/home/user/.m2/repository/org/apache/kerby/kerb-identity/1.0.1/kerb-identity-1.0.1.jar:/home/user/.m2/repository/org/apache/kerby/kerby-xdr/1.0.1/kerby-xdr-1.0.1.jar:/home/user/.m2/repository/com/fasterxml/jackson/core/jackson-databind/2.9.9/jackson-databind-2.9.9.jar:/home/user/.m2/repository/com/fasterxml/jackson/core/jackson-annotations/2.9.9/jackson-annotations-2.9.9.jar:/home/user/.m2/repository/com/fasterxml/jackson/core/jackson-core/2.9.9/jackson-core-2.9.9.jar:/home/user/.m2/repository/org/codehaus/woodstox/stax2-api/3.1.4/stax2-api-3.1.4.jar:/home/user/.m2/repository/com/fasterxml/woodstox/woodstox-core/5.0.3/woodstox-core-5.0.3.jar:/home/user/.m2/repository/dnsjava/dnsjava/2.1.7/dnsjava-2.1.7.jar:/home/user/.m2/repository/org/apache/hadoop/hadoop-hdfs/3.2.0/hadoop-hdfs-3.2.0.jar:/home/user/.m2/repository/org/eclipse/jetty/jetty-util-ajax/9.3.25.v20180904/jetty-util-ajax-9.3.25.v20180904.jar:/home/user/.m2/repository/commons-daemon/commons-daemon/1.0.13/commons-daemon-1.0.13.jar:/home/user/.m2/repository/io/netty/netty/3.10.5.Final/netty-3.10.5.Final.jar:/home/user/.m2/repository/io/netty/netty-all/4.0.52.Final/netty-all-4.0.52.Final.jar:/home/user/.m2/repository/org/fusesource/leveldbjni/leveldbjni-all/1.8/leveldbjni-all-1.8.jar:/home/user/.m2/repository/org/apache/hadoop/hadoop-hdds-common/0.5.0-SNAPSHOT/hadoop-hdds-common-0.5.0-SNAPSHOT.jar:/home/user/.m2/repository/org/apache/hadoop/hadoop-hdds-config/0.5.0-SNAPSHOT/hadoop-hdds-config-0.5.0-SNAPSHOT.jar:/home/user/.m2/repository/javax/annotation/javax.annotation-api/1.2/javax.annotation-api-1.2.jar:/home/user/.m2/repository/org/apache/ratis/ratis-server/0.4.0/ratis-server-0.4.0.jar:/home/user/.m2/repository/org/apache/ratis/ratis-thirdparty-misc/0.2.0/ratis-thirdparty-misc-0.2.0.jar:/home/user/.m2/repository/org/apache/ratis/ratis-proto/0.4.0/ratis-proto-0.4.0.jar:/home/user/.m2/repository/org/apache/ratis/ratis-common/0.4.0/ratis-common-0.4.0.jar:/home/user/.m2/repository/org/apache/ratis/ratis-client/0.4.0/ratis-client-0.4.0.jar:/home/user/.m2/repository/org/apache/ratis/ratis-metrics/0.4.0/ratis-metrics-0.4.0.jar:/home/user/.m2/repository/com/github/joshelser/dropwizard-metrics-hadoop-metrics2-reporter/0.1.2/dropwizard-metrics-hadoop-metrics2-reporter-0.1.2.jar:/home/user/.m2/repository/io/dropwizard/metrics/metrics-jvm/3.2.5/metrics-jvm-3.2.5.jar:/home/user/.m2/repository/io/dropwizard/metrics/metrics-ganglia/3.2.5/metrics-ganglia-3.2.5.jar:/home/user/.m2/repository/info/ganglia/gmetric4j/gmetric4j/1.0.7/gmetric4j-1.0.7.jar:/home/user/.m2/repository/org/apache/ratis/ratis-netty/0.4.0/ratis-netty-0.4.0.jar:/home/user/.m2/repository/org/apache/ratis/ratis-grpc/0.4.0/ratis-grpc-0.4.0.jar:/home/user/.m2/repository/org/rocksdb/rocksdbjni/6.0.1/rocksdbjni-6.0.1.jar:/home/user/.m2/repository/org/apache/logging/log4j/log4j-api/2.11.0/log4j-api-2.11.0.jar:/home/user/.m2/repository/org/apache/logging/log4j/log4j-core/2.11.0/log4j-core-2.11.0.jar:/home/user/.m2/repository/com/lmax/disruptor/3.4.2/disruptor-3.4.2.jar:/home/user/.m2/repository/org/apache/commons/commons-pool2/2.6.0/commons-pool2-2.6.0.jar:/home/user/.m2/repository/org/bouncycastle/bcpkix-jdk15on/1.60/bcpkix-jdk15on-1.60.jar:/home/user/.m2/repository/commons-validator/commons-validator/1.6/commons-validator-1.6.jar:/home/user/.m2/repository/commons-digester/commons-digester/1.8.1/commons-digester-1.8.1.jar:/home/user/.m2/repository/io/jaegertracing/jaeger-client/0.34.0/jaeger-client-0.34.0.jar:/home/user/.m2/repository/io/jaegertracing/jaeger-thrift/0.34.0/jaeger-thrift-0.34.0.jar:/home/user/.m2/repository/org/apache/thrift/libthrift/0.12.0/libthrift-0.12.0.jar:/home/user/.m2/repository/com/squareup/okhttp3/okhttp/3.9.0/okhttp-3.9.0.jar:/home/user/.m2/repository/com/squareup/okio/okio/1.13.0/okio-1.13.0.jar:/home/user/.m2/repository/io/jaegertracing/jaeger-core/0.34.0/jaeger-core-0.34.0.jar:/home/user/.m2/repository/io/jaegertracing/jaeger-tracerresolver/0.34.0/jaeger-tracerresolver-0.34.0.jar:/home/user/.m2/repository/io/opentracing/contrib/opentracing-tracerresolver/0.1.5/opentracing-tracerresolver-0.1.5.jar:/home/user/.m2/repository/io/opentracing/opentracing-util/0.31.0/opentracing-util-0.31.0.jar:/home/user/.m2/repository/io/opentracing/opentracing-api/0.31.0/opentracing-api-0.31.0.jar:/home/user/.m2/repository/io/opentracing/opentracing-noop/0.31.0/opentracing-noop-0.31.0.jar:/home/user/.m2/repository/org/yaml/snakeyaml/1.16/snakeyaml-1.16.jar:/home/user/.m2/repository/org/apache/hadoop/hadoop-hdfs-client/3.2.0/hadoop-hdfs-client-3.2.0.jar:/home/user/.m2/repository/info/picocli/picocli/3.9.6/picocli-3.9.6.jar:/home/user/.m2/repository/org/apache/hadoop/hadoop-hdds-server-scm/0.5.0-SNAPSHOT/hadoop-hdds-server-scm-0.5.0-SNAPSHOT.jar:/home/user/.m2/repository/org/apache/hadoop/hadoop-hdds-docs/0.5.0-SNAPSHOT/hadoop-hdds-docs-0.5.0-SNAPSHOT.jar:/home/user/.m2/repository/io/dropwizard/metrics/metrics-core/3.2.4/metrics-core-3.2.4.jar:/home/user/.m2/repository/org/hamcrest/hamcrest-all/1.3/hamcrest-all-1.3.jar:/home/user/.m2/repository/org/bouncycastle/bcprov-jdk15on/1.60/bcprov-jdk15on-1.60.jar:/home/user/.m2/repository/org/apache/hadoop/hadoop-hdds-server-framework/0.5.0-SNAPSHOT/hadoop-hdds-server-framework-0.5.0-SNAPSHOT.jar:/home/user/.m2/repository/org/apache/hadoop/hadoop-ozone-ozone-manager/0.5.0-SNAPSHOT/hadoop-ozone-ozone-manager-0.5.0-SNAPSHOT.jar:/home/user/.m2/repository/org/apache/hadoop/hadoop-hdds-container-service/0.5.0-SNAPSHOT/hadoop-hdds-container-service-0.5.0-SNAPSHOT.jar:/home/user/.m2/repository/org/apache/hadoop/hadoop-hdds-client/0.5.0-SNAPSHOT/hadoop-hdds-client-0.5.0-SNAPSHOT.jar:/home/user/.m2/repository/org/apache/hadoop/hadoop-ozone-common/0.5.0-SNAPSHOT/hadoop-ozone-common-0.5.0-SNAPSHOT.jar:/home/user/.m2/repository/org/apache/hadoop/hadoop-hdds-tools/0.5.0-SNAPSHOT/hadoop-hdds-tools-0.5.0-SNAPSHOT.jar:/home/user/.m2/repository/org/xerial/sqlite-jdbc/3.25.2/sqlite-jdbc-3.25.2.jar:/home/user/.m2/repository/com/google/code/findbugs/findbugs/3.0.1/findbugs-3.0.1.jar:/home/user/.m2/repository/net/jcip/jcip-annotations/1.0/jcip-annotations-1.0.jar:/home/user/.m2/repository/com/google/code/findbugs/bcel-findbugs/6.0/bcel-findbugs-6.0.jar:/home/user/.m2/repository/com/google/code/findbugs/jFormatString/2.0.1/jFormatString-2.0.1.jar:/home/user/.m2/repository/dom4j/dom4j/1.6.1/dom4j-1.6.1.jar:/home/user/.m2/repository/xml-apis/xml-apis/1.0.b2/xml-apis-1.0.b2.jar:/home/user/.m2/repository/org/ow2/asm/asm-debug-all/5.0.2/asm-debug-all-5.0.2.jar:/home/user/.m2/repository/org/ow2/asm/asm-commons/5.0.2/asm-commons-5.0.2.jar:/home/user/.m2/repository/org/ow2/asm/asm-tree/5.0.2/asm-tree-5.0.2.jar:/home/user/.m2/repository/org/ow2/asm/asm/5.0.4/asm-5.0.4.jar:/home/user/.m2/repository/commons-lang/commons-lang/2.6/commons-lang-2.6.jar:/home/user/.m2/repository/com/apple/AppleJavaExtensions/1.4/AppleJavaExtensions-1.4.jar:/home/user/.m2/repository/jaxen/jaxen/1.1.6/jaxen-1.1.6.jar:/home/user/.m2/repository/org/apache/hadoop/hadoop-common/3.2.0/hadoop-common-3.2.0-tests.jar:/home/user/.m2/repository/org/apache/hadoop/hadoop-ozone-client/0.5.0-SNAPSHOT/hadoop-ozone-client-0.5.0-SNAPSHOT.jar:/home/user/.m2/repository/org/apache/hadoop/hadoop-hdfs/3.2.0/hadoop-hdfs-3.2.0-tests.jar:/workdir/hadoop-ozone/integration-test/target/test-classes:/home/user/.m2/repository/org/apache/hadoop/hadoop-ozone-s3gateway/0.5.0-SNAPSHOT/hadoop-ozone-s3gateway-0.5.0-SNAPSHOT.jar:/home/user/.m2/repository/org/jboss/weld/servlet/weld-servlet/2.4.7.Final/weld-servlet-2.4.7.Final.jar:/home/user/.m2/repository/org/glassfish/jersey/containers/jersey-container-servlet-core/2.27/jersey-container-servlet-core-2.27.jar:/home/user/.m2/repository/org/glassfish/hk2/external/javax.inject/2.5.0-b42/javax.inject-2.5.0-b42.jar:/home/user/.m2/repository/org/glassfish/jersey/core/jersey-common/2.27/jersey-common-2.27.jar:/home/user/.m2/repository/org/glassfish/hk2/osgi-resource-locator/1.0.1/osgi-resource-locator-1.0.1.jar:/home/user/.m2/repository/javax/ws/rs/javax.ws.rs-api/2.1/javax.ws.rs-api-2.1.jar:/home/user/.m2/repository/org/glassfish/jersey/ext/cdi/jersey-cdi1x/2.27/jersey-cdi1x-2.27.jar:/home/user/.m2/repository/org/glassfish/jersey/inject/jersey-hk2/2.27/jersey-hk2-2.27.jar:/home/user/.m2/repository/org/glassfish/hk2/hk2-locator/2.5.0-b42/hk2-locator-2.5.0-b42.jar:/home/user/.m2/repository/org/javassist/javassist/3.22.0-CR2/javassist-3.22.0-CR2.jar:/home/user/.m2/repository/org/glassfish/hk2/hk2-api/2.5.0/hk2-api-2.5.0.jar:/home/user/.m2/repository/org/glassfish/hk2/external/jakarta.inject/2.5.0/jakarta.inject-2.5.0.jar:/home/user/.m2/repository/org/glassfish/hk2/hk2-utils/2.5.0/hk2-utils-2.5.0.jar:/home/user/.m2/repository/jakarta/annotation/jakarta.annotation-api/1.3.4/jakarta.annotation-api-1.3.4.jar:/home/user/.m2/repository/org/glassfish/hk2/external/aopalliance-repackaged/2.5.0/aopalliance-repackaged-2.5.0.jar:/home/user/.m2/repository/com/fasterxml/jackson/dataformat/jackson-dataformat-xml/2.9.0/jackson-dataformat-xml-2.9.0.jar:/home/user/.m2/repository/com/fasterxml/jackson/module/jackson-module-jaxb-annotations/2.9.9/jackson-module-jaxb-annotations-2.9.9.jar:/home/user/.m2/repository/javax/enterprise/cdi-api/1.2/cdi-api-1.2.jar:/home/user/.m2/repository/javax/el/javax.el-api/3.0.0/javax.el-api-3.0.0.jar:/home/user/.m2/repository/javax/interceptor/javax.interceptor-api/1.2/javax.interceptor-api-1.2.jar:/home/user/.m2/repository/javax/inject/javax.inject/1/javax.inject-1.jar:/home/user/.m2/repository/com/sun/xml/bind/jaxb-core/2.3.0.1/jaxb-core-2.3.0.1.jar:/home/user/.m2/repository/javax/xml/bind/jaxb-api/2.3.0/jaxb-api-2.3.0.jar:/home/user/.m2/repository/javax/activation/activation/1.1.1/activation-1.1.1.jar:/home/user/.m2/repository/org/apache/hadoop/hadoop-ozone-csi/0.5.0-SNAPSHOT/hadoop-ozone-csi-0.5.0-SNAPSHOT.jar:/home/user/.m2/repository/com/google/protobuf/protobuf-java-util/3.5.1/protobuf-java-util-3.5.1.jar:/home/user/.m2/repository/io/grpc/grpc-netty/1.17.1/grpc-netty-1.17.1.jar:/home/user/.m2/repository/io/grpc/grpc-core/1.17.1/grpc-core-1.17.1.jar:/home/user/.m2/repository/io/grpc/grpc-context/1.17.1/grpc-context-1.17.1.jar:/home/user/.m2/repository/com/google/errorprone/error_prone_annotations/2.2.0/error_prone_annotations-2.2.0.jar:/home/user/.m2/repository/org/codehaus/mojo/animal-sniffer-annotations/1.17/animal-sniffer-annotations-1.17.jar:/home/user/.m2/repository/io/opencensus/opencensus-api/0.17.0/opencensus-api-0.17.0.jar:/home/user/.m2/repository/io/opencensus/opencensus-contrib-grpc-metrics/0.17.0/opencensus-contrib-grpc-metrics-0.17.0.jar:/home/user/.m2/repository/io/netty/netty-codec-http2/4.1.30.Final/netty-codec-http2-4.1.30.Final.jar:/home/user/.m2/repository/io/netty/netty-codec-http/4.1.30.Final/netty-codec-http-4.1.30.Final.jar:/home/user/.m2/repository/io/netty/netty-codec/4.1.30.Final/netty-codec-4.1.30.Final.jar:/home/user/.m2/repository/io/netty/netty-handler/4.1.30.Final/netty-handler-4.1.30.Final.jar:/home/user/.m2/repository/io/netty/netty-handler-proxy/4.1.30.Final/netty-handler-proxy-4.1.30.Final.jar:/home/user/.m2/repository/io/netty/netty-codec-socks/4.1.30.Final/netty-codec-socks-4.1.30.Final.jar:/home/user/.m2/repository/io/netty/netty-transport-native-epoll/4.1.30.Final/netty-transport-native-epoll-4.1.30.Final.jar:/home/user/.m2/repository/io/netty/netty-common/4.1.30.Final/netty-common-4.1.30.Final.jar:/home/user/.m2/repository/io/netty/netty-buffer/4.1.30.Final/netty-buffer-4.1.30.Final.jar:/home/user/.m2/repository/io/netty/netty-transport/4.1.30.Final/netty-transport-4.1.30.Final.jar:/home/user/.m2/repository/io/netty/netty-resolver/4.1.30.Final/netty-resolver-4.1.30.Final.jar:/home/user/.m2/repository/io/netty/netty-transport-native-unix-common/4.1.30.Final/netty-transport-native-unix-common-4.1.30.Final.jar:/home/user/.m2/repository/io/grpc/grpc-protobuf/1.17.1/grpc-protobuf-1.17.1.jar:/home/user/.m2/repository/com/google/api/grpc/proto-google-common-protos/1.0.0/proto-google-common-protos-1.0.0.jar:/home/user/.m2/repository/io/grpc/grpc-protobuf-lite/1.17.1/grpc-protobuf-lite-1.17.1.jar:/home/user/.m2/repository/io/grpc/grpc-stub/1.17.1/grpc-stub-1.17.1.jar:/home/user/.m2/repository/org/apache/hadoop/hadoop-ozone-recon/0.5.0-SNAPSHOT/hadoop-ozone-recon-0.5.0-SNAPSHOT.jar:/home/user/.m2/repository/org/apache/hadoop/hadoop-ozone-reconcodegen/0.5.0-SNAPSHOT/hadoop-ozone-reconcodegen-0.5.0-SNAPSHOT.jar:/home/user/.m2/repository/com/google/inject/extensions/guice-multibindings/4.0/guice-multibindings-4.0.jar:/home/user/.m2/repository/com/google/inject/guice/4.0/guice-4.0.jar:/home/user/.m2/repository/aopalliance/aopalliance/1.0/aopalliance-1.0.jar:/home/user/.m2/repository/org/glassfish/jersey/containers/jersey-container-servlet/2.27/jersey-container-servlet-2.27.jar:/home/user/.m2/repository/org/glassfish/hk2/guice-bridge/2.5.0/guice-bridge-2.5.0.jar:/home/user/.m2/repository/org/glassfish/jersey/core/jersey-server/2.27/jersey-server-2.27.jar:/home/user/.m2/repository/org/glassfish/jersey/core/jersey-client/2.27/jersey-client-2.27.jar:/home/user/.m2/repository/org/glassfish/jersey/media/jersey-media-jaxb/2.27/jersey-media-jaxb-2.27.jar:/home/user/.m2/repository/javax/validation/validation-api/1.1.0.Final/validation-api-1.1.0.Final.jar:/home/user/.m2/repository/org/glassfish/jersey/media/jersey-media-json-jackson/2.27/jersey-media-json-jackson-2.27.jar:/home/user/.m2/repository/org/glassfish/jersey/ext/jersey-entity-filtering/2.27/jersey-entity-filtering-2.27.jar:/home/user/.m2/repository/com/google/inject/extensions/guice-assistedinject/4.0/guice-assistedinject-4.0.jar:/home/user/.m2/repository/org/jooq/jooq/3.11.10/jooq-3.11.10.jar:/home/user/.m2/repository/org/jooq/jooq-meta/3.11.10/jooq-meta-3.11.10.jar:/home/user/.m2/repository/org/jooq/jooq-codegen/3.11.10/jooq-codegen-3.11.10.jar:/home/user/.m2/repository/com/jolbox/bonecp/0.8.0.RELEASE/bonecp-0.8.0.RELEASE.jar:/home/user/.m2/repository/org/springframework/spring-jdbc/5.1.3.RELEASE/spring-jdbc-5.1.3.RELEASE.jar:/home/user/.m2/repository/org/springframework/spring-beans/5.1.3.RELEASE/spring-beans-5.1.3.RELEASE.jar:/home/user/.m2/repository/org/springframework/spring-core/5.1.3.RELEASE/spring-core-5.1.3.RELEASE.jar:/home/user/.m2/repository/org/springframework/spring-jcl/5.1.3.RELEASE/spring-jcl-5.1.3.RELEASE.jar:/home/user/.m2/repository/org/springframework/spring-tx/5.1.3.RELEASE/spring-tx-5.1.3.RELEASE.jar:/home/user/.m2/repository/org/mockito/mockito-all/1.10.19/mockito-all-1.10.19.jar:/home/user/.m2/repository/junit/junit/4.11/junit-4.11.jar:/home/user/.m2/repository/org/hamcrest/hamcrest-core/1.3/hamcrest-core-1.3.jar:/home/user/.m2/repository/org/apache/hadoop/hadoop-distcp/3.2.0/hadoop-distcp-3.2.0.jar:/home/user/.m2/repository/org/apache/hadoop/hadoop-distcp/3.2.0/hadoop-distcp-3.2.0-tests.jar:/home/user/.m2/repository/org/apache/hadoop/hadoop-mapreduce-client-jobclient/3.2.0/hadoop-mapreduce-client-jobclient-3.2.0.jar:/home/user/.m2/repository/org/apache/hadoop/hadoop-mapreduce-client-common/3.2.0/hadoop-mapreduce-client-common-3.2.0.jar:/home/user/.m2/repository/org/apache/hadoop/hadoop-yarn-common/3.2.0/hadoop-yarn-common-3.2.0.jar:/home/user/.m2/repository/org/apache/hadoop/hadoop-yarn-api/3.2.0/hadoop-yarn-api-3.2.0.jar:/home/user/.m2/repository/com/sun/jersey/jersey-client/1.19/jersey-client-1.19.jar:/home/user/.m2/repository/com/sun/jersey/contribs/jersey-guice/1.19/jersey-guice-1.19.jar:/home/user/.m2/repository/com/fasterxml/jackson/jaxrs/jackson-jaxrs-json-provider/2.9.9/jackson-jaxrs-json-provider-2.9.9.jar:/home/user/.m2/repository/com/fasterxml/jackson/jaxrs/jackson-jaxrs-base/2.9.9/jackson-jaxrs-base-2.9.9.jar:/home/user/.m2/repository/org/apache/hadoop/hadoop-yarn-client/3.2.0/hadoop-yarn-client-3.2.0.jar:/home/user/.m2/repository/org/apache/hadoop/hadoop-mapreduce-client-core/3.2.0/hadoop-mapreduce-client-core-3.2.0.jar:/home/user/.m2/repository/com/google/inject/extensions/guice-servlet/4.0/guice-servlet-4.0.jar:/home/user/.m2/repository/org/powermock/powermock-module-junit4/1.6.5/powermock-module-junit4-1.6.5.jar:/home/user/.m2/repository/org/powermock/powermock-module-junit4-common/1.6.5/powermock-module-junit4-common-1.6.5.jar:/home/user/.m2/repository/org/powermock/powermock-core/1.6.5/powermock-core-1.6.5.jar:/home/user/.m2/repository/org/powermock/powermock-reflect/1.6.5/powermock-reflect-1.6.5.jar:/home/user/.m2/repository/org/powermock/powermock-api-mockito/1.6.5/powermock-api-mockito-1.6.5.jar:/home/user/.m2/repository/org/mockito/mockito-core/1.10.19/mockito-core-1.10.19.jar:/home/user/.m2/repository/org/objenesis/objenesis/1.0/objenesis-1.0.jar:/home/user/.m2/repository/org/powermock/powermock-api-mockito-common/1.6.5/powermock-api-mockito-common-1.6.5.jar:/home/user/.m2/repository/org/powermock/powermock-api-support/1.6.5/powermock-api-support-1.6.5.jar:"/>
    <property name="java.vm.vendor" value="IcedTea"/>
    <property name="sun.arch.data.model" value="64"/>
    <property name="test.build.dir" value="/workdir/hadoop-ozone/ozonefs/target/test-dir"/>
    <property name="test.cache.data" value=""/>
    <property name="java.vendor.url" value="https://icedtea.classpath.org"/>
    <property name="user.timezone" value=""/>
    <property name="java.vm.specification.version" value="1.8"/>
    <property name="os.name" value="Linux"/>
    <property name="test.build.data" value="/workdir/hadoop-ozone/ozonefs/target/test-dir"/>
    <property name="user.country" value="US"/>
    <property name="sun.java.launcher" value="SUN_STANDARD"/>
    <property name="sun.boot.library.path" value="/usr/lib/jvm/java-1.8-openjdk/jre/lib/amd64"/>
    <property name="sun.java.command" value="/workdir/hadoop-ozone/ozonefs/target/surefire/surefirebooter3639693798649840450.jar /workdir/hadoop-ozone/ozonefs/target/surefire 2019-09-25T03-07-58_965-jvmRun1 surefire2765945789909303129tmp surefire_955951295449013397226tmp"/>
    <property name="test" value="!TestMiniChaosOzoneCluster"/>
    <property name="surefire.test.class.path" value="/workdir/hadoop-ozone/ozonefs/target/test-classes:/workdir/hadoop-ozone/ozonefs/target/classes:/home/user/.m2/repository/org/apache/hadoop/hadoop-common/3.2.0/hadoop-common-3.2.0.jar:/home/user/.m2/repository/org/apache/hadoop/hadoop-annotations/3.2.0/hadoop-annotations-3.2.0.jar:/usr/lib/jvm/java-1.8-openjdk/jre/../lib/tools.jar:/home/user/.m2/repository/com/google/guava/guava/11.0.2/guava-11.0.2.jar:/home/user/.m2/repository/commons-cli/commons-cli/1.2/commons-cli-1.2.jar:/home/user/.m2/repository/org/apache/commons/commons-math3/3.1.1/commons-math3-3.1.1.jar:/home/user/.m2/repository/org/apache/httpcomponents/httpclient/4.5.2/httpclient-4.5.2.jar:/home/user/.m2/repository/org/apache/httpcomponents/httpcore/4.4.4/httpcore-4.4.4.jar:/home/user/.m2/repository/commons-codec/commons-codec/1.11/commons-codec-1.11.jar:/home/user/.m2/repository/commons-io/commons-io/2.5/commons-io-2.5.jar:/home/user/.m2/repository/commons-net/commons-net/3.6/commons-net-3.6.jar:/home/user/.m2/repository/commons-collections/commons-collections/3.2.2/commons-collections-3.2.2.jar:/home/user/.m2/repository/javax/servlet/javax.servlet-api/3.1.0/javax.servlet-api-3.1.0.jar:/home/user/.m2/repository/org/eclipse/jetty/jetty-server/9.3.25.v20180904/jetty-server-9.3.25.v20180904.jar:/home/user/.m2/repository/org/eclipse/jetty/jetty-http/9.3.25.v20180904/jetty-http-9.3.25.v20180904.jar:/home/user/.m2/repository/org/eclipse/jetty/jetty-io/9.3.25.v20180904/jetty-io-9.3.25.v20180904.jar:/home/user/.m2/repository/org/eclipse/jetty/jetty-util/9.3.25.v20180904/jetty-util-9.3.25.v20180904.jar:/home/user/.m2/repository/org/eclipse/jetty/jetty-servlet/9.3.25.v20180904/jetty-servlet-9.3.25.v20180904.jar:/home/user/.m2/repository/org/eclipse/jetty/jetty-security/9.3.25.v20180904/jetty-security-9.3.25.v20180904.jar:/home/user/.m2/repository/org/eclipse/jetty/jetty-webapp/9.3.25.v20180904/jetty-webapp-9.3.25.v20180904.jar:/home/user/.m2/repository/org/eclipse/jetty/jetty-xml/9.3.25.v20180904/jetty-xml-9.3.25.v20180904.jar:/home/user/.m2/repository/javax/servlet/jsp/jsp-api/2.1/jsp-api-2.1.jar:/home/user/.m2/repository/com/sun/jersey/jersey-core/1.19/jersey-core-1.19.jar:/home/user/.m2/repository/javax/ws/rs/jsr311-api/1.1.1/jsr311-api-1.1.1.jar:/home/user/.m2/repository/com/sun/jersey/jersey-servlet/1.19/jersey-servlet-1.19.jar:/home/user/.m2/repository/com/sun/jersey/jersey-json/1.19/jersey-json-1.19.jar:/home/user/.m2/repository/org/codehaus/jettison/jettison/1.1/jettison-1.1.jar:/home/user/.m2/repository/com/sun/xml/bind/jaxb-impl/2.3.0.1/jaxb-impl-2.3.0.1.jar:/home/user/.m2/repository/org/codehaus/jackson/jackson-core-asl/1.9.13/jackson-core-asl-1.9.13.jar:/home/user/.m2/repository/org/codehaus/jackson/jackson-mapper-asl/1.9.13/jackson-mapper-asl-1.9.13.jar:/home/user/.m2/repository/org/codehaus/jackson/jackson-jaxrs/1.9.13/jackson-jaxrs-1.9.13.jar:/home/user/.m2/repository/org/codehaus/jackson/jackson-xc/1.9.13/jackson-xc-1.9.13.jar:/home/user/.m2/repository/com/sun/jersey/jersey-server/1.19/jersey-server-1.19.jar:/home/user/.m2/repository/commons-logging/commons-logging/1.1.3/commons-logging-1.1.3.jar:/home/user/.m2/repository/log4j/log4j/1.2.17/log4j-1.2.17.jar:/home/user/.m2/repository/commons-beanutils/commons-beanutils/1.9.4/commons-beanutils-1.9.4.jar:/home/user/.m2/repository/org/apache/commons/commons-configuration2/2.1.1/commons-configuration2-2.1.1.jar:/home/user/.m2/repository/org/apache/commons/commons-lang3/3.7/commons-lang3-3.7.jar:/home/user/.m2/repository/org/apache/commons/commons-text/1.4/commons-text-1.4.jar:/home/user/.m2/repository/org/slf4j/slf4j-api/1.7.25/slf4j-api-1.7.25.jar:/home/user/.m2/repository/org/slf4j/slf4j-log4j12/1.7.25/slf4j-log4j12-1.7.25.jar:/home/user/.m2/repository/org/apache/avro/avro/1.7.7/avro-1.7.7.jar:/home/user/.m2/repository/com/thoughtworks/paranamer/paranamer/2.3/paranamer-2.3.jar:/home/user/.m2/repository/org/xerial/snappy/snappy-java/1.0.5/snappy-java-1.0.5.jar:/home/user/.m2/repository/com/google/re2j/re2j/1.1/re2j-1.1.jar:/home/user/.m2/repository/com/google/protobuf/protobuf-java/2.5.0/protobuf-java-2.5.0.jar:/home/user/.m2/repository/com/google/code/gson/gson/2.2.4/gson-2.2.4.jar:/home/user/.m2/repository/org/apache/hadoop/hadoop-auth/3.2.0/hadoop-auth-3.2.0.jar:/home/user/.m2/repository/com/nimbusds/nimbus-jose-jwt/4.41.1/nimbus-jose-jwt-4.41.1.jar:/home/user/.m2/repository/com/github/stephenc/jcip/jcip-annotations/1.0-1/jcip-annotations-1.0-1.jar:/home/user/.m2/repository/net/minidev/json-smart/2.3/json-smart-2.3.jar:/home/user/.m2/repository/net/minidev/accessors-smart/1.2/accessors-smart-1.2.jar:/home/user/.m2/repository/org/apache/curator/curator-framework/2.12.0/curator-framework-2.12.0.jar:/home/user/.m2/repository/com/jcraft/jsch/0.1.54/jsch-0.1.54.jar:/home/user/.m2/repository/org/apache/curator/curator-client/2.12.0/curator-client-2.12.0.jar:/home/user/.m2/repository/org/apache/curator/curator-recipes/2.12.0/curator-recipes-2.12.0.jar:/home/user/.m2/repository/com/google/code/findbugs/jsr305/3.0.0/jsr305-3.0.0.jar:/home/user/.m2/repository/org/apache/htrace/htrace-core4/4.1.0-incubating/htrace-core4-4.1.0-incubating.jar:/home/user/.m2/repository/org/apache/zookeeper/zookeeper/3.4.13/zookeeper-3.4.13.jar:/home/user/.m2/repository/jline/jline/0.9.94/jline-0.9.94.jar:/home/user/.m2/repository/org/apache/yetus/audience-annotations/0.5.0/audience-annotations-0.5.0.jar:/home/user/.m2/repository/org/apache/commons/commons-compress/1.4.1/commons-compress-1.4.1.jar:/home/user/.m2/repository/org/tukaani/xz/1.0/xz-1.0.jar:/home/user/.m2/repository/org/apache/kerby/kerb-simplekdc/1.0.1/kerb-simplekdc-1.0.1.jar:/home/user/.m2/repository/org/apache/kerby/kerb-client/1.0.1/kerb-client-1.0.1.jar:/home/user/.m2/repository/org/apache/kerby/kerby-config/1.0.1/kerby-config-1.0.1.jar:/home/user/.m2/repository/org/apache/kerby/kerb-core/1.0.1/kerb-core-1.0.1.jar:/home/user/.m2/repository/org/apache/kerby/kerby-pkix/1.0.1/kerby-pkix-1.0.1.jar:/home/user/.m2/repository/org/apache/kerby/kerby-asn1/1.0.1/kerby-asn1-1.0.1.jar:/home/user/.m2/repository/org/apache/kerby/kerby-util/1.0.1/kerby-util-1.0.1.jar:/home/user/.m2/repository/org/apache/kerby/kerb-common/1.0.1/kerb-common-1.0.1.jar:/home/user/.m2/repository/org/apache/kerby/kerb-crypto/1.0.1/kerb-crypto-1.0.1.jar:/home/user/.m2/repository/org/apache/kerby/kerb-util/1.0.1/kerb-util-1.0.1.jar:/home/user/.m2/repository/org/apache/kerby/token-provider/1.0.1/token-provider-1.0.1.jar:/home/user/.m2/repository/org/apache/kerby/kerb-admin/1.0.1/kerb-admin-1.0.1.jar:/home/user/.m2/repository/org/apache/kerby/kerb-server/1.0.1/kerb-server-1.0.1.jar:/home/user/.m2/repository/org/apache/kerby/kerb-identity/1.0.1/kerb-identity-1.0.1.jar:/home/user/.m2/repository/org/apache/kerby/kerby-xdr/1.0.1/kerby-xdr-1.0.1.jar:/home/user/.m2/repository/com/fasterxml/jackson/core/jackson-databind/2.9.9/jackson-databind-2.9.9.jar:/home/user/.m2/repository/com/fasterxml/jackson/core/jackson-annotations/2.9.9/jackson-annotations-2.9.9.jar:/home/user/.m2/repository/com/fasterxml/jackson/core/jackson-core/2.9.9/jackson-core-2.9.9.jar:/home/user/.m2/repository/org/codehaus/woodstox/stax2-api/3.1.4/stax2-api-3.1.4.jar:/home/user/.m2/repository/com/fasterxml/woodstox/woodstox-core/5.0.3/woodstox-core-5.0.3.jar:/home/user/.m2/repository/dnsjava/dnsjava/2.1.7/dnsjava-2.1.7.jar:/home/user/.m2/repository/org/apache/hadoop/hadoop-hdfs/3.2.0/hadoop-hdfs-3.2.0.jar:/home/user/.m2/repository/org/eclipse/jetty/jetty-util-ajax/9.3.25.v20180904/jetty-util-ajax-9.3.25.v20180904.jar:/home/user/.m2/repository/commons-daemon/commons-daemon/1.0.13/commons-daemon-1.0.13.jar:/home/user/.m2/repository/io/netty/netty/3.10.5.Final/netty-3.10.5.Final.jar:/home/user/.m2/repository/io/netty/netty-all/4.0.52.Final/netty-all-4.0.52.Final.jar:/home/user/.m2/repository/org/fusesource/leveldbjni/leveldbjni-all/1.8/leveldbjni-all-1.8.jar:/home/user/.m2/repository/org/apache/hadoop/hadoop-hdds-common/0.5.0-SNAPSHOT/hadoop-hdds-common-0.5.0-SNAPSHOT.jar:/home/user/.m2/repository/org/apache/hadoop/hadoop-hdds-config/0.5.0-SNAPSHOT/hadoop-hdds-config-0.5.0-SNAPSHOT.jar:/home/user/.m2/repository/javax/annotation/javax.annotation-api/1.2/javax.annotation-api-1.2.jar:/home/user/.m2/repository/org/apache/ratis/ratis-server/0.4.0/ratis-server-0.4.0.jar:/home/user/.m2/repository/org/apache/ratis/ratis-thirdparty-misc/0.2.0/ratis-thirdparty-misc-0.2.0.jar:/home/user/.m2/repository/org/apache/ratis/ratis-proto/0.4.0/ratis-proto-0.4.0.jar:/home/user/.m2/repository/org/apache/ratis/ratis-common/0.4.0/ratis-common-0.4.0.jar:/home/user/.m2/repository/org/apache/ratis/ratis-client/0.4.0/ratis-client-0.4.0.jar:/home/user/.m2/repository/org/apache/ratis/ratis-metrics/0.4.0/ratis-metrics-0.4.0.jar:/home/user/.m2/repository/com/github/joshelser/dropwizard-metrics-hadoop-metrics2-reporter/0.1.2/dropwizard-metrics-hadoop-metrics2-reporter-0.1.2.jar:/home/user/.m2/repository/io/dropwizard/metrics/metrics-jvm/3.2.5/metrics-jvm-3.2.5.jar:/home/user/.m2/repository/io/dropwizard/metrics/metrics-ganglia/3.2.5/metrics-ganglia-3.2.5.jar:/home/user/.m2/repository/info/ganglia/gmetric4j/gmetric4j/1.0.7/gmetric4j-1.0.7.jar:/home/user/.m2/repository/org/apache/ratis/ratis-netty/0.4.0/ratis-netty-0.4.0.jar:/home/user/.m2/repository/org/apache/ratis/ratis-grpc/0.4.0/ratis-grpc-0.4.0.jar:/home/user/.m2/repository/org/rocksdb/rocksdbjni/6.0.1/rocksdbjni-6.0.1.jar:/home/user/.m2/repository/org/apache/logging/log4j/log4j-api/2.11.0/log4j-api-2.11.0.jar:/home/user/.m2/repository/org/apache/logging/log4j/log4j-core/2.11.0/log4j-core-2.11.0.jar:/home/user/.m2/repository/com/lmax/disruptor/3.4.2/disruptor-3.4.2.jar:/home/user/.m2/repository/org/apache/commons/commons-pool2/2.6.0/commons-pool2-2.6.0.jar:/home/user/.m2/repository/org/bouncycastle/bcpkix-jdk15on/1.60/bcpkix-jdk15on-1.60.jar:/home/user/.m2/repository/commons-validator/commons-validator/1.6/commons-validator-1.6.jar:/home/user/.m2/repository/commons-digester/commons-digester/1.8.1/commons-digester-1.8.1.jar:/home/user/.m2/repository/io/jaegertracing/jaeger-client/0.34.0/jaeger-client-0.34.0.jar:/home/user/.m2/repository/io/jaegertracing/jaeger-thrift/0.34.0/jaeger-thrift-0.34.0.jar:/home/user/.m2/repository/org/apache/thrift/libthrift/0.12.0/libthrift-0.12.0.jar:/home/user/.m2/repository/com/squareup/okhttp3/okhttp/3.9.0/okhttp-3.9.0.jar:/home/user/.m2/repository/com/squareup/okio/okio/1.13.0/okio-1.13.0.jar:/home/user/.m2/repository/io/jaegertracing/jaeger-core/0.34.0/jaeger-core-0.34.0.jar:/home/user/.m2/repository/io/jaegertracing/jaeger-tracerresolver/0.34.0/jaeger-tracerresolver-0.34.0.jar:/home/user/.m2/repository/io/opentracing/contrib/opentracing-tracerresolver/0.1.5/opentracing-tracerresolver-0.1.5.jar:/home/user/.m2/repository/io/opentracing/opentracing-util/0.31.0/opentracing-util-0.31.0.jar:/home/user/.m2/repository/io/opentracing/opentracing-api/0.31.0/opentracing-api-0.31.0.jar:/home/user/.m2/repository/io/opentracing/opentracing-noop/0.31.0/opentracing-noop-0.31.0.jar:/home/user/.m2/repository/org/yaml/snakeyaml/1.16/snakeyaml-1.16.jar:/home/user/.m2/repository/org/apache/hadoop/hadoop-hdfs-client/3.2.0/hadoop-hdfs-client-3.2.0.jar:/home/user/.m2/repository/info/picocli/picocli/3.9.6/picocli-3.9.6.jar:/home/user/.m2/repository/org/apache/hadoop/hadoop-hdds-server-scm/0.5.0-SNAPSHOT/hadoop-hdds-server-scm-0.5.0-SNAPSHOT.jar:/home/user/.m2/repository/org/apache/hadoop/hadoop-hdds-docs/0.5.0-SNAPSHOT/hadoop-hdds-docs-0.5.0-SNAPSHOT.jar:/home/user/.m2/repository/io/dropwizard/metrics/metrics-core/3.2.4/metrics-core-3.2.4.jar:/home/user/.m2/repository/org/hamcrest/hamcrest-all/1.3/hamcrest-all-1.3.jar:/home/user/.m2/repository/org/bouncycastle/bcprov-jdk15on/1.60/bcprov-jdk15on-1.60.jar:/home/user/.m2/repository/org/apache/hadoop/hadoop-hdds-server-framework/0.5.0-SNAPSHOT/hadoop-hdds-server-framework-0.5.0-SNAPSHOT.jar:/home/user/.m2/repository/org/apache/hadoop/hadoop-ozone-ozone-manager/0.5.0-SNAPSHOT/hadoop-ozone-ozone-manager-0.5.0-SNAPSHOT.jar:/home/user/.m2/repository/org/apache/hadoop/hadoop-hdds-container-service/0.5.0-SNAPSHOT/hadoop-hdds-container-service-0.5.0-SNAPSHOT.jar:/home/user/.m2/repository/org/apache/hadoop/hadoop-hdds-client/0.5.0-SNAPSHOT/hadoop-hdds-client-0.5.0-SNAPSHOT.jar:/home/user/.m2/repository/org/apache/hadoop/hadoop-ozone-common/0.5.0-SNAPSHOT/hadoop-ozone-common-0.5.0-SNAPSHOT.jar:/home/user/.m2/repository/org/apache/hadoop/hadoop-hdds-tools/0.5.0-SNAPSHOT/hadoop-hdds-tools-0.5.0-SNAPSHOT.jar:/home/user/.m2/repository/org/xerial/sqlite-jdbc/3.25.2/sqlite-jdbc-3.25.2.jar:/home/user/.m2/repository/com/google/code/findbugs/findbugs/3.0.1/findbugs-3.0.1.jar:/home/user/.m2/repository/net/jcip/jcip-annotations/1.0/jcip-annotations-1.0.jar:/home/user/.m2/repository/com/google/code/findbugs/bcel-findbugs/6.0/bcel-findbugs-6.0.jar:/home/user/.m2/repository/com/google/code/findbugs/jFormatString/2.0.1/jFormatString-2.0.1.jar:/home/user/.m2/repository/dom4j/dom4j/1.6.1/dom4j-1.6.1.jar:/home/user/.m2/repository/xml-apis/xml-apis/1.0.b2/xml-apis-1.0.b2.jar:/home/user/.m2/repository/org/ow2/asm/asm-debug-all/5.0.2/asm-debug-all-5.0.2.jar:/home/user/.m2/repository/org/ow2/asm/asm-commons/5.0.2/asm-commons-5.0.2.jar:/home/user/.m2/repository/org/ow2/asm/asm-tree/5.0.2/asm-tree-5.0.2.jar:/home/user/.m2/repository/org/ow2/asm/asm/5.0.4/asm-5.0.4.jar:/home/user/.m2/repository/commons-lang/commons-lang/2.6/commons-lang-2.6.jar:/home/user/.m2/repository/com/apple/AppleJavaExtensions/1.4/AppleJavaExtensions-1.4.jar:/home/user/.m2/repository/jaxen/jaxen/1.1.6/jaxen-1.1.6.jar:/home/user/.m2/repository/org/apache/hadoop/hadoop-common/3.2.0/hadoop-common-3.2.0-tests.jar:/home/user/.m2/repository/org/apache/hadoop/hadoop-ozone-client/0.5.0-SNAPSHOT/hadoop-ozone-client-0.5.0-SNAPSHOT.jar:/home/user/.m2/repository/org/apache/hadoop/hadoop-hdfs/3.2.0/hadoop-hdfs-3.2.0-tests.jar:/workdir/hadoop-ozone/integration-test/target/test-classes:/home/user/.m2/repository/org/apache/hadoop/hadoop-ozone-s3gateway/0.5.0-SNAPSHOT/hadoop-ozone-s3gateway-0.5.0-SNAPSHOT.jar:/home/user/.m2/repository/org/jboss/weld/servlet/weld-servlet/2.4.7.Final/weld-servlet-2.4.7.Final.jar:/home/user/.m2/repository/org/glassfish/jersey/containers/jersey-container-servlet-core/2.27/jersey-container-servlet-core-2.27.jar:/home/user/.m2/repository/org/glassfish/hk2/external/javax.inject/2.5.0-b42/javax.inject-2.5.0-b42.jar:/home/user/.m2/repository/org/glassfish/jersey/core/jersey-common/2.27/jersey-common-2.27.jar:/home/user/.m2/repository/org/glassfish/hk2/osgi-resource-locator/1.0.1/osgi-resource-locator-1.0.1.jar:/home/user/.m2/repository/javax/ws/rs/javax.ws.rs-api/2.1/javax.ws.rs-api-2.1.jar:/home/user/.m2/repository/org/glassfish/jersey/ext/cdi/jersey-cdi1x/2.27/jersey-cdi1x-2.27.jar:/home/user/.m2/repository/org/glassfish/jersey/inject/jersey-hk2/2.27/jersey-hk2-2.27.jar:/home/user/.m2/repository/org/glassfish/hk2/hk2-locator/2.5.0-b42/hk2-locator-2.5.0-b42.jar:/home/user/.m2/repository/org/javassist/javassist/3.22.0-CR2/javassist-3.22.0-CR2.jar:/home/user/.m2/repository/org/glassfish/hk2/hk2-api/2.5.0/hk2-api-2.5.0.jar:/home/user/.m2/repository/org/glassfish/hk2/external/jakarta.inject/2.5.0/jakarta.inject-2.5.0.jar:/home/user/.m2/repository/org/glassfish/hk2/hk2-utils/2.5.0/hk2-utils-2.5.0.jar:/home/user/.m2/repository/jakarta/annotation/jakarta.annotation-api/1.3.4/jakarta.annotation-api-1.3.4.jar:/home/user/.m2/repository/org/glassfish/hk2/external/aopalliance-repackaged/2.5.0/aopalliance-repackaged-2.5.0.jar:/home/user/.m2/repository/com/fasterxml/jackson/dataformat/jackson-dataformat-xml/2.9.0/jackson-dataformat-xml-2.9.0.jar:/home/user/.m2/repository/com/fasterxml/jackson/module/jackson-module-jaxb-annotations/2.9.9/jackson-module-jaxb-annotations-2.9.9.jar:/home/user/.m2/repository/javax/enterprise/cdi-api/1.2/cdi-api-1.2.jar:/home/user/.m2/repository/javax/el/javax.el-api/3.0.0/javax.el-api-3.0.0.jar:/home/user/.m2/repository/javax/interceptor/javax.interceptor-api/1.2/javax.interceptor-api-1.2.jar:/home/user/.m2/repository/javax/inject/javax.inject/1/javax.inject-1.jar:/home/user/.m2/repository/com/sun/xml/bind/jaxb-core/2.3.0.1/jaxb-core-2.3.0.1.jar:/home/user/.m2/repository/javax/xml/bind/jaxb-api/2.3.0/jaxb-api-2.3.0.jar:/home/user/.m2/repository/javax/activation/activation/1.1.1/activation-1.1.1.jar:/home/user/.m2/repository/org/apache/hadoop/hadoop-ozone-csi/0.5.0-SNAPSHOT/hadoop-ozone-csi-0.5.0-SNAPSHOT.jar:/home/user/.m2/repository/com/google/protobuf/protobuf-java-util/3.5.1/protobuf-java-util-3.5.1.jar:/home/user/.m2/repository/io/grpc/grpc-netty/1.17.1/grpc-netty-1.17.1.jar:/home/user/.m2/repository/io/grpc/grpc-core/1.17.1/grpc-core-1.17.1.jar:/home/user/.m2/repository/io/grpc/grpc-context/1.17.1/grpc-context-1.17.1.jar:/home/user/.m2/repository/com/google/errorprone/error_prone_annotations/2.2.0/error_prone_annotations-2.2.0.jar:/home/user/.m2/repository/org/codehaus/mojo/animal-sniffer-annotations/1.17/animal-sniffer-annotations-1.17.jar:/home/user/.m2/repository/io/opencensus/opencensus-api/0.17.0/opencensus-api-0.17.0.jar:/home/user/.m2/repository/io/opencensus/opencensus-contrib-grpc-metrics/0.17.0/opencensus-contrib-grpc-metrics-0.17.0.jar:/home/user/.m2/repository/io/netty/netty-codec-http2/4.1.30.Final/netty-codec-http2-4.1.30.Final.jar:/home/user/.m2/repository/io/netty/netty-codec-http/4.1.30.Final/netty-codec-http-4.1.30.Final.jar:/home/user/.m2/repository/io/netty/netty-codec/4.1.30.Final/netty-codec-4.1.30.Final.jar:/home/user/.m2/repository/io/netty/netty-handler/4.1.30.Final/netty-handler-4.1.30.Final.jar:/home/user/.m2/repository/io/netty/netty-handler-proxy/4.1.30.Final/netty-handler-proxy-4.1.30.Final.jar:/home/user/.m2/repository/io/netty/netty-codec-socks/4.1.30.Final/netty-codec-socks-4.1.30.Final.jar:/home/user/.m2/repository/io/netty/netty-transport-native-epoll/4.1.30.Final/netty-transport-native-epoll-4.1.30.Final.jar:/home/user/.m2/repository/io/netty/netty-common/4.1.30.Final/netty-common-4.1.30.Final.jar:/home/user/.m2/repository/io/netty/netty-buffer/4.1.30.Final/netty-buffer-4.1.30.Final.jar:/home/user/.m2/repository/io/netty/netty-transport/4.1.30.Final/netty-transport-4.1.30.Final.jar:/home/user/.m2/repository/io/netty/netty-resolver/4.1.30.Final/netty-resolver-4.1.30.Final.jar:/home/user/.m2/repository/io/netty/netty-transport-native-unix-common/4.1.30.Final/netty-transport-native-unix-common-4.1.30.Final.jar:/home/user/.m2/repository/io/grpc/grpc-protobuf/1.17.1/grpc-protobuf-1.17.1.jar:/home/user/.m2/repository/com/google/api/grpc/proto-google-common-protos/1.0.0/proto-google-common-protos-1.0.0.jar:/home/user/.m2/repository/io/grpc/grpc-protobuf-lite/1.17.1/grpc-protobuf-lite-1.17.1.jar:/home/user/.m2/repository/io/grpc/grpc-stub/1.17.1/grpc-stub-1.17.1.jar:/home/user/.m2/repository/org/apache/hadoop/hadoop-ozone-recon/0.5.0-SNAPSHOT/hadoop-ozone-recon-0.5.0-SNAPSHOT.jar:/home/user/.m2/repository/org/apache/hadoop/hadoop-ozone-reconcodegen/0.5.0-SNAPSHOT/hadoop-ozone-reconcodegen-0.5.0-SNAPSHOT.jar:/home/user/.m2/repository/com/google/inject/extensions/guice-multibindings/4.0/guice-multibindings-4.0.jar:/home/user/.m2/repository/com/google/inject/guice/4.0/guice-4.0.jar:/home/user/.m2/repository/aopalliance/aopalliance/1.0/aopalliance-1.0.jar:/home/user/.m2/repository/org/glassfish/jersey/containers/jersey-container-servlet/2.27/jersey-container-servlet-2.27.jar:/home/user/.m2/repository/org/glassfish/hk2/guice-bridge/2.5.0/guice-bridge-2.5.0.jar:/home/user/.m2/repository/org/glassfish/jersey/core/jersey-server/2.27/jersey-server-2.27.jar:/home/user/.m2/repository/org/glassfish/jersey/core/jersey-client/2.27/jersey-client-2.27.jar:/home/user/.m2/repository/org/glassfish/jersey/media/jersey-media-jaxb/2.27/jersey-media-jaxb-2.27.jar:/home/user/.m2/repository/javax/validation/validation-api/1.1.0.Final/validation-api-1.1.0.Final.jar:/home/user/.m2/repository/org/glassfish/jersey/media/jersey-media-json-jackson/2.27/jersey-media-json-jackson-2.27.jar:/home/user/.m2/repository/org/glassfish/jersey/ext/jersey-entity-filtering/2.27/jersey-entity-filtering-2.27.jar:/home/user/.m2/repository/com/google/inject/extensions/guice-assistedinject/4.0/guice-assistedinject-4.0.jar:/home/user/.m2/repository/org/jooq/jooq/3.11.10/jooq-3.11.10.jar:/home/user/.m2/repository/org/jooq/jooq-meta/3.11.10/jooq-meta-3.11.10.jar:/home/user/.m2/repository/org/jooq/jooq-codegen/3.11.10/jooq-codegen-3.11.10.jar:/home/user/.m2/repository/com/jolbox/bonecp/0.8.0.RELEASE/bonecp-0.8.0.RELEASE.jar:/home/user/.m2/repository/org/springframework/spring-jdbc/5.1.3.RELEASE/spring-jdbc-5.1.3.RELEASE.jar:/home/user/.m2/repository/org/springframework/spring-beans/5.1.3.RELEASE/spring-beans-5.1.3.RELEASE.jar:/home/user/.m2/repository/org/springframework/spring-core/5.1.3.RELEASE/spring-core-5.1.3.RELEASE.jar:/home/user/.m2/repository/org/springframework/spring-jcl/5.1.3.RELEASE/spring-jcl-5.1.3.RELEASE.jar:/home/user/.m2/repository/org/springframework/spring-tx/5.1.3.RELEASE/spring-tx-5.1.3.RELEASE.jar:/home/user/.m2/repository/org/mockito/mockito-all/1.10.19/mockito-all-1.10.19.jar:/home/user/.m2/repository/junit/junit/4.11/junit-4.11.jar:/home/user/.m2/repository/org/hamcrest/hamcrest-core/1.3/hamcrest-core-1.3.jar:/home/user/.m2/repository/org/apache/hadoop/hadoop-distcp/3.2.0/hadoop-distcp-3.2.0.jar:/home/user/.m2/repository/org/apache/hadoop/hadoop-distcp/3.2.0/hadoop-distcp-3.2.0-tests.jar:/home/user/.m2/repository/org/apache/hadoop/hadoop-mapreduce-client-jobclient/3.2.0/hadoop-mapreduce-client-jobclient-3.2.0.jar:/home/user/.m2/repository/org/apache/hadoop/hadoop-mapreduce-client-common/3.2.0/hadoop-mapreduce-client-common-3.2.0.jar:/home/user/.m2/repository/org/apache/hadoop/hadoop-yarn-common/3.2.0/hadoop-yarn-common-3.2.0.jar:/home/user/.m2/repository/org/apache/hadoop/hadoop-yarn-api/3.2.0/hadoop-yarn-api-3.2.0.jar:/home/user/.m2/repository/com/sun/jersey/jersey-client/1.19/jersey-client-1.19.jar:/home/user/.m2/repository/com/sun/jersey/contribs/jersey-guice/1.19/jersey-guice-1.19.jar:/home/user/.m2/repository/com/fasterxml/jackson/jaxrs/jackson-jaxrs-json-provider/2.9.9/jackson-jaxrs-json-provider-2.9.9.jar:/home/user/.m2/repository/com/fasterxml/jackson/jaxrs/jackson-jaxrs-base/2.9.9/jackson-jaxrs-base-2.9.9.jar:/home/user/.m2/repository/org/apache/hadoop/hadoop-yarn-client/3.2.0/hadoop-yarn-client-3.2.0.jar:/home/user/.m2/repository/org/apache/hadoop/hadoop-mapreduce-client-core/3.2.0/hadoop-mapreduce-client-core-3.2.0.jar:/home/user/.m2/repository/com/google/inject/extensions/guice-servlet/4.0/guice-servlet-4.0.jar:/home/user/.m2/repository/org/powermock/powermock-module-junit4/1.6.5/powermock-module-junit4-1.6.5.jar:/home/user/.m2/repository/org/powermock/powermock-module-junit4-common/1.6.5/powermock-module-junit4-common-1.6.5.jar:/home/user/.m2/repository/org/powermock/powermock-core/1.6.5/powermock-core-1.6.5.jar:/home/user/.m2/repository/org/powermock/powermock-reflect/1.6.5/powermock-reflect-1.6.5.jar:/home/user/.m2/repository/org/powermock/powermock-api-mockito/1.6.5/powermock-api-mockito-1.6.5.jar:/home/user/.m2/repository/org/mockito/mockito-core/1.10.19/mockito-core-1.10.19.jar:/home/user/.m2/repository/org/objenesis/objenesis/1.0/objenesis-1.0.jar:/home/user/.m2/repository/org/powermock/powermock-api-mockito-common/1.6.5/powermock-api-mockito-common-1.6.5.jar:/home/user/.m2/repository/org/powermock/powermock-api-support/1.6.5/powermock-api-support-1.6.5.jar:"/>
    <property name="sun.cpu.endian" value="little"/>
    <property name="user.home" value="/home/user"/>
    <property name="user.language" value="en"/>
    <property name="java.specification.vendor" value="Oracle Corporation"/>
    <property name="java.home" value="/usr/lib/jvm/java-1.8-openjdk/jre"/>
    <property name="java.security.krb5.conf" value="/workdir/hadoop-ozone/ozonefs/target/test-classes/krb5.conf"/>
    <property name="basedir" value="/workdir/hadoop-ozone/ozonefs"/>
    <property name="file.separator" value="/"/>
    <property name="line.separator" value="&#10;"/>
    <property name="java.vm.specification.vendor" value="Oracle Corporation"/>
    <property name="java.specification.name" value="Java Platform API Specification"/>
    <property name="java.awt.graphicsenv" value="sun.awt.X11GraphicsEnvironment"/>
    <property name="surefire.real.class.path" value="/workdir/hadoop-ozone/ozonefs/target/surefire/surefirebooter3639693798649840450.jar"/>
    <property name="hadoop.log.dir" value="/workdir/hadoop-ozone/ozonefs/target/log"/>
    <property name="sun.boot.class.path" value="/usr/lib/jvm/java-1.8-openjdk/jre/lib/resources.jar:/usr/lib/jvm/java-1.8-openjdk/jre/lib/rt.jar:/usr/lib/jvm/java-1.8-openjdk/jre/lib/sunrsasign.jar:/usr/lib/jvm/java-1.8-openjdk/jre/lib/jsse.jar:/usr/lib/jvm/java-1.8-openjdk/jre/lib/jce.jar:/usr/lib/jvm/java-1.8-openjdk/jre/lib/charsets.jar:/usr/lib/jvm/java-1.8-openjdk/jre/lib/jfr.jar:/usr/lib/jvm/java-1.8-openjdk/jre/classes"/>
    <property name="sun.management.compiler" value="HotSpot 64-Bit Tiered Compilers"/>
    <property name="java.runtime.version" value="1.8.0_212-b04"/>
    <property name="java.net.preferIPv4Stack" value="true"/>
    <property name="user.name" value="jenkins1000"/>
    <property name="path.separator" value=":"/>
    <property name="java.security.egd" value="file:///dev/urandom"/>
    <property name="os.version" value="3.10.0-957.12.2.el7.x86_64"/>
    <property name="java.endorsed.dirs" value="/usr/lib/jvm/java-1.8-openjdk/jre/lib/endorsed"/>
    <property name="java.runtime.name" value="OpenJDK Runtime Environment"/>
    <property name="file.encoding" value="UTF-8"/>
    <property name="java.vm.name" value="OpenJDK 64-Bit Server VM"/>
    <property name="test.build.webapps" value=""/>
    <property name="localRepository" value="/home/user/.m2/repository"/>
    <property name="java.vendor.url.bug" value="https://icedtea.classpath.org/bugzilla"/>
    <property name="java.io.tmpdir" value="/tmp"/>
    <property name="require.test.libhadoop" value=""/>
    <property name="java.version" value="1.8.0_212"/>
    <property name="user.dir" value="/workdir/hadoop-ozone/ozonefs"/>
    <property name="os.arch" value="amd64"/>
    <property name="java.vm.specification.name" value="Java Virtual Machine Specification"/>
    <property name="test.build.classes" value="/workdir/hadoop-ozone/ozonefs/target/test-classes"/>
    <property name="java.awt.printerjob" value="sun.print.PSPrinterJob"/>
    <property name="sun.os.patch.level" value="unknown"/>
    <property name="hadoop.tmp.dir" value="/workdir/hadoop-ozone/ozonefs/target/tmp"/>
    <property name="java.library.path" value="/usr/lib/jvm/java-1.8-openjdk/jre/lib/amd64/server:/usr/lib/jvm/java-1.8-openjdk/jre/lib/amd64:/usr/lib/jvm/java-1.8-openjdk/jre/../lib/amd64:/workdir/hadoop-ozone/ozonefs/target/native/target/usr/local/lib:/workdir/hadoop-ozone/ozonefs/../../hadoop-common-project/hadoop-common/target/native/target/usr/local/lib:/usr/java/packages/lib/amd64:/usr/lib64:/lib64:/lib:/usr/lib"/>
    <property name="java.vm.info" value="mixed mode"/>
    <property name="java.vendor" value="IcedTea"/>
    <property name="java.vm.version" value="25.212-b04"/>
    <property name="java.ext.dirs" value="/usr/lib/jvm/java-1.8-openjdk/jre/lib/ext:/usr/java/packages/lib/ext"/>
    <property name="sun.io.unicode.encoding" value="UnicodeLittle"/>
    <property name="java.class.version" value="52.0"/>
  </properties>
  <testcase name="testOzoneFsServiceLoader" classname="org.apache.hadoop.fs.ozone.TestOzoneFileSystem" time="22.184"/>
  <testcase name="testListStatusOnRoot" classname="org.apache.hadoop.fs.ozone.TestOzoneFileSystem" time="16.918"/>
  <testcase name="testListStatusOnSubDirs" classname="org.apache.hadoop.fs.ozone.TestOzoneFileSystem" time="17.102">
    <error message="Allocated 0 blocks. Requested 1 blocks" type="INTERNAL_ERROR org.apache.hadoop.ozone.om.exceptions.OMException">INTERNAL_ERROR org.apache.hadoop.ozone.om.exceptions.OMException: Allocated 0 blocks. Requested 1 blocks
	at org.apache.hadoop.ozone.om.protocolPB.OzoneManagerProtocolClientSideTranslatorPB.handleError(OzoneManagerProtocolClientSideTranslatorPB.java:732)
	at org.apache.hadoop.ozone.om.protocolPB.OzoneManagerProtocolClientSideTranslatorPB.createFile(OzoneManagerProtocolClientSideTranslatorPB.java:1536)
	at sun.reflect.NativeMethodAccessorImpl.invoke0(Native Method)
	at sun.reflect.NativeMethodAccessorImpl.invoke(NativeMethodAccessorImpl.java:62)
	at sun.reflect.DelegatingMethodAccessorImpl.invoke(DelegatingMethodAccessorImpl.java:43)
	at java.lang.reflect.Method.invoke(Method.java:498)
	at org.apache.hadoop.hdds.tracing.TraceAllMethod.invoke(TraceAllMethod.java:66)
	at com.sun.proxy.$Proxy38.createFile(Unknown Source)
	at org.apache.hadoop.ozone.client.rpc.RpcClient.createFile(RpcClient.java:1006)
	at org.apache.hadoop.ozone.client.OzoneBucket.createFile(OzoneBucket.java:537)
	at org.apache.hadoop.fs.ozone.BasicOzoneClientAdapterImpl.createFile(BasicOzoneClientAdapterImpl.java:205)
	at org.apache.hadoop.fs.ozone.BasicOzoneFileSystem.createOutputStream(BasicOzoneFileSystem.java:250)
	at org.apache.hadoop.fs.ozone.BasicOzoneFileSystem.create(BasicOzoneFileSystem.java:231)
	at org.apache.hadoop.fs.FileSystem.create(FileSystem.java:1118)
	at org.apache.hadoop.fs.FileSystem.create(FileSystem.java:1098)
	at org.apache.hadoop.fs.FileSystem.create(FileSystem.java:987)
	at org.apache.hadoop.fs.contract.ContractTestUtils.createFile(ContractTestUtils.java:633)
	at org.apache.hadoop.fs.contract.ContractTestUtils.touch(ContractTestUtils.java:669)
	at org.apache.hadoop.fs.ozone.TestOzoneFileSystem.testListStatusOnSubDirs(TestOzoneFileSystem.java:251)
	at sun.reflect.NativeMethodAccessorImpl.invoke0(Native Method)
	at sun.reflect.NativeMethodAccessorImpl.invoke(NativeMethodAccessorImpl.java:62)
	at sun.reflect.DelegatingMethodAccessorImpl.invoke(DelegatingMethodAccessorImpl.java:43)
	at java.lang.reflect.Method.invoke(Method.java:498)
	at org.junit.runners.model.FrameworkMethod$1.runReflectiveCall(FrameworkMethod.java:47)
	at org.junit.internal.runners.model.ReflectiveCallable.run(ReflectiveCallable.java:12)
	at org.junit.runners.model.FrameworkMethod.invokeExplosively(FrameworkMethod.java:44)
	at org.junit.internal.runners.statements.InvokeMethod.evaluate(InvokeMethod.java:17)
	at org.junit.internal.runners.statements.RunBefores.evaluate(RunBefores.java:26)
	at org.junit.internal.runners.statements.RunAfters.evaluate(RunAfters.java:27)
	at org.junit.internal.runners.statements.FailOnTimeout$StatementThread.run(FailOnTimeout.java:74)
</error>
    <system-out><![CDATA[2019-09-25 07:19:02,058 [Thread-543] WARN  server.ServerUtils (ServerUtils.java:getScmDbDir(145)) - ozone.scm.db.dirs is not configured. We recommend adding this setting. Falling back to ozone.metadata.dirs instead.
2019-09-25 07:19:02,073 [Thread-543] WARN  server.ServerUtils (ServerUtils.java:getScmDbDir(145)) - ozone.scm.db.dirs is not configured. We recommend adding this setting. Falling back to ozone.metadata.dirs instead.
2019-09-25 07:19:02,074 [Thread-543] WARN  server.ServerUtils (ServerUtils.java:getScmDbDir(145)) - ozone.scm.db.dirs is not configured. We recommend adding this setting. Falling back to ozone.metadata.dirs instead.
2019-09-25 07:19:02,074 [Thread-543] INFO  db.DBStoreBuilder (DBStoreBuilder.java:addTable(110)) - using custom profile for table: deletedBlocks
2019-09-25 07:19:02,075 [Thread-543] INFO  db.DBStoreBuilder (DBStoreBuilder.java:processTables(161)) - Using default column profile:DBProfile.DISK for Table:deletedBlocks
2019-09-25 07:19:02,075 [Thread-543] INFO  db.DBStoreBuilder (DBStoreBuilder.java:addTable(110)) - using custom profile for table: validCerts
2019-09-25 07:19:02,075 [Thread-543] INFO  db.DBStoreBuilder (DBStoreBuilder.java:processTables(161)) - Using default column profile:DBProfile.DISK for Table:validCerts
2019-09-25 07:19:02,076 [Thread-543] INFO  db.DBStoreBuilder (DBStoreBuilder.java:addTable(110)) - using custom profile for table: revokedCerts
2019-09-25 07:19:02,076 [Thread-543] INFO  db.DBStoreBuilder (DBStoreBuilder.java:processTables(161)) - Using default column profile:DBProfile.DISK for Table:revokedCerts
2019-09-25 07:19:02,076 [Thread-543] INFO  db.DBStoreBuilder (DBStoreBuilder.java:addTable(110)) - using custom profile for table: default
2019-09-25 07:19:02,076 [Thread-543] INFO  db.DBStoreBuilder (DBStoreBuilder.java:processTables(167)) - Using default column profile:DBProfile.DISK for Table:default
2019-09-25 07:19:02,076 [Thread-543] INFO  db.DBStoreBuilder (DBStoreBuilder.java:getDbProfile(198)) - Using default options. DBProfile.DISK
2019-09-25 07:19:02,306 [Thread-543] INFO  net.NodeSchemaLoader (NodeSchemaLoader.java:loadSchemaFromFile(125)) - Loading file from sun.misc.CompoundEnumeration@1cbff064
2019-09-25 07:19:02,306 [Thread-543] INFO  net.NodeSchemaLoader (NodeSchemaLoader.java:loadSchema(171)) - Loading network topology layer schema file
2019-09-25 07:19:02,312 [Thread-543] WARN  server.ServerUtils (ServerUtils.java:sanitizeUserArgs(70)) - ozone.scm.stale.node.interval value = 300000 is larger than max = 100000 based on the key value of ozone.scm.heartbeat.thread.interval, reset to the max value 100000.
2019-09-25 07:19:02,313 [Thread-543] WARN  server.ServerUtils (ServerUtils.java:sanitizeUserArgs(70)) - ozone.scm.stale.node.interval value = 300000 is larger than max = 100000 based on the key value of ozone.scm.heartbeat.thread.interval, reset to the max value 100000.
2019-09-25 07:19:02,313 [Thread-543] INFO  node.SCMNodeManager (SCMNodeManager.java:<init>(114)) - Entering startup safe mode.
2019-09-25 07:19:02,314 [Thread-543] INFO  algorithms.ContainerPlacementPolicyFactory (ContainerPlacementPolicyFactory.java:getPolicy(59)) - Create container placement policy of type org.apache.hadoop.hdds.scm.container.placement.algorithms.SCMContainerPlacementRandom
2019-09-25 07:19:02,315 [Thread-543] WARN  server.ServerUtils (ServerUtils.java:getScmDbDir(145)) - ozone.scm.db.dirs is not configured. We recommend adding this setting. Falling back to ozone.metadata.dirs instead.
2019-09-25 07:19:02,365 [Thread-543] INFO  pipeline.SCMPipelineManager (SCMPipelineManager.java:initializePipelineState(132)) - No pipeline exists in current db
2019-09-25 07:19:02,366 [Thread-543] WARN  server.ServerUtils (ServerUtils.java:getScmDbDir(145)) - ozone.scm.db.dirs is not configured. We recommend adding this setting. Falling back to ozone.metadata.dirs instead.
2019-09-25 07:19:02,471 [Thread-543] WARN  events.EventQueue (EventQueue.java:fireEvent(183)) - No event handler registered for event TypedEvent{payloadType=SafeModeStatus, name='SafeModeStatus'}
2019-09-25 07:19:02,473 [Thread-543] INFO  ipc.CallQueueManager (CallQueueManager.java:<init>(84)) - Using callQueue: class java.util.concurrent.LinkedBlockingQueue, queueCapacity: 2000, scheduler: class org.apache.hadoop.ipc.DefaultRpcScheduler, ipcBackoff: false.
2019-09-25 07:19:02,474 [Socket Reader #1 for port 43360] INFO  ipc.Server (Server.java:run(1074)) - Starting Socket Reader #1 for port 43360
2019-09-25 07:19:02,477 [Thread-543] INFO  ipc.CallQueueManager (CallQueueManager.java:<init>(84)) - Using callQueue: class java.util.concurrent.LinkedBlockingQueue, queueCapacity: 2000, scheduler: class org.apache.hadoop.ipc.DefaultRpcScheduler, ipcBackoff: false.
2019-09-25 07:19:02,478 [Socket Reader #1 for port 45871] INFO  ipc.Server (Server.java:run(1074)) - Starting Socket Reader #1 for port 45871
2019-09-25 07:19:02,480 [Thread-543] INFO  ipc.CallQueueManager (CallQueueManager.java:<init>(84)) - Using callQueue: class java.util.concurrent.LinkedBlockingQueue, queueCapacity: 2000, scheduler: class org.apache.hadoop.ipc.DefaultRpcScheduler, ipcBackoff: false.
2019-09-25 07:19:02,480 [Socket Reader #1 for port 44168] INFO  ipc.Server (Server.java:run(1074)) - Starting Socket Reader #1 for port 44168
2019-09-25 07:19:02,483 [Thread-543] INFO  hdfs.DFSUtil (DFSUtil.java:httpServerTemplateForNNAndJN(1641)) - Starting Web-server for scm at: http://0.0.0.0:0
2019-09-25 07:19:02,487 [Thread-543] INFO  server.AuthenticationFilter (AuthenticationFilter.java:constructSecretProvider(240)) - Unable to initialize FileSignerSecretProvider, falling back to use random secrets.
2019-09-25 07:19:02,488 [Thread-543] WARN  http.HttpRequestLog (HttpRequestLog.java:getRequestLog(97)) - Jetty request log can only be enabled using Log4j
2019-09-25 07:19:02,492 [Thread-543] INFO  http.HttpServer2 (HttpServer2.java:addGlobalFilter(975)) - Added global filter 'safety' (class=org.apache.hadoop.http.HttpServer2$QuotingInputFilter)
2019-09-25 07:19:02,493 [Thread-543] INFO  http.HttpServer2 (HttpServer2.java:addFilter(948)) - Added filter static_user_filter (class=org.apache.hadoop.http.lib.StaticUserWebFilter$StaticUserFilter) to context scm
2019-09-25 07:19:02,493 [Thread-543] INFO  http.HttpServer2 (HttpServer2.java:addFilter(958)) - Added filter static_user_filter (class=org.apache.hadoop.http.lib.StaticUserWebFilter$StaticUserFilter) to context logs
2019-09-25 07:19:02,493 [Thread-543] INFO  http.HttpServer2 (HttpServer2.java:addFilter(958)) - Added filter static_user_filter (class=org.apache.hadoop.http.lib.StaticUserWebFilter$StaticUserFilter) to context static
2019-09-25 07:19:02,496 [Thread-543] INFO  server.StorageContainerManager (StorageContainerManager.java:start(770)) - StorageContainerLocationProtocol RPC server is listening at /0.0.0.0:44168
2019-09-25 07:19:02,499 [Thread-543] WARN  impl.MetricsConfig (MetricsConfig.java:loadFirst(134)) - Cannot locate configuration: tried hadoop-metrics2-storagecontainermanager.properties,hadoop-metrics2.properties
2019-09-25 07:19:02,501 [Thread-543] INFO  impl.MetricsSystemImpl (MetricsSystemImpl.java:startTimer(374)) - Scheduled Metric snapshot period at 10 second(s).
2019-09-25 07:19:02,501 [Thread-543] INFO  impl.MetricsSystemImpl (MetricsSystemImpl.java:start(191)) - StorageContainerManager metrics system started
2019-09-25 07:19:02,548 [Thread-543] WARN  impl.MetricsSystemImpl (MetricsSystemImpl.java:register(276)) - Sink prometheus already exists!
2019-09-25 07:19:02,554 [Thread-543] INFO  server.SCMClientProtocolServer (SCMClientProtocolServer.java:start(151)) - RPC server for Client  is listening at /0.0.0.0:44168
2019-09-25 07:19:02,555 [IPC Server Responder] INFO  ipc.Server (Server.java:run(1314)) - IPC Server Responder: starting
2019-09-25 07:19:02,555 [IPC Server listener on 44168] INFO  ipc.Server (Server.java:run(1153)) - IPC Server listener on 44168: starting
2019-09-25 07:19:02,560 [Thread-543] INFO  server.StorageContainerManager (StorageContainerManager.java:start(780)) - ScmBlockLocationProtocol RPC server is listening at /0.0.0.0:45871
2019-09-25 07:19:02,561 [Thread-543] INFO  server.SCMBlockProtocolServer (SCMBlockProtocolServer.java:start(146)) - RPC server for Block Protocol is listening at /0.0.0.0:45871
2019-09-25 07:19:02,561 [IPC Server Responder] INFO  ipc.Server (Server.java:run(1314)) - IPC Server Responder: starting
2019-09-25 07:19:02,561 [IPC Server listener on 45871] INFO  ipc.Server (Server.java:run(1153)) - IPC Server listener on 45871: starting
2019-09-25 07:19:02,566 [Thread-543] INFO  server.StorageContainerManager (StorageContainerManager.java:start(784)) - ScmDatanodeProtocl RPC server is listening at /0.0.0.0:43360
2019-09-25 07:19:02,566 [Thread-543] INFO  server.SCMDatanodeProtocolServer (SCMDatanodeProtocolServer.java:start(191)) - RPC server for DataNodes is listening at /0.0.0.0:43360
2019-09-25 07:19:02,567 [IPC Server Responder] INFO  ipc.Server (Server.java:run(1314)) - IPC Server Responder: starting
2019-09-25 07:19:02,567 [IPC Server listener on 43360] INFO  ipc.Server (Server.java:run(1153)) - IPC Server listener on 43360: starting
2019-09-25 07:19:02,572 [Thread-543] INFO  http.HttpServer2 (HttpServer2.java:bindListener(1191)) - Jetty bound to port 38350
2019-09-25 07:19:02,572 [Thread-543] INFO  server.Server (Server.java:doStart(351)) - jetty-9.3.25.v20180904, build timestamp: 2018-09-04T21:11:46Z, git hash: 3ce520221d0240229c862b122d2b06c12a625732
2019-09-25 07:19:02,574 [Thread-543] INFO  handler.ContextHandler (ContextHandler.java:doStart(781)) - Started o.e.j.s.ServletContextHandler@76f47547{/logs,file:///workdir/hadoop-ozone/ozonefs/target/log,AVAILABLE}
2019-09-25 07:19:02,575 [Thread-543] INFO  handler.ContextHandler (ContextHandler.java:doStart(781)) - Started o.e.j.s.ServletContextHandler@78aeaa79{/static,jar:file:/home/user/.m2/repository/org/apache/hadoop/hadoop-hdds-server-scm/0.5.0-SNAPSHOT/hadoop-hdds-server-scm-0.5.0-SNAPSHOT.jar!/webapps/static,AVAILABLE}
2019-09-25 07:19:02,630 [Thread-543] INFO  handler.ContextHandler (ContextHandler.java:doStart(781)) - Started o.e.j.w.WebAppContext@712d3cd{/,file:///tmp/jetty-0.0.0.0-38350-scm-_-any-4266394309471321818.dir/webapp/,AVAILABLE}{/scm}
2019-09-25 07:19:02,631 [Thread-543] INFO  server.AbstractConnector (AbstractConnector.java:doStart(278)) - Started ServerConnector@e5e8712{HTTP/1.1,[http/1.1]}{0.0.0.0:38350}
2019-09-25 07:19:02,632 [Thread-543] INFO  server.Server (Server.java:doStart(419)) - Started @40152ms
2019-09-25 07:19:02,632 [Thread-543] WARN  impl.MetricsSystemImpl (MetricsSystemImpl.java:register(276)) - Sink prometheus already exists!
2019-09-25 07:19:02,632 [Thread-543] INFO  server.BaseHttpServer (BaseHttpServer.java:updateConnectorAddress(215)) - HTTP server of SCM is listening at http://0.0.0.0:38350
2019-09-25 07:19:02,633 [Thread-543] WARN  server.ServerUtils (ServerUtils.java:getDBPath(222)) - ozone.om.db.dirs is not configured. We recommend adding this setting. Falling back to ozone.metadata.dirs instead.
2019-09-25 07:19:02,633 [org.apache.hadoop.util.JvmPauseMonitor$Monitor@7cb3754a] INFO  util.JvmPauseMonitor (JvmPauseMonitor.java:run(188)) - Starting JVM pause monitor
2019-09-25 07:19:02,657 [Thread-543] WARN  server.ServerUtils (ServerUtils.java:getDBPath(222)) - ozone.om.db.dirs is not configured. We recommend adding this setting. Falling back to ozone.metadata.dirs instead.
2019-09-25 07:19:02,658 [Thread-543] WARN  server.ServerUtils (ServerUtils.java:getDBPath(222)) - ozone.om.db.dirs is not configured. We recommend adding this setting. Falling back to ozone.metadata.dirs instead.
2019-09-25 07:19:02,658 [Thread-543] INFO  om.OzoneManager (OzoneManager.java:setOMNodeDetails(652)) - OM Service ID is not set. Setting it to the default ID: omServiceIdDefault
2019-09-25 07:19:02,658 [Thread-543] INFO  om.OzoneManager (OzoneManager.java:setOMNodeDetails(658)) - OM Node ID is not set. Setting it to the OmStorage's OmID: 9a81629b-564f-4d44-bcf4-2074b1e3a040
2019-09-25 07:19:02,659 [Thread-543] INFO  om.OzoneManager (OzoneManager.java:loadOMHAConfigs(609)) - Found matching OM address with OMServiceId: null, OMNodeId: null, RPC Address: localhost:0 and Ratis port: 9872
2019-09-25 07:19:02,667 [Thread-543] WARN  server.ServerUtils (ServerUtils.java:getDBPath(222)) - ozone.om.db.dirs is not configured. We recommend adding this setting. Falling back to ozone.metadata.dirs instead.
2019-09-25 07:19:02,667 [Thread-543] INFO  db.DBStoreBuilder (DBStoreBuilder.java:addTable(110)) - using custom profile for table: userTable
2019-09-25 07:19:02,668 [Thread-543] INFO  db.DBStoreBuilder (DBStoreBuilder.java:processTables(161)) - Using default column profile:DBProfile.DISK for Table:userTable
2019-09-25 07:19:02,668 [Thread-543] INFO  db.DBStoreBuilder (DBStoreBuilder.java:addTable(110)) - using custom profile for table: volumeTable
2019-09-25 07:19:02,668 [Thread-543] INFO  db.DBStoreBuilder (DBStoreBuilder.java:processTables(161)) - Using default column profile:DBProfile.DISK for Table:volumeTable
2019-09-25 07:19:02,668 [Thread-543] INFO  db.DBStoreBuilder (DBStoreBuilder.java:addTable(110)) - using custom profile for table: bucketTable
2019-09-25 07:19:02,668 [Thread-543] INFO  db.DBStoreBuilder (DBStoreBuilder.java:processTables(161)) - Using default column profile:DBProfile.DISK for Table:bucketTable
2019-09-25 07:19:02,668 [Thread-543] INFO  db.DBStoreBuilder (DBStoreBuilder.java:addTable(110)) - using custom profile for table: keyTable
2019-09-25 07:19:02,668 [Thread-543] INFO  db.DBStoreBuilder (DBStoreBuilder.java:processTables(161)) - Using default column profile:DBProfile.DISK for Table:keyTable
2019-09-25 07:19:02,668 [Thread-543] INFO  db.DBStoreBuilder (DBStoreBuilder.java:addTable(110)) - using custom profile for table: deletedTable
2019-09-25 07:19:02,669 [Thread-543] INFO  db.DBStoreBuilder (DBStoreBuilder.java:processTables(161)) - Using default column profile:DBProfile.DISK for Table:deletedTable
2019-09-25 07:19:02,669 [Thread-543] INFO  db.DBStoreBuilder (DBStoreBuilder.java:addTable(110)) - using custom profile for table: openKeyTable
2019-09-25 07:19:02,669 [Thread-543] INFO  db.DBStoreBuilder (DBStoreBuilder.java:processTables(161)) - Using default column profile:DBProfile.DISK for Table:openKeyTable
2019-09-25 07:19:02,669 [Thread-543] INFO  db.DBStoreBuilder (DBStoreBuilder.java:addTable(110)) - using custom profile for table: s3Table
2019-09-25 07:19:02,669 [Thread-543] INFO  db.DBStoreBuilder (DBStoreBuilder.java:processTables(161)) - Using default column profile:DBProfile.DISK for Table:s3Table
2019-09-25 07:19:02,669 [Thread-543] INFO  db.DBStoreBuilder (DBStoreBuilder.java:addTable(110)) - using custom profile for table: multipartInfoTable
2019-09-25 07:19:02,669 [Thread-543] INFO  db.DBStoreBuilder (DBStoreBuilder.java:processTables(161)) - Using default column profile:DBProfile.DISK for Table:multipartInfoTable
2019-09-25 07:19:02,669 [Thread-543] INFO  db.DBStoreBuilder (DBStoreBuilder.java:addTable(110)) - using custom profile for table: dTokenTable
2019-09-25 07:19:02,670 [Thread-543] INFO  db.DBStoreBuilder (DBStoreBuilder.java:processTables(161)) - Using default column profile:DBProfile.DISK for Table:dTokenTable
2019-09-25 07:19:02,670 [Thread-543] INFO  db.DBStoreBuilder (DBStoreBuilder.java:addTable(110)) - using custom profile for table: s3SecretTable
2019-09-25 07:19:02,670 [Thread-543] INFO  db.DBStoreBuilder (DBStoreBuilder.java:processTables(161)) - Using default column profile:DBProfile.DISK for Table:s3SecretTable
2019-09-25 07:19:02,670 [Thread-543] INFO  db.DBStoreBuilder (DBStoreBuilder.java:addTable(110)) - using custom profile for table: prefixTable
2019-09-25 07:19:02,670 [Thread-543] INFO  db.DBStoreBuilder (DBStoreBuilder.java:processTables(161)) - Using default column profile:DBProfile.DISK for Table:prefixTable
2019-09-25 07:19:02,670 [Thread-543] INFO  db.DBStoreBuilder (DBStoreBuilder.java:addTable(110)) - using custom profile for table: default
2019-09-25 07:19:02,670 [Thread-543] INFO  db.DBStoreBuilder (DBStoreBuilder.java:processTables(167)) - Using default column profile:DBProfile.DISK for Table:default
2019-09-25 07:19:02,670 [Thread-543] INFO  db.DBStoreBuilder (DBStoreBuilder.java:getDbProfile(198)) - Using default options. DBProfile.DISK
2019-09-25 07:19:03,284 [Thread-543] INFO  ipc.CallQueueManager (CallQueueManager.java:<init>(84)) - Using callQueue: class java.util.concurrent.LinkedBlockingQueue, queueCapacity: 2000, scheduler: class org.apache.hadoop.ipc.DefaultRpcScheduler, ipcBackoff: false.
2019-09-25 07:19:03,285 [Socket Reader #1 for port 46593] INFO  ipc.Server (Server.java:run(1074)) - Starting Socket Reader #1 for port 46593
2019-09-25 07:19:03,313 [Thread-543] INFO  om.OzoneManager (OzoneManager.java:start(1243)) - OzoneManager RPC server is listening at localhost/127.0.0.1:46593
2019-09-25 07:19:03,314 [Thread-543] INFO  impl.MetricsSystemImpl (MetricsSystemImpl.java:init(158)) - OzoneManager metrics system started (again)
2019-09-25 07:19:03,314 [IPC Server Responder] INFO  ipc.Server (Server.java:run(1314)) - IPC Server Responder: starting
2019-09-25 07:19:03,315 [IPC Server listener on 46593] INFO  ipc.Server (Server.java:run(1153)) - IPC Server listener on 46593: starting
2019-09-25 07:19:03,320 [Thread-543] INFO  hdfs.DFSUtil (DFSUtil.java:httpServerTemplateForNNAndJN(1641)) - Starting Web-server for ozoneManager at: http://0.0.0.0:0
2019-09-25 07:19:03,323 [Thread-543] INFO  server.AuthenticationFilter (AuthenticationFilter.java:constructSecretProvider(240)) - Unable to initialize FileSignerSecretProvider, falling back to use random secrets.
2019-09-25 07:19:03,323 [Thread-543] WARN  http.HttpRequestLog (HttpRequestLog.java:getRequestLog(97)) - Jetty request log can only be enabled using Log4j
2019-09-25 07:19:03,325 [Thread-543] INFO  http.HttpServer2 (HttpServer2.java:addGlobalFilter(975)) - Added global filter 'safety' (class=org.apache.hadoop.http.HttpServer2$QuotingInputFilter)
2019-09-25 07:19:03,326 [Thread-543] INFO  http.HttpServer2 (HttpServer2.java:addFilter(948)) - Added filter static_user_filter (class=org.apache.hadoop.http.lib.StaticUserWebFilter$StaticUserFilter) to context ozoneManager
2019-09-25 07:19:03,326 [Thread-543] INFO  http.HttpServer2 (HttpServer2.java:addFilter(958)) - Added filter static_user_filter (class=org.apache.hadoop.http.lib.StaticUserWebFilter$StaticUserFilter) to context logs
2019-09-25 07:19:03,326 [Thread-543] INFO  http.HttpServer2 (HttpServer2.java:addFilter(958)) - Added filter static_user_filter (class=org.apache.hadoop.http.lib.StaticUserWebFilter$StaticUserFilter) to context static
2019-09-25 07:19:03,327 [Thread-543] INFO  http.HttpServer2 (HttpServer2.java:bindListener(1191)) - Jetty bound to port 39369
2019-09-25 07:19:03,327 [Thread-543] INFO  server.Server (Server.java:doStart(351)) - jetty-9.3.25.v20180904, build timestamp: 2018-09-04T21:11:46Z, git hash: 3ce520221d0240229c862b122d2b06c12a625732
2019-09-25 07:19:03,329 [Thread-543] INFO  handler.ContextHandler (ContextHandler.java:doStart(781)) - Started o.e.j.s.ServletContextHandler@52c4b056{/logs,file:///workdir/hadoop-ozone/ozonefs/target/log,AVAILABLE}
2019-09-25 07:19:03,329 [Thread-543] INFO  handler.ContextHandler (ContextHandler.java:doStart(781)) - Started o.e.j.s.ServletContextHandler@403b3107{/static,jar:file:/home/user/.m2/repository/org/apache/hadoop/hadoop-ozone-ozone-manager/0.5.0-SNAPSHOT/hadoop-ozone-ozone-manager-0.5.0-SNAPSHOT.jar!/webapps/static,AVAILABLE}
2019-09-25 07:19:03,375 [Thread-543] INFO  handler.ContextHandler (ContextHandler.java:doStart(781)) - Started o.e.j.w.WebAppContext@60811475{/,file:///tmp/jetty-0.0.0.0-39369-ozoneManager-_-any-8906678597020147112.dir/webapp/,AVAILABLE}{/ozoneManager}
2019-09-25 07:19:03,375 [Thread-543] INFO  server.AbstractConnector (AbstractConnector.java:doStart(278)) - Started ServerConnector@27acad65{HTTP/1.1,[http/1.1]}{0.0.0.0:39369}
2019-09-25 07:19:03,377 [Thread-543] INFO  server.Server (Server.java:doStart(419)) - Started @40897ms
2019-09-25 07:19:03,377 [Thread-543] WARN  impl.MetricsSystemImpl (MetricsSystemImpl.java:register(276)) - Sink prometheus already exists!
2019-09-25 07:19:03,378 [Thread-543] INFO  server.BaseHttpServer (BaseHttpServer.java:updateConnectorAddress(215)) - HTTP server of OZONEMANAGER is listening at http://0.0.0.0:39369
2019-09-25 07:19:03,391 [Thread-543] INFO  impl.MetricsSystemImpl (MetricsSystemImpl.java:init(158)) - HddsDatanode metrics system started (again)
2019-09-25 07:19:03,395 [Thread-543] INFO  ozone.HddsDatanodeService (HddsDatanodeService.java:start(184)) - HddsDatanodeService host:pr-hdds-1569-s62bp-3040748787 ip:192.168.30.10
2019-09-25 07:19:03,403 [Thread-543] INFO  volume.HddsVolume (HddsVolume.java:<init>(176)) - Creating Volume: /workdir/hadoop-ozone/ozonefs/target/test-dir/MiniOzoneClusterImpl-53079864-2865-418d-b675-7621d58e8da0/datanode-0/data/containers/hdds of  storage type : DISK and capacity : 1482555576320
2019-09-25 07:19:03,405 [Thread-543] INFO  volume.VolumeSet (VolumeSet.java:initializeVolumeSet(170)) - Added Volume : /workdir/hadoop-ozone/ozonefs/target/test-dir/MiniOzoneClusterImpl-53079864-2865-418d-b675-7621d58e8da0/datanode-0/data/containers/hdds to VolumeSet
2019-09-25 07:19:03,406 [Thread-543] INFO  volume.ThrottledAsyncChecker (ThrottledAsyncChecker.java:schedule(139)) - Scheduling a check for org.apache.hadoop.ozone.container.common.volume.HddsVolume@29f0777a
2019-09-25 07:19:03,407 [Thread-543] INFO  volume.HddsVolumeChecker (HddsVolumeChecker.java:checkAllVolumes(202)) - Scheduled health check for volume org.apache.hadoop.ozone.container.common.volume.HddsVolume@29f0777a
2019-09-25 07:19:03,436 [Thread-543] INFO  impl.RaftServerProxy (ConfUtils.java:logGet(43)) - raft.rpc.type = GRPC (default)
2019-09-25 07:19:03,437 [Thread-543] INFO  grpc.GrpcFactory (GrpcFactory.java:checkPooledByteBufAllocatorUseCacheForAllThreads(45)) - PERFORMANCE WARNING: useCacheForAllThreads is true that may cause Netty to create a lot garbage objects and, as a result, trigger GC.
	It is recommended to disable useCacheForAllThreads by setting -Dorg.apache.ratis.thirdparty.io.netty.allocator.useCacheForAllThreads=false in command line.
2019-09-25 07:19:03,438 [Thread-543] INFO  grpc.GrpcConfigKeys$Server (ConfUtils.java:logGet(43)) - raft.grpc.server.port = 0 (default)
2019-09-25 07:19:03,439 [Thread-543] INFO  server.GrpcService (ConfUtils.java:logGet(43)) - raft.grpc.message.size.max = 33570816 (custom)
2019-09-25 07:19:03,439 [Thread-543] INFO  server.RaftServerConfigKeys (ConfUtils.java:logGet(43)) - raft.server.log.appender.buffer.byte-limit = 33554432 (custom)
2019-09-25 07:19:03,439 [Thread-543] INFO  server.GrpcService (ConfUtils.java:logGet(43)) - raft.grpc.flow.control.window = 1MB (=1048576) (default)
2019-09-25 07:19:03,440 [Thread-543] INFO  server.RaftServerConfigKeys (ConfUtils.java:logGet(43)) - raft.server.rpc.request.timeout = 3000ms (default)
2019-09-25 07:19:03,440 [Thread-543] INFO  server.RaftServerConfigKeys (ConfUtils.java:logGet(43)) - raft.server.storage.dir = [/workdir/hadoop-ozone/ozonefs/target/test-dir/MiniOzoneClusterImpl-53079864-2865-418d-b675-7621d58e8da0/datanode-0/data/ratis] (custom)
2019-09-25 07:19:03,442 [Thread-543] INFO  hdfs.DFSUtil (DFSUtil.java:httpServerTemplateForNNAndJN(1641)) - Starting Web-server for hddsDatanode at: http://0.0.0.0:0
2019-09-25 07:19:03,445 [Thread-543] INFO  server.AuthenticationFilter (AuthenticationFilter.java:constructSecretProvider(240)) - Unable to initialize FileSignerSecretProvider, falling back to use random secrets.
2019-09-25 07:19:03,445 [Thread-543] WARN  http.HttpRequestLog (HttpRequestLog.java:getRequestLog(97)) - Jetty request log can only be enabled using Log4j
2019-09-25 07:19:03,448 [Thread-543] INFO  http.HttpServer2 (HttpServer2.java:addGlobalFilter(975)) - Added global filter 'safety' (class=org.apache.hadoop.http.HttpServer2$QuotingInputFilter)
2019-09-25 07:19:03,449 [Thread-543] INFO  http.HttpServer2 (HttpServer2.java:addFilter(948)) - Added filter static_user_filter (class=org.apache.hadoop.http.lib.StaticUserWebFilter$StaticUserFilter) to context hddsDatanode
2019-09-25 07:19:03,449 [Thread-543] INFO  http.HttpServer2 (HttpServer2.java:addFilter(958)) - Added filter static_user_filter (class=org.apache.hadoop.http.lib.StaticUserWebFilter$StaticUserFilter) to context logs
2019-09-25 07:19:03,449 [Thread-543] INFO  http.HttpServer2 (HttpServer2.java:addFilter(958)) - Added filter static_user_filter (class=org.apache.hadoop.http.lib.StaticUserWebFilter$StaticUserFilter) to context static
2019-09-25 07:19:03,450 [Thread-543] INFO  http.HttpServer2 (HttpServer2.java:bindListener(1191)) - Jetty bound to port 42556
2019-09-25 07:19:03,451 [Thread-543] INFO  server.Server (Server.java:doStart(351)) - jetty-9.3.25.v20180904, build timestamp: 2018-09-04T21:11:46Z, git hash: 3ce520221d0240229c862b122d2b06c12a625732
2019-09-25 07:19:03,453 [Thread-543] INFO  handler.ContextHandler (ContextHandler.java:doStart(781)) - Started o.e.j.s.ServletContextHandler@41ee371d{/logs,file:///workdir/hadoop-ozone/ozonefs/target/log,AVAILABLE}
2019-09-25 07:19:03,453 [Thread-543] INFO  handler.ContextHandler (ContextHandler.java:doStart(781)) - Started o.e.j.s.ServletContextHandler@31b0fec9{/static,jar:file:/home/user/.m2/repository/org/apache/hadoop/hadoop-hdds-container-service/0.5.0-SNAPSHOT/hadoop-hdds-container-service-0.5.0-SNAPSHOT.jar!/webapps/static,AVAILABLE}
2019-09-25 07:19:03,491 [Thread-543] INFO  handler.ContextHandler (ContextHandler.java:doStart(781)) - Started o.e.j.w.WebAppContext@188dcdde{/,file:///tmp/jetty-0.0.0.0-42556-hddsDatanode-_-any-124444630845477255.dir/webapp/,AVAILABLE}{/hddsDatanode}
2019-09-25 07:19:03,492 [Thread-543] INFO  server.AbstractConnector (AbstractConnector.java:doStart(278)) - Started ServerConnector@130b8feb{HTTP/1.1,[http/1.1]}{0.0.0.0:42556}
2019-09-25 07:19:03,493 [Thread-543] INFO  server.Server (Server.java:doStart(419)) - Started @41013ms
2019-09-25 07:19:03,493 [Thread-543] WARN  impl.MetricsSystemImpl (MetricsSystemImpl.java:register(276)) - Sink prometheus already exists!
2019-09-25 07:19:03,494 [Thread-543] INFO  server.BaseHttpServer (BaseHttpServer.java:updateConnectorAddress(215)) - HTTP server of HDDSDATANODE is listening at http://0.0.0.0:42556
2019-09-25 07:19:03,494 [Thread-543] INFO  impl.MetricsSystemImpl (MetricsSystemImpl.java:init(158)) - HddsDatanode metrics system started (again)
2019-09-25 07:19:03,499 [Thread-543] INFO  ozone.HddsDatanodeService (HddsDatanodeService.java:start(184)) - HddsDatanodeService host:pr-hdds-1569-s62bp-3040748787 ip:192.168.30.10
2019-09-25 07:19:03,499 [org.apache.hadoop.util.JvmPauseMonitor$Monitor@5220d3cd] INFO  util.JvmPauseMonitor (JvmPauseMonitor.java:run(188)) - Starting JVM pause monitor
2019-09-25 07:19:03,501 [Datanode State Machine Thread - 0] INFO  datanode.InitDatanodeState (InitDatanodeState.java:persistContainerDatanodeDetails(140)) - DatanodeDetails is persisted to /workdir/hadoop-ozone/ozonefs/target/test-dir/MiniOzoneClusterImpl-53079864-2865-418d-b675-7621d58e8da0/datanode-0/meta/datanode.id
2019-09-25 07:19:03,505 [Thread-543] INFO  volume.HddsVolume (HddsVolume.java:<init>(176)) - Creating Volume: /workdir/hadoop-ozone/ozonefs/target/test-dir/MiniOzoneClusterImpl-53079864-2865-418d-b675-7621d58e8da0/datanode-1/data/containers/hdds of  storage type : DISK and capacity : 1482555576320
2019-09-25 07:19:03,505 [Thread-543] INFO  volume.VolumeSet (VolumeSet.java:initializeVolumeSet(170)) - Added Volume : /workdir/hadoop-ozone/ozonefs/target/test-dir/MiniOzoneClusterImpl-53079864-2865-418d-b675-7621d58e8da0/datanode-1/data/containers/hdds to VolumeSet
2019-09-25 07:19:03,505 [Thread-543] INFO  volume.ThrottledAsyncChecker (ThrottledAsyncChecker.java:schedule(139)) - Scheduling a check for org.apache.hadoop.ozone.container.common.volume.HddsVolume@121f9f6
2019-09-25 07:19:03,506 [Thread-543] INFO  volume.HddsVolumeChecker (HddsVolumeChecker.java:checkAllVolumes(202)) - Scheduled health check for volume org.apache.hadoop.ozone.container.common.volume.HddsVolume@121f9f6
2019-09-25 07:19:03,529 [Thread-543] INFO  impl.RaftServerProxy (ConfUtils.java:logGet(43)) - raft.rpc.type = GRPC (default)
2019-09-25 07:19:03,529 [Thread-543] INFO  grpc.GrpcFactory (GrpcFactory.java:checkPooledByteBufAllocatorUseCacheForAllThreads(45)) - PERFORMANCE WARNING: useCacheForAllThreads is true that may cause Netty to create a lot garbage objects and, as a result, trigger GC.
	It is recommended to disable useCacheForAllThreads by setting -Dorg.apache.ratis.thirdparty.io.netty.allocator.useCacheForAllThreads=false in command line.
2019-09-25 07:19:03,529 [Thread-543] INFO  grpc.GrpcConfigKeys$Server (ConfUtils.java:logGet(43)) - raft.grpc.server.port = 0 (default)
2019-09-25 07:19:03,530 [Thread-543] INFO  server.GrpcService (ConfUtils.java:logGet(43)) - raft.grpc.message.size.max = 33570816 (custom)
2019-09-25 07:19:03,530 [Thread-543] INFO  server.RaftServerConfigKeys (ConfUtils.java:logGet(43)) - raft.server.log.appender.buffer.byte-limit = 33554432 (custom)
2019-09-25 07:19:03,530 [Thread-543] INFO  server.GrpcService (ConfUtils.java:logGet(43)) - raft.grpc.flow.control.window = 1MB (=1048576) (default)
2019-09-25 07:19:03,530 [Thread-543] INFO  server.RaftServerConfigKeys (ConfUtils.java:logGet(43)) - raft.server.rpc.request.timeout = 3000ms (default)
2019-09-25 07:19:03,531 [Thread-543] INFO  server.RaftServerConfigKeys (ConfUtils.java:logGet(43)) - raft.server.storage.dir = [/workdir/hadoop-ozone/ozonefs/target/test-dir/MiniOzoneClusterImpl-53079864-2865-418d-b675-7621d58e8da0/datanode-1/data/ratis] (custom)
2019-09-25 07:19:03,532 [Thread-543] INFO  hdfs.DFSUtil (DFSUtil.java:httpServerTemplateForNNAndJN(1641)) - Starting Web-server for hddsDatanode at: http://0.0.0.0:0
2019-09-25 07:19:03,534 [Thread-543] INFO  server.AuthenticationFilter (AuthenticationFilter.java:constructSecretProvider(240)) - Unable to initialize FileSignerSecretProvider, falling back to use random secrets.
2019-09-25 07:19:03,535 [Thread-543] WARN  http.HttpRequestLog (HttpRequestLog.java:getRequestLog(97)) - Jetty request log can only be enabled using Log4j
2019-09-25 07:19:03,537 [Thread-543] INFO  http.HttpServer2 (HttpServer2.java:addGlobalFilter(975)) - Added global filter 'safety' (class=org.apache.hadoop.http.HttpServer2$QuotingInputFilter)
2019-09-25 07:19:03,537 [Thread-543] INFO  http.HttpServer2 (HttpServer2.java:addFilter(948)) - Added filter static_user_filter (class=org.apache.hadoop.http.lib.StaticUserWebFilter$StaticUserFilter) to context hddsDatanode
2019-09-25 07:19:03,537 [Thread-543] INFO  http.HttpServer2 (HttpServer2.java:addFilter(958)) - Added filter static_user_filter (class=org.apache.hadoop.http.lib.StaticUserWebFilter$StaticUserFilter) to context static
2019-09-25 07:19:03,538 [Thread-543] INFO  http.HttpServer2 (HttpServer2.java:addFilter(958)) - Added filter static_user_filter (class=org.apache.hadoop.http.lib.StaticUserWebFilter$StaticUserFilter) to context logs
2019-09-25 07:19:03,538 [Thread-543] INFO  http.HttpServer2 (HttpServer2.java:bindListener(1191)) - Jetty bound to port 41158
2019-09-25 07:19:03,538 [Thread-543] INFO  server.Server (Server.java:doStart(351)) - jetty-9.3.25.v20180904, build timestamp: 2018-09-04T21:11:46Z, git hash: 3ce520221d0240229c862b122d2b06c12a625732
2019-09-25 07:19:03,540 [Thread-543] INFO  handler.ContextHandler (ContextHandler.java:doStart(781)) - Started o.e.j.s.ServletContextHandler@13faab66{/logs,file:///workdir/hadoop-ozone/ozonefs/target/log,AVAILABLE}
2019-09-25 07:19:03,541 [Thread-543] INFO  handler.ContextHandler (ContextHandler.java:doStart(781)) - Started o.e.j.s.ServletContextHandler@617f9b3b{/static,jar:file:/home/user/.m2/repository/org/apache/hadoop/hadoop-hdds-container-service/0.5.0-SNAPSHOT/hadoop-hdds-container-service-0.5.0-SNAPSHOT.jar!/webapps/static,AVAILABLE}
2019-09-25 07:19:03,571 [Thread-543] INFO  handler.ContextHandler (ContextHandler.java:doStart(781)) - Started o.e.j.w.WebAppContext@41869447{/,file:///tmp/jetty-0.0.0.0-41158-hddsDatanode-_-any-5800253260594159687.dir/webapp/,AVAILABLE}{/hddsDatanode}
2019-09-25 07:19:03,572 [Thread-543] INFO  server.AbstractConnector (AbstractConnector.java:doStart(278)) - Started ServerConnector@635e9457{HTTP/1.1,[http/1.1]}{0.0.0.0:41158}
2019-09-25 07:19:03,573 [Thread-543] INFO  server.Server (Server.java:doStart(419)) - Started @41093ms
2019-09-25 07:19:03,573 [Thread-543] WARN  impl.MetricsSystemImpl (MetricsSystemImpl.java:register(276)) - Sink prometheus already exists!
2019-09-25 07:19:03,574 [Thread-543] INFO  server.BaseHttpServer (BaseHttpServer.java:updateConnectorAddress(215)) - HTTP server of HDDSDATANODE is listening at http://0.0.0.0:41158
2019-09-25 07:19:03,574 [Thread-543] INFO  impl.MetricsSystemImpl (MetricsSystemImpl.java:init(158)) - HddsDatanode metrics system started (again)
2019-09-25 07:19:03,579 [org.apache.hadoop.util.JvmPauseMonitor$Monitor@72da56] INFO  util.JvmPauseMonitor (JvmPauseMonitor.java:run(188)) - Starting JVM pause monitor
2019-09-25 07:19:03,579 [Thread-543] INFO  ozone.HddsDatanodeService (HddsDatanodeService.java:start(184)) - HddsDatanodeService host:pr-hdds-1569-s62bp-3040748787 ip:192.168.30.10
2019-09-25 07:19:03,586 [Datanode State Machine Thread - 0] INFO  datanode.InitDatanodeState (InitDatanodeState.java:persistContainerDatanodeDetails(140)) - DatanodeDetails is persisted to /workdir/hadoop-ozone/ozonefs/target/test-dir/MiniOzoneClusterImpl-53079864-2865-418d-b675-7621d58e8da0/datanode-1/meta/datanode.id
2019-09-25 07:19:03,592 [Thread-543] INFO  volume.HddsVolume (HddsVolume.java:<init>(176)) - Creating Volume: /workdir/hadoop-ozone/ozonefs/target/test-dir/MiniOzoneClusterImpl-53079864-2865-418d-b675-7621d58e8da0/datanode-2/data/containers/hdds of  storage type : DISK and capacity : 1482555576320
2019-09-25 07:19:03,592 [Thread-543] INFO  volume.VolumeSet (VolumeSet.java:initializeVolumeSet(170)) - Added Volume : /workdir/hadoop-ozone/ozonefs/target/test-dir/MiniOzoneClusterImpl-53079864-2865-418d-b675-7621d58e8da0/datanode-2/data/containers/hdds to VolumeSet
2019-09-25 07:19:03,592 [Thread-543] INFO  volume.ThrottledAsyncChecker (ThrottledAsyncChecker.java:schedule(139)) - Scheduling a check for org.apache.hadoop.ozone.container.common.volume.HddsVolume@4d9fb276
2019-09-25 07:19:03,593 [Thread-543] INFO  volume.HddsVolumeChecker (HddsVolumeChecker.java:checkAllVolumes(202)) - Scheduled health check for volume org.apache.hadoop.ozone.container.common.volume.HddsVolume@4d9fb276
2019-09-25 07:19:03,612 [Thread-543] INFO  impl.RaftServerProxy (ConfUtils.java:logGet(43)) - raft.rpc.type = GRPC (default)
2019-09-25 07:19:03,612 [Thread-543] INFO  grpc.GrpcFactory (GrpcFactory.java:checkPooledByteBufAllocatorUseCacheForAllThreads(45)) - PERFORMANCE WARNING: useCacheForAllThreads is true that may cause Netty to create a lot garbage objects and, as a result, trigger GC.
	It is recommended to disable useCacheForAllThreads by setting -Dorg.apache.ratis.thirdparty.io.netty.allocator.useCacheForAllThreads=false in command line.
2019-09-25 07:19:03,612 [Thread-543] INFO  grpc.GrpcConfigKeys$Server (ConfUtils.java:logGet(43)) - raft.grpc.server.port = 0 (default)
2019-09-25 07:19:03,612 [Thread-543] INFO  server.GrpcService (ConfUtils.java:logGet(43)) - raft.grpc.message.size.max = 33570816 (custom)
2019-09-25 07:19:03,613 [Thread-543] INFO  server.RaftServerConfigKeys (ConfUtils.java:logGet(43)) - raft.server.log.appender.buffer.byte-limit = 33554432 (custom)
2019-09-25 07:19:03,613 [Thread-543] INFO  server.GrpcService (ConfUtils.java:logGet(43)) - raft.grpc.flow.control.window = 1MB (=1048576) (default)
2019-09-25 07:19:03,613 [Thread-543] INFO  server.RaftServerConfigKeys (ConfUtils.java:logGet(43)) - raft.server.rpc.request.timeout = 3000ms (default)
2019-09-25 07:19:03,613 [Thread-543] INFO  server.RaftServerConfigKeys (ConfUtils.java:logGet(43)) - raft.server.storage.dir = [/workdir/hadoop-ozone/ozonefs/target/test-dir/MiniOzoneClusterImpl-53079864-2865-418d-b675-7621d58e8da0/datanode-2/data/ratis] (custom)
2019-09-25 07:19:03,615 [Thread-543] INFO  hdfs.DFSUtil (DFSUtil.java:httpServerTemplateForNNAndJN(1641)) - Starting Web-server for hddsDatanode at: http://0.0.0.0:0
2019-09-25 07:19:03,616 [Thread-543] INFO  server.AuthenticationFilter (AuthenticationFilter.java:constructSecretProvider(240)) - Unable to initialize FileSignerSecretProvider, falling back to use random secrets.
2019-09-25 07:19:03,616 [Thread-543] WARN  http.HttpRequestLog (HttpRequestLog.java:getRequestLog(97)) - Jetty request log can only be enabled using Log4j
2019-09-25 07:19:03,618 [Thread-543] INFO  http.HttpServer2 (HttpServer2.java:addGlobalFilter(975)) - Added global filter 'safety' (class=org.apache.hadoop.http.HttpServer2$QuotingInputFilter)
2019-09-25 07:19:03,619 [Thread-543] INFO  http.HttpServer2 (HttpServer2.java:addFilter(948)) - Added filter static_user_filter (class=org.apache.hadoop.http.lib.StaticUserWebFilter$StaticUserFilter) to context hddsDatanode
2019-09-25 07:19:03,619 [Thread-543] INFO  http.HttpServer2 (HttpServer2.java:addFilter(958)) - Added filter static_user_filter (class=org.apache.hadoop.http.lib.StaticUserWebFilter$StaticUserFilter) to context static
2019-09-25 07:19:03,619 [Thread-543] INFO  http.HttpServer2 (HttpServer2.java:addFilter(958)) - Added filter static_user_filter (class=org.apache.hadoop.http.lib.StaticUserWebFilter$StaticUserFilter) to context logs
2019-09-25 07:19:03,619 [Thread-543] INFO  http.HttpServer2 (HttpServer2.java:bindListener(1191)) - Jetty bound to port 33477
2019-09-25 07:19:03,620 [Thread-543] INFO  server.Server (Server.java:doStart(351)) - jetty-9.3.25.v20180904, build timestamp: 2018-09-04T21:11:46Z, git hash: 3ce520221d0240229c862b122d2b06c12a625732
2019-09-25 07:19:03,621 [Thread-543] INFO  handler.ContextHandler (ContextHandler.java:doStart(781)) - Started o.e.j.s.ServletContextHandler@4edb68c4{/logs,file:///workdir/hadoop-ozone/ozonefs/target/log,AVAILABLE}
2019-09-25 07:19:03,622 [Thread-543] INFO  handler.ContextHandler (ContextHandler.java:doStart(781)) - Started o.e.j.s.ServletContextHandler@745321f8{/static,jar:file:/home/user/.m2/repository/org/apache/hadoop/hadoop-hdds-container-service/0.5.0-SNAPSHOT/hadoop-hdds-container-service-0.5.0-SNAPSHOT.jar!/webapps/static,AVAILABLE}
2019-09-25 07:19:03,649 [Thread-543] INFO  handler.ContextHandler (ContextHandler.java:doStart(781)) - Started o.e.j.w.WebAppContext@4f20b7cf{/,file:///tmp/jetty-0.0.0.0-33477-hddsDatanode-_-any-4501071013816955625.dir/webapp/,AVAILABLE}{/hddsDatanode}
2019-09-25 07:19:03,649 [Thread-543] INFO  server.AbstractConnector (AbstractConnector.java:doStart(278)) - Started ServerConnector@643ae3c5{HTTP/1.1,[http/1.1]}{0.0.0.0:33477}
2019-09-25 07:19:03,651 [Thread-543] INFO  server.Server (Server.java:doStart(419)) - Started @41172ms
2019-09-25 07:19:03,651 [Thread-543] WARN  impl.MetricsSystemImpl (MetricsSystemImpl.java:register(276)) - Sink prometheus already exists!
2019-09-25 07:19:03,652 [Thread-543] INFO  server.BaseHttpServer (BaseHttpServer.java:updateConnectorAddress(215)) - HTTP server of HDDSDATANODE is listening at http://0.0.0.0:33477
2019-09-25 07:19:03,652 [Thread-543] INFO  ozone.MiniOzoneClusterImpl (MiniOzoneClusterImpl.java:lambda$waitForClusterToBeReady$0(147)) - Waiting for cluster to be ready. Got 0 of 3 DN Heartbeats.
2019-09-25 07:19:03,654 [org.apache.hadoop.util.JvmPauseMonitor$Monitor@314dd47a] INFO  util.JvmPauseMonitor (JvmPauseMonitor.java:run(188)) - Starting JVM pause monitor
2019-09-25 07:19:03,656 [Datanode State Machine Thread - 0] INFO  datanode.InitDatanodeState (InitDatanodeState.java:persistContainerDatanodeDetails(140)) - DatanodeDetails is persisted to /workdir/hadoop-ozone/ozonefs/target/test-dir/MiniOzoneClusterImpl-53079864-2865-418d-b675-7621d58e8da0/datanode-2/meta/datanode.id
2019-09-25 07:19:04,653 [Thread-543] INFO  ozone.MiniOzoneClusterImpl (MiniOzoneClusterImpl.java:lambda$waitForClusterToBeReady$0(147)) - Waiting for cluster to be ready. Got 0 of 3 DN Heartbeats.
2019-09-25 07:19:05,520 [Datanode State Machine Thread - 0] INFO  ozoneimpl.OzoneContainer (OzoneContainer.java:start(217)) - Attempting to start container services.
2019-09-25 07:19:05,521 [Datanode State Machine Thread - 0] INFO  ozoneimpl.OzoneContainer (OzoneContainer.java:startContainerScrub(179)) - Background container scanner has been disabled.
2019-09-25 07:19:05,521 [Datanode State Machine Thread - 0] INFO  ratis.XceiverServerRatis (XceiverServerRatis.java:start(411)) - Starting XceiverServerRatis 6948f379-f924-4722-ada9-494d6a32b245 at port 0
2019-09-25 07:19:05,528 [Datanode State Machine Thread - 0] INFO  impl.RaftServerProxy (RaftServerProxy.java:lambda$start$3(299)) - 6948f379-f924-4722-ada9-494d6a32b245: start RPC server
2019-09-25 07:19:05,531 [Datanode State Machine Thread - 0] INFO  server.GrpcService (GrpcService.java:startImpl(158)) - 6948f379-f924-4722-ada9-494d6a32b245: GrpcService started, listening on 0.0.0.0/0.0.0.0:34637
2019-09-25 07:19:05,531 [Datanode State Machine Thread - 0] INFO  ratis.XceiverServerRatis (XceiverServerRatis.java:start(421)) - XceiverServerRatis 6948f379-f924-4722-ada9-494d6a32b245 is started using port 34637
2019-09-25 07:19:05,532 [Datanode State Machine Thread - 0] INFO  server.XceiverServerGrpc (XceiverServerGrpc.java:start(149)) - XceiverServerGrpc 6948f379-f924-4722-ada9-494d6a32b245 is started using port 35348
2019-09-25 07:19:05,594 [Datanode State Machine Thread - 0] INFO  ozoneimpl.OzoneContainer (OzoneContainer.java:start(217)) - Attempting to start container services.
2019-09-25 07:19:05,595 [Datanode State Machine Thread - 0] INFO  ozoneimpl.OzoneContainer (OzoneContainer.java:startContainerScrub(179)) - Background container scanner has been disabled.
2019-09-25 07:19:05,595 [Datanode State Machine Thread - 0] INFO  ratis.XceiverServerRatis (XceiverServerRatis.java:start(411)) - Starting XceiverServerRatis 29ce77fd-3396-4484-adab-af54307e8c01 at port 0
2019-09-25 07:19:05,602 [Datanode State Machine Thread - 0] INFO  impl.RaftServerProxy (RaftServerProxy.java:lambda$start$3(299)) - 29ce77fd-3396-4484-adab-af54307e8c01: start RPC server
2019-09-25 07:19:05,603 [Datanode State Machine Thread - 0] INFO  server.GrpcService (GrpcService.java:startImpl(158)) - 29ce77fd-3396-4484-adab-af54307e8c01: GrpcService started, listening on 0.0.0.0/0.0.0.0:38801
2019-09-25 07:19:05,603 [Datanode State Machine Thread - 0] INFO  ratis.XceiverServerRatis (XceiverServerRatis.java:start(421)) - XceiverServerRatis 29ce77fd-3396-4484-adab-af54307e8c01 is started using port 38801
2019-09-25 07:19:05,604 [Datanode State Machine Thread - 0] INFO  server.XceiverServerGrpc (XceiverServerGrpc.java:start(149)) - XceiverServerGrpc 29ce77fd-3396-4484-adab-af54307e8c01 is started using port 34894
2019-09-25 07:19:05,653 [Thread-543] INFO  ozone.MiniOzoneClusterImpl (MiniOzoneClusterImpl.java:lambda$waitForClusterToBeReady$0(147)) - Waiting for cluster to be ready. Got 0 of 3 DN Heartbeats.
2019-09-25 07:19:05,672 [Datanode State Machine Thread - 0] INFO  ozoneimpl.OzoneContainer (OzoneContainer.java:start(217)) - Attempting to start container services.
2019-09-25 07:19:05,672 [Datanode State Machine Thread - 0] INFO  ozoneimpl.OzoneContainer (OzoneContainer.java:startContainerScrub(179)) - Background container scanner has been disabled.
2019-09-25 07:19:05,672 [Datanode State Machine Thread - 0] INFO  ratis.XceiverServerRatis (XceiverServerRatis.java:start(411)) - Starting XceiverServerRatis b6d16c04-1efb-41d0-8f30-e52b02e93617 at port 0
2019-09-25 07:19:05,680 [Datanode State Machine Thread - 0] INFO  impl.RaftServerProxy (RaftServerProxy.java:lambda$start$3(299)) - b6d16c04-1efb-41d0-8f30-e52b02e93617: start RPC server
2019-09-25 07:19:05,681 [Datanode State Machine Thread - 0] INFO  server.GrpcService (GrpcService.java:startImpl(158)) - b6d16c04-1efb-41d0-8f30-e52b02e93617: GrpcService started, listening on 0.0.0.0/0.0.0.0:43139
2019-09-25 07:19:05,681 [Datanode State Machine Thread - 0] INFO  ratis.XceiverServerRatis (XceiverServerRatis.java:start(421)) - XceiverServerRatis b6d16c04-1efb-41d0-8f30-e52b02e93617 is started using port 43139
2019-09-25 07:19:05,682 [Datanode State Machine Thread - 0] INFO  server.XceiverServerGrpc (XceiverServerGrpc.java:start(149)) - XceiverServerGrpc b6d16c04-1efb-41d0-8f30-e52b02e93617 is started using port 40758
2019-09-25 07:19:06,654 [Thread-543] INFO  ozone.MiniOzoneClusterImpl (MiniOzoneClusterImpl.java:lambda$waitForClusterToBeReady$0(147)) - Waiting for cluster to be ready. Got 0 of 3 DN Heartbeats.
2019-09-25 07:19:07,504 [IPC Server handler 1 on 43360] INFO  net.NetworkTopology (NetworkTopologyImpl.java:add(111)) - Added a new node: /default-rack/6948f379-f924-4722-ada9-494d6a32b245
2019-09-25 07:19:07,505 [IPC Server handler 1 on 43360] INFO  node.SCMNodeManager (SCMNodeManager.java:register(266)) - Registered Data node : 6948f379-f924-4722-ada9-494d6a32b245{ip: 192.168.30.10, host: pr-hdds-1569-s62bp-3040748787, networkLocation: /default-rack, certSerialId: null}
2019-09-25 07:19:07,507 [EventQueue-NodeRegistrationContainerReportForDataNodeSafeModeRule] INFO  safemode.SCMSafeModeManager (DataNodeSafeModeRule.java:process(71)) - SCM in safe mode. 1 DataNodes registered, 1 required.
2019-09-25 07:19:07,509 [EventQueue-NodeRegistrationContainerReportForDataNodeSafeModeRule] INFO  safemode.SCMSafeModeManager (SCMSafeModeManager.java:validateSafeModeExitRules(177)) - ScmSafeModeManager, all rules are successfully validated
2019-09-25 07:19:07,509 [EventQueue-NodeRegistrationContainerReportForDataNodeSafeModeRule] INFO  safemode.SCMSafeModeManager (SCMSafeModeManager.java:exitSafeMode(193)) - SCM exiting safe mode.
2019-09-25 07:19:07,530 [grpc-default-executor-0] INFO  impl.RaftServerProxy (RaftServerProxy.java:addNew(89)) - 6948f379-f924-4722-ada9-494d6a32b245: addNew group-FF2D003771FE:[6948f379-f924-4722-ada9-494d6a32b245:192.168.30.10:34637] returns group-FF2D003771FE:java.util.concurrent.CompletableFuture@17057763[Not completed]
2019-09-25 07:19:07,533 [pool-127-thread-1] INFO  impl.RaftServerImpl (RaftServerImpl.java:<init>(95)) - 6948f379-f924-4722-ada9-494d6a32b245: new RaftServerImpl for group-FF2D003771FE:[6948f379-f924-4722-ada9-494d6a32b245:192.168.30.10:34637] with ContainerStateMachine:uninitialized
2019-09-25 07:19:07,533 [pool-127-thread-1] INFO  server.RaftServerConfigKeys (ConfUtils.java:logGet(43)) - raft.server.rpc.timeout.min = 5s (custom)
2019-09-25 07:19:07,533 [pool-127-thread-1] INFO  server.RaftServerConfigKeys (ConfUtils.java:logGet(43)) - raft.server.rpc.timeout.max = 5200ms (custom)
2019-09-25 07:19:07,533 [pool-127-thread-1] INFO  server.RaftServerConfigKeys (ConfUtils.java:logGet(43)) - raft.server.rpcslowness.timeout = 120s (custom)
2019-09-25 07:19:07,534 [pool-127-thread-1] INFO  server.RaftServerConfigKeys (ConfUtils.java:logGet(43)) - raft.server.sleep.deviation.threshold = 300 (default)
2019-09-25 07:19:07,534 [pool-127-thread-1] INFO  server.RaftServerConfigKeys (ConfUtils.java:logGet(43)) - raft.server.log.appender.install.snapshot.enabled = false (custom)
2019-09-25 07:19:07,534 [pool-127-thread-1] INFO  impl.RaftServerImpl (ServerState.java:<init>(103)) - 6948f379-f924-4722-ada9-494d6a32b245@group-FF2D003771FE: ConfigurationManager, init=-1: [6948f379-f924-4722-ada9-494d6a32b245:192.168.30.10:34637], old=null, confs=<EMPTY_MAP>
2019-09-25 07:19:07,534 [pool-127-thread-1] INFO  server.RaftServerConfigKeys (ConfUtils.java:logGet(43)) - raft.server.storage.dir = [/workdir/hadoop-ozone/ozonefs/target/test-dir/MiniOzoneClusterImpl-53079864-2865-418d-b675-7621d58e8da0/datanode-0/data/ratis] (custom)
2019-09-25 07:19:07,535 [pool-127-thread-1] INFO  storage.RaftStorageDirectory (RaftStorageDirectory.java:analyzeStorage(246)) - The storage directory /workdir/hadoop-ozone/ozonefs/target/test-dir/MiniOzoneClusterImpl-53079864-2865-418d-b675-7621d58e8da0/datanode-0/data/ratis/bae8addb-a305-44b3-b622-ff2d003771fe does not exist. Creating ...
2019-09-25 07:19:07,548 [pool-127-thread-1] INFO  storage.RaftStorageDirectory (RaftStorageDirectory.java:tryLock(328)) - Lock on /workdir/hadoop-ozone/ozonefs/target/test-dir/MiniOzoneClusterImpl-53079864-2865-418d-b675-7621d58e8da0/datanode-0/data/ratis/bae8addb-a305-44b3-b622-ff2d003771fe/in_use.lock acquired by nodename 21239@pr-hdds-1569-s62bp-3040748787
2019-09-25 07:19:07,561 [pool-127-thread-1] INFO  storage.RaftStorage (RaftStorage.java:format(72)) - Storage directory /workdir/hadoop-ozone/ozonefs/target/test-dir/MiniOzoneClusterImpl-53079864-2865-418d-b675-7621d58e8da0/datanode-0/data/ratis/bae8addb-a305-44b3-b622-ff2d003771fe has been successfully formatted.
2019-09-25 07:19:07,561 [pool-127-thread-1] INFO  ratis.ContainerStateMachine (ContainerStateMachine.java:loadSnapshot(230)) - group-FF2D003771FE: The snapshot info is null. Setting the last applied indexto:(t:0, i:~)
2019-09-25 07:19:07,561 [pool-127-thread-1] INFO  server.RaftServerConfigKeys (ConfUtils.java:logGet(43)) - raft.server.notification.no-leader.timeout = 120s (custom)
2019-09-25 07:19:07,561 [pool-127-thread-1] INFO  server.RaftServerConfigKeys (ConfUtils.java:logGet(43)) - raft.server.log.use.memory = false (default)
2019-09-25 07:19:07,562 [pool-127-thread-1] INFO  server.RaftServerConfigKeys (ConfUtils.java:logGet(43)) - raft.server.log.purge.gap = 1000000 (custom)
2019-09-25 07:19:07,562 [pool-127-thread-1] INFO  server.RaftServerConfigKeys (ConfUtils.java:logGet(43)) - raft.server.log.appender.buffer.byte-limit = 33554432 (custom)
2019-09-25 07:19:07,562 [pool-127-thread-1] INFO  server.RaftServerConfigKeys (ConfUtils.java:logGet(43)) - raft.server.log.segment.size.max = 1048576 (custom)
2019-09-25 07:19:07,562 [pool-127-thread-1] INFO  server.RaftServerConfigKeys (ConfUtils.java:logGet(43)) - raft.server.log.segment.cache.num.max = 2 (custom)
2019-09-25 07:19:07,562 [pool-127-thread-1] INFO  segmented.SegmentedRaftLogWorker (SegmentedRaftLogWorker.java:<init>(172)) - new 6948f379-f924-4722-ada9-494d6a32b245@group-FF2D003771FE-SegmentedRaftLogWorker for RaftStorage:Storage Directory /workdir/hadoop-ozone/ozonefs/target/test-dir/MiniOzoneClusterImpl-53079864-2865-418d-b675-7621d58e8da0/datanode-0/data/ratis/bae8addb-a305-44b3-b622-ff2d003771fe
2019-09-25 07:19:07,565 [pool-127-thread-1] INFO  server.RaftServerConfigKeys (ConfUtils.java:logGet(43)) - raft.server.log.queue.byte-limit = 2147483647 (custom)
2019-09-25 07:19:07,565 [pool-127-thread-1] INFO  server.RaftServerConfigKeys (ConfUtils.java:logGet(43)) - raft.server.log.queue.element-limit = 1024 (custom)
2019-09-25 07:19:07,566 [pool-127-thread-1] INFO  server.RaftServerConfigKeys (ConfUtils.java:logGet(43)) - raft.server.log.segment.size.max = 1048576 (custom)
2019-09-25 07:19:07,566 [pool-127-thread-1] INFO  server.RaftServerConfigKeys (ConfUtils.java:logGet(43)) - raft.server.log.preallocated.size = 16384 (custom)
2019-09-25 07:19:07,566 [pool-127-thread-1] INFO  server.RaftServerConfigKeys (ConfUtils.java:logGet(43)) - raft.server.log.write.buffer.size = 33554432 (custom)
2019-09-25 07:19:07,566 [pool-127-thread-1] INFO  server.RaftServerConfigKeys (ConfUtils.java:logGet(43)) - raft.server.log.force.sync.num = 128 (default)
2019-09-25 07:19:07,566 [pool-127-thread-1] INFO  server.RaftServerConfigKeys (ConfUtils.java:logGet(43)) - raft.server.log.statemachine.data.sync = true (default)
2019-09-25 07:19:07,566 [pool-127-thread-1] INFO  server.RaftServerConfigKeys (ConfUtils.java:logGet(43)) - raft.server.log.statemachine.data.sync.timeout = 10s (default)
2019-09-25 07:19:07,567 [pool-127-thread-1] INFO  server.RaftServerConfigKeys (ConfUtils.java:logGet(43)) - raft.server.log.statemachine.data.sync.timeout.retry = -1 (default)
2019-09-25 07:19:07,567 [pool-127-thread-1] INFO  server.RaftServerConfigKeys (ConfUtils.java:logGet(43)) - raft.server.log.statemachine.data.caching.enabled = true (custom)
2019-09-25 07:19:07,567 [pool-127-thread-1] INFO  segmented.SegmentedRaftLogWorker (SegmentedRaftLogWorker.java:lambda$new$0(132)) - 6948f379-f924-4722-ada9-494d6a32b245@group-FF2D003771FE-SegmentedRaftLogWorker: flushIndex: setUnconditionally 0 -> -1
2019-09-25 07:19:07,568 [pool-127-thread-1] INFO  server.RaftServerConfigKeys (ConfUtils.java:logGet(43)) - raft.server.snapshot.auto.trigger.enabled = true (custom)
2019-09-25 07:19:07,568 [pool-127-thread-1] INFO  server.RaftServerConfigKeys (ConfUtils.java:logGet(43)) - raft.server.snapshot.auto.trigger.threshold = 10000 (custom)
2019-09-25 07:19:07,568 [pool-127-thread-1] INFO  server.RaftServerConfigKeys (ConfUtils.java:logGet(43)) - raft.server.snapshot.retention.num.files = 5 (custom)
2019-09-25 07:19:07,568 [pool-127-thread-1] INFO  server.RaftServerConfigKeys (ConfUtils.java:logGet(43)) - raft.server.retrycache.expirytime = 600000ms (custom)
2019-09-25 07:19:07,571 [pool-127-thread-1] INFO  impl.RaftServerImpl (RaftServerImpl.java:start(185)) - 6948f379-f924-4722-ada9-494d6a32b245@group-FF2D003771FE: start as a follower, conf=-1: [6948f379-f924-4722-ada9-494d6a32b245:192.168.30.10:34637], old=null
2019-09-25 07:19:07,571 [pool-127-thread-1] INFO  impl.RaftServerImpl (RaftServerImpl.java:setRole(174)) - 6948f379-f924-4722-ada9-494d6a32b245@group-FF2D003771FE: changes role from      null to FOLLOWER at term 0 for startAsFollower
2019-09-25 07:19:07,571 [pool-127-thread-1] INFO  impl.RoleInfo (RoleInfo.java:updateAndGet(143)) - 6948f379-f924-4722-ada9-494d6a32b245: start FollowerState
2019-09-25 07:19:07,572 [pool-127-thread-1] INFO  util.JmxRegister (JmxRegister.java:tryRegister(44)) - Successfully registered JMX Bean with object name Ratis:service=RaftServer,group=group-FF2D003771FE,id=6948f379-f924-4722-ada9-494d6a32b245
2019-09-25 07:19:07,580 [RatisPipelineUtilsThread] INFO  pipeline.PipelineStateManager (PipelineStateManager.java:addPipeline(56)) - Created pipeline Pipeline[ Id: bae8addb-a305-44b3-b622-ff2d003771fe, Nodes: 6948f379-f924-4722-ada9-494d6a32b245{ip: 192.168.30.10, host: pr-hdds-1569-s62bp-3040748787, networkLocation: /default-rack, certSerialId: null}, Type:RATIS, Factor:ONE, State:OPEN]
2019-09-25 07:19:07,581 [IPC Server handler 2 on 43360] INFO  net.NetworkTopology (NetworkTopologyImpl.java:add(111)) - Added a new node: /default-rack/29ce77fd-3396-4484-adab-af54307e8c01
2019-09-25 07:19:07,582 [IPC Server handler 2 on 43360] INFO  node.SCMNodeManager (SCMNodeManager.java:register(266)) - Registered Data node : 29ce77fd-3396-4484-adab-af54307e8c01{ip: 192.168.30.10, host: pr-hdds-1569-s62bp-3040748787, networkLocation: /default-rack, certSerialId: null}
2019-09-25 07:19:07,590 [grpc-default-executor-0] INFO  impl.RaftServerProxy (RaftServerProxy.java:addNew(89)) - 6948f379-f924-4722-ada9-494d6a32b245: addNew group-DFF4C87A3F08:[6948f379-f924-4722-ada9-494d6a32b245:192.168.30.10:34637] returns group-DFF4C87A3F08:java.util.concurrent.CompletableFuture@26d88202[Not completed]
2019-09-25 07:19:07,592 [pool-127-thread-1] INFO  impl.RaftServerImpl (RaftServerImpl.java:<init>(95)) - 6948f379-f924-4722-ada9-494d6a32b245: new RaftServerImpl for group-DFF4C87A3F08:[6948f379-f924-4722-ada9-494d6a32b245:192.168.30.10:34637] with ContainerStateMachine:uninitialized
2019-09-25 07:19:07,592 [pool-127-thread-1] INFO  server.RaftServerConfigKeys (ConfUtils.java:logGet(43)) - raft.server.rpc.timeout.min = 5s (custom)
2019-09-25 07:19:07,592 [pool-127-thread-1] INFO  server.RaftServerConfigKeys (ConfUtils.java:logGet(43)) - raft.server.rpc.timeout.max = 5200ms (custom)
2019-09-25 07:19:07,593 [pool-127-thread-1] INFO  server.RaftServerConfigKeys (ConfUtils.java:logGet(43)) - raft.server.rpcslowness.timeout = 120s (custom)
2019-09-25 07:19:07,593 [pool-127-thread-1] INFO  server.RaftServerConfigKeys (ConfUtils.java:logGet(43)) - raft.server.sleep.deviation.threshold = 300 (default)
2019-09-25 07:19:07,593 [pool-127-thread-1] INFO  server.RaftServerConfigKeys (ConfUtils.java:logGet(43)) - raft.server.log.appender.install.snapshot.enabled = false (custom)
2019-09-25 07:19:07,593 [pool-127-thread-1] INFO  impl.RaftServerImpl (ServerState.java:<init>(103)) - 6948f379-f924-4722-ada9-494d6a32b245@group-DFF4C87A3F08: ConfigurationManager, init=-1: [6948f379-f924-4722-ada9-494d6a32b245:192.168.30.10:34637], old=null, confs=<EMPTY_MAP>
2019-09-25 07:19:07,593 [pool-127-thread-1] INFO  server.RaftServerConfigKeys (ConfUtils.java:logGet(43)) - raft.server.storage.dir = [/workdir/hadoop-ozone/ozonefs/target/test-dir/MiniOzoneClusterImpl-53079864-2865-418d-b675-7621d58e8da0/datanode-0/data/ratis] (custom)
2019-09-25 07:19:07,594 [pool-127-thread-1] INFO  storage.RaftStorageDirectory (RaftStorageDirectory.java:analyzeStorage(246)) - The storage directory /workdir/hadoop-ozone/ozonefs/target/test-dir/MiniOzoneClusterImpl-53079864-2865-418d-b675-7621d58e8da0/datanode-0/data/ratis/a3e5e9a8-2eb9-4652-8981-dff4c87a3f08 does not exist. Creating ...
2019-09-25 07:19:07,607 [pool-127-thread-1] INFO  storage.RaftStorageDirectory (RaftStorageDirectory.java:tryLock(328)) - Lock on /workdir/hadoop-ozone/ozonefs/target/test-dir/MiniOzoneClusterImpl-53079864-2865-418d-b675-7621d58e8da0/datanode-0/data/ratis/a3e5e9a8-2eb9-4652-8981-dff4c87a3f08/in_use.lock acquired by nodename 21239@pr-hdds-1569-s62bp-3040748787
2019-09-25 07:19:07,621 [pool-127-thread-1] INFO  storage.RaftStorage (RaftStorage.java:format(72)) - Storage directory /workdir/hadoop-ozone/ozonefs/target/test-dir/MiniOzoneClusterImpl-53079864-2865-418d-b675-7621d58e8da0/datanode-0/data/ratis/a3e5e9a8-2eb9-4652-8981-dff4c87a3f08 has been successfully formatted.
2019-09-25 07:19:07,621 [pool-127-thread-1] INFO  ratis.ContainerStateMachine (ContainerStateMachine.java:loadSnapshot(230)) - group-DFF4C87A3F08: The snapshot info is null. Setting the last applied indexto:(t:0, i:~)
2019-09-25 07:19:07,621 [pool-127-thread-1] INFO  server.RaftServerConfigKeys (ConfUtils.java:logGet(43)) - raft.server.notification.no-leader.timeout = 120s (custom)
2019-09-25 07:19:07,621 [pool-127-thread-1] INFO  server.RaftServerConfigKeys (ConfUtils.java:logGet(43)) - raft.server.log.use.memory = false (default)
2019-09-25 07:19:07,622 [pool-127-thread-1] INFO  server.RaftServerConfigKeys (ConfUtils.java:logGet(43)) - raft.server.log.purge.gap = 1000000 (custom)
2019-09-25 07:19:07,622 [pool-127-thread-1] INFO  server.RaftServerConfigKeys (ConfUtils.java:logGet(43)) - raft.server.log.appender.buffer.byte-limit = 33554432 (custom)
2019-09-25 07:19:07,622 [pool-127-thread-1] INFO  server.RaftServerConfigKeys (ConfUtils.java:logGet(43)) - raft.server.log.segment.size.max = 1048576 (custom)
2019-09-25 07:19:07,622 [pool-127-thread-1] INFO  server.RaftServerConfigKeys (ConfUtils.java:logGet(43)) - raft.server.log.segment.cache.num.max = 2 (custom)
2019-09-25 07:19:07,622 [pool-127-thread-1] INFO  segmented.SegmentedRaftLogWorker (SegmentedRaftLogWorker.java:<init>(172)) - new 6948f379-f924-4722-ada9-494d6a32b245@group-DFF4C87A3F08-SegmentedRaftLogWorker for RaftStorage:Storage Directory /workdir/hadoop-ozone/ozonefs/target/test-dir/MiniOzoneClusterImpl-53079864-2865-418d-b675-7621d58e8da0/datanode-0/data/ratis/a3e5e9a8-2eb9-4652-8981-dff4c87a3f08
2019-09-25 07:19:07,622 [pool-127-thread-1] INFO  server.RaftServerConfigKeys (ConfUtils.java:logGet(43)) - raft.server.log.queue.byte-limit = 2147483647 (custom)
2019-09-25 07:19:07,622 [pool-127-thread-1] INFO  server.RaftServerConfigKeys (ConfUtils.java:logGet(43)) - raft.server.log.queue.element-limit = 1024 (custom)
2019-09-25 07:19:07,623 [pool-127-thread-1] INFO  server.RaftServerConfigKeys (ConfUtils.java:logGet(43)) - raft.server.log.segment.size.max = 1048576 (custom)
2019-09-25 07:19:07,623 [pool-127-thread-1] INFO  server.RaftServerConfigKeys (ConfUtils.java:logGet(43)) - raft.server.log.preallocated.size = 16384 (custom)
2019-09-25 07:19:07,623 [pool-127-thread-1] INFO  server.RaftServerConfigKeys (ConfUtils.java:logGet(43)) - raft.server.log.write.buffer.size = 33554432 (custom)
2019-09-25 07:19:07,623 [pool-127-thread-1] INFO  server.RaftServerConfigKeys (ConfUtils.java:logGet(43)) - raft.server.log.force.sync.num = 128 (default)
2019-09-25 07:19:07,623 [pool-127-thread-1] INFO  server.RaftServerConfigKeys (ConfUtils.java:logGet(43)) - raft.server.log.statemachine.data.sync = true (default)
2019-09-25 07:19:07,623 [pool-127-thread-1] INFO  server.RaftServerConfigKeys (ConfUtils.java:logGet(43)) - raft.server.log.statemachine.data.sync.timeout = 10s (default)
2019-09-25 07:19:07,623 [pool-127-thread-1] INFO  server.RaftServerConfigKeys (ConfUtils.java:logGet(43)) - raft.server.log.statemachine.data.sync.timeout.retry = -1 (default)
2019-09-25 07:19:07,624 [pool-127-thread-1] INFO  server.RaftServerConfigKeys (ConfUtils.java:logGet(43)) - raft.server.log.statemachine.data.caching.enabled = true (custom)
2019-09-25 07:19:07,624 [pool-127-thread-1] INFO  segmented.SegmentedRaftLogWorker (SegmentedRaftLogWorker.java:lambda$new$0(132)) - 6948f379-f924-4722-ada9-494d6a32b245@group-DFF4C87A3F08-SegmentedRaftLogWorker: flushIndex: setUnconditionally 0 -> -1
2019-09-25 07:19:07,624 [pool-127-thread-1] INFO  server.RaftServerConfigKeys (ConfUtils.java:logGet(43)) - raft.server.snapshot.auto.trigger.enabled = true (custom)
2019-09-25 07:19:07,624 [pool-127-thread-1] INFO  server.RaftServerConfigKeys (ConfUtils.java:logGet(43)) - raft.server.snapshot.auto.trigger.threshold = 10000 (custom)
2019-09-25 07:19:07,625 [pool-127-thread-1] INFO  server.RaftServerConfigKeys (ConfUtils.java:logGet(43)) - raft.server.snapshot.retention.num.files = 5 (custom)
2019-09-25 07:19:07,625 [pool-127-thread-1] INFO  server.RaftServerConfigKeys (ConfUtils.java:logGet(43)) - raft.server.retrycache.expirytime = 600000ms (custom)
2019-09-25 07:19:07,628 [pool-127-thread-1] INFO  impl.RaftServerImpl (RaftServerImpl.java:start(185)) - 6948f379-f924-4722-ada9-494d6a32b245@group-DFF4C87A3F08: start as a follower, conf=-1: [6948f379-f924-4722-ada9-494d6a32b245:192.168.30.10:34637], old=null
2019-09-25 07:19:07,628 [pool-127-thread-1] INFO  impl.RaftServerImpl (RaftServerImpl.java:setRole(174)) - 6948f379-f924-4722-ada9-494d6a32b245@group-DFF4C87A3F08: changes role from      null to FOLLOWER at term 0 for startAsFollower
2019-09-25 07:19:07,628 [pool-127-thread-1] INFO  impl.RoleInfo (RoleInfo.java:updateAndGet(143)) - 6948f379-f924-4722-ada9-494d6a32b245: start FollowerState
2019-09-25 07:19:07,628 [pool-127-thread-1] INFO  util.JmxRegister (JmxRegister.java:tryRegister(44)) - Successfully registered JMX Bean with object name Ratis:service=RaftServer,group=group-DFF4C87A3F08,id=6948f379-f924-4722-ada9-494d6a32b245
2019-09-25 07:19:07,635 [RatisPipelineUtilsThread] INFO  pipeline.PipelineStateManager (PipelineStateManager.java:addPipeline(56)) - Created pipeline Pipeline[ Id: a3e5e9a8-2eb9-4652-8981-dff4c87a3f08, Nodes: 6948f379-f924-4722-ada9-494d6a32b245{ip: 192.168.30.10, host: pr-hdds-1569-s62bp-3040748787, networkLocation: /default-rack, certSerialId: null}, Type:RATIS, Factor:ONE, State:OPEN]
2019-09-25 07:19:07,653 [grpc-default-executor-0] INFO  impl.RaftServerProxy (RaftServerProxy.java:addNew(89)) - 6948f379-f924-4722-ada9-494d6a32b245: addNew group-1C18CB3DC789:[6948f379-f924-4722-ada9-494d6a32b245:192.168.30.10:34637] returns group-1C18CB3DC789:java.util.concurrent.CompletableFuture@772a882c[Not completed]
2019-09-25 07:19:07,654 [Thread-543] INFO  ozone.MiniOzoneClusterImpl (MiniOzoneClusterImpl.java:lambda$waitForClusterToBeReady$0(147)) - Waiting for cluster to be ready. Got 2 of 3 DN Heartbeats.
2019-09-25 07:19:07,655 [pool-127-thread-1] INFO  impl.RaftServerImpl (RaftServerImpl.java:<init>(95)) - 6948f379-f924-4722-ada9-494d6a32b245: new RaftServerImpl for group-1C18CB3DC789:[6948f379-f924-4722-ada9-494d6a32b245:192.168.30.10:34637] with ContainerStateMachine:uninitialized
2019-09-25 07:19:07,655 [pool-127-thread-1] INFO  server.RaftServerConfigKeys (ConfUtils.java:logGet(43)) - raft.server.rpc.timeout.min = 5s (custom)
2019-09-25 07:19:07,655 [pool-127-thread-1] INFO  server.RaftServerConfigKeys (ConfUtils.java:logGet(43)) - raft.server.rpc.timeout.max = 5200ms (custom)
2019-09-25 07:19:07,655 [pool-127-thread-1] INFO  server.RaftServerConfigKeys (ConfUtils.java:logGet(43)) - raft.server.rpcslowness.timeout = 120s (custom)
2019-09-25 07:19:07,655 [pool-127-thread-1] INFO  server.RaftServerConfigKeys (ConfUtils.java:logGet(43)) - raft.server.sleep.deviation.threshold = 300 (default)
2019-09-25 07:19:07,655 [pool-127-thread-1] INFO  server.RaftServerConfigKeys (ConfUtils.java:logGet(43)) - raft.server.log.appender.install.snapshot.enabled = false (custom)
2019-09-25 07:19:07,655 [pool-127-thread-1] INFO  impl.RaftServerImpl (ServerState.java:<init>(103)) - 6948f379-f924-4722-ada9-494d6a32b245@group-1C18CB3DC789: ConfigurationManager, init=-1: [6948f379-f924-4722-ada9-494d6a32b245:192.168.30.10:34637], old=null, confs=<EMPTY_MAP>
2019-09-25 07:19:07,656 [pool-127-thread-1] INFO  server.RaftServerConfigKeys (ConfUtils.java:logGet(43)) - raft.server.storage.dir = [/workdir/hadoop-ozone/ozonefs/target/test-dir/MiniOzoneClusterImpl-53079864-2865-418d-b675-7621d58e8da0/datanode-0/data/ratis] (custom)
2019-09-25 07:19:07,656 [pool-127-thread-1] INFO  storage.RaftStorageDirectory (RaftStorageDirectory.java:analyzeStorage(246)) - The storage directory /workdir/hadoop-ozone/ozonefs/target/test-dir/MiniOzoneClusterImpl-53079864-2865-418d-b675-7621d58e8da0/datanode-0/data/ratis/e0c77317-e6f1-483b-ab3d-1c18cb3dc789 does not exist. Creating ...
2019-09-25 07:19:07,657 [IPC Server handler 1 on 43360] INFO  net.NetworkTopology (NetworkTopologyImpl.java:add(111)) - Added a new node: /default-rack/b6d16c04-1efb-41d0-8f30-e52b02e93617
2019-09-25 07:19:07,658 [IPC Server handler 1 on 43360] INFO  node.SCMNodeManager (SCMNodeManager.java:register(266)) - Registered Data node : b6d16c04-1efb-41d0-8f30-e52b02e93617{ip: 192.168.30.10, host: pr-hdds-1569-s62bp-3040748787, networkLocation: /default-rack, certSerialId: null}
2019-09-25 07:19:07,669 [pool-127-thread-1] INFO  storage.RaftStorageDirectory (RaftStorageDirectory.java:tryLock(328)) - Lock on /workdir/hadoop-ozone/ozonefs/target/test-dir/MiniOzoneClusterImpl-53079864-2865-418d-b675-7621d58e8da0/datanode-0/data/ratis/e0c77317-e6f1-483b-ab3d-1c18cb3dc789/in_use.lock acquired by nodename 21239@pr-hdds-1569-s62bp-3040748787
2019-09-25 07:19:07,682 [pool-127-thread-1] INFO  storage.RaftStorage (RaftStorage.java:format(72)) - Storage directory /workdir/hadoop-ozone/ozonefs/target/test-dir/MiniOzoneClusterImpl-53079864-2865-418d-b675-7621d58e8da0/datanode-0/data/ratis/e0c77317-e6f1-483b-ab3d-1c18cb3dc789 has been successfully formatted.
2019-09-25 07:19:07,683 [pool-127-thread-1] INFO  ratis.ContainerStateMachine (ContainerStateMachine.java:loadSnapshot(230)) - group-1C18CB3DC789: The snapshot info is null. Setting the last applied indexto:(t:0, i:~)
2019-09-25 07:19:07,683 [pool-127-thread-1] INFO  server.RaftServerConfigKeys (ConfUtils.java:logGet(43)) - raft.server.notification.no-leader.timeout = 120s (custom)
2019-09-25 07:19:07,683 [pool-127-thread-1] INFO  server.RaftServerConfigKeys (ConfUtils.java:logGet(43)) - raft.server.log.use.memory = false (default)
2019-09-25 07:19:07,683 [pool-127-thread-1] INFO  server.RaftServerConfigKeys (ConfUtils.java:logGet(43)) - raft.server.log.purge.gap = 1000000 (custom)
2019-09-25 07:19:07,683 [pool-127-thread-1] INFO  server.RaftServerConfigKeys (ConfUtils.java:logGet(43)) - raft.server.log.appender.buffer.byte-limit = 33554432 (custom)
2019-09-25 07:19:07,683 [pool-127-thread-1] INFO  server.RaftServerConfigKeys (ConfUtils.java:logGet(43)) - raft.server.log.segment.size.max = 1048576 (custom)
2019-09-25 07:19:07,683 [pool-127-thread-1] INFO  server.RaftServerConfigKeys (ConfUtils.java:logGet(43)) - raft.server.log.segment.cache.num.max = 2 (custom)
2019-09-25 07:19:07,684 [pool-127-thread-1] INFO  segmented.SegmentedRaftLogWorker (SegmentedRaftLogWorker.java:<init>(172)) - new 6948f379-f924-4722-ada9-494d6a32b245@group-1C18CB3DC789-SegmentedRaftLogWorker for RaftStorage:Storage Directory /workdir/hadoop-ozone/ozonefs/target/test-dir/MiniOzoneClusterImpl-53079864-2865-418d-b675-7621d58e8da0/datanode-0/data/ratis/e0c77317-e6f1-483b-ab3d-1c18cb3dc789
2019-09-25 07:19:07,684 [pool-127-thread-1] INFO  server.RaftServerConfigKeys (ConfUtils.java:logGet(43)) - raft.server.log.queue.byte-limit = 2147483647 (custom)
2019-09-25 07:19:07,684 [pool-127-thread-1] INFO  server.RaftServerConfigKeys (ConfUtils.java:logGet(43)) - raft.server.log.queue.element-limit = 1024 (custom)
2019-09-25 07:19:07,684 [pool-127-thread-1] INFO  server.RaftServerConfigKeys (ConfUtils.java:logGet(43)) - raft.server.log.segment.size.max = 1048576 (custom)
2019-09-25 07:19:07,684 [pool-127-thread-1] INFO  server.RaftServerConfigKeys (ConfUtils.java:logGet(43)) - raft.server.log.preallocated.size = 16384 (custom)
2019-09-25 07:19:07,684 [pool-127-thread-1] INFO  server.RaftServerConfigKeys (ConfUtils.java:logGet(43)) - raft.server.log.write.buffer.size = 33554432 (custom)
2019-09-25 07:19:07,684 [pool-127-thread-1] INFO  server.RaftServerConfigKeys (ConfUtils.java:logGet(43)) - raft.server.log.force.sync.num = 128 (default)
2019-09-25 07:19:07,684 [pool-127-thread-1] INFO  server.RaftServerConfigKeys (ConfUtils.java:logGet(43)) - raft.server.log.statemachine.data.sync = true (default)
2019-09-25 07:19:07,684 [pool-127-thread-1] INFO  server.RaftServerConfigKeys (ConfUtils.java:logGet(43)) - raft.server.log.statemachine.data.sync.timeout = 10s (default)
2019-09-25 07:19:07,685 [pool-127-thread-1] INFO  server.RaftServerConfigKeys (ConfUtils.java:logGet(43)) - raft.server.log.statemachine.data.sync.timeout.retry = -1 (default)
2019-09-25 07:19:07,685 [pool-127-thread-1] INFO  server.RaftServerConfigKeys (ConfUtils.java:logGet(43)) - raft.server.log.statemachine.data.caching.enabled = true (custom)
2019-09-25 07:19:07,685 [pool-127-thread-1] INFO  segmented.SegmentedRaftLogWorker (SegmentedRaftLogWorker.java:lambda$new$0(132)) - 6948f379-f924-4722-ada9-494d6a32b245@group-1C18CB3DC789-SegmentedRaftLogWorker: flushIndex: setUnconditionally 0 -> -1
2019-09-25 07:19:07,685 [pool-127-thread-1] INFO  server.RaftServerConfigKeys (ConfUtils.java:logGet(43)) - raft.server.snapshot.auto.trigger.enabled = true (custom)
2019-09-25 07:19:07,685 [pool-127-thread-1] INFO  server.RaftServerConfigKeys (ConfUtils.java:logGet(43)) - raft.server.snapshot.auto.trigger.threshold = 10000 (custom)
2019-09-25 07:19:07,685 [pool-127-thread-1] INFO  server.RaftServerConfigKeys (ConfUtils.java:logGet(43)) - raft.server.snapshot.retention.num.files = 5 (custom)
2019-09-25 07:19:07,686 [pool-127-thread-1] INFO  server.RaftServerConfigKeys (ConfUtils.java:logGet(43)) - raft.server.retrycache.expirytime = 600000ms (custom)
2019-09-25 07:19:07,688 [pool-127-thread-1] INFO  impl.RaftServerImpl (RaftServerImpl.java:start(185)) - 6948f379-f924-4722-ada9-494d6a32b245@group-1C18CB3DC789: start as a follower, conf=-1: [6948f379-f924-4722-ada9-494d6a32b245:192.168.30.10:34637], old=null
2019-09-25 07:19:07,688 [pool-127-thread-1] INFO  impl.RaftServerImpl (RaftServerImpl.java:setRole(174)) - 6948f379-f924-4722-ada9-494d6a32b245@group-1C18CB3DC789: changes role from      null to FOLLOWER at term 0 for startAsFollower
2019-09-25 07:19:07,688 [pool-127-thread-1] INFO  impl.RoleInfo (RoleInfo.java:updateAndGet(143)) - 6948f379-f924-4722-ada9-494d6a32b245: start FollowerState
2019-09-25 07:19:07,688 [pool-127-thread-1] INFO  util.JmxRegister (JmxRegister.java:tryRegister(44)) - Successfully registered JMX Bean with object name Ratis:service=RaftServer,group=group-1C18CB3DC789,id=6948f379-f924-4722-ada9-494d6a32b245
2019-09-25 07:19:07,695 [RatisPipelineUtilsThread] INFO  pipeline.PipelineStateManager (PipelineStateManager.java:addPipeline(56)) - Created pipeline Pipeline[ Id: e0c77317-e6f1-483b-ab3d-1c18cb3dc789, Nodes: 6948f379-f924-4722-ada9-494d6a32b245{ip: 192.168.30.10, host: pr-hdds-1569-s62bp-3040748787, networkLocation: /default-rack, certSerialId: null}, Type:RATIS, Factor:ONE, State:OPEN]
2019-09-25 07:19:07,719 [grpc-default-executor-0] INFO  impl.RaftServerProxy (RaftServerProxy.java:addNew(89)) - 29ce77fd-3396-4484-adab-af54307e8c01: addNew group-DA22A8180568:[29ce77fd-3396-4484-adab-af54307e8c01:192.168.30.10:38801] returns group-DA22A8180568:java.util.concurrent.CompletableFuture@502c0a7e[Not completed]
2019-09-25 07:19:07,720 [pool-137-thread-1] INFO  impl.RaftServerImpl (RaftServerImpl.java:<init>(95)) - 29ce77fd-3396-4484-adab-af54307e8c01: new RaftServerImpl for group-DA22A8180568:[29ce77fd-3396-4484-adab-af54307e8c01:192.168.30.10:38801] with ContainerStateMachine:uninitialized
2019-09-25 07:19:07,721 [pool-137-thread-1] INFO  server.RaftServerConfigKeys (ConfUtils.java:logGet(43)) - raft.server.rpc.timeout.min = 5s (custom)
2019-09-25 07:19:07,721 [pool-137-thread-1] INFO  server.RaftServerConfigKeys (ConfUtils.java:logGet(43)) - raft.server.rpc.timeout.max = 5200ms (custom)
2019-09-25 07:19:07,721 [pool-137-thread-1] INFO  server.RaftServerConfigKeys (ConfUtils.java:logGet(43)) - raft.server.rpcslowness.timeout = 120s (custom)
2019-09-25 07:19:07,721 [pool-137-thread-1] INFO  server.RaftServerConfigKeys (ConfUtils.java:logGet(43)) - raft.server.sleep.deviation.threshold = 300 (default)
2019-09-25 07:19:07,721 [pool-137-thread-1] INFO  server.RaftServerConfigKeys (ConfUtils.java:logGet(43)) - raft.server.log.appender.install.snapshot.enabled = false (custom)
2019-09-25 07:19:07,721 [pool-137-thread-1] INFO  impl.RaftServerImpl (ServerState.java:<init>(103)) - 29ce77fd-3396-4484-adab-af54307e8c01@group-DA22A8180568: ConfigurationManager, init=-1: [29ce77fd-3396-4484-adab-af54307e8c01:192.168.30.10:38801], old=null, confs=<EMPTY_MAP>
2019-09-25 07:19:07,721 [pool-137-thread-1] INFO  server.RaftServerConfigKeys (ConfUtils.java:logGet(43)) - raft.server.storage.dir = [/workdir/hadoop-ozone/ozonefs/target/test-dir/MiniOzoneClusterImpl-53079864-2865-418d-b675-7621d58e8da0/datanode-1/data/ratis] (custom)
2019-09-25 07:19:07,722 [pool-137-thread-1] INFO  storage.RaftStorageDirectory (RaftStorageDirectory.java:analyzeStorage(246)) - The storage directory /workdir/hadoop-ozone/ozonefs/target/test-dir/MiniOzoneClusterImpl-53079864-2865-418d-b675-7621d58e8da0/datanode-1/data/ratis/45ea3330-c33e-49ea-9318-da22a8180568 does not exist. Creating ...
2019-09-25 07:19:07,735 [pool-137-thread-1] INFO  storage.RaftStorageDirectory (RaftStorageDirectory.java:tryLock(328)) - Lock on /workdir/hadoop-ozone/ozonefs/target/test-dir/MiniOzoneClusterImpl-53079864-2865-418d-b675-7621d58e8da0/datanode-1/data/ratis/45ea3330-c33e-49ea-9318-da22a8180568/in_use.lock acquired by nodename 21239@pr-hdds-1569-s62bp-3040748787
2019-09-25 07:19:07,748 [pool-137-thread-1] INFO  storage.RaftStorage (RaftStorage.java:format(72)) - Storage directory /workdir/hadoop-ozone/ozonefs/target/test-dir/MiniOzoneClusterImpl-53079864-2865-418d-b675-7621d58e8da0/datanode-1/data/ratis/45ea3330-c33e-49ea-9318-da22a8180568 has been successfully formatted.
2019-09-25 07:19:07,748 [pool-137-thread-1] INFO  ratis.ContainerStateMachine (ContainerStateMachine.java:loadSnapshot(230)) - group-DA22A8180568: The snapshot info is null. Setting the last applied indexto:(t:0, i:~)
2019-09-25 07:19:07,748 [pool-137-thread-1] INFO  server.RaftServerConfigKeys (ConfUtils.java:logGet(43)) - raft.server.notification.no-leader.timeout = 120s (custom)
2019-09-25 07:19:07,749 [pool-137-thread-1] INFO  server.RaftServerConfigKeys (ConfUtils.java:logGet(43)) - raft.server.log.use.memory = false (default)
2019-09-25 07:19:07,749 [pool-137-thread-1] INFO  server.RaftServerConfigKeys (ConfUtils.java:logGet(43)) - raft.server.log.purge.gap = 1000000 (custom)
2019-09-25 07:19:07,749 [pool-137-thread-1] INFO  server.RaftServerConfigKeys (ConfUtils.java:logGet(43)) - raft.server.log.appender.buffer.byte-limit = 33554432 (custom)
2019-09-25 07:19:07,749 [pool-137-thread-1] INFO  server.RaftServerConfigKeys (ConfUtils.java:logGet(43)) - raft.server.log.segment.size.max = 1048576 (custom)
2019-09-25 07:19:07,749 [pool-137-thread-1] INFO  server.RaftServerConfigKeys (ConfUtils.java:logGet(43)) - raft.server.log.segment.cache.num.max = 2 (custom)
2019-09-25 07:19:07,749 [pool-137-thread-1] INFO  segmented.SegmentedRaftLogWorker (SegmentedRaftLogWorker.java:<init>(172)) - new 29ce77fd-3396-4484-adab-af54307e8c01@group-DA22A8180568-SegmentedRaftLogWorker for RaftStorage:Storage Directory /workdir/hadoop-ozone/ozonefs/target/test-dir/MiniOzoneClusterImpl-53079864-2865-418d-b675-7621d58e8da0/datanode-1/data/ratis/45ea3330-c33e-49ea-9318-da22a8180568
2019-09-25 07:19:07,751 [pool-137-thread-1] INFO  server.RaftServerConfigKeys (ConfUtils.java:logGet(43)) - raft.server.log.queue.byte-limit = 2147483647 (custom)
2019-09-25 07:19:07,752 [pool-137-thread-1] INFO  server.RaftServerConfigKeys (ConfUtils.java:logGet(43)) - raft.server.log.queue.element-limit = 1024 (custom)
2019-09-25 07:19:07,752 [pool-137-thread-1] INFO  server.RaftServerConfigKeys (ConfUtils.java:logGet(43)) - raft.server.log.segment.size.max = 1048576 (custom)
2019-09-25 07:19:07,752 [pool-137-thread-1] INFO  server.RaftServerConfigKeys (ConfUtils.java:logGet(43)) - raft.server.log.preallocated.size = 16384 (custom)
2019-09-25 07:19:07,752 [pool-137-thread-1] INFO  server.RaftServerConfigKeys (ConfUtils.java:logGet(43)) - raft.server.log.write.buffer.size = 33554432 (custom)
2019-09-25 07:19:07,752 [pool-137-thread-1] INFO  server.RaftServerConfigKeys (ConfUtils.java:logGet(43)) - raft.server.log.force.sync.num = 128 (default)
2019-09-25 07:19:07,752 [pool-137-thread-1] INFO  server.RaftServerConfigKeys (ConfUtils.java:logGet(43)) - raft.server.log.statemachine.data.sync = true (default)
2019-09-25 07:19:07,752 [pool-137-thread-1] INFO  server.RaftServerConfigKeys (ConfUtils.java:logGet(43)) - raft.server.log.statemachine.data.sync.timeout = 10s (default)
2019-09-25 07:19:07,752 [pool-137-thread-1] INFO  server.RaftServerConfigKeys (ConfUtils.java:logGet(43)) - raft.server.log.statemachine.data.sync.timeout.retry = -1 (default)
2019-09-25 07:19:07,753 [pool-137-thread-1] INFO  server.RaftServerConfigKeys (ConfUtils.java:logGet(43)) - raft.server.log.statemachine.data.caching.enabled = true (custom)
2019-09-25 07:19:07,753 [pool-137-thread-1] INFO  segmented.SegmentedRaftLogWorker (SegmentedRaftLogWorker.java:lambda$new$0(132)) - 29ce77fd-3396-4484-adab-af54307e8c01@group-DA22A8180568-SegmentedRaftLogWorker: flushIndex: setUnconditionally 0 -> -1
2019-09-25 07:19:07,753 [pool-137-thread-1] INFO  server.RaftServerConfigKeys (ConfUtils.java:logGet(43)) - raft.server.snapshot.auto.trigger.enabled = true (custom)
2019-09-25 07:19:07,753 [pool-137-thread-1] INFO  server.RaftServerConfigKeys (ConfUtils.java:logGet(43)) - raft.server.snapshot.auto.trigger.threshold = 10000 (custom)
2019-09-25 07:19:07,753 [pool-137-thread-1] INFO  server.RaftServerConfigKeys (ConfUtils.java:logGet(43)) - raft.server.snapshot.retention.num.files = 5 (custom)
2019-09-25 07:19:07,754 [pool-137-thread-1] INFO  server.RaftServerConfigKeys (ConfUtils.java:logGet(43)) - raft.server.retrycache.expirytime = 600000ms (custom)
2019-09-25 07:19:07,756 [pool-137-thread-1] INFO  impl.RaftServerImpl (RaftServerImpl.java:start(185)) - 29ce77fd-3396-4484-adab-af54307e8c01@group-DA22A8180568: start as a follower, conf=-1: [29ce77fd-3396-4484-adab-af54307e8c01:192.168.30.10:38801], old=null
2019-09-25 07:19:07,756 [pool-137-thread-1] INFO  impl.RaftServerImpl (RaftServerImpl.java:setRole(174)) - 29ce77fd-3396-4484-adab-af54307e8c01@group-DA22A8180568: changes role from      null to FOLLOWER at term 0 for startAsFollower
2019-09-25 07:19:07,756 [pool-137-thread-1] INFO  impl.RoleInfo (RoleInfo.java:updateAndGet(143)) - 29ce77fd-3396-4484-adab-af54307e8c01: start FollowerState
2019-09-25 07:19:07,763 [pool-137-thread-1] INFO  util.JmxRegister (JmxRegister.java:tryRegister(44)) - Successfully registered JMX Bean with object name Ratis:service=RaftServer,group=group-DA22A8180568,id=29ce77fd-3396-4484-adab-af54307e8c01
2019-09-25 07:19:07,777 [RatisPipelineUtilsThread] INFO  pipeline.PipelineStateManager (PipelineStateManager.java:addPipeline(56)) - Created pipeline Pipeline[ Id: 45ea3330-c33e-49ea-9318-da22a8180568, Nodes: 29ce77fd-3396-4484-adab-af54307e8c01{ip: 192.168.30.10, host: pr-hdds-1569-s62bp-3040748787, networkLocation: /default-rack, certSerialId: null}, Type:RATIS, Factor:ONE, State:OPEN]
2019-09-25 07:19:07,784 [grpc-default-executor-0] INFO  impl.RaftServerProxy (RaftServerProxy.java:addNew(89)) - 6948f379-f924-4722-ada9-494d6a32b245: addNew group-B63ABFE90AA7:[6948f379-f924-4722-ada9-494d6a32b245:192.168.30.10:34637] returns group-B63ABFE90AA7:java.util.concurrent.CompletableFuture@6026626b[Not completed]
2019-09-25 07:19:07,785 [pool-127-thread-1] INFO  impl.RaftServerImpl (RaftServerImpl.java:<init>(95)) - 6948f379-f924-4722-ada9-494d6a32b245: new RaftServerImpl for group-B63ABFE90AA7:[6948f379-f924-4722-ada9-494d6a32b245:192.168.30.10:34637] with ContainerStateMachine:uninitialized
2019-09-25 07:19:07,786 [pool-127-thread-1] INFO  server.RaftServerConfigKeys (ConfUtils.java:logGet(43)) - raft.server.rpc.timeout.min = 5s (custom)
2019-09-25 07:19:07,786 [pool-127-thread-1] INFO  server.RaftServerConfigKeys (ConfUtils.java:logGet(43)) - raft.server.rpc.timeout.max = 5200ms (custom)
2019-09-25 07:19:07,786 [pool-127-thread-1] INFO  server.RaftServerConfigKeys (ConfUtils.java:logGet(43)) - raft.server.rpcslowness.timeout = 120s (custom)
2019-09-25 07:19:07,786 [pool-127-thread-1] INFO  server.RaftServerConfigKeys (ConfUtils.java:logGet(43)) - raft.server.sleep.deviation.threshold = 300 (default)
2019-09-25 07:19:07,786 [pool-127-thread-1] INFO  server.RaftServerConfigKeys (ConfUtils.java:logGet(43)) - raft.server.log.appender.install.snapshot.enabled = false (custom)
2019-09-25 07:19:07,786 [pool-127-thread-1] INFO  impl.RaftServerImpl (ServerState.java:<init>(103)) - 6948f379-f924-4722-ada9-494d6a32b245@group-B63ABFE90AA7: ConfigurationManager, init=-1: [6948f379-f924-4722-ada9-494d6a32b245:192.168.30.10:34637], old=null, confs=<EMPTY_MAP>
2019-09-25 07:19:07,786 [pool-127-thread-1] INFO  server.RaftServerConfigKeys (ConfUtils.java:logGet(43)) - raft.server.storage.dir = [/workdir/hadoop-ozone/ozonefs/target/test-dir/MiniOzoneClusterImpl-53079864-2865-418d-b675-7621d58e8da0/datanode-0/data/ratis] (custom)
2019-09-25 07:19:07,787 [pool-127-thread-1] INFO  storage.RaftStorageDirectory (RaftStorageDirectory.java:analyzeStorage(246)) - The storage directory /workdir/hadoop-ozone/ozonefs/target/test-dir/MiniOzoneClusterImpl-53079864-2865-418d-b675-7621d58e8da0/datanode-0/data/ratis/25bb0d14-e617-4479-8db5-b63abfe90aa7 does not exist. Creating ...
2019-09-25 07:19:07,799 [pool-127-thread-1] INFO  storage.RaftStorageDirectory (RaftStorageDirectory.java:tryLock(328)) - Lock on /workdir/hadoop-ozone/ozonefs/target/test-dir/MiniOzoneClusterImpl-53079864-2865-418d-b675-7621d58e8da0/datanode-0/data/ratis/25bb0d14-e617-4479-8db5-b63abfe90aa7/in_use.lock acquired by nodename 21239@pr-hdds-1569-s62bp-3040748787
2019-09-25 07:19:07,823 [pool-127-thread-1] INFO  storage.RaftStorage (RaftStorage.java:format(72)) - Storage directory /workdir/hadoop-ozone/ozonefs/target/test-dir/MiniOzoneClusterImpl-53079864-2865-418d-b675-7621d58e8da0/datanode-0/data/ratis/25bb0d14-e617-4479-8db5-b63abfe90aa7 has been successfully formatted.
2019-09-25 07:19:07,823 [pool-127-thread-1] INFO  ratis.ContainerStateMachine (ContainerStateMachine.java:loadSnapshot(230)) - group-B63ABFE90AA7: The snapshot info is null. Setting the last applied indexto:(t:0, i:~)
2019-09-25 07:19:07,823 [pool-127-thread-1] INFO  server.RaftServerConfigKeys (ConfUtils.java:logGet(43)) - raft.server.notification.no-leader.timeout = 120s (custom)
2019-09-25 07:19:07,823 [pool-127-thread-1] INFO  server.RaftServerConfigKeys (ConfUtils.java:logGet(43)) - raft.server.log.use.memory = false (default)
2019-09-25 07:19:07,823 [pool-127-thread-1] INFO  server.RaftServerConfigKeys (ConfUtils.java:logGet(43)) - raft.server.log.purge.gap = 1000000 (custom)
2019-09-25 07:19:07,824 [pool-127-thread-1] INFO  server.RaftServerConfigKeys (ConfUtils.java:logGet(43)) - raft.server.log.appender.buffer.byte-limit = 33554432 (custom)
2019-09-25 07:19:07,824 [pool-127-thread-1] INFO  server.RaftServerConfigKeys (ConfUtils.java:logGet(43)) - raft.server.log.segment.size.max = 1048576 (custom)
2019-09-25 07:19:07,824 [pool-127-thread-1] INFO  server.RaftServerConfigKeys (ConfUtils.java:logGet(43)) - raft.server.log.segment.cache.num.max = 2 (custom)
2019-09-25 07:19:07,824 [pool-127-thread-1] INFO  segmented.SegmentedRaftLogWorker (SegmentedRaftLogWorker.java:<init>(172)) - new 6948f379-f924-4722-ada9-494d6a32b245@group-B63ABFE90AA7-SegmentedRaftLogWorker for RaftStorage:Storage Directory /workdir/hadoop-ozone/ozonefs/target/test-dir/MiniOzoneClusterImpl-53079864-2865-418d-b675-7621d58e8da0/datanode-0/data/ratis/25bb0d14-e617-4479-8db5-b63abfe90aa7
2019-09-25 07:19:07,824 [pool-127-thread-1] INFO  server.RaftServerConfigKeys (ConfUtils.java:logGet(43)) - raft.server.log.queue.byte-limit = 2147483647 (custom)
2019-09-25 07:19:07,824 [pool-127-thread-1] INFO  server.RaftServerConfigKeys (ConfUtils.java:logGet(43)) - raft.server.log.queue.element-limit = 1024 (custom)
2019-09-25 07:19:07,824 [pool-127-thread-1] INFO  server.RaftServerConfigKeys (ConfUtils.java:logGet(43)) - raft.server.log.segment.size.max = 1048576 (custom)
2019-09-25 07:19:07,824 [pool-127-thread-1] INFO  server.RaftServerConfigKeys (ConfUtils.java:logGet(43)) - raft.server.log.preallocated.size = 16384 (custom)
2019-09-25 07:19:07,824 [pool-127-thread-1] INFO  server.RaftServerConfigKeys (ConfUtils.java:logGet(43)) - raft.server.log.write.buffer.size = 33554432 (custom)
2019-09-25 07:19:07,825 [pool-127-thread-1] INFO  server.RaftServerConfigKeys (ConfUtils.java:logGet(43)) - raft.server.log.force.sync.num = 128 (default)
2019-09-25 07:19:07,825 [pool-127-thread-1] INFO  server.RaftServerConfigKeys (ConfUtils.java:logGet(43)) - raft.server.log.statemachine.data.sync = true (default)
2019-09-25 07:19:07,825 [pool-127-thread-1] INFO  server.RaftServerConfigKeys (ConfUtils.java:logGet(43)) - raft.server.log.statemachine.data.sync.timeout = 10s (default)
2019-09-25 07:19:07,825 [pool-127-thread-1] INFO  server.RaftServerConfigKeys (ConfUtils.java:logGet(43)) - raft.server.log.statemachine.data.sync.timeout.retry = -1 (default)
2019-09-25 07:19:07,825 [pool-127-thread-1] INFO  server.RaftServerConfigKeys (ConfUtils.java:logGet(43)) - raft.server.log.statemachine.data.caching.enabled = true (custom)
2019-09-25 07:19:07,825 [pool-127-thread-1] INFO  segmented.SegmentedRaftLogWorker (SegmentedRaftLogWorker.java:lambda$new$0(132)) - 6948f379-f924-4722-ada9-494d6a32b245@group-B63ABFE90AA7-SegmentedRaftLogWorker: flushIndex: setUnconditionally 0 -> -1
2019-09-25 07:19:07,826 [pool-127-thread-1] INFO  server.RaftServerConfigKeys (ConfUtils.java:logGet(43)) - raft.server.snapshot.auto.trigger.enabled = true (custom)
2019-09-25 07:19:07,826 [pool-127-thread-1] INFO  server.RaftServerConfigKeys (ConfUtils.java:logGet(43)) - raft.server.snapshot.auto.trigger.threshold = 10000 (custom)
2019-09-25 07:19:07,826 [pool-127-thread-1] INFO  server.RaftServerConfigKeys (ConfUtils.java:logGet(43)) - raft.server.snapshot.retention.num.files = 5 (custom)
2019-09-25 07:19:07,826 [pool-127-thread-1] INFO  server.RaftServerConfigKeys (ConfUtils.java:logGet(43)) - raft.server.retrycache.expirytime = 600000ms (custom)
2019-09-25 07:19:07,828 [pool-127-thread-1] INFO  impl.RaftServerImpl (RaftServerImpl.java:start(185)) - 6948f379-f924-4722-ada9-494d6a32b245@group-B63ABFE90AA7: start as a follower, conf=-1: [6948f379-f924-4722-ada9-494d6a32b245:192.168.30.10:34637], old=null
2019-09-25 07:19:07,828 [pool-127-thread-1] INFO  impl.RaftServerImpl (RaftServerImpl.java:setRole(174)) - 6948f379-f924-4722-ada9-494d6a32b245@group-B63ABFE90AA7: changes role from      null to FOLLOWER at term 0 for startAsFollower
2019-09-25 07:19:07,828 [pool-127-thread-1] INFO  impl.RoleInfo (RoleInfo.java:updateAndGet(143)) - 6948f379-f924-4722-ada9-494d6a32b245: start FollowerState
2019-09-25 07:19:07,828 [pool-127-thread-1] INFO  util.JmxRegister (JmxRegister.java:tryRegister(44)) - Successfully registered JMX Bean with object name Ratis:service=RaftServer,group=group-B63ABFE90AA7,id=6948f379-f924-4722-ada9-494d6a32b245
2019-09-25 07:19:07,832 [RatisPipelineUtilsThread] INFO  pipeline.PipelineStateManager (PipelineStateManager.java:addPipeline(56)) - Created pipeline Pipeline[ Id: 25bb0d14-e617-4479-8db5-b63abfe90aa7, Nodes: 6948f379-f924-4722-ada9-494d6a32b245{ip: 192.168.30.10, host: pr-hdds-1569-s62bp-3040748787, networkLocation: /default-rack, certSerialId: null}, Type:RATIS, Factor:ONE, State:OPEN]
2019-09-25 07:19:07,839 [grpc-default-executor-0] INFO  impl.RaftServerProxy (RaftServerProxy.java:addNew(89)) - 6948f379-f924-4722-ada9-494d6a32b245: addNew group-FA97A0AFE89F:[6948f379-f924-4722-ada9-494d6a32b245:192.168.30.10:34637] returns group-FA97A0AFE89F:java.util.concurrent.CompletableFuture@735e24a8[Not completed]
2019-09-25 07:19:07,841 [pool-127-thread-1] INFO  impl.RaftServerImpl (RaftServerImpl.java:<init>(95)) - 6948f379-f924-4722-ada9-494d6a32b245: new RaftServerImpl for group-FA97A0AFE89F:[6948f379-f924-4722-ada9-494d6a32b245:192.168.30.10:34637] with ContainerStateMachine:uninitialized
2019-09-25 07:19:07,841 [pool-127-thread-1] INFO  server.RaftServerConfigKeys (ConfUtils.java:logGet(43)) - raft.server.rpc.timeout.min = 5s (custom)
2019-09-25 07:19:07,841 [pool-127-thread-1] INFO  server.RaftServerConfigKeys (ConfUtils.java:logGet(43)) - raft.server.rpc.timeout.max = 5200ms (custom)
2019-09-25 07:19:07,841 [pool-127-thread-1] INFO  server.RaftServerConfigKeys (ConfUtils.java:logGet(43)) - raft.server.rpcslowness.timeout = 120s (custom)
2019-09-25 07:19:07,841 [pool-127-thread-1] INFO  server.RaftServerConfigKeys (ConfUtils.java:logGet(43)) - raft.server.sleep.deviation.threshold = 300 (default)
2019-09-25 07:19:07,841 [pool-127-thread-1] INFO  server.RaftServerConfigKeys (ConfUtils.java:logGet(43)) - raft.server.log.appender.install.snapshot.enabled = false (custom)
2019-09-25 07:19:07,841 [pool-127-thread-1] INFO  impl.RaftServerImpl (ServerState.java:<init>(103)) - 6948f379-f924-4722-ada9-494d6a32b245@group-FA97A0AFE89F: ConfigurationManager, init=-1: [6948f379-f924-4722-ada9-494d6a32b245:192.168.30.10:34637], old=null, confs=<EMPTY_MAP>
2019-09-25 07:19:07,841 [pool-127-thread-1] INFO  server.RaftServerConfigKeys (ConfUtils.java:logGet(43)) - raft.server.storage.dir = [/workdir/hadoop-ozone/ozonefs/target/test-dir/MiniOzoneClusterImpl-53079864-2865-418d-b675-7621d58e8da0/datanode-0/data/ratis] (custom)
2019-09-25 07:19:07,842 [pool-127-thread-1] INFO  storage.RaftStorageDirectory (RaftStorageDirectory.java:analyzeStorage(246)) - The storage directory /workdir/hadoop-ozone/ozonefs/target/test-dir/MiniOzoneClusterImpl-53079864-2865-418d-b675-7621d58e8da0/datanode-0/data/ratis/247cd1d4-c6f3-42ec-8ce0-fa97a0afe89f does not exist. Creating ...
2019-09-25 07:19:07,855 [pool-127-thread-1] INFO  storage.RaftStorageDirectory (RaftStorageDirectory.java:tryLock(328)) - Lock on /workdir/hadoop-ozone/ozonefs/target/test-dir/MiniOzoneClusterImpl-53079864-2865-418d-b675-7621d58e8da0/datanode-0/data/ratis/247cd1d4-c6f3-42ec-8ce0-fa97a0afe89f/in_use.lock acquired by nodename 21239@pr-hdds-1569-s62bp-3040748787
2019-09-25 07:19:07,868 [pool-127-thread-1] INFO  storage.RaftStorage (RaftStorage.java:format(72)) - Storage directory /workdir/hadoop-ozone/ozonefs/target/test-dir/MiniOzoneClusterImpl-53079864-2865-418d-b675-7621d58e8da0/datanode-0/data/ratis/247cd1d4-c6f3-42ec-8ce0-fa97a0afe89f has been successfully formatted.
2019-09-25 07:19:07,868 [pool-127-thread-1] INFO  ratis.ContainerStateMachine (ContainerStateMachine.java:loadSnapshot(230)) - group-FA97A0AFE89F: The snapshot info is null. Setting the last applied indexto:(t:0, i:~)
2019-09-25 07:19:07,868 [pool-127-thread-1] INFO  server.RaftServerConfigKeys (ConfUtils.java:logGet(43)) - raft.server.notification.no-leader.timeout = 120s (custom)
2019-09-25 07:19:07,869 [pool-127-thread-1] INFO  server.RaftServerConfigKeys (ConfUtils.java:logGet(43)) - raft.server.log.use.memory = false (default)
2019-09-25 07:19:07,869 [pool-127-thread-1] INFO  server.RaftServerConfigKeys (ConfUtils.java:logGet(43)) - raft.server.log.purge.gap = 1000000 (custom)
2019-09-25 07:19:07,869 [pool-127-thread-1] INFO  server.RaftServerConfigKeys (ConfUtils.java:logGet(43)) - raft.server.log.appender.buffer.byte-limit = 33554432 (custom)
2019-09-25 07:19:07,869 [pool-127-thread-1] INFO  server.RaftServerConfigKeys (ConfUtils.java:logGet(43)) - raft.server.log.segment.size.max = 1048576 (custom)
2019-09-25 07:19:07,869 [pool-127-thread-1] INFO  server.RaftServerConfigKeys (ConfUtils.java:logGet(43)) - raft.server.log.segment.cache.num.max = 2 (custom)
2019-09-25 07:19:07,869 [pool-127-thread-1] INFO  segmented.SegmentedRaftLogWorker (SegmentedRaftLogWorker.java:<init>(172)) - new 6948f379-f924-4722-ada9-494d6a32b245@group-FA97A0AFE89F-SegmentedRaftLogWorker for RaftStorage:Storage Directory /workdir/hadoop-ozone/ozonefs/target/test-dir/MiniOzoneClusterImpl-53079864-2865-418d-b675-7621d58e8da0/datanode-0/data/ratis/247cd1d4-c6f3-42ec-8ce0-fa97a0afe89f
2019-09-25 07:19:07,869 [pool-127-thread-1] INFO  server.RaftServerConfigKeys (ConfUtils.java:logGet(43)) - raft.server.log.queue.byte-limit = 2147483647 (custom)
2019-09-25 07:19:07,869 [pool-127-thread-1] INFO  server.RaftServerConfigKeys (ConfUtils.java:logGet(43)) - raft.server.log.queue.element-limit = 1024 (custom)
2019-09-25 07:19:07,869 [pool-127-thread-1] INFO  server.RaftServerConfigKeys (ConfUtils.java:logGet(43)) - raft.server.log.segment.size.max = 1048576 (custom)
2019-09-25 07:19:07,870 [pool-127-thread-1] INFO  server.RaftServerConfigKeys (ConfUtils.java:logGet(43)) - raft.server.log.preallocated.size = 16384 (custom)
2019-09-25 07:19:07,870 [pool-127-thread-1] INFO  server.RaftServerConfigKeys (ConfUtils.java:logGet(43)) - raft.server.log.write.buffer.size = 33554432 (custom)
2019-09-25 07:19:07,870 [pool-127-thread-1] INFO  server.RaftServerConfigKeys (ConfUtils.java:logGet(43)) - raft.server.log.force.sync.num = 128 (default)
2019-09-25 07:19:07,870 [pool-127-thread-1] INFO  server.RaftServerConfigKeys (ConfUtils.java:logGet(43)) - raft.server.log.statemachine.data.sync = true (default)
2019-09-25 07:19:07,870 [pool-127-thread-1] INFO  server.RaftServerConfigKeys (ConfUtils.java:logGet(43)) - raft.server.log.statemachine.data.sync.timeout = 10s (default)
2019-09-25 07:19:07,870 [pool-127-thread-1] INFO  server.RaftServerConfigKeys (ConfUtils.java:logGet(43)) - raft.server.log.statemachine.data.sync.timeout.retry = -1 (default)
2019-09-25 07:19:07,870 [pool-127-thread-1] INFO  server.RaftServerConfigKeys (ConfUtils.java:logGet(43)) - raft.server.log.statemachine.data.caching.enabled = true (custom)
2019-09-25 07:19:07,871 [pool-127-thread-1] INFO  segmented.SegmentedRaftLogWorker (SegmentedRaftLogWorker.java:lambda$new$0(132)) - 6948f379-f924-4722-ada9-494d6a32b245@group-FA97A0AFE89F-SegmentedRaftLogWorker: flushIndex: setUnconditionally 0 -> -1
2019-09-25 07:19:07,871 [pool-127-thread-1] INFO  server.RaftServerConfigKeys (ConfUtils.java:logGet(43)) - raft.server.snapshot.auto.trigger.enabled = true (custom)
2019-09-25 07:19:07,871 [pool-127-thread-1] INFO  server.RaftServerConfigKeys (ConfUtils.java:logGet(43)) - raft.server.snapshot.auto.trigger.threshold = 10000 (custom)
2019-09-25 07:19:07,871 [pool-127-thread-1] INFO  server.RaftServerConfigKeys (ConfUtils.java:logGet(43)) - raft.server.snapshot.retention.num.files = 5 (custom)
2019-09-25 07:19:07,871 [pool-127-thread-1] INFO  server.RaftServerConfigKeys (ConfUtils.java:logGet(43)) - raft.server.retrycache.expirytime = 600000ms (custom)
2019-09-25 07:19:07,874 [pool-127-thread-1] INFO  impl.RaftServerImpl (RaftServerImpl.java:start(185)) - 6948f379-f924-4722-ada9-494d6a32b245@group-FA97A0AFE89F: start as a follower, conf=-1: [6948f379-f924-4722-ada9-494d6a32b245:192.168.30.10:34637], old=null
2019-09-25 07:19:07,874 [pool-127-thread-1] INFO  impl.RaftServerImpl (RaftServerImpl.java:setRole(174)) - 6948f379-f924-4722-ada9-494d6a32b245@group-FA97A0AFE89F: changes role from      null to FOLLOWER at term 0 for startAsFollower
2019-09-25 07:19:07,874 [pool-127-thread-1] INFO  impl.RoleInfo (RoleInfo.java:updateAndGet(143)) - 6948f379-f924-4722-ada9-494d6a32b245: start FollowerState
2019-09-25 07:19:07,874 [pool-127-thread-1] INFO  util.JmxRegister (JmxRegister.java:tryRegister(44)) - Successfully registered JMX Bean with object name Ratis:service=RaftServer,group=group-FA97A0AFE89F,id=6948f379-f924-4722-ada9-494d6a32b245
2019-09-25 07:19:07,877 [RatisPipelineUtilsThread] INFO  pipeline.PipelineStateManager (PipelineStateManager.java:addPipeline(56)) - Created pipeline Pipeline[ Id: 247cd1d4-c6f3-42ec-8ce0-fa97a0afe89f, Nodes: 6948f379-f924-4722-ada9-494d6a32b245{ip: 192.168.30.10, host: pr-hdds-1569-s62bp-3040748787, networkLocation: /default-rack, certSerialId: null}, Type:RATIS, Factor:ONE, State:OPEN]
2019-09-25 07:19:07,883 [grpc-default-executor-0] INFO  impl.RaftServerProxy (RaftServerProxy.java:addNew(89)) - 29ce77fd-3396-4484-adab-af54307e8c01: addNew group-ADD26C7DD3D8:[29ce77fd-3396-4484-adab-af54307e8c01:192.168.30.10:38801] returns group-ADD26C7DD3D8:java.util.concurrent.CompletableFuture@7716a3c8[Not completed]
2019-09-25 07:19:07,885 [pool-137-thread-1] INFO  impl.RaftServerImpl (RaftServerImpl.java:<init>(95)) - 29ce77fd-3396-4484-adab-af54307e8c01: new RaftServerImpl for group-ADD26C7DD3D8:[29ce77fd-3396-4484-adab-af54307e8c01:192.168.30.10:38801] with ContainerStateMachine:uninitialized
2019-09-25 07:19:07,885 [pool-137-thread-1] INFO  server.RaftServerConfigKeys (ConfUtils.java:logGet(43)) - raft.server.rpc.timeout.min = 5s (custom)
2019-09-25 07:19:07,886 [pool-137-thread-1] INFO  server.RaftServerConfigKeys (ConfUtils.java:logGet(43)) - raft.server.rpc.timeout.max = 5200ms (custom)
2019-09-25 07:19:07,886 [pool-137-thread-1] INFO  server.RaftServerConfigKeys (ConfUtils.java:logGet(43)) - raft.server.rpcslowness.timeout = 120s (custom)
2019-09-25 07:19:07,886 [pool-137-thread-1] INFO  server.RaftServerConfigKeys (ConfUtils.java:logGet(43)) - raft.server.sleep.deviation.threshold = 300 (default)
2019-09-25 07:19:07,886 [pool-137-thread-1] INFO  server.RaftServerConfigKeys (ConfUtils.java:logGet(43)) - raft.server.log.appender.install.snapshot.enabled = false (custom)
2019-09-25 07:19:07,886 [pool-137-thread-1] INFO  impl.RaftServerImpl (ServerState.java:<init>(103)) - 29ce77fd-3396-4484-adab-af54307e8c01@group-ADD26C7DD3D8: ConfigurationManager, init=-1: [29ce77fd-3396-4484-adab-af54307e8c01:192.168.30.10:38801], old=null, confs=<EMPTY_MAP>
2019-09-25 07:19:07,886 [pool-137-thread-1] INFO  server.RaftServerConfigKeys (ConfUtils.java:logGet(43)) - raft.server.storage.dir = [/workdir/hadoop-ozone/ozonefs/target/test-dir/MiniOzoneClusterImpl-53079864-2865-418d-b675-7621d58e8da0/datanode-1/data/ratis] (custom)
2019-09-25 07:19:07,887 [pool-137-thread-1] INFO  storage.RaftStorageDirectory (RaftStorageDirectory.java:analyzeStorage(246)) - The storage directory /workdir/hadoop-ozone/ozonefs/target/test-dir/MiniOzoneClusterImpl-53079864-2865-418d-b675-7621d58e8da0/datanode-1/data/ratis/ddfd154c-c37d-434e-83d6-add26c7dd3d8 does not exist. Creating ...
2019-09-25 07:19:07,900 [pool-137-thread-1] INFO  storage.RaftStorageDirectory (RaftStorageDirectory.java:tryLock(328)) - Lock on /workdir/hadoop-ozone/ozonefs/target/test-dir/MiniOzoneClusterImpl-53079864-2865-418d-b675-7621d58e8da0/datanode-1/data/ratis/ddfd154c-c37d-434e-83d6-add26c7dd3d8/in_use.lock acquired by nodename 21239@pr-hdds-1569-s62bp-3040748787
2019-09-25 07:19:07,914 [pool-137-thread-1] INFO  storage.RaftStorage (RaftStorage.java:format(72)) - Storage directory /workdir/hadoop-ozone/ozonefs/target/test-dir/MiniOzoneClusterImpl-53079864-2865-418d-b675-7621d58e8da0/datanode-1/data/ratis/ddfd154c-c37d-434e-83d6-add26c7dd3d8 has been successfully formatted.
2019-09-25 07:19:07,914 [pool-137-thread-1] INFO  ratis.ContainerStateMachine (ContainerStateMachine.java:loadSnapshot(230)) - group-ADD26C7DD3D8: The snapshot info is null. Setting the last applied indexto:(t:0, i:~)
2019-09-25 07:19:07,914 [pool-137-thread-1] INFO  server.RaftServerConfigKeys (ConfUtils.java:logGet(43)) - raft.server.notification.no-leader.timeout = 120s (custom)
2019-09-25 07:19:07,915 [pool-137-thread-1] INFO  server.RaftServerConfigKeys (ConfUtils.java:logGet(43)) - raft.server.log.use.memory = false (default)
2019-09-25 07:19:07,915 [pool-137-thread-1] INFO  server.RaftServerConfigKeys (ConfUtils.java:logGet(43)) - raft.server.log.purge.gap = 1000000 (custom)
2019-09-25 07:19:07,915 [pool-137-thread-1] INFO  server.RaftServerConfigKeys (ConfUtils.java:logGet(43)) - raft.server.log.appender.buffer.byte-limit = 33554432 (custom)
2019-09-25 07:19:07,915 [pool-137-thread-1] INFO  server.RaftServerConfigKeys (ConfUtils.java:logGet(43)) - raft.server.log.segment.size.max = 1048576 (custom)
2019-09-25 07:19:07,915 [pool-137-thread-1] INFO  server.RaftServerConfigKeys (ConfUtils.java:logGet(43)) - raft.server.log.segment.cache.num.max = 2 (custom)
2019-09-25 07:19:07,915 [pool-137-thread-1] INFO  segmented.SegmentedRaftLogWorker (SegmentedRaftLogWorker.java:<init>(172)) - new 29ce77fd-3396-4484-adab-af54307e8c01@group-ADD26C7DD3D8-SegmentedRaftLogWorker for RaftStorage:Storage Directory /workdir/hadoop-ozone/ozonefs/target/test-dir/MiniOzoneClusterImpl-53079864-2865-418d-b675-7621d58e8da0/datanode-1/data/ratis/ddfd154c-c37d-434e-83d6-add26c7dd3d8
2019-09-25 07:19:07,916 [pool-137-thread-1] INFO  server.RaftServerConfigKeys (ConfUtils.java:logGet(43)) - raft.server.log.queue.byte-limit = 2147483647 (custom)
2019-09-25 07:19:07,916 [pool-137-thread-1] INFO  server.RaftServerConfigKeys (ConfUtils.java:logGet(43)) - raft.server.log.queue.element-limit = 1024 (custom)
2019-09-25 07:19:07,916 [pool-137-thread-1] INFO  server.RaftServerConfigKeys (ConfUtils.java:logGet(43)) - raft.server.log.segment.size.max = 1048576 (custom)
2019-09-25 07:19:07,916 [pool-137-thread-1] INFO  server.RaftServerConfigKeys (ConfUtils.java:logGet(43)) - raft.server.log.preallocated.size = 16384 (custom)
2019-09-25 07:19:07,916 [pool-137-thread-1] INFO  server.RaftServerConfigKeys (ConfUtils.java:logGet(43)) - raft.server.log.write.buffer.size = 33554432 (custom)
2019-09-25 07:19:07,916 [pool-137-thread-1] INFO  server.RaftServerConfigKeys (ConfUtils.java:logGet(43)) - raft.server.log.force.sync.num = 128 (default)
2019-09-25 07:19:07,917 [pool-137-thread-1] INFO  server.RaftServerConfigKeys (ConfUtils.java:logGet(43)) - raft.server.log.statemachine.data.sync = true (default)
2019-09-25 07:19:07,917 [pool-137-thread-1] INFO  server.RaftServerConfigKeys (ConfUtils.java:logGet(43)) - raft.server.log.statemachine.data.sync.timeout = 10s (default)
2019-09-25 07:19:07,917 [pool-137-thread-1] INFO  server.RaftServerConfigKeys (ConfUtils.java:logGet(43)) - raft.server.log.statemachine.data.sync.timeout.retry = -1 (default)
2019-09-25 07:19:07,917 [pool-137-thread-1] INFO  server.RaftServerConfigKeys (ConfUtils.java:logGet(43)) - raft.server.log.statemachine.data.caching.enabled = true (custom)
2019-09-25 07:19:07,917 [pool-137-thread-1] INFO  segmented.SegmentedRaftLogWorker (SegmentedRaftLogWorker.java:lambda$new$0(132)) - 29ce77fd-3396-4484-adab-af54307e8c01@group-ADD26C7DD3D8-SegmentedRaftLogWorker: flushIndex: setUnconditionally 0 -> -1
2019-09-25 07:19:07,918 [pool-137-thread-1] INFO  server.RaftServerConfigKeys (ConfUtils.java:logGet(43)) - raft.server.snapshot.auto.trigger.enabled = true (custom)
2019-09-25 07:19:07,918 [pool-137-thread-1] INFO  server.RaftServerConfigKeys (ConfUtils.java:logGet(43)) - raft.server.snapshot.auto.trigger.threshold = 10000 (custom)
2019-09-25 07:19:07,918 [pool-137-thread-1] INFO  server.RaftServerConfigKeys (ConfUtils.java:logGet(43)) - raft.server.snapshot.retention.num.files = 5 (custom)
2019-09-25 07:19:07,918 [pool-137-thread-1] INFO  server.RaftServerConfigKeys (ConfUtils.java:logGet(43)) - raft.server.retrycache.expirytime = 600000ms (custom)
2019-09-25 07:19:07,921 [pool-137-thread-1] INFO  impl.RaftServerImpl (RaftServerImpl.java:start(185)) - 29ce77fd-3396-4484-adab-af54307e8c01@group-ADD26C7DD3D8: start as a follower, conf=-1: [29ce77fd-3396-4484-adab-af54307e8c01:192.168.30.10:38801], old=null
2019-09-25 07:19:07,921 [pool-137-thread-1] INFO  impl.RaftServerImpl (RaftServerImpl.java:setRole(174)) - 29ce77fd-3396-4484-adab-af54307e8c01@group-ADD26C7DD3D8: changes role from      null to FOLLOWER at term 0 for startAsFollower
2019-09-25 07:19:07,922 [pool-137-thread-1] INFO  impl.RoleInfo (RoleInfo.java:updateAndGet(143)) - 29ce77fd-3396-4484-adab-af54307e8c01: start FollowerState
2019-09-25 07:19:07,922 [pool-137-thread-1] INFO  util.JmxRegister (JmxRegister.java:tryRegister(44)) - Successfully registered JMX Bean with object name Ratis:service=RaftServer,group=group-ADD26C7DD3D8,id=29ce77fd-3396-4484-adab-af54307e8c01
2019-09-25 07:19:07,926 [RatisPipelineUtilsThread] INFO  pipeline.PipelineStateManager (PipelineStateManager.java:addPipeline(56)) - Created pipeline Pipeline[ Id: ddfd154c-c37d-434e-83d6-add26c7dd3d8, Nodes: 29ce77fd-3396-4484-adab-af54307e8c01{ip: 192.168.30.10, host: pr-hdds-1569-s62bp-3040748787, networkLocation: /default-rack, certSerialId: null}, Type:RATIS, Factor:ONE, State:OPEN]
2019-09-25 07:19:07,932 [grpc-default-executor-0] INFO  impl.RaftServerProxy (RaftServerProxy.java:addNew(89)) - 6948f379-f924-4722-ada9-494d6a32b245: addNew group-583E78C290BD:[6948f379-f924-4722-ada9-494d6a32b245:192.168.30.10:34637] returns group-583E78C290BD:java.util.concurrent.CompletableFuture@3b7a27c1[Not completed]
2019-09-25 07:19:07,934 [pool-127-thread-1] INFO  impl.RaftServerImpl (RaftServerImpl.java:<init>(95)) - 6948f379-f924-4722-ada9-494d6a32b245: new RaftServerImpl for group-583E78C290BD:[6948f379-f924-4722-ada9-494d6a32b245:192.168.30.10:34637] with ContainerStateMachine:uninitialized
2019-09-25 07:19:07,934 [pool-127-thread-1] INFO  server.RaftServerConfigKeys (ConfUtils.java:logGet(43)) - raft.server.rpc.timeout.min = 5s (custom)
2019-09-25 07:19:07,934 [pool-127-thread-1] INFO  server.RaftServerConfigKeys (ConfUtils.java:logGet(43)) - raft.server.rpc.timeout.max = 5200ms (custom)
2019-09-25 07:19:07,934 [pool-127-thread-1] INFO  server.RaftServerConfigKeys (ConfUtils.java:logGet(43)) - raft.server.rpcslowness.timeout = 120s (custom)
2019-09-25 07:19:07,935 [pool-127-thread-1] INFO  server.RaftServerConfigKeys (ConfUtils.java:logGet(43)) - raft.server.sleep.deviation.threshold = 300 (default)
2019-09-25 07:19:07,935 [pool-127-thread-1] INFO  server.RaftServerConfigKeys (ConfUtils.java:logGet(43)) - raft.server.log.appender.install.snapshot.enabled = false (custom)
2019-09-25 07:19:07,935 [pool-127-thread-1] INFO  impl.RaftServerImpl (ServerState.java:<init>(103)) - 6948f379-f924-4722-ada9-494d6a32b245@group-583E78C290BD: ConfigurationManager, init=-1: [6948f379-f924-4722-ada9-494d6a32b245:192.168.30.10:34637], old=null, confs=<EMPTY_MAP>
2019-09-25 07:19:07,935 [pool-127-thread-1] INFO  server.RaftServerConfigKeys (ConfUtils.java:logGet(43)) - raft.server.storage.dir = [/workdir/hadoop-ozone/ozonefs/target/test-dir/MiniOzoneClusterImpl-53079864-2865-418d-b675-7621d58e8da0/datanode-0/data/ratis] (custom)
2019-09-25 07:19:07,935 [pool-127-thread-1] INFO  storage.RaftStorageDirectory (RaftStorageDirectory.java:analyzeStorage(246)) - The storage directory /workdir/hadoop-ozone/ozonefs/target/test-dir/MiniOzoneClusterImpl-53079864-2865-418d-b675-7621d58e8da0/datanode-0/data/ratis/96038400-5703-4258-86d8-583e78c290bd does not exist. Creating ...
2019-09-25 07:19:07,949 [pool-127-thread-1] INFO  storage.RaftStorageDirectory (RaftStorageDirectory.java:tryLock(328)) - Lock on /workdir/hadoop-ozone/ozonefs/target/test-dir/MiniOzoneClusterImpl-53079864-2865-418d-b675-7621d58e8da0/datanode-0/data/ratis/96038400-5703-4258-86d8-583e78c290bd/in_use.lock acquired by nodename 21239@pr-hdds-1569-s62bp-3040748787
2019-09-25 07:19:07,962 [pool-127-thread-1] INFO  storage.RaftStorage (RaftStorage.java:format(72)) - Storage directory /workdir/hadoop-ozone/ozonefs/target/test-dir/MiniOzoneClusterImpl-53079864-2865-418d-b675-7621d58e8da0/datanode-0/data/ratis/96038400-5703-4258-86d8-583e78c290bd has been successfully formatted.
2019-09-25 07:19:07,962 [pool-127-thread-1] INFO  ratis.ContainerStateMachine (ContainerStateMachine.java:loadSnapshot(230)) - group-583E78C290BD: The snapshot info is null. Setting the last applied indexto:(t:0, i:~)
2019-09-25 07:19:07,962 [pool-127-thread-1] INFO  server.RaftServerConfigKeys (ConfUtils.java:logGet(43)) - raft.server.notification.no-leader.timeout = 120s (custom)
2019-09-25 07:19:07,963 [pool-127-thread-1] INFO  server.RaftServerConfigKeys (ConfUtils.java:logGet(43)) - raft.server.log.use.memory = false (default)
2019-09-25 07:19:07,963 [pool-127-thread-1] INFO  server.RaftServerConfigKeys (ConfUtils.java:logGet(43)) - raft.server.log.purge.gap = 1000000 (custom)
2019-09-25 07:19:07,963 [pool-127-thread-1] INFO  server.RaftServerConfigKeys (ConfUtils.java:logGet(43)) - raft.server.log.appender.buffer.byte-limit = 33554432 (custom)
2019-09-25 07:19:07,963 [pool-127-thread-1] INFO  server.RaftServerConfigKeys (ConfUtils.java:logGet(43)) - raft.server.log.segment.size.max = 1048576 (custom)
2019-09-25 07:19:07,963 [pool-127-thread-1] INFO  server.RaftServerConfigKeys (ConfUtils.java:logGet(43)) - raft.server.log.segment.cache.num.max = 2 (custom)
2019-09-25 07:19:07,963 [pool-127-thread-1] INFO  segmented.SegmentedRaftLogWorker (SegmentedRaftLogWorker.java:<init>(172)) - new 6948f379-f924-4722-ada9-494d6a32b245@group-583E78C290BD-SegmentedRaftLogWorker for RaftStorage:Storage Directory /workdir/hadoop-ozone/ozonefs/target/test-dir/MiniOzoneClusterImpl-53079864-2865-418d-b675-7621d58e8da0/datanode-0/data/ratis/96038400-5703-4258-86d8-583e78c290bd
2019-09-25 07:19:07,963 [pool-127-thread-1] INFO  server.RaftServerConfigKeys (ConfUtils.java:logGet(43)) - raft.server.log.queue.byte-limit = 2147483647 (custom)
2019-09-25 07:19:07,963 [pool-127-thread-1] INFO  server.RaftServerConfigKeys (ConfUtils.java:logGet(43)) - raft.server.log.queue.element-limit = 1024 (custom)
2019-09-25 07:19:07,964 [pool-127-thread-1] INFO  server.RaftServerConfigKeys (ConfUtils.java:logGet(43)) - raft.server.log.segment.size.max = 1048576 (custom)
2019-09-25 07:19:07,964 [pool-127-thread-1] INFO  server.RaftServerConfigKeys (ConfUtils.java:logGet(43)) - raft.server.log.preallocated.size = 16384 (custom)
2019-09-25 07:19:07,964 [pool-127-thread-1] INFO  server.RaftServerConfigKeys (ConfUtils.java:logGet(43)) - raft.server.log.write.buffer.size = 33554432 (custom)
2019-09-25 07:19:07,964 [pool-127-thread-1] INFO  server.RaftServerConfigKeys (ConfUtils.java:logGet(43)) - raft.server.log.force.sync.num = 128 (default)
2019-09-25 07:19:07,964 [pool-127-thread-1] INFO  server.RaftServerConfigKeys (ConfUtils.java:logGet(43)) - raft.server.log.statemachine.data.sync = true (default)
2019-09-25 07:19:07,964 [pool-127-thread-1] INFO  server.RaftServerConfigKeys (ConfUtils.java:logGet(43)) - raft.server.log.statemachine.data.sync.timeout = 10s (default)
2019-09-25 07:19:07,964 [pool-127-thread-1] INFO  server.RaftServerConfigKeys (ConfUtils.java:logGet(43)) - raft.server.log.statemachine.data.sync.timeout.retry = -1 (default)
2019-09-25 07:19:07,964 [pool-127-thread-1] INFO  server.RaftServerConfigKeys (ConfUtils.java:logGet(43)) - raft.server.log.statemachine.data.caching.enabled = true (custom)
2019-09-25 07:19:07,965 [pool-127-thread-1] INFO  segmented.SegmentedRaftLogWorker (SegmentedRaftLogWorker.java:lambda$new$0(132)) - 6948f379-f924-4722-ada9-494d6a32b245@group-583E78C290BD-SegmentedRaftLogWorker: flushIndex: setUnconditionally 0 -> -1
2019-09-25 07:19:07,965 [pool-127-thread-1] INFO  server.RaftServerConfigKeys (ConfUtils.java:logGet(43)) - raft.server.snapshot.auto.trigger.enabled = true (custom)
2019-09-25 07:19:07,965 [pool-127-thread-1] INFO  server.RaftServerConfigKeys (ConfUtils.java:logGet(43)) - raft.server.snapshot.auto.trigger.threshold = 10000 (custom)
2019-09-25 07:19:07,965 [pool-127-thread-1] INFO  server.RaftServerConfigKeys (ConfUtils.java:logGet(43)) - raft.server.snapshot.retention.num.files = 5 (custom)
2019-09-25 07:19:07,965 [pool-127-thread-1] INFO  server.RaftServerConfigKeys (ConfUtils.java:logGet(43)) - raft.server.retrycache.expirytime = 600000ms (custom)
2019-09-25 07:19:07,967 [pool-127-thread-1] INFO  impl.RaftServerImpl (RaftServerImpl.java:start(185)) - 6948f379-f924-4722-ada9-494d6a32b245@group-583E78C290BD: start as a follower, conf=-1: [6948f379-f924-4722-ada9-494d6a32b245:192.168.30.10:34637], old=null
2019-09-25 07:19:07,968 [pool-127-thread-1] INFO  impl.RaftServerImpl (RaftServerImpl.java:setRole(174)) - 6948f379-f924-4722-ada9-494d6a32b245@group-583E78C290BD: changes role from      null to FOLLOWER at term 0 for startAsFollower
2019-09-25 07:19:07,968 [pool-127-thread-1] INFO  impl.RoleInfo (RoleInfo.java:updateAndGet(143)) - 6948f379-f924-4722-ada9-494d6a32b245: start FollowerState
2019-09-25 07:19:07,968 [pool-127-thread-1] INFO  util.JmxRegister (JmxRegister.java:tryRegister(44)) - Successfully registered JMX Bean with object name Ratis:service=RaftServer,group=group-583E78C290BD,id=6948f379-f924-4722-ada9-494d6a32b245
2019-09-25 07:19:07,972 [RatisPipelineUtilsThread] INFO  pipeline.PipelineStateManager (PipelineStateManager.java:addPipeline(56)) - Created pipeline Pipeline[ Id: 96038400-5703-4258-86d8-583e78c290bd, Nodes: 6948f379-f924-4722-ada9-494d6a32b245{ip: 192.168.30.10, host: pr-hdds-1569-s62bp-3040748787, networkLocation: /default-rack, certSerialId: null}, Type:RATIS, Factor:ONE, State:OPEN]
2019-09-25 07:19:07,972 [RatisPipelineUtilsThread] INFO  pipeline.PipelinePlacementPolicy (PipelinePlacementPolicy.java:meetCriteria(91)) - Pipeline Placement: Doesn't meet the criteria to be viable node： 6948f379-f924-4722-ada9-494d6a32b245 Heaviness: 6 limit: 5
2019-09-25 07:19:07,981 [grpc-default-executor-0] INFO  impl.RaftServerProxy (RaftServerProxy.java:addNew(89)) - b6d16c04-1efb-41d0-8f30-e52b02e93617: addNew group-7A625F68D2A1:[b6d16c04-1efb-41d0-8f30-e52b02e93617:192.168.30.10:43139] returns group-7A625F68D2A1:java.util.concurrent.CompletableFuture@78fbdeb1[Not completed]
2019-09-25 07:19:07,983 [pool-147-thread-1] INFO  impl.RaftServerImpl (RaftServerImpl.java:<init>(95)) - b6d16c04-1efb-41d0-8f30-e52b02e93617: new RaftServerImpl for group-7A625F68D2A1:[b6d16c04-1efb-41d0-8f30-e52b02e93617:192.168.30.10:43139] with ContainerStateMachine:uninitialized
2019-09-25 07:19:07,983 [pool-147-thread-1] INFO  server.RaftServerConfigKeys (ConfUtils.java:logGet(43)) - raft.server.rpc.timeout.min = 5s (custom)
2019-09-25 07:19:07,983 [pool-147-thread-1] INFO  server.RaftServerConfigKeys (ConfUtils.java:logGet(43)) - raft.server.rpc.timeout.max = 5200ms (custom)
2019-09-25 07:19:07,983 [pool-147-thread-1] INFO  server.RaftServerConfigKeys (ConfUtils.java:logGet(43)) - raft.server.rpcslowness.timeout = 120s (custom)
2019-09-25 07:19:07,983 [pool-147-thread-1] INFO  server.RaftServerConfigKeys (ConfUtils.java:logGet(43)) - raft.server.sleep.deviation.threshold = 300 (default)
2019-09-25 07:19:07,984 [pool-147-thread-1] INFO  server.RaftServerConfigKeys (ConfUtils.java:logGet(43)) - raft.server.log.appender.install.snapshot.enabled = false (custom)
2019-09-25 07:19:07,984 [pool-147-thread-1] INFO  impl.RaftServerImpl (ServerState.java:<init>(103)) - b6d16c04-1efb-41d0-8f30-e52b02e93617@group-7A625F68D2A1: ConfigurationManager, init=-1: [b6d16c04-1efb-41d0-8f30-e52b02e93617:192.168.30.10:43139], old=null, confs=<EMPTY_MAP>
2019-09-25 07:19:07,984 [pool-147-thread-1] INFO  server.RaftServerConfigKeys (ConfUtils.java:logGet(43)) - raft.server.storage.dir = [/workdir/hadoop-ozone/ozonefs/target/test-dir/MiniOzoneClusterImpl-53079864-2865-418d-b675-7621d58e8da0/datanode-2/data/ratis] (custom)
2019-09-25 07:19:07,984 [pool-147-thread-1] INFO  storage.RaftStorageDirectory (RaftStorageDirectory.java:analyzeStorage(246)) - The storage directory /workdir/hadoop-ozone/ozonefs/target/test-dir/MiniOzoneClusterImpl-53079864-2865-418d-b675-7621d58e8da0/datanode-2/data/ratis/3ff76c7c-fe24-4f64-bf77-7a625f68d2a1 does not exist. Creating ...
2019-09-25 07:19:07,998 [pool-147-thread-1] INFO  storage.RaftStorageDirectory (RaftStorageDirectory.java:tryLock(328)) - Lock on /workdir/hadoop-ozone/ozonefs/target/test-dir/MiniOzoneClusterImpl-53079864-2865-418d-b675-7621d58e8da0/datanode-2/data/ratis/3ff76c7c-fe24-4f64-bf77-7a625f68d2a1/in_use.lock acquired by nodename 21239@pr-hdds-1569-s62bp-3040748787
2019-09-25 07:19:08,011 [pool-147-thread-1] INFO  storage.RaftStorage (RaftStorage.java:format(72)) - Storage directory /workdir/hadoop-ozone/ozonefs/target/test-dir/MiniOzoneClusterImpl-53079864-2865-418d-b675-7621d58e8da0/datanode-2/data/ratis/3ff76c7c-fe24-4f64-bf77-7a625f68d2a1 has been successfully formatted.
2019-09-25 07:19:08,012 [pool-147-thread-1] INFO  ratis.ContainerStateMachine (ContainerStateMachine.java:loadSnapshot(230)) - group-7A625F68D2A1: The snapshot info is null. Setting the last applied indexto:(t:0, i:~)
2019-09-25 07:19:08,012 [pool-147-thread-1] INFO  server.RaftServerConfigKeys (ConfUtils.java:logGet(43)) - raft.server.notification.no-leader.timeout = 120s (custom)
2019-09-25 07:19:08,012 [pool-147-thread-1] INFO  server.RaftServerConfigKeys (ConfUtils.java:logGet(43)) - raft.server.log.use.memory = false (default)
2019-09-25 07:19:08,012 [pool-147-thread-1] INFO  server.RaftServerConfigKeys (ConfUtils.java:logGet(43)) - raft.server.log.purge.gap = 1000000 (custom)
2019-09-25 07:19:08,012 [pool-147-thread-1] INFO  server.RaftServerConfigKeys (ConfUtils.java:logGet(43)) - raft.server.log.appender.buffer.byte-limit = 33554432 (custom)
2019-09-25 07:19:08,013 [pool-147-thread-1] INFO  server.RaftServerConfigKeys (ConfUtils.java:logGet(43)) - raft.server.log.segment.size.max = 1048576 (custom)
2019-09-25 07:19:08,013 [pool-147-thread-1] INFO  server.RaftServerConfigKeys (ConfUtils.java:logGet(43)) - raft.server.log.segment.cache.num.max = 2 (custom)
2019-09-25 07:19:08,013 [pool-147-thread-1] INFO  segmented.SegmentedRaftLogWorker (SegmentedRaftLogWorker.java:<init>(172)) - new b6d16c04-1efb-41d0-8f30-e52b02e93617@group-7A625F68D2A1-SegmentedRaftLogWorker for RaftStorage:Storage Directory /workdir/hadoop-ozone/ozonefs/target/test-dir/MiniOzoneClusterImpl-53079864-2865-418d-b675-7621d58e8da0/datanode-2/data/ratis/3ff76c7c-fe24-4f64-bf77-7a625f68d2a1
2019-09-25 07:19:08,016 [pool-147-thread-1] INFO  server.RaftServerConfigKeys (ConfUtils.java:logGet(43)) - raft.server.log.queue.byte-limit = 2147483647 (custom)
2019-09-25 07:19:08,016 [pool-147-thread-1] INFO  server.RaftServerConfigKeys (ConfUtils.java:logGet(43)) - raft.server.log.queue.element-limit = 1024 (custom)
2019-09-25 07:19:08,016 [pool-147-thread-1] INFO  server.RaftServerConfigKeys (ConfUtils.java:logGet(43)) - raft.server.log.segment.size.max = 1048576 (custom)
2019-09-25 07:19:08,017 [pool-147-thread-1] INFO  server.RaftServerConfigKeys (ConfUtils.java:logGet(43)) - raft.server.log.preallocated.size = 16384 (custom)
2019-09-25 07:19:08,017 [pool-147-thread-1] INFO  server.RaftServerConfigKeys (ConfUtils.java:logGet(43)) - raft.server.log.write.buffer.size = 33554432 (custom)
2019-09-25 07:19:08,017 [pool-147-thread-1] INFO  server.RaftServerConfigKeys (ConfUtils.java:logGet(43)) - raft.server.log.force.sync.num = 128 (default)
2019-09-25 07:19:08,017 [pool-147-thread-1] INFO  server.RaftServerConfigKeys (ConfUtils.java:logGet(43)) - raft.server.log.statemachine.data.sync = true (default)
2019-09-25 07:19:08,017 [pool-147-thread-1] INFO  server.RaftServerConfigKeys (ConfUtils.java:logGet(43)) - raft.server.log.statemachine.data.sync.timeout = 10s (default)
2019-09-25 07:19:08,017 [pool-147-thread-1] INFO  server.RaftServerConfigKeys (ConfUtils.java:logGet(43)) - raft.server.log.statemachine.data.sync.timeout.retry = -1 (default)
2019-09-25 07:19:08,018 [pool-147-thread-1] INFO  server.RaftServerConfigKeys (ConfUtils.java:logGet(43)) - raft.server.log.statemachine.data.caching.enabled = true (custom)
2019-09-25 07:19:08,018 [pool-147-thread-1] INFO  segmented.SegmentedRaftLogWorker (SegmentedRaftLogWorker.java:lambda$new$0(132)) - b6d16c04-1efb-41d0-8f30-e52b02e93617@group-7A625F68D2A1-SegmentedRaftLogWorker: flushIndex: setUnconditionally 0 -> -1
2019-09-25 07:19:08,018 [pool-147-thread-1] INFO  server.RaftServerConfigKeys (ConfUtils.java:logGet(43)) - raft.server.snapshot.auto.trigger.enabled = true (custom)
2019-09-25 07:19:08,019 [pool-147-thread-1] INFO  server.RaftServerConfigKeys (ConfUtils.java:logGet(43)) - raft.server.snapshot.auto.trigger.threshold = 10000 (custom)
2019-09-25 07:19:08,019 [pool-147-thread-1] INFO  server.RaftServerConfigKeys (ConfUtils.java:logGet(43)) - raft.server.snapshot.retention.num.files = 5 (custom)
2019-09-25 07:19:08,019 [pool-147-thread-1] INFO  server.RaftServerConfigKeys (ConfUtils.java:logGet(43)) - raft.server.retrycache.expirytime = 600000ms (custom)
2019-09-25 07:19:08,022 [pool-147-thread-1] INFO  impl.RaftServerImpl (RaftServerImpl.java:start(185)) - b6d16c04-1efb-41d0-8f30-e52b02e93617@group-7A625F68D2A1: start as a follower, conf=-1: [b6d16c04-1efb-41d0-8f30-e52b02e93617:192.168.30.10:43139], old=null
2019-09-25 07:19:08,022 [pool-147-thread-1] INFO  impl.RaftServerImpl (RaftServerImpl.java:setRole(174)) - b6d16c04-1efb-41d0-8f30-e52b02e93617@group-7A625F68D2A1: changes role from      null to FOLLOWER at term 0 for startAsFollower
2019-09-25 07:19:08,022 [pool-147-thread-1] INFO  impl.RoleInfo (RoleInfo.java:updateAndGet(143)) - b6d16c04-1efb-41d0-8f30-e52b02e93617: start FollowerState
2019-09-25 07:19:08,023 [pool-147-thread-1] INFO  util.JmxRegister (JmxRegister.java:tryRegister(44)) - Successfully registered JMX Bean with object name Ratis:service=RaftServer,group=group-7A625F68D2A1,id=b6d16c04-1efb-41d0-8f30-e52b02e93617
2019-09-25 07:19:08,027 [RatisPipelineUtilsThread] INFO  pipeline.PipelineStateManager (PipelineStateManager.java:addPipeline(56)) - Created pipeline Pipeline[ Id: 3ff76c7c-fe24-4f64-bf77-7a625f68d2a1, Nodes: b6d16c04-1efb-41d0-8f30-e52b02e93617{ip: 192.168.30.10, host: pr-hdds-1569-s62bp-3040748787, networkLocation: /default-rack, certSerialId: null}, Type:RATIS, Factor:ONE, State:OPEN]
2019-09-25 07:19:08,027 [RatisPipelineUtilsThread] INFO  pipeline.PipelinePlacementPolicy (PipelinePlacementPolicy.java:meetCriteria(91)) - Pipeline Placement: Doesn't meet the criteria to be viable node： 6948f379-f924-4722-ada9-494d6a32b245 Heaviness: 6 limit: 5
2019-09-25 07:19:08,034 [grpc-default-executor-0] INFO  impl.RaftServerProxy (RaftServerProxy.java:addNew(89)) - 29ce77fd-3396-4484-adab-af54307e8c01: addNew group-DEB19540C111:[29ce77fd-3396-4484-adab-af54307e8c01:192.168.30.10:38801] returns group-DEB19540C111:java.util.concurrent.CompletableFuture@50f98eeb[Not completed]
2019-09-25 07:19:08,036 [pool-137-thread-1] INFO  impl.RaftServerImpl (RaftServerImpl.java:<init>(95)) - 29ce77fd-3396-4484-adab-af54307e8c01: new RaftServerImpl for group-DEB19540C111:[29ce77fd-3396-4484-adab-af54307e8c01:192.168.30.10:38801] with ContainerStateMachine:uninitialized
2019-09-25 07:19:08,036 [pool-137-thread-1] INFO  server.RaftServerConfigKeys (ConfUtils.java:logGet(43)) - raft.server.rpc.timeout.min = 5s (custom)
2019-09-25 07:19:08,036 [pool-137-thread-1] INFO  server.RaftServerConfigKeys (ConfUtils.java:logGet(43)) - raft.server.rpc.timeout.max = 5200ms (custom)
2019-09-25 07:19:08,037 [pool-137-thread-1] INFO  server.RaftServerConfigKeys (ConfUtils.java:logGet(43)) - raft.server.rpcslowness.timeout = 120s (custom)
2019-09-25 07:19:08,037 [pool-137-thread-1] INFO  server.RaftServerConfigKeys (ConfUtils.java:logGet(43)) - raft.server.sleep.deviation.threshold = 300 (default)
2019-09-25 07:19:08,037 [pool-137-thread-1] INFO  server.RaftServerConfigKeys (ConfUtils.java:logGet(43)) - raft.server.log.appender.install.snapshot.enabled = false (custom)
2019-09-25 07:19:08,037 [pool-137-thread-1] INFO  impl.RaftServerImpl (ServerState.java:<init>(103)) - 29ce77fd-3396-4484-adab-af54307e8c01@group-DEB19540C111: ConfigurationManager, init=-1: [29ce77fd-3396-4484-adab-af54307e8c01:192.168.30.10:38801], old=null, confs=<EMPTY_MAP>
2019-09-25 07:19:08,037 [pool-137-thread-1] INFO  server.RaftServerConfigKeys (ConfUtils.java:logGet(43)) - raft.server.storage.dir = [/workdir/hadoop-ozone/ozonefs/target/test-dir/MiniOzoneClusterImpl-53079864-2865-418d-b675-7621d58e8da0/datanode-1/data/ratis] (custom)
2019-09-25 07:19:08,038 [pool-137-thread-1] INFO  storage.RaftStorageDirectory (RaftStorageDirectory.java:analyzeStorage(246)) - The storage directory /workdir/hadoop-ozone/ozonefs/target/test-dir/MiniOzoneClusterImpl-53079864-2865-418d-b675-7621d58e8da0/datanode-1/data/ratis/f3252cfa-901c-46d7-b621-deb19540c111 does not exist. Creating ...
2019-09-25 07:19:08,050 [pool-137-thread-1] INFO  storage.RaftStorageDirectory (RaftStorageDirectory.java:tryLock(328)) - Lock on /workdir/hadoop-ozone/ozonefs/target/test-dir/MiniOzoneClusterImpl-53079864-2865-418d-b675-7621d58e8da0/datanode-1/data/ratis/f3252cfa-901c-46d7-b621-deb19540c111/in_use.lock acquired by nodename 21239@pr-hdds-1569-s62bp-3040748787
2019-09-25 07:19:08,063 [pool-137-thread-1] INFO  storage.RaftStorage (RaftStorage.java:format(72)) - Storage directory /workdir/hadoop-ozone/ozonefs/target/test-dir/MiniOzoneClusterImpl-53079864-2865-418d-b675-7621d58e8da0/datanode-1/data/ratis/f3252cfa-901c-46d7-b621-deb19540c111 has been successfully formatted.
2019-09-25 07:19:08,064 [pool-137-thread-1] INFO  ratis.ContainerStateMachine (ContainerStateMachine.java:loadSnapshot(230)) - group-DEB19540C111: The snapshot info is null. Setting the last applied indexto:(t:0, i:~)
2019-09-25 07:19:08,064 [pool-137-thread-1] INFO  server.RaftServerConfigKeys (ConfUtils.java:logGet(43)) - raft.server.notification.no-leader.timeout = 120s (custom)
2019-09-25 07:19:08,064 [pool-137-thread-1] INFO  server.RaftServerConfigKeys (ConfUtils.java:logGet(43)) - raft.server.log.use.memory = false (default)
2019-09-25 07:19:08,064 [pool-137-thread-1] INFO  server.RaftServerConfigKeys (ConfUtils.java:logGet(43)) - raft.server.log.purge.gap = 1000000 (custom)
2019-09-25 07:19:08,064 [pool-137-thread-1] INFO  server.RaftServerConfigKeys (ConfUtils.java:logGet(43)) - raft.server.log.appender.buffer.byte-limit = 33554432 (custom)
2019-09-25 07:19:08,065 [pool-137-thread-1] INFO  server.RaftServerConfigKeys (ConfUtils.java:logGet(43)) - raft.server.log.segment.size.max = 1048576 (custom)
2019-09-25 07:19:08,065 [pool-137-thread-1] INFO  server.RaftServerConfigKeys (ConfUtils.java:logGet(43)) - raft.server.log.segment.cache.num.max = 2 (custom)
2019-09-25 07:19:08,065 [pool-137-thread-1] INFO  segmented.SegmentedRaftLogWorker (SegmentedRaftLogWorker.java:<init>(172)) - new 29ce77fd-3396-4484-adab-af54307e8c01@group-DEB19540C111-SegmentedRaftLogWorker for RaftStorage:Storage Directory /workdir/hadoop-ozone/ozonefs/target/test-dir/MiniOzoneClusterImpl-53079864-2865-418d-b675-7621d58e8da0/datanode-1/data/ratis/f3252cfa-901c-46d7-b621-deb19540c111
2019-09-25 07:19:08,065 [pool-137-thread-1] INFO  server.RaftServerConfigKeys (ConfUtils.java:logGet(43)) - raft.server.log.queue.byte-limit = 2147483647 (custom)
2019-09-25 07:19:08,065 [pool-137-thread-1] INFO  server.RaftServerConfigKeys (ConfUtils.java:logGet(43)) - raft.server.log.queue.element-limit = 1024 (custom)
2019-09-25 07:19:08,066 [pool-137-thread-1] INFO  server.RaftServerConfigKeys (ConfUtils.java:logGet(43)) - raft.server.log.segment.size.max = 1048576 (custom)
2019-09-25 07:19:08,066 [pool-137-thread-1] INFO  server.RaftServerConfigKeys (ConfUtils.java:logGet(43)) - raft.server.log.preallocated.size = 16384 (custom)
2019-09-25 07:19:08,066 [pool-137-thread-1] INFO  server.RaftServerConfigKeys (ConfUtils.java:logGet(43)) - raft.server.log.write.buffer.size = 33554432 (custom)
2019-09-25 07:19:08,066 [pool-137-thread-1] INFO  server.RaftServerConfigKeys (ConfUtils.java:logGet(43)) - raft.server.log.force.sync.num = 128 (default)
2019-09-25 07:19:08,066 [pool-137-thread-1] INFO  server.RaftServerConfigKeys (ConfUtils.java:logGet(43)) - raft.server.log.statemachine.data.sync = true (default)
2019-09-25 07:19:08,066 [pool-137-thread-1] INFO  server.RaftServerConfigKeys (ConfUtils.java:logGet(43)) - raft.server.log.statemachine.data.sync.timeout = 10s (default)
2019-09-25 07:19:08,067 [pool-137-thread-1] INFO  server.RaftServerConfigKeys (ConfUtils.java:logGet(43)) - raft.server.log.statemachine.data.sync.timeout.retry = -1 (default)
2019-09-25 07:19:08,067 [pool-137-thread-1] INFO  server.RaftServerConfigKeys (ConfUtils.java:logGet(43)) - raft.server.log.statemachine.data.caching.enabled = true (custom)
2019-09-25 07:19:08,067 [pool-137-thread-1] INFO  segmented.SegmentedRaftLogWorker (SegmentedRaftLogWorker.java:lambda$new$0(132)) - 29ce77fd-3396-4484-adab-af54307e8c01@group-DEB19540C111-SegmentedRaftLogWorker: flushIndex: setUnconditionally 0 -> -1
2019-09-25 07:19:08,068 [pool-137-thread-1] INFO  server.RaftServerConfigKeys (ConfUtils.java:logGet(43)) - raft.server.snapshot.auto.trigger.enabled = true (custom)
2019-09-25 07:19:08,068 [pool-137-thread-1] INFO  server.RaftServerConfigKeys (ConfUtils.java:logGet(43)) - raft.server.snapshot.auto.trigger.threshold = 10000 (custom)
2019-09-25 07:19:08,068 [pool-137-thread-1] INFO  server.RaftServerConfigKeys (ConfUtils.java:logGet(43)) - raft.server.snapshot.retention.num.files = 5 (custom)
2019-09-25 07:19:08,068 [pool-137-thread-1] INFO  server.RaftServerConfigKeys (ConfUtils.java:logGet(43)) - raft.server.retrycache.expirytime = 600000ms (custom)
2019-09-25 07:19:08,072 [pool-137-thread-1] INFO  impl.RaftServerImpl (RaftServerImpl.java:start(185)) - 29ce77fd-3396-4484-adab-af54307e8c01@group-DEB19540C111: start as a follower, conf=-1: [29ce77fd-3396-4484-adab-af54307e8c01:192.168.30.10:38801], old=null
2019-09-25 07:19:08,072 [pool-137-thread-1] INFO  impl.RaftServerImpl (RaftServerImpl.java:setRole(174)) - 29ce77fd-3396-4484-adab-af54307e8c01@group-DEB19540C111: changes role from      null to FOLLOWER at term 0 for startAsFollower
2019-09-25 07:19:08,072 [pool-137-thread-1] INFO  impl.RoleInfo (RoleInfo.java:updateAndGet(143)) - 29ce77fd-3396-4484-adab-af54307e8c01: start FollowerState
2019-09-25 07:19:08,073 [pool-137-thread-1] INFO  util.JmxRegister (JmxRegister.java:tryRegister(44)) - Successfully registered JMX Bean with object name Ratis:service=RaftServer,group=group-DEB19540C111,id=29ce77fd-3396-4484-adab-af54307e8c01
2019-09-25 07:19:08,077 [RatisPipelineUtilsThread] INFO  pipeline.PipelineStateManager (PipelineStateManager.java:addPipeline(56)) - Created pipeline Pipeline[ Id: f3252cfa-901c-46d7-b621-deb19540c111, Nodes: 29ce77fd-3396-4484-adab-af54307e8c01{ip: 192.168.30.10, host: pr-hdds-1569-s62bp-3040748787, networkLocation: /default-rack, certSerialId: null}, Type:RATIS, Factor:ONE, State:OPEN]
2019-09-25 07:19:08,077 [RatisPipelineUtilsThread] INFO  pipeline.PipelinePlacementPolicy (PipelinePlacementPolicy.java:meetCriteria(91)) - Pipeline Placement: Doesn't meet the criteria to be viable node： 6948f379-f924-4722-ada9-494d6a32b245 Heaviness: 6 limit: 5
2019-09-25 07:19:08,084 [grpc-default-executor-0] INFO  impl.RaftServerProxy (RaftServerProxy.java:addNew(89)) - b6d16c04-1efb-41d0-8f30-e52b02e93617: addNew group-C55CF425F5E9:[b6d16c04-1efb-41d0-8f30-e52b02e93617:192.168.30.10:43139] returns group-C55CF425F5E9:java.util.concurrent.CompletableFuture@21612b35[Not completed]
2019-09-25 07:19:08,086 [pool-147-thread-1] INFO  impl.RaftServerImpl (RaftServerImpl.java:<init>(95)) - b6d16c04-1efb-41d0-8f30-e52b02e93617: new RaftServerImpl for group-C55CF425F5E9:[b6d16c04-1efb-41d0-8f30-e52b02e93617:192.168.30.10:43139] with ContainerStateMachine:uninitialized
2019-09-25 07:19:08,087 [pool-147-thread-1] INFO  server.RaftServerConfigKeys (ConfUtils.java:logGet(43)) - raft.server.rpc.timeout.min = 5s (custom)
2019-09-25 07:19:08,087 [pool-147-thread-1] INFO  server.RaftServerConfigKeys (ConfUtils.java:logGet(43)) - raft.server.rpc.timeout.max = 5200ms (custom)
2019-09-25 07:19:08,087 [pool-147-thread-1] INFO  server.RaftServerConfigKeys (ConfUtils.java:logGet(43)) - raft.server.rpcslowness.timeout = 120s (custom)
2019-09-25 07:19:08,087 [pool-147-thread-1] INFO  server.RaftServerConfigKeys (ConfUtils.java:logGet(43)) - raft.server.sleep.deviation.threshold = 300 (default)
2019-09-25 07:19:08,087 [pool-147-thread-1] INFO  server.RaftServerConfigKeys (ConfUtils.java:logGet(43)) - raft.server.log.appender.install.snapshot.enabled = false (custom)
2019-09-25 07:19:08,088 [pool-147-thread-1] INFO  impl.RaftServerImpl (ServerState.java:<init>(103)) - b6d16c04-1efb-41d0-8f30-e52b02e93617@group-C55CF425F5E9: ConfigurationManager, init=-1: [b6d16c04-1efb-41d0-8f30-e52b02e93617:192.168.30.10:43139], old=null, confs=<EMPTY_MAP>
2019-09-25 07:19:08,088 [pool-147-thread-1] INFO  server.RaftServerConfigKeys (ConfUtils.java:logGet(43)) - raft.server.storage.dir = [/workdir/hadoop-ozone/ozonefs/target/test-dir/MiniOzoneClusterImpl-53079864-2865-418d-b675-7621d58e8da0/datanode-2/data/ratis] (custom)
2019-09-25 07:19:08,088 [pool-147-thread-1] INFO  storage.RaftStorageDirectory (RaftStorageDirectory.java:analyzeStorage(246)) - The storage directory /workdir/hadoop-ozone/ozonefs/target/test-dir/MiniOzoneClusterImpl-53079864-2865-418d-b675-7621d58e8da0/datanode-2/data/ratis/debe350a-4dbe-49a7-9871-c55cf425f5e9 does not exist. Creating ...
2019-09-25 07:19:08,118 [pool-147-thread-1] INFO  storage.RaftStorageDirectory (RaftStorageDirectory.java:tryLock(328)) - Lock on /workdir/hadoop-ozone/ozonefs/target/test-dir/MiniOzoneClusterImpl-53079864-2865-418d-b675-7621d58e8da0/datanode-2/data/ratis/debe350a-4dbe-49a7-9871-c55cf425f5e9/in_use.lock acquired by nodename 21239@pr-hdds-1569-s62bp-3040748787
2019-09-25 07:19:08,132 [pool-147-thread-1] INFO  storage.RaftStorage (RaftStorage.java:format(72)) - Storage directory /workdir/hadoop-ozone/ozonefs/target/test-dir/MiniOzoneClusterImpl-53079864-2865-418d-b675-7621d58e8da0/datanode-2/data/ratis/debe350a-4dbe-49a7-9871-c55cf425f5e9 has been successfully formatted.
2019-09-25 07:19:08,132 [pool-147-thread-1] INFO  ratis.ContainerStateMachine (ContainerStateMachine.java:loadSnapshot(230)) - group-C55CF425F5E9: The snapshot info is null. Setting the last applied indexto:(t:0, i:~)
2019-09-25 07:19:08,133 [pool-147-thread-1] INFO  server.RaftServerConfigKeys (ConfUtils.java:logGet(43)) - raft.server.notification.no-leader.timeout = 120s (custom)
2019-09-25 07:19:08,133 [pool-147-thread-1] INFO  server.RaftServerConfigKeys (ConfUtils.java:logGet(43)) - raft.server.log.use.memory = false (default)
2019-09-25 07:19:08,133 [pool-147-thread-1] INFO  server.RaftServerConfigKeys (ConfUtils.java:logGet(43)) - raft.server.log.purge.gap = 1000000 (custom)
2019-09-25 07:19:08,133 [pool-147-thread-1] INFO  server.RaftServerConfigKeys (ConfUtils.java:logGet(43)) - raft.server.log.appender.buffer.byte-limit = 33554432 (custom)
2019-09-25 07:19:08,133 [pool-147-thread-1] INFO  server.RaftServerConfigKeys (ConfUtils.java:logGet(43)) - raft.server.log.segment.size.max = 1048576 (custom)
2019-09-25 07:19:08,133 [pool-147-thread-1] INFO  server.RaftServerConfigKeys (ConfUtils.java:logGet(43)) - raft.server.log.segment.cache.num.max = 2 (custom)
2019-09-25 07:19:08,133 [pool-147-thread-1] INFO  segmented.SegmentedRaftLogWorker (SegmentedRaftLogWorker.java:<init>(172)) - new b6d16c04-1efb-41d0-8f30-e52b02e93617@group-C55CF425F5E9-SegmentedRaftLogWorker for RaftStorage:Storage Directory /workdir/hadoop-ozone/ozonefs/target/test-dir/MiniOzoneClusterImpl-53079864-2865-418d-b675-7621d58e8da0/datanode-2/data/ratis/debe350a-4dbe-49a7-9871-c55cf425f5e9
2019-09-25 07:19:08,133 [pool-147-thread-1] INFO  server.RaftServerConfigKeys (ConfUtils.java:logGet(43)) - raft.server.log.queue.byte-limit = 2147483647 (custom)
2019-09-25 07:19:08,134 [pool-147-thread-1] INFO  server.RaftServerConfigKeys (ConfUtils.java:logGet(43)) - raft.server.log.queue.element-limit = 1024 (custom)
2019-09-25 07:19:08,134 [pool-147-thread-1] INFO  server.RaftServerConfigKeys (ConfUtils.java:logGet(43)) - raft.server.log.segment.size.max = 1048576 (custom)
2019-09-25 07:19:08,134 [pool-147-thread-1] INFO  server.RaftServerConfigKeys (ConfUtils.java:logGet(43)) - raft.server.log.preallocated.size = 16384 (custom)
2019-09-25 07:19:08,134 [pool-147-thread-1] INFO  server.RaftServerConfigKeys (ConfUtils.java:logGet(43)) - raft.server.log.write.buffer.size = 33554432 (custom)
2019-09-25 07:19:08,134 [pool-147-thread-1] INFO  server.RaftServerConfigKeys (ConfUtils.java:logGet(43)) - raft.server.log.force.sync.num = 128 (default)
2019-09-25 07:19:08,134 [pool-147-thread-1] INFO  server.RaftServerConfigKeys (ConfUtils.java:logGet(43)) - raft.server.log.statemachine.data.sync = true (default)
2019-09-25 07:19:08,134 [pool-147-thread-1] INFO  server.RaftServerConfigKeys (ConfUtils.java:logGet(43)) - raft.server.log.statemachine.data.sync.timeout = 10s (default)
2019-09-25 07:19:08,134 [pool-147-thread-1] INFO  server.RaftServerConfigKeys (ConfUtils.java:logGet(43)) - raft.server.log.statemachine.data.sync.timeout.retry = -1 (default)
2019-09-25 07:19:08,135 [pool-147-thread-1] INFO  server.RaftServerConfigKeys (ConfUtils.java:logGet(43)) - raft.server.log.statemachine.data.caching.enabled = true (custom)
2019-09-25 07:19:08,135 [pool-147-thread-1] INFO  segmented.SegmentedRaftLogWorker (SegmentedRaftLogWorker.java:lambda$new$0(132)) - b6d16c04-1efb-41d0-8f30-e52b02e93617@group-C55CF425F5E9-SegmentedRaftLogWorker: flushIndex: setUnconditionally 0 -> -1
2019-09-25 07:19:08,135 [pool-147-thread-1] INFO  server.RaftServerConfigKeys (ConfUtils.java:logGet(43)) - raft.server.snapshot.auto.trigger.enabled = true (custom)
2019-09-25 07:19:08,135 [pool-147-thread-1] INFO  server.RaftServerConfigKeys (ConfUtils.java:logGet(43)) - raft.server.snapshot.auto.trigger.threshold = 10000 (custom)
2019-09-25 07:19:08,135 [pool-147-thread-1] INFO  server.RaftServerConfigKeys (ConfUtils.java:logGet(43)) - raft.server.snapshot.retention.num.files = 5 (custom)
2019-09-25 07:19:08,135 [pool-147-thread-1] INFO  server.RaftServerConfigKeys (ConfUtils.java:logGet(43)) - raft.server.retrycache.expirytime = 600000ms (custom)
2019-09-25 07:19:08,138 [pool-147-thread-1] INFO  impl.RaftServerImpl (RaftServerImpl.java:start(185)) - b6d16c04-1efb-41d0-8f30-e52b02e93617@group-C55CF425F5E9: start as a follower, conf=-1: [b6d16c04-1efb-41d0-8f30-e52b02e93617:192.168.30.10:43139], old=null
2019-09-25 07:19:08,138 [pool-147-thread-1] INFO  impl.RaftServerImpl (RaftServerImpl.java:setRole(174)) - b6d16c04-1efb-41d0-8f30-e52b02e93617@group-C55CF425F5E9: changes role from      null to FOLLOWER at term 0 for startAsFollower
2019-09-25 07:19:08,138 [pool-147-thread-1] INFO  impl.RoleInfo (RoleInfo.java:updateAndGet(143)) - b6d16c04-1efb-41d0-8f30-e52b02e93617: start FollowerState
2019-09-25 07:19:08,138 [pool-147-thread-1] INFO  util.JmxRegister (JmxRegister.java:tryRegister(44)) - Successfully registered JMX Bean with object name Ratis:service=RaftServer,group=group-C55CF425F5E9,id=b6d16c04-1efb-41d0-8f30-e52b02e93617
2019-09-25 07:19:08,142 [RatisPipelineUtilsThread] INFO  pipeline.PipelineStateManager (PipelineStateManager.java:addPipeline(56)) - Created pipeline Pipeline[ Id: debe350a-4dbe-49a7-9871-c55cf425f5e9, Nodes: b6d16c04-1efb-41d0-8f30-e52b02e93617{ip: 192.168.30.10, host: pr-hdds-1569-s62bp-3040748787, networkLocation: /default-rack, certSerialId: null}, Type:RATIS, Factor:ONE, State:OPEN]
2019-09-25 07:19:08,143 [RatisPipelineUtilsThread] INFO  pipeline.PipelinePlacementPolicy (PipelinePlacementPolicy.java:meetCriteria(91)) - Pipeline Placement: Doesn't meet the criteria to be viable node： 6948f379-f924-4722-ada9-494d6a32b245 Heaviness: 6 limit: 5
2019-09-25 07:19:08,149 [grpc-default-executor-0] INFO  impl.RaftServerProxy (RaftServerProxy.java:addNew(89)) - 29ce77fd-3396-4484-adab-af54307e8c01: addNew group-980E6EA456CC:[29ce77fd-3396-4484-adab-af54307e8c01:192.168.30.10:38801] returns group-980E6EA456CC:java.util.concurrent.CompletableFuture@2cbd905[Not completed]
2019-09-25 07:19:08,151 [pool-137-thread-1] INFO  impl.RaftServerImpl (RaftServerImpl.java:<init>(95)) - 29ce77fd-3396-4484-adab-af54307e8c01: new RaftServerImpl for group-980E6EA456CC:[29ce77fd-3396-4484-adab-af54307e8c01:192.168.30.10:38801] with ContainerStateMachine:uninitialized
2019-09-25 07:19:08,151 [pool-137-thread-1] INFO  server.RaftServerConfigKeys (ConfUtils.java:logGet(43)) - raft.server.rpc.timeout.min = 5s (custom)
2019-09-25 07:19:08,151 [pool-137-thread-1] INFO  server.RaftServerConfigKeys (ConfUtils.java:logGet(43)) - raft.server.rpc.timeout.max = 5200ms (custom)
2019-09-25 07:19:08,151 [pool-137-thread-1] INFO  server.RaftServerConfigKeys (ConfUtils.java:logGet(43)) - raft.server.rpcslowness.timeout = 120s (custom)
2019-09-25 07:19:08,152 [pool-137-thread-1] INFO  server.RaftServerConfigKeys (ConfUtils.java:logGet(43)) - raft.server.sleep.deviation.threshold = 300 (default)
2019-09-25 07:19:08,152 [pool-137-thread-1] INFO  server.RaftServerConfigKeys (ConfUtils.java:logGet(43)) - raft.server.log.appender.install.snapshot.enabled = false (custom)
2019-09-25 07:19:08,152 [pool-137-thread-1] INFO  impl.RaftServerImpl (ServerState.java:<init>(103)) - 29ce77fd-3396-4484-adab-af54307e8c01@group-980E6EA456CC: ConfigurationManager, init=-1: [29ce77fd-3396-4484-adab-af54307e8c01:192.168.30.10:38801], old=null, confs=<EMPTY_MAP>
2019-09-25 07:19:08,152 [pool-137-thread-1] INFO  server.RaftServerConfigKeys (ConfUtils.java:logGet(43)) - raft.server.storage.dir = [/workdir/hadoop-ozone/ozonefs/target/test-dir/MiniOzoneClusterImpl-53079864-2865-418d-b675-7621d58e8da0/datanode-1/data/ratis] (custom)
2019-09-25 07:19:08,152 [pool-137-thread-1] INFO  storage.RaftStorageDirectory (RaftStorageDirectory.java:analyzeStorage(246)) - The storage directory /workdir/hadoop-ozone/ozonefs/target/test-dir/MiniOzoneClusterImpl-53079864-2865-418d-b675-7621d58e8da0/datanode-1/data/ratis/49b1cbd3-f5df-4740-87d7-980e6ea456cc does not exist. Creating ...
2019-09-25 07:19:08,165 [pool-137-thread-1] INFO  storage.RaftStorageDirectory (RaftStorageDirectory.java:tryLock(328)) - Lock on /workdir/hadoop-ozone/ozonefs/target/test-dir/MiniOzoneClusterImpl-53079864-2865-418d-b675-7621d58e8da0/datanode-1/data/ratis/49b1cbd3-f5df-4740-87d7-980e6ea456cc/in_use.lock acquired by nodename 21239@pr-hdds-1569-s62bp-3040748787
2019-09-25 07:19:08,178 [pool-137-thread-1] INFO  storage.RaftStorage (RaftStorage.java:format(72)) - Storage directory /workdir/hadoop-ozone/ozonefs/target/test-dir/MiniOzoneClusterImpl-53079864-2865-418d-b675-7621d58e8da0/datanode-1/data/ratis/49b1cbd3-f5df-4740-87d7-980e6ea456cc has been successfully formatted.
2019-09-25 07:19:08,179 [pool-137-thread-1] INFO  ratis.ContainerStateMachine (ContainerStateMachine.java:loadSnapshot(230)) - group-980E6EA456CC: The snapshot info is null. Setting the last applied indexto:(t:0, i:~)
2019-09-25 07:19:08,179 [pool-137-thread-1] INFO  server.RaftServerConfigKeys (ConfUtils.java:logGet(43)) - raft.server.notification.no-leader.timeout = 120s (custom)
2019-09-25 07:19:08,179 [pool-137-thread-1] INFO  server.RaftServerConfigKeys (ConfUtils.java:logGet(43)) - raft.server.log.use.memory = false (default)
2019-09-25 07:19:08,179 [pool-137-thread-1] INFO  server.RaftServerConfigKeys (ConfUtils.java:logGet(43)) - raft.server.log.purge.gap = 1000000 (custom)
2019-09-25 07:19:08,179 [pool-137-thread-1] INFO  server.RaftServerConfigKeys (ConfUtils.java:logGet(43)) - raft.server.log.appender.buffer.byte-limit = 33554432 (custom)
2019-09-25 07:19:08,180 [pool-137-thread-1] INFO  server.RaftServerConfigKeys (ConfUtils.java:logGet(43)) - raft.server.log.segment.size.max = 1048576 (custom)
2019-09-25 07:19:08,180 [pool-137-thread-1] INFO  server.RaftServerConfigKeys (ConfUtils.java:logGet(43)) - raft.server.log.segment.cache.num.max = 2 (custom)
2019-09-25 07:19:08,180 [pool-137-thread-1] INFO  segmented.SegmentedRaftLogWorker (SegmentedRaftLogWorker.java:<init>(172)) - new 29ce77fd-3396-4484-adab-af54307e8c01@group-980E6EA456CC-SegmentedRaftLogWorker for RaftStorage:Storage Directory /workdir/hadoop-ozone/ozonefs/target/test-dir/MiniOzoneClusterImpl-53079864-2865-418d-b675-7621d58e8da0/datanode-1/data/ratis/49b1cbd3-f5df-4740-87d7-980e6ea456cc
2019-09-25 07:19:08,180 [pool-137-thread-1] INFO  server.RaftServerConfigKeys (ConfUtils.java:logGet(43)) - raft.server.log.queue.byte-limit = 2147483647 (custom)
2019-09-25 07:19:08,180 [pool-137-thread-1] INFO  server.RaftServerConfigKeys (ConfUtils.java:logGet(43)) - raft.server.log.queue.element-limit = 1024 (custom)
2019-09-25 07:19:08,180 [pool-137-thread-1] INFO  server.RaftServerConfigKeys (ConfUtils.java:logGet(43)) - raft.server.log.segment.size.max = 1048576 (custom)
2019-09-25 07:19:08,181 [pool-137-thread-1] INFO  server.RaftServerConfigKeys (ConfUtils.java:logGet(43)) - raft.server.log.preallocated.size = 16384 (custom)
2019-09-25 07:19:08,181 [pool-137-thread-1] INFO  server.RaftServerConfigKeys (ConfUtils.java:logGet(43)) - raft.server.log.write.buffer.size = 33554432 (custom)
2019-09-25 07:19:08,181 [pool-137-thread-1] INFO  server.RaftServerConfigKeys (ConfUtils.java:logGet(43)) - raft.server.log.force.sync.num = 128 (default)
2019-09-25 07:19:08,181 [pool-137-thread-1] INFO  server.RaftServerConfigKeys (ConfUtils.java:logGet(43)) - raft.server.log.statemachine.data.sync = true (default)
2019-09-25 07:19:08,181 [pool-137-thread-1] INFO  server.RaftServerConfigKeys (ConfUtils.java:logGet(43)) - raft.server.log.statemachine.data.sync.timeout = 10s (default)
2019-09-25 07:19:08,181 [pool-137-thread-1] INFO  server.RaftServerConfigKeys (ConfUtils.java:logGet(43)) - raft.server.log.statemachine.data.sync.timeout.retry = -1 (default)
2019-09-25 07:19:08,181 [pool-137-thread-1] INFO  server.RaftServerConfigKeys (ConfUtils.java:logGet(43)) - raft.server.log.statemachine.data.caching.enabled = true (custom)
2019-09-25 07:19:08,182 [pool-137-thread-1] INFO  segmented.SegmentedRaftLogWorker (SegmentedRaftLogWorker.java:lambda$new$0(132)) - 29ce77fd-3396-4484-adab-af54307e8c01@group-980E6EA456CC-SegmentedRaftLogWorker: flushIndex: setUnconditionally 0 -> -1
2019-09-25 07:19:08,182 [pool-137-thread-1] INFO  server.RaftServerConfigKeys (ConfUtils.java:logGet(43)) - raft.server.snapshot.auto.trigger.enabled = true (custom)
2019-09-25 07:19:08,182 [pool-137-thread-1] INFO  server.RaftServerConfigKeys (ConfUtils.java:logGet(43)) - raft.server.snapshot.auto.trigger.threshold = 10000 (custom)
2019-09-25 07:19:08,182 [pool-137-thread-1] INFO  server.RaftServerConfigKeys (ConfUtils.java:logGet(43)) - raft.server.snapshot.retention.num.files = 5 (custom)
2019-09-25 07:19:08,183 [pool-137-thread-1] INFO  server.RaftServerConfigKeys (ConfUtils.java:logGet(43)) - raft.server.retrycache.expirytime = 600000ms (custom)
2019-09-25 07:19:08,185 [pool-137-thread-1] INFO  impl.RaftServerImpl (RaftServerImpl.java:start(185)) - 29ce77fd-3396-4484-adab-af54307e8c01@group-980E6EA456CC: start as a follower, conf=-1: [29ce77fd-3396-4484-adab-af54307e8c01:192.168.30.10:38801], old=null
2019-09-25 07:19:08,185 [pool-137-thread-1] INFO  impl.RaftServerImpl (RaftServerImpl.java:setRole(174)) - 29ce77fd-3396-4484-adab-af54307e8c01@group-980E6EA456CC: changes role from      null to FOLLOWER at term 0 for startAsFollower
2019-09-25 07:19:08,185 [pool-137-thread-1] INFO  impl.RoleInfo (RoleInfo.java:updateAndGet(143)) - 29ce77fd-3396-4484-adab-af54307e8c01: start FollowerState
2019-09-25 07:19:08,186 [pool-137-thread-1] INFO  util.JmxRegister (JmxRegister.java:tryRegister(44)) - Successfully registered JMX Bean with object name Ratis:service=RaftServer,group=group-980E6EA456CC,id=29ce77fd-3396-4484-adab-af54307e8c01
2019-09-25 07:19:08,189 [RatisPipelineUtilsThread] INFO  pipeline.PipelineStateManager (PipelineStateManager.java:addPipeline(56)) - Created pipeline Pipeline[ Id: 49b1cbd3-f5df-4740-87d7-980e6ea456cc, Nodes: 29ce77fd-3396-4484-adab-af54307e8c01{ip: 192.168.30.10, host: pr-hdds-1569-s62bp-3040748787, networkLocation: /default-rack, certSerialId: null}, Type:RATIS, Factor:ONE, State:OPEN]
2019-09-25 07:19:08,189 [RatisPipelineUtilsThread] INFO  pipeline.PipelinePlacementPolicy (PipelinePlacementPolicy.java:meetCriteria(91)) - Pipeline Placement: Doesn't meet the criteria to be viable node： 6948f379-f924-4722-ada9-494d6a32b245 Heaviness: 6 limit: 5
2019-09-25 07:19:08,195 [grpc-default-executor-0] INFO  impl.RaftServerProxy (RaftServerProxy.java:addNew(89)) - 29ce77fd-3396-4484-adab-af54307e8c01: addNew group-C5D3CB2D005F:[29ce77fd-3396-4484-adab-af54307e8c01:192.168.30.10:38801] returns group-C5D3CB2D005F:java.util.concurrent.CompletableFuture@66c79020[Not completed]
2019-09-25 07:19:08,197 [pool-137-thread-1] INFO  impl.RaftServerImpl (RaftServerImpl.java:<init>(95)) - 29ce77fd-3396-4484-adab-af54307e8c01: new RaftServerImpl for group-C5D3CB2D005F:[29ce77fd-3396-4484-adab-af54307e8c01:192.168.30.10:38801] with ContainerStateMachine:uninitialized
2019-09-25 07:19:08,197 [pool-137-thread-1] INFO  server.RaftServerConfigKeys (ConfUtils.java:logGet(43)) - raft.server.rpc.timeout.min = 5s (custom)
2019-09-25 07:19:08,197 [pool-137-thread-1] INFO  server.RaftServerConfigKeys (ConfUtils.java:logGet(43)) - raft.server.rpc.timeout.max = 5200ms (custom)
2019-09-25 07:19:08,197 [pool-137-thread-1] INFO  server.RaftServerConfigKeys (ConfUtils.java:logGet(43)) - raft.server.rpcslowness.timeout = 120s (custom)
2019-09-25 07:19:08,197 [pool-137-thread-1] INFO  server.RaftServerConfigKeys (ConfUtils.java:logGet(43)) - raft.server.sleep.deviation.threshold = 300 (default)
2019-09-25 07:19:08,197 [pool-137-thread-1] INFO  server.RaftServerConfigKeys (ConfUtils.java:logGet(43)) - raft.server.log.appender.install.snapshot.enabled = false (custom)
2019-09-25 07:19:08,198 [pool-137-thread-1] INFO  impl.RaftServerImpl (ServerState.java:<init>(103)) - 29ce77fd-3396-4484-adab-af54307e8c01@group-C5D3CB2D005F: ConfigurationManager, init=-1: [29ce77fd-3396-4484-adab-af54307e8c01:192.168.30.10:38801], old=null, confs=<EMPTY_MAP>
2019-09-25 07:19:08,198 [pool-137-thread-1] INFO  server.RaftServerConfigKeys (ConfUtils.java:logGet(43)) - raft.server.storage.dir = [/workdir/hadoop-ozone/ozonefs/target/test-dir/MiniOzoneClusterImpl-53079864-2865-418d-b675-7621d58e8da0/datanode-1/data/ratis] (custom)
2019-09-25 07:19:08,198 [pool-137-thread-1] INFO  storage.RaftStorageDirectory (RaftStorageDirectory.java:analyzeStorage(246)) - The storage directory /workdir/hadoop-ozone/ozonefs/target/test-dir/MiniOzoneClusterImpl-53079864-2865-418d-b675-7621d58e8da0/datanode-1/data/ratis/83997e0a-ee3c-48aa-a99d-c5d3cb2d005f does not exist. Creating ...
2019-09-25 07:19:08,211 [pool-137-thread-1] INFO  storage.RaftStorageDirectory (RaftStorageDirectory.java:tryLock(328)) - Lock on /workdir/hadoop-ozone/ozonefs/target/test-dir/MiniOzoneClusterImpl-53079864-2865-418d-b675-7621d58e8da0/datanode-1/data/ratis/83997e0a-ee3c-48aa-a99d-c5d3cb2d005f/in_use.lock acquired by nodename 21239@pr-hdds-1569-s62bp-3040748787
2019-09-25 07:19:08,225 [pool-137-thread-1] INFO  storage.RaftStorage (RaftStorage.java:format(72)) - Storage directory /workdir/hadoop-ozone/ozonefs/target/test-dir/MiniOzoneClusterImpl-53079864-2865-418d-b675-7621d58e8da0/datanode-1/data/ratis/83997e0a-ee3c-48aa-a99d-c5d3cb2d005f has been successfully formatted.
2019-09-25 07:19:08,225 [pool-137-thread-1] INFO  ratis.ContainerStateMachine (ContainerStateMachine.java:loadSnapshot(230)) - group-C5D3CB2D005F: The snapshot info is null. Setting the last applied indexto:(t:0, i:~)
2019-09-25 07:19:08,225 [pool-137-thread-1] INFO  server.RaftServerConfigKeys (ConfUtils.java:logGet(43)) - raft.server.notification.no-leader.timeout = 120s (custom)
2019-09-25 07:19:08,225 [pool-137-thread-1] INFO  server.RaftServerConfigKeys (ConfUtils.java:logGet(43)) - raft.server.log.use.memory = false (default)
2019-09-25 07:19:08,226 [pool-137-thread-1] INFO  server.RaftServerConfigKeys (ConfUtils.java:logGet(43)) - raft.server.log.purge.gap = 1000000 (custom)
2019-09-25 07:19:08,226 [pool-137-thread-1] INFO  server.RaftServerConfigKeys (ConfUtils.java:logGet(43)) - raft.server.log.appender.buffer.byte-limit = 33554432 (custom)
2019-09-25 07:19:08,226 [pool-137-thread-1] INFO  server.RaftServerConfigKeys (ConfUtils.java:logGet(43)) - raft.server.log.segment.size.max = 1048576 (custom)
2019-09-25 07:19:08,226 [pool-137-thread-1] INFO  server.RaftServerConfigKeys (ConfUtils.java:logGet(43)) - raft.server.log.segment.cache.num.max = 2 (custom)
2019-09-25 07:19:08,226 [pool-137-thread-1] INFO  segmented.SegmentedRaftLogWorker (SegmentedRaftLogWorker.java:<init>(172)) - new 29ce77fd-3396-4484-adab-af54307e8c01@group-C5D3CB2D005F-SegmentedRaftLogWorker for RaftStorage:Storage Directory /workdir/hadoop-ozone/ozonefs/target/test-dir/MiniOzoneClusterImpl-53079864-2865-418d-b675-7621d58e8da0/datanode-1/data/ratis/83997e0a-ee3c-48aa-a99d-c5d3cb2d005f
2019-09-25 07:19:08,226 [pool-137-thread-1] INFO  server.RaftServerConfigKeys (ConfUtils.java:logGet(43)) - raft.server.log.queue.byte-limit = 2147483647 (custom)
2019-09-25 07:19:08,226 [pool-137-thread-1] INFO  server.RaftServerConfigKeys (ConfUtils.java:logGet(43)) - raft.server.log.queue.element-limit = 1024 (custom)
2019-09-25 07:19:08,227 [pool-137-thread-1] INFO  server.RaftServerConfigKeys (ConfUtils.java:logGet(43)) - raft.server.log.segment.size.max = 1048576 (custom)
2019-09-25 07:19:08,227 [pool-137-thread-1] INFO  server.RaftServerConfigKeys (ConfUtils.java:logGet(43)) - raft.server.log.preallocated.size = 16384 (custom)
2019-09-25 07:19:08,227 [pool-137-thread-1] INFO  server.RaftServerConfigKeys (ConfUtils.java:logGet(43)) - raft.server.log.write.buffer.size = 33554432 (custom)
2019-09-25 07:19:08,227 [pool-137-thread-1] INFO  server.RaftServerConfigKeys (ConfUtils.java:logGet(43)) - raft.server.log.force.sync.num = 128 (default)
2019-09-25 07:19:08,227 [pool-137-thread-1] INFO  server.RaftServerConfigKeys (ConfUtils.java:logGet(43)) - raft.server.log.statemachine.data.sync = true (default)
2019-09-25 07:19:08,227 [pool-137-thread-1] INFO  server.RaftServerConfigKeys (ConfUtils.java:logGet(43)) - raft.server.log.statemachine.data.sync.timeout = 10s (default)
2019-09-25 07:19:08,227 [pool-137-thread-1] INFO  server.RaftServerConfigKeys (ConfUtils.java:logGet(43)) - raft.server.log.statemachine.data.sync.timeout.retry = -1 (default)
2019-09-25 07:19:08,228 [pool-137-thread-1] INFO  server.RaftServerConfigKeys (ConfUtils.java:logGet(43)) - raft.server.log.statemachine.data.caching.enabled = true (custom)
2019-09-25 07:19:08,228 [pool-137-thread-1] INFO  segmented.SegmentedRaftLogWorker (SegmentedRaftLogWorker.java:lambda$new$0(132)) - 29ce77fd-3396-4484-adab-af54307e8c01@group-C5D3CB2D005F-SegmentedRaftLogWorker: flushIndex: setUnconditionally 0 -> -1
2019-09-25 07:19:08,228 [pool-137-thread-1] INFO  server.RaftServerConfigKeys (ConfUtils.java:logGet(43)) - raft.server.snapshot.auto.trigger.enabled = true (custom)
2019-09-25 07:19:08,228 [pool-137-thread-1] INFO  server.RaftServerConfigKeys (ConfUtils.java:logGet(43)) - raft.server.snapshot.auto.trigger.threshold = 10000 (custom)
2019-09-25 07:19:08,228 [pool-137-thread-1] INFO  server.RaftServerConfigKeys (ConfUtils.java:logGet(43)) - raft.server.snapshot.retention.num.files = 5 (custom)
2019-09-25 07:19:08,229 [pool-137-thread-1] INFO  server.RaftServerConfigKeys (ConfUtils.java:logGet(43)) - raft.server.retrycache.expirytime = 600000ms (custom)
2019-09-25 07:19:08,230 [pool-137-thread-1] INFO  impl.RaftServerImpl (RaftServerImpl.java:start(185)) - 29ce77fd-3396-4484-adab-af54307e8c01@group-C5D3CB2D005F: start as a follower, conf=-1: [29ce77fd-3396-4484-adab-af54307e8c01:192.168.30.10:38801], old=null
2019-09-25 07:19:08,231 [pool-137-thread-1] INFO  impl.RaftServerImpl (RaftServerImpl.java:setRole(174)) - 29ce77fd-3396-4484-adab-af54307e8c01@group-C5D3CB2D005F: changes role from      null to FOLLOWER at term 0 for startAsFollower
2019-09-25 07:19:08,231 [pool-137-thread-1] INFO  impl.RoleInfo (RoleInfo.java:updateAndGet(143)) - 29ce77fd-3396-4484-adab-af54307e8c01: start FollowerState
2019-09-25 07:19:08,231 [pool-137-thread-1] INFO  util.JmxRegister (JmxRegister.java:tryRegister(44)) - Successfully registered JMX Bean with object name Ratis:service=RaftServer,group=group-C5D3CB2D005F,id=29ce77fd-3396-4484-adab-af54307e8c01
2019-09-25 07:19:08,234 [RatisPipelineUtilsThread] INFO  pipeline.PipelineStateManager (PipelineStateManager.java:addPipeline(56)) - Created pipeline Pipeline[ Id: 83997e0a-ee3c-48aa-a99d-c5d3cb2d005f, Nodes: 29ce77fd-3396-4484-adab-af54307e8c01{ip: 192.168.30.10, host: pr-hdds-1569-s62bp-3040748787, networkLocation: /default-rack, certSerialId: null}, Type:RATIS, Factor:ONE, State:OPEN]
2019-09-25 07:19:08,235 [RatisPipelineUtilsThread] INFO  pipeline.PipelinePlacementPolicy (PipelinePlacementPolicy.java:meetCriteria(91)) - Pipeline Placement: Doesn't meet the criteria to be viable node： 6948f379-f924-4722-ada9-494d6a32b245 Heaviness: 6 limit: 5
2019-09-25 07:19:08,241 [grpc-default-executor-0] INFO  impl.RaftServerProxy (RaftServerProxy.java:addNew(89)) - 29ce77fd-3396-4484-adab-af54307e8c01: addNew group-1DE84E725CAB:[29ce77fd-3396-4484-adab-af54307e8c01:192.168.30.10:38801] returns group-1DE84E725CAB:java.util.concurrent.CompletableFuture@6884acfe[Not completed]
2019-09-25 07:19:08,242 [pool-137-thread-1] INFO  impl.RaftServerImpl (RaftServerImpl.java:<init>(95)) - 29ce77fd-3396-4484-adab-af54307e8c01: new RaftServerImpl for group-1DE84E725CAB:[29ce77fd-3396-4484-adab-af54307e8c01:192.168.30.10:38801] with ContainerStateMachine:uninitialized
2019-09-25 07:19:08,242 [pool-137-thread-1] INFO  server.RaftServerConfigKeys (ConfUtils.java:logGet(43)) - raft.server.rpc.timeout.min = 5s (custom)
2019-09-25 07:19:08,242 [pool-137-thread-1] INFO  server.RaftServerConfigKeys (ConfUtils.java:logGet(43)) - raft.server.rpc.timeout.max = 5200ms (custom)
2019-09-25 07:19:08,242 [pool-137-thread-1] INFO  server.RaftServerConfigKeys (ConfUtils.java:logGet(43)) - raft.server.rpcslowness.timeout = 120s (custom)
2019-09-25 07:19:08,243 [pool-137-thread-1] INFO  server.RaftServerConfigKeys (ConfUtils.java:logGet(43)) - raft.server.sleep.deviation.threshold = 300 (default)
2019-09-25 07:19:08,243 [pool-137-thread-1] INFO  server.RaftServerConfigKeys (ConfUtils.java:logGet(43)) - raft.server.log.appender.install.snapshot.enabled = false (custom)
2019-09-25 07:19:08,243 [pool-137-thread-1] INFO  impl.RaftServerImpl (ServerState.java:<init>(103)) - 29ce77fd-3396-4484-adab-af54307e8c01@group-1DE84E725CAB: ConfigurationManager, init=-1: [29ce77fd-3396-4484-adab-af54307e8c01:192.168.30.10:38801], old=null, confs=<EMPTY_MAP>
2019-09-25 07:19:08,243 [pool-137-thread-1] INFO  server.RaftServerConfigKeys (ConfUtils.java:logGet(43)) - raft.server.storage.dir = [/workdir/hadoop-ozone/ozonefs/target/test-dir/MiniOzoneClusterImpl-53079864-2865-418d-b675-7621d58e8da0/datanode-1/data/ratis] (custom)
2019-09-25 07:19:08,243 [pool-137-thread-1] INFO  storage.RaftStorageDirectory (RaftStorageDirectory.java:analyzeStorage(246)) - The storage directory /workdir/hadoop-ozone/ozonefs/target/test-dir/MiniOzoneClusterImpl-53079864-2865-418d-b675-7621d58e8da0/datanode-1/data/ratis/e320653a-b2b4-4301-9c7a-1de84e725cab does not exist. Creating ...
2019-09-25 07:19:08,256 [pool-137-thread-1] INFO  storage.RaftStorageDirectory (RaftStorageDirectory.java:tryLock(328)) - Lock on /workdir/hadoop-ozone/ozonefs/target/test-dir/MiniOzoneClusterImpl-53079864-2865-418d-b675-7621d58e8da0/datanode-1/data/ratis/e320653a-b2b4-4301-9c7a-1de84e725cab/in_use.lock acquired by nodename 21239@pr-hdds-1569-s62bp-3040748787
2019-09-25 07:19:08,269 [pool-137-thread-1] INFO  storage.RaftStorage (RaftStorage.java:format(72)) - Storage directory /workdir/hadoop-ozone/ozonefs/target/test-dir/MiniOzoneClusterImpl-53079864-2865-418d-b675-7621d58e8da0/datanode-1/data/ratis/e320653a-b2b4-4301-9c7a-1de84e725cab has been successfully formatted.
2019-09-25 07:19:08,270 [pool-137-thread-1] INFO  ratis.ContainerStateMachine (ContainerStateMachine.java:loadSnapshot(230)) - group-1DE84E725CAB: The snapshot info is null. Setting the last applied indexto:(t:0, i:~)
2019-09-25 07:19:08,270 [pool-137-thread-1] INFO  server.RaftServerConfigKeys (ConfUtils.java:logGet(43)) - raft.server.notification.no-leader.timeout = 120s (custom)
2019-09-25 07:19:08,270 [pool-137-thread-1] INFO  server.RaftServerConfigKeys (ConfUtils.java:logGet(43)) - raft.server.log.use.memory = false (default)
2019-09-25 07:19:08,270 [pool-137-thread-1] INFO  server.RaftServerConfigKeys (ConfUtils.java:logGet(43)) - raft.server.log.purge.gap = 1000000 (custom)
2019-09-25 07:19:08,270 [pool-137-thread-1] INFO  server.RaftServerConfigKeys (ConfUtils.java:logGet(43)) - raft.server.log.appender.buffer.byte-limit = 33554432 (custom)
2019-09-25 07:19:08,270 [pool-137-thread-1] INFO  server.RaftServerConfigKeys (ConfUtils.java:logGet(43)) - raft.server.log.segment.size.max = 1048576 (custom)
2019-09-25 07:19:08,270 [pool-137-thread-1] INFO  server.RaftServerConfigKeys (ConfUtils.java:logGet(43)) - raft.server.log.segment.cache.num.max = 2 (custom)
2019-09-25 07:19:08,270 [pool-137-thread-1] INFO  segmented.SegmentedRaftLogWorker (SegmentedRaftLogWorker.java:<init>(172)) - new 29ce77fd-3396-4484-adab-af54307e8c01@group-1DE84E725CAB-SegmentedRaftLogWorker for RaftStorage:Storage Directory /workdir/hadoop-ozone/ozonefs/target/test-dir/MiniOzoneClusterImpl-53079864-2865-418d-b675-7621d58e8da0/datanode-1/data/ratis/e320653a-b2b4-4301-9c7a-1de84e725cab
2019-09-25 07:19:08,271 [pool-137-thread-1] INFO  server.RaftServerConfigKeys (ConfUtils.java:logGet(43)) - raft.server.log.queue.byte-limit = 2147483647 (custom)
2019-09-25 07:19:08,271 [pool-137-thread-1] INFO  server.RaftServerConfigKeys (ConfUtils.java:logGet(43)) - raft.server.log.queue.element-limit = 1024 (custom)
2019-09-25 07:19:08,271 [pool-137-thread-1] INFO  server.RaftServerConfigKeys (ConfUtils.java:logGet(43)) - raft.server.log.segment.size.max = 1048576 (custom)
2019-09-25 07:19:08,271 [pool-137-thread-1] INFO  server.RaftServerConfigKeys (ConfUtils.java:logGet(43)) - raft.server.log.preallocated.size = 16384 (custom)
2019-09-25 07:19:08,271 [pool-137-thread-1] INFO  server.RaftServerConfigKeys (ConfUtils.java:logGet(43)) - raft.server.log.write.buffer.size = 33554432 (custom)
2019-09-25 07:19:08,271 [pool-137-thread-1] INFO  server.RaftServerConfigKeys (ConfUtils.java:logGet(43)) - raft.server.log.force.sync.num = 128 (default)
2019-09-25 07:19:08,271 [pool-137-thread-1] INFO  server.RaftServerConfigKeys (ConfUtils.java:logGet(43)) - raft.server.log.statemachine.data.sync = true (default)
2019-09-25 07:19:08,271 [pool-137-thread-1] INFO  server.RaftServerConfigKeys (ConfUtils.java:logGet(43)) - raft.server.log.statemachine.data.sync.timeout = 10s (default)
2019-09-25 07:19:08,272 [pool-137-thread-1] INFO  server.RaftServerConfigKeys (ConfUtils.java:logGet(43)) - raft.server.log.statemachine.data.sync.timeout.retry = -1 (default)
2019-09-25 07:19:08,272 [pool-137-thread-1] INFO  server.RaftServerConfigKeys (ConfUtils.java:logGet(43)) - raft.server.log.statemachine.data.caching.enabled = true (custom)
2019-09-25 07:19:08,272 [pool-137-thread-1] INFO  segmented.SegmentedRaftLogWorker (SegmentedRaftLogWorker.java:lambda$new$0(132)) - 29ce77fd-3396-4484-adab-af54307e8c01@group-1DE84E725CAB-SegmentedRaftLogWorker: flushIndex: setUnconditionally 0 -> -1
2019-09-25 07:19:08,272 [pool-137-thread-1] INFO  server.RaftServerConfigKeys (ConfUtils.java:logGet(43)) - raft.server.snapshot.auto.trigger.enabled = true (custom)
2019-09-25 07:19:08,272 [pool-137-thread-1] INFO  server.RaftServerConfigKeys (ConfUtils.java:logGet(43)) - raft.server.snapshot.auto.trigger.threshold = 10000 (custom)
2019-09-25 07:19:08,272 [pool-137-thread-1] INFO  server.RaftServerConfigKeys (ConfUtils.java:logGet(43)) - raft.server.snapshot.retention.num.files = 5 (custom)
2019-09-25 07:19:08,273 [pool-137-thread-1] INFO  server.RaftServerConfigKeys (ConfUtils.java:logGet(43)) - raft.server.retrycache.expirytime = 600000ms (custom)
2019-09-25 07:19:08,274 [pool-137-thread-1] INFO  impl.RaftServerImpl (RaftServerImpl.java:start(185)) - 29ce77fd-3396-4484-adab-af54307e8c01@group-1DE84E725CAB: start as a follower, conf=-1: [29ce77fd-3396-4484-adab-af54307e8c01:192.168.30.10:38801], old=null
2019-09-25 07:19:08,274 [pool-137-thread-1] INFO  impl.RaftServerImpl (RaftServerImpl.java:setRole(174)) - 29ce77fd-3396-4484-adab-af54307e8c01@group-1DE84E725CAB: changes role from      null to FOLLOWER at term 0 for startAsFollower
2019-09-25 07:19:08,274 [pool-137-thread-1] INFO  impl.RoleInfo (RoleInfo.java:updateAndGet(143)) - 29ce77fd-3396-4484-adab-af54307e8c01: start FollowerState
2019-09-25 07:19:08,274 [pool-137-thread-1] INFO  util.JmxRegister (JmxRegister.java:tryRegister(44)) - Successfully registered JMX Bean with object name Ratis:service=RaftServer,group=group-1DE84E725CAB,id=29ce77fd-3396-4484-adab-af54307e8c01
2019-09-25 07:19:08,277 [RatisPipelineUtilsThread] INFO  pipeline.PipelineStateManager (PipelineStateManager.java:addPipeline(56)) - Created pipeline Pipeline[ Id: e320653a-b2b4-4301-9c7a-1de84e725cab, Nodes: 29ce77fd-3396-4484-adab-af54307e8c01{ip: 192.168.30.10, host: pr-hdds-1569-s62bp-3040748787, networkLocation: /default-rack, certSerialId: null}, Type:RATIS, Factor:ONE, State:OPEN]
2019-09-25 07:19:08,278 [RatisPipelineUtilsThread] INFO  pipeline.PipelinePlacementPolicy (PipelinePlacementPolicy.java:meetCriteria(91)) - Pipeline Placement: Doesn't meet the criteria to be viable node： 29ce77fd-3396-4484-adab-af54307e8c01 Heaviness: 6 limit: 5
2019-09-25 07:19:08,278 [RatisPipelineUtilsThread] INFO  pipeline.PipelinePlacementPolicy (PipelinePlacementPolicy.java:meetCriteria(91)) - Pipeline Placement: Doesn't meet the criteria to be viable node： 6948f379-f924-4722-ada9-494d6a32b245 Heaviness: 6 limit: 5
2019-09-25 07:19:08,284 [grpc-default-executor-0] INFO  impl.RaftServerProxy (RaftServerProxy.java:addNew(89)) - b6d16c04-1efb-41d0-8f30-e52b02e93617: addNew group-A2D66C29A9AE:[b6d16c04-1efb-41d0-8f30-e52b02e93617:192.168.30.10:43139] returns group-A2D66C29A9AE:java.util.concurrent.CompletableFuture@452a63b6[Not completed]
2019-09-25 07:19:08,286 [pool-147-thread-1] INFO  impl.RaftServerImpl (RaftServerImpl.java:<init>(95)) - b6d16c04-1efb-41d0-8f30-e52b02e93617: new RaftServerImpl for group-A2D66C29A9AE:[b6d16c04-1efb-41d0-8f30-e52b02e93617:192.168.30.10:43139] with ContainerStateMachine:uninitialized
2019-09-25 07:19:08,286 [pool-147-thread-1] INFO  server.RaftServerConfigKeys (ConfUtils.java:logGet(43)) - raft.server.rpc.timeout.min = 5s (custom)
2019-09-25 07:19:08,286 [pool-147-thread-1] INFO  server.RaftServerConfigKeys (ConfUtils.java:logGet(43)) - raft.server.rpc.timeout.max = 5200ms (custom)
2019-09-25 07:19:08,286 [pool-147-thread-1] INFO  server.RaftServerConfigKeys (ConfUtils.java:logGet(43)) - raft.server.rpcslowness.timeout = 120s (custom)
2019-09-25 07:19:08,286 [pool-147-thread-1] INFO  server.RaftServerConfigKeys (ConfUtils.java:logGet(43)) - raft.server.sleep.deviation.threshold = 300 (default)
2019-09-25 07:19:08,287 [pool-147-thread-1] INFO  server.RaftServerConfigKeys (ConfUtils.java:logGet(43)) - raft.server.log.appender.install.snapshot.enabled = false (custom)
2019-09-25 07:19:08,287 [pool-147-thread-1] INFO  impl.RaftServerImpl (ServerState.java:<init>(103)) - b6d16c04-1efb-41d0-8f30-e52b02e93617@group-A2D66C29A9AE: ConfigurationManager, init=-1: [b6d16c04-1efb-41d0-8f30-e52b02e93617:192.168.30.10:43139], old=null, confs=<EMPTY_MAP>
2019-09-25 07:19:08,287 [pool-147-thread-1] INFO  server.RaftServerConfigKeys (ConfUtils.java:logGet(43)) - raft.server.storage.dir = [/workdir/hadoop-ozone/ozonefs/target/test-dir/MiniOzoneClusterImpl-53079864-2865-418d-b675-7621d58e8da0/datanode-2/data/ratis] (custom)
2019-09-25 07:19:08,287 [pool-147-thread-1] INFO  storage.RaftStorageDirectory (RaftStorageDirectory.java:analyzeStorage(246)) - The storage directory /workdir/hadoop-ozone/ozonefs/target/test-dir/MiniOzoneClusterImpl-53079864-2865-418d-b675-7621d58e8da0/datanode-2/data/ratis/5134f19e-53d7-447c-912e-a2d66c29a9ae does not exist. Creating ...
2019-09-25 07:19:08,300 [pool-147-thread-1] INFO  storage.RaftStorageDirectory (RaftStorageDirectory.java:tryLock(328)) - Lock on /workdir/hadoop-ozone/ozonefs/target/test-dir/MiniOzoneClusterImpl-53079864-2865-418d-b675-7621d58e8da0/datanode-2/data/ratis/5134f19e-53d7-447c-912e-a2d66c29a9ae/in_use.lock acquired by nodename 21239@pr-hdds-1569-s62bp-3040748787
2019-09-25 07:19:08,313 [pool-147-thread-1] INFO  storage.RaftStorage (RaftStorage.java:format(72)) - Storage directory /workdir/hadoop-ozone/ozonefs/target/test-dir/MiniOzoneClusterImpl-53079864-2865-418d-b675-7621d58e8da0/datanode-2/data/ratis/5134f19e-53d7-447c-912e-a2d66c29a9ae has been successfully formatted.
2019-09-25 07:19:08,313 [pool-147-thread-1] INFO  ratis.ContainerStateMachine (ContainerStateMachine.java:loadSnapshot(230)) - group-A2D66C29A9AE: The snapshot info is null. Setting the last applied indexto:(t:0, i:~)
2019-09-25 07:19:08,313 [pool-147-thread-1] INFO  server.RaftServerConfigKeys (ConfUtils.java:logGet(43)) - raft.server.notification.no-leader.timeout = 120s (custom)
2019-09-25 07:19:08,314 [pool-147-thread-1] INFO  server.RaftServerConfigKeys (ConfUtils.java:logGet(43)) - raft.server.log.use.memory = false (default)
2019-09-25 07:19:08,314 [pool-147-thread-1] INFO  server.RaftServerConfigKeys (ConfUtils.java:logGet(43)) - raft.server.log.purge.gap = 1000000 (custom)
2019-09-25 07:19:08,314 [pool-147-thread-1] INFO  server.RaftServerConfigKeys (ConfUtils.java:logGet(43)) - raft.server.log.appender.buffer.byte-limit = 33554432 (custom)
2019-09-25 07:19:08,314 [pool-147-thread-1] INFO  server.RaftServerConfigKeys (ConfUtils.java:logGet(43)) - raft.server.log.segment.size.max = 1048576 (custom)
2019-09-25 07:19:08,314 [pool-147-thread-1] INFO  server.RaftServerConfigKeys (ConfUtils.java:logGet(43)) - raft.server.log.segment.cache.num.max = 2 (custom)
2019-09-25 07:19:08,314 [pool-147-thread-1] INFO  segmented.SegmentedRaftLogWorker (SegmentedRaftLogWorker.java:<init>(172)) - new b6d16c04-1efb-41d0-8f30-e52b02e93617@group-A2D66C29A9AE-SegmentedRaftLogWorker for RaftStorage:Storage Directory /workdir/hadoop-ozone/ozonefs/target/test-dir/MiniOzoneClusterImpl-53079864-2865-418d-b675-7621d58e8da0/datanode-2/data/ratis/5134f19e-53d7-447c-912e-a2d66c29a9ae
2019-09-25 07:19:08,314 [pool-147-thread-1] INFO  server.RaftServerConfigKeys (ConfUtils.java:logGet(43)) - raft.server.log.queue.byte-limit = 2147483647 (custom)
2019-09-25 07:19:08,315 [pool-147-thread-1] INFO  server.RaftServerConfigKeys (ConfUtils.java:logGet(43)) - raft.server.log.queue.element-limit = 1024 (custom)
2019-09-25 07:19:08,315 [pool-147-thread-1] INFO  server.RaftServerConfigKeys (ConfUtils.java:logGet(43)) - raft.server.log.segment.size.max = 1048576 (custom)
2019-09-25 07:19:08,315 [pool-147-thread-1] INFO  server.RaftServerConfigKeys (ConfUtils.java:logGet(43)) - raft.server.log.preallocated.size = 16384 (custom)
2019-09-25 07:19:08,315 [pool-147-thread-1] INFO  server.RaftServerConfigKeys (ConfUtils.java:logGet(43)) - raft.server.log.write.buffer.size = 33554432 (custom)
2019-09-25 07:19:08,315 [pool-147-thread-1] INFO  server.RaftServerConfigKeys (ConfUtils.java:logGet(43)) - raft.server.log.force.sync.num = 128 (default)
2019-09-25 07:19:08,315 [pool-147-thread-1] INFO  server.RaftServerConfigKeys (ConfUtils.java:logGet(43)) - raft.server.log.statemachine.data.sync = true (default)
2019-09-25 07:19:08,315 [pool-147-thread-1] INFO  server.RaftServerConfigKeys (ConfUtils.java:logGet(43)) - raft.server.log.statemachine.data.sync.timeout = 10s (default)
2019-09-25 07:19:08,316 [pool-147-thread-1] INFO  server.RaftServerConfigKeys (ConfUtils.java:logGet(43)) - raft.server.log.statemachine.data.sync.timeout.retry = -1 (default)
2019-09-25 07:19:08,316 [pool-147-thread-1] INFO  server.RaftServerConfigKeys (ConfUtils.java:logGet(43)) - raft.server.log.statemachine.data.caching.enabled = true (custom)
2019-09-25 07:19:08,316 [pool-147-thread-1] INFO  segmented.SegmentedRaftLogWorker (SegmentedRaftLogWorker.java:lambda$new$0(132)) - b6d16c04-1efb-41d0-8f30-e52b02e93617@group-A2D66C29A9AE-SegmentedRaftLogWorker: flushIndex: setUnconditionally 0 -> -1
2019-09-25 07:19:08,316 [pool-147-thread-1] INFO  server.RaftServerConfigKeys (ConfUtils.java:logGet(43)) - raft.server.snapshot.auto.trigger.enabled = true (custom)
2019-09-25 07:19:08,316 [pool-147-thread-1] INFO  server.RaftServerConfigKeys (ConfUtils.java:logGet(43)) - raft.server.snapshot.auto.trigger.threshold = 10000 (custom)
2019-09-25 07:19:08,317 [pool-147-thread-1] INFO  server.RaftServerConfigKeys (ConfUtils.java:logGet(43)) - raft.server.snapshot.retention.num.files = 5 (custom)
2019-09-25 07:19:08,317 [pool-147-thread-1] INFO  server.RaftServerConfigKeys (ConfUtils.java:logGet(43)) - raft.server.retrycache.expirytime = 600000ms (custom)
2019-09-25 07:19:08,319 [pool-147-thread-1] INFO  impl.RaftServerImpl (RaftServerImpl.java:start(185)) - b6d16c04-1efb-41d0-8f30-e52b02e93617@group-A2D66C29A9AE: start as a follower, conf=-1: [b6d16c04-1efb-41d0-8f30-e52b02e93617:192.168.30.10:43139], old=null
2019-09-25 07:19:08,319 [pool-147-thread-1] INFO  impl.RaftServerImpl (RaftServerImpl.java:setRole(174)) - b6d16c04-1efb-41d0-8f30-e52b02e93617@group-A2D66C29A9AE: changes role from      null to FOLLOWER at term 0 for startAsFollower
2019-09-25 07:19:08,319 [pool-147-thread-1] INFO  impl.RoleInfo (RoleInfo.java:updateAndGet(143)) - b6d16c04-1efb-41d0-8f30-e52b02e93617: start FollowerState
2019-09-25 07:19:08,320 [pool-147-thread-1] INFO  util.JmxRegister (JmxRegister.java:tryRegister(44)) - Successfully registered JMX Bean with object name Ratis:service=RaftServer,group=group-A2D66C29A9AE,id=b6d16c04-1efb-41d0-8f30-e52b02e93617
2019-09-25 07:19:08,323 [RatisPipelineUtilsThread] INFO  pipeline.PipelineStateManager (PipelineStateManager.java:addPipeline(56)) - Created pipeline Pipeline[ Id: 5134f19e-53d7-447c-912e-a2d66c29a9ae, Nodes: b6d16c04-1efb-41d0-8f30-e52b02e93617{ip: 192.168.30.10, host: pr-hdds-1569-s62bp-3040748787, networkLocation: /default-rack, certSerialId: null}, Type:RATIS, Factor:ONE, State:OPEN]
2019-09-25 07:19:08,323 [RatisPipelineUtilsThread] INFO  pipeline.PipelinePlacementPolicy (PipelinePlacementPolicy.java:meetCriteria(91)) - Pipeline Placement: Doesn't meet the criteria to be viable node： 29ce77fd-3396-4484-adab-af54307e8c01 Heaviness: 6 limit: 5
2019-09-25 07:19:08,324 [RatisPipelineUtilsThread] INFO  pipeline.PipelinePlacementPolicy (PipelinePlacementPolicy.java:meetCriteria(91)) - Pipeline Placement: Doesn't meet the criteria to be viable node： 6948f379-f924-4722-ada9-494d6a32b245 Heaviness: 6 limit: 5
2019-09-25 07:19:08,330 [grpc-default-executor-0] INFO  impl.RaftServerProxy (RaftServerProxy.java:addNew(89)) - b6d16c04-1efb-41d0-8f30-e52b02e93617: addNew group-DFDEF5EBD769:[b6d16c04-1efb-41d0-8f30-e52b02e93617:192.168.30.10:43139] returns group-DFDEF5EBD769:java.util.concurrent.CompletableFuture@66f58e9b[Not completed]
2019-09-25 07:19:08,331 [pool-147-thread-1] INFO  impl.RaftServerImpl (RaftServerImpl.java:<init>(95)) - b6d16c04-1efb-41d0-8f30-e52b02e93617: new RaftServerImpl for group-DFDEF5EBD769:[b6d16c04-1efb-41d0-8f30-e52b02e93617:192.168.30.10:43139] with ContainerStateMachine:uninitialized
2019-09-25 07:19:08,332 [pool-147-thread-1] INFO  server.RaftServerConfigKeys (ConfUtils.java:logGet(43)) - raft.server.rpc.timeout.min = 5s (custom)
2019-09-25 07:19:08,332 [pool-147-thread-1] INFO  server.RaftServerConfigKeys (ConfUtils.java:logGet(43)) - raft.server.rpc.timeout.max = 5200ms (custom)
2019-09-25 07:19:08,332 [pool-147-thread-1] INFO  server.RaftServerConfigKeys (ConfUtils.java:logGet(43)) - raft.server.rpcslowness.timeout = 120s (custom)
2019-09-25 07:19:08,332 [pool-147-thread-1] INFO  server.RaftServerConfigKeys (ConfUtils.java:logGet(43)) - raft.server.sleep.deviation.threshold = 300 (default)
2019-09-25 07:19:08,332 [pool-147-thread-1] INFO  server.RaftServerConfigKeys (ConfUtils.java:logGet(43)) - raft.server.log.appender.install.snapshot.enabled = false (custom)
2019-09-25 07:19:08,332 [pool-147-thread-1] INFO  impl.RaftServerImpl (ServerState.java:<init>(103)) - b6d16c04-1efb-41d0-8f30-e52b02e93617@group-DFDEF5EBD769: ConfigurationManager, init=-1: [b6d16c04-1efb-41d0-8f30-e52b02e93617:192.168.30.10:43139], old=null, confs=<EMPTY_MAP>
2019-09-25 07:19:08,333 [pool-147-thread-1] INFO  server.RaftServerConfigKeys (ConfUtils.java:logGet(43)) - raft.server.storage.dir = [/workdir/hadoop-ozone/ozonefs/target/test-dir/MiniOzoneClusterImpl-53079864-2865-418d-b675-7621d58e8da0/datanode-2/data/ratis] (custom)
2019-09-25 07:19:08,333 [pool-147-thread-1] INFO  storage.RaftStorageDirectory (RaftStorageDirectory.java:analyzeStorage(246)) - The storage directory /workdir/hadoop-ozone/ozonefs/target/test-dir/MiniOzoneClusterImpl-53079864-2865-418d-b675-7621d58e8da0/datanode-2/data/ratis/74a35d8e-6b3a-41af-9e6f-dfdef5ebd769 does not exist. Creating ...
2019-09-25 07:19:08,347 [pool-147-thread-1] INFO  storage.RaftStorageDirectory (RaftStorageDirectory.java:tryLock(328)) - Lock on /workdir/hadoop-ozone/ozonefs/target/test-dir/MiniOzoneClusterImpl-53079864-2865-418d-b675-7621d58e8da0/datanode-2/data/ratis/74a35d8e-6b3a-41af-9e6f-dfdef5ebd769/in_use.lock acquired by nodename 21239@pr-hdds-1569-s62bp-3040748787
2019-09-25 07:19:08,371 [pool-147-thread-1] INFO  storage.RaftStorage (RaftStorage.java:format(72)) - Storage directory /workdir/hadoop-ozone/ozonefs/target/test-dir/MiniOzoneClusterImpl-53079864-2865-418d-b675-7621d58e8da0/datanode-2/data/ratis/74a35d8e-6b3a-41af-9e6f-dfdef5ebd769 has been successfully formatted.
2019-09-25 07:19:08,372 [pool-147-thread-1] INFO  ratis.ContainerStateMachine (ContainerStateMachine.java:loadSnapshot(230)) - group-DFDEF5EBD769: The snapshot info is null. Setting the last applied indexto:(t:0, i:~)
2019-09-25 07:19:08,372 [pool-147-thread-1] INFO  server.RaftServerConfigKeys (ConfUtils.java:logGet(43)) - raft.server.notification.no-leader.timeout = 120s (custom)
2019-09-25 07:19:08,372 [pool-147-thread-1] INFO  server.RaftServerConfigKeys (ConfUtils.java:logGet(43)) - raft.server.log.use.memory = false (default)
2019-09-25 07:19:08,372 [pool-147-thread-1] INFO  server.RaftServerConfigKeys (ConfUtils.java:logGet(43)) - raft.server.log.purge.gap = 1000000 (custom)
2019-09-25 07:19:08,372 [pool-147-thread-1] INFO  server.RaftServerConfigKeys (ConfUtils.java:logGet(43)) - raft.server.log.appender.buffer.byte-limit = 33554432 (custom)
2019-09-25 07:19:08,372 [pool-147-thread-1] INFO  server.RaftServerConfigKeys (ConfUtils.java:logGet(43)) - raft.server.log.segment.size.max = 1048576 (custom)
2019-09-25 07:19:08,372 [pool-147-thread-1] INFO  server.RaftServerConfigKeys (ConfUtils.java:logGet(43)) - raft.server.log.segment.cache.num.max = 2 (custom)
2019-09-25 07:19:08,373 [pool-147-thread-1] INFO  segmented.SegmentedRaftLogWorker (SegmentedRaftLogWorker.java:<init>(172)) - new b6d16c04-1efb-41d0-8f30-e52b02e93617@group-DFDEF5EBD769-SegmentedRaftLogWorker for RaftStorage:Storage Directory /workdir/hadoop-ozone/ozonefs/target/test-dir/MiniOzoneClusterImpl-53079864-2865-418d-b675-7621d58e8da0/datanode-2/data/ratis/74a35d8e-6b3a-41af-9e6f-dfdef5ebd769
2019-09-25 07:19:08,373 [pool-147-thread-1] INFO  server.RaftServerConfigKeys (ConfUtils.java:logGet(43)) - raft.server.log.queue.byte-limit = 2147483647 (custom)
2019-09-25 07:19:08,373 [pool-147-thread-1] INFO  server.RaftServerConfigKeys (ConfUtils.java:logGet(43)) - raft.server.log.queue.element-limit = 1024 (custom)
2019-09-25 07:19:08,373 [pool-147-thread-1] INFO  server.RaftServerConfigKeys (ConfUtils.java:logGet(43)) - raft.server.log.segment.size.max = 1048576 (custom)
2019-09-25 07:19:08,373 [pool-147-thread-1] INFO  server.RaftServerConfigKeys (ConfUtils.java:logGet(43)) - raft.server.log.preallocated.size = 16384 (custom)
2019-09-25 07:19:08,373 [pool-147-thread-1] INFO  server.RaftServerConfigKeys (ConfUtils.java:logGet(43)) - raft.server.log.write.buffer.size = 33554432 (custom)
2019-09-25 07:19:08,373 [pool-147-thread-1] INFO  server.RaftServerConfigKeys (ConfUtils.java:logGet(43)) - raft.server.log.force.sync.num = 128 (default)
2019-09-25 07:19:08,373 [pool-147-thread-1] INFO  server.RaftServerConfigKeys (ConfUtils.java:logGet(43)) - raft.server.log.statemachine.data.sync = true (default)
2019-09-25 07:19:08,374 [pool-147-thread-1] INFO  server.RaftServerConfigKeys (ConfUtils.java:logGet(43)) - raft.server.log.statemachine.data.sync.timeout = 10s (default)
2019-09-25 07:19:08,374 [pool-147-thread-1] INFO  server.RaftServerConfigKeys (ConfUtils.java:logGet(43)) - raft.server.log.statemachine.data.sync.timeout.retry = -1 (default)
2019-09-25 07:19:08,374 [pool-147-thread-1] INFO  server.RaftServerConfigKeys (ConfUtils.java:logGet(43)) - raft.server.log.statemachine.data.caching.enabled = true (custom)
2019-09-25 07:19:08,374 [pool-147-thread-1] INFO  segmented.SegmentedRaftLogWorker (SegmentedRaftLogWorker.java:lambda$new$0(132)) - b6d16c04-1efb-41d0-8f30-e52b02e93617@group-DFDEF5EBD769-SegmentedRaftLogWorker: flushIndex: setUnconditionally 0 -> -1
2019-09-25 07:19:08,374 [pool-147-thread-1] INFO  server.RaftServerConfigKeys (ConfUtils.java:logGet(43)) - raft.server.snapshot.auto.trigger.enabled = true (custom)
2019-09-25 07:19:08,375 [pool-147-thread-1] INFO  server.RaftServerConfigKeys (ConfUtils.java:logGet(43)) - raft.server.snapshot.auto.trigger.threshold = 10000 (custom)
2019-09-25 07:19:08,375 [pool-147-thread-1] INFO  server.RaftServerConfigKeys (ConfUtils.java:logGet(43)) - raft.server.snapshot.retention.num.files = 5 (custom)
2019-09-25 07:19:08,375 [pool-147-thread-1] INFO  server.RaftServerConfigKeys (ConfUtils.java:logGet(43)) - raft.server.retrycache.expirytime = 600000ms (custom)
2019-09-25 07:19:08,377 [pool-147-thread-1] INFO  impl.RaftServerImpl (RaftServerImpl.java:start(185)) - b6d16c04-1efb-41d0-8f30-e52b02e93617@group-DFDEF5EBD769: start as a follower, conf=-1: [b6d16c04-1efb-41d0-8f30-e52b02e93617:192.168.30.10:43139], old=null
2019-09-25 07:19:08,377 [pool-147-thread-1] INFO  impl.RaftServerImpl (RaftServerImpl.java:setRole(174)) - b6d16c04-1efb-41d0-8f30-e52b02e93617@group-DFDEF5EBD769: changes role from      null to FOLLOWER at term 0 for startAsFollower
2019-09-25 07:19:08,377 [pool-147-thread-1] INFO  impl.RoleInfo (RoleInfo.java:updateAndGet(143)) - b6d16c04-1efb-41d0-8f30-e52b02e93617: start FollowerState
2019-09-25 07:19:08,377 [pool-147-thread-1] INFO  util.JmxRegister (JmxRegister.java:tryRegister(44)) - Successfully registered JMX Bean with object name Ratis:service=RaftServer,group=group-DFDEF5EBD769,id=b6d16c04-1efb-41d0-8f30-e52b02e93617
2019-09-25 07:19:08,381 [RatisPipelineUtilsThread] INFO  pipeline.PipelineStateManager (PipelineStateManager.java:addPipeline(56)) - Created pipeline Pipeline[ Id: 74a35d8e-6b3a-41af-9e6f-dfdef5ebd769, Nodes: b6d16c04-1efb-41d0-8f30-e52b02e93617{ip: 192.168.30.10, host: pr-hdds-1569-s62bp-3040748787, networkLocation: /default-rack, certSerialId: null}, Type:RATIS, Factor:ONE, State:OPEN]
2019-09-25 07:19:08,381 [RatisPipelineUtilsThread] INFO  pipeline.PipelinePlacementPolicy (PipelinePlacementPolicy.java:meetCriteria(91)) - Pipeline Placement: Doesn't meet the criteria to be viable node： 29ce77fd-3396-4484-adab-af54307e8c01 Heaviness: 6 limit: 5
2019-09-25 07:19:08,381 [RatisPipelineUtilsThread] INFO  pipeline.PipelinePlacementPolicy (PipelinePlacementPolicy.java:meetCriteria(91)) - Pipeline Placement: Doesn't meet the criteria to be viable node： 6948f379-f924-4722-ada9-494d6a32b245 Heaviness: 6 limit: 5
2019-09-25 07:19:08,387 [grpc-default-executor-0] INFO  impl.RaftServerProxy (RaftServerProxy.java:addNew(89)) - b6d16c04-1efb-41d0-8f30-e52b02e93617: addNew group-2ADA5F1B4CF6:[b6d16c04-1efb-41d0-8f30-e52b02e93617:192.168.30.10:43139] returns group-2ADA5F1B4CF6:java.util.concurrent.CompletableFuture@5a7fc87d[Not completed]
2019-09-25 07:19:08,388 [pool-147-thread-1] INFO  impl.RaftServerImpl (RaftServerImpl.java:<init>(95)) - b6d16c04-1efb-41d0-8f30-e52b02e93617: new RaftServerImpl for group-2ADA5F1B4CF6:[b6d16c04-1efb-41d0-8f30-e52b02e93617:192.168.30.10:43139] with ContainerStateMachine:uninitialized
2019-09-25 07:19:08,388 [pool-147-thread-1] INFO  server.RaftServerConfigKeys (ConfUtils.java:logGet(43)) - raft.server.rpc.timeout.min = 5s (custom)
2019-09-25 07:19:08,388 [pool-147-thread-1] INFO  server.RaftServerConfigKeys (ConfUtils.java:logGet(43)) - raft.server.rpc.timeout.max = 5200ms (custom)
2019-09-25 07:19:08,388 [pool-147-thread-1] INFO  server.RaftServerConfigKeys (ConfUtils.java:logGet(43)) - raft.server.rpcslowness.timeout = 120s (custom)
2019-09-25 07:19:08,389 [pool-147-thread-1] INFO  server.RaftServerConfigKeys (ConfUtils.java:logGet(43)) - raft.server.sleep.deviation.threshold = 300 (default)
2019-09-25 07:19:08,389 [pool-147-thread-1] INFO  server.RaftServerConfigKeys (ConfUtils.java:logGet(43)) - raft.server.log.appender.install.snapshot.enabled = false (custom)
2019-09-25 07:19:08,389 [pool-147-thread-1] INFO  impl.RaftServerImpl (ServerState.java:<init>(103)) - b6d16c04-1efb-41d0-8f30-e52b02e93617@group-2ADA5F1B4CF6: ConfigurationManager, init=-1: [b6d16c04-1efb-41d0-8f30-e52b02e93617:192.168.30.10:43139], old=null, confs=<EMPTY_MAP>
2019-09-25 07:19:08,389 [pool-147-thread-1] INFO  server.RaftServerConfigKeys (ConfUtils.java:logGet(43)) - raft.server.storage.dir = [/workdir/hadoop-ozone/ozonefs/target/test-dir/MiniOzoneClusterImpl-53079864-2865-418d-b675-7621d58e8da0/datanode-2/data/ratis] (custom)
2019-09-25 07:19:08,389 [pool-147-thread-1] INFO  storage.RaftStorageDirectory (RaftStorageDirectory.java:analyzeStorage(246)) - The storage directory /workdir/hadoop-ozone/ozonefs/target/test-dir/MiniOzoneClusterImpl-53079864-2865-418d-b675-7621d58e8da0/datanode-2/data/ratis/c7672a82-e219-4883-958e-2ada5f1b4cf6 does not exist. Creating ...
2019-09-25 07:19:08,402 [pool-147-thread-1] INFO  storage.RaftStorageDirectory (RaftStorageDirectory.java:tryLock(328)) - Lock on /workdir/hadoop-ozone/ozonefs/target/test-dir/MiniOzoneClusterImpl-53079864-2865-418d-b675-7621d58e8da0/datanode-2/data/ratis/c7672a82-e219-4883-958e-2ada5f1b4cf6/in_use.lock acquired by nodename 21239@pr-hdds-1569-s62bp-3040748787
2019-09-25 07:19:08,416 [pool-147-thread-1] INFO  storage.RaftStorage (RaftStorage.java:format(72)) - Storage directory /workdir/hadoop-ozone/ozonefs/target/test-dir/MiniOzoneClusterImpl-53079864-2865-418d-b675-7621d58e8da0/datanode-2/data/ratis/c7672a82-e219-4883-958e-2ada5f1b4cf6 has been successfully formatted.
2019-09-25 07:19:08,417 [pool-147-thread-1] INFO  ratis.ContainerStateMachine (ContainerStateMachine.java:loadSnapshot(230)) - group-2ADA5F1B4CF6: The snapshot info is null. Setting the last applied indexto:(t:0, i:~)
2019-09-25 07:19:08,417 [pool-147-thread-1] INFO  server.RaftServerConfigKeys (ConfUtils.java:logGet(43)) - raft.server.notification.no-leader.timeout = 120s (custom)
2019-09-25 07:19:08,417 [pool-147-thread-1] INFO  server.RaftServerConfigKeys (ConfUtils.java:logGet(43)) - raft.server.log.use.memory = false (default)
2019-09-25 07:19:08,417 [pool-147-thread-1] INFO  server.RaftServerConfigKeys (ConfUtils.java:logGet(43)) - raft.server.log.purge.gap = 1000000 (custom)
2019-09-25 07:19:08,418 [pool-147-thread-1] INFO  server.RaftServerConfigKeys (ConfUtils.java:logGet(43)) - raft.server.log.appender.buffer.byte-limit = 33554432 (custom)
2019-09-25 07:19:08,418 [pool-147-thread-1] INFO  server.RaftServerConfigKeys (ConfUtils.java:logGet(43)) - raft.server.log.segment.size.max = 1048576 (custom)
2019-09-25 07:19:08,418 [pool-147-thread-1] INFO  server.RaftServerConfigKeys (ConfUtils.java:logGet(43)) - raft.server.log.segment.cache.num.max = 2 (custom)
2019-09-25 07:19:08,418 [pool-147-thread-1] INFO  segmented.SegmentedRaftLogWorker (SegmentedRaftLogWorker.java:<init>(172)) - new b6d16c04-1efb-41d0-8f30-e52b02e93617@group-2ADA5F1B4CF6-SegmentedRaftLogWorker for RaftStorage:Storage Directory /workdir/hadoop-ozone/ozonefs/target/test-dir/MiniOzoneClusterImpl-53079864-2865-418d-b675-7621d58e8da0/datanode-2/data/ratis/c7672a82-e219-4883-958e-2ada5f1b4cf6
2019-09-25 07:19:08,418 [pool-147-thread-1] INFO  server.RaftServerConfigKeys (ConfUtils.java:logGet(43)) - raft.server.log.queue.byte-limit = 2147483647 (custom)
2019-09-25 07:19:08,418 [pool-147-thread-1] INFO  server.RaftServerConfigKeys (ConfUtils.java:logGet(43)) - raft.server.log.queue.element-limit = 1024 (custom)
2019-09-25 07:19:08,418 [pool-147-thread-1] INFO  server.RaftServerConfigKeys (ConfUtils.java:logGet(43)) - raft.server.log.segment.size.max = 1048576 (custom)
2019-09-25 07:19:08,419 [pool-147-thread-1] INFO  server.RaftServerConfigKeys (ConfUtils.java:logGet(43)) - raft.server.log.preallocated.size = 16384 (custom)
2019-09-25 07:19:08,419 [pool-147-thread-1] INFO  server.RaftServerConfigKeys (ConfUtils.java:logGet(43)) - raft.server.log.write.buffer.size = 33554432 (custom)
2019-09-25 07:19:08,419 [pool-147-thread-1] INFO  server.RaftServerConfigKeys (ConfUtils.java:logGet(43)) - raft.server.log.force.sync.num = 128 (default)
2019-09-25 07:19:08,419 [pool-147-thread-1] INFO  server.RaftServerConfigKeys (ConfUtils.java:logGet(43)) - raft.server.log.statemachine.data.sync = true (default)
2019-09-25 07:19:08,419 [pool-147-thread-1] INFO  server.RaftServerConfigKeys (ConfUtils.java:logGet(43)) - raft.server.log.statemachine.data.sync.timeout = 10s (default)
2019-09-25 07:19:08,419 [pool-147-thread-1] INFO  server.RaftServerConfigKeys (ConfUtils.java:logGet(43)) - raft.server.log.statemachine.data.sync.timeout.retry = -1 (default)
2019-09-25 07:19:08,419 [pool-147-thread-1] INFO  server.RaftServerConfigKeys (ConfUtils.java:logGet(43)) - raft.server.log.statemachine.data.caching.enabled = true (custom)
2019-09-25 07:19:08,420 [pool-147-thread-1] INFO  segmented.SegmentedRaftLogWorker (SegmentedRaftLogWorker.java:lambda$new$0(132)) - b6d16c04-1efb-41d0-8f30-e52b02e93617@group-2ADA5F1B4CF6-SegmentedRaftLogWorker: flushIndex: setUnconditionally 0 -> -1
2019-09-25 07:19:08,420 [pool-147-thread-1] INFO  server.RaftServerConfigKeys (ConfUtils.java:logGet(43)) - raft.server.snapshot.auto.trigger.enabled = true (custom)
2019-09-25 07:19:08,420 [pool-147-thread-1] INFO  server.RaftServerConfigKeys (ConfUtils.java:logGet(43)) - raft.server.snapshot.auto.trigger.threshold = 10000 (custom)
2019-09-25 07:19:08,421 [pool-147-thread-1] INFO  server.RaftServerConfigKeys (ConfUtils.java:logGet(43)) - raft.server.snapshot.retention.num.files = 5 (custom)
2019-09-25 07:19:08,421 [pool-147-thread-1] INFO  server.RaftServerConfigKeys (ConfUtils.java:logGet(43)) - raft.server.retrycache.expirytime = 600000ms (custom)
2019-09-25 07:19:08,423 [pool-147-thread-1] INFO  impl.RaftServerImpl (RaftServerImpl.java:start(185)) - b6d16c04-1efb-41d0-8f30-e52b02e93617@group-2ADA5F1B4CF6: start as a follower, conf=-1: [b6d16c04-1efb-41d0-8f30-e52b02e93617:192.168.30.10:43139], old=null
2019-09-25 07:19:08,423 [pool-147-thread-1] INFO  impl.RaftServerImpl (RaftServerImpl.java:setRole(174)) - b6d16c04-1efb-41d0-8f30-e52b02e93617@group-2ADA5F1B4CF6: changes role from      null to FOLLOWER at term 0 for startAsFollower
2019-09-25 07:19:08,424 [pool-147-thread-1] INFO  impl.RoleInfo (RoleInfo.java:updateAndGet(143)) - b6d16c04-1efb-41d0-8f30-e52b02e93617: start FollowerState
2019-09-25 07:19:08,424 [pool-147-thread-1] INFO  util.JmxRegister (JmxRegister.java:tryRegister(44)) - Successfully registered JMX Bean with object name Ratis:service=RaftServer,group=group-2ADA5F1B4CF6,id=b6d16c04-1efb-41d0-8f30-e52b02e93617
2019-09-25 07:19:08,428 [RatisPipelineUtilsThread] INFO  pipeline.PipelineStateManager (PipelineStateManager.java:addPipeline(56)) - Created pipeline Pipeline[ Id: c7672a82-e219-4883-958e-2ada5f1b4cf6, Nodes: b6d16c04-1efb-41d0-8f30-e52b02e93617{ip: 192.168.30.10, host: pr-hdds-1569-s62bp-3040748787, networkLocation: /default-rack, certSerialId: null}, Type:RATIS, Factor:ONE, State:OPEN]
2019-09-25 07:19:08,428 [RatisPipelineUtilsThread] INFO  pipeline.PipelinePlacementPolicy (PipelinePlacementPolicy.java:meetCriteria(91)) - Pipeline Placement: Doesn't meet the criteria to be viable node： 29ce77fd-3396-4484-adab-af54307e8c01 Heaviness: 6 limit: 5
2019-09-25 07:19:08,428 [RatisPipelineUtilsThread] INFO  pipeline.PipelinePlacementPolicy (PipelinePlacementPolicy.java:meetCriteria(91)) - Pipeline Placement: Doesn't meet the criteria to be viable node： 6948f379-f924-4722-ada9-494d6a32b245 Heaviness: 6 limit: 5
2019-09-25 07:19:08,435 [grpc-default-executor-0] INFO  impl.RaftServerProxy (RaftServerProxy.java:addNew(89)) - b6d16c04-1efb-41d0-8f30-e52b02e93617: addNew group-2149A8F81929:[b6d16c04-1efb-41d0-8f30-e52b02e93617:192.168.30.10:43139] returns group-2149A8F81929:java.util.concurrent.CompletableFuture@623f5c87[Not completed]
2019-09-25 07:19:08,436 [pool-147-thread-1] INFO  impl.RaftServerImpl (RaftServerImpl.java:<init>(95)) - b6d16c04-1efb-41d0-8f30-e52b02e93617: new RaftServerImpl for group-2149A8F81929:[b6d16c04-1efb-41d0-8f30-e52b02e93617:192.168.30.10:43139] with ContainerStateMachine:uninitialized
2019-09-25 07:19:08,436 [pool-147-thread-1] INFO  server.RaftServerConfigKeys (ConfUtils.java:logGet(43)) - raft.server.rpc.timeout.min = 5s (custom)
2019-09-25 07:19:08,436 [pool-147-thread-1] INFO  server.RaftServerConfigKeys (ConfUtils.java:logGet(43)) - raft.server.rpc.timeout.max = 5200ms (custom)
2019-09-25 07:19:08,437 [pool-147-thread-1] INFO  server.RaftServerConfigKeys (ConfUtils.java:logGet(43)) - raft.server.rpcslowness.timeout = 120s (custom)
2019-09-25 07:19:08,437 [pool-147-thread-1] INFO  server.RaftServerConfigKeys (ConfUtils.java:logGet(43)) - raft.server.sleep.deviation.threshold = 300 (default)
2019-09-25 07:19:08,437 [pool-147-thread-1] INFO  server.RaftServerConfigKeys (ConfUtils.java:logGet(43)) - raft.server.log.appender.install.snapshot.enabled = false (custom)
2019-09-25 07:19:08,437 [pool-147-thread-1] INFO  impl.RaftServerImpl (ServerState.java:<init>(103)) - b6d16c04-1efb-41d0-8f30-e52b02e93617@group-2149A8F81929: ConfigurationManager, init=-1: [b6d16c04-1efb-41d0-8f30-e52b02e93617:192.168.30.10:43139], old=null, confs=<EMPTY_MAP>
2019-09-25 07:19:08,437 [pool-147-thread-1] INFO  server.RaftServerConfigKeys (ConfUtils.java:logGet(43)) - raft.server.storage.dir = [/workdir/hadoop-ozone/ozonefs/target/test-dir/MiniOzoneClusterImpl-53079864-2865-418d-b675-7621d58e8da0/datanode-2/data/ratis] (custom)
2019-09-25 07:19:08,438 [pool-147-thread-1] INFO  storage.RaftStorageDirectory (RaftStorageDirectory.java:analyzeStorage(246)) - The storage directory /workdir/hadoop-ozone/ozonefs/target/test-dir/MiniOzoneClusterImpl-53079864-2865-418d-b675-7621d58e8da0/datanode-2/data/ratis/75d18dc7-d4b4-439d-a4bc-2149a8f81929 does not exist. Creating ...
2019-09-25 07:19:08,451 [pool-147-thread-1] INFO  storage.RaftStorageDirectory (RaftStorageDirectory.java:tryLock(328)) - Lock on /workdir/hadoop-ozone/ozonefs/target/test-dir/MiniOzoneClusterImpl-53079864-2865-418d-b675-7621d58e8da0/datanode-2/data/ratis/75d18dc7-d4b4-439d-a4bc-2149a8f81929/in_use.lock acquired by nodename 21239@pr-hdds-1569-s62bp-3040748787
2019-09-25 07:19:08,464 [pool-147-thread-1] INFO  storage.RaftStorage (RaftStorage.java:format(72)) - Storage directory /workdir/hadoop-ozone/ozonefs/target/test-dir/MiniOzoneClusterImpl-53079864-2865-418d-b675-7621d58e8da0/datanode-2/data/ratis/75d18dc7-d4b4-439d-a4bc-2149a8f81929 has been successfully formatted.
2019-09-25 07:19:08,465 [pool-147-thread-1] INFO  ratis.ContainerStateMachine (ContainerStateMachine.java:loadSnapshot(230)) - group-2149A8F81929: The snapshot info is null. Setting the last applied indexto:(t:0, i:~)
2019-09-25 07:19:08,465 [pool-147-thread-1] INFO  server.RaftServerConfigKeys (ConfUtils.java:logGet(43)) - raft.server.notification.no-leader.timeout = 120s (custom)
2019-09-25 07:19:08,465 [pool-147-thread-1] INFO  server.RaftServerConfigKeys (ConfUtils.java:logGet(43)) - raft.server.log.use.memory = false (default)
2019-09-25 07:19:08,465 [pool-147-thread-1] INFO  server.RaftServerConfigKeys (ConfUtils.java:logGet(43)) - raft.server.log.purge.gap = 1000000 (custom)
2019-09-25 07:19:08,466 [pool-147-thread-1] INFO  server.RaftServerConfigKeys (ConfUtils.java:logGet(43)) - raft.server.log.appender.buffer.byte-limit = 33554432 (custom)
2019-09-25 07:19:08,466 [pool-147-thread-1] INFO  server.RaftServerConfigKeys (ConfUtils.java:logGet(43)) - raft.server.log.segment.size.max = 1048576 (custom)
2019-09-25 07:19:08,466 [pool-147-thread-1] INFO  server.RaftServerConfigKeys (ConfUtils.java:logGet(43)) - raft.server.log.segment.cache.num.max = 2 (custom)
2019-09-25 07:19:08,466 [pool-147-thread-1] INFO  segmented.SegmentedRaftLogWorker (SegmentedRaftLogWorker.java:<init>(172)) - new b6d16c04-1efb-41d0-8f30-e52b02e93617@group-2149A8F81929-SegmentedRaftLogWorker for RaftStorage:Storage Directory /workdir/hadoop-ozone/ozonefs/target/test-dir/MiniOzoneClusterImpl-53079864-2865-418d-b675-7621d58e8da0/datanode-2/data/ratis/75d18dc7-d4b4-439d-a4bc-2149a8f81929
2019-09-25 07:19:08,466 [pool-147-thread-1] INFO  server.RaftServerConfigKeys (ConfUtils.java:logGet(43)) - raft.server.log.queue.byte-limit = 2147483647 (custom)
2019-09-25 07:19:08,466 [pool-147-thread-1] INFO  server.RaftServerConfigKeys (ConfUtils.java:logGet(43)) - raft.server.log.queue.element-limit = 1024 (custom)
2019-09-25 07:19:08,466 [pool-147-thread-1] INFO  server.RaftServerConfigKeys (ConfUtils.java:logGet(43)) - raft.server.log.segment.size.max = 1048576 (custom)
2019-09-25 07:19:08,467 [pool-147-thread-1] INFO  server.RaftServerConfigKeys (ConfUtils.java:logGet(43)) - raft.server.log.preallocated.size = 16384 (custom)
2019-09-25 07:19:08,467 [pool-147-thread-1] INFO  server.RaftServerConfigKeys (ConfUtils.java:logGet(43)) - raft.server.log.write.buffer.size = 33554432 (custom)
2019-09-25 07:19:08,467 [pool-147-thread-1] INFO  server.RaftServerConfigKeys (ConfUtils.java:logGet(43)) - raft.server.log.force.sync.num = 128 (default)
2019-09-25 07:19:08,467 [pool-147-thread-1] INFO  server.RaftServerConfigKeys (ConfUtils.java:logGet(43)) - raft.server.log.statemachine.data.sync = true (default)
2019-09-25 07:19:08,467 [pool-147-thread-1] INFO  server.RaftServerConfigKeys (ConfUtils.java:logGet(43)) - raft.server.log.statemachine.data.sync.timeout = 10s (default)
2019-09-25 07:19:08,467 [pool-147-thread-1] INFO  server.RaftServerConfigKeys (ConfUtils.java:logGet(43)) - raft.server.log.statemachine.data.sync.timeout.retry = -1 (default)
2019-09-25 07:19:08,467 [pool-147-thread-1] INFO  server.RaftServerConfigKeys (ConfUtils.java:logGet(43)) - raft.server.log.statemachine.data.caching.enabled = true (custom)
2019-09-25 07:19:08,468 [pool-147-thread-1] INFO  segmented.SegmentedRaftLogWorker (SegmentedRaftLogWorker.java:lambda$new$0(132)) - b6d16c04-1efb-41d0-8f30-e52b02e93617@group-2149A8F81929-SegmentedRaftLogWorker: flushIndex: setUnconditionally 0 -> -1
2019-09-25 07:19:08,468 [pool-147-thread-1] INFO  server.RaftServerConfigKeys (ConfUtils.java:logGet(43)) - raft.server.snapshot.auto.trigger.enabled = true (custom)
2019-09-25 07:19:08,468 [pool-147-thread-1] INFO  server.RaftServerConfigKeys (ConfUtils.java:logGet(43)) - raft.server.snapshot.auto.trigger.threshold = 10000 (custom)
2019-09-25 07:19:08,469 [pool-147-thread-1] INFO  server.RaftServerConfigKeys (ConfUtils.java:logGet(43)) - raft.server.snapshot.retention.num.files = 5 (custom)
2019-09-25 07:19:08,469 [pool-147-thread-1] INFO  server.RaftServerConfigKeys (ConfUtils.java:logGet(43)) - raft.server.retrycache.expirytime = 600000ms (custom)
2019-09-25 07:19:08,471 [pool-147-thread-1] INFO  impl.RaftServerImpl (RaftServerImpl.java:start(185)) - b6d16c04-1efb-41d0-8f30-e52b02e93617@group-2149A8F81929: start as a follower, conf=-1: [b6d16c04-1efb-41d0-8f30-e52b02e93617:192.168.30.10:43139], old=null
2019-09-25 07:19:08,471 [pool-147-thread-1] INFO  impl.RaftServerImpl (RaftServerImpl.java:setRole(174)) - b6d16c04-1efb-41d0-8f30-e52b02e93617@group-2149A8F81929: changes role from      null to FOLLOWER at term 0 for startAsFollower
2019-09-25 07:19:08,472 [pool-147-thread-1] INFO  impl.RoleInfo (RoleInfo.java:updateAndGet(143)) - b6d16c04-1efb-41d0-8f30-e52b02e93617: start FollowerState
2019-09-25 07:19:08,472 [pool-147-thread-1] INFO  util.JmxRegister (JmxRegister.java:tryRegister(44)) - Successfully registered JMX Bean with object name Ratis:service=RaftServer,group=group-2149A8F81929,id=b6d16c04-1efb-41d0-8f30-e52b02e93617
2019-09-25 07:19:08,475 [RatisPipelineUtilsThread] INFO  pipeline.PipelineStateManager (PipelineStateManager.java:addPipeline(56)) - Created pipeline Pipeline[ Id: 75d18dc7-d4b4-439d-a4bc-2149a8f81929, Nodes: b6d16c04-1efb-41d0-8f30-e52b02e93617{ip: 192.168.30.10, host: pr-hdds-1569-s62bp-3040748787, networkLocation: /default-rack, certSerialId: null}, Type:RATIS, Factor:ONE, State:OPEN]
2019-09-25 07:19:08,475 [RatisPipelineUtilsThread] INFO  pipeline.PipelinePlacementPolicy (PipelinePlacementPolicy.java:meetCriteria(91)) - Pipeline Placement: Doesn't meet the criteria to be viable node： 29ce77fd-3396-4484-adab-af54307e8c01 Heaviness: 6 limit: 5
2019-09-25 07:19:08,476 [RatisPipelineUtilsThread] INFO  pipeline.PipelinePlacementPolicy (PipelinePlacementPolicy.java:meetCriteria(91)) - Pipeline Placement: Doesn't meet the criteria to be viable node： 6948f379-f924-4722-ada9-494d6a32b245 Heaviness: 6 limit: 5
2019-09-25 07:19:08,476 [RatisPipelineUtilsThread] INFO  pipeline.PipelinePlacementPolicy (PipelinePlacementPolicy.java:meetCriteria(91)) - Pipeline Placement: Doesn't meet the criteria to be viable node： b6d16c04-1efb-41d0-8f30-e52b02e93617 Heaviness: 6 limit: 5
2019-09-25 07:19:08,476 [RatisPipelineUtilsThread] ERROR pipeline.PipelinePlacementPolicy (PipelinePlacementPolicy.java:filterViableNodes(148)) - Unable to find enough nodes that meet the criteria that cannot engage in more than 5 pipelines. Nodes required: 1 Found: 0, healthy nodes count inNodeManager: 3.
2019-09-25 07:19:08,476 [RatisPipelineUtilsThread] ERROR pipeline.SCMPipelineManager (SCMPipelineManager.java:createPipeline(167)) - Pipeline creation failed due to exception: Unable to find enough nodes that meet the criteria that cannot engage in more than 5 pipelines. Nodes required: 1 Found: 0, healthy nodes count inNodeManager: 3.
2019-09-25 07:19:08,476 [RatisPipelineUtilsThread] INFO  pipeline.PipelinePlacementPolicy (PipelinePlacementPolicy.java:meetCriteria(91)) - Pipeline Placement: Doesn't meet the criteria to be viable node： 29ce77fd-3396-4484-adab-af54307e8c01 Heaviness: 6 limit: 5
2019-09-25 07:19:08,476 [RatisPipelineUtilsThread] INFO  pipeline.PipelinePlacementPolicy (PipelinePlacementPolicy.java:meetCriteria(91)) - Pipeline Placement: Doesn't meet the criteria to be viable node： 6948f379-f924-4722-ada9-494d6a32b245 Heaviness: 6 limit: 5
2019-09-25 07:19:08,477 [RatisPipelineUtilsThread] INFO  pipeline.PipelinePlacementPolicy (PipelinePlacementPolicy.java:meetCriteria(91)) - Pipeline Placement: Doesn't meet the criteria to be viable node： b6d16c04-1efb-41d0-8f30-e52b02e93617 Heaviness: 6 limit: 5
2019-09-25 07:19:08,477 [RatisPipelineUtilsThread] ERROR pipeline.PipelinePlacementPolicy (PipelinePlacementPolicy.java:filterViableNodes(148)) - Unable to find enough nodes that meet the criteria that cannot engage in more than 5 pipelines. Nodes required: 3 Found: 0, healthy nodes count inNodeManager: 3.
2019-09-25 07:19:08,477 [RatisPipelineUtilsThread] ERROR pipeline.SCMPipelineManager (SCMPipelineManager.java:createPipeline(167)) - Pipeline creation failed due to exception: Unable to find enough nodes that meet the criteria that cannot engage in more than 5 pipelines. Nodes required: 3 Found: 0, healthy nodes count inNodeManager: 3.
2019-09-25 07:19:08,477 [RatisPipelineUtilsThread] INFO  pipeline.PipelinePlacementPolicy (PipelinePlacementPolicy.java:meetCriteria(91)) - Pipeline Placement: Doesn't meet the criteria to be viable node： 29ce77fd-3396-4484-adab-af54307e8c01 Heaviness: 6 limit: 5
2019-09-25 07:19:08,477 [RatisPipelineUtilsThread] INFO  pipeline.PipelinePlacementPolicy (PipelinePlacementPolicy.java:meetCriteria(91)) - Pipeline Placement: Doesn't meet the criteria to be viable node： 6948f379-f924-4722-ada9-494d6a32b245 Heaviness: 6 limit: 5
2019-09-25 07:19:08,478 [RatisPipelineUtilsThread] INFO  pipeline.PipelinePlacementPolicy (PipelinePlacementPolicy.java:meetCriteria(91)) - Pipeline Placement: Doesn't meet the criteria to be viable node： b6d16c04-1efb-41d0-8f30-e52b02e93617 Heaviness: 6 limit: 5
2019-09-25 07:19:08,478 [RatisPipelineUtilsThread] ERROR pipeline.PipelinePlacementPolicy (PipelinePlacementPolicy.java:filterViableNodes(148)) - Unable to find enough nodes that meet the criteria that cannot engage in more than 5 pipelines. Nodes required: 1 Found: 0, healthy nodes count inNodeManager: 3.
2019-09-25 07:19:08,478 [RatisPipelineUtilsThread] ERROR pipeline.SCMPipelineManager (SCMPipelineManager.java:createPipeline(167)) - Pipeline creation failed due to exception: Unable to find enough nodes that meet the criteria that cannot engage in more than 5 pipelines. Nodes required: 1 Found: 0, healthy nodes count inNodeManager: 3.
2019-09-25 07:19:08,478 [RatisPipelineUtilsThread] INFO  pipeline.PipelinePlacementPolicy (PipelinePlacementPolicy.java:meetCriteria(91)) - Pipeline Placement: Doesn't meet the criteria to be viable node： 29ce77fd-3396-4484-adab-af54307e8c01 Heaviness: 6 limit: 5
2019-09-25 07:19:08,478 [RatisPipelineUtilsThread] INFO  pipeline.PipelinePlacementPolicy (PipelinePlacementPolicy.java:meetCriteria(91)) - Pipeline Placement: Doesn't meet the criteria to be viable node： 6948f379-f924-4722-ada9-494d6a32b245 Heaviness: 6 limit: 5
2019-09-25 07:19:08,478 [RatisPipelineUtilsThread] INFO  pipeline.PipelinePlacementPolicy (PipelinePlacementPolicy.java:meetCriteria(91)) - Pipeline Placement: Doesn't meet the criteria to be viable node： b6d16c04-1efb-41d0-8f30-e52b02e93617 Heaviness: 6 limit: 5
2019-09-25 07:19:08,479 [RatisPipelineUtilsThread] ERROR pipeline.PipelinePlacementPolicy (PipelinePlacementPolicy.java:filterViableNodes(148)) - Unable to find enough nodes that meet the criteria that cannot engage in more than 5 pipelines. Nodes required: 3 Found: 0, healthy nodes count inNodeManager: 3.
2019-09-25 07:19:08,479 [RatisPipelineUtilsThread] ERROR pipeline.SCMPipelineManager (SCMPipelineManager.java:createPipeline(167)) - Pipeline creation failed due to exception: Unable to find enough nodes that meet the criteria that cannot engage in more than 5 pipelines. Nodes required: 3 Found: 0, healthy nodes count inNodeManager: 3.
2019-09-25 07:19:08,655 [Thread-543] INFO  ozone.MiniOzoneClusterImpl (MiniOzoneClusterImpl.java:lambda$waitForClusterToBeReady$0(147)) - Cluster is ready. Got 3 of 3 DN Heartbeats.
2019-09-25 07:19:08,704 [Thread-543] INFO  rpc.RpcClient (RpcClient.java:createVolume(276)) - Creating Volume: volume11261, with user93571 as owner.
2019-09-25 07:19:08,708 [IPC Server handler 2 on 46593] INFO  volume.OMVolumeCreateRequest (OMVolumeCreateRequest.java:validateAndUpdateCache(189)) - created volume:volume11261 for user:user93571
2019-09-25 07:19:08,720 [Thread-543] INFO  rpc.RpcClient (RpcClient.java:createBucket(415)) - Creating Bucket: volume11261/bucket32715, with Versioning false and Storage Type set to DISK and Encryption set to false 
2019-09-25 07:19:08,816 [IPC Server handler 1 on 45871] INFO  pipeline.PipelinePlacementPolicy (PipelinePlacementPolicy.java:meetCriteria(91)) - Pipeline Placement: Doesn't meet the criteria to be viable node： 29ce77fd-3396-4484-adab-af54307e8c01 Heaviness: 6 limit: 5
2019-09-25 07:19:08,816 [IPC Server handler 1 on 45871] INFO  pipeline.PipelinePlacementPolicy (PipelinePlacementPolicy.java:meetCriteria(91)) - Pipeline Placement: Doesn't meet the criteria to be viable node： 6948f379-f924-4722-ada9-494d6a32b245 Heaviness: 6 limit: 5
2019-09-25 07:19:08,816 [IPC Server handler 1 on 45871] INFO  pipeline.PipelinePlacementPolicy (PipelinePlacementPolicy.java:meetCriteria(91)) - Pipeline Placement: Doesn't meet the criteria to be viable node： b6d16c04-1efb-41d0-8f30-e52b02e93617 Heaviness: 6 limit: 5
2019-09-25 07:19:08,816 [IPC Server handler 1 on 45871] ERROR pipeline.PipelinePlacementPolicy (PipelinePlacementPolicy.java:filterViableNodes(148)) - Unable to find enough nodes that meet the criteria that cannot engage in more than 5 pipelines. Nodes required: 3 Found: 0, healthy nodes count inNodeManager: 3.
2019-09-25 07:19:08,817 [IPC Server handler 1 on 45871] ERROR pipeline.SCMPipelineManager (SCMPipelineManager.java:createPipeline(167)) - Pipeline creation failed due to exception: Unable to find enough nodes that meet the criteria that cannot engage in more than 5 pipelines. Nodes required: 3 Found: 0, healthy nodes count inNodeManager: 3.
2019-09-25 07:19:08,818 [IPC Server handler 1 on 45871] WARN  block.BlockManagerImpl (BlockManagerImpl.java:allocateBlock(192)) - Pipeline creation failed for type:RATIS factor:THREE. Retrying get pipelines call once.
org.apache.hadoop.hdds.scm.exceptions.SCMException: Unable to find enough nodes that meet the criteria that cannot engage in more than 5 pipelines. Nodes required: 3 Found: 0, healthy nodes count inNodeManager: 3.
	at org.apache.hadoop.hdds.scm.pipeline.PipelinePlacementPolicy.filterViableNodes(PipelinePlacementPolicy.java:149)
	at org.apache.hadoop.hdds.scm.pipeline.PipelinePlacementPolicy.chooseDatanodes(PipelinePlacementPolicy.java:172)
	at org.apache.hadoop.hdds.scm.pipeline.RatisPipelineProvider.create(RatisPipelineProvider.java:93)
	at org.apache.hadoop.hdds.scm.pipeline.PipelineFactory.create(PipelineFactory.java:58)
	at org.apache.hadoop.hdds.scm.pipeline.SCMPipelineManager.createPipeline(SCMPipelineManager.java:155)
	at org.apache.hadoop.hdds.scm.block.BlockManagerImpl.allocateBlock(BlockManagerImpl.java:190)
	at org.apache.hadoop.hdds.scm.server.SCMBlockProtocolServer.allocateBlock(SCMBlockProtocolServer.java:182)
	at org.apache.hadoop.ozone.protocolPB.ScmBlockLocationProtocolServerSideTranslatorPB.allocateScmBlock(ScmBlockLocationProtocolServerSideTranslatorPB.java:183)
	at org.apache.hadoop.ozone.protocolPB.ScmBlockLocationProtocolServerSideTranslatorPB.processMessage(ScmBlockLocationProtocolServerSideTranslatorPB.java:141)
	at org.apache.hadoop.ozone.protocolPB.ScmBlockLocationProtocolServerSideTranslatorPB.send(ScmBlockLocationProtocolServerSideTranslatorPB.java:116)
	at org.apache.hadoop.hdds.protocol.proto.ScmBlockLocationProtocolProtos$ScmBlockLocationProtocolService$2.callBlockingMethod(ScmBlockLocationProtocolProtos.java:13157)
	at org.apache.hadoop.ipc.ProtobufRpcEngine$Server$ProtoBufRpcInvoker.call(ProtobufRpcEngine.java:524)
	at org.apache.hadoop.ipc.RPC$Server.call(RPC.java:1025)
	at org.apache.hadoop.ipc.Server$RpcCall.run(Server.java:876)
	at org.apache.hadoop.ipc.Server$RpcCall.run(Server.java:822)
	at java.security.AccessController.doPrivileged(Native Method)
	at javax.security.auth.Subject.doAs(Subject.java:422)
	at org.apache.hadoop.security.UserGroupInformation.doAs(UserGroupInformation.java:1730)
	at org.apache.hadoop.ipc.Server$Handler.run(Server.java:2682)
2019-09-25 07:19:08,820 [IPC Server handler 1 on 45871] INFO  block.BlockManagerImpl (BlockManagerImpl.java:allocateBlock(198)) - Could not find available pipeline of type:RATIS and factor:THREE even after retrying
2019-09-25 07:19:08,820 [IPC Server handler 1 on 45871] ERROR block.BlockManagerImpl (BlockManagerImpl.java:allocateBlock(222)) - Unable to allocate a block for the size: 4194304, type: RATIS, factor: THREE
2019-09-25 07:19:08,830 [Thread-543] INFO  ozone.MiniOzoneClusterImpl (MiniOzoneClusterImpl.java:shutdown(314)) - Shutting down the Mini Ozone Cluster
2019-09-25 07:19:08,830 [Thread-543] INFO  ozone.MiniOzoneClusterImpl (MiniOzoneClusterImpl.java:stop(330)) - Stopping the Mini Ozone Cluster
2019-09-25 07:19:08,830 [Thread-543] INFO  ozone.MiniOzoneClusterImpl (MiniOzoneClusterImpl.java:stopOM(400)) - Stopping the OzoneManager
2019-09-25 07:19:08,830 [Thread-543] INFO  ipc.Server (Server.java:stop(3082)) - Stopping server on 46593
2019-09-25 07:19:08,834 [IPC Server listener on 46593] INFO  ipc.Server (Server.java:run(1185)) - Stopping IPC Server listener on 46593
2019-09-25 07:19:08,834 [IPC Server Responder] INFO  ipc.Server (Server.java:run(1319)) - Stopping IPC Server Responder
2019-09-25 07:19:08,834 [Thread-543] INFO  ratis.OzoneManagerDoubleBuffer (OzoneManagerDoubleBuffer.java:stop(248)) - Stopping OMDoubleBuffer flush thread
2019-09-25 07:19:08,836 [OMDoubleBufferFlushThread] INFO  ratis.OzoneManagerDoubleBuffer (OzoneManagerDoubleBuffer.java:flushTransactions(191)) - OMDoubleBuffer flush thread OMDoubleBufferFlushThread is interrupted and will exit. OMDoubleBufferFlushThread
2019-09-25 07:19:08,836 [Thread-543] INFO  utils.BackgroundService (BackgroundService.java:shutdown(148)) - Shutting down service KeyDeletingService
2019-09-25 07:19:08,838 [Thread-543] INFO  handler.ContextHandler (ContextHandler.java:doStop(910)) - Stopped o.e.j.w.WebAppContext@60811475{/,null,UNAVAILABLE}{/ozoneManager}
2019-09-25 07:19:08,839 [Thread-543] INFO  server.AbstractConnector (AbstractConnector.java:doStop(318)) - Stopped ServerConnector@27acad65{HTTP/1.1,[http/1.1]}{0.0.0.0:0}
2019-09-25 07:19:08,840 [Thread-543] INFO  handler.ContextHandler (ContextHandler.java:doStop(910)) - Stopped o.e.j.s.ServletContextHandler@403b3107{/static,jar:file:/home/user/.m2/repository/org/apache/hadoop/hadoop-ozone-ozone-manager/0.5.0-SNAPSHOT/hadoop-ozone-ozone-manager-0.5.0-SNAPSHOT.jar!/webapps/static,UNAVAILABLE}
2019-09-25 07:19:08,840 [Thread-543] INFO  handler.ContextHandler (ContextHandler.java:doStop(910)) - Stopped o.e.j.s.ServletContextHandler@52c4b056{/logs,file:///workdir/hadoop-ozone/ozonefs/target/log,UNAVAILABLE}
2019-09-25 07:19:08,842 [Thread-543] INFO  ozone.MiniOzoneClusterImpl (MiniOzoneClusterImpl.java:stopDatanodes(377)) - Stopping the HddsDatanodes
2019-09-25 07:19:09,499 [Datanode State Machine Thread - 0] INFO  statemachine.DatanodeStateMachine (DatanodeStateMachine.java:lambda$startDaemon$0(350)) - Ozone container server started.
2019-09-25 07:19:09,580 [Datanode State Machine Thread - 0] INFO  statemachine.DatanodeStateMachine (DatanodeStateMachine.java:lambda$startDaemon$0(350)) - Ozone container server started.
2019-09-25 07:19:10,511 [Thread-715] INFO  container.ReplicationManager (ReplicationManager.java:start(163)) - Starting Replication Monitor Thread.
2019-09-25 07:19:10,514 [ReplicationMonitor] INFO  container.ReplicationManager (ReplicationManager.java:run(226)) - Replication Monitor Thread took 0 milliseconds for processing 0 containers.
2019-09-25 07:19:12,672 [Thread-720] INFO  impl.FollowerState (FollowerState.java:run(106)) - 6948f379-f924-4722-ada9-494d6a32b245:group-DFF4C87A3F08 changes to CANDIDATE, lastRpcTime:5044, electionTimeout:5044ms
2019-09-25 07:19:12,673 [Thread-720] INFO  impl.RoleInfo (RoleInfo.java:shutdownFollowerState(121)) - 6948f379-f924-4722-ada9-494d6a32b245: shutdown FollowerState
2019-09-25 07:19:12,673 [Thread-720] INFO  impl.RaftServerImpl (RaftServerImpl.java:setRole(174)) - 6948f379-f924-4722-ada9-494d6a32b245@group-DFF4C87A3F08: changes role from  FOLLOWER to CANDIDATE at term 0 for changeToCandidate
2019-09-25 07:19:12,674 [Thread-720] INFO  impl.RoleInfo (RoleInfo.java:updateAndGet(143)) - 6948f379-f924-4722-ada9-494d6a32b245: start LeaderElection
2019-09-25 07:19:12,695 [6948f379-f924-4722-ada9-494d6a32b245@group-DFF4C87A3F08:LeaderElection37] INFO  impl.LeaderElection (LeaderElection.java:askForVotes(182)) - 6948f379-f924-4722-ada9-494d6a32b245@group-DFF4C87A3F08:LeaderElection37: begin an election at term 1 for -1: [6948f379-f924-4722-ada9-494d6a32b245:192.168.30.10:34637], old=null
2019-09-25 07:19:12,696 [6948f379-f924-4722-ada9-494d6a32b245@group-DFF4C87A3F08:LeaderElection37] INFO  impl.RoleInfo (RoleInfo.java:shutdownLeaderElection(134)) - 6948f379-f924-4722-ada9-494d6a32b245: shutdown LeaderElection
2019-09-25 07:19:12,696 [6948f379-f924-4722-ada9-494d6a32b245@group-DFF4C87A3F08:LeaderElection37] INFO  impl.RaftServerImpl (RaftServerImpl.java:setRole(174)) - 6948f379-f924-4722-ada9-494d6a32b245@group-DFF4C87A3F08: changes role from CANDIDATE to LEADER at term 1 for changeToLeader
2019-09-25 07:19:12,696 [6948f379-f924-4722-ada9-494d6a32b245@group-DFF4C87A3F08:LeaderElection37] INFO  impl.RaftServerImpl (ServerState.java:setLeader(253)) - 6948f379-f924-4722-ada9-494d6a32b245@group-DFF4C87A3F08: change Leader from null to 6948f379-f924-4722-ada9-494d6a32b245 at term 1 for becomeLeader, leader elected after 5074ms
2019-09-25 07:19:12,696 [6948f379-f924-4722-ada9-494d6a32b245@group-DFF4C87A3F08:LeaderElection37] INFO  server.RaftServerConfigKeys (ConfUtils.java:logGet(43)) - raft.server.staging.catchup.gap = 1000 (default)
2019-09-25 07:19:12,697 [6948f379-f924-4722-ada9-494d6a32b245@group-DFF4C87A3F08:LeaderElection37] INFO  server.RaftServerConfigKeys (ConfUtils.java:logGet(43)) - raft.server.rpc.sleep.time = 25ms (default)
2019-09-25 07:19:12,697 [6948f379-f924-4722-ada9-494d6a32b245@group-DFF4C87A3F08:LeaderElection37] INFO  server.RaftServerConfigKeys (ConfUtils.java:logGet(43)) - raft.server.write.element-limit = 4096 (default)
2019-09-25 07:19:12,697 [6948f379-f924-4722-ada9-494d6a32b245@group-DFF4C87A3F08:LeaderElection37] INFO  server.RaftServerConfigKeys (ConfUtils.java:logGet(43)) - raft.server.watch.timeout = 10s (default)
2019-09-25 07:19:12,697 [6948f379-f924-4722-ada9-494d6a32b245@group-DFF4C87A3F08:LeaderElection37] INFO  server.RaftServerConfigKeys (ConfUtils.java:logGet(43)) - raft.server.watch.timeout.denomination = 1s (default)
2019-09-25 07:19:12,697 [6948f379-f924-4722-ada9-494d6a32b245@group-DFF4C87A3F08:LeaderElection37] INFO  server.RaftServerConfigKeys (ConfUtils.java:logGet(43)) - raft.server.watch.element-limit = 65536 (default)
2019-09-25 07:19:12,701 [6948f379-f924-4722-ada9-494d6a32b245@group-DFF4C87A3F08:LeaderElection37] INFO  impl.RoleInfo (RoleInfo.java:updateAndGet(143)) - 6948f379-f924-4722-ada9-494d6a32b245: start LeaderState
2019-09-25 07:19:12,701 [6948f379-f924-4722-ada9-494d6a32b245@group-DFF4C87A3F08:LeaderElection37] INFO  segmented.SegmentedRaftLogWorker (SegmentedRaftLogWorker.java:startLogSegment(380)) - 6948f379-f924-4722-ada9-494d6a32b245@group-DFF4C87A3F08-SegmentedRaftLogWorker: Starting segment from index:0
2019-09-25 07:19:12,702 [6948f379-f924-4722-ada9-494d6a32b245@group-DFF4C87A3F08:LeaderElection37] INFO  impl.RaftServerImpl (ServerState.java:setRaftConf(354)) - 6948f379-f924-4722-ada9-494d6a32b245@group-DFF4C87A3F08: set configuration 0: [6948f379-f924-4722-ada9-494d6a32b245:192.168.30.10:34637], old=null at 0
2019-09-25 07:19:12,715 [Thread-717] INFO  impl.FollowerState (FollowerState.java:run(106)) - 6948f379-f924-4722-ada9-494d6a32b245:group-FF2D003771FE changes to CANDIDATE, lastRpcTime:5143, electionTimeout:5143ms
2019-09-25 07:19:12,715 [Thread-717] INFO  impl.RoleInfo (RoleInfo.java:shutdownFollowerState(121)) - 6948f379-f924-4722-ada9-494d6a32b245: shutdown FollowerState
2019-09-25 07:19:12,715 [Thread-717] INFO  impl.RaftServerImpl (RaftServerImpl.java:setRole(174)) - 6948f379-f924-4722-ada9-494d6a32b245@group-FF2D003771FE: changes role from  FOLLOWER to CANDIDATE at term 0 for changeToCandidate
2019-09-25 07:19:12,715 [Thread-717] INFO  impl.RoleInfo (RoleInfo.java:updateAndGet(143)) - 6948f379-f924-4722-ada9-494d6a32b245: start LeaderElection
2019-09-25 07:19:12,755 [6948f379-f924-4722-ada9-494d6a32b245@group-DFF4C87A3F08-SegmentedRaftLogWorker] INFO  segmented.SegmentedRaftLogWorker (SegmentedRaftLogWorker.java:execute(569)) - 6948f379-f924-4722-ada9-494d6a32b245@group-DFF4C87A3F08-SegmentedRaftLogWorker: created new log segment /workdir/hadoop-ozone/ozonefs/target/test-dir/MiniOzoneClusterImpl-53079864-2865-418d-b675-7621d58e8da0/datanode-0/data/ratis/a3e5e9a8-2eb9-4652-8981-dff4c87a3f08/current/log_inprogress_0
2019-09-25 07:19:12,755 [6948f379-f924-4722-ada9-494d6a32b245@group-FF2D003771FE:LeaderElection38] INFO  impl.LeaderElection (LeaderElection.java:askForVotes(182)) - 6948f379-f924-4722-ada9-494d6a32b245@group-FF2D003771FE:LeaderElection38: begin an election at term 1 for -1: [6948f379-f924-4722-ada9-494d6a32b245:192.168.30.10:34637], old=null
2019-09-25 07:19:12,755 [6948f379-f924-4722-ada9-494d6a32b245@group-FF2D003771FE:LeaderElection38] INFO  impl.RoleInfo (RoleInfo.java:shutdownLeaderElection(134)) - 6948f379-f924-4722-ada9-494d6a32b245: shutdown LeaderElection
2019-09-25 07:19:12,756 [6948f379-f924-4722-ada9-494d6a32b245@group-FF2D003771FE:LeaderElection38] INFO  impl.RaftServerImpl (RaftServerImpl.java:setRole(174)) - 6948f379-f924-4722-ada9-494d6a32b245@group-FF2D003771FE: changes role from CANDIDATE to LEADER at term 1 for changeToLeader
2019-09-25 07:19:12,756 [6948f379-f924-4722-ada9-494d6a32b245@group-FF2D003771FE:LeaderElection38] INFO  impl.RaftServerImpl (ServerState.java:setLeader(253)) - 6948f379-f924-4722-ada9-494d6a32b245@group-FF2D003771FE: change Leader from null to 6948f379-f924-4722-ada9-494d6a32b245 at term 1 for becomeLeader, leader elected after 5194ms
2019-09-25 07:19:12,756 [6948f379-f924-4722-ada9-494d6a32b245@group-FF2D003771FE:LeaderElection38] INFO  server.RaftServerConfigKeys (ConfUtils.java:logGet(43)) - raft.server.staging.catchup.gap = 1000 (default)
2019-09-25 07:19:12,756 [6948f379-f924-4722-ada9-494d6a32b245@group-FF2D003771FE:LeaderElection38] INFO  server.RaftServerConfigKeys (ConfUtils.java:logGet(43)) - raft.server.rpc.sleep.time = 25ms (default)
2019-09-25 07:19:12,756 [6948f379-f924-4722-ada9-494d6a32b245@group-FF2D003771FE:LeaderElection38] INFO  server.RaftServerConfigKeys (ConfUtils.java:logGet(43)) - raft.server.write.element-limit = 4096 (default)
2019-09-25 07:19:12,756 [6948f379-f924-4722-ada9-494d6a32b245@group-FF2D003771FE:LeaderElection38] INFO  server.RaftServerConfigKeys (ConfUtils.java:logGet(43)) - raft.server.watch.timeout = 10s (default)
2019-09-25 07:19:12,757 [6948f379-f924-4722-ada9-494d6a32b245@group-FF2D003771FE:LeaderElection38] INFO  server.RaftServerConfigKeys (ConfUtils.java:logGet(43)) - raft.server.watch.timeout.denomination = 1s (default)
2019-09-25 07:19:12,757 [6948f379-f924-4722-ada9-494d6a32b245@group-FF2D003771FE:LeaderElection38] INFO  server.RaftServerConfigKeys (ConfUtils.java:logGet(43)) - raft.server.watch.element-limit = 65536 (default)
2019-09-25 07:19:12,760 [6948f379-f924-4722-ada9-494d6a32b245@group-FF2D003771FE:LeaderElection38] INFO  impl.RoleInfo (RoleInfo.java:updateAndGet(143)) - 6948f379-f924-4722-ada9-494d6a32b245: start LeaderState
2019-09-25 07:19:12,760 [6948f379-f924-4722-ada9-494d6a32b245@group-FF2D003771FE:LeaderElection38] INFO  segmented.SegmentedRaftLogWorker (SegmentedRaftLogWorker.java:startLogSegment(380)) - 6948f379-f924-4722-ada9-494d6a32b245@group-FF2D003771FE-SegmentedRaftLogWorker: Starting segment from index:0
2019-09-25 07:19:12,761 [6948f379-f924-4722-ada9-494d6a32b245@group-FF2D003771FE:LeaderElection38] INFO  impl.RaftServerImpl (ServerState.java:setRaftConf(354)) - 6948f379-f924-4722-ada9-494d6a32b245@group-FF2D003771FE: set configuration 0: [6948f379-f924-4722-ada9-494d6a32b245:192.168.30.10:34637], old=null at 0
2019-09-25 07:19:12,805 [6948f379-f924-4722-ada9-494d6a32b245@group-FF2D003771FE-SegmentedRaftLogWorker] INFO  segmented.SegmentedRaftLogWorker (SegmentedRaftLogWorker.java:execute(569)) - 6948f379-f924-4722-ada9-494d6a32b245@group-FF2D003771FE-SegmentedRaftLogWorker: created new log segment /workdir/hadoop-ozone/ozonefs/target/test-dir/MiniOzoneClusterImpl-53079864-2865-418d-b675-7621d58e8da0/datanode-0/data/ratis/bae8addb-a305-44b3-b622-ff2d003771fe/current/log_inprogress_0
2019-09-25 07:19:12,844 [Thread-723] INFO  impl.FollowerState (FollowerState.java:run(106)) - 6948f379-f924-4722-ada9-494d6a32b245:group-1C18CB3DC789 changes to CANDIDATE, lastRpcTime:5156, electionTimeout:5156ms
2019-09-25 07:19:12,845 [Thread-723] INFO  impl.RoleInfo (RoleInfo.java:shutdownFollowerState(121)) - 6948f379-f924-4722-ada9-494d6a32b245: shutdown FollowerState
2019-09-25 07:19:12,845 [Thread-723] INFO  impl.RaftServerImpl (RaftServerImpl.java:setRole(174)) - 6948f379-f924-4722-ada9-494d6a32b245@group-1C18CB3DC789: changes role from  FOLLOWER to CANDIDATE at term 0 for changeToCandidate
2019-09-25 07:19:12,845 [Thread-723] INFO  impl.RoleInfo (RoleInfo.java:updateAndGet(143)) - 6948f379-f924-4722-ada9-494d6a32b245: start LeaderElection
2019-09-25 07:19:12,867 [6948f379-f924-4722-ada9-494d6a32b245@group-1C18CB3DC789:LeaderElection39] INFO  impl.LeaderElection (LeaderElection.java:askForVotes(182)) - 6948f379-f924-4722-ada9-494d6a32b245@group-1C18CB3DC789:LeaderElection39: begin an election at term 1 for -1: [6948f379-f924-4722-ada9-494d6a32b245:192.168.30.10:34637], old=null
2019-09-25 07:19:12,867 [6948f379-f924-4722-ada9-494d6a32b245@group-1C18CB3DC789:LeaderElection39] INFO  impl.RoleInfo (RoleInfo.java:shutdownLeaderElection(134)) - 6948f379-f924-4722-ada9-494d6a32b245: shutdown LeaderElection
2019-09-25 07:19:12,868 [6948f379-f924-4722-ada9-494d6a32b245@group-1C18CB3DC789:LeaderElection39] INFO  impl.RaftServerImpl (RaftServerImpl.java:setRole(174)) - 6948f379-f924-4722-ada9-494d6a32b245@group-1C18CB3DC789: changes role from CANDIDATE to LEADER at term 1 for changeToLeader
2019-09-25 07:19:12,868 [6948f379-f924-4722-ada9-494d6a32b245@group-1C18CB3DC789:LeaderElection39] INFO  impl.RaftServerImpl (ServerState.java:setLeader(253)) - 6948f379-f924-4722-ada9-494d6a32b245@group-1C18CB3DC789: change Leader from null to 6948f379-f924-4722-ada9-494d6a32b245 at term 1 for becomeLeader, leader elected after 5184ms
2019-09-25 07:19:12,868 [6948f379-f924-4722-ada9-494d6a32b245@group-1C18CB3DC789:LeaderElection39] INFO  server.RaftServerConfigKeys (ConfUtils.java:logGet(43)) - raft.server.staging.catchup.gap = 1000 (default)
2019-09-25 07:19:12,868 [6948f379-f924-4722-ada9-494d6a32b245@group-1C18CB3DC789:LeaderElection39] INFO  server.RaftServerConfigKeys (ConfUtils.java:logGet(43)) - raft.server.rpc.sleep.time = 25ms (default)
2019-09-25 07:19:12,868 [6948f379-f924-4722-ada9-494d6a32b245@group-1C18CB3DC789:LeaderElection39] INFO  server.RaftServerConfigKeys (ConfUtils.java:logGet(43)) - raft.server.write.element-limit = 4096 (default)
2019-09-25 07:19:12,868 [6948f379-f924-4722-ada9-494d6a32b245@group-1C18CB3DC789:LeaderElection39] INFO  server.RaftServerConfigKeys (ConfUtils.java:logGet(43)) - raft.server.watch.timeout = 10s (default)
2019-09-25 07:19:12,868 [6948f379-f924-4722-ada9-494d6a32b245@group-1C18CB3DC789:LeaderElection39] INFO  server.RaftServerConfigKeys (ConfUtils.java:logGet(43)) - raft.server.watch.timeout.denomination = 1s (default)
2019-09-25 07:19:12,868 [6948f379-f924-4722-ada9-494d6a32b245@group-1C18CB3DC789:LeaderElection39] INFO  server.RaftServerConfigKeys (ConfUtils.java:logGet(43)) - raft.server.watch.element-limit = 65536 (default)
2019-09-25 07:19:12,870 [6948f379-f924-4722-ada9-494d6a32b245@group-1C18CB3DC789:LeaderElection39] INFO  impl.RoleInfo (RoleInfo.java:updateAndGet(143)) - 6948f379-f924-4722-ada9-494d6a32b245: start LeaderState
2019-09-25 07:19:12,870 [6948f379-f924-4722-ada9-494d6a32b245@group-1C18CB3DC789:LeaderElection39] INFO  segmented.SegmentedRaftLogWorker (SegmentedRaftLogWorker.java:startLogSegment(380)) - 6948f379-f924-4722-ada9-494d6a32b245@group-1C18CB3DC789-SegmentedRaftLogWorker: Starting segment from index:0
2019-09-25 07:19:12,871 [6948f379-f924-4722-ada9-494d6a32b245@group-1C18CB3DC789:LeaderElection39] INFO  impl.RaftServerImpl (ServerState.java:setRaftConf(354)) - 6948f379-f924-4722-ada9-494d6a32b245@group-1C18CB3DC789: set configuration 0: [6948f379-f924-4722-ada9-494d6a32b245:192.168.30.10:34637], old=null at 0
2019-09-25 07:19:12,882 [Thread-729] INFO  impl.FollowerState (FollowerState.java:run(106)) - 6948f379-f924-4722-ada9-494d6a32b245:group-B63ABFE90AA7 changes to CANDIDATE, lastRpcTime:5053, electionTimeout:5053ms
2019-09-25 07:19:12,882 [Thread-729] INFO  impl.RoleInfo (RoleInfo.java:shutdownFollowerState(121)) - 6948f379-f924-4722-ada9-494d6a32b245: shutdown FollowerState
2019-09-25 07:19:12,882 [Thread-729] INFO  impl.RaftServerImpl (RaftServerImpl.java:setRole(174)) - 6948f379-f924-4722-ada9-494d6a32b245@group-B63ABFE90AA7: changes role from  FOLLOWER to CANDIDATE at term 0 for changeToCandidate
2019-09-25 07:19:12,882 [Thread-729] INFO  impl.RoleInfo (RoleInfo.java:updateAndGet(143)) - 6948f379-f924-4722-ada9-494d6a32b245: start LeaderElection
2019-09-25 07:19:12,919 [6948f379-f924-4722-ada9-494d6a32b245@group-1C18CB3DC789-SegmentedRaftLogWorker] INFO  segmented.SegmentedRaftLogWorker (SegmentedRaftLogWorker.java:execute(569)) - 6948f379-f924-4722-ada9-494d6a32b245@group-1C18CB3DC789-SegmentedRaftLogWorker: created new log segment /workdir/hadoop-ozone/ozonefs/target/test-dir/MiniOzoneClusterImpl-53079864-2865-418d-b675-7621d58e8da0/datanode-0/data/ratis/e0c77317-e6f1-483b-ab3d-1c18cb3dc789/current/log_inprogress_0
2019-09-25 07:19:12,919 [6948f379-f924-4722-ada9-494d6a32b245@group-B63ABFE90AA7:LeaderElection40] INFO  impl.LeaderElection (LeaderElection.java:askForVotes(182)) - 6948f379-f924-4722-ada9-494d6a32b245@group-B63ABFE90AA7:LeaderElection40: begin an election at term 1 for -1: [6948f379-f924-4722-ada9-494d6a32b245:192.168.30.10:34637], old=null
2019-09-25 07:19:12,919 [6948f379-f924-4722-ada9-494d6a32b245@group-B63ABFE90AA7:LeaderElection40] INFO  impl.RoleInfo (RoleInfo.java:shutdownLeaderElection(134)) - 6948f379-f924-4722-ada9-494d6a32b245: shutdown LeaderElection
2019-09-25 07:19:12,919 [6948f379-f924-4722-ada9-494d6a32b245@group-B63ABFE90AA7:LeaderElection40] INFO  impl.RaftServerImpl (RaftServerImpl.java:setRole(174)) - 6948f379-f924-4722-ada9-494d6a32b245@group-B63ABFE90AA7: changes role from CANDIDATE to LEADER at term 1 for changeToLeader
2019-09-25 07:19:12,919 [Thread-732] INFO  impl.FollowerState (FollowerState.java:run(106)) - 6948f379-f924-4722-ada9-494d6a32b245:group-FA97A0AFE89F changes to CANDIDATE, lastRpcTime:5045, electionTimeout:5045ms
2019-09-25 07:19:12,919 [6948f379-f924-4722-ada9-494d6a32b245@group-B63ABFE90AA7:LeaderElection40] INFO  impl.RaftServerImpl (ServerState.java:setLeader(253)) - 6948f379-f924-4722-ada9-494d6a32b245@group-B63ABFE90AA7: change Leader from null to 6948f379-f924-4722-ada9-494d6a32b245 at term 1 for becomeLeader, leader elected after 5096ms
2019-09-25 07:19:12,920 [Thread-732] INFO  impl.RoleInfo (RoleInfo.java:shutdownFollowerState(121)) - 6948f379-f924-4722-ada9-494d6a32b245: shutdown FollowerState
2019-09-25 07:19:12,920 [6948f379-f924-4722-ada9-494d6a32b245@group-B63ABFE90AA7:LeaderElection40] INFO  server.RaftServerConfigKeys (ConfUtils.java:logGet(43)) - raft.server.staging.catchup.gap = 1000 (default)
2019-09-25 07:19:12,920 [Thread-732] INFO  impl.RaftServerImpl (RaftServerImpl.java:setRole(174)) - 6948f379-f924-4722-ada9-494d6a32b245@group-FA97A0AFE89F: changes role from  FOLLOWER to CANDIDATE at term 0 for changeToCandidate
2019-09-25 07:19:12,920 [6948f379-f924-4722-ada9-494d6a32b245@group-B63ABFE90AA7:LeaderElection40] INFO  server.RaftServerConfigKeys (ConfUtils.java:logGet(43)) - raft.server.rpc.sleep.time = 25ms (default)
2019-09-25 07:19:12,920 [Thread-732] INFO  impl.RoleInfo (RoleInfo.java:updateAndGet(143)) - 6948f379-f924-4722-ada9-494d6a32b245: start LeaderElection
2019-09-25 07:19:12,920 [6948f379-f924-4722-ada9-494d6a32b245@group-B63ABFE90AA7:LeaderElection40] INFO  server.RaftServerConfigKeys (ConfUtils.java:logGet(43)) - raft.server.write.element-limit = 4096 (default)
2019-09-25 07:19:12,920 [6948f379-f924-4722-ada9-494d6a32b245@group-B63ABFE90AA7:LeaderElection40] INFO  server.RaftServerConfigKeys (ConfUtils.java:logGet(43)) - raft.server.watch.timeout = 10s (default)
2019-09-25 07:19:12,920 [6948f379-f924-4722-ada9-494d6a32b245@group-B63ABFE90AA7:LeaderElection40] INFO  server.RaftServerConfigKeys (ConfUtils.java:logGet(43)) - raft.server.watch.timeout.denomination = 1s (default)
2019-09-25 07:19:12,922 [6948f379-f924-4722-ada9-494d6a32b245@group-B63ABFE90AA7:LeaderElection40] INFO  server.RaftServerConfigKeys (ConfUtils.java:logGet(43)) - raft.server.watch.element-limit = 65536 (default)
2019-09-25 07:19:12,924 [6948f379-f924-4722-ada9-494d6a32b245@group-B63ABFE90AA7:LeaderElection40] INFO  impl.RoleInfo (RoleInfo.java:updateAndGet(143)) - 6948f379-f924-4722-ada9-494d6a32b245: start LeaderState
2019-09-25 07:19:12,924 [6948f379-f924-4722-ada9-494d6a32b245@group-B63ABFE90AA7:LeaderElection40] INFO  segmented.SegmentedRaftLogWorker (SegmentedRaftLogWorker.java:startLogSegment(380)) - 6948f379-f924-4722-ada9-494d6a32b245@group-B63ABFE90AA7-SegmentedRaftLogWorker: Starting segment from index:0
2019-09-25 07:19:12,924 [6948f379-f924-4722-ada9-494d6a32b245@group-B63ABFE90AA7:LeaderElection40] INFO  impl.RaftServerImpl (ServerState.java:setRaftConf(354)) - 6948f379-f924-4722-ada9-494d6a32b245@group-B63ABFE90AA7: set configuration 0: [6948f379-f924-4722-ada9-494d6a32b245:192.168.30.10:34637], old=null at 0
2019-09-25 07:19:12,926 [6948f379-f924-4722-ada9-494d6a32b245@group-FA97A0AFE89F:LeaderElection41] INFO  impl.LeaderElection (LeaderElection.java:askForVotes(182)) - 6948f379-f924-4722-ada9-494d6a32b245@group-FA97A0AFE89F:LeaderElection41: begin an election at term 1 for -1: [6948f379-f924-4722-ada9-494d6a32b245:192.168.30.10:34637], old=null
2019-09-25 07:19:12,926 [6948f379-f924-4722-ada9-494d6a32b245@group-FA97A0AFE89F:LeaderElection41] INFO  impl.RoleInfo (RoleInfo.java:shutdownLeaderElection(134)) - 6948f379-f924-4722-ada9-494d6a32b245: shutdown LeaderElection
2019-09-25 07:19:12,926 [6948f379-f924-4722-ada9-494d6a32b245@group-FA97A0AFE89F:LeaderElection41] INFO  impl.RaftServerImpl (RaftServerImpl.java:setRole(174)) - 6948f379-f924-4722-ada9-494d6a32b245@group-FA97A0AFE89F: changes role from CANDIDATE to LEADER at term 1 for changeToLeader
2019-09-25 07:19:12,926 [6948f379-f924-4722-ada9-494d6a32b245@group-FA97A0AFE89F:LeaderElection41] INFO  impl.RaftServerImpl (ServerState.java:setLeader(253)) - 6948f379-f924-4722-ada9-494d6a32b245@group-FA97A0AFE89F: change Leader from null to 6948f379-f924-4722-ada9-494d6a32b245 at term 1 for becomeLeader, leader elected after 5058ms
2019-09-25 07:19:12,927 [6948f379-f924-4722-ada9-494d6a32b245@group-FA97A0AFE89F:LeaderElection41] INFO  server.RaftServerConfigKeys (ConfUtils.java:logGet(43)) - raft.server.staging.catchup.gap = 1000 (default)
2019-09-25 07:19:12,927 [6948f379-f924-4722-ada9-494d6a32b245@group-FA97A0AFE89F:LeaderElection41] INFO  server.RaftServerConfigKeys (ConfUtils.java:logGet(43)) - raft.server.rpc.sleep.time = 25ms (default)
2019-09-25 07:19:12,927 [6948f379-f924-4722-ada9-494d6a32b245@group-FA97A0AFE89F:LeaderElection41] INFO  server.RaftServerConfigKeys (ConfUtils.java:logGet(43)) - raft.server.write.element-limit = 4096 (default)
2019-09-25 07:19:12,927 [6948f379-f924-4722-ada9-494d6a32b245@group-FA97A0AFE89F:LeaderElection41] INFO  server.RaftServerConfigKeys (ConfUtils.java:logGet(43)) - raft.server.watch.timeout = 10s (default)
2019-09-25 07:19:12,928 [6948f379-f924-4722-ada9-494d6a32b245@group-FA97A0AFE89F:LeaderElection41] INFO  server.RaftServerConfigKeys (ConfUtils.java:logGet(43)) - raft.server.watch.timeout.denomination = 1s (default)
2019-09-25 07:19:12,928 [6948f379-f924-4722-ada9-494d6a32b245@group-FA97A0AFE89F:LeaderElection41] INFO  server.RaftServerConfigKeys (ConfUtils.java:logGet(43)) - raft.server.watch.element-limit = 65536 (default)
2019-09-25 07:19:12,931 [6948f379-f924-4722-ada9-494d6a32b245@group-FA97A0AFE89F:LeaderElection41] INFO  impl.RoleInfo (RoleInfo.java:updateAndGet(143)) - 6948f379-f924-4722-ada9-494d6a32b245: start LeaderState
2019-09-25 07:19:12,931 [6948f379-f924-4722-ada9-494d6a32b245@group-FA97A0AFE89F:LeaderElection41] INFO  segmented.SegmentedRaftLogWorker (SegmentedRaftLogWorker.java:startLogSegment(380)) - 6948f379-f924-4722-ada9-494d6a32b245@group-FA97A0AFE89F-SegmentedRaftLogWorker: Starting segment from index:0
2019-09-25 07:19:12,932 [6948f379-f924-4722-ada9-494d6a32b245@group-FA97A0AFE89F:LeaderElection41] INFO  impl.RaftServerImpl (ServerState.java:setRaftConf(354)) - 6948f379-f924-4722-ada9-494d6a32b245@group-FA97A0AFE89F: set configuration 0: [6948f379-f924-4722-ada9-494d6a32b245:192.168.30.10:34637], old=null at 0
2019-09-25 07:19:12,948 [Thread-726] INFO  impl.FollowerState (FollowerState.java:run(106)) - 29ce77fd-3396-4484-adab-af54307e8c01:group-DA22A8180568 changes to CANDIDATE, lastRpcTime:5192, electionTimeout:5185ms
2019-09-25 07:19:12,948 [Thread-726] INFO  impl.RoleInfo (RoleInfo.java:shutdownFollowerState(121)) - 29ce77fd-3396-4484-adab-af54307e8c01: shutdown FollowerState
2019-09-25 07:19:12,949 [Thread-726] INFO  impl.RaftServerImpl (RaftServerImpl.java:setRole(174)) - 29ce77fd-3396-4484-adab-af54307e8c01@group-DA22A8180568: changes role from  FOLLOWER to CANDIDATE at term 0 for changeToCandidate
2019-09-25 07:19:12,949 [Thread-726] INFO  impl.RoleInfo (RoleInfo.java:updateAndGet(143)) - 29ce77fd-3396-4484-adab-af54307e8c01: start LeaderElection
2019-09-25 07:19:12,978 [6948f379-f924-4722-ada9-494d6a32b245@group-B63ABFE90AA7-SegmentedRaftLogWorker] INFO  segmented.SegmentedRaftLogWorker (SegmentedRaftLogWorker.java:execute(569)) - 6948f379-f924-4722-ada9-494d6a32b245@group-B63ABFE90AA7-SegmentedRaftLogWorker: created new log segment /workdir/hadoop-ozone/ozonefs/target/test-dir/MiniOzoneClusterImpl-53079864-2865-418d-b675-7621d58e8da0/datanode-0/data/ratis/25bb0d14-e617-4479-8db5-b63abfe90aa7/current/log_inprogress_0
2019-09-25 07:19:12,978 [29ce77fd-3396-4484-adab-af54307e8c01@group-DA22A8180568:LeaderElection42] INFO  impl.LeaderElection (LeaderElection.java:askForVotes(182)) - 29ce77fd-3396-4484-adab-af54307e8c01@group-DA22A8180568:LeaderElection42: begin an election at term 1 for -1: [29ce77fd-3396-4484-adab-af54307e8c01:192.168.30.10:38801], old=null
2019-09-25 07:19:12,978 [6948f379-f924-4722-ada9-494d6a32b245@group-FA97A0AFE89F-SegmentedRaftLogWorker] INFO  segmented.SegmentedRaftLogWorker (SegmentedRaftLogWorker.java:execute(569)) - 6948f379-f924-4722-ada9-494d6a32b245@group-FA97A0AFE89F-SegmentedRaftLogWorker: created new log segment /workdir/hadoop-ozone/ozonefs/target/test-dir/MiniOzoneClusterImpl-53079864-2865-418d-b675-7621d58e8da0/datanode-0/data/ratis/247cd1d4-c6f3-42ec-8ce0-fa97a0afe89f/current/log_inprogress_0
2019-09-25 07:19:12,978 [29ce77fd-3396-4484-adab-af54307e8c01@group-DA22A8180568:LeaderElection42] INFO  impl.RoleInfo (RoleInfo.java:shutdownLeaderElection(134)) - 29ce77fd-3396-4484-adab-af54307e8c01: shutdown LeaderElection
2019-09-25 07:19:12,978 [29ce77fd-3396-4484-adab-af54307e8c01@group-DA22A8180568:LeaderElection42] INFO  impl.RaftServerImpl (RaftServerImpl.java:setRole(174)) - 29ce77fd-3396-4484-adab-af54307e8c01@group-DA22A8180568: changes role from CANDIDATE to LEADER at term 1 for changeToLeader
2019-09-25 07:19:12,978 [29ce77fd-3396-4484-adab-af54307e8c01@group-DA22A8180568:LeaderElection42] INFO  impl.RaftServerImpl (ServerState.java:setLeader(253)) - 29ce77fd-3396-4484-adab-af54307e8c01@group-DA22A8180568: change Leader from null to 29ce77fd-3396-4484-adab-af54307e8c01 at term 1 for becomeLeader, leader elected after 5230ms
2019-09-25 07:19:12,979 [29ce77fd-3396-4484-adab-af54307e8c01@group-DA22A8180568:LeaderElection42] INFO  server.RaftServerConfigKeys (ConfUtils.java:logGet(43)) - raft.server.staging.catchup.gap = 1000 (default)
2019-09-25 07:19:12,979 [29ce77fd-3396-4484-adab-af54307e8c01@group-DA22A8180568:LeaderElection42] INFO  server.RaftServerConfigKeys (ConfUtils.java:logGet(43)) - raft.server.rpc.sleep.time = 25ms (default)
2019-09-25 07:19:12,979 [29ce77fd-3396-4484-adab-af54307e8c01@group-DA22A8180568:LeaderElection42] INFO  server.RaftServerConfigKeys (ConfUtils.java:logGet(43)) - raft.server.write.element-limit = 4096 (default)
2019-09-25 07:19:12,979 [29ce77fd-3396-4484-adab-af54307e8c01@group-DA22A8180568:LeaderElection42] INFO  server.RaftServerConfigKeys (ConfUtils.java:logGet(43)) - raft.server.watch.timeout = 10s (default)
2019-09-25 07:19:12,979 [29ce77fd-3396-4484-adab-af54307e8c01@group-DA22A8180568:LeaderElection42] INFO  server.RaftServerConfigKeys (ConfUtils.java:logGet(43)) - raft.server.watch.timeout.denomination = 1s (default)
2019-09-25 07:19:12,980 [29ce77fd-3396-4484-adab-af54307e8c01@group-DA22A8180568:LeaderElection42] INFO  server.RaftServerConfigKeys (ConfUtils.java:logGet(43)) - raft.server.watch.element-limit = 65536 (default)
2019-09-25 07:19:12,982 [29ce77fd-3396-4484-adab-af54307e8c01@group-DA22A8180568:LeaderElection42] INFO  impl.RoleInfo (RoleInfo.java:updateAndGet(143)) - 29ce77fd-3396-4484-adab-af54307e8c01: start LeaderState
2019-09-25 07:19:12,982 [29ce77fd-3396-4484-adab-af54307e8c01@group-DA22A8180568:LeaderElection42] INFO  segmented.SegmentedRaftLogWorker (SegmentedRaftLogWorker.java:startLogSegment(380)) - 29ce77fd-3396-4484-adab-af54307e8c01@group-DA22A8180568-SegmentedRaftLogWorker: Starting segment from index:0
2019-09-25 07:19:12,983 [29ce77fd-3396-4484-adab-af54307e8c01@group-DA22A8180568:LeaderElection42] INFO  impl.RaftServerImpl (ServerState.java:setRaftConf(354)) - 29ce77fd-3396-4484-adab-af54307e8c01@group-DA22A8180568: set configuration 0: [29ce77fd-3396-4484-adab-af54307e8c01:192.168.30.10:38801], old=null at 0
2019-09-25 07:19:13,015 [Thread-735] INFO  impl.FollowerState (FollowerState.java:run(106)) - 29ce77fd-3396-4484-adab-af54307e8c01:group-ADD26C7DD3D8 changes to CANDIDATE, lastRpcTime:5093, electionTimeout:5093ms
2019-09-25 07:19:13,016 [Thread-735] INFO  impl.RoleInfo (RoleInfo.java:shutdownFollowerState(121)) - 29ce77fd-3396-4484-adab-af54307e8c01: shutdown FollowerState
2019-09-25 07:19:13,016 [Thread-735] INFO  impl.RaftServerImpl (RaftServerImpl.java:setRole(174)) - 29ce77fd-3396-4484-adab-af54307e8c01@group-ADD26C7DD3D8: changes role from  FOLLOWER to CANDIDATE at term 0 for changeToCandidate
2019-09-25 07:19:13,016 [Thread-735] INFO  impl.RoleInfo (RoleInfo.java:updateAndGet(143)) - 29ce77fd-3396-4484-adab-af54307e8c01: start LeaderElection
2019-09-25 07:19:13,033 [29ce77fd-3396-4484-adab-af54307e8c01@group-DA22A8180568-SegmentedRaftLogWorker] INFO  segmented.SegmentedRaftLogWorker (SegmentedRaftLogWorker.java:execute(569)) - 29ce77fd-3396-4484-adab-af54307e8c01@group-DA22A8180568-SegmentedRaftLogWorker: created new log segment /workdir/hadoop-ozone/ozonefs/target/test-dir/MiniOzoneClusterImpl-53079864-2865-418d-b675-7621d58e8da0/datanode-1/data/ratis/45ea3330-c33e-49ea-9318-da22a8180568/current/log_inprogress_0
2019-09-25 07:19:13,033 [29ce77fd-3396-4484-adab-af54307e8c01@group-ADD26C7DD3D8:LeaderElection43] INFO  impl.LeaderElection (LeaderElection.java:askForVotes(182)) - 29ce77fd-3396-4484-adab-af54307e8c01@group-ADD26C7DD3D8:LeaderElection43: begin an election at term 1 for -1: [29ce77fd-3396-4484-adab-af54307e8c01:192.168.30.10:38801], old=null
2019-09-25 07:19:13,033 [29ce77fd-3396-4484-adab-af54307e8c01@group-ADD26C7DD3D8:LeaderElection43] INFO  impl.RoleInfo (RoleInfo.java:shutdownLeaderElection(134)) - 29ce77fd-3396-4484-adab-af54307e8c01: shutdown LeaderElection
2019-09-25 07:19:13,033 [29ce77fd-3396-4484-adab-af54307e8c01@group-ADD26C7DD3D8:LeaderElection43] INFO  impl.RaftServerImpl (RaftServerImpl.java:setRole(174)) - 29ce77fd-3396-4484-adab-af54307e8c01@group-ADD26C7DD3D8: changes role from CANDIDATE to LEADER at term 1 for changeToLeader
2019-09-25 07:19:13,033 [29ce77fd-3396-4484-adab-af54307e8c01@group-ADD26C7DD3D8:LeaderElection43] INFO  impl.RaftServerImpl (ServerState.java:setLeader(253)) - 29ce77fd-3396-4484-adab-af54307e8c01@group-ADD26C7DD3D8: change Leader from null to 29ce77fd-3396-4484-adab-af54307e8c01 at term 1 for becomeLeader, leader elected after 5118ms
2019-09-25 07:19:13,033 [29ce77fd-3396-4484-adab-af54307e8c01@group-ADD26C7DD3D8:LeaderElection43] INFO  server.RaftServerConfigKeys (ConfUtils.java:logGet(43)) - raft.server.staging.catchup.gap = 1000 (default)
2019-09-25 07:19:13,033 [29ce77fd-3396-4484-adab-af54307e8c01@group-ADD26C7DD3D8:LeaderElection43] INFO  server.RaftServerConfigKeys (ConfUtils.java:logGet(43)) - raft.server.rpc.sleep.time = 25ms (default)
2019-09-25 07:19:13,034 [29ce77fd-3396-4484-adab-af54307e8c01@group-ADD26C7DD3D8:LeaderElection43] INFO  server.RaftServerConfigKeys (ConfUtils.java:logGet(43)) - raft.server.write.element-limit = 4096 (default)
2019-09-25 07:19:13,034 [29ce77fd-3396-4484-adab-af54307e8c01@group-ADD26C7DD3D8:LeaderElection43] INFO  server.RaftServerConfigKeys (ConfUtils.java:logGet(43)) - raft.server.watch.timeout = 10s (default)
2019-09-25 07:19:13,034 [29ce77fd-3396-4484-adab-af54307e8c01@group-ADD26C7DD3D8:LeaderElection43] INFO  server.RaftServerConfigKeys (ConfUtils.java:logGet(43)) - raft.server.watch.timeout.denomination = 1s (default)
2019-09-25 07:19:13,034 [29ce77fd-3396-4484-adab-af54307e8c01@group-ADD26C7DD3D8:LeaderElection43] INFO  server.RaftServerConfigKeys (ConfUtils.java:logGet(43)) - raft.server.watch.element-limit = 65536 (default)
2019-09-25 07:19:13,036 [29ce77fd-3396-4484-adab-af54307e8c01@group-ADD26C7DD3D8:LeaderElection43] INFO  impl.RoleInfo (RoleInfo.java:updateAndGet(143)) - 29ce77fd-3396-4484-adab-af54307e8c01: start LeaderState
2019-09-25 07:19:13,036 [29ce77fd-3396-4484-adab-af54307e8c01@group-ADD26C7DD3D8:LeaderElection43] INFO  segmented.SegmentedRaftLogWorker (SegmentedRaftLogWorker.java:startLogSegment(380)) - 29ce77fd-3396-4484-adab-af54307e8c01@group-ADD26C7DD3D8-SegmentedRaftLogWorker: Starting segment from index:0
2019-09-25 07:19:13,036 [29ce77fd-3396-4484-adab-af54307e8c01@group-ADD26C7DD3D8:LeaderElection43] INFO  impl.RaftServerImpl (ServerState.java:setRaftConf(354)) - 29ce77fd-3396-4484-adab-af54307e8c01@group-ADD26C7DD3D8: set configuration 0: [29ce77fd-3396-4484-adab-af54307e8c01:192.168.30.10:38801], old=null at 0
2019-09-25 07:19:13,090 [Thread-744] INFO  impl.FollowerState (FollowerState.java:run(106)) - 29ce77fd-3396-4484-adab-af54307e8c01:group-DEB19540C111 changes to CANDIDATE, lastRpcTime:5017, electionTimeout:5017ms
2019-09-25 07:19:13,090 [Thread-744] INFO  impl.RoleInfo (RoleInfo.java:shutdownFollowerState(121)) - 29ce77fd-3396-4484-adab-af54307e8c01: shutdown FollowerState
2019-09-25 07:19:13,091 [Thread-744] INFO  impl.RaftServerImpl (RaftServerImpl.java:setRole(174)) - 29ce77fd-3396-4484-adab-af54307e8c01@group-DEB19540C111: changes role from  FOLLOWER to CANDIDATE at term 0 for changeToCandidate
2019-09-25 07:19:13,091 [Thread-744] INFO  impl.RoleInfo (RoleInfo.java:updateAndGet(143)) - 29ce77fd-3396-4484-adab-af54307e8c01: start LeaderElection
2019-09-25 07:19:13,095 [29ce77fd-3396-4484-adab-af54307e8c01@group-ADD26C7DD3D8-SegmentedRaftLogWorker] INFO  segmented.SegmentedRaftLogWorker (SegmentedRaftLogWorker.java:execute(569)) - 29ce77fd-3396-4484-adab-af54307e8c01@group-ADD26C7DD3D8-SegmentedRaftLogWorker: created new log segment /workdir/hadoop-ozone/ozonefs/target/test-dir/MiniOzoneClusterImpl-53079864-2865-418d-b675-7621d58e8da0/datanode-1/data/ratis/ddfd154c-c37d-434e-83d6-add26c7dd3d8/current/log_inprogress_0
2019-09-25 07:19:13,096 [Thread-741] INFO  impl.FollowerState (FollowerState.java:run(106)) - b6d16c04-1efb-41d0-8f30-e52b02e93617:group-7A625F68D2A1 changes to CANDIDATE, lastRpcTime:5073, electionTimeout:5073ms
2019-09-25 07:19:13,096 [Thread-741] INFO  impl.RoleInfo (RoleInfo.java:shutdownFollowerState(121)) - b6d16c04-1efb-41d0-8f30-e52b02e93617: shutdown FollowerState
2019-09-25 07:19:13,096 [Thread-741] INFO  impl.RaftServerImpl (RaftServerImpl.java:setRole(174)) - b6d16c04-1efb-41d0-8f30-e52b02e93617@group-7A625F68D2A1: changes role from  FOLLOWER to CANDIDATE at term 0 for changeToCandidate
2019-09-25 07:19:13,097 [Thread-741] INFO  impl.RoleInfo (RoleInfo.java:updateAndGet(143)) - b6d16c04-1efb-41d0-8f30-e52b02e93617: start LeaderElection
2019-09-25 07:19:13,099 [29ce77fd-3396-4484-adab-af54307e8c01@group-DEB19540C111:LeaderElection44] INFO  impl.LeaderElection (LeaderElection.java:askForVotes(182)) - 29ce77fd-3396-4484-adab-af54307e8c01@group-DEB19540C111:LeaderElection44: begin an election at term 1 for -1: [29ce77fd-3396-4484-adab-af54307e8c01:192.168.30.10:38801], old=null
2019-09-25 07:19:13,099 [29ce77fd-3396-4484-adab-af54307e8c01@group-DEB19540C111:LeaderElection44] INFO  impl.RoleInfo (RoleInfo.java:shutdownLeaderElection(134)) - 29ce77fd-3396-4484-adab-af54307e8c01: shutdown LeaderElection
2019-09-25 07:19:13,099 [29ce77fd-3396-4484-adab-af54307e8c01@group-DEB19540C111:LeaderElection44] INFO  impl.RaftServerImpl (RaftServerImpl.java:setRole(174)) - 29ce77fd-3396-4484-adab-af54307e8c01@group-DEB19540C111: changes role from CANDIDATE to LEADER at term 1 for changeToLeader
2019-09-25 07:19:13,100 [29ce77fd-3396-4484-adab-af54307e8c01@group-DEB19540C111:LeaderElection44] INFO  impl.RaftServerImpl (ServerState.java:setLeader(253)) - 29ce77fd-3396-4484-adab-af54307e8c01@group-DEB19540C111: change Leader from null to 29ce77fd-3396-4484-adab-af54307e8c01 at term 1 for becomeLeader, leader elected after 5035ms
2019-09-25 07:19:13,100 [29ce77fd-3396-4484-adab-af54307e8c01@group-DEB19540C111:LeaderElection44] INFO  server.RaftServerConfigKeys (ConfUtils.java:logGet(43)) - raft.server.staging.catchup.gap = 1000 (default)
2019-09-25 07:19:13,100 [29ce77fd-3396-4484-adab-af54307e8c01@group-DEB19540C111:LeaderElection44] INFO  server.RaftServerConfigKeys (ConfUtils.java:logGet(43)) - raft.server.rpc.sleep.time = 25ms (default)
2019-09-25 07:19:13,100 [29ce77fd-3396-4484-adab-af54307e8c01@group-DEB19540C111:LeaderElection44] INFO  server.RaftServerConfigKeys (ConfUtils.java:logGet(43)) - raft.server.write.element-limit = 4096 (default)
2019-09-25 07:19:13,100 [29ce77fd-3396-4484-adab-af54307e8c01@group-DEB19540C111:LeaderElection44] INFO  server.RaftServerConfigKeys (ConfUtils.java:logGet(43)) - raft.server.watch.timeout = 10s (default)
2019-09-25 07:19:13,100 [29ce77fd-3396-4484-adab-af54307e8c01@group-DEB19540C111:LeaderElection44] INFO  server.RaftServerConfigKeys (ConfUtils.java:logGet(43)) - raft.server.watch.timeout.denomination = 1s (default)
2019-09-25 07:19:13,101 [29ce77fd-3396-4484-adab-af54307e8c01@group-DEB19540C111:LeaderElection44] INFO  server.RaftServerConfigKeys (ConfUtils.java:logGet(43)) - raft.server.watch.element-limit = 65536 (default)
2019-09-25 07:19:13,103 [29ce77fd-3396-4484-adab-af54307e8c01@group-DEB19540C111:LeaderElection44] INFO  impl.RoleInfo (RoleInfo.java:updateAndGet(143)) - 29ce77fd-3396-4484-adab-af54307e8c01: start LeaderState
2019-09-25 07:19:13,103 [29ce77fd-3396-4484-adab-af54307e8c01@group-DEB19540C111:LeaderElection44] INFO  segmented.SegmentedRaftLogWorker (SegmentedRaftLogWorker.java:startLogSegment(380)) - 29ce77fd-3396-4484-adab-af54307e8c01@group-DEB19540C111-SegmentedRaftLogWorker: Starting segment from index:0
2019-09-25 07:19:13,104 [29ce77fd-3396-4484-adab-af54307e8c01@group-DEB19540C111:LeaderElection44] INFO  impl.RaftServerImpl (ServerState.java:setRaftConf(354)) - 29ce77fd-3396-4484-adab-af54307e8c01@group-DEB19540C111: set configuration 0: [29ce77fd-3396-4484-adab-af54307e8c01:192.168.30.10:38801], old=null at 0
2019-09-25 07:19:13,112 [b6d16c04-1efb-41d0-8f30-e52b02e93617@group-7A625F68D2A1:LeaderElection45] INFO  impl.LeaderElection (LeaderElection.java:askForVotes(182)) - b6d16c04-1efb-41d0-8f30-e52b02e93617@group-7A625F68D2A1:LeaderElection45: begin an election at term 1 for -1: [b6d16c04-1efb-41d0-8f30-e52b02e93617:192.168.30.10:43139], old=null
2019-09-25 07:19:13,112 [b6d16c04-1efb-41d0-8f30-e52b02e93617@group-7A625F68D2A1:LeaderElection45] INFO  impl.RoleInfo (RoleInfo.java:shutdownLeaderElection(134)) - b6d16c04-1efb-41d0-8f30-e52b02e93617: shutdown LeaderElection
2019-09-25 07:19:13,112 [b6d16c04-1efb-41d0-8f30-e52b02e93617@group-7A625F68D2A1:LeaderElection45] INFO  impl.RaftServerImpl (RaftServerImpl.java:setRole(174)) - b6d16c04-1efb-41d0-8f30-e52b02e93617@group-7A625F68D2A1: changes role from CANDIDATE to LEADER at term 1 for changeToLeader
2019-09-25 07:19:13,112 [b6d16c04-1efb-41d0-8f30-e52b02e93617@group-7A625F68D2A1:LeaderElection45] INFO  impl.RaftServerImpl (ServerState.java:setLeader(253)) - b6d16c04-1efb-41d0-8f30-e52b02e93617@group-7A625F68D2A1: change Leader from null to b6d16c04-1efb-41d0-8f30-e52b02e93617 at term 1 for becomeLeader, leader elected after 5100ms
2019-09-25 07:19:13,113 [b6d16c04-1efb-41d0-8f30-e52b02e93617@group-7A625F68D2A1:LeaderElection45] INFO  server.RaftServerConfigKeys (ConfUtils.java:logGet(43)) - raft.server.staging.catchup.gap = 1000 (default)
2019-09-25 07:19:13,113 [b6d16c04-1efb-41d0-8f30-e52b02e93617@group-7A625F68D2A1:LeaderElection45] INFO  server.RaftServerConfigKeys (ConfUtils.java:logGet(43)) - raft.server.rpc.sleep.time = 25ms (default)
2019-09-25 07:19:13,113 [b6d16c04-1efb-41d0-8f30-e52b02e93617@group-7A625F68D2A1:LeaderElection45] INFO  server.RaftServerConfigKeys (ConfUtils.java:logGet(43)) - raft.server.write.element-limit = 4096 (default)
2019-09-25 07:19:13,113 [b6d16c04-1efb-41d0-8f30-e52b02e93617@group-7A625F68D2A1:LeaderElection45] INFO  server.RaftServerConfigKeys (ConfUtils.java:logGet(43)) - raft.server.watch.timeout = 10s (default)
2019-09-25 07:19:13,114 [b6d16c04-1efb-41d0-8f30-e52b02e93617@group-7A625F68D2A1:LeaderElection45] INFO  server.RaftServerConfigKeys (ConfUtils.java:logGet(43)) - raft.server.watch.timeout.denomination = 1s (default)
2019-09-25 07:19:13,114 [b6d16c04-1efb-41d0-8f30-e52b02e93617@group-7A625F68D2A1:LeaderElection45] INFO  server.RaftServerConfigKeys (ConfUtils.java:logGet(43)) - raft.server.watch.element-limit = 65536 (default)
2019-09-25 07:19:13,117 [b6d16c04-1efb-41d0-8f30-e52b02e93617@group-7A625F68D2A1:LeaderElection45] INFO  impl.RoleInfo (RoleInfo.java:updateAndGet(143)) - b6d16c04-1efb-41d0-8f30-e52b02e93617: start LeaderState
2019-09-25 07:19:13,117 [b6d16c04-1efb-41d0-8f30-e52b02e93617@group-7A625F68D2A1:LeaderElection45] INFO  segmented.SegmentedRaftLogWorker (SegmentedRaftLogWorker.java:startLogSegment(380)) - b6d16c04-1efb-41d0-8f30-e52b02e93617@group-7A625F68D2A1-SegmentedRaftLogWorker: Starting segment from index:0
2019-09-25 07:19:13,118 [b6d16c04-1efb-41d0-8f30-e52b02e93617@group-7A625F68D2A1:LeaderElection45] INFO  impl.RaftServerImpl (ServerState.java:setRaftConf(354)) - b6d16c04-1efb-41d0-8f30-e52b02e93617@group-7A625F68D2A1: set configuration 0: [b6d16c04-1efb-41d0-8f30-e52b02e93617:192.168.30.10:43139], old=null at 0
2019-09-25 07:19:13,147 [29ce77fd-3396-4484-adab-af54307e8c01@group-DEB19540C111-SegmentedRaftLogWorker] INFO  segmented.SegmentedRaftLogWorker (SegmentedRaftLogWorker.java:execute(569)) - 29ce77fd-3396-4484-adab-af54307e8c01@group-DEB19540C111-SegmentedRaftLogWorker: created new log segment /workdir/hadoop-ozone/ozonefs/target/test-dir/MiniOzoneClusterImpl-53079864-2865-418d-b675-7621d58e8da0/datanode-1/data/ratis/f3252cfa-901c-46d7-b621-deb19540c111/current/log_inprogress_0
2019-09-25 07:19:13,160 [b6d16c04-1efb-41d0-8f30-e52b02e93617@group-7A625F68D2A1-SegmentedRaftLogWorker] INFO  segmented.SegmentedRaftLogWorker (SegmentedRaftLogWorker.java:execute(569)) - b6d16c04-1efb-41d0-8f30-e52b02e93617@group-7A625F68D2A1-SegmentedRaftLogWorker: created new log segment /workdir/hadoop-ozone/ozonefs/target/test-dir/MiniOzoneClusterImpl-53079864-2865-418d-b675-7621d58e8da0/datanode-2/data/ratis/3ff76c7c-fe24-4f64-bf77-7a625f68d2a1/current/log_inprogress_0
2019-09-25 07:19:13,168 [Thread-738] INFO  impl.FollowerState (FollowerState.java:run(106)) - 6948f379-f924-4722-ada9-494d6a32b245:group-583E78C290BD changes to CANDIDATE, lastRpcTime:5200, electionTimeout:5200ms
2019-09-25 07:19:13,169 [Thread-738] INFO  impl.RoleInfo (RoleInfo.java:shutdownFollowerState(121)) - 6948f379-f924-4722-ada9-494d6a32b245: shutdown FollowerState
2019-09-25 07:19:13,169 [Thread-738] INFO  impl.RaftServerImpl (RaftServerImpl.java:setRole(174)) - 6948f379-f924-4722-ada9-494d6a32b245@group-583E78C290BD: changes role from  FOLLOWER to CANDIDATE at term 0 for changeToCandidate
2019-09-25 07:19:13,169 [Thread-738] INFO  impl.RoleInfo (RoleInfo.java:updateAndGet(143)) - 6948f379-f924-4722-ada9-494d6a32b245: start LeaderElection
2019-09-25 07:19:13,185 [6948f379-f924-4722-ada9-494d6a32b245@group-583E78C290BD:LeaderElection46] INFO  impl.LeaderElection (LeaderElection.java:askForVotes(182)) - 6948f379-f924-4722-ada9-494d6a32b245@group-583E78C290BD:LeaderElection46: begin an election at term 1 for -1: [6948f379-f924-4722-ada9-494d6a32b245:192.168.30.10:34637], old=null
2019-09-25 07:19:13,185 [6948f379-f924-4722-ada9-494d6a32b245@group-583E78C290BD:LeaderElection46] INFO  impl.RoleInfo (RoleInfo.java:shutdownLeaderElection(134)) - 6948f379-f924-4722-ada9-494d6a32b245: shutdown LeaderElection
2019-09-25 07:19:13,185 [6948f379-f924-4722-ada9-494d6a32b245@group-583E78C290BD:LeaderElection46] INFO  impl.RaftServerImpl (RaftServerImpl.java:setRole(174)) - 6948f379-f924-4722-ada9-494d6a32b245@group-583E78C290BD: changes role from CANDIDATE to LEADER at term 1 for changeToLeader
2019-09-25 07:19:13,185 [6948f379-f924-4722-ada9-494d6a32b245@group-583E78C290BD:LeaderElection46] INFO  impl.RaftServerImpl (ServerState.java:setLeader(253)) - 6948f379-f924-4722-ada9-494d6a32b245@group-583E78C290BD: change Leader from null to 6948f379-f924-4722-ada9-494d6a32b245 at term 1 for becomeLeader, leader elected after 5222ms
2019-09-25 07:19:13,185 [6948f379-f924-4722-ada9-494d6a32b245@group-583E78C290BD:LeaderElection46] INFO  server.RaftServerConfigKeys (ConfUtils.java:logGet(43)) - raft.server.staging.catchup.gap = 1000 (default)
2019-09-25 07:19:13,185 [6948f379-f924-4722-ada9-494d6a32b245@group-583E78C290BD:LeaderElection46] INFO  server.RaftServerConfigKeys (ConfUtils.java:logGet(43)) - raft.server.rpc.sleep.time = 25ms (default)
2019-09-25 07:19:13,186 [6948f379-f924-4722-ada9-494d6a32b245@group-583E78C290BD:LeaderElection46] INFO  server.RaftServerConfigKeys (ConfUtils.java:logGet(43)) - raft.server.write.element-limit = 4096 (default)
2019-09-25 07:19:13,186 [6948f379-f924-4722-ada9-494d6a32b245@group-583E78C290BD:LeaderElection46] INFO  server.RaftServerConfigKeys (ConfUtils.java:logGet(43)) - raft.server.watch.timeout = 10s (default)
2019-09-25 07:19:13,186 [6948f379-f924-4722-ada9-494d6a32b245@group-583E78C290BD:LeaderElection46] INFO  server.RaftServerConfigKeys (ConfUtils.java:logGet(43)) - raft.server.watch.timeout.denomination = 1s (default)
2019-09-25 07:19:13,186 [6948f379-f924-4722-ada9-494d6a32b245@group-583E78C290BD:LeaderElection46] INFO  server.RaftServerConfigKeys (ConfUtils.java:logGet(43)) - raft.server.watch.element-limit = 65536 (default)
2019-09-25 07:19:13,189 [6948f379-f924-4722-ada9-494d6a32b245@group-583E78C290BD:LeaderElection46] INFO  impl.RoleInfo (RoleInfo.java:updateAndGet(143)) - 6948f379-f924-4722-ada9-494d6a32b245: start LeaderState
2019-09-25 07:19:13,189 [6948f379-f924-4722-ada9-494d6a32b245@group-583E78C290BD:LeaderElection46] INFO  segmented.SegmentedRaftLogWorker (SegmentedRaftLogWorker.java:startLogSegment(380)) - 6948f379-f924-4722-ada9-494d6a32b245@group-583E78C290BD-SegmentedRaftLogWorker: Starting segment from index:0
2019-09-25 07:19:13,190 [6948f379-f924-4722-ada9-494d6a32b245@group-583E78C290BD:LeaderElection46] INFO  impl.RaftServerImpl (ServerState.java:setRaftConf(354)) - 6948f379-f924-4722-ada9-494d6a32b245@group-583E78C290BD: set configuration 0: [6948f379-f924-4722-ada9-494d6a32b245:192.168.30.10:34637], old=null at 0
2019-09-25 07:19:13,236 [6948f379-f924-4722-ada9-494d6a32b245@group-583E78C290BD-SegmentedRaftLogWorker] INFO  segmented.SegmentedRaftLogWorker (SegmentedRaftLogWorker.java:execute(569)) - 6948f379-f924-4722-ada9-494d6a32b245@group-583E78C290BD-SegmentedRaftLogWorker: created new log segment /workdir/hadoop-ozone/ozonefs/target/test-dir/MiniOzoneClusterImpl-53079864-2865-418d-b675-7621d58e8da0/datanode-0/data/ratis/96038400-5703-4258-86d8-583e78c290bd/current/log_inprogress_0
2019-09-25 07:19:13,301 [Thread-747] INFO  impl.FollowerState (FollowerState.java:run(106)) - b6d16c04-1efb-41d0-8f30-e52b02e93617:group-C55CF425F5E9 changes to CANDIDATE, lastRpcTime:5162, electionTimeout:5162ms
2019-09-25 07:19:13,301 [Thread-747] INFO  impl.RoleInfo (RoleInfo.java:shutdownFollowerState(121)) - b6d16c04-1efb-41d0-8f30-e52b02e93617: shutdown FollowerState
2019-09-25 07:19:13,302 [Thread-747] INFO  impl.RaftServerImpl (RaftServerImpl.java:setRole(174)) - b6d16c04-1efb-41d0-8f30-e52b02e93617@group-C55CF425F5E9: changes role from  FOLLOWER to CANDIDATE at term 0 for changeToCandidate
2019-09-25 07:19:13,302 [Thread-747] INFO  impl.RoleInfo (RoleInfo.java:updateAndGet(143)) - b6d16c04-1efb-41d0-8f30-e52b02e93617: start LeaderElection
2019-09-25 07:19:13,318 [b6d16c04-1efb-41d0-8f30-e52b02e93617@group-C55CF425F5E9:LeaderElection47] INFO  impl.LeaderElection (LeaderElection.java:askForVotes(182)) - b6d16c04-1efb-41d0-8f30-e52b02e93617@group-C55CF425F5E9:LeaderElection47: begin an election at term 1 for -1: [b6d16c04-1efb-41d0-8f30-e52b02e93617:192.168.30.10:43139], old=null
2019-09-25 07:19:13,318 [b6d16c04-1efb-41d0-8f30-e52b02e93617@group-C55CF425F5E9:LeaderElection47] INFO  impl.RoleInfo (RoleInfo.java:shutdownLeaderElection(134)) - b6d16c04-1efb-41d0-8f30-e52b02e93617: shutdown LeaderElection
2019-09-25 07:19:13,318 [b6d16c04-1efb-41d0-8f30-e52b02e93617@group-C55CF425F5E9:LeaderElection47] INFO  impl.RaftServerImpl (RaftServerImpl.java:setRole(174)) - b6d16c04-1efb-41d0-8f30-e52b02e93617@group-C55CF425F5E9: changes role from CANDIDATE to LEADER at term 1 for changeToLeader
2019-09-25 07:19:13,318 [b6d16c04-1efb-41d0-8f30-e52b02e93617@group-C55CF425F5E9:LeaderElection47] INFO  impl.RaftServerImpl (ServerState.java:setLeader(253)) - b6d16c04-1efb-41d0-8f30-e52b02e93617@group-C55CF425F5E9: change Leader from null to b6d16c04-1efb-41d0-8f30-e52b02e93617 at term 1 for becomeLeader, leader elected after 5185ms
2019-09-25 07:19:13,318 [b6d16c04-1efb-41d0-8f30-e52b02e93617@group-C55CF425F5E9:LeaderElection47] INFO  server.RaftServerConfigKeys (ConfUtils.java:logGet(43)) - raft.server.staging.catchup.gap = 1000 (default)
2019-09-25 07:19:13,319 [b6d16c04-1efb-41d0-8f30-e52b02e93617@group-C55CF425F5E9:LeaderElection47] INFO  server.RaftServerConfigKeys (ConfUtils.java:logGet(43)) - raft.server.rpc.sleep.time = 25ms (default)
2019-09-25 07:19:13,319 [b6d16c04-1efb-41d0-8f30-e52b02e93617@group-C55CF425F5E9:LeaderElection47] INFO  server.RaftServerConfigKeys (ConfUtils.java:logGet(43)) - raft.server.write.element-limit = 4096 (default)
2019-09-25 07:19:13,319 [b6d16c04-1efb-41d0-8f30-e52b02e93617@group-C55CF425F5E9:LeaderElection47] INFO  server.RaftServerConfigKeys (ConfUtils.java:logGet(43)) - raft.server.watch.timeout = 10s (default)
2019-09-25 07:19:13,319 [b6d16c04-1efb-41d0-8f30-e52b02e93617@group-C55CF425F5E9:LeaderElection47] INFO  server.RaftServerConfigKeys (ConfUtils.java:logGet(43)) - raft.server.watch.timeout.denomination = 1s (default)
2019-09-25 07:19:13,319 [b6d16c04-1efb-41d0-8f30-e52b02e93617@group-C55CF425F5E9:LeaderElection47] INFO  server.RaftServerConfigKeys (ConfUtils.java:logGet(43)) - raft.server.watch.element-limit = 65536 (default)
2019-09-25 07:19:13,321 [b6d16c04-1efb-41d0-8f30-e52b02e93617@group-C55CF425F5E9:LeaderElection47] INFO  impl.RoleInfo (RoleInfo.java:updateAndGet(143)) - b6d16c04-1efb-41d0-8f30-e52b02e93617: start LeaderState
2019-09-25 07:19:13,321 [b6d16c04-1efb-41d0-8f30-e52b02e93617@group-C55CF425F5E9:LeaderElection47] INFO  segmented.SegmentedRaftLogWorker (SegmentedRaftLogWorker.java:startLogSegment(380)) - b6d16c04-1efb-41d0-8f30-e52b02e93617@group-C55CF425F5E9-SegmentedRaftLogWorker: Starting segment from index:0
2019-09-25 07:19:13,321 [b6d16c04-1efb-41d0-8f30-e52b02e93617@group-C55CF425F5E9:LeaderElection47] INFO  impl.RaftServerImpl (ServerState.java:setRaftConf(354)) - b6d16c04-1efb-41d0-8f30-e52b02e93617@group-C55CF425F5E9: set configuration 0: [b6d16c04-1efb-41d0-8f30-e52b02e93617:192.168.30.10:43139], old=null at 0
2019-09-25 07:19:13,334 [Thread-759] INFO  impl.FollowerState (FollowerState.java:run(106)) - b6d16c04-1efb-41d0-8f30-e52b02e93617:group-A2D66C29A9AE changes to CANDIDATE, lastRpcTime:5014, electionTimeout:5014ms
2019-09-25 07:19:13,334 [Thread-759] INFO  impl.RoleInfo (RoleInfo.java:shutdownFollowerState(121)) - b6d16c04-1efb-41d0-8f30-e52b02e93617: shutdown FollowerState
2019-09-25 07:19:13,335 [Thread-759] INFO  impl.RaftServerImpl (RaftServerImpl.java:setRole(174)) - b6d16c04-1efb-41d0-8f30-e52b02e93617@group-A2D66C29A9AE: changes role from  FOLLOWER to CANDIDATE at term 0 for changeToCandidate
2019-09-25 07:19:13,335 [Thread-759] INFO  impl.RoleInfo (RoleInfo.java:updateAndGet(143)) - b6d16c04-1efb-41d0-8f30-e52b02e93617: start LeaderElection
2019-09-25 07:19:13,358 [Thread-750] INFO  impl.FollowerState (FollowerState.java:run(106)) - 29ce77fd-3396-4484-adab-af54307e8c01:group-980E6EA456CC changes to CANDIDATE, lastRpcTime:5172, electionTimeout:5172ms
2019-09-25 07:19:13,358 [Thread-750] INFO  impl.RoleInfo (RoleInfo.java:shutdownFollowerState(121)) - 29ce77fd-3396-4484-adab-af54307e8c01: shutdown FollowerState
2019-09-25 07:19:13,358 [Thread-750] INFO  impl.RaftServerImpl (RaftServerImpl.java:setRole(174)) - 29ce77fd-3396-4484-adab-af54307e8c01@group-980E6EA456CC: changes role from  FOLLOWER to CANDIDATE at term 0 for changeToCandidate
2019-09-25 07:19:13,359 [Thread-750] INFO  impl.RoleInfo (RoleInfo.java:updateAndGet(143)) - 29ce77fd-3396-4484-adab-af54307e8c01: start LeaderElection
2019-09-25 07:19:13,365 [b6d16c04-1efb-41d0-8f30-e52b02e93617@group-C55CF425F5E9-SegmentedRaftLogWorker] INFO  segmented.SegmentedRaftLogWorker (SegmentedRaftLogWorker.java:execute(569)) - b6d16c04-1efb-41d0-8f30-e52b02e93617@group-C55CF425F5E9-SegmentedRaftLogWorker: created new log segment /workdir/hadoop-ozone/ozonefs/target/test-dir/MiniOzoneClusterImpl-53079864-2865-418d-b675-7621d58e8da0/datanode-2/data/ratis/debe350a-4dbe-49a7-9871-c55cf425f5e9/current/log_inprogress_0
2019-09-25 07:19:13,365 [29ce77fd-3396-4484-adab-af54307e8c01@group-980E6EA456CC:LeaderElection49] INFO  impl.LeaderElection (LeaderElection.java:askForVotes(182)) - 29ce77fd-3396-4484-adab-af54307e8c01@group-980E6EA456CC:LeaderElection49: begin an election at term 1 for -1: [29ce77fd-3396-4484-adab-af54307e8c01:192.168.30.10:38801], old=null
2019-09-25 07:19:13,365 [b6d16c04-1efb-41d0-8f30-e52b02e93617@group-A2D66C29A9AE:LeaderElection48] INFO  impl.LeaderElection (LeaderElection.java:askForVotes(182)) - b6d16c04-1efb-41d0-8f30-e52b02e93617@group-A2D66C29A9AE:LeaderElection48: begin an election at term 1 for -1: [b6d16c04-1efb-41d0-8f30-e52b02e93617:192.168.30.10:43139], old=null
2019-09-25 07:19:13,365 [29ce77fd-3396-4484-adab-af54307e8c01@group-980E6EA456CC:LeaderElection49] INFO  impl.RoleInfo (RoleInfo.java:shutdownLeaderElection(134)) - 29ce77fd-3396-4484-adab-af54307e8c01: shutdown LeaderElection
2019-09-25 07:19:13,365 [b6d16c04-1efb-41d0-8f30-e52b02e93617@group-A2D66C29A9AE:LeaderElection48] INFO  impl.RoleInfo (RoleInfo.java:shutdownLeaderElection(134)) - b6d16c04-1efb-41d0-8f30-e52b02e93617: shutdown LeaderElection
2019-09-25 07:19:13,365 [29ce77fd-3396-4484-adab-af54307e8c01@group-980E6EA456CC:LeaderElection49] INFO  impl.RaftServerImpl (RaftServerImpl.java:setRole(174)) - 29ce77fd-3396-4484-adab-af54307e8c01@group-980E6EA456CC: changes role from CANDIDATE to LEADER at term 1 for changeToLeader
2019-09-25 07:19:13,366 [b6d16c04-1efb-41d0-8f30-e52b02e93617@group-A2D66C29A9AE:LeaderElection48] INFO  impl.RaftServerImpl (RaftServerImpl.java:setRole(174)) - b6d16c04-1efb-41d0-8f30-e52b02e93617@group-A2D66C29A9AE: changes role from CANDIDATE to LEADER at term 1 for changeToLeader
2019-09-25 07:19:13,366 [29ce77fd-3396-4484-adab-af54307e8c01@group-980E6EA456CC:LeaderElection49] INFO  impl.RaftServerImpl (ServerState.java:setLeader(253)) - 29ce77fd-3396-4484-adab-af54307e8c01@group-980E6EA456CC: change Leader from null to 29ce77fd-3396-4484-adab-af54307e8c01 at term 1 for becomeLeader, leader elected after 5186ms
2019-09-25 07:19:13,366 [b6d16c04-1efb-41d0-8f30-e52b02e93617@group-A2D66C29A9AE:LeaderElection48] INFO  impl.RaftServerImpl (ServerState.java:setLeader(253)) - b6d16c04-1efb-41d0-8f30-e52b02e93617@group-A2D66C29A9AE: change Leader from null to b6d16c04-1efb-41d0-8f30-e52b02e93617 at term 1 for becomeLeader, leader elected after 5052ms
2019-09-25 07:19:13,366 [29ce77fd-3396-4484-adab-af54307e8c01@group-980E6EA456CC:LeaderElection49] INFO  server.RaftServerConfigKeys (ConfUtils.java:logGet(43)) - raft.server.staging.catchup.gap = 1000 (default)
2019-09-25 07:19:13,366 [b6d16c04-1efb-41d0-8f30-e52b02e93617@group-A2D66C29A9AE:LeaderElection48] INFO  server.RaftServerConfigKeys (ConfUtils.java:logGet(43)) - raft.server.staging.catchup.gap = 1000 (default)
2019-09-25 07:19:13,366 [29ce77fd-3396-4484-adab-af54307e8c01@group-980E6EA456CC:LeaderElection49] INFO  server.RaftServerConfigKeys (ConfUtils.java:logGet(43)) - raft.server.rpc.sleep.time = 25ms (default)
2019-09-25 07:19:13,366 [b6d16c04-1efb-41d0-8f30-e52b02e93617@group-A2D66C29A9AE:LeaderElection48] INFO  server.RaftServerConfigKeys (ConfUtils.java:logGet(43)) - raft.server.rpc.sleep.time = 25ms (default)
2019-09-25 07:19:13,366 [29ce77fd-3396-4484-adab-af54307e8c01@group-980E6EA456CC:LeaderElection49] INFO  server.RaftServerConfigKeys (ConfUtils.java:logGet(43)) - raft.server.write.element-limit = 4096 (default)
2019-09-25 07:19:13,366 [b6d16c04-1efb-41d0-8f30-e52b02e93617@group-A2D66C29A9AE:LeaderElection48] INFO  server.RaftServerConfigKeys (ConfUtils.java:logGet(43)) - raft.server.write.element-limit = 4096 (default)
2019-09-25 07:19:13,366 [29ce77fd-3396-4484-adab-af54307e8c01@group-980E6EA456CC:LeaderElection49] INFO  server.RaftServerConfigKeys (ConfUtils.java:logGet(43)) - raft.server.watch.timeout = 10s (default)
2019-09-25 07:19:13,367 [b6d16c04-1efb-41d0-8f30-e52b02e93617@group-A2D66C29A9AE:LeaderElection48] INFO  server.RaftServerConfigKeys (ConfUtils.java:logGet(43)) - raft.server.watch.timeout = 10s (default)
2019-09-25 07:19:13,367 [29ce77fd-3396-4484-adab-af54307e8c01@group-980E6EA456CC:LeaderElection49] INFO  server.RaftServerConfigKeys (ConfUtils.java:logGet(43)) - raft.server.watch.timeout.denomination = 1s (default)
2019-09-25 07:19:13,367 [b6d16c04-1efb-41d0-8f30-e52b02e93617@group-A2D66C29A9AE:LeaderElection48] INFO  server.RaftServerConfigKeys (ConfUtils.java:logGet(43)) - raft.server.watch.timeout.denomination = 1s (default)
2019-09-25 07:19:13,367 [29ce77fd-3396-4484-adab-af54307e8c01@group-980E6EA456CC:LeaderElection49] INFO  server.RaftServerConfigKeys (ConfUtils.java:logGet(43)) - raft.server.watch.element-limit = 65536 (default)
2019-09-25 07:19:13,367 [b6d16c04-1efb-41d0-8f30-e52b02e93617@group-A2D66C29A9AE:LeaderElection48] INFO  server.RaftServerConfigKeys (ConfUtils.java:logGet(43)) - raft.server.watch.element-limit = 65536 (default)
2019-09-25 07:19:13,369 [29ce77fd-3396-4484-adab-af54307e8c01@group-980E6EA456CC:LeaderElection49] INFO  impl.RoleInfo (RoleInfo.java:updateAndGet(143)) - 29ce77fd-3396-4484-adab-af54307e8c01: start LeaderState
2019-09-25 07:19:13,369 [29ce77fd-3396-4484-adab-af54307e8c01@group-980E6EA456CC:LeaderElection49] INFO  segmented.SegmentedRaftLogWorker (SegmentedRaftLogWorker.java:startLogSegment(380)) - 29ce77fd-3396-4484-adab-af54307e8c01@group-980E6EA456CC-SegmentedRaftLogWorker: Starting segment from index:0
2019-09-25 07:19:13,370 [b6d16c04-1efb-41d0-8f30-e52b02e93617@group-A2D66C29A9AE:LeaderElection48] INFO  impl.RoleInfo (RoleInfo.java:updateAndGet(143)) - b6d16c04-1efb-41d0-8f30-e52b02e93617: start LeaderState
2019-09-25 07:19:13,370 [b6d16c04-1efb-41d0-8f30-e52b02e93617@group-A2D66C29A9AE:LeaderElection48] INFO  segmented.SegmentedRaftLogWorker (SegmentedRaftLogWorker.java:startLogSegment(380)) - b6d16c04-1efb-41d0-8f30-e52b02e93617@group-A2D66C29A9AE-SegmentedRaftLogWorker: Starting segment from index:0
2019-09-25 07:19:13,370 [29ce77fd-3396-4484-adab-af54307e8c01@group-980E6EA456CC:LeaderElection49] INFO  impl.RaftServerImpl (ServerState.java:setRaftConf(354)) - 29ce77fd-3396-4484-adab-af54307e8c01@group-980E6EA456CC: set configuration 0: [29ce77fd-3396-4484-adab-af54307e8c01:192.168.30.10:38801], old=null at 0
2019-09-25 07:19:13,370 [b6d16c04-1efb-41d0-8f30-e52b02e93617@group-A2D66C29A9AE:LeaderElection48] INFO  impl.RaftServerImpl (ServerState.java:setRaftConf(354)) - b6d16c04-1efb-41d0-8f30-e52b02e93617@group-A2D66C29A9AE: set configuration 0: [b6d16c04-1efb-41d0-8f30-e52b02e93617:192.168.30.10:43139], old=null at 0
2019-09-25 07:19:13,376 [Thread-756] INFO  impl.FollowerState (FollowerState.java:run(106)) - 29ce77fd-3396-4484-adab-af54307e8c01:group-1DE84E725CAB changes to CANDIDATE, lastRpcTime:5101, electionTimeout:5101ms
2019-09-25 07:19:13,376 [Thread-756] INFO  impl.RoleInfo (RoleInfo.java:shutdownFollowerState(121)) - 29ce77fd-3396-4484-adab-af54307e8c01: shutdown FollowerState
2019-09-25 07:19:13,376 [Thread-756] INFO  impl.RaftServerImpl (RaftServerImpl.java:setRole(174)) - 29ce77fd-3396-4484-adab-af54307e8c01@group-1DE84E725CAB: changes role from  FOLLOWER to CANDIDATE at term 0 for changeToCandidate
2019-09-25 07:19:13,376 [Thread-756] INFO  impl.RoleInfo (RoleInfo.java:updateAndGet(143)) - 29ce77fd-3396-4484-adab-af54307e8c01: start LeaderElection
2019-09-25 07:19:13,421 [29ce77fd-3396-4484-adab-af54307e8c01@group-980E6EA456CC-SegmentedRaftLogWorker] INFO  segmented.SegmentedRaftLogWorker (SegmentedRaftLogWorker.java:execute(569)) - 29ce77fd-3396-4484-adab-af54307e8c01@group-980E6EA456CC-SegmentedRaftLogWorker: created new log segment /workdir/hadoop-ozone/ozonefs/target/test-dir/MiniOzoneClusterImpl-53079864-2865-418d-b675-7621d58e8da0/datanode-1/data/ratis/49b1cbd3-f5df-4740-87d7-980e6ea456cc/current/log_inprogress_0
2019-09-25 07:19:13,421 [29ce77fd-3396-4484-adab-af54307e8c01@group-1DE84E725CAB:LeaderElection50] INFO  impl.LeaderElection (LeaderElection.java:askForVotes(182)) - 29ce77fd-3396-4484-adab-af54307e8c01@group-1DE84E725CAB:LeaderElection50: begin an election at term 1 for -1: [29ce77fd-3396-4484-adab-af54307e8c01:192.168.30.10:38801], old=null
2019-09-25 07:19:13,421 [b6d16c04-1efb-41d0-8f30-e52b02e93617@group-A2D66C29A9AE-SegmentedRaftLogWorker] INFO  segmented.SegmentedRaftLogWorker (SegmentedRaftLogWorker.java:execute(569)) - b6d16c04-1efb-41d0-8f30-e52b02e93617@group-A2D66C29A9AE-SegmentedRaftLogWorker: created new log segment /workdir/hadoop-ozone/ozonefs/target/test-dir/MiniOzoneClusterImpl-53079864-2865-418d-b675-7621d58e8da0/datanode-2/data/ratis/5134f19e-53d7-447c-912e-a2d66c29a9ae/current/log_inprogress_0
2019-09-25 07:19:13,422 [29ce77fd-3396-4484-adab-af54307e8c01@group-1DE84E725CAB:LeaderElection50] INFO  impl.RoleInfo (RoleInfo.java:shutdownLeaderElection(134)) - 29ce77fd-3396-4484-adab-af54307e8c01: shutdown LeaderElection
2019-09-25 07:19:13,422 [29ce77fd-3396-4484-adab-af54307e8c01@group-1DE84E725CAB:LeaderElection50] INFO  impl.RaftServerImpl (RaftServerImpl.java:setRole(174)) - 29ce77fd-3396-4484-adab-af54307e8c01@group-1DE84E725CAB: changes role from CANDIDATE to LEADER at term 1 for changeToLeader
2019-09-25 07:19:13,422 [29ce77fd-3396-4484-adab-af54307e8c01@group-1DE84E725CAB:LeaderElection50] INFO  impl.RaftServerImpl (ServerState.java:setLeader(253)) - 29ce77fd-3396-4484-adab-af54307e8c01@group-1DE84E725CAB: change Leader from null to 29ce77fd-3396-4484-adab-af54307e8c01 at term 1 for becomeLeader, leader elected after 5152ms
2019-09-25 07:19:13,422 [29ce77fd-3396-4484-adab-af54307e8c01@group-1DE84E725CAB:LeaderElection50] INFO  server.RaftServerConfigKeys (ConfUtils.java:logGet(43)) - raft.server.staging.catchup.gap = 1000 (default)
2019-09-25 07:19:13,422 [29ce77fd-3396-4484-adab-af54307e8c01@group-1DE84E725CAB:LeaderElection50] INFO  server.RaftServerConfigKeys (ConfUtils.java:logGet(43)) - raft.server.rpc.sleep.time = 25ms (default)
2019-09-25 07:19:13,422 [29ce77fd-3396-4484-adab-af54307e8c01@group-1DE84E725CAB:LeaderElection50] INFO  server.RaftServerConfigKeys (ConfUtils.java:logGet(43)) - raft.server.write.element-limit = 4096 (default)
2019-09-25 07:19:13,423 [29ce77fd-3396-4484-adab-af54307e8c01@group-1DE84E725CAB:LeaderElection50] INFO  server.RaftServerConfigKeys (ConfUtils.java:logGet(43)) - raft.server.watch.timeout = 10s (default)
2019-09-25 07:19:13,423 [29ce77fd-3396-4484-adab-af54307e8c01@group-1DE84E725CAB:LeaderElection50] INFO  server.RaftServerConfigKeys (ConfUtils.java:logGet(43)) - raft.server.watch.timeout.denomination = 1s (default)
2019-09-25 07:19:13,423 [29ce77fd-3396-4484-adab-af54307e8c01@group-1DE84E725CAB:LeaderElection50] INFO  server.RaftServerConfigKeys (ConfUtils.java:logGet(43)) - raft.server.watch.element-limit = 65536 (default)
2019-09-25 07:19:13,425 [29ce77fd-3396-4484-adab-af54307e8c01@group-1DE84E725CAB:LeaderElection50] INFO  impl.RoleInfo (RoleInfo.java:updateAndGet(143)) - 29ce77fd-3396-4484-adab-af54307e8c01: start LeaderState
2019-09-25 07:19:13,425 [29ce77fd-3396-4484-adab-af54307e8c01@group-1DE84E725CAB:LeaderElection50] INFO  segmented.SegmentedRaftLogWorker (SegmentedRaftLogWorker.java:startLogSegment(380)) - 29ce77fd-3396-4484-adab-af54307e8c01@group-1DE84E725CAB-SegmentedRaftLogWorker: Starting segment from index:0
2019-09-25 07:19:13,426 [29ce77fd-3396-4484-adab-af54307e8c01@group-1DE84E725CAB:LeaderElection50] INFO  impl.RaftServerImpl (ServerState.java:setRaftConf(354)) - 29ce77fd-3396-4484-adab-af54307e8c01@group-1DE84E725CAB: set configuration 0: [29ce77fd-3396-4484-adab-af54307e8c01:192.168.30.10:38801], old=null at 0
2019-09-25 07:19:13,429 [Thread-753] INFO  impl.FollowerState (FollowerState.java:run(106)) - 29ce77fd-3396-4484-adab-af54307e8c01:group-C5D3CB2D005F changes to CANDIDATE, lastRpcTime:5198, electionTimeout:5198ms
2019-09-25 07:19:13,430 [Thread-753] INFO  impl.RoleInfo (RoleInfo.java:shutdownFollowerState(121)) - 29ce77fd-3396-4484-adab-af54307e8c01: shutdown FollowerState
2019-09-25 07:19:13,430 [Thread-753] INFO  impl.RaftServerImpl (RaftServerImpl.java:setRole(174)) - 29ce77fd-3396-4484-adab-af54307e8c01@group-C5D3CB2D005F: changes role from  FOLLOWER to CANDIDATE at term 0 for changeToCandidate
2019-09-25 07:19:13,430 [Thread-753] INFO  impl.RoleInfo (RoleInfo.java:updateAndGet(143)) - 29ce77fd-3396-4484-adab-af54307e8c01: start LeaderElection
2019-09-25 07:19:13,456 [Thread-762] INFO  impl.FollowerState (FollowerState.java:run(106)) - b6d16c04-1efb-41d0-8f30-e52b02e93617:group-DFDEF5EBD769 changes to CANDIDATE, lastRpcTime:5079, electionTimeout:5057ms
2019-09-25 07:19:13,457 [Thread-762] INFO  impl.RoleInfo (RoleInfo.java:shutdownFollowerState(121)) - b6d16c04-1efb-41d0-8f30-e52b02e93617: shutdown FollowerState
2019-09-25 07:19:13,457 [Thread-762] INFO  impl.RaftServerImpl (RaftServerImpl.java:setRole(174)) - b6d16c04-1efb-41d0-8f30-e52b02e93617@group-DFDEF5EBD769: changes role from  FOLLOWER to CANDIDATE at term 0 for changeToCandidate
2019-09-25 07:19:13,457 [Thread-762] INFO  impl.RoleInfo (RoleInfo.java:updateAndGet(143)) - b6d16c04-1efb-41d0-8f30-e52b02e93617: start LeaderElection
2019-09-25 07:19:13,467 [Thread-765] INFO  impl.FollowerState (FollowerState.java:run(106)) - b6d16c04-1efb-41d0-8f30-e52b02e93617:group-2ADA5F1B4CF6 changes to CANDIDATE, lastRpcTime:5043, electionTimeout:5043ms
2019-09-25 07:19:13,467 [Thread-765] INFO  impl.RoleInfo (RoleInfo.java:shutdownFollowerState(121)) - b6d16c04-1efb-41d0-8f30-e52b02e93617: shutdown FollowerState
2019-09-25 07:19:13,468 [Thread-765] INFO  impl.RaftServerImpl (RaftServerImpl.java:setRole(174)) - b6d16c04-1efb-41d0-8f30-e52b02e93617@group-2ADA5F1B4CF6: changes role from  FOLLOWER to CANDIDATE at term 0 for changeToCandidate
2019-09-25 07:19:13,468 [Thread-765] INFO  impl.RoleInfo (RoleInfo.java:updateAndGet(143)) - b6d16c04-1efb-41d0-8f30-e52b02e93617: start LeaderElection
2019-09-25 07:19:13,469 [29ce77fd-3396-4484-adab-af54307e8c01@group-1DE84E725CAB-SegmentedRaftLogWorker] INFO  segmented.SegmentedRaftLogWorker (SegmentedRaftLogWorker.java:execute(569)) - 29ce77fd-3396-4484-adab-af54307e8c01@group-1DE84E725CAB-SegmentedRaftLogWorker: created new log segment /workdir/hadoop-ozone/ozonefs/target/test-dir/MiniOzoneClusterImpl-53079864-2865-418d-b675-7621d58e8da0/datanode-1/data/ratis/e320653a-b2b4-4301-9c7a-1de84e725cab/current/log_inprogress_0
2019-09-25 07:19:13,469 [29ce77fd-3396-4484-adab-af54307e8c01@group-C5D3CB2D005F:LeaderElection51] INFO  impl.LeaderElection (LeaderElection.java:askForVotes(182)) - 29ce77fd-3396-4484-adab-af54307e8c01@group-C5D3CB2D005F:LeaderElection51: begin an election at term 1 for -1: [29ce77fd-3396-4484-adab-af54307e8c01:192.168.30.10:38801], old=null
2019-09-25 07:19:13,469 [b6d16c04-1efb-41d0-8f30-e52b02e93617@group-DFDEF5EBD769:LeaderElection52] INFO  impl.LeaderElection (LeaderElection.java:askForVotes(182)) - b6d16c04-1efb-41d0-8f30-e52b02e93617@group-DFDEF5EBD769:LeaderElection52: begin an election at term 1 for -1: [b6d16c04-1efb-41d0-8f30-e52b02e93617:192.168.30.10:43139], old=null
2019-09-25 07:19:13,470 [29ce77fd-3396-4484-adab-af54307e8c01@group-C5D3CB2D005F:LeaderElection51] INFO  impl.RoleInfo (RoleInfo.java:shutdownLeaderElection(134)) - 29ce77fd-3396-4484-adab-af54307e8c01: shutdown LeaderElection
2019-09-25 07:19:13,470 [b6d16c04-1efb-41d0-8f30-e52b02e93617@group-DFDEF5EBD769:LeaderElection52] INFO  impl.RoleInfo (RoleInfo.java:shutdownLeaderElection(134)) - b6d16c04-1efb-41d0-8f30-e52b02e93617: shutdown LeaderElection
2019-09-25 07:19:13,470 [29ce77fd-3396-4484-adab-af54307e8c01@group-C5D3CB2D005F:LeaderElection51] INFO  impl.RaftServerImpl (RaftServerImpl.java:setRole(174)) - 29ce77fd-3396-4484-adab-af54307e8c01@group-C5D3CB2D005F: changes role from CANDIDATE to LEADER at term 1 for changeToLeader
2019-09-25 07:19:13,470 [b6d16c04-1efb-41d0-8f30-e52b02e93617@group-DFDEF5EBD769:LeaderElection52] INFO  impl.RaftServerImpl (RaftServerImpl.java:setRole(174)) - b6d16c04-1efb-41d0-8f30-e52b02e93617@group-DFDEF5EBD769: changes role from CANDIDATE to LEADER at term 1 for changeToLeader
2019-09-25 07:19:13,470 [29ce77fd-3396-4484-adab-af54307e8c01@group-C5D3CB2D005F:LeaderElection51] INFO  impl.RaftServerImpl (ServerState.java:setLeader(253)) - 29ce77fd-3396-4484-adab-af54307e8c01@group-C5D3CB2D005F: change Leader from null to 29ce77fd-3396-4484-adab-af54307e8c01 at term 1 for becomeLeader, leader elected after 5244ms
2019-09-25 07:19:13,470 [b6d16c04-1efb-41d0-8f30-e52b02e93617@group-DFDEF5EBD769:LeaderElection52] INFO  impl.RaftServerImpl (ServerState.java:setLeader(253)) - b6d16c04-1efb-41d0-8f30-e52b02e93617@group-DFDEF5EBD769: change Leader from null to b6d16c04-1efb-41d0-8f30-e52b02e93617 at term 1 for becomeLeader, leader elected after 5098ms
2019-09-25 07:19:13,470 [29ce77fd-3396-4484-adab-af54307e8c01@group-C5D3CB2D005F:LeaderElection51] INFO  server.RaftServerConfigKeys (ConfUtils.java:logGet(43)) - raft.server.staging.catchup.gap = 1000 (default)
2019-09-25 07:19:13,471 [b6d16c04-1efb-41d0-8f30-e52b02e93617@group-DFDEF5EBD769:LeaderElection52] INFO  server.RaftServerConfigKeys (ConfUtils.java:logGet(43)) - raft.server.staging.catchup.gap = 1000 (default)
2019-09-25 07:19:13,471 [29ce77fd-3396-4484-adab-af54307e8c01@group-C5D3CB2D005F:LeaderElection51] INFO  server.RaftServerConfigKeys (ConfUtils.java:logGet(43)) - raft.server.rpc.sleep.time = 25ms (default)
2019-09-25 07:19:13,471 [b6d16c04-1efb-41d0-8f30-e52b02e93617@group-DFDEF5EBD769:LeaderElection52] INFO  server.RaftServerConfigKeys (ConfUtils.java:logGet(43)) - raft.server.rpc.sleep.time = 25ms (default)
2019-09-25 07:19:13,471 [29ce77fd-3396-4484-adab-af54307e8c01@group-C5D3CB2D005F:LeaderElection51] INFO  server.RaftServerConfigKeys (ConfUtils.java:logGet(43)) - raft.server.write.element-limit = 4096 (default)
2019-09-25 07:19:13,471 [b6d16c04-1efb-41d0-8f30-e52b02e93617@group-DFDEF5EBD769:LeaderElection52] INFO  server.RaftServerConfigKeys (ConfUtils.java:logGet(43)) - raft.server.write.element-limit = 4096 (default)
2019-09-25 07:19:13,471 [29ce77fd-3396-4484-adab-af54307e8c01@group-C5D3CB2D005F:LeaderElection51] INFO  server.RaftServerConfigKeys (ConfUtils.java:logGet(43)) - raft.server.watch.timeout = 10s (default)
2019-09-25 07:19:13,471 [b6d16c04-1efb-41d0-8f30-e52b02e93617@group-DFDEF5EBD769:LeaderElection52] INFO  server.RaftServerConfigKeys (ConfUtils.java:logGet(43)) - raft.server.watch.timeout = 10s (default)
2019-09-25 07:19:13,471 [29ce77fd-3396-4484-adab-af54307e8c01@group-C5D3CB2D005F:LeaderElection51] INFO  server.RaftServerConfigKeys (ConfUtils.java:logGet(43)) - raft.server.watch.timeout.denomination = 1s (default)
2019-09-25 07:19:13,472 [b6d16c04-1efb-41d0-8f30-e52b02e93617@group-DFDEF5EBD769:LeaderElection52] INFO  server.RaftServerConfigKeys (ConfUtils.java:logGet(43)) - raft.server.watch.timeout.denomination = 1s (default)
2019-09-25 07:19:13,472 [29ce77fd-3396-4484-adab-af54307e8c01@group-C5D3CB2D005F:LeaderElection51] INFO  server.RaftServerConfigKeys (ConfUtils.java:logGet(43)) - raft.server.watch.element-limit = 65536 (default)
2019-09-25 07:19:13,472 [b6d16c04-1efb-41d0-8f30-e52b02e93617@group-DFDEF5EBD769:LeaderElection52] INFO  server.RaftServerConfigKeys (ConfUtils.java:logGet(43)) - raft.server.watch.element-limit = 65536 (default)
2019-09-25 07:19:13,475 [29ce77fd-3396-4484-adab-af54307e8c01@group-C5D3CB2D005F:LeaderElection51] INFO  impl.RoleInfo (RoleInfo.java:updateAndGet(143)) - 29ce77fd-3396-4484-adab-af54307e8c01: start LeaderState
2019-09-25 07:19:13,475 [29ce77fd-3396-4484-adab-af54307e8c01@group-C5D3CB2D005F:LeaderElection51] INFO  segmented.SegmentedRaftLogWorker (SegmentedRaftLogWorker.java:startLogSegment(380)) - 29ce77fd-3396-4484-adab-af54307e8c01@group-C5D3CB2D005F-SegmentedRaftLogWorker: Starting segment from index:0
2019-09-25 07:19:13,476 [29ce77fd-3396-4484-adab-af54307e8c01@group-C5D3CB2D005F:LeaderElection51] INFO  impl.RaftServerImpl (ServerState.java:setRaftConf(354)) - 29ce77fd-3396-4484-adab-af54307e8c01@group-C5D3CB2D005F: set configuration 0: [29ce77fd-3396-4484-adab-af54307e8c01:192.168.30.10:38801], old=null at 0
2019-09-25 07:19:13,476 [b6d16c04-1efb-41d0-8f30-e52b02e93617@group-DFDEF5EBD769:LeaderElection52] INFO  impl.RoleInfo (RoleInfo.java:updateAndGet(143)) - b6d16c04-1efb-41d0-8f30-e52b02e93617: start LeaderState
2019-09-25 07:19:13,476 [b6d16c04-1efb-41d0-8f30-e52b02e93617@group-DFDEF5EBD769:LeaderElection52] INFO  segmented.SegmentedRaftLogWorker (SegmentedRaftLogWorker.java:startLogSegment(380)) - b6d16c04-1efb-41d0-8f30-e52b02e93617@group-DFDEF5EBD769-SegmentedRaftLogWorker: Starting segment from index:0
2019-09-25 07:19:13,477 [b6d16c04-1efb-41d0-8f30-e52b02e93617@group-DFDEF5EBD769:LeaderElection52] INFO  impl.RaftServerImpl (ServerState.java:setRaftConf(354)) - b6d16c04-1efb-41d0-8f30-e52b02e93617@group-DFDEF5EBD769: set configuration 0: [b6d16c04-1efb-41d0-8f30-e52b02e93617:192.168.30.10:43139], old=null at 0
2019-09-25 07:19:13,483 [b6d16c04-1efb-41d0-8f30-e52b02e93617@group-2ADA5F1B4CF6:LeaderElection53] INFO  impl.LeaderElection (LeaderElection.java:askForVotes(182)) - b6d16c04-1efb-41d0-8f30-e52b02e93617@group-2ADA5F1B4CF6:LeaderElection53: begin an election at term 1 for -1: [b6d16c04-1efb-41d0-8f30-e52b02e93617:192.168.30.10:43139], old=null
2019-09-25 07:19:13,483 [b6d16c04-1efb-41d0-8f30-e52b02e93617@group-2ADA5F1B4CF6:LeaderElection53] INFO  impl.RoleInfo (RoleInfo.java:shutdownLeaderElection(134)) - b6d16c04-1efb-41d0-8f30-e52b02e93617: shutdown LeaderElection
2019-09-25 07:19:13,483 [b6d16c04-1efb-41d0-8f30-e52b02e93617@group-2ADA5F1B4CF6:LeaderElection53] INFO  impl.RaftServerImpl (RaftServerImpl.java:setRole(174)) - b6d16c04-1efb-41d0-8f30-e52b02e93617@group-2ADA5F1B4CF6: changes role from CANDIDATE to LEADER at term 1 for changeToLeader
2019-09-25 07:19:13,483 [b6d16c04-1efb-41d0-8f30-e52b02e93617@group-2ADA5F1B4CF6:LeaderElection53] INFO  impl.RaftServerImpl (ServerState.java:setLeader(253)) - b6d16c04-1efb-41d0-8f30-e52b02e93617@group-2ADA5F1B4CF6: change Leader from null to b6d16c04-1efb-41d0-8f30-e52b02e93617 at term 1 for becomeLeader, leader elected after 5066ms
2019-09-25 07:19:13,484 [b6d16c04-1efb-41d0-8f30-e52b02e93617@group-2ADA5F1B4CF6:LeaderElection53] INFO  server.RaftServerConfigKeys (ConfUtils.java:logGet(43)) - raft.server.staging.catchup.gap = 1000 (default)
2019-09-25 07:19:13,484 [b6d16c04-1efb-41d0-8f30-e52b02e93617@group-2ADA5F1B4CF6:LeaderElection53] INFO  server.RaftServerConfigKeys (ConfUtils.java:logGet(43)) - raft.server.rpc.sleep.time = 25ms (default)
2019-09-25 07:19:13,484 [b6d16c04-1efb-41d0-8f30-e52b02e93617@group-2ADA5F1B4CF6:LeaderElection53] INFO  server.RaftServerConfigKeys (ConfUtils.java:logGet(43)) - raft.server.write.element-limit = 4096 (default)
2019-09-25 07:19:13,484 [b6d16c04-1efb-41d0-8f30-e52b02e93617@group-2ADA5F1B4CF6:LeaderElection53] INFO  server.RaftServerConfigKeys (ConfUtils.java:logGet(43)) - raft.server.watch.timeout = 10s (default)
2019-09-25 07:19:13,484 [b6d16c04-1efb-41d0-8f30-e52b02e93617@group-2ADA5F1B4CF6:LeaderElection53] INFO  server.RaftServerConfigKeys (ConfUtils.java:logGet(43)) - raft.server.watch.timeout.denomination = 1s (default)
2019-09-25 07:19:13,484 [b6d16c04-1efb-41d0-8f30-e52b02e93617@group-2ADA5F1B4CF6:LeaderElection53] INFO  server.RaftServerConfigKeys (ConfUtils.java:logGet(43)) - raft.server.watch.element-limit = 65536 (default)
2019-09-25 07:19:13,487 [b6d16c04-1efb-41d0-8f30-e52b02e93617@group-2ADA5F1B4CF6:LeaderElection53] INFO  impl.RoleInfo (RoleInfo.java:updateAndGet(143)) - b6d16c04-1efb-41d0-8f30-e52b02e93617: start LeaderState
2019-09-25 07:19:13,487 [b6d16c04-1efb-41d0-8f30-e52b02e93617@group-2ADA5F1B4CF6:LeaderElection53] INFO  segmented.SegmentedRaftLogWorker (SegmentedRaftLogWorker.java:startLogSegment(380)) - b6d16c04-1efb-41d0-8f30-e52b02e93617@group-2ADA5F1B4CF6-SegmentedRaftLogWorker: Starting segment from index:0
2019-09-25 07:19:13,487 [b6d16c04-1efb-41d0-8f30-e52b02e93617@group-2ADA5F1B4CF6:LeaderElection53] INFO  impl.RaftServerImpl (ServerState.java:setRaftConf(354)) - b6d16c04-1efb-41d0-8f30-e52b02e93617@group-2ADA5F1B4CF6: set configuration 0: [b6d16c04-1efb-41d0-8f30-e52b02e93617:192.168.30.10:43139], old=null at 0
2019-09-25 07:19:13,521 [b6d16c04-1efb-41d0-8f30-e52b02e93617@group-DFDEF5EBD769-SegmentedRaftLogWorker] INFO  segmented.SegmentedRaftLogWorker (SegmentedRaftLogWorker.java:execute(569)) - b6d16c04-1efb-41d0-8f30-e52b02e93617@group-DFDEF5EBD769-SegmentedRaftLogWorker: created new log segment /workdir/hadoop-ozone/ozonefs/target/test-dir/MiniOzoneClusterImpl-53079864-2865-418d-b675-7621d58e8da0/datanode-2/data/ratis/74a35d8e-6b3a-41af-9e6f-dfdef5ebd769/current/log_inprogress_0
2019-09-25 07:19:13,521 [29ce77fd-3396-4484-adab-af54307e8c01@group-C5D3CB2D005F-SegmentedRaftLogWorker] INFO  segmented.SegmentedRaftLogWorker (SegmentedRaftLogWorker.java:execute(569)) - 29ce77fd-3396-4484-adab-af54307e8c01@group-C5D3CB2D005F-SegmentedRaftLogWorker: created new log segment /workdir/hadoop-ozone/ozonefs/target/test-dir/MiniOzoneClusterImpl-53079864-2865-418d-b675-7621d58e8da0/datanode-1/data/ratis/83997e0a-ee3c-48aa-a99d-c5d3cb2d005f/current/log_inprogress_0
2019-09-25 07:19:13,521 [b6d16c04-1efb-41d0-8f30-e52b02e93617@group-2ADA5F1B4CF6-SegmentedRaftLogWorker] INFO  segmented.SegmentedRaftLogWorker (SegmentedRaftLogWorker.java:execute(569)) - b6d16c04-1efb-41d0-8f30-e52b02e93617@group-2ADA5F1B4CF6-SegmentedRaftLogWorker: created new log segment /workdir/hadoop-ozone/ozonefs/target/test-dir/MiniOzoneClusterImpl-53079864-2865-418d-b675-7621d58e8da0/datanode-2/data/ratis/c7672a82-e219-4883-958e-2ada5f1b4cf6/current/log_inprogress_0
2019-09-25 07:19:13,544 [Thread-768] INFO  impl.FollowerState (FollowerState.java:run(106)) - b6d16c04-1efb-41d0-8f30-e52b02e93617:group-2149A8F81929 changes to CANDIDATE, lastRpcTime:5072, electionTimeout:5072ms
2019-09-25 07:19:13,544 [Thread-768] INFO  impl.RoleInfo (RoleInfo.java:shutdownFollowerState(121)) - b6d16c04-1efb-41d0-8f30-e52b02e93617: shutdown FollowerState
2019-09-25 07:19:13,544 [Thread-768] INFO  impl.RaftServerImpl (RaftServerImpl.java:setRole(174)) - b6d16c04-1efb-41d0-8f30-e52b02e93617@group-2149A8F81929: changes role from  FOLLOWER to CANDIDATE at term 0 for changeToCandidate
2019-09-25 07:19:13,545 [Thread-768] INFO  impl.RoleInfo (RoleInfo.java:updateAndGet(143)) - b6d16c04-1efb-41d0-8f30-e52b02e93617: start LeaderElection
2019-09-25 07:19:13,562 [b6d16c04-1efb-41d0-8f30-e52b02e93617@group-2149A8F81929:LeaderElection54] INFO  impl.LeaderElection (LeaderElection.java:askForVotes(182)) - b6d16c04-1efb-41d0-8f30-e52b02e93617@group-2149A8F81929:LeaderElection54: begin an election at term 1 for -1: [b6d16c04-1efb-41d0-8f30-e52b02e93617:192.168.30.10:43139], old=null
2019-09-25 07:19:13,563 [b6d16c04-1efb-41d0-8f30-e52b02e93617@group-2149A8F81929:LeaderElection54] INFO  impl.RoleInfo (RoleInfo.java:shutdownLeaderElection(134)) - b6d16c04-1efb-41d0-8f30-e52b02e93617: shutdown LeaderElection
2019-09-25 07:19:13,563 [b6d16c04-1efb-41d0-8f30-e52b02e93617@group-2149A8F81929:LeaderElection54] INFO  impl.RaftServerImpl (RaftServerImpl.java:setRole(174)) - b6d16c04-1efb-41d0-8f30-e52b02e93617@group-2149A8F81929: changes role from CANDIDATE to LEADER at term 1 for changeToLeader
2019-09-25 07:19:13,563 [b6d16c04-1efb-41d0-8f30-e52b02e93617@group-2149A8F81929:LeaderElection54] INFO  impl.RaftServerImpl (ServerState.java:setLeader(253)) - b6d16c04-1efb-41d0-8f30-e52b02e93617@group-2149A8F81929: change Leader from null to b6d16c04-1efb-41d0-8f30-e52b02e93617 at term 1 for becomeLeader, leader elected after 5097ms
2019-09-25 07:19:13,563 [b6d16c04-1efb-41d0-8f30-e52b02e93617@group-2149A8F81929:LeaderElection54] INFO  server.RaftServerConfigKeys (ConfUtils.java:logGet(43)) - raft.server.staging.catchup.gap = 1000 (default)
2019-09-25 07:19:13,563 [b6d16c04-1efb-41d0-8f30-e52b02e93617@group-2149A8F81929:LeaderElection54] INFO  server.RaftServerConfigKeys (ConfUtils.java:logGet(43)) - raft.server.rpc.sleep.time = 25ms (default)
2019-09-25 07:19:13,563 [b6d16c04-1efb-41d0-8f30-e52b02e93617@group-2149A8F81929:LeaderElection54] INFO  server.RaftServerConfigKeys (ConfUtils.java:logGet(43)) - raft.server.write.element-limit = 4096 (default)
2019-09-25 07:19:13,564 [b6d16c04-1efb-41d0-8f30-e52b02e93617@group-2149A8F81929:LeaderElection54] INFO  server.RaftServerConfigKeys (ConfUtils.java:logGet(43)) - raft.server.watch.timeout = 10s (default)
2019-09-25 07:19:13,564 [b6d16c04-1efb-41d0-8f30-e52b02e93617@group-2149A8F81929:LeaderElection54] INFO  server.RaftServerConfigKeys (ConfUtils.java:logGet(43)) - raft.server.watch.timeout.denomination = 1s (default)
2019-09-25 07:19:13,564 [b6d16c04-1efb-41d0-8f30-e52b02e93617@group-2149A8F81929:LeaderElection54] INFO  server.RaftServerConfigKeys (ConfUtils.java:logGet(43)) - raft.server.watch.element-limit = 65536 (default)
2019-09-25 07:19:13,570 [b6d16c04-1efb-41d0-8f30-e52b02e93617@group-2149A8F81929:LeaderElection54] INFO  impl.RoleInfo (RoleInfo.java:updateAndGet(143)) - b6d16c04-1efb-41d0-8f30-e52b02e93617: start LeaderState
2019-09-25 07:19:13,572 [b6d16c04-1efb-41d0-8f30-e52b02e93617@group-2149A8F81929:LeaderElection54] INFO  segmented.SegmentedRaftLogWorker (SegmentedRaftLogWorker.java:startLogSegment(380)) - b6d16c04-1efb-41d0-8f30-e52b02e93617@group-2149A8F81929-SegmentedRaftLogWorker: Starting segment from index:0
2019-09-25 07:19:13,573 [b6d16c04-1efb-41d0-8f30-e52b02e93617@group-2149A8F81929:LeaderElection54] INFO  impl.RaftServerImpl (ServerState.java:setRaftConf(354)) - b6d16c04-1efb-41d0-8f30-e52b02e93617@group-2149A8F81929: set configuration 0: [b6d16c04-1efb-41d0-8f30-e52b02e93617:192.168.30.10:43139], old=null at 0
2019-09-25 07:19:13,621 [b6d16c04-1efb-41d0-8f30-e52b02e93617@group-2149A8F81929-SegmentedRaftLogWorker] INFO  segmented.SegmentedRaftLogWorker (SegmentedRaftLogWorker.java:execute(569)) - b6d16c04-1efb-41d0-8f30-e52b02e93617@group-2149A8F81929-SegmentedRaftLogWorker: created new log segment /workdir/hadoop-ozone/ozonefs/target/test-dir/MiniOzoneClusterImpl-53079864-2865-418d-b675-7621d58e8da0/datanode-2/data/ratis/75d18dc7-d4b4-439d-a4bc-2149a8f81929/current/log_inprogress_0
2019-09-25 07:19:13,843 [Thread-543] INFO  ozoneimpl.OzoneContainer (OzoneContainer.java:stop(231)) - Attempting to stop container services.
2019-09-25 07:19:13,845 [Thread-543] INFO  impl.RaftServerProxy (RaftServerProxy.java:lambda$close$4(314)) - 29ce77fd-3396-4484-adab-af54307e8c01: close
2019-09-25 07:19:13,845 [ForkJoinPool.commonPool-worker-0] INFO  ozoneimpl.OzoneContainer (OzoneContainer.java:stop(231)) - Attempting to stop container services.
2019-09-25 07:19:13,846 [Thread-543] INFO  impl.RaftServerImpl (RaftServerImpl.java:lambda$shutdown$3(251)) - 29ce77fd-3396-4484-adab-af54307e8c01@group-DA22A8180568: shutdown
2019-09-25 07:19:13,846 [ForkJoinPool.commonPool-worker-0] INFO  impl.RaftServerProxy (RaftServerProxy.java:lambda$close$4(314)) - 6948f379-f924-4722-ada9-494d6a32b245: close
2019-09-25 07:19:13,846 [Thread-543] INFO  util.JmxRegister (JmxRegister.java:unregister(73)) - Successfully un-registered JMX Bean with object name Ratis:service=RaftServer,group=group-DA22A8180568,id=29ce77fd-3396-4484-adab-af54307e8c01
2019-09-25 07:19:13,847 [ForkJoinPool.commonPool-worker-0] INFO  impl.RaftServerImpl (RaftServerImpl.java:lambda$shutdown$3(251)) - 6948f379-f924-4722-ada9-494d6a32b245@group-B63ABFE90AA7: shutdown
2019-09-25 07:19:13,847 [Thread-543] INFO  impl.RoleInfo (RoleInfo.java:shutdownLeaderState(104)) - 29ce77fd-3396-4484-adab-af54307e8c01: shutdown LeaderState
2019-09-25 07:19:13,847 [ForkJoinPool.commonPool-worker-0] INFO  util.JmxRegister (JmxRegister.java:unregister(73)) - Successfully un-registered JMX Bean with object name Ratis:service=RaftServer,group=group-B63ABFE90AA7,id=6948f379-f924-4722-ada9-494d6a32b245
2019-09-25 07:19:13,848 [Thread-543] INFO  impl.PendingRequests (PendingRequests.java:sendNotLeaderResponses(202)) - 29ce77fd-3396-4484-adab-af54307e8c01-PendingRequests: sendNotLeaderResponses
2019-09-25 07:19:13,848 [ForkJoinPool.commonPool-worker-0] INFO  impl.RoleInfo (RoleInfo.java:shutdownLeaderState(104)) - 6948f379-f924-4722-ada9-494d6a32b245: shutdown LeaderState
2019-09-25 07:19:13,849 [Thread-543] INFO  impl.StateMachineUpdater (StateMachineUpdater.java:stopAndJoin(125)) - 29ce77fd-3396-4484-adab-af54307e8c01@group-DA22A8180568-StateMachineUpdater: set stopIndex = 0
2019-09-25 07:19:13,849 [ForkJoinPool.commonPool-worker-0] INFO  impl.PendingRequests (PendingRequests.java:sendNotLeaderResponses(202)) - 6948f379-f924-4722-ada9-494d6a32b245-PendingRequests: sendNotLeaderResponses
2019-09-25 07:19:13,849 [Thread-543] INFO  impl.RaftServerImpl (ServerState.java:close(385)) - 29ce77fd-3396-4484-adab-af54307e8c01@group-DA22A8180568: closes. applyIndex: 0
2019-09-25 07:19:13,850 [ForkJoinPool.commonPool-worker-0] INFO  impl.StateMachineUpdater (StateMachineUpdater.java:stopAndJoin(125)) - 6948f379-f924-4722-ada9-494d6a32b245@group-B63ABFE90AA7-StateMachineUpdater: set stopIndex = 0
2019-09-25 07:19:13,850 [ForkJoinPool.commonPool-worker-0] INFO  impl.RaftServerImpl (ServerState.java:close(385)) - 6948f379-f924-4722-ada9-494d6a32b245@group-B63ABFE90AA7: closes. applyIndex: 0
2019-09-25 07:19:13,850 [29ce77fd-3396-4484-adab-af54307e8c01@group-DA22A8180568-SegmentedRaftLogWorker] INFO  segmented.SegmentedRaftLogWorker (SegmentedRaftLogWorker.java:run(313)) - 29ce77fd-3396-4484-adab-af54307e8c01@group-DA22A8180568-SegmentedRaftLogWorker was interrupted, exiting. There are 0 tasks remaining in the queue.
2019-09-25 07:19:13,851 [6948f379-f924-4722-ada9-494d6a32b245@group-B63ABFE90AA7-SegmentedRaftLogWorker] INFO  segmented.SegmentedRaftLogWorker (SegmentedRaftLogWorker.java:run(313)) - 6948f379-f924-4722-ada9-494d6a32b245@group-B63ABFE90AA7-SegmentedRaftLogWorker was interrupted, exiting. There are 0 tasks remaining in the queue.
2019-09-25 07:19:13,851 [Thread-543] INFO  segmented.SegmentedRaftLogWorker (SegmentedRaftLogWorker.java:close(228)) - 29ce77fd-3396-4484-adab-af54307e8c01@group-DA22A8180568-SegmentedRaftLogWorker close()
2019-09-25 07:19:13,851 [ForkJoinPool.commonPool-worker-0] INFO  segmented.SegmentedRaftLogWorker (SegmentedRaftLogWorker.java:close(228)) - 6948f379-f924-4722-ada9-494d6a32b245@group-B63ABFE90AA7-SegmentedRaftLogWorker close()
2019-09-25 07:19:13,856 [Thread-543] INFO  impl.RaftServerImpl (RaftServerImpl.java:lambda$shutdown$3(251)) - 29ce77fd-3396-4484-adab-af54307e8c01@group-1DE84E725CAB: shutdown
2019-09-25 07:19:13,857 [ForkJoinPool.commonPool-worker-0] INFO  impl.RaftServerImpl (RaftServerImpl.java:lambda$shutdown$3(251)) - 6948f379-f924-4722-ada9-494d6a32b245@group-FA97A0AFE89F: shutdown
2019-09-25 07:19:13,858 [Thread-543] INFO  util.JmxRegister (JmxRegister.java:unregister(73)) - Successfully un-registered JMX Bean with object name Ratis:service=RaftServer,group=group-1DE84E725CAB,id=29ce77fd-3396-4484-adab-af54307e8c01
2019-09-25 07:19:13,858 [Thread-543] INFO  impl.RoleInfo (RoleInfo.java:shutdownLeaderState(104)) - 29ce77fd-3396-4484-adab-af54307e8c01: shutdown LeaderState
2019-09-25 07:19:13,858 [ForkJoinPool.commonPool-worker-0] INFO  util.JmxRegister (JmxRegister.java:unregister(73)) - Successfully un-registered JMX Bean with object name Ratis:service=RaftServer,group=group-FA97A0AFE89F,id=6948f379-f924-4722-ada9-494d6a32b245
2019-09-25 07:19:13,859 [Thread-543] INFO  impl.PendingRequests (PendingRequests.java:sendNotLeaderResponses(202)) - 29ce77fd-3396-4484-adab-af54307e8c01-PendingRequests: sendNotLeaderResponses
2019-09-25 07:19:13,859 [ForkJoinPool.commonPool-worker-0] INFO  impl.RoleInfo (RoleInfo.java:shutdownLeaderState(104)) - 6948f379-f924-4722-ada9-494d6a32b245: shutdown LeaderState
2019-09-25 07:19:13,860 [Thread-543] INFO  impl.StateMachineUpdater (StateMachineUpdater.java:stopAndJoin(125)) - 29ce77fd-3396-4484-adab-af54307e8c01@group-1DE84E725CAB-StateMachineUpdater: set stopIndex = 0
2019-09-25 07:19:13,860 [ForkJoinPool.commonPool-worker-0] INFO  impl.PendingRequests (PendingRequests.java:sendNotLeaderResponses(202)) - 6948f379-f924-4722-ada9-494d6a32b245-PendingRequests: sendNotLeaderResponses
2019-09-25 07:19:13,860 [Thread-543] INFO  impl.RaftServerImpl (ServerState.java:close(385)) - 29ce77fd-3396-4484-adab-af54307e8c01@group-1DE84E725CAB: closes. applyIndex: 0
2019-09-25 07:19:13,860 [ForkJoinPool.commonPool-worker-0] INFO  impl.StateMachineUpdater (StateMachineUpdater.java:stopAndJoin(125)) - 6948f379-f924-4722-ada9-494d6a32b245@group-FA97A0AFE89F-StateMachineUpdater: set stopIndex = 0
2019-09-25 07:19:13,861 [29ce77fd-3396-4484-adab-af54307e8c01@group-1DE84E725CAB-SegmentedRaftLogWorker] INFO  segmented.SegmentedRaftLogWorker (SegmentedRaftLogWorker.java:run(313)) - 29ce77fd-3396-4484-adab-af54307e8c01@group-1DE84E725CAB-SegmentedRaftLogWorker was interrupted, exiting. There are 0 tasks remaining in the queue.
2019-09-25 07:19:13,861 [ForkJoinPool.commonPool-worker-0] INFO  impl.RaftServerImpl (ServerState.java:close(385)) - 6948f379-f924-4722-ada9-494d6a32b245@group-FA97A0AFE89F: closes. applyIndex: 0
2019-09-25 07:19:13,861 [Thread-543] INFO  segmented.SegmentedRaftLogWorker (SegmentedRaftLogWorker.java:close(228)) - 29ce77fd-3396-4484-adab-af54307e8c01@group-1DE84E725CAB-SegmentedRaftLogWorker close()
2019-09-25 07:19:13,862 [6948f379-f924-4722-ada9-494d6a32b245@group-FA97A0AFE89F-SegmentedRaftLogWorker] INFO  segmented.SegmentedRaftLogWorker (SegmentedRaftLogWorker.java:run(313)) - 6948f379-f924-4722-ada9-494d6a32b245@group-FA97A0AFE89F-SegmentedRaftLogWorker was interrupted, exiting. There are 0 tasks remaining in the queue.
2019-09-25 07:19:13,863 [Thread-543] INFO  impl.RaftServerImpl (RaftServerImpl.java:lambda$shutdown$3(251)) - 29ce77fd-3396-4484-adab-af54307e8c01@group-DEB19540C111: shutdown
2019-09-25 07:19:13,863 [ForkJoinPool.commonPool-worker-0] INFO  segmented.SegmentedRaftLogWorker (SegmentedRaftLogWorker.java:close(228)) - 6948f379-f924-4722-ada9-494d6a32b245@group-FA97A0AFE89F-SegmentedRaftLogWorker close()
2019-09-25 07:19:13,864 [Thread-543] INFO  util.JmxRegister (JmxRegister.java:unregister(73)) - Successfully un-registered JMX Bean with object name Ratis:service=RaftServer,group=group-DEB19540C111,id=29ce77fd-3396-4484-adab-af54307e8c01
2019-09-25 07:19:13,865 [ForkJoinPool.commonPool-worker-0] INFO  impl.RaftServerImpl (RaftServerImpl.java:lambda$shutdown$3(251)) - 6948f379-f924-4722-ada9-494d6a32b245@group-DFF4C87A3F08: shutdown
2019-09-25 07:19:13,866 [Thread-543] INFO  impl.RoleInfo (RoleInfo.java:shutdownLeaderState(104)) - 29ce77fd-3396-4484-adab-af54307e8c01: shutdown LeaderState
2019-09-25 07:19:13,866 [ForkJoinPool.commonPool-worker-0] INFO  util.JmxRegister (JmxRegister.java:unregister(73)) - Successfully un-registered JMX Bean with object name Ratis:service=RaftServer,group=group-DFF4C87A3F08,id=6948f379-f924-4722-ada9-494d6a32b245
2019-09-25 07:19:13,866 [Thread-543] INFO  impl.PendingRequests (PendingRequests.java:sendNotLeaderResponses(202)) - 29ce77fd-3396-4484-adab-af54307e8c01-PendingRequests: sendNotLeaderResponses
2019-09-25 07:19:13,867 [ForkJoinPool.commonPool-worker-0] INFO  impl.RoleInfo (RoleInfo.java:shutdownLeaderState(104)) - 6948f379-f924-4722-ada9-494d6a32b245: shutdown LeaderState
2019-09-25 07:19:13,867 [Thread-543] INFO  impl.StateMachineUpdater (StateMachineUpdater.java:stopAndJoin(125)) - 29ce77fd-3396-4484-adab-af54307e8c01@group-DEB19540C111-StateMachineUpdater: set stopIndex = 0
2019-09-25 07:19:13,867 [ForkJoinPool.commonPool-worker-0] INFO  impl.PendingRequests (PendingRequests.java:sendNotLeaderResponses(202)) - 6948f379-f924-4722-ada9-494d6a32b245-PendingRequests: sendNotLeaderResponses
2019-09-25 07:19:13,868 [Thread-543] INFO  impl.RaftServerImpl (ServerState.java:close(385)) - 29ce77fd-3396-4484-adab-af54307e8c01@group-DEB19540C111: closes. applyIndex: 0
2019-09-25 07:19:13,868 [ForkJoinPool.commonPool-worker-0] INFO  impl.StateMachineUpdater (StateMachineUpdater.java:stopAndJoin(125)) - 6948f379-f924-4722-ada9-494d6a32b245@group-DFF4C87A3F08-StateMachineUpdater: set stopIndex = 0
2019-09-25 07:19:13,868 [29ce77fd-3396-4484-adab-af54307e8c01@group-DEB19540C111-SegmentedRaftLogWorker] INFO  segmented.SegmentedRaftLogWorker (SegmentedRaftLogWorker.java:run(313)) - 29ce77fd-3396-4484-adab-af54307e8c01@group-DEB19540C111-SegmentedRaftLogWorker was interrupted, exiting. There are 0 tasks remaining in the queue.
2019-09-25 07:19:13,868 [ForkJoinPool.commonPool-worker-0] INFO  impl.RaftServerImpl (ServerState.java:close(385)) - 6948f379-f924-4722-ada9-494d6a32b245@group-DFF4C87A3F08: closes. applyIndex: 0
2019-09-25 07:19:13,869 [Thread-543] INFO  segmented.SegmentedRaftLogWorker (SegmentedRaftLogWorker.java:close(228)) - 29ce77fd-3396-4484-adab-af54307e8c01@group-DEB19540C111-SegmentedRaftLogWorker close()
2019-09-25 07:19:13,869 [6948f379-f924-4722-ada9-494d6a32b245@group-DFF4C87A3F08-SegmentedRaftLogWorker] INFO  segmented.SegmentedRaftLogWorker (SegmentedRaftLogWorker.java:run(313)) - 6948f379-f924-4722-ada9-494d6a32b245@group-DFF4C87A3F08-SegmentedRaftLogWorker was interrupted, exiting. There are 0 tasks remaining in the queue.
2019-09-25 07:19:13,871 [Thread-543] INFO  impl.RaftServerImpl (RaftServerImpl.java:lambda$shutdown$3(251)) - 29ce77fd-3396-4484-adab-af54307e8c01@group-ADD26C7DD3D8: shutdown
2019-09-25 07:19:13,871 [ForkJoinPool.commonPool-worker-0] INFO  segmented.SegmentedRaftLogWorker (SegmentedRaftLogWorker.java:close(228)) - 6948f379-f924-4722-ada9-494d6a32b245@group-DFF4C87A3F08-SegmentedRaftLogWorker close()
2019-09-25 07:19:13,871 [Thread-543] INFO  util.JmxRegister (JmxRegister.java:unregister(73)) - Successfully un-registered JMX Bean with object name Ratis:service=RaftServer,group=group-ADD26C7DD3D8,id=29ce77fd-3396-4484-adab-af54307e8c01
2019-09-25 07:19:13,873 [Thread-543] INFO  impl.RoleInfo (RoleInfo.java:shutdownLeaderState(104)) - 29ce77fd-3396-4484-adab-af54307e8c01: shutdown LeaderState
2019-09-25 07:19:13,873 [ForkJoinPool.commonPool-worker-0] INFO  impl.RaftServerImpl (RaftServerImpl.java:lambda$shutdown$3(251)) - 6948f379-f924-4722-ada9-494d6a32b245@group-583E78C290BD: shutdown
2019-09-25 07:19:13,873 [Thread-543] INFO  impl.PendingRequests (PendingRequests.java:sendNotLeaderResponses(202)) - 29ce77fd-3396-4484-adab-af54307e8c01-PendingRequests: sendNotLeaderResponses
2019-09-25 07:19:13,874 [ForkJoinPool.commonPool-worker-0] INFO  util.JmxRegister (JmxRegister.java:unregister(73)) - Successfully un-registered JMX Bean with object name Ratis:service=RaftServer,group=group-583E78C290BD,id=6948f379-f924-4722-ada9-494d6a32b245
2019-09-25 07:19:13,874 [Thread-543] INFO  impl.StateMachineUpdater (StateMachineUpdater.java:stopAndJoin(125)) - 29ce77fd-3396-4484-adab-af54307e8c01@group-ADD26C7DD3D8-StateMachineUpdater: set stopIndex = 0
2019-09-25 07:19:13,875 [Thread-543] INFO  impl.RaftServerImpl (ServerState.java:close(385)) - 29ce77fd-3396-4484-adab-af54307e8c01@group-ADD26C7DD3D8: closes. applyIndex: 0
2019-09-25 07:19:13,874 [ForkJoinPool.commonPool-worker-0] INFO  impl.RoleInfo (RoleInfo.java:shutdownLeaderState(104)) - 6948f379-f924-4722-ada9-494d6a32b245: shutdown LeaderState
2019-09-25 07:19:13,875 [29ce77fd-3396-4484-adab-af54307e8c01@group-ADD26C7DD3D8-SegmentedRaftLogWorker] INFO  segmented.SegmentedRaftLogWorker (SegmentedRaftLogWorker.java:run(313)) - 29ce77fd-3396-4484-adab-af54307e8c01@group-ADD26C7DD3D8-SegmentedRaftLogWorker was interrupted, exiting. There are 0 tasks remaining in the queue.
2019-09-25 07:19:13,875 [ForkJoinPool.commonPool-worker-0] INFO  impl.PendingRequests (PendingRequests.java:sendNotLeaderResponses(202)) - 6948f379-f924-4722-ada9-494d6a32b245-PendingRequests: sendNotLeaderResponses
2019-09-25 07:19:13,876 [Thread-543] INFO  segmented.SegmentedRaftLogWorker (SegmentedRaftLogWorker.java:close(228)) - 29ce77fd-3396-4484-adab-af54307e8c01@group-ADD26C7DD3D8-SegmentedRaftLogWorker close()
2019-09-25 07:19:13,876 [ForkJoinPool.commonPool-worker-0] INFO  impl.StateMachineUpdater (StateMachineUpdater.java:stopAndJoin(125)) - 6948f379-f924-4722-ada9-494d6a32b245@group-583E78C290BD-StateMachineUpdater: set stopIndex = 0
2019-09-25 07:19:13,878 [Thread-543] INFO  impl.RaftServerImpl (RaftServerImpl.java:lambda$shutdown$3(251)) - 29ce77fd-3396-4484-adab-af54307e8c01@group-C5D3CB2D005F: shutdown
2019-09-25 07:19:13,878 [ForkJoinPool.commonPool-worker-0] INFO  impl.RaftServerImpl (ServerState.java:close(385)) - 6948f379-f924-4722-ada9-494d6a32b245@group-583E78C290BD: closes. applyIndex: 0
2019-09-25 07:19:13,878 [Thread-543] INFO  util.JmxRegister (JmxRegister.java:unregister(73)) - Successfully un-registered JMX Bean with object name Ratis:service=RaftServer,group=group-C5D3CB2D005F,id=29ce77fd-3396-4484-adab-af54307e8c01
2019-09-25 07:19:13,879 [6948f379-f924-4722-ada9-494d6a32b245@group-583E78C290BD-SegmentedRaftLogWorker] INFO  segmented.SegmentedRaftLogWorker (SegmentedRaftLogWorker.java:run(313)) - 6948f379-f924-4722-ada9-494d6a32b245@group-583E78C290BD-SegmentedRaftLogWorker was interrupted, exiting. There are 0 tasks remaining in the queue.
2019-09-25 07:19:13,879 [Thread-543] INFO  impl.RoleInfo (RoleInfo.java:shutdownLeaderState(104)) - 29ce77fd-3396-4484-adab-af54307e8c01: shutdown LeaderState
2019-09-25 07:19:13,879 [ForkJoinPool.commonPool-worker-0] INFO  segmented.SegmentedRaftLogWorker (SegmentedRaftLogWorker.java:close(228)) - 6948f379-f924-4722-ada9-494d6a32b245@group-583E78C290BD-SegmentedRaftLogWorker close()
2019-09-25 07:19:13,879 [Thread-543] INFO  impl.PendingRequests (PendingRequests.java:sendNotLeaderResponses(202)) - 29ce77fd-3396-4484-adab-af54307e8c01-PendingRequests: sendNotLeaderResponses
2019-09-25 07:19:13,881 [ForkJoinPool.commonPool-worker-0] INFO  impl.RaftServerImpl (RaftServerImpl.java:lambda$shutdown$3(251)) - 6948f379-f924-4722-ada9-494d6a32b245@group-FF2D003771FE: shutdown
2019-09-25 07:19:13,882 [Thread-543] INFO  impl.StateMachineUpdater (StateMachineUpdater.java:stopAndJoin(125)) - 29ce77fd-3396-4484-adab-af54307e8c01@group-C5D3CB2D005F-StateMachineUpdater: set stopIndex = 0
2019-09-25 07:19:13,882 [ForkJoinPool.commonPool-worker-0] INFO  util.JmxRegister (JmxRegister.java:unregister(73)) - Successfully un-registered JMX Bean with object name Ratis:service=RaftServer,group=group-FF2D003771FE,id=6948f379-f924-4722-ada9-494d6a32b245
2019-09-25 07:19:13,882 [Thread-543] INFO  impl.RaftServerImpl (ServerState.java:close(385)) - 29ce77fd-3396-4484-adab-af54307e8c01@group-C5D3CB2D005F: closes. applyIndex: 0
2019-09-25 07:19:13,882 [ForkJoinPool.commonPool-worker-0] INFO  impl.RoleInfo (RoleInfo.java:shutdownLeaderState(104)) - 6948f379-f924-4722-ada9-494d6a32b245: shutdown LeaderState
2019-09-25 07:19:13,883 [29ce77fd-3396-4484-adab-af54307e8c01@group-C5D3CB2D005F-SegmentedRaftLogWorker] INFO  segmented.SegmentedRaftLogWorker (SegmentedRaftLogWorker.java:run(313)) - 29ce77fd-3396-4484-adab-af54307e8c01@group-C5D3CB2D005F-SegmentedRaftLogWorker was interrupted, exiting. There are 0 tasks remaining in the queue.
2019-09-25 07:19:13,883 [ForkJoinPool.commonPool-worker-0] INFO  impl.PendingRequests (PendingRequests.java:sendNotLeaderResponses(202)) - 6948f379-f924-4722-ada9-494d6a32b245-PendingRequests: sendNotLeaderResponses
2019-09-25 07:19:13,883 [Thread-543] INFO  segmented.SegmentedRaftLogWorker (SegmentedRaftLogWorker.java:close(228)) - 29ce77fd-3396-4484-adab-af54307e8c01@group-C5D3CB2D005F-SegmentedRaftLogWorker close()
2019-09-25 07:19:13,884 [ForkJoinPool.commonPool-worker-0] INFO  impl.StateMachineUpdater (StateMachineUpdater.java:stopAndJoin(125)) - 6948f379-f924-4722-ada9-494d6a32b245@group-FF2D003771FE-StateMachineUpdater: set stopIndex = 0
2019-09-25 07:19:13,885 [Thread-543] INFO  impl.RaftServerImpl (RaftServerImpl.java:lambda$shutdown$3(251)) - 29ce77fd-3396-4484-adab-af54307e8c01@group-980E6EA456CC: shutdown
2019-09-25 07:19:13,885 [ForkJoinPool.commonPool-worker-0] INFO  impl.RaftServerImpl (ServerState.java:close(385)) - 6948f379-f924-4722-ada9-494d6a32b245@group-FF2D003771FE: closes. applyIndex: 0
2019-09-25 07:19:13,886 [Thread-543] INFO  util.JmxRegister (JmxRegister.java:unregister(73)) - Successfully un-registered JMX Bean with object name Ratis:service=RaftServer,group=group-980E6EA456CC,id=29ce77fd-3396-4484-adab-af54307e8c01
2019-09-25 07:19:13,886 [Thread-543] INFO  impl.RoleInfo (RoleInfo.java:shutdownLeaderState(104)) - 29ce77fd-3396-4484-adab-af54307e8c01: shutdown LeaderState
2019-09-25 07:19:13,886 [6948f379-f924-4722-ada9-494d6a32b245@group-FF2D003771FE-SegmentedRaftLogWorker] INFO  segmented.SegmentedRaftLogWorker (SegmentedRaftLogWorker.java:run(313)) - 6948f379-f924-4722-ada9-494d6a32b245@group-FF2D003771FE-SegmentedRaftLogWorker was interrupted, exiting. There are 0 tasks remaining in the queue.
2019-09-25 07:19:13,887 [Thread-543] INFO  impl.PendingRequests (PendingRequests.java:sendNotLeaderResponses(202)) - 29ce77fd-3396-4484-adab-af54307e8c01-PendingRequests: sendNotLeaderResponses
2019-09-25 07:19:13,887 [ForkJoinPool.commonPool-worker-0] INFO  segmented.SegmentedRaftLogWorker (SegmentedRaftLogWorker.java:close(228)) - 6948f379-f924-4722-ada9-494d6a32b245@group-FF2D003771FE-SegmentedRaftLogWorker close()
2019-09-25 07:19:13,887 [Thread-543] INFO  impl.StateMachineUpdater (StateMachineUpdater.java:stopAndJoin(125)) - 29ce77fd-3396-4484-adab-af54307e8c01@group-980E6EA456CC-StateMachineUpdater: set stopIndex = 0
2019-09-25 07:19:13,889 [ForkJoinPool.commonPool-worker-0] INFO  impl.RaftServerImpl (RaftServerImpl.java:lambda$shutdown$3(251)) - 6948f379-f924-4722-ada9-494d6a32b245@group-1C18CB3DC789: shutdown
2019-09-25 07:19:13,889 [Thread-543] INFO  impl.RaftServerImpl (ServerState.java:close(385)) - 29ce77fd-3396-4484-adab-af54307e8c01@group-980E6EA456CC: closes. applyIndex: 0
2019-09-25 07:19:13,890 [ForkJoinPool.commonPool-worker-0] INFO  util.JmxRegister (JmxRegister.java:unregister(73)) - Successfully un-registered JMX Bean with object name Ratis:service=RaftServer,group=group-1C18CB3DC789,id=6948f379-f924-4722-ada9-494d6a32b245
2019-09-25 07:19:13,890 [29ce77fd-3396-4484-adab-af54307e8c01@group-980E6EA456CC-SegmentedRaftLogWorker] INFO  segmented.SegmentedRaftLogWorker (SegmentedRaftLogWorker.java:run(313)) - 29ce77fd-3396-4484-adab-af54307e8c01@group-980E6EA456CC-SegmentedRaftLogWorker was interrupted, exiting. There are 0 tasks remaining in the queue.
2019-09-25 07:19:13,890 [ForkJoinPool.commonPool-worker-0] INFO  impl.RoleInfo (RoleInfo.java:shutdownLeaderState(104)) - 6948f379-f924-4722-ada9-494d6a32b245: shutdown LeaderState
2019-09-25 07:19:13,891 [Thread-543] INFO  segmented.SegmentedRaftLogWorker (SegmentedRaftLogWorker.java:close(228)) - 29ce77fd-3396-4484-adab-af54307e8c01@group-980E6EA456CC-SegmentedRaftLogWorker close()
2019-09-25 07:19:13,891 [ForkJoinPool.commonPool-worker-0] INFO  impl.PendingRequests (PendingRequests.java:sendNotLeaderResponses(202)) - 6948f379-f924-4722-ada9-494d6a32b245-PendingRequests: sendNotLeaderResponses
2019-09-25 07:19:13,893 [Thread-543] INFO  server.GrpcService (GrpcService.java:closeImpl(164)) - 29ce77fd-3396-4484-adab-af54307e8c01: shutdown server with port 38801 now
2019-09-25 07:19:13,893 [ForkJoinPool.commonPool-worker-0] INFO  impl.StateMachineUpdater (StateMachineUpdater.java:stopAndJoin(125)) - 6948f379-f924-4722-ada9-494d6a32b245@group-1C18CB3DC789-StateMachineUpdater: set stopIndex = 0
2019-09-25 07:19:13,893 [ForkJoinPool.commonPool-worker-0] INFO  impl.RaftServerImpl (ServerState.java:close(385)) - 6948f379-f924-4722-ada9-494d6a32b245@group-1C18CB3DC789: closes. applyIndex: 0
2019-09-25 07:19:13,895 [Thread-543] INFO  server.GrpcService (GrpcService.java:closeImpl(172)) - 29ce77fd-3396-4484-adab-af54307e8c01: shutdown server with port 38801 successfully
2019-09-25 07:19:13,895 [6948f379-f924-4722-ada9-494d6a32b245@group-1C18CB3DC789-SegmentedRaftLogWorker] INFO  segmented.SegmentedRaftLogWorker (SegmentedRaftLogWorker.java:run(313)) - 6948f379-f924-4722-ada9-494d6a32b245@group-1C18CB3DC789-SegmentedRaftLogWorker was interrupted, exiting. There are 0 tasks remaining in the queue.
2019-09-25 07:19:13,895 [ForkJoinPool.commonPool-worker-0] INFO  segmented.SegmentedRaftLogWorker (SegmentedRaftLogWorker.java:close(228)) - 6948f379-f924-4722-ada9-494d6a32b245@group-1C18CB3DC789-SegmentedRaftLogWorker close()
2019-09-25 07:19:13,903 [ForkJoinPool.commonPool-worker-0] INFO  server.GrpcService (GrpcService.java:closeImpl(164)) - 6948f379-f924-4722-ada9-494d6a32b245: shutdown server with port 34637 now
2019-09-25 07:19:13,905 [ForkJoinPool.commonPool-worker-0] INFO  server.GrpcService (GrpcService.java:closeImpl(172)) - 6948f379-f924-4722-ada9-494d6a32b245: shutdown server with port 34637 successfully
2019-09-25 07:19:13,909 [refreshUsed-/workdir/hadoop-ozone/ozonefs/target/test-dir/MiniOzoneClusterImpl-53079864-2865-418d-b675-7621d58e8da0/datanode-0/data/containers] WARN  fs.CachingGetSpaceUsed (CachingGetSpaceUsed.java:run(183)) - Thread Interrupted waiting to refresh disk information: sleep interrupted
2019-09-25 07:19:13,913 [refreshUsed-/workdir/hadoop-ozone/ozonefs/target/test-dir/MiniOzoneClusterImpl-53079864-2865-418d-b675-7621d58e8da0/datanode-1/data/containers] WARN  fs.CachingGetSpaceUsed (CachingGetSpaceUsed.java:run(183)) - Thread Interrupted waiting to refresh disk information: sleep interrupted
2019-09-25 07:19:13,949 [ForkJoinPool.commonPool-worker-0] INFO  utils.BackgroundService (BackgroundService.java:shutdown(148)) - Shutting down service BlockDeletingService
2019-09-25 07:19:13,953 [ForkJoinPool.commonPool-worker-0] INFO  statemachine.DatanodeStateMachine (DatanodeStateMachine.java:stopDaemon(395)) - Ozone container server stopped.
2019-09-25 07:19:13,957 [ForkJoinPool.commonPool-worker-0] INFO  handler.ContextHandler (ContextHandler.java:doStop(910)) - Stopped o.e.j.w.WebAppContext@188dcdde{/,null,UNAVAILABLE}{/hddsDatanode}
2019-09-25 07:19:13,957 [ForkJoinPool.commonPool-worker-0] INFO  server.AbstractConnector (AbstractConnector.java:doStop(318)) - Stopped ServerConnector@130b8feb{HTTP/1.1,[http/1.1]}{0.0.0.0:0}
2019-09-25 07:19:13,959 [Thread-543] INFO  utils.BackgroundService (BackgroundService.java:shutdown(148)) - Shutting down service BlockDeletingService
2019-09-25 07:19:13,959 [ForkJoinPool.commonPool-worker-0] INFO  handler.ContextHandler (ContextHandler.java:doStop(910)) - Stopped o.e.j.s.ServletContextHandler@31b0fec9{/static,jar:file:/home/user/.m2/repository/org/apache/hadoop/hadoop-hdds-container-service/0.5.0-SNAPSHOT/hadoop-hdds-container-service-0.5.0-SNAPSHOT.jar!/webapps/static,UNAVAILABLE}
2019-09-25 07:19:13,962 [ForkJoinPool.commonPool-worker-0] INFO  handler.ContextHandler (ContextHandler.java:doStop(910)) - Stopped o.e.j.s.ServletContextHandler@41ee371d{/logs,file:///workdir/hadoop-ozone/ozonefs/target/log,UNAVAILABLE}
2019-09-25 07:19:13,963 [Thread-543] INFO  statemachine.DatanodeStateMachine (DatanodeStateMachine.java:stopDaemon(395)) - Ozone container server stopped.
2019-09-25 07:19:13,965 [Thread-543] INFO  handler.ContextHandler (ContextHandler.java:doStop(910)) - Stopped o.e.j.w.WebAppContext@41869447{/,null,UNAVAILABLE}{/hddsDatanode}
2019-09-25 07:19:13,965 [Thread-543] INFO  server.AbstractConnector (AbstractConnector.java:doStop(318)) - Stopped ServerConnector@635e9457{HTTP/1.1,[http/1.1]}{0.0.0.0:0}
2019-09-25 07:19:13,966 [Thread-543] INFO  handler.ContextHandler (ContextHandler.java:doStop(910)) - Stopped o.e.j.s.ServletContextHandler@617f9b3b{/static,jar:file:/home/user/.m2/repository/org/apache/hadoop/hadoop-hdds-container-service/0.5.0-SNAPSHOT/hadoop-hdds-container-service-0.5.0-SNAPSHOT.jar!/webapps/static,UNAVAILABLE}
2019-09-25 07:19:13,966 [Thread-543] INFO  handler.ContextHandler (ContextHandler.java:doStop(910)) - Stopped o.e.j.s.ServletContextHandler@13faab66{/logs,file:///workdir/hadoop-ozone/ozonefs/target/log,UNAVAILABLE}
2019-09-25 07:19:14,655 [Datanode State Machine Thread - 0] INFO  statemachine.DatanodeStateMachine (DatanodeStateMachine.java:lambda$startDaemon$0(350)) - Ozone container server started.
2019-09-25 07:19:18,964 [ForkJoinPool.commonPool-worker-0] INFO  ozoneimpl.OzoneContainer (OzoneContainer.java:stop(231)) - Attempting to stop container services.
2019-09-25 07:19:18,965 [ForkJoinPool.commonPool-worker-0] INFO  impl.RaftServerProxy (RaftServerProxy.java:lambda$close$4(314)) - b6d16c04-1efb-41d0-8f30-e52b02e93617: close
2019-09-25 07:19:18,965 [ForkJoinPool.commonPool-worker-0] INFO  impl.RaftServerImpl (RaftServerImpl.java:lambda$shutdown$3(251)) - b6d16c04-1efb-41d0-8f30-e52b02e93617@group-2ADA5F1B4CF6: shutdown
2019-09-25 07:19:18,966 [ForkJoinPool.commonPool-worker-0] INFO  util.JmxRegister (JmxRegister.java:unregister(73)) - Successfully un-registered JMX Bean with object name Ratis:service=RaftServer,group=group-2ADA5F1B4CF6,id=b6d16c04-1efb-41d0-8f30-e52b02e93617
2019-09-25 07:19:18,966 [ForkJoinPool.commonPool-worker-0] INFO  impl.RoleInfo (RoleInfo.java:shutdownLeaderState(104)) - b6d16c04-1efb-41d0-8f30-e52b02e93617: shutdown LeaderState
2019-09-25 07:19:18,966 [ForkJoinPool.commonPool-worker-0] INFO  impl.PendingRequests (PendingRequests.java:sendNotLeaderResponses(202)) - b6d16c04-1efb-41d0-8f30-e52b02e93617-PendingRequests: sendNotLeaderResponses
2019-09-25 07:19:18,967 [ForkJoinPool.commonPool-worker-0] INFO  impl.StateMachineUpdater (StateMachineUpdater.java:stopAndJoin(125)) - b6d16c04-1efb-41d0-8f30-e52b02e93617@group-2ADA5F1B4CF6-StateMachineUpdater: set stopIndex = 0
2019-09-25 07:19:18,967 [ForkJoinPool.commonPool-worker-0] INFO  impl.RaftServerImpl (ServerState.java:close(385)) - b6d16c04-1efb-41d0-8f30-e52b02e93617@group-2ADA5F1B4CF6: closes. applyIndex: 0
2019-09-25 07:19:18,968 [b6d16c04-1efb-41d0-8f30-e52b02e93617@group-2ADA5F1B4CF6-SegmentedRaftLogWorker] INFO  segmented.SegmentedRaftLogWorker (SegmentedRaftLogWorker.java:run(313)) - b6d16c04-1efb-41d0-8f30-e52b02e93617@group-2ADA5F1B4CF6-SegmentedRaftLogWorker was interrupted, exiting. There are 0 tasks remaining in the queue.
2019-09-25 07:19:18,968 [ForkJoinPool.commonPool-worker-0] INFO  segmented.SegmentedRaftLogWorker (SegmentedRaftLogWorker.java:close(228)) - b6d16c04-1efb-41d0-8f30-e52b02e93617@group-2ADA5F1B4CF6-SegmentedRaftLogWorker close()
2019-09-25 07:19:18,970 [ForkJoinPool.commonPool-worker-0] INFO  impl.RaftServerImpl (RaftServerImpl.java:lambda$shutdown$3(251)) - b6d16c04-1efb-41d0-8f30-e52b02e93617@group-7A625F68D2A1: shutdown
2019-09-25 07:19:18,971 [ForkJoinPool.commonPool-worker-0] INFO  util.JmxRegister (JmxRegister.java:unregister(73)) - Successfully un-registered JMX Bean with object name Ratis:service=RaftServer,group=group-7A625F68D2A1,id=b6d16c04-1efb-41d0-8f30-e52b02e93617
2019-09-25 07:19:18,971 [ForkJoinPool.commonPool-worker-0] INFO  impl.RoleInfo (RoleInfo.java:shutdownLeaderState(104)) - b6d16c04-1efb-41d0-8f30-e52b02e93617: shutdown LeaderState
2019-09-25 07:19:18,971 [ForkJoinPool.commonPool-worker-0] INFO  impl.PendingRequests (PendingRequests.java:sendNotLeaderResponses(202)) - b6d16c04-1efb-41d0-8f30-e52b02e93617-PendingRequests: sendNotLeaderResponses
2019-09-25 07:19:18,972 [ForkJoinPool.commonPool-worker-0] INFO  impl.StateMachineUpdater (StateMachineUpdater.java:stopAndJoin(125)) - b6d16c04-1efb-41d0-8f30-e52b02e93617@group-7A625F68D2A1-StateMachineUpdater: set stopIndex = 0
2019-09-25 07:19:18,972 [ForkJoinPool.commonPool-worker-0] INFO  impl.RaftServerImpl (ServerState.java:close(385)) - b6d16c04-1efb-41d0-8f30-e52b02e93617@group-7A625F68D2A1: closes. applyIndex: 0
2019-09-25 07:19:18,973 [b6d16c04-1efb-41d0-8f30-e52b02e93617@group-7A625F68D2A1-SegmentedRaftLogWorker] INFO  segmented.SegmentedRaftLogWorker (SegmentedRaftLogWorker.java:run(313)) - b6d16c04-1efb-41d0-8f30-e52b02e93617@group-7A625F68D2A1-SegmentedRaftLogWorker was interrupted, exiting. There are 0 tasks remaining in the queue.
2019-09-25 07:19:18,980 [ForkJoinPool.commonPool-worker-0] INFO  segmented.SegmentedRaftLogWorker (SegmentedRaftLogWorker.java:close(228)) - b6d16c04-1efb-41d0-8f30-e52b02e93617@group-7A625F68D2A1-SegmentedRaftLogWorker close()
2019-09-25 07:19:18,982 [ForkJoinPool.commonPool-worker-0] INFO  impl.RaftServerImpl (RaftServerImpl.java:lambda$shutdown$3(251)) - b6d16c04-1efb-41d0-8f30-e52b02e93617@group-DFDEF5EBD769: shutdown
2019-09-25 07:19:18,983 [ForkJoinPool.commonPool-worker-0] INFO  util.JmxRegister (JmxRegister.java:unregister(73)) - Successfully un-registered JMX Bean with object name Ratis:service=RaftServer,group=group-DFDEF5EBD769,id=b6d16c04-1efb-41d0-8f30-e52b02e93617
2019-09-25 07:19:18,983 [ForkJoinPool.commonPool-worker-0] INFO  impl.RoleInfo (RoleInfo.java:shutdownLeaderState(104)) - b6d16c04-1efb-41d0-8f30-e52b02e93617: shutdown LeaderState
2019-09-25 07:19:18,983 [ForkJoinPool.commonPool-worker-0] INFO  impl.PendingRequests (PendingRequests.java:sendNotLeaderResponses(202)) - b6d16c04-1efb-41d0-8f30-e52b02e93617-PendingRequests: sendNotLeaderResponses
2019-09-25 07:19:18,984 [ForkJoinPool.commonPool-worker-0] INFO  impl.StateMachineUpdater (StateMachineUpdater.java:stopAndJoin(125)) - b6d16c04-1efb-41d0-8f30-e52b02e93617@group-DFDEF5EBD769-StateMachineUpdater: set stopIndex = 0
2019-09-25 07:19:18,984 [ForkJoinPool.commonPool-worker-0] INFO  impl.RaftServerImpl (ServerState.java:close(385)) - b6d16c04-1efb-41d0-8f30-e52b02e93617@group-DFDEF5EBD769: closes. applyIndex: 0
2019-09-25 07:19:18,984 [b6d16c04-1efb-41d0-8f30-e52b02e93617@group-DFDEF5EBD769-SegmentedRaftLogWorker] INFO  segmented.SegmentedRaftLogWorker (SegmentedRaftLogWorker.java:run(313)) - b6d16c04-1efb-41d0-8f30-e52b02e93617@group-DFDEF5EBD769-SegmentedRaftLogWorker was interrupted, exiting. There are 0 tasks remaining in the queue.
2019-09-25 07:19:18,985 [ForkJoinPool.commonPool-worker-0] INFO  segmented.SegmentedRaftLogWorker (SegmentedRaftLogWorker.java:close(228)) - b6d16c04-1efb-41d0-8f30-e52b02e93617@group-DFDEF5EBD769-SegmentedRaftLogWorker close()
2019-09-25 07:19:18,986 [ForkJoinPool.commonPool-worker-0] INFO  impl.RaftServerImpl (RaftServerImpl.java:lambda$shutdown$3(251)) - b6d16c04-1efb-41d0-8f30-e52b02e93617@group-2149A8F81929: shutdown
2019-09-25 07:19:18,986 [ForkJoinPool.commonPool-worker-0] INFO  util.JmxRegister (JmxRegister.java:unregister(73)) - Successfully un-registered JMX Bean with object name Ratis:service=RaftServer,group=group-2149A8F81929,id=b6d16c04-1efb-41d0-8f30-e52b02e93617
2019-09-25 07:19:18,987 [ForkJoinPool.commonPool-worker-0] INFO  impl.RoleInfo (RoleInfo.java:shutdownLeaderState(104)) - b6d16c04-1efb-41d0-8f30-e52b02e93617: shutdown LeaderState
2019-09-25 07:19:18,987 [ForkJoinPool.commonPool-worker-0] INFO  impl.PendingRequests (PendingRequests.java:sendNotLeaderResponses(202)) - b6d16c04-1efb-41d0-8f30-e52b02e93617-PendingRequests: sendNotLeaderResponses
2019-09-25 07:19:18,987 [ForkJoinPool.commonPool-worker-0] INFO  impl.StateMachineUpdater (StateMachineUpdater.java:stopAndJoin(125)) - b6d16c04-1efb-41d0-8f30-e52b02e93617@group-2149A8F81929-StateMachineUpdater: set stopIndex = 0
2019-09-25 07:19:18,988 [ForkJoinPool.commonPool-worker-0] INFO  impl.RaftServerImpl (ServerState.java:close(385)) - b6d16c04-1efb-41d0-8f30-e52b02e93617@group-2149A8F81929: closes. applyIndex: 0
2019-09-25 07:19:18,988 [b6d16c04-1efb-41d0-8f30-e52b02e93617@group-2149A8F81929-SegmentedRaftLogWorker] INFO  segmented.SegmentedRaftLogWorker (SegmentedRaftLogWorker.java:run(313)) - b6d16c04-1efb-41d0-8f30-e52b02e93617@group-2149A8F81929-SegmentedRaftLogWorker was interrupted, exiting. There are 0 tasks remaining in the queue.
2019-09-25 07:19:18,989 [ForkJoinPool.commonPool-worker-0] INFO  segmented.SegmentedRaftLogWorker (SegmentedRaftLogWorker.java:close(228)) - b6d16c04-1efb-41d0-8f30-e52b02e93617@group-2149A8F81929-SegmentedRaftLogWorker close()
2019-09-25 07:19:18,991 [ForkJoinPool.commonPool-worker-0] INFO  impl.RaftServerImpl (RaftServerImpl.java:lambda$shutdown$3(251)) - b6d16c04-1efb-41d0-8f30-e52b02e93617@group-C55CF425F5E9: shutdown
2019-09-25 07:19:18,991 [ForkJoinPool.commonPool-worker-0] INFO  util.JmxRegister (JmxRegister.java:unregister(73)) - Successfully un-registered JMX Bean with object name Ratis:service=RaftServer,group=group-C55CF425F5E9,id=b6d16c04-1efb-41d0-8f30-e52b02e93617
2019-09-25 07:19:18,991 [ForkJoinPool.commonPool-worker-0] INFO  impl.RoleInfo (RoleInfo.java:shutdownLeaderState(104)) - b6d16c04-1efb-41d0-8f30-e52b02e93617: shutdown LeaderState
2019-09-25 07:19:18,992 [ForkJoinPool.commonPool-worker-0] INFO  impl.PendingRequests (PendingRequests.java:sendNotLeaderResponses(202)) - b6d16c04-1efb-41d0-8f30-e52b02e93617-PendingRequests: sendNotLeaderResponses
2019-09-25 07:19:18,992 [ForkJoinPool.commonPool-worker-0] INFO  impl.StateMachineUpdater (StateMachineUpdater.java:stopAndJoin(125)) - b6d16c04-1efb-41d0-8f30-e52b02e93617@group-C55CF425F5E9-StateMachineUpdater: set stopIndex = 0
2019-09-25 07:19:18,993 [ForkJoinPool.commonPool-worker-0] INFO  impl.RaftServerImpl (ServerState.java:close(385)) - b6d16c04-1efb-41d0-8f30-e52b02e93617@group-C55CF425F5E9: closes. applyIndex: 0
2019-09-25 07:19:18,993 [b6d16c04-1efb-41d0-8f30-e52b02e93617@group-C55CF425F5E9-SegmentedRaftLogWorker] INFO  segmented.SegmentedRaftLogWorker (SegmentedRaftLogWorker.java:run(313)) - b6d16c04-1efb-41d0-8f30-e52b02e93617@group-C55CF425F5E9-SegmentedRaftLogWorker was interrupted, exiting. There are 0 tasks remaining in the queue.
2019-09-25 07:19:18,994 [ForkJoinPool.commonPool-worker-0] INFO  segmented.SegmentedRaftLogWorker (SegmentedRaftLogWorker.java:close(228)) - b6d16c04-1efb-41d0-8f30-e52b02e93617@group-C55CF425F5E9-SegmentedRaftLogWorker close()
2019-09-25 07:19:18,996 [ForkJoinPool.commonPool-worker-0] INFO  impl.RaftServerImpl (RaftServerImpl.java:lambda$shutdown$3(251)) - b6d16c04-1efb-41d0-8f30-e52b02e93617@group-A2D66C29A9AE: shutdown
2019-09-25 07:19:18,996 [ForkJoinPool.commonPool-worker-0] INFO  util.JmxRegister (JmxRegister.java:unregister(73)) - Successfully un-registered JMX Bean with object name Ratis:service=RaftServer,group=group-A2D66C29A9AE,id=b6d16c04-1efb-41d0-8f30-e52b02e93617
2019-09-25 07:19:18,996 [ForkJoinPool.commonPool-worker-0] INFO  impl.RoleInfo (RoleInfo.java:shutdownLeaderState(104)) - b6d16c04-1efb-41d0-8f30-e52b02e93617: shutdown LeaderState
2019-09-25 07:19:18,997 [ForkJoinPool.commonPool-worker-0] INFO  impl.PendingRequests (PendingRequests.java:sendNotLeaderResponses(202)) - b6d16c04-1efb-41d0-8f30-e52b02e93617-PendingRequests: sendNotLeaderResponses
2019-09-25 07:19:18,997 [ForkJoinPool.commonPool-worker-0] INFO  impl.StateMachineUpdater (StateMachineUpdater.java:stopAndJoin(125)) - b6d16c04-1efb-41d0-8f30-e52b02e93617@group-A2D66C29A9AE-StateMachineUpdater: set stopIndex = 0
2019-09-25 07:19:18,998 [ForkJoinPool.commonPool-worker-0] INFO  impl.RaftServerImpl (ServerState.java:close(385)) - b6d16c04-1efb-41d0-8f30-e52b02e93617@group-A2D66C29A9AE: closes. applyIndex: 0
2019-09-25 07:19:18,998 [b6d16c04-1efb-41d0-8f30-e52b02e93617@group-A2D66C29A9AE-SegmentedRaftLogWorker] INFO  segmented.SegmentedRaftLogWorker (SegmentedRaftLogWorker.java:run(313)) - b6d16c04-1efb-41d0-8f30-e52b02e93617@group-A2D66C29A9AE-SegmentedRaftLogWorker was interrupted, exiting. There are 0 tasks remaining in the queue.
2019-09-25 07:19:18,999 [ForkJoinPool.commonPool-worker-0] INFO  segmented.SegmentedRaftLogWorker (SegmentedRaftLogWorker.java:close(228)) - b6d16c04-1efb-41d0-8f30-e52b02e93617@group-A2D66C29A9AE-SegmentedRaftLogWorker close()
2019-09-25 07:19:19,001 [ForkJoinPool.commonPool-worker-0] INFO  server.GrpcService (GrpcService.java:closeImpl(164)) - b6d16c04-1efb-41d0-8f30-e52b02e93617: shutdown server with port 43139 now
2019-09-25 07:19:19,003 [ForkJoinPool.commonPool-worker-0] INFO  server.GrpcService (GrpcService.java:closeImpl(172)) - b6d16c04-1efb-41d0-8f30-e52b02e93617: shutdown server with port 43139 successfully
2019-09-25 07:19:19,009 [refreshUsed-/workdir/hadoop-ozone/ozonefs/target/test-dir/MiniOzoneClusterImpl-53079864-2865-418d-b675-7621d58e8da0/datanode-2/data/containers] WARN  fs.CachingGetSpaceUsed (CachingGetSpaceUsed.java:run(183)) - Thread Interrupted waiting to refresh disk information: sleep interrupted
2019-09-25 07:19:19,039 [ForkJoinPool.commonPool-worker-0] INFO  utils.BackgroundService (BackgroundService.java:shutdown(148)) - Shutting down service BlockDeletingService
2019-09-25 07:19:19,043 [ForkJoinPool.commonPool-worker-0] INFO  statemachine.DatanodeStateMachine (DatanodeStateMachine.java:stopDaemon(395)) - Ozone container server stopped.
2019-09-25 07:19:19,047 [ForkJoinPool.commonPool-worker-0] INFO  handler.ContextHandler (ContextHandler.java:doStop(910)) - Stopped o.e.j.w.WebAppContext@4f20b7cf{/,null,UNAVAILABLE}{/hddsDatanode}
2019-09-25 07:19:19,047 [ForkJoinPool.commonPool-worker-0] INFO  server.AbstractConnector (AbstractConnector.java:doStop(318)) - Stopped ServerConnector@643ae3c5{HTTP/1.1,[http/1.1]}{0.0.0.0:0}
2019-09-25 07:19:19,048 [ForkJoinPool.commonPool-worker-0] INFO  handler.ContextHandler (ContextHandler.java:doStop(910)) - Stopped o.e.j.s.ServletContextHandler@745321f8{/static,jar:file:/home/user/.m2/repository/org/apache/hadoop/hadoop-hdds-container-service/0.5.0-SNAPSHOT/hadoop-hdds-container-service-0.5.0-SNAPSHOT.jar!/webapps/static,UNAVAILABLE}
2019-09-25 07:19:19,050 [ForkJoinPool.commonPool-worker-0] INFO  handler.ContextHandler (ContextHandler.java:doStop(910)) - Stopped o.e.j.s.ServletContextHandler@4edb68c4{/logs,file:///workdir/hadoop-ozone/ozonefs/target/log,UNAVAILABLE}
2019-09-25 07:19:19,051 [Thread-543] INFO  ozone.MiniOzoneClusterImpl (MiniOzoneClusterImpl.java:stopSCM(392)) - Stopping the StorageContainerManager
2019-09-25 07:19:19,051 [Thread-543] INFO  server.StorageContainerManager (StorageContainerManager.java:stop(808)) - Stopping Replication Manager Service.
2019-09-25 07:19:19,051 [Thread-543] INFO  container.ReplicationManager (ReplicationManager.java:stop(204)) - Stopping Replication Monitor Thread.
2019-09-25 07:19:19,052 [Thread-543] INFO  server.StorageContainerManager (StorageContainerManager.java:stop(815)) - Stopping Lease Manager of the command watchers
2019-09-25 07:19:19,052 [Thread-543] INFO  server.StorageContainerManager (StorageContainerManager.java:stop(822)) - Stopping datanode service RPC server
2019-09-25 07:19:19,052 [Thread-543] INFO  server.SCMDatanodeProtocolServer (SCMDatanodeProtocolServer.java:stop(367)) - Stopping the RPC server for DataNodes
2019-09-25 07:19:19,052 [Thread-543] INFO  ipc.Server (Server.java:stop(3082)) - Stopping server on 43360
2019-09-25 07:19:19,054 [IPC Server listener on 43360] INFO  ipc.Server (Server.java:run(1185)) - Stopping IPC Server listener on 43360
2019-09-25 07:19:19,054 [IPC Server Responder] INFO  ipc.Server (Server.java:run(1319)) - Stopping IPC Server Responder
2019-09-25 07:19:19,066 [SCM Heartbeat Processing Thread - 0] WARN  node.NodeStateManager (NodeStateManager.java:scheduleNextHealthCheck(655)) - Current Thread is interrupted, shutting down HB processing thread for Node Manager.
2019-09-25 07:19:19,066 [Thread-543] INFO  server.StorageContainerManager (StorageContainerManager.java:stop(830)) - Stopping block service RPC server
2019-09-25 07:19:19,066 [Thread-543] INFO  server.SCMBlockProtocolServer (SCMBlockProtocolServer.java:stop(155)) - Stopping the RPC server for Block Protocol
2019-09-25 07:19:19,067 [Thread-543] INFO  ipc.Server (Server.java:stop(3082)) - Stopping server on 45871
2019-09-25 07:19:19,069 [Thread-543] INFO  server.StorageContainerManager (StorageContainerManager.java:stop(837)) - Stopping the StorageContainerLocationProtocol RPC server
2019-09-25 07:19:19,069 [IPC Server Responder] INFO  ipc.Server (Server.java:run(1319)) - Stopping IPC Server Responder
2019-09-25 07:19:19,069 [Thread-543] INFO  server.SCMClientProtocolServer (SCMClientProtocolServer.java:stop(159)) - Stopping the RPC server for Client Protocol
2019-09-25 07:19:19,069 [Thread-543] INFO  ipc.Server (Server.java:stop(3082)) - Stopping server on 44168
2019-09-25 07:19:19,069 [IPC Server listener on 45871] INFO  ipc.Server (Server.java:run(1185)) - Stopping IPC Server listener on 45871
2019-09-25 07:19:19,071 [IPC Server listener on 44168] INFO  ipc.Server (Server.java:run(1185)) - Stopping IPC Server listener on 44168
2019-09-25 07:19:19,071 [Thread-543] INFO  server.StorageContainerManager (StorageContainerManager.java:stop(844)) - Stopping Storage Container Manager HTTP server.
2019-09-25 07:19:19,071 [IPC Server Responder] INFO  ipc.Server (Server.java:run(1319)) - Stopping IPC Server Responder
2019-09-25 07:19:19,075 [Thread-543] INFO  handler.ContextHandler (ContextHandler.java:doStop(910)) - Stopped o.e.j.w.WebAppContext@712d3cd{/,null,UNAVAILABLE}{/scm}
2019-09-25 07:19:19,076 [Thread-543] INFO  server.AbstractConnector (AbstractConnector.java:doStop(318)) - Stopped ServerConnector@e5e8712{HTTP/1.1,[http/1.1]}{0.0.0.0:0}
2019-09-25 07:19:19,076 [Thread-543] INFO  handler.ContextHandler (ContextHandler.java:doStop(910)) - Stopped o.e.j.s.ServletContextHandler@78aeaa79{/static,jar:file:/home/user/.m2/repository/org/apache/hadoop/hadoop-hdds-server-scm/0.5.0-SNAPSHOT/hadoop-hdds-server-scm-0.5.0-SNAPSHOT.jar!/webapps/static,UNAVAILABLE}
2019-09-25 07:19:19,077 [Thread-543] INFO  handler.ContextHandler (ContextHandler.java:doStop(910)) - Stopped o.e.j.s.ServletContextHandler@76f47547{/logs,file:///workdir/hadoop-ozone/ozonefs/target/log,UNAVAILABLE}
2019-09-25 07:19:19,077 [Thread-543] INFO  server.StorageContainerManager (StorageContainerManager.java:stop(855)) - Stopping Block Manager Service.
2019-09-25 07:19:19,078 [Thread-543] INFO  utils.BackgroundService (BackgroundService.java:shutdown(148)) - Shutting down service SCMBlockDeletingService
2019-09-25 07:19:19,078 [Thread-543] INFO  utils.BackgroundService (BackgroundService.java:shutdown(148)) - Shutting down service SCMBlockDeletingService
2019-09-25 07:19:19,078 [Thread-543] INFO  server.StorageContainerManager (StorageContainerManager.java:stop(877)) - Stopping SCM Event Queue.
2019-09-25 07:19:19,083 [Thread-543] INFO  impl.MetricsSystemImpl (MetricsSystemImpl.java:stop(210)) - Stopping HddsDatanode metrics system...
2019-09-25 07:19:19,092 [Thread-543] INFO  impl.MetricsSystemImpl (MetricsSystemImpl.java:stop(216)) - HddsDatanode metrics system stopped.
]]></system-out>
  </testcase>
  <testcase name="testListStatus" classname="org.apache.hadoop.fs.ozone.TestOzoneFileSystem" time="17.131">
    <error message="Allocated 0 blocks. Requested 1 blocks" type="INTERNAL_ERROR org.apache.hadoop.ozone.om.exceptions.OMException">INTERNAL_ERROR org.apache.hadoop.ozone.om.exceptions.OMException: Allocated 0 blocks. Requested 1 blocks
	at org.apache.hadoop.ozone.om.protocolPB.OzoneManagerProtocolClientSideTranslatorPB.handleError(OzoneManagerProtocolClientSideTranslatorPB.java:732)
	at org.apache.hadoop.ozone.om.protocolPB.OzoneManagerProtocolClientSideTranslatorPB.createFile(OzoneManagerProtocolClientSideTranslatorPB.java:1536)
	at sun.reflect.NativeMethodAccessorImpl.invoke0(Native Method)
	at sun.reflect.NativeMethodAccessorImpl.invoke(NativeMethodAccessorImpl.java:62)
	at sun.reflect.DelegatingMethodAccessorImpl.invoke(DelegatingMethodAccessorImpl.java:43)
	at java.lang.reflect.Method.invoke(Method.java:498)
	at org.apache.hadoop.hdds.tracing.TraceAllMethod.invoke(TraceAllMethod.java:66)
	at com.sun.proxy.$Proxy38.createFile(Unknown Source)
	at org.apache.hadoop.ozone.client.rpc.RpcClient.createFile(RpcClient.java:1006)
	at org.apache.hadoop.ozone.client.OzoneBucket.createFile(OzoneBucket.java:537)
	at org.apache.hadoop.fs.ozone.BasicOzoneClientAdapterImpl.createFile(BasicOzoneClientAdapterImpl.java:205)
	at org.apache.hadoop.fs.ozone.BasicOzoneFileSystem.createOutputStream(BasicOzoneFileSystem.java:250)
	at org.apache.hadoop.fs.ozone.BasicOzoneFileSystem.create(BasicOzoneFileSystem.java:231)
	at org.apache.hadoop.fs.FileSystem.create(FileSystem.java:1118)
	at org.apache.hadoop.fs.FileSystem.create(FileSystem.java:1098)
	at org.apache.hadoop.fs.FileSystem.create(FileSystem.java:987)
	at org.apache.hadoop.fs.contract.ContractTestUtils.createFile(ContractTestUtils.java:633)
	at org.apache.hadoop.fs.contract.ContractTestUtils.touch(ContractTestUtils.java:669)
	at org.apache.hadoop.fs.ozone.TestOzoneFileSystem.testListStatus(TestOzoneFileSystem.java:159)
	at sun.reflect.NativeMethodAccessorImpl.invoke0(Native Method)
	at sun.reflect.NativeMethodAccessorImpl.invoke(NativeMethodAccessorImpl.java:62)
	at sun.reflect.DelegatingMethodAccessorImpl.invoke(DelegatingMethodAccessorImpl.java:43)
	at java.lang.reflect.Method.invoke(Method.java:498)
	at org.junit.runners.model.FrameworkMethod$1.runReflectiveCall(FrameworkMethod.java:47)
	at org.junit.internal.runners.model.ReflectiveCallable.run(ReflectiveCallable.java:12)
	at org.junit.runners.model.FrameworkMethod.invokeExplosively(FrameworkMethod.java:44)
	at org.junit.internal.runners.statements.InvokeMethod.evaluate(InvokeMethod.java:17)
	at org.junit.internal.runners.statements.RunBefores.evaluate(RunBefores.java:26)
	at org.junit.internal.runners.statements.RunAfters.evaluate(RunAfters.java:27)
	at org.junit.internal.runners.statements.FailOnTimeout$StatementThread.run(FailOnTimeout.java:74)
</error>
    <system-out><![CDATA[2019-09-25 07:19:19,152 [Thread-810] WARN  server.ServerUtils (ServerUtils.java:getScmDbDir(145)) - ozone.scm.db.dirs is not configured. We recommend adding this setting. Falling back to ozone.metadata.dirs instead.
2019-09-25 07:19:19,166 [Thread-810] WARN  server.ServerUtils (ServerUtils.java:getScmDbDir(145)) - ozone.scm.db.dirs is not configured. We recommend adding this setting. Falling back to ozone.metadata.dirs instead.
2019-09-25 07:19:19,167 [Thread-810] WARN  server.ServerUtils (ServerUtils.java:getScmDbDir(145)) - ozone.scm.db.dirs is not configured. We recommend adding this setting. Falling back to ozone.metadata.dirs instead.
2019-09-25 07:19:19,167 [Thread-810] INFO  db.DBStoreBuilder (DBStoreBuilder.java:addTable(110)) - using custom profile for table: deletedBlocks
2019-09-25 07:19:19,167 [Thread-810] INFO  db.DBStoreBuilder (DBStoreBuilder.java:processTables(161)) - Using default column profile:DBProfile.DISK for Table:deletedBlocks
2019-09-25 07:19:19,168 [Thread-810] INFO  db.DBStoreBuilder (DBStoreBuilder.java:addTable(110)) - using custom profile for table: validCerts
2019-09-25 07:19:19,168 [Thread-810] INFO  db.DBStoreBuilder (DBStoreBuilder.java:processTables(161)) - Using default column profile:DBProfile.DISK for Table:validCerts
2019-09-25 07:19:19,168 [Thread-810] INFO  db.DBStoreBuilder (DBStoreBuilder.java:addTable(110)) - using custom profile for table: revokedCerts
2019-09-25 07:19:19,168 [Thread-810] INFO  db.DBStoreBuilder (DBStoreBuilder.java:processTables(161)) - Using default column profile:DBProfile.DISK for Table:revokedCerts
2019-09-25 07:19:19,168 [Thread-810] INFO  db.DBStoreBuilder (DBStoreBuilder.java:addTable(110)) - using custom profile for table: default
2019-09-25 07:19:19,168 [Thread-810] INFO  db.DBStoreBuilder (DBStoreBuilder.java:processTables(167)) - Using default column profile:DBProfile.DISK for Table:default
2019-09-25 07:19:19,169 [Thread-810] INFO  db.DBStoreBuilder (DBStoreBuilder.java:getDbProfile(198)) - Using default options. DBProfile.DISK
2019-09-25 07:19:19,325 [Thread-810] INFO  net.NodeSchemaLoader (NodeSchemaLoader.java:loadSchemaFromFile(125)) - Loading file from sun.misc.CompoundEnumeration@36cc5552
2019-09-25 07:19:19,326 [Thread-810] INFO  net.NodeSchemaLoader (NodeSchemaLoader.java:loadSchema(171)) - Loading network topology layer schema file
2019-09-25 07:19:19,331 [Thread-810] WARN  server.ServerUtils (ServerUtils.java:sanitizeUserArgs(70)) - ozone.scm.stale.node.interval value = 300000 is larger than max = 100000 based on the key value of ozone.scm.heartbeat.thread.interval, reset to the max value 100000.
2019-09-25 07:19:19,331 [Thread-810] WARN  server.ServerUtils (ServerUtils.java:sanitizeUserArgs(70)) - ozone.scm.stale.node.interval value = 300000 is larger than max = 100000 based on the key value of ozone.scm.heartbeat.thread.interval, reset to the max value 100000.
2019-09-25 07:19:19,331 [Thread-810] INFO  node.SCMNodeManager (SCMNodeManager.java:<init>(114)) - Entering startup safe mode.
2019-09-25 07:19:19,332 [Thread-810] INFO  algorithms.ContainerPlacementPolicyFactory (ContainerPlacementPolicyFactory.java:getPolicy(59)) - Create container placement policy of type org.apache.hadoop.hdds.scm.container.placement.algorithms.SCMContainerPlacementRandom
2019-09-25 07:19:19,332 [Thread-810] WARN  server.ServerUtils (ServerUtils.java:getScmDbDir(145)) - ozone.scm.db.dirs is not configured. We recommend adding this setting. Falling back to ozone.metadata.dirs instead.
2019-09-25 07:19:19,384 [Thread-810] INFO  pipeline.SCMPipelineManager (SCMPipelineManager.java:initializePipelineState(132)) - No pipeline exists in current db
2019-09-25 07:19:19,384 [Thread-810] WARN  server.ServerUtils (ServerUtils.java:getScmDbDir(145)) - ozone.scm.db.dirs is not configured. We recommend adding this setting. Falling back to ozone.metadata.dirs instead.
2019-09-25 07:19:19,435 [Thread-810] WARN  events.EventQueue (EventQueue.java:fireEvent(183)) - No event handler registered for event TypedEvent{payloadType=SafeModeStatus, name='SafeModeStatus'}
2019-09-25 07:19:19,436 [Thread-810] INFO  ipc.CallQueueManager (CallQueueManager.java:<init>(84)) - Using callQueue: class java.util.concurrent.LinkedBlockingQueue, queueCapacity: 2000, scheduler: class org.apache.hadoop.ipc.DefaultRpcScheduler, ipcBackoff: false.
2019-09-25 07:19:19,437 [Socket Reader #1 for port 40027] INFO  ipc.Server (Server.java:run(1074)) - Starting Socket Reader #1 for port 40027
2019-09-25 07:19:19,439 [Thread-810] INFO  ipc.CallQueueManager (CallQueueManager.java:<init>(84)) - Using callQueue: class java.util.concurrent.LinkedBlockingQueue, queueCapacity: 2000, scheduler: class org.apache.hadoop.ipc.DefaultRpcScheduler, ipcBackoff: false.
2019-09-25 07:19:19,440 [Socket Reader #1 for port 42726] INFO  ipc.Server (Server.java:run(1074)) - Starting Socket Reader #1 for port 42726
2019-09-25 07:19:19,442 [Thread-810] INFO  ipc.CallQueueManager (CallQueueManager.java:<init>(84)) - Using callQueue: class java.util.concurrent.LinkedBlockingQueue, queueCapacity: 2000, scheduler: class org.apache.hadoop.ipc.DefaultRpcScheduler, ipcBackoff: false.
2019-09-25 07:19:19,443 [Socket Reader #1 for port 42590] INFO  ipc.Server (Server.java:run(1074)) - Starting Socket Reader #1 for port 42590
2019-09-25 07:19:19,445 [Thread-810] INFO  hdfs.DFSUtil (DFSUtil.java:httpServerTemplateForNNAndJN(1641)) - Starting Web-server for scm at: http://0.0.0.0:0
2019-09-25 07:19:19,449 [Thread-810] INFO  server.AuthenticationFilter (AuthenticationFilter.java:constructSecretProvider(240)) - Unable to initialize FileSignerSecretProvider, falling back to use random secrets.
2019-09-25 07:19:19,450 [Thread-810] WARN  http.HttpRequestLog (HttpRequestLog.java:getRequestLog(97)) - Jetty request log can only be enabled using Log4j
2019-09-25 07:19:19,453 [Thread-810] INFO  http.HttpServer2 (HttpServer2.java:addGlobalFilter(975)) - Added global filter 'safety' (class=org.apache.hadoop.http.HttpServer2$QuotingInputFilter)
2019-09-25 07:19:19,454 [Thread-810] INFO  http.HttpServer2 (HttpServer2.java:addFilter(948)) - Added filter static_user_filter (class=org.apache.hadoop.http.lib.StaticUserWebFilter$StaticUserFilter) to context scm
2019-09-25 07:19:19,455 [Thread-810] INFO  http.HttpServer2 (HttpServer2.java:addFilter(958)) - Added filter static_user_filter (class=org.apache.hadoop.http.lib.StaticUserWebFilter$StaticUserFilter) to context static
2019-09-25 07:19:19,455 [Thread-810] INFO  http.HttpServer2 (HttpServer2.java:addFilter(958)) - Added filter static_user_filter (class=org.apache.hadoop.http.lib.StaticUserWebFilter$StaticUserFilter) to context logs
2019-09-25 07:19:19,458 [Thread-810] INFO  server.StorageContainerManager (StorageContainerManager.java:start(770)) - StorageContainerLocationProtocol RPC server is listening at /0.0.0.0:42590
2019-09-25 07:19:19,460 [Thread-810] WARN  impl.MetricsConfig (MetricsConfig.java:loadFirst(134)) - Cannot locate configuration: tried hadoop-metrics2-storagecontainermanager.properties,hadoop-metrics2.properties
2019-09-25 07:19:19,461 [Thread-810] INFO  impl.MetricsSystemImpl (MetricsSystemImpl.java:startTimer(374)) - Scheduled Metric snapshot period at 10 second(s).
2019-09-25 07:19:19,465 [Thread-810] INFO  impl.MetricsSystemImpl (MetricsSystemImpl.java:start(191)) - StorageContainerManager metrics system started
2019-09-25 07:19:19,509 [Thread-810] WARN  impl.MetricsSystemImpl (MetricsSystemImpl.java:register(276)) - Sink prometheus already exists!
2019-09-25 07:19:19,904 [Thread-810] INFO  server.SCMClientProtocolServer (SCMClientProtocolServer.java:start(151)) - RPC server for Client  is listening at /0.0.0.0:42590
2019-09-25 07:19:19,905 [IPC Server Responder] INFO  ipc.Server (Server.java:run(1314)) - IPC Server Responder: starting
2019-09-25 07:19:19,905 [IPC Server listener on 42590] INFO  ipc.Server (Server.java:run(1153)) - IPC Server listener on 42590: starting
2019-09-25 07:19:19,909 [Thread-810] INFO  server.StorageContainerManager (StorageContainerManager.java:start(780)) - ScmBlockLocationProtocol RPC server is listening at /0.0.0.0:42726
2019-09-25 07:19:19,910 [Thread-810] INFO  server.SCMBlockProtocolServer (SCMBlockProtocolServer.java:start(146)) - RPC server for Block Protocol is listening at /0.0.0.0:42726
2019-09-25 07:19:19,910 [IPC Server Responder] INFO  ipc.Server (Server.java:run(1314)) - IPC Server Responder: starting
2019-09-25 07:19:19,910 [IPC Server listener on 42726] INFO  ipc.Server (Server.java:run(1153)) - IPC Server listener on 42726: starting
2019-09-25 07:19:19,915 [Thread-810] INFO  server.StorageContainerManager (StorageContainerManager.java:start(784)) - ScmDatanodeProtocl RPC server is listening at /0.0.0.0:40027
2019-09-25 07:19:19,915 [Thread-810] INFO  server.SCMDatanodeProtocolServer (SCMDatanodeProtocolServer.java:start(191)) - RPC server for DataNodes is listening at /0.0.0.0:40027
2019-09-25 07:19:19,916 [IPC Server Responder] INFO  ipc.Server (Server.java:run(1314)) - IPC Server Responder: starting
2019-09-25 07:19:19,916 [IPC Server listener on 40027] INFO  ipc.Server (Server.java:run(1153)) - IPC Server listener on 40027: starting
2019-09-25 07:19:19,920 [Thread-810] INFO  http.HttpServer2 (HttpServer2.java:bindListener(1191)) - Jetty bound to port 40435
2019-09-25 07:19:19,921 [Thread-810] INFO  server.Server (Server.java:doStart(351)) - jetty-9.3.25.v20180904, build timestamp: 2018-09-04T21:11:46Z, git hash: 3ce520221d0240229c862b122d2b06c12a625732
2019-09-25 07:19:19,924 [Thread-810] INFO  handler.ContextHandler (ContextHandler.java:doStart(781)) - Started o.e.j.s.ServletContextHandler@497a69d0{/logs,file:///workdir/hadoop-ozone/ozonefs/target/log,AVAILABLE}
2019-09-25 07:19:19,924 [Thread-810] INFO  handler.ContextHandler (ContextHandler.java:doStart(781)) - Started o.e.j.s.ServletContextHandler@446df638{/static,jar:file:/home/user/.m2/repository/org/apache/hadoop/hadoop-hdds-server-scm/0.5.0-SNAPSHOT/hadoop-hdds-server-scm-0.5.0-SNAPSHOT.jar!/webapps/static,AVAILABLE}
2019-09-25 07:19:19,966 [Thread-810] INFO  handler.ContextHandler (ContextHandler.java:doStart(781)) - Started o.e.j.w.WebAppContext@2b856718{/,file:///tmp/jetty-0.0.0.0-40435-scm-_-any-4949505973626596594.dir/webapp/,AVAILABLE}{/scm}
2019-09-25 07:19:19,967 [Thread-810] INFO  server.AbstractConnector (AbstractConnector.java:doStart(278)) - Started ServerConnector@2ab77c75{HTTP/1.1,[http/1.1]}{0.0.0.0:40435}
2019-09-25 07:19:19,968 [Thread-810] INFO  server.Server (Server.java:doStart(419)) - Started @57488ms
2019-09-25 07:19:19,968 [Thread-810] WARN  impl.MetricsSystemImpl (MetricsSystemImpl.java:register(276)) - Sink prometheus already exists!
2019-09-25 07:19:19,969 [Thread-810] INFO  server.BaseHttpServer (BaseHttpServer.java:updateConnectorAddress(215)) - HTTP server of SCM is listening at http://0.0.0.0:40435
2019-09-25 07:19:19,973 [Thread-810] WARN  server.ServerUtils (ServerUtils.java:getDBPath(222)) - ozone.om.db.dirs is not configured. We recommend adding this setting. Falling back to ozone.metadata.dirs instead.
2019-09-25 07:19:19,973 [org.apache.hadoop.util.JvmPauseMonitor$Monitor@7864a3f9] INFO  util.JvmPauseMonitor (JvmPauseMonitor.java:run(188)) - Starting JVM pause monitor
2019-09-25 07:19:19,987 [Thread-810] WARN  server.ServerUtils (ServerUtils.java:getDBPath(222)) - ozone.om.db.dirs is not configured. We recommend adding this setting. Falling back to ozone.metadata.dirs instead.
2019-09-25 07:19:19,987 [Thread-810] WARN  server.ServerUtils (ServerUtils.java:getDBPath(222)) - ozone.om.db.dirs is not configured. We recommend adding this setting. Falling back to ozone.metadata.dirs instead.
2019-09-25 07:19:19,987 [Thread-810] INFO  om.OzoneManager (OzoneManager.java:setOMNodeDetails(652)) - OM Service ID is not set. Setting it to the default ID: omServiceIdDefault
2019-09-25 07:19:19,987 [Thread-810] INFO  om.OzoneManager (OzoneManager.java:setOMNodeDetails(658)) - OM Node ID is not set. Setting it to the OmStorage's OmID: 66de5da5-3cd1-4ba2-aa39-3e265b4fcfa0
2019-09-25 07:19:19,988 [Thread-810] INFO  om.OzoneManager (OzoneManager.java:loadOMHAConfigs(609)) - Found matching OM address with OMServiceId: null, OMNodeId: null, RPC Address: localhost:0 and Ratis port: 9872
2019-09-25 07:19:19,995 [Thread-810] WARN  server.ServerUtils (ServerUtils.java:getDBPath(222)) - ozone.om.db.dirs is not configured. We recommend adding this setting. Falling back to ozone.metadata.dirs instead.
2019-09-25 07:19:19,996 [Thread-810] INFO  db.DBStoreBuilder (DBStoreBuilder.java:addTable(110)) - using custom profile for table: userTable
2019-09-25 07:19:19,996 [Thread-810] INFO  db.DBStoreBuilder (DBStoreBuilder.java:processTables(161)) - Using default column profile:DBProfile.DISK for Table:userTable
2019-09-25 07:19:19,996 [Thread-810] INFO  db.DBStoreBuilder (DBStoreBuilder.java:addTable(110)) - using custom profile for table: volumeTable
2019-09-25 07:19:19,996 [Thread-810] INFO  db.DBStoreBuilder (DBStoreBuilder.java:processTables(161)) - Using default column profile:DBProfile.DISK for Table:volumeTable
2019-09-25 07:19:19,996 [Thread-810] INFO  db.DBStoreBuilder (DBStoreBuilder.java:addTable(110)) - using custom profile for table: bucketTable
2019-09-25 07:19:19,997 [Thread-810] INFO  db.DBStoreBuilder (DBStoreBuilder.java:processTables(161)) - Using default column profile:DBProfile.DISK for Table:bucketTable
2019-09-25 07:19:19,997 [Thread-810] INFO  db.DBStoreBuilder (DBStoreBuilder.java:addTable(110)) - using custom profile for table: keyTable
2019-09-25 07:19:19,997 [Thread-810] INFO  db.DBStoreBuilder (DBStoreBuilder.java:processTables(161)) - Using default column profile:DBProfile.DISK for Table:keyTable
2019-09-25 07:19:19,997 [Thread-810] INFO  db.DBStoreBuilder (DBStoreBuilder.java:addTable(110)) - using custom profile for table: deletedTable
2019-09-25 07:19:19,997 [Thread-810] INFO  db.DBStoreBuilder (DBStoreBuilder.java:processTables(161)) - Using default column profile:DBProfile.DISK for Table:deletedTable
2019-09-25 07:19:19,997 [Thread-810] INFO  db.DBStoreBuilder (DBStoreBuilder.java:addTable(110)) - using custom profile for table: openKeyTable
2019-09-25 07:19:19,997 [Thread-810] INFO  db.DBStoreBuilder (DBStoreBuilder.java:processTables(161)) - Using default column profile:DBProfile.DISK for Table:openKeyTable
2019-09-25 07:19:19,998 [Thread-810] INFO  db.DBStoreBuilder (DBStoreBuilder.java:addTable(110)) - using custom profile for table: s3Table
2019-09-25 07:19:19,998 [Thread-810] INFO  db.DBStoreBuilder (DBStoreBuilder.java:processTables(161)) - Using default column profile:DBProfile.DISK for Table:s3Table
2019-09-25 07:19:19,998 [Thread-810] INFO  db.DBStoreBuilder (DBStoreBuilder.java:addTable(110)) - using custom profile for table: multipartInfoTable
2019-09-25 07:19:19,998 [Thread-810] INFO  db.DBStoreBuilder (DBStoreBuilder.java:processTables(161)) - Using default column profile:DBProfile.DISK for Table:multipartInfoTable
2019-09-25 07:19:19,998 [Thread-810] INFO  db.DBStoreBuilder (DBStoreBuilder.java:addTable(110)) - using custom profile for table: dTokenTable
2019-09-25 07:19:19,998 [Thread-810] INFO  db.DBStoreBuilder (DBStoreBuilder.java:processTables(161)) - Using default column profile:DBProfile.DISK for Table:dTokenTable
2019-09-25 07:19:19,998 [Thread-810] INFO  db.DBStoreBuilder (DBStoreBuilder.java:addTable(110)) - using custom profile for table: s3SecretTable
2019-09-25 07:19:19,998 [Thread-810] INFO  db.DBStoreBuilder (DBStoreBuilder.java:processTables(161)) - Using default column profile:DBProfile.DISK for Table:s3SecretTable
2019-09-25 07:19:19,999 [Thread-810] INFO  db.DBStoreBuilder (DBStoreBuilder.java:addTable(110)) - using custom profile for table: prefixTable
2019-09-25 07:19:19,999 [Thread-810] INFO  db.DBStoreBuilder (DBStoreBuilder.java:processTables(161)) - Using default column profile:DBProfile.DISK for Table:prefixTable
2019-09-25 07:19:19,999 [Thread-810] INFO  db.DBStoreBuilder (DBStoreBuilder.java:addTable(110)) - using custom profile for table: default
2019-09-25 07:19:19,999 [Thread-810] INFO  db.DBStoreBuilder (DBStoreBuilder.java:processTables(167)) - Using default column profile:DBProfile.DISK for Table:default
2019-09-25 07:19:19,999 [Thread-810] INFO  db.DBStoreBuilder (DBStoreBuilder.java:getDbProfile(198)) - Using default options. DBProfile.DISK
2019-09-25 07:19:20,494 [Thread-810] INFO  ipc.CallQueueManager (CallQueueManager.java:<init>(84)) - Using callQueue: class java.util.concurrent.LinkedBlockingQueue, queueCapacity: 2000, scheduler: class org.apache.hadoop.ipc.DefaultRpcScheduler, ipcBackoff: false.
2019-09-25 07:19:20,495 [Socket Reader #1 for port 42390] INFO  ipc.Server (Server.java:run(1074)) - Starting Socket Reader #1 for port 42390
2019-09-25 07:19:20,514 [Thread-810] INFO  om.OzoneManager (OzoneManager.java:start(1243)) - OzoneManager RPC server is listening at localhost/127.0.0.1:42390
2019-09-25 07:19:20,514 [Thread-810] INFO  impl.MetricsSystemImpl (MetricsSystemImpl.java:init(158)) - OzoneManager metrics system started (again)
2019-09-25 07:19:20,515 [IPC Server Responder] INFO  ipc.Server (Server.java:run(1314)) - IPC Server Responder: starting
2019-09-25 07:19:20,515 [IPC Server listener on 42390] INFO  ipc.Server (Server.java:run(1153)) - IPC Server listener on 42390: starting
2019-09-25 07:19:20,522 [Thread-810] INFO  hdfs.DFSUtil (DFSUtil.java:httpServerTemplateForNNAndJN(1641)) - Starting Web-server for ozoneManager at: http://0.0.0.0:0
2019-09-25 07:19:20,525 [Thread-810] INFO  server.AuthenticationFilter (AuthenticationFilter.java:constructSecretProvider(240)) - Unable to initialize FileSignerSecretProvider, falling back to use random secrets.
2019-09-25 07:19:20,526 [Thread-810] WARN  http.HttpRequestLog (HttpRequestLog.java:getRequestLog(97)) - Jetty request log can only be enabled using Log4j
2019-09-25 07:19:20,528 [Thread-810] INFO  http.HttpServer2 (HttpServer2.java:addGlobalFilter(975)) - Added global filter 'safety' (class=org.apache.hadoop.http.HttpServer2$QuotingInputFilter)
2019-09-25 07:19:20,529 [Thread-810] INFO  http.HttpServer2 (HttpServer2.java:addFilter(948)) - Added filter static_user_filter (class=org.apache.hadoop.http.lib.StaticUserWebFilter$StaticUserFilter) to context ozoneManager
2019-09-25 07:19:20,529 [Thread-810] INFO  http.HttpServer2 (HttpServer2.java:addFilter(958)) - Added filter static_user_filter (class=org.apache.hadoop.http.lib.StaticUserWebFilter$StaticUserFilter) to context logs
2019-09-25 07:19:20,529 [Thread-810] INFO  http.HttpServer2 (HttpServer2.java:addFilter(958)) - Added filter static_user_filter (class=org.apache.hadoop.http.lib.StaticUserWebFilter$StaticUserFilter) to context static
2019-09-25 07:19:20,530 [Thread-810] INFO  http.HttpServer2 (HttpServer2.java:bindListener(1191)) - Jetty bound to port 41974
2019-09-25 07:19:20,530 [Thread-810] INFO  server.Server (Server.java:doStart(351)) - jetty-9.3.25.v20180904, build timestamp: 2018-09-04T21:11:46Z, git hash: 3ce520221d0240229c862b122d2b06c12a625732
2019-09-25 07:19:20,533 [Thread-810] INFO  handler.ContextHandler (ContextHandler.java:doStart(781)) - Started o.e.j.s.ServletContextHandler@531f2079{/logs,file:///workdir/hadoop-ozone/ozonefs/target/log,AVAILABLE}
2019-09-25 07:19:20,533 [Thread-810] INFO  handler.ContextHandler (ContextHandler.java:doStart(781)) - Started o.e.j.s.ServletContextHandler@16739719{/static,jar:file:/home/user/.m2/repository/org/apache/hadoop/hadoop-ozone-ozone-manager/0.5.0-SNAPSHOT/hadoop-ozone-ozone-manager-0.5.0-SNAPSHOT.jar!/webapps/static,AVAILABLE}
2019-09-25 07:19:20,589 [Thread-810] INFO  handler.ContextHandler (ContextHandler.java:doStart(781)) - Started o.e.j.w.WebAppContext@6ac5f2d0{/,file:///tmp/jetty-0.0.0.0-41974-ozoneManager-_-any-3203176565039686842.dir/webapp/,AVAILABLE}{/ozoneManager}
2019-09-25 07:19:20,590 [Thread-810] INFO  server.AbstractConnector (AbstractConnector.java:doStart(278)) - Started ServerConnector@75d9e28b{HTTP/1.1,[http/1.1]}{0.0.0.0:41974}
2019-09-25 07:19:20,592 [Thread-810] INFO  server.Server (Server.java:doStart(419)) - Started @58112ms
2019-09-25 07:19:20,592 [Thread-810] WARN  impl.MetricsSystemImpl (MetricsSystemImpl.java:register(276)) - Sink prometheus already exists!
2019-09-25 07:19:20,593 [Thread-810] INFO  server.BaseHttpServer (BaseHttpServer.java:updateConnectorAddress(215)) - HTTP server of OZONEMANAGER is listening at http://0.0.0.0:41974
2019-09-25 07:19:20,605 [Thread-810] INFO  impl.MetricsSystemImpl (MetricsSystemImpl.java:init(158)) - HddsDatanode metrics system started (again)
2019-09-25 07:19:20,609 [Thread-810] INFO  ozone.HddsDatanodeService (HddsDatanodeService.java:start(184)) - HddsDatanodeService host:pr-hdds-1569-s62bp-3040748787 ip:192.168.30.10
2019-09-25 07:19:20,617 [Thread-810] INFO  volume.HddsVolume (HddsVolume.java:<init>(176)) - Creating Volume: /workdir/hadoop-ozone/ozonefs/target/test-dir/MiniOzoneClusterImpl-3fce1b0a-df6a-4342-ad64-1814f71f3ecd/datanode-0/data/containers/hdds of  storage type : DISK and capacity : 1482555576320
2019-09-25 07:19:20,617 [Thread-810] INFO  volume.VolumeSet (VolumeSet.java:initializeVolumeSet(170)) - Added Volume : /workdir/hadoop-ozone/ozonefs/target/test-dir/MiniOzoneClusterImpl-3fce1b0a-df6a-4342-ad64-1814f71f3ecd/datanode-0/data/containers/hdds to VolumeSet
2019-09-25 07:19:20,618 [Thread-810] INFO  volume.ThrottledAsyncChecker (ThrottledAsyncChecker.java:schedule(139)) - Scheduling a check for org.apache.hadoop.ozone.container.common.volume.HddsVolume@527dbff8
2019-09-25 07:19:20,618 [Thread-810] INFO  volume.HddsVolumeChecker (HddsVolumeChecker.java:checkAllVolumes(202)) - Scheduled health check for volume org.apache.hadoop.ozone.container.common.volume.HddsVolume@527dbff8
2019-09-25 07:19:20,649 [Thread-810] INFO  impl.RaftServerProxy (ConfUtils.java:logGet(43)) - raft.rpc.type = GRPC (default)
2019-09-25 07:19:20,649 [Thread-810] INFO  grpc.GrpcFactory (GrpcFactory.java:checkPooledByteBufAllocatorUseCacheForAllThreads(45)) - PERFORMANCE WARNING: useCacheForAllThreads is true that may cause Netty to create a lot garbage objects and, as a result, trigger GC.
	It is recommended to disable useCacheForAllThreads by setting -Dorg.apache.ratis.thirdparty.io.netty.allocator.useCacheForAllThreads=false in command line.
2019-09-25 07:19:20,650 [Thread-810] INFO  grpc.GrpcConfigKeys$Server (ConfUtils.java:logGet(43)) - raft.grpc.server.port = 0 (default)
2019-09-25 07:19:20,650 [Thread-810] INFO  server.GrpcService (ConfUtils.java:logGet(43)) - raft.grpc.message.size.max = 33570816 (custom)
2019-09-25 07:19:20,650 [Thread-810] INFO  server.RaftServerConfigKeys (ConfUtils.java:logGet(43)) - raft.server.log.appender.buffer.byte-limit = 33554432 (custom)
2019-09-25 07:19:20,650 [Thread-810] INFO  server.GrpcService (ConfUtils.java:logGet(43)) - raft.grpc.flow.control.window = 1MB (=1048576) (default)
2019-09-25 07:19:20,650 [Thread-810] INFO  server.RaftServerConfigKeys (ConfUtils.java:logGet(43)) - raft.server.rpc.request.timeout = 3000ms (default)
2019-09-25 07:19:20,651 [Thread-810] INFO  server.RaftServerConfigKeys (ConfUtils.java:logGet(43)) - raft.server.storage.dir = [/workdir/hadoop-ozone/ozonefs/target/test-dir/MiniOzoneClusterImpl-3fce1b0a-df6a-4342-ad64-1814f71f3ecd/datanode-0/data/ratis] (custom)
2019-09-25 07:19:20,653 [Thread-810] INFO  hdfs.DFSUtil (DFSUtil.java:httpServerTemplateForNNAndJN(1641)) - Starting Web-server for hddsDatanode at: http://0.0.0.0:0
2019-09-25 07:19:20,656 [Thread-810] INFO  server.AuthenticationFilter (AuthenticationFilter.java:constructSecretProvider(240)) - Unable to initialize FileSignerSecretProvider, falling back to use random secrets.
2019-09-25 07:19:20,656 [Thread-810] WARN  http.HttpRequestLog (HttpRequestLog.java:getRequestLog(97)) - Jetty request log can only be enabled using Log4j
2019-09-25 07:19:20,658 [Thread-810] INFO  http.HttpServer2 (HttpServer2.java:addGlobalFilter(975)) - Added global filter 'safety' (class=org.apache.hadoop.http.HttpServer2$QuotingInputFilter)
2019-09-25 07:19:20,659 [Thread-810] INFO  http.HttpServer2 (HttpServer2.java:addFilter(948)) - Added filter static_user_filter (class=org.apache.hadoop.http.lib.StaticUserWebFilter$StaticUserFilter) to context hddsDatanode
2019-09-25 07:19:20,659 [Thread-810] INFO  http.HttpServer2 (HttpServer2.java:addFilter(958)) - Added filter static_user_filter (class=org.apache.hadoop.http.lib.StaticUserWebFilter$StaticUserFilter) to context static
2019-09-25 07:19:20,659 [Thread-810] INFO  http.HttpServer2 (HttpServer2.java:addFilter(958)) - Added filter static_user_filter (class=org.apache.hadoop.http.lib.StaticUserWebFilter$StaticUserFilter) to context logs
2019-09-25 07:19:20,660 [Thread-810] INFO  http.HttpServer2 (HttpServer2.java:bindListener(1191)) - Jetty bound to port 45902
2019-09-25 07:19:20,660 [Thread-810] INFO  server.Server (Server.java:doStart(351)) - jetty-9.3.25.v20180904, build timestamp: 2018-09-04T21:11:46Z, git hash: 3ce520221d0240229c862b122d2b06c12a625732
2019-09-25 07:19:20,661 [Thread-810] INFO  handler.ContextHandler (ContextHandler.java:doStart(781)) - Started o.e.j.s.ServletContextHandler@2a30ea8e{/logs,file:///workdir/hadoop-ozone/ozonefs/target/log,AVAILABLE}
2019-09-25 07:19:20,662 [Thread-810] INFO  handler.ContextHandler (ContextHandler.java:doStart(781)) - Started o.e.j.s.ServletContextHandler@ba15848{/static,jar:file:/home/user/.m2/repository/org/apache/hadoop/hadoop-hdds-container-service/0.5.0-SNAPSHOT/hadoop-hdds-container-service-0.5.0-SNAPSHOT.jar!/webapps/static,AVAILABLE}
2019-09-25 07:19:20,690 [Thread-810] INFO  handler.ContextHandler (ContextHandler.java:doStart(781)) - Started o.e.j.w.WebAppContext@65eb764c{/,file:///tmp/jetty-0.0.0.0-45902-hddsDatanode-_-any-1096041622838580569.dir/webapp/,AVAILABLE}{/hddsDatanode}
2019-09-25 07:19:20,691 [Thread-810] INFO  server.AbstractConnector (AbstractConnector.java:doStart(278)) - Started ServerConnector@7a6f33c6{HTTP/1.1,[http/1.1]}{0.0.0.0:45902}
2019-09-25 07:19:20,692 [Thread-810] INFO  server.Server (Server.java:doStart(419)) - Started @58212ms
2019-09-25 07:19:20,692 [Thread-810] WARN  impl.MetricsSystemImpl (MetricsSystemImpl.java:register(276)) - Sink prometheus already exists!
2019-09-25 07:19:20,693 [Thread-810] INFO  server.BaseHttpServer (BaseHttpServer.java:updateConnectorAddress(215)) - HTTP server of HDDSDATANODE is listening at http://0.0.0.0:45902
2019-09-25 07:19:20,693 [Thread-810] INFO  impl.MetricsSystemImpl (MetricsSystemImpl.java:init(158)) - HddsDatanode metrics system started (again)
2019-09-25 07:19:20,696 [Thread-810] INFO  ozone.HddsDatanodeService (HddsDatanodeService.java:start(184)) - HddsDatanodeService host:pr-hdds-1569-s62bp-3040748787 ip:192.168.30.10
2019-09-25 07:19:20,696 [org.apache.hadoop.util.JvmPauseMonitor$Monitor@75904485] INFO  util.JvmPauseMonitor (JvmPauseMonitor.java:run(188)) - Starting JVM pause monitor
2019-09-25 07:19:20,698 [Datanode State Machine Thread - 0] INFO  datanode.InitDatanodeState (InitDatanodeState.java:persistContainerDatanodeDetails(140)) - DatanodeDetails is persisted to /workdir/hadoop-ozone/ozonefs/target/test-dir/MiniOzoneClusterImpl-3fce1b0a-df6a-4342-ad64-1814f71f3ecd/datanode-0/meta/datanode.id
2019-09-25 07:19:20,702 [Thread-810] INFO  volume.HddsVolume (HddsVolume.java:<init>(176)) - Creating Volume: /workdir/hadoop-ozone/ozonefs/target/test-dir/MiniOzoneClusterImpl-3fce1b0a-df6a-4342-ad64-1814f71f3ecd/datanode-1/data/containers/hdds of  storage type : DISK and capacity : 1482555576320
2019-09-25 07:19:20,702 [Thread-810] INFO  volume.VolumeSet (VolumeSet.java:initializeVolumeSet(170)) - Added Volume : /workdir/hadoop-ozone/ozonefs/target/test-dir/MiniOzoneClusterImpl-3fce1b0a-df6a-4342-ad64-1814f71f3ecd/datanode-1/data/containers/hdds to VolumeSet
2019-09-25 07:19:20,702 [Thread-810] INFO  volume.ThrottledAsyncChecker (ThrottledAsyncChecker.java:schedule(139)) - Scheduling a check for org.apache.hadoop.ozone.container.common.volume.HddsVolume@5c4abbf7
2019-09-25 07:19:20,703 [Thread-810] INFO  volume.HddsVolumeChecker (HddsVolumeChecker.java:checkAllVolumes(202)) - Scheduled health check for volume org.apache.hadoop.ozone.container.common.volume.HddsVolume@5c4abbf7
2019-09-25 07:19:20,723 [Thread-810] INFO  impl.RaftServerProxy (ConfUtils.java:logGet(43)) - raft.rpc.type = GRPC (default)
2019-09-25 07:19:20,724 [Thread-810] INFO  grpc.GrpcFactory (GrpcFactory.java:checkPooledByteBufAllocatorUseCacheForAllThreads(45)) - PERFORMANCE WARNING: useCacheForAllThreads is true that may cause Netty to create a lot garbage objects and, as a result, trigger GC.
	It is recommended to disable useCacheForAllThreads by setting -Dorg.apache.ratis.thirdparty.io.netty.allocator.useCacheForAllThreads=false in command line.
2019-09-25 07:19:20,724 [Thread-810] INFO  grpc.GrpcConfigKeys$Server (ConfUtils.java:logGet(43)) - raft.grpc.server.port = 0 (default)
2019-09-25 07:19:20,724 [Thread-810] INFO  server.GrpcService (ConfUtils.java:logGet(43)) - raft.grpc.message.size.max = 33570816 (custom)
2019-09-25 07:19:20,724 [Thread-810] INFO  server.RaftServerConfigKeys (ConfUtils.java:logGet(43)) - raft.server.log.appender.buffer.byte-limit = 33554432 (custom)
2019-09-25 07:19:20,724 [Thread-810] INFO  server.GrpcService (ConfUtils.java:logGet(43)) - raft.grpc.flow.control.window = 1MB (=1048576) (default)
2019-09-25 07:19:20,724 [Thread-810] INFO  server.RaftServerConfigKeys (ConfUtils.java:logGet(43)) - raft.server.rpc.request.timeout = 3000ms (default)
2019-09-25 07:19:20,725 [Thread-810] INFO  server.RaftServerConfigKeys (ConfUtils.java:logGet(43)) - raft.server.storage.dir = [/workdir/hadoop-ozone/ozonefs/target/test-dir/MiniOzoneClusterImpl-3fce1b0a-df6a-4342-ad64-1814f71f3ecd/datanode-1/data/ratis] (custom)
2019-09-25 07:19:20,727 [Thread-810] INFO  hdfs.DFSUtil (DFSUtil.java:httpServerTemplateForNNAndJN(1641)) - Starting Web-server for hddsDatanode at: http://0.0.0.0:0
2019-09-25 07:19:20,728 [Thread-810] INFO  server.AuthenticationFilter (AuthenticationFilter.java:constructSecretProvider(240)) - Unable to initialize FileSignerSecretProvider, falling back to use random secrets.
2019-09-25 07:19:20,729 [Thread-810] WARN  http.HttpRequestLog (HttpRequestLog.java:getRequestLog(97)) - Jetty request log can only be enabled using Log4j
2019-09-25 07:19:20,731 [Thread-810] INFO  http.HttpServer2 (HttpServer2.java:addGlobalFilter(975)) - Added global filter 'safety' (class=org.apache.hadoop.http.HttpServer2$QuotingInputFilter)
2019-09-25 07:19:20,731 [Thread-810] INFO  http.HttpServer2 (HttpServer2.java:addFilter(948)) - Added filter static_user_filter (class=org.apache.hadoop.http.lib.StaticUserWebFilter$StaticUserFilter) to context hddsDatanode
2019-09-25 07:19:20,731 [Thread-810] INFO  http.HttpServer2 (HttpServer2.java:addFilter(958)) - Added filter static_user_filter (class=org.apache.hadoop.http.lib.StaticUserWebFilter$StaticUserFilter) to context static
2019-09-25 07:19:20,731 [Thread-810] INFO  http.HttpServer2 (HttpServer2.java:addFilter(958)) - Added filter static_user_filter (class=org.apache.hadoop.http.lib.StaticUserWebFilter$StaticUserFilter) to context logs
2019-09-25 07:19:20,732 [Thread-810] INFO  http.HttpServer2 (HttpServer2.java:bindListener(1191)) - Jetty bound to port 43159
2019-09-25 07:19:20,732 [Thread-810] INFO  server.Server (Server.java:doStart(351)) - jetty-9.3.25.v20180904, build timestamp: 2018-09-04T21:11:46Z, git hash: 3ce520221d0240229c862b122d2b06c12a625732
2019-09-25 07:19:20,734 [Thread-810] INFO  handler.ContextHandler (ContextHandler.java:doStart(781)) - Started o.e.j.s.ServletContextHandler@532fd671{/logs,file:///workdir/hadoop-ozone/ozonefs/target/log,AVAILABLE}
2019-09-25 07:19:20,734 [Thread-810] INFO  handler.ContextHandler (ContextHandler.java:doStart(781)) - Started o.e.j.s.ServletContextHandler@4c9f6a0b{/static,jar:file:/home/user/.m2/repository/org/apache/hadoop/hadoop-hdds-container-service/0.5.0-SNAPSHOT/hadoop-hdds-container-service-0.5.0-SNAPSHOT.jar!/webapps/static,AVAILABLE}
2019-09-25 07:19:20,762 [Thread-810] INFO  handler.ContextHandler (ContextHandler.java:doStart(781)) - Started o.e.j.w.WebAppContext@146627c{/,file:///tmp/jetty-0.0.0.0-43159-hddsDatanode-_-any-2391220334437455564.dir/webapp/,AVAILABLE}{/hddsDatanode}
2019-09-25 07:19:20,763 [Thread-810] INFO  server.AbstractConnector (AbstractConnector.java:doStart(278)) - Started ServerConnector@702f8bef{HTTP/1.1,[http/1.1]}{0.0.0.0:43159}
2019-09-25 07:19:20,764 [Thread-810] INFO  server.Server (Server.java:doStart(419)) - Started @58284ms
2019-09-25 07:19:20,764 [Thread-810] WARN  impl.MetricsSystemImpl (MetricsSystemImpl.java:register(276)) - Sink prometheus already exists!
2019-09-25 07:19:20,766 [Thread-810] INFO  server.BaseHttpServer (BaseHttpServer.java:updateConnectorAddress(215)) - HTTP server of HDDSDATANODE is listening at http://0.0.0.0:43159
2019-09-25 07:19:20,766 [Thread-810] INFO  impl.MetricsSystemImpl (MetricsSystemImpl.java:init(158)) - HddsDatanode metrics system started (again)
2019-09-25 07:19:20,769 [org.apache.hadoop.util.JvmPauseMonitor$Monitor@4f717d36] INFO  util.JvmPauseMonitor (JvmPauseMonitor.java:run(188)) - Starting JVM pause monitor
2019-09-25 07:19:20,769 [Thread-810] INFO  ozone.HddsDatanodeService (HddsDatanodeService.java:start(184)) - HddsDatanodeService host:pr-hdds-1569-s62bp-3040748787 ip:192.168.30.10
2019-09-25 07:19:20,771 [Datanode State Machine Thread - 0] INFO  datanode.InitDatanodeState (InitDatanodeState.java:persistContainerDatanodeDetails(140)) - DatanodeDetails is persisted to /workdir/hadoop-ozone/ozonefs/target/test-dir/MiniOzoneClusterImpl-3fce1b0a-df6a-4342-ad64-1814f71f3ecd/datanode-1/meta/datanode.id
2019-09-25 07:19:20,774 [Thread-810] INFO  volume.HddsVolume (HddsVolume.java:<init>(176)) - Creating Volume: /workdir/hadoop-ozone/ozonefs/target/test-dir/MiniOzoneClusterImpl-3fce1b0a-df6a-4342-ad64-1814f71f3ecd/datanode-2/data/containers/hdds of  storage type : DISK and capacity : 1482555576320
2019-09-25 07:19:20,775 [Thread-810] INFO  volume.VolumeSet (VolumeSet.java:initializeVolumeSet(170)) - Added Volume : /workdir/hadoop-ozone/ozonefs/target/test-dir/MiniOzoneClusterImpl-3fce1b0a-df6a-4342-ad64-1814f71f3ecd/datanode-2/data/containers/hdds to VolumeSet
2019-09-25 07:19:20,775 [Thread-810] INFO  volume.ThrottledAsyncChecker (ThrottledAsyncChecker.java:schedule(139)) - Scheduling a check for org.apache.hadoop.ozone.container.common.volume.HddsVolume@6276b8bf
2019-09-25 07:19:20,775 [Thread-810] INFO  volume.HddsVolumeChecker (HddsVolumeChecker.java:checkAllVolumes(202)) - Scheduled health check for volume org.apache.hadoop.ozone.container.common.volume.HddsVolume@6276b8bf
2019-09-25 07:19:20,793 [Thread-810] INFO  impl.RaftServerProxy (ConfUtils.java:logGet(43)) - raft.rpc.type = GRPC (default)
2019-09-25 07:19:20,794 [Thread-810] INFO  grpc.GrpcFactory (GrpcFactory.java:checkPooledByteBufAllocatorUseCacheForAllThreads(45)) - PERFORMANCE WARNING: useCacheForAllThreads is true that may cause Netty to create a lot garbage objects and, as a result, trigger GC.
	It is recommended to disable useCacheForAllThreads by setting -Dorg.apache.ratis.thirdparty.io.netty.allocator.useCacheForAllThreads=false in command line.
2019-09-25 07:19:20,794 [Thread-810] INFO  grpc.GrpcConfigKeys$Server (ConfUtils.java:logGet(43)) - raft.grpc.server.port = 0 (default)
2019-09-25 07:19:20,794 [Thread-810] INFO  server.GrpcService (ConfUtils.java:logGet(43)) - raft.grpc.message.size.max = 33570816 (custom)
2019-09-25 07:19:20,794 [Thread-810] INFO  server.RaftServerConfigKeys (ConfUtils.java:logGet(43)) - raft.server.log.appender.buffer.byte-limit = 33554432 (custom)
2019-09-25 07:19:20,794 [Thread-810] INFO  server.GrpcService (ConfUtils.java:logGet(43)) - raft.grpc.flow.control.window = 1MB (=1048576) (default)
2019-09-25 07:19:20,794 [Thread-810] INFO  server.RaftServerConfigKeys (ConfUtils.java:logGet(43)) - raft.server.rpc.request.timeout = 3000ms (default)
2019-09-25 07:19:20,795 [Thread-810] INFO  server.RaftServerConfigKeys (ConfUtils.java:logGet(43)) - raft.server.storage.dir = [/workdir/hadoop-ozone/ozonefs/target/test-dir/MiniOzoneClusterImpl-3fce1b0a-df6a-4342-ad64-1814f71f3ecd/datanode-2/data/ratis] (custom)
2019-09-25 07:19:20,796 [Thread-810] INFO  hdfs.DFSUtil (DFSUtil.java:httpServerTemplateForNNAndJN(1641)) - Starting Web-server for hddsDatanode at: http://0.0.0.0:0
2019-09-25 07:19:20,798 [Thread-810] INFO  server.AuthenticationFilter (AuthenticationFilter.java:constructSecretProvider(240)) - Unable to initialize FileSignerSecretProvider, falling back to use random secrets.
2019-09-25 07:19:20,798 [Thread-810] WARN  http.HttpRequestLog (HttpRequestLog.java:getRequestLog(97)) - Jetty request log can only be enabled using Log4j
2019-09-25 07:19:20,800 [Thread-810] INFO  http.HttpServer2 (HttpServer2.java:addGlobalFilter(975)) - Added global filter 'safety' (class=org.apache.hadoop.http.HttpServer2$QuotingInputFilter)
2019-09-25 07:19:20,800 [Thread-810] INFO  http.HttpServer2 (HttpServer2.java:addFilter(948)) - Added filter static_user_filter (class=org.apache.hadoop.http.lib.StaticUserWebFilter$StaticUserFilter) to context hddsDatanode
2019-09-25 07:19:20,800 [Thread-810] INFO  http.HttpServer2 (HttpServer2.java:addFilter(958)) - Added filter static_user_filter (class=org.apache.hadoop.http.lib.StaticUserWebFilter$StaticUserFilter) to context static
2019-09-25 07:19:20,800 [Thread-810] INFO  http.HttpServer2 (HttpServer2.java:addFilter(958)) - Added filter static_user_filter (class=org.apache.hadoop.http.lib.StaticUserWebFilter$StaticUserFilter) to context logs
2019-09-25 07:19:20,801 [Thread-810] INFO  http.HttpServer2 (HttpServer2.java:bindListener(1191)) - Jetty bound to port 40980
2019-09-25 07:19:20,801 [Thread-810] INFO  server.Server (Server.java:doStart(351)) - jetty-9.3.25.v20180904, build timestamp: 2018-09-04T21:11:46Z, git hash: 3ce520221d0240229c862b122d2b06c12a625732
2019-09-25 07:19:20,803 [Thread-810] INFO  handler.ContextHandler (ContextHandler.java:doStart(781)) - Started o.e.j.s.ServletContextHandler@18026645{/logs,file:///workdir/hadoop-ozone/ozonefs/target/log,AVAILABLE}
2019-09-25 07:19:20,803 [Thread-810] INFO  handler.ContextHandler (ContextHandler.java:doStart(781)) - Started o.e.j.s.ServletContextHandler@2e0939fc{/static,jar:file:/home/user/.m2/repository/org/apache/hadoop/hadoop-hdds-container-service/0.5.0-SNAPSHOT/hadoop-hdds-container-service-0.5.0-SNAPSHOT.jar!/webapps/static,AVAILABLE}
2019-09-25 07:19:20,831 [Thread-810] INFO  handler.ContextHandler (ContextHandler.java:doStart(781)) - Started o.e.j.w.WebAppContext@58c8366f{/,file:///tmp/jetty-0.0.0.0-40980-hddsDatanode-_-any-1680014021768202237.dir/webapp/,AVAILABLE}{/hddsDatanode}
2019-09-25 07:19:20,831 [Thread-810] INFO  server.AbstractConnector (AbstractConnector.java:doStart(278)) - Started ServerConnector@6e14fef2{HTTP/1.1,[http/1.1]}{0.0.0.0:40980}
2019-09-25 07:19:20,833 [Thread-810] INFO  server.Server (Server.java:doStart(419)) - Started @58353ms
2019-09-25 07:19:20,833 [Thread-810] WARN  impl.MetricsSystemImpl (MetricsSystemImpl.java:register(276)) - Sink prometheus already exists!
2019-09-25 07:19:20,833 [Thread-810] INFO  server.BaseHttpServer (BaseHttpServer.java:updateConnectorAddress(215)) - HTTP server of HDDSDATANODE is listening at http://0.0.0.0:40980
2019-09-25 07:19:20,834 [Thread-810] INFO  ozone.MiniOzoneClusterImpl (MiniOzoneClusterImpl.java:lambda$waitForClusterToBeReady$0(147)) - Waiting for cluster to be ready. Got 0 of 3 DN Heartbeats.
2019-09-25 07:19:20,835 [org.apache.hadoop.util.JvmPauseMonitor$Monitor@5e14f979] INFO  util.JvmPauseMonitor (JvmPauseMonitor.java:run(188)) - Starting JVM pause monitor
2019-09-25 07:19:20,837 [Datanode State Machine Thread - 0] INFO  datanode.InitDatanodeState (InitDatanodeState.java:persistContainerDatanodeDetails(140)) - DatanodeDetails is persisted to /workdir/hadoop-ozone/ozonefs/target/test-dir/MiniOzoneClusterImpl-3fce1b0a-df6a-4342-ad64-1814f71f3ecd/datanode-2/meta/datanode.id
2019-09-25 07:19:21,834 [Thread-810] INFO  ozone.MiniOzoneClusterImpl (MiniOzoneClusterImpl.java:lambda$waitForClusterToBeReady$0(147)) - Waiting for cluster to be ready. Got 0 of 3 DN Heartbeats.
2019-09-25 07:19:22,717 [Datanode State Machine Thread - 0] INFO  ozoneimpl.OzoneContainer (OzoneContainer.java:start(217)) - Attempting to start container services.
2019-09-25 07:19:22,718 [Datanode State Machine Thread - 0] INFO  ozoneimpl.OzoneContainer (OzoneContainer.java:startContainerScrub(179)) - Background container scanner has been disabled.
2019-09-25 07:19:22,718 [Datanode State Machine Thread - 0] INFO  ratis.XceiverServerRatis (XceiverServerRatis.java:start(411)) - Starting XceiverServerRatis f001641b-37ec-46f2-975b-c72720f35757 at port 0
2019-09-25 07:19:22,725 [Datanode State Machine Thread - 0] INFO  impl.RaftServerProxy (RaftServerProxy.java:lambda$start$3(299)) - f001641b-37ec-46f2-975b-c72720f35757: start RPC server
2019-09-25 07:19:22,733 [Datanode State Machine Thread - 0] INFO  server.GrpcService (GrpcService.java:startImpl(158)) - f001641b-37ec-46f2-975b-c72720f35757: GrpcService started, listening on 0.0.0.0/0.0.0.0:35375
2019-09-25 07:19:22,733 [Datanode State Machine Thread - 0] INFO  ratis.XceiverServerRatis (XceiverServerRatis.java:start(421)) - XceiverServerRatis f001641b-37ec-46f2-975b-c72720f35757 is started using port 35375
2019-09-25 07:19:22,737 [Datanode State Machine Thread - 0] INFO  server.XceiverServerGrpc (XceiverServerGrpc.java:start(149)) - XceiverServerGrpc f001641b-37ec-46f2-975b-c72720f35757 is started using port 38904
2019-09-25 07:19:22,785 [Datanode State Machine Thread - 0] INFO  ozoneimpl.OzoneContainer (OzoneContainer.java:start(217)) - Attempting to start container services.
2019-09-25 07:19:22,785 [Datanode State Machine Thread - 0] INFO  ozoneimpl.OzoneContainer (OzoneContainer.java:startContainerScrub(179)) - Background container scanner has been disabled.
2019-09-25 07:19:22,785 [Datanode State Machine Thread - 0] INFO  ratis.XceiverServerRatis (XceiverServerRatis.java:start(411)) - Starting XceiverServerRatis f13e407e-3550-4add-9ccd-cdd7f285656a at port 0
2019-09-25 07:19:22,792 [Datanode State Machine Thread - 0] INFO  impl.RaftServerProxy (RaftServerProxy.java:lambda$start$3(299)) - f13e407e-3550-4add-9ccd-cdd7f285656a: start RPC server
2019-09-25 07:19:22,793 [Datanode State Machine Thread - 0] INFO  server.GrpcService (GrpcService.java:startImpl(158)) - f13e407e-3550-4add-9ccd-cdd7f285656a: GrpcService started, listening on 0.0.0.0/0.0.0.0:34297
2019-09-25 07:19:22,793 [Datanode State Machine Thread - 0] INFO  ratis.XceiverServerRatis (XceiverServerRatis.java:start(421)) - XceiverServerRatis f13e407e-3550-4add-9ccd-cdd7f285656a is started using port 34297
2019-09-25 07:19:22,794 [Datanode State Machine Thread - 0] INFO  server.XceiverServerGrpc (XceiverServerGrpc.java:start(149)) - XceiverServerGrpc f13e407e-3550-4add-9ccd-cdd7f285656a is started using port 38606
2019-09-25 07:19:22,835 [Thread-810] INFO  ozone.MiniOzoneClusterImpl (MiniOzoneClusterImpl.java:lambda$waitForClusterToBeReady$0(147)) - Waiting for cluster to be ready. Got 0 of 3 DN Heartbeats.
2019-09-25 07:19:22,851 [Datanode State Machine Thread - 0] INFO  ozoneimpl.OzoneContainer (OzoneContainer.java:start(217)) - Attempting to start container services.
2019-09-25 07:19:22,851 [Datanode State Machine Thread - 0] INFO  ozoneimpl.OzoneContainer (OzoneContainer.java:startContainerScrub(179)) - Background container scanner has been disabled.
2019-09-25 07:19:22,851 [Datanode State Machine Thread - 0] INFO  ratis.XceiverServerRatis (XceiverServerRatis.java:start(411)) - Starting XceiverServerRatis e3324a52-b217-41e5-a9e7-1ad29ddf9356 at port 0
2019-09-25 07:19:22,859 [Datanode State Machine Thread - 0] INFO  impl.RaftServerProxy (RaftServerProxy.java:lambda$start$3(299)) - e3324a52-b217-41e5-a9e7-1ad29ddf9356: start RPC server
2019-09-25 07:19:22,860 [Datanode State Machine Thread - 0] INFO  server.GrpcService (GrpcService.java:startImpl(158)) - e3324a52-b217-41e5-a9e7-1ad29ddf9356: GrpcService started, listening on 0.0.0.0/0.0.0.0:44422
2019-09-25 07:19:22,860 [Datanode State Machine Thread - 0] INFO  ratis.XceiverServerRatis (XceiverServerRatis.java:start(421)) - XceiverServerRatis e3324a52-b217-41e5-a9e7-1ad29ddf9356 is started using port 44422
2019-09-25 07:19:22,860 [Datanode State Machine Thread - 0] INFO  server.XceiverServerGrpc (XceiverServerGrpc.java:start(149)) - XceiverServerGrpc e3324a52-b217-41e5-a9e7-1ad29ddf9356 is started using port 38566
2019-09-25 07:19:23,835 [Thread-810] INFO  ozone.MiniOzoneClusterImpl (MiniOzoneClusterImpl.java:lambda$waitForClusterToBeReady$0(147)) - Waiting for cluster to be ready. Got 0 of 3 DN Heartbeats.
2019-09-25 07:19:24,701 [IPC Server handler 0 on 40027] INFO  net.NetworkTopology (NetworkTopologyImpl.java:add(111)) - Added a new node: /default-rack/f001641b-37ec-46f2-975b-c72720f35757
2019-09-25 07:19:24,703 [IPC Server handler 0 on 40027] INFO  node.SCMNodeManager (SCMNodeManager.java:register(266)) - Registered Data node : f001641b-37ec-46f2-975b-c72720f35757{ip: 192.168.30.10, host: pr-hdds-1569-s62bp-3040748787, networkLocation: /default-rack, certSerialId: null}
2019-09-25 07:19:24,704 [EventQueue-NodeRegistrationContainerReportForDataNodeSafeModeRule] INFO  safemode.SCMSafeModeManager (DataNodeSafeModeRule.java:process(71)) - SCM in safe mode. 1 DataNodes registered, 1 required.
2019-09-25 07:19:24,706 [EventQueue-NodeRegistrationContainerReportForDataNodeSafeModeRule] INFO  safemode.SCMSafeModeManager (SCMSafeModeManager.java:validateSafeModeExitRules(177)) - ScmSafeModeManager, all rules are successfully validated
2019-09-25 07:19:24,706 [EventQueue-NodeRegistrationContainerReportForDataNodeSafeModeRule] INFO  safemode.SCMSafeModeManager (SCMSafeModeManager.java:exitSafeMode(193)) - SCM exiting safe mode.
2019-09-25 07:19:24,720 [grpc-default-executor-0] INFO  impl.RaftServerProxy (RaftServerProxy.java:addNew(89)) - f001641b-37ec-46f2-975b-c72720f35757: addNew group-3481F08A1CFA:[f001641b-37ec-46f2-975b-c72720f35757:192.168.30.10:35375] returns group-3481F08A1CFA:java.util.concurrent.CompletableFuture@10cb537b[Not completed]
2019-09-25 07:19:24,722 [pool-177-thread-1] INFO  impl.RaftServerImpl (RaftServerImpl.java:<init>(95)) - f001641b-37ec-46f2-975b-c72720f35757: new RaftServerImpl for group-3481F08A1CFA:[f001641b-37ec-46f2-975b-c72720f35757:192.168.30.10:35375] with ContainerStateMachine:uninitialized
2019-09-25 07:19:24,722 [pool-177-thread-1] INFO  server.RaftServerConfigKeys (ConfUtils.java:logGet(43)) - raft.server.rpc.timeout.min = 5s (custom)
2019-09-25 07:19:24,722 [pool-177-thread-1] INFO  server.RaftServerConfigKeys (ConfUtils.java:logGet(43)) - raft.server.rpc.timeout.max = 5200ms (custom)
2019-09-25 07:19:24,723 [pool-177-thread-1] INFO  server.RaftServerConfigKeys (ConfUtils.java:logGet(43)) - raft.server.rpcslowness.timeout = 120s (custom)
2019-09-25 07:19:24,723 [pool-177-thread-1] INFO  server.RaftServerConfigKeys (ConfUtils.java:logGet(43)) - raft.server.sleep.deviation.threshold = 300 (default)
2019-09-25 07:19:24,723 [pool-177-thread-1] INFO  server.RaftServerConfigKeys (ConfUtils.java:logGet(43)) - raft.server.log.appender.install.snapshot.enabled = false (custom)
2019-09-25 07:19:24,723 [pool-177-thread-1] INFO  impl.RaftServerImpl (ServerState.java:<init>(103)) - f001641b-37ec-46f2-975b-c72720f35757@group-3481F08A1CFA: ConfigurationManager, init=-1: [f001641b-37ec-46f2-975b-c72720f35757:192.168.30.10:35375], old=null, confs=<EMPTY_MAP>
2019-09-25 07:19:24,723 [pool-177-thread-1] INFO  server.RaftServerConfigKeys (ConfUtils.java:logGet(43)) - raft.server.storage.dir = [/workdir/hadoop-ozone/ozonefs/target/test-dir/MiniOzoneClusterImpl-3fce1b0a-df6a-4342-ad64-1814f71f3ecd/datanode-0/data/ratis] (custom)
2019-09-25 07:19:24,725 [pool-177-thread-1] INFO  storage.RaftStorageDirectory (RaftStorageDirectory.java:analyzeStorage(246)) - The storage directory /workdir/hadoop-ozone/ozonefs/target/test-dir/MiniOzoneClusterImpl-3fce1b0a-df6a-4342-ad64-1814f71f3ecd/datanode-0/data/ratis/c8325e3c-a185-4d6c-8f07-3481f08a1cfa does not exist. Creating ...
2019-09-25 07:19:24,738 [pool-177-thread-1] INFO  storage.RaftStorageDirectory (RaftStorageDirectory.java:tryLock(328)) - Lock on /workdir/hadoop-ozone/ozonefs/target/test-dir/MiniOzoneClusterImpl-3fce1b0a-df6a-4342-ad64-1814f71f3ecd/datanode-0/data/ratis/c8325e3c-a185-4d6c-8f07-3481f08a1cfa/in_use.lock acquired by nodename 21239@pr-hdds-1569-s62bp-3040748787
2019-09-25 07:19:24,751 [pool-177-thread-1] INFO  storage.RaftStorage (RaftStorage.java:format(72)) - Storage directory /workdir/hadoop-ozone/ozonefs/target/test-dir/MiniOzoneClusterImpl-3fce1b0a-df6a-4342-ad64-1814f71f3ecd/datanode-0/data/ratis/c8325e3c-a185-4d6c-8f07-3481f08a1cfa has been successfully formatted.
2019-09-25 07:19:24,752 [pool-177-thread-1] INFO  ratis.ContainerStateMachine (ContainerStateMachine.java:loadSnapshot(230)) - group-3481F08A1CFA: The snapshot info is null. Setting the last applied indexto:(t:0, i:~)
2019-09-25 07:19:24,752 [pool-177-thread-1] INFO  server.RaftServerConfigKeys (ConfUtils.java:logGet(43)) - raft.server.notification.no-leader.timeout = 120s (custom)
2019-09-25 07:19:24,752 [pool-177-thread-1] INFO  server.RaftServerConfigKeys (ConfUtils.java:logGet(43)) - raft.server.log.use.memory = false (default)
2019-09-25 07:19:24,752 [pool-177-thread-1] INFO  server.RaftServerConfigKeys (ConfUtils.java:logGet(43)) - raft.server.log.purge.gap = 1000000 (custom)
2019-09-25 07:19:24,753 [pool-177-thread-1] INFO  server.RaftServerConfigKeys (ConfUtils.java:logGet(43)) - raft.server.log.appender.buffer.byte-limit = 33554432 (custom)
2019-09-25 07:19:24,753 [pool-177-thread-1] INFO  server.RaftServerConfigKeys (ConfUtils.java:logGet(43)) - raft.server.log.segment.size.max = 1048576 (custom)
2019-09-25 07:19:24,753 [pool-177-thread-1] INFO  server.RaftServerConfigKeys (ConfUtils.java:logGet(43)) - raft.server.log.segment.cache.num.max = 2 (custom)
2019-09-25 07:19:24,753 [pool-177-thread-1] INFO  segmented.SegmentedRaftLogWorker (SegmentedRaftLogWorker.java:<init>(172)) - new f001641b-37ec-46f2-975b-c72720f35757@group-3481F08A1CFA-SegmentedRaftLogWorker for RaftStorage:Storage Directory /workdir/hadoop-ozone/ozonefs/target/test-dir/MiniOzoneClusterImpl-3fce1b0a-df6a-4342-ad64-1814f71f3ecd/datanode-0/data/ratis/c8325e3c-a185-4d6c-8f07-3481f08a1cfa
2019-09-25 07:19:24,755 [pool-177-thread-1] INFO  server.RaftServerConfigKeys (ConfUtils.java:logGet(43)) - raft.server.log.queue.byte-limit = 2147483647 (custom)
2019-09-25 07:19:24,755 [pool-177-thread-1] INFO  server.RaftServerConfigKeys (ConfUtils.java:logGet(43)) - raft.server.log.queue.element-limit = 1024 (custom)
2019-09-25 07:19:24,756 [pool-177-thread-1] INFO  server.RaftServerConfigKeys (ConfUtils.java:logGet(43)) - raft.server.log.segment.size.max = 1048576 (custom)
2019-09-25 07:19:24,756 [pool-177-thread-1] INFO  server.RaftServerConfigKeys (ConfUtils.java:logGet(43)) - raft.server.log.preallocated.size = 16384 (custom)
2019-09-25 07:19:24,756 [pool-177-thread-1] INFO  server.RaftServerConfigKeys (ConfUtils.java:logGet(43)) - raft.server.log.write.buffer.size = 33554432 (custom)
2019-09-25 07:19:24,756 [pool-177-thread-1] INFO  server.RaftServerConfigKeys (ConfUtils.java:logGet(43)) - raft.server.log.force.sync.num = 128 (default)
2019-09-25 07:19:24,756 [pool-177-thread-1] INFO  server.RaftServerConfigKeys (ConfUtils.java:logGet(43)) - raft.server.log.statemachine.data.sync = true (default)
2019-09-25 07:19:24,756 [pool-177-thread-1] INFO  server.RaftServerConfigKeys (ConfUtils.java:logGet(43)) - raft.server.log.statemachine.data.sync.timeout = 10s (default)
2019-09-25 07:19:24,756 [pool-177-thread-1] INFO  server.RaftServerConfigKeys (ConfUtils.java:logGet(43)) - raft.server.log.statemachine.data.sync.timeout.retry = -1 (default)
2019-09-25 07:19:24,757 [pool-177-thread-1] INFO  server.RaftServerConfigKeys (ConfUtils.java:logGet(43)) - raft.server.log.statemachine.data.caching.enabled = true (custom)
2019-09-25 07:19:24,757 [pool-177-thread-1] INFO  segmented.SegmentedRaftLogWorker (SegmentedRaftLogWorker.java:lambda$new$0(132)) - f001641b-37ec-46f2-975b-c72720f35757@group-3481F08A1CFA-SegmentedRaftLogWorker: flushIndex: setUnconditionally 0 -> -1
2019-09-25 07:19:24,758 [pool-177-thread-1] INFO  server.RaftServerConfigKeys (ConfUtils.java:logGet(43)) - raft.server.snapshot.auto.trigger.enabled = true (custom)
2019-09-25 07:19:24,758 [pool-177-thread-1] INFO  server.RaftServerConfigKeys (ConfUtils.java:logGet(43)) - raft.server.snapshot.auto.trigger.threshold = 10000 (custom)
2019-09-25 07:19:24,758 [pool-177-thread-1] INFO  server.RaftServerConfigKeys (ConfUtils.java:logGet(43)) - raft.server.snapshot.retention.num.files = 5 (custom)
2019-09-25 07:19:24,758 [pool-177-thread-1] INFO  server.RaftServerConfigKeys (ConfUtils.java:logGet(43)) - raft.server.retrycache.expirytime = 600000ms (custom)
2019-09-25 07:19:24,760 [pool-177-thread-1] INFO  impl.RaftServerImpl (RaftServerImpl.java:start(185)) - f001641b-37ec-46f2-975b-c72720f35757@group-3481F08A1CFA: start as a follower, conf=-1: [f001641b-37ec-46f2-975b-c72720f35757:192.168.30.10:35375], old=null
2019-09-25 07:19:24,760 [pool-177-thread-1] INFO  impl.RaftServerImpl (RaftServerImpl.java:setRole(174)) - f001641b-37ec-46f2-975b-c72720f35757@group-3481F08A1CFA: changes role from      null to FOLLOWER at term 0 for startAsFollower
2019-09-25 07:19:24,760 [pool-177-thread-1] INFO  impl.RoleInfo (RoleInfo.java:updateAndGet(143)) - f001641b-37ec-46f2-975b-c72720f35757: start FollowerState
2019-09-25 07:19:24,760 [pool-177-thread-1] INFO  util.JmxRegister (JmxRegister.java:tryRegister(44)) - Successfully registered JMX Bean with object name Ratis:service=RaftServer,group=group-3481F08A1CFA,id=f001641b-37ec-46f2-975b-c72720f35757
2019-09-25 07:19:24,764 [RatisPipelineUtilsThread] INFO  pipeline.PipelineStateManager (PipelineStateManager.java:addPipeline(56)) - Created pipeline Pipeline[ Id: c8325e3c-a185-4d6c-8f07-3481f08a1cfa, Nodes: f001641b-37ec-46f2-975b-c72720f35757{ip: 192.168.30.10, host: pr-hdds-1569-s62bp-3040748787, networkLocation: /default-rack, certSerialId: null}, Type:RATIS, Factor:ONE, State:OPEN]
2019-09-25 07:19:24,771 [IPC Server handler 1 on 40027] INFO  net.NetworkTopology (NetworkTopologyImpl.java:add(111)) - Added a new node: /default-rack/f13e407e-3550-4add-9ccd-cdd7f285656a
2019-09-25 07:19:24,771 [IPC Server handler 1 on 40027] INFO  node.SCMNodeManager (SCMNodeManager.java:register(266)) - Registered Data node : f13e407e-3550-4add-9ccd-cdd7f285656a{ip: 192.168.30.10, host: pr-hdds-1569-s62bp-3040748787, networkLocation: /default-rack, certSerialId: null}
2019-09-25 07:19:24,771 [grpc-default-executor-0] INFO  impl.RaftServerProxy (RaftServerProxy.java:addNew(89)) - f001641b-37ec-46f2-975b-c72720f35757: addNew group-0FD5473A744A:[f001641b-37ec-46f2-975b-c72720f35757:192.168.30.10:35375] returns group-0FD5473A744A:java.util.concurrent.CompletableFuture@211167f8[Not completed]
2019-09-25 07:19:24,772 [pool-177-thread-1] INFO  impl.RaftServerImpl (RaftServerImpl.java:<init>(95)) - f001641b-37ec-46f2-975b-c72720f35757: new RaftServerImpl for group-0FD5473A744A:[f001641b-37ec-46f2-975b-c72720f35757:192.168.30.10:35375] with ContainerStateMachine:uninitialized
2019-09-25 07:19:24,772 [pool-177-thread-1] INFO  server.RaftServerConfigKeys (ConfUtils.java:logGet(43)) - raft.server.rpc.timeout.min = 5s (custom)
2019-09-25 07:19:24,772 [pool-177-thread-1] INFO  server.RaftServerConfigKeys (ConfUtils.java:logGet(43)) - raft.server.rpc.timeout.max = 5200ms (custom)
2019-09-25 07:19:24,773 [pool-177-thread-1] INFO  server.RaftServerConfigKeys (ConfUtils.java:logGet(43)) - raft.server.rpcslowness.timeout = 120s (custom)
2019-09-25 07:19:24,773 [pool-177-thread-1] INFO  server.RaftServerConfigKeys (ConfUtils.java:logGet(43)) - raft.server.sleep.deviation.threshold = 300 (default)
2019-09-25 07:19:24,773 [pool-177-thread-1] INFO  server.RaftServerConfigKeys (ConfUtils.java:logGet(43)) - raft.server.log.appender.install.snapshot.enabled = false (custom)
2019-09-25 07:19:24,773 [pool-177-thread-1] INFO  impl.RaftServerImpl (ServerState.java:<init>(103)) - f001641b-37ec-46f2-975b-c72720f35757@group-0FD5473A744A: ConfigurationManager, init=-1: [f001641b-37ec-46f2-975b-c72720f35757:192.168.30.10:35375], old=null, confs=<EMPTY_MAP>
2019-09-25 07:19:24,773 [pool-177-thread-1] INFO  server.RaftServerConfigKeys (ConfUtils.java:logGet(43)) - raft.server.storage.dir = [/workdir/hadoop-ozone/ozonefs/target/test-dir/MiniOzoneClusterImpl-3fce1b0a-df6a-4342-ad64-1814f71f3ecd/datanode-0/data/ratis] (custom)
2019-09-25 07:19:24,774 [pool-177-thread-1] INFO  storage.RaftStorageDirectory (RaftStorageDirectory.java:analyzeStorage(246)) - The storage directory /workdir/hadoop-ozone/ozonefs/target/test-dir/MiniOzoneClusterImpl-3fce1b0a-df6a-4342-ad64-1814f71f3ecd/datanode-0/data/ratis/a4248be2-299c-4e4f-ac15-0fd5473a744a does not exist. Creating ...
2019-09-25 07:19:24,786 [pool-177-thread-1] INFO  storage.RaftStorageDirectory (RaftStorageDirectory.java:tryLock(328)) - Lock on /workdir/hadoop-ozone/ozonefs/target/test-dir/MiniOzoneClusterImpl-3fce1b0a-df6a-4342-ad64-1814f71f3ecd/datanode-0/data/ratis/a4248be2-299c-4e4f-ac15-0fd5473a744a/in_use.lock acquired by nodename 21239@pr-hdds-1569-s62bp-3040748787
2019-09-25 07:19:24,799 [pool-177-thread-1] INFO  storage.RaftStorage (RaftStorage.java:format(72)) - Storage directory /workdir/hadoop-ozone/ozonefs/target/test-dir/MiniOzoneClusterImpl-3fce1b0a-df6a-4342-ad64-1814f71f3ecd/datanode-0/data/ratis/a4248be2-299c-4e4f-ac15-0fd5473a744a has been successfully formatted.
2019-09-25 07:19:24,800 [pool-177-thread-1] INFO  ratis.ContainerStateMachine (ContainerStateMachine.java:loadSnapshot(230)) - group-0FD5473A744A: The snapshot info is null. Setting the last applied indexto:(t:0, i:~)
2019-09-25 07:19:24,800 [pool-177-thread-1] INFO  server.RaftServerConfigKeys (ConfUtils.java:logGet(43)) - raft.server.notification.no-leader.timeout = 120s (custom)
2019-09-25 07:19:24,800 [pool-177-thread-1] INFO  server.RaftServerConfigKeys (ConfUtils.java:logGet(43)) - raft.server.log.use.memory = false (default)
2019-09-25 07:19:24,800 [pool-177-thread-1] INFO  server.RaftServerConfigKeys (ConfUtils.java:logGet(43)) - raft.server.log.purge.gap = 1000000 (custom)
2019-09-25 07:19:24,800 [pool-177-thread-1] INFO  server.RaftServerConfigKeys (ConfUtils.java:logGet(43)) - raft.server.log.appender.buffer.byte-limit = 33554432 (custom)
2019-09-25 07:19:24,800 [pool-177-thread-1] INFO  server.RaftServerConfigKeys (ConfUtils.java:logGet(43)) - raft.server.log.segment.size.max = 1048576 (custom)
2019-09-25 07:19:24,801 [pool-177-thread-1] INFO  server.RaftServerConfigKeys (ConfUtils.java:logGet(43)) - raft.server.log.segment.cache.num.max = 2 (custom)
2019-09-25 07:19:24,801 [pool-177-thread-1] INFO  segmented.SegmentedRaftLogWorker (SegmentedRaftLogWorker.java:<init>(172)) - new f001641b-37ec-46f2-975b-c72720f35757@group-0FD5473A744A-SegmentedRaftLogWorker for RaftStorage:Storage Directory /workdir/hadoop-ozone/ozonefs/target/test-dir/MiniOzoneClusterImpl-3fce1b0a-df6a-4342-ad64-1814f71f3ecd/datanode-0/data/ratis/a4248be2-299c-4e4f-ac15-0fd5473a744a
2019-09-25 07:19:24,801 [pool-177-thread-1] INFO  server.RaftServerConfigKeys (ConfUtils.java:logGet(43)) - raft.server.log.queue.byte-limit = 2147483647 (custom)
2019-09-25 07:19:24,801 [pool-177-thread-1] INFO  server.RaftServerConfigKeys (ConfUtils.java:logGet(43)) - raft.server.log.queue.element-limit = 1024 (custom)
2019-09-25 07:19:24,801 [pool-177-thread-1] INFO  server.RaftServerConfigKeys (ConfUtils.java:logGet(43)) - raft.server.log.segment.size.max = 1048576 (custom)
2019-09-25 07:19:24,801 [pool-177-thread-1] INFO  server.RaftServerConfigKeys (ConfUtils.java:logGet(43)) - raft.server.log.preallocated.size = 16384 (custom)
2019-09-25 07:19:24,801 [pool-177-thread-1] INFO  server.RaftServerConfigKeys (ConfUtils.java:logGet(43)) - raft.server.log.write.buffer.size = 33554432 (custom)
2019-09-25 07:19:24,802 [pool-177-thread-1] INFO  server.RaftServerConfigKeys (ConfUtils.java:logGet(43)) - raft.server.log.force.sync.num = 128 (default)
2019-09-25 07:19:24,802 [pool-177-thread-1] INFO  server.RaftServerConfigKeys (ConfUtils.java:logGet(43)) - raft.server.log.statemachine.data.sync = true (default)
2019-09-25 07:19:24,802 [pool-177-thread-1] INFO  server.RaftServerConfigKeys (ConfUtils.java:logGet(43)) - raft.server.log.statemachine.data.sync.timeout = 10s (default)
2019-09-25 07:19:24,802 [pool-177-thread-1] INFO  server.RaftServerConfigKeys (ConfUtils.java:logGet(43)) - raft.server.log.statemachine.data.sync.timeout.retry = -1 (default)
2019-09-25 07:19:24,802 [pool-177-thread-1] INFO  server.RaftServerConfigKeys (ConfUtils.java:logGet(43)) - raft.server.log.statemachine.data.caching.enabled = true (custom)
2019-09-25 07:19:24,802 [pool-177-thread-1] INFO  segmented.SegmentedRaftLogWorker (SegmentedRaftLogWorker.java:lambda$new$0(132)) - f001641b-37ec-46f2-975b-c72720f35757@group-0FD5473A744A-SegmentedRaftLogWorker: flushIndex: setUnconditionally 0 -> -1
2019-09-25 07:19:24,803 [pool-177-thread-1] INFO  server.RaftServerConfigKeys (ConfUtils.java:logGet(43)) - raft.server.snapshot.auto.trigger.enabled = true (custom)
2019-09-25 07:19:24,803 [pool-177-thread-1] INFO  server.RaftServerConfigKeys (ConfUtils.java:logGet(43)) - raft.server.snapshot.auto.trigger.threshold = 10000 (custom)
2019-09-25 07:19:24,803 [pool-177-thread-1] INFO  server.RaftServerConfigKeys (ConfUtils.java:logGet(43)) - raft.server.snapshot.retention.num.files = 5 (custom)
2019-09-25 07:19:24,803 [pool-177-thread-1] INFO  server.RaftServerConfigKeys (ConfUtils.java:logGet(43)) - raft.server.retrycache.expirytime = 600000ms (custom)
2019-09-25 07:19:24,805 [pool-177-thread-1] INFO  impl.RaftServerImpl (RaftServerImpl.java:start(185)) - f001641b-37ec-46f2-975b-c72720f35757@group-0FD5473A744A: start as a follower, conf=-1: [f001641b-37ec-46f2-975b-c72720f35757:192.168.30.10:35375], old=null
2019-09-25 07:19:24,805 [pool-177-thread-1] INFO  impl.RaftServerImpl (RaftServerImpl.java:setRole(174)) - f001641b-37ec-46f2-975b-c72720f35757@group-0FD5473A744A: changes role from      null to FOLLOWER at term 0 for startAsFollower
2019-09-25 07:19:24,805 [pool-177-thread-1] INFO  impl.RoleInfo (RoleInfo.java:updateAndGet(143)) - f001641b-37ec-46f2-975b-c72720f35757: start FollowerState
2019-09-25 07:19:24,806 [pool-177-thread-1] INFO  util.JmxRegister (JmxRegister.java:tryRegister(44)) - Successfully registered JMX Bean with object name Ratis:service=RaftServer,group=group-0FD5473A744A,id=f001641b-37ec-46f2-975b-c72720f35757
2019-09-25 07:19:24,809 [RatisPipelineUtilsThread] INFO  pipeline.PipelineStateManager (PipelineStateManager.java:addPipeline(56)) - Created pipeline Pipeline[ Id: a4248be2-299c-4e4f-ac15-0fd5473a744a, Nodes: f001641b-37ec-46f2-975b-c72720f35757{ip: 192.168.30.10, host: pr-hdds-1569-s62bp-3040748787, networkLocation: /default-rack, certSerialId: null}, Type:RATIS, Factor:ONE, State:OPEN]
2019-09-25 07:19:24,823 [grpc-default-executor-0] INFO  impl.RaftServerProxy (RaftServerProxy.java:addNew(89)) - f001641b-37ec-46f2-975b-c72720f35757: addNew group-A89D41705C57:[f001641b-37ec-46f2-975b-c72720f35757:192.168.30.10:35375] returns group-A89D41705C57:java.util.concurrent.CompletableFuture@70e4ac34[Not completed]
2019-09-25 07:19:24,824 [pool-177-thread-1] INFO  impl.RaftServerImpl (RaftServerImpl.java:<init>(95)) - f001641b-37ec-46f2-975b-c72720f35757: new RaftServerImpl for group-A89D41705C57:[f001641b-37ec-46f2-975b-c72720f35757:192.168.30.10:35375] with ContainerStateMachine:uninitialized
2019-09-25 07:19:24,825 [pool-177-thread-1] INFO  server.RaftServerConfigKeys (ConfUtils.java:logGet(43)) - raft.server.rpc.timeout.min = 5s (custom)
2019-09-25 07:19:24,825 [pool-177-thread-1] INFO  server.RaftServerConfigKeys (ConfUtils.java:logGet(43)) - raft.server.rpc.timeout.max = 5200ms (custom)
2019-09-25 07:19:24,825 [pool-177-thread-1] INFO  server.RaftServerConfigKeys (ConfUtils.java:logGet(43)) - raft.server.rpcslowness.timeout = 120s (custom)
2019-09-25 07:19:24,825 [pool-177-thread-1] INFO  server.RaftServerConfigKeys (ConfUtils.java:logGet(43)) - raft.server.sleep.deviation.threshold = 300 (default)
2019-09-25 07:19:24,825 [pool-177-thread-1] INFO  server.RaftServerConfigKeys (ConfUtils.java:logGet(43)) - raft.server.log.appender.install.snapshot.enabled = false (custom)
2019-09-25 07:19:24,825 [pool-177-thread-1] INFO  impl.RaftServerImpl (ServerState.java:<init>(103)) - f001641b-37ec-46f2-975b-c72720f35757@group-A89D41705C57: ConfigurationManager, init=-1: [f001641b-37ec-46f2-975b-c72720f35757:192.168.30.10:35375], old=null, confs=<EMPTY_MAP>
2019-09-25 07:19:24,825 [pool-177-thread-1] INFO  server.RaftServerConfigKeys (ConfUtils.java:logGet(43)) - raft.server.storage.dir = [/workdir/hadoop-ozone/ozonefs/target/test-dir/MiniOzoneClusterImpl-3fce1b0a-df6a-4342-ad64-1814f71f3ecd/datanode-0/data/ratis] (custom)
2019-09-25 07:19:24,826 [pool-177-thread-1] INFO  storage.RaftStorageDirectory (RaftStorageDirectory.java:analyzeStorage(246)) - The storage directory /workdir/hadoop-ozone/ozonefs/target/test-dir/MiniOzoneClusterImpl-3fce1b0a-df6a-4342-ad64-1814f71f3ecd/datanode-0/data/ratis/b669810d-7e28-477d-99d8-a89d41705c57 does not exist. Creating ...
2019-09-25 07:19:24,836 [Thread-810] INFO  ozone.MiniOzoneClusterImpl (MiniOzoneClusterImpl.java:lambda$waitForClusterToBeReady$0(147)) - Waiting for cluster to be ready. Got 2 of 3 DN Heartbeats.
2019-09-25 07:19:24,838 [IPC Server handler 3 on 40027] INFO  net.NetworkTopology (NetworkTopologyImpl.java:add(111)) - Added a new node: /default-rack/e3324a52-b217-41e5-a9e7-1ad29ddf9356
2019-09-25 07:19:24,838 [IPC Server handler 3 on 40027] INFO  node.SCMNodeManager (SCMNodeManager.java:register(266)) - Registered Data node : e3324a52-b217-41e5-a9e7-1ad29ddf9356{ip: 192.168.30.10, host: pr-hdds-1569-s62bp-3040748787, networkLocation: /default-rack, certSerialId: null}
2019-09-25 07:19:24,839 [pool-177-thread-1] INFO  storage.RaftStorageDirectory (RaftStorageDirectory.java:tryLock(328)) - Lock on /workdir/hadoop-ozone/ozonefs/target/test-dir/MiniOzoneClusterImpl-3fce1b0a-df6a-4342-ad64-1814f71f3ecd/datanode-0/data/ratis/b669810d-7e28-477d-99d8-a89d41705c57/in_use.lock acquired by nodename 21239@pr-hdds-1569-s62bp-3040748787
2019-09-25 07:19:24,852 [pool-177-thread-1] INFO  storage.RaftStorage (RaftStorage.java:format(72)) - Storage directory /workdir/hadoop-ozone/ozonefs/target/test-dir/MiniOzoneClusterImpl-3fce1b0a-df6a-4342-ad64-1814f71f3ecd/datanode-0/data/ratis/b669810d-7e28-477d-99d8-a89d41705c57 has been successfully formatted.
2019-09-25 07:19:24,852 [pool-177-thread-1] INFO  ratis.ContainerStateMachine (ContainerStateMachine.java:loadSnapshot(230)) - group-A89D41705C57: The snapshot info is null. Setting the last applied indexto:(t:0, i:~)
2019-09-25 07:19:24,853 [pool-177-thread-1] INFO  server.RaftServerConfigKeys (ConfUtils.java:logGet(43)) - raft.server.notification.no-leader.timeout = 120s (custom)
2019-09-25 07:19:24,853 [pool-177-thread-1] INFO  server.RaftServerConfigKeys (ConfUtils.java:logGet(43)) - raft.server.log.use.memory = false (default)
2019-09-25 07:19:24,853 [pool-177-thread-1] INFO  server.RaftServerConfigKeys (ConfUtils.java:logGet(43)) - raft.server.log.purge.gap = 1000000 (custom)
2019-09-25 07:19:24,853 [pool-177-thread-1] INFO  server.RaftServerConfigKeys (ConfUtils.java:logGet(43)) - raft.server.log.appender.buffer.byte-limit = 33554432 (custom)
2019-09-25 07:19:24,853 [pool-177-thread-1] INFO  server.RaftServerConfigKeys (ConfUtils.java:logGet(43)) - raft.server.log.segment.size.max = 1048576 (custom)
2019-09-25 07:19:24,853 [pool-177-thread-1] INFO  server.RaftServerConfigKeys (ConfUtils.java:logGet(43)) - raft.server.log.segment.cache.num.max = 2 (custom)
2019-09-25 07:19:24,854 [pool-177-thread-1] INFO  segmented.SegmentedRaftLogWorker (SegmentedRaftLogWorker.java:<init>(172)) - new f001641b-37ec-46f2-975b-c72720f35757@group-A89D41705C57-SegmentedRaftLogWorker for RaftStorage:Storage Directory /workdir/hadoop-ozone/ozonefs/target/test-dir/MiniOzoneClusterImpl-3fce1b0a-df6a-4342-ad64-1814f71f3ecd/datanode-0/data/ratis/b669810d-7e28-477d-99d8-a89d41705c57
2019-09-25 07:19:24,854 [pool-177-thread-1] INFO  server.RaftServerConfigKeys (ConfUtils.java:logGet(43)) - raft.server.log.queue.byte-limit = 2147483647 (custom)
2019-09-25 07:19:24,854 [pool-177-thread-1] INFO  server.RaftServerConfigKeys (ConfUtils.java:logGet(43)) - raft.server.log.queue.element-limit = 1024 (custom)
2019-09-25 07:19:24,854 [pool-177-thread-1] INFO  server.RaftServerConfigKeys (ConfUtils.java:logGet(43)) - raft.server.log.segment.size.max = 1048576 (custom)
2019-09-25 07:19:24,854 [pool-177-thread-1] INFO  server.RaftServerConfigKeys (ConfUtils.java:logGet(43)) - raft.server.log.preallocated.size = 16384 (custom)
2019-09-25 07:19:24,854 [pool-177-thread-1] INFO  server.RaftServerConfigKeys (ConfUtils.java:logGet(43)) - raft.server.log.write.buffer.size = 33554432 (custom)
2019-09-25 07:19:24,854 [pool-177-thread-1] INFO  server.RaftServerConfigKeys (ConfUtils.java:logGet(43)) - raft.server.log.force.sync.num = 128 (default)
2019-09-25 07:19:24,854 [pool-177-thread-1] INFO  server.RaftServerConfigKeys (ConfUtils.java:logGet(43)) - raft.server.log.statemachine.data.sync = true (default)
2019-09-25 07:19:24,855 [pool-177-thread-1] INFO  server.RaftServerConfigKeys (ConfUtils.java:logGet(43)) - raft.server.log.statemachine.data.sync.timeout = 10s (default)
2019-09-25 07:19:24,855 [pool-177-thread-1] INFO  server.RaftServerConfigKeys (ConfUtils.java:logGet(43)) - raft.server.log.statemachine.data.sync.timeout.retry = -1 (default)
2019-09-25 07:19:24,855 [pool-177-thread-1] INFO  server.RaftServerConfigKeys (ConfUtils.java:logGet(43)) - raft.server.log.statemachine.data.caching.enabled = true (custom)
2019-09-25 07:19:24,855 [pool-177-thread-1] INFO  segmented.SegmentedRaftLogWorker (SegmentedRaftLogWorker.java:lambda$new$0(132)) - f001641b-37ec-46f2-975b-c72720f35757@group-A89D41705C57-SegmentedRaftLogWorker: flushIndex: setUnconditionally 0 -> -1
2019-09-25 07:19:24,856 [pool-177-thread-1] INFO  server.RaftServerConfigKeys (ConfUtils.java:logGet(43)) - raft.server.snapshot.auto.trigger.enabled = true (custom)
2019-09-25 07:19:24,856 [pool-177-thread-1] INFO  server.RaftServerConfigKeys (ConfUtils.java:logGet(43)) - raft.server.snapshot.auto.trigger.threshold = 10000 (custom)
2019-09-25 07:19:24,856 [pool-177-thread-1] INFO  server.RaftServerConfigKeys (ConfUtils.java:logGet(43)) - raft.server.snapshot.retention.num.files = 5 (custom)
2019-09-25 07:19:24,856 [pool-177-thread-1] INFO  server.RaftServerConfigKeys (ConfUtils.java:logGet(43)) - raft.server.retrycache.expirytime = 600000ms (custom)
2019-09-25 07:19:24,858 [pool-177-thread-1] INFO  impl.RaftServerImpl (RaftServerImpl.java:start(185)) - f001641b-37ec-46f2-975b-c72720f35757@group-A89D41705C57: start as a follower, conf=-1: [f001641b-37ec-46f2-975b-c72720f35757:192.168.30.10:35375], old=null
2019-09-25 07:19:24,858 [pool-177-thread-1] INFO  impl.RaftServerImpl (RaftServerImpl.java:setRole(174)) - f001641b-37ec-46f2-975b-c72720f35757@group-A89D41705C57: changes role from      null to FOLLOWER at term 0 for startAsFollower
2019-09-25 07:19:24,858 [pool-177-thread-1] INFO  impl.RoleInfo (RoleInfo.java:updateAndGet(143)) - f001641b-37ec-46f2-975b-c72720f35757: start FollowerState
2019-09-25 07:19:24,859 [pool-177-thread-1] INFO  util.JmxRegister (JmxRegister.java:tryRegister(44)) - Successfully registered JMX Bean with object name Ratis:service=RaftServer,group=group-A89D41705C57,id=f001641b-37ec-46f2-975b-c72720f35757
2019-09-25 07:19:24,862 [RatisPipelineUtilsThread] INFO  pipeline.PipelineStateManager (PipelineStateManager.java:addPipeline(56)) - Created pipeline Pipeline[ Id: b669810d-7e28-477d-99d8-a89d41705c57, Nodes: f001641b-37ec-46f2-975b-c72720f35757{ip: 192.168.30.10, host: pr-hdds-1569-s62bp-3040748787, networkLocation: /default-rack, certSerialId: null}, Type:RATIS, Factor:ONE, State:OPEN]
2019-09-25 07:19:24,868 [grpc-default-executor-0] INFO  impl.RaftServerProxy (RaftServerProxy.java:addNew(89)) - f001641b-37ec-46f2-975b-c72720f35757: addNew group-BE613BF644D4:[f001641b-37ec-46f2-975b-c72720f35757:192.168.30.10:35375] returns group-BE613BF644D4:java.util.concurrent.CompletableFuture@684972cc[Not completed]
2019-09-25 07:19:24,869 [pool-177-thread-1] INFO  impl.RaftServerImpl (RaftServerImpl.java:<init>(95)) - f001641b-37ec-46f2-975b-c72720f35757: new RaftServerImpl for group-BE613BF644D4:[f001641b-37ec-46f2-975b-c72720f35757:192.168.30.10:35375] with ContainerStateMachine:uninitialized
2019-09-25 07:19:24,869 [pool-177-thread-1] INFO  server.RaftServerConfigKeys (ConfUtils.java:logGet(43)) - raft.server.rpc.timeout.min = 5s (custom)
2019-09-25 07:19:24,869 [pool-177-thread-1] INFO  server.RaftServerConfigKeys (ConfUtils.java:logGet(43)) - raft.server.rpc.timeout.max = 5200ms (custom)
2019-09-25 07:19:24,869 [pool-177-thread-1] INFO  server.RaftServerConfigKeys (ConfUtils.java:logGet(43)) - raft.server.rpcslowness.timeout = 120s (custom)
2019-09-25 07:19:24,870 [pool-177-thread-1] INFO  server.RaftServerConfigKeys (ConfUtils.java:logGet(43)) - raft.server.sleep.deviation.threshold = 300 (default)
2019-09-25 07:19:24,870 [pool-177-thread-1] INFO  server.RaftServerConfigKeys (ConfUtils.java:logGet(43)) - raft.server.log.appender.install.snapshot.enabled = false (custom)
2019-09-25 07:19:24,870 [pool-177-thread-1] INFO  impl.RaftServerImpl (ServerState.java:<init>(103)) - f001641b-37ec-46f2-975b-c72720f35757@group-BE613BF644D4: ConfigurationManager, init=-1: [f001641b-37ec-46f2-975b-c72720f35757:192.168.30.10:35375], old=null, confs=<EMPTY_MAP>
2019-09-25 07:19:24,870 [pool-177-thread-1] INFO  server.RaftServerConfigKeys (ConfUtils.java:logGet(43)) - raft.server.storage.dir = [/workdir/hadoop-ozone/ozonefs/target/test-dir/MiniOzoneClusterImpl-3fce1b0a-df6a-4342-ad64-1814f71f3ecd/datanode-0/data/ratis] (custom)
2019-09-25 07:19:24,870 [pool-177-thread-1] INFO  storage.RaftStorageDirectory (RaftStorageDirectory.java:analyzeStorage(246)) - The storage directory /workdir/hadoop-ozone/ozonefs/target/test-dir/MiniOzoneClusterImpl-3fce1b0a-df6a-4342-ad64-1814f71f3ecd/datanode-0/data/ratis/8a4a2e4a-9038-4b39-8861-be613bf644d4 does not exist. Creating ...
2019-09-25 07:19:24,883 [pool-177-thread-1] INFO  storage.RaftStorageDirectory (RaftStorageDirectory.java:tryLock(328)) - Lock on /workdir/hadoop-ozone/ozonefs/target/test-dir/MiniOzoneClusterImpl-3fce1b0a-df6a-4342-ad64-1814f71f3ecd/datanode-0/data/ratis/8a4a2e4a-9038-4b39-8861-be613bf644d4/in_use.lock acquired by nodename 21239@pr-hdds-1569-s62bp-3040748787
2019-09-25 07:19:24,897 [pool-177-thread-1] INFO  storage.RaftStorage (RaftStorage.java:format(72)) - Storage directory /workdir/hadoop-ozone/ozonefs/target/test-dir/MiniOzoneClusterImpl-3fce1b0a-df6a-4342-ad64-1814f71f3ecd/datanode-0/data/ratis/8a4a2e4a-9038-4b39-8861-be613bf644d4 has been successfully formatted.
2019-09-25 07:19:24,897 [pool-177-thread-1] INFO  ratis.ContainerStateMachine (ContainerStateMachine.java:loadSnapshot(230)) - group-BE613BF644D4: The snapshot info is null. Setting the last applied indexto:(t:0, i:~)
2019-09-25 07:19:24,897 [pool-177-thread-1] INFO  server.RaftServerConfigKeys (ConfUtils.java:logGet(43)) - raft.server.notification.no-leader.timeout = 120s (custom)
2019-09-25 07:19:24,897 [pool-177-thread-1] INFO  server.RaftServerConfigKeys (ConfUtils.java:logGet(43)) - raft.server.log.use.memory = false (default)
2019-09-25 07:19:24,897 [pool-177-thread-1] INFO  server.RaftServerConfigKeys (ConfUtils.java:logGet(43)) - raft.server.log.purge.gap = 1000000 (custom)
2019-09-25 07:19:24,897 [pool-177-thread-1] INFO  server.RaftServerConfigKeys (ConfUtils.java:logGet(43)) - raft.server.log.appender.buffer.byte-limit = 33554432 (custom)
2019-09-25 07:19:24,897 [pool-177-thread-1] INFO  server.RaftServerConfigKeys (ConfUtils.java:logGet(43)) - raft.server.log.segment.size.max = 1048576 (custom)
2019-09-25 07:19:24,898 [pool-177-thread-1] INFO  server.RaftServerConfigKeys (ConfUtils.java:logGet(43)) - raft.server.log.segment.cache.num.max = 2 (custom)
2019-09-25 07:19:24,898 [pool-177-thread-1] INFO  segmented.SegmentedRaftLogWorker (SegmentedRaftLogWorker.java:<init>(172)) - new f001641b-37ec-46f2-975b-c72720f35757@group-BE613BF644D4-SegmentedRaftLogWorker for RaftStorage:Storage Directory /workdir/hadoop-ozone/ozonefs/target/test-dir/MiniOzoneClusterImpl-3fce1b0a-df6a-4342-ad64-1814f71f3ecd/datanode-0/data/ratis/8a4a2e4a-9038-4b39-8861-be613bf644d4
2019-09-25 07:19:24,898 [pool-177-thread-1] INFO  server.RaftServerConfigKeys (ConfUtils.java:logGet(43)) - raft.server.log.queue.byte-limit = 2147483647 (custom)
2019-09-25 07:19:24,898 [pool-177-thread-1] INFO  server.RaftServerConfigKeys (ConfUtils.java:logGet(43)) - raft.server.log.queue.element-limit = 1024 (custom)
2019-09-25 07:19:24,898 [pool-177-thread-1] INFO  server.RaftServerConfigKeys (ConfUtils.java:logGet(43)) - raft.server.log.segment.size.max = 1048576 (custom)
2019-09-25 07:19:24,898 [pool-177-thread-1] INFO  server.RaftServerConfigKeys (ConfUtils.java:logGet(43)) - raft.server.log.preallocated.size = 16384 (custom)
2019-09-25 07:19:24,898 [pool-177-thread-1] INFO  server.RaftServerConfigKeys (ConfUtils.java:logGet(43)) - raft.server.log.write.buffer.size = 33554432 (custom)
2019-09-25 07:19:24,898 [pool-177-thread-1] INFO  server.RaftServerConfigKeys (ConfUtils.java:logGet(43)) - raft.server.log.force.sync.num = 128 (default)
2019-09-25 07:19:24,899 [pool-177-thread-1] INFO  server.RaftServerConfigKeys (ConfUtils.java:logGet(43)) - raft.server.log.statemachine.data.sync = true (default)
2019-09-25 07:19:24,899 [pool-177-thread-1] INFO  server.RaftServerConfigKeys (ConfUtils.java:logGet(43)) - raft.server.log.statemachine.data.sync.timeout = 10s (default)
2019-09-25 07:19:24,899 [pool-177-thread-1] INFO  server.RaftServerConfigKeys (ConfUtils.java:logGet(43)) - raft.server.log.statemachine.data.sync.timeout.retry = -1 (default)
2019-09-25 07:19:24,899 [pool-177-thread-1] INFO  server.RaftServerConfigKeys (ConfUtils.java:logGet(43)) - raft.server.log.statemachine.data.caching.enabled = true (custom)
2019-09-25 07:19:24,899 [pool-177-thread-1] INFO  segmented.SegmentedRaftLogWorker (SegmentedRaftLogWorker.java:lambda$new$0(132)) - f001641b-37ec-46f2-975b-c72720f35757@group-BE613BF644D4-SegmentedRaftLogWorker: flushIndex: setUnconditionally 0 -> -1
2019-09-25 07:19:24,900 [pool-177-thread-1] INFO  server.RaftServerConfigKeys (ConfUtils.java:logGet(43)) - raft.server.snapshot.auto.trigger.enabled = true (custom)
2019-09-25 07:19:24,900 [pool-177-thread-1] INFO  server.RaftServerConfigKeys (ConfUtils.java:logGet(43)) - raft.server.snapshot.auto.trigger.threshold = 10000 (custom)
2019-09-25 07:19:24,900 [pool-177-thread-1] INFO  server.RaftServerConfigKeys (ConfUtils.java:logGet(43)) - raft.server.snapshot.retention.num.files = 5 (custom)
2019-09-25 07:19:24,900 [pool-177-thread-1] INFO  server.RaftServerConfigKeys (ConfUtils.java:logGet(43)) - raft.server.retrycache.expirytime = 600000ms (custom)
2019-09-25 07:19:24,901 [pool-177-thread-1] INFO  impl.RaftServerImpl (RaftServerImpl.java:start(185)) - f001641b-37ec-46f2-975b-c72720f35757@group-BE613BF644D4: start as a follower, conf=-1: [f001641b-37ec-46f2-975b-c72720f35757:192.168.30.10:35375], old=null
2019-09-25 07:19:24,901 [pool-177-thread-1] INFO  impl.RaftServerImpl (RaftServerImpl.java:setRole(174)) - f001641b-37ec-46f2-975b-c72720f35757@group-BE613BF644D4: changes role from      null to FOLLOWER at term 0 for startAsFollower
2019-09-25 07:19:24,902 [pool-177-thread-1] INFO  impl.RoleInfo (RoleInfo.java:updateAndGet(143)) - f001641b-37ec-46f2-975b-c72720f35757: start FollowerState
2019-09-25 07:19:24,902 [pool-177-thread-1] INFO  util.JmxRegister (JmxRegister.java:tryRegister(44)) - Successfully registered JMX Bean with object name Ratis:service=RaftServer,group=group-BE613BF644D4,id=f001641b-37ec-46f2-975b-c72720f35757
2019-09-25 07:19:24,905 [RatisPipelineUtilsThread] INFO  pipeline.PipelineStateManager (PipelineStateManager.java:addPipeline(56)) - Created pipeline Pipeline[ Id: 8a4a2e4a-9038-4b39-8861-be613bf644d4, Nodes: f001641b-37ec-46f2-975b-c72720f35757{ip: 192.168.30.10, host: pr-hdds-1569-s62bp-3040748787, networkLocation: /default-rack, certSerialId: null}, Type:RATIS, Factor:ONE, State:OPEN]
2019-09-25 07:19:24,914 [grpc-default-executor-0] INFO  impl.RaftServerProxy (RaftServerProxy.java:addNew(89)) - f13e407e-3550-4add-9ccd-cdd7f285656a: addNew group-006CB1ABFCEE:[f13e407e-3550-4add-9ccd-cdd7f285656a:192.168.30.10:34297] returns group-006CB1ABFCEE:java.util.concurrent.CompletableFuture@59d45e9d[Not completed]
2019-09-25 07:19:24,915 [pool-187-thread-1] INFO  impl.RaftServerImpl (RaftServerImpl.java:<init>(95)) - f13e407e-3550-4add-9ccd-cdd7f285656a: new RaftServerImpl for group-006CB1ABFCEE:[f13e407e-3550-4add-9ccd-cdd7f285656a:192.168.30.10:34297] with ContainerStateMachine:uninitialized
2019-09-25 07:19:24,916 [pool-187-thread-1] INFO  server.RaftServerConfigKeys (ConfUtils.java:logGet(43)) - raft.server.rpc.timeout.min = 5s (custom)
2019-09-25 07:19:24,916 [pool-187-thread-1] INFO  server.RaftServerConfigKeys (ConfUtils.java:logGet(43)) - raft.server.rpc.timeout.max = 5200ms (custom)
2019-09-25 07:19:24,916 [pool-187-thread-1] INFO  server.RaftServerConfigKeys (ConfUtils.java:logGet(43)) - raft.server.rpcslowness.timeout = 120s (custom)
2019-09-25 07:19:24,916 [pool-187-thread-1] INFO  server.RaftServerConfigKeys (ConfUtils.java:logGet(43)) - raft.server.sleep.deviation.threshold = 300 (default)
2019-09-25 07:19:24,916 [pool-187-thread-1] INFO  server.RaftServerConfigKeys (ConfUtils.java:logGet(43)) - raft.server.log.appender.install.snapshot.enabled = false (custom)
2019-09-25 07:19:24,916 [pool-187-thread-1] INFO  impl.RaftServerImpl (ServerState.java:<init>(103)) - f13e407e-3550-4add-9ccd-cdd7f285656a@group-006CB1ABFCEE: ConfigurationManager, init=-1: [f13e407e-3550-4add-9ccd-cdd7f285656a:192.168.30.10:34297], old=null, confs=<EMPTY_MAP>
2019-09-25 07:19:24,916 [pool-187-thread-1] INFO  server.RaftServerConfigKeys (ConfUtils.java:logGet(43)) - raft.server.storage.dir = [/workdir/hadoop-ozone/ozonefs/target/test-dir/MiniOzoneClusterImpl-3fce1b0a-df6a-4342-ad64-1814f71f3ecd/datanode-1/data/ratis] (custom)
2019-09-25 07:19:24,917 [pool-187-thread-1] INFO  storage.RaftStorageDirectory (RaftStorageDirectory.java:analyzeStorage(246)) - The storage directory /workdir/hadoop-ozone/ozonefs/target/test-dir/MiniOzoneClusterImpl-3fce1b0a-df6a-4342-ad64-1814f71f3ecd/datanode-1/data/ratis/c78cafa0-9f4c-46c4-9b0f-006cb1abfcee does not exist. Creating ...
2019-09-25 07:19:24,930 [pool-187-thread-1] INFO  storage.RaftStorageDirectory (RaftStorageDirectory.java:tryLock(328)) - Lock on /workdir/hadoop-ozone/ozonefs/target/test-dir/MiniOzoneClusterImpl-3fce1b0a-df6a-4342-ad64-1814f71f3ecd/datanode-1/data/ratis/c78cafa0-9f4c-46c4-9b0f-006cb1abfcee/in_use.lock acquired by nodename 21239@pr-hdds-1569-s62bp-3040748787
2019-09-25 07:19:24,943 [pool-187-thread-1] INFO  storage.RaftStorage (RaftStorage.java:format(72)) - Storage directory /workdir/hadoop-ozone/ozonefs/target/test-dir/MiniOzoneClusterImpl-3fce1b0a-df6a-4342-ad64-1814f71f3ecd/datanode-1/data/ratis/c78cafa0-9f4c-46c4-9b0f-006cb1abfcee has been successfully formatted.
2019-09-25 07:19:24,943 [pool-187-thread-1] INFO  ratis.ContainerStateMachine (ContainerStateMachine.java:loadSnapshot(230)) - group-006CB1ABFCEE: The snapshot info is null. Setting the last applied indexto:(t:0, i:~)
2019-09-25 07:19:24,943 [pool-187-thread-1] INFO  server.RaftServerConfigKeys (ConfUtils.java:logGet(43)) - raft.server.notification.no-leader.timeout = 120s (custom)
2019-09-25 07:19:24,943 [pool-187-thread-1] INFO  server.RaftServerConfigKeys (ConfUtils.java:logGet(43)) - raft.server.log.use.memory = false (default)
2019-09-25 07:19:24,944 [pool-187-thread-1] INFO  server.RaftServerConfigKeys (ConfUtils.java:logGet(43)) - raft.server.log.purge.gap = 1000000 (custom)
2019-09-25 07:19:24,944 [pool-187-thread-1] INFO  server.RaftServerConfigKeys (ConfUtils.java:logGet(43)) - raft.server.log.appender.buffer.byte-limit = 33554432 (custom)
2019-09-25 07:19:24,944 [pool-187-thread-1] INFO  server.RaftServerConfigKeys (ConfUtils.java:logGet(43)) - raft.server.log.segment.size.max = 1048576 (custom)
2019-09-25 07:19:24,944 [pool-187-thread-1] INFO  server.RaftServerConfigKeys (ConfUtils.java:logGet(43)) - raft.server.log.segment.cache.num.max = 2 (custom)
2019-09-25 07:19:24,944 [pool-187-thread-1] INFO  segmented.SegmentedRaftLogWorker (SegmentedRaftLogWorker.java:<init>(172)) - new f13e407e-3550-4add-9ccd-cdd7f285656a@group-006CB1ABFCEE-SegmentedRaftLogWorker for RaftStorage:Storage Directory /workdir/hadoop-ozone/ozonefs/target/test-dir/MiniOzoneClusterImpl-3fce1b0a-df6a-4342-ad64-1814f71f3ecd/datanode-1/data/ratis/c78cafa0-9f4c-46c4-9b0f-006cb1abfcee
2019-09-25 07:19:24,946 [pool-187-thread-1] INFO  server.RaftServerConfigKeys (ConfUtils.java:logGet(43)) - raft.server.log.queue.byte-limit = 2147483647 (custom)
2019-09-25 07:19:24,946 [pool-187-thread-1] INFO  server.RaftServerConfigKeys (ConfUtils.java:logGet(43)) - raft.server.log.queue.element-limit = 1024 (custom)
2019-09-25 07:19:24,946 [pool-187-thread-1] INFO  server.RaftServerConfigKeys (ConfUtils.java:logGet(43)) - raft.server.log.segment.size.max = 1048576 (custom)
2019-09-25 07:19:24,947 [pool-187-thread-1] INFO  server.RaftServerConfigKeys (ConfUtils.java:logGet(43)) - raft.server.log.preallocated.size = 16384 (custom)
2019-09-25 07:19:24,947 [pool-187-thread-1] INFO  server.RaftServerConfigKeys (ConfUtils.java:logGet(43)) - raft.server.log.write.buffer.size = 33554432 (custom)
2019-09-25 07:19:24,947 [pool-187-thread-1] INFO  server.RaftServerConfigKeys (ConfUtils.java:logGet(43)) - raft.server.log.force.sync.num = 128 (default)
2019-09-25 07:19:24,947 [pool-187-thread-1] INFO  server.RaftServerConfigKeys (ConfUtils.java:logGet(43)) - raft.server.log.statemachine.data.sync = true (default)
2019-09-25 07:19:24,947 [pool-187-thread-1] INFO  server.RaftServerConfigKeys (ConfUtils.java:logGet(43)) - raft.server.log.statemachine.data.sync.timeout = 10s (default)
2019-09-25 07:19:24,947 [pool-187-thread-1] INFO  server.RaftServerConfigKeys (ConfUtils.java:logGet(43)) - raft.server.log.statemachine.data.sync.timeout.retry = -1 (default)
2019-09-25 07:19:24,947 [pool-187-thread-1] INFO  server.RaftServerConfigKeys (ConfUtils.java:logGet(43)) - raft.server.log.statemachine.data.caching.enabled = true (custom)
2019-09-25 07:19:24,948 [pool-187-thread-1] INFO  segmented.SegmentedRaftLogWorker (SegmentedRaftLogWorker.java:lambda$new$0(132)) - f13e407e-3550-4add-9ccd-cdd7f285656a@group-006CB1ABFCEE-SegmentedRaftLogWorker: flushIndex: setUnconditionally 0 -> -1
2019-09-25 07:19:24,948 [pool-187-thread-1] INFO  server.RaftServerConfigKeys (ConfUtils.java:logGet(43)) - raft.server.snapshot.auto.trigger.enabled = true (custom)
2019-09-25 07:19:24,948 [pool-187-thread-1] INFO  server.RaftServerConfigKeys (ConfUtils.java:logGet(43)) - raft.server.snapshot.auto.trigger.threshold = 10000 (custom)
2019-09-25 07:19:24,948 [pool-187-thread-1] INFO  server.RaftServerConfigKeys (ConfUtils.java:logGet(43)) - raft.server.snapshot.retention.num.files = 5 (custom)
2019-09-25 07:19:24,948 [pool-187-thread-1] INFO  server.RaftServerConfigKeys (ConfUtils.java:logGet(43)) - raft.server.retrycache.expirytime = 600000ms (custom)
2019-09-25 07:19:24,950 [pool-187-thread-1] INFO  impl.RaftServerImpl (RaftServerImpl.java:start(185)) - f13e407e-3550-4add-9ccd-cdd7f285656a@group-006CB1ABFCEE: start as a follower, conf=-1: [f13e407e-3550-4add-9ccd-cdd7f285656a:192.168.30.10:34297], old=null
2019-09-25 07:19:24,950 [pool-187-thread-1] INFO  impl.RaftServerImpl (RaftServerImpl.java:setRole(174)) - f13e407e-3550-4add-9ccd-cdd7f285656a@group-006CB1ABFCEE: changes role from      null to FOLLOWER at term 0 for startAsFollower
2019-09-25 07:19:24,950 [pool-187-thread-1] INFO  impl.RoleInfo (RoleInfo.java:updateAndGet(143)) - f13e407e-3550-4add-9ccd-cdd7f285656a: start FollowerState
2019-09-25 07:19:24,951 [pool-187-thread-1] INFO  util.JmxRegister (JmxRegister.java:tryRegister(44)) - Successfully registered JMX Bean with object name Ratis:service=RaftServer,group=group-006CB1ABFCEE,id=f13e407e-3550-4add-9ccd-cdd7f285656a
2019-09-25 07:19:24,954 [RatisPipelineUtilsThread] INFO  pipeline.PipelineStateManager (PipelineStateManager.java:addPipeline(56)) - Created pipeline Pipeline[ Id: c78cafa0-9f4c-46c4-9b0f-006cb1abfcee, Nodes: f13e407e-3550-4add-9ccd-cdd7f285656a{ip: 192.168.30.10, host: pr-hdds-1569-s62bp-3040748787, networkLocation: /default-rack, certSerialId: null}, Type:RATIS, Factor:ONE, State:OPEN]
2019-09-25 07:19:24,960 [grpc-default-executor-0] INFO  impl.RaftServerProxy (RaftServerProxy.java:addNew(89)) - f001641b-37ec-46f2-975b-c72720f35757: addNew group-EA042F16BDE3:[f001641b-37ec-46f2-975b-c72720f35757:192.168.30.10:35375] returns group-EA042F16BDE3:java.util.concurrent.CompletableFuture@ac90bc7[Not completed]
2019-09-25 07:19:24,961 [pool-177-thread-1] INFO  impl.RaftServerImpl (RaftServerImpl.java:<init>(95)) - f001641b-37ec-46f2-975b-c72720f35757: new RaftServerImpl for group-EA042F16BDE3:[f001641b-37ec-46f2-975b-c72720f35757:192.168.30.10:35375] with ContainerStateMachine:uninitialized
2019-09-25 07:19:24,961 [pool-177-thread-1] INFO  server.RaftServerConfigKeys (ConfUtils.java:logGet(43)) - raft.server.rpc.timeout.min = 5s (custom)
2019-09-25 07:19:24,962 [pool-177-thread-1] INFO  server.RaftServerConfigKeys (ConfUtils.java:logGet(43)) - raft.server.rpc.timeout.max = 5200ms (custom)
2019-09-25 07:19:24,962 [pool-177-thread-1] INFO  server.RaftServerConfigKeys (ConfUtils.java:logGet(43)) - raft.server.rpcslowness.timeout = 120s (custom)
2019-09-25 07:19:24,962 [pool-177-thread-1] INFO  server.RaftServerConfigKeys (ConfUtils.java:logGet(43)) - raft.server.sleep.deviation.threshold = 300 (default)
2019-09-25 07:19:24,962 [pool-177-thread-1] INFO  server.RaftServerConfigKeys (ConfUtils.java:logGet(43)) - raft.server.log.appender.install.snapshot.enabled = false (custom)
2019-09-25 07:19:24,962 [pool-177-thread-1] INFO  impl.RaftServerImpl (ServerState.java:<init>(103)) - f001641b-37ec-46f2-975b-c72720f35757@group-EA042F16BDE3: ConfigurationManager, init=-1: [f001641b-37ec-46f2-975b-c72720f35757:192.168.30.10:35375], old=null, confs=<EMPTY_MAP>
2019-09-25 07:19:24,962 [pool-177-thread-1] INFO  server.RaftServerConfigKeys (ConfUtils.java:logGet(43)) - raft.server.storage.dir = [/workdir/hadoop-ozone/ozonefs/target/test-dir/MiniOzoneClusterImpl-3fce1b0a-df6a-4342-ad64-1814f71f3ecd/datanode-0/data/ratis] (custom)
2019-09-25 07:19:24,963 [pool-177-thread-1] INFO  storage.RaftStorageDirectory (RaftStorageDirectory.java:analyzeStorage(246)) - The storage directory /workdir/hadoop-ozone/ozonefs/target/test-dir/MiniOzoneClusterImpl-3fce1b0a-df6a-4342-ad64-1814f71f3ecd/datanode-0/data/ratis/d2044763-2622-48c9-9b18-ea042f16bde3 does not exist. Creating ...
2019-09-25 07:19:24,976 [pool-177-thread-1] INFO  storage.RaftStorageDirectory (RaftStorageDirectory.java:tryLock(328)) - Lock on /workdir/hadoop-ozone/ozonefs/target/test-dir/MiniOzoneClusterImpl-3fce1b0a-df6a-4342-ad64-1814f71f3ecd/datanode-0/data/ratis/d2044763-2622-48c9-9b18-ea042f16bde3/in_use.lock acquired by nodename 21239@pr-hdds-1569-s62bp-3040748787
2019-09-25 07:19:24,979 [pool-177-thread-1] INFO  storage.RaftStorage (RaftStorage.java:format(72)) - Storage directory /workdir/hadoop-ozone/ozonefs/target/test-dir/MiniOzoneClusterImpl-3fce1b0a-df6a-4342-ad64-1814f71f3ecd/datanode-0/data/ratis/d2044763-2622-48c9-9b18-ea042f16bde3 has been successfully formatted.
2019-09-25 07:19:24,980 [pool-177-thread-1] INFO  ratis.ContainerStateMachine (ContainerStateMachine.java:loadSnapshot(230)) - group-EA042F16BDE3: The snapshot info is null. Setting the last applied indexto:(t:0, i:~)
2019-09-25 07:19:24,980 [pool-177-thread-1] INFO  server.RaftServerConfigKeys (ConfUtils.java:logGet(43)) - raft.server.notification.no-leader.timeout = 120s (custom)
2019-09-25 07:19:24,980 [pool-177-thread-1] INFO  server.RaftServerConfigKeys (ConfUtils.java:logGet(43)) - raft.server.log.use.memory = false (default)
2019-09-25 07:19:24,981 [pool-177-thread-1] INFO  server.RaftServerConfigKeys (ConfUtils.java:logGet(43)) - raft.server.log.purge.gap = 1000000 (custom)
2019-09-25 07:19:24,981 [pool-177-thread-1] INFO  server.RaftServerConfigKeys (ConfUtils.java:logGet(43)) - raft.server.log.appender.buffer.byte-limit = 33554432 (custom)
2019-09-25 07:19:24,981 [pool-177-thread-1] INFO  server.RaftServerConfigKeys (ConfUtils.java:logGet(43)) - raft.server.log.segment.size.max = 1048576 (custom)
2019-09-25 07:19:24,981 [pool-177-thread-1] INFO  server.RaftServerConfigKeys (ConfUtils.java:logGet(43)) - raft.server.log.segment.cache.num.max = 2 (custom)
2019-09-25 07:19:24,981 [pool-177-thread-1] INFO  segmented.SegmentedRaftLogWorker (SegmentedRaftLogWorker.java:<init>(172)) - new f001641b-37ec-46f2-975b-c72720f35757@group-EA042F16BDE3-SegmentedRaftLogWorker for RaftStorage:Storage Directory /workdir/hadoop-ozone/ozonefs/target/test-dir/MiniOzoneClusterImpl-3fce1b0a-df6a-4342-ad64-1814f71f3ecd/datanode-0/data/ratis/d2044763-2622-48c9-9b18-ea042f16bde3
2019-09-25 07:19:24,981 [pool-177-thread-1] INFO  server.RaftServerConfigKeys (ConfUtils.java:logGet(43)) - raft.server.log.queue.byte-limit = 2147483647 (custom)
2019-09-25 07:19:24,982 [pool-177-thread-1] INFO  server.RaftServerConfigKeys (ConfUtils.java:logGet(43)) - raft.server.log.queue.element-limit = 1024 (custom)
2019-09-25 07:19:24,982 [pool-177-thread-1] INFO  server.RaftServerConfigKeys (ConfUtils.java:logGet(43)) - raft.server.log.segment.size.max = 1048576 (custom)
2019-09-25 07:19:24,982 [pool-177-thread-1] INFO  server.RaftServerConfigKeys (ConfUtils.java:logGet(43)) - raft.server.log.preallocated.size = 16384 (custom)
2019-09-25 07:19:24,982 [pool-177-thread-1] INFO  server.RaftServerConfigKeys (ConfUtils.java:logGet(43)) - raft.server.log.write.buffer.size = 33554432 (custom)
2019-09-25 07:19:24,982 [pool-177-thread-1] INFO  server.RaftServerConfigKeys (ConfUtils.java:logGet(43)) - raft.server.log.force.sync.num = 128 (default)
2019-09-25 07:19:24,982 [pool-177-thread-1] INFO  server.RaftServerConfigKeys (ConfUtils.java:logGet(43)) - raft.server.log.statemachine.data.sync = true (default)
2019-09-25 07:19:24,983 [pool-177-thread-1] INFO  server.RaftServerConfigKeys (ConfUtils.java:logGet(43)) - raft.server.log.statemachine.data.sync.timeout = 10s (default)
2019-09-25 07:19:24,983 [pool-177-thread-1] INFO  server.RaftServerConfigKeys (ConfUtils.java:logGet(43)) - raft.server.log.statemachine.data.sync.timeout.retry = -1 (default)
2019-09-25 07:19:24,983 [pool-177-thread-1] INFO  server.RaftServerConfigKeys (ConfUtils.java:logGet(43)) - raft.server.log.statemachine.data.caching.enabled = true (custom)
2019-09-25 07:19:24,983 [pool-177-thread-1] INFO  segmented.SegmentedRaftLogWorker (SegmentedRaftLogWorker.java:lambda$new$0(132)) - f001641b-37ec-46f2-975b-c72720f35757@group-EA042F16BDE3-SegmentedRaftLogWorker: flushIndex: setUnconditionally 0 -> -1
2019-09-25 07:19:24,984 [pool-177-thread-1] INFO  server.RaftServerConfigKeys (ConfUtils.java:logGet(43)) - raft.server.snapshot.auto.trigger.enabled = true (custom)
2019-09-25 07:19:24,984 [pool-177-thread-1] INFO  server.RaftServerConfigKeys (ConfUtils.java:logGet(43)) - raft.server.snapshot.auto.trigger.threshold = 10000 (custom)
2019-09-25 07:19:24,984 [pool-177-thread-1] INFO  server.RaftServerConfigKeys (ConfUtils.java:logGet(43)) - raft.server.snapshot.retention.num.files = 5 (custom)
2019-09-25 07:19:24,984 [pool-177-thread-1] INFO  server.RaftServerConfigKeys (ConfUtils.java:logGet(43)) - raft.server.retrycache.expirytime = 600000ms (custom)
2019-09-25 07:19:24,986 [pool-177-thread-1] INFO  impl.RaftServerImpl (RaftServerImpl.java:start(185)) - f001641b-37ec-46f2-975b-c72720f35757@group-EA042F16BDE3: start as a follower, conf=-1: [f001641b-37ec-46f2-975b-c72720f35757:192.168.30.10:35375], old=null
2019-09-25 07:19:24,987 [pool-177-thread-1] INFO  impl.RaftServerImpl (RaftServerImpl.java:setRole(174)) - f001641b-37ec-46f2-975b-c72720f35757@group-EA042F16BDE3: changes role from      null to FOLLOWER at term 0 for startAsFollower
2019-09-25 07:19:24,987 [pool-177-thread-1] INFO  impl.RoleInfo (RoleInfo.java:updateAndGet(143)) - f001641b-37ec-46f2-975b-c72720f35757: start FollowerState
2019-09-25 07:19:24,987 [pool-177-thread-1] INFO  util.JmxRegister (JmxRegister.java:tryRegister(44)) - Successfully registered JMX Bean with object name Ratis:service=RaftServer,group=group-EA042F16BDE3,id=f001641b-37ec-46f2-975b-c72720f35757
2019-09-25 07:19:24,990 [RatisPipelineUtilsThread] INFO  pipeline.PipelineStateManager (PipelineStateManager.java:addPipeline(56)) - Created pipeline Pipeline[ Id: d2044763-2622-48c9-9b18-ea042f16bde3, Nodes: f001641b-37ec-46f2-975b-c72720f35757{ip: 192.168.30.10, host: pr-hdds-1569-s62bp-3040748787, networkLocation: /default-rack, certSerialId: null}, Type:RATIS, Factor:ONE, State:OPEN]
2019-09-25 07:19:24,997 [grpc-default-executor-0] INFO  impl.RaftServerProxy (RaftServerProxy.java:addNew(89)) - f001641b-37ec-46f2-975b-c72720f35757: addNew group-48E188E92E16:[f001641b-37ec-46f2-975b-c72720f35757:192.168.30.10:35375] returns group-48E188E92E16:java.util.concurrent.CompletableFuture@501a1804[Not completed]
2019-09-25 07:19:24,998 [pool-177-thread-1] INFO  impl.RaftServerImpl (RaftServerImpl.java:<init>(95)) - f001641b-37ec-46f2-975b-c72720f35757: new RaftServerImpl for group-48E188E92E16:[f001641b-37ec-46f2-975b-c72720f35757:192.168.30.10:35375] with ContainerStateMachine:uninitialized
2019-09-25 07:19:24,998 [pool-177-thread-1] INFO  server.RaftServerConfigKeys (ConfUtils.java:logGet(43)) - raft.server.rpc.timeout.min = 5s (custom)
2019-09-25 07:19:24,998 [pool-177-thread-1] INFO  server.RaftServerConfigKeys (ConfUtils.java:logGet(43)) - raft.server.rpc.timeout.max = 5200ms (custom)
2019-09-25 07:19:24,998 [pool-177-thread-1] INFO  server.RaftServerConfigKeys (ConfUtils.java:logGet(43)) - raft.server.rpcslowness.timeout = 120s (custom)
2019-09-25 07:19:24,998 [pool-177-thread-1] INFO  server.RaftServerConfigKeys (ConfUtils.java:logGet(43)) - raft.server.sleep.deviation.threshold = 300 (default)
2019-09-25 07:19:24,998 [pool-177-thread-1] INFO  server.RaftServerConfigKeys (ConfUtils.java:logGet(43)) - raft.server.log.appender.install.snapshot.enabled = false (custom)
2019-09-25 07:19:24,999 [pool-177-thread-1] INFO  impl.RaftServerImpl (ServerState.java:<init>(103)) - f001641b-37ec-46f2-975b-c72720f35757@group-48E188E92E16: ConfigurationManager, init=-1: [f001641b-37ec-46f2-975b-c72720f35757:192.168.30.10:35375], old=null, confs=<EMPTY_MAP>
2019-09-25 07:19:24,999 [pool-177-thread-1] INFO  server.RaftServerConfigKeys (ConfUtils.java:logGet(43)) - raft.server.storage.dir = [/workdir/hadoop-ozone/ozonefs/target/test-dir/MiniOzoneClusterImpl-3fce1b0a-df6a-4342-ad64-1814f71f3ecd/datanode-0/data/ratis] (custom)
2019-09-25 07:19:25,000 [pool-177-thread-1] INFO  storage.RaftStorageDirectory (RaftStorageDirectory.java:analyzeStorage(246)) - The storage directory /workdir/hadoop-ozone/ozonefs/target/test-dir/MiniOzoneClusterImpl-3fce1b0a-df6a-4342-ad64-1814f71f3ecd/datanode-0/data/ratis/40ca1ab4-e97f-40ba-8212-48e188e92e16 does not exist. Creating ...
2019-09-25 07:19:25,012 [pool-177-thread-1] INFO  storage.RaftStorageDirectory (RaftStorageDirectory.java:tryLock(328)) - Lock on /workdir/hadoop-ozone/ozonefs/target/test-dir/MiniOzoneClusterImpl-3fce1b0a-df6a-4342-ad64-1814f71f3ecd/datanode-0/data/ratis/40ca1ab4-e97f-40ba-8212-48e188e92e16/in_use.lock acquired by nodename 21239@pr-hdds-1569-s62bp-3040748787
2019-09-25 07:19:25,032 [pool-177-thread-1] INFO  storage.RaftStorage (RaftStorage.java:format(72)) - Storage directory /workdir/hadoop-ozone/ozonefs/target/test-dir/MiniOzoneClusterImpl-3fce1b0a-df6a-4342-ad64-1814f71f3ecd/datanode-0/data/ratis/40ca1ab4-e97f-40ba-8212-48e188e92e16 has been successfully formatted.
2019-09-25 07:19:25,032 [pool-177-thread-1] INFO  ratis.ContainerStateMachine (ContainerStateMachine.java:loadSnapshot(230)) - group-48E188E92E16: The snapshot info is null. Setting the last applied indexto:(t:0, i:~)
2019-09-25 07:19:25,033 [pool-177-thread-1] INFO  server.RaftServerConfigKeys (ConfUtils.java:logGet(43)) - raft.server.notification.no-leader.timeout = 120s (custom)
2019-09-25 07:19:25,033 [pool-177-thread-1] INFO  server.RaftServerConfigKeys (ConfUtils.java:logGet(43)) - raft.server.log.use.memory = false (default)
2019-09-25 07:19:25,033 [pool-177-thread-1] INFO  server.RaftServerConfigKeys (ConfUtils.java:logGet(43)) - raft.server.log.purge.gap = 1000000 (custom)
2019-09-25 07:19:25,033 [pool-177-thread-1] INFO  server.RaftServerConfigKeys (ConfUtils.java:logGet(43)) - raft.server.log.appender.buffer.byte-limit = 33554432 (custom)
2019-09-25 07:19:25,033 [pool-177-thread-1] INFO  server.RaftServerConfigKeys (ConfUtils.java:logGet(43)) - raft.server.log.segment.size.max = 1048576 (custom)
2019-09-25 07:19:25,033 [pool-177-thread-1] INFO  server.RaftServerConfigKeys (ConfUtils.java:logGet(43)) - raft.server.log.segment.cache.num.max = 2 (custom)
2019-09-25 07:19:25,034 [pool-177-thread-1] INFO  segmented.SegmentedRaftLogWorker (SegmentedRaftLogWorker.java:<init>(172)) - new f001641b-37ec-46f2-975b-c72720f35757@group-48E188E92E16-SegmentedRaftLogWorker for RaftStorage:Storage Directory /workdir/hadoop-ozone/ozonefs/target/test-dir/MiniOzoneClusterImpl-3fce1b0a-df6a-4342-ad64-1814f71f3ecd/datanode-0/data/ratis/40ca1ab4-e97f-40ba-8212-48e188e92e16
2019-09-25 07:19:25,034 [pool-177-thread-1] INFO  server.RaftServerConfigKeys (ConfUtils.java:logGet(43)) - raft.server.log.queue.byte-limit = 2147483647 (custom)
2019-09-25 07:19:25,034 [pool-177-thread-1] INFO  server.RaftServerConfigKeys (ConfUtils.java:logGet(43)) - raft.server.log.queue.element-limit = 1024 (custom)
2019-09-25 07:19:25,034 [pool-177-thread-1] INFO  server.RaftServerConfigKeys (ConfUtils.java:logGet(43)) - raft.server.log.segment.size.max = 1048576 (custom)
2019-09-25 07:19:25,034 [pool-177-thread-1] INFO  server.RaftServerConfigKeys (ConfUtils.java:logGet(43)) - raft.server.log.preallocated.size = 16384 (custom)
2019-09-25 07:19:25,034 [pool-177-thread-1] INFO  server.RaftServerConfigKeys (ConfUtils.java:logGet(43)) - raft.server.log.write.buffer.size = 33554432 (custom)
2019-09-25 07:19:25,034 [pool-177-thread-1] INFO  server.RaftServerConfigKeys (ConfUtils.java:logGet(43)) - raft.server.log.force.sync.num = 128 (default)
2019-09-25 07:19:25,035 [pool-177-thread-1] INFO  server.RaftServerConfigKeys (ConfUtils.java:logGet(43)) - raft.server.log.statemachine.data.sync = true (default)
2019-09-25 07:19:25,035 [pool-177-thread-1] INFO  server.RaftServerConfigKeys (ConfUtils.java:logGet(43)) - raft.server.log.statemachine.data.sync.timeout = 10s (default)
2019-09-25 07:19:25,035 [pool-177-thread-1] INFO  server.RaftServerConfigKeys (ConfUtils.java:logGet(43)) - raft.server.log.statemachine.data.sync.timeout.retry = -1 (default)
2019-09-25 07:19:25,035 [pool-177-thread-1] INFO  server.RaftServerConfigKeys (ConfUtils.java:logGet(43)) - raft.server.log.statemachine.data.caching.enabled = true (custom)
2019-09-25 07:19:25,036 [pool-177-thread-1] INFO  segmented.SegmentedRaftLogWorker (SegmentedRaftLogWorker.java:lambda$new$0(132)) - f001641b-37ec-46f2-975b-c72720f35757@group-48E188E92E16-SegmentedRaftLogWorker: flushIndex: setUnconditionally 0 -> -1
2019-09-25 07:19:25,036 [pool-177-thread-1] INFO  server.RaftServerConfigKeys (ConfUtils.java:logGet(43)) - raft.server.snapshot.auto.trigger.enabled = true (custom)
2019-09-25 07:19:25,036 [pool-177-thread-1] INFO  server.RaftServerConfigKeys (ConfUtils.java:logGet(43)) - raft.server.snapshot.auto.trigger.threshold = 10000 (custom)
2019-09-25 07:19:25,036 [pool-177-thread-1] INFO  server.RaftServerConfigKeys (ConfUtils.java:logGet(43)) - raft.server.snapshot.retention.num.files = 5 (custom)
2019-09-25 07:19:25,037 [pool-177-thread-1] INFO  server.RaftServerConfigKeys (ConfUtils.java:logGet(43)) - raft.server.retrycache.expirytime = 600000ms (custom)
2019-09-25 07:19:25,039 [pool-177-thread-1] INFO  impl.RaftServerImpl (RaftServerImpl.java:start(185)) - f001641b-37ec-46f2-975b-c72720f35757@group-48E188E92E16: start as a follower, conf=-1: [f001641b-37ec-46f2-975b-c72720f35757:192.168.30.10:35375], old=null
2019-09-25 07:19:25,039 [pool-177-thread-1] INFO  impl.RaftServerImpl (RaftServerImpl.java:setRole(174)) - f001641b-37ec-46f2-975b-c72720f35757@group-48E188E92E16: changes role from      null to FOLLOWER at term 0 for startAsFollower
2019-09-25 07:19:25,039 [pool-177-thread-1] INFO  impl.RoleInfo (RoleInfo.java:updateAndGet(143)) - f001641b-37ec-46f2-975b-c72720f35757: start FollowerState
2019-09-25 07:19:25,040 [pool-177-thread-1] INFO  util.JmxRegister (JmxRegister.java:tryRegister(44)) - Successfully registered JMX Bean with object name Ratis:service=RaftServer,group=group-48E188E92E16,id=f001641b-37ec-46f2-975b-c72720f35757
2019-09-25 07:19:25,043 [RatisPipelineUtilsThread] INFO  pipeline.PipelineStateManager (PipelineStateManager.java:addPipeline(56)) - Created pipeline Pipeline[ Id: 40ca1ab4-e97f-40ba-8212-48e188e92e16, Nodes: f001641b-37ec-46f2-975b-c72720f35757{ip: 192.168.30.10, host: pr-hdds-1569-s62bp-3040748787, networkLocation: /default-rack, certSerialId: null}, Type:RATIS, Factor:ONE, State:OPEN]
2019-09-25 07:19:25,043 [RatisPipelineUtilsThread] INFO  pipeline.PipelinePlacementPolicy (PipelinePlacementPolicy.java:meetCriteria(91)) - Pipeline Placement: Doesn't meet the criteria to be viable node： f001641b-37ec-46f2-975b-c72720f35757 Heaviness: 6 limit: 5
2019-09-25 07:19:25,050 [grpc-default-executor-0] INFO  impl.RaftServerProxy (RaftServerProxy.java:addNew(89)) - f13e407e-3550-4add-9ccd-cdd7f285656a: addNew group-D4F55AB9CB4D:[f13e407e-3550-4add-9ccd-cdd7f285656a:192.168.30.10:34297] returns group-D4F55AB9CB4D:java.util.concurrent.CompletableFuture@2c1a1013[Not completed]
2019-09-25 07:19:25,051 [pool-187-thread-1] INFO  impl.RaftServerImpl (RaftServerImpl.java:<init>(95)) - f13e407e-3550-4add-9ccd-cdd7f285656a: new RaftServerImpl for group-D4F55AB9CB4D:[f13e407e-3550-4add-9ccd-cdd7f285656a:192.168.30.10:34297] with ContainerStateMachine:uninitialized
2019-09-25 07:19:25,051 [pool-187-thread-1] INFO  server.RaftServerConfigKeys (ConfUtils.java:logGet(43)) - raft.server.rpc.timeout.min = 5s (custom)
2019-09-25 07:19:25,051 [pool-187-thread-1] INFO  server.RaftServerConfigKeys (ConfUtils.java:logGet(43)) - raft.server.rpc.timeout.max = 5200ms (custom)
2019-09-25 07:19:25,052 [pool-187-thread-1] INFO  server.RaftServerConfigKeys (ConfUtils.java:logGet(43)) - raft.server.rpcslowness.timeout = 120s (custom)
2019-09-25 07:19:25,052 [pool-187-thread-1] INFO  server.RaftServerConfigKeys (ConfUtils.java:logGet(43)) - raft.server.sleep.deviation.threshold = 300 (default)
2019-09-25 07:19:25,052 [pool-187-thread-1] INFO  server.RaftServerConfigKeys (ConfUtils.java:logGet(43)) - raft.server.log.appender.install.snapshot.enabled = false (custom)
2019-09-25 07:19:25,052 [pool-187-thread-1] INFO  impl.RaftServerImpl (ServerState.java:<init>(103)) - f13e407e-3550-4add-9ccd-cdd7f285656a@group-D4F55AB9CB4D: ConfigurationManager, init=-1: [f13e407e-3550-4add-9ccd-cdd7f285656a:192.168.30.10:34297], old=null, confs=<EMPTY_MAP>
2019-09-25 07:19:25,052 [pool-187-thread-1] INFO  server.RaftServerConfigKeys (ConfUtils.java:logGet(43)) - raft.server.storage.dir = [/workdir/hadoop-ozone/ozonefs/target/test-dir/MiniOzoneClusterImpl-3fce1b0a-df6a-4342-ad64-1814f71f3ecd/datanode-1/data/ratis] (custom)
2019-09-25 07:19:25,053 [pool-187-thread-1] INFO  storage.RaftStorageDirectory (RaftStorageDirectory.java:analyzeStorage(246)) - The storage directory /workdir/hadoop-ozone/ozonefs/target/test-dir/MiniOzoneClusterImpl-3fce1b0a-df6a-4342-ad64-1814f71f3ecd/datanode-1/data/ratis/113aaf52-a92c-41eb-bd76-d4f55ab9cb4d does not exist. Creating ...
2019-09-25 07:19:25,066 [pool-187-thread-1] INFO  storage.RaftStorageDirectory (RaftStorageDirectory.java:tryLock(328)) - Lock on /workdir/hadoop-ozone/ozonefs/target/test-dir/MiniOzoneClusterImpl-3fce1b0a-df6a-4342-ad64-1814f71f3ecd/datanode-1/data/ratis/113aaf52-a92c-41eb-bd76-d4f55ab9cb4d/in_use.lock acquired by nodename 21239@pr-hdds-1569-s62bp-3040748787
2019-09-25 07:19:25,080 [pool-187-thread-1] INFO  storage.RaftStorage (RaftStorage.java:format(72)) - Storage directory /workdir/hadoop-ozone/ozonefs/target/test-dir/MiniOzoneClusterImpl-3fce1b0a-df6a-4342-ad64-1814f71f3ecd/datanode-1/data/ratis/113aaf52-a92c-41eb-bd76-d4f55ab9cb4d has been successfully formatted.
2019-09-25 07:19:25,081 [pool-187-thread-1] INFO  ratis.ContainerStateMachine (ContainerStateMachine.java:loadSnapshot(230)) - group-D4F55AB9CB4D: The snapshot info is null. Setting the last applied indexto:(t:0, i:~)
2019-09-25 07:19:25,081 [pool-187-thread-1] INFO  server.RaftServerConfigKeys (ConfUtils.java:logGet(43)) - raft.server.notification.no-leader.timeout = 120s (custom)
2019-09-25 07:19:25,081 [pool-187-thread-1] INFO  server.RaftServerConfigKeys (ConfUtils.java:logGet(43)) - raft.server.log.use.memory = false (default)
2019-09-25 07:19:25,081 [pool-187-thread-1] INFO  server.RaftServerConfigKeys (ConfUtils.java:logGet(43)) - raft.server.log.purge.gap = 1000000 (custom)
2019-09-25 07:19:25,081 [pool-187-thread-1] INFO  server.RaftServerConfigKeys (ConfUtils.java:logGet(43)) - raft.server.log.appender.buffer.byte-limit = 33554432 (custom)
2019-09-25 07:19:25,081 [pool-187-thread-1] INFO  server.RaftServerConfigKeys (ConfUtils.java:logGet(43)) - raft.server.log.segment.size.max = 1048576 (custom)
2019-09-25 07:19:25,082 [pool-187-thread-1] INFO  server.RaftServerConfigKeys (ConfUtils.java:logGet(43)) - raft.server.log.segment.cache.num.max = 2 (custom)
2019-09-25 07:19:25,082 [pool-187-thread-1] INFO  segmented.SegmentedRaftLogWorker (SegmentedRaftLogWorker.java:<init>(172)) - new f13e407e-3550-4add-9ccd-cdd7f285656a@group-D4F55AB9CB4D-SegmentedRaftLogWorker for RaftStorage:Storage Directory /workdir/hadoop-ozone/ozonefs/target/test-dir/MiniOzoneClusterImpl-3fce1b0a-df6a-4342-ad64-1814f71f3ecd/datanode-1/data/ratis/113aaf52-a92c-41eb-bd76-d4f55ab9cb4d
2019-09-25 07:19:25,082 [pool-187-thread-1] INFO  server.RaftServerConfigKeys (ConfUtils.java:logGet(43)) - raft.server.log.queue.byte-limit = 2147483647 (custom)
2019-09-25 07:19:25,082 [pool-187-thread-1] INFO  server.RaftServerConfigKeys (ConfUtils.java:logGet(43)) - raft.server.log.queue.element-limit = 1024 (custom)
2019-09-25 07:19:25,082 [pool-187-thread-1] INFO  server.RaftServerConfigKeys (ConfUtils.java:logGet(43)) - raft.server.log.segment.size.max = 1048576 (custom)
2019-09-25 07:19:25,082 [pool-187-thread-1] INFO  server.RaftServerConfigKeys (ConfUtils.java:logGet(43)) - raft.server.log.preallocated.size = 16384 (custom)
2019-09-25 07:19:25,083 [pool-187-thread-1] INFO  server.RaftServerConfigKeys (ConfUtils.java:logGet(43)) - raft.server.log.write.buffer.size = 33554432 (custom)
2019-09-25 07:19:25,083 [pool-187-thread-1] INFO  server.RaftServerConfigKeys (ConfUtils.java:logGet(43)) - raft.server.log.force.sync.num = 128 (default)
2019-09-25 07:19:25,083 [pool-187-thread-1] INFO  server.RaftServerConfigKeys (ConfUtils.java:logGet(43)) - raft.server.log.statemachine.data.sync = true (default)
2019-09-25 07:19:25,083 [pool-187-thread-1] INFO  server.RaftServerConfigKeys (ConfUtils.java:logGet(43)) - raft.server.log.statemachine.data.sync.timeout = 10s (default)
2019-09-25 07:19:25,083 [pool-187-thread-1] INFO  server.RaftServerConfigKeys (ConfUtils.java:logGet(43)) - raft.server.log.statemachine.data.sync.timeout.retry = -1 (default)
2019-09-25 07:19:25,084 [pool-187-thread-1] INFO  server.RaftServerConfigKeys (ConfUtils.java:logGet(43)) - raft.server.log.statemachine.data.caching.enabled = true (custom)
2019-09-25 07:19:25,084 [pool-187-thread-1] INFO  segmented.SegmentedRaftLogWorker (SegmentedRaftLogWorker.java:lambda$new$0(132)) - f13e407e-3550-4add-9ccd-cdd7f285656a@group-D4F55AB9CB4D-SegmentedRaftLogWorker: flushIndex: setUnconditionally 0 -> -1
2019-09-25 07:19:25,084 [pool-187-thread-1] INFO  server.RaftServerConfigKeys (ConfUtils.java:logGet(43)) - raft.server.snapshot.auto.trigger.enabled = true (custom)
2019-09-25 07:19:25,084 [pool-187-thread-1] INFO  server.RaftServerConfigKeys (ConfUtils.java:logGet(43)) - raft.server.snapshot.auto.trigger.threshold = 10000 (custom)
2019-09-25 07:19:25,085 [pool-187-thread-1] INFO  server.RaftServerConfigKeys (ConfUtils.java:logGet(43)) - raft.server.snapshot.retention.num.files = 5 (custom)
2019-09-25 07:19:25,085 [pool-187-thread-1] INFO  server.RaftServerConfigKeys (ConfUtils.java:logGet(43)) - raft.server.retrycache.expirytime = 600000ms (custom)
2019-09-25 07:19:25,087 [pool-187-thread-1] INFO  impl.RaftServerImpl (RaftServerImpl.java:start(185)) - f13e407e-3550-4add-9ccd-cdd7f285656a@group-D4F55AB9CB4D: start as a follower, conf=-1: [f13e407e-3550-4add-9ccd-cdd7f285656a:192.168.30.10:34297], old=null
2019-09-25 07:19:25,087 [pool-187-thread-1] INFO  impl.RaftServerImpl (RaftServerImpl.java:setRole(174)) - f13e407e-3550-4add-9ccd-cdd7f285656a@group-D4F55AB9CB4D: changes role from      null to FOLLOWER at term 0 for startAsFollower
2019-09-25 07:19:25,087 [pool-187-thread-1] INFO  impl.RoleInfo (RoleInfo.java:updateAndGet(143)) - f13e407e-3550-4add-9ccd-cdd7f285656a: start FollowerState
2019-09-25 07:19:25,088 [pool-187-thread-1] INFO  util.JmxRegister (JmxRegister.java:tryRegister(44)) - Successfully registered JMX Bean with object name Ratis:service=RaftServer,group=group-D4F55AB9CB4D,id=f13e407e-3550-4add-9ccd-cdd7f285656a
2019-09-25 07:19:25,091 [RatisPipelineUtilsThread] INFO  pipeline.PipelineStateManager (PipelineStateManager.java:addPipeline(56)) - Created pipeline Pipeline[ Id: 113aaf52-a92c-41eb-bd76-d4f55ab9cb4d, Nodes: f13e407e-3550-4add-9ccd-cdd7f285656a{ip: 192.168.30.10, host: pr-hdds-1569-s62bp-3040748787, networkLocation: /default-rack, certSerialId: null}, Type:RATIS, Factor:ONE, State:OPEN]
2019-09-25 07:19:25,091 [RatisPipelineUtilsThread] INFO  pipeline.PipelinePlacementPolicy (PipelinePlacementPolicy.java:meetCriteria(91)) - Pipeline Placement: Doesn't meet the criteria to be viable node： f001641b-37ec-46f2-975b-c72720f35757 Heaviness: 6 limit: 5
2019-09-25 07:19:25,099 [grpc-default-executor-0] INFO  impl.RaftServerProxy (RaftServerProxy.java:addNew(89)) - f13e407e-3550-4add-9ccd-cdd7f285656a: addNew group-8FCD70DD4BAB:[f13e407e-3550-4add-9ccd-cdd7f285656a:192.168.30.10:34297] returns group-8FCD70DD4BAB:java.util.concurrent.CompletableFuture@bfcde2c[Not completed]
2019-09-25 07:19:25,100 [pool-187-thread-1] INFO  impl.RaftServerImpl (RaftServerImpl.java:<init>(95)) - f13e407e-3550-4add-9ccd-cdd7f285656a: new RaftServerImpl for group-8FCD70DD4BAB:[f13e407e-3550-4add-9ccd-cdd7f285656a:192.168.30.10:34297] with ContainerStateMachine:uninitialized
2019-09-25 07:19:25,100 [pool-187-thread-1] INFO  server.RaftServerConfigKeys (ConfUtils.java:logGet(43)) - raft.server.rpc.timeout.min = 5s (custom)
2019-09-25 07:19:25,101 [pool-187-thread-1] INFO  server.RaftServerConfigKeys (ConfUtils.java:logGet(43)) - raft.server.rpc.timeout.max = 5200ms (custom)
2019-09-25 07:19:25,101 [pool-187-thread-1] INFO  server.RaftServerConfigKeys (ConfUtils.java:logGet(43)) - raft.server.rpcslowness.timeout = 120s (custom)
2019-09-25 07:19:25,101 [pool-187-thread-1] INFO  server.RaftServerConfigKeys (ConfUtils.java:logGet(43)) - raft.server.sleep.deviation.threshold = 300 (default)
2019-09-25 07:19:25,101 [pool-187-thread-1] INFO  server.RaftServerConfigKeys (ConfUtils.java:logGet(43)) - raft.server.log.appender.install.snapshot.enabled = false (custom)
2019-09-25 07:19:25,101 [pool-187-thread-1] INFO  impl.RaftServerImpl (ServerState.java:<init>(103)) - f13e407e-3550-4add-9ccd-cdd7f285656a@group-8FCD70DD4BAB: ConfigurationManager, init=-1: [f13e407e-3550-4add-9ccd-cdd7f285656a:192.168.30.10:34297], old=null, confs=<EMPTY_MAP>
2019-09-25 07:19:25,101 [pool-187-thread-1] INFO  server.RaftServerConfigKeys (ConfUtils.java:logGet(43)) - raft.server.storage.dir = [/workdir/hadoop-ozone/ozonefs/target/test-dir/MiniOzoneClusterImpl-3fce1b0a-df6a-4342-ad64-1814f71f3ecd/datanode-1/data/ratis] (custom)
2019-09-25 07:19:25,102 [pool-187-thread-1] INFO  storage.RaftStorageDirectory (RaftStorageDirectory.java:analyzeStorage(246)) - The storage directory /workdir/hadoop-ozone/ozonefs/target/test-dir/MiniOzoneClusterImpl-3fce1b0a-df6a-4342-ad64-1814f71f3ecd/datanode-1/data/ratis/e5eac98a-b7c1-4ec1-9bc4-8fcd70dd4bab does not exist. Creating ...
2019-09-25 07:19:25,115 [pool-187-thread-1] INFO  storage.RaftStorageDirectory (RaftStorageDirectory.java:tryLock(328)) - Lock on /workdir/hadoop-ozone/ozonefs/target/test-dir/MiniOzoneClusterImpl-3fce1b0a-df6a-4342-ad64-1814f71f3ecd/datanode-1/data/ratis/e5eac98a-b7c1-4ec1-9bc4-8fcd70dd4bab/in_use.lock acquired by nodename 21239@pr-hdds-1569-s62bp-3040748787
2019-09-25 07:19:25,129 [pool-187-thread-1] INFO  storage.RaftStorage (RaftStorage.java:format(72)) - Storage directory /workdir/hadoop-ozone/ozonefs/target/test-dir/MiniOzoneClusterImpl-3fce1b0a-df6a-4342-ad64-1814f71f3ecd/datanode-1/data/ratis/e5eac98a-b7c1-4ec1-9bc4-8fcd70dd4bab has been successfully formatted.
2019-09-25 07:19:25,129 [pool-187-thread-1] INFO  ratis.ContainerStateMachine (ContainerStateMachine.java:loadSnapshot(230)) - group-8FCD70DD4BAB: The snapshot info is null. Setting the last applied indexto:(t:0, i:~)
2019-09-25 07:19:25,129 [pool-187-thread-1] INFO  server.RaftServerConfigKeys (ConfUtils.java:logGet(43)) - raft.server.notification.no-leader.timeout = 120s (custom)
2019-09-25 07:19:25,129 [pool-187-thread-1] INFO  server.RaftServerConfigKeys (ConfUtils.java:logGet(43)) - raft.server.log.use.memory = false (default)
2019-09-25 07:19:25,130 [pool-187-thread-1] INFO  server.RaftServerConfigKeys (ConfUtils.java:logGet(43)) - raft.server.log.purge.gap = 1000000 (custom)
2019-09-25 07:19:25,130 [pool-187-thread-1] INFO  server.RaftServerConfigKeys (ConfUtils.java:logGet(43)) - raft.server.log.appender.buffer.byte-limit = 33554432 (custom)
2019-09-25 07:19:25,130 [pool-187-thread-1] INFO  server.RaftServerConfigKeys (ConfUtils.java:logGet(43)) - raft.server.log.segment.size.max = 1048576 (custom)
2019-09-25 07:19:25,130 [pool-187-thread-1] INFO  server.RaftServerConfigKeys (ConfUtils.java:logGet(43)) - raft.server.log.segment.cache.num.max = 2 (custom)
2019-09-25 07:19:25,130 [pool-187-thread-1] INFO  segmented.SegmentedRaftLogWorker (SegmentedRaftLogWorker.java:<init>(172)) - new f13e407e-3550-4add-9ccd-cdd7f285656a@group-8FCD70DD4BAB-SegmentedRaftLogWorker for RaftStorage:Storage Directory /workdir/hadoop-ozone/ozonefs/target/test-dir/MiniOzoneClusterImpl-3fce1b0a-df6a-4342-ad64-1814f71f3ecd/datanode-1/data/ratis/e5eac98a-b7c1-4ec1-9bc4-8fcd70dd4bab
2019-09-25 07:19:25,130 [pool-187-thread-1] INFO  server.RaftServerConfigKeys (ConfUtils.java:logGet(43)) - raft.server.log.queue.byte-limit = 2147483647 (custom)
2019-09-25 07:19:25,130 [pool-187-thread-1] INFO  server.RaftServerConfigKeys (ConfUtils.java:logGet(43)) - raft.server.log.queue.element-limit = 1024 (custom)
2019-09-25 07:19:25,131 [pool-187-thread-1] INFO  server.RaftServerConfigKeys (ConfUtils.java:logGet(43)) - raft.server.log.segment.size.max = 1048576 (custom)
2019-09-25 07:19:25,131 [pool-187-thread-1] INFO  server.RaftServerConfigKeys (ConfUtils.java:logGet(43)) - raft.server.log.preallocated.size = 16384 (custom)
2019-09-25 07:19:25,131 [pool-187-thread-1] INFO  server.RaftServerConfigKeys (ConfUtils.java:logGet(43)) - raft.server.log.write.buffer.size = 33554432 (custom)
2019-09-25 07:19:25,131 [pool-187-thread-1] INFO  server.RaftServerConfigKeys (ConfUtils.java:logGet(43)) - raft.server.log.force.sync.num = 128 (default)
2019-09-25 07:19:25,131 [pool-187-thread-1] INFO  server.RaftServerConfigKeys (ConfUtils.java:logGet(43)) - raft.server.log.statemachine.data.sync = true (default)
2019-09-25 07:19:25,131 [pool-187-thread-1] INFO  server.RaftServerConfigKeys (ConfUtils.java:logGet(43)) - raft.server.log.statemachine.data.sync.timeout = 10s (default)
2019-09-25 07:19:25,131 [pool-187-thread-1] INFO  server.RaftServerConfigKeys (ConfUtils.java:logGet(43)) - raft.server.log.statemachine.data.sync.timeout.retry = -1 (default)
2019-09-25 07:19:25,132 [pool-187-thread-1] INFO  server.RaftServerConfigKeys (ConfUtils.java:logGet(43)) - raft.server.log.statemachine.data.caching.enabled = true (custom)
2019-09-25 07:19:25,132 [pool-187-thread-1] INFO  segmented.SegmentedRaftLogWorker (SegmentedRaftLogWorker.java:lambda$new$0(132)) - f13e407e-3550-4add-9ccd-cdd7f285656a@group-8FCD70DD4BAB-SegmentedRaftLogWorker: flushIndex: setUnconditionally 0 -> -1
2019-09-25 07:19:25,132 [pool-187-thread-1] INFO  server.RaftServerConfigKeys (ConfUtils.java:logGet(43)) - raft.server.snapshot.auto.trigger.enabled = true (custom)
2019-09-25 07:19:25,132 [pool-187-thread-1] INFO  server.RaftServerConfigKeys (ConfUtils.java:logGet(43)) - raft.server.snapshot.auto.trigger.threshold = 10000 (custom)
2019-09-25 07:19:25,132 [pool-187-thread-1] INFO  server.RaftServerConfigKeys (ConfUtils.java:logGet(43)) - raft.server.snapshot.retention.num.files = 5 (custom)
2019-09-25 07:19:25,133 [pool-187-thread-1] INFO  server.RaftServerConfigKeys (ConfUtils.java:logGet(43)) - raft.server.retrycache.expirytime = 600000ms (custom)
2019-09-25 07:19:25,135 [pool-187-thread-1] INFO  impl.RaftServerImpl (RaftServerImpl.java:start(185)) - f13e407e-3550-4add-9ccd-cdd7f285656a@group-8FCD70DD4BAB: start as a follower, conf=-1: [f13e407e-3550-4add-9ccd-cdd7f285656a:192.168.30.10:34297], old=null
2019-09-25 07:19:25,135 [pool-187-thread-1] INFO  impl.RaftServerImpl (RaftServerImpl.java:setRole(174)) - f13e407e-3550-4add-9ccd-cdd7f285656a@group-8FCD70DD4BAB: changes role from      null to FOLLOWER at term 0 for startAsFollower
2019-09-25 07:19:25,135 [pool-187-thread-1] INFO  impl.RoleInfo (RoleInfo.java:updateAndGet(143)) - f13e407e-3550-4add-9ccd-cdd7f285656a: start FollowerState
2019-09-25 07:19:25,135 [pool-187-thread-1] INFO  util.JmxRegister (JmxRegister.java:tryRegister(44)) - Successfully registered JMX Bean with object name Ratis:service=RaftServer,group=group-8FCD70DD4BAB,id=f13e407e-3550-4add-9ccd-cdd7f285656a
2019-09-25 07:19:25,139 [RatisPipelineUtilsThread] INFO  pipeline.PipelineStateManager (PipelineStateManager.java:addPipeline(56)) - Created pipeline Pipeline[ Id: e5eac98a-b7c1-4ec1-9bc4-8fcd70dd4bab, Nodes: f13e407e-3550-4add-9ccd-cdd7f285656a{ip: 192.168.30.10, host: pr-hdds-1569-s62bp-3040748787, networkLocation: /default-rack, certSerialId: null}, Type:RATIS, Factor:ONE, State:OPEN]
2019-09-25 07:19:25,139 [RatisPipelineUtilsThread] INFO  pipeline.PipelinePlacementPolicy (PipelinePlacementPolicy.java:meetCriteria(91)) - Pipeline Placement: Doesn't meet the criteria to be viable node： f001641b-37ec-46f2-975b-c72720f35757 Heaviness: 6 limit: 5
2019-09-25 07:19:25,150 [grpc-default-executor-0] INFO  impl.RaftServerProxy (RaftServerProxy.java:addNew(89)) - e3324a52-b217-41e5-a9e7-1ad29ddf9356: addNew group-194D034CC7A6:[e3324a52-b217-41e5-a9e7-1ad29ddf9356:192.168.30.10:44422] returns group-194D034CC7A6:java.util.concurrent.CompletableFuture@5ef84dda[Not completed]
2019-09-25 07:19:25,152 [pool-197-thread-1] INFO  impl.RaftServerImpl (RaftServerImpl.java:<init>(95)) - e3324a52-b217-41e5-a9e7-1ad29ddf9356: new RaftServerImpl for group-194D034CC7A6:[e3324a52-b217-41e5-a9e7-1ad29ddf9356:192.168.30.10:44422] with ContainerStateMachine:uninitialized
2019-09-25 07:19:25,152 [pool-197-thread-1] INFO  server.RaftServerConfigKeys (ConfUtils.java:logGet(43)) - raft.server.rpc.timeout.min = 5s (custom)
2019-09-25 07:19:25,152 [pool-197-thread-1] INFO  server.RaftServerConfigKeys (ConfUtils.java:logGet(43)) - raft.server.rpc.timeout.max = 5200ms (custom)
2019-09-25 07:19:25,152 [pool-197-thread-1] INFO  server.RaftServerConfigKeys (ConfUtils.java:logGet(43)) - raft.server.rpcslowness.timeout = 120s (custom)
2019-09-25 07:19:25,152 [pool-197-thread-1] INFO  server.RaftServerConfigKeys (ConfUtils.java:logGet(43)) - raft.server.sleep.deviation.threshold = 300 (default)
2019-09-25 07:19:25,152 [pool-197-thread-1] INFO  server.RaftServerConfigKeys (ConfUtils.java:logGet(43)) - raft.server.log.appender.install.snapshot.enabled = false (custom)
2019-09-25 07:19:25,152 [pool-197-thread-1] INFO  impl.RaftServerImpl (ServerState.java:<init>(103)) - e3324a52-b217-41e5-a9e7-1ad29ddf9356@group-194D034CC7A6: ConfigurationManager, init=-1: [e3324a52-b217-41e5-a9e7-1ad29ddf9356:192.168.30.10:44422], old=null, confs=<EMPTY_MAP>
2019-09-25 07:19:25,153 [pool-197-thread-1] INFO  server.RaftServerConfigKeys (ConfUtils.java:logGet(43)) - raft.server.storage.dir = [/workdir/hadoop-ozone/ozonefs/target/test-dir/MiniOzoneClusterImpl-3fce1b0a-df6a-4342-ad64-1814f71f3ecd/datanode-2/data/ratis] (custom)
2019-09-25 07:19:25,153 [pool-197-thread-1] INFO  storage.RaftStorageDirectory (RaftStorageDirectory.java:analyzeStorage(246)) - The storage directory /workdir/hadoop-ozone/ozonefs/target/test-dir/MiniOzoneClusterImpl-3fce1b0a-df6a-4342-ad64-1814f71f3ecd/datanode-2/data/ratis/cd4e3790-59ce-475a-99a4-194d034cc7a6 does not exist. Creating ...
2019-09-25 07:19:25,166 [pool-197-thread-1] INFO  storage.RaftStorageDirectory (RaftStorageDirectory.java:tryLock(328)) - Lock on /workdir/hadoop-ozone/ozonefs/target/test-dir/MiniOzoneClusterImpl-3fce1b0a-df6a-4342-ad64-1814f71f3ecd/datanode-2/data/ratis/cd4e3790-59ce-475a-99a4-194d034cc7a6/in_use.lock acquired by nodename 21239@pr-hdds-1569-s62bp-3040748787
2019-09-25 07:19:25,179 [pool-197-thread-1] INFO  storage.RaftStorage (RaftStorage.java:format(72)) - Storage directory /workdir/hadoop-ozone/ozonefs/target/test-dir/MiniOzoneClusterImpl-3fce1b0a-df6a-4342-ad64-1814f71f3ecd/datanode-2/data/ratis/cd4e3790-59ce-475a-99a4-194d034cc7a6 has been successfully formatted.
2019-09-25 07:19:25,180 [pool-197-thread-1] INFO  ratis.ContainerStateMachine (ContainerStateMachine.java:loadSnapshot(230)) - group-194D034CC7A6: The snapshot info is null. Setting the last applied indexto:(t:0, i:~)
2019-09-25 07:19:25,180 [pool-197-thread-1] INFO  server.RaftServerConfigKeys (ConfUtils.java:logGet(43)) - raft.server.notification.no-leader.timeout = 120s (custom)
2019-09-25 07:19:25,180 [pool-197-thread-1] INFO  server.RaftServerConfigKeys (ConfUtils.java:logGet(43)) - raft.server.log.use.memory = false (default)
2019-09-25 07:19:25,180 [pool-197-thread-1] INFO  server.RaftServerConfigKeys (ConfUtils.java:logGet(43)) - raft.server.log.purge.gap = 1000000 (custom)
2019-09-25 07:19:25,181 [pool-197-thread-1] INFO  server.RaftServerConfigKeys (ConfUtils.java:logGet(43)) - raft.server.log.appender.buffer.byte-limit = 33554432 (custom)
2019-09-25 07:19:25,181 [pool-197-thread-1] INFO  server.RaftServerConfigKeys (ConfUtils.java:logGet(43)) - raft.server.log.segment.size.max = 1048576 (custom)
2019-09-25 07:19:25,181 [pool-197-thread-1] INFO  server.RaftServerConfigKeys (ConfUtils.java:logGet(43)) - raft.server.log.segment.cache.num.max = 2 (custom)
2019-09-25 07:19:25,181 [pool-197-thread-1] INFO  segmented.SegmentedRaftLogWorker (SegmentedRaftLogWorker.java:<init>(172)) - new e3324a52-b217-41e5-a9e7-1ad29ddf9356@group-194D034CC7A6-SegmentedRaftLogWorker for RaftStorage:Storage Directory /workdir/hadoop-ozone/ozonefs/target/test-dir/MiniOzoneClusterImpl-3fce1b0a-df6a-4342-ad64-1814f71f3ecd/datanode-2/data/ratis/cd4e3790-59ce-475a-99a4-194d034cc7a6
2019-09-25 07:19:25,183 [pool-197-thread-1] INFO  server.RaftServerConfigKeys (ConfUtils.java:logGet(43)) - raft.server.log.queue.byte-limit = 2147483647 (custom)
2019-09-25 07:19:25,183 [pool-197-thread-1] INFO  server.RaftServerConfigKeys (ConfUtils.java:logGet(43)) - raft.server.log.queue.element-limit = 1024 (custom)
2019-09-25 07:19:25,184 [pool-197-thread-1] INFO  server.RaftServerConfigKeys (ConfUtils.java:logGet(43)) - raft.server.log.segment.size.max = 1048576 (custom)
2019-09-25 07:19:25,184 [pool-197-thread-1] INFO  server.RaftServerConfigKeys (ConfUtils.java:logGet(43)) - raft.server.log.preallocated.size = 16384 (custom)
2019-09-25 07:19:25,184 [pool-197-thread-1] INFO  server.RaftServerConfigKeys (ConfUtils.java:logGet(43)) - raft.server.log.write.buffer.size = 33554432 (custom)
2019-09-25 07:19:25,184 [pool-197-thread-1] INFO  server.RaftServerConfigKeys (ConfUtils.java:logGet(43)) - raft.server.log.force.sync.num = 128 (default)
2019-09-25 07:19:25,184 [pool-197-thread-1] INFO  server.RaftServerConfigKeys (ConfUtils.java:logGet(43)) - raft.server.log.statemachine.data.sync = true (default)
2019-09-25 07:19:25,184 [pool-197-thread-1] INFO  server.RaftServerConfigKeys (ConfUtils.java:logGet(43)) - raft.server.log.statemachine.data.sync.timeout = 10s (default)
2019-09-25 07:19:25,185 [pool-197-thread-1] INFO  server.RaftServerConfigKeys (ConfUtils.java:logGet(43)) - raft.server.log.statemachine.data.sync.timeout.retry = -1 (default)
2019-09-25 07:19:25,185 [pool-197-thread-1] INFO  server.RaftServerConfigKeys (ConfUtils.java:logGet(43)) - raft.server.log.statemachine.data.caching.enabled = true (custom)
2019-09-25 07:19:25,185 [pool-197-thread-1] INFO  segmented.SegmentedRaftLogWorker (SegmentedRaftLogWorker.java:lambda$new$0(132)) - e3324a52-b217-41e5-a9e7-1ad29ddf9356@group-194D034CC7A6-SegmentedRaftLogWorker: flushIndex: setUnconditionally 0 -> -1
2019-09-25 07:19:25,186 [pool-197-thread-1] INFO  server.RaftServerConfigKeys (ConfUtils.java:logGet(43)) - raft.server.snapshot.auto.trigger.enabled = true (custom)
2019-09-25 07:19:25,186 [pool-197-thread-1] INFO  server.RaftServerConfigKeys (ConfUtils.java:logGet(43)) - raft.server.snapshot.auto.trigger.threshold = 10000 (custom)
2019-09-25 07:19:25,186 [pool-197-thread-1] INFO  server.RaftServerConfigKeys (ConfUtils.java:logGet(43)) - raft.server.snapshot.retention.num.files = 5 (custom)
2019-09-25 07:19:25,186 [pool-197-thread-1] INFO  server.RaftServerConfigKeys (ConfUtils.java:logGet(43)) - raft.server.retrycache.expirytime = 600000ms (custom)
2019-09-25 07:19:25,188 [pool-197-thread-1] INFO  impl.RaftServerImpl (RaftServerImpl.java:start(185)) - e3324a52-b217-41e5-a9e7-1ad29ddf9356@group-194D034CC7A6: start as a follower, conf=-1: [e3324a52-b217-41e5-a9e7-1ad29ddf9356:192.168.30.10:44422], old=null
2019-09-25 07:19:25,188 [pool-197-thread-1] INFO  impl.RaftServerImpl (RaftServerImpl.java:setRole(174)) - e3324a52-b217-41e5-a9e7-1ad29ddf9356@group-194D034CC7A6: changes role from      null to FOLLOWER at term 0 for startAsFollower
2019-09-25 07:19:25,188 [pool-197-thread-1] INFO  impl.RoleInfo (RoleInfo.java:updateAndGet(143)) - e3324a52-b217-41e5-a9e7-1ad29ddf9356: start FollowerState
2019-09-25 07:19:25,189 [pool-197-thread-1] INFO  util.JmxRegister (JmxRegister.java:tryRegister(44)) - Successfully registered JMX Bean with object name Ratis:service=RaftServer,group=group-194D034CC7A6,id=e3324a52-b217-41e5-a9e7-1ad29ddf9356
2019-09-25 07:19:25,193 [RatisPipelineUtilsThread] INFO  pipeline.PipelineStateManager (PipelineStateManager.java:addPipeline(56)) - Created pipeline Pipeline[ Id: cd4e3790-59ce-475a-99a4-194d034cc7a6, Nodes: e3324a52-b217-41e5-a9e7-1ad29ddf9356{ip: 192.168.30.10, host: pr-hdds-1569-s62bp-3040748787, networkLocation: /default-rack, certSerialId: null}, Type:RATIS, Factor:ONE, State:OPEN]
2019-09-25 07:19:25,193 [RatisPipelineUtilsThread] INFO  pipeline.PipelinePlacementPolicy (PipelinePlacementPolicy.java:meetCriteria(91)) - Pipeline Placement: Doesn't meet the criteria to be viable node： f001641b-37ec-46f2-975b-c72720f35757 Heaviness: 6 limit: 5
2019-09-25 07:19:25,200 [grpc-default-executor-0] INFO  impl.RaftServerProxy (RaftServerProxy.java:addNew(89)) - f13e407e-3550-4add-9ccd-cdd7f285656a: addNew group-008F55F83B04:[f13e407e-3550-4add-9ccd-cdd7f285656a:192.168.30.10:34297] returns group-008F55F83B04:java.util.concurrent.CompletableFuture@6320ab60[Not completed]
2019-09-25 07:19:25,201 [pool-187-thread-1] INFO  impl.RaftServerImpl (RaftServerImpl.java:<init>(95)) - f13e407e-3550-4add-9ccd-cdd7f285656a: new RaftServerImpl for group-008F55F83B04:[f13e407e-3550-4add-9ccd-cdd7f285656a:192.168.30.10:34297] with ContainerStateMachine:uninitialized
2019-09-25 07:19:25,202 [pool-187-thread-1] INFO  server.RaftServerConfigKeys (ConfUtils.java:logGet(43)) - raft.server.rpc.timeout.min = 5s (custom)
2019-09-25 07:19:25,202 [pool-187-thread-1] INFO  server.RaftServerConfigKeys (ConfUtils.java:logGet(43)) - raft.server.rpc.timeout.max = 5200ms (custom)
2019-09-25 07:19:25,202 [pool-187-thread-1] INFO  server.RaftServerConfigKeys (ConfUtils.java:logGet(43)) - raft.server.rpcslowness.timeout = 120s (custom)
2019-09-25 07:19:25,202 [pool-187-thread-1] INFO  server.RaftServerConfigKeys (ConfUtils.java:logGet(43)) - raft.server.sleep.deviation.threshold = 300 (default)
2019-09-25 07:19:25,202 [pool-187-thread-1] INFO  server.RaftServerConfigKeys (ConfUtils.java:logGet(43)) - raft.server.log.appender.install.snapshot.enabled = false (custom)
2019-09-25 07:19:25,202 [pool-187-thread-1] INFO  impl.RaftServerImpl (ServerState.java:<init>(103)) - f13e407e-3550-4add-9ccd-cdd7f285656a@group-008F55F83B04: ConfigurationManager, init=-1: [f13e407e-3550-4add-9ccd-cdd7f285656a:192.168.30.10:34297], old=null, confs=<EMPTY_MAP>
2019-09-25 07:19:25,203 [pool-187-thread-1] INFO  server.RaftServerConfigKeys (ConfUtils.java:logGet(43)) - raft.server.storage.dir = [/workdir/hadoop-ozone/ozonefs/target/test-dir/MiniOzoneClusterImpl-3fce1b0a-df6a-4342-ad64-1814f71f3ecd/datanode-1/data/ratis] (custom)
2019-09-25 07:19:25,203 [pool-187-thread-1] INFO  storage.RaftStorageDirectory (RaftStorageDirectory.java:analyzeStorage(246)) - The storage directory /workdir/hadoop-ozone/ozonefs/target/test-dir/MiniOzoneClusterImpl-3fce1b0a-df6a-4342-ad64-1814f71f3ecd/datanode-1/data/ratis/74ec2962-32fa-43fb-bcda-008f55f83b04 does not exist. Creating ...
2019-09-25 07:19:25,216 [pool-187-thread-1] INFO  storage.RaftStorageDirectory (RaftStorageDirectory.java:tryLock(328)) - Lock on /workdir/hadoop-ozone/ozonefs/target/test-dir/MiniOzoneClusterImpl-3fce1b0a-df6a-4342-ad64-1814f71f3ecd/datanode-1/data/ratis/74ec2962-32fa-43fb-bcda-008f55f83b04/in_use.lock acquired by nodename 21239@pr-hdds-1569-s62bp-3040748787
2019-09-25 07:19:25,229 [pool-187-thread-1] INFO  storage.RaftStorage (RaftStorage.java:format(72)) - Storage directory /workdir/hadoop-ozone/ozonefs/target/test-dir/MiniOzoneClusterImpl-3fce1b0a-df6a-4342-ad64-1814f71f3ecd/datanode-1/data/ratis/74ec2962-32fa-43fb-bcda-008f55f83b04 has been successfully formatted.
2019-09-25 07:19:25,230 [pool-187-thread-1] INFO  ratis.ContainerStateMachine (ContainerStateMachine.java:loadSnapshot(230)) - group-008F55F83B04: The snapshot info is null. Setting the last applied indexto:(t:0, i:~)
2019-09-25 07:19:25,230 [pool-187-thread-1] INFO  server.RaftServerConfigKeys (ConfUtils.java:logGet(43)) - raft.server.notification.no-leader.timeout = 120s (custom)
2019-09-25 07:19:25,230 [pool-187-thread-1] INFO  server.RaftServerConfigKeys (ConfUtils.java:logGet(43)) - raft.server.log.use.memory = false (default)
2019-09-25 07:19:25,230 [pool-187-thread-1] INFO  server.RaftServerConfigKeys (ConfUtils.java:logGet(43)) - raft.server.log.purge.gap = 1000000 (custom)
2019-09-25 07:19:25,230 [pool-187-thread-1] INFO  server.RaftServerConfigKeys (ConfUtils.java:logGet(43)) - raft.server.log.appender.buffer.byte-limit = 33554432 (custom)
2019-09-25 07:19:25,230 [pool-187-thread-1] INFO  server.RaftServerConfigKeys (ConfUtils.java:logGet(43)) - raft.server.log.segment.size.max = 1048576 (custom)
2019-09-25 07:19:25,231 [pool-187-thread-1] INFO  server.RaftServerConfigKeys (ConfUtils.java:logGet(43)) - raft.server.log.segment.cache.num.max = 2 (custom)
2019-09-25 07:19:25,231 [pool-187-thread-1] INFO  segmented.SegmentedRaftLogWorker (SegmentedRaftLogWorker.java:<init>(172)) - new f13e407e-3550-4add-9ccd-cdd7f285656a@group-008F55F83B04-SegmentedRaftLogWorker for RaftStorage:Storage Directory /workdir/hadoop-ozone/ozonefs/target/test-dir/MiniOzoneClusterImpl-3fce1b0a-df6a-4342-ad64-1814f71f3ecd/datanode-1/data/ratis/74ec2962-32fa-43fb-bcda-008f55f83b04
2019-09-25 07:19:25,231 [pool-187-thread-1] INFO  server.RaftServerConfigKeys (ConfUtils.java:logGet(43)) - raft.server.log.queue.byte-limit = 2147483647 (custom)
2019-09-25 07:19:25,231 [pool-187-thread-1] INFO  server.RaftServerConfigKeys (ConfUtils.java:logGet(43)) - raft.server.log.queue.element-limit = 1024 (custom)
2019-09-25 07:19:25,231 [pool-187-thread-1] INFO  server.RaftServerConfigKeys (ConfUtils.java:logGet(43)) - raft.server.log.segment.size.max = 1048576 (custom)
2019-09-25 07:19:25,231 [pool-187-thread-1] INFO  server.RaftServerConfigKeys (ConfUtils.java:logGet(43)) - raft.server.log.preallocated.size = 16384 (custom)
2019-09-25 07:19:25,231 [pool-187-thread-1] INFO  server.RaftServerConfigKeys (ConfUtils.java:logGet(43)) - raft.server.log.write.buffer.size = 33554432 (custom)
2019-09-25 07:19:25,232 [pool-187-thread-1] INFO  server.RaftServerConfigKeys (ConfUtils.java:logGet(43)) - raft.server.log.force.sync.num = 128 (default)
2019-09-25 07:19:25,232 [pool-187-thread-1] INFO  server.RaftServerConfigKeys (ConfUtils.java:logGet(43)) - raft.server.log.statemachine.data.sync = true (default)
2019-09-25 07:19:25,232 [pool-187-thread-1] INFO  server.RaftServerConfigKeys (ConfUtils.java:logGet(43)) - raft.server.log.statemachine.data.sync.timeout = 10s (default)
2019-09-25 07:19:25,232 [pool-187-thread-1] INFO  server.RaftServerConfigKeys (ConfUtils.java:logGet(43)) - raft.server.log.statemachine.data.sync.timeout.retry = -1 (default)
2019-09-25 07:19:25,232 [pool-187-thread-1] INFO  server.RaftServerConfigKeys (ConfUtils.java:logGet(43)) - raft.server.log.statemachine.data.caching.enabled = true (custom)
2019-09-25 07:19:25,233 [pool-187-thread-1] INFO  segmented.SegmentedRaftLogWorker (SegmentedRaftLogWorker.java:lambda$new$0(132)) - f13e407e-3550-4add-9ccd-cdd7f285656a@group-008F55F83B04-SegmentedRaftLogWorker: flushIndex: setUnconditionally 0 -> -1
2019-09-25 07:19:25,233 [pool-187-thread-1] INFO  server.RaftServerConfigKeys (ConfUtils.java:logGet(43)) - raft.server.snapshot.auto.trigger.enabled = true (custom)
2019-09-25 07:19:25,233 [pool-187-thread-1] INFO  server.RaftServerConfigKeys (ConfUtils.java:logGet(43)) - raft.server.snapshot.auto.trigger.threshold = 10000 (custom)
2019-09-25 07:19:25,233 [pool-187-thread-1] INFO  server.RaftServerConfigKeys (ConfUtils.java:logGet(43)) - raft.server.snapshot.retention.num.files = 5 (custom)
2019-09-25 07:19:25,233 [pool-187-thread-1] INFO  server.RaftServerConfigKeys (ConfUtils.java:logGet(43)) - raft.server.retrycache.expirytime = 600000ms (custom)
2019-09-25 07:19:25,235 [pool-187-thread-1] INFO  impl.RaftServerImpl (RaftServerImpl.java:start(185)) - f13e407e-3550-4add-9ccd-cdd7f285656a@group-008F55F83B04: start as a follower, conf=-1: [f13e407e-3550-4add-9ccd-cdd7f285656a:192.168.30.10:34297], old=null
2019-09-25 07:19:25,235 [pool-187-thread-1] INFO  impl.RaftServerImpl (RaftServerImpl.java:setRole(174)) - f13e407e-3550-4add-9ccd-cdd7f285656a@group-008F55F83B04: changes role from      null to FOLLOWER at term 0 for startAsFollower
2019-09-25 07:19:25,236 [pool-187-thread-1] INFO  impl.RoleInfo (RoleInfo.java:updateAndGet(143)) - f13e407e-3550-4add-9ccd-cdd7f285656a: start FollowerState
2019-09-25 07:19:25,236 [pool-187-thread-1] INFO  util.JmxRegister (JmxRegister.java:tryRegister(44)) - Successfully registered JMX Bean with object name Ratis:service=RaftServer,group=group-008F55F83B04,id=f13e407e-3550-4add-9ccd-cdd7f285656a
2019-09-25 07:19:25,239 [RatisPipelineUtilsThread] INFO  pipeline.PipelineStateManager (PipelineStateManager.java:addPipeline(56)) - Created pipeline Pipeline[ Id: 74ec2962-32fa-43fb-bcda-008f55f83b04, Nodes: f13e407e-3550-4add-9ccd-cdd7f285656a{ip: 192.168.30.10, host: pr-hdds-1569-s62bp-3040748787, networkLocation: /default-rack, certSerialId: null}, Type:RATIS, Factor:ONE, State:OPEN]
2019-09-25 07:19:25,240 [RatisPipelineUtilsThread] INFO  pipeline.PipelinePlacementPolicy (PipelinePlacementPolicy.java:meetCriteria(91)) - Pipeline Placement: Doesn't meet the criteria to be viable node： f001641b-37ec-46f2-975b-c72720f35757 Heaviness: 6 limit: 5
2019-09-25 07:19:25,249 [grpc-default-executor-0] INFO  impl.RaftServerProxy (RaftServerProxy.java:addNew(89)) - e3324a52-b217-41e5-a9e7-1ad29ddf9356: addNew group-40882B41C37D:[e3324a52-b217-41e5-a9e7-1ad29ddf9356:192.168.30.10:44422] returns group-40882B41C37D:java.util.concurrent.CompletableFuture@63342097[Not completed]
2019-09-25 07:19:25,250 [pool-197-thread-1] INFO  impl.RaftServerImpl (RaftServerImpl.java:<init>(95)) - e3324a52-b217-41e5-a9e7-1ad29ddf9356: new RaftServerImpl for group-40882B41C37D:[e3324a52-b217-41e5-a9e7-1ad29ddf9356:192.168.30.10:44422] with ContainerStateMachine:uninitialized
2019-09-25 07:19:25,251 [pool-197-thread-1] INFO  server.RaftServerConfigKeys (ConfUtils.java:logGet(43)) - raft.server.rpc.timeout.min = 5s (custom)
2019-09-25 07:19:25,251 [pool-197-thread-1] INFO  server.RaftServerConfigKeys (ConfUtils.java:logGet(43)) - raft.server.rpc.timeout.max = 5200ms (custom)
2019-09-25 07:19:25,251 [pool-197-thread-1] INFO  server.RaftServerConfigKeys (ConfUtils.java:logGet(43)) - raft.server.rpcslowness.timeout = 120s (custom)
2019-09-25 07:19:25,251 [pool-197-thread-1] INFO  server.RaftServerConfigKeys (ConfUtils.java:logGet(43)) - raft.server.sleep.deviation.threshold = 300 (default)
2019-09-25 07:19:25,251 [pool-197-thread-1] INFO  server.RaftServerConfigKeys (ConfUtils.java:logGet(43)) - raft.server.log.appender.install.snapshot.enabled = false (custom)
2019-09-25 07:19:25,251 [pool-197-thread-1] INFO  impl.RaftServerImpl (ServerState.java:<init>(103)) - e3324a52-b217-41e5-a9e7-1ad29ddf9356@group-40882B41C37D: ConfigurationManager, init=-1: [e3324a52-b217-41e5-a9e7-1ad29ddf9356:192.168.30.10:44422], old=null, confs=<EMPTY_MAP>
2019-09-25 07:19:25,251 [pool-197-thread-1] INFO  server.RaftServerConfigKeys (ConfUtils.java:logGet(43)) - raft.server.storage.dir = [/workdir/hadoop-ozone/ozonefs/target/test-dir/MiniOzoneClusterImpl-3fce1b0a-df6a-4342-ad64-1814f71f3ecd/datanode-2/data/ratis] (custom)
2019-09-25 07:19:25,252 [pool-197-thread-1] INFO  storage.RaftStorageDirectory (RaftStorageDirectory.java:analyzeStorage(246)) - The storage directory /workdir/hadoop-ozone/ozonefs/target/test-dir/MiniOzoneClusterImpl-3fce1b0a-df6a-4342-ad64-1814f71f3ecd/datanode-2/data/ratis/1e476b0d-9d77-4c94-8184-40882b41c37d does not exist. Creating ...
2019-09-25 07:19:25,265 [pool-197-thread-1] INFO  storage.RaftStorageDirectory (RaftStorageDirectory.java:tryLock(328)) - Lock on /workdir/hadoop-ozone/ozonefs/target/test-dir/MiniOzoneClusterImpl-3fce1b0a-df6a-4342-ad64-1814f71f3ecd/datanode-2/data/ratis/1e476b0d-9d77-4c94-8184-40882b41c37d/in_use.lock acquired by nodename 21239@pr-hdds-1569-s62bp-3040748787
2019-09-25 07:19:25,278 [pool-197-thread-1] INFO  storage.RaftStorage (RaftStorage.java:format(72)) - Storage directory /workdir/hadoop-ozone/ozonefs/target/test-dir/MiniOzoneClusterImpl-3fce1b0a-df6a-4342-ad64-1814f71f3ecd/datanode-2/data/ratis/1e476b0d-9d77-4c94-8184-40882b41c37d has been successfully formatted.
2019-09-25 07:19:25,278 [pool-197-thread-1] INFO  ratis.ContainerStateMachine (ContainerStateMachine.java:loadSnapshot(230)) - group-40882B41C37D: The snapshot info is null. Setting the last applied indexto:(t:0, i:~)
2019-09-25 07:19:25,278 [pool-197-thread-1] INFO  server.RaftServerConfigKeys (ConfUtils.java:logGet(43)) - raft.server.notification.no-leader.timeout = 120s (custom)
2019-09-25 07:19:25,278 [pool-197-thread-1] INFO  server.RaftServerConfigKeys (ConfUtils.java:logGet(43)) - raft.server.log.use.memory = false (default)
2019-09-25 07:19:25,278 [pool-197-thread-1] INFO  server.RaftServerConfigKeys (ConfUtils.java:logGet(43)) - raft.server.log.purge.gap = 1000000 (custom)
2019-09-25 07:19:25,278 [pool-197-thread-1] INFO  server.RaftServerConfigKeys (ConfUtils.java:logGet(43)) - raft.server.log.appender.buffer.byte-limit = 33554432 (custom)
2019-09-25 07:19:25,279 [pool-197-thread-1] INFO  server.RaftServerConfigKeys (ConfUtils.java:logGet(43)) - raft.server.log.segment.size.max = 1048576 (custom)
2019-09-25 07:19:25,279 [pool-197-thread-1] INFO  server.RaftServerConfigKeys (ConfUtils.java:logGet(43)) - raft.server.log.segment.cache.num.max = 2 (custom)
2019-09-25 07:19:25,279 [pool-197-thread-1] INFO  segmented.SegmentedRaftLogWorker (SegmentedRaftLogWorker.java:<init>(172)) - new e3324a52-b217-41e5-a9e7-1ad29ddf9356@group-40882B41C37D-SegmentedRaftLogWorker for RaftStorage:Storage Directory /workdir/hadoop-ozone/ozonefs/target/test-dir/MiniOzoneClusterImpl-3fce1b0a-df6a-4342-ad64-1814f71f3ecd/datanode-2/data/ratis/1e476b0d-9d77-4c94-8184-40882b41c37d
2019-09-25 07:19:25,279 [pool-197-thread-1] INFO  server.RaftServerConfigKeys (ConfUtils.java:logGet(43)) - raft.server.log.queue.byte-limit = 2147483647 (custom)
2019-09-25 07:19:25,279 [pool-197-thread-1] INFO  server.RaftServerConfigKeys (ConfUtils.java:logGet(43)) - raft.server.log.queue.element-limit = 1024 (custom)
2019-09-25 07:19:25,279 [pool-197-thread-1] INFO  server.RaftServerConfigKeys (ConfUtils.java:logGet(43)) - raft.server.log.segment.size.max = 1048576 (custom)
2019-09-25 07:19:25,279 [pool-197-thread-1] INFO  server.RaftServerConfigKeys (ConfUtils.java:logGet(43)) - raft.server.log.preallocated.size = 16384 (custom)
2019-09-25 07:19:25,279 [pool-197-thread-1] INFO  server.RaftServerConfigKeys (ConfUtils.java:logGet(43)) - raft.server.log.write.buffer.size = 33554432 (custom)
2019-09-25 07:19:25,280 [pool-197-thread-1] INFO  server.RaftServerConfigKeys (ConfUtils.java:logGet(43)) - raft.server.log.force.sync.num = 128 (default)
2019-09-25 07:19:25,280 [pool-197-thread-1] INFO  server.RaftServerConfigKeys (ConfUtils.java:logGet(43)) - raft.server.log.statemachine.data.sync = true (default)
2019-09-25 07:19:25,280 [pool-197-thread-1] INFO  server.RaftServerConfigKeys (ConfUtils.java:logGet(43)) - raft.server.log.statemachine.data.sync.timeout = 10s (default)
2019-09-25 07:19:25,280 [pool-197-thread-1] INFO  server.RaftServerConfigKeys (ConfUtils.java:logGet(43)) - raft.server.log.statemachine.data.sync.timeout.retry = -1 (default)
2019-09-25 07:19:25,280 [pool-197-thread-1] INFO  server.RaftServerConfigKeys (ConfUtils.java:logGet(43)) - raft.server.log.statemachine.data.caching.enabled = true (custom)
2019-09-25 07:19:25,280 [pool-197-thread-1] INFO  segmented.SegmentedRaftLogWorker (SegmentedRaftLogWorker.java:lambda$new$0(132)) - e3324a52-b217-41e5-a9e7-1ad29ddf9356@group-40882B41C37D-SegmentedRaftLogWorker: flushIndex: setUnconditionally 0 -> -1
2019-09-25 07:19:25,281 [pool-197-thread-1] INFO  server.RaftServerConfigKeys (ConfUtils.java:logGet(43)) - raft.server.snapshot.auto.trigger.enabled = true (custom)
2019-09-25 07:19:25,281 [pool-197-thread-1] INFO  server.RaftServerConfigKeys (ConfUtils.java:logGet(43)) - raft.server.snapshot.auto.trigger.threshold = 10000 (custom)
2019-09-25 07:19:25,281 [pool-197-thread-1] INFO  server.RaftServerConfigKeys (ConfUtils.java:logGet(43)) - raft.server.snapshot.retention.num.files = 5 (custom)
2019-09-25 07:19:25,281 [pool-197-thread-1] INFO  server.RaftServerConfigKeys (ConfUtils.java:logGet(43)) - raft.server.retrycache.expirytime = 600000ms (custom)
2019-09-25 07:19:25,283 [pool-197-thread-1] INFO  impl.RaftServerImpl (RaftServerImpl.java:start(185)) - e3324a52-b217-41e5-a9e7-1ad29ddf9356@group-40882B41C37D: start as a follower, conf=-1: [e3324a52-b217-41e5-a9e7-1ad29ddf9356:192.168.30.10:44422], old=null
2019-09-25 07:19:25,283 [pool-197-thread-1] INFO  impl.RaftServerImpl (RaftServerImpl.java:setRole(174)) - e3324a52-b217-41e5-a9e7-1ad29ddf9356@group-40882B41C37D: changes role from      null to FOLLOWER at term 0 for startAsFollower
2019-09-25 07:19:25,283 [pool-197-thread-1] INFO  impl.RoleInfo (RoleInfo.java:updateAndGet(143)) - e3324a52-b217-41e5-a9e7-1ad29ddf9356: start FollowerState
2019-09-25 07:19:25,283 [pool-197-thread-1] INFO  util.JmxRegister (JmxRegister.java:tryRegister(44)) - Successfully registered JMX Bean with object name Ratis:service=RaftServer,group=group-40882B41C37D,id=e3324a52-b217-41e5-a9e7-1ad29ddf9356
2019-09-25 07:19:25,286 [RatisPipelineUtilsThread] INFO  pipeline.PipelineStateManager (PipelineStateManager.java:addPipeline(56)) - Created pipeline Pipeline[ Id: 1e476b0d-9d77-4c94-8184-40882b41c37d, Nodes: e3324a52-b217-41e5-a9e7-1ad29ddf9356{ip: 192.168.30.10, host: pr-hdds-1569-s62bp-3040748787, networkLocation: /default-rack, certSerialId: null}, Type:RATIS, Factor:ONE, State:OPEN]
2019-09-25 07:19:25,286 [RatisPipelineUtilsThread] INFO  pipeline.PipelinePlacementPolicy (PipelinePlacementPolicy.java:meetCriteria(91)) - Pipeline Placement: Doesn't meet the criteria to be viable node： f001641b-37ec-46f2-975b-c72720f35757 Heaviness: 6 limit: 5
2019-09-25 07:19:25,292 [grpc-default-executor-0] INFO  impl.RaftServerProxy (RaftServerProxy.java:addNew(89)) - f13e407e-3550-4add-9ccd-cdd7f285656a: addNew group-6B5462772762:[f13e407e-3550-4add-9ccd-cdd7f285656a:192.168.30.10:34297] returns group-6B5462772762:java.util.concurrent.CompletableFuture@7169870e[Not completed]
2019-09-25 07:19:25,293 [pool-187-thread-1] INFO  impl.RaftServerImpl (RaftServerImpl.java:<init>(95)) - f13e407e-3550-4add-9ccd-cdd7f285656a: new RaftServerImpl for group-6B5462772762:[f13e407e-3550-4add-9ccd-cdd7f285656a:192.168.30.10:34297] with ContainerStateMachine:uninitialized
2019-09-25 07:19:25,293 [pool-187-thread-1] INFO  server.RaftServerConfigKeys (ConfUtils.java:logGet(43)) - raft.server.rpc.timeout.min = 5s (custom)
2019-09-25 07:19:25,293 [pool-187-thread-1] INFO  server.RaftServerConfigKeys (ConfUtils.java:logGet(43)) - raft.server.rpc.timeout.max = 5200ms (custom)
2019-09-25 07:19:25,293 [pool-187-thread-1] INFO  server.RaftServerConfigKeys (ConfUtils.java:logGet(43)) - raft.server.rpcslowness.timeout = 120s (custom)
2019-09-25 07:19:25,293 [pool-187-thread-1] INFO  server.RaftServerConfigKeys (ConfUtils.java:logGet(43)) - raft.server.sleep.deviation.threshold = 300 (default)
2019-09-25 07:19:25,294 [pool-187-thread-1] INFO  server.RaftServerConfigKeys (ConfUtils.java:logGet(43)) - raft.server.log.appender.install.snapshot.enabled = false (custom)
2019-09-25 07:19:25,294 [pool-187-thread-1] INFO  impl.RaftServerImpl (ServerState.java:<init>(103)) - f13e407e-3550-4add-9ccd-cdd7f285656a@group-6B5462772762: ConfigurationManager, init=-1: [f13e407e-3550-4add-9ccd-cdd7f285656a:192.168.30.10:34297], old=null, confs=<EMPTY_MAP>
2019-09-25 07:19:25,294 [pool-187-thread-1] INFO  server.RaftServerConfigKeys (ConfUtils.java:logGet(43)) - raft.server.storage.dir = [/workdir/hadoop-ozone/ozonefs/target/test-dir/MiniOzoneClusterImpl-3fce1b0a-df6a-4342-ad64-1814f71f3ecd/datanode-1/data/ratis] (custom)
2019-09-25 07:19:25,294 [pool-187-thread-1] INFO  storage.RaftStorageDirectory (RaftStorageDirectory.java:analyzeStorage(246)) - The storage directory /workdir/hadoop-ozone/ozonefs/target/test-dir/MiniOzoneClusterImpl-3fce1b0a-df6a-4342-ad64-1814f71f3ecd/datanode-1/data/ratis/b71b810d-dcc0-4c5f-b867-6b5462772762 does not exist. Creating ...
2019-09-25 07:19:25,300 [pool-187-thread-1] INFO  storage.RaftStorageDirectory (RaftStorageDirectory.java:tryLock(328)) - Lock on /workdir/hadoop-ozone/ozonefs/target/test-dir/MiniOzoneClusterImpl-3fce1b0a-df6a-4342-ad64-1814f71f3ecd/datanode-1/data/ratis/b71b810d-dcc0-4c5f-b867-6b5462772762/in_use.lock acquired by nodename 21239@pr-hdds-1569-s62bp-3040748787
2019-09-25 07:19:25,313 [pool-187-thread-1] INFO  storage.RaftStorage (RaftStorage.java:format(72)) - Storage directory /workdir/hadoop-ozone/ozonefs/target/test-dir/MiniOzoneClusterImpl-3fce1b0a-df6a-4342-ad64-1814f71f3ecd/datanode-1/data/ratis/b71b810d-dcc0-4c5f-b867-6b5462772762 has been successfully formatted.
2019-09-25 07:19:25,313 [pool-187-thread-1] INFO  ratis.ContainerStateMachine (ContainerStateMachine.java:loadSnapshot(230)) - group-6B5462772762: The snapshot info is null. Setting the last applied indexto:(t:0, i:~)
2019-09-25 07:19:25,314 [pool-187-thread-1] INFO  server.RaftServerConfigKeys (ConfUtils.java:logGet(43)) - raft.server.notification.no-leader.timeout = 120s (custom)
2019-09-25 07:19:25,314 [pool-187-thread-1] INFO  server.RaftServerConfigKeys (ConfUtils.java:logGet(43)) - raft.server.log.use.memory = false (default)
2019-09-25 07:19:25,314 [pool-187-thread-1] INFO  server.RaftServerConfigKeys (ConfUtils.java:logGet(43)) - raft.server.log.purge.gap = 1000000 (custom)
2019-09-25 07:19:25,314 [pool-187-thread-1] INFO  server.RaftServerConfigKeys (ConfUtils.java:logGet(43)) - raft.server.log.appender.buffer.byte-limit = 33554432 (custom)
2019-09-25 07:19:25,314 [pool-187-thread-1] INFO  server.RaftServerConfigKeys (ConfUtils.java:logGet(43)) - raft.server.log.segment.size.max = 1048576 (custom)
2019-09-25 07:19:25,314 [pool-187-thread-1] INFO  server.RaftServerConfigKeys (ConfUtils.java:logGet(43)) - raft.server.log.segment.cache.num.max = 2 (custom)
2019-09-25 07:19:25,314 [pool-187-thread-1] INFO  segmented.SegmentedRaftLogWorker (SegmentedRaftLogWorker.java:<init>(172)) - new f13e407e-3550-4add-9ccd-cdd7f285656a@group-6B5462772762-SegmentedRaftLogWorker for RaftStorage:Storage Directory /workdir/hadoop-ozone/ozonefs/target/test-dir/MiniOzoneClusterImpl-3fce1b0a-df6a-4342-ad64-1814f71f3ecd/datanode-1/data/ratis/b71b810d-dcc0-4c5f-b867-6b5462772762
2019-09-25 07:19:25,314 [pool-187-thread-1] INFO  server.RaftServerConfigKeys (ConfUtils.java:logGet(43)) - raft.server.log.queue.byte-limit = 2147483647 (custom)
2019-09-25 07:19:25,315 [pool-187-thread-1] INFO  server.RaftServerConfigKeys (ConfUtils.java:logGet(43)) - raft.server.log.queue.element-limit = 1024 (custom)
2019-09-25 07:19:25,315 [pool-187-thread-1] INFO  server.RaftServerConfigKeys (ConfUtils.java:logGet(43)) - raft.server.log.segment.size.max = 1048576 (custom)
2019-09-25 07:19:25,315 [pool-187-thread-1] INFO  server.RaftServerConfigKeys (ConfUtils.java:logGet(43)) - raft.server.log.preallocated.size = 16384 (custom)
2019-09-25 07:19:25,315 [pool-187-thread-1] INFO  server.RaftServerConfigKeys (ConfUtils.java:logGet(43)) - raft.server.log.write.buffer.size = 33554432 (custom)
2019-09-25 07:19:25,315 [pool-187-thread-1] INFO  server.RaftServerConfigKeys (ConfUtils.java:logGet(43)) - raft.server.log.force.sync.num = 128 (default)
2019-09-25 07:19:25,315 [pool-187-thread-1] INFO  server.RaftServerConfigKeys (ConfUtils.java:logGet(43)) - raft.server.log.statemachine.data.sync = true (default)
2019-09-25 07:19:25,315 [pool-187-thread-1] INFO  server.RaftServerConfigKeys (ConfUtils.java:logGet(43)) - raft.server.log.statemachine.data.sync.timeout = 10s (default)
2019-09-25 07:19:25,315 [pool-187-thread-1] INFO  server.RaftServerConfigKeys (ConfUtils.java:logGet(43)) - raft.server.log.statemachine.data.sync.timeout.retry = -1 (default)
2019-09-25 07:19:25,316 [pool-187-thread-1] INFO  server.RaftServerConfigKeys (ConfUtils.java:logGet(43)) - raft.server.log.statemachine.data.caching.enabled = true (custom)
2019-09-25 07:19:25,316 [pool-187-thread-1] INFO  segmented.SegmentedRaftLogWorker (SegmentedRaftLogWorker.java:lambda$new$0(132)) - f13e407e-3550-4add-9ccd-cdd7f285656a@group-6B5462772762-SegmentedRaftLogWorker: flushIndex: setUnconditionally 0 -> -1
2019-09-25 07:19:25,316 [pool-187-thread-1] INFO  server.RaftServerConfigKeys (ConfUtils.java:logGet(43)) - raft.server.snapshot.auto.trigger.enabled = true (custom)
2019-09-25 07:19:25,316 [pool-187-thread-1] INFO  server.RaftServerConfigKeys (ConfUtils.java:logGet(43)) - raft.server.snapshot.auto.trigger.threshold = 10000 (custom)
2019-09-25 07:19:25,316 [pool-187-thread-1] INFO  server.RaftServerConfigKeys (ConfUtils.java:logGet(43)) - raft.server.snapshot.retention.num.files = 5 (custom)
2019-09-25 07:19:25,316 [pool-187-thread-1] INFO  server.RaftServerConfigKeys (ConfUtils.java:logGet(43)) - raft.server.retrycache.expirytime = 600000ms (custom)
2019-09-25 07:19:25,318 [pool-187-thread-1] INFO  impl.RaftServerImpl (RaftServerImpl.java:start(185)) - f13e407e-3550-4add-9ccd-cdd7f285656a@group-6B5462772762: start as a follower, conf=-1: [f13e407e-3550-4add-9ccd-cdd7f285656a:192.168.30.10:34297], old=null
2019-09-25 07:19:25,318 [pool-187-thread-1] INFO  impl.RaftServerImpl (RaftServerImpl.java:setRole(174)) - f13e407e-3550-4add-9ccd-cdd7f285656a@group-6B5462772762: changes role from      null to FOLLOWER at term 0 for startAsFollower
2019-09-25 07:19:25,318 [pool-187-thread-1] INFO  impl.RoleInfo (RoleInfo.java:updateAndGet(143)) - f13e407e-3550-4add-9ccd-cdd7f285656a: start FollowerState
2019-09-25 07:19:25,319 [pool-187-thread-1] INFO  util.JmxRegister (JmxRegister.java:tryRegister(44)) - Successfully registered JMX Bean with object name Ratis:service=RaftServer,group=group-6B5462772762,id=f13e407e-3550-4add-9ccd-cdd7f285656a
2019-09-25 07:19:25,321 [RatisPipelineUtilsThread] INFO  pipeline.PipelineStateManager (PipelineStateManager.java:addPipeline(56)) - Created pipeline Pipeline[ Id: b71b810d-dcc0-4c5f-b867-6b5462772762, Nodes: f13e407e-3550-4add-9ccd-cdd7f285656a{ip: 192.168.30.10, host: pr-hdds-1569-s62bp-3040748787, networkLocation: /default-rack, certSerialId: null}, Type:RATIS, Factor:ONE, State:OPEN]
2019-09-25 07:19:25,321 [RatisPipelineUtilsThread] INFO  pipeline.PipelinePlacementPolicy (PipelinePlacementPolicy.java:meetCriteria(91)) - Pipeline Placement: Doesn't meet the criteria to be viable node： f001641b-37ec-46f2-975b-c72720f35757 Heaviness: 6 limit: 5
2019-09-25 07:19:25,326 [grpc-default-executor-0] INFO  impl.RaftServerProxy (RaftServerProxy.java:addNew(89)) - e3324a52-b217-41e5-a9e7-1ad29ddf9356: addNew group-6607E92E69FE:[e3324a52-b217-41e5-a9e7-1ad29ddf9356:192.168.30.10:44422] returns group-6607E92E69FE:java.util.concurrent.CompletableFuture@3d8abdf8[Not completed]
2019-09-25 07:19:25,327 [pool-197-thread-1] INFO  impl.RaftServerImpl (RaftServerImpl.java:<init>(95)) - e3324a52-b217-41e5-a9e7-1ad29ddf9356: new RaftServerImpl for group-6607E92E69FE:[e3324a52-b217-41e5-a9e7-1ad29ddf9356:192.168.30.10:44422] with ContainerStateMachine:uninitialized
2019-09-25 07:19:25,327 [pool-197-thread-1] INFO  server.RaftServerConfigKeys (ConfUtils.java:logGet(43)) - raft.server.rpc.timeout.min = 5s (custom)
2019-09-25 07:19:25,328 [pool-197-thread-1] INFO  server.RaftServerConfigKeys (ConfUtils.java:logGet(43)) - raft.server.rpc.timeout.max = 5200ms (custom)
2019-09-25 07:19:25,328 [pool-197-thread-1] INFO  server.RaftServerConfigKeys (ConfUtils.java:logGet(43)) - raft.server.rpcslowness.timeout = 120s (custom)
2019-09-25 07:19:25,328 [pool-197-thread-1] INFO  server.RaftServerConfigKeys (ConfUtils.java:logGet(43)) - raft.server.sleep.deviation.threshold = 300 (default)
2019-09-25 07:19:25,328 [pool-197-thread-1] INFO  server.RaftServerConfigKeys (ConfUtils.java:logGet(43)) - raft.server.log.appender.install.snapshot.enabled = false (custom)
2019-09-25 07:19:25,328 [pool-197-thread-1] INFO  impl.RaftServerImpl (ServerState.java:<init>(103)) - e3324a52-b217-41e5-a9e7-1ad29ddf9356@group-6607E92E69FE: ConfigurationManager, init=-1: [e3324a52-b217-41e5-a9e7-1ad29ddf9356:192.168.30.10:44422], old=null, confs=<EMPTY_MAP>
2019-09-25 07:19:25,328 [pool-197-thread-1] INFO  server.RaftServerConfigKeys (ConfUtils.java:logGet(43)) - raft.server.storage.dir = [/workdir/hadoop-ozone/ozonefs/target/test-dir/MiniOzoneClusterImpl-3fce1b0a-df6a-4342-ad64-1814f71f3ecd/datanode-2/data/ratis] (custom)
2019-09-25 07:19:25,329 [pool-197-thread-1] INFO  storage.RaftStorageDirectory (RaftStorageDirectory.java:analyzeStorage(246)) - The storage directory /workdir/hadoop-ozone/ozonefs/target/test-dir/MiniOzoneClusterImpl-3fce1b0a-df6a-4342-ad64-1814f71f3ecd/datanode-2/data/ratis/e30b193c-a595-4b5b-bdd4-6607e92e69fe does not exist. Creating ...
2019-09-25 07:19:25,342 [pool-197-thread-1] INFO  storage.RaftStorageDirectory (RaftStorageDirectory.java:tryLock(328)) - Lock on /workdir/hadoop-ozone/ozonefs/target/test-dir/MiniOzoneClusterImpl-3fce1b0a-df6a-4342-ad64-1814f71f3ecd/datanode-2/data/ratis/e30b193c-a595-4b5b-bdd4-6607e92e69fe/in_use.lock acquired by nodename 21239@pr-hdds-1569-s62bp-3040748787
2019-09-25 07:19:25,355 [pool-197-thread-1] INFO  storage.RaftStorage (RaftStorage.java:format(72)) - Storage directory /workdir/hadoop-ozone/ozonefs/target/test-dir/MiniOzoneClusterImpl-3fce1b0a-df6a-4342-ad64-1814f71f3ecd/datanode-2/data/ratis/e30b193c-a595-4b5b-bdd4-6607e92e69fe has been successfully formatted.
2019-09-25 07:19:25,356 [pool-197-thread-1] INFO  ratis.ContainerStateMachine (ContainerStateMachine.java:loadSnapshot(230)) - group-6607E92E69FE: The snapshot info is null. Setting the last applied indexto:(t:0, i:~)
2019-09-25 07:19:25,356 [pool-197-thread-1] INFO  server.RaftServerConfigKeys (ConfUtils.java:logGet(43)) - raft.server.notification.no-leader.timeout = 120s (custom)
2019-09-25 07:19:25,356 [pool-197-thread-1] INFO  server.RaftServerConfigKeys (ConfUtils.java:logGet(43)) - raft.server.log.use.memory = false (default)
2019-09-25 07:19:25,356 [pool-197-thread-1] INFO  server.RaftServerConfigKeys (ConfUtils.java:logGet(43)) - raft.server.log.purge.gap = 1000000 (custom)
2019-09-25 07:19:25,356 [pool-197-thread-1] INFO  server.RaftServerConfigKeys (ConfUtils.java:logGet(43)) - raft.server.log.appender.buffer.byte-limit = 33554432 (custom)
2019-09-25 07:19:25,356 [pool-197-thread-1] INFO  server.RaftServerConfigKeys (ConfUtils.java:logGet(43)) - raft.server.log.segment.size.max = 1048576 (custom)
2019-09-25 07:19:25,356 [pool-197-thread-1] INFO  server.RaftServerConfigKeys (ConfUtils.java:logGet(43)) - raft.server.log.segment.cache.num.max = 2 (custom)
2019-09-25 07:19:25,357 [pool-197-thread-1] INFO  segmented.SegmentedRaftLogWorker (SegmentedRaftLogWorker.java:<init>(172)) - new e3324a52-b217-41e5-a9e7-1ad29ddf9356@group-6607E92E69FE-SegmentedRaftLogWorker for RaftStorage:Storage Directory /workdir/hadoop-ozone/ozonefs/target/test-dir/MiniOzoneClusterImpl-3fce1b0a-df6a-4342-ad64-1814f71f3ecd/datanode-2/data/ratis/e30b193c-a595-4b5b-bdd4-6607e92e69fe
2019-09-25 07:19:25,357 [pool-197-thread-1] INFO  server.RaftServerConfigKeys (ConfUtils.java:logGet(43)) - raft.server.log.queue.byte-limit = 2147483647 (custom)
2019-09-25 07:19:25,357 [pool-197-thread-1] INFO  server.RaftServerConfigKeys (ConfUtils.java:logGet(43)) - raft.server.log.queue.element-limit = 1024 (custom)
2019-09-25 07:19:25,357 [pool-197-thread-1] INFO  server.RaftServerConfigKeys (ConfUtils.java:logGet(43)) - raft.server.log.segment.size.max = 1048576 (custom)
2019-09-25 07:19:25,357 [pool-197-thread-1] INFO  server.RaftServerConfigKeys (ConfUtils.java:logGet(43)) - raft.server.log.preallocated.size = 16384 (custom)
2019-09-25 07:19:25,357 [pool-197-thread-1] INFO  server.RaftServerConfigKeys (ConfUtils.java:logGet(43)) - raft.server.log.write.buffer.size = 33554432 (custom)
2019-09-25 07:19:25,357 [pool-197-thread-1] INFO  server.RaftServerConfigKeys (ConfUtils.java:logGet(43)) - raft.server.log.force.sync.num = 128 (default)
2019-09-25 07:19:25,358 [pool-197-thread-1] INFO  server.RaftServerConfigKeys (ConfUtils.java:logGet(43)) - raft.server.log.statemachine.data.sync = true (default)
2019-09-25 07:19:25,358 [pool-197-thread-1] INFO  server.RaftServerConfigKeys (ConfUtils.java:logGet(43)) - raft.server.log.statemachine.data.sync.timeout = 10s (default)
2019-09-25 07:19:25,358 [pool-197-thread-1] INFO  server.RaftServerConfigKeys (ConfUtils.java:logGet(43)) - raft.server.log.statemachine.data.sync.timeout.retry = -1 (default)
2019-09-25 07:19:25,358 [pool-197-thread-1] INFO  server.RaftServerConfigKeys (ConfUtils.java:logGet(43)) - raft.server.log.statemachine.data.caching.enabled = true (custom)
2019-09-25 07:19:25,358 [pool-197-thread-1] INFO  segmented.SegmentedRaftLogWorker (SegmentedRaftLogWorker.java:lambda$new$0(132)) - e3324a52-b217-41e5-a9e7-1ad29ddf9356@group-6607E92E69FE-SegmentedRaftLogWorker: flushIndex: setUnconditionally 0 -> -1
2019-09-25 07:19:25,359 [pool-197-thread-1] INFO  server.RaftServerConfigKeys (ConfUtils.java:logGet(43)) - raft.server.snapshot.auto.trigger.enabled = true (custom)
2019-09-25 07:19:25,359 [pool-197-thread-1] INFO  server.RaftServerConfigKeys (ConfUtils.java:logGet(43)) - raft.server.snapshot.auto.trigger.threshold = 10000 (custom)
2019-09-25 07:19:25,359 [pool-197-thread-1] INFO  server.RaftServerConfigKeys (ConfUtils.java:logGet(43)) - raft.server.snapshot.retention.num.files = 5 (custom)
2019-09-25 07:19:25,359 [pool-197-thread-1] INFO  server.RaftServerConfigKeys (ConfUtils.java:logGet(43)) - raft.server.retrycache.expirytime = 600000ms (custom)
2019-09-25 07:19:25,361 [pool-197-thread-1] INFO  impl.RaftServerImpl (RaftServerImpl.java:start(185)) - e3324a52-b217-41e5-a9e7-1ad29ddf9356@group-6607E92E69FE: start as a follower, conf=-1: [e3324a52-b217-41e5-a9e7-1ad29ddf9356:192.168.30.10:44422], old=null
2019-09-25 07:19:25,361 [pool-197-thread-1] INFO  impl.RaftServerImpl (RaftServerImpl.java:setRole(174)) - e3324a52-b217-41e5-a9e7-1ad29ddf9356@group-6607E92E69FE: changes role from      null to FOLLOWER at term 0 for startAsFollower
2019-09-25 07:19:25,361 [pool-197-thread-1] INFO  impl.RoleInfo (RoleInfo.java:updateAndGet(143)) - e3324a52-b217-41e5-a9e7-1ad29ddf9356: start FollowerState
2019-09-25 07:19:25,361 [pool-197-thread-1] INFO  util.JmxRegister (JmxRegister.java:tryRegister(44)) - Successfully registered JMX Bean with object name Ratis:service=RaftServer,group=group-6607E92E69FE,id=e3324a52-b217-41e5-a9e7-1ad29ddf9356
2019-09-25 07:19:25,364 [RatisPipelineUtilsThread] INFO  pipeline.PipelineStateManager (PipelineStateManager.java:addPipeline(56)) - Created pipeline Pipeline[ Id: e30b193c-a595-4b5b-bdd4-6607e92e69fe, Nodes: e3324a52-b217-41e5-a9e7-1ad29ddf9356{ip: 192.168.30.10, host: pr-hdds-1569-s62bp-3040748787, networkLocation: /default-rack, certSerialId: null}, Type:RATIS, Factor:ONE, State:OPEN]
2019-09-25 07:19:25,364 [RatisPipelineUtilsThread] INFO  pipeline.PipelinePlacementPolicy (PipelinePlacementPolicy.java:meetCriteria(91)) - Pipeline Placement: Doesn't meet the criteria to be viable node： f001641b-37ec-46f2-975b-c72720f35757 Heaviness: 6 limit: 5
2019-09-25 07:19:25,370 [grpc-default-executor-0] INFO  impl.RaftServerProxy (RaftServerProxy.java:addNew(89)) - f13e407e-3550-4add-9ccd-cdd7f285656a: addNew group-BEA34E1C799A:[f13e407e-3550-4add-9ccd-cdd7f285656a:192.168.30.10:34297] returns group-BEA34E1C799A:java.util.concurrent.CompletableFuture@350e5d1a[Not completed]
2019-09-25 07:19:25,371 [pool-187-thread-1] INFO  impl.RaftServerImpl (RaftServerImpl.java:<init>(95)) - f13e407e-3550-4add-9ccd-cdd7f285656a: new RaftServerImpl for group-BEA34E1C799A:[f13e407e-3550-4add-9ccd-cdd7f285656a:192.168.30.10:34297] with ContainerStateMachine:uninitialized
2019-09-25 07:19:25,371 [pool-187-thread-1] INFO  server.RaftServerConfigKeys (ConfUtils.java:logGet(43)) - raft.server.rpc.timeout.min = 5s (custom)
2019-09-25 07:19:25,371 [pool-187-thread-1] INFO  server.RaftServerConfigKeys (ConfUtils.java:logGet(43)) - raft.server.rpc.timeout.max = 5200ms (custom)
2019-09-25 07:19:25,371 [pool-187-thread-1] INFO  server.RaftServerConfigKeys (ConfUtils.java:logGet(43)) - raft.server.rpcslowness.timeout = 120s (custom)
2019-09-25 07:19:25,371 [pool-187-thread-1] INFO  server.RaftServerConfigKeys (ConfUtils.java:logGet(43)) - raft.server.sleep.deviation.threshold = 300 (default)
2019-09-25 07:19:25,371 [pool-187-thread-1] INFO  server.RaftServerConfigKeys (ConfUtils.java:logGet(43)) - raft.server.log.appender.install.snapshot.enabled = false (custom)
2019-09-25 07:19:25,371 [pool-187-thread-1] INFO  impl.RaftServerImpl (ServerState.java:<init>(103)) - f13e407e-3550-4add-9ccd-cdd7f285656a@group-BEA34E1C799A: ConfigurationManager, init=-1: [f13e407e-3550-4add-9ccd-cdd7f285656a:192.168.30.10:34297], old=null, confs=<EMPTY_MAP>
2019-09-25 07:19:25,372 [pool-187-thread-1] INFO  server.RaftServerConfigKeys (ConfUtils.java:logGet(43)) - raft.server.storage.dir = [/workdir/hadoop-ozone/ozonefs/target/test-dir/MiniOzoneClusterImpl-3fce1b0a-df6a-4342-ad64-1814f71f3ecd/datanode-1/data/ratis] (custom)
2019-09-25 07:19:25,372 [pool-187-thread-1] INFO  storage.RaftStorageDirectory (RaftStorageDirectory.java:analyzeStorage(246)) - The storage directory /workdir/hadoop-ozone/ozonefs/target/test-dir/MiniOzoneClusterImpl-3fce1b0a-df6a-4342-ad64-1814f71f3ecd/datanode-1/data/ratis/80b48f23-759b-4578-a36c-bea34e1c799a does not exist. Creating ...
2019-09-25 07:19:25,385 [pool-187-thread-1] INFO  storage.RaftStorageDirectory (RaftStorageDirectory.java:tryLock(328)) - Lock on /workdir/hadoop-ozone/ozonefs/target/test-dir/MiniOzoneClusterImpl-3fce1b0a-df6a-4342-ad64-1814f71f3ecd/datanode-1/data/ratis/80b48f23-759b-4578-a36c-bea34e1c799a/in_use.lock acquired by nodename 21239@pr-hdds-1569-s62bp-3040748787
2019-09-25 07:19:25,398 [pool-187-thread-1] INFO  storage.RaftStorage (RaftStorage.java:format(72)) - Storage directory /workdir/hadoop-ozone/ozonefs/target/test-dir/MiniOzoneClusterImpl-3fce1b0a-df6a-4342-ad64-1814f71f3ecd/datanode-1/data/ratis/80b48f23-759b-4578-a36c-bea34e1c799a has been successfully formatted.
2019-09-25 07:19:25,399 [pool-187-thread-1] INFO  ratis.ContainerStateMachine (ContainerStateMachine.java:loadSnapshot(230)) - group-BEA34E1C799A: The snapshot info is null. Setting the last applied indexto:(t:0, i:~)
2019-09-25 07:19:25,399 [pool-187-thread-1] INFO  server.RaftServerConfigKeys (ConfUtils.java:logGet(43)) - raft.server.notification.no-leader.timeout = 120s (custom)
2019-09-25 07:19:25,399 [pool-187-thread-1] INFO  server.RaftServerConfigKeys (ConfUtils.java:logGet(43)) - raft.server.log.use.memory = false (default)
2019-09-25 07:19:25,399 [pool-187-thread-1] INFO  server.RaftServerConfigKeys (ConfUtils.java:logGet(43)) - raft.server.log.purge.gap = 1000000 (custom)
2019-09-25 07:19:25,399 [pool-187-thread-1] INFO  server.RaftServerConfigKeys (ConfUtils.java:logGet(43)) - raft.server.log.appender.buffer.byte-limit = 33554432 (custom)
2019-09-25 07:19:25,399 [pool-187-thread-1] INFO  server.RaftServerConfigKeys (ConfUtils.java:logGet(43)) - raft.server.log.segment.size.max = 1048576 (custom)
2019-09-25 07:19:25,399 [pool-187-thread-1] INFO  server.RaftServerConfigKeys (ConfUtils.java:logGet(43)) - raft.server.log.segment.cache.num.max = 2 (custom)
2019-09-25 07:19:25,400 [pool-187-thread-1] INFO  segmented.SegmentedRaftLogWorker (SegmentedRaftLogWorker.java:<init>(172)) - new f13e407e-3550-4add-9ccd-cdd7f285656a@group-BEA34E1C799A-SegmentedRaftLogWorker for RaftStorage:Storage Directory /workdir/hadoop-ozone/ozonefs/target/test-dir/MiniOzoneClusterImpl-3fce1b0a-df6a-4342-ad64-1814f71f3ecd/datanode-1/data/ratis/80b48f23-759b-4578-a36c-bea34e1c799a
2019-09-25 07:19:25,400 [pool-187-thread-1] INFO  server.RaftServerConfigKeys (ConfUtils.java:logGet(43)) - raft.server.log.queue.byte-limit = 2147483647 (custom)
2019-09-25 07:19:25,400 [pool-187-thread-1] INFO  server.RaftServerConfigKeys (ConfUtils.java:logGet(43)) - raft.server.log.queue.element-limit = 1024 (custom)
2019-09-25 07:19:25,400 [pool-187-thread-1] INFO  server.RaftServerConfigKeys (ConfUtils.java:logGet(43)) - raft.server.log.segment.size.max = 1048576 (custom)
2019-09-25 07:19:25,400 [pool-187-thread-1] INFO  server.RaftServerConfigKeys (ConfUtils.java:logGet(43)) - raft.server.log.preallocated.size = 16384 (custom)
2019-09-25 07:19:25,400 [pool-187-thread-1] INFO  server.RaftServerConfigKeys (ConfUtils.java:logGet(43)) - raft.server.log.write.buffer.size = 33554432 (custom)
2019-09-25 07:19:25,400 [pool-187-thread-1] INFO  server.RaftServerConfigKeys (ConfUtils.java:logGet(43)) - raft.server.log.force.sync.num = 128 (default)
2019-09-25 07:19:25,401 [pool-187-thread-1] INFO  server.RaftServerConfigKeys (ConfUtils.java:logGet(43)) - raft.server.log.statemachine.data.sync = true (default)
2019-09-25 07:19:25,401 [pool-187-thread-1] INFO  server.RaftServerConfigKeys (ConfUtils.java:logGet(43)) - raft.server.log.statemachine.data.sync.timeout = 10s (default)
2019-09-25 07:19:25,401 [pool-187-thread-1] INFO  server.RaftServerConfigKeys (ConfUtils.java:logGet(43)) - raft.server.log.statemachine.data.sync.timeout.retry = -1 (default)
2019-09-25 07:19:25,401 [pool-187-thread-1] INFO  server.RaftServerConfigKeys (ConfUtils.java:logGet(43)) - raft.server.log.statemachine.data.caching.enabled = true (custom)
2019-09-25 07:19:25,401 [pool-187-thread-1] INFO  segmented.SegmentedRaftLogWorker (SegmentedRaftLogWorker.java:lambda$new$0(132)) - f13e407e-3550-4add-9ccd-cdd7f285656a@group-BEA34E1C799A-SegmentedRaftLogWorker: flushIndex: setUnconditionally 0 -> -1
2019-09-25 07:19:25,402 [pool-187-thread-1] INFO  server.RaftServerConfigKeys (ConfUtils.java:logGet(43)) - raft.server.snapshot.auto.trigger.enabled = true (custom)
2019-09-25 07:19:25,402 [pool-187-thread-1] INFO  server.RaftServerConfigKeys (ConfUtils.java:logGet(43)) - raft.server.snapshot.auto.trigger.threshold = 10000 (custom)
2019-09-25 07:19:25,402 [pool-187-thread-1] INFO  server.RaftServerConfigKeys (ConfUtils.java:logGet(43)) - raft.server.snapshot.retention.num.files = 5 (custom)
2019-09-25 07:19:25,402 [pool-187-thread-1] INFO  server.RaftServerConfigKeys (ConfUtils.java:logGet(43)) - raft.server.retrycache.expirytime = 600000ms (custom)
2019-09-25 07:19:25,404 [pool-187-thread-1] INFO  impl.RaftServerImpl (RaftServerImpl.java:start(185)) - f13e407e-3550-4add-9ccd-cdd7f285656a@group-BEA34E1C799A: start as a follower, conf=-1: [f13e407e-3550-4add-9ccd-cdd7f285656a:192.168.30.10:34297], old=null
2019-09-25 07:19:25,404 [pool-187-thread-1] INFO  impl.RaftServerImpl (RaftServerImpl.java:setRole(174)) - f13e407e-3550-4add-9ccd-cdd7f285656a@group-BEA34E1C799A: changes role from      null to FOLLOWER at term 0 for startAsFollower
2019-09-25 07:19:25,404 [pool-187-thread-1] INFO  impl.RoleInfo (RoleInfo.java:updateAndGet(143)) - f13e407e-3550-4add-9ccd-cdd7f285656a: start FollowerState
2019-09-25 07:19:25,404 [pool-187-thread-1] INFO  util.JmxRegister (JmxRegister.java:tryRegister(44)) - Successfully registered JMX Bean with object name Ratis:service=RaftServer,group=group-BEA34E1C799A,id=f13e407e-3550-4add-9ccd-cdd7f285656a
2019-09-25 07:19:25,407 [RatisPipelineUtilsThread] INFO  pipeline.PipelineStateManager (PipelineStateManager.java:addPipeline(56)) - Created pipeline Pipeline[ Id: 80b48f23-759b-4578-a36c-bea34e1c799a, Nodes: f13e407e-3550-4add-9ccd-cdd7f285656a{ip: 192.168.30.10, host: pr-hdds-1569-s62bp-3040748787, networkLocation: /default-rack, certSerialId: null}, Type:RATIS, Factor:ONE, State:OPEN]
2019-09-25 07:19:25,408 [RatisPipelineUtilsThread] INFO  pipeline.PipelinePlacementPolicy (PipelinePlacementPolicy.java:meetCriteria(91)) - Pipeline Placement: Doesn't meet the criteria to be viable node： f13e407e-3550-4add-9ccd-cdd7f285656a Heaviness: 6 limit: 5
2019-09-25 07:19:25,408 [RatisPipelineUtilsThread] INFO  pipeline.PipelinePlacementPolicy (PipelinePlacementPolicy.java:meetCriteria(91)) - Pipeline Placement: Doesn't meet the criteria to be viable node： f001641b-37ec-46f2-975b-c72720f35757 Heaviness: 6 limit: 5
2019-09-25 07:19:25,414 [grpc-default-executor-0] INFO  impl.RaftServerProxy (RaftServerProxy.java:addNew(89)) - e3324a52-b217-41e5-a9e7-1ad29ddf9356: addNew group-CBA1DDD43912:[e3324a52-b217-41e5-a9e7-1ad29ddf9356:192.168.30.10:44422] returns group-CBA1DDD43912:java.util.concurrent.CompletableFuture@6214a0af[Not completed]
2019-09-25 07:19:25,415 [pool-197-thread-1] INFO  impl.RaftServerImpl (RaftServerImpl.java:<init>(95)) - e3324a52-b217-41e5-a9e7-1ad29ddf9356: new RaftServerImpl for group-CBA1DDD43912:[e3324a52-b217-41e5-a9e7-1ad29ddf9356:192.168.30.10:44422] with ContainerStateMachine:uninitialized
2019-09-25 07:19:25,416 [pool-197-thread-1] INFO  server.RaftServerConfigKeys (ConfUtils.java:logGet(43)) - raft.server.rpc.timeout.min = 5s (custom)
2019-09-25 07:19:25,416 [pool-197-thread-1] INFO  server.RaftServerConfigKeys (ConfUtils.java:logGet(43)) - raft.server.rpc.timeout.max = 5200ms (custom)
2019-09-25 07:19:25,416 [pool-197-thread-1] INFO  server.RaftServerConfigKeys (ConfUtils.java:logGet(43)) - raft.server.rpcslowness.timeout = 120s (custom)
2019-09-25 07:19:25,416 [pool-197-thread-1] INFO  server.RaftServerConfigKeys (ConfUtils.java:logGet(43)) - raft.server.sleep.deviation.threshold = 300 (default)
2019-09-25 07:19:25,416 [pool-197-thread-1] INFO  server.RaftServerConfigKeys (ConfUtils.java:logGet(43)) - raft.server.log.appender.install.snapshot.enabled = false (custom)
2019-09-25 07:19:25,416 [pool-197-thread-1] INFO  impl.RaftServerImpl (ServerState.java:<init>(103)) - e3324a52-b217-41e5-a9e7-1ad29ddf9356@group-CBA1DDD43912: ConfigurationManager, init=-1: [e3324a52-b217-41e5-a9e7-1ad29ddf9356:192.168.30.10:44422], old=null, confs=<EMPTY_MAP>
2019-09-25 07:19:25,417 [pool-197-thread-1] INFO  server.RaftServerConfigKeys (ConfUtils.java:logGet(43)) - raft.server.storage.dir = [/workdir/hadoop-ozone/ozonefs/target/test-dir/MiniOzoneClusterImpl-3fce1b0a-df6a-4342-ad64-1814f71f3ecd/datanode-2/data/ratis] (custom)
2019-09-25 07:19:25,417 [pool-197-thread-1] INFO  storage.RaftStorageDirectory (RaftStorageDirectory.java:analyzeStorage(246)) - The storage directory /workdir/hadoop-ozone/ozonefs/target/test-dir/MiniOzoneClusterImpl-3fce1b0a-df6a-4342-ad64-1814f71f3ecd/datanode-2/data/ratis/9122498c-12e6-4133-b28f-cba1ddd43912 does not exist. Creating ...
2019-09-25 07:19:25,430 [pool-197-thread-1] INFO  storage.RaftStorageDirectory (RaftStorageDirectory.java:tryLock(328)) - Lock on /workdir/hadoop-ozone/ozonefs/target/test-dir/MiniOzoneClusterImpl-3fce1b0a-df6a-4342-ad64-1814f71f3ecd/datanode-2/data/ratis/9122498c-12e6-4133-b28f-cba1ddd43912/in_use.lock acquired by nodename 21239@pr-hdds-1569-s62bp-3040748787
2019-09-25 07:19:25,444 [pool-197-thread-1] INFO  storage.RaftStorage (RaftStorage.java:format(72)) - Storage directory /workdir/hadoop-ozone/ozonefs/target/test-dir/MiniOzoneClusterImpl-3fce1b0a-df6a-4342-ad64-1814f71f3ecd/datanode-2/data/ratis/9122498c-12e6-4133-b28f-cba1ddd43912 has been successfully formatted.
2019-09-25 07:19:25,444 [pool-197-thread-1] INFO  ratis.ContainerStateMachine (ContainerStateMachine.java:loadSnapshot(230)) - group-CBA1DDD43912: The snapshot info is null. Setting the last applied indexto:(t:0, i:~)
2019-09-25 07:19:25,444 [pool-197-thread-1] INFO  server.RaftServerConfigKeys (ConfUtils.java:logGet(43)) - raft.server.notification.no-leader.timeout = 120s (custom)
2019-09-25 07:19:25,444 [pool-197-thread-1] INFO  server.RaftServerConfigKeys (ConfUtils.java:logGet(43)) - raft.server.log.use.memory = false (default)
2019-09-25 07:19:25,445 [pool-197-thread-1] INFO  server.RaftServerConfigKeys (ConfUtils.java:logGet(43)) - raft.server.log.purge.gap = 1000000 (custom)
2019-09-25 07:19:25,445 [pool-197-thread-1] INFO  server.RaftServerConfigKeys (ConfUtils.java:logGet(43)) - raft.server.log.appender.buffer.byte-limit = 33554432 (custom)
2019-09-25 07:19:25,445 [pool-197-thread-1] INFO  server.RaftServerConfigKeys (ConfUtils.java:logGet(43)) - raft.server.log.segment.size.max = 1048576 (custom)
2019-09-25 07:19:25,445 [pool-197-thread-1] INFO  server.RaftServerConfigKeys (ConfUtils.java:logGet(43)) - raft.server.log.segment.cache.num.max = 2 (custom)
2019-09-25 07:19:25,445 [pool-197-thread-1] INFO  segmented.SegmentedRaftLogWorker (SegmentedRaftLogWorker.java:<init>(172)) - new e3324a52-b217-41e5-a9e7-1ad29ddf9356@group-CBA1DDD43912-SegmentedRaftLogWorker for RaftStorage:Storage Directory /workdir/hadoop-ozone/ozonefs/target/test-dir/MiniOzoneClusterImpl-3fce1b0a-df6a-4342-ad64-1814f71f3ecd/datanode-2/data/ratis/9122498c-12e6-4133-b28f-cba1ddd43912
2019-09-25 07:19:25,445 [pool-197-thread-1] INFO  server.RaftServerConfigKeys (ConfUtils.java:logGet(43)) - raft.server.log.queue.byte-limit = 2147483647 (custom)
2019-09-25 07:19:25,446 [pool-197-thread-1] INFO  server.RaftServerConfigKeys (ConfUtils.java:logGet(43)) - raft.server.log.queue.element-limit = 1024 (custom)
2019-09-25 07:19:25,446 [pool-197-thread-1] INFO  server.RaftServerConfigKeys (ConfUtils.java:logGet(43)) - raft.server.log.segment.size.max = 1048576 (custom)
2019-09-25 07:19:25,446 [pool-197-thread-1] INFO  server.RaftServerConfigKeys (ConfUtils.java:logGet(43)) - raft.server.log.preallocated.size = 16384 (custom)
2019-09-25 07:19:25,446 [pool-197-thread-1] INFO  server.RaftServerConfigKeys (ConfUtils.java:logGet(43)) - raft.server.log.write.buffer.size = 33554432 (custom)
2019-09-25 07:19:25,446 [pool-197-thread-1] INFO  server.RaftServerConfigKeys (ConfUtils.java:logGet(43)) - raft.server.log.force.sync.num = 128 (default)
2019-09-25 07:19:25,446 [pool-197-thread-1] INFO  server.RaftServerConfigKeys (ConfUtils.java:logGet(43)) - raft.server.log.statemachine.data.sync = true (default)
2019-09-25 07:19:25,447 [pool-197-thread-1] INFO  server.RaftServerConfigKeys (ConfUtils.java:logGet(43)) - raft.server.log.statemachine.data.sync.timeout = 10s (default)
2019-09-25 07:19:25,447 [pool-197-thread-1] INFO  server.RaftServerConfigKeys (ConfUtils.java:logGet(43)) - raft.server.log.statemachine.data.sync.timeout.retry = -1 (default)
2019-09-25 07:19:25,447 [pool-197-thread-1] INFO  server.RaftServerConfigKeys (ConfUtils.java:logGet(43)) - raft.server.log.statemachine.data.caching.enabled = true (custom)
2019-09-25 07:19:25,447 [pool-197-thread-1] INFO  segmented.SegmentedRaftLogWorker (SegmentedRaftLogWorker.java:lambda$new$0(132)) - e3324a52-b217-41e5-a9e7-1ad29ddf9356@group-CBA1DDD43912-SegmentedRaftLogWorker: flushIndex: setUnconditionally 0 -> -1
2019-09-25 07:19:25,448 [pool-197-thread-1] INFO  server.RaftServerConfigKeys (ConfUtils.java:logGet(43)) - raft.server.snapshot.auto.trigger.enabled = true (custom)
2019-09-25 07:19:25,448 [pool-197-thread-1] INFO  server.RaftServerConfigKeys (ConfUtils.java:logGet(43)) - raft.server.snapshot.auto.trigger.threshold = 10000 (custom)
2019-09-25 07:19:25,448 [pool-197-thread-1] INFO  server.RaftServerConfigKeys (ConfUtils.java:logGet(43)) - raft.server.snapshot.retention.num.files = 5 (custom)
2019-09-25 07:19:25,448 [pool-197-thread-1] INFO  server.RaftServerConfigKeys (ConfUtils.java:logGet(43)) - raft.server.retrycache.expirytime = 600000ms (custom)
2019-09-25 07:19:25,451 [pool-197-thread-1] INFO  impl.RaftServerImpl (RaftServerImpl.java:start(185)) - e3324a52-b217-41e5-a9e7-1ad29ddf9356@group-CBA1DDD43912: start as a follower, conf=-1: [e3324a52-b217-41e5-a9e7-1ad29ddf9356:192.168.30.10:44422], old=null
2019-09-25 07:19:25,451 [pool-197-thread-1] INFO  impl.RaftServerImpl (RaftServerImpl.java:setRole(174)) - e3324a52-b217-41e5-a9e7-1ad29ddf9356@group-CBA1DDD43912: changes role from      null to FOLLOWER at term 0 for startAsFollower
2019-09-25 07:19:25,451 [pool-197-thread-1] INFO  impl.RoleInfo (RoleInfo.java:updateAndGet(143)) - e3324a52-b217-41e5-a9e7-1ad29ddf9356: start FollowerState
2019-09-25 07:19:25,452 [pool-197-thread-1] INFO  util.JmxRegister (JmxRegister.java:tryRegister(44)) - Successfully registered JMX Bean with object name Ratis:service=RaftServer,group=group-CBA1DDD43912,id=e3324a52-b217-41e5-a9e7-1ad29ddf9356
2019-09-25 07:19:25,455 [RatisPipelineUtilsThread] INFO  pipeline.PipelineStateManager (PipelineStateManager.java:addPipeline(56)) - Created pipeline Pipeline[ Id: 9122498c-12e6-4133-b28f-cba1ddd43912, Nodes: e3324a52-b217-41e5-a9e7-1ad29ddf9356{ip: 192.168.30.10, host: pr-hdds-1569-s62bp-3040748787, networkLocation: /default-rack, certSerialId: null}, Type:RATIS, Factor:ONE, State:OPEN]
2019-09-25 07:19:25,455 [RatisPipelineUtilsThread] INFO  pipeline.PipelinePlacementPolicy (PipelinePlacementPolicy.java:meetCriteria(91)) - Pipeline Placement: Doesn't meet the criteria to be viable node： f13e407e-3550-4add-9ccd-cdd7f285656a Heaviness: 6 limit: 5
2019-09-25 07:19:25,455 [RatisPipelineUtilsThread] INFO  pipeline.PipelinePlacementPolicy (PipelinePlacementPolicy.java:meetCriteria(91)) - Pipeline Placement: Doesn't meet the criteria to be viable node： f001641b-37ec-46f2-975b-c72720f35757 Heaviness: 6 limit: 5
2019-09-25 07:19:25,461 [grpc-default-executor-0] INFO  impl.RaftServerProxy (RaftServerProxy.java:addNew(89)) - e3324a52-b217-41e5-a9e7-1ad29ddf9356: addNew group-4A9BE2D4DC2F:[e3324a52-b217-41e5-a9e7-1ad29ddf9356:192.168.30.10:44422] returns group-4A9BE2D4DC2F:java.util.concurrent.CompletableFuture@3a1fffa0[Not completed]
2019-09-25 07:19:25,462 [pool-197-thread-1] INFO  impl.RaftServerImpl (RaftServerImpl.java:<init>(95)) - e3324a52-b217-41e5-a9e7-1ad29ddf9356: new RaftServerImpl for group-4A9BE2D4DC2F:[e3324a52-b217-41e5-a9e7-1ad29ddf9356:192.168.30.10:44422] with ContainerStateMachine:uninitialized
2019-09-25 07:19:25,462 [pool-197-thread-1] INFO  server.RaftServerConfigKeys (ConfUtils.java:logGet(43)) - raft.server.rpc.timeout.min = 5s (custom)
2019-09-25 07:19:25,462 [pool-197-thread-1] INFO  server.RaftServerConfigKeys (ConfUtils.java:logGet(43)) - raft.server.rpc.timeout.max = 5200ms (custom)
2019-09-25 07:19:25,463 [pool-197-thread-1] INFO  server.RaftServerConfigKeys (ConfUtils.java:logGet(43)) - raft.server.rpcslowness.timeout = 120s (custom)
2019-09-25 07:19:25,463 [pool-197-thread-1] INFO  server.RaftServerConfigKeys (ConfUtils.java:logGet(43)) - raft.server.sleep.deviation.threshold = 300 (default)
2019-09-25 07:19:25,463 [pool-197-thread-1] INFO  server.RaftServerConfigKeys (ConfUtils.java:logGet(43)) - raft.server.log.appender.install.snapshot.enabled = false (custom)
2019-09-25 07:19:25,463 [pool-197-thread-1] INFO  impl.RaftServerImpl (ServerState.java:<init>(103)) - e3324a52-b217-41e5-a9e7-1ad29ddf9356@group-4A9BE2D4DC2F: ConfigurationManager, init=-1: [e3324a52-b217-41e5-a9e7-1ad29ddf9356:192.168.30.10:44422], old=null, confs=<EMPTY_MAP>
2019-09-25 07:19:25,463 [pool-197-thread-1] INFO  server.RaftServerConfigKeys (ConfUtils.java:logGet(43)) - raft.server.storage.dir = [/workdir/hadoop-ozone/ozonefs/target/test-dir/MiniOzoneClusterImpl-3fce1b0a-df6a-4342-ad64-1814f71f3ecd/datanode-2/data/ratis] (custom)
2019-09-25 07:19:25,464 [pool-197-thread-1] INFO  storage.RaftStorageDirectory (RaftStorageDirectory.java:analyzeStorage(246)) - The storage directory /workdir/hadoop-ozone/ozonefs/target/test-dir/MiniOzoneClusterImpl-3fce1b0a-df6a-4342-ad64-1814f71f3ecd/datanode-2/data/ratis/207735b1-82f4-4131-83c0-4a9be2d4dc2f does not exist. Creating ...
2019-09-25 07:19:25,477 [pool-197-thread-1] INFO  storage.RaftStorageDirectory (RaftStorageDirectory.java:tryLock(328)) - Lock on /workdir/hadoop-ozone/ozonefs/target/test-dir/MiniOzoneClusterImpl-3fce1b0a-df6a-4342-ad64-1814f71f3ecd/datanode-2/data/ratis/207735b1-82f4-4131-83c0-4a9be2d4dc2f/in_use.lock acquired by nodename 21239@pr-hdds-1569-s62bp-3040748787
2019-09-25 07:19:25,490 [pool-197-thread-1] INFO  storage.RaftStorage (RaftStorage.java:format(72)) - Storage directory /workdir/hadoop-ozone/ozonefs/target/test-dir/MiniOzoneClusterImpl-3fce1b0a-df6a-4342-ad64-1814f71f3ecd/datanode-2/data/ratis/207735b1-82f4-4131-83c0-4a9be2d4dc2f has been successfully formatted.
2019-09-25 07:19:25,490 [pool-197-thread-1] INFO  ratis.ContainerStateMachine (ContainerStateMachine.java:loadSnapshot(230)) - group-4A9BE2D4DC2F: The snapshot info is null. Setting the last applied indexto:(t:0, i:~)
2019-09-25 07:19:25,490 [pool-197-thread-1] INFO  server.RaftServerConfigKeys (ConfUtils.java:logGet(43)) - raft.server.notification.no-leader.timeout = 120s (custom)
2019-09-25 07:19:25,490 [pool-197-thread-1] INFO  server.RaftServerConfigKeys (ConfUtils.java:logGet(43)) - raft.server.log.use.memory = false (default)
2019-09-25 07:19:25,491 [pool-197-thread-1] INFO  server.RaftServerConfigKeys (ConfUtils.java:logGet(43)) - raft.server.log.purge.gap = 1000000 (custom)
2019-09-25 07:19:25,491 [pool-197-thread-1] INFO  server.RaftServerConfigKeys (ConfUtils.java:logGet(43)) - raft.server.log.appender.buffer.byte-limit = 33554432 (custom)
2019-09-25 07:19:25,491 [pool-197-thread-1] INFO  server.RaftServerConfigKeys (ConfUtils.java:logGet(43)) - raft.server.log.segment.size.max = 1048576 (custom)
2019-09-25 07:19:25,491 [pool-197-thread-1] INFO  server.RaftServerConfigKeys (ConfUtils.java:logGet(43)) - raft.server.log.segment.cache.num.max = 2 (custom)
2019-09-25 07:19:25,491 [pool-197-thread-1] INFO  segmented.SegmentedRaftLogWorker (SegmentedRaftLogWorker.java:<init>(172)) - new e3324a52-b217-41e5-a9e7-1ad29ddf9356@group-4A9BE2D4DC2F-SegmentedRaftLogWorker for RaftStorage:Storage Directory /workdir/hadoop-ozone/ozonefs/target/test-dir/MiniOzoneClusterImpl-3fce1b0a-df6a-4342-ad64-1814f71f3ecd/datanode-2/data/ratis/207735b1-82f4-4131-83c0-4a9be2d4dc2f
2019-09-25 07:19:25,491 [pool-197-thread-1] INFO  server.RaftServerConfigKeys (ConfUtils.java:logGet(43)) - raft.server.log.queue.byte-limit = 2147483647 (custom)
2019-09-25 07:19:25,491 [pool-197-thread-1] INFO  server.RaftServerConfigKeys (ConfUtils.java:logGet(43)) - raft.server.log.queue.element-limit = 1024 (custom)
2019-09-25 07:19:25,491 [pool-197-thread-1] INFO  server.RaftServerConfigKeys (ConfUtils.java:logGet(43)) - raft.server.log.segment.size.max = 1048576 (custom)
2019-09-25 07:19:25,492 [pool-197-thread-1] INFO  server.RaftServerConfigKeys (ConfUtils.java:logGet(43)) - raft.server.log.preallocated.size = 16384 (custom)
2019-09-25 07:19:25,492 [pool-197-thread-1] INFO  server.RaftServerConfigKeys (ConfUtils.java:logGet(43)) - raft.server.log.write.buffer.size = 33554432 (custom)
2019-09-25 07:19:25,492 [pool-197-thread-1] INFO  server.RaftServerConfigKeys (ConfUtils.java:logGet(43)) - raft.server.log.force.sync.num = 128 (default)
2019-09-25 07:19:25,492 [pool-197-thread-1] INFO  server.RaftServerConfigKeys (ConfUtils.java:logGet(43)) - raft.server.log.statemachine.data.sync = true (default)
2019-09-25 07:19:25,492 [pool-197-thread-1] INFO  server.RaftServerConfigKeys (ConfUtils.java:logGet(43)) - raft.server.log.statemachine.data.sync.timeout = 10s (default)
2019-09-25 07:19:25,492 [pool-197-thread-1] INFO  server.RaftServerConfigKeys (ConfUtils.java:logGet(43)) - raft.server.log.statemachine.data.sync.timeout.retry = -1 (default)
2019-09-25 07:19:25,492 [pool-197-thread-1] INFO  server.RaftServerConfigKeys (ConfUtils.java:logGet(43)) - raft.server.log.statemachine.data.caching.enabled = true (custom)
2019-09-25 07:19:25,493 [pool-197-thread-1] INFO  segmented.SegmentedRaftLogWorker (SegmentedRaftLogWorker.java:lambda$new$0(132)) - e3324a52-b217-41e5-a9e7-1ad29ddf9356@group-4A9BE2D4DC2F-SegmentedRaftLogWorker: flushIndex: setUnconditionally 0 -> -1
2019-09-25 07:19:25,493 [pool-197-thread-1] INFO  server.RaftServerConfigKeys (ConfUtils.java:logGet(43)) - raft.server.snapshot.auto.trigger.enabled = true (custom)
2019-09-25 07:19:25,493 [pool-197-thread-1] INFO  server.RaftServerConfigKeys (ConfUtils.java:logGet(43)) - raft.server.snapshot.auto.trigger.threshold = 10000 (custom)
2019-09-25 07:19:25,493 [pool-197-thread-1] INFO  server.RaftServerConfigKeys (ConfUtils.java:logGet(43)) - raft.server.snapshot.retention.num.files = 5 (custom)
2019-09-25 07:19:25,493 [pool-197-thread-1] INFO  server.RaftServerConfigKeys (ConfUtils.java:logGet(43)) - raft.server.retrycache.expirytime = 600000ms (custom)
2019-09-25 07:19:25,495 [pool-197-thread-1] INFO  impl.RaftServerImpl (RaftServerImpl.java:start(185)) - e3324a52-b217-41e5-a9e7-1ad29ddf9356@group-4A9BE2D4DC2F: start as a follower, conf=-1: [e3324a52-b217-41e5-a9e7-1ad29ddf9356:192.168.30.10:44422], old=null
2019-09-25 07:19:25,495 [pool-197-thread-1] INFO  impl.RaftServerImpl (RaftServerImpl.java:setRole(174)) - e3324a52-b217-41e5-a9e7-1ad29ddf9356@group-4A9BE2D4DC2F: changes role from      null to FOLLOWER at term 0 for startAsFollower
2019-09-25 07:19:25,495 [pool-197-thread-1] INFO  impl.RoleInfo (RoleInfo.java:updateAndGet(143)) - e3324a52-b217-41e5-a9e7-1ad29ddf9356: start FollowerState
2019-09-25 07:19:25,496 [pool-197-thread-1] INFO  util.JmxRegister (JmxRegister.java:tryRegister(44)) - Successfully registered JMX Bean with object name Ratis:service=RaftServer,group=group-4A9BE2D4DC2F,id=e3324a52-b217-41e5-a9e7-1ad29ddf9356
2019-09-25 07:19:25,499 [RatisPipelineUtilsThread] INFO  pipeline.PipelineStateManager (PipelineStateManager.java:addPipeline(56)) - Created pipeline Pipeline[ Id: 207735b1-82f4-4131-83c0-4a9be2d4dc2f, Nodes: e3324a52-b217-41e5-a9e7-1ad29ddf9356{ip: 192.168.30.10, host: pr-hdds-1569-s62bp-3040748787, networkLocation: /default-rack, certSerialId: null}, Type:RATIS, Factor:ONE, State:OPEN]
2019-09-25 07:19:25,499 [RatisPipelineUtilsThread] INFO  pipeline.PipelinePlacementPolicy (PipelinePlacementPolicy.java:meetCriteria(91)) - Pipeline Placement: Doesn't meet the criteria to be viable node： f13e407e-3550-4add-9ccd-cdd7f285656a Heaviness: 6 limit: 5
2019-09-25 07:19:25,499 [RatisPipelineUtilsThread] INFO  pipeline.PipelinePlacementPolicy (PipelinePlacementPolicy.java:meetCriteria(91)) - Pipeline Placement: Doesn't meet the criteria to be viable node： f001641b-37ec-46f2-975b-c72720f35757 Heaviness: 6 limit: 5
2019-09-25 07:19:25,505 [grpc-default-executor-0] INFO  impl.RaftServerProxy (RaftServerProxy.java:addNew(89)) - e3324a52-b217-41e5-a9e7-1ad29ddf9356: addNew group-B57BD563C974:[e3324a52-b217-41e5-a9e7-1ad29ddf9356:192.168.30.10:44422] returns group-B57BD563C974:java.util.concurrent.CompletableFuture@3adc0dad[Not completed]
2019-09-25 07:19:25,506 [pool-197-thread-1] INFO  impl.RaftServerImpl (RaftServerImpl.java:<init>(95)) - e3324a52-b217-41e5-a9e7-1ad29ddf9356: new RaftServerImpl for group-B57BD563C974:[e3324a52-b217-41e5-a9e7-1ad29ddf9356:192.168.30.10:44422] with ContainerStateMachine:uninitialized
2019-09-25 07:19:25,506 [pool-197-thread-1] INFO  server.RaftServerConfigKeys (ConfUtils.java:logGet(43)) - raft.server.rpc.timeout.min = 5s (custom)
2019-09-25 07:19:25,506 [pool-197-thread-1] INFO  server.RaftServerConfigKeys (ConfUtils.java:logGet(43)) - raft.server.rpc.timeout.max = 5200ms (custom)
2019-09-25 07:19:25,507 [pool-197-thread-1] INFO  server.RaftServerConfigKeys (ConfUtils.java:logGet(43)) - raft.server.rpcslowness.timeout = 120s (custom)
2019-09-25 07:19:25,507 [pool-197-thread-1] INFO  server.RaftServerConfigKeys (ConfUtils.java:logGet(43)) - raft.server.sleep.deviation.threshold = 300 (default)
2019-09-25 07:19:25,507 [pool-197-thread-1] INFO  server.RaftServerConfigKeys (ConfUtils.java:logGet(43)) - raft.server.log.appender.install.snapshot.enabled = false (custom)
2019-09-25 07:19:25,507 [pool-197-thread-1] INFO  impl.RaftServerImpl (ServerState.java:<init>(103)) - e3324a52-b217-41e5-a9e7-1ad29ddf9356@group-B57BD563C974: ConfigurationManager, init=-1: [e3324a52-b217-41e5-a9e7-1ad29ddf9356:192.168.30.10:44422], old=null, confs=<EMPTY_MAP>
2019-09-25 07:19:25,507 [pool-197-thread-1] INFO  server.RaftServerConfigKeys (ConfUtils.java:logGet(43)) - raft.server.storage.dir = [/workdir/hadoop-ozone/ozonefs/target/test-dir/MiniOzoneClusterImpl-3fce1b0a-df6a-4342-ad64-1814f71f3ecd/datanode-2/data/ratis] (custom)
2019-09-25 07:19:25,507 [pool-197-thread-1] INFO  storage.RaftStorageDirectory (RaftStorageDirectory.java:analyzeStorage(246)) - The storage directory /workdir/hadoop-ozone/ozonefs/target/test-dir/MiniOzoneClusterImpl-3fce1b0a-df6a-4342-ad64-1814f71f3ecd/datanode-2/data/ratis/c2b1b2ff-6ec3-4625-acd2-b57bd563c974 does not exist. Creating ...
2019-09-25 07:19:25,520 [pool-197-thread-1] INFO  storage.RaftStorageDirectory (RaftStorageDirectory.java:tryLock(328)) - Lock on /workdir/hadoop-ozone/ozonefs/target/test-dir/MiniOzoneClusterImpl-3fce1b0a-df6a-4342-ad64-1814f71f3ecd/datanode-2/data/ratis/c2b1b2ff-6ec3-4625-acd2-b57bd563c974/in_use.lock acquired by nodename 21239@pr-hdds-1569-s62bp-3040748787
2019-09-25 07:19:25,533 [pool-197-thread-1] INFO  storage.RaftStorage (RaftStorage.java:format(72)) - Storage directory /workdir/hadoop-ozone/ozonefs/target/test-dir/MiniOzoneClusterImpl-3fce1b0a-df6a-4342-ad64-1814f71f3ecd/datanode-2/data/ratis/c2b1b2ff-6ec3-4625-acd2-b57bd563c974 has been successfully formatted.
2019-09-25 07:19:25,533 [pool-197-thread-1] INFO  ratis.ContainerStateMachine (ContainerStateMachine.java:loadSnapshot(230)) - group-B57BD563C974: The snapshot info is null. Setting the last applied indexto:(t:0, i:~)
2019-09-25 07:19:25,533 [pool-197-thread-1] INFO  server.RaftServerConfigKeys (ConfUtils.java:logGet(43)) - raft.server.notification.no-leader.timeout = 120s (custom)
2019-09-25 07:19:25,533 [pool-197-thread-1] INFO  server.RaftServerConfigKeys (ConfUtils.java:logGet(43)) - raft.server.log.use.memory = false (default)
2019-09-25 07:19:25,533 [pool-197-thread-1] INFO  server.RaftServerConfigKeys (ConfUtils.java:logGet(43)) - raft.server.log.purge.gap = 1000000 (custom)
2019-09-25 07:19:25,534 [pool-197-thread-1] INFO  server.RaftServerConfigKeys (ConfUtils.java:logGet(43)) - raft.server.log.appender.buffer.byte-limit = 33554432 (custom)
2019-09-25 07:19:25,534 [pool-197-thread-1] INFO  server.RaftServerConfigKeys (ConfUtils.java:logGet(43)) - raft.server.log.segment.size.max = 1048576 (custom)
2019-09-25 07:19:25,534 [pool-197-thread-1] INFO  server.RaftServerConfigKeys (ConfUtils.java:logGet(43)) - raft.server.log.segment.cache.num.max = 2 (custom)
2019-09-25 07:19:25,534 [pool-197-thread-1] INFO  segmented.SegmentedRaftLogWorker (SegmentedRaftLogWorker.java:<init>(172)) - new e3324a52-b217-41e5-a9e7-1ad29ddf9356@group-B57BD563C974-SegmentedRaftLogWorker for RaftStorage:Storage Directory /workdir/hadoop-ozone/ozonefs/target/test-dir/MiniOzoneClusterImpl-3fce1b0a-df6a-4342-ad64-1814f71f3ecd/datanode-2/data/ratis/c2b1b2ff-6ec3-4625-acd2-b57bd563c974
2019-09-25 07:19:25,534 [pool-197-thread-1] INFO  server.RaftServerConfigKeys (ConfUtils.java:logGet(43)) - raft.server.log.queue.byte-limit = 2147483647 (custom)
2019-09-25 07:19:25,534 [pool-197-thread-1] INFO  server.RaftServerConfigKeys (ConfUtils.java:logGet(43)) - raft.server.log.queue.element-limit = 1024 (custom)
2019-09-25 07:19:25,534 [pool-197-thread-1] INFO  server.RaftServerConfigKeys (ConfUtils.java:logGet(43)) - raft.server.log.segment.size.max = 1048576 (custom)
2019-09-25 07:19:25,534 [pool-197-thread-1] INFO  server.RaftServerConfigKeys (ConfUtils.java:logGet(43)) - raft.server.log.preallocated.size = 16384 (custom)
2019-09-25 07:19:25,535 [pool-197-thread-1] INFO  server.RaftServerConfigKeys (ConfUtils.java:logGet(43)) - raft.server.log.write.buffer.size = 33554432 (custom)
2019-09-25 07:19:25,535 [pool-197-thread-1] INFO  server.RaftServerConfigKeys (ConfUtils.java:logGet(43)) - raft.server.log.force.sync.num = 128 (default)
2019-09-25 07:19:25,535 [pool-197-thread-1] INFO  server.RaftServerConfigKeys (ConfUtils.java:logGet(43)) - raft.server.log.statemachine.data.sync = true (default)
2019-09-25 07:19:25,535 [pool-197-thread-1] INFO  server.RaftServerConfigKeys (ConfUtils.java:logGet(43)) - raft.server.log.statemachine.data.sync.timeout = 10s (default)
2019-09-25 07:19:25,535 [pool-197-thread-1] INFO  server.RaftServerConfigKeys (ConfUtils.java:logGet(43)) - raft.server.log.statemachine.data.sync.timeout.retry = -1 (default)
2019-09-25 07:19:25,535 [pool-197-thread-1] INFO  server.RaftServerConfigKeys (ConfUtils.java:logGet(43)) - raft.server.log.statemachine.data.caching.enabled = true (custom)
2019-09-25 07:19:25,535 [pool-197-thread-1] INFO  segmented.SegmentedRaftLogWorker (SegmentedRaftLogWorker.java:lambda$new$0(132)) - e3324a52-b217-41e5-a9e7-1ad29ddf9356@group-B57BD563C974-SegmentedRaftLogWorker: flushIndex: setUnconditionally 0 -> -1
2019-09-25 07:19:25,536 [pool-197-thread-1] INFO  server.RaftServerConfigKeys (ConfUtils.java:logGet(43)) - raft.server.snapshot.auto.trigger.enabled = true (custom)
2019-09-25 07:19:25,536 [pool-197-thread-1] INFO  server.RaftServerConfigKeys (ConfUtils.java:logGet(43)) - raft.server.snapshot.auto.trigger.threshold = 10000 (custom)
2019-09-25 07:19:25,536 [pool-197-thread-1] INFO  server.RaftServerConfigKeys (ConfUtils.java:logGet(43)) - raft.server.snapshot.retention.num.files = 5 (custom)
2019-09-25 07:19:25,536 [pool-197-thread-1] INFO  server.RaftServerConfigKeys (ConfUtils.java:logGet(43)) - raft.server.retrycache.expirytime = 600000ms (custom)
2019-09-25 07:19:25,537 [pool-197-thread-1] INFO  impl.RaftServerImpl (RaftServerImpl.java:start(185)) - e3324a52-b217-41e5-a9e7-1ad29ddf9356@group-B57BD563C974: start as a follower, conf=-1: [e3324a52-b217-41e5-a9e7-1ad29ddf9356:192.168.30.10:44422], old=null
2019-09-25 07:19:25,537 [pool-197-thread-1] INFO  impl.RaftServerImpl (RaftServerImpl.java:setRole(174)) - e3324a52-b217-41e5-a9e7-1ad29ddf9356@group-B57BD563C974: changes role from      null to FOLLOWER at term 0 for startAsFollower
2019-09-25 07:19:25,538 [pool-197-thread-1] INFO  impl.RoleInfo (RoleInfo.java:updateAndGet(143)) - e3324a52-b217-41e5-a9e7-1ad29ddf9356: start FollowerState
2019-09-25 07:19:25,538 [pool-197-thread-1] INFO  util.JmxRegister (JmxRegister.java:tryRegister(44)) - Successfully registered JMX Bean with object name Ratis:service=RaftServer,group=group-B57BD563C974,id=e3324a52-b217-41e5-a9e7-1ad29ddf9356
2019-09-25 07:19:25,541 [RatisPipelineUtilsThread] INFO  pipeline.PipelineStateManager (PipelineStateManager.java:addPipeline(56)) - Created pipeline Pipeline[ Id: c2b1b2ff-6ec3-4625-acd2-b57bd563c974, Nodes: e3324a52-b217-41e5-a9e7-1ad29ddf9356{ip: 192.168.30.10, host: pr-hdds-1569-s62bp-3040748787, networkLocation: /default-rack, certSerialId: null}, Type:RATIS, Factor:ONE, State:OPEN]
2019-09-25 07:19:25,541 [RatisPipelineUtilsThread] INFO  pipeline.PipelinePlacementPolicy (PipelinePlacementPolicy.java:meetCriteria(91)) - Pipeline Placement: Doesn't meet the criteria to be viable node： f13e407e-3550-4add-9ccd-cdd7f285656a Heaviness: 6 limit: 5
2019-09-25 07:19:25,541 [RatisPipelineUtilsThread] INFO  pipeline.PipelinePlacementPolicy (PipelinePlacementPolicy.java:meetCriteria(91)) - Pipeline Placement: Doesn't meet the criteria to be viable node： f001641b-37ec-46f2-975b-c72720f35757 Heaviness: 6 limit: 5
2019-09-25 07:19:25,542 [RatisPipelineUtilsThread] INFO  pipeline.PipelinePlacementPolicy (PipelinePlacementPolicy.java:meetCriteria(91)) - Pipeline Placement: Doesn't meet the criteria to be viable node： e3324a52-b217-41e5-a9e7-1ad29ddf9356 Heaviness: 6 limit: 5
2019-09-25 07:19:25,542 [RatisPipelineUtilsThread] ERROR pipeline.PipelinePlacementPolicy (PipelinePlacementPolicy.java:filterViableNodes(148)) - Unable to find enough nodes that meet the criteria that cannot engage in more than 5 pipelines. Nodes required: 1 Found: 0, healthy nodes count inNodeManager: 3.
2019-09-25 07:19:25,542 [RatisPipelineUtilsThread] ERROR pipeline.SCMPipelineManager (SCMPipelineManager.java:createPipeline(167)) - Pipeline creation failed due to exception: Unable to find enough nodes that meet the criteria that cannot engage in more than 5 pipelines. Nodes required: 1 Found: 0, healthy nodes count inNodeManager: 3.
2019-09-25 07:19:25,542 [RatisPipelineUtilsThread] INFO  pipeline.PipelinePlacementPolicy (PipelinePlacementPolicy.java:meetCriteria(91)) - Pipeline Placement: Doesn't meet the criteria to be viable node： f13e407e-3550-4add-9ccd-cdd7f285656a Heaviness: 6 limit: 5
2019-09-25 07:19:25,542 [RatisPipelineUtilsThread] INFO  pipeline.PipelinePlacementPolicy (PipelinePlacementPolicy.java:meetCriteria(91)) - Pipeline Placement: Doesn't meet the criteria to be viable node： f001641b-37ec-46f2-975b-c72720f35757 Heaviness: 6 limit: 5
2019-09-25 07:19:25,542 [RatisPipelineUtilsThread] INFO  pipeline.PipelinePlacementPolicy (PipelinePlacementPolicy.java:meetCriteria(91)) - Pipeline Placement: Doesn't meet the criteria to be viable node： e3324a52-b217-41e5-a9e7-1ad29ddf9356 Heaviness: 6 limit: 5
2019-09-25 07:19:25,543 [RatisPipelineUtilsThread] ERROR pipeline.PipelinePlacementPolicy (PipelinePlacementPolicy.java:filterViableNodes(148)) - Unable to find enough nodes that meet the criteria that cannot engage in more than 5 pipelines. Nodes required: 3 Found: 0, healthy nodes count inNodeManager: 3.
2019-09-25 07:19:25,543 [RatisPipelineUtilsThread] ERROR pipeline.SCMPipelineManager (SCMPipelineManager.java:createPipeline(167)) - Pipeline creation failed due to exception: Unable to find enough nodes that meet the criteria that cannot engage in more than 5 pipelines. Nodes required: 3 Found: 0, healthy nodes count inNodeManager: 3.
2019-09-25 07:19:25,543 [RatisPipelineUtilsThread] INFO  pipeline.PipelinePlacementPolicy (PipelinePlacementPolicy.java:meetCriteria(91)) - Pipeline Placement: Doesn't meet the criteria to be viable node： f13e407e-3550-4add-9ccd-cdd7f285656a Heaviness: 6 limit: 5
2019-09-25 07:19:25,543 [RatisPipelineUtilsThread] INFO  pipeline.PipelinePlacementPolicy (PipelinePlacementPolicy.java:meetCriteria(91)) - Pipeline Placement: Doesn't meet the criteria to be viable node： f001641b-37ec-46f2-975b-c72720f35757 Heaviness: 6 limit: 5
2019-09-25 07:19:25,543 [RatisPipelineUtilsThread] INFO  pipeline.PipelinePlacementPolicy (PipelinePlacementPolicy.java:meetCriteria(91)) - Pipeline Placement: Doesn't meet the criteria to be viable node： e3324a52-b217-41e5-a9e7-1ad29ddf9356 Heaviness: 6 limit: 5
2019-09-25 07:19:25,543 [RatisPipelineUtilsThread] ERROR pipeline.PipelinePlacementPolicy (PipelinePlacementPolicy.java:filterViableNodes(148)) - Unable to find enough nodes that meet the criteria that cannot engage in more than 5 pipelines. Nodes required: 1 Found: 0, healthy nodes count inNodeManager: 3.
2019-09-25 07:19:25,544 [RatisPipelineUtilsThread] ERROR pipeline.SCMPipelineManager (SCMPipelineManager.java:createPipeline(167)) - Pipeline creation failed due to exception: Unable to find enough nodes that meet the criteria that cannot engage in more than 5 pipelines. Nodes required: 1 Found: 0, healthy nodes count inNodeManager: 3.
2019-09-25 07:19:25,544 [RatisPipelineUtilsThread] INFO  pipeline.PipelinePlacementPolicy (PipelinePlacementPolicy.java:meetCriteria(91)) - Pipeline Placement: Doesn't meet the criteria to be viable node： f13e407e-3550-4add-9ccd-cdd7f285656a Heaviness: 6 limit: 5
2019-09-25 07:19:25,544 [RatisPipelineUtilsThread] INFO  pipeline.PipelinePlacementPolicy (PipelinePlacementPolicy.java:meetCriteria(91)) - Pipeline Placement: Doesn't meet the criteria to be viable node： f001641b-37ec-46f2-975b-c72720f35757 Heaviness: 6 limit: 5
2019-09-25 07:19:25,544 [RatisPipelineUtilsThread] INFO  pipeline.PipelinePlacementPolicy (PipelinePlacementPolicy.java:meetCriteria(91)) - Pipeline Placement: Doesn't meet the criteria to be viable node： e3324a52-b217-41e5-a9e7-1ad29ddf9356 Heaviness: 6 limit: 5
2019-09-25 07:19:25,544 [RatisPipelineUtilsThread] ERROR pipeline.PipelinePlacementPolicy (PipelinePlacementPolicy.java:filterViableNodes(148)) - Unable to find enough nodes that meet the criteria that cannot engage in more than 5 pipelines. Nodes required: 3 Found: 0, healthy nodes count inNodeManager: 3.
2019-09-25 07:19:25,544 [RatisPipelineUtilsThread] ERROR pipeline.SCMPipelineManager (SCMPipelineManager.java:createPipeline(167)) - Pipeline creation failed due to exception: Unable to find enough nodes that meet the criteria that cannot engage in more than 5 pipelines. Nodes required: 3 Found: 0, healthy nodes count inNodeManager: 3.
2019-09-25 07:19:25,836 [Thread-810] INFO  ozone.MiniOzoneClusterImpl (MiniOzoneClusterImpl.java:lambda$waitForClusterToBeReady$0(147)) - Cluster is ready. Got 3 of 3 DN Heartbeats.
2019-09-25 07:19:25,888 [Thread-810] INFO  rpc.RpcClient (RpcClient.java:createVolume(276)) - Creating Volume: volume26372, with user55854 as owner.
2019-09-25 07:19:25,891 [IPC Server handler 3 on 42390] INFO  volume.OMVolumeCreateRequest (OMVolumeCreateRequest.java:validateAndUpdateCache(189)) - created volume:volume26372 for user:user55854
2019-09-25 07:19:25,904 [Thread-810] INFO  rpc.RpcClient (RpcClient.java:createBucket(415)) - Creating Bucket: volume26372/bucket35981, with Versioning false and Storage Type set to DISK and Encryption set to false 
2019-09-25 07:19:25,954 [IPC Server handler 0 on 42726] INFO  pipeline.PipelinePlacementPolicy (PipelinePlacementPolicy.java:meetCriteria(91)) - Pipeline Placement: Doesn't meet the criteria to be viable node： f13e407e-3550-4add-9ccd-cdd7f285656a Heaviness: 6 limit: 5
2019-09-25 07:19:25,954 [IPC Server handler 0 on 42726] INFO  pipeline.PipelinePlacementPolicy (PipelinePlacementPolicy.java:meetCriteria(91)) - Pipeline Placement: Doesn't meet the criteria to be viable node： f001641b-37ec-46f2-975b-c72720f35757 Heaviness: 6 limit: 5
2019-09-25 07:19:25,954 [IPC Server handler 0 on 42726] INFO  pipeline.PipelinePlacementPolicy (PipelinePlacementPolicy.java:meetCriteria(91)) - Pipeline Placement: Doesn't meet the criteria to be viable node： e3324a52-b217-41e5-a9e7-1ad29ddf9356 Heaviness: 6 limit: 5
2019-09-25 07:19:25,955 [IPC Server handler 0 on 42726] ERROR pipeline.PipelinePlacementPolicy (PipelinePlacementPolicy.java:filterViableNodes(148)) - Unable to find enough nodes that meet the criteria that cannot engage in more than 5 pipelines. Nodes required: 3 Found: 0, healthy nodes count inNodeManager: 3.
2019-09-25 07:19:25,955 [IPC Server handler 0 on 42726] ERROR pipeline.SCMPipelineManager (SCMPipelineManager.java:createPipeline(167)) - Pipeline creation failed due to exception: Unable to find enough nodes that meet the criteria that cannot engage in more than 5 pipelines. Nodes required: 3 Found: 0, healthy nodes count inNodeManager: 3.
2019-09-25 07:19:25,955 [IPC Server handler 0 on 42726] WARN  block.BlockManagerImpl (BlockManagerImpl.java:allocateBlock(192)) - Pipeline creation failed for type:RATIS factor:THREE. Retrying get pipelines call once.
org.apache.hadoop.hdds.scm.exceptions.SCMException: Unable to find enough nodes that meet the criteria that cannot engage in more than 5 pipelines. Nodes required: 3 Found: 0, healthy nodes count inNodeManager: 3.
	at org.apache.hadoop.hdds.scm.pipeline.PipelinePlacementPolicy.filterViableNodes(PipelinePlacementPolicy.java:149)
	at org.apache.hadoop.hdds.scm.pipeline.PipelinePlacementPolicy.chooseDatanodes(PipelinePlacementPolicy.java:172)
	at org.apache.hadoop.hdds.scm.pipeline.RatisPipelineProvider.create(RatisPipelineProvider.java:93)
	at org.apache.hadoop.hdds.scm.pipeline.PipelineFactory.create(PipelineFactory.java:58)
	at org.apache.hadoop.hdds.scm.pipeline.SCMPipelineManager.createPipeline(SCMPipelineManager.java:155)
	at org.apache.hadoop.hdds.scm.block.BlockManagerImpl.allocateBlock(BlockManagerImpl.java:190)
	at org.apache.hadoop.hdds.scm.server.SCMBlockProtocolServer.allocateBlock(SCMBlockProtocolServer.java:182)
	at org.apache.hadoop.ozone.protocolPB.ScmBlockLocationProtocolServerSideTranslatorPB.allocateScmBlock(ScmBlockLocationProtocolServerSideTranslatorPB.java:183)
	at org.apache.hadoop.ozone.protocolPB.ScmBlockLocationProtocolServerSideTranslatorPB.processMessage(ScmBlockLocationProtocolServerSideTranslatorPB.java:141)
	at org.apache.hadoop.ozone.protocolPB.ScmBlockLocationProtocolServerSideTranslatorPB.send(ScmBlockLocationProtocolServerSideTranslatorPB.java:116)
	at org.apache.hadoop.hdds.protocol.proto.ScmBlockLocationProtocolProtos$ScmBlockLocationProtocolService$2.callBlockingMethod(ScmBlockLocationProtocolProtos.java:13157)
	at org.apache.hadoop.ipc.ProtobufRpcEngine$Server$ProtoBufRpcInvoker.call(ProtobufRpcEngine.java:524)
	at org.apache.hadoop.ipc.RPC$Server.call(RPC.java:1025)
	at org.apache.hadoop.ipc.Server$RpcCall.run(Server.java:876)
	at org.apache.hadoop.ipc.Server$RpcCall.run(Server.java:822)
	at java.security.AccessController.doPrivileged(Native Method)
	at javax.security.auth.Subject.doAs(Subject.java:422)
	at org.apache.hadoop.security.UserGroupInformation.doAs(UserGroupInformation.java:1730)
	at org.apache.hadoop.ipc.Server$Handler.run(Server.java:2682)
2019-09-25 07:19:25,956 [IPC Server handler 0 on 42726] INFO  block.BlockManagerImpl (BlockManagerImpl.java:allocateBlock(198)) - Could not find available pipeline of type:RATIS and factor:THREE even after retrying
2019-09-25 07:19:25,956 [IPC Server handler 0 on 42726] ERROR block.BlockManagerImpl (BlockManagerImpl.java:allocateBlock(222)) - Unable to allocate a block for the size: 4194304, type: RATIS, factor: THREE
2019-09-25 07:19:25,958 [Thread-810] INFO  ozone.MiniOzoneClusterImpl (MiniOzoneClusterImpl.java:shutdown(314)) - Shutting down the Mini Ozone Cluster
2019-09-25 07:19:25,958 [Thread-810] INFO  ozone.MiniOzoneClusterImpl (MiniOzoneClusterImpl.java:stop(330)) - Stopping the Mini Ozone Cluster
2019-09-25 07:19:25,958 [Thread-810] INFO  ozone.MiniOzoneClusterImpl (MiniOzoneClusterImpl.java:stopOM(400)) - Stopping the OzoneManager
2019-09-25 07:19:25,958 [Thread-810] INFO  ipc.Server (Server.java:stop(3082)) - Stopping server on 42390
2019-09-25 07:19:25,963 [IPC Server listener on 42390] INFO  ipc.Server (Server.java:run(1185)) - Stopping IPC Server listener on 42390
2019-09-25 07:19:25,963 [IPC Server Responder] INFO  ipc.Server (Server.java:run(1319)) - Stopping IPC Server Responder
2019-09-25 07:19:25,963 [Thread-810] INFO  ratis.OzoneManagerDoubleBuffer (OzoneManagerDoubleBuffer.java:stop(248)) - Stopping OMDoubleBuffer flush thread
2019-09-25 07:19:25,965 [OMDoubleBufferFlushThread] INFO  ratis.OzoneManagerDoubleBuffer (OzoneManagerDoubleBuffer.java:flushTransactions(191)) - OMDoubleBuffer flush thread OMDoubleBufferFlushThread is interrupted and will exit. OMDoubleBufferFlushThread
2019-09-25 07:19:25,966 [Thread-810] INFO  utils.BackgroundService (BackgroundService.java:shutdown(148)) - Shutting down service KeyDeletingService
2019-09-25 07:19:25,967 [Thread-810] INFO  handler.ContextHandler (ContextHandler.java:doStop(910)) - Stopped o.e.j.w.WebAppContext@6ac5f2d0{/,null,UNAVAILABLE}{/ozoneManager}
2019-09-25 07:19:25,968 [Thread-810] INFO  server.AbstractConnector (AbstractConnector.java:doStop(318)) - Stopped ServerConnector@75d9e28b{HTTP/1.1,[http/1.1]}{0.0.0.0:0}
2019-09-25 07:19:25,968 [Thread-810] INFO  handler.ContextHandler (ContextHandler.java:doStop(910)) - Stopped o.e.j.s.ServletContextHandler@16739719{/static,jar:file:/home/user/.m2/repository/org/apache/hadoop/hadoop-ozone-ozone-manager/0.5.0-SNAPSHOT/hadoop-ozone-ozone-manager-0.5.0-SNAPSHOT.jar!/webapps/static,UNAVAILABLE}
2019-09-25 07:19:25,968 [Thread-810] INFO  handler.ContextHandler (ContextHandler.java:doStop(910)) - Stopped o.e.j.s.ServletContextHandler@531f2079{/logs,file:///workdir/hadoop-ozone/ozonefs/target/log,UNAVAILABLE}
2019-09-25 07:19:25,970 [Thread-810] INFO  ozone.MiniOzoneClusterImpl (MiniOzoneClusterImpl.java:stopDatanodes(377)) - Stopping the HddsDatanodes
2019-09-25 07:19:26,696 [Datanode State Machine Thread - 0] INFO  statemachine.DatanodeStateMachine (DatanodeStateMachine.java:lambda$startDaemon$0(350)) - Ozone container server started.
2019-09-25 07:19:26,769 [Datanode State Machine Thread - 0] INFO  statemachine.DatanodeStateMachine (DatanodeStateMachine.java:lambda$startDaemon$0(350)) - Ozone container server started.
2019-09-25 07:19:27,708 [Thread-982] INFO  container.ReplicationManager (ReplicationManager.java:start(163)) - Starting Replication Monitor Thread.
2019-09-25 07:19:27,711 [ReplicationMonitor] INFO  container.ReplicationManager (ReplicationManager.java:run(226)) - Replication Monitor Thread took 0 milliseconds for processing 0 containers.
2019-09-25 07:19:29,814 [Thread-987] INFO  impl.FollowerState (FollowerState.java:run(106)) - f001641b-37ec-46f2-975b-c72720f35757:group-0FD5473A744A changes to CANDIDATE, lastRpcTime:5008, electionTimeout:5008ms
2019-09-25 07:19:29,814 [Thread-987] INFO  impl.RoleInfo (RoleInfo.java:shutdownFollowerState(121)) - f001641b-37ec-46f2-975b-c72720f35757: shutdown FollowerState
2019-09-25 07:19:29,814 [Thread-987] INFO  impl.RaftServerImpl (RaftServerImpl.java:setRole(174)) - f001641b-37ec-46f2-975b-c72720f35757@group-0FD5473A744A: changes role from  FOLLOWER to CANDIDATE at term 0 for changeToCandidate
2019-09-25 07:19:29,815 [Thread-987] INFO  impl.RoleInfo (RoleInfo.java:updateAndGet(143)) - f001641b-37ec-46f2-975b-c72720f35757: start LeaderElection
2019-09-25 07:19:29,832 [f001641b-37ec-46f2-975b-c72720f35757@group-0FD5473A744A:LeaderElection55] INFO  impl.LeaderElection (LeaderElection.java:askForVotes(182)) - f001641b-37ec-46f2-975b-c72720f35757@group-0FD5473A744A:LeaderElection55: begin an election at term 1 for -1: [f001641b-37ec-46f2-975b-c72720f35757:192.168.30.10:35375], old=null
2019-09-25 07:19:29,833 [f001641b-37ec-46f2-975b-c72720f35757@group-0FD5473A744A:LeaderElection55] INFO  impl.RoleInfo (RoleInfo.java:shutdownLeaderElection(134)) - f001641b-37ec-46f2-975b-c72720f35757: shutdown LeaderElection
2019-09-25 07:19:29,833 [f001641b-37ec-46f2-975b-c72720f35757@group-0FD5473A744A:LeaderElection55] INFO  impl.RaftServerImpl (RaftServerImpl.java:setRole(174)) - f001641b-37ec-46f2-975b-c72720f35757@group-0FD5473A744A: changes role from CANDIDATE to LEADER at term 1 for changeToLeader
2019-09-25 07:19:29,833 [f001641b-37ec-46f2-975b-c72720f35757@group-0FD5473A744A:LeaderElection55] INFO  impl.RaftServerImpl (ServerState.java:setLeader(253)) - f001641b-37ec-46f2-975b-c72720f35757@group-0FD5473A744A: change Leader from null to f001641b-37ec-46f2-975b-c72720f35757 at term 1 for becomeLeader, leader elected after 5033ms
2019-09-25 07:19:29,833 [f001641b-37ec-46f2-975b-c72720f35757@group-0FD5473A744A:LeaderElection55] INFO  server.RaftServerConfigKeys (ConfUtils.java:logGet(43)) - raft.server.staging.catchup.gap = 1000 (default)
2019-09-25 07:19:29,833 [f001641b-37ec-46f2-975b-c72720f35757@group-0FD5473A744A:LeaderElection55] INFO  server.RaftServerConfigKeys (ConfUtils.java:logGet(43)) - raft.server.rpc.sleep.time = 25ms (default)
2019-09-25 07:19:29,834 [f001641b-37ec-46f2-975b-c72720f35757@group-0FD5473A744A:LeaderElection55] INFO  server.RaftServerConfigKeys (ConfUtils.java:logGet(43)) - raft.server.write.element-limit = 4096 (default)
2019-09-25 07:19:29,834 [f001641b-37ec-46f2-975b-c72720f35757@group-0FD5473A744A:LeaderElection55] INFO  server.RaftServerConfigKeys (ConfUtils.java:logGet(43)) - raft.server.watch.timeout = 10s (default)
2019-09-25 07:19:29,834 [f001641b-37ec-46f2-975b-c72720f35757@group-0FD5473A744A:LeaderElection55] INFO  server.RaftServerConfigKeys (ConfUtils.java:logGet(43)) - raft.server.watch.timeout.denomination = 1s (default)
2019-09-25 07:19:29,834 [f001641b-37ec-46f2-975b-c72720f35757@group-0FD5473A744A:LeaderElection55] INFO  server.RaftServerConfigKeys (ConfUtils.java:logGet(43)) - raft.server.watch.element-limit = 65536 (default)
2019-09-25 07:19:29,836 [f001641b-37ec-46f2-975b-c72720f35757@group-0FD5473A744A:LeaderElection55] INFO  impl.RoleInfo (RoleInfo.java:updateAndGet(143)) - f001641b-37ec-46f2-975b-c72720f35757: start LeaderState
2019-09-25 07:19:29,836 [f001641b-37ec-46f2-975b-c72720f35757@group-0FD5473A744A:LeaderElection55] INFO  segmented.SegmentedRaftLogWorker (SegmentedRaftLogWorker.java:startLogSegment(380)) - f001641b-37ec-46f2-975b-c72720f35757@group-0FD5473A744A-SegmentedRaftLogWorker: Starting segment from index:0
2019-09-25 07:19:29,837 [f001641b-37ec-46f2-975b-c72720f35757@group-0FD5473A744A:LeaderElection55] INFO  impl.RaftServerImpl (ServerState.java:setRaftConf(354)) - f001641b-37ec-46f2-975b-c72720f35757@group-0FD5473A744A: set configuration 0: [f001641b-37ec-46f2-975b-c72720f35757:192.168.30.10:35375], old=null at 0
2019-09-25 07:19:29,884 [f001641b-37ec-46f2-975b-c72720f35757@group-0FD5473A744A-SegmentedRaftLogWorker] INFO  segmented.SegmentedRaftLogWorker (SegmentedRaftLogWorker.java:execute(569)) - f001641b-37ec-46f2-975b-c72720f35757@group-0FD5473A744A-SegmentedRaftLogWorker: created new log segment /workdir/hadoop-ozone/ozonefs/target/test-dir/MiniOzoneClusterImpl-3fce1b0a-df6a-4342-ad64-1814f71f3ecd/datanode-0/data/ratis/a4248be2-299c-4e4f-ac15-0fd5473a744a/current/log_inprogress_0
2019-09-25 07:19:29,925 [Thread-990] INFO  impl.FollowerState (FollowerState.java:run(106)) - f001641b-37ec-46f2-975b-c72720f35757:group-A89D41705C57 changes to CANDIDATE, lastRpcTime:5066, electionTimeout:5066ms
2019-09-25 07:19:29,925 [Thread-990] INFO  impl.RoleInfo (RoleInfo.java:shutdownFollowerState(121)) - f001641b-37ec-46f2-975b-c72720f35757: shutdown FollowerState
2019-09-25 07:19:29,925 [Thread-990] INFO  impl.RaftServerImpl (RaftServerImpl.java:setRole(174)) - f001641b-37ec-46f2-975b-c72720f35757@group-A89D41705C57: changes role from  FOLLOWER to CANDIDATE at term 0 for changeToCandidate
2019-09-25 07:19:29,926 [Thread-990] INFO  impl.RoleInfo (RoleInfo.java:updateAndGet(143)) - f001641b-37ec-46f2-975b-c72720f35757: start LeaderElection
2019-09-25 07:19:29,941 [Thread-984] INFO  impl.FollowerState (FollowerState.java:run(106)) - f001641b-37ec-46f2-975b-c72720f35757:group-3481F08A1CFA changes to CANDIDATE, lastRpcTime:5180, electionTimeout:5180ms
2019-09-25 07:19:29,941 [Thread-984] INFO  impl.RoleInfo (RoleInfo.java:shutdownFollowerState(121)) - f001641b-37ec-46f2-975b-c72720f35757: shutdown FollowerState
2019-09-25 07:19:29,941 [Thread-984] INFO  impl.RaftServerImpl (RaftServerImpl.java:setRole(174)) - f001641b-37ec-46f2-975b-c72720f35757@group-3481F08A1CFA: changes role from  FOLLOWER to CANDIDATE at term 0 for changeToCandidate
2019-09-25 07:19:29,941 [Thread-984] INFO  impl.RoleInfo (RoleInfo.java:updateAndGet(143)) - f001641b-37ec-46f2-975b-c72720f35757: start LeaderElection
2019-09-25 07:19:29,944 [f001641b-37ec-46f2-975b-c72720f35757@group-A89D41705C57:LeaderElection56] INFO  impl.LeaderElection (LeaderElection.java:askForVotes(182)) - f001641b-37ec-46f2-975b-c72720f35757@group-A89D41705C57:LeaderElection56: begin an election at term 1 for -1: [f001641b-37ec-46f2-975b-c72720f35757:192.168.30.10:35375], old=null
2019-09-25 07:19:29,944 [f001641b-37ec-46f2-975b-c72720f35757@group-A89D41705C57:LeaderElection56] INFO  impl.RoleInfo (RoleInfo.java:shutdownLeaderElection(134)) - f001641b-37ec-46f2-975b-c72720f35757: shutdown LeaderElection
2019-09-25 07:19:29,944 [f001641b-37ec-46f2-975b-c72720f35757@group-A89D41705C57:LeaderElection56] INFO  impl.RaftServerImpl (RaftServerImpl.java:setRole(174)) - f001641b-37ec-46f2-975b-c72720f35757@group-A89D41705C57: changes role from CANDIDATE to LEADER at term 1 for changeToLeader
2019-09-25 07:19:29,944 [f001641b-37ec-46f2-975b-c72720f35757@group-A89D41705C57:LeaderElection56] INFO  impl.RaftServerImpl (ServerState.java:setLeader(253)) - f001641b-37ec-46f2-975b-c72720f35757@group-A89D41705C57: change Leader from null to f001641b-37ec-46f2-975b-c72720f35757 at term 1 for becomeLeader, leader elected after 5091ms
2019-09-25 07:19:29,944 [f001641b-37ec-46f2-975b-c72720f35757@group-A89D41705C57:LeaderElection56] INFO  server.RaftServerConfigKeys (ConfUtils.java:logGet(43)) - raft.server.staging.catchup.gap = 1000 (default)
2019-09-25 07:19:29,944 [f001641b-37ec-46f2-975b-c72720f35757@group-A89D41705C57:LeaderElection56] INFO  server.RaftServerConfigKeys (ConfUtils.java:logGet(43)) - raft.server.rpc.sleep.time = 25ms (default)
2019-09-25 07:19:29,945 [f001641b-37ec-46f2-975b-c72720f35757@group-A89D41705C57:LeaderElection56] INFO  server.RaftServerConfigKeys (ConfUtils.java:logGet(43)) - raft.server.write.element-limit = 4096 (default)
2019-09-25 07:19:29,945 [f001641b-37ec-46f2-975b-c72720f35757@group-A89D41705C57:LeaderElection56] INFO  server.RaftServerConfigKeys (ConfUtils.java:logGet(43)) - raft.server.watch.timeout = 10s (default)
2019-09-25 07:19:29,945 [f001641b-37ec-46f2-975b-c72720f35757@group-A89D41705C57:LeaderElection56] INFO  server.RaftServerConfigKeys (ConfUtils.java:logGet(43)) - raft.server.watch.timeout.denomination = 1s (default)
2019-09-25 07:19:29,945 [f001641b-37ec-46f2-975b-c72720f35757@group-A89D41705C57:LeaderElection56] INFO  server.RaftServerConfigKeys (ConfUtils.java:logGet(43)) - raft.server.watch.element-limit = 65536 (default)
2019-09-25 07:19:29,947 [f001641b-37ec-46f2-975b-c72720f35757@group-A89D41705C57:LeaderElection56] INFO  impl.RoleInfo (RoleInfo.java:updateAndGet(143)) - f001641b-37ec-46f2-975b-c72720f35757: start LeaderState
2019-09-25 07:19:29,947 [f001641b-37ec-46f2-975b-c72720f35757@group-A89D41705C57:LeaderElection56] INFO  segmented.SegmentedRaftLogWorker (SegmentedRaftLogWorker.java:startLogSegment(380)) - f001641b-37ec-46f2-975b-c72720f35757@group-A89D41705C57-SegmentedRaftLogWorker: Starting segment from index:0
2019-09-25 07:19:29,948 [f001641b-37ec-46f2-975b-c72720f35757@group-A89D41705C57:LeaderElection56] INFO  impl.RaftServerImpl (ServerState.java:setRaftConf(354)) - f001641b-37ec-46f2-975b-c72720f35757@group-A89D41705C57: set configuration 0: [f001641b-37ec-46f2-975b-c72720f35757:192.168.30.10:35375], old=null at 0
2019-09-25 07:19:29,957 [f001641b-37ec-46f2-975b-c72720f35757@group-3481F08A1CFA:LeaderElection57] INFO  impl.LeaderElection (LeaderElection.java:askForVotes(182)) - f001641b-37ec-46f2-975b-c72720f35757@group-3481F08A1CFA:LeaderElection57: begin an election at term 1 for -1: [f001641b-37ec-46f2-975b-c72720f35757:192.168.30.10:35375], old=null
2019-09-25 07:19:29,957 [f001641b-37ec-46f2-975b-c72720f35757@group-3481F08A1CFA:LeaderElection57] INFO  impl.RoleInfo (RoleInfo.java:shutdownLeaderElection(134)) - f001641b-37ec-46f2-975b-c72720f35757: shutdown LeaderElection
2019-09-25 07:19:29,957 [f001641b-37ec-46f2-975b-c72720f35757@group-3481F08A1CFA:LeaderElection57] INFO  impl.RaftServerImpl (RaftServerImpl.java:setRole(174)) - f001641b-37ec-46f2-975b-c72720f35757@group-3481F08A1CFA: changes role from CANDIDATE to LEADER at term 1 for changeToLeader
2019-09-25 07:19:29,957 [f001641b-37ec-46f2-975b-c72720f35757@group-3481F08A1CFA:LeaderElection57] INFO  impl.RaftServerImpl (ServerState.java:setLeader(253)) - f001641b-37ec-46f2-975b-c72720f35757@group-3481F08A1CFA: change Leader from null to f001641b-37ec-46f2-975b-c72720f35757 at term 1 for becomeLeader, leader elected after 5205ms
2019-09-25 07:19:29,957 [f001641b-37ec-46f2-975b-c72720f35757@group-3481F08A1CFA:LeaderElection57] INFO  server.RaftServerConfigKeys (ConfUtils.java:logGet(43)) - raft.server.staging.catchup.gap = 1000 (default)
2019-09-25 07:19:29,957 [f001641b-37ec-46f2-975b-c72720f35757@group-3481F08A1CFA:LeaderElection57] INFO  server.RaftServerConfigKeys (ConfUtils.java:logGet(43)) - raft.server.rpc.sleep.time = 25ms (default)
2019-09-25 07:19:29,957 [f001641b-37ec-46f2-975b-c72720f35757@group-3481F08A1CFA:LeaderElection57] INFO  server.RaftServerConfigKeys (ConfUtils.java:logGet(43)) - raft.server.write.element-limit = 4096 (default)
2019-09-25 07:19:29,958 [f001641b-37ec-46f2-975b-c72720f35757@group-3481F08A1CFA:LeaderElection57] INFO  server.RaftServerConfigKeys (ConfUtils.java:logGet(43)) - raft.server.watch.timeout = 10s (default)
2019-09-25 07:19:29,958 [f001641b-37ec-46f2-975b-c72720f35757@group-3481F08A1CFA:LeaderElection57] INFO  server.RaftServerConfigKeys (ConfUtils.java:logGet(43)) - raft.server.watch.timeout.denomination = 1s (default)
2019-09-25 07:19:29,958 [f001641b-37ec-46f2-975b-c72720f35757@group-3481F08A1CFA:LeaderElection57] INFO  server.RaftServerConfigKeys (ConfUtils.java:logGet(43)) - raft.server.watch.element-limit = 65536 (default)
2019-09-25 07:19:29,959 [f001641b-37ec-46f2-975b-c72720f35757@group-3481F08A1CFA:LeaderElection57] INFO  impl.RoleInfo (RoleInfo.java:updateAndGet(143)) - f001641b-37ec-46f2-975b-c72720f35757: start LeaderState
2019-09-25 07:19:29,960 [f001641b-37ec-46f2-975b-c72720f35757@group-3481F08A1CFA:LeaderElection57] INFO  segmented.SegmentedRaftLogWorker (SegmentedRaftLogWorker.java:startLogSegment(380)) - f001641b-37ec-46f2-975b-c72720f35757@group-3481F08A1CFA-SegmentedRaftLogWorker: Starting segment from index:0
2019-09-25 07:19:29,960 [f001641b-37ec-46f2-975b-c72720f35757@group-3481F08A1CFA:LeaderElection57] INFO  impl.RaftServerImpl (ServerState.java:setRaftConf(354)) - f001641b-37ec-46f2-975b-c72720f35757@group-3481F08A1CFA: set configuration 0: [f001641b-37ec-46f2-975b-c72720f35757:192.168.30.10:35375], old=null at 0
2019-09-25 07:19:29,972 [Thread-996] INFO  impl.FollowerState (FollowerState.java:run(106)) - f13e407e-3550-4add-9ccd-cdd7f285656a:group-006CB1ABFCEE changes to CANDIDATE, lastRpcTime:5021, electionTimeout:5021ms
2019-09-25 07:19:29,972 [Thread-996] INFO  impl.RoleInfo (RoleInfo.java:shutdownFollowerState(121)) - f13e407e-3550-4add-9ccd-cdd7f285656a: shutdown FollowerState
2019-09-25 07:19:29,972 [Thread-996] INFO  impl.RaftServerImpl (RaftServerImpl.java:setRole(174)) - f13e407e-3550-4add-9ccd-cdd7f285656a@group-006CB1ABFCEE: changes role from  FOLLOWER to CANDIDATE at term 0 for changeToCandidate
2019-09-25 07:19:29,972 [Thread-996] INFO  impl.RoleInfo (RoleInfo.java:updateAndGet(143)) - f13e407e-3550-4add-9ccd-cdd7f285656a: start LeaderElection
2019-09-25 07:19:30,019 [f001641b-37ec-46f2-975b-c72720f35757@group-A89D41705C57-SegmentedRaftLogWorker] INFO  segmented.SegmentedRaftLogWorker (SegmentedRaftLogWorker.java:execute(569)) - f001641b-37ec-46f2-975b-c72720f35757@group-A89D41705C57-SegmentedRaftLogWorker: created new log segment /workdir/hadoop-ozone/ozonefs/target/test-dir/MiniOzoneClusterImpl-3fce1b0a-df6a-4342-ad64-1814f71f3ecd/datanode-0/data/ratis/b669810d-7e28-477d-99d8-a89d41705c57/current/log_inprogress_0
2019-09-25 07:19:30,019 [f13e407e-3550-4add-9ccd-cdd7f285656a@group-006CB1ABFCEE:LeaderElection58] INFO  impl.LeaderElection (LeaderElection.java:askForVotes(182)) - f13e407e-3550-4add-9ccd-cdd7f285656a@group-006CB1ABFCEE:LeaderElection58: begin an election at term 1 for -1: [f13e407e-3550-4add-9ccd-cdd7f285656a:192.168.30.10:34297], old=null
2019-09-25 07:19:30,019 [f001641b-37ec-46f2-975b-c72720f35757@group-3481F08A1CFA-SegmentedRaftLogWorker] INFO  segmented.SegmentedRaftLogWorker (SegmentedRaftLogWorker.java:execute(569)) - f001641b-37ec-46f2-975b-c72720f35757@group-3481F08A1CFA-SegmentedRaftLogWorker: created new log segment /workdir/hadoop-ozone/ozonefs/target/test-dir/MiniOzoneClusterImpl-3fce1b0a-df6a-4342-ad64-1814f71f3ecd/datanode-0/data/ratis/c8325e3c-a185-4d6c-8f07-3481f08a1cfa/current/log_inprogress_0
2019-09-25 07:19:30,019 [f13e407e-3550-4add-9ccd-cdd7f285656a@group-006CB1ABFCEE:LeaderElection58] INFO  impl.RoleInfo (RoleInfo.java:shutdownLeaderElection(134)) - f13e407e-3550-4add-9ccd-cdd7f285656a: shutdown LeaderElection
2019-09-25 07:19:30,019 [f13e407e-3550-4add-9ccd-cdd7f285656a@group-006CB1ABFCEE:LeaderElection58] INFO  impl.RaftServerImpl (RaftServerImpl.java:setRole(174)) - f13e407e-3550-4add-9ccd-cdd7f285656a@group-006CB1ABFCEE: changes role from CANDIDATE to LEADER at term 1 for changeToLeader
2019-09-25 07:19:30,019 [f13e407e-3550-4add-9ccd-cdd7f285656a@group-006CB1ABFCEE:LeaderElection58] INFO  impl.RaftServerImpl (ServerState.java:setLeader(253)) - f13e407e-3550-4add-9ccd-cdd7f285656a@group-006CB1ABFCEE: change Leader from null to f13e407e-3550-4add-9ccd-cdd7f285656a at term 1 for becomeLeader, leader elected after 5076ms
2019-09-25 07:19:30,020 [f13e407e-3550-4add-9ccd-cdd7f285656a@group-006CB1ABFCEE:LeaderElection58] INFO  server.RaftServerConfigKeys (ConfUtils.java:logGet(43)) - raft.server.staging.catchup.gap = 1000 (default)
2019-09-25 07:19:30,020 [f13e407e-3550-4add-9ccd-cdd7f285656a@group-006CB1ABFCEE:LeaderElection58] INFO  server.RaftServerConfigKeys (ConfUtils.java:logGet(43)) - raft.server.rpc.sleep.time = 25ms (default)
2019-09-25 07:19:30,020 [f13e407e-3550-4add-9ccd-cdd7f285656a@group-006CB1ABFCEE:LeaderElection58] INFO  server.RaftServerConfigKeys (ConfUtils.java:logGet(43)) - raft.server.write.element-limit = 4096 (default)
2019-09-25 07:19:30,020 [f13e407e-3550-4add-9ccd-cdd7f285656a@group-006CB1ABFCEE:LeaderElection58] INFO  server.RaftServerConfigKeys (ConfUtils.java:logGet(43)) - raft.server.watch.timeout = 10s (default)
2019-09-25 07:19:30,020 [f13e407e-3550-4add-9ccd-cdd7f285656a@group-006CB1ABFCEE:LeaderElection58] INFO  server.RaftServerConfigKeys (ConfUtils.java:logGet(43)) - raft.server.watch.timeout.denomination = 1s (default)
2019-09-25 07:19:30,021 [f13e407e-3550-4add-9ccd-cdd7f285656a@group-006CB1ABFCEE:LeaderElection58] INFO  server.RaftServerConfigKeys (ConfUtils.java:logGet(43)) - raft.server.watch.element-limit = 65536 (default)
2019-09-25 07:19:30,022 [f13e407e-3550-4add-9ccd-cdd7f285656a@group-006CB1ABFCEE:LeaderElection58] INFO  impl.RoleInfo (RoleInfo.java:updateAndGet(143)) - f13e407e-3550-4add-9ccd-cdd7f285656a: start LeaderState
2019-09-25 07:19:30,022 [f13e407e-3550-4add-9ccd-cdd7f285656a@group-006CB1ABFCEE:LeaderElection58] INFO  segmented.SegmentedRaftLogWorker (SegmentedRaftLogWorker.java:startLogSegment(380)) - f13e407e-3550-4add-9ccd-cdd7f285656a@group-006CB1ABFCEE-SegmentedRaftLogWorker: Starting segment from index:0
2019-09-25 07:19:30,023 [f13e407e-3550-4add-9ccd-cdd7f285656a@group-006CB1ABFCEE:LeaderElection58] INFO  impl.RaftServerImpl (ServerState.java:setRaftConf(354)) - f13e407e-3550-4add-9ccd-cdd7f285656a@group-006CB1ABFCEE: set configuration 0: [f13e407e-3550-4add-9ccd-cdd7f285656a:192.168.30.10:34297], old=null at 0
2019-09-25 07:19:30,067 [f13e407e-3550-4add-9ccd-cdd7f285656a@group-006CB1ABFCEE-SegmentedRaftLogWorker] INFO  segmented.SegmentedRaftLogWorker (SegmentedRaftLogWorker.java:execute(569)) - f13e407e-3550-4add-9ccd-cdd7f285656a@group-006CB1ABFCEE-SegmentedRaftLogWorker: created new log segment /workdir/hadoop-ozone/ozonefs/target/test-dir/MiniOzoneClusterImpl-3fce1b0a-df6a-4342-ad64-1814f71f3ecd/datanode-1/data/ratis/c78cafa0-9f4c-46c4-9b0f-006cb1abfcee/current/log_inprogress_0
2019-09-25 07:19:30,082 [Thread-993] INFO  impl.FollowerState (FollowerState.java:run(106)) - f001641b-37ec-46f2-975b-c72720f35757:group-BE613BF644D4 changes to CANDIDATE, lastRpcTime:5180, electionTimeout:5180ms
2019-09-25 07:19:30,082 [Thread-993] INFO  impl.RoleInfo (RoleInfo.java:shutdownFollowerState(121)) - f001641b-37ec-46f2-975b-c72720f35757: shutdown FollowerState
2019-09-25 07:19:30,082 [Thread-993] INFO  impl.RaftServerImpl (RaftServerImpl.java:setRole(174)) - f001641b-37ec-46f2-975b-c72720f35757@group-BE613BF644D4: changes role from  FOLLOWER to CANDIDATE at term 0 for changeToCandidate
2019-09-25 07:19:30,083 [Thread-993] INFO  impl.RoleInfo (RoleInfo.java:updateAndGet(143)) - f001641b-37ec-46f2-975b-c72720f35757: start LeaderElection
2019-09-25 07:19:30,106 [Thread-999] INFO  impl.FollowerState (FollowerState.java:run(106)) - f001641b-37ec-46f2-975b-c72720f35757:group-EA042F16BDE3 changes to CANDIDATE, lastRpcTime:5119, electionTimeout:5119ms
2019-09-25 07:19:30,107 [Thread-999] INFO  impl.RoleInfo (RoleInfo.java:shutdownFollowerState(121)) - f001641b-37ec-46f2-975b-c72720f35757: shutdown FollowerState
2019-09-25 07:19:30,107 [Thread-999] INFO  impl.RaftServerImpl (RaftServerImpl.java:setRole(174)) - f001641b-37ec-46f2-975b-c72720f35757@group-EA042F16BDE3: changes role from  FOLLOWER to CANDIDATE at term 0 for changeToCandidate
2019-09-25 07:19:30,107 [Thread-999] INFO  impl.RoleInfo (RoleInfo.java:updateAndGet(143)) - f001641b-37ec-46f2-975b-c72720f35757: start LeaderElection
2019-09-25 07:19:30,107 [f001641b-37ec-46f2-975b-c72720f35757@group-BE613BF644D4:LeaderElection59] INFO  impl.LeaderElection (LeaderElection.java:askForVotes(182)) - f001641b-37ec-46f2-975b-c72720f35757@group-BE613BF644D4:LeaderElection59: begin an election at term 1 for -1: [f001641b-37ec-46f2-975b-c72720f35757:192.168.30.10:35375], old=null
2019-09-25 07:19:30,107 [f001641b-37ec-46f2-975b-c72720f35757@group-BE613BF644D4:LeaderElection59] INFO  impl.RoleInfo (RoleInfo.java:shutdownLeaderElection(134)) - f001641b-37ec-46f2-975b-c72720f35757: shutdown LeaderElection
2019-09-25 07:19:30,107 [f001641b-37ec-46f2-975b-c72720f35757@group-BE613BF644D4:LeaderElection59] INFO  impl.RaftServerImpl (RaftServerImpl.java:setRole(174)) - f001641b-37ec-46f2-975b-c72720f35757@group-BE613BF644D4: changes role from CANDIDATE to LEADER at term 1 for changeToLeader
2019-09-25 07:19:30,109 [f001641b-37ec-46f2-975b-c72720f35757@group-BE613BF644D4:LeaderElection59] INFO  impl.RaftServerImpl (ServerState.java:setLeader(253)) - f001641b-37ec-46f2-975b-c72720f35757@group-BE613BF644D4: change Leader from null to f001641b-37ec-46f2-975b-c72720f35757 at term 1 for becomeLeader, leader elected after 5212ms
2019-09-25 07:19:30,109 [f001641b-37ec-46f2-975b-c72720f35757@group-BE613BF644D4:LeaderElection59] INFO  server.RaftServerConfigKeys (ConfUtils.java:logGet(43)) - raft.server.staging.catchup.gap = 1000 (default)
2019-09-25 07:19:30,110 [f001641b-37ec-46f2-975b-c72720f35757@group-BE613BF644D4:LeaderElection59] INFO  server.RaftServerConfigKeys (ConfUtils.java:logGet(43)) - raft.server.rpc.sleep.time = 25ms (default)
2019-09-25 07:19:30,110 [f001641b-37ec-46f2-975b-c72720f35757@group-BE613BF644D4:LeaderElection59] INFO  server.RaftServerConfigKeys (ConfUtils.java:logGet(43)) - raft.server.write.element-limit = 4096 (default)
2019-09-25 07:19:30,110 [f001641b-37ec-46f2-975b-c72720f35757@group-BE613BF644D4:LeaderElection59] INFO  server.RaftServerConfigKeys (ConfUtils.java:logGet(43)) - raft.server.watch.timeout = 10s (default)
2019-09-25 07:19:30,110 [f001641b-37ec-46f2-975b-c72720f35757@group-BE613BF644D4:LeaderElection59] INFO  server.RaftServerConfigKeys (ConfUtils.java:logGet(43)) - raft.server.watch.timeout.denomination = 1s (default)
2019-09-25 07:19:30,110 [f001641b-37ec-46f2-975b-c72720f35757@group-BE613BF644D4:LeaderElection59] INFO  server.RaftServerConfigKeys (ConfUtils.java:logGet(43)) - raft.server.watch.element-limit = 65536 (default)
2019-09-25 07:19:30,111 [f001641b-37ec-46f2-975b-c72720f35757@group-BE613BF644D4:LeaderElection59] INFO  impl.RoleInfo (RoleInfo.java:updateAndGet(143)) - f001641b-37ec-46f2-975b-c72720f35757: start LeaderState
2019-09-25 07:19:30,112 [f001641b-37ec-46f2-975b-c72720f35757@group-BE613BF644D4:LeaderElection59] INFO  segmented.SegmentedRaftLogWorker (SegmentedRaftLogWorker.java:startLogSegment(380)) - f001641b-37ec-46f2-975b-c72720f35757@group-BE613BF644D4-SegmentedRaftLogWorker: Starting segment from index:0
2019-09-25 07:19:30,112 [f001641b-37ec-46f2-975b-c72720f35757@group-BE613BF644D4:LeaderElection59] INFO  impl.RaftServerImpl (ServerState.java:setRaftConf(354)) - f001641b-37ec-46f2-975b-c72720f35757@group-BE613BF644D4: set configuration 0: [f001641b-37ec-46f2-975b-c72720f35757:192.168.30.10:35375], old=null at 0
2019-09-25 07:19:30,125 [f001641b-37ec-46f2-975b-c72720f35757@group-EA042F16BDE3:LeaderElection60] INFO  impl.LeaderElection (LeaderElection.java:askForVotes(182)) - f001641b-37ec-46f2-975b-c72720f35757@group-EA042F16BDE3:LeaderElection60: begin an election at term 1 for -1: [f001641b-37ec-46f2-975b-c72720f35757:192.168.30.10:35375], old=null
2019-09-25 07:19:30,125 [f001641b-37ec-46f2-975b-c72720f35757@group-EA042F16BDE3:LeaderElection60] INFO  impl.RoleInfo (RoleInfo.java:shutdownLeaderElection(134)) - f001641b-37ec-46f2-975b-c72720f35757: shutdown LeaderElection
2019-09-25 07:19:30,125 [f001641b-37ec-46f2-975b-c72720f35757@group-EA042F16BDE3:LeaderElection60] INFO  impl.RaftServerImpl (RaftServerImpl.java:setRole(174)) - f001641b-37ec-46f2-975b-c72720f35757@group-EA042F16BDE3: changes role from CANDIDATE to LEADER at term 1 for changeToLeader
2019-09-25 07:19:30,125 [f001641b-37ec-46f2-975b-c72720f35757@group-EA042F16BDE3:LeaderElection60] INFO  impl.RaftServerImpl (ServerState.java:setLeader(253)) - f001641b-37ec-46f2-975b-c72720f35757@group-EA042F16BDE3: change Leader from null to f001641b-37ec-46f2-975b-c72720f35757 at term 1 for becomeLeader, leader elected after 5144ms
2019-09-25 07:19:30,125 [f001641b-37ec-46f2-975b-c72720f35757@group-EA042F16BDE3:LeaderElection60] INFO  server.RaftServerConfigKeys (ConfUtils.java:logGet(43)) - raft.server.staging.catchup.gap = 1000 (default)
2019-09-25 07:19:30,125 [f001641b-37ec-46f2-975b-c72720f35757@group-EA042F16BDE3:LeaderElection60] INFO  server.RaftServerConfigKeys (ConfUtils.java:logGet(43)) - raft.server.rpc.sleep.time = 25ms (default)
2019-09-25 07:19:30,125 [f001641b-37ec-46f2-975b-c72720f35757@group-EA042F16BDE3:LeaderElection60] INFO  server.RaftServerConfigKeys (ConfUtils.java:logGet(43)) - raft.server.write.element-limit = 4096 (default)
2019-09-25 07:19:30,126 [f001641b-37ec-46f2-975b-c72720f35757@group-EA042F16BDE3:LeaderElection60] INFO  server.RaftServerConfigKeys (ConfUtils.java:logGet(43)) - raft.server.watch.timeout = 10s (default)
2019-09-25 07:19:30,126 [f001641b-37ec-46f2-975b-c72720f35757@group-EA042F16BDE3:LeaderElection60] INFO  server.RaftServerConfigKeys (ConfUtils.java:logGet(43)) - raft.server.watch.timeout.denomination = 1s (default)
2019-09-25 07:19:30,126 [f001641b-37ec-46f2-975b-c72720f35757@group-EA042F16BDE3:LeaderElection60] INFO  server.RaftServerConfigKeys (ConfUtils.java:logGet(43)) - raft.server.watch.element-limit = 65536 (default)
2019-09-25 07:19:30,127 [f001641b-37ec-46f2-975b-c72720f35757@group-EA042F16BDE3:LeaderElection60] INFO  impl.RoleInfo (RoleInfo.java:updateAndGet(143)) - f001641b-37ec-46f2-975b-c72720f35757: start LeaderState
2019-09-25 07:19:30,128 [f001641b-37ec-46f2-975b-c72720f35757@group-EA042F16BDE3:LeaderElection60] INFO  segmented.SegmentedRaftLogWorker (SegmentedRaftLogWorker.java:startLogSegment(380)) - f001641b-37ec-46f2-975b-c72720f35757@group-EA042F16BDE3-SegmentedRaftLogWorker: Starting segment from index:0
2019-09-25 07:19:30,128 [f001641b-37ec-46f2-975b-c72720f35757@group-EA042F16BDE3:LeaderElection60] INFO  impl.RaftServerImpl (ServerState.java:setRaftConf(354)) - f001641b-37ec-46f2-975b-c72720f35757@group-EA042F16BDE3: set configuration 0: [f001641b-37ec-46f2-975b-c72720f35757:192.168.30.10:35375], old=null at 0
2019-09-25 07:19:30,152 [Thread-1002] INFO  impl.FollowerState (FollowerState.java:run(106)) - f001641b-37ec-46f2-975b-c72720f35757:group-48E188E92E16 changes to CANDIDATE, lastRpcTime:5112, electionTimeout:5112ms
2019-09-25 07:19:30,152 [Thread-1002] INFO  impl.RoleInfo (RoleInfo.java:shutdownFollowerState(121)) - f001641b-37ec-46f2-975b-c72720f35757: shutdown FollowerState
2019-09-25 07:19:30,152 [Thread-1002] INFO  impl.RaftServerImpl (RaftServerImpl.java:setRole(174)) - f001641b-37ec-46f2-975b-c72720f35757@group-48E188E92E16: changes role from  FOLLOWER to CANDIDATE at term 0 for changeToCandidate
2019-09-25 07:19:30,153 [Thread-1002] INFO  impl.RoleInfo (RoleInfo.java:updateAndGet(143)) - f001641b-37ec-46f2-975b-c72720f35757: start LeaderElection
2019-09-25 07:19:30,163 [f001641b-37ec-46f2-975b-c72720f35757@group-BE613BF644D4-SegmentedRaftLogWorker] INFO  segmented.SegmentedRaftLogWorker (SegmentedRaftLogWorker.java:execute(569)) - f001641b-37ec-46f2-975b-c72720f35757@group-BE613BF644D4-SegmentedRaftLogWorker: created new log segment /workdir/hadoop-ozone/ozonefs/target/test-dir/MiniOzoneClusterImpl-3fce1b0a-df6a-4342-ad64-1814f71f3ecd/datanode-0/data/ratis/8a4a2e4a-9038-4b39-8861-be613bf644d4/current/log_inprogress_0
2019-09-25 07:19:30,166 [f001641b-37ec-46f2-975b-c72720f35757@group-EA042F16BDE3-SegmentedRaftLogWorker] INFO  segmented.SegmentedRaftLogWorker (SegmentedRaftLogWorker.java:execute(569)) - f001641b-37ec-46f2-975b-c72720f35757@group-EA042F16BDE3-SegmentedRaftLogWorker: created new log segment /workdir/hadoop-ozone/ozonefs/target/test-dir/MiniOzoneClusterImpl-3fce1b0a-df6a-4342-ad64-1814f71f3ecd/datanode-0/data/ratis/d2044763-2622-48c9-9b18-ea042f16bde3/current/log_inprogress_0
2019-09-25 07:19:30,166 [f001641b-37ec-46f2-975b-c72720f35757@group-48E188E92E16:LeaderElection61] INFO  impl.LeaderElection (LeaderElection.java:askForVotes(182)) - f001641b-37ec-46f2-975b-c72720f35757@group-48E188E92E16:LeaderElection61: begin an election at term 1 for -1: [f001641b-37ec-46f2-975b-c72720f35757:192.168.30.10:35375], old=null
2019-09-25 07:19:30,166 [f001641b-37ec-46f2-975b-c72720f35757@group-48E188E92E16:LeaderElection61] INFO  impl.RoleInfo (RoleInfo.java:shutdownLeaderElection(134)) - f001641b-37ec-46f2-975b-c72720f35757: shutdown LeaderElection
2019-09-25 07:19:30,166 [f001641b-37ec-46f2-975b-c72720f35757@group-48E188E92E16:LeaderElection61] INFO  impl.RaftServerImpl (RaftServerImpl.java:setRole(174)) - f001641b-37ec-46f2-975b-c72720f35757@group-48E188E92E16: changes role from CANDIDATE to LEADER at term 1 for changeToLeader
2019-09-25 07:19:30,167 [f001641b-37ec-46f2-975b-c72720f35757@group-48E188E92E16:LeaderElection61] INFO  impl.RaftServerImpl (ServerState.java:setLeader(253)) - f001641b-37ec-46f2-975b-c72720f35757@group-48E188E92E16: change Leader from null to f001641b-37ec-46f2-975b-c72720f35757 at term 1 for becomeLeader, leader elected after 5134ms
2019-09-25 07:19:30,167 [f001641b-37ec-46f2-975b-c72720f35757@group-48E188E92E16:LeaderElection61] INFO  server.RaftServerConfigKeys (ConfUtils.java:logGet(43)) - raft.server.staging.catchup.gap = 1000 (default)
2019-09-25 07:19:30,167 [f001641b-37ec-46f2-975b-c72720f35757@group-48E188E92E16:LeaderElection61] INFO  server.RaftServerConfigKeys (ConfUtils.java:logGet(43)) - raft.server.rpc.sleep.time = 25ms (default)
2019-09-25 07:19:30,167 [f001641b-37ec-46f2-975b-c72720f35757@group-48E188E92E16:LeaderElection61] INFO  server.RaftServerConfigKeys (ConfUtils.java:logGet(43)) - raft.server.write.element-limit = 4096 (default)
2019-09-25 07:19:30,167 [f001641b-37ec-46f2-975b-c72720f35757@group-48E188E92E16:LeaderElection61] INFO  server.RaftServerConfigKeys (ConfUtils.java:logGet(43)) - raft.server.watch.timeout = 10s (default)
2019-09-25 07:19:30,167 [f001641b-37ec-46f2-975b-c72720f35757@group-48E188E92E16:LeaderElection61] INFO  server.RaftServerConfigKeys (ConfUtils.java:logGet(43)) - raft.server.watch.timeout.denomination = 1s (default)
2019-09-25 07:19:30,167 [f001641b-37ec-46f2-975b-c72720f35757@group-48E188E92E16:LeaderElection61] INFO  server.RaftServerConfigKeys (ConfUtils.java:logGet(43)) - raft.server.watch.element-limit = 65536 (default)
2019-09-25 07:19:30,169 [f001641b-37ec-46f2-975b-c72720f35757@group-48E188E92E16:LeaderElection61] INFO  impl.RoleInfo (RoleInfo.java:updateAndGet(143)) - f001641b-37ec-46f2-975b-c72720f35757: start LeaderState
2019-09-25 07:19:30,170 [f001641b-37ec-46f2-975b-c72720f35757@group-48E188E92E16:LeaderElection61] INFO  segmented.SegmentedRaftLogWorker (SegmentedRaftLogWorker.java:startLogSegment(380)) - f001641b-37ec-46f2-975b-c72720f35757@group-48E188E92E16-SegmentedRaftLogWorker: Starting segment from index:0
2019-09-25 07:19:30,170 [f001641b-37ec-46f2-975b-c72720f35757@group-48E188E92E16:LeaderElection61] INFO  impl.RaftServerImpl (ServerState.java:setRaftConf(354)) - f001641b-37ec-46f2-975b-c72720f35757@group-48E188E92E16: set configuration 0: [f001641b-37ec-46f2-975b-c72720f35757:192.168.30.10:35375], old=null at 0
2019-09-25 07:19:30,210 [f001641b-37ec-46f2-975b-c72720f35757@group-48E188E92E16-SegmentedRaftLogWorker] INFO  segmented.SegmentedRaftLogWorker (SegmentedRaftLogWorker.java:execute(569)) - f001641b-37ec-46f2-975b-c72720f35757@group-48E188E92E16-SegmentedRaftLogWorker: created new log segment /workdir/hadoop-ozone/ozonefs/target/test-dir/MiniOzoneClusterImpl-3fce1b0a-df6a-4342-ad64-1814f71f3ecd/datanode-0/data/ratis/40ca1ab4-e97f-40ba-8212-48e188e92e16/current/log_inprogress_0
2019-09-25 07:19:30,237 [Thread-1005] INFO  impl.FollowerState (FollowerState.java:run(106)) - f13e407e-3550-4add-9ccd-cdd7f285656a:group-D4F55AB9CB4D changes to CANDIDATE, lastRpcTime:5149, electionTimeout:5149ms
2019-09-25 07:19:30,237 [Thread-1005] INFO  impl.RoleInfo (RoleInfo.java:shutdownFollowerState(121)) - f13e407e-3550-4add-9ccd-cdd7f285656a: shutdown FollowerState
2019-09-25 07:19:30,237 [Thread-1005] INFO  impl.RaftServerImpl (RaftServerImpl.java:setRole(174)) - f13e407e-3550-4add-9ccd-cdd7f285656a@group-D4F55AB9CB4D: changes role from  FOLLOWER to CANDIDATE at term 0 for changeToCandidate
2019-09-25 07:19:30,237 [Thread-1005] INFO  impl.RoleInfo (RoleInfo.java:updateAndGet(143)) - f13e407e-3550-4add-9ccd-cdd7f285656a: start LeaderElection
2019-09-25 07:19:30,253 [f13e407e-3550-4add-9ccd-cdd7f285656a@group-D4F55AB9CB4D:LeaderElection62] INFO  impl.LeaderElection (LeaderElection.java:askForVotes(182)) - f13e407e-3550-4add-9ccd-cdd7f285656a@group-D4F55AB9CB4D:LeaderElection62: begin an election at term 1 for -1: [f13e407e-3550-4add-9ccd-cdd7f285656a:192.168.30.10:34297], old=null
2019-09-25 07:19:30,253 [f13e407e-3550-4add-9ccd-cdd7f285656a@group-D4F55AB9CB4D:LeaderElection62] INFO  impl.RoleInfo (RoleInfo.java:shutdownLeaderElection(134)) - f13e407e-3550-4add-9ccd-cdd7f285656a: shutdown LeaderElection
2019-09-25 07:19:30,253 [f13e407e-3550-4add-9ccd-cdd7f285656a@group-D4F55AB9CB4D:LeaderElection62] INFO  impl.RaftServerImpl (RaftServerImpl.java:setRole(174)) - f13e407e-3550-4add-9ccd-cdd7f285656a@group-D4F55AB9CB4D: changes role from CANDIDATE to LEADER at term 1 for changeToLeader
2019-09-25 07:19:30,253 [f13e407e-3550-4add-9ccd-cdd7f285656a@group-D4F55AB9CB4D:LeaderElection62] INFO  impl.RaftServerImpl (ServerState.java:setLeader(253)) - f13e407e-3550-4add-9ccd-cdd7f285656a@group-D4F55AB9CB4D: change Leader from null to f13e407e-3550-4add-9ccd-cdd7f285656a at term 1 for becomeLeader, leader elected after 5172ms
2019-09-25 07:19:30,253 [f13e407e-3550-4add-9ccd-cdd7f285656a@group-D4F55AB9CB4D:LeaderElection62] INFO  server.RaftServerConfigKeys (ConfUtils.java:logGet(43)) - raft.server.staging.catchup.gap = 1000 (default)
2019-09-25 07:19:30,254 [f13e407e-3550-4add-9ccd-cdd7f285656a@group-D4F55AB9CB4D:LeaderElection62] INFO  server.RaftServerConfigKeys (ConfUtils.java:logGet(43)) - raft.server.rpc.sleep.time = 25ms (default)
2019-09-25 07:19:30,254 [f13e407e-3550-4add-9ccd-cdd7f285656a@group-D4F55AB9CB4D:LeaderElection62] INFO  server.RaftServerConfigKeys (ConfUtils.java:logGet(43)) - raft.server.write.element-limit = 4096 (default)
2019-09-25 07:19:30,254 [f13e407e-3550-4add-9ccd-cdd7f285656a@group-D4F55AB9CB4D:LeaderElection62] INFO  server.RaftServerConfigKeys (ConfUtils.java:logGet(43)) - raft.server.watch.timeout = 10s (default)
2019-09-25 07:19:30,254 [f13e407e-3550-4add-9ccd-cdd7f285656a@group-D4F55AB9CB4D:LeaderElection62] INFO  server.RaftServerConfigKeys (ConfUtils.java:logGet(43)) - raft.server.watch.timeout.denomination = 1s (default)
2019-09-25 07:19:30,254 [f13e407e-3550-4add-9ccd-cdd7f285656a@group-D4F55AB9CB4D:LeaderElection62] INFO  server.RaftServerConfigKeys (ConfUtils.java:logGet(43)) - raft.server.watch.element-limit = 65536 (default)
2019-09-25 07:19:30,256 [f13e407e-3550-4add-9ccd-cdd7f285656a@group-D4F55AB9CB4D:LeaderElection62] INFO  impl.RoleInfo (RoleInfo.java:updateAndGet(143)) - f13e407e-3550-4add-9ccd-cdd7f285656a: start LeaderState
2019-09-25 07:19:30,256 [f13e407e-3550-4add-9ccd-cdd7f285656a@group-D4F55AB9CB4D:LeaderElection62] INFO  segmented.SegmentedRaftLogWorker (SegmentedRaftLogWorker.java:startLogSegment(380)) - f13e407e-3550-4add-9ccd-cdd7f285656a@group-D4F55AB9CB4D-SegmentedRaftLogWorker: Starting segment from index:0
2019-09-25 07:19:30,256 [f13e407e-3550-4add-9ccd-cdd7f285656a@group-D4F55AB9CB4D:LeaderElection62] INFO  impl.RaftServerImpl (ServerState.java:setRaftConf(354)) - f13e407e-3550-4add-9ccd-cdd7f285656a@group-D4F55AB9CB4D: set configuration 0: [f13e407e-3550-4add-9ccd-cdd7f285656a:192.168.30.10:34297], old=null at 0
2019-09-25 07:19:30,269 [Thread-1014] INFO  impl.FollowerState (FollowerState.java:run(106)) - f13e407e-3550-4add-9ccd-cdd7f285656a:group-008F55F83B04 changes to CANDIDATE, lastRpcTime:5033, electionTimeout:5033ms
2019-09-25 07:19:30,270 [Thread-1014] INFO  impl.RoleInfo (RoleInfo.java:shutdownFollowerState(121)) - f13e407e-3550-4add-9ccd-cdd7f285656a: shutdown FollowerState
2019-09-25 07:19:30,270 [Thread-1014] INFO  impl.RaftServerImpl (RaftServerImpl.java:setRole(174)) - f13e407e-3550-4add-9ccd-cdd7f285656a@group-008F55F83B04: changes role from  FOLLOWER to CANDIDATE at term 0 for changeToCandidate
2019-09-25 07:19:30,270 [Thread-1014] INFO  impl.RoleInfo (RoleInfo.java:updateAndGet(143)) - f13e407e-3550-4add-9ccd-cdd7f285656a: start LeaderElection
2019-09-25 07:19:30,290 [Thread-1011] INFO  impl.FollowerState (FollowerState.java:run(106)) - e3324a52-b217-41e5-a9e7-1ad29ddf9356:group-194D034CC7A6 changes to CANDIDATE, lastRpcTime:5101, electionTimeout:5093ms
2019-09-25 07:19:30,290 [Thread-1011] INFO  impl.RoleInfo (RoleInfo.java:shutdownFollowerState(121)) - e3324a52-b217-41e5-a9e7-1ad29ddf9356: shutdown FollowerState
2019-09-25 07:19:30,290 [Thread-1011] INFO  impl.RaftServerImpl (RaftServerImpl.java:setRole(174)) - e3324a52-b217-41e5-a9e7-1ad29ddf9356@group-194D034CC7A6: changes role from  FOLLOWER to CANDIDATE at term 0 for changeToCandidate
2019-09-25 07:19:30,290 [Thread-1011] INFO  impl.RoleInfo (RoleInfo.java:updateAndGet(143)) - e3324a52-b217-41e5-a9e7-1ad29ddf9356: start LeaderElection
2019-09-25 07:19:30,294 [Thread-1008] INFO  impl.FollowerState (FollowerState.java:run(106)) - f13e407e-3550-4add-9ccd-cdd7f285656a:group-8FCD70DD4BAB changes to CANDIDATE, lastRpcTime:5158, electionTimeout:5158ms
2019-09-25 07:19:30,294 [Thread-1008] INFO  impl.RoleInfo (RoleInfo.java:shutdownFollowerState(121)) - f13e407e-3550-4add-9ccd-cdd7f285656a: shutdown FollowerState
2019-09-25 07:19:30,294 [Thread-1008] INFO  impl.RaftServerImpl (RaftServerImpl.java:setRole(174)) - f13e407e-3550-4add-9ccd-cdd7f285656a@group-8FCD70DD4BAB: changes role from  FOLLOWER to CANDIDATE at term 0 for changeToCandidate
2019-09-25 07:19:30,294 [Thread-1008] INFO  impl.RoleInfo (RoleInfo.java:updateAndGet(143)) - f13e407e-3550-4add-9ccd-cdd7f285656a: start LeaderElection
2019-09-25 07:19:30,303 [f13e407e-3550-4add-9ccd-cdd7f285656a@group-D4F55AB9CB4D-SegmentedRaftLogWorker] INFO  segmented.SegmentedRaftLogWorker (SegmentedRaftLogWorker.java:execute(569)) - f13e407e-3550-4add-9ccd-cdd7f285656a@group-D4F55AB9CB4D-SegmentedRaftLogWorker: created new log segment /workdir/hadoop-ozone/ozonefs/target/test-dir/MiniOzoneClusterImpl-3fce1b0a-df6a-4342-ad64-1814f71f3ecd/datanode-1/data/ratis/113aaf52-a92c-41eb-bd76-d4f55ab9cb4d/current/log_inprogress_0
2019-09-25 07:19:30,303 [e3324a52-b217-41e5-a9e7-1ad29ddf9356@group-194D034CC7A6:LeaderElection64] INFO  impl.LeaderElection (LeaderElection.java:askForVotes(182)) - e3324a52-b217-41e5-a9e7-1ad29ddf9356@group-194D034CC7A6:LeaderElection64: begin an election at term 1 for -1: [e3324a52-b217-41e5-a9e7-1ad29ddf9356:192.168.30.10:44422], old=null
2019-09-25 07:19:30,303 [f13e407e-3550-4add-9ccd-cdd7f285656a@group-8FCD70DD4BAB:LeaderElection65] INFO  impl.LeaderElection (LeaderElection.java:askForVotes(182)) - f13e407e-3550-4add-9ccd-cdd7f285656a@group-8FCD70DD4BAB:LeaderElection65: begin an election at term 1 for -1: [f13e407e-3550-4add-9ccd-cdd7f285656a:192.168.30.10:34297], old=null
2019-09-25 07:19:30,303 [e3324a52-b217-41e5-a9e7-1ad29ddf9356@group-194D034CC7A6:LeaderElection64] INFO  impl.RoleInfo (RoleInfo.java:shutdownLeaderElection(134)) - e3324a52-b217-41e5-a9e7-1ad29ddf9356: shutdown LeaderElection
2019-09-25 07:19:30,303 [f13e407e-3550-4add-9ccd-cdd7f285656a@group-008F55F83B04:LeaderElection63] INFO  impl.LeaderElection (LeaderElection.java:askForVotes(182)) - f13e407e-3550-4add-9ccd-cdd7f285656a@group-008F55F83B04:LeaderElection63: begin an election at term 1 for -1: [f13e407e-3550-4add-9ccd-cdd7f285656a:192.168.30.10:34297], old=null
2019-09-25 07:19:30,304 [e3324a52-b217-41e5-a9e7-1ad29ddf9356@group-194D034CC7A6:LeaderElection64] INFO  impl.RaftServerImpl (RaftServerImpl.java:setRole(174)) - e3324a52-b217-41e5-a9e7-1ad29ddf9356@group-194D034CC7A6: changes role from CANDIDATE to LEADER at term 1 for changeToLeader
2019-09-25 07:19:30,303 [f13e407e-3550-4add-9ccd-cdd7f285656a@group-8FCD70DD4BAB:LeaderElection65] INFO  impl.RoleInfo (RoleInfo.java:shutdownLeaderElection(134)) - f13e407e-3550-4add-9ccd-cdd7f285656a: shutdown LeaderElection
2019-09-25 07:19:30,304 [e3324a52-b217-41e5-a9e7-1ad29ddf9356@group-194D034CC7A6:LeaderElection64] INFO  impl.RaftServerImpl (ServerState.java:setLeader(253)) - e3324a52-b217-41e5-a9e7-1ad29ddf9356@group-194D034CC7A6: change Leader from null to e3324a52-b217-41e5-a9e7-1ad29ddf9356 at term 1 for becomeLeader, leader elected after 5123ms
2019-09-25 07:19:30,304 [f13e407e-3550-4add-9ccd-cdd7f285656a@group-008F55F83B04:LeaderElection63] INFO  impl.RoleInfo (RoleInfo.java:shutdownLeaderElection(134)) - f13e407e-3550-4add-9ccd-cdd7f285656a: shutdown LeaderElection
2019-09-25 07:19:30,304 [e3324a52-b217-41e5-a9e7-1ad29ddf9356@group-194D034CC7A6:LeaderElection64] INFO  server.RaftServerConfigKeys (ConfUtils.java:logGet(43)) - raft.server.staging.catchup.gap = 1000 (default)
2019-09-25 07:19:30,304 [f13e407e-3550-4add-9ccd-cdd7f285656a@group-8FCD70DD4BAB:LeaderElection65] INFO  impl.RaftServerImpl (RaftServerImpl.java:setRole(174)) - f13e407e-3550-4add-9ccd-cdd7f285656a@group-8FCD70DD4BAB: changes role from CANDIDATE to LEADER at term 1 for changeToLeader
2019-09-25 07:19:30,304 [e3324a52-b217-41e5-a9e7-1ad29ddf9356@group-194D034CC7A6:LeaderElection64] INFO  server.RaftServerConfigKeys (ConfUtils.java:logGet(43)) - raft.server.rpc.sleep.time = 25ms (default)
2019-09-25 07:19:30,304 [f13e407e-3550-4add-9ccd-cdd7f285656a@group-008F55F83B04:LeaderElection63] INFO  impl.RaftServerImpl (RaftServerImpl.java:setRole(174)) - f13e407e-3550-4add-9ccd-cdd7f285656a@group-008F55F83B04: changes role from CANDIDATE to LEADER at term 1 for changeToLeader
2019-09-25 07:19:30,305 [e3324a52-b217-41e5-a9e7-1ad29ddf9356@group-194D034CC7A6:LeaderElection64] INFO  server.RaftServerConfigKeys (ConfUtils.java:logGet(43)) - raft.server.write.element-limit = 4096 (default)
2019-09-25 07:19:30,304 [f13e407e-3550-4add-9ccd-cdd7f285656a@group-8FCD70DD4BAB:LeaderElection65] INFO  impl.RaftServerImpl (ServerState.java:setLeader(253)) - f13e407e-3550-4add-9ccd-cdd7f285656a@group-8FCD70DD4BAB: change Leader from null to f13e407e-3550-4add-9ccd-cdd7f285656a at term 1 for becomeLeader, leader elected after 5175ms
2019-09-25 07:19:30,305 [e3324a52-b217-41e5-a9e7-1ad29ddf9356@group-194D034CC7A6:LeaderElection64] INFO  server.RaftServerConfigKeys (ConfUtils.java:logGet(43)) - raft.server.watch.timeout = 10s (default)
2019-09-25 07:19:30,305 [e3324a52-b217-41e5-a9e7-1ad29ddf9356@group-194D034CC7A6:LeaderElection64] INFO  server.RaftServerConfigKeys (ConfUtils.java:logGet(43)) - raft.server.watch.timeout.denomination = 1s (default)
2019-09-25 07:19:30,305 [f13e407e-3550-4add-9ccd-cdd7f285656a@group-008F55F83B04:LeaderElection63] INFO  impl.RaftServerImpl (ServerState.java:setLeader(253)) - f13e407e-3550-4add-9ccd-cdd7f285656a@group-008F55F83B04: change Leader from null to f13e407e-3550-4add-9ccd-cdd7f285656a at term 1 for becomeLeader, leader elected after 5074ms
2019-09-25 07:19:30,305 [e3324a52-b217-41e5-a9e7-1ad29ddf9356@group-194D034CC7A6:LeaderElection64] INFO  server.RaftServerConfigKeys (ConfUtils.java:logGet(43)) - raft.server.watch.element-limit = 65536 (default)
2019-09-25 07:19:30,305 [f13e407e-3550-4add-9ccd-cdd7f285656a@group-8FCD70DD4BAB:LeaderElection65] INFO  server.RaftServerConfigKeys (ConfUtils.java:logGet(43)) - raft.server.staging.catchup.gap = 1000 (default)
2019-09-25 07:19:30,305 [f13e407e-3550-4add-9ccd-cdd7f285656a@group-008F55F83B04:LeaderElection63] INFO  server.RaftServerConfigKeys (ConfUtils.java:logGet(43)) - raft.server.staging.catchup.gap = 1000 (default)
2019-09-25 07:19:30,306 [f13e407e-3550-4add-9ccd-cdd7f285656a@group-8FCD70DD4BAB:LeaderElection65] INFO  server.RaftServerConfigKeys (ConfUtils.java:logGet(43)) - raft.server.rpc.sleep.time = 25ms (default)
2019-09-25 07:19:30,306 [f13e407e-3550-4add-9ccd-cdd7f285656a@group-008F55F83B04:LeaderElection63] INFO  server.RaftServerConfigKeys (ConfUtils.java:logGet(43)) - raft.server.rpc.sleep.time = 25ms (default)
2019-09-25 07:19:30,306 [f13e407e-3550-4add-9ccd-cdd7f285656a@group-008F55F83B04:LeaderElection63] INFO  server.RaftServerConfigKeys (ConfUtils.java:logGet(43)) - raft.server.write.element-limit = 4096 (default)
2019-09-25 07:19:30,306 [f13e407e-3550-4add-9ccd-cdd7f285656a@group-8FCD70DD4BAB:LeaderElection65] INFO  server.RaftServerConfigKeys (ConfUtils.java:logGet(43)) - raft.server.write.element-limit = 4096 (default)
2019-09-25 07:19:30,306 [f13e407e-3550-4add-9ccd-cdd7f285656a@group-008F55F83B04:LeaderElection63] INFO  server.RaftServerConfigKeys (ConfUtils.java:logGet(43)) - raft.server.watch.timeout = 10s (default)
2019-09-25 07:19:30,306 [f13e407e-3550-4add-9ccd-cdd7f285656a@group-8FCD70DD4BAB:LeaderElection65] INFO  server.RaftServerConfigKeys (ConfUtils.java:logGet(43)) - raft.server.watch.timeout = 10s (default)
2019-09-25 07:19:30,306 [f13e407e-3550-4add-9ccd-cdd7f285656a@group-008F55F83B04:LeaderElection63] INFO  server.RaftServerConfigKeys (ConfUtils.java:logGet(43)) - raft.server.watch.timeout.denomination = 1s (default)
2019-09-25 07:19:30,306 [f13e407e-3550-4add-9ccd-cdd7f285656a@group-8FCD70DD4BAB:LeaderElection65] INFO  server.RaftServerConfigKeys (ConfUtils.java:logGet(43)) - raft.server.watch.timeout.denomination = 1s (default)
2019-09-25 07:19:30,307 [f13e407e-3550-4add-9ccd-cdd7f285656a@group-008F55F83B04:LeaderElection63] INFO  server.RaftServerConfigKeys (ConfUtils.java:logGet(43)) - raft.server.watch.element-limit = 65536 (default)
2019-09-25 07:19:30,307 [f13e407e-3550-4add-9ccd-cdd7f285656a@group-8FCD70DD4BAB:LeaderElection65] INFO  server.RaftServerConfigKeys (ConfUtils.java:logGet(43)) - raft.server.watch.element-limit = 65536 (default)
2019-09-25 07:19:30,307 [e3324a52-b217-41e5-a9e7-1ad29ddf9356@group-194D034CC7A6:LeaderElection64] INFO  impl.RoleInfo (RoleInfo.java:updateAndGet(143)) - e3324a52-b217-41e5-a9e7-1ad29ddf9356: start LeaderState
2019-09-25 07:19:30,307 [e3324a52-b217-41e5-a9e7-1ad29ddf9356@group-194D034CC7A6:LeaderElection64] INFO  segmented.SegmentedRaftLogWorker (SegmentedRaftLogWorker.java:startLogSegment(380)) - e3324a52-b217-41e5-a9e7-1ad29ddf9356@group-194D034CC7A6-SegmentedRaftLogWorker: Starting segment from index:0
2019-09-25 07:19:30,308 [e3324a52-b217-41e5-a9e7-1ad29ddf9356@group-194D034CC7A6:LeaderElection64] INFO  impl.RaftServerImpl (ServerState.java:setRaftConf(354)) - e3324a52-b217-41e5-a9e7-1ad29ddf9356@group-194D034CC7A6: set configuration 0: [e3324a52-b217-41e5-a9e7-1ad29ddf9356:192.168.30.10:44422], old=null at 0
2019-09-25 07:19:30,310 [f13e407e-3550-4add-9ccd-cdd7f285656a@group-008F55F83B04:LeaderElection63] INFO  impl.RoleInfo (RoleInfo.java:updateAndGet(143)) - f13e407e-3550-4add-9ccd-cdd7f285656a: start LeaderState
2019-09-25 07:19:30,310 [f13e407e-3550-4add-9ccd-cdd7f285656a@group-8FCD70DD4BAB:LeaderElection65] INFO  impl.RoleInfo (RoleInfo.java:updateAndGet(143)) - f13e407e-3550-4add-9ccd-cdd7f285656a: start LeaderState
2019-09-25 07:19:30,310 [f13e407e-3550-4add-9ccd-cdd7f285656a@group-008F55F83B04:LeaderElection63] INFO  segmented.SegmentedRaftLogWorker (SegmentedRaftLogWorker.java:startLogSegment(380)) - f13e407e-3550-4add-9ccd-cdd7f285656a@group-008F55F83B04-SegmentedRaftLogWorker: Starting segment from index:0
2019-09-25 07:19:30,310 [f13e407e-3550-4add-9ccd-cdd7f285656a@group-8FCD70DD4BAB:LeaderElection65] INFO  segmented.SegmentedRaftLogWorker (SegmentedRaftLogWorker.java:startLogSegment(380)) - f13e407e-3550-4add-9ccd-cdd7f285656a@group-8FCD70DD4BAB-SegmentedRaftLogWorker: Starting segment from index:0
2019-09-25 07:19:30,311 [f13e407e-3550-4add-9ccd-cdd7f285656a@group-008F55F83B04:LeaderElection63] INFO  impl.RaftServerImpl (ServerState.java:setRaftConf(354)) - f13e407e-3550-4add-9ccd-cdd7f285656a@group-008F55F83B04: set configuration 0: [f13e407e-3550-4add-9ccd-cdd7f285656a:192.168.30.10:34297], old=null at 0
2019-09-25 07:19:30,311 [f13e407e-3550-4add-9ccd-cdd7f285656a@group-8FCD70DD4BAB:LeaderElection65] INFO  impl.RaftServerImpl (ServerState.java:setRaftConf(354)) - f13e407e-3550-4add-9ccd-cdd7f285656a@group-8FCD70DD4BAB: set configuration 0: [f13e407e-3550-4add-9ccd-cdd7f285656a:192.168.30.10:34297], old=null at 0
2019-09-25 07:19:30,323 [Thread-1020] INFO  impl.FollowerState (FollowerState.java:run(106)) - f13e407e-3550-4add-9ccd-cdd7f285656a:group-6B5462772762 changes to CANDIDATE, lastRpcTime:5004, electionTimeout:5004ms
2019-09-25 07:19:30,323 [Thread-1020] INFO  impl.RoleInfo (RoleInfo.java:shutdownFollowerState(121)) - f13e407e-3550-4add-9ccd-cdd7f285656a: shutdown FollowerState
2019-09-25 07:19:30,323 [Thread-1020] INFO  impl.RaftServerImpl (RaftServerImpl.java:setRole(174)) - f13e407e-3550-4add-9ccd-cdd7f285656a@group-6B5462772762: changes role from  FOLLOWER to CANDIDATE at term 0 for changeToCandidate
2019-09-25 07:19:30,323 [Thread-1020] INFO  impl.RoleInfo (RoleInfo.java:updateAndGet(143)) - f13e407e-3550-4add-9ccd-cdd7f285656a: start LeaderElection
2019-09-25 07:19:30,365 [f13e407e-3550-4add-9ccd-cdd7f285656a@group-008F55F83B04-SegmentedRaftLogWorker] INFO  segmented.SegmentedRaftLogWorker (SegmentedRaftLogWorker.java:execute(569)) - f13e407e-3550-4add-9ccd-cdd7f285656a@group-008F55F83B04-SegmentedRaftLogWorker: created new log segment /workdir/hadoop-ozone/ozonefs/target/test-dir/MiniOzoneClusterImpl-3fce1b0a-df6a-4342-ad64-1814f71f3ecd/datanode-1/data/ratis/74ec2962-32fa-43fb-bcda-008f55f83b04/current/log_inprogress_0
2019-09-25 07:19:30,365 [f13e407e-3550-4add-9ccd-cdd7f285656a@group-6B5462772762:LeaderElection66] INFO  impl.LeaderElection (LeaderElection.java:askForVotes(182)) - f13e407e-3550-4add-9ccd-cdd7f285656a@group-6B5462772762:LeaderElection66: begin an election at term 1 for -1: [f13e407e-3550-4add-9ccd-cdd7f285656a:192.168.30.10:34297], old=null
2019-09-25 07:19:30,365 [e3324a52-b217-41e5-a9e7-1ad29ddf9356@group-194D034CC7A6-SegmentedRaftLogWorker] INFO  segmented.SegmentedRaftLogWorker (SegmentedRaftLogWorker.java:execute(569)) - e3324a52-b217-41e5-a9e7-1ad29ddf9356@group-194D034CC7A6-SegmentedRaftLogWorker: created new log segment /workdir/hadoop-ozone/ozonefs/target/test-dir/MiniOzoneClusterImpl-3fce1b0a-df6a-4342-ad64-1814f71f3ecd/datanode-2/data/ratis/cd4e3790-59ce-475a-99a4-194d034cc7a6/current/log_inprogress_0
2019-09-25 07:19:30,365 [f13e407e-3550-4add-9ccd-cdd7f285656a@group-8FCD70DD4BAB-SegmentedRaftLogWorker] INFO  segmented.SegmentedRaftLogWorker (SegmentedRaftLogWorker.java:execute(569)) - f13e407e-3550-4add-9ccd-cdd7f285656a@group-8FCD70DD4BAB-SegmentedRaftLogWorker: created new log segment /workdir/hadoop-ozone/ozonefs/target/test-dir/MiniOzoneClusterImpl-3fce1b0a-df6a-4342-ad64-1814f71f3ecd/datanode-1/data/ratis/e5eac98a-b7c1-4ec1-9bc4-8fcd70dd4bab/current/log_inprogress_0
2019-09-25 07:19:30,365 [f13e407e-3550-4add-9ccd-cdd7f285656a@group-6B5462772762:LeaderElection66] INFO  impl.RoleInfo (RoleInfo.java:shutdownLeaderElection(134)) - f13e407e-3550-4add-9ccd-cdd7f285656a: shutdown LeaderElection
2019-09-25 07:19:30,366 [f13e407e-3550-4add-9ccd-cdd7f285656a@group-6B5462772762:LeaderElection66] INFO  impl.RaftServerImpl (RaftServerImpl.java:setRole(174)) - f13e407e-3550-4add-9ccd-cdd7f285656a@group-6B5462772762: changes role from CANDIDATE to LEADER at term 1 for changeToLeader
2019-09-25 07:19:30,366 [f13e407e-3550-4add-9ccd-cdd7f285656a@group-6B5462772762:LeaderElection66] INFO  impl.RaftServerImpl (ServerState.java:setLeader(253)) - f13e407e-3550-4add-9ccd-cdd7f285656a@group-6B5462772762: change Leader from null to f13e407e-3550-4add-9ccd-cdd7f285656a at term 1 for becomeLeader, leader elected after 5052ms
2019-09-25 07:19:30,366 [f13e407e-3550-4add-9ccd-cdd7f285656a@group-6B5462772762:LeaderElection66] INFO  server.RaftServerConfigKeys (ConfUtils.java:logGet(43)) - raft.server.staging.catchup.gap = 1000 (default)
2019-09-25 07:19:30,366 [f13e407e-3550-4add-9ccd-cdd7f285656a@group-6B5462772762:LeaderElection66] INFO  server.RaftServerConfigKeys (ConfUtils.java:logGet(43)) - raft.server.rpc.sleep.time = 25ms (default)
2019-09-25 07:19:30,366 [f13e407e-3550-4add-9ccd-cdd7f285656a@group-6B5462772762:LeaderElection66] INFO  server.RaftServerConfigKeys (ConfUtils.java:logGet(43)) - raft.server.write.element-limit = 4096 (default)
2019-09-25 07:19:30,367 [f13e407e-3550-4add-9ccd-cdd7f285656a@group-6B5462772762:LeaderElection66] INFO  server.RaftServerConfigKeys (ConfUtils.java:logGet(43)) - raft.server.watch.timeout = 10s (default)
2019-09-25 07:19:30,367 [f13e407e-3550-4add-9ccd-cdd7f285656a@group-6B5462772762:LeaderElection66] INFO  server.RaftServerConfigKeys (ConfUtils.java:logGet(43)) - raft.server.watch.timeout.denomination = 1s (default)
2019-09-25 07:19:30,367 [f13e407e-3550-4add-9ccd-cdd7f285656a@group-6B5462772762:LeaderElection66] INFO  server.RaftServerConfigKeys (ConfUtils.java:logGet(43)) - raft.server.watch.element-limit = 65536 (default)
2019-09-25 07:19:30,369 [f13e407e-3550-4add-9ccd-cdd7f285656a@group-6B5462772762:LeaderElection66] INFO  impl.RoleInfo (RoleInfo.java:updateAndGet(143)) - f13e407e-3550-4add-9ccd-cdd7f285656a: start LeaderState
2019-09-25 07:19:30,370 [f13e407e-3550-4add-9ccd-cdd7f285656a@group-6B5462772762:LeaderElection66] INFO  segmented.SegmentedRaftLogWorker (SegmentedRaftLogWorker.java:startLogSegment(380)) - f13e407e-3550-4add-9ccd-cdd7f285656a@group-6B5462772762-SegmentedRaftLogWorker: Starting segment from index:0
2019-09-25 07:19:30,370 [f13e407e-3550-4add-9ccd-cdd7f285656a@group-6B5462772762:LeaderElection66] INFO  impl.RaftServerImpl (ServerState.java:setRaftConf(354)) - f13e407e-3550-4add-9ccd-cdd7f285656a@group-6B5462772762: set configuration 0: [f13e407e-3550-4add-9ccd-cdd7f285656a:192.168.30.10:34297], old=null at 0
2019-09-25 07:19:30,372 [Thread-1023] INFO  impl.FollowerState (FollowerState.java:run(106)) - e3324a52-b217-41e5-a9e7-1ad29ddf9356:group-6607E92E69FE changes to CANDIDATE, lastRpcTime:5010, electionTimeout:5010ms
2019-09-25 07:19:30,372 [Thread-1023] INFO  impl.RoleInfo (RoleInfo.java:shutdownFollowerState(121)) - e3324a52-b217-41e5-a9e7-1ad29ddf9356: shutdown FollowerState
2019-09-25 07:19:30,372 [Thread-1023] INFO  impl.RaftServerImpl (RaftServerImpl.java:setRole(174)) - e3324a52-b217-41e5-a9e7-1ad29ddf9356@group-6607E92E69FE: changes role from  FOLLOWER to CANDIDATE at term 0 for changeToCandidate
2019-09-25 07:19:30,372 [Thread-1023] INFO  impl.RoleInfo (RoleInfo.java:updateAndGet(143)) - e3324a52-b217-41e5-a9e7-1ad29ddf9356: start LeaderElection
2019-09-25 07:19:30,414 [f13e407e-3550-4add-9ccd-cdd7f285656a@group-6B5462772762-SegmentedRaftLogWorker] INFO  segmented.SegmentedRaftLogWorker (SegmentedRaftLogWorker.java:execute(569)) - f13e407e-3550-4add-9ccd-cdd7f285656a@group-6B5462772762-SegmentedRaftLogWorker: created new log segment /workdir/hadoop-ozone/ozonefs/target/test-dir/MiniOzoneClusterImpl-3fce1b0a-df6a-4342-ad64-1814f71f3ecd/datanode-1/data/ratis/b71b810d-dcc0-4c5f-b867-6b5462772762/current/log_inprogress_0
2019-09-25 07:19:30,415 [e3324a52-b217-41e5-a9e7-1ad29ddf9356@group-6607E92E69FE:LeaderElection67] INFO  impl.LeaderElection (LeaderElection.java:askForVotes(182)) - e3324a52-b217-41e5-a9e7-1ad29ddf9356@group-6607E92E69FE:LeaderElection67: begin an election at term 1 for -1: [e3324a52-b217-41e5-a9e7-1ad29ddf9356:192.168.30.10:44422], old=null
2019-09-25 07:19:30,415 [e3324a52-b217-41e5-a9e7-1ad29ddf9356@group-6607E92E69FE:LeaderElection67] INFO  impl.RoleInfo (RoleInfo.java:shutdownLeaderElection(134)) - e3324a52-b217-41e5-a9e7-1ad29ddf9356: shutdown LeaderElection
2019-09-25 07:19:30,415 [e3324a52-b217-41e5-a9e7-1ad29ddf9356@group-6607E92E69FE:LeaderElection67] INFO  impl.RaftServerImpl (RaftServerImpl.java:setRole(174)) - e3324a52-b217-41e5-a9e7-1ad29ddf9356@group-6607E92E69FE: changes role from CANDIDATE to LEADER at term 1 for changeToLeader
2019-09-25 07:19:30,415 [e3324a52-b217-41e5-a9e7-1ad29ddf9356@group-6607E92E69FE:LeaderElection67] INFO  impl.RaftServerImpl (ServerState.java:setLeader(253)) - e3324a52-b217-41e5-a9e7-1ad29ddf9356@group-6607E92E69FE: change Leader from null to e3324a52-b217-41e5-a9e7-1ad29ddf9356 at term 1 for becomeLeader, leader elected after 5059ms
2019-09-25 07:19:30,415 [e3324a52-b217-41e5-a9e7-1ad29ddf9356@group-6607E92E69FE:LeaderElection67] INFO  server.RaftServerConfigKeys (ConfUtils.java:logGet(43)) - raft.server.staging.catchup.gap = 1000 (default)
2019-09-25 07:19:30,415 [e3324a52-b217-41e5-a9e7-1ad29ddf9356@group-6607E92E69FE:LeaderElection67] INFO  server.RaftServerConfigKeys (ConfUtils.java:logGet(43)) - raft.server.rpc.sleep.time = 25ms (default)
2019-09-25 07:19:30,416 [e3324a52-b217-41e5-a9e7-1ad29ddf9356@group-6607E92E69FE:LeaderElection67] INFO  server.RaftServerConfigKeys (ConfUtils.java:logGet(43)) - raft.server.write.element-limit = 4096 (default)
2019-09-25 07:19:30,416 [e3324a52-b217-41e5-a9e7-1ad29ddf9356@group-6607E92E69FE:LeaderElection67] INFO  server.RaftServerConfigKeys (ConfUtils.java:logGet(43)) - raft.server.watch.timeout = 10s (default)
2019-09-25 07:19:30,416 [e3324a52-b217-41e5-a9e7-1ad29ddf9356@group-6607E92E69FE:LeaderElection67] INFO  server.RaftServerConfigKeys (ConfUtils.java:logGet(43)) - raft.server.watch.timeout.denomination = 1s (default)
2019-09-25 07:19:30,416 [e3324a52-b217-41e5-a9e7-1ad29ddf9356@group-6607E92E69FE:LeaderElection67] INFO  server.RaftServerConfigKeys (ConfUtils.java:logGet(43)) - raft.server.watch.element-limit = 65536 (default)
2019-09-25 07:19:30,418 [e3324a52-b217-41e5-a9e7-1ad29ddf9356@group-6607E92E69FE:LeaderElection67] INFO  impl.RoleInfo (RoleInfo.java:updateAndGet(143)) - e3324a52-b217-41e5-a9e7-1ad29ddf9356: start LeaderState
2019-09-25 07:19:30,419 [e3324a52-b217-41e5-a9e7-1ad29ddf9356@group-6607E92E69FE:LeaderElection67] INFO  segmented.SegmentedRaftLogWorker (SegmentedRaftLogWorker.java:startLogSegment(380)) - e3324a52-b217-41e5-a9e7-1ad29ddf9356@group-6607E92E69FE-SegmentedRaftLogWorker: Starting segment from index:0
2019-09-25 07:19:30,419 [e3324a52-b217-41e5-a9e7-1ad29ddf9356@group-6607E92E69FE:LeaderElection67] INFO  impl.RaftServerImpl (ServerState.java:setRaftConf(354)) - e3324a52-b217-41e5-a9e7-1ad29ddf9356@group-6607E92E69FE: set configuration 0: [e3324a52-b217-41e5-a9e7-1ad29ddf9356:192.168.30.10:44422], old=null at 0
2019-09-25 07:19:30,433 [Thread-1026] INFO  impl.FollowerState (FollowerState.java:run(106)) - f13e407e-3550-4add-9ccd-cdd7f285656a:group-BEA34E1C799A changes to CANDIDATE, lastRpcTime:5028, electionTimeout:5028ms
2019-09-25 07:19:30,433 [Thread-1026] INFO  impl.RoleInfo (RoleInfo.java:shutdownFollowerState(121)) - f13e407e-3550-4add-9ccd-cdd7f285656a: shutdown FollowerState
2019-09-25 07:19:30,433 [Thread-1026] INFO  impl.RaftServerImpl (RaftServerImpl.java:setRole(174)) - f13e407e-3550-4add-9ccd-cdd7f285656a@group-BEA34E1C799A: changes role from  FOLLOWER to CANDIDATE at term 0 for changeToCandidate
2019-09-25 07:19:30,433 [Thread-1026] INFO  impl.RoleInfo (RoleInfo.java:updateAndGet(143)) - f13e407e-3550-4add-9ccd-cdd7f285656a: start LeaderElection
2019-09-25 07:19:30,458 [Thread-1017] INFO  impl.FollowerState (FollowerState.java:run(106)) - e3324a52-b217-41e5-a9e7-1ad29ddf9356:group-40882B41C37D changes to CANDIDATE, lastRpcTime:5175, electionTimeout:5166ms
2019-09-25 07:19:30,458 [Thread-1017] INFO  impl.RoleInfo (RoleInfo.java:shutdownFollowerState(121)) - e3324a52-b217-41e5-a9e7-1ad29ddf9356: shutdown FollowerState
2019-09-25 07:19:30,458 [Thread-1017] INFO  impl.RaftServerImpl (RaftServerImpl.java:setRole(174)) - e3324a52-b217-41e5-a9e7-1ad29ddf9356@group-40882B41C37D: changes role from  FOLLOWER to CANDIDATE at term 0 for changeToCandidate
2019-09-25 07:19:30,459 [Thread-1017] INFO  impl.RoleInfo (RoleInfo.java:updateAndGet(143)) - e3324a52-b217-41e5-a9e7-1ad29ddf9356: start LeaderElection
2019-09-25 07:19:30,471 [e3324a52-b217-41e5-a9e7-1ad29ddf9356@group-6607E92E69FE-SegmentedRaftLogWorker] INFO  segmented.SegmentedRaftLogWorker (SegmentedRaftLogWorker.java:execute(569)) - e3324a52-b217-41e5-a9e7-1ad29ddf9356@group-6607E92E69FE-SegmentedRaftLogWorker: created new log segment /workdir/hadoop-ozone/ozonefs/target/test-dir/MiniOzoneClusterImpl-3fce1b0a-df6a-4342-ad64-1814f71f3ecd/datanode-2/data/ratis/e30b193c-a595-4b5b-bdd4-6607e92e69fe/current/log_inprogress_0
2019-09-25 07:19:30,472 [f13e407e-3550-4add-9ccd-cdd7f285656a@group-BEA34E1C799A:LeaderElection68] INFO  impl.LeaderElection (LeaderElection.java:askForVotes(182)) - f13e407e-3550-4add-9ccd-cdd7f285656a@group-BEA34E1C799A:LeaderElection68: begin an election at term 1 for -1: [f13e407e-3550-4add-9ccd-cdd7f285656a:192.168.30.10:34297], old=null
2019-09-25 07:19:30,472 [e3324a52-b217-41e5-a9e7-1ad29ddf9356@group-40882B41C37D:LeaderElection69] INFO  impl.LeaderElection (LeaderElection.java:askForVotes(182)) - e3324a52-b217-41e5-a9e7-1ad29ddf9356@group-40882B41C37D:LeaderElection69: begin an election at term 1 for -1: [e3324a52-b217-41e5-a9e7-1ad29ddf9356:192.168.30.10:44422], old=null
2019-09-25 07:19:30,472 [f13e407e-3550-4add-9ccd-cdd7f285656a@group-BEA34E1C799A:LeaderElection68] INFO  impl.RoleInfo (RoleInfo.java:shutdownLeaderElection(134)) - f13e407e-3550-4add-9ccd-cdd7f285656a: shutdown LeaderElection
2019-09-25 07:19:30,472 [e3324a52-b217-41e5-a9e7-1ad29ddf9356@group-40882B41C37D:LeaderElection69] INFO  impl.RoleInfo (RoleInfo.java:shutdownLeaderElection(134)) - e3324a52-b217-41e5-a9e7-1ad29ddf9356: shutdown LeaderElection
2019-09-25 07:19:30,472 [f13e407e-3550-4add-9ccd-cdd7f285656a@group-BEA34E1C799A:LeaderElection68] INFO  impl.RaftServerImpl (RaftServerImpl.java:setRole(174)) - f13e407e-3550-4add-9ccd-cdd7f285656a@group-BEA34E1C799A: changes role from CANDIDATE to LEADER at term 1 for changeToLeader
2019-09-25 07:19:30,472 [e3324a52-b217-41e5-a9e7-1ad29ddf9356@group-40882B41C37D:LeaderElection69] INFO  impl.RaftServerImpl (RaftServerImpl.java:setRole(174)) - e3324a52-b217-41e5-a9e7-1ad29ddf9356@group-40882B41C37D: changes role from CANDIDATE to LEADER at term 1 for changeToLeader
2019-09-25 07:19:30,472 [f13e407e-3550-4add-9ccd-cdd7f285656a@group-BEA34E1C799A:LeaderElection68] INFO  impl.RaftServerImpl (ServerState.java:setLeader(253)) - f13e407e-3550-4add-9ccd-cdd7f285656a@group-BEA34E1C799A: change Leader from null to f13e407e-3550-4add-9ccd-cdd7f285656a at term 1 for becomeLeader, leader elected after 5073ms
2019-09-25 07:19:30,472 [e3324a52-b217-41e5-a9e7-1ad29ddf9356@group-40882B41C37D:LeaderElection69] INFO  impl.RaftServerImpl (ServerState.java:setLeader(253)) - e3324a52-b217-41e5-a9e7-1ad29ddf9356@group-40882B41C37D: change Leader from null to e3324a52-b217-41e5-a9e7-1ad29ddf9356 at term 1 for becomeLeader, leader elected after 5194ms
2019-09-25 07:19:30,473 [f13e407e-3550-4add-9ccd-cdd7f285656a@group-BEA34E1C799A:LeaderElection68] INFO  server.RaftServerConfigKeys (ConfUtils.java:logGet(43)) - raft.server.staging.catchup.gap = 1000 (default)
2019-09-25 07:19:30,473 [e3324a52-b217-41e5-a9e7-1ad29ddf9356@group-40882B41C37D:LeaderElection69] INFO  server.RaftServerConfigKeys (ConfUtils.java:logGet(43)) - raft.server.staging.catchup.gap = 1000 (default)
2019-09-25 07:19:30,473 [f13e407e-3550-4add-9ccd-cdd7f285656a@group-BEA34E1C799A:LeaderElection68] INFO  server.RaftServerConfigKeys (ConfUtils.java:logGet(43)) - raft.server.rpc.sleep.time = 25ms (default)
2019-09-25 07:19:30,473 [e3324a52-b217-41e5-a9e7-1ad29ddf9356@group-40882B41C37D:LeaderElection69] INFO  server.RaftServerConfigKeys (ConfUtils.java:logGet(43)) - raft.server.rpc.sleep.time = 25ms (default)
2019-09-25 07:19:30,473 [f13e407e-3550-4add-9ccd-cdd7f285656a@group-BEA34E1C799A:LeaderElection68] INFO  server.RaftServerConfigKeys (ConfUtils.java:logGet(43)) - raft.server.write.element-limit = 4096 (default)
2019-09-25 07:19:30,473 [e3324a52-b217-41e5-a9e7-1ad29ddf9356@group-40882B41C37D:LeaderElection69] INFO  server.RaftServerConfigKeys (ConfUtils.java:logGet(43)) - raft.server.write.element-limit = 4096 (default)
2019-09-25 07:19:30,473 [f13e407e-3550-4add-9ccd-cdd7f285656a@group-BEA34E1C799A:LeaderElection68] INFO  server.RaftServerConfigKeys (ConfUtils.java:logGet(43)) - raft.server.watch.timeout = 10s (default)
2019-09-25 07:19:30,474 [e3324a52-b217-41e5-a9e7-1ad29ddf9356@group-40882B41C37D:LeaderElection69] INFO  server.RaftServerConfigKeys (ConfUtils.java:logGet(43)) - raft.server.watch.timeout = 10s (default)
2019-09-25 07:19:30,474 [f13e407e-3550-4add-9ccd-cdd7f285656a@group-BEA34E1C799A:LeaderElection68] INFO  server.RaftServerConfigKeys (ConfUtils.java:logGet(43)) - raft.server.watch.timeout.denomination = 1s (default)
2019-09-25 07:19:30,474 [e3324a52-b217-41e5-a9e7-1ad29ddf9356@group-40882B41C37D:LeaderElection69] INFO  server.RaftServerConfigKeys (ConfUtils.java:logGet(43)) - raft.server.watch.timeout.denomination = 1s (default)
2019-09-25 07:19:30,474 [f13e407e-3550-4add-9ccd-cdd7f285656a@group-BEA34E1C799A:LeaderElection68] INFO  server.RaftServerConfigKeys (ConfUtils.java:logGet(43)) - raft.server.watch.element-limit = 65536 (default)
2019-09-25 07:19:30,474 [e3324a52-b217-41e5-a9e7-1ad29ddf9356@group-40882B41C37D:LeaderElection69] INFO  server.RaftServerConfigKeys (ConfUtils.java:logGet(43)) - raft.server.watch.element-limit = 65536 (default)
2019-09-25 07:19:30,477 [f13e407e-3550-4add-9ccd-cdd7f285656a@group-BEA34E1C799A:LeaderElection68] INFO  impl.RoleInfo (RoleInfo.java:updateAndGet(143)) - f13e407e-3550-4add-9ccd-cdd7f285656a: start LeaderState
2019-09-25 07:19:30,477 [f13e407e-3550-4add-9ccd-cdd7f285656a@group-BEA34E1C799A:LeaderElection68] INFO  segmented.SegmentedRaftLogWorker (SegmentedRaftLogWorker.java:startLogSegment(380)) - f13e407e-3550-4add-9ccd-cdd7f285656a@group-BEA34E1C799A-SegmentedRaftLogWorker: Starting segment from index:0
2019-09-25 07:19:30,478 [e3324a52-b217-41e5-a9e7-1ad29ddf9356@group-40882B41C37D:LeaderElection69] INFO  impl.RoleInfo (RoleInfo.java:updateAndGet(143)) - e3324a52-b217-41e5-a9e7-1ad29ddf9356: start LeaderState
2019-09-25 07:19:30,478 [e3324a52-b217-41e5-a9e7-1ad29ddf9356@group-40882B41C37D:LeaderElection69] INFO  segmented.SegmentedRaftLogWorker (SegmentedRaftLogWorker.java:startLogSegment(380)) - e3324a52-b217-41e5-a9e7-1ad29ddf9356@group-40882B41C37D-SegmentedRaftLogWorker: Starting segment from index:0
2019-09-25 07:19:30,478 [f13e407e-3550-4add-9ccd-cdd7f285656a@group-BEA34E1C799A:LeaderElection68] INFO  impl.RaftServerImpl (ServerState.java:setRaftConf(354)) - f13e407e-3550-4add-9ccd-cdd7f285656a@group-BEA34E1C799A: set configuration 0: [f13e407e-3550-4add-9ccd-cdd7f285656a:192.168.30.10:34297], old=null at 0
2019-09-25 07:19:30,478 [e3324a52-b217-41e5-a9e7-1ad29ddf9356@group-40882B41C37D:LeaderElection69] INFO  impl.RaftServerImpl (ServerState.java:setRaftConf(354)) - e3324a52-b217-41e5-a9e7-1ad29ddf9356@group-40882B41C37D: set configuration 0: [e3324a52-b217-41e5-a9e7-1ad29ddf9356:192.168.30.10:44422], old=null at 0
2019-09-25 07:19:30,524 [f13e407e-3550-4add-9ccd-cdd7f285656a@group-BEA34E1C799A-SegmentedRaftLogWorker] INFO  segmented.SegmentedRaftLogWorker (SegmentedRaftLogWorker.java:execute(569)) - f13e407e-3550-4add-9ccd-cdd7f285656a@group-BEA34E1C799A-SegmentedRaftLogWorker: created new log segment /workdir/hadoop-ozone/ozonefs/target/test-dir/MiniOzoneClusterImpl-3fce1b0a-df6a-4342-ad64-1814f71f3ecd/datanode-1/data/ratis/80b48f23-759b-4578-a36c-bea34e1c799a/current/log_inprogress_0
2019-09-25 07:19:30,524 [e3324a52-b217-41e5-a9e7-1ad29ddf9356@group-40882B41C37D-SegmentedRaftLogWorker] INFO  segmented.SegmentedRaftLogWorker (SegmentedRaftLogWorker.java:execute(569)) - e3324a52-b217-41e5-a9e7-1ad29ddf9356@group-40882B41C37D-SegmentedRaftLogWorker: created new log segment /workdir/hadoop-ozone/ozonefs/target/test-dir/MiniOzoneClusterImpl-3fce1b0a-df6a-4342-ad64-1814f71f3ecd/datanode-2/data/ratis/1e476b0d-9d77-4c94-8184-40882b41c37d/current/log_inprogress_0
2019-09-25 07:19:30,543 [Thread-1032] INFO  impl.FollowerState (FollowerState.java:run(106)) - e3324a52-b217-41e5-a9e7-1ad29ddf9356:group-4A9BE2D4DC2F changes to CANDIDATE, lastRpcTime:5047, electionTimeout:5047ms
2019-09-25 07:19:30,543 [Thread-1032] INFO  impl.RoleInfo (RoleInfo.java:shutdownFollowerState(121)) - e3324a52-b217-41e5-a9e7-1ad29ddf9356: shutdown FollowerState
2019-09-25 07:19:30,543 [Thread-1032] INFO  impl.RaftServerImpl (RaftServerImpl.java:setRole(174)) - e3324a52-b217-41e5-a9e7-1ad29ddf9356@group-4A9BE2D4DC2F: changes role from  FOLLOWER to CANDIDATE at term 0 for changeToCandidate
2019-09-25 07:19:30,543 [Thread-1032] INFO  impl.RoleInfo (RoleInfo.java:updateAndGet(143)) - e3324a52-b217-41e5-a9e7-1ad29ddf9356: start LeaderElection
2019-09-25 07:19:30,559 [Thread-1029] INFO  impl.FollowerState (FollowerState.java:run(106)) - e3324a52-b217-41e5-a9e7-1ad29ddf9356:group-CBA1DDD43912 changes to CANDIDATE, lastRpcTime:5107, electionTimeout:5107ms
2019-09-25 07:19:30,559 [Thread-1029] INFO  impl.RoleInfo (RoleInfo.java:shutdownFollowerState(121)) - e3324a52-b217-41e5-a9e7-1ad29ddf9356: shutdown FollowerState
2019-09-25 07:19:30,559 [Thread-1029] INFO  impl.RaftServerImpl (RaftServerImpl.java:setRole(174)) - e3324a52-b217-41e5-a9e7-1ad29ddf9356@group-CBA1DDD43912: changes role from  FOLLOWER to CANDIDATE at term 0 for changeToCandidate
2019-09-25 07:19:30,560 [Thread-1029] INFO  impl.RoleInfo (RoleInfo.java:updateAndGet(143)) - e3324a52-b217-41e5-a9e7-1ad29ddf9356: start LeaderElection
2019-09-25 07:19:30,560 [e3324a52-b217-41e5-a9e7-1ad29ddf9356@group-4A9BE2D4DC2F:LeaderElection70] INFO  impl.LeaderElection (LeaderElection.java:askForVotes(182)) - e3324a52-b217-41e5-a9e7-1ad29ddf9356@group-4A9BE2D4DC2F:LeaderElection70: begin an election at term 1 for -1: [e3324a52-b217-41e5-a9e7-1ad29ddf9356:192.168.30.10:44422], old=null
2019-09-25 07:19:30,560 [e3324a52-b217-41e5-a9e7-1ad29ddf9356@group-4A9BE2D4DC2F:LeaderElection70] INFO  impl.RoleInfo (RoleInfo.java:shutdownLeaderElection(134)) - e3324a52-b217-41e5-a9e7-1ad29ddf9356: shutdown LeaderElection
2019-09-25 07:19:30,562 [e3324a52-b217-41e5-a9e7-1ad29ddf9356@group-4A9BE2D4DC2F:LeaderElection70] INFO  impl.RaftServerImpl (RaftServerImpl.java:setRole(174)) - e3324a52-b217-41e5-a9e7-1ad29ddf9356@group-4A9BE2D4DC2F: changes role from CANDIDATE to LEADER at term 1 for changeToLeader
2019-09-25 07:19:30,562 [e3324a52-b217-41e5-a9e7-1ad29ddf9356@group-4A9BE2D4DC2F:LeaderElection70] INFO  impl.RaftServerImpl (ServerState.java:setLeader(253)) - e3324a52-b217-41e5-a9e7-1ad29ddf9356@group-4A9BE2D4DC2F: change Leader from null to e3324a52-b217-41e5-a9e7-1ad29ddf9356 at term 1 for becomeLeader, leader elected after 5071ms
2019-09-25 07:19:30,562 [e3324a52-b217-41e5-a9e7-1ad29ddf9356@group-4A9BE2D4DC2F:LeaderElection70] INFO  server.RaftServerConfigKeys (ConfUtils.java:logGet(43)) - raft.server.staging.catchup.gap = 1000 (default)
2019-09-25 07:19:30,562 [e3324a52-b217-41e5-a9e7-1ad29ddf9356@group-4A9BE2D4DC2F:LeaderElection70] INFO  server.RaftServerConfigKeys (ConfUtils.java:logGet(43)) - raft.server.rpc.sleep.time = 25ms (default)
2019-09-25 07:19:30,562 [e3324a52-b217-41e5-a9e7-1ad29ddf9356@group-4A9BE2D4DC2F:LeaderElection70] INFO  server.RaftServerConfigKeys (ConfUtils.java:logGet(43)) - raft.server.write.element-limit = 4096 (default)
2019-09-25 07:19:30,563 [e3324a52-b217-41e5-a9e7-1ad29ddf9356@group-4A9BE2D4DC2F:LeaderElection70] INFO  server.RaftServerConfigKeys (ConfUtils.java:logGet(43)) - raft.server.watch.timeout = 10s (default)
2019-09-25 07:19:30,563 [e3324a52-b217-41e5-a9e7-1ad29ddf9356@group-4A9BE2D4DC2F:LeaderElection70] INFO  server.RaftServerConfigKeys (ConfUtils.java:logGet(43)) - raft.server.watch.timeout.denomination = 1s (default)
2019-09-25 07:19:30,563 [e3324a52-b217-41e5-a9e7-1ad29ddf9356@group-4A9BE2D4DC2F:LeaderElection70] INFO  server.RaftServerConfigKeys (ConfUtils.java:logGet(43)) - raft.server.watch.element-limit = 65536 (default)
2019-09-25 07:19:30,565 [e3324a52-b217-41e5-a9e7-1ad29ddf9356@group-4A9BE2D4DC2F:LeaderElection70] INFO  impl.RoleInfo (RoleInfo.java:updateAndGet(143)) - e3324a52-b217-41e5-a9e7-1ad29ddf9356: start LeaderState
2019-09-25 07:19:30,565 [e3324a52-b217-41e5-a9e7-1ad29ddf9356@group-4A9BE2D4DC2F:LeaderElection70] INFO  segmented.SegmentedRaftLogWorker (SegmentedRaftLogWorker.java:startLogSegment(380)) - e3324a52-b217-41e5-a9e7-1ad29ddf9356@group-4A9BE2D4DC2F-SegmentedRaftLogWorker: Starting segment from index:0
2019-09-25 07:19:30,565 [e3324a52-b217-41e5-a9e7-1ad29ddf9356@group-4A9BE2D4DC2F:LeaderElection70] INFO  impl.RaftServerImpl (ServerState.java:setRaftConf(354)) - e3324a52-b217-41e5-a9e7-1ad29ddf9356@group-4A9BE2D4DC2F: set configuration 0: [e3324a52-b217-41e5-a9e7-1ad29ddf9356:192.168.30.10:44422], old=null at 0
2019-09-25 07:19:30,575 [e3324a52-b217-41e5-a9e7-1ad29ddf9356@group-CBA1DDD43912:LeaderElection71] INFO  impl.LeaderElection (LeaderElection.java:askForVotes(182)) - e3324a52-b217-41e5-a9e7-1ad29ddf9356@group-CBA1DDD43912:LeaderElection71: begin an election at term 1 for -1: [e3324a52-b217-41e5-a9e7-1ad29ddf9356:192.168.30.10:44422], old=null
2019-09-25 07:19:30,576 [e3324a52-b217-41e5-a9e7-1ad29ddf9356@group-CBA1DDD43912:LeaderElection71] INFO  impl.RoleInfo (RoleInfo.java:shutdownLeaderElection(134)) - e3324a52-b217-41e5-a9e7-1ad29ddf9356: shutdown LeaderElection
2019-09-25 07:19:30,576 [e3324a52-b217-41e5-a9e7-1ad29ddf9356@group-CBA1DDD43912:LeaderElection71] INFO  impl.RaftServerImpl (RaftServerImpl.java:setRole(174)) - e3324a52-b217-41e5-a9e7-1ad29ddf9356@group-CBA1DDD43912: changes role from CANDIDATE to LEADER at term 1 for changeToLeader
2019-09-25 07:19:30,576 [e3324a52-b217-41e5-a9e7-1ad29ddf9356@group-CBA1DDD43912:LeaderElection71] INFO  impl.RaftServerImpl (ServerState.java:setLeader(253)) - e3324a52-b217-41e5-a9e7-1ad29ddf9356@group-CBA1DDD43912: change Leader from null to e3324a52-b217-41e5-a9e7-1ad29ddf9356 at term 1 for becomeLeader, leader elected after 5131ms
2019-09-25 07:19:30,576 [e3324a52-b217-41e5-a9e7-1ad29ddf9356@group-CBA1DDD43912:LeaderElection71] INFO  server.RaftServerConfigKeys (ConfUtils.java:logGet(43)) - raft.server.staging.catchup.gap = 1000 (default)
2019-09-25 07:19:30,576 [e3324a52-b217-41e5-a9e7-1ad29ddf9356@group-CBA1DDD43912:LeaderElection71] INFO  server.RaftServerConfigKeys (ConfUtils.java:logGet(43)) - raft.server.rpc.sleep.time = 25ms (default)
2019-09-25 07:19:30,576 [e3324a52-b217-41e5-a9e7-1ad29ddf9356@group-CBA1DDD43912:LeaderElection71] INFO  server.RaftServerConfigKeys (ConfUtils.java:logGet(43)) - raft.server.write.element-limit = 4096 (default)
2019-09-25 07:19:30,577 [e3324a52-b217-41e5-a9e7-1ad29ddf9356@group-CBA1DDD43912:LeaderElection71] INFO  server.RaftServerConfigKeys (ConfUtils.java:logGet(43)) - raft.server.watch.timeout = 10s (default)
2019-09-25 07:19:30,577 [e3324a52-b217-41e5-a9e7-1ad29ddf9356@group-CBA1DDD43912:LeaderElection71] INFO  server.RaftServerConfigKeys (ConfUtils.java:logGet(43)) - raft.server.watch.timeout.denomination = 1s (default)
2019-09-25 07:19:30,577 [e3324a52-b217-41e5-a9e7-1ad29ddf9356@group-CBA1DDD43912:LeaderElection71] INFO  server.RaftServerConfigKeys (ConfUtils.java:logGet(43)) - raft.server.watch.element-limit = 65536 (default)
2019-09-25 07:19:30,579 [e3324a52-b217-41e5-a9e7-1ad29ddf9356@group-CBA1DDD43912:LeaderElection71] INFO  impl.RoleInfo (RoleInfo.java:updateAndGet(143)) - e3324a52-b217-41e5-a9e7-1ad29ddf9356: start LeaderState
2019-09-25 07:19:30,579 [e3324a52-b217-41e5-a9e7-1ad29ddf9356@group-CBA1DDD43912:LeaderElection71] INFO  segmented.SegmentedRaftLogWorker (SegmentedRaftLogWorker.java:startLogSegment(380)) - e3324a52-b217-41e5-a9e7-1ad29ddf9356@group-CBA1DDD43912-SegmentedRaftLogWorker: Starting segment from index:0
2019-09-25 07:19:30,580 [e3324a52-b217-41e5-a9e7-1ad29ddf9356@group-CBA1DDD43912:LeaderElection71] INFO  impl.RaftServerImpl (ServerState.java:setRaftConf(354)) - e3324a52-b217-41e5-a9e7-1ad29ddf9356@group-CBA1DDD43912: set configuration 0: [e3324a52-b217-41e5-a9e7-1ad29ddf9356:192.168.30.10:44422], old=null at 0
2019-09-25 07:19:30,611 [e3324a52-b217-41e5-a9e7-1ad29ddf9356@group-4A9BE2D4DC2F-SegmentedRaftLogWorker] INFO  segmented.SegmentedRaftLogWorker (SegmentedRaftLogWorker.java:execute(569)) - e3324a52-b217-41e5-a9e7-1ad29ddf9356@group-4A9BE2D4DC2F-SegmentedRaftLogWorker: created new log segment /workdir/hadoop-ozone/ozonefs/target/test-dir/MiniOzoneClusterImpl-3fce1b0a-df6a-4342-ad64-1814f71f3ecd/datanode-2/data/ratis/207735b1-82f4-4131-83c0-4a9be2d4dc2f/current/log_inprogress_0
2019-09-25 07:19:30,624 [e3324a52-b217-41e5-a9e7-1ad29ddf9356@group-CBA1DDD43912-SegmentedRaftLogWorker] INFO  segmented.SegmentedRaftLogWorker (SegmentedRaftLogWorker.java:execute(569)) - e3324a52-b217-41e5-a9e7-1ad29ddf9356@group-CBA1DDD43912-SegmentedRaftLogWorker: created new log segment /workdir/hadoop-ozone/ozonefs/target/test-dir/MiniOzoneClusterImpl-3fce1b0a-df6a-4342-ad64-1814f71f3ecd/datanode-2/data/ratis/9122498c-12e6-4133-b28f-cba1ddd43912/current/log_inprogress_0
2019-09-25 07:19:30,735 [Thread-1035] INFO  impl.FollowerState (FollowerState.java:run(106)) - e3324a52-b217-41e5-a9e7-1ad29ddf9356:group-B57BD563C974 changes to CANDIDATE, lastRpcTime:5197, electionTimeout:5197ms
2019-09-25 07:19:30,735 [Thread-1035] INFO  impl.RoleInfo (RoleInfo.java:shutdownFollowerState(121)) - e3324a52-b217-41e5-a9e7-1ad29ddf9356: shutdown FollowerState
2019-09-25 07:19:30,735 [Thread-1035] INFO  impl.RaftServerImpl (RaftServerImpl.java:setRole(174)) - e3324a52-b217-41e5-a9e7-1ad29ddf9356@group-B57BD563C974: changes role from  FOLLOWER to CANDIDATE at term 0 for changeToCandidate
2019-09-25 07:19:30,736 [Thread-1035] INFO  impl.RoleInfo (RoleInfo.java:updateAndGet(143)) - e3324a52-b217-41e5-a9e7-1ad29ddf9356: start LeaderElection
2019-09-25 07:19:30,752 [e3324a52-b217-41e5-a9e7-1ad29ddf9356@group-B57BD563C974:LeaderElection72] INFO  impl.LeaderElection (LeaderElection.java:askForVotes(182)) - e3324a52-b217-41e5-a9e7-1ad29ddf9356@group-B57BD563C974:LeaderElection72: begin an election at term 1 for -1: [e3324a52-b217-41e5-a9e7-1ad29ddf9356:192.168.30.10:44422], old=null
2019-09-25 07:19:30,752 [e3324a52-b217-41e5-a9e7-1ad29ddf9356@group-B57BD563C974:LeaderElection72] INFO  impl.RoleInfo (RoleInfo.java:shutdownLeaderElection(134)) - e3324a52-b217-41e5-a9e7-1ad29ddf9356: shutdown LeaderElection
2019-09-25 07:19:30,752 [e3324a52-b217-41e5-a9e7-1ad29ddf9356@group-B57BD563C974:LeaderElection72] INFO  impl.RaftServerImpl (RaftServerImpl.java:setRole(174)) - e3324a52-b217-41e5-a9e7-1ad29ddf9356@group-B57BD563C974: changes role from CANDIDATE to LEADER at term 1 for changeToLeader
2019-09-25 07:19:30,752 [e3324a52-b217-41e5-a9e7-1ad29ddf9356@group-B57BD563C974:LeaderElection72] INFO  impl.RaftServerImpl (ServerState.java:setLeader(253)) - e3324a52-b217-41e5-a9e7-1ad29ddf9356@group-B57BD563C974: change Leader from null to e3324a52-b217-41e5-a9e7-1ad29ddf9356 at term 1 for becomeLeader, leader elected after 5219ms
2019-09-25 07:19:30,752 [e3324a52-b217-41e5-a9e7-1ad29ddf9356@group-B57BD563C974:LeaderElection72] INFO  server.RaftServerConfigKeys (ConfUtils.java:logGet(43)) - raft.server.staging.catchup.gap = 1000 (default)
2019-09-25 07:19:30,752 [e3324a52-b217-41e5-a9e7-1ad29ddf9356@group-B57BD563C974:LeaderElection72] INFO  server.RaftServerConfigKeys (ConfUtils.java:logGet(43)) - raft.server.rpc.sleep.time = 25ms (default)
2019-09-25 07:19:30,753 [e3324a52-b217-41e5-a9e7-1ad29ddf9356@group-B57BD563C974:LeaderElection72] INFO  server.RaftServerConfigKeys (ConfUtils.java:logGet(43)) - raft.server.write.element-limit = 4096 (default)
2019-09-25 07:19:30,753 [e3324a52-b217-41e5-a9e7-1ad29ddf9356@group-B57BD563C974:LeaderElection72] INFO  server.RaftServerConfigKeys (ConfUtils.java:logGet(43)) - raft.server.watch.timeout = 10s (default)
2019-09-25 07:19:30,753 [e3324a52-b217-41e5-a9e7-1ad29ddf9356@group-B57BD563C974:LeaderElection72] INFO  server.RaftServerConfigKeys (ConfUtils.java:logGet(43)) - raft.server.watch.timeout.denomination = 1s (default)
2019-09-25 07:19:30,753 [e3324a52-b217-41e5-a9e7-1ad29ddf9356@group-B57BD563C974:LeaderElection72] INFO  server.RaftServerConfigKeys (ConfUtils.java:logGet(43)) - raft.server.watch.element-limit = 65536 (default)
2019-09-25 07:19:30,754 [e3324a52-b217-41e5-a9e7-1ad29ddf9356@group-B57BD563C974:LeaderElection72] INFO  impl.RoleInfo (RoleInfo.java:updateAndGet(143)) - e3324a52-b217-41e5-a9e7-1ad29ddf9356: start LeaderState
2019-09-25 07:19:30,755 [e3324a52-b217-41e5-a9e7-1ad29ddf9356@group-B57BD563C974:LeaderElection72] INFO  segmented.SegmentedRaftLogWorker (SegmentedRaftLogWorker.java:startLogSegment(380)) - e3324a52-b217-41e5-a9e7-1ad29ddf9356@group-B57BD563C974-SegmentedRaftLogWorker: Starting segment from index:0
2019-09-25 07:19:30,755 [e3324a52-b217-41e5-a9e7-1ad29ddf9356@group-B57BD563C974:LeaderElection72] INFO  impl.RaftServerImpl (ServerState.java:setRaftConf(354)) - e3324a52-b217-41e5-a9e7-1ad29ddf9356@group-B57BD563C974: set configuration 0: [e3324a52-b217-41e5-a9e7-1ad29ddf9356:192.168.30.10:44422], old=null at 0
2019-09-25 07:19:30,796 [e3324a52-b217-41e5-a9e7-1ad29ddf9356@group-B57BD563C974-SegmentedRaftLogWorker] INFO  segmented.SegmentedRaftLogWorker (SegmentedRaftLogWorker.java:execute(569)) - e3324a52-b217-41e5-a9e7-1ad29ddf9356@group-B57BD563C974-SegmentedRaftLogWorker: created new log segment /workdir/hadoop-ozone/ozonefs/target/test-dir/MiniOzoneClusterImpl-3fce1b0a-df6a-4342-ad64-1814f71f3ecd/datanode-2/data/ratis/c2b1b2ff-6ec3-4625-acd2-b57bd563c974/current/log_inprogress_0
2019-09-25 07:19:30,971 [Thread-810] INFO  ozoneimpl.OzoneContainer (OzoneContainer.java:stop(231)) - Attempting to stop container services.
2019-09-25 07:19:30,972 [ForkJoinPool.commonPool-worker-1] INFO  ozoneimpl.OzoneContainer (OzoneContainer.java:stop(231)) - Attempting to stop container services.
2019-09-25 07:19:30,972 [Thread-810] INFO  impl.RaftServerProxy (RaftServerProxy.java:lambda$close$4(314)) - f13e407e-3550-4add-9ccd-cdd7f285656a: close
2019-09-25 07:19:30,972 [ForkJoinPool.commonPool-worker-1] INFO  impl.RaftServerProxy (RaftServerProxy.java:lambda$close$4(314)) - f001641b-37ec-46f2-975b-c72720f35757: close
2019-09-25 07:19:30,972 [Thread-810] INFO  impl.RaftServerImpl (RaftServerImpl.java:lambda$shutdown$3(251)) - f13e407e-3550-4add-9ccd-cdd7f285656a@group-008F55F83B04: shutdown
2019-09-25 07:19:30,973 [ForkJoinPool.commonPool-worker-1] INFO  impl.RaftServerImpl (RaftServerImpl.java:lambda$shutdown$3(251)) - f001641b-37ec-46f2-975b-c72720f35757@group-0FD5473A744A: shutdown
2019-09-25 07:19:30,973 [Thread-810] INFO  util.JmxRegister (JmxRegister.java:unregister(73)) - Successfully un-registered JMX Bean with object name Ratis:service=RaftServer,group=group-008F55F83B04,id=f13e407e-3550-4add-9ccd-cdd7f285656a
2019-09-25 07:19:30,973 [ForkJoinPool.commonPool-worker-1] INFO  util.JmxRegister (JmxRegister.java:unregister(73)) - Successfully un-registered JMX Bean with object name Ratis:service=RaftServer,group=group-0FD5473A744A,id=f001641b-37ec-46f2-975b-c72720f35757
2019-09-25 07:19:30,974 [Thread-810] INFO  impl.RoleInfo (RoleInfo.java:shutdownLeaderState(104)) - f13e407e-3550-4add-9ccd-cdd7f285656a: shutdown LeaderState
2019-09-25 07:19:30,974 [ForkJoinPool.commonPool-worker-1] INFO  impl.RoleInfo (RoleInfo.java:shutdownLeaderState(104)) - f001641b-37ec-46f2-975b-c72720f35757: shutdown LeaderState
2019-09-25 07:19:30,974 [Thread-810] INFO  impl.PendingRequests (PendingRequests.java:sendNotLeaderResponses(202)) - f13e407e-3550-4add-9ccd-cdd7f285656a-PendingRequests: sendNotLeaderResponses
2019-09-25 07:19:30,974 [ForkJoinPool.commonPool-worker-1] INFO  impl.PendingRequests (PendingRequests.java:sendNotLeaderResponses(202)) - f001641b-37ec-46f2-975b-c72720f35757-PendingRequests: sendNotLeaderResponses
2019-09-25 07:19:30,975 [Thread-810] INFO  impl.StateMachineUpdater (StateMachineUpdater.java:stopAndJoin(125)) - f13e407e-3550-4add-9ccd-cdd7f285656a@group-008F55F83B04-StateMachineUpdater: set stopIndex = 0
2019-09-25 07:19:30,975 [ForkJoinPool.commonPool-worker-1] INFO  impl.StateMachineUpdater (StateMachineUpdater.java:stopAndJoin(125)) - f001641b-37ec-46f2-975b-c72720f35757@group-0FD5473A744A-StateMachineUpdater: set stopIndex = 0
2019-09-25 07:19:30,976 [Thread-810] INFO  impl.RaftServerImpl (ServerState.java:close(385)) - f13e407e-3550-4add-9ccd-cdd7f285656a@group-008F55F83B04: closes. applyIndex: 0
2019-09-25 07:19:30,976 [ForkJoinPool.commonPool-worker-1] INFO  impl.RaftServerImpl (ServerState.java:close(385)) - f001641b-37ec-46f2-975b-c72720f35757@group-0FD5473A744A: closes. applyIndex: 0
2019-09-25 07:19:30,976 [f13e407e-3550-4add-9ccd-cdd7f285656a@group-008F55F83B04-SegmentedRaftLogWorker] INFO  segmented.SegmentedRaftLogWorker (SegmentedRaftLogWorker.java:run(313)) - f13e407e-3550-4add-9ccd-cdd7f285656a@group-008F55F83B04-SegmentedRaftLogWorker was interrupted, exiting. There are 0 tasks remaining in the queue.
2019-09-25 07:19:30,977 [f001641b-37ec-46f2-975b-c72720f35757@group-0FD5473A744A-SegmentedRaftLogWorker] INFO  segmented.SegmentedRaftLogWorker (SegmentedRaftLogWorker.java:run(313)) - f001641b-37ec-46f2-975b-c72720f35757@group-0FD5473A744A-SegmentedRaftLogWorker was interrupted, exiting. There are 0 tasks remaining in the queue.
2019-09-25 07:19:30,977 [Thread-810] INFO  segmented.SegmentedRaftLogWorker (SegmentedRaftLogWorker.java:close(228)) - f13e407e-3550-4add-9ccd-cdd7f285656a@group-008F55F83B04-SegmentedRaftLogWorker close()
2019-09-25 07:19:30,977 [ForkJoinPool.commonPool-worker-1] INFO  segmented.SegmentedRaftLogWorker (SegmentedRaftLogWorker.java:close(228)) - f001641b-37ec-46f2-975b-c72720f35757@group-0FD5473A744A-SegmentedRaftLogWorker close()
2019-09-25 07:19:30,979 [Thread-810] INFO  impl.RaftServerImpl (RaftServerImpl.java:lambda$shutdown$3(251)) - f13e407e-3550-4add-9ccd-cdd7f285656a@group-006CB1ABFCEE: shutdown
2019-09-25 07:19:30,980 [ForkJoinPool.commonPool-worker-1] INFO  impl.RaftServerImpl (RaftServerImpl.java:lambda$shutdown$3(251)) - f001641b-37ec-46f2-975b-c72720f35757@group-EA042F16BDE3: shutdown
2019-09-25 07:19:30,981 [Thread-810] INFO  util.JmxRegister (JmxRegister.java:unregister(73)) - Successfully un-registered JMX Bean with object name Ratis:service=RaftServer,group=group-006CB1ABFCEE,id=f13e407e-3550-4add-9ccd-cdd7f285656a
2019-09-25 07:19:30,981 [ForkJoinPool.commonPool-worker-1] INFO  util.JmxRegister (JmxRegister.java:unregister(73)) - Successfully un-registered JMX Bean with object name Ratis:service=RaftServer,group=group-EA042F16BDE3,id=f001641b-37ec-46f2-975b-c72720f35757
2019-09-25 07:19:30,981 [Thread-810] INFO  impl.RoleInfo (RoleInfo.java:shutdownLeaderState(104)) - f13e407e-3550-4add-9ccd-cdd7f285656a: shutdown LeaderState
2019-09-25 07:19:30,982 [ForkJoinPool.commonPool-worker-1] INFO  impl.RoleInfo (RoleInfo.java:shutdownLeaderState(104)) - f001641b-37ec-46f2-975b-c72720f35757: shutdown LeaderState
2019-09-25 07:19:30,982 [Thread-810] INFO  impl.PendingRequests (PendingRequests.java:sendNotLeaderResponses(202)) - f13e407e-3550-4add-9ccd-cdd7f285656a-PendingRequests: sendNotLeaderResponses
2019-09-25 07:19:30,982 [ForkJoinPool.commonPool-worker-1] INFO  impl.PendingRequests (PendingRequests.java:sendNotLeaderResponses(202)) - f001641b-37ec-46f2-975b-c72720f35757-PendingRequests: sendNotLeaderResponses
2019-09-25 07:19:30,983 [Thread-810] INFO  impl.StateMachineUpdater (StateMachineUpdater.java:stopAndJoin(125)) - f13e407e-3550-4add-9ccd-cdd7f285656a@group-006CB1ABFCEE-StateMachineUpdater: set stopIndex = 0
2019-09-25 07:19:30,983 [ForkJoinPool.commonPool-worker-1] INFO  impl.StateMachineUpdater (StateMachineUpdater.java:stopAndJoin(125)) - f001641b-37ec-46f2-975b-c72720f35757@group-EA042F16BDE3-StateMachineUpdater: set stopIndex = 0
2019-09-25 07:19:30,983 [Thread-810] INFO  impl.RaftServerImpl (ServerState.java:close(385)) - f13e407e-3550-4add-9ccd-cdd7f285656a@group-006CB1ABFCEE: closes. applyIndex: 0
2019-09-25 07:19:30,983 [ForkJoinPool.commonPool-worker-1] INFO  impl.RaftServerImpl (ServerState.java:close(385)) - f001641b-37ec-46f2-975b-c72720f35757@group-EA042F16BDE3: closes. applyIndex: 0
2019-09-25 07:19:30,984 [f13e407e-3550-4add-9ccd-cdd7f285656a@group-006CB1ABFCEE-SegmentedRaftLogWorker] INFO  segmented.SegmentedRaftLogWorker (SegmentedRaftLogWorker.java:run(313)) - f13e407e-3550-4add-9ccd-cdd7f285656a@group-006CB1ABFCEE-SegmentedRaftLogWorker was interrupted, exiting. There are 0 tasks remaining in the queue.
2019-09-25 07:19:30,984 [f001641b-37ec-46f2-975b-c72720f35757@group-EA042F16BDE3-SegmentedRaftLogWorker] INFO  segmented.SegmentedRaftLogWorker (SegmentedRaftLogWorker.java:run(313)) - f001641b-37ec-46f2-975b-c72720f35757@group-EA042F16BDE3-SegmentedRaftLogWorker was interrupted, exiting. There are 0 tasks remaining in the queue.
2019-09-25 07:19:30,984 [Thread-810] INFO  segmented.SegmentedRaftLogWorker (SegmentedRaftLogWorker.java:close(228)) - f13e407e-3550-4add-9ccd-cdd7f285656a@group-006CB1ABFCEE-SegmentedRaftLogWorker close()
2019-09-25 07:19:30,984 [ForkJoinPool.commonPool-worker-1] INFO  segmented.SegmentedRaftLogWorker (SegmentedRaftLogWorker.java:close(228)) - f001641b-37ec-46f2-975b-c72720f35757@group-EA042F16BDE3-SegmentedRaftLogWorker close()
2019-09-25 07:19:30,986 [Thread-810] INFO  impl.RaftServerImpl (RaftServerImpl.java:lambda$shutdown$3(251)) - f13e407e-3550-4add-9ccd-cdd7f285656a@group-D4F55AB9CB4D: shutdown
2019-09-25 07:19:30,987 [ForkJoinPool.commonPool-worker-1] INFO  impl.RaftServerImpl (RaftServerImpl.java:lambda$shutdown$3(251)) - f001641b-37ec-46f2-975b-c72720f35757@group-48E188E92E16: shutdown
2019-09-25 07:19:30,987 [Thread-810] INFO  util.JmxRegister (JmxRegister.java:unregister(73)) - Successfully un-registered JMX Bean with object name Ratis:service=RaftServer,group=group-D4F55AB9CB4D,id=f13e407e-3550-4add-9ccd-cdd7f285656a
2019-09-25 07:19:30,987 [ForkJoinPool.commonPool-worker-1] INFO  util.JmxRegister (JmxRegister.java:unregister(73)) - Successfully un-registered JMX Bean with object name Ratis:service=RaftServer,group=group-48E188E92E16,id=f001641b-37ec-46f2-975b-c72720f35757
2019-09-25 07:19:30,988 [Thread-810] INFO  impl.RoleInfo (RoleInfo.java:shutdownLeaderState(104)) - f13e407e-3550-4add-9ccd-cdd7f285656a: shutdown LeaderState
2019-09-25 07:19:30,988 [ForkJoinPool.commonPool-worker-1] INFO  impl.RoleInfo (RoleInfo.java:shutdownLeaderState(104)) - f001641b-37ec-46f2-975b-c72720f35757: shutdown LeaderState
2019-09-25 07:19:30,988 [Thread-810] INFO  impl.PendingRequests (PendingRequests.java:sendNotLeaderResponses(202)) - f13e407e-3550-4add-9ccd-cdd7f285656a-PendingRequests: sendNotLeaderResponses
2019-09-25 07:19:30,989 [ForkJoinPool.commonPool-worker-1] INFO  impl.PendingRequests (PendingRequests.java:sendNotLeaderResponses(202)) - f001641b-37ec-46f2-975b-c72720f35757-PendingRequests: sendNotLeaderResponses
2019-09-25 07:19:30,989 [Thread-810] INFO  impl.StateMachineUpdater (StateMachineUpdater.java:stopAndJoin(125)) - f13e407e-3550-4add-9ccd-cdd7f285656a@group-D4F55AB9CB4D-StateMachineUpdater: set stopIndex = 0
2019-09-25 07:19:30,989 [ForkJoinPool.commonPool-worker-1] INFO  impl.StateMachineUpdater (StateMachineUpdater.java:stopAndJoin(125)) - f001641b-37ec-46f2-975b-c72720f35757@group-48E188E92E16-StateMachineUpdater: set stopIndex = 0
2019-09-25 07:19:30,990 [Thread-810] INFO  impl.RaftServerImpl (ServerState.java:close(385)) - f13e407e-3550-4add-9ccd-cdd7f285656a@group-D4F55AB9CB4D: closes. applyIndex: 0
2019-09-25 07:19:30,990 [ForkJoinPool.commonPool-worker-1] INFO  impl.RaftServerImpl (ServerState.java:close(385)) - f001641b-37ec-46f2-975b-c72720f35757@group-48E188E92E16: closes. applyIndex: 0
2019-09-25 07:19:30,990 [f13e407e-3550-4add-9ccd-cdd7f285656a@group-D4F55AB9CB4D-SegmentedRaftLogWorker] INFO  segmented.SegmentedRaftLogWorker (SegmentedRaftLogWorker.java:run(313)) - f13e407e-3550-4add-9ccd-cdd7f285656a@group-D4F55AB9CB4D-SegmentedRaftLogWorker was interrupted, exiting. There are 0 tasks remaining in the queue.
2019-09-25 07:19:30,990 [f001641b-37ec-46f2-975b-c72720f35757@group-48E188E92E16-SegmentedRaftLogWorker] INFO  segmented.SegmentedRaftLogWorker (SegmentedRaftLogWorker.java:run(313)) - f001641b-37ec-46f2-975b-c72720f35757@group-48E188E92E16-SegmentedRaftLogWorker was interrupted, exiting. There are 0 tasks remaining in the queue.
2019-09-25 07:19:30,991 [Thread-810] INFO  segmented.SegmentedRaftLogWorker (SegmentedRaftLogWorker.java:close(228)) - f13e407e-3550-4add-9ccd-cdd7f285656a@group-D4F55AB9CB4D-SegmentedRaftLogWorker close()
2019-09-25 07:19:30,991 [ForkJoinPool.commonPool-worker-1] INFO  segmented.SegmentedRaftLogWorker (SegmentedRaftLogWorker.java:close(228)) - f001641b-37ec-46f2-975b-c72720f35757@group-48E188E92E16-SegmentedRaftLogWorker close()
2019-09-25 07:19:30,992 [Thread-810] INFO  impl.RaftServerImpl (RaftServerImpl.java:lambda$shutdown$3(251)) - f13e407e-3550-4add-9ccd-cdd7f285656a@group-BEA34E1C799A: shutdown
2019-09-25 07:19:30,994 [ForkJoinPool.commonPool-worker-1] INFO  impl.RaftServerImpl (RaftServerImpl.java:lambda$shutdown$3(251)) - f001641b-37ec-46f2-975b-c72720f35757@group-3481F08A1CFA: shutdown
2019-09-25 07:19:30,994 [Thread-810] INFO  util.JmxRegister (JmxRegister.java:unregister(73)) - Successfully un-registered JMX Bean with object name Ratis:service=RaftServer,group=group-BEA34E1C799A,id=f13e407e-3550-4add-9ccd-cdd7f285656a
2019-09-25 07:19:30,994 [ForkJoinPool.commonPool-worker-1] INFO  util.JmxRegister (JmxRegister.java:unregister(73)) - Successfully un-registered JMX Bean with object name Ratis:service=RaftServer,group=group-3481F08A1CFA,id=f001641b-37ec-46f2-975b-c72720f35757
2019-09-25 07:19:30,994 [Thread-810] INFO  impl.RoleInfo (RoleInfo.java:shutdownLeaderState(104)) - f13e407e-3550-4add-9ccd-cdd7f285656a: shutdown LeaderState
2019-09-25 07:19:30,995 [ForkJoinPool.commonPool-worker-1] INFO  impl.RoleInfo (RoleInfo.java:shutdownLeaderState(104)) - f001641b-37ec-46f2-975b-c72720f35757: shutdown LeaderState
2019-09-25 07:19:30,995 [Thread-810] INFO  impl.PendingRequests (PendingRequests.java:sendNotLeaderResponses(202)) - f13e407e-3550-4add-9ccd-cdd7f285656a-PendingRequests: sendNotLeaderResponses
2019-09-25 07:19:30,995 [ForkJoinPool.commonPool-worker-1] INFO  impl.PendingRequests (PendingRequests.java:sendNotLeaderResponses(202)) - f001641b-37ec-46f2-975b-c72720f35757-PendingRequests: sendNotLeaderResponses
2019-09-25 07:19:30,996 [Thread-810] INFO  impl.StateMachineUpdater (StateMachineUpdater.java:stopAndJoin(125)) - f13e407e-3550-4add-9ccd-cdd7f285656a@group-BEA34E1C799A-StateMachineUpdater: set stopIndex = 0
2019-09-25 07:19:30,996 [Thread-810] INFO  impl.RaftServerImpl (ServerState.java:close(385)) - f13e407e-3550-4add-9ccd-cdd7f285656a@group-BEA34E1C799A: closes. applyIndex: 0
2019-09-25 07:19:30,996 [ForkJoinPool.commonPool-worker-1] INFO  impl.StateMachineUpdater (StateMachineUpdater.java:stopAndJoin(125)) - f001641b-37ec-46f2-975b-c72720f35757@group-3481F08A1CFA-StateMachineUpdater: set stopIndex = 0
2019-09-25 07:19:30,997 [f13e407e-3550-4add-9ccd-cdd7f285656a@group-BEA34E1C799A-SegmentedRaftLogWorker] INFO  segmented.SegmentedRaftLogWorker (SegmentedRaftLogWorker.java:run(313)) - f13e407e-3550-4add-9ccd-cdd7f285656a@group-BEA34E1C799A-SegmentedRaftLogWorker was interrupted, exiting. There are 0 tasks remaining in the queue.
2019-09-25 07:19:30,997 [ForkJoinPool.commonPool-worker-1] INFO  impl.RaftServerImpl (ServerState.java:close(385)) - f001641b-37ec-46f2-975b-c72720f35757@group-3481F08A1CFA: closes. applyIndex: 0
2019-09-25 07:19:30,997 [Thread-810] INFO  segmented.SegmentedRaftLogWorker (SegmentedRaftLogWorker.java:close(228)) - f13e407e-3550-4add-9ccd-cdd7f285656a@group-BEA34E1C799A-SegmentedRaftLogWorker close()
2019-09-25 07:19:30,997 [f001641b-37ec-46f2-975b-c72720f35757@group-3481F08A1CFA-SegmentedRaftLogWorker] INFO  segmented.SegmentedRaftLogWorker (SegmentedRaftLogWorker.java:run(313)) - f001641b-37ec-46f2-975b-c72720f35757@group-3481F08A1CFA-SegmentedRaftLogWorker was interrupted, exiting. There are 0 tasks remaining in the queue.
2019-09-25 07:19:30,998 [Thread-810] INFO  impl.RaftServerImpl (RaftServerImpl.java:lambda$shutdown$3(251)) - f13e407e-3550-4add-9ccd-cdd7f285656a@group-8FCD70DD4BAB: shutdown
2019-09-25 07:19:30,999 [ForkJoinPool.commonPool-worker-1] INFO  segmented.SegmentedRaftLogWorker (SegmentedRaftLogWorker.java:close(228)) - f001641b-37ec-46f2-975b-c72720f35757@group-3481F08A1CFA-SegmentedRaftLogWorker close()
2019-09-25 07:19:30,999 [Thread-810] INFO  util.JmxRegister (JmxRegister.java:unregister(73)) - Successfully un-registered JMX Bean with object name Ratis:service=RaftServer,group=group-8FCD70DD4BAB,id=f13e407e-3550-4add-9ccd-cdd7f285656a
2019-09-25 07:19:31,000 [ForkJoinPool.commonPool-worker-1] INFO  impl.RaftServerImpl (RaftServerImpl.java:lambda$shutdown$3(251)) - f001641b-37ec-46f2-975b-c72720f35757@group-A89D41705C57: shutdown
2019-09-25 07:19:31,001 [Thread-810] INFO  impl.RoleInfo (RoleInfo.java:shutdownLeaderState(104)) - f13e407e-3550-4add-9ccd-cdd7f285656a: shutdown LeaderState
2019-09-25 07:19:31,001 [ForkJoinPool.commonPool-worker-1] INFO  util.JmxRegister (JmxRegister.java:unregister(73)) - Successfully un-registered JMX Bean with object name Ratis:service=RaftServer,group=group-A89D41705C57,id=f001641b-37ec-46f2-975b-c72720f35757
2019-09-25 07:19:31,001 [Thread-810] INFO  impl.PendingRequests (PendingRequests.java:sendNotLeaderResponses(202)) - f13e407e-3550-4add-9ccd-cdd7f285656a-PendingRequests: sendNotLeaderResponses
2019-09-25 07:19:31,001 [ForkJoinPool.commonPool-worker-1] INFO  impl.RoleInfo (RoleInfo.java:shutdownLeaderState(104)) - f001641b-37ec-46f2-975b-c72720f35757: shutdown LeaderState
2019-09-25 07:19:31,002 [Thread-810] INFO  impl.StateMachineUpdater (StateMachineUpdater.java:stopAndJoin(125)) - f13e407e-3550-4add-9ccd-cdd7f285656a@group-8FCD70DD4BAB-StateMachineUpdater: set stopIndex = 0
2019-09-25 07:19:31,002 [Thread-810] INFO  impl.RaftServerImpl (ServerState.java:close(385)) - f13e407e-3550-4add-9ccd-cdd7f285656a@group-8FCD70DD4BAB: closes. applyIndex: 0
2019-09-25 07:19:31,002 [ForkJoinPool.commonPool-worker-1] INFO  impl.PendingRequests (PendingRequests.java:sendNotLeaderResponses(202)) - f001641b-37ec-46f2-975b-c72720f35757-PendingRequests: sendNotLeaderResponses
2019-09-25 07:19:31,003 [f13e407e-3550-4add-9ccd-cdd7f285656a@group-8FCD70DD4BAB-SegmentedRaftLogWorker] INFO  segmented.SegmentedRaftLogWorker (SegmentedRaftLogWorker.java:run(313)) - f13e407e-3550-4add-9ccd-cdd7f285656a@group-8FCD70DD4BAB-SegmentedRaftLogWorker was interrupted, exiting. There are 0 tasks remaining in the queue.
2019-09-25 07:19:31,003 [ForkJoinPool.commonPool-worker-1] INFO  impl.StateMachineUpdater (StateMachineUpdater.java:stopAndJoin(125)) - f001641b-37ec-46f2-975b-c72720f35757@group-A89D41705C57-StateMachineUpdater: set stopIndex = 0
2019-09-25 07:19:31,003 [Thread-810] INFO  segmented.SegmentedRaftLogWorker (SegmentedRaftLogWorker.java:close(228)) - f13e407e-3550-4add-9ccd-cdd7f285656a@group-8FCD70DD4BAB-SegmentedRaftLogWorker close()
2019-09-25 07:19:31,003 [ForkJoinPool.commonPool-worker-1] INFO  impl.RaftServerImpl (ServerState.java:close(385)) - f001641b-37ec-46f2-975b-c72720f35757@group-A89D41705C57: closes. applyIndex: 0
2019-09-25 07:19:31,004 [Thread-810] INFO  impl.RaftServerImpl (RaftServerImpl.java:lambda$shutdown$3(251)) - f13e407e-3550-4add-9ccd-cdd7f285656a@group-6B5462772762: shutdown
2019-09-25 07:19:31,005 [f001641b-37ec-46f2-975b-c72720f35757@group-A89D41705C57-SegmentedRaftLogWorker] INFO  segmented.SegmentedRaftLogWorker (SegmentedRaftLogWorker.java:run(313)) - f001641b-37ec-46f2-975b-c72720f35757@group-A89D41705C57-SegmentedRaftLogWorker was interrupted, exiting. There are 0 tasks remaining in the queue.
2019-09-25 07:19:31,005 [Thread-810] INFO  util.JmxRegister (JmxRegister.java:unregister(73)) - Successfully un-registered JMX Bean with object name Ratis:service=RaftServer,group=group-6B5462772762,id=f13e407e-3550-4add-9ccd-cdd7f285656a
2019-09-25 07:19:31,005 [ForkJoinPool.commonPool-worker-1] INFO  segmented.SegmentedRaftLogWorker (SegmentedRaftLogWorker.java:close(228)) - f001641b-37ec-46f2-975b-c72720f35757@group-A89D41705C57-SegmentedRaftLogWorker close()
2019-09-25 07:19:31,005 [Thread-810] INFO  impl.RoleInfo (RoleInfo.java:shutdownLeaderState(104)) - f13e407e-3550-4add-9ccd-cdd7f285656a: shutdown LeaderState
2019-09-25 07:19:31,006 [ForkJoinPool.commonPool-worker-1] INFO  impl.RaftServerImpl (RaftServerImpl.java:lambda$shutdown$3(251)) - f001641b-37ec-46f2-975b-c72720f35757@group-BE613BF644D4: shutdown
2019-09-25 07:19:31,007 [Thread-810] INFO  impl.PendingRequests (PendingRequests.java:sendNotLeaderResponses(202)) - f13e407e-3550-4add-9ccd-cdd7f285656a-PendingRequests: sendNotLeaderResponses
2019-09-25 07:19:31,007 [ForkJoinPool.commonPool-worker-1] INFO  util.JmxRegister (JmxRegister.java:unregister(73)) - Successfully un-registered JMX Bean with object name Ratis:service=RaftServer,group=group-BE613BF644D4,id=f001641b-37ec-46f2-975b-c72720f35757
2019-09-25 07:19:31,007 [Thread-810] INFO  impl.StateMachineUpdater (StateMachineUpdater.java:stopAndJoin(125)) - f13e407e-3550-4add-9ccd-cdd7f285656a@group-6B5462772762-StateMachineUpdater: set stopIndex = 0
2019-09-25 07:19:31,008 [Thread-810] INFO  impl.RaftServerImpl (ServerState.java:close(385)) - f13e407e-3550-4add-9ccd-cdd7f285656a@group-6B5462772762: closes. applyIndex: 0
2019-09-25 07:19:31,007 [ForkJoinPool.commonPool-worker-1] INFO  impl.RoleInfo (RoleInfo.java:shutdownLeaderState(104)) - f001641b-37ec-46f2-975b-c72720f35757: shutdown LeaderState
2019-09-25 07:19:31,008 [f13e407e-3550-4add-9ccd-cdd7f285656a@group-6B5462772762-SegmentedRaftLogWorker] INFO  segmented.SegmentedRaftLogWorker (SegmentedRaftLogWorker.java:run(313)) - f13e407e-3550-4add-9ccd-cdd7f285656a@group-6B5462772762-SegmentedRaftLogWorker was interrupted, exiting. There are 0 tasks remaining in the queue.
2019-09-25 07:19:31,008 [ForkJoinPool.commonPool-worker-1] INFO  impl.PendingRequests (PendingRequests.java:sendNotLeaderResponses(202)) - f001641b-37ec-46f2-975b-c72720f35757-PendingRequests: sendNotLeaderResponses
2019-09-25 07:19:31,009 [Thread-810] INFO  segmented.SegmentedRaftLogWorker (SegmentedRaftLogWorker.java:close(228)) - f13e407e-3550-4add-9ccd-cdd7f285656a@group-6B5462772762-SegmentedRaftLogWorker close()
2019-09-25 07:19:31,009 [ForkJoinPool.commonPool-worker-1] INFO  impl.StateMachineUpdater (StateMachineUpdater.java:stopAndJoin(125)) - f001641b-37ec-46f2-975b-c72720f35757@group-BE613BF644D4-StateMachineUpdater: set stopIndex = 0
2019-09-25 07:19:31,010 [Thread-810] INFO  server.GrpcService (GrpcService.java:closeImpl(164)) - f13e407e-3550-4add-9ccd-cdd7f285656a: shutdown server with port 34297 now
2019-09-25 07:19:31,010 [ForkJoinPool.commonPool-worker-1] INFO  impl.RaftServerImpl (ServerState.java:close(385)) - f001641b-37ec-46f2-975b-c72720f35757@group-BE613BF644D4: closes. applyIndex: 0
2019-09-25 07:19:31,011 [f001641b-37ec-46f2-975b-c72720f35757@group-BE613BF644D4-SegmentedRaftLogWorker] INFO  segmented.SegmentedRaftLogWorker (SegmentedRaftLogWorker.java:run(313)) - f001641b-37ec-46f2-975b-c72720f35757@group-BE613BF644D4-SegmentedRaftLogWorker was interrupted, exiting. There are 0 tasks remaining in the queue.
2019-09-25 07:19:31,012 [Thread-810] INFO  server.GrpcService (GrpcService.java:closeImpl(172)) - f13e407e-3550-4add-9ccd-cdd7f285656a: shutdown server with port 34297 successfully
2019-09-25 07:19:31,012 [ForkJoinPool.commonPool-worker-1] INFO  segmented.SegmentedRaftLogWorker (SegmentedRaftLogWorker.java:close(228)) - f001641b-37ec-46f2-975b-c72720f35757@group-BE613BF644D4-SegmentedRaftLogWorker close()
2019-09-25 07:19:31,014 [ForkJoinPool.commonPool-worker-1] INFO  server.GrpcService (GrpcService.java:closeImpl(164)) - f001641b-37ec-46f2-975b-c72720f35757: shutdown server with port 35375 now
2019-09-25 07:19:31,016 [ForkJoinPool.commonPool-worker-1] INFO  server.GrpcService (GrpcService.java:closeImpl(172)) - f001641b-37ec-46f2-975b-c72720f35757: shutdown server with port 35375 successfully
2019-09-25 07:19:31,017 [refreshUsed-/workdir/hadoop-ozone/ozonefs/target/test-dir/MiniOzoneClusterImpl-3fce1b0a-df6a-4342-ad64-1814f71f3ecd/datanode-0/data/containers] WARN  fs.CachingGetSpaceUsed (CachingGetSpaceUsed.java:run(183)) - Thread Interrupted waiting to refresh disk information: sleep interrupted
2019-09-25 07:19:31,020 [refreshUsed-/workdir/hadoop-ozone/ozonefs/target/test-dir/MiniOzoneClusterImpl-3fce1b0a-df6a-4342-ad64-1814f71f3ecd/datanode-1/data/containers] WARN  fs.CachingGetSpaceUsed (CachingGetSpaceUsed.java:run(183)) - Thread Interrupted waiting to refresh disk information: sleep interrupted
2019-09-25 07:19:31,038 [ForkJoinPool.commonPool-worker-1] INFO  utils.BackgroundService (BackgroundService.java:shutdown(148)) - Shutting down service BlockDeletingService
2019-09-25 07:19:31,043 [ForkJoinPool.commonPool-worker-1] INFO  statemachine.DatanodeStateMachine (DatanodeStateMachine.java:stopDaemon(395)) - Ozone container server stopped.
2019-09-25 07:19:31,047 [ForkJoinPool.commonPool-worker-1] INFO  handler.ContextHandler (ContextHandler.java:doStop(910)) - Stopped o.e.j.w.WebAppContext@65eb764c{/,null,UNAVAILABLE}{/hddsDatanode}
2019-09-25 07:19:31,048 [Thread-810] INFO  utils.BackgroundService (BackgroundService.java:shutdown(148)) - Shutting down service BlockDeletingService
2019-09-25 07:19:31,048 [ForkJoinPool.commonPool-worker-1] INFO  server.AbstractConnector (AbstractConnector.java:doStop(318)) - Stopped ServerConnector@7a6f33c6{HTTP/1.1,[http/1.1]}{0.0.0.0:0}
2019-09-25 07:19:31,049 [ForkJoinPool.commonPool-worker-1] INFO  handler.ContextHandler (ContextHandler.java:doStop(910)) - Stopped o.e.j.s.ServletContextHandler@ba15848{/static,jar:file:/home/user/.m2/repository/org/apache/hadoop/hadoop-hdds-container-service/0.5.0-SNAPSHOT/hadoop-hdds-container-service-0.5.0-SNAPSHOT.jar!/webapps/static,UNAVAILABLE}
2019-09-25 07:19:31,052 [ForkJoinPool.commonPool-worker-1] INFO  handler.ContextHandler (ContextHandler.java:doStop(910)) - Stopped o.e.j.s.ServletContextHandler@2a30ea8e{/logs,file:///workdir/hadoop-ozone/ozonefs/target/log,UNAVAILABLE}
2019-09-25 07:19:31,053 [Thread-810] INFO  statemachine.DatanodeStateMachine (DatanodeStateMachine.java:stopDaemon(395)) - Ozone container server stopped.
2019-09-25 07:19:31,054 [Thread-810] INFO  handler.ContextHandler (ContextHandler.java:doStop(910)) - Stopped o.e.j.w.WebAppContext@146627c{/,null,UNAVAILABLE}{/hddsDatanode}
2019-09-25 07:19:31,055 [Thread-810] INFO  server.AbstractConnector (AbstractConnector.java:doStop(318)) - Stopped ServerConnector@702f8bef{HTTP/1.1,[http/1.1]}{0.0.0.0:0}
2019-09-25 07:19:31,055 [Thread-810] INFO  handler.ContextHandler (ContextHandler.java:doStop(910)) - Stopped o.e.j.s.ServletContextHandler@4c9f6a0b{/static,jar:file:/home/user/.m2/repository/org/apache/hadoop/hadoop-hdds-container-service/0.5.0-SNAPSHOT/hadoop-hdds-container-service-0.5.0-SNAPSHOT.jar!/webapps/static,UNAVAILABLE}
2019-09-25 07:19:31,055 [Thread-810] INFO  handler.ContextHandler (ContextHandler.java:doStop(910)) - Stopped o.e.j.s.ServletContextHandler@532fd671{/logs,file:///workdir/hadoop-ozone/ozonefs/target/log,UNAVAILABLE}
2019-09-25 07:19:31,836 [Datanode State Machine Thread - 0] INFO  statemachine.DatanodeStateMachine (DatanodeStateMachine.java:lambda$startDaemon$0(350)) - Ozone container server started.
2019-09-25 07:19:36,054 [ForkJoinPool.commonPool-worker-1] INFO  ozoneimpl.OzoneContainer (OzoneContainer.java:stop(231)) - Attempting to stop container services.
2019-09-25 07:19:36,055 [ForkJoinPool.commonPool-worker-1] INFO  impl.RaftServerProxy (RaftServerProxy.java:lambda$close$4(314)) - e3324a52-b217-41e5-a9e7-1ad29ddf9356: close
2019-09-25 07:19:36,055 [ForkJoinPool.commonPool-worker-1] INFO  impl.RaftServerImpl (RaftServerImpl.java:lambda$shutdown$3(251)) - e3324a52-b217-41e5-a9e7-1ad29ddf9356@group-B57BD563C974: shutdown
2019-09-25 07:19:36,055 [ForkJoinPool.commonPool-worker-1] INFO  util.JmxRegister (JmxRegister.java:unregister(73)) - Successfully un-registered JMX Bean with object name Ratis:service=RaftServer,group=group-B57BD563C974,id=e3324a52-b217-41e5-a9e7-1ad29ddf9356
2019-09-25 07:19:36,055 [ForkJoinPool.commonPool-worker-1] INFO  impl.RoleInfo (RoleInfo.java:shutdownLeaderState(104)) - e3324a52-b217-41e5-a9e7-1ad29ddf9356: shutdown LeaderState
2019-09-25 07:19:36,056 [ForkJoinPool.commonPool-worker-1] INFO  impl.PendingRequests (PendingRequests.java:sendNotLeaderResponses(202)) - e3324a52-b217-41e5-a9e7-1ad29ddf9356-PendingRequests: sendNotLeaderResponses
2019-09-25 07:19:36,056 [ForkJoinPool.commonPool-worker-1] INFO  impl.StateMachineUpdater (StateMachineUpdater.java:stopAndJoin(125)) - e3324a52-b217-41e5-a9e7-1ad29ddf9356@group-B57BD563C974-StateMachineUpdater: set stopIndex = 0
2019-09-25 07:19:36,056 [ForkJoinPool.commonPool-worker-1] INFO  impl.RaftServerImpl (ServerState.java:close(385)) - e3324a52-b217-41e5-a9e7-1ad29ddf9356@group-B57BD563C974: closes. applyIndex: 0
2019-09-25 07:19:36,057 [e3324a52-b217-41e5-a9e7-1ad29ddf9356@group-B57BD563C974-SegmentedRaftLogWorker] INFO  segmented.SegmentedRaftLogWorker (SegmentedRaftLogWorker.java:run(313)) - e3324a52-b217-41e5-a9e7-1ad29ddf9356@group-B57BD563C974-SegmentedRaftLogWorker was interrupted, exiting. There are 0 tasks remaining in the queue.
2019-09-25 07:19:36,057 [ForkJoinPool.commonPool-worker-1] INFO  segmented.SegmentedRaftLogWorker (SegmentedRaftLogWorker.java:close(228)) - e3324a52-b217-41e5-a9e7-1ad29ddf9356@group-B57BD563C974-SegmentedRaftLogWorker close()
2019-09-25 07:19:36,059 [ForkJoinPool.commonPool-worker-1] INFO  impl.RaftServerImpl (RaftServerImpl.java:lambda$shutdown$3(251)) - e3324a52-b217-41e5-a9e7-1ad29ddf9356@group-CBA1DDD43912: shutdown
2019-09-25 07:19:36,060 [ForkJoinPool.commonPool-worker-1] INFO  util.JmxRegister (JmxRegister.java:unregister(73)) - Successfully un-registered JMX Bean with object name Ratis:service=RaftServer,group=group-CBA1DDD43912,id=e3324a52-b217-41e5-a9e7-1ad29ddf9356
2019-09-25 07:19:36,060 [ForkJoinPool.commonPool-worker-1] INFO  impl.RoleInfo (RoleInfo.java:shutdownLeaderState(104)) - e3324a52-b217-41e5-a9e7-1ad29ddf9356: shutdown LeaderState
2019-09-25 07:19:36,060 [ForkJoinPool.commonPool-worker-1] INFO  impl.PendingRequests (PendingRequests.java:sendNotLeaderResponses(202)) - e3324a52-b217-41e5-a9e7-1ad29ddf9356-PendingRequests: sendNotLeaderResponses
2019-09-25 07:19:36,061 [ForkJoinPool.commonPool-worker-1] INFO  impl.StateMachineUpdater (StateMachineUpdater.java:stopAndJoin(125)) - e3324a52-b217-41e5-a9e7-1ad29ddf9356@group-CBA1DDD43912-StateMachineUpdater: set stopIndex = 0
2019-09-25 07:19:36,061 [ForkJoinPool.commonPool-worker-1] INFO  impl.RaftServerImpl (ServerState.java:close(385)) - e3324a52-b217-41e5-a9e7-1ad29ddf9356@group-CBA1DDD43912: closes. applyIndex: 0
2019-09-25 07:19:36,061 [e3324a52-b217-41e5-a9e7-1ad29ddf9356@group-CBA1DDD43912-SegmentedRaftLogWorker] INFO  segmented.SegmentedRaftLogWorker (SegmentedRaftLogWorker.java:run(313)) - e3324a52-b217-41e5-a9e7-1ad29ddf9356@group-CBA1DDD43912-SegmentedRaftLogWorker was interrupted, exiting. There are 0 tasks remaining in the queue.
2019-09-25 07:19:36,070 [ForkJoinPool.commonPool-worker-1] INFO  segmented.SegmentedRaftLogWorker (SegmentedRaftLogWorker.java:close(228)) - e3324a52-b217-41e5-a9e7-1ad29ddf9356@group-CBA1DDD43912-SegmentedRaftLogWorker close()
2019-09-25 07:19:36,072 [ForkJoinPool.commonPool-worker-1] INFO  impl.RaftServerImpl (RaftServerImpl.java:lambda$shutdown$3(251)) - e3324a52-b217-41e5-a9e7-1ad29ddf9356@group-4A9BE2D4DC2F: shutdown
2019-09-25 07:19:36,072 [ForkJoinPool.commonPool-worker-1] INFO  util.JmxRegister (JmxRegister.java:unregister(73)) - Successfully un-registered JMX Bean with object name Ratis:service=RaftServer,group=group-4A9BE2D4DC2F,id=e3324a52-b217-41e5-a9e7-1ad29ddf9356
2019-09-25 07:19:36,072 [ForkJoinPool.commonPool-worker-1] INFO  impl.RoleInfo (RoleInfo.java:shutdownLeaderState(104)) - e3324a52-b217-41e5-a9e7-1ad29ddf9356: shutdown LeaderState
2019-09-25 07:19:36,073 [ForkJoinPool.commonPool-worker-1] INFO  impl.PendingRequests (PendingRequests.java:sendNotLeaderResponses(202)) - e3324a52-b217-41e5-a9e7-1ad29ddf9356-PendingRequests: sendNotLeaderResponses
2019-09-25 07:19:36,073 [ForkJoinPool.commonPool-worker-1] INFO  impl.StateMachineUpdater (StateMachineUpdater.java:stopAndJoin(125)) - e3324a52-b217-41e5-a9e7-1ad29ddf9356@group-4A9BE2D4DC2F-StateMachineUpdater: set stopIndex = 0
2019-09-25 07:19:36,073 [ForkJoinPool.commonPool-worker-1] INFO  impl.RaftServerImpl (ServerState.java:close(385)) - e3324a52-b217-41e5-a9e7-1ad29ddf9356@group-4A9BE2D4DC2F: closes. applyIndex: 0
2019-09-25 07:19:36,074 [e3324a52-b217-41e5-a9e7-1ad29ddf9356@group-4A9BE2D4DC2F-SegmentedRaftLogWorker] INFO  segmented.SegmentedRaftLogWorker (SegmentedRaftLogWorker.java:run(313)) - e3324a52-b217-41e5-a9e7-1ad29ddf9356@group-4A9BE2D4DC2F-SegmentedRaftLogWorker was interrupted, exiting. There are 0 tasks remaining in the queue.
2019-09-25 07:19:36,074 [ForkJoinPool.commonPool-worker-1] INFO  segmented.SegmentedRaftLogWorker (SegmentedRaftLogWorker.java:close(228)) - e3324a52-b217-41e5-a9e7-1ad29ddf9356@group-4A9BE2D4DC2F-SegmentedRaftLogWorker close()
2019-09-25 07:19:36,075 [ForkJoinPool.commonPool-worker-1] INFO  impl.RaftServerImpl (RaftServerImpl.java:lambda$shutdown$3(251)) - e3324a52-b217-41e5-a9e7-1ad29ddf9356@group-194D034CC7A6: shutdown
2019-09-25 07:19:36,076 [ForkJoinPool.commonPool-worker-1] INFO  util.JmxRegister (JmxRegister.java:unregister(73)) - Successfully un-registered JMX Bean with object name Ratis:service=RaftServer,group=group-194D034CC7A6,id=e3324a52-b217-41e5-a9e7-1ad29ddf9356
2019-09-25 07:19:36,076 [ForkJoinPool.commonPool-worker-1] INFO  impl.RoleInfo (RoleInfo.java:shutdownLeaderState(104)) - e3324a52-b217-41e5-a9e7-1ad29ddf9356: shutdown LeaderState
2019-09-25 07:19:36,076 [ForkJoinPool.commonPool-worker-1] INFO  impl.PendingRequests (PendingRequests.java:sendNotLeaderResponses(202)) - e3324a52-b217-41e5-a9e7-1ad29ddf9356-PendingRequests: sendNotLeaderResponses
2019-09-25 07:19:36,076 [ForkJoinPool.commonPool-worker-1] INFO  impl.StateMachineUpdater (StateMachineUpdater.java:stopAndJoin(125)) - e3324a52-b217-41e5-a9e7-1ad29ddf9356@group-194D034CC7A6-StateMachineUpdater: set stopIndex = 0
2019-09-25 07:19:36,077 [ForkJoinPool.commonPool-worker-1] INFO  impl.RaftServerImpl (ServerState.java:close(385)) - e3324a52-b217-41e5-a9e7-1ad29ddf9356@group-194D034CC7A6: closes. applyIndex: 0
2019-09-25 07:19:36,077 [e3324a52-b217-41e5-a9e7-1ad29ddf9356@group-194D034CC7A6-SegmentedRaftLogWorker] INFO  segmented.SegmentedRaftLogWorker (SegmentedRaftLogWorker.java:run(313)) - e3324a52-b217-41e5-a9e7-1ad29ddf9356@group-194D034CC7A6-SegmentedRaftLogWorker was interrupted, exiting. There are 0 tasks remaining in the queue.
2019-09-25 07:19:36,077 [ForkJoinPool.commonPool-worker-1] INFO  segmented.SegmentedRaftLogWorker (SegmentedRaftLogWorker.java:close(228)) - e3324a52-b217-41e5-a9e7-1ad29ddf9356@group-194D034CC7A6-SegmentedRaftLogWorker close()
2019-09-25 07:19:36,079 [ForkJoinPool.commonPool-worker-1] INFO  impl.RaftServerImpl (RaftServerImpl.java:lambda$shutdown$3(251)) - e3324a52-b217-41e5-a9e7-1ad29ddf9356@group-40882B41C37D: shutdown
2019-09-25 07:19:36,079 [ForkJoinPool.commonPool-worker-1] INFO  util.JmxRegister (JmxRegister.java:unregister(73)) - Successfully un-registered JMX Bean with object name Ratis:service=RaftServer,group=group-40882B41C37D,id=e3324a52-b217-41e5-a9e7-1ad29ddf9356
2019-09-25 07:19:36,079 [ForkJoinPool.commonPool-worker-1] INFO  impl.RoleInfo (RoleInfo.java:shutdownLeaderState(104)) - e3324a52-b217-41e5-a9e7-1ad29ddf9356: shutdown LeaderState
2019-09-25 07:19:36,080 [ForkJoinPool.commonPool-worker-1] INFO  impl.PendingRequests (PendingRequests.java:sendNotLeaderResponses(202)) - e3324a52-b217-41e5-a9e7-1ad29ddf9356-PendingRequests: sendNotLeaderResponses
2019-09-25 07:19:36,080 [ForkJoinPool.commonPool-worker-1] INFO  impl.StateMachineUpdater (StateMachineUpdater.java:stopAndJoin(125)) - e3324a52-b217-41e5-a9e7-1ad29ddf9356@group-40882B41C37D-StateMachineUpdater: set stopIndex = 0
2019-09-25 07:19:36,080 [ForkJoinPool.commonPool-worker-1] INFO  impl.RaftServerImpl (ServerState.java:close(385)) - e3324a52-b217-41e5-a9e7-1ad29ddf9356@group-40882B41C37D: closes. applyIndex: 0
2019-09-25 07:19:36,080 [e3324a52-b217-41e5-a9e7-1ad29ddf9356@group-40882B41C37D-SegmentedRaftLogWorker] INFO  segmented.SegmentedRaftLogWorker (SegmentedRaftLogWorker.java:run(313)) - e3324a52-b217-41e5-a9e7-1ad29ddf9356@group-40882B41C37D-SegmentedRaftLogWorker was interrupted, exiting. There are 0 tasks remaining in the queue.
2019-09-25 07:19:36,081 [ForkJoinPool.commonPool-worker-1] INFO  segmented.SegmentedRaftLogWorker (SegmentedRaftLogWorker.java:close(228)) - e3324a52-b217-41e5-a9e7-1ad29ddf9356@group-40882B41C37D-SegmentedRaftLogWorker close()
2019-09-25 07:19:36,082 [ForkJoinPool.commonPool-worker-1] INFO  impl.RaftServerImpl (RaftServerImpl.java:lambda$shutdown$3(251)) - e3324a52-b217-41e5-a9e7-1ad29ddf9356@group-6607E92E69FE: shutdown
2019-09-25 07:19:36,082 [ForkJoinPool.commonPool-worker-1] INFO  util.JmxRegister (JmxRegister.java:unregister(73)) - Successfully un-registered JMX Bean with object name Ratis:service=RaftServer,group=group-6607E92E69FE,id=e3324a52-b217-41e5-a9e7-1ad29ddf9356
2019-09-25 07:19:36,083 [ForkJoinPool.commonPool-worker-1] INFO  impl.RoleInfo (RoleInfo.java:shutdownLeaderState(104)) - e3324a52-b217-41e5-a9e7-1ad29ddf9356: shutdown LeaderState
2019-09-25 07:19:36,083 [ForkJoinPool.commonPool-worker-1] INFO  impl.PendingRequests (PendingRequests.java:sendNotLeaderResponses(202)) - e3324a52-b217-41e5-a9e7-1ad29ddf9356-PendingRequests: sendNotLeaderResponses
2019-09-25 07:19:36,083 [ForkJoinPool.commonPool-worker-1] INFO  impl.StateMachineUpdater (StateMachineUpdater.java:stopAndJoin(125)) - e3324a52-b217-41e5-a9e7-1ad29ddf9356@group-6607E92E69FE-StateMachineUpdater: set stopIndex = 0
2019-09-25 07:19:36,083 [ForkJoinPool.commonPool-worker-1] INFO  impl.RaftServerImpl (ServerState.java:close(385)) - e3324a52-b217-41e5-a9e7-1ad29ddf9356@group-6607E92E69FE: closes. applyIndex: 0
2019-09-25 07:19:36,084 [e3324a52-b217-41e5-a9e7-1ad29ddf9356@group-6607E92E69FE-SegmentedRaftLogWorker] INFO  segmented.SegmentedRaftLogWorker (SegmentedRaftLogWorker.java:run(313)) - e3324a52-b217-41e5-a9e7-1ad29ddf9356@group-6607E92E69FE-SegmentedRaftLogWorker was interrupted, exiting. There are 0 tasks remaining in the queue.
2019-09-25 07:19:36,084 [ForkJoinPool.commonPool-worker-1] INFO  segmented.SegmentedRaftLogWorker (SegmentedRaftLogWorker.java:close(228)) - e3324a52-b217-41e5-a9e7-1ad29ddf9356@group-6607E92E69FE-SegmentedRaftLogWorker close()
2019-09-25 07:19:36,086 [ForkJoinPool.commonPool-worker-1] INFO  server.GrpcService (GrpcService.java:closeImpl(164)) - e3324a52-b217-41e5-a9e7-1ad29ddf9356: shutdown server with port 44422 now
2019-09-25 07:19:36,087 [ForkJoinPool.commonPool-worker-1] INFO  server.GrpcService (GrpcService.java:closeImpl(172)) - e3324a52-b217-41e5-a9e7-1ad29ddf9356: shutdown server with port 44422 successfully
2019-09-25 07:19:36,089 [refreshUsed-/workdir/hadoop-ozone/ozonefs/target/test-dir/MiniOzoneClusterImpl-3fce1b0a-df6a-4342-ad64-1814f71f3ecd/datanode-2/data/containers] WARN  fs.CachingGetSpaceUsed (CachingGetSpaceUsed.java:run(183)) - Thread Interrupted waiting to refresh disk information: sleep interrupted
2019-09-25 07:19:36,113 [ForkJoinPool.commonPool-worker-1] INFO  utils.BackgroundService (BackgroundService.java:shutdown(148)) - Shutting down service BlockDeletingService
2019-09-25 07:19:36,116 [ForkJoinPool.commonPool-worker-1] INFO  statemachine.DatanodeStateMachine (DatanodeStateMachine.java:stopDaemon(395)) - Ozone container server stopped.
2019-09-25 07:19:36,120 [ForkJoinPool.commonPool-worker-1] INFO  handler.ContextHandler (ContextHandler.java:doStop(910)) - Stopped o.e.j.w.WebAppContext@58c8366f{/,null,UNAVAILABLE}{/hddsDatanode}
2019-09-25 07:19:36,120 [ForkJoinPool.commonPool-worker-1] INFO  server.AbstractConnector (AbstractConnector.java:doStop(318)) - Stopped ServerConnector@6e14fef2{HTTP/1.1,[http/1.1]}{0.0.0.0:0}
2019-09-25 07:19:36,126 [ForkJoinPool.commonPool-worker-1] INFO  handler.ContextHandler (ContextHandler.java:doStop(910)) - Stopped o.e.j.s.ServletContextHandler@2e0939fc{/static,jar:file:/home/user/.m2/repository/org/apache/hadoop/hadoop-hdds-container-service/0.5.0-SNAPSHOT/hadoop-hdds-container-service-0.5.0-SNAPSHOT.jar!/webapps/static,UNAVAILABLE}
2019-09-25 07:19:36,126 [ForkJoinPool.commonPool-worker-1] INFO  handler.ContextHandler (ContextHandler.java:doStop(910)) - Stopped o.e.j.s.ServletContextHandler@18026645{/logs,file:///workdir/hadoop-ozone/ozonefs/target/log,UNAVAILABLE}
2019-09-25 07:19:36,127 [Thread-810] INFO  ozone.MiniOzoneClusterImpl (MiniOzoneClusterImpl.java:stopSCM(392)) - Stopping the StorageContainerManager
2019-09-25 07:19:36,127 [Thread-810] INFO  server.StorageContainerManager (StorageContainerManager.java:stop(808)) - Stopping Replication Manager Service.
2019-09-25 07:19:36,127 [Thread-810] INFO  container.ReplicationManager (ReplicationManager.java:stop(204)) - Stopping Replication Monitor Thread.
2019-09-25 07:19:36,128 [Thread-810] INFO  server.StorageContainerManager (StorageContainerManager.java:stop(815)) - Stopping Lease Manager of the command watchers
2019-09-25 07:19:36,128 [Thread-810] INFO  server.StorageContainerManager (StorageContainerManager.java:stop(822)) - Stopping datanode service RPC server
2019-09-25 07:19:36,128 [Thread-810] INFO  server.SCMDatanodeProtocolServer (SCMDatanodeProtocolServer.java:stop(367)) - Stopping the RPC server for DataNodes
2019-09-25 07:19:36,128 [Thread-810] INFO  ipc.Server (Server.java:stop(3082)) - Stopping server on 40027
2019-09-25 07:19:36,129 [IPC Server listener on 40027] INFO  ipc.Server (Server.java:run(1185)) - Stopping IPC Server listener on 40027
2019-09-25 07:19:36,129 [IPC Server Responder] INFO  ipc.Server (Server.java:run(1319)) - Stopping IPC Server Responder
2019-09-25 07:19:36,216 [SCM Heartbeat Processing Thread - 0] WARN  node.NodeStateManager (NodeStateManager.java:scheduleNextHealthCheck(655)) - Current Thread is interrupted, shutting down HB processing thread for Node Manager.
2019-09-25 07:19:36,216 [Thread-810] INFO  server.StorageContainerManager (StorageContainerManager.java:stop(830)) - Stopping block service RPC server
2019-09-25 07:19:36,216 [Thread-810] INFO  server.SCMBlockProtocolServer (SCMBlockProtocolServer.java:stop(155)) - Stopping the RPC server for Block Protocol
2019-09-25 07:19:36,216 [Thread-810] INFO  ipc.Server (Server.java:stop(3082)) - Stopping server on 42726
2019-09-25 07:19:36,218 [IPC Server listener on 42726] INFO  ipc.Server (Server.java:run(1185)) - Stopping IPC Server listener on 42726
2019-09-25 07:19:36,218 [IPC Server Responder] INFO  ipc.Server (Server.java:run(1319)) - Stopping IPC Server Responder
2019-09-25 07:19:36,218 [Thread-810] INFO  server.StorageContainerManager (StorageContainerManager.java:stop(837)) - Stopping the StorageContainerLocationProtocol RPC server
2019-09-25 07:19:36,220 [Thread-810] INFO  server.SCMClientProtocolServer (SCMClientProtocolServer.java:stop(159)) - Stopping the RPC server for Client Protocol
2019-09-25 07:19:36,220 [Thread-810] INFO  ipc.Server (Server.java:stop(3082)) - Stopping server on 42590
2019-09-25 07:19:36,221 [IPC Server listener on 42590] INFO  ipc.Server (Server.java:run(1185)) - Stopping IPC Server listener on 42590
2019-09-25 07:19:36,221 [Thread-810] INFO  server.StorageContainerManager (StorageContainerManager.java:stop(844)) - Stopping Storage Container Manager HTTP server.
2019-09-25 07:19:36,223 [IPC Server Responder] INFO  ipc.Server (Server.java:run(1319)) - Stopping IPC Server Responder
2019-09-25 07:19:36,224 [Thread-810] INFO  handler.ContextHandler (ContextHandler.java:doStop(910)) - Stopped o.e.j.w.WebAppContext@2b856718{/,null,UNAVAILABLE}{/scm}
2019-09-25 07:19:36,224 [Thread-810] INFO  server.AbstractConnector (AbstractConnector.java:doStop(318)) - Stopped ServerConnector@2ab77c75{HTTP/1.1,[http/1.1]}{0.0.0.0:0}
2019-09-25 07:19:36,225 [Thread-810] INFO  handler.ContextHandler (ContextHandler.java:doStop(910)) - Stopped o.e.j.s.ServletContextHandler@446df638{/static,jar:file:/home/user/.m2/repository/org/apache/hadoop/hadoop-hdds-server-scm/0.5.0-SNAPSHOT/hadoop-hdds-server-scm-0.5.0-SNAPSHOT.jar!/webapps/static,UNAVAILABLE}
2019-09-25 07:19:36,225 [Thread-810] INFO  handler.ContextHandler (ContextHandler.java:doStop(910)) - Stopped o.e.j.s.ServletContextHandler@497a69d0{/logs,file:///workdir/hadoop-ozone/ozonefs/target/log,UNAVAILABLE}
2019-09-25 07:19:36,226 [Thread-810] INFO  server.StorageContainerManager (StorageContainerManager.java:stop(855)) - Stopping Block Manager Service.
2019-09-25 07:19:36,226 [Thread-810] INFO  utils.BackgroundService (BackgroundService.java:shutdown(148)) - Shutting down service SCMBlockDeletingService
2019-09-25 07:19:36,226 [Thread-810] INFO  utils.BackgroundService (BackgroundService.java:shutdown(148)) - Shutting down service SCMBlockDeletingService
2019-09-25 07:19:36,226 [Thread-810] INFO  server.StorageContainerManager (StorageContainerManager.java:stop(877)) - Stopping SCM Event Queue.
2019-09-25 07:19:36,232 [Thread-810] INFO  impl.MetricsSystemImpl (MetricsSystemImpl.java:stop(210)) - Stopping HddsDatanode metrics system...
2019-09-25 07:19:36,238 [Thread-810] INFO  impl.MetricsSystemImpl (MetricsSystemImpl.java:stop(216)) - HddsDatanode metrics system stopped.
]]></system-out>
  </testcase>
  <testcase name="testCreateDoesNotAddParentDirKeys" classname="org.apache.hadoop.fs.ozone.TestOzoneFileSystem" time="16.784">
    <error message="Allocated 0 blocks. Requested 1 blocks" type="INTERNAL_ERROR org.apache.hadoop.ozone.om.exceptions.OMException">INTERNAL_ERROR org.apache.hadoop.ozone.om.exceptions.OMException: Allocated 0 blocks. Requested 1 blocks
	at org.apache.hadoop.ozone.om.protocolPB.OzoneManagerProtocolClientSideTranslatorPB.handleError(OzoneManagerProtocolClientSideTranslatorPB.java:732)
	at org.apache.hadoop.ozone.om.protocolPB.OzoneManagerProtocolClientSideTranslatorPB.createFile(OzoneManagerProtocolClientSideTranslatorPB.java:1536)
	at sun.reflect.NativeMethodAccessorImpl.invoke0(Native Method)
	at sun.reflect.NativeMethodAccessorImpl.invoke(NativeMethodAccessorImpl.java:62)
	at sun.reflect.DelegatingMethodAccessorImpl.invoke(DelegatingMethodAccessorImpl.java:43)
	at java.lang.reflect.Method.invoke(Method.java:498)
	at org.apache.hadoop.hdds.tracing.TraceAllMethod.invoke(TraceAllMethod.java:66)
	at com.sun.proxy.$Proxy38.createFile(Unknown Source)
	at org.apache.hadoop.ozone.client.rpc.RpcClient.createFile(RpcClient.java:1006)
	at org.apache.hadoop.ozone.client.OzoneBucket.createFile(OzoneBucket.java:537)
	at org.apache.hadoop.fs.ozone.BasicOzoneClientAdapterImpl.createFile(BasicOzoneClientAdapterImpl.java:205)
	at org.apache.hadoop.fs.ozone.BasicOzoneFileSystem.createOutputStream(BasicOzoneFileSystem.java:250)
	at org.apache.hadoop.fs.ozone.BasicOzoneFileSystem.create(BasicOzoneFileSystem.java:231)
	at org.apache.hadoop.fs.FileSystem.create(FileSystem.java:1118)
	at org.apache.hadoop.fs.FileSystem.create(FileSystem.java:1098)
	at org.apache.hadoop.fs.FileSystem.create(FileSystem.java:987)
	at org.apache.hadoop.fs.contract.ContractTestUtils.createFile(ContractTestUtils.java:633)
	at org.apache.hadoop.fs.contract.ContractTestUtils.touch(ContractTestUtils.java:669)
	at org.apache.hadoop.fs.ozone.TestOzoneFileSystem.testCreateDoesNotAddParentDirKeys(TestOzoneFileSystem.java:110)
	at sun.reflect.NativeMethodAccessorImpl.invoke0(Native Method)
	at sun.reflect.NativeMethodAccessorImpl.invoke(NativeMethodAccessorImpl.java:62)
	at sun.reflect.DelegatingMethodAccessorImpl.invoke(DelegatingMethodAccessorImpl.java:43)
	at java.lang.reflect.Method.invoke(Method.java:498)
	at org.junit.runners.model.FrameworkMethod$1.runReflectiveCall(FrameworkMethod.java:47)
	at org.junit.internal.runners.model.ReflectiveCallable.run(ReflectiveCallable.java:12)
	at org.junit.runners.model.FrameworkMethod.invokeExplosively(FrameworkMethod.java:44)
	at org.junit.internal.runners.statements.InvokeMethod.evaluate(InvokeMethod.java:17)
	at org.junit.internal.runners.statements.RunBefores.evaluate(RunBefores.java:26)
	at org.junit.internal.runners.statements.RunAfters.evaluate(RunAfters.java:27)
	at org.junit.internal.runners.statements.FailOnTimeout$StatementThread.run(FailOnTimeout.java:74)
</error>
    <system-out><![CDATA[2019-09-25 07:19:36,281 [Thread-1077] WARN  server.ServerUtils (ServerUtils.java:getScmDbDir(145)) - ozone.scm.db.dirs is not configured. We recommend adding this setting. Falling back to ozone.metadata.dirs instead.
2019-09-25 07:19:36,296 [Thread-1077] WARN  server.ServerUtils (ServerUtils.java:getScmDbDir(145)) - ozone.scm.db.dirs is not configured. We recommend adding this setting. Falling back to ozone.metadata.dirs instead.
2019-09-25 07:19:36,296 [Thread-1077] WARN  server.ServerUtils (ServerUtils.java:getScmDbDir(145)) - ozone.scm.db.dirs is not configured. We recommend adding this setting. Falling back to ozone.metadata.dirs instead.
2019-09-25 07:19:36,297 [Thread-1077] INFO  db.DBStoreBuilder (DBStoreBuilder.java:addTable(110)) - using custom profile for table: deletedBlocks
2019-09-25 07:19:36,297 [Thread-1077] INFO  db.DBStoreBuilder (DBStoreBuilder.java:processTables(161)) - Using default column profile:DBProfile.DISK for Table:deletedBlocks
2019-09-25 07:19:36,297 [Thread-1077] INFO  db.DBStoreBuilder (DBStoreBuilder.java:addTable(110)) - using custom profile for table: validCerts
2019-09-25 07:19:36,297 [Thread-1077] INFO  db.DBStoreBuilder (DBStoreBuilder.java:processTables(161)) - Using default column profile:DBProfile.DISK for Table:validCerts
2019-09-25 07:19:36,297 [Thread-1077] INFO  db.DBStoreBuilder (DBStoreBuilder.java:addTable(110)) - using custom profile for table: revokedCerts
2019-09-25 07:19:36,297 [Thread-1077] INFO  db.DBStoreBuilder (DBStoreBuilder.java:processTables(161)) - Using default column profile:DBProfile.DISK for Table:revokedCerts
2019-09-25 07:19:36,298 [Thread-1077] INFO  db.DBStoreBuilder (DBStoreBuilder.java:addTable(110)) - using custom profile for table: default
2019-09-25 07:19:36,298 [Thread-1077] INFO  db.DBStoreBuilder (DBStoreBuilder.java:processTables(167)) - Using default column profile:DBProfile.DISK for Table:default
2019-09-25 07:19:36,298 [Thread-1077] INFO  db.DBStoreBuilder (DBStoreBuilder.java:getDbProfile(198)) - Using default options. DBProfile.DISK
2019-09-25 07:19:36,456 [Thread-1077] INFO  net.NodeSchemaLoader (NodeSchemaLoader.java:loadSchemaFromFile(125)) - Loading file from sun.misc.CompoundEnumeration@7425b16
2019-09-25 07:19:36,456 [Thread-1077] INFO  net.NodeSchemaLoader (NodeSchemaLoader.java:loadSchema(171)) - Loading network topology layer schema file
2019-09-25 07:19:36,462 [Thread-1077] WARN  server.ServerUtils (ServerUtils.java:sanitizeUserArgs(70)) - ozone.scm.stale.node.interval value = 300000 is larger than max = 100000 based on the key value of ozone.scm.heartbeat.thread.interval, reset to the max value 100000.
2019-09-25 07:19:36,462 [Thread-1077] WARN  server.ServerUtils (ServerUtils.java:sanitizeUserArgs(70)) - ozone.scm.stale.node.interval value = 300000 is larger than max = 100000 based on the key value of ozone.scm.heartbeat.thread.interval, reset to the max value 100000.
2019-09-25 07:19:36,463 [Thread-1077] INFO  node.SCMNodeManager (SCMNodeManager.java:<init>(114)) - Entering startup safe mode.
2019-09-25 07:19:36,464 [Thread-1077] INFO  algorithms.ContainerPlacementPolicyFactory (ContainerPlacementPolicyFactory.java:getPolicy(59)) - Create container placement policy of type org.apache.hadoop.hdds.scm.container.placement.algorithms.SCMContainerPlacementRandom
2019-09-25 07:19:36,464 [Thread-1077] WARN  server.ServerUtils (ServerUtils.java:getScmDbDir(145)) - ozone.scm.db.dirs is not configured. We recommend adding this setting. Falling back to ozone.metadata.dirs instead.
2019-09-25 07:19:36,517 [Thread-1077] INFO  pipeline.SCMPipelineManager (SCMPipelineManager.java:initializePipelineState(132)) - No pipeline exists in current db
2019-09-25 07:19:36,517 [Thread-1077] WARN  server.ServerUtils (ServerUtils.java:getScmDbDir(145)) - ozone.scm.db.dirs is not configured. We recommend adding this setting. Falling back to ozone.metadata.dirs instead.
2019-09-25 07:19:36,569 [Thread-1077] WARN  events.EventQueue (EventQueue.java:fireEvent(183)) - No event handler registered for event TypedEvent{payloadType=SafeModeStatus, name='SafeModeStatus'}
2019-09-25 07:19:36,570 [Thread-1077] INFO  ipc.CallQueueManager (CallQueueManager.java:<init>(84)) - Using callQueue: class java.util.concurrent.LinkedBlockingQueue, queueCapacity: 2000, scheduler: class org.apache.hadoop.ipc.DefaultRpcScheduler, ipcBackoff: false.
2019-09-25 07:19:36,571 [Socket Reader #1 for port 40672] INFO  ipc.Server (Server.java:run(1074)) - Starting Socket Reader #1 for port 40672
2019-09-25 07:19:36,573 [Thread-1077] INFO  ipc.CallQueueManager (CallQueueManager.java:<init>(84)) - Using callQueue: class java.util.concurrent.LinkedBlockingQueue, queueCapacity: 2000, scheduler: class org.apache.hadoop.ipc.DefaultRpcScheduler, ipcBackoff: false.
2019-09-25 07:19:36,574 [Socket Reader #1 for port 37610] INFO  ipc.Server (Server.java:run(1074)) - Starting Socket Reader #1 for port 37610
2019-09-25 07:19:36,576 [Thread-1077] INFO  ipc.CallQueueManager (CallQueueManager.java:<init>(84)) - Using callQueue: class java.util.concurrent.LinkedBlockingQueue, queueCapacity: 2000, scheduler: class org.apache.hadoop.ipc.DefaultRpcScheduler, ipcBackoff: false.
2019-09-25 07:19:36,577 [Socket Reader #1 for port 42539] INFO  ipc.Server (Server.java:run(1074)) - Starting Socket Reader #1 for port 42539
2019-09-25 07:19:36,579 [Thread-1077] INFO  hdfs.DFSUtil (DFSUtil.java:httpServerTemplateForNNAndJN(1641)) - Starting Web-server for scm at: http://0.0.0.0:0
2019-09-25 07:19:36,586 [Thread-1077] INFO  server.AuthenticationFilter (AuthenticationFilter.java:constructSecretProvider(240)) - Unable to initialize FileSignerSecretProvider, falling back to use random secrets.
2019-09-25 07:19:36,586 [Thread-1077] WARN  http.HttpRequestLog (HttpRequestLog.java:getRequestLog(97)) - Jetty request log can only be enabled using Log4j
2019-09-25 07:19:36,589 [Thread-1077] INFO  http.HttpServer2 (HttpServer2.java:addGlobalFilter(975)) - Added global filter 'safety' (class=org.apache.hadoop.http.HttpServer2$QuotingInputFilter)
2019-09-25 07:19:36,590 [Thread-1077] INFO  http.HttpServer2 (HttpServer2.java:addFilter(948)) - Added filter static_user_filter (class=org.apache.hadoop.http.lib.StaticUserWebFilter$StaticUserFilter) to context scm
2019-09-25 07:19:36,590 [Thread-1077] INFO  http.HttpServer2 (HttpServer2.java:addFilter(958)) - Added filter static_user_filter (class=org.apache.hadoop.http.lib.StaticUserWebFilter$StaticUserFilter) to context static
2019-09-25 07:19:36,590 [Thread-1077] INFO  http.HttpServer2 (HttpServer2.java:addFilter(958)) - Added filter static_user_filter (class=org.apache.hadoop.http.lib.StaticUserWebFilter$StaticUserFilter) to context logs
2019-09-25 07:19:36,592 [Thread-1077] INFO  server.StorageContainerManager (StorageContainerManager.java:start(770)) - StorageContainerLocationProtocol RPC server is listening at /0.0.0.0:42539
2019-09-25 07:19:36,595 [Thread-1077] WARN  impl.MetricsConfig (MetricsConfig.java:loadFirst(134)) - Cannot locate configuration: tried hadoop-metrics2-storagecontainermanager.properties,hadoop-metrics2.properties
2019-09-25 07:19:36,596 [Thread-1077] INFO  impl.MetricsSystemImpl (MetricsSystemImpl.java:startTimer(374)) - Scheduled Metric snapshot period at 10 second(s).
2019-09-25 07:19:36,596 [Thread-1077] INFO  impl.MetricsSystemImpl (MetricsSystemImpl.java:start(191)) - StorageContainerManager metrics system started
2019-09-25 07:19:36,624 [Thread-1077] WARN  impl.MetricsSystemImpl (MetricsSystemImpl.java:register(276)) - Sink prometheus already exists!
2019-09-25 07:19:36,685 [Thread-1077] INFO  server.SCMClientProtocolServer (SCMClientProtocolServer.java:start(151)) - RPC server for Client  is listening at /0.0.0.0:42539
2019-09-25 07:19:36,686 [IPC Server Responder] INFO  ipc.Server (Server.java:run(1314)) - IPC Server Responder: starting
2019-09-25 07:19:36,686 [IPC Server listener on 42539] INFO  ipc.Server (Server.java:run(1153)) - IPC Server listener on 42539: starting
2019-09-25 07:19:36,691 [Thread-1077] INFO  server.StorageContainerManager (StorageContainerManager.java:start(780)) - ScmBlockLocationProtocol RPC server is listening at /0.0.0.0:37610
2019-09-25 07:19:36,692 [Thread-1077] INFO  server.SCMBlockProtocolServer (SCMBlockProtocolServer.java:start(146)) - RPC server for Block Protocol is listening at /0.0.0.0:37610
2019-09-25 07:19:36,692 [IPC Server Responder] INFO  ipc.Server (Server.java:run(1314)) - IPC Server Responder: starting
2019-09-25 07:19:36,693 [IPC Server listener on 37610] INFO  ipc.Server (Server.java:run(1153)) - IPC Server listener on 37610: starting
2019-09-25 07:19:36,697 [Thread-1077] INFO  server.StorageContainerManager (StorageContainerManager.java:start(784)) - ScmDatanodeProtocl RPC server is listening at /0.0.0.0:40672
2019-09-25 07:19:36,697 [Thread-1077] INFO  server.SCMDatanodeProtocolServer (SCMDatanodeProtocolServer.java:start(191)) - RPC server for DataNodes is listening at /0.0.0.0:40672
2019-09-25 07:19:36,697 [IPC Server Responder] INFO  ipc.Server (Server.java:run(1314)) - IPC Server Responder: starting
2019-09-25 07:19:36,697 [IPC Server listener on 40672] INFO  ipc.Server (Server.java:run(1153)) - IPC Server listener on 40672: starting
2019-09-25 07:19:36,705 [Thread-1077] INFO  http.HttpServer2 (HttpServer2.java:bindListener(1191)) - Jetty bound to port 36557
2019-09-25 07:19:36,705 [Thread-1077] INFO  server.Server (Server.java:doStart(351)) - jetty-9.3.25.v20180904, build timestamp: 2018-09-04T21:11:46Z, git hash: 3ce520221d0240229c862b122d2b06c12a625732
2019-09-25 07:19:36,707 [Thread-1077] INFO  handler.ContextHandler (ContextHandler.java:doStart(781)) - Started o.e.j.s.ServletContextHandler@6be447fc{/logs,file:///workdir/hadoop-ozone/ozonefs/target/log,AVAILABLE}
2019-09-25 07:19:36,708 [Thread-1077] INFO  handler.ContextHandler (ContextHandler.java:doStart(781)) - Started o.e.j.s.ServletContextHandler@ea01810{/static,jar:file:/home/user/.m2/repository/org/apache/hadoop/hadoop-hdds-server-scm/0.5.0-SNAPSHOT/hadoop-hdds-server-scm-0.5.0-SNAPSHOT.jar!/webapps/static,AVAILABLE}
2019-09-25 07:19:36,749 [Thread-1077] INFO  handler.ContextHandler (ContextHandler.java:doStart(781)) - Started o.e.j.w.WebAppContext@3e6df6f1{/,file:///tmp/jetty-0.0.0.0-36557-scm-_-any-2223922593879655919.dir/webapp/,AVAILABLE}{/scm}
2019-09-25 07:19:36,749 [Thread-1077] INFO  server.AbstractConnector (AbstractConnector.java:doStart(278)) - Started ServerConnector@33fea676{HTTP/1.1,[http/1.1]}{0.0.0.0:36557}
2019-09-25 07:19:36,753 [Thread-1077] INFO  server.Server (Server.java:doStart(419)) - Started @74274ms
2019-09-25 07:19:36,754 [Thread-1077] WARN  impl.MetricsSystemImpl (MetricsSystemImpl.java:register(276)) - Sink prometheus already exists!
2019-09-25 07:19:36,754 [Thread-1077] INFO  server.BaseHttpServer (BaseHttpServer.java:updateConnectorAddress(215)) - HTTP server of SCM is listening at http://0.0.0.0:36557
2019-09-25 07:19:36,755 [Thread-1077] WARN  server.ServerUtils (ServerUtils.java:getDBPath(222)) - ozone.om.db.dirs is not configured. We recommend adding this setting. Falling back to ozone.metadata.dirs instead.
2019-09-25 07:19:36,758 [org.apache.hadoop.util.JvmPauseMonitor$Monitor@7638b7a8] INFO  util.JvmPauseMonitor (JvmPauseMonitor.java:run(188)) - Starting JVM pause monitor
2019-09-25 07:19:36,771 [Thread-1077] WARN  server.ServerUtils (ServerUtils.java:getDBPath(222)) - ozone.om.db.dirs is not configured. We recommend adding this setting. Falling back to ozone.metadata.dirs instead.
2019-09-25 07:19:36,771 [Thread-1077] WARN  server.ServerUtils (ServerUtils.java:getDBPath(222)) - ozone.om.db.dirs is not configured. We recommend adding this setting. Falling back to ozone.metadata.dirs instead.
2019-09-25 07:19:36,772 [Thread-1077] INFO  om.OzoneManager (OzoneManager.java:setOMNodeDetails(652)) - OM Service ID is not set. Setting it to the default ID: omServiceIdDefault
2019-09-25 07:19:36,772 [Thread-1077] INFO  om.OzoneManager (OzoneManager.java:setOMNodeDetails(658)) - OM Node ID is not set. Setting it to the OmStorage's OmID: 5f3d9db5-1443-4280-9646-295a31b22939
2019-09-25 07:19:36,772 [Thread-1077] INFO  om.OzoneManager (OzoneManager.java:loadOMHAConfigs(609)) - Found matching OM address with OMServiceId: null, OMNodeId: null, RPC Address: localhost:0 and Ratis port: 9872
2019-09-25 07:19:36,779 [Thread-1077] WARN  server.ServerUtils (ServerUtils.java:getDBPath(222)) - ozone.om.db.dirs is not configured. We recommend adding this setting. Falling back to ozone.metadata.dirs instead.
2019-09-25 07:19:36,780 [Thread-1077] INFO  db.DBStoreBuilder (DBStoreBuilder.java:addTable(110)) - using custom profile for table: userTable
2019-09-25 07:19:36,780 [Thread-1077] INFO  db.DBStoreBuilder (DBStoreBuilder.java:processTables(161)) - Using default column profile:DBProfile.DISK for Table:userTable
2019-09-25 07:19:36,780 [Thread-1077] INFO  db.DBStoreBuilder (DBStoreBuilder.java:addTable(110)) - using custom profile for table: volumeTable
2019-09-25 07:19:36,780 [Thread-1077] INFO  db.DBStoreBuilder (DBStoreBuilder.java:processTables(161)) - Using default column profile:DBProfile.DISK for Table:volumeTable
2019-09-25 07:19:36,780 [Thread-1077] INFO  db.DBStoreBuilder (DBStoreBuilder.java:addTable(110)) - using custom profile for table: bucketTable
2019-09-25 07:19:36,780 [Thread-1077] INFO  db.DBStoreBuilder (DBStoreBuilder.java:processTables(161)) - Using default column profile:DBProfile.DISK for Table:bucketTable
2019-09-25 07:19:36,780 [Thread-1077] INFO  db.DBStoreBuilder (DBStoreBuilder.java:addTable(110)) - using custom profile for table: keyTable
2019-09-25 07:19:36,780 [Thread-1077] INFO  db.DBStoreBuilder (DBStoreBuilder.java:processTables(161)) - Using default column profile:DBProfile.DISK for Table:keyTable
2019-09-25 07:19:36,781 [Thread-1077] INFO  db.DBStoreBuilder (DBStoreBuilder.java:addTable(110)) - using custom profile for table: deletedTable
2019-09-25 07:19:36,781 [Thread-1077] INFO  db.DBStoreBuilder (DBStoreBuilder.java:processTables(161)) - Using default column profile:DBProfile.DISK for Table:deletedTable
2019-09-25 07:19:36,781 [Thread-1077] INFO  db.DBStoreBuilder (DBStoreBuilder.java:addTable(110)) - using custom profile for table: openKeyTable
2019-09-25 07:19:36,781 [Thread-1077] INFO  db.DBStoreBuilder (DBStoreBuilder.java:processTables(161)) - Using default column profile:DBProfile.DISK for Table:openKeyTable
2019-09-25 07:19:36,781 [Thread-1077] INFO  db.DBStoreBuilder (DBStoreBuilder.java:addTable(110)) - using custom profile for table: s3Table
2019-09-25 07:19:36,781 [Thread-1077] INFO  db.DBStoreBuilder (DBStoreBuilder.java:processTables(161)) - Using default column profile:DBProfile.DISK for Table:s3Table
2019-09-25 07:19:36,781 [Thread-1077] INFO  db.DBStoreBuilder (DBStoreBuilder.java:addTable(110)) - using custom profile for table: multipartInfoTable
2019-09-25 07:19:36,781 [Thread-1077] INFO  db.DBStoreBuilder (DBStoreBuilder.java:processTables(161)) - Using default column profile:DBProfile.DISK for Table:multipartInfoTable
2019-09-25 07:19:36,782 [Thread-1077] INFO  db.DBStoreBuilder (DBStoreBuilder.java:addTable(110)) - using custom profile for table: dTokenTable
2019-09-25 07:19:36,782 [Thread-1077] INFO  db.DBStoreBuilder (DBStoreBuilder.java:processTables(161)) - Using default column profile:DBProfile.DISK for Table:dTokenTable
2019-09-25 07:19:36,782 [Thread-1077] INFO  db.DBStoreBuilder (DBStoreBuilder.java:addTable(110)) - using custom profile for table: s3SecretTable
2019-09-25 07:19:36,782 [Thread-1077] INFO  db.DBStoreBuilder (DBStoreBuilder.java:processTables(161)) - Using default column profile:DBProfile.DISK for Table:s3SecretTable
2019-09-25 07:19:36,782 [Thread-1077] INFO  db.DBStoreBuilder (DBStoreBuilder.java:addTable(110)) - using custom profile for table: prefixTable
2019-09-25 07:19:36,782 [Thread-1077] INFO  db.DBStoreBuilder (DBStoreBuilder.java:processTables(161)) - Using default column profile:DBProfile.DISK for Table:prefixTable
2019-09-25 07:19:36,782 [Thread-1077] INFO  db.DBStoreBuilder (DBStoreBuilder.java:addTable(110)) - using custom profile for table: default
2019-09-25 07:19:36,782 [Thread-1077] INFO  db.DBStoreBuilder (DBStoreBuilder.java:processTables(167)) - Using default column profile:DBProfile.DISK for Table:default
2019-09-25 07:19:36,783 [Thread-1077] INFO  db.DBStoreBuilder (DBStoreBuilder.java:getDbProfile(198)) - Using default options. DBProfile.DISK
2019-09-25 07:19:37,270 [Thread-1077] INFO  ipc.CallQueueManager (CallQueueManager.java:<init>(84)) - Using callQueue: class java.util.concurrent.LinkedBlockingQueue, queueCapacity: 2000, scheduler: class org.apache.hadoop.ipc.DefaultRpcScheduler, ipcBackoff: false.
2019-09-25 07:19:37,271 [Socket Reader #1 for port 36699] INFO  ipc.Server (Server.java:run(1074)) - Starting Socket Reader #1 for port 36699
2019-09-25 07:19:37,294 [Thread-1077] INFO  om.OzoneManager (OzoneManager.java:start(1243)) - OzoneManager RPC server is listening at localhost/127.0.0.1:36699
2019-09-25 07:19:37,294 [Thread-1077] INFO  impl.MetricsSystemImpl (MetricsSystemImpl.java:init(158)) - OzoneManager metrics system started (again)
2019-09-25 07:19:37,295 [IPC Server Responder] INFO  ipc.Server (Server.java:run(1314)) - IPC Server Responder: starting
2019-09-25 07:19:37,295 [IPC Server listener on 36699] INFO  ipc.Server (Server.java:run(1153)) - IPC Server listener on 36699: starting
2019-09-25 07:19:37,300 [Thread-1077] INFO  hdfs.DFSUtil (DFSUtil.java:httpServerTemplateForNNAndJN(1641)) - Starting Web-server for ozoneManager at: http://0.0.0.0:0
2019-09-25 07:19:37,302 [Thread-1077] INFO  server.AuthenticationFilter (AuthenticationFilter.java:constructSecretProvider(240)) - Unable to initialize FileSignerSecretProvider, falling back to use random secrets.
2019-09-25 07:19:37,303 [Thread-1077] WARN  http.HttpRequestLog (HttpRequestLog.java:getRequestLog(97)) - Jetty request log can only be enabled using Log4j
2019-09-25 07:19:37,305 [Thread-1077] INFO  http.HttpServer2 (HttpServer2.java:addGlobalFilter(975)) - Added global filter 'safety' (class=org.apache.hadoop.http.HttpServer2$QuotingInputFilter)
2019-09-25 07:19:37,305 [Thread-1077] INFO  http.HttpServer2 (HttpServer2.java:addFilter(948)) - Added filter static_user_filter (class=org.apache.hadoop.http.lib.StaticUserWebFilter$StaticUserFilter) to context ozoneManager
2019-09-25 07:19:37,306 [Thread-1077] INFO  http.HttpServer2 (HttpServer2.java:addFilter(958)) - Added filter static_user_filter (class=org.apache.hadoop.http.lib.StaticUserWebFilter$StaticUserFilter) to context logs
2019-09-25 07:19:37,306 [Thread-1077] INFO  http.HttpServer2 (HttpServer2.java:addFilter(958)) - Added filter static_user_filter (class=org.apache.hadoop.http.lib.StaticUserWebFilter$StaticUserFilter) to context static
2019-09-25 07:19:37,306 [Thread-1077] INFO  http.HttpServer2 (HttpServer2.java:bindListener(1191)) - Jetty bound to port 39049
2019-09-25 07:19:37,307 [Thread-1077] INFO  server.Server (Server.java:doStart(351)) - jetty-9.3.25.v20180904, build timestamp: 2018-09-04T21:11:46Z, git hash: 3ce520221d0240229c862b122d2b06c12a625732
2019-09-25 07:19:37,309 [Thread-1077] INFO  handler.ContextHandler (ContextHandler.java:doStart(781)) - Started o.e.j.s.ServletContextHandler@c99c0ae{/logs,file:///workdir/hadoop-ozone/ozonefs/target/log,AVAILABLE}
2019-09-25 07:19:37,309 [Thread-1077] INFO  handler.ContextHandler (ContextHandler.java:doStart(781)) - Started o.e.j.s.ServletContextHandler@752d0815{/static,jar:file:/home/user/.m2/repository/org/apache/hadoop/hadoop-ozone-ozone-manager/0.5.0-SNAPSHOT/hadoop-ozone-ozone-manager-0.5.0-SNAPSHOT.jar!/webapps/static,AVAILABLE}
2019-09-25 07:19:37,363 [Thread-1077] INFO  handler.ContextHandler (ContextHandler.java:doStart(781)) - Started o.e.j.w.WebAppContext@34d1e1c8{/,file:///tmp/jetty-0.0.0.0-39049-ozoneManager-_-any-6336074104640414337.dir/webapp/,AVAILABLE}{/ozoneManager}
2019-09-25 07:19:37,363 [Thread-1077] INFO  server.AbstractConnector (AbstractConnector.java:doStart(278)) - Started ServerConnector@226a0bff{HTTP/1.1,[http/1.1]}{0.0.0.0:39049}
2019-09-25 07:19:37,365 [Thread-1077] INFO  server.Server (Server.java:doStart(419)) - Started @74885ms
2019-09-25 07:19:37,365 [Thread-1077] WARN  impl.MetricsSystemImpl (MetricsSystemImpl.java:register(276)) - Sink prometheus already exists!
2019-09-25 07:19:37,366 [Thread-1077] INFO  server.BaseHttpServer (BaseHttpServer.java:updateConnectorAddress(215)) - HTTP server of OZONEMANAGER is listening at http://0.0.0.0:39049
2019-09-25 07:19:37,374 [Thread-1077] INFO  impl.MetricsSystemImpl (MetricsSystemImpl.java:init(158)) - HddsDatanode metrics system started (again)
2019-09-25 07:19:37,377 [Thread-1077] INFO  ozone.HddsDatanodeService (HddsDatanodeService.java:start(184)) - HddsDatanodeService host:pr-hdds-1569-s62bp-3040748787 ip:192.168.30.10
2019-09-25 07:19:37,384 [Thread-1077] INFO  volume.HddsVolume (HddsVolume.java:<init>(176)) - Creating Volume: /workdir/hadoop-ozone/ozonefs/target/test-dir/MiniOzoneClusterImpl-a387bd8f-5630-4dea-a733-c907936cb7c3/datanode-0/data/containers/hdds of  storage type : DISK and capacity : 1482555576320
2019-09-25 07:19:37,384 [Thread-1077] INFO  volume.VolumeSet (VolumeSet.java:initializeVolumeSet(170)) - Added Volume : /workdir/hadoop-ozone/ozonefs/target/test-dir/MiniOzoneClusterImpl-a387bd8f-5630-4dea-a733-c907936cb7c3/datanode-0/data/containers/hdds to VolumeSet
2019-09-25 07:19:37,385 [Thread-1077] INFO  volume.ThrottledAsyncChecker (ThrottledAsyncChecker.java:schedule(139)) - Scheduling a check for org.apache.hadoop.ozone.container.common.volume.HddsVolume@17e08609
2019-09-25 07:19:37,385 [Thread-1077] INFO  volume.HddsVolumeChecker (HddsVolumeChecker.java:checkAllVolumes(202)) - Scheduled health check for volume org.apache.hadoop.ozone.container.common.volume.HddsVolume@17e08609
2019-09-25 07:19:37,406 [Thread-1077] INFO  impl.RaftServerProxy (ConfUtils.java:logGet(43)) - raft.rpc.type = GRPC (default)
2019-09-25 07:19:37,406 [Thread-1077] INFO  grpc.GrpcFactory (GrpcFactory.java:checkPooledByteBufAllocatorUseCacheForAllThreads(45)) - PERFORMANCE WARNING: useCacheForAllThreads is true that may cause Netty to create a lot garbage objects and, as a result, trigger GC.
	It is recommended to disable useCacheForAllThreads by setting -Dorg.apache.ratis.thirdparty.io.netty.allocator.useCacheForAllThreads=false in command line.
2019-09-25 07:19:37,407 [Thread-1077] INFO  grpc.GrpcConfigKeys$Server (ConfUtils.java:logGet(43)) - raft.grpc.server.port = 0 (default)
2019-09-25 07:19:37,407 [Thread-1077] INFO  server.GrpcService (ConfUtils.java:logGet(43)) - raft.grpc.message.size.max = 33570816 (custom)
2019-09-25 07:19:37,407 [Thread-1077] INFO  server.RaftServerConfigKeys (ConfUtils.java:logGet(43)) - raft.server.log.appender.buffer.byte-limit = 33554432 (custom)
2019-09-25 07:19:37,407 [Thread-1077] INFO  server.GrpcService (ConfUtils.java:logGet(43)) - raft.grpc.flow.control.window = 1MB (=1048576) (default)
2019-09-25 07:19:37,407 [Thread-1077] INFO  server.RaftServerConfigKeys (ConfUtils.java:logGet(43)) - raft.server.rpc.request.timeout = 3000ms (default)
2019-09-25 07:19:37,408 [Thread-1077] INFO  server.RaftServerConfigKeys (ConfUtils.java:logGet(43)) - raft.server.storage.dir = [/workdir/hadoop-ozone/ozonefs/target/test-dir/MiniOzoneClusterImpl-a387bd8f-5630-4dea-a733-c907936cb7c3/datanode-0/data/ratis] (custom)
2019-09-25 07:19:37,409 [Thread-1077] INFO  hdfs.DFSUtil (DFSUtil.java:httpServerTemplateForNNAndJN(1641)) - Starting Web-server for hddsDatanode at: http://0.0.0.0:0
2019-09-25 07:19:37,410 [Thread-1077] INFO  server.AuthenticationFilter (AuthenticationFilter.java:constructSecretProvider(240)) - Unable to initialize FileSignerSecretProvider, falling back to use random secrets.
2019-09-25 07:19:37,411 [Thread-1077] WARN  http.HttpRequestLog (HttpRequestLog.java:getRequestLog(97)) - Jetty request log can only be enabled using Log4j
2019-09-25 07:19:37,412 [Thread-1077] INFO  http.HttpServer2 (HttpServer2.java:addGlobalFilter(975)) - Added global filter 'safety' (class=org.apache.hadoop.http.HttpServer2$QuotingInputFilter)
2019-09-25 07:19:37,413 [Thread-1077] INFO  http.HttpServer2 (HttpServer2.java:addFilter(948)) - Added filter static_user_filter (class=org.apache.hadoop.http.lib.StaticUserWebFilter$StaticUserFilter) to context hddsDatanode
2019-09-25 07:19:37,413 [Thread-1077] INFO  http.HttpServer2 (HttpServer2.java:addFilter(958)) - Added filter static_user_filter (class=org.apache.hadoop.http.lib.StaticUserWebFilter$StaticUserFilter) to context logs
2019-09-25 07:19:37,413 [Thread-1077] INFO  http.HttpServer2 (HttpServer2.java:addFilter(958)) - Added filter static_user_filter (class=org.apache.hadoop.http.lib.StaticUserWebFilter$StaticUserFilter) to context static
2019-09-25 07:19:37,414 [Thread-1077] INFO  http.HttpServer2 (HttpServer2.java:bindListener(1191)) - Jetty bound to port 43777
2019-09-25 07:19:37,414 [Thread-1077] INFO  server.Server (Server.java:doStart(351)) - jetty-9.3.25.v20180904, build timestamp: 2018-09-04T21:11:46Z, git hash: 3ce520221d0240229c862b122d2b06c12a625732
2019-09-25 07:19:37,416 [Thread-1077] INFO  handler.ContextHandler (ContextHandler.java:doStart(781)) - Started o.e.j.s.ServletContextHandler@514875f8{/logs,file:///workdir/hadoop-ozone/ozonefs/target/log,AVAILABLE}
2019-09-25 07:19:37,416 [Thread-1077] INFO  handler.ContextHandler (ContextHandler.java:doStart(781)) - Started o.e.j.s.ServletContextHandler@37a1c598{/static,jar:file:/home/user/.m2/repository/org/apache/hadoop/hadoop-hdds-container-service/0.5.0-SNAPSHOT/hadoop-hdds-container-service-0.5.0-SNAPSHOT.jar!/webapps/static,AVAILABLE}
2019-09-25 07:19:37,443 [Thread-1077] INFO  handler.ContextHandler (ContextHandler.java:doStart(781)) - Started o.e.j.w.WebAppContext@78f910e0{/,file:///tmp/jetty-0.0.0.0-43777-hddsDatanode-_-any-6013065741560515440.dir/webapp/,AVAILABLE}{/hddsDatanode}
2019-09-25 07:19:37,444 [Thread-1077] INFO  server.AbstractConnector (AbstractConnector.java:doStart(278)) - Started ServerConnector@5b19ad74{HTTP/1.1,[http/1.1]}{0.0.0.0:43777}
2019-09-25 07:19:37,445 [Thread-1077] INFO  server.Server (Server.java:doStart(419)) - Started @74966ms
2019-09-25 07:19:37,446 [Thread-1077] WARN  impl.MetricsSystemImpl (MetricsSystemImpl.java:register(276)) - Sink prometheus already exists!
2019-09-25 07:19:37,446 [Thread-1077] INFO  server.BaseHttpServer (BaseHttpServer.java:updateConnectorAddress(215)) - HTTP server of HDDSDATANODE is listening at http://0.0.0.0:43777
2019-09-25 07:19:37,447 [Thread-1077] INFO  impl.MetricsSystemImpl (MetricsSystemImpl.java:init(158)) - HddsDatanode metrics system started (again)
2019-09-25 07:19:37,450 [org.apache.hadoop.util.JvmPauseMonitor$Monitor@4cec7efe] INFO  util.JvmPauseMonitor (JvmPauseMonitor.java:run(188)) - Starting JVM pause monitor
2019-09-25 07:19:37,451 [Thread-1077] INFO  ozone.HddsDatanodeService (HddsDatanodeService.java:start(184)) - HddsDatanodeService host:pr-hdds-1569-s62bp-3040748787 ip:192.168.30.10
2019-09-25 07:19:37,452 [Datanode State Machine Thread - 0] INFO  datanode.InitDatanodeState (InitDatanodeState.java:persistContainerDatanodeDetails(140)) - DatanodeDetails is persisted to /workdir/hadoop-ozone/ozonefs/target/test-dir/MiniOzoneClusterImpl-a387bd8f-5630-4dea-a733-c907936cb7c3/datanode-0/meta/datanode.id
2019-09-25 07:19:37,457 [Thread-1077] INFO  volume.HddsVolume (HddsVolume.java:<init>(176)) - Creating Volume: /workdir/hadoop-ozone/ozonefs/target/test-dir/MiniOzoneClusterImpl-a387bd8f-5630-4dea-a733-c907936cb7c3/datanode-1/data/containers/hdds of  storage type : DISK and capacity : 1482555576320
2019-09-25 07:19:37,457 [Thread-1077] INFO  volume.VolumeSet (VolumeSet.java:initializeVolumeSet(170)) - Added Volume : /workdir/hadoop-ozone/ozonefs/target/test-dir/MiniOzoneClusterImpl-a387bd8f-5630-4dea-a733-c907936cb7c3/datanode-1/data/containers/hdds to VolumeSet
2019-09-25 07:19:37,457 [Thread-1077] INFO  volume.ThrottledAsyncChecker (ThrottledAsyncChecker.java:schedule(139)) - Scheduling a check for org.apache.hadoop.ozone.container.common.volume.HddsVolume@2d50a863
2019-09-25 07:19:37,458 [Thread-1077] INFO  volume.HddsVolumeChecker (HddsVolumeChecker.java:checkAllVolumes(202)) - Scheduled health check for volume org.apache.hadoop.ozone.container.common.volume.HddsVolume@2d50a863
2019-09-25 07:19:37,479 [Thread-1077] INFO  impl.RaftServerProxy (ConfUtils.java:logGet(43)) - raft.rpc.type = GRPC (default)
2019-09-25 07:19:37,479 [Thread-1077] INFO  grpc.GrpcFactory (GrpcFactory.java:checkPooledByteBufAllocatorUseCacheForAllThreads(45)) - PERFORMANCE WARNING: useCacheForAllThreads is true that may cause Netty to create a lot garbage objects and, as a result, trigger GC.
	It is recommended to disable useCacheForAllThreads by setting -Dorg.apache.ratis.thirdparty.io.netty.allocator.useCacheForAllThreads=false in command line.
2019-09-25 07:19:37,479 [Thread-1077] INFO  grpc.GrpcConfigKeys$Server (ConfUtils.java:logGet(43)) - raft.grpc.server.port = 0 (default)
2019-09-25 07:19:37,479 [Thread-1077] INFO  server.GrpcService (ConfUtils.java:logGet(43)) - raft.grpc.message.size.max = 33570816 (custom)
2019-09-25 07:19:37,479 [Thread-1077] INFO  server.RaftServerConfigKeys (ConfUtils.java:logGet(43)) - raft.server.log.appender.buffer.byte-limit = 33554432 (custom)
2019-09-25 07:19:37,479 [Thread-1077] INFO  server.GrpcService (ConfUtils.java:logGet(43)) - raft.grpc.flow.control.window = 1MB (=1048576) (default)
2019-09-25 07:19:37,480 [Thread-1077] INFO  server.RaftServerConfigKeys (ConfUtils.java:logGet(43)) - raft.server.rpc.request.timeout = 3000ms (default)
2019-09-25 07:19:37,480 [Thread-1077] INFO  server.RaftServerConfigKeys (ConfUtils.java:logGet(43)) - raft.server.storage.dir = [/workdir/hadoop-ozone/ozonefs/target/test-dir/MiniOzoneClusterImpl-a387bd8f-5630-4dea-a733-c907936cb7c3/datanode-1/data/ratis] (custom)
2019-09-25 07:19:37,481 [Thread-1077] INFO  hdfs.DFSUtil (DFSUtil.java:httpServerTemplateForNNAndJN(1641)) - Starting Web-server for hddsDatanode at: http://0.0.0.0:0
2019-09-25 07:19:37,483 [Thread-1077] INFO  server.AuthenticationFilter (AuthenticationFilter.java:constructSecretProvider(240)) - Unable to initialize FileSignerSecretProvider, falling back to use random secrets.
2019-09-25 07:19:37,483 [Thread-1077] WARN  http.HttpRequestLog (HttpRequestLog.java:getRequestLog(97)) - Jetty request log can only be enabled using Log4j
2019-09-25 07:19:37,485 [Thread-1077] INFO  http.HttpServer2 (HttpServer2.java:addGlobalFilter(975)) - Added global filter 'safety' (class=org.apache.hadoop.http.HttpServer2$QuotingInputFilter)
2019-09-25 07:19:37,486 [Thread-1077] INFO  http.HttpServer2 (HttpServer2.java:addFilter(948)) - Added filter static_user_filter (class=org.apache.hadoop.http.lib.StaticUserWebFilter$StaticUserFilter) to context hddsDatanode
2019-09-25 07:19:37,486 [Thread-1077] INFO  http.HttpServer2 (HttpServer2.java:addFilter(958)) - Added filter static_user_filter (class=org.apache.hadoop.http.lib.StaticUserWebFilter$StaticUserFilter) to context logs
2019-09-25 07:19:37,486 [Thread-1077] INFO  http.HttpServer2 (HttpServer2.java:addFilter(958)) - Added filter static_user_filter (class=org.apache.hadoop.http.lib.StaticUserWebFilter$StaticUserFilter) to context static
2019-09-25 07:19:37,487 [Thread-1077] INFO  http.HttpServer2 (HttpServer2.java:bindListener(1191)) - Jetty bound to port 35129
2019-09-25 07:19:37,487 [Thread-1077] INFO  server.Server (Server.java:doStart(351)) - jetty-9.3.25.v20180904, build timestamp: 2018-09-04T21:11:46Z, git hash: 3ce520221d0240229c862b122d2b06c12a625732
2019-09-25 07:19:37,488 [Thread-1077] INFO  handler.ContextHandler (ContextHandler.java:doStart(781)) - Started o.e.j.s.ServletContextHandler@50fccfce{/logs,file:///workdir/hadoop-ozone/ozonefs/target/log,AVAILABLE}
2019-09-25 07:19:37,489 [Thread-1077] INFO  handler.ContextHandler (ContextHandler.java:doStart(781)) - Started o.e.j.s.ServletContextHandler@1986dc1a{/static,jar:file:/home/user/.m2/repository/org/apache/hadoop/hadoop-hdds-container-service/0.5.0-SNAPSHOT/hadoop-hdds-container-service-0.5.0-SNAPSHOT.jar!/webapps/static,AVAILABLE}
2019-09-25 07:19:37,516 [Thread-1077] INFO  handler.ContextHandler (ContextHandler.java:doStart(781)) - Started o.e.j.w.WebAppContext@4d51f34a{/,file:///tmp/jetty-0.0.0.0-35129-hddsDatanode-_-any-412386150924474605.dir/webapp/,AVAILABLE}{/hddsDatanode}
2019-09-25 07:19:37,517 [Thread-1077] INFO  server.AbstractConnector (AbstractConnector.java:doStart(278)) - Started ServerConnector@390664a2{HTTP/1.1,[http/1.1]}{0.0.0.0:35129}
2019-09-25 07:19:37,519 [Thread-1077] INFO  server.Server (Server.java:doStart(419)) - Started @75039ms
2019-09-25 07:19:37,519 [Thread-1077] WARN  impl.MetricsSystemImpl (MetricsSystemImpl.java:register(276)) - Sink prometheus already exists!
2019-09-25 07:19:37,519 [Thread-1077] INFO  server.BaseHttpServer (BaseHttpServer.java:updateConnectorAddress(215)) - HTTP server of HDDSDATANODE is listening at http://0.0.0.0:35129
2019-09-25 07:19:37,520 [Thread-1077] INFO  impl.MetricsSystemImpl (MetricsSystemImpl.java:init(158)) - HddsDatanode metrics system started (again)
2019-09-25 07:19:37,524 [org.apache.hadoop.util.JvmPauseMonitor$Monitor@29f7b61c] INFO  util.JvmPauseMonitor (JvmPauseMonitor.java:run(188)) - Starting JVM pause monitor
2019-09-25 07:19:37,524 [Thread-1077] INFO  ozone.HddsDatanodeService (HddsDatanodeService.java:start(184)) - HddsDatanodeService host:pr-hdds-1569-s62bp-3040748787 ip:192.168.30.10
2019-09-25 07:19:37,527 [Datanode State Machine Thread - 0] INFO  datanode.InitDatanodeState (InitDatanodeState.java:persistContainerDatanodeDetails(140)) - DatanodeDetails is persisted to /workdir/hadoop-ozone/ozonefs/target/test-dir/MiniOzoneClusterImpl-a387bd8f-5630-4dea-a733-c907936cb7c3/datanode-1/meta/datanode.id
2019-09-25 07:19:37,538 [Thread-1077] INFO  volume.HddsVolume (HddsVolume.java:<init>(176)) - Creating Volume: /workdir/hadoop-ozone/ozonefs/target/test-dir/MiniOzoneClusterImpl-a387bd8f-5630-4dea-a733-c907936cb7c3/datanode-2/data/containers/hdds of  storage type : DISK and capacity : 1482555576320
2019-09-25 07:19:37,538 [Thread-1077] INFO  volume.VolumeSet (VolumeSet.java:initializeVolumeSet(170)) - Added Volume : /workdir/hadoop-ozone/ozonefs/target/test-dir/MiniOzoneClusterImpl-a387bd8f-5630-4dea-a733-c907936cb7c3/datanode-2/data/containers/hdds to VolumeSet
2019-09-25 07:19:37,538 [Thread-1077] INFO  volume.ThrottledAsyncChecker (ThrottledAsyncChecker.java:schedule(139)) - Scheduling a check for org.apache.hadoop.ozone.container.common.volume.HddsVolume@78c90557
2019-09-25 07:19:37,539 [Thread-1077] INFO  volume.HddsVolumeChecker (HddsVolumeChecker.java:checkAllVolumes(202)) - Scheduled health check for volume org.apache.hadoop.ozone.container.common.volume.HddsVolume@78c90557
2019-09-25 07:19:37,561 [Thread-1077] INFO  impl.RaftServerProxy (ConfUtils.java:logGet(43)) - raft.rpc.type = GRPC (default)
2019-09-25 07:19:37,561 [Thread-1077] INFO  grpc.GrpcFactory (GrpcFactory.java:checkPooledByteBufAllocatorUseCacheForAllThreads(45)) - PERFORMANCE WARNING: useCacheForAllThreads is true that may cause Netty to create a lot garbage objects and, as a result, trigger GC.
	It is recommended to disable useCacheForAllThreads by setting -Dorg.apache.ratis.thirdparty.io.netty.allocator.useCacheForAllThreads=false in command line.
2019-09-25 07:19:37,561 [Thread-1077] INFO  grpc.GrpcConfigKeys$Server (ConfUtils.java:logGet(43)) - raft.grpc.server.port = 0 (default)
2019-09-25 07:19:37,561 [Thread-1077] INFO  server.GrpcService (ConfUtils.java:logGet(43)) - raft.grpc.message.size.max = 33570816 (custom)
2019-09-25 07:19:37,562 [Thread-1077] INFO  server.RaftServerConfigKeys (ConfUtils.java:logGet(43)) - raft.server.log.appender.buffer.byte-limit = 33554432 (custom)
2019-09-25 07:19:37,562 [Thread-1077] INFO  server.GrpcService (ConfUtils.java:logGet(43)) - raft.grpc.flow.control.window = 1MB (=1048576) (default)
2019-09-25 07:19:37,562 [Thread-1077] INFO  server.RaftServerConfigKeys (ConfUtils.java:logGet(43)) - raft.server.rpc.request.timeout = 3000ms (default)
2019-09-25 07:19:37,562 [Thread-1077] INFO  server.RaftServerConfigKeys (ConfUtils.java:logGet(43)) - raft.server.storage.dir = [/workdir/hadoop-ozone/ozonefs/target/test-dir/MiniOzoneClusterImpl-a387bd8f-5630-4dea-a733-c907936cb7c3/datanode-2/data/ratis] (custom)
2019-09-25 07:19:37,564 [Thread-1077] INFO  hdfs.DFSUtil (DFSUtil.java:httpServerTemplateForNNAndJN(1641)) - Starting Web-server for hddsDatanode at: http://0.0.0.0:0
2019-09-25 07:19:37,565 [Thread-1077] INFO  server.AuthenticationFilter (AuthenticationFilter.java:constructSecretProvider(240)) - Unable to initialize FileSignerSecretProvider, falling back to use random secrets.
2019-09-25 07:19:37,566 [Thread-1077] WARN  http.HttpRequestLog (HttpRequestLog.java:getRequestLog(97)) - Jetty request log can only be enabled using Log4j
2019-09-25 07:19:37,567 [Thread-1077] INFO  http.HttpServer2 (HttpServer2.java:addGlobalFilter(975)) - Added global filter 'safety' (class=org.apache.hadoop.http.HttpServer2$QuotingInputFilter)
2019-09-25 07:19:37,568 [Thread-1077] INFO  http.HttpServer2 (HttpServer2.java:addFilter(948)) - Added filter static_user_filter (class=org.apache.hadoop.http.lib.StaticUserWebFilter$StaticUserFilter) to context hddsDatanode
2019-09-25 07:19:37,568 [Thread-1077] INFO  http.HttpServer2 (HttpServer2.java:addFilter(958)) - Added filter static_user_filter (class=org.apache.hadoop.http.lib.StaticUserWebFilter$StaticUserFilter) to context logs
2019-09-25 07:19:37,568 [Thread-1077] INFO  http.HttpServer2 (HttpServer2.java:addFilter(958)) - Added filter static_user_filter (class=org.apache.hadoop.http.lib.StaticUserWebFilter$StaticUserFilter) to context static
2019-09-25 07:19:37,569 [Thread-1077] INFO  http.HttpServer2 (HttpServer2.java:bindListener(1191)) - Jetty bound to port 42346
2019-09-25 07:19:37,569 [Thread-1077] INFO  server.Server (Server.java:doStart(351)) - jetty-9.3.25.v20180904, build timestamp: 2018-09-04T21:11:46Z, git hash: 3ce520221d0240229c862b122d2b06c12a625732
2019-09-25 07:19:37,571 [Thread-1077] INFO  handler.ContextHandler (ContextHandler.java:doStart(781)) - Started o.e.j.s.ServletContextHandler@26b60e97{/logs,file:///workdir/hadoop-ozone/ozonefs/target/log,AVAILABLE}
2019-09-25 07:19:37,571 [Thread-1077] INFO  handler.ContextHandler (ContextHandler.java:doStart(781)) - Started o.e.j.s.ServletContextHandler@313195f9{/static,jar:file:/home/user/.m2/repository/org/apache/hadoop/hadoop-hdds-container-service/0.5.0-SNAPSHOT/hadoop-hdds-container-service-0.5.0-SNAPSHOT.jar!/webapps/static,AVAILABLE}
2019-09-25 07:19:37,598 [Thread-1077] INFO  handler.ContextHandler (ContextHandler.java:doStart(781)) - Started o.e.j.w.WebAppContext@44646a56{/,file:///tmp/jetty-0.0.0.0-42346-hddsDatanode-_-any-329004744403356670.dir/webapp/,AVAILABLE}{/hddsDatanode}
2019-09-25 07:19:37,599 [Thread-1077] INFO  server.AbstractConnector (AbstractConnector.java:doStart(278)) - Started ServerConnector@6c3b331e{HTTP/1.1,[http/1.1]}{0.0.0.0:42346}
2019-09-25 07:19:37,600 [Thread-1077] INFO  server.Server (Server.java:doStart(419)) - Started @75121ms
2019-09-25 07:19:37,601 [Thread-1077] WARN  impl.MetricsSystemImpl (MetricsSystemImpl.java:register(276)) - Sink prometheus already exists!
2019-09-25 07:19:37,601 [Thread-1077] INFO  server.BaseHttpServer (BaseHttpServer.java:updateConnectorAddress(215)) - HTTP server of HDDSDATANODE is listening at http://0.0.0.0:42346
2019-09-25 07:19:37,602 [Thread-1077] INFO  ozone.MiniOzoneClusterImpl (MiniOzoneClusterImpl.java:lambda$waitForClusterToBeReady$0(147)) - Waiting for cluster to be ready. Got 0 of 3 DN Heartbeats.
2019-09-25 07:19:37,603 [org.apache.hadoop.util.JvmPauseMonitor$Monitor@8586dbd] INFO  util.JvmPauseMonitor (JvmPauseMonitor.java:run(188)) - Starting JVM pause monitor
2019-09-25 07:19:37,604 [Datanode State Machine Thread - 0] INFO  datanode.InitDatanodeState (InitDatanodeState.java:persistContainerDatanodeDetails(140)) - DatanodeDetails is persisted to /workdir/hadoop-ozone/ozonefs/target/test-dir/MiniOzoneClusterImpl-a387bd8f-5630-4dea-a733-c907936cb7c3/datanode-2/meta/datanode.id
2019-09-25 07:19:38,602 [Thread-1077] INFO  ozone.MiniOzoneClusterImpl (MiniOzoneClusterImpl.java:lambda$waitForClusterToBeReady$0(147)) - Waiting for cluster to be ready. Got 0 of 3 DN Heartbeats.
2019-09-25 07:19:39,472 [Datanode State Machine Thread - 0] INFO  ozoneimpl.OzoneContainer (OzoneContainer.java:start(217)) - Attempting to start container services.
2019-09-25 07:19:39,472 [Datanode State Machine Thread - 0] INFO  ozoneimpl.OzoneContainer (OzoneContainer.java:startContainerScrub(179)) - Background container scanner has been disabled.
2019-09-25 07:19:39,472 [Datanode State Machine Thread - 0] INFO  ratis.XceiverServerRatis (XceiverServerRatis.java:start(411)) - Starting XceiverServerRatis b90c4d13-5cd9-4e8f-bf45-3a1fa48f671f at port 0
2019-09-25 07:19:39,479 [Datanode State Machine Thread - 0] INFO  impl.RaftServerProxy (RaftServerProxy.java:lambda$start$3(299)) - b90c4d13-5cd9-4e8f-bf45-3a1fa48f671f: start RPC server
2019-09-25 07:19:39,482 [Datanode State Machine Thread - 0] INFO  server.GrpcService (GrpcService.java:startImpl(158)) - b90c4d13-5cd9-4e8f-bf45-3a1fa48f671f: GrpcService started, listening on 0.0.0.0/0.0.0.0:40246
2019-09-25 07:19:39,482 [Datanode State Machine Thread - 0] INFO  ratis.XceiverServerRatis (XceiverServerRatis.java:start(421)) - XceiverServerRatis b90c4d13-5cd9-4e8f-bf45-3a1fa48f671f is started using port 40246
2019-09-25 07:19:39,486 [Datanode State Machine Thread - 0] INFO  server.XceiverServerGrpc (XceiverServerGrpc.java:start(149)) - XceiverServerGrpc b90c4d13-5cd9-4e8f-bf45-3a1fa48f671f is started using port 33382
2019-09-25 07:19:39,541 [Datanode State Machine Thread - 0] INFO  ozoneimpl.OzoneContainer (OzoneContainer.java:start(217)) - Attempting to start container services.
2019-09-25 07:19:39,541 [Datanode State Machine Thread - 0] INFO  ozoneimpl.OzoneContainer (OzoneContainer.java:startContainerScrub(179)) - Background container scanner has been disabled.
2019-09-25 07:19:39,542 [Datanode State Machine Thread - 0] INFO  ratis.XceiverServerRatis (XceiverServerRatis.java:start(411)) - Starting XceiverServerRatis a834d882-1648-4f8e-9ed2-2af76b2ecc63 at port 0
2019-09-25 07:19:39,550 [Datanode State Machine Thread - 0] INFO  impl.RaftServerProxy (RaftServerProxy.java:lambda$start$3(299)) - a834d882-1648-4f8e-9ed2-2af76b2ecc63: start RPC server
2019-09-25 07:19:39,551 [Datanode State Machine Thread - 0] INFO  server.GrpcService (GrpcService.java:startImpl(158)) - a834d882-1648-4f8e-9ed2-2af76b2ecc63: GrpcService started, listening on 0.0.0.0/0.0.0.0:42145
2019-09-25 07:19:39,551 [Datanode State Machine Thread - 0] INFO  ratis.XceiverServerRatis (XceiverServerRatis.java:start(421)) - XceiverServerRatis a834d882-1648-4f8e-9ed2-2af76b2ecc63 is started using port 42145
2019-09-25 07:19:39,552 [Datanode State Machine Thread - 0] INFO  server.XceiverServerGrpc (XceiverServerGrpc.java:start(149)) - XceiverServerGrpc a834d882-1648-4f8e-9ed2-2af76b2ecc63 is started using port 39151
2019-09-25 07:19:39,602 [Thread-1077] INFO  ozone.MiniOzoneClusterImpl (MiniOzoneClusterImpl.java:lambda$waitForClusterToBeReady$0(147)) - Waiting for cluster to be ready. Got 0 of 3 DN Heartbeats.
2019-09-25 07:19:39,619 [Datanode State Machine Thread - 0] INFO  ozoneimpl.OzoneContainer (OzoneContainer.java:start(217)) - Attempting to start container services.
2019-09-25 07:19:39,619 [Datanode State Machine Thread - 0] INFO  ozoneimpl.OzoneContainer (OzoneContainer.java:startContainerScrub(179)) - Background container scanner has been disabled.
2019-09-25 07:19:39,619 [Datanode State Machine Thread - 0] INFO  ratis.XceiverServerRatis (XceiverServerRatis.java:start(411)) - Starting XceiverServerRatis b1599e75-efd0-47a4-8a8f-add4431e6892 at port 0
2019-09-25 07:19:39,626 [Datanode State Machine Thread - 0] INFO  impl.RaftServerProxy (RaftServerProxy.java:lambda$start$3(299)) - b1599e75-efd0-47a4-8a8f-add4431e6892: start RPC server
2019-09-25 07:19:39,627 [Datanode State Machine Thread - 0] INFO  server.GrpcService (GrpcService.java:startImpl(158)) - b1599e75-efd0-47a4-8a8f-add4431e6892: GrpcService started, listening on 0.0.0.0/0.0.0.0:42922
2019-09-25 07:19:39,627 [Datanode State Machine Thread - 0] INFO  ratis.XceiverServerRatis (XceiverServerRatis.java:start(421)) - XceiverServerRatis b1599e75-efd0-47a4-8a8f-add4431e6892 is started using port 42922
2019-09-25 07:19:39,628 [Datanode State Machine Thread - 0] INFO  server.XceiverServerGrpc (XceiverServerGrpc.java:start(149)) - XceiverServerGrpc b1599e75-efd0-47a4-8a8f-add4431e6892 is started using port 37871
2019-09-25 07:19:40,603 [Thread-1077] INFO  ozone.MiniOzoneClusterImpl (MiniOzoneClusterImpl.java:lambda$waitForClusterToBeReady$0(147)) - Waiting for cluster to be ready. Got 0 of 3 DN Heartbeats.
2019-09-25 07:19:41,455 [IPC Server handler 0 on 40672] INFO  net.NetworkTopology (NetworkTopologyImpl.java:add(111)) - Added a new node: /default-rack/b90c4d13-5cd9-4e8f-bf45-3a1fa48f671f
2019-09-25 07:19:41,457 [IPC Server handler 0 on 40672] INFO  node.SCMNodeManager (SCMNodeManager.java:register(266)) - Registered Data node : b90c4d13-5cd9-4e8f-bf45-3a1fa48f671f{ip: 192.168.30.10, host: pr-hdds-1569-s62bp-3040748787, networkLocation: /default-rack, certSerialId: null}
2019-09-25 07:19:41,458 [EventQueue-NodeRegistrationContainerReportForDataNodeSafeModeRule] INFO  safemode.SCMSafeModeManager (DataNodeSafeModeRule.java:process(71)) - SCM in safe mode. 1 DataNodes registered, 1 required.
2019-09-25 07:19:41,459 [EventQueue-NodeRegistrationContainerReportForContainerSafeModeRule] INFO  safemode.SCMSafeModeManager (SCMSafeModeManager.java:validateSafeModeExitRules(177)) - ScmSafeModeManager, all rules are successfully validated
2019-09-25 07:19:41,459 [EventQueue-NodeRegistrationContainerReportForContainerSafeModeRule] INFO  safemode.SCMSafeModeManager (SCMSafeModeManager.java:exitSafeMode(193)) - SCM exiting safe mode.
2019-09-25 07:19:41,470 [grpc-default-executor-0] INFO  impl.RaftServerProxy (RaftServerProxy.java:addNew(89)) - b90c4d13-5cd9-4e8f-bf45-3a1fa48f671f: addNew group-E5082AE508EB:[b90c4d13-5cd9-4e8f-bf45-3a1fa48f671f:192.168.30.10:40246] returns group-E5082AE508EB:java.util.concurrent.CompletableFuture@6e4b4423[Not completed]
2019-09-25 07:19:41,472 [pool-227-thread-1] INFO  impl.RaftServerImpl (RaftServerImpl.java:<init>(95)) - b90c4d13-5cd9-4e8f-bf45-3a1fa48f671f: new RaftServerImpl for group-E5082AE508EB:[b90c4d13-5cd9-4e8f-bf45-3a1fa48f671f:192.168.30.10:40246] with ContainerStateMachine:uninitialized
2019-09-25 07:19:41,472 [pool-227-thread-1] INFO  server.RaftServerConfigKeys (ConfUtils.java:logGet(43)) - raft.server.rpc.timeout.min = 5s (custom)
2019-09-25 07:19:41,472 [pool-227-thread-1] INFO  server.RaftServerConfigKeys (ConfUtils.java:logGet(43)) - raft.server.rpc.timeout.max = 5200ms (custom)
2019-09-25 07:19:41,472 [pool-227-thread-1] INFO  server.RaftServerConfigKeys (ConfUtils.java:logGet(43)) - raft.server.rpcslowness.timeout = 120s (custom)
2019-09-25 07:19:41,472 [pool-227-thread-1] INFO  server.RaftServerConfigKeys (ConfUtils.java:logGet(43)) - raft.server.sleep.deviation.threshold = 300 (default)
2019-09-25 07:19:41,472 [pool-227-thread-1] INFO  server.RaftServerConfigKeys (ConfUtils.java:logGet(43)) - raft.server.log.appender.install.snapshot.enabled = false (custom)
2019-09-25 07:19:41,473 [pool-227-thread-1] INFO  impl.RaftServerImpl (ServerState.java:<init>(103)) - b90c4d13-5cd9-4e8f-bf45-3a1fa48f671f@group-E5082AE508EB: ConfigurationManager, init=-1: [b90c4d13-5cd9-4e8f-bf45-3a1fa48f671f:192.168.30.10:40246], old=null, confs=<EMPTY_MAP>
2019-09-25 07:19:41,473 [pool-227-thread-1] INFO  server.RaftServerConfigKeys (ConfUtils.java:logGet(43)) - raft.server.storage.dir = [/workdir/hadoop-ozone/ozonefs/target/test-dir/MiniOzoneClusterImpl-a387bd8f-5630-4dea-a733-c907936cb7c3/datanode-0/data/ratis] (custom)
2019-09-25 07:19:41,473 [pool-227-thread-1] INFO  storage.RaftStorageDirectory (RaftStorageDirectory.java:analyzeStorage(246)) - The storage directory /workdir/hadoop-ozone/ozonefs/target/test-dir/MiniOzoneClusterImpl-a387bd8f-5630-4dea-a733-c907936cb7c3/datanode-0/data/ratis/d7ade226-d7f8-4caf-bfb5-e5082ae508eb does not exist. Creating ...
2019-09-25 07:19:41,487 [pool-227-thread-1] INFO  storage.RaftStorageDirectory (RaftStorageDirectory.java:tryLock(328)) - Lock on /workdir/hadoop-ozone/ozonefs/target/test-dir/MiniOzoneClusterImpl-a387bd8f-5630-4dea-a733-c907936cb7c3/datanode-0/data/ratis/d7ade226-d7f8-4caf-bfb5-e5082ae508eb/in_use.lock acquired by nodename 21239@pr-hdds-1569-s62bp-3040748787
2019-09-25 07:19:41,500 [pool-227-thread-1] INFO  storage.RaftStorage (RaftStorage.java:format(72)) - Storage directory /workdir/hadoop-ozone/ozonefs/target/test-dir/MiniOzoneClusterImpl-a387bd8f-5630-4dea-a733-c907936cb7c3/datanode-0/data/ratis/d7ade226-d7f8-4caf-bfb5-e5082ae508eb has been successfully formatted.
2019-09-25 07:19:41,500 [pool-227-thread-1] INFO  ratis.ContainerStateMachine (ContainerStateMachine.java:loadSnapshot(230)) - group-E5082AE508EB: The snapshot info is null. Setting the last applied indexto:(t:0, i:~)
2019-09-25 07:19:41,500 [pool-227-thread-1] INFO  server.RaftServerConfigKeys (ConfUtils.java:logGet(43)) - raft.server.notification.no-leader.timeout = 120s (custom)
2019-09-25 07:19:41,500 [pool-227-thread-1] INFO  server.RaftServerConfigKeys (ConfUtils.java:logGet(43)) - raft.server.log.use.memory = false (default)
2019-09-25 07:19:41,501 [pool-227-thread-1] INFO  server.RaftServerConfigKeys (ConfUtils.java:logGet(43)) - raft.server.log.purge.gap = 1000000 (custom)
2019-09-25 07:19:41,501 [pool-227-thread-1] INFO  server.RaftServerConfigKeys (ConfUtils.java:logGet(43)) - raft.server.log.appender.buffer.byte-limit = 33554432 (custom)
2019-09-25 07:19:41,501 [pool-227-thread-1] INFO  server.RaftServerConfigKeys (ConfUtils.java:logGet(43)) - raft.server.log.segment.size.max = 1048576 (custom)
2019-09-25 07:19:41,501 [pool-227-thread-1] INFO  server.RaftServerConfigKeys (ConfUtils.java:logGet(43)) - raft.server.log.segment.cache.num.max = 2 (custom)
2019-09-25 07:19:41,501 [pool-227-thread-1] INFO  segmented.SegmentedRaftLogWorker (SegmentedRaftLogWorker.java:<init>(172)) - new b90c4d13-5cd9-4e8f-bf45-3a1fa48f671f@group-E5082AE508EB-SegmentedRaftLogWorker for RaftStorage:Storage Directory /workdir/hadoop-ozone/ozonefs/target/test-dir/MiniOzoneClusterImpl-a387bd8f-5630-4dea-a733-c907936cb7c3/datanode-0/data/ratis/d7ade226-d7f8-4caf-bfb5-e5082ae508eb
2019-09-25 07:19:41,504 [pool-227-thread-1] INFO  server.RaftServerConfigKeys (ConfUtils.java:logGet(43)) - raft.server.log.queue.byte-limit = 2147483647 (custom)
2019-09-25 07:19:41,504 [pool-227-thread-1] INFO  server.RaftServerConfigKeys (ConfUtils.java:logGet(43)) - raft.server.log.queue.element-limit = 1024 (custom)
2019-09-25 07:19:41,504 [pool-227-thread-1] INFO  server.RaftServerConfigKeys (ConfUtils.java:logGet(43)) - raft.server.log.segment.size.max = 1048576 (custom)
2019-09-25 07:19:41,504 [pool-227-thread-1] INFO  server.RaftServerConfigKeys (ConfUtils.java:logGet(43)) - raft.server.log.preallocated.size = 16384 (custom)
2019-09-25 07:19:41,504 [pool-227-thread-1] INFO  server.RaftServerConfigKeys (ConfUtils.java:logGet(43)) - raft.server.log.write.buffer.size = 33554432 (custom)
2019-09-25 07:19:41,504 [pool-227-thread-1] INFO  server.RaftServerConfigKeys (ConfUtils.java:logGet(43)) - raft.server.log.force.sync.num = 128 (default)
2019-09-25 07:19:41,505 [pool-227-thread-1] INFO  server.RaftServerConfigKeys (ConfUtils.java:logGet(43)) - raft.server.log.statemachine.data.sync = true (default)
2019-09-25 07:19:41,505 [pool-227-thread-1] INFO  server.RaftServerConfigKeys (ConfUtils.java:logGet(43)) - raft.server.log.statemachine.data.sync.timeout = 10s (default)
2019-09-25 07:19:41,505 [pool-227-thread-1] INFO  server.RaftServerConfigKeys (ConfUtils.java:logGet(43)) - raft.server.log.statemachine.data.sync.timeout.retry = -1 (default)
2019-09-25 07:19:41,505 [pool-227-thread-1] INFO  server.RaftServerConfigKeys (ConfUtils.java:logGet(43)) - raft.server.log.statemachine.data.caching.enabled = true (custom)
2019-09-25 07:19:41,506 [pool-227-thread-1] INFO  segmented.SegmentedRaftLogWorker (SegmentedRaftLogWorker.java:lambda$new$0(132)) - b90c4d13-5cd9-4e8f-bf45-3a1fa48f671f@group-E5082AE508EB-SegmentedRaftLogWorker: flushIndex: setUnconditionally 0 -> -1
2019-09-25 07:19:41,506 [pool-227-thread-1] INFO  server.RaftServerConfigKeys (ConfUtils.java:logGet(43)) - raft.server.snapshot.auto.trigger.enabled = true (custom)
2019-09-25 07:19:41,506 [pool-227-thread-1] INFO  server.RaftServerConfigKeys (ConfUtils.java:logGet(43)) - raft.server.snapshot.auto.trigger.threshold = 10000 (custom)
2019-09-25 07:19:41,506 [pool-227-thread-1] INFO  server.RaftServerConfigKeys (ConfUtils.java:logGet(43)) - raft.server.snapshot.retention.num.files = 5 (custom)
2019-09-25 07:19:41,507 [pool-227-thread-1] INFO  server.RaftServerConfigKeys (ConfUtils.java:logGet(43)) - raft.server.retrycache.expirytime = 600000ms (custom)
2019-09-25 07:19:41,509 [pool-227-thread-1] INFO  impl.RaftServerImpl (RaftServerImpl.java:start(185)) - b90c4d13-5cd9-4e8f-bf45-3a1fa48f671f@group-E5082AE508EB: start as a follower, conf=-1: [b90c4d13-5cd9-4e8f-bf45-3a1fa48f671f:192.168.30.10:40246], old=null
2019-09-25 07:19:41,509 [pool-227-thread-1] INFO  impl.RaftServerImpl (RaftServerImpl.java:setRole(174)) - b90c4d13-5cd9-4e8f-bf45-3a1fa48f671f@group-E5082AE508EB: changes role from      null to FOLLOWER at term 0 for startAsFollower
2019-09-25 07:19:41,509 [pool-227-thread-1] INFO  impl.RoleInfo (RoleInfo.java:updateAndGet(143)) - b90c4d13-5cd9-4e8f-bf45-3a1fa48f671f: start FollowerState
2019-09-25 07:19:41,510 [pool-227-thread-1] INFO  util.JmxRegister (JmxRegister.java:tryRegister(44)) - Successfully registered JMX Bean with object name Ratis:service=RaftServer,group=group-E5082AE508EB,id=b90c4d13-5cd9-4e8f-bf45-3a1fa48f671f
2019-09-25 07:19:41,514 [RatisPipelineUtilsThread] INFO  pipeline.PipelineStateManager (PipelineStateManager.java:addPipeline(56)) - Created pipeline Pipeline[ Id: d7ade226-d7f8-4caf-bfb5-e5082ae508eb, Nodes: b90c4d13-5cd9-4e8f-bf45-3a1fa48f671f{ip: 192.168.30.10, host: pr-hdds-1569-s62bp-3040748787, networkLocation: /default-rack, certSerialId: null}, Type:RATIS, Factor:ONE, State:OPEN]
2019-09-25 07:19:41,521 [grpc-default-executor-0] INFO  impl.RaftServerProxy (RaftServerProxy.java:addNew(89)) - b90c4d13-5cd9-4e8f-bf45-3a1fa48f671f: addNew group-908D03C6866B:[b90c4d13-5cd9-4e8f-bf45-3a1fa48f671f:192.168.30.10:40246] returns group-908D03C6866B:java.util.concurrent.CompletableFuture@5fef8e38[Not completed]
2019-09-25 07:19:41,522 [pool-227-thread-1] INFO  impl.RaftServerImpl (RaftServerImpl.java:<init>(95)) - b90c4d13-5cd9-4e8f-bf45-3a1fa48f671f: new RaftServerImpl for group-908D03C6866B:[b90c4d13-5cd9-4e8f-bf45-3a1fa48f671f:192.168.30.10:40246] with ContainerStateMachine:uninitialized
2019-09-25 07:19:41,522 [pool-227-thread-1] INFO  server.RaftServerConfigKeys (ConfUtils.java:logGet(43)) - raft.server.rpc.timeout.min = 5s (custom)
2019-09-25 07:19:41,522 [pool-227-thread-1] INFO  server.RaftServerConfigKeys (ConfUtils.java:logGet(43)) - raft.server.rpc.timeout.max = 5200ms (custom)
2019-09-25 07:19:41,522 [pool-227-thread-1] INFO  server.RaftServerConfigKeys (ConfUtils.java:logGet(43)) - raft.server.rpcslowness.timeout = 120s (custom)
2019-09-25 07:19:41,522 [pool-227-thread-1] INFO  server.RaftServerConfigKeys (ConfUtils.java:logGet(43)) - raft.server.sleep.deviation.threshold = 300 (default)
2019-09-25 07:19:41,523 [pool-227-thread-1] INFO  server.RaftServerConfigKeys (ConfUtils.java:logGet(43)) - raft.server.log.appender.install.snapshot.enabled = false (custom)
2019-09-25 07:19:41,523 [pool-227-thread-1] INFO  impl.RaftServerImpl (ServerState.java:<init>(103)) - b90c4d13-5cd9-4e8f-bf45-3a1fa48f671f@group-908D03C6866B: ConfigurationManager, init=-1: [b90c4d13-5cd9-4e8f-bf45-3a1fa48f671f:192.168.30.10:40246], old=null, confs=<EMPTY_MAP>
2019-09-25 07:19:41,523 [pool-227-thread-1] INFO  server.RaftServerConfigKeys (ConfUtils.java:logGet(43)) - raft.server.storage.dir = [/workdir/hadoop-ozone/ozonefs/target/test-dir/MiniOzoneClusterImpl-a387bd8f-5630-4dea-a733-c907936cb7c3/datanode-0/data/ratis] (custom)
2019-09-25 07:19:41,523 [pool-227-thread-1] INFO  storage.RaftStorageDirectory (RaftStorageDirectory.java:analyzeStorage(246)) - The storage directory /workdir/hadoop-ozone/ozonefs/target/test-dir/MiniOzoneClusterImpl-a387bd8f-5630-4dea-a733-c907936cb7c3/datanode-0/data/ratis/2f0a5ae0-52b9-4b39-9e45-908d03c6866b does not exist. Creating ...
2019-09-25 07:19:41,526 [IPC Server handler 1 on 40672] INFO  net.NetworkTopology (NetworkTopologyImpl.java:add(111)) - Added a new node: /default-rack/a834d882-1648-4f8e-9ed2-2af76b2ecc63
2019-09-25 07:19:41,526 [IPC Server handler 1 on 40672] INFO  node.SCMNodeManager (SCMNodeManager.java:register(266)) - Registered Data node : a834d882-1648-4f8e-9ed2-2af76b2ecc63{ip: 192.168.30.10, host: pr-hdds-1569-s62bp-3040748787, networkLocation: /default-rack, certSerialId: null}
2019-09-25 07:19:41,536 [pool-227-thread-1] INFO  storage.RaftStorageDirectory (RaftStorageDirectory.java:tryLock(328)) - Lock on /workdir/hadoop-ozone/ozonefs/target/test-dir/MiniOzoneClusterImpl-a387bd8f-5630-4dea-a733-c907936cb7c3/datanode-0/data/ratis/2f0a5ae0-52b9-4b39-9e45-908d03c6866b/in_use.lock acquired by nodename 21239@pr-hdds-1569-s62bp-3040748787
2019-09-25 07:19:41,549 [pool-227-thread-1] INFO  storage.RaftStorage (RaftStorage.java:format(72)) - Storage directory /workdir/hadoop-ozone/ozonefs/target/test-dir/MiniOzoneClusterImpl-a387bd8f-5630-4dea-a733-c907936cb7c3/datanode-0/data/ratis/2f0a5ae0-52b9-4b39-9e45-908d03c6866b has been successfully formatted.
2019-09-25 07:19:41,549 [pool-227-thread-1] INFO  ratis.ContainerStateMachine (ContainerStateMachine.java:loadSnapshot(230)) - group-908D03C6866B: The snapshot info is null. Setting the last applied indexto:(t:0, i:~)
2019-09-25 07:19:41,549 [pool-227-thread-1] INFO  server.RaftServerConfigKeys (ConfUtils.java:logGet(43)) - raft.server.notification.no-leader.timeout = 120s (custom)
2019-09-25 07:19:41,549 [pool-227-thread-1] INFO  server.RaftServerConfigKeys (ConfUtils.java:logGet(43)) - raft.server.log.use.memory = false (default)
2019-09-25 07:19:41,549 [pool-227-thread-1] INFO  server.RaftServerConfigKeys (ConfUtils.java:logGet(43)) - raft.server.log.purge.gap = 1000000 (custom)
2019-09-25 07:19:41,550 [pool-227-thread-1] INFO  server.RaftServerConfigKeys (ConfUtils.java:logGet(43)) - raft.server.log.appender.buffer.byte-limit = 33554432 (custom)
2019-09-25 07:19:41,550 [pool-227-thread-1] INFO  server.RaftServerConfigKeys (ConfUtils.java:logGet(43)) - raft.server.log.segment.size.max = 1048576 (custom)
2019-09-25 07:19:41,550 [pool-227-thread-1] INFO  server.RaftServerConfigKeys (ConfUtils.java:logGet(43)) - raft.server.log.segment.cache.num.max = 2 (custom)
2019-09-25 07:19:41,550 [pool-227-thread-1] INFO  segmented.SegmentedRaftLogWorker (SegmentedRaftLogWorker.java:<init>(172)) - new b90c4d13-5cd9-4e8f-bf45-3a1fa48f671f@group-908D03C6866B-SegmentedRaftLogWorker for RaftStorage:Storage Directory /workdir/hadoop-ozone/ozonefs/target/test-dir/MiniOzoneClusterImpl-a387bd8f-5630-4dea-a733-c907936cb7c3/datanode-0/data/ratis/2f0a5ae0-52b9-4b39-9e45-908d03c6866b
2019-09-25 07:19:41,550 [pool-227-thread-1] INFO  server.RaftServerConfigKeys (ConfUtils.java:logGet(43)) - raft.server.log.queue.byte-limit = 2147483647 (custom)
2019-09-25 07:19:41,550 [pool-227-thread-1] INFO  server.RaftServerConfigKeys (ConfUtils.java:logGet(43)) - raft.server.log.queue.element-limit = 1024 (custom)
2019-09-25 07:19:41,551 [pool-227-thread-1] INFO  server.RaftServerConfigKeys (ConfUtils.java:logGet(43)) - raft.server.log.segment.size.max = 1048576 (custom)
2019-09-25 07:19:41,551 [pool-227-thread-1] INFO  server.RaftServerConfigKeys (ConfUtils.java:logGet(43)) - raft.server.log.preallocated.size = 16384 (custom)
2019-09-25 07:19:41,551 [pool-227-thread-1] INFO  server.RaftServerConfigKeys (ConfUtils.java:logGet(43)) - raft.server.log.write.buffer.size = 33554432 (custom)
2019-09-25 07:19:41,551 [pool-227-thread-1] INFO  server.RaftServerConfigKeys (ConfUtils.java:logGet(43)) - raft.server.log.force.sync.num = 128 (default)
2019-09-25 07:19:41,551 [pool-227-thread-1] INFO  server.RaftServerConfigKeys (ConfUtils.java:logGet(43)) - raft.server.log.statemachine.data.sync = true (default)
2019-09-25 07:19:41,551 [pool-227-thread-1] INFO  server.RaftServerConfigKeys (ConfUtils.java:logGet(43)) - raft.server.log.statemachine.data.sync.timeout = 10s (default)
2019-09-25 07:19:41,551 [pool-227-thread-1] INFO  server.RaftServerConfigKeys (ConfUtils.java:logGet(43)) - raft.server.log.statemachine.data.sync.timeout.retry = -1 (default)
2019-09-25 07:19:41,552 [pool-227-thread-1] INFO  server.RaftServerConfigKeys (ConfUtils.java:logGet(43)) - raft.server.log.statemachine.data.caching.enabled = true (custom)
2019-09-25 07:19:41,552 [pool-227-thread-1] INFO  segmented.SegmentedRaftLogWorker (SegmentedRaftLogWorker.java:lambda$new$0(132)) - b90c4d13-5cd9-4e8f-bf45-3a1fa48f671f@group-908D03C6866B-SegmentedRaftLogWorker: flushIndex: setUnconditionally 0 -> -1
2019-09-25 07:19:41,552 [pool-227-thread-1] INFO  server.RaftServerConfigKeys (ConfUtils.java:logGet(43)) - raft.server.snapshot.auto.trigger.enabled = true (custom)
2019-09-25 07:19:41,552 [pool-227-thread-1] INFO  server.RaftServerConfigKeys (ConfUtils.java:logGet(43)) - raft.server.snapshot.auto.trigger.threshold = 10000 (custom)
2019-09-25 07:19:41,552 [pool-227-thread-1] INFO  server.RaftServerConfigKeys (ConfUtils.java:logGet(43)) - raft.server.snapshot.retention.num.files = 5 (custom)
2019-09-25 07:19:41,553 [pool-227-thread-1] INFO  server.RaftServerConfigKeys (ConfUtils.java:logGet(43)) - raft.server.retrycache.expirytime = 600000ms (custom)
2019-09-25 07:19:41,554 [pool-227-thread-1] INFO  impl.RaftServerImpl (RaftServerImpl.java:start(185)) - b90c4d13-5cd9-4e8f-bf45-3a1fa48f671f@group-908D03C6866B: start as a follower, conf=-1: [b90c4d13-5cd9-4e8f-bf45-3a1fa48f671f:192.168.30.10:40246], old=null
2019-09-25 07:19:41,554 [pool-227-thread-1] INFO  impl.RaftServerImpl (RaftServerImpl.java:setRole(174)) - b90c4d13-5cd9-4e8f-bf45-3a1fa48f671f@group-908D03C6866B: changes role from      null to FOLLOWER at term 0 for startAsFollower
2019-09-25 07:19:41,555 [pool-227-thread-1] INFO  impl.RoleInfo (RoleInfo.java:updateAndGet(143)) - b90c4d13-5cd9-4e8f-bf45-3a1fa48f671f: start FollowerState
2019-09-25 07:19:41,555 [pool-227-thread-1] INFO  util.JmxRegister (JmxRegister.java:tryRegister(44)) - Successfully registered JMX Bean with object name Ratis:service=RaftServer,group=group-908D03C6866B,id=b90c4d13-5cd9-4e8f-bf45-3a1fa48f671f
2019-09-25 07:19:41,558 [RatisPipelineUtilsThread] INFO  pipeline.PipelineStateManager (PipelineStateManager.java:addPipeline(56)) - Created pipeline Pipeline[ Id: 2f0a5ae0-52b9-4b39-9e45-908d03c6866b, Nodes: b90c4d13-5cd9-4e8f-bf45-3a1fa48f671f{ip: 192.168.30.10, host: pr-hdds-1569-s62bp-3040748787, networkLocation: /default-rack, certSerialId: null}, Type:RATIS, Factor:ONE, State:OPEN]
2019-09-25 07:19:41,564 [grpc-default-executor-0] INFO  impl.RaftServerProxy (RaftServerProxy.java:addNew(89)) - b90c4d13-5cd9-4e8f-bf45-3a1fa48f671f: addNew group-F7563A95C6E2:[b90c4d13-5cd9-4e8f-bf45-3a1fa48f671f:192.168.30.10:40246] returns group-F7563A95C6E2:java.util.concurrent.CompletableFuture@e64bb6c[Not completed]
2019-09-25 07:19:41,565 [pool-227-thread-1] INFO  impl.RaftServerImpl (RaftServerImpl.java:<init>(95)) - b90c4d13-5cd9-4e8f-bf45-3a1fa48f671f: new RaftServerImpl for group-F7563A95C6E2:[b90c4d13-5cd9-4e8f-bf45-3a1fa48f671f:192.168.30.10:40246] with ContainerStateMachine:uninitialized
2019-09-25 07:19:41,565 [pool-227-thread-1] INFO  server.RaftServerConfigKeys (ConfUtils.java:logGet(43)) - raft.server.rpc.timeout.min = 5s (custom)
2019-09-25 07:19:41,565 [pool-227-thread-1] INFO  server.RaftServerConfigKeys (ConfUtils.java:logGet(43)) - raft.server.rpc.timeout.max = 5200ms (custom)
2019-09-25 07:19:41,565 [pool-227-thread-1] INFO  server.RaftServerConfigKeys (ConfUtils.java:logGet(43)) - raft.server.rpcslowness.timeout = 120s (custom)
2019-09-25 07:19:41,566 [pool-227-thread-1] INFO  server.RaftServerConfigKeys (ConfUtils.java:logGet(43)) - raft.server.sleep.deviation.threshold = 300 (default)
2019-09-25 07:19:41,566 [pool-227-thread-1] INFO  server.RaftServerConfigKeys (ConfUtils.java:logGet(43)) - raft.server.log.appender.install.snapshot.enabled = false (custom)
2019-09-25 07:19:41,566 [pool-227-thread-1] INFO  impl.RaftServerImpl (ServerState.java:<init>(103)) - b90c4d13-5cd9-4e8f-bf45-3a1fa48f671f@group-F7563A95C6E2: ConfigurationManager, init=-1: [b90c4d13-5cd9-4e8f-bf45-3a1fa48f671f:192.168.30.10:40246], old=null, confs=<EMPTY_MAP>
2019-09-25 07:19:41,566 [pool-227-thread-1] INFO  server.RaftServerConfigKeys (ConfUtils.java:logGet(43)) - raft.server.storage.dir = [/workdir/hadoop-ozone/ozonefs/target/test-dir/MiniOzoneClusterImpl-a387bd8f-5630-4dea-a733-c907936cb7c3/datanode-0/data/ratis] (custom)
2019-09-25 07:19:41,566 [pool-227-thread-1] INFO  storage.RaftStorageDirectory (RaftStorageDirectory.java:analyzeStorage(246)) - The storage directory /workdir/hadoop-ozone/ozonefs/target/test-dir/MiniOzoneClusterImpl-a387bd8f-5630-4dea-a733-c907936cb7c3/datanode-0/data/ratis/72365f0f-3fbe-4dfb-ae0c-f7563a95c6e2 does not exist. Creating ...
2019-09-25 07:19:41,579 [pool-227-thread-1] INFO  storage.RaftStorageDirectory (RaftStorageDirectory.java:tryLock(328)) - Lock on /workdir/hadoop-ozone/ozonefs/target/test-dir/MiniOzoneClusterImpl-a387bd8f-5630-4dea-a733-c907936cb7c3/datanode-0/data/ratis/72365f0f-3fbe-4dfb-ae0c-f7563a95c6e2/in_use.lock acquired by nodename 21239@pr-hdds-1569-s62bp-3040748787
2019-09-25 07:19:41,592 [pool-227-thread-1] INFO  storage.RaftStorage (RaftStorage.java:format(72)) - Storage directory /workdir/hadoop-ozone/ozonefs/target/test-dir/MiniOzoneClusterImpl-a387bd8f-5630-4dea-a733-c907936cb7c3/datanode-0/data/ratis/72365f0f-3fbe-4dfb-ae0c-f7563a95c6e2 has been successfully formatted.
2019-09-25 07:19:41,592 [pool-227-thread-1] INFO  ratis.ContainerStateMachine (ContainerStateMachine.java:loadSnapshot(230)) - group-F7563A95C6E2: The snapshot info is null. Setting the last applied indexto:(t:0, i:~)
2019-09-25 07:19:41,592 [pool-227-thread-1] INFO  server.RaftServerConfigKeys (ConfUtils.java:logGet(43)) - raft.server.notification.no-leader.timeout = 120s (custom)
2019-09-25 07:19:41,592 [pool-227-thread-1] INFO  server.RaftServerConfigKeys (ConfUtils.java:logGet(43)) - raft.server.log.use.memory = false (default)
2019-09-25 07:19:41,592 [pool-227-thread-1] INFO  server.RaftServerConfigKeys (ConfUtils.java:logGet(43)) - raft.server.log.purge.gap = 1000000 (custom)
2019-09-25 07:19:41,592 [pool-227-thread-1] INFO  server.RaftServerConfigKeys (ConfUtils.java:logGet(43)) - raft.server.log.appender.buffer.byte-limit = 33554432 (custom)
2019-09-25 07:19:41,592 [pool-227-thread-1] INFO  server.RaftServerConfigKeys (ConfUtils.java:logGet(43)) - raft.server.log.segment.size.max = 1048576 (custom)
2019-09-25 07:19:41,593 [pool-227-thread-1] INFO  server.RaftServerConfigKeys (ConfUtils.java:logGet(43)) - raft.server.log.segment.cache.num.max = 2 (custom)
2019-09-25 07:19:41,593 [pool-227-thread-1] INFO  segmented.SegmentedRaftLogWorker (SegmentedRaftLogWorker.java:<init>(172)) - new b90c4d13-5cd9-4e8f-bf45-3a1fa48f671f@group-F7563A95C6E2-SegmentedRaftLogWorker for RaftStorage:Storage Directory /workdir/hadoop-ozone/ozonefs/target/test-dir/MiniOzoneClusterImpl-a387bd8f-5630-4dea-a733-c907936cb7c3/datanode-0/data/ratis/72365f0f-3fbe-4dfb-ae0c-f7563a95c6e2
2019-09-25 07:19:41,593 [pool-227-thread-1] INFO  server.RaftServerConfigKeys (ConfUtils.java:logGet(43)) - raft.server.log.queue.byte-limit = 2147483647 (custom)
2019-09-25 07:19:41,593 [pool-227-thread-1] INFO  server.RaftServerConfigKeys (ConfUtils.java:logGet(43)) - raft.server.log.queue.element-limit = 1024 (custom)
2019-09-25 07:19:41,593 [pool-227-thread-1] INFO  server.RaftServerConfigKeys (ConfUtils.java:logGet(43)) - raft.server.log.segment.size.max = 1048576 (custom)
2019-09-25 07:19:41,593 [pool-227-thread-1] INFO  server.RaftServerConfigKeys (ConfUtils.java:logGet(43)) - raft.server.log.preallocated.size = 16384 (custom)
2019-09-25 07:19:41,593 [pool-227-thread-1] INFO  server.RaftServerConfigKeys (ConfUtils.java:logGet(43)) - raft.server.log.write.buffer.size = 33554432 (custom)
2019-09-25 07:19:41,593 [pool-227-thread-1] INFO  server.RaftServerConfigKeys (ConfUtils.java:logGet(43)) - raft.server.log.force.sync.num = 128 (default)
2019-09-25 07:19:41,593 [pool-227-thread-1] INFO  server.RaftServerConfigKeys (ConfUtils.java:logGet(43)) - raft.server.log.statemachine.data.sync = true (default)
2019-09-25 07:19:41,594 [pool-227-thread-1] INFO  server.RaftServerConfigKeys (ConfUtils.java:logGet(43)) - raft.server.log.statemachine.data.sync.timeout = 10s (default)
2019-09-25 07:19:41,594 [pool-227-thread-1] INFO  server.RaftServerConfigKeys (ConfUtils.java:logGet(43)) - raft.server.log.statemachine.data.sync.timeout.retry = -1 (default)
2019-09-25 07:19:41,594 [pool-227-thread-1] INFO  server.RaftServerConfigKeys (ConfUtils.java:logGet(43)) - raft.server.log.statemachine.data.caching.enabled = true (custom)
2019-09-25 07:19:41,594 [pool-227-thread-1] INFO  segmented.SegmentedRaftLogWorker (SegmentedRaftLogWorker.java:lambda$new$0(132)) - b90c4d13-5cd9-4e8f-bf45-3a1fa48f671f@group-F7563A95C6E2-SegmentedRaftLogWorker: flushIndex: setUnconditionally 0 -> -1
2019-09-25 07:19:41,594 [pool-227-thread-1] INFO  server.RaftServerConfigKeys (ConfUtils.java:logGet(43)) - raft.server.snapshot.auto.trigger.enabled = true (custom)
2019-09-25 07:19:41,594 [pool-227-thread-1] INFO  server.RaftServerConfigKeys (ConfUtils.java:logGet(43)) - raft.server.snapshot.auto.trigger.threshold = 10000 (custom)
2019-09-25 07:19:41,595 [pool-227-thread-1] INFO  server.RaftServerConfigKeys (ConfUtils.java:logGet(43)) - raft.server.snapshot.retention.num.files = 5 (custom)
2019-09-25 07:19:41,595 [pool-227-thread-1] INFO  server.RaftServerConfigKeys (ConfUtils.java:logGet(43)) - raft.server.retrycache.expirytime = 600000ms (custom)
2019-09-25 07:19:41,596 [pool-227-thread-1] INFO  impl.RaftServerImpl (RaftServerImpl.java:start(185)) - b90c4d13-5cd9-4e8f-bf45-3a1fa48f671f@group-F7563A95C6E2: start as a follower, conf=-1: [b90c4d13-5cd9-4e8f-bf45-3a1fa48f671f:192.168.30.10:40246], old=null
2019-09-25 07:19:41,596 [pool-227-thread-1] INFO  impl.RaftServerImpl (RaftServerImpl.java:setRole(174)) - b90c4d13-5cd9-4e8f-bf45-3a1fa48f671f@group-F7563A95C6E2: changes role from      null to FOLLOWER at term 0 for startAsFollower
2019-09-25 07:19:41,596 [pool-227-thread-1] INFO  impl.RoleInfo (RoleInfo.java:updateAndGet(143)) - b90c4d13-5cd9-4e8f-bf45-3a1fa48f671f: start FollowerState
2019-09-25 07:19:41,596 [pool-227-thread-1] INFO  util.JmxRegister (JmxRegister.java:tryRegister(44)) - Successfully registered JMX Bean with object name Ratis:service=RaftServer,group=group-F7563A95C6E2,id=b90c4d13-5cd9-4e8f-bf45-3a1fa48f671f
2019-09-25 07:19:41,599 [RatisPipelineUtilsThread] INFO  pipeline.PipelineStateManager (PipelineStateManager.java:addPipeline(56)) - Created pipeline Pipeline[ Id: 72365f0f-3fbe-4dfb-ae0c-f7563a95c6e2, Nodes: b90c4d13-5cd9-4e8f-bf45-3a1fa48f671f{ip: 192.168.30.10, host: pr-hdds-1569-s62bp-3040748787, networkLocation: /default-rack, certSerialId: null}, Type:RATIS, Factor:ONE, State:OPEN]
2019-09-25 07:19:41,603 [Thread-1077] INFO  ozone.MiniOzoneClusterImpl (MiniOzoneClusterImpl.java:lambda$waitForClusterToBeReady$0(147)) - Waiting for cluster to be ready. Got 2 of 3 DN Heartbeats.
2019-09-25 07:19:41,605 [grpc-default-executor-0] INFO  impl.RaftServerProxy (RaftServerProxy.java:addNew(89)) - b90c4d13-5cd9-4e8f-bf45-3a1fa48f671f: addNew group-3FC0A5460689:[b90c4d13-5cd9-4e8f-bf45-3a1fa48f671f:192.168.30.10:40246] returns group-3FC0A5460689:java.util.concurrent.CompletableFuture@4fb87a28[Not completed]
2019-09-25 07:19:41,606 [IPC Server handler 3 on 40672] INFO  net.NetworkTopology (NetworkTopologyImpl.java:add(111)) - Added a new node: /default-rack/b1599e75-efd0-47a4-8a8f-add4431e6892
2019-09-25 07:19:41,606 [pool-227-thread-1] INFO  impl.RaftServerImpl (RaftServerImpl.java:<init>(95)) - b90c4d13-5cd9-4e8f-bf45-3a1fa48f671f: new RaftServerImpl for group-3FC0A5460689:[b90c4d13-5cd9-4e8f-bf45-3a1fa48f671f:192.168.30.10:40246] with ContainerStateMachine:uninitialized
2019-09-25 07:19:41,606 [IPC Server handler 3 on 40672] INFO  node.SCMNodeManager (SCMNodeManager.java:register(266)) - Registered Data node : b1599e75-efd0-47a4-8a8f-add4431e6892{ip: 192.168.30.10, host: pr-hdds-1569-s62bp-3040748787, networkLocation: /default-rack, certSerialId: null}
2019-09-25 07:19:41,606 [pool-227-thread-1] INFO  server.RaftServerConfigKeys (ConfUtils.java:logGet(43)) - raft.server.rpc.timeout.min = 5s (custom)
2019-09-25 07:19:41,606 [pool-227-thread-1] INFO  server.RaftServerConfigKeys (ConfUtils.java:logGet(43)) - raft.server.rpc.timeout.max = 5200ms (custom)
2019-09-25 07:19:41,606 [pool-227-thread-1] INFO  server.RaftServerConfigKeys (ConfUtils.java:logGet(43)) - raft.server.rpcslowness.timeout = 120s (custom)
2019-09-25 07:19:41,606 [pool-227-thread-1] INFO  server.RaftServerConfigKeys (ConfUtils.java:logGet(43)) - raft.server.sleep.deviation.threshold = 300 (default)
2019-09-25 07:19:41,607 [pool-227-thread-1] INFO  server.RaftServerConfigKeys (ConfUtils.java:logGet(43)) - raft.server.log.appender.install.snapshot.enabled = false (custom)
2019-09-25 07:19:41,607 [pool-227-thread-1] INFO  impl.RaftServerImpl (ServerState.java:<init>(103)) - b90c4d13-5cd9-4e8f-bf45-3a1fa48f671f@group-3FC0A5460689: ConfigurationManager, init=-1: [b90c4d13-5cd9-4e8f-bf45-3a1fa48f671f:192.168.30.10:40246], old=null, confs=<EMPTY_MAP>
2019-09-25 07:19:41,607 [pool-227-thread-1] INFO  server.RaftServerConfigKeys (ConfUtils.java:logGet(43)) - raft.server.storage.dir = [/workdir/hadoop-ozone/ozonefs/target/test-dir/MiniOzoneClusterImpl-a387bd8f-5630-4dea-a733-c907936cb7c3/datanode-0/data/ratis] (custom)
2019-09-25 07:19:41,607 [pool-227-thread-1] INFO  storage.RaftStorageDirectory (RaftStorageDirectory.java:analyzeStorage(246)) - The storage directory /workdir/hadoop-ozone/ozonefs/target/test-dir/MiniOzoneClusterImpl-a387bd8f-5630-4dea-a733-c907936cb7c3/datanode-0/data/ratis/d22423ee-b8ee-4337-ab79-3fc0a5460689 does not exist. Creating ...
2019-09-25 07:19:41,618 [pool-227-thread-1] INFO  storage.RaftStorageDirectory (RaftStorageDirectory.java:tryLock(328)) - Lock on /workdir/hadoop-ozone/ozonefs/target/test-dir/MiniOzoneClusterImpl-a387bd8f-5630-4dea-a733-c907936cb7c3/datanode-0/data/ratis/d22423ee-b8ee-4337-ab79-3fc0a5460689/in_use.lock acquired by nodename 21239@pr-hdds-1569-s62bp-3040748787
2019-09-25 07:19:41,621 [pool-227-thread-1] INFO  storage.RaftStorage (RaftStorage.java:format(72)) - Storage directory /workdir/hadoop-ozone/ozonefs/target/test-dir/MiniOzoneClusterImpl-a387bd8f-5630-4dea-a733-c907936cb7c3/datanode-0/data/ratis/d22423ee-b8ee-4337-ab79-3fc0a5460689 has been successfully formatted.
2019-09-25 07:19:41,621 [pool-227-thread-1] INFO  ratis.ContainerStateMachine (ContainerStateMachine.java:loadSnapshot(230)) - group-3FC0A5460689: The snapshot info is null. Setting the last applied indexto:(t:0, i:~)
2019-09-25 07:19:41,621 [pool-227-thread-1] INFO  server.RaftServerConfigKeys (ConfUtils.java:logGet(43)) - raft.server.notification.no-leader.timeout = 120s (custom)
2019-09-25 07:19:41,622 [pool-227-thread-1] INFO  server.RaftServerConfigKeys (ConfUtils.java:logGet(43)) - raft.server.log.use.memory = false (default)
2019-09-25 07:19:41,622 [pool-227-thread-1] INFO  server.RaftServerConfigKeys (ConfUtils.java:logGet(43)) - raft.server.log.purge.gap = 1000000 (custom)
2019-09-25 07:19:41,622 [pool-227-thread-1] INFO  server.RaftServerConfigKeys (ConfUtils.java:logGet(43)) - raft.server.log.appender.buffer.byte-limit = 33554432 (custom)
2019-09-25 07:19:41,622 [pool-227-thread-1] INFO  server.RaftServerConfigKeys (ConfUtils.java:logGet(43)) - raft.server.log.segment.size.max = 1048576 (custom)
2019-09-25 07:19:41,622 [pool-227-thread-1] INFO  server.RaftServerConfigKeys (ConfUtils.java:logGet(43)) - raft.server.log.segment.cache.num.max = 2 (custom)
2019-09-25 07:19:41,622 [pool-227-thread-1] INFO  segmented.SegmentedRaftLogWorker (SegmentedRaftLogWorker.java:<init>(172)) - new b90c4d13-5cd9-4e8f-bf45-3a1fa48f671f@group-3FC0A5460689-SegmentedRaftLogWorker for RaftStorage:Storage Directory /workdir/hadoop-ozone/ozonefs/target/test-dir/MiniOzoneClusterImpl-a387bd8f-5630-4dea-a733-c907936cb7c3/datanode-0/data/ratis/d22423ee-b8ee-4337-ab79-3fc0a5460689
2019-09-25 07:19:41,622 [pool-227-thread-1] INFO  server.RaftServerConfigKeys (ConfUtils.java:logGet(43)) - raft.server.log.queue.byte-limit = 2147483647 (custom)
2019-09-25 07:19:41,622 [pool-227-thread-1] INFO  server.RaftServerConfigKeys (ConfUtils.java:logGet(43)) - raft.server.log.queue.element-limit = 1024 (custom)
2019-09-25 07:19:41,622 [pool-227-thread-1] INFO  server.RaftServerConfigKeys (ConfUtils.java:logGet(43)) - raft.server.log.segment.size.max = 1048576 (custom)
2019-09-25 07:19:41,623 [pool-227-thread-1] INFO  server.RaftServerConfigKeys (ConfUtils.java:logGet(43)) - raft.server.log.preallocated.size = 16384 (custom)
2019-09-25 07:19:41,623 [pool-227-thread-1] INFO  server.RaftServerConfigKeys (ConfUtils.java:logGet(43)) - raft.server.log.write.buffer.size = 33554432 (custom)
2019-09-25 07:19:41,623 [pool-227-thread-1] INFO  server.RaftServerConfigKeys (ConfUtils.java:logGet(43)) - raft.server.log.force.sync.num = 128 (default)
2019-09-25 07:19:41,623 [pool-227-thread-1] INFO  server.RaftServerConfigKeys (ConfUtils.java:logGet(43)) - raft.server.log.statemachine.data.sync = true (default)
2019-09-25 07:19:41,623 [pool-227-thread-1] INFO  server.RaftServerConfigKeys (ConfUtils.java:logGet(43)) - raft.server.log.statemachine.data.sync.timeout = 10s (default)
2019-09-25 07:19:41,623 [pool-227-thread-1] INFO  server.RaftServerConfigKeys (ConfUtils.java:logGet(43)) - raft.server.log.statemachine.data.sync.timeout.retry = -1 (default)
2019-09-25 07:19:41,623 [pool-227-thread-1] INFO  server.RaftServerConfigKeys (ConfUtils.java:logGet(43)) - raft.server.log.statemachine.data.caching.enabled = true (custom)
2019-09-25 07:19:41,623 [pool-227-thread-1] INFO  segmented.SegmentedRaftLogWorker (SegmentedRaftLogWorker.java:lambda$new$0(132)) - b90c4d13-5cd9-4e8f-bf45-3a1fa48f671f@group-3FC0A5460689-SegmentedRaftLogWorker: flushIndex: setUnconditionally 0 -> -1
2019-09-25 07:19:41,624 [pool-227-thread-1] INFO  server.RaftServerConfigKeys (ConfUtils.java:logGet(43)) - raft.server.snapshot.auto.trigger.enabled = true (custom)
2019-09-25 07:19:41,624 [pool-227-thread-1] INFO  server.RaftServerConfigKeys (ConfUtils.java:logGet(43)) - raft.server.snapshot.auto.trigger.threshold = 10000 (custom)
2019-09-25 07:19:41,624 [pool-227-thread-1] INFO  server.RaftServerConfigKeys (ConfUtils.java:logGet(43)) - raft.server.snapshot.retention.num.files = 5 (custom)
2019-09-25 07:19:41,624 [pool-227-thread-1] INFO  server.RaftServerConfigKeys (ConfUtils.java:logGet(43)) - raft.server.retrycache.expirytime = 600000ms (custom)
2019-09-25 07:19:41,625 [pool-227-thread-1] INFO  impl.RaftServerImpl (RaftServerImpl.java:start(185)) - b90c4d13-5cd9-4e8f-bf45-3a1fa48f671f@group-3FC0A5460689: start as a follower, conf=-1: [b90c4d13-5cd9-4e8f-bf45-3a1fa48f671f:192.168.30.10:40246], old=null
2019-09-25 07:19:41,625 [pool-227-thread-1] INFO  impl.RaftServerImpl (RaftServerImpl.java:setRole(174)) - b90c4d13-5cd9-4e8f-bf45-3a1fa48f671f@group-3FC0A5460689: changes role from      null to FOLLOWER at term 0 for startAsFollower
2019-09-25 07:19:41,625 [pool-227-thread-1] INFO  impl.RoleInfo (RoleInfo.java:updateAndGet(143)) - b90c4d13-5cd9-4e8f-bf45-3a1fa48f671f: start FollowerState
2019-09-25 07:19:41,626 [pool-227-thread-1] INFO  util.JmxRegister (JmxRegister.java:tryRegister(44)) - Successfully registered JMX Bean with object name Ratis:service=RaftServer,group=group-3FC0A5460689,id=b90c4d13-5cd9-4e8f-bf45-3a1fa48f671f
2019-09-25 07:19:41,629 [RatisPipelineUtilsThread] INFO  pipeline.PipelineStateManager (PipelineStateManager.java:addPipeline(56)) - Created pipeline Pipeline[ Id: d22423ee-b8ee-4337-ab79-3fc0a5460689, Nodes: b90c4d13-5cd9-4e8f-bf45-3a1fa48f671f{ip: 192.168.30.10, host: pr-hdds-1569-s62bp-3040748787, networkLocation: /default-rack, certSerialId: null}, Type:RATIS, Factor:ONE, State:OPEN]
2019-09-25 07:19:41,634 [grpc-default-executor-0] INFO  impl.RaftServerProxy (RaftServerProxy.java:addNew(89)) - b90c4d13-5cd9-4e8f-bf45-3a1fa48f671f: addNew group-85B10F1C8ECE:[b90c4d13-5cd9-4e8f-bf45-3a1fa48f671f:192.168.30.10:40246] returns group-85B10F1C8ECE:java.util.concurrent.CompletableFuture@a2ac1a1[Not completed]
2019-09-25 07:19:41,635 [pool-227-thread-1] INFO  impl.RaftServerImpl (RaftServerImpl.java:<init>(95)) - b90c4d13-5cd9-4e8f-bf45-3a1fa48f671f: new RaftServerImpl for group-85B10F1C8ECE:[b90c4d13-5cd9-4e8f-bf45-3a1fa48f671f:192.168.30.10:40246] with ContainerStateMachine:uninitialized
2019-09-25 07:19:41,635 [pool-227-thread-1] INFO  server.RaftServerConfigKeys (ConfUtils.java:logGet(43)) - raft.server.rpc.timeout.min = 5s (custom)
2019-09-25 07:19:41,635 [pool-227-thread-1] INFO  server.RaftServerConfigKeys (ConfUtils.java:logGet(43)) - raft.server.rpc.timeout.max = 5200ms (custom)
2019-09-25 07:19:41,636 [pool-227-thread-1] INFO  server.RaftServerConfigKeys (ConfUtils.java:logGet(43)) - raft.server.rpcslowness.timeout = 120s (custom)
2019-09-25 07:19:41,636 [pool-227-thread-1] INFO  server.RaftServerConfigKeys (ConfUtils.java:logGet(43)) - raft.server.sleep.deviation.threshold = 300 (default)
2019-09-25 07:19:41,636 [pool-227-thread-1] INFO  server.RaftServerConfigKeys (ConfUtils.java:logGet(43)) - raft.server.log.appender.install.snapshot.enabled = false (custom)
2019-09-25 07:19:41,636 [pool-227-thread-1] INFO  impl.RaftServerImpl (ServerState.java:<init>(103)) - b90c4d13-5cd9-4e8f-bf45-3a1fa48f671f@group-85B10F1C8ECE: ConfigurationManager, init=-1: [b90c4d13-5cd9-4e8f-bf45-3a1fa48f671f:192.168.30.10:40246], old=null, confs=<EMPTY_MAP>
2019-09-25 07:19:41,636 [pool-227-thread-1] INFO  server.RaftServerConfigKeys (ConfUtils.java:logGet(43)) - raft.server.storage.dir = [/workdir/hadoop-ozone/ozonefs/target/test-dir/MiniOzoneClusterImpl-a387bd8f-5630-4dea-a733-c907936cb7c3/datanode-0/data/ratis] (custom)
2019-09-25 07:19:41,636 [pool-227-thread-1] INFO  storage.RaftStorageDirectory (RaftStorageDirectory.java:analyzeStorage(246)) - The storage directory /workdir/hadoop-ozone/ozonefs/target/test-dir/MiniOzoneClusterImpl-a387bd8f-5630-4dea-a733-c907936cb7c3/datanode-0/data/ratis/6c171fcc-14f5-45b7-849e-85b10f1c8ece does not exist. Creating ...
2019-09-25 07:19:41,640 [pool-227-thread-1] INFO  storage.RaftStorageDirectory (RaftStorageDirectory.java:tryLock(328)) - Lock on /workdir/hadoop-ozone/ozonefs/target/test-dir/MiniOzoneClusterImpl-a387bd8f-5630-4dea-a733-c907936cb7c3/datanode-0/data/ratis/6c171fcc-14f5-45b7-849e-85b10f1c8ece/in_use.lock acquired by nodename 21239@pr-hdds-1569-s62bp-3040748787
2019-09-25 07:19:41,651 [pool-227-thread-1] INFO  storage.RaftStorage (RaftStorage.java:format(72)) - Storage directory /workdir/hadoop-ozone/ozonefs/target/test-dir/MiniOzoneClusterImpl-a387bd8f-5630-4dea-a733-c907936cb7c3/datanode-0/data/ratis/6c171fcc-14f5-45b7-849e-85b10f1c8ece has been successfully formatted.
2019-09-25 07:19:41,651 [pool-227-thread-1] INFO  ratis.ContainerStateMachine (ContainerStateMachine.java:loadSnapshot(230)) - group-85B10F1C8ECE: The snapshot info is null. Setting the last applied indexto:(t:0, i:~)
2019-09-25 07:19:41,652 [pool-227-thread-1] INFO  server.RaftServerConfigKeys (ConfUtils.java:logGet(43)) - raft.server.notification.no-leader.timeout = 120s (custom)
2019-09-25 07:19:41,652 [pool-227-thread-1] INFO  server.RaftServerConfigKeys (ConfUtils.java:logGet(43)) - raft.server.log.use.memory = false (default)
2019-09-25 07:19:41,652 [pool-227-thread-1] INFO  server.RaftServerConfigKeys (ConfUtils.java:logGet(43)) - raft.server.log.purge.gap = 1000000 (custom)
2019-09-25 07:19:41,652 [pool-227-thread-1] INFO  server.RaftServerConfigKeys (ConfUtils.java:logGet(43)) - raft.server.log.appender.buffer.byte-limit = 33554432 (custom)
2019-09-25 07:19:41,652 [pool-227-thread-1] INFO  server.RaftServerConfigKeys (ConfUtils.java:logGet(43)) - raft.server.log.segment.size.max = 1048576 (custom)
2019-09-25 07:19:41,652 [pool-227-thread-1] INFO  server.RaftServerConfigKeys (ConfUtils.java:logGet(43)) - raft.server.log.segment.cache.num.max = 2 (custom)
2019-09-25 07:19:41,652 [pool-227-thread-1] INFO  segmented.SegmentedRaftLogWorker (SegmentedRaftLogWorker.java:<init>(172)) - new b90c4d13-5cd9-4e8f-bf45-3a1fa48f671f@group-85B10F1C8ECE-SegmentedRaftLogWorker for RaftStorage:Storage Directory /workdir/hadoop-ozone/ozonefs/target/test-dir/MiniOzoneClusterImpl-a387bd8f-5630-4dea-a733-c907936cb7c3/datanode-0/data/ratis/6c171fcc-14f5-45b7-849e-85b10f1c8ece
2019-09-25 07:19:41,652 [pool-227-thread-1] INFO  server.RaftServerConfigKeys (ConfUtils.java:logGet(43)) - raft.server.log.queue.byte-limit = 2147483647 (custom)
2019-09-25 07:19:41,653 [pool-227-thread-1] INFO  server.RaftServerConfigKeys (ConfUtils.java:logGet(43)) - raft.server.log.queue.element-limit = 1024 (custom)
2019-09-25 07:19:41,653 [pool-227-thread-1] INFO  server.RaftServerConfigKeys (ConfUtils.java:logGet(43)) - raft.server.log.segment.size.max = 1048576 (custom)
2019-09-25 07:19:41,653 [pool-227-thread-1] INFO  server.RaftServerConfigKeys (ConfUtils.java:logGet(43)) - raft.server.log.preallocated.size = 16384 (custom)
2019-09-25 07:19:41,653 [pool-227-thread-1] INFO  server.RaftServerConfigKeys (ConfUtils.java:logGet(43)) - raft.server.log.write.buffer.size = 33554432 (custom)
2019-09-25 07:19:41,653 [pool-227-thread-1] INFO  server.RaftServerConfigKeys (ConfUtils.java:logGet(43)) - raft.server.log.force.sync.num = 128 (default)
2019-09-25 07:19:41,653 [pool-227-thread-1] INFO  server.RaftServerConfigKeys (ConfUtils.java:logGet(43)) - raft.server.log.statemachine.data.sync = true (default)
2019-09-25 07:19:41,653 [pool-227-thread-1] INFO  server.RaftServerConfigKeys (ConfUtils.java:logGet(43)) - raft.server.log.statemachine.data.sync.timeout = 10s (default)
2019-09-25 07:19:41,653 [pool-227-thread-1] INFO  server.RaftServerConfigKeys (ConfUtils.java:logGet(43)) - raft.server.log.statemachine.data.sync.timeout.retry = -1 (default)
2019-09-25 07:19:41,654 [pool-227-thread-1] INFO  server.RaftServerConfigKeys (ConfUtils.java:logGet(43)) - raft.server.log.statemachine.data.caching.enabled = true (custom)
2019-09-25 07:19:41,654 [pool-227-thread-1] INFO  segmented.SegmentedRaftLogWorker (SegmentedRaftLogWorker.java:lambda$new$0(132)) - b90c4d13-5cd9-4e8f-bf45-3a1fa48f671f@group-85B10F1C8ECE-SegmentedRaftLogWorker: flushIndex: setUnconditionally 0 -> -1
2019-09-25 07:19:41,654 [pool-227-thread-1] INFO  server.RaftServerConfigKeys (ConfUtils.java:logGet(43)) - raft.server.snapshot.auto.trigger.enabled = true (custom)
2019-09-25 07:19:41,654 [pool-227-thread-1] INFO  server.RaftServerConfigKeys (ConfUtils.java:logGet(43)) - raft.server.snapshot.auto.trigger.threshold = 10000 (custom)
2019-09-25 07:19:41,654 [pool-227-thread-1] INFO  server.RaftServerConfigKeys (ConfUtils.java:logGet(43)) - raft.server.snapshot.retention.num.files = 5 (custom)
2019-09-25 07:19:41,654 [pool-227-thread-1] INFO  server.RaftServerConfigKeys (ConfUtils.java:logGet(43)) - raft.server.retrycache.expirytime = 600000ms (custom)
2019-09-25 07:19:41,656 [pool-227-thread-1] INFO  impl.RaftServerImpl (RaftServerImpl.java:start(185)) - b90c4d13-5cd9-4e8f-bf45-3a1fa48f671f@group-85B10F1C8ECE: start as a follower, conf=-1: [b90c4d13-5cd9-4e8f-bf45-3a1fa48f671f:192.168.30.10:40246], old=null
2019-09-25 07:19:41,656 [pool-227-thread-1] INFO  impl.RaftServerImpl (RaftServerImpl.java:setRole(174)) - b90c4d13-5cd9-4e8f-bf45-3a1fa48f671f@group-85B10F1C8ECE: changes role from      null to FOLLOWER at term 0 for startAsFollower
2019-09-25 07:19:41,656 [pool-227-thread-1] INFO  impl.RoleInfo (RoleInfo.java:updateAndGet(143)) - b90c4d13-5cd9-4e8f-bf45-3a1fa48f671f: start FollowerState
2019-09-25 07:19:41,656 [pool-227-thread-1] INFO  util.JmxRegister (JmxRegister.java:tryRegister(44)) - Successfully registered JMX Bean with object name Ratis:service=RaftServer,group=group-85B10F1C8ECE,id=b90c4d13-5cd9-4e8f-bf45-3a1fa48f671f
2019-09-25 07:19:41,659 [RatisPipelineUtilsThread] INFO  pipeline.PipelineStateManager (PipelineStateManager.java:addPipeline(56)) - Created pipeline Pipeline[ Id: 6c171fcc-14f5-45b7-849e-85b10f1c8ece, Nodes: b90c4d13-5cd9-4e8f-bf45-3a1fa48f671f{ip: 192.168.30.10, host: pr-hdds-1569-s62bp-3040748787, networkLocation: /default-rack, certSerialId: null}, Type:RATIS, Factor:ONE, State:OPEN]
2019-09-25 07:19:41,665 [grpc-default-executor-0] INFO  impl.RaftServerProxy (RaftServerProxy.java:addNew(89)) - b90c4d13-5cd9-4e8f-bf45-3a1fa48f671f: addNew group-311A29809CE6:[b90c4d13-5cd9-4e8f-bf45-3a1fa48f671f:192.168.30.10:40246] returns group-311A29809CE6:java.util.concurrent.CompletableFuture@47357605[Not completed]
2019-09-25 07:19:41,666 [pool-227-thread-1] INFO  impl.RaftServerImpl (RaftServerImpl.java:<init>(95)) - b90c4d13-5cd9-4e8f-bf45-3a1fa48f671f: new RaftServerImpl for group-311A29809CE6:[b90c4d13-5cd9-4e8f-bf45-3a1fa48f671f:192.168.30.10:40246] with ContainerStateMachine:uninitialized
2019-09-25 07:19:41,666 [pool-227-thread-1] INFO  server.RaftServerConfigKeys (ConfUtils.java:logGet(43)) - raft.server.rpc.timeout.min = 5s (custom)
2019-09-25 07:19:41,666 [pool-227-thread-1] INFO  server.RaftServerConfigKeys (ConfUtils.java:logGet(43)) - raft.server.rpc.timeout.max = 5200ms (custom)
2019-09-25 07:19:41,666 [pool-227-thread-1] INFO  server.RaftServerConfigKeys (ConfUtils.java:logGet(43)) - raft.server.rpcslowness.timeout = 120s (custom)
2019-09-25 07:19:41,666 [pool-227-thread-1] INFO  server.RaftServerConfigKeys (ConfUtils.java:logGet(43)) - raft.server.sleep.deviation.threshold = 300 (default)
2019-09-25 07:19:41,666 [pool-227-thread-1] INFO  server.RaftServerConfigKeys (ConfUtils.java:logGet(43)) - raft.server.log.appender.install.snapshot.enabled = false (custom)
2019-09-25 07:19:41,666 [pool-227-thread-1] INFO  impl.RaftServerImpl (ServerState.java:<init>(103)) - b90c4d13-5cd9-4e8f-bf45-3a1fa48f671f@group-311A29809CE6: ConfigurationManager, init=-1: [b90c4d13-5cd9-4e8f-bf45-3a1fa48f671f:192.168.30.10:40246], old=null, confs=<EMPTY_MAP>
2019-09-25 07:19:41,666 [pool-227-thread-1] INFO  server.RaftServerConfigKeys (ConfUtils.java:logGet(43)) - raft.server.storage.dir = [/workdir/hadoop-ozone/ozonefs/target/test-dir/MiniOzoneClusterImpl-a387bd8f-5630-4dea-a733-c907936cb7c3/datanode-0/data/ratis] (custom)
2019-09-25 07:19:41,667 [pool-227-thread-1] INFO  storage.RaftStorageDirectory (RaftStorageDirectory.java:analyzeStorage(246)) - The storage directory /workdir/hadoop-ozone/ozonefs/target/test-dir/MiniOzoneClusterImpl-a387bd8f-5630-4dea-a733-c907936cb7c3/datanode-0/data/ratis/3a1255dd-2ded-40bd-ba04-311a29809ce6 does not exist. Creating ...
2019-09-25 07:19:41,679 [pool-227-thread-1] INFO  storage.RaftStorageDirectory (RaftStorageDirectory.java:tryLock(328)) - Lock on /workdir/hadoop-ozone/ozonefs/target/test-dir/MiniOzoneClusterImpl-a387bd8f-5630-4dea-a733-c907936cb7c3/datanode-0/data/ratis/3a1255dd-2ded-40bd-ba04-311a29809ce6/in_use.lock acquired by nodename 21239@pr-hdds-1569-s62bp-3040748787
2019-09-25 07:19:41,691 [pool-227-thread-1] INFO  storage.RaftStorage (RaftStorage.java:format(72)) - Storage directory /workdir/hadoop-ozone/ozonefs/target/test-dir/MiniOzoneClusterImpl-a387bd8f-5630-4dea-a733-c907936cb7c3/datanode-0/data/ratis/3a1255dd-2ded-40bd-ba04-311a29809ce6 has been successfully formatted.
2019-09-25 07:19:41,691 [pool-227-thread-1] INFO  ratis.ContainerStateMachine (ContainerStateMachine.java:loadSnapshot(230)) - group-311A29809CE6: The snapshot info is null. Setting the last applied indexto:(t:0, i:~)
2019-09-25 07:19:41,692 [pool-227-thread-1] INFO  server.RaftServerConfigKeys (ConfUtils.java:logGet(43)) - raft.server.notification.no-leader.timeout = 120s (custom)
2019-09-25 07:19:41,692 [pool-227-thread-1] INFO  server.RaftServerConfigKeys (ConfUtils.java:logGet(43)) - raft.server.log.use.memory = false (default)
2019-09-25 07:19:41,692 [pool-227-thread-1] INFO  server.RaftServerConfigKeys (ConfUtils.java:logGet(43)) - raft.server.log.purge.gap = 1000000 (custom)
2019-09-25 07:19:41,692 [pool-227-thread-1] INFO  server.RaftServerConfigKeys (ConfUtils.java:logGet(43)) - raft.server.log.appender.buffer.byte-limit = 33554432 (custom)
2019-09-25 07:19:41,693 [pool-227-thread-1] INFO  server.RaftServerConfigKeys (ConfUtils.java:logGet(43)) - raft.server.log.segment.size.max = 1048576 (custom)
2019-09-25 07:19:41,693 [pool-227-thread-1] INFO  server.RaftServerConfigKeys (ConfUtils.java:logGet(43)) - raft.server.log.segment.cache.num.max = 2 (custom)
2019-09-25 07:19:41,693 [pool-227-thread-1] INFO  segmented.SegmentedRaftLogWorker (SegmentedRaftLogWorker.java:<init>(172)) - new b90c4d13-5cd9-4e8f-bf45-3a1fa48f671f@group-311A29809CE6-SegmentedRaftLogWorker for RaftStorage:Storage Directory /workdir/hadoop-ozone/ozonefs/target/test-dir/MiniOzoneClusterImpl-a387bd8f-5630-4dea-a733-c907936cb7c3/datanode-0/data/ratis/3a1255dd-2ded-40bd-ba04-311a29809ce6
2019-09-25 07:19:41,693 [pool-227-thread-1] INFO  server.RaftServerConfigKeys (ConfUtils.java:logGet(43)) - raft.server.log.queue.byte-limit = 2147483647 (custom)
2019-09-25 07:19:41,693 [pool-227-thread-1] INFO  server.RaftServerConfigKeys (ConfUtils.java:logGet(43)) - raft.server.log.queue.element-limit = 1024 (custom)
2019-09-25 07:19:41,693 [pool-227-thread-1] INFO  server.RaftServerConfigKeys (ConfUtils.java:logGet(43)) - raft.server.log.segment.size.max = 1048576 (custom)
2019-09-25 07:19:41,694 [pool-227-thread-1] INFO  server.RaftServerConfigKeys (ConfUtils.java:logGet(43)) - raft.server.log.preallocated.size = 16384 (custom)
2019-09-25 07:19:41,694 [pool-227-thread-1] INFO  server.RaftServerConfigKeys (ConfUtils.java:logGet(43)) - raft.server.log.write.buffer.size = 33554432 (custom)
2019-09-25 07:19:41,694 [pool-227-thread-1] INFO  server.RaftServerConfigKeys (ConfUtils.java:logGet(43)) - raft.server.log.force.sync.num = 128 (default)
2019-09-25 07:19:41,694 [pool-227-thread-1] INFO  server.RaftServerConfigKeys (ConfUtils.java:logGet(43)) - raft.server.log.statemachine.data.sync = true (default)
2019-09-25 07:19:41,694 [pool-227-thread-1] INFO  server.RaftServerConfigKeys (ConfUtils.java:logGet(43)) - raft.server.log.statemachine.data.sync.timeout = 10s (default)
2019-09-25 07:19:41,695 [pool-227-thread-1] INFO  server.RaftServerConfigKeys (ConfUtils.java:logGet(43)) - raft.server.log.statemachine.data.sync.timeout.retry = -1 (default)
2019-09-25 07:19:41,695 [pool-227-thread-1] INFO  server.RaftServerConfigKeys (ConfUtils.java:logGet(43)) - raft.server.log.statemachine.data.caching.enabled = true (custom)
2019-09-25 07:19:41,695 [pool-227-thread-1] INFO  segmented.SegmentedRaftLogWorker (SegmentedRaftLogWorker.java:lambda$new$0(132)) - b90c4d13-5cd9-4e8f-bf45-3a1fa48f671f@group-311A29809CE6-SegmentedRaftLogWorker: flushIndex: setUnconditionally 0 -> -1
2019-09-25 07:19:41,696 [pool-227-thread-1] INFO  server.RaftServerConfigKeys (ConfUtils.java:logGet(43)) - raft.server.snapshot.auto.trigger.enabled = true (custom)
2019-09-25 07:19:41,696 [pool-227-thread-1] INFO  server.RaftServerConfigKeys (ConfUtils.java:logGet(43)) - raft.server.snapshot.auto.trigger.threshold = 10000 (custom)
2019-09-25 07:19:41,696 [pool-227-thread-1] INFO  server.RaftServerConfigKeys (ConfUtils.java:logGet(43)) - raft.server.snapshot.retention.num.files = 5 (custom)
2019-09-25 07:19:41,696 [pool-227-thread-1] INFO  server.RaftServerConfigKeys (ConfUtils.java:logGet(43)) - raft.server.retrycache.expirytime = 600000ms (custom)
2019-09-25 07:19:41,699 [pool-227-thread-1] INFO  impl.RaftServerImpl (RaftServerImpl.java:start(185)) - b90c4d13-5cd9-4e8f-bf45-3a1fa48f671f@group-311A29809CE6: start as a follower, conf=-1: [b90c4d13-5cd9-4e8f-bf45-3a1fa48f671f:192.168.30.10:40246], old=null
2019-09-25 07:19:41,699 [pool-227-thread-1] INFO  impl.RaftServerImpl (RaftServerImpl.java:setRole(174)) - b90c4d13-5cd9-4e8f-bf45-3a1fa48f671f@group-311A29809CE6: changes role from      null to FOLLOWER at term 0 for startAsFollower
2019-09-25 07:19:41,699 [pool-227-thread-1] INFO  impl.RoleInfo (RoleInfo.java:updateAndGet(143)) - b90c4d13-5cd9-4e8f-bf45-3a1fa48f671f: start FollowerState
2019-09-25 07:19:41,699 [pool-227-thread-1] INFO  util.JmxRegister (JmxRegister.java:tryRegister(44)) - Successfully registered JMX Bean with object name Ratis:service=RaftServer,group=group-311A29809CE6,id=b90c4d13-5cd9-4e8f-bf45-3a1fa48f671f
2019-09-25 07:19:41,702 [RatisPipelineUtilsThread] INFO  pipeline.PipelineStateManager (PipelineStateManager.java:addPipeline(56)) - Created pipeline Pipeline[ Id: 3a1255dd-2ded-40bd-ba04-311a29809ce6, Nodes: b90c4d13-5cd9-4e8f-bf45-3a1fa48f671f{ip: 192.168.30.10, host: pr-hdds-1569-s62bp-3040748787, networkLocation: /default-rack, certSerialId: null}, Type:RATIS, Factor:ONE, State:OPEN]
2019-09-25 07:19:41,703 [RatisPipelineUtilsThread] INFO  pipeline.PipelinePlacementPolicy (PipelinePlacementPolicy.java:meetCriteria(91)) - Pipeline Placement: Doesn't meet the criteria to be viable node： b90c4d13-5cd9-4e8f-bf45-3a1fa48f671f Heaviness: 6 limit: 5
2019-09-25 07:19:41,710 [grpc-default-executor-0] INFO  impl.RaftServerProxy (RaftServerProxy.java:addNew(89)) - a834d882-1648-4f8e-9ed2-2af76b2ecc63: addNew group-4E8447AAB8D2:[a834d882-1648-4f8e-9ed2-2af76b2ecc63:192.168.30.10:42145] returns group-4E8447AAB8D2:java.util.concurrent.CompletableFuture@554f235[Not completed]
2019-09-25 07:19:41,711 [pool-237-thread-1] INFO  impl.RaftServerImpl (RaftServerImpl.java:<init>(95)) - a834d882-1648-4f8e-9ed2-2af76b2ecc63: new RaftServerImpl for group-4E8447AAB8D2:[a834d882-1648-4f8e-9ed2-2af76b2ecc63:192.168.30.10:42145] with ContainerStateMachine:uninitialized
2019-09-25 07:19:41,711 [pool-237-thread-1] INFO  server.RaftServerConfigKeys (ConfUtils.java:logGet(43)) - raft.server.rpc.timeout.min = 5s (custom)
2019-09-25 07:19:41,711 [pool-237-thread-1] INFO  server.RaftServerConfigKeys (ConfUtils.java:logGet(43)) - raft.server.rpc.timeout.max = 5200ms (custom)
2019-09-25 07:19:41,711 [pool-237-thread-1] INFO  server.RaftServerConfigKeys (ConfUtils.java:logGet(43)) - raft.server.rpcslowness.timeout = 120s (custom)
2019-09-25 07:19:41,711 [pool-237-thread-1] INFO  server.RaftServerConfigKeys (ConfUtils.java:logGet(43)) - raft.server.sleep.deviation.threshold = 300 (default)
2019-09-25 07:19:41,711 [pool-237-thread-1] INFO  server.RaftServerConfigKeys (ConfUtils.java:logGet(43)) - raft.server.log.appender.install.snapshot.enabled = false (custom)
2019-09-25 07:19:41,711 [pool-237-thread-1] INFO  impl.RaftServerImpl (ServerState.java:<init>(103)) - a834d882-1648-4f8e-9ed2-2af76b2ecc63@group-4E8447AAB8D2: ConfigurationManager, init=-1: [a834d882-1648-4f8e-9ed2-2af76b2ecc63:192.168.30.10:42145], old=null, confs=<EMPTY_MAP>
2019-09-25 07:19:41,711 [pool-237-thread-1] INFO  server.RaftServerConfigKeys (ConfUtils.java:logGet(43)) - raft.server.storage.dir = [/workdir/hadoop-ozone/ozonefs/target/test-dir/MiniOzoneClusterImpl-a387bd8f-5630-4dea-a733-c907936cb7c3/datanode-1/data/ratis] (custom)
2019-09-25 07:19:41,712 [pool-237-thread-1] INFO  storage.RaftStorageDirectory (RaftStorageDirectory.java:analyzeStorage(246)) - The storage directory /workdir/hadoop-ozone/ozonefs/target/test-dir/MiniOzoneClusterImpl-a387bd8f-5630-4dea-a733-c907936cb7c3/datanode-1/data/ratis/5f8ed8c4-7cf6-415e-a9e6-4e8447aab8d2 does not exist. Creating ...
2019-09-25 07:19:41,723 [pool-237-thread-1] INFO  storage.RaftStorageDirectory (RaftStorageDirectory.java:tryLock(328)) - Lock on /workdir/hadoop-ozone/ozonefs/target/test-dir/MiniOzoneClusterImpl-a387bd8f-5630-4dea-a733-c907936cb7c3/datanode-1/data/ratis/5f8ed8c4-7cf6-415e-a9e6-4e8447aab8d2/in_use.lock acquired by nodename 21239@pr-hdds-1569-s62bp-3040748787
2019-09-25 07:19:41,734 [pool-237-thread-1] INFO  storage.RaftStorage (RaftStorage.java:format(72)) - Storage directory /workdir/hadoop-ozone/ozonefs/target/test-dir/MiniOzoneClusterImpl-a387bd8f-5630-4dea-a733-c907936cb7c3/datanode-1/data/ratis/5f8ed8c4-7cf6-415e-a9e6-4e8447aab8d2 has been successfully formatted.
2019-09-25 07:19:41,734 [pool-237-thread-1] INFO  ratis.ContainerStateMachine (ContainerStateMachine.java:loadSnapshot(230)) - group-4E8447AAB8D2: The snapshot info is null. Setting the last applied indexto:(t:0, i:~)
2019-09-25 07:19:41,734 [pool-237-thread-1] INFO  server.RaftServerConfigKeys (ConfUtils.java:logGet(43)) - raft.server.notification.no-leader.timeout = 120s (custom)
2019-09-25 07:19:41,734 [pool-237-thread-1] INFO  server.RaftServerConfigKeys (ConfUtils.java:logGet(43)) - raft.server.log.use.memory = false (default)
2019-09-25 07:19:41,735 [pool-237-thread-1] INFO  server.RaftServerConfigKeys (ConfUtils.java:logGet(43)) - raft.server.log.purge.gap = 1000000 (custom)
2019-09-25 07:19:41,735 [pool-237-thread-1] INFO  server.RaftServerConfigKeys (ConfUtils.java:logGet(43)) - raft.server.log.appender.buffer.byte-limit = 33554432 (custom)
2019-09-25 07:19:41,735 [pool-237-thread-1] INFO  server.RaftServerConfigKeys (ConfUtils.java:logGet(43)) - raft.server.log.segment.size.max = 1048576 (custom)
2019-09-25 07:19:41,735 [pool-237-thread-1] INFO  server.RaftServerConfigKeys (ConfUtils.java:logGet(43)) - raft.server.log.segment.cache.num.max = 2 (custom)
2019-09-25 07:19:41,735 [pool-237-thread-1] INFO  segmented.SegmentedRaftLogWorker (SegmentedRaftLogWorker.java:<init>(172)) - new a834d882-1648-4f8e-9ed2-2af76b2ecc63@group-4E8447AAB8D2-SegmentedRaftLogWorker for RaftStorage:Storage Directory /workdir/hadoop-ozone/ozonefs/target/test-dir/MiniOzoneClusterImpl-a387bd8f-5630-4dea-a733-c907936cb7c3/datanode-1/data/ratis/5f8ed8c4-7cf6-415e-a9e6-4e8447aab8d2
2019-09-25 07:19:41,736 [pool-237-thread-1] INFO  server.RaftServerConfigKeys (ConfUtils.java:logGet(43)) - raft.server.log.queue.byte-limit = 2147483647 (custom)
2019-09-25 07:19:41,736 [pool-237-thread-1] INFO  server.RaftServerConfigKeys (ConfUtils.java:logGet(43)) - raft.server.log.queue.element-limit = 1024 (custom)
2019-09-25 07:19:41,737 [pool-237-thread-1] INFO  server.RaftServerConfigKeys (ConfUtils.java:logGet(43)) - raft.server.log.segment.size.max = 1048576 (custom)
2019-09-25 07:19:41,737 [pool-237-thread-1] INFO  server.RaftServerConfigKeys (ConfUtils.java:logGet(43)) - raft.server.log.preallocated.size = 16384 (custom)
2019-09-25 07:19:41,737 [pool-237-thread-1] INFO  server.RaftServerConfigKeys (ConfUtils.java:logGet(43)) - raft.server.log.write.buffer.size = 33554432 (custom)
2019-09-25 07:19:41,737 [pool-237-thread-1] INFO  server.RaftServerConfigKeys (ConfUtils.java:logGet(43)) - raft.server.log.force.sync.num = 128 (default)
2019-09-25 07:19:41,737 [pool-237-thread-1] INFO  server.RaftServerConfigKeys (ConfUtils.java:logGet(43)) - raft.server.log.statemachine.data.sync = true (default)
2019-09-25 07:19:41,737 [pool-237-thread-1] INFO  server.RaftServerConfigKeys (ConfUtils.java:logGet(43)) - raft.server.log.statemachine.data.sync.timeout = 10s (default)
2019-09-25 07:19:41,737 [pool-237-thread-1] INFO  server.RaftServerConfigKeys (ConfUtils.java:logGet(43)) - raft.server.log.statemachine.data.sync.timeout.retry = -1 (default)
2019-09-25 07:19:41,737 [pool-237-thread-1] INFO  server.RaftServerConfigKeys (ConfUtils.java:logGet(43)) - raft.server.log.statemachine.data.caching.enabled = true (custom)
2019-09-25 07:19:41,738 [pool-237-thread-1] INFO  segmented.SegmentedRaftLogWorker (SegmentedRaftLogWorker.java:lambda$new$0(132)) - a834d882-1648-4f8e-9ed2-2af76b2ecc63@group-4E8447AAB8D2-SegmentedRaftLogWorker: flushIndex: setUnconditionally 0 -> -1
2019-09-25 07:19:41,738 [pool-237-thread-1] INFO  server.RaftServerConfigKeys (ConfUtils.java:logGet(43)) - raft.server.snapshot.auto.trigger.enabled = true (custom)
2019-09-25 07:19:41,738 [pool-237-thread-1] INFO  server.RaftServerConfigKeys (ConfUtils.java:logGet(43)) - raft.server.snapshot.auto.trigger.threshold = 10000 (custom)
2019-09-25 07:19:41,738 [pool-237-thread-1] INFO  server.RaftServerConfigKeys (ConfUtils.java:logGet(43)) - raft.server.snapshot.retention.num.files = 5 (custom)
2019-09-25 07:19:41,738 [pool-237-thread-1] INFO  server.RaftServerConfigKeys (ConfUtils.java:logGet(43)) - raft.server.retrycache.expirytime = 600000ms (custom)
2019-09-25 07:19:41,739 [pool-237-thread-1] INFO  impl.RaftServerImpl (RaftServerImpl.java:start(185)) - a834d882-1648-4f8e-9ed2-2af76b2ecc63@group-4E8447AAB8D2: start as a follower, conf=-1: [a834d882-1648-4f8e-9ed2-2af76b2ecc63:192.168.30.10:42145], old=null
2019-09-25 07:19:41,739 [pool-237-thread-1] INFO  impl.RaftServerImpl (RaftServerImpl.java:setRole(174)) - a834d882-1648-4f8e-9ed2-2af76b2ecc63@group-4E8447AAB8D2: changes role from      null to FOLLOWER at term 0 for startAsFollower
2019-09-25 07:19:41,740 [pool-237-thread-1] INFO  impl.RoleInfo (RoleInfo.java:updateAndGet(143)) - a834d882-1648-4f8e-9ed2-2af76b2ecc63: start FollowerState
2019-09-25 07:19:41,740 [pool-237-thread-1] INFO  util.JmxRegister (JmxRegister.java:tryRegister(44)) - Successfully registered JMX Bean with object name Ratis:service=RaftServer,group=group-4E8447AAB8D2,id=a834d882-1648-4f8e-9ed2-2af76b2ecc63
2019-09-25 07:19:41,742 [RatisPipelineUtilsThread] INFO  pipeline.PipelineStateManager (PipelineStateManager.java:addPipeline(56)) - Created pipeline Pipeline[ Id: 5f8ed8c4-7cf6-415e-a9e6-4e8447aab8d2, Nodes: a834d882-1648-4f8e-9ed2-2af76b2ecc63{ip: 192.168.30.10, host: pr-hdds-1569-s62bp-3040748787, networkLocation: /default-rack, certSerialId: null}, Type:RATIS, Factor:ONE, State:OPEN]
2019-09-25 07:19:41,743 [RatisPipelineUtilsThread] INFO  pipeline.PipelinePlacementPolicy (PipelinePlacementPolicy.java:meetCriteria(91)) - Pipeline Placement: Doesn't meet the criteria to be viable node： b90c4d13-5cd9-4e8f-bf45-3a1fa48f671f Heaviness: 6 limit: 5
2019-09-25 07:19:41,747 [grpc-default-executor-0] INFO  impl.RaftServerProxy (RaftServerProxy.java:addNew(89)) - a834d882-1648-4f8e-9ed2-2af76b2ecc63: addNew group-94A5556801AA:[a834d882-1648-4f8e-9ed2-2af76b2ecc63:192.168.30.10:42145] returns group-94A5556801AA:java.util.concurrent.CompletableFuture@4d4cc9b0[Not completed]
2019-09-25 07:19:41,747 [pool-237-thread-1] INFO  impl.RaftServerImpl (RaftServerImpl.java:<init>(95)) - a834d882-1648-4f8e-9ed2-2af76b2ecc63: new RaftServerImpl for group-94A5556801AA:[a834d882-1648-4f8e-9ed2-2af76b2ecc63:192.168.30.10:42145] with ContainerStateMachine:uninitialized
2019-09-25 07:19:41,747 [pool-237-thread-1] INFO  server.RaftServerConfigKeys (ConfUtils.java:logGet(43)) - raft.server.rpc.timeout.min = 5s (custom)
2019-09-25 07:19:41,747 [pool-237-thread-1] INFO  server.RaftServerConfigKeys (ConfUtils.java:logGet(43)) - raft.server.rpc.timeout.max = 5200ms (custom)
2019-09-25 07:19:41,748 [pool-237-thread-1] INFO  server.RaftServerConfigKeys (ConfUtils.java:logGet(43)) - raft.server.rpcslowness.timeout = 120s (custom)
2019-09-25 07:19:41,748 [pool-237-thread-1] INFO  server.RaftServerConfigKeys (ConfUtils.java:logGet(43)) - raft.server.sleep.deviation.threshold = 300 (default)
2019-09-25 07:19:41,748 [pool-237-thread-1] INFO  server.RaftServerConfigKeys (ConfUtils.java:logGet(43)) - raft.server.log.appender.install.snapshot.enabled = false (custom)
2019-09-25 07:19:41,748 [pool-237-thread-1] INFO  impl.RaftServerImpl (ServerState.java:<init>(103)) - a834d882-1648-4f8e-9ed2-2af76b2ecc63@group-94A5556801AA: ConfigurationManager, init=-1: [a834d882-1648-4f8e-9ed2-2af76b2ecc63:192.168.30.10:42145], old=null, confs=<EMPTY_MAP>
2019-09-25 07:19:41,748 [pool-237-thread-1] INFO  server.RaftServerConfigKeys (ConfUtils.java:logGet(43)) - raft.server.storage.dir = [/workdir/hadoop-ozone/ozonefs/target/test-dir/MiniOzoneClusterImpl-a387bd8f-5630-4dea-a733-c907936cb7c3/datanode-1/data/ratis] (custom)
2019-09-25 07:19:41,748 [pool-237-thread-1] INFO  storage.RaftStorageDirectory (RaftStorageDirectory.java:analyzeStorage(246)) - The storage directory /workdir/hadoop-ozone/ozonefs/target/test-dir/MiniOzoneClusterImpl-a387bd8f-5630-4dea-a733-c907936cb7c3/datanode-1/data/ratis/018905a7-2a81-4e5e-b918-94a5556801aa does not exist. Creating ...
2019-09-25 07:19:41,760 [pool-237-thread-1] INFO  storage.RaftStorageDirectory (RaftStorageDirectory.java:tryLock(328)) - Lock on /workdir/hadoop-ozone/ozonefs/target/test-dir/MiniOzoneClusterImpl-a387bd8f-5630-4dea-a733-c907936cb7c3/datanode-1/data/ratis/018905a7-2a81-4e5e-b918-94a5556801aa/in_use.lock acquired by nodename 21239@pr-hdds-1569-s62bp-3040748787
2019-09-25 07:19:41,771 [pool-237-thread-1] INFO  storage.RaftStorage (RaftStorage.java:format(72)) - Storage directory /workdir/hadoop-ozone/ozonefs/target/test-dir/MiniOzoneClusterImpl-a387bd8f-5630-4dea-a733-c907936cb7c3/datanode-1/data/ratis/018905a7-2a81-4e5e-b918-94a5556801aa has been successfully formatted.
2019-09-25 07:19:41,771 [pool-237-thread-1] INFO  ratis.ContainerStateMachine (ContainerStateMachine.java:loadSnapshot(230)) - group-94A5556801AA: The snapshot info is null. Setting the last applied indexto:(t:0, i:~)
2019-09-25 07:19:41,771 [pool-237-thread-1] INFO  server.RaftServerConfigKeys (ConfUtils.java:logGet(43)) - raft.server.notification.no-leader.timeout = 120s (custom)
2019-09-25 07:19:41,771 [pool-237-thread-1] INFO  server.RaftServerConfigKeys (ConfUtils.java:logGet(43)) - raft.server.log.use.memory = false (default)
2019-09-25 07:19:41,771 [pool-237-thread-1] INFO  server.RaftServerConfigKeys (ConfUtils.java:logGet(43)) - raft.server.log.purge.gap = 1000000 (custom)
2019-09-25 07:19:41,771 [pool-237-thread-1] INFO  server.RaftServerConfigKeys (ConfUtils.java:logGet(43)) - raft.server.log.appender.buffer.byte-limit = 33554432 (custom)
2019-09-25 07:19:41,771 [pool-237-thread-1] INFO  server.RaftServerConfigKeys (ConfUtils.java:logGet(43)) - raft.server.log.segment.size.max = 1048576 (custom)
2019-09-25 07:19:41,771 [pool-237-thread-1] INFO  server.RaftServerConfigKeys (ConfUtils.java:logGet(43)) - raft.server.log.segment.cache.num.max = 2 (custom)
2019-09-25 07:19:41,772 [pool-237-thread-1] INFO  segmented.SegmentedRaftLogWorker (SegmentedRaftLogWorker.java:<init>(172)) - new a834d882-1648-4f8e-9ed2-2af76b2ecc63@group-94A5556801AA-SegmentedRaftLogWorker for RaftStorage:Storage Directory /workdir/hadoop-ozone/ozonefs/target/test-dir/MiniOzoneClusterImpl-a387bd8f-5630-4dea-a733-c907936cb7c3/datanode-1/data/ratis/018905a7-2a81-4e5e-b918-94a5556801aa
2019-09-25 07:19:41,772 [pool-237-thread-1] INFO  server.RaftServerConfigKeys (ConfUtils.java:logGet(43)) - raft.server.log.queue.byte-limit = 2147483647 (custom)
2019-09-25 07:19:41,772 [pool-237-thread-1] INFO  server.RaftServerConfigKeys (ConfUtils.java:logGet(43)) - raft.server.log.queue.element-limit = 1024 (custom)
2019-09-25 07:19:41,772 [pool-237-thread-1] INFO  server.RaftServerConfigKeys (ConfUtils.java:logGet(43)) - raft.server.log.segment.size.max = 1048576 (custom)
2019-09-25 07:19:41,772 [pool-237-thread-1] INFO  server.RaftServerConfigKeys (ConfUtils.java:logGet(43)) - raft.server.log.preallocated.size = 16384 (custom)
2019-09-25 07:19:41,772 [pool-237-thread-1] INFO  server.RaftServerConfigKeys (ConfUtils.java:logGet(43)) - raft.server.log.write.buffer.size = 33554432 (custom)
2019-09-25 07:19:41,772 [pool-237-thread-1] INFO  server.RaftServerConfigKeys (ConfUtils.java:logGet(43)) - raft.server.log.force.sync.num = 128 (default)
2019-09-25 07:19:41,772 [pool-237-thread-1] INFO  server.RaftServerConfigKeys (ConfUtils.java:logGet(43)) - raft.server.log.statemachine.data.sync = true (default)
2019-09-25 07:19:41,772 [pool-237-thread-1] INFO  server.RaftServerConfigKeys (ConfUtils.java:logGet(43)) - raft.server.log.statemachine.data.sync.timeout = 10s (default)
2019-09-25 07:19:41,772 [pool-237-thread-1] INFO  server.RaftServerConfigKeys (ConfUtils.java:logGet(43)) - raft.server.log.statemachine.data.sync.timeout.retry = -1 (default)
2019-09-25 07:19:41,772 [pool-237-thread-1] INFO  server.RaftServerConfigKeys (ConfUtils.java:logGet(43)) - raft.server.log.statemachine.data.caching.enabled = true (custom)
2019-09-25 07:19:41,773 [pool-237-thread-1] INFO  segmented.SegmentedRaftLogWorker (SegmentedRaftLogWorker.java:lambda$new$0(132)) - a834d882-1648-4f8e-9ed2-2af76b2ecc63@group-94A5556801AA-SegmentedRaftLogWorker: flushIndex: setUnconditionally 0 -> -1
2019-09-25 07:19:41,773 [pool-237-thread-1] INFO  server.RaftServerConfigKeys (ConfUtils.java:logGet(43)) - raft.server.snapshot.auto.trigger.enabled = true (custom)
2019-09-25 07:19:41,773 [pool-237-thread-1] INFO  server.RaftServerConfigKeys (ConfUtils.java:logGet(43)) - raft.server.snapshot.auto.trigger.threshold = 10000 (custom)
2019-09-25 07:19:41,773 [pool-237-thread-1] INFO  server.RaftServerConfigKeys (ConfUtils.java:logGet(43)) - raft.server.snapshot.retention.num.files = 5 (custom)
2019-09-25 07:19:41,773 [pool-237-thread-1] INFO  server.RaftServerConfigKeys (ConfUtils.java:logGet(43)) - raft.server.retrycache.expirytime = 600000ms (custom)
2019-09-25 07:19:41,774 [pool-237-thread-1] INFO  impl.RaftServerImpl (RaftServerImpl.java:start(185)) - a834d882-1648-4f8e-9ed2-2af76b2ecc63@group-94A5556801AA: start as a follower, conf=-1: [a834d882-1648-4f8e-9ed2-2af76b2ecc63:192.168.30.10:42145], old=null
2019-09-25 07:19:41,774 [pool-237-thread-1] INFO  impl.RaftServerImpl (RaftServerImpl.java:setRole(174)) - a834d882-1648-4f8e-9ed2-2af76b2ecc63@group-94A5556801AA: changes role from      null to FOLLOWER at term 0 for startAsFollower
2019-09-25 07:19:41,774 [pool-237-thread-1] INFO  impl.RoleInfo (RoleInfo.java:updateAndGet(143)) - a834d882-1648-4f8e-9ed2-2af76b2ecc63: start FollowerState
2019-09-25 07:19:41,775 [pool-237-thread-1] INFO  util.JmxRegister (JmxRegister.java:tryRegister(44)) - Successfully registered JMX Bean with object name Ratis:service=RaftServer,group=group-94A5556801AA,id=a834d882-1648-4f8e-9ed2-2af76b2ecc63
2019-09-25 07:19:41,777 [RatisPipelineUtilsThread] INFO  pipeline.PipelineStateManager (PipelineStateManager.java:addPipeline(56)) - Created pipeline Pipeline[ Id: 018905a7-2a81-4e5e-b918-94a5556801aa, Nodes: a834d882-1648-4f8e-9ed2-2af76b2ecc63{ip: 192.168.30.10, host: pr-hdds-1569-s62bp-3040748787, networkLocation: /default-rack, certSerialId: null}, Type:RATIS, Factor:ONE, State:OPEN]
2019-09-25 07:19:41,777 [RatisPipelineUtilsThread] INFO  pipeline.PipelinePlacementPolicy (PipelinePlacementPolicy.java:meetCriteria(91)) - Pipeline Placement: Doesn't meet the criteria to be viable node： b90c4d13-5cd9-4e8f-bf45-3a1fa48f671f Heaviness: 6 limit: 5
2019-09-25 07:19:41,785 [grpc-default-executor-0] INFO  impl.RaftServerProxy (RaftServerProxy.java:addNew(89)) - b1599e75-efd0-47a4-8a8f-add4431e6892: addNew group-5F473EBA0DF0:[b1599e75-efd0-47a4-8a8f-add4431e6892:192.168.30.10:42922] returns group-5F473EBA0DF0:java.util.concurrent.CompletableFuture@48b1ab5a[Not completed]
2019-09-25 07:19:41,786 [pool-247-thread-1] INFO  impl.RaftServerImpl (RaftServerImpl.java:<init>(95)) - b1599e75-efd0-47a4-8a8f-add4431e6892: new RaftServerImpl for group-5F473EBA0DF0:[b1599e75-efd0-47a4-8a8f-add4431e6892:192.168.30.10:42922] with ContainerStateMachine:uninitialized
2019-09-25 07:19:41,786 [pool-247-thread-1] INFO  server.RaftServerConfigKeys (ConfUtils.java:logGet(43)) - raft.server.rpc.timeout.min = 5s (custom)
2019-09-25 07:19:41,786 [pool-247-thread-1] INFO  server.RaftServerConfigKeys (ConfUtils.java:logGet(43)) - raft.server.rpc.timeout.max = 5200ms (custom)
2019-09-25 07:19:41,786 [pool-247-thread-1] INFO  server.RaftServerConfigKeys (ConfUtils.java:logGet(43)) - raft.server.rpcslowness.timeout = 120s (custom)
2019-09-25 07:19:41,786 [pool-247-thread-1] INFO  server.RaftServerConfigKeys (ConfUtils.java:logGet(43)) - raft.server.sleep.deviation.threshold = 300 (default)
2019-09-25 07:19:41,786 [pool-247-thread-1] INFO  server.RaftServerConfigKeys (ConfUtils.java:logGet(43)) - raft.server.log.appender.install.snapshot.enabled = false (custom)
2019-09-25 07:19:41,786 [pool-247-thread-1] INFO  impl.RaftServerImpl (ServerState.java:<init>(103)) - b1599e75-efd0-47a4-8a8f-add4431e6892@group-5F473EBA0DF0: ConfigurationManager, init=-1: [b1599e75-efd0-47a4-8a8f-add4431e6892:192.168.30.10:42922], old=null, confs=<EMPTY_MAP>
2019-09-25 07:19:41,786 [pool-247-thread-1] INFO  server.RaftServerConfigKeys (ConfUtils.java:logGet(43)) - raft.server.storage.dir = [/workdir/hadoop-ozone/ozonefs/target/test-dir/MiniOzoneClusterImpl-a387bd8f-5630-4dea-a733-c907936cb7c3/datanode-2/data/ratis] (custom)
2019-09-25 07:19:41,787 [pool-247-thread-1] INFO  storage.RaftStorageDirectory (RaftStorageDirectory.java:analyzeStorage(246)) - The storage directory /workdir/hadoop-ozone/ozonefs/target/test-dir/MiniOzoneClusterImpl-a387bd8f-5630-4dea-a733-c907936cb7c3/datanode-2/data/ratis/b2613a13-d5e5-44ea-a57e-5f473eba0df0 does not exist. Creating ...
2019-09-25 07:19:41,802 [pool-247-thread-1] INFO  storage.RaftStorageDirectory (RaftStorageDirectory.java:tryLock(328)) - Lock on /workdir/hadoop-ozone/ozonefs/target/test-dir/MiniOzoneClusterImpl-a387bd8f-5630-4dea-a733-c907936cb7c3/datanode-2/data/ratis/b2613a13-d5e5-44ea-a57e-5f473eba0df0/in_use.lock acquired by nodename 21239@pr-hdds-1569-s62bp-3040748787
2019-09-25 07:19:41,815 [pool-247-thread-1] INFO  storage.RaftStorage (RaftStorage.java:format(72)) - Storage directory /workdir/hadoop-ozone/ozonefs/target/test-dir/MiniOzoneClusterImpl-a387bd8f-5630-4dea-a733-c907936cb7c3/datanode-2/data/ratis/b2613a13-d5e5-44ea-a57e-5f473eba0df0 has been successfully formatted.
2019-09-25 07:19:41,815 [pool-247-thread-1] INFO  ratis.ContainerStateMachine (ContainerStateMachine.java:loadSnapshot(230)) - group-5F473EBA0DF0: The snapshot info is null. Setting the last applied indexto:(t:0, i:~)
2019-09-25 07:19:41,815 [pool-247-thread-1] INFO  server.RaftServerConfigKeys (ConfUtils.java:logGet(43)) - raft.server.notification.no-leader.timeout = 120s (custom)
2019-09-25 07:19:41,816 [pool-247-thread-1] INFO  server.RaftServerConfigKeys (ConfUtils.java:logGet(43)) - raft.server.log.use.memory = false (default)
2019-09-25 07:19:41,816 [pool-247-thread-1] INFO  server.RaftServerConfigKeys (ConfUtils.java:logGet(43)) - raft.server.log.purge.gap = 1000000 (custom)
2019-09-25 07:19:41,816 [pool-247-thread-1] INFO  server.RaftServerConfigKeys (ConfUtils.java:logGet(43)) - raft.server.log.appender.buffer.byte-limit = 33554432 (custom)
2019-09-25 07:19:41,816 [pool-247-thread-1] INFO  server.RaftServerConfigKeys (ConfUtils.java:logGet(43)) - raft.server.log.segment.size.max = 1048576 (custom)
2019-09-25 07:19:41,816 [pool-247-thread-1] INFO  server.RaftServerConfigKeys (ConfUtils.java:logGet(43)) - raft.server.log.segment.cache.num.max = 2 (custom)
2019-09-25 07:19:41,816 [pool-247-thread-1] INFO  segmented.SegmentedRaftLogWorker (SegmentedRaftLogWorker.java:<init>(172)) - new b1599e75-efd0-47a4-8a8f-add4431e6892@group-5F473EBA0DF0-SegmentedRaftLogWorker for RaftStorage:Storage Directory /workdir/hadoop-ozone/ozonefs/target/test-dir/MiniOzoneClusterImpl-a387bd8f-5630-4dea-a733-c907936cb7c3/datanode-2/data/ratis/b2613a13-d5e5-44ea-a57e-5f473eba0df0
2019-09-25 07:19:41,817 [pool-247-thread-1] INFO  server.RaftServerConfigKeys (ConfUtils.java:logGet(43)) - raft.server.log.queue.byte-limit = 2147483647 (custom)
2019-09-25 07:19:41,818 [pool-247-thread-1] INFO  server.RaftServerConfigKeys (ConfUtils.java:logGet(43)) - raft.server.log.queue.element-limit = 1024 (custom)
2019-09-25 07:19:41,818 [pool-247-thread-1] INFO  server.RaftServerConfigKeys (ConfUtils.java:logGet(43)) - raft.server.log.segment.size.max = 1048576 (custom)
2019-09-25 07:19:41,818 [pool-247-thread-1] INFO  server.RaftServerConfigKeys (ConfUtils.java:logGet(43)) - raft.server.log.preallocated.size = 16384 (custom)
2019-09-25 07:19:41,818 [pool-247-thread-1] INFO  server.RaftServerConfigKeys (ConfUtils.java:logGet(43)) - raft.server.log.write.buffer.size = 33554432 (custom)
2019-09-25 07:19:41,818 [pool-247-thread-1] INFO  server.RaftServerConfigKeys (ConfUtils.java:logGet(43)) - raft.server.log.force.sync.num = 128 (default)
2019-09-25 07:19:41,818 [pool-247-thread-1] INFO  server.RaftServerConfigKeys (ConfUtils.java:logGet(43)) - raft.server.log.statemachine.data.sync = true (default)
2019-09-25 07:19:41,818 [pool-247-thread-1] INFO  server.RaftServerConfigKeys (ConfUtils.java:logGet(43)) - raft.server.log.statemachine.data.sync.timeout = 10s (default)
2019-09-25 07:19:41,818 [pool-247-thread-1] INFO  server.RaftServerConfigKeys (ConfUtils.java:logGet(43)) - raft.server.log.statemachine.data.sync.timeout.retry = -1 (default)
2019-09-25 07:19:41,818 [pool-247-thread-1] INFO  server.RaftServerConfigKeys (ConfUtils.java:logGet(43)) - raft.server.log.statemachine.data.caching.enabled = true (custom)
2019-09-25 07:19:41,819 [pool-247-thread-1] INFO  segmented.SegmentedRaftLogWorker (SegmentedRaftLogWorker.java:lambda$new$0(132)) - b1599e75-efd0-47a4-8a8f-add4431e6892@group-5F473EBA0DF0-SegmentedRaftLogWorker: flushIndex: setUnconditionally 0 -> -1
2019-09-25 07:19:41,819 [pool-247-thread-1] INFO  server.RaftServerConfigKeys (ConfUtils.java:logGet(43)) - raft.server.snapshot.auto.trigger.enabled = true (custom)
2019-09-25 07:19:41,819 [pool-247-thread-1] INFO  server.RaftServerConfigKeys (ConfUtils.java:logGet(43)) - raft.server.snapshot.auto.trigger.threshold = 10000 (custom)
2019-09-25 07:19:41,819 [pool-247-thread-1] INFO  server.RaftServerConfigKeys (ConfUtils.java:logGet(43)) - raft.server.snapshot.retention.num.files = 5 (custom)
2019-09-25 07:19:41,819 [pool-247-thread-1] INFO  server.RaftServerConfigKeys (ConfUtils.java:logGet(43)) - raft.server.retrycache.expirytime = 600000ms (custom)
2019-09-25 07:19:41,821 [pool-247-thread-1] INFO  impl.RaftServerImpl (RaftServerImpl.java:start(185)) - b1599e75-efd0-47a4-8a8f-add4431e6892@group-5F473EBA0DF0: start as a follower, conf=-1: [b1599e75-efd0-47a4-8a8f-add4431e6892:192.168.30.10:42922], old=null
2019-09-25 07:19:41,821 [pool-247-thread-1] INFO  impl.RaftServerImpl (RaftServerImpl.java:setRole(174)) - b1599e75-efd0-47a4-8a8f-add4431e6892@group-5F473EBA0DF0: changes role from      null to FOLLOWER at term 0 for startAsFollower
2019-09-25 07:19:41,821 [pool-247-thread-1] INFO  impl.RoleInfo (RoleInfo.java:updateAndGet(143)) - b1599e75-efd0-47a4-8a8f-add4431e6892: start FollowerState
2019-09-25 07:19:41,821 [pool-247-thread-1] INFO  util.JmxRegister (JmxRegister.java:tryRegister(44)) - Successfully registered JMX Bean with object name Ratis:service=RaftServer,group=group-5F473EBA0DF0,id=b1599e75-efd0-47a4-8a8f-add4431e6892
2019-09-25 07:19:41,824 [RatisPipelineUtilsThread] INFO  pipeline.PipelineStateManager (PipelineStateManager.java:addPipeline(56)) - Created pipeline Pipeline[ Id: b2613a13-d5e5-44ea-a57e-5f473eba0df0, Nodes: b1599e75-efd0-47a4-8a8f-add4431e6892{ip: 192.168.30.10, host: pr-hdds-1569-s62bp-3040748787, networkLocation: /default-rack, certSerialId: null}, Type:RATIS, Factor:ONE, State:OPEN]
2019-09-25 07:19:41,824 [RatisPipelineUtilsThread] INFO  pipeline.PipelinePlacementPolicy (PipelinePlacementPolicy.java:meetCriteria(91)) - Pipeline Placement: Doesn't meet the criteria to be viable node： b90c4d13-5cd9-4e8f-bf45-3a1fa48f671f Heaviness: 6 limit: 5
2019-09-25 07:19:41,829 [grpc-default-executor-0] INFO  impl.RaftServerProxy (RaftServerProxy.java:addNew(89)) - a834d882-1648-4f8e-9ed2-2af76b2ecc63: addNew group-DB2367F5EBA9:[a834d882-1648-4f8e-9ed2-2af76b2ecc63:192.168.30.10:42145] returns group-DB2367F5EBA9:java.util.concurrent.CompletableFuture@232b6c88[Not completed]
2019-09-25 07:19:41,830 [pool-237-thread-1] INFO  impl.RaftServerImpl (RaftServerImpl.java:<init>(95)) - a834d882-1648-4f8e-9ed2-2af76b2ecc63: new RaftServerImpl for group-DB2367F5EBA9:[a834d882-1648-4f8e-9ed2-2af76b2ecc63:192.168.30.10:42145] with ContainerStateMachine:uninitialized
2019-09-25 07:19:41,831 [pool-237-thread-1] INFO  server.RaftServerConfigKeys (ConfUtils.java:logGet(43)) - raft.server.rpc.timeout.min = 5s (custom)
2019-09-25 07:19:41,831 [pool-237-thread-1] INFO  server.RaftServerConfigKeys (ConfUtils.java:logGet(43)) - raft.server.rpc.timeout.max = 5200ms (custom)
2019-09-25 07:19:41,831 [pool-237-thread-1] INFO  server.RaftServerConfigKeys (ConfUtils.java:logGet(43)) - raft.server.rpcslowness.timeout = 120s (custom)
2019-09-25 07:19:41,831 [pool-237-thread-1] INFO  server.RaftServerConfigKeys (ConfUtils.java:logGet(43)) - raft.server.sleep.deviation.threshold = 300 (default)
2019-09-25 07:19:41,831 [pool-237-thread-1] INFO  server.RaftServerConfigKeys (ConfUtils.java:logGet(43)) - raft.server.log.appender.install.snapshot.enabled = false (custom)
2019-09-25 07:19:41,831 [pool-237-thread-1] INFO  impl.RaftServerImpl (ServerState.java:<init>(103)) - a834d882-1648-4f8e-9ed2-2af76b2ecc63@group-DB2367F5EBA9: ConfigurationManager, init=-1: [a834d882-1648-4f8e-9ed2-2af76b2ecc63:192.168.30.10:42145], old=null, confs=<EMPTY_MAP>
2019-09-25 07:19:41,831 [pool-237-thread-1] INFO  server.RaftServerConfigKeys (ConfUtils.java:logGet(43)) - raft.server.storage.dir = [/workdir/hadoop-ozone/ozonefs/target/test-dir/MiniOzoneClusterImpl-a387bd8f-5630-4dea-a733-c907936cb7c3/datanode-1/data/ratis] (custom)
2019-09-25 07:19:41,832 [pool-237-thread-1] INFO  storage.RaftStorageDirectory (RaftStorageDirectory.java:analyzeStorage(246)) - The storage directory /workdir/hadoop-ozone/ozonefs/target/test-dir/MiniOzoneClusterImpl-a387bd8f-5630-4dea-a733-c907936cb7c3/datanode-1/data/ratis/6c984b37-10df-4d15-8299-db2367f5eba9 does not exist. Creating ...
2019-09-25 07:19:41,844 [pool-237-thread-1] INFO  storage.RaftStorageDirectory (RaftStorageDirectory.java:tryLock(328)) - Lock on /workdir/hadoop-ozone/ozonefs/target/test-dir/MiniOzoneClusterImpl-a387bd8f-5630-4dea-a733-c907936cb7c3/datanode-1/data/ratis/6c984b37-10df-4d15-8299-db2367f5eba9/in_use.lock acquired by nodename 21239@pr-hdds-1569-s62bp-3040748787
2019-09-25 07:19:41,858 [pool-237-thread-1] INFO  storage.RaftStorage (RaftStorage.java:format(72)) - Storage directory /workdir/hadoop-ozone/ozonefs/target/test-dir/MiniOzoneClusterImpl-a387bd8f-5630-4dea-a733-c907936cb7c3/datanode-1/data/ratis/6c984b37-10df-4d15-8299-db2367f5eba9 has been successfully formatted.
2019-09-25 07:19:41,859 [pool-237-thread-1] INFO  ratis.ContainerStateMachine (ContainerStateMachine.java:loadSnapshot(230)) - group-DB2367F5EBA9: The snapshot info is null. Setting the last applied indexto:(t:0, i:~)
2019-09-25 07:19:41,859 [pool-237-thread-1] INFO  server.RaftServerConfigKeys (ConfUtils.java:logGet(43)) - raft.server.notification.no-leader.timeout = 120s (custom)
2019-09-25 07:19:41,859 [pool-237-thread-1] INFO  server.RaftServerConfigKeys (ConfUtils.java:logGet(43)) - raft.server.log.use.memory = false (default)
2019-09-25 07:19:41,859 [pool-237-thread-1] INFO  server.RaftServerConfigKeys (ConfUtils.java:logGet(43)) - raft.server.log.purge.gap = 1000000 (custom)
2019-09-25 07:19:41,859 [pool-237-thread-1] INFO  server.RaftServerConfigKeys (ConfUtils.java:logGet(43)) - raft.server.log.appender.buffer.byte-limit = 33554432 (custom)
2019-09-25 07:19:41,859 [pool-237-thread-1] INFO  server.RaftServerConfigKeys (ConfUtils.java:logGet(43)) - raft.server.log.segment.size.max = 1048576 (custom)
2019-09-25 07:19:41,859 [pool-237-thread-1] INFO  server.RaftServerConfigKeys (ConfUtils.java:logGet(43)) - raft.server.log.segment.cache.num.max = 2 (custom)
2019-09-25 07:19:41,860 [pool-237-thread-1] INFO  segmented.SegmentedRaftLogWorker (SegmentedRaftLogWorker.java:<init>(172)) - new a834d882-1648-4f8e-9ed2-2af76b2ecc63@group-DB2367F5EBA9-SegmentedRaftLogWorker for RaftStorage:Storage Directory /workdir/hadoop-ozone/ozonefs/target/test-dir/MiniOzoneClusterImpl-a387bd8f-5630-4dea-a733-c907936cb7c3/datanode-1/data/ratis/6c984b37-10df-4d15-8299-db2367f5eba9
2019-09-25 07:19:41,860 [pool-237-thread-1] INFO  server.RaftServerConfigKeys (ConfUtils.java:logGet(43)) - raft.server.log.queue.byte-limit = 2147483647 (custom)
2019-09-25 07:19:41,860 [pool-237-thread-1] INFO  server.RaftServerConfigKeys (ConfUtils.java:logGet(43)) - raft.server.log.queue.element-limit = 1024 (custom)
2019-09-25 07:19:41,860 [pool-237-thread-1] INFO  server.RaftServerConfigKeys (ConfUtils.java:logGet(43)) - raft.server.log.segment.size.max = 1048576 (custom)
2019-09-25 07:19:41,860 [pool-237-thread-1] INFO  server.RaftServerConfigKeys (ConfUtils.java:logGet(43)) - raft.server.log.preallocated.size = 16384 (custom)
2019-09-25 07:19:41,860 [pool-237-thread-1] INFO  server.RaftServerConfigKeys (ConfUtils.java:logGet(43)) - raft.server.log.write.buffer.size = 33554432 (custom)
2019-09-25 07:19:41,860 [pool-237-thread-1] INFO  server.RaftServerConfigKeys (ConfUtils.java:logGet(43)) - raft.server.log.force.sync.num = 128 (default)
2019-09-25 07:19:41,860 [pool-237-thread-1] INFO  server.RaftServerConfigKeys (ConfUtils.java:logGet(43)) - raft.server.log.statemachine.data.sync = true (default)
2019-09-25 07:19:41,861 [pool-237-thread-1] INFO  server.RaftServerConfigKeys (ConfUtils.java:logGet(43)) - raft.server.log.statemachine.data.sync.timeout = 10s (default)
2019-09-25 07:19:41,861 [pool-237-thread-1] INFO  server.RaftServerConfigKeys (ConfUtils.java:logGet(43)) - raft.server.log.statemachine.data.sync.timeout.retry = -1 (default)
2019-09-25 07:19:41,861 [pool-237-thread-1] INFO  server.RaftServerConfigKeys (ConfUtils.java:logGet(43)) - raft.server.log.statemachine.data.caching.enabled = true (custom)
2019-09-25 07:19:41,861 [pool-237-thread-1] INFO  segmented.SegmentedRaftLogWorker (SegmentedRaftLogWorker.java:lambda$new$0(132)) - a834d882-1648-4f8e-9ed2-2af76b2ecc63@group-DB2367F5EBA9-SegmentedRaftLogWorker: flushIndex: setUnconditionally 0 -> -1
2019-09-25 07:19:41,862 [pool-237-thread-1] INFO  server.RaftServerConfigKeys (ConfUtils.java:logGet(43)) - raft.server.snapshot.auto.trigger.enabled = true (custom)
2019-09-25 07:19:41,862 [pool-237-thread-1] INFO  server.RaftServerConfigKeys (ConfUtils.java:logGet(43)) - raft.server.snapshot.auto.trigger.threshold = 10000 (custom)
2019-09-25 07:19:41,862 [pool-237-thread-1] INFO  server.RaftServerConfigKeys (ConfUtils.java:logGet(43)) - raft.server.snapshot.retention.num.files = 5 (custom)
2019-09-25 07:19:41,862 [pool-237-thread-1] INFO  server.RaftServerConfigKeys (ConfUtils.java:logGet(43)) - raft.server.retrycache.expirytime = 600000ms (custom)
2019-09-25 07:19:41,864 [pool-237-thread-1] INFO  impl.RaftServerImpl (RaftServerImpl.java:start(185)) - a834d882-1648-4f8e-9ed2-2af76b2ecc63@group-DB2367F5EBA9: start as a follower, conf=-1: [a834d882-1648-4f8e-9ed2-2af76b2ecc63:192.168.30.10:42145], old=null
2019-09-25 07:19:41,864 [pool-237-thread-1] INFO  impl.RaftServerImpl (RaftServerImpl.java:setRole(174)) - a834d882-1648-4f8e-9ed2-2af76b2ecc63@group-DB2367F5EBA9: changes role from      null to FOLLOWER at term 0 for startAsFollower
2019-09-25 07:19:41,864 [pool-237-thread-1] INFO  impl.RoleInfo (RoleInfo.java:updateAndGet(143)) - a834d882-1648-4f8e-9ed2-2af76b2ecc63: start FollowerState
2019-09-25 07:19:41,864 [pool-237-thread-1] INFO  util.JmxRegister (JmxRegister.java:tryRegister(44)) - Successfully registered JMX Bean with object name Ratis:service=RaftServer,group=group-DB2367F5EBA9,id=a834d882-1648-4f8e-9ed2-2af76b2ecc63
2019-09-25 07:19:41,867 [RatisPipelineUtilsThread] INFO  pipeline.PipelineStateManager (PipelineStateManager.java:addPipeline(56)) - Created pipeline Pipeline[ Id: 6c984b37-10df-4d15-8299-db2367f5eba9, Nodes: a834d882-1648-4f8e-9ed2-2af76b2ecc63{ip: 192.168.30.10, host: pr-hdds-1569-s62bp-3040748787, networkLocation: /default-rack, certSerialId: null}, Type:RATIS, Factor:ONE, State:OPEN]
2019-09-25 07:19:41,867 [RatisPipelineUtilsThread] INFO  pipeline.PipelinePlacementPolicy (PipelinePlacementPolicy.java:meetCriteria(91)) - Pipeline Placement: Doesn't meet the criteria to be viable node： b90c4d13-5cd9-4e8f-bf45-3a1fa48f671f Heaviness: 6 limit: 5
2019-09-25 07:19:41,872 [grpc-default-executor-0] INFO  impl.RaftServerProxy (RaftServerProxy.java:addNew(89)) - a834d882-1648-4f8e-9ed2-2af76b2ecc63: addNew group-205B3418D9EA:[a834d882-1648-4f8e-9ed2-2af76b2ecc63:192.168.30.10:42145] returns group-205B3418D9EA:java.util.concurrent.CompletableFuture@385d514d[Not completed]
2019-09-25 07:19:41,873 [pool-237-thread-1] INFO  impl.RaftServerImpl (RaftServerImpl.java:<init>(95)) - a834d882-1648-4f8e-9ed2-2af76b2ecc63: new RaftServerImpl for group-205B3418D9EA:[a834d882-1648-4f8e-9ed2-2af76b2ecc63:192.168.30.10:42145] with ContainerStateMachine:uninitialized
2019-09-25 07:19:41,873 [pool-237-thread-1] INFO  server.RaftServerConfigKeys (ConfUtils.java:logGet(43)) - raft.server.rpc.timeout.min = 5s (custom)
2019-09-25 07:19:41,873 [pool-237-thread-1] INFO  server.RaftServerConfigKeys (ConfUtils.java:logGet(43)) - raft.server.rpc.timeout.max = 5200ms (custom)
2019-09-25 07:19:41,873 [pool-237-thread-1] INFO  server.RaftServerConfigKeys (ConfUtils.java:logGet(43)) - raft.server.rpcslowness.timeout = 120s (custom)
2019-09-25 07:19:41,873 [pool-237-thread-1] INFO  server.RaftServerConfigKeys (ConfUtils.java:logGet(43)) - raft.server.sleep.deviation.threshold = 300 (default)
2019-09-25 07:19:41,873 [pool-237-thread-1] INFO  server.RaftServerConfigKeys (ConfUtils.java:logGet(43)) - raft.server.log.appender.install.snapshot.enabled = false (custom)
2019-09-25 07:19:41,874 [pool-237-thread-1] INFO  impl.RaftServerImpl (ServerState.java:<init>(103)) - a834d882-1648-4f8e-9ed2-2af76b2ecc63@group-205B3418D9EA: ConfigurationManager, init=-1: [a834d882-1648-4f8e-9ed2-2af76b2ecc63:192.168.30.10:42145], old=null, confs=<EMPTY_MAP>
2019-09-25 07:19:41,874 [pool-237-thread-1] INFO  server.RaftServerConfigKeys (ConfUtils.java:logGet(43)) - raft.server.storage.dir = [/workdir/hadoop-ozone/ozonefs/target/test-dir/MiniOzoneClusterImpl-a387bd8f-5630-4dea-a733-c907936cb7c3/datanode-1/data/ratis] (custom)
2019-09-25 07:19:41,874 [pool-237-thread-1] INFO  storage.RaftStorageDirectory (RaftStorageDirectory.java:analyzeStorage(246)) - The storage directory /workdir/hadoop-ozone/ozonefs/target/test-dir/MiniOzoneClusterImpl-a387bd8f-5630-4dea-a733-c907936cb7c3/datanode-1/data/ratis/b4c65d77-8b97-4442-8a00-205b3418d9ea does not exist. Creating ...
2019-09-25 07:19:41,887 [pool-237-thread-1] INFO  storage.RaftStorageDirectory (RaftStorageDirectory.java:tryLock(328)) - Lock on /workdir/hadoop-ozone/ozonefs/target/test-dir/MiniOzoneClusterImpl-a387bd8f-5630-4dea-a733-c907936cb7c3/datanode-1/data/ratis/b4c65d77-8b97-4442-8a00-205b3418d9ea/in_use.lock acquired by nodename 21239@pr-hdds-1569-s62bp-3040748787
2019-09-25 07:19:41,901 [pool-237-thread-1] INFO  storage.RaftStorage (RaftStorage.java:format(72)) - Storage directory /workdir/hadoop-ozone/ozonefs/target/test-dir/MiniOzoneClusterImpl-a387bd8f-5630-4dea-a733-c907936cb7c3/datanode-1/data/ratis/b4c65d77-8b97-4442-8a00-205b3418d9ea has been successfully formatted.
2019-09-25 07:19:41,901 [pool-237-thread-1] INFO  ratis.ContainerStateMachine (ContainerStateMachine.java:loadSnapshot(230)) - group-205B3418D9EA: The snapshot info is null. Setting the last applied indexto:(t:0, i:~)
2019-09-25 07:19:41,901 [pool-237-thread-1] INFO  server.RaftServerConfigKeys (ConfUtils.java:logGet(43)) - raft.server.notification.no-leader.timeout = 120s (custom)
2019-09-25 07:19:41,901 [pool-237-thread-1] INFO  server.RaftServerConfigKeys (ConfUtils.java:logGet(43)) - raft.server.log.use.memory = false (default)
2019-09-25 07:19:41,901 [pool-237-thread-1] INFO  server.RaftServerConfigKeys (ConfUtils.java:logGet(43)) - raft.server.log.purge.gap = 1000000 (custom)
2019-09-25 07:19:41,901 [pool-237-thread-1] INFO  server.RaftServerConfigKeys (ConfUtils.java:logGet(43)) - raft.server.log.appender.buffer.byte-limit = 33554432 (custom)
2019-09-25 07:19:41,902 [pool-237-thread-1] INFO  server.RaftServerConfigKeys (ConfUtils.java:logGet(43)) - raft.server.log.segment.size.max = 1048576 (custom)
2019-09-25 07:19:41,902 [pool-237-thread-1] INFO  server.RaftServerConfigKeys (ConfUtils.java:logGet(43)) - raft.server.log.segment.cache.num.max = 2 (custom)
2019-09-25 07:19:41,902 [pool-237-thread-1] INFO  segmented.SegmentedRaftLogWorker (SegmentedRaftLogWorker.java:<init>(172)) - new a834d882-1648-4f8e-9ed2-2af76b2ecc63@group-205B3418D9EA-SegmentedRaftLogWorker for RaftStorage:Storage Directory /workdir/hadoop-ozone/ozonefs/target/test-dir/MiniOzoneClusterImpl-a387bd8f-5630-4dea-a733-c907936cb7c3/datanode-1/data/ratis/b4c65d77-8b97-4442-8a00-205b3418d9ea
2019-09-25 07:19:41,902 [pool-237-thread-1] INFO  server.RaftServerConfigKeys (ConfUtils.java:logGet(43)) - raft.server.log.queue.byte-limit = 2147483647 (custom)
2019-09-25 07:19:41,902 [pool-237-thread-1] INFO  server.RaftServerConfigKeys (ConfUtils.java:logGet(43)) - raft.server.log.queue.element-limit = 1024 (custom)
2019-09-25 07:19:41,902 [pool-237-thread-1] INFO  server.RaftServerConfigKeys (ConfUtils.java:logGet(43)) - raft.server.log.segment.size.max = 1048576 (custom)
2019-09-25 07:19:41,902 [pool-237-thread-1] INFO  server.RaftServerConfigKeys (ConfUtils.java:logGet(43)) - raft.server.log.preallocated.size = 16384 (custom)
2019-09-25 07:19:41,902 [pool-237-thread-1] INFO  server.RaftServerConfigKeys (ConfUtils.java:logGet(43)) - raft.server.log.write.buffer.size = 33554432 (custom)
2019-09-25 07:19:41,902 [pool-237-thread-1] INFO  server.RaftServerConfigKeys (ConfUtils.java:logGet(43)) - raft.server.log.force.sync.num = 128 (default)
2019-09-25 07:19:41,903 [pool-237-thread-1] INFO  server.RaftServerConfigKeys (ConfUtils.java:logGet(43)) - raft.server.log.statemachine.data.sync = true (default)
2019-09-25 07:19:41,903 [pool-237-thread-1] INFO  server.RaftServerConfigKeys (ConfUtils.java:logGet(43)) - raft.server.log.statemachine.data.sync.timeout = 10s (default)
2019-09-25 07:19:41,903 [pool-237-thread-1] INFO  server.RaftServerConfigKeys (ConfUtils.java:logGet(43)) - raft.server.log.statemachine.data.sync.timeout.retry = -1 (default)
2019-09-25 07:19:41,903 [pool-237-thread-1] INFO  server.RaftServerConfigKeys (ConfUtils.java:logGet(43)) - raft.server.log.statemachine.data.caching.enabled = true (custom)
2019-09-25 07:19:41,903 [pool-237-thread-1] INFO  segmented.SegmentedRaftLogWorker (SegmentedRaftLogWorker.java:lambda$new$0(132)) - a834d882-1648-4f8e-9ed2-2af76b2ecc63@group-205B3418D9EA-SegmentedRaftLogWorker: flushIndex: setUnconditionally 0 -> -1
2019-09-25 07:19:41,903 [pool-237-thread-1] INFO  server.RaftServerConfigKeys (ConfUtils.java:logGet(43)) - raft.server.snapshot.auto.trigger.enabled = true (custom)
2019-09-25 07:19:41,904 [pool-237-thread-1] INFO  server.RaftServerConfigKeys (ConfUtils.java:logGet(43)) - raft.server.snapshot.auto.trigger.threshold = 10000 (custom)
2019-09-25 07:19:41,904 [pool-237-thread-1] INFO  server.RaftServerConfigKeys (ConfUtils.java:logGet(43)) - raft.server.snapshot.retention.num.files = 5 (custom)
2019-09-25 07:19:41,904 [pool-237-thread-1] INFO  server.RaftServerConfigKeys (ConfUtils.java:logGet(43)) - raft.server.retrycache.expirytime = 600000ms (custom)
2019-09-25 07:19:41,905 [pool-237-thread-1] INFO  impl.RaftServerImpl (RaftServerImpl.java:start(185)) - a834d882-1648-4f8e-9ed2-2af76b2ecc63@group-205B3418D9EA: start as a follower, conf=-1: [a834d882-1648-4f8e-9ed2-2af76b2ecc63:192.168.30.10:42145], old=null
2019-09-25 07:19:41,905 [pool-237-thread-1] INFO  impl.RaftServerImpl (RaftServerImpl.java:setRole(174)) - a834d882-1648-4f8e-9ed2-2af76b2ecc63@group-205B3418D9EA: changes role from      null to FOLLOWER at term 0 for startAsFollower
2019-09-25 07:19:41,906 [pool-237-thread-1] INFO  impl.RoleInfo (RoleInfo.java:updateAndGet(143)) - a834d882-1648-4f8e-9ed2-2af76b2ecc63: start FollowerState
2019-09-25 07:19:41,906 [pool-237-thread-1] INFO  util.JmxRegister (JmxRegister.java:tryRegister(44)) - Successfully registered JMX Bean with object name Ratis:service=RaftServer,group=group-205B3418D9EA,id=a834d882-1648-4f8e-9ed2-2af76b2ecc63
2019-09-25 07:19:41,908 [RatisPipelineUtilsThread] INFO  pipeline.PipelineStateManager (PipelineStateManager.java:addPipeline(56)) - Created pipeline Pipeline[ Id: b4c65d77-8b97-4442-8a00-205b3418d9ea, Nodes: a834d882-1648-4f8e-9ed2-2af76b2ecc63{ip: 192.168.30.10, host: pr-hdds-1569-s62bp-3040748787, networkLocation: /default-rack, certSerialId: null}, Type:RATIS, Factor:ONE, State:OPEN]
2019-09-25 07:19:41,909 [RatisPipelineUtilsThread] INFO  pipeline.PipelinePlacementPolicy (PipelinePlacementPolicy.java:meetCriteria(91)) - Pipeline Placement: Doesn't meet the criteria to be viable node： b90c4d13-5cd9-4e8f-bf45-3a1fa48f671f Heaviness: 6 limit: 5
2019-09-25 07:19:41,913 [grpc-default-executor-0] INFO  impl.RaftServerProxy (RaftServerProxy.java:addNew(89)) - a834d882-1648-4f8e-9ed2-2af76b2ecc63: addNew group-622C5252F347:[a834d882-1648-4f8e-9ed2-2af76b2ecc63:192.168.30.10:42145] returns group-622C5252F347:java.util.concurrent.CompletableFuture@7c98a990[Not completed]
2019-09-25 07:19:41,914 [pool-237-thread-1] INFO  impl.RaftServerImpl (RaftServerImpl.java:<init>(95)) - a834d882-1648-4f8e-9ed2-2af76b2ecc63: new RaftServerImpl for group-622C5252F347:[a834d882-1648-4f8e-9ed2-2af76b2ecc63:192.168.30.10:42145] with ContainerStateMachine:uninitialized
2019-09-25 07:19:41,914 [pool-237-thread-1] INFO  server.RaftServerConfigKeys (ConfUtils.java:logGet(43)) - raft.server.rpc.timeout.min = 5s (custom)
2019-09-25 07:19:41,915 [pool-237-thread-1] INFO  server.RaftServerConfigKeys (ConfUtils.java:logGet(43)) - raft.server.rpc.timeout.max = 5200ms (custom)
2019-09-25 07:19:41,915 [pool-237-thread-1] INFO  server.RaftServerConfigKeys (ConfUtils.java:logGet(43)) - raft.server.rpcslowness.timeout = 120s (custom)
2019-09-25 07:19:41,915 [pool-237-thread-1] INFO  server.RaftServerConfigKeys (ConfUtils.java:logGet(43)) - raft.server.sleep.deviation.threshold = 300 (default)
2019-09-25 07:19:41,915 [pool-237-thread-1] INFO  server.RaftServerConfigKeys (ConfUtils.java:logGet(43)) - raft.server.log.appender.install.snapshot.enabled = false (custom)
2019-09-25 07:19:41,915 [pool-237-thread-1] INFO  impl.RaftServerImpl (ServerState.java:<init>(103)) - a834d882-1648-4f8e-9ed2-2af76b2ecc63@group-622C5252F347: ConfigurationManager, init=-1: [a834d882-1648-4f8e-9ed2-2af76b2ecc63:192.168.30.10:42145], old=null, confs=<EMPTY_MAP>
2019-09-25 07:19:41,915 [pool-237-thread-1] INFO  server.RaftServerConfigKeys (ConfUtils.java:logGet(43)) - raft.server.storage.dir = [/workdir/hadoop-ozone/ozonefs/target/test-dir/MiniOzoneClusterImpl-a387bd8f-5630-4dea-a733-c907936cb7c3/datanode-1/data/ratis] (custom)
2019-09-25 07:19:41,915 [pool-237-thread-1] INFO  storage.RaftStorageDirectory (RaftStorageDirectory.java:analyzeStorage(246)) - The storage directory /workdir/hadoop-ozone/ozonefs/target/test-dir/MiniOzoneClusterImpl-a387bd8f-5630-4dea-a733-c907936cb7c3/datanode-1/data/ratis/799c09b7-1db2-4bee-b4a9-622c5252f347 does not exist. Creating ...
2019-09-25 07:19:41,928 [pool-237-thread-1] INFO  storage.RaftStorageDirectory (RaftStorageDirectory.java:tryLock(328)) - Lock on /workdir/hadoop-ozone/ozonefs/target/test-dir/MiniOzoneClusterImpl-a387bd8f-5630-4dea-a733-c907936cb7c3/datanode-1/data/ratis/799c09b7-1db2-4bee-b4a9-622c5252f347/in_use.lock acquired by nodename 21239@pr-hdds-1569-s62bp-3040748787
2019-09-25 07:19:41,941 [pool-237-thread-1] INFO  storage.RaftStorage (RaftStorage.java:format(72)) - Storage directory /workdir/hadoop-ozone/ozonefs/target/test-dir/MiniOzoneClusterImpl-a387bd8f-5630-4dea-a733-c907936cb7c3/datanode-1/data/ratis/799c09b7-1db2-4bee-b4a9-622c5252f347 has been successfully formatted.
2019-09-25 07:19:41,942 [pool-237-thread-1] INFO  ratis.ContainerStateMachine (ContainerStateMachine.java:loadSnapshot(230)) - group-622C5252F347: The snapshot info is null. Setting the last applied indexto:(t:0, i:~)
2019-09-25 07:19:41,942 [pool-237-thread-1] INFO  server.RaftServerConfigKeys (ConfUtils.java:logGet(43)) - raft.server.notification.no-leader.timeout = 120s (custom)
2019-09-25 07:19:41,942 [pool-237-thread-1] INFO  server.RaftServerConfigKeys (ConfUtils.java:logGet(43)) - raft.server.log.use.memory = false (default)
2019-09-25 07:19:41,942 [pool-237-thread-1] INFO  server.RaftServerConfigKeys (ConfUtils.java:logGet(43)) - raft.server.log.purge.gap = 1000000 (custom)
2019-09-25 07:19:41,942 [pool-237-thread-1] INFO  server.RaftServerConfigKeys (ConfUtils.java:logGet(43)) - raft.server.log.appender.buffer.byte-limit = 33554432 (custom)
2019-09-25 07:19:41,942 [pool-237-thread-1] INFO  server.RaftServerConfigKeys (ConfUtils.java:logGet(43)) - raft.server.log.segment.size.max = 1048576 (custom)
2019-09-25 07:19:41,942 [pool-237-thread-1] INFO  server.RaftServerConfigKeys (ConfUtils.java:logGet(43)) - raft.server.log.segment.cache.num.max = 2 (custom)
2019-09-25 07:19:41,942 [pool-237-thread-1] INFO  segmented.SegmentedRaftLogWorker (SegmentedRaftLogWorker.java:<init>(172)) - new a834d882-1648-4f8e-9ed2-2af76b2ecc63@group-622C5252F347-SegmentedRaftLogWorker for RaftStorage:Storage Directory /workdir/hadoop-ozone/ozonefs/target/test-dir/MiniOzoneClusterImpl-a387bd8f-5630-4dea-a733-c907936cb7c3/datanode-1/data/ratis/799c09b7-1db2-4bee-b4a9-622c5252f347
2019-09-25 07:19:41,943 [pool-237-thread-1] INFO  server.RaftServerConfigKeys (ConfUtils.java:logGet(43)) - raft.server.log.queue.byte-limit = 2147483647 (custom)
2019-09-25 07:19:41,943 [pool-237-thread-1] INFO  server.RaftServerConfigKeys (ConfUtils.java:logGet(43)) - raft.server.log.queue.element-limit = 1024 (custom)
2019-09-25 07:19:41,943 [pool-237-thread-1] INFO  server.RaftServerConfigKeys (ConfUtils.java:logGet(43)) - raft.server.log.segment.size.max = 1048576 (custom)
2019-09-25 07:19:41,943 [pool-237-thread-1] INFO  server.RaftServerConfigKeys (ConfUtils.java:logGet(43)) - raft.server.log.preallocated.size = 16384 (custom)
2019-09-25 07:19:41,943 [pool-237-thread-1] INFO  server.RaftServerConfigKeys (ConfUtils.java:logGet(43)) - raft.server.log.write.buffer.size = 33554432 (custom)
2019-09-25 07:19:41,943 [pool-237-thread-1] INFO  server.RaftServerConfigKeys (ConfUtils.java:logGet(43)) - raft.server.log.force.sync.num = 128 (default)
2019-09-25 07:19:41,943 [pool-237-thread-1] INFO  server.RaftServerConfigKeys (ConfUtils.java:logGet(43)) - raft.server.log.statemachine.data.sync = true (default)
2019-09-25 07:19:41,943 [pool-237-thread-1] INFO  server.RaftServerConfigKeys (ConfUtils.java:logGet(43)) - raft.server.log.statemachine.data.sync.timeout = 10s (default)
2019-09-25 07:19:41,943 [pool-237-thread-1] INFO  server.RaftServerConfigKeys (ConfUtils.java:logGet(43)) - raft.server.log.statemachine.data.sync.timeout.retry = -1 (default)
2019-09-25 07:19:41,944 [pool-237-thread-1] INFO  server.RaftServerConfigKeys (ConfUtils.java:logGet(43)) - raft.server.log.statemachine.data.caching.enabled = true (custom)
2019-09-25 07:19:41,944 [pool-237-thread-1] INFO  segmented.SegmentedRaftLogWorker (SegmentedRaftLogWorker.java:lambda$new$0(132)) - a834d882-1648-4f8e-9ed2-2af76b2ecc63@group-622C5252F347-SegmentedRaftLogWorker: flushIndex: setUnconditionally 0 -> -1
2019-09-25 07:19:41,944 [pool-237-thread-1] INFO  server.RaftServerConfigKeys (ConfUtils.java:logGet(43)) - raft.server.snapshot.auto.trigger.enabled = true (custom)
2019-09-25 07:19:41,944 [pool-237-thread-1] INFO  server.RaftServerConfigKeys (ConfUtils.java:logGet(43)) - raft.server.snapshot.auto.trigger.threshold = 10000 (custom)
2019-09-25 07:19:41,944 [pool-237-thread-1] INFO  server.RaftServerConfigKeys (ConfUtils.java:logGet(43)) - raft.server.snapshot.retention.num.files = 5 (custom)
2019-09-25 07:19:41,944 [pool-237-thread-1] INFO  server.RaftServerConfigKeys (ConfUtils.java:logGet(43)) - raft.server.retrycache.expirytime = 600000ms (custom)
2019-09-25 07:19:41,946 [pool-237-thread-1] INFO  impl.RaftServerImpl (RaftServerImpl.java:start(185)) - a834d882-1648-4f8e-9ed2-2af76b2ecc63@group-622C5252F347: start as a follower, conf=-1: [a834d882-1648-4f8e-9ed2-2af76b2ecc63:192.168.30.10:42145], old=null
2019-09-25 07:19:41,946 [pool-237-thread-1] INFO  impl.RaftServerImpl (RaftServerImpl.java:setRole(174)) - a834d882-1648-4f8e-9ed2-2af76b2ecc63@group-622C5252F347: changes role from      null to FOLLOWER at term 0 for startAsFollower
2019-09-25 07:19:41,946 [pool-237-thread-1] INFO  impl.RoleInfo (RoleInfo.java:updateAndGet(143)) - a834d882-1648-4f8e-9ed2-2af76b2ecc63: start FollowerState
2019-09-25 07:19:41,946 [pool-237-thread-1] INFO  util.JmxRegister (JmxRegister.java:tryRegister(44)) - Successfully registered JMX Bean with object name Ratis:service=RaftServer,group=group-622C5252F347,id=a834d882-1648-4f8e-9ed2-2af76b2ecc63
2019-09-25 07:19:41,949 [RatisPipelineUtilsThread] INFO  pipeline.PipelineStateManager (PipelineStateManager.java:addPipeline(56)) - Created pipeline Pipeline[ Id: 799c09b7-1db2-4bee-b4a9-622c5252f347, Nodes: a834d882-1648-4f8e-9ed2-2af76b2ecc63{ip: 192.168.30.10, host: pr-hdds-1569-s62bp-3040748787, networkLocation: /default-rack, certSerialId: null}, Type:RATIS, Factor:ONE, State:OPEN]
2019-09-25 07:19:41,949 [RatisPipelineUtilsThread] INFO  pipeline.PipelinePlacementPolicy (PipelinePlacementPolicy.java:meetCriteria(91)) - Pipeline Placement: Doesn't meet the criteria to be viable node： b90c4d13-5cd9-4e8f-bf45-3a1fa48f671f Heaviness: 6 limit: 5
2019-09-25 07:19:41,954 [grpc-default-executor-0] INFO  impl.RaftServerProxy (RaftServerProxy.java:addNew(89)) - a834d882-1648-4f8e-9ed2-2af76b2ecc63: addNew group-EBB1A2D1FC06:[a834d882-1648-4f8e-9ed2-2af76b2ecc63:192.168.30.10:42145] returns group-EBB1A2D1FC06:java.util.concurrent.CompletableFuture@4d7b0094[Not completed]
2019-09-25 07:19:41,954 [pool-237-thread-1] INFO  impl.RaftServerImpl (RaftServerImpl.java:<init>(95)) - a834d882-1648-4f8e-9ed2-2af76b2ecc63: new RaftServerImpl for group-EBB1A2D1FC06:[a834d882-1648-4f8e-9ed2-2af76b2ecc63:192.168.30.10:42145] with ContainerStateMachine:uninitialized
2019-09-25 07:19:41,954 [pool-237-thread-1] INFO  server.RaftServerConfigKeys (ConfUtils.java:logGet(43)) - raft.server.rpc.timeout.min = 5s (custom)
2019-09-25 07:19:41,954 [pool-237-thread-1] INFO  server.RaftServerConfigKeys (ConfUtils.java:logGet(43)) - raft.server.rpc.timeout.max = 5200ms (custom)
2019-09-25 07:19:41,954 [pool-237-thread-1] INFO  server.RaftServerConfigKeys (ConfUtils.java:logGet(43)) - raft.server.rpcslowness.timeout = 120s (custom)
2019-09-25 07:19:41,955 [pool-237-thread-1] INFO  server.RaftServerConfigKeys (ConfUtils.java:logGet(43)) - raft.server.sleep.deviation.threshold = 300 (default)
2019-09-25 07:19:41,955 [pool-237-thread-1] INFO  server.RaftServerConfigKeys (ConfUtils.java:logGet(43)) - raft.server.log.appender.install.snapshot.enabled = false (custom)
2019-09-25 07:19:41,955 [pool-237-thread-1] INFO  impl.RaftServerImpl (ServerState.java:<init>(103)) - a834d882-1648-4f8e-9ed2-2af76b2ecc63@group-EBB1A2D1FC06: ConfigurationManager, init=-1: [a834d882-1648-4f8e-9ed2-2af76b2ecc63:192.168.30.10:42145], old=null, confs=<EMPTY_MAP>
2019-09-25 07:19:41,955 [pool-237-thread-1] INFO  server.RaftServerConfigKeys (ConfUtils.java:logGet(43)) - raft.server.storage.dir = [/workdir/hadoop-ozone/ozonefs/target/test-dir/MiniOzoneClusterImpl-a387bd8f-5630-4dea-a733-c907936cb7c3/datanode-1/data/ratis] (custom)
2019-09-25 07:19:41,955 [pool-237-thread-1] INFO  storage.RaftStorageDirectory (RaftStorageDirectory.java:analyzeStorage(246)) - The storage directory /workdir/hadoop-ozone/ozonefs/target/test-dir/MiniOzoneClusterImpl-a387bd8f-5630-4dea-a733-c907936cb7c3/datanode-1/data/ratis/f0440f84-279f-40ee-807d-ebb1a2d1fc06 does not exist. Creating ...
2019-09-25 07:19:41,968 [pool-237-thread-1] INFO  storage.RaftStorageDirectory (RaftStorageDirectory.java:tryLock(328)) - Lock on /workdir/hadoop-ozone/ozonefs/target/test-dir/MiniOzoneClusterImpl-a387bd8f-5630-4dea-a733-c907936cb7c3/datanode-1/data/ratis/f0440f84-279f-40ee-807d-ebb1a2d1fc06/in_use.lock acquired by nodename 21239@pr-hdds-1569-s62bp-3040748787
2019-09-25 07:19:41,981 [pool-237-thread-1] INFO  storage.RaftStorage (RaftStorage.java:format(72)) - Storage directory /workdir/hadoop-ozone/ozonefs/target/test-dir/MiniOzoneClusterImpl-a387bd8f-5630-4dea-a733-c907936cb7c3/datanode-1/data/ratis/f0440f84-279f-40ee-807d-ebb1a2d1fc06 has been successfully formatted.
2019-09-25 07:19:41,981 [pool-237-thread-1] INFO  ratis.ContainerStateMachine (ContainerStateMachine.java:loadSnapshot(230)) - group-EBB1A2D1FC06: The snapshot info is null. Setting the last applied indexto:(t:0, i:~)
2019-09-25 07:19:41,981 [pool-237-thread-1] INFO  server.RaftServerConfigKeys (ConfUtils.java:logGet(43)) - raft.server.notification.no-leader.timeout = 120s (custom)
2019-09-25 07:19:41,981 [pool-237-thread-1] INFO  server.RaftServerConfigKeys (ConfUtils.java:logGet(43)) - raft.server.log.use.memory = false (default)
2019-09-25 07:19:41,981 [pool-237-thread-1] INFO  server.RaftServerConfigKeys (ConfUtils.java:logGet(43)) - raft.server.log.purge.gap = 1000000 (custom)
2019-09-25 07:19:41,981 [pool-237-thread-1] INFO  server.RaftServerConfigKeys (ConfUtils.java:logGet(43)) - raft.server.log.appender.buffer.byte-limit = 33554432 (custom)
2019-09-25 07:19:41,981 [pool-237-thread-1] INFO  server.RaftServerConfigKeys (ConfUtils.java:logGet(43)) - raft.server.log.segment.size.max = 1048576 (custom)
2019-09-25 07:19:41,981 [pool-237-thread-1] INFO  server.RaftServerConfigKeys (ConfUtils.java:logGet(43)) - raft.server.log.segment.cache.num.max = 2 (custom)
2019-09-25 07:19:41,982 [pool-237-thread-1] INFO  segmented.SegmentedRaftLogWorker (SegmentedRaftLogWorker.java:<init>(172)) - new a834d882-1648-4f8e-9ed2-2af76b2ecc63@group-EBB1A2D1FC06-SegmentedRaftLogWorker for RaftStorage:Storage Directory /workdir/hadoop-ozone/ozonefs/target/test-dir/MiniOzoneClusterImpl-a387bd8f-5630-4dea-a733-c907936cb7c3/datanode-1/data/ratis/f0440f84-279f-40ee-807d-ebb1a2d1fc06
2019-09-25 07:19:41,982 [pool-237-thread-1] INFO  server.RaftServerConfigKeys (ConfUtils.java:logGet(43)) - raft.server.log.queue.byte-limit = 2147483647 (custom)
2019-09-25 07:19:41,982 [pool-237-thread-1] INFO  server.RaftServerConfigKeys (ConfUtils.java:logGet(43)) - raft.server.log.queue.element-limit = 1024 (custom)
2019-09-25 07:19:41,982 [pool-237-thread-1] INFO  server.RaftServerConfigKeys (ConfUtils.java:logGet(43)) - raft.server.log.segment.size.max = 1048576 (custom)
2019-09-25 07:19:41,982 [pool-237-thread-1] INFO  server.RaftServerConfigKeys (ConfUtils.java:logGet(43)) - raft.server.log.preallocated.size = 16384 (custom)
2019-09-25 07:19:41,982 [pool-237-thread-1] INFO  server.RaftServerConfigKeys (ConfUtils.java:logGet(43)) - raft.server.log.write.buffer.size = 33554432 (custom)
2019-09-25 07:19:41,982 [pool-237-thread-1] INFO  server.RaftServerConfigKeys (ConfUtils.java:logGet(43)) - raft.server.log.force.sync.num = 128 (default)
2019-09-25 07:19:41,982 [pool-237-thread-1] INFO  server.RaftServerConfigKeys (ConfUtils.java:logGet(43)) - raft.server.log.statemachine.data.sync = true (default)
2019-09-25 07:19:41,982 [pool-237-thread-1] INFO  server.RaftServerConfigKeys (ConfUtils.java:logGet(43)) - raft.server.log.statemachine.data.sync.timeout = 10s (default)
2019-09-25 07:19:41,983 [pool-237-thread-1] INFO  server.RaftServerConfigKeys (ConfUtils.java:logGet(43)) - raft.server.log.statemachine.data.sync.timeout.retry = -1 (default)
2019-09-25 07:19:41,983 [pool-237-thread-1] INFO  server.RaftServerConfigKeys (ConfUtils.java:logGet(43)) - raft.server.log.statemachine.data.caching.enabled = true (custom)
2019-09-25 07:19:41,983 [pool-237-thread-1] INFO  segmented.SegmentedRaftLogWorker (SegmentedRaftLogWorker.java:lambda$new$0(132)) - a834d882-1648-4f8e-9ed2-2af76b2ecc63@group-EBB1A2D1FC06-SegmentedRaftLogWorker: flushIndex: setUnconditionally 0 -> -1
2019-09-25 07:19:41,983 [pool-237-thread-1] INFO  server.RaftServerConfigKeys (ConfUtils.java:logGet(43)) - raft.server.snapshot.auto.trigger.enabled = true (custom)
2019-09-25 07:19:41,983 [pool-237-thread-1] INFO  server.RaftServerConfigKeys (ConfUtils.java:logGet(43)) - raft.server.snapshot.auto.trigger.threshold = 10000 (custom)
2019-09-25 07:19:41,983 [pool-237-thread-1] INFO  server.RaftServerConfigKeys (ConfUtils.java:logGet(43)) - raft.server.snapshot.retention.num.files = 5 (custom)
2019-09-25 07:19:41,983 [pool-237-thread-1] INFO  server.RaftServerConfigKeys (ConfUtils.java:logGet(43)) - raft.server.retrycache.expirytime = 600000ms (custom)
2019-09-25 07:19:41,985 [pool-237-thread-1] INFO  impl.RaftServerImpl (RaftServerImpl.java:start(185)) - a834d882-1648-4f8e-9ed2-2af76b2ecc63@group-EBB1A2D1FC06: start as a follower, conf=-1: [a834d882-1648-4f8e-9ed2-2af76b2ecc63:192.168.30.10:42145], old=null
2019-09-25 07:19:41,985 [pool-237-thread-1] INFO  impl.RaftServerImpl (RaftServerImpl.java:setRole(174)) - a834d882-1648-4f8e-9ed2-2af76b2ecc63@group-EBB1A2D1FC06: changes role from      null to FOLLOWER at term 0 for startAsFollower
2019-09-25 07:19:41,985 [pool-237-thread-1] INFO  impl.RoleInfo (RoleInfo.java:updateAndGet(143)) - a834d882-1648-4f8e-9ed2-2af76b2ecc63: start FollowerState
2019-09-25 07:19:41,985 [pool-237-thread-1] INFO  util.JmxRegister (JmxRegister.java:tryRegister(44)) - Successfully registered JMX Bean with object name Ratis:service=RaftServer,group=group-EBB1A2D1FC06,id=a834d882-1648-4f8e-9ed2-2af76b2ecc63
2019-09-25 07:19:41,988 [RatisPipelineUtilsThread] INFO  pipeline.PipelineStateManager (PipelineStateManager.java:addPipeline(56)) - Created pipeline Pipeline[ Id: f0440f84-279f-40ee-807d-ebb1a2d1fc06, Nodes: a834d882-1648-4f8e-9ed2-2af76b2ecc63{ip: 192.168.30.10, host: pr-hdds-1569-s62bp-3040748787, networkLocation: /default-rack, certSerialId: null}, Type:RATIS, Factor:ONE, State:OPEN]
2019-09-25 07:19:41,988 [RatisPipelineUtilsThread] INFO  pipeline.PipelinePlacementPolicy (PipelinePlacementPolicy.java:meetCriteria(91)) - Pipeline Placement: Doesn't meet the criteria to be viable node： b90c4d13-5cd9-4e8f-bf45-3a1fa48f671f Heaviness: 6 limit: 5
2019-09-25 07:19:41,988 [RatisPipelineUtilsThread] INFO  pipeline.PipelinePlacementPolicy (PipelinePlacementPolicy.java:meetCriteria(91)) - Pipeline Placement: Doesn't meet the criteria to be viable node： a834d882-1648-4f8e-9ed2-2af76b2ecc63 Heaviness: 6 limit: 5
2019-09-25 07:19:41,995 [grpc-default-executor-0] INFO  impl.RaftServerProxy (RaftServerProxy.java:addNew(89)) - b1599e75-efd0-47a4-8a8f-add4431e6892: addNew group-B521AEA20E99:[b1599e75-efd0-47a4-8a8f-add4431e6892:192.168.30.10:42922] returns group-B521AEA20E99:java.util.concurrent.CompletableFuture@e164a8e[Not completed]
2019-09-25 07:19:41,996 [pool-247-thread-1] INFO  impl.RaftServerImpl (RaftServerImpl.java:<init>(95)) - b1599e75-efd0-47a4-8a8f-add4431e6892: new RaftServerImpl for group-B521AEA20E99:[b1599e75-efd0-47a4-8a8f-add4431e6892:192.168.30.10:42922] with ContainerStateMachine:uninitialized
2019-09-25 07:19:41,996 [pool-247-thread-1] INFO  server.RaftServerConfigKeys (ConfUtils.java:logGet(43)) - raft.server.rpc.timeout.min = 5s (custom)
2019-09-25 07:19:41,996 [pool-247-thread-1] INFO  server.RaftServerConfigKeys (ConfUtils.java:logGet(43)) - raft.server.rpc.timeout.max = 5200ms (custom)
2019-09-25 07:19:41,996 [pool-247-thread-1] INFO  server.RaftServerConfigKeys (ConfUtils.java:logGet(43)) - raft.server.rpcslowness.timeout = 120s (custom)
2019-09-25 07:19:41,996 [pool-247-thread-1] INFO  server.RaftServerConfigKeys (ConfUtils.java:logGet(43)) - raft.server.sleep.deviation.threshold = 300 (default)
2019-09-25 07:19:41,996 [pool-247-thread-1] INFO  server.RaftServerConfigKeys (ConfUtils.java:logGet(43)) - raft.server.log.appender.install.snapshot.enabled = false (custom)
2019-09-25 07:19:41,996 [pool-247-thread-1] INFO  impl.RaftServerImpl (ServerState.java:<init>(103)) - b1599e75-efd0-47a4-8a8f-add4431e6892@group-B521AEA20E99: ConfigurationManager, init=-1: [b1599e75-efd0-47a4-8a8f-add4431e6892:192.168.30.10:42922], old=null, confs=<EMPTY_MAP>
2019-09-25 07:19:41,997 [pool-247-thread-1] INFO  server.RaftServerConfigKeys (ConfUtils.java:logGet(43)) - raft.server.storage.dir = [/workdir/hadoop-ozone/ozonefs/target/test-dir/MiniOzoneClusterImpl-a387bd8f-5630-4dea-a733-c907936cb7c3/datanode-2/data/ratis] (custom)
2019-09-25 07:19:41,997 [pool-247-thread-1] INFO  storage.RaftStorageDirectory (RaftStorageDirectory.java:analyzeStorage(246)) - The storage directory /workdir/hadoop-ozone/ozonefs/target/test-dir/MiniOzoneClusterImpl-a387bd8f-5630-4dea-a733-c907936cb7c3/datanode-2/data/ratis/614d72a1-5b55-4d58-b2a9-b521aea20e99 does not exist. Creating ...
2019-09-25 07:19:42,010 [pool-247-thread-1] INFO  storage.RaftStorageDirectory (RaftStorageDirectory.java:tryLock(328)) - Lock on /workdir/hadoop-ozone/ozonefs/target/test-dir/MiniOzoneClusterImpl-a387bd8f-5630-4dea-a733-c907936cb7c3/datanode-2/data/ratis/614d72a1-5b55-4d58-b2a9-b521aea20e99/in_use.lock acquired by nodename 21239@pr-hdds-1569-s62bp-3040748787
2019-09-25 07:19:42,035 [pool-247-thread-1] INFO  storage.RaftStorage (RaftStorage.java:format(72)) - Storage directory /workdir/hadoop-ozone/ozonefs/target/test-dir/MiniOzoneClusterImpl-a387bd8f-5630-4dea-a733-c907936cb7c3/datanode-2/data/ratis/614d72a1-5b55-4d58-b2a9-b521aea20e99 has been successfully formatted.
2019-09-25 07:19:42,035 [pool-247-thread-1] INFO  ratis.ContainerStateMachine (ContainerStateMachine.java:loadSnapshot(230)) - group-B521AEA20E99: The snapshot info is null. Setting the last applied indexto:(t:0, i:~)
2019-09-25 07:19:42,035 [pool-247-thread-1] INFO  server.RaftServerConfigKeys (ConfUtils.java:logGet(43)) - raft.server.notification.no-leader.timeout = 120s (custom)
2019-09-25 07:19:42,035 [pool-247-thread-1] INFO  server.RaftServerConfigKeys (ConfUtils.java:logGet(43)) - raft.server.log.use.memory = false (default)
2019-09-25 07:19:42,036 [pool-247-thread-1] INFO  server.RaftServerConfigKeys (ConfUtils.java:logGet(43)) - raft.server.log.purge.gap = 1000000 (custom)
2019-09-25 07:19:42,036 [pool-247-thread-1] INFO  server.RaftServerConfigKeys (ConfUtils.java:logGet(43)) - raft.server.log.appender.buffer.byte-limit = 33554432 (custom)
2019-09-25 07:19:42,036 [pool-247-thread-1] INFO  server.RaftServerConfigKeys (ConfUtils.java:logGet(43)) - raft.server.log.segment.size.max = 1048576 (custom)
2019-09-25 07:19:42,036 [pool-247-thread-1] INFO  server.RaftServerConfigKeys (ConfUtils.java:logGet(43)) - raft.server.log.segment.cache.num.max = 2 (custom)
2019-09-25 07:19:42,036 [pool-247-thread-1] INFO  segmented.SegmentedRaftLogWorker (SegmentedRaftLogWorker.java:<init>(172)) - new b1599e75-efd0-47a4-8a8f-add4431e6892@group-B521AEA20E99-SegmentedRaftLogWorker for RaftStorage:Storage Directory /workdir/hadoop-ozone/ozonefs/target/test-dir/MiniOzoneClusterImpl-a387bd8f-5630-4dea-a733-c907936cb7c3/datanode-2/data/ratis/614d72a1-5b55-4d58-b2a9-b521aea20e99
2019-09-25 07:19:42,036 [pool-247-thread-1] INFO  server.RaftServerConfigKeys (ConfUtils.java:logGet(43)) - raft.server.log.queue.byte-limit = 2147483647 (custom)
2019-09-25 07:19:42,037 [pool-247-thread-1] INFO  server.RaftServerConfigKeys (ConfUtils.java:logGet(43)) - raft.server.log.queue.element-limit = 1024 (custom)
2019-09-25 07:19:42,037 [pool-247-thread-1] INFO  server.RaftServerConfigKeys (ConfUtils.java:logGet(43)) - raft.server.log.segment.size.max = 1048576 (custom)
2019-09-25 07:19:42,037 [pool-247-thread-1] INFO  server.RaftServerConfigKeys (ConfUtils.java:logGet(43)) - raft.server.log.preallocated.size = 16384 (custom)
2019-09-25 07:19:42,037 [pool-247-thread-1] INFO  server.RaftServerConfigKeys (ConfUtils.java:logGet(43)) - raft.server.log.write.buffer.size = 33554432 (custom)
2019-09-25 07:19:42,037 [pool-247-thread-1] INFO  server.RaftServerConfigKeys (ConfUtils.java:logGet(43)) - raft.server.log.force.sync.num = 128 (default)
2019-09-25 07:19:42,037 [pool-247-thread-1] INFO  server.RaftServerConfigKeys (ConfUtils.java:logGet(43)) - raft.server.log.statemachine.data.sync = true (default)
2019-09-25 07:19:42,038 [pool-247-thread-1] INFO  server.RaftServerConfigKeys (ConfUtils.java:logGet(43)) - raft.server.log.statemachine.data.sync.timeout = 10s (default)
2019-09-25 07:19:42,038 [pool-247-thread-1] INFO  server.RaftServerConfigKeys (ConfUtils.java:logGet(43)) - raft.server.log.statemachine.data.sync.timeout.retry = -1 (default)
2019-09-25 07:19:42,038 [pool-247-thread-1] INFO  server.RaftServerConfigKeys (ConfUtils.java:logGet(43)) - raft.server.log.statemachine.data.caching.enabled = true (custom)
2019-09-25 07:19:42,038 [pool-247-thread-1] INFO  segmented.SegmentedRaftLogWorker (SegmentedRaftLogWorker.java:lambda$new$0(132)) - b1599e75-efd0-47a4-8a8f-add4431e6892@group-B521AEA20E99-SegmentedRaftLogWorker: flushIndex: setUnconditionally 0 -> -1
2019-09-25 07:19:42,039 [pool-247-thread-1] INFO  server.RaftServerConfigKeys (ConfUtils.java:logGet(43)) - raft.server.snapshot.auto.trigger.enabled = true (custom)
2019-09-25 07:19:42,039 [pool-247-thread-1] INFO  server.RaftServerConfigKeys (ConfUtils.java:logGet(43)) - raft.server.snapshot.auto.trigger.threshold = 10000 (custom)
2019-09-25 07:19:42,039 [pool-247-thread-1] INFO  server.RaftServerConfigKeys (ConfUtils.java:logGet(43)) - raft.server.snapshot.retention.num.files = 5 (custom)
2019-09-25 07:19:42,039 [pool-247-thread-1] INFO  server.RaftServerConfigKeys (ConfUtils.java:logGet(43)) - raft.server.retrycache.expirytime = 600000ms (custom)
2019-09-25 07:19:42,041 [pool-247-thread-1] INFO  impl.RaftServerImpl (RaftServerImpl.java:start(185)) - b1599e75-efd0-47a4-8a8f-add4431e6892@group-B521AEA20E99: start as a follower, conf=-1: [b1599e75-efd0-47a4-8a8f-add4431e6892:192.168.30.10:42922], old=null
2019-09-25 07:19:42,041 [pool-247-thread-1] INFO  impl.RaftServerImpl (RaftServerImpl.java:setRole(174)) - b1599e75-efd0-47a4-8a8f-add4431e6892@group-B521AEA20E99: changes role from      null to FOLLOWER at term 0 for startAsFollower
2019-09-25 07:19:42,041 [pool-247-thread-1] INFO  impl.RoleInfo (RoleInfo.java:updateAndGet(143)) - b1599e75-efd0-47a4-8a8f-add4431e6892: start FollowerState
2019-09-25 07:19:42,042 [pool-247-thread-1] INFO  util.JmxRegister (JmxRegister.java:tryRegister(44)) - Successfully registered JMX Bean with object name Ratis:service=RaftServer,group=group-B521AEA20E99,id=b1599e75-efd0-47a4-8a8f-add4431e6892
2019-09-25 07:19:42,045 [RatisPipelineUtilsThread] INFO  pipeline.PipelineStateManager (PipelineStateManager.java:addPipeline(56)) - Created pipeline Pipeline[ Id: 614d72a1-5b55-4d58-b2a9-b521aea20e99, Nodes: b1599e75-efd0-47a4-8a8f-add4431e6892{ip: 192.168.30.10, host: pr-hdds-1569-s62bp-3040748787, networkLocation: /default-rack, certSerialId: null}, Type:RATIS, Factor:ONE, State:OPEN]
2019-09-25 07:19:42,045 [RatisPipelineUtilsThread] INFO  pipeline.PipelinePlacementPolicy (PipelinePlacementPolicy.java:meetCriteria(91)) - Pipeline Placement: Doesn't meet the criteria to be viable node： b90c4d13-5cd9-4e8f-bf45-3a1fa48f671f Heaviness: 6 limit: 5
2019-09-25 07:19:42,045 [RatisPipelineUtilsThread] INFO  pipeline.PipelinePlacementPolicy (PipelinePlacementPolicy.java:meetCriteria(91)) - Pipeline Placement: Doesn't meet the criteria to be viable node： a834d882-1648-4f8e-9ed2-2af76b2ecc63 Heaviness: 6 limit: 5
2019-09-25 07:19:42,051 [grpc-default-executor-0] INFO  impl.RaftServerProxy (RaftServerProxy.java:addNew(89)) - b1599e75-efd0-47a4-8a8f-add4431e6892: addNew group-589820438939:[b1599e75-efd0-47a4-8a8f-add4431e6892:192.168.30.10:42922] returns group-589820438939:java.util.concurrent.CompletableFuture@73820b3f[Not completed]
2019-09-25 07:19:42,052 [pool-247-thread-1] INFO  impl.RaftServerImpl (RaftServerImpl.java:<init>(95)) - b1599e75-efd0-47a4-8a8f-add4431e6892: new RaftServerImpl for group-589820438939:[b1599e75-efd0-47a4-8a8f-add4431e6892:192.168.30.10:42922] with ContainerStateMachine:uninitialized
2019-09-25 07:19:42,052 [pool-247-thread-1] INFO  server.RaftServerConfigKeys (ConfUtils.java:logGet(43)) - raft.server.rpc.timeout.min = 5s (custom)
2019-09-25 07:19:42,052 [pool-247-thread-1] INFO  server.RaftServerConfigKeys (ConfUtils.java:logGet(43)) - raft.server.rpc.timeout.max = 5200ms (custom)
2019-09-25 07:19:42,052 [pool-247-thread-1] INFO  server.RaftServerConfigKeys (ConfUtils.java:logGet(43)) - raft.server.rpcslowness.timeout = 120s (custom)
2019-09-25 07:19:42,052 [pool-247-thread-1] INFO  server.RaftServerConfigKeys (ConfUtils.java:logGet(43)) - raft.server.sleep.deviation.threshold = 300 (default)
2019-09-25 07:19:42,052 [pool-247-thread-1] INFO  server.RaftServerConfigKeys (ConfUtils.java:logGet(43)) - raft.server.log.appender.install.snapshot.enabled = false (custom)
2019-09-25 07:19:42,052 [pool-247-thread-1] INFO  impl.RaftServerImpl (ServerState.java:<init>(103)) - b1599e75-efd0-47a4-8a8f-add4431e6892@group-589820438939: ConfigurationManager, init=-1: [b1599e75-efd0-47a4-8a8f-add4431e6892:192.168.30.10:42922], old=null, confs=<EMPTY_MAP>
2019-09-25 07:19:42,052 [pool-247-thread-1] INFO  server.RaftServerConfigKeys (ConfUtils.java:logGet(43)) - raft.server.storage.dir = [/workdir/hadoop-ozone/ozonefs/target/test-dir/MiniOzoneClusterImpl-a387bd8f-5630-4dea-a733-c907936cb7c3/datanode-2/data/ratis] (custom)
2019-09-25 07:19:42,053 [pool-247-thread-1] INFO  storage.RaftStorageDirectory (RaftStorageDirectory.java:analyzeStorage(246)) - The storage directory /workdir/hadoop-ozone/ozonefs/target/test-dir/MiniOzoneClusterImpl-a387bd8f-5630-4dea-a733-c907936cb7c3/datanode-2/data/ratis/031cfed7-8cb8-4ce3-a4d3-589820438939 does not exist. Creating ...
2019-09-25 07:19:42,066 [pool-247-thread-1] INFO  storage.RaftStorageDirectory (RaftStorageDirectory.java:tryLock(328)) - Lock on /workdir/hadoop-ozone/ozonefs/target/test-dir/MiniOzoneClusterImpl-a387bd8f-5630-4dea-a733-c907936cb7c3/datanode-2/data/ratis/031cfed7-8cb8-4ce3-a4d3-589820438939/in_use.lock acquired by nodename 21239@pr-hdds-1569-s62bp-3040748787
2019-09-25 07:19:42,079 [pool-247-thread-1] INFO  storage.RaftStorage (RaftStorage.java:format(72)) - Storage directory /workdir/hadoop-ozone/ozonefs/target/test-dir/MiniOzoneClusterImpl-a387bd8f-5630-4dea-a733-c907936cb7c3/datanode-2/data/ratis/031cfed7-8cb8-4ce3-a4d3-589820438939 has been successfully formatted.
2019-09-25 07:19:42,080 [pool-247-thread-1] INFO  ratis.ContainerStateMachine (ContainerStateMachine.java:loadSnapshot(230)) - group-589820438939: The snapshot info is null. Setting the last applied indexto:(t:0, i:~)
2019-09-25 07:19:42,080 [pool-247-thread-1] INFO  server.RaftServerConfigKeys (ConfUtils.java:logGet(43)) - raft.server.notification.no-leader.timeout = 120s (custom)
2019-09-25 07:19:42,080 [pool-247-thread-1] INFO  server.RaftServerConfigKeys (ConfUtils.java:logGet(43)) - raft.server.log.use.memory = false (default)
2019-09-25 07:19:42,080 [pool-247-thread-1] INFO  server.RaftServerConfigKeys (ConfUtils.java:logGet(43)) - raft.server.log.purge.gap = 1000000 (custom)
2019-09-25 07:19:42,080 [pool-247-thread-1] INFO  server.RaftServerConfigKeys (ConfUtils.java:logGet(43)) - raft.server.log.appender.buffer.byte-limit = 33554432 (custom)
2019-09-25 07:19:42,080 [pool-247-thread-1] INFO  server.RaftServerConfigKeys (ConfUtils.java:logGet(43)) - raft.server.log.segment.size.max = 1048576 (custom)
2019-09-25 07:19:42,081 [pool-247-thread-1] INFO  server.RaftServerConfigKeys (ConfUtils.java:logGet(43)) - raft.server.log.segment.cache.num.max = 2 (custom)
2019-09-25 07:19:42,081 [pool-247-thread-1] INFO  segmented.SegmentedRaftLogWorker (SegmentedRaftLogWorker.java:<init>(172)) - new b1599e75-efd0-47a4-8a8f-add4431e6892@group-589820438939-SegmentedRaftLogWorker for RaftStorage:Storage Directory /workdir/hadoop-ozone/ozonefs/target/test-dir/MiniOzoneClusterImpl-a387bd8f-5630-4dea-a733-c907936cb7c3/datanode-2/data/ratis/031cfed7-8cb8-4ce3-a4d3-589820438939
2019-09-25 07:19:42,081 [pool-247-thread-1] INFO  server.RaftServerConfigKeys (ConfUtils.java:logGet(43)) - raft.server.log.queue.byte-limit = 2147483647 (custom)
2019-09-25 07:19:42,081 [pool-247-thread-1] INFO  server.RaftServerConfigKeys (ConfUtils.java:logGet(43)) - raft.server.log.queue.element-limit = 1024 (custom)
2019-09-25 07:19:42,081 [pool-247-thread-1] INFO  server.RaftServerConfigKeys (ConfUtils.java:logGet(43)) - raft.server.log.segment.size.max = 1048576 (custom)
2019-09-25 07:19:42,081 [pool-247-thread-1] INFO  server.RaftServerConfigKeys (ConfUtils.java:logGet(43)) - raft.server.log.preallocated.size = 16384 (custom)
2019-09-25 07:19:42,081 [pool-247-thread-1] INFO  server.RaftServerConfigKeys (ConfUtils.java:logGet(43)) - raft.server.log.write.buffer.size = 33554432 (custom)
2019-09-25 07:19:42,081 [pool-247-thread-1] INFO  server.RaftServerConfigKeys (ConfUtils.java:logGet(43)) - raft.server.log.force.sync.num = 128 (default)
2019-09-25 07:19:42,082 [pool-247-thread-1] INFO  server.RaftServerConfigKeys (ConfUtils.java:logGet(43)) - raft.server.log.statemachine.data.sync = true (default)
2019-09-25 07:19:42,082 [pool-247-thread-1] INFO  server.RaftServerConfigKeys (ConfUtils.java:logGet(43)) - raft.server.log.statemachine.data.sync.timeout = 10s (default)
2019-09-25 07:19:42,082 [pool-247-thread-1] INFO  server.RaftServerConfigKeys (ConfUtils.java:logGet(43)) - raft.server.log.statemachine.data.sync.timeout.retry = -1 (default)
2019-09-25 07:19:42,082 [pool-247-thread-1] INFO  server.RaftServerConfigKeys (ConfUtils.java:logGet(43)) - raft.server.log.statemachine.data.caching.enabled = true (custom)
2019-09-25 07:19:42,082 [pool-247-thread-1] INFO  segmented.SegmentedRaftLogWorker (SegmentedRaftLogWorker.java:lambda$new$0(132)) - b1599e75-efd0-47a4-8a8f-add4431e6892@group-589820438939-SegmentedRaftLogWorker: flushIndex: setUnconditionally 0 -> -1
2019-09-25 07:19:42,083 [pool-247-thread-1] INFO  server.RaftServerConfigKeys (ConfUtils.java:logGet(43)) - raft.server.snapshot.auto.trigger.enabled = true (custom)
2019-09-25 07:19:42,083 [pool-247-thread-1] INFO  server.RaftServerConfigKeys (ConfUtils.java:logGet(43)) - raft.server.snapshot.auto.trigger.threshold = 10000 (custom)
2019-09-25 07:19:42,083 [pool-247-thread-1] INFO  server.RaftServerConfigKeys (ConfUtils.java:logGet(43)) - raft.server.snapshot.retention.num.files = 5 (custom)
2019-09-25 07:19:42,083 [pool-247-thread-1] INFO  server.RaftServerConfigKeys (ConfUtils.java:logGet(43)) - raft.server.retrycache.expirytime = 600000ms (custom)
2019-09-25 07:19:42,085 [pool-247-thread-1] INFO  impl.RaftServerImpl (RaftServerImpl.java:start(185)) - b1599e75-efd0-47a4-8a8f-add4431e6892@group-589820438939: start as a follower, conf=-1: [b1599e75-efd0-47a4-8a8f-add4431e6892:192.168.30.10:42922], old=null
2019-09-25 07:19:42,085 [pool-247-thread-1] INFO  impl.RaftServerImpl (RaftServerImpl.java:setRole(174)) - b1599e75-efd0-47a4-8a8f-add4431e6892@group-589820438939: changes role from      null to FOLLOWER at term 0 for startAsFollower
2019-09-25 07:19:42,085 [pool-247-thread-1] INFO  impl.RoleInfo (RoleInfo.java:updateAndGet(143)) - b1599e75-efd0-47a4-8a8f-add4431e6892: start FollowerState
2019-09-25 07:19:42,085 [pool-247-thread-1] INFO  util.JmxRegister (JmxRegister.java:tryRegister(44)) - Successfully registered JMX Bean with object name Ratis:service=RaftServer,group=group-589820438939,id=b1599e75-efd0-47a4-8a8f-add4431e6892
2019-09-25 07:19:42,088 [RatisPipelineUtilsThread] INFO  pipeline.PipelineStateManager (PipelineStateManager.java:addPipeline(56)) - Created pipeline Pipeline[ Id: 031cfed7-8cb8-4ce3-a4d3-589820438939, Nodes: b1599e75-efd0-47a4-8a8f-add4431e6892{ip: 192.168.30.10, host: pr-hdds-1569-s62bp-3040748787, networkLocation: /default-rack, certSerialId: null}, Type:RATIS, Factor:ONE, State:OPEN]
2019-09-25 07:19:42,088 [RatisPipelineUtilsThread] INFO  pipeline.PipelinePlacementPolicy (PipelinePlacementPolicy.java:meetCriteria(91)) - Pipeline Placement: Doesn't meet the criteria to be viable node： b90c4d13-5cd9-4e8f-bf45-3a1fa48f671f Heaviness: 6 limit: 5
2019-09-25 07:19:42,088 [RatisPipelineUtilsThread] INFO  pipeline.PipelinePlacementPolicy (PipelinePlacementPolicy.java:meetCriteria(91)) - Pipeline Placement: Doesn't meet the criteria to be viable node： a834d882-1648-4f8e-9ed2-2af76b2ecc63 Heaviness: 6 limit: 5
2019-09-25 07:19:42,094 [grpc-default-executor-0] INFO  impl.RaftServerProxy (RaftServerProxy.java:addNew(89)) - b1599e75-efd0-47a4-8a8f-add4431e6892: addNew group-8DF55260F6DB:[b1599e75-efd0-47a4-8a8f-add4431e6892:192.168.30.10:42922] returns group-8DF55260F6DB:java.util.concurrent.CompletableFuture@25e3ea61[Not completed]
2019-09-25 07:19:42,095 [pool-247-thread-1] INFO  impl.RaftServerImpl (RaftServerImpl.java:<init>(95)) - b1599e75-efd0-47a4-8a8f-add4431e6892: new RaftServerImpl for group-8DF55260F6DB:[b1599e75-efd0-47a4-8a8f-add4431e6892:192.168.30.10:42922] with ContainerStateMachine:uninitialized
2019-09-25 07:19:42,095 [pool-247-thread-1] INFO  server.RaftServerConfigKeys (ConfUtils.java:logGet(43)) - raft.server.rpc.timeout.min = 5s (custom)
2019-09-25 07:19:42,095 [pool-247-thread-1] INFO  server.RaftServerConfigKeys (ConfUtils.java:logGet(43)) - raft.server.rpc.timeout.max = 5200ms (custom)
2019-09-25 07:19:42,095 [pool-247-thread-1] INFO  server.RaftServerConfigKeys (ConfUtils.java:logGet(43)) - raft.server.rpcslowness.timeout = 120s (custom)
2019-09-25 07:19:42,095 [pool-247-thread-1] INFO  server.RaftServerConfigKeys (ConfUtils.java:logGet(43)) - raft.server.sleep.deviation.threshold = 300 (default)
2019-09-25 07:19:42,095 [pool-247-thread-1] INFO  server.RaftServerConfigKeys (ConfUtils.java:logGet(43)) - raft.server.log.appender.install.snapshot.enabled = false (custom)
2019-09-25 07:19:42,095 [pool-247-thread-1] INFO  impl.RaftServerImpl (ServerState.java:<init>(103)) - b1599e75-efd0-47a4-8a8f-add4431e6892@group-8DF55260F6DB: ConfigurationManager, init=-1: [b1599e75-efd0-47a4-8a8f-add4431e6892:192.168.30.10:42922], old=null, confs=<EMPTY_MAP>
2019-09-25 07:19:42,096 [pool-247-thread-1] INFO  server.RaftServerConfigKeys (ConfUtils.java:logGet(43)) - raft.server.storage.dir = [/workdir/hadoop-ozone/ozonefs/target/test-dir/MiniOzoneClusterImpl-a387bd8f-5630-4dea-a733-c907936cb7c3/datanode-2/data/ratis] (custom)
2019-09-25 07:19:42,096 [pool-247-thread-1] INFO  storage.RaftStorageDirectory (RaftStorageDirectory.java:analyzeStorage(246)) - The storage directory /workdir/hadoop-ozone/ozonefs/target/test-dir/MiniOzoneClusterImpl-a387bd8f-5630-4dea-a733-c907936cb7c3/datanode-2/data/ratis/d255328a-c0a6-4c5a-b62a-8df55260f6db does not exist. Creating ...
2019-09-25 07:19:42,109 [pool-247-thread-1] INFO  storage.RaftStorageDirectory (RaftStorageDirectory.java:tryLock(328)) - Lock on /workdir/hadoop-ozone/ozonefs/target/test-dir/MiniOzoneClusterImpl-a387bd8f-5630-4dea-a733-c907936cb7c3/datanode-2/data/ratis/d255328a-c0a6-4c5a-b62a-8df55260f6db/in_use.lock acquired by nodename 21239@pr-hdds-1569-s62bp-3040748787
2019-09-25 07:19:42,123 [pool-247-thread-1] INFO  storage.RaftStorage (RaftStorage.java:format(72)) - Storage directory /workdir/hadoop-ozone/ozonefs/target/test-dir/MiniOzoneClusterImpl-a387bd8f-5630-4dea-a733-c907936cb7c3/datanode-2/data/ratis/d255328a-c0a6-4c5a-b62a-8df55260f6db has been successfully formatted.
2019-09-25 07:19:42,123 [pool-247-thread-1] INFO  ratis.ContainerStateMachine (ContainerStateMachine.java:loadSnapshot(230)) - group-8DF55260F6DB: The snapshot info is null. Setting the last applied indexto:(t:0, i:~)
2019-09-25 07:19:42,123 [pool-247-thread-1] INFO  server.RaftServerConfigKeys (ConfUtils.java:logGet(43)) - raft.server.notification.no-leader.timeout = 120s (custom)
2019-09-25 07:19:42,123 [pool-247-thread-1] INFO  server.RaftServerConfigKeys (ConfUtils.java:logGet(43)) - raft.server.log.use.memory = false (default)
2019-09-25 07:19:42,123 [pool-247-thread-1] INFO  server.RaftServerConfigKeys (ConfUtils.java:logGet(43)) - raft.server.log.purge.gap = 1000000 (custom)
2019-09-25 07:19:42,124 [pool-247-thread-1] INFO  server.RaftServerConfigKeys (ConfUtils.java:logGet(43)) - raft.server.log.appender.buffer.byte-limit = 33554432 (custom)
2019-09-25 07:19:42,124 [pool-247-thread-1] INFO  server.RaftServerConfigKeys (ConfUtils.java:logGet(43)) - raft.server.log.segment.size.max = 1048576 (custom)
2019-09-25 07:19:42,124 [pool-247-thread-1] INFO  server.RaftServerConfigKeys (ConfUtils.java:logGet(43)) - raft.server.log.segment.cache.num.max = 2 (custom)
2019-09-25 07:19:42,124 [pool-247-thread-1] INFO  segmented.SegmentedRaftLogWorker (SegmentedRaftLogWorker.java:<init>(172)) - new b1599e75-efd0-47a4-8a8f-add4431e6892@group-8DF55260F6DB-SegmentedRaftLogWorker for RaftStorage:Storage Directory /workdir/hadoop-ozone/ozonefs/target/test-dir/MiniOzoneClusterImpl-a387bd8f-5630-4dea-a733-c907936cb7c3/datanode-2/data/ratis/d255328a-c0a6-4c5a-b62a-8df55260f6db
2019-09-25 07:19:42,124 [pool-247-thread-1] INFO  server.RaftServerConfigKeys (ConfUtils.java:logGet(43)) - raft.server.log.queue.byte-limit = 2147483647 (custom)
2019-09-25 07:19:42,124 [pool-247-thread-1] INFO  server.RaftServerConfigKeys (ConfUtils.java:logGet(43)) - raft.server.log.queue.element-limit = 1024 (custom)
2019-09-25 07:19:42,125 [pool-247-thread-1] INFO  server.RaftServerConfigKeys (ConfUtils.java:logGet(43)) - raft.server.log.segment.size.max = 1048576 (custom)
2019-09-25 07:19:42,125 [pool-247-thread-1] INFO  server.RaftServerConfigKeys (ConfUtils.java:logGet(43)) - raft.server.log.preallocated.size = 16384 (custom)
2019-09-25 07:19:42,125 [pool-247-thread-1] INFO  server.RaftServerConfigKeys (ConfUtils.java:logGet(43)) - raft.server.log.write.buffer.size = 33554432 (custom)
2019-09-25 07:19:42,125 [pool-247-thread-1] INFO  server.RaftServerConfigKeys (ConfUtils.java:logGet(43)) - raft.server.log.force.sync.num = 128 (default)
2019-09-25 07:19:42,125 [pool-247-thread-1] INFO  server.RaftServerConfigKeys (ConfUtils.java:logGet(43)) - raft.server.log.statemachine.data.sync = true (default)
2019-09-25 07:19:42,125 [pool-247-thread-1] INFO  server.RaftServerConfigKeys (ConfUtils.java:logGet(43)) - raft.server.log.statemachine.data.sync.timeout = 10s (default)
2019-09-25 07:19:42,125 [pool-247-thread-1] INFO  server.RaftServerConfigKeys (ConfUtils.java:logGet(43)) - raft.server.log.statemachine.data.sync.timeout.retry = -1 (default)
2019-09-25 07:19:42,125 [pool-247-thread-1] INFO  server.RaftServerConfigKeys (ConfUtils.java:logGet(43)) - raft.server.log.statemachine.data.caching.enabled = true (custom)
2019-09-25 07:19:42,126 [pool-247-thread-1] INFO  segmented.SegmentedRaftLogWorker (SegmentedRaftLogWorker.java:lambda$new$0(132)) - b1599e75-efd0-47a4-8a8f-add4431e6892@group-8DF55260F6DB-SegmentedRaftLogWorker: flushIndex: setUnconditionally 0 -> -1
2019-09-25 07:19:42,126 [pool-247-thread-1] INFO  server.RaftServerConfigKeys (ConfUtils.java:logGet(43)) - raft.server.snapshot.auto.trigger.enabled = true (custom)
2019-09-25 07:19:42,126 [pool-247-thread-1] INFO  server.RaftServerConfigKeys (ConfUtils.java:logGet(43)) - raft.server.snapshot.auto.trigger.threshold = 10000 (custom)
2019-09-25 07:19:42,126 [pool-247-thread-1] INFO  server.RaftServerConfigKeys (ConfUtils.java:logGet(43)) - raft.server.snapshot.retention.num.files = 5 (custom)
2019-09-25 07:19:42,126 [pool-247-thread-1] INFO  server.RaftServerConfigKeys (ConfUtils.java:logGet(43)) - raft.server.retrycache.expirytime = 600000ms (custom)
2019-09-25 07:19:42,128 [pool-247-thread-1] INFO  impl.RaftServerImpl (RaftServerImpl.java:start(185)) - b1599e75-efd0-47a4-8a8f-add4431e6892@group-8DF55260F6DB: start as a follower, conf=-1: [b1599e75-efd0-47a4-8a8f-add4431e6892:192.168.30.10:42922], old=null
2019-09-25 07:19:42,128 [pool-247-thread-1] INFO  impl.RaftServerImpl (RaftServerImpl.java:setRole(174)) - b1599e75-efd0-47a4-8a8f-add4431e6892@group-8DF55260F6DB: changes role from      null to FOLLOWER at term 0 for startAsFollower
2019-09-25 07:19:42,128 [pool-247-thread-1] INFO  impl.RoleInfo (RoleInfo.java:updateAndGet(143)) - b1599e75-efd0-47a4-8a8f-add4431e6892: start FollowerState
2019-09-25 07:19:42,128 [pool-247-thread-1] INFO  util.JmxRegister (JmxRegister.java:tryRegister(44)) - Successfully registered JMX Bean with object name Ratis:service=RaftServer,group=group-8DF55260F6DB,id=b1599e75-efd0-47a4-8a8f-add4431e6892
2019-09-25 07:19:42,131 [RatisPipelineUtilsThread] INFO  pipeline.PipelineStateManager (PipelineStateManager.java:addPipeline(56)) - Created pipeline Pipeline[ Id: d255328a-c0a6-4c5a-b62a-8df55260f6db, Nodes: b1599e75-efd0-47a4-8a8f-add4431e6892{ip: 192.168.30.10, host: pr-hdds-1569-s62bp-3040748787, networkLocation: /default-rack, certSerialId: null}, Type:RATIS, Factor:ONE, State:OPEN]
2019-09-25 07:19:42,132 [RatisPipelineUtilsThread] INFO  pipeline.PipelinePlacementPolicy (PipelinePlacementPolicy.java:meetCriteria(91)) - Pipeline Placement: Doesn't meet the criteria to be viable node： b90c4d13-5cd9-4e8f-bf45-3a1fa48f671f Heaviness: 6 limit: 5
2019-09-25 07:19:42,132 [RatisPipelineUtilsThread] INFO  pipeline.PipelinePlacementPolicy (PipelinePlacementPolicy.java:meetCriteria(91)) - Pipeline Placement: Doesn't meet the criteria to be viable node： a834d882-1648-4f8e-9ed2-2af76b2ecc63 Heaviness: 6 limit: 5
2019-09-25 07:19:42,137 [grpc-default-executor-0] INFO  impl.RaftServerProxy (RaftServerProxy.java:addNew(89)) - b1599e75-efd0-47a4-8a8f-add4431e6892: addNew group-1D9DE29367E1:[b1599e75-efd0-47a4-8a8f-add4431e6892:192.168.30.10:42922] returns group-1D9DE29367E1:java.util.concurrent.CompletableFuture@66558012[Not completed]
2019-09-25 07:19:42,138 [pool-247-thread-1] INFO  impl.RaftServerImpl (RaftServerImpl.java:<init>(95)) - b1599e75-efd0-47a4-8a8f-add4431e6892: new RaftServerImpl for group-1D9DE29367E1:[b1599e75-efd0-47a4-8a8f-add4431e6892:192.168.30.10:42922] with ContainerStateMachine:uninitialized
2019-09-25 07:19:42,138 [pool-247-thread-1] INFO  server.RaftServerConfigKeys (ConfUtils.java:logGet(43)) - raft.server.rpc.timeout.min = 5s (custom)
2019-09-25 07:19:42,138 [pool-247-thread-1] INFO  server.RaftServerConfigKeys (ConfUtils.java:logGet(43)) - raft.server.rpc.timeout.max = 5200ms (custom)
2019-09-25 07:19:42,138 [pool-247-thread-1] INFO  server.RaftServerConfigKeys (ConfUtils.java:logGet(43)) - raft.server.rpcslowness.timeout = 120s (custom)
2019-09-25 07:19:42,138 [pool-247-thread-1] INFO  server.RaftServerConfigKeys (ConfUtils.java:logGet(43)) - raft.server.sleep.deviation.threshold = 300 (default)
2019-09-25 07:19:42,139 [pool-247-thread-1] INFO  server.RaftServerConfigKeys (ConfUtils.java:logGet(43)) - raft.server.log.appender.install.snapshot.enabled = false (custom)
2019-09-25 07:19:42,139 [pool-247-thread-1] INFO  impl.RaftServerImpl (ServerState.java:<init>(103)) - b1599e75-efd0-47a4-8a8f-add4431e6892@group-1D9DE29367E1: ConfigurationManager, init=-1: [b1599e75-efd0-47a4-8a8f-add4431e6892:192.168.30.10:42922], old=null, confs=<EMPTY_MAP>
2019-09-25 07:19:42,139 [pool-247-thread-1] INFO  server.RaftServerConfigKeys (ConfUtils.java:logGet(43)) - raft.server.storage.dir = [/workdir/hadoop-ozone/ozonefs/target/test-dir/MiniOzoneClusterImpl-a387bd8f-5630-4dea-a733-c907936cb7c3/datanode-2/data/ratis] (custom)
2019-09-25 07:19:42,139 [pool-247-thread-1] INFO  storage.RaftStorageDirectory (RaftStorageDirectory.java:analyzeStorage(246)) - The storage directory /workdir/hadoop-ozone/ozonefs/target/test-dir/MiniOzoneClusterImpl-a387bd8f-5630-4dea-a733-c907936cb7c3/datanode-2/data/ratis/a2e5ffb4-e812-4b4d-b011-1d9de29367e1 does not exist. Creating ...
2019-09-25 07:19:42,152 [pool-247-thread-1] INFO  storage.RaftStorageDirectory (RaftStorageDirectory.java:tryLock(328)) - Lock on /workdir/hadoop-ozone/ozonefs/target/test-dir/MiniOzoneClusterImpl-a387bd8f-5630-4dea-a733-c907936cb7c3/datanode-2/data/ratis/a2e5ffb4-e812-4b4d-b011-1d9de29367e1/in_use.lock acquired by nodename 21239@pr-hdds-1569-s62bp-3040748787
2019-09-25 07:19:42,165 [pool-247-thread-1] INFO  storage.RaftStorage (RaftStorage.java:format(72)) - Storage directory /workdir/hadoop-ozone/ozonefs/target/test-dir/MiniOzoneClusterImpl-a387bd8f-5630-4dea-a733-c907936cb7c3/datanode-2/data/ratis/a2e5ffb4-e812-4b4d-b011-1d9de29367e1 has been successfully formatted.
2019-09-25 07:19:42,165 [pool-247-thread-1] INFO  ratis.ContainerStateMachine (ContainerStateMachine.java:loadSnapshot(230)) - group-1D9DE29367E1: The snapshot info is null. Setting the last applied indexto:(t:0, i:~)
2019-09-25 07:19:42,165 [pool-247-thread-1] INFO  server.RaftServerConfigKeys (ConfUtils.java:logGet(43)) - raft.server.notification.no-leader.timeout = 120s (custom)
2019-09-25 07:19:42,165 [pool-247-thread-1] INFO  server.RaftServerConfigKeys (ConfUtils.java:logGet(43)) - raft.server.log.use.memory = false (default)
2019-09-25 07:19:42,165 [pool-247-thread-1] INFO  server.RaftServerConfigKeys (ConfUtils.java:logGet(43)) - raft.server.log.purge.gap = 1000000 (custom)
2019-09-25 07:19:42,165 [pool-247-thread-1] INFO  server.RaftServerConfigKeys (ConfUtils.java:logGet(43)) - raft.server.log.appender.buffer.byte-limit = 33554432 (custom)
2019-09-25 07:19:42,166 [pool-247-thread-1] INFO  server.RaftServerConfigKeys (ConfUtils.java:logGet(43)) - raft.server.log.segment.size.max = 1048576 (custom)
2019-09-25 07:19:42,166 [pool-247-thread-1] INFO  server.RaftServerConfigKeys (ConfUtils.java:logGet(43)) - raft.server.log.segment.cache.num.max = 2 (custom)
2019-09-25 07:19:42,166 [pool-247-thread-1] INFO  segmented.SegmentedRaftLogWorker (SegmentedRaftLogWorker.java:<init>(172)) - new b1599e75-efd0-47a4-8a8f-add4431e6892@group-1D9DE29367E1-SegmentedRaftLogWorker for RaftStorage:Storage Directory /workdir/hadoop-ozone/ozonefs/target/test-dir/MiniOzoneClusterImpl-a387bd8f-5630-4dea-a733-c907936cb7c3/datanode-2/data/ratis/a2e5ffb4-e812-4b4d-b011-1d9de29367e1
2019-09-25 07:19:42,166 [pool-247-thread-1] INFO  server.RaftServerConfigKeys (ConfUtils.java:logGet(43)) - raft.server.log.queue.byte-limit = 2147483647 (custom)
2019-09-25 07:19:42,166 [pool-247-thread-1] INFO  server.RaftServerConfigKeys (ConfUtils.java:logGet(43)) - raft.server.log.queue.element-limit = 1024 (custom)
2019-09-25 07:19:42,166 [pool-247-thread-1] INFO  server.RaftServerConfigKeys (ConfUtils.java:logGet(43)) - raft.server.log.segment.size.max = 1048576 (custom)
2019-09-25 07:19:42,166 [pool-247-thread-1] INFO  server.RaftServerConfigKeys (ConfUtils.java:logGet(43)) - raft.server.log.preallocated.size = 16384 (custom)
2019-09-25 07:19:42,166 [pool-247-thread-1] INFO  server.RaftServerConfigKeys (ConfUtils.java:logGet(43)) - raft.server.log.write.buffer.size = 33554432 (custom)
2019-09-25 07:19:42,167 [pool-247-thread-1] INFO  server.RaftServerConfigKeys (ConfUtils.java:logGet(43)) - raft.server.log.force.sync.num = 128 (default)
2019-09-25 07:19:42,167 [pool-247-thread-1] INFO  server.RaftServerConfigKeys (ConfUtils.java:logGet(43)) - raft.server.log.statemachine.data.sync = true (default)
2019-09-25 07:19:42,167 [pool-247-thread-1] INFO  server.RaftServerConfigKeys (ConfUtils.java:logGet(43)) - raft.server.log.statemachine.data.sync.timeout = 10s (default)
2019-09-25 07:19:42,167 [pool-247-thread-1] INFO  server.RaftServerConfigKeys (ConfUtils.java:logGet(43)) - raft.server.log.statemachine.data.sync.timeout.retry = -1 (default)
2019-09-25 07:19:42,167 [pool-247-thread-1] INFO  server.RaftServerConfigKeys (ConfUtils.java:logGet(43)) - raft.server.log.statemachine.data.caching.enabled = true (custom)
2019-09-25 07:19:42,167 [pool-247-thread-1] INFO  segmented.SegmentedRaftLogWorker (SegmentedRaftLogWorker.java:lambda$new$0(132)) - b1599e75-efd0-47a4-8a8f-add4431e6892@group-1D9DE29367E1-SegmentedRaftLogWorker: flushIndex: setUnconditionally 0 -> -1
2019-09-25 07:19:42,168 [pool-247-thread-1] INFO  server.RaftServerConfigKeys (ConfUtils.java:logGet(43)) - raft.server.snapshot.auto.trigger.enabled = true (custom)
2019-09-25 07:19:42,168 [pool-247-thread-1] INFO  server.RaftServerConfigKeys (ConfUtils.java:logGet(43)) - raft.server.snapshot.auto.trigger.threshold = 10000 (custom)
2019-09-25 07:19:42,168 [pool-247-thread-1] INFO  server.RaftServerConfigKeys (ConfUtils.java:logGet(43)) - raft.server.snapshot.retention.num.files = 5 (custom)
2019-09-25 07:19:42,168 [pool-247-thread-1] INFO  server.RaftServerConfigKeys (ConfUtils.java:logGet(43)) - raft.server.retrycache.expirytime = 600000ms (custom)
2019-09-25 07:19:42,169 [pool-247-thread-1] INFO  impl.RaftServerImpl (RaftServerImpl.java:start(185)) - b1599e75-efd0-47a4-8a8f-add4431e6892@group-1D9DE29367E1: start as a follower, conf=-1: [b1599e75-efd0-47a4-8a8f-add4431e6892:192.168.30.10:42922], old=null
2019-09-25 07:19:42,170 [pool-247-thread-1] INFO  impl.RaftServerImpl (RaftServerImpl.java:setRole(174)) - b1599e75-efd0-47a4-8a8f-add4431e6892@group-1D9DE29367E1: changes role from      null to FOLLOWER at term 0 for startAsFollower
2019-09-25 07:19:42,170 [pool-247-thread-1] INFO  impl.RoleInfo (RoleInfo.java:updateAndGet(143)) - b1599e75-efd0-47a4-8a8f-add4431e6892: start FollowerState
2019-09-25 07:19:42,170 [pool-247-thread-1] INFO  util.JmxRegister (JmxRegister.java:tryRegister(44)) - Successfully registered JMX Bean with object name Ratis:service=RaftServer,group=group-1D9DE29367E1,id=b1599e75-efd0-47a4-8a8f-add4431e6892
2019-09-25 07:19:42,173 [RatisPipelineUtilsThread] INFO  pipeline.PipelineStateManager (PipelineStateManager.java:addPipeline(56)) - Created pipeline Pipeline[ Id: a2e5ffb4-e812-4b4d-b011-1d9de29367e1, Nodes: b1599e75-efd0-47a4-8a8f-add4431e6892{ip: 192.168.30.10, host: pr-hdds-1569-s62bp-3040748787, networkLocation: /default-rack, certSerialId: null}, Type:RATIS, Factor:ONE, State:OPEN]
2019-09-25 07:19:42,173 [RatisPipelineUtilsThread] INFO  pipeline.PipelinePlacementPolicy (PipelinePlacementPolicy.java:meetCriteria(91)) - Pipeline Placement: Doesn't meet the criteria to be viable node： b90c4d13-5cd9-4e8f-bf45-3a1fa48f671f Heaviness: 6 limit: 5
2019-09-25 07:19:42,173 [RatisPipelineUtilsThread] INFO  pipeline.PipelinePlacementPolicy (PipelinePlacementPolicy.java:meetCriteria(91)) - Pipeline Placement: Doesn't meet the criteria to be viable node： a834d882-1648-4f8e-9ed2-2af76b2ecc63 Heaviness: 6 limit: 5
2019-09-25 07:19:42,178 [grpc-default-executor-0] INFO  impl.RaftServerProxy (RaftServerProxy.java:addNew(89)) - b1599e75-efd0-47a4-8a8f-add4431e6892: addNew group-AE1E0315830E:[b1599e75-efd0-47a4-8a8f-add4431e6892:192.168.30.10:42922] returns group-AE1E0315830E:java.util.concurrent.CompletableFuture@29b8ff7a[Not completed]
2019-09-25 07:19:42,179 [pool-247-thread-1] INFO  impl.RaftServerImpl (RaftServerImpl.java:<init>(95)) - b1599e75-efd0-47a4-8a8f-add4431e6892: new RaftServerImpl for group-AE1E0315830E:[b1599e75-efd0-47a4-8a8f-add4431e6892:192.168.30.10:42922] with ContainerStateMachine:uninitialized
2019-09-25 07:19:42,179 [pool-247-thread-1] INFO  server.RaftServerConfigKeys (ConfUtils.java:logGet(43)) - raft.server.rpc.timeout.min = 5s (custom)
2019-09-25 07:19:42,179 [pool-247-thread-1] INFO  server.RaftServerConfigKeys (ConfUtils.java:logGet(43)) - raft.server.rpc.timeout.max = 5200ms (custom)
2019-09-25 07:19:42,180 [pool-247-thread-1] INFO  server.RaftServerConfigKeys (ConfUtils.java:logGet(43)) - raft.server.rpcslowness.timeout = 120s (custom)
2019-09-25 07:19:42,180 [pool-247-thread-1] INFO  server.RaftServerConfigKeys (ConfUtils.java:logGet(43)) - raft.server.sleep.deviation.threshold = 300 (default)
2019-09-25 07:19:42,180 [pool-247-thread-1] INFO  server.RaftServerConfigKeys (ConfUtils.java:logGet(43)) - raft.server.log.appender.install.snapshot.enabled = false (custom)
2019-09-25 07:19:42,180 [pool-247-thread-1] INFO  impl.RaftServerImpl (ServerState.java:<init>(103)) - b1599e75-efd0-47a4-8a8f-add4431e6892@group-AE1E0315830E: ConfigurationManager, init=-1: [b1599e75-efd0-47a4-8a8f-add4431e6892:192.168.30.10:42922], old=null, confs=<EMPTY_MAP>
2019-09-25 07:19:42,180 [pool-247-thread-1] INFO  server.RaftServerConfigKeys (ConfUtils.java:logGet(43)) - raft.server.storage.dir = [/workdir/hadoop-ozone/ozonefs/target/test-dir/MiniOzoneClusterImpl-a387bd8f-5630-4dea-a733-c907936cb7c3/datanode-2/data/ratis] (custom)
2019-09-25 07:19:42,180 [pool-247-thread-1] INFO  storage.RaftStorageDirectory (RaftStorageDirectory.java:analyzeStorage(246)) - The storage directory /workdir/hadoop-ozone/ozonefs/target/test-dir/MiniOzoneClusterImpl-a387bd8f-5630-4dea-a733-c907936cb7c3/datanode-2/data/ratis/726246e7-6e45-4985-af92-ae1e0315830e does not exist. Creating ...
2019-09-25 07:19:42,193 [pool-247-thread-1] INFO  storage.RaftStorageDirectory (RaftStorageDirectory.java:tryLock(328)) - Lock on /workdir/hadoop-ozone/ozonefs/target/test-dir/MiniOzoneClusterImpl-a387bd8f-5630-4dea-a733-c907936cb7c3/datanode-2/data/ratis/726246e7-6e45-4985-af92-ae1e0315830e/in_use.lock acquired by nodename 21239@pr-hdds-1569-s62bp-3040748787
2019-09-25 07:19:42,207 [pool-247-thread-1] INFO  storage.RaftStorage (RaftStorage.java:format(72)) - Storage directory /workdir/hadoop-ozone/ozonefs/target/test-dir/MiniOzoneClusterImpl-a387bd8f-5630-4dea-a733-c907936cb7c3/datanode-2/data/ratis/726246e7-6e45-4985-af92-ae1e0315830e has been successfully formatted.
2019-09-25 07:19:42,207 [pool-247-thread-1] INFO  ratis.ContainerStateMachine (ContainerStateMachine.java:loadSnapshot(230)) - group-AE1E0315830E: The snapshot info is null. Setting the last applied indexto:(t:0, i:~)
2019-09-25 07:19:42,207 [pool-247-thread-1] INFO  server.RaftServerConfigKeys (ConfUtils.java:logGet(43)) - raft.server.notification.no-leader.timeout = 120s (custom)
2019-09-25 07:19:42,207 [pool-247-thread-1] INFO  server.RaftServerConfigKeys (ConfUtils.java:logGet(43)) - raft.server.log.use.memory = false (default)
2019-09-25 07:19:42,207 [pool-247-thread-1] INFO  server.RaftServerConfigKeys (ConfUtils.java:logGet(43)) - raft.server.log.purge.gap = 1000000 (custom)
2019-09-25 07:19:42,208 [pool-247-thread-1] INFO  server.RaftServerConfigKeys (ConfUtils.java:logGet(43)) - raft.server.log.appender.buffer.byte-limit = 33554432 (custom)
2019-09-25 07:19:42,208 [pool-247-thread-1] INFO  server.RaftServerConfigKeys (ConfUtils.java:logGet(43)) - raft.server.log.segment.size.max = 1048576 (custom)
2019-09-25 07:19:42,208 [pool-247-thread-1] INFO  server.RaftServerConfigKeys (ConfUtils.java:logGet(43)) - raft.server.log.segment.cache.num.max = 2 (custom)
2019-09-25 07:19:42,208 [pool-247-thread-1] INFO  segmented.SegmentedRaftLogWorker (SegmentedRaftLogWorker.java:<init>(172)) - new b1599e75-efd0-47a4-8a8f-add4431e6892@group-AE1E0315830E-SegmentedRaftLogWorker for RaftStorage:Storage Directory /workdir/hadoop-ozone/ozonefs/target/test-dir/MiniOzoneClusterImpl-a387bd8f-5630-4dea-a733-c907936cb7c3/datanode-2/data/ratis/726246e7-6e45-4985-af92-ae1e0315830e
2019-09-25 07:19:42,208 [pool-247-thread-1] INFO  server.RaftServerConfigKeys (ConfUtils.java:logGet(43)) - raft.server.log.queue.byte-limit = 2147483647 (custom)
2019-09-25 07:19:42,208 [pool-247-thread-1] INFO  server.RaftServerConfigKeys (ConfUtils.java:logGet(43)) - raft.server.log.queue.element-limit = 1024 (custom)
2019-09-25 07:19:42,208 [pool-247-thread-1] INFO  server.RaftServerConfigKeys (ConfUtils.java:logGet(43)) - raft.server.log.segment.size.max = 1048576 (custom)
2019-09-25 07:19:42,209 [pool-247-thread-1] INFO  server.RaftServerConfigKeys (ConfUtils.java:logGet(43)) - raft.server.log.preallocated.size = 16384 (custom)
2019-09-25 07:19:42,209 [pool-247-thread-1] INFO  server.RaftServerConfigKeys (ConfUtils.java:logGet(43)) - raft.server.log.write.buffer.size = 33554432 (custom)
2019-09-25 07:19:42,209 [pool-247-thread-1] INFO  server.RaftServerConfigKeys (ConfUtils.java:logGet(43)) - raft.server.log.force.sync.num = 128 (default)
2019-09-25 07:19:42,209 [pool-247-thread-1] INFO  server.RaftServerConfigKeys (ConfUtils.java:logGet(43)) - raft.server.log.statemachine.data.sync = true (default)
2019-09-25 07:19:42,209 [pool-247-thread-1] INFO  server.RaftServerConfigKeys (ConfUtils.java:logGet(43)) - raft.server.log.statemachine.data.sync.timeout = 10s (default)
2019-09-25 07:19:42,209 [pool-247-thread-1] INFO  server.RaftServerConfigKeys (ConfUtils.java:logGet(43)) - raft.server.log.statemachine.data.sync.timeout.retry = -1 (default)
2019-09-25 07:19:42,209 [pool-247-thread-1] INFO  server.RaftServerConfigKeys (ConfUtils.java:logGet(43)) - raft.server.log.statemachine.data.caching.enabled = true (custom)
2019-09-25 07:19:42,210 [pool-247-thread-1] INFO  segmented.SegmentedRaftLogWorker (SegmentedRaftLogWorker.java:lambda$new$0(132)) - b1599e75-efd0-47a4-8a8f-add4431e6892@group-AE1E0315830E-SegmentedRaftLogWorker: flushIndex: setUnconditionally 0 -> -1
2019-09-25 07:19:42,210 [pool-247-thread-1] INFO  server.RaftServerConfigKeys (ConfUtils.java:logGet(43)) - raft.server.snapshot.auto.trigger.enabled = true (custom)
2019-09-25 07:19:42,210 [pool-247-thread-1] INFO  server.RaftServerConfigKeys (ConfUtils.java:logGet(43)) - raft.server.snapshot.auto.trigger.threshold = 10000 (custom)
2019-09-25 07:19:42,210 [pool-247-thread-1] INFO  server.RaftServerConfigKeys (ConfUtils.java:logGet(43)) - raft.server.snapshot.retention.num.files = 5 (custom)
2019-09-25 07:19:42,210 [pool-247-thread-1] INFO  server.RaftServerConfigKeys (ConfUtils.java:logGet(43)) - raft.server.retrycache.expirytime = 600000ms (custom)
2019-09-25 07:19:42,213 [pool-247-thread-1] INFO  impl.RaftServerImpl (RaftServerImpl.java:start(185)) - b1599e75-efd0-47a4-8a8f-add4431e6892@group-AE1E0315830E: start as a follower, conf=-1: [b1599e75-efd0-47a4-8a8f-add4431e6892:192.168.30.10:42922], old=null
2019-09-25 07:19:42,213 [pool-247-thread-1] INFO  impl.RaftServerImpl (RaftServerImpl.java:setRole(174)) - b1599e75-efd0-47a4-8a8f-add4431e6892@group-AE1E0315830E: changes role from      null to FOLLOWER at term 0 for startAsFollower
2019-09-25 07:19:42,213 [pool-247-thread-1] INFO  impl.RoleInfo (RoleInfo.java:updateAndGet(143)) - b1599e75-efd0-47a4-8a8f-add4431e6892: start FollowerState
2019-09-25 07:19:42,213 [pool-247-thread-1] INFO  util.JmxRegister (JmxRegister.java:tryRegister(44)) - Successfully registered JMX Bean with object name Ratis:service=RaftServer,group=group-AE1E0315830E,id=b1599e75-efd0-47a4-8a8f-add4431e6892
2019-09-25 07:19:42,217 [RatisPipelineUtilsThread] INFO  pipeline.PipelineStateManager (PipelineStateManager.java:addPipeline(56)) - Created pipeline Pipeline[ Id: 726246e7-6e45-4985-af92-ae1e0315830e, Nodes: b1599e75-efd0-47a4-8a8f-add4431e6892{ip: 192.168.30.10, host: pr-hdds-1569-s62bp-3040748787, networkLocation: /default-rack, certSerialId: null}, Type:RATIS, Factor:ONE, State:OPEN]
2019-09-25 07:19:42,217 [RatisPipelineUtilsThread] INFO  pipeline.PipelinePlacementPolicy (PipelinePlacementPolicy.java:meetCriteria(91)) - Pipeline Placement: Doesn't meet the criteria to be viable node： b90c4d13-5cd9-4e8f-bf45-3a1fa48f671f Heaviness: 6 limit: 5
2019-09-25 07:19:42,217 [RatisPipelineUtilsThread] INFO  pipeline.PipelinePlacementPolicy (PipelinePlacementPolicy.java:meetCriteria(91)) - Pipeline Placement: Doesn't meet the criteria to be viable node： a834d882-1648-4f8e-9ed2-2af76b2ecc63 Heaviness: 6 limit: 5
2019-09-25 07:19:42,217 [RatisPipelineUtilsThread] INFO  pipeline.PipelinePlacementPolicy (PipelinePlacementPolicy.java:meetCriteria(91)) - Pipeline Placement: Doesn't meet the criteria to be viable node： b1599e75-efd0-47a4-8a8f-add4431e6892 Heaviness: 6 limit: 5
2019-09-25 07:19:42,218 [RatisPipelineUtilsThread] ERROR pipeline.PipelinePlacementPolicy (PipelinePlacementPolicy.java:filterViableNodes(148)) - Unable to find enough nodes that meet the criteria that cannot engage in more than 5 pipelines. Nodes required: 1 Found: 0, healthy nodes count inNodeManager: 3.
2019-09-25 07:19:42,218 [RatisPipelineUtilsThread] ERROR pipeline.SCMPipelineManager (SCMPipelineManager.java:createPipeline(167)) - Pipeline creation failed due to exception: Unable to find enough nodes that meet the criteria that cannot engage in more than 5 pipelines. Nodes required: 1 Found: 0, healthy nodes count inNodeManager: 3.
2019-09-25 07:19:42,218 [RatisPipelineUtilsThread] INFO  pipeline.PipelinePlacementPolicy (PipelinePlacementPolicy.java:meetCriteria(91)) - Pipeline Placement: Doesn't meet the criteria to be viable node： b90c4d13-5cd9-4e8f-bf45-3a1fa48f671f Heaviness: 6 limit: 5
2019-09-25 07:19:42,218 [RatisPipelineUtilsThread] INFO  pipeline.PipelinePlacementPolicy (PipelinePlacementPolicy.java:meetCriteria(91)) - Pipeline Placement: Doesn't meet the criteria to be viable node： a834d882-1648-4f8e-9ed2-2af76b2ecc63 Heaviness: 6 limit: 5
2019-09-25 07:19:42,218 [RatisPipelineUtilsThread] INFO  pipeline.PipelinePlacementPolicy (PipelinePlacementPolicy.java:meetCriteria(91)) - Pipeline Placement: Doesn't meet the criteria to be viable node： b1599e75-efd0-47a4-8a8f-add4431e6892 Heaviness: 6 limit: 5
2019-09-25 07:19:42,219 [RatisPipelineUtilsThread] ERROR pipeline.PipelinePlacementPolicy (PipelinePlacementPolicy.java:filterViableNodes(148)) - Unable to find enough nodes that meet the criteria that cannot engage in more than 5 pipelines. Nodes required: 3 Found: 0, healthy nodes count inNodeManager: 3.
2019-09-25 07:19:42,219 [RatisPipelineUtilsThread] ERROR pipeline.SCMPipelineManager (SCMPipelineManager.java:createPipeline(167)) - Pipeline creation failed due to exception: Unable to find enough nodes that meet the criteria that cannot engage in more than 5 pipelines. Nodes required: 3 Found: 0, healthy nodes count inNodeManager: 3.
2019-09-25 07:19:42,219 [RatisPipelineUtilsThread] INFO  pipeline.PipelinePlacementPolicy (PipelinePlacementPolicy.java:meetCriteria(91)) - Pipeline Placement: Doesn't meet the criteria to be viable node： b90c4d13-5cd9-4e8f-bf45-3a1fa48f671f Heaviness: 6 limit: 5
2019-09-25 07:19:42,219 [RatisPipelineUtilsThread] INFO  pipeline.PipelinePlacementPolicy (PipelinePlacementPolicy.java:meetCriteria(91)) - Pipeline Placement: Doesn't meet the criteria to be viable node： a834d882-1648-4f8e-9ed2-2af76b2ecc63 Heaviness: 6 limit: 5
2019-09-25 07:19:42,219 [RatisPipelineUtilsThread] INFO  pipeline.PipelinePlacementPolicy (PipelinePlacementPolicy.java:meetCriteria(91)) - Pipeline Placement: Doesn't meet the criteria to be viable node： b1599e75-efd0-47a4-8a8f-add4431e6892 Heaviness: 6 limit: 5
2019-09-25 07:19:42,219 [RatisPipelineUtilsThread] ERROR pipeline.PipelinePlacementPolicy (PipelinePlacementPolicy.java:filterViableNodes(148)) - Unable to find enough nodes that meet the criteria that cannot engage in more than 5 pipelines. Nodes required: 1 Found: 0, healthy nodes count inNodeManager: 3.
2019-09-25 07:19:42,220 [RatisPipelineUtilsThread] ERROR pipeline.SCMPipelineManager (SCMPipelineManager.java:createPipeline(167)) - Pipeline creation failed due to exception: Unable to find enough nodes that meet the criteria that cannot engage in more than 5 pipelines. Nodes required: 1 Found: 0, healthy nodes count inNodeManager: 3.
2019-09-25 07:19:42,220 [RatisPipelineUtilsThread] INFO  pipeline.PipelinePlacementPolicy (PipelinePlacementPolicy.java:meetCriteria(91)) - Pipeline Placement: Doesn't meet the criteria to be viable node： b90c4d13-5cd9-4e8f-bf45-3a1fa48f671f Heaviness: 6 limit: 5
2019-09-25 07:19:42,220 [RatisPipelineUtilsThread] INFO  pipeline.PipelinePlacementPolicy (PipelinePlacementPolicy.java:meetCriteria(91)) - Pipeline Placement: Doesn't meet the criteria to be viable node： a834d882-1648-4f8e-9ed2-2af76b2ecc63 Heaviness: 6 limit: 5
2019-09-25 07:19:42,220 [RatisPipelineUtilsThread] INFO  pipeline.PipelinePlacementPolicy (PipelinePlacementPolicy.java:meetCriteria(91)) - Pipeline Placement: Doesn't meet the criteria to be viable node： b1599e75-efd0-47a4-8a8f-add4431e6892 Heaviness: 6 limit: 5
2019-09-25 07:19:42,220 [RatisPipelineUtilsThread] ERROR pipeline.PipelinePlacementPolicy (PipelinePlacementPolicy.java:filterViableNodes(148)) - Unable to find enough nodes that meet the criteria that cannot engage in more than 5 pipelines. Nodes required: 3 Found: 0, healthy nodes count inNodeManager: 3.
2019-09-25 07:19:42,220 [RatisPipelineUtilsThread] ERROR pipeline.SCMPipelineManager (SCMPipelineManager.java:createPipeline(167)) - Pipeline creation failed due to exception: Unable to find enough nodes that meet the criteria that cannot engage in more than 5 pipelines. Nodes required: 3 Found: 0, healthy nodes count inNodeManager: 3.
2019-09-25 07:19:42,604 [Thread-1077] INFO  ozone.MiniOzoneClusterImpl (MiniOzoneClusterImpl.java:lambda$waitForClusterToBeReady$0(147)) - Cluster is ready. Got 3 of 3 DN Heartbeats.
2019-09-25 07:19:42,675 [Thread-1077] INFO  rpc.RpcClient (RpcClient.java:createVolume(276)) - Creating Volume: volume19371, with user77252 as owner.
2019-09-25 07:19:42,678 [IPC Server handler 1 on 36699] INFO  volume.OMVolumeCreateRequest (OMVolumeCreateRequest.java:validateAndUpdateCache(189)) - created volume:volume19371 for user:user77252
2019-09-25 07:19:42,689 [Thread-1077] INFO  rpc.RpcClient (RpcClient.java:createBucket(415)) - Creating Bucket: volume19371/bucket45056, with Versioning false and Storage Type set to DISK and Encryption set to false 
2019-09-25 07:19:42,754 [IPC Server handler 0 on 37610] INFO  pipeline.PipelinePlacementPolicy (PipelinePlacementPolicy.java:meetCriteria(91)) - Pipeline Placement: Doesn't meet the criteria to be viable node： b90c4d13-5cd9-4e8f-bf45-3a1fa48f671f Heaviness: 6 limit: 5
2019-09-25 07:19:42,755 [IPC Server handler 0 on 37610] INFO  pipeline.PipelinePlacementPolicy (PipelinePlacementPolicy.java:meetCriteria(91)) - Pipeline Placement: Doesn't meet the criteria to be viable node： a834d882-1648-4f8e-9ed2-2af76b2ecc63 Heaviness: 6 limit: 5
2019-09-25 07:19:42,755 [IPC Server handler 0 on 37610] INFO  pipeline.PipelinePlacementPolicy (PipelinePlacementPolicy.java:meetCriteria(91)) - Pipeline Placement: Doesn't meet the criteria to be viable node： b1599e75-efd0-47a4-8a8f-add4431e6892 Heaviness: 6 limit: 5
2019-09-25 07:19:42,755 [IPC Server handler 0 on 37610] ERROR pipeline.PipelinePlacementPolicy (PipelinePlacementPolicy.java:filterViableNodes(148)) - Unable to find enough nodes that meet the criteria that cannot engage in more than 5 pipelines. Nodes required: 3 Found: 0, healthy nodes count inNodeManager: 3.
2019-09-25 07:19:42,755 [IPC Server handler 0 on 37610] ERROR pipeline.SCMPipelineManager (SCMPipelineManager.java:createPipeline(167)) - Pipeline creation failed due to exception: Unable to find enough nodes that meet the criteria that cannot engage in more than 5 pipelines. Nodes required: 3 Found: 0, healthy nodes count inNodeManager: 3.
2019-09-25 07:19:42,755 [IPC Server handler 0 on 37610] WARN  block.BlockManagerImpl (BlockManagerImpl.java:allocateBlock(192)) - Pipeline creation failed for type:RATIS factor:THREE. Retrying get pipelines call once.
org.apache.hadoop.hdds.scm.exceptions.SCMException: Unable to find enough nodes that meet the criteria that cannot engage in more than 5 pipelines. Nodes required: 3 Found: 0, healthy nodes count inNodeManager: 3.
	at org.apache.hadoop.hdds.scm.pipeline.PipelinePlacementPolicy.filterViableNodes(PipelinePlacementPolicy.java:149)
	at org.apache.hadoop.hdds.scm.pipeline.PipelinePlacementPolicy.chooseDatanodes(PipelinePlacementPolicy.java:172)
	at org.apache.hadoop.hdds.scm.pipeline.RatisPipelineProvider.create(RatisPipelineProvider.java:93)
	at org.apache.hadoop.hdds.scm.pipeline.PipelineFactory.create(PipelineFactory.java:58)
	at org.apache.hadoop.hdds.scm.pipeline.SCMPipelineManager.createPipeline(SCMPipelineManager.java:155)
	at org.apache.hadoop.hdds.scm.block.BlockManagerImpl.allocateBlock(BlockManagerImpl.java:190)
	at org.apache.hadoop.hdds.scm.server.SCMBlockProtocolServer.allocateBlock(SCMBlockProtocolServer.java:182)
	at org.apache.hadoop.ozone.protocolPB.ScmBlockLocationProtocolServerSideTranslatorPB.allocateScmBlock(ScmBlockLocationProtocolServerSideTranslatorPB.java:183)
	at org.apache.hadoop.ozone.protocolPB.ScmBlockLocationProtocolServerSideTranslatorPB.processMessage(ScmBlockLocationProtocolServerSideTranslatorPB.java:141)
	at org.apache.hadoop.ozone.protocolPB.ScmBlockLocationProtocolServerSideTranslatorPB.send(ScmBlockLocationProtocolServerSideTranslatorPB.java:116)
	at org.apache.hadoop.hdds.protocol.proto.ScmBlockLocationProtocolProtos$ScmBlockLocationProtocolService$2.callBlockingMethod(ScmBlockLocationProtocolProtos.java:13157)
	at org.apache.hadoop.ipc.ProtobufRpcEngine$Server$ProtoBufRpcInvoker.call(ProtobufRpcEngine.java:524)
	at org.apache.hadoop.ipc.RPC$Server.call(RPC.java:1025)
	at org.apache.hadoop.ipc.Server$RpcCall.run(Server.java:876)
	at org.apache.hadoop.ipc.Server$RpcCall.run(Server.java:822)
	at java.security.AccessController.doPrivileged(Native Method)
	at javax.security.auth.Subject.doAs(Subject.java:422)
	at org.apache.hadoop.security.UserGroupInformation.doAs(UserGroupInformation.java:1730)
	at org.apache.hadoop.ipc.Server$Handler.run(Server.java:2682)
2019-09-25 07:19:42,756 [IPC Server handler 0 on 37610] INFO  block.BlockManagerImpl (BlockManagerImpl.java:allocateBlock(198)) - Could not find available pipeline of type:RATIS and factor:THREE even after retrying
2019-09-25 07:19:42,756 [IPC Server handler 0 on 37610] ERROR block.BlockManagerImpl (BlockManagerImpl.java:allocateBlock(222)) - Unable to allocate a block for the size: 4194304, type: RATIS, factor: THREE
2019-09-25 07:19:42,757 [Thread-1077] INFO  ozone.MiniOzoneClusterImpl (MiniOzoneClusterImpl.java:shutdown(314)) - Shutting down the Mini Ozone Cluster
2019-09-25 07:19:42,758 [Thread-1077] INFO  ozone.MiniOzoneClusterImpl (MiniOzoneClusterImpl.java:stop(330)) - Stopping the Mini Ozone Cluster
2019-09-25 07:19:42,758 [Thread-1077] INFO  ozone.MiniOzoneClusterImpl (MiniOzoneClusterImpl.java:stopOM(400)) - Stopping the OzoneManager
2019-09-25 07:19:42,758 [Thread-1077] INFO  ipc.Server (Server.java:stop(3082)) - Stopping server on 36699
2019-09-25 07:19:42,762 [IPC Server listener on 36699] INFO  ipc.Server (Server.java:run(1185)) - Stopping IPC Server listener on 36699
2019-09-25 07:19:42,762 [Thread-1077] INFO  ratis.OzoneManagerDoubleBuffer (OzoneManagerDoubleBuffer.java:stop(248)) - Stopping OMDoubleBuffer flush thread
2019-09-25 07:19:42,764 [IPC Server Responder] INFO  ipc.Server (Server.java:run(1319)) - Stopping IPC Server Responder
2019-09-25 07:19:42,765 [OMDoubleBufferFlushThread] INFO  ratis.OzoneManagerDoubleBuffer (OzoneManagerDoubleBuffer.java:flushTransactions(191)) - OMDoubleBuffer flush thread OMDoubleBufferFlushThread is interrupted and will exit. OMDoubleBufferFlushThread
2019-09-25 07:19:42,765 [Thread-1077] INFO  utils.BackgroundService (BackgroundService.java:shutdown(148)) - Shutting down service KeyDeletingService
2019-09-25 07:19:42,767 [Thread-1077] INFO  handler.ContextHandler (ContextHandler.java:doStop(910)) - Stopped o.e.j.w.WebAppContext@34d1e1c8{/,null,UNAVAILABLE}{/ozoneManager}
2019-09-25 07:19:42,768 [Thread-1077] INFO  server.AbstractConnector (AbstractConnector.java:doStop(318)) - Stopped ServerConnector@226a0bff{HTTP/1.1,[http/1.1]}{0.0.0.0:0}
2019-09-25 07:19:42,768 [Thread-1077] INFO  handler.ContextHandler (ContextHandler.java:doStop(910)) - Stopped o.e.j.s.ServletContextHandler@752d0815{/static,jar:file:/home/user/.m2/repository/org/apache/hadoop/hadoop-ozone-ozone-manager/0.5.0-SNAPSHOT/hadoop-ozone-ozone-manager-0.5.0-SNAPSHOT.jar!/webapps/static,UNAVAILABLE}
2019-09-25 07:19:42,769 [Thread-1077] INFO  handler.ContextHandler (ContextHandler.java:doStop(910)) - Stopped o.e.j.s.ServletContextHandler@c99c0ae{/logs,file:///workdir/hadoop-ozone/ozonefs/target/log,UNAVAILABLE}
2019-09-25 07:19:42,770 [Thread-1077] INFO  ozone.MiniOzoneClusterImpl (MiniOzoneClusterImpl.java:stopDatanodes(377)) - Stopping the HddsDatanodes
2019-09-25 07:19:43,450 [Datanode State Machine Thread - 0] INFO  statemachine.DatanodeStateMachine (DatanodeStateMachine.java:lambda$startDaemon$0(350)) - Ozone container server started.
2019-09-25 07:19:43,524 [Datanode State Machine Thread - 0] INFO  statemachine.DatanodeStateMachine (DatanodeStateMachine.java:lambda$startDaemon$0(350)) - Ozone container server started.
2019-09-25 07:19:44,461 [Thread-1249] INFO  container.ReplicationManager (ReplicationManager.java:start(163)) - Starting Replication Monitor Thread.
2019-09-25 07:19:44,464 [ReplicationMonitor] INFO  container.ReplicationManager (ReplicationManager.java:run(226)) - Replication Monitor Thread took 0 milliseconds for processing 0 containers.
2019-09-25 07:19:46,623 [Thread-1251] INFO  impl.FollowerState (FollowerState.java:run(106)) - b90c4d13-5cd9-4e8f-bf45-3a1fa48f671f:group-E5082AE508EB changes to CANDIDATE, lastRpcTime:5113, electionTimeout:5113ms
2019-09-25 07:19:46,623 [Thread-1251] INFO  impl.RoleInfo (RoleInfo.java:shutdownFollowerState(121)) - b90c4d13-5cd9-4e8f-bf45-3a1fa48f671f: shutdown FollowerState
2019-09-25 07:19:46,624 [Thread-1251] INFO  impl.RaftServerImpl (RaftServerImpl.java:setRole(174)) - b90c4d13-5cd9-4e8f-bf45-3a1fa48f671f@group-E5082AE508EB: changes role from  FOLLOWER to CANDIDATE at term 0 for changeToCandidate
2019-09-25 07:19:46,624 [Thread-1251] INFO  impl.RoleInfo (RoleInfo.java:updateAndGet(143)) - b90c4d13-5cd9-4e8f-bf45-3a1fa48f671f: start LeaderElection
2019-09-25 07:19:46,642 [b90c4d13-5cd9-4e8f-bf45-3a1fa48f671f@group-E5082AE508EB:LeaderElection73] INFO  impl.LeaderElection (LeaderElection.java:askForVotes(182)) - b90c4d13-5cd9-4e8f-bf45-3a1fa48f671f@group-E5082AE508EB:LeaderElection73: begin an election at term 1 for -1: [b90c4d13-5cd9-4e8f-bf45-3a1fa48f671f:192.168.30.10:40246], old=null
2019-09-25 07:19:46,642 [b90c4d13-5cd9-4e8f-bf45-3a1fa48f671f@group-E5082AE508EB:LeaderElection73] INFO  impl.RoleInfo (RoleInfo.java:shutdownLeaderElection(134)) - b90c4d13-5cd9-4e8f-bf45-3a1fa48f671f: shutdown LeaderElection
2019-09-25 07:19:46,643 [b90c4d13-5cd9-4e8f-bf45-3a1fa48f671f@group-E5082AE508EB:LeaderElection73] INFO  impl.RaftServerImpl (RaftServerImpl.java:setRole(174)) - b90c4d13-5cd9-4e8f-bf45-3a1fa48f671f@group-E5082AE508EB: changes role from CANDIDATE to LEADER at term 1 for changeToLeader
2019-09-25 07:19:46,643 [b90c4d13-5cd9-4e8f-bf45-3a1fa48f671f@group-E5082AE508EB:LeaderElection73] INFO  impl.RaftServerImpl (ServerState.java:setLeader(253)) - b90c4d13-5cd9-4e8f-bf45-3a1fa48f671f@group-E5082AE508EB: change Leader from null to b90c4d13-5cd9-4e8f-bf45-3a1fa48f671f at term 1 for becomeLeader, leader elected after 5142ms
2019-09-25 07:19:46,643 [b90c4d13-5cd9-4e8f-bf45-3a1fa48f671f@group-E5082AE508EB:LeaderElection73] INFO  server.RaftServerConfigKeys (ConfUtils.java:logGet(43)) - raft.server.staging.catchup.gap = 1000 (default)
2019-09-25 07:19:46,643 [b90c4d13-5cd9-4e8f-bf45-3a1fa48f671f@group-E5082AE508EB:LeaderElection73] INFO  server.RaftServerConfigKeys (ConfUtils.java:logGet(43)) - raft.server.rpc.sleep.time = 25ms (default)
2019-09-25 07:19:46,643 [b90c4d13-5cd9-4e8f-bf45-3a1fa48f671f@group-E5082AE508EB:LeaderElection73] INFO  server.RaftServerConfigKeys (ConfUtils.java:logGet(43)) - raft.server.write.element-limit = 4096 (default)
2019-09-25 07:19:46,643 [b90c4d13-5cd9-4e8f-bf45-3a1fa48f671f@group-E5082AE508EB:LeaderElection73] INFO  server.RaftServerConfigKeys (ConfUtils.java:logGet(43)) - raft.server.watch.timeout = 10s (default)
2019-09-25 07:19:46,643 [b90c4d13-5cd9-4e8f-bf45-3a1fa48f671f@group-E5082AE508EB:LeaderElection73] INFO  server.RaftServerConfigKeys (ConfUtils.java:logGet(43)) - raft.server.watch.timeout.denomination = 1s (default)
2019-09-25 07:19:46,644 [b90c4d13-5cd9-4e8f-bf45-3a1fa48f671f@group-E5082AE508EB:LeaderElection73] INFO  server.RaftServerConfigKeys (ConfUtils.java:logGet(43)) - raft.server.watch.element-limit = 65536 (default)
2019-09-25 07:19:46,646 [b90c4d13-5cd9-4e8f-bf45-3a1fa48f671f@group-E5082AE508EB:LeaderElection73] INFO  impl.RoleInfo (RoleInfo.java:updateAndGet(143)) - b90c4d13-5cd9-4e8f-bf45-3a1fa48f671f: start LeaderState
2019-09-25 07:19:46,646 [b90c4d13-5cd9-4e8f-bf45-3a1fa48f671f@group-E5082AE508EB:LeaderElection73] INFO  segmented.SegmentedRaftLogWorker (SegmentedRaftLogWorker.java:startLogSegment(380)) - b90c4d13-5cd9-4e8f-bf45-3a1fa48f671f@group-E5082AE508EB-SegmentedRaftLogWorker: Starting segment from index:0
2019-09-25 07:19:46,647 [b90c4d13-5cd9-4e8f-bf45-3a1fa48f671f@group-E5082AE508EB:LeaderElection73] INFO  impl.RaftServerImpl (ServerState.java:setRaftConf(354)) - b90c4d13-5cd9-4e8f-bf45-3a1fa48f671f@group-E5082AE508EB: set configuration 0: [b90c4d13-5cd9-4e8f-bf45-3a1fa48f671f:192.168.30.10:40246], old=null at 0
2019-09-25 07:19:46,698 [b90c4d13-5cd9-4e8f-bf45-3a1fa48f671f@group-E5082AE508EB-SegmentedRaftLogWorker] INFO  segmented.SegmentedRaftLogWorker (SegmentedRaftLogWorker.java:execute(569)) - b90c4d13-5cd9-4e8f-bf45-3a1fa48f671f@group-E5082AE508EB-SegmentedRaftLogWorker: created new log segment /workdir/hadoop-ozone/ozonefs/target/test-dir/MiniOzoneClusterImpl-a387bd8f-5630-4dea-a733-c907936cb7c3/datanode-0/data/ratis/d7ade226-d7f8-4caf-bfb5-e5082ae508eb/current/log_inprogress_0
2019-09-25 07:19:46,702 [Thread-1260] INFO  impl.FollowerState (FollowerState.java:run(106)) - b90c4d13-5cd9-4e8f-bf45-3a1fa48f671f:group-3FC0A5460689 changes to CANDIDATE, lastRpcTime:5076, electionTimeout:5076ms
2019-09-25 07:19:46,702 [Thread-1260] INFO  impl.RoleInfo (RoleInfo.java:shutdownFollowerState(121)) - b90c4d13-5cd9-4e8f-bf45-3a1fa48f671f: shutdown FollowerState
2019-09-25 07:19:46,702 [Thread-1260] INFO  impl.RaftServerImpl (RaftServerImpl.java:setRole(174)) - b90c4d13-5cd9-4e8f-bf45-3a1fa48f671f@group-3FC0A5460689: changes role from  FOLLOWER to CANDIDATE at term 0 for changeToCandidate
2019-09-25 07:19:46,702 [Thread-1260] INFO  impl.RoleInfo (RoleInfo.java:updateAndGet(143)) - b90c4d13-5cd9-4e8f-bf45-3a1fa48f671f: start LeaderElection
2019-09-25 07:19:46,728 [b90c4d13-5cd9-4e8f-bf45-3a1fa48f671f@group-3FC0A5460689:LeaderElection74] INFO  impl.LeaderElection (LeaderElection.java:askForVotes(182)) - b90c4d13-5cd9-4e8f-bf45-3a1fa48f671f@group-3FC0A5460689:LeaderElection74: begin an election at term 1 for -1: [b90c4d13-5cd9-4e8f-bf45-3a1fa48f671f:192.168.30.10:40246], old=null
2019-09-25 07:19:46,729 [b90c4d13-5cd9-4e8f-bf45-3a1fa48f671f@group-3FC0A5460689:LeaderElection74] INFO  impl.RoleInfo (RoleInfo.java:shutdownLeaderElection(134)) - b90c4d13-5cd9-4e8f-bf45-3a1fa48f671f: shutdown LeaderElection
2019-09-25 07:19:46,729 [b90c4d13-5cd9-4e8f-bf45-3a1fa48f671f@group-3FC0A5460689:LeaderElection74] INFO  impl.RaftServerImpl (RaftServerImpl.java:setRole(174)) - b90c4d13-5cd9-4e8f-bf45-3a1fa48f671f@group-3FC0A5460689: changes role from CANDIDATE to LEADER at term 1 for changeToLeader
2019-09-25 07:19:46,729 [b90c4d13-5cd9-4e8f-bf45-3a1fa48f671f@group-3FC0A5460689:LeaderElection74] INFO  impl.RaftServerImpl (ServerState.java:setLeader(253)) - b90c4d13-5cd9-4e8f-bf45-3a1fa48f671f@group-3FC0A5460689: change Leader from null to b90c4d13-5cd9-4e8f-bf45-3a1fa48f671f at term 1 for becomeLeader, leader elected after 5107ms
2019-09-25 07:19:46,729 [b90c4d13-5cd9-4e8f-bf45-3a1fa48f671f@group-3FC0A5460689:LeaderElection74] INFO  server.RaftServerConfigKeys (ConfUtils.java:logGet(43)) - raft.server.staging.catchup.gap = 1000 (default)
2019-09-25 07:19:46,729 [b90c4d13-5cd9-4e8f-bf45-3a1fa48f671f@group-3FC0A5460689:LeaderElection74] INFO  server.RaftServerConfigKeys (ConfUtils.java:logGet(43)) - raft.server.rpc.sleep.time = 25ms (default)
2019-09-25 07:19:46,729 [b90c4d13-5cd9-4e8f-bf45-3a1fa48f671f@group-3FC0A5460689:LeaderElection74] INFO  server.RaftServerConfigKeys (ConfUtils.java:logGet(43)) - raft.server.write.element-limit = 4096 (default)
2019-09-25 07:19:46,729 [b90c4d13-5cd9-4e8f-bf45-3a1fa48f671f@group-3FC0A5460689:LeaderElection74] INFO  server.RaftServerConfigKeys (ConfUtils.java:logGet(43)) - raft.server.watch.timeout = 10s (default)
2019-09-25 07:19:46,730 [b90c4d13-5cd9-4e8f-bf45-3a1fa48f671f@group-3FC0A5460689:LeaderElection74] INFO  server.RaftServerConfigKeys (ConfUtils.java:logGet(43)) - raft.server.watch.timeout.denomination = 1s (default)
2019-09-25 07:19:46,730 [b90c4d13-5cd9-4e8f-bf45-3a1fa48f671f@group-3FC0A5460689:LeaderElection74] INFO  server.RaftServerConfigKeys (ConfUtils.java:logGet(43)) - raft.server.watch.element-limit = 65536 (default)
2019-09-25 07:19:46,732 [b90c4d13-5cd9-4e8f-bf45-3a1fa48f671f@group-3FC0A5460689:LeaderElection74] INFO  impl.RoleInfo (RoleInfo.java:updateAndGet(143)) - b90c4d13-5cd9-4e8f-bf45-3a1fa48f671f: start LeaderState
2019-09-25 07:19:46,732 [b90c4d13-5cd9-4e8f-bf45-3a1fa48f671f@group-3FC0A5460689:LeaderElection74] INFO  segmented.SegmentedRaftLogWorker (SegmentedRaftLogWorker.java:startLogSegment(380)) - b90c4d13-5cd9-4e8f-bf45-3a1fa48f671f@group-3FC0A5460689-SegmentedRaftLogWorker: Starting segment from index:0
2019-09-25 07:19:46,733 [b90c4d13-5cd9-4e8f-bf45-3a1fa48f671f@group-3FC0A5460689:LeaderElection74] INFO  impl.RaftServerImpl (ServerState.java:setRaftConf(354)) - b90c4d13-5cd9-4e8f-bf45-3a1fa48f671f@group-3FC0A5460689: set configuration 0: [b90c4d13-5cd9-4e8f-bf45-3a1fa48f671f:192.168.30.10:40246], old=null at 0
2019-09-25 07:19:46,739 [Thread-1254] INFO  impl.FollowerState (FollowerState.java:run(106)) - b90c4d13-5cd9-4e8f-bf45-3a1fa48f671f:group-908D03C6866B changes to CANDIDATE, lastRpcTime:5184, electionTimeout:5184ms
2019-09-25 07:19:46,739 [Thread-1254] INFO  impl.RoleInfo (RoleInfo.java:shutdownFollowerState(121)) - b90c4d13-5cd9-4e8f-bf45-3a1fa48f671f: shutdown FollowerState
2019-09-25 07:19:46,739 [Thread-1254] INFO  impl.RaftServerImpl (RaftServerImpl.java:setRole(174)) - b90c4d13-5cd9-4e8f-bf45-3a1fa48f671f@group-908D03C6866B: changes role from  FOLLOWER to CANDIDATE at term 0 for changeToCandidate
2019-09-25 07:19:46,739 [Thread-1254] INFO  impl.RoleInfo (RoleInfo.java:updateAndGet(143)) - b90c4d13-5cd9-4e8f-bf45-3a1fa48f671f: start LeaderElection
2019-09-25 07:19:46,751 [Thread-1266] INFO  impl.FollowerState (FollowerState.java:run(106)) - b90c4d13-5cd9-4e8f-bf45-3a1fa48f671f:group-311A29809CE6 changes to CANDIDATE, lastRpcTime:5051, electionTimeout:5051ms
2019-09-25 07:19:46,751 [Thread-1266] INFO  impl.RoleInfo (RoleInfo.java:shutdownFollowerState(121)) - b90c4d13-5cd9-4e8f-bf45-3a1fa48f671f: shutdown FollowerState
2019-09-25 07:19:46,751 [Thread-1266] INFO  impl.RaftServerImpl (RaftServerImpl.java:setRole(174)) - b90c4d13-5cd9-4e8f-bf45-3a1fa48f671f@group-311A29809CE6: changes role from  FOLLOWER to CANDIDATE at term 0 for changeToCandidate
2019-09-25 07:19:46,751 [Thread-1266] INFO  impl.RoleInfo (RoleInfo.java:updateAndGet(143)) - b90c4d13-5cd9-4e8f-bf45-3a1fa48f671f: start LeaderElection
2019-09-25 07:19:46,753 [Thread-1257] INFO  impl.FollowerState (FollowerState.java:run(106)) - b90c4d13-5cd9-4e8f-bf45-3a1fa48f671f:group-F7563A95C6E2 changes to CANDIDATE, lastRpcTime:5156, electionTimeout:5156ms
2019-09-25 07:19:46,753 [Thread-1257] INFO  impl.RoleInfo (RoleInfo.java:shutdownFollowerState(121)) - b90c4d13-5cd9-4e8f-bf45-3a1fa48f671f: shutdown FollowerState
2019-09-25 07:19:46,753 [Thread-1257] INFO  impl.RaftServerImpl (RaftServerImpl.java:setRole(174)) - b90c4d13-5cd9-4e8f-bf45-3a1fa48f671f@group-F7563A95C6E2: changes role from  FOLLOWER to CANDIDATE at term 0 for changeToCandidate
2019-09-25 07:19:46,753 [Thread-1257] INFO  impl.RoleInfo (RoleInfo.java:updateAndGet(143)) - b90c4d13-5cd9-4e8f-bf45-3a1fa48f671f: start LeaderElection
2019-09-25 07:19:46,753 [b90c4d13-5cd9-4e8f-bf45-3a1fa48f671f@group-908D03C6866B:LeaderElection75] INFO  impl.LeaderElection (LeaderElection.java:askForVotes(182)) - b90c4d13-5cd9-4e8f-bf45-3a1fa48f671f@group-908D03C6866B:LeaderElection75: begin an election at term 1 for -1: [b90c4d13-5cd9-4e8f-bf45-3a1fa48f671f:192.168.30.10:40246], old=null
2019-09-25 07:19:46,754 [b90c4d13-5cd9-4e8f-bf45-3a1fa48f671f@group-908D03C6866B:LeaderElection75] INFO  impl.RoleInfo (RoleInfo.java:shutdownLeaderElection(134)) - b90c4d13-5cd9-4e8f-bf45-3a1fa48f671f: shutdown LeaderElection
2019-09-25 07:19:46,754 [b90c4d13-5cd9-4e8f-bf45-3a1fa48f671f@group-908D03C6866B:LeaderElection75] INFO  impl.RaftServerImpl (RaftServerImpl.java:setRole(174)) - b90c4d13-5cd9-4e8f-bf45-3a1fa48f671f@group-908D03C6866B: changes role from CANDIDATE to LEADER at term 1 for changeToLeader
2019-09-25 07:19:46,754 [b90c4d13-5cd9-4e8f-bf45-3a1fa48f671f@group-908D03C6866B:LeaderElection75] INFO  impl.RaftServerImpl (ServerState.java:setLeader(253)) - b90c4d13-5cd9-4e8f-bf45-3a1fa48f671f@group-908D03C6866B: change Leader from null to b90c4d13-5cd9-4e8f-bf45-3a1fa48f671f at term 1 for becomeLeader, leader elected after 5204ms
2019-09-25 07:19:46,754 [b90c4d13-5cd9-4e8f-bf45-3a1fa48f671f@group-908D03C6866B:LeaderElection75] INFO  server.RaftServerConfigKeys (ConfUtils.java:logGet(43)) - raft.server.staging.catchup.gap = 1000 (default)
2019-09-25 07:19:46,754 [b90c4d13-5cd9-4e8f-bf45-3a1fa48f671f@group-908D03C6866B:LeaderElection75] INFO  server.RaftServerConfigKeys (ConfUtils.java:logGet(43)) - raft.server.rpc.sleep.time = 25ms (default)
2019-09-25 07:19:46,754 [b90c4d13-5cd9-4e8f-bf45-3a1fa48f671f@group-908D03C6866B:LeaderElection75] INFO  server.RaftServerConfigKeys (ConfUtils.java:logGet(43)) - raft.server.write.element-limit = 4096 (default)
2019-09-25 07:19:46,754 [b90c4d13-5cd9-4e8f-bf45-3a1fa48f671f@group-908D03C6866B:LeaderElection75] INFO  server.RaftServerConfigKeys (ConfUtils.java:logGet(43)) - raft.server.watch.timeout = 10s (default)
2019-09-25 07:19:46,755 [b90c4d13-5cd9-4e8f-bf45-3a1fa48f671f@group-908D03C6866B:LeaderElection75] INFO  server.RaftServerConfigKeys (ConfUtils.java:logGet(43)) - raft.server.watch.timeout.denomination = 1s (default)
2019-09-25 07:19:46,755 [b90c4d13-5cd9-4e8f-bf45-3a1fa48f671f@group-908D03C6866B:LeaderElection75] INFO  server.RaftServerConfigKeys (ConfUtils.java:logGet(43)) - raft.server.watch.element-limit = 65536 (default)
2019-09-25 07:19:46,756 [b90c4d13-5cd9-4e8f-bf45-3a1fa48f671f@group-311A29809CE6:LeaderElection76] INFO  impl.LeaderElection (LeaderElection.java:askForVotes(182)) - b90c4d13-5cd9-4e8f-bf45-3a1fa48f671f@group-311A29809CE6:LeaderElection76: begin an election at term 1 for -1: [b90c4d13-5cd9-4e8f-bf45-3a1fa48f671f:192.168.30.10:40246], old=null
2019-09-25 07:19:46,756 [b90c4d13-5cd9-4e8f-bf45-3a1fa48f671f@group-311A29809CE6:LeaderElection76] INFO  impl.RoleInfo (RoleInfo.java:shutdownLeaderElection(134)) - b90c4d13-5cd9-4e8f-bf45-3a1fa48f671f: shutdown LeaderElection
2019-09-25 07:19:46,756 [b90c4d13-5cd9-4e8f-bf45-3a1fa48f671f@group-311A29809CE6:LeaderElection76] INFO  impl.RaftServerImpl (RaftServerImpl.java:setRole(174)) - b90c4d13-5cd9-4e8f-bf45-3a1fa48f671f@group-311A29809CE6: changes role from CANDIDATE to LEADER at term 1 for changeToLeader
2019-09-25 07:19:46,756 [b90c4d13-5cd9-4e8f-bf45-3a1fa48f671f@group-311A29809CE6:LeaderElection76] INFO  impl.RaftServerImpl (ServerState.java:setLeader(253)) - b90c4d13-5cd9-4e8f-bf45-3a1fa48f671f@group-311A29809CE6: change Leader from null to b90c4d13-5cd9-4e8f-bf45-3a1fa48f671f at term 1 for becomeLeader, leader elected after 5064ms
2019-09-25 07:19:46,756 [b90c4d13-5cd9-4e8f-bf45-3a1fa48f671f@group-311A29809CE6:LeaderElection76] INFO  server.RaftServerConfigKeys (ConfUtils.java:logGet(43)) - raft.server.staging.catchup.gap = 1000 (default)
2019-09-25 07:19:46,756 [b90c4d13-5cd9-4e8f-bf45-3a1fa48f671f@group-311A29809CE6:LeaderElection76] INFO  server.RaftServerConfigKeys (ConfUtils.java:logGet(43)) - raft.server.rpc.sleep.time = 25ms (default)
2019-09-25 07:19:46,756 [b90c4d13-5cd9-4e8f-bf45-3a1fa48f671f@group-311A29809CE6:LeaderElection76] INFO  server.RaftServerConfigKeys (ConfUtils.java:logGet(43)) - raft.server.write.element-limit = 4096 (default)
2019-09-25 07:19:46,757 [b90c4d13-5cd9-4e8f-bf45-3a1fa48f671f@group-311A29809CE6:LeaderElection76] INFO  server.RaftServerConfigKeys (ConfUtils.java:logGet(43)) - raft.server.watch.timeout = 10s (default)
2019-09-25 07:19:46,757 [b90c4d13-5cd9-4e8f-bf45-3a1fa48f671f@group-908D03C6866B:LeaderElection75] INFO  impl.RoleInfo (RoleInfo.java:updateAndGet(143)) - b90c4d13-5cd9-4e8f-bf45-3a1fa48f671f: start LeaderState
2019-09-25 07:19:46,757 [b90c4d13-5cd9-4e8f-bf45-3a1fa48f671f@group-311A29809CE6:LeaderElection76] INFO  server.RaftServerConfigKeys (ConfUtils.java:logGet(43)) - raft.server.watch.timeout.denomination = 1s (default)
2019-09-25 07:19:46,757 [b90c4d13-5cd9-4e8f-bf45-3a1fa48f671f@group-908D03C6866B:LeaderElection75] INFO  segmented.SegmentedRaftLogWorker (SegmentedRaftLogWorker.java:startLogSegment(380)) - b90c4d13-5cd9-4e8f-bf45-3a1fa48f671f@group-908D03C6866B-SegmentedRaftLogWorker: Starting segment from index:0
2019-09-25 07:19:46,757 [b90c4d13-5cd9-4e8f-bf45-3a1fa48f671f@group-311A29809CE6:LeaderElection76] INFO  server.RaftServerConfigKeys (ConfUtils.java:logGet(43)) - raft.server.watch.element-limit = 65536 (default)
2019-09-25 07:19:46,757 [b90c4d13-5cd9-4e8f-bf45-3a1fa48f671f@group-908D03C6866B:LeaderElection75] INFO  impl.RaftServerImpl (ServerState.java:setRaftConf(354)) - b90c4d13-5cd9-4e8f-bf45-3a1fa48f671f@group-908D03C6866B: set configuration 0: [b90c4d13-5cd9-4e8f-bf45-3a1fa48f671f:192.168.30.10:40246], old=null at 0
2019-09-25 07:19:46,758 [b90c4d13-5cd9-4e8f-bf45-3a1fa48f671f@group-F7563A95C6E2:LeaderElection77] INFO  impl.LeaderElection (LeaderElection.java:askForVotes(182)) - b90c4d13-5cd9-4e8f-bf45-3a1fa48f671f@group-F7563A95C6E2:LeaderElection77: begin an election at term 1 for -1: [b90c4d13-5cd9-4e8f-bf45-3a1fa48f671f:192.168.30.10:40246], old=null
2019-09-25 07:19:46,758 [b90c4d13-5cd9-4e8f-bf45-3a1fa48f671f@group-F7563A95C6E2:LeaderElection77] INFO  impl.RoleInfo (RoleInfo.java:shutdownLeaderElection(134)) - b90c4d13-5cd9-4e8f-bf45-3a1fa48f671f: shutdown LeaderElection
2019-09-25 07:19:46,758 [b90c4d13-5cd9-4e8f-bf45-3a1fa48f671f@group-F7563A95C6E2:LeaderElection77] INFO  impl.RaftServerImpl (RaftServerImpl.java:setRole(174)) - b90c4d13-5cd9-4e8f-bf45-3a1fa48f671f@group-F7563A95C6E2: changes role from CANDIDATE to LEADER at term 1 for changeToLeader
2019-09-25 07:19:46,758 [b90c4d13-5cd9-4e8f-bf45-3a1fa48f671f@group-F7563A95C6E2:LeaderElection77] INFO  impl.RaftServerImpl (ServerState.java:setLeader(253)) - b90c4d13-5cd9-4e8f-bf45-3a1fa48f671f@group-F7563A95C6E2: change Leader from null to b90c4d13-5cd9-4e8f-bf45-3a1fa48f671f at term 1 for becomeLeader, leader elected after 5166ms
2019-09-25 07:19:46,758 [b90c4d13-5cd9-4e8f-bf45-3a1fa48f671f@group-F7563A95C6E2:LeaderElection77] INFO  server.RaftServerConfigKeys (ConfUtils.java:logGet(43)) - raft.server.staging.catchup.gap = 1000 (default)
2019-09-25 07:19:46,758 [b90c4d13-5cd9-4e8f-bf45-3a1fa48f671f@group-F7563A95C6E2:LeaderElection77] INFO  server.RaftServerConfigKeys (ConfUtils.java:logGet(43)) - raft.server.rpc.sleep.time = 25ms (default)
2019-09-25 07:19:46,759 [b90c4d13-5cd9-4e8f-bf45-3a1fa48f671f@group-F7563A95C6E2:LeaderElection77] INFO  server.RaftServerConfigKeys (ConfUtils.java:logGet(43)) - raft.server.write.element-limit = 4096 (default)
2019-09-25 07:19:46,759 [b90c4d13-5cd9-4e8f-bf45-3a1fa48f671f@group-F7563A95C6E2:LeaderElection77] INFO  server.RaftServerConfigKeys (ConfUtils.java:logGet(43)) - raft.server.watch.timeout = 10s (default)
2019-09-25 07:19:46,759 [b90c4d13-5cd9-4e8f-bf45-3a1fa48f671f@group-F7563A95C6E2:LeaderElection77] INFO  server.RaftServerConfigKeys (ConfUtils.java:logGet(43)) - raft.server.watch.timeout.denomination = 1s (default)
2019-09-25 07:19:46,759 [b90c4d13-5cd9-4e8f-bf45-3a1fa48f671f@group-311A29809CE6:LeaderElection76] INFO  impl.RoleInfo (RoleInfo.java:updateAndGet(143)) - b90c4d13-5cd9-4e8f-bf45-3a1fa48f671f: start LeaderState
2019-09-25 07:19:46,759 [b90c4d13-5cd9-4e8f-bf45-3a1fa48f671f@group-F7563A95C6E2:LeaderElection77] INFO  server.RaftServerConfigKeys (ConfUtils.java:logGet(43)) - raft.server.watch.element-limit = 65536 (default)
2019-09-25 07:19:46,760 [b90c4d13-5cd9-4e8f-bf45-3a1fa48f671f@group-311A29809CE6:LeaderElection76] INFO  segmented.SegmentedRaftLogWorker (SegmentedRaftLogWorker.java:startLogSegment(380)) - b90c4d13-5cd9-4e8f-bf45-3a1fa48f671f@group-311A29809CE6-SegmentedRaftLogWorker: Starting segment from index:0
2019-09-25 07:19:46,760 [b90c4d13-5cd9-4e8f-bf45-3a1fa48f671f@group-311A29809CE6:LeaderElection76] INFO  impl.RaftServerImpl (ServerState.java:setRaftConf(354)) - b90c4d13-5cd9-4e8f-bf45-3a1fa48f671f@group-311A29809CE6: set configuration 0: [b90c4d13-5cd9-4e8f-bf45-3a1fa48f671f:192.168.30.10:40246], old=null at 0
2019-09-25 07:19:46,762 [b90c4d13-5cd9-4e8f-bf45-3a1fa48f671f@group-F7563A95C6E2:LeaderElection77] INFO  impl.RoleInfo (RoleInfo.java:updateAndGet(143)) - b90c4d13-5cd9-4e8f-bf45-3a1fa48f671f: start LeaderState
2019-09-25 07:19:46,762 [b90c4d13-5cd9-4e8f-bf45-3a1fa48f671f@group-F7563A95C6E2:LeaderElection77] INFO  segmented.SegmentedRaftLogWorker (SegmentedRaftLogWorker.java:startLogSegment(380)) - b90c4d13-5cd9-4e8f-bf45-3a1fa48f671f@group-F7563A95C6E2-SegmentedRaftLogWorker: Starting segment from index:0
2019-09-25 07:19:46,763 [b90c4d13-5cd9-4e8f-bf45-3a1fa48f671f@group-F7563A95C6E2:LeaderElection77] INFO  impl.RaftServerImpl (ServerState.java:setRaftConf(354)) - b90c4d13-5cd9-4e8f-bf45-3a1fa48f671f@group-F7563A95C6E2: set configuration 0: [b90c4d13-5cd9-4e8f-bf45-3a1fa48f671f:192.168.30.10:40246], old=null at 0
2019-09-25 07:19:46,769 [Thread-1269] INFO  impl.FollowerState (FollowerState.java:run(106)) - a834d882-1648-4f8e-9ed2-2af76b2ecc63:group-4E8447AAB8D2 changes to CANDIDATE, lastRpcTime:5029, electionTimeout:5029ms
2019-09-25 07:19:46,769 [Thread-1269] INFO  impl.RoleInfo (RoleInfo.java:shutdownFollowerState(121)) - a834d882-1648-4f8e-9ed2-2af76b2ecc63: shutdown FollowerState
2019-09-25 07:19:46,769 [Thread-1269] INFO  impl.RaftServerImpl (RaftServerImpl.java:setRole(174)) - a834d882-1648-4f8e-9ed2-2af76b2ecc63@group-4E8447AAB8D2: changes role from  FOLLOWER to CANDIDATE at term 0 for changeToCandidate
2019-09-25 07:19:46,770 [Thread-1269] INFO  impl.RoleInfo (RoleInfo.java:updateAndGet(143)) - a834d882-1648-4f8e-9ed2-2af76b2ecc63: start LeaderElection
2019-09-25 07:19:46,784 [b90c4d13-5cd9-4e8f-bf45-3a1fa48f671f@group-3FC0A5460689-SegmentedRaftLogWorker] INFO  segmented.SegmentedRaftLogWorker (SegmentedRaftLogWorker.java:execute(569)) - b90c4d13-5cd9-4e8f-bf45-3a1fa48f671f@group-3FC0A5460689-SegmentedRaftLogWorker: created new log segment /workdir/hadoop-ozone/ozonefs/target/test-dir/MiniOzoneClusterImpl-a387bd8f-5630-4dea-a733-c907936cb7c3/datanode-0/data/ratis/d22423ee-b8ee-4337-ab79-3fc0a5460689/current/log_inprogress_0
2019-09-25 07:19:46,784 [a834d882-1648-4f8e-9ed2-2af76b2ecc63@group-4E8447AAB8D2:LeaderElection78] INFO  impl.LeaderElection (LeaderElection.java:askForVotes(182)) - a834d882-1648-4f8e-9ed2-2af76b2ecc63@group-4E8447AAB8D2:LeaderElection78: begin an election at term 1 for -1: [a834d882-1648-4f8e-9ed2-2af76b2ecc63:192.168.30.10:42145], old=null
2019-09-25 07:19:46,784 [a834d882-1648-4f8e-9ed2-2af76b2ecc63@group-4E8447AAB8D2:LeaderElection78] INFO  impl.RoleInfo (RoleInfo.java:shutdownLeaderElection(134)) - a834d882-1648-4f8e-9ed2-2af76b2ecc63: shutdown LeaderElection
2019-09-25 07:19:46,784 [a834d882-1648-4f8e-9ed2-2af76b2ecc63@group-4E8447AAB8D2:LeaderElection78] INFO  impl.RaftServerImpl (RaftServerImpl.java:setRole(174)) - a834d882-1648-4f8e-9ed2-2af76b2ecc63@group-4E8447AAB8D2: changes role from CANDIDATE to LEADER at term 1 for changeToLeader
2019-09-25 07:19:46,784 [a834d882-1648-4f8e-9ed2-2af76b2ecc63@group-4E8447AAB8D2:LeaderElection78] INFO  impl.RaftServerImpl (ServerState.java:setLeader(253)) - a834d882-1648-4f8e-9ed2-2af76b2ecc63@group-4E8447AAB8D2: change Leader from null to a834d882-1648-4f8e-9ed2-2af76b2ecc63 at term 1 for becomeLeader, leader elected after 5049ms
2019-09-25 07:19:46,785 [a834d882-1648-4f8e-9ed2-2af76b2ecc63@group-4E8447AAB8D2:LeaderElection78] INFO  server.RaftServerConfigKeys (ConfUtils.java:logGet(43)) - raft.server.staging.catchup.gap = 1000 (default)
2019-09-25 07:19:46,785 [a834d882-1648-4f8e-9ed2-2af76b2ecc63@group-4E8447AAB8D2:LeaderElection78] INFO  server.RaftServerConfigKeys (ConfUtils.java:logGet(43)) - raft.server.rpc.sleep.time = 25ms (default)
2019-09-25 07:19:46,785 [a834d882-1648-4f8e-9ed2-2af76b2ecc63@group-4E8447AAB8D2:LeaderElection78] INFO  server.RaftServerConfigKeys (ConfUtils.java:logGet(43)) - raft.server.write.element-limit = 4096 (default)
2019-09-25 07:19:46,785 [a834d882-1648-4f8e-9ed2-2af76b2ecc63@group-4E8447AAB8D2:LeaderElection78] INFO  server.RaftServerConfigKeys (ConfUtils.java:logGet(43)) - raft.server.watch.timeout = 10s (default)
2019-09-25 07:19:46,785 [a834d882-1648-4f8e-9ed2-2af76b2ecc63@group-4E8447AAB8D2:LeaderElection78] INFO  server.RaftServerConfigKeys (ConfUtils.java:logGet(43)) - raft.server.watch.timeout.denomination = 1s (default)
2019-09-25 07:19:46,785 [a834d882-1648-4f8e-9ed2-2af76b2ecc63@group-4E8447AAB8D2:LeaderElection78] INFO  server.RaftServerConfigKeys (ConfUtils.java:logGet(43)) - raft.server.watch.element-limit = 65536 (default)
2019-09-25 07:19:46,788 [a834d882-1648-4f8e-9ed2-2af76b2ecc63@group-4E8447AAB8D2:LeaderElection78] INFO  impl.RoleInfo (RoleInfo.java:updateAndGet(143)) - a834d882-1648-4f8e-9ed2-2af76b2ecc63: start LeaderState
2019-09-25 07:19:46,788 [a834d882-1648-4f8e-9ed2-2af76b2ecc63@group-4E8447AAB8D2:LeaderElection78] INFO  segmented.SegmentedRaftLogWorker (SegmentedRaftLogWorker.java:startLogSegment(380)) - a834d882-1648-4f8e-9ed2-2af76b2ecc63@group-4E8447AAB8D2-SegmentedRaftLogWorker: Starting segment from index:0
2019-09-25 07:19:46,789 [a834d882-1648-4f8e-9ed2-2af76b2ecc63@group-4E8447AAB8D2:LeaderElection78] INFO  impl.RaftServerImpl (ServerState.java:setRaftConf(354)) - a834d882-1648-4f8e-9ed2-2af76b2ecc63@group-4E8447AAB8D2: set configuration 0: [a834d882-1648-4f8e-9ed2-2af76b2ecc63:192.168.30.10:42145], old=null at 0
2019-09-25 07:19:46,797 [b90c4d13-5cd9-4e8f-bf45-3a1fa48f671f@group-908D03C6866B-SegmentedRaftLogWorker] INFO  segmented.SegmentedRaftLogWorker (SegmentedRaftLogWorker.java:execute(569)) - b90c4d13-5cd9-4e8f-bf45-3a1fa48f671f@group-908D03C6866B-SegmentedRaftLogWorker: created new log segment /workdir/hadoop-ozone/ozonefs/target/test-dir/MiniOzoneClusterImpl-a387bd8f-5630-4dea-a733-c907936cb7c3/datanode-0/data/ratis/2f0a5ae0-52b9-4b39-9e45-908d03c6866b/current/log_inprogress_0
2019-09-25 07:19:46,797 [b90c4d13-5cd9-4e8f-bf45-3a1fa48f671f@group-F7563A95C6E2-SegmentedRaftLogWorker] INFO  segmented.SegmentedRaftLogWorker (SegmentedRaftLogWorker.java:execute(569)) - b90c4d13-5cd9-4e8f-bf45-3a1fa48f671f@group-F7563A95C6E2-SegmentedRaftLogWorker: created new log segment /workdir/hadoop-ozone/ozonefs/target/test-dir/MiniOzoneClusterImpl-a387bd8f-5630-4dea-a733-c907936cb7c3/datanode-0/data/ratis/72365f0f-3fbe-4dfb-ae0c-f7563a95c6e2/current/log_inprogress_0
2019-09-25 07:19:46,799 [b90c4d13-5cd9-4e8f-bf45-3a1fa48f671f@group-311A29809CE6-SegmentedRaftLogWorker] INFO  segmented.SegmentedRaftLogWorker (SegmentedRaftLogWorker.java:execute(569)) - b90c4d13-5cd9-4e8f-bf45-3a1fa48f671f@group-311A29809CE6-SegmentedRaftLogWorker: created new log segment /workdir/hadoop-ozone/ozonefs/target/test-dir/MiniOzoneClusterImpl-a387bd8f-5630-4dea-a733-c907936cb7c3/datanode-0/data/ratis/3a1255dd-2ded-40bd-ba04-311a29809ce6/current/log_inprogress_0
2019-09-25 07:19:46,802 [Thread-1263] INFO  impl.FollowerState (FollowerState.java:run(106)) - b90c4d13-5cd9-4e8f-bf45-3a1fa48f671f:group-85B10F1C8ECE changes to CANDIDATE, lastRpcTime:5146, electionTimeout:5146ms
2019-09-25 07:19:46,803 [Thread-1263] INFO  impl.RoleInfo (RoleInfo.java:shutdownFollowerState(121)) - b90c4d13-5cd9-4e8f-bf45-3a1fa48f671f: shutdown FollowerState
2019-09-25 07:19:46,803 [Thread-1263] INFO  impl.RaftServerImpl (RaftServerImpl.java:setRole(174)) - b90c4d13-5cd9-4e8f-bf45-3a1fa48f671f@group-85B10F1C8ECE: changes role from  FOLLOWER to CANDIDATE at term 0 for changeToCandidate
2019-09-25 07:19:46,803 [Thread-1263] INFO  impl.RoleInfo (RoleInfo.java:updateAndGet(143)) - b90c4d13-5cd9-4e8f-bf45-3a1fa48f671f: start LeaderElection
2019-09-25 07:19:46,817 [b90c4d13-5cd9-4e8f-bf45-3a1fa48f671f@group-85B10F1C8ECE:LeaderElection79] INFO  impl.LeaderElection (LeaderElection.java:askForVotes(182)) - b90c4d13-5cd9-4e8f-bf45-3a1fa48f671f@group-85B10F1C8ECE:LeaderElection79: begin an election at term 1 for -1: [b90c4d13-5cd9-4e8f-bf45-3a1fa48f671f:192.168.30.10:40246], old=null
2019-09-25 07:19:46,817 [b90c4d13-5cd9-4e8f-bf45-3a1fa48f671f@group-85B10F1C8ECE:LeaderElection79] INFO  impl.RoleInfo (RoleInfo.java:shutdownLeaderElection(134)) - b90c4d13-5cd9-4e8f-bf45-3a1fa48f671f: shutdown LeaderElection
2019-09-25 07:19:46,817 [b90c4d13-5cd9-4e8f-bf45-3a1fa48f671f@group-85B10F1C8ECE:LeaderElection79] INFO  impl.RaftServerImpl (RaftServerImpl.java:setRole(174)) - b90c4d13-5cd9-4e8f-bf45-3a1fa48f671f@group-85B10F1C8ECE: changes role from CANDIDATE to LEADER at term 1 for changeToLeader
2019-09-25 07:19:46,817 [b90c4d13-5cd9-4e8f-bf45-3a1fa48f671f@group-85B10F1C8ECE:LeaderElection79] INFO  impl.RaftServerImpl (ServerState.java:setLeader(253)) - b90c4d13-5cd9-4e8f-bf45-3a1fa48f671f@group-85B10F1C8ECE: change Leader from null to b90c4d13-5cd9-4e8f-bf45-3a1fa48f671f at term 1 for becomeLeader, leader elected after 5165ms
2019-09-25 07:19:46,817 [b90c4d13-5cd9-4e8f-bf45-3a1fa48f671f@group-85B10F1C8ECE:LeaderElection79] INFO  server.RaftServerConfigKeys (ConfUtils.java:logGet(43)) - raft.server.staging.catchup.gap = 1000 (default)
2019-09-25 07:19:46,817 [b90c4d13-5cd9-4e8f-bf45-3a1fa48f671f@group-85B10F1C8ECE:LeaderElection79] INFO  server.RaftServerConfigKeys (ConfUtils.java:logGet(43)) - raft.server.rpc.sleep.time = 25ms (default)
2019-09-25 07:19:46,817 [b90c4d13-5cd9-4e8f-bf45-3a1fa48f671f@group-85B10F1C8ECE:LeaderElection79] INFO  server.RaftServerConfigKeys (ConfUtils.java:logGet(43)) - raft.server.write.element-limit = 4096 (default)
2019-09-25 07:19:46,818 [b90c4d13-5cd9-4e8f-bf45-3a1fa48f671f@group-85B10F1C8ECE:LeaderElection79] INFO  server.RaftServerConfigKeys (ConfUtils.java:logGet(43)) - raft.server.watch.timeout = 10s (default)
2019-09-25 07:19:46,818 [b90c4d13-5cd9-4e8f-bf45-3a1fa48f671f@group-85B10F1C8ECE:LeaderElection79] INFO  server.RaftServerConfigKeys (ConfUtils.java:logGet(43)) - raft.server.watch.timeout.denomination = 1s (default)
2019-09-25 07:19:46,818 [b90c4d13-5cd9-4e8f-bf45-3a1fa48f671f@group-85B10F1C8ECE:LeaderElection79] INFO  server.RaftServerConfigKeys (ConfUtils.java:logGet(43)) - raft.server.watch.element-limit = 65536 (default)
2019-09-25 07:19:46,820 [b90c4d13-5cd9-4e8f-bf45-3a1fa48f671f@group-85B10F1C8ECE:LeaderElection79] INFO  impl.RoleInfo (RoleInfo.java:updateAndGet(143)) - b90c4d13-5cd9-4e8f-bf45-3a1fa48f671f: start LeaderState
2019-09-25 07:19:46,820 [b90c4d13-5cd9-4e8f-bf45-3a1fa48f671f@group-85B10F1C8ECE:LeaderElection79] INFO  segmented.SegmentedRaftLogWorker (SegmentedRaftLogWorker.java:startLogSegment(380)) - b90c4d13-5cd9-4e8f-bf45-3a1fa48f671f@group-85B10F1C8ECE-SegmentedRaftLogWorker: Starting segment from index:0
2019-09-25 07:19:46,820 [b90c4d13-5cd9-4e8f-bf45-3a1fa48f671f@group-85B10F1C8ECE:LeaderElection79] INFO  impl.RaftServerImpl (ServerState.java:setRaftConf(354)) - b90c4d13-5cd9-4e8f-bf45-3a1fa48f671f@group-85B10F1C8ECE: set configuration 0: [b90c4d13-5cd9-4e8f-bf45-3a1fa48f671f:192.168.30.10:40246], old=null at 0
2019-09-25 07:19:46,832 [a834d882-1648-4f8e-9ed2-2af76b2ecc63@group-4E8447AAB8D2-SegmentedRaftLogWorker] INFO  segmented.SegmentedRaftLogWorker (SegmentedRaftLogWorker.java:execute(569)) - a834d882-1648-4f8e-9ed2-2af76b2ecc63@group-4E8447AAB8D2-SegmentedRaftLogWorker: created new log segment /workdir/hadoop-ozone/ozonefs/target/test-dir/MiniOzoneClusterImpl-a387bd8f-5630-4dea-a733-c907936cb7c3/datanode-1/data/ratis/5f8ed8c4-7cf6-415e-a9e6-4e8447aab8d2/current/log_inprogress_0
2019-09-25 07:19:46,862 [b90c4d13-5cd9-4e8f-bf45-3a1fa48f671f@group-85B10F1C8ECE-SegmentedRaftLogWorker] INFO  segmented.SegmentedRaftLogWorker (SegmentedRaftLogWorker.java:execute(569)) - b90c4d13-5cd9-4e8f-bf45-3a1fa48f671f@group-85B10F1C8ECE-SegmentedRaftLogWorker: created new log segment /workdir/hadoop-ozone/ozonefs/target/test-dir/MiniOzoneClusterImpl-a387bd8f-5630-4dea-a733-c907936cb7c3/datanode-0/data/ratis/6c171fcc-14f5-45b7-849e-85b10f1c8ece/current/log_inprogress_0
2019-09-25 07:19:46,885 [Thread-1275] INFO  impl.FollowerState (FollowerState.java:run(106)) - b1599e75-efd0-47a4-8a8f-add4431e6892:group-5F473EBA0DF0 changes to CANDIDATE, lastRpcTime:5064, electionTimeout:5064ms
2019-09-25 07:19:46,885 [Thread-1275] INFO  impl.RoleInfo (RoleInfo.java:shutdownFollowerState(121)) - b1599e75-efd0-47a4-8a8f-add4431e6892: shutdown FollowerState
2019-09-25 07:19:46,886 [Thread-1275] INFO  impl.RaftServerImpl (RaftServerImpl.java:setRole(174)) - b1599e75-efd0-47a4-8a8f-add4431e6892@group-5F473EBA0DF0: changes role from  FOLLOWER to CANDIDATE at term 0 for changeToCandidate
2019-09-25 07:19:46,886 [Thread-1275] INFO  impl.RoleInfo (RoleInfo.java:updateAndGet(143)) - b1599e75-efd0-47a4-8a8f-add4431e6892: start LeaderElection
2019-09-25 07:19:46,899 [b1599e75-efd0-47a4-8a8f-add4431e6892@group-5F473EBA0DF0:LeaderElection80] INFO  impl.LeaderElection (LeaderElection.java:askForVotes(182)) - b1599e75-efd0-47a4-8a8f-add4431e6892@group-5F473EBA0DF0:LeaderElection80: begin an election at term 1 for -1: [b1599e75-efd0-47a4-8a8f-add4431e6892:192.168.30.10:42922], old=null
2019-09-25 07:19:46,899 [b1599e75-efd0-47a4-8a8f-add4431e6892@group-5F473EBA0DF0:LeaderElection80] INFO  impl.RoleInfo (RoleInfo.java:shutdownLeaderElection(134)) - b1599e75-efd0-47a4-8a8f-add4431e6892: shutdown LeaderElection
2019-09-25 07:19:46,899 [b1599e75-efd0-47a4-8a8f-add4431e6892@group-5F473EBA0DF0:LeaderElection80] INFO  impl.RaftServerImpl (RaftServerImpl.java:setRole(174)) - b1599e75-efd0-47a4-8a8f-add4431e6892@group-5F473EBA0DF0: changes role from CANDIDATE to LEADER at term 1 for changeToLeader
2019-09-25 07:19:46,899 [b1599e75-efd0-47a4-8a8f-add4431e6892@group-5F473EBA0DF0:LeaderElection80] INFO  impl.RaftServerImpl (ServerState.java:setLeader(253)) - b1599e75-efd0-47a4-8a8f-add4431e6892@group-5F473EBA0DF0: change Leader from null to b1599e75-efd0-47a4-8a8f-add4431e6892 at term 1 for becomeLeader, leader elected after 5084ms
2019-09-25 07:19:46,900 [b1599e75-efd0-47a4-8a8f-add4431e6892@group-5F473EBA0DF0:LeaderElection80] INFO  server.RaftServerConfigKeys (ConfUtils.java:logGet(43)) - raft.server.staging.catchup.gap = 1000 (default)
2019-09-25 07:19:46,900 [b1599e75-efd0-47a4-8a8f-add4431e6892@group-5F473EBA0DF0:LeaderElection80] INFO  server.RaftServerConfigKeys (ConfUtils.java:logGet(43)) - raft.server.rpc.sleep.time = 25ms (default)
2019-09-25 07:19:46,900 [b1599e75-efd0-47a4-8a8f-add4431e6892@group-5F473EBA0DF0:LeaderElection80] INFO  server.RaftServerConfigKeys (ConfUtils.java:logGet(43)) - raft.server.write.element-limit = 4096 (default)
2019-09-25 07:19:46,900 [b1599e75-efd0-47a4-8a8f-add4431e6892@group-5F473EBA0DF0:LeaderElection80] INFO  server.RaftServerConfigKeys (ConfUtils.java:logGet(43)) - raft.server.watch.timeout = 10s (default)
2019-09-25 07:19:46,900 [b1599e75-efd0-47a4-8a8f-add4431e6892@group-5F473EBA0DF0:LeaderElection80] INFO  server.RaftServerConfigKeys (ConfUtils.java:logGet(43)) - raft.server.watch.timeout.denomination = 1s (default)
2019-09-25 07:19:46,900 [b1599e75-efd0-47a4-8a8f-add4431e6892@group-5F473EBA0DF0:LeaderElection80] INFO  server.RaftServerConfigKeys (ConfUtils.java:logGet(43)) - raft.server.watch.element-limit = 65536 (default)
2019-09-25 07:19:46,903 [b1599e75-efd0-47a4-8a8f-add4431e6892@group-5F473EBA0DF0:LeaderElection80] INFO  impl.RoleInfo (RoleInfo.java:updateAndGet(143)) - b1599e75-efd0-47a4-8a8f-add4431e6892: start LeaderState
2019-09-25 07:19:46,903 [b1599e75-efd0-47a4-8a8f-add4431e6892@group-5F473EBA0DF0:LeaderElection80] INFO  segmented.SegmentedRaftLogWorker (SegmentedRaftLogWorker.java:startLogSegment(380)) - b1599e75-efd0-47a4-8a8f-add4431e6892@group-5F473EBA0DF0-SegmentedRaftLogWorker: Starting segment from index:0
2019-09-25 07:19:46,903 [b1599e75-efd0-47a4-8a8f-add4431e6892@group-5F473EBA0DF0:LeaderElection80] INFO  impl.RaftServerImpl (ServerState.java:setRaftConf(354)) - b1599e75-efd0-47a4-8a8f-add4431e6892@group-5F473EBA0DF0: set configuration 0: [b1599e75-efd0-47a4-8a8f-add4431e6892:192.168.30.10:42922], old=null at 0
2019-09-25 07:19:46,910 [Thread-1281] INFO  impl.FollowerState (FollowerState.java:run(106)) - a834d882-1648-4f8e-9ed2-2af76b2ecc63:group-205B3418D9EA changes to CANDIDATE, lastRpcTime:5004, electionTimeout:5004ms
2019-09-25 07:19:46,910 [Thread-1281] INFO  impl.RoleInfo (RoleInfo.java:shutdownFollowerState(121)) - a834d882-1648-4f8e-9ed2-2af76b2ecc63: shutdown FollowerState
2019-09-25 07:19:46,910 [Thread-1281] INFO  impl.RaftServerImpl (RaftServerImpl.java:setRole(174)) - a834d882-1648-4f8e-9ed2-2af76b2ecc63@group-205B3418D9EA: changes role from  FOLLOWER to CANDIDATE at term 0 for changeToCandidate
2019-09-25 07:19:46,911 [Thread-1281] INFO  impl.RoleInfo (RoleInfo.java:updateAndGet(143)) - a834d882-1648-4f8e-9ed2-2af76b2ecc63: start LeaderElection
2019-09-25 07:19:46,918 [a834d882-1648-4f8e-9ed2-2af76b2ecc63@group-205B3418D9EA:LeaderElection81] INFO  impl.LeaderElection (LeaderElection.java:askForVotes(182)) - a834d882-1648-4f8e-9ed2-2af76b2ecc63@group-205B3418D9EA:LeaderElection81: begin an election at term 1 for -1: [a834d882-1648-4f8e-9ed2-2af76b2ecc63:192.168.30.10:42145], old=null
2019-09-25 07:19:46,918 [a834d882-1648-4f8e-9ed2-2af76b2ecc63@group-205B3418D9EA:LeaderElection81] INFO  impl.RoleInfo (RoleInfo.java:shutdownLeaderElection(134)) - a834d882-1648-4f8e-9ed2-2af76b2ecc63: shutdown LeaderElection
2019-09-25 07:19:46,918 [a834d882-1648-4f8e-9ed2-2af76b2ecc63@group-205B3418D9EA:LeaderElection81] INFO  impl.RaftServerImpl (RaftServerImpl.java:setRole(174)) - a834d882-1648-4f8e-9ed2-2af76b2ecc63@group-205B3418D9EA: changes role from CANDIDATE to LEADER at term 1 for changeToLeader
2019-09-25 07:19:46,919 [a834d882-1648-4f8e-9ed2-2af76b2ecc63@group-205B3418D9EA:LeaderElection81] INFO  impl.RaftServerImpl (ServerState.java:setLeader(253)) - a834d882-1648-4f8e-9ed2-2af76b2ecc63@group-205B3418D9EA: change Leader from null to a834d882-1648-4f8e-9ed2-2af76b2ecc63 at term 1 for becomeLeader, leader elected after 5017ms
2019-09-25 07:19:46,919 [a834d882-1648-4f8e-9ed2-2af76b2ecc63@group-205B3418D9EA:LeaderElection81] INFO  server.RaftServerConfigKeys (ConfUtils.java:logGet(43)) - raft.server.staging.catchup.gap = 1000 (default)
2019-09-25 07:19:46,919 [a834d882-1648-4f8e-9ed2-2af76b2ecc63@group-205B3418D9EA:LeaderElection81] INFO  server.RaftServerConfigKeys (ConfUtils.java:logGet(43)) - raft.server.rpc.sleep.time = 25ms (default)
2019-09-25 07:19:46,919 [a834d882-1648-4f8e-9ed2-2af76b2ecc63@group-205B3418D9EA:LeaderElection81] INFO  server.RaftServerConfigKeys (ConfUtils.java:logGet(43)) - raft.server.write.element-limit = 4096 (default)
2019-09-25 07:19:46,919 [a834d882-1648-4f8e-9ed2-2af76b2ecc63@group-205B3418D9EA:LeaderElection81] INFO  server.RaftServerConfigKeys (ConfUtils.java:logGet(43)) - raft.server.watch.timeout = 10s (default)
2019-09-25 07:19:46,919 [a834d882-1648-4f8e-9ed2-2af76b2ecc63@group-205B3418D9EA:LeaderElection81] INFO  server.RaftServerConfigKeys (ConfUtils.java:logGet(43)) - raft.server.watch.timeout.denomination = 1s (default)
2019-09-25 07:19:46,919 [a834d882-1648-4f8e-9ed2-2af76b2ecc63@group-205B3418D9EA:LeaderElection81] INFO  server.RaftServerConfigKeys (ConfUtils.java:logGet(43)) - raft.server.watch.element-limit = 65536 (default)
2019-09-25 07:19:46,922 [a834d882-1648-4f8e-9ed2-2af76b2ecc63@group-205B3418D9EA:LeaderElection81] INFO  impl.RoleInfo (RoleInfo.java:updateAndGet(143)) - a834d882-1648-4f8e-9ed2-2af76b2ecc63: start LeaderState
2019-09-25 07:19:46,922 [a834d882-1648-4f8e-9ed2-2af76b2ecc63@group-205B3418D9EA:LeaderElection81] INFO  segmented.SegmentedRaftLogWorker (SegmentedRaftLogWorker.java:startLogSegment(380)) - a834d882-1648-4f8e-9ed2-2af76b2ecc63@group-205B3418D9EA-SegmentedRaftLogWorker: Starting segment from index:0
2019-09-25 07:19:46,922 [a834d882-1648-4f8e-9ed2-2af76b2ecc63@group-205B3418D9EA:LeaderElection81] INFO  impl.RaftServerImpl (ServerState.java:setRaftConf(354)) - a834d882-1648-4f8e-9ed2-2af76b2ecc63@group-205B3418D9EA: set configuration 0: [a834d882-1648-4f8e-9ed2-2af76b2ecc63:192.168.30.10:42145], old=null at 0
2019-09-25 07:19:46,950 [Thread-1272] INFO  impl.FollowerState (FollowerState.java:run(106)) - a834d882-1648-4f8e-9ed2-2af76b2ecc63:group-94A5556801AA changes to CANDIDATE, lastRpcTime:5175, electionTimeout:5175ms
2019-09-25 07:19:46,950 [Thread-1272] INFO  impl.RoleInfo (RoleInfo.java:shutdownFollowerState(121)) - a834d882-1648-4f8e-9ed2-2af76b2ecc63: shutdown FollowerState
2019-09-25 07:19:46,950 [Thread-1272] INFO  impl.RaftServerImpl (RaftServerImpl.java:setRole(174)) - a834d882-1648-4f8e-9ed2-2af76b2ecc63@group-94A5556801AA: changes role from  FOLLOWER to CANDIDATE at term 0 for changeToCandidate
2019-09-25 07:19:46,950 [Thread-1272] INFO  impl.RoleInfo (RoleInfo.java:updateAndGet(143)) - a834d882-1648-4f8e-9ed2-2af76b2ecc63: start LeaderElection
2019-09-25 07:19:46,957 [b1599e75-efd0-47a4-8a8f-add4431e6892@group-5F473EBA0DF0-SegmentedRaftLogWorker] INFO  segmented.SegmentedRaftLogWorker (SegmentedRaftLogWorker.java:execute(569)) - b1599e75-efd0-47a4-8a8f-add4431e6892@group-5F473EBA0DF0-SegmentedRaftLogWorker: created new log segment /workdir/hadoop-ozone/ozonefs/target/test-dir/MiniOzoneClusterImpl-a387bd8f-5630-4dea-a733-c907936cb7c3/datanode-2/data/ratis/b2613a13-d5e5-44ea-a57e-5f473eba0df0/current/log_inprogress_0
2019-09-25 07:19:46,957 [a834d882-1648-4f8e-9ed2-2af76b2ecc63@group-94A5556801AA:LeaderElection82] INFO  impl.LeaderElection (LeaderElection.java:askForVotes(182)) - a834d882-1648-4f8e-9ed2-2af76b2ecc63@group-94A5556801AA:LeaderElection82: begin an election at term 1 for -1: [a834d882-1648-4f8e-9ed2-2af76b2ecc63:192.168.30.10:42145], old=null
2019-09-25 07:19:46,957 [a834d882-1648-4f8e-9ed2-2af76b2ecc63@group-94A5556801AA:LeaderElection82] INFO  impl.RoleInfo (RoleInfo.java:shutdownLeaderElection(134)) - a834d882-1648-4f8e-9ed2-2af76b2ecc63: shutdown LeaderElection
2019-09-25 07:19:46,957 [a834d882-1648-4f8e-9ed2-2af76b2ecc63@group-94A5556801AA:LeaderElection82] INFO  impl.RaftServerImpl (RaftServerImpl.java:setRole(174)) - a834d882-1648-4f8e-9ed2-2af76b2ecc63@group-94A5556801AA: changes role from CANDIDATE to LEADER at term 1 for changeToLeader
2019-09-25 07:19:46,957 [a834d882-1648-4f8e-9ed2-2af76b2ecc63@group-94A5556801AA:LeaderElection82] INFO  impl.RaftServerImpl (ServerState.java:setLeader(253)) - a834d882-1648-4f8e-9ed2-2af76b2ecc63@group-94A5556801AA: change Leader from null to a834d882-1648-4f8e-9ed2-2af76b2ecc63 at term 1 for becomeLeader, leader elected after 5186ms
2019-09-25 07:19:46,957 [a834d882-1648-4f8e-9ed2-2af76b2ecc63@group-94A5556801AA:LeaderElection82] INFO  server.RaftServerConfigKeys (ConfUtils.java:logGet(43)) - raft.server.staging.catchup.gap = 1000 (default)
2019-09-25 07:19:46,958 [a834d882-1648-4f8e-9ed2-2af76b2ecc63@group-94A5556801AA:LeaderElection82] INFO  server.RaftServerConfigKeys (ConfUtils.java:logGet(43)) - raft.server.rpc.sleep.time = 25ms (default)
2019-09-25 07:19:46,958 [a834d882-1648-4f8e-9ed2-2af76b2ecc63@group-94A5556801AA:LeaderElection82] INFO  server.RaftServerConfigKeys (ConfUtils.java:logGet(43)) - raft.server.write.element-limit = 4096 (default)
2019-09-25 07:19:46,958 [a834d882-1648-4f8e-9ed2-2af76b2ecc63@group-94A5556801AA:LeaderElection82] INFO  server.RaftServerConfigKeys (ConfUtils.java:logGet(43)) - raft.server.watch.timeout = 10s (default)
2019-09-25 07:19:46,958 [a834d882-1648-4f8e-9ed2-2af76b2ecc63@group-94A5556801AA:LeaderElection82] INFO  server.RaftServerConfigKeys (ConfUtils.java:logGet(43)) - raft.server.watch.timeout.denomination = 1s (default)
2019-09-25 07:19:46,958 [a834d882-1648-4f8e-9ed2-2af76b2ecc63@group-94A5556801AA:LeaderElection82] INFO  server.RaftServerConfigKeys (ConfUtils.java:logGet(43)) - raft.server.watch.element-limit = 65536 (default)
2019-09-25 07:19:46,960 [a834d882-1648-4f8e-9ed2-2af76b2ecc63@group-94A5556801AA:LeaderElection82] INFO  impl.RoleInfo (RoleInfo.java:updateAndGet(143)) - a834d882-1648-4f8e-9ed2-2af76b2ecc63: start LeaderState
2019-09-25 07:19:46,960 [a834d882-1648-4f8e-9ed2-2af76b2ecc63@group-94A5556801AA:LeaderElection82] INFO  segmented.SegmentedRaftLogWorker (SegmentedRaftLogWorker.java:startLogSegment(380)) - a834d882-1648-4f8e-9ed2-2af76b2ecc63@group-94A5556801AA-SegmentedRaftLogWorker: Starting segment from index:0
2019-09-25 07:19:46,961 [a834d882-1648-4f8e-9ed2-2af76b2ecc63@group-94A5556801AA:LeaderElection82] INFO  impl.RaftServerImpl (ServerState.java:setRaftConf(354)) - a834d882-1648-4f8e-9ed2-2af76b2ecc63@group-94A5556801AA: set configuration 0: [a834d882-1648-4f8e-9ed2-2af76b2ecc63:192.168.30.10:42145], old=null at 0
2019-09-25 07:19:46,971 [a834d882-1648-4f8e-9ed2-2af76b2ecc63@group-205B3418D9EA-SegmentedRaftLogWorker] INFO  segmented.SegmentedRaftLogWorker (SegmentedRaftLogWorker.java:execute(569)) - a834d882-1648-4f8e-9ed2-2af76b2ecc63@group-205B3418D9EA-SegmentedRaftLogWorker: created new log segment /workdir/hadoop-ozone/ozonefs/target/test-dir/MiniOzoneClusterImpl-a387bd8f-5630-4dea-a733-c907936cb7c3/datanode-1/data/ratis/b4c65d77-8b97-4442-8a00-205b3418d9ea/current/log_inprogress_0
2019-09-25 07:19:47,002 [Thread-1287] INFO  impl.FollowerState (FollowerState.java:run(106)) - a834d882-1648-4f8e-9ed2-2af76b2ecc63:group-EBB1A2D1FC06 changes to CANDIDATE, lastRpcTime:5017, electionTimeout:5017ms
2019-09-25 07:19:47,003 [a834d882-1648-4f8e-9ed2-2af76b2ecc63@group-94A5556801AA-SegmentedRaftLogWorker] INFO  segmented.SegmentedRaftLogWorker (SegmentedRaftLogWorker.java:execute(569)) - a834d882-1648-4f8e-9ed2-2af76b2ecc63@group-94A5556801AA-SegmentedRaftLogWorker: created new log segment /workdir/hadoop-ozone/ozonefs/target/test-dir/MiniOzoneClusterImpl-a387bd8f-5630-4dea-a733-c907936cb7c3/datanode-1/data/ratis/018905a7-2a81-4e5e-b918-94a5556801aa/current/log_inprogress_0
2019-09-25 07:19:47,003 [Thread-1287] INFO  impl.RoleInfo (RoleInfo.java:shutdownFollowerState(121)) - a834d882-1648-4f8e-9ed2-2af76b2ecc63: shutdown FollowerState
2019-09-25 07:19:47,003 [Thread-1287] INFO  impl.RaftServerImpl (RaftServerImpl.java:setRole(174)) - a834d882-1648-4f8e-9ed2-2af76b2ecc63@group-EBB1A2D1FC06: changes role from  FOLLOWER to CANDIDATE at term 0 for changeToCandidate
2019-09-25 07:19:47,003 [Thread-1287] INFO  impl.RoleInfo (RoleInfo.java:updateAndGet(143)) - a834d882-1648-4f8e-9ed2-2af76b2ecc63: start LeaderElection
2019-09-25 07:19:47,016 [a834d882-1648-4f8e-9ed2-2af76b2ecc63@group-EBB1A2D1FC06:LeaderElection83] INFO  impl.LeaderElection (LeaderElection.java:askForVotes(182)) - a834d882-1648-4f8e-9ed2-2af76b2ecc63@group-EBB1A2D1FC06:LeaderElection83: begin an election at term 1 for -1: [a834d882-1648-4f8e-9ed2-2af76b2ecc63:192.168.30.10:42145], old=null
2019-09-25 07:19:47,016 [a834d882-1648-4f8e-9ed2-2af76b2ecc63@group-EBB1A2D1FC06:LeaderElection83] INFO  impl.RoleInfo (RoleInfo.java:shutdownLeaderElection(134)) - a834d882-1648-4f8e-9ed2-2af76b2ecc63: shutdown LeaderElection
2019-09-25 07:19:47,016 [a834d882-1648-4f8e-9ed2-2af76b2ecc63@group-EBB1A2D1FC06:LeaderElection83] INFO  impl.RaftServerImpl (RaftServerImpl.java:setRole(174)) - a834d882-1648-4f8e-9ed2-2af76b2ecc63@group-EBB1A2D1FC06: changes role from CANDIDATE to LEADER at term 1 for changeToLeader
2019-09-25 07:19:47,016 [a834d882-1648-4f8e-9ed2-2af76b2ecc63@group-EBB1A2D1FC06:LeaderElection83] INFO  impl.RaftServerImpl (ServerState.java:setLeader(253)) - a834d882-1648-4f8e-9ed2-2af76b2ecc63@group-EBB1A2D1FC06: change Leader from null to a834d882-1648-4f8e-9ed2-2af76b2ecc63 at term 1 for becomeLeader, leader elected after 5035ms
2019-09-25 07:19:47,016 [a834d882-1648-4f8e-9ed2-2af76b2ecc63@group-EBB1A2D1FC06:LeaderElection83] INFO  server.RaftServerConfigKeys (ConfUtils.java:logGet(43)) - raft.server.staging.catchup.gap = 1000 (default)
2019-09-25 07:19:47,017 [a834d882-1648-4f8e-9ed2-2af76b2ecc63@group-EBB1A2D1FC06:LeaderElection83] INFO  server.RaftServerConfigKeys (ConfUtils.java:logGet(43)) - raft.server.rpc.sleep.time = 25ms (default)
2019-09-25 07:19:47,017 [a834d882-1648-4f8e-9ed2-2af76b2ecc63@group-EBB1A2D1FC06:LeaderElection83] INFO  server.RaftServerConfigKeys (ConfUtils.java:logGet(43)) - raft.server.write.element-limit = 4096 (default)
2019-09-25 07:19:47,017 [a834d882-1648-4f8e-9ed2-2af76b2ecc63@group-EBB1A2D1FC06:LeaderElection83] INFO  server.RaftServerConfigKeys (ConfUtils.java:logGet(43)) - raft.server.watch.timeout = 10s (default)
2019-09-25 07:19:47,017 [a834d882-1648-4f8e-9ed2-2af76b2ecc63@group-EBB1A2D1FC06:LeaderElection83] INFO  server.RaftServerConfigKeys (ConfUtils.java:logGet(43)) - raft.server.watch.timeout.denomination = 1s (default)
2019-09-25 07:19:47,017 [a834d882-1648-4f8e-9ed2-2af76b2ecc63@group-EBB1A2D1FC06:LeaderElection83] INFO  server.RaftServerConfigKeys (ConfUtils.java:logGet(43)) - raft.server.watch.element-limit = 65536 (default)
2019-09-25 07:19:47,019 [a834d882-1648-4f8e-9ed2-2af76b2ecc63@group-EBB1A2D1FC06:LeaderElection83] INFO  impl.RoleInfo (RoleInfo.java:updateAndGet(143)) - a834d882-1648-4f8e-9ed2-2af76b2ecc63: start LeaderState
2019-09-25 07:19:47,019 [a834d882-1648-4f8e-9ed2-2af76b2ecc63@group-EBB1A2D1FC06:LeaderElection83] INFO  segmented.SegmentedRaftLogWorker (SegmentedRaftLogWorker.java:startLogSegment(380)) - a834d882-1648-4f8e-9ed2-2af76b2ecc63@group-EBB1A2D1FC06-SegmentedRaftLogWorker: Starting segment from index:0
2019-09-25 07:19:47,020 [a834d882-1648-4f8e-9ed2-2af76b2ecc63@group-EBB1A2D1FC06:LeaderElection83] INFO  impl.RaftServerImpl (ServerState.java:setRaftConf(354)) - a834d882-1648-4f8e-9ed2-2af76b2ecc63@group-EBB1A2D1FC06: set configuration 0: [a834d882-1648-4f8e-9ed2-2af76b2ecc63:192.168.30.10:42145], old=null at 0
2019-09-25 07:19:47,030 [Thread-1278] INFO  impl.FollowerState (FollowerState.java:run(106)) - a834d882-1648-4f8e-9ed2-2af76b2ecc63:group-DB2367F5EBA9 changes to CANDIDATE, lastRpcTime:5166, electionTimeout:5166ms
2019-09-25 07:19:47,031 [Thread-1278] INFO  impl.RoleInfo (RoleInfo.java:shutdownFollowerState(121)) - a834d882-1648-4f8e-9ed2-2af76b2ecc63: shutdown FollowerState
2019-09-25 07:19:47,031 [Thread-1278] INFO  impl.RaftServerImpl (RaftServerImpl.java:setRole(174)) - a834d882-1648-4f8e-9ed2-2af76b2ecc63@group-DB2367F5EBA9: changes role from  FOLLOWER to CANDIDATE at term 0 for changeToCandidate
2019-09-25 07:19:47,031 [Thread-1278] INFO  impl.RoleInfo (RoleInfo.java:updateAndGet(143)) - a834d882-1648-4f8e-9ed2-2af76b2ecc63: start LeaderElection
2019-09-25 07:19:47,031 [Thread-1284] INFO  impl.FollowerState (FollowerState.java:run(106)) - a834d882-1648-4f8e-9ed2-2af76b2ecc63:group-622C5252F347 changes to CANDIDATE, lastRpcTime:5085, electionTimeout:5085ms
2019-09-25 07:19:47,032 [Thread-1284] INFO  impl.RoleInfo (RoleInfo.java:shutdownFollowerState(121)) - a834d882-1648-4f8e-9ed2-2af76b2ecc63: shutdown FollowerState
2019-09-25 07:19:47,032 [Thread-1284] INFO  impl.RaftServerImpl (RaftServerImpl.java:setRole(174)) - a834d882-1648-4f8e-9ed2-2af76b2ecc63@group-622C5252F347: changes role from  FOLLOWER to CANDIDATE at term 0 for changeToCandidate
2019-09-25 07:19:47,032 [Thread-1284] INFO  impl.RoleInfo (RoleInfo.java:updateAndGet(143)) - a834d882-1648-4f8e-9ed2-2af76b2ecc63: start LeaderElection
2019-09-25 07:19:47,046 [a834d882-1648-4f8e-9ed2-2af76b2ecc63@group-DB2367F5EBA9:LeaderElection84] INFO  impl.LeaderElection (LeaderElection.java:askForVotes(182)) - a834d882-1648-4f8e-9ed2-2af76b2ecc63@group-DB2367F5EBA9:LeaderElection84: begin an election at term 1 for -1: [a834d882-1648-4f8e-9ed2-2af76b2ecc63:192.168.30.10:42145], old=null
2019-09-25 07:19:47,046 [a834d882-1648-4f8e-9ed2-2af76b2ecc63@group-622C5252F347:LeaderElection85] INFO  impl.LeaderElection (LeaderElection.java:askForVotes(182)) - a834d882-1648-4f8e-9ed2-2af76b2ecc63@group-622C5252F347:LeaderElection85: begin an election at term 1 for -1: [a834d882-1648-4f8e-9ed2-2af76b2ecc63:192.168.30.10:42145], old=null
2019-09-25 07:19:47,046 [a834d882-1648-4f8e-9ed2-2af76b2ecc63@group-DB2367F5EBA9:LeaderElection84] INFO  impl.RoleInfo (RoleInfo.java:shutdownLeaderElection(134)) - a834d882-1648-4f8e-9ed2-2af76b2ecc63: shutdown LeaderElection
2019-09-25 07:19:47,046 [a834d882-1648-4f8e-9ed2-2af76b2ecc63@group-622C5252F347:LeaderElection85] INFO  impl.RoleInfo (RoleInfo.java:shutdownLeaderElection(134)) - a834d882-1648-4f8e-9ed2-2af76b2ecc63: shutdown LeaderElection
2019-09-25 07:19:47,047 [a834d882-1648-4f8e-9ed2-2af76b2ecc63@group-DB2367F5EBA9:LeaderElection84] INFO  impl.RaftServerImpl (RaftServerImpl.java:setRole(174)) - a834d882-1648-4f8e-9ed2-2af76b2ecc63@group-DB2367F5EBA9: changes role from CANDIDATE to LEADER at term 1 for changeToLeader
2019-09-25 07:19:47,047 [a834d882-1648-4f8e-9ed2-2af76b2ecc63@group-622C5252F347:LeaderElection85] INFO  impl.RaftServerImpl (RaftServerImpl.java:setRole(174)) - a834d882-1648-4f8e-9ed2-2af76b2ecc63@group-622C5252F347: changes role from CANDIDATE to LEADER at term 1 for changeToLeader
2019-09-25 07:19:47,047 [a834d882-1648-4f8e-9ed2-2af76b2ecc63@group-DB2367F5EBA9:LeaderElection84] INFO  impl.RaftServerImpl (ServerState.java:setLeader(253)) - a834d882-1648-4f8e-9ed2-2af76b2ecc63@group-DB2367F5EBA9: change Leader from null to a834d882-1648-4f8e-9ed2-2af76b2ecc63 at term 1 for becomeLeader, leader elected after 5188ms
2019-09-25 07:19:47,047 [a834d882-1648-4f8e-9ed2-2af76b2ecc63@group-622C5252F347:LeaderElection85] INFO  impl.RaftServerImpl (ServerState.java:setLeader(253)) - a834d882-1648-4f8e-9ed2-2af76b2ecc63@group-622C5252F347: change Leader from null to a834d882-1648-4f8e-9ed2-2af76b2ecc63 at term 1 for becomeLeader, leader elected after 5105ms
2019-09-25 07:19:47,047 [a834d882-1648-4f8e-9ed2-2af76b2ecc63@group-DB2367F5EBA9:LeaderElection84] INFO  server.RaftServerConfigKeys (ConfUtils.java:logGet(43)) - raft.server.staging.catchup.gap = 1000 (default)
2019-09-25 07:19:47,047 [a834d882-1648-4f8e-9ed2-2af76b2ecc63@group-622C5252F347:LeaderElection85] INFO  server.RaftServerConfigKeys (ConfUtils.java:logGet(43)) - raft.server.staging.catchup.gap = 1000 (default)
2019-09-25 07:19:47,047 [a834d882-1648-4f8e-9ed2-2af76b2ecc63@group-DB2367F5EBA9:LeaderElection84] INFO  server.RaftServerConfigKeys (ConfUtils.java:logGet(43)) - raft.server.rpc.sleep.time = 25ms (default)
2019-09-25 07:19:47,048 [a834d882-1648-4f8e-9ed2-2af76b2ecc63@group-622C5252F347:LeaderElection85] INFO  server.RaftServerConfigKeys (ConfUtils.java:logGet(43)) - raft.server.rpc.sleep.time = 25ms (default)
2019-09-25 07:19:47,048 [a834d882-1648-4f8e-9ed2-2af76b2ecc63@group-DB2367F5EBA9:LeaderElection84] INFO  server.RaftServerConfigKeys (ConfUtils.java:logGet(43)) - raft.server.write.element-limit = 4096 (default)
2019-09-25 07:19:47,048 [a834d882-1648-4f8e-9ed2-2af76b2ecc63@group-622C5252F347:LeaderElection85] INFO  server.RaftServerConfigKeys (ConfUtils.java:logGet(43)) - raft.server.write.element-limit = 4096 (default)
2019-09-25 07:19:47,048 [a834d882-1648-4f8e-9ed2-2af76b2ecc63@group-DB2367F5EBA9:LeaderElection84] INFO  server.RaftServerConfigKeys (ConfUtils.java:logGet(43)) - raft.server.watch.timeout = 10s (default)
2019-09-25 07:19:47,048 [a834d882-1648-4f8e-9ed2-2af76b2ecc63@group-622C5252F347:LeaderElection85] INFO  server.RaftServerConfigKeys (ConfUtils.java:logGet(43)) - raft.server.watch.timeout = 10s (default)
2019-09-25 07:19:47,048 [a834d882-1648-4f8e-9ed2-2af76b2ecc63@group-DB2367F5EBA9:LeaderElection84] INFO  server.RaftServerConfigKeys (ConfUtils.java:logGet(43)) - raft.server.watch.timeout.denomination = 1s (default)
2019-09-25 07:19:47,049 [a834d882-1648-4f8e-9ed2-2af76b2ecc63@group-622C5252F347:LeaderElection85] INFO  server.RaftServerConfigKeys (ConfUtils.java:logGet(43)) - raft.server.watch.timeout.denomination = 1s (default)
2019-09-25 07:19:47,049 [a834d882-1648-4f8e-9ed2-2af76b2ecc63@group-DB2367F5EBA9:LeaderElection84] INFO  server.RaftServerConfigKeys (ConfUtils.java:logGet(43)) - raft.server.watch.element-limit = 65536 (default)
2019-09-25 07:19:47,049 [a834d882-1648-4f8e-9ed2-2af76b2ecc63@group-622C5252F347:LeaderElection85] INFO  server.RaftServerConfigKeys (ConfUtils.java:logGet(43)) - raft.server.watch.element-limit = 65536 (default)
2019-09-25 07:19:47,053 [a834d882-1648-4f8e-9ed2-2af76b2ecc63@group-DB2367F5EBA9:LeaderElection84] INFO  impl.RoleInfo (RoleInfo.java:updateAndGet(143)) - a834d882-1648-4f8e-9ed2-2af76b2ecc63: start LeaderState
2019-09-25 07:19:47,053 [a834d882-1648-4f8e-9ed2-2af76b2ecc63@group-622C5252F347:LeaderElection85] INFO  impl.RoleInfo (RoleInfo.java:updateAndGet(143)) - a834d882-1648-4f8e-9ed2-2af76b2ecc63: start LeaderState
2019-09-25 07:19:47,053 [a834d882-1648-4f8e-9ed2-2af76b2ecc63@group-DB2367F5EBA9:LeaderElection84] INFO  segmented.SegmentedRaftLogWorker (SegmentedRaftLogWorker.java:startLogSegment(380)) - a834d882-1648-4f8e-9ed2-2af76b2ecc63@group-DB2367F5EBA9-SegmentedRaftLogWorker: Starting segment from index:0
2019-09-25 07:19:47,053 [a834d882-1648-4f8e-9ed2-2af76b2ecc63@group-622C5252F347:LeaderElection85] INFO  segmented.SegmentedRaftLogWorker (SegmentedRaftLogWorker.java:startLogSegment(380)) - a834d882-1648-4f8e-9ed2-2af76b2ecc63@group-622C5252F347-SegmentedRaftLogWorker: Starting segment from index:0
2019-09-25 07:19:47,054 [a834d882-1648-4f8e-9ed2-2af76b2ecc63@group-DB2367F5EBA9:LeaderElection84] INFO  impl.RaftServerImpl (ServerState.java:setRaftConf(354)) - a834d882-1648-4f8e-9ed2-2af76b2ecc63@group-DB2367F5EBA9: set configuration 0: [a834d882-1648-4f8e-9ed2-2af76b2ecc63:192.168.30.10:42145], old=null at 0
2019-09-25 07:19:47,054 [a834d882-1648-4f8e-9ed2-2af76b2ecc63@group-622C5252F347:LeaderElection85] INFO  impl.RaftServerImpl (ServerState.java:setRaftConf(354)) - a834d882-1648-4f8e-9ed2-2af76b2ecc63@group-622C5252F347: set configuration 0: [a834d882-1648-4f8e-9ed2-2af76b2ecc63:192.168.30.10:42145], old=null at 0
2019-09-25 07:19:47,064 [a834d882-1648-4f8e-9ed2-2af76b2ecc63@group-EBB1A2D1FC06-SegmentedRaftLogWorker] INFO  segmented.SegmentedRaftLogWorker (SegmentedRaftLogWorker.java:execute(569)) - a834d882-1648-4f8e-9ed2-2af76b2ecc63@group-EBB1A2D1FC06-SegmentedRaftLogWorker: created new log segment /workdir/hadoop-ozone/ozonefs/target/test-dir/MiniOzoneClusterImpl-a387bd8f-5630-4dea-a733-c907936cb7c3/datanode-1/data/ratis/f0440f84-279f-40ee-807d-ebb1a2d1fc06/current/log_inprogress_0
2019-09-25 07:19:47,098 [a834d882-1648-4f8e-9ed2-2af76b2ecc63@group-622C5252F347-SegmentedRaftLogWorker] INFO  segmented.SegmentedRaftLogWorker (SegmentedRaftLogWorker.java:execute(569)) - a834d882-1648-4f8e-9ed2-2af76b2ecc63@group-622C5252F347-SegmentedRaftLogWorker: created new log segment /workdir/hadoop-ozone/ozonefs/target/test-dir/MiniOzoneClusterImpl-a387bd8f-5630-4dea-a733-c907936cb7c3/datanode-1/data/ratis/799c09b7-1db2-4bee-b4a9-622c5252f347/current/log_inprogress_0
2019-09-25 07:19:47,098 [a834d882-1648-4f8e-9ed2-2af76b2ecc63@group-DB2367F5EBA9-SegmentedRaftLogWorker] INFO  segmented.SegmentedRaftLogWorker (SegmentedRaftLogWorker.java:execute(569)) - a834d882-1648-4f8e-9ed2-2af76b2ecc63@group-DB2367F5EBA9-SegmentedRaftLogWorker: created new log segment /workdir/hadoop-ozone/ozonefs/target/test-dir/MiniOzoneClusterImpl-a387bd8f-5630-4dea-a733-c907936cb7c3/datanode-1/data/ratis/6c984b37-10df-4d15-8299-db2367f5eba9/current/log_inprogress_0
2019-09-25 07:19:47,163 [Thread-1290] INFO  impl.FollowerState (FollowerState.java:run(106)) - b1599e75-efd0-47a4-8a8f-add4431e6892:group-B521AEA20E99 changes to CANDIDATE, lastRpcTime:5121, electionTimeout:5121ms
2019-09-25 07:19:47,163 [Thread-1290] INFO  impl.RoleInfo (RoleInfo.java:shutdownFollowerState(121)) - b1599e75-efd0-47a4-8a8f-add4431e6892: shutdown FollowerState
2019-09-25 07:19:47,163 [Thread-1290] INFO  impl.RaftServerImpl (RaftServerImpl.java:setRole(174)) - b1599e75-efd0-47a4-8a8f-add4431e6892@group-B521AEA20E99: changes role from  FOLLOWER to CANDIDATE at term 0 for changeToCandidate
2019-09-25 07:19:47,164 [Thread-1290] INFO  impl.RoleInfo (RoleInfo.java:updateAndGet(143)) - b1599e75-efd0-47a4-8a8f-add4431e6892: start LeaderElection
2019-09-25 07:19:47,177 [b1599e75-efd0-47a4-8a8f-add4431e6892@group-B521AEA20E99:LeaderElection86] INFO  impl.LeaderElection (LeaderElection.java:askForVotes(182)) - b1599e75-efd0-47a4-8a8f-add4431e6892@group-B521AEA20E99:LeaderElection86: begin an election at term 1 for -1: [b1599e75-efd0-47a4-8a8f-add4431e6892:192.168.30.10:42922], old=null
2019-09-25 07:19:47,177 [b1599e75-efd0-47a4-8a8f-add4431e6892@group-B521AEA20E99:LeaderElection86] INFO  impl.RoleInfo (RoleInfo.java:shutdownLeaderElection(134)) - b1599e75-efd0-47a4-8a8f-add4431e6892: shutdown LeaderElection
2019-09-25 07:19:47,178 [b1599e75-efd0-47a4-8a8f-add4431e6892@group-B521AEA20E99:LeaderElection86] INFO  impl.RaftServerImpl (RaftServerImpl.java:setRole(174)) - b1599e75-efd0-47a4-8a8f-add4431e6892@group-B521AEA20E99: changes role from CANDIDATE to LEADER at term 1 for changeToLeader
2019-09-25 07:19:47,178 [b1599e75-efd0-47a4-8a8f-add4431e6892@group-B521AEA20E99:LeaderElection86] INFO  impl.RaftServerImpl (ServerState.java:setLeader(253)) - b1599e75-efd0-47a4-8a8f-add4431e6892@group-B521AEA20E99: change Leader from null to b1599e75-efd0-47a4-8a8f-add4431e6892 at term 1 for becomeLeader, leader elected after 5142ms
2019-09-25 07:19:47,178 [b1599e75-efd0-47a4-8a8f-add4431e6892@group-B521AEA20E99:LeaderElection86] INFO  server.RaftServerConfigKeys (ConfUtils.java:logGet(43)) - raft.server.staging.catchup.gap = 1000 (default)
2019-09-25 07:19:47,178 [b1599e75-efd0-47a4-8a8f-add4431e6892@group-B521AEA20E99:LeaderElection86] INFO  server.RaftServerConfigKeys (ConfUtils.java:logGet(43)) - raft.server.rpc.sleep.time = 25ms (default)
2019-09-25 07:19:47,178 [b1599e75-efd0-47a4-8a8f-add4431e6892@group-B521AEA20E99:LeaderElection86] INFO  server.RaftServerConfigKeys (ConfUtils.java:logGet(43)) - raft.server.write.element-limit = 4096 (default)
2019-09-25 07:19:47,178 [b1599e75-efd0-47a4-8a8f-add4431e6892@group-B521AEA20E99:LeaderElection86] INFO  server.RaftServerConfigKeys (ConfUtils.java:logGet(43)) - raft.server.watch.timeout = 10s (default)
2019-09-25 07:19:47,178 [b1599e75-efd0-47a4-8a8f-add4431e6892@group-B521AEA20E99:LeaderElection86] INFO  server.RaftServerConfigKeys (ConfUtils.java:logGet(43)) - raft.server.watch.timeout.denomination = 1s (default)
2019-09-25 07:19:47,178 [b1599e75-efd0-47a4-8a8f-add4431e6892@group-B521AEA20E99:LeaderElection86] INFO  server.RaftServerConfigKeys (ConfUtils.java:logGet(43)) - raft.server.watch.element-limit = 65536 (default)
2019-09-25 07:19:47,180 [b1599e75-efd0-47a4-8a8f-add4431e6892@group-B521AEA20E99:LeaderElection86] INFO  impl.RoleInfo (RoleInfo.java:updateAndGet(143)) - b1599e75-efd0-47a4-8a8f-add4431e6892: start LeaderState
2019-09-25 07:19:47,180 [b1599e75-efd0-47a4-8a8f-add4431e6892@group-B521AEA20E99:LeaderElection86] INFO  segmented.SegmentedRaftLogWorker (SegmentedRaftLogWorker.java:startLogSegment(380)) - b1599e75-efd0-47a4-8a8f-add4431e6892@group-B521AEA20E99-SegmentedRaftLogWorker: Starting segment from index:0
2019-09-25 07:19:47,181 [b1599e75-efd0-47a4-8a8f-add4431e6892@group-B521AEA20E99:LeaderElection86] INFO  impl.RaftServerImpl (ServerState.java:setRaftConf(354)) - b1599e75-efd0-47a4-8a8f-add4431e6892@group-B521AEA20E99: set configuration 0: [b1599e75-efd0-47a4-8a8f-add4431e6892:192.168.30.10:42922], old=null at 0
2019-09-25 07:19:47,195 [Thread-1296] INFO  impl.FollowerState (FollowerState.java:run(106)) - b1599e75-efd0-47a4-8a8f-add4431e6892:group-8DF55260F6DB changes to CANDIDATE, lastRpcTime:5066, electionTimeout:5066ms
2019-09-25 07:19:47,195 [Thread-1296] INFO  impl.RoleInfo (RoleInfo.java:shutdownFollowerState(121)) - b1599e75-efd0-47a4-8a8f-add4431e6892: shutdown FollowerState
2019-09-25 07:19:47,195 [Thread-1296] INFO  impl.RaftServerImpl (RaftServerImpl.java:setRole(174)) - b1599e75-efd0-47a4-8a8f-add4431e6892@group-8DF55260F6DB: changes role from  FOLLOWER to CANDIDATE at term 0 for changeToCandidate
2019-09-25 07:19:47,195 [Thread-1296] INFO  impl.RoleInfo (RoleInfo.java:updateAndGet(143)) - b1599e75-efd0-47a4-8a8f-add4431e6892: start LeaderElection
2019-09-25 07:19:47,202 [b1599e75-efd0-47a4-8a8f-add4431e6892@group-8DF55260F6DB:LeaderElection87] INFO  impl.LeaderElection (LeaderElection.java:askForVotes(182)) - b1599e75-efd0-47a4-8a8f-add4431e6892@group-8DF55260F6DB:LeaderElection87: begin an election at term 1 for -1: [b1599e75-efd0-47a4-8a8f-add4431e6892:192.168.30.10:42922], old=null
2019-09-25 07:19:47,203 [b1599e75-efd0-47a4-8a8f-add4431e6892@group-8DF55260F6DB:LeaderElection87] INFO  impl.RoleInfo (RoleInfo.java:shutdownLeaderElection(134)) - b1599e75-efd0-47a4-8a8f-add4431e6892: shutdown LeaderElection
2019-09-25 07:19:47,203 [b1599e75-efd0-47a4-8a8f-add4431e6892@group-8DF55260F6DB:LeaderElection87] INFO  impl.RaftServerImpl (RaftServerImpl.java:setRole(174)) - b1599e75-efd0-47a4-8a8f-add4431e6892@group-8DF55260F6DB: changes role from CANDIDATE to LEADER at term 1 for changeToLeader
2019-09-25 07:19:47,203 [b1599e75-efd0-47a4-8a8f-add4431e6892@group-8DF55260F6DB:LeaderElection87] INFO  impl.RaftServerImpl (ServerState.java:setLeader(253)) - b1599e75-efd0-47a4-8a8f-add4431e6892@group-8DF55260F6DB: change Leader from null to b1599e75-efd0-47a4-8a8f-add4431e6892 at term 1 for becomeLeader, leader elected after 5079ms
2019-09-25 07:19:47,203 [b1599e75-efd0-47a4-8a8f-add4431e6892@group-8DF55260F6DB:LeaderElection87] INFO  server.RaftServerConfigKeys (ConfUtils.java:logGet(43)) - raft.server.staging.catchup.gap = 1000 (default)
2019-09-25 07:19:47,203 [b1599e75-efd0-47a4-8a8f-add4431e6892@group-8DF55260F6DB:LeaderElection87] INFO  server.RaftServerConfigKeys (ConfUtils.java:logGet(43)) - raft.server.rpc.sleep.time = 25ms (default)
2019-09-25 07:19:47,203 [b1599e75-efd0-47a4-8a8f-add4431e6892@group-8DF55260F6DB:LeaderElection87] INFO  server.RaftServerConfigKeys (ConfUtils.java:logGet(43)) - raft.server.write.element-limit = 4096 (default)
2019-09-25 07:19:47,203 [b1599e75-efd0-47a4-8a8f-add4431e6892@group-8DF55260F6DB:LeaderElection87] INFO  server.RaftServerConfigKeys (ConfUtils.java:logGet(43)) - raft.server.watch.timeout = 10s (default)
2019-09-25 07:19:47,204 [b1599e75-efd0-47a4-8a8f-add4431e6892@group-8DF55260F6DB:LeaderElection87] INFO  server.RaftServerConfigKeys (ConfUtils.java:logGet(43)) - raft.server.watch.timeout.denomination = 1s (default)
2019-09-25 07:19:47,204 [b1599e75-efd0-47a4-8a8f-add4431e6892@group-8DF55260F6DB:LeaderElection87] INFO  server.RaftServerConfigKeys (ConfUtils.java:logGet(43)) - raft.server.watch.element-limit = 65536 (default)
2019-09-25 07:19:47,206 [b1599e75-efd0-47a4-8a8f-add4431e6892@group-8DF55260F6DB:LeaderElection87] INFO  impl.RoleInfo (RoleInfo.java:updateAndGet(143)) - b1599e75-efd0-47a4-8a8f-add4431e6892: start LeaderState
2019-09-25 07:19:47,206 [b1599e75-efd0-47a4-8a8f-add4431e6892@group-8DF55260F6DB:LeaderElection87] INFO  segmented.SegmentedRaftLogWorker (SegmentedRaftLogWorker.java:startLogSegment(380)) - b1599e75-efd0-47a4-8a8f-add4431e6892@group-8DF55260F6DB-SegmentedRaftLogWorker: Starting segment from index:0
2019-09-25 07:19:47,206 [b1599e75-efd0-47a4-8a8f-add4431e6892@group-8DF55260F6DB:LeaderElection87] INFO  impl.RaftServerImpl (ServerState.java:setRaftConf(354)) - b1599e75-efd0-47a4-8a8f-add4431e6892@group-8DF55260F6DB: set configuration 0: [b1599e75-efd0-47a4-8a8f-add4431e6892:192.168.30.10:42922], old=null at 0
2019-09-25 07:19:47,214 [Thread-1293] INFO  impl.FollowerState (FollowerState.java:run(106)) - b1599e75-efd0-47a4-8a8f-add4431e6892:group-589820438939 changes to CANDIDATE, lastRpcTime:5129, electionTimeout:5129ms
2019-09-25 07:19:47,215 [Thread-1293] INFO  impl.RoleInfo (RoleInfo.java:shutdownFollowerState(121)) - b1599e75-efd0-47a4-8a8f-add4431e6892: shutdown FollowerState
2019-09-25 07:19:47,215 [Thread-1293] INFO  impl.RaftServerImpl (RaftServerImpl.java:setRole(174)) - b1599e75-efd0-47a4-8a8f-add4431e6892@group-589820438939: changes role from  FOLLOWER to CANDIDATE at term 0 for changeToCandidate
2019-09-25 07:19:47,215 [Thread-1293] INFO  impl.RoleInfo (RoleInfo.java:updateAndGet(143)) - b1599e75-efd0-47a4-8a8f-add4431e6892: start LeaderElection
2019-09-25 07:19:47,229 [b1599e75-efd0-47a4-8a8f-add4431e6892@group-B521AEA20E99-SegmentedRaftLogWorker] INFO  segmented.SegmentedRaftLogWorker (SegmentedRaftLogWorker.java:execute(569)) - b1599e75-efd0-47a4-8a8f-add4431e6892@group-B521AEA20E99-SegmentedRaftLogWorker: created new log segment /workdir/hadoop-ozone/ozonefs/target/test-dir/MiniOzoneClusterImpl-a387bd8f-5630-4dea-a733-c907936cb7c3/datanode-2/data/ratis/614d72a1-5b55-4d58-b2a9-b521aea20e99/current/log_inprogress_0
2019-09-25 07:19:47,229 [b1599e75-efd0-47a4-8a8f-add4431e6892@group-589820438939:LeaderElection88] INFO  impl.LeaderElection (LeaderElection.java:askForVotes(182)) - b1599e75-efd0-47a4-8a8f-add4431e6892@group-589820438939:LeaderElection88: begin an election at term 1 for -1: [b1599e75-efd0-47a4-8a8f-add4431e6892:192.168.30.10:42922], old=null
2019-09-25 07:19:47,230 [b1599e75-efd0-47a4-8a8f-add4431e6892@group-589820438939:LeaderElection88] INFO  impl.RoleInfo (RoleInfo.java:shutdownLeaderElection(134)) - b1599e75-efd0-47a4-8a8f-add4431e6892: shutdown LeaderElection
2019-09-25 07:19:47,230 [b1599e75-efd0-47a4-8a8f-add4431e6892@group-589820438939:LeaderElection88] INFO  impl.RaftServerImpl (RaftServerImpl.java:setRole(174)) - b1599e75-efd0-47a4-8a8f-add4431e6892@group-589820438939: changes role from CANDIDATE to LEADER at term 1 for changeToLeader
2019-09-25 07:19:47,230 [b1599e75-efd0-47a4-8a8f-add4431e6892@group-589820438939:LeaderElection88] INFO  impl.RaftServerImpl (ServerState.java:setLeader(253)) - b1599e75-efd0-47a4-8a8f-add4431e6892@group-589820438939: change Leader from null to b1599e75-efd0-47a4-8a8f-add4431e6892 at term 1 for becomeLeader, leader elected after 5150ms
2019-09-25 07:19:47,230 [b1599e75-efd0-47a4-8a8f-add4431e6892@group-589820438939:LeaderElection88] INFO  server.RaftServerConfigKeys (ConfUtils.java:logGet(43)) - raft.server.staging.catchup.gap = 1000 (default)
2019-09-25 07:19:47,230 [b1599e75-efd0-47a4-8a8f-add4431e6892@group-589820438939:LeaderElection88] INFO  server.RaftServerConfigKeys (ConfUtils.java:logGet(43)) - raft.server.rpc.sleep.time = 25ms (default)
2019-09-25 07:19:47,230 [b1599e75-efd0-47a4-8a8f-add4431e6892@group-589820438939:LeaderElection88] INFO  server.RaftServerConfigKeys (ConfUtils.java:logGet(43)) - raft.server.write.element-limit = 4096 (default)
2019-09-25 07:19:47,231 [b1599e75-efd0-47a4-8a8f-add4431e6892@group-589820438939:LeaderElection88] INFO  server.RaftServerConfigKeys (ConfUtils.java:logGet(43)) - raft.server.watch.timeout = 10s (default)
2019-09-25 07:19:47,231 [b1599e75-efd0-47a4-8a8f-add4431e6892@group-589820438939:LeaderElection88] INFO  server.RaftServerConfigKeys (ConfUtils.java:logGet(43)) - raft.server.watch.timeout.denomination = 1s (default)
2019-09-25 07:19:47,231 [b1599e75-efd0-47a4-8a8f-add4431e6892@group-589820438939:LeaderElection88] INFO  server.RaftServerConfigKeys (ConfUtils.java:logGet(43)) - raft.server.watch.element-limit = 65536 (default)
2019-09-25 07:19:47,233 [b1599e75-efd0-47a4-8a8f-add4431e6892@group-589820438939:LeaderElection88] INFO  impl.RoleInfo (RoleInfo.java:updateAndGet(143)) - b1599e75-efd0-47a4-8a8f-add4431e6892: start LeaderState
2019-09-25 07:19:47,233 [b1599e75-efd0-47a4-8a8f-add4431e6892@group-589820438939:LeaderElection88] INFO  segmented.SegmentedRaftLogWorker (SegmentedRaftLogWorker.java:startLogSegment(380)) - b1599e75-efd0-47a4-8a8f-add4431e6892@group-589820438939-SegmentedRaftLogWorker: Starting segment from index:0
2019-09-25 07:19:47,233 [b1599e75-efd0-47a4-8a8f-add4431e6892@group-589820438939:LeaderElection88] INFO  impl.RaftServerImpl (ServerState.java:setRaftConf(354)) - b1599e75-efd0-47a4-8a8f-add4431e6892@group-589820438939: set configuration 0: [b1599e75-efd0-47a4-8a8f-add4431e6892:192.168.30.10:42922], old=null at 0
2019-09-25 07:19:47,243 [b1599e75-efd0-47a4-8a8f-add4431e6892@group-8DF55260F6DB-SegmentedRaftLogWorker] INFO  segmented.SegmentedRaftLogWorker (SegmentedRaftLogWorker.java:execute(569)) - b1599e75-efd0-47a4-8a8f-add4431e6892@group-8DF55260F6DB-SegmentedRaftLogWorker: created new log segment /workdir/hadoop-ozone/ozonefs/target/test-dir/MiniOzoneClusterImpl-a387bd8f-5630-4dea-a733-c907936cb7c3/datanode-2/data/ratis/d255328a-c0a6-4c5a-b62a-8df55260f6db/current/log_inprogress_0
2019-09-25 07:19:47,254 [Thread-1299] INFO  impl.FollowerState (FollowerState.java:run(106)) - b1599e75-efd0-47a4-8a8f-add4431e6892:group-1D9DE29367E1 changes to CANDIDATE, lastRpcTime:5084, electionTimeout:5084ms
2019-09-25 07:19:47,254 [Thread-1299] INFO  impl.RoleInfo (RoleInfo.java:shutdownFollowerState(121)) - b1599e75-efd0-47a4-8a8f-add4431e6892: shutdown FollowerState
2019-09-25 07:19:47,255 [Thread-1299] INFO  impl.RaftServerImpl (RaftServerImpl.java:setRole(174)) - b1599e75-efd0-47a4-8a8f-add4431e6892@group-1D9DE29367E1: changes role from  FOLLOWER to CANDIDATE at term 0 for changeToCandidate
2019-09-25 07:19:47,255 [Thread-1299] INFO  impl.RoleInfo (RoleInfo.java:updateAndGet(143)) - b1599e75-efd0-47a4-8a8f-add4431e6892: start LeaderElection
2019-09-25 07:19:47,269 [b1599e75-efd0-47a4-8a8f-add4431e6892@group-589820438939-SegmentedRaftLogWorker] INFO  segmented.SegmentedRaftLogWorker (SegmentedRaftLogWorker.java:execute(569)) - b1599e75-efd0-47a4-8a8f-add4431e6892@group-589820438939-SegmentedRaftLogWorker: created new log segment /workdir/hadoop-ozone/ozonefs/target/test-dir/MiniOzoneClusterImpl-a387bd8f-5630-4dea-a733-c907936cb7c3/datanode-2/data/ratis/031cfed7-8cb8-4ce3-a4d3-589820438939/current/log_inprogress_0
2019-09-25 07:19:47,269 [b1599e75-efd0-47a4-8a8f-add4431e6892@group-1D9DE29367E1:LeaderElection89] INFO  impl.LeaderElection (LeaderElection.java:askForVotes(182)) - b1599e75-efd0-47a4-8a8f-add4431e6892@group-1D9DE29367E1:LeaderElection89: begin an election at term 1 for -1: [b1599e75-efd0-47a4-8a8f-add4431e6892:192.168.30.10:42922], old=null
2019-09-25 07:19:47,269 [b1599e75-efd0-47a4-8a8f-add4431e6892@group-1D9DE29367E1:LeaderElection89] INFO  impl.RoleInfo (RoleInfo.java:shutdownLeaderElection(134)) - b1599e75-efd0-47a4-8a8f-add4431e6892: shutdown LeaderElection
2019-09-25 07:19:47,269 [b1599e75-efd0-47a4-8a8f-add4431e6892@group-1D9DE29367E1:LeaderElection89] INFO  impl.RaftServerImpl (RaftServerImpl.java:setRole(174)) - b1599e75-efd0-47a4-8a8f-add4431e6892@group-1D9DE29367E1: changes role from CANDIDATE to LEADER at term 1 for changeToLeader
2019-09-25 07:19:47,269 [b1599e75-efd0-47a4-8a8f-add4431e6892@group-1D9DE29367E1:LeaderElection89] INFO  impl.RaftServerImpl (ServerState.java:setLeader(253)) - b1599e75-efd0-47a4-8a8f-add4431e6892@group-1D9DE29367E1: change Leader from null to b1599e75-efd0-47a4-8a8f-add4431e6892 at term 1 for becomeLeader, leader elected after 5104ms
2019-09-25 07:19:47,270 [b1599e75-efd0-47a4-8a8f-add4431e6892@group-1D9DE29367E1:LeaderElection89] INFO  server.RaftServerConfigKeys (ConfUtils.java:logGet(43)) - raft.server.staging.catchup.gap = 1000 (default)
2019-09-25 07:19:47,270 [b1599e75-efd0-47a4-8a8f-add4431e6892@group-1D9DE29367E1:LeaderElection89] INFO  server.RaftServerConfigKeys (ConfUtils.java:logGet(43)) - raft.server.rpc.sleep.time = 25ms (default)
2019-09-25 07:19:47,270 [b1599e75-efd0-47a4-8a8f-add4431e6892@group-1D9DE29367E1:LeaderElection89] INFO  server.RaftServerConfigKeys (ConfUtils.java:logGet(43)) - raft.server.write.element-limit = 4096 (default)
2019-09-25 07:19:47,270 [b1599e75-efd0-47a4-8a8f-add4431e6892@group-1D9DE29367E1:LeaderElection89] INFO  server.RaftServerConfigKeys (ConfUtils.java:logGet(43)) - raft.server.watch.timeout = 10s (default)
2019-09-25 07:19:47,270 [b1599e75-efd0-47a4-8a8f-add4431e6892@group-1D9DE29367E1:LeaderElection89] INFO  server.RaftServerConfigKeys (ConfUtils.java:logGet(43)) - raft.server.watch.timeout.denomination = 1s (default)
2019-09-25 07:19:47,270 [b1599e75-efd0-47a4-8a8f-add4431e6892@group-1D9DE29367E1:LeaderElection89] INFO  server.RaftServerConfigKeys (ConfUtils.java:logGet(43)) - raft.server.watch.element-limit = 65536 (default)
2019-09-25 07:19:47,272 [b1599e75-efd0-47a4-8a8f-add4431e6892@group-1D9DE29367E1:LeaderElection89] INFO  impl.RoleInfo (RoleInfo.java:updateAndGet(143)) - b1599e75-efd0-47a4-8a8f-add4431e6892: start LeaderState
2019-09-25 07:19:47,272 [b1599e75-efd0-47a4-8a8f-add4431e6892@group-1D9DE29367E1:LeaderElection89] INFO  segmented.SegmentedRaftLogWorker (SegmentedRaftLogWorker.java:startLogSegment(380)) - b1599e75-efd0-47a4-8a8f-add4431e6892@group-1D9DE29367E1-SegmentedRaftLogWorker: Starting segment from index:0
2019-09-25 07:19:47,273 [b1599e75-efd0-47a4-8a8f-add4431e6892@group-1D9DE29367E1:LeaderElection89] INFO  impl.RaftServerImpl (ServerState.java:setRaftConf(354)) - b1599e75-efd0-47a4-8a8f-add4431e6892@group-1D9DE29367E1: set configuration 0: [b1599e75-efd0-47a4-8a8f-add4431e6892:192.168.30.10:42922], old=null at 0
2019-09-25 07:19:47,328 [Thread-1302] INFO  impl.FollowerState (FollowerState.java:run(106)) - b1599e75-efd0-47a4-8a8f-add4431e6892:group-AE1E0315830E changes to CANDIDATE, lastRpcTime:5114, electionTimeout:5114ms
2019-09-25 07:19:47,328 [Thread-1302] INFO  impl.RoleInfo (RoleInfo.java:shutdownFollowerState(121)) - b1599e75-efd0-47a4-8a8f-add4431e6892: shutdown FollowerState
2019-09-25 07:19:47,328 [Thread-1302] INFO  impl.RaftServerImpl (RaftServerImpl.java:setRole(174)) - b1599e75-efd0-47a4-8a8f-add4431e6892@group-AE1E0315830E: changes role from  FOLLOWER to CANDIDATE at term 0 for changeToCandidate
2019-09-25 07:19:47,328 [Thread-1302] INFO  impl.RoleInfo (RoleInfo.java:updateAndGet(143)) - b1599e75-efd0-47a4-8a8f-add4431e6892: start LeaderElection
2019-09-25 07:19:47,335 [b1599e75-efd0-47a4-8a8f-add4431e6892@group-1D9DE29367E1-SegmentedRaftLogWorker] INFO  segmented.SegmentedRaftLogWorker (SegmentedRaftLogWorker.java:execute(569)) - b1599e75-efd0-47a4-8a8f-add4431e6892@group-1D9DE29367E1-SegmentedRaftLogWorker: created new log segment /workdir/hadoop-ozone/ozonefs/target/test-dir/MiniOzoneClusterImpl-a387bd8f-5630-4dea-a733-c907936cb7c3/datanode-2/data/ratis/a2e5ffb4-e812-4b4d-b011-1d9de29367e1/current/log_inprogress_0
2019-09-25 07:19:47,337 [b1599e75-efd0-47a4-8a8f-add4431e6892@group-AE1E0315830E:LeaderElection90] INFO  impl.LeaderElection (LeaderElection.java:askForVotes(182)) - b1599e75-efd0-47a4-8a8f-add4431e6892@group-AE1E0315830E:LeaderElection90: begin an election at term 1 for -1: [b1599e75-efd0-47a4-8a8f-add4431e6892:192.168.30.10:42922], old=null
2019-09-25 07:19:47,337 [b1599e75-efd0-47a4-8a8f-add4431e6892@group-AE1E0315830E:LeaderElection90] INFO  impl.RoleInfo (RoleInfo.java:shutdownLeaderElection(134)) - b1599e75-efd0-47a4-8a8f-add4431e6892: shutdown LeaderElection
2019-09-25 07:19:47,337 [b1599e75-efd0-47a4-8a8f-add4431e6892@group-AE1E0315830E:LeaderElection90] INFO  impl.RaftServerImpl (RaftServerImpl.java:setRole(174)) - b1599e75-efd0-47a4-8a8f-add4431e6892@group-AE1E0315830E: changes role from CANDIDATE to LEADER at term 1 for changeToLeader
2019-09-25 07:19:47,337 [b1599e75-efd0-47a4-8a8f-add4431e6892@group-AE1E0315830E:LeaderElection90] INFO  impl.RaftServerImpl (ServerState.java:setLeader(253)) - b1599e75-efd0-47a4-8a8f-add4431e6892@group-AE1E0315830E: change Leader from null to b1599e75-efd0-47a4-8a8f-add4431e6892 at term 1 for becomeLeader, leader elected after 5130ms
2019-09-25 07:19:47,338 [b1599e75-efd0-47a4-8a8f-add4431e6892@group-AE1E0315830E:LeaderElection90] INFO  server.RaftServerConfigKeys (ConfUtils.java:logGet(43)) - raft.server.staging.catchup.gap = 1000 (default)
2019-09-25 07:19:47,338 [b1599e75-efd0-47a4-8a8f-add4431e6892@group-AE1E0315830E:LeaderElection90] INFO  server.RaftServerConfigKeys (ConfUtils.java:logGet(43)) - raft.server.rpc.sleep.time = 25ms (default)
2019-09-25 07:19:47,338 [b1599e75-efd0-47a4-8a8f-add4431e6892@group-AE1E0315830E:LeaderElection90] INFO  server.RaftServerConfigKeys (ConfUtils.java:logGet(43)) - raft.server.write.element-limit = 4096 (default)
2019-09-25 07:19:47,338 [b1599e75-efd0-47a4-8a8f-add4431e6892@group-AE1E0315830E:LeaderElection90] INFO  server.RaftServerConfigKeys (ConfUtils.java:logGet(43)) - raft.server.watch.timeout = 10s (default)
2019-09-25 07:19:47,338 [b1599e75-efd0-47a4-8a8f-add4431e6892@group-AE1E0315830E:LeaderElection90] INFO  server.RaftServerConfigKeys (ConfUtils.java:logGet(43)) - raft.server.watch.timeout.denomination = 1s (default)
2019-09-25 07:19:47,338 [b1599e75-efd0-47a4-8a8f-add4431e6892@group-AE1E0315830E:LeaderElection90] INFO  server.RaftServerConfigKeys (ConfUtils.java:logGet(43)) - raft.server.watch.element-limit = 65536 (default)
2019-09-25 07:19:47,340 [b1599e75-efd0-47a4-8a8f-add4431e6892@group-AE1E0315830E:LeaderElection90] INFO  impl.RoleInfo (RoleInfo.java:updateAndGet(143)) - b1599e75-efd0-47a4-8a8f-add4431e6892: start LeaderState
2019-09-25 07:19:47,340 [b1599e75-efd0-47a4-8a8f-add4431e6892@group-AE1E0315830E:LeaderElection90] INFO  segmented.SegmentedRaftLogWorker (SegmentedRaftLogWorker.java:startLogSegment(380)) - b1599e75-efd0-47a4-8a8f-add4431e6892@group-AE1E0315830E-SegmentedRaftLogWorker: Starting segment from index:0
2019-09-25 07:19:47,341 [b1599e75-efd0-47a4-8a8f-add4431e6892@group-AE1E0315830E:LeaderElection90] INFO  impl.RaftServerImpl (ServerState.java:setRaftConf(354)) - b1599e75-efd0-47a4-8a8f-add4431e6892@group-AE1E0315830E: set configuration 0: [b1599e75-efd0-47a4-8a8f-add4431e6892:192.168.30.10:42922], old=null at 0
2019-09-25 07:19:47,390 [b1599e75-efd0-47a4-8a8f-add4431e6892@group-AE1E0315830E-SegmentedRaftLogWorker] INFO  segmented.SegmentedRaftLogWorker (SegmentedRaftLogWorker.java:execute(569)) - b1599e75-efd0-47a4-8a8f-add4431e6892@group-AE1E0315830E-SegmentedRaftLogWorker: created new log segment /workdir/hadoop-ozone/ozonefs/target/test-dir/MiniOzoneClusterImpl-a387bd8f-5630-4dea-a733-c907936cb7c3/datanode-2/data/ratis/726246e7-6e45-4985-af92-ae1e0315830e/current/log_inprogress_0
2019-09-25 07:19:47,771 [Thread-1077] INFO  ozoneimpl.OzoneContainer (OzoneContainer.java:stop(231)) - Attempting to stop container services.
2019-09-25 07:19:47,772 [ForkJoinPool.commonPool-worker-0] INFO  ozoneimpl.OzoneContainer (OzoneContainer.java:stop(231)) - Attempting to stop container services.
2019-09-25 07:19:47,772 [Thread-1077] INFO  impl.RaftServerProxy (RaftServerProxy.java:lambda$close$4(314)) - a834d882-1648-4f8e-9ed2-2af76b2ecc63: close
2019-09-25 07:19:47,772 [ForkJoinPool.commonPool-worker-0] INFO  impl.RaftServerProxy (RaftServerProxy.java:lambda$close$4(314)) - b90c4d13-5cd9-4e8f-bf45-3a1fa48f671f: close
2019-09-25 07:19:47,773 [Thread-1077] INFO  impl.RaftServerImpl (RaftServerImpl.java:lambda$shutdown$3(251)) - a834d882-1648-4f8e-9ed2-2af76b2ecc63@group-622C5252F347: shutdown
2019-09-25 07:19:47,773 [ForkJoinPool.commonPool-worker-0] INFO  impl.RaftServerImpl (RaftServerImpl.java:lambda$shutdown$3(251)) - b90c4d13-5cd9-4e8f-bf45-3a1fa48f671f@group-85B10F1C8ECE: shutdown
2019-09-25 07:19:47,773 [Thread-1077] INFO  util.JmxRegister (JmxRegister.java:unregister(73)) - Successfully un-registered JMX Bean with object name Ratis:service=RaftServer,group=group-622C5252F347,id=a834d882-1648-4f8e-9ed2-2af76b2ecc63
2019-09-25 07:19:47,773 [ForkJoinPool.commonPool-worker-0] INFO  util.JmxRegister (JmxRegister.java:unregister(73)) - Successfully un-registered JMX Bean with object name Ratis:service=RaftServer,group=group-85B10F1C8ECE,id=b90c4d13-5cd9-4e8f-bf45-3a1fa48f671f
2019-09-25 07:19:47,774 [Thread-1077] INFO  impl.RoleInfo (RoleInfo.java:shutdownLeaderState(104)) - a834d882-1648-4f8e-9ed2-2af76b2ecc63: shutdown LeaderState
2019-09-25 07:19:47,774 [ForkJoinPool.commonPool-worker-0] INFO  impl.RoleInfo (RoleInfo.java:shutdownLeaderState(104)) - b90c4d13-5cd9-4e8f-bf45-3a1fa48f671f: shutdown LeaderState
2019-09-25 07:19:47,774 [Thread-1077] INFO  impl.PendingRequests (PendingRequests.java:sendNotLeaderResponses(202)) - a834d882-1648-4f8e-9ed2-2af76b2ecc63-PendingRequests: sendNotLeaderResponses
2019-09-25 07:19:47,775 [ForkJoinPool.commonPool-worker-0] INFO  impl.PendingRequests (PendingRequests.java:sendNotLeaderResponses(202)) - b90c4d13-5cd9-4e8f-bf45-3a1fa48f671f-PendingRequests: sendNotLeaderResponses
2019-09-25 07:19:47,775 [Thread-1077] INFO  impl.StateMachineUpdater (StateMachineUpdater.java:stopAndJoin(125)) - a834d882-1648-4f8e-9ed2-2af76b2ecc63@group-622C5252F347-StateMachineUpdater: set stopIndex = 0
2019-09-25 07:19:47,775 [ForkJoinPool.commonPool-worker-0] INFO  impl.StateMachineUpdater (StateMachineUpdater.java:stopAndJoin(125)) - b90c4d13-5cd9-4e8f-bf45-3a1fa48f671f@group-85B10F1C8ECE-StateMachineUpdater: set stopIndex = 0
2019-09-25 07:19:47,776 [Thread-1077] INFO  impl.RaftServerImpl (ServerState.java:close(385)) - a834d882-1648-4f8e-9ed2-2af76b2ecc63@group-622C5252F347: closes. applyIndex: 0
2019-09-25 07:19:47,776 [ForkJoinPool.commonPool-worker-0] INFO  impl.RaftServerImpl (ServerState.java:close(385)) - b90c4d13-5cd9-4e8f-bf45-3a1fa48f671f@group-85B10F1C8ECE: closes. applyIndex: 0
2019-09-25 07:19:47,776 [a834d882-1648-4f8e-9ed2-2af76b2ecc63@group-622C5252F347-SegmentedRaftLogWorker] INFO  segmented.SegmentedRaftLogWorker (SegmentedRaftLogWorker.java:run(313)) - a834d882-1648-4f8e-9ed2-2af76b2ecc63@group-622C5252F347-SegmentedRaftLogWorker was interrupted, exiting. There are 0 tasks remaining in the queue.
2019-09-25 07:19:47,777 [b90c4d13-5cd9-4e8f-bf45-3a1fa48f671f@group-85B10F1C8ECE-SegmentedRaftLogWorker] INFO  segmented.SegmentedRaftLogWorker (SegmentedRaftLogWorker.java:run(313)) - b90c4d13-5cd9-4e8f-bf45-3a1fa48f671f@group-85B10F1C8ECE-SegmentedRaftLogWorker was interrupted, exiting. There are 0 tasks remaining in the queue.
2019-09-25 07:19:47,777 [Thread-1077] INFO  segmented.SegmentedRaftLogWorker (SegmentedRaftLogWorker.java:close(228)) - a834d882-1648-4f8e-9ed2-2af76b2ecc63@group-622C5252F347-SegmentedRaftLogWorker close()
2019-09-25 07:19:47,777 [ForkJoinPool.commonPool-worker-0] INFO  segmented.SegmentedRaftLogWorker (SegmentedRaftLogWorker.java:close(228)) - b90c4d13-5cd9-4e8f-bf45-3a1fa48f671f@group-85B10F1C8ECE-SegmentedRaftLogWorker close()
2019-09-25 07:19:47,779 [Thread-1077] INFO  impl.RaftServerImpl (RaftServerImpl.java:lambda$shutdown$3(251)) - a834d882-1648-4f8e-9ed2-2af76b2ecc63@group-DB2367F5EBA9: shutdown
2019-09-25 07:19:47,787 [ForkJoinPool.commonPool-worker-0] INFO  impl.RaftServerImpl (RaftServerImpl.java:lambda$shutdown$3(251)) - b90c4d13-5cd9-4e8f-bf45-3a1fa48f671f@group-3FC0A5460689: shutdown
2019-09-25 07:19:47,788 [Thread-1077] INFO  util.JmxRegister (JmxRegister.java:unregister(73)) - Successfully un-registered JMX Bean with object name Ratis:service=RaftServer,group=group-DB2367F5EBA9,id=a834d882-1648-4f8e-9ed2-2af76b2ecc63
2019-09-25 07:19:47,788 [ForkJoinPool.commonPool-worker-0] INFO  util.JmxRegister (JmxRegister.java:unregister(73)) - Successfully un-registered JMX Bean with object name Ratis:service=RaftServer,group=group-3FC0A5460689,id=b90c4d13-5cd9-4e8f-bf45-3a1fa48f671f
2019-09-25 07:19:47,788 [Thread-1077] INFO  impl.RoleInfo (RoleInfo.java:shutdownLeaderState(104)) - a834d882-1648-4f8e-9ed2-2af76b2ecc63: shutdown LeaderState
2019-09-25 07:19:47,789 [ForkJoinPool.commonPool-worker-0] INFO  impl.RoleInfo (RoleInfo.java:shutdownLeaderState(104)) - b90c4d13-5cd9-4e8f-bf45-3a1fa48f671f: shutdown LeaderState
2019-09-25 07:19:47,789 [Thread-1077] INFO  impl.PendingRequests (PendingRequests.java:sendNotLeaderResponses(202)) - a834d882-1648-4f8e-9ed2-2af76b2ecc63-PendingRequests: sendNotLeaderResponses
2019-09-25 07:19:47,789 [ForkJoinPool.commonPool-worker-0] INFO  impl.PendingRequests (PendingRequests.java:sendNotLeaderResponses(202)) - b90c4d13-5cd9-4e8f-bf45-3a1fa48f671f-PendingRequests: sendNotLeaderResponses
2019-09-25 07:19:47,790 [Thread-1077] INFO  impl.StateMachineUpdater (StateMachineUpdater.java:stopAndJoin(125)) - a834d882-1648-4f8e-9ed2-2af76b2ecc63@group-DB2367F5EBA9-StateMachineUpdater: set stopIndex = 0
2019-09-25 07:19:47,790 [ForkJoinPool.commonPool-worker-0] INFO  impl.StateMachineUpdater (StateMachineUpdater.java:stopAndJoin(125)) - b90c4d13-5cd9-4e8f-bf45-3a1fa48f671f@group-3FC0A5460689-StateMachineUpdater: set stopIndex = 0
2019-09-25 07:19:47,791 [ForkJoinPool.commonPool-worker-0] INFO  impl.RaftServerImpl (ServerState.java:close(385)) - b90c4d13-5cd9-4e8f-bf45-3a1fa48f671f@group-3FC0A5460689: closes. applyIndex: 0
2019-09-25 07:19:47,790 [Thread-1077] INFO  impl.RaftServerImpl (ServerState.java:close(385)) - a834d882-1648-4f8e-9ed2-2af76b2ecc63@group-DB2367F5EBA9: closes. applyIndex: 0
2019-09-25 07:19:47,791 [b90c4d13-5cd9-4e8f-bf45-3a1fa48f671f@group-3FC0A5460689-SegmentedRaftLogWorker] INFO  segmented.SegmentedRaftLogWorker (SegmentedRaftLogWorker.java:run(313)) - b90c4d13-5cd9-4e8f-bf45-3a1fa48f671f@group-3FC0A5460689-SegmentedRaftLogWorker was interrupted, exiting. There are 0 tasks remaining in the queue.
2019-09-25 07:19:47,792 [a834d882-1648-4f8e-9ed2-2af76b2ecc63@group-DB2367F5EBA9-SegmentedRaftLogWorker] INFO  segmented.SegmentedRaftLogWorker (SegmentedRaftLogWorker.java:run(313)) - a834d882-1648-4f8e-9ed2-2af76b2ecc63@group-DB2367F5EBA9-SegmentedRaftLogWorker was interrupted, exiting. There are 0 tasks remaining in the queue.
2019-09-25 07:19:47,792 [ForkJoinPool.commonPool-worker-0] INFO  segmented.SegmentedRaftLogWorker (SegmentedRaftLogWorker.java:close(228)) - b90c4d13-5cd9-4e8f-bf45-3a1fa48f671f@group-3FC0A5460689-SegmentedRaftLogWorker close()
2019-09-25 07:19:47,792 [Thread-1077] INFO  segmented.SegmentedRaftLogWorker (SegmentedRaftLogWorker.java:close(228)) - a834d882-1648-4f8e-9ed2-2af76b2ecc63@group-DB2367F5EBA9-SegmentedRaftLogWorker close()
2019-09-25 07:19:47,792 [ForkJoinPool.commonPool-worker-0] INFO  impl.RaftServerImpl (RaftServerImpl.java:lambda$shutdown$3(251)) - b90c4d13-5cd9-4e8f-bf45-3a1fa48f671f@group-311A29809CE6: shutdown
2019-09-25 07:19:47,793 [Thread-1077] INFO  impl.RaftServerImpl (RaftServerImpl.java:lambda$shutdown$3(251)) - a834d882-1648-4f8e-9ed2-2af76b2ecc63@group-4E8447AAB8D2: shutdown
2019-09-25 07:19:47,793 [ForkJoinPool.commonPool-worker-0] INFO  util.JmxRegister (JmxRegister.java:unregister(73)) - Successfully un-registered JMX Bean with object name Ratis:service=RaftServer,group=group-311A29809CE6,id=b90c4d13-5cd9-4e8f-bf45-3a1fa48f671f
2019-09-25 07:19:47,793 [Thread-1077] INFO  util.JmxRegister (JmxRegister.java:unregister(73)) - Successfully un-registered JMX Bean with object name Ratis:service=RaftServer,group=group-4E8447AAB8D2,id=a834d882-1648-4f8e-9ed2-2af76b2ecc63
2019-09-25 07:19:47,794 [ForkJoinPool.commonPool-worker-0] INFO  impl.RoleInfo (RoleInfo.java:shutdownLeaderState(104)) - b90c4d13-5cd9-4e8f-bf45-3a1fa48f671f: shutdown LeaderState
2019-09-25 07:19:47,794 [Thread-1077] INFO  impl.RoleInfo (RoleInfo.java:shutdownLeaderState(104)) - a834d882-1648-4f8e-9ed2-2af76b2ecc63: shutdown LeaderState
2019-09-25 07:19:47,795 [ForkJoinPool.commonPool-worker-0] INFO  impl.PendingRequests (PendingRequests.java:sendNotLeaderResponses(202)) - b90c4d13-5cd9-4e8f-bf45-3a1fa48f671f-PendingRequests: sendNotLeaderResponses
2019-09-25 07:19:47,795 [Thread-1077] INFO  impl.PendingRequests (PendingRequests.java:sendNotLeaderResponses(202)) - a834d882-1648-4f8e-9ed2-2af76b2ecc63-PendingRequests: sendNotLeaderResponses
2019-09-25 07:19:47,795 [ForkJoinPool.commonPool-worker-0] INFO  impl.StateMachineUpdater (StateMachineUpdater.java:stopAndJoin(125)) - b90c4d13-5cd9-4e8f-bf45-3a1fa48f671f@group-311A29809CE6-StateMachineUpdater: set stopIndex = 0
2019-09-25 07:19:47,796 [ForkJoinPool.commonPool-worker-0] INFO  impl.RaftServerImpl (ServerState.java:close(385)) - b90c4d13-5cd9-4e8f-bf45-3a1fa48f671f@group-311A29809CE6: closes. applyIndex: 0
2019-09-25 07:19:47,796 [Thread-1077] INFO  impl.StateMachineUpdater (StateMachineUpdater.java:stopAndJoin(125)) - a834d882-1648-4f8e-9ed2-2af76b2ecc63@group-4E8447AAB8D2-StateMachineUpdater: set stopIndex = 0
2019-09-25 07:19:47,796 [b90c4d13-5cd9-4e8f-bf45-3a1fa48f671f@group-311A29809CE6-SegmentedRaftLogWorker] INFO  segmented.SegmentedRaftLogWorker (SegmentedRaftLogWorker.java:run(313)) - b90c4d13-5cd9-4e8f-bf45-3a1fa48f671f@group-311A29809CE6-SegmentedRaftLogWorker was interrupted, exiting. There are 0 tasks remaining in the queue.
2019-09-25 07:19:47,797 [Thread-1077] INFO  impl.RaftServerImpl (ServerState.java:close(385)) - a834d882-1648-4f8e-9ed2-2af76b2ecc63@group-4E8447AAB8D2: closes. applyIndex: 0
2019-09-25 07:19:47,797 [ForkJoinPool.commonPool-worker-0] INFO  segmented.SegmentedRaftLogWorker (SegmentedRaftLogWorker.java:close(228)) - b90c4d13-5cd9-4e8f-bf45-3a1fa48f671f@group-311A29809CE6-SegmentedRaftLogWorker close()
2019-09-25 07:19:47,798 [a834d882-1648-4f8e-9ed2-2af76b2ecc63@group-4E8447AAB8D2-SegmentedRaftLogWorker] INFO  segmented.SegmentedRaftLogWorker (SegmentedRaftLogWorker.java:run(313)) - a834d882-1648-4f8e-9ed2-2af76b2ecc63@group-4E8447AAB8D2-SegmentedRaftLogWorker was interrupted, exiting. There are 0 tasks remaining in the queue.
2019-09-25 07:19:47,798 [ForkJoinPool.commonPool-worker-0] INFO  impl.RaftServerImpl (RaftServerImpl.java:lambda$shutdown$3(251)) - b90c4d13-5cd9-4e8f-bf45-3a1fa48f671f@group-F7563A95C6E2: shutdown
2019-09-25 07:19:47,798 [Thread-1077] INFO  segmented.SegmentedRaftLogWorker (SegmentedRaftLogWorker.java:close(228)) - a834d882-1648-4f8e-9ed2-2af76b2ecc63@group-4E8447AAB8D2-SegmentedRaftLogWorker close()
2019-09-25 07:19:47,798 [ForkJoinPool.commonPool-worker-0] INFO  util.JmxRegister (JmxRegister.java:unregister(73)) - Successfully un-registered JMX Bean with object name Ratis:service=RaftServer,group=group-F7563A95C6E2,id=b90c4d13-5cd9-4e8f-bf45-3a1fa48f671f
2019-09-25 07:19:47,799 [Thread-1077] INFO  impl.RaftServerImpl (RaftServerImpl.java:lambda$shutdown$3(251)) - a834d882-1648-4f8e-9ed2-2af76b2ecc63@group-EBB1A2D1FC06: shutdown
2019-09-25 07:19:47,799 [ForkJoinPool.commonPool-worker-0] INFO  impl.RoleInfo (RoleInfo.java:shutdownLeaderState(104)) - b90c4d13-5cd9-4e8f-bf45-3a1fa48f671f: shutdown LeaderState
2019-09-25 07:19:47,799 [Thread-1077] INFO  util.JmxRegister (JmxRegister.java:unregister(73)) - Successfully un-registered JMX Bean with object name Ratis:service=RaftServer,group=group-EBB1A2D1FC06,id=a834d882-1648-4f8e-9ed2-2af76b2ecc63
2019-09-25 07:19:47,800 [ForkJoinPool.commonPool-worker-0] INFO  impl.PendingRequests (PendingRequests.java:sendNotLeaderResponses(202)) - b90c4d13-5cd9-4e8f-bf45-3a1fa48f671f-PendingRequests: sendNotLeaderResponses
2019-09-25 07:19:47,800 [Thread-1077] INFO  impl.RoleInfo (RoleInfo.java:shutdownLeaderState(104)) - a834d882-1648-4f8e-9ed2-2af76b2ecc63: shutdown LeaderState
2019-09-25 07:19:47,801 [ForkJoinPool.commonPool-worker-0] INFO  impl.StateMachineUpdater (StateMachineUpdater.java:stopAndJoin(125)) - b90c4d13-5cd9-4e8f-bf45-3a1fa48f671f@group-F7563A95C6E2-StateMachineUpdater: set stopIndex = 0
2019-09-25 07:19:47,801 [Thread-1077] INFO  impl.PendingRequests (PendingRequests.java:sendNotLeaderResponses(202)) - a834d882-1648-4f8e-9ed2-2af76b2ecc63-PendingRequests: sendNotLeaderResponses
2019-09-25 07:19:47,801 [ForkJoinPool.commonPool-worker-0] INFO  impl.RaftServerImpl (ServerState.java:close(385)) - b90c4d13-5cd9-4e8f-bf45-3a1fa48f671f@group-F7563A95C6E2: closes. applyIndex: 0
2019-09-25 07:19:47,802 [Thread-1077] INFO  impl.StateMachineUpdater (StateMachineUpdater.java:stopAndJoin(125)) - a834d882-1648-4f8e-9ed2-2af76b2ecc63@group-EBB1A2D1FC06-StateMachineUpdater: set stopIndex = 0
2019-09-25 07:19:47,802 [Thread-1077] INFO  impl.RaftServerImpl (ServerState.java:close(385)) - a834d882-1648-4f8e-9ed2-2af76b2ecc63@group-EBB1A2D1FC06: closes. applyIndex: 0
2019-09-25 07:19:47,802 [b90c4d13-5cd9-4e8f-bf45-3a1fa48f671f@group-F7563A95C6E2-SegmentedRaftLogWorker] INFO  segmented.SegmentedRaftLogWorker (SegmentedRaftLogWorker.java:run(313)) - b90c4d13-5cd9-4e8f-bf45-3a1fa48f671f@group-F7563A95C6E2-SegmentedRaftLogWorker was interrupted, exiting. There are 0 tasks remaining in the queue.
2019-09-25 07:19:47,803 [a834d882-1648-4f8e-9ed2-2af76b2ecc63@group-EBB1A2D1FC06-SegmentedRaftLogWorker] INFO  segmented.SegmentedRaftLogWorker (SegmentedRaftLogWorker.java:run(313)) - a834d882-1648-4f8e-9ed2-2af76b2ecc63@group-EBB1A2D1FC06-SegmentedRaftLogWorker was interrupted, exiting. There are 0 tasks remaining in the queue.
2019-09-25 07:19:47,803 [ForkJoinPool.commonPool-worker-0] INFO  segmented.SegmentedRaftLogWorker (SegmentedRaftLogWorker.java:close(228)) - b90c4d13-5cd9-4e8f-bf45-3a1fa48f671f@group-F7563A95C6E2-SegmentedRaftLogWorker close()
2019-09-25 07:19:47,803 [Thread-1077] INFO  segmented.SegmentedRaftLogWorker (SegmentedRaftLogWorker.java:close(228)) - a834d882-1648-4f8e-9ed2-2af76b2ecc63@group-EBB1A2D1FC06-SegmentedRaftLogWorker close()
2019-09-25 07:19:47,803 [ForkJoinPool.commonPool-worker-0] INFO  impl.RaftServerImpl (RaftServerImpl.java:lambda$shutdown$3(251)) - b90c4d13-5cd9-4e8f-bf45-3a1fa48f671f@group-E5082AE508EB: shutdown
2019-09-25 07:19:47,804 [Thread-1077] INFO  impl.RaftServerImpl (RaftServerImpl.java:lambda$shutdown$3(251)) - a834d882-1648-4f8e-9ed2-2af76b2ecc63@group-205B3418D9EA: shutdown
2019-09-25 07:19:47,804 [ForkJoinPool.commonPool-worker-0] INFO  util.JmxRegister (JmxRegister.java:unregister(73)) - Successfully un-registered JMX Bean with object name Ratis:service=RaftServer,group=group-E5082AE508EB,id=b90c4d13-5cd9-4e8f-bf45-3a1fa48f671f
2019-09-25 07:19:47,804 [Thread-1077] INFO  util.JmxRegister (JmxRegister.java:unregister(73)) - Successfully un-registered JMX Bean with object name Ratis:service=RaftServer,group=group-205B3418D9EA,id=a834d882-1648-4f8e-9ed2-2af76b2ecc63
2019-09-25 07:19:47,805 [ForkJoinPool.commonPool-worker-0] INFO  impl.RoleInfo (RoleInfo.java:shutdownLeaderState(104)) - b90c4d13-5cd9-4e8f-bf45-3a1fa48f671f: shutdown LeaderState
2019-09-25 07:19:47,805 [Thread-1077] INFO  impl.RoleInfo (RoleInfo.java:shutdownLeaderState(104)) - a834d882-1648-4f8e-9ed2-2af76b2ecc63: shutdown LeaderState
2019-09-25 07:19:47,805 [ForkJoinPool.commonPool-worker-0] INFO  impl.PendingRequests (PendingRequests.java:sendNotLeaderResponses(202)) - b90c4d13-5cd9-4e8f-bf45-3a1fa48f671f-PendingRequests: sendNotLeaderResponses
2019-09-25 07:19:47,806 [Thread-1077] INFO  impl.PendingRequests (PendingRequests.java:sendNotLeaderResponses(202)) - a834d882-1648-4f8e-9ed2-2af76b2ecc63-PendingRequests: sendNotLeaderResponses
2019-09-25 07:19:47,806 [ForkJoinPool.commonPool-worker-0] INFO  impl.StateMachineUpdater (StateMachineUpdater.java:stopAndJoin(125)) - b90c4d13-5cd9-4e8f-bf45-3a1fa48f671f@group-E5082AE508EB-StateMachineUpdater: set stopIndex = 0
2019-09-25 07:19:47,806 [Thread-1077] INFO  impl.StateMachineUpdater (StateMachineUpdater.java:stopAndJoin(125)) - a834d882-1648-4f8e-9ed2-2af76b2ecc63@group-205B3418D9EA-StateMachineUpdater: set stopIndex = 0
2019-09-25 07:19:47,807 [ForkJoinPool.commonPool-worker-0] INFO  impl.RaftServerImpl (ServerState.java:close(385)) - b90c4d13-5cd9-4e8f-bf45-3a1fa48f671f@group-E5082AE508EB: closes. applyIndex: 0
2019-09-25 07:19:47,807 [Thread-1077] INFO  impl.RaftServerImpl (ServerState.java:close(385)) - a834d882-1648-4f8e-9ed2-2af76b2ecc63@group-205B3418D9EA: closes. applyIndex: 0
2019-09-25 07:19:47,808 [b90c4d13-5cd9-4e8f-bf45-3a1fa48f671f@group-E5082AE508EB-SegmentedRaftLogWorker] INFO  segmented.SegmentedRaftLogWorker (SegmentedRaftLogWorker.java:run(313)) - b90c4d13-5cd9-4e8f-bf45-3a1fa48f671f@group-E5082AE508EB-SegmentedRaftLogWorker was interrupted, exiting. There are 0 tasks remaining in the queue.
2019-09-25 07:19:47,808 [a834d882-1648-4f8e-9ed2-2af76b2ecc63@group-205B3418D9EA-SegmentedRaftLogWorker] INFO  segmented.SegmentedRaftLogWorker (SegmentedRaftLogWorker.java:run(313)) - a834d882-1648-4f8e-9ed2-2af76b2ecc63@group-205B3418D9EA-SegmentedRaftLogWorker was interrupted, exiting. There are 0 tasks remaining in the queue.
2019-09-25 07:19:47,808 [ForkJoinPool.commonPool-worker-0] INFO  segmented.SegmentedRaftLogWorker (SegmentedRaftLogWorker.java:close(228)) - b90c4d13-5cd9-4e8f-bf45-3a1fa48f671f@group-E5082AE508EB-SegmentedRaftLogWorker close()
2019-09-25 07:19:47,808 [Thread-1077] INFO  segmented.SegmentedRaftLogWorker (SegmentedRaftLogWorker.java:close(228)) - a834d882-1648-4f8e-9ed2-2af76b2ecc63@group-205B3418D9EA-SegmentedRaftLogWorker close()
2019-09-25 07:19:47,808 [ForkJoinPool.commonPool-worker-0] INFO  impl.RaftServerImpl (RaftServerImpl.java:lambda$shutdown$3(251)) - b90c4d13-5cd9-4e8f-bf45-3a1fa48f671f@group-908D03C6866B: shutdown
2019-09-25 07:19:47,809 [Thread-1077] INFO  impl.RaftServerImpl (RaftServerImpl.java:lambda$shutdown$3(251)) - a834d882-1648-4f8e-9ed2-2af76b2ecc63@group-94A5556801AA: shutdown
2019-09-25 07:19:47,809 [ForkJoinPool.commonPool-worker-0] INFO  util.JmxRegister (JmxRegister.java:unregister(73)) - Successfully un-registered JMX Bean with object name Ratis:service=RaftServer,group=group-908D03C6866B,id=b90c4d13-5cd9-4e8f-bf45-3a1fa48f671f
2019-09-25 07:19:47,810 [Thread-1077] INFO  util.JmxRegister (JmxRegister.java:unregister(73)) - Successfully un-registered JMX Bean with object name Ratis:service=RaftServer,group=group-94A5556801AA,id=a834d882-1648-4f8e-9ed2-2af76b2ecc63
2019-09-25 07:19:47,810 [ForkJoinPool.commonPool-worker-0] INFO  impl.RoleInfo (RoleInfo.java:shutdownLeaderState(104)) - b90c4d13-5cd9-4e8f-bf45-3a1fa48f671f: shutdown LeaderState
2019-09-25 07:19:47,810 [Thread-1077] INFO  impl.RoleInfo (RoleInfo.java:shutdownLeaderState(104)) - a834d882-1648-4f8e-9ed2-2af76b2ecc63: shutdown LeaderState
2019-09-25 07:19:47,811 [ForkJoinPool.commonPool-worker-0] INFO  impl.PendingRequests (PendingRequests.java:sendNotLeaderResponses(202)) - b90c4d13-5cd9-4e8f-bf45-3a1fa48f671f-PendingRequests: sendNotLeaderResponses
2019-09-25 07:19:47,811 [Thread-1077] INFO  impl.PendingRequests (PendingRequests.java:sendNotLeaderResponses(202)) - a834d882-1648-4f8e-9ed2-2af76b2ecc63-PendingRequests: sendNotLeaderResponses
2019-09-25 07:19:47,811 [ForkJoinPool.commonPool-worker-0] INFO  impl.StateMachineUpdater (StateMachineUpdater.java:stopAndJoin(125)) - b90c4d13-5cd9-4e8f-bf45-3a1fa48f671f@group-908D03C6866B-StateMachineUpdater: set stopIndex = 0
2019-09-25 07:19:47,812 [Thread-1077] INFO  impl.StateMachineUpdater (StateMachineUpdater.java:stopAndJoin(125)) - a834d882-1648-4f8e-9ed2-2af76b2ecc63@group-94A5556801AA-StateMachineUpdater: set stopIndex = 0
2019-09-25 07:19:47,812 [Thread-1077] INFO  impl.RaftServerImpl (ServerState.java:close(385)) - a834d882-1648-4f8e-9ed2-2af76b2ecc63@group-94A5556801AA: closes. applyIndex: 0
2019-09-25 07:19:47,812 [ForkJoinPool.commonPool-worker-0] INFO  impl.RaftServerImpl (ServerState.java:close(385)) - b90c4d13-5cd9-4e8f-bf45-3a1fa48f671f@group-908D03C6866B: closes. applyIndex: 0
2019-09-25 07:19:47,813 [a834d882-1648-4f8e-9ed2-2af76b2ecc63@group-94A5556801AA-SegmentedRaftLogWorker] INFO  segmented.SegmentedRaftLogWorker (SegmentedRaftLogWorker.java:run(313)) - a834d882-1648-4f8e-9ed2-2af76b2ecc63@group-94A5556801AA-SegmentedRaftLogWorker was interrupted, exiting. There are 0 tasks remaining in the queue.
2019-09-25 07:19:47,813 [b90c4d13-5cd9-4e8f-bf45-3a1fa48f671f@group-908D03C6866B-SegmentedRaftLogWorker] INFO  segmented.SegmentedRaftLogWorker (SegmentedRaftLogWorker.java:run(313)) - b90c4d13-5cd9-4e8f-bf45-3a1fa48f671f@group-908D03C6866B-SegmentedRaftLogWorker was interrupted, exiting. There are 0 tasks remaining in the queue.
2019-09-25 07:19:47,813 [Thread-1077] INFO  segmented.SegmentedRaftLogWorker (SegmentedRaftLogWorker.java:close(228)) - a834d882-1648-4f8e-9ed2-2af76b2ecc63@group-94A5556801AA-SegmentedRaftLogWorker close()
2019-09-25 07:19:47,813 [ForkJoinPool.commonPool-worker-0] INFO  segmented.SegmentedRaftLogWorker (SegmentedRaftLogWorker.java:close(228)) - b90c4d13-5cd9-4e8f-bf45-3a1fa48f671f@group-908D03C6866B-SegmentedRaftLogWorker close()
2019-09-25 07:19:47,814 [Thread-1077] INFO  server.GrpcService (GrpcService.java:closeImpl(164)) - a834d882-1648-4f8e-9ed2-2af76b2ecc63: shutdown server with port 42145 now
2019-09-25 07:19:47,814 [ForkJoinPool.commonPool-worker-0] INFO  server.GrpcService (GrpcService.java:closeImpl(164)) - b90c4d13-5cd9-4e8f-bf45-3a1fa48f671f: shutdown server with port 40246 now
2019-09-25 07:19:47,816 [Thread-1077] INFO  server.GrpcService (GrpcService.java:closeImpl(172)) - a834d882-1648-4f8e-9ed2-2af76b2ecc63: shutdown server with port 42145 successfully
2019-09-25 07:19:47,818 [ForkJoinPool.commonPool-worker-0] INFO  server.GrpcService (GrpcService.java:closeImpl(172)) - b90c4d13-5cd9-4e8f-bf45-3a1fa48f671f: shutdown server with port 40246 successfully
2019-09-25 07:19:47,820 [refreshUsed-/workdir/hadoop-ozone/ozonefs/target/test-dir/MiniOzoneClusterImpl-a387bd8f-5630-4dea-a733-c907936cb7c3/datanode-0/data/containers] WARN  fs.CachingGetSpaceUsed (CachingGetSpaceUsed.java:run(183)) - Thread Interrupted waiting to refresh disk information: sleep interrupted
2019-09-25 07:19:47,821 [refreshUsed-/workdir/hadoop-ozone/ozonefs/target/test-dir/MiniOzoneClusterImpl-a387bd8f-5630-4dea-a733-c907936cb7c3/datanode-1/data/containers] WARN  fs.CachingGetSpaceUsed (CachingGetSpaceUsed.java:run(183)) - Thread Interrupted waiting to refresh disk information: sleep interrupted
2019-09-25 07:19:47,851 [Thread-1077] INFO  utils.BackgroundService (BackgroundService.java:shutdown(148)) - Shutting down service BlockDeletingService
2019-09-25 07:19:47,852 [ForkJoinPool.commonPool-worker-0] INFO  utils.BackgroundService (BackgroundService.java:shutdown(148)) - Shutting down service BlockDeletingService
2019-09-25 07:19:47,859 [Thread-1077] INFO  statemachine.DatanodeStateMachine (DatanodeStateMachine.java:stopDaemon(395)) - Ozone container server stopped.
2019-09-25 07:19:47,861 [ForkJoinPool.commonPool-worker-0] INFO  statemachine.DatanodeStateMachine (DatanodeStateMachine.java:stopDaemon(395)) - Ozone container server stopped.
2019-09-25 07:19:47,865 [Thread-1077] INFO  handler.ContextHandler (ContextHandler.java:doStop(910)) - Stopped o.e.j.w.WebAppContext@4d51f34a{/,null,UNAVAILABLE}{/hddsDatanode}
2019-09-25 07:19:47,867 [ForkJoinPool.commonPool-worker-0] INFO  handler.ContextHandler (ContextHandler.java:doStop(910)) - Stopped o.e.j.w.WebAppContext@78f910e0{/,null,UNAVAILABLE}{/hddsDatanode}
2019-09-25 07:19:47,867 [Thread-1077] INFO  server.AbstractConnector (AbstractConnector.java:doStop(318)) - Stopped ServerConnector@390664a2{HTTP/1.1,[http/1.1]}{0.0.0.0:0}
2019-09-25 07:19:47,867 [ForkJoinPool.commonPool-worker-0] INFO  server.AbstractConnector (AbstractConnector.java:doStop(318)) - Stopped ServerConnector@5b19ad74{HTTP/1.1,[http/1.1]}{0.0.0.0:0}
2019-09-25 07:19:47,868 [Thread-1077] INFO  handler.ContextHandler (ContextHandler.java:doStop(910)) - Stopped o.e.j.s.ServletContextHandler@1986dc1a{/static,jar:file:/home/user/.m2/repository/org/apache/hadoop/hadoop-hdds-container-service/0.5.0-SNAPSHOT/hadoop-hdds-container-service-0.5.0-SNAPSHOT.jar!/webapps/static,UNAVAILABLE}
2019-09-25 07:19:47,869 [ForkJoinPool.commonPool-worker-0] INFO  handler.ContextHandler (ContextHandler.java:doStop(910)) - Stopped o.e.j.s.ServletContextHandler@37a1c598{/static,jar:file:/home/user/.m2/repository/org/apache/hadoop/hadoop-hdds-container-service/0.5.0-SNAPSHOT/hadoop-hdds-container-service-0.5.0-SNAPSHOT.jar!/webapps/static,UNAVAILABLE}
2019-09-25 07:19:47,869 [Thread-1077] INFO  handler.ContextHandler (ContextHandler.java:doStop(910)) - Stopped o.e.j.s.ServletContextHandler@50fccfce{/logs,file:///workdir/hadoop-ozone/ozonefs/target/log,UNAVAILABLE}
2019-09-25 07:19:47,871 [ForkJoinPool.commonPool-worker-0] INFO  handler.ContextHandler (ContextHandler.java:doStop(910)) - Stopped o.e.j.s.ServletContextHandler@514875f8{/logs,file:///workdir/hadoop-ozone/ozonefs/target/log,UNAVAILABLE}
2019-09-25 07:19:48,604 [Datanode State Machine Thread - 0] INFO  statemachine.DatanodeStateMachine (DatanodeStateMachine.java:lambda$startDaemon$0(350)) - Ozone container server started.
2019-09-25 07:19:52,872 [Thread-1077] INFO  ozoneimpl.OzoneContainer (OzoneContainer.java:stop(231)) - Attempting to stop container services.
2019-09-25 07:19:52,873 [Thread-1077] INFO  impl.RaftServerProxy (RaftServerProxy.java:lambda$close$4(314)) - b1599e75-efd0-47a4-8a8f-add4431e6892: close
2019-09-25 07:19:52,874 [Thread-1077] INFO  impl.RaftServerImpl (RaftServerImpl.java:lambda$shutdown$3(251)) - b1599e75-efd0-47a4-8a8f-add4431e6892@group-8DF55260F6DB: shutdown
2019-09-25 07:19:52,874 [ForkJoinPool.commonPool-worker-1] INFO  impl.RaftServerImpl (RaftServerImpl.java:lambda$shutdown$3(251)) - b1599e75-efd0-47a4-8a8f-add4431e6892@group-5F473EBA0DF0: shutdown
2019-09-25 07:19:52,874 [Thread-1077] INFO  util.JmxRegister (JmxRegister.java:unregister(73)) - Successfully un-registered JMX Bean with object name Ratis:service=RaftServer,group=group-8DF55260F6DB,id=b1599e75-efd0-47a4-8a8f-add4431e6892
2019-09-25 07:19:52,874 [ForkJoinPool.commonPool-worker-1] INFO  util.JmxRegister (JmxRegister.java:unregister(73)) - Successfully un-registered JMX Bean with object name Ratis:service=RaftServer,group=group-5F473EBA0DF0,id=b1599e75-efd0-47a4-8a8f-add4431e6892
2019-09-25 07:19:52,878 [Thread-1077] INFO  impl.RoleInfo (RoleInfo.java:shutdownLeaderState(104)) - b1599e75-efd0-47a4-8a8f-add4431e6892: shutdown LeaderState
2019-09-25 07:19:52,878 [ForkJoinPool.commonPool-worker-1] INFO  impl.RoleInfo (RoleInfo.java:shutdownLeaderState(104)) - b1599e75-efd0-47a4-8a8f-add4431e6892: shutdown LeaderState
2019-09-25 07:19:52,879 [Thread-1077] INFO  impl.PendingRequests (PendingRequests.java:sendNotLeaderResponses(202)) - b1599e75-efd0-47a4-8a8f-add4431e6892-PendingRequests: sendNotLeaderResponses
2019-09-25 07:19:52,879 [ForkJoinPool.commonPool-worker-1] INFO  impl.PendingRequests (PendingRequests.java:sendNotLeaderResponses(202)) - b1599e75-efd0-47a4-8a8f-add4431e6892-PendingRequests: sendNotLeaderResponses
2019-09-25 07:19:52,879 [Thread-1077] INFO  impl.StateMachineUpdater (StateMachineUpdater.java:stopAndJoin(125)) - b1599e75-efd0-47a4-8a8f-add4431e6892@group-8DF55260F6DB-StateMachineUpdater: set stopIndex = 0
2019-09-25 07:19:52,880 [ForkJoinPool.commonPool-worker-1] INFO  impl.StateMachineUpdater (StateMachineUpdater.java:stopAndJoin(125)) - b1599e75-efd0-47a4-8a8f-add4431e6892@group-5F473EBA0DF0-StateMachineUpdater: set stopIndex = 0
2019-09-25 07:19:52,880 [Thread-1077] INFO  impl.RaftServerImpl (ServerState.java:close(385)) - b1599e75-efd0-47a4-8a8f-add4431e6892@group-8DF55260F6DB: closes. applyIndex: 0
2019-09-25 07:19:52,880 [ForkJoinPool.commonPool-worker-1] INFO  impl.RaftServerImpl (ServerState.java:close(385)) - b1599e75-efd0-47a4-8a8f-add4431e6892@group-5F473EBA0DF0: closes. applyIndex: 0
2019-09-25 07:19:52,881 [b1599e75-efd0-47a4-8a8f-add4431e6892@group-8DF55260F6DB-SegmentedRaftLogWorker] INFO  segmented.SegmentedRaftLogWorker (SegmentedRaftLogWorker.java:run(313)) - b1599e75-efd0-47a4-8a8f-add4431e6892@group-8DF55260F6DB-SegmentedRaftLogWorker was interrupted, exiting. There are 0 tasks remaining in the queue.
2019-09-25 07:19:52,881 [b1599e75-efd0-47a4-8a8f-add4431e6892@group-5F473EBA0DF0-SegmentedRaftLogWorker] INFO  segmented.SegmentedRaftLogWorker (SegmentedRaftLogWorker.java:run(313)) - b1599e75-efd0-47a4-8a8f-add4431e6892@group-5F473EBA0DF0-SegmentedRaftLogWorker was interrupted, exiting. There are 0 tasks remaining in the queue.
2019-09-25 07:19:52,881 [Thread-1077] INFO  segmented.SegmentedRaftLogWorker (SegmentedRaftLogWorker.java:close(228)) - b1599e75-efd0-47a4-8a8f-add4431e6892@group-8DF55260F6DB-SegmentedRaftLogWorker close()
2019-09-25 07:19:52,881 [ForkJoinPool.commonPool-worker-1] INFO  segmented.SegmentedRaftLogWorker (SegmentedRaftLogWorker.java:close(228)) - b1599e75-efd0-47a4-8a8f-add4431e6892@group-5F473EBA0DF0-SegmentedRaftLogWorker close()
2019-09-25 07:19:52,882 [Thread-1077] INFO  impl.RaftServerImpl (RaftServerImpl.java:lambda$shutdown$3(251)) - b1599e75-efd0-47a4-8a8f-add4431e6892@group-1D9DE29367E1: shutdown
2019-09-25 07:19:52,882 [Thread-1077] INFO  util.JmxRegister (JmxRegister.java:unregister(73)) - Successfully un-registered JMX Bean with object name Ratis:service=RaftServer,group=group-1D9DE29367E1,id=b1599e75-efd0-47a4-8a8f-add4431e6892
2019-09-25 07:19:52,882 [Thread-1077] INFO  impl.RoleInfo (RoleInfo.java:shutdownLeaderState(104)) - b1599e75-efd0-47a4-8a8f-add4431e6892: shutdown LeaderState
2019-09-25 07:19:52,883 [Thread-1077] INFO  impl.PendingRequests (PendingRequests.java:sendNotLeaderResponses(202)) - b1599e75-efd0-47a4-8a8f-add4431e6892-PendingRequests: sendNotLeaderResponses
2019-09-25 07:19:52,883 [Thread-1077] INFO  impl.StateMachineUpdater (StateMachineUpdater.java:stopAndJoin(125)) - b1599e75-efd0-47a4-8a8f-add4431e6892@group-1D9DE29367E1-StateMachineUpdater: set stopIndex = 0
2019-09-25 07:19:52,884 [Thread-1077] INFO  impl.RaftServerImpl (ServerState.java:close(385)) - b1599e75-efd0-47a4-8a8f-add4431e6892@group-1D9DE29367E1: closes. applyIndex: 0
2019-09-25 07:19:52,884 [b1599e75-efd0-47a4-8a8f-add4431e6892@group-1D9DE29367E1-SegmentedRaftLogWorker] INFO  segmented.SegmentedRaftLogWorker (SegmentedRaftLogWorker.java:run(313)) - b1599e75-efd0-47a4-8a8f-add4431e6892@group-1D9DE29367E1-SegmentedRaftLogWorker was interrupted, exiting. There are 0 tasks remaining in the queue.
2019-09-25 07:19:52,884 [Thread-1077] INFO  segmented.SegmentedRaftLogWorker (SegmentedRaftLogWorker.java:close(228)) - b1599e75-efd0-47a4-8a8f-add4431e6892@group-1D9DE29367E1-SegmentedRaftLogWorker close()
2019-09-25 07:19:52,885 [Thread-1077] INFO  impl.RaftServerImpl (RaftServerImpl.java:lambda$shutdown$3(251)) - b1599e75-efd0-47a4-8a8f-add4431e6892@group-589820438939: shutdown
2019-09-25 07:19:52,885 [Thread-1077] INFO  util.JmxRegister (JmxRegister.java:unregister(73)) - Successfully un-registered JMX Bean with object name Ratis:service=RaftServer,group=group-589820438939,id=b1599e75-efd0-47a4-8a8f-add4431e6892
2019-09-25 07:19:52,886 [Thread-1077] INFO  impl.RoleInfo (RoleInfo.java:shutdownLeaderState(104)) - b1599e75-efd0-47a4-8a8f-add4431e6892: shutdown LeaderState
2019-09-25 07:19:52,886 [Thread-1077] INFO  impl.PendingRequests (PendingRequests.java:sendNotLeaderResponses(202)) - b1599e75-efd0-47a4-8a8f-add4431e6892-PendingRequests: sendNotLeaderResponses
2019-09-25 07:19:52,887 [Thread-1077] INFO  impl.StateMachineUpdater (StateMachineUpdater.java:stopAndJoin(125)) - b1599e75-efd0-47a4-8a8f-add4431e6892@group-589820438939-StateMachineUpdater: set stopIndex = 0
2019-09-25 07:19:52,887 [Thread-1077] INFO  impl.RaftServerImpl (ServerState.java:close(385)) - b1599e75-efd0-47a4-8a8f-add4431e6892@group-589820438939: closes. applyIndex: 0
2019-09-25 07:19:52,887 [b1599e75-efd0-47a4-8a8f-add4431e6892@group-589820438939-SegmentedRaftLogWorker] INFO  segmented.SegmentedRaftLogWorker (SegmentedRaftLogWorker.java:run(313)) - b1599e75-efd0-47a4-8a8f-add4431e6892@group-589820438939-SegmentedRaftLogWorker was interrupted, exiting. There are 0 tasks remaining in the queue.
2019-09-25 07:19:52,894 [Thread-1077] INFO  segmented.SegmentedRaftLogWorker (SegmentedRaftLogWorker.java:close(228)) - b1599e75-efd0-47a4-8a8f-add4431e6892@group-589820438939-SegmentedRaftLogWorker close()
2019-09-25 07:19:52,894 [Thread-1077] INFO  impl.RaftServerImpl (RaftServerImpl.java:lambda$shutdown$3(251)) - b1599e75-efd0-47a4-8a8f-add4431e6892@group-B521AEA20E99: shutdown
2019-09-25 07:19:52,895 [Thread-1077] INFO  util.JmxRegister (JmxRegister.java:unregister(73)) - Successfully un-registered JMX Bean with object name Ratis:service=RaftServer,group=group-B521AEA20E99,id=b1599e75-efd0-47a4-8a8f-add4431e6892
2019-09-25 07:19:52,895 [Thread-1077] INFO  impl.RoleInfo (RoleInfo.java:shutdownLeaderState(104)) - b1599e75-efd0-47a4-8a8f-add4431e6892: shutdown LeaderState
2019-09-25 07:19:52,896 [Thread-1077] INFO  impl.PendingRequests (PendingRequests.java:sendNotLeaderResponses(202)) - b1599e75-efd0-47a4-8a8f-add4431e6892-PendingRequests: sendNotLeaderResponses
2019-09-25 07:19:52,896 [Thread-1077] INFO  impl.StateMachineUpdater (StateMachineUpdater.java:stopAndJoin(125)) - b1599e75-efd0-47a4-8a8f-add4431e6892@group-B521AEA20E99-StateMachineUpdater: set stopIndex = 0
2019-09-25 07:19:52,897 [Thread-1077] INFO  impl.RaftServerImpl (ServerState.java:close(385)) - b1599e75-efd0-47a4-8a8f-add4431e6892@group-B521AEA20E99: closes. applyIndex: 0
2019-09-25 07:19:52,897 [b1599e75-efd0-47a4-8a8f-add4431e6892@group-B521AEA20E99-SegmentedRaftLogWorker] INFO  segmented.SegmentedRaftLogWorker (SegmentedRaftLogWorker.java:run(313)) - b1599e75-efd0-47a4-8a8f-add4431e6892@group-B521AEA20E99-SegmentedRaftLogWorker was interrupted, exiting. There are 0 tasks remaining in the queue.
2019-09-25 07:19:52,897 [Thread-1077] INFO  segmented.SegmentedRaftLogWorker (SegmentedRaftLogWorker.java:close(228)) - b1599e75-efd0-47a4-8a8f-add4431e6892@group-B521AEA20E99-SegmentedRaftLogWorker close()
2019-09-25 07:19:52,898 [Thread-1077] INFO  impl.RaftServerImpl (RaftServerImpl.java:lambda$shutdown$3(251)) - b1599e75-efd0-47a4-8a8f-add4431e6892@group-AE1E0315830E: shutdown
2019-09-25 07:19:52,898 [Thread-1077] INFO  util.JmxRegister (JmxRegister.java:unregister(73)) - Successfully un-registered JMX Bean with object name Ratis:service=RaftServer,group=group-AE1E0315830E,id=b1599e75-efd0-47a4-8a8f-add4431e6892
2019-09-25 07:19:52,899 [Thread-1077] INFO  impl.RoleInfo (RoleInfo.java:shutdownLeaderState(104)) - b1599e75-efd0-47a4-8a8f-add4431e6892: shutdown LeaderState
2019-09-25 07:19:52,899 [Thread-1077] INFO  impl.PendingRequests (PendingRequests.java:sendNotLeaderResponses(202)) - b1599e75-efd0-47a4-8a8f-add4431e6892-PendingRequests: sendNotLeaderResponses
2019-09-25 07:19:52,899 [Thread-1077] INFO  impl.StateMachineUpdater (StateMachineUpdater.java:stopAndJoin(125)) - b1599e75-efd0-47a4-8a8f-add4431e6892@group-AE1E0315830E-StateMachineUpdater: set stopIndex = 0
2019-09-25 07:19:52,900 [Thread-1077] INFO  impl.RaftServerImpl (ServerState.java:close(385)) - b1599e75-efd0-47a4-8a8f-add4431e6892@group-AE1E0315830E: closes. applyIndex: 0
2019-09-25 07:19:52,900 [b1599e75-efd0-47a4-8a8f-add4431e6892@group-AE1E0315830E-SegmentedRaftLogWorker] INFO  segmented.SegmentedRaftLogWorker (SegmentedRaftLogWorker.java:run(313)) - b1599e75-efd0-47a4-8a8f-add4431e6892@group-AE1E0315830E-SegmentedRaftLogWorker was interrupted, exiting. There are 0 tasks remaining in the queue.
2019-09-25 07:19:52,901 [Thread-1077] INFO  segmented.SegmentedRaftLogWorker (SegmentedRaftLogWorker.java:close(228)) - b1599e75-efd0-47a4-8a8f-add4431e6892@group-AE1E0315830E-SegmentedRaftLogWorker close()
2019-09-25 07:19:52,901 [Thread-1077] INFO  server.GrpcService (GrpcService.java:closeImpl(164)) - b1599e75-efd0-47a4-8a8f-add4431e6892: shutdown server with port 42922 now
2019-09-25 07:19:52,904 [Thread-1077] INFO  server.GrpcService (GrpcService.java:closeImpl(172)) - b1599e75-efd0-47a4-8a8f-add4431e6892: shutdown server with port 42922 successfully
2019-09-25 07:19:52,906 [refreshUsed-/workdir/hadoop-ozone/ozonefs/target/test-dir/MiniOzoneClusterImpl-a387bd8f-5630-4dea-a733-c907936cb7c3/datanode-2/data/containers] WARN  fs.CachingGetSpaceUsed (CachingGetSpaceUsed.java:run(183)) - Thread Interrupted waiting to refresh disk information: sleep interrupted
2019-09-25 07:19:52,934 [Thread-1077] INFO  utils.BackgroundService (BackgroundService.java:shutdown(148)) - Shutting down service BlockDeletingService
2019-09-25 07:19:52,939 [Thread-1077] INFO  statemachine.DatanodeStateMachine (DatanodeStateMachine.java:stopDaemon(395)) - Ozone container server stopped.
2019-09-25 07:19:52,940 [Thread-1077] INFO  handler.ContextHandler (ContextHandler.java:doStop(910)) - Stopped o.e.j.w.WebAppContext@44646a56{/,null,UNAVAILABLE}{/hddsDatanode}
2019-09-25 07:19:52,940 [Thread-1077] INFO  server.AbstractConnector (AbstractConnector.java:doStop(318)) - Stopped ServerConnector@6c3b331e{HTTP/1.1,[http/1.1]}{0.0.0.0:0}
2019-09-25 07:19:52,941 [Thread-1077] INFO  handler.ContextHandler (ContextHandler.java:doStop(910)) - Stopped o.e.j.s.ServletContextHandler@313195f9{/static,jar:file:/home/user/.m2/repository/org/apache/hadoop/hadoop-hdds-container-service/0.5.0-SNAPSHOT/hadoop-hdds-container-service-0.5.0-SNAPSHOT.jar!/webapps/static,UNAVAILABLE}
2019-09-25 07:19:52,941 [Thread-1077] INFO  handler.ContextHandler (ContextHandler.java:doStop(910)) - Stopped o.e.j.s.ServletContextHandler@26b60e97{/logs,file:///workdir/hadoop-ozone/ozonefs/target/log,UNAVAILABLE}
2019-09-25 07:19:52,942 [Thread-1077] INFO  ozone.MiniOzoneClusterImpl (MiniOzoneClusterImpl.java:stopSCM(392)) - Stopping the StorageContainerManager
2019-09-25 07:19:52,942 [Thread-1077] INFO  server.StorageContainerManager (StorageContainerManager.java:stop(808)) - Stopping Replication Manager Service.
2019-09-25 07:19:52,942 [Thread-1077] INFO  container.ReplicationManager (ReplicationManager.java:stop(204)) - Stopping Replication Monitor Thread.
2019-09-25 07:19:52,943 [Thread-1077] INFO  server.StorageContainerManager (StorageContainerManager.java:stop(815)) - Stopping Lease Manager of the command watchers
2019-09-25 07:19:52,943 [Thread-1077] INFO  server.StorageContainerManager (StorageContainerManager.java:stop(822)) - Stopping datanode service RPC server
2019-09-25 07:19:52,943 [Thread-1077] INFO  server.SCMDatanodeProtocolServer (SCMDatanodeProtocolServer.java:stop(367)) - Stopping the RPC server for DataNodes
2019-09-25 07:19:52,943 [Thread-1077] INFO  ipc.Server (Server.java:stop(3082)) - Stopping server on 40672
2019-09-25 07:19:52,949 [IPC Server listener on 40672] INFO  ipc.Server (Server.java:run(1185)) - Stopping IPC Server listener on 40672
2019-09-25 07:19:52,949 [IPC Server Responder] INFO  ipc.Server (Server.java:run(1319)) - Stopping IPC Server Responder
2019-09-25 07:19:52,995 [SCM Heartbeat Processing Thread - 0] WARN  node.NodeStateManager (NodeStateManager.java:scheduleNextHealthCheck(655)) - Current Thread is interrupted, shutting down HB processing thread for Node Manager.
2019-09-25 07:19:52,996 [Thread-1077] INFO  server.StorageContainerManager (StorageContainerManager.java:stop(830)) - Stopping block service RPC server
2019-09-25 07:19:52,996 [Thread-1077] INFO  server.SCMBlockProtocolServer (SCMBlockProtocolServer.java:stop(155)) - Stopping the RPC server for Block Protocol
2019-09-25 07:19:52,996 [Thread-1077] INFO  ipc.Server (Server.java:stop(3082)) - Stopping server on 37610
2019-09-25 07:19:52,998 [IPC Server listener on 37610] INFO  ipc.Server (Server.java:run(1185)) - Stopping IPC Server listener on 37610
2019-09-25 07:19:52,999 [Thread-1077] INFO  server.StorageContainerManager (StorageContainerManager.java:stop(837)) - Stopping the StorageContainerLocationProtocol RPC server
2019-09-25 07:19:53,001 [Thread-1077] INFO  server.SCMClientProtocolServer (SCMClientProtocolServer.java:stop(159)) - Stopping the RPC server for Client Protocol
2019-09-25 07:19:53,001 [Thread-1077] INFO  ipc.Server (Server.java:stop(3082)) - Stopping server on 42539
2019-09-25 07:19:52,999 [IPC Server Responder] INFO  ipc.Server (Server.java:run(1319)) - Stopping IPC Server Responder
2019-09-25 07:19:53,004 [IPC Server listener on 42539] INFO  ipc.Server (Server.java:run(1185)) - Stopping IPC Server listener on 42539
2019-09-25 07:19:53,005 [IPC Server Responder] INFO  ipc.Server (Server.java:run(1319)) - Stopping IPC Server Responder
2019-09-25 07:19:53,005 [Thread-1077] INFO  server.StorageContainerManager (StorageContainerManager.java:stop(844)) - Stopping Storage Container Manager HTTP server.
2019-09-25 07:19:53,007 [Thread-1077] INFO  handler.ContextHandler (ContextHandler.java:doStop(910)) - Stopped o.e.j.w.WebAppContext@3e6df6f1{/,null,UNAVAILABLE}{/scm}
2019-09-25 07:19:53,009 [Thread-1077] INFO  server.AbstractConnector (AbstractConnector.java:doStop(318)) - Stopped ServerConnector@33fea676{HTTP/1.1,[http/1.1]}{0.0.0.0:0}
2019-09-25 07:19:53,009 [Thread-1077] INFO  handler.ContextHandler (ContextHandler.java:doStop(910)) - Stopped o.e.j.s.ServletContextHandler@ea01810{/static,jar:file:/home/user/.m2/repository/org/apache/hadoop/hadoop-hdds-server-scm/0.5.0-SNAPSHOT/hadoop-hdds-server-scm-0.5.0-SNAPSHOT.jar!/webapps/static,UNAVAILABLE}
2019-09-25 07:19:53,009 [Thread-1077] INFO  handler.ContextHandler (ContextHandler.java:doStop(910)) - Stopped o.e.j.s.ServletContextHandler@6be447fc{/logs,file:///workdir/hadoop-ozone/ozonefs/target/log,UNAVAILABLE}
2019-09-25 07:19:53,010 [Thread-1077] INFO  server.StorageContainerManager (StorageContainerManager.java:stop(855)) - Stopping Block Manager Service.
2019-09-25 07:19:53,010 [Thread-1077] INFO  utils.BackgroundService (BackgroundService.java:shutdown(148)) - Shutting down service SCMBlockDeletingService
2019-09-25 07:19:53,012 [Thread-1077] INFO  utils.BackgroundService (BackgroundService.java:shutdown(148)) - Shutting down service SCMBlockDeletingService
2019-09-25 07:19:53,012 [Thread-1077] INFO  server.StorageContainerManager (StorageContainerManager.java:stop(877)) - Stopping SCM Event Queue.
2019-09-25 07:19:53,015 [Thread-1077] INFO  impl.MetricsSystemImpl (MetricsSystemImpl.java:stop(210)) - Stopping HddsDatanode metrics system...
2019-09-25 07:19:53,022 [Thread-1077] INFO  impl.MetricsSystemImpl (MetricsSystemImpl.java:stop(216)) - HddsDatanode metrics system stopped.
]]></system-out>
  </testcase>
  <testcase name="testDeleteCreatesFakeParentDir" classname="org.apache.hadoop.fs.ozone.TestOzoneFileSystem" time="17.05">
    <error message="Allocated 0 blocks. Requested 1 blocks" type="INTERNAL_ERROR org.apache.hadoop.ozone.om.exceptions.OMException">INTERNAL_ERROR org.apache.hadoop.ozone.om.exceptions.OMException: Allocated 0 blocks. Requested 1 blocks
	at org.apache.hadoop.ozone.om.protocolPB.OzoneManagerProtocolClientSideTranslatorPB.handleError(OzoneManagerProtocolClientSideTranslatorPB.java:732)
	at org.apache.hadoop.ozone.om.protocolPB.OzoneManagerProtocolClientSideTranslatorPB.createFile(OzoneManagerProtocolClientSideTranslatorPB.java:1536)
	at sun.reflect.NativeMethodAccessorImpl.invoke0(Native Method)
	at sun.reflect.NativeMethodAccessorImpl.invoke(NativeMethodAccessorImpl.java:62)
	at sun.reflect.DelegatingMethodAccessorImpl.invoke(DelegatingMethodAccessorImpl.java:43)
	at java.lang.reflect.Method.invoke(Method.java:498)
	at org.apache.hadoop.hdds.tracing.TraceAllMethod.invoke(TraceAllMethod.java:66)
	at com.sun.proxy.$Proxy38.createFile(Unknown Source)
	at org.apache.hadoop.ozone.client.rpc.RpcClient.createFile(RpcClient.java:1006)
	at org.apache.hadoop.ozone.client.OzoneBucket.createFile(OzoneBucket.java:537)
	at org.apache.hadoop.fs.ozone.BasicOzoneClientAdapterImpl.createFile(BasicOzoneClientAdapterImpl.java:205)
	at org.apache.hadoop.fs.ozone.BasicOzoneFileSystem.createOutputStream(BasicOzoneFileSystem.java:250)
	at org.apache.hadoop.fs.ozone.BasicOzoneFileSystem.create(BasicOzoneFileSystem.java:231)
	at org.apache.hadoop.fs.FileSystem.create(FileSystem.java:1118)
	at org.apache.hadoop.fs.FileSystem.create(FileSystem.java:1098)
	at org.apache.hadoop.fs.FileSystem.create(FileSystem.java:987)
	at org.apache.hadoop.fs.contract.ContractTestUtils.createFile(ContractTestUtils.java:633)
	at org.apache.hadoop.fs.contract.ContractTestUtils.touch(ContractTestUtils.java:669)
	at org.apache.hadoop.fs.ozone.TestOzoneFileSystem.testDeleteCreatesFakeParentDir(TestOzoneFileSystem.java:134)
	at sun.reflect.NativeMethodAccessorImpl.invoke0(Native Method)
	at sun.reflect.NativeMethodAccessorImpl.invoke(NativeMethodAccessorImpl.java:62)
	at sun.reflect.DelegatingMethodAccessorImpl.invoke(DelegatingMethodAccessorImpl.java:43)
	at java.lang.reflect.Method.invoke(Method.java:498)
	at org.junit.runners.model.FrameworkMethod$1.runReflectiveCall(FrameworkMethod.java:47)
	at org.junit.internal.runners.model.ReflectiveCallable.run(ReflectiveCallable.java:12)
	at org.junit.runners.model.FrameworkMethod.invokeExplosively(FrameworkMethod.java:44)
	at org.junit.internal.runners.statements.InvokeMethod.evaluate(InvokeMethod.java:17)
	at org.junit.internal.runners.statements.RunBefores.evaluate(RunBefores.java:26)
	at org.junit.internal.runners.statements.RunAfters.evaluate(RunAfters.java:27)
	at org.junit.internal.runners.statements.FailOnTimeout$StatementThread.run(FailOnTimeout.java:74)
</error>
    <system-out><![CDATA[2019-09-25 07:19:53,072 [Thread-1344] WARN  server.ServerUtils (ServerUtils.java:getScmDbDir(145)) - ozone.scm.db.dirs is not configured. We recommend adding this setting. Falling back to ozone.metadata.dirs instead.
2019-09-25 07:19:53,098 [Thread-1344] WARN  server.ServerUtils (ServerUtils.java:getScmDbDir(145)) - ozone.scm.db.dirs is not configured. We recommend adding this setting. Falling back to ozone.metadata.dirs instead.
2019-09-25 07:19:53,099 [Thread-1344] WARN  server.ServerUtils (ServerUtils.java:getScmDbDir(145)) - ozone.scm.db.dirs is not configured. We recommend adding this setting. Falling back to ozone.metadata.dirs instead.
2019-09-25 07:19:53,099 [Thread-1344] INFO  db.DBStoreBuilder (DBStoreBuilder.java:addTable(110)) - using custom profile for table: deletedBlocks
2019-09-25 07:19:53,099 [Thread-1344] INFO  db.DBStoreBuilder (DBStoreBuilder.java:processTables(161)) - Using default column profile:DBProfile.DISK for Table:deletedBlocks
2019-09-25 07:19:53,099 [Thread-1344] INFO  db.DBStoreBuilder (DBStoreBuilder.java:addTable(110)) - using custom profile for table: validCerts
2019-09-25 07:19:53,099 [Thread-1344] INFO  db.DBStoreBuilder (DBStoreBuilder.java:processTables(161)) - Using default column profile:DBProfile.DISK for Table:validCerts
2019-09-25 07:19:53,100 [Thread-1344] INFO  db.DBStoreBuilder (DBStoreBuilder.java:addTable(110)) - using custom profile for table: revokedCerts
2019-09-25 07:19:53,100 [Thread-1344] INFO  db.DBStoreBuilder (DBStoreBuilder.java:processTables(161)) - Using default column profile:DBProfile.DISK for Table:revokedCerts
2019-09-25 07:19:53,100 [Thread-1344] INFO  db.DBStoreBuilder (DBStoreBuilder.java:addTable(110)) - using custom profile for table: default
2019-09-25 07:19:53,100 [Thread-1344] INFO  db.DBStoreBuilder (DBStoreBuilder.java:processTables(167)) - Using default column profile:DBProfile.DISK for Table:default
2019-09-25 07:19:53,100 [Thread-1344] INFO  db.DBStoreBuilder (DBStoreBuilder.java:getDbProfile(198)) - Using default options. DBProfile.DISK
2019-09-25 07:19:53,285 [Thread-1344] INFO  net.NodeSchemaLoader (NodeSchemaLoader.java:loadSchemaFromFile(125)) - Loading file from sun.misc.CompoundEnumeration@3a5845f
2019-09-25 07:19:53,285 [Thread-1344] INFO  net.NodeSchemaLoader (NodeSchemaLoader.java:loadSchema(171)) - Loading network topology layer schema file
2019-09-25 07:19:53,289 [Thread-1344] WARN  server.ServerUtils (ServerUtils.java:sanitizeUserArgs(70)) - ozone.scm.stale.node.interval value = 300000 is larger than max = 100000 based on the key value of ozone.scm.heartbeat.thread.interval, reset to the max value 100000.
2019-09-25 07:19:53,289 [Thread-1344] WARN  server.ServerUtils (ServerUtils.java:sanitizeUserArgs(70)) - ozone.scm.stale.node.interval value = 300000 is larger than max = 100000 based on the key value of ozone.scm.heartbeat.thread.interval, reset to the max value 100000.
2019-09-25 07:19:53,289 [Thread-1344] INFO  node.SCMNodeManager (SCMNodeManager.java:<init>(114)) - Entering startup safe mode.
2019-09-25 07:19:53,289 [Thread-1344] INFO  algorithms.ContainerPlacementPolicyFactory (ContainerPlacementPolicyFactory.java:getPolicy(59)) - Create container placement policy of type org.apache.hadoop.hdds.scm.container.placement.algorithms.SCMContainerPlacementRandom
2019-09-25 07:19:53,290 [Thread-1344] WARN  server.ServerUtils (ServerUtils.java:getScmDbDir(145)) - ozone.scm.db.dirs is not configured. We recommend adding this setting. Falling back to ozone.metadata.dirs instead.
2019-09-25 07:19:53,336 [Thread-1344] INFO  pipeline.SCMPipelineManager (SCMPipelineManager.java:initializePipelineState(132)) - No pipeline exists in current db
2019-09-25 07:19:53,337 [Thread-1344] WARN  server.ServerUtils (ServerUtils.java:getScmDbDir(145)) - ozone.scm.db.dirs is not configured. We recommend adding this setting. Falling back to ozone.metadata.dirs instead.
2019-09-25 07:19:53,384 [Thread-1344] WARN  events.EventQueue (EventQueue.java:fireEvent(183)) - No event handler registered for event TypedEvent{payloadType=SafeModeStatus, name='SafeModeStatus'}
2019-09-25 07:19:53,385 [Thread-1344] INFO  ipc.CallQueueManager (CallQueueManager.java:<init>(84)) - Using callQueue: class java.util.concurrent.LinkedBlockingQueue, queueCapacity: 2000, scheduler: class org.apache.hadoop.ipc.DefaultRpcScheduler, ipcBackoff: false.
2019-09-25 07:19:53,386 [Socket Reader #1 for port 40698] INFO  ipc.Server (Server.java:run(1074)) - Starting Socket Reader #1 for port 40698
2019-09-25 07:19:53,388 [Thread-1344] INFO  ipc.CallQueueManager (CallQueueManager.java:<init>(84)) - Using callQueue: class java.util.concurrent.LinkedBlockingQueue, queueCapacity: 2000, scheduler: class org.apache.hadoop.ipc.DefaultRpcScheduler, ipcBackoff: false.
2019-09-25 07:19:53,389 [Socket Reader #1 for port 33895] INFO  ipc.Server (Server.java:run(1074)) - Starting Socket Reader #1 for port 33895
2019-09-25 07:19:53,390 [Thread-1344] INFO  ipc.CallQueueManager (CallQueueManager.java:<init>(84)) - Using callQueue: class java.util.concurrent.LinkedBlockingQueue, queueCapacity: 2000, scheduler: class org.apache.hadoop.ipc.DefaultRpcScheduler, ipcBackoff: false.
2019-09-25 07:19:53,391 [Socket Reader #1 for port 38691] INFO  ipc.Server (Server.java:run(1074)) - Starting Socket Reader #1 for port 38691
2019-09-25 07:19:53,396 [Thread-1344] INFO  hdfs.DFSUtil (DFSUtil.java:httpServerTemplateForNNAndJN(1641)) - Starting Web-server for scm at: http://0.0.0.0:0
2019-09-25 07:19:53,398 [Thread-1344] INFO  server.AuthenticationFilter (AuthenticationFilter.java:constructSecretProvider(240)) - Unable to initialize FileSignerSecretProvider, falling back to use random secrets.
2019-09-25 07:19:53,399 [Thread-1344] WARN  http.HttpRequestLog (HttpRequestLog.java:getRequestLog(97)) - Jetty request log can only be enabled using Log4j
2019-09-25 07:19:53,400 [Thread-1344] INFO  http.HttpServer2 (HttpServer2.java:addGlobalFilter(975)) - Added global filter 'safety' (class=org.apache.hadoop.http.HttpServer2$QuotingInputFilter)
2019-09-25 07:19:53,401 [Thread-1344] INFO  http.HttpServer2 (HttpServer2.java:addFilter(948)) - Added filter static_user_filter (class=org.apache.hadoop.http.lib.StaticUserWebFilter$StaticUserFilter) to context scm
2019-09-25 07:19:53,401 [Thread-1344] INFO  http.HttpServer2 (HttpServer2.java:addFilter(958)) - Added filter static_user_filter (class=org.apache.hadoop.http.lib.StaticUserWebFilter$StaticUserFilter) to context logs
2019-09-25 07:19:53,401 [Thread-1344] INFO  http.HttpServer2 (HttpServer2.java:addFilter(958)) - Added filter static_user_filter (class=org.apache.hadoop.http.lib.StaticUserWebFilter$StaticUserFilter) to context static
2019-09-25 07:19:53,403 [Thread-1344] INFO  server.StorageContainerManager (StorageContainerManager.java:start(770)) - StorageContainerLocationProtocol RPC server is listening at /0.0.0.0:38691
2019-09-25 07:19:53,405 [Thread-1344] WARN  impl.MetricsConfig (MetricsConfig.java:loadFirst(134)) - Cannot locate configuration: tried hadoop-metrics2-storagecontainermanager.properties,hadoop-metrics2.properties
2019-09-25 07:19:53,407 [Thread-1344] INFO  impl.MetricsSystemImpl (MetricsSystemImpl.java:startTimer(374)) - Scheduled Metric snapshot period at 10 second(s).
2019-09-25 07:19:53,407 [Thread-1344] INFO  impl.MetricsSystemImpl (MetricsSystemImpl.java:start(191)) - StorageContainerManager metrics system started
2019-09-25 07:19:53,501 [Thread-1344] WARN  impl.MetricsSystemImpl (MetricsSystemImpl.java:register(276)) - Sink prometheus already exists!
2019-09-25 07:19:53,559 [Thread-1344] INFO  server.SCMClientProtocolServer (SCMClientProtocolServer.java:start(151)) - RPC server for Client  is listening at /0.0.0.0:38691
2019-09-25 07:19:53,559 [IPC Server Responder] INFO  ipc.Server (Server.java:run(1314)) - IPC Server Responder: starting
2019-09-25 07:19:53,559 [IPC Server listener on 38691] INFO  ipc.Server (Server.java:run(1153)) - IPC Server listener on 38691: starting
2019-09-25 07:19:53,566 [Thread-1344] INFO  server.StorageContainerManager (StorageContainerManager.java:start(780)) - ScmBlockLocationProtocol RPC server is listening at /0.0.0.0:33895
2019-09-25 07:19:53,566 [Thread-1344] INFO  server.SCMBlockProtocolServer (SCMBlockProtocolServer.java:start(146)) - RPC server for Block Protocol is listening at /0.0.0.0:33895
2019-09-25 07:19:53,567 [IPC Server Responder] INFO  ipc.Server (Server.java:run(1314)) - IPC Server Responder: starting
2019-09-25 07:19:53,567 [IPC Server listener on 33895] INFO  ipc.Server (Server.java:run(1153)) - IPC Server listener on 33895: starting
2019-09-25 07:19:53,573 [Thread-1344] INFO  server.StorageContainerManager (StorageContainerManager.java:start(784)) - ScmDatanodeProtocl RPC server is listening at /0.0.0.0:40698
2019-09-25 07:19:53,573 [Thread-1344] INFO  server.SCMDatanodeProtocolServer (SCMDatanodeProtocolServer.java:start(191)) - RPC server for DataNodes is listening at /0.0.0.0:40698
2019-09-25 07:19:53,574 [IPC Server Responder] INFO  ipc.Server (Server.java:run(1314)) - IPC Server Responder: starting
2019-09-25 07:19:53,574 [IPC Server listener on 40698] INFO  ipc.Server (Server.java:run(1153)) - IPC Server listener on 40698: starting
2019-09-25 07:19:53,577 [Thread-1344] INFO  http.HttpServer2 (HttpServer2.java:bindListener(1191)) - Jetty bound to port 45731
2019-09-25 07:19:53,577 [Thread-1344] INFO  server.Server (Server.java:doStart(351)) - jetty-9.3.25.v20180904, build timestamp: 2018-09-04T21:11:46Z, git hash: 3ce520221d0240229c862b122d2b06c12a625732
2019-09-25 07:19:53,593 [Thread-1344] INFO  handler.ContextHandler (ContextHandler.java:doStart(781)) - Started o.e.j.s.ServletContextHandler@199bfdf8{/logs,file:///workdir/hadoop-ozone/ozonefs/target/log,AVAILABLE}
2019-09-25 07:19:53,594 [Thread-1344] INFO  handler.ContextHandler (ContextHandler.java:doStart(781)) - Started o.e.j.s.ServletContextHandler@33763700{/static,jar:file:/home/user/.m2/repository/org/apache/hadoop/hadoop-hdds-server-scm/0.5.0-SNAPSHOT/hadoop-hdds-server-scm-0.5.0-SNAPSHOT.jar!/webapps/static,AVAILABLE}
2019-09-25 07:19:53,654 [Thread-1344] INFO  handler.ContextHandler (ContextHandler.java:doStart(781)) - Started o.e.j.w.WebAppContext@7963f1c3{/,file:///tmp/jetty-0.0.0.0-45731-scm-_-any-1837611940543432655.dir/webapp/,AVAILABLE}{/scm}
2019-09-25 07:19:53,654 [Thread-1344] INFO  server.AbstractConnector (AbstractConnector.java:doStart(278)) - Started ServerConnector@28298a35{HTTP/1.1,[http/1.1]}{0.0.0.0:45731}
2019-09-25 07:19:53,656 [Thread-1344] INFO  server.Server (Server.java:doStart(419)) - Started @91177ms
2019-09-25 07:19:53,656 [Thread-1344] WARN  impl.MetricsSystemImpl (MetricsSystemImpl.java:register(276)) - Sink prometheus already exists!
2019-09-25 07:19:53,658 [Thread-1344] INFO  server.BaseHttpServer (BaseHttpServer.java:updateConnectorAddress(215)) - HTTP server of SCM is listening at http://0.0.0.0:45731
2019-09-25 07:19:53,659 [Thread-1344] WARN  server.ServerUtils (ServerUtils.java:getDBPath(222)) - ozone.om.db.dirs is not configured. We recommend adding this setting. Falling back to ozone.metadata.dirs instead.
2019-09-25 07:19:53,660 [org.apache.hadoop.util.JvmPauseMonitor$Monitor@7dec6253] INFO  util.JvmPauseMonitor (JvmPauseMonitor.java:run(188)) - Starting JVM pause monitor
2019-09-25 07:19:53,674 [Thread-1344] WARN  server.ServerUtils (ServerUtils.java:getDBPath(222)) - ozone.om.db.dirs is not configured. We recommend adding this setting. Falling back to ozone.metadata.dirs instead.
2019-09-25 07:19:53,674 [Thread-1344] WARN  server.ServerUtils (ServerUtils.java:getDBPath(222)) - ozone.om.db.dirs is not configured. We recommend adding this setting. Falling back to ozone.metadata.dirs instead.
2019-09-25 07:19:53,674 [Thread-1344] INFO  om.OzoneManager (OzoneManager.java:setOMNodeDetails(652)) - OM Service ID is not set. Setting it to the default ID: omServiceIdDefault
2019-09-25 07:19:53,674 [Thread-1344] INFO  om.OzoneManager (OzoneManager.java:setOMNodeDetails(658)) - OM Node ID is not set. Setting it to the OmStorage's OmID: 7e7afc69-8dc1-4988-b68c-0ab8392faf0c
2019-09-25 07:19:53,675 [Thread-1344] INFO  om.OzoneManager (OzoneManager.java:loadOMHAConfigs(609)) - Found matching OM address with OMServiceId: null, OMNodeId: null, RPC Address: localhost:0 and Ratis port: 9872
2019-09-25 07:19:53,691 [Thread-1344] WARN  server.ServerUtils (ServerUtils.java:getDBPath(222)) - ozone.om.db.dirs is not configured. We recommend adding this setting. Falling back to ozone.metadata.dirs instead.
2019-09-25 07:19:53,692 [Thread-1344] INFO  db.DBStoreBuilder (DBStoreBuilder.java:addTable(110)) - using custom profile for table: userTable
2019-09-25 07:19:53,692 [Thread-1344] INFO  db.DBStoreBuilder (DBStoreBuilder.java:processTables(161)) - Using default column profile:DBProfile.DISK for Table:userTable
2019-09-25 07:19:53,692 [Thread-1344] INFO  db.DBStoreBuilder (DBStoreBuilder.java:addTable(110)) - using custom profile for table: volumeTable
2019-09-25 07:19:53,692 [Thread-1344] INFO  db.DBStoreBuilder (DBStoreBuilder.java:processTables(161)) - Using default column profile:DBProfile.DISK for Table:volumeTable
2019-09-25 07:19:53,692 [Thread-1344] INFO  db.DBStoreBuilder (DBStoreBuilder.java:addTable(110)) - using custom profile for table: bucketTable
2019-09-25 07:19:53,692 [Thread-1344] INFO  db.DBStoreBuilder (DBStoreBuilder.java:processTables(161)) - Using default column profile:DBProfile.DISK for Table:bucketTable
2019-09-25 07:19:53,692 [Thread-1344] INFO  db.DBStoreBuilder (DBStoreBuilder.java:addTable(110)) - using custom profile for table: keyTable
2019-09-25 07:19:53,693 [Thread-1344] INFO  db.DBStoreBuilder (DBStoreBuilder.java:processTables(161)) - Using default column profile:DBProfile.DISK for Table:keyTable
2019-09-25 07:19:53,693 [Thread-1344] INFO  db.DBStoreBuilder (DBStoreBuilder.java:addTable(110)) - using custom profile for table: deletedTable
2019-09-25 07:19:53,693 [Thread-1344] INFO  db.DBStoreBuilder (DBStoreBuilder.java:processTables(161)) - Using default column profile:DBProfile.DISK for Table:deletedTable
2019-09-25 07:19:53,693 [Thread-1344] INFO  db.DBStoreBuilder (DBStoreBuilder.java:addTable(110)) - using custom profile for table: openKeyTable
2019-09-25 07:19:53,693 [Thread-1344] INFO  db.DBStoreBuilder (DBStoreBuilder.java:processTables(161)) - Using default column profile:DBProfile.DISK for Table:openKeyTable
2019-09-25 07:19:53,693 [Thread-1344] INFO  db.DBStoreBuilder (DBStoreBuilder.java:addTable(110)) - using custom profile for table: s3Table
2019-09-25 07:19:53,693 [Thread-1344] INFO  db.DBStoreBuilder (DBStoreBuilder.java:processTables(161)) - Using default column profile:DBProfile.DISK for Table:s3Table
2019-09-25 07:19:53,694 [Thread-1344] INFO  db.DBStoreBuilder (DBStoreBuilder.java:addTable(110)) - using custom profile for table: multipartInfoTable
2019-09-25 07:19:53,694 [Thread-1344] INFO  db.DBStoreBuilder (DBStoreBuilder.java:processTables(161)) - Using default column profile:DBProfile.DISK for Table:multipartInfoTable
2019-09-25 07:19:53,694 [Thread-1344] INFO  db.DBStoreBuilder (DBStoreBuilder.java:addTable(110)) - using custom profile for table: dTokenTable
2019-09-25 07:19:53,694 [Thread-1344] INFO  db.DBStoreBuilder (DBStoreBuilder.java:processTables(161)) - Using default column profile:DBProfile.DISK for Table:dTokenTable
2019-09-25 07:19:53,694 [Thread-1344] INFO  db.DBStoreBuilder (DBStoreBuilder.java:addTable(110)) - using custom profile for table: s3SecretTable
2019-09-25 07:19:53,694 [Thread-1344] INFO  db.DBStoreBuilder (DBStoreBuilder.java:processTables(161)) - Using default column profile:DBProfile.DISK for Table:s3SecretTable
2019-09-25 07:19:53,694 [Thread-1344] INFO  db.DBStoreBuilder (DBStoreBuilder.java:addTable(110)) - using custom profile for table: prefixTable
2019-09-25 07:19:53,695 [Thread-1344] INFO  db.DBStoreBuilder (DBStoreBuilder.java:processTables(161)) - Using default column profile:DBProfile.DISK for Table:prefixTable
2019-09-25 07:19:53,695 [Thread-1344] INFO  db.DBStoreBuilder (DBStoreBuilder.java:addTable(110)) - using custom profile for table: default
2019-09-25 07:19:53,695 [Thread-1344] INFO  db.DBStoreBuilder (DBStoreBuilder.java:processTables(167)) - Using default column profile:DBProfile.DISK for Table:default
2019-09-25 07:19:53,695 [Thread-1344] INFO  db.DBStoreBuilder (DBStoreBuilder.java:getDbProfile(198)) - Using default options. DBProfile.DISK
2019-09-25 07:19:54,231 [Thread-1344] INFO  ipc.CallQueueManager (CallQueueManager.java:<init>(84)) - Using callQueue: class java.util.concurrent.LinkedBlockingQueue, queueCapacity: 2000, scheduler: class org.apache.hadoop.ipc.DefaultRpcScheduler, ipcBackoff: false.
2019-09-25 07:19:54,232 [Socket Reader #1 for port 35739] INFO  ipc.Server (Server.java:run(1074)) - Starting Socket Reader #1 for port 35739
2019-09-25 07:19:54,263 [Thread-1344] INFO  om.OzoneManager (OzoneManager.java:start(1243)) - OzoneManager RPC server is listening at localhost/127.0.0.1:35739
2019-09-25 07:19:54,263 [Thread-1344] INFO  impl.MetricsSystemImpl (MetricsSystemImpl.java:init(158)) - OzoneManager metrics system started (again)
2019-09-25 07:19:54,264 [IPC Server Responder] INFO  ipc.Server (Server.java:run(1314)) - IPC Server Responder: starting
2019-09-25 07:19:54,264 [IPC Server listener on 35739] INFO  ipc.Server (Server.java:run(1153)) - IPC Server listener on 35739: starting
2019-09-25 07:19:54,272 [Thread-1344] INFO  hdfs.DFSUtil (DFSUtil.java:httpServerTemplateForNNAndJN(1641)) - Starting Web-server for ozoneManager at: http://0.0.0.0:0
2019-09-25 07:19:54,275 [Thread-1344] INFO  server.AuthenticationFilter (AuthenticationFilter.java:constructSecretProvider(240)) - Unable to initialize FileSignerSecretProvider, falling back to use random secrets.
2019-09-25 07:19:54,276 [Thread-1344] WARN  http.HttpRequestLog (HttpRequestLog.java:getRequestLog(97)) - Jetty request log can only be enabled using Log4j
2019-09-25 07:19:54,279 [Thread-1344] INFO  http.HttpServer2 (HttpServer2.java:addGlobalFilter(975)) - Added global filter 'safety' (class=org.apache.hadoop.http.HttpServer2$QuotingInputFilter)
2019-09-25 07:19:54,280 [Thread-1344] INFO  http.HttpServer2 (HttpServer2.java:addFilter(948)) - Added filter static_user_filter (class=org.apache.hadoop.http.lib.StaticUserWebFilter$StaticUserFilter) to context ozoneManager
2019-09-25 07:19:54,280 [Thread-1344] INFO  http.HttpServer2 (HttpServer2.java:addFilter(958)) - Added filter static_user_filter (class=org.apache.hadoop.http.lib.StaticUserWebFilter$StaticUserFilter) to context logs
2019-09-25 07:19:54,280 [Thread-1344] INFO  http.HttpServer2 (HttpServer2.java:addFilter(958)) - Added filter static_user_filter (class=org.apache.hadoop.http.lib.StaticUserWebFilter$StaticUserFilter) to context static
2019-09-25 07:19:54,281 [Thread-1344] INFO  http.HttpServer2 (HttpServer2.java:bindListener(1191)) - Jetty bound to port 33696
2019-09-25 07:19:54,281 [Thread-1344] INFO  server.Server (Server.java:doStart(351)) - jetty-9.3.25.v20180904, build timestamp: 2018-09-04T21:11:46Z, git hash: 3ce520221d0240229c862b122d2b06c12a625732
2019-09-25 07:19:54,283 [Thread-1344] INFO  handler.ContextHandler (ContextHandler.java:doStart(781)) - Started o.e.j.s.ServletContextHandler@312c850c{/logs,file:///workdir/hadoop-ozone/ozonefs/target/log,AVAILABLE}
2019-09-25 07:19:54,284 [Thread-1344] INFO  handler.ContextHandler (ContextHandler.java:doStart(781)) - Started o.e.j.s.ServletContextHandler@5fc547eb{/static,jar:file:/home/user/.m2/repository/org/apache/hadoop/hadoop-ozone-ozone-manager/0.5.0-SNAPSHOT/hadoop-ozone-ozone-manager-0.5.0-SNAPSHOT.jar!/webapps/static,AVAILABLE}
2019-09-25 07:19:54,347 [Thread-1344] INFO  handler.ContextHandler (ContextHandler.java:doStart(781)) - Started o.e.j.w.WebAppContext@7449c97c{/,file:///tmp/jetty-0.0.0.0-33696-ozoneManager-_-any-5319191377675679315.dir/webapp/,AVAILABLE}{/ozoneManager}
2019-09-25 07:19:54,348 [Thread-1344] INFO  server.AbstractConnector (AbstractConnector.java:doStart(278)) - Started ServerConnector@2e9832df{HTTP/1.1,[http/1.1]}{0.0.0.0:33696}
2019-09-25 07:19:54,350 [Thread-1344] INFO  server.Server (Server.java:doStart(419)) - Started @91870ms
2019-09-25 07:19:54,350 [Thread-1344] WARN  impl.MetricsSystemImpl (MetricsSystemImpl.java:register(276)) - Sink prometheus already exists!
2019-09-25 07:19:54,351 [Thread-1344] INFO  server.BaseHttpServer (BaseHttpServer.java:updateConnectorAddress(215)) - HTTP server of OZONEMANAGER is listening at http://0.0.0.0:33696
2019-09-25 07:19:54,360 [Thread-1344] INFO  impl.MetricsSystemImpl (MetricsSystemImpl.java:init(158)) - HddsDatanode metrics system started (again)
2019-09-25 07:19:54,364 [Thread-1344] INFO  ozone.HddsDatanodeService (HddsDatanodeService.java:start(184)) - HddsDatanodeService host:pr-hdds-1569-s62bp-3040748787 ip:192.168.30.10
2019-09-25 07:19:54,372 [Thread-1344] INFO  volume.HddsVolume (HddsVolume.java:<init>(176)) - Creating Volume: /workdir/hadoop-ozone/ozonefs/target/test-dir/MiniOzoneClusterImpl-a99f6f92-dd73-499d-99af-4102c4e47462/datanode-0/data/containers/hdds of  storage type : DISK and capacity : 1482555576320
2019-09-25 07:19:54,372 [Thread-1344] INFO  volume.VolumeSet (VolumeSet.java:initializeVolumeSet(170)) - Added Volume : /workdir/hadoop-ozone/ozonefs/target/test-dir/MiniOzoneClusterImpl-a99f6f92-dd73-499d-99af-4102c4e47462/datanode-0/data/containers/hdds to VolumeSet
2019-09-25 07:19:54,372 [Thread-1344] INFO  volume.ThrottledAsyncChecker (ThrottledAsyncChecker.java:schedule(139)) - Scheduling a check for org.apache.hadoop.ozone.container.common.volume.HddsVolume@61235b24
2019-09-25 07:19:54,373 [Thread-1344] INFO  volume.HddsVolumeChecker (HddsVolumeChecker.java:checkAllVolumes(202)) - Scheduled health check for volume org.apache.hadoop.ozone.container.common.volume.HddsVolume@61235b24
2019-09-25 07:19:54,406 [Thread-1344] INFO  impl.RaftServerProxy (ConfUtils.java:logGet(43)) - raft.rpc.type = GRPC (default)
2019-09-25 07:19:54,407 [Thread-1344] INFO  grpc.GrpcFactory (GrpcFactory.java:checkPooledByteBufAllocatorUseCacheForAllThreads(45)) - PERFORMANCE WARNING: useCacheForAllThreads is true that may cause Netty to create a lot garbage objects and, as a result, trigger GC.
	It is recommended to disable useCacheForAllThreads by setting -Dorg.apache.ratis.thirdparty.io.netty.allocator.useCacheForAllThreads=false in command line.
2019-09-25 07:19:54,407 [Thread-1344] INFO  grpc.GrpcConfigKeys$Server (ConfUtils.java:logGet(43)) - raft.grpc.server.port = 0 (default)
2019-09-25 07:19:54,407 [Thread-1344] INFO  server.GrpcService (ConfUtils.java:logGet(43)) - raft.grpc.message.size.max = 33570816 (custom)
2019-09-25 07:19:54,408 [Thread-1344] INFO  server.RaftServerConfigKeys (ConfUtils.java:logGet(43)) - raft.server.log.appender.buffer.byte-limit = 33554432 (custom)
2019-09-25 07:19:54,408 [Thread-1344] INFO  server.GrpcService (ConfUtils.java:logGet(43)) - raft.grpc.flow.control.window = 1MB (=1048576) (default)
2019-09-25 07:19:54,408 [Thread-1344] INFO  server.RaftServerConfigKeys (ConfUtils.java:logGet(43)) - raft.server.rpc.request.timeout = 3000ms (default)
2019-09-25 07:19:54,409 [Thread-1344] INFO  server.RaftServerConfigKeys (ConfUtils.java:logGet(43)) - raft.server.storage.dir = [/workdir/hadoop-ozone/ozonefs/target/test-dir/MiniOzoneClusterImpl-a99f6f92-dd73-499d-99af-4102c4e47462/datanode-0/data/ratis] (custom)
2019-09-25 07:19:54,412 [Thread-1344] INFO  hdfs.DFSUtil (DFSUtil.java:httpServerTemplateForNNAndJN(1641)) - Starting Web-server for hddsDatanode at: http://0.0.0.0:0
2019-09-25 07:19:54,414 [Thread-1344] INFO  server.AuthenticationFilter (AuthenticationFilter.java:constructSecretProvider(240)) - Unable to initialize FileSignerSecretProvider, falling back to use random secrets.
2019-09-25 07:19:54,414 [Thread-1344] WARN  http.HttpRequestLog (HttpRequestLog.java:getRequestLog(97)) - Jetty request log can only be enabled using Log4j
2019-09-25 07:19:54,416 [Thread-1344] INFO  http.HttpServer2 (HttpServer2.java:addGlobalFilter(975)) - Added global filter 'safety' (class=org.apache.hadoop.http.HttpServer2$QuotingInputFilter)
2019-09-25 07:19:54,417 [Thread-1344] INFO  http.HttpServer2 (HttpServer2.java:addFilter(948)) - Added filter static_user_filter (class=org.apache.hadoop.http.lib.StaticUserWebFilter$StaticUserFilter) to context hddsDatanode
2019-09-25 07:19:54,417 [Thread-1344] INFO  http.HttpServer2 (HttpServer2.java:addFilter(958)) - Added filter static_user_filter (class=org.apache.hadoop.http.lib.StaticUserWebFilter$StaticUserFilter) to context logs
2019-09-25 07:19:54,417 [Thread-1344] INFO  http.HttpServer2 (HttpServer2.java:addFilter(958)) - Added filter static_user_filter (class=org.apache.hadoop.http.lib.StaticUserWebFilter$StaticUserFilter) to context static
2019-09-25 07:19:54,418 [Thread-1344] INFO  http.HttpServer2 (HttpServer2.java:bindListener(1191)) - Jetty bound to port 45787
2019-09-25 07:19:54,418 [Thread-1344] INFO  server.Server (Server.java:doStart(351)) - jetty-9.3.25.v20180904, build timestamp: 2018-09-04T21:11:46Z, git hash: 3ce520221d0240229c862b122d2b06c12a625732
2019-09-25 07:19:54,420 [Thread-1344] INFO  handler.ContextHandler (ContextHandler.java:doStart(781)) - Started o.e.j.s.ServletContextHandler@3fbe7f8b{/logs,file:///workdir/hadoop-ozone/ozonefs/target/log,AVAILABLE}
2019-09-25 07:19:54,421 [Thread-1344] INFO  handler.ContextHandler (ContextHandler.java:doStart(781)) - Started o.e.j.s.ServletContextHandler@1a39deb2{/static,jar:file:/home/user/.m2/repository/org/apache/hadoop/hadoop-hdds-container-service/0.5.0-SNAPSHOT/hadoop-hdds-container-service-0.5.0-SNAPSHOT.jar!/webapps/static,AVAILABLE}
2019-09-25 07:19:54,454 [Thread-1344] INFO  handler.ContextHandler (ContextHandler.java:doStart(781)) - Started o.e.j.w.WebAppContext@6e3436e2{/,file:///tmp/jetty-0.0.0.0-45787-hddsDatanode-_-any-2769017403884308048.dir/webapp/,AVAILABLE}{/hddsDatanode}
2019-09-25 07:19:54,455 [Thread-1344] INFO  server.AbstractConnector (AbstractConnector.java:doStart(278)) - Started ServerConnector@32e426f{HTTP/1.1,[http/1.1]}{0.0.0.0:45787}
2019-09-25 07:19:54,457 [Thread-1344] INFO  server.Server (Server.java:doStart(419)) - Started @91977ms
2019-09-25 07:19:54,457 [Thread-1344] WARN  impl.MetricsSystemImpl (MetricsSystemImpl.java:register(276)) - Sink prometheus already exists!
2019-09-25 07:19:54,458 [Thread-1344] INFO  server.BaseHttpServer (BaseHttpServer.java:updateConnectorAddress(215)) - HTTP server of HDDSDATANODE is listening at http://0.0.0.0:45787
2019-09-25 07:19:54,458 [Thread-1344] INFO  impl.MetricsSystemImpl (MetricsSystemImpl.java:init(158)) - HddsDatanode metrics system started (again)
2019-09-25 07:19:54,463 [Thread-1344] INFO  ozone.HddsDatanodeService (HddsDatanodeService.java:start(184)) - HddsDatanodeService host:pr-hdds-1569-s62bp-3040748787 ip:192.168.30.10
2019-09-25 07:19:54,463 [org.apache.hadoop.util.JvmPauseMonitor$Monitor@761448f] INFO  util.JvmPauseMonitor (JvmPauseMonitor.java:run(188)) - Starting JVM pause monitor
2019-09-25 07:19:54,470 [Thread-1344] INFO  volume.HddsVolume (HddsVolume.java:<init>(176)) - Creating Volume: /workdir/hadoop-ozone/ozonefs/target/test-dir/MiniOzoneClusterImpl-a99f6f92-dd73-499d-99af-4102c4e47462/datanode-1/data/containers/hdds of  storage type : DISK and capacity : 1482555576320
2019-09-25 07:19:54,470 [Thread-1344] INFO  volume.VolumeSet (VolumeSet.java:initializeVolumeSet(170)) - Added Volume : /workdir/hadoop-ozone/ozonefs/target/test-dir/MiniOzoneClusterImpl-a99f6f92-dd73-499d-99af-4102c4e47462/datanode-1/data/containers/hdds to VolumeSet
2019-09-25 07:19:54,470 [Thread-1344] INFO  volume.ThrottledAsyncChecker (ThrottledAsyncChecker.java:schedule(139)) - Scheduling a check for org.apache.hadoop.ozone.container.common.volume.HddsVolume@16c8b1b1
2019-09-25 07:19:54,470 [Datanode State Machine Thread - 0] INFO  datanode.InitDatanodeState (InitDatanodeState.java:persistContainerDatanodeDetails(140)) - DatanodeDetails is persisted to /workdir/hadoop-ozone/ozonefs/target/test-dir/MiniOzoneClusterImpl-a99f6f92-dd73-499d-99af-4102c4e47462/datanode-0/meta/datanode.id
2019-09-25 07:19:54,470 [Thread-1344] INFO  volume.HddsVolumeChecker (HddsVolumeChecker.java:checkAllVolumes(202)) - Scheduled health check for volume org.apache.hadoop.ozone.container.common.volume.HddsVolume@16c8b1b1
2019-09-25 07:19:54,491 [Thread-1344] INFO  impl.RaftServerProxy (ConfUtils.java:logGet(43)) - raft.rpc.type = GRPC (default)
2019-09-25 07:19:54,491 [Thread-1344] INFO  grpc.GrpcFactory (GrpcFactory.java:checkPooledByteBufAllocatorUseCacheForAllThreads(45)) - PERFORMANCE WARNING: useCacheForAllThreads is true that may cause Netty to create a lot garbage objects and, as a result, trigger GC.
	It is recommended to disable useCacheForAllThreads by setting -Dorg.apache.ratis.thirdparty.io.netty.allocator.useCacheForAllThreads=false in command line.
2019-09-25 07:19:54,492 [Thread-1344] INFO  grpc.GrpcConfigKeys$Server (ConfUtils.java:logGet(43)) - raft.grpc.server.port = 0 (default)
2019-09-25 07:19:54,492 [Thread-1344] INFO  server.GrpcService (ConfUtils.java:logGet(43)) - raft.grpc.message.size.max = 33570816 (custom)
2019-09-25 07:19:54,492 [Thread-1344] INFO  server.RaftServerConfigKeys (ConfUtils.java:logGet(43)) - raft.server.log.appender.buffer.byte-limit = 33554432 (custom)
2019-09-25 07:19:54,492 [Thread-1344] INFO  server.GrpcService (ConfUtils.java:logGet(43)) - raft.grpc.flow.control.window = 1MB (=1048576) (default)
2019-09-25 07:19:54,492 [Thread-1344] INFO  server.RaftServerConfigKeys (ConfUtils.java:logGet(43)) - raft.server.rpc.request.timeout = 3000ms (default)
2019-09-25 07:19:54,493 [Thread-1344] INFO  server.RaftServerConfigKeys (ConfUtils.java:logGet(43)) - raft.server.storage.dir = [/workdir/hadoop-ozone/ozonefs/target/test-dir/MiniOzoneClusterImpl-a99f6f92-dd73-499d-99af-4102c4e47462/datanode-1/data/ratis] (custom)
2019-09-25 07:19:54,494 [Thread-1344] INFO  hdfs.DFSUtil (DFSUtil.java:httpServerTemplateForNNAndJN(1641)) - Starting Web-server for hddsDatanode at: http://0.0.0.0:0
2019-09-25 07:19:54,496 [Thread-1344] INFO  server.AuthenticationFilter (AuthenticationFilter.java:constructSecretProvider(240)) - Unable to initialize FileSignerSecretProvider, falling back to use random secrets.
2019-09-25 07:19:54,496 [Thread-1344] WARN  http.HttpRequestLog (HttpRequestLog.java:getRequestLog(97)) - Jetty request log can only be enabled using Log4j
2019-09-25 07:19:54,498 [Thread-1344] INFO  http.HttpServer2 (HttpServer2.java:addGlobalFilter(975)) - Added global filter 'safety' (class=org.apache.hadoop.http.HttpServer2$QuotingInputFilter)
2019-09-25 07:19:54,498 [Thread-1344] INFO  http.HttpServer2 (HttpServer2.java:addFilter(948)) - Added filter static_user_filter (class=org.apache.hadoop.http.lib.StaticUserWebFilter$StaticUserFilter) to context hddsDatanode
2019-09-25 07:19:54,498 [Thread-1344] INFO  http.HttpServer2 (HttpServer2.java:addFilter(958)) - Added filter static_user_filter (class=org.apache.hadoop.http.lib.StaticUserWebFilter$StaticUserFilter) to context logs
2019-09-25 07:19:54,499 [Thread-1344] INFO  http.HttpServer2 (HttpServer2.java:addFilter(958)) - Added filter static_user_filter (class=org.apache.hadoop.http.lib.StaticUserWebFilter$StaticUserFilter) to context static
2019-09-25 07:19:54,499 [Thread-1344] INFO  http.HttpServer2 (HttpServer2.java:bindListener(1191)) - Jetty bound to port 36333
2019-09-25 07:19:54,499 [Thread-1344] INFO  server.Server (Server.java:doStart(351)) - jetty-9.3.25.v20180904, build timestamp: 2018-09-04T21:11:46Z, git hash: 3ce520221d0240229c862b122d2b06c12a625732
2019-09-25 07:19:54,501 [Thread-1344] INFO  handler.ContextHandler (ContextHandler.java:doStart(781)) - Started o.e.j.s.ServletContextHandler@f854867{/logs,file:///workdir/hadoop-ozone/ozonefs/target/log,AVAILABLE}
2019-09-25 07:19:54,501 [Thread-1344] INFO  handler.ContextHandler (ContextHandler.java:doStart(781)) - Started o.e.j.s.ServletContextHandler@10b2c8a5{/static,jar:file:/home/user/.m2/repository/org/apache/hadoop/hadoop-hdds-container-service/0.5.0-SNAPSHOT/hadoop-hdds-container-service-0.5.0-SNAPSHOT.jar!/webapps/static,AVAILABLE}
2019-09-25 07:19:54,528 [Thread-1344] INFO  handler.ContextHandler (ContextHandler.java:doStart(781)) - Started o.e.j.w.WebAppContext@261c7576{/,file:///tmp/jetty-0.0.0.0-36333-hddsDatanode-_-any-2334207141680641096.dir/webapp/,AVAILABLE}{/hddsDatanode}
2019-09-25 07:19:54,528 [Thread-1344] INFO  server.AbstractConnector (AbstractConnector.java:doStart(278)) - Started ServerConnector@1d76547f{HTTP/1.1,[http/1.1]}{0.0.0.0:36333}
2019-09-25 07:19:54,532 [Thread-1344] INFO  server.Server (Server.java:doStart(419)) - Started @92052ms
2019-09-25 07:19:54,534 [Thread-1344] WARN  impl.MetricsSystemImpl (MetricsSystemImpl.java:register(276)) - Sink prometheus already exists!
2019-09-25 07:19:54,540 [Thread-1344] INFO  server.BaseHttpServer (BaseHttpServer.java:updateConnectorAddress(215)) - HTTP server of HDDSDATANODE is listening at http://0.0.0.0:36333
2019-09-25 07:19:54,544 [Thread-1344] INFO  impl.MetricsSystemImpl (MetricsSystemImpl.java:init(158)) - HddsDatanode metrics system started (again)
2019-09-25 07:19:54,545 [org.apache.hadoop.util.JvmPauseMonitor$Monitor@1b5aaaa1] INFO  util.JvmPauseMonitor (JvmPauseMonitor.java:run(188)) - Starting JVM pause monitor
2019-09-25 07:19:54,547 [Datanode State Machine Thread - 0] INFO  datanode.InitDatanodeState (InitDatanodeState.java:persistContainerDatanodeDetails(140)) - DatanodeDetails is persisted to /workdir/hadoop-ozone/ozonefs/target/test-dir/MiniOzoneClusterImpl-a99f6f92-dd73-499d-99af-4102c4e47462/datanode-1/meta/datanode.id
2019-09-25 07:19:54,555 [Thread-1344] INFO  ozone.HddsDatanodeService (HddsDatanodeService.java:start(184)) - HddsDatanodeService host:pr-hdds-1569-s62bp-3040748787 ip:192.168.30.10
2019-09-25 07:19:54,562 [Thread-1344] INFO  volume.HddsVolume (HddsVolume.java:<init>(176)) - Creating Volume: /workdir/hadoop-ozone/ozonefs/target/test-dir/MiniOzoneClusterImpl-a99f6f92-dd73-499d-99af-4102c4e47462/datanode-2/data/containers/hdds of  storage type : DISK and capacity : 1482555576320
2019-09-25 07:19:54,562 [Thread-1344] INFO  volume.VolumeSet (VolumeSet.java:initializeVolumeSet(170)) - Added Volume : /workdir/hadoop-ozone/ozonefs/target/test-dir/MiniOzoneClusterImpl-a99f6f92-dd73-499d-99af-4102c4e47462/datanode-2/data/containers/hdds to VolumeSet
2019-09-25 07:19:54,562 [Thread-1344] INFO  volume.ThrottledAsyncChecker (ThrottledAsyncChecker.java:schedule(139)) - Scheduling a check for org.apache.hadoop.ozone.container.common.volume.HddsVolume@4e991c3a
2019-09-25 07:19:54,563 [Thread-1344] INFO  volume.HddsVolumeChecker (HddsVolumeChecker.java:checkAllVolumes(202)) - Scheduled health check for volume org.apache.hadoop.ozone.container.common.volume.HddsVolume@4e991c3a
2019-09-25 07:19:54,582 [Thread-1344] INFO  impl.RaftServerProxy (ConfUtils.java:logGet(43)) - raft.rpc.type = GRPC (default)
2019-09-25 07:19:54,582 [Thread-1344] INFO  grpc.GrpcFactory (GrpcFactory.java:checkPooledByteBufAllocatorUseCacheForAllThreads(45)) - PERFORMANCE WARNING: useCacheForAllThreads is true that may cause Netty to create a lot garbage objects and, as a result, trigger GC.
	It is recommended to disable useCacheForAllThreads by setting -Dorg.apache.ratis.thirdparty.io.netty.allocator.useCacheForAllThreads=false in command line.
2019-09-25 07:19:54,582 [Thread-1344] INFO  grpc.GrpcConfigKeys$Server (ConfUtils.java:logGet(43)) - raft.grpc.server.port = 0 (default)
2019-09-25 07:19:54,582 [Thread-1344] INFO  server.GrpcService (ConfUtils.java:logGet(43)) - raft.grpc.message.size.max = 33570816 (custom)
2019-09-25 07:19:54,583 [Thread-1344] INFO  server.RaftServerConfigKeys (ConfUtils.java:logGet(43)) - raft.server.log.appender.buffer.byte-limit = 33554432 (custom)
2019-09-25 07:19:54,583 [Thread-1344] INFO  server.GrpcService (ConfUtils.java:logGet(43)) - raft.grpc.flow.control.window = 1MB (=1048576) (default)
2019-09-25 07:19:54,583 [Thread-1344] INFO  server.RaftServerConfigKeys (ConfUtils.java:logGet(43)) - raft.server.rpc.request.timeout = 3000ms (default)
2019-09-25 07:19:54,583 [Thread-1344] INFO  server.RaftServerConfigKeys (ConfUtils.java:logGet(43)) - raft.server.storage.dir = [/workdir/hadoop-ozone/ozonefs/target/test-dir/MiniOzoneClusterImpl-a99f6f92-dd73-499d-99af-4102c4e47462/datanode-2/data/ratis] (custom)
2019-09-25 07:19:54,585 [Thread-1344] INFO  hdfs.DFSUtil (DFSUtil.java:httpServerTemplateForNNAndJN(1641)) - Starting Web-server for hddsDatanode at: http://0.0.0.0:0
2019-09-25 07:19:54,586 [Thread-1344] INFO  server.AuthenticationFilter (AuthenticationFilter.java:constructSecretProvider(240)) - Unable to initialize FileSignerSecretProvider, falling back to use random secrets.
2019-09-25 07:19:54,587 [Thread-1344] WARN  http.HttpRequestLog (HttpRequestLog.java:getRequestLog(97)) - Jetty request log can only be enabled using Log4j
2019-09-25 07:19:54,588 [Thread-1344] INFO  http.HttpServer2 (HttpServer2.java:addGlobalFilter(975)) - Added global filter 'safety' (class=org.apache.hadoop.http.HttpServer2$QuotingInputFilter)
2019-09-25 07:19:54,589 [Thread-1344] INFO  http.HttpServer2 (HttpServer2.java:addFilter(948)) - Added filter static_user_filter (class=org.apache.hadoop.http.lib.StaticUserWebFilter$StaticUserFilter) to context hddsDatanode
2019-09-25 07:19:54,589 [Thread-1344] INFO  http.HttpServer2 (HttpServer2.java:addFilter(958)) - Added filter static_user_filter (class=org.apache.hadoop.http.lib.StaticUserWebFilter$StaticUserFilter) to context logs
2019-09-25 07:19:54,589 [Thread-1344] INFO  http.HttpServer2 (HttpServer2.java:addFilter(958)) - Added filter static_user_filter (class=org.apache.hadoop.http.lib.StaticUserWebFilter$StaticUserFilter) to context static
2019-09-25 07:19:54,590 [Thread-1344] INFO  http.HttpServer2 (HttpServer2.java:bindListener(1191)) - Jetty bound to port 33399
2019-09-25 07:19:54,590 [Thread-1344] INFO  server.Server (Server.java:doStart(351)) - jetty-9.3.25.v20180904, build timestamp: 2018-09-04T21:11:46Z, git hash: 3ce520221d0240229c862b122d2b06c12a625732
2019-09-25 07:19:54,591 [Thread-1344] INFO  handler.ContextHandler (ContextHandler.java:doStart(781)) - Started o.e.j.s.ServletContextHandler@42ce2b18{/logs,file:///workdir/hadoop-ozone/ozonefs/target/log,AVAILABLE}
2019-09-25 07:19:54,592 [Thread-1344] INFO  handler.ContextHandler (ContextHandler.java:doStart(781)) - Started o.e.j.s.ServletContextHandler@799c76c4{/static,jar:file:/home/user/.m2/repository/org/apache/hadoop/hadoop-hdds-container-service/0.5.0-SNAPSHOT/hadoop-hdds-container-service-0.5.0-SNAPSHOT.jar!/webapps/static,AVAILABLE}
2019-09-25 07:19:54,626 [Thread-1344] INFO  handler.ContextHandler (ContextHandler.java:doStart(781)) - Started o.e.j.w.WebAppContext@75c46623{/,file:///tmp/jetty-0.0.0.0-33399-hddsDatanode-_-any-7089234287158747905.dir/webapp/,AVAILABLE}{/hddsDatanode}
2019-09-25 07:19:54,627 [Thread-1344] INFO  server.AbstractConnector (AbstractConnector.java:doStart(278)) - Started ServerConnector@72294761{HTTP/1.1,[http/1.1]}{0.0.0.0:33399}
2019-09-25 07:19:54,629 [Thread-1344] INFO  server.Server (Server.java:doStart(419)) - Started @92149ms
2019-09-25 07:19:54,629 [Thread-1344] WARN  impl.MetricsSystemImpl (MetricsSystemImpl.java:register(276)) - Sink prometheus already exists!
2019-09-25 07:19:54,630 [Thread-1344] INFO  server.BaseHttpServer (BaseHttpServer.java:updateConnectorAddress(215)) - HTTP server of HDDSDATANODE is listening at http://0.0.0.0:33399
2019-09-25 07:19:54,630 [Thread-1344] INFO  ozone.MiniOzoneClusterImpl (MiniOzoneClusterImpl.java:lambda$waitForClusterToBeReady$0(147)) - Waiting for cluster to be ready. Got 0 of 3 DN Heartbeats.
2019-09-25 07:19:54,631 [org.apache.hadoop.util.JvmPauseMonitor$Monitor@18afd6ff] INFO  util.JvmPauseMonitor (JvmPauseMonitor.java:run(188)) - Starting JVM pause monitor
2019-09-25 07:19:54,633 [Datanode State Machine Thread - 0] INFO  datanode.InitDatanodeState (InitDatanodeState.java:persistContainerDatanodeDetails(140)) - DatanodeDetails is persisted to /workdir/hadoop-ozone/ozonefs/target/test-dir/MiniOzoneClusterImpl-a99f6f92-dd73-499d-99af-4102c4e47462/datanode-2/meta/datanode.id
2019-09-25 07:19:55,630 [Thread-1344] INFO  ozone.MiniOzoneClusterImpl (MiniOzoneClusterImpl.java:lambda$waitForClusterToBeReady$0(147)) - Waiting for cluster to be ready. Got 0 of 3 DN Heartbeats.
2019-09-25 07:19:56,494 [Datanode State Machine Thread - 0] INFO  ozoneimpl.OzoneContainer (OzoneContainer.java:start(217)) - Attempting to start container services.
2019-09-25 07:19:56,496 [Datanode State Machine Thread - 0] INFO  ozoneimpl.OzoneContainer (OzoneContainer.java:startContainerScrub(179)) - Background container scanner has been disabled.
2019-09-25 07:19:56,496 [Datanode State Machine Thread - 0] INFO  ratis.XceiverServerRatis (XceiverServerRatis.java:start(411)) - Starting XceiverServerRatis 14c372b8-c6a2-43bc-9321-f88ebc8119bc at port 0
2019-09-25 07:19:56,504 [Datanode State Machine Thread - 0] INFO  impl.RaftServerProxy (RaftServerProxy.java:lambda$start$3(299)) - 14c372b8-c6a2-43bc-9321-f88ebc8119bc: start RPC server
2019-09-25 07:19:56,507 [Datanode State Machine Thread - 0] INFO  server.GrpcService (GrpcService.java:startImpl(158)) - 14c372b8-c6a2-43bc-9321-f88ebc8119bc: GrpcService started, listening on 0.0.0.0/0.0.0.0:37420
2019-09-25 07:19:56,507 [Datanode State Machine Thread - 0] INFO  ratis.XceiverServerRatis (XceiverServerRatis.java:start(421)) - XceiverServerRatis 14c372b8-c6a2-43bc-9321-f88ebc8119bc is started using port 37420
2019-09-25 07:19:56,508 [Datanode State Machine Thread - 0] INFO  server.XceiverServerGrpc (XceiverServerGrpc.java:start(149)) - XceiverServerGrpc 14c372b8-c6a2-43bc-9321-f88ebc8119bc is started using port 36640
2019-09-25 07:19:56,561 [Datanode State Machine Thread - 0] INFO  ozoneimpl.OzoneContainer (OzoneContainer.java:start(217)) - Attempting to start container services.
2019-09-25 07:19:56,561 [Datanode State Machine Thread - 0] INFO  ozoneimpl.OzoneContainer (OzoneContainer.java:startContainerScrub(179)) - Background container scanner has been disabled.
2019-09-25 07:19:56,561 [Datanode State Machine Thread - 0] INFO  ratis.XceiverServerRatis (XceiverServerRatis.java:start(411)) - Starting XceiverServerRatis 1f2e38a2-0128-463d-8529-15ece9a8cfb5 at port 0
2019-09-25 07:19:56,569 [Datanode State Machine Thread - 0] INFO  impl.RaftServerProxy (RaftServerProxy.java:lambda$start$3(299)) - 1f2e38a2-0128-463d-8529-15ece9a8cfb5: start RPC server
2019-09-25 07:19:56,573 [Datanode State Machine Thread - 0] INFO  server.GrpcService (GrpcService.java:startImpl(158)) - 1f2e38a2-0128-463d-8529-15ece9a8cfb5: GrpcService started, listening on 0.0.0.0/0.0.0.0:33713
2019-09-25 07:19:56,573 [Datanode State Machine Thread - 0] INFO  ratis.XceiverServerRatis (XceiverServerRatis.java:start(421)) - XceiverServerRatis 1f2e38a2-0128-463d-8529-15ece9a8cfb5 is started using port 33713
2019-09-25 07:19:56,575 [Datanode State Machine Thread - 0] INFO  server.XceiverServerGrpc (XceiverServerGrpc.java:start(149)) - XceiverServerGrpc 1f2e38a2-0128-463d-8529-15ece9a8cfb5 is started using port 42273
2019-09-25 07:19:56,631 [Thread-1344] INFO  ozone.MiniOzoneClusterImpl (MiniOzoneClusterImpl.java:lambda$waitForClusterToBeReady$0(147)) - Waiting for cluster to be ready. Got 0 of 3 DN Heartbeats.
2019-09-25 07:19:56,637 [Datanode State Machine Thread - 0] INFO  ozoneimpl.OzoneContainer (OzoneContainer.java:start(217)) - Attempting to start container services.
2019-09-25 07:19:56,638 [Datanode State Machine Thread - 0] INFO  ozoneimpl.OzoneContainer (OzoneContainer.java:startContainerScrub(179)) - Background container scanner has been disabled.
2019-09-25 07:19:56,638 [Datanode State Machine Thread - 0] INFO  ratis.XceiverServerRatis (XceiverServerRatis.java:start(411)) - Starting XceiverServerRatis e4e40049-2027-4372-8e95-eef07a37110f at port 0
2019-09-25 07:19:56,646 [Datanode State Machine Thread - 0] INFO  impl.RaftServerProxy (RaftServerProxy.java:lambda$start$3(299)) - e4e40049-2027-4372-8e95-eef07a37110f: start RPC server
2019-09-25 07:19:56,647 [Datanode State Machine Thread - 0] INFO  server.GrpcService (GrpcService.java:startImpl(158)) - e4e40049-2027-4372-8e95-eef07a37110f: GrpcService started, listening on 0.0.0.0/0.0.0.0:43343
2019-09-25 07:19:56,647 [Datanode State Machine Thread - 0] INFO  ratis.XceiverServerRatis (XceiverServerRatis.java:start(421)) - XceiverServerRatis e4e40049-2027-4372-8e95-eef07a37110f is started using port 43343
2019-09-25 07:19:56,647 [Datanode State Machine Thread - 0] INFO  server.XceiverServerGrpc (XceiverServerGrpc.java:start(149)) - XceiverServerGrpc e4e40049-2027-4372-8e95-eef07a37110f is started using port 46726
2019-09-25 07:19:57,631 [Thread-1344] INFO  ozone.MiniOzoneClusterImpl (MiniOzoneClusterImpl.java:lambda$waitForClusterToBeReady$0(147)) - Waiting for cluster to be ready. Got 0 of 3 DN Heartbeats.
2019-09-25 07:19:58,469 [IPC Server handler 1 on 40698] INFO  net.NetworkTopology (NetworkTopologyImpl.java:add(111)) - Added a new node: /default-rack/14c372b8-c6a2-43bc-9321-f88ebc8119bc
2019-09-25 07:19:58,472 [IPC Server handler 1 on 40698] INFO  node.SCMNodeManager (SCMNodeManager.java:register(266)) - Registered Data node : 14c372b8-c6a2-43bc-9321-f88ebc8119bc{ip: 192.168.30.10, host: pr-hdds-1569-s62bp-3040748787, networkLocation: /default-rack, certSerialId: null}
2019-09-25 07:19:58,472 [EventQueue-NodeRegistrationContainerReportForDataNodeSafeModeRule] INFO  safemode.SCMSafeModeManager (DataNodeSafeModeRule.java:process(71)) - SCM in safe mode. 1 DataNodes registered, 1 required.
2019-09-25 07:19:58,475 [EventQueue-NodeRegistrationContainerReportForDataNodeSafeModeRule] INFO  safemode.SCMSafeModeManager (SCMSafeModeManager.java:validateSafeModeExitRules(177)) - ScmSafeModeManager, all rules are successfully validated
2019-09-25 07:19:58,475 [EventQueue-NodeRegistrationContainerReportForDataNodeSafeModeRule] INFO  safemode.SCMSafeModeManager (SCMSafeModeManager.java:exitSafeMode(193)) - SCM exiting safe mode.
2019-09-25 07:19:58,489 [grpc-default-executor-0] INFO  impl.RaftServerProxy (RaftServerProxy.java:addNew(89)) - 14c372b8-c6a2-43bc-9321-f88ebc8119bc: addNew group-A14D2F872939:[14c372b8-c6a2-43bc-9321-f88ebc8119bc:192.168.30.10:37420] returns group-A14D2F872939:java.util.concurrent.CompletableFuture@2f185682[Not completed]
2019-09-25 07:19:58,490 [pool-277-thread-1] INFO  impl.RaftServerImpl (RaftServerImpl.java:<init>(95)) - 14c372b8-c6a2-43bc-9321-f88ebc8119bc: new RaftServerImpl for group-A14D2F872939:[14c372b8-c6a2-43bc-9321-f88ebc8119bc:192.168.30.10:37420] with ContainerStateMachine:uninitialized
2019-09-25 07:19:58,490 [pool-277-thread-1] INFO  server.RaftServerConfigKeys (ConfUtils.java:logGet(43)) - raft.server.rpc.timeout.min = 5s (custom)
2019-09-25 07:19:58,491 [pool-277-thread-1] INFO  server.RaftServerConfigKeys (ConfUtils.java:logGet(43)) - raft.server.rpc.timeout.max = 5200ms (custom)
2019-09-25 07:19:58,491 [pool-277-thread-1] INFO  server.RaftServerConfigKeys (ConfUtils.java:logGet(43)) - raft.server.rpcslowness.timeout = 120s (custom)
2019-09-25 07:19:58,491 [pool-277-thread-1] INFO  server.RaftServerConfigKeys (ConfUtils.java:logGet(43)) - raft.server.sleep.deviation.threshold = 300 (default)
2019-09-25 07:19:58,491 [pool-277-thread-1] INFO  server.RaftServerConfigKeys (ConfUtils.java:logGet(43)) - raft.server.log.appender.install.snapshot.enabled = false (custom)
2019-09-25 07:19:58,491 [pool-277-thread-1] INFO  impl.RaftServerImpl (ServerState.java:<init>(103)) - 14c372b8-c6a2-43bc-9321-f88ebc8119bc@group-A14D2F872939: ConfigurationManager, init=-1: [14c372b8-c6a2-43bc-9321-f88ebc8119bc:192.168.30.10:37420], old=null, confs=<EMPTY_MAP>
2019-09-25 07:19:58,491 [pool-277-thread-1] INFO  server.RaftServerConfigKeys (ConfUtils.java:logGet(43)) - raft.server.storage.dir = [/workdir/hadoop-ozone/ozonefs/target/test-dir/MiniOzoneClusterImpl-a99f6f92-dd73-499d-99af-4102c4e47462/datanode-0/data/ratis] (custom)
2019-09-25 07:19:58,492 [pool-277-thread-1] INFO  storage.RaftStorageDirectory (RaftStorageDirectory.java:analyzeStorage(246)) - The storage directory /workdir/hadoop-ozone/ozonefs/target/test-dir/MiniOzoneClusterImpl-a99f6f92-dd73-499d-99af-4102c4e47462/datanode-0/data/ratis/9e55c881-7e3c-44c5-b8c6-a14d2f872939 does not exist. Creating ...
2019-09-25 07:19:58,505 [pool-277-thread-1] INFO  storage.RaftStorageDirectory (RaftStorageDirectory.java:tryLock(328)) - Lock on /workdir/hadoop-ozone/ozonefs/target/test-dir/MiniOzoneClusterImpl-a99f6f92-dd73-499d-99af-4102c4e47462/datanode-0/data/ratis/9e55c881-7e3c-44c5-b8c6-a14d2f872939/in_use.lock acquired by nodename 21239@pr-hdds-1569-s62bp-3040748787
2019-09-25 07:19:58,518 [pool-277-thread-1] INFO  storage.RaftStorage (RaftStorage.java:format(72)) - Storage directory /workdir/hadoop-ozone/ozonefs/target/test-dir/MiniOzoneClusterImpl-a99f6f92-dd73-499d-99af-4102c4e47462/datanode-0/data/ratis/9e55c881-7e3c-44c5-b8c6-a14d2f872939 has been successfully formatted.
2019-09-25 07:19:58,519 [pool-277-thread-1] INFO  ratis.ContainerStateMachine (ContainerStateMachine.java:loadSnapshot(230)) - group-A14D2F872939: The snapshot info is null. Setting the last applied indexto:(t:0, i:~)
2019-09-25 07:19:58,519 [pool-277-thread-1] INFO  server.RaftServerConfigKeys (ConfUtils.java:logGet(43)) - raft.server.notification.no-leader.timeout = 120s (custom)
2019-09-25 07:19:58,519 [pool-277-thread-1] INFO  server.RaftServerConfigKeys (ConfUtils.java:logGet(43)) - raft.server.log.use.memory = false (default)
2019-09-25 07:19:58,519 [pool-277-thread-1] INFO  server.RaftServerConfigKeys (ConfUtils.java:logGet(43)) - raft.server.log.purge.gap = 1000000 (custom)
2019-09-25 07:19:58,519 [pool-277-thread-1] INFO  server.RaftServerConfigKeys (ConfUtils.java:logGet(43)) - raft.server.log.appender.buffer.byte-limit = 33554432 (custom)
2019-09-25 07:19:58,520 [pool-277-thread-1] INFO  server.RaftServerConfigKeys (ConfUtils.java:logGet(43)) - raft.server.log.segment.size.max = 1048576 (custom)
2019-09-25 07:19:58,520 [pool-277-thread-1] INFO  server.RaftServerConfigKeys (ConfUtils.java:logGet(43)) - raft.server.log.segment.cache.num.max = 2 (custom)
2019-09-25 07:19:58,520 [pool-277-thread-1] INFO  segmented.SegmentedRaftLogWorker (SegmentedRaftLogWorker.java:<init>(172)) - new 14c372b8-c6a2-43bc-9321-f88ebc8119bc@group-A14D2F872939-SegmentedRaftLogWorker for RaftStorage:Storage Directory /workdir/hadoop-ozone/ozonefs/target/test-dir/MiniOzoneClusterImpl-a99f6f92-dd73-499d-99af-4102c4e47462/datanode-0/data/ratis/9e55c881-7e3c-44c5-b8c6-a14d2f872939
2019-09-25 07:19:58,522 [pool-277-thread-1] INFO  server.RaftServerConfigKeys (ConfUtils.java:logGet(43)) - raft.server.log.queue.byte-limit = 2147483647 (custom)
2019-09-25 07:19:58,522 [pool-277-thread-1] INFO  server.RaftServerConfigKeys (ConfUtils.java:logGet(43)) - raft.server.log.queue.element-limit = 1024 (custom)
2019-09-25 07:19:58,522 [pool-277-thread-1] INFO  server.RaftServerConfigKeys (ConfUtils.java:logGet(43)) - raft.server.log.segment.size.max = 1048576 (custom)
2019-09-25 07:19:58,522 [pool-277-thread-1] INFO  server.RaftServerConfigKeys (ConfUtils.java:logGet(43)) - raft.server.log.preallocated.size = 16384 (custom)
2019-09-25 07:19:58,523 [pool-277-thread-1] INFO  server.RaftServerConfigKeys (ConfUtils.java:logGet(43)) - raft.server.log.write.buffer.size = 33554432 (custom)
2019-09-25 07:19:58,523 [pool-277-thread-1] INFO  server.RaftServerConfigKeys (ConfUtils.java:logGet(43)) - raft.server.log.force.sync.num = 128 (default)
2019-09-25 07:19:58,523 [pool-277-thread-1] INFO  server.RaftServerConfigKeys (ConfUtils.java:logGet(43)) - raft.server.log.statemachine.data.sync = true (default)
2019-09-25 07:19:58,523 [pool-277-thread-1] INFO  server.RaftServerConfigKeys (ConfUtils.java:logGet(43)) - raft.server.log.statemachine.data.sync.timeout = 10s (default)
2019-09-25 07:19:58,523 [pool-277-thread-1] INFO  server.RaftServerConfigKeys (ConfUtils.java:logGet(43)) - raft.server.log.statemachine.data.sync.timeout.retry = -1 (default)
2019-09-25 07:19:58,523 [pool-277-thread-1] INFO  server.RaftServerConfigKeys (ConfUtils.java:logGet(43)) - raft.server.log.statemachine.data.caching.enabled = true (custom)
2019-09-25 07:19:58,524 [pool-277-thread-1] INFO  segmented.SegmentedRaftLogWorker (SegmentedRaftLogWorker.java:lambda$new$0(132)) - 14c372b8-c6a2-43bc-9321-f88ebc8119bc@group-A14D2F872939-SegmentedRaftLogWorker: flushIndex: setUnconditionally 0 -> -1
2019-09-25 07:19:58,524 [pool-277-thread-1] INFO  server.RaftServerConfigKeys (ConfUtils.java:logGet(43)) - raft.server.snapshot.auto.trigger.enabled = true (custom)
2019-09-25 07:19:58,524 [pool-277-thread-1] INFO  server.RaftServerConfigKeys (ConfUtils.java:logGet(43)) - raft.server.snapshot.auto.trigger.threshold = 10000 (custom)
2019-09-25 07:19:58,524 [pool-277-thread-1] INFO  server.RaftServerConfigKeys (ConfUtils.java:logGet(43)) - raft.server.snapshot.retention.num.files = 5 (custom)
2019-09-25 07:19:58,525 [pool-277-thread-1] INFO  server.RaftServerConfigKeys (ConfUtils.java:logGet(43)) - raft.server.retrycache.expirytime = 600000ms (custom)
2019-09-25 07:19:58,527 [pool-277-thread-1] INFO  impl.RaftServerImpl (RaftServerImpl.java:start(185)) - 14c372b8-c6a2-43bc-9321-f88ebc8119bc@group-A14D2F872939: start as a follower, conf=-1: [14c372b8-c6a2-43bc-9321-f88ebc8119bc:192.168.30.10:37420], old=null
2019-09-25 07:19:58,527 [pool-277-thread-1] INFO  impl.RaftServerImpl (RaftServerImpl.java:setRole(174)) - 14c372b8-c6a2-43bc-9321-f88ebc8119bc@group-A14D2F872939: changes role from      null to FOLLOWER at term 0 for startAsFollower
2019-09-25 07:19:58,527 [pool-277-thread-1] INFO  impl.RoleInfo (RoleInfo.java:updateAndGet(143)) - 14c372b8-c6a2-43bc-9321-f88ebc8119bc: start FollowerState
2019-09-25 07:19:58,527 [pool-277-thread-1] INFO  util.JmxRegister (JmxRegister.java:tryRegister(44)) - Successfully registered JMX Bean with object name Ratis:service=RaftServer,group=group-A14D2F872939,id=14c372b8-c6a2-43bc-9321-f88ebc8119bc
2019-09-25 07:19:58,533 [RatisPipelineUtilsThread] INFO  pipeline.PipelineStateManager (PipelineStateManager.java:addPipeline(56)) - Created pipeline Pipeline[ Id: 9e55c881-7e3c-44c5-b8c6-a14d2f872939, Nodes: 14c372b8-c6a2-43bc-9321-f88ebc8119bc{ip: 192.168.30.10, host: pr-hdds-1569-s62bp-3040748787, networkLocation: /default-rack, certSerialId: null}, Type:RATIS, Factor:ONE, State:OPEN]
2019-09-25 07:19:58,539 [grpc-default-executor-0] INFO  impl.RaftServerProxy (RaftServerProxy.java:addNew(89)) - 14c372b8-c6a2-43bc-9321-f88ebc8119bc: addNew group-9C4DD6EB6003:[14c372b8-c6a2-43bc-9321-f88ebc8119bc:192.168.30.10:37420] returns group-9C4DD6EB6003:java.util.concurrent.CompletableFuture@1e7d1ed0[Not completed]
2019-09-25 07:19:58,541 [pool-277-thread-1] INFO  impl.RaftServerImpl (RaftServerImpl.java:<init>(95)) - 14c372b8-c6a2-43bc-9321-f88ebc8119bc: new RaftServerImpl for group-9C4DD6EB6003:[14c372b8-c6a2-43bc-9321-f88ebc8119bc:192.168.30.10:37420] with ContainerStateMachine:uninitialized
2019-09-25 07:19:58,541 [pool-277-thread-1] INFO  server.RaftServerConfigKeys (ConfUtils.java:logGet(43)) - raft.server.rpc.timeout.min = 5s (custom)
2019-09-25 07:19:58,541 [pool-277-thread-1] INFO  server.RaftServerConfigKeys (ConfUtils.java:logGet(43)) - raft.server.rpc.timeout.max = 5200ms (custom)
2019-09-25 07:19:58,542 [pool-277-thread-1] INFO  server.RaftServerConfigKeys (ConfUtils.java:logGet(43)) - raft.server.rpcslowness.timeout = 120s (custom)
2019-09-25 07:19:58,542 [pool-277-thread-1] INFO  server.RaftServerConfigKeys (ConfUtils.java:logGet(43)) - raft.server.sleep.deviation.threshold = 300 (default)
2019-09-25 07:19:58,542 [pool-277-thread-1] INFO  server.RaftServerConfigKeys (ConfUtils.java:logGet(43)) - raft.server.log.appender.install.snapshot.enabled = false (custom)
2019-09-25 07:19:58,542 [pool-277-thread-1] INFO  impl.RaftServerImpl (ServerState.java:<init>(103)) - 14c372b8-c6a2-43bc-9321-f88ebc8119bc@group-9C4DD6EB6003: ConfigurationManager, init=-1: [14c372b8-c6a2-43bc-9321-f88ebc8119bc:192.168.30.10:37420], old=null, confs=<EMPTY_MAP>
2019-09-25 07:19:58,542 [pool-277-thread-1] INFO  server.RaftServerConfigKeys (ConfUtils.java:logGet(43)) - raft.server.storage.dir = [/workdir/hadoop-ozone/ozonefs/target/test-dir/MiniOzoneClusterImpl-a99f6f92-dd73-499d-99af-4102c4e47462/datanode-0/data/ratis] (custom)
2019-09-25 07:19:58,543 [pool-277-thread-1] INFO  storage.RaftStorageDirectory (RaftStorageDirectory.java:analyzeStorage(246)) - The storage directory /workdir/hadoop-ozone/ozonefs/target/test-dir/MiniOzoneClusterImpl-a99f6f92-dd73-499d-99af-4102c4e47462/datanode-0/data/ratis/ad0b7a2f-513d-418c-ad5c-9c4dd6eb6003 does not exist. Creating ...
2019-09-25 07:19:58,545 [IPC Server handler 3 on 40698] INFO  net.NetworkTopology (NetworkTopologyImpl.java:add(111)) - Added a new node: /default-rack/1f2e38a2-0128-463d-8529-15ece9a8cfb5
2019-09-25 07:19:58,546 [IPC Server handler 3 on 40698] INFO  node.SCMNodeManager (SCMNodeManager.java:register(266)) - Registered Data node : 1f2e38a2-0128-463d-8529-15ece9a8cfb5{ip: 192.168.30.10, host: pr-hdds-1569-s62bp-3040748787, networkLocation: /default-rack, certSerialId: null}
2019-09-25 07:19:58,557 [pool-277-thread-1] INFO  storage.RaftStorageDirectory (RaftStorageDirectory.java:tryLock(328)) - Lock on /workdir/hadoop-ozone/ozonefs/target/test-dir/MiniOzoneClusterImpl-a99f6f92-dd73-499d-99af-4102c4e47462/datanode-0/data/ratis/ad0b7a2f-513d-418c-ad5c-9c4dd6eb6003/in_use.lock acquired by nodename 21239@pr-hdds-1569-s62bp-3040748787
2019-09-25 07:19:58,571 [pool-277-thread-1] INFO  storage.RaftStorage (RaftStorage.java:format(72)) - Storage directory /workdir/hadoop-ozone/ozonefs/target/test-dir/MiniOzoneClusterImpl-a99f6f92-dd73-499d-99af-4102c4e47462/datanode-0/data/ratis/ad0b7a2f-513d-418c-ad5c-9c4dd6eb6003 has been successfully formatted.
2019-09-25 07:19:58,571 [pool-277-thread-1] INFO  ratis.ContainerStateMachine (ContainerStateMachine.java:loadSnapshot(230)) - group-9C4DD6EB6003: The snapshot info is null. Setting the last applied indexto:(t:0, i:~)
2019-09-25 07:19:58,571 [pool-277-thread-1] INFO  server.RaftServerConfigKeys (ConfUtils.java:logGet(43)) - raft.server.notification.no-leader.timeout = 120s (custom)
2019-09-25 07:19:58,571 [pool-277-thread-1] INFO  server.RaftServerConfigKeys (ConfUtils.java:logGet(43)) - raft.server.log.use.memory = false (default)
2019-09-25 07:19:58,572 [pool-277-thread-1] INFO  server.RaftServerConfigKeys (ConfUtils.java:logGet(43)) - raft.server.log.purge.gap = 1000000 (custom)
2019-09-25 07:19:58,572 [pool-277-thread-1] INFO  server.RaftServerConfigKeys (ConfUtils.java:logGet(43)) - raft.server.log.appender.buffer.byte-limit = 33554432 (custom)
2019-09-25 07:19:58,572 [pool-277-thread-1] INFO  server.RaftServerConfigKeys (ConfUtils.java:logGet(43)) - raft.server.log.segment.size.max = 1048576 (custom)
2019-09-25 07:19:58,572 [pool-277-thread-1] INFO  server.RaftServerConfigKeys (ConfUtils.java:logGet(43)) - raft.server.log.segment.cache.num.max = 2 (custom)
2019-09-25 07:19:58,572 [pool-277-thread-1] INFO  segmented.SegmentedRaftLogWorker (SegmentedRaftLogWorker.java:<init>(172)) - new 14c372b8-c6a2-43bc-9321-f88ebc8119bc@group-9C4DD6EB6003-SegmentedRaftLogWorker for RaftStorage:Storage Directory /workdir/hadoop-ozone/ozonefs/target/test-dir/MiniOzoneClusterImpl-a99f6f92-dd73-499d-99af-4102c4e47462/datanode-0/data/ratis/ad0b7a2f-513d-418c-ad5c-9c4dd6eb6003
2019-09-25 07:19:58,573 [pool-277-thread-1] INFO  server.RaftServerConfigKeys (ConfUtils.java:logGet(43)) - raft.server.log.queue.byte-limit = 2147483647 (custom)
2019-09-25 07:19:58,573 [pool-277-thread-1] INFO  server.RaftServerConfigKeys (ConfUtils.java:logGet(43)) - raft.server.log.queue.element-limit = 1024 (custom)
2019-09-25 07:19:58,573 [pool-277-thread-1] INFO  server.RaftServerConfigKeys (ConfUtils.java:logGet(43)) - raft.server.log.segment.size.max = 1048576 (custom)
2019-09-25 07:19:58,573 [pool-277-thread-1] INFO  server.RaftServerConfigKeys (ConfUtils.java:logGet(43)) - raft.server.log.preallocated.size = 16384 (custom)
2019-09-25 07:19:58,573 [pool-277-thread-1] INFO  server.RaftServerConfigKeys (ConfUtils.java:logGet(43)) - raft.server.log.write.buffer.size = 33554432 (custom)
2019-09-25 07:19:58,573 [pool-277-thread-1] INFO  server.RaftServerConfigKeys (ConfUtils.java:logGet(43)) - raft.server.log.force.sync.num = 128 (default)
2019-09-25 07:19:58,574 [pool-277-thread-1] INFO  server.RaftServerConfigKeys (ConfUtils.java:logGet(43)) - raft.server.log.statemachine.data.sync = true (default)
2019-09-25 07:19:58,574 [pool-277-thread-1] INFO  server.RaftServerConfigKeys (ConfUtils.java:logGet(43)) - raft.server.log.statemachine.data.sync.timeout = 10s (default)
2019-09-25 07:19:58,574 [pool-277-thread-1] INFO  server.RaftServerConfigKeys (ConfUtils.java:logGet(43)) - raft.server.log.statemachine.data.sync.timeout.retry = -1 (default)
2019-09-25 07:19:58,574 [pool-277-thread-1] INFO  server.RaftServerConfigKeys (ConfUtils.java:logGet(43)) - raft.server.log.statemachine.data.caching.enabled = true (custom)
2019-09-25 07:19:58,574 [pool-277-thread-1] INFO  segmented.SegmentedRaftLogWorker (SegmentedRaftLogWorker.java:lambda$new$0(132)) - 14c372b8-c6a2-43bc-9321-f88ebc8119bc@group-9C4DD6EB6003-SegmentedRaftLogWorker: flushIndex: setUnconditionally 0 -> -1
2019-09-25 07:19:58,575 [pool-277-thread-1] INFO  server.RaftServerConfigKeys (ConfUtils.java:logGet(43)) - raft.server.snapshot.auto.trigger.enabled = true (custom)
2019-09-25 07:19:58,575 [pool-277-thread-1] INFO  server.RaftServerConfigKeys (ConfUtils.java:logGet(43)) - raft.server.snapshot.auto.trigger.threshold = 10000 (custom)
2019-09-25 07:19:58,575 [pool-277-thread-1] INFO  server.RaftServerConfigKeys (ConfUtils.java:logGet(43)) - raft.server.snapshot.retention.num.files = 5 (custom)
2019-09-25 07:19:58,575 [pool-277-thread-1] INFO  server.RaftServerConfigKeys (ConfUtils.java:logGet(43)) - raft.server.retrycache.expirytime = 600000ms (custom)
2019-09-25 07:19:58,578 [pool-277-thread-1] INFO  impl.RaftServerImpl (RaftServerImpl.java:start(185)) - 14c372b8-c6a2-43bc-9321-f88ebc8119bc@group-9C4DD6EB6003: start as a follower, conf=-1: [14c372b8-c6a2-43bc-9321-f88ebc8119bc:192.168.30.10:37420], old=null
2019-09-25 07:19:58,578 [pool-277-thread-1] INFO  impl.RaftServerImpl (RaftServerImpl.java:setRole(174)) - 14c372b8-c6a2-43bc-9321-f88ebc8119bc@group-9C4DD6EB6003: changes role from      null to FOLLOWER at term 0 for startAsFollower
2019-09-25 07:19:58,578 [pool-277-thread-1] INFO  impl.RoleInfo (RoleInfo.java:updateAndGet(143)) - 14c372b8-c6a2-43bc-9321-f88ebc8119bc: start FollowerState
2019-09-25 07:19:58,579 [pool-277-thread-1] INFO  util.JmxRegister (JmxRegister.java:tryRegister(44)) - Successfully registered JMX Bean with object name Ratis:service=RaftServer,group=group-9C4DD6EB6003,id=14c372b8-c6a2-43bc-9321-f88ebc8119bc
2019-09-25 07:19:58,582 [RatisPipelineUtilsThread] INFO  pipeline.PipelineStateManager (PipelineStateManager.java:addPipeline(56)) - Created pipeline Pipeline[ Id: ad0b7a2f-513d-418c-ad5c-9c4dd6eb6003, Nodes: 14c372b8-c6a2-43bc-9321-f88ebc8119bc{ip: 192.168.30.10, host: pr-hdds-1569-s62bp-3040748787, networkLocation: /default-rack, certSerialId: null}, Type:RATIS, Factor:ONE, State:OPEN]
2019-09-25 07:19:58,587 [grpc-default-executor-0] INFO  impl.RaftServerProxy (RaftServerProxy.java:addNew(89)) - 14c372b8-c6a2-43bc-9321-f88ebc8119bc: addNew group-680818F8AF82:[14c372b8-c6a2-43bc-9321-f88ebc8119bc:192.168.30.10:37420] returns group-680818F8AF82:java.util.concurrent.CompletableFuture@4f37a9cd[Not completed]
2019-09-25 07:19:58,588 [pool-277-thread-1] INFO  impl.RaftServerImpl (RaftServerImpl.java:<init>(95)) - 14c372b8-c6a2-43bc-9321-f88ebc8119bc: new RaftServerImpl for group-680818F8AF82:[14c372b8-c6a2-43bc-9321-f88ebc8119bc:192.168.30.10:37420] with ContainerStateMachine:uninitialized
2019-09-25 07:19:58,588 [pool-277-thread-1] INFO  server.RaftServerConfigKeys (ConfUtils.java:logGet(43)) - raft.server.rpc.timeout.min = 5s (custom)
2019-09-25 07:19:58,588 [pool-277-thread-1] INFO  server.RaftServerConfigKeys (ConfUtils.java:logGet(43)) - raft.server.rpc.timeout.max = 5200ms (custom)
2019-09-25 07:19:58,588 [pool-277-thread-1] INFO  server.RaftServerConfigKeys (ConfUtils.java:logGet(43)) - raft.server.rpcslowness.timeout = 120s (custom)
2019-09-25 07:19:58,588 [pool-277-thread-1] INFO  server.RaftServerConfigKeys (ConfUtils.java:logGet(43)) - raft.server.sleep.deviation.threshold = 300 (default)
2019-09-25 07:19:58,588 [pool-277-thread-1] INFO  server.RaftServerConfigKeys (ConfUtils.java:logGet(43)) - raft.server.log.appender.install.snapshot.enabled = false (custom)
2019-09-25 07:19:58,589 [pool-277-thread-1] INFO  impl.RaftServerImpl (ServerState.java:<init>(103)) - 14c372b8-c6a2-43bc-9321-f88ebc8119bc@group-680818F8AF82: ConfigurationManager, init=-1: [14c372b8-c6a2-43bc-9321-f88ebc8119bc:192.168.30.10:37420], old=null, confs=<EMPTY_MAP>
2019-09-25 07:19:58,589 [pool-277-thread-1] INFO  server.RaftServerConfigKeys (ConfUtils.java:logGet(43)) - raft.server.storage.dir = [/workdir/hadoop-ozone/ozonefs/target/test-dir/MiniOzoneClusterImpl-a99f6f92-dd73-499d-99af-4102c4e47462/datanode-0/data/ratis] (custom)
2019-09-25 07:19:58,589 [pool-277-thread-1] INFO  storage.RaftStorageDirectory (RaftStorageDirectory.java:analyzeStorage(246)) - The storage directory /workdir/hadoop-ozone/ozonefs/target/test-dir/MiniOzoneClusterImpl-a99f6f92-dd73-499d-99af-4102c4e47462/datanode-0/data/ratis/93e36adc-0bed-4001-be21-680818f8af82 does not exist. Creating ...
2019-09-25 07:19:58,602 [pool-277-thread-1] INFO  storage.RaftStorageDirectory (RaftStorageDirectory.java:tryLock(328)) - Lock on /workdir/hadoop-ozone/ozonefs/target/test-dir/MiniOzoneClusterImpl-a99f6f92-dd73-499d-99af-4102c4e47462/datanode-0/data/ratis/93e36adc-0bed-4001-be21-680818f8af82/in_use.lock acquired by nodename 21239@pr-hdds-1569-s62bp-3040748787
2019-09-25 07:19:58,615 [pool-277-thread-1] INFO  storage.RaftStorage (RaftStorage.java:format(72)) - Storage directory /workdir/hadoop-ozone/ozonefs/target/test-dir/MiniOzoneClusterImpl-a99f6f92-dd73-499d-99af-4102c4e47462/datanode-0/data/ratis/93e36adc-0bed-4001-be21-680818f8af82 has been successfully formatted.
2019-09-25 07:19:58,615 [pool-277-thread-1] INFO  ratis.ContainerStateMachine (ContainerStateMachine.java:loadSnapshot(230)) - group-680818F8AF82: The snapshot info is null. Setting the last applied indexto:(t:0, i:~)
2019-09-25 07:19:58,615 [pool-277-thread-1] INFO  server.RaftServerConfigKeys (ConfUtils.java:logGet(43)) - raft.server.notification.no-leader.timeout = 120s (custom)
2019-09-25 07:19:58,615 [pool-277-thread-1] INFO  server.RaftServerConfigKeys (ConfUtils.java:logGet(43)) - raft.server.log.use.memory = false (default)
2019-09-25 07:19:58,616 [pool-277-thread-1] INFO  server.RaftServerConfigKeys (ConfUtils.java:logGet(43)) - raft.server.log.purge.gap = 1000000 (custom)
2019-09-25 07:19:58,616 [pool-277-thread-1] INFO  server.RaftServerConfigKeys (ConfUtils.java:logGet(43)) - raft.server.log.appender.buffer.byte-limit = 33554432 (custom)
2019-09-25 07:19:58,616 [pool-277-thread-1] INFO  server.RaftServerConfigKeys (ConfUtils.java:logGet(43)) - raft.server.log.segment.size.max = 1048576 (custom)
2019-09-25 07:19:58,616 [pool-277-thread-1] INFO  server.RaftServerConfigKeys (ConfUtils.java:logGet(43)) - raft.server.log.segment.cache.num.max = 2 (custom)
2019-09-25 07:19:58,616 [pool-277-thread-1] INFO  segmented.SegmentedRaftLogWorker (SegmentedRaftLogWorker.java:<init>(172)) - new 14c372b8-c6a2-43bc-9321-f88ebc8119bc@group-680818F8AF82-SegmentedRaftLogWorker for RaftStorage:Storage Directory /workdir/hadoop-ozone/ozonefs/target/test-dir/MiniOzoneClusterImpl-a99f6f92-dd73-499d-99af-4102c4e47462/datanode-0/data/ratis/93e36adc-0bed-4001-be21-680818f8af82
2019-09-25 07:19:58,616 [pool-277-thread-1] INFO  server.RaftServerConfigKeys (ConfUtils.java:logGet(43)) - raft.server.log.queue.byte-limit = 2147483647 (custom)
2019-09-25 07:19:58,616 [pool-277-thread-1] INFO  server.RaftServerConfigKeys (ConfUtils.java:logGet(43)) - raft.server.log.queue.element-limit = 1024 (custom)
2019-09-25 07:19:58,617 [pool-277-thread-1] INFO  server.RaftServerConfigKeys (ConfUtils.java:logGet(43)) - raft.server.log.segment.size.max = 1048576 (custom)
2019-09-25 07:19:58,617 [pool-277-thread-1] INFO  server.RaftServerConfigKeys (ConfUtils.java:logGet(43)) - raft.server.log.preallocated.size = 16384 (custom)
2019-09-25 07:19:58,617 [pool-277-thread-1] INFO  server.RaftServerConfigKeys (ConfUtils.java:logGet(43)) - raft.server.log.write.buffer.size = 33554432 (custom)
2019-09-25 07:19:58,617 [pool-277-thread-1] INFO  server.RaftServerConfigKeys (ConfUtils.java:logGet(43)) - raft.server.log.force.sync.num = 128 (default)
2019-09-25 07:19:58,617 [pool-277-thread-1] INFO  server.RaftServerConfigKeys (ConfUtils.java:logGet(43)) - raft.server.log.statemachine.data.sync = true (default)
2019-09-25 07:19:58,617 [pool-277-thread-1] INFO  server.RaftServerConfigKeys (ConfUtils.java:logGet(43)) - raft.server.log.statemachine.data.sync.timeout = 10s (default)
2019-09-25 07:19:58,617 [pool-277-thread-1] INFO  server.RaftServerConfigKeys (ConfUtils.java:logGet(43)) - raft.server.log.statemachine.data.sync.timeout.retry = -1 (default)
2019-09-25 07:19:58,618 [pool-277-thread-1] INFO  server.RaftServerConfigKeys (ConfUtils.java:logGet(43)) - raft.server.log.statemachine.data.caching.enabled = true (custom)
2019-09-25 07:19:58,618 [pool-277-thread-1] INFO  segmented.SegmentedRaftLogWorker (SegmentedRaftLogWorker.java:lambda$new$0(132)) - 14c372b8-c6a2-43bc-9321-f88ebc8119bc@group-680818F8AF82-SegmentedRaftLogWorker: flushIndex: setUnconditionally 0 -> -1
2019-09-25 07:19:58,618 [pool-277-thread-1] INFO  server.RaftServerConfigKeys (ConfUtils.java:logGet(43)) - raft.server.snapshot.auto.trigger.enabled = true (custom)
2019-09-25 07:19:58,618 [pool-277-thread-1] INFO  server.RaftServerConfigKeys (ConfUtils.java:logGet(43)) - raft.server.snapshot.auto.trigger.threshold = 10000 (custom)
2019-09-25 07:19:58,619 [pool-277-thread-1] INFO  server.RaftServerConfigKeys (ConfUtils.java:logGet(43)) - raft.server.snapshot.retention.num.files = 5 (custom)
2019-09-25 07:19:58,619 [pool-277-thread-1] INFO  server.RaftServerConfigKeys (ConfUtils.java:logGet(43)) - raft.server.retrycache.expirytime = 600000ms (custom)
2019-09-25 07:19:58,620 [pool-277-thread-1] INFO  impl.RaftServerImpl (RaftServerImpl.java:start(185)) - 14c372b8-c6a2-43bc-9321-f88ebc8119bc@group-680818F8AF82: start as a follower, conf=-1: [14c372b8-c6a2-43bc-9321-f88ebc8119bc:192.168.30.10:37420], old=null
2019-09-25 07:19:58,621 [pool-277-thread-1] INFO  impl.RaftServerImpl (RaftServerImpl.java:setRole(174)) - 14c372b8-c6a2-43bc-9321-f88ebc8119bc@group-680818F8AF82: changes role from      null to FOLLOWER at term 0 for startAsFollower
2019-09-25 07:19:58,621 [pool-277-thread-1] INFO  impl.RoleInfo (RoleInfo.java:updateAndGet(143)) - 14c372b8-c6a2-43bc-9321-f88ebc8119bc: start FollowerState
2019-09-25 07:19:58,621 [pool-277-thread-1] INFO  util.JmxRegister (JmxRegister.java:tryRegister(44)) - Successfully registered JMX Bean with object name Ratis:service=RaftServer,group=group-680818F8AF82,id=14c372b8-c6a2-43bc-9321-f88ebc8119bc
2019-09-25 07:19:58,624 [RatisPipelineUtilsThread] INFO  pipeline.PipelineStateManager (PipelineStateManager.java:addPipeline(56)) - Created pipeline Pipeline[ Id: 93e36adc-0bed-4001-be21-680818f8af82, Nodes: 14c372b8-c6a2-43bc-9321-f88ebc8119bc{ip: 192.168.30.10, host: pr-hdds-1569-s62bp-3040748787, networkLocation: /default-rack, certSerialId: null}, Type:RATIS, Factor:ONE, State:OPEN]
2019-09-25 07:19:58,629 [grpc-default-executor-0] INFO  impl.RaftServerProxy (RaftServerProxy.java:addNew(89)) - 14c372b8-c6a2-43bc-9321-f88ebc8119bc: addNew group-F148D99597FC:[14c372b8-c6a2-43bc-9321-f88ebc8119bc:192.168.30.10:37420] returns group-F148D99597FC:java.util.concurrent.CompletableFuture@29ae8b6c[Not completed]
2019-09-25 07:19:58,630 [pool-277-thread-1] INFO  impl.RaftServerImpl (RaftServerImpl.java:<init>(95)) - 14c372b8-c6a2-43bc-9321-f88ebc8119bc: new RaftServerImpl for group-F148D99597FC:[14c372b8-c6a2-43bc-9321-f88ebc8119bc:192.168.30.10:37420] with ContainerStateMachine:uninitialized
2019-09-25 07:19:58,630 [pool-277-thread-1] INFO  server.RaftServerConfigKeys (ConfUtils.java:logGet(43)) - raft.server.rpc.timeout.min = 5s (custom)
2019-09-25 07:19:58,630 [pool-277-thread-1] INFO  server.RaftServerConfigKeys (ConfUtils.java:logGet(43)) - raft.server.rpc.timeout.max = 5200ms (custom)
2019-09-25 07:19:58,630 [pool-277-thread-1] INFO  server.RaftServerConfigKeys (ConfUtils.java:logGet(43)) - raft.server.rpcslowness.timeout = 120s (custom)
2019-09-25 07:19:58,631 [pool-277-thread-1] INFO  server.RaftServerConfigKeys (ConfUtils.java:logGet(43)) - raft.server.sleep.deviation.threshold = 300 (default)
2019-09-25 07:19:58,631 [pool-277-thread-1] INFO  server.RaftServerConfigKeys (ConfUtils.java:logGet(43)) - raft.server.log.appender.install.snapshot.enabled = false (custom)
2019-09-25 07:19:58,631 [pool-277-thread-1] INFO  impl.RaftServerImpl (ServerState.java:<init>(103)) - 14c372b8-c6a2-43bc-9321-f88ebc8119bc@group-F148D99597FC: ConfigurationManager, init=-1: [14c372b8-c6a2-43bc-9321-f88ebc8119bc:192.168.30.10:37420], old=null, confs=<EMPTY_MAP>
2019-09-25 07:19:58,631 [pool-277-thread-1] INFO  server.RaftServerConfigKeys (ConfUtils.java:logGet(43)) - raft.server.storage.dir = [/workdir/hadoop-ozone/ozonefs/target/test-dir/MiniOzoneClusterImpl-a99f6f92-dd73-499d-99af-4102c4e47462/datanode-0/data/ratis] (custom)
2019-09-25 07:19:58,631 [pool-277-thread-1] INFO  storage.RaftStorageDirectory (RaftStorageDirectory.java:analyzeStorage(246)) - The storage directory /workdir/hadoop-ozone/ozonefs/target/test-dir/MiniOzoneClusterImpl-a99f6f92-dd73-499d-99af-4102c4e47462/datanode-0/data/ratis/4ce43444-b9c1-4190-b42b-f148d99597fc does not exist. Creating ...
2019-09-25 07:19:58,632 [Thread-1344] INFO  ozone.MiniOzoneClusterImpl (MiniOzoneClusterImpl.java:lambda$waitForClusterToBeReady$0(147)) - Waiting for cluster to be ready. Got 2 of 3 DN Heartbeats.
2019-09-25 07:19:58,632 [IPC Server handler 0 on 40698] INFO  net.NetworkTopology (NetworkTopologyImpl.java:add(111)) - Added a new node: /default-rack/e4e40049-2027-4372-8e95-eef07a37110f
2019-09-25 07:19:58,632 [IPC Server handler 0 on 40698] INFO  node.SCMNodeManager (SCMNodeManager.java:register(266)) - Registered Data node : e4e40049-2027-4372-8e95-eef07a37110f{ip: 192.168.30.10, host: pr-hdds-1569-s62bp-3040748787, networkLocation: /default-rack, certSerialId: null}
2019-09-25 07:19:58,642 [pool-277-thread-1] INFO  storage.RaftStorageDirectory (RaftStorageDirectory.java:tryLock(328)) - Lock on /workdir/hadoop-ozone/ozonefs/target/test-dir/MiniOzoneClusterImpl-a99f6f92-dd73-499d-99af-4102c4e47462/datanode-0/data/ratis/4ce43444-b9c1-4190-b42b-f148d99597fc/in_use.lock acquired by nodename 21239@pr-hdds-1569-s62bp-3040748787
2019-09-25 07:19:58,654 [pool-277-thread-1] INFO  storage.RaftStorage (RaftStorage.java:format(72)) - Storage directory /workdir/hadoop-ozone/ozonefs/target/test-dir/MiniOzoneClusterImpl-a99f6f92-dd73-499d-99af-4102c4e47462/datanode-0/data/ratis/4ce43444-b9c1-4190-b42b-f148d99597fc has been successfully formatted.
2019-09-25 07:19:58,654 [pool-277-thread-1] INFO  ratis.ContainerStateMachine (ContainerStateMachine.java:loadSnapshot(230)) - group-F148D99597FC: The snapshot info is null. Setting the last applied indexto:(t:0, i:~)
2019-09-25 07:19:58,654 [pool-277-thread-1] INFO  server.RaftServerConfigKeys (ConfUtils.java:logGet(43)) - raft.server.notification.no-leader.timeout = 120s (custom)
2019-09-25 07:19:58,654 [pool-277-thread-1] INFO  server.RaftServerConfigKeys (ConfUtils.java:logGet(43)) - raft.server.log.use.memory = false (default)
2019-09-25 07:19:58,655 [pool-277-thread-1] INFO  server.RaftServerConfigKeys (ConfUtils.java:logGet(43)) - raft.server.log.purge.gap = 1000000 (custom)
2019-09-25 07:19:58,655 [pool-277-thread-1] INFO  server.RaftServerConfigKeys (ConfUtils.java:logGet(43)) - raft.server.log.appender.buffer.byte-limit = 33554432 (custom)
2019-09-25 07:19:58,655 [pool-277-thread-1] INFO  server.RaftServerConfigKeys (ConfUtils.java:logGet(43)) - raft.server.log.segment.size.max = 1048576 (custom)
2019-09-25 07:19:58,655 [pool-277-thread-1] INFO  server.RaftServerConfigKeys (ConfUtils.java:logGet(43)) - raft.server.log.segment.cache.num.max = 2 (custom)
2019-09-25 07:19:58,655 [pool-277-thread-1] INFO  segmented.SegmentedRaftLogWorker (SegmentedRaftLogWorker.java:<init>(172)) - new 14c372b8-c6a2-43bc-9321-f88ebc8119bc@group-F148D99597FC-SegmentedRaftLogWorker for RaftStorage:Storage Directory /workdir/hadoop-ozone/ozonefs/target/test-dir/MiniOzoneClusterImpl-a99f6f92-dd73-499d-99af-4102c4e47462/datanode-0/data/ratis/4ce43444-b9c1-4190-b42b-f148d99597fc
2019-09-25 07:19:58,655 [pool-277-thread-1] INFO  server.RaftServerConfigKeys (ConfUtils.java:logGet(43)) - raft.server.log.queue.byte-limit = 2147483647 (custom)
2019-09-25 07:19:58,655 [pool-277-thread-1] INFO  server.RaftServerConfigKeys (ConfUtils.java:logGet(43)) - raft.server.log.queue.element-limit = 1024 (custom)
2019-09-25 07:19:58,655 [pool-277-thread-1] INFO  server.RaftServerConfigKeys (ConfUtils.java:logGet(43)) - raft.server.log.segment.size.max = 1048576 (custom)
2019-09-25 07:19:58,656 [pool-277-thread-1] INFO  server.RaftServerConfigKeys (ConfUtils.java:logGet(43)) - raft.server.log.preallocated.size = 16384 (custom)
2019-09-25 07:19:58,656 [pool-277-thread-1] INFO  server.RaftServerConfigKeys (ConfUtils.java:logGet(43)) - raft.server.log.write.buffer.size = 33554432 (custom)
2019-09-25 07:19:58,656 [pool-277-thread-1] INFO  server.RaftServerConfigKeys (ConfUtils.java:logGet(43)) - raft.server.log.force.sync.num = 128 (default)
2019-09-25 07:19:58,656 [pool-277-thread-1] INFO  server.RaftServerConfigKeys (ConfUtils.java:logGet(43)) - raft.server.log.statemachine.data.sync = true (default)
2019-09-25 07:19:58,656 [pool-277-thread-1] INFO  server.RaftServerConfigKeys (ConfUtils.java:logGet(43)) - raft.server.log.statemachine.data.sync.timeout = 10s (default)
2019-09-25 07:19:58,656 [pool-277-thread-1] INFO  server.RaftServerConfigKeys (ConfUtils.java:logGet(43)) - raft.server.log.statemachine.data.sync.timeout.retry = -1 (default)
2019-09-25 07:19:58,656 [pool-277-thread-1] INFO  server.RaftServerConfigKeys (ConfUtils.java:logGet(43)) - raft.server.log.statemachine.data.caching.enabled = true (custom)
2019-09-25 07:19:58,657 [pool-277-thread-1] INFO  segmented.SegmentedRaftLogWorker (SegmentedRaftLogWorker.java:lambda$new$0(132)) - 14c372b8-c6a2-43bc-9321-f88ebc8119bc@group-F148D99597FC-SegmentedRaftLogWorker: flushIndex: setUnconditionally 0 -> -1
2019-09-25 07:19:58,657 [pool-277-thread-1] INFO  server.RaftServerConfigKeys (ConfUtils.java:logGet(43)) - raft.server.snapshot.auto.trigger.enabled = true (custom)
2019-09-25 07:19:58,657 [pool-277-thread-1] INFO  server.RaftServerConfigKeys (ConfUtils.java:logGet(43)) - raft.server.snapshot.auto.trigger.threshold = 10000 (custom)
2019-09-25 07:19:58,657 [pool-277-thread-1] INFO  server.RaftServerConfigKeys (ConfUtils.java:logGet(43)) - raft.server.snapshot.retention.num.files = 5 (custom)
2019-09-25 07:19:58,657 [pool-277-thread-1] INFO  server.RaftServerConfigKeys (ConfUtils.java:logGet(43)) - raft.server.retrycache.expirytime = 600000ms (custom)
2019-09-25 07:19:58,659 [pool-277-thread-1] INFO  impl.RaftServerImpl (RaftServerImpl.java:start(185)) - 14c372b8-c6a2-43bc-9321-f88ebc8119bc@group-F148D99597FC: start as a follower, conf=-1: [14c372b8-c6a2-43bc-9321-f88ebc8119bc:192.168.30.10:37420], old=null
2019-09-25 07:19:58,659 [pool-277-thread-1] INFO  impl.RaftServerImpl (RaftServerImpl.java:setRole(174)) - 14c372b8-c6a2-43bc-9321-f88ebc8119bc@group-F148D99597FC: changes role from      null to FOLLOWER at term 0 for startAsFollower
2019-09-25 07:19:58,659 [pool-277-thread-1] INFO  impl.RoleInfo (RoleInfo.java:updateAndGet(143)) - 14c372b8-c6a2-43bc-9321-f88ebc8119bc: start FollowerState
2019-09-25 07:19:58,660 [pool-277-thread-1] INFO  util.JmxRegister (JmxRegister.java:tryRegister(44)) - Successfully registered JMX Bean with object name Ratis:service=RaftServer,group=group-F148D99597FC,id=14c372b8-c6a2-43bc-9321-f88ebc8119bc
2019-09-25 07:19:58,662 [RatisPipelineUtilsThread] INFO  pipeline.PipelineStateManager (PipelineStateManager.java:addPipeline(56)) - Created pipeline Pipeline[ Id: 4ce43444-b9c1-4190-b42b-f148d99597fc, Nodes: 14c372b8-c6a2-43bc-9321-f88ebc8119bc{ip: 192.168.30.10, host: pr-hdds-1569-s62bp-3040748787, networkLocation: /default-rack, certSerialId: null}, Type:RATIS, Factor:ONE, State:OPEN]
2019-09-25 07:19:58,671 [grpc-default-executor-0] INFO  impl.RaftServerProxy (RaftServerProxy.java:addNew(89)) - 1f2e38a2-0128-463d-8529-15ece9a8cfb5: addNew group-58CC91D6735B:[1f2e38a2-0128-463d-8529-15ece9a8cfb5:192.168.30.10:33713] returns group-58CC91D6735B:java.util.concurrent.CompletableFuture@847a321[Not completed]
2019-09-25 07:19:58,672 [pool-287-thread-1] INFO  impl.RaftServerImpl (RaftServerImpl.java:<init>(95)) - 1f2e38a2-0128-463d-8529-15ece9a8cfb5: new RaftServerImpl for group-58CC91D6735B:[1f2e38a2-0128-463d-8529-15ece9a8cfb5:192.168.30.10:33713] with ContainerStateMachine:uninitialized
2019-09-25 07:19:58,672 [pool-287-thread-1] INFO  server.RaftServerConfigKeys (ConfUtils.java:logGet(43)) - raft.server.rpc.timeout.min = 5s (custom)
2019-09-25 07:19:58,672 [pool-287-thread-1] INFO  server.RaftServerConfigKeys (ConfUtils.java:logGet(43)) - raft.server.rpc.timeout.max = 5200ms (custom)
2019-09-25 07:19:58,673 [pool-287-thread-1] INFO  server.RaftServerConfigKeys (ConfUtils.java:logGet(43)) - raft.server.rpcslowness.timeout = 120s (custom)
2019-09-25 07:19:58,673 [pool-287-thread-1] INFO  server.RaftServerConfigKeys (ConfUtils.java:logGet(43)) - raft.server.sleep.deviation.threshold = 300 (default)
2019-09-25 07:19:58,673 [pool-287-thread-1] INFO  server.RaftServerConfigKeys (ConfUtils.java:logGet(43)) - raft.server.log.appender.install.snapshot.enabled = false (custom)
2019-09-25 07:19:58,673 [pool-287-thread-1] INFO  impl.RaftServerImpl (ServerState.java:<init>(103)) - 1f2e38a2-0128-463d-8529-15ece9a8cfb5@group-58CC91D6735B: ConfigurationManager, init=-1: [1f2e38a2-0128-463d-8529-15ece9a8cfb5:192.168.30.10:33713], old=null, confs=<EMPTY_MAP>
2019-09-25 07:19:58,673 [pool-287-thread-1] INFO  server.RaftServerConfigKeys (ConfUtils.java:logGet(43)) - raft.server.storage.dir = [/workdir/hadoop-ozone/ozonefs/target/test-dir/MiniOzoneClusterImpl-a99f6f92-dd73-499d-99af-4102c4e47462/datanode-1/data/ratis] (custom)
2019-09-25 07:19:58,673 [pool-287-thread-1] INFO  storage.RaftStorageDirectory (RaftStorageDirectory.java:analyzeStorage(246)) - The storage directory /workdir/hadoop-ozone/ozonefs/target/test-dir/MiniOzoneClusterImpl-a99f6f92-dd73-499d-99af-4102c4e47462/datanode-1/data/ratis/75d129c1-2755-4eca-88ec-58cc91d6735b does not exist. Creating ...
2019-09-25 07:19:58,685 [pool-287-thread-1] INFO  storage.RaftStorageDirectory (RaftStorageDirectory.java:tryLock(328)) - Lock on /workdir/hadoop-ozone/ozonefs/target/test-dir/MiniOzoneClusterImpl-a99f6f92-dd73-499d-99af-4102c4e47462/datanode-1/data/ratis/75d129c1-2755-4eca-88ec-58cc91d6735b/in_use.lock acquired by nodename 21239@pr-hdds-1569-s62bp-3040748787
2019-09-25 07:19:58,696 [pool-287-thread-1] INFO  storage.RaftStorage (RaftStorage.java:format(72)) - Storage directory /workdir/hadoop-ozone/ozonefs/target/test-dir/MiniOzoneClusterImpl-a99f6f92-dd73-499d-99af-4102c4e47462/datanode-1/data/ratis/75d129c1-2755-4eca-88ec-58cc91d6735b has been successfully formatted.
2019-09-25 07:19:58,697 [pool-287-thread-1] INFO  ratis.ContainerStateMachine (ContainerStateMachine.java:loadSnapshot(230)) - group-58CC91D6735B: The snapshot info is null. Setting the last applied indexto:(t:0, i:~)
2019-09-25 07:19:58,697 [pool-287-thread-1] INFO  server.RaftServerConfigKeys (ConfUtils.java:logGet(43)) - raft.server.notification.no-leader.timeout = 120s (custom)
2019-09-25 07:19:58,697 [pool-287-thread-1] INFO  server.RaftServerConfigKeys (ConfUtils.java:logGet(43)) - raft.server.log.use.memory = false (default)
2019-09-25 07:19:58,697 [pool-287-thread-1] INFO  server.RaftServerConfigKeys (ConfUtils.java:logGet(43)) - raft.server.log.purge.gap = 1000000 (custom)
2019-09-25 07:19:58,697 [pool-287-thread-1] INFO  server.RaftServerConfigKeys (ConfUtils.java:logGet(43)) - raft.server.log.appender.buffer.byte-limit = 33554432 (custom)
2019-09-25 07:19:58,697 [pool-287-thread-1] INFO  server.RaftServerConfigKeys (ConfUtils.java:logGet(43)) - raft.server.log.segment.size.max = 1048576 (custom)
2019-09-25 07:19:58,698 [pool-287-thread-1] INFO  server.RaftServerConfigKeys (ConfUtils.java:logGet(43)) - raft.server.log.segment.cache.num.max = 2 (custom)
2019-09-25 07:19:58,698 [pool-287-thread-1] INFO  segmented.SegmentedRaftLogWorker (SegmentedRaftLogWorker.java:<init>(172)) - new 1f2e38a2-0128-463d-8529-15ece9a8cfb5@group-58CC91D6735B-SegmentedRaftLogWorker for RaftStorage:Storage Directory /workdir/hadoop-ozone/ozonefs/target/test-dir/MiniOzoneClusterImpl-a99f6f92-dd73-499d-99af-4102c4e47462/datanode-1/data/ratis/75d129c1-2755-4eca-88ec-58cc91d6735b
2019-09-25 07:19:58,699 [pool-287-thread-1] INFO  server.RaftServerConfigKeys (ConfUtils.java:logGet(43)) - raft.server.log.queue.byte-limit = 2147483647 (custom)
2019-09-25 07:19:58,700 [pool-287-thread-1] INFO  server.RaftServerConfigKeys (ConfUtils.java:logGet(43)) - raft.server.log.queue.element-limit = 1024 (custom)
2019-09-25 07:19:58,700 [pool-287-thread-1] INFO  server.RaftServerConfigKeys (ConfUtils.java:logGet(43)) - raft.server.log.segment.size.max = 1048576 (custom)
2019-09-25 07:19:58,700 [pool-287-thread-1] INFO  server.RaftServerConfigKeys (ConfUtils.java:logGet(43)) - raft.server.log.preallocated.size = 16384 (custom)
2019-09-25 07:19:58,700 [pool-287-thread-1] INFO  server.RaftServerConfigKeys (ConfUtils.java:logGet(43)) - raft.server.log.write.buffer.size = 33554432 (custom)
2019-09-25 07:19:58,700 [pool-287-thread-1] INFO  server.RaftServerConfigKeys (ConfUtils.java:logGet(43)) - raft.server.log.force.sync.num = 128 (default)
2019-09-25 07:19:58,700 [pool-287-thread-1] INFO  server.RaftServerConfigKeys (ConfUtils.java:logGet(43)) - raft.server.log.statemachine.data.sync = true (default)
2019-09-25 07:19:58,700 [pool-287-thread-1] INFO  server.RaftServerConfigKeys (ConfUtils.java:logGet(43)) - raft.server.log.statemachine.data.sync.timeout = 10s (default)
2019-09-25 07:19:58,701 [pool-287-thread-1] INFO  server.RaftServerConfigKeys (ConfUtils.java:logGet(43)) - raft.server.log.statemachine.data.sync.timeout.retry = -1 (default)
2019-09-25 07:19:58,701 [pool-287-thread-1] INFO  server.RaftServerConfigKeys (ConfUtils.java:logGet(43)) - raft.server.log.statemachine.data.caching.enabled = true (custom)
2019-09-25 07:19:58,701 [pool-287-thread-1] INFO  segmented.SegmentedRaftLogWorker (SegmentedRaftLogWorker.java:lambda$new$0(132)) - 1f2e38a2-0128-463d-8529-15ece9a8cfb5@group-58CC91D6735B-SegmentedRaftLogWorker: flushIndex: setUnconditionally 0 -> -1
2019-09-25 07:19:58,702 [pool-287-thread-1] INFO  server.RaftServerConfigKeys (ConfUtils.java:logGet(43)) - raft.server.snapshot.auto.trigger.enabled = true (custom)
2019-09-25 07:19:58,702 [pool-287-thread-1] INFO  server.RaftServerConfigKeys (ConfUtils.java:logGet(43)) - raft.server.snapshot.auto.trigger.threshold = 10000 (custom)
2019-09-25 07:19:58,702 [pool-287-thread-1] INFO  server.RaftServerConfigKeys (ConfUtils.java:logGet(43)) - raft.server.snapshot.retention.num.files = 5 (custom)
2019-09-25 07:19:58,702 [pool-287-thread-1] INFO  server.RaftServerConfigKeys (ConfUtils.java:logGet(43)) - raft.server.retrycache.expirytime = 600000ms (custom)
2019-09-25 07:19:58,704 [pool-287-thread-1] INFO  impl.RaftServerImpl (RaftServerImpl.java:start(185)) - 1f2e38a2-0128-463d-8529-15ece9a8cfb5@group-58CC91D6735B: start as a follower, conf=-1: [1f2e38a2-0128-463d-8529-15ece9a8cfb5:192.168.30.10:33713], old=null
2019-09-25 07:19:58,704 [pool-287-thread-1] INFO  impl.RaftServerImpl (RaftServerImpl.java:setRole(174)) - 1f2e38a2-0128-463d-8529-15ece9a8cfb5@group-58CC91D6735B: changes role from      null to FOLLOWER at term 0 for startAsFollower
2019-09-25 07:19:58,704 [pool-287-thread-1] INFO  impl.RoleInfo (RoleInfo.java:updateAndGet(143)) - 1f2e38a2-0128-463d-8529-15ece9a8cfb5: start FollowerState
2019-09-25 07:19:58,704 [pool-287-thread-1] INFO  util.JmxRegister (JmxRegister.java:tryRegister(44)) - Successfully registered JMX Bean with object name Ratis:service=RaftServer,group=group-58CC91D6735B,id=1f2e38a2-0128-463d-8529-15ece9a8cfb5
2019-09-25 07:19:58,708 [RatisPipelineUtilsThread] INFO  pipeline.PipelineStateManager (PipelineStateManager.java:addPipeline(56)) - Created pipeline Pipeline[ Id: 75d129c1-2755-4eca-88ec-58cc91d6735b, Nodes: 1f2e38a2-0128-463d-8529-15ece9a8cfb5{ip: 192.168.30.10, host: pr-hdds-1569-s62bp-3040748787, networkLocation: /default-rack, certSerialId: null}, Type:RATIS, Factor:ONE, State:OPEN]
2019-09-25 07:19:58,714 [grpc-default-executor-0] INFO  impl.RaftServerProxy (RaftServerProxy.java:addNew(89)) - 1f2e38a2-0128-463d-8529-15ece9a8cfb5: addNew group-E3528613A748:[1f2e38a2-0128-463d-8529-15ece9a8cfb5:192.168.30.10:33713] returns group-E3528613A748:java.util.concurrent.CompletableFuture@79da1ac7[Not completed]
2019-09-25 07:19:58,715 [pool-287-thread-1] INFO  impl.RaftServerImpl (RaftServerImpl.java:<init>(95)) - 1f2e38a2-0128-463d-8529-15ece9a8cfb5: new RaftServerImpl for group-E3528613A748:[1f2e38a2-0128-463d-8529-15ece9a8cfb5:192.168.30.10:33713] with ContainerStateMachine:uninitialized
2019-09-25 07:19:58,715 [pool-287-thread-1] INFO  server.RaftServerConfigKeys (ConfUtils.java:logGet(43)) - raft.server.rpc.timeout.min = 5s (custom)
2019-09-25 07:19:58,715 [pool-287-thread-1] INFO  server.RaftServerConfigKeys (ConfUtils.java:logGet(43)) - raft.server.rpc.timeout.max = 5200ms (custom)
2019-09-25 07:19:58,715 [pool-287-thread-1] INFO  server.RaftServerConfigKeys (ConfUtils.java:logGet(43)) - raft.server.rpcslowness.timeout = 120s (custom)
2019-09-25 07:19:58,716 [pool-287-thread-1] INFO  server.RaftServerConfigKeys (ConfUtils.java:logGet(43)) - raft.server.sleep.deviation.threshold = 300 (default)
2019-09-25 07:19:58,716 [pool-287-thread-1] INFO  server.RaftServerConfigKeys (ConfUtils.java:logGet(43)) - raft.server.log.appender.install.snapshot.enabled = false (custom)
2019-09-25 07:19:58,716 [pool-287-thread-1] INFO  impl.RaftServerImpl (ServerState.java:<init>(103)) - 1f2e38a2-0128-463d-8529-15ece9a8cfb5@group-E3528613A748: ConfigurationManager, init=-1: [1f2e38a2-0128-463d-8529-15ece9a8cfb5:192.168.30.10:33713], old=null, confs=<EMPTY_MAP>
2019-09-25 07:19:58,716 [pool-287-thread-1] INFO  server.RaftServerConfigKeys (ConfUtils.java:logGet(43)) - raft.server.storage.dir = [/workdir/hadoop-ozone/ozonefs/target/test-dir/MiniOzoneClusterImpl-a99f6f92-dd73-499d-99af-4102c4e47462/datanode-1/data/ratis] (custom)
2019-09-25 07:19:58,716 [pool-287-thread-1] INFO  storage.RaftStorageDirectory (RaftStorageDirectory.java:analyzeStorage(246)) - The storage directory /workdir/hadoop-ozone/ozonefs/target/test-dir/MiniOzoneClusterImpl-a99f6f92-dd73-499d-99af-4102c4e47462/datanode-1/data/ratis/b7766117-0c84-44fa-a8e9-e3528613a748 does not exist. Creating ...
2019-09-25 07:19:58,729 [pool-287-thread-1] INFO  storage.RaftStorageDirectory (RaftStorageDirectory.java:tryLock(328)) - Lock on /workdir/hadoop-ozone/ozonefs/target/test-dir/MiniOzoneClusterImpl-a99f6f92-dd73-499d-99af-4102c4e47462/datanode-1/data/ratis/b7766117-0c84-44fa-a8e9-e3528613a748/in_use.lock acquired by nodename 21239@pr-hdds-1569-s62bp-3040748787
2019-09-25 07:19:58,742 [pool-287-thread-1] INFO  storage.RaftStorage (RaftStorage.java:format(72)) - Storage directory /workdir/hadoop-ozone/ozonefs/target/test-dir/MiniOzoneClusterImpl-a99f6f92-dd73-499d-99af-4102c4e47462/datanode-1/data/ratis/b7766117-0c84-44fa-a8e9-e3528613a748 has been successfully formatted.
2019-09-25 07:19:58,742 [pool-287-thread-1] INFO  ratis.ContainerStateMachine (ContainerStateMachine.java:loadSnapshot(230)) - group-E3528613A748: The snapshot info is null. Setting the last applied indexto:(t:0, i:~)
2019-09-25 07:19:58,742 [pool-287-thread-1] INFO  server.RaftServerConfigKeys (ConfUtils.java:logGet(43)) - raft.server.notification.no-leader.timeout = 120s (custom)
2019-09-25 07:19:58,742 [pool-287-thread-1] INFO  server.RaftServerConfigKeys (ConfUtils.java:logGet(43)) - raft.server.log.use.memory = false (default)
2019-09-25 07:19:58,742 [pool-287-thread-1] INFO  server.RaftServerConfigKeys (ConfUtils.java:logGet(43)) - raft.server.log.purge.gap = 1000000 (custom)
2019-09-25 07:19:58,742 [pool-287-thread-1] INFO  server.RaftServerConfigKeys (ConfUtils.java:logGet(43)) - raft.server.log.appender.buffer.byte-limit = 33554432 (custom)
2019-09-25 07:19:58,743 [pool-287-thread-1] INFO  server.RaftServerConfigKeys (ConfUtils.java:logGet(43)) - raft.server.log.segment.size.max = 1048576 (custom)
2019-09-25 07:19:58,743 [pool-287-thread-1] INFO  server.RaftServerConfigKeys (ConfUtils.java:logGet(43)) - raft.server.log.segment.cache.num.max = 2 (custom)
2019-09-25 07:19:58,743 [pool-287-thread-1] INFO  segmented.SegmentedRaftLogWorker (SegmentedRaftLogWorker.java:<init>(172)) - new 1f2e38a2-0128-463d-8529-15ece9a8cfb5@group-E3528613A748-SegmentedRaftLogWorker for RaftStorage:Storage Directory /workdir/hadoop-ozone/ozonefs/target/test-dir/MiniOzoneClusterImpl-a99f6f92-dd73-499d-99af-4102c4e47462/datanode-1/data/ratis/b7766117-0c84-44fa-a8e9-e3528613a748
2019-09-25 07:19:58,743 [pool-287-thread-1] INFO  server.RaftServerConfigKeys (ConfUtils.java:logGet(43)) - raft.server.log.queue.byte-limit = 2147483647 (custom)
2019-09-25 07:19:58,743 [pool-287-thread-1] INFO  server.RaftServerConfigKeys (ConfUtils.java:logGet(43)) - raft.server.log.queue.element-limit = 1024 (custom)
2019-09-25 07:19:58,743 [pool-287-thread-1] INFO  server.RaftServerConfigKeys (ConfUtils.java:logGet(43)) - raft.server.log.segment.size.max = 1048576 (custom)
2019-09-25 07:19:58,743 [pool-287-thread-1] INFO  server.RaftServerConfigKeys (ConfUtils.java:logGet(43)) - raft.server.log.preallocated.size = 16384 (custom)
2019-09-25 07:19:58,744 [pool-287-thread-1] INFO  server.RaftServerConfigKeys (ConfUtils.java:logGet(43)) - raft.server.log.write.buffer.size = 33554432 (custom)
2019-09-25 07:19:58,744 [pool-287-thread-1] INFO  server.RaftServerConfigKeys (ConfUtils.java:logGet(43)) - raft.server.log.force.sync.num = 128 (default)
2019-09-25 07:19:58,744 [pool-287-thread-1] INFO  server.RaftServerConfigKeys (ConfUtils.java:logGet(43)) - raft.server.log.statemachine.data.sync = true (default)
2019-09-25 07:19:58,744 [pool-287-thread-1] INFO  server.RaftServerConfigKeys (ConfUtils.java:logGet(43)) - raft.server.log.statemachine.data.sync.timeout = 10s (default)
2019-09-25 07:19:58,744 [pool-287-thread-1] INFO  server.RaftServerConfigKeys (ConfUtils.java:logGet(43)) - raft.server.log.statemachine.data.sync.timeout.retry = -1 (default)
2019-09-25 07:19:58,744 [pool-287-thread-1] INFO  server.RaftServerConfigKeys (ConfUtils.java:logGet(43)) - raft.server.log.statemachine.data.caching.enabled = true (custom)
2019-09-25 07:19:58,745 [pool-287-thread-1] INFO  segmented.SegmentedRaftLogWorker (SegmentedRaftLogWorker.java:lambda$new$0(132)) - 1f2e38a2-0128-463d-8529-15ece9a8cfb5@group-E3528613A748-SegmentedRaftLogWorker: flushIndex: setUnconditionally 0 -> -1
2019-09-25 07:19:58,745 [pool-287-thread-1] INFO  server.RaftServerConfigKeys (ConfUtils.java:logGet(43)) - raft.server.snapshot.auto.trigger.enabled = true (custom)
2019-09-25 07:19:58,745 [pool-287-thread-1] INFO  server.RaftServerConfigKeys (ConfUtils.java:logGet(43)) - raft.server.snapshot.auto.trigger.threshold = 10000 (custom)
2019-09-25 07:19:58,745 [pool-287-thread-1] INFO  server.RaftServerConfigKeys (ConfUtils.java:logGet(43)) - raft.server.snapshot.retention.num.files = 5 (custom)
2019-09-25 07:19:58,745 [pool-287-thread-1] INFO  server.RaftServerConfigKeys (ConfUtils.java:logGet(43)) - raft.server.retrycache.expirytime = 600000ms (custom)
2019-09-25 07:19:58,748 [pool-287-thread-1] INFO  impl.RaftServerImpl (RaftServerImpl.java:start(185)) - 1f2e38a2-0128-463d-8529-15ece9a8cfb5@group-E3528613A748: start as a follower, conf=-1: [1f2e38a2-0128-463d-8529-15ece9a8cfb5:192.168.30.10:33713], old=null
2019-09-25 07:19:58,748 [pool-287-thread-1] INFO  impl.RaftServerImpl (RaftServerImpl.java:setRole(174)) - 1f2e38a2-0128-463d-8529-15ece9a8cfb5@group-E3528613A748: changes role from      null to FOLLOWER at term 0 for startAsFollower
2019-09-25 07:19:58,748 [pool-287-thread-1] INFO  impl.RoleInfo (RoleInfo.java:updateAndGet(143)) - 1f2e38a2-0128-463d-8529-15ece9a8cfb5: start FollowerState
2019-09-25 07:19:58,748 [pool-287-thread-1] INFO  util.JmxRegister (JmxRegister.java:tryRegister(44)) - Successfully registered JMX Bean with object name Ratis:service=RaftServer,group=group-E3528613A748,id=1f2e38a2-0128-463d-8529-15ece9a8cfb5
2019-09-25 07:19:58,752 [RatisPipelineUtilsThread] INFO  pipeline.PipelineStateManager (PipelineStateManager.java:addPipeline(56)) - Created pipeline Pipeline[ Id: b7766117-0c84-44fa-a8e9-e3528613a748, Nodes: 1f2e38a2-0128-463d-8529-15ece9a8cfb5{ip: 192.168.30.10, host: pr-hdds-1569-s62bp-3040748787, networkLocation: /default-rack, certSerialId: null}, Type:RATIS, Factor:ONE, State:OPEN]
2019-09-25 07:19:58,759 [grpc-default-executor-0] INFO  impl.RaftServerProxy (RaftServerProxy.java:addNew(89)) - 1f2e38a2-0128-463d-8529-15ece9a8cfb5: addNew group-AF0545EE165C:[1f2e38a2-0128-463d-8529-15ece9a8cfb5:192.168.30.10:33713] returns group-AF0545EE165C:java.util.concurrent.CompletableFuture@4fd91e69[Not completed]
2019-09-25 07:19:58,759 [pool-287-thread-1] INFO  impl.RaftServerImpl (RaftServerImpl.java:<init>(95)) - 1f2e38a2-0128-463d-8529-15ece9a8cfb5: new RaftServerImpl for group-AF0545EE165C:[1f2e38a2-0128-463d-8529-15ece9a8cfb5:192.168.30.10:33713] with ContainerStateMachine:uninitialized
2019-09-25 07:19:58,760 [pool-287-thread-1] INFO  server.RaftServerConfigKeys (ConfUtils.java:logGet(43)) - raft.server.rpc.timeout.min = 5s (custom)
2019-09-25 07:19:58,760 [pool-287-thread-1] INFO  server.RaftServerConfigKeys (ConfUtils.java:logGet(43)) - raft.server.rpc.timeout.max = 5200ms (custom)
2019-09-25 07:19:58,760 [pool-287-thread-1] INFO  server.RaftServerConfigKeys (ConfUtils.java:logGet(43)) - raft.server.rpcslowness.timeout = 120s (custom)
2019-09-25 07:19:58,760 [pool-287-thread-1] INFO  server.RaftServerConfigKeys (ConfUtils.java:logGet(43)) - raft.server.sleep.deviation.threshold = 300 (default)
2019-09-25 07:19:58,760 [pool-287-thread-1] INFO  server.RaftServerConfigKeys (ConfUtils.java:logGet(43)) - raft.server.log.appender.install.snapshot.enabled = false (custom)
2019-09-25 07:19:58,760 [pool-287-thread-1] INFO  impl.RaftServerImpl (ServerState.java:<init>(103)) - 1f2e38a2-0128-463d-8529-15ece9a8cfb5@group-AF0545EE165C: ConfigurationManager, init=-1: [1f2e38a2-0128-463d-8529-15ece9a8cfb5:192.168.30.10:33713], old=null, confs=<EMPTY_MAP>
2019-09-25 07:19:58,760 [pool-287-thread-1] INFO  server.RaftServerConfigKeys (ConfUtils.java:logGet(43)) - raft.server.storage.dir = [/workdir/hadoop-ozone/ozonefs/target/test-dir/MiniOzoneClusterImpl-a99f6f92-dd73-499d-99af-4102c4e47462/datanode-1/data/ratis] (custom)
2019-09-25 07:19:58,761 [pool-287-thread-1] INFO  storage.RaftStorageDirectory (RaftStorageDirectory.java:analyzeStorage(246)) - The storage directory /workdir/hadoop-ozone/ozonefs/target/test-dir/MiniOzoneClusterImpl-a99f6f92-dd73-499d-99af-4102c4e47462/datanode-1/data/ratis/a03fea04-f6e9-4da6-a2cf-af0545ee165c does not exist. Creating ...
2019-09-25 07:19:58,772 [pool-287-thread-1] INFO  storage.RaftStorageDirectory (RaftStorageDirectory.java:tryLock(328)) - Lock on /workdir/hadoop-ozone/ozonefs/target/test-dir/MiniOzoneClusterImpl-a99f6f92-dd73-499d-99af-4102c4e47462/datanode-1/data/ratis/a03fea04-f6e9-4da6-a2cf-af0545ee165c/in_use.lock acquired by nodename 21239@pr-hdds-1569-s62bp-3040748787
2019-09-25 07:19:58,793 [pool-287-thread-1] INFO  storage.RaftStorage (RaftStorage.java:format(72)) - Storage directory /workdir/hadoop-ozone/ozonefs/target/test-dir/MiniOzoneClusterImpl-a99f6f92-dd73-499d-99af-4102c4e47462/datanode-1/data/ratis/a03fea04-f6e9-4da6-a2cf-af0545ee165c has been successfully formatted.
2019-09-25 07:19:58,794 [pool-287-thread-1] INFO  ratis.ContainerStateMachine (ContainerStateMachine.java:loadSnapshot(230)) - group-AF0545EE165C: The snapshot info is null. Setting the last applied indexto:(t:0, i:~)
2019-09-25 07:19:58,794 [pool-287-thread-1] INFO  server.RaftServerConfigKeys (ConfUtils.java:logGet(43)) - raft.server.notification.no-leader.timeout = 120s (custom)
2019-09-25 07:19:58,794 [pool-287-thread-1] INFO  server.RaftServerConfigKeys (ConfUtils.java:logGet(43)) - raft.server.log.use.memory = false (default)
2019-09-25 07:19:58,794 [pool-287-thread-1] INFO  server.RaftServerConfigKeys (ConfUtils.java:logGet(43)) - raft.server.log.purge.gap = 1000000 (custom)
2019-09-25 07:19:58,794 [pool-287-thread-1] INFO  server.RaftServerConfigKeys (ConfUtils.java:logGet(43)) - raft.server.log.appender.buffer.byte-limit = 33554432 (custom)
2019-09-25 07:19:58,794 [pool-287-thread-1] INFO  server.RaftServerConfigKeys (ConfUtils.java:logGet(43)) - raft.server.log.segment.size.max = 1048576 (custom)
2019-09-25 07:19:58,795 [pool-287-thread-1] INFO  server.RaftServerConfigKeys (ConfUtils.java:logGet(43)) - raft.server.log.segment.cache.num.max = 2 (custom)
2019-09-25 07:19:58,795 [pool-287-thread-1] INFO  segmented.SegmentedRaftLogWorker (SegmentedRaftLogWorker.java:<init>(172)) - new 1f2e38a2-0128-463d-8529-15ece9a8cfb5@group-AF0545EE165C-SegmentedRaftLogWorker for RaftStorage:Storage Directory /workdir/hadoop-ozone/ozonefs/target/test-dir/MiniOzoneClusterImpl-a99f6f92-dd73-499d-99af-4102c4e47462/datanode-1/data/ratis/a03fea04-f6e9-4da6-a2cf-af0545ee165c
2019-09-25 07:19:58,795 [pool-287-thread-1] INFO  server.RaftServerConfigKeys (ConfUtils.java:logGet(43)) - raft.server.log.queue.byte-limit = 2147483647 (custom)
2019-09-25 07:19:58,795 [pool-287-thread-1] INFO  server.RaftServerConfigKeys (ConfUtils.java:logGet(43)) - raft.server.log.queue.element-limit = 1024 (custom)
2019-09-25 07:19:58,795 [pool-287-thread-1] INFO  server.RaftServerConfigKeys (ConfUtils.java:logGet(43)) - raft.server.log.segment.size.max = 1048576 (custom)
2019-09-25 07:19:58,795 [pool-287-thread-1] INFO  server.RaftServerConfigKeys (ConfUtils.java:logGet(43)) - raft.server.log.preallocated.size = 16384 (custom)
2019-09-25 07:19:58,795 [pool-287-thread-1] INFO  server.RaftServerConfigKeys (ConfUtils.java:logGet(43)) - raft.server.log.write.buffer.size = 33554432 (custom)
2019-09-25 07:19:58,796 [pool-287-thread-1] INFO  server.RaftServerConfigKeys (ConfUtils.java:logGet(43)) - raft.server.log.force.sync.num = 128 (default)
2019-09-25 07:19:58,796 [pool-287-thread-1] INFO  server.RaftServerConfigKeys (ConfUtils.java:logGet(43)) - raft.server.log.statemachine.data.sync = true (default)
2019-09-25 07:19:58,796 [pool-287-thread-1] INFO  server.RaftServerConfigKeys (ConfUtils.java:logGet(43)) - raft.server.log.statemachine.data.sync.timeout = 10s (default)
2019-09-25 07:19:58,796 [pool-287-thread-1] INFO  server.RaftServerConfigKeys (ConfUtils.java:logGet(43)) - raft.server.log.statemachine.data.sync.timeout.retry = -1 (default)
2019-09-25 07:19:58,796 [pool-287-thread-1] INFO  server.RaftServerConfigKeys (ConfUtils.java:logGet(43)) - raft.server.log.statemachine.data.caching.enabled = true (custom)
2019-09-25 07:19:58,797 [pool-287-thread-1] INFO  segmented.SegmentedRaftLogWorker (SegmentedRaftLogWorker.java:lambda$new$0(132)) - 1f2e38a2-0128-463d-8529-15ece9a8cfb5@group-AF0545EE165C-SegmentedRaftLogWorker: flushIndex: setUnconditionally 0 -> -1
2019-09-25 07:19:58,797 [pool-287-thread-1] INFO  server.RaftServerConfigKeys (ConfUtils.java:logGet(43)) - raft.server.snapshot.auto.trigger.enabled = true (custom)
2019-09-25 07:19:58,797 [pool-287-thread-1] INFO  server.RaftServerConfigKeys (ConfUtils.java:logGet(43)) - raft.server.snapshot.auto.trigger.threshold = 10000 (custom)
2019-09-25 07:19:58,797 [pool-287-thread-1] INFO  server.RaftServerConfigKeys (ConfUtils.java:logGet(43)) - raft.server.snapshot.retention.num.files = 5 (custom)
2019-09-25 07:19:58,797 [pool-287-thread-1] INFO  server.RaftServerConfigKeys (ConfUtils.java:logGet(43)) - raft.server.retrycache.expirytime = 600000ms (custom)
2019-09-25 07:19:58,799 [pool-287-thread-1] INFO  impl.RaftServerImpl (RaftServerImpl.java:start(185)) - 1f2e38a2-0128-463d-8529-15ece9a8cfb5@group-AF0545EE165C: start as a follower, conf=-1: [1f2e38a2-0128-463d-8529-15ece9a8cfb5:192.168.30.10:33713], old=null
2019-09-25 07:19:58,799 [pool-287-thread-1] INFO  impl.RaftServerImpl (RaftServerImpl.java:setRole(174)) - 1f2e38a2-0128-463d-8529-15ece9a8cfb5@group-AF0545EE165C: changes role from      null to FOLLOWER at term 0 for startAsFollower
2019-09-25 07:19:58,799 [pool-287-thread-1] INFO  impl.RoleInfo (RoleInfo.java:updateAndGet(143)) - 1f2e38a2-0128-463d-8529-15ece9a8cfb5: start FollowerState
2019-09-25 07:19:58,800 [pool-287-thread-1] INFO  util.JmxRegister (JmxRegister.java:tryRegister(44)) - Successfully registered JMX Bean with object name Ratis:service=RaftServer,group=group-AF0545EE165C,id=1f2e38a2-0128-463d-8529-15ece9a8cfb5
2019-09-25 07:19:58,803 [RatisPipelineUtilsThread] INFO  pipeline.PipelineStateManager (PipelineStateManager.java:addPipeline(56)) - Created pipeline Pipeline[ Id: a03fea04-f6e9-4da6-a2cf-af0545ee165c, Nodes: 1f2e38a2-0128-463d-8529-15ece9a8cfb5{ip: 192.168.30.10, host: pr-hdds-1569-s62bp-3040748787, networkLocation: /default-rack, certSerialId: null}, Type:RATIS, Factor:ONE, State:OPEN]
2019-09-25 07:19:58,808 [grpc-default-executor-0] INFO  impl.RaftServerProxy (RaftServerProxy.java:addNew(89)) - 1f2e38a2-0128-463d-8529-15ece9a8cfb5: addNew group-BD56700E93EA:[1f2e38a2-0128-463d-8529-15ece9a8cfb5:192.168.30.10:33713] returns group-BD56700E93EA:java.util.concurrent.CompletableFuture@4e5e63ea[Not completed]
2019-09-25 07:19:58,809 [pool-287-thread-1] INFO  impl.RaftServerImpl (RaftServerImpl.java:<init>(95)) - 1f2e38a2-0128-463d-8529-15ece9a8cfb5: new RaftServerImpl for group-BD56700E93EA:[1f2e38a2-0128-463d-8529-15ece9a8cfb5:192.168.30.10:33713] with ContainerStateMachine:uninitialized
2019-09-25 07:19:58,809 [pool-287-thread-1] INFO  server.RaftServerConfigKeys (ConfUtils.java:logGet(43)) - raft.server.rpc.timeout.min = 5s (custom)
2019-09-25 07:19:58,810 [pool-287-thread-1] INFO  server.RaftServerConfigKeys (ConfUtils.java:logGet(43)) - raft.server.rpc.timeout.max = 5200ms (custom)
2019-09-25 07:19:58,810 [pool-287-thread-1] INFO  server.RaftServerConfigKeys (ConfUtils.java:logGet(43)) - raft.server.rpcslowness.timeout = 120s (custom)
2019-09-25 07:19:58,810 [pool-287-thread-1] INFO  server.RaftServerConfigKeys (ConfUtils.java:logGet(43)) - raft.server.sleep.deviation.threshold = 300 (default)
2019-09-25 07:19:58,810 [pool-287-thread-1] INFO  server.RaftServerConfigKeys (ConfUtils.java:logGet(43)) - raft.server.log.appender.install.snapshot.enabled = false (custom)
2019-09-25 07:19:58,810 [pool-287-thread-1] INFO  impl.RaftServerImpl (ServerState.java:<init>(103)) - 1f2e38a2-0128-463d-8529-15ece9a8cfb5@group-BD56700E93EA: ConfigurationManager, init=-1: [1f2e38a2-0128-463d-8529-15ece9a8cfb5:192.168.30.10:33713], old=null, confs=<EMPTY_MAP>
2019-09-25 07:19:58,810 [pool-287-thread-1] INFO  server.RaftServerConfigKeys (ConfUtils.java:logGet(43)) - raft.server.storage.dir = [/workdir/hadoop-ozone/ozonefs/target/test-dir/MiniOzoneClusterImpl-a99f6f92-dd73-499d-99af-4102c4e47462/datanode-1/data/ratis] (custom)
2019-09-25 07:19:58,811 [pool-287-thread-1] INFO  storage.RaftStorageDirectory (RaftStorageDirectory.java:analyzeStorage(246)) - The storage directory /workdir/hadoop-ozone/ozonefs/target/test-dir/MiniOzoneClusterImpl-a99f6f92-dd73-499d-99af-4102c4e47462/datanode-1/data/ratis/de475396-31fb-4c33-a772-bd56700e93ea does not exist. Creating ...
2019-09-25 07:19:58,823 [pool-287-thread-1] INFO  storage.RaftStorageDirectory (RaftStorageDirectory.java:tryLock(328)) - Lock on /workdir/hadoop-ozone/ozonefs/target/test-dir/MiniOzoneClusterImpl-a99f6f92-dd73-499d-99af-4102c4e47462/datanode-1/data/ratis/de475396-31fb-4c33-a772-bd56700e93ea/in_use.lock acquired by nodename 21239@pr-hdds-1569-s62bp-3040748787
2019-09-25 07:19:58,838 [pool-287-thread-1] INFO  storage.RaftStorage (RaftStorage.java:format(72)) - Storage directory /workdir/hadoop-ozone/ozonefs/target/test-dir/MiniOzoneClusterImpl-a99f6f92-dd73-499d-99af-4102c4e47462/datanode-1/data/ratis/de475396-31fb-4c33-a772-bd56700e93ea has been successfully formatted.
2019-09-25 07:19:58,838 [pool-287-thread-1] INFO  ratis.ContainerStateMachine (ContainerStateMachine.java:loadSnapshot(230)) - group-BD56700E93EA: The snapshot info is null. Setting the last applied indexto:(t:0, i:~)
2019-09-25 07:19:58,838 [pool-287-thread-1] INFO  server.RaftServerConfigKeys (ConfUtils.java:logGet(43)) - raft.server.notification.no-leader.timeout = 120s (custom)
2019-09-25 07:19:58,838 [pool-287-thread-1] INFO  server.RaftServerConfigKeys (ConfUtils.java:logGet(43)) - raft.server.log.use.memory = false (default)
2019-09-25 07:19:58,838 [pool-287-thread-1] INFO  server.RaftServerConfigKeys (ConfUtils.java:logGet(43)) - raft.server.log.purge.gap = 1000000 (custom)
2019-09-25 07:19:58,839 [pool-287-thread-1] INFO  server.RaftServerConfigKeys (ConfUtils.java:logGet(43)) - raft.server.log.appender.buffer.byte-limit = 33554432 (custom)
2019-09-25 07:19:58,839 [pool-287-thread-1] INFO  server.RaftServerConfigKeys (ConfUtils.java:logGet(43)) - raft.server.log.segment.size.max = 1048576 (custom)
2019-09-25 07:19:58,839 [pool-287-thread-1] INFO  server.RaftServerConfigKeys (ConfUtils.java:logGet(43)) - raft.server.log.segment.cache.num.max = 2 (custom)
2019-09-25 07:19:58,839 [pool-287-thread-1] INFO  segmented.SegmentedRaftLogWorker (SegmentedRaftLogWorker.java:<init>(172)) - new 1f2e38a2-0128-463d-8529-15ece9a8cfb5@group-BD56700E93EA-SegmentedRaftLogWorker for RaftStorage:Storage Directory /workdir/hadoop-ozone/ozonefs/target/test-dir/MiniOzoneClusterImpl-a99f6f92-dd73-499d-99af-4102c4e47462/datanode-1/data/ratis/de475396-31fb-4c33-a772-bd56700e93ea
2019-09-25 07:19:58,839 [pool-287-thread-1] INFO  server.RaftServerConfigKeys (ConfUtils.java:logGet(43)) - raft.server.log.queue.byte-limit = 2147483647 (custom)
2019-09-25 07:19:58,839 [pool-287-thread-1] INFO  server.RaftServerConfigKeys (ConfUtils.java:logGet(43)) - raft.server.log.queue.element-limit = 1024 (custom)
2019-09-25 07:19:58,839 [pool-287-thread-1] INFO  server.RaftServerConfigKeys (ConfUtils.java:logGet(43)) - raft.server.log.segment.size.max = 1048576 (custom)
2019-09-25 07:19:58,839 [pool-287-thread-1] INFO  server.RaftServerConfigKeys (ConfUtils.java:logGet(43)) - raft.server.log.preallocated.size = 16384 (custom)
2019-09-25 07:19:58,839 [pool-287-thread-1] INFO  server.RaftServerConfigKeys (ConfUtils.java:logGet(43)) - raft.server.log.write.buffer.size = 33554432 (custom)
2019-09-25 07:19:58,840 [pool-287-thread-1] INFO  server.RaftServerConfigKeys (ConfUtils.java:logGet(43)) - raft.server.log.force.sync.num = 128 (default)
2019-09-25 07:19:58,840 [pool-287-thread-1] INFO  server.RaftServerConfigKeys (ConfUtils.java:logGet(43)) - raft.server.log.statemachine.data.sync = true (default)
2019-09-25 07:19:58,840 [pool-287-thread-1] INFO  server.RaftServerConfigKeys (ConfUtils.java:logGet(43)) - raft.server.log.statemachine.data.sync.timeout = 10s (default)
2019-09-25 07:19:58,840 [pool-287-thread-1] INFO  server.RaftServerConfigKeys (ConfUtils.java:logGet(43)) - raft.server.log.statemachine.data.sync.timeout.retry = -1 (default)
2019-09-25 07:19:58,840 [pool-287-thread-1] INFO  server.RaftServerConfigKeys (ConfUtils.java:logGet(43)) - raft.server.log.statemachine.data.caching.enabled = true (custom)
2019-09-25 07:19:58,840 [pool-287-thread-1] INFO  segmented.SegmentedRaftLogWorker (SegmentedRaftLogWorker.java:lambda$new$0(132)) - 1f2e38a2-0128-463d-8529-15ece9a8cfb5@group-BD56700E93EA-SegmentedRaftLogWorker: flushIndex: setUnconditionally 0 -> -1
2019-09-25 07:19:58,841 [pool-287-thread-1] INFO  server.RaftServerConfigKeys (ConfUtils.java:logGet(43)) - raft.server.snapshot.auto.trigger.enabled = true (custom)
2019-09-25 07:19:58,841 [pool-287-thread-1] INFO  server.RaftServerConfigKeys (ConfUtils.java:logGet(43)) - raft.server.snapshot.auto.trigger.threshold = 10000 (custom)
2019-09-25 07:19:58,841 [pool-287-thread-1] INFO  server.RaftServerConfigKeys (ConfUtils.java:logGet(43)) - raft.server.snapshot.retention.num.files = 5 (custom)
2019-09-25 07:19:58,841 [pool-287-thread-1] INFO  server.RaftServerConfigKeys (ConfUtils.java:logGet(43)) - raft.server.retrycache.expirytime = 600000ms (custom)
2019-09-25 07:19:58,842 [pool-287-thread-1] INFO  impl.RaftServerImpl (RaftServerImpl.java:start(185)) - 1f2e38a2-0128-463d-8529-15ece9a8cfb5@group-BD56700E93EA: start as a follower, conf=-1: [1f2e38a2-0128-463d-8529-15ece9a8cfb5:192.168.30.10:33713], old=null
2019-09-25 07:19:58,842 [pool-287-thread-1] INFO  impl.RaftServerImpl (RaftServerImpl.java:setRole(174)) - 1f2e38a2-0128-463d-8529-15ece9a8cfb5@group-BD56700E93EA: changes role from      null to FOLLOWER at term 0 for startAsFollower
2019-09-25 07:19:58,843 [pool-287-thread-1] INFO  impl.RoleInfo (RoleInfo.java:updateAndGet(143)) - 1f2e38a2-0128-463d-8529-15ece9a8cfb5: start FollowerState
2019-09-25 07:19:58,843 [pool-287-thread-1] INFO  util.JmxRegister (JmxRegister.java:tryRegister(44)) - Successfully registered JMX Bean with object name Ratis:service=RaftServer,group=group-BD56700E93EA,id=1f2e38a2-0128-463d-8529-15ece9a8cfb5
2019-09-25 07:19:58,845 [RatisPipelineUtilsThread] INFO  pipeline.PipelineStateManager (PipelineStateManager.java:addPipeline(56)) - Created pipeline Pipeline[ Id: de475396-31fb-4c33-a772-bd56700e93ea, Nodes: 1f2e38a2-0128-463d-8529-15ece9a8cfb5{ip: 192.168.30.10, host: pr-hdds-1569-s62bp-3040748787, networkLocation: /default-rack, certSerialId: null}, Type:RATIS, Factor:ONE, State:OPEN]
2019-09-25 07:19:58,850 [grpc-default-executor-0] INFO  impl.RaftServerProxy (RaftServerProxy.java:addNew(89)) - 14c372b8-c6a2-43bc-9321-f88ebc8119bc: addNew group-32D3A9B39300:[14c372b8-c6a2-43bc-9321-f88ebc8119bc:192.168.30.10:37420] returns group-32D3A9B39300:java.util.concurrent.CompletableFuture@24095993[Not completed]
2019-09-25 07:19:58,851 [pool-277-thread-1] INFO  impl.RaftServerImpl (RaftServerImpl.java:<init>(95)) - 14c372b8-c6a2-43bc-9321-f88ebc8119bc: new RaftServerImpl for group-32D3A9B39300:[14c372b8-c6a2-43bc-9321-f88ebc8119bc:192.168.30.10:37420] with ContainerStateMachine:uninitialized
2019-09-25 07:19:58,852 [pool-277-thread-1] INFO  server.RaftServerConfigKeys (ConfUtils.java:logGet(43)) - raft.server.rpc.timeout.min = 5s (custom)
2019-09-25 07:19:58,852 [pool-277-thread-1] INFO  server.RaftServerConfigKeys (ConfUtils.java:logGet(43)) - raft.server.rpc.timeout.max = 5200ms (custom)
2019-09-25 07:19:58,852 [pool-277-thread-1] INFO  server.RaftServerConfigKeys (ConfUtils.java:logGet(43)) - raft.server.rpcslowness.timeout = 120s (custom)
2019-09-25 07:19:58,852 [pool-277-thread-1] INFO  server.RaftServerConfigKeys (ConfUtils.java:logGet(43)) - raft.server.sleep.deviation.threshold = 300 (default)
2019-09-25 07:19:58,852 [pool-277-thread-1] INFO  server.RaftServerConfigKeys (ConfUtils.java:logGet(43)) - raft.server.log.appender.install.snapshot.enabled = false (custom)
2019-09-25 07:19:58,852 [pool-277-thread-1] INFO  impl.RaftServerImpl (ServerState.java:<init>(103)) - 14c372b8-c6a2-43bc-9321-f88ebc8119bc@group-32D3A9B39300: ConfigurationManager, init=-1: [14c372b8-c6a2-43bc-9321-f88ebc8119bc:192.168.30.10:37420], old=null, confs=<EMPTY_MAP>
2019-09-25 07:19:58,852 [pool-277-thread-1] INFO  server.RaftServerConfigKeys (ConfUtils.java:logGet(43)) - raft.server.storage.dir = [/workdir/hadoop-ozone/ozonefs/target/test-dir/MiniOzoneClusterImpl-a99f6f92-dd73-499d-99af-4102c4e47462/datanode-0/data/ratis] (custom)
2019-09-25 07:19:58,853 [pool-277-thread-1] INFO  storage.RaftStorageDirectory (RaftStorageDirectory.java:analyzeStorage(246)) - The storage directory /workdir/hadoop-ozone/ozonefs/target/test-dir/MiniOzoneClusterImpl-a99f6f92-dd73-499d-99af-4102c4e47462/datanode-0/data/ratis/1c981384-176a-46d6-9624-32d3a9b39300 does not exist. Creating ...
2019-09-25 07:19:58,866 [pool-277-thread-1] INFO  storage.RaftStorageDirectory (RaftStorageDirectory.java:tryLock(328)) - Lock on /workdir/hadoop-ozone/ozonefs/target/test-dir/MiniOzoneClusterImpl-a99f6f92-dd73-499d-99af-4102c4e47462/datanode-0/data/ratis/1c981384-176a-46d6-9624-32d3a9b39300/in_use.lock acquired by nodename 21239@pr-hdds-1569-s62bp-3040748787
2019-09-25 07:19:58,878 [pool-277-thread-1] INFO  storage.RaftStorage (RaftStorage.java:format(72)) - Storage directory /workdir/hadoop-ozone/ozonefs/target/test-dir/MiniOzoneClusterImpl-a99f6f92-dd73-499d-99af-4102c4e47462/datanode-0/data/ratis/1c981384-176a-46d6-9624-32d3a9b39300 has been successfully formatted.
2019-09-25 07:19:58,879 [pool-277-thread-1] INFO  ratis.ContainerStateMachine (ContainerStateMachine.java:loadSnapshot(230)) - group-32D3A9B39300: The snapshot info is null. Setting the last applied indexto:(t:0, i:~)
2019-09-25 07:19:58,879 [pool-277-thread-1] INFO  server.RaftServerConfigKeys (ConfUtils.java:logGet(43)) - raft.server.notification.no-leader.timeout = 120s (custom)
2019-09-25 07:19:58,879 [pool-277-thread-1] INFO  server.RaftServerConfigKeys (ConfUtils.java:logGet(43)) - raft.server.log.use.memory = false (default)
2019-09-25 07:19:58,879 [pool-277-thread-1] INFO  server.RaftServerConfigKeys (ConfUtils.java:logGet(43)) - raft.server.log.purge.gap = 1000000 (custom)
2019-09-25 07:19:58,879 [pool-277-thread-1] INFO  server.RaftServerConfigKeys (ConfUtils.java:logGet(43)) - raft.server.log.appender.buffer.byte-limit = 33554432 (custom)
2019-09-25 07:19:58,880 [pool-277-thread-1] INFO  server.RaftServerConfigKeys (ConfUtils.java:logGet(43)) - raft.server.log.segment.size.max = 1048576 (custom)
2019-09-25 07:19:58,880 [pool-277-thread-1] INFO  server.RaftServerConfigKeys (ConfUtils.java:logGet(43)) - raft.server.log.segment.cache.num.max = 2 (custom)
2019-09-25 07:19:58,880 [pool-277-thread-1] INFO  segmented.SegmentedRaftLogWorker (SegmentedRaftLogWorker.java:<init>(172)) - new 14c372b8-c6a2-43bc-9321-f88ebc8119bc@group-32D3A9B39300-SegmentedRaftLogWorker for RaftStorage:Storage Directory /workdir/hadoop-ozone/ozonefs/target/test-dir/MiniOzoneClusterImpl-a99f6f92-dd73-499d-99af-4102c4e47462/datanode-0/data/ratis/1c981384-176a-46d6-9624-32d3a9b39300
2019-09-25 07:19:58,880 [pool-277-thread-1] INFO  server.RaftServerConfigKeys (ConfUtils.java:logGet(43)) - raft.server.log.queue.byte-limit = 2147483647 (custom)
2019-09-25 07:19:58,880 [pool-277-thread-1] INFO  server.RaftServerConfigKeys (ConfUtils.java:logGet(43)) - raft.server.log.queue.element-limit = 1024 (custom)
2019-09-25 07:19:58,880 [pool-277-thread-1] INFO  server.RaftServerConfigKeys (ConfUtils.java:logGet(43)) - raft.server.log.segment.size.max = 1048576 (custom)
2019-09-25 07:19:58,880 [pool-277-thread-1] INFO  server.RaftServerConfigKeys (ConfUtils.java:logGet(43)) - raft.server.log.preallocated.size = 16384 (custom)
2019-09-25 07:19:58,880 [pool-277-thread-1] INFO  server.RaftServerConfigKeys (ConfUtils.java:logGet(43)) - raft.server.log.write.buffer.size = 33554432 (custom)
2019-09-25 07:19:58,881 [pool-277-thread-1] INFO  server.RaftServerConfigKeys (ConfUtils.java:logGet(43)) - raft.server.log.force.sync.num = 128 (default)
2019-09-25 07:19:58,881 [pool-277-thread-1] INFO  server.RaftServerConfigKeys (ConfUtils.java:logGet(43)) - raft.server.log.statemachine.data.sync = true (default)
2019-09-25 07:19:58,881 [pool-277-thread-1] INFO  server.RaftServerConfigKeys (ConfUtils.java:logGet(43)) - raft.server.log.statemachine.data.sync.timeout = 10s (default)
2019-09-25 07:19:58,881 [pool-277-thread-1] INFO  server.RaftServerConfigKeys (ConfUtils.java:logGet(43)) - raft.server.log.statemachine.data.sync.timeout.retry = -1 (default)
2019-09-25 07:19:58,881 [pool-277-thread-1] INFO  server.RaftServerConfigKeys (ConfUtils.java:logGet(43)) - raft.server.log.statemachine.data.caching.enabled = true (custom)
2019-09-25 07:19:58,881 [pool-277-thread-1] INFO  segmented.SegmentedRaftLogWorker (SegmentedRaftLogWorker.java:lambda$new$0(132)) - 14c372b8-c6a2-43bc-9321-f88ebc8119bc@group-32D3A9B39300-SegmentedRaftLogWorker: flushIndex: setUnconditionally 0 -> -1
2019-09-25 07:19:58,882 [pool-277-thread-1] INFO  server.RaftServerConfigKeys (ConfUtils.java:logGet(43)) - raft.server.snapshot.auto.trigger.enabled = true (custom)
2019-09-25 07:19:58,882 [pool-277-thread-1] INFO  server.RaftServerConfigKeys (ConfUtils.java:logGet(43)) - raft.server.snapshot.auto.trigger.threshold = 10000 (custom)
2019-09-25 07:19:58,882 [pool-277-thread-1] INFO  server.RaftServerConfigKeys (ConfUtils.java:logGet(43)) - raft.server.snapshot.retention.num.files = 5 (custom)
2019-09-25 07:19:58,882 [pool-277-thread-1] INFO  server.RaftServerConfigKeys (ConfUtils.java:logGet(43)) - raft.server.retrycache.expirytime = 600000ms (custom)
2019-09-25 07:19:58,884 [pool-277-thread-1] INFO  impl.RaftServerImpl (RaftServerImpl.java:start(185)) - 14c372b8-c6a2-43bc-9321-f88ebc8119bc@group-32D3A9B39300: start as a follower, conf=-1: [14c372b8-c6a2-43bc-9321-f88ebc8119bc:192.168.30.10:37420], old=null
2019-09-25 07:19:58,884 [pool-277-thread-1] INFO  impl.RaftServerImpl (RaftServerImpl.java:setRole(174)) - 14c372b8-c6a2-43bc-9321-f88ebc8119bc@group-32D3A9B39300: changes role from      null to FOLLOWER at term 0 for startAsFollower
2019-09-25 07:19:58,884 [pool-277-thread-1] INFO  impl.RoleInfo (RoleInfo.java:updateAndGet(143)) - 14c372b8-c6a2-43bc-9321-f88ebc8119bc: start FollowerState
2019-09-25 07:19:58,884 [pool-277-thread-1] INFO  util.JmxRegister (JmxRegister.java:tryRegister(44)) - Successfully registered JMX Bean with object name Ratis:service=RaftServer,group=group-32D3A9B39300,id=14c372b8-c6a2-43bc-9321-f88ebc8119bc
2019-09-25 07:19:58,887 [RatisPipelineUtilsThread] INFO  pipeline.PipelineStateManager (PipelineStateManager.java:addPipeline(56)) - Created pipeline Pipeline[ Id: 1c981384-176a-46d6-9624-32d3a9b39300, Nodes: 14c372b8-c6a2-43bc-9321-f88ebc8119bc{ip: 192.168.30.10, host: pr-hdds-1569-s62bp-3040748787, networkLocation: /default-rack, certSerialId: null}, Type:RATIS, Factor:ONE, State:OPEN]
2019-09-25 07:19:58,893 [grpc-default-executor-0] INFO  impl.RaftServerProxy (RaftServerProxy.java:addNew(89)) - 1f2e38a2-0128-463d-8529-15ece9a8cfb5: addNew group-17716A633F81:[1f2e38a2-0128-463d-8529-15ece9a8cfb5:192.168.30.10:33713] returns group-17716A633F81:java.util.concurrent.CompletableFuture@243c09d2[Not completed]
2019-09-25 07:19:58,894 [pool-287-thread-1] INFO  impl.RaftServerImpl (RaftServerImpl.java:<init>(95)) - 1f2e38a2-0128-463d-8529-15ece9a8cfb5: new RaftServerImpl for group-17716A633F81:[1f2e38a2-0128-463d-8529-15ece9a8cfb5:192.168.30.10:33713] with ContainerStateMachine:uninitialized
2019-09-25 07:19:58,894 [pool-287-thread-1] INFO  server.RaftServerConfigKeys (ConfUtils.java:logGet(43)) - raft.server.rpc.timeout.min = 5s (custom)
2019-09-25 07:19:58,894 [pool-287-thread-1] INFO  server.RaftServerConfigKeys (ConfUtils.java:logGet(43)) - raft.server.rpc.timeout.max = 5200ms (custom)
2019-09-25 07:19:58,895 [pool-287-thread-1] INFO  server.RaftServerConfigKeys (ConfUtils.java:logGet(43)) - raft.server.rpcslowness.timeout = 120s (custom)
2019-09-25 07:19:58,895 [pool-287-thread-1] INFO  server.RaftServerConfigKeys (ConfUtils.java:logGet(43)) - raft.server.sleep.deviation.threshold = 300 (default)
2019-09-25 07:19:58,895 [pool-287-thread-1] INFO  server.RaftServerConfigKeys (ConfUtils.java:logGet(43)) - raft.server.log.appender.install.snapshot.enabled = false (custom)
2019-09-25 07:19:58,895 [pool-287-thread-1] INFO  impl.RaftServerImpl (ServerState.java:<init>(103)) - 1f2e38a2-0128-463d-8529-15ece9a8cfb5@group-17716A633F81: ConfigurationManager, init=-1: [1f2e38a2-0128-463d-8529-15ece9a8cfb5:192.168.30.10:33713], old=null, confs=<EMPTY_MAP>
2019-09-25 07:19:58,896 [pool-287-thread-1] INFO  server.RaftServerConfigKeys (ConfUtils.java:logGet(43)) - raft.server.storage.dir = [/workdir/hadoop-ozone/ozonefs/target/test-dir/MiniOzoneClusterImpl-a99f6f92-dd73-499d-99af-4102c4e47462/datanode-1/data/ratis] (custom)
2019-09-25 07:19:58,896 [pool-287-thread-1] INFO  storage.RaftStorageDirectory (RaftStorageDirectory.java:analyzeStorage(246)) - The storage directory /workdir/hadoop-ozone/ozonefs/target/test-dir/MiniOzoneClusterImpl-a99f6f92-dd73-499d-99af-4102c4e47462/datanode-1/data/ratis/bd1dcd33-9c90-43d8-8d6d-17716a633f81 does not exist. Creating ...
2019-09-25 07:19:58,910 [pool-287-thread-1] INFO  storage.RaftStorageDirectory (RaftStorageDirectory.java:tryLock(328)) - Lock on /workdir/hadoop-ozone/ozonefs/target/test-dir/MiniOzoneClusterImpl-a99f6f92-dd73-499d-99af-4102c4e47462/datanode-1/data/ratis/bd1dcd33-9c90-43d8-8d6d-17716a633f81/in_use.lock acquired by nodename 21239@pr-hdds-1569-s62bp-3040748787
2019-09-25 07:19:58,923 [pool-287-thread-1] INFO  storage.RaftStorage (RaftStorage.java:format(72)) - Storage directory /workdir/hadoop-ozone/ozonefs/target/test-dir/MiniOzoneClusterImpl-a99f6f92-dd73-499d-99af-4102c4e47462/datanode-1/data/ratis/bd1dcd33-9c90-43d8-8d6d-17716a633f81 has been successfully formatted.
2019-09-25 07:19:58,923 [pool-287-thread-1] INFO  ratis.ContainerStateMachine (ContainerStateMachine.java:loadSnapshot(230)) - group-17716A633F81: The snapshot info is null. Setting the last applied indexto:(t:0, i:~)
2019-09-25 07:19:58,923 [pool-287-thread-1] INFO  server.RaftServerConfigKeys (ConfUtils.java:logGet(43)) - raft.server.notification.no-leader.timeout = 120s (custom)
2019-09-25 07:19:58,923 [pool-287-thread-1] INFO  server.RaftServerConfigKeys (ConfUtils.java:logGet(43)) - raft.server.log.use.memory = false (default)
2019-09-25 07:19:58,924 [pool-287-thread-1] INFO  server.RaftServerConfigKeys (ConfUtils.java:logGet(43)) - raft.server.log.purge.gap = 1000000 (custom)
2019-09-25 07:19:58,924 [pool-287-thread-1] INFO  server.RaftServerConfigKeys (ConfUtils.java:logGet(43)) - raft.server.log.appender.buffer.byte-limit = 33554432 (custom)
2019-09-25 07:19:58,924 [pool-287-thread-1] INFO  server.RaftServerConfigKeys (ConfUtils.java:logGet(43)) - raft.server.log.segment.size.max = 1048576 (custom)
2019-09-25 07:19:58,924 [pool-287-thread-1] INFO  server.RaftServerConfigKeys (ConfUtils.java:logGet(43)) - raft.server.log.segment.cache.num.max = 2 (custom)
2019-09-25 07:19:58,924 [pool-287-thread-1] INFO  segmented.SegmentedRaftLogWorker (SegmentedRaftLogWorker.java:<init>(172)) - new 1f2e38a2-0128-463d-8529-15ece9a8cfb5@group-17716A633F81-SegmentedRaftLogWorker for RaftStorage:Storage Directory /workdir/hadoop-ozone/ozonefs/target/test-dir/MiniOzoneClusterImpl-a99f6f92-dd73-499d-99af-4102c4e47462/datanode-1/data/ratis/bd1dcd33-9c90-43d8-8d6d-17716a633f81
2019-09-25 07:19:58,925 [pool-287-thread-1] INFO  server.RaftServerConfigKeys (ConfUtils.java:logGet(43)) - raft.server.log.queue.byte-limit = 2147483647 (custom)
2019-09-25 07:19:58,925 [pool-287-thread-1] INFO  server.RaftServerConfigKeys (ConfUtils.java:logGet(43)) - raft.server.log.queue.element-limit = 1024 (custom)
2019-09-25 07:19:58,925 [pool-287-thread-1] INFO  server.RaftServerConfigKeys (ConfUtils.java:logGet(43)) - raft.server.log.segment.size.max = 1048576 (custom)
2019-09-25 07:19:58,925 [pool-287-thread-1] INFO  server.RaftServerConfigKeys (ConfUtils.java:logGet(43)) - raft.server.log.preallocated.size = 16384 (custom)
2019-09-25 07:19:58,925 [pool-287-thread-1] INFO  server.RaftServerConfigKeys (ConfUtils.java:logGet(43)) - raft.server.log.write.buffer.size = 33554432 (custom)
2019-09-25 07:19:58,925 [pool-287-thread-1] INFO  server.RaftServerConfigKeys (ConfUtils.java:logGet(43)) - raft.server.log.force.sync.num = 128 (default)
2019-09-25 07:19:58,926 [pool-287-thread-1] INFO  server.RaftServerConfigKeys (ConfUtils.java:logGet(43)) - raft.server.log.statemachine.data.sync = true (default)
2019-09-25 07:19:58,926 [pool-287-thread-1] INFO  server.RaftServerConfigKeys (ConfUtils.java:logGet(43)) - raft.server.log.statemachine.data.sync.timeout = 10s (default)
2019-09-25 07:19:58,926 [pool-287-thread-1] INFO  server.RaftServerConfigKeys (ConfUtils.java:logGet(43)) - raft.server.log.statemachine.data.sync.timeout.retry = -1 (default)
2019-09-25 07:19:58,926 [pool-287-thread-1] INFO  server.RaftServerConfigKeys (ConfUtils.java:logGet(43)) - raft.server.log.statemachine.data.caching.enabled = true (custom)
2019-09-25 07:19:58,926 [pool-287-thread-1] INFO  segmented.SegmentedRaftLogWorker (SegmentedRaftLogWorker.java:lambda$new$0(132)) - 1f2e38a2-0128-463d-8529-15ece9a8cfb5@group-17716A633F81-SegmentedRaftLogWorker: flushIndex: setUnconditionally 0 -> -1
2019-09-25 07:19:58,927 [pool-287-thread-1] INFO  server.RaftServerConfigKeys (ConfUtils.java:logGet(43)) - raft.server.snapshot.auto.trigger.enabled = true (custom)
2019-09-25 07:19:58,927 [pool-287-thread-1] INFO  server.RaftServerConfigKeys (ConfUtils.java:logGet(43)) - raft.server.snapshot.auto.trigger.threshold = 10000 (custom)
2019-09-25 07:19:58,927 [pool-287-thread-1] INFO  server.RaftServerConfigKeys (ConfUtils.java:logGet(43)) - raft.server.snapshot.retention.num.files = 5 (custom)
2019-09-25 07:19:58,927 [pool-287-thread-1] INFO  server.RaftServerConfigKeys (ConfUtils.java:logGet(43)) - raft.server.retrycache.expirytime = 600000ms (custom)
2019-09-25 07:19:58,930 [pool-287-thread-1] INFO  impl.RaftServerImpl (RaftServerImpl.java:start(185)) - 1f2e38a2-0128-463d-8529-15ece9a8cfb5@group-17716A633F81: start as a follower, conf=-1: [1f2e38a2-0128-463d-8529-15ece9a8cfb5:192.168.30.10:33713], old=null
2019-09-25 07:19:58,930 [pool-287-thread-1] INFO  impl.RaftServerImpl (RaftServerImpl.java:setRole(174)) - 1f2e38a2-0128-463d-8529-15ece9a8cfb5@group-17716A633F81: changes role from      null to FOLLOWER at term 0 for startAsFollower
2019-09-25 07:19:58,930 [pool-287-thread-1] INFO  impl.RoleInfo (RoleInfo.java:updateAndGet(143)) - 1f2e38a2-0128-463d-8529-15ece9a8cfb5: start FollowerState
2019-09-25 07:19:58,930 [pool-287-thread-1] INFO  util.JmxRegister (JmxRegister.java:tryRegister(44)) - Successfully registered JMX Bean with object name Ratis:service=RaftServer,group=group-17716A633F81,id=1f2e38a2-0128-463d-8529-15ece9a8cfb5
2019-09-25 07:19:58,933 [RatisPipelineUtilsThread] INFO  pipeline.PipelineStateManager (PipelineStateManager.java:addPipeline(56)) - Created pipeline Pipeline[ Id: bd1dcd33-9c90-43d8-8d6d-17716a633f81, Nodes: 1f2e38a2-0128-463d-8529-15ece9a8cfb5{ip: 192.168.30.10, host: pr-hdds-1569-s62bp-3040748787, networkLocation: /default-rack, certSerialId: null}, Type:RATIS, Factor:ONE, State:OPEN]
2019-09-25 07:19:58,942 [grpc-default-executor-0] INFO  impl.RaftServerProxy (RaftServerProxy.java:addNew(89)) - e4e40049-2027-4372-8e95-eef07a37110f: addNew group-74D74D6B6F7A:[e4e40049-2027-4372-8e95-eef07a37110f:192.168.30.10:43343] returns group-74D74D6B6F7A:java.util.concurrent.CompletableFuture@52a42e38[Not completed]
2019-09-25 07:19:58,943 [pool-297-thread-1] INFO  impl.RaftServerImpl (RaftServerImpl.java:<init>(95)) - e4e40049-2027-4372-8e95-eef07a37110f: new RaftServerImpl for group-74D74D6B6F7A:[e4e40049-2027-4372-8e95-eef07a37110f:192.168.30.10:43343] with ContainerStateMachine:uninitialized
2019-09-25 07:19:58,943 [pool-297-thread-1] INFO  server.RaftServerConfigKeys (ConfUtils.java:logGet(43)) - raft.server.rpc.timeout.min = 5s (custom)
2019-09-25 07:19:58,943 [pool-297-thread-1] INFO  server.RaftServerConfigKeys (ConfUtils.java:logGet(43)) - raft.server.rpc.timeout.max = 5200ms (custom)
2019-09-25 07:19:58,943 [pool-297-thread-1] INFO  server.RaftServerConfigKeys (ConfUtils.java:logGet(43)) - raft.server.rpcslowness.timeout = 120s (custom)
2019-09-25 07:19:58,943 [pool-297-thread-1] INFO  server.RaftServerConfigKeys (ConfUtils.java:logGet(43)) - raft.server.sleep.deviation.threshold = 300 (default)
2019-09-25 07:19:58,944 [pool-297-thread-1] INFO  server.RaftServerConfigKeys (ConfUtils.java:logGet(43)) - raft.server.log.appender.install.snapshot.enabled = false (custom)
2019-09-25 07:19:58,944 [pool-297-thread-1] INFO  impl.RaftServerImpl (ServerState.java:<init>(103)) - e4e40049-2027-4372-8e95-eef07a37110f@group-74D74D6B6F7A: ConfigurationManager, init=-1: [e4e40049-2027-4372-8e95-eef07a37110f:192.168.30.10:43343], old=null, confs=<EMPTY_MAP>
2019-09-25 07:19:58,944 [pool-297-thread-1] INFO  server.RaftServerConfigKeys (ConfUtils.java:logGet(43)) - raft.server.storage.dir = [/workdir/hadoop-ozone/ozonefs/target/test-dir/MiniOzoneClusterImpl-a99f6f92-dd73-499d-99af-4102c4e47462/datanode-2/data/ratis] (custom)
2019-09-25 07:19:58,944 [pool-297-thread-1] INFO  storage.RaftStorageDirectory (RaftStorageDirectory.java:analyzeStorage(246)) - The storage directory /workdir/hadoop-ozone/ozonefs/target/test-dir/MiniOzoneClusterImpl-a99f6f92-dd73-499d-99af-4102c4e47462/datanode-2/data/ratis/47802fde-b62e-4301-9f64-74d74d6b6f7a does not exist. Creating ...
2019-09-25 07:19:58,958 [pool-297-thread-1] INFO  storage.RaftStorageDirectory (RaftStorageDirectory.java:tryLock(328)) - Lock on /workdir/hadoop-ozone/ozonefs/target/test-dir/MiniOzoneClusterImpl-a99f6f92-dd73-499d-99af-4102c4e47462/datanode-2/data/ratis/47802fde-b62e-4301-9f64-74d74d6b6f7a/in_use.lock acquired by nodename 21239@pr-hdds-1569-s62bp-3040748787
2019-09-25 07:19:58,970 [pool-297-thread-1] INFO  storage.RaftStorage (RaftStorage.java:format(72)) - Storage directory /workdir/hadoop-ozone/ozonefs/target/test-dir/MiniOzoneClusterImpl-a99f6f92-dd73-499d-99af-4102c4e47462/datanode-2/data/ratis/47802fde-b62e-4301-9f64-74d74d6b6f7a has been successfully formatted.
2019-09-25 07:19:58,971 [pool-297-thread-1] INFO  ratis.ContainerStateMachine (ContainerStateMachine.java:loadSnapshot(230)) - group-74D74D6B6F7A: The snapshot info is null. Setting the last applied indexto:(t:0, i:~)
2019-09-25 07:19:58,971 [pool-297-thread-1] INFO  server.RaftServerConfigKeys (ConfUtils.java:logGet(43)) - raft.server.notification.no-leader.timeout = 120s (custom)
2019-09-25 07:19:58,971 [pool-297-thread-1] INFO  server.RaftServerConfigKeys (ConfUtils.java:logGet(43)) - raft.server.log.use.memory = false (default)
2019-09-25 07:19:58,971 [pool-297-thread-1] INFO  server.RaftServerConfigKeys (ConfUtils.java:logGet(43)) - raft.server.log.purge.gap = 1000000 (custom)
2019-09-25 07:19:58,971 [pool-297-thread-1] INFO  server.RaftServerConfigKeys (ConfUtils.java:logGet(43)) - raft.server.log.appender.buffer.byte-limit = 33554432 (custom)
2019-09-25 07:19:58,971 [pool-297-thread-1] INFO  server.RaftServerConfigKeys (ConfUtils.java:logGet(43)) - raft.server.log.segment.size.max = 1048576 (custom)
2019-09-25 07:19:58,971 [pool-297-thread-1] INFO  server.RaftServerConfigKeys (ConfUtils.java:logGet(43)) - raft.server.log.segment.cache.num.max = 2 (custom)
2019-09-25 07:19:58,972 [pool-297-thread-1] INFO  segmented.SegmentedRaftLogWorker (SegmentedRaftLogWorker.java:<init>(172)) - new e4e40049-2027-4372-8e95-eef07a37110f@group-74D74D6B6F7A-SegmentedRaftLogWorker for RaftStorage:Storage Directory /workdir/hadoop-ozone/ozonefs/target/test-dir/MiniOzoneClusterImpl-a99f6f92-dd73-499d-99af-4102c4e47462/datanode-2/data/ratis/47802fde-b62e-4301-9f64-74d74d6b6f7a
2019-09-25 07:19:58,973 [pool-297-thread-1] INFO  server.RaftServerConfigKeys (ConfUtils.java:logGet(43)) - raft.server.log.queue.byte-limit = 2147483647 (custom)
2019-09-25 07:19:58,973 [pool-297-thread-1] INFO  server.RaftServerConfigKeys (ConfUtils.java:logGet(43)) - raft.server.log.queue.element-limit = 1024 (custom)
2019-09-25 07:19:58,974 [pool-297-thread-1] INFO  server.RaftServerConfigKeys (ConfUtils.java:logGet(43)) - raft.server.log.segment.size.max = 1048576 (custom)
2019-09-25 07:19:58,974 [pool-297-thread-1] INFO  server.RaftServerConfigKeys (ConfUtils.java:logGet(43)) - raft.server.log.preallocated.size = 16384 (custom)
2019-09-25 07:19:58,974 [pool-297-thread-1] INFO  server.RaftServerConfigKeys (ConfUtils.java:logGet(43)) - raft.server.log.write.buffer.size = 33554432 (custom)
2019-09-25 07:19:58,974 [pool-297-thread-1] INFO  server.RaftServerConfigKeys (ConfUtils.java:logGet(43)) - raft.server.log.force.sync.num = 128 (default)
2019-09-25 07:19:58,974 [pool-297-thread-1] INFO  server.RaftServerConfigKeys (ConfUtils.java:logGet(43)) - raft.server.log.statemachine.data.sync = true (default)
2019-09-25 07:19:58,974 [pool-297-thread-1] INFO  server.RaftServerConfigKeys (ConfUtils.java:logGet(43)) - raft.server.log.statemachine.data.sync.timeout = 10s (default)
2019-09-25 07:19:58,974 [pool-297-thread-1] INFO  server.RaftServerConfigKeys (ConfUtils.java:logGet(43)) - raft.server.log.statemachine.data.sync.timeout.retry = -1 (default)
2019-09-25 07:19:58,975 [pool-297-thread-1] INFO  server.RaftServerConfigKeys (ConfUtils.java:logGet(43)) - raft.server.log.statemachine.data.caching.enabled = true (custom)
2019-09-25 07:19:58,975 [pool-297-thread-1] INFO  segmented.SegmentedRaftLogWorker (SegmentedRaftLogWorker.java:lambda$new$0(132)) - e4e40049-2027-4372-8e95-eef07a37110f@group-74D74D6B6F7A-SegmentedRaftLogWorker: flushIndex: setUnconditionally 0 -> -1
2019-09-25 07:19:58,975 [pool-297-thread-1] INFO  server.RaftServerConfigKeys (ConfUtils.java:logGet(43)) - raft.server.snapshot.auto.trigger.enabled = true (custom)
2019-09-25 07:19:58,975 [pool-297-thread-1] INFO  server.RaftServerConfigKeys (ConfUtils.java:logGet(43)) - raft.server.snapshot.auto.trigger.threshold = 10000 (custom)
2019-09-25 07:19:58,976 [pool-297-thread-1] INFO  server.RaftServerConfigKeys (ConfUtils.java:logGet(43)) - raft.server.snapshot.retention.num.files = 5 (custom)
2019-09-25 07:19:58,976 [pool-297-thread-1] INFO  server.RaftServerConfigKeys (ConfUtils.java:logGet(43)) - raft.server.retrycache.expirytime = 600000ms (custom)
2019-09-25 07:19:58,977 [pool-297-thread-1] INFO  impl.RaftServerImpl (RaftServerImpl.java:start(185)) - e4e40049-2027-4372-8e95-eef07a37110f@group-74D74D6B6F7A: start as a follower, conf=-1: [e4e40049-2027-4372-8e95-eef07a37110f:192.168.30.10:43343], old=null
2019-09-25 07:19:58,977 [pool-297-thread-1] INFO  impl.RaftServerImpl (RaftServerImpl.java:setRole(174)) - e4e40049-2027-4372-8e95-eef07a37110f@group-74D74D6B6F7A: changes role from      null to FOLLOWER at term 0 for startAsFollower
2019-09-25 07:19:58,978 [pool-297-thread-1] INFO  impl.RoleInfo (RoleInfo.java:updateAndGet(143)) - e4e40049-2027-4372-8e95-eef07a37110f: start FollowerState
2019-09-25 07:19:58,978 [pool-297-thread-1] INFO  util.JmxRegister (JmxRegister.java:tryRegister(44)) - Successfully registered JMX Bean with object name Ratis:service=RaftServer,group=group-74D74D6B6F7A,id=e4e40049-2027-4372-8e95-eef07a37110f
2019-09-25 07:19:58,981 [RatisPipelineUtilsThread] INFO  pipeline.PipelineStateManager (PipelineStateManager.java:addPipeline(56)) - Created pipeline Pipeline[ Id: 47802fde-b62e-4301-9f64-74d74d6b6f7a, Nodes: e4e40049-2027-4372-8e95-eef07a37110f{ip: 192.168.30.10, host: pr-hdds-1569-s62bp-3040748787, networkLocation: /default-rack, certSerialId: null}, Type:RATIS, Factor:ONE, State:OPEN]
2019-09-25 07:19:58,986 [grpc-default-executor-0] INFO  impl.RaftServerProxy (RaftServerProxy.java:addNew(89)) - 1f2e38a2-0128-463d-8529-15ece9a8cfb5: addNew group-31E4A7370676:[1f2e38a2-0128-463d-8529-15ece9a8cfb5:192.168.30.10:33713] returns group-31E4A7370676:java.util.concurrent.CompletableFuture@16b1c8bf[Not completed]
2019-09-25 07:19:58,987 [pool-287-thread-1] INFO  impl.RaftServerImpl (RaftServerImpl.java:<init>(95)) - 1f2e38a2-0128-463d-8529-15ece9a8cfb5: new RaftServerImpl for group-31E4A7370676:[1f2e38a2-0128-463d-8529-15ece9a8cfb5:192.168.30.10:33713] with ContainerStateMachine:uninitialized
2019-09-25 07:19:58,987 [pool-287-thread-1] INFO  server.RaftServerConfigKeys (ConfUtils.java:logGet(43)) - raft.server.rpc.timeout.min = 5s (custom)
2019-09-25 07:19:58,987 [pool-287-thread-1] INFO  server.RaftServerConfigKeys (ConfUtils.java:logGet(43)) - raft.server.rpc.timeout.max = 5200ms (custom)
2019-09-25 07:19:58,987 [pool-287-thread-1] INFO  server.RaftServerConfigKeys (ConfUtils.java:logGet(43)) - raft.server.rpcslowness.timeout = 120s (custom)
2019-09-25 07:19:58,987 [pool-287-thread-1] INFO  server.RaftServerConfigKeys (ConfUtils.java:logGet(43)) - raft.server.sleep.deviation.threshold = 300 (default)
2019-09-25 07:19:58,987 [pool-287-thread-1] INFO  server.RaftServerConfigKeys (ConfUtils.java:logGet(43)) - raft.server.log.appender.install.snapshot.enabled = false (custom)
2019-09-25 07:19:58,987 [pool-287-thread-1] INFO  impl.RaftServerImpl (ServerState.java:<init>(103)) - 1f2e38a2-0128-463d-8529-15ece9a8cfb5@group-31E4A7370676: ConfigurationManager, init=-1: [1f2e38a2-0128-463d-8529-15ece9a8cfb5:192.168.30.10:33713], old=null, confs=<EMPTY_MAP>
2019-09-25 07:19:58,987 [pool-287-thread-1] INFO  server.RaftServerConfigKeys (ConfUtils.java:logGet(43)) - raft.server.storage.dir = [/workdir/hadoop-ozone/ozonefs/target/test-dir/MiniOzoneClusterImpl-a99f6f92-dd73-499d-99af-4102c4e47462/datanode-1/data/ratis] (custom)
2019-09-25 07:19:58,988 [pool-287-thread-1] INFO  storage.RaftStorageDirectory (RaftStorageDirectory.java:analyzeStorage(246)) - The storage directory /workdir/hadoop-ozone/ozonefs/target/test-dir/MiniOzoneClusterImpl-a99f6f92-dd73-499d-99af-4102c4e47462/datanode-1/data/ratis/e6e9957a-4d89-4c94-a08d-31e4a7370676 does not exist. Creating ...
2019-09-25 07:19:59,000 [pool-287-thread-1] INFO  storage.RaftStorageDirectory (RaftStorageDirectory.java:tryLock(328)) - Lock on /workdir/hadoop-ozone/ozonefs/target/test-dir/MiniOzoneClusterImpl-a99f6f92-dd73-499d-99af-4102c4e47462/datanode-1/data/ratis/e6e9957a-4d89-4c94-a08d-31e4a7370676/in_use.lock acquired by nodename 21239@pr-hdds-1569-s62bp-3040748787
2019-09-25 07:19:59,013 [pool-287-thread-1] INFO  storage.RaftStorage (RaftStorage.java:format(72)) - Storage directory /workdir/hadoop-ozone/ozonefs/target/test-dir/MiniOzoneClusterImpl-a99f6f92-dd73-499d-99af-4102c4e47462/datanode-1/data/ratis/e6e9957a-4d89-4c94-a08d-31e4a7370676 has been successfully formatted.
2019-09-25 07:19:59,014 [pool-287-thread-1] INFO  ratis.ContainerStateMachine (ContainerStateMachine.java:loadSnapshot(230)) - group-31E4A7370676: The snapshot info is null. Setting the last applied indexto:(t:0, i:~)
2019-09-25 07:19:59,014 [pool-287-thread-1] INFO  server.RaftServerConfigKeys (ConfUtils.java:logGet(43)) - raft.server.notification.no-leader.timeout = 120s (custom)
2019-09-25 07:19:59,014 [pool-287-thread-1] INFO  server.RaftServerConfigKeys (ConfUtils.java:logGet(43)) - raft.server.log.use.memory = false (default)
2019-09-25 07:19:59,014 [pool-287-thread-1] INFO  server.RaftServerConfigKeys (ConfUtils.java:logGet(43)) - raft.server.log.purge.gap = 1000000 (custom)
2019-09-25 07:19:59,014 [pool-287-thread-1] INFO  server.RaftServerConfigKeys (ConfUtils.java:logGet(43)) - raft.server.log.appender.buffer.byte-limit = 33554432 (custom)
2019-09-25 07:19:59,014 [pool-287-thread-1] INFO  server.RaftServerConfigKeys (ConfUtils.java:logGet(43)) - raft.server.log.segment.size.max = 1048576 (custom)
2019-09-25 07:19:59,014 [pool-287-thread-1] INFO  server.RaftServerConfigKeys (ConfUtils.java:logGet(43)) - raft.server.log.segment.cache.num.max = 2 (custom)
2019-09-25 07:19:59,015 [pool-287-thread-1] INFO  segmented.SegmentedRaftLogWorker (SegmentedRaftLogWorker.java:<init>(172)) - new 1f2e38a2-0128-463d-8529-15ece9a8cfb5@group-31E4A7370676-SegmentedRaftLogWorker for RaftStorage:Storage Directory /workdir/hadoop-ozone/ozonefs/target/test-dir/MiniOzoneClusterImpl-a99f6f92-dd73-499d-99af-4102c4e47462/datanode-1/data/ratis/e6e9957a-4d89-4c94-a08d-31e4a7370676
2019-09-25 07:19:59,015 [pool-287-thread-1] INFO  server.RaftServerConfigKeys (ConfUtils.java:logGet(43)) - raft.server.log.queue.byte-limit = 2147483647 (custom)
2019-09-25 07:19:59,015 [pool-287-thread-1] INFO  server.RaftServerConfigKeys (ConfUtils.java:logGet(43)) - raft.server.log.queue.element-limit = 1024 (custom)
2019-09-25 07:19:59,015 [pool-287-thread-1] INFO  server.RaftServerConfigKeys (ConfUtils.java:logGet(43)) - raft.server.log.segment.size.max = 1048576 (custom)
2019-09-25 07:19:59,015 [pool-287-thread-1] INFO  server.RaftServerConfigKeys (ConfUtils.java:logGet(43)) - raft.server.log.preallocated.size = 16384 (custom)
2019-09-25 07:19:59,015 [pool-287-thread-1] INFO  server.RaftServerConfigKeys (ConfUtils.java:logGet(43)) - raft.server.log.write.buffer.size = 33554432 (custom)
2019-09-25 07:19:59,015 [pool-287-thread-1] INFO  server.RaftServerConfigKeys (ConfUtils.java:logGet(43)) - raft.server.log.force.sync.num = 128 (default)
2019-09-25 07:19:59,015 [pool-287-thread-1] INFO  server.RaftServerConfigKeys (ConfUtils.java:logGet(43)) - raft.server.log.statemachine.data.sync = true (default)
2019-09-25 07:19:59,015 [pool-287-thread-1] INFO  server.RaftServerConfigKeys (ConfUtils.java:logGet(43)) - raft.server.log.statemachine.data.sync.timeout = 10s (default)
2019-09-25 07:19:59,015 [pool-287-thread-1] INFO  server.RaftServerConfigKeys (ConfUtils.java:logGet(43)) - raft.server.log.statemachine.data.sync.timeout.retry = -1 (default)
2019-09-25 07:19:59,015 [pool-287-thread-1] INFO  server.RaftServerConfigKeys (ConfUtils.java:logGet(43)) - raft.server.log.statemachine.data.caching.enabled = true (custom)
2019-09-25 07:19:59,016 [pool-287-thread-1] INFO  segmented.SegmentedRaftLogWorker (SegmentedRaftLogWorker.java:lambda$new$0(132)) - 1f2e38a2-0128-463d-8529-15ece9a8cfb5@group-31E4A7370676-SegmentedRaftLogWorker: flushIndex: setUnconditionally 0 -> -1
2019-09-25 07:19:59,016 [pool-287-thread-1] INFO  server.RaftServerConfigKeys (ConfUtils.java:logGet(43)) - raft.server.snapshot.auto.trigger.enabled = true (custom)
2019-09-25 07:19:59,016 [pool-287-thread-1] INFO  server.RaftServerConfigKeys (ConfUtils.java:logGet(43)) - raft.server.snapshot.auto.trigger.threshold = 10000 (custom)
2019-09-25 07:19:59,016 [pool-287-thread-1] INFO  server.RaftServerConfigKeys (ConfUtils.java:logGet(43)) - raft.server.snapshot.retention.num.files = 5 (custom)
2019-09-25 07:19:59,016 [pool-287-thread-1] INFO  server.RaftServerConfigKeys (ConfUtils.java:logGet(43)) - raft.server.retrycache.expirytime = 600000ms (custom)
2019-09-25 07:19:59,017 [pool-287-thread-1] INFO  impl.RaftServerImpl (RaftServerImpl.java:start(185)) - 1f2e38a2-0128-463d-8529-15ece9a8cfb5@group-31E4A7370676: start as a follower, conf=-1: [1f2e38a2-0128-463d-8529-15ece9a8cfb5:192.168.30.10:33713], old=null
2019-09-25 07:19:59,018 [pool-287-thread-1] INFO  impl.RaftServerImpl (RaftServerImpl.java:setRole(174)) - 1f2e38a2-0128-463d-8529-15ece9a8cfb5@group-31E4A7370676: changes role from      null to FOLLOWER at term 0 for startAsFollower
2019-09-25 07:19:59,018 [pool-287-thread-1] INFO  impl.RoleInfo (RoleInfo.java:updateAndGet(143)) - 1f2e38a2-0128-463d-8529-15ece9a8cfb5: start FollowerState
2019-09-25 07:19:59,018 [pool-287-thread-1] INFO  util.JmxRegister (JmxRegister.java:tryRegister(44)) - Successfully registered JMX Bean with object name Ratis:service=RaftServer,group=group-31E4A7370676,id=1f2e38a2-0128-463d-8529-15ece9a8cfb5
2019-09-25 07:19:59,021 [RatisPipelineUtilsThread] INFO  pipeline.PipelineStateManager (PipelineStateManager.java:addPipeline(56)) - Created pipeline Pipeline[ Id: e6e9957a-4d89-4c94-a08d-31e4a7370676, Nodes: 1f2e38a2-0128-463d-8529-15ece9a8cfb5{ip: 192.168.30.10, host: pr-hdds-1569-s62bp-3040748787, networkLocation: /default-rack, certSerialId: null}, Type:RATIS, Factor:ONE, State:OPEN]
2019-09-25 07:19:59,021 [RatisPipelineUtilsThread] INFO  pipeline.PipelinePlacementPolicy (PipelinePlacementPolicy.java:meetCriteria(91)) - Pipeline Placement: Doesn't meet the criteria to be viable node： 1f2e38a2-0128-463d-8529-15ece9a8cfb5 Heaviness: 6 limit: 5
2019-09-25 07:19:59,027 [grpc-default-executor-0] INFO  impl.RaftServerProxy (RaftServerProxy.java:addNew(89)) - 14c372b8-c6a2-43bc-9321-f88ebc8119bc: addNew group-B17BAD6F3748:[14c372b8-c6a2-43bc-9321-f88ebc8119bc:192.168.30.10:37420] returns group-B17BAD6F3748:java.util.concurrent.CompletableFuture@53adcfe4[Not completed]
2019-09-25 07:19:59,028 [pool-277-thread-1] INFO  impl.RaftServerImpl (RaftServerImpl.java:<init>(95)) - 14c372b8-c6a2-43bc-9321-f88ebc8119bc: new RaftServerImpl for group-B17BAD6F3748:[14c372b8-c6a2-43bc-9321-f88ebc8119bc:192.168.30.10:37420] with ContainerStateMachine:uninitialized
2019-09-25 07:19:59,028 [pool-277-thread-1] INFO  server.RaftServerConfigKeys (ConfUtils.java:logGet(43)) - raft.server.rpc.timeout.min = 5s (custom)
2019-09-25 07:19:59,028 [pool-277-thread-1] INFO  server.RaftServerConfigKeys (ConfUtils.java:logGet(43)) - raft.server.rpc.timeout.max = 5200ms (custom)
2019-09-25 07:19:59,028 [pool-277-thread-1] INFO  server.RaftServerConfigKeys (ConfUtils.java:logGet(43)) - raft.server.rpcslowness.timeout = 120s (custom)
2019-09-25 07:19:59,028 [pool-277-thread-1] INFO  server.RaftServerConfigKeys (ConfUtils.java:logGet(43)) - raft.server.sleep.deviation.threshold = 300 (default)
2019-09-25 07:19:59,028 [pool-277-thread-1] INFO  server.RaftServerConfigKeys (ConfUtils.java:logGet(43)) - raft.server.log.appender.install.snapshot.enabled = false (custom)
2019-09-25 07:19:59,028 [pool-277-thread-1] INFO  impl.RaftServerImpl (ServerState.java:<init>(103)) - 14c372b8-c6a2-43bc-9321-f88ebc8119bc@group-B17BAD6F3748: ConfigurationManager, init=-1: [14c372b8-c6a2-43bc-9321-f88ebc8119bc:192.168.30.10:37420], old=null, confs=<EMPTY_MAP>
2019-09-25 07:19:59,029 [pool-277-thread-1] INFO  server.RaftServerConfigKeys (ConfUtils.java:logGet(43)) - raft.server.storage.dir = [/workdir/hadoop-ozone/ozonefs/target/test-dir/MiniOzoneClusterImpl-a99f6f92-dd73-499d-99af-4102c4e47462/datanode-0/data/ratis] (custom)
2019-09-25 07:19:59,029 [pool-277-thread-1] INFO  storage.RaftStorageDirectory (RaftStorageDirectory.java:analyzeStorage(246)) - The storage directory /workdir/hadoop-ozone/ozonefs/target/test-dir/MiniOzoneClusterImpl-a99f6f92-dd73-499d-99af-4102c4e47462/datanode-0/data/ratis/803b5d27-123b-4e3c-acdf-b17bad6f3748 does not exist. Creating ...
2019-09-25 07:19:59,036 [pool-277-thread-1] INFO  storage.RaftStorageDirectory (RaftStorageDirectory.java:tryLock(328)) - Lock on /workdir/hadoop-ozone/ozonefs/target/test-dir/MiniOzoneClusterImpl-a99f6f92-dd73-499d-99af-4102c4e47462/datanode-0/data/ratis/803b5d27-123b-4e3c-acdf-b17bad6f3748/in_use.lock acquired by nodename 21239@pr-hdds-1569-s62bp-3040748787
2019-09-25 07:19:59,048 [pool-277-thread-1] INFO  storage.RaftStorage (RaftStorage.java:format(72)) - Storage directory /workdir/hadoop-ozone/ozonefs/target/test-dir/MiniOzoneClusterImpl-a99f6f92-dd73-499d-99af-4102c4e47462/datanode-0/data/ratis/803b5d27-123b-4e3c-acdf-b17bad6f3748 has been successfully formatted.
2019-09-25 07:19:59,048 [pool-277-thread-1] INFO  ratis.ContainerStateMachine (ContainerStateMachine.java:loadSnapshot(230)) - group-B17BAD6F3748: The snapshot info is null. Setting the last applied indexto:(t:0, i:~)
2019-09-25 07:19:59,049 [pool-277-thread-1] INFO  server.RaftServerConfigKeys (ConfUtils.java:logGet(43)) - raft.server.notification.no-leader.timeout = 120s (custom)
2019-09-25 07:19:59,049 [pool-277-thread-1] INFO  server.RaftServerConfigKeys (ConfUtils.java:logGet(43)) - raft.server.log.use.memory = false (default)
2019-09-25 07:19:59,049 [pool-277-thread-1] INFO  server.RaftServerConfigKeys (ConfUtils.java:logGet(43)) - raft.server.log.purge.gap = 1000000 (custom)
2019-09-25 07:19:59,049 [pool-277-thread-1] INFO  server.RaftServerConfigKeys (ConfUtils.java:logGet(43)) - raft.server.log.appender.buffer.byte-limit = 33554432 (custom)
2019-09-25 07:19:59,049 [pool-277-thread-1] INFO  server.RaftServerConfigKeys (ConfUtils.java:logGet(43)) - raft.server.log.segment.size.max = 1048576 (custom)
2019-09-25 07:19:59,049 [pool-277-thread-1] INFO  server.RaftServerConfigKeys (ConfUtils.java:logGet(43)) - raft.server.log.segment.cache.num.max = 2 (custom)
2019-09-25 07:19:59,049 [pool-277-thread-1] INFO  segmented.SegmentedRaftLogWorker (SegmentedRaftLogWorker.java:<init>(172)) - new 14c372b8-c6a2-43bc-9321-f88ebc8119bc@group-B17BAD6F3748-SegmentedRaftLogWorker for RaftStorage:Storage Directory /workdir/hadoop-ozone/ozonefs/target/test-dir/MiniOzoneClusterImpl-a99f6f92-dd73-499d-99af-4102c4e47462/datanode-0/data/ratis/803b5d27-123b-4e3c-acdf-b17bad6f3748
2019-09-25 07:19:59,049 [pool-277-thread-1] INFO  server.RaftServerConfigKeys (ConfUtils.java:logGet(43)) - raft.server.log.queue.byte-limit = 2147483647 (custom)
2019-09-25 07:19:59,050 [pool-277-thread-1] INFO  server.RaftServerConfigKeys (ConfUtils.java:logGet(43)) - raft.server.log.queue.element-limit = 1024 (custom)
2019-09-25 07:19:59,050 [pool-277-thread-1] INFO  server.RaftServerConfigKeys (ConfUtils.java:logGet(43)) - raft.server.log.segment.size.max = 1048576 (custom)
2019-09-25 07:19:59,050 [pool-277-thread-1] INFO  server.RaftServerConfigKeys (ConfUtils.java:logGet(43)) - raft.server.log.preallocated.size = 16384 (custom)
2019-09-25 07:19:59,050 [pool-277-thread-1] INFO  server.RaftServerConfigKeys (ConfUtils.java:logGet(43)) - raft.server.log.write.buffer.size = 33554432 (custom)
2019-09-25 07:19:59,050 [pool-277-thread-1] INFO  server.RaftServerConfigKeys (ConfUtils.java:logGet(43)) - raft.server.log.force.sync.num = 128 (default)
2019-09-25 07:19:59,050 [pool-277-thread-1] INFO  server.RaftServerConfigKeys (ConfUtils.java:logGet(43)) - raft.server.log.statemachine.data.sync = true (default)
2019-09-25 07:19:59,050 [pool-277-thread-1] INFO  server.RaftServerConfigKeys (ConfUtils.java:logGet(43)) - raft.server.log.statemachine.data.sync.timeout = 10s (default)
2019-09-25 07:19:59,050 [pool-277-thread-1] INFO  server.RaftServerConfigKeys (ConfUtils.java:logGet(43)) - raft.server.log.statemachine.data.sync.timeout.retry = -1 (default)
2019-09-25 07:19:59,051 [pool-277-thread-1] INFO  server.RaftServerConfigKeys (ConfUtils.java:logGet(43)) - raft.server.log.statemachine.data.caching.enabled = true (custom)
2019-09-25 07:19:59,051 [pool-277-thread-1] INFO  segmented.SegmentedRaftLogWorker (SegmentedRaftLogWorker.java:lambda$new$0(132)) - 14c372b8-c6a2-43bc-9321-f88ebc8119bc@group-B17BAD6F3748-SegmentedRaftLogWorker: flushIndex: setUnconditionally 0 -> -1
2019-09-25 07:19:59,051 [pool-277-thread-1] INFO  server.RaftServerConfigKeys (ConfUtils.java:logGet(43)) - raft.server.snapshot.auto.trigger.enabled = true (custom)
2019-09-25 07:19:59,051 [pool-277-thread-1] INFO  server.RaftServerConfigKeys (ConfUtils.java:logGet(43)) - raft.server.snapshot.auto.trigger.threshold = 10000 (custom)
2019-09-25 07:19:59,052 [pool-277-thread-1] INFO  server.RaftServerConfigKeys (ConfUtils.java:logGet(43)) - raft.server.snapshot.retention.num.files = 5 (custom)
2019-09-25 07:19:59,052 [pool-277-thread-1] INFO  server.RaftServerConfigKeys (ConfUtils.java:logGet(43)) - raft.server.retrycache.expirytime = 600000ms (custom)
2019-09-25 07:19:59,054 [pool-277-thread-1] INFO  impl.RaftServerImpl (RaftServerImpl.java:start(185)) - 14c372b8-c6a2-43bc-9321-f88ebc8119bc@group-B17BAD6F3748: start as a follower, conf=-1: [14c372b8-c6a2-43bc-9321-f88ebc8119bc:192.168.30.10:37420], old=null
2019-09-25 07:19:59,054 [pool-277-thread-1] INFO  impl.RaftServerImpl (RaftServerImpl.java:setRole(174)) - 14c372b8-c6a2-43bc-9321-f88ebc8119bc@group-B17BAD6F3748: changes role from      null to FOLLOWER at term 0 for startAsFollower
2019-09-25 07:19:59,054 [pool-277-thread-1] INFO  impl.RoleInfo (RoleInfo.java:updateAndGet(143)) - 14c372b8-c6a2-43bc-9321-f88ebc8119bc: start FollowerState
2019-09-25 07:19:59,054 [pool-277-thread-1] INFO  util.JmxRegister (JmxRegister.java:tryRegister(44)) - Successfully registered JMX Bean with object name Ratis:service=RaftServer,group=group-B17BAD6F3748,id=14c372b8-c6a2-43bc-9321-f88ebc8119bc
2019-09-25 07:19:59,057 [RatisPipelineUtilsThread] INFO  pipeline.PipelineStateManager (PipelineStateManager.java:addPipeline(56)) - Created pipeline Pipeline[ Id: 803b5d27-123b-4e3c-acdf-b17bad6f3748, Nodes: 14c372b8-c6a2-43bc-9321-f88ebc8119bc{ip: 192.168.30.10, host: pr-hdds-1569-s62bp-3040748787, networkLocation: /default-rack, certSerialId: null}, Type:RATIS, Factor:ONE, State:OPEN]
2019-09-25 07:19:59,058 [RatisPipelineUtilsThread] INFO  pipeline.PipelinePlacementPolicy (PipelinePlacementPolicy.java:meetCriteria(91)) - Pipeline Placement: Doesn't meet the criteria to be viable node： 1f2e38a2-0128-463d-8529-15ece9a8cfb5 Heaviness: 6 limit: 5
2019-09-25 07:19:59,058 [RatisPipelineUtilsThread] INFO  pipeline.PipelinePlacementPolicy (PipelinePlacementPolicy.java:meetCriteria(91)) - Pipeline Placement: Doesn't meet the criteria to be viable node： 14c372b8-c6a2-43bc-9321-f88ebc8119bc Heaviness: 6 limit: 5
2019-09-25 07:19:59,063 [grpc-default-executor-0] INFO  impl.RaftServerProxy (RaftServerProxy.java:addNew(89)) - e4e40049-2027-4372-8e95-eef07a37110f: addNew group-E93E66955B54:[e4e40049-2027-4372-8e95-eef07a37110f:192.168.30.10:43343] returns group-E93E66955B54:java.util.concurrent.CompletableFuture@4b2a97b6[Not completed]
2019-09-25 07:19:59,064 [pool-297-thread-1] INFO  impl.RaftServerImpl (RaftServerImpl.java:<init>(95)) - e4e40049-2027-4372-8e95-eef07a37110f: new RaftServerImpl for group-E93E66955B54:[e4e40049-2027-4372-8e95-eef07a37110f:192.168.30.10:43343] with ContainerStateMachine:uninitialized
2019-09-25 07:19:59,065 [pool-297-thread-1] INFO  server.RaftServerConfigKeys (ConfUtils.java:logGet(43)) - raft.server.rpc.timeout.min = 5s (custom)
2019-09-25 07:19:59,065 [pool-297-thread-1] INFO  server.RaftServerConfigKeys (ConfUtils.java:logGet(43)) - raft.server.rpc.timeout.max = 5200ms (custom)
2019-09-25 07:19:59,065 [pool-297-thread-1] INFO  server.RaftServerConfigKeys (ConfUtils.java:logGet(43)) - raft.server.rpcslowness.timeout = 120s (custom)
2019-09-25 07:19:59,065 [pool-297-thread-1] INFO  server.RaftServerConfigKeys (ConfUtils.java:logGet(43)) - raft.server.sleep.deviation.threshold = 300 (default)
2019-09-25 07:19:59,065 [pool-297-thread-1] INFO  server.RaftServerConfigKeys (ConfUtils.java:logGet(43)) - raft.server.log.appender.install.snapshot.enabled = false (custom)
2019-09-25 07:19:59,065 [pool-297-thread-1] INFO  impl.RaftServerImpl (ServerState.java:<init>(103)) - e4e40049-2027-4372-8e95-eef07a37110f@group-E93E66955B54: ConfigurationManager, init=-1: [e4e40049-2027-4372-8e95-eef07a37110f:192.168.30.10:43343], old=null, confs=<EMPTY_MAP>
2019-09-25 07:19:59,066 [pool-297-thread-1] INFO  server.RaftServerConfigKeys (ConfUtils.java:logGet(43)) - raft.server.storage.dir = [/workdir/hadoop-ozone/ozonefs/target/test-dir/MiniOzoneClusterImpl-a99f6f92-dd73-499d-99af-4102c4e47462/datanode-2/data/ratis] (custom)
2019-09-25 07:19:59,066 [pool-297-thread-1] INFO  storage.RaftStorageDirectory (RaftStorageDirectory.java:analyzeStorage(246)) - The storage directory /workdir/hadoop-ozone/ozonefs/target/test-dir/MiniOzoneClusterImpl-a99f6f92-dd73-499d-99af-4102c4e47462/datanode-2/data/ratis/f66a8d06-456f-4945-9b2b-e93e66955b54 does not exist. Creating ...
2019-09-25 07:19:59,079 [pool-297-thread-1] INFO  storage.RaftStorageDirectory (RaftStorageDirectory.java:tryLock(328)) - Lock on /workdir/hadoop-ozone/ozonefs/target/test-dir/MiniOzoneClusterImpl-a99f6f92-dd73-499d-99af-4102c4e47462/datanode-2/data/ratis/f66a8d06-456f-4945-9b2b-e93e66955b54/in_use.lock acquired by nodename 21239@pr-hdds-1569-s62bp-3040748787
2019-09-25 07:19:59,093 [pool-297-thread-1] INFO  storage.RaftStorage (RaftStorage.java:format(72)) - Storage directory /workdir/hadoop-ozone/ozonefs/target/test-dir/MiniOzoneClusterImpl-a99f6f92-dd73-499d-99af-4102c4e47462/datanode-2/data/ratis/f66a8d06-456f-4945-9b2b-e93e66955b54 has been successfully formatted.
2019-09-25 07:19:59,093 [pool-297-thread-1] INFO  ratis.ContainerStateMachine (ContainerStateMachine.java:loadSnapshot(230)) - group-E93E66955B54: The snapshot info is null. Setting the last applied indexto:(t:0, i:~)
2019-09-25 07:19:59,093 [pool-297-thread-1] INFO  server.RaftServerConfigKeys (ConfUtils.java:logGet(43)) - raft.server.notification.no-leader.timeout = 120s (custom)
2019-09-25 07:19:59,093 [pool-297-thread-1] INFO  server.RaftServerConfigKeys (ConfUtils.java:logGet(43)) - raft.server.log.use.memory = false (default)
2019-09-25 07:19:59,093 [pool-297-thread-1] INFO  server.RaftServerConfigKeys (ConfUtils.java:logGet(43)) - raft.server.log.purge.gap = 1000000 (custom)
2019-09-25 07:19:59,094 [pool-297-thread-1] INFO  server.RaftServerConfigKeys (ConfUtils.java:logGet(43)) - raft.server.log.appender.buffer.byte-limit = 33554432 (custom)
2019-09-25 07:19:59,094 [pool-297-thread-1] INFO  server.RaftServerConfigKeys (ConfUtils.java:logGet(43)) - raft.server.log.segment.size.max = 1048576 (custom)
2019-09-25 07:19:59,094 [pool-297-thread-1] INFO  server.RaftServerConfigKeys (ConfUtils.java:logGet(43)) - raft.server.log.segment.cache.num.max = 2 (custom)
2019-09-25 07:19:59,094 [pool-297-thread-1] INFO  segmented.SegmentedRaftLogWorker (SegmentedRaftLogWorker.java:<init>(172)) - new e4e40049-2027-4372-8e95-eef07a37110f@group-E93E66955B54-SegmentedRaftLogWorker for RaftStorage:Storage Directory /workdir/hadoop-ozone/ozonefs/target/test-dir/MiniOzoneClusterImpl-a99f6f92-dd73-499d-99af-4102c4e47462/datanode-2/data/ratis/f66a8d06-456f-4945-9b2b-e93e66955b54
2019-09-25 07:19:59,094 [pool-297-thread-1] INFO  server.RaftServerConfigKeys (ConfUtils.java:logGet(43)) - raft.server.log.queue.byte-limit = 2147483647 (custom)
2019-09-25 07:19:59,094 [pool-297-thread-1] INFO  server.RaftServerConfigKeys (ConfUtils.java:logGet(43)) - raft.server.log.queue.element-limit = 1024 (custom)
2019-09-25 07:19:59,094 [pool-297-thread-1] INFO  server.RaftServerConfigKeys (ConfUtils.java:logGet(43)) - raft.server.log.segment.size.max = 1048576 (custom)
2019-09-25 07:19:59,095 [pool-297-thread-1] INFO  server.RaftServerConfigKeys (ConfUtils.java:logGet(43)) - raft.server.log.preallocated.size = 16384 (custom)
2019-09-25 07:19:59,095 [pool-297-thread-1] INFO  server.RaftServerConfigKeys (ConfUtils.java:logGet(43)) - raft.server.log.write.buffer.size = 33554432 (custom)
2019-09-25 07:19:59,095 [pool-297-thread-1] INFO  server.RaftServerConfigKeys (ConfUtils.java:logGet(43)) - raft.server.log.force.sync.num = 128 (default)
2019-09-25 07:19:59,095 [pool-297-thread-1] INFO  server.RaftServerConfigKeys (ConfUtils.java:logGet(43)) - raft.server.log.statemachine.data.sync = true (default)
2019-09-25 07:19:59,095 [pool-297-thread-1] INFO  server.RaftServerConfigKeys (ConfUtils.java:logGet(43)) - raft.server.log.statemachine.data.sync.timeout = 10s (default)
2019-09-25 07:19:59,095 [pool-297-thread-1] INFO  server.RaftServerConfigKeys (ConfUtils.java:logGet(43)) - raft.server.log.statemachine.data.sync.timeout.retry = -1 (default)
2019-09-25 07:19:59,095 [pool-297-thread-1] INFO  server.RaftServerConfigKeys (ConfUtils.java:logGet(43)) - raft.server.log.statemachine.data.caching.enabled = true (custom)
2019-09-25 07:19:59,096 [pool-297-thread-1] INFO  segmented.SegmentedRaftLogWorker (SegmentedRaftLogWorker.java:lambda$new$0(132)) - e4e40049-2027-4372-8e95-eef07a37110f@group-E93E66955B54-SegmentedRaftLogWorker: flushIndex: setUnconditionally 0 -> -1
2019-09-25 07:19:59,096 [pool-297-thread-1] INFO  server.RaftServerConfigKeys (ConfUtils.java:logGet(43)) - raft.server.snapshot.auto.trigger.enabled = true (custom)
2019-09-25 07:19:59,096 [pool-297-thread-1] INFO  server.RaftServerConfigKeys (ConfUtils.java:logGet(43)) - raft.server.snapshot.auto.trigger.threshold = 10000 (custom)
2019-09-25 07:19:59,096 [pool-297-thread-1] INFO  server.RaftServerConfigKeys (ConfUtils.java:logGet(43)) - raft.server.snapshot.retention.num.files = 5 (custom)
2019-09-25 07:19:59,097 [pool-297-thread-1] INFO  server.RaftServerConfigKeys (ConfUtils.java:logGet(43)) - raft.server.retrycache.expirytime = 600000ms (custom)
2019-09-25 07:19:59,098 [pool-297-thread-1] INFO  impl.RaftServerImpl (RaftServerImpl.java:start(185)) - e4e40049-2027-4372-8e95-eef07a37110f@group-E93E66955B54: start as a follower, conf=-1: [e4e40049-2027-4372-8e95-eef07a37110f:192.168.30.10:43343], old=null
2019-09-25 07:19:59,099 [pool-297-thread-1] INFO  impl.RaftServerImpl (RaftServerImpl.java:setRole(174)) - e4e40049-2027-4372-8e95-eef07a37110f@group-E93E66955B54: changes role from      null to FOLLOWER at term 0 for startAsFollower
2019-09-25 07:19:59,099 [pool-297-thread-1] INFO  impl.RoleInfo (RoleInfo.java:updateAndGet(143)) - e4e40049-2027-4372-8e95-eef07a37110f: start FollowerState
2019-09-25 07:19:59,099 [pool-297-thread-1] INFO  util.JmxRegister (JmxRegister.java:tryRegister(44)) - Successfully registered JMX Bean with object name Ratis:service=RaftServer,group=group-E93E66955B54,id=e4e40049-2027-4372-8e95-eef07a37110f
2019-09-25 07:19:59,102 [RatisPipelineUtilsThread] INFO  pipeline.PipelineStateManager (PipelineStateManager.java:addPipeline(56)) - Created pipeline Pipeline[ Id: f66a8d06-456f-4945-9b2b-e93e66955b54, Nodes: e4e40049-2027-4372-8e95-eef07a37110f{ip: 192.168.30.10, host: pr-hdds-1569-s62bp-3040748787, networkLocation: /default-rack, certSerialId: null}, Type:RATIS, Factor:ONE, State:OPEN]
2019-09-25 07:19:59,102 [RatisPipelineUtilsThread] INFO  pipeline.PipelinePlacementPolicy (PipelinePlacementPolicy.java:meetCriteria(91)) - Pipeline Placement: Doesn't meet the criteria to be viable node： 1f2e38a2-0128-463d-8529-15ece9a8cfb5 Heaviness: 6 limit: 5
2019-09-25 07:19:59,103 [RatisPipelineUtilsThread] INFO  pipeline.PipelinePlacementPolicy (PipelinePlacementPolicy.java:meetCriteria(91)) - Pipeline Placement: Doesn't meet the criteria to be viable node： 14c372b8-c6a2-43bc-9321-f88ebc8119bc Heaviness: 6 limit: 5
2019-09-25 07:19:59,109 [grpc-default-executor-0] INFO  impl.RaftServerProxy (RaftServerProxy.java:addNew(89)) - e4e40049-2027-4372-8e95-eef07a37110f: addNew group-73D5CF1B8FDA:[e4e40049-2027-4372-8e95-eef07a37110f:192.168.30.10:43343] returns group-73D5CF1B8FDA:java.util.concurrent.CompletableFuture@9304718[Not completed]
2019-09-25 07:19:59,109 [pool-297-thread-1] INFO  impl.RaftServerImpl (RaftServerImpl.java:<init>(95)) - e4e40049-2027-4372-8e95-eef07a37110f: new RaftServerImpl for group-73D5CF1B8FDA:[e4e40049-2027-4372-8e95-eef07a37110f:192.168.30.10:43343] with ContainerStateMachine:uninitialized
2019-09-25 07:19:59,110 [pool-297-thread-1] INFO  server.RaftServerConfigKeys (ConfUtils.java:logGet(43)) - raft.server.rpc.timeout.min = 5s (custom)
2019-09-25 07:19:59,110 [pool-297-thread-1] INFO  server.RaftServerConfigKeys (ConfUtils.java:logGet(43)) - raft.server.rpc.timeout.max = 5200ms (custom)
2019-09-25 07:19:59,110 [pool-297-thread-1] INFO  server.RaftServerConfigKeys (ConfUtils.java:logGet(43)) - raft.server.rpcslowness.timeout = 120s (custom)
2019-09-25 07:19:59,110 [pool-297-thread-1] INFO  server.RaftServerConfigKeys (ConfUtils.java:logGet(43)) - raft.server.sleep.deviation.threshold = 300 (default)
2019-09-25 07:19:59,110 [pool-297-thread-1] INFO  server.RaftServerConfigKeys (ConfUtils.java:logGet(43)) - raft.server.log.appender.install.snapshot.enabled = false (custom)
2019-09-25 07:19:59,110 [pool-297-thread-1] INFO  impl.RaftServerImpl (ServerState.java:<init>(103)) - e4e40049-2027-4372-8e95-eef07a37110f@group-73D5CF1B8FDA: ConfigurationManager, init=-1: [e4e40049-2027-4372-8e95-eef07a37110f:192.168.30.10:43343], old=null, confs=<EMPTY_MAP>
2019-09-25 07:19:59,110 [pool-297-thread-1] INFO  server.RaftServerConfigKeys (ConfUtils.java:logGet(43)) - raft.server.storage.dir = [/workdir/hadoop-ozone/ozonefs/target/test-dir/MiniOzoneClusterImpl-a99f6f92-dd73-499d-99af-4102c4e47462/datanode-2/data/ratis] (custom)
2019-09-25 07:19:59,111 [pool-297-thread-1] INFO  storage.RaftStorageDirectory (RaftStorageDirectory.java:analyzeStorage(246)) - The storage directory /workdir/hadoop-ozone/ozonefs/target/test-dir/MiniOzoneClusterImpl-a99f6f92-dd73-499d-99af-4102c4e47462/datanode-2/data/ratis/bad12b3f-77a4-449b-a252-73d5cf1b8fda does not exist. Creating ...
2019-09-25 07:19:59,124 [pool-297-thread-1] INFO  storage.RaftStorageDirectory (RaftStorageDirectory.java:tryLock(328)) - Lock on /workdir/hadoop-ozone/ozonefs/target/test-dir/MiniOzoneClusterImpl-a99f6f92-dd73-499d-99af-4102c4e47462/datanode-2/data/ratis/bad12b3f-77a4-449b-a252-73d5cf1b8fda/in_use.lock acquired by nodename 21239@pr-hdds-1569-s62bp-3040748787
2019-09-25 07:19:59,136 [pool-297-thread-1] INFO  storage.RaftStorage (RaftStorage.java:format(72)) - Storage directory /workdir/hadoop-ozone/ozonefs/target/test-dir/MiniOzoneClusterImpl-a99f6f92-dd73-499d-99af-4102c4e47462/datanode-2/data/ratis/bad12b3f-77a4-449b-a252-73d5cf1b8fda has been successfully formatted.
2019-09-25 07:19:59,137 [pool-297-thread-1] INFO  ratis.ContainerStateMachine (ContainerStateMachine.java:loadSnapshot(230)) - group-73D5CF1B8FDA: The snapshot info is null. Setting the last applied indexto:(t:0, i:~)
2019-09-25 07:19:59,137 [pool-297-thread-1] INFO  server.RaftServerConfigKeys (ConfUtils.java:logGet(43)) - raft.server.notification.no-leader.timeout = 120s (custom)
2019-09-25 07:19:59,137 [pool-297-thread-1] INFO  server.RaftServerConfigKeys (ConfUtils.java:logGet(43)) - raft.server.log.use.memory = false (default)
2019-09-25 07:19:59,137 [pool-297-thread-1] INFO  server.RaftServerConfigKeys (ConfUtils.java:logGet(43)) - raft.server.log.purge.gap = 1000000 (custom)
2019-09-25 07:19:59,137 [pool-297-thread-1] INFO  server.RaftServerConfigKeys (ConfUtils.java:logGet(43)) - raft.server.log.appender.buffer.byte-limit = 33554432 (custom)
2019-09-25 07:19:59,137 [pool-297-thread-1] INFO  server.RaftServerConfigKeys (ConfUtils.java:logGet(43)) - raft.server.log.segment.size.max = 1048576 (custom)
2019-09-25 07:19:59,137 [pool-297-thread-1] INFO  server.RaftServerConfigKeys (ConfUtils.java:logGet(43)) - raft.server.log.segment.cache.num.max = 2 (custom)
2019-09-25 07:19:59,137 [pool-297-thread-1] INFO  segmented.SegmentedRaftLogWorker (SegmentedRaftLogWorker.java:<init>(172)) - new e4e40049-2027-4372-8e95-eef07a37110f@group-73D5CF1B8FDA-SegmentedRaftLogWorker for RaftStorage:Storage Directory /workdir/hadoop-ozone/ozonefs/target/test-dir/MiniOzoneClusterImpl-a99f6f92-dd73-499d-99af-4102c4e47462/datanode-2/data/ratis/bad12b3f-77a4-449b-a252-73d5cf1b8fda
2019-09-25 07:19:59,138 [pool-297-thread-1] INFO  server.RaftServerConfigKeys (ConfUtils.java:logGet(43)) - raft.server.log.queue.byte-limit = 2147483647 (custom)
2019-09-25 07:19:59,138 [pool-297-thread-1] INFO  server.RaftServerConfigKeys (ConfUtils.java:logGet(43)) - raft.server.log.queue.element-limit = 1024 (custom)
2019-09-25 07:19:59,138 [pool-297-thread-1] INFO  server.RaftServerConfigKeys (ConfUtils.java:logGet(43)) - raft.server.log.segment.size.max = 1048576 (custom)
2019-09-25 07:19:59,138 [pool-297-thread-1] INFO  server.RaftServerConfigKeys (ConfUtils.java:logGet(43)) - raft.server.log.preallocated.size = 16384 (custom)
2019-09-25 07:19:59,138 [pool-297-thread-1] INFO  server.RaftServerConfigKeys (ConfUtils.java:logGet(43)) - raft.server.log.write.buffer.size = 33554432 (custom)
2019-09-25 07:19:59,138 [pool-297-thread-1] INFO  server.RaftServerConfigKeys (ConfUtils.java:logGet(43)) - raft.server.log.force.sync.num = 128 (default)
2019-09-25 07:19:59,138 [pool-297-thread-1] INFO  server.RaftServerConfigKeys (ConfUtils.java:logGet(43)) - raft.server.log.statemachine.data.sync = true (default)
2019-09-25 07:19:59,138 [pool-297-thread-1] INFO  server.RaftServerConfigKeys (ConfUtils.java:logGet(43)) - raft.server.log.statemachine.data.sync.timeout = 10s (default)
2019-09-25 07:19:59,139 [pool-297-thread-1] INFO  server.RaftServerConfigKeys (ConfUtils.java:logGet(43)) - raft.server.log.statemachine.data.sync.timeout.retry = -1 (default)
2019-09-25 07:19:59,139 [pool-297-thread-1] INFO  server.RaftServerConfigKeys (ConfUtils.java:logGet(43)) - raft.server.log.statemachine.data.caching.enabled = true (custom)
2019-09-25 07:19:59,139 [pool-297-thread-1] INFO  segmented.SegmentedRaftLogWorker (SegmentedRaftLogWorker.java:lambda$new$0(132)) - e4e40049-2027-4372-8e95-eef07a37110f@group-73D5CF1B8FDA-SegmentedRaftLogWorker: flushIndex: setUnconditionally 0 -> -1
2019-09-25 07:19:59,139 [pool-297-thread-1] INFO  server.RaftServerConfigKeys (ConfUtils.java:logGet(43)) - raft.server.snapshot.auto.trigger.enabled = true (custom)
2019-09-25 07:19:59,139 [pool-297-thread-1] INFO  server.RaftServerConfigKeys (ConfUtils.java:logGet(43)) - raft.server.snapshot.auto.trigger.threshold = 10000 (custom)
2019-09-25 07:19:59,140 [pool-297-thread-1] INFO  server.RaftServerConfigKeys (ConfUtils.java:logGet(43)) - raft.server.snapshot.retention.num.files = 5 (custom)
2019-09-25 07:19:59,140 [pool-297-thread-1] INFO  server.RaftServerConfigKeys (ConfUtils.java:logGet(43)) - raft.server.retrycache.expirytime = 600000ms (custom)
2019-09-25 07:19:59,141 [pool-297-thread-1] INFO  impl.RaftServerImpl (RaftServerImpl.java:start(185)) - e4e40049-2027-4372-8e95-eef07a37110f@group-73D5CF1B8FDA: start as a follower, conf=-1: [e4e40049-2027-4372-8e95-eef07a37110f:192.168.30.10:43343], old=null
2019-09-25 07:19:59,141 [pool-297-thread-1] INFO  impl.RaftServerImpl (RaftServerImpl.java:setRole(174)) - e4e40049-2027-4372-8e95-eef07a37110f@group-73D5CF1B8FDA: changes role from      null to FOLLOWER at term 0 for startAsFollower
2019-09-25 07:19:59,142 [pool-297-thread-1] INFO  impl.RoleInfo (RoleInfo.java:updateAndGet(143)) - e4e40049-2027-4372-8e95-eef07a37110f: start FollowerState
2019-09-25 07:19:59,142 [pool-297-thread-1] INFO  util.JmxRegister (JmxRegister.java:tryRegister(44)) - Successfully registered JMX Bean with object name Ratis:service=RaftServer,group=group-73D5CF1B8FDA,id=e4e40049-2027-4372-8e95-eef07a37110f
2019-09-25 07:19:59,145 [RatisPipelineUtilsThread] INFO  pipeline.PipelineStateManager (PipelineStateManager.java:addPipeline(56)) - Created pipeline Pipeline[ Id: bad12b3f-77a4-449b-a252-73d5cf1b8fda, Nodes: e4e40049-2027-4372-8e95-eef07a37110f{ip: 192.168.30.10, host: pr-hdds-1569-s62bp-3040748787, networkLocation: /default-rack, certSerialId: null}, Type:RATIS, Factor:ONE, State:OPEN]
2019-09-25 07:19:59,145 [RatisPipelineUtilsThread] INFO  pipeline.PipelinePlacementPolicy (PipelinePlacementPolicy.java:meetCriteria(91)) - Pipeline Placement: Doesn't meet the criteria to be viable node： 1f2e38a2-0128-463d-8529-15ece9a8cfb5 Heaviness: 6 limit: 5
2019-09-25 07:19:59,145 [RatisPipelineUtilsThread] INFO  pipeline.PipelinePlacementPolicy (PipelinePlacementPolicy.java:meetCriteria(91)) - Pipeline Placement: Doesn't meet the criteria to be viable node： 14c372b8-c6a2-43bc-9321-f88ebc8119bc Heaviness: 6 limit: 5
2019-09-25 07:19:59,151 [grpc-default-executor-0] INFO  impl.RaftServerProxy (RaftServerProxy.java:addNew(89)) - e4e40049-2027-4372-8e95-eef07a37110f: addNew group-FF41813CB691:[e4e40049-2027-4372-8e95-eef07a37110f:192.168.30.10:43343] returns group-FF41813CB691:java.util.concurrent.CompletableFuture@77d5a6b4[Not completed]
2019-09-25 07:19:59,152 [pool-297-thread-1] INFO  impl.RaftServerImpl (RaftServerImpl.java:<init>(95)) - e4e40049-2027-4372-8e95-eef07a37110f: new RaftServerImpl for group-FF41813CB691:[e4e40049-2027-4372-8e95-eef07a37110f:192.168.30.10:43343] with ContainerStateMachine:uninitialized
2019-09-25 07:19:59,152 [pool-297-thread-1] INFO  server.RaftServerConfigKeys (ConfUtils.java:logGet(43)) - raft.server.rpc.timeout.min = 5s (custom)
2019-09-25 07:19:59,152 [pool-297-thread-1] INFO  server.RaftServerConfigKeys (ConfUtils.java:logGet(43)) - raft.server.rpc.timeout.max = 5200ms (custom)
2019-09-25 07:19:59,152 [pool-297-thread-1] INFO  server.RaftServerConfigKeys (ConfUtils.java:logGet(43)) - raft.server.rpcslowness.timeout = 120s (custom)
2019-09-25 07:19:59,152 [pool-297-thread-1] INFO  server.RaftServerConfigKeys (ConfUtils.java:logGet(43)) - raft.server.sleep.deviation.threshold = 300 (default)
2019-09-25 07:19:59,152 [pool-297-thread-1] INFO  server.RaftServerConfigKeys (ConfUtils.java:logGet(43)) - raft.server.log.appender.install.snapshot.enabled = false (custom)
2019-09-25 07:19:59,153 [pool-297-thread-1] INFO  impl.RaftServerImpl (ServerState.java:<init>(103)) - e4e40049-2027-4372-8e95-eef07a37110f@group-FF41813CB691: ConfigurationManager, init=-1: [e4e40049-2027-4372-8e95-eef07a37110f:192.168.30.10:43343], old=null, confs=<EMPTY_MAP>
2019-09-25 07:19:59,153 [pool-297-thread-1] INFO  server.RaftServerConfigKeys (ConfUtils.java:logGet(43)) - raft.server.storage.dir = [/workdir/hadoop-ozone/ozonefs/target/test-dir/MiniOzoneClusterImpl-a99f6f92-dd73-499d-99af-4102c4e47462/datanode-2/data/ratis] (custom)
2019-09-25 07:19:59,153 [pool-297-thread-1] INFO  storage.RaftStorageDirectory (RaftStorageDirectory.java:analyzeStorage(246)) - The storage directory /workdir/hadoop-ozone/ozonefs/target/test-dir/MiniOzoneClusterImpl-a99f6f92-dd73-499d-99af-4102c4e47462/datanode-2/data/ratis/f2ebdb74-8c70-4140-82c1-ff41813cb691 does not exist. Creating ...
2019-09-25 07:19:59,166 [pool-297-thread-1] INFO  storage.RaftStorageDirectory (RaftStorageDirectory.java:tryLock(328)) - Lock on /workdir/hadoop-ozone/ozonefs/target/test-dir/MiniOzoneClusterImpl-a99f6f92-dd73-499d-99af-4102c4e47462/datanode-2/data/ratis/f2ebdb74-8c70-4140-82c1-ff41813cb691/in_use.lock acquired by nodename 21239@pr-hdds-1569-s62bp-3040748787
2019-09-25 07:19:59,179 [pool-297-thread-1] INFO  storage.RaftStorage (RaftStorage.java:format(72)) - Storage directory /workdir/hadoop-ozone/ozonefs/target/test-dir/MiniOzoneClusterImpl-a99f6f92-dd73-499d-99af-4102c4e47462/datanode-2/data/ratis/f2ebdb74-8c70-4140-82c1-ff41813cb691 has been successfully formatted.
2019-09-25 07:19:59,179 [pool-297-thread-1] INFO  ratis.ContainerStateMachine (ContainerStateMachine.java:loadSnapshot(230)) - group-FF41813CB691: The snapshot info is null. Setting the last applied indexto:(t:0, i:~)
2019-09-25 07:19:59,180 [pool-297-thread-1] INFO  server.RaftServerConfigKeys (ConfUtils.java:logGet(43)) - raft.server.notification.no-leader.timeout = 120s (custom)
2019-09-25 07:19:59,180 [pool-297-thread-1] INFO  server.RaftServerConfigKeys (ConfUtils.java:logGet(43)) - raft.server.log.use.memory = false (default)
2019-09-25 07:19:59,180 [pool-297-thread-1] INFO  server.RaftServerConfigKeys (ConfUtils.java:logGet(43)) - raft.server.log.purge.gap = 1000000 (custom)
2019-09-25 07:19:59,180 [pool-297-thread-1] INFO  server.RaftServerConfigKeys (ConfUtils.java:logGet(43)) - raft.server.log.appender.buffer.byte-limit = 33554432 (custom)
2019-09-25 07:19:59,180 [pool-297-thread-1] INFO  server.RaftServerConfigKeys (ConfUtils.java:logGet(43)) - raft.server.log.segment.size.max = 1048576 (custom)
2019-09-25 07:19:59,180 [pool-297-thread-1] INFO  server.RaftServerConfigKeys (ConfUtils.java:logGet(43)) - raft.server.log.segment.cache.num.max = 2 (custom)
2019-09-25 07:19:59,180 [pool-297-thread-1] INFO  segmented.SegmentedRaftLogWorker (SegmentedRaftLogWorker.java:<init>(172)) - new e4e40049-2027-4372-8e95-eef07a37110f@group-FF41813CB691-SegmentedRaftLogWorker for RaftStorage:Storage Directory /workdir/hadoop-ozone/ozonefs/target/test-dir/MiniOzoneClusterImpl-a99f6f92-dd73-499d-99af-4102c4e47462/datanode-2/data/ratis/f2ebdb74-8c70-4140-82c1-ff41813cb691
2019-09-25 07:19:59,180 [pool-297-thread-1] INFO  server.RaftServerConfigKeys (ConfUtils.java:logGet(43)) - raft.server.log.queue.byte-limit = 2147483647 (custom)
2019-09-25 07:19:59,181 [pool-297-thread-1] INFO  server.RaftServerConfigKeys (ConfUtils.java:logGet(43)) - raft.server.log.queue.element-limit = 1024 (custom)
2019-09-25 07:19:59,181 [pool-297-thread-1] INFO  server.RaftServerConfigKeys (ConfUtils.java:logGet(43)) - raft.server.log.segment.size.max = 1048576 (custom)
2019-09-25 07:19:59,181 [pool-297-thread-1] INFO  server.RaftServerConfigKeys (ConfUtils.java:logGet(43)) - raft.server.log.preallocated.size = 16384 (custom)
2019-09-25 07:19:59,181 [pool-297-thread-1] INFO  server.RaftServerConfigKeys (ConfUtils.java:logGet(43)) - raft.server.log.write.buffer.size = 33554432 (custom)
2019-09-25 07:19:59,181 [pool-297-thread-1] INFO  server.RaftServerConfigKeys (ConfUtils.java:logGet(43)) - raft.server.log.force.sync.num = 128 (default)
2019-09-25 07:19:59,181 [pool-297-thread-1] INFO  server.RaftServerConfigKeys (ConfUtils.java:logGet(43)) - raft.server.log.statemachine.data.sync = true (default)
2019-09-25 07:19:59,181 [pool-297-thread-1] INFO  server.RaftServerConfigKeys (ConfUtils.java:logGet(43)) - raft.server.log.statemachine.data.sync.timeout = 10s (default)
2019-09-25 07:19:59,182 [pool-297-thread-1] INFO  server.RaftServerConfigKeys (ConfUtils.java:logGet(43)) - raft.server.log.statemachine.data.sync.timeout.retry = -1 (default)
2019-09-25 07:19:59,182 [pool-297-thread-1] INFO  server.RaftServerConfigKeys (ConfUtils.java:logGet(43)) - raft.server.log.statemachine.data.caching.enabled = true (custom)
2019-09-25 07:19:59,182 [pool-297-thread-1] INFO  segmented.SegmentedRaftLogWorker (SegmentedRaftLogWorker.java:lambda$new$0(132)) - e4e40049-2027-4372-8e95-eef07a37110f@group-FF41813CB691-SegmentedRaftLogWorker: flushIndex: setUnconditionally 0 -> -1
2019-09-25 07:19:59,182 [pool-297-thread-1] INFO  server.RaftServerConfigKeys (ConfUtils.java:logGet(43)) - raft.server.snapshot.auto.trigger.enabled = true (custom)
2019-09-25 07:19:59,182 [pool-297-thread-1] INFO  server.RaftServerConfigKeys (ConfUtils.java:logGet(43)) - raft.server.snapshot.auto.trigger.threshold = 10000 (custom)
2019-09-25 07:19:59,182 [pool-297-thread-1] INFO  server.RaftServerConfigKeys (ConfUtils.java:logGet(43)) - raft.server.snapshot.retention.num.files = 5 (custom)
2019-09-25 07:19:59,183 [pool-297-thread-1] INFO  server.RaftServerConfigKeys (ConfUtils.java:logGet(43)) - raft.server.retrycache.expirytime = 600000ms (custom)
2019-09-25 07:19:59,184 [pool-297-thread-1] INFO  impl.RaftServerImpl (RaftServerImpl.java:start(185)) - e4e40049-2027-4372-8e95-eef07a37110f@group-FF41813CB691: start as a follower, conf=-1: [e4e40049-2027-4372-8e95-eef07a37110f:192.168.30.10:43343], old=null
2019-09-25 07:19:59,184 [pool-297-thread-1] INFO  impl.RaftServerImpl (RaftServerImpl.java:setRole(174)) - e4e40049-2027-4372-8e95-eef07a37110f@group-FF41813CB691: changes role from      null to FOLLOWER at term 0 for startAsFollower
2019-09-25 07:19:59,184 [pool-297-thread-1] INFO  impl.RoleInfo (RoleInfo.java:updateAndGet(143)) - e4e40049-2027-4372-8e95-eef07a37110f: start FollowerState
2019-09-25 07:19:59,185 [pool-297-thread-1] INFO  util.JmxRegister (JmxRegister.java:tryRegister(44)) - Successfully registered JMX Bean with object name Ratis:service=RaftServer,group=group-FF41813CB691,id=e4e40049-2027-4372-8e95-eef07a37110f
2019-09-25 07:19:59,187 [RatisPipelineUtilsThread] INFO  pipeline.PipelineStateManager (PipelineStateManager.java:addPipeline(56)) - Created pipeline Pipeline[ Id: f2ebdb74-8c70-4140-82c1-ff41813cb691, Nodes: e4e40049-2027-4372-8e95-eef07a37110f{ip: 192.168.30.10, host: pr-hdds-1569-s62bp-3040748787, networkLocation: /default-rack, certSerialId: null}, Type:RATIS, Factor:ONE, State:OPEN]
2019-09-25 07:19:59,187 [RatisPipelineUtilsThread] INFO  pipeline.PipelinePlacementPolicy (PipelinePlacementPolicy.java:meetCriteria(91)) - Pipeline Placement: Doesn't meet the criteria to be viable node： 1f2e38a2-0128-463d-8529-15ece9a8cfb5 Heaviness: 6 limit: 5
2019-09-25 07:19:59,188 [RatisPipelineUtilsThread] INFO  pipeline.PipelinePlacementPolicy (PipelinePlacementPolicy.java:meetCriteria(91)) - Pipeline Placement: Doesn't meet the criteria to be viable node： 14c372b8-c6a2-43bc-9321-f88ebc8119bc Heaviness: 6 limit: 5
2019-09-25 07:19:59,193 [grpc-default-executor-0] INFO  impl.RaftServerProxy (RaftServerProxy.java:addNew(89)) - e4e40049-2027-4372-8e95-eef07a37110f: addNew group-54F36230B151:[e4e40049-2027-4372-8e95-eef07a37110f:192.168.30.10:43343] returns group-54F36230B151:java.util.concurrent.CompletableFuture@33a23761[Not completed]
2019-09-25 07:19:59,194 [pool-297-thread-1] INFO  impl.RaftServerImpl (RaftServerImpl.java:<init>(95)) - e4e40049-2027-4372-8e95-eef07a37110f: new RaftServerImpl for group-54F36230B151:[e4e40049-2027-4372-8e95-eef07a37110f:192.168.30.10:43343] with ContainerStateMachine:uninitialized
2019-09-25 07:19:59,194 [pool-297-thread-1] INFO  server.RaftServerConfigKeys (ConfUtils.java:logGet(43)) - raft.server.rpc.timeout.min = 5s (custom)
2019-09-25 07:19:59,194 [pool-297-thread-1] INFO  server.RaftServerConfigKeys (ConfUtils.java:logGet(43)) - raft.server.rpc.timeout.max = 5200ms (custom)
2019-09-25 07:19:59,194 [pool-297-thread-1] INFO  server.RaftServerConfigKeys (ConfUtils.java:logGet(43)) - raft.server.rpcslowness.timeout = 120s (custom)
2019-09-25 07:19:59,194 [pool-297-thread-1] INFO  server.RaftServerConfigKeys (ConfUtils.java:logGet(43)) - raft.server.sleep.deviation.threshold = 300 (default)
2019-09-25 07:19:59,194 [pool-297-thread-1] INFO  server.RaftServerConfigKeys (ConfUtils.java:logGet(43)) - raft.server.log.appender.install.snapshot.enabled = false (custom)
2019-09-25 07:19:59,194 [pool-297-thread-1] INFO  impl.RaftServerImpl (ServerState.java:<init>(103)) - e4e40049-2027-4372-8e95-eef07a37110f@group-54F36230B151: ConfigurationManager, init=-1: [e4e40049-2027-4372-8e95-eef07a37110f:192.168.30.10:43343], old=null, confs=<EMPTY_MAP>
2019-09-25 07:19:59,194 [pool-297-thread-1] INFO  server.RaftServerConfigKeys (ConfUtils.java:logGet(43)) - raft.server.storage.dir = [/workdir/hadoop-ozone/ozonefs/target/test-dir/MiniOzoneClusterImpl-a99f6f92-dd73-499d-99af-4102c4e47462/datanode-2/data/ratis] (custom)
2019-09-25 07:19:59,195 [pool-297-thread-1] INFO  storage.RaftStorageDirectory (RaftStorageDirectory.java:analyzeStorage(246)) - The storage directory /workdir/hadoop-ozone/ozonefs/target/test-dir/MiniOzoneClusterImpl-a99f6f92-dd73-499d-99af-4102c4e47462/datanode-2/data/ratis/0f44209d-02ed-48e0-aa88-54f36230b151 does not exist. Creating ...
2019-09-25 07:19:59,207 [pool-297-thread-1] INFO  storage.RaftStorageDirectory (RaftStorageDirectory.java:tryLock(328)) - Lock on /workdir/hadoop-ozone/ozonefs/target/test-dir/MiniOzoneClusterImpl-a99f6f92-dd73-499d-99af-4102c4e47462/datanode-2/data/ratis/0f44209d-02ed-48e0-aa88-54f36230b151/in_use.lock acquired by nodename 21239@pr-hdds-1569-s62bp-3040748787
2019-09-25 07:19:59,220 [pool-297-thread-1] INFO  storage.RaftStorage (RaftStorage.java:format(72)) - Storage directory /workdir/hadoop-ozone/ozonefs/target/test-dir/MiniOzoneClusterImpl-a99f6f92-dd73-499d-99af-4102c4e47462/datanode-2/data/ratis/0f44209d-02ed-48e0-aa88-54f36230b151 has been successfully formatted.
2019-09-25 07:19:59,220 [pool-297-thread-1] INFO  ratis.ContainerStateMachine (ContainerStateMachine.java:loadSnapshot(230)) - group-54F36230B151: The snapshot info is null. Setting the last applied indexto:(t:0, i:~)
2019-09-25 07:19:59,220 [pool-297-thread-1] INFO  server.RaftServerConfigKeys (ConfUtils.java:logGet(43)) - raft.server.notification.no-leader.timeout = 120s (custom)
2019-09-25 07:19:59,220 [pool-297-thread-1] INFO  server.RaftServerConfigKeys (ConfUtils.java:logGet(43)) - raft.server.log.use.memory = false (default)
2019-09-25 07:19:59,221 [pool-297-thread-1] INFO  server.RaftServerConfigKeys (ConfUtils.java:logGet(43)) - raft.server.log.purge.gap = 1000000 (custom)
2019-09-25 07:19:59,221 [pool-297-thread-1] INFO  server.RaftServerConfigKeys (ConfUtils.java:logGet(43)) - raft.server.log.appender.buffer.byte-limit = 33554432 (custom)
2019-09-25 07:19:59,221 [pool-297-thread-1] INFO  server.RaftServerConfigKeys (ConfUtils.java:logGet(43)) - raft.server.log.segment.size.max = 1048576 (custom)
2019-09-25 07:19:59,221 [pool-297-thread-1] INFO  server.RaftServerConfigKeys (ConfUtils.java:logGet(43)) - raft.server.log.segment.cache.num.max = 2 (custom)
2019-09-25 07:19:59,221 [pool-297-thread-1] INFO  segmented.SegmentedRaftLogWorker (SegmentedRaftLogWorker.java:<init>(172)) - new e4e40049-2027-4372-8e95-eef07a37110f@group-54F36230B151-SegmentedRaftLogWorker for RaftStorage:Storage Directory /workdir/hadoop-ozone/ozonefs/target/test-dir/MiniOzoneClusterImpl-a99f6f92-dd73-499d-99af-4102c4e47462/datanode-2/data/ratis/0f44209d-02ed-48e0-aa88-54f36230b151
2019-09-25 07:19:59,221 [pool-297-thread-1] INFO  server.RaftServerConfigKeys (ConfUtils.java:logGet(43)) - raft.server.log.queue.byte-limit = 2147483647 (custom)
2019-09-25 07:19:59,221 [pool-297-thread-1] INFO  server.RaftServerConfigKeys (ConfUtils.java:logGet(43)) - raft.server.log.queue.element-limit = 1024 (custom)
2019-09-25 07:19:59,221 [pool-297-thread-1] INFO  server.RaftServerConfigKeys (ConfUtils.java:logGet(43)) - raft.server.log.segment.size.max = 1048576 (custom)
2019-09-25 07:19:59,221 [pool-297-thread-1] INFO  server.RaftServerConfigKeys (ConfUtils.java:logGet(43)) - raft.server.log.preallocated.size = 16384 (custom)
2019-09-25 07:19:59,221 [pool-297-thread-1] INFO  server.RaftServerConfigKeys (ConfUtils.java:logGet(43)) - raft.server.log.write.buffer.size = 33554432 (custom)
2019-09-25 07:19:59,222 [pool-297-thread-1] INFO  server.RaftServerConfigKeys (ConfUtils.java:logGet(43)) - raft.server.log.force.sync.num = 128 (default)
2019-09-25 07:19:59,222 [pool-297-thread-1] INFO  server.RaftServerConfigKeys (ConfUtils.java:logGet(43)) - raft.server.log.statemachine.data.sync = true (default)
2019-09-25 07:19:59,222 [pool-297-thread-1] INFO  server.RaftServerConfigKeys (ConfUtils.java:logGet(43)) - raft.server.log.statemachine.data.sync.timeout = 10s (default)
2019-09-25 07:19:59,222 [pool-297-thread-1] INFO  server.RaftServerConfigKeys (ConfUtils.java:logGet(43)) - raft.server.log.statemachine.data.sync.timeout.retry = -1 (default)
2019-09-25 07:19:59,222 [pool-297-thread-1] INFO  server.RaftServerConfigKeys (ConfUtils.java:logGet(43)) - raft.server.log.statemachine.data.caching.enabled = true (custom)
2019-09-25 07:19:59,222 [pool-297-thread-1] INFO  segmented.SegmentedRaftLogWorker (SegmentedRaftLogWorker.java:lambda$new$0(132)) - e4e40049-2027-4372-8e95-eef07a37110f@group-54F36230B151-SegmentedRaftLogWorker: flushIndex: setUnconditionally 0 -> -1
2019-09-25 07:19:59,223 [pool-297-thread-1] INFO  server.RaftServerConfigKeys (ConfUtils.java:logGet(43)) - raft.server.snapshot.auto.trigger.enabled = true (custom)
2019-09-25 07:19:59,223 [pool-297-thread-1] INFO  server.RaftServerConfigKeys (ConfUtils.java:logGet(43)) - raft.server.snapshot.auto.trigger.threshold = 10000 (custom)
2019-09-25 07:19:59,223 [pool-297-thread-1] INFO  server.RaftServerConfigKeys (ConfUtils.java:logGet(43)) - raft.server.snapshot.retention.num.files = 5 (custom)
2019-09-25 07:19:59,223 [pool-297-thread-1] INFO  server.RaftServerConfigKeys (ConfUtils.java:logGet(43)) - raft.server.retrycache.expirytime = 600000ms (custom)
2019-09-25 07:19:59,224 [pool-297-thread-1] INFO  impl.RaftServerImpl (RaftServerImpl.java:start(185)) - e4e40049-2027-4372-8e95-eef07a37110f@group-54F36230B151: start as a follower, conf=-1: [e4e40049-2027-4372-8e95-eef07a37110f:192.168.30.10:43343], old=null
2019-09-25 07:19:59,224 [pool-297-thread-1] INFO  impl.RaftServerImpl (RaftServerImpl.java:setRole(174)) - e4e40049-2027-4372-8e95-eef07a37110f@group-54F36230B151: changes role from      null to FOLLOWER at term 0 for startAsFollower
2019-09-25 07:19:59,224 [pool-297-thread-1] INFO  impl.RoleInfo (RoleInfo.java:updateAndGet(143)) - e4e40049-2027-4372-8e95-eef07a37110f: start FollowerState
2019-09-25 07:19:59,225 [pool-297-thread-1] INFO  util.JmxRegister (JmxRegister.java:tryRegister(44)) - Successfully registered JMX Bean with object name Ratis:service=RaftServer,group=group-54F36230B151,id=e4e40049-2027-4372-8e95-eef07a37110f
2019-09-25 07:19:59,228 [RatisPipelineUtilsThread] INFO  pipeline.PipelineStateManager (PipelineStateManager.java:addPipeline(56)) - Created pipeline Pipeline[ Id: 0f44209d-02ed-48e0-aa88-54f36230b151, Nodes: e4e40049-2027-4372-8e95-eef07a37110f{ip: 192.168.30.10, host: pr-hdds-1569-s62bp-3040748787, networkLocation: /default-rack, certSerialId: null}, Type:RATIS, Factor:ONE, State:OPEN]
2019-09-25 07:19:59,228 [RatisPipelineUtilsThread] INFO  pipeline.PipelinePlacementPolicy (PipelinePlacementPolicy.java:meetCriteria(91)) - Pipeline Placement: Doesn't meet the criteria to be viable node： 1f2e38a2-0128-463d-8529-15ece9a8cfb5 Heaviness: 6 limit: 5
2019-09-25 07:19:59,228 [RatisPipelineUtilsThread] INFO  pipeline.PipelinePlacementPolicy (PipelinePlacementPolicy.java:meetCriteria(91)) - Pipeline Placement: Doesn't meet the criteria to be viable node： 14c372b8-c6a2-43bc-9321-f88ebc8119bc Heaviness: 6 limit: 5
2019-09-25 07:19:59,234 [grpc-default-executor-0] INFO  impl.RaftServerProxy (RaftServerProxy.java:addNew(89)) - e4e40049-2027-4372-8e95-eef07a37110f: addNew group-C564B0F4FBA1:[e4e40049-2027-4372-8e95-eef07a37110f:192.168.30.10:43343] returns group-C564B0F4FBA1:java.util.concurrent.CompletableFuture@699c2e96[Not completed]
2019-09-25 07:19:59,235 [pool-297-thread-1] INFO  impl.RaftServerImpl (RaftServerImpl.java:<init>(95)) - e4e40049-2027-4372-8e95-eef07a37110f: new RaftServerImpl for group-C564B0F4FBA1:[e4e40049-2027-4372-8e95-eef07a37110f:192.168.30.10:43343] with ContainerStateMachine:uninitialized
2019-09-25 07:19:59,235 [pool-297-thread-1] INFO  server.RaftServerConfigKeys (ConfUtils.java:logGet(43)) - raft.server.rpc.timeout.min = 5s (custom)
2019-09-25 07:19:59,235 [pool-297-thread-1] INFO  server.RaftServerConfigKeys (ConfUtils.java:logGet(43)) - raft.server.rpc.timeout.max = 5200ms (custom)
2019-09-25 07:19:59,235 [pool-297-thread-1] INFO  server.RaftServerConfigKeys (ConfUtils.java:logGet(43)) - raft.server.rpcslowness.timeout = 120s (custom)
2019-09-25 07:19:59,235 [pool-297-thread-1] INFO  server.RaftServerConfigKeys (ConfUtils.java:logGet(43)) - raft.server.sleep.deviation.threshold = 300 (default)
2019-09-25 07:19:59,235 [pool-297-thread-1] INFO  server.RaftServerConfigKeys (ConfUtils.java:logGet(43)) - raft.server.log.appender.install.snapshot.enabled = false (custom)
2019-09-25 07:19:59,235 [pool-297-thread-1] INFO  impl.RaftServerImpl (ServerState.java:<init>(103)) - e4e40049-2027-4372-8e95-eef07a37110f@group-C564B0F4FBA1: ConfigurationManager, init=-1: [e4e40049-2027-4372-8e95-eef07a37110f:192.168.30.10:43343], old=null, confs=<EMPTY_MAP>
2019-09-25 07:19:59,235 [pool-297-thread-1] INFO  server.RaftServerConfigKeys (ConfUtils.java:logGet(43)) - raft.server.storage.dir = [/workdir/hadoop-ozone/ozonefs/target/test-dir/MiniOzoneClusterImpl-a99f6f92-dd73-499d-99af-4102c4e47462/datanode-2/data/ratis] (custom)
2019-09-25 07:19:59,236 [pool-297-thread-1] INFO  storage.RaftStorageDirectory (RaftStorageDirectory.java:analyzeStorage(246)) - The storage directory /workdir/hadoop-ozone/ozonefs/target/test-dir/MiniOzoneClusterImpl-a99f6f92-dd73-499d-99af-4102c4e47462/datanode-2/data/ratis/44330651-78d9-4a4e-8cd5-c564b0f4fba1 does not exist. Creating ...
2019-09-25 07:19:59,248 [pool-297-thread-1] INFO  storage.RaftStorageDirectory (RaftStorageDirectory.java:tryLock(328)) - Lock on /workdir/hadoop-ozone/ozonefs/target/test-dir/MiniOzoneClusterImpl-a99f6f92-dd73-499d-99af-4102c4e47462/datanode-2/data/ratis/44330651-78d9-4a4e-8cd5-c564b0f4fba1/in_use.lock acquired by nodename 21239@pr-hdds-1569-s62bp-3040748787
2019-09-25 07:19:59,262 [pool-297-thread-1] INFO  storage.RaftStorage (RaftStorage.java:format(72)) - Storage directory /workdir/hadoop-ozone/ozonefs/target/test-dir/MiniOzoneClusterImpl-a99f6f92-dd73-499d-99af-4102c4e47462/datanode-2/data/ratis/44330651-78d9-4a4e-8cd5-c564b0f4fba1 has been successfully formatted.
2019-09-25 07:19:59,262 [pool-297-thread-1] INFO  ratis.ContainerStateMachine (ContainerStateMachine.java:loadSnapshot(230)) - group-C564B0F4FBA1: The snapshot info is null. Setting the last applied indexto:(t:0, i:~)
2019-09-25 07:19:59,262 [pool-297-thread-1] INFO  server.RaftServerConfigKeys (ConfUtils.java:logGet(43)) - raft.server.notification.no-leader.timeout = 120s (custom)
2019-09-25 07:19:59,262 [pool-297-thread-1] INFO  server.RaftServerConfigKeys (ConfUtils.java:logGet(43)) - raft.server.log.use.memory = false (default)
2019-09-25 07:19:59,262 [pool-297-thread-1] INFO  server.RaftServerConfigKeys (ConfUtils.java:logGet(43)) - raft.server.log.purge.gap = 1000000 (custom)
2019-09-25 07:19:59,263 [pool-297-thread-1] INFO  server.RaftServerConfigKeys (ConfUtils.java:logGet(43)) - raft.server.log.appender.buffer.byte-limit = 33554432 (custom)
2019-09-25 07:19:59,263 [pool-297-thread-1] INFO  server.RaftServerConfigKeys (ConfUtils.java:logGet(43)) - raft.server.log.segment.size.max = 1048576 (custom)
2019-09-25 07:19:59,263 [pool-297-thread-1] INFO  server.RaftServerConfigKeys (ConfUtils.java:logGet(43)) - raft.server.log.segment.cache.num.max = 2 (custom)
2019-09-25 07:19:59,263 [pool-297-thread-1] INFO  segmented.SegmentedRaftLogWorker (SegmentedRaftLogWorker.java:<init>(172)) - new e4e40049-2027-4372-8e95-eef07a37110f@group-C564B0F4FBA1-SegmentedRaftLogWorker for RaftStorage:Storage Directory /workdir/hadoop-ozone/ozonefs/target/test-dir/MiniOzoneClusterImpl-a99f6f92-dd73-499d-99af-4102c4e47462/datanode-2/data/ratis/44330651-78d9-4a4e-8cd5-c564b0f4fba1
2019-09-25 07:19:59,263 [pool-297-thread-1] INFO  server.RaftServerConfigKeys (ConfUtils.java:logGet(43)) - raft.server.log.queue.byte-limit = 2147483647 (custom)
2019-09-25 07:19:59,263 [pool-297-thread-1] INFO  server.RaftServerConfigKeys (ConfUtils.java:logGet(43)) - raft.server.log.queue.element-limit = 1024 (custom)
2019-09-25 07:19:59,263 [pool-297-thread-1] INFO  server.RaftServerConfigKeys (ConfUtils.java:logGet(43)) - raft.server.log.segment.size.max = 1048576 (custom)
2019-09-25 07:19:59,263 [pool-297-thread-1] INFO  server.RaftServerConfigKeys (ConfUtils.java:logGet(43)) - raft.server.log.preallocated.size = 16384 (custom)
2019-09-25 07:19:59,263 [pool-297-thread-1] INFO  server.RaftServerConfigKeys (ConfUtils.java:logGet(43)) - raft.server.log.write.buffer.size = 33554432 (custom)
2019-09-25 07:19:59,263 [pool-297-thread-1] INFO  server.RaftServerConfigKeys (ConfUtils.java:logGet(43)) - raft.server.log.force.sync.num = 128 (default)
2019-09-25 07:19:59,263 [pool-297-thread-1] INFO  server.RaftServerConfigKeys (ConfUtils.java:logGet(43)) - raft.server.log.statemachine.data.sync = true (default)
2019-09-25 07:19:59,264 [pool-297-thread-1] INFO  server.RaftServerConfigKeys (ConfUtils.java:logGet(43)) - raft.server.log.statemachine.data.sync.timeout = 10s (default)
2019-09-25 07:19:59,264 [pool-297-thread-1] INFO  server.RaftServerConfigKeys (ConfUtils.java:logGet(43)) - raft.server.log.statemachine.data.sync.timeout.retry = -1 (default)
2019-09-25 07:19:59,264 [pool-297-thread-1] INFO  server.RaftServerConfigKeys (ConfUtils.java:logGet(43)) - raft.server.log.statemachine.data.caching.enabled = true (custom)
2019-09-25 07:19:59,264 [pool-297-thread-1] INFO  segmented.SegmentedRaftLogWorker (SegmentedRaftLogWorker.java:lambda$new$0(132)) - e4e40049-2027-4372-8e95-eef07a37110f@group-C564B0F4FBA1-SegmentedRaftLogWorker: flushIndex: setUnconditionally 0 -> -1
2019-09-25 07:19:59,264 [pool-297-thread-1] INFO  server.RaftServerConfigKeys (ConfUtils.java:logGet(43)) - raft.server.snapshot.auto.trigger.enabled = true (custom)
2019-09-25 07:19:59,264 [pool-297-thread-1] INFO  server.RaftServerConfigKeys (ConfUtils.java:logGet(43)) - raft.server.snapshot.auto.trigger.threshold = 10000 (custom)
2019-09-25 07:19:59,265 [pool-297-thread-1] INFO  server.RaftServerConfigKeys (ConfUtils.java:logGet(43)) - raft.server.snapshot.retention.num.files = 5 (custom)
2019-09-25 07:19:59,265 [pool-297-thread-1] INFO  server.RaftServerConfigKeys (ConfUtils.java:logGet(43)) - raft.server.retrycache.expirytime = 600000ms (custom)
2019-09-25 07:19:59,266 [pool-297-thread-1] INFO  impl.RaftServerImpl (RaftServerImpl.java:start(185)) - e4e40049-2027-4372-8e95-eef07a37110f@group-C564B0F4FBA1: start as a follower, conf=-1: [e4e40049-2027-4372-8e95-eef07a37110f:192.168.30.10:43343], old=null
2019-09-25 07:19:59,266 [pool-297-thread-1] INFO  impl.RaftServerImpl (RaftServerImpl.java:setRole(174)) - e4e40049-2027-4372-8e95-eef07a37110f@group-C564B0F4FBA1: changes role from      null to FOLLOWER at term 0 for startAsFollower
2019-09-25 07:19:59,266 [pool-297-thread-1] INFO  impl.RoleInfo (RoleInfo.java:updateAndGet(143)) - e4e40049-2027-4372-8e95-eef07a37110f: start FollowerState
2019-09-25 07:19:59,267 [pool-297-thread-1] INFO  util.JmxRegister (JmxRegister.java:tryRegister(44)) - Successfully registered JMX Bean with object name Ratis:service=RaftServer,group=group-C564B0F4FBA1,id=e4e40049-2027-4372-8e95-eef07a37110f
2019-09-25 07:19:59,269 [RatisPipelineUtilsThread] INFO  pipeline.PipelineStateManager (PipelineStateManager.java:addPipeline(56)) - Created pipeline Pipeline[ Id: 44330651-78d9-4a4e-8cd5-c564b0f4fba1, Nodes: e4e40049-2027-4372-8e95-eef07a37110f{ip: 192.168.30.10, host: pr-hdds-1569-s62bp-3040748787, networkLocation: /default-rack, certSerialId: null}, Type:RATIS, Factor:ONE, State:OPEN]
2019-09-25 07:19:59,270 [RatisPipelineUtilsThread] INFO  pipeline.PipelinePlacementPolicy (PipelinePlacementPolicy.java:meetCriteria(91)) - Pipeline Placement: Doesn't meet the criteria to be viable node： 1f2e38a2-0128-463d-8529-15ece9a8cfb5 Heaviness: 6 limit: 5
2019-09-25 07:19:59,270 [RatisPipelineUtilsThread] INFO  pipeline.PipelinePlacementPolicy (PipelinePlacementPolicy.java:meetCriteria(91)) - Pipeline Placement: Doesn't meet the criteria to be viable node： e4e40049-2027-4372-8e95-eef07a37110f Heaviness: 6 limit: 5
2019-09-25 07:19:59,270 [RatisPipelineUtilsThread] INFO  pipeline.PipelinePlacementPolicy (PipelinePlacementPolicy.java:meetCriteria(91)) - Pipeline Placement: Doesn't meet the criteria to be viable node： 14c372b8-c6a2-43bc-9321-f88ebc8119bc Heaviness: 6 limit: 5
2019-09-25 07:19:59,270 [RatisPipelineUtilsThread] ERROR pipeline.PipelinePlacementPolicy (PipelinePlacementPolicy.java:filterViableNodes(148)) - Unable to find enough nodes that meet the criteria that cannot engage in more than 5 pipelines. Nodes required: 1 Found: 0, healthy nodes count inNodeManager: 3.
2019-09-25 07:19:59,270 [RatisPipelineUtilsThread] ERROR pipeline.SCMPipelineManager (SCMPipelineManager.java:createPipeline(167)) - Pipeline creation failed due to exception: Unable to find enough nodes that meet the criteria that cannot engage in more than 5 pipelines. Nodes required: 1 Found: 0, healthy nodes count inNodeManager: 3.
2019-09-25 07:19:59,270 [RatisPipelineUtilsThread] INFO  pipeline.PipelinePlacementPolicy (PipelinePlacementPolicy.java:meetCriteria(91)) - Pipeline Placement: Doesn't meet the criteria to be viable node： 1f2e38a2-0128-463d-8529-15ece9a8cfb5 Heaviness: 6 limit: 5
2019-09-25 07:19:59,271 [RatisPipelineUtilsThread] INFO  pipeline.PipelinePlacementPolicy (PipelinePlacementPolicy.java:meetCriteria(91)) - Pipeline Placement: Doesn't meet the criteria to be viable node： e4e40049-2027-4372-8e95-eef07a37110f Heaviness: 6 limit: 5
2019-09-25 07:19:59,271 [RatisPipelineUtilsThread] INFO  pipeline.PipelinePlacementPolicy (PipelinePlacementPolicy.java:meetCriteria(91)) - Pipeline Placement: Doesn't meet the criteria to be viable node： 14c372b8-c6a2-43bc-9321-f88ebc8119bc Heaviness: 6 limit: 5
2019-09-25 07:19:59,271 [RatisPipelineUtilsThread] ERROR pipeline.PipelinePlacementPolicy (PipelinePlacementPolicy.java:filterViableNodes(148)) - Unable to find enough nodes that meet the criteria that cannot engage in more than 5 pipelines. Nodes required: 3 Found: 0, healthy nodes count inNodeManager: 3.
2019-09-25 07:19:59,271 [RatisPipelineUtilsThread] ERROR pipeline.SCMPipelineManager (SCMPipelineManager.java:createPipeline(167)) - Pipeline creation failed due to exception: Unable to find enough nodes that meet the criteria that cannot engage in more than 5 pipelines. Nodes required: 3 Found: 0, healthy nodes count inNodeManager: 3.
2019-09-25 07:19:59,271 [RatisPipelineUtilsThread] INFO  pipeline.PipelinePlacementPolicy (PipelinePlacementPolicy.java:meetCriteria(91)) - Pipeline Placement: Doesn't meet the criteria to be viable node： 1f2e38a2-0128-463d-8529-15ece9a8cfb5 Heaviness: 6 limit: 5
2019-09-25 07:19:59,271 [RatisPipelineUtilsThread] INFO  pipeline.PipelinePlacementPolicy (PipelinePlacementPolicy.java:meetCriteria(91)) - Pipeline Placement: Doesn't meet the criteria to be viable node： e4e40049-2027-4372-8e95-eef07a37110f Heaviness: 6 limit: 5
2019-09-25 07:19:59,272 [RatisPipelineUtilsThread] INFO  pipeline.PipelinePlacementPolicy (PipelinePlacementPolicy.java:meetCriteria(91)) - Pipeline Placement: Doesn't meet the criteria to be viable node： 14c372b8-c6a2-43bc-9321-f88ebc8119bc Heaviness: 6 limit: 5
2019-09-25 07:19:59,272 [RatisPipelineUtilsThread] ERROR pipeline.PipelinePlacementPolicy (PipelinePlacementPolicy.java:filterViableNodes(148)) - Unable to find enough nodes that meet the criteria that cannot engage in more than 5 pipelines. Nodes required: 1 Found: 0, healthy nodes count inNodeManager: 3.
2019-09-25 07:19:59,272 [RatisPipelineUtilsThread] ERROR pipeline.SCMPipelineManager (SCMPipelineManager.java:createPipeline(167)) - Pipeline creation failed due to exception: Unable to find enough nodes that meet the criteria that cannot engage in more than 5 pipelines. Nodes required: 1 Found: 0, healthy nodes count inNodeManager: 3.
2019-09-25 07:19:59,272 [RatisPipelineUtilsThread] INFO  pipeline.PipelinePlacementPolicy (PipelinePlacementPolicy.java:meetCriteria(91)) - Pipeline Placement: Doesn't meet the criteria to be viable node： 1f2e38a2-0128-463d-8529-15ece9a8cfb5 Heaviness: 6 limit: 5
2019-09-25 07:19:59,272 [RatisPipelineUtilsThread] INFO  pipeline.PipelinePlacementPolicy (PipelinePlacementPolicy.java:meetCriteria(91)) - Pipeline Placement: Doesn't meet the criteria to be viable node： e4e40049-2027-4372-8e95-eef07a37110f Heaviness: 6 limit: 5
2019-09-25 07:19:59,272 [RatisPipelineUtilsThread] INFO  pipeline.PipelinePlacementPolicy (PipelinePlacementPolicy.java:meetCriteria(91)) - Pipeline Placement: Doesn't meet the criteria to be viable node： 14c372b8-c6a2-43bc-9321-f88ebc8119bc Heaviness: 6 limit: 5
2019-09-25 07:19:59,273 [RatisPipelineUtilsThread] ERROR pipeline.PipelinePlacementPolicy (PipelinePlacementPolicy.java:filterViableNodes(148)) - Unable to find enough nodes that meet the criteria that cannot engage in more than 5 pipelines. Nodes required: 3 Found: 0, healthy nodes count inNodeManager: 3.
2019-09-25 07:19:59,273 [RatisPipelineUtilsThread] ERROR pipeline.SCMPipelineManager (SCMPipelineManager.java:createPipeline(167)) - Pipeline creation failed due to exception: Unable to find enough nodes that meet the criteria that cannot engage in more than 5 pipelines. Nodes required: 3 Found: 0, healthy nodes count inNodeManager: 3.
2019-09-25 07:19:59,632 [Thread-1344] INFO  ozone.MiniOzoneClusterImpl (MiniOzoneClusterImpl.java:lambda$waitForClusterToBeReady$0(147)) - Cluster is ready. Got 3 of 3 DN Heartbeats.
2019-09-25 07:19:59,697 [Thread-1344] INFO  rpc.RpcClient (RpcClient.java:createVolume(276)) - Creating Volume: volume25993, with user17876 as owner.
2019-09-25 07:19:59,700 [IPC Server handler 3 on 35739] INFO  volume.OMVolumeCreateRequest (OMVolumeCreateRequest.java:validateAndUpdateCache(189)) - created volume:volume25993 for user:user17876
2019-09-25 07:19:59,715 [Thread-1344] INFO  rpc.RpcClient (RpcClient.java:createBucket(415)) - Creating Bucket: volume25993/bucket36405, with Versioning false and Storage Type set to DISK and Encryption set to false 
2019-09-25 07:19:59,760 [IPC Server handler 1 on 33895] INFO  pipeline.PipelinePlacementPolicy (PipelinePlacementPolicy.java:meetCriteria(91)) - Pipeline Placement: Doesn't meet the criteria to be viable node： 1f2e38a2-0128-463d-8529-15ece9a8cfb5 Heaviness: 6 limit: 5
2019-09-25 07:19:59,760 [IPC Server handler 1 on 33895] INFO  pipeline.PipelinePlacementPolicy (PipelinePlacementPolicy.java:meetCriteria(91)) - Pipeline Placement: Doesn't meet the criteria to be viable node： e4e40049-2027-4372-8e95-eef07a37110f Heaviness: 6 limit: 5
2019-09-25 07:19:59,760 [IPC Server handler 1 on 33895] INFO  pipeline.PipelinePlacementPolicy (PipelinePlacementPolicy.java:meetCriteria(91)) - Pipeline Placement: Doesn't meet the criteria to be viable node： 14c372b8-c6a2-43bc-9321-f88ebc8119bc Heaviness: 6 limit: 5
2019-09-25 07:19:59,761 [IPC Server handler 1 on 33895] ERROR pipeline.PipelinePlacementPolicy (PipelinePlacementPolicy.java:filterViableNodes(148)) - Unable to find enough nodes that meet the criteria that cannot engage in more than 5 pipelines. Nodes required: 3 Found: 0, healthy nodes count inNodeManager: 3.
2019-09-25 07:19:59,761 [IPC Server handler 1 on 33895] ERROR pipeline.SCMPipelineManager (SCMPipelineManager.java:createPipeline(167)) - Pipeline creation failed due to exception: Unable to find enough nodes that meet the criteria that cannot engage in more than 5 pipelines. Nodes required: 3 Found: 0, healthy nodes count inNodeManager: 3.
2019-09-25 07:19:59,761 [IPC Server handler 1 on 33895] WARN  block.BlockManagerImpl (BlockManagerImpl.java:allocateBlock(192)) - Pipeline creation failed for type:RATIS factor:THREE. Retrying get pipelines call once.
org.apache.hadoop.hdds.scm.exceptions.SCMException: Unable to find enough nodes that meet the criteria that cannot engage in more than 5 pipelines. Nodes required: 3 Found: 0, healthy nodes count inNodeManager: 3.
	at org.apache.hadoop.hdds.scm.pipeline.PipelinePlacementPolicy.filterViableNodes(PipelinePlacementPolicy.java:149)
	at org.apache.hadoop.hdds.scm.pipeline.PipelinePlacementPolicy.chooseDatanodes(PipelinePlacementPolicy.java:172)
	at org.apache.hadoop.hdds.scm.pipeline.RatisPipelineProvider.create(RatisPipelineProvider.java:93)
	at org.apache.hadoop.hdds.scm.pipeline.PipelineFactory.create(PipelineFactory.java:58)
	at org.apache.hadoop.hdds.scm.pipeline.SCMPipelineManager.createPipeline(SCMPipelineManager.java:155)
	at org.apache.hadoop.hdds.scm.block.BlockManagerImpl.allocateBlock(BlockManagerImpl.java:190)
	at org.apache.hadoop.hdds.scm.server.SCMBlockProtocolServer.allocateBlock(SCMBlockProtocolServer.java:182)
	at org.apache.hadoop.ozone.protocolPB.ScmBlockLocationProtocolServerSideTranslatorPB.allocateScmBlock(ScmBlockLocationProtocolServerSideTranslatorPB.java:183)
	at org.apache.hadoop.ozone.protocolPB.ScmBlockLocationProtocolServerSideTranslatorPB.processMessage(ScmBlockLocationProtocolServerSideTranslatorPB.java:141)
	at org.apache.hadoop.ozone.protocolPB.ScmBlockLocationProtocolServerSideTranslatorPB.send(ScmBlockLocationProtocolServerSideTranslatorPB.java:116)
	at org.apache.hadoop.hdds.protocol.proto.ScmBlockLocationProtocolProtos$ScmBlockLocationProtocolService$2.callBlockingMethod(ScmBlockLocationProtocolProtos.java:13157)
	at org.apache.hadoop.ipc.ProtobufRpcEngine$Server$ProtoBufRpcInvoker.call(ProtobufRpcEngine.java:524)
	at org.apache.hadoop.ipc.RPC$Server.call(RPC.java:1025)
	at org.apache.hadoop.ipc.Server$RpcCall.run(Server.java:876)
	at org.apache.hadoop.ipc.Server$RpcCall.run(Server.java:822)
	at java.security.AccessController.doPrivileged(Native Method)
	at javax.security.auth.Subject.doAs(Subject.java:422)
	at org.apache.hadoop.security.UserGroupInformation.doAs(UserGroupInformation.java:1730)
	at org.apache.hadoop.ipc.Server$Handler.run(Server.java:2682)
2019-09-25 07:19:59,762 [IPC Server handler 1 on 33895] INFO  block.BlockManagerImpl (BlockManagerImpl.java:allocateBlock(198)) - Could not find available pipeline of type:RATIS and factor:THREE even after retrying
2019-09-25 07:19:59,762 [IPC Server handler 1 on 33895] ERROR block.BlockManagerImpl (BlockManagerImpl.java:allocateBlock(222)) - Unable to allocate a block for the size: 4194304, type: RATIS, factor: THREE
2019-09-25 07:19:59,766 [Thread-1344] INFO  ozone.MiniOzoneClusterImpl (MiniOzoneClusterImpl.java:shutdown(314)) - Shutting down the Mini Ozone Cluster
2019-09-25 07:19:59,766 [Thread-1344] INFO  ozone.MiniOzoneClusterImpl (MiniOzoneClusterImpl.java:stop(330)) - Stopping the Mini Ozone Cluster
2019-09-25 07:19:59,766 [Thread-1344] INFO  ozone.MiniOzoneClusterImpl (MiniOzoneClusterImpl.java:stopOM(400)) - Stopping the OzoneManager
2019-09-25 07:19:59,766 [Thread-1344] INFO  ipc.Server (Server.java:stop(3082)) - Stopping server on 35739
2019-09-25 07:19:59,771 [IPC Server listener on 35739] INFO  ipc.Server (Server.java:run(1185)) - Stopping IPC Server listener on 35739
2019-09-25 07:19:59,771 [IPC Server Responder] INFO  ipc.Server (Server.java:run(1319)) - Stopping IPC Server Responder
2019-09-25 07:19:59,772 [Thread-1344] INFO  ratis.OzoneManagerDoubleBuffer (OzoneManagerDoubleBuffer.java:stop(248)) - Stopping OMDoubleBuffer flush thread
2019-09-25 07:19:59,774 [OMDoubleBufferFlushThread] INFO  ratis.OzoneManagerDoubleBuffer (OzoneManagerDoubleBuffer.java:flushTransactions(191)) - OMDoubleBuffer flush thread OMDoubleBufferFlushThread is interrupted and will exit. OMDoubleBufferFlushThread
2019-09-25 07:19:59,774 [Thread-1344] INFO  utils.BackgroundService (BackgroundService.java:shutdown(148)) - Shutting down service KeyDeletingService
2019-09-25 07:19:59,775 [Thread-1344] INFO  handler.ContextHandler (ContextHandler.java:doStop(910)) - Stopped o.e.j.w.WebAppContext@7449c97c{/,null,UNAVAILABLE}{/ozoneManager}
2019-09-25 07:19:59,776 [Thread-1344] INFO  server.AbstractConnector (AbstractConnector.java:doStop(318)) - Stopped ServerConnector@2e9832df{HTTP/1.1,[http/1.1]}{0.0.0.0:0}
2019-09-25 07:19:59,776 [Thread-1344] INFO  handler.ContextHandler (ContextHandler.java:doStop(910)) - Stopped o.e.j.s.ServletContextHandler@5fc547eb{/static,jar:file:/home/user/.m2/repository/org/apache/hadoop/hadoop-ozone-ozone-manager/0.5.0-SNAPSHOT/hadoop-ozone-ozone-manager-0.5.0-SNAPSHOT.jar!/webapps/static,UNAVAILABLE}
2019-09-25 07:19:59,776 [Thread-1344] INFO  handler.ContextHandler (ContextHandler.java:doStop(910)) - Stopped o.e.j.s.ServletContextHandler@312c850c{/logs,file:///workdir/hadoop-ozone/ozonefs/target/log,UNAVAILABLE}
2019-09-25 07:19:59,778 [Thread-1344] INFO  ozone.MiniOzoneClusterImpl (MiniOzoneClusterImpl.java:stopDatanodes(377)) - Stopping the HddsDatanodes
2019-09-25 07:20:00,464 [Datanode State Machine Thread - 0] INFO  statemachine.DatanodeStateMachine (DatanodeStateMachine.java:lambda$startDaemon$0(350)) - Ozone container server started.
2019-09-25 07:20:00,544 [Datanode State Machine Thread - 0] INFO  statemachine.DatanodeStateMachine (DatanodeStateMachine.java:lambda$startDaemon$0(350)) - Ozone container server started.
2019-09-25 07:20:01,476 [Thread-1516] INFO  container.ReplicationManager (ReplicationManager.java:start(163)) - Starting Replication Monitor Thread.
2019-09-25 07:20:01,480 [ReplicationMonitor] INFO  container.ReplicationManager (ReplicationManager.java:run(226)) - Replication Monitor Thread took 0 milliseconds for processing 0 containers.
2019-09-25 07:20:03,642 [Thread-1518] INFO  impl.FollowerState (FollowerState.java:run(106)) - 14c372b8-c6a2-43bc-9321-f88ebc8119bc:group-A14D2F872939 changes to CANDIDATE, lastRpcTime:5114, electionTimeout:5114ms
2019-09-25 07:20:03,642 [Thread-1518] INFO  impl.RoleInfo (RoleInfo.java:shutdownFollowerState(121)) - 14c372b8-c6a2-43bc-9321-f88ebc8119bc: shutdown FollowerState
2019-09-25 07:20:03,642 [Thread-1518] INFO  impl.RaftServerImpl (RaftServerImpl.java:setRole(174)) - 14c372b8-c6a2-43bc-9321-f88ebc8119bc@group-A14D2F872939: changes role from  FOLLOWER to CANDIDATE at term 0 for changeToCandidate
2019-09-25 07:20:03,642 [Thread-1518] INFO  impl.RoleInfo (RoleInfo.java:updateAndGet(143)) - 14c372b8-c6a2-43bc-9321-f88ebc8119bc: start LeaderElection
2019-09-25 07:20:03,660 [14c372b8-c6a2-43bc-9321-f88ebc8119bc@group-A14D2F872939:LeaderElection91] INFO  impl.LeaderElection (LeaderElection.java:askForVotes(182)) - 14c372b8-c6a2-43bc-9321-f88ebc8119bc@group-A14D2F872939:LeaderElection91: begin an election at term 1 for -1: [14c372b8-c6a2-43bc-9321-f88ebc8119bc:192.168.30.10:37420], old=null
2019-09-25 07:20:03,660 [14c372b8-c6a2-43bc-9321-f88ebc8119bc@group-A14D2F872939:LeaderElection91] INFO  impl.RoleInfo (RoleInfo.java:shutdownLeaderElection(134)) - 14c372b8-c6a2-43bc-9321-f88ebc8119bc: shutdown LeaderElection
2019-09-25 07:20:03,660 [14c372b8-c6a2-43bc-9321-f88ebc8119bc@group-A14D2F872939:LeaderElection91] INFO  impl.RaftServerImpl (RaftServerImpl.java:setRole(174)) - 14c372b8-c6a2-43bc-9321-f88ebc8119bc@group-A14D2F872939: changes role from CANDIDATE to LEADER at term 1 for changeToLeader
2019-09-25 07:20:03,661 [14c372b8-c6a2-43bc-9321-f88ebc8119bc@group-A14D2F872939:LeaderElection91] INFO  impl.RaftServerImpl (ServerState.java:setLeader(253)) - 14c372b8-c6a2-43bc-9321-f88ebc8119bc@group-A14D2F872939: change Leader from null to 14c372b8-c6a2-43bc-9321-f88ebc8119bc at term 1 for becomeLeader, leader elected after 5141ms
2019-09-25 07:20:03,661 [14c372b8-c6a2-43bc-9321-f88ebc8119bc@group-A14D2F872939:LeaderElection91] INFO  server.RaftServerConfigKeys (ConfUtils.java:logGet(43)) - raft.server.staging.catchup.gap = 1000 (default)
2019-09-25 07:20:03,661 [14c372b8-c6a2-43bc-9321-f88ebc8119bc@group-A14D2F872939:LeaderElection91] INFO  server.RaftServerConfigKeys (ConfUtils.java:logGet(43)) - raft.server.rpc.sleep.time = 25ms (default)
2019-09-25 07:20:03,661 [14c372b8-c6a2-43bc-9321-f88ebc8119bc@group-A14D2F872939:LeaderElection91] INFO  server.RaftServerConfigKeys (ConfUtils.java:logGet(43)) - raft.server.write.element-limit = 4096 (default)
2019-09-25 07:20:03,661 [14c372b8-c6a2-43bc-9321-f88ebc8119bc@group-A14D2F872939:LeaderElection91] INFO  server.RaftServerConfigKeys (ConfUtils.java:logGet(43)) - raft.server.watch.timeout = 10s (default)
2019-09-25 07:20:03,661 [14c372b8-c6a2-43bc-9321-f88ebc8119bc@group-A14D2F872939:LeaderElection91] INFO  server.RaftServerConfigKeys (ConfUtils.java:logGet(43)) - raft.server.watch.timeout.denomination = 1s (default)
2019-09-25 07:20:03,662 [14c372b8-c6a2-43bc-9321-f88ebc8119bc@group-A14D2F872939:LeaderElection91] INFO  server.RaftServerConfigKeys (ConfUtils.java:logGet(43)) - raft.server.watch.element-limit = 65536 (default)
2019-09-25 07:20:03,664 [14c372b8-c6a2-43bc-9321-f88ebc8119bc@group-A14D2F872939:LeaderElection91] INFO  impl.RoleInfo (RoleInfo.java:updateAndGet(143)) - 14c372b8-c6a2-43bc-9321-f88ebc8119bc: start LeaderState
2019-09-25 07:20:03,664 [14c372b8-c6a2-43bc-9321-f88ebc8119bc@group-A14D2F872939:LeaderElection91] INFO  segmented.SegmentedRaftLogWorker (SegmentedRaftLogWorker.java:startLogSegment(380)) - 14c372b8-c6a2-43bc-9321-f88ebc8119bc@group-A14D2F872939-SegmentedRaftLogWorker: Starting segment from index:0
2019-09-25 07:20:03,665 [14c372b8-c6a2-43bc-9321-f88ebc8119bc@group-A14D2F872939:LeaderElection91] INFO  impl.RaftServerImpl (ServerState.java:setRaftConf(354)) - 14c372b8-c6a2-43bc-9321-f88ebc8119bc@group-A14D2F872939: set configuration 0: [14c372b8-c6a2-43bc-9321-f88ebc8119bc:192.168.30.10:37420], old=null at 0
2019-09-25 07:20:03,706 [Thread-1521] INFO  impl.FollowerState (FollowerState.java:run(106)) - 14c372b8-c6a2-43bc-9321-f88ebc8119bc:group-9C4DD6EB6003 changes to CANDIDATE, lastRpcTime:5127, electionTimeout:5127ms
2019-09-25 07:20:03,706 [Thread-1521] INFO  impl.RoleInfo (RoleInfo.java:shutdownFollowerState(121)) - 14c372b8-c6a2-43bc-9321-f88ebc8119bc: shutdown FollowerState
2019-09-25 07:20:03,706 [Thread-1521] INFO  impl.RaftServerImpl (RaftServerImpl.java:setRole(174)) - 14c372b8-c6a2-43bc-9321-f88ebc8119bc@group-9C4DD6EB6003: changes role from  FOLLOWER to CANDIDATE at term 0 for changeToCandidate
2019-09-25 07:20:03,706 [Thread-1521] INFO  impl.RoleInfo (RoleInfo.java:updateAndGet(143)) - 14c372b8-c6a2-43bc-9321-f88ebc8119bc: start LeaderElection
2019-09-25 07:20:03,710 [14c372b8-c6a2-43bc-9321-f88ebc8119bc@group-A14D2F872939-SegmentedRaftLogWorker] INFO  segmented.SegmentedRaftLogWorker (SegmentedRaftLogWorker.java:execute(569)) - 14c372b8-c6a2-43bc-9321-f88ebc8119bc@group-A14D2F872939-SegmentedRaftLogWorker: created new log segment /workdir/hadoop-ozone/ozonefs/target/test-dir/MiniOzoneClusterImpl-a99f6f92-dd73-499d-99af-4102c4e47462/datanode-0/data/ratis/9e55c881-7e3c-44c5-b8c6-a14d2f872939/current/log_inprogress_0
2019-09-25 07:20:03,723 [14c372b8-c6a2-43bc-9321-f88ebc8119bc@group-9C4DD6EB6003:LeaderElection92] INFO  impl.LeaderElection (LeaderElection.java:askForVotes(182)) - 14c372b8-c6a2-43bc-9321-f88ebc8119bc@group-9C4DD6EB6003:LeaderElection92: begin an election at term 1 for -1: [14c372b8-c6a2-43bc-9321-f88ebc8119bc:192.168.30.10:37420], old=null
2019-09-25 07:20:03,724 [14c372b8-c6a2-43bc-9321-f88ebc8119bc@group-9C4DD6EB6003:LeaderElection92] INFO  impl.RoleInfo (RoleInfo.java:shutdownLeaderElection(134)) - 14c372b8-c6a2-43bc-9321-f88ebc8119bc: shutdown LeaderElection
2019-09-25 07:20:03,724 [14c372b8-c6a2-43bc-9321-f88ebc8119bc@group-9C4DD6EB6003:LeaderElection92] INFO  impl.RaftServerImpl (RaftServerImpl.java:setRole(174)) - 14c372b8-c6a2-43bc-9321-f88ebc8119bc@group-9C4DD6EB6003: changes role from CANDIDATE to LEADER at term 1 for changeToLeader
2019-09-25 07:20:03,724 [14c372b8-c6a2-43bc-9321-f88ebc8119bc@group-9C4DD6EB6003:LeaderElection92] INFO  impl.RaftServerImpl (ServerState.java:setLeader(253)) - 14c372b8-c6a2-43bc-9321-f88ebc8119bc@group-9C4DD6EB6003: change Leader from null to 14c372b8-c6a2-43bc-9321-f88ebc8119bc at term 1 for becomeLeader, leader elected after 5152ms
2019-09-25 07:20:03,724 [14c372b8-c6a2-43bc-9321-f88ebc8119bc@group-9C4DD6EB6003:LeaderElection92] INFO  server.RaftServerConfigKeys (ConfUtils.java:logGet(43)) - raft.server.staging.catchup.gap = 1000 (default)
2019-09-25 07:20:03,724 [14c372b8-c6a2-43bc-9321-f88ebc8119bc@group-9C4DD6EB6003:LeaderElection92] INFO  server.RaftServerConfigKeys (ConfUtils.java:logGet(43)) - raft.server.rpc.sleep.time = 25ms (default)
2019-09-25 07:20:03,724 [14c372b8-c6a2-43bc-9321-f88ebc8119bc@group-9C4DD6EB6003:LeaderElection92] INFO  server.RaftServerConfigKeys (ConfUtils.java:logGet(43)) - raft.server.write.element-limit = 4096 (default)
2019-09-25 07:20:03,724 [14c372b8-c6a2-43bc-9321-f88ebc8119bc@group-9C4DD6EB6003:LeaderElection92] INFO  server.RaftServerConfigKeys (ConfUtils.java:logGet(43)) - raft.server.watch.timeout = 10s (default)
2019-09-25 07:20:03,725 [14c372b8-c6a2-43bc-9321-f88ebc8119bc@group-9C4DD6EB6003:LeaderElection92] INFO  server.RaftServerConfigKeys (ConfUtils.java:logGet(43)) - raft.server.watch.timeout.denomination = 1s (default)
2019-09-25 07:20:03,725 [14c372b8-c6a2-43bc-9321-f88ebc8119bc@group-9C4DD6EB6003:LeaderElection92] INFO  server.RaftServerConfigKeys (ConfUtils.java:logGet(43)) - raft.server.watch.element-limit = 65536 (default)
2019-09-25 07:20:03,727 [14c372b8-c6a2-43bc-9321-f88ebc8119bc@group-9C4DD6EB6003:LeaderElection92] INFO  impl.RoleInfo (RoleInfo.java:updateAndGet(143)) - 14c372b8-c6a2-43bc-9321-f88ebc8119bc: start LeaderState
2019-09-25 07:20:03,727 [14c372b8-c6a2-43bc-9321-f88ebc8119bc@group-9C4DD6EB6003:LeaderElection92] INFO  segmented.SegmentedRaftLogWorker (SegmentedRaftLogWorker.java:startLogSegment(380)) - 14c372b8-c6a2-43bc-9321-f88ebc8119bc@group-9C4DD6EB6003-SegmentedRaftLogWorker: Starting segment from index:0
2019-09-25 07:20:03,727 [14c372b8-c6a2-43bc-9321-f88ebc8119bc@group-9C4DD6EB6003:LeaderElection92] INFO  impl.RaftServerImpl (ServerState.java:setRaftConf(354)) - 14c372b8-c6a2-43bc-9321-f88ebc8119bc@group-9C4DD6EB6003: set configuration 0: [14c372b8-c6a2-43bc-9321-f88ebc8119bc:192.168.30.10:37420], old=null at 0
2019-09-25 07:20:03,770 [14c372b8-c6a2-43bc-9321-f88ebc8119bc@group-9C4DD6EB6003-SegmentedRaftLogWorker] INFO  segmented.SegmentedRaftLogWorker (SegmentedRaftLogWorker.java:execute(569)) - 14c372b8-c6a2-43bc-9321-f88ebc8119bc@group-9C4DD6EB6003-SegmentedRaftLogWorker: created new log segment /workdir/hadoop-ozone/ozonefs/target/test-dir/MiniOzoneClusterImpl-a99f6f92-dd73-499d-99af-4102c4e47462/datanode-0/data/ratis/ad0b7a2f-513d-418c-ad5c-9c4dd6eb6003/current/log_inprogress_0
2019-09-25 07:20:03,774 [Thread-1524] INFO  impl.FollowerState (FollowerState.java:run(106)) - 14c372b8-c6a2-43bc-9321-f88ebc8119bc:group-680818F8AF82 changes to CANDIDATE, lastRpcTime:5153, electionTimeout:5153ms
2019-09-25 07:20:03,775 [Thread-1524] INFO  impl.RoleInfo (RoleInfo.java:shutdownFollowerState(121)) - 14c372b8-c6a2-43bc-9321-f88ebc8119bc: shutdown FollowerState
2019-09-25 07:20:03,775 [Thread-1524] INFO  impl.RaftServerImpl (RaftServerImpl.java:setRole(174)) - 14c372b8-c6a2-43bc-9321-f88ebc8119bc@group-680818F8AF82: changes role from  FOLLOWER to CANDIDATE at term 0 for changeToCandidate
2019-09-25 07:20:03,775 [Thread-1524] INFO  impl.RoleInfo (RoleInfo.java:updateAndGet(143)) - 14c372b8-c6a2-43bc-9321-f88ebc8119bc: start LeaderElection
2019-09-25 07:20:03,784 [14c372b8-c6a2-43bc-9321-f88ebc8119bc@group-680818F8AF82:LeaderElection93] INFO  impl.LeaderElection (LeaderElection.java:askForVotes(182)) - 14c372b8-c6a2-43bc-9321-f88ebc8119bc@group-680818F8AF82:LeaderElection93: begin an election at term 1 for -1: [14c372b8-c6a2-43bc-9321-f88ebc8119bc:192.168.30.10:37420], old=null
2019-09-25 07:20:03,784 [14c372b8-c6a2-43bc-9321-f88ebc8119bc@group-680818F8AF82:LeaderElection93] INFO  impl.RoleInfo (RoleInfo.java:shutdownLeaderElection(134)) - 14c372b8-c6a2-43bc-9321-f88ebc8119bc: shutdown LeaderElection
2019-09-25 07:20:03,784 [14c372b8-c6a2-43bc-9321-f88ebc8119bc@group-680818F8AF82:LeaderElection93] INFO  impl.RaftServerImpl (RaftServerImpl.java:setRole(174)) - 14c372b8-c6a2-43bc-9321-f88ebc8119bc@group-680818F8AF82: changes role from CANDIDATE to LEADER at term 1 for changeToLeader
2019-09-25 07:20:03,784 [14c372b8-c6a2-43bc-9321-f88ebc8119bc@group-680818F8AF82:LeaderElection93] INFO  impl.RaftServerImpl (ServerState.java:setLeader(253)) - 14c372b8-c6a2-43bc-9321-f88ebc8119bc@group-680818F8AF82: change Leader from null to 14c372b8-c6a2-43bc-9321-f88ebc8119bc at term 1 for becomeLeader, leader elected after 5168ms
2019-09-25 07:20:03,784 [14c372b8-c6a2-43bc-9321-f88ebc8119bc@group-680818F8AF82:LeaderElection93] INFO  server.RaftServerConfigKeys (ConfUtils.java:logGet(43)) - raft.server.staging.catchup.gap = 1000 (default)
2019-09-25 07:20:03,784 [14c372b8-c6a2-43bc-9321-f88ebc8119bc@group-680818F8AF82:LeaderElection93] INFO  server.RaftServerConfigKeys (ConfUtils.java:logGet(43)) - raft.server.rpc.sleep.time = 25ms (default)
2019-09-25 07:20:03,784 [14c372b8-c6a2-43bc-9321-f88ebc8119bc@group-680818F8AF82:LeaderElection93] INFO  server.RaftServerConfigKeys (ConfUtils.java:logGet(43)) - raft.server.write.element-limit = 4096 (default)
2019-09-25 07:20:03,784 [14c372b8-c6a2-43bc-9321-f88ebc8119bc@group-680818F8AF82:LeaderElection93] INFO  server.RaftServerConfigKeys (ConfUtils.java:logGet(43)) - raft.server.watch.timeout = 10s (default)
2019-09-25 07:20:03,785 [14c372b8-c6a2-43bc-9321-f88ebc8119bc@group-680818F8AF82:LeaderElection93] INFO  server.RaftServerConfigKeys (ConfUtils.java:logGet(43)) - raft.server.watch.timeout.denomination = 1s (default)
2019-09-25 07:20:03,785 [14c372b8-c6a2-43bc-9321-f88ebc8119bc@group-680818F8AF82:LeaderElection93] INFO  server.RaftServerConfigKeys (ConfUtils.java:logGet(43)) - raft.server.watch.element-limit = 65536 (default)
2019-09-25 07:20:03,786 [14c372b8-c6a2-43bc-9321-f88ebc8119bc@group-680818F8AF82:LeaderElection93] INFO  impl.RoleInfo (RoleInfo.java:updateAndGet(143)) - 14c372b8-c6a2-43bc-9321-f88ebc8119bc: start LeaderState
2019-09-25 07:20:03,786 [14c372b8-c6a2-43bc-9321-f88ebc8119bc@group-680818F8AF82:LeaderElection93] INFO  segmented.SegmentedRaftLogWorker (SegmentedRaftLogWorker.java:startLogSegment(380)) - 14c372b8-c6a2-43bc-9321-f88ebc8119bc@group-680818F8AF82-SegmentedRaftLogWorker: Starting segment from index:0
2019-09-25 07:20:03,787 [14c372b8-c6a2-43bc-9321-f88ebc8119bc@group-680818F8AF82:LeaderElection93] INFO  impl.RaftServerImpl (ServerState.java:setRaftConf(354)) - 14c372b8-c6a2-43bc-9321-f88ebc8119bc@group-680818F8AF82: set configuration 0: [14c372b8-c6a2-43bc-9321-f88ebc8119bc:192.168.30.10:37420], old=null at 0
2019-09-25 07:20:03,789 [Thread-1527] INFO  impl.FollowerState (FollowerState.java:run(106)) - 14c372b8-c6a2-43bc-9321-f88ebc8119bc:group-F148D99597FC changes to CANDIDATE, lastRpcTime:5129, electionTimeout:5129ms
2019-09-25 07:20:03,789 [Thread-1527] INFO  impl.RoleInfo (RoleInfo.java:shutdownFollowerState(121)) - 14c372b8-c6a2-43bc-9321-f88ebc8119bc: shutdown FollowerState
2019-09-25 07:20:03,789 [Thread-1527] INFO  impl.RaftServerImpl (RaftServerImpl.java:setRole(174)) - 14c372b8-c6a2-43bc-9321-f88ebc8119bc@group-F148D99597FC: changes role from  FOLLOWER to CANDIDATE at term 0 for changeToCandidate
2019-09-25 07:20:03,789 [Thread-1527] INFO  impl.RoleInfo (RoleInfo.java:updateAndGet(143)) - 14c372b8-c6a2-43bc-9321-f88ebc8119bc: start LeaderElection
2019-09-25 07:20:03,823 [Thread-1530] INFO  impl.FollowerState (FollowerState.java:run(106)) - 1f2e38a2-0128-463d-8529-15ece9a8cfb5:group-58CC91D6735B changes to CANDIDATE, lastRpcTime:5119, electionTimeout:5090ms
2019-09-25 07:20:03,824 [Thread-1530] INFO  impl.RoleInfo (RoleInfo.java:shutdownFollowerState(121)) - 1f2e38a2-0128-463d-8529-15ece9a8cfb5: shutdown FollowerState
2019-09-25 07:20:03,824 [Thread-1530] INFO  impl.RaftServerImpl (RaftServerImpl.java:setRole(174)) - 1f2e38a2-0128-463d-8529-15ece9a8cfb5@group-58CC91D6735B: changes role from  FOLLOWER to CANDIDATE at term 0 for changeToCandidate
2019-09-25 07:20:03,824 [Thread-1530] INFO  impl.RoleInfo (RoleInfo.java:updateAndGet(143)) - 1f2e38a2-0128-463d-8529-15ece9a8cfb5: start LeaderElection
2019-09-25 07:20:03,836 [14c372b8-c6a2-43bc-9321-f88ebc8119bc@group-680818F8AF82-SegmentedRaftLogWorker] INFO  segmented.SegmentedRaftLogWorker (SegmentedRaftLogWorker.java:execute(569)) - 14c372b8-c6a2-43bc-9321-f88ebc8119bc@group-680818F8AF82-SegmentedRaftLogWorker: created new log segment /workdir/hadoop-ozone/ozonefs/target/test-dir/MiniOzoneClusterImpl-a99f6f92-dd73-499d-99af-4102c4e47462/datanode-0/data/ratis/93e36adc-0bed-4001-be21-680818f8af82/current/log_inprogress_0
2019-09-25 07:20:03,836 [14c372b8-c6a2-43bc-9321-f88ebc8119bc@group-F148D99597FC:LeaderElection94] INFO  impl.LeaderElection (LeaderElection.java:askForVotes(182)) - 14c372b8-c6a2-43bc-9321-f88ebc8119bc@group-F148D99597FC:LeaderElection94: begin an election at term 1 for -1: [14c372b8-c6a2-43bc-9321-f88ebc8119bc:192.168.30.10:37420], old=null
2019-09-25 07:20:03,836 [1f2e38a2-0128-463d-8529-15ece9a8cfb5@group-58CC91D6735B:LeaderElection95] INFO  impl.LeaderElection (LeaderElection.java:askForVotes(182)) - 1f2e38a2-0128-463d-8529-15ece9a8cfb5@group-58CC91D6735B:LeaderElection95: begin an election at term 1 for -1: [1f2e38a2-0128-463d-8529-15ece9a8cfb5:192.168.30.10:33713], old=null
2019-09-25 07:20:03,836 [14c372b8-c6a2-43bc-9321-f88ebc8119bc@group-F148D99597FC:LeaderElection94] INFO  impl.RoleInfo (RoleInfo.java:shutdownLeaderElection(134)) - 14c372b8-c6a2-43bc-9321-f88ebc8119bc: shutdown LeaderElection
2019-09-25 07:20:03,836 [1f2e38a2-0128-463d-8529-15ece9a8cfb5@group-58CC91D6735B:LeaderElection95] INFO  impl.RoleInfo (RoleInfo.java:shutdownLeaderElection(134)) - 1f2e38a2-0128-463d-8529-15ece9a8cfb5: shutdown LeaderElection
2019-09-25 07:20:03,836 [14c372b8-c6a2-43bc-9321-f88ebc8119bc@group-F148D99597FC:LeaderElection94] INFO  impl.RaftServerImpl (RaftServerImpl.java:setRole(174)) - 14c372b8-c6a2-43bc-9321-f88ebc8119bc@group-F148D99597FC: changes role from CANDIDATE to LEADER at term 1 for changeToLeader
2019-09-25 07:20:03,836 [1f2e38a2-0128-463d-8529-15ece9a8cfb5@group-58CC91D6735B:LeaderElection95] INFO  impl.RaftServerImpl (RaftServerImpl.java:setRole(174)) - 1f2e38a2-0128-463d-8529-15ece9a8cfb5@group-58CC91D6735B: changes role from CANDIDATE to LEADER at term 1 for changeToLeader
2019-09-25 07:20:03,837 [14c372b8-c6a2-43bc-9321-f88ebc8119bc@group-F148D99597FC:LeaderElection94] INFO  impl.RaftServerImpl (ServerState.java:setLeader(253)) - 14c372b8-c6a2-43bc-9321-f88ebc8119bc@group-F148D99597FC: change Leader from null to 14c372b8-c6a2-43bc-9321-f88ebc8119bc at term 1 for becomeLeader, leader elected after 5182ms
2019-09-25 07:20:03,837 [1f2e38a2-0128-463d-8529-15ece9a8cfb5@group-58CC91D6735B:LeaderElection95] INFO  impl.RaftServerImpl (ServerState.java:setLeader(253)) - 1f2e38a2-0128-463d-8529-15ece9a8cfb5@group-58CC91D6735B: change Leader from null to 1f2e38a2-0128-463d-8529-15ece9a8cfb5 at term 1 for becomeLeader, leader elected after 5139ms
2019-09-25 07:20:03,837 [14c372b8-c6a2-43bc-9321-f88ebc8119bc@group-F148D99597FC:LeaderElection94] INFO  server.RaftServerConfigKeys (ConfUtils.java:logGet(43)) - raft.server.staging.catchup.gap = 1000 (default)
2019-09-25 07:20:03,837 [1f2e38a2-0128-463d-8529-15ece9a8cfb5@group-58CC91D6735B:LeaderElection95] INFO  server.RaftServerConfigKeys (ConfUtils.java:logGet(43)) - raft.server.staging.catchup.gap = 1000 (default)
2019-09-25 07:20:03,837 [14c372b8-c6a2-43bc-9321-f88ebc8119bc@group-F148D99597FC:LeaderElection94] INFO  server.RaftServerConfigKeys (ConfUtils.java:logGet(43)) - raft.server.rpc.sleep.time = 25ms (default)
2019-09-25 07:20:03,837 [1f2e38a2-0128-463d-8529-15ece9a8cfb5@group-58CC91D6735B:LeaderElection95] INFO  server.RaftServerConfigKeys (ConfUtils.java:logGet(43)) - raft.server.rpc.sleep.time = 25ms (default)
2019-09-25 07:20:03,837 [14c372b8-c6a2-43bc-9321-f88ebc8119bc@group-F148D99597FC:LeaderElection94] INFO  server.RaftServerConfigKeys (ConfUtils.java:logGet(43)) - raft.server.write.element-limit = 4096 (default)
2019-09-25 07:20:03,837 [1f2e38a2-0128-463d-8529-15ece9a8cfb5@group-58CC91D6735B:LeaderElection95] INFO  server.RaftServerConfigKeys (ConfUtils.java:logGet(43)) - raft.server.write.element-limit = 4096 (default)
2019-09-25 07:20:03,837 [14c372b8-c6a2-43bc-9321-f88ebc8119bc@group-F148D99597FC:LeaderElection94] INFO  server.RaftServerConfigKeys (ConfUtils.java:logGet(43)) - raft.server.watch.timeout = 10s (default)
2019-09-25 07:20:03,837 [1f2e38a2-0128-463d-8529-15ece9a8cfb5@group-58CC91D6735B:LeaderElection95] INFO  server.RaftServerConfigKeys (ConfUtils.java:logGet(43)) - raft.server.watch.timeout = 10s (default)
2019-09-25 07:20:03,838 [14c372b8-c6a2-43bc-9321-f88ebc8119bc@group-F148D99597FC:LeaderElection94] INFO  server.RaftServerConfigKeys (ConfUtils.java:logGet(43)) - raft.server.watch.timeout.denomination = 1s (default)
2019-09-25 07:20:03,838 [1f2e38a2-0128-463d-8529-15ece9a8cfb5@group-58CC91D6735B:LeaderElection95] INFO  server.RaftServerConfigKeys (ConfUtils.java:logGet(43)) - raft.server.watch.timeout.denomination = 1s (default)
2019-09-25 07:20:03,838 [14c372b8-c6a2-43bc-9321-f88ebc8119bc@group-F148D99597FC:LeaderElection94] INFO  server.RaftServerConfigKeys (ConfUtils.java:logGet(43)) - raft.server.watch.element-limit = 65536 (default)
2019-09-25 07:20:03,838 [1f2e38a2-0128-463d-8529-15ece9a8cfb5@group-58CC91D6735B:LeaderElection95] INFO  server.RaftServerConfigKeys (ConfUtils.java:logGet(43)) - raft.server.watch.element-limit = 65536 (default)
2019-09-25 07:20:03,840 [1f2e38a2-0128-463d-8529-15ece9a8cfb5@group-58CC91D6735B:LeaderElection95] INFO  impl.RoleInfo (RoleInfo.java:updateAndGet(143)) - 1f2e38a2-0128-463d-8529-15ece9a8cfb5: start LeaderState
2019-09-25 07:20:03,840 [1f2e38a2-0128-463d-8529-15ece9a8cfb5@group-58CC91D6735B:LeaderElection95] INFO  segmented.SegmentedRaftLogWorker (SegmentedRaftLogWorker.java:startLogSegment(380)) - 1f2e38a2-0128-463d-8529-15ece9a8cfb5@group-58CC91D6735B-SegmentedRaftLogWorker: Starting segment from index:0
2019-09-25 07:20:03,840 [14c372b8-c6a2-43bc-9321-f88ebc8119bc@group-F148D99597FC:LeaderElection94] INFO  impl.RoleInfo (RoleInfo.java:updateAndGet(143)) - 14c372b8-c6a2-43bc-9321-f88ebc8119bc: start LeaderState
2019-09-25 07:20:03,841 [14c372b8-c6a2-43bc-9321-f88ebc8119bc@group-F148D99597FC:LeaderElection94] INFO  segmented.SegmentedRaftLogWorker (SegmentedRaftLogWorker.java:startLogSegment(380)) - 14c372b8-c6a2-43bc-9321-f88ebc8119bc@group-F148D99597FC-SegmentedRaftLogWorker: Starting segment from index:0
2019-09-25 07:20:03,841 [1f2e38a2-0128-463d-8529-15ece9a8cfb5@group-58CC91D6735B:LeaderElection95] INFO  impl.RaftServerImpl (ServerState.java:setRaftConf(354)) - 1f2e38a2-0128-463d-8529-15ece9a8cfb5@group-58CC91D6735B: set configuration 0: [1f2e38a2-0128-463d-8529-15ece9a8cfb5:192.168.30.10:33713], old=null at 0
2019-09-25 07:20:03,841 [14c372b8-c6a2-43bc-9321-f88ebc8119bc@group-F148D99597FC:LeaderElection94] INFO  impl.RaftServerImpl (ServerState.java:setRaftConf(354)) - 14c372b8-c6a2-43bc-9321-f88ebc8119bc@group-F148D99597FC: set configuration 0: [14c372b8-c6a2-43bc-9321-f88ebc8119bc:192.168.30.10:37420], old=null at 0
2019-09-25 07:20:03,863 [Thread-1533] INFO  impl.FollowerState (FollowerState.java:run(106)) - 1f2e38a2-0128-463d-8529-15ece9a8cfb5:group-E3528613A748 changes to CANDIDATE, lastRpcTime:5114, electionTimeout:5114ms
2019-09-25 07:20:03,863 [Thread-1533] INFO  impl.RoleInfo (RoleInfo.java:shutdownFollowerState(121)) - 1f2e38a2-0128-463d-8529-15ece9a8cfb5: shutdown FollowerState
2019-09-25 07:20:03,863 [Thread-1533] INFO  impl.RaftServerImpl (RaftServerImpl.java:setRole(174)) - 1f2e38a2-0128-463d-8529-15ece9a8cfb5@group-E3528613A748: changes role from  FOLLOWER to CANDIDATE at term 0 for changeToCandidate
2019-09-25 07:20:03,863 [Thread-1533] INFO  impl.RoleInfo (RoleInfo.java:updateAndGet(143)) - 1f2e38a2-0128-463d-8529-15ece9a8cfb5: start LeaderElection
2019-09-25 07:20:03,898 [1f2e38a2-0128-463d-8529-15ece9a8cfb5@group-58CC91D6735B-SegmentedRaftLogWorker] INFO  segmented.SegmentedRaftLogWorker (SegmentedRaftLogWorker.java:execute(569)) - 1f2e38a2-0128-463d-8529-15ece9a8cfb5@group-58CC91D6735B-SegmentedRaftLogWorker: created new log segment /workdir/hadoop-ozone/ozonefs/target/test-dir/MiniOzoneClusterImpl-a99f6f92-dd73-499d-99af-4102c4e47462/datanode-1/data/ratis/75d129c1-2755-4eca-88ec-58cc91d6735b/current/log_inprogress_0
2019-09-25 07:20:03,898 [1f2e38a2-0128-463d-8529-15ece9a8cfb5@group-E3528613A748:LeaderElection96] INFO  impl.LeaderElection (LeaderElection.java:askForVotes(182)) - 1f2e38a2-0128-463d-8529-15ece9a8cfb5@group-E3528613A748:LeaderElection96: begin an election at term 1 for -1: [1f2e38a2-0128-463d-8529-15ece9a8cfb5:192.168.30.10:33713], old=null
2019-09-25 07:20:03,898 [14c372b8-c6a2-43bc-9321-f88ebc8119bc@group-F148D99597FC-SegmentedRaftLogWorker] INFO  segmented.SegmentedRaftLogWorker (SegmentedRaftLogWorker.java:execute(569)) - 14c372b8-c6a2-43bc-9321-f88ebc8119bc@group-F148D99597FC-SegmentedRaftLogWorker: created new log segment /workdir/hadoop-ozone/ozonefs/target/test-dir/MiniOzoneClusterImpl-a99f6f92-dd73-499d-99af-4102c4e47462/datanode-0/data/ratis/4ce43444-b9c1-4190-b42b-f148d99597fc/current/log_inprogress_0
2019-09-25 07:20:03,898 [1f2e38a2-0128-463d-8529-15ece9a8cfb5@group-E3528613A748:LeaderElection96] INFO  impl.RoleInfo (RoleInfo.java:shutdownLeaderElection(134)) - 1f2e38a2-0128-463d-8529-15ece9a8cfb5: shutdown LeaderElection
2019-09-25 07:20:03,899 [1f2e38a2-0128-463d-8529-15ece9a8cfb5@group-E3528613A748:LeaderElection96] INFO  impl.RaftServerImpl (RaftServerImpl.java:setRole(174)) - 1f2e38a2-0128-463d-8529-15ece9a8cfb5@group-E3528613A748: changes role from CANDIDATE to LEADER at term 1 for changeToLeader
2019-09-25 07:20:03,899 [1f2e38a2-0128-463d-8529-15ece9a8cfb5@group-E3528613A748:LeaderElection96] INFO  impl.RaftServerImpl (ServerState.java:setLeader(253)) - 1f2e38a2-0128-463d-8529-15ece9a8cfb5@group-E3528613A748: change Leader from null to 1f2e38a2-0128-463d-8529-15ece9a8cfb5 at term 1 for becomeLeader, leader elected after 5156ms
2019-09-25 07:20:03,899 [1f2e38a2-0128-463d-8529-15ece9a8cfb5@group-E3528613A748:LeaderElection96] INFO  server.RaftServerConfigKeys (ConfUtils.java:logGet(43)) - raft.server.staging.catchup.gap = 1000 (default)
2019-09-25 07:20:03,899 [1f2e38a2-0128-463d-8529-15ece9a8cfb5@group-E3528613A748:LeaderElection96] INFO  server.RaftServerConfigKeys (ConfUtils.java:logGet(43)) - raft.server.rpc.sleep.time = 25ms (default)
2019-09-25 07:20:03,899 [Thread-1539] INFO  impl.FollowerState (FollowerState.java:run(106)) - 1f2e38a2-0128-463d-8529-15ece9a8cfb5:group-BD56700E93EA changes to CANDIDATE, lastRpcTime:5056, electionTimeout:5056ms
2019-09-25 07:20:03,899 [1f2e38a2-0128-463d-8529-15ece9a8cfb5@group-E3528613A748:LeaderElection96] INFO  server.RaftServerConfigKeys (ConfUtils.java:logGet(43)) - raft.server.write.element-limit = 4096 (default)
2019-09-25 07:20:03,899 [Thread-1539] INFO  impl.RoleInfo (RoleInfo.java:shutdownFollowerState(121)) - 1f2e38a2-0128-463d-8529-15ece9a8cfb5: shutdown FollowerState
2019-09-25 07:20:03,899 [1f2e38a2-0128-463d-8529-15ece9a8cfb5@group-E3528613A748:LeaderElection96] INFO  server.RaftServerConfigKeys (ConfUtils.java:logGet(43)) - raft.server.watch.timeout = 10s (default)
2019-09-25 07:20:03,899 [Thread-1539] INFO  impl.RaftServerImpl (RaftServerImpl.java:setRole(174)) - 1f2e38a2-0128-463d-8529-15ece9a8cfb5@group-BD56700E93EA: changes role from  FOLLOWER to CANDIDATE at term 0 for changeToCandidate
2019-09-25 07:20:03,900 [1f2e38a2-0128-463d-8529-15ece9a8cfb5@group-E3528613A748:LeaderElection96] INFO  server.RaftServerConfigKeys (ConfUtils.java:logGet(43)) - raft.server.watch.timeout.denomination = 1s (default)
2019-09-25 07:20:03,900 [Thread-1539] INFO  impl.RoleInfo (RoleInfo.java:updateAndGet(143)) - 1f2e38a2-0128-463d-8529-15ece9a8cfb5: start LeaderElection
2019-09-25 07:20:03,900 [1f2e38a2-0128-463d-8529-15ece9a8cfb5@group-E3528613A748:LeaderElection96] INFO  server.RaftServerConfigKeys (ConfUtils.java:logGet(43)) - raft.server.watch.element-limit = 65536 (default)
2019-09-25 07:20:03,904 [1f2e38a2-0128-463d-8529-15ece9a8cfb5@group-E3528613A748:LeaderElection96] INFO  impl.RoleInfo (RoleInfo.java:updateAndGet(143)) - 1f2e38a2-0128-463d-8529-15ece9a8cfb5: start LeaderState
2019-09-25 07:20:03,904 [1f2e38a2-0128-463d-8529-15ece9a8cfb5@group-E3528613A748:LeaderElection96] INFO  segmented.SegmentedRaftLogWorker (SegmentedRaftLogWorker.java:startLogSegment(380)) - 1f2e38a2-0128-463d-8529-15ece9a8cfb5@group-E3528613A748-SegmentedRaftLogWorker: Starting segment from index:0
2019-09-25 07:20:03,905 [1f2e38a2-0128-463d-8529-15ece9a8cfb5@group-E3528613A748:LeaderElection96] INFO  impl.RaftServerImpl (ServerState.java:setRaftConf(354)) - 1f2e38a2-0128-463d-8529-15ece9a8cfb5@group-E3528613A748: set configuration 0: [1f2e38a2-0128-463d-8529-15ece9a8cfb5:192.168.30.10:33713], old=null at 0
2019-09-25 07:20:03,907 [1f2e38a2-0128-463d-8529-15ece9a8cfb5@group-BD56700E93EA:LeaderElection97] INFO  impl.LeaderElection (LeaderElection.java:askForVotes(182)) - 1f2e38a2-0128-463d-8529-15ece9a8cfb5@group-BD56700E93EA:LeaderElection97: begin an election at term 1 for -1: [1f2e38a2-0128-463d-8529-15ece9a8cfb5:192.168.30.10:33713], old=null
2019-09-25 07:20:03,907 [1f2e38a2-0128-463d-8529-15ece9a8cfb5@group-BD56700E93EA:LeaderElection97] INFO  impl.RoleInfo (RoleInfo.java:shutdownLeaderElection(134)) - 1f2e38a2-0128-463d-8529-15ece9a8cfb5: shutdown LeaderElection
2019-09-25 07:20:03,907 [1f2e38a2-0128-463d-8529-15ece9a8cfb5@group-BD56700E93EA:LeaderElection97] INFO  impl.RaftServerImpl (RaftServerImpl.java:setRole(174)) - 1f2e38a2-0128-463d-8529-15ece9a8cfb5@group-BD56700E93EA: changes role from CANDIDATE to LEADER at term 1 for changeToLeader
2019-09-25 07:20:03,907 [1f2e38a2-0128-463d-8529-15ece9a8cfb5@group-BD56700E93EA:LeaderElection97] INFO  impl.RaftServerImpl (ServerState.java:setLeader(253)) - 1f2e38a2-0128-463d-8529-15ece9a8cfb5@group-BD56700E93EA: change Leader from null to 1f2e38a2-0128-463d-8529-15ece9a8cfb5 at term 1 for becomeLeader, leader elected after 5068ms
2019-09-25 07:20:03,907 [1f2e38a2-0128-463d-8529-15ece9a8cfb5@group-BD56700E93EA:LeaderElection97] INFO  server.RaftServerConfigKeys (ConfUtils.java:logGet(43)) - raft.server.staging.catchup.gap = 1000 (default)
2019-09-25 07:20:03,907 [1f2e38a2-0128-463d-8529-15ece9a8cfb5@group-BD56700E93EA:LeaderElection97] INFO  server.RaftServerConfigKeys (ConfUtils.java:logGet(43)) - raft.server.rpc.sleep.time = 25ms (default)
2019-09-25 07:20:03,908 [1f2e38a2-0128-463d-8529-15ece9a8cfb5@group-BD56700E93EA:LeaderElection97] INFO  server.RaftServerConfigKeys (ConfUtils.java:logGet(43)) - raft.server.write.element-limit = 4096 (default)
2019-09-25 07:20:03,908 [1f2e38a2-0128-463d-8529-15ece9a8cfb5@group-BD56700E93EA:LeaderElection97] INFO  server.RaftServerConfigKeys (ConfUtils.java:logGet(43)) - raft.server.watch.timeout = 10s (default)
2019-09-25 07:20:03,908 [1f2e38a2-0128-463d-8529-15ece9a8cfb5@group-BD56700E93EA:LeaderElection97] INFO  server.RaftServerConfigKeys (ConfUtils.java:logGet(43)) - raft.server.watch.timeout.denomination = 1s (default)
2019-09-25 07:20:03,908 [1f2e38a2-0128-463d-8529-15ece9a8cfb5@group-BD56700E93EA:LeaderElection97] INFO  server.RaftServerConfigKeys (ConfUtils.java:logGet(43)) - raft.server.watch.element-limit = 65536 (default)
2019-09-25 07:20:03,910 [1f2e38a2-0128-463d-8529-15ece9a8cfb5@group-BD56700E93EA:LeaderElection97] INFO  impl.RoleInfo (RoleInfo.java:updateAndGet(143)) - 1f2e38a2-0128-463d-8529-15ece9a8cfb5: start LeaderState
2019-09-25 07:20:03,910 [1f2e38a2-0128-463d-8529-15ece9a8cfb5@group-BD56700E93EA:LeaderElection97] INFO  segmented.SegmentedRaftLogWorker (SegmentedRaftLogWorker.java:startLogSegment(380)) - 1f2e38a2-0128-463d-8529-15ece9a8cfb5@group-BD56700E93EA-SegmentedRaftLogWorker: Starting segment from index:0
2019-09-25 07:20:03,911 [1f2e38a2-0128-463d-8529-15ece9a8cfb5@group-BD56700E93EA:LeaderElection97] INFO  impl.RaftServerImpl (ServerState.java:setRaftConf(354)) - 1f2e38a2-0128-463d-8529-15ece9a8cfb5@group-BD56700E93EA: set configuration 0: [1f2e38a2-0128-463d-8529-15ece9a8cfb5:192.168.30.10:33713], old=null at 0
2019-09-25 07:20:03,963 [1f2e38a2-0128-463d-8529-15ece9a8cfb5@group-BD56700E93EA-SegmentedRaftLogWorker] INFO  segmented.SegmentedRaftLogWorker (SegmentedRaftLogWorker.java:execute(569)) - 1f2e38a2-0128-463d-8529-15ece9a8cfb5@group-BD56700E93EA-SegmentedRaftLogWorker: created new log segment /workdir/hadoop-ozone/ozonefs/target/test-dir/MiniOzoneClusterImpl-a99f6f92-dd73-499d-99af-4102c4e47462/datanode-1/data/ratis/de475396-31fb-4c33-a772-bd56700e93ea/current/log_inprogress_0
2019-09-25 07:20:03,963 [1f2e38a2-0128-463d-8529-15ece9a8cfb5@group-E3528613A748-SegmentedRaftLogWorker] INFO  segmented.SegmentedRaftLogWorker (SegmentedRaftLogWorker.java:execute(569)) - 1f2e38a2-0128-463d-8529-15ece9a8cfb5@group-E3528613A748-SegmentedRaftLogWorker: created new log segment /workdir/hadoop-ozone/ozonefs/target/test-dir/MiniOzoneClusterImpl-a99f6f92-dd73-499d-99af-4102c4e47462/datanode-1/data/ratis/b7766117-0c84-44fa-a8e9-e3528613a748/current/log_inprogress_0
2019-09-25 07:20:03,984 [Thread-1536] INFO  impl.FollowerState (FollowerState.java:run(106)) - 1f2e38a2-0128-463d-8529-15ece9a8cfb5:group-AF0545EE165C changes to CANDIDATE, lastRpcTime:5184, electionTimeout:5184ms
2019-09-25 07:20:03,984 [Thread-1536] INFO  impl.RoleInfo (RoleInfo.java:shutdownFollowerState(121)) - 1f2e38a2-0128-463d-8529-15ece9a8cfb5: shutdown FollowerState
2019-09-25 07:20:03,984 [Thread-1536] INFO  impl.RaftServerImpl (RaftServerImpl.java:setRole(174)) - 1f2e38a2-0128-463d-8529-15ece9a8cfb5@group-AF0545EE165C: changes role from  FOLLOWER to CANDIDATE at term 0 for changeToCandidate
2019-09-25 07:20:03,984 [Thread-1536] INFO  impl.RoleInfo (RoleInfo.java:updateAndGet(143)) - 1f2e38a2-0128-463d-8529-15ece9a8cfb5: start LeaderElection
2019-09-25 07:20:04,000 [1f2e38a2-0128-463d-8529-15ece9a8cfb5@group-AF0545EE165C:LeaderElection98] INFO  impl.LeaderElection (LeaderElection.java:askForVotes(182)) - 1f2e38a2-0128-463d-8529-15ece9a8cfb5@group-AF0545EE165C:LeaderElection98: begin an election at term 1 for -1: [1f2e38a2-0128-463d-8529-15ece9a8cfb5:192.168.30.10:33713], old=null
2019-09-25 07:20:04,000 [1f2e38a2-0128-463d-8529-15ece9a8cfb5@group-AF0545EE165C:LeaderElection98] INFO  impl.RoleInfo (RoleInfo.java:shutdownLeaderElection(134)) - 1f2e38a2-0128-463d-8529-15ece9a8cfb5: shutdown LeaderElection
2019-09-25 07:20:04,000 [1f2e38a2-0128-463d-8529-15ece9a8cfb5@group-AF0545EE165C:LeaderElection98] INFO  impl.RaftServerImpl (RaftServerImpl.java:setRole(174)) - 1f2e38a2-0128-463d-8529-15ece9a8cfb5@group-AF0545EE165C: changes role from CANDIDATE to LEADER at term 1 for changeToLeader
2019-09-25 07:20:04,000 [1f2e38a2-0128-463d-8529-15ece9a8cfb5@group-AF0545EE165C:LeaderElection98] INFO  impl.RaftServerImpl (ServerState.java:setLeader(253)) - 1f2e38a2-0128-463d-8529-15ece9a8cfb5@group-AF0545EE165C: change Leader from null to 1f2e38a2-0128-463d-8529-15ece9a8cfb5 at term 1 for becomeLeader, leader elected after 5206ms
2019-09-25 07:20:04,000 [1f2e38a2-0128-463d-8529-15ece9a8cfb5@group-AF0545EE165C:LeaderElection98] INFO  server.RaftServerConfigKeys (ConfUtils.java:logGet(43)) - raft.server.staging.catchup.gap = 1000 (default)
2019-09-25 07:20:04,000 [1f2e38a2-0128-463d-8529-15ece9a8cfb5@group-AF0545EE165C:LeaderElection98] INFO  server.RaftServerConfigKeys (ConfUtils.java:logGet(43)) - raft.server.rpc.sleep.time = 25ms (default)
2019-09-25 07:20:04,001 [1f2e38a2-0128-463d-8529-15ece9a8cfb5@group-AF0545EE165C:LeaderElection98] INFO  server.RaftServerConfigKeys (ConfUtils.java:logGet(43)) - raft.server.write.element-limit = 4096 (default)
2019-09-25 07:20:04,001 [1f2e38a2-0128-463d-8529-15ece9a8cfb5@group-AF0545EE165C:LeaderElection98] INFO  server.RaftServerConfigKeys (ConfUtils.java:logGet(43)) - raft.server.watch.timeout = 10s (default)
2019-09-25 07:20:04,001 [1f2e38a2-0128-463d-8529-15ece9a8cfb5@group-AF0545EE165C:LeaderElection98] INFO  server.RaftServerConfigKeys (ConfUtils.java:logGet(43)) - raft.server.watch.timeout.denomination = 1s (default)
2019-09-25 07:20:04,001 [1f2e38a2-0128-463d-8529-15ece9a8cfb5@group-AF0545EE165C:LeaderElection98] INFO  server.RaftServerConfigKeys (ConfUtils.java:logGet(43)) - raft.server.watch.element-limit = 65536 (default)
2019-09-25 07:20:04,002 [Thread-1542] INFO  impl.FollowerState (FollowerState.java:run(106)) - 14c372b8-c6a2-43bc-9321-f88ebc8119bc:group-32D3A9B39300 changes to CANDIDATE, lastRpcTime:5117, electionTimeout:5117ms
2019-09-25 07:20:04,002 [Thread-1542] INFO  impl.RoleInfo (RoleInfo.java:shutdownFollowerState(121)) - 14c372b8-c6a2-43bc-9321-f88ebc8119bc: shutdown FollowerState
2019-09-25 07:20:04,002 [Thread-1542] INFO  impl.RaftServerImpl (RaftServerImpl.java:setRole(174)) - 14c372b8-c6a2-43bc-9321-f88ebc8119bc@group-32D3A9B39300: changes role from  FOLLOWER to CANDIDATE at term 0 for changeToCandidate
2019-09-25 07:20:04,002 [Thread-1542] INFO  impl.RoleInfo (RoleInfo.java:updateAndGet(143)) - 14c372b8-c6a2-43bc-9321-f88ebc8119bc: start LeaderElection
2019-09-25 07:20:04,005 [1f2e38a2-0128-463d-8529-15ece9a8cfb5@group-AF0545EE165C:LeaderElection98] INFO  impl.RoleInfo (RoleInfo.java:updateAndGet(143)) - 1f2e38a2-0128-463d-8529-15ece9a8cfb5: start LeaderState
2019-09-25 07:20:04,005 [1f2e38a2-0128-463d-8529-15ece9a8cfb5@group-AF0545EE165C:LeaderElection98] INFO  segmented.SegmentedRaftLogWorker (SegmentedRaftLogWorker.java:startLogSegment(380)) - 1f2e38a2-0128-463d-8529-15ece9a8cfb5@group-AF0545EE165C-SegmentedRaftLogWorker: Starting segment from index:0
2019-09-25 07:20:04,005 [1f2e38a2-0128-463d-8529-15ece9a8cfb5@group-AF0545EE165C:LeaderElection98] INFO  impl.RaftServerImpl (ServerState.java:setRaftConf(354)) - 1f2e38a2-0128-463d-8529-15ece9a8cfb5@group-AF0545EE165C: set configuration 0: [1f2e38a2-0128-463d-8529-15ece9a8cfb5:192.168.30.10:33713], old=null at 0
2019-09-25 07:20:04,018 [14c372b8-c6a2-43bc-9321-f88ebc8119bc@group-32D3A9B39300:LeaderElection99] INFO  impl.LeaderElection (LeaderElection.java:askForVotes(182)) - 14c372b8-c6a2-43bc-9321-f88ebc8119bc@group-32D3A9B39300:LeaderElection99: begin an election at term 1 for -1: [14c372b8-c6a2-43bc-9321-f88ebc8119bc:192.168.30.10:37420], old=null
2019-09-25 07:20:04,018 [14c372b8-c6a2-43bc-9321-f88ebc8119bc@group-32D3A9B39300:LeaderElection99] INFO  impl.RoleInfo (RoleInfo.java:shutdownLeaderElection(134)) - 14c372b8-c6a2-43bc-9321-f88ebc8119bc: shutdown LeaderElection
2019-09-25 07:20:04,018 [14c372b8-c6a2-43bc-9321-f88ebc8119bc@group-32D3A9B39300:LeaderElection99] INFO  impl.RaftServerImpl (RaftServerImpl.java:setRole(174)) - 14c372b8-c6a2-43bc-9321-f88ebc8119bc@group-32D3A9B39300: changes role from CANDIDATE to LEADER at term 1 for changeToLeader
2019-09-25 07:20:04,019 [14c372b8-c6a2-43bc-9321-f88ebc8119bc@group-32D3A9B39300:LeaderElection99] INFO  impl.RaftServerImpl (ServerState.java:setLeader(253)) - 14c372b8-c6a2-43bc-9321-f88ebc8119bc@group-32D3A9B39300: change Leader from null to 14c372b8-c6a2-43bc-9321-f88ebc8119bc at term 1 for becomeLeader, leader elected after 5139ms
2019-09-25 07:20:04,019 [14c372b8-c6a2-43bc-9321-f88ebc8119bc@group-32D3A9B39300:LeaderElection99] INFO  server.RaftServerConfigKeys (ConfUtils.java:logGet(43)) - raft.server.staging.catchup.gap = 1000 (default)
2019-09-25 07:20:04,019 [14c372b8-c6a2-43bc-9321-f88ebc8119bc@group-32D3A9B39300:LeaderElection99] INFO  server.RaftServerConfigKeys (ConfUtils.java:logGet(43)) - raft.server.rpc.sleep.time = 25ms (default)
2019-09-25 07:20:04,019 [14c372b8-c6a2-43bc-9321-f88ebc8119bc@group-32D3A9B39300:LeaderElection99] INFO  server.RaftServerConfigKeys (ConfUtils.java:logGet(43)) - raft.server.write.element-limit = 4096 (default)
2019-09-25 07:20:04,019 [14c372b8-c6a2-43bc-9321-f88ebc8119bc@group-32D3A9B39300:LeaderElection99] INFO  server.RaftServerConfigKeys (ConfUtils.java:logGet(43)) - raft.server.watch.timeout = 10s (default)
2019-09-25 07:20:04,019 [14c372b8-c6a2-43bc-9321-f88ebc8119bc@group-32D3A9B39300:LeaderElection99] INFO  server.RaftServerConfigKeys (ConfUtils.java:logGet(43)) - raft.server.watch.timeout.denomination = 1s (default)
2019-09-25 07:20:04,019 [14c372b8-c6a2-43bc-9321-f88ebc8119bc@group-32D3A9B39300:LeaderElection99] INFO  server.RaftServerConfigKeys (ConfUtils.java:logGet(43)) - raft.server.watch.element-limit = 65536 (default)
2019-09-25 07:20:04,021 [14c372b8-c6a2-43bc-9321-f88ebc8119bc@group-32D3A9B39300:LeaderElection99] INFO  impl.RoleInfo (RoleInfo.java:updateAndGet(143)) - 14c372b8-c6a2-43bc-9321-f88ebc8119bc: start LeaderState
2019-09-25 07:20:04,021 [14c372b8-c6a2-43bc-9321-f88ebc8119bc@group-32D3A9B39300:LeaderElection99] INFO  segmented.SegmentedRaftLogWorker (SegmentedRaftLogWorker.java:startLogSegment(380)) - 14c372b8-c6a2-43bc-9321-f88ebc8119bc@group-32D3A9B39300-SegmentedRaftLogWorker: Starting segment from index:0
2019-09-25 07:20:04,022 [14c372b8-c6a2-43bc-9321-f88ebc8119bc@group-32D3A9B39300:LeaderElection99] INFO  impl.RaftServerImpl (ServerState.java:setRaftConf(354)) - 14c372b8-c6a2-43bc-9321-f88ebc8119bc@group-32D3A9B39300: set configuration 0: [14c372b8-c6a2-43bc-9321-f88ebc8119bc:192.168.30.10:37420], old=null at 0
2019-09-25 07:20:04,048 [1f2e38a2-0128-463d-8529-15ece9a8cfb5@group-AF0545EE165C-SegmentedRaftLogWorker] INFO  segmented.SegmentedRaftLogWorker (SegmentedRaftLogWorker.java:execute(569)) - 1f2e38a2-0128-463d-8529-15ece9a8cfb5@group-AF0545EE165C-SegmentedRaftLogWorker: created new log segment /workdir/hadoop-ozone/ozonefs/target/test-dir/MiniOzoneClusterImpl-a99f6f92-dd73-499d-99af-4102c4e47462/datanode-1/data/ratis/a03fea04-f6e9-4da6-a2cf-af0545ee165c/current/log_inprogress_0
2019-09-25 07:20:04,060 [Thread-1545] INFO  impl.FollowerState (FollowerState.java:run(106)) - 1f2e38a2-0128-463d-8529-15ece9a8cfb5:group-17716A633F81 changes to CANDIDATE, lastRpcTime:5130, electionTimeout:5130ms
2019-09-25 07:20:04,061 [Thread-1545] INFO  impl.RoleInfo (RoleInfo.java:shutdownFollowerState(121)) - 1f2e38a2-0128-463d-8529-15ece9a8cfb5: shutdown FollowerState
2019-09-25 07:20:04,061 [Thread-1545] INFO  impl.RaftServerImpl (RaftServerImpl.java:setRole(174)) - 1f2e38a2-0128-463d-8529-15ece9a8cfb5@group-17716A633F81: changes role from  FOLLOWER to CANDIDATE at term 0 for changeToCandidate
2019-09-25 07:20:04,061 [14c372b8-c6a2-43bc-9321-f88ebc8119bc@group-32D3A9B39300-SegmentedRaftLogWorker] INFO  segmented.SegmentedRaftLogWorker (SegmentedRaftLogWorker.java:execute(569)) - 14c372b8-c6a2-43bc-9321-f88ebc8119bc@group-32D3A9B39300-SegmentedRaftLogWorker: created new log segment /workdir/hadoop-ozone/ozonefs/target/test-dir/MiniOzoneClusterImpl-a99f6f92-dd73-499d-99af-4102c4e47462/datanode-0/data/ratis/1c981384-176a-46d6-9624-32d3a9b39300/current/log_inprogress_0
2019-09-25 07:20:04,061 [Thread-1545] INFO  impl.RoleInfo (RoleInfo.java:updateAndGet(143)) - 1f2e38a2-0128-463d-8529-15ece9a8cfb5: start LeaderElection
2019-09-25 07:20:04,079 [1f2e38a2-0128-463d-8529-15ece9a8cfb5@group-17716A633F81:LeaderElection100] INFO  impl.LeaderElection (LeaderElection.java:askForVotes(182)) - 1f2e38a2-0128-463d-8529-15ece9a8cfb5@group-17716A633F81:LeaderElection100: begin an election at term 1 for -1: [1f2e38a2-0128-463d-8529-15ece9a8cfb5:192.168.30.10:33713], old=null
2019-09-25 07:20:04,079 [1f2e38a2-0128-463d-8529-15ece9a8cfb5@group-17716A633F81:LeaderElection100] INFO  impl.RoleInfo (RoleInfo.java:shutdownLeaderElection(134)) - 1f2e38a2-0128-463d-8529-15ece9a8cfb5: shutdown LeaderElection
2019-09-25 07:20:04,079 [1f2e38a2-0128-463d-8529-15ece9a8cfb5@group-17716A633F81:LeaderElection100] INFO  impl.RaftServerImpl (RaftServerImpl.java:setRole(174)) - 1f2e38a2-0128-463d-8529-15ece9a8cfb5@group-17716A633F81: changes role from CANDIDATE to LEADER at term 1 for changeToLeader
2019-09-25 07:20:04,079 [1f2e38a2-0128-463d-8529-15ece9a8cfb5@group-17716A633F81:LeaderElection100] INFO  impl.RaftServerImpl (ServerState.java:setLeader(253)) - 1f2e38a2-0128-463d-8529-15ece9a8cfb5@group-17716A633F81: change Leader from null to 1f2e38a2-0128-463d-8529-15ece9a8cfb5 at term 1 for becomeLeader, leader elected after 5156ms
2019-09-25 07:20:04,079 [1f2e38a2-0128-463d-8529-15ece9a8cfb5@group-17716A633F81:LeaderElection100] INFO  server.RaftServerConfigKeys (ConfUtils.java:logGet(43)) - raft.server.staging.catchup.gap = 1000 (default)
2019-09-25 07:20:04,080 [1f2e38a2-0128-463d-8529-15ece9a8cfb5@group-17716A633F81:LeaderElection100] INFO  server.RaftServerConfigKeys (ConfUtils.java:logGet(43)) - raft.server.rpc.sleep.time = 25ms (default)
2019-09-25 07:20:04,080 [1f2e38a2-0128-463d-8529-15ece9a8cfb5@group-17716A633F81:LeaderElection100] INFO  server.RaftServerConfigKeys (ConfUtils.java:logGet(43)) - raft.server.write.element-limit = 4096 (default)
2019-09-25 07:20:04,080 [1f2e38a2-0128-463d-8529-15ece9a8cfb5@group-17716A633F81:LeaderElection100] INFO  server.RaftServerConfigKeys (ConfUtils.java:logGet(43)) - raft.server.watch.timeout = 10s (default)
2019-09-25 07:20:04,080 [1f2e38a2-0128-463d-8529-15ece9a8cfb5@group-17716A633F81:LeaderElection100] INFO  server.RaftServerConfigKeys (ConfUtils.java:logGet(43)) - raft.server.watch.timeout.denomination = 1s (default)
2019-09-25 07:20:04,080 [1f2e38a2-0128-463d-8529-15ece9a8cfb5@group-17716A633F81:LeaderElection100] INFO  server.RaftServerConfigKeys (ConfUtils.java:logGet(43)) - raft.server.watch.element-limit = 65536 (default)
2019-09-25 07:20:04,082 [1f2e38a2-0128-463d-8529-15ece9a8cfb5@group-17716A633F81:LeaderElection100] INFO  impl.RoleInfo (RoleInfo.java:updateAndGet(143)) - 1f2e38a2-0128-463d-8529-15ece9a8cfb5: start LeaderState
2019-09-25 07:20:04,082 [1f2e38a2-0128-463d-8529-15ece9a8cfb5@group-17716A633F81:LeaderElection100] INFO  segmented.SegmentedRaftLogWorker (SegmentedRaftLogWorker.java:startLogSegment(380)) - 1f2e38a2-0128-463d-8529-15ece9a8cfb5@group-17716A633F81-SegmentedRaftLogWorker: Starting segment from index:0
2019-09-25 07:20:04,083 [1f2e38a2-0128-463d-8529-15ece9a8cfb5@group-17716A633F81:LeaderElection100] INFO  impl.RaftServerImpl (ServerState.java:setRaftConf(354)) - 1f2e38a2-0128-463d-8529-15ece9a8cfb5@group-17716A633F81: set configuration 0: [1f2e38a2-0128-463d-8529-15ece9a8cfb5:192.168.30.10:33713], old=null at 0
2019-09-25 07:20:04,100 [Thread-1557] INFO  impl.FollowerState (FollowerState.java:run(106)) - e4e40049-2027-4372-8e95-eef07a37110f:group-E93E66955B54 changes to CANDIDATE, lastRpcTime:5001, electionTimeout:5001ms
2019-09-25 07:20:04,101 [Thread-1557] INFO  impl.RoleInfo (RoleInfo.java:shutdownFollowerState(121)) - e4e40049-2027-4372-8e95-eef07a37110f: shutdown FollowerState
2019-09-25 07:20:04,101 [Thread-1557] INFO  impl.RaftServerImpl (RaftServerImpl.java:setRole(174)) - e4e40049-2027-4372-8e95-eef07a37110f@group-E93E66955B54: changes role from  FOLLOWER to CANDIDATE at term 0 for changeToCandidate
2019-09-25 07:20:04,101 [Thread-1557] INFO  impl.RoleInfo (RoleInfo.java:updateAndGet(143)) - e4e40049-2027-4372-8e95-eef07a37110f: start LeaderElection
2019-09-25 07:20:04,116 [Thread-1554] INFO  impl.FollowerState (FollowerState.java:run(106)) - 14c372b8-c6a2-43bc-9321-f88ebc8119bc:group-B17BAD6F3748 changes to CANDIDATE, lastRpcTime:5061, electionTimeout:5052ms
2019-09-25 07:20:04,116 [Thread-1554] INFO  impl.RoleInfo (RoleInfo.java:shutdownFollowerState(121)) - 14c372b8-c6a2-43bc-9321-f88ebc8119bc: shutdown FollowerState
2019-09-25 07:20:04,116 [Thread-1554] INFO  impl.RaftServerImpl (RaftServerImpl.java:setRole(174)) - 14c372b8-c6a2-43bc-9321-f88ebc8119bc@group-B17BAD6F3748: changes role from  FOLLOWER to CANDIDATE at term 0 for changeToCandidate
2019-09-25 07:20:04,116 [Thread-1554] INFO  impl.RoleInfo (RoleInfo.java:updateAndGet(143)) - 14c372b8-c6a2-43bc-9321-f88ebc8119bc: start LeaderElection
2019-09-25 07:20:04,122 [Thread-1548] INFO  impl.FollowerState (FollowerState.java:run(106)) - e4e40049-2027-4372-8e95-eef07a37110f:group-74D74D6B6F7A changes to CANDIDATE, lastRpcTime:5144, electionTimeout:5144ms
2019-09-25 07:20:04,122 [Thread-1548] INFO  impl.RoleInfo (RoleInfo.java:shutdownFollowerState(121)) - e4e40049-2027-4372-8e95-eef07a37110f: shutdown FollowerState
2019-09-25 07:20:04,122 [Thread-1548] INFO  impl.RaftServerImpl (RaftServerImpl.java:setRole(174)) - e4e40049-2027-4372-8e95-eef07a37110f@group-74D74D6B6F7A: changes role from  FOLLOWER to CANDIDATE at term 0 for changeToCandidate
2019-09-25 07:20:04,123 [Thread-1548] INFO  impl.RoleInfo (RoleInfo.java:updateAndGet(143)) - e4e40049-2027-4372-8e95-eef07a37110f: start LeaderElection
2019-09-25 07:20:04,129 [1f2e38a2-0128-463d-8529-15ece9a8cfb5@group-17716A633F81-SegmentedRaftLogWorker] INFO  segmented.SegmentedRaftLogWorker (SegmentedRaftLogWorker.java:execute(569)) - 1f2e38a2-0128-463d-8529-15ece9a8cfb5@group-17716A633F81-SegmentedRaftLogWorker: created new log segment /workdir/hadoop-ozone/ozonefs/target/test-dir/MiniOzoneClusterImpl-a99f6f92-dd73-499d-99af-4102c4e47462/datanode-1/data/ratis/bd1dcd33-9c90-43d8-8d6d-17716a633f81/current/log_inprogress_0
2019-09-25 07:20:04,129 [e4e40049-2027-4372-8e95-eef07a37110f@group-E93E66955B54:LeaderElection101] INFO  impl.LeaderElection (LeaderElection.java:askForVotes(182)) - e4e40049-2027-4372-8e95-eef07a37110f@group-E93E66955B54:LeaderElection101: begin an election at term 1 for -1: [e4e40049-2027-4372-8e95-eef07a37110f:192.168.30.10:43343], old=null
2019-09-25 07:20:04,129 [14c372b8-c6a2-43bc-9321-f88ebc8119bc@group-B17BAD6F3748:LeaderElection102] INFO  impl.LeaderElection (LeaderElection.java:askForVotes(182)) - 14c372b8-c6a2-43bc-9321-f88ebc8119bc@group-B17BAD6F3748:LeaderElection102: begin an election at term 1 for -1: [14c372b8-c6a2-43bc-9321-f88ebc8119bc:192.168.30.10:37420], old=null
2019-09-25 07:20:04,129 [e4e40049-2027-4372-8e95-eef07a37110f@group-74D74D6B6F7A:LeaderElection103] INFO  impl.LeaderElection (LeaderElection.java:askForVotes(182)) - e4e40049-2027-4372-8e95-eef07a37110f@group-74D74D6B6F7A:LeaderElection103: begin an election at term 1 for -1: [e4e40049-2027-4372-8e95-eef07a37110f:192.168.30.10:43343], old=null
2019-09-25 07:20:04,129 [14c372b8-c6a2-43bc-9321-f88ebc8119bc@group-B17BAD6F3748:LeaderElection102] INFO  impl.RoleInfo (RoleInfo.java:shutdownLeaderElection(134)) - 14c372b8-c6a2-43bc-9321-f88ebc8119bc: shutdown LeaderElection
2019-09-25 07:20:04,129 [e4e40049-2027-4372-8e95-eef07a37110f@group-E93E66955B54:LeaderElection101] INFO  impl.RoleInfo (RoleInfo.java:shutdownLeaderElection(134)) - e4e40049-2027-4372-8e95-eef07a37110f: shutdown LeaderElection
2019-09-25 07:20:04,130 [14c372b8-c6a2-43bc-9321-f88ebc8119bc@group-B17BAD6F3748:LeaderElection102] INFO  impl.RaftServerImpl (RaftServerImpl.java:setRole(174)) - 14c372b8-c6a2-43bc-9321-f88ebc8119bc@group-B17BAD6F3748: changes role from CANDIDATE to LEADER at term 1 for changeToLeader
2019-09-25 07:20:04,129 [e4e40049-2027-4372-8e95-eef07a37110f@group-74D74D6B6F7A:LeaderElection103] INFO  impl.RoleInfo (RoleInfo.java:shutdownLeaderElection(134)) - e4e40049-2027-4372-8e95-eef07a37110f: shutdown LeaderElection
2019-09-25 07:20:04,130 [14c372b8-c6a2-43bc-9321-f88ebc8119bc@group-B17BAD6F3748:LeaderElection102] INFO  impl.RaftServerImpl (ServerState.java:setLeader(253)) - 14c372b8-c6a2-43bc-9321-f88ebc8119bc@group-B17BAD6F3748: change Leader from null to 14c372b8-c6a2-43bc-9321-f88ebc8119bc at term 1 for becomeLeader, leader elected after 5081ms
2019-09-25 07:20:04,130 [e4e40049-2027-4372-8e95-eef07a37110f@group-E93E66955B54:LeaderElection101] INFO  impl.RaftServerImpl (RaftServerImpl.java:setRole(174)) - e4e40049-2027-4372-8e95-eef07a37110f@group-E93E66955B54: changes role from CANDIDATE to LEADER at term 1 for changeToLeader
2019-09-25 07:20:04,130 [14c372b8-c6a2-43bc-9321-f88ebc8119bc@group-B17BAD6F3748:LeaderElection102] INFO  server.RaftServerConfigKeys (ConfUtils.java:logGet(43)) - raft.server.staging.catchup.gap = 1000 (default)
2019-09-25 07:20:04,130 [14c372b8-c6a2-43bc-9321-f88ebc8119bc@group-B17BAD6F3748:LeaderElection102] INFO  server.RaftServerConfigKeys (ConfUtils.java:logGet(43)) - raft.server.rpc.sleep.time = 25ms (default)
2019-09-25 07:20:04,130 [e4e40049-2027-4372-8e95-eef07a37110f@group-74D74D6B6F7A:LeaderElection103] INFO  impl.RaftServerImpl (RaftServerImpl.java:setRole(174)) - e4e40049-2027-4372-8e95-eef07a37110f@group-74D74D6B6F7A: changes role from CANDIDATE to LEADER at term 1 for changeToLeader
2019-09-25 07:20:04,130 [14c372b8-c6a2-43bc-9321-f88ebc8119bc@group-B17BAD6F3748:LeaderElection102] INFO  server.RaftServerConfigKeys (ConfUtils.java:logGet(43)) - raft.server.write.element-limit = 4096 (default)
2019-09-25 07:20:04,130 [e4e40049-2027-4372-8e95-eef07a37110f@group-E93E66955B54:LeaderElection101] INFO  impl.RaftServerImpl (ServerState.java:setLeader(253)) - e4e40049-2027-4372-8e95-eef07a37110f@group-E93E66955B54: change Leader from null to e4e40049-2027-4372-8e95-eef07a37110f at term 1 for becomeLeader, leader elected after 5036ms
2019-09-25 07:20:04,131 [14c372b8-c6a2-43bc-9321-f88ebc8119bc@group-B17BAD6F3748:LeaderElection102] INFO  server.RaftServerConfigKeys (ConfUtils.java:logGet(43)) - raft.server.watch.timeout = 10s (default)
2019-09-25 07:20:04,130 [e4e40049-2027-4372-8e95-eef07a37110f@group-74D74D6B6F7A:LeaderElection103] INFO  impl.RaftServerImpl (ServerState.java:setLeader(253)) - e4e40049-2027-4372-8e95-eef07a37110f@group-74D74D6B6F7A: change Leader from null to e4e40049-2027-4372-8e95-eef07a37110f at term 1 for becomeLeader, leader elected after 5159ms
2019-09-25 07:20:04,131 [14c372b8-c6a2-43bc-9321-f88ebc8119bc@group-B17BAD6F3748:LeaderElection102] INFO  server.RaftServerConfigKeys (ConfUtils.java:logGet(43)) - raft.server.watch.timeout.denomination = 1s (default)
2019-09-25 07:20:04,131 [e4e40049-2027-4372-8e95-eef07a37110f@group-E93E66955B54:LeaderElection101] INFO  server.RaftServerConfigKeys (ConfUtils.java:logGet(43)) - raft.server.staging.catchup.gap = 1000 (default)
2019-09-25 07:20:04,131 [14c372b8-c6a2-43bc-9321-f88ebc8119bc@group-B17BAD6F3748:LeaderElection102] INFO  server.RaftServerConfigKeys (ConfUtils.java:logGet(43)) - raft.server.watch.element-limit = 65536 (default)
2019-09-25 07:20:04,131 [e4e40049-2027-4372-8e95-eef07a37110f@group-74D74D6B6F7A:LeaderElection103] INFO  server.RaftServerConfigKeys (ConfUtils.java:logGet(43)) - raft.server.staging.catchup.gap = 1000 (default)
2019-09-25 07:20:04,131 [e4e40049-2027-4372-8e95-eef07a37110f@group-E93E66955B54:LeaderElection101] INFO  server.RaftServerConfigKeys (ConfUtils.java:logGet(43)) - raft.server.rpc.sleep.time = 25ms (default)
2019-09-25 07:20:04,131 [e4e40049-2027-4372-8e95-eef07a37110f@group-74D74D6B6F7A:LeaderElection103] INFO  server.RaftServerConfigKeys (ConfUtils.java:logGet(43)) - raft.server.rpc.sleep.time = 25ms (default)
2019-09-25 07:20:04,132 [e4e40049-2027-4372-8e95-eef07a37110f@group-E93E66955B54:LeaderElection101] INFO  server.RaftServerConfigKeys (ConfUtils.java:logGet(43)) - raft.server.write.element-limit = 4096 (default)
2019-09-25 07:20:04,132 [e4e40049-2027-4372-8e95-eef07a37110f@group-74D74D6B6F7A:LeaderElection103] INFO  server.RaftServerConfigKeys (ConfUtils.java:logGet(43)) - raft.server.write.element-limit = 4096 (default)
2019-09-25 07:20:04,132 [e4e40049-2027-4372-8e95-eef07a37110f@group-E93E66955B54:LeaderElection101] INFO  server.RaftServerConfigKeys (ConfUtils.java:logGet(43)) - raft.server.watch.timeout = 10s (default)
2019-09-25 07:20:04,132 [e4e40049-2027-4372-8e95-eef07a37110f@group-74D74D6B6F7A:LeaderElection103] INFO  server.RaftServerConfigKeys (ConfUtils.java:logGet(43)) - raft.server.watch.timeout = 10s (default)
2019-09-25 07:20:04,132 [e4e40049-2027-4372-8e95-eef07a37110f@group-E93E66955B54:LeaderElection101] INFO  server.RaftServerConfigKeys (ConfUtils.java:logGet(43)) - raft.server.watch.timeout.denomination = 1s (default)
2019-09-25 07:20:04,132 [e4e40049-2027-4372-8e95-eef07a37110f@group-74D74D6B6F7A:LeaderElection103] INFO  server.RaftServerConfigKeys (ConfUtils.java:logGet(43)) - raft.server.watch.timeout.denomination = 1s (default)
2019-09-25 07:20:04,132 [e4e40049-2027-4372-8e95-eef07a37110f@group-E93E66955B54:LeaderElection101] INFO  server.RaftServerConfigKeys (ConfUtils.java:logGet(43)) - raft.server.watch.element-limit = 65536 (default)
2019-09-25 07:20:04,132 [e4e40049-2027-4372-8e95-eef07a37110f@group-74D74D6B6F7A:LeaderElection103] INFO  server.RaftServerConfigKeys (ConfUtils.java:logGet(43)) - raft.server.watch.element-limit = 65536 (default)
2019-09-25 07:20:04,134 [14c372b8-c6a2-43bc-9321-f88ebc8119bc@group-B17BAD6F3748:LeaderElection102] INFO  impl.RoleInfo (RoleInfo.java:updateAndGet(143)) - 14c372b8-c6a2-43bc-9321-f88ebc8119bc: start LeaderState
2019-09-25 07:20:04,134 [14c372b8-c6a2-43bc-9321-f88ebc8119bc@group-B17BAD6F3748:LeaderElection102] INFO  segmented.SegmentedRaftLogWorker (SegmentedRaftLogWorker.java:startLogSegment(380)) - 14c372b8-c6a2-43bc-9321-f88ebc8119bc@group-B17BAD6F3748-SegmentedRaftLogWorker: Starting segment from index:0
2019-09-25 07:20:04,134 [14c372b8-c6a2-43bc-9321-f88ebc8119bc@group-B17BAD6F3748:LeaderElection102] INFO  impl.RaftServerImpl (ServerState.java:setRaftConf(354)) - 14c372b8-c6a2-43bc-9321-f88ebc8119bc@group-B17BAD6F3748: set configuration 0: [14c372b8-c6a2-43bc-9321-f88ebc8119bc:192.168.30.10:37420], old=null at 0
2019-09-25 07:20:04,135 [e4e40049-2027-4372-8e95-eef07a37110f@group-E93E66955B54:LeaderElection101] INFO  impl.RoleInfo (RoleInfo.java:updateAndGet(143)) - e4e40049-2027-4372-8e95-eef07a37110f: start LeaderState
2019-09-25 07:20:04,135 [e4e40049-2027-4372-8e95-eef07a37110f@group-74D74D6B6F7A:LeaderElection103] INFO  impl.RoleInfo (RoleInfo.java:updateAndGet(143)) - e4e40049-2027-4372-8e95-eef07a37110f: start LeaderState
2019-09-25 07:20:04,135 [e4e40049-2027-4372-8e95-eef07a37110f@group-E93E66955B54:LeaderElection101] INFO  segmented.SegmentedRaftLogWorker (SegmentedRaftLogWorker.java:startLogSegment(380)) - e4e40049-2027-4372-8e95-eef07a37110f@group-E93E66955B54-SegmentedRaftLogWorker: Starting segment from index:0
2019-09-25 07:20:04,136 [e4e40049-2027-4372-8e95-eef07a37110f@group-74D74D6B6F7A:LeaderElection103] INFO  segmented.SegmentedRaftLogWorker (SegmentedRaftLogWorker.java:startLogSegment(380)) - e4e40049-2027-4372-8e95-eef07a37110f@group-74D74D6B6F7A-SegmentedRaftLogWorker: Starting segment from index:0
2019-09-25 07:20:04,136 [e4e40049-2027-4372-8e95-eef07a37110f@group-E93E66955B54:LeaderElection101] INFO  impl.RaftServerImpl (ServerState.java:setRaftConf(354)) - e4e40049-2027-4372-8e95-eef07a37110f@group-E93E66955B54: set configuration 0: [e4e40049-2027-4372-8e95-eef07a37110f:192.168.30.10:43343], old=null at 0
2019-09-25 07:20:04,136 [e4e40049-2027-4372-8e95-eef07a37110f@group-74D74D6B6F7A:LeaderElection103] INFO  impl.RaftServerImpl (ServerState.java:setRaftConf(354)) - e4e40049-2027-4372-8e95-eef07a37110f@group-74D74D6B6F7A: set configuration 0: [e4e40049-2027-4372-8e95-eef07a37110f:192.168.30.10:43343], old=null at 0
2019-09-25 07:20:04,179 [e4e40049-2027-4372-8e95-eef07a37110f@group-E93E66955B54-SegmentedRaftLogWorker] INFO  segmented.SegmentedRaftLogWorker (SegmentedRaftLogWorker.java:execute(569)) - e4e40049-2027-4372-8e95-eef07a37110f@group-E93E66955B54-SegmentedRaftLogWorker: created new log segment /workdir/hadoop-ozone/ozonefs/target/test-dir/MiniOzoneClusterImpl-a99f6f92-dd73-499d-99af-4102c4e47462/datanode-2/data/ratis/f66a8d06-456f-4945-9b2b-e93e66955b54/current/log_inprogress_0
2019-09-25 07:20:04,179 [e4e40049-2027-4372-8e95-eef07a37110f@group-74D74D6B6F7A-SegmentedRaftLogWorker] INFO  segmented.SegmentedRaftLogWorker (SegmentedRaftLogWorker.java:execute(569)) - e4e40049-2027-4372-8e95-eef07a37110f@group-74D74D6B6F7A-SegmentedRaftLogWorker: created new log segment /workdir/hadoop-ozone/ozonefs/target/test-dir/MiniOzoneClusterImpl-a99f6f92-dd73-499d-99af-4102c4e47462/datanode-2/data/ratis/47802fde-b62e-4301-9f64-74d74d6b6f7a/current/log_inprogress_0
2019-09-25 07:20:04,179 [14c372b8-c6a2-43bc-9321-f88ebc8119bc@group-B17BAD6F3748-SegmentedRaftLogWorker] INFO  segmented.SegmentedRaftLogWorker (SegmentedRaftLogWorker.java:execute(569)) - 14c372b8-c6a2-43bc-9321-f88ebc8119bc@group-B17BAD6F3748-SegmentedRaftLogWorker: created new log segment /workdir/hadoop-ozone/ozonefs/target/test-dir/MiniOzoneClusterImpl-a99f6f92-dd73-499d-99af-4102c4e47462/datanode-0/data/ratis/803b5d27-123b-4e3c-acdf-b17bad6f3748/current/log_inprogress_0
2019-09-25 07:20:04,197 [Thread-1560] INFO  impl.FollowerState (FollowerState.java:run(106)) - e4e40049-2027-4372-8e95-eef07a37110f:group-73D5CF1B8FDA changes to CANDIDATE, lastRpcTime:5055, electionTimeout:5055ms
2019-09-25 07:20:04,198 [Thread-1560] INFO  impl.RoleInfo (RoleInfo.java:shutdownFollowerState(121)) - e4e40049-2027-4372-8e95-eef07a37110f: shutdown FollowerState
2019-09-25 07:20:04,198 [Thread-1560] INFO  impl.RaftServerImpl (RaftServerImpl.java:setRole(174)) - e4e40049-2027-4372-8e95-eef07a37110f@group-73D5CF1B8FDA: changes role from  FOLLOWER to CANDIDATE at term 0 for changeToCandidate
2019-09-25 07:20:04,198 [Thread-1560] INFO  impl.RoleInfo (RoleInfo.java:updateAndGet(143)) - e4e40049-2027-4372-8e95-eef07a37110f: start LeaderElection
2019-09-25 07:20:04,212 [e4e40049-2027-4372-8e95-eef07a37110f@group-73D5CF1B8FDA:LeaderElection104] INFO  impl.LeaderElection (LeaderElection.java:askForVotes(182)) - e4e40049-2027-4372-8e95-eef07a37110f@group-73D5CF1B8FDA:LeaderElection104: begin an election at term 1 for -1: [e4e40049-2027-4372-8e95-eef07a37110f:192.168.30.10:43343], old=null
2019-09-25 07:20:04,212 [e4e40049-2027-4372-8e95-eef07a37110f@group-73D5CF1B8FDA:LeaderElection104] INFO  impl.RoleInfo (RoleInfo.java:shutdownLeaderElection(134)) - e4e40049-2027-4372-8e95-eef07a37110f: shutdown LeaderElection
2019-09-25 07:20:04,212 [e4e40049-2027-4372-8e95-eef07a37110f@group-73D5CF1B8FDA:LeaderElection104] INFO  impl.RaftServerImpl (RaftServerImpl.java:setRole(174)) - e4e40049-2027-4372-8e95-eef07a37110f@group-73D5CF1B8FDA: changes role from CANDIDATE to LEADER at term 1 for changeToLeader
2019-09-25 07:20:04,212 [e4e40049-2027-4372-8e95-eef07a37110f@group-73D5CF1B8FDA:LeaderElection104] INFO  impl.RaftServerImpl (ServerState.java:setLeader(253)) - e4e40049-2027-4372-8e95-eef07a37110f@group-73D5CF1B8FDA: change Leader from null to e4e40049-2027-4372-8e95-eef07a37110f at term 1 for becomeLeader, leader elected after 5075ms
2019-09-25 07:20:04,212 [e4e40049-2027-4372-8e95-eef07a37110f@group-73D5CF1B8FDA:LeaderElection104] INFO  server.RaftServerConfigKeys (ConfUtils.java:logGet(43)) - raft.server.staging.catchup.gap = 1000 (default)
2019-09-25 07:20:04,212 [e4e40049-2027-4372-8e95-eef07a37110f@group-73D5CF1B8FDA:LeaderElection104] INFO  server.RaftServerConfigKeys (ConfUtils.java:logGet(43)) - raft.server.rpc.sleep.time = 25ms (default)
2019-09-25 07:20:04,212 [e4e40049-2027-4372-8e95-eef07a37110f@group-73D5CF1B8FDA:LeaderElection104] INFO  server.RaftServerConfigKeys (ConfUtils.java:logGet(43)) - raft.server.write.element-limit = 4096 (default)
2019-09-25 07:20:04,212 [e4e40049-2027-4372-8e95-eef07a37110f@group-73D5CF1B8FDA:LeaderElection104] INFO  server.RaftServerConfigKeys (ConfUtils.java:logGet(43)) - raft.server.watch.timeout = 10s (default)
2019-09-25 07:20:04,213 [e4e40049-2027-4372-8e95-eef07a37110f@group-73D5CF1B8FDA:LeaderElection104] INFO  server.RaftServerConfigKeys (ConfUtils.java:logGet(43)) - raft.server.watch.timeout.denomination = 1s (default)
2019-09-25 07:20:04,213 [e4e40049-2027-4372-8e95-eef07a37110f@group-73D5CF1B8FDA:LeaderElection104] INFO  server.RaftServerConfigKeys (ConfUtils.java:logGet(43)) - raft.server.watch.element-limit = 65536 (default)
2019-09-25 07:20:04,213 [Thread-1551] INFO  impl.FollowerState (FollowerState.java:run(106)) - 1f2e38a2-0128-463d-8529-15ece9a8cfb5:group-31E4A7370676 changes to CANDIDATE, lastRpcTime:5195, electionTimeout:5195ms
2019-09-25 07:20:04,213 [Thread-1551] INFO  impl.RoleInfo (RoleInfo.java:shutdownFollowerState(121)) - 1f2e38a2-0128-463d-8529-15ece9a8cfb5: shutdown FollowerState
2019-09-25 07:20:04,214 [Thread-1551] INFO  impl.RaftServerImpl (RaftServerImpl.java:setRole(174)) - 1f2e38a2-0128-463d-8529-15ece9a8cfb5@group-31E4A7370676: changes role from  FOLLOWER to CANDIDATE at term 0 for changeToCandidate
2019-09-25 07:20:04,214 [Thread-1551] INFO  impl.RoleInfo (RoleInfo.java:updateAndGet(143)) - 1f2e38a2-0128-463d-8529-15ece9a8cfb5: start LeaderElection
2019-09-25 07:20:04,216 [e4e40049-2027-4372-8e95-eef07a37110f@group-73D5CF1B8FDA:LeaderElection104] INFO  impl.RoleInfo (RoleInfo.java:updateAndGet(143)) - e4e40049-2027-4372-8e95-eef07a37110f: start LeaderState
2019-09-25 07:20:04,217 [e4e40049-2027-4372-8e95-eef07a37110f@group-73D5CF1B8FDA:LeaderElection104] INFO  segmented.SegmentedRaftLogWorker (SegmentedRaftLogWorker.java:startLogSegment(380)) - e4e40049-2027-4372-8e95-eef07a37110f@group-73D5CF1B8FDA-SegmentedRaftLogWorker: Starting segment from index:0
2019-09-25 07:20:04,217 [e4e40049-2027-4372-8e95-eef07a37110f@group-73D5CF1B8FDA:LeaderElection104] INFO  impl.RaftServerImpl (ServerState.java:setRaftConf(354)) - e4e40049-2027-4372-8e95-eef07a37110f@group-73D5CF1B8FDA: set configuration 0: [e4e40049-2027-4372-8e95-eef07a37110f:192.168.30.10:43343], old=null at 0
2019-09-25 07:20:04,242 [1f2e38a2-0128-463d-8529-15ece9a8cfb5@group-31E4A7370676:LeaderElection105] INFO  impl.LeaderElection (LeaderElection.java:askForVotes(182)) - 1f2e38a2-0128-463d-8529-15ece9a8cfb5@group-31E4A7370676:LeaderElection105: begin an election at term 1 for -1: [1f2e38a2-0128-463d-8529-15ece9a8cfb5:192.168.30.10:33713], old=null
2019-09-25 07:20:04,242 [1f2e38a2-0128-463d-8529-15ece9a8cfb5@group-31E4A7370676:LeaderElection105] INFO  impl.RoleInfo (RoleInfo.java:shutdownLeaderElection(134)) - 1f2e38a2-0128-463d-8529-15ece9a8cfb5: shutdown LeaderElection
2019-09-25 07:20:04,242 [1f2e38a2-0128-463d-8529-15ece9a8cfb5@group-31E4A7370676:LeaderElection105] INFO  impl.RaftServerImpl (RaftServerImpl.java:setRole(174)) - 1f2e38a2-0128-463d-8529-15ece9a8cfb5@group-31E4A7370676: changes role from CANDIDATE to LEADER at term 1 for changeToLeader
2019-09-25 07:20:04,242 [1f2e38a2-0128-463d-8529-15ece9a8cfb5@group-31E4A7370676:LeaderElection105] INFO  impl.RaftServerImpl (ServerState.java:setLeader(253)) - 1f2e38a2-0128-463d-8529-15ece9a8cfb5@group-31E4A7370676: change Leader from null to 1f2e38a2-0128-463d-8529-15ece9a8cfb5 at term 1 for becomeLeader, leader elected after 5228ms
2019-09-25 07:20:04,242 [1f2e38a2-0128-463d-8529-15ece9a8cfb5@group-31E4A7370676:LeaderElection105] INFO  server.RaftServerConfigKeys (ConfUtils.java:logGet(43)) - raft.server.staging.catchup.gap = 1000 (default)
2019-09-25 07:20:04,242 [1f2e38a2-0128-463d-8529-15ece9a8cfb5@group-31E4A7370676:LeaderElection105] INFO  server.RaftServerConfigKeys (ConfUtils.java:logGet(43)) - raft.server.rpc.sleep.time = 25ms (default)
2019-09-25 07:20:04,242 [1f2e38a2-0128-463d-8529-15ece9a8cfb5@group-31E4A7370676:LeaderElection105] INFO  server.RaftServerConfigKeys (ConfUtils.java:logGet(43)) - raft.server.write.element-limit = 4096 (default)
2019-09-25 07:20:04,243 [1f2e38a2-0128-463d-8529-15ece9a8cfb5@group-31E4A7370676:LeaderElection105] INFO  server.RaftServerConfigKeys (ConfUtils.java:logGet(43)) - raft.server.watch.timeout = 10s (default)
2019-09-25 07:20:04,243 [1f2e38a2-0128-463d-8529-15ece9a8cfb5@group-31E4A7370676:LeaderElection105] INFO  server.RaftServerConfigKeys (ConfUtils.java:logGet(43)) - raft.server.watch.timeout.denomination = 1s (default)
2019-09-25 07:20:04,243 [1f2e38a2-0128-463d-8529-15ece9a8cfb5@group-31E4A7370676:LeaderElection105] INFO  server.RaftServerConfigKeys (ConfUtils.java:logGet(43)) - raft.server.watch.element-limit = 65536 (default)
2019-09-25 07:20:04,245 [1f2e38a2-0128-463d-8529-15ece9a8cfb5@group-31E4A7370676:LeaderElection105] INFO  impl.RoleInfo (RoleInfo.java:updateAndGet(143)) - 1f2e38a2-0128-463d-8529-15ece9a8cfb5: start LeaderState
2019-09-25 07:20:04,245 [1f2e38a2-0128-463d-8529-15ece9a8cfb5@group-31E4A7370676:LeaderElection105] INFO  segmented.SegmentedRaftLogWorker (SegmentedRaftLogWorker.java:startLogSegment(380)) - 1f2e38a2-0128-463d-8529-15ece9a8cfb5@group-31E4A7370676-SegmentedRaftLogWorker: Starting segment from index:0
2019-09-25 07:20:04,245 [1f2e38a2-0128-463d-8529-15ece9a8cfb5@group-31E4A7370676:LeaderElection105] INFO  impl.RaftServerImpl (ServerState.java:setRaftConf(354)) - 1f2e38a2-0128-463d-8529-15ece9a8cfb5@group-31E4A7370676: set configuration 0: [1f2e38a2-0128-463d-8529-15ece9a8cfb5:192.168.30.10:33713], old=null at 0
2019-09-25 07:20:04,272 [e4e40049-2027-4372-8e95-eef07a37110f@group-73D5CF1B8FDA-SegmentedRaftLogWorker] INFO  segmented.SegmentedRaftLogWorker (SegmentedRaftLogWorker.java:execute(569)) - e4e40049-2027-4372-8e95-eef07a37110f@group-73D5CF1B8FDA-SegmentedRaftLogWorker: created new log segment /workdir/hadoop-ozone/ozonefs/target/test-dir/MiniOzoneClusterImpl-a99f6f92-dd73-499d-99af-4102c4e47462/datanode-2/data/ratis/bad12b3f-77a4-449b-a252-73d5cf1b8fda/current/log_inprogress_0
2019-09-25 07:20:04,293 [1f2e38a2-0128-463d-8529-15ece9a8cfb5@group-31E4A7370676-SegmentedRaftLogWorker] INFO  segmented.SegmentedRaftLogWorker (SegmentedRaftLogWorker.java:execute(569)) - 1f2e38a2-0128-463d-8529-15ece9a8cfb5@group-31E4A7370676-SegmentedRaftLogWorker: created new log segment /workdir/hadoop-ozone/ozonefs/target/test-dir/MiniOzoneClusterImpl-a99f6f92-dd73-499d-99af-4102c4e47462/datanode-1/data/ratis/e6e9957a-4d89-4c94-a08d-31e4a7370676/current/log_inprogress_0
2019-09-25 07:20:04,349 [Thread-1566] INFO  impl.FollowerState (FollowerState.java:run(106)) - e4e40049-2027-4372-8e95-eef07a37110f:group-54F36230B151 changes to CANDIDATE, lastRpcTime:5124, electionTimeout:5124ms
2019-09-25 07:20:04,349 [Thread-1566] INFO  impl.RoleInfo (RoleInfo.java:shutdownFollowerState(121)) - e4e40049-2027-4372-8e95-eef07a37110f: shutdown FollowerState
2019-09-25 07:20:04,349 [Thread-1566] INFO  impl.RaftServerImpl (RaftServerImpl.java:setRole(174)) - e4e40049-2027-4372-8e95-eef07a37110f@group-54F36230B151: changes role from  FOLLOWER to CANDIDATE at term 0 for changeToCandidate
2019-09-25 07:20:04,350 [Thread-1566] INFO  impl.RoleInfo (RoleInfo.java:updateAndGet(143)) - e4e40049-2027-4372-8e95-eef07a37110f: start LeaderElection
2019-09-25 07:20:04,366 [e4e40049-2027-4372-8e95-eef07a37110f@group-54F36230B151:LeaderElection106] INFO  impl.LeaderElection (LeaderElection.java:askForVotes(182)) - e4e40049-2027-4372-8e95-eef07a37110f@group-54F36230B151:LeaderElection106: begin an election at term 1 for -1: [e4e40049-2027-4372-8e95-eef07a37110f:192.168.30.10:43343], old=null
2019-09-25 07:20:04,366 [e4e40049-2027-4372-8e95-eef07a37110f@group-54F36230B151:LeaderElection106] INFO  impl.RoleInfo (RoleInfo.java:shutdownLeaderElection(134)) - e4e40049-2027-4372-8e95-eef07a37110f: shutdown LeaderElection
2019-09-25 07:20:04,366 [e4e40049-2027-4372-8e95-eef07a37110f@group-54F36230B151:LeaderElection106] INFO  impl.RaftServerImpl (RaftServerImpl.java:setRole(174)) - e4e40049-2027-4372-8e95-eef07a37110f@group-54F36230B151: changes role from CANDIDATE to LEADER at term 1 for changeToLeader
2019-09-25 07:20:04,366 [e4e40049-2027-4372-8e95-eef07a37110f@group-54F36230B151:LeaderElection106] INFO  impl.RaftServerImpl (ServerState.java:setLeader(253)) - e4e40049-2027-4372-8e95-eef07a37110f@group-54F36230B151: change Leader from null to e4e40049-2027-4372-8e95-eef07a37110f at term 1 for becomeLeader, leader elected after 5146ms
2019-09-25 07:20:04,367 [e4e40049-2027-4372-8e95-eef07a37110f@group-54F36230B151:LeaderElection106] INFO  server.RaftServerConfigKeys (ConfUtils.java:logGet(43)) - raft.server.staging.catchup.gap = 1000 (default)
2019-09-25 07:20:04,367 [e4e40049-2027-4372-8e95-eef07a37110f@group-54F36230B151:LeaderElection106] INFO  server.RaftServerConfigKeys (ConfUtils.java:logGet(43)) - raft.server.rpc.sleep.time = 25ms (default)
2019-09-25 07:20:04,367 [e4e40049-2027-4372-8e95-eef07a37110f@group-54F36230B151:LeaderElection106] INFO  server.RaftServerConfigKeys (ConfUtils.java:logGet(43)) - raft.server.write.element-limit = 4096 (default)
2019-09-25 07:20:04,367 [e4e40049-2027-4372-8e95-eef07a37110f@group-54F36230B151:LeaderElection106] INFO  server.RaftServerConfigKeys (ConfUtils.java:logGet(43)) - raft.server.watch.timeout = 10s (default)
2019-09-25 07:20:04,367 [e4e40049-2027-4372-8e95-eef07a37110f@group-54F36230B151:LeaderElection106] INFO  server.RaftServerConfigKeys (ConfUtils.java:logGet(43)) - raft.server.watch.timeout.denomination = 1s (default)
2019-09-25 07:20:04,367 [e4e40049-2027-4372-8e95-eef07a37110f@group-54F36230B151:LeaderElection106] INFO  server.RaftServerConfigKeys (ConfUtils.java:logGet(43)) - raft.server.watch.element-limit = 65536 (default)
2019-09-25 07:20:04,369 [e4e40049-2027-4372-8e95-eef07a37110f@group-54F36230B151:LeaderElection106] INFO  impl.RoleInfo (RoleInfo.java:updateAndGet(143)) - e4e40049-2027-4372-8e95-eef07a37110f: start LeaderState
2019-09-25 07:20:04,370 [e4e40049-2027-4372-8e95-eef07a37110f@group-54F36230B151:LeaderElection106] INFO  segmented.SegmentedRaftLogWorker (SegmentedRaftLogWorker.java:startLogSegment(380)) - e4e40049-2027-4372-8e95-eef07a37110f@group-54F36230B151-SegmentedRaftLogWorker: Starting segment from index:0
2019-09-25 07:20:04,370 [e4e40049-2027-4372-8e95-eef07a37110f@group-54F36230B151:LeaderElection106] INFO  impl.RaftServerImpl (ServerState.java:setRaftConf(354)) - e4e40049-2027-4372-8e95-eef07a37110f@group-54F36230B151: set configuration 0: [e4e40049-2027-4372-8e95-eef07a37110f:192.168.30.10:43343], old=null at 0
2019-09-25 07:20:04,383 [Thread-1563] INFO  impl.FollowerState (FollowerState.java:run(106)) - e4e40049-2027-4372-8e95-eef07a37110f:group-FF41813CB691 changes to CANDIDATE, lastRpcTime:5198, electionTimeout:5198ms
2019-09-25 07:20:04,383 [Thread-1563] INFO  impl.RoleInfo (RoleInfo.java:shutdownFollowerState(121)) - e4e40049-2027-4372-8e95-eef07a37110f: shutdown FollowerState
2019-09-25 07:20:04,383 [Thread-1563] INFO  impl.RaftServerImpl (RaftServerImpl.java:setRole(174)) - e4e40049-2027-4372-8e95-eef07a37110f@group-FF41813CB691: changes role from  FOLLOWER to CANDIDATE at term 0 for changeToCandidate
2019-09-25 07:20:04,383 [Thread-1563] INFO  impl.RoleInfo (RoleInfo.java:updateAndGet(143)) - e4e40049-2027-4372-8e95-eef07a37110f: start LeaderElection
2019-09-25 07:20:04,424 [e4e40049-2027-4372-8e95-eef07a37110f@group-54F36230B151-SegmentedRaftLogWorker] INFO  segmented.SegmentedRaftLogWorker (SegmentedRaftLogWorker.java:execute(569)) - e4e40049-2027-4372-8e95-eef07a37110f@group-54F36230B151-SegmentedRaftLogWorker: created new log segment /workdir/hadoop-ozone/ozonefs/target/test-dir/MiniOzoneClusterImpl-a99f6f92-dd73-499d-99af-4102c4e47462/datanode-2/data/ratis/0f44209d-02ed-48e0-aa88-54f36230b151/current/log_inprogress_0
2019-09-25 07:20:04,424 [e4e40049-2027-4372-8e95-eef07a37110f@group-FF41813CB691:LeaderElection107] INFO  impl.LeaderElection (LeaderElection.java:askForVotes(182)) - e4e40049-2027-4372-8e95-eef07a37110f@group-FF41813CB691:LeaderElection107: begin an election at term 1 for -1: [e4e40049-2027-4372-8e95-eef07a37110f:192.168.30.10:43343], old=null
2019-09-25 07:20:04,424 [e4e40049-2027-4372-8e95-eef07a37110f@group-FF41813CB691:LeaderElection107] INFO  impl.RoleInfo (RoleInfo.java:shutdownLeaderElection(134)) - e4e40049-2027-4372-8e95-eef07a37110f: shutdown LeaderElection
2019-09-25 07:20:04,424 [e4e40049-2027-4372-8e95-eef07a37110f@group-FF41813CB691:LeaderElection107] INFO  impl.RaftServerImpl (RaftServerImpl.java:setRole(174)) - e4e40049-2027-4372-8e95-eef07a37110f@group-FF41813CB691: changes role from CANDIDATE to LEADER at term 1 for changeToLeader
2019-09-25 07:20:04,424 [e4e40049-2027-4372-8e95-eef07a37110f@group-FF41813CB691:LeaderElection107] INFO  impl.RaftServerImpl (ServerState.java:setLeader(253)) - e4e40049-2027-4372-8e95-eef07a37110f@group-FF41813CB691: change Leader from null to e4e40049-2027-4372-8e95-eef07a37110f at term 1 for becomeLeader, leader elected after 5244ms
2019-09-25 07:20:04,425 [e4e40049-2027-4372-8e95-eef07a37110f@group-FF41813CB691:LeaderElection107] INFO  server.RaftServerConfigKeys (ConfUtils.java:logGet(43)) - raft.server.staging.catchup.gap = 1000 (default)
2019-09-25 07:20:04,425 [e4e40049-2027-4372-8e95-eef07a37110f@group-FF41813CB691:LeaderElection107] INFO  server.RaftServerConfigKeys (ConfUtils.java:logGet(43)) - raft.server.rpc.sleep.time = 25ms (default)
2019-09-25 07:20:04,425 [e4e40049-2027-4372-8e95-eef07a37110f@group-FF41813CB691:LeaderElection107] INFO  server.RaftServerConfigKeys (ConfUtils.java:logGet(43)) - raft.server.write.element-limit = 4096 (default)
2019-09-25 07:20:04,425 [e4e40049-2027-4372-8e95-eef07a37110f@group-FF41813CB691:LeaderElection107] INFO  server.RaftServerConfigKeys (ConfUtils.java:logGet(43)) - raft.server.watch.timeout = 10s (default)
2019-09-25 07:20:04,425 [e4e40049-2027-4372-8e95-eef07a37110f@group-FF41813CB691:LeaderElection107] INFO  server.RaftServerConfigKeys (ConfUtils.java:logGet(43)) - raft.server.watch.timeout.denomination = 1s (default)
2019-09-25 07:20:04,426 [e4e40049-2027-4372-8e95-eef07a37110f@group-FF41813CB691:LeaderElection107] INFO  server.RaftServerConfigKeys (ConfUtils.java:logGet(43)) - raft.server.watch.element-limit = 65536 (default)
2019-09-25 07:20:04,428 [e4e40049-2027-4372-8e95-eef07a37110f@group-FF41813CB691:LeaderElection107] INFO  impl.RoleInfo (RoleInfo.java:updateAndGet(143)) - e4e40049-2027-4372-8e95-eef07a37110f: start LeaderState
2019-09-25 07:20:04,428 [e4e40049-2027-4372-8e95-eef07a37110f@group-FF41813CB691:LeaderElection107] INFO  segmented.SegmentedRaftLogWorker (SegmentedRaftLogWorker.java:startLogSegment(380)) - e4e40049-2027-4372-8e95-eef07a37110f@group-FF41813CB691-SegmentedRaftLogWorker: Starting segment from index:0
2019-09-25 07:20:04,429 [e4e40049-2027-4372-8e95-eef07a37110f@group-FF41813CB691:LeaderElection107] INFO  impl.RaftServerImpl (ServerState.java:setRaftConf(354)) - e4e40049-2027-4372-8e95-eef07a37110f@group-FF41813CB691: set configuration 0: [e4e40049-2027-4372-8e95-eef07a37110f:192.168.30.10:43343], old=null at 0
2019-09-25 07:20:04,459 [Thread-1569] INFO  impl.FollowerState (FollowerState.java:run(106)) - e4e40049-2027-4372-8e95-eef07a37110f:group-C564B0F4FBA1 changes to CANDIDATE, lastRpcTime:5192, electionTimeout:5192ms
2019-09-25 07:20:04,459 [Thread-1569] INFO  impl.RoleInfo (RoleInfo.java:shutdownFollowerState(121)) - e4e40049-2027-4372-8e95-eef07a37110f: shutdown FollowerState
2019-09-25 07:20:04,459 [Thread-1569] INFO  impl.RaftServerImpl (RaftServerImpl.java:setRole(174)) - e4e40049-2027-4372-8e95-eef07a37110f@group-C564B0F4FBA1: changes role from  FOLLOWER to CANDIDATE at term 0 for changeToCandidate
2019-09-25 07:20:04,459 [Thread-1569] INFO  impl.RoleInfo (RoleInfo.java:updateAndGet(143)) - e4e40049-2027-4372-8e95-eef07a37110f: start LeaderElection
2019-09-25 07:20:04,476 [e4e40049-2027-4372-8e95-eef07a37110f@group-FF41813CB691-SegmentedRaftLogWorker] INFO  segmented.SegmentedRaftLogWorker (SegmentedRaftLogWorker.java:execute(569)) - e4e40049-2027-4372-8e95-eef07a37110f@group-FF41813CB691-SegmentedRaftLogWorker: created new log segment /workdir/hadoop-ozone/ozonefs/target/test-dir/MiniOzoneClusterImpl-a99f6f92-dd73-499d-99af-4102c4e47462/datanode-2/data/ratis/f2ebdb74-8c70-4140-82c1-ff41813cb691/current/log_inprogress_0
2019-09-25 07:20:04,476 [e4e40049-2027-4372-8e95-eef07a37110f@group-C564B0F4FBA1:LeaderElection108] INFO  impl.LeaderElection (LeaderElection.java:askForVotes(182)) - e4e40049-2027-4372-8e95-eef07a37110f@group-C564B0F4FBA1:LeaderElection108: begin an election at term 1 for -1: [e4e40049-2027-4372-8e95-eef07a37110f:192.168.30.10:43343], old=null
2019-09-25 07:20:04,476 [e4e40049-2027-4372-8e95-eef07a37110f@group-C564B0F4FBA1:LeaderElection108] INFO  impl.RoleInfo (RoleInfo.java:shutdownLeaderElection(134)) - e4e40049-2027-4372-8e95-eef07a37110f: shutdown LeaderElection
2019-09-25 07:20:04,476 [e4e40049-2027-4372-8e95-eef07a37110f@group-C564B0F4FBA1:LeaderElection108] INFO  impl.RaftServerImpl (RaftServerImpl.java:setRole(174)) - e4e40049-2027-4372-8e95-eef07a37110f@group-C564B0F4FBA1: changes role from CANDIDATE to LEADER at term 1 for changeToLeader
2019-09-25 07:20:04,476 [e4e40049-2027-4372-8e95-eef07a37110f@group-C564B0F4FBA1:LeaderElection108] INFO  impl.RaftServerImpl (ServerState.java:setLeader(253)) - e4e40049-2027-4372-8e95-eef07a37110f@group-C564B0F4FBA1: change Leader from null to e4e40049-2027-4372-8e95-eef07a37110f at term 1 for becomeLeader, leader elected after 5214ms
2019-09-25 07:20:04,476 [e4e40049-2027-4372-8e95-eef07a37110f@group-C564B0F4FBA1:LeaderElection108] INFO  server.RaftServerConfigKeys (ConfUtils.java:logGet(43)) - raft.server.staging.catchup.gap = 1000 (default)
2019-09-25 07:20:04,477 [e4e40049-2027-4372-8e95-eef07a37110f@group-C564B0F4FBA1:LeaderElection108] INFO  server.RaftServerConfigKeys (ConfUtils.java:logGet(43)) - raft.server.rpc.sleep.time = 25ms (default)
2019-09-25 07:20:04,477 [e4e40049-2027-4372-8e95-eef07a37110f@group-C564B0F4FBA1:LeaderElection108] INFO  server.RaftServerConfigKeys (ConfUtils.java:logGet(43)) - raft.server.write.element-limit = 4096 (default)
2019-09-25 07:20:04,477 [e4e40049-2027-4372-8e95-eef07a37110f@group-C564B0F4FBA1:LeaderElection108] INFO  server.RaftServerConfigKeys (ConfUtils.java:logGet(43)) - raft.server.watch.timeout = 10s (default)
2019-09-25 07:20:04,477 [e4e40049-2027-4372-8e95-eef07a37110f@group-C564B0F4FBA1:LeaderElection108] INFO  server.RaftServerConfigKeys (ConfUtils.java:logGet(43)) - raft.server.watch.timeout.denomination = 1s (default)
2019-09-25 07:20:04,477 [e4e40049-2027-4372-8e95-eef07a37110f@group-C564B0F4FBA1:LeaderElection108] INFO  server.RaftServerConfigKeys (ConfUtils.java:logGet(43)) - raft.server.watch.element-limit = 65536 (default)
2019-09-25 07:20:04,479 [e4e40049-2027-4372-8e95-eef07a37110f@group-C564B0F4FBA1:LeaderElection108] INFO  impl.RoleInfo (RoleInfo.java:updateAndGet(143)) - e4e40049-2027-4372-8e95-eef07a37110f: start LeaderState
2019-09-25 07:20:04,480 [e4e40049-2027-4372-8e95-eef07a37110f@group-C564B0F4FBA1:LeaderElection108] INFO  segmented.SegmentedRaftLogWorker (SegmentedRaftLogWorker.java:startLogSegment(380)) - e4e40049-2027-4372-8e95-eef07a37110f@group-C564B0F4FBA1-SegmentedRaftLogWorker: Starting segment from index:0
2019-09-25 07:20:04,480 [e4e40049-2027-4372-8e95-eef07a37110f@group-C564B0F4FBA1:LeaderElection108] INFO  impl.RaftServerImpl (ServerState.java:setRaftConf(354)) - e4e40049-2027-4372-8e95-eef07a37110f@group-C564B0F4FBA1: set configuration 0: [e4e40049-2027-4372-8e95-eef07a37110f:192.168.30.10:43343], old=null at 0
2019-09-25 07:20:04,528 [e4e40049-2027-4372-8e95-eef07a37110f@group-C564B0F4FBA1-SegmentedRaftLogWorker] INFO  segmented.SegmentedRaftLogWorker (SegmentedRaftLogWorker.java:execute(569)) - e4e40049-2027-4372-8e95-eef07a37110f@group-C564B0F4FBA1-SegmentedRaftLogWorker: created new log segment /workdir/hadoop-ozone/ozonefs/target/test-dir/MiniOzoneClusterImpl-a99f6f92-dd73-499d-99af-4102c4e47462/datanode-2/data/ratis/44330651-78d9-4a4e-8cd5-c564b0f4fba1/current/log_inprogress_0
2019-09-25 07:20:04,779 [Thread-1344] INFO  ozoneimpl.OzoneContainer (OzoneContainer.java:stop(231)) - Attempting to stop container services.
2019-09-25 07:20:04,779 [ForkJoinPool.commonPool-worker-0] INFO  ozoneimpl.OzoneContainer (OzoneContainer.java:stop(231)) - Attempting to stop container services.
2019-09-25 07:20:04,780 [Thread-1344] INFO  impl.RaftServerProxy (RaftServerProxy.java:lambda$close$4(314)) - 1f2e38a2-0128-463d-8529-15ece9a8cfb5: close
2019-09-25 07:20:04,780 [ForkJoinPool.commonPool-worker-0] INFO  impl.RaftServerProxy (RaftServerProxy.java:lambda$close$4(314)) - 14c372b8-c6a2-43bc-9321-f88ebc8119bc: close
2019-09-25 07:20:04,780 [Thread-1344] INFO  impl.RaftServerImpl (RaftServerImpl.java:lambda$shutdown$3(251)) - 1f2e38a2-0128-463d-8529-15ece9a8cfb5@group-31E4A7370676: shutdown
2019-09-25 07:20:04,780 [ForkJoinPool.commonPool-worker-0] INFO  impl.RaftServerImpl (RaftServerImpl.java:lambda$shutdown$3(251)) - 14c372b8-c6a2-43bc-9321-f88ebc8119bc@group-32D3A9B39300: shutdown
2019-09-25 07:20:04,781 [Thread-1344] INFO  util.JmxRegister (JmxRegister.java:unregister(73)) - Successfully un-registered JMX Bean with object name Ratis:service=RaftServer,group=group-31E4A7370676,id=1f2e38a2-0128-463d-8529-15ece9a8cfb5
2019-09-25 07:20:04,781 [ForkJoinPool.commonPool-worker-0] INFO  util.JmxRegister (JmxRegister.java:unregister(73)) - Successfully un-registered JMX Bean with object name Ratis:service=RaftServer,group=group-32D3A9B39300,id=14c372b8-c6a2-43bc-9321-f88ebc8119bc
2019-09-25 07:20:04,781 [Thread-1344] INFO  impl.RoleInfo (RoleInfo.java:shutdownLeaderState(104)) - 1f2e38a2-0128-463d-8529-15ece9a8cfb5: shutdown LeaderState
2019-09-25 07:20:04,781 [ForkJoinPool.commonPool-worker-0] INFO  impl.RoleInfo (RoleInfo.java:shutdownLeaderState(104)) - 14c372b8-c6a2-43bc-9321-f88ebc8119bc: shutdown LeaderState
2019-09-25 07:20:04,782 [Thread-1344] INFO  impl.PendingRequests (PendingRequests.java:sendNotLeaderResponses(202)) - 1f2e38a2-0128-463d-8529-15ece9a8cfb5-PendingRequests: sendNotLeaderResponses
2019-09-25 07:20:04,782 [ForkJoinPool.commonPool-worker-0] INFO  impl.PendingRequests (PendingRequests.java:sendNotLeaderResponses(202)) - 14c372b8-c6a2-43bc-9321-f88ebc8119bc-PendingRequests: sendNotLeaderResponses
2019-09-25 07:20:04,782 [Thread-1344] INFO  impl.StateMachineUpdater (StateMachineUpdater.java:stopAndJoin(125)) - 1f2e38a2-0128-463d-8529-15ece9a8cfb5@group-31E4A7370676-StateMachineUpdater: set stopIndex = 0
2019-09-25 07:20:04,783 [ForkJoinPool.commonPool-worker-0] INFO  impl.StateMachineUpdater (StateMachineUpdater.java:stopAndJoin(125)) - 14c372b8-c6a2-43bc-9321-f88ebc8119bc@group-32D3A9B39300-StateMachineUpdater: set stopIndex = 0
2019-09-25 07:20:04,783 [Thread-1344] INFO  impl.RaftServerImpl (ServerState.java:close(385)) - 1f2e38a2-0128-463d-8529-15ece9a8cfb5@group-31E4A7370676: closes. applyIndex: 0
2019-09-25 07:20:04,783 [ForkJoinPool.commonPool-worker-0] INFO  impl.RaftServerImpl (ServerState.java:close(385)) - 14c372b8-c6a2-43bc-9321-f88ebc8119bc@group-32D3A9B39300: closes. applyIndex: 0
2019-09-25 07:20:04,784 [1f2e38a2-0128-463d-8529-15ece9a8cfb5@group-31E4A7370676-SegmentedRaftLogWorker] INFO  segmented.SegmentedRaftLogWorker (SegmentedRaftLogWorker.java:run(313)) - 1f2e38a2-0128-463d-8529-15ece9a8cfb5@group-31E4A7370676-SegmentedRaftLogWorker was interrupted, exiting. There are 0 tasks remaining in the queue.
2019-09-25 07:20:04,784 [14c372b8-c6a2-43bc-9321-f88ebc8119bc@group-32D3A9B39300-SegmentedRaftLogWorker] INFO  segmented.SegmentedRaftLogWorker (SegmentedRaftLogWorker.java:run(313)) - 14c372b8-c6a2-43bc-9321-f88ebc8119bc@group-32D3A9B39300-SegmentedRaftLogWorker was interrupted, exiting. There are 0 tasks remaining in the queue.
2019-09-25 07:20:04,784 [Thread-1344] INFO  segmented.SegmentedRaftLogWorker (SegmentedRaftLogWorker.java:close(228)) - 1f2e38a2-0128-463d-8529-15ece9a8cfb5@group-31E4A7370676-SegmentedRaftLogWorker close()
2019-09-25 07:20:04,784 [ForkJoinPool.commonPool-worker-0] INFO  segmented.SegmentedRaftLogWorker (SegmentedRaftLogWorker.java:close(228)) - 14c372b8-c6a2-43bc-9321-f88ebc8119bc@group-32D3A9B39300-SegmentedRaftLogWorker close()
2019-09-25 07:20:04,787 [Thread-1344] INFO  impl.RaftServerImpl (RaftServerImpl.java:lambda$shutdown$3(251)) - 1f2e38a2-0128-463d-8529-15ece9a8cfb5@group-58CC91D6735B: shutdown
2019-09-25 07:20:04,789 [ForkJoinPool.commonPool-worker-0] INFO  impl.RaftServerImpl (RaftServerImpl.java:lambda$shutdown$3(251)) - 14c372b8-c6a2-43bc-9321-f88ebc8119bc@group-680818F8AF82: shutdown
2019-09-25 07:20:04,789 [Thread-1344] INFO  util.JmxRegister (JmxRegister.java:unregister(73)) - Successfully un-registered JMX Bean with object name Ratis:service=RaftServer,group=group-58CC91D6735B,id=1f2e38a2-0128-463d-8529-15ece9a8cfb5
2019-09-25 07:20:04,790 [ForkJoinPool.commonPool-worker-0] INFO  util.JmxRegister (JmxRegister.java:unregister(73)) - Successfully un-registered JMX Bean with object name Ratis:service=RaftServer,group=group-680818F8AF82,id=14c372b8-c6a2-43bc-9321-f88ebc8119bc
2019-09-25 07:20:04,790 [Thread-1344] INFO  impl.RoleInfo (RoleInfo.java:shutdownLeaderState(104)) - 1f2e38a2-0128-463d-8529-15ece9a8cfb5: shutdown LeaderState
2019-09-25 07:20:04,790 [ForkJoinPool.commonPool-worker-0] INFO  impl.RoleInfo (RoleInfo.java:shutdownLeaderState(104)) - 14c372b8-c6a2-43bc-9321-f88ebc8119bc: shutdown LeaderState
2019-09-25 07:20:04,791 [Thread-1344] INFO  impl.PendingRequests (PendingRequests.java:sendNotLeaderResponses(202)) - 1f2e38a2-0128-463d-8529-15ece9a8cfb5-PendingRequests: sendNotLeaderResponses
2019-09-25 07:20:04,791 [ForkJoinPool.commonPool-worker-0] INFO  impl.PendingRequests (PendingRequests.java:sendNotLeaderResponses(202)) - 14c372b8-c6a2-43bc-9321-f88ebc8119bc-PendingRequests: sendNotLeaderResponses
2019-09-25 07:20:04,791 [Thread-1344] INFO  impl.StateMachineUpdater (StateMachineUpdater.java:stopAndJoin(125)) - 1f2e38a2-0128-463d-8529-15ece9a8cfb5@group-58CC91D6735B-StateMachineUpdater: set stopIndex = 0
2019-09-25 07:20:04,792 [ForkJoinPool.commonPool-worker-0] INFO  impl.StateMachineUpdater (StateMachineUpdater.java:stopAndJoin(125)) - 14c372b8-c6a2-43bc-9321-f88ebc8119bc@group-680818F8AF82-StateMachineUpdater: set stopIndex = 0
2019-09-25 07:20:04,792 [Thread-1344] INFO  impl.RaftServerImpl (ServerState.java:close(385)) - 1f2e38a2-0128-463d-8529-15ece9a8cfb5@group-58CC91D6735B: closes. applyIndex: 0
2019-09-25 07:20:04,792 [ForkJoinPool.commonPool-worker-0] INFO  impl.RaftServerImpl (ServerState.java:close(385)) - 14c372b8-c6a2-43bc-9321-f88ebc8119bc@group-680818F8AF82: closes. applyIndex: 0
2019-09-25 07:20:04,793 [1f2e38a2-0128-463d-8529-15ece9a8cfb5@group-58CC91D6735B-SegmentedRaftLogWorker] INFO  segmented.SegmentedRaftLogWorker (SegmentedRaftLogWorker.java:run(313)) - 1f2e38a2-0128-463d-8529-15ece9a8cfb5@group-58CC91D6735B-SegmentedRaftLogWorker was interrupted, exiting. There are 0 tasks remaining in the queue.
2019-09-25 07:20:04,793 [14c372b8-c6a2-43bc-9321-f88ebc8119bc@group-680818F8AF82-SegmentedRaftLogWorker] INFO  segmented.SegmentedRaftLogWorker (SegmentedRaftLogWorker.java:run(313)) - 14c372b8-c6a2-43bc-9321-f88ebc8119bc@group-680818F8AF82-SegmentedRaftLogWorker was interrupted, exiting. There are 0 tasks remaining in the queue.
2019-09-25 07:20:04,793 [Thread-1344] INFO  segmented.SegmentedRaftLogWorker (SegmentedRaftLogWorker.java:close(228)) - 1f2e38a2-0128-463d-8529-15ece9a8cfb5@group-58CC91D6735B-SegmentedRaftLogWorker close()
2019-09-25 07:20:04,793 [ForkJoinPool.commonPool-worker-0] INFO  segmented.SegmentedRaftLogWorker (SegmentedRaftLogWorker.java:close(228)) - 14c372b8-c6a2-43bc-9321-f88ebc8119bc@group-680818F8AF82-SegmentedRaftLogWorker close()
2019-09-25 07:20:04,796 [Thread-1344] INFO  impl.RaftServerImpl (RaftServerImpl.java:lambda$shutdown$3(251)) - 1f2e38a2-0128-463d-8529-15ece9a8cfb5@group-17716A633F81: shutdown
2019-09-25 07:20:04,798 [ForkJoinPool.commonPool-worker-0] INFO  impl.RaftServerImpl (RaftServerImpl.java:lambda$shutdown$3(251)) - 14c372b8-c6a2-43bc-9321-f88ebc8119bc@group-A14D2F872939: shutdown
2019-09-25 07:20:04,798 [Thread-1344] INFO  util.JmxRegister (JmxRegister.java:unregister(73)) - Successfully un-registered JMX Bean with object name Ratis:service=RaftServer,group=group-17716A633F81,id=1f2e38a2-0128-463d-8529-15ece9a8cfb5
2019-09-25 07:20:04,799 [ForkJoinPool.commonPool-worker-0] INFO  util.JmxRegister (JmxRegister.java:unregister(73)) - Successfully un-registered JMX Bean with object name Ratis:service=RaftServer,group=group-A14D2F872939,id=14c372b8-c6a2-43bc-9321-f88ebc8119bc
2019-09-25 07:20:04,799 [Thread-1344] INFO  impl.RoleInfo (RoleInfo.java:shutdownLeaderState(104)) - 1f2e38a2-0128-463d-8529-15ece9a8cfb5: shutdown LeaderState
2019-09-25 07:20:04,799 [ForkJoinPool.commonPool-worker-0] INFO  impl.RoleInfo (RoleInfo.java:shutdownLeaderState(104)) - 14c372b8-c6a2-43bc-9321-f88ebc8119bc: shutdown LeaderState
2019-09-25 07:20:04,799 [Thread-1344] INFO  impl.PendingRequests (PendingRequests.java:sendNotLeaderResponses(202)) - 1f2e38a2-0128-463d-8529-15ece9a8cfb5-PendingRequests: sendNotLeaderResponses
2019-09-25 07:20:04,800 [ForkJoinPool.commonPool-worker-0] INFO  impl.PendingRequests (PendingRequests.java:sendNotLeaderResponses(202)) - 14c372b8-c6a2-43bc-9321-f88ebc8119bc-PendingRequests: sendNotLeaderResponses
2019-09-25 07:20:04,800 [Thread-1344] INFO  impl.StateMachineUpdater (StateMachineUpdater.java:stopAndJoin(125)) - 1f2e38a2-0128-463d-8529-15ece9a8cfb5@group-17716A633F81-StateMachineUpdater: set stopIndex = 0
2019-09-25 07:20:04,800 [Thread-1344] INFO  impl.RaftServerImpl (ServerState.java:close(385)) - 1f2e38a2-0128-463d-8529-15ece9a8cfb5@group-17716A633F81: closes. applyIndex: 0
2019-09-25 07:20:04,800 [ForkJoinPool.commonPool-worker-0] INFO  impl.StateMachineUpdater (StateMachineUpdater.java:stopAndJoin(125)) - 14c372b8-c6a2-43bc-9321-f88ebc8119bc@group-A14D2F872939-StateMachineUpdater: set stopIndex = 0
2019-09-25 07:20:04,801 [1f2e38a2-0128-463d-8529-15ece9a8cfb5@group-17716A633F81-SegmentedRaftLogWorker] INFO  segmented.SegmentedRaftLogWorker (SegmentedRaftLogWorker.java:run(313)) - 1f2e38a2-0128-463d-8529-15ece9a8cfb5@group-17716A633F81-SegmentedRaftLogWorker was interrupted, exiting. There are 0 tasks remaining in the queue.
2019-09-25 07:20:04,801 [ForkJoinPool.commonPool-worker-0] INFO  impl.RaftServerImpl (ServerState.java:close(385)) - 14c372b8-c6a2-43bc-9321-f88ebc8119bc@group-A14D2F872939: closes. applyIndex: 0
2019-09-25 07:20:04,801 [Thread-1344] INFO  segmented.SegmentedRaftLogWorker (SegmentedRaftLogWorker.java:close(228)) - 1f2e38a2-0128-463d-8529-15ece9a8cfb5@group-17716A633F81-SegmentedRaftLogWorker close()
2019-09-25 07:20:04,801 [14c372b8-c6a2-43bc-9321-f88ebc8119bc@group-A14D2F872939-SegmentedRaftLogWorker] INFO  segmented.SegmentedRaftLogWorker (SegmentedRaftLogWorker.java:run(313)) - 14c372b8-c6a2-43bc-9321-f88ebc8119bc@group-A14D2F872939-SegmentedRaftLogWorker was interrupted, exiting. There are 0 tasks remaining in the queue.
2019-09-25 07:20:04,803 [Thread-1344] INFO  impl.RaftServerImpl (RaftServerImpl.java:lambda$shutdown$3(251)) - 1f2e38a2-0128-463d-8529-15ece9a8cfb5@group-BD56700E93EA: shutdown
2019-09-25 07:20:04,804 [ForkJoinPool.commonPool-worker-0] INFO  segmented.SegmentedRaftLogWorker (SegmentedRaftLogWorker.java:close(228)) - 14c372b8-c6a2-43bc-9321-f88ebc8119bc@group-A14D2F872939-SegmentedRaftLogWorker close()
2019-09-25 07:20:04,804 [Thread-1344] INFO  util.JmxRegister (JmxRegister.java:unregister(73)) - Successfully un-registered JMX Bean with object name Ratis:service=RaftServer,group=group-BD56700E93EA,id=1f2e38a2-0128-463d-8529-15ece9a8cfb5
2019-09-25 07:20:04,806 [ForkJoinPool.commonPool-worker-0] INFO  impl.RaftServerImpl (RaftServerImpl.java:lambda$shutdown$3(251)) - 14c372b8-c6a2-43bc-9321-f88ebc8119bc@group-B17BAD6F3748: shutdown
2019-09-25 07:20:04,806 [Thread-1344] INFO  impl.RoleInfo (RoleInfo.java:shutdownLeaderState(104)) - 1f2e38a2-0128-463d-8529-15ece9a8cfb5: shutdown LeaderState
2019-09-25 07:20:04,806 [ForkJoinPool.commonPool-worker-0] INFO  util.JmxRegister (JmxRegister.java:unregister(73)) - Successfully un-registered JMX Bean with object name Ratis:service=RaftServer,group=group-B17BAD6F3748,id=14c372b8-c6a2-43bc-9321-f88ebc8119bc
2019-09-25 07:20:04,807 [Thread-1344] INFO  impl.PendingRequests (PendingRequests.java:sendNotLeaderResponses(202)) - 1f2e38a2-0128-463d-8529-15ece9a8cfb5-PendingRequests: sendNotLeaderResponses
2019-09-25 07:20:04,807 [ForkJoinPool.commonPool-worker-0] INFO  impl.RoleInfo (RoleInfo.java:shutdownLeaderState(104)) - 14c372b8-c6a2-43bc-9321-f88ebc8119bc: shutdown LeaderState
2019-09-25 07:20:04,807 [Thread-1344] INFO  impl.StateMachineUpdater (StateMachineUpdater.java:stopAndJoin(125)) - 1f2e38a2-0128-463d-8529-15ece9a8cfb5@group-BD56700E93EA-StateMachineUpdater: set stopIndex = 0
2019-09-25 07:20:04,808 [Thread-1344] INFO  impl.RaftServerImpl (ServerState.java:close(385)) - 1f2e38a2-0128-463d-8529-15ece9a8cfb5@group-BD56700E93EA: closes. applyIndex: 0
2019-09-25 07:20:04,807 [ForkJoinPool.commonPool-worker-0] INFO  impl.PendingRequests (PendingRequests.java:sendNotLeaderResponses(202)) - 14c372b8-c6a2-43bc-9321-f88ebc8119bc-PendingRequests: sendNotLeaderResponses
2019-09-25 07:20:04,808 [1f2e38a2-0128-463d-8529-15ece9a8cfb5@group-BD56700E93EA-SegmentedRaftLogWorker] INFO  segmented.SegmentedRaftLogWorker (SegmentedRaftLogWorker.java:run(313)) - 1f2e38a2-0128-463d-8529-15ece9a8cfb5@group-BD56700E93EA-SegmentedRaftLogWorker was interrupted, exiting. There are 0 tasks remaining in the queue.
2019-09-25 07:20:04,808 [ForkJoinPool.commonPool-worker-0] INFO  impl.StateMachineUpdater (StateMachineUpdater.java:stopAndJoin(125)) - 14c372b8-c6a2-43bc-9321-f88ebc8119bc@group-B17BAD6F3748-StateMachineUpdater: set stopIndex = 0
2019-09-25 07:20:04,808 [Thread-1344] INFO  segmented.SegmentedRaftLogWorker (SegmentedRaftLogWorker.java:close(228)) - 1f2e38a2-0128-463d-8529-15ece9a8cfb5@group-BD56700E93EA-SegmentedRaftLogWorker close()
2019-09-25 07:20:04,808 [ForkJoinPool.commonPool-worker-0] INFO  impl.RaftServerImpl (ServerState.java:close(385)) - 14c372b8-c6a2-43bc-9321-f88ebc8119bc@group-B17BAD6F3748: closes. applyIndex: 0
2019-09-25 07:20:04,811 [Thread-1344] INFO  impl.RaftServerImpl (RaftServerImpl.java:lambda$shutdown$3(251)) - 1f2e38a2-0128-463d-8529-15ece9a8cfb5@group-AF0545EE165C: shutdown
2019-09-25 07:20:04,811 [14c372b8-c6a2-43bc-9321-f88ebc8119bc@group-B17BAD6F3748-SegmentedRaftLogWorker] INFO  segmented.SegmentedRaftLogWorker (SegmentedRaftLogWorker.java:run(313)) - 14c372b8-c6a2-43bc-9321-f88ebc8119bc@group-B17BAD6F3748-SegmentedRaftLogWorker was interrupted, exiting. There are 0 tasks remaining in the queue.
2019-09-25 07:20:04,811 [Thread-1344] INFO  util.JmxRegister (JmxRegister.java:unregister(73)) - Successfully un-registered JMX Bean with object name Ratis:service=RaftServer,group=group-AF0545EE165C,id=1f2e38a2-0128-463d-8529-15ece9a8cfb5
2019-09-25 07:20:04,811 [ForkJoinPool.commonPool-worker-0] INFO  segmented.SegmentedRaftLogWorker (SegmentedRaftLogWorker.java:close(228)) - 14c372b8-c6a2-43bc-9321-f88ebc8119bc@group-B17BAD6F3748-SegmentedRaftLogWorker close()
2019-09-25 07:20:04,811 [Thread-1344] INFO  impl.RoleInfo (RoleInfo.java:shutdownLeaderState(104)) - 1f2e38a2-0128-463d-8529-15ece9a8cfb5: shutdown LeaderState
2019-09-25 07:20:04,813 [ForkJoinPool.commonPool-worker-0] INFO  impl.RaftServerImpl (RaftServerImpl.java:lambda$shutdown$3(251)) - 14c372b8-c6a2-43bc-9321-f88ebc8119bc@group-F148D99597FC: shutdown
2019-09-25 07:20:04,813 [Thread-1344] INFO  impl.PendingRequests (PendingRequests.java:sendNotLeaderResponses(202)) - 1f2e38a2-0128-463d-8529-15ece9a8cfb5-PendingRequests: sendNotLeaderResponses
2019-09-25 07:20:04,814 [ForkJoinPool.commonPool-worker-0] INFO  util.JmxRegister (JmxRegister.java:unregister(73)) - Successfully un-registered JMX Bean with object name Ratis:service=RaftServer,group=group-F148D99597FC,id=14c372b8-c6a2-43bc-9321-f88ebc8119bc
2019-09-25 07:20:04,814 [Thread-1344] INFO  impl.StateMachineUpdater (StateMachineUpdater.java:stopAndJoin(125)) - 1f2e38a2-0128-463d-8529-15ece9a8cfb5@group-AF0545EE165C-StateMachineUpdater: set stopIndex = 0
2019-09-25 07:20:04,814 [ForkJoinPool.commonPool-worker-0] INFO  impl.RoleInfo (RoleInfo.java:shutdownLeaderState(104)) - 14c372b8-c6a2-43bc-9321-f88ebc8119bc: shutdown LeaderState
2019-09-25 07:20:04,814 [Thread-1344] INFO  impl.RaftServerImpl (ServerState.java:close(385)) - 1f2e38a2-0128-463d-8529-15ece9a8cfb5@group-AF0545EE165C: closes. applyIndex: 0
2019-09-25 07:20:04,815 [ForkJoinPool.commonPool-worker-0] INFO  impl.PendingRequests (PendingRequests.java:sendNotLeaderResponses(202)) - 14c372b8-c6a2-43bc-9321-f88ebc8119bc-PendingRequests: sendNotLeaderResponses
2019-09-25 07:20:04,815 [1f2e38a2-0128-463d-8529-15ece9a8cfb5@group-AF0545EE165C-SegmentedRaftLogWorker] INFO  segmented.SegmentedRaftLogWorker (SegmentedRaftLogWorker.java:run(313)) - 1f2e38a2-0128-463d-8529-15ece9a8cfb5@group-AF0545EE165C-SegmentedRaftLogWorker was interrupted, exiting. There are 0 tasks remaining in the queue.
2019-09-25 07:20:04,815 [ForkJoinPool.commonPool-worker-0] INFO  impl.StateMachineUpdater (StateMachineUpdater.java:stopAndJoin(125)) - 14c372b8-c6a2-43bc-9321-f88ebc8119bc@group-F148D99597FC-StateMachineUpdater: set stopIndex = 0
2019-09-25 07:20:04,815 [Thread-1344] INFO  segmented.SegmentedRaftLogWorker (SegmentedRaftLogWorker.java:close(228)) - 1f2e38a2-0128-463d-8529-15ece9a8cfb5@group-AF0545EE165C-SegmentedRaftLogWorker close()
2019-09-25 07:20:04,815 [ForkJoinPool.commonPool-worker-0] INFO  impl.RaftServerImpl (ServerState.java:close(385)) - 14c372b8-c6a2-43bc-9321-f88ebc8119bc@group-F148D99597FC: closes. applyIndex: 0
2019-09-25 07:20:04,817 [Thread-1344] INFO  impl.RaftServerImpl (RaftServerImpl.java:lambda$shutdown$3(251)) - 1f2e38a2-0128-463d-8529-15ece9a8cfb5@group-E3528613A748: shutdown
2019-09-25 07:20:04,818 [14c372b8-c6a2-43bc-9321-f88ebc8119bc@group-F148D99597FC-SegmentedRaftLogWorker] INFO  segmented.SegmentedRaftLogWorker (SegmentedRaftLogWorker.java:run(313)) - 14c372b8-c6a2-43bc-9321-f88ebc8119bc@group-F148D99597FC-SegmentedRaftLogWorker was interrupted, exiting. There are 0 tasks remaining in the queue.
2019-09-25 07:20:04,818 [Thread-1344] INFO  util.JmxRegister (JmxRegister.java:unregister(73)) - Successfully un-registered JMX Bean with object name Ratis:service=RaftServer,group=group-E3528613A748,id=1f2e38a2-0128-463d-8529-15ece9a8cfb5
2019-09-25 07:20:04,818 [ForkJoinPool.commonPool-worker-0] INFO  segmented.SegmentedRaftLogWorker (SegmentedRaftLogWorker.java:close(228)) - 14c372b8-c6a2-43bc-9321-f88ebc8119bc@group-F148D99597FC-SegmentedRaftLogWorker close()
2019-09-25 07:20:04,818 [Thread-1344] INFO  impl.RoleInfo (RoleInfo.java:shutdownLeaderState(104)) - 1f2e38a2-0128-463d-8529-15ece9a8cfb5: shutdown LeaderState
2019-09-25 07:20:04,820 [ForkJoinPool.commonPool-worker-0] INFO  impl.RaftServerImpl (RaftServerImpl.java:lambda$shutdown$3(251)) - 14c372b8-c6a2-43bc-9321-f88ebc8119bc@group-9C4DD6EB6003: shutdown
2019-09-25 07:20:04,820 [Thread-1344] INFO  impl.PendingRequests (PendingRequests.java:sendNotLeaderResponses(202)) - 1f2e38a2-0128-463d-8529-15ece9a8cfb5-PendingRequests: sendNotLeaderResponses
2019-09-25 07:20:04,820 [ForkJoinPool.commonPool-worker-0] INFO  util.JmxRegister (JmxRegister.java:unregister(73)) - Successfully un-registered JMX Bean with object name Ratis:service=RaftServer,group=group-9C4DD6EB6003,id=14c372b8-c6a2-43bc-9321-f88ebc8119bc
2019-09-25 07:20:04,821 [Thread-1344] INFO  impl.StateMachineUpdater (StateMachineUpdater.java:stopAndJoin(125)) - 1f2e38a2-0128-463d-8529-15ece9a8cfb5@group-E3528613A748-StateMachineUpdater: set stopIndex = 0
2019-09-25 07:20:04,821 [ForkJoinPool.commonPool-worker-0] INFO  impl.RoleInfo (RoleInfo.java:shutdownLeaderState(104)) - 14c372b8-c6a2-43bc-9321-f88ebc8119bc: shutdown LeaderState
2019-09-25 07:20:04,821 [Thread-1344] INFO  impl.RaftServerImpl (ServerState.java:close(385)) - 1f2e38a2-0128-463d-8529-15ece9a8cfb5@group-E3528613A748: closes. applyIndex: 0
2019-09-25 07:20:04,821 [ForkJoinPool.commonPool-worker-0] INFO  impl.PendingRequests (PendingRequests.java:sendNotLeaderResponses(202)) - 14c372b8-c6a2-43bc-9321-f88ebc8119bc-PendingRequests: sendNotLeaderResponses
2019-09-25 07:20:04,822 [1f2e38a2-0128-463d-8529-15ece9a8cfb5@group-E3528613A748-SegmentedRaftLogWorker] INFO  segmented.SegmentedRaftLogWorker (SegmentedRaftLogWorker.java:run(313)) - 1f2e38a2-0128-463d-8529-15ece9a8cfb5@group-E3528613A748-SegmentedRaftLogWorker was interrupted, exiting. There are 0 tasks remaining in the queue.
2019-09-25 07:20:04,822 [ForkJoinPool.commonPool-worker-0] INFO  impl.StateMachineUpdater (StateMachineUpdater.java:stopAndJoin(125)) - 14c372b8-c6a2-43bc-9321-f88ebc8119bc@group-9C4DD6EB6003-StateMachineUpdater: set stopIndex = 0
2019-09-25 07:20:04,822 [Thread-1344] INFO  segmented.SegmentedRaftLogWorker (SegmentedRaftLogWorker.java:close(228)) - 1f2e38a2-0128-463d-8529-15ece9a8cfb5@group-E3528613A748-SegmentedRaftLogWorker close()
2019-09-25 07:20:04,822 [ForkJoinPool.commonPool-worker-0] INFO  impl.RaftServerImpl (ServerState.java:close(385)) - 14c372b8-c6a2-43bc-9321-f88ebc8119bc@group-9C4DD6EB6003: closes. applyIndex: 0
2019-09-25 07:20:04,824 [Thread-1344] INFO  server.GrpcService (GrpcService.java:closeImpl(164)) - 1f2e38a2-0128-463d-8529-15ece9a8cfb5: shutdown server with port 33713 now
2019-09-25 07:20:04,824 [14c372b8-c6a2-43bc-9321-f88ebc8119bc@group-9C4DD6EB6003-SegmentedRaftLogWorker] INFO  segmented.SegmentedRaftLogWorker (SegmentedRaftLogWorker.java:run(313)) - 14c372b8-c6a2-43bc-9321-f88ebc8119bc@group-9C4DD6EB6003-SegmentedRaftLogWorker was interrupted, exiting. There are 0 tasks remaining in the queue.
2019-09-25 07:20:04,825 [ForkJoinPool.commonPool-worker-0] INFO  segmented.SegmentedRaftLogWorker (SegmentedRaftLogWorker.java:close(228)) - 14c372b8-c6a2-43bc-9321-f88ebc8119bc@group-9C4DD6EB6003-SegmentedRaftLogWorker close()
2019-09-25 07:20:04,826 [Thread-1344] INFO  server.GrpcService (GrpcService.java:closeImpl(172)) - 1f2e38a2-0128-463d-8529-15ece9a8cfb5: shutdown server with port 33713 successfully
2019-09-25 07:20:04,828 [ForkJoinPool.commonPool-worker-0] INFO  server.GrpcService (GrpcService.java:closeImpl(164)) - 14c372b8-c6a2-43bc-9321-f88ebc8119bc: shutdown server with port 37420 now
2019-09-25 07:20:04,831 [ForkJoinPool.commonPool-worker-0] INFO  server.GrpcService (GrpcService.java:closeImpl(172)) - 14c372b8-c6a2-43bc-9321-f88ebc8119bc: shutdown server with port 37420 successfully
2019-09-25 07:20:04,832 [refreshUsed-/workdir/hadoop-ozone/ozonefs/target/test-dir/MiniOzoneClusterImpl-a99f6f92-dd73-499d-99af-4102c4e47462/datanode-1/data/containers] WARN  fs.CachingGetSpaceUsed (CachingGetSpaceUsed.java:run(183)) - Thread Interrupted waiting to refresh disk information: sleep interrupted
2019-09-25 07:20:04,832 [refreshUsed-/workdir/hadoop-ozone/ozonefs/target/test-dir/MiniOzoneClusterImpl-a99f6f92-dd73-499d-99af-4102c4e47462/datanode-0/data/containers] WARN  fs.CachingGetSpaceUsed (CachingGetSpaceUsed.java:run(183)) - Thread Interrupted waiting to refresh disk information: sleep interrupted
2019-09-25 07:20:04,860 [ForkJoinPool.commonPool-worker-0] INFO  utils.BackgroundService (BackgroundService.java:shutdown(148)) - Shutting down service BlockDeletingService
2019-09-25 07:20:04,874 [ForkJoinPool.commonPool-worker-0] INFO  statemachine.DatanodeStateMachine (DatanodeStateMachine.java:stopDaemon(395)) - Ozone container server stopped.
2019-09-25 07:20:04,881 [Thread-1344] INFO  utils.BackgroundService (BackgroundService.java:shutdown(148)) - Shutting down service BlockDeletingService
2019-09-25 07:20:04,885 [Thread-1344] INFO  statemachine.DatanodeStateMachine (DatanodeStateMachine.java:stopDaemon(395)) - Ozone container server stopped.
2019-09-25 07:20:04,887 [Thread-1344] INFO  handler.ContextHandler (ContextHandler.java:doStop(910)) - Stopped o.e.j.w.WebAppContext@261c7576{/,null,UNAVAILABLE}{/hddsDatanode}
2019-09-25 07:20:04,887 [ForkJoinPool.commonPool-worker-0] INFO  handler.ContextHandler (ContextHandler.java:doStop(910)) - Stopped o.e.j.w.WebAppContext@6e3436e2{/,null,UNAVAILABLE}{/hddsDatanode}
2019-09-25 07:20:04,888 [Thread-1344] INFO  server.AbstractConnector (AbstractConnector.java:doStop(318)) - Stopped ServerConnector@1d76547f{HTTP/1.1,[http/1.1]}{0.0.0.0:0}
2019-09-25 07:20:04,888 [ForkJoinPool.commonPool-worker-0] INFO  server.AbstractConnector (AbstractConnector.java:doStop(318)) - Stopped ServerConnector@32e426f{HTTP/1.1,[http/1.1]}{0.0.0.0:0}
2019-09-25 07:20:04,888 [Thread-1344] INFO  handler.ContextHandler (ContextHandler.java:doStop(910)) - Stopped o.e.j.s.ServletContextHandler@10b2c8a5{/static,jar:file:/home/user/.m2/repository/org/apache/hadoop/hadoop-hdds-container-service/0.5.0-SNAPSHOT/hadoop-hdds-container-service-0.5.0-SNAPSHOT.jar!/webapps/static,UNAVAILABLE}
2019-09-25 07:20:04,889 [ForkJoinPool.commonPool-worker-0] INFO  handler.ContextHandler (ContextHandler.java:doStop(910)) - Stopped o.e.j.s.ServletContextHandler@1a39deb2{/static,jar:file:/home/user/.m2/repository/org/apache/hadoop/hadoop-hdds-container-service/0.5.0-SNAPSHOT/hadoop-hdds-container-service-0.5.0-SNAPSHOT.jar!/webapps/static,UNAVAILABLE}
2019-09-25 07:20:04,890 [Thread-1344] INFO  handler.ContextHandler (ContextHandler.java:doStop(910)) - Stopped o.e.j.s.ServletContextHandler@f854867{/logs,file:///workdir/hadoop-ozone/ozonefs/target/log,UNAVAILABLE}
2019-09-25 07:20:04,891 [ForkJoinPool.commonPool-worker-0] INFO  handler.ContextHandler (ContextHandler.java:doStop(910)) - Stopped o.e.j.s.ServletContextHandler@3fbe7f8b{/logs,file:///workdir/hadoop-ozone/ozonefs/target/log,UNAVAILABLE}
2019-09-25 07:20:05,634 [Datanode State Machine Thread - 0] INFO  statemachine.DatanodeStateMachine (DatanodeStateMachine.java:lambda$startDaemon$0(350)) - Ozone container server started.
2019-09-25 07:20:09,892 [Thread-1344] INFO  ozoneimpl.OzoneContainer (OzoneContainer.java:stop(231)) - Attempting to stop container services.
2019-09-25 07:20:09,893 [Thread-1344] INFO  impl.RaftServerProxy (RaftServerProxy.java:lambda$close$4(314)) - e4e40049-2027-4372-8e95-eef07a37110f: close
2019-09-25 07:20:09,894 [Thread-1344] INFO  impl.RaftServerImpl (RaftServerImpl.java:lambda$shutdown$3(251)) - e4e40049-2027-4372-8e95-eef07a37110f@group-73D5CF1B8FDA: shutdown
2019-09-25 07:20:09,894 [ForkJoinPool.commonPool-worker-1] INFO  impl.RaftServerImpl (RaftServerImpl.java:lambda$shutdown$3(251)) - e4e40049-2027-4372-8e95-eef07a37110f@group-54F36230B151: shutdown
2019-09-25 07:20:09,894 [Thread-1344] INFO  util.JmxRegister (JmxRegister.java:unregister(73)) - Successfully un-registered JMX Bean with object name Ratis:service=RaftServer,group=group-73D5CF1B8FDA,id=e4e40049-2027-4372-8e95-eef07a37110f
2019-09-25 07:20:09,895 [ForkJoinPool.commonPool-worker-1] INFO  util.JmxRegister (JmxRegister.java:unregister(73)) - Successfully un-registered JMX Bean with object name Ratis:service=RaftServer,group=group-54F36230B151,id=e4e40049-2027-4372-8e95-eef07a37110f
2019-09-25 07:20:09,895 [Thread-1344] INFO  impl.RoleInfo (RoleInfo.java:shutdownLeaderState(104)) - e4e40049-2027-4372-8e95-eef07a37110f: shutdown LeaderState
2019-09-25 07:20:09,895 [ForkJoinPool.commonPool-worker-1] INFO  impl.RoleInfo (RoleInfo.java:shutdownLeaderState(104)) - e4e40049-2027-4372-8e95-eef07a37110f: shutdown LeaderState
2019-09-25 07:20:09,896 [Thread-1344] INFO  impl.PendingRequests (PendingRequests.java:sendNotLeaderResponses(202)) - e4e40049-2027-4372-8e95-eef07a37110f-PendingRequests: sendNotLeaderResponses
2019-09-25 07:20:09,896 [ForkJoinPool.commonPool-worker-1] INFO  impl.PendingRequests (PendingRequests.java:sendNotLeaderResponses(202)) - e4e40049-2027-4372-8e95-eef07a37110f-PendingRequests: sendNotLeaderResponses
2019-09-25 07:20:09,896 [Thread-1344] INFO  impl.StateMachineUpdater (StateMachineUpdater.java:stopAndJoin(125)) - e4e40049-2027-4372-8e95-eef07a37110f@group-73D5CF1B8FDA-StateMachineUpdater: set stopIndex = 0
2019-09-25 07:20:09,897 [Thread-1344] INFO  impl.RaftServerImpl (ServerState.java:close(385)) - e4e40049-2027-4372-8e95-eef07a37110f@group-73D5CF1B8FDA: closes. applyIndex: 0
2019-09-25 07:20:09,896 [ForkJoinPool.commonPool-worker-1] INFO  impl.StateMachineUpdater (StateMachineUpdater.java:stopAndJoin(125)) - e4e40049-2027-4372-8e95-eef07a37110f@group-54F36230B151-StateMachineUpdater: set stopIndex = 0
2019-09-25 07:20:09,897 [e4e40049-2027-4372-8e95-eef07a37110f@group-73D5CF1B8FDA-SegmentedRaftLogWorker] INFO  segmented.SegmentedRaftLogWorker (SegmentedRaftLogWorker.java:run(313)) - e4e40049-2027-4372-8e95-eef07a37110f@group-73D5CF1B8FDA-SegmentedRaftLogWorker was interrupted, exiting. There are 0 tasks remaining in the queue.
2019-09-25 07:20:09,897 [ForkJoinPool.commonPool-worker-1] INFO  impl.RaftServerImpl (ServerState.java:close(385)) - e4e40049-2027-4372-8e95-eef07a37110f@group-54F36230B151: closes. applyIndex: 0
2019-09-25 07:20:09,898 [Thread-1344] INFO  segmented.SegmentedRaftLogWorker (SegmentedRaftLogWorker.java:close(228)) - e4e40049-2027-4372-8e95-eef07a37110f@group-73D5CF1B8FDA-SegmentedRaftLogWorker close()
2019-09-25 07:20:09,898 [e4e40049-2027-4372-8e95-eef07a37110f@group-54F36230B151-SegmentedRaftLogWorker] INFO  segmented.SegmentedRaftLogWorker (SegmentedRaftLogWorker.java:run(313)) - e4e40049-2027-4372-8e95-eef07a37110f@group-54F36230B151-SegmentedRaftLogWorker was interrupted, exiting. There are 0 tasks remaining in the queue.
2019-09-25 07:20:09,901 [Thread-1344] INFO  impl.RaftServerImpl (RaftServerImpl.java:lambda$shutdown$3(251)) - e4e40049-2027-4372-8e95-eef07a37110f@group-C564B0F4FBA1: shutdown
2019-09-25 07:20:09,901 [Thread-1344] INFO  util.JmxRegister (JmxRegister.java:unregister(73)) - Successfully un-registered JMX Bean with object name Ratis:service=RaftServer,group=group-C564B0F4FBA1,id=e4e40049-2027-4372-8e95-eef07a37110f
2019-09-25 07:20:09,901 [Thread-1344] INFO  impl.RoleInfo (RoleInfo.java:shutdownLeaderState(104)) - e4e40049-2027-4372-8e95-eef07a37110f: shutdown LeaderState
2019-09-25 07:20:09,902 [Thread-1344] INFO  impl.PendingRequests (PendingRequests.java:sendNotLeaderResponses(202)) - e4e40049-2027-4372-8e95-eef07a37110f-PendingRequests: sendNotLeaderResponses
2019-09-25 07:20:09,902 [Thread-1344] INFO  impl.StateMachineUpdater (StateMachineUpdater.java:stopAndJoin(125)) - e4e40049-2027-4372-8e95-eef07a37110f@group-C564B0F4FBA1-StateMachineUpdater: set stopIndex = 0
2019-09-25 07:20:09,903 [Thread-1344] INFO  impl.RaftServerImpl (ServerState.java:close(385)) - e4e40049-2027-4372-8e95-eef07a37110f@group-C564B0F4FBA1: closes. applyIndex: 0
2019-09-25 07:20:09,903 [e4e40049-2027-4372-8e95-eef07a37110f@group-C564B0F4FBA1-SegmentedRaftLogWorker] INFO  segmented.SegmentedRaftLogWorker (SegmentedRaftLogWorker.java:run(313)) - e4e40049-2027-4372-8e95-eef07a37110f@group-C564B0F4FBA1-SegmentedRaftLogWorker was interrupted, exiting. There are 0 tasks remaining in the queue.
2019-09-25 07:20:09,910 [Thread-1344] INFO  segmented.SegmentedRaftLogWorker (SegmentedRaftLogWorker.java:close(228)) - e4e40049-2027-4372-8e95-eef07a37110f@group-C564B0F4FBA1-SegmentedRaftLogWorker close()
2019-09-25 07:20:09,910 [ForkJoinPool.commonPool-worker-1] INFO  segmented.SegmentedRaftLogWorker (SegmentedRaftLogWorker.java:close(228)) - e4e40049-2027-4372-8e95-eef07a37110f@group-54F36230B151-SegmentedRaftLogWorker close()
2019-09-25 07:20:09,912 [Thread-1344] INFO  impl.RaftServerImpl (RaftServerImpl.java:lambda$shutdown$3(251)) - e4e40049-2027-4372-8e95-eef07a37110f@group-E93E66955B54: shutdown
2019-09-25 07:20:09,914 [Thread-1344] INFO  util.JmxRegister (JmxRegister.java:unregister(73)) - Successfully un-registered JMX Bean with object name Ratis:service=RaftServer,group=group-E93E66955B54,id=e4e40049-2027-4372-8e95-eef07a37110f
2019-09-25 07:20:09,915 [Thread-1344] INFO  impl.RoleInfo (RoleInfo.java:shutdownLeaderState(104)) - e4e40049-2027-4372-8e95-eef07a37110f: shutdown LeaderState
2019-09-25 07:20:09,915 [Thread-1344] INFO  impl.PendingRequests (PendingRequests.java:sendNotLeaderResponses(202)) - e4e40049-2027-4372-8e95-eef07a37110f-PendingRequests: sendNotLeaderResponses
2019-09-25 07:20:09,915 [Thread-1344] INFO  impl.StateMachineUpdater (StateMachineUpdater.java:stopAndJoin(125)) - e4e40049-2027-4372-8e95-eef07a37110f@group-E93E66955B54-StateMachineUpdater: set stopIndex = 0
2019-09-25 07:20:09,916 [Thread-1344] INFO  impl.RaftServerImpl (ServerState.java:close(385)) - e4e40049-2027-4372-8e95-eef07a37110f@group-E93E66955B54: closes. applyIndex: 0
2019-09-25 07:20:09,916 [e4e40049-2027-4372-8e95-eef07a37110f@group-E93E66955B54-SegmentedRaftLogWorker] INFO  segmented.SegmentedRaftLogWorker (SegmentedRaftLogWorker.java:run(313)) - e4e40049-2027-4372-8e95-eef07a37110f@group-E93E66955B54-SegmentedRaftLogWorker was interrupted, exiting. There are 0 tasks remaining in the queue.
2019-09-25 07:20:09,917 [Thread-1344] INFO  segmented.SegmentedRaftLogWorker (SegmentedRaftLogWorker.java:close(228)) - e4e40049-2027-4372-8e95-eef07a37110f@group-E93E66955B54-SegmentedRaftLogWorker close()
2019-09-25 07:20:09,918 [Thread-1344] INFO  impl.RaftServerImpl (RaftServerImpl.java:lambda$shutdown$3(251)) - e4e40049-2027-4372-8e95-eef07a37110f@group-FF41813CB691: shutdown
2019-09-25 07:20:09,919 [Thread-1344] INFO  util.JmxRegister (JmxRegister.java:unregister(73)) - Successfully un-registered JMX Bean with object name Ratis:service=RaftServer,group=group-FF41813CB691,id=e4e40049-2027-4372-8e95-eef07a37110f
2019-09-25 07:20:09,919 [Thread-1344] INFO  impl.RoleInfo (RoleInfo.java:shutdownLeaderState(104)) - e4e40049-2027-4372-8e95-eef07a37110f: shutdown LeaderState
2019-09-25 07:20:09,925 [Thread-1344] INFO  impl.PendingRequests (PendingRequests.java:sendNotLeaderResponses(202)) - e4e40049-2027-4372-8e95-eef07a37110f-PendingRequests: sendNotLeaderResponses
2019-09-25 07:20:09,925 [Thread-1344] INFO  impl.StateMachineUpdater (StateMachineUpdater.java:stopAndJoin(125)) - e4e40049-2027-4372-8e95-eef07a37110f@group-FF41813CB691-StateMachineUpdater: set stopIndex = 0
2019-09-25 07:20:09,926 [Thread-1344] INFO  impl.RaftServerImpl (ServerState.java:close(385)) - e4e40049-2027-4372-8e95-eef07a37110f@group-FF41813CB691: closes. applyIndex: 0
2019-09-25 07:20:09,926 [e4e40049-2027-4372-8e95-eef07a37110f@group-FF41813CB691-SegmentedRaftLogWorker] INFO  segmented.SegmentedRaftLogWorker (SegmentedRaftLogWorker.java:run(313)) - e4e40049-2027-4372-8e95-eef07a37110f@group-FF41813CB691-SegmentedRaftLogWorker was interrupted, exiting. There are 0 tasks remaining in the queue.
2019-09-25 07:20:09,927 [Thread-1344] INFO  segmented.SegmentedRaftLogWorker (SegmentedRaftLogWorker.java:close(228)) - e4e40049-2027-4372-8e95-eef07a37110f@group-FF41813CB691-SegmentedRaftLogWorker close()
2019-09-25 07:20:09,929 [Thread-1344] INFO  impl.RaftServerImpl (RaftServerImpl.java:lambda$shutdown$3(251)) - e4e40049-2027-4372-8e95-eef07a37110f@group-74D74D6B6F7A: shutdown
2019-09-25 07:20:09,929 [Thread-1344] INFO  util.JmxRegister (JmxRegister.java:unregister(73)) - Successfully un-registered JMX Bean with object name Ratis:service=RaftServer,group=group-74D74D6B6F7A,id=e4e40049-2027-4372-8e95-eef07a37110f
2019-09-25 07:20:09,929 [Thread-1344] INFO  impl.RoleInfo (RoleInfo.java:shutdownLeaderState(104)) - e4e40049-2027-4372-8e95-eef07a37110f: shutdown LeaderState
2019-09-25 07:20:09,930 [Thread-1344] INFO  impl.PendingRequests (PendingRequests.java:sendNotLeaderResponses(202)) - e4e40049-2027-4372-8e95-eef07a37110f-PendingRequests: sendNotLeaderResponses
2019-09-25 07:20:09,930 [Thread-1344] INFO  impl.StateMachineUpdater (StateMachineUpdater.java:stopAndJoin(125)) - e4e40049-2027-4372-8e95-eef07a37110f@group-74D74D6B6F7A-StateMachineUpdater: set stopIndex = 0
2019-09-25 07:20:09,931 [Thread-1344] INFO  impl.RaftServerImpl (ServerState.java:close(385)) - e4e40049-2027-4372-8e95-eef07a37110f@group-74D74D6B6F7A: closes. applyIndex: 0
2019-09-25 07:20:09,931 [e4e40049-2027-4372-8e95-eef07a37110f@group-74D74D6B6F7A-SegmentedRaftLogWorker] INFO  segmented.SegmentedRaftLogWorker (SegmentedRaftLogWorker.java:run(313)) - e4e40049-2027-4372-8e95-eef07a37110f@group-74D74D6B6F7A-SegmentedRaftLogWorker was interrupted, exiting. There are 0 tasks remaining in the queue.
2019-09-25 07:20:09,931 [Thread-1344] INFO  segmented.SegmentedRaftLogWorker (SegmentedRaftLogWorker.java:close(228)) - e4e40049-2027-4372-8e95-eef07a37110f@group-74D74D6B6F7A-SegmentedRaftLogWorker close()
2019-09-25 07:20:09,933 [Thread-1344] INFO  server.GrpcService (GrpcService.java:closeImpl(164)) - e4e40049-2027-4372-8e95-eef07a37110f: shutdown server with port 43343 now
2019-09-25 07:20:09,935 [Thread-1344] INFO  server.GrpcService (GrpcService.java:closeImpl(172)) - e4e40049-2027-4372-8e95-eef07a37110f: shutdown server with port 43343 successfully
2019-09-25 07:20:09,941 [refreshUsed-/workdir/hadoop-ozone/ozonefs/target/test-dir/MiniOzoneClusterImpl-a99f6f92-dd73-499d-99af-4102c4e47462/datanode-2/data/containers] WARN  fs.CachingGetSpaceUsed (CachingGetSpaceUsed.java:run(183)) - Thread Interrupted waiting to refresh disk information: sleep interrupted
2019-09-25 07:20:09,964 [Thread-1344] INFO  utils.BackgroundService (BackgroundService.java:shutdown(148)) - Shutting down service BlockDeletingService
2019-09-25 07:20:09,969 [Thread-1344] INFO  statemachine.DatanodeStateMachine (DatanodeStateMachine.java:stopDaemon(395)) - Ozone container server stopped.
2019-09-25 07:20:09,970 [Thread-1344] INFO  handler.ContextHandler (ContextHandler.java:doStop(910)) - Stopped o.e.j.w.WebAppContext@75c46623{/,null,UNAVAILABLE}{/hddsDatanode}
2019-09-25 07:20:09,971 [Thread-1344] INFO  server.AbstractConnector (AbstractConnector.java:doStop(318)) - Stopped ServerConnector@72294761{HTTP/1.1,[http/1.1]}{0.0.0.0:0}
2019-09-25 07:20:09,971 [Thread-1344] INFO  handler.ContextHandler (ContextHandler.java:doStop(910)) - Stopped o.e.j.s.ServletContextHandler@799c76c4{/static,jar:file:/home/user/.m2/repository/org/apache/hadoop/hadoop-hdds-container-service/0.5.0-SNAPSHOT/hadoop-hdds-container-service-0.5.0-SNAPSHOT.jar!/webapps/static,UNAVAILABLE}
2019-09-25 07:20:09,971 [Thread-1344] INFO  handler.ContextHandler (ContextHandler.java:doStop(910)) - Stopped o.e.j.s.ServletContextHandler@42ce2b18{/logs,file:///workdir/hadoop-ozone/ozonefs/target/log,UNAVAILABLE}
2019-09-25 07:20:09,972 [Thread-1344] INFO  ozone.MiniOzoneClusterImpl (MiniOzoneClusterImpl.java:stopSCM(392)) - Stopping the StorageContainerManager
2019-09-25 07:20:09,972 [Thread-1344] INFO  server.StorageContainerManager (StorageContainerManager.java:stop(808)) - Stopping Replication Manager Service.
2019-09-25 07:20:09,972 [Thread-1344] INFO  container.ReplicationManager (ReplicationManager.java:stop(204)) - Stopping Replication Monitor Thread.
2019-09-25 07:20:09,972 [Thread-1344] INFO  server.StorageContainerManager (StorageContainerManager.java:stop(815)) - Stopping Lease Manager of the command watchers
2019-09-25 07:20:09,972 [Thread-1344] INFO  server.StorageContainerManager (StorageContainerManager.java:stop(822)) - Stopping datanode service RPC server
2019-09-25 07:20:09,973 [Thread-1344] INFO  server.SCMDatanodeProtocolServer (SCMDatanodeProtocolServer.java:stop(367)) - Stopping the RPC server for DataNodes
2019-09-25 07:20:09,973 [Thread-1344] INFO  ipc.Server (Server.java:stop(3082)) - Stopping server on 40698
2019-09-25 07:20:09,976 [IPC Server listener on 40698] INFO  ipc.Server (Server.java:run(1185)) - Stopping IPC Server listener on 40698
2019-09-25 07:20:09,976 [IPC Server Responder] INFO  ipc.Server (Server.java:run(1319)) - Stopping IPC Server Responder
2019-09-25 07:20:10,035 [SCM Heartbeat Processing Thread - 0] WARN  node.NodeStateManager (NodeStateManager.java:scheduleNextHealthCheck(655)) - Current Thread is interrupted, shutting down HB processing thread for Node Manager.
2019-09-25 07:20:10,036 [Thread-1344] INFO  server.StorageContainerManager (StorageContainerManager.java:stop(830)) - Stopping block service RPC server
2019-09-25 07:20:10,036 [Thread-1344] INFO  server.SCMBlockProtocolServer (SCMBlockProtocolServer.java:stop(155)) - Stopping the RPC server for Block Protocol
2019-09-25 07:20:10,036 [Thread-1344] INFO  ipc.Server (Server.java:stop(3082)) - Stopping server on 33895
2019-09-25 07:20:10,044 [IPC Server listener on 33895] INFO  ipc.Server (Server.java:run(1185)) - Stopping IPC Server listener on 33895
2019-09-25 07:20:10,049 [IPC Server Responder] INFO  ipc.Server (Server.java:run(1319)) - Stopping IPC Server Responder
2019-09-25 07:20:10,049 [Thread-1344] INFO  server.StorageContainerManager (StorageContainerManager.java:stop(837)) - Stopping the StorageContainerLocationProtocol RPC server
2019-09-25 07:20:10,050 [Thread-1344] INFO  server.SCMClientProtocolServer (SCMClientProtocolServer.java:stop(159)) - Stopping the RPC server for Client Protocol
2019-09-25 07:20:10,050 [Thread-1344] INFO  ipc.Server (Server.java:stop(3082)) - Stopping server on 38691
2019-09-25 07:20:10,053 [IPC Server listener on 38691] INFO  ipc.Server (Server.java:run(1185)) - Stopping IPC Server listener on 38691
2019-09-25 07:20:10,053 [Thread-1344] INFO  server.StorageContainerManager (StorageContainerManager.java:stop(844)) - Stopping Storage Container Manager HTTP server.
2019-09-25 07:20:10,053 [IPC Server Responder] INFO  ipc.Server (Server.java:run(1319)) - Stopping IPC Server Responder
2019-09-25 07:20:10,056 [Thread-1344] INFO  handler.ContextHandler (ContextHandler.java:doStop(910)) - Stopped o.e.j.w.WebAppContext@7963f1c3{/,null,UNAVAILABLE}{/scm}
2019-09-25 07:20:10,056 [Thread-1344] INFO  server.AbstractConnector (AbstractConnector.java:doStop(318)) - Stopped ServerConnector@28298a35{HTTP/1.1,[http/1.1]}{0.0.0.0:0}
2019-09-25 07:20:10,056 [Thread-1344] INFO  handler.ContextHandler (ContextHandler.java:doStop(910)) - Stopped o.e.j.s.ServletContextHandler@33763700{/static,jar:file:/home/user/.m2/repository/org/apache/hadoop/hadoop-hdds-server-scm/0.5.0-SNAPSHOT/hadoop-hdds-server-scm-0.5.0-SNAPSHOT.jar!/webapps/static,UNAVAILABLE}
2019-09-25 07:20:10,057 [Thread-1344] INFO  handler.ContextHandler (ContextHandler.java:doStop(910)) - Stopped o.e.j.s.ServletContextHandler@199bfdf8{/logs,file:///workdir/hadoop-ozone/ozonefs/target/log,UNAVAILABLE}
2019-09-25 07:20:10,058 [Thread-1344] INFO  server.StorageContainerManager (StorageContainerManager.java:stop(855)) - Stopping Block Manager Service.
2019-09-25 07:20:10,058 [Thread-1344] INFO  utils.BackgroundService (BackgroundService.java:shutdown(148)) - Shutting down service SCMBlockDeletingService
2019-09-25 07:20:10,058 [Thread-1344] INFO  utils.BackgroundService (BackgroundService.java:shutdown(148)) - Shutting down service SCMBlockDeletingService
2019-09-25 07:20:10,059 [Thread-1344] INFO  server.StorageContainerManager (StorageContainerManager.java:stop(877)) - Stopping SCM Event Queue.
2019-09-25 07:20:10,062 [Thread-1344] INFO  impl.MetricsSystemImpl (MetricsSystemImpl.java:stop(210)) - Stopping HddsDatanode metrics system...
2019-09-25 07:20:10,071 [Thread-1344] INFO  impl.MetricsSystemImpl (MetricsSystemImpl.java:stop(216)) - HddsDatanode metrics system stopped.
]]></system-out>
  </testcase>
  <testcase name="testNonExplicitlyCreatedPathExistsAfterItsLeafsWereRemoved" classname="org.apache.hadoop.fs.ozone.TestOzoneFileSystem" time="16.569"/>
  <testcase name="testListStatusOnLargeDirectory" classname="org.apache.hadoop.fs.ozone.TestOzoneFileSystem" time="21.136"/>
</testsuite>