<?xml version="1.0" encoding="UTF-8"?>
<testsuite xmlns:xsi="http://www.w3.org/2001/XMLSchema-instance" xsi:noNamespaceSchemaLocation="https://maven.apache.org/surefire/maven-surefire-plugin/xsd/surefire-test-report.xsd" name="org.apache.hadoop.fs.ozone.TestOzoneFileInterfaces" time="207.903" tests="12" errors="2" skipped="0" failures="0">
  <properties>
    <property name="awt.toolkit" value="sun.awt.X11.XToolkit"/>
    <property name="file.encoding.pkg" value="sun.io"/>
    <property name="java.specification.version" value="1.8"/>
    <property name="sun.cpu.isalist" value=""/>
    <property name="sun.jnu.encoding" value="UTF-8"/>
    <property name="java.class.path" value="/workdir/hadoop-ozone/ozonefs/target/test-classes:/workdir/hadoop-ozone/ozonefs/target/classes:/home/user/.m2/repository/org/apache/hadoop/hadoop-common/3.2.0/hadoop-common-3.2.0.jar:/home/user/.m2/repository/org/apache/hadoop/hadoop-annotations/3.2.0/hadoop-annotations-3.2.0.jar:/usr/lib/jvm/java-1.8-openjdk/jre/../lib/tools.jar:/home/user/.m2/repository/com/google/guava/guava/11.0.2/guava-11.0.2.jar:/home/user/.m2/repository/commons-cli/commons-cli/1.2/commons-cli-1.2.jar:/home/user/.m2/repository/org/apache/commons/commons-math3/3.1.1/commons-math3-3.1.1.jar:/home/user/.m2/repository/org/apache/httpcomponents/httpclient/4.5.2/httpclient-4.5.2.jar:/home/user/.m2/repository/org/apache/httpcomponents/httpcore/4.4.4/httpcore-4.4.4.jar:/home/user/.m2/repository/commons-codec/commons-codec/1.11/commons-codec-1.11.jar:/home/user/.m2/repository/commons-io/commons-io/2.5/commons-io-2.5.jar:/home/user/.m2/repository/commons-net/commons-net/3.6/commons-net-3.6.jar:/home/user/.m2/repository/commons-collections/commons-collections/3.2.2/commons-collections-3.2.2.jar:/home/user/.m2/repository/javax/servlet/javax.servlet-api/3.1.0/javax.servlet-api-3.1.0.jar:/home/user/.m2/repository/org/eclipse/jetty/jetty-server/9.3.25.v20180904/jetty-server-9.3.25.v20180904.jar:/home/user/.m2/repository/org/eclipse/jetty/jetty-http/9.3.25.v20180904/jetty-http-9.3.25.v20180904.jar:/home/user/.m2/repository/org/eclipse/jetty/jetty-io/9.3.25.v20180904/jetty-io-9.3.25.v20180904.jar:/home/user/.m2/repository/org/eclipse/jetty/jetty-util/9.3.25.v20180904/jetty-util-9.3.25.v20180904.jar:/home/user/.m2/repository/org/eclipse/jetty/jetty-servlet/9.3.25.v20180904/jetty-servlet-9.3.25.v20180904.jar:/home/user/.m2/repository/org/eclipse/jetty/jetty-security/9.3.25.v20180904/jetty-security-9.3.25.v20180904.jar:/home/user/.m2/repository/org/eclipse/jetty/jetty-webapp/9.3.25.v20180904/jetty-webapp-9.3.25.v20180904.jar:/home/user/.m2/repository/org/eclipse/jetty/jetty-xml/9.3.25.v20180904/jetty-xml-9.3.25.v20180904.jar:/home/user/.m2/repository/javax/servlet/jsp/jsp-api/2.1/jsp-api-2.1.jar:/home/user/.m2/repository/com/sun/jersey/jersey-core/1.19/jersey-core-1.19.jar:/home/user/.m2/repository/javax/ws/rs/jsr311-api/1.1.1/jsr311-api-1.1.1.jar:/home/user/.m2/repository/com/sun/jersey/jersey-servlet/1.19/jersey-servlet-1.19.jar:/home/user/.m2/repository/com/sun/jersey/jersey-json/1.19/jersey-json-1.19.jar:/home/user/.m2/repository/org/codehaus/jettison/jettison/1.1/jettison-1.1.jar:/home/user/.m2/repository/com/sun/xml/bind/jaxb-impl/2.3.0.1/jaxb-impl-2.3.0.1.jar:/home/user/.m2/repository/org/codehaus/jackson/jackson-core-asl/1.9.13/jackson-core-asl-1.9.13.jar:/home/user/.m2/repository/org/codehaus/jackson/jackson-mapper-asl/1.9.13/jackson-mapper-asl-1.9.13.jar:/home/user/.m2/repository/org/codehaus/jackson/jackson-jaxrs/1.9.13/jackson-jaxrs-1.9.13.jar:/home/user/.m2/repository/org/codehaus/jackson/jackson-xc/1.9.13/jackson-xc-1.9.13.jar:/home/user/.m2/repository/com/sun/jersey/jersey-server/1.19/jersey-server-1.19.jar:/home/user/.m2/repository/commons-logging/commons-logging/1.1.3/commons-logging-1.1.3.jar:/home/user/.m2/repository/log4j/log4j/1.2.17/log4j-1.2.17.jar:/home/user/.m2/repository/commons-beanutils/commons-beanutils/1.9.4/commons-beanutils-1.9.4.jar:/home/user/.m2/repository/org/apache/commons/commons-configuration2/2.1.1/commons-configuration2-2.1.1.jar:/home/user/.m2/repository/org/apache/commons/commons-lang3/3.7/commons-lang3-3.7.jar:/home/user/.m2/repository/org/apache/commons/commons-text/1.4/commons-text-1.4.jar:/home/user/.m2/repository/org/slf4j/slf4j-api/1.7.25/slf4j-api-1.7.25.jar:/home/user/.m2/repository/org/slf4j/slf4j-log4j12/1.7.25/slf4j-log4j12-1.7.25.jar:/home/user/.m2/repository/org/apache/avro/avro/1.7.7/avro-1.7.7.jar:/home/user/.m2/repository/com/thoughtworks/paranamer/paranamer/2.3/paranamer-2.3.jar:/home/user/.m2/repository/org/xerial/snappy/snappy-java/1.0.5/snappy-java-1.0.5.jar:/home/user/.m2/repository/com/google/re2j/re2j/1.1/re2j-1.1.jar:/home/user/.m2/repository/com/google/protobuf/protobuf-java/2.5.0/protobuf-java-2.5.0.jar:/home/user/.m2/repository/com/google/code/gson/gson/2.2.4/gson-2.2.4.jar:/home/user/.m2/repository/org/apache/hadoop/hadoop-auth/3.2.0/hadoop-auth-3.2.0.jar:/home/user/.m2/repository/com/nimbusds/nimbus-jose-jwt/4.41.1/nimbus-jose-jwt-4.41.1.jar:/home/user/.m2/repository/com/github/stephenc/jcip/jcip-annotations/1.0-1/jcip-annotations-1.0-1.jar:/home/user/.m2/repository/net/minidev/json-smart/2.3/json-smart-2.3.jar:/home/user/.m2/repository/net/minidev/accessors-smart/1.2/accessors-smart-1.2.jar:/home/user/.m2/repository/org/apache/curator/curator-framework/2.12.0/curator-framework-2.12.0.jar:/home/user/.m2/repository/com/jcraft/jsch/0.1.54/jsch-0.1.54.jar:/home/user/.m2/repository/org/apache/curator/curator-client/2.12.0/curator-client-2.12.0.jar:/home/user/.m2/repository/org/apache/curator/curator-recipes/2.12.0/curator-recipes-2.12.0.jar:/home/user/.m2/repository/com/google/code/findbugs/jsr305/3.0.0/jsr305-3.0.0.jar:/home/user/.m2/repository/org/apache/htrace/htrace-core4/4.1.0-incubating/htrace-core4-4.1.0-incubating.jar:/home/user/.m2/repository/org/apache/zookeeper/zookeeper/3.4.13/zookeeper-3.4.13.jar:/home/user/.m2/repository/jline/jline/0.9.94/jline-0.9.94.jar:/home/user/.m2/repository/org/apache/yetus/audience-annotations/0.5.0/audience-annotations-0.5.0.jar:/home/user/.m2/repository/org/apache/commons/commons-compress/1.4.1/commons-compress-1.4.1.jar:/home/user/.m2/repository/org/tukaani/xz/1.0/xz-1.0.jar:/home/user/.m2/repository/org/apache/kerby/kerb-simplekdc/1.0.1/kerb-simplekdc-1.0.1.jar:/home/user/.m2/repository/org/apache/kerby/kerb-client/1.0.1/kerb-client-1.0.1.jar:/home/user/.m2/repository/org/apache/kerby/kerby-config/1.0.1/kerby-config-1.0.1.jar:/home/user/.m2/repository/org/apache/kerby/kerb-core/1.0.1/kerb-core-1.0.1.jar:/home/user/.m2/repository/org/apache/kerby/kerby-pkix/1.0.1/kerby-pkix-1.0.1.jar:/home/user/.m2/repository/org/apache/kerby/kerby-asn1/1.0.1/kerby-asn1-1.0.1.jar:/home/user/.m2/repository/org/apache/kerby/kerby-util/1.0.1/kerby-util-1.0.1.jar:/home/user/.m2/repository/org/apache/kerby/kerb-common/1.0.1/kerb-common-1.0.1.jar:/home/user/.m2/repository/org/apache/kerby/kerb-crypto/1.0.1/kerb-crypto-1.0.1.jar:/home/user/.m2/repository/org/apache/kerby/kerb-util/1.0.1/kerb-util-1.0.1.jar:/home/user/.m2/repository/org/apache/kerby/token-provider/1.0.1/token-provider-1.0.1.jar:/home/user/.m2/repository/org/apache/kerby/kerb-admin/1.0.1/kerb-admin-1.0.1.jar:/home/user/.m2/repository/org/apache/kerby/kerb-server/1.0.1/kerb-server-1.0.1.jar:/home/user/.m2/repository/org/apache/kerby/kerb-identity/1.0.1/kerb-identity-1.0.1.jar:/home/user/.m2/repository/org/apache/kerby/kerby-xdr/1.0.1/kerby-xdr-1.0.1.jar:/home/user/.m2/repository/com/fasterxml/jackson/core/jackson-databind/2.9.9/jackson-databind-2.9.9.jar:/home/user/.m2/repository/com/fasterxml/jackson/core/jackson-annotations/2.9.9/jackson-annotations-2.9.9.jar:/home/user/.m2/repository/com/fasterxml/jackson/core/jackson-core/2.9.9/jackson-core-2.9.9.jar:/home/user/.m2/repository/org/codehaus/woodstox/stax2-api/3.1.4/stax2-api-3.1.4.jar:/home/user/.m2/repository/com/fasterxml/woodstox/woodstox-core/5.0.3/woodstox-core-5.0.3.jar:/home/user/.m2/repository/dnsjava/dnsjava/2.1.7/dnsjava-2.1.7.jar:/home/user/.m2/repository/org/apache/hadoop/hadoop-hdfs/3.2.0/hadoop-hdfs-3.2.0.jar:/home/user/.m2/repository/org/eclipse/jetty/jetty-util-ajax/9.3.25.v20180904/jetty-util-ajax-9.3.25.v20180904.jar:/home/user/.m2/repository/commons-daemon/commons-daemon/1.0.13/commons-daemon-1.0.13.jar:/home/user/.m2/repository/io/netty/netty/3.10.5.Final/netty-3.10.5.Final.jar:/home/user/.m2/repository/io/netty/netty-all/4.0.52.Final/netty-all-4.0.52.Final.jar:/home/user/.m2/repository/org/fusesource/leveldbjni/leveldbjni-all/1.8/leveldbjni-all-1.8.jar:/home/user/.m2/repository/org/apache/hadoop/hadoop-hdds-common/0.5.0-SNAPSHOT/hadoop-hdds-common-0.5.0-SNAPSHOT.jar:/home/user/.m2/repository/org/apache/hadoop/hadoop-hdds-config/0.5.0-SNAPSHOT/hadoop-hdds-config-0.5.0-SNAPSHOT.jar:/home/user/.m2/repository/javax/annotation/javax.annotation-api/1.2/javax.annotation-api-1.2.jar:/home/user/.m2/repository/org/apache/ratis/ratis-server/0.4.0/ratis-server-0.4.0.jar:/home/user/.m2/repository/org/apache/ratis/ratis-thirdparty-misc/0.2.0/ratis-thirdparty-misc-0.2.0.jar:/home/user/.m2/repository/org/apache/ratis/ratis-proto/0.4.0/ratis-proto-0.4.0.jar:/home/user/.m2/repository/org/apache/ratis/ratis-common/0.4.0/ratis-common-0.4.0.jar:/home/user/.m2/repository/org/apache/ratis/ratis-client/0.4.0/ratis-client-0.4.0.jar:/home/user/.m2/repository/org/apache/ratis/ratis-metrics/0.4.0/ratis-metrics-0.4.0.jar:/home/user/.m2/repository/com/github/joshelser/dropwizard-metrics-hadoop-metrics2-reporter/0.1.2/dropwizard-metrics-hadoop-metrics2-reporter-0.1.2.jar:/home/user/.m2/repository/io/dropwizard/metrics/metrics-jvm/3.2.5/metrics-jvm-3.2.5.jar:/home/user/.m2/repository/io/dropwizard/metrics/metrics-ganglia/3.2.5/metrics-ganglia-3.2.5.jar:/home/user/.m2/repository/info/ganglia/gmetric4j/gmetric4j/1.0.7/gmetric4j-1.0.7.jar:/home/user/.m2/repository/org/apache/ratis/ratis-netty/0.4.0/ratis-netty-0.4.0.jar:/home/user/.m2/repository/org/apache/ratis/ratis-grpc/0.4.0/ratis-grpc-0.4.0.jar:/home/user/.m2/repository/org/rocksdb/rocksdbjni/6.0.1/rocksdbjni-6.0.1.jar:/home/user/.m2/repository/org/apache/logging/log4j/log4j-api/2.11.0/log4j-api-2.11.0.jar:/home/user/.m2/repository/org/apache/logging/log4j/log4j-core/2.11.0/log4j-core-2.11.0.jar:/home/user/.m2/repository/com/lmax/disruptor/3.4.2/disruptor-3.4.2.jar:/home/user/.m2/repository/org/apache/commons/commons-pool2/2.6.0/commons-pool2-2.6.0.jar:/home/user/.m2/repository/org/bouncycastle/bcpkix-jdk15on/1.60/bcpkix-jdk15on-1.60.jar:/home/user/.m2/repository/commons-validator/commons-validator/1.6/commons-validator-1.6.jar:/home/user/.m2/repository/commons-digester/commons-digester/1.8.1/commons-digester-1.8.1.jar:/home/user/.m2/repository/io/jaegertracing/jaeger-client/0.34.0/jaeger-client-0.34.0.jar:/home/user/.m2/repository/io/jaegertracing/jaeger-thrift/0.34.0/jaeger-thrift-0.34.0.jar:/home/user/.m2/repository/org/apache/thrift/libthrift/0.12.0/libthrift-0.12.0.jar:/home/user/.m2/repository/com/squareup/okhttp3/okhttp/3.9.0/okhttp-3.9.0.jar:/home/user/.m2/repository/com/squareup/okio/okio/1.13.0/okio-1.13.0.jar:/home/user/.m2/repository/io/jaegertracing/jaeger-core/0.34.0/jaeger-core-0.34.0.jar:/home/user/.m2/repository/io/jaegertracing/jaeger-tracerresolver/0.34.0/jaeger-tracerresolver-0.34.0.jar:/home/user/.m2/repository/io/opentracing/contrib/opentracing-tracerresolver/0.1.5/opentracing-tracerresolver-0.1.5.jar:/home/user/.m2/repository/io/opentracing/opentracing-util/0.31.0/opentracing-util-0.31.0.jar:/home/user/.m2/repository/io/opentracing/opentracing-api/0.31.0/opentracing-api-0.31.0.jar:/home/user/.m2/repository/io/opentracing/opentracing-noop/0.31.0/opentracing-noop-0.31.0.jar:/home/user/.m2/repository/org/yaml/snakeyaml/1.16/snakeyaml-1.16.jar:/home/user/.m2/repository/org/apache/hadoop/hadoop-hdfs-client/3.2.0/hadoop-hdfs-client-3.2.0.jar:/home/user/.m2/repository/info/picocli/picocli/3.9.6/picocli-3.9.6.jar:/home/user/.m2/repository/org/apache/hadoop/hadoop-hdds-server-scm/0.5.0-SNAPSHOT/hadoop-hdds-server-scm-0.5.0-SNAPSHOT.jar:/home/user/.m2/repository/org/apache/hadoop/hadoop-hdds-docs/0.5.0-SNAPSHOT/hadoop-hdds-docs-0.5.0-SNAPSHOT.jar:/home/user/.m2/repository/io/dropwizard/metrics/metrics-core/3.2.4/metrics-core-3.2.4.jar:/home/user/.m2/repository/org/hamcrest/hamcrest-all/1.3/hamcrest-all-1.3.jar:/home/user/.m2/repository/org/bouncycastle/bcprov-jdk15on/1.60/bcprov-jdk15on-1.60.jar:/home/user/.m2/repository/org/apache/hadoop/hadoop-hdds-server-framework/0.5.0-SNAPSHOT/hadoop-hdds-server-framework-0.5.0-SNAPSHOT.jar:/home/user/.m2/repository/org/apache/hadoop/hadoop-ozone-ozone-manager/0.5.0-SNAPSHOT/hadoop-ozone-ozone-manager-0.5.0-SNAPSHOT.jar:/home/user/.m2/repository/org/apache/hadoop/hadoop-hdds-container-service/0.5.0-SNAPSHOT/hadoop-hdds-container-service-0.5.0-SNAPSHOT.jar:/home/user/.m2/repository/org/apache/hadoop/hadoop-hdds-client/0.5.0-SNAPSHOT/hadoop-hdds-client-0.5.0-SNAPSHOT.jar:/home/user/.m2/repository/org/apache/hadoop/hadoop-ozone-common/0.5.0-SNAPSHOT/hadoop-ozone-common-0.5.0-SNAPSHOT.jar:/home/user/.m2/repository/org/apache/hadoop/hadoop-hdds-tools/0.5.0-SNAPSHOT/hadoop-hdds-tools-0.5.0-SNAPSHOT.jar:/home/user/.m2/repository/org/xerial/sqlite-jdbc/3.25.2/sqlite-jdbc-3.25.2.jar:/home/user/.m2/repository/com/google/code/findbugs/findbugs/3.0.1/findbugs-3.0.1.jar:/home/user/.m2/repository/net/jcip/jcip-annotations/1.0/jcip-annotations-1.0.jar:/home/user/.m2/repository/com/google/code/findbugs/bcel-findbugs/6.0/bcel-findbugs-6.0.jar:/home/user/.m2/repository/com/google/code/findbugs/jFormatString/2.0.1/jFormatString-2.0.1.jar:/home/user/.m2/repository/dom4j/dom4j/1.6.1/dom4j-1.6.1.jar:/home/user/.m2/repository/xml-apis/xml-apis/1.0.b2/xml-apis-1.0.b2.jar:/home/user/.m2/repository/org/ow2/asm/asm-debug-all/5.0.2/asm-debug-all-5.0.2.jar:/home/user/.m2/repository/org/ow2/asm/asm-commons/5.0.2/asm-commons-5.0.2.jar:/home/user/.m2/repository/org/ow2/asm/asm-tree/5.0.2/asm-tree-5.0.2.jar:/home/user/.m2/repository/org/ow2/asm/asm/5.0.4/asm-5.0.4.jar:/home/user/.m2/repository/commons-lang/commons-lang/2.6/commons-lang-2.6.jar:/home/user/.m2/repository/com/apple/AppleJavaExtensions/1.4/AppleJavaExtensions-1.4.jar:/home/user/.m2/repository/jaxen/jaxen/1.1.6/jaxen-1.1.6.jar:/home/user/.m2/repository/org/apache/hadoop/hadoop-common/3.2.0/hadoop-common-3.2.0-tests.jar:/home/user/.m2/repository/org/apache/hadoop/hadoop-ozone-client/0.5.0-SNAPSHOT/hadoop-ozone-client-0.5.0-SNAPSHOT.jar:/home/user/.m2/repository/org/apache/hadoop/hadoop-hdfs/3.2.0/hadoop-hdfs-3.2.0-tests.jar:/workdir/hadoop-ozone/integration-test/target/test-classes:/home/user/.m2/repository/org/apache/hadoop/hadoop-ozone-s3gateway/0.5.0-SNAPSHOT/hadoop-ozone-s3gateway-0.5.0-SNAPSHOT.jar:/home/user/.m2/repository/org/jboss/weld/servlet/weld-servlet/2.4.7.Final/weld-servlet-2.4.7.Final.jar:/home/user/.m2/repository/org/glassfish/jersey/containers/jersey-container-servlet-core/2.27/jersey-container-servlet-core-2.27.jar:/home/user/.m2/repository/org/glassfish/hk2/external/javax.inject/2.5.0-b42/javax.inject-2.5.0-b42.jar:/home/user/.m2/repository/org/glassfish/jersey/core/jersey-common/2.27/jersey-common-2.27.jar:/home/user/.m2/repository/org/glassfish/hk2/osgi-resource-locator/1.0.1/osgi-resource-locator-1.0.1.jar:/home/user/.m2/repository/javax/ws/rs/javax.ws.rs-api/2.1/javax.ws.rs-api-2.1.jar:/home/user/.m2/repository/org/glassfish/jersey/ext/cdi/jersey-cdi1x/2.27/jersey-cdi1x-2.27.jar:/home/user/.m2/repository/org/glassfish/jersey/inject/jersey-hk2/2.27/jersey-hk2-2.27.jar:/home/user/.m2/repository/org/glassfish/hk2/hk2-locator/2.5.0-b42/hk2-locator-2.5.0-b42.jar:/home/user/.m2/repository/org/javassist/javassist/3.22.0-CR2/javassist-3.22.0-CR2.jar:/home/user/.m2/repository/org/glassfish/hk2/hk2-api/2.5.0/hk2-api-2.5.0.jar:/home/user/.m2/repository/org/glassfish/hk2/external/jakarta.inject/2.5.0/jakarta.inject-2.5.0.jar:/home/user/.m2/repository/org/glassfish/hk2/hk2-utils/2.5.0/hk2-utils-2.5.0.jar:/home/user/.m2/repository/jakarta/annotation/jakarta.annotation-api/1.3.4/jakarta.annotation-api-1.3.4.jar:/home/user/.m2/repository/org/glassfish/hk2/external/aopalliance-repackaged/2.5.0/aopalliance-repackaged-2.5.0.jar:/home/user/.m2/repository/com/fasterxml/jackson/dataformat/jackson-dataformat-xml/2.9.0/jackson-dataformat-xml-2.9.0.jar:/home/user/.m2/repository/com/fasterxml/jackson/module/jackson-module-jaxb-annotations/2.9.9/jackson-module-jaxb-annotations-2.9.9.jar:/home/user/.m2/repository/javax/enterprise/cdi-api/1.2/cdi-api-1.2.jar:/home/user/.m2/repository/javax/el/javax.el-api/3.0.0/javax.el-api-3.0.0.jar:/home/user/.m2/repository/javax/interceptor/javax.interceptor-api/1.2/javax.interceptor-api-1.2.jar:/home/user/.m2/repository/javax/inject/javax.inject/1/javax.inject-1.jar:/home/user/.m2/repository/com/sun/xml/bind/jaxb-core/2.3.0.1/jaxb-core-2.3.0.1.jar:/home/user/.m2/repository/javax/xml/bind/jaxb-api/2.3.0/jaxb-api-2.3.0.jar:/home/user/.m2/repository/javax/activation/activation/1.1.1/activation-1.1.1.jar:/home/user/.m2/repository/org/apache/hadoop/hadoop-ozone-csi/0.5.0-SNAPSHOT/hadoop-ozone-csi-0.5.0-SNAPSHOT.jar:/home/user/.m2/repository/com/google/protobuf/protobuf-java-util/3.5.1/protobuf-java-util-3.5.1.jar:/home/user/.m2/repository/io/grpc/grpc-netty/1.17.1/grpc-netty-1.17.1.jar:/home/user/.m2/repository/io/grpc/grpc-core/1.17.1/grpc-core-1.17.1.jar:/home/user/.m2/repository/io/grpc/grpc-context/1.17.1/grpc-context-1.17.1.jar:/home/user/.m2/repository/com/google/errorprone/error_prone_annotations/2.2.0/error_prone_annotations-2.2.0.jar:/home/user/.m2/repository/org/codehaus/mojo/animal-sniffer-annotations/1.17/animal-sniffer-annotations-1.17.jar:/home/user/.m2/repository/io/opencensus/opencensus-api/0.17.0/opencensus-api-0.17.0.jar:/home/user/.m2/repository/io/opencensus/opencensus-contrib-grpc-metrics/0.17.0/opencensus-contrib-grpc-metrics-0.17.0.jar:/home/user/.m2/repository/io/netty/netty-codec-http2/4.1.30.Final/netty-codec-http2-4.1.30.Final.jar:/home/user/.m2/repository/io/netty/netty-codec-http/4.1.30.Final/netty-codec-http-4.1.30.Final.jar:/home/user/.m2/repository/io/netty/netty-codec/4.1.30.Final/netty-codec-4.1.30.Final.jar:/home/user/.m2/repository/io/netty/netty-handler/4.1.30.Final/netty-handler-4.1.30.Final.jar:/home/user/.m2/repository/io/netty/netty-handler-proxy/4.1.30.Final/netty-handler-proxy-4.1.30.Final.jar:/home/user/.m2/repository/io/netty/netty-codec-socks/4.1.30.Final/netty-codec-socks-4.1.30.Final.jar:/home/user/.m2/repository/io/netty/netty-transport-native-epoll/4.1.30.Final/netty-transport-native-epoll-4.1.30.Final.jar:/home/user/.m2/repository/io/netty/netty-common/4.1.30.Final/netty-common-4.1.30.Final.jar:/home/user/.m2/repository/io/netty/netty-buffer/4.1.30.Final/netty-buffer-4.1.30.Final.jar:/home/user/.m2/repository/io/netty/netty-transport/4.1.30.Final/netty-transport-4.1.30.Final.jar:/home/user/.m2/repository/io/netty/netty-resolver/4.1.30.Final/netty-resolver-4.1.30.Final.jar:/home/user/.m2/repository/io/netty/netty-transport-native-unix-common/4.1.30.Final/netty-transport-native-unix-common-4.1.30.Final.jar:/home/user/.m2/repository/io/grpc/grpc-protobuf/1.17.1/grpc-protobuf-1.17.1.jar:/home/user/.m2/repository/com/google/api/grpc/proto-google-common-protos/1.0.0/proto-google-common-protos-1.0.0.jar:/home/user/.m2/repository/io/grpc/grpc-protobuf-lite/1.17.1/grpc-protobuf-lite-1.17.1.jar:/home/user/.m2/repository/io/grpc/grpc-stub/1.17.1/grpc-stub-1.17.1.jar:/home/user/.m2/repository/org/apache/hadoop/hadoop-ozone-recon/0.5.0-SNAPSHOT/hadoop-ozone-recon-0.5.0-SNAPSHOT.jar:/home/user/.m2/repository/org/apache/hadoop/hadoop-ozone-reconcodegen/0.5.0-SNAPSHOT/hadoop-ozone-reconcodegen-0.5.0-SNAPSHOT.jar:/home/user/.m2/repository/com/google/inject/extensions/guice-multibindings/4.0/guice-multibindings-4.0.jar:/home/user/.m2/repository/com/google/inject/guice/4.0/guice-4.0.jar:/home/user/.m2/repository/aopalliance/aopalliance/1.0/aopalliance-1.0.jar:/home/user/.m2/repository/org/glassfish/jersey/containers/jersey-container-servlet/2.27/jersey-container-servlet-2.27.jar:/home/user/.m2/repository/org/glassfish/hk2/guice-bridge/2.5.0/guice-bridge-2.5.0.jar:/home/user/.m2/repository/org/glassfish/jersey/core/jersey-server/2.27/jersey-server-2.27.jar:/home/user/.m2/repository/org/glassfish/jersey/core/jersey-client/2.27/jersey-client-2.27.jar:/home/user/.m2/repository/org/glassfish/jersey/media/jersey-media-jaxb/2.27/jersey-media-jaxb-2.27.jar:/home/user/.m2/repository/javax/validation/validation-api/1.1.0.Final/validation-api-1.1.0.Final.jar:/home/user/.m2/repository/org/glassfish/jersey/media/jersey-media-json-jackson/2.27/jersey-media-json-jackson-2.27.jar:/home/user/.m2/repository/org/glassfish/jersey/ext/jersey-entity-filtering/2.27/jersey-entity-filtering-2.27.jar:/home/user/.m2/repository/com/google/inject/extensions/guice-assistedinject/4.0/guice-assistedinject-4.0.jar:/home/user/.m2/repository/org/jooq/jooq/3.11.10/jooq-3.11.10.jar:/home/user/.m2/repository/org/jooq/jooq-meta/3.11.10/jooq-meta-3.11.10.jar:/home/user/.m2/repository/org/jooq/jooq-codegen/3.11.10/jooq-codegen-3.11.10.jar:/home/user/.m2/repository/com/jolbox/bonecp/0.8.0.RELEASE/bonecp-0.8.0.RELEASE.jar:/home/user/.m2/repository/org/springframework/spring-jdbc/5.1.3.RELEASE/spring-jdbc-5.1.3.RELEASE.jar:/home/user/.m2/repository/org/springframework/spring-beans/5.1.3.RELEASE/spring-beans-5.1.3.RELEASE.jar:/home/user/.m2/repository/org/springframework/spring-core/5.1.3.RELEASE/spring-core-5.1.3.RELEASE.jar:/home/user/.m2/repository/org/springframework/spring-jcl/5.1.3.RELEASE/spring-jcl-5.1.3.RELEASE.jar:/home/user/.m2/repository/org/springframework/spring-tx/5.1.3.RELEASE/spring-tx-5.1.3.RELEASE.jar:/home/user/.m2/repository/org/mockito/mockito-all/1.10.19/mockito-all-1.10.19.jar:/home/user/.m2/repository/junit/junit/4.11/junit-4.11.jar:/home/user/.m2/repository/org/hamcrest/hamcrest-core/1.3/hamcrest-core-1.3.jar:/home/user/.m2/repository/org/apache/hadoop/hadoop-distcp/3.2.0/hadoop-distcp-3.2.0.jar:/home/user/.m2/repository/org/apache/hadoop/hadoop-distcp/3.2.0/hadoop-distcp-3.2.0-tests.jar:/home/user/.m2/repository/org/apache/hadoop/hadoop-mapreduce-client-jobclient/3.2.0/hadoop-mapreduce-client-jobclient-3.2.0.jar:/home/user/.m2/repository/org/apache/hadoop/hadoop-mapreduce-client-common/3.2.0/hadoop-mapreduce-client-common-3.2.0.jar:/home/user/.m2/repository/org/apache/hadoop/hadoop-yarn-common/3.2.0/hadoop-yarn-common-3.2.0.jar:/home/user/.m2/repository/org/apache/hadoop/hadoop-yarn-api/3.2.0/hadoop-yarn-api-3.2.0.jar:/home/user/.m2/repository/com/sun/jersey/jersey-client/1.19/jersey-client-1.19.jar:/home/user/.m2/repository/com/sun/jersey/contribs/jersey-guice/1.19/jersey-guice-1.19.jar:/home/user/.m2/repository/com/fasterxml/jackson/jaxrs/jackson-jaxrs-json-provider/2.9.9/jackson-jaxrs-json-provider-2.9.9.jar:/home/user/.m2/repository/com/fasterxml/jackson/jaxrs/jackson-jaxrs-base/2.9.9/jackson-jaxrs-base-2.9.9.jar:/home/user/.m2/repository/org/apache/hadoop/hadoop-yarn-client/3.2.0/hadoop-yarn-client-3.2.0.jar:/home/user/.m2/repository/org/apache/hadoop/hadoop-mapreduce-client-core/3.2.0/hadoop-mapreduce-client-core-3.2.0.jar:/home/user/.m2/repository/com/google/inject/extensions/guice-servlet/4.0/guice-servlet-4.0.jar:/home/user/.m2/repository/org/powermock/powermock-module-junit4/1.6.5/powermock-module-junit4-1.6.5.jar:/home/user/.m2/repository/org/powermock/powermock-module-junit4-common/1.6.5/powermock-module-junit4-common-1.6.5.jar:/home/user/.m2/repository/org/powermock/powermock-core/1.6.5/powermock-core-1.6.5.jar:/home/user/.m2/repository/org/powermock/powermock-reflect/1.6.5/powermock-reflect-1.6.5.jar:/home/user/.m2/repository/org/powermock/powermock-api-mockito/1.6.5/powermock-api-mockito-1.6.5.jar:/home/user/.m2/repository/org/mockito/mockito-core/1.10.19/mockito-core-1.10.19.jar:/home/user/.m2/repository/org/objenesis/objenesis/1.0/objenesis-1.0.jar:/home/user/.m2/repository/org/powermock/powermock-api-mockito-common/1.6.5/powermock-api-mockito-common-1.6.5.jar:/home/user/.m2/repository/org/powermock/powermock-api-support/1.6.5/powermock-api-support-1.6.5.jar:"/>
    <property name="java.vm.vendor" value="IcedTea"/>
    <property name="sun.arch.data.model" value="64"/>
    <property name="test.build.dir" value="/workdir/hadoop-ozone/ozonefs/target/test-dir"/>
    <property name="test.cache.data" value=""/>
    <property name="java.vendor.url" value="https://icedtea.classpath.org"/>
    <property name="user.timezone" value=""/>
    <property name="java.vm.specification.version" value="1.8"/>
    <property name="os.name" value="Linux"/>
    <property name="test.build.data" value="/workdir/hadoop-ozone/ozonefs/target/test-dir"/>
    <property name="user.country" value="US"/>
    <property name="sun.java.launcher" value="SUN_STANDARD"/>
    <property name="sun.boot.library.path" value="/usr/lib/jvm/java-1.8-openjdk/jre/lib/amd64"/>
    <property name="sun.java.command" value="/workdir/hadoop-ozone/ozonefs/target/surefire/surefirebooter2956147962276135357.jar /workdir/hadoop-ozone/ozonefs/target/surefire 2019-09-25T03-07-58_965-jvmRun1 surefire2638859681231209008tmp surefire_936239917717170164197tmp"/>
    <property name="test" value="!TestMiniChaosOzoneCluster"/>
    <property name="surefire.test.class.path" value="/workdir/hadoop-ozone/ozonefs/target/test-classes:/workdir/hadoop-ozone/ozonefs/target/classes:/home/user/.m2/repository/org/apache/hadoop/hadoop-common/3.2.0/hadoop-common-3.2.0.jar:/home/user/.m2/repository/org/apache/hadoop/hadoop-annotations/3.2.0/hadoop-annotations-3.2.0.jar:/usr/lib/jvm/java-1.8-openjdk/jre/../lib/tools.jar:/home/user/.m2/repository/com/google/guava/guava/11.0.2/guava-11.0.2.jar:/home/user/.m2/repository/commons-cli/commons-cli/1.2/commons-cli-1.2.jar:/home/user/.m2/repository/org/apache/commons/commons-math3/3.1.1/commons-math3-3.1.1.jar:/home/user/.m2/repository/org/apache/httpcomponents/httpclient/4.5.2/httpclient-4.5.2.jar:/home/user/.m2/repository/org/apache/httpcomponents/httpcore/4.4.4/httpcore-4.4.4.jar:/home/user/.m2/repository/commons-codec/commons-codec/1.11/commons-codec-1.11.jar:/home/user/.m2/repository/commons-io/commons-io/2.5/commons-io-2.5.jar:/home/user/.m2/repository/commons-net/commons-net/3.6/commons-net-3.6.jar:/home/user/.m2/repository/commons-collections/commons-collections/3.2.2/commons-collections-3.2.2.jar:/home/user/.m2/repository/javax/servlet/javax.servlet-api/3.1.0/javax.servlet-api-3.1.0.jar:/home/user/.m2/repository/org/eclipse/jetty/jetty-server/9.3.25.v20180904/jetty-server-9.3.25.v20180904.jar:/home/user/.m2/repository/org/eclipse/jetty/jetty-http/9.3.25.v20180904/jetty-http-9.3.25.v20180904.jar:/home/user/.m2/repository/org/eclipse/jetty/jetty-io/9.3.25.v20180904/jetty-io-9.3.25.v20180904.jar:/home/user/.m2/repository/org/eclipse/jetty/jetty-util/9.3.25.v20180904/jetty-util-9.3.25.v20180904.jar:/home/user/.m2/repository/org/eclipse/jetty/jetty-servlet/9.3.25.v20180904/jetty-servlet-9.3.25.v20180904.jar:/home/user/.m2/repository/org/eclipse/jetty/jetty-security/9.3.25.v20180904/jetty-security-9.3.25.v20180904.jar:/home/user/.m2/repository/org/eclipse/jetty/jetty-webapp/9.3.25.v20180904/jetty-webapp-9.3.25.v20180904.jar:/home/user/.m2/repository/org/eclipse/jetty/jetty-xml/9.3.25.v20180904/jetty-xml-9.3.25.v20180904.jar:/home/user/.m2/repository/javax/servlet/jsp/jsp-api/2.1/jsp-api-2.1.jar:/home/user/.m2/repository/com/sun/jersey/jersey-core/1.19/jersey-core-1.19.jar:/home/user/.m2/repository/javax/ws/rs/jsr311-api/1.1.1/jsr311-api-1.1.1.jar:/home/user/.m2/repository/com/sun/jersey/jersey-servlet/1.19/jersey-servlet-1.19.jar:/home/user/.m2/repository/com/sun/jersey/jersey-json/1.19/jersey-json-1.19.jar:/home/user/.m2/repository/org/codehaus/jettison/jettison/1.1/jettison-1.1.jar:/home/user/.m2/repository/com/sun/xml/bind/jaxb-impl/2.3.0.1/jaxb-impl-2.3.0.1.jar:/home/user/.m2/repository/org/codehaus/jackson/jackson-core-asl/1.9.13/jackson-core-asl-1.9.13.jar:/home/user/.m2/repository/org/codehaus/jackson/jackson-mapper-asl/1.9.13/jackson-mapper-asl-1.9.13.jar:/home/user/.m2/repository/org/codehaus/jackson/jackson-jaxrs/1.9.13/jackson-jaxrs-1.9.13.jar:/home/user/.m2/repository/org/codehaus/jackson/jackson-xc/1.9.13/jackson-xc-1.9.13.jar:/home/user/.m2/repository/com/sun/jersey/jersey-server/1.19/jersey-server-1.19.jar:/home/user/.m2/repository/commons-logging/commons-logging/1.1.3/commons-logging-1.1.3.jar:/home/user/.m2/repository/log4j/log4j/1.2.17/log4j-1.2.17.jar:/home/user/.m2/repository/commons-beanutils/commons-beanutils/1.9.4/commons-beanutils-1.9.4.jar:/home/user/.m2/repository/org/apache/commons/commons-configuration2/2.1.1/commons-configuration2-2.1.1.jar:/home/user/.m2/repository/org/apache/commons/commons-lang3/3.7/commons-lang3-3.7.jar:/home/user/.m2/repository/org/apache/commons/commons-text/1.4/commons-text-1.4.jar:/home/user/.m2/repository/org/slf4j/slf4j-api/1.7.25/slf4j-api-1.7.25.jar:/home/user/.m2/repository/org/slf4j/slf4j-log4j12/1.7.25/slf4j-log4j12-1.7.25.jar:/home/user/.m2/repository/org/apache/avro/avro/1.7.7/avro-1.7.7.jar:/home/user/.m2/repository/com/thoughtworks/paranamer/paranamer/2.3/paranamer-2.3.jar:/home/user/.m2/repository/org/xerial/snappy/snappy-java/1.0.5/snappy-java-1.0.5.jar:/home/user/.m2/repository/com/google/re2j/re2j/1.1/re2j-1.1.jar:/home/user/.m2/repository/com/google/protobuf/protobuf-java/2.5.0/protobuf-java-2.5.0.jar:/home/user/.m2/repository/com/google/code/gson/gson/2.2.4/gson-2.2.4.jar:/home/user/.m2/repository/org/apache/hadoop/hadoop-auth/3.2.0/hadoop-auth-3.2.0.jar:/home/user/.m2/repository/com/nimbusds/nimbus-jose-jwt/4.41.1/nimbus-jose-jwt-4.41.1.jar:/home/user/.m2/repository/com/github/stephenc/jcip/jcip-annotations/1.0-1/jcip-annotations-1.0-1.jar:/home/user/.m2/repository/net/minidev/json-smart/2.3/json-smart-2.3.jar:/home/user/.m2/repository/net/minidev/accessors-smart/1.2/accessors-smart-1.2.jar:/home/user/.m2/repository/org/apache/curator/curator-framework/2.12.0/curator-framework-2.12.0.jar:/home/user/.m2/repository/com/jcraft/jsch/0.1.54/jsch-0.1.54.jar:/home/user/.m2/repository/org/apache/curator/curator-client/2.12.0/curator-client-2.12.0.jar:/home/user/.m2/repository/org/apache/curator/curator-recipes/2.12.0/curator-recipes-2.12.0.jar:/home/user/.m2/repository/com/google/code/findbugs/jsr305/3.0.0/jsr305-3.0.0.jar:/home/user/.m2/repository/org/apache/htrace/htrace-core4/4.1.0-incubating/htrace-core4-4.1.0-incubating.jar:/home/user/.m2/repository/org/apache/zookeeper/zookeeper/3.4.13/zookeeper-3.4.13.jar:/home/user/.m2/repository/jline/jline/0.9.94/jline-0.9.94.jar:/home/user/.m2/repository/org/apache/yetus/audience-annotations/0.5.0/audience-annotations-0.5.0.jar:/home/user/.m2/repository/org/apache/commons/commons-compress/1.4.1/commons-compress-1.4.1.jar:/home/user/.m2/repository/org/tukaani/xz/1.0/xz-1.0.jar:/home/user/.m2/repository/org/apache/kerby/kerb-simplekdc/1.0.1/kerb-simplekdc-1.0.1.jar:/home/user/.m2/repository/org/apache/kerby/kerb-client/1.0.1/kerb-client-1.0.1.jar:/home/user/.m2/repository/org/apache/kerby/kerby-config/1.0.1/kerby-config-1.0.1.jar:/home/user/.m2/repository/org/apache/kerby/kerb-core/1.0.1/kerb-core-1.0.1.jar:/home/user/.m2/repository/org/apache/kerby/kerby-pkix/1.0.1/kerby-pkix-1.0.1.jar:/home/user/.m2/repository/org/apache/kerby/kerby-asn1/1.0.1/kerby-asn1-1.0.1.jar:/home/user/.m2/repository/org/apache/kerby/kerby-util/1.0.1/kerby-util-1.0.1.jar:/home/user/.m2/repository/org/apache/kerby/kerb-common/1.0.1/kerb-common-1.0.1.jar:/home/user/.m2/repository/org/apache/kerby/kerb-crypto/1.0.1/kerb-crypto-1.0.1.jar:/home/user/.m2/repository/org/apache/kerby/kerb-util/1.0.1/kerb-util-1.0.1.jar:/home/user/.m2/repository/org/apache/kerby/token-provider/1.0.1/token-provider-1.0.1.jar:/home/user/.m2/repository/org/apache/kerby/kerb-admin/1.0.1/kerb-admin-1.0.1.jar:/home/user/.m2/repository/org/apache/kerby/kerb-server/1.0.1/kerb-server-1.0.1.jar:/home/user/.m2/repository/org/apache/kerby/kerb-identity/1.0.1/kerb-identity-1.0.1.jar:/home/user/.m2/repository/org/apache/kerby/kerby-xdr/1.0.1/kerby-xdr-1.0.1.jar:/home/user/.m2/repository/com/fasterxml/jackson/core/jackson-databind/2.9.9/jackson-databind-2.9.9.jar:/home/user/.m2/repository/com/fasterxml/jackson/core/jackson-annotations/2.9.9/jackson-annotations-2.9.9.jar:/home/user/.m2/repository/com/fasterxml/jackson/core/jackson-core/2.9.9/jackson-core-2.9.9.jar:/home/user/.m2/repository/org/codehaus/woodstox/stax2-api/3.1.4/stax2-api-3.1.4.jar:/home/user/.m2/repository/com/fasterxml/woodstox/woodstox-core/5.0.3/woodstox-core-5.0.3.jar:/home/user/.m2/repository/dnsjava/dnsjava/2.1.7/dnsjava-2.1.7.jar:/home/user/.m2/repository/org/apache/hadoop/hadoop-hdfs/3.2.0/hadoop-hdfs-3.2.0.jar:/home/user/.m2/repository/org/eclipse/jetty/jetty-util-ajax/9.3.25.v20180904/jetty-util-ajax-9.3.25.v20180904.jar:/home/user/.m2/repository/commons-daemon/commons-daemon/1.0.13/commons-daemon-1.0.13.jar:/home/user/.m2/repository/io/netty/netty/3.10.5.Final/netty-3.10.5.Final.jar:/home/user/.m2/repository/io/netty/netty-all/4.0.52.Final/netty-all-4.0.52.Final.jar:/home/user/.m2/repository/org/fusesource/leveldbjni/leveldbjni-all/1.8/leveldbjni-all-1.8.jar:/home/user/.m2/repository/org/apache/hadoop/hadoop-hdds-common/0.5.0-SNAPSHOT/hadoop-hdds-common-0.5.0-SNAPSHOT.jar:/home/user/.m2/repository/org/apache/hadoop/hadoop-hdds-config/0.5.0-SNAPSHOT/hadoop-hdds-config-0.5.0-SNAPSHOT.jar:/home/user/.m2/repository/javax/annotation/javax.annotation-api/1.2/javax.annotation-api-1.2.jar:/home/user/.m2/repository/org/apache/ratis/ratis-server/0.4.0/ratis-server-0.4.0.jar:/home/user/.m2/repository/org/apache/ratis/ratis-thirdparty-misc/0.2.0/ratis-thirdparty-misc-0.2.0.jar:/home/user/.m2/repository/org/apache/ratis/ratis-proto/0.4.0/ratis-proto-0.4.0.jar:/home/user/.m2/repository/org/apache/ratis/ratis-common/0.4.0/ratis-common-0.4.0.jar:/home/user/.m2/repository/org/apache/ratis/ratis-client/0.4.0/ratis-client-0.4.0.jar:/home/user/.m2/repository/org/apache/ratis/ratis-metrics/0.4.0/ratis-metrics-0.4.0.jar:/home/user/.m2/repository/com/github/joshelser/dropwizard-metrics-hadoop-metrics2-reporter/0.1.2/dropwizard-metrics-hadoop-metrics2-reporter-0.1.2.jar:/home/user/.m2/repository/io/dropwizard/metrics/metrics-jvm/3.2.5/metrics-jvm-3.2.5.jar:/home/user/.m2/repository/io/dropwizard/metrics/metrics-ganglia/3.2.5/metrics-ganglia-3.2.5.jar:/home/user/.m2/repository/info/ganglia/gmetric4j/gmetric4j/1.0.7/gmetric4j-1.0.7.jar:/home/user/.m2/repository/org/apache/ratis/ratis-netty/0.4.0/ratis-netty-0.4.0.jar:/home/user/.m2/repository/org/apache/ratis/ratis-grpc/0.4.0/ratis-grpc-0.4.0.jar:/home/user/.m2/repository/org/rocksdb/rocksdbjni/6.0.1/rocksdbjni-6.0.1.jar:/home/user/.m2/repository/org/apache/logging/log4j/log4j-api/2.11.0/log4j-api-2.11.0.jar:/home/user/.m2/repository/org/apache/logging/log4j/log4j-core/2.11.0/log4j-core-2.11.0.jar:/home/user/.m2/repository/com/lmax/disruptor/3.4.2/disruptor-3.4.2.jar:/home/user/.m2/repository/org/apache/commons/commons-pool2/2.6.0/commons-pool2-2.6.0.jar:/home/user/.m2/repository/org/bouncycastle/bcpkix-jdk15on/1.60/bcpkix-jdk15on-1.60.jar:/home/user/.m2/repository/commons-validator/commons-validator/1.6/commons-validator-1.6.jar:/home/user/.m2/repository/commons-digester/commons-digester/1.8.1/commons-digester-1.8.1.jar:/home/user/.m2/repository/io/jaegertracing/jaeger-client/0.34.0/jaeger-client-0.34.0.jar:/home/user/.m2/repository/io/jaegertracing/jaeger-thrift/0.34.0/jaeger-thrift-0.34.0.jar:/home/user/.m2/repository/org/apache/thrift/libthrift/0.12.0/libthrift-0.12.0.jar:/home/user/.m2/repository/com/squareup/okhttp3/okhttp/3.9.0/okhttp-3.9.0.jar:/home/user/.m2/repository/com/squareup/okio/okio/1.13.0/okio-1.13.0.jar:/home/user/.m2/repository/io/jaegertracing/jaeger-core/0.34.0/jaeger-core-0.34.0.jar:/home/user/.m2/repository/io/jaegertracing/jaeger-tracerresolver/0.34.0/jaeger-tracerresolver-0.34.0.jar:/home/user/.m2/repository/io/opentracing/contrib/opentracing-tracerresolver/0.1.5/opentracing-tracerresolver-0.1.5.jar:/home/user/.m2/repository/io/opentracing/opentracing-util/0.31.0/opentracing-util-0.31.0.jar:/home/user/.m2/repository/io/opentracing/opentracing-api/0.31.0/opentracing-api-0.31.0.jar:/home/user/.m2/repository/io/opentracing/opentracing-noop/0.31.0/opentracing-noop-0.31.0.jar:/home/user/.m2/repository/org/yaml/snakeyaml/1.16/snakeyaml-1.16.jar:/home/user/.m2/repository/org/apache/hadoop/hadoop-hdfs-client/3.2.0/hadoop-hdfs-client-3.2.0.jar:/home/user/.m2/repository/info/picocli/picocli/3.9.6/picocli-3.9.6.jar:/home/user/.m2/repository/org/apache/hadoop/hadoop-hdds-server-scm/0.5.0-SNAPSHOT/hadoop-hdds-server-scm-0.5.0-SNAPSHOT.jar:/home/user/.m2/repository/org/apache/hadoop/hadoop-hdds-docs/0.5.0-SNAPSHOT/hadoop-hdds-docs-0.5.0-SNAPSHOT.jar:/home/user/.m2/repository/io/dropwizard/metrics/metrics-core/3.2.4/metrics-core-3.2.4.jar:/home/user/.m2/repository/org/hamcrest/hamcrest-all/1.3/hamcrest-all-1.3.jar:/home/user/.m2/repository/org/bouncycastle/bcprov-jdk15on/1.60/bcprov-jdk15on-1.60.jar:/home/user/.m2/repository/org/apache/hadoop/hadoop-hdds-server-framework/0.5.0-SNAPSHOT/hadoop-hdds-server-framework-0.5.0-SNAPSHOT.jar:/home/user/.m2/repository/org/apache/hadoop/hadoop-ozone-ozone-manager/0.5.0-SNAPSHOT/hadoop-ozone-ozone-manager-0.5.0-SNAPSHOT.jar:/home/user/.m2/repository/org/apache/hadoop/hadoop-hdds-container-service/0.5.0-SNAPSHOT/hadoop-hdds-container-service-0.5.0-SNAPSHOT.jar:/home/user/.m2/repository/org/apache/hadoop/hadoop-hdds-client/0.5.0-SNAPSHOT/hadoop-hdds-client-0.5.0-SNAPSHOT.jar:/home/user/.m2/repository/org/apache/hadoop/hadoop-ozone-common/0.5.0-SNAPSHOT/hadoop-ozone-common-0.5.0-SNAPSHOT.jar:/home/user/.m2/repository/org/apache/hadoop/hadoop-hdds-tools/0.5.0-SNAPSHOT/hadoop-hdds-tools-0.5.0-SNAPSHOT.jar:/home/user/.m2/repository/org/xerial/sqlite-jdbc/3.25.2/sqlite-jdbc-3.25.2.jar:/home/user/.m2/repository/com/google/code/findbugs/findbugs/3.0.1/findbugs-3.0.1.jar:/home/user/.m2/repository/net/jcip/jcip-annotations/1.0/jcip-annotations-1.0.jar:/home/user/.m2/repository/com/google/code/findbugs/bcel-findbugs/6.0/bcel-findbugs-6.0.jar:/home/user/.m2/repository/com/google/code/findbugs/jFormatString/2.0.1/jFormatString-2.0.1.jar:/home/user/.m2/repository/dom4j/dom4j/1.6.1/dom4j-1.6.1.jar:/home/user/.m2/repository/xml-apis/xml-apis/1.0.b2/xml-apis-1.0.b2.jar:/home/user/.m2/repository/org/ow2/asm/asm-debug-all/5.0.2/asm-debug-all-5.0.2.jar:/home/user/.m2/repository/org/ow2/asm/asm-commons/5.0.2/asm-commons-5.0.2.jar:/home/user/.m2/repository/org/ow2/asm/asm-tree/5.0.2/asm-tree-5.0.2.jar:/home/user/.m2/repository/org/ow2/asm/asm/5.0.4/asm-5.0.4.jar:/home/user/.m2/repository/commons-lang/commons-lang/2.6/commons-lang-2.6.jar:/home/user/.m2/repository/com/apple/AppleJavaExtensions/1.4/AppleJavaExtensions-1.4.jar:/home/user/.m2/repository/jaxen/jaxen/1.1.6/jaxen-1.1.6.jar:/home/user/.m2/repository/org/apache/hadoop/hadoop-common/3.2.0/hadoop-common-3.2.0-tests.jar:/home/user/.m2/repository/org/apache/hadoop/hadoop-ozone-client/0.5.0-SNAPSHOT/hadoop-ozone-client-0.5.0-SNAPSHOT.jar:/home/user/.m2/repository/org/apache/hadoop/hadoop-hdfs/3.2.0/hadoop-hdfs-3.2.0-tests.jar:/workdir/hadoop-ozone/integration-test/target/test-classes:/home/user/.m2/repository/org/apache/hadoop/hadoop-ozone-s3gateway/0.5.0-SNAPSHOT/hadoop-ozone-s3gateway-0.5.0-SNAPSHOT.jar:/home/user/.m2/repository/org/jboss/weld/servlet/weld-servlet/2.4.7.Final/weld-servlet-2.4.7.Final.jar:/home/user/.m2/repository/org/glassfish/jersey/containers/jersey-container-servlet-core/2.27/jersey-container-servlet-core-2.27.jar:/home/user/.m2/repository/org/glassfish/hk2/external/javax.inject/2.5.0-b42/javax.inject-2.5.0-b42.jar:/home/user/.m2/repository/org/glassfish/jersey/core/jersey-common/2.27/jersey-common-2.27.jar:/home/user/.m2/repository/org/glassfish/hk2/osgi-resource-locator/1.0.1/osgi-resource-locator-1.0.1.jar:/home/user/.m2/repository/javax/ws/rs/javax.ws.rs-api/2.1/javax.ws.rs-api-2.1.jar:/home/user/.m2/repository/org/glassfish/jersey/ext/cdi/jersey-cdi1x/2.27/jersey-cdi1x-2.27.jar:/home/user/.m2/repository/org/glassfish/jersey/inject/jersey-hk2/2.27/jersey-hk2-2.27.jar:/home/user/.m2/repository/org/glassfish/hk2/hk2-locator/2.5.0-b42/hk2-locator-2.5.0-b42.jar:/home/user/.m2/repository/org/javassist/javassist/3.22.0-CR2/javassist-3.22.0-CR2.jar:/home/user/.m2/repository/org/glassfish/hk2/hk2-api/2.5.0/hk2-api-2.5.0.jar:/home/user/.m2/repository/org/glassfish/hk2/external/jakarta.inject/2.5.0/jakarta.inject-2.5.0.jar:/home/user/.m2/repository/org/glassfish/hk2/hk2-utils/2.5.0/hk2-utils-2.5.0.jar:/home/user/.m2/repository/jakarta/annotation/jakarta.annotation-api/1.3.4/jakarta.annotation-api-1.3.4.jar:/home/user/.m2/repository/org/glassfish/hk2/external/aopalliance-repackaged/2.5.0/aopalliance-repackaged-2.5.0.jar:/home/user/.m2/repository/com/fasterxml/jackson/dataformat/jackson-dataformat-xml/2.9.0/jackson-dataformat-xml-2.9.0.jar:/home/user/.m2/repository/com/fasterxml/jackson/module/jackson-module-jaxb-annotations/2.9.9/jackson-module-jaxb-annotations-2.9.9.jar:/home/user/.m2/repository/javax/enterprise/cdi-api/1.2/cdi-api-1.2.jar:/home/user/.m2/repository/javax/el/javax.el-api/3.0.0/javax.el-api-3.0.0.jar:/home/user/.m2/repository/javax/interceptor/javax.interceptor-api/1.2/javax.interceptor-api-1.2.jar:/home/user/.m2/repository/javax/inject/javax.inject/1/javax.inject-1.jar:/home/user/.m2/repository/com/sun/xml/bind/jaxb-core/2.3.0.1/jaxb-core-2.3.0.1.jar:/home/user/.m2/repository/javax/xml/bind/jaxb-api/2.3.0/jaxb-api-2.3.0.jar:/home/user/.m2/repository/javax/activation/activation/1.1.1/activation-1.1.1.jar:/home/user/.m2/repository/org/apache/hadoop/hadoop-ozone-csi/0.5.0-SNAPSHOT/hadoop-ozone-csi-0.5.0-SNAPSHOT.jar:/home/user/.m2/repository/com/google/protobuf/protobuf-java-util/3.5.1/protobuf-java-util-3.5.1.jar:/home/user/.m2/repository/io/grpc/grpc-netty/1.17.1/grpc-netty-1.17.1.jar:/home/user/.m2/repository/io/grpc/grpc-core/1.17.1/grpc-core-1.17.1.jar:/home/user/.m2/repository/io/grpc/grpc-context/1.17.1/grpc-context-1.17.1.jar:/home/user/.m2/repository/com/google/errorprone/error_prone_annotations/2.2.0/error_prone_annotations-2.2.0.jar:/home/user/.m2/repository/org/codehaus/mojo/animal-sniffer-annotations/1.17/animal-sniffer-annotations-1.17.jar:/home/user/.m2/repository/io/opencensus/opencensus-api/0.17.0/opencensus-api-0.17.0.jar:/home/user/.m2/repository/io/opencensus/opencensus-contrib-grpc-metrics/0.17.0/opencensus-contrib-grpc-metrics-0.17.0.jar:/home/user/.m2/repository/io/netty/netty-codec-http2/4.1.30.Final/netty-codec-http2-4.1.30.Final.jar:/home/user/.m2/repository/io/netty/netty-codec-http/4.1.30.Final/netty-codec-http-4.1.30.Final.jar:/home/user/.m2/repository/io/netty/netty-codec/4.1.30.Final/netty-codec-4.1.30.Final.jar:/home/user/.m2/repository/io/netty/netty-handler/4.1.30.Final/netty-handler-4.1.30.Final.jar:/home/user/.m2/repository/io/netty/netty-handler-proxy/4.1.30.Final/netty-handler-proxy-4.1.30.Final.jar:/home/user/.m2/repository/io/netty/netty-codec-socks/4.1.30.Final/netty-codec-socks-4.1.30.Final.jar:/home/user/.m2/repository/io/netty/netty-transport-native-epoll/4.1.30.Final/netty-transport-native-epoll-4.1.30.Final.jar:/home/user/.m2/repository/io/netty/netty-common/4.1.30.Final/netty-common-4.1.30.Final.jar:/home/user/.m2/repository/io/netty/netty-buffer/4.1.30.Final/netty-buffer-4.1.30.Final.jar:/home/user/.m2/repository/io/netty/netty-transport/4.1.30.Final/netty-transport-4.1.30.Final.jar:/home/user/.m2/repository/io/netty/netty-resolver/4.1.30.Final/netty-resolver-4.1.30.Final.jar:/home/user/.m2/repository/io/netty/netty-transport-native-unix-common/4.1.30.Final/netty-transport-native-unix-common-4.1.30.Final.jar:/home/user/.m2/repository/io/grpc/grpc-protobuf/1.17.1/grpc-protobuf-1.17.1.jar:/home/user/.m2/repository/com/google/api/grpc/proto-google-common-protos/1.0.0/proto-google-common-protos-1.0.0.jar:/home/user/.m2/repository/io/grpc/grpc-protobuf-lite/1.17.1/grpc-protobuf-lite-1.17.1.jar:/home/user/.m2/repository/io/grpc/grpc-stub/1.17.1/grpc-stub-1.17.1.jar:/home/user/.m2/repository/org/apache/hadoop/hadoop-ozone-recon/0.5.0-SNAPSHOT/hadoop-ozone-recon-0.5.0-SNAPSHOT.jar:/home/user/.m2/repository/org/apache/hadoop/hadoop-ozone-reconcodegen/0.5.0-SNAPSHOT/hadoop-ozone-reconcodegen-0.5.0-SNAPSHOT.jar:/home/user/.m2/repository/com/google/inject/extensions/guice-multibindings/4.0/guice-multibindings-4.0.jar:/home/user/.m2/repository/com/google/inject/guice/4.0/guice-4.0.jar:/home/user/.m2/repository/aopalliance/aopalliance/1.0/aopalliance-1.0.jar:/home/user/.m2/repository/org/glassfish/jersey/containers/jersey-container-servlet/2.27/jersey-container-servlet-2.27.jar:/home/user/.m2/repository/org/glassfish/hk2/guice-bridge/2.5.0/guice-bridge-2.5.0.jar:/home/user/.m2/repository/org/glassfish/jersey/core/jersey-server/2.27/jersey-server-2.27.jar:/home/user/.m2/repository/org/glassfish/jersey/core/jersey-client/2.27/jersey-client-2.27.jar:/home/user/.m2/repository/org/glassfish/jersey/media/jersey-media-jaxb/2.27/jersey-media-jaxb-2.27.jar:/home/user/.m2/repository/javax/validation/validation-api/1.1.0.Final/validation-api-1.1.0.Final.jar:/home/user/.m2/repository/org/glassfish/jersey/media/jersey-media-json-jackson/2.27/jersey-media-json-jackson-2.27.jar:/home/user/.m2/repository/org/glassfish/jersey/ext/jersey-entity-filtering/2.27/jersey-entity-filtering-2.27.jar:/home/user/.m2/repository/com/google/inject/extensions/guice-assistedinject/4.0/guice-assistedinject-4.0.jar:/home/user/.m2/repository/org/jooq/jooq/3.11.10/jooq-3.11.10.jar:/home/user/.m2/repository/org/jooq/jooq-meta/3.11.10/jooq-meta-3.11.10.jar:/home/user/.m2/repository/org/jooq/jooq-codegen/3.11.10/jooq-codegen-3.11.10.jar:/home/user/.m2/repository/com/jolbox/bonecp/0.8.0.RELEASE/bonecp-0.8.0.RELEASE.jar:/home/user/.m2/repository/org/springframework/spring-jdbc/5.1.3.RELEASE/spring-jdbc-5.1.3.RELEASE.jar:/home/user/.m2/repository/org/springframework/spring-beans/5.1.3.RELEASE/spring-beans-5.1.3.RELEASE.jar:/home/user/.m2/repository/org/springframework/spring-core/5.1.3.RELEASE/spring-core-5.1.3.RELEASE.jar:/home/user/.m2/repository/org/springframework/spring-jcl/5.1.3.RELEASE/spring-jcl-5.1.3.RELEASE.jar:/home/user/.m2/repository/org/springframework/spring-tx/5.1.3.RELEASE/spring-tx-5.1.3.RELEASE.jar:/home/user/.m2/repository/org/mockito/mockito-all/1.10.19/mockito-all-1.10.19.jar:/home/user/.m2/repository/junit/junit/4.11/junit-4.11.jar:/home/user/.m2/repository/org/hamcrest/hamcrest-core/1.3/hamcrest-core-1.3.jar:/home/user/.m2/repository/org/apache/hadoop/hadoop-distcp/3.2.0/hadoop-distcp-3.2.0.jar:/home/user/.m2/repository/org/apache/hadoop/hadoop-distcp/3.2.0/hadoop-distcp-3.2.0-tests.jar:/home/user/.m2/repository/org/apache/hadoop/hadoop-mapreduce-client-jobclient/3.2.0/hadoop-mapreduce-client-jobclient-3.2.0.jar:/home/user/.m2/repository/org/apache/hadoop/hadoop-mapreduce-client-common/3.2.0/hadoop-mapreduce-client-common-3.2.0.jar:/home/user/.m2/repository/org/apache/hadoop/hadoop-yarn-common/3.2.0/hadoop-yarn-common-3.2.0.jar:/home/user/.m2/repository/org/apache/hadoop/hadoop-yarn-api/3.2.0/hadoop-yarn-api-3.2.0.jar:/home/user/.m2/repository/com/sun/jersey/jersey-client/1.19/jersey-client-1.19.jar:/home/user/.m2/repository/com/sun/jersey/contribs/jersey-guice/1.19/jersey-guice-1.19.jar:/home/user/.m2/repository/com/fasterxml/jackson/jaxrs/jackson-jaxrs-json-provider/2.9.9/jackson-jaxrs-json-provider-2.9.9.jar:/home/user/.m2/repository/com/fasterxml/jackson/jaxrs/jackson-jaxrs-base/2.9.9/jackson-jaxrs-base-2.9.9.jar:/home/user/.m2/repository/org/apache/hadoop/hadoop-yarn-client/3.2.0/hadoop-yarn-client-3.2.0.jar:/home/user/.m2/repository/org/apache/hadoop/hadoop-mapreduce-client-core/3.2.0/hadoop-mapreduce-client-core-3.2.0.jar:/home/user/.m2/repository/com/google/inject/extensions/guice-servlet/4.0/guice-servlet-4.0.jar:/home/user/.m2/repository/org/powermock/powermock-module-junit4/1.6.5/powermock-module-junit4-1.6.5.jar:/home/user/.m2/repository/org/powermock/powermock-module-junit4-common/1.6.5/powermock-module-junit4-common-1.6.5.jar:/home/user/.m2/repository/org/powermock/powermock-core/1.6.5/powermock-core-1.6.5.jar:/home/user/.m2/repository/org/powermock/powermock-reflect/1.6.5/powermock-reflect-1.6.5.jar:/home/user/.m2/repository/org/powermock/powermock-api-mockito/1.6.5/powermock-api-mockito-1.6.5.jar:/home/user/.m2/repository/org/mockito/mockito-core/1.10.19/mockito-core-1.10.19.jar:/home/user/.m2/repository/org/objenesis/objenesis/1.0/objenesis-1.0.jar:/home/user/.m2/repository/org/powermock/powermock-api-mockito-common/1.6.5/powermock-api-mockito-common-1.6.5.jar:/home/user/.m2/repository/org/powermock/powermock-api-support/1.6.5/powermock-api-support-1.6.5.jar:"/>
    <property name="sun.cpu.endian" value="little"/>
    <property name="user.home" value="/home/user"/>
    <property name="user.language" value="en"/>
    <property name="java.specification.vendor" value="Oracle Corporation"/>
    <property name="java.home" value="/usr/lib/jvm/java-1.8-openjdk/jre"/>
    <property name="java.security.krb5.conf" value="/workdir/hadoop-ozone/ozonefs/target/test-classes/krb5.conf"/>
    <property name="basedir" value="/workdir/hadoop-ozone/ozonefs"/>
    <property name="file.separator" value="/"/>
    <property name="line.separator" value="&#10;"/>
    <property name="java.vm.specification.vendor" value="Oracle Corporation"/>
    <property name="java.specification.name" value="Java Platform API Specification"/>
    <property name="java.awt.graphicsenv" value="sun.awt.X11GraphicsEnvironment"/>
    <property name="surefire.real.class.path" value="/workdir/hadoop-ozone/ozonefs/target/surefire/surefirebooter2956147962276135357.jar"/>
    <property name="hadoop.log.dir" value="/workdir/hadoop-ozone/ozonefs/target/log"/>
    <property name="sun.boot.class.path" value="/usr/lib/jvm/java-1.8-openjdk/jre/lib/resources.jar:/usr/lib/jvm/java-1.8-openjdk/jre/lib/rt.jar:/usr/lib/jvm/java-1.8-openjdk/jre/lib/sunrsasign.jar:/usr/lib/jvm/java-1.8-openjdk/jre/lib/jsse.jar:/usr/lib/jvm/java-1.8-openjdk/jre/lib/jce.jar:/usr/lib/jvm/java-1.8-openjdk/jre/lib/charsets.jar:/usr/lib/jvm/java-1.8-openjdk/jre/lib/jfr.jar:/usr/lib/jvm/java-1.8-openjdk/jre/classes"/>
    <property name="sun.management.compiler" value="HotSpot 64-Bit Tiered Compilers"/>
    <property name="java.runtime.version" value="1.8.0_212-b04"/>
    <property name="java.net.preferIPv4Stack" value="true"/>
    <property name="user.name" value="jenkins1000"/>
    <property name="path.separator" value=":"/>
    <property name="java.security.egd" value="file:///dev/urandom"/>
    <property name="os.version" value="3.10.0-957.12.2.el7.x86_64"/>
    <property name="java.endorsed.dirs" value="/usr/lib/jvm/java-1.8-openjdk/jre/lib/endorsed"/>
    <property name="java.runtime.name" value="OpenJDK Runtime Environment"/>
    <property name="file.encoding" value="UTF-8"/>
    <property name="java.vm.name" value="OpenJDK 64-Bit Server VM"/>
    <property name="test.build.webapps" value=""/>
    <property name="localRepository" value="/home/user/.m2/repository"/>
    <property name="java.vendor.url.bug" value="https://icedtea.classpath.org/bugzilla"/>
    <property name="java.io.tmpdir" value="/tmp"/>
    <property name="require.test.libhadoop" value=""/>
    <property name="java.version" value="1.8.0_212"/>
    <property name="user.dir" value="/workdir/hadoop-ozone/ozonefs"/>
    <property name="os.arch" value="amd64"/>
    <property name="java.vm.specification.name" value="Java Virtual Machine Specification"/>
    <property name="test.build.classes" value="/workdir/hadoop-ozone/ozonefs/target/test-classes"/>
    <property name="java.awt.printerjob" value="sun.print.PSPrinterJob"/>
    <property name="sun.os.patch.level" value="unknown"/>
    <property name="hadoop.tmp.dir" value="/workdir/hadoop-ozone/ozonefs/target/tmp"/>
    <property name="java.library.path" value="/usr/lib/jvm/java-1.8-openjdk/jre/lib/amd64/server:/usr/lib/jvm/java-1.8-openjdk/jre/lib/amd64:/usr/lib/jvm/java-1.8-openjdk/jre/../lib/amd64:/workdir/hadoop-ozone/ozonefs/target/native/target/usr/local/lib:/workdir/hadoop-ozone/ozonefs/../../hadoop-common-project/hadoop-common/target/native/target/usr/local/lib:/usr/java/packages/lib/amd64:/usr/lib64:/lib64:/lib:/usr/lib"/>
    <property name="java.vm.info" value="mixed mode"/>
    <property name="java.vendor" value="IcedTea"/>
    <property name="java.vm.version" value="25.212-b04"/>
    <property name="java.ext.dirs" value="/usr/lib/jvm/java-1.8-openjdk/jre/lib/ext:/usr/java/packages/lib/ext"/>
    <property name="sun.io.unicode.encoding" value="UnicodeLittle"/>
    <property name="java.class.version" value="52.0"/>
  </properties>
  <testcase name="testOzoneManagerFileSystemInterface[0]" classname="org.apache.hadoop.fs.ozone.TestOzoneFileInterfaces" time="22.241"/>
  <testcase name="testListStatus[0]" classname="org.apache.hadoop.fs.ozone.TestOzoneFileInterfaces" time="17.546"/>
  <testcase name="testDirectory[0]" classname="org.apache.hadoop.fs.ozone.TestOzoneFileInterfaces" time="17.628"/>
  <testcase name="testPathToKey[0]" classname="org.apache.hadoop.fs.ozone.TestOzoneFileInterfaces" time="17.375"/>
  <testcase name="testFileSystemInit[0]" classname="org.apache.hadoop.fs.ozone.TestOzoneFileInterfaces" time="16.772"/>
  <testcase name="testOzFsReadWrite[0]" classname="org.apache.hadoop.fs.ozone.TestOzoneFileInterfaces" time="16.939">
    <error message="Allocated 0 blocks. Requested 1 blocks" type="INTERNAL_ERROR org.apache.hadoop.ozone.om.exceptions.OMException">INTERNAL_ERROR org.apache.hadoop.ozone.om.exceptions.OMException: Allocated 0 blocks. Requested 1 blocks
	at org.apache.hadoop.ozone.om.protocolPB.OzoneManagerProtocolClientSideTranslatorPB.handleError(OzoneManagerProtocolClientSideTranslatorPB.java:732)
	at org.apache.hadoop.ozone.om.protocolPB.OzoneManagerProtocolClientSideTranslatorPB.createFile(OzoneManagerProtocolClientSideTranslatorPB.java:1536)
	at sun.reflect.NativeMethodAccessorImpl.invoke0(Native Method)
	at sun.reflect.NativeMethodAccessorImpl.invoke(NativeMethodAccessorImpl.java:62)
	at sun.reflect.DelegatingMethodAccessorImpl.invoke(DelegatingMethodAccessorImpl.java:43)
	at java.lang.reflect.Method.invoke(Method.java:498)
	at org.apache.hadoop.hdds.tracing.TraceAllMethod.invoke(TraceAllMethod.java:66)
	at com.sun.proxy.$Proxy39.createFile(Unknown Source)
	at org.apache.hadoop.ozone.client.rpc.RpcClient.createFile(RpcClient.java:1006)
	at org.apache.hadoop.ozone.client.OzoneBucket.createFile(OzoneBucket.java:537)
	at org.apache.hadoop.fs.ozone.BasicOzoneClientAdapterImpl.createFile(BasicOzoneClientAdapterImpl.java:205)
	at org.apache.hadoop.fs.ozone.BasicOzoneFileSystem.createOutputStream(BasicOzoneFileSystem.java:250)
	at org.apache.hadoop.fs.ozone.BasicOzoneFileSystem.create(BasicOzoneFileSystem.java:231)
	at org.apache.hadoop.fs.FileSystem.create(FileSystem.java:1118)
	at org.apache.hadoop.fs.FileSystem.create(FileSystem.java:1098)
	at org.apache.hadoop.fs.FileSystem.create(FileSystem.java:987)
	at org.apache.hadoop.fs.FileSystem.create(FileSystem.java:975)
	at org.apache.hadoop.fs.ozone.TestOzoneFileInterfaces.testOzFsReadWrite(TestOzoneFileInterfaces.java:169)
	at sun.reflect.NativeMethodAccessorImpl.invoke0(Native Method)
	at sun.reflect.NativeMethodAccessorImpl.invoke(NativeMethodAccessorImpl.java:62)
	at sun.reflect.DelegatingMethodAccessorImpl.invoke(DelegatingMethodAccessorImpl.java:43)
	at java.lang.reflect.Method.invoke(Method.java:498)
	at org.junit.runners.model.FrameworkMethod$1.runReflectiveCall(FrameworkMethod.java:47)
	at org.junit.internal.runners.model.ReflectiveCallable.run(ReflectiveCallable.java:12)
	at org.junit.runners.model.FrameworkMethod.invokeExplosively(FrameworkMethod.java:44)
	at org.junit.internal.runners.statements.InvokeMethod.evaluate(InvokeMethod.java:17)
	at org.junit.internal.runners.statements.RunBefores.evaluate(RunBefores.java:26)
	at org.junit.internal.runners.statements.RunAfters.evaluate(RunAfters.java:27)
	at org.junit.runners.ParentRunner.runLeaf(ParentRunner.java:271)
	at org.junit.runners.BlockJUnit4ClassRunner.runChild(BlockJUnit4ClassRunner.java:70)
	at org.junit.runners.BlockJUnit4ClassRunner.runChild(BlockJUnit4ClassRunner.java:50)
	at org.junit.runners.ParentRunner$3.run(ParentRunner.java:238)
	at org.junit.runners.ParentRunner$1.schedule(ParentRunner.java:63)
	at org.junit.runners.ParentRunner.runChildren(ParentRunner.java:236)
	at org.junit.runners.ParentRunner.access$000(ParentRunner.java:53)
	at org.junit.runners.ParentRunner$2.evaluate(ParentRunner.java:229)
	at org.junit.runners.ParentRunner.run(ParentRunner.java:309)
	at org.junit.runners.Suite.runChild(Suite.java:127)
	at org.junit.runners.Suite.runChild(Suite.java:26)
	at org.junit.runners.ParentRunner$3.run(ParentRunner.java:238)
	at org.junit.runners.ParentRunner$1.schedule(ParentRunner.java:63)
	at org.junit.runners.ParentRunner.runChildren(ParentRunner.java:236)
	at org.junit.runners.ParentRunner.access$000(ParentRunner.java:53)
	at org.junit.runners.ParentRunner$2.evaluate(ParentRunner.java:229)
	at org.junit.runners.ParentRunner.run(ParentRunner.java:309)
	at org.apache.maven.surefire.junit4.JUnit4Provider.execute(JUnit4Provider.java:365)
	at org.apache.maven.surefire.junit4.JUnit4Provider.executeWithRerun(JUnit4Provider.java:273)
	at org.apache.maven.surefire.junit4.JUnit4Provider.executeTestSet(JUnit4Provider.java:238)
	at org.apache.maven.surefire.junit4.JUnit4Provider.invoke(JUnit4Provider.java:159)
	at org.apache.maven.surefire.booter.ForkedBooter.invokeProviderInSameClassLoader(ForkedBooter.java:384)
	at org.apache.maven.surefire.booter.ForkedBooter.runSuitesInProcess(ForkedBooter.java:345)
	at org.apache.maven.surefire.booter.ForkedBooter.execute(ForkedBooter.java:126)
	at org.apache.maven.surefire.booter.ForkedBooter.main(ForkedBooter.java:418)
</error>
    <system-out><![CDATA[2019-09-25 07:16:07,803 [main] WARN  server.ServerUtils (ServerUtils.java:getScmDbDir(145)) - ozone.scm.db.dirs is not configured. We recommend adding this setting. Falling back to ozone.metadata.dirs instead.
2019-09-25 07:16:07,830 [main] WARN  server.ServerUtils (ServerUtils.java:getScmDbDir(145)) - ozone.scm.db.dirs is not configured. We recommend adding this setting. Falling back to ozone.metadata.dirs instead.
2019-09-25 07:16:07,831 [main] WARN  server.ServerUtils (ServerUtils.java:getScmDbDir(145)) - ozone.scm.db.dirs is not configured. We recommend adding this setting. Falling back to ozone.metadata.dirs instead.
2019-09-25 07:16:07,832 [main] INFO  db.DBStoreBuilder (DBStoreBuilder.java:addTable(110)) - using custom profile for table: deletedBlocks
2019-09-25 07:16:07,832 [main] INFO  db.DBStoreBuilder (DBStoreBuilder.java:processTables(161)) - Using default column profile:DBProfile.DISK for Table:deletedBlocks
2019-09-25 07:16:07,833 [main] INFO  db.DBStoreBuilder (DBStoreBuilder.java:addTable(110)) - using custom profile for table: validCerts
2019-09-25 07:16:07,833 [main] INFO  db.DBStoreBuilder (DBStoreBuilder.java:processTables(161)) - Using default column profile:DBProfile.DISK for Table:validCerts
2019-09-25 07:16:07,834 [main] INFO  db.DBStoreBuilder (DBStoreBuilder.java:addTable(110)) - using custom profile for table: revokedCerts
2019-09-25 07:16:07,834 [main] INFO  db.DBStoreBuilder (DBStoreBuilder.java:processTables(161)) - Using default column profile:DBProfile.DISK for Table:revokedCerts
2019-09-25 07:16:07,835 [main] INFO  db.DBStoreBuilder (DBStoreBuilder.java:addTable(110)) - using custom profile for table: default
2019-09-25 07:16:07,835 [main] INFO  db.DBStoreBuilder (DBStoreBuilder.java:processTables(167)) - Using default column profile:DBProfile.DISK for Table:default
2019-09-25 07:16:07,836 [main] INFO  db.DBStoreBuilder (DBStoreBuilder.java:getDbProfile(198)) - Using default options. DBProfile.DISK
2019-09-25 07:16:08,017 [main] INFO  net.NodeSchemaLoader (NodeSchemaLoader.java:loadSchemaFromFile(125)) - Loading file from sun.misc.CompoundEnumeration@6897a4a
2019-09-25 07:16:08,017 [main] INFO  net.NodeSchemaLoader (NodeSchemaLoader.java:loadSchema(171)) - Loading network topology layer schema file
2019-09-25 07:16:08,021 [main] WARN  server.ServerUtils (ServerUtils.java:sanitizeUserArgs(70)) - ozone.scm.stale.node.interval value = 300000 is larger than max = 100000 based on the key value of ozone.scm.heartbeat.thread.interval, reset to the max value 100000.
2019-09-25 07:16:08,022 [main] WARN  server.ServerUtils (ServerUtils.java:sanitizeUserArgs(70)) - ozone.scm.stale.node.interval value = 300000 is larger than max = 100000 based on the key value of ozone.scm.heartbeat.thread.interval, reset to the max value 100000.
2019-09-25 07:16:08,022 [main] INFO  node.SCMNodeManager (SCMNodeManager.java:<init>(114)) - Entering startup safe mode.
2019-09-25 07:16:08,023 [main] INFO  algorithms.ContainerPlacementPolicyFactory (ContainerPlacementPolicyFactory.java:getPolicy(59)) - Create container placement policy of type org.apache.hadoop.hdds.scm.container.placement.algorithms.SCMContainerPlacementRandom
2019-09-25 07:16:08,023 [main] WARN  server.ServerUtils (ServerUtils.java:getScmDbDir(145)) - ozone.scm.db.dirs is not configured. We recommend adding this setting. Falling back to ozone.metadata.dirs instead.
2019-09-25 07:16:08,072 [main] INFO  pipeline.SCMPipelineManager (SCMPipelineManager.java:initializePipelineState(132)) - No pipeline exists in current db
2019-09-25 07:16:08,072 [main] WARN  server.ServerUtils (ServerUtils.java:getScmDbDir(145)) - ozone.scm.db.dirs is not configured. We recommend adding this setting. Falling back to ozone.metadata.dirs instead.
2019-09-25 07:16:08,112 [main] WARN  events.EventQueue (EventQueue.java:fireEvent(183)) - No event handler registered for event TypedEvent{payloadType=SafeModeStatus, name='SafeModeStatus'}
2019-09-25 07:16:08,113 [main] INFO  ipc.CallQueueManager (CallQueueManager.java:<init>(84)) - Using callQueue: class java.util.concurrent.LinkedBlockingQueue, queueCapacity: 2000, scheduler: class org.apache.hadoop.ipc.DefaultRpcScheduler, ipcBackoff: false.
2019-09-25 07:16:08,114 [Socket Reader #1 for port 38343] INFO  ipc.Server (Server.java:run(1074)) - Starting Socket Reader #1 for port 38343
2019-09-25 07:16:08,117 [main] INFO  ipc.CallQueueManager (CallQueueManager.java:<init>(84)) - Using callQueue: class java.util.concurrent.LinkedBlockingQueue, queueCapacity: 2000, scheduler: class org.apache.hadoop.ipc.DefaultRpcScheduler, ipcBackoff: false.
2019-09-25 07:16:08,118 [Socket Reader #1 for port 41430] INFO  ipc.Server (Server.java:run(1074)) - Starting Socket Reader #1 for port 41430
2019-09-25 07:16:08,120 [main] INFO  ipc.CallQueueManager (CallQueueManager.java:<init>(84)) - Using callQueue: class java.util.concurrent.LinkedBlockingQueue, queueCapacity: 2000, scheduler: class org.apache.hadoop.ipc.DefaultRpcScheduler, ipcBackoff: false.
2019-09-25 07:16:08,120 [Socket Reader #1 for port 46232] INFO  ipc.Server (Server.java:run(1074)) - Starting Socket Reader #1 for port 46232
2019-09-25 07:16:08,126 [main] INFO  hdfs.DFSUtil (DFSUtil.java:httpServerTemplateForNNAndJN(1641)) - Starting Web-server for scm at: http://0.0.0.0:0
2019-09-25 07:16:08,130 [main] INFO  server.AuthenticationFilter (AuthenticationFilter.java:constructSecretProvider(240)) - Unable to initialize FileSignerSecretProvider, falling back to use random secrets.
2019-09-25 07:16:08,131 [main] WARN  http.HttpRequestLog (HttpRequestLog.java:getRequestLog(97)) - Jetty request log can only be enabled using Log4j
2019-09-25 07:16:08,134 [main] INFO  http.HttpServer2 (HttpServer2.java:addGlobalFilter(975)) - Added global filter 'safety' (class=org.apache.hadoop.http.HttpServer2$QuotingInputFilter)
2019-09-25 07:16:08,135 [main] INFO  http.HttpServer2 (HttpServer2.java:addFilter(948)) - Added filter static_user_filter (class=org.apache.hadoop.http.lib.StaticUserWebFilter$StaticUserFilter) to context scm
2019-09-25 07:16:08,135 [main] INFO  http.HttpServer2 (HttpServer2.java:addFilter(958)) - Added filter static_user_filter (class=org.apache.hadoop.http.lib.StaticUserWebFilter$StaticUserFilter) to context logs
2019-09-25 07:16:08,135 [main] INFO  http.HttpServer2 (HttpServer2.java:addFilter(958)) - Added filter static_user_filter (class=org.apache.hadoop.http.lib.StaticUserWebFilter$StaticUserFilter) to context static
2019-09-25 07:16:08,139 [main] INFO  server.StorageContainerManager (StorageContainerManager.java:start(770)) - StorageContainerLocationProtocol RPC server is listening at /0.0.0.0:46232
2019-09-25 07:16:08,142 [main] WARN  impl.MetricsConfig (MetricsConfig.java:loadFirst(134)) - Cannot locate configuration: tried hadoop-metrics2-storagecontainermanager.properties,hadoop-metrics2.properties
2019-09-25 07:16:08,144 [main] INFO  impl.MetricsSystemImpl (MetricsSystemImpl.java:startTimer(374)) - Scheduled Metric snapshot period at 10 second(s).
2019-09-25 07:16:08,144 [main] INFO  impl.MetricsSystemImpl (MetricsSystemImpl.java:start(191)) - StorageContainerManager metrics system started
2019-09-25 07:16:08,181 [main] WARN  impl.MetricsSystemImpl (MetricsSystemImpl.java:register(276)) - Sink prometheus already exists!
2019-09-25 07:16:08,254 [main] INFO  server.SCMClientProtocolServer (SCMClientProtocolServer.java:start(151)) - RPC server for Client  is listening at /0.0.0.0:46232
2019-09-25 07:16:08,254 [IPC Server Responder] INFO  ipc.Server (Server.java:run(1314)) - IPC Server Responder: starting
2019-09-25 07:16:08,254 [IPC Server listener on 46232] INFO  ipc.Server (Server.java:run(1153)) - IPC Server listener on 46232: starting
2019-09-25 07:16:08,259 [main] INFO  server.StorageContainerManager (StorageContainerManager.java:start(780)) - ScmBlockLocationProtocol RPC server is listening at /0.0.0.0:41430
2019-09-25 07:16:08,260 [main] INFO  server.SCMBlockProtocolServer (SCMBlockProtocolServer.java:start(146)) - RPC server for Block Protocol is listening at /0.0.0.0:41430
2019-09-25 07:16:08,260 [IPC Server Responder] INFO  ipc.Server (Server.java:run(1314)) - IPC Server Responder: starting
2019-09-25 07:16:08,260 [IPC Server listener on 41430] INFO  ipc.Server (Server.java:run(1153)) - IPC Server listener on 41430: starting
2019-09-25 07:16:08,264 [main] INFO  server.StorageContainerManager (StorageContainerManager.java:start(784)) - ScmDatanodeProtocl RPC server is listening at /0.0.0.0:38343
2019-09-25 07:16:08,265 [main] INFO  server.SCMDatanodeProtocolServer (SCMDatanodeProtocolServer.java:start(191)) - RPC server for DataNodes is listening at /0.0.0.0:38343
2019-09-25 07:16:08,265 [IPC Server Responder] INFO  ipc.Server (Server.java:run(1314)) - IPC Server Responder: starting
2019-09-25 07:16:08,265 [IPC Server listener on 38343] INFO  ipc.Server (Server.java:run(1153)) - IPC Server listener on 38343: starting
2019-09-25 07:16:08,276 [main] INFO  http.HttpServer2 (HttpServer2.java:bindListener(1191)) - Jetty bound to port 40035
2019-09-25 07:16:08,276 [main] INFO  server.Server (Server.java:doStart(351)) - jetty-9.3.25.v20180904, build timestamp: 2018-09-04T21:11:46Z, git hash: 3ce520221d0240229c862b122d2b06c12a625732
2019-09-25 07:16:08,278 [main] INFO  handler.ContextHandler (ContextHandler.java:doStart(781)) - Started o.e.j.s.ServletContextHandler@8e99809{/logs,file:///workdir/hadoop-ozone/ozonefs/target/log,AVAILABLE}
2019-09-25 07:16:08,278 [main] INFO  handler.ContextHandler (ContextHandler.java:doStart(781)) - Started o.e.j.s.ServletContextHandler@4d354a3e{/static,jar:file:/home/user/.m2/repository/org/apache/hadoop/hadoop-hdds-server-scm/0.5.0-SNAPSHOT/hadoop-hdds-server-scm-0.5.0-SNAPSHOT.jar!/webapps/static,AVAILABLE}
2019-09-25 07:16:08,318 [main] INFO  handler.ContextHandler (ContextHandler.java:doStart(781)) - Started o.e.j.w.WebAppContext@2a0b901c{/,file:///tmp/jetty-0.0.0.0-40035-scm-_-any-3473337702920202877.dir/webapp/,AVAILABLE}{/scm}
2019-09-25 07:16:08,319 [main] INFO  server.AbstractConnector (AbstractConnector.java:doStart(278)) - Started ServerConnector@3d104c9b{HTTP/1.1,[http/1.1]}{0.0.0.0:40035}
2019-09-25 07:16:08,320 [main] INFO  server.Server (Server.java:doStart(419)) - Started @92565ms
2019-09-25 07:16:08,320 [main] WARN  impl.MetricsSystemImpl (MetricsSystemImpl.java:register(276)) - Sink prometheus already exists!
2019-09-25 07:16:08,321 [main] INFO  server.BaseHttpServer (BaseHttpServer.java:updateConnectorAddress(215)) - HTTP server of SCM is listening at http://0.0.0.0:40035
2019-09-25 07:16:08,321 [main] WARN  server.ServerUtils (ServerUtils.java:getDBPath(222)) - ozone.om.db.dirs is not configured. We recommend adding this setting. Falling back to ozone.metadata.dirs instead.
2019-09-25 07:16:08,321 [org.apache.hadoop.util.JvmPauseMonitor$Monitor@6da54910] INFO  util.JvmPauseMonitor (JvmPauseMonitor.java:run(188)) - Starting JVM pause monitor
2019-09-25 07:16:08,335 [main] WARN  server.ServerUtils (ServerUtils.java:getDBPath(222)) - ozone.om.db.dirs is not configured. We recommend adding this setting. Falling back to ozone.metadata.dirs instead.
2019-09-25 07:16:08,336 [main] WARN  server.ServerUtils (ServerUtils.java:getDBPath(222)) - ozone.om.db.dirs is not configured. We recommend adding this setting. Falling back to ozone.metadata.dirs instead.
2019-09-25 07:16:08,336 [main] INFO  om.OzoneManager (OzoneManager.java:setOMNodeDetails(652)) - OM Service ID is not set. Setting it to the default ID: omServiceIdDefault
2019-09-25 07:16:08,337 [main] INFO  om.OzoneManager (OzoneManager.java:setOMNodeDetails(658)) - OM Node ID is not set. Setting it to the OmStorage's OmID: 6ebb0c5b-00e4-45ed-92d4-69b3eaaafc1c
2019-09-25 07:16:08,337 [main] INFO  om.OzoneManager (OzoneManager.java:loadOMHAConfigs(609)) - Found matching OM address with OMServiceId: null, OMNodeId: null, RPC Address: localhost:0 and Ratis port: 9872
2019-09-25 07:16:08,352 [main] WARN  server.ServerUtils (ServerUtils.java:getDBPath(222)) - ozone.om.db.dirs is not configured. We recommend adding this setting. Falling back to ozone.metadata.dirs instead.
2019-09-25 07:16:08,352 [main] INFO  db.DBStoreBuilder (DBStoreBuilder.java:addTable(110)) - using custom profile for table: userTable
2019-09-25 07:16:08,352 [main] INFO  db.DBStoreBuilder (DBStoreBuilder.java:processTables(161)) - Using default column profile:DBProfile.DISK for Table:userTable
2019-09-25 07:16:08,352 [main] INFO  db.DBStoreBuilder (DBStoreBuilder.java:addTable(110)) - using custom profile for table: volumeTable
2019-09-25 07:16:08,353 [main] INFO  db.DBStoreBuilder (DBStoreBuilder.java:processTables(161)) - Using default column profile:DBProfile.DISK for Table:volumeTable
2019-09-25 07:16:08,353 [main] INFO  db.DBStoreBuilder (DBStoreBuilder.java:addTable(110)) - using custom profile for table: bucketTable
2019-09-25 07:16:08,353 [main] INFO  db.DBStoreBuilder (DBStoreBuilder.java:processTables(161)) - Using default column profile:DBProfile.DISK for Table:bucketTable
2019-09-25 07:16:08,353 [main] INFO  db.DBStoreBuilder (DBStoreBuilder.java:addTable(110)) - using custom profile for table: keyTable
2019-09-25 07:16:08,353 [main] INFO  db.DBStoreBuilder (DBStoreBuilder.java:processTables(161)) - Using default column profile:DBProfile.DISK for Table:keyTable
2019-09-25 07:16:08,354 [main] INFO  db.DBStoreBuilder (DBStoreBuilder.java:addTable(110)) - using custom profile for table: deletedTable
2019-09-25 07:16:08,354 [main] INFO  db.DBStoreBuilder (DBStoreBuilder.java:processTables(161)) - Using default column profile:DBProfile.DISK for Table:deletedTable
2019-09-25 07:16:08,354 [main] INFO  db.DBStoreBuilder (DBStoreBuilder.java:addTable(110)) - using custom profile for table: openKeyTable
2019-09-25 07:16:08,354 [main] INFO  db.DBStoreBuilder (DBStoreBuilder.java:processTables(161)) - Using default column profile:DBProfile.DISK for Table:openKeyTable
2019-09-25 07:16:08,354 [main] INFO  db.DBStoreBuilder (DBStoreBuilder.java:addTable(110)) - using custom profile for table: s3Table
2019-09-25 07:16:08,354 [main] INFO  db.DBStoreBuilder (DBStoreBuilder.java:processTables(161)) - Using default column profile:DBProfile.DISK for Table:s3Table
2019-09-25 07:16:08,355 [main] INFO  db.DBStoreBuilder (DBStoreBuilder.java:addTable(110)) - using custom profile for table: multipartInfoTable
2019-09-25 07:16:08,355 [main] INFO  db.DBStoreBuilder (DBStoreBuilder.java:processTables(161)) - Using default column profile:DBProfile.DISK for Table:multipartInfoTable
2019-09-25 07:16:08,355 [main] INFO  db.DBStoreBuilder (DBStoreBuilder.java:addTable(110)) - using custom profile for table: dTokenTable
2019-09-25 07:16:08,355 [main] INFO  db.DBStoreBuilder (DBStoreBuilder.java:processTables(161)) - Using default column profile:DBProfile.DISK for Table:dTokenTable
2019-09-25 07:16:08,355 [main] INFO  db.DBStoreBuilder (DBStoreBuilder.java:addTable(110)) - using custom profile for table: s3SecretTable
2019-09-25 07:16:08,355 [main] INFO  db.DBStoreBuilder (DBStoreBuilder.java:processTables(161)) - Using default column profile:DBProfile.DISK for Table:s3SecretTable
2019-09-25 07:16:08,356 [main] INFO  db.DBStoreBuilder (DBStoreBuilder.java:addTable(110)) - using custom profile for table: prefixTable
2019-09-25 07:16:08,356 [main] INFO  db.DBStoreBuilder (DBStoreBuilder.java:processTables(161)) - Using default column profile:DBProfile.DISK for Table:prefixTable
2019-09-25 07:16:08,356 [main] INFO  db.DBStoreBuilder (DBStoreBuilder.java:addTable(110)) - using custom profile for table: default
2019-09-25 07:16:08,356 [main] INFO  db.DBStoreBuilder (DBStoreBuilder.java:processTables(167)) - Using default column profile:DBProfile.DISK for Table:default
2019-09-25 07:16:08,356 [main] INFO  db.DBStoreBuilder (DBStoreBuilder.java:getDbProfile(198)) - Using default options. DBProfile.DISK
2019-09-25 07:16:08,835 [main] INFO  ipc.CallQueueManager (CallQueueManager.java:<init>(84)) - Using callQueue: class java.util.concurrent.LinkedBlockingQueue, queueCapacity: 2000, scheduler: class org.apache.hadoop.ipc.DefaultRpcScheduler, ipcBackoff: false.
2019-09-25 07:16:08,837 [Socket Reader #1 for port 38433] INFO  ipc.Server (Server.java:run(1074)) - Starting Socket Reader #1 for port 38433
2019-09-25 07:16:08,862 [main] INFO  om.OzoneManager (OzoneManager.java:start(1243)) - OzoneManager RPC server is listening at localhost/127.0.0.1:38433
2019-09-25 07:16:08,862 [main] INFO  impl.MetricsSystemImpl (MetricsSystemImpl.java:init(158)) - OzoneManager metrics system started (again)
2019-09-25 07:16:08,863 [IPC Server Responder] INFO  ipc.Server (Server.java:run(1314)) - IPC Server Responder: starting
2019-09-25 07:16:08,863 [IPC Server listener on 38433] INFO  ipc.Server (Server.java:run(1153)) - IPC Server listener on 38433: starting
2019-09-25 07:16:08,872 [main] INFO  hdfs.DFSUtil (DFSUtil.java:httpServerTemplateForNNAndJN(1641)) - Starting Web-server for ozoneManager at: http://0.0.0.0:0
2019-09-25 07:16:08,875 [main] INFO  server.AuthenticationFilter (AuthenticationFilter.java:constructSecretProvider(240)) - Unable to initialize FileSignerSecretProvider, falling back to use random secrets.
2019-09-25 07:16:08,876 [main] WARN  http.HttpRequestLog (HttpRequestLog.java:getRequestLog(97)) - Jetty request log can only be enabled using Log4j
2019-09-25 07:16:08,879 [main] INFO  http.HttpServer2 (HttpServer2.java:addGlobalFilter(975)) - Added global filter 'safety' (class=org.apache.hadoop.http.HttpServer2$QuotingInputFilter)
2019-09-25 07:16:08,880 [main] INFO  http.HttpServer2 (HttpServer2.java:addFilter(948)) - Added filter static_user_filter (class=org.apache.hadoop.http.lib.StaticUserWebFilter$StaticUserFilter) to context ozoneManager
2019-09-25 07:16:08,880 [main] INFO  http.HttpServer2 (HttpServer2.java:addFilter(958)) - Added filter static_user_filter (class=org.apache.hadoop.http.lib.StaticUserWebFilter$StaticUserFilter) to context static
2019-09-25 07:16:08,880 [main] INFO  http.HttpServer2 (HttpServer2.java:addFilter(958)) - Added filter static_user_filter (class=org.apache.hadoop.http.lib.StaticUserWebFilter$StaticUserFilter) to context logs
2019-09-25 07:16:08,881 [main] INFO  http.HttpServer2 (HttpServer2.java:bindListener(1191)) - Jetty bound to port 35911
2019-09-25 07:16:08,882 [main] INFO  server.Server (Server.java:doStart(351)) - jetty-9.3.25.v20180904, build timestamp: 2018-09-04T21:11:46Z, git hash: 3ce520221d0240229c862b122d2b06c12a625732
2019-09-25 07:16:08,884 [main] INFO  handler.ContextHandler (ContextHandler.java:doStart(781)) - Started o.e.j.s.ServletContextHandler@1788cb61{/logs,file:///workdir/hadoop-ozone/ozonefs/target/log,AVAILABLE}
2019-09-25 07:16:08,885 [main] INFO  handler.ContextHandler (ContextHandler.java:doStart(781)) - Started o.e.j.s.ServletContextHandler@6c0b51da{/static,jar:file:/home/user/.m2/repository/org/apache/hadoop/hadoop-ozone-ozone-manager/0.5.0-SNAPSHOT/hadoop-ozone-ozone-manager-0.5.0-SNAPSHOT.jar!/webapps/static,AVAILABLE}
2019-09-25 07:16:08,948 [main] INFO  handler.ContextHandler (ContextHandler.java:doStart(781)) - Started o.e.j.w.WebAppContext@51e7589f{/,file:///tmp/jetty-0.0.0.0-35911-ozoneManager-_-any-3279267129963910040.dir/webapp/,AVAILABLE}{/ozoneManager}
2019-09-25 07:16:08,948 [main] INFO  server.AbstractConnector (AbstractConnector.java:doStart(278)) - Started ServerConnector@65cc5252{HTTP/1.1,[http/1.1]}{0.0.0.0:35911}
2019-09-25 07:16:08,950 [main] INFO  server.Server (Server.java:doStart(419)) - Started @93195ms
2019-09-25 07:16:08,950 [main] WARN  impl.MetricsSystemImpl (MetricsSystemImpl.java:register(276)) - Sink prometheus already exists!
2019-09-25 07:16:08,950 [main] INFO  server.BaseHttpServer (BaseHttpServer.java:updateConnectorAddress(215)) - HTTP server of OZONEMANAGER is listening at http://0.0.0.0:35911
2019-09-25 07:16:08,959 [main] INFO  impl.MetricsSystemImpl (MetricsSystemImpl.java:init(158)) - HddsDatanode metrics system started (again)
2019-09-25 07:16:08,964 [main] INFO  ozone.HddsDatanodeService (HddsDatanodeService.java:start(184)) - HddsDatanodeService host:pr-hdds-1569-s62bp-3040748787 ip:192.168.30.10
2019-09-25 07:16:08,971 [main] INFO  volume.HddsVolume (HddsVolume.java:<init>(176)) - Creating Volume: /workdir/hadoop-ozone/ozonefs/target/test-dir/MiniOzoneClusterImpl-27c41e8f-6b3c-4668-9f3b-45b0868fb4ff/datanode-0/data/containers/hdds of  storage type : DISK and capacity : 1482555576320
2019-09-25 07:16:08,971 [main] INFO  volume.VolumeSet (VolumeSet.java:initializeVolumeSet(170)) - Added Volume : /workdir/hadoop-ozone/ozonefs/target/test-dir/MiniOzoneClusterImpl-27c41e8f-6b3c-4668-9f3b-45b0868fb4ff/datanode-0/data/containers/hdds to VolumeSet
2019-09-25 07:16:08,971 [main] INFO  volume.ThrottledAsyncChecker (ThrottledAsyncChecker.java:schedule(139)) - Scheduling a check for org.apache.hadoop.ozone.container.common.volume.HddsVolume@69a40b3c
2019-09-25 07:16:08,972 [main] INFO  volume.HddsVolumeChecker (HddsVolumeChecker.java:checkAllVolumes(202)) - Scheduled health check for volume org.apache.hadoop.ozone.container.common.volume.HddsVolume@69a40b3c
2019-09-25 07:16:08,994 [main] INFO  impl.RaftServerProxy (ConfUtils.java:logGet(43)) - raft.rpc.type = GRPC (default)
2019-09-25 07:16:08,994 [main] INFO  grpc.GrpcFactory (GrpcFactory.java:checkPooledByteBufAllocatorUseCacheForAllThreads(45)) - PERFORMANCE WARNING: useCacheForAllThreads is true that may cause Netty to create a lot garbage objects and, as a result, trigger GC.
	It is recommended to disable useCacheForAllThreads by setting -Dorg.apache.ratis.thirdparty.io.netty.allocator.useCacheForAllThreads=false in command line.
2019-09-25 07:16:08,995 [main] INFO  grpc.GrpcConfigKeys$Server (ConfUtils.java:logGet(43)) - raft.grpc.server.port = 0 (default)
2019-09-25 07:16:08,995 [main] INFO  server.GrpcService (ConfUtils.java:logGet(43)) - raft.grpc.message.size.max = 33570816 (custom)
2019-09-25 07:16:08,995 [main] INFO  server.RaftServerConfigKeys (ConfUtils.java:logGet(43)) - raft.server.log.appender.buffer.byte-limit = 33554432 (custom)
2019-09-25 07:16:08,995 [main] INFO  server.GrpcService (ConfUtils.java:logGet(43)) - raft.grpc.flow.control.window = 1MB (=1048576) (default)
2019-09-25 07:16:08,995 [main] INFO  server.RaftServerConfigKeys (ConfUtils.java:logGet(43)) - raft.server.rpc.request.timeout = 3000ms (default)
2019-09-25 07:16:08,996 [main] INFO  server.RaftServerConfigKeys (ConfUtils.java:logGet(43)) - raft.server.storage.dir = [/workdir/hadoop-ozone/ozonefs/target/test-dir/MiniOzoneClusterImpl-27c41e8f-6b3c-4668-9f3b-45b0868fb4ff/datanode-0/data/ratis] (custom)
2019-09-25 07:16:08,998 [main] INFO  hdfs.DFSUtil (DFSUtil.java:httpServerTemplateForNNAndJN(1641)) - Starting Web-server for hddsDatanode at: http://0.0.0.0:0
2019-09-25 07:16:09,000 [main] INFO  server.AuthenticationFilter (AuthenticationFilter.java:constructSecretProvider(240)) - Unable to initialize FileSignerSecretProvider, falling back to use random secrets.
2019-09-25 07:16:09,000 [main] WARN  http.HttpRequestLog (HttpRequestLog.java:getRequestLog(97)) - Jetty request log can only be enabled using Log4j
2019-09-25 07:16:09,002 [main] INFO  http.HttpServer2 (HttpServer2.java:addGlobalFilter(975)) - Added global filter 'safety' (class=org.apache.hadoop.http.HttpServer2$QuotingInputFilter)
2019-09-25 07:16:09,003 [main] INFO  http.HttpServer2 (HttpServer2.java:addFilter(948)) - Added filter static_user_filter (class=org.apache.hadoop.http.lib.StaticUserWebFilter$StaticUserFilter) to context hddsDatanode
2019-09-25 07:16:09,003 [main] INFO  http.HttpServer2 (HttpServer2.java:addFilter(958)) - Added filter static_user_filter (class=org.apache.hadoop.http.lib.StaticUserWebFilter$StaticUserFilter) to context static
2019-09-25 07:16:09,003 [main] INFO  http.HttpServer2 (HttpServer2.java:addFilter(958)) - Added filter static_user_filter (class=org.apache.hadoop.http.lib.StaticUserWebFilter$StaticUserFilter) to context logs
2019-09-25 07:16:09,003 [main] INFO  http.HttpServer2 (HttpServer2.java:bindListener(1191)) - Jetty bound to port 33874
2019-09-25 07:16:09,004 [main] INFO  server.Server (Server.java:doStart(351)) - jetty-9.3.25.v20180904, build timestamp: 2018-09-04T21:11:46Z, git hash: 3ce520221d0240229c862b122d2b06c12a625732
2019-09-25 07:16:09,005 [main] INFO  handler.ContextHandler (ContextHandler.java:doStart(781)) - Started o.e.j.s.ServletContextHandler@1a914089{/logs,file:///workdir/hadoop-ozone/ozonefs/target/log,AVAILABLE}
2019-09-25 07:16:09,006 [main] INFO  handler.ContextHandler (ContextHandler.java:doStart(781)) - Started o.e.j.s.ServletContextHandler@4a2bf50f{/static,jar:file:/home/user/.m2/repository/org/apache/hadoop/hadoop-hdds-container-service/0.5.0-SNAPSHOT/hadoop-hdds-container-service-0.5.0-SNAPSHOT.jar!/webapps/static,AVAILABLE}
2019-09-25 07:16:09,033 [main] INFO  handler.ContextHandler (ContextHandler.java:doStart(781)) - Started o.e.j.w.WebAppContext@2eb0cefe{/,file:///tmp/jetty-0.0.0.0-33874-hddsDatanode-_-any-626856315696704495.dir/webapp/,AVAILABLE}{/hddsDatanode}
2019-09-25 07:16:09,033 [main] INFO  server.AbstractConnector (AbstractConnector.java:doStart(278)) - Started ServerConnector@5a2ae1ab{HTTP/1.1,[http/1.1]}{0.0.0.0:33874}
2019-09-25 07:16:09,035 [main] INFO  server.Server (Server.java:doStart(419)) - Started @93280ms
2019-09-25 07:16:09,035 [main] WARN  impl.MetricsSystemImpl (MetricsSystemImpl.java:register(276)) - Sink prometheus already exists!
2019-09-25 07:16:09,036 [main] INFO  server.BaseHttpServer (BaseHttpServer.java:updateConnectorAddress(215)) - HTTP server of HDDSDATANODE is listening at http://0.0.0.0:33874
2019-09-25 07:16:09,036 [main] INFO  impl.MetricsSystemImpl (MetricsSystemImpl.java:init(158)) - HddsDatanode metrics system started (again)
2019-09-25 07:16:09,040 [org.apache.hadoop.util.JvmPauseMonitor$Monitor@a6d0b91] INFO  util.JvmPauseMonitor (JvmPauseMonitor.java:run(188)) - Starting JVM pause monitor
2019-09-25 07:16:09,041 [main] INFO  ozone.HddsDatanodeService (HddsDatanodeService.java:start(184)) - HddsDatanodeService host:pr-hdds-1569-s62bp-3040748787 ip:192.168.30.10
2019-09-25 07:16:09,045 [Datanode State Machine Thread - 0] INFO  datanode.InitDatanodeState (InitDatanodeState.java:persistContainerDatanodeDetails(140)) - DatanodeDetails is persisted to /workdir/hadoop-ozone/ozonefs/target/test-dir/MiniOzoneClusterImpl-27c41e8f-6b3c-4668-9f3b-45b0868fb4ff/datanode-0/meta/datanode.id
2019-09-25 07:16:09,048 [main] INFO  volume.HddsVolume (HddsVolume.java:<init>(176)) - Creating Volume: /workdir/hadoop-ozone/ozonefs/target/test-dir/MiniOzoneClusterImpl-27c41e8f-6b3c-4668-9f3b-45b0868fb4ff/datanode-1/data/containers/hdds of  storage type : DISK and capacity : 1482555576320
2019-09-25 07:16:09,048 [main] INFO  volume.VolumeSet (VolumeSet.java:initializeVolumeSet(170)) - Added Volume : /workdir/hadoop-ozone/ozonefs/target/test-dir/MiniOzoneClusterImpl-27c41e8f-6b3c-4668-9f3b-45b0868fb4ff/datanode-1/data/containers/hdds to VolumeSet
2019-09-25 07:16:09,048 [main] INFO  volume.ThrottledAsyncChecker (ThrottledAsyncChecker.java:schedule(139)) - Scheduling a check for org.apache.hadoop.ozone.container.common.volume.HddsVolume@2b43f314
2019-09-25 07:16:09,049 [main] INFO  volume.HddsVolumeChecker (HddsVolumeChecker.java:checkAllVolumes(202)) - Scheduled health check for volume org.apache.hadoop.ozone.container.common.volume.HddsVolume@2b43f314
2019-09-25 07:16:09,069 [main] INFO  impl.RaftServerProxy (ConfUtils.java:logGet(43)) - raft.rpc.type = GRPC (default)
2019-09-25 07:16:09,069 [main] INFO  grpc.GrpcFactory (GrpcFactory.java:checkPooledByteBufAllocatorUseCacheForAllThreads(45)) - PERFORMANCE WARNING: useCacheForAllThreads is true that may cause Netty to create a lot garbage objects and, as a result, trigger GC.
	It is recommended to disable useCacheForAllThreads by setting -Dorg.apache.ratis.thirdparty.io.netty.allocator.useCacheForAllThreads=false in command line.
2019-09-25 07:16:09,069 [main] INFO  grpc.GrpcConfigKeys$Server (ConfUtils.java:logGet(43)) - raft.grpc.server.port = 0 (default)
2019-09-25 07:16:09,069 [main] INFO  server.GrpcService (ConfUtils.java:logGet(43)) - raft.grpc.message.size.max = 33570816 (custom)
2019-09-25 07:16:09,069 [main] INFO  server.RaftServerConfigKeys (ConfUtils.java:logGet(43)) - raft.server.log.appender.buffer.byte-limit = 33554432 (custom)
2019-09-25 07:16:09,070 [main] INFO  server.GrpcService (ConfUtils.java:logGet(43)) - raft.grpc.flow.control.window = 1MB (=1048576) (default)
2019-09-25 07:16:09,070 [main] INFO  server.RaftServerConfigKeys (ConfUtils.java:logGet(43)) - raft.server.rpc.request.timeout = 3000ms (default)
2019-09-25 07:16:09,070 [main] INFO  server.RaftServerConfigKeys (ConfUtils.java:logGet(43)) - raft.server.storage.dir = [/workdir/hadoop-ozone/ozonefs/target/test-dir/MiniOzoneClusterImpl-27c41e8f-6b3c-4668-9f3b-45b0868fb4ff/datanode-1/data/ratis] (custom)
2019-09-25 07:16:09,072 [main] INFO  hdfs.DFSUtil (DFSUtil.java:httpServerTemplateForNNAndJN(1641)) - Starting Web-server for hddsDatanode at: http://0.0.0.0:0
2019-09-25 07:16:09,073 [main] INFO  server.AuthenticationFilter (AuthenticationFilter.java:constructSecretProvider(240)) - Unable to initialize FileSignerSecretProvider, falling back to use random secrets.
2019-09-25 07:16:09,073 [main] WARN  http.HttpRequestLog (HttpRequestLog.java:getRequestLog(97)) - Jetty request log can only be enabled using Log4j
2019-09-25 07:16:09,075 [main] INFO  http.HttpServer2 (HttpServer2.java:addGlobalFilter(975)) - Added global filter 'safety' (class=org.apache.hadoop.http.HttpServer2$QuotingInputFilter)
2019-09-25 07:16:09,076 [main] INFO  http.HttpServer2 (HttpServer2.java:addFilter(948)) - Added filter static_user_filter (class=org.apache.hadoop.http.lib.StaticUserWebFilter$StaticUserFilter) to context hddsDatanode
2019-09-25 07:16:09,076 [main] INFO  http.HttpServer2 (HttpServer2.java:addFilter(958)) - Added filter static_user_filter (class=org.apache.hadoop.http.lib.StaticUserWebFilter$StaticUserFilter) to context static
2019-09-25 07:16:09,076 [main] INFO  http.HttpServer2 (HttpServer2.java:addFilter(958)) - Added filter static_user_filter (class=org.apache.hadoop.http.lib.StaticUserWebFilter$StaticUserFilter) to context logs
2019-09-25 07:16:09,077 [main] INFO  http.HttpServer2 (HttpServer2.java:bindListener(1191)) - Jetty bound to port 41521
2019-09-25 07:16:09,077 [main] INFO  server.Server (Server.java:doStart(351)) - jetty-9.3.25.v20180904, build timestamp: 2018-09-04T21:11:46Z, git hash: 3ce520221d0240229c862b122d2b06c12a625732
2019-09-25 07:16:09,078 [main] INFO  handler.ContextHandler (ContextHandler.java:doStart(781)) - Started o.e.j.s.ServletContextHandler@6b8b5020{/logs,file:///workdir/hadoop-ozone/ozonefs/target/log,AVAILABLE}
2019-09-25 07:16:09,079 [main] INFO  handler.ContextHandler (ContextHandler.java:doStart(781)) - Started o.e.j.s.ServletContextHandler@5a7b309b{/static,jar:file:/home/user/.m2/repository/org/apache/hadoop/hadoop-hdds-container-service/0.5.0-SNAPSHOT/hadoop-hdds-container-service-0.5.0-SNAPSHOT.jar!/webapps/static,AVAILABLE}
2019-09-25 07:16:09,105 [main] INFO  handler.ContextHandler (ContextHandler.java:doStart(781)) - Started o.e.j.w.WebAppContext@1b8aaeab{/,file:///tmp/jetty-0.0.0.0-41521-hddsDatanode-_-any-1261031858517868429.dir/webapp/,AVAILABLE}{/hddsDatanode}
2019-09-25 07:16:09,106 [main] INFO  server.AbstractConnector (AbstractConnector.java:doStart(278)) - Started ServerConnector@5d1bdd4a{HTTP/1.1,[http/1.1]}{0.0.0.0:41521}
2019-09-25 07:16:09,108 [main] INFO  server.Server (Server.java:doStart(419)) - Started @93353ms
2019-09-25 07:16:09,108 [main] WARN  impl.MetricsSystemImpl (MetricsSystemImpl.java:register(276)) - Sink prometheus already exists!
2019-09-25 07:16:09,109 [main] INFO  server.BaseHttpServer (BaseHttpServer.java:updateConnectorAddress(215)) - HTTP server of HDDSDATANODE is listening at http://0.0.0.0:41521
2019-09-25 07:16:09,109 [main] INFO  impl.MetricsSystemImpl (MetricsSystemImpl.java:init(158)) - HddsDatanode metrics system started (again)
2019-09-25 07:16:09,113 [org.apache.hadoop.util.JvmPauseMonitor$Monitor@36d2ac29] INFO  util.JvmPauseMonitor (JvmPauseMonitor.java:run(188)) - Starting JVM pause monitor
2019-09-25 07:16:09,114 [main] INFO  ozone.HddsDatanodeService (HddsDatanodeService.java:start(184)) - HddsDatanodeService host:pr-hdds-1569-s62bp-3040748787 ip:192.168.30.10
2019-09-25 07:16:09,116 [Datanode State Machine Thread - 0] INFO  datanode.InitDatanodeState (InitDatanodeState.java:persistContainerDatanodeDetails(140)) - DatanodeDetails is persisted to /workdir/hadoop-ozone/ozonefs/target/test-dir/MiniOzoneClusterImpl-27c41e8f-6b3c-4668-9f3b-45b0868fb4ff/datanode-1/meta/datanode.id
2019-09-25 07:16:09,120 [main] INFO  volume.HddsVolume (HddsVolume.java:<init>(176)) - Creating Volume: /workdir/hadoop-ozone/ozonefs/target/test-dir/MiniOzoneClusterImpl-27c41e8f-6b3c-4668-9f3b-45b0868fb4ff/datanode-2/data/containers/hdds of  storage type : DISK and capacity : 1482555576320
2019-09-25 07:16:09,120 [main] INFO  volume.VolumeSet (VolumeSet.java:initializeVolumeSet(170)) - Added Volume : /workdir/hadoop-ozone/ozonefs/target/test-dir/MiniOzoneClusterImpl-27c41e8f-6b3c-4668-9f3b-45b0868fb4ff/datanode-2/data/containers/hdds to VolumeSet
2019-09-25 07:16:09,120 [main] INFO  volume.ThrottledAsyncChecker (ThrottledAsyncChecker.java:schedule(139)) - Scheduling a check for org.apache.hadoop.ozone.container.common.volume.HddsVolume@546ed2a0
2019-09-25 07:16:09,121 [main] INFO  volume.HddsVolumeChecker (HddsVolumeChecker.java:checkAllVolumes(202)) - Scheduled health check for volume org.apache.hadoop.ozone.container.common.volume.HddsVolume@546ed2a0
2019-09-25 07:16:09,139 [main] INFO  impl.RaftServerProxy (ConfUtils.java:logGet(43)) - raft.rpc.type = GRPC (default)
2019-09-25 07:16:09,140 [main] INFO  grpc.GrpcFactory (GrpcFactory.java:checkPooledByteBufAllocatorUseCacheForAllThreads(45)) - PERFORMANCE WARNING: useCacheForAllThreads is true that may cause Netty to create a lot garbage objects and, as a result, trigger GC.
	It is recommended to disable useCacheForAllThreads by setting -Dorg.apache.ratis.thirdparty.io.netty.allocator.useCacheForAllThreads=false in command line.
2019-09-25 07:16:09,140 [main] INFO  grpc.GrpcConfigKeys$Server (ConfUtils.java:logGet(43)) - raft.grpc.server.port = 0 (default)
2019-09-25 07:16:09,140 [main] INFO  server.GrpcService (ConfUtils.java:logGet(43)) - raft.grpc.message.size.max = 33570816 (custom)
2019-09-25 07:16:09,140 [main] INFO  server.RaftServerConfigKeys (ConfUtils.java:logGet(43)) - raft.server.log.appender.buffer.byte-limit = 33554432 (custom)
2019-09-25 07:16:09,140 [main] INFO  server.GrpcService (ConfUtils.java:logGet(43)) - raft.grpc.flow.control.window = 1MB (=1048576) (default)
2019-09-25 07:16:09,141 [main] INFO  server.RaftServerConfigKeys (ConfUtils.java:logGet(43)) - raft.server.rpc.request.timeout = 3000ms (default)
2019-09-25 07:16:09,141 [main] INFO  server.RaftServerConfigKeys (ConfUtils.java:logGet(43)) - raft.server.storage.dir = [/workdir/hadoop-ozone/ozonefs/target/test-dir/MiniOzoneClusterImpl-27c41e8f-6b3c-4668-9f3b-45b0868fb4ff/datanode-2/data/ratis] (custom)
2019-09-25 07:16:09,142 [main] INFO  hdfs.DFSUtil (DFSUtil.java:httpServerTemplateForNNAndJN(1641)) - Starting Web-server for hddsDatanode at: http://0.0.0.0:0
2019-09-25 07:16:09,144 [main] INFO  server.AuthenticationFilter (AuthenticationFilter.java:constructSecretProvider(240)) - Unable to initialize FileSignerSecretProvider, falling back to use random secrets.
2019-09-25 07:16:09,144 [main] WARN  http.HttpRequestLog (HttpRequestLog.java:getRequestLog(97)) - Jetty request log can only be enabled using Log4j
2019-09-25 07:16:09,146 [main] INFO  http.HttpServer2 (HttpServer2.java:addGlobalFilter(975)) - Added global filter 'safety' (class=org.apache.hadoop.http.HttpServer2$QuotingInputFilter)
2019-09-25 07:16:09,147 [main] INFO  http.HttpServer2 (HttpServer2.java:addFilter(948)) - Added filter static_user_filter (class=org.apache.hadoop.http.lib.StaticUserWebFilter$StaticUserFilter) to context hddsDatanode
2019-09-25 07:16:09,147 [main] INFO  http.HttpServer2 (HttpServer2.java:addFilter(958)) - Added filter static_user_filter (class=org.apache.hadoop.http.lib.StaticUserWebFilter$StaticUserFilter) to context static
2019-09-25 07:16:09,147 [main] INFO  http.HttpServer2 (HttpServer2.java:addFilter(958)) - Added filter static_user_filter (class=org.apache.hadoop.http.lib.StaticUserWebFilter$StaticUserFilter) to context logs
2019-09-25 07:16:09,148 [main] INFO  http.HttpServer2 (HttpServer2.java:bindListener(1191)) - Jetty bound to port 41499
2019-09-25 07:16:09,148 [main] INFO  server.Server (Server.java:doStart(351)) - jetty-9.3.25.v20180904, build timestamp: 2018-09-04T21:11:46Z, git hash: 3ce520221d0240229c862b122d2b06c12a625732
2019-09-25 07:16:09,150 [main] INFO  handler.ContextHandler (ContextHandler.java:doStart(781)) - Started o.e.j.s.ServletContextHandler@756808cc{/logs,file:///workdir/hadoop-ozone/ozonefs/target/log,AVAILABLE}
2019-09-25 07:16:09,150 [main] INFO  handler.ContextHandler (ContextHandler.java:doStart(781)) - Started o.e.j.s.ServletContextHandler@5012c571{/static,jar:file:/home/user/.m2/repository/org/apache/hadoop/hadoop-hdds-container-service/0.5.0-SNAPSHOT/hadoop-hdds-container-service-0.5.0-SNAPSHOT.jar!/webapps/static,AVAILABLE}
2019-09-25 07:16:09,178 [main] INFO  handler.ContextHandler (ContextHandler.java:doStart(781)) - Started o.e.j.w.WebAppContext@2c06b113{/,file:///tmp/jetty-0.0.0.0-41499-hddsDatanode-_-any-8108132997882226533.dir/webapp/,AVAILABLE}{/hddsDatanode}
2019-09-25 07:16:09,178 [main] INFO  server.AbstractConnector (AbstractConnector.java:doStart(278)) - Started ServerConnector@7a64cb0c{HTTP/1.1,[http/1.1]}{0.0.0.0:41499}
2019-09-25 07:16:09,181 [main] INFO  server.Server (Server.java:doStart(419)) - Started @93426ms
2019-09-25 07:16:09,181 [main] WARN  impl.MetricsSystemImpl (MetricsSystemImpl.java:register(276)) - Sink prometheus already exists!
2019-09-25 07:16:09,182 [main] INFO  server.BaseHttpServer (BaseHttpServer.java:updateConnectorAddress(215)) - HTTP server of HDDSDATANODE is listening at http://0.0.0.0:41499
2019-09-25 07:16:09,182 [main] INFO  ozone.MiniOzoneClusterImpl (MiniOzoneClusterImpl.java:lambda$waitForClusterToBeReady$0(147)) - Waiting for cluster to be ready. Got 0 of 3 DN Heartbeats.
2019-09-25 07:16:09,183 [org.apache.hadoop.util.JvmPauseMonitor$Monitor@1acd7ac0] INFO  util.JvmPauseMonitor (JvmPauseMonitor.java:run(188)) - Starting JVM pause monitor
2019-09-25 07:16:09,185 [Datanode State Machine Thread - 0] INFO  datanode.InitDatanodeState (InitDatanodeState.java:persistContainerDatanodeDetails(140)) - DatanodeDetails is persisted to /workdir/hadoop-ozone/ozonefs/target/test-dir/MiniOzoneClusterImpl-27c41e8f-6b3c-4668-9f3b-45b0868fb4ff/datanode-2/meta/datanode.id
2019-09-25 07:16:10,182 [main] INFO  ozone.MiniOzoneClusterImpl (MiniOzoneClusterImpl.java:lambda$waitForClusterToBeReady$0(147)) - Waiting for cluster to be ready. Got 0 of 3 DN Heartbeats.
2019-09-25 07:16:11,062 [Datanode State Machine Thread - 0] INFO  ozoneimpl.OzoneContainer (OzoneContainer.java:start(217)) - Attempting to start container services.
2019-09-25 07:16:11,064 [Datanode State Machine Thread - 0] INFO  ozoneimpl.OzoneContainer (OzoneContainer.java:startContainerScrub(179)) - Background container scanner has been disabled.
2019-09-25 07:16:11,064 [Datanode State Machine Thread - 0] INFO  ratis.XceiverServerRatis (XceiverServerRatis.java:start(411)) - Starting XceiverServerRatis a073c3ef-49bb-4c5b-b895-835368f9c221 at port 0
2019-09-25 07:16:11,070 [Datanode State Machine Thread - 0] INFO  impl.RaftServerProxy (RaftServerProxy.java:lambda$start$3(299)) - a073c3ef-49bb-4c5b-b895-835368f9c221: start RPC server
2019-09-25 07:16:11,072 [Datanode State Machine Thread - 0] INFO  server.GrpcService (GrpcService.java:startImpl(158)) - a073c3ef-49bb-4c5b-b895-835368f9c221: GrpcService started, listening on 0.0.0.0/0.0.0.0:46476
2019-09-25 07:16:11,072 [Datanode State Machine Thread - 0] INFO  ratis.XceiverServerRatis (XceiverServerRatis.java:start(421)) - XceiverServerRatis a073c3ef-49bb-4c5b-b895-835368f9c221 is started using port 46476
2019-09-25 07:16:11,072 [Datanode State Machine Thread - 0] INFO  server.XceiverServerGrpc (XceiverServerGrpc.java:start(149)) - XceiverServerGrpc a073c3ef-49bb-4c5b-b895-835368f9c221 is started using port 45485
2019-09-25 07:16:11,130 [Datanode State Machine Thread - 0] INFO  ozoneimpl.OzoneContainer (OzoneContainer.java:start(217)) - Attempting to start container services.
2019-09-25 07:16:11,131 [Datanode State Machine Thread - 0] INFO  ozoneimpl.OzoneContainer (OzoneContainer.java:startContainerScrub(179)) - Background container scanner has been disabled.
2019-09-25 07:16:11,131 [Datanode State Machine Thread - 0] INFO  ratis.XceiverServerRatis (XceiverServerRatis.java:start(411)) - Starting XceiverServerRatis b7ca5097-bc5b-4eb5-bfc6-2487a18e48b8 at port 0
2019-09-25 07:16:11,137 [Datanode State Machine Thread - 0] INFO  impl.RaftServerProxy (RaftServerProxy.java:lambda$start$3(299)) - b7ca5097-bc5b-4eb5-bfc6-2487a18e48b8: start RPC server
2019-09-25 07:16:11,138 [Datanode State Machine Thread - 0] INFO  server.GrpcService (GrpcService.java:startImpl(158)) - b7ca5097-bc5b-4eb5-bfc6-2487a18e48b8: GrpcService started, listening on 0.0.0.0/0.0.0.0:35346
2019-09-25 07:16:11,138 [Datanode State Machine Thread - 0] INFO  ratis.XceiverServerRatis (XceiverServerRatis.java:start(421)) - XceiverServerRatis b7ca5097-bc5b-4eb5-bfc6-2487a18e48b8 is started using port 35346
2019-09-25 07:16:11,141 [Datanode State Machine Thread - 0] INFO  server.XceiverServerGrpc (XceiverServerGrpc.java:start(149)) - XceiverServerGrpc b7ca5097-bc5b-4eb5-bfc6-2487a18e48b8 is started using port 44495
2019-09-25 07:16:11,183 [main] INFO  ozone.MiniOzoneClusterImpl (MiniOzoneClusterImpl.java:lambda$waitForClusterToBeReady$0(147)) - Waiting for cluster to be ready. Got 0 of 3 DN Heartbeats.
2019-09-25 07:16:11,197 [Datanode State Machine Thread - 0] INFO  ozoneimpl.OzoneContainer (OzoneContainer.java:start(217)) - Attempting to start container services.
2019-09-25 07:16:11,198 [Datanode State Machine Thread - 0] INFO  ozoneimpl.OzoneContainer (OzoneContainer.java:startContainerScrub(179)) - Background container scanner has been disabled.
2019-09-25 07:16:11,198 [Datanode State Machine Thread - 0] INFO  ratis.XceiverServerRatis (XceiverServerRatis.java:start(411)) - Starting XceiverServerRatis cb908934-9a93-428c-b1bf-b5dcd51b5616 at port 0
2019-09-25 07:16:11,204 [Datanode State Machine Thread - 0] INFO  impl.RaftServerProxy (RaftServerProxy.java:lambda$start$3(299)) - cb908934-9a93-428c-b1bf-b5dcd51b5616: start RPC server
2019-09-25 07:16:11,205 [Datanode State Machine Thread - 0] INFO  server.GrpcService (GrpcService.java:startImpl(158)) - cb908934-9a93-428c-b1bf-b5dcd51b5616: GrpcService started, listening on 0.0.0.0/0.0.0.0:34471
2019-09-25 07:16:11,205 [Datanode State Machine Thread - 0] INFO  ratis.XceiverServerRatis (XceiverServerRatis.java:start(421)) - XceiverServerRatis cb908934-9a93-428c-b1bf-b5dcd51b5616 is started using port 34471
2019-09-25 07:16:11,206 [Datanode State Machine Thread - 0] INFO  server.XceiverServerGrpc (XceiverServerGrpc.java:start(149)) - XceiverServerGrpc cb908934-9a93-428c-b1bf-b5dcd51b5616 is started using port 44438
2019-09-25 07:16:12,184 [main] INFO  ozone.MiniOzoneClusterImpl (MiniOzoneClusterImpl.java:lambda$waitForClusterToBeReady$0(147)) - Waiting for cluster to be ready. Got 0 of 3 DN Heartbeats.
2019-09-25 07:16:13,045 [IPC Server handler 2 on 38343] INFO  net.NetworkTopology (NetworkTopologyImpl.java:add(111)) - Added a new node: /default-rack/a073c3ef-49bb-4c5b-b895-835368f9c221
2019-09-25 07:16:13,047 [IPC Server handler 2 on 38343] INFO  node.SCMNodeManager (SCMNodeManager.java:register(266)) - Registered Data node : a073c3ef-49bb-4c5b-b895-835368f9c221{ip: 192.168.30.10, host: pr-hdds-1569-s62bp-3040748787, networkLocation: /default-rack, certSerialId: null}
2019-09-25 07:16:13,048 [EventQueue-NodeRegistrationContainerReportForDataNodeSafeModeRule] INFO  safemode.SCMSafeModeManager (DataNodeSafeModeRule.java:process(71)) - SCM in safe mode. 1 DataNodes registered, 1 required.
2019-09-25 07:16:13,050 [EventQueue-NodeRegistrationContainerReportForDataNodeSafeModeRule] INFO  safemode.SCMSafeModeManager (SCMSafeModeManager.java:validateSafeModeExitRules(177)) - ScmSafeModeManager, all rules are successfully validated
2019-09-25 07:16:13,050 [EventQueue-NodeRegistrationContainerReportForDataNodeSafeModeRule] INFO  safemode.SCMSafeModeManager (SCMSafeModeManager.java:exitSafeMode(193)) - SCM exiting safe mode.
2019-09-25 07:16:13,063 [grpc-default-executor-0] INFO  impl.RaftServerProxy (RaftServerProxy.java:addNew(89)) - a073c3ef-49bb-4c5b-b895-835368f9c221: addNew group-05AF502C2990:[a073c3ef-49bb-4c5b-b895-835368f9c221:192.168.30.10:46476] returns group-05AF502C2990:java.util.concurrent.CompletableFuture@4452b349[Not completed]
2019-09-25 07:16:13,065 [pool-277-thread-1] INFO  impl.RaftServerImpl (RaftServerImpl.java:<init>(95)) - a073c3ef-49bb-4c5b-b895-835368f9c221: new RaftServerImpl for group-05AF502C2990:[a073c3ef-49bb-4c5b-b895-835368f9c221:192.168.30.10:46476] with ContainerStateMachine:uninitialized
2019-09-25 07:16:13,065 [pool-277-thread-1] INFO  server.RaftServerConfigKeys (ConfUtils.java:logGet(43)) - raft.server.rpc.timeout.min = 5s (custom)
2019-09-25 07:16:13,065 [pool-277-thread-1] INFO  server.RaftServerConfigKeys (ConfUtils.java:logGet(43)) - raft.server.rpc.timeout.max = 5200ms (custom)
2019-09-25 07:16:13,065 [pool-277-thread-1] INFO  server.RaftServerConfigKeys (ConfUtils.java:logGet(43)) - raft.server.rpcslowness.timeout = 120s (custom)
2019-09-25 07:16:13,065 [pool-277-thread-1] INFO  server.RaftServerConfigKeys (ConfUtils.java:logGet(43)) - raft.server.sleep.deviation.threshold = 300 (default)
2019-09-25 07:16:13,065 [pool-277-thread-1] INFO  server.RaftServerConfigKeys (ConfUtils.java:logGet(43)) - raft.server.log.appender.install.snapshot.enabled = false (custom)
2019-09-25 07:16:13,066 [pool-277-thread-1] INFO  impl.RaftServerImpl (ServerState.java:<init>(103)) - a073c3ef-49bb-4c5b-b895-835368f9c221@group-05AF502C2990: ConfigurationManager, init=-1: [a073c3ef-49bb-4c5b-b895-835368f9c221:192.168.30.10:46476], old=null, confs=<EMPTY_MAP>
2019-09-25 07:16:13,066 [pool-277-thread-1] INFO  server.RaftServerConfigKeys (ConfUtils.java:logGet(43)) - raft.server.storage.dir = [/workdir/hadoop-ozone/ozonefs/target/test-dir/MiniOzoneClusterImpl-27c41e8f-6b3c-4668-9f3b-45b0868fb4ff/datanode-0/data/ratis] (custom)
2019-09-25 07:16:13,066 [pool-277-thread-1] INFO  storage.RaftStorageDirectory (RaftStorageDirectory.java:analyzeStorage(246)) - The storage directory /workdir/hadoop-ozone/ozonefs/target/test-dir/MiniOzoneClusterImpl-27c41e8f-6b3c-4668-9f3b-45b0868fb4ff/datanode-0/data/ratis/0510afc1-b53c-4e6b-ba46-05af502c2990 does not exist. Creating ...
2019-09-25 07:16:13,091 [pool-277-thread-1] INFO  storage.RaftStorageDirectory (RaftStorageDirectory.java:tryLock(328)) - Lock on /workdir/hadoop-ozone/ozonefs/target/test-dir/MiniOzoneClusterImpl-27c41e8f-6b3c-4668-9f3b-45b0868fb4ff/datanode-0/data/ratis/0510afc1-b53c-4e6b-ba46-05af502c2990/in_use.lock acquired by nodename 12714@pr-hdds-1569-s62bp-3040748787
2019-09-25 07:16:13,104 [pool-277-thread-1] INFO  storage.RaftStorage (RaftStorage.java:format(72)) - Storage directory /workdir/hadoop-ozone/ozonefs/target/test-dir/MiniOzoneClusterImpl-27c41e8f-6b3c-4668-9f3b-45b0868fb4ff/datanode-0/data/ratis/0510afc1-b53c-4e6b-ba46-05af502c2990 has been successfully formatted.
2019-09-25 07:16:13,105 [pool-277-thread-1] INFO  ratis.ContainerStateMachine (ContainerStateMachine.java:loadSnapshot(230)) - group-05AF502C2990: The snapshot info is null. Setting the last applied indexto:(t:0, i:~)
2019-09-25 07:16:13,105 [pool-277-thread-1] INFO  server.RaftServerConfigKeys (ConfUtils.java:logGet(43)) - raft.server.notification.no-leader.timeout = 120s (custom)
2019-09-25 07:16:13,105 [pool-277-thread-1] INFO  server.RaftServerConfigKeys (ConfUtils.java:logGet(43)) - raft.server.log.use.memory = false (default)
2019-09-25 07:16:13,105 [pool-277-thread-1] INFO  server.RaftServerConfigKeys (ConfUtils.java:logGet(43)) - raft.server.log.purge.gap = 1000000 (custom)
2019-09-25 07:16:13,105 [pool-277-thread-1] INFO  server.RaftServerConfigKeys (ConfUtils.java:logGet(43)) - raft.server.log.appender.buffer.byte-limit = 33554432 (custom)
2019-09-25 07:16:13,106 [pool-277-thread-1] INFO  server.RaftServerConfigKeys (ConfUtils.java:logGet(43)) - raft.server.log.segment.size.max = 1048576 (custom)
2019-09-25 07:16:13,106 [pool-277-thread-1] INFO  server.RaftServerConfigKeys (ConfUtils.java:logGet(43)) - raft.server.log.segment.cache.num.max = 2 (custom)
2019-09-25 07:16:13,106 [pool-277-thread-1] INFO  segmented.SegmentedRaftLogWorker (SegmentedRaftLogWorker.java:<init>(172)) - new a073c3ef-49bb-4c5b-b895-835368f9c221@group-05AF502C2990-SegmentedRaftLogWorker for RaftStorage:Storage Directory /workdir/hadoop-ozone/ozonefs/target/test-dir/MiniOzoneClusterImpl-27c41e8f-6b3c-4668-9f3b-45b0868fb4ff/datanode-0/data/ratis/0510afc1-b53c-4e6b-ba46-05af502c2990
2019-09-25 07:16:13,108 [pool-277-thread-1] INFO  server.RaftServerConfigKeys (ConfUtils.java:logGet(43)) - raft.server.log.queue.byte-limit = 2147483647 (custom)
2019-09-25 07:16:13,108 [pool-277-thread-1] INFO  server.RaftServerConfigKeys (ConfUtils.java:logGet(43)) - raft.server.log.queue.element-limit = 1024 (custom)
2019-09-25 07:16:13,108 [pool-277-thread-1] INFO  server.RaftServerConfigKeys (ConfUtils.java:logGet(43)) - raft.server.log.segment.size.max = 1048576 (custom)
2019-09-25 07:16:13,108 [pool-277-thread-1] INFO  server.RaftServerConfigKeys (ConfUtils.java:logGet(43)) - raft.server.log.preallocated.size = 16384 (custom)
2019-09-25 07:16:13,108 [pool-277-thread-1] INFO  server.RaftServerConfigKeys (ConfUtils.java:logGet(43)) - raft.server.log.write.buffer.size = 33554432 (custom)
2019-09-25 07:16:13,108 [pool-277-thread-1] INFO  server.RaftServerConfigKeys (ConfUtils.java:logGet(43)) - raft.server.log.force.sync.num = 128 (default)
2019-09-25 07:16:13,108 [pool-277-thread-1] INFO  server.RaftServerConfigKeys (ConfUtils.java:logGet(43)) - raft.server.log.statemachine.data.sync = true (default)
2019-09-25 07:16:13,109 [pool-277-thread-1] INFO  server.RaftServerConfigKeys (ConfUtils.java:logGet(43)) - raft.server.log.statemachine.data.sync.timeout = 10s (default)
2019-09-25 07:16:13,109 [pool-277-thread-1] INFO  server.RaftServerConfigKeys (ConfUtils.java:logGet(43)) - raft.server.log.statemachine.data.sync.timeout.retry = -1 (default)
2019-09-25 07:16:13,109 [pool-277-thread-1] INFO  server.RaftServerConfigKeys (ConfUtils.java:logGet(43)) - raft.server.log.statemachine.data.caching.enabled = true (custom)
2019-09-25 07:16:13,109 [pool-277-thread-1] INFO  segmented.SegmentedRaftLogWorker (SegmentedRaftLogWorker.java:lambda$new$0(132)) - a073c3ef-49bb-4c5b-b895-835368f9c221@group-05AF502C2990-SegmentedRaftLogWorker: flushIndex: setUnconditionally 0 -> -1
2019-09-25 07:16:13,110 [pool-277-thread-1] INFO  server.RaftServerConfigKeys (ConfUtils.java:logGet(43)) - raft.server.snapshot.auto.trigger.enabled = true (custom)
2019-09-25 07:16:13,110 [pool-277-thread-1] INFO  server.RaftServerConfigKeys (ConfUtils.java:logGet(43)) - raft.server.snapshot.auto.trigger.threshold = 10000 (custom)
2019-09-25 07:16:13,110 [pool-277-thread-1] INFO  server.RaftServerConfigKeys (ConfUtils.java:logGet(43)) - raft.server.snapshot.retention.num.files = 5 (custom)
2019-09-25 07:16:13,110 [pool-277-thread-1] INFO  server.RaftServerConfigKeys (ConfUtils.java:logGet(43)) - raft.server.retrycache.expirytime = 600000ms (custom)
2019-09-25 07:16:13,112 [pool-277-thread-1] INFO  impl.RaftServerImpl (RaftServerImpl.java:start(185)) - a073c3ef-49bb-4c5b-b895-835368f9c221@group-05AF502C2990: start as a follower, conf=-1: [a073c3ef-49bb-4c5b-b895-835368f9c221:192.168.30.10:46476], old=null
2019-09-25 07:16:13,112 [pool-277-thread-1] INFO  impl.RaftServerImpl (RaftServerImpl.java:setRole(174)) - a073c3ef-49bb-4c5b-b895-835368f9c221@group-05AF502C2990: changes role from      null to FOLLOWER at term 0 for startAsFollower
2019-09-25 07:16:13,112 [pool-277-thread-1] INFO  impl.RoleInfo (RoleInfo.java:updateAndGet(143)) - a073c3ef-49bb-4c5b-b895-835368f9c221: start FollowerState
2019-09-25 07:16:13,112 [pool-277-thread-1] INFO  util.JmxRegister (JmxRegister.java:tryRegister(44)) - Successfully registered JMX Bean with object name Ratis:service=RaftServer,group=group-05AF502C2990,id=a073c3ef-49bb-4c5b-b895-835368f9c221
2019-09-25 07:16:13,115 [IPC Server handler 0 on 38343] INFO  net.NetworkTopology (NetworkTopologyImpl.java:add(111)) - Added a new node: /default-rack/b7ca5097-bc5b-4eb5-bfc6-2487a18e48b8
2019-09-25 07:16:13,115 [IPC Server handler 0 on 38343] INFO  node.SCMNodeManager (SCMNodeManager.java:register(266)) - Registered Data node : b7ca5097-bc5b-4eb5-bfc6-2487a18e48b8{ip: 192.168.30.10, host: pr-hdds-1569-s62bp-3040748787, networkLocation: /default-rack, certSerialId: null}
2019-09-25 07:16:13,116 [RatisPipelineUtilsThread] INFO  pipeline.PipelineStateManager (PipelineStateManager.java:addPipeline(56)) - Created pipeline Pipeline[ Id: 0510afc1-b53c-4e6b-ba46-05af502c2990, Nodes: a073c3ef-49bb-4c5b-b895-835368f9c221{ip: 192.168.30.10, host: pr-hdds-1569-s62bp-3040748787, networkLocation: /default-rack, certSerialId: null}, Type:RATIS, Factor:ONE, State:OPEN]
2019-09-25 07:16:13,122 [grpc-default-executor-0] INFO  impl.RaftServerProxy (RaftServerProxy.java:addNew(89)) - a073c3ef-49bb-4c5b-b895-835368f9c221: addNew group-57E17577B197:[a073c3ef-49bb-4c5b-b895-835368f9c221:192.168.30.10:46476] returns group-57E17577B197:java.util.concurrent.CompletableFuture@755cd2b1[Not completed]
2019-09-25 07:16:13,123 [pool-277-thread-1] INFO  impl.RaftServerImpl (RaftServerImpl.java:<init>(95)) - a073c3ef-49bb-4c5b-b895-835368f9c221: new RaftServerImpl for group-57E17577B197:[a073c3ef-49bb-4c5b-b895-835368f9c221:192.168.30.10:46476] with ContainerStateMachine:uninitialized
2019-09-25 07:16:13,123 [pool-277-thread-1] INFO  server.RaftServerConfigKeys (ConfUtils.java:logGet(43)) - raft.server.rpc.timeout.min = 5s (custom)
2019-09-25 07:16:13,123 [pool-277-thread-1] INFO  server.RaftServerConfigKeys (ConfUtils.java:logGet(43)) - raft.server.rpc.timeout.max = 5200ms (custom)
2019-09-25 07:16:13,123 [pool-277-thread-1] INFO  server.RaftServerConfigKeys (ConfUtils.java:logGet(43)) - raft.server.rpcslowness.timeout = 120s (custom)
2019-09-25 07:16:13,123 [pool-277-thread-1] INFO  server.RaftServerConfigKeys (ConfUtils.java:logGet(43)) - raft.server.sleep.deviation.threshold = 300 (default)
2019-09-25 07:16:13,123 [pool-277-thread-1] INFO  server.RaftServerConfigKeys (ConfUtils.java:logGet(43)) - raft.server.log.appender.install.snapshot.enabled = false (custom)
2019-09-25 07:16:13,123 [pool-277-thread-1] INFO  impl.RaftServerImpl (ServerState.java:<init>(103)) - a073c3ef-49bb-4c5b-b895-835368f9c221@group-57E17577B197: ConfigurationManager, init=-1: [a073c3ef-49bb-4c5b-b895-835368f9c221:192.168.30.10:46476], old=null, confs=<EMPTY_MAP>
2019-09-25 07:16:13,124 [pool-277-thread-1] INFO  server.RaftServerConfigKeys (ConfUtils.java:logGet(43)) - raft.server.storage.dir = [/workdir/hadoop-ozone/ozonefs/target/test-dir/MiniOzoneClusterImpl-27c41e8f-6b3c-4668-9f3b-45b0868fb4ff/datanode-0/data/ratis] (custom)
2019-09-25 07:16:13,124 [pool-277-thread-1] INFO  storage.RaftStorageDirectory (RaftStorageDirectory.java:analyzeStorage(246)) - The storage directory /workdir/hadoop-ozone/ozonefs/target/test-dir/MiniOzoneClusterImpl-27c41e8f-6b3c-4668-9f3b-45b0868fb4ff/datanode-0/data/ratis/a4f2df19-302d-4992-aeba-57e17577b197 does not exist. Creating ...
2019-09-25 07:16:13,137 [pool-277-thread-1] INFO  storage.RaftStorageDirectory (RaftStorageDirectory.java:tryLock(328)) - Lock on /workdir/hadoop-ozone/ozonefs/target/test-dir/MiniOzoneClusterImpl-27c41e8f-6b3c-4668-9f3b-45b0868fb4ff/datanode-0/data/ratis/a4f2df19-302d-4992-aeba-57e17577b197/in_use.lock acquired by nodename 12714@pr-hdds-1569-s62bp-3040748787
2019-09-25 07:16:13,150 [pool-277-thread-1] INFO  storage.RaftStorage (RaftStorage.java:format(72)) - Storage directory /workdir/hadoop-ozone/ozonefs/target/test-dir/MiniOzoneClusterImpl-27c41e8f-6b3c-4668-9f3b-45b0868fb4ff/datanode-0/data/ratis/a4f2df19-302d-4992-aeba-57e17577b197 has been successfully formatted.
2019-09-25 07:16:13,150 [pool-277-thread-1] INFO  ratis.ContainerStateMachine (ContainerStateMachine.java:loadSnapshot(230)) - group-57E17577B197: The snapshot info is null. Setting the last applied indexto:(t:0, i:~)
2019-09-25 07:16:13,150 [pool-277-thread-1] INFO  server.RaftServerConfigKeys (ConfUtils.java:logGet(43)) - raft.server.notification.no-leader.timeout = 120s (custom)
2019-09-25 07:16:13,150 [pool-277-thread-1] INFO  server.RaftServerConfigKeys (ConfUtils.java:logGet(43)) - raft.server.log.use.memory = false (default)
2019-09-25 07:16:13,150 [pool-277-thread-1] INFO  server.RaftServerConfigKeys (ConfUtils.java:logGet(43)) - raft.server.log.purge.gap = 1000000 (custom)
2019-09-25 07:16:13,151 [pool-277-thread-1] INFO  server.RaftServerConfigKeys (ConfUtils.java:logGet(43)) - raft.server.log.appender.buffer.byte-limit = 33554432 (custom)
2019-09-25 07:16:13,151 [pool-277-thread-1] INFO  server.RaftServerConfigKeys (ConfUtils.java:logGet(43)) - raft.server.log.segment.size.max = 1048576 (custom)
2019-09-25 07:16:13,151 [pool-277-thread-1] INFO  server.RaftServerConfigKeys (ConfUtils.java:logGet(43)) - raft.server.log.segment.cache.num.max = 2 (custom)
2019-09-25 07:16:13,151 [pool-277-thread-1] INFO  segmented.SegmentedRaftLogWorker (SegmentedRaftLogWorker.java:<init>(172)) - new a073c3ef-49bb-4c5b-b895-835368f9c221@group-57E17577B197-SegmentedRaftLogWorker for RaftStorage:Storage Directory /workdir/hadoop-ozone/ozonefs/target/test-dir/MiniOzoneClusterImpl-27c41e8f-6b3c-4668-9f3b-45b0868fb4ff/datanode-0/data/ratis/a4f2df19-302d-4992-aeba-57e17577b197
2019-09-25 07:16:13,151 [pool-277-thread-1] INFO  server.RaftServerConfigKeys (ConfUtils.java:logGet(43)) - raft.server.log.queue.byte-limit = 2147483647 (custom)
2019-09-25 07:16:13,151 [pool-277-thread-1] INFO  server.RaftServerConfigKeys (ConfUtils.java:logGet(43)) - raft.server.log.queue.element-limit = 1024 (custom)
2019-09-25 07:16:13,151 [pool-277-thread-1] INFO  server.RaftServerConfigKeys (ConfUtils.java:logGet(43)) - raft.server.log.segment.size.max = 1048576 (custom)
2019-09-25 07:16:13,151 [pool-277-thread-1] INFO  server.RaftServerConfigKeys (ConfUtils.java:logGet(43)) - raft.server.log.preallocated.size = 16384 (custom)
2019-09-25 07:16:13,151 [pool-277-thread-1] INFO  server.RaftServerConfigKeys (ConfUtils.java:logGet(43)) - raft.server.log.write.buffer.size = 33554432 (custom)
2019-09-25 07:16:13,151 [pool-277-thread-1] INFO  server.RaftServerConfigKeys (ConfUtils.java:logGet(43)) - raft.server.log.force.sync.num = 128 (default)
2019-09-25 07:16:13,152 [pool-277-thread-1] INFO  server.RaftServerConfigKeys (ConfUtils.java:logGet(43)) - raft.server.log.statemachine.data.sync = true (default)
2019-09-25 07:16:13,152 [pool-277-thread-1] INFO  server.RaftServerConfigKeys (ConfUtils.java:logGet(43)) - raft.server.log.statemachine.data.sync.timeout = 10s (default)
2019-09-25 07:16:13,152 [pool-277-thread-1] INFO  server.RaftServerConfigKeys (ConfUtils.java:logGet(43)) - raft.server.log.statemachine.data.sync.timeout.retry = -1 (default)
2019-09-25 07:16:13,152 [pool-277-thread-1] INFO  server.RaftServerConfigKeys (ConfUtils.java:logGet(43)) - raft.server.log.statemachine.data.caching.enabled = true (custom)
2019-09-25 07:16:13,152 [pool-277-thread-1] INFO  segmented.SegmentedRaftLogWorker (SegmentedRaftLogWorker.java:lambda$new$0(132)) - a073c3ef-49bb-4c5b-b895-835368f9c221@group-57E17577B197-SegmentedRaftLogWorker: flushIndex: setUnconditionally 0 -> -1
2019-09-25 07:16:13,152 [pool-277-thread-1] INFO  server.RaftServerConfigKeys (ConfUtils.java:logGet(43)) - raft.server.snapshot.auto.trigger.enabled = true (custom)
2019-09-25 07:16:13,152 [pool-277-thread-1] INFO  server.RaftServerConfigKeys (ConfUtils.java:logGet(43)) - raft.server.snapshot.auto.trigger.threshold = 10000 (custom)
2019-09-25 07:16:13,153 [pool-277-thread-1] INFO  server.RaftServerConfigKeys (ConfUtils.java:logGet(43)) - raft.server.snapshot.retention.num.files = 5 (custom)
2019-09-25 07:16:13,153 [pool-277-thread-1] INFO  server.RaftServerConfigKeys (ConfUtils.java:logGet(43)) - raft.server.retrycache.expirytime = 600000ms (custom)
2019-09-25 07:16:13,154 [pool-277-thread-1] INFO  impl.RaftServerImpl (RaftServerImpl.java:start(185)) - a073c3ef-49bb-4c5b-b895-835368f9c221@group-57E17577B197: start as a follower, conf=-1: [a073c3ef-49bb-4c5b-b895-835368f9c221:192.168.30.10:46476], old=null
2019-09-25 07:16:13,155 [pool-277-thread-1] INFO  impl.RaftServerImpl (RaftServerImpl.java:setRole(174)) - a073c3ef-49bb-4c5b-b895-835368f9c221@group-57E17577B197: changes role from      null to FOLLOWER at term 0 for startAsFollower
2019-09-25 07:16:13,155 [pool-277-thread-1] INFO  impl.RoleInfo (RoleInfo.java:updateAndGet(143)) - a073c3ef-49bb-4c5b-b895-835368f9c221: start FollowerState
2019-09-25 07:16:13,155 [pool-277-thread-1] INFO  util.JmxRegister (JmxRegister.java:tryRegister(44)) - Successfully registered JMX Bean with object name Ratis:service=RaftServer,group=group-57E17577B197,id=a073c3ef-49bb-4c5b-b895-835368f9c221
2019-09-25 07:16:13,158 [RatisPipelineUtilsThread] INFO  pipeline.PipelineStateManager (PipelineStateManager.java:addPipeline(56)) - Created pipeline Pipeline[ Id: a4f2df19-302d-4992-aeba-57e17577b197, Nodes: a073c3ef-49bb-4c5b-b895-835368f9c221{ip: 192.168.30.10, host: pr-hdds-1569-s62bp-3040748787, networkLocation: /default-rack, certSerialId: null}, Type:RATIS, Factor:ONE, State:OPEN]
2019-09-25 07:16:13,162 [grpc-default-executor-0] INFO  impl.RaftServerProxy (RaftServerProxy.java:addNew(89)) - a073c3ef-49bb-4c5b-b895-835368f9c221: addNew group-9FA36F8FE3AE:[a073c3ef-49bb-4c5b-b895-835368f9c221:192.168.30.10:46476] returns group-9FA36F8FE3AE:java.util.concurrent.CompletableFuture@247d4c06[Not completed]
2019-09-25 07:16:13,163 [pool-277-thread-1] INFO  impl.RaftServerImpl (RaftServerImpl.java:<init>(95)) - a073c3ef-49bb-4c5b-b895-835368f9c221: new RaftServerImpl for group-9FA36F8FE3AE:[a073c3ef-49bb-4c5b-b895-835368f9c221:192.168.30.10:46476] with ContainerStateMachine:uninitialized
2019-09-25 07:16:13,163 [pool-277-thread-1] INFO  server.RaftServerConfigKeys (ConfUtils.java:logGet(43)) - raft.server.rpc.timeout.min = 5s (custom)
2019-09-25 07:16:13,164 [pool-277-thread-1] INFO  server.RaftServerConfigKeys (ConfUtils.java:logGet(43)) - raft.server.rpc.timeout.max = 5200ms (custom)
2019-09-25 07:16:13,164 [pool-277-thread-1] INFO  server.RaftServerConfigKeys (ConfUtils.java:logGet(43)) - raft.server.rpcslowness.timeout = 120s (custom)
2019-09-25 07:16:13,164 [pool-277-thread-1] INFO  server.RaftServerConfigKeys (ConfUtils.java:logGet(43)) - raft.server.sleep.deviation.threshold = 300 (default)
2019-09-25 07:16:13,164 [pool-277-thread-1] INFO  server.RaftServerConfigKeys (ConfUtils.java:logGet(43)) - raft.server.log.appender.install.snapshot.enabled = false (custom)
2019-09-25 07:16:13,164 [pool-277-thread-1] INFO  impl.RaftServerImpl (ServerState.java:<init>(103)) - a073c3ef-49bb-4c5b-b895-835368f9c221@group-9FA36F8FE3AE: ConfigurationManager, init=-1: [a073c3ef-49bb-4c5b-b895-835368f9c221:192.168.30.10:46476], old=null, confs=<EMPTY_MAP>
2019-09-25 07:16:13,164 [pool-277-thread-1] INFO  server.RaftServerConfigKeys (ConfUtils.java:logGet(43)) - raft.server.storage.dir = [/workdir/hadoop-ozone/ozonefs/target/test-dir/MiniOzoneClusterImpl-27c41e8f-6b3c-4668-9f3b-45b0868fb4ff/datanode-0/data/ratis] (custom)
2019-09-25 07:16:13,165 [pool-277-thread-1] INFO  storage.RaftStorageDirectory (RaftStorageDirectory.java:analyzeStorage(246)) - The storage directory /workdir/hadoop-ozone/ozonefs/target/test-dir/MiniOzoneClusterImpl-27c41e8f-6b3c-4668-9f3b-45b0868fb4ff/datanode-0/data/ratis/ef2032eb-651d-4cb6-b402-9fa36f8fe3ae does not exist. Creating ...
2019-09-25 07:16:13,177 [pool-277-thread-1] INFO  storage.RaftStorageDirectory (RaftStorageDirectory.java:tryLock(328)) - Lock on /workdir/hadoop-ozone/ozonefs/target/test-dir/MiniOzoneClusterImpl-27c41e8f-6b3c-4668-9f3b-45b0868fb4ff/datanode-0/data/ratis/ef2032eb-651d-4cb6-b402-9fa36f8fe3ae/in_use.lock acquired by nodename 12714@pr-hdds-1569-s62bp-3040748787
2019-09-25 07:16:13,184 [main] INFO  ozone.MiniOzoneClusterImpl (MiniOzoneClusterImpl.java:lambda$waitForClusterToBeReady$0(147)) - Waiting for cluster to be ready. Got 2 of 3 DN Heartbeats.
2019-09-25 07:16:13,185 [IPC Server handler 1 on 38343] INFO  net.NetworkTopology (NetworkTopologyImpl.java:add(111)) - Added a new node: /default-rack/cb908934-9a93-428c-b1bf-b5dcd51b5616
2019-09-25 07:16:13,185 [IPC Server handler 1 on 38343] INFO  node.SCMNodeManager (SCMNodeManager.java:register(266)) - Registered Data node : cb908934-9a93-428c-b1bf-b5dcd51b5616{ip: 192.168.30.10, host: pr-hdds-1569-s62bp-3040748787, networkLocation: /default-rack, certSerialId: null}
2019-09-25 07:16:13,190 [pool-277-thread-1] INFO  storage.RaftStorage (RaftStorage.java:format(72)) - Storage directory /workdir/hadoop-ozone/ozonefs/target/test-dir/MiniOzoneClusterImpl-27c41e8f-6b3c-4668-9f3b-45b0868fb4ff/datanode-0/data/ratis/ef2032eb-651d-4cb6-b402-9fa36f8fe3ae has been successfully formatted.
2019-09-25 07:16:13,191 [pool-277-thread-1] INFO  ratis.ContainerStateMachine (ContainerStateMachine.java:loadSnapshot(230)) - group-9FA36F8FE3AE: The snapshot info is null. Setting the last applied indexto:(t:0, i:~)
2019-09-25 07:16:13,191 [pool-277-thread-1] INFO  server.RaftServerConfigKeys (ConfUtils.java:logGet(43)) - raft.server.notification.no-leader.timeout = 120s (custom)
2019-09-25 07:16:13,191 [pool-277-thread-1] INFO  server.RaftServerConfigKeys (ConfUtils.java:logGet(43)) - raft.server.log.use.memory = false (default)
2019-09-25 07:16:13,191 [pool-277-thread-1] INFO  server.RaftServerConfigKeys (ConfUtils.java:logGet(43)) - raft.server.log.purge.gap = 1000000 (custom)
2019-09-25 07:16:13,191 [pool-277-thread-1] INFO  server.RaftServerConfigKeys (ConfUtils.java:logGet(43)) - raft.server.log.appender.buffer.byte-limit = 33554432 (custom)
2019-09-25 07:16:13,191 [pool-277-thread-1] INFO  server.RaftServerConfigKeys (ConfUtils.java:logGet(43)) - raft.server.log.segment.size.max = 1048576 (custom)
2019-09-25 07:16:13,192 [pool-277-thread-1] INFO  server.RaftServerConfigKeys (ConfUtils.java:logGet(43)) - raft.server.log.segment.cache.num.max = 2 (custom)
2019-09-25 07:16:13,192 [pool-277-thread-1] INFO  segmented.SegmentedRaftLogWorker (SegmentedRaftLogWorker.java:<init>(172)) - new a073c3ef-49bb-4c5b-b895-835368f9c221@group-9FA36F8FE3AE-SegmentedRaftLogWorker for RaftStorage:Storage Directory /workdir/hadoop-ozone/ozonefs/target/test-dir/MiniOzoneClusterImpl-27c41e8f-6b3c-4668-9f3b-45b0868fb4ff/datanode-0/data/ratis/ef2032eb-651d-4cb6-b402-9fa36f8fe3ae
2019-09-25 07:16:13,192 [pool-277-thread-1] INFO  server.RaftServerConfigKeys (ConfUtils.java:logGet(43)) - raft.server.log.queue.byte-limit = 2147483647 (custom)
2019-09-25 07:16:13,192 [pool-277-thread-1] INFO  server.RaftServerConfigKeys (ConfUtils.java:logGet(43)) - raft.server.log.queue.element-limit = 1024 (custom)
2019-09-25 07:16:13,192 [pool-277-thread-1] INFO  server.RaftServerConfigKeys (ConfUtils.java:logGet(43)) - raft.server.log.segment.size.max = 1048576 (custom)
2019-09-25 07:16:13,192 [pool-277-thread-1] INFO  server.RaftServerConfigKeys (ConfUtils.java:logGet(43)) - raft.server.log.preallocated.size = 16384 (custom)
2019-09-25 07:16:13,192 [pool-277-thread-1] INFO  server.RaftServerConfigKeys (ConfUtils.java:logGet(43)) - raft.server.log.write.buffer.size = 33554432 (custom)
2019-09-25 07:16:13,193 [pool-277-thread-1] INFO  server.RaftServerConfigKeys (ConfUtils.java:logGet(43)) - raft.server.log.force.sync.num = 128 (default)
2019-09-25 07:16:13,193 [pool-277-thread-1] INFO  server.RaftServerConfigKeys (ConfUtils.java:logGet(43)) - raft.server.log.statemachine.data.sync = true (default)
2019-09-25 07:16:13,193 [pool-277-thread-1] INFO  server.RaftServerConfigKeys (ConfUtils.java:logGet(43)) - raft.server.log.statemachine.data.sync.timeout = 10s (default)
2019-09-25 07:16:13,193 [pool-277-thread-1] INFO  server.RaftServerConfigKeys (ConfUtils.java:logGet(43)) - raft.server.log.statemachine.data.sync.timeout.retry = -1 (default)
2019-09-25 07:16:13,193 [pool-277-thread-1] INFO  server.RaftServerConfigKeys (ConfUtils.java:logGet(43)) - raft.server.log.statemachine.data.caching.enabled = true (custom)
2019-09-25 07:16:13,194 [pool-277-thread-1] INFO  segmented.SegmentedRaftLogWorker (SegmentedRaftLogWorker.java:lambda$new$0(132)) - a073c3ef-49bb-4c5b-b895-835368f9c221@group-9FA36F8FE3AE-SegmentedRaftLogWorker: flushIndex: setUnconditionally 0 -> -1
2019-09-25 07:16:13,194 [pool-277-thread-1] INFO  server.RaftServerConfigKeys (ConfUtils.java:logGet(43)) - raft.server.snapshot.auto.trigger.enabled = true (custom)
2019-09-25 07:16:13,194 [pool-277-thread-1] INFO  server.RaftServerConfigKeys (ConfUtils.java:logGet(43)) - raft.server.snapshot.auto.trigger.threshold = 10000 (custom)
2019-09-25 07:16:13,194 [pool-277-thread-1] INFO  server.RaftServerConfigKeys (ConfUtils.java:logGet(43)) - raft.server.snapshot.retention.num.files = 5 (custom)
2019-09-25 07:16:13,194 [pool-277-thread-1] INFO  server.RaftServerConfigKeys (ConfUtils.java:logGet(43)) - raft.server.retrycache.expirytime = 600000ms (custom)
2019-09-25 07:16:13,196 [pool-277-thread-1] INFO  impl.RaftServerImpl (RaftServerImpl.java:start(185)) - a073c3ef-49bb-4c5b-b895-835368f9c221@group-9FA36F8FE3AE: start as a follower, conf=-1: [a073c3ef-49bb-4c5b-b895-835368f9c221:192.168.30.10:46476], old=null
2019-09-25 07:16:13,196 [pool-277-thread-1] INFO  impl.RaftServerImpl (RaftServerImpl.java:setRole(174)) - a073c3ef-49bb-4c5b-b895-835368f9c221@group-9FA36F8FE3AE: changes role from      null to FOLLOWER at term 0 for startAsFollower
2019-09-25 07:16:13,196 [pool-277-thread-1] INFO  impl.RoleInfo (RoleInfo.java:updateAndGet(143)) - a073c3ef-49bb-4c5b-b895-835368f9c221: start FollowerState
2019-09-25 07:16:13,197 [pool-277-thread-1] INFO  util.JmxRegister (JmxRegister.java:tryRegister(44)) - Successfully registered JMX Bean with object name Ratis:service=RaftServer,group=group-9FA36F8FE3AE,id=a073c3ef-49bb-4c5b-b895-835368f9c221
2019-09-25 07:16:13,200 [RatisPipelineUtilsThread] INFO  pipeline.PipelineStateManager (PipelineStateManager.java:addPipeline(56)) - Created pipeline Pipeline[ Id: ef2032eb-651d-4cb6-b402-9fa36f8fe3ae, Nodes: a073c3ef-49bb-4c5b-b895-835368f9c221{ip: 192.168.30.10, host: pr-hdds-1569-s62bp-3040748787, networkLocation: /default-rack, certSerialId: null}, Type:RATIS, Factor:ONE, State:OPEN]
2019-09-25 07:16:13,206 [grpc-default-executor-0] INFO  impl.RaftServerProxy (RaftServerProxy.java:addNew(89)) - a073c3ef-49bb-4c5b-b895-835368f9c221: addNew group-2FF260E78743:[a073c3ef-49bb-4c5b-b895-835368f9c221:192.168.30.10:46476] returns group-2FF260E78743:java.util.concurrent.CompletableFuture@38daa2c6[Not completed]
2019-09-25 07:16:13,207 [pool-277-thread-1] INFO  impl.RaftServerImpl (RaftServerImpl.java:<init>(95)) - a073c3ef-49bb-4c5b-b895-835368f9c221: new RaftServerImpl for group-2FF260E78743:[a073c3ef-49bb-4c5b-b895-835368f9c221:192.168.30.10:46476] with ContainerStateMachine:uninitialized
2019-09-25 07:16:13,207 [pool-277-thread-1] INFO  server.RaftServerConfigKeys (ConfUtils.java:logGet(43)) - raft.server.rpc.timeout.min = 5s (custom)
2019-09-25 07:16:13,207 [pool-277-thread-1] INFO  server.RaftServerConfigKeys (ConfUtils.java:logGet(43)) - raft.server.rpc.timeout.max = 5200ms (custom)
2019-09-25 07:16:13,207 [pool-277-thread-1] INFO  server.RaftServerConfigKeys (ConfUtils.java:logGet(43)) - raft.server.rpcslowness.timeout = 120s (custom)
2019-09-25 07:16:13,207 [pool-277-thread-1] INFO  server.RaftServerConfigKeys (ConfUtils.java:logGet(43)) - raft.server.sleep.deviation.threshold = 300 (default)
2019-09-25 07:16:13,207 [pool-277-thread-1] INFO  server.RaftServerConfigKeys (ConfUtils.java:logGet(43)) - raft.server.log.appender.install.snapshot.enabled = false (custom)
2019-09-25 07:16:13,208 [pool-277-thread-1] INFO  impl.RaftServerImpl (ServerState.java:<init>(103)) - a073c3ef-49bb-4c5b-b895-835368f9c221@group-2FF260E78743: ConfigurationManager, init=-1: [a073c3ef-49bb-4c5b-b895-835368f9c221:192.168.30.10:46476], old=null, confs=<EMPTY_MAP>
2019-09-25 07:16:13,208 [pool-277-thread-1] INFO  server.RaftServerConfigKeys (ConfUtils.java:logGet(43)) - raft.server.storage.dir = [/workdir/hadoop-ozone/ozonefs/target/test-dir/MiniOzoneClusterImpl-27c41e8f-6b3c-4668-9f3b-45b0868fb4ff/datanode-0/data/ratis] (custom)
2019-09-25 07:16:13,208 [pool-277-thread-1] INFO  storage.RaftStorageDirectory (RaftStorageDirectory.java:analyzeStorage(246)) - The storage directory /workdir/hadoop-ozone/ozonefs/target/test-dir/MiniOzoneClusterImpl-27c41e8f-6b3c-4668-9f3b-45b0868fb4ff/datanode-0/data/ratis/1bb9e8e1-4f29-48e5-ac41-2ff260e78743 does not exist. Creating ...
2019-09-25 07:16:13,221 [pool-277-thread-1] INFO  storage.RaftStorageDirectory (RaftStorageDirectory.java:tryLock(328)) - Lock on /workdir/hadoop-ozone/ozonefs/target/test-dir/MiniOzoneClusterImpl-27c41e8f-6b3c-4668-9f3b-45b0868fb4ff/datanode-0/data/ratis/1bb9e8e1-4f29-48e5-ac41-2ff260e78743/in_use.lock acquired by nodename 12714@pr-hdds-1569-s62bp-3040748787
2019-09-25 07:16:13,234 [pool-277-thread-1] INFO  storage.RaftStorage (RaftStorage.java:format(72)) - Storage directory /workdir/hadoop-ozone/ozonefs/target/test-dir/MiniOzoneClusterImpl-27c41e8f-6b3c-4668-9f3b-45b0868fb4ff/datanode-0/data/ratis/1bb9e8e1-4f29-48e5-ac41-2ff260e78743 has been successfully formatted.
2019-09-25 07:16:13,234 [pool-277-thread-1] INFO  ratis.ContainerStateMachine (ContainerStateMachine.java:loadSnapshot(230)) - group-2FF260E78743: The snapshot info is null. Setting the last applied indexto:(t:0, i:~)
2019-09-25 07:16:13,234 [pool-277-thread-1] INFO  server.RaftServerConfigKeys (ConfUtils.java:logGet(43)) - raft.server.notification.no-leader.timeout = 120s (custom)
2019-09-25 07:16:13,234 [pool-277-thread-1] INFO  server.RaftServerConfigKeys (ConfUtils.java:logGet(43)) - raft.server.log.use.memory = false (default)
2019-09-25 07:16:13,235 [pool-277-thread-1] INFO  server.RaftServerConfigKeys (ConfUtils.java:logGet(43)) - raft.server.log.purge.gap = 1000000 (custom)
2019-09-25 07:16:13,235 [pool-277-thread-1] INFO  server.RaftServerConfigKeys (ConfUtils.java:logGet(43)) - raft.server.log.appender.buffer.byte-limit = 33554432 (custom)
2019-09-25 07:16:13,235 [pool-277-thread-1] INFO  server.RaftServerConfigKeys (ConfUtils.java:logGet(43)) - raft.server.log.segment.size.max = 1048576 (custom)
2019-09-25 07:16:13,235 [pool-277-thread-1] INFO  server.RaftServerConfigKeys (ConfUtils.java:logGet(43)) - raft.server.log.segment.cache.num.max = 2 (custom)
2019-09-25 07:16:13,235 [pool-277-thread-1] INFO  segmented.SegmentedRaftLogWorker (SegmentedRaftLogWorker.java:<init>(172)) - new a073c3ef-49bb-4c5b-b895-835368f9c221@group-2FF260E78743-SegmentedRaftLogWorker for RaftStorage:Storage Directory /workdir/hadoop-ozone/ozonefs/target/test-dir/MiniOzoneClusterImpl-27c41e8f-6b3c-4668-9f3b-45b0868fb4ff/datanode-0/data/ratis/1bb9e8e1-4f29-48e5-ac41-2ff260e78743
2019-09-25 07:16:13,235 [pool-277-thread-1] INFO  server.RaftServerConfigKeys (ConfUtils.java:logGet(43)) - raft.server.log.queue.byte-limit = 2147483647 (custom)
2019-09-25 07:16:13,235 [pool-277-thread-1] INFO  server.RaftServerConfigKeys (ConfUtils.java:logGet(43)) - raft.server.log.queue.element-limit = 1024 (custom)
2019-09-25 07:16:13,236 [pool-277-thread-1] INFO  server.RaftServerConfigKeys (ConfUtils.java:logGet(43)) - raft.server.log.segment.size.max = 1048576 (custom)
2019-09-25 07:16:13,236 [pool-277-thread-1] INFO  server.RaftServerConfigKeys (ConfUtils.java:logGet(43)) - raft.server.log.preallocated.size = 16384 (custom)
2019-09-25 07:16:13,236 [pool-277-thread-1] INFO  server.RaftServerConfigKeys (ConfUtils.java:logGet(43)) - raft.server.log.write.buffer.size = 33554432 (custom)
2019-09-25 07:16:13,236 [pool-277-thread-1] INFO  server.RaftServerConfigKeys (ConfUtils.java:logGet(43)) - raft.server.log.force.sync.num = 128 (default)
2019-09-25 07:16:13,236 [pool-277-thread-1] INFO  server.RaftServerConfigKeys (ConfUtils.java:logGet(43)) - raft.server.log.statemachine.data.sync = true (default)
2019-09-25 07:16:13,236 [pool-277-thread-1] INFO  server.RaftServerConfigKeys (ConfUtils.java:logGet(43)) - raft.server.log.statemachine.data.sync.timeout = 10s (default)
2019-09-25 07:16:13,236 [pool-277-thread-1] INFO  server.RaftServerConfigKeys (ConfUtils.java:logGet(43)) - raft.server.log.statemachine.data.sync.timeout.retry = -1 (default)
2019-09-25 07:16:13,236 [pool-277-thread-1] INFO  server.RaftServerConfigKeys (ConfUtils.java:logGet(43)) - raft.server.log.statemachine.data.caching.enabled = true (custom)
2019-09-25 07:16:13,237 [pool-277-thread-1] INFO  segmented.SegmentedRaftLogWorker (SegmentedRaftLogWorker.java:lambda$new$0(132)) - a073c3ef-49bb-4c5b-b895-835368f9c221@group-2FF260E78743-SegmentedRaftLogWorker: flushIndex: setUnconditionally 0 -> -1
2019-09-25 07:16:13,237 [pool-277-thread-1] INFO  server.RaftServerConfigKeys (ConfUtils.java:logGet(43)) - raft.server.snapshot.auto.trigger.enabled = true (custom)
2019-09-25 07:16:13,237 [pool-277-thread-1] INFO  server.RaftServerConfigKeys (ConfUtils.java:logGet(43)) - raft.server.snapshot.auto.trigger.threshold = 10000 (custom)
2019-09-25 07:16:13,237 [pool-277-thread-1] INFO  server.RaftServerConfigKeys (ConfUtils.java:logGet(43)) - raft.server.snapshot.retention.num.files = 5 (custom)
2019-09-25 07:16:13,237 [pool-277-thread-1] INFO  server.RaftServerConfigKeys (ConfUtils.java:logGet(43)) - raft.server.retrycache.expirytime = 600000ms (custom)
2019-09-25 07:16:13,239 [pool-277-thread-1] INFO  impl.RaftServerImpl (RaftServerImpl.java:start(185)) - a073c3ef-49bb-4c5b-b895-835368f9c221@group-2FF260E78743: start as a follower, conf=-1: [a073c3ef-49bb-4c5b-b895-835368f9c221:192.168.30.10:46476], old=null
2019-09-25 07:16:13,239 [pool-277-thread-1] INFO  impl.RaftServerImpl (RaftServerImpl.java:setRole(174)) - a073c3ef-49bb-4c5b-b895-835368f9c221@group-2FF260E78743: changes role from      null to FOLLOWER at term 0 for startAsFollower
2019-09-25 07:16:13,239 [pool-277-thread-1] INFO  impl.RoleInfo (RoleInfo.java:updateAndGet(143)) - a073c3ef-49bb-4c5b-b895-835368f9c221: start FollowerState
2019-09-25 07:16:13,240 [pool-277-thread-1] INFO  util.JmxRegister (JmxRegister.java:tryRegister(44)) - Successfully registered JMX Bean with object name Ratis:service=RaftServer,group=group-2FF260E78743,id=a073c3ef-49bb-4c5b-b895-835368f9c221
2019-09-25 07:16:13,242 [RatisPipelineUtilsThread] INFO  pipeline.PipelineStateManager (PipelineStateManager.java:addPipeline(56)) - Created pipeline Pipeline[ Id: 1bb9e8e1-4f29-48e5-ac41-2ff260e78743, Nodes: a073c3ef-49bb-4c5b-b895-835368f9c221{ip: 192.168.30.10, host: pr-hdds-1569-s62bp-3040748787, networkLocation: /default-rack, certSerialId: null}, Type:RATIS, Factor:ONE, State:OPEN]
2019-09-25 07:16:13,248 [grpc-default-executor-0] INFO  impl.RaftServerProxy (RaftServerProxy.java:addNew(89)) - a073c3ef-49bb-4c5b-b895-835368f9c221: addNew group-3ACB0C70084F:[a073c3ef-49bb-4c5b-b895-835368f9c221:192.168.30.10:46476] returns group-3ACB0C70084F:java.util.concurrent.CompletableFuture@203394c2[Not completed]
2019-09-25 07:16:13,249 [pool-277-thread-1] INFO  impl.RaftServerImpl (RaftServerImpl.java:<init>(95)) - a073c3ef-49bb-4c5b-b895-835368f9c221: new RaftServerImpl for group-3ACB0C70084F:[a073c3ef-49bb-4c5b-b895-835368f9c221:192.168.30.10:46476] with ContainerStateMachine:uninitialized
2019-09-25 07:16:13,249 [pool-277-thread-1] INFO  server.RaftServerConfigKeys (ConfUtils.java:logGet(43)) - raft.server.rpc.timeout.min = 5s (custom)
2019-09-25 07:16:13,249 [pool-277-thread-1] INFO  server.RaftServerConfigKeys (ConfUtils.java:logGet(43)) - raft.server.rpc.timeout.max = 5200ms (custom)
2019-09-25 07:16:13,249 [pool-277-thread-1] INFO  server.RaftServerConfigKeys (ConfUtils.java:logGet(43)) - raft.server.rpcslowness.timeout = 120s (custom)
2019-09-25 07:16:13,249 [pool-277-thread-1] INFO  server.RaftServerConfigKeys (ConfUtils.java:logGet(43)) - raft.server.sleep.deviation.threshold = 300 (default)
2019-09-25 07:16:13,249 [pool-277-thread-1] INFO  server.RaftServerConfigKeys (ConfUtils.java:logGet(43)) - raft.server.log.appender.install.snapshot.enabled = false (custom)
2019-09-25 07:16:13,250 [pool-277-thread-1] INFO  impl.RaftServerImpl (ServerState.java:<init>(103)) - a073c3ef-49bb-4c5b-b895-835368f9c221@group-3ACB0C70084F: ConfigurationManager, init=-1: [a073c3ef-49bb-4c5b-b895-835368f9c221:192.168.30.10:46476], old=null, confs=<EMPTY_MAP>
2019-09-25 07:16:13,250 [pool-277-thread-1] INFO  server.RaftServerConfigKeys (ConfUtils.java:logGet(43)) - raft.server.storage.dir = [/workdir/hadoop-ozone/ozonefs/target/test-dir/MiniOzoneClusterImpl-27c41e8f-6b3c-4668-9f3b-45b0868fb4ff/datanode-0/data/ratis] (custom)
2019-09-25 07:16:13,250 [pool-277-thread-1] INFO  storage.RaftStorageDirectory (RaftStorageDirectory.java:analyzeStorage(246)) - The storage directory /workdir/hadoop-ozone/ozonefs/target/test-dir/MiniOzoneClusterImpl-27c41e8f-6b3c-4668-9f3b-45b0868fb4ff/datanode-0/data/ratis/af17aafb-0277-4c3c-86ee-3acb0c70084f does not exist. Creating ...
2019-09-25 07:16:13,262 [pool-277-thread-1] INFO  storage.RaftStorageDirectory (RaftStorageDirectory.java:tryLock(328)) - Lock on /workdir/hadoop-ozone/ozonefs/target/test-dir/MiniOzoneClusterImpl-27c41e8f-6b3c-4668-9f3b-45b0868fb4ff/datanode-0/data/ratis/af17aafb-0277-4c3c-86ee-3acb0c70084f/in_use.lock acquired by nodename 12714@pr-hdds-1569-s62bp-3040748787
2019-09-25 07:16:13,275 [pool-277-thread-1] INFO  storage.RaftStorage (RaftStorage.java:format(72)) - Storage directory /workdir/hadoop-ozone/ozonefs/target/test-dir/MiniOzoneClusterImpl-27c41e8f-6b3c-4668-9f3b-45b0868fb4ff/datanode-0/data/ratis/af17aafb-0277-4c3c-86ee-3acb0c70084f has been successfully formatted.
2019-09-25 07:16:13,275 [pool-277-thread-1] INFO  ratis.ContainerStateMachine (ContainerStateMachine.java:loadSnapshot(230)) - group-3ACB0C70084F: The snapshot info is null. Setting the last applied indexto:(t:0, i:~)
2019-09-25 07:16:13,275 [pool-277-thread-1] INFO  server.RaftServerConfigKeys (ConfUtils.java:logGet(43)) - raft.server.notification.no-leader.timeout = 120s (custom)
2019-09-25 07:16:13,276 [pool-277-thread-1] INFO  server.RaftServerConfigKeys (ConfUtils.java:logGet(43)) - raft.server.log.use.memory = false (default)
2019-09-25 07:16:13,276 [pool-277-thread-1] INFO  server.RaftServerConfigKeys (ConfUtils.java:logGet(43)) - raft.server.log.purge.gap = 1000000 (custom)
2019-09-25 07:16:13,276 [pool-277-thread-1] INFO  server.RaftServerConfigKeys (ConfUtils.java:logGet(43)) - raft.server.log.appender.buffer.byte-limit = 33554432 (custom)
2019-09-25 07:16:13,276 [pool-277-thread-1] INFO  server.RaftServerConfigKeys (ConfUtils.java:logGet(43)) - raft.server.log.segment.size.max = 1048576 (custom)
2019-09-25 07:16:13,276 [pool-277-thread-1] INFO  server.RaftServerConfigKeys (ConfUtils.java:logGet(43)) - raft.server.log.segment.cache.num.max = 2 (custom)
2019-09-25 07:16:13,276 [pool-277-thread-1] INFO  segmented.SegmentedRaftLogWorker (SegmentedRaftLogWorker.java:<init>(172)) - new a073c3ef-49bb-4c5b-b895-835368f9c221@group-3ACB0C70084F-SegmentedRaftLogWorker for RaftStorage:Storage Directory /workdir/hadoop-ozone/ozonefs/target/test-dir/MiniOzoneClusterImpl-27c41e8f-6b3c-4668-9f3b-45b0868fb4ff/datanode-0/data/ratis/af17aafb-0277-4c3c-86ee-3acb0c70084f
2019-09-25 07:16:13,277 [pool-277-thread-1] INFO  server.RaftServerConfigKeys (ConfUtils.java:logGet(43)) - raft.server.log.queue.byte-limit = 2147483647 (custom)
2019-09-25 07:16:13,277 [pool-277-thread-1] INFO  server.RaftServerConfigKeys (ConfUtils.java:logGet(43)) - raft.server.log.queue.element-limit = 1024 (custom)
2019-09-25 07:16:13,277 [pool-277-thread-1] INFO  server.RaftServerConfigKeys (ConfUtils.java:logGet(43)) - raft.server.log.segment.size.max = 1048576 (custom)
2019-09-25 07:16:13,277 [pool-277-thread-1] INFO  server.RaftServerConfigKeys (ConfUtils.java:logGet(43)) - raft.server.log.preallocated.size = 16384 (custom)
2019-09-25 07:16:13,277 [pool-277-thread-1] INFO  server.RaftServerConfigKeys (ConfUtils.java:logGet(43)) - raft.server.log.write.buffer.size = 33554432 (custom)
2019-09-25 07:16:13,277 [pool-277-thread-1] INFO  server.RaftServerConfigKeys (ConfUtils.java:logGet(43)) - raft.server.log.force.sync.num = 128 (default)
2019-09-25 07:16:13,278 [pool-277-thread-1] INFO  server.RaftServerConfigKeys (ConfUtils.java:logGet(43)) - raft.server.log.statemachine.data.sync = true (default)
2019-09-25 07:16:13,278 [pool-277-thread-1] INFO  server.RaftServerConfigKeys (ConfUtils.java:logGet(43)) - raft.server.log.statemachine.data.sync.timeout = 10s (default)
2019-09-25 07:16:13,278 [pool-277-thread-1] INFO  server.RaftServerConfigKeys (ConfUtils.java:logGet(43)) - raft.server.log.statemachine.data.sync.timeout.retry = -1 (default)
2019-09-25 07:16:13,278 [pool-277-thread-1] INFO  server.RaftServerConfigKeys (ConfUtils.java:logGet(43)) - raft.server.log.statemachine.data.caching.enabled = true (custom)
2019-09-25 07:16:13,278 [pool-277-thread-1] INFO  segmented.SegmentedRaftLogWorker (SegmentedRaftLogWorker.java:lambda$new$0(132)) - a073c3ef-49bb-4c5b-b895-835368f9c221@group-3ACB0C70084F-SegmentedRaftLogWorker: flushIndex: setUnconditionally 0 -> -1
2019-09-25 07:16:13,279 [pool-277-thread-1] INFO  server.RaftServerConfigKeys (ConfUtils.java:logGet(43)) - raft.server.snapshot.auto.trigger.enabled = true (custom)
2019-09-25 07:16:13,279 [pool-277-thread-1] INFO  server.RaftServerConfigKeys (ConfUtils.java:logGet(43)) - raft.server.snapshot.auto.trigger.threshold = 10000 (custom)
2019-09-25 07:16:13,279 [pool-277-thread-1] INFO  server.RaftServerConfigKeys (ConfUtils.java:logGet(43)) - raft.server.snapshot.retention.num.files = 5 (custom)
2019-09-25 07:16:13,279 [pool-277-thread-1] INFO  server.RaftServerConfigKeys (ConfUtils.java:logGet(43)) - raft.server.retrycache.expirytime = 600000ms (custom)
2019-09-25 07:16:13,281 [pool-277-thread-1] INFO  impl.RaftServerImpl (RaftServerImpl.java:start(185)) - a073c3ef-49bb-4c5b-b895-835368f9c221@group-3ACB0C70084F: start as a follower, conf=-1: [a073c3ef-49bb-4c5b-b895-835368f9c221:192.168.30.10:46476], old=null
2019-09-25 07:16:13,281 [pool-277-thread-1] INFO  impl.RaftServerImpl (RaftServerImpl.java:setRole(174)) - a073c3ef-49bb-4c5b-b895-835368f9c221@group-3ACB0C70084F: changes role from      null to FOLLOWER at term 0 for startAsFollower
2019-09-25 07:16:13,281 [pool-277-thread-1] INFO  impl.RoleInfo (RoleInfo.java:updateAndGet(143)) - a073c3ef-49bb-4c5b-b895-835368f9c221: start FollowerState
2019-09-25 07:16:13,281 [pool-277-thread-1] INFO  util.JmxRegister (JmxRegister.java:tryRegister(44)) - Successfully registered JMX Bean with object name Ratis:service=RaftServer,group=group-3ACB0C70084F,id=a073c3ef-49bb-4c5b-b895-835368f9c221
2019-09-25 07:16:13,284 [RatisPipelineUtilsThread] INFO  pipeline.PipelineStateManager (PipelineStateManager.java:addPipeline(56)) - Created pipeline Pipeline[ Id: af17aafb-0277-4c3c-86ee-3acb0c70084f, Nodes: a073c3ef-49bb-4c5b-b895-835368f9c221{ip: 192.168.30.10, host: pr-hdds-1569-s62bp-3040748787, networkLocation: /default-rack, certSerialId: null}, Type:RATIS, Factor:ONE, State:OPEN]
2019-09-25 07:16:13,292 [grpc-default-executor-0] INFO  impl.RaftServerProxy (RaftServerProxy.java:addNew(89)) - b7ca5097-bc5b-4eb5-bfc6-2487a18e48b8: addNew group-7CA296BBA37C:[b7ca5097-bc5b-4eb5-bfc6-2487a18e48b8:192.168.30.10:35346] returns group-7CA296BBA37C:java.util.concurrent.CompletableFuture@e50d609[Not completed]
2019-09-25 07:16:13,293 [pool-287-thread-1] INFO  impl.RaftServerImpl (RaftServerImpl.java:<init>(95)) - b7ca5097-bc5b-4eb5-bfc6-2487a18e48b8: new RaftServerImpl for group-7CA296BBA37C:[b7ca5097-bc5b-4eb5-bfc6-2487a18e48b8:192.168.30.10:35346] with ContainerStateMachine:uninitialized
2019-09-25 07:16:13,293 [pool-287-thread-1] INFO  server.RaftServerConfigKeys (ConfUtils.java:logGet(43)) - raft.server.rpc.timeout.min = 5s (custom)
2019-09-25 07:16:13,293 [pool-287-thread-1] INFO  server.RaftServerConfigKeys (ConfUtils.java:logGet(43)) - raft.server.rpc.timeout.max = 5200ms (custom)
2019-09-25 07:16:13,294 [pool-287-thread-1] INFO  server.RaftServerConfigKeys (ConfUtils.java:logGet(43)) - raft.server.rpcslowness.timeout = 120s (custom)
2019-09-25 07:16:13,294 [pool-287-thread-1] INFO  server.RaftServerConfigKeys (ConfUtils.java:logGet(43)) - raft.server.sleep.deviation.threshold = 300 (default)
2019-09-25 07:16:13,294 [pool-287-thread-1] INFO  server.RaftServerConfigKeys (ConfUtils.java:logGet(43)) - raft.server.log.appender.install.snapshot.enabled = false (custom)
2019-09-25 07:16:13,294 [pool-287-thread-1] INFO  impl.RaftServerImpl (ServerState.java:<init>(103)) - b7ca5097-bc5b-4eb5-bfc6-2487a18e48b8@group-7CA296BBA37C: ConfigurationManager, init=-1: [b7ca5097-bc5b-4eb5-bfc6-2487a18e48b8:192.168.30.10:35346], old=null, confs=<EMPTY_MAP>
2019-09-25 07:16:13,294 [pool-287-thread-1] INFO  server.RaftServerConfigKeys (ConfUtils.java:logGet(43)) - raft.server.storage.dir = [/workdir/hadoop-ozone/ozonefs/target/test-dir/MiniOzoneClusterImpl-27c41e8f-6b3c-4668-9f3b-45b0868fb4ff/datanode-1/data/ratis] (custom)
2019-09-25 07:16:13,295 [pool-287-thread-1] INFO  storage.RaftStorageDirectory (RaftStorageDirectory.java:analyzeStorage(246)) - The storage directory /workdir/hadoop-ozone/ozonefs/target/test-dir/MiniOzoneClusterImpl-27c41e8f-6b3c-4668-9f3b-45b0868fb4ff/datanode-1/data/ratis/2ebe4d61-7eb7-43a0-bbd8-7ca296bba37c does not exist. Creating ...
2019-09-25 07:16:13,307 [pool-287-thread-1] INFO  storage.RaftStorageDirectory (RaftStorageDirectory.java:tryLock(328)) - Lock on /workdir/hadoop-ozone/ozonefs/target/test-dir/MiniOzoneClusterImpl-27c41e8f-6b3c-4668-9f3b-45b0868fb4ff/datanode-1/data/ratis/2ebe4d61-7eb7-43a0-bbd8-7ca296bba37c/in_use.lock acquired by nodename 12714@pr-hdds-1569-s62bp-3040748787
2019-09-25 07:16:13,319 [pool-287-thread-1] INFO  storage.RaftStorage (RaftStorage.java:format(72)) - Storage directory /workdir/hadoop-ozone/ozonefs/target/test-dir/MiniOzoneClusterImpl-27c41e8f-6b3c-4668-9f3b-45b0868fb4ff/datanode-1/data/ratis/2ebe4d61-7eb7-43a0-bbd8-7ca296bba37c has been successfully formatted.
2019-09-25 07:16:13,319 [pool-287-thread-1] INFO  ratis.ContainerStateMachine (ContainerStateMachine.java:loadSnapshot(230)) - group-7CA296BBA37C: The snapshot info is null. Setting the last applied indexto:(t:0, i:~)
2019-09-25 07:16:13,320 [pool-287-thread-1] INFO  server.RaftServerConfigKeys (ConfUtils.java:logGet(43)) - raft.server.notification.no-leader.timeout = 120s (custom)
2019-09-25 07:16:13,320 [pool-287-thread-1] INFO  server.RaftServerConfigKeys (ConfUtils.java:logGet(43)) - raft.server.log.use.memory = false (default)
2019-09-25 07:16:13,320 [pool-287-thread-1] INFO  server.RaftServerConfigKeys (ConfUtils.java:logGet(43)) - raft.server.log.purge.gap = 1000000 (custom)
2019-09-25 07:16:13,320 [pool-287-thread-1] INFO  server.RaftServerConfigKeys (ConfUtils.java:logGet(43)) - raft.server.log.appender.buffer.byte-limit = 33554432 (custom)
2019-09-25 07:16:13,320 [pool-287-thread-1] INFO  server.RaftServerConfigKeys (ConfUtils.java:logGet(43)) - raft.server.log.segment.size.max = 1048576 (custom)
2019-09-25 07:16:13,320 [pool-287-thread-1] INFO  server.RaftServerConfigKeys (ConfUtils.java:logGet(43)) - raft.server.log.segment.cache.num.max = 2 (custom)
2019-09-25 07:16:13,320 [pool-287-thread-1] INFO  segmented.SegmentedRaftLogWorker (SegmentedRaftLogWorker.java:<init>(172)) - new b7ca5097-bc5b-4eb5-bfc6-2487a18e48b8@group-7CA296BBA37C-SegmentedRaftLogWorker for RaftStorage:Storage Directory /workdir/hadoop-ozone/ozonefs/target/test-dir/MiniOzoneClusterImpl-27c41e8f-6b3c-4668-9f3b-45b0868fb4ff/datanode-1/data/ratis/2ebe4d61-7eb7-43a0-bbd8-7ca296bba37c
2019-09-25 07:16:13,322 [pool-287-thread-1] INFO  server.RaftServerConfigKeys (ConfUtils.java:logGet(43)) - raft.server.log.queue.byte-limit = 2147483647 (custom)
2019-09-25 07:16:13,322 [pool-287-thread-1] INFO  server.RaftServerConfigKeys (ConfUtils.java:logGet(43)) - raft.server.log.queue.element-limit = 1024 (custom)
2019-09-25 07:16:13,323 [pool-287-thread-1] INFO  server.RaftServerConfigKeys (ConfUtils.java:logGet(43)) - raft.server.log.segment.size.max = 1048576 (custom)
2019-09-25 07:16:13,323 [pool-287-thread-1] INFO  server.RaftServerConfigKeys (ConfUtils.java:logGet(43)) - raft.server.log.preallocated.size = 16384 (custom)
2019-09-25 07:16:13,323 [pool-287-thread-1] INFO  server.RaftServerConfigKeys (ConfUtils.java:logGet(43)) - raft.server.log.write.buffer.size = 33554432 (custom)
2019-09-25 07:16:13,323 [pool-287-thread-1] INFO  server.RaftServerConfigKeys (ConfUtils.java:logGet(43)) - raft.server.log.force.sync.num = 128 (default)
2019-09-25 07:16:13,323 [pool-287-thread-1] INFO  server.RaftServerConfigKeys (ConfUtils.java:logGet(43)) - raft.server.log.statemachine.data.sync = true (default)
2019-09-25 07:16:13,323 [pool-287-thread-1] INFO  server.RaftServerConfigKeys (ConfUtils.java:logGet(43)) - raft.server.log.statemachine.data.sync.timeout = 10s (default)
2019-09-25 07:16:13,324 [pool-287-thread-1] INFO  server.RaftServerConfigKeys (ConfUtils.java:logGet(43)) - raft.server.log.statemachine.data.sync.timeout.retry = -1 (default)
2019-09-25 07:16:13,324 [pool-287-thread-1] INFO  server.RaftServerConfigKeys (ConfUtils.java:logGet(43)) - raft.server.log.statemachine.data.caching.enabled = true (custom)
2019-09-25 07:16:13,324 [pool-287-thread-1] INFO  segmented.SegmentedRaftLogWorker (SegmentedRaftLogWorker.java:lambda$new$0(132)) - b7ca5097-bc5b-4eb5-bfc6-2487a18e48b8@group-7CA296BBA37C-SegmentedRaftLogWorker: flushIndex: setUnconditionally 0 -> -1
2019-09-25 07:16:13,324 [pool-287-thread-1] INFO  server.RaftServerConfigKeys (ConfUtils.java:logGet(43)) - raft.server.snapshot.auto.trigger.enabled = true (custom)
2019-09-25 07:16:13,325 [pool-287-thread-1] INFO  server.RaftServerConfigKeys (ConfUtils.java:logGet(43)) - raft.server.snapshot.auto.trigger.threshold = 10000 (custom)
2019-09-25 07:16:13,325 [pool-287-thread-1] INFO  server.RaftServerConfigKeys (ConfUtils.java:logGet(43)) - raft.server.snapshot.retention.num.files = 5 (custom)
2019-09-25 07:16:13,325 [pool-287-thread-1] INFO  server.RaftServerConfigKeys (ConfUtils.java:logGet(43)) - raft.server.retrycache.expirytime = 600000ms (custom)
2019-09-25 07:16:13,327 [pool-287-thread-1] INFO  impl.RaftServerImpl (RaftServerImpl.java:start(185)) - b7ca5097-bc5b-4eb5-bfc6-2487a18e48b8@group-7CA296BBA37C: start as a follower, conf=-1: [b7ca5097-bc5b-4eb5-bfc6-2487a18e48b8:192.168.30.10:35346], old=null
2019-09-25 07:16:13,327 [pool-287-thread-1] INFO  impl.RaftServerImpl (RaftServerImpl.java:setRole(174)) - b7ca5097-bc5b-4eb5-bfc6-2487a18e48b8@group-7CA296BBA37C: changes role from      null to FOLLOWER at term 0 for startAsFollower
2019-09-25 07:16:13,327 [pool-287-thread-1] INFO  impl.RoleInfo (RoleInfo.java:updateAndGet(143)) - b7ca5097-bc5b-4eb5-bfc6-2487a18e48b8: start FollowerState
2019-09-25 07:16:13,327 [pool-287-thread-1] INFO  util.JmxRegister (JmxRegister.java:tryRegister(44)) - Successfully registered JMX Bean with object name Ratis:service=RaftServer,group=group-7CA296BBA37C,id=b7ca5097-bc5b-4eb5-bfc6-2487a18e48b8
2019-09-25 07:16:13,330 [RatisPipelineUtilsThread] INFO  pipeline.PipelineStateManager (PipelineStateManager.java:addPipeline(56)) - Created pipeline Pipeline[ Id: 2ebe4d61-7eb7-43a0-bbd8-7ca296bba37c, Nodes: b7ca5097-bc5b-4eb5-bfc6-2487a18e48b8{ip: 192.168.30.10, host: pr-hdds-1569-s62bp-3040748787, networkLocation: /default-rack, certSerialId: null}, Type:RATIS, Factor:ONE, State:OPEN]
2019-09-25 07:16:13,335 [grpc-default-executor-0] INFO  impl.RaftServerProxy (RaftServerProxy.java:addNew(89)) - b7ca5097-bc5b-4eb5-bfc6-2487a18e48b8: addNew group-FB0DD7C78516:[b7ca5097-bc5b-4eb5-bfc6-2487a18e48b8:192.168.30.10:35346] returns group-FB0DD7C78516:java.util.concurrent.CompletableFuture@6365dbd9[Not completed]
2019-09-25 07:16:13,336 [pool-287-thread-1] INFO  impl.RaftServerImpl (RaftServerImpl.java:<init>(95)) - b7ca5097-bc5b-4eb5-bfc6-2487a18e48b8: new RaftServerImpl for group-FB0DD7C78516:[b7ca5097-bc5b-4eb5-bfc6-2487a18e48b8:192.168.30.10:35346] with ContainerStateMachine:uninitialized
2019-09-25 07:16:13,337 [pool-287-thread-1] INFO  server.RaftServerConfigKeys (ConfUtils.java:logGet(43)) - raft.server.rpc.timeout.min = 5s (custom)
2019-09-25 07:16:13,337 [pool-287-thread-1] INFO  server.RaftServerConfigKeys (ConfUtils.java:logGet(43)) - raft.server.rpc.timeout.max = 5200ms (custom)
2019-09-25 07:16:13,337 [pool-287-thread-1] INFO  server.RaftServerConfigKeys (ConfUtils.java:logGet(43)) - raft.server.rpcslowness.timeout = 120s (custom)
2019-09-25 07:16:13,337 [pool-287-thread-1] INFO  server.RaftServerConfigKeys (ConfUtils.java:logGet(43)) - raft.server.sleep.deviation.threshold = 300 (default)
2019-09-25 07:16:13,337 [pool-287-thread-1] INFO  server.RaftServerConfigKeys (ConfUtils.java:logGet(43)) - raft.server.log.appender.install.snapshot.enabled = false (custom)
2019-09-25 07:16:13,338 [pool-287-thread-1] INFO  impl.RaftServerImpl (ServerState.java:<init>(103)) - b7ca5097-bc5b-4eb5-bfc6-2487a18e48b8@group-FB0DD7C78516: ConfigurationManager, init=-1: [b7ca5097-bc5b-4eb5-bfc6-2487a18e48b8:192.168.30.10:35346], old=null, confs=<EMPTY_MAP>
2019-09-25 07:16:13,338 [pool-287-thread-1] INFO  server.RaftServerConfigKeys (ConfUtils.java:logGet(43)) - raft.server.storage.dir = [/workdir/hadoop-ozone/ozonefs/target/test-dir/MiniOzoneClusterImpl-27c41e8f-6b3c-4668-9f3b-45b0868fb4ff/datanode-1/data/ratis] (custom)
2019-09-25 07:16:13,338 [pool-287-thread-1] INFO  storage.RaftStorageDirectory (RaftStorageDirectory.java:analyzeStorage(246)) - The storage directory /workdir/hadoop-ozone/ozonefs/target/test-dir/MiniOzoneClusterImpl-27c41e8f-6b3c-4668-9f3b-45b0868fb4ff/datanode-1/data/ratis/bf6a244c-610a-4971-94d7-fb0dd7c78516 does not exist. Creating ...
2019-09-25 07:16:13,373 [pool-287-thread-1] INFO  storage.RaftStorageDirectory (RaftStorageDirectory.java:tryLock(328)) - Lock on /workdir/hadoop-ozone/ozonefs/target/test-dir/MiniOzoneClusterImpl-27c41e8f-6b3c-4668-9f3b-45b0868fb4ff/datanode-1/data/ratis/bf6a244c-610a-4971-94d7-fb0dd7c78516/in_use.lock acquired by nodename 12714@pr-hdds-1569-s62bp-3040748787
2019-09-25 07:16:13,386 [pool-287-thread-1] INFO  storage.RaftStorage (RaftStorage.java:format(72)) - Storage directory /workdir/hadoop-ozone/ozonefs/target/test-dir/MiniOzoneClusterImpl-27c41e8f-6b3c-4668-9f3b-45b0868fb4ff/datanode-1/data/ratis/bf6a244c-610a-4971-94d7-fb0dd7c78516 has been successfully formatted.
2019-09-25 07:16:13,386 [pool-287-thread-1] INFO  ratis.ContainerStateMachine (ContainerStateMachine.java:loadSnapshot(230)) - group-FB0DD7C78516: The snapshot info is null. Setting the last applied indexto:(t:0, i:~)
2019-09-25 07:16:13,386 [pool-287-thread-1] INFO  server.RaftServerConfigKeys (ConfUtils.java:logGet(43)) - raft.server.notification.no-leader.timeout = 120s (custom)
2019-09-25 07:16:13,387 [pool-287-thread-1] INFO  server.RaftServerConfigKeys (ConfUtils.java:logGet(43)) - raft.server.log.use.memory = false (default)
2019-09-25 07:16:13,387 [pool-287-thread-1] INFO  server.RaftServerConfigKeys (ConfUtils.java:logGet(43)) - raft.server.log.purge.gap = 1000000 (custom)
2019-09-25 07:16:13,387 [pool-287-thread-1] INFO  server.RaftServerConfigKeys (ConfUtils.java:logGet(43)) - raft.server.log.appender.buffer.byte-limit = 33554432 (custom)
2019-09-25 07:16:13,387 [pool-287-thread-1] INFO  server.RaftServerConfigKeys (ConfUtils.java:logGet(43)) - raft.server.log.segment.size.max = 1048576 (custom)
2019-09-25 07:16:13,387 [pool-287-thread-1] INFO  server.RaftServerConfigKeys (ConfUtils.java:logGet(43)) - raft.server.log.segment.cache.num.max = 2 (custom)
2019-09-25 07:16:13,387 [pool-287-thread-1] INFO  segmented.SegmentedRaftLogWorker (SegmentedRaftLogWorker.java:<init>(172)) - new b7ca5097-bc5b-4eb5-bfc6-2487a18e48b8@group-FB0DD7C78516-SegmentedRaftLogWorker for RaftStorage:Storage Directory /workdir/hadoop-ozone/ozonefs/target/test-dir/MiniOzoneClusterImpl-27c41e8f-6b3c-4668-9f3b-45b0868fb4ff/datanode-1/data/ratis/bf6a244c-610a-4971-94d7-fb0dd7c78516
2019-09-25 07:16:13,387 [pool-287-thread-1] INFO  server.RaftServerConfigKeys (ConfUtils.java:logGet(43)) - raft.server.log.queue.byte-limit = 2147483647 (custom)
2019-09-25 07:16:13,388 [pool-287-thread-1] INFO  server.RaftServerConfigKeys (ConfUtils.java:logGet(43)) - raft.server.log.queue.element-limit = 1024 (custom)
2019-09-25 07:16:13,388 [pool-287-thread-1] INFO  server.RaftServerConfigKeys (ConfUtils.java:logGet(43)) - raft.server.log.segment.size.max = 1048576 (custom)
2019-09-25 07:16:13,388 [pool-287-thread-1] INFO  server.RaftServerConfigKeys (ConfUtils.java:logGet(43)) - raft.server.log.preallocated.size = 16384 (custom)
2019-09-25 07:16:13,388 [pool-287-thread-1] INFO  server.RaftServerConfigKeys (ConfUtils.java:logGet(43)) - raft.server.log.write.buffer.size = 33554432 (custom)
2019-09-25 07:16:13,388 [pool-287-thread-1] INFO  server.RaftServerConfigKeys (ConfUtils.java:logGet(43)) - raft.server.log.force.sync.num = 128 (default)
2019-09-25 07:16:13,388 [pool-287-thread-1] INFO  server.RaftServerConfigKeys (ConfUtils.java:logGet(43)) - raft.server.log.statemachine.data.sync = true (default)
2019-09-25 07:16:13,388 [pool-287-thread-1] INFO  server.RaftServerConfigKeys (ConfUtils.java:logGet(43)) - raft.server.log.statemachine.data.sync.timeout = 10s (default)
2019-09-25 07:16:13,389 [pool-287-thread-1] INFO  server.RaftServerConfigKeys (ConfUtils.java:logGet(43)) - raft.server.log.statemachine.data.sync.timeout.retry = -1 (default)
2019-09-25 07:16:13,389 [pool-287-thread-1] INFO  server.RaftServerConfigKeys (ConfUtils.java:logGet(43)) - raft.server.log.statemachine.data.caching.enabled = true (custom)
2019-09-25 07:16:13,389 [pool-287-thread-1] INFO  segmented.SegmentedRaftLogWorker (SegmentedRaftLogWorker.java:lambda$new$0(132)) - b7ca5097-bc5b-4eb5-bfc6-2487a18e48b8@group-FB0DD7C78516-SegmentedRaftLogWorker: flushIndex: setUnconditionally 0 -> -1
2019-09-25 07:16:13,389 [pool-287-thread-1] INFO  server.RaftServerConfigKeys (ConfUtils.java:logGet(43)) - raft.server.snapshot.auto.trigger.enabled = true (custom)
2019-09-25 07:16:13,390 [pool-287-thread-1] INFO  server.RaftServerConfigKeys (ConfUtils.java:logGet(43)) - raft.server.snapshot.auto.trigger.threshold = 10000 (custom)
2019-09-25 07:16:13,390 [pool-287-thread-1] INFO  server.RaftServerConfigKeys (ConfUtils.java:logGet(43)) - raft.server.snapshot.retention.num.files = 5 (custom)
2019-09-25 07:16:13,390 [pool-287-thread-1] INFO  server.RaftServerConfigKeys (ConfUtils.java:logGet(43)) - raft.server.retrycache.expirytime = 600000ms (custom)
2019-09-25 07:16:13,392 [pool-287-thread-1] INFO  impl.RaftServerImpl (RaftServerImpl.java:start(185)) - b7ca5097-bc5b-4eb5-bfc6-2487a18e48b8@group-FB0DD7C78516: start as a follower, conf=-1: [b7ca5097-bc5b-4eb5-bfc6-2487a18e48b8:192.168.30.10:35346], old=null
2019-09-25 07:16:13,392 [pool-287-thread-1] INFO  impl.RaftServerImpl (RaftServerImpl.java:setRole(174)) - b7ca5097-bc5b-4eb5-bfc6-2487a18e48b8@group-FB0DD7C78516: changes role from      null to FOLLOWER at term 0 for startAsFollower
2019-09-25 07:16:13,392 [pool-287-thread-1] INFO  impl.RoleInfo (RoleInfo.java:updateAndGet(143)) - b7ca5097-bc5b-4eb5-bfc6-2487a18e48b8: start FollowerState
2019-09-25 07:16:13,392 [pool-287-thread-1] INFO  util.JmxRegister (JmxRegister.java:tryRegister(44)) - Successfully registered JMX Bean with object name Ratis:service=RaftServer,group=group-FB0DD7C78516,id=b7ca5097-bc5b-4eb5-bfc6-2487a18e48b8
2019-09-25 07:16:13,396 [RatisPipelineUtilsThread] INFO  pipeline.PipelineStateManager (PipelineStateManager.java:addPipeline(56)) - Created pipeline Pipeline[ Id: bf6a244c-610a-4971-94d7-fb0dd7c78516, Nodes: b7ca5097-bc5b-4eb5-bfc6-2487a18e48b8{ip: 192.168.30.10, host: pr-hdds-1569-s62bp-3040748787, networkLocation: /default-rack, certSerialId: null}, Type:RATIS, Factor:ONE, State:OPEN]
2019-09-25 07:16:13,402 [grpc-default-executor-0] INFO  impl.RaftServerProxy (RaftServerProxy.java:addNew(89)) - b7ca5097-bc5b-4eb5-bfc6-2487a18e48b8: addNew group-BAA95CD0F98E:[b7ca5097-bc5b-4eb5-bfc6-2487a18e48b8:192.168.30.10:35346] returns group-BAA95CD0F98E:java.util.concurrent.CompletableFuture@5daf36dd[Not completed]
2019-09-25 07:16:13,403 [pool-287-thread-1] INFO  impl.RaftServerImpl (RaftServerImpl.java:<init>(95)) - b7ca5097-bc5b-4eb5-bfc6-2487a18e48b8: new RaftServerImpl for group-BAA95CD0F98E:[b7ca5097-bc5b-4eb5-bfc6-2487a18e48b8:192.168.30.10:35346] with ContainerStateMachine:uninitialized
2019-09-25 07:16:13,403 [pool-287-thread-1] INFO  server.RaftServerConfigKeys (ConfUtils.java:logGet(43)) - raft.server.rpc.timeout.min = 5s (custom)
2019-09-25 07:16:13,403 [pool-287-thread-1] INFO  server.RaftServerConfigKeys (ConfUtils.java:logGet(43)) - raft.server.rpc.timeout.max = 5200ms (custom)
2019-09-25 07:16:13,403 [pool-287-thread-1] INFO  server.RaftServerConfigKeys (ConfUtils.java:logGet(43)) - raft.server.rpcslowness.timeout = 120s (custom)
2019-09-25 07:16:13,403 [pool-287-thread-1] INFO  server.RaftServerConfigKeys (ConfUtils.java:logGet(43)) - raft.server.sleep.deviation.threshold = 300 (default)
2019-09-25 07:16:13,403 [pool-287-thread-1] INFO  server.RaftServerConfigKeys (ConfUtils.java:logGet(43)) - raft.server.log.appender.install.snapshot.enabled = false (custom)
2019-09-25 07:16:13,404 [pool-287-thread-1] INFO  impl.RaftServerImpl (ServerState.java:<init>(103)) - b7ca5097-bc5b-4eb5-bfc6-2487a18e48b8@group-BAA95CD0F98E: ConfigurationManager, init=-1: [b7ca5097-bc5b-4eb5-bfc6-2487a18e48b8:192.168.30.10:35346], old=null, confs=<EMPTY_MAP>
2019-09-25 07:16:13,404 [pool-287-thread-1] INFO  server.RaftServerConfigKeys (ConfUtils.java:logGet(43)) - raft.server.storage.dir = [/workdir/hadoop-ozone/ozonefs/target/test-dir/MiniOzoneClusterImpl-27c41e8f-6b3c-4668-9f3b-45b0868fb4ff/datanode-1/data/ratis] (custom)
2019-09-25 07:16:13,404 [pool-287-thread-1] INFO  storage.RaftStorageDirectory (RaftStorageDirectory.java:analyzeStorage(246)) - The storage directory /workdir/hadoop-ozone/ozonefs/target/test-dir/MiniOzoneClusterImpl-27c41e8f-6b3c-4668-9f3b-45b0868fb4ff/datanode-1/data/ratis/b7d6d6b0-5ec5-47e4-97d4-baa95cd0f98e does not exist. Creating ...
2019-09-25 07:16:13,417 [pool-287-thread-1] INFO  storage.RaftStorageDirectory (RaftStorageDirectory.java:tryLock(328)) - Lock on /workdir/hadoop-ozone/ozonefs/target/test-dir/MiniOzoneClusterImpl-27c41e8f-6b3c-4668-9f3b-45b0868fb4ff/datanode-1/data/ratis/b7d6d6b0-5ec5-47e4-97d4-baa95cd0f98e/in_use.lock acquired by nodename 12714@pr-hdds-1569-s62bp-3040748787
2019-09-25 07:16:13,430 [pool-287-thread-1] INFO  storage.RaftStorage (RaftStorage.java:format(72)) - Storage directory /workdir/hadoop-ozone/ozonefs/target/test-dir/MiniOzoneClusterImpl-27c41e8f-6b3c-4668-9f3b-45b0868fb4ff/datanode-1/data/ratis/b7d6d6b0-5ec5-47e4-97d4-baa95cd0f98e has been successfully formatted.
2019-09-25 07:16:13,430 [pool-287-thread-1] INFO  ratis.ContainerStateMachine (ContainerStateMachine.java:loadSnapshot(230)) - group-BAA95CD0F98E: The snapshot info is null. Setting the last applied indexto:(t:0, i:~)
2019-09-25 07:16:13,431 [pool-287-thread-1] INFO  server.RaftServerConfigKeys (ConfUtils.java:logGet(43)) - raft.server.notification.no-leader.timeout = 120s (custom)
2019-09-25 07:16:13,431 [pool-287-thread-1] INFO  server.RaftServerConfigKeys (ConfUtils.java:logGet(43)) - raft.server.log.use.memory = false (default)
2019-09-25 07:16:13,431 [pool-287-thread-1] INFO  server.RaftServerConfigKeys (ConfUtils.java:logGet(43)) - raft.server.log.purge.gap = 1000000 (custom)
2019-09-25 07:16:13,431 [pool-287-thread-1] INFO  server.RaftServerConfigKeys (ConfUtils.java:logGet(43)) - raft.server.log.appender.buffer.byte-limit = 33554432 (custom)
2019-09-25 07:16:13,431 [pool-287-thread-1] INFO  server.RaftServerConfigKeys (ConfUtils.java:logGet(43)) - raft.server.log.segment.size.max = 1048576 (custom)
2019-09-25 07:16:13,431 [pool-287-thread-1] INFO  server.RaftServerConfigKeys (ConfUtils.java:logGet(43)) - raft.server.log.segment.cache.num.max = 2 (custom)
2019-09-25 07:16:13,431 [pool-287-thread-1] INFO  segmented.SegmentedRaftLogWorker (SegmentedRaftLogWorker.java:<init>(172)) - new b7ca5097-bc5b-4eb5-bfc6-2487a18e48b8@group-BAA95CD0F98E-SegmentedRaftLogWorker for RaftStorage:Storage Directory /workdir/hadoop-ozone/ozonefs/target/test-dir/MiniOzoneClusterImpl-27c41e8f-6b3c-4668-9f3b-45b0868fb4ff/datanode-1/data/ratis/b7d6d6b0-5ec5-47e4-97d4-baa95cd0f98e
2019-09-25 07:16:13,431 [pool-287-thread-1] INFO  server.RaftServerConfigKeys (ConfUtils.java:logGet(43)) - raft.server.log.queue.byte-limit = 2147483647 (custom)
2019-09-25 07:16:13,432 [pool-287-thread-1] INFO  server.RaftServerConfigKeys (ConfUtils.java:logGet(43)) - raft.server.log.queue.element-limit = 1024 (custom)
2019-09-25 07:16:13,432 [pool-287-thread-1] INFO  server.RaftServerConfigKeys (ConfUtils.java:logGet(43)) - raft.server.log.segment.size.max = 1048576 (custom)
2019-09-25 07:16:13,432 [pool-287-thread-1] INFO  server.RaftServerConfigKeys (ConfUtils.java:logGet(43)) - raft.server.log.preallocated.size = 16384 (custom)
2019-09-25 07:16:13,432 [pool-287-thread-1] INFO  server.RaftServerConfigKeys (ConfUtils.java:logGet(43)) - raft.server.log.write.buffer.size = 33554432 (custom)
2019-09-25 07:16:13,432 [pool-287-thread-1] INFO  server.RaftServerConfigKeys (ConfUtils.java:logGet(43)) - raft.server.log.force.sync.num = 128 (default)
2019-09-25 07:16:13,432 [pool-287-thread-1] INFO  server.RaftServerConfigKeys (ConfUtils.java:logGet(43)) - raft.server.log.statemachine.data.sync = true (default)
2019-09-25 07:16:13,432 [pool-287-thread-1] INFO  server.RaftServerConfigKeys (ConfUtils.java:logGet(43)) - raft.server.log.statemachine.data.sync.timeout = 10s (default)
2019-09-25 07:16:13,432 [pool-287-thread-1] INFO  server.RaftServerConfigKeys (ConfUtils.java:logGet(43)) - raft.server.log.statemachine.data.sync.timeout.retry = -1 (default)
2019-09-25 07:16:13,433 [pool-287-thread-1] INFO  server.RaftServerConfigKeys (ConfUtils.java:logGet(43)) - raft.server.log.statemachine.data.caching.enabled = true (custom)
2019-09-25 07:16:13,433 [pool-287-thread-1] INFO  segmented.SegmentedRaftLogWorker (SegmentedRaftLogWorker.java:lambda$new$0(132)) - b7ca5097-bc5b-4eb5-bfc6-2487a18e48b8@group-BAA95CD0F98E-SegmentedRaftLogWorker: flushIndex: setUnconditionally 0 -> -1
2019-09-25 07:16:13,433 [pool-287-thread-1] INFO  server.RaftServerConfigKeys (ConfUtils.java:logGet(43)) - raft.server.snapshot.auto.trigger.enabled = true (custom)
2019-09-25 07:16:13,433 [pool-287-thread-1] INFO  server.RaftServerConfigKeys (ConfUtils.java:logGet(43)) - raft.server.snapshot.auto.trigger.threshold = 10000 (custom)
2019-09-25 07:16:13,433 [pool-287-thread-1] INFO  server.RaftServerConfigKeys (ConfUtils.java:logGet(43)) - raft.server.snapshot.retention.num.files = 5 (custom)
2019-09-25 07:16:13,434 [pool-287-thread-1] INFO  server.RaftServerConfigKeys (ConfUtils.java:logGet(43)) - raft.server.retrycache.expirytime = 600000ms (custom)
2019-09-25 07:16:13,435 [pool-287-thread-1] INFO  impl.RaftServerImpl (RaftServerImpl.java:start(185)) - b7ca5097-bc5b-4eb5-bfc6-2487a18e48b8@group-BAA95CD0F98E: start as a follower, conf=-1: [b7ca5097-bc5b-4eb5-bfc6-2487a18e48b8:192.168.30.10:35346], old=null
2019-09-25 07:16:13,435 [pool-287-thread-1] INFO  impl.RaftServerImpl (RaftServerImpl.java:setRole(174)) - b7ca5097-bc5b-4eb5-bfc6-2487a18e48b8@group-BAA95CD0F98E: changes role from      null to FOLLOWER at term 0 for startAsFollower
2019-09-25 07:16:13,436 [pool-287-thread-1] INFO  impl.RoleInfo (RoleInfo.java:updateAndGet(143)) - b7ca5097-bc5b-4eb5-bfc6-2487a18e48b8: start FollowerState
2019-09-25 07:16:13,436 [pool-287-thread-1] INFO  util.JmxRegister (JmxRegister.java:tryRegister(44)) - Successfully registered JMX Bean with object name Ratis:service=RaftServer,group=group-BAA95CD0F98E,id=b7ca5097-bc5b-4eb5-bfc6-2487a18e48b8
2019-09-25 07:16:13,439 [RatisPipelineUtilsThread] INFO  pipeline.PipelineStateManager (PipelineStateManager.java:addPipeline(56)) - Created pipeline Pipeline[ Id: b7d6d6b0-5ec5-47e4-97d4-baa95cd0f98e, Nodes: b7ca5097-bc5b-4eb5-bfc6-2487a18e48b8{ip: 192.168.30.10, host: pr-hdds-1569-s62bp-3040748787, networkLocation: /default-rack, certSerialId: null}, Type:RATIS, Factor:ONE, State:OPEN]
2019-09-25 07:16:13,445 [grpc-default-executor-0] INFO  impl.RaftServerProxy (RaftServerProxy.java:addNew(89)) - b7ca5097-bc5b-4eb5-bfc6-2487a18e48b8: addNew group-CE2726274A0A:[b7ca5097-bc5b-4eb5-bfc6-2487a18e48b8:192.168.30.10:35346] returns group-CE2726274A0A:java.util.concurrent.CompletableFuture@6ce8b2ea[Not completed]
2019-09-25 07:16:13,446 [pool-287-thread-1] INFO  impl.RaftServerImpl (RaftServerImpl.java:<init>(95)) - b7ca5097-bc5b-4eb5-bfc6-2487a18e48b8: new RaftServerImpl for group-CE2726274A0A:[b7ca5097-bc5b-4eb5-bfc6-2487a18e48b8:192.168.30.10:35346] with ContainerStateMachine:uninitialized
2019-09-25 07:16:13,446 [pool-287-thread-1] INFO  server.RaftServerConfigKeys (ConfUtils.java:logGet(43)) - raft.server.rpc.timeout.min = 5s (custom)
2019-09-25 07:16:13,446 [pool-287-thread-1] INFO  server.RaftServerConfigKeys (ConfUtils.java:logGet(43)) - raft.server.rpc.timeout.max = 5200ms (custom)
2019-09-25 07:16:13,446 [pool-287-thread-1] INFO  server.RaftServerConfigKeys (ConfUtils.java:logGet(43)) - raft.server.rpcslowness.timeout = 120s (custom)
2019-09-25 07:16:13,447 [pool-287-thread-1] INFO  server.RaftServerConfigKeys (ConfUtils.java:logGet(43)) - raft.server.sleep.deviation.threshold = 300 (default)
2019-09-25 07:16:13,447 [pool-287-thread-1] INFO  server.RaftServerConfigKeys (ConfUtils.java:logGet(43)) - raft.server.log.appender.install.snapshot.enabled = false (custom)
2019-09-25 07:16:13,447 [pool-287-thread-1] INFO  impl.RaftServerImpl (ServerState.java:<init>(103)) - b7ca5097-bc5b-4eb5-bfc6-2487a18e48b8@group-CE2726274A0A: ConfigurationManager, init=-1: [b7ca5097-bc5b-4eb5-bfc6-2487a18e48b8:192.168.30.10:35346], old=null, confs=<EMPTY_MAP>
2019-09-25 07:16:13,447 [pool-287-thread-1] INFO  server.RaftServerConfigKeys (ConfUtils.java:logGet(43)) - raft.server.storage.dir = [/workdir/hadoop-ozone/ozonefs/target/test-dir/MiniOzoneClusterImpl-27c41e8f-6b3c-4668-9f3b-45b0868fb4ff/datanode-1/data/ratis] (custom)
2019-09-25 07:16:13,447 [pool-287-thread-1] INFO  storage.RaftStorageDirectory (RaftStorageDirectory.java:analyzeStorage(246)) - The storage directory /workdir/hadoop-ozone/ozonefs/target/test-dir/MiniOzoneClusterImpl-27c41e8f-6b3c-4668-9f3b-45b0868fb4ff/datanode-1/data/ratis/03dca8da-74d2-41d0-9b59-ce2726274a0a does not exist. Creating ...
2019-09-25 07:16:13,470 [pool-287-thread-1] INFO  storage.RaftStorageDirectory (RaftStorageDirectory.java:tryLock(328)) - Lock on /workdir/hadoop-ozone/ozonefs/target/test-dir/MiniOzoneClusterImpl-27c41e8f-6b3c-4668-9f3b-45b0868fb4ff/datanode-1/data/ratis/03dca8da-74d2-41d0-9b59-ce2726274a0a/in_use.lock acquired by nodename 12714@pr-hdds-1569-s62bp-3040748787
2019-09-25 07:16:13,483 [pool-287-thread-1] INFO  storage.RaftStorage (RaftStorage.java:format(72)) - Storage directory /workdir/hadoop-ozone/ozonefs/target/test-dir/MiniOzoneClusterImpl-27c41e8f-6b3c-4668-9f3b-45b0868fb4ff/datanode-1/data/ratis/03dca8da-74d2-41d0-9b59-ce2726274a0a has been successfully formatted.
2019-09-25 07:16:13,483 [pool-287-thread-1] INFO  ratis.ContainerStateMachine (ContainerStateMachine.java:loadSnapshot(230)) - group-CE2726274A0A: The snapshot info is null. Setting the last applied indexto:(t:0, i:~)
2019-09-25 07:16:13,484 [pool-287-thread-1] INFO  server.RaftServerConfigKeys (ConfUtils.java:logGet(43)) - raft.server.notification.no-leader.timeout = 120s (custom)
2019-09-25 07:16:13,484 [pool-287-thread-1] INFO  server.RaftServerConfigKeys (ConfUtils.java:logGet(43)) - raft.server.log.use.memory = false (default)
2019-09-25 07:16:13,484 [pool-287-thread-1] INFO  server.RaftServerConfigKeys (ConfUtils.java:logGet(43)) - raft.server.log.purge.gap = 1000000 (custom)
2019-09-25 07:16:13,484 [pool-287-thread-1] INFO  server.RaftServerConfigKeys (ConfUtils.java:logGet(43)) - raft.server.log.appender.buffer.byte-limit = 33554432 (custom)
2019-09-25 07:16:13,484 [pool-287-thread-1] INFO  server.RaftServerConfigKeys (ConfUtils.java:logGet(43)) - raft.server.log.segment.size.max = 1048576 (custom)
2019-09-25 07:16:13,484 [pool-287-thread-1] INFO  server.RaftServerConfigKeys (ConfUtils.java:logGet(43)) - raft.server.log.segment.cache.num.max = 2 (custom)
2019-09-25 07:16:13,484 [pool-287-thread-1] INFO  segmented.SegmentedRaftLogWorker (SegmentedRaftLogWorker.java:<init>(172)) - new b7ca5097-bc5b-4eb5-bfc6-2487a18e48b8@group-CE2726274A0A-SegmentedRaftLogWorker for RaftStorage:Storage Directory /workdir/hadoop-ozone/ozonefs/target/test-dir/MiniOzoneClusterImpl-27c41e8f-6b3c-4668-9f3b-45b0868fb4ff/datanode-1/data/ratis/03dca8da-74d2-41d0-9b59-ce2726274a0a
2019-09-25 07:16:13,484 [pool-287-thread-1] INFO  server.RaftServerConfigKeys (ConfUtils.java:logGet(43)) - raft.server.log.queue.byte-limit = 2147483647 (custom)
2019-09-25 07:16:13,484 [pool-287-thread-1] INFO  server.RaftServerConfigKeys (ConfUtils.java:logGet(43)) - raft.server.log.queue.element-limit = 1024 (custom)
2019-09-25 07:16:13,485 [pool-287-thread-1] INFO  server.RaftServerConfigKeys (ConfUtils.java:logGet(43)) - raft.server.log.segment.size.max = 1048576 (custom)
2019-09-25 07:16:13,485 [pool-287-thread-1] INFO  server.RaftServerConfigKeys (ConfUtils.java:logGet(43)) - raft.server.log.preallocated.size = 16384 (custom)
2019-09-25 07:16:13,485 [pool-287-thread-1] INFO  server.RaftServerConfigKeys (ConfUtils.java:logGet(43)) - raft.server.log.write.buffer.size = 33554432 (custom)
2019-09-25 07:16:13,485 [pool-287-thread-1] INFO  server.RaftServerConfigKeys (ConfUtils.java:logGet(43)) - raft.server.log.force.sync.num = 128 (default)
2019-09-25 07:16:13,485 [pool-287-thread-1] INFO  server.RaftServerConfigKeys (ConfUtils.java:logGet(43)) - raft.server.log.statemachine.data.sync = true (default)
2019-09-25 07:16:13,485 [pool-287-thread-1] INFO  server.RaftServerConfigKeys (ConfUtils.java:logGet(43)) - raft.server.log.statemachine.data.sync.timeout = 10s (default)
2019-09-25 07:16:13,485 [pool-287-thread-1] INFO  server.RaftServerConfigKeys (ConfUtils.java:logGet(43)) - raft.server.log.statemachine.data.sync.timeout.retry = -1 (default)
2019-09-25 07:16:13,485 [pool-287-thread-1] INFO  server.RaftServerConfigKeys (ConfUtils.java:logGet(43)) - raft.server.log.statemachine.data.caching.enabled = true (custom)
2019-09-25 07:16:13,486 [pool-287-thread-1] INFO  segmented.SegmentedRaftLogWorker (SegmentedRaftLogWorker.java:lambda$new$0(132)) - b7ca5097-bc5b-4eb5-bfc6-2487a18e48b8@group-CE2726274A0A-SegmentedRaftLogWorker: flushIndex: setUnconditionally 0 -> -1
2019-09-25 07:16:13,486 [pool-287-thread-1] INFO  server.RaftServerConfigKeys (ConfUtils.java:logGet(43)) - raft.server.snapshot.auto.trigger.enabled = true (custom)
2019-09-25 07:16:13,486 [pool-287-thread-1] INFO  server.RaftServerConfigKeys (ConfUtils.java:logGet(43)) - raft.server.snapshot.auto.trigger.threshold = 10000 (custom)
2019-09-25 07:16:13,486 [pool-287-thread-1] INFO  server.RaftServerConfigKeys (ConfUtils.java:logGet(43)) - raft.server.snapshot.retention.num.files = 5 (custom)
2019-09-25 07:16:13,486 [pool-287-thread-1] INFO  server.RaftServerConfigKeys (ConfUtils.java:logGet(43)) - raft.server.retrycache.expirytime = 600000ms (custom)
2019-09-25 07:16:13,488 [pool-287-thread-1] INFO  impl.RaftServerImpl (RaftServerImpl.java:start(185)) - b7ca5097-bc5b-4eb5-bfc6-2487a18e48b8@group-CE2726274A0A: start as a follower, conf=-1: [b7ca5097-bc5b-4eb5-bfc6-2487a18e48b8:192.168.30.10:35346], old=null
2019-09-25 07:16:13,488 [pool-287-thread-1] INFO  impl.RaftServerImpl (RaftServerImpl.java:setRole(174)) - b7ca5097-bc5b-4eb5-bfc6-2487a18e48b8@group-CE2726274A0A: changes role from      null to FOLLOWER at term 0 for startAsFollower
2019-09-25 07:16:13,488 [pool-287-thread-1] INFO  impl.RoleInfo (RoleInfo.java:updateAndGet(143)) - b7ca5097-bc5b-4eb5-bfc6-2487a18e48b8: start FollowerState
2019-09-25 07:16:13,488 [pool-287-thread-1] INFO  util.JmxRegister (JmxRegister.java:tryRegister(44)) - Successfully registered JMX Bean with object name Ratis:service=RaftServer,group=group-CE2726274A0A,id=b7ca5097-bc5b-4eb5-bfc6-2487a18e48b8
2019-09-25 07:16:13,491 [RatisPipelineUtilsThread] INFO  pipeline.PipelineStateManager (PipelineStateManager.java:addPipeline(56)) - Created pipeline Pipeline[ Id: 03dca8da-74d2-41d0-9b59-ce2726274a0a, Nodes: b7ca5097-bc5b-4eb5-bfc6-2487a18e48b8{ip: 192.168.30.10, host: pr-hdds-1569-s62bp-3040748787, networkLocation: /default-rack, certSerialId: null}, Type:RATIS, Factor:ONE, State:OPEN]
2019-09-25 07:16:13,497 [grpc-default-executor-0] INFO  impl.RaftServerProxy (RaftServerProxy.java:addNew(89)) - a073c3ef-49bb-4c5b-b895-835368f9c221: addNew group-5512EFDBA172:[a073c3ef-49bb-4c5b-b895-835368f9c221:192.168.30.10:46476] returns group-5512EFDBA172:java.util.concurrent.CompletableFuture@276afaae[Not completed]
2019-09-25 07:16:13,498 [pool-277-thread-1] INFO  impl.RaftServerImpl (RaftServerImpl.java:<init>(95)) - a073c3ef-49bb-4c5b-b895-835368f9c221: new RaftServerImpl for group-5512EFDBA172:[a073c3ef-49bb-4c5b-b895-835368f9c221:192.168.30.10:46476] with ContainerStateMachine:uninitialized
2019-09-25 07:16:13,498 [pool-277-thread-1] INFO  server.RaftServerConfigKeys (ConfUtils.java:logGet(43)) - raft.server.rpc.timeout.min = 5s (custom)
2019-09-25 07:16:13,498 [pool-277-thread-1] INFO  server.RaftServerConfigKeys (ConfUtils.java:logGet(43)) - raft.server.rpc.timeout.max = 5200ms (custom)
2019-09-25 07:16:13,498 [pool-277-thread-1] INFO  server.RaftServerConfigKeys (ConfUtils.java:logGet(43)) - raft.server.rpcslowness.timeout = 120s (custom)
2019-09-25 07:16:13,498 [pool-277-thread-1] INFO  server.RaftServerConfigKeys (ConfUtils.java:logGet(43)) - raft.server.sleep.deviation.threshold = 300 (default)
2019-09-25 07:16:13,499 [pool-277-thread-1] INFO  server.RaftServerConfigKeys (ConfUtils.java:logGet(43)) - raft.server.log.appender.install.snapshot.enabled = false (custom)
2019-09-25 07:16:13,499 [pool-277-thread-1] INFO  impl.RaftServerImpl (ServerState.java:<init>(103)) - a073c3ef-49bb-4c5b-b895-835368f9c221@group-5512EFDBA172: ConfigurationManager, init=-1: [a073c3ef-49bb-4c5b-b895-835368f9c221:192.168.30.10:46476], old=null, confs=<EMPTY_MAP>
2019-09-25 07:16:13,499 [pool-277-thread-1] INFO  server.RaftServerConfigKeys (ConfUtils.java:logGet(43)) - raft.server.storage.dir = [/workdir/hadoop-ozone/ozonefs/target/test-dir/MiniOzoneClusterImpl-27c41e8f-6b3c-4668-9f3b-45b0868fb4ff/datanode-0/data/ratis] (custom)
2019-09-25 07:16:13,499 [pool-277-thread-1] INFO  storage.RaftStorageDirectory (RaftStorageDirectory.java:analyzeStorage(246)) - The storage directory /workdir/hadoop-ozone/ozonefs/target/test-dir/MiniOzoneClusterImpl-27c41e8f-6b3c-4668-9f3b-45b0868fb4ff/datanode-0/data/ratis/622a7d82-248f-4904-ad15-5512efdba172 does not exist. Creating ...
2019-09-25 07:16:13,514 [pool-277-thread-1] INFO  storage.RaftStorageDirectory (RaftStorageDirectory.java:tryLock(328)) - Lock on /workdir/hadoop-ozone/ozonefs/target/test-dir/MiniOzoneClusterImpl-27c41e8f-6b3c-4668-9f3b-45b0868fb4ff/datanode-0/data/ratis/622a7d82-248f-4904-ad15-5512efdba172/in_use.lock acquired by nodename 12714@pr-hdds-1569-s62bp-3040748787
2019-09-25 07:16:13,527 [pool-277-thread-1] INFO  storage.RaftStorage (RaftStorage.java:format(72)) - Storage directory /workdir/hadoop-ozone/ozonefs/target/test-dir/MiniOzoneClusterImpl-27c41e8f-6b3c-4668-9f3b-45b0868fb4ff/datanode-0/data/ratis/622a7d82-248f-4904-ad15-5512efdba172 has been successfully formatted.
2019-09-25 07:16:13,527 [pool-277-thread-1] INFO  ratis.ContainerStateMachine (ContainerStateMachine.java:loadSnapshot(230)) - group-5512EFDBA172: The snapshot info is null. Setting the last applied indexto:(t:0, i:~)
2019-09-25 07:16:13,527 [pool-277-thread-1] INFO  server.RaftServerConfigKeys (ConfUtils.java:logGet(43)) - raft.server.notification.no-leader.timeout = 120s (custom)
2019-09-25 07:16:13,528 [pool-277-thread-1] INFO  server.RaftServerConfigKeys (ConfUtils.java:logGet(43)) - raft.server.log.use.memory = false (default)
2019-09-25 07:16:13,528 [pool-277-thread-1] INFO  server.RaftServerConfigKeys (ConfUtils.java:logGet(43)) - raft.server.log.purge.gap = 1000000 (custom)
2019-09-25 07:16:13,528 [pool-277-thread-1] INFO  server.RaftServerConfigKeys (ConfUtils.java:logGet(43)) - raft.server.log.appender.buffer.byte-limit = 33554432 (custom)
2019-09-25 07:16:13,528 [pool-277-thread-1] INFO  server.RaftServerConfigKeys (ConfUtils.java:logGet(43)) - raft.server.log.segment.size.max = 1048576 (custom)
2019-09-25 07:16:13,528 [pool-277-thread-1] INFO  server.RaftServerConfigKeys (ConfUtils.java:logGet(43)) - raft.server.log.segment.cache.num.max = 2 (custom)
2019-09-25 07:16:13,528 [pool-277-thread-1] INFO  segmented.SegmentedRaftLogWorker (SegmentedRaftLogWorker.java:<init>(172)) - new a073c3ef-49bb-4c5b-b895-835368f9c221@group-5512EFDBA172-SegmentedRaftLogWorker for RaftStorage:Storage Directory /workdir/hadoop-ozone/ozonefs/target/test-dir/MiniOzoneClusterImpl-27c41e8f-6b3c-4668-9f3b-45b0868fb4ff/datanode-0/data/ratis/622a7d82-248f-4904-ad15-5512efdba172
2019-09-25 07:16:13,529 [pool-277-thread-1] INFO  server.RaftServerConfigKeys (ConfUtils.java:logGet(43)) - raft.server.log.queue.byte-limit = 2147483647 (custom)
2019-09-25 07:16:13,529 [pool-277-thread-1] INFO  server.RaftServerConfigKeys (ConfUtils.java:logGet(43)) - raft.server.log.queue.element-limit = 1024 (custom)
2019-09-25 07:16:13,529 [pool-277-thread-1] INFO  server.RaftServerConfigKeys (ConfUtils.java:logGet(43)) - raft.server.log.segment.size.max = 1048576 (custom)
2019-09-25 07:16:13,529 [pool-277-thread-1] INFO  server.RaftServerConfigKeys (ConfUtils.java:logGet(43)) - raft.server.log.preallocated.size = 16384 (custom)
2019-09-25 07:16:13,529 [pool-277-thread-1] INFO  server.RaftServerConfigKeys (ConfUtils.java:logGet(43)) - raft.server.log.write.buffer.size = 33554432 (custom)
2019-09-25 07:16:13,529 [pool-277-thread-1] INFO  server.RaftServerConfigKeys (ConfUtils.java:logGet(43)) - raft.server.log.force.sync.num = 128 (default)
2019-09-25 07:16:13,529 [pool-277-thread-1] INFO  server.RaftServerConfigKeys (ConfUtils.java:logGet(43)) - raft.server.log.statemachine.data.sync = true (default)
2019-09-25 07:16:13,529 [pool-277-thread-1] INFO  server.RaftServerConfigKeys (ConfUtils.java:logGet(43)) - raft.server.log.statemachine.data.sync.timeout = 10s (default)
2019-09-25 07:16:13,530 [pool-277-thread-1] INFO  server.RaftServerConfigKeys (ConfUtils.java:logGet(43)) - raft.server.log.statemachine.data.sync.timeout.retry = -1 (default)
2019-09-25 07:16:13,530 [pool-277-thread-1] INFO  server.RaftServerConfigKeys (ConfUtils.java:logGet(43)) - raft.server.log.statemachine.data.caching.enabled = true (custom)
2019-09-25 07:16:13,530 [pool-277-thread-1] INFO  segmented.SegmentedRaftLogWorker (SegmentedRaftLogWorker.java:lambda$new$0(132)) - a073c3ef-49bb-4c5b-b895-835368f9c221@group-5512EFDBA172-SegmentedRaftLogWorker: flushIndex: setUnconditionally 0 -> -1
2019-09-25 07:16:13,531 [pool-277-thread-1] INFO  server.RaftServerConfigKeys (ConfUtils.java:logGet(43)) - raft.server.snapshot.auto.trigger.enabled = true (custom)
2019-09-25 07:16:13,531 [pool-277-thread-1] INFO  server.RaftServerConfigKeys (ConfUtils.java:logGet(43)) - raft.server.snapshot.auto.trigger.threshold = 10000 (custom)
2019-09-25 07:16:13,531 [pool-277-thread-1] INFO  server.RaftServerConfigKeys (ConfUtils.java:logGet(43)) - raft.server.snapshot.retention.num.files = 5 (custom)
2019-09-25 07:16:13,531 [pool-277-thread-1] INFO  server.RaftServerConfigKeys (ConfUtils.java:logGet(43)) - raft.server.retrycache.expirytime = 600000ms (custom)
2019-09-25 07:16:13,533 [pool-277-thread-1] INFO  impl.RaftServerImpl (RaftServerImpl.java:start(185)) - a073c3ef-49bb-4c5b-b895-835368f9c221@group-5512EFDBA172: start as a follower, conf=-1: [a073c3ef-49bb-4c5b-b895-835368f9c221:192.168.30.10:46476], old=null
2019-09-25 07:16:13,533 [pool-277-thread-1] INFO  impl.RaftServerImpl (RaftServerImpl.java:setRole(174)) - a073c3ef-49bb-4c5b-b895-835368f9c221@group-5512EFDBA172: changes role from      null to FOLLOWER at term 0 for startAsFollower
2019-09-25 07:16:13,533 [pool-277-thread-1] INFO  impl.RoleInfo (RoleInfo.java:updateAndGet(143)) - a073c3ef-49bb-4c5b-b895-835368f9c221: start FollowerState
2019-09-25 07:16:13,534 [pool-277-thread-1] INFO  util.JmxRegister (JmxRegister.java:tryRegister(44)) - Successfully registered JMX Bean with object name Ratis:service=RaftServer,group=group-5512EFDBA172,id=a073c3ef-49bb-4c5b-b895-835368f9c221
2019-09-25 07:16:13,537 [RatisPipelineUtilsThread] INFO  pipeline.PipelineStateManager (PipelineStateManager.java:addPipeline(56)) - Created pipeline Pipeline[ Id: 622a7d82-248f-4904-ad15-5512efdba172, Nodes: a073c3ef-49bb-4c5b-b895-835368f9c221{ip: 192.168.30.10, host: pr-hdds-1569-s62bp-3040748787, networkLocation: /default-rack, certSerialId: null}, Type:RATIS, Factor:ONE, State:OPEN]
2019-09-25 07:16:13,537 [RatisPipelineUtilsThread] INFO  pipeline.PipelinePlacementPolicy (PipelinePlacementPolicy.java:meetCriteria(91)) - Pipeline Placement: Doesn't meet the criteria to be viable node： a073c3ef-49bb-4c5b-b895-835368f9c221 Heaviness: 6 limit: 5
2019-09-25 07:16:13,545 [grpc-default-executor-0] INFO  impl.RaftServerProxy (RaftServerProxy.java:addNew(89)) - cb908934-9a93-428c-b1bf-b5dcd51b5616: addNew group-7BB77C86EE54:[cb908934-9a93-428c-b1bf-b5dcd51b5616:192.168.30.10:34471] returns group-7BB77C86EE54:java.util.concurrent.CompletableFuture@658032b6[Not completed]
2019-09-25 07:16:13,546 [pool-297-thread-1] INFO  impl.RaftServerImpl (RaftServerImpl.java:<init>(95)) - cb908934-9a93-428c-b1bf-b5dcd51b5616: new RaftServerImpl for group-7BB77C86EE54:[cb908934-9a93-428c-b1bf-b5dcd51b5616:192.168.30.10:34471] with ContainerStateMachine:uninitialized
2019-09-25 07:16:13,547 [pool-297-thread-1] INFO  server.RaftServerConfigKeys (ConfUtils.java:logGet(43)) - raft.server.rpc.timeout.min = 5s (custom)
2019-09-25 07:16:13,547 [pool-297-thread-1] INFO  server.RaftServerConfigKeys (ConfUtils.java:logGet(43)) - raft.server.rpc.timeout.max = 5200ms (custom)
2019-09-25 07:16:13,547 [pool-297-thread-1] INFO  server.RaftServerConfigKeys (ConfUtils.java:logGet(43)) - raft.server.rpcslowness.timeout = 120s (custom)
2019-09-25 07:16:13,547 [pool-297-thread-1] INFO  server.RaftServerConfigKeys (ConfUtils.java:logGet(43)) - raft.server.sleep.deviation.threshold = 300 (default)
2019-09-25 07:16:13,547 [pool-297-thread-1] INFO  server.RaftServerConfigKeys (ConfUtils.java:logGet(43)) - raft.server.log.appender.install.snapshot.enabled = false (custom)
2019-09-25 07:16:13,547 [pool-297-thread-1] INFO  impl.RaftServerImpl (ServerState.java:<init>(103)) - cb908934-9a93-428c-b1bf-b5dcd51b5616@group-7BB77C86EE54: ConfigurationManager, init=-1: [cb908934-9a93-428c-b1bf-b5dcd51b5616:192.168.30.10:34471], old=null, confs=<EMPTY_MAP>
2019-09-25 07:16:13,547 [pool-297-thread-1] INFO  server.RaftServerConfigKeys (ConfUtils.java:logGet(43)) - raft.server.storage.dir = [/workdir/hadoop-ozone/ozonefs/target/test-dir/MiniOzoneClusterImpl-27c41e8f-6b3c-4668-9f3b-45b0868fb4ff/datanode-2/data/ratis] (custom)
2019-09-25 07:16:13,548 [pool-297-thread-1] INFO  storage.RaftStorageDirectory (RaftStorageDirectory.java:analyzeStorage(246)) - The storage directory /workdir/hadoop-ozone/ozonefs/target/test-dir/MiniOzoneClusterImpl-27c41e8f-6b3c-4668-9f3b-45b0868fb4ff/datanode-2/data/ratis/154b1d20-8b59-491a-bce2-7bb77c86ee54 does not exist. Creating ...
2019-09-25 07:16:13,561 [pool-297-thread-1] INFO  storage.RaftStorageDirectory (RaftStorageDirectory.java:tryLock(328)) - Lock on /workdir/hadoop-ozone/ozonefs/target/test-dir/MiniOzoneClusterImpl-27c41e8f-6b3c-4668-9f3b-45b0868fb4ff/datanode-2/data/ratis/154b1d20-8b59-491a-bce2-7bb77c86ee54/in_use.lock acquired by nodename 12714@pr-hdds-1569-s62bp-3040748787
2019-09-25 07:16:13,574 [pool-297-thread-1] INFO  storage.RaftStorage (RaftStorage.java:format(72)) - Storage directory /workdir/hadoop-ozone/ozonefs/target/test-dir/MiniOzoneClusterImpl-27c41e8f-6b3c-4668-9f3b-45b0868fb4ff/datanode-2/data/ratis/154b1d20-8b59-491a-bce2-7bb77c86ee54 has been successfully formatted.
2019-09-25 07:16:13,574 [pool-297-thread-1] INFO  ratis.ContainerStateMachine (ContainerStateMachine.java:loadSnapshot(230)) - group-7BB77C86EE54: The snapshot info is null. Setting the last applied indexto:(t:0, i:~)
2019-09-25 07:16:13,575 [pool-297-thread-1] INFO  server.RaftServerConfigKeys (ConfUtils.java:logGet(43)) - raft.server.notification.no-leader.timeout = 120s (custom)
2019-09-25 07:16:13,575 [pool-297-thread-1] INFO  server.RaftServerConfigKeys (ConfUtils.java:logGet(43)) - raft.server.log.use.memory = false (default)
2019-09-25 07:16:13,575 [pool-297-thread-1] INFO  server.RaftServerConfigKeys (ConfUtils.java:logGet(43)) - raft.server.log.purge.gap = 1000000 (custom)
2019-09-25 07:16:13,575 [pool-297-thread-1] INFO  server.RaftServerConfigKeys (ConfUtils.java:logGet(43)) - raft.server.log.appender.buffer.byte-limit = 33554432 (custom)
2019-09-25 07:16:13,575 [pool-297-thread-1] INFO  server.RaftServerConfigKeys (ConfUtils.java:logGet(43)) - raft.server.log.segment.size.max = 1048576 (custom)
2019-09-25 07:16:13,575 [pool-297-thread-1] INFO  server.RaftServerConfigKeys (ConfUtils.java:logGet(43)) - raft.server.log.segment.cache.num.max = 2 (custom)
2019-09-25 07:16:13,575 [pool-297-thread-1] INFO  segmented.SegmentedRaftLogWorker (SegmentedRaftLogWorker.java:<init>(172)) - new cb908934-9a93-428c-b1bf-b5dcd51b5616@group-7BB77C86EE54-SegmentedRaftLogWorker for RaftStorage:Storage Directory /workdir/hadoop-ozone/ozonefs/target/test-dir/MiniOzoneClusterImpl-27c41e8f-6b3c-4668-9f3b-45b0868fb4ff/datanode-2/data/ratis/154b1d20-8b59-491a-bce2-7bb77c86ee54
2019-09-25 07:16:13,578 [pool-297-thread-1] INFO  server.RaftServerConfigKeys (ConfUtils.java:logGet(43)) - raft.server.log.queue.byte-limit = 2147483647 (custom)
2019-09-25 07:16:13,578 [pool-297-thread-1] INFO  server.RaftServerConfigKeys (ConfUtils.java:logGet(43)) - raft.server.log.queue.element-limit = 1024 (custom)
2019-09-25 07:16:13,578 [pool-297-thread-1] INFO  server.RaftServerConfigKeys (ConfUtils.java:logGet(43)) - raft.server.log.segment.size.max = 1048576 (custom)
2019-09-25 07:16:13,579 [pool-297-thread-1] INFO  server.RaftServerConfigKeys (ConfUtils.java:logGet(43)) - raft.server.log.preallocated.size = 16384 (custom)
2019-09-25 07:16:13,579 [pool-297-thread-1] INFO  server.RaftServerConfigKeys (ConfUtils.java:logGet(43)) - raft.server.log.write.buffer.size = 33554432 (custom)
2019-09-25 07:16:13,579 [pool-297-thread-1] INFO  server.RaftServerConfigKeys (ConfUtils.java:logGet(43)) - raft.server.log.force.sync.num = 128 (default)
2019-09-25 07:16:13,579 [pool-297-thread-1] INFO  server.RaftServerConfigKeys (ConfUtils.java:logGet(43)) - raft.server.log.statemachine.data.sync = true (default)
2019-09-25 07:16:13,579 [pool-297-thread-1] INFO  server.RaftServerConfigKeys (ConfUtils.java:logGet(43)) - raft.server.log.statemachine.data.sync.timeout = 10s (default)
2019-09-25 07:16:13,579 [pool-297-thread-1] INFO  server.RaftServerConfigKeys (ConfUtils.java:logGet(43)) - raft.server.log.statemachine.data.sync.timeout.retry = -1 (default)
2019-09-25 07:16:13,580 [pool-297-thread-1] INFO  server.RaftServerConfigKeys (ConfUtils.java:logGet(43)) - raft.server.log.statemachine.data.caching.enabled = true (custom)
2019-09-25 07:16:13,580 [pool-297-thread-1] INFO  segmented.SegmentedRaftLogWorker (SegmentedRaftLogWorker.java:lambda$new$0(132)) - cb908934-9a93-428c-b1bf-b5dcd51b5616@group-7BB77C86EE54-SegmentedRaftLogWorker: flushIndex: setUnconditionally 0 -> -1
2019-09-25 07:16:13,580 [pool-297-thread-1] INFO  server.RaftServerConfigKeys (ConfUtils.java:logGet(43)) - raft.server.snapshot.auto.trigger.enabled = true (custom)
2019-09-25 07:16:13,580 [pool-297-thread-1] INFO  server.RaftServerConfigKeys (ConfUtils.java:logGet(43)) - raft.server.snapshot.auto.trigger.threshold = 10000 (custom)
2019-09-25 07:16:13,581 [pool-297-thread-1] INFO  server.RaftServerConfigKeys (ConfUtils.java:logGet(43)) - raft.server.snapshot.retention.num.files = 5 (custom)
2019-09-25 07:16:13,581 [pool-297-thread-1] INFO  server.RaftServerConfigKeys (ConfUtils.java:logGet(43)) - raft.server.retrycache.expirytime = 600000ms (custom)
2019-09-25 07:16:13,583 [pool-297-thread-1] INFO  impl.RaftServerImpl (RaftServerImpl.java:start(185)) - cb908934-9a93-428c-b1bf-b5dcd51b5616@group-7BB77C86EE54: start as a follower, conf=-1: [cb908934-9a93-428c-b1bf-b5dcd51b5616:192.168.30.10:34471], old=null
2019-09-25 07:16:13,583 [pool-297-thread-1] INFO  impl.RaftServerImpl (RaftServerImpl.java:setRole(174)) - cb908934-9a93-428c-b1bf-b5dcd51b5616@group-7BB77C86EE54: changes role from      null to FOLLOWER at term 0 for startAsFollower
2019-09-25 07:16:13,583 [pool-297-thread-1] INFO  impl.RoleInfo (RoleInfo.java:updateAndGet(143)) - cb908934-9a93-428c-b1bf-b5dcd51b5616: start FollowerState
2019-09-25 07:16:13,583 [pool-297-thread-1] INFO  util.JmxRegister (JmxRegister.java:tryRegister(44)) - Successfully registered JMX Bean with object name Ratis:service=RaftServer,group=group-7BB77C86EE54,id=cb908934-9a93-428c-b1bf-b5dcd51b5616
2019-09-25 07:16:13,586 [RatisPipelineUtilsThread] INFO  pipeline.PipelineStateManager (PipelineStateManager.java:addPipeline(56)) - Created pipeline Pipeline[ Id: 154b1d20-8b59-491a-bce2-7bb77c86ee54, Nodes: cb908934-9a93-428c-b1bf-b5dcd51b5616{ip: 192.168.30.10, host: pr-hdds-1569-s62bp-3040748787, networkLocation: /default-rack, certSerialId: null}, Type:RATIS, Factor:ONE, State:OPEN]
2019-09-25 07:16:13,586 [RatisPipelineUtilsThread] INFO  pipeline.PipelinePlacementPolicy (PipelinePlacementPolicy.java:meetCriteria(91)) - Pipeline Placement: Doesn't meet the criteria to be viable node： a073c3ef-49bb-4c5b-b895-835368f9c221 Heaviness: 6 limit: 5
2019-09-25 07:16:13,592 [grpc-default-executor-0] INFO  impl.RaftServerProxy (RaftServerProxy.java:addNew(89)) - b7ca5097-bc5b-4eb5-bfc6-2487a18e48b8: addNew group-1177824D5D7C:[b7ca5097-bc5b-4eb5-bfc6-2487a18e48b8:192.168.30.10:35346] returns group-1177824D5D7C:java.util.concurrent.CompletableFuture@4bf24cfb[Not completed]
2019-09-25 07:16:13,593 [pool-287-thread-1] INFO  impl.RaftServerImpl (RaftServerImpl.java:<init>(95)) - b7ca5097-bc5b-4eb5-bfc6-2487a18e48b8: new RaftServerImpl for group-1177824D5D7C:[b7ca5097-bc5b-4eb5-bfc6-2487a18e48b8:192.168.30.10:35346] with ContainerStateMachine:uninitialized
2019-09-25 07:16:13,593 [pool-287-thread-1] INFO  server.RaftServerConfigKeys (ConfUtils.java:logGet(43)) - raft.server.rpc.timeout.min = 5s (custom)
2019-09-25 07:16:13,594 [pool-287-thread-1] INFO  server.RaftServerConfigKeys (ConfUtils.java:logGet(43)) - raft.server.rpc.timeout.max = 5200ms (custom)
2019-09-25 07:16:13,594 [pool-287-thread-1] INFO  server.RaftServerConfigKeys (ConfUtils.java:logGet(43)) - raft.server.rpcslowness.timeout = 120s (custom)
2019-09-25 07:16:13,594 [pool-287-thread-1] INFO  server.RaftServerConfigKeys (ConfUtils.java:logGet(43)) - raft.server.sleep.deviation.threshold = 300 (default)
2019-09-25 07:16:13,594 [pool-287-thread-1] INFO  server.RaftServerConfigKeys (ConfUtils.java:logGet(43)) - raft.server.log.appender.install.snapshot.enabled = false (custom)
2019-09-25 07:16:13,594 [pool-287-thread-1] INFO  impl.RaftServerImpl (ServerState.java:<init>(103)) - b7ca5097-bc5b-4eb5-bfc6-2487a18e48b8@group-1177824D5D7C: ConfigurationManager, init=-1: [b7ca5097-bc5b-4eb5-bfc6-2487a18e48b8:192.168.30.10:35346], old=null, confs=<EMPTY_MAP>
2019-09-25 07:16:13,594 [pool-287-thread-1] INFO  server.RaftServerConfigKeys (ConfUtils.java:logGet(43)) - raft.server.storage.dir = [/workdir/hadoop-ozone/ozonefs/target/test-dir/MiniOzoneClusterImpl-27c41e8f-6b3c-4668-9f3b-45b0868fb4ff/datanode-1/data/ratis] (custom)
2019-09-25 07:16:13,595 [pool-287-thread-1] INFO  storage.RaftStorageDirectory (RaftStorageDirectory.java:analyzeStorage(246)) - The storage directory /workdir/hadoop-ozone/ozonefs/target/test-dir/MiniOzoneClusterImpl-27c41e8f-6b3c-4668-9f3b-45b0868fb4ff/datanode-1/data/ratis/17c65837-756a-4524-9d11-1177824d5d7c does not exist. Creating ...
2019-09-25 07:16:13,620 [pool-287-thread-1] INFO  storage.RaftStorageDirectory (RaftStorageDirectory.java:tryLock(328)) - Lock on /workdir/hadoop-ozone/ozonefs/target/test-dir/MiniOzoneClusterImpl-27c41e8f-6b3c-4668-9f3b-45b0868fb4ff/datanode-1/data/ratis/17c65837-756a-4524-9d11-1177824d5d7c/in_use.lock acquired by nodename 12714@pr-hdds-1569-s62bp-3040748787
2019-09-25 07:16:13,651 [pool-287-thread-1] INFO  storage.RaftStorage (RaftStorage.java:format(72)) - Storage directory /workdir/hadoop-ozone/ozonefs/target/test-dir/MiniOzoneClusterImpl-27c41e8f-6b3c-4668-9f3b-45b0868fb4ff/datanode-1/data/ratis/17c65837-756a-4524-9d11-1177824d5d7c has been successfully formatted.
2019-09-25 07:16:13,651 [pool-287-thread-1] INFO  ratis.ContainerStateMachine (ContainerStateMachine.java:loadSnapshot(230)) - group-1177824D5D7C: The snapshot info is null. Setting the last applied indexto:(t:0, i:~)
2019-09-25 07:16:13,651 [pool-287-thread-1] INFO  server.RaftServerConfigKeys (ConfUtils.java:logGet(43)) - raft.server.notification.no-leader.timeout = 120s (custom)
2019-09-25 07:16:13,652 [pool-287-thread-1] INFO  server.RaftServerConfigKeys (ConfUtils.java:logGet(43)) - raft.server.log.use.memory = false (default)
2019-09-25 07:16:13,652 [pool-287-thread-1] INFO  server.RaftServerConfigKeys (ConfUtils.java:logGet(43)) - raft.server.log.purge.gap = 1000000 (custom)
2019-09-25 07:16:13,652 [pool-287-thread-1] INFO  server.RaftServerConfigKeys (ConfUtils.java:logGet(43)) - raft.server.log.appender.buffer.byte-limit = 33554432 (custom)
2019-09-25 07:16:13,652 [pool-287-thread-1] INFO  server.RaftServerConfigKeys (ConfUtils.java:logGet(43)) - raft.server.log.segment.size.max = 1048576 (custom)
2019-09-25 07:16:13,652 [pool-287-thread-1] INFO  server.RaftServerConfigKeys (ConfUtils.java:logGet(43)) - raft.server.log.segment.cache.num.max = 2 (custom)
2019-09-25 07:16:13,652 [pool-287-thread-1] INFO  segmented.SegmentedRaftLogWorker (SegmentedRaftLogWorker.java:<init>(172)) - new b7ca5097-bc5b-4eb5-bfc6-2487a18e48b8@group-1177824D5D7C-SegmentedRaftLogWorker for RaftStorage:Storage Directory /workdir/hadoop-ozone/ozonefs/target/test-dir/MiniOzoneClusterImpl-27c41e8f-6b3c-4668-9f3b-45b0868fb4ff/datanode-1/data/ratis/17c65837-756a-4524-9d11-1177824d5d7c
2019-09-25 07:16:13,653 [pool-287-thread-1] INFO  server.RaftServerConfigKeys (ConfUtils.java:logGet(43)) - raft.server.log.queue.byte-limit = 2147483647 (custom)
2019-09-25 07:16:13,653 [pool-287-thread-1] INFO  server.RaftServerConfigKeys (ConfUtils.java:logGet(43)) - raft.server.log.queue.element-limit = 1024 (custom)
2019-09-25 07:16:13,653 [pool-287-thread-1] INFO  server.RaftServerConfigKeys (ConfUtils.java:logGet(43)) - raft.server.log.segment.size.max = 1048576 (custom)
2019-09-25 07:16:13,653 [pool-287-thread-1] INFO  server.RaftServerConfigKeys (ConfUtils.java:logGet(43)) - raft.server.log.preallocated.size = 16384 (custom)
2019-09-25 07:16:13,653 [pool-287-thread-1] INFO  server.RaftServerConfigKeys (ConfUtils.java:logGet(43)) - raft.server.log.write.buffer.size = 33554432 (custom)
2019-09-25 07:16:13,653 [pool-287-thread-1] INFO  server.RaftServerConfigKeys (ConfUtils.java:logGet(43)) - raft.server.log.force.sync.num = 128 (default)
2019-09-25 07:16:13,653 [pool-287-thread-1] INFO  server.RaftServerConfigKeys (ConfUtils.java:logGet(43)) - raft.server.log.statemachine.data.sync = true (default)
2019-09-25 07:16:13,654 [pool-287-thread-1] INFO  server.RaftServerConfigKeys (ConfUtils.java:logGet(43)) - raft.server.log.statemachine.data.sync.timeout = 10s (default)
2019-09-25 07:16:13,654 [pool-287-thread-1] INFO  server.RaftServerConfigKeys (ConfUtils.java:logGet(43)) - raft.server.log.statemachine.data.sync.timeout.retry = -1 (default)
2019-09-25 07:16:13,654 [pool-287-thread-1] INFO  server.RaftServerConfigKeys (ConfUtils.java:logGet(43)) - raft.server.log.statemachine.data.caching.enabled = true (custom)
2019-09-25 07:16:13,654 [pool-287-thread-1] INFO  segmented.SegmentedRaftLogWorker (SegmentedRaftLogWorker.java:lambda$new$0(132)) - b7ca5097-bc5b-4eb5-bfc6-2487a18e48b8@group-1177824D5D7C-SegmentedRaftLogWorker: flushIndex: setUnconditionally 0 -> -1
2019-09-25 07:16:13,655 [pool-287-thread-1] INFO  server.RaftServerConfigKeys (ConfUtils.java:logGet(43)) - raft.server.snapshot.auto.trigger.enabled = true (custom)
2019-09-25 07:16:13,655 [pool-287-thread-1] INFO  server.RaftServerConfigKeys (ConfUtils.java:logGet(43)) - raft.server.snapshot.auto.trigger.threshold = 10000 (custom)
2019-09-25 07:16:13,655 [pool-287-thread-1] INFO  server.RaftServerConfigKeys (ConfUtils.java:logGet(43)) - raft.server.snapshot.retention.num.files = 5 (custom)
2019-09-25 07:16:13,655 [pool-287-thread-1] INFO  server.RaftServerConfigKeys (ConfUtils.java:logGet(43)) - raft.server.retrycache.expirytime = 600000ms (custom)
2019-09-25 07:16:13,657 [pool-287-thread-1] INFO  impl.RaftServerImpl (RaftServerImpl.java:start(185)) - b7ca5097-bc5b-4eb5-bfc6-2487a18e48b8@group-1177824D5D7C: start as a follower, conf=-1: [b7ca5097-bc5b-4eb5-bfc6-2487a18e48b8:192.168.30.10:35346], old=null
2019-09-25 07:16:13,657 [pool-287-thread-1] INFO  impl.RaftServerImpl (RaftServerImpl.java:setRole(174)) - b7ca5097-bc5b-4eb5-bfc6-2487a18e48b8@group-1177824D5D7C: changes role from      null to FOLLOWER at term 0 for startAsFollower
2019-09-25 07:16:13,657 [pool-287-thread-1] INFO  impl.RoleInfo (RoleInfo.java:updateAndGet(143)) - b7ca5097-bc5b-4eb5-bfc6-2487a18e48b8: start FollowerState
2019-09-25 07:16:13,658 [pool-287-thread-1] INFO  util.JmxRegister (JmxRegister.java:tryRegister(44)) - Successfully registered JMX Bean with object name Ratis:service=RaftServer,group=group-1177824D5D7C,id=b7ca5097-bc5b-4eb5-bfc6-2487a18e48b8
2019-09-25 07:16:13,661 [RatisPipelineUtilsThread] INFO  pipeline.PipelineStateManager (PipelineStateManager.java:addPipeline(56)) - Created pipeline Pipeline[ Id: 17c65837-756a-4524-9d11-1177824d5d7c, Nodes: b7ca5097-bc5b-4eb5-bfc6-2487a18e48b8{ip: 192.168.30.10, host: pr-hdds-1569-s62bp-3040748787, networkLocation: /default-rack, certSerialId: null}, Type:RATIS, Factor:ONE, State:OPEN]
2019-09-25 07:16:13,662 [RatisPipelineUtilsThread] INFO  pipeline.PipelinePlacementPolicy (PipelinePlacementPolicy.java:meetCriteria(91)) - Pipeline Placement: Doesn't meet the criteria to be viable node： a073c3ef-49bb-4c5b-b895-835368f9c221 Heaviness: 6 limit: 5
2019-09-25 07:16:13,668 [grpc-default-executor-0] INFO  impl.RaftServerProxy (RaftServerProxy.java:addNew(89)) - b7ca5097-bc5b-4eb5-bfc6-2487a18e48b8: addNew group-5D0F5096EAE1:[b7ca5097-bc5b-4eb5-bfc6-2487a18e48b8:192.168.30.10:35346] returns group-5D0F5096EAE1:java.util.concurrent.CompletableFuture@6cebdd13[Not completed]
2019-09-25 07:16:13,670 [pool-287-thread-1] INFO  impl.RaftServerImpl (RaftServerImpl.java:<init>(95)) - b7ca5097-bc5b-4eb5-bfc6-2487a18e48b8: new RaftServerImpl for group-5D0F5096EAE1:[b7ca5097-bc5b-4eb5-bfc6-2487a18e48b8:192.168.30.10:35346] with ContainerStateMachine:uninitialized
2019-09-25 07:16:13,671 [pool-287-thread-1] INFO  server.RaftServerConfigKeys (ConfUtils.java:logGet(43)) - raft.server.rpc.timeout.min = 5s (custom)
2019-09-25 07:16:13,671 [pool-287-thread-1] INFO  server.RaftServerConfigKeys (ConfUtils.java:logGet(43)) - raft.server.rpc.timeout.max = 5200ms (custom)
2019-09-25 07:16:13,671 [pool-287-thread-1] INFO  server.RaftServerConfigKeys (ConfUtils.java:logGet(43)) - raft.server.rpcslowness.timeout = 120s (custom)
2019-09-25 07:16:13,671 [pool-287-thread-1] INFO  server.RaftServerConfigKeys (ConfUtils.java:logGet(43)) - raft.server.sleep.deviation.threshold = 300 (default)
2019-09-25 07:16:13,671 [pool-287-thread-1] INFO  server.RaftServerConfigKeys (ConfUtils.java:logGet(43)) - raft.server.log.appender.install.snapshot.enabled = false (custom)
2019-09-25 07:16:13,671 [pool-287-thread-1] INFO  impl.RaftServerImpl (ServerState.java:<init>(103)) - b7ca5097-bc5b-4eb5-bfc6-2487a18e48b8@group-5D0F5096EAE1: ConfigurationManager, init=-1: [b7ca5097-bc5b-4eb5-bfc6-2487a18e48b8:192.168.30.10:35346], old=null, confs=<EMPTY_MAP>
2019-09-25 07:16:13,672 [pool-287-thread-1] INFO  server.RaftServerConfigKeys (ConfUtils.java:logGet(43)) - raft.server.storage.dir = [/workdir/hadoop-ozone/ozonefs/target/test-dir/MiniOzoneClusterImpl-27c41e8f-6b3c-4668-9f3b-45b0868fb4ff/datanode-1/data/ratis] (custom)
2019-09-25 07:16:13,672 [pool-287-thread-1] INFO  storage.RaftStorageDirectory (RaftStorageDirectory.java:analyzeStorage(246)) - The storage directory /workdir/hadoop-ozone/ozonefs/target/test-dir/MiniOzoneClusterImpl-27c41e8f-6b3c-4668-9f3b-45b0868fb4ff/datanode-1/data/ratis/502a7a4a-4ff9-4a55-adec-5d0f5096eae1 does not exist. Creating ...
2019-09-25 07:16:13,685 [pool-287-thread-1] INFO  storage.RaftStorageDirectory (RaftStorageDirectory.java:tryLock(328)) - Lock on /workdir/hadoop-ozone/ozonefs/target/test-dir/MiniOzoneClusterImpl-27c41e8f-6b3c-4668-9f3b-45b0868fb4ff/datanode-1/data/ratis/502a7a4a-4ff9-4a55-adec-5d0f5096eae1/in_use.lock acquired by nodename 12714@pr-hdds-1569-s62bp-3040748787
2019-09-25 07:16:13,698 [pool-287-thread-1] INFO  storage.RaftStorage (RaftStorage.java:format(72)) - Storage directory /workdir/hadoop-ozone/ozonefs/target/test-dir/MiniOzoneClusterImpl-27c41e8f-6b3c-4668-9f3b-45b0868fb4ff/datanode-1/data/ratis/502a7a4a-4ff9-4a55-adec-5d0f5096eae1 has been successfully formatted.
2019-09-25 07:16:13,698 [pool-287-thread-1] INFO  ratis.ContainerStateMachine (ContainerStateMachine.java:loadSnapshot(230)) - group-5D0F5096EAE1: The snapshot info is null. Setting the last applied indexto:(t:0, i:~)
2019-09-25 07:16:13,699 [pool-287-thread-1] INFO  server.RaftServerConfigKeys (ConfUtils.java:logGet(43)) - raft.server.notification.no-leader.timeout = 120s (custom)
2019-09-25 07:16:13,699 [pool-287-thread-1] INFO  server.RaftServerConfigKeys (ConfUtils.java:logGet(43)) - raft.server.log.use.memory = false (default)
2019-09-25 07:16:13,699 [pool-287-thread-1] INFO  server.RaftServerConfigKeys (ConfUtils.java:logGet(43)) - raft.server.log.purge.gap = 1000000 (custom)
2019-09-25 07:16:13,699 [pool-287-thread-1] INFO  server.RaftServerConfigKeys (ConfUtils.java:logGet(43)) - raft.server.log.appender.buffer.byte-limit = 33554432 (custom)
2019-09-25 07:16:13,699 [pool-287-thread-1] INFO  server.RaftServerConfigKeys (ConfUtils.java:logGet(43)) - raft.server.log.segment.size.max = 1048576 (custom)
2019-09-25 07:16:13,699 [pool-287-thread-1] INFO  server.RaftServerConfigKeys (ConfUtils.java:logGet(43)) - raft.server.log.segment.cache.num.max = 2 (custom)
2019-09-25 07:16:13,700 [pool-287-thread-1] INFO  segmented.SegmentedRaftLogWorker (SegmentedRaftLogWorker.java:<init>(172)) - new b7ca5097-bc5b-4eb5-bfc6-2487a18e48b8@group-5D0F5096EAE1-SegmentedRaftLogWorker for RaftStorage:Storage Directory /workdir/hadoop-ozone/ozonefs/target/test-dir/MiniOzoneClusterImpl-27c41e8f-6b3c-4668-9f3b-45b0868fb4ff/datanode-1/data/ratis/502a7a4a-4ff9-4a55-adec-5d0f5096eae1
2019-09-25 07:16:13,700 [pool-287-thread-1] INFO  server.RaftServerConfigKeys (ConfUtils.java:logGet(43)) - raft.server.log.queue.byte-limit = 2147483647 (custom)
2019-09-25 07:16:13,700 [pool-287-thread-1] INFO  server.RaftServerConfigKeys (ConfUtils.java:logGet(43)) - raft.server.log.queue.element-limit = 1024 (custom)
2019-09-25 07:16:13,700 [pool-287-thread-1] INFO  server.RaftServerConfigKeys (ConfUtils.java:logGet(43)) - raft.server.log.segment.size.max = 1048576 (custom)
2019-09-25 07:16:13,700 [pool-287-thread-1] INFO  server.RaftServerConfigKeys (ConfUtils.java:logGet(43)) - raft.server.log.preallocated.size = 16384 (custom)
2019-09-25 07:16:13,700 [pool-287-thread-1] INFO  server.RaftServerConfigKeys (ConfUtils.java:logGet(43)) - raft.server.log.write.buffer.size = 33554432 (custom)
2019-09-25 07:16:13,700 [pool-287-thread-1] INFO  server.RaftServerConfigKeys (ConfUtils.java:logGet(43)) - raft.server.log.force.sync.num = 128 (default)
2019-09-25 07:16:13,701 [pool-287-thread-1] INFO  server.RaftServerConfigKeys (ConfUtils.java:logGet(43)) - raft.server.log.statemachine.data.sync = true (default)
2019-09-25 07:16:13,701 [pool-287-thread-1] INFO  server.RaftServerConfigKeys (ConfUtils.java:logGet(43)) - raft.server.log.statemachine.data.sync.timeout = 10s (default)
2019-09-25 07:16:13,701 [pool-287-thread-1] INFO  server.RaftServerConfigKeys (ConfUtils.java:logGet(43)) - raft.server.log.statemachine.data.sync.timeout.retry = -1 (default)
2019-09-25 07:16:13,701 [pool-287-thread-1] INFO  server.RaftServerConfigKeys (ConfUtils.java:logGet(43)) - raft.server.log.statemachine.data.caching.enabled = true (custom)
2019-09-25 07:16:13,701 [pool-287-thread-1] INFO  segmented.SegmentedRaftLogWorker (SegmentedRaftLogWorker.java:lambda$new$0(132)) - b7ca5097-bc5b-4eb5-bfc6-2487a18e48b8@group-5D0F5096EAE1-SegmentedRaftLogWorker: flushIndex: setUnconditionally 0 -> -1
2019-09-25 07:16:13,702 [pool-287-thread-1] INFO  server.RaftServerConfigKeys (ConfUtils.java:logGet(43)) - raft.server.snapshot.auto.trigger.enabled = true (custom)
2019-09-25 07:16:13,702 [pool-287-thread-1] INFO  server.RaftServerConfigKeys (ConfUtils.java:logGet(43)) - raft.server.snapshot.auto.trigger.threshold = 10000 (custom)
2019-09-25 07:16:13,702 [pool-287-thread-1] INFO  server.RaftServerConfigKeys (ConfUtils.java:logGet(43)) - raft.server.snapshot.retention.num.files = 5 (custom)
2019-09-25 07:16:13,702 [pool-287-thread-1] INFO  server.RaftServerConfigKeys (ConfUtils.java:logGet(43)) - raft.server.retrycache.expirytime = 600000ms (custom)
2019-09-25 07:16:13,705 [pool-287-thread-1] INFO  impl.RaftServerImpl (RaftServerImpl.java:start(185)) - b7ca5097-bc5b-4eb5-bfc6-2487a18e48b8@group-5D0F5096EAE1: start as a follower, conf=-1: [b7ca5097-bc5b-4eb5-bfc6-2487a18e48b8:192.168.30.10:35346], old=null
2019-09-25 07:16:13,705 [pool-287-thread-1] INFO  impl.RaftServerImpl (RaftServerImpl.java:setRole(174)) - b7ca5097-bc5b-4eb5-bfc6-2487a18e48b8@group-5D0F5096EAE1: changes role from      null to FOLLOWER at term 0 for startAsFollower
2019-09-25 07:16:13,705 [pool-287-thread-1] INFO  impl.RoleInfo (RoleInfo.java:updateAndGet(143)) - b7ca5097-bc5b-4eb5-bfc6-2487a18e48b8: start FollowerState
2019-09-25 07:16:13,705 [pool-287-thread-1] INFO  util.JmxRegister (JmxRegister.java:tryRegister(44)) - Successfully registered JMX Bean with object name Ratis:service=RaftServer,group=group-5D0F5096EAE1,id=b7ca5097-bc5b-4eb5-bfc6-2487a18e48b8
2019-09-25 07:16:13,709 [RatisPipelineUtilsThread] INFO  pipeline.PipelineStateManager (PipelineStateManager.java:addPipeline(56)) - Created pipeline Pipeline[ Id: 502a7a4a-4ff9-4a55-adec-5d0f5096eae1, Nodes: b7ca5097-bc5b-4eb5-bfc6-2487a18e48b8{ip: 192.168.30.10, host: pr-hdds-1569-s62bp-3040748787, networkLocation: /default-rack, certSerialId: null}, Type:RATIS, Factor:ONE, State:OPEN]
2019-09-25 07:16:13,709 [RatisPipelineUtilsThread] INFO  pipeline.PipelinePlacementPolicy (PipelinePlacementPolicy.java:meetCriteria(91)) - Pipeline Placement: Doesn't meet the criteria to be viable node： a073c3ef-49bb-4c5b-b895-835368f9c221 Heaviness: 6 limit: 5
2019-09-25 07:16:13,709 [RatisPipelineUtilsThread] INFO  pipeline.PipelinePlacementPolicy (PipelinePlacementPolicy.java:meetCriteria(91)) - Pipeline Placement: Doesn't meet the criteria to be viable node： b7ca5097-bc5b-4eb5-bfc6-2487a18e48b8 Heaviness: 6 limit: 5
2019-09-25 07:16:13,715 [grpc-default-executor-0] INFO  impl.RaftServerProxy (RaftServerProxy.java:addNew(89)) - cb908934-9a93-428c-b1bf-b5dcd51b5616: addNew group-CFAD4A1BECAC:[cb908934-9a93-428c-b1bf-b5dcd51b5616:192.168.30.10:34471] returns group-CFAD4A1BECAC:java.util.concurrent.CompletableFuture@58dc4cea[Not completed]
2019-09-25 07:16:13,716 [pool-297-thread-1] INFO  impl.RaftServerImpl (RaftServerImpl.java:<init>(95)) - cb908934-9a93-428c-b1bf-b5dcd51b5616: new RaftServerImpl for group-CFAD4A1BECAC:[cb908934-9a93-428c-b1bf-b5dcd51b5616:192.168.30.10:34471] with ContainerStateMachine:uninitialized
2019-09-25 07:16:13,716 [pool-297-thread-1] INFO  server.RaftServerConfigKeys (ConfUtils.java:logGet(43)) - raft.server.rpc.timeout.min = 5s (custom)
2019-09-25 07:16:13,716 [pool-297-thread-1] INFO  server.RaftServerConfigKeys (ConfUtils.java:logGet(43)) - raft.server.rpc.timeout.max = 5200ms (custom)
2019-09-25 07:16:13,716 [pool-297-thread-1] INFO  server.RaftServerConfigKeys (ConfUtils.java:logGet(43)) - raft.server.rpcslowness.timeout = 120s (custom)
2019-09-25 07:16:13,717 [pool-297-thread-1] INFO  server.RaftServerConfigKeys (ConfUtils.java:logGet(43)) - raft.server.sleep.deviation.threshold = 300 (default)
2019-09-25 07:16:13,717 [pool-297-thread-1] INFO  server.RaftServerConfigKeys (ConfUtils.java:logGet(43)) - raft.server.log.appender.install.snapshot.enabled = false (custom)
2019-09-25 07:16:13,717 [pool-297-thread-1] INFO  impl.RaftServerImpl (ServerState.java:<init>(103)) - cb908934-9a93-428c-b1bf-b5dcd51b5616@group-CFAD4A1BECAC: ConfigurationManager, init=-1: [cb908934-9a93-428c-b1bf-b5dcd51b5616:192.168.30.10:34471], old=null, confs=<EMPTY_MAP>
2019-09-25 07:16:13,717 [pool-297-thread-1] INFO  server.RaftServerConfigKeys (ConfUtils.java:logGet(43)) - raft.server.storage.dir = [/workdir/hadoop-ozone/ozonefs/target/test-dir/MiniOzoneClusterImpl-27c41e8f-6b3c-4668-9f3b-45b0868fb4ff/datanode-2/data/ratis] (custom)
2019-09-25 07:16:13,718 [pool-297-thread-1] INFO  storage.RaftStorageDirectory (RaftStorageDirectory.java:analyzeStorage(246)) - The storage directory /workdir/hadoop-ozone/ozonefs/target/test-dir/MiniOzoneClusterImpl-27c41e8f-6b3c-4668-9f3b-45b0868fb4ff/datanode-2/data/ratis/455414df-0655-4c9f-ab06-cfad4a1becac does not exist. Creating ...
2019-09-25 07:16:13,742 [pool-297-thread-1] INFO  storage.RaftStorageDirectory (RaftStorageDirectory.java:tryLock(328)) - Lock on /workdir/hadoop-ozone/ozonefs/target/test-dir/MiniOzoneClusterImpl-27c41e8f-6b3c-4668-9f3b-45b0868fb4ff/datanode-2/data/ratis/455414df-0655-4c9f-ab06-cfad4a1becac/in_use.lock acquired by nodename 12714@pr-hdds-1569-s62bp-3040748787
2019-09-25 07:16:13,755 [pool-297-thread-1] INFO  storage.RaftStorage (RaftStorage.java:format(72)) - Storage directory /workdir/hadoop-ozone/ozonefs/target/test-dir/MiniOzoneClusterImpl-27c41e8f-6b3c-4668-9f3b-45b0868fb4ff/datanode-2/data/ratis/455414df-0655-4c9f-ab06-cfad4a1becac has been successfully formatted.
2019-09-25 07:16:13,756 [pool-297-thread-1] INFO  ratis.ContainerStateMachine (ContainerStateMachine.java:loadSnapshot(230)) - group-CFAD4A1BECAC: The snapshot info is null. Setting the last applied indexto:(t:0, i:~)
2019-09-25 07:16:13,756 [pool-297-thread-1] INFO  server.RaftServerConfigKeys (ConfUtils.java:logGet(43)) - raft.server.notification.no-leader.timeout = 120s (custom)
2019-09-25 07:16:13,756 [pool-297-thread-1] INFO  server.RaftServerConfigKeys (ConfUtils.java:logGet(43)) - raft.server.log.use.memory = false (default)
2019-09-25 07:16:13,756 [pool-297-thread-1] INFO  server.RaftServerConfigKeys (ConfUtils.java:logGet(43)) - raft.server.log.purge.gap = 1000000 (custom)
2019-09-25 07:16:13,756 [pool-297-thread-1] INFO  server.RaftServerConfigKeys (ConfUtils.java:logGet(43)) - raft.server.log.appender.buffer.byte-limit = 33554432 (custom)
2019-09-25 07:16:13,756 [pool-297-thread-1] INFO  server.RaftServerConfigKeys (ConfUtils.java:logGet(43)) - raft.server.log.segment.size.max = 1048576 (custom)
2019-09-25 07:16:13,756 [pool-297-thread-1] INFO  server.RaftServerConfigKeys (ConfUtils.java:logGet(43)) - raft.server.log.segment.cache.num.max = 2 (custom)
2019-09-25 07:16:13,757 [pool-297-thread-1] INFO  segmented.SegmentedRaftLogWorker (SegmentedRaftLogWorker.java:<init>(172)) - new cb908934-9a93-428c-b1bf-b5dcd51b5616@group-CFAD4A1BECAC-SegmentedRaftLogWorker for RaftStorage:Storage Directory /workdir/hadoop-ozone/ozonefs/target/test-dir/MiniOzoneClusterImpl-27c41e8f-6b3c-4668-9f3b-45b0868fb4ff/datanode-2/data/ratis/455414df-0655-4c9f-ab06-cfad4a1becac
2019-09-25 07:16:13,757 [pool-297-thread-1] INFO  server.RaftServerConfigKeys (ConfUtils.java:logGet(43)) - raft.server.log.queue.byte-limit = 2147483647 (custom)
2019-09-25 07:16:13,757 [pool-297-thread-1] INFO  server.RaftServerConfigKeys (ConfUtils.java:logGet(43)) - raft.server.log.queue.element-limit = 1024 (custom)
2019-09-25 07:16:13,757 [pool-297-thread-1] INFO  server.RaftServerConfigKeys (ConfUtils.java:logGet(43)) - raft.server.log.segment.size.max = 1048576 (custom)
2019-09-25 07:16:13,757 [pool-297-thread-1] INFO  server.RaftServerConfigKeys (ConfUtils.java:logGet(43)) - raft.server.log.preallocated.size = 16384 (custom)
2019-09-25 07:16:13,757 [pool-297-thread-1] INFO  server.RaftServerConfigKeys (ConfUtils.java:logGet(43)) - raft.server.log.write.buffer.size = 33554432 (custom)
2019-09-25 07:16:13,757 [pool-297-thread-1] INFO  server.RaftServerConfigKeys (ConfUtils.java:logGet(43)) - raft.server.log.force.sync.num = 128 (default)
2019-09-25 07:16:13,758 [pool-297-thread-1] INFO  server.RaftServerConfigKeys (ConfUtils.java:logGet(43)) - raft.server.log.statemachine.data.sync = true (default)
2019-09-25 07:16:13,758 [pool-297-thread-1] INFO  server.RaftServerConfigKeys (ConfUtils.java:logGet(43)) - raft.server.log.statemachine.data.sync.timeout = 10s (default)
2019-09-25 07:16:13,758 [pool-297-thread-1] INFO  server.RaftServerConfigKeys (ConfUtils.java:logGet(43)) - raft.server.log.statemachine.data.sync.timeout.retry = -1 (default)
2019-09-25 07:16:13,758 [pool-297-thread-1] INFO  server.RaftServerConfigKeys (ConfUtils.java:logGet(43)) - raft.server.log.statemachine.data.caching.enabled = true (custom)
2019-09-25 07:16:13,758 [pool-297-thread-1] INFO  segmented.SegmentedRaftLogWorker (SegmentedRaftLogWorker.java:lambda$new$0(132)) - cb908934-9a93-428c-b1bf-b5dcd51b5616@group-CFAD4A1BECAC-SegmentedRaftLogWorker: flushIndex: setUnconditionally 0 -> -1
2019-09-25 07:16:13,759 [pool-297-thread-1] INFO  server.RaftServerConfigKeys (ConfUtils.java:logGet(43)) - raft.server.snapshot.auto.trigger.enabled = true (custom)
2019-09-25 07:16:13,759 [pool-297-thread-1] INFO  server.RaftServerConfigKeys (ConfUtils.java:logGet(43)) - raft.server.snapshot.auto.trigger.threshold = 10000 (custom)
2019-09-25 07:16:13,759 [pool-297-thread-1] INFO  server.RaftServerConfigKeys (ConfUtils.java:logGet(43)) - raft.server.snapshot.retention.num.files = 5 (custom)
2019-09-25 07:16:13,759 [pool-297-thread-1] INFO  server.RaftServerConfigKeys (ConfUtils.java:logGet(43)) - raft.server.retrycache.expirytime = 600000ms (custom)
2019-09-25 07:16:13,761 [pool-297-thread-1] INFO  impl.RaftServerImpl (RaftServerImpl.java:start(185)) - cb908934-9a93-428c-b1bf-b5dcd51b5616@group-CFAD4A1BECAC: start as a follower, conf=-1: [cb908934-9a93-428c-b1bf-b5dcd51b5616:192.168.30.10:34471], old=null
2019-09-25 07:16:13,761 [pool-297-thread-1] INFO  impl.RaftServerImpl (RaftServerImpl.java:setRole(174)) - cb908934-9a93-428c-b1bf-b5dcd51b5616@group-CFAD4A1BECAC: changes role from      null to FOLLOWER at term 0 for startAsFollower
2019-09-25 07:16:13,761 [pool-297-thread-1] INFO  impl.RoleInfo (RoleInfo.java:updateAndGet(143)) - cb908934-9a93-428c-b1bf-b5dcd51b5616: start FollowerState
2019-09-25 07:16:13,762 [pool-297-thread-1] INFO  util.JmxRegister (JmxRegister.java:tryRegister(44)) - Successfully registered JMX Bean with object name Ratis:service=RaftServer,group=group-CFAD4A1BECAC,id=cb908934-9a93-428c-b1bf-b5dcd51b5616
2019-09-25 07:16:13,764 [RatisPipelineUtilsThread] INFO  pipeline.PipelineStateManager (PipelineStateManager.java:addPipeline(56)) - Created pipeline Pipeline[ Id: 455414df-0655-4c9f-ab06-cfad4a1becac, Nodes: cb908934-9a93-428c-b1bf-b5dcd51b5616{ip: 192.168.30.10, host: pr-hdds-1569-s62bp-3040748787, networkLocation: /default-rack, certSerialId: null}, Type:RATIS, Factor:ONE, State:OPEN]
2019-09-25 07:16:13,764 [RatisPipelineUtilsThread] INFO  pipeline.PipelinePlacementPolicy (PipelinePlacementPolicy.java:meetCriteria(91)) - Pipeline Placement: Doesn't meet the criteria to be viable node： a073c3ef-49bb-4c5b-b895-835368f9c221 Heaviness: 6 limit: 5
2019-09-25 07:16:13,765 [RatisPipelineUtilsThread] INFO  pipeline.PipelinePlacementPolicy (PipelinePlacementPolicy.java:meetCriteria(91)) - Pipeline Placement: Doesn't meet the criteria to be viable node： b7ca5097-bc5b-4eb5-bfc6-2487a18e48b8 Heaviness: 6 limit: 5
2019-09-25 07:16:13,770 [grpc-default-executor-0] INFO  impl.RaftServerProxy (RaftServerProxy.java:addNew(89)) - cb908934-9a93-428c-b1bf-b5dcd51b5616: addNew group-15D13B9122C5:[cb908934-9a93-428c-b1bf-b5dcd51b5616:192.168.30.10:34471] returns group-15D13B9122C5:java.util.concurrent.CompletableFuture@3074b930[Not completed]
2019-09-25 07:16:13,771 [pool-297-thread-1] INFO  impl.RaftServerImpl (RaftServerImpl.java:<init>(95)) - cb908934-9a93-428c-b1bf-b5dcd51b5616: new RaftServerImpl for group-15D13B9122C5:[cb908934-9a93-428c-b1bf-b5dcd51b5616:192.168.30.10:34471] with ContainerStateMachine:uninitialized
2019-09-25 07:16:13,771 [pool-297-thread-1] INFO  server.RaftServerConfigKeys (ConfUtils.java:logGet(43)) - raft.server.rpc.timeout.min = 5s (custom)
2019-09-25 07:16:13,771 [pool-297-thread-1] INFO  server.RaftServerConfigKeys (ConfUtils.java:logGet(43)) - raft.server.rpc.timeout.max = 5200ms (custom)
2019-09-25 07:16:13,771 [pool-297-thread-1] INFO  server.RaftServerConfigKeys (ConfUtils.java:logGet(43)) - raft.server.rpcslowness.timeout = 120s (custom)
2019-09-25 07:16:13,771 [pool-297-thread-1] INFO  server.RaftServerConfigKeys (ConfUtils.java:logGet(43)) - raft.server.sleep.deviation.threshold = 300 (default)
2019-09-25 07:16:13,771 [pool-297-thread-1] INFO  server.RaftServerConfigKeys (ConfUtils.java:logGet(43)) - raft.server.log.appender.install.snapshot.enabled = false (custom)
2019-09-25 07:16:13,771 [pool-297-thread-1] INFO  impl.RaftServerImpl (ServerState.java:<init>(103)) - cb908934-9a93-428c-b1bf-b5dcd51b5616@group-15D13B9122C5: ConfigurationManager, init=-1: [cb908934-9a93-428c-b1bf-b5dcd51b5616:192.168.30.10:34471], old=null, confs=<EMPTY_MAP>
2019-09-25 07:16:13,772 [pool-297-thread-1] INFO  server.RaftServerConfigKeys (ConfUtils.java:logGet(43)) - raft.server.storage.dir = [/workdir/hadoop-ozone/ozonefs/target/test-dir/MiniOzoneClusterImpl-27c41e8f-6b3c-4668-9f3b-45b0868fb4ff/datanode-2/data/ratis] (custom)
2019-09-25 07:16:13,772 [pool-297-thread-1] INFO  storage.RaftStorageDirectory (RaftStorageDirectory.java:analyzeStorage(246)) - The storage directory /workdir/hadoop-ozone/ozonefs/target/test-dir/MiniOzoneClusterImpl-27c41e8f-6b3c-4668-9f3b-45b0868fb4ff/datanode-2/data/ratis/dff9131e-00e0-44a6-ad41-15d13b9122c5 does not exist. Creating ...
2019-09-25 07:16:13,786 [pool-297-thread-1] INFO  storage.RaftStorageDirectory (RaftStorageDirectory.java:tryLock(328)) - Lock on /workdir/hadoop-ozone/ozonefs/target/test-dir/MiniOzoneClusterImpl-27c41e8f-6b3c-4668-9f3b-45b0868fb4ff/datanode-2/data/ratis/dff9131e-00e0-44a6-ad41-15d13b9122c5/in_use.lock acquired by nodename 12714@pr-hdds-1569-s62bp-3040748787
2019-09-25 07:16:13,799 [pool-297-thread-1] INFO  storage.RaftStorage (RaftStorage.java:format(72)) - Storage directory /workdir/hadoop-ozone/ozonefs/target/test-dir/MiniOzoneClusterImpl-27c41e8f-6b3c-4668-9f3b-45b0868fb4ff/datanode-2/data/ratis/dff9131e-00e0-44a6-ad41-15d13b9122c5 has been successfully formatted.
2019-09-25 07:16:13,800 [pool-297-thread-1] INFO  ratis.ContainerStateMachine (ContainerStateMachine.java:loadSnapshot(230)) - group-15D13B9122C5: The snapshot info is null. Setting the last applied indexto:(t:0, i:~)
2019-09-25 07:16:13,800 [pool-297-thread-1] INFO  server.RaftServerConfigKeys (ConfUtils.java:logGet(43)) - raft.server.notification.no-leader.timeout = 120s (custom)
2019-09-25 07:16:13,800 [pool-297-thread-1] INFO  server.RaftServerConfigKeys (ConfUtils.java:logGet(43)) - raft.server.log.use.memory = false (default)
2019-09-25 07:16:13,800 [pool-297-thread-1] INFO  server.RaftServerConfigKeys (ConfUtils.java:logGet(43)) - raft.server.log.purge.gap = 1000000 (custom)
2019-09-25 07:16:13,800 [pool-297-thread-1] INFO  server.RaftServerConfigKeys (ConfUtils.java:logGet(43)) - raft.server.log.appender.buffer.byte-limit = 33554432 (custom)
2019-09-25 07:16:13,800 [pool-297-thread-1] INFO  server.RaftServerConfigKeys (ConfUtils.java:logGet(43)) - raft.server.log.segment.size.max = 1048576 (custom)
2019-09-25 07:16:13,801 [pool-297-thread-1] INFO  server.RaftServerConfigKeys (ConfUtils.java:logGet(43)) - raft.server.log.segment.cache.num.max = 2 (custom)
2019-09-25 07:16:13,801 [pool-297-thread-1] INFO  segmented.SegmentedRaftLogWorker (SegmentedRaftLogWorker.java:<init>(172)) - new cb908934-9a93-428c-b1bf-b5dcd51b5616@group-15D13B9122C5-SegmentedRaftLogWorker for RaftStorage:Storage Directory /workdir/hadoop-ozone/ozonefs/target/test-dir/MiniOzoneClusterImpl-27c41e8f-6b3c-4668-9f3b-45b0868fb4ff/datanode-2/data/ratis/dff9131e-00e0-44a6-ad41-15d13b9122c5
2019-09-25 07:16:13,801 [pool-297-thread-1] INFO  server.RaftServerConfigKeys (ConfUtils.java:logGet(43)) - raft.server.log.queue.byte-limit = 2147483647 (custom)
2019-09-25 07:16:13,801 [pool-297-thread-1] INFO  server.RaftServerConfigKeys (ConfUtils.java:logGet(43)) - raft.server.log.queue.element-limit = 1024 (custom)
2019-09-25 07:16:13,801 [pool-297-thread-1] INFO  server.RaftServerConfigKeys (ConfUtils.java:logGet(43)) - raft.server.log.segment.size.max = 1048576 (custom)
2019-09-25 07:16:13,801 [pool-297-thread-1] INFO  server.RaftServerConfigKeys (ConfUtils.java:logGet(43)) - raft.server.log.preallocated.size = 16384 (custom)
2019-09-25 07:16:13,801 [pool-297-thread-1] INFO  server.RaftServerConfigKeys (ConfUtils.java:logGet(43)) - raft.server.log.write.buffer.size = 33554432 (custom)
2019-09-25 07:16:13,801 [pool-297-thread-1] INFO  server.RaftServerConfigKeys (ConfUtils.java:logGet(43)) - raft.server.log.force.sync.num = 128 (default)
2019-09-25 07:16:13,802 [pool-297-thread-1] INFO  server.RaftServerConfigKeys (ConfUtils.java:logGet(43)) - raft.server.log.statemachine.data.sync = true (default)
2019-09-25 07:16:13,802 [pool-297-thread-1] INFO  server.RaftServerConfigKeys (ConfUtils.java:logGet(43)) - raft.server.log.statemachine.data.sync.timeout = 10s (default)
2019-09-25 07:16:13,802 [pool-297-thread-1] INFO  server.RaftServerConfigKeys (ConfUtils.java:logGet(43)) - raft.server.log.statemachine.data.sync.timeout.retry = -1 (default)
2019-09-25 07:16:13,802 [pool-297-thread-1] INFO  server.RaftServerConfigKeys (ConfUtils.java:logGet(43)) - raft.server.log.statemachine.data.caching.enabled = true (custom)
2019-09-25 07:16:13,802 [pool-297-thread-1] INFO  segmented.SegmentedRaftLogWorker (SegmentedRaftLogWorker.java:lambda$new$0(132)) - cb908934-9a93-428c-b1bf-b5dcd51b5616@group-15D13B9122C5-SegmentedRaftLogWorker: flushIndex: setUnconditionally 0 -> -1
2019-09-25 07:16:13,803 [pool-297-thread-1] INFO  server.RaftServerConfigKeys (ConfUtils.java:logGet(43)) - raft.server.snapshot.auto.trigger.enabled = true (custom)
2019-09-25 07:16:13,803 [pool-297-thread-1] INFO  server.RaftServerConfigKeys (ConfUtils.java:logGet(43)) - raft.server.snapshot.auto.trigger.threshold = 10000 (custom)
2019-09-25 07:16:13,803 [pool-297-thread-1] INFO  server.RaftServerConfigKeys (ConfUtils.java:logGet(43)) - raft.server.snapshot.retention.num.files = 5 (custom)
2019-09-25 07:16:13,803 [pool-297-thread-1] INFO  server.RaftServerConfigKeys (ConfUtils.java:logGet(43)) - raft.server.retrycache.expirytime = 600000ms (custom)
2019-09-25 07:16:13,805 [pool-297-thread-1] INFO  impl.RaftServerImpl (RaftServerImpl.java:start(185)) - cb908934-9a93-428c-b1bf-b5dcd51b5616@group-15D13B9122C5: start as a follower, conf=-1: [cb908934-9a93-428c-b1bf-b5dcd51b5616:192.168.30.10:34471], old=null
2019-09-25 07:16:13,805 [pool-297-thread-1] INFO  impl.RaftServerImpl (RaftServerImpl.java:setRole(174)) - cb908934-9a93-428c-b1bf-b5dcd51b5616@group-15D13B9122C5: changes role from      null to FOLLOWER at term 0 for startAsFollower
2019-09-25 07:16:13,805 [pool-297-thread-1] INFO  impl.RoleInfo (RoleInfo.java:updateAndGet(143)) - cb908934-9a93-428c-b1bf-b5dcd51b5616: start FollowerState
2019-09-25 07:16:13,805 [pool-297-thread-1] INFO  util.JmxRegister (JmxRegister.java:tryRegister(44)) - Successfully registered JMX Bean with object name Ratis:service=RaftServer,group=group-15D13B9122C5,id=cb908934-9a93-428c-b1bf-b5dcd51b5616
2019-09-25 07:16:13,808 [RatisPipelineUtilsThread] INFO  pipeline.PipelineStateManager (PipelineStateManager.java:addPipeline(56)) - Created pipeline Pipeline[ Id: dff9131e-00e0-44a6-ad41-15d13b9122c5, Nodes: cb908934-9a93-428c-b1bf-b5dcd51b5616{ip: 192.168.30.10, host: pr-hdds-1569-s62bp-3040748787, networkLocation: /default-rack, certSerialId: null}, Type:RATIS, Factor:ONE, State:OPEN]
2019-09-25 07:16:13,808 [RatisPipelineUtilsThread] INFO  pipeline.PipelinePlacementPolicy (PipelinePlacementPolicy.java:meetCriteria(91)) - Pipeline Placement: Doesn't meet the criteria to be viable node： a073c3ef-49bb-4c5b-b895-835368f9c221 Heaviness: 6 limit: 5
2019-09-25 07:16:13,808 [RatisPipelineUtilsThread] INFO  pipeline.PipelinePlacementPolicy (PipelinePlacementPolicy.java:meetCriteria(91)) - Pipeline Placement: Doesn't meet the criteria to be viable node： b7ca5097-bc5b-4eb5-bfc6-2487a18e48b8 Heaviness: 6 limit: 5
2019-09-25 07:16:13,813 [grpc-default-executor-0] INFO  impl.RaftServerProxy (RaftServerProxy.java:addNew(89)) - cb908934-9a93-428c-b1bf-b5dcd51b5616: addNew group-1B28D4A42353:[cb908934-9a93-428c-b1bf-b5dcd51b5616:192.168.30.10:34471] returns group-1B28D4A42353:java.util.concurrent.CompletableFuture@98b06eb[Not completed]
2019-09-25 07:16:13,813 [pool-297-thread-1] INFO  impl.RaftServerImpl (RaftServerImpl.java:<init>(95)) - cb908934-9a93-428c-b1bf-b5dcd51b5616: new RaftServerImpl for group-1B28D4A42353:[cb908934-9a93-428c-b1bf-b5dcd51b5616:192.168.30.10:34471] with ContainerStateMachine:uninitialized
2019-09-25 07:16:13,814 [pool-297-thread-1] INFO  server.RaftServerConfigKeys (ConfUtils.java:logGet(43)) - raft.server.rpc.timeout.min = 5s (custom)
2019-09-25 07:16:13,814 [pool-297-thread-1] INFO  server.RaftServerConfigKeys (ConfUtils.java:logGet(43)) - raft.server.rpc.timeout.max = 5200ms (custom)
2019-09-25 07:16:13,814 [pool-297-thread-1] INFO  server.RaftServerConfigKeys (ConfUtils.java:logGet(43)) - raft.server.rpcslowness.timeout = 120s (custom)
2019-09-25 07:16:13,814 [pool-297-thread-1] INFO  server.RaftServerConfigKeys (ConfUtils.java:logGet(43)) - raft.server.sleep.deviation.threshold = 300 (default)
2019-09-25 07:16:13,814 [pool-297-thread-1] INFO  server.RaftServerConfigKeys (ConfUtils.java:logGet(43)) - raft.server.log.appender.install.snapshot.enabled = false (custom)
2019-09-25 07:16:13,814 [pool-297-thread-1] INFO  impl.RaftServerImpl (ServerState.java:<init>(103)) - cb908934-9a93-428c-b1bf-b5dcd51b5616@group-1B28D4A42353: ConfigurationManager, init=-1: [cb908934-9a93-428c-b1bf-b5dcd51b5616:192.168.30.10:34471], old=null, confs=<EMPTY_MAP>
2019-09-25 07:16:13,814 [pool-297-thread-1] INFO  server.RaftServerConfigKeys (ConfUtils.java:logGet(43)) - raft.server.storage.dir = [/workdir/hadoop-ozone/ozonefs/target/test-dir/MiniOzoneClusterImpl-27c41e8f-6b3c-4668-9f3b-45b0868fb4ff/datanode-2/data/ratis] (custom)
2019-09-25 07:16:13,815 [pool-297-thread-1] INFO  storage.RaftStorageDirectory (RaftStorageDirectory.java:analyzeStorage(246)) - The storage directory /workdir/hadoop-ozone/ozonefs/target/test-dir/MiniOzoneClusterImpl-27c41e8f-6b3c-4668-9f3b-45b0868fb4ff/datanode-2/data/ratis/6163a535-d707-4f08-b7d7-1b28d4a42353 does not exist. Creating ...
2019-09-25 07:16:13,827 [pool-297-thread-1] INFO  storage.RaftStorageDirectory (RaftStorageDirectory.java:tryLock(328)) - Lock on /workdir/hadoop-ozone/ozonefs/target/test-dir/MiniOzoneClusterImpl-27c41e8f-6b3c-4668-9f3b-45b0868fb4ff/datanode-2/data/ratis/6163a535-d707-4f08-b7d7-1b28d4a42353/in_use.lock acquired by nodename 12714@pr-hdds-1569-s62bp-3040748787
2019-09-25 07:16:13,842 [pool-297-thread-1] INFO  storage.RaftStorage (RaftStorage.java:format(72)) - Storage directory /workdir/hadoop-ozone/ozonefs/target/test-dir/MiniOzoneClusterImpl-27c41e8f-6b3c-4668-9f3b-45b0868fb4ff/datanode-2/data/ratis/6163a535-d707-4f08-b7d7-1b28d4a42353 has been successfully formatted.
2019-09-25 07:16:13,843 [pool-297-thread-1] INFO  ratis.ContainerStateMachine (ContainerStateMachine.java:loadSnapshot(230)) - group-1B28D4A42353: The snapshot info is null. Setting the last applied indexto:(t:0, i:~)
2019-09-25 07:16:13,843 [pool-297-thread-1] INFO  server.RaftServerConfigKeys (ConfUtils.java:logGet(43)) - raft.server.notification.no-leader.timeout = 120s (custom)
2019-09-25 07:16:13,843 [pool-297-thread-1] INFO  server.RaftServerConfigKeys (ConfUtils.java:logGet(43)) - raft.server.log.use.memory = false (default)
2019-09-25 07:16:13,843 [pool-297-thread-1] INFO  server.RaftServerConfigKeys (ConfUtils.java:logGet(43)) - raft.server.log.purge.gap = 1000000 (custom)
2019-09-25 07:16:13,843 [pool-297-thread-1] INFO  server.RaftServerConfigKeys (ConfUtils.java:logGet(43)) - raft.server.log.appender.buffer.byte-limit = 33554432 (custom)
2019-09-25 07:16:13,843 [pool-297-thread-1] INFO  server.RaftServerConfigKeys (ConfUtils.java:logGet(43)) - raft.server.log.segment.size.max = 1048576 (custom)
2019-09-25 07:16:13,843 [pool-297-thread-1] INFO  server.RaftServerConfigKeys (ConfUtils.java:logGet(43)) - raft.server.log.segment.cache.num.max = 2 (custom)
2019-09-25 07:16:13,844 [pool-297-thread-1] INFO  segmented.SegmentedRaftLogWorker (SegmentedRaftLogWorker.java:<init>(172)) - new cb908934-9a93-428c-b1bf-b5dcd51b5616@group-1B28D4A42353-SegmentedRaftLogWorker for RaftStorage:Storage Directory /workdir/hadoop-ozone/ozonefs/target/test-dir/MiniOzoneClusterImpl-27c41e8f-6b3c-4668-9f3b-45b0868fb4ff/datanode-2/data/ratis/6163a535-d707-4f08-b7d7-1b28d4a42353
2019-09-25 07:16:13,844 [pool-297-thread-1] INFO  server.RaftServerConfigKeys (ConfUtils.java:logGet(43)) - raft.server.log.queue.byte-limit = 2147483647 (custom)
2019-09-25 07:16:13,844 [pool-297-thread-1] INFO  server.RaftServerConfigKeys (ConfUtils.java:logGet(43)) - raft.server.log.queue.element-limit = 1024 (custom)
2019-09-25 07:16:13,844 [pool-297-thread-1] INFO  server.RaftServerConfigKeys (ConfUtils.java:logGet(43)) - raft.server.log.segment.size.max = 1048576 (custom)
2019-09-25 07:16:13,844 [pool-297-thread-1] INFO  server.RaftServerConfigKeys (ConfUtils.java:logGet(43)) - raft.server.log.preallocated.size = 16384 (custom)
2019-09-25 07:16:13,844 [pool-297-thread-1] INFO  server.RaftServerConfigKeys (ConfUtils.java:logGet(43)) - raft.server.log.write.buffer.size = 33554432 (custom)
2019-09-25 07:16:13,844 [pool-297-thread-1] INFO  server.RaftServerConfigKeys (ConfUtils.java:logGet(43)) - raft.server.log.force.sync.num = 128 (default)
2019-09-25 07:16:13,844 [pool-297-thread-1] INFO  server.RaftServerConfigKeys (ConfUtils.java:logGet(43)) - raft.server.log.statemachine.data.sync = true (default)
2019-09-25 07:16:13,845 [pool-297-thread-1] INFO  server.RaftServerConfigKeys (ConfUtils.java:logGet(43)) - raft.server.log.statemachine.data.sync.timeout = 10s (default)
2019-09-25 07:16:13,845 [pool-297-thread-1] INFO  server.RaftServerConfigKeys (ConfUtils.java:logGet(43)) - raft.server.log.statemachine.data.sync.timeout.retry = -1 (default)
2019-09-25 07:16:13,845 [pool-297-thread-1] INFO  server.RaftServerConfigKeys (ConfUtils.java:logGet(43)) - raft.server.log.statemachine.data.caching.enabled = true (custom)
2019-09-25 07:16:13,845 [pool-297-thread-1] INFO  segmented.SegmentedRaftLogWorker (SegmentedRaftLogWorker.java:lambda$new$0(132)) - cb908934-9a93-428c-b1bf-b5dcd51b5616@group-1B28D4A42353-SegmentedRaftLogWorker: flushIndex: setUnconditionally 0 -> -1
2019-09-25 07:16:13,845 [pool-297-thread-1] INFO  server.RaftServerConfigKeys (ConfUtils.java:logGet(43)) - raft.server.snapshot.auto.trigger.enabled = true (custom)
2019-09-25 07:16:13,846 [pool-297-thread-1] INFO  server.RaftServerConfigKeys (ConfUtils.java:logGet(43)) - raft.server.snapshot.auto.trigger.threshold = 10000 (custom)
2019-09-25 07:16:13,846 [pool-297-thread-1] INFO  server.RaftServerConfigKeys (ConfUtils.java:logGet(43)) - raft.server.snapshot.retention.num.files = 5 (custom)
2019-09-25 07:16:13,846 [pool-297-thread-1] INFO  server.RaftServerConfigKeys (ConfUtils.java:logGet(43)) - raft.server.retrycache.expirytime = 600000ms (custom)
2019-09-25 07:16:13,847 [pool-297-thread-1] INFO  impl.RaftServerImpl (RaftServerImpl.java:start(185)) - cb908934-9a93-428c-b1bf-b5dcd51b5616@group-1B28D4A42353: start as a follower, conf=-1: [cb908934-9a93-428c-b1bf-b5dcd51b5616:192.168.30.10:34471], old=null
2019-09-25 07:16:13,848 [pool-297-thread-1] INFO  impl.RaftServerImpl (RaftServerImpl.java:setRole(174)) - cb908934-9a93-428c-b1bf-b5dcd51b5616@group-1B28D4A42353: changes role from      null to FOLLOWER at term 0 for startAsFollower
2019-09-25 07:16:13,848 [pool-297-thread-1] INFO  impl.RoleInfo (RoleInfo.java:updateAndGet(143)) - cb908934-9a93-428c-b1bf-b5dcd51b5616: start FollowerState
2019-09-25 07:16:13,848 [pool-297-thread-1] INFO  util.JmxRegister (JmxRegister.java:tryRegister(44)) - Successfully registered JMX Bean with object name Ratis:service=RaftServer,group=group-1B28D4A42353,id=cb908934-9a93-428c-b1bf-b5dcd51b5616
2019-09-25 07:16:13,850 [RatisPipelineUtilsThread] INFO  pipeline.PipelineStateManager (PipelineStateManager.java:addPipeline(56)) - Created pipeline Pipeline[ Id: 6163a535-d707-4f08-b7d7-1b28d4a42353, Nodes: cb908934-9a93-428c-b1bf-b5dcd51b5616{ip: 192.168.30.10, host: pr-hdds-1569-s62bp-3040748787, networkLocation: /default-rack, certSerialId: null}, Type:RATIS, Factor:ONE, State:OPEN]
2019-09-25 07:16:13,851 [RatisPipelineUtilsThread] INFO  pipeline.PipelinePlacementPolicy (PipelinePlacementPolicy.java:meetCriteria(91)) - Pipeline Placement: Doesn't meet the criteria to be viable node： a073c3ef-49bb-4c5b-b895-835368f9c221 Heaviness: 6 limit: 5
2019-09-25 07:16:13,851 [RatisPipelineUtilsThread] INFO  pipeline.PipelinePlacementPolicy (PipelinePlacementPolicy.java:meetCriteria(91)) - Pipeline Placement: Doesn't meet the criteria to be viable node： b7ca5097-bc5b-4eb5-bfc6-2487a18e48b8 Heaviness: 6 limit: 5
2019-09-25 07:16:13,857 [grpc-default-executor-0] INFO  impl.RaftServerProxy (RaftServerProxy.java:addNew(89)) - cb908934-9a93-428c-b1bf-b5dcd51b5616: addNew group-444FD241504D:[cb908934-9a93-428c-b1bf-b5dcd51b5616:192.168.30.10:34471] returns group-444FD241504D:java.util.concurrent.CompletableFuture@31b23461[Not completed]
2019-09-25 07:16:13,858 [pool-297-thread-1] INFO  impl.RaftServerImpl (RaftServerImpl.java:<init>(95)) - cb908934-9a93-428c-b1bf-b5dcd51b5616: new RaftServerImpl for group-444FD241504D:[cb908934-9a93-428c-b1bf-b5dcd51b5616:192.168.30.10:34471] with ContainerStateMachine:uninitialized
2019-09-25 07:16:13,858 [pool-297-thread-1] INFO  server.RaftServerConfigKeys (ConfUtils.java:logGet(43)) - raft.server.rpc.timeout.min = 5s (custom)
2019-09-25 07:16:13,858 [pool-297-thread-1] INFO  server.RaftServerConfigKeys (ConfUtils.java:logGet(43)) - raft.server.rpc.timeout.max = 5200ms (custom)
2019-09-25 07:16:13,858 [pool-297-thread-1] INFO  server.RaftServerConfigKeys (ConfUtils.java:logGet(43)) - raft.server.rpcslowness.timeout = 120s (custom)
2019-09-25 07:16:13,859 [pool-297-thread-1] INFO  server.RaftServerConfigKeys (ConfUtils.java:logGet(43)) - raft.server.sleep.deviation.threshold = 300 (default)
2019-09-25 07:16:13,859 [pool-297-thread-1] INFO  server.RaftServerConfigKeys (ConfUtils.java:logGet(43)) - raft.server.log.appender.install.snapshot.enabled = false (custom)
2019-09-25 07:16:13,859 [pool-297-thread-1] INFO  impl.RaftServerImpl (ServerState.java:<init>(103)) - cb908934-9a93-428c-b1bf-b5dcd51b5616@group-444FD241504D: ConfigurationManager, init=-1: [cb908934-9a93-428c-b1bf-b5dcd51b5616:192.168.30.10:34471], old=null, confs=<EMPTY_MAP>
2019-09-25 07:16:13,859 [pool-297-thread-1] INFO  server.RaftServerConfigKeys (ConfUtils.java:logGet(43)) - raft.server.storage.dir = [/workdir/hadoop-ozone/ozonefs/target/test-dir/MiniOzoneClusterImpl-27c41e8f-6b3c-4668-9f3b-45b0868fb4ff/datanode-2/data/ratis] (custom)
2019-09-25 07:16:13,859 [pool-297-thread-1] INFO  storage.RaftStorageDirectory (RaftStorageDirectory.java:analyzeStorage(246)) - The storage directory /workdir/hadoop-ozone/ozonefs/target/test-dir/MiniOzoneClusterImpl-27c41e8f-6b3c-4668-9f3b-45b0868fb4ff/datanode-2/data/ratis/d56ab7b4-0715-4214-9c00-444fd241504d does not exist. Creating ...
2019-09-25 07:16:13,874 [pool-297-thread-1] INFO  storage.RaftStorageDirectory (RaftStorageDirectory.java:tryLock(328)) - Lock on /workdir/hadoop-ozone/ozonefs/target/test-dir/MiniOzoneClusterImpl-27c41e8f-6b3c-4668-9f3b-45b0868fb4ff/datanode-2/data/ratis/d56ab7b4-0715-4214-9c00-444fd241504d/in_use.lock acquired by nodename 12714@pr-hdds-1569-s62bp-3040748787
2019-09-25 07:16:13,906 [pool-297-thread-1] INFO  storage.RaftStorage (RaftStorage.java:format(72)) - Storage directory /workdir/hadoop-ozone/ozonefs/target/test-dir/MiniOzoneClusterImpl-27c41e8f-6b3c-4668-9f3b-45b0868fb4ff/datanode-2/data/ratis/d56ab7b4-0715-4214-9c00-444fd241504d has been successfully formatted.
2019-09-25 07:16:13,906 [pool-297-thread-1] INFO  ratis.ContainerStateMachine (ContainerStateMachine.java:loadSnapshot(230)) - group-444FD241504D: The snapshot info is null. Setting the last applied indexto:(t:0, i:~)
2019-09-25 07:16:13,906 [pool-297-thread-1] INFO  server.RaftServerConfigKeys (ConfUtils.java:logGet(43)) - raft.server.notification.no-leader.timeout = 120s (custom)
2019-09-25 07:16:13,907 [pool-297-thread-1] INFO  server.RaftServerConfigKeys (ConfUtils.java:logGet(43)) - raft.server.log.use.memory = false (default)
2019-09-25 07:16:13,907 [pool-297-thread-1] INFO  server.RaftServerConfigKeys (ConfUtils.java:logGet(43)) - raft.server.log.purge.gap = 1000000 (custom)
2019-09-25 07:16:13,907 [pool-297-thread-1] INFO  server.RaftServerConfigKeys (ConfUtils.java:logGet(43)) - raft.server.log.appender.buffer.byte-limit = 33554432 (custom)
2019-09-25 07:16:13,907 [pool-297-thread-1] INFO  server.RaftServerConfigKeys (ConfUtils.java:logGet(43)) - raft.server.log.segment.size.max = 1048576 (custom)
2019-09-25 07:16:13,907 [pool-297-thread-1] INFO  server.RaftServerConfigKeys (ConfUtils.java:logGet(43)) - raft.server.log.segment.cache.num.max = 2 (custom)
2019-09-25 07:16:13,907 [pool-297-thread-1] INFO  segmented.SegmentedRaftLogWorker (SegmentedRaftLogWorker.java:<init>(172)) - new cb908934-9a93-428c-b1bf-b5dcd51b5616@group-444FD241504D-SegmentedRaftLogWorker for RaftStorage:Storage Directory /workdir/hadoop-ozone/ozonefs/target/test-dir/MiniOzoneClusterImpl-27c41e8f-6b3c-4668-9f3b-45b0868fb4ff/datanode-2/data/ratis/d56ab7b4-0715-4214-9c00-444fd241504d
2019-09-25 07:16:13,907 [pool-297-thread-1] INFO  server.RaftServerConfigKeys (ConfUtils.java:logGet(43)) - raft.server.log.queue.byte-limit = 2147483647 (custom)
2019-09-25 07:16:13,908 [pool-297-thread-1] INFO  server.RaftServerConfigKeys (ConfUtils.java:logGet(43)) - raft.server.log.queue.element-limit = 1024 (custom)
2019-09-25 07:16:13,908 [pool-297-thread-1] INFO  server.RaftServerConfigKeys (ConfUtils.java:logGet(43)) - raft.server.log.segment.size.max = 1048576 (custom)
2019-09-25 07:16:13,908 [pool-297-thread-1] INFO  server.RaftServerConfigKeys (ConfUtils.java:logGet(43)) - raft.server.log.preallocated.size = 16384 (custom)
2019-09-25 07:16:13,908 [pool-297-thread-1] INFO  server.RaftServerConfigKeys (ConfUtils.java:logGet(43)) - raft.server.log.write.buffer.size = 33554432 (custom)
2019-09-25 07:16:13,908 [pool-297-thread-1] INFO  server.RaftServerConfigKeys (ConfUtils.java:logGet(43)) - raft.server.log.force.sync.num = 128 (default)
2019-09-25 07:16:13,908 [pool-297-thread-1] INFO  server.RaftServerConfigKeys (ConfUtils.java:logGet(43)) - raft.server.log.statemachine.data.sync = true (default)
2019-09-25 07:16:13,908 [pool-297-thread-1] INFO  server.RaftServerConfigKeys (ConfUtils.java:logGet(43)) - raft.server.log.statemachine.data.sync.timeout = 10s (default)
2019-09-25 07:16:13,909 [pool-297-thread-1] INFO  server.RaftServerConfigKeys (ConfUtils.java:logGet(43)) - raft.server.log.statemachine.data.sync.timeout.retry = -1 (default)
2019-09-25 07:16:13,909 [pool-297-thread-1] INFO  server.RaftServerConfigKeys (ConfUtils.java:logGet(43)) - raft.server.log.statemachine.data.caching.enabled = true (custom)
2019-09-25 07:16:13,909 [pool-297-thread-1] INFO  segmented.SegmentedRaftLogWorker (SegmentedRaftLogWorker.java:lambda$new$0(132)) - cb908934-9a93-428c-b1bf-b5dcd51b5616@group-444FD241504D-SegmentedRaftLogWorker: flushIndex: setUnconditionally 0 -> -1
2019-09-25 07:16:13,909 [pool-297-thread-1] INFO  server.RaftServerConfigKeys (ConfUtils.java:logGet(43)) - raft.server.snapshot.auto.trigger.enabled = true (custom)
2019-09-25 07:16:13,909 [pool-297-thread-1] INFO  server.RaftServerConfigKeys (ConfUtils.java:logGet(43)) - raft.server.snapshot.auto.trigger.threshold = 10000 (custom)
2019-09-25 07:16:13,910 [pool-297-thread-1] INFO  server.RaftServerConfigKeys (ConfUtils.java:logGet(43)) - raft.server.snapshot.retention.num.files = 5 (custom)
2019-09-25 07:16:13,910 [pool-297-thread-1] INFO  server.RaftServerConfigKeys (ConfUtils.java:logGet(43)) - raft.server.retrycache.expirytime = 600000ms (custom)
2019-09-25 07:16:13,911 [pool-297-thread-1] INFO  impl.RaftServerImpl (RaftServerImpl.java:start(185)) - cb908934-9a93-428c-b1bf-b5dcd51b5616@group-444FD241504D: start as a follower, conf=-1: [cb908934-9a93-428c-b1bf-b5dcd51b5616:192.168.30.10:34471], old=null
2019-09-25 07:16:13,912 [pool-297-thread-1] INFO  impl.RaftServerImpl (RaftServerImpl.java:setRole(174)) - cb908934-9a93-428c-b1bf-b5dcd51b5616@group-444FD241504D: changes role from      null to FOLLOWER at term 0 for startAsFollower
2019-09-25 07:16:13,912 [pool-297-thread-1] INFO  impl.RoleInfo (RoleInfo.java:updateAndGet(143)) - cb908934-9a93-428c-b1bf-b5dcd51b5616: start FollowerState
2019-09-25 07:16:13,912 [pool-297-thread-1] INFO  util.JmxRegister (JmxRegister.java:tryRegister(44)) - Successfully registered JMX Bean with object name Ratis:service=RaftServer,group=group-444FD241504D,id=cb908934-9a93-428c-b1bf-b5dcd51b5616
2019-09-25 07:16:13,916 [RatisPipelineUtilsThread] INFO  pipeline.PipelineStateManager (PipelineStateManager.java:addPipeline(56)) - Created pipeline Pipeline[ Id: d56ab7b4-0715-4214-9c00-444fd241504d, Nodes: cb908934-9a93-428c-b1bf-b5dcd51b5616{ip: 192.168.30.10, host: pr-hdds-1569-s62bp-3040748787, networkLocation: /default-rack, certSerialId: null}, Type:RATIS, Factor:ONE, State:OPEN]
2019-09-25 07:16:13,917 [RatisPipelineUtilsThread] INFO  pipeline.PipelinePlacementPolicy (PipelinePlacementPolicy.java:meetCriteria(91)) - Pipeline Placement: Doesn't meet the criteria to be viable node： a073c3ef-49bb-4c5b-b895-835368f9c221 Heaviness: 6 limit: 5
2019-09-25 07:16:13,917 [RatisPipelineUtilsThread] INFO  pipeline.PipelinePlacementPolicy (PipelinePlacementPolicy.java:meetCriteria(91)) - Pipeline Placement: Doesn't meet the criteria to be viable node： b7ca5097-bc5b-4eb5-bfc6-2487a18e48b8 Heaviness: 6 limit: 5
2019-09-25 07:16:13,924 [grpc-default-executor-0] INFO  impl.RaftServerProxy (RaftServerProxy.java:addNew(89)) - cb908934-9a93-428c-b1bf-b5dcd51b5616: addNew group-E069DA589B9C:[cb908934-9a93-428c-b1bf-b5dcd51b5616:192.168.30.10:34471] returns group-E069DA589B9C:java.util.concurrent.CompletableFuture@6882c35[Not completed]
2019-09-25 07:16:13,924 [pool-297-thread-1] INFO  impl.RaftServerImpl (RaftServerImpl.java:<init>(95)) - cb908934-9a93-428c-b1bf-b5dcd51b5616: new RaftServerImpl for group-E069DA589B9C:[cb908934-9a93-428c-b1bf-b5dcd51b5616:192.168.30.10:34471] with ContainerStateMachine:uninitialized
2019-09-25 07:16:13,925 [pool-297-thread-1] INFO  server.RaftServerConfigKeys (ConfUtils.java:logGet(43)) - raft.server.rpc.timeout.min = 5s (custom)
2019-09-25 07:16:13,925 [pool-297-thread-1] INFO  server.RaftServerConfigKeys (ConfUtils.java:logGet(43)) - raft.server.rpc.timeout.max = 5200ms (custom)
2019-09-25 07:16:13,925 [pool-297-thread-1] INFO  server.RaftServerConfigKeys (ConfUtils.java:logGet(43)) - raft.server.rpcslowness.timeout = 120s (custom)
2019-09-25 07:16:13,925 [pool-297-thread-1] INFO  server.RaftServerConfigKeys (ConfUtils.java:logGet(43)) - raft.server.sleep.deviation.threshold = 300 (default)
2019-09-25 07:16:13,925 [pool-297-thread-1] INFO  server.RaftServerConfigKeys (ConfUtils.java:logGet(43)) - raft.server.log.appender.install.snapshot.enabled = false (custom)
2019-09-25 07:16:13,925 [pool-297-thread-1] INFO  impl.RaftServerImpl (ServerState.java:<init>(103)) - cb908934-9a93-428c-b1bf-b5dcd51b5616@group-E069DA589B9C: ConfigurationManager, init=-1: [cb908934-9a93-428c-b1bf-b5dcd51b5616:192.168.30.10:34471], old=null, confs=<EMPTY_MAP>
2019-09-25 07:16:13,925 [pool-297-thread-1] INFO  server.RaftServerConfigKeys (ConfUtils.java:logGet(43)) - raft.server.storage.dir = [/workdir/hadoop-ozone/ozonefs/target/test-dir/MiniOzoneClusterImpl-27c41e8f-6b3c-4668-9f3b-45b0868fb4ff/datanode-2/data/ratis] (custom)
2019-09-25 07:16:13,926 [pool-297-thread-1] INFO  storage.RaftStorageDirectory (RaftStorageDirectory.java:analyzeStorage(246)) - The storage directory /workdir/hadoop-ozone/ozonefs/target/test-dir/MiniOzoneClusterImpl-27c41e8f-6b3c-4668-9f3b-45b0868fb4ff/datanode-2/data/ratis/aab79b59-8d21-459e-9876-e069da589b9c does not exist. Creating ...
2019-09-25 07:16:13,938 [pool-297-thread-1] INFO  storage.RaftStorageDirectory (RaftStorageDirectory.java:tryLock(328)) - Lock on /workdir/hadoop-ozone/ozonefs/target/test-dir/MiniOzoneClusterImpl-27c41e8f-6b3c-4668-9f3b-45b0868fb4ff/datanode-2/data/ratis/aab79b59-8d21-459e-9876-e069da589b9c/in_use.lock acquired by nodename 12714@pr-hdds-1569-s62bp-3040748787
2019-09-25 07:16:13,964 [pool-297-thread-1] INFO  storage.RaftStorage (RaftStorage.java:format(72)) - Storage directory /workdir/hadoop-ozone/ozonefs/target/test-dir/MiniOzoneClusterImpl-27c41e8f-6b3c-4668-9f3b-45b0868fb4ff/datanode-2/data/ratis/aab79b59-8d21-459e-9876-e069da589b9c has been successfully formatted.
2019-09-25 07:16:13,964 [pool-297-thread-1] INFO  ratis.ContainerStateMachine (ContainerStateMachine.java:loadSnapshot(230)) - group-E069DA589B9C: The snapshot info is null. Setting the last applied indexto:(t:0, i:~)
2019-09-25 07:16:13,964 [pool-297-thread-1] INFO  server.RaftServerConfigKeys (ConfUtils.java:logGet(43)) - raft.server.notification.no-leader.timeout = 120s (custom)
2019-09-25 07:16:13,964 [pool-297-thread-1] INFO  server.RaftServerConfigKeys (ConfUtils.java:logGet(43)) - raft.server.log.use.memory = false (default)
2019-09-25 07:16:13,964 [pool-297-thread-1] INFO  server.RaftServerConfigKeys (ConfUtils.java:logGet(43)) - raft.server.log.purge.gap = 1000000 (custom)
2019-09-25 07:16:13,964 [pool-297-thread-1] INFO  server.RaftServerConfigKeys (ConfUtils.java:logGet(43)) - raft.server.log.appender.buffer.byte-limit = 33554432 (custom)
2019-09-25 07:16:13,965 [pool-297-thread-1] INFO  server.RaftServerConfigKeys (ConfUtils.java:logGet(43)) - raft.server.log.segment.size.max = 1048576 (custom)
2019-09-25 07:16:13,965 [pool-297-thread-1] INFO  server.RaftServerConfigKeys (ConfUtils.java:logGet(43)) - raft.server.log.segment.cache.num.max = 2 (custom)
2019-09-25 07:16:13,965 [pool-297-thread-1] INFO  segmented.SegmentedRaftLogWorker (SegmentedRaftLogWorker.java:<init>(172)) - new cb908934-9a93-428c-b1bf-b5dcd51b5616@group-E069DA589B9C-SegmentedRaftLogWorker for RaftStorage:Storage Directory /workdir/hadoop-ozone/ozonefs/target/test-dir/MiniOzoneClusterImpl-27c41e8f-6b3c-4668-9f3b-45b0868fb4ff/datanode-2/data/ratis/aab79b59-8d21-459e-9876-e069da589b9c
2019-09-25 07:16:13,965 [pool-297-thread-1] INFO  server.RaftServerConfigKeys (ConfUtils.java:logGet(43)) - raft.server.log.queue.byte-limit = 2147483647 (custom)
2019-09-25 07:16:13,965 [pool-297-thread-1] INFO  server.RaftServerConfigKeys (ConfUtils.java:logGet(43)) - raft.server.log.queue.element-limit = 1024 (custom)
2019-09-25 07:16:13,965 [pool-297-thread-1] INFO  server.RaftServerConfigKeys (ConfUtils.java:logGet(43)) - raft.server.log.segment.size.max = 1048576 (custom)
2019-09-25 07:16:13,965 [pool-297-thread-1] INFO  server.RaftServerConfigKeys (ConfUtils.java:logGet(43)) - raft.server.log.preallocated.size = 16384 (custom)
2019-09-25 07:16:13,965 [pool-297-thread-1] INFO  server.RaftServerConfigKeys (ConfUtils.java:logGet(43)) - raft.server.log.write.buffer.size = 33554432 (custom)
2019-09-25 07:16:13,966 [pool-297-thread-1] INFO  server.RaftServerConfigKeys (ConfUtils.java:logGet(43)) - raft.server.log.force.sync.num = 128 (default)
2019-09-25 07:16:13,966 [pool-297-thread-1] INFO  server.RaftServerConfigKeys (ConfUtils.java:logGet(43)) - raft.server.log.statemachine.data.sync = true (default)
2019-09-25 07:16:13,966 [pool-297-thread-1] INFO  server.RaftServerConfigKeys (ConfUtils.java:logGet(43)) - raft.server.log.statemachine.data.sync.timeout = 10s (default)
2019-09-25 07:16:13,966 [pool-297-thread-1] INFO  server.RaftServerConfigKeys (ConfUtils.java:logGet(43)) - raft.server.log.statemachine.data.sync.timeout.retry = -1 (default)
2019-09-25 07:16:13,966 [pool-297-thread-1] INFO  server.RaftServerConfigKeys (ConfUtils.java:logGet(43)) - raft.server.log.statemachine.data.caching.enabled = true (custom)
2019-09-25 07:16:13,966 [pool-297-thread-1] INFO  segmented.SegmentedRaftLogWorker (SegmentedRaftLogWorker.java:lambda$new$0(132)) - cb908934-9a93-428c-b1bf-b5dcd51b5616@group-E069DA589B9C-SegmentedRaftLogWorker: flushIndex: setUnconditionally 0 -> -1
2019-09-25 07:16:13,967 [pool-297-thread-1] INFO  server.RaftServerConfigKeys (ConfUtils.java:logGet(43)) - raft.server.snapshot.auto.trigger.enabled = true (custom)
2019-09-25 07:16:13,967 [pool-297-thread-1] INFO  server.RaftServerConfigKeys (ConfUtils.java:logGet(43)) - raft.server.snapshot.auto.trigger.threshold = 10000 (custom)
2019-09-25 07:16:13,967 [pool-297-thread-1] INFO  server.RaftServerConfigKeys (ConfUtils.java:logGet(43)) - raft.server.snapshot.retention.num.files = 5 (custom)
2019-09-25 07:16:13,967 [pool-297-thread-1] INFO  server.RaftServerConfigKeys (ConfUtils.java:logGet(43)) - raft.server.retrycache.expirytime = 600000ms (custom)
2019-09-25 07:16:13,969 [pool-297-thread-1] INFO  impl.RaftServerImpl (RaftServerImpl.java:start(185)) - cb908934-9a93-428c-b1bf-b5dcd51b5616@group-E069DA589B9C: start as a follower, conf=-1: [cb908934-9a93-428c-b1bf-b5dcd51b5616:192.168.30.10:34471], old=null
2019-09-25 07:16:13,969 [pool-297-thread-1] INFO  impl.RaftServerImpl (RaftServerImpl.java:setRole(174)) - cb908934-9a93-428c-b1bf-b5dcd51b5616@group-E069DA589B9C: changes role from      null to FOLLOWER at term 0 for startAsFollower
2019-09-25 07:16:13,969 [pool-297-thread-1] INFO  impl.RoleInfo (RoleInfo.java:updateAndGet(143)) - cb908934-9a93-428c-b1bf-b5dcd51b5616: start FollowerState
2019-09-25 07:16:13,969 [pool-297-thread-1] INFO  util.JmxRegister (JmxRegister.java:tryRegister(44)) - Successfully registered JMX Bean with object name Ratis:service=RaftServer,group=group-E069DA589B9C,id=cb908934-9a93-428c-b1bf-b5dcd51b5616
2019-09-25 07:16:13,973 [RatisPipelineUtilsThread] INFO  pipeline.PipelineStateManager (PipelineStateManager.java:addPipeline(56)) - Created pipeline Pipeline[ Id: aab79b59-8d21-459e-9876-e069da589b9c, Nodes: cb908934-9a93-428c-b1bf-b5dcd51b5616{ip: 192.168.30.10, host: pr-hdds-1569-s62bp-3040748787, networkLocation: /default-rack, certSerialId: null}, Type:RATIS, Factor:ONE, State:OPEN]
2019-09-25 07:16:13,974 [RatisPipelineUtilsThread] INFO  pipeline.PipelinePlacementPolicy (PipelinePlacementPolicy.java:meetCriteria(91)) - Pipeline Placement: Doesn't meet the criteria to be viable node： a073c3ef-49bb-4c5b-b895-835368f9c221 Heaviness: 6 limit: 5
2019-09-25 07:16:13,974 [RatisPipelineUtilsThread] INFO  pipeline.PipelinePlacementPolicy (PipelinePlacementPolicy.java:meetCriteria(91)) - Pipeline Placement: Doesn't meet the criteria to be viable node： b7ca5097-bc5b-4eb5-bfc6-2487a18e48b8 Heaviness: 6 limit: 5
2019-09-25 07:16:13,974 [RatisPipelineUtilsThread] INFO  pipeline.PipelinePlacementPolicy (PipelinePlacementPolicy.java:meetCriteria(91)) - Pipeline Placement: Doesn't meet the criteria to be viable node： cb908934-9a93-428c-b1bf-b5dcd51b5616 Heaviness: 6 limit: 5
2019-09-25 07:16:13,974 [RatisPipelineUtilsThread] ERROR pipeline.PipelinePlacementPolicy (PipelinePlacementPolicy.java:filterViableNodes(148)) - Unable to find enough nodes that meet the criteria that cannot engage in more than 5 pipelines. Nodes required: 1 Found: 0, healthy nodes count inNodeManager: 3.
2019-09-25 07:16:13,974 [RatisPipelineUtilsThread] ERROR pipeline.SCMPipelineManager (SCMPipelineManager.java:createPipeline(167)) - Pipeline creation failed due to exception: Unable to find enough nodes that meet the criteria that cannot engage in more than 5 pipelines. Nodes required: 1 Found: 0, healthy nodes count inNodeManager: 3.
2019-09-25 07:16:13,975 [RatisPipelineUtilsThread] INFO  pipeline.PipelinePlacementPolicy (PipelinePlacementPolicy.java:meetCriteria(91)) - Pipeline Placement: Doesn't meet the criteria to be viable node： a073c3ef-49bb-4c5b-b895-835368f9c221 Heaviness: 6 limit: 5
2019-09-25 07:16:13,975 [RatisPipelineUtilsThread] INFO  pipeline.PipelinePlacementPolicy (PipelinePlacementPolicy.java:meetCriteria(91)) - Pipeline Placement: Doesn't meet the criteria to be viable node： b7ca5097-bc5b-4eb5-bfc6-2487a18e48b8 Heaviness: 6 limit: 5
2019-09-25 07:16:13,975 [RatisPipelineUtilsThread] INFO  pipeline.PipelinePlacementPolicy (PipelinePlacementPolicy.java:meetCriteria(91)) - Pipeline Placement: Doesn't meet the criteria to be viable node： cb908934-9a93-428c-b1bf-b5dcd51b5616 Heaviness: 6 limit: 5
2019-09-25 07:16:13,975 [RatisPipelineUtilsThread] ERROR pipeline.PipelinePlacementPolicy (PipelinePlacementPolicy.java:filterViableNodes(148)) - Unable to find enough nodes that meet the criteria that cannot engage in more than 5 pipelines. Nodes required: 3 Found: 0, healthy nodes count inNodeManager: 3.
2019-09-25 07:16:13,975 [RatisPipelineUtilsThread] ERROR pipeline.SCMPipelineManager (SCMPipelineManager.java:createPipeline(167)) - Pipeline creation failed due to exception: Unable to find enough nodes that meet the criteria that cannot engage in more than 5 pipelines. Nodes required: 3 Found: 0, healthy nodes count inNodeManager: 3.
2019-09-25 07:16:13,976 [RatisPipelineUtilsThread] INFO  pipeline.PipelinePlacementPolicy (PipelinePlacementPolicy.java:meetCriteria(91)) - Pipeline Placement: Doesn't meet the criteria to be viable node： a073c3ef-49bb-4c5b-b895-835368f9c221 Heaviness: 6 limit: 5
2019-09-25 07:16:13,976 [RatisPipelineUtilsThread] INFO  pipeline.PipelinePlacementPolicy (PipelinePlacementPolicy.java:meetCriteria(91)) - Pipeline Placement: Doesn't meet the criteria to be viable node： b7ca5097-bc5b-4eb5-bfc6-2487a18e48b8 Heaviness: 6 limit: 5
2019-09-25 07:16:13,976 [RatisPipelineUtilsThread] INFO  pipeline.PipelinePlacementPolicy (PipelinePlacementPolicy.java:meetCriteria(91)) - Pipeline Placement: Doesn't meet the criteria to be viable node： cb908934-9a93-428c-b1bf-b5dcd51b5616 Heaviness: 6 limit: 5
2019-09-25 07:16:13,976 [RatisPipelineUtilsThread] ERROR pipeline.PipelinePlacementPolicy (PipelinePlacementPolicy.java:filterViableNodes(148)) - Unable to find enough nodes that meet the criteria that cannot engage in more than 5 pipelines. Nodes required: 1 Found: 0, healthy nodes count inNodeManager: 3.
2019-09-25 07:16:13,976 [RatisPipelineUtilsThread] ERROR pipeline.SCMPipelineManager (SCMPipelineManager.java:createPipeline(167)) - Pipeline creation failed due to exception: Unable to find enough nodes that meet the criteria that cannot engage in more than 5 pipelines. Nodes required: 1 Found: 0, healthy nodes count inNodeManager: 3.
2019-09-25 07:16:13,977 [RatisPipelineUtilsThread] INFO  pipeline.PipelinePlacementPolicy (PipelinePlacementPolicy.java:meetCriteria(91)) - Pipeline Placement: Doesn't meet the criteria to be viable node： a073c3ef-49bb-4c5b-b895-835368f9c221 Heaviness: 6 limit: 5
2019-09-25 07:16:13,977 [RatisPipelineUtilsThread] INFO  pipeline.PipelinePlacementPolicy (PipelinePlacementPolicy.java:meetCriteria(91)) - Pipeline Placement: Doesn't meet the criteria to be viable node： b7ca5097-bc5b-4eb5-bfc6-2487a18e48b8 Heaviness: 6 limit: 5
2019-09-25 07:16:13,977 [RatisPipelineUtilsThread] INFO  pipeline.PipelinePlacementPolicy (PipelinePlacementPolicy.java:meetCriteria(91)) - Pipeline Placement: Doesn't meet the criteria to be viable node： cb908934-9a93-428c-b1bf-b5dcd51b5616 Heaviness: 6 limit: 5
2019-09-25 07:16:13,977 [RatisPipelineUtilsThread] ERROR pipeline.PipelinePlacementPolicy (PipelinePlacementPolicy.java:filterViableNodes(148)) - Unable to find enough nodes that meet the criteria that cannot engage in more than 5 pipelines. Nodes required: 3 Found: 0, healthy nodes count inNodeManager: 3.
2019-09-25 07:16:13,977 [RatisPipelineUtilsThread] ERROR pipeline.SCMPipelineManager (SCMPipelineManager.java:createPipeline(167)) - Pipeline creation failed due to exception: Unable to find enough nodes that meet the criteria that cannot engage in more than 5 pipelines. Nodes required: 3 Found: 0, healthy nodes count inNodeManager: 3.
2019-09-25 07:16:14,185 [main] INFO  ozone.MiniOzoneClusterImpl (MiniOzoneClusterImpl.java:lambda$waitForClusterToBeReady$0(147)) - Cluster is ready. Got 3 of 3 DN Heartbeats.
2019-09-25 07:16:14,238 [main] INFO  rpc.RpcClient (RpcClient.java:createVolume(276)) - Creating Volume: grnphzleco, with user32798 as owner.
2019-09-25 07:16:14,243 [IPC Server handler 1 on 38433] INFO  volume.OMVolumeCreateRequest (OMVolumeCreateRequest.java:validateAndUpdateCache(189)) - created volume:grnphzleco for user:user32798
2019-09-25 07:16:14,256 [main] INFO  rpc.RpcClient (RpcClient.java:createBucket(415)) - Creating Bucket: grnphzleco/vwxurbhcqo, with Versioning false and Storage Type set to DISK and Encryption set to false 
2019-09-25 07:16:14,337 [IPC Server handler 0 on 41430] INFO  pipeline.PipelinePlacementPolicy (PipelinePlacementPolicy.java:meetCriteria(91)) - Pipeline Placement: Doesn't meet the criteria to be viable node： a073c3ef-49bb-4c5b-b895-835368f9c221 Heaviness: 6 limit: 5
2019-09-25 07:16:14,337 [IPC Server handler 0 on 41430] INFO  pipeline.PipelinePlacementPolicy (PipelinePlacementPolicy.java:meetCriteria(91)) - Pipeline Placement: Doesn't meet the criteria to be viable node： b7ca5097-bc5b-4eb5-bfc6-2487a18e48b8 Heaviness: 6 limit: 5
2019-09-25 07:16:14,337 [IPC Server handler 0 on 41430] INFO  pipeline.PipelinePlacementPolicy (PipelinePlacementPolicy.java:meetCriteria(91)) - Pipeline Placement: Doesn't meet the criteria to be viable node： cb908934-9a93-428c-b1bf-b5dcd51b5616 Heaviness: 6 limit: 5
2019-09-25 07:16:14,337 [IPC Server handler 0 on 41430] ERROR pipeline.PipelinePlacementPolicy (PipelinePlacementPolicy.java:filterViableNodes(148)) - Unable to find enough nodes that meet the criteria that cannot engage in more than 5 pipelines. Nodes required: 3 Found: 0, healthy nodes count inNodeManager: 3.
2019-09-25 07:16:14,338 [IPC Server handler 0 on 41430] ERROR pipeline.SCMPipelineManager (SCMPipelineManager.java:createPipeline(167)) - Pipeline creation failed due to exception: Unable to find enough nodes that meet the criteria that cannot engage in more than 5 pipelines. Nodes required: 3 Found: 0, healthy nodes count inNodeManager: 3.
2019-09-25 07:16:14,338 [IPC Server handler 0 on 41430] WARN  block.BlockManagerImpl (BlockManagerImpl.java:allocateBlock(192)) - Pipeline creation failed for type:RATIS factor:THREE. Retrying get pipelines call once.
org.apache.hadoop.hdds.scm.exceptions.SCMException: Unable to find enough nodes that meet the criteria that cannot engage in more than 5 pipelines. Nodes required: 3 Found: 0, healthy nodes count inNodeManager: 3.
	at org.apache.hadoop.hdds.scm.pipeline.PipelinePlacementPolicy.filterViableNodes(PipelinePlacementPolicy.java:149)
	at org.apache.hadoop.hdds.scm.pipeline.PipelinePlacementPolicy.chooseDatanodes(PipelinePlacementPolicy.java:172)
	at org.apache.hadoop.hdds.scm.pipeline.RatisPipelineProvider.create(RatisPipelineProvider.java:93)
	at org.apache.hadoop.hdds.scm.pipeline.PipelineFactory.create(PipelineFactory.java:58)
	at org.apache.hadoop.hdds.scm.pipeline.SCMPipelineManager.createPipeline(SCMPipelineManager.java:155)
	at org.apache.hadoop.hdds.scm.block.BlockManagerImpl.allocateBlock(BlockManagerImpl.java:190)
	at org.apache.hadoop.hdds.scm.server.SCMBlockProtocolServer.allocateBlock(SCMBlockProtocolServer.java:182)
	at org.apache.hadoop.ozone.protocolPB.ScmBlockLocationProtocolServerSideTranslatorPB.allocateScmBlock(ScmBlockLocationProtocolServerSideTranslatorPB.java:183)
	at org.apache.hadoop.ozone.protocolPB.ScmBlockLocationProtocolServerSideTranslatorPB.processMessage(ScmBlockLocationProtocolServerSideTranslatorPB.java:141)
	at org.apache.hadoop.ozone.protocolPB.ScmBlockLocationProtocolServerSideTranslatorPB.send(ScmBlockLocationProtocolServerSideTranslatorPB.java:116)
	at org.apache.hadoop.hdds.protocol.proto.ScmBlockLocationProtocolProtos$ScmBlockLocationProtocolService$2.callBlockingMethod(ScmBlockLocationProtocolProtos.java:13157)
	at org.apache.hadoop.ipc.ProtobufRpcEngine$Server$ProtoBufRpcInvoker.call(ProtobufRpcEngine.java:524)
	at org.apache.hadoop.ipc.RPC$Server.call(RPC.java:1025)
	at org.apache.hadoop.ipc.Server$RpcCall.run(Server.java:876)
	at org.apache.hadoop.ipc.Server$RpcCall.run(Server.java:822)
	at java.security.AccessController.doPrivileged(Native Method)
	at javax.security.auth.Subject.doAs(Subject.java:422)
	at org.apache.hadoop.security.UserGroupInformation.doAs(UserGroupInformation.java:1730)
	at org.apache.hadoop.ipc.Server$Handler.run(Server.java:2682)
2019-09-25 07:16:14,340 [IPC Server handler 0 on 41430] INFO  block.BlockManagerImpl (BlockManagerImpl.java:allocateBlock(198)) - Could not find available pipeline of type:RATIS and factor:THREE even after retrying
2019-09-25 07:16:14,340 [IPC Server handler 0 on 41430] ERROR block.BlockManagerImpl (BlockManagerImpl.java:allocateBlock(222)) - Unable to allocate a block for the size: 4194304, type: RATIS, factor: THREE
2019-09-25 07:16:14,347 [main] INFO  ozone.MiniOzoneClusterImpl (MiniOzoneClusterImpl.java:shutdown(314)) - Shutting down the Mini Ozone Cluster
2019-09-25 07:16:14,348 [main] INFO  ozone.MiniOzoneClusterImpl (MiniOzoneClusterImpl.java:stop(330)) - Stopping the Mini Ozone Cluster
2019-09-25 07:16:14,348 [main] INFO  ozone.MiniOzoneClusterImpl (MiniOzoneClusterImpl.java:stopOM(400)) - Stopping the OzoneManager
2019-09-25 07:16:14,348 [main] INFO  ipc.Server (Server.java:stop(3082)) - Stopping server on 38433
2019-09-25 07:16:14,353 [IPC Server listener on 38433] INFO  ipc.Server (Server.java:run(1185)) - Stopping IPC Server listener on 38433
2019-09-25 07:16:14,354 [IPC Server Responder] INFO  ipc.Server (Server.java:run(1319)) - Stopping IPC Server Responder
2019-09-25 07:16:14,353 [main] INFO  ratis.OzoneManagerDoubleBuffer (OzoneManagerDoubleBuffer.java:stop(248)) - Stopping OMDoubleBuffer flush thread
2019-09-25 07:16:14,357 [OMDoubleBufferFlushThread] INFO  ratis.OzoneManagerDoubleBuffer (OzoneManagerDoubleBuffer.java:flushTransactions(191)) - OMDoubleBuffer flush thread OMDoubleBufferFlushThread is interrupted and will exit. OMDoubleBufferFlushThread
2019-09-25 07:16:14,357 [main] INFO  utils.BackgroundService (BackgroundService.java:shutdown(148)) - Shutting down service KeyDeletingService
2019-09-25 07:16:14,359 [main] INFO  handler.ContextHandler (ContextHandler.java:doStop(910)) - Stopped o.e.j.w.WebAppContext@51e7589f{/,null,UNAVAILABLE}{/ozoneManager}
2019-09-25 07:16:14,359 [main] INFO  server.AbstractConnector (AbstractConnector.java:doStop(318)) - Stopped ServerConnector@65cc5252{HTTP/1.1,[http/1.1]}{0.0.0.0:0}
2019-09-25 07:16:14,360 [main] INFO  handler.ContextHandler (ContextHandler.java:doStop(910)) - Stopped o.e.j.s.ServletContextHandler@6c0b51da{/static,jar:file:/home/user/.m2/repository/org/apache/hadoop/hadoop-ozone-ozone-manager/0.5.0-SNAPSHOT/hadoop-ozone-ozone-manager-0.5.0-SNAPSHOT.jar!/webapps/static,UNAVAILABLE}
2019-09-25 07:16:14,360 [main] INFO  handler.ContextHandler (ContextHandler.java:doStop(910)) - Stopped o.e.j.s.ServletContextHandler@1788cb61{/logs,file:///workdir/hadoop-ozone/ozonefs/target/log,UNAVAILABLE}
2019-09-25 07:16:14,362 [main] INFO  ozone.MiniOzoneClusterImpl (MiniOzoneClusterImpl.java:stopDatanodes(377)) - Stopping the HddsDatanodes
2019-09-25 07:16:15,040 [Datanode State Machine Thread - 0] INFO  statemachine.DatanodeStateMachine (DatanodeStateMachine.java:lambda$startDaemon$0(350)) - Ozone container server started.
2019-09-25 07:16:15,113 [Datanode State Machine Thread - 0] INFO  statemachine.DatanodeStateMachine (DatanodeStateMachine.java:lambda$startDaemon$0(350)) - Ozone container server started.
2019-09-25 07:16:16,051 [Thread-1486] INFO  container.ReplicationManager (ReplicationManager.java:start(163)) - Starting Replication Monitor Thread.
2019-09-25 07:16:16,055 [ReplicationMonitor] INFO  container.ReplicationManager (ReplicationManager.java:run(226)) - Replication Monitor Thread took 0 milliseconds for processing 0 containers.
2019-09-25 07:16:18,173 [Thread-1488] INFO  impl.FollowerState (FollowerState.java:run(106)) - a073c3ef-49bb-4c5b-b895-835368f9c221:group-05AF502C2990 changes to CANDIDATE, lastRpcTime:5060, electionTimeout:5060ms
2019-09-25 07:16:18,173 [Thread-1488] INFO  impl.RoleInfo (RoleInfo.java:shutdownFollowerState(121)) - a073c3ef-49bb-4c5b-b895-835368f9c221: shutdown FollowerState
2019-09-25 07:16:18,173 [Thread-1488] INFO  impl.RaftServerImpl (RaftServerImpl.java:setRole(174)) - a073c3ef-49bb-4c5b-b895-835368f9c221@group-05AF502C2990: changes role from  FOLLOWER to CANDIDATE at term 0 for changeToCandidate
2019-09-25 07:16:18,173 [Thread-1488] INFO  impl.RoleInfo (RoleInfo.java:updateAndGet(143)) - a073c3ef-49bb-4c5b-b895-835368f9c221: start LeaderElection
2019-09-25 07:16:18,190 [Thread-1491] INFO  impl.FollowerState (FollowerState.java:run(106)) - a073c3ef-49bb-4c5b-b895-835368f9c221:group-57E17577B197 changes to CANDIDATE, lastRpcTime:5035, electionTimeout:5035ms
2019-09-25 07:16:18,190 [Thread-1491] INFO  impl.RoleInfo (RoleInfo.java:shutdownFollowerState(121)) - a073c3ef-49bb-4c5b-b895-835368f9c221: shutdown FollowerState
2019-09-25 07:16:18,191 [Thread-1491] INFO  impl.RaftServerImpl (RaftServerImpl.java:setRole(174)) - a073c3ef-49bb-4c5b-b895-835368f9c221@group-57E17577B197: changes role from  FOLLOWER to CANDIDATE at term 0 for changeToCandidate
2019-09-25 07:16:18,191 [Thread-1491] INFO  impl.RoleInfo (RoleInfo.java:updateAndGet(143)) - a073c3ef-49bb-4c5b-b895-835368f9c221: start LeaderElection
2019-09-25 07:16:18,191 [a073c3ef-49bb-4c5b-b895-835368f9c221@group-05AF502C2990:LeaderElection79] INFO  impl.LeaderElection (LeaderElection.java:askForVotes(182)) - a073c3ef-49bb-4c5b-b895-835368f9c221@group-05AF502C2990:LeaderElection79: begin an election at term 1 for -1: [a073c3ef-49bb-4c5b-b895-835368f9c221:192.168.30.10:46476], old=null
2019-09-25 07:16:18,193 [a073c3ef-49bb-4c5b-b895-835368f9c221@group-05AF502C2990:LeaderElection79] INFO  impl.RoleInfo (RoleInfo.java:shutdownLeaderElection(134)) - a073c3ef-49bb-4c5b-b895-835368f9c221: shutdown LeaderElection
2019-09-25 07:16:18,193 [a073c3ef-49bb-4c5b-b895-835368f9c221@group-05AF502C2990:LeaderElection79] INFO  impl.RaftServerImpl (RaftServerImpl.java:setRole(174)) - a073c3ef-49bb-4c5b-b895-835368f9c221@group-05AF502C2990: changes role from CANDIDATE to LEADER at term 1 for changeToLeader
2019-09-25 07:16:18,193 [a073c3ef-49bb-4c5b-b895-835368f9c221@group-05AF502C2990:LeaderElection79] INFO  impl.RaftServerImpl (ServerState.java:setLeader(253)) - a073c3ef-49bb-4c5b-b895-835368f9c221@group-05AF502C2990: change Leader from null to a073c3ef-49bb-4c5b-b895-835368f9c221 at term 1 for becomeLeader, leader elected after 5088ms
2019-09-25 07:16:18,194 [a073c3ef-49bb-4c5b-b895-835368f9c221@group-05AF502C2990:LeaderElection79] INFO  server.RaftServerConfigKeys (ConfUtils.java:logGet(43)) - raft.server.staging.catchup.gap = 1000 (default)
2019-09-25 07:16:18,194 [a073c3ef-49bb-4c5b-b895-835368f9c221@group-05AF502C2990:LeaderElection79] INFO  server.RaftServerConfigKeys (ConfUtils.java:logGet(43)) - raft.server.rpc.sleep.time = 25ms (default)
2019-09-25 07:16:18,194 [a073c3ef-49bb-4c5b-b895-835368f9c221@group-05AF502C2990:LeaderElection79] INFO  server.RaftServerConfigKeys (ConfUtils.java:logGet(43)) - raft.server.write.element-limit = 4096 (default)
2019-09-25 07:16:18,194 [a073c3ef-49bb-4c5b-b895-835368f9c221@group-05AF502C2990:LeaderElection79] INFO  server.RaftServerConfigKeys (ConfUtils.java:logGet(43)) - raft.server.watch.timeout = 10s (default)
2019-09-25 07:16:18,194 [a073c3ef-49bb-4c5b-b895-835368f9c221@group-05AF502C2990:LeaderElection79] INFO  server.RaftServerConfigKeys (ConfUtils.java:logGet(43)) - raft.server.watch.timeout.denomination = 1s (default)
2019-09-25 07:16:18,195 [a073c3ef-49bb-4c5b-b895-835368f9c221@group-05AF502C2990:LeaderElection79] INFO  server.RaftServerConfigKeys (ConfUtils.java:logGet(43)) - raft.server.watch.element-limit = 65536 (default)
2019-09-25 07:16:18,197 [a073c3ef-49bb-4c5b-b895-835368f9c221@group-05AF502C2990:LeaderElection79] INFO  impl.RoleInfo (RoleInfo.java:updateAndGet(143)) - a073c3ef-49bb-4c5b-b895-835368f9c221: start LeaderState
2019-09-25 07:16:18,198 [a073c3ef-49bb-4c5b-b895-835368f9c221@group-05AF502C2990:LeaderElection79] INFO  segmented.SegmentedRaftLogWorker (SegmentedRaftLogWorker.java:startLogSegment(380)) - a073c3ef-49bb-4c5b-b895-835368f9c221@group-05AF502C2990-SegmentedRaftLogWorker: Starting segment from index:0
2019-09-25 07:16:18,198 [a073c3ef-49bb-4c5b-b895-835368f9c221@group-05AF502C2990:LeaderElection79] INFO  impl.RaftServerImpl (ServerState.java:setRaftConf(354)) - a073c3ef-49bb-4c5b-b895-835368f9c221@group-05AF502C2990: set configuration 0: [a073c3ef-49bb-4c5b-b895-835368f9c221:192.168.30.10:46476], old=null at 0
2019-09-25 07:16:18,206 [a073c3ef-49bb-4c5b-b895-835368f9c221@group-57E17577B197:LeaderElection80] INFO  impl.LeaderElection (LeaderElection.java:askForVotes(182)) - a073c3ef-49bb-4c5b-b895-835368f9c221@group-57E17577B197:LeaderElection80: begin an election at term 1 for -1: [a073c3ef-49bb-4c5b-b895-835368f9c221:192.168.30.10:46476], old=null
2019-09-25 07:16:18,206 [a073c3ef-49bb-4c5b-b895-835368f9c221@group-57E17577B197:LeaderElection80] INFO  impl.RoleInfo (RoleInfo.java:shutdownLeaderElection(134)) - a073c3ef-49bb-4c5b-b895-835368f9c221: shutdown LeaderElection
2019-09-25 07:16:18,206 [a073c3ef-49bb-4c5b-b895-835368f9c221@group-57E17577B197:LeaderElection80] INFO  impl.RaftServerImpl (RaftServerImpl.java:setRole(174)) - a073c3ef-49bb-4c5b-b895-835368f9c221@group-57E17577B197: changes role from CANDIDATE to LEADER at term 1 for changeToLeader
2019-09-25 07:16:18,206 [a073c3ef-49bb-4c5b-b895-835368f9c221@group-57E17577B197:LeaderElection80] INFO  impl.RaftServerImpl (ServerState.java:setLeader(253)) - a073c3ef-49bb-4c5b-b895-835368f9c221@group-57E17577B197: change Leader from null to a073c3ef-49bb-4c5b-b895-835368f9c221 at term 1 for becomeLeader, leader elected after 5055ms
2019-09-25 07:16:18,206 [a073c3ef-49bb-4c5b-b895-835368f9c221@group-57E17577B197:LeaderElection80] INFO  server.RaftServerConfigKeys (ConfUtils.java:logGet(43)) - raft.server.staging.catchup.gap = 1000 (default)
2019-09-25 07:16:18,206 [a073c3ef-49bb-4c5b-b895-835368f9c221@group-57E17577B197:LeaderElection80] INFO  server.RaftServerConfigKeys (ConfUtils.java:logGet(43)) - raft.server.rpc.sleep.time = 25ms (default)
2019-09-25 07:16:18,207 [a073c3ef-49bb-4c5b-b895-835368f9c221@group-57E17577B197:LeaderElection80] INFO  server.RaftServerConfigKeys (ConfUtils.java:logGet(43)) - raft.server.write.element-limit = 4096 (default)
2019-09-25 07:16:18,207 [a073c3ef-49bb-4c5b-b895-835368f9c221@group-57E17577B197:LeaderElection80] INFO  server.RaftServerConfigKeys (ConfUtils.java:logGet(43)) - raft.server.watch.timeout = 10s (default)
2019-09-25 07:16:18,207 [a073c3ef-49bb-4c5b-b895-835368f9c221@group-57E17577B197:LeaderElection80] INFO  server.RaftServerConfigKeys (ConfUtils.java:logGet(43)) - raft.server.watch.timeout.denomination = 1s (default)
2019-09-25 07:16:18,207 [a073c3ef-49bb-4c5b-b895-835368f9c221@group-57E17577B197:LeaderElection80] INFO  server.RaftServerConfigKeys (ConfUtils.java:logGet(43)) - raft.server.watch.element-limit = 65536 (default)
2019-09-25 07:16:18,209 [a073c3ef-49bb-4c5b-b895-835368f9c221@group-57E17577B197:LeaderElection80] INFO  impl.RoleInfo (RoleInfo.java:updateAndGet(143)) - a073c3ef-49bb-4c5b-b895-835368f9c221: start LeaderState
2019-09-25 07:16:18,209 [a073c3ef-49bb-4c5b-b895-835368f9c221@group-57E17577B197:LeaderElection80] INFO  segmented.SegmentedRaftLogWorker (SegmentedRaftLogWorker.java:startLogSegment(380)) - a073c3ef-49bb-4c5b-b895-835368f9c221@group-57E17577B197-SegmentedRaftLogWorker: Starting segment from index:0
2019-09-25 07:16:18,209 [a073c3ef-49bb-4c5b-b895-835368f9c221@group-57E17577B197:LeaderElection80] INFO  impl.RaftServerImpl (ServerState.java:setRaftConf(354)) - a073c3ef-49bb-4c5b-b895-835368f9c221@group-57E17577B197: set configuration 0: [a073c3ef-49bb-4c5b-b895-835368f9c221:192.168.30.10:46476], old=null at 0
2019-09-25 07:16:18,251 [a073c3ef-49bb-4c5b-b895-835368f9c221@group-05AF502C2990-SegmentedRaftLogWorker] INFO  segmented.SegmentedRaftLogWorker (SegmentedRaftLogWorker.java:execute(569)) - a073c3ef-49bb-4c5b-b895-835368f9c221@group-05AF502C2990-SegmentedRaftLogWorker: created new log segment /workdir/hadoop-ozone/ozonefs/target/test-dir/MiniOzoneClusterImpl-27c41e8f-6b3c-4668-9f3b-45b0868fb4ff/datanode-0/data/ratis/0510afc1-b53c-4e6b-ba46-05af502c2990/current/log_inprogress_0
2019-09-25 07:16:18,251 [a073c3ef-49bb-4c5b-b895-835368f9c221@group-57E17577B197-SegmentedRaftLogWorker] INFO  segmented.SegmentedRaftLogWorker (SegmentedRaftLogWorker.java:execute(569)) - a073c3ef-49bb-4c5b-b895-835368f9c221@group-57E17577B197-SegmentedRaftLogWorker: created new log segment /workdir/hadoop-ozone/ozonefs/target/test-dir/MiniOzoneClusterImpl-27c41e8f-6b3c-4668-9f3b-45b0868fb4ff/datanode-0/data/ratis/a4f2df19-302d-4992-aeba-57e17577b197/current/log_inprogress_0
2019-09-25 07:16:18,318 [Thread-1494] INFO  impl.FollowerState (FollowerState.java:run(106)) - a073c3ef-49bb-4c5b-b895-835368f9c221:group-9FA36F8FE3AE changes to CANDIDATE, lastRpcTime:5121, electionTimeout:5121ms
2019-09-25 07:16:18,318 [Thread-1494] INFO  impl.RoleInfo (RoleInfo.java:shutdownFollowerState(121)) - a073c3ef-49bb-4c5b-b895-835368f9c221: shutdown FollowerState
2019-09-25 07:16:18,318 [Thread-1494] INFO  impl.RaftServerImpl (RaftServerImpl.java:setRole(174)) - a073c3ef-49bb-4c5b-b895-835368f9c221@group-9FA36F8FE3AE: changes role from  FOLLOWER to CANDIDATE at term 0 for changeToCandidate
2019-09-25 07:16:18,319 [Thread-1494] INFO  impl.RoleInfo (RoleInfo.java:updateAndGet(143)) - a073c3ef-49bb-4c5b-b895-835368f9c221: start LeaderElection
2019-09-25 07:16:18,324 [Thread-1497] INFO  impl.FollowerState (FollowerState.java:run(106)) - a073c3ef-49bb-4c5b-b895-835368f9c221:group-2FF260E78743 changes to CANDIDATE, lastRpcTime:5084, electionTimeout:5084ms
2019-09-25 07:16:18,324 [Thread-1497] INFO  impl.RoleInfo (RoleInfo.java:shutdownFollowerState(121)) - a073c3ef-49bb-4c5b-b895-835368f9c221: shutdown FollowerState
2019-09-25 07:16:18,324 [Thread-1497] INFO  impl.RaftServerImpl (RaftServerImpl.java:setRole(174)) - a073c3ef-49bb-4c5b-b895-835368f9c221@group-2FF260E78743: changes role from  FOLLOWER to CANDIDATE at term 0 for changeToCandidate
2019-09-25 07:16:18,324 [Thread-1497] INFO  impl.RoleInfo (RoleInfo.java:updateAndGet(143)) - a073c3ef-49bb-4c5b-b895-835368f9c221: start LeaderElection
2019-09-25 07:16:18,335 [a073c3ef-49bb-4c5b-b895-835368f9c221@group-9FA36F8FE3AE:LeaderElection81] INFO  impl.LeaderElection (LeaderElection.java:askForVotes(182)) - a073c3ef-49bb-4c5b-b895-835368f9c221@group-9FA36F8FE3AE:LeaderElection81: begin an election at term 1 for -1: [a073c3ef-49bb-4c5b-b895-835368f9c221:192.168.30.10:46476], old=null
2019-09-25 07:16:18,336 [a073c3ef-49bb-4c5b-b895-835368f9c221@group-2FF260E78743:LeaderElection82] INFO  impl.LeaderElection (LeaderElection.java:askForVotes(182)) - a073c3ef-49bb-4c5b-b895-835368f9c221@group-2FF260E78743:LeaderElection82: begin an election at term 1 for -1: [a073c3ef-49bb-4c5b-b895-835368f9c221:192.168.30.10:46476], old=null
2019-09-25 07:16:18,336 [a073c3ef-49bb-4c5b-b895-835368f9c221@group-9FA36F8FE3AE:LeaderElection81] INFO  impl.RoleInfo (RoleInfo.java:shutdownLeaderElection(134)) - a073c3ef-49bb-4c5b-b895-835368f9c221: shutdown LeaderElection
2019-09-25 07:16:18,336 [a073c3ef-49bb-4c5b-b895-835368f9c221@group-2FF260E78743:LeaderElection82] INFO  impl.RoleInfo (RoleInfo.java:shutdownLeaderElection(134)) - a073c3ef-49bb-4c5b-b895-835368f9c221: shutdown LeaderElection
2019-09-25 07:16:18,336 [a073c3ef-49bb-4c5b-b895-835368f9c221@group-9FA36F8FE3AE:LeaderElection81] INFO  impl.RaftServerImpl (RaftServerImpl.java:setRole(174)) - a073c3ef-49bb-4c5b-b895-835368f9c221@group-9FA36F8FE3AE: changes role from CANDIDATE to LEADER at term 1 for changeToLeader
2019-09-25 07:16:18,336 [a073c3ef-49bb-4c5b-b895-835368f9c221@group-2FF260E78743:LeaderElection82] INFO  impl.RaftServerImpl (RaftServerImpl.java:setRole(174)) - a073c3ef-49bb-4c5b-b895-835368f9c221@group-2FF260E78743: changes role from CANDIDATE to LEADER at term 1 for changeToLeader
2019-09-25 07:16:18,336 [a073c3ef-49bb-4c5b-b895-835368f9c221@group-9FA36F8FE3AE:LeaderElection81] INFO  impl.RaftServerImpl (ServerState.java:setLeader(253)) - a073c3ef-49bb-4c5b-b895-835368f9c221@group-9FA36F8FE3AE: change Leader from null to a073c3ef-49bb-4c5b-b895-835368f9c221 at term 1 for becomeLeader, leader elected after 5145ms
2019-09-25 07:16:18,336 [a073c3ef-49bb-4c5b-b895-835368f9c221@group-2FF260E78743:LeaderElection82] INFO  impl.RaftServerImpl (ServerState.java:setLeader(253)) - a073c3ef-49bb-4c5b-b895-835368f9c221@group-2FF260E78743: change Leader from null to a073c3ef-49bb-4c5b-b895-835368f9c221 at term 1 for becomeLeader, leader elected after 5101ms
2019-09-25 07:16:18,336 [a073c3ef-49bb-4c5b-b895-835368f9c221@group-9FA36F8FE3AE:LeaderElection81] INFO  server.RaftServerConfigKeys (ConfUtils.java:logGet(43)) - raft.server.staging.catchup.gap = 1000 (default)
2019-09-25 07:16:18,337 [a073c3ef-49bb-4c5b-b895-835368f9c221@group-2FF260E78743:LeaderElection82] INFO  server.RaftServerConfigKeys (ConfUtils.java:logGet(43)) - raft.server.staging.catchup.gap = 1000 (default)
2019-09-25 07:16:18,337 [a073c3ef-49bb-4c5b-b895-835368f9c221@group-9FA36F8FE3AE:LeaderElection81] INFO  server.RaftServerConfigKeys (ConfUtils.java:logGet(43)) - raft.server.rpc.sleep.time = 25ms (default)
2019-09-25 07:16:18,337 [a073c3ef-49bb-4c5b-b895-835368f9c221@group-2FF260E78743:LeaderElection82] INFO  server.RaftServerConfigKeys (ConfUtils.java:logGet(43)) - raft.server.rpc.sleep.time = 25ms (default)
2019-09-25 07:16:18,337 [a073c3ef-49bb-4c5b-b895-835368f9c221@group-9FA36F8FE3AE:LeaderElection81] INFO  server.RaftServerConfigKeys (ConfUtils.java:logGet(43)) - raft.server.write.element-limit = 4096 (default)
2019-09-25 07:16:18,337 [a073c3ef-49bb-4c5b-b895-835368f9c221@group-2FF260E78743:LeaderElection82] INFO  server.RaftServerConfigKeys (ConfUtils.java:logGet(43)) - raft.server.write.element-limit = 4096 (default)
2019-09-25 07:16:18,337 [a073c3ef-49bb-4c5b-b895-835368f9c221@group-9FA36F8FE3AE:LeaderElection81] INFO  server.RaftServerConfigKeys (ConfUtils.java:logGet(43)) - raft.server.watch.timeout = 10s (default)
2019-09-25 07:16:18,337 [a073c3ef-49bb-4c5b-b895-835368f9c221@group-2FF260E78743:LeaderElection82] INFO  server.RaftServerConfigKeys (ConfUtils.java:logGet(43)) - raft.server.watch.timeout = 10s (default)
2019-09-25 07:16:18,337 [a073c3ef-49bb-4c5b-b895-835368f9c221@group-9FA36F8FE3AE:LeaderElection81] INFO  server.RaftServerConfigKeys (ConfUtils.java:logGet(43)) - raft.server.watch.timeout.denomination = 1s (default)
2019-09-25 07:16:18,338 [a073c3ef-49bb-4c5b-b895-835368f9c221@group-2FF260E78743:LeaderElection82] INFO  server.RaftServerConfigKeys (ConfUtils.java:logGet(43)) - raft.server.watch.timeout.denomination = 1s (default)
2019-09-25 07:16:18,338 [a073c3ef-49bb-4c5b-b895-835368f9c221@group-9FA36F8FE3AE:LeaderElection81] INFO  server.RaftServerConfigKeys (ConfUtils.java:logGet(43)) - raft.server.watch.element-limit = 65536 (default)
2019-09-25 07:16:18,338 [a073c3ef-49bb-4c5b-b895-835368f9c221@group-2FF260E78743:LeaderElection82] INFO  server.RaftServerConfigKeys (ConfUtils.java:logGet(43)) - raft.server.watch.element-limit = 65536 (default)
2019-09-25 07:16:18,341 [a073c3ef-49bb-4c5b-b895-835368f9c221@group-9FA36F8FE3AE:LeaderElection81] INFO  impl.RoleInfo (RoleInfo.java:updateAndGet(143)) - a073c3ef-49bb-4c5b-b895-835368f9c221: start LeaderState
2019-09-25 07:16:18,342 [a073c3ef-49bb-4c5b-b895-835368f9c221@group-2FF260E78743:LeaderElection82] INFO  impl.RoleInfo (RoleInfo.java:updateAndGet(143)) - a073c3ef-49bb-4c5b-b895-835368f9c221: start LeaderState
2019-09-25 07:16:18,342 [a073c3ef-49bb-4c5b-b895-835368f9c221@group-9FA36F8FE3AE:LeaderElection81] INFO  segmented.SegmentedRaftLogWorker (SegmentedRaftLogWorker.java:startLogSegment(380)) - a073c3ef-49bb-4c5b-b895-835368f9c221@group-9FA36F8FE3AE-SegmentedRaftLogWorker: Starting segment from index:0
2019-09-25 07:16:18,342 [a073c3ef-49bb-4c5b-b895-835368f9c221@group-2FF260E78743:LeaderElection82] INFO  segmented.SegmentedRaftLogWorker (SegmentedRaftLogWorker.java:startLogSegment(380)) - a073c3ef-49bb-4c5b-b895-835368f9c221@group-2FF260E78743-SegmentedRaftLogWorker: Starting segment from index:0
2019-09-25 07:16:18,342 [a073c3ef-49bb-4c5b-b895-835368f9c221@group-9FA36F8FE3AE:LeaderElection81] INFO  impl.RaftServerImpl (ServerState.java:setRaftConf(354)) - a073c3ef-49bb-4c5b-b895-835368f9c221@group-9FA36F8FE3AE: set configuration 0: [a073c3ef-49bb-4c5b-b895-835368f9c221:192.168.30.10:46476], old=null at 0
2019-09-25 07:16:18,342 [a073c3ef-49bb-4c5b-b895-835368f9c221@group-2FF260E78743:LeaderElection82] INFO  impl.RaftServerImpl (ServerState.java:setRaftConf(354)) - a073c3ef-49bb-4c5b-b895-835368f9c221@group-2FF260E78743: set configuration 0: [a073c3ef-49bb-4c5b-b895-835368f9c221:192.168.30.10:46476], old=null at 0
2019-09-25 07:16:18,354 [Thread-1503] INFO  impl.FollowerState (FollowerState.java:run(106)) - b7ca5097-bc5b-4eb5-bfc6-2487a18e48b8:group-7CA296BBA37C changes to CANDIDATE, lastRpcTime:5026, electionTimeout:5026ms
2019-09-25 07:16:18,354 [Thread-1503] INFO  impl.RoleInfo (RoleInfo.java:shutdownFollowerState(121)) - b7ca5097-bc5b-4eb5-bfc6-2487a18e48b8: shutdown FollowerState
2019-09-25 07:16:18,354 [Thread-1503] INFO  impl.RaftServerImpl (RaftServerImpl.java:setRole(174)) - b7ca5097-bc5b-4eb5-bfc6-2487a18e48b8@group-7CA296BBA37C: changes role from  FOLLOWER to CANDIDATE at term 0 for changeToCandidate
2019-09-25 07:16:18,354 [Thread-1503] INFO  impl.RoleInfo (RoleInfo.java:updateAndGet(143)) - b7ca5097-bc5b-4eb5-bfc6-2487a18e48b8: start LeaderElection
2019-09-25 07:16:18,405 [a073c3ef-49bb-4c5b-b895-835368f9c221@group-2FF260E78743-SegmentedRaftLogWorker] INFO  segmented.SegmentedRaftLogWorker (SegmentedRaftLogWorker.java:execute(569)) - a073c3ef-49bb-4c5b-b895-835368f9c221@group-2FF260E78743-SegmentedRaftLogWorker: created new log segment /workdir/hadoop-ozone/ozonefs/target/test-dir/MiniOzoneClusterImpl-27c41e8f-6b3c-4668-9f3b-45b0868fb4ff/datanode-0/data/ratis/1bb9e8e1-4f29-48e5-ac41-2ff260e78743/current/log_inprogress_0
2019-09-25 07:16:18,405 [b7ca5097-bc5b-4eb5-bfc6-2487a18e48b8@group-7CA296BBA37C:LeaderElection83] INFO  impl.LeaderElection (LeaderElection.java:askForVotes(182)) - b7ca5097-bc5b-4eb5-bfc6-2487a18e48b8@group-7CA296BBA37C:LeaderElection83: begin an election at term 1 for -1: [b7ca5097-bc5b-4eb5-bfc6-2487a18e48b8:192.168.30.10:35346], old=null
2019-09-25 07:16:18,405 [a073c3ef-49bb-4c5b-b895-835368f9c221@group-9FA36F8FE3AE-SegmentedRaftLogWorker] INFO  segmented.SegmentedRaftLogWorker (SegmentedRaftLogWorker.java:execute(569)) - a073c3ef-49bb-4c5b-b895-835368f9c221@group-9FA36F8FE3AE-SegmentedRaftLogWorker: created new log segment /workdir/hadoop-ozone/ozonefs/target/test-dir/MiniOzoneClusterImpl-27c41e8f-6b3c-4668-9f3b-45b0868fb4ff/datanode-0/data/ratis/ef2032eb-651d-4cb6-b402-9fa36f8fe3ae/current/log_inprogress_0
2019-09-25 07:16:18,405 [b7ca5097-bc5b-4eb5-bfc6-2487a18e48b8@group-7CA296BBA37C:LeaderElection83] INFO  impl.RoleInfo (RoleInfo.java:shutdownLeaderElection(134)) - b7ca5097-bc5b-4eb5-bfc6-2487a18e48b8: shutdown LeaderElection
2019-09-25 07:16:18,406 [b7ca5097-bc5b-4eb5-bfc6-2487a18e48b8@group-7CA296BBA37C:LeaderElection83] INFO  impl.RaftServerImpl (RaftServerImpl.java:setRole(174)) - b7ca5097-bc5b-4eb5-bfc6-2487a18e48b8@group-7CA296BBA37C: changes role from CANDIDATE to LEADER at term 1 for changeToLeader
2019-09-25 07:16:18,406 [b7ca5097-bc5b-4eb5-bfc6-2487a18e48b8@group-7CA296BBA37C:LeaderElection83] INFO  impl.RaftServerImpl (ServerState.java:setLeader(253)) - b7ca5097-bc5b-4eb5-bfc6-2487a18e48b8@group-7CA296BBA37C: change Leader from null to b7ca5097-bc5b-4eb5-bfc6-2487a18e48b8 at term 1 for becomeLeader, leader elected after 5086ms
2019-09-25 07:16:18,406 [b7ca5097-bc5b-4eb5-bfc6-2487a18e48b8@group-7CA296BBA37C:LeaderElection83] INFO  server.RaftServerConfigKeys (ConfUtils.java:logGet(43)) - raft.server.staging.catchup.gap = 1000 (default)
2019-09-25 07:16:18,406 [b7ca5097-bc5b-4eb5-bfc6-2487a18e48b8@group-7CA296BBA37C:LeaderElection83] INFO  server.RaftServerConfigKeys (ConfUtils.java:logGet(43)) - raft.server.rpc.sleep.time = 25ms (default)
2019-09-25 07:16:18,406 [b7ca5097-bc5b-4eb5-bfc6-2487a18e48b8@group-7CA296BBA37C:LeaderElection83] INFO  server.RaftServerConfigKeys (ConfUtils.java:logGet(43)) - raft.server.write.element-limit = 4096 (default)
2019-09-25 07:16:18,406 [b7ca5097-bc5b-4eb5-bfc6-2487a18e48b8@group-7CA296BBA37C:LeaderElection83] INFO  server.RaftServerConfigKeys (ConfUtils.java:logGet(43)) - raft.server.watch.timeout = 10s (default)
2019-09-25 07:16:18,406 [b7ca5097-bc5b-4eb5-bfc6-2487a18e48b8@group-7CA296BBA37C:LeaderElection83] INFO  server.RaftServerConfigKeys (ConfUtils.java:logGet(43)) - raft.server.watch.timeout.denomination = 1s (default)
2019-09-25 07:16:18,407 [b7ca5097-bc5b-4eb5-bfc6-2487a18e48b8@group-7CA296BBA37C:LeaderElection83] INFO  server.RaftServerConfigKeys (ConfUtils.java:logGet(43)) - raft.server.watch.element-limit = 65536 (default)
2019-09-25 07:16:18,409 [b7ca5097-bc5b-4eb5-bfc6-2487a18e48b8@group-7CA296BBA37C:LeaderElection83] INFO  impl.RoleInfo (RoleInfo.java:updateAndGet(143)) - b7ca5097-bc5b-4eb5-bfc6-2487a18e48b8: start LeaderState
2019-09-25 07:16:18,409 [b7ca5097-bc5b-4eb5-bfc6-2487a18e48b8@group-7CA296BBA37C:LeaderElection83] INFO  segmented.SegmentedRaftLogWorker (SegmentedRaftLogWorker.java:startLogSegment(380)) - b7ca5097-bc5b-4eb5-bfc6-2487a18e48b8@group-7CA296BBA37C-SegmentedRaftLogWorker: Starting segment from index:0
2019-09-25 07:16:18,409 [b7ca5097-bc5b-4eb5-bfc6-2487a18e48b8@group-7CA296BBA37C:LeaderElection83] INFO  impl.RaftServerImpl (ServerState.java:setRaftConf(354)) - b7ca5097-bc5b-4eb5-bfc6-2487a18e48b8@group-7CA296BBA37C: set configuration 0: [b7ca5097-bc5b-4eb5-bfc6-2487a18e48b8:192.168.30.10:35346], old=null at 0
2019-09-25 07:16:18,429 [Thread-1500] INFO  impl.FollowerState (FollowerState.java:run(106)) - a073c3ef-49bb-4c5b-b895-835368f9c221:group-3ACB0C70084F changes to CANDIDATE, lastRpcTime:5148, electionTimeout:5148ms
2019-09-25 07:16:18,430 [Thread-1500] INFO  impl.RoleInfo (RoleInfo.java:shutdownFollowerState(121)) - a073c3ef-49bb-4c5b-b895-835368f9c221: shutdown FollowerState
2019-09-25 07:16:18,430 [Thread-1500] INFO  impl.RaftServerImpl (RaftServerImpl.java:setRole(174)) - a073c3ef-49bb-4c5b-b895-835368f9c221@group-3ACB0C70084F: changes role from  FOLLOWER to CANDIDATE at term 0 for changeToCandidate
2019-09-25 07:16:18,430 [Thread-1500] INFO  impl.RoleInfo (RoleInfo.java:updateAndGet(143)) - a073c3ef-49bb-4c5b-b895-835368f9c221: start LeaderElection
2019-09-25 07:16:18,463 [b7ca5097-bc5b-4eb5-bfc6-2487a18e48b8@group-7CA296BBA37C-SegmentedRaftLogWorker] INFO  segmented.SegmentedRaftLogWorker (SegmentedRaftLogWorker.java:execute(569)) - b7ca5097-bc5b-4eb5-bfc6-2487a18e48b8@group-7CA296BBA37C-SegmentedRaftLogWorker: created new log segment /workdir/hadoop-ozone/ozonefs/target/test-dir/MiniOzoneClusterImpl-27c41e8f-6b3c-4668-9f3b-45b0868fb4ff/datanode-1/data/ratis/2ebe4d61-7eb7-43a0-bbd8-7ca296bba37c/current/log_inprogress_0
2019-09-25 07:16:18,463 [a073c3ef-49bb-4c5b-b895-835368f9c221@group-3ACB0C70084F:LeaderElection84] INFO  impl.LeaderElection (LeaderElection.java:askForVotes(182)) - a073c3ef-49bb-4c5b-b895-835368f9c221@group-3ACB0C70084F:LeaderElection84: begin an election at term 1 for -1: [a073c3ef-49bb-4c5b-b895-835368f9c221:192.168.30.10:46476], old=null
2019-09-25 07:16:18,463 [a073c3ef-49bb-4c5b-b895-835368f9c221@group-3ACB0C70084F:LeaderElection84] INFO  impl.RoleInfo (RoleInfo.java:shutdownLeaderElection(134)) - a073c3ef-49bb-4c5b-b895-835368f9c221: shutdown LeaderElection
2019-09-25 07:16:18,464 [a073c3ef-49bb-4c5b-b895-835368f9c221@group-3ACB0C70084F:LeaderElection84] INFO  impl.RaftServerImpl (RaftServerImpl.java:setRole(174)) - a073c3ef-49bb-4c5b-b895-835368f9c221@group-3ACB0C70084F: changes role from CANDIDATE to LEADER at term 1 for changeToLeader
2019-09-25 07:16:18,464 [a073c3ef-49bb-4c5b-b895-835368f9c221@group-3ACB0C70084F:LeaderElection84] INFO  impl.RaftServerImpl (ServerState.java:setLeader(253)) - a073c3ef-49bb-4c5b-b895-835368f9c221@group-3ACB0C70084F: change Leader from null to a073c3ef-49bb-4c5b-b895-835368f9c221 at term 1 for becomeLeader, leader elected after 5188ms
2019-09-25 07:16:18,464 [a073c3ef-49bb-4c5b-b895-835368f9c221@group-3ACB0C70084F:LeaderElection84] INFO  server.RaftServerConfigKeys (ConfUtils.java:logGet(43)) - raft.server.staging.catchup.gap = 1000 (default)
2019-09-25 07:16:18,464 [a073c3ef-49bb-4c5b-b895-835368f9c221@group-3ACB0C70084F:LeaderElection84] INFO  server.RaftServerConfigKeys (ConfUtils.java:logGet(43)) - raft.server.rpc.sleep.time = 25ms (default)
2019-09-25 07:16:18,464 [a073c3ef-49bb-4c5b-b895-835368f9c221@group-3ACB0C70084F:LeaderElection84] INFO  server.RaftServerConfigKeys (ConfUtils.java:logGet(43)) - raft.server.write.element-limit = 4096 (default)
2019-09-25 07:16:18,465 [a073c3ef-49bb-4c5b-b895-835368f9c221@group-3ACB0C70084F:LeaderElection84] INFO  server.RaftServerConfigKeys (ConfUtils.java:logGet(43)) - raft.server.watch.timeout = 10s (default)
2019-09-25 07:16:18,465 [a073c3ef-49bb-4c5b-b895-835368f9c221@group-3ACB0C70084F:LeaderElection84] INFO  server.RaftServerConfigKeys (ConfUtils.java:logGet(43)) - raft.server.watch.timeout.denomination = 1s (default)
2019-09-25 07:16:18,465 [a073c3ef-49bb-4c5b-b895-835368f9c221@group-3ACB0C70084F:LeaderElection84] INFO  server.RaftServerConfigKeys (ConfUtils.java:logGet(43)) - raft.server.watch.element-limit = 65536 (default)
2019-09-25 07:16:18,467 [a073c3ef-49bb-4c5b-b895-835368f9c221@group-3ACB0C70084F:LeaderElection84] INFO  impl.RoleInfo (RoleInfo.java:updateAndGet(143)) - a073c3ef-49bb-4c5b-b895-835368f9c221: start LeaderState
2019-09-25 07:16:18,467 [a073c3ef-49bb-4c5b-b895-835368f9c221@group-3ACB0C70084F:LeaderElection84] INFO  segmented.SegmentedRaftLogWorker (SegmentedRaftLogWorker.java:startLogSegment(380)) - a073c3ef-49bb-4c5b-b895-835368f9c221@group-3ACB0C70084F-SegmentedRaftLogWorker: Starting segment from index:0
2019-09-25 07:16:18,468 [a073c3ef-49bb-4c5b-b895-835368f9c221@group-3ACB0C70084F:LeaderElection84] INFO  impl.RaftServerImpl (ServerState.java:setRaftConf(354)) - a073c3ef-49bb-4c5b-b895-835368f9c221@group-3ACB0C70084F: set configuration 0: [a073c3ef-49bb-4c5b-b895-835368f9c221:192.168.30.10:46476], old=null at 0
2019-09-25 07:16:18,490 [Thread-1506] INFO  impl.FollowerState (FollowerState.java:run(106)) - b7ca5097-bc5b-4eb5-bfc6-2487a18e48b8:group-FB0DD7C78516 changes to CANDIDATE, lastRpcTime:5098, electionTimeout:5098ms
2019-09-25 07:16:18,491 [Thread-1506] INFO  impl.RoleInfo (RoleInfo.java:shutdownFollowerState(121)) - b7ca5097-bc5b-4eb5-bfc6-2487a18e48b8: shutdown FollowerState
2019-09-25 07:16:18,491 [Thread-1506] INFO  impl.RaftServerImpl (RaftServerImpl.java:setRole(174)) - b7ca5097-bc5b-4eb5-bfc6-2487a18e48b8@group-FB0DD7C78516: changes role from  FOLLOWER to CANDIDATE at term 0 for changeToCandidate
2019-09-25 07:16:18,491 [Thread-1506] INFO  impl.RoleInfo (RoleInfo.java:updateAndGet(143)) - b7ca5097-bc5b-4eb5-bfc6-2487a18e48b8: start LeaderElection
2019-09-25 07:16:18,511 [a073c3ef-49bb-4c5b-b895-835368f9c221@group-3ACB0C70084F-SegmentedRaftLogWorker] INFO  segmented.SegmentedRaftLogWorker (SegmentedRaftLogWorker.java:execute(569)) - a073c3ef-49bb-4c5b-b895-835368f9c221@group-3ACB0C70084F-SegmentedRaftLogWorker: created new log segment /workdir/hadoop-ozone/ozonefs/target/test-dir/MiniOzoneClusterImpl-27c41e8f-6b3c-4668-9f3b-45b0868fb4ff/datanode-0/data/ratis/af17aafb-0277-4c3c-86ee-3acb0c70084f/current/log_inprogress_0
2019-09-25 07:16:18,511 [b7ca5097-bc5b-4eb5-bfc6-2487a18e48b8@group-FB0DD7C78516:LeaderElection85] INFO  impl.LeaderElection (LeaderElection.java:askForVotes(182)) - b7ca5097-bc5b-4eb5-bfc6-2487a18e48b8@group-FB0DD7C78516:LeaderElection85: begin an election at term 1 for -1: [b7ca5097-bc5b-4eb5-bfc6-2487a18e48b8:192.168.30.10:35346], old=null
2019-09-25 07:16:18,511 [b7ca5097-bc5b-4eb5-bfc6-2487a18e48b8@group-FB0DD7C78516:LeaderElection85] INFO  impl.RoleInfo (RoleInfo.java:shutdownLeaderElection(134)) - b7ca5097-bc5b-4eb5-bfc6-2487a18e48b8: shutdown LeaderElection
2019-09-25 07:16:18,511 [b7ca5097-bc5b-4eb5-bfc6-2487a18e48b8@group-FB0DD7C78516:LeaderElection85] INFO  impl.RaftServerImpl (RaftServerImpl.java:setRole(174)) - b7ca5097-bc5b-4eb5-bfc6-2487a18e48b8@group-FB0DD7C78516: changes role from CANDIDATE to LEADER at term 1 for changeToLeader
2019-09-25 07:16:18,511 [b7ca5097-bc5b-4eb5-bfc6-2487a18e48b8@group-FB0DD7C78516:LeaderElection85] INFO  impl.RaftServerImpl (ServerState.java:setLeader(253)) - b7ca5097-bc5b-4eb5-bfc6-2487a18e48b8@group-FB0DD7C78516: change Leader from null to b7ca5097-bc5b-4eb5-bfc6-2487a18e48b8 at term 1 for becomeLeader, leader elected after 5124ms
2019-09-25 07:16:18,511 [b7ca5097-bc5b-4eb5-bfc6-2487a18e48b8@group-FB0DD7C78516:LeaderElection85] INFO  server.RaftServerConfigKeys (ConfUtils.java:logGet(43)) - raft.server.staging.catchup.gap = 1000 (default)
2019-09-25 07:16:18,512 [b7ca5097-bc5b-4eb5-bfc6-2487a18e48b8@group-FB0DD7C78516:LeaderElection85] INFO  server.RaftServerConfigKeys (ConfUtils.java:logGet(43)) - raft.server.rpc.sleep.time = 25ms (default)
2019-09-25 07:16:18,512 [b7ca5097-bc5b-4eb5-bfc6-2487a18e48b8@group-FB0DD7C78516:LeaderElection85] INFO  server.RaftServerConfigKeys (ConfUtils.java:logGet(43)) - raft.server.write.element-limit = 4096 (default)
2019-09-25 07:16:18,512 [b7ca5097-bc5b-4eb5-bfc6-2487a18e48b8@group-FB0DD7C78516:LeaderElection85] INFO  server.RaftServerConfigKeys (ConfUtils.java:logGet(43)) - raft.server.watch.timeout = 10s (default)
2019-09-25 07:16:18,512 [b7ca5097-bc5b-4eb5-bfc6-2487a18e48b8@group-FB0DD7C78516:LeaderElection85] INFO  server.RaftServerConfigKeys (ConfUtils.java:logGet(43)) - raft.server.watch.timeout.denomination = 1s (default)
2019-09-25 07:16:18,512 [b7ca5097-bc5b-4eb5-bfc6-2487a18e48b8@group-FB0DD7C78516:LeaderElection85] INFO  server.RaftServerConfigKeys (ConfUtils.java:logGet(43)) - raft.server.watch.element-limit = 65536 (default)
2019-09-25 07:16:18,514 [b7ca5097-bc5b-4eb5-bfc6-2487a18e48b8@group-FB0DD7C78516:LeaderElection85] INFO  impl.RoleInfo (RoleInfo.java:updateAndGet(143)) - b7ca5097-bc5b-4eb5-bfc6-2487a18e48b8: start LeaderState
2019-09-25 07:16:18,515 [b7ca5097-bc5b-4eb5-bfc6-2487a18e48b8@group-FB0DD7C78516:LeaderElection85] INFO  segmented.SegmentedRaftLogWorker (SegmentedRaftLogWorker.java:startLogSegment(380)) - b7ca5097-bc5b-4eb5-bfc6-2487a18e48b8@group-FB0DD7C78516-SegmentedRaftLogWorker: Starting segment from index:0
2019-09-25 07:16:18,515 [b7ca5097-bc5b-4eb5-bfc6-2487a18e48b8@group-FB0DD7C78516:LeaderElection85] INFO  impl.RaftServerImpl (ServerState.java:setRaftConf(354)) - b7ca5097-bc5b-4eb5-bfc6-2487a18e48b8@group-FB0DD7C78516: set configuration 0: [b7ca5097-bc5b-4eb5-bfc6-2487a18e48b8:192.168.30.10:35346], old=null at 0
2019-09-25 07:16:18,537 [Thread-1515] INFO  impl.FollowerState (FollowerState.java:run(106)) - a073c3ef-49bb-4c5b-b895-835368f9c221:group-5512EFDBA172 changes to CANDIDATE, lastRpcTime:5003, electionTimeout:5003ms
2019-09-25 07:16:18,537 [Thread-1515] INFO  impl.RoleInfo (RoleInfo.java:shutdownFollowerState(121)) - a073c3ef-49bb-4c5b-b895-835368f9c221: shutdown FollowerState
2019-09-25 07:16:18,537 [Thread-1515] INFO  impl.RaftServerImpl (RaftServerImpl.java:setRole(174)) - a073c3ef-49bb-4c5b-b895-835368f9c221@group-5512EFDBA172: changes role from  FOLLOWER to CANDIDATE at term 0 for changeToCandidate
2019-09-25 07:16:18,537 [Thread-1515] INFO  impl.RoleInfo (RoleInfo.java:updateAndGet(143)) - a073c3ef-49bb-4c5b-b895-835368f9c221: start LeaderElection
2019-09-25 07:16:18,543 [Thread-1512] INFO  impl.FollowerState (FollowerState.java:run(106)) - b7ca5097-bc5b-4eb5-bfc6-2487a18e48b8:group-CE2726274A0A changes to CANDIDATE, lastRpcTime:5055, electionTimeout:5050ms
2019-09-25 07:16:18,544 [Thread-1512] INFO  impl.RoleInfo (RoleInfo.java:shutdownFollowerState(121)) - b7ca5097-bc5b-4eb5-bfc6-2487a18e48b8: shutdown FollowerState
2019-09-25 07:16:18,544 [Thread-1512] INFO  impl.RaftServerImpl (RaftServerImpl.java:setRole(174)) - b7ca5097-bc5b-4eb5-bfc6-2487a18e48b8@group-CE2726274A0A: changes role from  FOLLOWER to CANDIDATE at term 0 for changeToCandidate
2019-09-25 07:16:18,544 [Thread-1512] INFO  impl.RoleInfo (RoleInfo.java:updateAndGet(143)) - b7ca5097-bc5b-4eb5-bfc6-2487a18e48b8: start LeaderElection
2019-09-25 07:16:18,556 [b7ca5097-bc5b-4eb5-bfc6-2487a18e48b8@group-FB0DD7C78516-SegmentedRaftLogWorker] INFO  segmented.SegmentedRaftLogWorker (SegmentedRaftLogWorker.java:execute(569)) - b7ca5097-bc5b-4eb5-bfc6-2487a18e48b8@group-FB0DD7C78516-SegmentedRaftLogWorker: created new log segment /workdir/hadoop-ozone/ozonefs/target/test-dir/MiniOzoneClusterImpl-27c41e8f-6b3c-4668-9f3b-45b0868fb4ff/datanode-1/data/ratis/bf6a244c-610a-4971-94d7-fb0dd7c78516/current/log_inprogress_0
2019-09-25 07:16:18,556 [a073c3ef-49bb-4c5b-b895-835368f9c221@group-5512EFDBA172:LeaderElection86] INFO  impl.LeaderElection (LeaderElection.java:askForVotes(182)) - a073c3ef-49bb-4c5b-b895-835368f9c221@group-5512EFDBA172:LeaderElection86: begin an election at term 1 for -1: [a073c3ef-49bb-4c5b-b895-835368f9c221:192.168.30.10:46476], old=null
2019-09-25 07:16:18,556 [b7ca5097-bc5b-4eb5-bfc6-2487a18e48b8@group-CE2726274A0A:LeaderElection87] INFO  impl.LeaderElection (LeaderElection.java:askForVotes(182)) - b7ca5097-bc5b-4eb5-bfc6-2487a18e48b8@group-CE2726274A0A:LeaderElection87: begin an election at term 1 for -1: [b7ca5097-bc5b-4eb5-bfc6-2487a18e48b8:192.168.30.10:35346], old=null
2019-09-25 07:16:18,556 [a073c3ef-49bb-4c5b-b895-835368f9c221@group-5512EFDBA172:LeaderElection86] INFO  impl.RoleInfo (RoleInfo.java:shutdownLeaderElection(134)) - a073c3ef-49bb-4c5b-b895-835368f9c221: shutdown LeaderElection
2019-09-25 07:16:18,557 [b7ca5097-bc5b-4eb5-bfc6-2487a18e48b8@group-CE2726274A0A:LeaderElection87] INFO  impl.RoleInfo (RoleInfo.java:shutdownLeaderElection(134)) - b7ca5097-bc5b-4eb5-bfc6-2487a18e48b8: shutdown LeaderElection
2019-09-25 07:16:18,557 [a073c3ef-49bb-4c5b-b895-835368f9c221@group-5512EFDBA172:LeaderElection86] INFO  impl.RaftServerImpl (RaftServerImpl.java:setRole(174)) - a073c3ef-49bb-4c5b-b895-835368f9c221@group-5512EFDBA172: changes role from CANDIDATE to LEADER at term 1 for changeToLeader
2019-09-25 07:16:18,557 [b7ca5097-bc5b-4eb5-bfc6-2487a18e48b8@group-CE2726274A0A:LeaderElection87] INFO  impl.RaftServerImpl (RaftServerImpl.java:setRole(174)) - b7ca5097-bc5b-4eb5-bfc6-2487a18e48b8@group-CE2726274A0A: changes role from CANDIDATE to LEADER at term 1 for changeToLeader
2019-09-25 07:16:18,557 [a073c3ef-49bb-4c5b-b895-835368f9c221@group-5512EFDBA172:LeaderElection86] INFO  impl.RaftServerImpl (ServerState.java:setLeader(253)) - a073c3ef-49bb-4c5b-b895-835368f9c221@group-5512EFDBA172: change Leader from null to a073c3ef-49bb-4c5b-b895-835368f9c221 at term 1 for becomeLeader, leader elected after 5029ms
2019-09-25 07:16:18,557 [b7ca5097-bc5b-4eb5-bfc6-2487a18e48b8@group-CE2726274A0A:LeaderElection87] INFO  impl.RaftServerImpl (ServerState.java:setLeader(253)) - b7ca5097-bc5b-4eb5-bfc6-2487a18e48b8@group-CE2726274A0A: change Leader from null to b7ca5097-bc5b-4eb5-bfc6-2487a18e48b8 at term 1 for becomeLeader, leader elected after 5073ms
2019-09-25 07:16:18,557 [a073c3ef-49bb-4c5b-b895-835368f9c221@group-5512EFDBA172:LeaderElection86] INFO  server.RaftServerConfigKeys (ConfUtils.java:logGet(43)) - raft.server.staging.catchup.gap = 1000 (default)
2019-09-25 07:16:18,557 [b7ca5097-bc5b-4eb5-bfc6-2487a18e48b8@group-CE2726274A0A:LeaderElection87] INFO  server.RaftServerConfigKeys (ConfUtils.java:logGet(43)) - raft.server.staging.catchup.gap = 1000 (default)
2019-09-25 07:16:18,557 [a073c3ef-49bb-4c5b-b895-835368f9c221@group-5512EFDBA172:LeaderElection86] INFO  server.RaftServerConfigKeys (ConfUtils.java:logGet(43)) - raft.server.rpc.sleep.time = 25ms (default)
2019-09-25 07:16:18,557 [b7ca5097-bc5b-4eb5-bfc6-2487a18e48b8@group-CE2726274A0A:LeaderElection87] INFO  server.RaftServerConfigKeys (ConfUtils.java:logGet(43)) - raft.server.rpc.sleep.time = 25ms (default)
2019-09-25 07:16:18,558 [a073c3ef-49bb-4c5b-b895-835368f9c221@group-5512EFDBA172:LeaderElection86] INFO  server.RaftServerConfigKeys (ConfUtils.java:logGet(43)) - raft.server.write.element-limit = 4096 (default)
2019-09-25 07:16:18,558 [b7ca5097-bc5b-4eb5-bfc6-2487a18e48b8@group-CE2726274A0A:LeaderElection87] INFO  server.RaftServerConfigKeys (ConfUtils.java:logGet(43)) - raft.server.write.element-limit = 4096 (default)
2019-09-25 07:16:18,558 [a073c3ef-49bb-4c5b-b895-835368f9c221@group-5512EFDBA172:LeaderElection86] INFO  server.RaftServerConfigKeys (ConfUtils.java:logGet(43)) - raft.server.watch.timeout = 10s (default)
2019-09-25 07:16:18,558 [b7ca5097-bc5b-4eb5-bfc6-2487a18e48b8@group-CE2726274A0A:LeaderElection87] INFO  server.RaftServerConfigKeys (ConfUtils.java:logGet(43)) - raft.server.watch.timeout = 10s (default)
2019-09-25 07:16:18,558 [a073c3ef-49bb-4c5b-b895-835368f9c221@group-5512EFDBA172:LeaderElection86] INFO  server.RaftServerConfigKeys (ConfUtils.java:logGet(43)) - raft.server.watch.timeout.denomination = 1s (default)
2019-09-25 07:16:18,558 [b7ca5097-bc5b-4eb5-bfc6-2487a18e48b8@group-CE2726274A0A:LeaderElection87] INFO  server.RaftServerConfigKeys (ConfUtils.java:logGet(43)) - raft.server.watch.timeout.denomination = 1s (default)
2019-09-25 07:16:18,558 [a073c3ef-49bb-4c5b-b895-835368f9c221@group-5512EFDBA172:LeaderElection86] INFO  server.RaftServerConfigKeys (ConfUtils.java:logGet(43)) - raft.server.watch.element-limit = 65536 (default)
2019-09-25 07:16:18,559 [b7ca5097-bc5b-4eb5-bfc6-2487a18e48b8@group-CE2726274A0A:LeaderElection87] INFO  server.RaftServerConfigKeys (ConfUtils.java:logGet(43)) - raft.server.watch.element-limit = 65536 (default)
2019-09-25 07:16:18,561 [a073c3ef-49bb-4c5b-b895-835368f9c221@group-5512EFDBA172:LeaderElection86] INFO  impl.RoleInfo (RoleInfo.java:updateAndGet(143)) - a073c3ef-49bb-4c5b-b895-835368f9c221: start LeaderState
2019-09-25 07:16:18,561 [b7ca5097-bc5b-4eb5-bfc6-2487a18e48b8@group-CE2726274A0A:LeaderElection87] INFO  impl.RoleInfo (RoleInfo.java:updateAndGet(143)) - b7ca5097-bc5b-4eb5-bfc6-2487a18e48b8: start LeaderState
2019-09-25 07:16:18,561 [a073c3ef-49bb-4c5b-b895-835368f9c221@group-5512EFDBA172:LeaderElection86] INFO  segmented.SegmentedRaftLogWorker (SegmentedRaftLogWorker.java:startLogSegment(380)) - a073c3ef-49bb-4c5b-b895-835368f9c221@group-5512EFDBA172-SegmentedRaftLogWorker: Starting segment from index:0
2019-09-25 07:16:18,562 [b7ca5097-bc5b-4eb5-bfc6-2487a18e48b8@group-CE2726274A0A:LeaderElection87] INFO  segmented.SegmentedRaftLogWorker (SegmentedRaftLogWorker.java:startLogSegment(380)) - b7ca5097-bc5b-4eb5-bfc6-2487a18e48b8@group-CE2726274A0A-SegmentedRaftLogWorker: Starting segment from index:0
2019-09-25 07:16:18,562 [a073c3ef-49bb-4c5b-b895-835368f9c221@group-5512EFDBA172:LeaderElection86] INFO  impl.RaftServerImpl (ServerState.java:setRaftConf(354)) - a073c3ef-49bb-4c5b-b895-835368f9c221@group-5512EFDBA172: set configuration 0: [a073c3ef-49bb-4c5b-b895-835368f9c221:192.168.30.10:46476], old=null at 0
2019-09-25 07:16:18,562 [b7ca5097-bc5b-4eb5-bfc6-2487a18e48b8@group-CE2726274A0A:LeaderElection87] INFO  impl.RaftServerImpl (ServerState.java:setRaftConf(354)) - b7ca5097-bc5b-4eb5-bfc6-2487a18e48b8@group-CE2726274A0A: set configuration 0: [b7ca5097-bc5b-4eb5-bfc6-2487a18e48b8:192.168.30.10:35346], old=null at 0
2019-09-25 07:16:18,600 [Thread-1509] INFO  impl.FollowerState (FollowerState.java:run(106)) - b7ca5097-bc5b-4eb5-bfc6-2487a18e48b8:group-BAA95CD0F98E changes to CANDIDATE, lastRpcTime:5164, electionTimeout:5164ms
2019-09-25 07:16:18,601 [Thread-1509] INFO  impl.RoleInfo (RoleInfo.java:shutdownFollowerState(121)) - b7ca5097-bc5b-4eb5-bfc6-2487a18e48b8: shutdown FollowerState
2019-09-25 07:16:18,601 [Thread-1509] INFO  impl.RaftServerImpl (RaftServerImpl.java:setRole(174)) - b7ca5097-bc5b-4eb5-bfc6-2487a18e48b8@group-BAA95CD0F98E: changes role from  FOLLOWER to CANDIDATE at term 0 for changeToCandidate
2019-09-25 07:16:18,601 [Thread-1509] INFO  impl.RoleInfo (RoleInfo.java:updateAndGet(143)) - b7ca5097-bc5b-4eb5-bfc6-2487a18e48b8: start LeaderElection
2019-09-25 07:16:18,604 [Thread-1518] INFO  impl.FollowerState (FollowerState.java:run(106)) - cb908934-9a93-428c-b1bf-b5dcd51b5616:group-7BB77C86EE54 changes to CANDIDATE, lastRpcTime:5021, electionTimeout:5019ms
2019-09-25 07:16:18,605 [Thread-1518] INFO  impl.RoleInfo (RoleInfo.java:shutdownFollowerState(121)) - cb908934-9a93-428c-b1bf-b5dcd51b5616: shutdown FollowerState
2019-09-25 07:16:18,605 [Thread-1518] INFO  impl.RaftServerImpl (RaftServerImpl.java:setRole(174)) - cb908934-9a93-428c-b1bf-b5dcd51b5616@group-7BB77C86EE54: changes role from  FOLLOWER to CANDIDATE at term 0 for changeToCandidate
2019-09-25 07:16:18,605 [Thread-1518] INFO  impl.RoleInfo (RoleInfo.java:updateAndGet(143)) - cb908934-9a93-428c-b1bf-b5dcd51b5616: start LeaderElection
2019-09-25 07:16:18,607 [a073c3ef-49bb-4c5b-b895-835368f9c221@group-5512EFDBA172-SegmentedRaftLogWorker] INFO  segmented.SegmentedRaftLogWorker (SegmentedRaftLogWorker.java:execute(569)) - a073c3ef-49bb-4c5b-b895-835368f9c221@group-5512EFDBA172-SegmentedRaftLogWorker: created new log segment /workdir/hadoop-ozone/ozonefs/target/test-dir/MiniOzoneClusterImpl-27c41e8f-6b3c-4668-9f3b-45b0868fb4ff/datanode-0/data/ratis/622a7d82-248f-4904-ad15-5512efdba172/current/log_inprogress_0
2019-09-25 07:16:18,608 [b7ca5097-bc5b-4eb5-bfc6-2487a18e48b8@group-CE2726274A0A-SegmentedRaftLogWorker] INFO  segmented.SegmentedRaftLogWorker (SegmentedRaftLogWorker.java:execute(569)) - b7ca5097-bc5b-4eb5-bfc6-2487a18e48b8@group-CE2726274A0A-SegmentedRaftLogWorker: created new log segment /workdir/hadoop-ozone/ozonefs/target/test-dir/MiniOzoneClusterImpl-27c41e8f-6b3c-4668-9f3b-45b0868fb4ff/datanode-1/data/ratis/03dca8da-74d2-41d0-9b59-ce2726274a0a/current/log_inprogress_0
2019-09-25 07:16:18,621 [cb908934-9a93-428c-b1bf-b5dcd51b5616@group-7BB77C86EE54:LeaderElection89] INFO  impl.LeaderElection (LeaderElection.java:askForVotes(182)) - cb908934-9a93-428c-b1bf-b5dcd51b5616@group-7BB77C86EE54:LeaderElection89: begin an election at term 1 for -1: [cb908934-9a93-428c-b1bf-b5dcd51b5616:192.168.30.10:34471], old=null
2019-09-25 07:16:18,621 [b7ca5097-bc5b-4eb5-bfc6-2487a18e48b8@group-BAA95CD0F98E:LeaderElection88] INFO  impl.LeaderElection (LeaderElection.java:askForVotes(182)) - b7ca5097-bc5b-4eb5-bfc6-2487a18e48b8@group-BAA95CD0F98E:LeaderElection88: begin an election at term 1 for -1: [b7ca5097-bc5b-4eb5-bfc6-2487a18e48b8:192.168.30.10:35346], old=null
2019-09-25 07:16:18,621 [cb908934-9a93-428c-b1bf-b5dcd51b5616@group-7BB77C86EE54:LeaderElection89] INFO  impl.RoleInfo (RoleInfo.java:shutdownLeaderElection(134)) - cb908934-9a93-428c-b1bf-b5dcd51b5616: shutdown LeaderElection
2019-09-25 07:16:18,621 [b7ca5097-bc5b-4eb5-bfc6-2487a18e48b8@group-BAA95CD0F98E:LeaderElection88] INFO  impl.RoleInfo (RoleInfo.java:shutdownLeaderElection(134)) - b7ca5097-bc5b-4eb5-bfc6-2487a18e48b8: shutdown LeaderElection
2019-09-25 07:16:18,621 [cb908934-9a93-428c-b1bf-b5dcd51b5616@group-7BB77C86EE54:LeaderElection89] INFO  impl.RaftServerImpl (RaftServerImpl.java:setRole(174)) - cb908934-9a93-428c-b1bf-b5dcd51b5616@group-7BB77C86EE54: changes role from CANDIDATE to LEADER at term 1 for changeToLeader
2019-09-25 07:16:18,622 [b7ca5097-bc5b-4eb5-bfc6-2487a18e48b8@group-BAA95CD0F98E:LeaderElection88] INFO  impl.RaftServerImpl (RaftServerImpl.java:setRole(174)) - b7ca5097-bc5b-4eb5-bfc6-2487a18e48b8@group-BAA95CD0F98E: changes role from CANDIDATE to LEADER at term 1 for changeToLeader
2019-09-25 07:16:18,622 [cb908934-9a93-428c-b1bf-b5dcd51b5616@group-7BB77C86EE54:LeaderElection89] INFO  impl.RaftServerImpl (ServerState.java:setLeader(253)) - cb908934-9a93-428c-b1bf-b5dcd51b5616@group-7BB77C86EE54: change Leader from null to cb908934-9a93-428c-b1bf-b5dcd51b5616 at term 1 for becomeLeader, leader elected after 5047ms
2019-09-25 07:16:18,622 [b7ca5097-bc5b-4eb5-bfc6-2487a18e48b8@group-BAA95CD0F98E:LeaderElection88] INFO  impl.RaftServerImpl (ServerState.java:setLeader(253)) - b7ca5097-bc5b-4eb5-bfc6-2487a18e48b8@group-BAA95CD0F98E: change Leader from null to b7ca5097-bc5b-4eb5-bfc6-2487a18e48b8 at term 1 for becomeLeader, leader elected after 5191ms
2019-09-25 07:16:18,622 [cb908934-9a93-428c-b1bf-b5dcd51b5616@group-7BB77C86EE54:LeaderElection89] INFO  server.RaftServerConfigKeys (ConfUtils.java:logGet(43)) - raft.server.staging.catchup.gap = 1000 (default)
2019-09-25 07:16:18,622 [b7ca5097-bc5b-4eb5-bfc6-2487a18e48b8@group-BAA95CD0F98E:LeaderElection88] INFO  server.RaftServerConfigKeys (ConfUtils.java:logGet(43)) - raft.server.staging.catchup.gap = 1000 (default)
2019-09-25 07:16:18,622 [cb908934-9a93-428c-b1bf-b5dcd51b5616@group-7BB77C86EE54:LeaderElection89] INFO  server.RaftServerConfigKeys (ConfUtils.java:logGet(43)) - raft.server.rpc.sleep.time = 25ms (default)
2019-09-25 07:16:18,622 [b7ca5097-bc5b-4eb5-bfc6-2487a18e48b8@group-BAA95CD0F98E:LeaderElection88] INFO  server.RaftServerConfigKeys (ConfUtils.java:logGet(43)) - raft.server.rpc.sleep.time = 25ms (default)
2019-09-25 07:16:18,623 [cb908934-9a93-428c-b1bf-b5dcd51b5616@group-7BB77C86EE54:LeaderElection89] INFO  server.RaftServerConfigKeys (ConfUtils.java:logGet(43)) - raft.server.write.element-limit = 4096 (default)
2019-09-25 07:16:18,623 [b7ca5097-bc5b-4eb5-bfc6-2487a18e48b8@group-BAA95CD0F98E:LeaderElection88] INFO  server.RaftServerConfigKeys (ConfUtils.java:logGet(43)) - raft.server.write.element-limit = 4096 (default)
2019-09-25 07:16:18,623 [cb908934-9a93-428c-b1bf-b5dcd51b5616@group-7BB77C86EE54:LeaderElection89] INFO  server.RaftServerConfigKeys (ConfUtils.java:logGet(43)) - raft.server.watch.timeout = 10s (default)
2019-09-25 07:16:18,623 [b7ca5097-bc5b-4eb5-bfc6-2487a18e48b8@group-BAA95CD0F98E:LeaderElection88] INFO  server.RaftServerConfigKeys (ConfUtils.java:logGet(43)) - raft.server.watch.timeout = 10s (default)
2019-09-25 07:16:18,623 [cb908934-9a93-428c-b1bf-b5dcd51b5616@group-7BB77C86EE54:LeaderElection89] INFO  server.RaftServerConfigKeys (ConfUtils.java:logGet(43)) - raft.server.watch.timeout.denomination = 1s (default)
2019-09-25 07:16:18,623 [b7ca5097-bc5b-4eb5-bfc6-2487a18e48b8@group-BAA95CD0F98E:LeaderElection88] INFO  server.RaftServerConfigKeys (ConfUtils.java:logGet(43)) - raft.server.watch.timeout.denomination = 1s (default)
2019-09-25 07:16:18,624 [cb908934-9a93-428c-b1bf-b5dcd51b5616@group-7BB77C86EE54:LeaderElection89] INFO  server.RaftServerConfigKeys (ConfUtils.java:logGet(43)) - raft.server.watch.element-limit = 65536 (default)
2019-09-25 07:16:18,624 [b7ca5097-bc5b-4eb5-bfc6-2487a18e48b8@group-BAA95CD0F98E:LeaderElection88] INFO  server.RaftServerConfigKeys (ConfUtils.java:logGet(43)) - raft.server.watch.element-limit = 65536 (default)
2019-09-25 07:16:18,627 [cb908934-9a93-428c-b1bf-b5dcd51b5616@group-7BB77C86EE54:LeaderElection89] INFO  impl.RoleInfo (RoleInfo.java:updateAndGet(143)) - cb908934-9a93-428c-b1bf-b5dcd51b5616: start LeaderState
2019-09-25 07:16:18,627 [b7ca5097-bc5b-4eb5-bfc6-2487a18e48b8@group-BAA95CD0F98E:LeaderElection88] INFO  impl.RoleInfo (RoleInfo.java:updateAndGet(143)) - b7ca5097-bc5b-4eb5-bfc6-2487a18e48b8: start LeaderState
2019-09-25 07:16:18,627 [b7ca5097-bc5b-4eb5-bfc6-2487a18e48b8@group-BAA95CD0F98E:LeaderElection88] INFO  segmented.SegmentedRaftLogWorker (SegmentedRaftLogWorker.java:startLogSegment(380)) - b7ca5097-bc5b-4eb5-bfc6-2487a18e48b8@group-BAA95CD0F98E-SegmentedRaftLogWorker: Starting segment from index:0
2019-09-25 07:16:18,627 [cb908934-9a93-428c-b1bf-b5dcd51b5616@group-7BB77C86EE54:LeaderElection89] INFO  segmented.SegmentedRaftLogWorker (SegmentedRaftLogWorker.java:startLogSegment(380)) - cb908934-9a93-428c-b1bf-b5dcd51b5616@group-7BB77C86EE54-SegmentedRaftLogWorker: Starting segment from index:0
2019-09-25 07:16:18,628 [b7ca5097-bc5b-4eb5-bfc6-2487a18e48b8@group-BAA95CD0F98E:LeaderElection88] INFO  impl.RaftServerImpl (ServerState.java:setRaftConf(354)) - b7ca5097-bc5b-4eb5-bfc6-2487a18e48b8@group-BAA95CD0F98E: set configuration 0: [b7ca5097-bc5b-4eb5-bfc6-2487a18e48b8:192.168.30.10:35346], old=null at 0
2019-09-25 07:16:18,628 [cb908934-9a93-428c-b1bf-b5dcd51b5616@group-7BB77C86EE54:LeaderElection89] INFO  impl.RaftServerImpl (ServerState.java:setRaftConf(354)) - cb908934-9a93-428c-b1bf-b5dcd51b5616@group-7BB77C86EE54: set configuration 0: [cb908934-9a93-428c-b1bf-b5dcd51b5616:192.168.30.10:34471], old=null at 0
2019-09-25 07:16:18,663 [Thread-1521] INFO  impl.FollowerState (FollowerState.java:run(106)) - b7ca5097-bc5b-4eb5-bfc6-2487a18e48b8:group-1177824D5D7C changes to CANDIDATE, lastRpcTime:5005, electionTimeout:5005ms
2019-09-25 07:16:18,663 [Thread-1521] INFO  impl.RoleInfo (RoleInfo.java:shutdownFollowerState(121)) - b7ca5097-bc5b-4eb5-bfc6-2487a18e48b8: shutdown FollowerState
2019-09-25 07:16:18,663 [Thread-1521] INFO  impl.RaftServerImpl (RaftServerImpl.java:setRole(174)) - b7ca5097-bc5b-4eb5-bfc6-2487a18e48b8@group-1177824D5D7C: changes role from  FOLLOWER to CANDIDATE at term 0 for changeToCandidate
2019-09-25 07:16:18,664 [Thread-1521] INFO  impl.RoleInfo (RoleInfo.java:updateAndGet(143)) - b7ca5097-bc5b-4eb5-bfc6-2487a18e48b8: start LeaderElection
2019-09-25 07:16:18,672 [b7ca5097-bc5b-4eb5-bfc6-2487a18e48b8@group-BAA95CD0F98E-SegmentedRaftLogWorker] INFO  segmented.SegmentedRaftLogWorker (SegmentedRaftLogWorker.java:execute(569)) - b7ca5097-bc5b-4eb5-bfc6-2487a18e48b8@group-BAA95CD0F98E-SegmentedRaftLogWorker: created new log segment /workdir/hadoop-ozone/ozonefs/target/test-dir/MiniOzoneClusterImpl-27c41e8f-6b3c-4668-9f3b-45b0868fb4ff/datanode-1/data/ratis/b7d6d6b0-5ec5-47e4-97d4-baa95cd0f98e/current/log_inprogress_0
2019-09-25 07:16:18,673 [b7ca5097-bc5b-4eb5-bfc6-2487a18e48b8@group-1177824D5D7C:LeaderElection90] INFO  impl.LeaderElection (LeaderElection.java:askForVotes(182)) - b7ca5097-bc5b-4eb5-bfc6-2487a18e48b8@group-1177824D5D7C:LeaderElection90: begin an election at term 1 for -1: [b7ca5097-bc5b-4eb5-bfc6-2487a18e48b8:192.168.30.10:35346], old=null
2019-09-25 07:16:18,672 [cb908934-9a93-428c-b1bf-b5dcd51b5616@group-7BB77C86EE54-SegmentedRaftLogWorker] INFO  segmented.SegmentedRaftLogWorker (SegmentedRaftLogWorker.java:execute(569)) - cb908934-9a93-428c-b1bf-b5dcd51b5616@group-7BB77C86EE54-SegmentedRaftLogWorker: created new log segment /workdir/hadoop-ozone/ozonefs/target/test-dir/MiniOzoneClusterImpl-27c41e8f-6b3c-4668-9f3b-45b0868fb4ff/datanode-2/data/ratis/154b1d20-8b59-491a-bce2-7bb77c86ee54/current/log_inprogress_0
2019-09-25 07:16:18,673 [b7ca5097-bc5b-4eb5-bfc6-2487a18e48b8@group-1177824D5D7C:LeaderElection90] INFO  impl.RoleInfo (RoleInfo.java:shutdownLeaderElection(134)) - b7ca5097-bc5b-4eb5-bfc6-2487a18e48b8: shutdown LeaderElection
2019-09-25 07:16:18,673 [b7ca5097-bc5b-4eb5-bfc6-2487a18e48b8@group-1177824D5D7C:LeaderElection90] INFO  impl.RaftServerImpl (RaftServerImpl.java:setRole(174)) - b7ca5097-bc5b-4eb5-bfc6-2487a18e48b8@group-1177824D5D7C: changes role from CANDIDATE to LEADER at term 1 for changeToLeader
2019-09-25 07:16:18,673 [b7ca5097-bc5b-4eb5-bfc6-2487a18e48b8@group-1177824D5D7C:LeaderElection90] INFO  impl.RaftServerImpl (ServerState.java:setLeader(253)) - b7ca5097-bc5b-4eb5-bfc6-2487a18e48b8@group-1177824D5D7C: change Leader from null to b7ca5097-bc5b-4eb5-bfc6-2487a18e48b8 at term 1 for becomeLeader, leader elected after 5021ms
2019-09-25 07:16:18,673 [b7ca5097-bc5b-4eb5-bfc6-2487a18e48b8@group-1177824D5D7C:LeaderElection90] INFO  server.RaftServerConfigKeys (ConfUtils.java:logGet(43)) - raft.server.staging.catchup.gap = 1000 (default)
2019-09-25 07:16:18,673 [b7ca5097-bc5b-4eb5-bfc6-2487a18e48b8@group-1177824D5D7C:LeaderElection90] INFO  server.RaftServerConfigKeys (ConfUtils.java:logGet(43)) - raft.server.rpc.sleep.time = 25ms (default)
2019-09-25 07:16:18,674 [b7ca5097-bc5b-4eb5-bfc6-2487a18e48b8@group-1177824D5D7C:LeaderElection90] INFO  server.RaftServerConfigKeys (ConfUtils.java:logGet(43)) - raft.server.write.element-limit = 4096 (default)
2019-09-25 07:16:18,674 [b7ca5097-bc5b-4eb5-bfc6-2487a18e48b8@group-1177824D5D7C:LeaderElection90] INFO  server.RaftServerConfigKeys (ConfUtils.java:logGet(43)) - raft.server.watch.timeout = 10s (default)
2019-09-25 07:16:18,674 [b7ca5097-bc5b-4eb5-bfc6-2487a18e48b8@group-1177824D5D7C:LeaderElection90] INFO  server.RaftServerConfigKeys (ConfUtils.java:logGet(43)) - raft.server.watch.timeout.denomination = 1s (default)
2019-09-25 07:16:18,674 [b7ca5097-bc5b-4eb5-bfc6-2487a18e48b8@group-1177824D5D7C:LeaderElection90] INFO  server.RaftServerConfigKeys (ConfUtils.java:logGet(43)) - raft.server.watch.element-limit = 65536 (default)
2019-09-25 07:16:18,675 [b7ca5097-bc5b-4eb5-bfc6-2487a18e48b8@group-1177824D5D7C:LeaderElection90] INFO  impl.RoleInfo (RoleInfo.java:updateAndGet(143)) - b7ca5097-bc5b-4eb5-bfc6-2487a18e48b8: start LeaderState
2019-09-25 07:16:18,676 [b7ca5097-bc5b-4eb5-bfc6-2487a18e48b8@group-1177824D5D7C:LeaderElection90] INFO  segmented.SegmentedRaftLogWorker (SegmentedRaftLogWorker.java:startLogSegment(380)) - b7ca5097-bc5b-4eb5-bfc6-2487a18e48b8@group-1177824D5D7C-SegmentedRaftLogWorker: Starting segment from index:0
2019-09-25 07:16:18,676 [b7ca5097-bc5b-4eb5-bfc6-2487a18e48b8@group-1177824D5D7C:LeaderElection90] INFO  impl.RaftServerImpl (ServerState.java:setRaftConf(354)) - b7ca5097-bc5b-4eb5-bfc6-2487a18e48b8@group-1177824D5D7C: set configuration 0: [b7ca5097-bc5b-4eb5-bfc6-2487a18e48b8:192.168.30.10:35346], old=null at 0
2019-09-25 07:16:18,724 [b7ca5097-bc5b-4eb5-bfc6-2487a18e48b8@group-1177824D5D7C-SegmentedRaftLogWorker] INFO  segmented.SegmentedRaftLogWorker (SegmentedRaftLogWorker.java:execute(569)) - b7ca5097-bc5b-4eb5-bfc6-2487a18e48b8@group-1177824D5D7C-SegmentedRaftLogWorker: created new log segment /workdir/hadoop-ozone/ozonefs/target/test-dir/MiniOzoneClusterImpl-27c41e8f-6b3c-4668-9f3b-45b0868fb4ff/datanode-1/data/ratis/17c65837-756a-4524-9d11-1177824d5d7c/current/log_inprogress_0
2019-09-25 07:16:18,789 [Thread-1527] INFO  impl.FollowerState (FollowerState.java:run(106)) - cb908934-9a93-428c-b1bf-b5dcd51b5616:group-CFAD4A1BECAC changes to CANDIDATE, lastRpcTime:5027, electionTimeout:5027ms
2019-09-25 07:16:18,789 [Thread-1527] INFO  impl.RoleInfo (RoleInfo.java:shutdownFollowerState(121)) - cb908934-9a93-428c-b1bf-b5dcd51b5616: shutdown FollowerState
2019-09-25 07:16:18,789 [Thread-1527] INFO  impl.RaftServerImpl (RaftServerImpl.java:setRole(174)) - cb908934-9a93-428c-b1bf-b5dcd51b5616@group-CFAD4A1BECAC: changes role from  FOLLOWER to CANDIDATE at term 0 for changeToCandidate
2019-09-25 07:16:18,790 [Thread-1527] INFO  impl.RoleInfo (RoleInfo.java:updateAndGet(143)) - cb908934-9a93-428c-b1bf-b5dcd51b5616: start LeaderElection
2019-09-25 07:16:18,806 [cb908934-9a93-428c-b1bf-b5dcd51b5616@group-CFAD4A1BECAC:LeaderElection91] INFO  impl.LeaderElection (LeaderElection.java:askForVotes(182)) - cb908934-9a93-428c-b1bf-b5dcd51b5616@group-CFAD4A1BECAC:LeaderElection91: begin an election at term 1 for -1: [cb908934-9a93-428c-b1bf-b5dcd51b5616:192.168.30.10:34471], old=null
2019-09-25 07:16:18,806 [cb908934-9a93-428c-b1bf-b5dcd51b5616@group-CFAD4A1BECAC:LeaderElection91] INFO  impl.RoleInfo (RoleInfo.java:shutdownLeaderElection(134)) - cb908934-9a93-428c-b1bf-b5dcd51b5616: shutdown LeaderElection
2019-09-25 07:16:18,807 [cb908934-9a93-428c-b1bf-b5dcd51b5616@group-CFAD4A1BECAC:LeaderElection91] INFO  impl.RaftServerImpl (RaftServerImpl.java:setRole(174)) - cb908934-9a93-428c-b1bf-b5dcd51b5616@group-CFAD4A1BECAC: changes role from CANDIDATE to LEADER at term 1 for changeToLeader
2019-09-25 07:16:18,807 [cb908934-9a93-428c-b1bf-b5dcd51b5616@group-CFAD4A1BECAC:LeaderElection91] INFO  impl.RaftServerImpl (ServerState.java:setLeader(253)) - cb908934-9a93-428c-b1bf-b5dcd51b5616@group-CFAD4A1BECAC: change Leader from null to cb908934-9a93-428c-b1bf-b5dcd51b5616 at term 1 for becomeLeader, leader elected after 5051ms
2019-09-25 07:16:18,807 [cb908934-9a93-428c-b1bf-b5dcd51b5616@group-CFAD4A1BECAC:LeaderElection91] INFO  server.RaftServerConfigKeys (ConfUtils.java:logGet(43)) - raft.server.staging.catchup.gap = 1000 (default)
2019-09-25 07:16:18,807 [cb908934-9a93-428c-b1bf-b5dcd51b5616@group-CFAD4A1BECAC:LeaderElection91] INFO  server.RaftServerConfigKeys (ConfUtils.java:logGet(43)) - raft.server.rpc.sleep.time = 25ms (default)
2019-09-25 07:16:18,807 [cb908934-9a93-428c-b1bf-b5dcd51b5616@group-CFAD4A1BECAC:LeaderElection91] INFO  server.RaftServerConfigKeys (ConfUtils.java:logGet(43)) - raft.server.write.element-limit = 4096 (default)
2019-09-25 07:16:18,808 [cb908934-9a93-428c-b1bf-b5dcd51b5616@group-CFAD4A1BECAC:LeaderElection91] INFO  server.RaftServerConfigKeys (ConfUtils.java:logGet(43)) - raft.server.watch.timeout = 10s (default)
2019-09-25 07:16:18,808 [cb908934-9a93-428c-b1bf-b5dcd51b5616@group-CFAD4A1BECAC:LeaderElection91] INFO  server.RaftServerConfigKeys (ConfUtils.java:logGet(43)) - raft.server.watch.timeout.denomination = 1s (default)
2019-09-25 07:16:18,808 [cb908934-9a93-428c-b1bf-b5dcd51b5616@group-CFAD4A1BECAC:LeaderElection91] INFO  server.RaftServerConfigKeys (ConfUtils.java:logGet(43)) - raft.server.watch.element-limit = 65536 (default)
2019-09-25 07:16:18,809 [cb908934-9a93-428c-b1bf-b5dcd51b5616@group-CFAD4A1BECAC:LeaderElection91] INFO  impl.RoleInfo (RoleInfo.java:updateAndGet(143)) - cb908934-9a93-428c-b1bf-b5dcd51b5616: start LeaderState
2019-09-25 07:16:18,810 [cb908934-9a93-428c-b1bf-b5dcd51b5616@group-CFAD4A1BECAC:LeaderElection91] INFO  segmented.SegmentedRaftLogWorker (SegmentedRaftLogWorker.java:startLogSegment(380)) - cb908934-9a93-428c-b1bf-b5dcd51b5616@group-CFAD4A1BECAC-SegmentedRaftLogWorker: Starting segment from index:0
2019-09-25 07:16:18,810 [cb908934-9a93-428c-b1bf-b5dcd51b5616@group-CFAD4A1BECAC:LeaderElection91] INFO  impl.RaftServerImpl (ServerState.java:setRaftConf(354)) - cb908934-9a93-428c-b1bf-b5dcd51b5616@group-CFAD4A1BECAC: set configuration 0: [cb908934-9a93-428c-b1bf-b5dcd51b5616:192.168.30.10:34471], old=null at 0
2019-09-25 07:16:18,842 [Thread-1524] INFO  impl.FollowerState (FollowerState.java:run(106)) - b7ca5097-bc5b-4eb5-bfc6-2487a18e48b8:group-5D0F5096EAE1 changes to CANDIDATE, lastRpcTime:5137, electionTimeout:5137ms
2019-09-25 07:16:18,843 [Thread-1524] INFO  impl.RoleInfo (RoleInfo.java:shutdownFollowerState(121)) - b7ca5097-bc5b-4eb5-bfc6-2487a18e48b8: shutdown FollowerState
2019-09-25 07:16:18,843 [Thread-1524] INFO  impl.RaftServerImpl (RaftServerImpl.java:setRole(174)) - b7ca5097-bc5b-4eb5-bfc6-2487a18e48b8@group-5D0F5096EAE1: changes role from  FOLLOWER to CANDIDATE at term 0 for changeToCandidate
2019-09-25 07:16:18,843 [Thread-1524] INFO  impl.RoleInfo (RoleInfo.java:updateAndGet(143)) - b7ca5097-bc5b-4eb5-bfc6-2487a18e48b8: start LeaderElection
2019-09-25 07:16:18,859 [Thread-1533] INFO  impl.FollowerState (FollowerState.java:run(106)) - cb908934-9a93-428c-b1bf-b5dcd51b5616:group-1B28D4A42353 changes to CANDIDATE, lastRpcTime:5011, electionTimeout:5011ms
2019-09-25 07:16:18,859 [Thread-1533] INFO  impl.RoleInfo (RoleInfo.java:shutdownFollowerState(121)) - cb908934-9a93-428c-b1bf-b5dcd51b5616: shutdown FollowerState
2019-09-25 07:16:18,860 [Thread-1533] INFO  impl.RaftServerImpl (RaftServerImpl.java:setRole(174)) - cb908934-9a93-428c-b1bf-b5dcd51b5616@group-1B28D4A42353: changes role from  FOLLOWER to CANDIDATE at term 0 for changeToCandidate
2019-09-25 07:16:18,860 [Thread-1533] INFO  impl.RoleInfo (RoleInfo.java:updateAndGet(143)) - cb908934-9a93-428c-b1bf-b5dcd51b5616: start LeaderElection
2019-09-25 07:16:18,863 [cb908934-9a93-428c-b1bf-b5dcd51b5616@group-CFAD4A1BECAC-SegmentedRaftLogWorker] INFO  segmented.SegmentedRaftLogWorker (SegmentedRaftLogWorker.java:execute(569)) - cb908934-9a93-428c-b1bf-b5dcd51b5616@group-CFAD4A1BECAC-SegmentedRaftLogWorker: created new log segment /workdir/hadoop-ozone/ozonefs/target/test-dir/MiniOzoneClusterImpl-27c41e8f-6b3c-4668-9f3b-45b0868fb4ff/datanode-2/data/ratis/455414df-0655-4c9f-ab06-cfad4a1becac/current/log_inprogress_0
2019-09-25 07:16:18,863 [b7ca5097-bc5b-4eb5-bfc6-2487a18e48b8@group-5D0F5096EAE1:LeaderElection92] INFO  impl.LeaderElection (LeaderElection.java:askForVotes(182)) - b7ca5097-bc5b-4eb5-bfc6-2487a18e48b8@group-5D0F5096EAE1:LeaderElection92: begin an election at term 1 for -1: [b7ca5097-bc5b-4eb5-bfc6-2487a18e48b8:192.168.30.10:35346], old=null
2019-09-25 07:16:18,863 [b7ca5097-bc5b-4eb5-bfc6-2487a18e48b8@group-5D0F5096EAE1:LeaderElection92] INFO  impl.RoleInfo (RoleInfo.java:shutdownLeaderElection(134)) - b7ca5097-bc5b-4eb5-bfc6-2487a18e48b8: shutdown LeaderElection
2019-09-25 07:16:18,864 [b7ca5097-bc5b-4eb5-bfc6-2487a18e48b8@group-5D0F5096EAE1:LeaderElection92] INFO  impl.RaftServerImpl (RaftServerImpl.java:setRole(174)) - b7ca5097-bc5b-4eb5-bfc6-2487a18e48b8@group-5D0F5096EAE1: changes role from CANDIDATE to LEADER at term 1 for changeToLeader
2019-09-25 07:16:18,864 [b7ca5097-bc5b-4eb5-bfc6-2487a18e48b8@group-5D0F5096EAE1:LeaderElection92] INFO  impl.RaftServerImpl (ServerState.java:setLeader(253)) - b7ca5097-bc5b-4eb5-bfc6-2487a18e48b8@group-5D0F5096EAE1: change Leader from null to b7ca5097-bc5b-4eb5-bfc6-2487a18e48b8 at term 1 for becomeLeader, leader elected after 5165ms
2019-09-25 07:16:18,864 [b7ca5097-bc5b-4eb5-bfc6-2487a18e48b8@group-5D0F5096EAE1:LeaderElection92] INFO  server.RaftServerConfigKeys (ConfUtils.java:logGet(43)) - raft.server.staging.catchup.gap = 1000 (default)
2019-09-25 07:16:18,864 [b7ca5097-bc5b-4eb5-bfc6-2487a18e48b8@group-5D0F5096EAE1:LeaderElection92] INFO  server.RaftServerConfigKeys (ConfUtils.java:logGet(43)) - raft.server.rpc.sleep.time = 25ms (default)
2019-09-25 07:16:18,864 [b7ca5097-bc5b-4eb5-bfc6-2487a18e48b8@group-5D0F5096EAE1:LeaderElection92] INFO  server.RaftServerConfigKeys (ConfUtils.java:logGet(43)) - raft.server.write.element-limit = 4096 (default)
2019-09-25 07:16:18,864 [b7ca5097-bc5b-4eb5-bfc6-2487a18e48b8@group-5D0F5096EAE1:LeaderElection92] INFO  server.RaftServerConfigKeys (ConfUtils.java:logGet(43)) - raft.server.watch.timeout = 10s (default)
2019-09-25 07:16:18,864 [b7ca5097-bc5b-4eb5-bfc6-2487a18e48b8@group-5D0F5096EAE1:LeaderElection92] INFO  server.RaftServerConfigKeys (ConfUtils.java:logGet(43)) - raft.server.watch.timeout.denomination = 1s (default)
2019-09-25 07:16:18,865 [b7ca5097-bc5b-4eb5-bfc6-2487a18e48b8@group-5D0F5096EAE1:LeaderElection92] INFO  server.RaftServerConfigKeys (ConfUtils.java:logGet(43)) - raft.server.watch.element-limit = 65536 (default)
2019-09-25 07:16:18,866 [b7ca5097-bc5b-4eb5-bfc6-2487a18e48b8@group-5D0F5096EAE1:LeaderElection92] INFO  impl.RoleInfo (RoleInfo.java:updateAndGet(143)) - b7ca5097-bc5b-4eb5-bfc6-2487a18e48b8: start LeaderState
2019-09-25 07:16:18,867 [b7ca5097-bc5b-4eb5-bfc6-2487a18e48b8@group-5D0F5096EAE1:LeaderElection92] INFO  segmented.SegmentedRaftLogWorker (SegmentedRaftLogWorker.java:startLogSegment(380)) - b7ca5097-bc5b-4eb5-bfc6-2487a18e48b8@group-5D0F5096EAE1-SegmentedRaftLogWorker: Starting segment from index:0
2019-09-25 07:16:18,867 [b7ca5097-bc5b-4eb5-bfc6-2487a18e48b8@group-5D0F5096EAE1:LeaderElection92] INFO  impl.RaftServerImpl (ServerState.java:setRaftConf(354)) - b7ca5097-bc5b-4eb5-bfc6-2487a18e48b8@group-5D0F5096EAE1: set configuration 0: [b7ca5097-bc5b-4eb5-bfc6-2487a18e48b8:192.168.30.10:35346], old=null at 0
2019-09-25 07:16:18,876 [cb908934-9a93-428c-b1bf-b5dcd51b5616@group-1B28D4A42353:LeaderElection93] INFO  impl.LeaderElection (LeaderElection.java:askForVotes(182)) - cb908934-9a93-428c-b1bf-b5dcd51b5616@group-1B28D4A42353:LeaderElection93: begin an election at term 1 for -1: [cb908934-9a93-428c-b1bf-b5dcd51b5616:192.168.30.10:34471], old=null
2019-09-25 07:16:18,876 [cb908934-9a93-428c-b1bf-b5dcd51b5616@group-1B28D4A42353:LeaderElection93] INFO  impl.RoleInfo (RoleInfo.java:shutdownLeaderElection(134)) - cb908934-9a93-428c-b1bf-b5dcd51b5616: shutdown LeaderElection
2019-09-25 07:16:18,876 [cb908934-9a93-428c-b1bf-b5dcd51b5616@group-1B28D4A42353:LeaderElection93] INFO  impl.RaftServerImpl (RaftServerImpl.java:setRole(174)) - cb908934-9a93-428c-b1bf-b5dcd51b5616@group-1B28D4A42353: changes role from CANDIDATE to LEADER at term 1 for changeToLeader
2019-09-25 07:16:18,876 [cb908934-9a93-428c-b1bf-b5dcd51b5616@group-1B28D4A42353:LeaderElection93] INFO  impl.RaftServerImpl (ServerState.java:setLeader(253)) - cb908934-9a93-428c-b1bf-b5dcd51b5616@group-1B28D4A42353: change Leader from null to cb908934-9a93-428c-b1bf-b5dcd51b5616 at term 1 for becomeLeader, leader elected after 5033ms
2019-09-25 07:16:18,876 [cb908934-9a93-428c-b1bf-b5dcd51b5616@group-1B28D4A42353:LeaderElection93] INFO  server.RaftServerConfigKeys (ConfUtils.java:logGet(43)) - raft.server.staging.catchup.gap = 1000 (default)
2019-09-25 07:16:18,877 [cb908934-9a93-428c-b1bf-b5dcd51b5616@group-1B28D4A42353:LeaderElection93] INFO  server.RaftServerConfigKeys (ConfUtils.java:logGet(43)) - raft.server.rpc.sleep.time = 25ms (default)
2019-09-25 07:16:18,877 [Thread-1530] INFO  impl.FollowerState (FollowerState.java:run(106)) - cb908934-9a93-428c-b1bf-b5dcd51b5616:group-15D13B9122C5 changes to CANDIDATE, lastRpcTime:5071, electionTimeout:5071ms
2019-09-25 07:16:18,877 [cb908934-9a93-428c-b1bf-b5dcd51b5616@group-1B28D4A42353:LeaderElection93] INFO  server.RaftServerConfigKeys (ConfUtils.java:logGet(43)) - raft.server.write.element-limit = 4096 (default)
2019-09-25 07:16:18,877 [Thread-1530] INFO  impl.RoleInfo (RoleInfo.java:shutdownFollowerState(121)) - cb908934-9a93-428c-b1bf-b5dcd51b5616: shutdown FollowerState
2019-09-25 07:16:18,877 [cb908934-9a93-428c-b1bf-b5dcd51b5616@group-1B28D4A42353:LeaderElection93] INFO  server.RaftServerConfigKeys (ConfUtils.java:logGet(43)) - raft.server.watch.timeout = 10s (default)
2019-09-25 07:16:18,877 [Thread-1530] INFO  impl.RaftServerImpl (RaftServerImpl.java:setRole(174)) - cb908934-9a93-428c-b1bf-b5dcd51b5616@group-15D13B9122C5: changes role from  FOLLOWER to CANDIDATE at term 0 for changeToCandidate
2019-09-25 07:16:18,877 [cb908934-9a93-428c-b1bf-b5dcd51b5616@group-1B28D4A42353:LeaderElection93] INFO  server.RaftServerConfigKeys (ConfUtils.java:logGet(43)) - raft.server.watch.timeout.denomination = 1s (default)
2019-09-25 07:16:18,877 [Thread-1530] INFO  impl.RoleInfo (RoleInfo.java:updateAndGet(143)) - cb908934-9a93-428c-b1bf-b5dcd51b5616: start LeaderElection
2019-09-25 07:16:18,877 [cb908934-9a93-428c-b1bf-b5dcd51b5616@group-1B28D4A42353:LeaderElection93] INFO  server.RaftServerConfigKeys (ConfUtils.java:logGet(43)) - raft.server.watch.element-limit = 65536 (default)
2019-09-25 07:16:18,896 [cb908934-9a93-428c-b1bf-b5dcd51b5616@group-1B28D4A42353:LeaderElection93] INFO  impl.RoleInfo (RoleInfo.java:updateAndGet(143)) - cb908934-9a93-428c-b1bf-b5dcd51b5616: start LeaderState
2019-09-25 07:16:18,896 [cb908934-9a93-428c-b1bf-b5dcd51b5616@group-1B28D4A42353:LeaderElection93] INFO  segmented.SegmentedRaftLogWorker (SegmentedRaftLogWorker.java:startLogSegment(380)) - cb908934-9a93-428c-b1bf-b5dcd51b5616@group-1B28D4A42353-SegmentedRaftLogWorker: Starting segment from index:0
2019-09-25 07:16:18,897 [cb908934-9a93-428c-b1bf-b5dcd51b5616@group-1B28D4A42353:LeaderElection93] INFO  impl.RaftServerImpl (ServerState.java:setRaftConf(354)) - cb908934-9a93-428c-b1bf-b5dcd51b5616@group-1B28D4A42353: set configuration 0: [cb908934-9a93-428c-b1bf-b5dcd51b5616:192.168.30.10:34471], old=null at 0
2019-09-25 07:16:18,900 [b7ca5097-bc5b-4eb5-bfc6-2487a18e48b8@group-5D0F5096EAE1-SegmentedRaftLogWorker] INFO  segmented.SegmentedRaftLogWorker (SegmentedRaftLogWorker.java:execute(569)) - b7ca5097-bc5b-4eb5-bfc6-2487a18e48b8@group-5D0F5096EAE1-SegmentedRaftLogWorker: created new log segment /workdir/hadoop-ozone/ozonefs/target/test-dir/MiniOzoneClusterImpl-27c41e8f-6b3c-4668-9f3b-45b0868fb4ff/datanode-1/data/ratis/502a7a4a-4ff9-4a55-adec-5d0f5096eae1/current/log_inprogress_0
2019-09-25 07:16:18,900 [cb908934-9a93-428c-b1bf-b5dcd51b5616@group-15D13B9122C5:LeaderElection94] INFO  impl.LeaderElection (LeaderElection.java:askForVotes(182)) - cb908934-9a93-428c-b1bf-b5dcd51b5616@group-15D13B9122C5:LeaderElection94: begin an election at term 1 for -1: [cb908934-9a93-428c-b1bf-b5dcd51b5616:192.168.30.10:34471], old=null
2019-09-25 07:16:18,900 [cb908934-9a93-428c-b1bf-b5dcd51b5616@group-15D13B9122C5:LeaderElection94] INFO  impl.RoleInfo (RoleInfo.java:shutdownLeaderElection(134)) - cb908934-9a93-428c-b1bf-b5dcd51b5616: shutdown LeaderElection
2019-09-25 07:16:18,901 [cb908934-9a93-428c-b1bf-b5dcd51b5616@group-15D13B9122C5:LeaderElection94] INFO  impl.RaftServerImpl (RaftServerImpl.java:setRole(174)) - cb908934-9a93-428c-b1bf-b5dcd51b5616@group-15D13B9122C5: changes role from CANDIDATE to LEADER at term 1 for changeToLeader
2019-09-25 07:16:18,901 [cb908934-9a93-428c-b1bf-b5dcd51b5616@group-15D13B9122C5:LeaderElection94] INFO  impl.RaftServerImpl (ServerState.java:setLeader(253)) - cb908934-9a93-428c-b1bf-b5dcd51b5616@group-15D13B9122C5: change Leader from null to cb908934-9a93-428c-b1bf-b5dcd51b5616 at term 1 for becomeLeader, leader elected after 5100ms
2019-09-25 07:16:18,901 [cb908934-9a93-428c-b1bf-b5dcd51b5616@group-15D13B9122C5:LeaderElection94] INFO  server.RaftServerConfigKeys (ConfUtils.java:logGet(43)) - raft.server.staging.catchup.gap = 1000 (default)
2019-09-25 07:16:18,901 [cb908934-9a93-428c-b1bf-b5dcd51b5616@group-15D13B9122C5:LeaderElection94] INFO  server.RaftServerConfigKeys (ConfUtils.java:logGet(43)) - raft.server.rpc.sleep.time = 25ms (default)
2019-09-25 07:16:18,901 [cb908934-9a93-428c-b1bf-b5dcd51b5616@group-15D13B9122C5:LeaderElection94] INFO  server.RaftServerConfigKeys (ConfUtils.java:logGet(43)) - raft.server.write.element-limit = 4096 (default)
2019-09-25 07:16:18,901 [cb908934-9a93-428c-b1bf-b5dcd51b5616@group-15D13B9122C5:LeaderElection94] INFO  server.RaftServerConfigKeys (ConfUtils.java:logGet(43)) - raft.server.watch.timeout = 10s (default)
2019-09-25 07:16:18,902 [cb908934-9a93-428c-b1bf-b5dcd51b5616@group-15D13B9122C5:LeaderElection94] INFO  server.RaftServerConfigKeys (ConfUtils.java:logGet(43)) - raft.server.watch.timeout.denomination = 1s (default)
2019-09-25 07:16:18,902 [cb908934-9a93-428c-b1bf-b5dcd51b5616@group-15D13B9122C5:LeaderElection94] INFO  server.RaftServerConfigKeys (ConfUtils.java:logGet(43)) - raft.server.watch.element-limit = 65536 (default)
2019-09-25 07:16:18,903 [cb908934-9a93-428c-b1bf-b5dcd51b5616@group-15D13B9122C5:LeaderElection94] INFO  impl.RoleInfo (RoleInfo.java:updateAndGet(143)) - cb908934-9a93-428c-b1bf-b5dcd51b5616: start LeaderState
2019-09-25 07:16:18,904 [cb908934-9a93-428c-b1bf-b5dcd51b5616@group-15D13B9122C5:LeaderElection94] INFO  segmented.SegmentedRaftLogWorker (SegmentedRaftLogWorker.java:startLogSegment(380)) - cb908934-9a93-428c-b1bf-b5dcd51b5616@group-15D13B9122C5-SegmentedRaftLogWorker: Starting segment from index:0
2019-09-25 07:16:18,904 [cb908934-9a93-428c-b1bf-b5dcd51b5616@group-15D13B9122C5:LeaderElection94] INFO  impl.RaftServerImpl (ServerState.java:setRaftConf(354)) - cb908934-9a93-428c-b1bf-b5dcd51b5616@group-15D13B9122C5: set configuration 0: [cb908934-9a93-428c-b1bf-b5dcd51b5616:192.168.30.10:34471], old=null at 0
2019-09-25 07:16:18,952 [cb908934-9a93-428c-b1bf-b5dcd51b5616@group-15D13B9122C5-SegmentedRaftLogWorker] INFO  segmented.SegmentedRaftLogWorker (SegmentedRaftLogWorker.java:execute(569)) - cb908934-9a93-428c-b1bf-b5dcd51b5616@group-15D13B9122C5-SegmentedRaftLogWorker: created new log segment /workdir/hadoop-ozone/ozonefs/target/test-dir/MiniOzoneClusterImpl-27c41e8f-6b3c-4668-9f3b-45b0868fb4ff/datanode-2/data/ratis/dff9131e-00e0-44a6-ad41-15d13b9122c5/current/log_inprogress_0
2019-09-25 07:16:18,952 [cb908934-9a93-428c-b1bf-b5dcd51b5616@group-1B28D4A42353-SegmentedRaftLogWorker] INFO  segmented.SegmentedRaftLogWorker (SegmentedRaftLogWorker.java:execute(569)) - cb908934-9a93-428c-b1bf-b5dcd51b5616@group-1B28D4A42353-SegmentedRaftLogWorker: created new log segment /workdir/hadoop-ozone/ozonefs/target/test-dir/MiniOzoneClusterImpl-27c41e8f-6b3c-4668-9f3b-45b0868fb4ff/datanode-2/data/ratis/6163a535-d707-4f08-b7d7-1b28d4a42353/current/log_inprogress_0
2019-09-25 07:16:18,986 [Thread-1536] INFO  impl.FollowerState (FollowerState.java:run(106)) - cb908934-9a93-428c-b1bf-b5dcd51b5616:group-444FD241504D changes to CANDIDATE, lastRpcTime:5074, electionTimeout:5074ms
2019-09-25 07:16:18,987 [Thread-1536] INFO  impl.RoleInfo (RoleInfo.java:shutdownFollowerState(121)) - cb908934-9a93-428c-b1bf-b5dcd51b5616: shutdown FollowerState
2019-09-25 07:16:18,987 [Thread-1536] INFO  impl.RaftServerImpl (RaftServerImpl.java:setRole(174)) - cb908934-9a93-428c-b1bf-b5dcd51b5616@group-444FD241504D: changes role from  FOLLOWER to CANDIDATE at term 0 for changeToCandidate
2019-09-25 07:16:18,987 [Thread-1536] INFO  impl.RoleInfo (RoleInfo.java:updateAndGet(143)) - cb908934-9a93-428c-b1bf-b5dcd51b5616: start LeaderElection
2019-09-25 07:16:19,003 [cb908934-9a93-428c-b1bf-b5dcd51b5616@group-444FD241504D:LeaderElection95] INFO  impl.LeaderElection (LeaderElection.java:askForVotes(182)) - cb908934-9a93-428c-b1bf-b5dcd51b5616@group-444FD241504D:LeaderElection95: begin an election at term 1 for -1: [cb908934-9a93-428c-b1bf-b5dcd51b5616:192.168.30.10:34471], old=null
2019-09-25 07:16:19,003 [cb908934-9a93-428c-b1bf-b5dcd51b5616@group-444FD241504D:LeaderElection95] INFO  impl.RoleInfo (RoleInfo.java:shutdownLeaderElection(134)) - cb908934-9a93-428c-b1bf-b5dcd51b5616: shutdown LeaderElection
2019-09-25 07:16:19,003 [cb908934-9a93-428c-b1bf-b5dcd51b5616@group-444FD241504D:LeaderElection95] INFO  impl.RaftServerImpl (RaftServerImpl.java:setRole(174)) - cb908934-9a93-428c-b1bf-b5dcd51b5616@group-444FD241504D: changes role from CANDIDATE to LEADER at term 1 for changeToLeader
2019-09-25 07:16:19,003 [cb908934-9a93-428c-b1bf-b5dcd51b5616@group-444FD241504D:LeaderElection95] INFO  impl.RaftServerImpl (ServerState.java:setLeader(253)) - cb908934-9a93-428c-b1bf-b5dcd51b5616@group-444FD241504D: change Leader from null to cb908934-9a93-428c-b1bf-b5dcd51b5616 at term 1 for becomeLeader, leader elected after 5096ms
2019-09-25 07:16:19,003 [cb908934-9a93-428c-b1bf-b5dcd51b5616@group-444FD241504D:LeaderElection95] INFO  server.RaftServerConfigKeys (ConfUtils.java:logGet(43)) - raft.server.staging.catchup.gap = 1000 (default)
2019-09-25 07:16:19,004 [cb908934-9a93-428c-b1bf-b5dcd51b5616@group-444FD241504D:LeaderElection95] INFO  server.RaftServerConfigKeys (ConfUtils.java:logGet(43)) - raft.server.rpc.sleep.time = 25ms (default)
2019-09-25 07:16:19,004 [cb908934-9a93-428c-b1bf-b5dcd51b5616@group-444FD241504D:LeaderElection95] INFO  server.RaftServerConfigKeys (ConfUtils.java:logGet(43)) - raft.server.write.element-limit = 4096 (default)
2019-09-25 07:16:19,004 [cb908934-9a93-428c-b1bf-b5dcd51b5616@group-444FD241504D:LeaderElection95] INFO  server.RaftServerConfigKeys (ConfUtils.java:logGet(43)) - raft.server.watch.timeout = 10s (default)
2019-09-25 07:16:19,004 [cb908934-9a93-428c-b1bf-b5dcd51b5616@group-444FD241504D:LeaderElection95] INFO  server.RaftServerConfigKeys (ConfUtils.java:logGet(43)) - raft.server.watch.timeout.denomination = 1s (default)
2019-09-25 07:16:19,004 [cb908934-9a93-428c-b1bf-b5dcd51b5616@group-444FD241504D:LeaderElection95] INFO  server.RaftServerConfigKeys (ConfUtils.java:logGet(43)) - raft.server.watch.element-limit = 65536 (default)
2019-09-25 07:16:19,006 [cb908934-9a93-428c-b1bf-b5dcd51b5616@group-444FD241504D:LeaderElection95] INFO  impl.RoleInfo (RoleInfo.java:updateAndGet(143)) - cb908934-9a93-428c-b1bf-b5dcd51b5616: start LeaderState
2019-09-25 07:16:19,007 [cb908934-9a93-428c-b1bf-b5dcd51b5616@group-444FD241504D:LeaderElection95] INFO  segmented.SegmentedRaftLogWorker (SegmentedRaftLogWorker.java:startLogSegment(380)) - cb908934-9a93-428c-b1bf-b5dcd51b5616@group-444FD241504D-SegmentedRaftLogWorker: Starting segment from index:0
2019-09-25 07:16:19,007 [cb908934-9a93-428c-b1bf-b5dcd51b5616@group-444FD241504D:LeaderElection95] INFO  impl.RaftServerImpl (ServerState.java:setRaftConf(354)) - cb908934-9a93-428c-b1bf-b5dcd51b5616@group-444FD241504D: set configuration 0: [cb908934-9a93-428c-b1bf-b5dcd51b5616:192.168.30.10:34471], old=null at 0
2019-09-25 07:16:19,053 [cb908934-9a93-428c-b1bf-b5dcd51b5616@group-444FD241504D-SegmentedRaftLogWorker] INFO  segmented.SegmentedRaftLogWorker (SegmentedRaftLogWorker.java:execute(569)) - cb908934-9a93-428c-b1bf-b5dcd51b5616@group-444FD241504D-SegmentedRaftLogWorker: created new log segment /workdir/hadoop-ozone/ozonefs/target/test-dir/MiniOzoneClusterImpl-27c41e8f-6b3c-4668-9f3b-45b0868fb4ff/datanode-2/data/ratis/d56ab7b4-0715-4214-9c00-444fd241504d/current/log_inprogress_0
2019-09-25 07:16:19,103 [Thread-1539] INFO  impl.FollowerState (FollowerState.java:run(106)) - cb908934-9a93-428c-b1bf-b5dcd51b5616:group-E069DA589B9C changes to CANDIDATE, lastRpcTime:5133, electionTimeout:5133ms
2019-09-25 07:16:19,103 [Thread-1539] INFO  impl.RoleInfo (RoleInfo.java:shutdownFollowerState(121)) - cb908934-9a93-428c-b1bf-b5dcd51b5616: shutdown FollowerState
2019-09-25 07:16:19,103 [Thread-1539] INFO  impl.RaftServerImpl (RaftServerImpl.java:setRole(174)) - cb908934-9a93-428c-b1bf-b5dcd51b5616@group-E069DA589B9C: changes role from  FOLLOWER to CANDIDATE at term 0 for changeToCandidate
2019-09-25 07:16:19,103 [Thread-1539] INFO  impl.RoleInfo (RoleInfo.java:updateAndGet(143)) - cb908934-9a93-428c-b1bf-b5dcd51b5616: start LeaderElection
2019-09-25 07:16:19,119 [cb908934-9a93-428c-b1bf-b5dcd51b5616@group-E069DA589B9C:LeaderElection96] INFO  impl.LeaderElection (LeaderElection.java:askForVotes(182)) - cb908934-9a93-428c-b1bf-b5dcd51b5616@group-E069DA589B9C:LeaderElection96: begin an election at term 1 for -1: [cb908934-9a93-428c-b1bf-b5dcd51b5616:192.168.30.10:34471], old=null
2019-09-25 07:16:19,119 [cb908934-9a93-428c-b1bf-b5dcd51b5616@group-E069DA589B9C:LeaderElection96] INFO  impl.RoleInfo (RoleInfo.java:shutdownLeaderElection(134)) - cb908934-9a93-428c-b1bf-b5dcd51b5616: shutdown LeaderElection
2019-09-25 07:16:19,119 [cb908934-9a93-428c-b1bf-b5dcd51b5616@group-E069DA589B9C:LeaderElection96] INFO  impl.RaftServerImpl (RaftServerImpl.java:setRole(174)) - cb908934-9a93-428c-b1bf-b5dcd51b5616@group-E069DA589B9C: changes role from CANDIDATE to LEADER at term 1 for changeToLeader
2019-09-25 07:16:19,119 [cb908934-9a93-428c-b1bf-b5dcd51b5616@group-E069DA589B9C:LeaderElection96] INFO  impl.RaftServerImpl (ServerState.java:setLeader(253)) - cb908934-9a93-428c-b1bf-b5dcd51b5616@group-E069DA589B9C: change Leader from null to cb908934-9a93-428c-b1bf-b5dcd51b5616 at term 1 for becomeLeader, leader elected after 5155ms
2019-09-25 07:16:19,119 [cb908934-9a93-428c-b1bf-b5dcd51b5616@group-E069DA589B9C:LeaderElection96] INFO  server.RaftServerConfigKeys (ConfUtils.java:logGet(43)) - raft.server.staging.catchup.gap = 1000 (default)
2019-09-25 07:16:19,120 [cb908934-9a93-428c-b1bf-b5dcd51b5616@group-E069DA589B9C:LeaderElection96] INFO  server.RaftServerConfigKeys (ConfUtils.java:logGet(43)) - raft.server.rpc.sleep.time = 25ms (default)
2019-09-25 07:16:19,120 [cb908934-9a93-428c-b1bf-b5dcd51b5616@group-E069DA589B9C:LeaderElection96] INFO  server.RaftServerConfigKeys (ConfUtils.java:logGet(43)) - raft.server.write.element-limit = 4096 (default)
2019-09-25 07:16:19,120 [cb908934-9a93-428c-b1bf-b5dcd51b5616@group-E069DA589B9C:LeaderElection96] INFO  server.RaftServerConfigKeys (ConfUtils.java:logGet(43)) - raft.server.watch.timeout = 10s (default)
2019-09-25 07:16:19,120 [cb908934-9a93-428c-b1bf-b5dcd51b5616@group-E069DA589B9C:LeaderElection96] INFO  server.RaftServerConfigKeys (ConfUtils.java:logGet(43)) - raft.server.watch.timeout.denomination = 1s (default)
2019-09-25 07:16:19,120 [cb908934-9a93-428c-b1bf-b5dcd51b5616@group-E069DA589B9C:LeaderElection96] INFO  server.RaftServerConfigKeys (ConfUtils.java:logGet(43)) - raft.server.watch.element-limit = 65536 (default)
2019-09-25 07:16:19,123 [cb908934-9a93-428c-b1bf-b5dcd51b5616@group-E069DA589B9C:LeaderElection96] INFO  impl.RoleInfo (RoleInfo.java:updateAndGet(143)) - cb908934-9a93-428c-b1bf-b5dcd51b5616: start LeaderState
2019-09-25 07:16:19,123 [cb908934-9a93-428c-b1bf-b5dcd51b5616@group-E069DA589B9C:LeaderElection96] INFO  segmented.SegmentedRaftLogWorker (SegmentedRaftLogWorker.java:startLogSegment(380)) - cb908934-9a93-428c-b1bf-b5dcd51b5616@group-E069DA589B9C-SegmentedRaftLogWorker: Starting segment from index:0
2019-09-25 07:16:19,123 [cb908934-9a93-428c-b1bf-b5dcd51b5616@group-E069DA589B9C:LeaderElection96] INFO  impl.RaftServerImpl (ServerState.java:setRaftConf(354)) - cb908934-9a93-428c-b1bf-b5dcd51b5616@group-E069DA589B9C: set configuration 0: [cb908934-9a93-428c-b1bf-b5dcd51b5616:192.168.30.10:34471], old=null at 0
2019-09-25 07:16:19,166 [cb908934-9a93-428c-b1bf-b5dcd51b5616@group-E069DA589B9C-SegmentedRaftLogWorker] INFO  segmented.SegmentedRaftLogWorker (SegmentedRaftLogWorker.java:execute(569)) - cb908934-9a93-428c-b1bf-b5dcd51b5616@group-E069DA589B9C-SegmentedRaftLogWorker: created new log segment /workdir/hadoop-ozone/ozonefs/target/test-dir/MiniOzoneClusterImpl-27c41e8f-6b3c-4668-9f3b-45b0868fb4ff/datanode-2/data/ratis/aab79b59-8d21-459e-9876-e069da589b9c/current/log_inprogress_0
2019-09-25 07:16:19,363 [main] INFO  ozoneimpl.OzoneContainer (OzoneContainer.java:stop(231)) - Attempting to stop container services.
2019-09-25 07:16:19,363 [ForkJoinPool.commonPool-worker-1] INFO  ozoneimpl.OzoneContainer (OzoneContainer.java:stop(231)) - Attempting to stop container services.
2019-09-25 07:16:19,364 [main] INFO  impl.RaftServerProxy (RaftServerProxy.java:lambda$close$4(314)) - b7ca5097-bc5b-4eb5-bfc6-2487a18e48b8: close
2019-09-25 07:16:19,364 [ForkJoinPool.commonPool-worker-1] INFO  impl.RaftServerProxy (RaftServerProxy.java:lambda$close$4(314)) - a073c3ef-49bb-4c5b-b895-835368f9c221: close
2019-09-25 07:16:19,365 [main] INFO  impl.RaftServerImpl (RaftServerImpl.java:lambda$shutdown$3(251)) - b7ca5097-bc5b-4eb5-bfc6-2487a18e48b8@group-BAA95CD0F98E: shutdown
2019-09-25 07:16:19,365 [ForkJoinPool.commonPool-worker-1] INFO  impl.RaftServerImpl (RaftServerImpl.java:lambda$shutdown$3(251)) - a073c3ef-49bb-4c5b-b895-835368f9c221@group-9FA36F8FE3AE: shutdown
2019-09-25 07:16:19,365 [main] INFO  util.JmxRegister (JmxRegister.java:unregister(73)) - Successfully un-registered JMX Bean with object name Ratis:service=RaftServer,group=group-BAA95CD0F98E,id=b7ca5097-bc5b-4eb5-bfc6-2487a18e48b8
2019-09-25 07:16:19,365 [ForkJoinPool.commonPool-worker-1] INFO  util.JmxRegister (JmxRegister.java:unregister(73)) - Successfully un-registered JMX Bean with object name Ratis:service=RaftServer,group=group-9FA36F8FE3AE,id=a073c3ef-49bb-4c5b-b895-835368f9c221
2019-09-25 07:16:19,366 [main] INFO  impl.RoleInfo (RoleInfo.java:shutdownLeaderState(104)) - b7ca5097-bc5b-4eb5-bfc6-2487a18e48b8: shutdown LeaderState
2019-09-25 07:16:19,366 [ForkJoinPool.commonPool-worker-1] INFO  impl.RoleInfo (RoleInfo.java:shutdownLeaderState(104)) - a073c3ef-49bb-4c5b-b895-835368f9c221: shutdown LeaderState
2019-09-25 07:16:19,367 [main] INFO  impl.PendingRequests (PendingRequests.java:sendNotLeaderResponses(202)) - b7ca5097-bc5b-4eb5-bfc6-2487a18e48b8-PendingRequests: sendNotLeaderResponses
2019-09-25 07:16:19,367 [ForkJoinPool.commonPool-worker-1] INFO  impl.PendingRequests (PendingRequests.java:sendNotLeaderResponses(202)) - a073c3ef-49bb-4c5b-b895-835368f9c221-PendingRequests: sendNotLeaderResponses
2019-09-25 07:16:19,368 [main] INFO  impl.StateMachineUpdater (StateMachineUpdater.java:stopAndJoin(125)) - b7ca5097-bc5b-4eb5-bfc6-2487a18e48b8@group-BAA95CD0F98E-StateMachineUpdater: set stopIndex = 0
2019-09-25 07:16:19,368 [ForkJoinPool.commonPool-worker-1] INFO  impl.StateMachineUpdater (StateMachineUpdater.java:stopAndJoin(125)) - a073c3ef-49bb-4c5b-b895-835368f9c221@group-9FA36F8FE3AE-StateMachineUpdater: set stopIndex = 0
2019-09-25 07:16:19,368 [main] INFO  impl.RaftServerImpl (ServerState.java:close(385)) - b7ca5097-bc5b-4eb5-bfc6-2487a18e48b8@group-BAA95CD0F98E: closes. applyIndex: 0
2019-09-25 07:16:19,368 [ForkJoinPool.commonPool-worker-1] INFO  impl.RaftServerImpl (ServerState.java:close(385)) - a073c3ef-49bb-4c5b-b895-835368f9c221@group-9FA36F8FE3AE: closes. applyIndex: 0
2019-09-25 07:16:19,369 [b7ca5097-bc5b-4eb5-bfc6-2487a18e48b8@group-BAA95CD0F98E-SegmentedRaftLogWorker] INFO  segmented.SegmentedRaftLogWorker (SegmentedRaftLogWorker.java:run(313)) - b7ca5097-bc5b-4eb5-bfc6-2487a18e48b8@group-BAA95CD0F98E-SegmentedRaftLogWorker was interrupted, exiting. There are 0 tasks remaining in the queue.
2019-09-25 07:16:19,369 [a073c3ef-49bb-4c5b-b895-835368f9c221@group-9FA36F8FE3AE-SegmentedRaftLogWorker] INFO  segmented.SegmentedRaftLogWorker (SegmentedRaftLogWorker.java:run(313)) - a073c3ef-49bb-4c5b-b895-835368f9c221@group-9FA36F8FE3AE-SegmentedRaftLogWorker was interrupted, exiting. There are 0 tasks remaining in the queue.
2019-09-25 07:16:19,370 [main] INFO  segmented.SegmentedRaftLogWorker (SegmentedRaftLogWorker.java:close(228)) - b7ca5097-bc5b-4eb5-bfc6-2487a18e48b8@group-BAA95CD0F98E-SegmentedRaftLogWorker close()
2019-09-25 07:16:19,370 [ForkJoinPool.commonPool-worker-1] INFO  segmented.SegmentedRaftLogWorker (SegmentedRaftLogWorker.java:close(228)) - a073c3ef-49bb-4c5b-b895-835368f9c221@group-9FA36F8FE3AE-SegmentedRaftLogWorker close()
2019-09-25 07:16:19,372 [main] INFO  impl.RaftServerImpl (RaftServerImpl.java:lambda$shutdown$3(251)) - b7ca5097-bc5b-4eb5-bfc6-2487a18e48b8@group-7CA296BBA37C: shutdown
2019-09-25 07:16:19,374 [ForkJoinPool.commonPool-worker-1] INFO  impl.RaftServerImpl (RaftServerImpl.java:lambda$shutdown$3(251)) - a073c3ef-49bb-4c5b-b895-835368f9c221@group-05AF502C2990: shutdown
2019-09-25 07:16:19,374 [main] INFO  util.JmxRegister (JmxRegister.java:unregister(73)) - Successfully un-registered JMX Bean with object name Ratis:service=RaftServer,group=group-7CA296BBA37C,id=b7ca5097-bc5b-4eb5-bfc6-2487a18e48b8
2019-09-25 07:16:19,374 [ForkJoinPool.commonPool-worker-1] INFO  util.JmxRegister (JmxRegister.java:unregister(73)) - Successfully un-registered JMX Bean with object name Ratis:service=RaftServer,group=group-05AF502C2990,id=a073c3ef-49bb-4c5b-b895-835368f9c221
2019-09-25 07:16:19,375 [main] INFO  impl.RoleInfo (RoleInfo.java:shutdownLeaderState(104)) - b7ca5097-bc5b-4eb5-bfc6-2487a18e48b8: shutdown LeaderState
2019-09-25 07:16:19,375 [ForkJoinPool.commonPool-worker-1] INFO  impl.RoleInfo (RoleInfo.java:shutdownLeaderState(104)) - a073c3ef-49bb-4c5b-b895-835368f9c221: shutdown LeaderState
2019-09-25 07:16:19,375 [main] INFO  impl.PendingRequests (PendingRequests.java:sendNotLeaderResponses(202)) - b7ca5097-bc5b-4eb5-bfc6-2487a18e48b8-PendingRequests: sendNotLeaderResponses
2019-09-25 07:16:19,376 [ForkJoinPool.commonPool-worker-1] INFO  impl.PendingRequests (PendingRequests.java:sendNotLeaderResponses(202)) - a073c3ef-49bb-4c5b-b895-835368f9c221-PendingRequests: sendNotLeaderResponses
2019-09-25 07:16:19,376 [main] INFO  impl.StateMachineUpdater (StateMachineUpdater.java:stopAndJoin(125)) - b7ca5097-bc5b-4eb5-bfc6-2487a18e48b8@group-7CA296BBA37C-StateMachineUpdater: set stopIndex = 0
2019-09-25 07:16:19,377 [main] INFO  impl.RaftServerImpl (ServerState.java:close(385)) - b7ca5097-bc5b-4eb5-bfc6-2487a18e48b8@group-7CA296BBA37C: closes. applyIndex: 0
2019-09-25 07:16:19,376 [ForkJoinPool.commonPool-worker-1] INFO  impl.StateMachineUpdater (StateMachineUpdater.java:stopAndJoin(125)) - a073c3ef-49bb-4c5b-b895-835368f9c221@group-05AF502C2990-StateMachineUpdater: set stopIndex = 0
2019-09-25 07:16:19,377 [b7ca5097-bc5b-4eb5-bfc6-2487a18e48b8@group-7CA296BBA37C-SegmentedRaftLogWorker] INFO  segmented.SegmentedRaftLogWorker (SegmentedRaftLogWorker.java:run(313)) - b7ca5097-bc5b-4eb5-bfc6-2487a18e48b8@group-7CA296BBA37C-SegmentedRaftLogWorker was interrupted, exiting. There are 0 tasks remaining in the queue.
2019-09-25 07:16:19,378 [ForkJoinPool.commonPool-worker-1] INFO  impl.RaftServerImpl (ServerState.java:close(385)) - a073c3ef-49bb-4c5b-b895-835368f9c221@group-05AF502C2990: closes. applyIndex: 0
2019-09-25 07:16:19,378 [main] INFO  segmented.SegmentedRaftLogWorker (SegmentedRaftLogWorker.java:close(228)) - b7ca5097-bc5b-4eb5-bfc6-2487a18e48b8@group-7CA296BBA37C-SegmentedRaftLogWorker close()
2019-09-25 07:16:19,378 [a073c3ef-49bb-4c5b-b895-835368f9c221@group-05AF502C2990-SegmentedRaftLogWorker] INFO  segmented.SegmentedRaftLogWorker (SegmentedRaftLogWorker.java:run(313)) - a073c3ef-49bb-4c5b-b895-835368f9c221@group-05AF502C2990-SegmentedRaftLogWorker was interrupted, exiting. There are 0 tasks remaining in the queue.
2019-09-25 07:16:19,380 [main] INFO  impl.RaftServerImpl (RaftServerImpl.java:lambda$shutdown$3(251)) - b7ca5097-bc5b-4eb5-bfc6-2487a18e48b8@group-FB0DD7C78516: shutdown
2019-09-25 07:16:19,380 [ForkJoinPool.commonPool-worker-1] INFO  segmented.SegmentedRaftLogWorker (SegmentedRaftLogWorker.java:close(228)) - a073c3ef-49bb-4c5b-b895-835368f9c221@group-05AF502C2990-SegmentedRaftLogWorker close()
2019-09-25 07:16:19,380 [main] INFO  util.JmxRegister (JmxRegister.java:unregister(73)) - Successfully un-registered JMX Bean with object name Ratis:service=RaftServer,group=group-FB0DD7C78516,id=b7ca5097-bc5b-4eb5-bfc6-2487a18e48b8
2019-09-25 07:16:19,382 [main] INFO  impl.RoleInfo (RoleInfo.java:shutdownLeaderState(104)) - b7ca5097-bc5b-4eb5-bfc6-2487a18e48b8: shutdown LeaderState
2019-09-25 07:16:19,382 [ForkJoinPool.commonPool-worker-1] INFO  impl.RaftServerImpl (RaftServerImpl.java:lambda$shutdown$3(251)) - a073c3ef-49bb-4c5b-b895-835368f9c221@group-2FF260E78743: shutdown
2019-09-25 07:16:19,382 [main] INFO  impl.PendingRequests (PendingRequests.java:sendNotLeaderResponses(202)) - b7ca5097-bc5b-4eb5-bfc6-2487a18e48b8-PendingRequests: sendNotLeaderResponses
2019-09-25 07:16:19,383 [ForkJoinPool.commonPool-worker-1] INFO  util.JmxRegister (JmxRegister.java:unregister(73)) - Successfully un-registered JMX Bean with object name Ratis:service=RaftServer,group=group-2FF260E78743,id=a073c3ef-49bb-4c5b-b895-835368f9c221
2019-09-25 07:16:19,383 [main] INFO  impl.StateMachineUpdater (StateMachineUpdater.java:stopAndJoin(125)) - b7ca5097-bc5b-4eb5-bfc6-2487a18e48b8@group-FB0DD7C78516-StateMachineUpdater: set stopIndex = 0
2019-09-25 07:16:19,384 [main] INFO  impl.RaftServerImpl (ServerState.java:close(385)) - b7ca5097-bc5b-4eb5-bfc6-2487a18e48b8@group-FB0DD7C78516: closes. applyIndex: 0
2019-09-25 07:16:19,383 [ForkJoinPool.commonPool-worker-1] INFO  impl.RoleInfo (RoleInfo.java:shutdownLeaderState(104)) - a073c3ef-49bb-4c5b-b895-835368f9c221: shutdown LeaderState
2019-09-25 07:16:19,385 [b7ca5097-bc5b-4eb5-bfc6-2487a18e48b8@group-FB0DD7C78516-SegmentedRaftLogWorker] INFO  segmented.SegmentedRaftLogWorker (SegmentedRaftLogWorker.java:run(313)) - b7ca5097-bc5b-4eb5-bfc6-2487a18e48b8@group-FB0DD7C78516-SegmentedRaftLogWorker was interrupted, exiting. There are 0 tasks remaining in the queue.
2019-09-25 07:16:19,385 [ForkJoinPool.commonPool-worker-1] INFO  impl.PendingRequests (PendingRequests.java:sendNotLeaderResponses(202)) - a073c3ef-49bb-4c5b-b895-835368f9c221-PendingRequests: sendNotLeaderResponses
2019-09-25 07:16:19,385 [main] INFO  segmented.SegmentedRaftLogWorker (SegmentedRaftLogWorker.java:close(228)) - b7ca5097-bc5b-4eb5-bfc6-2487a18e48b8@group-FB0DD7C78516-SegmentedRaftLogWorker close()
2019-09-25 07:16:19,385 [ForkJoinPool.commonPool-worker-1] INFO  impl.StateMachineUpdater (StateMachineUpdater.java:stopAndJoin(125)) - a073c3ef-49bb-4c5b-b895-835368f9c221@group-2FF260E78743-StateMachineUpdater: set stopIndex = 0
2019-09-25 07:16:19,387 [main] INFO  impl.RaftServerImpl (RaftServerImpl.java:lambda$shutdown$3(251)) - b7ca5097-bc5b-4eb5-bfc6-2487a18e48b8@group-CE2726274A0A: shutdown
2019-09-25 07:16:19,388 [ForkJoinPool.commonPool-worker-1] INFO  impl.RaftServerImpl (ServerState.java:close(385)) - a073c3ef-49bb-4c5b-b895-835368f9c221@group-2FF260E78743: closes. applyIndex: 0
2019-09-25 07:16:19,388 [main] INFO  util.JmxRegister (JmxRegister.java:unregister(73)) - Successfully un-registered JMX Bean with object name Ratis:service=RaftServer,group=group-CE2726274A0A,id=b7ca5097-bc5b-4eb5-bfc6-2487a18e48b8
2019-09-25 07:16:19,388 [a073c3ef-49bb-4c5b-b895-835368f9c221@group-2FF260E78743-SegmentedRaftLogWorker] INFO  segmented.SegmentedRaftLogWorker (SegmentedRaftLogWorker.java:run(313)) - a073c3ef-49bb-4c5b-b895-835368f9c221@group-2FF260E78743-SegmentedRaftLogWorker was interrupted, exiting. There are 0 tasks remaining in the queue.
2019-09-25 07:16:19,388 [main] INFO  impl.RoleInfo (RoleInfo.java:shutdownLeaderState(104)) - b7ca5097-bc5b-4eb5-bfc6-2487a18e48b8: shutdown LeaderState
2019-09-25 07:16:19,389 [ForkJoinPool.commonPool-worker-1] INFO  segmented.SegmentedRaftLogWorker (SegmentedRaftLogWorker.java:close(228)) - a073c3ef-49bb-4c5b-b895-835368f9c221@group-2FF260E78743-SegmentedRaftLogWorker close()
2019-09-25 07:16:19,389 [main] INFO  impl.PendingRequests (PendingRequests.java:sendNotLeaderResponses(202)) - b7ca5097-bc5b-4eb5-bfc6-2487a18e48b8-PendingRequests: sendNotLeaderResponses
2019-09-25 07:16:19,391 [ForkJoinPool.commonPool-worker-1] INFO  impl.RaftServerImpl (RaftServerImpl.java:lambda$shutdown$3(251)) - a073c3ef-49bb-4c5b-b895-835368f9c221@group-3ACB0C70084F: shutdown
2019-09-25 07:16:19,391 [main] INFO  impl.StateMachineUpdater (StateMachineUpdater.java:stopAndJoin(125)) - b7ca5097-bc5b-4eb5-bfc6-2487a18e48b8@group-CE2726274A0A-StateMachineUpdater: set stopIndex = 0
2019-09-25 07:16:19,391 [ForkJoinPool.commonPool-worker-1] INFO  util.JmxRegister (JmxRegister.java:unregister(73)) - Successfully un-registered JMX Bean with object name Ratis:service=RaftServer,group=group-3ACB0C70084F,id=a073c3ef-49bb-4c5b-b895-835368f9c221
2019-09-25 07:16:19,392 [main] INFO  impl.RaftServerImpl (ServerState.java:close(385)) - b7ca5097-bc5b-4eb5-bfc6-2487a18e48b8@group-CE2726274A0A: closes. applyIndex: 0
2019-09-25 07:16:19,392 [ForkJoinPool.commonPool-worker-1] INFO  impl.RoleInfo (RoleInfo.java:shutdownLeaderState(104)) - a073c3ef-49bb-4c5b-b895-835368f9c221: shutdown LeaderState
2019-09-25 07:16:19,392 [b7ca5097-bc5b-4eb5-bfc6-2487a18e48b8@group-CE2726274A0A-SegmentedRaftLogWorker] INFO  segmented.SegmentedRaftLogWorker (SegmentedRaftLogWorker.java:run(313)) - b7ca5097-bc5b-4eb5-bfc6-2487a18e48b8@group-CE2726274A0A-SegmentedRaftLogWorker was interrupted, exiting. There are 0 tasks remaining in the queue.
2019-09-25 07:16:19,393 [ForkJoinPool.commonPool-worker-1] INFO  impl.PendingRequests (PendingRequests.java:sendNotLeaderResponses(202)) - a073c3ef-49bb-4c5b-b895-835368f9c221-PendingRequests: sendNotLeaderResponses
2019-09-25 07:16:19,393 [main] INFO  segmented.SegmentedRaftLogWorker (SegmentedRaftLogWorker.java:close(228)) - b7ca5097-bc5b-4eb5-bfc6-2487a18e48b8@group-CE2726274A0A-SegmentedRaftLogWorker close()
2019-09-25 07:16:19,393 [ForkJoinPool.commonPool-worker-1] INFO  impl.StateMachineUpdater (StateMachineUpdater.java:stopAndJoin(125)) - a073c3ef-49bb-4c5b-b895-835368f9c221@group-3ACB0C70084F-StateMachineUpdater: set stopIndex = 0
2019-09-25 07:16:19,395 [main] INFO  impl.RaftServerImpl (RaftServerImpl.java:lambda$shutdown$3(251)) - b7ca5097-bc5b-4eb5-bfc6-2487a18e48b8@group-1177824D5D7C: shutdown
2019-09-25 07:16:19,395 [ForkJoinPool.commonPool-worker-1] INFO  impl.RaftServerImpl (ServerState.java:close(385)) - a073c3ef-49bb-4c5b-b895-835368f9c221@group-3ACB0C70084F: closes. applyIndex: 0
2019-09-25 07:16:19,395 [main] INFO  util.JmxRegister (JmxRegister.java:unregister(73)) - Successfully un-registered JMX Bean with object name Ratis:service=RaftServer,group=group-1177824D5D7C,id=b7ca5097-bc5b-4eb5-bfc6-2487a18e48b8
2019-09-25 07:16:19,396 [main] INFO  impl.RoleInfo (RoleInfo.java:shutdownLeaderState(104)) - b7ca5097-bc5b-4eb5-bfc6-2487a18e48b8: shutdown LeaderState
2019-09-25 07:16:19,396 [a073c3ef-49bb-4c5b-b895-835368f9c221@group-3ACB0C70084F-SegmentedRaftLogWorker] INFO  segmented.SegmentedRaftLogWorker (SegmentedRaftLogWorker.java:run(313)) - a073c3ef-49bb-4c5b-b895-835368f9c221@group-3ACB0C70084F-SegmentedRaftLogWorker was interrupted, exiting. There are 0 tasks remaining in the queue.
2019-09-25 07:16:19,396 [main] INFO  impl.PendingRequests (PendingRequests.java:sendNotLeaderResponses(202)) - b7ca5097-bc5b-4eb5-bfc6-2487a18e48b8-PendingRequests: sendNotLeaderResponses
2019-09-25 07:16:19,397 [ForkJoinPool.commonPool-worker-1] INFO  segmented.SegmentedRaftLogWorker (SegmentedRaftLogWorker.java:close(228)) - a073c3ef-49bb-4c5b-b895-835368f9c221@group-3ACB0C70084F-SegmentedRaftLogWorker close()
2019-09-25 07:16:19,397 [main] INFO  impl.StateMachineUpdater (StateMachineUpdater.java:stopAndJoin(125)) - b7ca5097-bc5b-4eb5-bfc6-2487a18e48b8@group-1177824D5D7C-StateMachineUpdater: set stopIndex = 0
2019-09-25 07:16:19,399 [main] INFO  impl.RaftServerImpl (ServerState.java:close(385)) - b7ca5097-bc5b-4eb5-bfc6-2487a18e48b8@group-1177824D5D7C: closes. applyIndex: 0
2019-09-25 07:16:19,399 [ForkJoinPool.commonPool-worker-1] INFO  impl.RaftServerImpl (RaftServerImpl.java:lambda$shutdown$3(251)) - a073c3ef-49bb-4c5b-b895-835368f9c221@group-5512EFDBA172: shutdown
2019-09-25 07:16:19,399 [b7ca5097-bc5b-4eb5-bfc6-2487a18e48b8@group-1177824D5D7C-SegmentedRaftLogWorker] INFO  segmented.SegmentedRaftLogWorker (SegmentedRaftLogWorker.java:run(313)) - b7ca5097-bc5b-4eb5-bfc6-2487a18e48b8@group-1177824D5D7C-SegmentedRaftLogWorker was interrupted, exiting. There are 0 tasks remaining in the queue.
2019-09-25 07:16:19,400 [ForkJoinPool.commonPool-worker-1] INFO  util.JmxRegister (JmxRegister.java:unregister(73)) - Successfully un-registered JMX Bean with object name Ratis:service=RaftServer,group=group-5512EFDBA172,id=a073c3ef-49bb-4c5b-b895-835368f9c221
2019-09-25 07:16:19,400 [main] INFO  segmented.SegmentedRaftLogWorker (SegmentedRaftLogWorker.java:close(228)) - b7ca5097-bc5b-4eb5-bfc6-2487a18e48b8@group-1177824D5D7C-SegmentedRaftLogWorker close()
2019-09-25 07:16:19,400 [ForkJoinPool.commonPool-worker-1] INFO  impl.RoleInfo (RoleInfo.java:shutdownLeaderState(104)) - a073c3ef-49bb-4c5b-b895-835368f9c221: shutdown LeaderState
2019-09-25 07:16:19,402 [main] INFO  impl.RaftServerImpl (RaftServerImpl.java:lambda$shutdown$3(251)) - b7ca5097-bc5b-4eb5-bfc6-2487a18e48b8@group-5D0F5096EAE1: shutdown
2019-09-25 07:16:19,402 [ForkJoinPool.commonPool-worker-1] INFO  impl.PendingRequests (PendingRequests.java:sendNotLeaderResponses(202)) - a073c3ef-49bb-4c5b-b895-835368f9c221-PendingRequests: sendNotLeaderResponses
2019-09-25 07:16:19,402 [main] INFO  util.JmxRegister (JmxRegister.java:unregister(73)) - Successfully un-registered JMX Bean with object name Ratis:service=RaftServer,group=group-5D0F5096EAE1,id=b7ca5097-bc5b-4eb5-bfc6-2487a18e48b8
2019-09-25 07:16:19,403 [ForkJoinPool.commonPool-worker-1] INFO  impl.StateMachineUpdater (StateMachineUpdater.java:stopAndJoin(125)) - a073c3ef-49bb-4c5b-b895-835368f9c221@group-5512EFDBA172-StateMachineUpdater: set stopIndex = 0
2019-09-25 07:16:19,403 [main] INFO  impl.RoleInfo (RoleInfo.java:shutdownLeaderState(104)) - b7ca5097-bc5b-4eb5-bfc6-2487a18e48b8: shutdown LeaderState
2019-09-25 07:16:19,403 [ForkJoinPool.commonPool-worker-1] INFO  impl.RaftServerImpl (ServerState.java:close(385)) - a073c3ef-49bb-4c5b-b895-835368f9c221@group-5512EFDBA172: closes. applyIndex: 0
2019-09-25 07:16:19,404 [main] INFO  impl.PendingRequests (PendingRequests.java:sendNotLeaderResponses(202)) - b7ca5097-bc5b-4eb5-bfc6-2487a18e48b8-PendingRequests: sendNotLeaderResponses
2019-09-25 07:16:19,404 [a073c3ef-49bb-4c5b-b895-835368f9c221@group-5512EFDBA172-SegmentedRaftLogWorker] INFO  segmented.SegmentedRaftLogWorker (SegmentedRaftLogWorker.java:run(313)) - a073c3ef-49bb-4c5b-b895-835368f9c221@group-5512EFDBA172-SegmentedRaftLogWorker was interrupted, exiting. There are 0 tasks remaining in the queue.
2019-09-25 07:16:19,404 [main] INFO  impl.StateMachineUpdater (StateMachineUpdater.java:stopAndJoin(125)) - b7ca5097-bc5b-4eb5-bfc6-2487a18e48b8@group-5D0F5096EAE1-StateMachineUpdater: set stopIndex = 0
2019-09-25 07:16:19,404 [ForkJoinPool.commonPool-worker-1] INFO  segmented.SegmentedRaftLogWorker (SegmentedRaftLogWorker.java:close(228)) - a073c3ef-49bb-4c5b-b895-835368f9c221@group-5512EFDBA172-SegmentedRaftLogWorker close()
2019-09-25 07:16:19,405 [main] INFO  impl.RaftServerImpl (ServerState.java:close(385)) - b7ca5097-bc5b-4eb5-bfc6-2487a18e48b8@group-5D0F5096EAE1: closes. applyIndex: 0
2019-09-25 07:16:19,406 [ForkJoinPool.commonPool-worker-1] INFO  impl.RaftServerImpl (RaftServerImpl.java:lambda$shutdown$3(251)) - a073c3ef-49bb-4c5b-b895-835368f9c221@group-57E17577B197: shutdown
2019-09-25 07:16:19,407 [b7ca5097-bc5b-4eb5-bfc6-2487a18e48b8@group-5D0F5096EAE1-SegmentedRaftLogWorker] INFO  segmented.SegmentedRaftLogWorker (SegmentedRaftLogWorker.java:run(313)) - b7ca5097-bc5b-4eb5-bfc6-2487a18e48b8@group-5D0F5096EAE1-SegmentedRaftLogWorker was interrupted, exiting. There are 0 tasks remaining in the queue.
2019-09-25 07:16:19,407 [ForkJoinPool.commonPool-worker-1] INFO  util.JmxRegister (JmxRegister.java:unregister(73)) - Successfully un-registered JMX Bean with object name Ratis:service=RaftServer,group=group-57E17577B197,id=a073c3ef-49bb-4c5b-b895-835368f9c221
2019-09-25 07:16:19,407 [main] INFO  segmented.SegmentedRaftLogWorker (SegmentedRaftLogWorker.java:close(228)) - b7ca5097-bc5b-4eb5-bfc6-2487a18e48b8@group-5D0F5096EAE1-SegmentedRaftLogWorker close()
2019-09-25 07:16:19,407 [ForkJoinPool.commonPool-worker-1] INFO  impl.RoleInfo (RoleInfo.java:shutdownLeaderState(104)) - a073c3ef-49bb-4c5b-b895-835368f9c221: shutdown LeaderState
2019-09-25 07:16:19,409 [main] INFO  server.GrpcService (GrpcService.java:closeImpl(164)) - b7ca5097-bc5b-4eb5-bfc6-2487a18e48b8: shutdown server with port 35346 now
2019-09-25 07:16:19,409 [ForkJoinPool.commonPool-worker-1] INFO  impl.PendingRequests (PendingRequests.java:sendNotLeaderResponses(202)) - a073c3ef-49bb-4c5b-b895-835368f9c221-PendingRequests: sendNotLeaderResponses
2019-09-25 07:16:19,411 [ForkJoinPool.commonPool-worker-1] INFO  impl.StateMachineUpdater (StateMachineUpdater.java:stopAndJoin(125)) - a073c3ef-49bb-4c5b-b895-835368f9c221@group-57E17577B197-StateMachineUpdater: set stopIndex = 0
2019-09-25 07:16:19,411 [main] INFO  server.GrpcService (GrpcService.java:closeImpl(172)) - b7ca5097-bc5b-4eb5-bfc6-2487a18e48b8: shutdown server with port 35346 successfully
2019-09-25 07:16:19,411 [ForkJoinPool.commonPool-worker-1] INFO  impl.RaftServerImpl (ServerState.java:close(385)) - a073c3ef-49bb-4c5b-b895-835368f9c221@group-57E17577B197: closes. applyIndex: 0
2019-09-25 07:16:19,412 [a073c3ef-49bb-4c5b-b895-835368f9c221@group-57E17577B197-SegmentedRaftLogWorker] INFO  segmented.SegmentedRaftLogWorker (SegmentedRaftLogWorker.java:run(313)) - a073c3ef-49bb-4c5b-b895-835368f9c221@group-57E17577B197-SegmentedRaftLogWorker was interrupted, exiting. There are 0 tasks remaining in the queue.
2019-09-25 07:16:19,412 [ForkJoinPool.commonPool-worker-1] INFO  segmented.SegmentedRaftLogWorker (SegmentedRaftLogWorker.java:close(228)) - a073c3ef-49bb-4c5b-b895-835368f9c221@group-57E17577B197-SegmentedRaftLogWorker close()
2019-09-25 07:16:19,414 [ForkJoinPool.commonPool-worker-1] INFO  server.GrpcService (GrpcService.java:closeImpl(164)) - a073c3ef-49bb-4c5b-b895-835368f9c221: shutdown server with port 46476 now
2019-09-25 07:16:19,415 [ForkJoinPool.commonPool-worker-1] INFO  server.GrpcService (GrpcService.java:closeImpl(172)) - a073c3ef-49bb-4c5b-b895-835368f9c221: shutdown server with port 46476 successfully
2019-09-25 07:16:19,419 [refreshUsed-/workdir/hadoop-ozone/ozonefs/target/test-dir/MiniOzoneClusterImpl-27c41e8f-6b3c-4668-9f3b-45b0868fb4ff/datanode-1/data/containers] WARN  fs.CachingGetSpaceUsed (CachingGetSpaceUsed.java:run(183)) - Thread Interrupted waiting to refresh disk information: sleep interrupted
2019-09-25 07:16:19,420 [refreshUsed-/workdir/hadoop-ozone/ozonefs/target/test-dir/MiniOzoneClusterImpl-27c41e8f-6b3c-4668-9f3b-45b0868fb4ff/datanode-0/data/containers] WARN  fs.CachingGetSpaceUsed (CachingGetSpaceUsed.java:run(183)) - Thread Interrupted waiting to refresh disk information: sleep interrupted
2019-09-25 07:16:19,443 [ForkJoinPool.commonPool-worker-1] INFO  utils.BackgroundService (BackgroundService.java:shutdown(148)) - Shutting down service BlockDeletingService
2019-09-25 07:16:19,443 [main] INFO  utils.BackgroundService (BackgroundService.java:shutdown(148)) - Shutting down service BlockDeletingService
2019-09-25 07:16:19,454 [ForkJoinPool.commonPool-worker-1] INFO  statemachine.DatanodeStateMachine (DatanodeStateMachine.java:stopDaemon(395)) - Ozone container server stopped.
2019-09-25 07:16:19,455 [main] INFO  statemachine.DatanodeStateMachine (DatanodeStateMachine.java:stopDaemon(395)) - Ozone container server stopped.
2019-09-25 07:16:19,459 [ForkJoinPool.commonPool-worker-1] INFO  handler.ContextHandler (ContextHandler.java:doStop(910)) - Stopped o.e.j.w.WebAppContext@2eb0cefe{/,null,UNAVAILABLE}{/hddsDatanode}
2019-09-25 07:16:19,460 [main] INFO  handler.ContextHandler (ContextHandler.java:doStop(910)) - Stopped o.e.j.w.WebAppContext@1b8aaeab{/,null,UNAVAILABLE}{/hddsDatanode}
2019-09-25 07:16:19,460 [ForkJoinPool.commonPool-worker-1] INFO  server.AbstractConnector (AbstractConnector.java:doStop(318)) - Stopped ServerConnector@5a2ae1ab{HTTP/1.1,[http/1.1]}{0.0.0.0:0}
2019-09-25 07:16:19,461 [ForkJoinPool.commonPool-worker-1] INFO  handler.ContextHandler (ContextHandler.java:doStop(910)) - Stopped o.e.j.s.ServletContextHandler@4a2bf50f{/static,jar:file:/home/user/.m2/repository/org/apache/hadoop/hadoop-hdds-container-service/0.5.0-SNAPSHOT/hadoop-hdds-container-service-0.5.0-SNAPSHOT.jar!/webapps/static,UNAVAILABLE}
2019-09-25 07:16:19,461 [main] INFO  server.AbstractConnector (AbstractConnector.java:doStop(318)) - Stopped ServerConnector@5d1bdd4a{HTTP/1.1,[http/1.1]}{0.0.0.0:0}
2019-09-25 07:16:19,463 [ForkJoinPool.commonPool-worker-1] INFO  handler.ContextHandler (ContextHandler.java:doStop(910)) - Stopped o.e.j.s.ServletContextHandler@1a914089{/logs,file:///workdir/hadoop-ozone/ozonefs/target/log,UNAVAILABLE}
2019-09-25 07:16:19,463 [main] INFO  handler.ContextHandler (ContextHandler.java:doStop(910)) - Stopped o.e.j.s.ServletContextHandler@5a7b309b{/static,jar:file:/home/user/.m2/repository/org/apache/hadoop/hadoop-hdds-container-service/0.5.0-SNAPSHOT/hadoop-hdds-container-service-0.5.0-SNAPSHOT.jar!/webapps/static,UNAVAILABLE}
2019-09-25 07:16:19,464 [main] INFO  handler.ContextHandler (ContextHandler.java:doStop(910)) - Stopped o.e.j.s.ServletContextHandler@6b8b5020{/logs,file:///workdir/hadoop-ozone/ozonefs/target/log,UNAVAILABLE}
2019-09-25 07:16:20,183 [Datanode State Machine Thread - 0] INFO  statemachine.DatanodeStateMachine (DatanodeStateMachine.java:lambda$startDaemon$0(350)) - Ozone container server started.
2019-09-25 07:16:24,464 [ForkJoinPool.commonPool-worker-1] INFO  ozoneimpl.OzoneContainer (OzoneContainer.java:stop(231)) - Attempting to stop container services.
2019-09-25 07:16:24,465 [ForkJoinPool.commonPool-worker-1] INFO  impl.RaftServerProxy (RaftServerProxy.java:lambda$close$4(314)) - cb908934-9a93-428c-b1bf-b5dcd51b5616: close
2019-09-25 07:16:24,465 [ForkJoinPool.commonPool-worker-1] INFO  impl.RaftServerImpl (RaftServerImpl.java:lambda$shutdown$3(251)) - cb908934-9a93-428c-b1bf-b5dcd51b5616@group-15D13B9122C5: shutdown
2019-09-25 07:16:24,466 [ForkJoinPool.commonPool-worker-1] INFO  util.JmxRegister (JmxRegister.java:unregister(73)) - Successfully un-registered JMX Bean with object name Ratis:service=RaftServer,group=group-15D13B9122C5,id=cb908934-9a93-428c-b1bf-b5dcd51b5616
2019-09-25 07:16:24,466 [ForkJoinPool.commonPool-worker-1] INFO  impl.RoleInfo (RoleInfo.java:shutdownLeaderState(104)) - cb908934-9a93-428c-b1bf-b5dcd51b5616: shutdown LeaderState
2019-09-25 07:16:24,466 [ForkJoinPool.commonPool-worker-1] INFO  impl.PendingRequests (PendingRequests.java:sendNotLeaderResponses(202)) - cb908934-9a93-428c-b1bf-b5dcd51b5616-PendingRequests: sendNotLeaderResponses
2019-09-25 07:16:24,467 [ForkJoinPool.commonPool-worker-1] INFO  impl.StateMachineUpdater (StateMachineUpdater.java:stopAndJoin(125)) - cb908934-9a93-428c-b1bf-b5dcd51b5616@group-15D13B9122C5-StateMachineUpdater: set stopIndex = 0
2019-09-25 07:16:24,467 [ForkJoinPool.commonPool-worker-1] INFO  impl.RaftServerImpl (ServerState.java:close(385)) - cb908934-9a93-428c-b1bf-b5dcd51b5616@group-15D13B9122C5: closes. applyIndex: 0
2019-09-25 07:16:24,468 [cb908934-9a93-428c-b1bf-b5dcd51b5616@group-15D13B9122C5-SegmentedRaftLogWorker] INFO  segmented.SegmentedRaftLogWorker (SegmentedRaftLogWorker.java:run(313)) - cb908934-9a93-428c-b1bf-b5dcd51b5616@group-15D13B9122C5-SegmentedRaftLogWorker was interrupted, exiting. There are 0 tasks remaining in the queue.
2019-09-25 07:16:24,468 [ForkJoinPool.commonPool-worker-1] INFO  segmented.SegmentedRaftLogWorker (SegmentedRaftLogWorker.java:close(228)) - cb908934-9a93-428c-b1bf-b5dcd51b5616@group-15D13B9122C5-SegmentedRaftLogWorker close()
2019-09-25 07:16:24,470 [ForkJoinPool.commonPool-worker-1] INFO  impl.RaftServerImpl (RaftServerImpl.java:lambda$shutdown$3(251)) - cb908934-9a93-428c-b1bf-b5dcd51b5616@group-1B28D4A42353: shutdown
2019-09-25 07:16:24,471 [ForkJoinPool.commonPool-worker-1] INFO  util.JmxRegister (JmxRegister.java:unregister(73)) - Successfully un-registered JMX Bean with object name Ratis:service=RaftServer,group=group-1B28D4A42353,id=cb908934-9a93-428c-b1bf-b5dcd51b5616
2019-09-25 07:16:24,471 [ForkJoinPool.commonPool-worker-1] INFO  impl.RoleInfo (RoleInfo.java:shutdownLeaderState(104)) - cb908934-9a93-428c-b1bf-b5dcd51b5616: shutdown LeaderState
2019-09-25 07:16:24,471 [ForkJoinPool.commonPool-worker-1] INFO  impl.PendingRequests (PendingRequests.java:sendNotLeaderResponses(202)) - cb908934-9a93-428c-b1bf-b5dcd51b5616-PendingRequests: sendNotLeaderResponses
2019-09-25 07:16:24,472 [ForkJoinPool.commonPool-worker-1] INFO  impl.StateMachineUpdater (StateMachineUpdater.java:stopAndJoin(125)) - cb908934-9a93-428c-b1bf-b5dcd51b5616@group-1B28D4A42353-StateMachineUpdater: set stopIndex = 0
2019-09-25 07:16:24,472 [ForkJoinPool.commonPool-worker-1] INFO  impl.RaftServerImpl (ServerState.java:close(385)) - cb908934-9a93-428c-b1bf-b5dcd51b5616@group-1B28D4A42353: closes. applyIndex: 0
2019-09-25 07:16:24,472 [cb908934-9a93-428c-b1bf-b5dcd51b5616@group-1B28D4A42353-SegmentedRaftLogWorker] INFO  segmented.SegmentedRaftLogWorker (SegmentedRaftLogWorker.java:run(313)) - cb908934-9a93-428c-b1bf-b5dcd51b5616@group-1B28D4A42353-SegmentedRaftLogWorker was interrupted, exiting. There are 0 tasks remaining in the queue.
2019-09-25 07:16:24,473 [ForkJoinPool.commonPool-worker-1] INFO  segmented.SegmentedRaftLogWorker (SegmentedRaftLogWorker.java:close(228)) - cb908934-9a93-428c-b1bf-b5dcd51b5616@group-1B28D4A42353-SegmentedRaftLogWorker close()
2019-09-25 07:16:24,475 [ForkJoinPool.commonPool-worker-1] INFO  impl.RaftServerImpl (RaftServerImpl.java:lambda$shutdown$3(251)) - cb908934-9a93-428c-b1bf-b5dcd51b5616@group-E069DA589B9C: shutdown
2019-09-25 07:16:24,475 [ForkJoinPool.commonPool-worker-1] INFO  util.JmxRegister (JmxRegister.java:unregister(73)) - Successfully un-registered JMX Bean with object name Ratis:service=RaftServer,group=group-E069DA589B9C,id=cb908934-9a93-428c-b1bf-b5dcd51b5616
2019-09-25 07:16:24,475 [ForkJoinPool.commonPool-worker-1] INFO  impl.RoleInfo (RoleInfo.java:shutdownLeaderState(104)) - cb908934-9a93-428c-b1bf-b5dcd51b5616: shutdown LeaderState
2019-09-25 07:16:24,475 [ForkJoinPool.commonPool-worker-1] INFO  impl.PendingRequests (PendingRequests.java:sendNotLeaderResponses(202)) - cb908934-9a93-428c-b1bf-b5dcd51b5616-PendingRequests: sendNotLeaderResponses
2019-09-25 07:16:24,476 [ForkJoinPool.commonPool-worker-1] INFO  impl.StateMachineUpdater (StateMachineUpdater.java:stopAndJoin(125)) - cb908934-9a93-428c-b1bf-b5dcd51b5616@group-E069DA589B9C-StateMachineUpdater: set stopIndex = 0
2019-09-25 07:16:24,476 [ForkJoinPool.commonPool-worker-1] INFO  impl.RaftServerImpl (ServerState.java:close(385)) - cb908934-9a93-428c-b1bf-b5dcd51b5616@group-E069DA589B9C: closes. applyIndex: 0
2019-09-25 07:16:24,476 [cb908934-9a93-428c-b1bf-b5dcd51b5616@group-E069DA589B9C-SegmentedRaftLogWorker] INFO  segmented.SegmentedRaftLogWorker (SegmentedRaftLogWorker.java:run(313)) - cb908934-9a93-428c-b1bf-b5dcd51b5616@group-E069DA589B9C-SegmentedRaftLogWorker was interrupted, exiting. There are 0 tasks remaining in the queue.
2019-09-25 07:16:24,476 [ForkJoinPool.commonPool-worker-1] INFO  segmented.SegmentedRaftLogWorker (SegmentedRaftLogWorker.java:close(228)) - cb908934-9a93-428c-b1bf-b5dcd51b5616@group-E069DA589B9C-SegmentedRaftLogWorker close()
2019-09-25 07:16:24,478 [ForkJoinPool.commonPool-worker-1] INFO  impl.RaftServerImpl (RaftServerImpl.java:lambda$shutdown$3(251)) - cb908934-9a93-428c-b1bf-b5dcd51b5616@group-444FD241504D: shutdown
2019-09-25 07:16:24,478 [ForkJoinPool.commonPool-worker-1] INFO  util.JmxRegister (JmxRegister.java:unregister(73)) - Successfully un-registered JMX Bean with object name Ratis:service=RaftServer,group=group-444FD241504D,id=cb908934-9a93-428c-b1bf-b5dcd51b5616
2019-09-25 07:16:24,478 [ForkJoinPool.commonPool-worker-1] INFO  impl.RoleInfo (RoleInfo.java:shutdownLeaderState(104)) - cb908934-9a93-428c-b1bf-b5dcd51b5616: shutdown LeaderState
2019-09-25 07:16:24,478 [ForkJoinPool.commonPool-worker-1] INFO  impl.PendingRequests (PendingRequests.java:sendNotLeaderResponses(202)) - cb908934-9a93-428c-b1bf-b5dcd51b5616-PendingRequests: sendNotLeaderResponses
2019-09-25 07:16:24,479 [ForkJoinPool.commonPool-worker-1] INFO  impl.StateMachineUpdater (StateMachineUpdater.java:stopAndJoin(125)) - cb908934-9a93-428c-b1bf-b5dcd51b5616@group-444FD241504D-StateMachineUpdater: set stopIndex = 0
2019-09-25 07:16:24,479 [ForkJoinPool.commonPool-worker-1] INFO  impl.RaftServerImpl (ServerState.java:close(385)) - cb908934-9a93-428c-b1bf-b5dcd51b5616@group-444FD241504D: closes. applyIndex: 0
2019-09-25 07:16:24,479 [cb908934-9a93-428c-b1bf-b5dcd51b5616@group-444FD241504D-SegmentedRaftLogWorker] INFO  segmented.SegmentedRaftLogWorker (SegmentedRaftLogWorker.java:run(313)) - cb908934-9a93-428c-b1bf-b5dcd51b5616@group-444FD241504D-SegmentedRaftLogWorker was interrupted, exiting. There are 0 tasks remaining in the queue.
2019-09-25 07:16:24,479 [ForkJoinPool.commonPool-worker-1] INFO  segmented.SegmentedRaftLogWorker (SegmentedRaftLogWorker.java:close(228)) - cb908934-9a93-428c-b1bf-b5dcd51b5616@group-444FD241504D-SegmentedRaftLogWorker close()
2019-09-25 07:16:24,481 [ForkJoinPool.commonPool-worker-1] INFO  impl.RaftServerImpl (RaftServerImpl.java:lambda$shutdown$3(251)) - cb908934-9a93-428c-b1bf-b5dcd51b5616@group-CFAD4A1BECAC: shutdown
2019-09-25 07:16:24,482 [ForkJoinPool.commonPool-worker-1] INFO  util.JmxRegister (JmxRegister.java:unregister(73)) - Successfully un-registered JMX Bean with object name Ratis:service=RaftServer,group=group-CFAD4A1BECAC,id=cb908934-9a93-428c-b1bf-b5dcd51b5616
2019-09-25 07:16:24,482 [ForkJoinPool.commonPool-worker-1] INFO  impl.RoleInfo (RoleInfo.java:shutdownLeaderState(104)) - cb908934-9a93-428c-b1bf-b5dcd51b5616: shutdown LeaderState
2019-09-25 07:16:24,482 [ForkJoinPool.commonPool-worker-1] INFO  impl.PendingRequests (PendingRequests.java:sendNotLeaderResponses(202)) - cb908934-9a93-428c-b1bf-b5dcd51b5616-PendingRequests: sendNotLeaderResponses
2019-09-25 07:16:24,482 [ForkJoinPool.commonPool-worker-1] INFO  impl.StateMachineUpdater (StateMachineUpdater.java:stopAndJoin(125)) - cb908934-9a93-428c-b1bf-b5dcd51b5616@group-CFAD4A1BECAC-StateMachineUpdater: set stopIndex = 0
2019-09-25 07:16:24,482 [ForkJoinPool.commonPool-worker-1] INFO  impl.RaftServerImpl (ServerState.java:close(385)) - cb908934-9a93-428c-b1bf-b5dcd51b5616@group-CFAD4A1BECAC: closes. applyIndex: 0
2019-09-25 07:16:24,483 [cb908934-9a93-428c-b1bf-b5dcd51b5616@group-CFAD4A1BECAC-SegmentedRaftLogWorker] INFO  segmented.SegmentedRaftLogWorker (SegmentedRaftLogWorker.java:run(313)) - cb908934-9a93-428c-b1bf-b5dcd51b5616@group-CFAD4A1BECAC-SegmentedRaftLogWorker was interrupted, exiting. There are 0 tasks remaining in the queue.
2019-09-25 07:16:24,483 [ForkJoinPool.commonPool-worker-1] INFO  segmented.SegmentedRaftLogWorker (SegmentedRaftLogWorker.java:close(228)) - cb908934-9a93-428c-b1bf-b5dcd51b5616@group-CFAD4A1BECAC-SegmentedRaftLogWorker close()
2019-09-25 07:16:24,485 [ForkJoinPool.commonPool-worker-1] INFO  impl.RaftServerImpl (RaftServerImpl.java:lambda$shutdown$3(251)) - cb908934-9a93-428c-b1bf-b5dcd51b5616@group-7BB77C86EE54: shutdown
2019-09-25 07:16:24,486 [ForkJoinPool.commonPool-worker-1] INFO  util.JmxRegister (JmxRegister.java:unregister(73)) - Successfully un-registered JMX Bean with object name Ratis:service=RaftServer,group=group-7BB77C86EE54,id=cb908934-9a93-428c-b1bf-b5dcd51b5616
2019-09-25 07:16:24,486 [ForkJoinPool.commonPool-worker-1] INFO  impl.RoleInfo (RoleInfo.java:shutdownLeaderState(104)) - cb908934-9a93-428c-b1bf-b5dcd51b5616: shutdown LeaderState
2019-09-25 07:16:24,487 [ForkJoinPool.commonPool-worker-1] INFO  impl.PendingRequests (PendingRequests.java:sendNotLeaderResponses(202)) - cb908934-9a93-428c-b1bf-b5dcd51b5616-PendingRequests: sendNotLeaderResponses
2019-09-25 07:16:24,487 [ForkJoinPool.commonPool-worker-1] INFO  impl.StateMachineUpdater (StateMachineUpdater.java:stopAndJoin(125)) - cb908934-9a93-428c-b1bf-b5dcd51b5616@group-7BB77C86EE54-StateMachineUpdater: set stopIndex = 0
2019-09-25 07:16:24,488 [ForkJoinPool.commonPool-worker-1] INFO  impl.RaftServerImpl (ServerState.java:close(385)) - cb908934-9a93-428c-b1bf-b5dcd51b5616@group-7BB77C86EE54: closes. applyIndex: 0
2019-09-25 07:16:24,488 [cb908934-9a93-428c-b1bf-b5dcd51b5616@group-7BB77C86EE54-SegmentedRaftLogWorker] INFO  segmented.SegmentedRaftLogWorker (SegmentedRaftLogWorker.java:run(313)) - cb908934-9a93-428c-b1bf-b5dcd51b5616@group-7BB77C86EE54-SegmentedRaftLogWorker was interrupted, exiting. There are 0 tasks remaining in the queue.
2019-09-25 07:16:24,488 [ForkJoinPool.commonPool-worker-1] INFO  segmented.SegmentedRaftLogWorker (SegmentedRaftLogWorker.java:close(228)) - cb908934-9a93-428c-b1bf-b5dcd51b5616@group-7BB77C86EE54-SegmentedRaftLogWorker close()
2019-09-25 07:16:24,490 [ForkJoinPool.commonPool-worker-1] INFO  server.GrpcService (GrpcService.java:closeImpl(164)) - cb908934-9a93-428c-b1bf-b5dcd51b5616: shutdown server with port 34471 now
2019-09-25 07:16:24,492 [ForkJoinPool.commonPool-worker-1] INFO  server.GrpcService (GrpcService.java:closeImpl(172)) - cb908934-9a93-428c-b1bf-b5dcd51b5616: shutdown server with port 34471 successfully
2019-09-25 07:16:24,513 [refreshUsed-/workdir/hadoop-ozone/ozonefs/target/test-dir/MiniOzoneClusterImpl-27c41e8f-6b3c-4668-9f3b-45b0868fb4ff/datanode-2/data/containers] WARN  fs.CachingGetSpaceUsed (CachingGetSpaceUsed.java:run(183)) - Thread Interrupted waiting to refresh disk information: sleep interrupted
2019-09-25 07:16:24,542 [ForkJoinPool.commonPool-worker-1] INFO  utils.BackgroundService (BackgroundService.java:shutdown(148)) - Shutting down service BlockDeletingService
2019-09-25 07:16:24,547 [ForkJoinPool.commonPool-worker-1] INFO  statemachine.DatanodeStateMachine (DatanodeStateMachine.java:stopDaemon(395)) - Ozone container server stopped.
2019-09-25 07:16:24,551 [ForkJoinPool.commonPool-worker-1] INFO  handler.ContextHandler (ContextHandler.java:doStop(910)) - Stopped o.e.j.w.WebAppContext@2c06b113{/,null,UNAVAILABLE}{/hddsDatanode}
2019-09-25 07:16:24,552 [ForkJoinPool.commonPool-worker-1] INFO  server.AbstractConnector (AbstractConnector.java:doStop(318)) - Stopped ServerConnector@7a64cb0c{HTTP/1.1,[http/1.1]}{0.0.0.0:0}
2019-09-25 07:16:24,557 [ForkJoinPool.commonPool-worker-1] INFO  handler.ContextHandler (ContextHandler.java:doStop(910)) - Stopped o.e.j.s.ServletContextHandler@5012c571{/static,jar:file:/home/user/.m2/repository/org/apache/hadoop/hadoop-hdds-container-service/0.5.0-SNAPSHOT/hadoop-hdds-container-service-0.5.0-SNAPSHOT.jar!/webapps/static,UNAVAILABLE}
2019-09-25 07:16:24,557 [ForkJoinPool.commonPool-worker-1] INFO  handler.ContextHandler (ContextHandler.java:doStop(910)) - Stopped o.e.j.s.ServletContextHandler@756808cc{/logs,file:///workdir/hadoop-ozone/ozonefs/target/log,UNAVAILABLE}
2019-09-25 07:16:24,558 [main] INFO  ozone.MiniOzoneClusterImpl (MiniOzoneClusterImpl.java:stopSCM(392)) - Stopping the StorageContainerManager
2019-09-25 07:16:24,558 [main] INFO  server.StorageContainerManager (StorageContainerManager.java:stop(808)) - Stopping Replication Manager Service.
2019-09-25 07:16:24,559 [main] INFO  container.ReplicationManager (ReplicationManager.java:stop(204)) - Stopping Replication Monitor Thread.
2019-09-25 07:16:24,559 [main] INFO  server.StorageContainerManager (StorageContainerManager.java:stop(815)) - Stopping Lease Manager of the command watchers
2019-09-25 07:16:24,559 [main] INFO  server.StorageContainerManager (StorageContainerManager.java:stop(822)) - Stopping datanode service RPC server
2019-09-25 07:16:24,559 [main] INFO  server.SCMDatanodeProtocolServer (SCMDatanodeProtocolServer.java:stop(367)) - Stopping the RPC server for DataNodes
2019-09-25 07:16:24,559 [main] INFO  ipc.Server (Server.java:stop(3082)) - Stopping server on 38343
2019-09-25 07:16:24,561 [IPC Server listener on 38343] INFO  ipc.Server (Server.java:run(1185)) - Stopping IPC Server listener on 38343
2019-09-25 07:16:24,564 [IPC Server Responder] INFO  ipc.Server (Server.java:run(1319)) - Stopping IPC Server Responder
2019-09-25 07:16:24,662 [SCM Heartbeat Processing Thread - 0] WARN  node.NodeStateManager (NodeStateManager.java:scheduleNextHealthCheck(655)) - Current Thread is interrupted, shutting down HB processing thread for Node Manager.
2019-09-25 07:16:24,662 [main] INFO  server.StorageContainerManager (StorageContainerManager.java:stop(830)) - Stopping block service RPC server
2019-09-25 07:16:24,663 [main] INFO  server.SCMBlockProtocolServer (SCMBlockProtocolServer.java:stop(155)) - Stopping the RPC server for Block Protocol
2019-09-25 07:16:24,663 [main] INFO  ipc.Server (Server.java:stop(3082)) - Stopping server on 41430
2019-09-25 07:16:24,669 [main] INFO  server.StorageContainerManager (StorageContainerManager.java:stop(837)) - Stopping the StorageContainerLocationProtocol RPC server
2019-09-25 07:16:24,669 [IPC Server Responder] INFO  ipc.Server (Server.java:run(1319)) - Stopping IPC Server Responder
2019-09-25 07:16:24,669 [IPC Server listener on 41430] INFO  ipc.Server (Server.java:run(1185)) - Stopping IPC Server listener on 41430
2019-09-25 07:16:24,669 [main] INFO  server.SCMClientProtocolServer (SCMClientProtocolServer.java:stop(159)) - Stopping the RPC server for Client Protocol
2019-09-25 07:16:24,672 [main] INFO  ipc.Server (Server.java:stop(3082)) - Stopping server on 46232
2019-09-25 07:16:24,675 [IPC Server listener on 46232] INFO  ipc.Server (Server.java:run(1185)) - Stopping IPC Server listener on 46232
2019-09-25 07:16:24,675 [main] INFO  server.StorageContainerManager (StorageContainerManager.java:stop(844)) - Stopping Storage Container Manager HTTP server.
2019-09-25 07:16:24,677 [IPC Server Responder] INFO  ipc.Server (Server.java:run(1319)) - Stopping IPC Server Responder
2019-09-25 07:16:24,678 [main] INFO  handler.ContextHandler (ContextHandler.java:doStop(910)) - Stopped o.e.j.w.WebAppContext@2a0b901c{/,null,UNAVAILABLE}{/scm}
2019-09-25 07:16:24,679 [main] INFO  server.AbstractConnector (AbstractConnector.java:doStop(318)) - Stopped ServerConnector@3d104c9b{HTTP/1.1,[http/1.1]}{0.0.0.0:0}
2019-09-25 07:16:24,679 [main] INFO  handler.ContextHandler (ContextHandler.java:doStop(910)) - Stopped o.e.j.s.ServletContextHandler@4d354a3e{/static,jar:file:/home/user/.m2/repository/org/apache/hadoop/hadoop-hdds-server-scm/0.5.0-SNAPSHOT/hadoop-hdds-server-scm-0.5.0-SNAPSHOT.jar!/webapps/static,UNAVAILABLE}
2019-09-25 07:16:24,680 [main] INFO  handler.ContextHandler (ContextHandler.java:doStop(910)) - Stopped o.e.j.s.ServletContextHandler@8e99809{/logs,file:///workdir/hadoop-ozone/ozonefs/target/log,UNAVAILABLE}
2019-09-25 07:16:24,681 [main] INFO  server.StorageContainerManager (StorageContainerManager.java:stop(855)) - Stopping Block Manager Service.
2019-09-25 07:16:24,681 [main] INFO  utils.BackgroundService (BackgroundService.java:shutdown(148)) - Shutting down service SCMBlockDeletingService
2019-09-25 07:16:24,682 [main] INFO  utils.BackgroundService (BackgroundService.java:shutdown(148)) - Shutting down service SCMBlockDeletingService
2019-09-25 07:16:24,683 [main] INFO  server.StorageContainerManager (StorageContainerManager.java:stop(877)) - Stopping SCM Event Queue.
2019-09-25 07:16:24,686 [main] INFO  impl.MetricsSystemImpl (MetricsSystemImpl.java:stop(210)) - Stopping HddsDatanode metrics system...
2019-09-25 07:16:24,692 [main] INFO  impl.MetricsSystemImpl (MetricsSystemImpl.java:stop(216)) - HddsDatanode metrics system stopped.
]]></system-out>
  </testcase>
  <testcase name="testOzoneManagerFileSystemInterface[1]" classname="org.apache.hadoop.fs.ozone.TestOzoneFileInterfaces" time="17.368"/>
  <testcase name="testListStatus[1]" classname="org.apache.hadoop.fs.ozone.TestOzoneFileInterfaces" time="16.291"/>
  <testcase name="testDirectory[1]" classname="org.apache.hadoop.fs.ozone.TestOzoneFileInterfaces" time="16.138"/>
  <testcase name="testPathToKey[1]" classname="org.apache.hadoop.fs.ozone.TestOzoneFileInterfaces" time="16.122"/>
  <testcase name="testFileSystemInit[1]" classname="org.apache.hadoop.fs.ozone.TestOzoneFileInterfaces" time="16.307"/>
  <testcase name="testOzFsReadWrite[1]" classname="org.apache.hadoop.fs.ozone.TestOzoneFileInterfaces" time="17.085">
    <error message="Allocated 0 blocks. Requested 1 blocks" type="INTERNAL_ERROR org.apache.hadoop.ozone.om.exceptions.OMException">INTERNAL_ERROR org.apache.hadoop.ozone.om.exceptions.OMException: Allocated 0 blocks. Requested 1 blocks
	at org.apache.hadoop.ozone.om.protocolPB.OzoneManagerProtocolClientSideTranslatorPB.handleError(OzoneManagerProtocolClientSideTranslatorPB.java:732)
	at org.apache.hadoop.ozone.om.protocolPB.OzoneManagerProtocolClientSideTranslatorPB.createFile(OzoneManagerProtocolClientSideTranslatorPB.java:1536)
	at sun.reflect.NativeMethodAccessorImpl.invoke0(Native Method)
	at sun.reflect.NativeMethodAccessorImpl.invoke(NativeMethodAccessorImpl.java:62)
	at sun.reflect.DelegatingMethodAccessorImpl.invoke(DelegatingMethodAccessorImpl.java:43)
	at java.lang.reflect.Method.invoke(Method.java:498)
	at org.apache.hadoop.hdds.tracing.TraceAllMethod.invoke(TraceAllMethod.java:66)
	at com.sun.proxy.$Proxy39.createFile(Unknown Source)
	at org.apache.hadoop.ozone.client.rpc.RpcClient.createFile(RpcClient.java:1006)
	at org.apache.hadoop.ozone.client.OzoneBucket.createFile(OzoneBucket.java:537)
	at org.apache.hadoop.fs.ozone.BasicOzoneClientAdapterImpl.createFile(BasicOzoneClientAdapterImpl.java:205)
	at org.apache.hadoop.fs.ozone.BasicOzoneFileSystem.createOutputStream(BasicOzoneFileSystem.java:250)
	at org.apache.hadoop.fs.ozone.BasicOzoneFileSystem.create(BasicOzoneFileSystem.java:231)
	at org.apache.hadoop.fs.FileSystem.create(FileSystem.java:1118)
	at org.apache.hadoop.fs.FileSystem.create(FileSystem.java:1098)
	at org.apache.hadoop.fs.FileSystem.create(FileSystem.java:987)
	at org.apache.hadoop.fs.FileSystem.create(FileSystem.java:975)
	at org.apache.hadoop.fs.ozone.TestOzoneFileInterfaces.testOzFsReadWrite(TestOzoneFileInterfaces.java:169)
	at sun.reflect.NativeMethodAccessorImpl.invoke0(Native Method)
	at sun.reflect.NativeMethodAccessorImpl.invoke(NativeMethodAccessorImpl.java:62)
	at sun.reflect.DelegatingMethodAccessorImpl.invoke(DelegatingMethodAccessorImpl.java:43)
	at java.lang.reflect.Method.invoke(Method.java:498)
	at org.junit.runners.model.FrameworkMethod$1.runReflectiveCall(FrameworkMethod.java:47)
	at org.junit.internal.runners.model.ReflectiveCallable.run(ReflectiveCallable.java:12)
	at org.junit.runners.model.FrameworkMethod.invokeExplosively(FrameworkMethod.java:44)
	at org.junit.internal.runners.statements.InvokeMethod.evaluate(InvokeMethod.java:17)
	at org.junit.internal.runners.statements.RunBefores.evaluate(RunBefores.java:26)
	at org.junit.internal.runners.statements.RunAfters.evaluate(RunAfters.java:27)
	at org.junit.runners.ParentRunner.runLeaf(ParentRunner.java:271)
	at org.junit.runners.BlockJUnit4ClassRunner.runChild(BlockJUnit4ClassRunner.java:70)
	at org.junit.runners.BlockJUnit4ClassRunner.runChild(BlockJUnit4ClassRunner.java:50)
	at org.junit.runners.ParentRunner$3.run(ParentRunner.java:238)
	at org.junit.runners.ParentRunner$1.schedule(ParentRunner.java:63)
	at org.junit.runners.ParentRunner.runChildren(ParentRunner.java:236)
	at org.junit.runners.ParentRunner.access$000(ParentRunner.java:53)
	at org.junit.runners.ParentRunner$2.evaluate(ParentRunner.java:229)
	at org.junit.runners.ParentRunner.run(ParentRunner.java:309)
	at org.junit.runners.Suite.runChild(Suite.java:127)
	at org.junit.runners.Suite.runChild(Suite.java:26)
	at org.junit.runners.ParentRunner$3.run(ParentRunner.java:238)
	at org.junit.runners.ParentRunner$1.schedule(ParentRunner.java:63)
	at org.junit.runners.ParentRunner.runChildren(ParentRunner.java:236)
	at org.junit.runners.ParentRunner.access$000(ParentRunner.java:53)
	at org.junit.runners.ParentRunner$2.evaluate(ParentRunner.java:229)
	at org.junit.runners.ParentRunner.run(ParentRunner.java:309)
	at org.apache.maven.surefire.junit4.JUnit4Provider.execute(JUnit4Provider.java:365)
	at org.apache.maven.surefire.junit4.JUnit4Provider.executeWithRerun(JUnit4Provider.java:273)
	at org.apache.maven.surefire.junit4.JUnit4Provider.executeTestSet(JUnit4Provider.java:238)
	at org.apache.maven.surefire.junit4.JUnit4Provider.invoke(JUnit4Provider.java:159)
	at org.apache.maven.surefire.booter.ForkedBooter.invokeProviderInSameClassLoader(ForkedBooter.java:384)
	at org.apache.maven.surefire.booter.ForkedBooter.runSuitesInProcess(ForkedBooter.java:345)
	at org.apache.maven.surefire.booter.ForkedBooter.execute(ForkedBooter.java:126)
	at org.apache.maven.surefire.booter.ForkedBooter.main(ForkedBooter.java:418)
</error>
    <system-out><![CDATA[2019-09-25 07:17:46,963 [main] WARN  server.ServerUtils (ServerUtils.java:getScmDbDir(145)) - ozone.scm.db.dirs is not configured. We recommend adding this setting. Falling back to ozone.metadata.dirs instead.
2019-09-25 07:17:46,978 [main] WARN  server.ServerUtils (ServerUtils.java:getScmDbDir(145)) - ozone.scm.db.dirs is not configured. We recommend adding this setting. Falling back to ozone.metadata.dirs instead.
2019-09-25 07:17:46,978 [main] WARN  server.ServerUtils (ServerUtils.java:getScmDbDir(145)) - ozone.scm.db.dirs is not configured. We recommend adding this setting. Falling back to ozone.metadata.dirs instead.
2019-09-25 07:17:46,979 [main] INFO  db.DBStoreBuilder (DBStoreBuilder.java:addTable(110)) - using custom profile for table: deletedBlocks
2019-09-25 07:17:46,979 [main] INFO  db.DBStoreBuilder (DBStoreBuilder.java:processTables(161)) - Using default column profile:DBProfile.DISK for Table:deletedBlocks
2019-09-25 07:17:46,979 [main] INFO  db.DBStoreBuilder (DBStoreBuilder.java:addTable(110)) - using custom profile for table: validCerts
2019-09-25 07:17:46,979 [main] INFO  db.DBStoreBuilder (DBStoreBuilder.java:processTables(161)) - Using default column profile:DBProfile.DISK for Table:validCerts
2019-09-25 07:17:46,980 [main] INFO  db.DBStoreBuilder (DBStoreBuilder.java:addTable(110)) - using custom profile for table: revokedCerts
2019-09-25 07:17:46,980 [main] INFO  db.DBStoreBuilder (DBStoreBuilder.java:processTables(161)) - Using default column profile:DBProfile.DISK for Table:revokedCerts
2019-09-25 07:17:46,980 [main] INFO  db.DBStoreBuilder (DBStoreBuilder.java:addTable(110)) - using custom profile for table: default
2019-09-25 07:17:46,980 [main] INFO  db.DBStoreBuilder (DBStoreBuilder.java:processTables(167)) - Using default column profile:DBProfile.DISK for Table:default
2019-09-25 07:17:46,980 [main] INFO  db.DBStoreBuilder (DBStoreBuilder.java:getDbProfile(198)) - Using default options. DBProfile.DISK
2019-09-25 07:17:47,141 [main] INFO  net.NodeSchemaLoader (NodeSchemaLoader.java:loadSchemaFromFile(125)) - Loading file from sun.misc.CompoundEnumeration@ce2eaa7
2019-09-25 07:17:47,141 [main] INFO  net.NodeSchemaLoader (NodeSchemaLoader.java:loadSchema(171)) - Loading network topology layer schema file
2019-09-25 07:17:47,146 [main] WARN  server.ServerUtils (ServerUtils.java:sanitizeUserArgs(70)) - ozone.scm.stale.node.interval value = 300000 is larger than max = 100000 based on the key value of ozone.scm.heartbeat.thread.interval, reset to the max value 100000.
2019-09-25 07:17:47,146 [main] WARN  server.ServerUtils (ServerUtils.java:sanitizeUserArgs(70)) - ozone.scm.stale.node.interval value = 300000 is larger than max = 100000 based on the key value of ozone.scm.heartbeat.thread.interval, reset to the max value 100000.
2019-09-25 07:17:47,147 [main] INFO  node.SCMNodeManager (SCMNodeManager.java:<init>(114)) - Entering startup safe mode.
2019-09-25 07:17:47,147 [main] INFO  algorithms.ContainerPlacementPolicyFactory (ContainerPlacementPolicyFactory.java:getPolicy(59)) - Create container placement policy of type org.apache.hadoop.hdds.scm.container.placement.algorithms.SCMContainerPlacementRandom
2019-09-25 07:17:47,148 [main] WARN  server.ServerUtils (ServerUtils.java:getScmDbDir(145)) - ozone.scm.db.dirs is not configured. We recommend adding this setting. Falling back to ozone.metadata.dirs instead.
2019-09-25 07:17:47,187 [main] INFO  pipeline.SCMPipelineManager (SCMPipelineManager.java:initializePipelineState(132)) - No pipeline exists in current db
2019-09-25 07:17:47,187 [main] WARN  server.ServerUtils (ServerUtils.java:getScmDbDir(145)) - ozone.scm.db.dirs is not configured. We recommend adding this setting. Falling back to ozone.metadata.dirs instead.
2019-09-25 07:17:47,230 [main] WARN  events.EventQueue (EventQueue.java:fireEvent(183)) - No event handler registered for event TypedEvent{payloadType=SafeModeStatus, name='SafeModeStatus'}
2019-09-25 07:17:47,231 [main] INFO  ipc.CallQueueManager (CallQueueManager.java:<init>(84)) - Using callQueue: class java.util.concurrent.LinkedBlockingQueue, queueCapacity: 2000, scheduler: class org.apache.hadoop.ipc.DefaultRpcScheduler, ipcBackoff: false.
2019-09-25 07:17:47,233 [Socket Reader #1 for port 35708] INFO  ipc.Server (Server.java:run(1074)) - Starting Socket Reader #1 for port 35708
2019-09-25 07:17:47,236 [main] INFO  ipc.CallQueueManager (CallQueueManager.java:<init>(84)) - Using callQueue: class java.util.concurrent.LinkedBlockingQueue, queueCapacity: 2000, scheduler: class org.apache.hadoop.ipc.DefaultRpcScheduler, ipcBackoff: false.
2019-09-25 07:17:47,238 [Socket Reader #1 for port 33066] INFO  ipc.Server (Server.java:run(1074)) - Starting Socket Reader #1 for port 33066
2019-09-25 07:17:47,240 [main] INFO  ipc.CallQueueManager (CallQueueManager.java:<init>(84)) - Using callQueue: class java.util.concurrent.LinkedBlockingQueue, queueCapacity: 2000, scheduler: class org.apache.hadoop.ipc.DefaultRpcScheduler, ipcBackoff: false.
2019-09-25 07:17:47,241 [Socket Reader #1 for port 36821] INFO  ipc.Server (Server.java:run(1074)) - Starting Socket Reader #1 for port 36821
2019-09-25 07:17:47,246 [main] INFO  hdfs.DFSUtil (DFSUtil.java:httpServerTemplateForNNAndJN(1641)) - Starting Web-server for scm at: http://0.0.0.0:0
2019-09-25 07:17:47,249 [main] INFO  server.AuthenticationFilter (AuthenticationFilter.java:constructSecretProvider(240)) - Unable to initialize FileSignerSecretProvider, falling back to use random secrets.
2019-09-25 07:17:47,250 [main] WARN  http.HttpRequestLog (HttpRequestLog.java:getRequestLog(97)) - Jetty request log can only be enabled using Log4j
2019-09-25 07:17:47,252 [main] INFO  http.HttpServer2 (HttpServer2.java:addGlobalFilter(975)) - Added global filter 'safety' (class=org.apache.hadoop.http.HttpServer2$QuotingInputFilter)
2019-09-25 07:17:47,253 [main] INFO  http.HttpServer2 (HttpServer2.java:addFilter(948)) - Added filter static_user_filter (class=org.apache.hadoop.http.lib.StaticUserWebFilter$StaticUserFilter) to context scm
2019-09-25 07:17:47,254 [main] INFO  http.HttpServer2 (HttpServer2.java:addFilter(958)) - Added filter static_user_filter (class=org.apache.hadoop.http.lib.StaticUserWebFilter$StaticUserFilter) to context static
2019-09-25 07:17:47,254 [main] INFO  http.HttpServer2 (HttpServer2.java:addFilter(958)) - Added filter static_user_filter (class=org.apache.hadoop.http.lib.StaticUserWebFilter$StaticUserFilter) to context logs
2019-09-25 07:17:47,256 [main] INFO  server.StorageContainerManager (StorageContainerManager.java:start(770)) - StorageContainerLocationProtocol RPC server is listening at /0.0.0.0:36821
2019-09-25 07:17:47,259 [main] WARN  impl.MetricsConfig (MetricsConfig.java:loadFirst(134)) - Cannot locate configuration: tried hadoop-metrics2-storagecontainermanager.properties,hadoop-metrics2.properties
2019-09-25 07:17:47,260 [main] INFO  impl.MetricsSystemImpl (MetricsSystemImpl.java:startTimer(374)) - Scheduled Metric snapshot period at 10 second(s).
2019-09-25 07:17:47,260 [main] INFO  impl.MetricsSystemImpl (MetricsSystemImpl.java:start(191)) - StorageContainerManager metrics system started
2019-09-25 07:17:47,404 [main] WARN  impl.MetricsSystemImpl (MetricsSystemImpl.java:register(276)) - Sink prometheus already exists!
2019-09-25 07:17:47,638 [main] INFO  server.SCMClientProtocolServer (SCMClientProtocolServer.java:start(151)) - RPC server for Client  is listening at /0.0.0.0:36821
2019-09-25 07:17:47,639 [IPC Server Responder] INFO  ipc.Server (Server.java:run(1314)) - IPC Server Responder: starting
2019-09-25 07:17:47,639 [IPC Server listener on 36821] INFO  ipc.Server (Server.java:run(1153)) - IPC Server listener on 36821: starting
2019-09-25 07:17:47,647 [main] INFO  server.StorageContainerManager (StorageContainerManager.java:start(780)) - ScmBlockLocationProtocol RPC server is listening at /0.0.0.0:33066
2019-09-25 07:17:47,648 [main] INFO  server.SCMBlockProtocolServer (SCMBlockProtocolServer.java:start(146)) - RPC server for Block Protocol is listening at /0.0.0.0:33066
2019-09-25 07:17:47,648 [IPC Server Responder] INFO  ipc.Server (Server.java:run(1314)) - IPC Server Responder: starting
2019-09-25 07:17:47,649 [IPC Server listener on 33066] INFO  ipc.Server (Server.java:run(1153)) - IPC Server listener on 33066: starting
2019-09-25 07:17:47,656 [main] INFO  server.StorageContainerManager (StorageContainerManager.java:start(784)) - ScmDatanodeProtocl RPC server is listening at /0.0.0.0:35708
2019-09-25 07:17:47,656 [main] INFO  server.SCMDatanodeProtocolServer (SCMDatanodeProtocolServer.java:start(191)) - RPC server for DataNodes is listening at /0.0.0.0:35708
2019-09-25 07:17:47,656 [IPC Server Responder] INFO  ipc.Server (Server.java:run(1314)) - IPC Server Responder: starting
2019-09-25 07:17:47,656 [IPC Server listener on 35708] INFO  ipc.Server (Server.java:run(1153)) - IPC Server listener on 35708: starting
2019-09-25 07:17:47,663 [main] INFO  http.HttpServer2 (HttpServer2.java:bindListener(1191)) - Jetty bound to port 36792
2019-09-25 07:17:47,664 [main] INFO  server.Server (Server.java:doStart(351)) - jetty-9.3.25.v20180904, build timestamp: 2018-09-04T21:11:46Z, git hash: 3ce520221d0240229c862b122d2b06c12a625732
2019-09-25 07:17:47,665 [main] INFO  handler.ContextHandler (ContextHandler.java:doStart(781)) - Started o.e.j.s.ServletContextHandler@727dcc64{/logs,file:///workdir/hadoop-ozone/ozonefs/target/log,AVAILABLE}
2019-09-25 07:17:47,666 [main] INFO  handler.ContextHandler (ContextHandler.java:doStart(781)) - Started o.e.j.s.ServletContextHandler@288409f0{/static,jar:file:/home/user/.m2/repository/org/apache/hadoop/hadoop-hdds-server-scm/0.5.0-SNAPSHOT/hadoop-hdds-server-scm-0.5.0-SNAPSHOT.jar!/webapps/static,AVAILABLE}
2019-09-25 07:17:47,706 [main] INFO  handler.ContextHandler (ContextHandler.java:doStart(781)) - Started o.e.j.w.WebAppContext@19a7906c{/,file:///tmp/jetty-0.0.0.0-36792-scm-_-any-1849367572106092255.dir/webapp/,AVAILABLE}{/scm}
2019-09-25 07:17:47,707 [main] INFO  server.AbstractConnector (AbstractConnector.java:doStart(278)) - Started ServerConnector@1da5c19d{HTTP/1.1,[http/1.1]}{0.0.0.0:36792}
2019-09-25 07:17:47,707 [main] INFO  server.Server (Server.java:doStart(419)) - Started @191952ms
2019-09-25 07:17:47,710 [main] WARN  impl.MetricsSystemImpl (MetricsSystemImpl.java:register(276)) - Sink prometheus already exists!
2019-09-25 07:17:47,711 [main] INFO  server.BaseHttpServer (BaseHttpServer.java:updateConnectorAddress(215)) - HTTP server of SCM is listening at http://0.0.0.0:36792
2019-09-25 07:17:47,711 [main] WARN  server.ServerUtils (ServerUtils.java:getDBPath(222)) - ozone.om.db.dirs is not configured. We recommend adding this setting. Falling back to ozone.metadata.dirs instead.
2019-09-25 07:17:47,711 [org.apache.hadoop.util.JvmPauseMonitor$Monitor@e706aa] INFO  util.JvmPauseMonitor (JvmPauseMonitor.java:run(188)) - Starting JVM pause monitor
2019-09-25 07:17:47,727 [main] WARN  server.ServerUtils (ServerUtils.java:getDBPath(222)) - ozone.om.db.dirs is not configured. We recommend adding this setting. Falling back to ozone.metadata.dirs instead.
2019-09-25 07:17:47,727 [main] WARN  server.ServerUtils (ServerUtils.java:getDBPath(222)) - ozone.om.db.dirs is not configured. We recommend adding this setting. Falling back to ozone.metadata.dirs instead.
2019-09-25 07:17:47,727 [main] INFO  om.OzoneManager (OzoneManager.java:setOMNodeDetails(652)) - OM Service ID is not set. Setting it to the default ID: omServiceIdDefault
2019-09-25 07:17:47,728 [main] INFO  om.OzoneManager (OzoneManager.java:setOMNodeDetails(658)) - OM Node ID is not set. Setting it to the OmStorage's OmID: 118cc239-2247-4d85-a8f3-0c11da8913e8
2019-09-25 07:17:47,728 [main] INFO  om.OzoneManager (OzoneManager.java:loadOMHAConfigs(609)) - Found matching OM address with OMServiceId: null, OMNodeId: null, RPC Address: localhost:0 and Ratis port: 9872
2019-09-25 07:17:47,737 [main] WARN  server.ServerUtils (ServerUtils.java:getDBPath(222)) - ozone.om.db.dirs is not configured. We recommend adding this setting. Falling back to ozone.metadata.dirs instead.
2019-09-25 07:17:47,737 [main] INFO  db.DBStoreBuilder (DBStoreBuilder.java:addTable(110)) - using custom profile for table: userTable
2019-09-25 07:17:47,737 [main] INFO  db.DBStoreBuilder (DBStoreBuilder.java:processTables(161)) - Using default column profile:DBProfile.DISK for Table:userTable
2019-09-25 07:17:47,737 [main] INFO  db.DBStoreBuilder (DBStoreBuilder.java:addTable(110)) - using custom profile for table: volumeTable
2019-09-25 07:17:47,737 [main] INFO  db.DBStoreBuilder (DBStoreBuilder.java:processTables(161)) - Using default column profile:DBProfile.DISK for Table:volumeTable
2019-09-25 07:17:47,738 [main] INFO  db.DBStoreBuilder (DBStoreBuilder.java:addTable(110)) - using custom profile for table: bucketTable
2019-09-25 07:17:47,738 [main] INFO  db.DBStoreBuilder (DBStoreBuilder.java:processTables(161)) - Using default column profile:DBProfile.DISK for Table:bucketTable
2019-09-25 07:17:47,738 [main] INFO  db.DBStoreBuilder (DBStoreBuilder.java:addTable(110)) - using custom profile for table: keyTable
2019-09-25 07:17:47,738 [main] INFO  db.DBStoreBuilder (DBStoreBuilder.java:processTables(161)) - Using default column profile:DBProfile.DISK for Table:keyTable
2019-09-25 07:17:47,738 [main] INFO  db.DBStoreBuilder (DBStoreBuilder.java:addTable(110)) - using custom profile for table: deletedTable
2019-09-25 07:17:47,738 [main] INFO  db.DBStoreBuilder (DBStoreBuilder.java:processTables(161)) - Using default column profile:DBProfile.DISK for Table:deletedTable
2019-09-25 07:17:47,739 [main] INFO  db.DBStoreBuilder (DBStoreBuilder.java:addTable(110)) - using custom profile for table: openKeyTable
2019-09-25 07:17:47,739 [main] INFO  db.DBStoreBuilder (DBStoreBuilder.java:processTables(161)) - Using default column profile:DBProfile.DISK for Table:openKeyTable
2019-09-25 07:17:47,739 [main] INFO  db.DBStoreBuilder (DBStoreBuilder.java:addTable(110)) - using custom profile for table: s3Table
2019-09-25 07:17:47,739 [main] INFO  db.DBStoreBuilder (DBStoreBuilder.java:processTables(161)) - Using default column profile:DBProfile.DISK for Table:s3Table
2019-09-25 07:17:47,739 [main] INFO  db.DBStoreBuilder (DBStoreBuilder.java:addTable(110)) - using custom profile for table: multipartInfoTable
2019-09-25 07:17:47,739 [main] INFO  db.DBStoreBuilder (DBStoreBuilder.java:processTables(161)) - Using default column profile:DBProfile.DISK for Table:multipartInfoTable
2019-09-25 07:17:47,740 [main] INFO  db.DBStoreBuilder (DBStoreBuilder.java:addTable(110)) - using custom profile for table: dTokenTable
2019-09-25 07:17:47,740 [main] INFO  db.DBStoreBuilder (DBStoreBuilder.java:processTables(161)) - Using default column profile:DBProfile.DISK for Table:dTokenTable
2019-09-25 07:17:47,740 [main] INFO  db.DBStoreBuilder (DBStoreBuilder.java:addTable(110)) - using custom profile for table: s3SecretTable
2019-09-25 07:17:47,740 [main] INFO  db.DBStoreBuilder (DBStoreBuilder.java:processTables(161)) - Using default column profile:DBProfile.DISK for Table:s3SecretTable
2019-09-25 07:17:47,740 [main] INFO  db.DBStoreBuilder (DBStoreBuilder.java:addTable(110)) - using custom profile for table: prefixTable
2019-09-25 07:17:47,740 [main] INFO  db.DBStoreBuilder (DBStoreBuilder.java:processTables(161)) - Using default column profile:DBProfile.DISK for Table:prefixTable
2019-09-25 07:17:47,741 [main] INFO  db.DBStoreBuilder (DBStoreBuilder.java:addTable(110)) - using custom profile for table: default
2019-09-25 07:17:47,741 [main] INFO  db.DBStoreBuilder (DBStoreBuilder.java:processTables(167)) - Using default column profile:DBProfile.DISK for Table:default
2019-09-25 07:17:47,741 [main] INFO  db.DBStoreBuilder (DBStoreBuilder.java:getDbProfile(198)) - Using default options. DBProfile.DISK
2019-09-25 07:17:48,169 [main] INFO  ipc.CallQueueManager (CallQueueManager.java:<init>(84)) - Using callQueue: class java.util.concurrent.LinkedBlockingQueue, queueCapacity: 2000, scheduler: class org.apache.hadoop.ipc.DefaultRpcScheduler, ipcBackoff: false.
2019-09-25 07:17:48,170 [Socket Reader #1 for port 35724] INFO  ipc.Server (Server.java:run(1074)) - Starting Socket Reader #1 for port 35724
2019-09-25 07:17:48,204 [main] INFO  om.OzoneManager (OzoneManager.java:start(1243)) - OzoneManager RPC server is listening at localhost/127.0.0.1:35724
2019-09-25 07:17:48,205 [main] INFO  impl.MetricsSystemImpl (MetricsSystemImpl.java:init(158)) - OzoneManager metrics system started (again)
2019-09-25 07:17:48,206 [IPC Server Responder] INFO  ipc.Server (Server.java:run(1314)) - IPC Server Responder: starting
2019-09-25 07:17:48,206 [IPC Server listener on 35724] INFO  ipc.Server (Server.java:run(1153)) - IPC Server listener on 35724: starting
2019-09-25 07:17:48,224 [main] INFO  hdfs.DFSUtil (DFSUtil.java:httpServerTemplateForNNAndJN(1641)) - Starting Web-server for ozoneManager at: http://0.0.0.0:0
2019-09-25 07:17:48,226 [main] INFO  server.AuthenticationFilter (AuthenticationFilter.java:constructSecretProvider(240)) - Unable to initialize FileSignerSecretProvider, falling back to use random secrets.
2019-09-25 07:17:48,227 [main] WARN  http.HttpRequestLog (HttpRequestLog.java:getRequestLog(97)) - Jetty request log can only be enabled using Log4j
2019-09-25 07:17:48,229 [main] INFO  http.HttpServer2 (HttpServer2.java:addGlobalFilter(975)) - Added global filter 'safety' (class=org.apache.hadoop.http.HttpServer2$QuotingInputFilter)
2019-09-25 07:17:48,230 [main] INFO  http.HttpServer2 (HttpServer2.java:addFilter(948)) - Added filter static_user_filter (class=org.apache.hadoop.http.lib.StaticUserWebFilter$StaticUserFilter) to context ozoneManager
2019-09-25 07:17:48,230 [main] INFO  http.HttpServer2 (HttpServer2.java:addFilter(958)) - Added filter static_user_filter (class=org.apache.hadoop.http.lib.StaticUserWebFilter$StaticUserFilter) to context static
2019-09-25 07:17:48,230 [main] INFO  http.HttpServer2 (HttpServer2.java:addFilter(958)) - Added filter static_user_filter (class=org.apache.hadoop.http.lib.StaticUserWebFilter$StaticUserFilter) to context logs
2019-09-25 07:17:48,232 [main] INFO  http.HttpServer2 (HttpServer2.java:bindListener(1191)) - Jetty bound to port 32955
2019-09-25 07:17:48,233 [main] INFO  server.Server (Server.java:doStart(351)) - jetty-9.3.25.v20180904, build timestamp: 2018-09-04T21:11:46Z, git hash: 3ce520221d0240229c862b122d2b06c12a625732
2019-09-25 07:17:48,235 [main] INFO  handler.ContextHandler (ContextHandler.java:doStart(781)) - Started o.e.j.s.ServletContextHandler@32328dc4{/logs,file:///workdir/hadoop-ozone/ozonefs/target/log,AVAILABLE}
2019-09-25 07:17:48,236 [main] INFO  handler.ContextHandler (ContextHandler.java:doStart(781)) - Started o.e.j.s.ServletContextHandler@21540255{/static,jar:file:/home/user/.m2/repository/org/apache/hadoop/hadoop-ozone-ozone-manager/0.5.0-SNAPSHOT/hadoop-ozone-ozone-manager-0.5.0-SNAPSHOT.jar!/webapps/static,AVAILABLE}
2019-09-25 07:17:48,297 [main] INFO  handler.ContextHandler (ContextHandler.java:doStart(781)) - Started o.e.j.w.WebAppContext@4ef8090b{/,file:///tmp/jetty-0.0.0.0-32955-ozoneManager-_-any-6714409226453777061.dir/webapp/,AVAILABLE}{/ozoneManager}
2019-09-25 07:17:48,297 [main] INFO  server.AbstractConnector (AbstractConnector.java:doStart(278)) - Started ServerConnector@6d31f14{HTTP/1.1,[http/1.1]}{0.0.0.0:32955}
2019-09-25 07:17:48,297 [main] INFO  server.Server (Server.java:doStart(419)) - Started @192542ms
2019-09-25 07:17:48,301 [main] WARN  impl.MetricsSystemImpl (MetricsSystemImpl.java:register(276)) - Sink prometheus already exists!
2019-09-25 07:17:48,302 [main] INFO  server.BaseHttpServer (BaseHttpServer.java:updateConnectorAddress(215)) - HTTP server of OZONEMANAGER is listening at http://0.0.0.0:32955
2019-09-25 07:17:48,309 [main] INFO  impl.MetricsSystemImpl (MetricsSystemImpl.java:init(158)) - HddsDatanode metrics system started (again)
2019-09-25 07:17:48,319 [main] INFO  ozone.HddsDatanodeService (HddsDatanodeService.java:start(184)) - HddsDatanodeService host:pr-hdds-1569-s62bp-3040748787 ip:192.168.30.10
2019-09-25 07:17:48,327 [main] INFO  volume.HddsVolume (HddsVolume.java:<init>(176)) - Creating Volume: /workdir/hadoop-ozone/ozonefs/target/test-dir/MiniOzoneClusterImpl-78b0c751-90b1-4f70-8119-c134e40e838a/datanode-0/data/containers/hdds of  storage type : DISK and capacity : 1482555576320
2019-09-25 07:17:48,327 [main] INFO  volume.VolumeSet (VolumeSet.java:initializeVolumeSet(170)) - Added Volume : /workdir/hadoop-ozone/ozonefs/target/test-dir/MiniOzoneClusterImpl-78b0c751-90b1-4f70-8119-c134e40e838a/datanode-0/data/containers/hdds to VolumeSet
2019-09-25 07:17:48,327 [main] INFO  volume.ThrottledAsyncChecker (ThrottledAsyncChecker.java:schedule(139)) - Scheduling a check for org.apache.hadoop.ozone.container.common.volume.HddsVolume@5df7a065
2019-09-25 07:17:48,328 [main] INFO  volume.HddsVolumeChecker (HddsVolumeChecker.java:checkAllVolumes(202)) - Scheduled health check for volume org.apache.hadoop.ozone.container.common.volume.HddsVolume@5df7a065
2019-09-25 07:17:48,354 [main] INFO  impl.RaftServerProxy (ConfUtils.java:logGet(43)) - raft.rpc.type = GRPC (default)
2019-09-25 07:17:48,355 [main] INFO  grpc.GrpcFactory (GrpcFactory.java:checkPooledByteBufAllocatorUseCacheForAllThreads(45)) - PERFORMANCE WARNING: useCacheForAllThreads is true that may cause Netty to create a lot garbage objects and, as a result, trigger GC.
	It is recommended to disable useCacheForAllThreads by setting -Dorg.apache.ratis.thirdparty.io.netty.allocator.useCacheForAllThreads=false in command line.
2019-09-25 07:17:48,355 [main] INFO  grpc.GrpcConfigKeys$Server (ConfUtils.java:logGet(43)) - raft.grpc.server.port = 0 (default)
2019-09-25 07:17:48,355 [main] INFO  server.GrpcService (ConfUtils.java:logGet(43)) - raft.grpc.message.size.max = 33570816 (custom)
2019-09-25 07:17:48,355 [main] INFO  server.RaftServerConfigKeys (ConfUtils.java:logGet(43)) - raft.server.log.appender.buffer.byte-limit = 33554432 (custom)
2019-09-25 07:17:48,356 [main] INFO  server.GrpcService (ConfUtils.java:logGet(43)) - raft.grpc.flow.control.window = 1MB (=1048576) (default)
2019-09-25 07:17:48,356 [main] INFO  server.RaftServerConfigKeys (ConfUtils.java:logGet(43)) - raft.server.rpc.request.timeout = 3000ms (default)
2019-09-25 07:17:48,356 [main] INFO  server.RaftServerConfigKeys (ConfUtils.java:logGet(43)) - raft.server.storage.dir = [/workdir/hadoop-ozone/ozonefs/target/test-dir/MiniOzoneClusterImpl-78b0c751-90b1-4f70-8119-c134e40e838a/datanode-0/data/ratis] (custom)
2019-09-25 07:17:48,357 [main] INFO  hdfs.DFSUtil (DFSUtil.java:httpServerTemplateForNNAndJN(1641)) - Starting Web-server for hddsDatanode at: http://0.0.0.0:0
2019-09-25 07:17:48,359 [main] INFO  server.AuthenticationFilter (AuthenticationFilter.java:constructSecretProvider(240)) - Unable to initialize FileSignerSecretProvider, falling back to use random secrets.
2019-09-25 07:17:48,359 [main] WARN  http.HttpRequestLog (HttpRequestLog.java:getRequestLog(97)) - Jetty request log can only be enabled using Log4j
2019-09-25 07:17:48,360 [main] INFO  http.HttpServer2 (HttpServer2.java:addGlobalFilter(975)) - Added global filter 'safety' (class=org.apache.hadoop.http.HttpServer2$QuotingInputFilter)
2019-09-25 07:17:48,361 [main] INFO  http.HttpServer2 (HttpServer2.java:addFilter(948)) - Added filter static_user_filter (class=org.apache.hadoop.http.lib.StaticUserWebFilter$StaticUserFilter) to context hddsDatanode
2019-09-25 07:17:48,361 [main] INFO  http.HttpServer2 (HttpServer2.java:addFilter(958)) - Added filter static_user_filter (class=org.apache.hadoop.http.lib.StaticUserWebFilter$StaticUserFilter) to context static
2019-09-25 07:17:48,361 [main] INFO  http.HttpServer2 (HttpServer2.java:addFilter(958)) - Added filter static_user_filter (class=org.apache.hadoop.http.lib.StaticUserWebFilter$StaticUserFilter) to context logs
2019-09-25 07:17:48,362 [main] INFO  http.HttpServer2 (HttpServer2.java:bindListener(1191)) - Jetty bound to port 40242
2019-09-25 07:17:48,362 [main] INFO  server.Server (Server.java:doStart(351)) - jetty-9.3.25.v20180904, build timestamp: 2018-09-04T21:11:46Z, git hash: 3ce520221d0240229c862b122d2b06c12a625732
2019-09-25 07:17:48,363 [main] INFO  handler.ContextHandler (ContextHandler.java:doStart(781)) - Started o.e.j.s.ServletContextHandler@eb91027{/logs,file:///workdir/hadoop-ozone/ozonefs/target/log,AVAILABLE}
2019-09-25 07:17:48,364 [main] INFO  handler.ContextHandler (ContextHandler.java:doStart(781)) - Started o.e.j.s.ServletContextHandler@5342eec5{/static,jar:file:/home/user/.m2/repository/org/apache/hadoop/hadoop-hdds-container-service/0.5.0-SNAPSHOT/hadoop-hdds-container-service-0.5.0-SNAPSHOT.jar!/webapps/static,AVAILABLE}
2019-09-25 07:17:48,391 [main] INFO  handler.ContextHandler (ContextHandler.java:doStart(781)) - Started o.e.j.w.WebAppContext@23d0944b{/,file:///tmp/jetty-0.0.0.0-40242-hddsDatanode-_-any-7893327854352793442.dir/webapp/,AVAILABLE}{/hddsDatanode}
2019-09-25 07:17:48,391 [main] INFO  server.AbstractConnector (AbstractConnector.java:doStart(278)) - Started ServerConnector@72f24a84{HTTP/1.1,[http/1.1]}{0.0.0.0:40242}
2019-09-25 07:17:48,392 [main] INFO  server.Server (Server.java:doStart(419)) - Started @192637ms
2019-09-25 07:17:48,395 [main] WARN  impl.MetricsSystemImpl (MetricsSystemImpl.java:register(276)) - Sink prometheus already exists!
2019-09-25 07:17:48,395 [main] INFO  server.BaseHttpServer (BaseHttpServer.java:updateConnectorAddress(215)) - HTTP server of HDDSDATANODE is listening at http://0.0.0.0:40242
2019-09-25 07:17:48,395 [main] INFO  impl.MetricsSystemImpl (MetricsSystemImpl.java:init(158)) - HddsDatanode metrics system started (again)
2019-09-25 07:17:48,404 [org.apache.hadoop.util.JvmPauseMonitor$Monitor@60a4d1e1] INFO  util.JvmPauseMonitor (JvmPauseMonitor.java:run(188)) - Starting JVM pause monitor
2019-09-25 07:17:48,405 [main] INFO  ozone.HddsDatanodeService (HddsDatanodeService.java:start(184)) - HddsDatanodeService host:pr-hdds-1569-s62bp-3040748787 ip:192.168.30.10
2019-09-25 07:17:48,405 [Datanode State Machine Thread - 0] INFO  datanode.InitDatanodeState (InitDatanodeState.java:persistContainerDatanodeDetails(140)) - DatanodeDetails is persisted to /workdir/hadoop-ozone/ozonefs/target/test-dir/MiniOzoneClusterImpl-78b0c751-90b1-4f70-8119-c134e40e838a/datanode-0/meta/datanode.id
2019-09-25 07:17:48,412 [main] INFO  volume.HddsVolume (HddsVolume.java:<init>(176)) - Creating Volume: /workdir/hadoop-ozone/ozonefs/target/test-dir/MiniOzoneClusterImpl-78b0c751-90b1-4f70-8119-c134e40e838a/datanode-1/data/containers/hdds of  storage type : DISK and capacity : 1482555576320
2019-09-25 07:17:48,413 [main] INFO  volume.VolumeSet (VolumeSet.java:initializeVolumeSet(170)) - Added Volume : /workdir/hadoop-ozone/ozonefs/target/test-dir/MiniOzoneClusterImpl-78b0c751-90b1-4f70-8119-c134e40e838a/datanode-1/data/containers/hdds to VolumeSet
2019-09-25 07:17:48,413 [main] INFO  volume.ThrottledAsyncChecker (ThrottledAsyncChecker.java:schedule(139)) - Scheduling a check for org.apache.hadoop.ozone.container.common.volume.HddsVolume@3caa4d85
2019-09-25 07:17:48,413 [main] INFO  volume.HddsVolumeChecker (HddsVolumeChecker.java:checkAllVolumes(202)) - Scheduled health check for volume org.apache.hadoop.ozone.container.common.volume.HddsVolume@3caa4d85
2019-09-25 07:17:48,433 [main] INFO  impl.RaftServerProxy (ConfUtils.java:logGet(43)) - raft.rpc.type = GRPC (default)
2019-09-25 07:17:48,433 [main] INFO  grpc.GrpcFactory (GrpcFactory.java:checkPooledByteBufAllocatorUseCacheForAllThreads(45)) - PERFORMANCE WARNING: useCacheForAllThreads is true that may cause Netty to create a lot garbage objects and, as a result, trigger GC.
	It is recommended to disable useCacheForAllThreads by setting -Dorg.apache.ratis.thirdparty.io.netty.allocator.useCacheForAllThreads=false in command line.
2019-09-25 07:17:48,434 [main] INFO  grpc.GrpcConfigKeys$Server (ConfUtils.java:logGet(43)) - raft.grpc.server.port = 0 (default)
2019-09-25 07:17:48,434 [main] INFO  server.GrpcService (ConfUtils.java:logGet(43)) - raft.grpc.message.size.max = 33570816 (custom)
2019-09-25 07:17:48,434 [main] INFO  server.RaftServerConfigKeys (ConfUtils.java:logGet(43)) - raft.server.log.appender.buffer.byte-limit = 33554432 (custom)
2019-09-25 07:17:48,434 [main] INFO  server.GrpcService (ConfUtils.java:logGet(43)) - raft.grpc.flow.control.window = 1MB (=1048576) (default)
2019-09-25 07:17:48,434 [main] INFO  server.RaftServerConfigKeys (ConfUtils.java:logGet(43)) - raft.server.rpc.request.timeout = 3000ms (default)
2019-09-25 07:17:48,435 [main] INFO  server.RaftServerConfigKeys (ConfUtils.java:logGet(43)) - raft.server.storage.dir = [/workdir/hadoop-ozone/ozonefs/target/test-dir/MiniOzoneClusterImpl-78b0c751-90b1-4f70-8119-c134e40e838a/datanode-1/data/ratis] (custom)
2019-09-25 07:17:48,436 [main] INFO  hdfs.DFSUtil (DFSUtil.java:httpServerTemplateForNNAndJN(1641)) - Starting Web-server for hddsDatanode at: http://0.0.0.0:0
2019-09-25 07:17:48,437 [main] INFO  server.AuthenticationFilter (AuthenticationFilter.java:constructSecretProvider(240)) - Unable to initialize FileSignerSecretProvider, falling back to use random secrets.
2019-09-25 07:17:48,437 [main] WARN  http.HttpRequestLog (HttpRequestLog.java:getRequestLog(97)) - Jetty request log can only be enabled using Log4j
2019-09-25 07:17:48,438 [main] INFO  http.HttpServer2 (HttpServer2.java:addGlobalFilter(975)) - Added global filter 'safety' (class=org.apache.hadoop.http.HttpServer2$QuotingInputFilter)
2019-09-25 07:17:48,439 [main] INFO  http.HttpServer2 (HttpServer2.java:addFilter(948)) - Added filter static_user_filter (class=org.apache.hadoop.http.lib.StaticUserWebFilter$StaticUserFilter) to context hddsDatanode
2019-09-25 07:17:48,439 [main] INFO  http.HttpServer2 (HttpServer2.java:addFilter(958)) - Added filter static_user_filter (class=org.apache.hadoop.http.lib.StaticUserWebFilter$StaticUserFilter) to context static
2019-09-25 07:17:48,439 [main] INFO  http.HttpServer2 (HttpServer2.java:addFilter(958)) - Added filter static_user_filter (class=org.apache.hadoop.http.lib.StaticUserWebFilter$StaticUserFilter) to context logs
2019-09-25 07:17:48,440 [main] INFO  http.HttpServer2 (HttpServer2.java:bindListener(1191)) - Jetty bound to port 46163
2019-09-25 07:17:48,440 [main] INFO  server.Server (Server.java:doStart(351)) - jetty-9.3.25.v20180904, build timestamp: 2018-09-04T21:11:46Z, git hash: 3ce520221d0240229c862b122d2b06c12a625732
2019-09-25 07:17:48,442 [main] INFO  handler.ContextHandler (ContextHandler.java:doStart(781)) - Started o.e.j.s.ServletContextHandler@29699283{/logs,file:///workdir/hadoop-ozone/ozonefs/target/log,AVAILABLE}
2019-09-25 07:17:48,442 [main] INFO  handler.ContextHandler (ContextHandler.java:doStart(781)) - Started o.e.j.s.ServletContextHandler@a6dffdb{/static,jar:file:/home/user/.m2/repository/org/apache/hadoop/hadoop-hdds-container-service/0.5.0-SNAPSHOT/hadoop-hdds-container-service-0.5.0-SNAPSHOT.jar!/webapps/static,AVAILABLE}
2019-09-25 07:17:48,469 [main] INFO  handler.ContextHandler (ContextHandler.java:doStart(781)) - Started o.e.j.w.WebAppContext@3a80c534{/,file:///tmp/jetty-0.0.0.0-46163-hddsDatanode-_-any-4281874773567189666.dir/webapp/,AVAILABLE}{/hddsDatanode}
2019-09-25 07:17:48,469 [main] INFO  server.AbstractConnector (AbstractConnector.java:doStart(278)) - Started ServerConnector@fd5689d{HTTP/1.1,[http/1.1]}{0.0.0.0:46163}
2019-09-25 07:17:48,469 [main] INFO  server.Server (Server.java:doStart(419)) - Started @192714ms
2019-09-25 07:17:48,472 [main] WARN  impl.MetricsSystemImpl (MetricsSystemImpl.java:register(276)) - Sink prometheus already exists!
2019-09-25 07:17:48,472 [main] INFO  server.BaseHttpServer (BaseHttpServer.java:updateConnectorAddress(215)) - HTTP server of HDDSDATANODE is listening at http://0.0.0.0:46163
2019-09-25 07:17:48,473 [main] INFO  impl.MetricsSystemImpl (MetricsSystemImpl.java:init(158)) - HddsDatanode metrics system started (again)
2019-09-25 07:17:48,482 [org.apache.hadoop.util.JvmPauseMonitor$Monitor@7c979f63] INFO  util.JvmPauseMonitor (JvmPauseMonitor.java:run(188)) - Starting JVM pause monitor
2019-09-25 07:17:48,483 [main] INFO  ozone.HddsDatanodeService (HddsDatanodeService.java:start(184)) - HddsDatanodeService host:pr-hdds-1569-s62bp-3040748787 ip:192.168.30.10
2019-09-25 07:17:48,485 [Datanode State Machine Thread - 0] INFO  datanode.InitDatanodeState (InitDatanodeState.java:persistContainerDatanodeDetails(140)) - DatanodeDetails is persisted to /workdir/hadoop-ozone/ozonefs/target/test-dir/MiniOzoneClusterImpl-78b0c751-90b1-4f70-8119-c134e40e838a/datanode-1/meta/datanode.id
2019-09-25 07:17:48,492 [main] INFO  volume.HddsVolume (HddsVolume.java:<init>(176)) - Creating Volume: /workdir/hadoop-ozone/ozonefs/target/test-dir/MiniOzoneClusterImpl-78b0c751-90b1-4f70-8119-c134e40e838a/datanode-2/data/containers/hdds of  storage type : DISK and capacity : 1482555576320
2019-09-25 07:17:48,492 [main] INFO  volume.VolumeSet (VolumeSet.java:initializeVolumeSet(170)) - Added Volume : /workdir/hadoop-ozone/ozonefs/target/test-dir/MiniOzoneClusterImpl-78b0c751-90b1-4f70-8119-c134e40e838a/datanode-2/data/containers/hdds to VolumeSet
2019-09-25 07:17:48,492 [main] INFO  volume.ThrottledAsyncChecker (ThrottledAsyncChecker.java:schedule(139)) - Scheduling a check for org.apache.hadoop.ozone.container.common.volume.HddsVolume@210c1b9d
2019-09-25 07:17:48,492 [main] INFO  volume.HddsVolumeChecker (HddsVolumeChecker.java:checkAllVolumes(202)) - Scheduled health check for volume org.apache.hadoop.ozone.container.common.volume.HddsVolume@210c1b9d
2019-09-25 07:17:48,522 [main] INFO  impl.RaftServerProxy (ConfUtils.java:logGet(43)) - raft.rpc.type = GRPC (default)
2019-09-25 07:17:48,522 [main] INFO  grpc.GrpcFactory (GrpcFactory.java:checkPooledByteBufAllocatorUseCacheForAllThreads(45)) - PERFORMANCE WARNING: useCacheForAllThreads is true that may cause Netty to create a lot garbage objects and, as a result, trigger GC.
	It is recommended to disable useCacheForAllThreads by setting -Dorg.apache.ratis.thirdparty.io.netty.allocator.useCacheForAllThreads=false in command line.
2019-09-25 07:17:48,522 [main] INFO  grpc.GrpcConfigKeys$Server (ConfUtils.java:logGet(43)) - raft.grpc.server.port = 0 (default)
2019-09-25 07:17:48,522 [main] INFO  server.GrpcService (ConfUtils.java:logGet(43)) - raft.grpc.message.size.max = 33570816 (custom)
2019-09-25 07:17:48,523 [main] INFO  server.RaftServerConfigKeys (ConfUtils.java:logGet(43)) - raft.server.log.appender.buffer.byte-limit = 33554432 (custom)
2019-09-25 07:17:48,523 [main] INFO  server.GrpcService (ConfUtils.java:logGet(43)) - raft.grpc.flow.control.window = 1MB (=1048576) (default)
2019-09-25 07:17:48,523 [main] INFO  server.RaftServerConfigKeys (ConfUtils.java:logGet(43)) - raft.server.rpc.request.timeout = 3000ms (default)
2019-09-25 07:17:48,524 [main] INFO  server.RaftServerConfigKeys (ConfUtils.java:logGet(43)) - raft.server.storage.dir = [/workdir/hadoop-ozone/ozonefs/target/test-dir/MiniOzoneClusterImpl-78b0c751-90b1-4f70-8119-c134e40e838a/datanode-2/data/ratis] (custom)
2019-09-25 07:17:48,525 [main] INFO  hdfs.DFSUtil (DFSUtil.java:httpServerTemplateForNNAndJN(1641)) - Starting Web-server for hddsDatanode at: http://0.0.0.0:0
2019-09-25 07:17:48,527 [main] INFO  server.AuthenticationFilter (AuthenticationFilter.java:constructSecretProvider(240)) - Unable to initialize FileSignerSecretProvider, falling back to use random secrets.
2019-09-25 07:17:48,527 [main] WARN  http.HttpRequestLog (HttpRequestLog.java:getRequestLog(97)) - Jetty request log can only be enabled using Log4j
2019-09-25 07:17:48,529 [main] INFO  http.HttpServer2 (HttpServer2.java:addGlobalFilter(975)) - Added global filter 'safety' (class=org.apache.hadoop.http.HttpServer2$QuotingInputFilter)
2019-09-25 07:17:48,531 [main] INFO  http.HttpServer2 (HttpServer2.java:addFilter(948)) - Added filter static_user_filter (class=org.apache.hadoop.http.lib.StaticUserWebFilter$StaticUserFilter) to context hddsDatanode
2019-09-25 07:17:48,531 [main] INFO  http.HttpServer2 (HttpServer2.java:addFilter(958)) - Added filter static_user_filter (class=org.apache.hadoop.http.lib.StaticUserWebFilter$StaticUserFilter) to context static
2019-09-25 07:17:48,531 [main] INFO  http.HttpServer2 (HttpServer2.java:addFilter(958)) - Added filter static_user_filter (class=org.apache.hadoop.http.lib.StaticUserWebFilter$StaticUserFilter) to context logs
2019-09-25 07:17:48,532 [main] INFO  http.HttpServer2 (HttpServer2.java:bindListener(1191)) - Jetty bound to port 36579
2019-09-25 07:17:48,532 [main] INFO  server.Server (Server.java:doStart(351)) - jetty-9.3.25.v20180904, build timestamp: 2018-09-04T21:11:46Z, git hash: 3ce520221d0240229c862b122d2b06c12a625732
2019-09-25 07:17:48,534 [main] INFO  handler.ContextHandler (ContextHandler.java:doStart(781)) - Started o.e.j.s.ServletContextHandler@72a33316{/logs,file:///workdir/hadoop-ozone/ozonefs/target/log,AVAILABLE}
2019-09-25 07:17:48,535 [main] INFO  handler.ContextHandler (ContextHandler.java:doStart(781)) - Started o.e.j.s.ServletContextHandler@77204651{/static,jar:file:/home/user/.m2/repository/org/apache/hadoop/hadoop-hdds-container-service/0.5.0-SNAPSHOT/hadoop-hdds-container-service-0.5.0-SNAPSHOT.jar!/webapps/static,AVAILABLE}
2019-09-25 07:17:48,576 [main] INFO  handler.ContextHandler (ContextHandler.java:doStart(781)) - Started o.e.j.w.WebAppContext@526893f{/,file:///tmp/jetty-0.0.0.0-36579-hddsDatanode-_-any-8135727038186326226.dir/webapp/,AVAILABLE}{/hddsDatanode}
2019-09-25 07:17:48,577 [main] INFO  server.AbstractConnector (AbstractConnector.java:doStart(278)) - Started ServerConnector@3de45b6c{HTTP/1.1,[http/1.1]}{0.0.0.0:36579}
2019-09-25 07:17:48,577 [main] INFO  server.Server (Server.java:doStart(419)) - Started @192822ms
2019-09-25 07:17:48,581 [main] WARN  impl.MetricsSystemImpl (MetricsSystemImpl.java:register(276)) - Sink prometheus already exists!
2019-09-25 07:17:48,582 [main] INFO  server.BaseHttpServer (BaseHttpServer.java:updateConnectorAddress(215)) - HTTP server of HDDSDATANODE is listening at http://0.0.0.0:36579
2019-09-25 07:17:48,583 [main] INFO  ozone.MiniOzoneClusterImpl (MiniOzoneClusterImpl.java:lambda$waitForClusterToBeReady$0(147)) - Waiting for cluster to be ready. Got 0 of 3 DN Heartbeats.
2019-09-25 07:17:48,584 [org.apache.hadoop.util.JvmPauseMonitor$Monitor@186a30f5] INFO  util.JvmPauseMonitor (JvmPauseMonitor.java:run(188)) - Starting JVM pause monitor
2019-09-25 07:17:48,587 [Datanode State Machine Thread - 0] INFO  datanode.InitDatanodeState (InitDatanodeState.java:persistContainerDatanodeDetails(140)) - DatanodeDetails is persisted to /workdir/hadoop-ozone/ozonefs/target/test-dir/MiniOzoneClusterImpl-78b0c751-90b1-4f70-8119-c134e40e838a/datanode-2/meta/datanode.id
2019-09-25 07:17:49,583 [main] INFO  ozone.MiniOzoneClusterImpl (MiniOzoneClusterImpl.java:lambda$waitForClusterToBeReady$0(147)) - Waiting for cluster to be ready. Got 0 of 3 DN Heartbeats.
2019-09-25 07:17:50,426 [Datanode State Machine Thread - 0] INFO  ozoneimpl.OzoneContainer (OzoneContainer.java:start(217)) - Attempting to start container services.
2019-09-25 07:17:50,426 [Datanode State Machine Thread - 0] INFO  ozoneimpl.OzoneContainer (OzoneContainer.java:startContainerScrub(179)) - Background container scanner has been disabled.
2019-09-25 07:17:50,426 [Datanode State Machine Thread - 0] INFO  ratis.XceiverServerRatis (XceiverServerRatis.java:start(411)) - Starting XceiverServerRatis e99140d1-99dc-4b8a-b769-82908fed16ee at port 0
2019-09-25 07:17:50,433 [Datanode State Machine Thread - 0] INFO  impl.RaftServerProxy (RaftServerProxy.java:lambda$start$3(299)) - e99140d1-99dc-4b8a-b769-82908fed16ee: start RPC server
2019-09-25 07:17:50,439 [Datanode State Machine Thread - 0] INFO  server.GrpcService (GrpcService.java:startImpl(158)) - e99140d1-99dc-4b8a-b769-82908fed16ee: GrpcService started, listening on 0.0.0.0/0.0.0.0:36618
2019-09-25 07:17:50,440 [Datanode State Machine Thread - 0] INFO  ratis.XceiverServerRatis (XceiverServerRatis.java:start(421)) - XceiverServerRatis e99140d1-99dc-4b8a-b769-82908fed16ee is started using port 36618
2019-09-25 07:17:50,443 [Datanode State Machine Thread - 0] INFO  server.XceiverServerGrpc (XceiverServerGrpc.java:start(149)) - XceiverServerGrpc e99140d1-99dc-4b8a-b769-82908fed16ee is started using port 40547
2019-09-25 07:17:50,502 [Datanode State Machine Thread - 0] INFO  ozoneimpl.OzoneContainer (OzoneContainer.java:start(217)) - Attempting to start container services.
2019-09-25 07:17:50,502 [Datanode State Machine Thread - 0] INFO  ozoneimpl.OzoneContainer (OzoneContainer.java:startContainerScrub(179)) - Background container scanner has been disabled.
2019-09-25 07:17:50,502 [Datanode State Machine Thread - 0] INFO  ratis.XceiverServerRatis (XceiverServerRatis.java:start(411)) - Starting XceiverServerRatis fff08b05-7b9b-4778-997a-3a1197d0a18b at port 0
2019-09-25 07:17:50,510 [Datanode State Machine Thread - 0] INFO  impl.RaftServerProxy (RaftServerProxy.java:lambda$start$3(299)) - fff08b05-7b9b-4778-997a-3a1197d0a18b: start RPC server
2019-09-25 07:17:50,511 [Datanode State Machine Thread - 0] INFO  server.GrpcService (GrpcService.java:startImpl(158)) - fff08b05-7b9b-4778-997a-3a1197d0a18b: GrpcService started, listening on 0.0.0.0/0.0.0.0:38557
2019-09-25 07:17:50,511 [Datanode State Machine Thread - 0] INFO  ratis.XceiverServerRatis (XceiverServerRatis.java:start(421)) - XceiverServerRatis fff08b05-7b9b-4778-997a-3a1197d0a18b is started using port 38557
2019-09-25 07:17:50,512 [Datanode State Machine Thread - 0] INFO  server.XceiverServerGrpc (XceiverServerGrpc.java:start(149)) - XceiverServerGrpc fff08b05-7b9b-4778-997a-3a1197d0a18b is started using port 35528
2019-09-25 07:17:50,584 [main] INFO  ozone.MiniOzoneClusterImpl (MiniOzoneClusterImpl.java:lambda$waitForClusterToBeReady$0(147)) - Waiting for cluster to be ready. Got 0 of 3 DN Heartbeats.
2019-09-25 07:17:50,598 [Datanode State Machine Thread - 0] INFO  ozoneimpl.OzoneContainer (OzoneContainer.java:start(217)) - Attempting to start container services.
2019-09-25 07:17:50,598 [Datanode State Machine Thread - 0] INFO  ozoneimpl.OzoneContainer (OzoneContainer.java:startContainerScrub(179)) - Background container scanner has been disabled.
2019-09-25 07:17:50,598 [Datanode State Machine Thread - 0] INFO  ratis.XceiverServerRatis (XceiverServerRatis.java:start(411)) - Starting XceiverServerRatis 90159daf-3c81-4453-92e4-73076a8942a6 at port 0
2019-09-25 07:17:50,606 [Datanode State Machine Thread - 0] INFO  impl.RaftServerProxy (RaftServerProxy.java:lambda$start$3(299)) - 90159daf-3c81-4453-92e4-73076a8942a6: start RPC server
2019-09-25 07:17:50,610 [Datanode State Machine Thread - 0] INFO  server.GrpcService (GrpcService.java:startImpl(158)) - 90159daf-3c81-4453-92e4-73076a8942a6: GrpcService started, listening on 0.0.0.0/0.0.0.0:36509
2019-09-25 07:17:50,610 [Datanode State Machine Thread - 0] INFO  ratis.XceiverServerRatis (XceiverServerRatis.java:start(421)) - XceiverServerRatis 90159daf-3c81-4453-92e4-73076a8942a6 is started using port 36509
2019-09-25 07:17:50,610 [Datanode State Machine Thread - 0] INFO  server.XceiverServerGrpc (XceiverServerGrpc.java:start(149)) - XceiverServerGrpc 90159daf-3c81-4453-92e4-73076a8942a6 is started using port 40075
2019-09-25 07:17:51,585 [main] INFO  ozone.MiniOzoneClusterImpl (MiniOzoneClusterImpl.java:lambda$waitForClusterToBeReady$0(147)) - Waiting for cluster to be ready. Got 0 of 3 DN Heartbeats.
2019-09-25 07:17:52,410 [IPC Server handler 1 on 35708] INFO  net.NetworkTopology (NetworkTopologyImpl.java:add(111)) - Added a new node: /default-rack/e99140d1-99dc-4b8a-b769-82908fed16ee
2019-09-25 07:17:52,413 [IPC Server handler 1 on 35708] INFO  node.SCMNodeManager (SCMNodeManager.java:register(266)) - Registered Data node : e99140d1-99dc-4b8a-b769-82908fed16ee{ip: 192.168.30.10, host: pr-hdds-1569-s62bp-3040748787, networkLocation: /default-rack, certSerialId: null}
2019-09-25 07:17:52,415 [EventQueue-NodeRegistrationContainerReportForDataNodeSafeModeRule] INFO  safemode.SCMSafeModeManager (DataNodeSafeModeRule.java:process(71)) - SCM in safe mode. 1 DataNodes registered, 1 required.
2019-09-25 07:17:52,417 [EventQueue-NodeRegistrationContainerReportForDataNodeSafeModeRule] INFO  safemode.SCMSafeModeManager (SCMSafeModeManager.java:validateSafeModeExitRules(177)) - ScmSafeModeManager, all rules are successfully validated
2019-09-25 07:17:52,417 [EventQueue-NodeRegistrationContainerReportForDataNodeSafeModeRule] INFO  safemode.SCMSafeModeManager (SCMSafeModeManager.java:exitSafeMode(193)) - SCM exiting safe mode.
2019-09-25 07:17:52,432 [grpc-default-executor-0] INFO  impl.RaftServerProxy (RaftServerProxy.java:addNew(89)) - e99140d1-99dc-4b8a-b769-82908fed16ee: addNew group-EC044ED5C702:[e99140d1-99dc-4b8a-b769-82908fed16ee:192.168.30.10:36618] returns group-EC044ED5C702:java.util.concurrent.CompletableFuture@78ee37a7[Not completed]
2019-09-25 07:17:52,434 [pool-577-thread-1] INFO  impl.RaftServerImpl (RaftServerImpl.java:<init>(95)) - e99140d1-99dc-4b8a-b769-82908fed16ee: new RaftServerImpl for group-EC044ED5C702:[e99140d1-99dc-4b8a-b769-82908fed16ee:192.168.30.10:36618] with ContainerStateMachine:uninitialized
2019-09-25 07:17:52,434 [pool-577-thread-1] INFO  server.RaftServerConfigKeys (ConfUtils.java:logGet(43)) - raft.server.rpc.timeout.min = 5s (custom)
2019-09-25 07:17:52,434 [pool-577-thread-1] INFO  server.RaftServerConfigKeys (ConfUtils.java:logGet(43)) - raft.server.rpc.timeout.max = 5200ms (custom)
2019-09-25 07:17:52,434 [pool-577-thread-1] INFO  server.RaftServerConfigKeys (ConfUtils.java:logGet(43)) - raft.server.rpcslowness.timeout = 120s (custom)
2019-09-25 07:17:52,434 [pool-577-thread-1] INFO  server.RaftServerConfigKeys (ConfUtils.java:logGet(43)) - raft.server.sleep.deviation.threshold = 300 (default)
2019-09-25 07:17:52,434 [pool-577-thread-1] INFO  server.RaftServerConfigKeys (ConfUtils.java:logGet(43)) - raft.server.log.appender.install.snapshot.enabled = false (custom)
2019-09-25 07:17:52,434 [pool-577-thread-1] INFO  impl.RaftServerImpl (ServerState.java:<init>(103)) - e99140d1-99dc-4b8a-b769-82908fed16ee@group-EC044ED5C702: ConfigurationManager, init=-1: [e99140d1-99dc-4b8a-b769-82908fed16ee:192.168.30.10:36618], old=null, confs=<EMPTY_MAP>
2019-09-25 07:17:52,435 [pool-577-thread-1] INFO  server.RaftServerConfigKeys (ConfUtils.java:logGet(43)) - raft.server.storage.dir = [/workdir/hadoop-ozone/ozonefs/target/test-dir/MiniOzoneClusterImpl-78b0c751-90b1-4f70-8119-c134e40e838a/datanode-0/data/ratis] (custom)
2019-09-25 07:17:52,435 [pool-577-thread-1] INFO  storage.RaftStorageDirectory (RaftStorageDirectory.java:analyzeStorage(246)) - The storage directory /workdir/hadoop-ozone/ozonefs/target/test-dir/MiniOzoneClusterImpl-78b0c751-90b1-4f70-8119-c134e40e838a/datanode-0/data/ratis/aabcf319-ce9a-4566-ab8d-ec044ed5c702 does not exist. Creating ...
2019-09-25 07:17:52,449 [pool-577-thread-1] INFO  storage.RaftStorageDirectory (RaftStorageDirectory.java:tryLock(328)) - Lock on /workdir/hadoop-ozone/ozonefs/target/test-dir/MiniOzoneClusterImpl-78b0c751-90b1-4f70-8119-c134e40e838a/datanode-0/data/ratis/aabcf319-ce9a-4566-ab8d-ec044ed5c702/in_use.lock acquired by nodename 12714@pr-hdds-1569-s62bp-3040748787
2019-09-25 07:17:52,461 [pool-577-thread-1] INFO  storage.RaftStorage (RaftStorage.java:format(72)) - Storage directory /workdir/hadoop-ozone/ozonefs/target/test-dir/MiniOzoneClusterImpl-78b0c751-90b1-4f70-8119-c134e40e838a/datanode-0/data/ratis/aabcf319-ce9a-4566-ab8d-ec044ed5c702 has been successfully formatted.
2019-09-25 07:17:52,461 [pool-577-thread-1] INFO  ratis.ContainerStateMachine (ContainerStateMachine.java:loadSnapshot(230)) - group-EC044ED5C702: The snapshot info is null. Setting the last applied indexto:(t:0, i:~)
2019-09-25 07:17:52,462 [pool-577-thread-1] INFO  server.RaftServerConfigKeys (ConfUtils.java:logGet(43)) - raft.server.notification.no-leader.timeout = 120s (custom)
2019-09-25 07:17:52,462 [pool-577-thread-1] INFO  server.RaftServerConfigKeys (ConfUtils.java:logGet(43)) - raft.server.log.use.memory = false (default)
2019-09-25 07:17:52,462 [pool-577-thread-1] INFO  server.RaftServerConfigKeys (ConfUtils.java:logGet(43)) - raft.server.log.purge.gap = 1000000 (custom)
2019-09-25 07:17:52,462 [pool-577-thread-1] INFO  server.RaftServerConfigKeys (ConfUtils.java:logGet(43)) - raft.server.log.appender.buffer.byte-limit = 33554432 (custom)
2019-09-25 07:17:52,462 [pool-577-thread-1] INFO  server.RaftServerConfigKeys (ConfUtils.java:logGet(43)) - raft.server.log.segment.size.max = 1048576 (custom)
2019-09-25 07:17:52,463 [pool-577-thread-1] INFO  server.RaftServerConfigKeys (ConfUtils.java:logGet(43)) - raft.server.log.segment.cache.num.max = 2 (custom)
2019-09-25 07:17:52,463 [pool-577-thread-1] INFO  segmented.SegmentedRaftLogWorker (SegmentedRaftLogWorker.java:<init>(172)) - new e99140d1-99dc-4b8a-b769-82908fed16ee@group-EC044ED5C702-SegmentedRaftLogWorker for RaftStorage:Storage Directory /workdir/hadoop-ozone/ozonefs/target/test-dir/MiniOzoneClusterImpl-78b0c751-90b1-4f70-8119-c134e40e838a/datanode-0/data/ratis/aabcf319-ce9a-4566-ab8d-ec044ed5c702
2019-09-25 07:17:52,465 [pool-577-thread-1] INFO  server.RaftServerConfigKeys (ConfUtils.java:logGet(43)) - raft.server.log.queue.byte-limit = 2147483647 (custom)
2019-09-25 07:17:52,465 [pool-577-thread-1] INFO  server.RaftServerConfigKeys (ConfUtils.java:logGet(43)) - raft.server.log.queue.element-limit = 1024 (custom)
2019-09-25 07:17:52,465 [pool-577-thread-1] INFO  server.RaftServerConfigKeys (ConfUtils.java:logGet(43)) - raft.server.log.segment.size.max = 1048576 (custom)
2019-09-25 07:17:52,465 [pool-577-thread-1] INFO  server.RaftServerConfigKeys (ConfUtils.java:logGet(43)) - raft.server.log.preallocated.size = 16384 (custom)
2019-09-25 07:17:52,465 [pool-577-thread-1] INFO  server.RaftServerConfigKeys (ConfUtils.java:logGet(43)) - raft.server.log.write.buffer.size = 33554432 (custom)
2019-09-25 07:17:52,465 [pool-577-thread-1] INFO  server.RaftServerConfigKeys (ConfUtils.java:logGet(43)) - raft.server.log.force.sync.num = 128 (default)
2019-09-25 07:17:52,466 [pool-577-thread-1] INFO  server.RaftServerConfigKeys (ConfUtils.java:logGet(43)) - raft.server.log.statemachine.data.sync = true (default)
2019-09-25 07:17:52,466 [pool-577-thread-1] INFO  server.RaftServerConfigKeys (ConfUtils.java:logGet(43)) - raft.server.log.statemachine.data.sync.timeout = 10s (default)
2019-09-25 07:17:52,466 [pool-577-thread-1] INFO  server.RaftServerConfigKeys (ConfUtils.java:logGet(43)) - raft.server.log.statemachine.data.sync.timeout.retry = -1 (default)
2019-09-25 07:17:52,466 [pool-577-thread-1] INFO  server.RaftServerConfigKeys (ConfUtils.java:logGet(43)) - raft.server.log.statemachine.data.caching.enabled = true (custom)
2019-09-25 07:17:52,467 [pool-577-thread-1] INFO  segmented.SegmentedRaftLogWorker (SegmentedRaftLogWorker.java:lambda$new$0(132)) - e99140d1-99dc-4b8a-b769-82908fed16ee@group-EC044ED5C702-SegmentedRaftLogWorker: flushIndex: setUnconditionally 0 -> -1
2019-09-25 07:17:52,467 [pool-577-thread-1] INFO  server.RaftServerConfigKeys (ConfUtils.java:logGet(43)) - raft.server.snapshot.auto.trigger.enabled = true (custom)
2019-09-25 07:17:52,467 [pool-577-thread-1] INFO  server.RaftServerConfigKeys (ConfUtils.java:logGet(43)) - raft.server.snapshot.auto.trigger.threshold = 10000 (custom)
2019-09-25 07:17:52,467 [pool-577-thread-1] INFO  server.RaftServerConfigKeys (ConfUtils.java:logGet(43)) - raft.server.snapshot.retention.num.files = 5 (custom)
2019-09-25 07:17:52,468 [pool-577-thread-1] INFO  server.RaftServerConfigKeys (ConfUtils.java:logGet(43)) - raft.server.retrycache.expirytime = 600000ms (custom)
2019-09-25 07:17:52,469 [pool-577-thread-1] INFO  impl.RaftServerImpl (RaftServerImpl.java:start(185)) - e99140d1-99dc-4b8a-b769-82908fed16ee@group-EC044ED5C702: start as a follower, conf=-1: [e99140d1-99dc-4b8a-b769-82908fed16ee:192.168.30.10:36618], old=null
2019-09-25 07:17:52,469 [pool-577-thread-1] INFO  impl.RaftServerImpl (RaftServerImpl.java:setRole(174)) - e99140d1-99dc-4b8a-b769-82908fed16ee@group-EC044ED5C702: changes role from      null to FOLLOWER at term 0 for startAsFollower
2019-09-25 07:17:52,470 [pool-577-thread-1] INFO  impl.RoleInfo (RoleInfo.java:updateAndGet(143)) - e99140d1-99dc-4b8a-b769-82908fed16ee: start FollowerState
2019-09-25 07:17:52,470 [pool-577-thread-1] INFO  util.JmxRegister (JmxRegister.java:tryRegister(44)) - Successfully registered JMX Bean with object name Ratis:service=RaftServer,group=group-EC044ED5C702,id=e99140d1-99dc-4b8a-b769-82908fed16ee
2019-09-25 07:17:52,474 [RatisPipelineUtilsThread] INFO  pipeline.PipelineStateManager (PipelineStateManager.java:addPipeline(56)) - Created pipeline Pipeline[ Id: aabcf319-ce9a-4566-ab8d-ec044ed5c702, Nodes: e99140d1-99dc-4b8a-b769-82908fed16ee{ip: 192.168.30.10, host: pr-hdds-1569-s62bp-3040748787, networkLocation: /default-rack, certSerialId: null}, Type:RATIS, Factor:ONE, State:OPEN]
2019-09-25 07:17:52,480 [grpc-default-executor-0] INFO  impl.RaftServerProxy (RaftServerProxy.java:addNew(89)) - e99140d1-99dc-4b8a-b769-82908fed16ee: addNew group-A06C3A4C64F6:[e99140d1-99dc-4b8a-b769-82908fed16ee:192.168.30.10:36618] returns group-A06C3A4C64F6:java.util.concurrent.CompletableFuture@495c4e68[Not completed]
2019-09-25 07:17:52,481 [pool-577-thread-1] INFO  impl.RaftServerImpl (RaftServerImpl.java:<init>(95)) - e99140d1-99dc-4b8a-b769-82908fed16ee: new RaftServerImpl for group-A06C3A4C64F6:[e99140d1-99dc-4b8a-b769-82908fed16ee:192.168.30.10:36618] with ContainerStateMachine:uninitialized
2019-09-25 07:17:52,481 [pool-577-thread-1] INFO  server.RaftServerConfigKeys (ConfUtils.java:logGet(43)) - raft.server.rpc.timeout.min = 5s (custom)
2019-09-25 07:17:52,481 [pool-577-thread-1] INFO  server.RaftServerConfigKeys (ConfUtils.java:logGet(43)) - raft.server.rpc.timeout.max = 5200ms (custom)
2019-09-25 07:17:52,481 [pool-577-thread-1] INFO  server.RaftServerConfigKeys (ConfUtils.java:logGet(43)) - raft.server.rpcslowness.timeout = 120s (custom)
2019-09-25 07:17:52,481 [pool-577-thread-1] INFO  server.RaftServerConfigKeys (ConfUtils.java:logGet(43)) - raft.server.sleep.deviation.threshold = 300 (default)
2019-09-25 07:17:52,481 [pool-577-thread-1] INFO  server.RaftServerConfigKeys (ConfUtils.java:logGet(43)) - raft.server.log.appender.install.snapshot.enabled = false (custom)
2019-09-25 07:17:52,481 [pool-577-thread-1] INFO  impl.RaftServerImpl (ServerState.java:<init>(103)) - e99140d1-99dc-4b8a-b769-82908fed16ee@group-A06C3A4C64F6: ConfigurationManager, init=-1: [e99140d1-99dc-4b8a-b769-82908fed16ee:192.168.30.10:36618], old=null, confs=<EMPTY_MAP>
2019-09-25 07:17:52,482 [pool-577-thread-1] INFO  server.RaftServerConfigKeys (ConfUtils.java:logGet(43)) - raft.server.storage.dir = [/workdir/hadoop-ozone/ozonefs/target/test-dir/MiniOzoneClusterImpl-78b0c751-90b1-4f70-8119-c134e40e838a/datanode-0/data/ratis] (custom)
2019-09-25 07:17:52,482 [pool-577-thread-1] INFO  storage.RaftStorageDirectory (RaftStorageDirectory.java:analyzeStorage(246)) - The storage directory /workdir/hadoop-ozone/ozonefs/target/test-dir/MiniOzoneClusterImpl-78b0c751-90b1-4f70-8119-c134e40e838a/datanode-0/data/ratis/f1c915de-89e7-488a-98e4-a06c3a4c64f6 does not exist. Creating ...
2019-09-25 07:17:52,484 [IPC Server handler 0 on 35708] INFO  net.NetworkTopology (NetworkTopologyImpl.java:add(111)) - Added a new node: /default-rack/fff08b05-7b9b-4778-997a-3a1197d0a18b
2019-09-25 07:17:52,484 [IPC Server handler 0 on 35708] INFO  node.SCMNodeManager (SCMNodeManager.java:register(266)) - Registered Data node : fff08b05-7b9b-4778-997a-3a1197d0a18b{ip: 192.168.30.10, host: pr-hdds-1569-s62bp-3040748787, networkLocation: /default-rack, certSerialId: null}
2019-09-25 07:17:52,495 [pool-577-thread-1] INFO  storage.RaftStorageDirectory (RaftStorageDirectory.java:tryLock(328)) - Lock on /workdir/hadoop-ozone/ozonefs/target/test-dir/MiniOzoneClusterImpl-78b0c751-90b1-4f70-8119-c134e40e838a/datanode-0/data/ratis/f1c915de-89e7-488a-98e4-a06c3a4c64f6/in_use.lock acquired by nodename 12714@pr-hdds-1569-s62bp-3040748787
2019-09-25 07:17:52,497 [pool-577-thread-1] INFO  storage.RaftStorage (RaftStorage.java:format(72)) - Storage directory /workdir/hadoop-ozone/ozonefs/target/test-dir/MiniOzoneClusterImpl-78b0c751-90b1-4f70-8119-c134e40e838a/datanode-0/data/ratis/f1c915de-89e7-488a-98e4-a06c3a4c64f6 has been successfully formatted.
2019-09-25 07:17:52,498 [pool-577-thread-1] INFO  ratis.ContainerStateMachine (ContainerStateMachine.java:loadSnapshot(230)) - group-A06C3A4C64F6: The snapshot info is null. Setting the last applied indexto:(t:0, i:~)
2019-09-25 07:17:52,498 [pool-577-thread-1] INFO  server.RaftServerConfigKeys (ConfUtils.java:logGet(43)) - raft.server.notification.no-leader.timeout = 120s (custom)
2019-09-25 07:17:52,498 [pool-577-thread-1] INFO  server.RaftServerConfigKeys (ConfUtils.java:logGet(43)) - raft.server.log.use.memory = false (default)
2019-09-25 07:17:52,498 [pool-577-thread-1] INFO  server.RaftServerConfigKeys (ConfUtils.java:logGet(43)) - raft.server.log.purge.gap = 1000000 (custom)
2019-09-25 07:17:52,498 [pool-577-thread-1] INFO  server.RaftServerConfigKeys (ConfUtils.java:logGet(43)) - raft.server.log.appender.buffer.byte-limit = 33554432 (custom)
2019-09-25 07:17:52,499 [pool-577-thread-1] INFO  server.RaftServerConfigKeys (ConfUtils.java:logGet(43)) - raft.server.log.segment.size.max = 1048576 (custom)
2019-09-25 07:17:52,499 [pool-577-thread-1] INFO  server.RaftServerConfigKeys (ConfUtils.java:logGet(43)) - raft.server.log.segment.cache.num.max = 2 (custom)
2019-09-25 07:17:52,499 [pool-577-thread-1] INFO  segmented.SegmentedRaftLogWorker (SegmentedRaftLogWorker.java:<init>(172)) - new e99140d1-99dc-4b8a-b769-82908fed16ee@group-A06C3A4C64F6-SegmentedRaftLogWorker for RaftStorage:Storage Directory /workdir/hadoop-ozone/ozonefs/target/test-dir/MiniOzoneClusterImpl-78b0c751-90b1-4f70-8119-c134e40e838a/datanode-0/data/ratis/f1c915de-89e7-488a-98e4-a06c3a4c64f6
2019-09-25 07:17:52,499 [pool-577-thread-1] INFO  server.RaftServerConfigKeys (ConfUtils.java:logGet(43)) - raft.server.log.queue.byte-limit = 2147483647 (custom)
2019-09-25 07:17:52,499 [pool-577-thread-1] INFO  server.RaftServerConfigKeys (ConfUtils.java:logGet(43)) - raft.server.log.queue.element-limit = 1024 (custom)
2019-09-25 07:17:52,499 [pool-577-thread-1] INFO  server.RaftServerConfigKeys (ConfUtils.java:logGet(43)) - raft.server.log.segment.size.max = 1048576 (custom)
2019-09-25 07:17:52,500 [pool-577-thread-1] INFO  server.RaftServerConfigKeys (ConfUtils.java:logGet(43)) - raft.server.log.preallocated.size = 16384 (custom)
2019-09-25 07:17:52,500 [pool-577-thread-1] INFO  server.RaftServerConfigKeys (ConfUtils.java:logGet(43)) - raft.server.log.write.buffer.size = 33554432 (custom)
2019-09-25 07:17:52,500 [pool-577-thread-1] INFO  server.RaftServerConfigKeys (ConfUtils.java:logGet(43)) - raft.server.log.force.sync.num = 128 (default)
2019-09-25 07:17:52,500 [pool-577-thread-1] INFO  server.RaftServerConfigKeys (ConfUtils.java:logGet(43)) - raft.server.log.statemachine.data.sync = true (default)
2019-09-25 07:17:52,500 [pool-577-thread-1] INFO  server.RaftServerConfigKeys (ConfUtils.java:logGet(43)) - raft.server.log.statemachine.data.sync.timeout = 10s (default)
2019-09-25 07:17:52,500 [pool-577-thread-1] INFO  server.RaftServerConfigKeys (ConfUtils.java:logGet(43)) - raft.server.log.statemachine.data.sync.timeout.retry = -1 (default)
2019-09-25 07:17:52,501 [pool-577-thread-1] INFO  server.RaftServerConfigKeys (ConfUtils.java:logGet(43)) - raft.server.log.statemachine.data.caching.enabled = true (custom)
2019-09-25 07:17:52,501 [pool-577-thread-1] INFO  segmented.SegmentedRaftLogWorker (SegmentedRaftLogWorker.java:lambda$new$0(132)) - e99140d1-99dc-4b8a-b769-82908fed16ee@group-A06C3A4C64F6-SegmentedRaftLogWorker: flushIndex: setUnconditionally 0 -> -1
2019-09-25 07:17:52,501 [pool-577-thread-1] INFO  server.RaftServerConfigKeys (ConfUtils.java:logGet(43)) - raft.server.snapshot.auto.trigger.enabled = true (custom)
2019-09-25 07:17:52,501 [pool-577-thread-1] INFO  server.RaftServerConfigKeys (ConfUtils.java:logGet(43)) - raft.server.snapshot.auto.trigger.threshold = 10000 (custom)
2019-09-25 07:17:52,502 [pool-577-thread-1] INFO  server.RaftServerConfigKeys (ConfUtils.java:logGet(43)) - raft.server.snapshot.retention.num.files = 5 (custom)
2019-09-25 07:17:52,502 [pool-577-thread-1] INFO  server.RaftServerConfigKeys (ConfUtils.java:logGet(43)) - raft.server.retrycache.expirytime = 600000ms (custom)
2019-09-25 07:17:52,504 [pool-577-thread-1] INFO  impl.RaftServerImpl (RaftServerImpl.java:start(185)) - e99140d1-99dc-4b8a-b769-82908fed16ee@group-A06C3A4C64F6: start as a follower, conf=-1: [e99140d1-99dc-4b8a-b769-82908fed16ee:192.168.30.10:36618], old=null
2019-09-25 07:17:52,504 [pool-577-thread-1] INFO  impl.RaftServerImpl (RaftServerImpl.java:setRole(174)) - e99140d1-99dc-4b8a-b769-82908fed16ee@group-A06C3A4C64F6: changes role from      null to FOLLOWER at term 0 for startAsFollower
2019-09-25 07:17:52,504 [pool-577-thread-1] INFO  impl.RoleInfo (RoleInfo.java:updateAndGet(143)) - e99140d1-99dc-4b8a-b769-82908fed16ee: start FollowerState
2019-09-25 07:17:52,505 [pool-577-thread-1] INFO  util.JmxRegister (JmxRegister.java:tryRegister(44)) - Successfully registered JMX Bean with object name Ratis:service=RaftServer,group=group-A06C3A4C64F6,id=e99140d1-99dc-4b8a-b769-82908fed16ee
2019-09-25 07:17:52,507 [RatisPipelineUtilsThread] INFO  pipeline.PipelineStateManager (PipelineStateManager.java:addPipeline(56)) - Created pipeline Pipeline[ Id: f1c915de-89e7-488a-98e4-a06c3a4c64f6, Nodes: e99140d1-99dc-4b8a-b769-82908fed16ee{ip: 192.168.30.10, host: pr-hdds-1569-s62bp-3040748787, networkLocation: /default-rack, certSerialId: null}, Type:RATIS, Factor:ONE, State:OPEN]
2019-09-25 07:17:52,516 [grpc-default-executor-0] INFO  impl.RaftServerProxy (RaftServerProxy.java:addNew(89)) - fff08b05-7b9b-4778-997a-3a1197d0a18b: addNew group-A5CE5D582FCA:[fff08b05-7b9b-4778-997a-3a1197d0a18b:192.168.30.10:38557] returns group-A5CE5D582FCA:java.util.concurrent.CompletableFuture@6cfe2958[Not completed]
2019-09-25 07:17:52,517 [pool-587-thread-1] INFO  impl.RaftServerImpl (RaftServerImpl.java:<init>(95)) - fff08b05-7b9b-4778-997a-3a1197d0a18b: new RaftServerImpl for group-A5CE5D582FCA:[fff08b05-7b9b-4778-997a-3a1197d0a18b:192.168.30.10:38557] with ContainerStateMachine:uninitialized
2019-09-25 07:17:52,517 [pool-587-thread-1] INFO  server.RaftServerConfigKeys (ConfUtils.java:logGet(43)) - raft.server.rpc.timeout.min = 5s (custom)
2019-09-25 07:17:52,517 [pool-587-thread-1] INFO  server.RaftServerConfigKeys (ConfUtils.java:logGet(43)) - raft.server.rpc.timeout.max = 5200ms (custom)
2019-09-25 07:17:52,518 [pool-587-thread-1] INFO  server.RaftServerConfigKeys (ConfUtils.java:logGet(43)) - raft.server.rpcslowness.timeout = 120s (custom)
2019-09-25 07:17:52,518 [pool-587-thread-1] INFO  server.RaftServerConfigKeys (ConfUtils.java:logGet(43)) - raft.server.sleep.deviation.threshold = 300 (default)
2019-09-25 07:17:52,518 [pool-587-thread-1] INFO  server.RaftServerConfigKeys (ConfUtils.java:logGet(43)) - raft.server.log.appender.install.snapshot.enabled = false (custom)
2019-09-25 07:17:52,518 [pool-587-thread-1] INFO  impl.RaftServerImpl (ServerState.java:<init>(103)) - fff08b05-7b9b-4778-997a-3a1197d0a18b@group-A5CE5D582FCA: ConfigurationManager, init=-1: [fff08b05-7b9b-4778-997a-3a1197d0a18b:192.168.30.10:38557], old=null, confs=<EMPTY_MAP>
2019-09-25 07:17:52,518 [pool-587-thread-1] INFO  server.RaftServerConfigKeys (ConfUtils.java:logGet(43)) - raft.server.storage.dir = [/workdir/hadoop-ozone/ozonefs/target/test-dir/MiniOzoneClusterImpl-78b0c751-90b1-4f70-8119-c134e40e838a/datanode-1/data/ratis] (custom)
2019-09-25 07:17:52,518 [pool-587-thread-1] INFO  storage.RaftStorageDirectory (RaftStorageDirectory.java:analyzeStorage(246)) - The storage directory /workdir/hadoop-ozone/ozonefs/target/test-dir/MiniOzoneClusterImpl-78b0c751-90b1-4f70-8119-c134e40e838a/datanode-1/data/ratis/6f2a8614-6619-49c8-a953-a5ce5d582fca does not exist. Creating ...
2019-09-25 07:17:52,521 [pool-587-thread-1] INFO  storage.RaftStorageDirectory (RaftStorageDirectory.java:tryLock(328)) - Lock on /workdir/hadoop-ozone/ozonefs/target/test-dir/MiniOzoneClusterImpl-78b0c751-90b1-4f70-8119-c134e40e838a/datanode-1/data/ratis/6f2a8614-6619-49c8-a953-a5ce5d582fca/in_use.lock acquired by nodename 12714@pr-hdds-1569-s62bp-3040748787
2019-09-25 07:17:52,524 [pool-587-thread-1] INFO  storage.RaftStorage (RaftStorage.java:format(72)) - Storage directory /workdir/hadoop-ozone/ozonefs/target/test-dir/MiniOzoneClusterImpl-78b0c751-90b1-4f70-8119-c134e40e838a/datanode-1/data/ratis/6f2a8614-6619-49c8-a953-a5ce5d582fca has been successfully formatted.
2019-09-25 07:17:52,524 [pool-587-thread-1] INFO  ratis.ContainerStateMachine (ContainerStateMachine.java:loadSnapshot(230)) - group-A5CE5D582FCA: The snapshot info is null. Setting the last applied indexto:(t:0, i:~)
2019-09-25 07:17:52,524 [pool-587-thread-1] INFO  server.RaftServerConfigKeys (ConfUtils.java:logGet(43)) - raft.server.notification.no-leader.timeout = 120s (custom)
2019-09-25 07:17:52,524 [pool-587-thread-1] INFO  server.RaftServerConfigKeys (ConfUtils.java:logGet(43)) - raft.server.log.use.memory = false (default)
2019-09-25 07:17:52,525 [pool-587-thread-1] INFO  server.RaftServerConfigKeys (ConfUtils.java:logGet(43)) - raft.server.log.purge.gap = 1000000 (custom)
2019-09-25 07:17:52,525 [pool-587-thread-1] INFO  server.RaftServerConfigKeys (ConfUtils.java:logGet(43)) - raft.server.log.appender.buffer.byte-limit = 33554432 (custom)
2019-09-25 07:17:52,525 [pool-587-thread-1] INFO  server.RaftServerConfigKeys (ConfUtils.java:logGet(43)) - raft.server.log.segment.size.max = 1048576 (custom)
2019-09-25 07:17:52,525 [pool-587-thread-1] INFO  server.RaftServerConfigKeys (ConfUtils.java:logGet(43)) - raft.server.log.segment.cache.num.max = 2 (custom)
2019-09-25 07:17:52,525 [pool-587-thread-1] INFO  segmented.SegmentedRaftLogWorker (SegmentedRaftLogWorker.java:<init>(172)) - new fff08b05-7b9b-4778-997a-3a1197d0a18b@group-A5CE5D582FCA-SegmentedRaftLogWorker for RaftStorage:Storage Directory /workdir/hadoop-ozone/ozonefs/target/test-dir/MiniOzoneClusterImpl-78b0c751-90b1-4f70-8119-c134e40e838a/datanode-1/data/ratis/6f2a8614-6619-49c8-a953-a5ce5d582fca
2019-09-25 07:17:52,526 [pool-587-thread-1] INFO  server.RaftServerConfigKeys (ConfUtils.java:logGet(43)) - raft.server.log.queue.byte-limit = 2147483647 (custom)
2019-09-25 07:17:52,526 [pool-587-thread-1] INFO  server.RaftServerConfigKeys (ConfUtils.java:logGet(43)) - raft.server.log.queue.element-limit = 1024 (custom)
2019-09-25 07:17:52,527 [pool-587-thread-1] INFO  server.RaftServerConfigKeys (ConfUtils.java:logGet(43)) - raft.server.log.segment.size.max = 1048576 (custom)
2019-09-25 07:17:52,527 [pool-587-thread-1] INFO  server.RaftServerConfigKeys (ConfUtils.java:logGet(43)) - raft.server.log.preallocated.size = 16384 (custom)
2019-09-25 07:17:52,527 [pool-587-thread-1] INFO  server.RaftServerConfigKeys (ConfUtils.java:logGet(43)) - raft.server.log.write.buffer.size = 33554432 (custom)
2019-09-25 07:17:52,527 [pool-587-thread-1] INFO  server.RaftServerConfigKeys (ConfUtils.java:logGet(43)) - raft.server.log.force.sync.num = 128 (default)
2019-09-25 07:17:52,527 [pool-587-thread-1] INFO  server.RaftServerConfigKeys (ConfUtils.java:logGet(43)) - raft.server.log.statemachine.data.sync = true (default)
2019-09-25 07:17:52,527 [pool-587-thread-1] INFO  server.RaftServerConfigKeys (ConfUtils.java:logGet(43)) - raft.server.log.statemachine.data.sync.timeout = 10s (default)
2019-09-25 07:17:52,527 [pool-587-thread-1] INFO  server.RaftServerConfigKeys (ConfUtils.java:logGet(43)) - raft.server.log.statemachine.data.sync.timeout.retry = -1 (default)
2019-09-25 07:17:52,528 [pool-587-thread-1] INFO  server.RaftServerConfigKeys (ConfUtils.java:logGet(43)) - raft.server.log.statemachine.data.caching.enabled = true (custom)
2019-09-25 07:17:52,528 [pool-587-thread-1] INFO  segmented.SegmentedRaftLogWorker (SegmentedRaftLogWorker.java:lambda$new$0(132)) - fff08b05-7b9b-4778-997a-3a1197d0a18b@group-A5CE5D582FCA-SegmentedRaftLogWorker: flushIndex: setUnconditionally 0 -> -1
2019-09-25 07:17:52,528 [pool-587-thread-1] INFO  server.RaftServerConfigKeys (ConfUtils.java:logGet(43)) - raft.server.snapshot.auto.trigger.enabled = true (custom)
2019-09-25 07:17:52,528 [pool-587-thread-1] INFO  server.RaftServerConfigKeys (ConfUtils.java:logGet(43)) - raft.server.snapshot.auto.trigger.threshold = 10000 (custom)
2019-09-25 07:17:52,528 [pool-587-thread-1] INFO  server.RaftServerConfigKeys (ConfUtils.java:logGet(43)) - raft.server.snapshot.retention.num.files = 5 (custom)
2019-09-25 07:17:52,528 [pool-587-thread-1] INFO  server.RaftServerConfigKeys (ConfUtils.java:logGet(43)) - raft.server.retrycache.expirytime = 600000ms (custom)
2019-09-25 07:17:52,530 [pool-587-thread-1] INFO  impl.RaftServerImpl (RaftServerImpl.java:start(185)) - fff08b05-7b9b-4778-997a-3a1197d0a18b@group-A5CE5D582FCA: start as a follower, conf=-1: [fff08b05-7b9b-4778-997a-3a1197d0a18b:192.168.30.10:38557], old=null
2019-09-25 07:17:52,530 [pool-587-thread-1] INFO  impl.RaftServerImpl (RaftServerImpl.java:setRole(174)) - fff08b05-7b9b-4778-997a-3a1197d0a18b@group-A5CE5D582FCA: changes role from      null to FOLLOWER at term 0 for startAsFollower
2019-09-25 07:17:52,530 [pool-587-thread-1] INFO  impl.RoleInfo (RoleInfo.java:updateAndGet(143)) - fff08b05-7b9b-4778-997a-3a1197d0a18b: start FollowerState
2019-09-25 07:17:52,530 [pool-587-thread-1] INFO  util.JmxRegister (JmxRegister.java:tryRegister(44)) - Successfully registered JMX Bean with object name Ratis:service=RaftServer,group=group-A5CE5D582FCA,id=fff08b05-7b9b-4778-997a-3a1197d0a18b
2019-09-25 07:17:52,533 [RatisPipelineUtilsThread] INFO  pipeline.PipelineStateManager (PipelineStateManager.java:addPipeline(56)) - Created pipeline Pipeline[ Id: 6f2a8614-6619-49c8-a953-a5ce5d582fca, Nodes: fff08b05-7b9b-4778-997a-3a1197d0a18b{ip: 192.168.30.10, host: pr-hdds-1569-s62bp-3040748787, networkLocation: /default-rack, certSerialId: null}, Type:RATIS, Factor:ONE, State:OPEN]
2019-09-25 07:17:52,537 [grpc-default-executor-0] INFO  impl.RaftServerProxy (RaftServerProxy.java:addNew(89)) - e99140d1-99dc-4b8a-b769-82908fed16ee: addNew group-6C5CDE498D25:[e99140d1-99dc-4b8a-b769-82908fed16ee:192.168.30.10:36618] returns group-6C5CDE498D25:java.util.concurrent.CompletableFuture@a1fabb3[Not completed]
2019-09-25 07:17:52,541 [pool-577-thread-1] INFO  impl.RaftServerImpl (RaftServerImpl.java:<init>(95)) - e99140d1-99dc-4b8a-b769-82908fed16ee: new RaftServerImpl for group-6C5CDE498D25:[e99140d1-99dc-4b8a-b769-82908fed16ee:192.168.30.10:36618] with ContainerStateMachine:uninitialized
2019-09-25 07:17:52,541 [pool-577-thread-1] INFO  server.RaftServerConfigKeys (ConfUtils.java:logGet(43)) - raft.server.rpc.timeout.min = 5s (custom)
2019-09-25 07:17:52,541 [pool-577-thread-1] INFO  server.RaftServerConfigKeys (ConfUtils.java:logGet(43)) - raft.server.rpc.timeout.max = 5200ms (custom)
2019-09-25 07:17:52,541 [pool-577-thread-1] INFO  server.RaftServerConfigKeys (ConfUtils.java:logGet(43)) - raft.server.rpcslowness.timeout = 120s (custom)
2019-09-25 07:17:52,541 [pool-577-thread-1] INFO  server.RaftServerConfigKeys (ConfUtils.java:logGet(43)) - raft.server.sleep.deviation.threshold = 300 (default)
2019-09-25 07:17:52,541 [pool-577-thread-1] INFO  server.RaftServerConfigKeys (ConfUtils.java:logGet(43)) - raft.server.log.appender.install.snapshot.enabled = false (custom)
2019-09-25 07:17:52,542 [pool-577-thread-1] INFO  impl.RaftServerImpl (ServerState.java:<init>(103)) - e99140d1-99dc-4b8a-b769-82908fed16ee@group-6C5CDE498D25: ConfigurationManager, init=-1: [e99140d1-99dc-4b8a-b769-82908fed16ee:192.168.30.10:36618], old=null, confs=<EMPTY_MAP>
2019-09-25 07:17:52,542 [pool-577-thread-1] INFO  server.RaftServerConfigKeys (ConfUtils.java:logGet(43)) - raft.server.storage.dir = [/workdir/hadoop-ozone/ozonefs/target/test-dir/MiniOzoneClusterImpl-78b0c751-90b1-4f70-8119-c134e40e838a/datanode-0/data/ratis] (custom)
2019-09-25 07:17:52,542 [pool-577-thread-1] INFO  storage.RaftStorageDirectory (RaftStorageDirectory.java:analyzeStorage(246)) - The storage directory /workdir/hadoop-ozone/ozonefs/target/test-dir/MiniOzoneClusterImpl-78b0c751-90b1-4f70-8119-c134e40e838a/datanode-0/data/ratis/cf35ef60-d1cb-4218-8bf6-6c5cde498d25 does not exist. Creating ...
2019-09-25 07:17:52,546 [pool-577-thread-1] INFO  storage.RaftStorageDirectory (RaftStorageDirectory.java:tryLock(328)) - Lock on /workdir/hadoop-ozone/ozonefs/target/test-dir/MiniOzoneClusterImpl-78b0c751-90b1-4f70-8119-c134e40e838a/datanode-0/data/ratis/cf35ef60-d1cb-4218-8bf6-6c5cde498d25/in_use.lock acquired by nodename 12714@pr-hdds-1569-s62bp-3040748787
2019-09-25 07:17:52,551 [pool-577-thread-1] INFO  storage.RaftStorage (RaftStorage.java:format(72)) - Storage directory /workdir/hadoop-ozone/ozonefs/target/test-dir/MiniOzoneClusterImpl-78b0c751-90b1-4f70-8119-c134e40e838a/datanode-0/data/ratis/cf35ef60-d1cb-4218-8bf6-6c5cde498d25 has been successfully formatted.
2019-09-25 07:17:52,551 [pool-577-thread-1] INFO  ratis.ContainerStateMachine (ContainerStateMachine.java:loadSnapshot(230)) - group-6C5CDE498D25: The snapshot info is null. Setting the last applied indexto:(t:0, i:~)
2019-09-25 07:17:52,551 [pool-577-thread-1] INFO  server.RaftServerConfigKeys (ConfUtils.java:logGet(43)) - raft.server.notification.no-leader.timeout = 120s (custom)
2019-09-25 07:17:52,551 [pool-577-thread-1] INFO  server.RaftServerConfigKeys (ConfUtils.java:logGet(43)) - raft.server.log.use.memory = false (default)
2019-09-25 07:17:52,551 [pool-577-thread-1] INFO  server.RaftServerConfigKeys (ConfUtils.java:logGet(43)) - raft.server.log.purge.gap = 1000000 (custom)
2019-09-25 07:17:52,551 [pool-577-thread-1] INFO  server.RaftServerConfigKeys (ConfUtils.java:logGet(43)) - raft.server.log.appender.buffer.byte-limit = 33554432 (custom)
2019-09-25 07:17:52,551 [pool-577-thread-1] INFO  server.RaftServerConfigKeys (ConfUtils.java:logGet(43)) - raft.server.log.segment.size.max = 1048576 (custom)
2019-09-25 07:17:52,551 [pool-577-thread-1] INFO  server.RaftServerConfigKeys (ConfUtils.java:logGet(43)) - raft.server.log.segment.cache.num.max = 2 (custom)
2019-09-25 07:17:52,552 [pool-577-thread-1] INFO  segmented.SegmentedRaftLogWorker (SegmentedRaftLogWorker.java:<init>(172)) - new e99140d1-99dc-4b8a-b769-82908fed16ee@group-6C5CDE498D25-SegmentedRaftLogWorker for RaftStorage:Storage Directory /workdir/hadoop-ozone/ozonefs/target/test-dir/MiniOzoneClusterImpl-78b0c751-90b1-4f70-8119-c134e40e838a/datanode-0/data/ratis/cf35ef60-d1cb-4218-8bf6-6c5cde498d25
2019-09-25 07:17:52,552 [pool-577-thread-1] INFO  server.RaftServerConfigKeys (ConfUtils.java:logGet(43)) - raft.server.log.queue.byte-limit = 2147483647 (custom)
2019-09-25 07:17:52,552 [pool-577-thread-1] INFO  server.RaftServerConfigKeys (ConfUtils.java:logGet(43)) - raft.server.log.queue.element-limit = 1024 (custom)
2019-09-25 07:17:52,552 [pool-577-thread-1] INFO  server.RaftServerConfigKeys (ConfUtils.java:logGet(43)) - raft.server.log.segment.size.max = 1048576 (custom)
2019-09-25 07:17:52,552 [pool-577-thread-1] INFO  server.RaftServerConfigKeys (ConfUtils.java:logGet(43)) - raft.server.log.preallocated.size = 16384 (custom)
2019-09-25 07:17:52,552 [pool-577-thread-1] INFO  server.RaftServerConfigKeys (ConfUtils.java:logGet(43)) - raft.server.log.write.buffer.size = 33554432 (custom)
2019-09-25 07:17:52,552 [pool-577-thread-1] INFO  server.RaftServerConfigKeys (ConfUtils.java:logGet(43)) - raft.server.log.force.sync.num = 128 (default)
2019-09-25 07:17:52,552 [pool-577-thread-1] INFO  server.RaftServerConfigKeys (ConfUtils.java:logGet(43)) - raft.server.log.statemachine.data.sync = true (default)
2019-09-25 07:17:52,552 [pool-577-thread-1] INFO  server.RaftServerConfigKeys (ConfUtils.java:logGet(43)) - raft.server.log.statemachine.data.sync.timeout = 10s (default)
2019-09-25 07:17:52,552 [pool-577-thread-1] INFO  server.RaftServerConfigKeys (ConfUtils.java:logGet(43)) - raft.server.log.statemachine.data.sync.timeout.retry = -1 (default)
2019-09-25 07:17:52,552 [pool-577-thread-1] INFO  server.RaftServerConfigKeys (ConfUtils.java:logGet(43)) - raft.server.log.statemachine.data.caching.enabled = true (custom)
2019-09-25 07:17:52,553 [pool-577-thread-1] INFO  segmented.SegmentedRaftLogWorker (SegmentedRaftLogWorker.java:lambda$new$0(132)) - e99140d1-99dc-4b8a-b769-82908fed16ee@group-6C5CDE498D25-SegmentedRaftLogWorker: flushIndex: setUnconditionally 0 -> -1
2019-09-25 07:17:52,553 [pool-577-thread-1] INFO  server.RaftServerConfigKeys (ConfUtils.java:logGet(43)) - raft.server.snapshot.auto.trigger.enabled = true (custom)
2019-09-25 07:17:52,553 [pool-577-thread-1] INFO  server.RaftServerConfigKeys (ConfUtils.java:logGet(43)) - raft.server.snapshot.auto.trigger.threshold = 10000 (custom)
2019-09-25 07:17:52,553 [pool-577-thread-1] INFO  server.RaftServerConfigKeys (ConfUtils.java:logGet(43)) - raft.server.snapshot.retention.num.files = 5 (custom)
2019-09-25 07:17:52,553 [pool-577-thread-1] INFO  server.RaftServerConfigKeys (ConfUtils.java:logGet(43)) - raft.server.retrycache.expirytime = 600000ms (custom)
2019-09-25 07:17:52,555 [pool-577-thread-1] INFO  impl.RaftServerImpl (RaftServerImpl.java:start(185)) - e99140d1-99dc-4b8a-b769-82908fed16ee@group-6C5CDE498D25: start as a follower, conf=-1: [e99140d1-99dc-4b8a-b769-82908fed16ee:192.168.30.10:36618], old=null
2019-09-25 07:17:52,555 [pool-577-thread-1] INFO  impl.RaftServerImpl (RaftServerImpl.java:setRole(174)) - e99140d1-99dc-4b8a-b769-82908fed16ee@group-6C5CDE498D25: changes role from      null to FOLLOWER at term 0 for startAsFollower
2019-09-25 07:17:52,555 [pool-577-thread-1] INFO  impl.RoleInfo (RoleInfo.java:updateAndGet(143)) - e99140d1-99dc-4b8a-b769-82908fed16ee: start FollowerState
2019-09-25 07:17:52,555 [pool-577-thread-1] INFO  util.JmxRegister (JmxRegister.java:tryRegister(44)) - Successfully registered JMX Bean with object name Ratis:service=RaftServer,group=group-6C5CDE498D25,id=e99140d1-99dc-4b8a-b769-82908fed16ee
2019-09-25 07:17:52,558 [RatisPipelineUtilsThread] INFO  pipeline.PipelineStateManager (PipelineStateManager.java:addPipeline(56)) - Created pipeline Pipeline[ Id: cf35ef60-d1cb-4218-8bf6-6c5cde498d25, Nodes: e99140d1-99dc-4b8a-b769-82908fed16ee{ip: 192.168.30.10, host: pr-hdds-1569-s62bp-3040748787, networkLocation: /default-rack, certSerialId: null}, Type:RATIS, Factor:ONE, State:OPEN]
2019-09-25 07:17:52,563 [grpc-default-executor-0] INFO  impl.RaftServerProxy (RaftServerProxy.java:addNew(89)) - fff08b05-7b9b-4778-997a-3a1197d0a18b: addNew group-8DF37EC4A293:[fff08b05-7b9b-4778-997a-3a1197d0a18b:192.168.30.10:38557] returns group-8DF37EC4A293:java.util.concurrent.CompletableFuture@1a6fab0[Not completed]
2019-09-25 07:17:52,563 [pool-587-thread-1] INFO  impl.RaftServerImpl (RaftServerImpl.java:<init>(95)) - fff08b05-7b9b-4778-997a-3a1197d0a18b: new RaftServerImpl for group-8DF37EC4A293:[fff08b05-7b9b-4778-997a-3a1197d0a18b:192.168.30.10:38557] with ContainerStateMachine:uninitialized
2019-09-25 07:17:52,564 [pool-587-thread-1] INFO  server.RaftServerConfigKeys (ConfUtils.java:logGet(43)) - raft.server.rpc.timeout.min = 5s (custom)
2019-09-25 07:17:52,564 [pool-587-thread-1] INFO  server.RaftServerConfigKeys (ConfUtils.java:logGet(43)) - raft.server.rpc.timeout.max = 5200ms (custom)
2019-09-25 07:17:52,564 [pool-587-thread-1] INFO  server.RaftServerConfigKeys (ConfUtils.java:logGet(43)) - raft.server.rpcslowness.timeout = 120s (custom)
2019-09-25 07:17:52,564 [pool-587-thread-1] INFO  server.RaftServerConfigKeys (ConfUtils.java:logGet(43)) - raft.server.sleep.deviation.threshold = 300 (default)
2019-09-25 07:17:52,564 [pool-587-thread-1] INFO  server.RaftServerConfigKeys (ConfUtils.java:logGet(43)) - raft.server.log.appender.install.snapshot.enabled = false (custom)
2019-09-25 07:17:52,564 [pool-587-thread-1] INFO  impl.RaftServerImpl (ServerState.java:<init>(103)) - fff08b05-7b9b-4778-997a-3a1197d0a18b@group-8DF37EC4A293: ConfigurationManager, init=-1: [fff08b05-7b9b-4778-997a-3a1197d0a18b:192.168.30.10:38557], old=null, confs=<EMPTY_MAP>
2019-09-25 07:17:52,564 [pool-587-thread-1] INFO  server.RaftServerConfigKeys (ConfUtils.java:logGet(43)) - raft.server.storage.dir = [/workdir/hadoop-ozone/ozonefs/target/test-dir/MiniOzoneClusterImpl-78b0c751-90b1-4f70-8119-c134e40e838a/datanode-1/data/ratis] (custom)
2019-09-25 07:17:52,565 [pool-587-thread-1] INFO  storage.RaftStorageDirectory (RaftStorageDirectory.java:analyzeStorage(246)) - The storage directory /workdir/hadoop-ozone/ozonefs/target/test-dir/MiniOzoneClusterImpl-78b0c751-90b1-4f70-8119-c134e40e838a/datanode-1/data/ratis/49029ea1-98ff-470c-883c-8df37ec4a293 does not exist. Creating ...
2019-09-25 07:17:52,568 [pool-587-thread-1] INFO  storage.RaftStorageDirectory (RaftStorageDirectory.java:tryLock(328)) - Lock on /workdir/hadoop-ozone/ozonefs/target/test-dir/MiniOzoneClusterImpl-78b0c751-90b1-4f70-8119-c134e40e838a/datanode-1/data/ratis/49029ea1-98ff-470c-883c-8df37ec4a293/in_use.lock acquired by nodename 12714@pr-hdds-1569-s62bp-3040748787
2019-09-25 07:17:52,571 [pool-587-thread-1] INFO  storage.RaftStorage (RaftStorage.java:format(72)) - Storage directory /workdir/hadoop-ozone/ozonefs/target/test-dir/MiniOzoneClusterImpl-78b0c751-90b1-4f70-8119-c134e40e838a/datanode-1/data/ratis/49029ea1-98ff-470c-883c-8df37ec4a293 has been successfully formatted.
2019-09-25 07:17:52,571 [pool-587-thread-1] INFO  ratis.ContainerStateMachine (ContainerStateMachine.java:loadSnapshot(230)) - group-8DF37EC4A293: The snapshot info is null. Setting the last applied indexto:(t:0, i:~)
2019-09-25 07:17:52,572 [pool-587-thread-1] INFO  server.RaftServerConfigKeys (ConfUtils.java:logGet(43)) - raft.server.notification.no-leader.timeout = 120s (custom)
2019-09-25 07:17:52,572 [pool-587-thread-1] INFO  server.RaftServerConfigKeys (ConfUtils.java:logGet(43)) - raft.server.log.use.memory = false (default)
2019-09-25 07:17:52,572 [pool-587-thread-1] INFO  server.RaftServerConfigKeys (ConfUtils.java:logGet(43)) - raft.server.log.purge.gap = 1000000 (custom)
2019-09-25 07:17:52,572 [pool-587-thread-1] INFO  server.RaftServerConfigKeys (ConfUtils.java:logGet(43)) - raft.server.log.appender.buffer.byte-limit = 33554432 (custom)
2019-09-25 07:17:52,572 [pool-587-thread-1] INFO  server.RaftServerConfigKeys (ConfUtils.java:logGet(43)) - raft.server.log.segment.size.max = 1048576 (custom)
2019-09-25 07:17:52,572 [pool-587-thread-1] INFO  server.RaftServerConfigKeys (ConfUtils.java:logGet(43)) - raft.server.log.segment.cache.num.max = 2 (custom)
2019-09-25 07:17:52,573 [pool-587-thread-1] INFO  segmented.SegmentedRaftLogWorker (SegmentedRaftLogWorker.java:<init>(172)) - new fff08b05-7b9b-4778-997a-3a1197d0a18b@group-8DF37EC4A293-SegmentedRaftLogWorker for RaftStorage:Storage Directory /workdir/hadoop-ozone/ozonefs/target/test-dir/MiniOzoneClusterImpl-78b0c751-90b1-4f70-8119-c134e40e838a/datanode-1/data/ratis/49029ea1-98ff-470c-883c-8df37ec4a293
2019-09-25 07:17:52,573 [pool-587-thread-1] INFO  server.RaftServerConfigKeys (ConfUtils.java:logGet(43)) - raft.server.log.queue.byte-limit = 2147483647 (custom)
2019-09-25 07:17:52,573 [pool-587-thread-1] INFO  server.RaftServerConfigKeys (ConfUtils.java:logGet(43)) - raft.server.log.queue.element-limit = 1024 (custom)
2019-09-25 07:17:52,573 [pool-587-thread-1] INFO  server.RaftServerConfigKeys (ConfUtils.java:logGet(43)) - raft.server.log.segment.size.max = 1048576 (custom)
2019-09-25 07:17:52,573 [pool-587-thread-1] INFO  server.RaftServerConfigKeys (ConfUtils.java:logGet(43)) - raft.server.log.preallocated.size = 16384 (custom)
2019-09-25 07:17:52,573 [pool-587-thread-1] INFO  server.RaftServerConfigKeys (ConfUtils.java:logGet(43)) - raft.server.log.write.buffer.size = 33554432 (custom)
2019-09-25 07:17:52,573 [pool-587-thread-1] INFO  server.RaftServerConfigKeys (ConfUtils.java:logGet(43)) - raft.server.log.force.sync.num = 128 (default)
2019-09-25 07:17:52,574 [pool-587-thread-1] INFO  server.RaftServerConfigKeys (ConfUtils.java:logGet(43)) - raft.server.log.statemachine.data.sync = true (default)
2019-09-25 07:17:52,574 [pool-587-thread-1] INFO  server.RaftServerConfigKeys (ConfUtils.java:logGet(43)) - raft.server.log.statemachine.data.sync.timeout = 10s (default)
2019-09-25 07:17:52,574 [pool-587-thread-1] INFO  server.RaftServerConfigKeys (ConfUtils.java:logGet(43)) - raft.server.log.statemachine.data.sync.timeout.retry = -1 (default)
2019-09-25 07:17:52,574 [pool-587-thread-1] INFO  server.RaftServerConfigKeys (ConfUtils.java:logGet(43)) - raft.server.log.statemachine.data.caching.enabled = true (custom)
2019-09-25 07:17:52,574 [pool-587-thread-1] INFO  segmented.SegmentedRaftLogWorker (SegmentedRaftLogWorker.java:lambda$new$0(132)) - fff08b05-7b9b-4778-997a-3a1197d0a18b@group-8DF37EC4A293-SegmentedRaftLogWorker: flushIndex: setUnconditionally 0 -> -1
2019-09-25 07:17:52,575 [pool-587-thread-1] INFO  server.RaftServerConfigKeys (ConfUtils.java:logGet(43)) - raft.server.snapshot.auto.trigger.enabled = true (custom)
2019-09-25 07:17:52,575 [pool-587-thread-1] INFO  server.RaftServerConfigKeys (ConfUtils.java:logGet(43)) - raft.server.snapshot.auto.trigger.threshold = 10000 (custom)
2019-09-25 07:17:52,575 [pool-587-thread-1] INFO  server.RaftServerConfigKeys (ConfUtils.java:logGet(43)) - raft.server.snapshot.retention.num.files = 5 (custom)
2019-09-25 07:17:52,575 [pool-587-thread-1] INFO  server.RaftServerConfigKeys (ConfUtils.java:logGet(43)) - raft.server.retrycache.expirytime = 600000ms (custom)
2019-09-25 07:17:52,577 [pool-587-thread-1] INFO  impl.RaftServerImpl (RaftServerImpl.java:start(185)) - fff08b05-7b9b-4778-997a-3a1197d0a18b@group-8DF37EC4A293: start as a follower, conf=-1: [fff08b05-7b9b-4778-997a-3a1197d0a18b:192.168.30.10:38557], old=null
2019-09-25 07:17:52,577 [pool-587-thread-1] INFO  impl.RaftServerImpl (RaftServerImpl.java:setRole(174)) - fff08b05-7b9b-4778-997a-3a1197d0a18b@group-8DF37EC4A293: changes role from      null to FOLLOWER at term 0 for startAsFollower
2019-09-25 07:17:52,578 [pool-587-thread-1] INFO  impl.RoleInfo (RoleInfo.java:updateAndGet(143)) - fff08b05-7b9b-4778-997a-3a1197d0a18b: start FollowerState
2019-09-25 07:17:52,578 [pool-587-thread-1] INFO  util.JmxRegister (JmxRegister.java:tryRegister(44)) - Successfully registered JMX Bean with object name Ratis:service=RaftServer,group=group-8DF37EC4A293,id=fff08b05-7b9b-4778-997a-3a1197d0a18b
2019-09-25 07:17:52,580 [RatisPipelineUtilsThread] INFO  pipeline.PipelineStateManager (PipelineStateManager.java:addPipeline(56)) - Created pipeline Pipeline[ Id: 49029ea1-98ff-470c-883c-8df37ec4a293, Nodes: fff08b05-7b9b-4778-997a-3a1197d0a18b{ip: 192.168.30.10, host: pr-hdds-1569-s62bp-3040748787, networkLocation: /default-rack, certSerialId: null}, Type:RATIS, Factor:ONE, State:OPEN]
2019-09-25 07:17:52,585 [grpc-default-executor-0] INFO  impl.RaftServerProxy (RaftServerProxy.java:addNew(89)) - e99140d1-99dc-4b8a-b769-82908fed16ee: addNew group-865B49AB352B:[e99140d1-99dc-4b8a-b769-82908fed16ee:192.168.30.10:36618] returns group-865B49AB352B:java.util.concurrent.CompletableFuture@61d3d374[Not completed]
2019-09-25 07:17:52,585 [main] INFO  ozone.MiniOzoneClusterImpl (MiniOzoneClusterImpl.java:lambda$waitForClusterToBeReady$0(147)) - Waiting for cluster to be ready. Got 2 of 3 DN Heartbeats.
2019-09-25 07:17:52,586 [IPC Server handler 4 on 35708] INFO  net.NetworkTopology (NetworkTopologyImpl.java:add(111)) - Added a new node: /default-rack/90159daf-3c81-4453-92e4-73076a8942a6
2019-09-25 07:17:52,586 [IPC Server handler 4 on 35708] INFO  node.SCMNodeManager (SCMNodeManager.java:register(266)) - Registered Data node : 90159daf-3c81-4453-92e4-73076a8942a6{ip: 192.168.30.10, host: pr-hdds-1569-s62bp-3040748787, networkLocation: /default-rack, certSerialId: null}
2019-09-25 07:17:52,586 [pool-577-thread-1] INFO  impl.RaftServerImpl (RaftServerImpl.java:<init>(95)) - e99140d1-99dc-4b8a-b769-82908fed16ee: new RaftServerImpl for group-865B49AB352B:[e99140d1-99dc-4b8a-b769-82908fed16ee:192.168.30.10:36618] with ContainerStateMachine:uninitialized
2019-09-25 07:17:52,586 [pool-577-thread-1] INFO  server.RaftServerConfigKeys (ConfUtils.java:logGet(43)) - raft.server.rpc.timeout.min = 5s (custom)
2019-09-25 07:17:52,586 [pool-577-thread-1] INFO  server.RaftServerConfigKeys (ConfUtils.java:logGet(43)) - raft.server.rpc.timeout.max = 5200ms (custom)
2019-09-25 07:17:52,587 [pool-577-thread-1] INFO  server.RaftServerConfigKeys (ConfUtils.java:logGet(43)) - raft.server.rpcslowness.timeout = 120s (custom)
2019-09-25 07:17:52,587 [pool-577-thread-1] INFO  server.RaftServerConfigKeys (ConfUtils.java:logGet(43)) - raft.server.sleep.deviation.threshold = 300 (default)
2019-09-25 07:17:52,587 [pool-577-thread-1] INFO  server.RaftServerConfigKeys (ConfUtils.java:logGet(43)) - raft.server.log.appender.install.snapshot.enabled = false (custom)
2019-09-25 07:17:52,587 [pool-577-thread-1] INFO  impl.RaftServerImpl (ServerState.java:<init>(103)) - e99140d1-99dc-4b8a-b769-82908fed16ee@group-865B49AB352B: ConfigurationManager, init=-1: [e99140d1-99dc-4b8a-b769-82908fed16ee:192.168.30.10:36618], old=null, confs=<EMPTY_MAP>
2019-09-25 07:17:52,587 [pool-577-thread-1] INFO  server.RaftServerConfigKeys (ConfUtils.java:logGet(43)) - raft.server.storage.dir = [/workdir/hadoop-ozone/ozonefs/target/test-dir/MiniOzoneClusterImpl-78b0c751-90b1-4f70-8119-c134e40e838a/datanode-0/data/ratis] (custom)
2019-09-25 07:17:52,588 [pool-577-thread-1] INFO  storage.RaftStorageDirectory (RaftStorageDirectory.java:analyzeStorage(246)) - The storage directory /workdir/hadoop-ozone/ozonefs/target/test-dir/MiniOzoneClusterImpl-78b0c751-90b1-4f70-8119-c134e40e838a/datanode-0/data/ratis/2b7dea2e-3980-4395-9bf6-865b49ab352b does not exist. Creating ...
2019-09-25 07:17:52,599 [pool-577-thread-1] INFO  storage.RaftStorageDirectory (RaftStorageDirectory.java:tryLock(328)) - Lock on /workdir/hadoop-ozone/ozonefs/target/test-dir/MiniOzoneClusterImpl-78b0c751-90b1-4f70-8119-c134e40e838a/datanode-0/data/ratis/2b7dea2e-3980-4395-9bf6-865b49ab352b/in_use.lock acquired by nodename 12714@pr-hdds-1569-s62bp-3040748787
2019-09-25 07:17:52,603 [pool-577-thread-1] INFO  storage.RaftStorage (RaftStorage.java:format(72)) - Storage directory /workdir/hadoop-ozone/ozonefs/target/test-dir/MiniOzoneClusterImpl-78b0c751-90b1-4f70-8119-c134e40e838a/datanode-0/data/ratis/2b7dea2e-3980-4395-9bf6-865b49ab352b has been successfully formatted.
2019-09-25 07:17:52,603 [pool-577-thread-1] INFO  ratis.ContainerStateMachine (ContainerStateMachine.java:loadSnapshot(230)) - group-865B49AB352B: The snapshot info is null. Setting the last applied indexto:(t:0, i:~)
2019-09-25 07:17:52,603 [pool-577-thread-1] INFO  server.RaftServerConfigKeys (ConfUtils.java:logGet(43)) - raft.server.notification.no-leader.timeout = 120s (custom)
2019-09-25 07:17:52,604 [pool-577-thread-1] INFO  server.RaftServerConfigKeys (ConfUtils.java:logGet(43)) - raft.server.log.use.memory = false (default)
2019-09-25 07:17:52,604 [pool-577-thread-1] INFO  server.RaftServerConfigKeys (ConfUtils.java:logGet(43)) - raft.server.log.purge.gap = 1000000 (custom)
2019-09-25 07:17:52,604 [pool-577-thread-1] INFO  server.RaftServerConfigKeys (ConfUtils.java:logGet(43)) - raft.server.log.appender.buffer.byte-limit = 33554432 (custom)
2019-09-25 07:17:52,604 [pool-577-thread-1] INFO  server.RaftServerConfigKeys (ConfUtils.java:logGet(43)) - raft.server.log.segment.size.max = 1048576 (custom)
2019-09-25 07:17:52,604 [pool-577-thread-1] INFO  server.RaftServerConfigKeys (ConfUtils.java:logGet(43)) - raft.server.log.segment.cache.num.max = 2 (custom)
2019-09-25 07:17:52,605 [pool-577-thread-1] INFO  segmented.SegmentedRaftLogWorker (SegmentedRaftLogWorker.java:<init>(172)) - new e99140d1-99dc-4b8a-b769-82908fed16ee@group-865B49AB352B-SegmentedRaftLogWorker for RaftStorage:Storage Directory /workdir/hadoop-ozone/ozonefs/target/test-dir/MiniOzoneClusterImpl-78b0c751-90b1-4f70-8119-c134e40e838a/datanode-0/data/ratis/2b7dea2e-3980-4395-9bf6-865b49ab352b
2019-09-25 07:17:52,605 [pool-577-thread-1] INFO  server.RaftServerConfigKeys (ConfUtils.java:logGet(43)) - raft.server.log.queue.byte-limit = 2147483647 (custom)
2019-09-25 07:17:52,605 [pool-577-thread-1] INFO  server.RaftServerConfigKeys (ConfUtils.java:logGet(43)) - raft.server.log.queue.element-limit = 1024 (custom)
2019-09-25 07:17:52,605 [pool-577-thread-1] INFO  server.RaftServerConfigKeys (ConfUtils.java:logGet(43)) - raft.server.log.segment.size.max = 1048576 (custom)
2019-09-25 07:17:52,605 [pool-577-thread-1] INFO  server.RaftServerConfigKeys (ConfUtils.java:logGet(43)) - raft.server.log.preallocated.size = 16384 (custom)
2019-09-25 07:17:52,605 [pool-577-thread-1] INFO  server.RaftServerConfigKeys (ConfUtils.java:logGet(43)) - raft.server.log.write.buffer.size = 33554432 (custom)
2019-09-25 07:17:52,606 [pool-577-thread-1] INFO  server.RaftServerConfigKeys (ConfUtils.java:logGet(43)) - raft.server.log.force.sync.num = 128 (default)
2019-09-25 07:17:52,606 [pool-577-thread-1] INFO  server.RaftServerConfigKeys (ConfUtils.java:logGet(43)) - raft.server.log.statemachine.data.sync = true (default)
2019-09-25 07:17:52,606 [pool-577-thread-1] INFO  server.RaftServerConfigKeys (ConfUtils.java:logGet(43)) - raft.server.log.statemachine.data.sync.timeout = 10s (default)
2019-09-25 07:17:52,606 [pool-577-thread-1] INFO  server.RaftServerConfigKeys (ConfUtils.java:logGet(43)) - raft.server.log.statemachine.data.sync.timeout.retry = -1 (default)
2019-09-25 07:17:52,606 [pool-577-thread-1] INFO  server.RaftServerConfigKeys (ConfUtils.java:logGet(43)) - raft.server.log.statemachine.data.caching.enabled = true (custom)
2019-09-25 07:17:52,607 [pool-577-thread-1] INFO  segmented.SegmentedRaftLogWorker (SegmentedRaftLogWorker.java:lambda$new$0(132)) - e99140d1-99dc-4b8a-b769-82908fed16ee@group-865B49AB352B-SegmentedRaftLogWorker: flushIndex: setUnconditionally 0 -> -1
2019-09-25 07:17:52,607 [pool-577-thread-1] INFO  server.RaftServerConfigKeys (ConfUtils.java:logGet(43)) - raft.server.snapshot.auto.trigger.enabled = true (custom)
2019-09-25 07:17:52,607 [pool-577-thread-1] INFO  server.RaftServerConfigKeys (ConfUtils.java:logGet(43)) - raft.server.snapshot.auto.trigger.threshold = 10000 (custom)
2019-09-25 07:17:52,608 [pool-577-thread-1] INFO  server.RaftServerConfigKeys (ConfUtils.java:logGet(43)) - raft.server.snapshot.retention.num.files = 5 (custom)
2019-09-25 07:17:52,608 [pool-577-thread-1] INFO  server.RaftServerConfigKeys (ConfUtils.java:logGet(43)) - raft.server.retrycache.expirytime = 600000ms (custom)
2019-09-25 07:17:52,610 [pool-577-thread-1] INFO  impl.RaftServerImpl (RaftServerImpl.java:start(185)) - e99140d1-99dc-4b8a-b769-82908fed16ee@group-865B49AB352B: start as a follower, conf=-1: [e99140d1-99dc-4b8a-b769-82908fed16ee:192.168.30.10:36618], old=null
2019-09-25 07:17:52,611 [pool-577-thread-1] INFO  impl.RaftServerImpl (RaftServerImpl.java:setRole(174)) - e99140d1-99dc-4b8a-b769-82908fed16ee@group-865B49AB352B: changes role from      null to FOLLOWER at term 0 for startAsFollower
2019-09-25 07:17:52,611 [pool-577-thread-1] INFO  impl.RoleInfo (RoleInfo.java:updateAndGet(143)) - e99140d1-99dc-4b8a-b769-82908fed16ee: start FollowerState
2019-09-25 07:17:52,611 [pool-577-thread-1] INFO  util.JmxRegister (JmxRegister.java:tryRegister(44)) - Successfully registered JMX Bean with object name Ratis:service=RaftServer,group=group-865B49AB352B,id=e99140d1-99dc-4b8a-b769-82908fed16ee
2019-09-25 07:17:52,614 [RatisPipelineUtilsThread] INFO  pipeline.PipelineStateManager (PipelineStateManager.java:addPipeline(56)) - Created pipeline Pipeline[ Id: 2b7dea2e-3980-4395-9bf6-865b49ab352b, Nodes: e99140d1-99dc-4b8a-b769-82908fed16ee{ip: 192.168.30.10, host: pr-hdds-1569-s62bp-3040748787, networkLocation: /default-rack, certSerialId: null}, Type:RATIS, Factor:ONE, State:OPEN]
2019-09-25 07:17:52,619 [grpc-default-executor-0] INFO  impl.RaftServerProxy (RaftServerProxy.java:addNew(89)) - e99140d1-99dc-4b8a-b769-82908fed16ee: addNew group-95F7334F17C7:[e99140d1-99dc-4b8a-b769-82908fed16ee:192.168.30.10:36618] returns group-95F7334F17C7:java.util.concurrent.CompletableFuture@365cd923[Not completed]
2019-09-25 07:17:52,620 [pool-577-thread-1] INFO  impl.RaftServerImpl (RaftServerImpl.java:<init>(95)) - e99140d1-99dc-4b8a-b769-82908fed16ee: new RaftServerImpl for group-95F7334F17C7:[e99140d1-99dc-4b8a-b769-82908fed16ee:192.168.30.10:36618] with ContainerStateMachine:uninitialized
2019-09-25 07:17:52,620 [pool-577-thread-1] INFO  server.RaftServerConfigKeys (ConfUtils.java:logGet(43)) - raft.server.rpc.timeout.min = 5s (custom)
2019-09-25 07:17:52,620 [pool-577-thread-1] INFO  server.RaftServerConfigKeys (ConfUtils.java:logGet(43)) - raft.server.rpc.timeout.max = 5200ms (custom)
2019-09-25 07:17:52,621 [pool-577-thread-1] INFO  server.RaftServerConfigKeys (ConfUtils.java:logGet(43)) - raft.server.rpcslowness.timeout = 120s (custom)
2019-09-25 07:17:52,621 [pool-577-thread-1] INFO  server.RaftServerConfigKeys (ConfUtils.java:logGet(43)) - raft.server.sleep.deviation.threshold = 300 (default)
2019-09-25 07:17:52,621 [pool-577-thread-1] INFO  server.RaftServerConfigKeys (ConfUtils.java:logGet(43)) - raft.server.log.appender.install.snapshot.enabled = false (custom)
2019-09-25 07:17:52,621 [pool-577-thread-1] INFO  impl.RaftServerImpl (ServerState.java:<init>(103)) - e99140d1-99dc-4b8a-b769-82908fed16ee@group-95F7334F17C7: ConfigurationManager, init=-1: [e99140d1-99dc-4b8a-b769-82908fed16ee:192.168.30.10:36618], old=null, confs=<EMPTY_MAP>
2019-09-25 07:17:52,621 [pool-577-thread-1] INFO  server.RaftServerConfigKeys (ConfUtils.java:logGet(43)) - raft.server.storage.dir = [/workdir/hadoop-ozone/ozonefs/target/test-dir/MiniOzoneClusterImpl-78b0c751-90b1-4f70-8119-c134e40e838a/datanode-0/data/ratis] (custom)
2019-09-25 07:17:52,622 [pool-577-thread-1] INFO  storage.RaftStorageDirectory (RaftStorageDirectory.java:analyzeStorage(246)) - The storage directory /workdir/hadoop-ozone/ozonefs/target/test-dir/MiniOzoneClusterImpl-78b0c751-90b1-4f70-8119-c134e40e838a/datanode-0/data/ratis/7d213846-1625-4468-ac6d-95f7334f17c7 does not exist. Creating ...
2019-09-25 07:17:52,625 [pool-577-thread-1] INFO  storage.RaftStorageDirectory (RaftStorageDirectory.java:tryLock(328)) - Lock on /workdir/hadoop-ozone/ozonefs/target/test-dir/MiniOzoneClusterImpl-78b0c751-90b1-4f70-8119-c134e40e838a/datanode-0/data/ratis/7d213846-1625-4468-ac6d-95f7334f17c7/in_use.lock acquired by nodename 12714@pr-hdds-1569-s62bp-3040748787
2019-09-25 07:17:52,630 [pool-577-thread-1] INFO  storage.RaftStorage (RaftStorage.java:format(72)) - Storage directory /workdir/hadoop-ozone/ozonefs/target/test-dir/MiniOzoneClusterImpl-78b0c751-90b1-4f70-8119-c134e40e838a/datanode-0/data/ratis/7d213846-1625-4468-ac6d-95f7334f17c7 has been successfully formatted.
2019-09-25 07:17:52,630 [pool-577-thread-1] INFO  ratis.ContainerStateMachine (ContainerStateMachine.java:loadSnapshot(230)) - group-95F7334F17C7: The snapshot info is null. Setting the last applied indexto:(t:0, i:~)
2019-09-25 07:17:52,630 [pool-577-thread-1] INFO  server.RaftServerConfigKeys (ConfUtils.java:logGet(43)) - raft.server.notification.no-leader.timeout = 120s (custom)
2019-09-25 07:17:52,630 [pool-577-thread-1] INFO  server.RaftServerConfigKeys (ConfUtils.java:logGet(43)) - raft.server.log.use.memory = false (default)
2019-09-25 07:17:52,630 [pool-577-thread-1] INFO  server.RaftServerConfigKeys (ConfUtils.java:logGet(43)) - raft.server.log.purge.gap = 1000000 (custom)
2019-09-25 07:17:52,631 [pool-577-thread-1] INFO  server.RaftServerConfigKeys (ConfUtils.java:logGet(43)) - raft.server.log.appender.buffer.byte-limit = 33554432 (custom)
2019-09-25 07:17:52,631 [pool-577-thread-1] INFO  server.RaftServerConfigKeys (ConfUtils.java:logGet(43)) - raft.server.log.segment.size.max = 1048576 (custom)
2019-09-25 07:17:52,631 [pool-577-thread-1] INFO  server.RaftServerConfigKeys (ConfUtils.java:logGet(43)) - raft.server.log.segment.cache.num.max = 2 (custom)
2019-09-25 07:17:52,631 [pool-577-thread-1] INFO  segmented.SegmentedRaftLogWorker (SegmentedRaftLogWorker.java:<init>(172)) - new e99140d1-99dc-4b8a-b769-82908fed16ee@group-95F7334F17C7-SegmentedRaftLogWorker for RaftStorage:Storage Directory /workdir/hadoop-ozone/ozonefs/target/test-dir/MiniOzoneClusterImpl-78b0c751-90b1-4f70-8119-c134e40e838a/datanode-0/data/ratis/7d213846-1625-4468-ac6d-95f7334f17c7
2019-09-25 07:17:52,631 [pool-577-thread-1] INFO  server.RaftServerConfigKeys (ConfUtils.java:logGet(43)) - raft.server.log.queue.byte-limit = 2147483647 (custom)
2019-09-25 07:17:52,631 [pool-577-thread-1] INFO  server.RaftServerConfigKeys (ConfUtils.java:logGet(43)) - raft.server.log.queue.element-limit = 1024 (custom)
2019-09-25 07:17:52,632 [pool-577-thread-1] INFO  server.RaftServerConfigKeys (ConfUtils.java:logGet(43)) - raft.server.log.segment.size.max = 1048576 (custom)
2019-09-25 07:17:52,632 [pool-577-thread-1] INFO  server.RaftServerConfigKeys (ConfUtils.java:logGet(43)) - raft.server.log.preallocated.size = 16384 (custom)
2019-09-25 07:17:52,632 [pool-577-thread-1] INFO  server.RaftServerConfigKeys (ConfUtils.java:logGet(43)) - raft.server.log.write.buffer.size = 33554432 (custom)
2019-09-25 07:17:52,632 [pool-577-thread-1] INFO  server.RaftServerConfigKeys (ConfUtils.java:logGet(43)) - raft.server.log.force.sync.num = 128 (default)
2019-09-25 07:17:52,632 [pool-577-thread-1] INFO  server.RaftServerConfigKeys (ConfUtils.java:logGet(43)) - raft.server.log.statemachine.data.sync = true (default)
2019-09-25 07:17:52,632 [pool-577-thread-1] INFO  server.RaftServerConfigKeys (ConfUtils.java:logGet(43)) - raft.server.log.statemachine.data.sync.timeout = 10s (default)
2019-09-25 07:17:52,633 [pool-577-thread-1] INFO  server.RaftServerConfigKeys (ConfUtils.java:logGet(43)) - raft.server.log.statemachine.data.sync.timeout.retry = -1 (default)
2019-09-25 07:17:52,633 [pool-577-thread-1] INFO  server.RaftServerConfigKeys (ConfUtils.java:logGet(43)) - raft.server.log.statemachine.data.caching.enabled = true (custom)
2019-09-25 07:17:52,633 [pool-577-thread-1] INFO  segmented.SegmentedRaftLogWorker (SegmentedRaftLogWorker.java:lambda$new$0(132)) - e99140d1-99dc-4b8a-b769-82908fed16ee@group-95F7334F17C7-SegmentedRaftLogWorker: flushIndex: setUnconditionally 0 -> -1
2019-09-25 07:17:52,634 [pool-577-thread-1] INFO  server.RaftServerConfigKeys (ConfUtils.java:logGet(43)) - raft.server.snapshot.auto.trigger.enabled = true (custom)
2019-09-25 07:17:52,634 [pool-577-thread-1] INFO  server.RaftServerConfigKeys (ConfUtils.java:logGet(43)) - raft.server.snapshot.auto.trigger.threshold = 10000 (custom)
2019-09-25 07:17:52,634 [pool-577-thread-1] INFO  server.RaftServerConfigKeys (ConfUtils.java:logGet(43)) - raft.server.snapshot.retention.num.files = 5 (custom)
2019-09-25 07:17:52,634 [pool-577-thread-1] INFO  server.RaftServerConfigKeys (ConfUtils.java:logGet(43)) - raft.server.retrycache.expirytime = 600000ms (custom)
2019-09-25 07:17:52,636 [pool-577-thread-1] INFO  impl.RaftServerImpl (RaftServerImpl.java:start(185)) - e99140d1-99dc-4b8a-b769-82908fed16ee@group-95F7334F17C7: start as a follower, conf=-1: [e99140d1-99dc-4b8a-b769-82908fed16ee:192.168.30.10:36618], old=null
2019-09-25 07:17:52,636 [pool-577-thread-1] INFO  impl.RaftServerImpl (RaftServerImpl.java:setRole(174)) - e99140d1-99dc-4b8a-b769-82908fed16ee@group-95F7334F17C7: changes role from      null to FOLLOWER at term 0 for startAsFollower
2019-09-25 07:17:52,636 [pool-577-thread-1] INFO  impl.RoleInfo (RoleInfo.java:updateAndGet(143)) - e99140d1-99dc-4b8a-b769-82908fed16ee: start FollowerState
2019-09-25 07:17:52,637 [pool-577-thread-1] INFO  util.JmxRegister (JmxRegister.java:tryRegister(44)) - Successfully registered JMX Bean with object name Ratis:service=RaftServer,group=group-95F7334F17C7,id=e99140d1-99dc-4b8a-b769-82908fed16ee
2019-09-25 07:17:52,640 [RatisPipelineUtilsThread] INFO  pipeline.PipelineStateManager (PipelineStateManager.java:addPipeline(56)) - Created pipeline Pipeline[ Id: 7d213846-1625-4468-ac6d-95f7334f17c7, Nodes: e99140d1-99dc-4b8a-b769-82908fed16ee{ip: 192.168.30.10, host: pr-hdds-1569-s62bp-3040748787, networkLocation: /default-rack, certSerialId: null}, Type:RATIS, Factor:ONE, State:OPEN]
2019-09-25 07:17:52,644 [grpc-default-executor-0] INFO  impl.RaftServerProxy (RaftServerProxy.java:addNew(89)) - e99140d1-99dc-4b8a-b769-82908fed16ee: addNew group-9A7320B9DCA5:[e99140d1-99dc-4b8a-b769-82908fed16ee:192.168.30.10:36618] returns group-9A7320B9DCA5:java.util.concurrent.CompletableFuture@6a2fe194[Not completed]
2019-09-25 07:17:52,645 [pool-577-thread-1] INFO  impl.RaftServerImpl (RaftServerImpl.java:<init>(95)) - e99140d1-99dc-4b8a-b769-82908fed16ee: new RaftServerImpl for group-9A7320B9DCA5:[e99140d1-99dc-4b8a-b769-82908fed16ee:192.168.30.10:36618] with ContainerStateMachine:uninitialized
2019-09-25 07:17:52,645 [pool-577-thread-1] INFO  server.RaftServerConfigKeys (ConfUtils.java:logGet(43)) - raft.server.rpc.timeout.min = 5s (custom)
2019-09-25 07:17:52,646 [pool-577-thread-1] INFO  server.RaftServerConfigKeys (ConfUtils.java:logGet(43)) - raft.server.rpc.timeout.max = 5200ms (custom)
2019-09-25 07:17:52,646 [pool-577-thread-1] INFO  server.RaftServerConfigKeys (ConfUtils.java:logGet(43)) - raft.server.rpcslowness.timeout = 120s (custom)
2019-09-25 07:17:52,646 [pool-577-thread-1] INFO  server.RaftServerConfigKeys (ConfUtils.java:logGet(43)) - raft.server.sleep.deviation.threshold = 300 (default)
2019-09-25 07:17:52,646 [pool-577-thread-1] INFO  server.RaftServerConfigKeys (ConfUtils.java:logGet(43)) - raft.server.log.appender.install.snapshot.enabled = false (custom)
2019-09-25 07:17:52,646 [pool-577-thread-1] INFO  impl.RaftServerImpl (ServerState.java:<init>(103)) - e99140d1-99dc-4b8a-b769-82908fed16ee@group-9A7320B9DCA5: ConfigurationManager, init=-1: [e99140d1-99dc-4b8a-b769-82908fed16ee:192.168.30.10:36618], old=null, confs=<EMPTY_MAP>
2019-09-25 07:17:52,646 [pool-577-thread-1] INFO  server.RaftServerConfigKeys (ConfUtils.java:logGet(43)) - raft.server.storage.dir = [/workdir/hadoop-ozone/ozonefs/target/test-dir/MiniOzoneClusterImpl-78b0c751-90b1-4f70-8119-c134e40e838a/datanode-0/data/ratis] (custom)
2019-09-25 07:17:52,647 [pool-577-thread-1] INFO  storage.RaftStorageDirectory (RaftStorageDirectory.java:analyzeStorage(246)) - The storage directory /workdir/hadoop-ozone/ozonefs/target/test-dir/MiniOzoneClusterImpl-78b0c751-90b1-4f70-8119-c134e40e838a/datanode-0/data/ratis/3c94eac0-6cbb-4a38-bd7c-9a7320b9dca5 does not exist. Creating ...
2019-09-25 07:17:52,658 [pool-577-thread-1] INFO  storage.RaftStorageDirectory (RaftStorageDirectory.java:tryLock(328)) - Lock on /workdir/hadoop-ozone/ozonefs/target/test-dir/MiniOzoneClusterImpl-78b0c751-90b1-4f70-8119-c134e40e838a/datanode-0/data/ratis/3c94eac0-6cbb-4a38-bd7c-9a7320b9dca5/in_use.lock acquired by nodename 12714@pr-hdds-1569-s62bp-3040748787
2019-09-25 07:17:52,669 [pool-577-thread-1] INFO  storage.RaftStorage (RaftStorage.java:format(72)) - Storage directory /workdir/hadoop-ozone/ozonefs/target/test-dir/MiniOzoneClusterImpl-78b0c751-90b1-4f70-8119-c134e40e838a/datanode-0/data/ratis/3c94eac0-6cbb-4a38-bd7c-9a7320b9dca5 has been successfully formatted.
2019-09-25 07:17:52,669 [pool-577-thread-1] INFO  ratis.ContainerStateMachine (ContainerStateMachine.java:loadSnapshot(230)) - group-9A7320B9DCA5: The snapshot info is null. Setting the last applied indexto:(t:0, i:~)
2019-09-25 07:17:52,670 [pool-577-thread-1] INFO  server.RaftServerConfigKeys (ConfUtils.java:logGet(43)) - raft.server.notification.no-leader.timeout = 120s (custom)
2019-09-25 07:17:52,670 [pool-577-thread-1] INFO  server.RaftServerConfigKeys (ConfUtils.java:logGet(43)) - raft.server.log.use.memory = false (default)
2019-09-25 07:17:52,670 [pool-577-thread-1] INFO  server.RaftServerConfigKeys (ConfUtils.java:logGet(43)) - raft.server.log.purge.gap = 1000000 (custom)
2019-09-25 07:17:52,670 [pool-577-thread-1] INFO  server.RaftServerConfigKeys (ConfUtils.java:logGet(43)) - raft.server.log.appender.buffer.byte-limit = 33554432 (custom)
2019-09-25 07:17:52,670 [pool-577-thread-1] INFO  server.RaftServerConfigKeys (ConfUtils.java:logGet(43)) - raft.server.log.segment.size.max = 1048576 (custom)
2019-09-25 07:17:52,670 [pool-577-thread-1] INFO  server.RaftServerConfigKeys (ConfUtils.java:logGet(43)) - raft.server.log.segment.cache.num.max = 2 (custom)
2019-09-25 07:17:52,670 [pool-577-thread-1] INFO  segmented.SegmentedRaftLogWorker (SegmentedRaftLogWorker.java:<init>(172)) - new e99140d1-99dc-4b8a-b769-82908fed16ee@group-9A7320B9DCA5-SegmentedRaftLogWorker for RaftStorage:Storage Directory /workdir/hadoop-ozone/ozonefs/target/test-dir/MiniOzoneClusterImpl-78b0c751-90b1-4f70-8119-c134e40e838a/datanode-0/data/ratis/3c94eac0-6cbb-4a38-bd7c-9a7320b9dca5
2019-09-25 07:17:52,670 [pool-577-thread-1] INFO  server.RaftServerConfigKeys (ConfUtils.java:logGet(43)) - raft.server.log.queue.byte-limit = 2147483647 (custom)
2019-09-25 07:17:52,670 [pool-577-thread-1] INFO  server.RaftServerConfigKeys (ConfUtils.java:logGet(43)) - raft.server.log.queue.element-limit = 1024 (custom)
2019-09-25 07:17:52,671 [pool-577-thread-1] INFO  server.RaftServerConfigKeys (ConfUtils.java:logGet(43)) - raft.server.log.segment.size.max = 1048576 (custom)
2019-09-25 07:17:52,671 [pool-577-thread-1] INFO  server.RaftServerConfigKeys (ConfUtils.java:logGet(43)) - raft.server.log.preallocated.size = 16384 (custom)
2019-09-25 07:17:52,671 [pool-577-thread-1] INFO  server.RaftServerConfigKeys (ConfUtils.java:logGet(43)) - raft.server.log.write.buffer.size = 33554432 (custom)
2019-09-25 07:17:52,671 [pool-577-thread-1] INFO  server.RaftServerConfigKeys (ConfUtils.java:logGet(43)) - raft.server.log.force.sync.num = 128 (default)
2019-09-25 07:17:52,671 [pool-577-thread-1] INFO  server.RaftServerConfigKeys (ConfUtils.java:logGet(43)) - raft.server.log.statemachine.data.sync = true (default)
2019-09-25 07:17:52,671 [pool-577-thread-1] INFO  server.RaftServerConfigKeys (ConfUtils.java:logGet(43)) - raft.server.log.statemachine.data.sync.timeout = 10s (default)
2019-09-25 07:17:52,671 [pool-577-thread-1] INFO  server.RaftServerConfigKeys (ConfUtils.java:logGet(43)) - raft.server.log.statemachine.data.sync.timeout.retry = -1 (default)
2019-09-25 07:17:52,671 [pool-577-thread-1] INFO  server.RaftServerConfigKeys (ConfUtils.java:logGet(43)) - raft.server.log.statemachine.data.caching.enabled = true (custom)
2019-09-25 07:17:52,672 [pool-577-thread-1] INFO  segmented.SegmentedRaftLogWorker (SegmentedRaftLogWorker.java:lambda$new$0(132)) - e99140d1-99dc-4b8a-b769-82908fed16ee@group-9A7320B9DCA5-SegmentedRaftLogWorker: flushIndex: setUnconditionally 0 -> -1
2019-09-25 07:17:52,672 [pool-577-thread-1] INFO  server.RaftServerConfigKeys (ConfUtils.java:logGet(43)) - raft.server.snapshot.auto.trigger.enabled = true (custom)
2019-09-25 07:17:52,672 [pool-577-thread-1] INFO  server.RaftServerConfigKeys (ConfUtils.java:logGet(43)) - raft.server.snapshot.auto.trigger.threshold = 10000 (custom)
2019-09-25 07:17:52,672 [pool-577-thread-1] INFO  server.RaftServerConfigKeys (ConfUtils.java:logGet(43)) - raft.server.snapshot.retention.num.files = 5 (custom)
2019-09-25 07:17:52,672 [pool-577-thread-1] INFO  server.RaftServerConfigKeys (ConfUtils.java:logGet(43)) - raft.server.retrycache.expirytime = 600000ms (custom)
2019-09-25 07:17:52,673 [pool-577-thread-1] INFO  impl.RaftServerImpl (RaftServerImpl.java:start(185)) - e99140d1-99dc-4b8a-b769-82908fed16ee@group-9A7320B9DCA5: start as a follower, conf=-1: [e99140d1-99dc-4b8a-b769-82908fed16ee:192.168.30.10:36618], old=null
2019-09-25 07:17:52,674 [pool-577-thread-1] INFO  impl.RaftServerImpl (RaftServerImpl.java:setRole(174)) - e99140d1-99dc-4b8a-b769-82908fed16ee@group-9A7320B9DCA5: changes role from      null to FOLLOWER at term 0 for startAsFollower
2019-09-25 07:17:52,674 [pool-577-thread-1] INFO  impl.RoleInfo (RoleInfo.java:updateAndGet(143)) - e99140d1-99dc-4b8a-b769-82908fed16ee: start FollowerState
2019-09-25 07:17:52,674 [pool-577-thread-1] INFO  util.JmxRegister (JmxRegister.java:tryRegister(44)) - Successfully registered JMX Bean with object name Ratis:service=RaftServer,group=group-9A7320B9DCA5,id=e99140d1-99dc-4b8a-b769-82908fed16ee
2019-09-25 07:17:52,676 [RatisPipelineUtilsThread] INFO  pipeline.PipelineStateManager (PipelineStateManager.java:addPipeline(56)) - Created pipeline Pipeline[ Id: 3c94eac0-6cbb-4a38-bd7c-9a7320b9dca5, Nodes: e99140d1-99dc-4b8a-b769-82908fed16ee{ip: 192.168.30.10, host: pr-hdds-1569-s62bp-3040748787, networkLocation: /default-rack, certSerialId: null}, Type:RATIS, Factor:ONE, State:OPEN]
2019-09-25 07:17:52,676 [RatisPipelineUtilsThread] INFO  pipeline.PipelinePlacementPolicy (PipelinePlacementPolicy.java:meetCriteria(91)) - Pipeline Placement: Doesn't meet the criteria to be viable node： e99140d1-99dc-4b8a-b769-82908fed16ee Heaviness: 6 limit: 5
2019-09-25 07:17:52,680 [grpc-default-executor-0] INFO  impl.RaftServerProxy (RaftServerProxy.java:addNew(89)) - fff08b05-7b9b-4778-997a-3a1197d0a18b: addNew group-4E68EEB26FE5:[fff08b05-7b9b-4778-997a-3a1197d0a18b:192.168.30.10:38557] returns group-4E68EEB26FE5:java.util.concurrent.CompletableFuture@74ba32c6[Not completed]
2019-09-25 07:17:52,681 [pool-587-thread-1] INFO  impl.RaftServerImpl (RaftServerImpl.java:<init>(95)) - fff08b05-7b9b-4778-997a-3a1197d0a18b: new RaftServerImpl for group-4E68EEB26FE5:[fff08b05-7b9b-4778-997a-3a1197d0a18b:192.168.30.10:38557] with ContainerStateMachine:uninitialized
2019-09-25 07:17:52,681 [pool-587-thread-1] INFO  server.RaftServerConfigKeys (ConfUtils.java:logGet(43)) - raft.server.rpc.timeout.min = 5s (custom)
2019-09-25 07:17:52,681 [pool-587-thread-1] INFO  server.RaftServerConfigKeys (ConfUtils.java:logGet(43)) - raft.server.rpc.timeout.max = 5200ms (custom)
2019-09-25 07:17:52,681 [pool-587-thread-1] INFO  server.RaftServerConfigKeys (ConfUtils.java:logGet(43)) - raft.server.rpcslowness.timeout = 120s (custom)
2019-09-25 07:17:52,681 [pool-587-thread-1] INFO  server.RaftServerConfigKeys (ConfUtils.java:logGet(43)) - raft.server.sleep.deviation.threshold = 300 (default)
2019-09-25 07:17:52,681 [pool-587-thread-1] INFO  server.RaftServerConfigKeys (ConfUtils.java:logGet(43)) - raft.server.log.appender.install.snapshot.enabled = false (custom)
2019-09-25 07:17:52,681 [pool-587-thread-1] INFO  impl.RaftServerImpl (ServerState.java:<init>(103)) - fff08b05-7b9b-4778-997a-3a1197d0a18b@group-4E68EEB26FE5: ConfigurationManager, init=-1: [fff08b05-7b9b-4778-997a-3a1197d0a18b:192.168.30.10:38557], old=null, confs=<EMPTY_MAP>
2019-09-25 07:17:52,681 [pool-587-thread-1] INFO  server.RaftServerConfigKeys (ConfUtils.java:logGet(43)) - raft.server.storage.dir = [/workdir/hadoop-ozone/ozonefs/target/test-dir/MiniOzoneClusterImpl-78b0c751-90b1-4f70-8119-c134e40e838a/datanode-1/data/ratis] (custom)
2019-09-25 07:17:52,682 [pool-587-thread-1] INFO  storage.RaftStorageDirectory (RaftStorageDirectory.java:analyzeStorage(246)) - The storage directory /workdir/hadoop-ozone/ozonefs/target/test-dir/MiniOzoneClusterImpl-78b0c751-90b1-4f70-8119-c134e40e838a/datanode-1/data/ratis/7a234c7d-1cf2-4854-97db-4e68eeb26fe5 does not exist. Creating ...
2019-09-25 07:17:52,693 [pool-587-thread-1] INFO  storage.RaftStorageDirectory (RaftStorageDirectory.java:tryLock(328)) - Lock on /workdir/hadoop-ozone/ozonefs/target/test-dir/MiniOzoneClusterImpl-78b0c751-90b1-4f70-8119-c134e40e838a/datanode-1/data/ratis/7a234c7d-1cf2-4854-97db-4e68eeb26fe5/in_use.lock acquired by nodename 12714@pr-hdds-1569-s62bp-3040748787
2019-09-25 07:17:52,703 [pool-587-thread-1] INFO  storage.RaftStorage (RaftStorage.java:format(72)) - Storage directory /workdir/hadoop-ozone/ozonefs/target/test-dir/MiniOzoneClusterImpl-78b0c751-90b1-4f70-8119-c134e40e838a/datanode-1/data/ratis/7a234c7d-1cf2-4854-97db-4e68eeb26fe5 has been successfully formatted.
2019-09-25 07:17:52,704 [pool-587-thread-1] INFO  ratis.ContainerStateMachine (ContainerStateMachine.java:loadSnapshot(230)) - group-4E68EEB26FE5: The snapshot info is null. Setting the last applied indexto:(t:0, i:~)
2019-09-25 07:17:52,704 [pool-587-thread-1] INFO  server.RaftServerConfigKeys (ConfUtils.java:logGet(43)) - raft.server.notification.no-leader.timeout = 120s (custom)
2019-09-25 07:17:52,704 [pool-587-thread-1] INFO  server.RaftServerConfigKeys (ConfUtils.java:logGet(43)) - raft.server.log.use.memory = false (default)
2019-09-25 07:17:52,704 [pool-587-thread-1] INFO  server.RaftServerConfigKeys (ConfUtils.java:logGet(43)) - raft.server.log.purge.gap = 1000000 (custom)
2019-09-25 07:17:52,704 [pool-587-thread-1] INFO  server.RaftServerConfigKeys (ConfUtils.java:logGet(43)) - raft.server.log.appender.buffer.byte-limit = 33554432 (custom)
2019-09-25 07:17:52,704 [pool-587-thread-1] INFO  server.RaftServerConfigKeys (ConfUtils.java:logGet(43)) - raft.server.log.segment.size.max = 1048576 (custom)
2019-09-25 07:17:52,704 [pool-587-thread-1] INFO  server.RaftServerConfigKeys (ConfUtils.java:logGet(43)) - raft.server.log.segment.cache.num.max = 2 (custom)
2019-09-25 07:17:52,704 [pool-587-thread-1] INFO  segmented.SegmentedRaftLogWorker (SegmentedRaftLogWorker.java:<init>(172)) - new fff08b05-7b9b-4778-997a-3a1197d0a18b@group-4E68EEB26FE5-SegmentedRaftLogWorker for RaftStorage:Storage Directory /workdir/hadoop-ozone/ozonefs/target/test-dir/MiniOzoneClusterImpl-78b0c751-90b1-4f70-8119-c134e40e838a/datanode-1/data/ratis/7a234c7d-1cf2-4854-97db-4e68eeb26fe5
2019-09-25 07:17:52,704 [pool-587-thread-1] INFO  server.RaftServerConfigKeys (ConfUtils.java:logGet(43)) - raft.server.log.queue.byte-limit = 2147483647 (custom)
2019-09-25 07:17:52,705 [pool-587-thread-1] INFO  server.RaftServerConfigKeys (ConfUtils.java:logGet(43)) - raft.server.log.queue.element-limit = 1024 (custom)
2019-09-25 07:17:52,705 [pool-587-thread-1] INFO  server.RaftServerConfigKeys (ConfUtils.java:logGet(43)) - raft.server.log.segment.size.max = 1048576 (custom)
2019-09-25 07:17:52,705 [pool-587-thread-1] INFO  server.RaftServerConfigKeys (ConfUtils.java:logGet(43)) - raft.server.log.preallocated.size = 16384 (custom)
2019-09-25 07:17:52,705 [pool-587-thread-1] INFO  server.RaftServerConfigKeys (ConfUtils.java:logGet(43)) - raft.server.log.write.buffer.size = 33554432 (custom)
2019-09-25 07:17:52,705 [pool-587-thread-1] INFO  server.RaftServerConfigKeys (ConfUtils.java:logGet(43)) - raft.server.log.force.sync.num = 128 (default)
2019-09-25 07:17:52,705 [pool-587-thread-1] INFO  server.RaftServerConfigKeys (ConfUtils.java:logGet(43)) - raft.server.log.statemachine.data.sync = true (default)
2019-09-25 07:17:52,705 [pool-587-thread-1] INFO  server.RaftServerConfigKeys (ConfUtils.java:logGet(43)) - raft.server.log.statemachine.data.sync.timeout = 10s (default)
2019-09-25 07:17:52,705 [pool-587-thread-1] INFO  server.RaftServerConfigKeys (ConfUtils.java:logGet(43)) - raft.server.log.statemachine.data.sync.timeout.retry = -1 (default)
2019-09-25 07:17:52,705 [pool-587-thread-1] INFO  server.RaftServerConfigKeys (ConfUtils.java:logGet(43)) - raft.server.log.statemachine.data.caching.enabled = true (custom)
2019-09-25 07:17:52,705 [pool-587-thread-1] INFO  segmented.SegmentedRaftLogWorker (SegmentedRaftLogWorker.java:lambda$new$0(132)) - fff08b05-7b9b-4778-997a-3a1197d0a18b@group-4E68EEB26FE5-SegmentedRaftLogWorker: flushIndex: setUnconditionally 0 -> -1
2019-09-25 07:17:52,706 [pool-587-thread-1] INFO  server.RaftServerConfigKeys (ConfUtils.java:logGet(43)) - raft.server.snapshot.auto.trigger.enabled = true (custom)
2019-09-25 07:17:52,706 [pool-587-thread-1] INFO  server.RaftServerConfigKeys (ConfUtils.java:logGet(43)) - raft.server.snapshot.auto.trigger.threshold = 10000 (custom)
2019-09-25 07:17:52,706 [pool-587-thread-1] INFO  server.RaftServerConfigKeys (ConfUtils.java:logGet(43)) - raft.server.snapshot.retention.num.files = 5 (custom)
2019-09-25 07:17:52,706 [pool-587-thread-1] INFO  server.RaftServerConfigKeys (ConfUtils.java:logGet(43)) - raft.server.retrycache.expirytime = 600000ms (custom)
2019-09-25 07:17:52,707 [pool-587-thread-1] INFO  impl.RaftServerImpl (RaftServerImpl.java:start(185)) - fff08b05-7b9b-4778-997a-3a1197d0a18b@group-4E68EEB26FE5: start as a follower, conf=-1: [fff08b05-7b9b-4778-997a-3a1197d0a18b:192.168.30.10:38557], old=null
2019-09-25 07:17:52,707 [pool-587-thread-1] INFO  impl.RaftServerImpl (RaftServerImpl.java:setRole(174)) - fff08b05-7b9b-4778-997a-3a1197d0a18b@group-4E68EEB26FE5: changes role from      null to FOLLOWER at term 0 for startAsFollower
2019-09-25 07:17:52,707 [pool-587-thread-1] INFO  impl.RoleInfo (RoleInfo.java:updateAndGet(143)) - fff08b05-7b9b-4778-997a-3a1197d0a18b: start FollowerState
2019-09-25 07:17:52,708 [pool-587-thread-1] INFO  util.JmxRegister (JmxRegister.java:tryRegister(44)) - Successfully registered JMX Bean with object name Ratis:service=RaftServer,group=group-4E68EEB26FE5,id=fff08b05-7b9b-4778-997a-3a1197d0a18b
2019-09-25 07:17:52,710 [RatisPipelineUtilsThread] INFO  pipeline.PipelineStateManager (PipelineStateManager.java:addPipeline(56)) - Created pipeline Pipeline[ Id: 7a234c7d-1cf2-4854-97db-4e68eeb26fe5, Nodes: fff08b05-7b9b-4778-997a-3a1197d0a18b{ip: 192.168.30.10, host: pr-hdds-1569-s62bp-3040748787, networkLocation: /default-rack, certSerialId: null}, Type:RATIS, Factor:ONE, State:OPEN]
2019-09-25 07:17:52,710 [RatisPipelineUtilsThread] INFO  pipeline.PipelinePlacementPolicy (PipelinePlacementPolicy.java:meetCriteria(91)) - Pipeline Placement: Doesn't meet the criteria to be viable node： e99140d1-99dc-4b8a-b769-82908fed16ee Heaviness: 6 limit: 5
2019-09-25 07:17:52,714 [grpc-default-executor-0] INFO  impl.RaftServerProxy (RaftServerProxy.java:addNew(89)) - fff08b05-7b9b-4778-997a-3a1197d0a18b: addNew group-34E4131D072B:[fff08b05-7b9b-4778-997a-3a1197d0a18b:192.168.30.10:38557] returns group-34E4131D072B:java.util.concurrent.CompletableFuture@32064b8a[Not completed]
2019-09-25 07:17:52,714 [pool-587-thread-1] INFO  impl.RaftServerImpl (RaftServerImpl.java:<init>(95)) - fff08b05-7b9b-4778-997a-3a1197d0a18b: new RaftServerImpl for group-34E4131D072B:[fff08b05-7b9b-4778-997a-3a1197d0a18b:192.168.30.10:38557] with ContainerStateMachine:uninitialized
2019-09-25 07:17:52,714 [pool-587-thread-1] INFO  server.RaftServerConfigKeys (ConfUtils.java:logGet(43)) - raft.server.rpc.timeout.min = 5s (custom)
2019-09-25 07:17:52,715 [pool-587-thread-1] INFO  server.RaftServerConfigKeys (ConfUtils.java:logGet(43)) - raft.server.rpc.timeout.max = 5200ms (custom)
2019-09-25 07:17:52,715 [pool-587-thread-1] INFO  server.RaftServerConfigKeys (ConfUtils.java:logGet(43)) - raft.server.rpcslowness.timeout = 120s (custom)
2019-09-25 07:17:52,715 [pool-587-thread-1] INFO  server.RaftServerConfigKeys (ConfUtils.java:logGet(43)) - raft.server.sleep.deviation.threshold = 300 (default)
2019-09-25 07:17:52,715 [pool-587-thread-1] INFO  server.RaftServerConfigKeys (ConfUtils.java:logGet(43)) - raft.server.log.appender.install.snapshot.enabled = false (custom)
2019-09-25 07:17:52,715 [pool-587-thread-1] INFO  impl.RaftServerImpl (ServerState.java:<init>(103)) - fff08b05-7b9b-4778-997a-3a1197d0a18b@group-34E4131D072B: ConfigurationManager, init=-1: [fff08b05-7b9b-4778-997a-3a1197d0a18b:192.168.30.10:38557], old=null, confs=<EMPTY_MAP>
2019-09-25 07:17:52,715 [pool-587-thread-1] INFO  server.RaftServerConfigKeys (ConfUtils.java:logGet(43)) - raft.server.storage.dir = [/workdir/hadoop-ozone/ozonefs/target/test-dir/MiniOzoneClusterImpl-78b0c751-90b1-4f70-8119-c134e40e838a/datanode-1/data/ratis] (custom)
2019-09-25 07:17:52,715 [pool-587-thread-1] INFO  storage.RaftStorageDirectory (RaftStorageDirectory.java:analyzeStorage(246)) - The storage directory /workdir/hadoop-ozone/ozonefs/target/test-dir/MiniOzoneClusterImpl-78b0c751-90b1-4f70-8119-c134e40e838a/datanode-1/data/ratis/b0bd3aa2-f71d-459c-9892-34e4131d072b does not exist. Creating ...
2019-09-25 07:17:52,728 [pool-587-thread-1] INFO  storage.RaftStorageDirectory (RaftStorageDirectory.java:tryLock(328)) - Lock on /workdir/hadoop-ozone/ozonefs/target/test-dir/MiniOzoneClusterImpl-78b0c751-90b1-4f70-8119-c134e40e838a/datanode-1/data/ratis/b0bd3aa2-f71d-459c-9892-34e4131d072b/in_use.lock acquired by nodename 12714@pr-hdds-1569-s62bp-3040748787
2019-09-25 07:17:52,741 [pool-587-thread-1] INFO  storage.RaftStorage (RaftStorage.java:format(72)) - Storage directory /workdir/hadoop-ozone/ozonefs/target/test-dir/MiniOzoneClusterImpl-78b0c751-90b1-4f70-8119-c134e40e838a/datanode-1/data/ratis/b0bd3aa2-f71d-459c-9892-34e4131d072b has been successfully formatted.
2019-09-25 07:17:52,741 [pool-587-thread-1] INFO  ratis.ContainerStateMachine (ContainerStateMachine.java:loadSnapshot(230)) - group-34E4131D072B: The snapshot info is null. Setting the last applied indexto:(t:0, i:~)
2019-09-25 07:17:52,741 [pool-587-thread-1] INFO  server.RaftServerConfigKeys (ConfUtils.java:logGet(43)) - raft.server.notification.no-leader.timeout = 120s (custom)
2019-09-25 07:17:52,741 [pool-587-thread-1] INFO  server.RaftServerConfigKeys (ConfUtils.java:logGet(43)) - raft.server.log.use.memory = false (default)
2019-09-25 07:17:52,741 [pool-587-thread-1] INFO  server.RaftServerConfigKeys (ConfUtils.java:logGet(43)) - raft.server.log.purge.gap = 1000000 (custom)
2019-09-25 07:17:52,741 [pool-587-thread-1] INFO  server.RaftServerConfigKeys (ConfUtils.java:logGet(43)) - raft.server.log.appender.buffer.byte-limit = 33554432 (custom)
2019-09-25 07:17:52,741 [pool-587-thread-1] INFO  server.RaftServerConfigKeys (ConfUtils.java:logGet(43)) - raft.server.log.segment.size.max = 1048576 (custom)
2019-09-25 07:17:52,741 [pool-587-thread-1] INFO  server.RaftServerConfigKeys (ConfUtils.java:logGet(43)) - raft.server.log.segment.cache.num.max = 2 (custom)
2019-09-25 07:17:52,742 [pool-587-thread-1] INFO  segmented.SegmentedRaftLogWorker (SegmentedRaftLogWorker.java:<init>(172)) - new fff08b05-7b9b-4778-997a-3a1197d0a18b@group-34E4131D072B-SegmentedRaftLogWorker for RaftStorage:Storage Directory /workdir/hadoop-ozone/ozonefs/target/test-dir/MiniOzoneClusterImpl-78b0c751-90b1-4f70-8119-c134e40e838a/datanode-1/data/ratis/b0bd3aa2-f71d-459c-9892-34e4131d072b
2019-09-25 07:17:52,742 [pool-587-thread-1] INFO  server.RaftServerConfigKeys (ConfUtils.java:logGet(43)) - raft.server.log.queue.byte-limit = 2147483647 (custom)
2019-09-25 07:17:52,742 [pool-587-thread-1] INFO  server.RaftServerConfigKeys (ConfUtils.java:logGet(43)) - raft.server.log.queue.element-limit = 1024 (custom)
2019-09-25 07:17:52,742 [pool-587-thread-1] INFO  server.RaftServerConfigKeys (ConfUtils.java:logGet(43)) - raft.server.log.segment.size.max = 1048576 (custom)
2019-09-25 07:17:52,742 [pool-587-thread-1] INFO  server.RaftServerConfigKeys (ConfUtils.java:logGet(43)) - raft.server.log.preallocated.size = 16384 (custom)
2019-09-25 07:17:52,742 [pool-587-thread-1] INFO  server.RaftServerConfigKeys (ConfUtils.java:logGet(43)) - raft.server.log.write.buffer.size = 33554432 (custom)
2019-09-25 07:17:52,742 [pool-587-thread-1] INFO  server.RaftServerConfigKeys (ConfUtils.java:logGet(43)) - raft.server.log.force.sync.num = 128 (default)
2019-09-25 07:17:52,742 [pool-587-thread-1] INFO  server.RaftServerConfigKeys (ConfUtils.java:logGet(43)) - raft.server.log.statemachine.data.sync = true (default)
2019-09-25 07:17:52,742 [pool-587-thread-1] INFO  server.RaftServerConfigKeys (ConfUtils.java:logGet(43)) - raft.server.log.statemachine.data.sync.timeout = 10s (default)
2019-09-25 07:17:52,742 [pool-587-thread-1] INFO  server.RaftServerConfigKeys (ConfUtils.java:logGet(43)) - raft.server.log.statemachine.data.sync.timeout.retry = -1 (default)
2019-09-25 07:17:52,742 [pool-587-thread-1] INFO  server.RaftServerConfigKeys (ConfUtils.java:logGet(43)) - raft.server.log.statemachine.data.caching.enabled = true (custom)
2019-09-25 07:17:52,743 [pool-587-thread-1] INFO  segmented.SegmentedRaftLogWorker (SegmentedRaftLogWorker.java:lambda$new$0(132)) - fff08b05-7b9b-4778-997a-3a1197d0a18b@group-34E4131D072B-SegmentedRaftLogWorker: flushIndex: setUnconditionally 0 -> -1
2019-09-25 07:17:52,743 [pool-587-thread-1] INFO  server.RaftServerConfigKeys (ConfUtils.java:logGet(43)) - raft.server.snapshot.auto.trigger.enabled = true (custom)
2019-09-25 07:17:52,743 [pool-587-thread-1] INFO  server.RaftServerConfigKeys (ConfUtils.java:logGet(43)) - raft.server.snapshot.auto.trigger.threshold = 10000 (custom)
2019-09-25 07:17:52,743 [pool-587-thread-1] INFO  server.RaftServerConfigKeys (ConfUtils.java:logGet(43)) - raft.server.snapshot.retention.num.files = 5 (custom)
2019-09-25 07:17:52,743 [pool-587-thread-1] INFO  server.RaftServerConfigKeys (ConfUtils.java:logGet(43)) - raft.server.retrycache.expirytime = 600000ms (custom)
2019-09-25 07:17:52,744 [pool-587-thread-1] INFO  impl.RaftServerImpl (RaftServerImpl.java:start(185)) - fff08b05-7b9b-4778-997a-3a1197d0a18b@group-34E4131D072B: start as a follower, conf=-1: [fff08b05-7b9b-4778-997a-3a1197d0a18b:192.168.30.10:38557], old=null
2019-09-25 07:17:52,744 [pool-587-thread-1] INFO  impl.RaftServerImpl (RaftServerImpl.java:setRole(174)) - fff08b05-7b9b-4778-997a-3a1197d0a18b@group-34E4131D072B: changes role from      null to FOLLOWER at term 0 for startAsFollower
2019-09-25 07:17:52,744 [pool-587-thread-1] INFO  impl.RoleInfo (RoleInfo.java:updateAndGet(143)) - fff08b05-7b9b-4778-997a-3a1197d0a18b: start FollowerState
2019-09-25 07:17:52,745 [pool-587-thread-1] INFO  util.JmxRegister (JmxRegister.java:tryRegister(44)) - Successfully registered JMX Bean with object name Ratis:service=RaftServer,group=group-34E4131D072B,id=fff08b05-7b9b-4778-997a-3a1197d0a18b
2019-09-25 07:17:52,747 [RatisPipelineUtilsThread] INFO  pipeline.PipelineStateManager (PipelineStateManager.java:addPipeline(56)) - Created pipeline Pipeline[ Id: b0bd3aa2-f71d-459c-9892-34e4131d072b, Nodes: fff08b05-7b9b-4778-997a-3a1197d0a18b{ip: 192.168.30.10, host: pr-hdds-1569-s62bp-3040748787, networkLocation: /default-rack, certSerialId: null}, Type:RATIS, Factor:ONE, State:OPEN]
2019-09-25 07:17:52,747 [RatisPipelineUtilsThread] INFO  pipeline.PipelinePlacementPolicy (PipelinePlacementPolicy.java:meetCriteria(91)) - Pipeline Placement: Doesn't meet the criteria to be viable node： e99140d1-99dc-4b8a-b769-82908fed16ee Heaviness: 6 limit: 5
2019-09-25 07:17:52,751 [grpc-default-executor-0] INFO  impl.RaftServerProxy (RaftServerProxy.java:addNew(89)) - fff08b05-7b9b-4778-997a-3a1197d0a18b: addNew group-7B9AF062645E:[fff08b05-7b9b-4778-997a-3a1197d0a18b:192.168.30.10:38557] returns group-7B9AF062645E:java.util.concurrent.CompletableFuture@483a2e29[Not completed]
2019-09-25 07:17:52,752 [pool-587-thread-1] INFO  impl.RaftServerImpl (RaftServerImpl.java:<init>(95)) - fff08b05-7b9b-4778-997a-3a1197d0a18b: new RaftServerImpl for group-7B9AF062645E:[fff08b05-7b9b-4778-997a-3a1197d0a18b:192.168.30.10:38557] with ContainerStateMachine:uninitialized
2019-09-25 07:17:52,752 [pool-587-thread-1] INFO  server.RaftServerConfigKeys (ConfUtils.java:logGet(43)) - raft.server.rpc.timeout.min = 5s (custom)
2019-09-25 07:17:52,752 [pool-587-thread-1] INFO  server.RaftServerConfigKeys (ConfUtils.java:logGet(43)) - raft.server.rpc.timeout.max = 5200ms (custom)
2019-09-25 07:17:52,752 [pool-587-thread-1] INFO  server.RaftServerConfigKeys (ConfUtils.java:logGet(43)) - raft.server.rpcslowness.timeout = 120s (custom)
2019-09-25 07:17:52,752 [pool-587-thread-1] INFO  server.RaftServerConfigKeys (ConfUtils.java:logGet(43)) - raft.server.sleep.deviation.threshold = 300 (default)
2019-09-25 07:17:52,752 [pool-587-thread-1] INFO  server.RaftServerConfigKeys (ConfUtils.java:logGet(43)) - raft.server.log.appender.install.snapshot.enabled = false (custom)
2019-09-25 07:17:52,752 [pool-587-thread-1] INFO  impl.RaftServerImpl (ServerState.java:<init>(103)) - fff08b05-7b9b-4778-997a-3a1197d0a18b@group-7B9AF062645E: ConfigurationManager, init=-1: [fff08b05-7b9b-4778-997a-3a1197d0a18b:192.168.30.10:38557], old=null, confs=<EMPTY_MAP>
2019-09-25 07:17:52,753 [pool-587-thread-1] INFO  server.RaftServerConfigKeys (ConfUtils.java:logGet(43)) - raft.server.storage.dir = [/workdir/hadoop-ozone/ozonefs/target/test-dir/MiniOzoneClusterImpl-78b0c751-90b1-4f70-8119-c134e40e838a/datanode-1/data/ratis] (custom)
2019-09-25 07:17:52,753 [pool-587-thread-1] INFO  storage.RaftStorageDirectory (RaftStorageDirectory.java:analyzeStorage(246)) - The storage directory /workdir/hadoop-ozone/ozonefs/target/test-dir/MiniOzoneClusterImpl-78b0c751-90b1-4f70-8119-c134e40e838a/datanode-1/data/ratis/8f0a020a-5439-4d93-b975-7b9af062645e does not exist. Creating ...
2019-09-25 07:17:52,766 [pool-587-thread-1] INFO  storage.RaftStorageDirectory (RaftStorageDirectory.java:tryLock(328)) - Lock on /workdir/hadoop-ozone/ozonefs/target/test-dir/MiniOzoneClusterImpl-78b0c751-90b1-4f70-8119-c134e40e838a/datanode-1/data/ratis/8f0a020a-5439-4d93-b975-7b9af062645e/in_use.lock acquired by nodename 12714@pr-hdds-1569-s62bp-3040748787
2019-09-25 07:17:52,778 [pool-587-thread-1] INFO  storage.RaftStorage (RaftStorage.java:format(72)) - Storage directory /workdir/hadoop-ozone/ozonefs/target/test-dir/MiniOzoneClusterImpl-78b0c751-90b1-4f70-8119-c134e40e838a/datanode-1/data/ratis/8f0a020a-5439-4d93-b975-7b9af062645e has been successfully formatted.
2019-09-25 07:17:52,779 [pool-587-thread-1] INFO  ratis.ContainerStateMachine (ContainerStateMachine.java:loadSnapshot(230)) - group-7B9AF062645E: The snapshot info is null. Setting the last applied indexto:(t:0, i:~)
2019-09-25 07:17:52,779 [pool-587-thread-1] INFO  server.RaftServerConfigKeys (ConfUtils.java:logGet(43)) - raft.server.notification.no-leader.timeout = 120s (custom)
2019-09-25 07:17:52,779 [pool-587-thread-1] INFO  server.RaftServerConfigKeys (ConfUtils.java:logGet(43)) - raft.server.log.use.memory = false (default)
2019-09-25 07:17:52,779 [pool-587-thread-1] INFO  server.RaftServerConfigKeys (ConfUtils.java:logGet(43)) - raft.server.log.purge.gap = 1000000 (custom)
2019-09-25 07:17:52,779 [pool-587-thread-1] INFO  server.RaftServerConfigKeys (ConfUtils.java:logGet(43)) - raft.server.log.appender.buffer.byte-limit = 33554432 (custom)
2019-09-25 07:17:52,779 [pool-587-thread-1] INFO  server.RaftServerConfigKeys (ConfUtils.java:logGet(43)) - raft.server.log.segment.size.max = 1048576 (custom)
2019-09-25 07:17:52,779 [pool-587-thread-1] INFO  server.RaftServerConfigKeys (ConfUtils.java:logGet(43)) - raft.server.log.segment.cache.num.max = 2 (custom)
2019-09-25 07:17:52,779 [pool-587-thread-1] INFO  segmented.SegmentedRaftLogWorker (SegmentedRaftLogWorker.java:<init>(172)) - new fff08b05-7b9b-4778-997a-3a1197d0a18b@group-7B9AF062645E-SegmentedRaftLogWorker for RaftStorage:Storage Directory /workdir/hadoop-ozone/ozonefs/target/test-dir/MiniOzoneClusterImpl-78b0c751-90b1-4f70-8119-c134e40e838a/datanode-1/data/ratis/8f0a020a-5439-4d93-b975-7b9af062645e
2019-09-25 07:17:52,779 [pool-587-thread-1] INFO  server.RaftServerConfigKeys (ConfUtils.java:logGet(43)) - raft.server.log.queue.byte-limit = 2147483647 (custom)
2019-09-25 07:17:52,779 [pool-587-thread-1] INFO  server.RaftServerConfigKeys (ConfUtils.java:logGet(43)) - raft.server.log.queue.element-limit = 1024 (custom)
2019-09-25 07:17:52,779 [pool-587-thread-1] INFO  server.RaftServerConfigKeys (ConfUtils.java:logGet(43)) - raft.server.log.segment.size.max = 1048576 (custom)
2019-09-25 07:17:52,779 [pool-587-thread-1] INFO  server.RaftServerConfigKeys (ConfUtils.java:logGet(43)) - raft.server.log.preallocated.size = 16384 (custom)
2019-09-25 07:17:52,780 [pool-587-thread-1] INFO  server.RaftServerConfigKeys (ConfUtils.java:logGet(43)) - raft.server.log.write.buffer.size = 33554432 (custom)
2019-09-25 07:17:52,780 [pool-587-thread-1] INFO  server.RaftServerConfigKeys (ConfUtils.java:logGet(43)) - raft.server.log.force.sync.num = 128 (default)
2019-09-25 07:17:52,780 [pool-587-thread-1] INFO  server.RaftServerConfigKeys (ConfUtils.java:logGet(43)) - raft.server.log.statemachine.data.sync = true (default)
2019-09-25 07:17:52,780 [pool-587-thread-1] INFO  server.RaftServerConfigKeys (ConfUtils.java:logGet(43)) - raft.server.log.statemachine.data.sync.timeout = 10s (default)
2019-09-25 07:17:52,780 [pool-587-thread-1] INFO  server.RaftServerConfigKeys (ConfUtils.java:logGet(43)) - raft.server.log.statemachine.data.sync.timeout.retry = -1 (default)
2019-09-25 07:17:52,780 [pool-587-thread-1] INFO  server.RaftServerConfigKeys (ConfUtils.java:logGet(43)) - raft.server.log.statemachine.data.caching.enabled = true (custom)
2019-09-25 07:17:52,780 [pool-587-thread-1] INFO  segmented.SegmentedRaftLogWorker (SegmentedRaftLogWorker.java:lambda$new$0(132)) - fff08b05-7b9b-4778-997a-3a1197d0a18b@group-7B9AF062645E-SegmentedRaftLogWorker: flushIndex: setUnconditionally 0 -> -1
2019-09-25 07:17:52,780 [pool-587-thread-1] INFO  server.RaftServerConfigKeys (ConfUtils.java:logGet(43)) - raft.server.snapshot.auto.trigger.enabled = true (custom)
2019-09-25 07:17:52,781 [pool-587-thread-1] INFO  server.RaftServerConfigKeys (ConfUtils.java:logGet(43)) - raft.server.snapshot.auto.trigger.threshold = 10000 (custom)
2019-09-25 07:17:52,781 [pool-587-thread-1] INFO  server.RaftServerConfigKeys (ConfUtils.java:logGet(43)) - raft.server.snapshot.retention.num.files = 5 (custom)
2019-09-25 07:17:52,781 [pool-587-thread-1] INFO  server.RaftServerConfigKeys (ConfUtils.java:logGet(43)) - raft.server.retrycache.expirytime = 600000ms (custom)
2019-09-25 07:17:52,782 [pool-587-thread-1] INFO  impl.RaftServerImpl (RaftServerImpl.java:start(185)) - fff08b05-7b9b-4778-997a-3a1197d0a18b@group-7B9AF062645E: start as a follower, conf=-1: [fff08b05-7b9b-4778-997a-3a1197d0a18b:192.168.30.10:38557], old=null
2019-09-25 07:17:52,782 [pool-587-thread-1] INFO  impl.RaftServerImpl (RaftServerImpl.java:setRole(174)) - fff08b05-7b9b-4778-997a-3a1197d0a18b@group-7B9AF062645E: changes role from      null to FOLLOWER at term 0 for startAsFollower
2019-09-25 07:17:52,782 [pool-587-thread-1] INFO  impl.RoleInfo (RoleInfo.java:updateAndGet(143)) - fff08b05-7b9b-4778-997a-3a1197d0a18b: start FollowerState
2019-09-25 07:17:52,782 [pool-587-thread-1] INFO  util.JmxRegister (JmxRegister.java:tryRegister(44)) - Successfully registered JMX Bean with object name Ratis:service=RaftServer,group=group-7B9AF062645E,id=fff08b05-7b9b-4778-997a-3a1197d0a18b
2019-09-25 07:17:52,785 [RatisPipelineUtilsThread] INFO  pipeline.PipelineStateManager (PipelineStateManager.java:addPipeline(56)) - Created pipeline Pipeline[ Id: 8f0a020a-5439-4d93-b975-7b9af062645e, Nodes: fff08b05-7b9b-4778-997a-3a1197d0a18b{ip: 192.168.30.10, host: pr-hdds-1569-s62bp-3040748787, networkLocation: /default-rack, certSerialId: null}, Type:RATIS, Factor:ONE, State:OPEN]
2019-09-25 07:17:52,785 [RatisPipelineUtilsThread] INFO  pipeline.PipelinePlacementPolicy (PipelinePlacementPolicy.java:meetCriteria(91)) - Pipeline Placement: Doesn't meet the criteria to be viable node： e99140d1-99dc-4b8a-b769-82908fed16ee Heaviness: 6 limit: 5
2019-09-25 07:17:52,791 [grpc-default-executor-0] INFO  impl.RaftServerProxy (RaftServerProxy.java:addNew(89)) - fff08b05-7b9b-4778-997a-3a1197d0a18b: addNew group-1779DFDFAF16:[fff08b05-7b9b-4778-997a-3a1197d0a18b:192.168.30.10:38557] returns group-1779DFDFAF16:java.util.concurrent.CompletableFuture@6e9bc33b[Not completed]
2019-09-25 07:17:52,791 [pool-587-thread-1] INFO  impl.RaftServerImpl (RaftServerImpl.java:<init>(95)) - fff08b05-7b9b-4778-997a-3a1197d0a18b: new RaftServerImpl for group-1779DFDFAF16:[fff08b05-7b9b-4778-997a-3a1197d0a18b:192.168.30.10:38557] with ContainerStateMachine:uninitialized
2019-09-25 07:17:52,791 [pool-587-thread-1] INFO  server.RaftServerConfigKeys (ConfUtils.java:logGet(43)) - raft.server.rpc.timeout.min = 5s (custom)
2019-09-25 07:17:52,792 [pool-587-thread-1] INFO  server.RaftServerConfigKeys (ConfUtils.java:logGet(43)) - raft.server.rpc.timeout.max = 5200ms (custom)
2019-09-25 07:17:52,792 [pool-587-thread-1] INFO  server.RaftServerConfigKeys (ConfUtils.java:logGet(43)) - raft.server.rpcslowness.timeout = 120s (custom)
2019-09-25 07:17:52,792 [pool-587-thread-1] INFO  server.RaftServerConfigKeys (ConfUtils.java:logGet(43)) - raft.server.sleep.deviation.threshold = 300 (default)
2019-09-25 07:17:52,792 [pool-587-thread-1] INFO  server.RaftServerConfigKeys (ConfUtils.java:logGet(43)) - raft.server.log.appender.install.snapshot.enabled = false (custom)
2019-09-25 07:17:52,792 [pool-587-thread-1] INFO  impl.RaftServerImpl (ServerState.java:<init>(103)) - fff08b05-7b9b-4778-997a-3a1197d0a18b@group-1779DFDFAF16: ConfigurationManager, init=-1: [fff08b05-7b9b-4778-997a-3a1197d0a18b:192.168.30.10:38557], old=null, confs=<EMPTY_MAP>
2019-09-25 07:17:52,792 [pool-587-thread-1] INFO  server.RaftServerConfigKeys (ConfUtils.java:logGet(43)) - raft.server.storage.dir = [/workdir/hadoop-ozone/ozonefs/target/test-dir/MiniOzoneClusterImpl-78b0c751-90b1-4f70-8119-c134e40e838a/datanode-1/data/ratis] (custom)
2019-09-25 07:17:52,792 [pool-587-thread-1] INFO  storage.RaftStorageDirectory (RaftStorageDirectory.java:analyzeStorage(246)) - The storage directory /workdir/hadoop-ozone/ozonefs/target/test-dir/MiniOzoneClusterImpl-78b0c751-90b1-4f70-8119-c134e40e838a/datanode-1/data/ratis/7611363a-e320-4eeb-bcce-1779dfdfaf16 does not exist. Creating ...
2019-09-25 07:17:52,805 [pool-587-thread-1] INFO  storage.RaftStorageDirectory (RaftStorageDirectory.java:tryLock(328)) - Lock on /workdir/hadoop-ozone/ozonefs/target/test-dir/MiniOzoneClusterImpl-78b0c751-90b1-4f70-8119-c134e40e838a/datanode-1/data/ratis/7611363a-e320-4eeb-bcce-1779dfdfaf16/in_use.lock acquired by nodename 12714@pr-hdds-1569-s62bp-3040748787
2019-09-25 07:17:52,818 [pool-587-thread-1] INFO  storage.RaftStorage (RaftStorage.java:format(72)) - Storage directory /workdir/hadoop-ozone/ozonefs/target/test-dir/MiniOzoneClusterImpl-78b0c751-90b1-4f70-8119-c134e40e838a/datanode-1/data/ratis/7611363a-e320-4eeb-bcce-1779dfdfaf16 has been successfully formatted.
2019-09-25 07:17:52,818 [pool-587-thread-1] INFO  ratis.ContainerStateMachine (ContainerStateMachine.java:loadSnapshot(230)) - group-1779DFDFAF16: The snapshot info is null. Setting the last applied indexto:(t:0, i:~)
2019-09-25 07:17:52,818 [pool-587-thread-1] INFO  server.RaftServerConfigKeys (ConfUtils.java:logGet(43)) - raft.server.notification.no-leader.timeout = 120s (custom)
2019-09-25 07:17:52,819 [pool-587-thread-1] INFO  server.RaftServerConfigKeys (ConfUtils.java:logGet(43)) - raft.server.log.use.memory = false (default)
2019-09-25 07:17:52,819 [pool-587-thread-1] INFO  server.RaftServerConfigKeys (ConfUtils.java:logGet(43)) - raft.server.log.purge.gap = 1000000 (custom)
2019-09-25 07:17:52,819 [pool-587-thread-1] INFO  server.RaftServerConfigKeys (ConfUtils.java:logGet(43)) - raft.server.log.appender.buffer.byte-limit = 33554432 (custom)
2019-09-25 07:17:52,819 [pool-587-thread-1] INFO  server.RaftServerConfigKeys (ConfUtils.java:logGet(43)) - raft.server.log.segment.size.max = 1048576 (custom)
2019-09-25 07:17:52,819 [pool-587-thread-1] INFO  server.RaftServerConfigKeys (ConfUtils.java:logGet(43)) - raft.server.log.segment.cache.num.max = 2 (custom)
2019-09-25 07:17:52,819 [pool-587-thread-1] INFO  segmented.SegmentedRaftLogWorker (SegmentedRaftLogWorker.java:<init>(172)) - new fff08b05-7b9b-4778-997a-3a1197d0a18b@group-1779DFDFAF16-SegmentedRaftLogWorker for RaftStorage:Storage Directory /workdir/hadoop-ozone/ozonefs/target/test-dir/MiniOzoneClusterImpl-78b0c751-90b1-4f70-8119-c134e40e838a/datanode-1/data/ratis/7611363a-e320-4eeb-bcce-1779dfdfaf16
2019-09-25 07:17:52,819 [pool-587-thread-1] INFO  server.RaftServerConfigKeys (ConfUtils.java:logGet(43)) - raft.server.log.queue.byte-limit = 2147483647 (custom)
2019-09-25 07:17:52,819 [pool-587-thread-1] INFO  server.RaftServerConfigKeys (ConfUtils.java:logGet(43)) - raft.server.log.queue.element-limit = 1024 (custom)
2019-09-25 07:17:52,819 [pool-587-thread-1] INFO  server.RaftServerConfigKeys (ConfUtils.java:logGet(43)) - raft.server.log.segment.size.max = 1048576 (custom)
2019-09-25 07:17:52,819 [pool-587-thread-1] INFO  server.RaftServerConfigKeys (ConfUtils.java:logGet(43)) - raft.server.log.preallocated.size = 16384 (custom)
2019-09-25 07:17:52,819 [pool-587-thread-1] INFO  server.RaftServerConfigKeys (ConfUtils.java:logGet(43)) - raft.server.log.write.buffer.size = 33554432 (custom)
2019-09-25 07:17:52,819 [pool-587-thread-1] INFO  server.RaftServerConfigKeys (ConfUtils.java:logGet(43)) - raft.server.log.force.sync.num = 128 (default)
2019-09-25 07:17:52,820 [pool-587-thread-1] INFO  server.RaftServerConfigKeys (ConfUtils.java:logGet(43)) - raft.server.log.statemachine.data.sync = true (default)
2019-09-25 07:17:52,820 [pool-587-thread-1] INFO  server.RaftServerConfigKeys (ConfUtils.java:logGet(43)) - raft.server.log.statemachine.data.sync.timeout = 10s (default)
2019-09-25 07:17:52,820 [pool-587-thread-1] INFO  server.RaftServerConfigKeys (ConfUtils.java:logGet(43)) - raft.server.log.statemachine.data.sync.timeout.retry = -1 (default)
2019-09-25 07:17:52,820 [pool-587-thread-1] INFO  server.RaftServerConfigKeys (ConfUtils.java:logGet(43)) - raft.server.log.statemachine.data.caching.enabled = true (custom)
2019-09-25 07:17:52,820 [pool-587-thread-1] INFO  segmented.SegmentedRaftLogWorker (SegmentedRaftLogWorker.java:lambda$new$0(132)) - fff08b05-7b9b-4778-997a-3a1197d0a18b@group-1779DFDFAF16-SegmentedRaftLogWorker: flushIndex: setUnconditionally 0 -> -1
2019-09-25 07:17:52,820 [pool-587-thread-1] INFO  server.RaftServerConfigKeys (ConfUtils.java:logGet(43)) - raft.server.snapshot.auto.trigger.enabled = true (custom)
2019-09-25 07:17:52,820 [pool-587-thread-1] INFO  server.RaftServerConfigKeys (ConfUtils.java:logGet(43)) - raft.server.snapshot.auto.trigger.threshold = 10000 (custom)
2019-09-25 07:17:52,820 [pool-587-thread-1] INFO  server.RaftServerConfigKeys (ConfUtils.java:logGet(43)) - raft.server.snapshot.retention.num.files = 5 (custom)
2019-09-25 07:17:52,820 [pool-587-thread-1] INFO  server.RaftServerConfigKeys (ConfUtils.java:logGet(43)) - raft.server.retrycache.expirytime = 600000ms (custom)
2019-09-25 07:17:52,822 [pool-587-thread-1] INFO  impl.RaftServerImpl (RaftServerImpl.java:start(185)) - fff08b05-7b9b-4778-997a-3a1197d0a18b@group-1779DFDFAF16: start as a follower, conf=-1: [fff08b05-7b9b-4778-997a-3a1197d0a18b:192.168.30.10:38557], old=null
2019-09-25 07:17:52,822 [pool-587-thread-1] INFO  impl.RaftServerImpl (RaftServerImpl.java:setRole(174)) - fff08b05-7b9b-4778-997a-3a1197d0a18b@group-1779DFDFAF16: changes role from      null to FOLLOWER at term 0 for startAsFollower
2019-09-25 07:17:52,822 [pool-587-thread-1] INFO  impl.RoleInfo (RoleInfo.java:updateAndGet(143)) - fff08b05-7b9b-4778-997a-3a1197d0a18b: start FollowerState
2019-09-25 07:17:52,822 [pool-587-thread-1] INFO  util.JmxRegister (JmxRegister.java:tryRegister(44)) - Successfully registered JMX Bean with object name Ratis:service=RaftServer,group=group-1779DFDFAF16,id=fff08b05-7b9b-4778-997a-3a1197d0a18b
2019-09-25 07:17:52,825 [RatisPipelineUtilsThread] INFO  pipeline.PipelineStateManager (PipelineStateManager.java:addPipeline(56)) - Created pipeline Pipeline[ Id: 7611363a-e320-4eeb-bcce-1779dfdfaf16, Nodes: fff08b05-7b9b-4778-997a-3a1197d0a18b{ip: 192.168.30.10, host: pr-hdds-1569-s62bp-3040748787, networkLocation: /default-rack, certSerialId: null}, Type:RATIS, Factor:ONE, State:OPEN]
2019-09-25 07:17:52,825 [RatisPipelineUtilsThread] INFO  pipeline.PipelinePlacementPolicy (PipelinePlacementPolicy.java:meetCriteria(91)) - Pipeline Placement: Doesn't meet the criteria to be viable node： fff08b05-7b9b-4778-997a-3a1197d0a18b Heaviness: 6 limit: 5
2019-09-25 07:17:52,826 [RatisPipelineUtilsThread] INFO  pipeline.PipelinePlacementPolicy (PipelinePlacementPolicy.java:meetCriteria(91)) - Pipeline Placement: Doesn't meet the criteria to be viable node： e99140d1-99dc-4b8a-b769-82908fed16ee Heaviness: 6 limit: 5
2019-09-25 07:17:52,835 [grpc-default-executor-0] INFO  impl.RaftServerProxy (RaftServerProxy.java:addNew(89)) - 90159daf-3c81-4453-92e4-73076a8942a6: addNew group-47C3B64F509D:[90159daf-3c81-4453-92e4-73076a8942a6:192.168.30.10:36509] returns group-47C3B64F509D:java.util.concurrent.CompletableFuture@60bd497e[Not completed]
2019-09-25 07:17:52,836 [pool-597-thread-1] INFO  impl.RaftServerImpl (RaftServerImpl.java:<init>(95)) - 90159daf-3c81-4453-92e4-73076a8942a6: new RaftServerImpl for group-47C3B64F509D:[90159daf-3c81-4453-92e4-73076a8942a6:192.168.30.10:36509] with ContainerStateMachine:uninitialized
2019-09-25 07:17:52,836 [pool-597-thread-1] INFO  server.RaftServerConfigKeys (ConfUtils.java:logGet(43)) - raft.server.rpc.timeout.min = 5s (custom)
2019-09-25 07:17:52,836 [pool-597-thread-1] INFO  server.RaftServerConfigKeys (ConfUtils.java:logGet(43)) - raft.server.rpc.timeout.max = 5200ms (custom)
2019-09-25 07:17:52,836 [pool-597-thread-1] INFO  server.RaftServerConfigKeys (ConfUtils.java:logGet(43)) - raft.server.rpcslowness.timeout = 120s (custom)
2019-09-25 07:17:52,836 [pool-597-thread-1] INFO  server.RaftServerConfigKeys (ConfUtils.java:logGet(43)) - raft.server.sleep.deviation.threshold = 300 (default)
2019-09-25 07:17:52,836 [pool-597-thread-1] INFO  server.RaftServerConfigKeys (ConfUtils.java:logGet(43)) - raft.server.log.appender.install.snapshot.enabled = false (custom)
2019-09-25 07:17:52,837 [pool-597-thread-1] INFO  impl.RaftServerImpl (ServerState.java:<init>(103)) - 90159daf-3c81-4453-92e4-73076a8942a6@group-47C3B64F509D: ConfigurationManager, init=-1: [90159daf-3c81-4453-92e4-73076a8942a6:192.168.30.10:36509], old=null, confs=<EMPTY_MAP>
2019-09-25 07:17:52,837 [pool-597-thread-1] INFO  server.RaftServerConfigKeys (ConfUtils.java:logGet(43)) - raft.server.storage.dir = [/workdir/hadoop-ozone/ozonefs/target/test-dir/MiniOzoneClusterImpl-78b0c751-90b1-4f70-8119-c134e40e838a/datanode-2/data/ratis] (custom)
2019-09-25 07:17:52,837 [pool-597-thread-1] INFO  storage.RaftStorageDirectory (RaftStorageDirectory.java:analyzeStorage(246)) - The storage directory /workdir/hadoop-ozone/ozonefs/target/test-dir/MiniOzoneClusterImpl-78b0c751-90b1-4f70-8119-c134e40e838a/datanode-2/data/ratis/67ad4d97-7971-46ff-b9cf-47c3b64f509d does not exist. Creating ...
2019-09-25 07:17:52,849 [pool-597-thread-1] INFO  storage.RaftStorageDirectory (RaftStorageDirectory.java:tryLock(328)) - Lock on /workdir/hadoop-ozone/ozonefs/target/test-dir/MiniOzoneClusterImpl-78b0c751-90b1-4f70-8119-c134e40e838a/datanode-2/data/ratis/67ad4d97-7971-46ff-b9cf-47c3b64f509d/in_use.lock acquired by nodename 12714@pr-hdds-1569-s62bp-3040748787
2019-09-25 07:17:52,863 [pool-597-thread-1] INFO  storage.RaftStorage (RaftStorage.java:format(72)) - Storage directory /workdir/hadoop-ozone/ozonefs/target/test-dir/MiniOzoneClusterImpl-78b0c751-90b1-4f70-8119-c134e40e838a/datanode-2/data/ratis/67ad4d97-7971-46ff-b9cf-47c3b64f509d has been successfully formatted.
2019-09-25 07:17:52,863 [pool-597-thread-1] INFO  ratis.ContainerStateMachine (ContainerStateMachine.java:loadSnapshot(230)) - group-47C3B64F509D: The snapshot info is null. Setting the last applied indexto:(t:0, i:~)
2019-09-25 07:17:52,863 [pool-597-thread-1] INFO  server.RaftServerConfigKeys (ConfUtils.java:logGet(43)) - raft.server.notification.no-leader.timeout = 120s (custom)
2019-09-25 07:17:52,864 [pool-597-thread-1] INFO  server.RaftServerConfigKeys (ConfUtils.java:logGet(43)) - raft.server.log.use.memory = false (default)
2019-09-25 07:17:52,864 [pool-597-thread-1] INFO  server.RaftServerConfigKeys (ConfUtils.java:logGet(43)) - raft.server.log.purge.gap = 1000000 (custom)
2019-09-25 07:17:52,864 [pool-597-thread-1] INFO  server.RaftServerConfigKeys (ConfUtils.java:logGet(43)) - raft.server.log.appender.buffer.byte-limit = 33554432 (custom)
2019-09-25 07:17:52,864 [pool-597-thread-1] INFO  server.RaftServerConfigKeys (ConfUtils.java:logGet(43)) - raft.server.log.segment.size.max = 1048576 (custom)
2019-09-25 07:17:52,864 [pool-597-thread-1] INFO  server.RaftServerConfigKeys (ConfUtils.java:logGet(43)) - raft.server.log.segment.cache.num.max = 2 (custom)
2019-09-25 07:17:52,864 [pool-597-thread-1] INFO  segmented.SegmentedRaftLogWorker (SegmentedRaftLogWorker.java:<init>(172)) - new 90159daf-3c81-4453-92e4-73076a8942a6@group-47C3B64F509D-SegmentedRaftLogWorker for RaftStorage:Storage Directory /workdir/hadoop-ozone/ozonefs/target/test-dir/MiniOzoneClusterImpl-78b0c751-90b1-4f70-8119-c134e40e838a/datanode-2/data/ratis/67ad4d97-7971-46ff-b9cf-47c3b64f509d
2019-09-25 07:17:52,866 [pool-597-thread-1] INFO  server.RaftServerConfigKeys (ConfUtils.java:logGet(43)) - raft.server.log.queue.byte-limit = 2147483647 (custom)
2019-09-25 07:17:52,867 [pool-597-thread-1] INFO  server.RaftServerConfigKeys (ConfUtils.java:logGet(43)) - raft.server.log.queue.element-limit = 1024 (custom)
2019-09-25 07:17:52,867 [pool-597-thread-1] INFO  server.RaftServerConfigKeys (ConfUtils.java:logGet(43)) - raft.server.log.segment.size.max = 1048576 (custom)
2019-09-25 07:17:52,867 [pool-597-thread-1] INFO  server.RaftServerConfigKeys (ConfUtils.java:logGet(43)) - raft.server.log.preallocated.size = 16384 (custom)
2019-09-25 07:17:52,867 [pool-597-thread-1] INFO  server.RaftServerConfigKeys (ConfUtils.java:logGet(43)) - raft.server.log.write.buffer.size = 33554432 (custom)
2019-09-25 07:17:52,867 [pool-597-thread-1] INFO  server.RaftServerConfigKeys (ConfUtils.java:logGet(43)) - raft.server.log.force.sync.num = 128 (default)
2019-09-25 07:17:52,867 [pool-597-thread-1] INFO  server.RaftServerConfigKeys (ConfUtils.java:logGet(43)) - raft.server.log.statemachine.data.sync = true (default)
2019-09-25 07:17:52,868 [pool-597-thread-1] INFO  server.RaftServerConfigKeys (ConfUtils.java:logGet(43)) - raft.server.log.statemachine.data.sync.timeout = 10s (default)
2019-09-25 07:17:52,868 [pool-597-thread-1] INFO  server.RaftServerConfigKeys (ConfUtils.java:logGet(43)) - raft.server.log.statemachine.data.sync.timeout.retry = -1 (default)
2019-09-25 07:17:52,868 [pool-597-thread-1] INFO  server.RaftServerConfigKeys (ConfUtils.java:logGet(43)) - raft.server.log.statemachine.data.caching.enabled = true (custom)
2019-09-25 07:17:52,868 [pool-597-thread-1] INFO  segmented.SegmentedRaftLogWorker (SegmentedRaftLogWorker.java:lambda$new$0(132)) - 90159daf-3c81-4453-92e4-73076a8942a6@group-47C3B64F509D-SegmentedRaftLogWorker: flushIndex: setUnconditionally 0 -> -1
2019-09-25 07:17:52,869 [pool-597-thread-1] INFO  server.RaftServerConfigKeys (ConfUtils.java:logGet(43)) - raft.server.snapshot.auto.trigger.enabled = true (custom)
2019-09-25 07:17:52,869 [pool-597-thread-1] INFO  server.RaftServerConfigKeys (ConfUtils.java:logGet(43)) - raft.server.snapshot.auto.trigger.threshold = 10000 (custom)
2019-09-25 07:17:52,869 [pool-597-thread-1] INFO  server.RaftServerConfigKeys (ConfUtils.java:logGet(43)) - raft.server.snapshot.retention.num.files = 5 (custom)
2019-09-25 07:17:52,869 [pool-597-thread-1] INFO  server.RaftServerConfigKeys (ConfUtils.java:logGet(43)) - raft.server.retrycache.expirytime = 600000ms (custom)
2019-09-25 07:17:52,871 [pool-597-thread-1] INFO  impl.RaftServerImpl (RaftServerImpl.java:start(185)) - 90159daf-3c81-4453-92e4-73076a8942a6@group-47C3B64F509D: start as a follower, conf=-1: [90159daf-3c81-4453-92e4-73076a8942a6:192.168.30.10:36509], old=null
2019-09-25 07:17:52,871 [pool-597-thread-1] INFO  impl.RaftServerImpl (RaftServerImpl.java:setRole(174)) - 90159daf-3c81-4453-92e4-73076a8942a6@group-47C3B64F509D: changes role from      null to FOLLOWER at term 0 for startAsFollower
2019-09-25 07:17:52,872 [pool-597-thread-1] INFO  impl.RoleInfo (RoleInfo.java:updateAndGet(143)) - 90159daf-3c81-4453-92e4-73076a8942a6: start FollowerState
2019-09-25 07:17:52,872 [pool-597-thread-1] INFO  util.JmxRegister (JmxRegister.java:tryRegister(44)) - Successfully registered JMX Bean with object name Ratis:service=RaftServer,group=group-47C3B64F509D,id=90159daf-3c81-4453-92e4-73076a8942a6
2019-09-25 07:17:52,875 [RatisPipelineUtilsThread] INFO  pipeline.PipelineStateManager (PipelineStateManager.java:addPipeline(56)) - Created pipeline Pipeline[ Id: 67ad4d97-7971-46ff-b9cf-47c3b64f509d, Nodes: 90159daf-3c81-4453-92e4-73076a8942a6{ip: 192.168.30.10, host: pr-hdds-1569-s62bp-3040748787, networkLocation: /default-rack, certSerialId: null}, Type:RATIS, Factor:ONE, State:OPEN]
2019-09-25 07:17:52,875 [RatisPipelineUtilsThread] INFO  pipeline.PipelinePlacementPolicy (PipelinePlacementPolicy.java:meetCriteria(91)) - Pipeline Placement: Doesn't meet the criteria to be viable node： fff08b05-7b9b-4778-997a-3a1197d0a18b Heaviness: 6 limit: 5
2019-09-25 07:17:52,875 [RatisPipelineUtilsThread] INFO  pipeline.PipelinePlacementPolicy (PipelinePlacementPolicy.java:meetCriteria(91)) - Pipeline Placement: Doesn't meet the criteria to be viable node： e99140d1-99dc-4b8a-b769-82908fed16ee Heaviness: 6 limit: 5
2019-09-25 07:17:52,881 [grpc-default-executor-0] INFO  impl.RaftServerProxy (RaftServerProxy.java:addNew(89)) - 90159daf-3c81-4453-92e4-73076a8942a6: addNew group-5829A64D351E:[90159daf-3c81-4453-92e4-73076a8942a6:192.168.30.10:36509] returns group-5829A64D351E:java.util.concurrent.CompletableFuture@718a80cc[Not completed]
2019-09-25 07:17:52,882 [pool-597-thread-1] INFO  impl.RaftServerImpl (RaftServerImpl.java:<init>(95)) - 90159daf-3c81-4453-92e4-73076a8942a6: new RaftServerImpl for group-5829A64D351E:[90159daf-3c81-4453-92e4-73076a8942a6:192.168.30.10:36509] with ContainerStateMachine:uninitialized
2019-09-25 07:17:52,882 [pool-597-thread-1] INFO  server.RaftServerConfigKeys (ConfUtils.java:logGet(43)) - raft.server.rpc.timeout.min = 5s (custom)
2019-09-25 07:17:52,882 [pool-597-thread-1] INFO  server.RaftServerConfigKeys (ConfUtils.java:logGet(43)) - raft.server.rpc.timeout.max = 5200ms (custom)
2019-09-25 07:17:52,882 [pool-597-thread-1] INFO  server.RaftServerConfigKeys (ConfUtils.java:logGet(43)) - raft.server.rpcslowness.timeout = 120s (custom)
2019-09-25 07:17:52,882 [pool-597-thread-1] INFO  server.RaftServerConfigKeys (ConfUtils.java:logGet(43)) - raft.server.sleep.deviation.threshold = 300 (default)
2019-09-25 07:17:52,882 [pool-597-thread-1] INFO  server.RaftServerConfigKeys (ConfUtils.java:logGet(43)) - raft.server.log.appender.install.snapshot.enabled = false (custom)
2019-09-25 07:17:52,882 [pool-597-thread-1] INFO  impl.RaftServerImpl (ServerState.java:<init>(103)) - 90159daf-3c81-4453-92e4-73076a8942a6@group-5829A64D351E: ConfigurationManager, init=-1: [90159daf-3c81-4453-92e4-73076a8942a6:192.168.30.10:36509], old=null, confs=<EMPTY_MAP>
2019-09-25 07:17:52,883 [pool-597-thread-1] INFO  server.RaftServerConfigKeys (ConfUtils.java:logGet(43)) - raft.server.storage.dir = [/workdir/hadoop-ozone/ozonefs/target/test-dir/MiniOzoneClusterImpl-78b0c751-90b1-4f70-8119-c134e40e838a/datanode-2/data/ratis] (custom)
2019-09-25 07:17:52,883 [pool-597-thread-1] INFO  storage.RaftStorageDirectory (RaftStorageDirectory.java:analyzeStorage(246)) - The storage directory /workdir/hadoop-ozone/ozonefs/target/test-dir/MiniOzoneClusterImpl-78b0c751-90b1-4f70-8119-c134e40e838a/datanode-2/data/ratis/9ea78376-8ac6-4f66-bb81-5829a64d351e does not exist. Creating ...
2019-09-25 07:17:52,896 [pool-597-thread-1] INFO  storage.RaftStorageDirectory (RaftStorageDirectory.java:tryLock(328)) - Lock on /workdir/hadoop-ozone/ozonefs/target/test-dir/MiniOzoneClusterImpl-78b0c751-90b1-4f70-8119-c134e40e838a/datanode-2/data/ratis/9ea78376-8ac6-4f66-bb81-5829a64d351e/in_use.lock acquired by nodename 12714@pr-hdds-1569-s62bp-3040748787
2019-09-25 07:17:52,908 [pool-597-thread-1] INFO  storage.RaftStorage (RaftStorage.java:format(72)) - Storage directory /workdir/hadoop-ozone/ozonefs/target/test-dir/MiniOzoneClusterImpl-78b0c751-90b1-4f70-8119-c134e40e838a/datanode-2/data/ratis/9ea78376-8ac6-4f66-bb81-5829a64d351e has been successfully formatted.
2019-09-25 07:17:52,909 [pool-597-thread-1] INFO  ratis.ContainerStateMachine (ContainerStateMachine.java:loadSnapshot(230)) - group-5829A64D351E: The snapshot info is null. Setting the last applied indexto:(t:0, i:~)
2019-09-25 07:17:52,909 [pool-597-thread-1] INFO  server.RaftServerConfigKeys (ConfUtils.java:logGet(43)) - raft.server.notification.no-leader.timeout = 120s (custom)
2019-09-25 07:17:52,909 [pool-597-thread-1] INFO  server.RaftServerConfigKeys (ConfUtils.java:logGet(43)) - raft.server.log.use.memory = false (default)
2019-09-25 07:17:52,909 [pool-597-thread-1] INFO  server.RaftServerConfigKeys (ConfUtils.java:logGet(43)) - raft.server.log.purge.gap = 1000000 (custom)
2019-09-25 07:17:52,909 [pool-597-thread-1] INFO  server.RaftServerConfigKeys (ConfUtils.java:logGet(43)) - raft.server.log.appender.buffer.byte-limit = 33554432 (custom)
2019-09-25 07:17:52,910 [pool-597-thread-1] INFO  server.RaftServerConfigKeys (ConfUtils.java:logGet(43)) - raft.server.log.segment.size.max = 1048576 (custom)
2019-09-25 07:17:52,910 [pool-597-thread-1] INFO  server.RaftServerConfigKeys (ConfUtils.java:logGet(43)) - raft.server.log.segment.cache.num.max = 2 (custom)
2019-09-25 07:17:52,910 [pool-597-thread-1] INFO  segmented.SegmentedRaftLogWorker (SegmentedRaftLogWorker.java:<init>(172)) - new 90159daf-3c81-4453-92e4-73076a8942a6@group-5829A64D351E-SegmentedRaftLogWorker for RaftStorage:Storage Directory /workdir/hadoop-ozone/ozonefs/target/test-dir/MiniOzoneClusterImpl-78b0c751-90b1-4f70-8119-c134e40e838a/datanode-2/data/ratis/9ea78376-8ac6-4f66-bb81-5829a64d351e
2019-09-25 07:17:52,910 [pool-597-thread-1] INFO  server.RaftServerConfigKeys (ConfUtils.java:logGet(43)) - raft.server.log.queue.byte-limit = 2147483647 (custom)
2019-09-25 07:17:52,910 [pool-597-thread-1] INFO  server.RaftServerConfigKeys (ConfUtils.java:logGet(43)) - raft.server.log.queue.element-limit = 1024 (custom)
2019-09-25 07:17:52,910 [pool-597-thread-1] INFO  server.RaftServerConfigKeys (ConfUtils.java:logGet(43)) - raft.server.log.segment.size.max = 1048576 (custom)
2019-09-25 07:17:52,910 [pool-597-thread-1] INFO  server.RaftServerConfigKeys (ConfUtils.java:logGet(43)) - raft.server.log.preallocated.size = 16384 (custom)
2019-09-25 07:17:52,910 [pool-597-thread-1] INFO  server.RaftServerConfigKeys (ConfUtils.java:logGet(43)) - raft.server.log.write.buffer.size = 33554432 (custom)
2019-09-25 07:17:52,911 [pool-597-thread-1] INFO  server.RaftServerConfigKeys (ConfUtils.java:logGet(43)) - raft.server.log.force.sync.num = 128 (default)
2019-09-25 07:17:52,911 [pool-597-thread-1] INFO  server.RaftServerConfigKeys (ConfUtils.java:logGet(43)) - raft.server.log.statemachine.data.sync = true (default)
2019-09-25 07:17:52,911 [pool-597-thread-1] INFO  server.RaftServerConfigKeys (ConfUtils.java:logGet(43)) - raft.server.log.statemachine.data.sync.timeout = 10s (default)
2019-09-25 07:17:52,911 [pool-597-thread-1] INFO  server.RaftServerConfigKeys (ConfUtils.java:logGet(43)) - raft.server.log.statemachine.data.sync.timeout.retry = -1 (default)
2019-09-25 07:17:52,911 [pool-597-thread-1] INFO  server.RaftServerConfigKeys (ConfUtils.java:logGet(43)) - raft.server.log.statemachine.data.caching.enabled = true (custom)
2019-09-25 07:17:52,911 [pool-597-thread-1] INFO  segmented.SegmentedRaftLogWorker (SegmentedRaftLogWorker.java:lambda$new$0(132)) - 90159daf-3c81-4453-92e4-73076a8942a6@group-5829A64D351E-SegmentedRaftLogWorker: flushIndex: setUnconditionally 0 -> -1
2019-09-25 07:17:52,912 [pool-597-thread-1] INFO  server.RaftServerConfigKeys (ConfUtils.java:logGet(43)) - raft.server.snapshot.auto.trigger.enabled = true (custom)
2019-09-25 07:17:52,912 [pool-597-thread-1] INFO  server.RaftServerConfigKeys (ConfUtils.java:logGet(43)) - raft.server.snapshot.auto.trigger.threshold = 10000 (custom)
2019-09-25 07:17:52,912 [pool-597-thread-1] INFO  server.RaftServerConfigKeys (ConfUtils.java:logGet(43)) - raft.server.snapshot.retention.num.files = 5 (custom)
2019-09-25 07:17:52,912 [pool-597-thread-1] INFO  server.RaftServerConfigKeys (ConfUtils.java:logGet(43)) - raft.server.retrycache.expirytime = 600000ms (custom)
2019-09-25 07:17:52,914 [pool-597-thread-1] INFO  impl.RaftServerImpl (RaftServerImpl.java:start(185)) - 90159daf-3c81-4453-92e4-73076a8942a6@group-5829A64D351E: start as a follower, conf=-1: [90159daf-3c81-4453-92e4-73076a8942a6:192.168.30.10:36509], old=null
2019-09-25 07:17:52,914 [pool-597-thread-1] INFO  impl.RaftServerImpl (RaftServerImpl.java:setRole(174)) - 90159daf-3c81-4453-92e4-73076a8942a6@group-5829A64D351E: changes role from      null to FOLLOWER at term 0 for startAsFollower
2019-09-25 07:17:52,914 [pool-597-thread-1] INFO  impl.RoleInfo (RoleInfo.java:updateAndGet(143)) - 90159daf-3c81-4453-92e4-73076a8942a6: start FollowerState
2019-09-25 07:17:52,914 [pool-597-thread-1] INFO  util.JmxRegister (JmxRegister.java:tryRegister(44)) - Successfully registered JMX Bean with object name Ratis:service=RaftServer,group=group-5829A64D351E,id=90159daf-3c81-4453-92e4-73076a8942a6
2019-09-25 07:17:52,917 [RatisPipelineUtilsThread] INFO  pipeline.PipelineStateManager (PipelineStateManager.java:addPipeline(56)) - Created pipeline Pipeline[ Id: 9ea78376-8ac6-4f66-bb81-5829a64d351e, Nodes: 90159daf-3c81-4453-92e4-73076a8942a6{ip: 192.168.30.10, host: pr-hdds-1569-s62bp-3040748787, networkLocation: /default-rack, certSerialId: null}, Type:RATIS, Factor:ONE, State:OPEN]
2019-09-25 07:17:52,917 [RatisPipelineUtilsThread] INFO  pipeline.PipelinePlacementPolicy (PipelinePlacementPolicy.java:meetCriteria(91)) - Pipeline Placement: Doesn't meet the criteria to be viable node： fff08b05-7b9b-4778-997a-3a1197d0a18b Heaviness: 6 limit: 5
2019-09-25 07:17:52,918 [RatisPipelineUtilsThread] INFO  pipeline.PipelinePlacementPolicy (PipelinePlacementPolicy.java:meetCriteria(91)) - Pipeline Placement: Doesn't meet the criteria to be viable node： e99140d1-99dc-4b8a-b769-82908fed16ee Heaviness: 6 limit: 5
2019-09-25 07:17:52,923 [grpc-default-executor-0] INFO  impl.RaftServerProxy (RaftServerProxy.java:addNew(89)) - 90159daf-3c81-4453-92e4-73076a8942a6: addNew group-AD8CA7184C50:[90159daf-3c81-4453-92e4-73076a8942a6:192.168.30.10:36509] returns group-AD8CA7184C50:java.util.concurrent.CompletableFuture@52d84975[Not completed]
2019-09-25 07:17:52,924 [pool-597-thread-1] INFO  impl.RaftServerImpl (RaftServerImpl.java:<init>(95)) - 90159daf-3c81-4453-92e4-73076a8942a6: new RaftServerImpl for group-AD8CA7184C50:[90159daf-3c81-4453-92e4-73076a8942a6:192.168.30.10:36509] with ContainerStateMachine:uninitialized
2019-09-25 07:17:52,924 [pool-597-thread-1] INFO  server.RaftServerConfigKeys (ConfUtils.java:logGet(43)) - raft.server.rpc.timeout.min = 5s (custom)
2019-09-25 07:17:52,924 [pool-597-thread-1] INFO  server.RaftServerConfigKeys (ConfUtils.java:logGet(43)) - raft.server.rpc.timeout.max = 5200ms (custom)
2019-09-25 07:17:52,924 [pool-597-thread-1] INFO  server.RaftServerConfigKeys (ConfUtils.java:logGet(43)) - raft.server.rpcslowness.timeout = 120s (custom)
2019-09-25 07:17:52,924 [pool-597-thread-1] INFO  server.RaftServerConfigKeys (ConfUtils.java:logGet(43)) - raft.server.sleep.deviation.threshold = 300 (default)
2019-09-25 07:17:52,924 [pool-597-thread-1] INFO  server.RaftServerConfigKeys (ConfUtils.java:logGet(43)) - raft.server.log.appender.install.snapshot.enabled = false (custom)
2019-09-25 07:17:52,924 [pool-597-thread-1] INFO  impl.RaftServerImpl (ServerState.java:<init>(103)) - 90159daf-3c81-4453-92e4-73076a8942a6@group-AD8CA7184C50: ConfigurationManager, init=-1: [90159daf-3c81-4453-92e4-73076a8942a6:192.168.30.10:36509], old=null, confs=<EMPTY_MAP>
2019-09-25 07:17:52,924 [pool-597-thread-1] INFO  server.RaftServerConfigKeys (ConfUtils.java:logGet(43)) - raft.server.storage.dir = [/workdir/hadoop-ozone/ozonefs/target/test-dir/MiniOzoneClusterImpl-78b0c751-90b1-4f70-8119-c134e40e838a/datanode-2/data/ratis] (custom)
2019-09-25 07:17:52,925 [pool-597-thread-1] INFO  storage.RaftStorageDirectory (RaftStorageDirectory.java:analyzeStorage(246)) - The storage directory /workdir/hadoop-ozone/ozonefs/target/test-dir/MiniOzoneClusterImpl-78b0c751-90b1-4f70-8119-c134e40e838a/datanode-2/data/ratis/14de37c8-2284-4f00-8d6c-ad8ca7184c50 does not exist. Creating ...
2019-09-25 07:17:52,938 [pool-597-thread-1] INFO  storage.RaftStorageDirectory (RaftStorageDirectory.java:tryLock(328)) - Lock on /workdir/hadoop-ozone/ozonefs/target/test-dir/MiniOzoneClusterImpl-78b0c751-90b1-4f70-8119-c134e40e838a/datanode-2/data/ratis/14de37c8-2284-4f00-8d6c-ad8ca7184c50/in_use.lock acquired by nodename 12714@pr-hdds-1569-s62bp-3040748787
2019-09-25 07:17:52,951 [pool-597-thread-1] INFO  storage.RaftStorage (RaftStorage.java:format(72)) - Storage directory /workdir/hadoop-ozone/ozonefs/target/test-dir/MiniOzoneClusterImpl-78b0c751-90b1-4f70-8119-c134e40e838a/datanode-2/data/ratis/14de37c8-2284-4f00-8d6c-ad8ca7184c50 has been successfully formatted.
2019-09-25 07:17:52,951 [pool-597-thread-1] INFO  ratis.ContainerStateMachine (ContainerStateMachine.java:loadSnapshot(230)) - group-AD8CA7184C50: The snapshot info is null. Setting the last applied indexto:(t:0, i:~)
2019-09-25 07:17:52,952 [pool-597-thread-1] INFO  server.RaftServerConfigKeys (ConfUtils.java:logGet(43)) - raft.server.notification.no-leader.timeout = 120s (custom)
2019-09-25 07:17:52,952 [pool-597-thread-1] INFO  server.RaftServerConfigKeys (ConfUtils.java:logGet(43)) - raft.server.log.use.memory = false (default)
2019-09-25 07:17:52,952 [pool-597-thread-1] INFO  server.RaftServerConfigKeys (ConfUtils.java:logGet(43)) - raft.server.log.purge.gap = 1000000 (custom)
2019-09-25 07:17:52,952 [pool-597-thread-1] INFO  server.RaftServerConfigKeys (ConfUtils.java:logGet(43)) - raft.server.log.appender.buffer.byte-limit = 33554432 (custom)
2019-09-25 07:17:52,952 [pool-597-thread-1] INFO  server.RaftServerConfigKeys (ConfUtils.java:logGet(43)) - raft.server.log.segment.size.max = 1048576 (custom)
2019-09-25 07:17:52,952 [pool-597-thread-1] INFO  server.RaftServerConfigKeys (ConfUtils.java:logGet(43)) - raft.server.log.segment.cache.num.max = 2 (custom)
2019-09-25 07:17:52,952 [pool-597-thread-1] INFO  segmented.SegmentedRaftLogWorker (SegmentedRaftLogWorker.java:<init>(172)) - new 90159daf-3c81-4453-92e4-73076a8942a6@group-AD8CA7184C50-SegmentedRaftLogWorker for RaftStorage:Storage Directory /workdir/hadoop-ozone/ozonefs/target/test-dir/MiniOzoneClusterImpl-78b0c751-90b1-4f70-8119-c134e40e838a/datanode-2/data/ratis/14de37c8-2284-4f00-8d6c-ad8ca7184c50
2019-09-25 07:17:52,952 [pool-597-thread-1] INFO  server.RaftServerConfigKeys (ConfUtils.java:logGet(43)) - raft.server.log.queue.byte-limit = 2147483647 (custom)
2019-09-25 07:17:52,952 [pool-597-thread-1] INFO  server.RaftServerConfigKeys (ConfUtils.java:logGet(43)) - raft.server.log.queue.element-limit = 1024 (custom)
2019-09-25 07:17:52,953 [pool-597-thread-1] INFO  server.RaftServerConfigKeys (ConfUtils.java:logGet(43)) - raft.server.log.segment.size.max = 1048576 (custom)
2019-09-25 07:17:52,953 [pool-597-thread-1] INFO  server.RaftServerConfigKeys (ConfUtils.java:logGet(43)) - raft.server.log.preallocated.size = 16384 (custom)
2019-09-25 07:17:52,953 [pool-597-thread-1] INFO  server.RaftServerConfigKeys (ConfUtils.java:logGet(43)) - raft.server.log.write.buffer.size = 33554432 (custom)
2019-09-25 07:17:52,953 [pool-597-thread-1] INFO  server.RaftServerConfigKeys (ConfUtils.java:logGet(43)) - raft.server.log.force.sync.num = 128 (default)
2019-09-25 07:17:52,953 [pool-597-thread-1] INFO  server.RaftServerConfigKeys (ConfUtils.java:logGet(43)) - raft.server.log.statemachine.data.sync = true (default)
2019-09-25 07:17:52,953 [pool-597-thread-1] INFO  server.RaftServerConfigKeys (ConfUtils.java:logGet(43)) - raft.server.log.statemachine.data.sync.timeout = 10s (default)
2019-09-25 07:17:52,953 [pool-597-thread-1] INFO  server.RaftServerConfigKeys (ConfUtils.java:logGet(43)) - raft.server.log.statemachine.data.sync.timeout.retry = -1 (default)
2019-09-25 07:17:52,953 [pool-597-thread-1] INFO  server.RaftServerConfigKeys (ConfUtils.java:logGet(43)) - raft.server.log.statemachine.data.caching.enabled = true (custom)
2019-09-25 07:17:52,954 [pool-597-thread-1] INFO  segmented.SegmentedRaftLogWorker (SegmentedRaftLogWorker.java:lambda$new$0(132)) - 90159daf-3c81-4453-92e4-73076a8942a6@group-AD8CA7184C50-SegmentedRaftLogWorker: flushIndex: setUnconditionally 0 -> -1
2019-09-25 07:17:52,954 [pool-597-thread-1] INFO  server.RaftServerConfigKeys (ConfUtils.java:logGet(43)) - raft.server.snapshot.auto.trigger.enabled = true (custom)
2019-09-25 07:17:52,954 [pool-597-thread-1] INFO  server.RaftServerConfigKeys (ConfUtils.java:logGet(43)) - raft.server.snapshot.auto.trigger.threshold = 10000 (custom)
2019-09-25 07:17:52,954 [pool-597-thread-1] INFO  server.RaftServerConfigKeys (ConfUtils.java:logGet(43)) - raft.server.snapshot.retention.num.files = 5 (custom)
2019-09-25 07:17:52,954 [pool-597-thread-1] INFO  server.RaftServerConfigKeys (ConfUtils.java:logGet(43)) - raft.server.retrycache.expirytime = 600000ms (custom)
2019-09-25 07:17:52,955 [pool-597-thread-1] INFO  impl.RaftServerImpl (RaftServerImpl.java:start(185)) - 90159daf-3c81-4453-92e4-73076a8942a6@group-AD8CA7184C50: start as a follower, conf=-1: [90159daf-3c81-4453-92e4-73076a8942a6:192.168.30.10:36509], old=null
2019-09-25 07:17:52,956 [pool-597-thread-1] INFO  impl.RaftServerImpl (RaftServerImpl.java:setRole(174)) - 90159daf-3c81-4453-92e4-73076a8942a6@group-AD8CA7184C50: changes role from      null to FOLLOWER at term 0 for startAsFollower
2019-09-25 07:17:52,956 [pool-597-thread-1] INFO  impl.RoleInfo (RoleInfo.java:updateAndGet(143)) - 90159daf-3c81-4453-92e4-73076a8942a6: start FollowerState
2019-09-25 07:17:52,956 [pool-597-thread-1] INFO  util.JmxRegister (JmxRegister.java:tryRegister(44)) - Successfully registered JMX Bean with object name Ratis:service=RaftServer,group=group-AD8CA7184C50,id=90159daf-3c81-4453-92e4-73076a8942a6
2019-09-25 07:17:52,958 [RatisPipelineUtilsThread] INFO  pipeline.PipelineStateManager (PipelineStateManager.java:addPipeline(56)) - Created pipeline Pipeline[ Id: 14de37c8-2284-4f00-8d6c-ad8ca7184c50, Nodes: 90159daf-3c81-4453-92e4-73076a8942a6{ip: 192.168.30.10, host: pr-hdds-1569-s62bp-3040748787, networkLocation: /default-rack, certSerialId: null}, Type:RATIS, Factor:ONE, State:OPEN]
2019-09-25 07:17:52,958 [RatisPipelineUtilsThread] INFO  pipeline.PipelinePlacementPolicy (PipelinePlacementPolicy.java:meetCriteria(91)) - Pipeline Placement: Doesn't meet the criteria to be viable node： fff08b05-7b9b-4778-997a-3a1197d0a18b Heaviness: 6 limit: 5
2019-09-25 07:17:52,959 [RatisPipelineUtilsThread] INFO  pipeline.PipelinePlacementPolicy (PipelinePlacementPolicy.java:meetCriteria(91)) - Pipeline Placement: Doesn't meet the criteria to be viable node： e99140d1-99dc-4b8a-b769-82908fed16ee Heaviness: 6 limit: 5
2019-09-25 07:17:52,964 [grpc-default-executor-0] INFO  impl.RaftServerProxy (RaftServerProxy.java:addNew(89)) - 90159daf-3c81-4453-92e4-73076a8942a6: addNew group-555F3790C976:[90159daf-3c81-4453-92e4-73076a8942a6:192.168.30.10:36509] returns group-555F3790C976:java.util.concurrent.CompletableFuture@5932d94c[Not completed]
2019-09-25 07:17:52,965 [pool-597-thread-1] INFO  impl.RaftServerImpl (RaftServerImpl.java:<init>(95)) - 90159daf-3c81-4453-92e4-73076a8942a6: new RaftServerImpl for group-555F3790C976:[90159daf-3c81-4453-92e4-73076a8942a6:192.168.30.10:36509] with ContainerStateMachine:uninitialized
2019-09-25 07:17:52,965 [pool-597-thread-1] INFO  server.RaftServerConfigKeys (ConfUtils.java:logGet(43)) - raft.server.rpc.timeout.min = 5s (custom)
2019-09-25 07:17:52,965 [pool-597-thread-1] INFO  server.RaftServerConfigKeys (ConfUtils.java:logGet(43)) - raft.server.rpc.timeout.max = 5200ms (custom)
2019-09-25 07:17:52,965 [pool-597-thread-1] INFO  server.RaftServerConfigKeys (ConfUtils.java:logGet(43)) - raft.server.rpcslowness.timeout = 120s (custom)
2019-09-25 07:17:52,965 [pool-597-thread-1] INFO  server.RaftServerConfigKeys (ConfUtils.java:logGet(43)) - raft.server.sleep.deviation.threshold = 300 (default)
2019-09-25 07:17:52,966 [pool-597-thread-1] INFO  server.RaftServerConfigKeys (ConfUtils.java:logGet(43)) - raft.server.log.appender.install.snapshot.enabled = false (custom)
2019-09-25 07:17:52,966 [pool-597-thread-1] INFO  impl.RaftServerImpl (ServerState.java:<init>(103)) - 90159daf-3c81-4453-92e4-73076a8942a6@group-555F3790C976: ConfigurationManager, init=-1: [90159daf-3c81-4453-92e4-73076a8942a6:192.168.30.10:36509], old=null, confs=<EMPTY_MAP>
2019-09-25 07:17:52,966 [pool-597-thread-1] INFO  server.RaftServerConfigKeys (ConfUtils.java:logGet(43)) - raft.server.storage.dir = [/workdir/hadoop-ozone/ozonefs/target/test-dir/MiniOzoneClusterImpl-78b0c751-90b1-4f70-8119-c134e40e838a/datanode-2/data/ratis] (custom)
2019-09-25 07:17:52,966 [pool-597-thread-1] INFO  storage.RaftStorageDirectory (RaftStorageDirectory.java:analyzeStorage(246)) - The storage directory /workdir/hadoop-ozone/ozonefs/target/test-dir/MiniOzoneClusterImpl-78b0c751-90b1-4f70-8119-c134e40e838a/datanode-2/data/ratis/db3506c9-ae9d-410a-aaf7-555f3790c976 does not exist. Creating ...
2019-09-25 07:17:52,979 [pool-597-thread-1] INFO  storage.RaftStorageDirectory (RaftStorageDirectory.java:tryLock(328)) - Lock on /workdir/hadoop-ozone/ozonefs/target/test-dir/MiniOzoneClusterImpl-78b0c751-90b1-4f70-8119-c134e40e838a/datanode-2/data/ratis/db3506c9-ae9d-410a-aaf7-555f3790c976/in_use.lock acquired by nodename 12714@pr-hdds-1569-s62bp-3040748787
2019-09-25 07:17:52,991 [pool-597-thread-1] INFO  storage.RaftStorage (RaftStorage.java:format(72)) - Storage directory /workdir/hadoop-ozone/ozonefs/target/test-dir/MiniOzoneClusterImpl-78b0c751-90b1-4f70-8119-c134e40e838a/datanode-2/data/ratis/db3506c9-ae9d-410a-aaf7-555f3790c976 has been successfully formatted.
2019-09-25 07:17:52,992 [pool-597-thread-1] INFO  ratis.ContainerStateMachine (ContainerStateMachine.java:loadSnapshot(230)) - group-555F3790C976: The snapshot info is null. Setting the last applied indexto:(t:0, i:~)
2019-09-25 07:17:52,992 [pool-597-thread-1] INFO  server.RaftServerConfigKeys (ConfUtils.java:logGet(43)) - raft.server.notification.no-leader.timeout = 120s (custom)
2019-09-25 07:17:52,992 [pool-597-thread-1] INFO  server.RaftServerConfigKeys (ConfUtils.java:logGet(43)) - raft.server.log.use.memory = false (default)
2019-09-25 07:17:52,992 [pool-597-thread-1] INFO  server.RaftServerConfigKeys (ConfUtils.java:logGet(43)) - raft.server.log.purge.gap = 1000000 (custom)
2019-09-25 07:17:52,992 [pool-597-thread-1] INFO  server.RaftServerConfigKeys (ConfUtils.java:logGet(43)) - raft.server.log.appender.buffer.byte-limit = 33554432 (custom)
2019-09-25 07:17:52,992 [pool-597-thread-1] INFO  server.RaftServerConfigKeys (ConfUtils.java:logGet(43)) - raft.server.log.segment.size.max = 1048576 (custom)
2019-09-25 07:17:52,992 [pool-597-thread-1] INFO  server.RaftServerConfigKeys (ConfUtils.java:logGet(43)) - raft.server.log.segment.cache.num.max = 2 (custom)
2019-09-25 07:17:52,993 [pool-597-thread-1] INFO  segmented.SegmentedRaftLogWorker (SegmentedRaftLogWorker.java:<init>(172)) - new 90159daf-3c81-4453-92e4-73076a8942a6@group-555F3790C976-SegmentedRaftLogWorker for RaftStorage:Storage Directory /workdir/hadoop-ozone/ozonefs/target/test-dir/MiniOzoneClusterImpl-78b0c751-90b1-4f70-8119-c134e40e838a/datanode-2/data/ratis/db3506c9-ae9d-410a-aaf7-555f3790c976
2019-09-25 07:17:52,993 [pool-597-thread-1] INFO  server.RaftServerConfigKeys (ConfUtils.java:logGet(43)) - raft.server.log.queue.byte-limit = 2147483647 (custom)
2019-09-25 07:17:52,993 [pool-597-thread-1] INFO  server.RaftServerConfigKeys (ConfUtils.java:logGet(43)) - raft.server.log.queue.element-limit = 1024 (custom)
2019-09-25 07:17:52,993 [pool-597-thread-1] INFO  server.RaftServerConfigKeys (ConfUtils.java:logGet(43)) - raft.server.log.segment.size.max = 1048576 (custom)
2019-09-25 07:17:52,993 [pool-597-thread-1] INFO  server.RaftServerConfigKeys (ConfUtils.java:logGet(43)) - raft.server.log.preallocated.size = 16384 (custom)
2019-09-25 07:17:52,993 [pool-597-thread-1] INFO  server.RaftServerConfigKeys (ConfUtils.java:logGet(43)) - raft.server.log.write.buffer.size = 33554432 (custom)
2019-09-25 07:17:52,993 [pool-597-thread-1] INFO  server.RaftServerConfigKeys (ConfUtils.java:logGet(43)) - raft.server.log.force.sync.num = 128 (default)
2019-09-25 07:17:52,993 [pool-597-thread-1] INFO  server.RaftServerConfigKeys (ConfUtils.java:logGet(43)) - raft.server.log.statemachine.data.sync = true (default)
2019-09-25 07:17:52,993 [pool-597-thread-1] INFO  server.RaftServerConfigKeys (ConfUtils.java:logGet(43)) - raft.server.log.statemachine.data.sync.timeout = 10s (default)
2019-09-25 07:17:52,993 [pool-597-thread-1] INFO  server.RaftServerConfigKeys (ConfUtils.java:logGet(43)) - raft.server.log.statemachine.data.sync.timeout.retry = -1 (default)
2019-09-25 07:17:52,994 [pool-597-thread-1] INFO  server.RaftServerConfigKeys (ConfUtils.java:logGet(43)) - raft.server.log.statemachine.data.caching.enabled = true (custom)
2019-09-25 07:17:52,994 [pool-597-thread-1] INFO  segmented.SegmentedRaftLogWorker (SegmentedRaftLogWorker.java:lambda$new$0(132)) - 90159daf-3c81-4453-92e4-73076a8942a6@group-555F3790C976-SegmentedRaftLogWorker: flushIndex: setUnconditionally 0 -> -1
2019-09-25 07:17:52,994 [pool-597-thread-1] INFO  server.RaftServerConfigKeys (ConfUtils.java:logGet(43)) - raft.server.snapshot.auto.trigger.enabled = true (custom)
2019-09-25 07:17:52,994 [pool-597-thread-1] INFO  server.RaftServerConfigKeys (ConfUtils.java:logGet(43)) - raft.server.snapshot.auto.trigger.threshold = 10000 (custom)
2019-09-25 07:17:52,994 [pool-597-thread-1] INFO  server.RaftServerConfigKeys (ConfUtils.java:logGet(43)) - raft.server.snapshot.retention.num.files = 5 (custom)
2019-09-25 07:17:52,994 [pool-597-thread-1] INFO  server.RaftServerConfigKeys (ConfUtils.java:logGet(43)) - raft.server.retrycache.expirytime = 600000ms (custom)
2019-09-25 07:17:52,996 [pool-597-thread-1] INFO  impl.RaftServerImpl (RaftServerImpl.java:start(185)) - 90159daf-3c81-4453-92e4-73076a8942a6@group-555F3790C976: start as a follower, conf=-1: [90159daf-3c81-4453-92e4-73076a8942a6:192.168.30.10:36509], old=null
2019-09-25 07:17:52,996 [pool-597-thread-1] INFO  impl.RaftServerImpl (RaftServerImpl.java:setRole(174)) - 90159daf-3c81-4453-92e4-73076a8942a6@group-555F3790C976: changes role from      null to FOLLOWER at term 0 for startAsFollower
2019-09-25 07:17:52,996 [pool-597-thread-1] INFO  impl.RoleInfo (RoleInfo.java:updateAndGet(143)) - 90159daf-3c81-4453-92e4-73076a8942a6: start FollowerState
2019-09-25 07:17:52,996 [pool-597-thread-1] INFO  util.JmxRegister (JmxRegister.java:tryRegister(44)) - Successfully registered JMX Bean with object name Ratis:service=RaftServer,group=group-555F3790C976,id=90159daf-3c81-4453-92e4-73076a8942a6
2019-09-25 07:17:52,999 [RatisPipelineUtilsThread] INFO  pipeline.PipelineStateManager (PipelineStateManager.java:addPipeline(56)) - Created pipeline Pipeline[ Id: db3506c9-ae9d-410a-aaf7-555f3790c976, Nodes: 90159daf-3c81-4453-92e4-73076a8942a6{ip: 192.168.30.10, host: pr-hdds-1569-s62bp-3040748787, networkLocation: /default-rack, certSerialId: null}, Type:RATIS, Factor:ONE, State:OPEN]
2019-09-25 07:17:52,999 [RatisPipelineUtilsThread] INFO  pipeline.PipelinePlacementPolicy (PipelinePlacementPolicy.java:meetCriteria(91)) - Pipeline Placement: Doesn't meet the criteria to be viable node： fff08b05-7b9b-4778-997a-3a1197d0a18b Heaviness: 6 limit: 5
2019-09-25 07:17:53,000 [RatisPipelineUtilsThread] INFO  pipeline.PipelinePlacementPolicy (PipelinePlacementPolicy.java:meetCriteria(91)) - Pipeline Placement: Doesn't meet the criteria to be viable node： e99140d1-99dc-4b8a-b769-82908fed16ee Heaviness: 6 limit: 5
2019-09-25 07:17:53,005 [grpc-default-executor-0] INFO  impl.RaftServerProxy (RaftServerProxy.java:addNew(89)) - 90159daf-3c81-4453-92e4-73076a8942a6: addNew group-E9EFF6492E74:[90159daf-3c81-4453-92e4-73076a8942a6:192.168.30.10:36509] returns group-E9EFF6492E74:java.util.concurrent.CompletableFuture@3180d0c5[Not completed]
2019-09-25 07:17:53,006 [pool-597-thread-1] INFO  impl.RaftServerImpl (RaftServerImpl.java:<init>(95)) - 90159daf-3c81-4453-92e4-73076a8942a6: new RaftServerImpl for group-E9EFF6492E74:[90159daf-3c81-4453-92e4-73076a8942a6:192.168.30.10:36509] with ContainerStateMachine:uninitialized
2019-09-25 07:17:53,006 [pool-597-thread-1] INFO  server.RaftServerConfigKeys (ConfUtils.java:logGet(43)) - raft.server.rpc.timeout.min = 5s (custom)
2019-09-25 07:17:53,006 [pool-597-thread-1] INFO  server.RaftServerConfigKeys (ConfUtils.java:logGet(43)) - raft.server.rpc.timeout.max = 5200ms (custom)
2019-09-25 07:17:53,006 [pool-597-thread-1] INFO  server.RaftServerConfigKeys (ConfUtils.java:logGet(43)) - raft.server.rpcslowness.timeout = 120s (custom)
2019-09-25 07:17:53,006 [pool-597-thread-1] INFO  server.RaftServerConfigKeys (ConfUtils.java:logGet(43)) - raft.server.sleep.deviation.threshold = 300 (default)
2019-09-25 07:17:53,006 [pool-597-thread-1] INFO  server.RaftServerConfigKeys (ConfUtils.java:logGet(43)) - raft.server.log.appender.install.snapshot.enabled = false (custom)
2019-09-25 07:17:53,006 [pool-597-thread-1] INFO  impl.RaftServerImpl (ServerState.java:<init>(103)) - 90159daf-3c81-4453-92e4-73076a8942a6@group-E9EFF6492E74: ConfigurationManager, init=-1: [90159daf-3c81-4453-92e4-73076a8942a6:192.168.30.10:36509], old=null, confs=<EMPTY_MAP>
2019-09-25 07:17:53,006 [pool-597-thread-1] INFO  server.RaftServerConfigKeys (ConfUtils.java:logGet(43)) - raft.server.storage.dir = [/workdir/hadoop-ozone/ozonefs/target/test-dir/MiniOzoneClusterImpl-78b0c751-90b1-4f70-8119-c134e40e838a/datanode-2/data/ratis] (custom)
2019-09-25 07:17:53,007 [pool-597-thread-1] INFO  storage.RaftStorageDirectory (RaftStorageDirectory.java:analyzeStorage(246)) - The storage directory /workdir/hadoop-ozone/ozonefs/target/test-dir/MiniOzoneClusterImpl-78b0c751-90b1-4f70-8119-c134e40e838a/datanode-2/data/ratis/06a700cf-b408-4d0e-9117-e9eff6492e74 does not exist. Creating ...
2019-09-25 07:17:53,014 [pool-597-thread-1] INFO  storage.RaftStorageDirectory (RaftStorageDirectory.java:tryLock(328)) - Lock on /workdir/hadoop-ozone/ozonefs/target/test-dir/MiniOzoneClusterImpl-78b0c751-90b1-4f70-8119-c134e40e838a/datanode-2/data/ratis/06a700cf-b408-4d0e-9117-e9eff6492e74/in_use.lock acquired by nodename 12714@pr-hdds-1569-s62bp-3040748787
2019-09-25 07:17:53,027 [pool-597-thread-1] INFO  storage.RaftStorage (RaftStorage.java:format(72)) - Storage directory /workdir/hadoop-ozone/ozonefs/target/test-dir/MiniOzoneClusterImpl-78b0c751-90b1-4f70-8119-c134e40e838a/datanode-2/data/ratis/06a700cf-b408-4d0e-9117-e9eff6492e74 has been successfully formatted.
2019-09-25 07:17:53,027 [pool-597-thread-1] INFO  ratis.ContainerStateMachine (ContainerStateMachine.java:loadSnapshot(230)) - group-E9EFF6492E74: The snapshot info is null. Setting the last applied indexto:(t:0, i:~)
2019-09-25 07:17:53,028 [pool-597-thread-1] INFO  server.RaftServerConfigKeys (ConfUtils.java:logGet(43)) - raft.server.notification.no-leader.timeout = 120s (custom)
2019-09-25 07:17:53,028 [pool-597-thread-1] INFO  server.RaftServerConfigKeys (ConfUtils.java:logGet(43)) - raft.server.log.use.memory = false (default)
2019-09-25 07:17:53,028 [pool-597-thread-1] INFO  server.RaftServerConfigKeys (ConfUtils.java:logGet(43)) - raft.server.log.purge.gap = 1000000 (custom)
2019-09-25 07:17:53,028 [pool-597-thread-1] INFO  server.RaftServerConfigKeys (ConfUtils.java:logGet(43)) - raft.server.log.appender.buffer.byte-limit = 33554432 (custom)
2019-09-25 07:17:53,028 [pool-597-thread-1] INFO  server.RaftServerConfigKeys (ConfUtils.java:logGet(43)) - raft.server.log.segment.size.max = 1048576 (custom)
2019-09-25 07:17:53,028 [pool-597-thread-1] INFO  server.RaftServerConfigKeys (ConfUtils.java:logGet(43)) - raft.server.log.segment.cache.num.max = 2 (custom)
2019-09-25 07:17:53,028 [pool-597-thread-1] INFO  segmented.SegmentedRaftLogWorker (SegmentedRaftLogWorker.java:<init>(172)) - new 90159daf-3c81-4453-92e4-73076a8942a6@group-E9EFF6492E74-SegmentedRaftLogWorker for RaftStorage:Storage Directory /workdir/hadoop-ozone/ozonefs/target/test-dir/MiniOzoneClusterImpl-78b0c751-90b1-4f70-8119-c134e40e838a/datanode-2/data/ratis/06a700cf-b408-4d0e-9117-e9eff6492e74
2019-09-25 07:17:53,028 [pool-597-thread-1] INFO  server.RaftServerConfigKeys (ConfUtils.java:logGet(43)) - raft.server.log.queue.byte-limit = 2147483647 (custom)
2019-09-25 07:17:53,029 [pool-597-thread-1] INFO  server.RaftServerConfigKeys (ConfUtils.java:logGet(43)) - raft.server.log.queue.element-limit = 1024 (custom)
2019-09-25 07:17:53,029 [pool-597-thread-1] INFO  server.RaftServerConfigKeys (ConfUtils.java:logGet(43)) - raft.server.log.segment.size.max = 1048576 (custom)
2019-09-25 07:17:53,029 [pool-597-thread-1] INFO  server.RaftServerConfigKeys (ConfUtils.java:logGet(43)) - raft.server.log.preallocated.size = 16384 (custom)
2019-09-25 07:17:53,029 [pool-597-thread-1] INFO  server.RaftServerConfigKeys (ConfUtils.java:logGet(43)) - raft.server.log.write.buffer.size = 33554432 (custom)
2019-09-25 07:17:53,029 [pool-597-thread-1] INFO  server.RaftServerConfigKeys (ConfUtils.java:logGet(43)) - raft.server.log.force.sync.num = 128 (default)
2019-09-25 07:17:53,029 [pool-597-thread-1] INFO  server.RaftServerConfigKeys (ConfUtils.java:logGet(43)) - raft.server.log.statemachine.data.sync = true (default)
2019-09-25 07:17:53,029 [pool-597-thread-1] INFO  server.RaftServerConfigKeys (ConfUtils.java:logGet(43)) - raft.server.log.statemachine.data.sync.timeout = 10s (default)
2019-09-25 07:17:53,029 [pool-597-thread-1] INFO  server.RaftServerConfigKeys (ConfUtils.java:logGet(43)) - raft.server.log.statemachine.data.sync.timeout.retry = -1 (default)
2019-09-25 07:17:53,029 [pool-597-thread-1] INFO  server.RaftServerConfigKeys (ConfUtils.java:logGet(43)) - raft.server.log.statemachine.data.caching.enabled = true (custom)
2019-09-25 07:17:53,030 [pool-597-thread-1] INFO  segmented.SegmentedRaftLogWorker (SegmentedRaftLogWorker.java:lambda$new$0(132)) - 90159daf-3c81-4453-92e4-73076a8942a6@group-E9EFF6492E74-SegmentedRaftLogWorker: flushIndex: setUnconditionally 0 -> -1
2019-09-25 07:17:53,030 [pool-597-thread-1] INFO  server.RaftServerConfigKeys (ConfUtils.java:logGet(43)) - raft.server.snapshot.auto.trigger.enabled = true (custom)
2019-09-25 07:17:53,030 [pool-597-thread-1] INFO  server.RaftServerConfigKeys (ConfUtils.java:logGet(43)) - raft.server.snapshot.auto.trigger.threshold = 10000 (custom)
2019-09-25 07:17:53,030 [pool-597-thread-1] INFO  server.RaftServerConfigKeys (ConfUtils.java:logGet(43)) - raft.server.snapshot.retention.num.files = 5 (custom)
2019-09-25 07:17:53,030 [pool-597-thread-1] INFO  server.RaftServerConfigKeys (ConfUtils.java:logGet(43)) - raft.server.retrycache.expirytime = 600000ms (custom)
2019-09-25 07:17:53,032 [pool-597-thread-1] INFO  impl.RaftServerImpl (RaftServerImpl.java:start(185)) - 90159daf-3c81-4453-92e4-73076a8942a6@group-E9EFF6492E74: start as a follower, conf=-1: [90159daf-3c81-4453-92e4-73076a8942a6:192.168.30.10:36509], old=null
2019-09-25 07:17:53,032 [pool-597-thread-1] INFO  impl.RaftServerImpl (RaftServerImpl.java:setRole(174)) - 90159daf-3c81-4453-92e4-73076a8942a6@group-E9EFF6492E74: changes role from      null to FOLLOWER at term 0 for startAsFollower
2019-09-25 07:17:53,032 [pool-597-thread-1] INFO  impl.RoleInfo (RoleInfo.java:updateAndGet(143)) - 90159daf-3c81-4453-92e4-73076a8942a6: start FollowerState
2019-09-25 07:17:53,032 [pool-597-thread-1] INFO  util.JmxRegister (JmxRegister.java:tryRegister(44)) - Successfully registered JMX Bean with object name Ratis:service=RaftServer,group=group-E9EFF6492E74,id=90159daf-3c81-4453-92e4-73076a8942a6
2019-09-25 07:17:53,035 [RatisPipelineUtilsThread] INFO  pipeline.PipelineStateManager (PipelineStateManager.java:addPipeline(56)) - Created pipeline Pipeline[ Id: 06a700cf-b408-4d0e-9117-e9eff6492e74, Nodes: 90159daf-3c81-4453-92e4-73076a8942a6{ip: 192.168.30.10, host: pr-hdds-1569-s62bp-3040748787, networkLocation: /default-rack, certSerialId: null}, Type:RATIS, Factor:ONE, State:OPEN]
2019-09-25 07:17:53,035 [RatisPipelineUtilsThread] INFO  pipeline.PipelinePlacementPolicy (PipelinePlacementPolicy.java:meetCriteria(91)) - Pipeline Placement: Doesn't meet the criteria to be viable node： fff08b05-7b9b-4778-997a-3a1197d0a18b Heaviness: 6 limit: 5
2019-09-25 07:17:53,036 [RatisPipelineUtilsThread] INFO  pipeline.PipelinePlacementPolicy (PipelinePlacementPolicy.java:meetCriteria(91)) - Pipeline Placement: Doesn't meet the criteria to be viable node： e99140d1-99dc-4b8a-b769-82908fed16ee Heaviness: 6 limit: 5
2019-09-25 07:17:53,041 [grpc-default-executor-0] INFO  impl.RaftServerProxy (RaftServerProxy.java:addNew(89)) - 90159daf-3c81-4453-92e4-73076a8942a6: addNew group-44300EF68272:[90159daf-3c81-4453-92e4-73076a8942a6:192.168.30.10:36509] returns group-44300EF68272:java.util.concurrent.CompletableFuture@5f5aeb5c[Not completed]
2019-09-25 07:17:53,042 [pool-597-thread-1] INFO  impl.RaftServerImpl (RaftServerImpl.java:<init>(95)) - 90159daf-3c81-4453-92e4-73076a8942a6: new RaftServerImpl for group-44300EF68272:[90159daf-3c81-4453-92e4-73076a8942a6:192.168.30.10:36509] with ContainerStateMachine:uninitialized
2019-09-25 07:17:53,042 [pool-597-thread-1] INFO  server.RaftServerConfigKeys (ConfUtils.java:logGet(43)) - raft.server.rpc.timeout.min = 5s (custom)
2019-09-25 07:17:53,042 [pool-597-thread-1] INFO  server.RaftServerConfigKeys (ConfUtils.java:logGet(43)) - raft.server.rpc.timeout.max = 5200ms (custom)
2019-09-25 07:17:53,042 [pool-597-thread-1] INFO  server.RaftServerConfigKeys (ConfUtils.java:logGet(43)) - raft.server.rpcslowness.timeout = 120s (custom)
2019-09-25 07:17:53,042 [pool-597-thread-1] INFO  server.RaftServerConfigKeys (ConfUtils.java:logGet(43)) - raft.server.sleep.deviation.threshold = 300 (default)
2019-09-25 07:17:53,042 [pool-597-thread-1] INFO  server.RaftServerConfigKeys (ConfUtils.java:logGet(43)) - raft.server.log.appender.install.snapshot.enabled = false (custom)
2019-09-25 07:17:53,042 [pool-597-thread-1] INFO  impl.RaftServerImpl (ServerState.java:<init>(103)) - 90159daf-3c81-4453-92e4-73076a8942a6@group-44300EF68272: ConfigurationManager, init=-1: [90159daf-3c81-4453-92e4-73076a8942a6:192.168.30.10:36509], old=null, confs=<EMPTY_MAP>
2019-09-25 07:17:53,042 [pool-597-thread-1] INFO  server.RaftServerConfigKeys (ConfUtils.java:logGet(43)) - raft.server.storage.dir = [/workdir/hadoop-ozone/ozonefs/target/test-dir/MiniOzoneClusterImpl-78b0c751-90b1-4f70-8119-c134e40e838a/datanode-2/data/ratis] (custom)
2019-09-25 07:17:53,043 [pool-597-thread-1] INFO  storage.RaftStorageDirectory (RaftStorageDirectory.java:analyzeStorage(246)) - The storage directory /workdir/hadoop-ozone/ozonefs/target/test-dir/MiniOzoneClusterImpl-78b0c751-90b1-4f70-8119-c134e40e838a/datanode-2/data/ratis/f60a9fc4-d1ef-4021-adad-44300ef68272 does not exist. Creating ...
2019-09-25 07:17:53,056 [pool-597-thread-1] INFO  storage.RaftStorageDirectory (RaftStorageDirectory.java:tryLock(328)) - Lock on /workdir/hadoop-ozone/ozonefs/target/test-dir/MiniOzoneClusterImpl-78b0c751-90b1-4f70-8119-c134e40e838a/datanode-2/data/ratis/f60a9fc4-d1ef-4021-adad-44300ef68272/in_use.lock acquired by nodename 12714@pr-hdds-1569-s62bp-3040748787
2019-09-25 07:17:53,068 [pool-597-thread-1] INFO  storage.RaftStorage (RaftStorage.java:format(72)) - Storage directory /workdir/hadoop-ozone/ozonefs/target/test-dir/MiniOzoneClusterImpl-78b0c751-90b1-4f70-8119-c134e40e838a/datanode-2/data/ratis/f60a9fc4-d1ef-4021-adad-44300ef68272 has been successfully formatted.
2019-09-25 07:17:53,069 [pool-597-thread-1] INFO  ratis.ContainerStateMachine (ContainerStateMachine.java:loadSnapshot(230)) - group-44300EF68272: The snapshot info is null. Setting the last applied indexto:(t:0, i:~)
2019-09-25 07:17:53,069 [pool-597-thread-1] INFO  server.RaftServerConfigKeys (ConfUtils.java:logGet(43)) - raft.server.notification.no-leader.timeout = 120s (custom)
2019-09-25 07:17:53,069 [pool-597-thread-1] INFO  server.RaftServerConfigKeys (ConfUtils.java:logGet(43)) - raft.server.log.use.memory = false (default)
2019-09-25 07:17:53,069 [pool-597-thread-1] INFO  server.RaftServerConfigKeys (ConfUtils.java:logGet(43)) - raft.server.log.purge.gap = 1000000 (custom)
2019-09-25 07:17:53,069 [pool-597-thread-1] INFO  server.RaftServerConfigKeys (ConfUtils.java:logGet(43)) - raft.server.log.appender.buffer.byte-limit = 33554432 (custom)
2019-09-25 07:17:53,069 [pool-597-thread-1] INFO  server.RaftServerConfigKeys (ConfUtils.java:logGet(43)) - raft.server.log.segment.size.max = 1048576 (custom)
2019-09-25 07:17:53,069 [pool-597-thread-1] INFO  server.RaftServerConfigKeys (ConfUtils.java:logGet(43)) - raft.server.log.segment.cache.num.max = 2 (custom)
2019-09-25 07:17:53,070 [pool-597-thread-1] INFO  segmented.SegmentedRaftLogWorker (SegmentedRaftLogWorker.java:<init>(172)) - new 90159daf-3c81-4453-92e4-73076a8942a6@group-44300EF68272-SegmentedRaftLogWorker for RaftStorage:Storage Directory /workdir/hadoop-ozone/ozonefs/target/test-dir/MiniOzoneClusterImpl-78b0c751-90b1-4f70-8119-c134e40e838a/datanode-2/data/ratis/f60a9fc4-d1ef-4021-adad-44300ef68272
2019-09-25 07:17:53,070 [pool-597-thread-1] INFO  server.RaftServerConfigKeys (ConfUtils.java:logGet(43)) - raft.server.log.queue.byte-limit = 2147483647 (custom)
2019-09-25 07:17:53,070 [pool-597-thread-1] INFO  server.RaftServerConfigKeys (ConfUtils.java:logGet(43)) - raft.server.log.queue.element-limit = 1024 (custom)
2019-09-25 07:17:53,070 [pool-597-thread-1] INFO  server.RaftServerConfigKeys (ConfUtils.java:logGet(43)) - raft.server.log.segment.size.max = 1048576 (custom)
2019-09-25 07:17:53,070 [pool-597-thread-1] INFO  server.RaftServerConfigKeys (ConfUtils.java:logGet(43)) - raft.server.log.preallocated.size = 16384 (custom)
2019-09-25 07:17:53,070 [pool-597-thread-1] INFO  server.RaftServerConfigKeys (ConfUtils.java:logGet(43)) - raft.server.log.write.buffer.size = 33554432 (custom)
2019-09-25 07:17:53,070 [pool-597-thread-1] INFO  server.RaftServerConfigKeys (ConfUtils.java:logGet(43)) - raft.server.log.force.sync.num = 128 (default)
2019-09-25 07:17:53,070 [pool-597-thread-1] INFO  server.RaftServerConfigKeys (ConfUtils.java:logGet(43)) - raft.server.log.statemachine.data.sync = true (default)
2019-09-25 07:17:53,070 [pool-597-thread-1] INFO  server.RaftServerConfigKeys (ConfUtils.java:logGet(43)) - raft.server.log.statemachine.data.sync.timeout = 10s (default)
2019-09-25 07:17:53,071 [pool-597-thread-1] INFO  server.RaftServerConfigKeys (ConfUtils.java:logGet(43)) - raft.server.log.statemachine.data.sync.timeout.retry = -1 (default)
2019-09-25 07:17:53,071 [pool-597-thread-1] INFO  server.RaftServerConfigKeys (ConfUtils.java:logGet(43)) - raft.server.log.statemachine.data.caching.enabled = true (custom)
2019-09-25 07:17:53,071 [pool-597-thread-1] INFO  segmented.SegmentedRaftLogWorker (SegmentedRaftLogWorker.java:lambda$new$0(132)) - 90159daf-3c81-4453-92e4-73076a8942a6@group-44300EF68272-SegmentedRaftLogWorker: flushIndex: setUnconditionally 0 -> -1
2019-09-25 07:17:53,071 [pool-597-thread-1] INFO  server.RaftServerConfigKeys (ConfUtils.java:logGet(43)) - raft.server.snapshot.auto.trigger.enabled = true (custom)
2019-09-25 07:17:53,071 [pool-597-thread-1] INFO  server.RaftServerConfigKeys (ConfUtils.java:logGet(43)) - raft.server.snapshot.auto.trigger.threshold = 10000 (custom)
2019-09-25 07:17:53,072 [pool-597-thread-1] INFO  server.RaftServerConfigKeys (ConfUtils.java:logGet(43)) - raft.server.snapshot.retention.num.files = 5 (custom)
2019-09-25 07:17:53,072 [pool-597-thread-1] INFO  server.RaftServerConfigKeys (ConfUtils.java:logGet(43)) - raft.server.retrycache.expirytime = 600000ms (custom)
2019-09-25 07:17:53,073 [pool-597-thread-1] INFO  impl.RaftServerImpl (RaftServerImpl.java:start(185)) - 90159daf-3c81-4453-92e4-73076a8942a6@group-44300EF68272: start as a follower, conf=-1: [90159daf-3c81-4453-92e4-73076a8942a6:192.168.30.10:36509], old=null
2019-09-25 07:17:53,073 [pool-597-thread-1] INFO  impl.RaftServerImpl (RaftServerImpl.java:setRole(174)) - 90159daf-3c81-4453-92e4-73076a8942a6@group-44300EF68272: changes role from      null to FOLLOWER at term 0 for startAsFollower
2019-09-25 07:17:53,073 [pool-597-thread-1] INFO  impl.RoleInfo (RoleInfo.java:updateAndGet(143)) - 90159daf-3c81-4453-92e4-73076a8942a6: start FollowerState
2019-09-25 07:17:53,074 [pool-597-thread-1] INFO  util.JmxRegister (JmxRegister.java:tryRegister(44)) - Successfully registered JMX Bean with object name Ratis:service=RaftServer,group=group-44300EF68272,id=90159daf-3c81-4453-92e4-73076a8942a6
2019-09-25 07:17:53,077 [RatisPipelineUtilsThread] INFO  pipeline.PipelineStateManager (PipelineStateManager.java:addPipeline(56)) - Created pipeline Pipeline[ Id: f60a9fc4-d1ef-4021-adad-44300ef68272, Nodes: 90159daf-3c81-4453-92e4-73076a8942a6{ip: 192.168.30.10, host: pr-hdds-1569-s62bp-3040748787, networkLocation: /default-rack, certSerialId: null}, Type:RATIS, Factor:ONE, State:OPEN]
2019-09-25 07:17:53,077 [RatisPipelineUtilsThread] INFO  pipeline.PipelinePlacementPolicy (PipelinePlacementPolicy.java:meetCriteria(91)) - Pipeline Placement: Doesn't meet the criteria to be viable node： 90159daf-3c81-4453-92e4-73076a8942a6 Heaviness: 6 limit: 5
2019-09-25 07:17:53,077 [RatisPipelineUtilsThread] INFO  pipeline.PipelinePlacementPolicy (PipelinePlacementPolicy.java:meetCriteria(91)) - Pipeline Placement: Doesn't meet the criteria to be viable node： fff08b05-7b9b-4778-997a-3a1197d0a18b Heaviness: 6 limit: 5
2019-09-25 07:17:53,078 [RatisPipelineUtilsThread] INFO  pipeline.PipelinePlacementPolicy (PipelinePlacementPolicy.java:meetCriteria(91)) - Pipeline Placement: Doesn't meet the criteria to be viable node： e99140d1-99dc-4b8a-b769-82908fed16ee Heaviness: 6 limit: 5
2019-09-25 07:17:53,078 [RatisPipelineUtilsThread] ERROR pipeline.PipelinePlacementPolicy (PipelinePlacementPolicy.java:filterViableNodes(148)) - Unable to find enough nodes that meet the criteria that cannot engage in more than 5 pipelines. Nodes required: 1 Found: 0, healthy nodes count inNodeManager: 3.
2019-09-25 07:17:53,078 [RatisPipelineUtilsThread] ERROR pipeline.SCMPipelineManager (SCMPipelineManager.java:createPipeline(167)) - Pipeline creation failed due to exception: Unable to find enough nodes that meet the criteria that cannot engage in more than 5 pipelines. Nodes required: 1 Found: 0, healthy nodes count inNodeManager: 3.
2019-09-25 07:17:53,078 [RatisPipelineUtilsThread] INFO  pipeline.PipelinePlacementPolicy (PipelinePlacementPolicy.java:meetCriteria(91)) - Pipeline Placement: Doesn't meet the criteria to be viable node： 90159daf-3c81-4453-92e4-73076a8942a6 Heaviness: 6 limit: 5
2019-09-25 07:17:53,078 [RatisPipelineUtilsThread] INFO  pipeline.PipelinePlacementPolicy (PipelinePlacementPolicy.java:meetCriteria(91)) - Pipeline Placement: Doesn't meet the criteria to be viable node： fff08b05-7b9b-4778-997a-3a1197d0a18b Heaviness: 6 limit: 5
2019-09-25 07:17:53,078 [RatisPipelineUtilsThread] INFO  pipeline.PipelinePlacementPolicy (PipelinePlacementPolicy.java:meetCriteria(91)) - Pipeline Placement: Doesn't meet the criteria to be viable node： e99140d1-99dc-4b8a-b769-82908fed16ee Heaviness: 6 limit: 5
2019-09-25 07:17:53,078 [RatisPipelineUtilsThread] ERROR pipeline.PipelinePlacementPolicy (PipelinePlacementPolicy.java:filterViableNodes(148)) - Unable to find enough nodes that meet the criteria that cannot engage in more than 5 pipelines. Nodes required: 3 Found: 0, healthy nodes count inNodeManager: 3.
2019-09-25 07:17:53,078 [RatisPipelineUtilsThread] ERROR pipeline.SCMPipelineManager (SCMPipelineManager.java:createPipeline(167)) - Pipeline creation failed due to exception: Unable to find enough nodes that meet the criteria that cannot engage in more than 5 pipelines. Nodes required: 3 Found: 0, healthy nodes count inNodeManager: 3.
2019-09-25 07:17:53,078 [RatisPipelineUtilsThread] INFO  pipeline.PipelinePlacementPolicy (PipelinePlacementPolicy.java:meetCriteria(91)) - Pipeline Placement: Doesn't meet the criteria to be viable node： 90159daf-3c81-4453-92e4-73076a8942a6 Heaviness: 6 limit: 5
2019-09-25 07:17:53,079 [RatisPipelineUtilsThread] INFO  pipeline.PipelinePlacementPolicy (PipelinePlacementPolicy.java:meetCriteria(91)) - Pipeline Placement: Doesn't meet the criteria to be viable node： fff08b05-7b9b-4778-997a-3a1197d0a18b Heaviness: 6 limit: 5
2019-09-25 07:17:53,079 [RatisPipelineUtilsThread] INFO  pipeline.PipelinePlacementPolicy (PipelinePlacementPolicy.java:meetCriteria(91)) - Pipeline Placement: Doesn't meet the criteria to be viable node： e99140d1-99dc-4b8a-b769-82908fed16ee Heaviness: 6 limit: 5
2019-09-25 07:17:53,079 [RatisPipelineUtilsThread] ERROR pipeline.PipelinePlacementPolicy (PipelinePlacementPolicy.java:filterViableNodes(148)) - Unable to find enough nodes that meet the criteria that cannot engage in more than 5 pipelines. Nodes required: 1 Found: 0, healthy nodes count inNodeManager: 3.
2019-09-25 07:17:53,079 [RatisPipelineUtilsThread] ERROR pipeline.SCMPipelineManager (SCMPipelineManager.java:createPipeline(167)) - Pipeline creation failed due to exception: Unable to find enough nodes that meet the criteria that cannot engage in more than 5 pipelines. Nodes required: 1 Found: 0, healthy nodes count inNodeManager: 3.
2019-09-25 07:17:53,079 [RatisPipelineUtilsThread] INFO  pipeline.PipelinePlacementPolicy (PipelinePlacementPolicy.java:meetCriteria(91)) - Pipeline Placement: Doesn't meet the criteria to be viable node： 90159daf-3c81-4453-92e4-73076a8942a6 Heaviness: 6 limit: 5
2019-09-25 07:17:53,079 [RatisPipelineUtilsThread] INFO  pipeline.PipelinePlacementPolicy (PipelinePlacementPolicy.java:meetCriteria(91)) - Pipeline Placement: Doesn't meet the criteria to be viable node： fff08b05-7b9b-4778-997a-3a1197d0a18b Heaviness: 6 limit: 5
2019-09-25 07:17:53,079 [RatisPipelineUtilsThread] INFO  pipeline.PipelinePlacementPolicy (PipelinePlacementPolicy.java:meetCriteria(91)) - Pipeline Placement: Doesn't meet the criteria to be viable node： e99140d1-99dc-4b8a-b769-82908fed16ee Heaviness: 6 limit: 5
2019-09-25 07:17:53,079 [RatisPipelineUtilsThread] ERROR pipeline.PipelinePlacementPolicy (PipelinePlacementPolicy.java:filterViableNodes(148)) - Unable to find enough nodes that meet the criteria that cannot engage in more than 5 pipelines. Nodes required: 3 Found: 0, healthy nodes count inNodeManager: 3.
2019-09-25 07:17:53,079 [RatisPipelineUtilsThread] ERROR pipeline.SCMPipelineManager (SCMPipelineManager.java:createPipeline(167)) - Pipeline creation failed due to exception: Unable to find enough nodes that meet the criteria that cannot engage in more than 5 pipelines. Nodes required: 3 Found: 0, healthy nodes count inNodeManager: 3.
2019-09-25 07:17:53,586 [main] INFO  ozone.MiniOzoneClusterImpl (MiniOzoneClusterImpl.java:lambda$waitForClusterToBeReady$0(147)) - Cluster is ready. Got 3 of 3 DN Heartbeats.
2019-09-25 07:17:53,662 [main] INFO  rpc.RpcClient (RpcClient.java:createVolume(276)) - Creating Volume: bsvpbqdrvv, with user38007 as owner.
2019-09-25 07:17:53,665 [IPC Server handler 2 on 35724] INFO  volume.OMVolumeCreateRequest (OMVolumeCreateRequest.java:validateAndUpdateCache(189)) - created volume:bsvpbqdrvv for user:user38007
2019-09-25 07:17:53,680 [main] INFO  rpc.RpcClient (RpcClient.java:createBucket(415)) - Creating Bucket: bsvpbqdrvv/cvqlsocmuq, with Versioning false and Storage Type set to DISK and Encryption set to false 
2019-09-25 07:17:53,721 [IPC Server handler 0 on 33066] INFO  pipeline.PipelinePlacementPolicy (PipelinePlacementPolicy.java:meetCriteria(91)) - Pipeline Placement: Doesn't meet the criteria to be viable node： 90159daf-3c81-4453-92e4-73076a8942a6 Heaviness: 6 limit: 5
2019-09-25 07:17:53,721 [IPC Server handler 0 on 33066] INFO  pipeline.PipelinePlacementPolicy (PipelinePlacementPolicy.java:meetCriteria(91)) - Pipeline Placement: Doesn't meet the criteria to be viable node： fff08b05-7b9b-4778-997a-3a1197d0a18b Heaviness: 6 limit: 5
2019-09-25 07:17:53,721 [IPC Server handler 0 on 33066] INFO  pipeline.PipelinePlacementPolicy (PipelinePlacementPolicy.java:meetCriteria(91)) - Pipeline Placement: Doesn't meet the criteria to be viable node： e99140d1-99dc-4b8a-b769-82908fed16ee Heaviness: 6 limit: 5
2019-09-25 07:17:53,721 [IPC Server handler 0 on 33066] ERROR pipeline.PipelinePlacementPolicy (PipelinePlacementPolicy.java:filterViableNodes(148)) - Unable to find enough nodes that meet the criteria that cannot engage in more than 5 pipelines. Nodes required: 3 Found: 0, healthy nodes count inNodeManager: 3.
2019-09-25 07:17:53,721 [IPC Server handler 0 on 33066] ERROR pipeline.SCMPipelineManager (SCMPipelineManager.java:createPipeline(167)) - Pipeline creation failed due to exception: Unable to find enough nodes that meet the criteria that cannot engage in more than 5 pipelines. Nodes required: 3 Found: 0, healthy nodes count inNodeManager: 3.
2019-09-25 07:17:53,722 [IPC Server handler 0 on 33066] WARN  block.BlockManagerImpl (BlockManagerImpl.java:allocateBlock(192)) - Pipeline creation failed for type:RATIS factor:THREE. Retrying get pipelines call once.
org.apache.hadoop.hdds.scm.exceptions.SCMException: Unable to find enough nodes that meet the criteria that cannot engage in more than 5 pipelines. Nodes required: 3 Found: 0, healthy nodes count inNodeManager: 3.
	at org.apache.hadoop.hdds.scm.pipeline.PipelinePlacementPolicy.filterViableNodes(PipelinePlacementPolicy.java:149)
	at org.apache.hadoop.hdds.scm.pipeline.PipelinePlacementPolicy.chooseDatanodes(PipelinePlacementPolicy.java:172)
	at org.apache.hadoop.hdds.scm.pipeline.RatisPipelineProvider.create(RatisPipelineProvider.java:93)
	at org.apache.hadoop.hdds.scm.pipeline.PipelineFactory.create(PipelineFactory.java:58)
	at org.apache.hadoop.hdds.scm.pipeline.SCMPipelineManager.createPipeline(SCMPipelineManager.java:155)
	at org.apache.hadoop.hdds.scm.block.BlockManagerImpl.allocateBlock(BlockManagerImpl.java:190)
	at org.apache.hadoop.hdds.scm.server.SCMBlockProtocolServer.allocateBlock(SCMBlockProtocolServer.java:182)
	at org.apache.hadoop.ozone.protocolPB.ScmBlockLocationProtocolServerSideTranslatorPB.allocateScmBlock(ScmBlockLocationProtocolServerSideTranslatorPB.java:183)
	at org.apache.hadoop.ozone.protocolPB.ScmBlockLocationProtocolServerSideTranslatorPB.processMessage(ScmBlockLocationProtocolServerSideTranslatorPB.java:141)
	at org.apache.hadoop.ozone.protocolPB.ScmBlockLocationProtocolServerSideTranslatorPB.send(ScmBlockLocationProtocolServerSideTranslatorPB.java:116)
	at org.apache.hadoop.hdds.protocol.proto.ScmBlockLocationProtocolProtos$ScmBlockLocationProtocolService$2.callBlockingMethod(ScmBlockLocationProtocolProtos.java:13157)
	at org.apache.hadoop.ipc.ProtobufRpcEngine$Server$ProtoBufRpcInvoker.call(ProtobufRpcEngine.java:524)
	at org.apache.hadoop.ipc.RPC$Server.call(RPC.java:1025)
	at org.apache.hadoop.ipc.Server$RpcCall.run(Server.java:876)
	at org.apache.hadoop.ipc.Server$RpcCall.run(Server.java:822)
	at java.security.AccessController.doPrivileged(Native Method)
	at javax.security.auth.Subject.doAs(Subject.java:422)
	at org.apache.hadoop.security.UserGroupInformation.doAs(UserGroupInformation.java:1730)
	at org.apache.hadoop.ipc.Server$Handler.run(Server.java:2682)
2019-09-25 07:17:53,722 [IPC Server handler 0 on 33066] INFO  block.BlockManagerImpl (BlockManagerImpl.java:allocateBlock(198)) - Could not find available pipeline of type:RATIS and factor:THREE even after retrying
2019-09-25 07:17:53,722 [IPC Server handler 0 on 33066] ERROR block.BlockManagerImpl (BlockManagerImpl.java:allocateBlock(222)) - Unable to allocate a block for the size: 4194304, type: RATIS, factor: THREE
2019-09-25 07:17:53,723 [main] INFO  ozone.MiniOzoneClusterImpl (MiniOzoneClusterImpl.java:shutdown(314)) - Shutting down the Mini Ozone Cluster
2019-09-25 07:17:53,724 [main] INFO  ozone.MiniOzoneClusterImpl (MiniOzoneClusterImpl.java:stop(330)) - Stopping the Mini Ozone Cluster
2019-09-25 07:17:53,724 [main] INFO  ozone.MiniOzoneClusterImpl (MiniOzoneClusterImpl.java:stopOM(400)) - Stopping the OzoneManager
2019-09-25 07:17:53,724 [main] INFO  ipc.Server (Server.java:stop(3082)) - Stopping server on 35724
2019-09-25 07:17:53,736 [IPC Server listener on 35724] INFO  ipc.Server (Server.java:run(1185)) - Stopping IPC Server listener on 35724
2019-09-25 07:17:53,736 [main] INFO  ratis.OzoneManagerDoubleBuffer (OzoneManagerDoubleBuffer.java:stop(248)) - Stopping OMDoubleBuffer flush thread
2019-09-25 07:17:53,736 [OMDoubleBufferFlushThread] INFO  ratis.OzoneManagerDoubleBuffer (OzoneManagerDoubleBuffer.java:flushTransactions(191)) - OMDoubleBuffer flush thread OMDoubleBufferFlushThread is interrupted and will exit. OMDoubleBufferFlushThread
2019-09-25 07:17:53,737 [IPC Server Responder] INFO  ipc.Server (Server.java:run(1319)) - Stopping IPC Server Responder
2019-09-25 07:17:53,739 [main] INFO  utils.BackgroundService (BackgroundService.java:shutdown(148)) - Shutting down service KeyDeletingService
2019-09-25 07:17:53,741 [main] INFO  handler.ContextHandler (ContextHandler.java:doStop(910)) - Stopped o.e.j.w.WebAppContext@4ef8090b{/,null,UNAVAILABLE}{/ozoneManager}
2019-09-25 07:17:53,742 [main] INFO  server.AbstractConnector (AbstractConnector.java:doStop(318)) - Stopped ServerConnector@6d31f14{HTTP/1.1,[http/1.1]}{0.0.0.0:0}
2019-09-25 07:17:53,742 [main] INFO  handler.ContextHandler (ContextHandler.java:doStop(910)) - Stopped o.e.j.s.ServletContextHandler@21540255{/static,jar:file:/home/user/.m2/repository/org/apache/hadoop/hadoop-ozone-ozone-manager/0.5.0-SNAPSHOT/hadoop-ozone-ozone-manager-0.5.0-SNAPSHOT.jar!/webapps/static,UNAVAILABLE}
2019-09-25 07:17:53,742 [main] INFO  handler.ContextHandler (ContextHandler.java:doStop(910)) - Stopped o.e.j.s.ServletContextHandler@32328dc4{/logs,file:///workdir/hadoop-ozone/ozonefs/target/log,UNAVAILABLE}
2019-09-25 07:17:53,744 [main] INFO  ozone.MiniOzoneClusterImpl (MiniOzoneClusterImpl.java:stopDatanodes(377)) - Stopping the HddsDatanodes
2019-09-25 07:17:54,404 [Datanode State Machine Thread - 0] INFO  statemachine.DatanodeStateMachine (DatanodeStateMachine.java:lambda$startDaemon$0(350)) - Ozone container server started.
2019-09-25 07:17:54,482 [Datanode State Machine Thread - 0] INFO  statemachine.DatanodeStateMachine (DatanodeStateMachine.java:lambda$startDaemon$0(350)) - Ozone container server started.
2019-09-25 07:17:55,419 [Thread-3025] INFO  container.ReplicationManager (ReplicationManager.java:start(163)) - Starting Replication Monitor Thread.
2019-09-25 07:17:55,423 [ReplicationMonitor] INFO  container.ReplicationManager (ReplicationManager.java:run(226)) - Replication Monitor Thread took 0 milliseconds for processing 0 containers.
2019-09-25 07:17:57,634 [Thread-3036] INFO  impl.FollowerState (FollowerState.java:run(106)) - e99140d1-99dc-4b8a-b769-82908fed16ee:group-6C5CDE498D25 changes to CANDIDATE, lastRpcTime:5079, electionTimeout:5079ms
2019-09-25 07:17:57,635 [Thread-3036] INFO  impl.RoleInfo (RoleInfo.java:shutdownFollowerState(121)) - e99140d1-99dc-4b8a-b769-82908fed16ee: shutdown FollowerState
2019-09-25 07:17:57,635 [Thread-3036] INFO  impl.RaftServerImpl (RaftServerImpl.java:setRole(174)) - e99140d1-99dc-4b8a-b769-82908fed16ee@group-6C5CDE498D25: changes role from  FOLLOWER to CANDIDATE at term 0 for changeToCandidate
2019-09-25 07:17:57,635 [Thread-3036] INFO  impl.RoleInfo (RoleInfo.java:updateAndGet(143)) - e99140d1-99dc-4b8a-b769-82908fed16ee: start LeaderElection
2019-09-25 07:17:57,651 [Thread-3033] INFO  impl.FollowerState (FollowerState.java:run(106)) - fff08b05-7b9b-4778-997a-3a1197d0a18b:group-A5CE5D582FCA changes to CANDIDATE, lastRpcTime:5121, electionTimeout:5121ms
2019-09-25 07:17:57,652 [Thread-3033] INFO  impl.RoleInfo (RoleInfo.java:shutdownFollowerState(121)) - fff08b05-7b9b-4778-997a-3a1197d0a18b: shutdown FollowerState
2019-09-25 07:17:57,652 [Thread-3033] INFO  impl.RaftServerImpl (RaftServerImpl.java:setRole(174)) - fff08b05-7b9b-4778-997a-3a1197d0a18b@group-A5CE5D582FCA: changes role from  FOLLOWER to CANDIDATE at term 0 for changeToCandidate
2019-09-25 07:17:57,652 [Thread-3033] INFO  impl.RoleInfo (RoleInfo.java:updateAndGet(143)) - fff08b05-7b9b-4778-997a-3a1197d0a18b: start LeaderElection
2019-09-25 07:17:57,662 [fff08b05-7b9b-4778-997a-3a1197d0a18b@group-A5CE5D582FCA:LeaderElection160] INFO  impl.LeaderElection (LeaderElection.java:askForVotes(182)) - fff08b05-7b9b-4778-997a-3a1197d0a18b@group-A5CE5D582FCA:LeaderElection160: begin an election at term 1 for -1: [fff08b05-7b9b-4778-997a-3a1197d0a18b:192.168.30.10:38557], old=null
2019-09-25 07:17:57,662 [e99140d1-99dc-4b8a-b769-82908fed16ee@group-6C5CDE498D25:LeaderElection159] INFO  impl.LeaderElection (LeaderElection.java:askForVotes(182)) - e99140d1-99dc-4b8a-b769-82908fed16ee@group-6C5CDE498D25:LeaderElection159: begin an election at term 1 for -1: [e99140d1-99dc-4b8a-b769-82908fed16ee:192.168.30.10:36618], old=null
2019-09-25 07:17:57,662 [fff08b05-7b9b-4778-997a-3a1197d0a18b@group-A5CE5D582FCA:LeaderElection160] INFO  impl.RoleInfo (RoleInfo.java:shutdownLeaderElection(134)) - fff08b05-7b9b-4778-997a-3a1197d0a18b: shutdown LeaderElection
2019-09-25 07:17:57,662 [e99140d1-99dc-4b8a-b769-82908fed16ee@group-6C5CDE498D25:LeaderElection159] INFO  impl.RoleInfo (RoleInfo.java:shutdownLeaderElection(134)) - e99140d1-99dc-4b8a-b769-82908fed16ee: shutdown LeaderElection
2019-09-25 07:17:57,662 [fff08b05-7b9b-4778-997a-3a1197d0a18b@group-A5CE5D582FCA:LeaderElection160] INFO  impl.RaftServerImpl (RaftServerImpl.java:setRole(174)) - fff08b05-7b9b-4778-997a-3a1197d0a18b@group-A5CE5D582FCA: changes role from CANDIDATE to LEADER at term 1 for changeToLeader
2019-09-25 07:17:57,663 [e99140d1-99dc-4b8a-b769-82908fed16ee@group-6C5CDE498D25:LeaderElection159] INFO  impl.RaftServerImpl (RaftServerImpl.java:setRole(174)) - e99140d1-99dc-4b8a-b769-82908fed16ee@group-6C5CDE498D25: changes role from CANDIDATE to LEADER at term 1 for changeToLeader
2019-09-25 07:17:57,663 [e99140d1-99dc-4b8a-b769-82908fed16ee@group-6C5CDE498D25:LeaderElection159] INFO  impl.RaftServerImpl (ServerState.java:setLeader(253)) - e99140d1-99dc-4b8a-b769-82908fed16ee@group-6C5CDE498D25: change Leader from null to e99140d1-99dc-4b8a-b769-82908fed16ee at term 1 for becomeLeader, leader elected after 5111ms
2019-09-25 07:17:57,663 [fff08b05-7b9b-4778-997a-3a1197d0a18b@group-A5CE5D582FCA:LeaderElection160] INFO  impl.RaftServerImpl (ServerState.java:setLeader(253)) - fff08b05-7b9b-4778-997a-3a1197d0a18b@group-A5CE5D582FCA: change Leader from null to fff08b05-7b9b-4778-997a-3a1197d0a18b at term 1 for becomeLeader, leader elected after 5138ms
2019-09-25 07:17:57,663 [e99140d1-99dc-4b8a-b769-82908fed16ee@group-6C5CDE498D25:LeaderElection159] INFO  server.RaftServerConfigKeys (ConfUtils.java:logGet(43)) - raft.server.staging.catchup.gap = 1000 (default)
2019-09-25 07:17:57,663 [fff08b05-7b9b-4778-997a-3a1197d0a18b@group-A5CE5D582FCA:LeaderElection160] INFO  server.RaftServerConfigKeys (ConfUtils.java:logGet(43)) - raft.server.staging.catchup.gap = 1000 (default)
2019-09-25 07:17:57,663 [e99140d1-99dc-4b8a-b769-82908fed16ee@group-6C5CDE498D25:LeaderElection159] INFO  server.RaftServerConfigKeys (ConfUtils.java:logGet(43)) - raft.server.rpc.sleep.time = 25ms (default)
2019-09-25 07:17:57,663 [fff08b05-7b9b-4778-997a-3a1197d0a18b@group-A5CE5D582FCA:LeaderElection160] INFO  server.RaftServerConfigKeys (ConfUtils.java:logGet(43)) - raft.server.rpc.sleep.time = 25ms (default)
2019-09-25 07:17:57,664 [e99140d1-99dc-4b8a-b769-82908fed16ee@group-6C5CDE498D25:LeaderElection159] INFO  server.RaftServerConfigKeys (ConfUtils.java:logGet(43)) - raft.server.write.element-limit = 4096 (default)
2019-09-25 07:17:57,664 [fff08b05-7b9b-4778-997a-3a1197d0a18b@group-A5CE5D582FCA:LeaderElection160] INFO  server.RaftServerConfigKeys (ConfUtils.java:logGet(43)) - raft.server.write.element-limit = 4096 (default)
2019-09-25 07:17:57,664 [e99140d1-99dc-4b8a-b769-82908fed16ee@group-6C5CDE498D25:LeaderElection159] INFO  server.RaftServerConfigKeys (ConfUtils.java:logGet(43)) - raft.server.watch.timeout = 10s (default)
2019-09-25 07:17:57,664 [fff08b05-7b9b-4778-997a-3a1197d0a18b@group-A5CE5D582FCA:LeaderElection160] INFO  server.RaftServerConfigKeys (ConfUtils.java:logGet(43)) - raft.server.watch.timeout = 10s (default)
2019-09-25 07:17:57,664 [e99140d1-99dc-4b8a-b769-82908fed16ee@group-6C5CDE498D25:LeaderElection159] INFO  server.RaftServerConfigKeys (ConfUtils.java:logGet(43)) - raft.server.watch.timeout.denomination = 1s (default)
2019-09-25 07:17:57,664 [fff08b05-7b9b-4778-997a-3a1197d0a18b@group-A5CE5D582FCA:LeaderElection160] INFO  server.RaftServerConfigKeys (ConfUtils.java:logGet(43)) - raft.server.watch.timeout.denomination = 1s (default)
2019-09-25 07:17:57,665 [e99140d1-99dc-4b8a-b769-82908fed16ee@group-6C5CDE498D25:LeaderElection159] INFO  server.RaftServerConfigKeys (ConfUtils.java:logGet(43)) - raft.server.watch.element-limit = 65536 (default)
2019-09-25 07:17:57,665 [fff08b05-7b9b-4778-997a-3a1197d0a18b@group-A5CE5D582FCA:LeaderElection160] INFO  server.RaftServerConfigKeys (ConfUtils.java:logGet(43)) - raft.server.watch.element-limit = 65536 (default)
2019-09-25 07:17:57,667 [Thread-3027] INFO  impl.FollowerState (FollowerState.java:run(106)) - e99140d1-99dc-4b8a-b769-82908fed16ee:group-EC044ED5C702 changes to CANDIDATE, lastRpcTime:5197, electionTimeout:5197ms
2019-09-25 07:17:57,667 [Thread-3027] INFO  impl.RoleInfo (RoleInfo.java:shutdownFollowerState(121)) - e99140d1-99dc-4b8a-b769-82908fed16ee: shutdown FollowerState
2019-09-25 07:17:57,667 [Thread-3027] INFO  impl.RaftServerImpl (RaftServerImpl.java:setRole(174)) - e99140d1-99dc-4b8a-b769-82908fed16ee@group-EC044ED5C702: changes role from  FOLLOWER to CANDIDATE at term 0 for changeToCandidate
2019-09-25 07:17:57,668 [Thread-3027] INFO  impl.RoleInfo (RoleInfo.java:updateAndGet(143)) - e99140d1-99dc-4b8a-b769-82908fed16ee: start LeaderElection
2019-09-25 07:17:57,671 [Thread-3042] INFO  impl.FollowerState (FollowerState.java:run(106)) - e99140d1-99dc-4b8a-b769-82908fed16ee:group-865B49AB352B changes to CANDIDATE, lastRpcTime:5059, electionTimeout:5057ms
2019-09-25 07:17:57,671 [Thread-3042] INFO  impl.RoleInfo (RoleInfo.java:shutdownFollowerState(121)) - e99140d1-99dc-4b8a-b769-82908fed16ee: shutdown FollowerState
2019-09-25 07:17:57,671 [Thread-3042] INFO  impl.RaftServerImpl (RaftServerImpl.java:setRole(174)) - e99140d1-99dc-4b8a-b769-82908fed16ee@group-865B49AB352B: changes role from  FOLLOWER to CANDIDATE at term 0 for changeToCandidate
2019-09-25 07:17:57,671 [Thread-3042] INFO  impl.RoleInfo (RoleInfo.java:updateAndGet(143)) - e99140d1-99dc-4b8a-b769-82908fed16ee: start LeaderElection
2019-09-25 07:17:57,671 [e99140d1-99dc-4b8a-b769-82908fed16ee@group-6C5CDE498D25:LeaderElection159] INFO  impl.RoleInfo (RoleInfo.java:updateAndGet(143)) - e99140d1-99dc-4b8a-b769-82908fed16ee: start LeaderState
2019-09-25 07:17:57,671 [fff08b05-7b9b-4778-997a-3a1197d0a18b@group-A5CE5D582FCA:LeaderElection160] INFO  impl.RoleInfo (RoleInfo.java:updateAndGet(143)) - fff08b05-7b9b-4778-997a-3a1197d0a18b: start LeaderState
2019-09-25 07:17:57,674 [e99140d1-99dc-4b8a-b769-82908fed16ee@group-6C5CDE498D25:LeaderElection159] INFO  segmented.SegmentedRaftLogWorker (SegmentedRaftLogWorker.java:startLogSegment(380)) - e99140d1-99dc-4b8a-b769-82908fed16ee@group-6C5CDE498D25-SegmentedRaftLogWorker: Starting segment from index:0
2019-09-25 07:17:57,674 [fff08b05-7b9b-4778-997a-3a1197d0a18b@group-A5CE5D582FCA:LeaderElection160] INFO  segmented.SegmentedRaftLogWorker (SegmentedRaftLogWorker.java:startLogSegment(380)) - fff08b05-7b9b-4778-997a-3a1197d0a18b@group-A5CE5D582FCA-SegmentedRaftLogWorker: Starting segment from index:0
2019-09-25 07:17:57,675 [e99140d1-99dc-4b8a-b769-82908fed16ee@group-6C5CDE498D25:LeaderElection159] INFO  impl.RaftServerImpl (ServerState.java:setRaftConf(354)) - e99140d1-99dc-4b8a-b769-82908fed16ee@group-6C5CDE498D25: set configuration 0: [e99140d1-99dc-4b8a-b769-82908fed16ee:192.168.30.10:36618], old=null at 0
2019-09-25 07:17:57,675 [fff08b05-7b9b-4778-997a-3a1197d0a18b@group-A5CE5D582FCA:LeaderElection160] INFO  impl.RaftServerImpl (ServerState.java:setRaftConf(354)) - fff08b05-7b9b-4778-997a-3a1197d0a18b@group-A5CE5D582FCA: set configuration 0: [fff08b05-7b9b-4778-997a-3a1197d0a18b:192.168.30.10:38557], old=null at 0
2019-09-25 07:17:57,678 [e99140d1-99dc-4b8a-b769-82908fed16ee@group-865B49AB352B:LeaderElection162] INFO  impl.LeaderElection (LeaderElection.java:askForVotes(182)) - e99140d1-99dc-4b8a-b769-82908fed16ee@group-865B49AB352B:LeaderElection162: begin an election at term 1 for -1: [e99140d1-99dc-4b8a-b769-82908fed16ee:192.168.30.10:36618], old=null
2019-09-25 07:17:57,678 [e99140d1-99dc-4b8a-b769-82908fed16ee@group-EC044ED5C702:LeaderElection161] INFO  impl.LeaderElection (LeaderElection.java:askForVotes(182)) - e99140d1-99dc-4b8a-b769-82908fed16ee@group-EC044ED5C702:LeaderElection161: begin an election at term 1 for -1: [e99140d1-99dc-4b8a-b769-82908fed16ee:192.168.30.10:36618], old=null
2019-09-25 07:17:57,678 [e99140d1-99dc-4b8a-b769-82908fed16ee@group-865B49AB352B:LeaderElection162] INFO  impl.RoleInfo (RoleInfo.java:shutdownLeaderElection(134)) - e99140d1-99dc-4b8a-b769-82908fed16ee: shutdown LeaderElection
2019-09-25 07:17:57,678 [e99140d1-99dc-4b8a-b769-82908fed16ee@group-EC044ED5C702:LeaderElection161] INFO  impl.RoleInfo (RoleInfo.java:shutdownLeaderElection(134)) - e99140d1-99dc-4b8a-b769-82908fed16ee: shutdown LeaderElection
2019-09-25 07:17:57,678 [e99140d1-99dc-4b8a-b769-82908fed16ee@group-865B49AB352B:LeaderElection162] INFO  impl.RaftServerImpl (RaftServerImpl.java:setRole(174)) - e99140d1-99dc-4b8a-b769-82908fed16ee@group-865B49AB352B: changes role from CANDIDATE to LEADER at term 1 for changeToLeader
2019-09-25 07:17:57,678 [e99140d1-99dc-4b8a-b769-82908fed16ee@group-EC044ED5C702:LeaderElection161] INFO  impl.RaftServerImpl (RaftServerImpl.java:setRole(174)) - e99140d1-99dc-4b8a-b769-82908fed16ee@group-EC044ED5C702: changes role from CANDIDATE to LEADER at term 1 for changeToLeader
2019-09-25 07:17:57,678 [e99140d1-99dc-4b8a-b769-82908fed16ee@group-865B49AB352B:LeaderElection162] INFO  impl.RaftServerImpl (ServerState.java:setLeader(253)) - e99140d1-99dc-4b8a-b769-82908fed16ee@group-865B49AB352B: change Leader from null to e99140d1-99dc-4b8a-b769-82908fed16ee at term 1 for becomeLeader, leader elected after 5075ms
2019-09-25 07:17:57,679 [e99140d1-99dc-4b8a-b769-82908fed16ee@group-EC044ED5C702:LeaderElection161] INFO  impl.RaftServerImpl (ServerState.java:setLeader(253)) - e99140d1-99dc-4b8a-b769-82908fed16ee@group-EC044ED5C702: change Leader from null to e99140d1-99dc-4b8a-b769-82908fed16ee at term 1 for becomeLeader, leader elected after 5216ms
2019-09-25 07:17:57,679 [e99140d1-99dc-4b8a-b769-82908fed16ee@group-865B49AB352B:LeaderElection162] INFO  server.RaftServerConfigKeys (ConfUtils.java:logGet(43)) - raft.server.staging.catchup.gap = 1000 (default)
2019-09-25 07:17:57,679 [e99140d1-99dc-4b8a-b769-82908fed16ee@group-EC044ED5C702:LeaderElection161] INFO  server.RaftServerConfigKeys (ConfUtils.java:logGet(43)) - raft.server.staging.catchup.gap = 1000 (default)
2019-09-25 07:17:57,679 [e99140d1-99dc-4b8a-b769-82908fed16ee@group-865B49AB352B:LeaderElection162] INFO  server.RaftServerConfigKeys (ConfUtils.java:logGet(43)) - raft.server.rpc.sleep.time = 25ms (default)
2019-09-25 07:17:57,679 [e99140d1-99dc-4b8a-b769-82908fed16ee@group-EC044ED5C702:LeaderElection161] INFO  server.RaftServerConfigKeys (ConfUtils.java:logGet(43)) - raft.server.rpc.sleep.time = 25ms (default)
2019-09-25 07:17:57,679 [e99140d1-99dc-4b8a-b769-82908fed16ee@group-865B49AB352B:LeaderElection162] INFO  server.RaftServerConfigKeys (ConfUtils.java:logGet(43)) - raft.server.write.element-limit = 4096 (default)
2019-09-25 07:17:57,679 [e99140d1-99dc-4b8a-b769-82908fed16ee@group-EC044ED5C702:LeaderElection161] INFO  server.RaftServerConfigKeys (ConfUtils.java:logGet(43)) - raft.server.write.element-limit = 4096 (default)
2019-09-25 07:17:57,679 [e99140d1-99dc-4b8a-b769-82908fed16ee@group-865B49AB352B:LeaderElection162] INFO  server.RaftServerConfigKeys (ConfUtils.java:logGet(43)) - raft.server.watch.timeout = 10s (default)
2019-09-25 07:17:57,680 [e99140d1-99dc-4b8a-b769-82908fed16ee@group-EC044ED5C702:LeaderElection161] INFO  server.RaftServerConfigKeys (ConfUtils.java:logGet(43)) - raft.server.watch.timeout = 10s (default)
2019-09-25 07:17:57,680 [e99140d1-99dc-4b8a-b769-82908fed16ee@group-865B49AB352B:LeaderElection162] INFO  server.RaftServerConfigKeys (ConfUtils.java:logGet(43)) - raft.server.watch.timeout.denomination = 1s (default)
2019-09-25 07:17:57,680 [e99140d1-99dc-4b8a-b769-82908fed16ee@group-EC044ED5C702:LeaderElection161] INFO  server.RaftServerConfigKeys (ConfUtils.java:logGet(43)) - raft.server.watch.timeout.denomination = 1s (default)
2019-09-25 07:17:57,680 [e99140d1-99dc-4b8a-b769-82908fed16ee@group-865B49AB352B:LeaderElection162] INFO  server.RaftServerConfigKeys (ConfUtils.java:logGet(43)) - raft.server.watch.element-limit = 65536 (default)
2019-09-25 07:17:57,680 [e99140d1-99dc-4b8a-b769-82908fed16ee@group-EC044ED5C702:LeaderElection161] INFO  server.RaftServerConfigKeys (ConfUtils.java:logGet(43)) - raft.server.watch.element-limit = 65536 (default)
2019-09-25 07:17:57,681 [Thread-3030] INFO  impl.FollowerState (FollowerState.java:run(106)) - e99140d1-99dc-4b8a-b769-82908fed16ee:group-A06C3A4C64F6 changes to CANDIDATE, lastRpcTime:5176, electionTimeout:5176ms
2019-09-25 07:17:57,681 [Thread-3030] INFO  impl.RoleInfo (RoleInfo.java:shutdownFollowerState(121)) - e99140d1-99dc-4b8a-b769-82908fed16ee: shutdown FollowerState
2019-09-25 07:17:57,681 [Thread-3030] INFO  impl.RaftServerImpl (RaftServerImpl.java:setRole(174)) - e99140d1-99dc-4b8a-b769-82908fed16ee@group-A06C3A4C64F6: changes role from  FOLLOWER to CANDIDATE at term 0 for changeToCandidate
2019-09-25 07:17:57,681 [Thread-3030] INFO  impl.RoleInfo (RoleInfo.java:updateAndGet(143)) - e99140d1-99dc-4b8a-b769-82908fed16ee: start LeaderElection
2019-09-25 07:17:57,719 [Thread-3039] INFO  impl.FollowerState (FollowerState.java:run(106)) - fff08b05-7b9b-4778-997a-3a1197d0a18b:group-8DF37EC4A293 changes to CANDIDATE, lastRpcTime:5141, electionTimeout:5104ms
2019-09-25 07:17:57,719 [Thread-3039] INFO  impl.RoleInfo (RoleInfo.java:shutdownFollowerState(121)) - fff08b05-7b9b-4778-997a-3a1197d0a18b: shutdown FollowerState
2019-09-25 07:17:57,719 [Thread-3039] INFO  impl.RaftServerImpl (RaftServerImpl.java:setRole(174)) - fff08b05-7b9b-4778-997a-3a1197d0a18b@group-8DF37EC4A293: changes role from  FOLLOWER to CANDIDATE at term 0 for changeToCandidate
2019-09-25 07:17:57,719 [Thread-3039] INFO  impl.RoleInfo (RoleInfo.java:updateAndGet(143)) - fff08b05-7b9b-4778-997a-3a1197d0a18b: start LeaderElection
2019-09-25 07:17:57,723 [e99140d1-99dc-4b8a-b769-82908fed16ee@group-865B49AB352B:LeaderElection162] INFO  impl.RoleInfo (RoleInfo.java:updateAndGet(143)) - e99140d1-99dc-4b8a-b769-82908fed16ee: start LeaderState
2019-09-25 07:17:57,723 [e99140d1-99dc-4b8a-b769-82908fed16ee@group-EC044ED5C702:LeaderElection161] INFO  impl.RoleInfo (RoleInfo.java:updateAndGet(143)) - e99140d1-99dc-4b8a-b769-82908fed16ee: start LeaderState
2019-09-25 07:17:57,723 [e99140d1-99dc-4b8a-b769-82908fed16ee@group-865B49AB352B:LeaderElection162] INFO  segmented.SegmentedRaftLogWorker (SegmentedRaftLogWorker.java:startLogSegment(380)) - e99140d1-99dc-4b8a-b769-82908fed16ee@group-865B49AB352B-SegmentedRaftLogWorker: Starting segment from index:0
2019-09-25 07:17:57,723 [e99140d1-99dc-4b8a-b769-82908fed16ee@group-EC044ED5C702:LeaderElection161] INFO  segmented.SegmentedRaftLogWorker (SegmentedRaftLogWorker.java:startLogSegment(380)) - e99140d1-99dc-4b8a-b769-82908fed16ee@group-EC044ED5C702-SegmentedRaftLogWorker: Starting segment from index:0
2019-09-25 07:17:57,724 [e99140d1-99dc-4b8a-b769-82908fed16ee@group-865B49AB352B:LeaderElection162] INFO  impl.RaftServerImpl (ServerState.java:setRaftConf(354)) - e99140d1-99dc-4b8a-b769-82908fed16ee@group-865B49AB352B: set configuration 0: [e99140d1-99dc-4b8a-b769-82908fed16ee:192.168.30.10:36618], old=null at 0
2019-09-25 07:17:57,724 [e99140d1-99dc-4b8a-b769-82908fed16ee@group-EC044ED5C702:LeaderElection161] INFO  impl.RaftServerImpl (ServerState.java:setRaftConf(354)) - e99140d1-99dc-4b8a-b769-82908fed16ee@group-EC044ED5C702: set configuration 0: [e99140d1-99dc-4b8a-b769-82908fed16ee:192.168.30.10:36618], old=null at 0
2019-09-25 07:17:57,730 [e99140d1-99dc-4b8a-b769-82908fed16ee@group-6C5CDE498D25-SegmentedRaftLogWorker] INFO  segmented.SegmentedRaftLogWorker (SegmentedRaftLogWorker.java:execute(569)) - e99140d1-99dc-4b8a-b769-82908fed16ee@group-6C5CDE498D25-SegmentedRaftLogWorker: created new log segment /workdir/hadoop-ozone/ozonefs/target/test-dir/MiniOzoneClusterImpl-78b0c751-90b1-4f70-8119-c134e40e838a/datanode-0/data/ratis/cf35ef60-d1cb-4218-8bf6-6c5cde498d25/current/log_inprogress_0
2019-09-25 07:17:57,730 [e99140d1-99dc-4b8a-b769-82908fed16ee@group-A06C3A4C64F6:LeaderElection163] INFO  impl.LeaderElection (LeaderElection.java:askForVotes(182)) - e99140d1-99dc-4b8a-b769-82908fed16ee@group-A06C3A4C64F6:LeaderElection163: begin an election at term 1 for -1: [e99140d1-99dc-4b8a-b769-82908fed16ee:192.168.30.10:36618], old=null
2019-09-25 07:17:57,730 [fff08b05-7b9b-4778-997a-3a1197d0a18b@group-8DF37EC4A293:LeaderElection164] INFO  impl.LeaderElection (LeaderElection.java:askForVotes(182)) - fff08b05-7b9b-4778-997a-3a1197d0a18b@group-8DF37EC4A293:LeaderElection164: begin an election at term 1 for -1: [fff08b05-7b9b-4778-997a-3a1197d0a18b:192.168.30.10:38557], old=null
2019-09-25 07:17:57,730 [fff08b05-7b9b-4778-997a-3a1197d0a18b@group-A5CE5D582FCA-SegmentedRaftLogWorker] INFO  segmented.SegmentedRaftLogWorker (SegmentedRaftLogWorker.java:execute(569)) - fff08b05-7b9b-4778-997a-3a1197d0a18b@group-A5CE5D582FCA-SegmentedRaftLogWorker: created new log segment /workdir/hadoop-ozone/ozonefs/target/test-dir/MiniOzoneClusterImpl-78b0c751-90b1-4f70-8119-c134e40e838a/datanode-1/data/ratis/6f2a8614-6619-49c8-a953-a5ce5d582fca/current/log_inprogress_0
2019-09-25 07:17:57,730 [fff08b05-7b9b-4778-997a-3a1197d0a18b@group-8DF37EC4A293:LeaderElection164] INFO  impl.RoleInfo (RoleInfo.java:shutdownLeaderElection(134)) - fff08b05-7b9b-4778-997a-3a1197d0a18b: shutdown LeaderElection
2019-09-25 07:17:57,730 [e99140d1-99dc-4b8a-b769-82908fed16ee@group-A06C3A4C64F6:LeaderElection163] INFO  impl.RoleInfo (RoleInfo.java:shutdownLeaderElection(134)) - e99140d1-99dc-4b8a-b769-82908fed16ee: shutdown LeaderElection
2019-09-25 07:17:57,730 [fff08b05-7b9b-4778-997a-3a1197d0a18b@group-8DF37EC4A293:LeaderElection164] INFO  impl.RaftServerImpl (RaftServerImpl.java:setRole(174)) - fff08b05-7b9b-4778-997a-3a1197d0a18b@group-8DF37EC4A293: changes role from CANDIDATE to LEADER at term 1 for changeToLeader
2019-09-25 07:17:57,731 [e99140d1-99dc-4b8a-b769-82908fed16ee@group-A06C3A4C64F6:LeaderElection163] INFO  impl.RaftServerImpl (RaftServerImpl.java:setRole(174)) - e99140d1-99dc-4b8a-b769-82908fed16ee@group-A06C3A4C64F6: changes role from CANDIDATE to LEADER at term 1 for changeToLeader
2019-09-25 07:17:57,731 [fff08b05-7b9b-4778-997a-3a1197d0a18b@group-8DF37EC4A293:LeaderElection164] INFO  impl.RaftServerImpl (ServerState.java:setLeader(253)) - fff08b05-7b9b-4778-997a-3a1197d0a18b@group-8DF37EC4A293: change Leader from null to fff08b05-7b9b-4778-997a-3a1197d0a18b at term 1 for becomeLeader, leader elected after 5159ms
2019-09-25 07:17:57,731 [e99140d1-99dc-4b8a-b769-82908fed16ee@group-A06C3A4C64F6:LeaderElection163] INFO  impl.RaftServerImpl (ServerState.java:setLeader(253)) - e99140d1-99dc-4b8a-b769-82908fed16ee@group-A06C3A4C64F6: change Leader from null to e99140d1-99dc-4b8a-b769-82908fed16ee at term 1 for becomeLeader, leader elected after 5232ms
2019-09-25 07:17:57,731 [fff08b05-7b9b-4778-997a-3a1197d0a18b@group-8DF37EC4A293:LeaderElection164] INFO  server.RaftServerConfigKeys (ConfUtils.java:logGet(43)) - raft.server.staging.catchup.gap = 1000 (default)
2019-09-25 07:17:57,731 [e99140d1-99dc-4b8a-b769-82908fed16ee@group-A06C3A4C64F6:LeaderElection163] INFO  server.RaftServerConfigKeys (ConfUtils.java:logGet(43)) - raft.server.staging.catchup.gap = 1000 (default)
2019-09-25 07:17:57,731 [fff08b05-7b9b-4778-997a-3a1197d0a18b@group-8DF37EC4A293:LeaderElection164] INFO  server.RaftServerConfigKeys (ConfUtils.java:logGet(43)) - raft.server.rpc.sleep.time = 25ms (default)
2019-09-25 07:17:57,731 [e99140d1-99dc-4b8a-b769-82908fed16ee@group-A06C3A4C64F6:LeaderElection163] INFO  server.RaftServerConfigKeys (ConfUtils.java:logGet(43)) - raft.server.rpc.sleep.time = 25ms (default)
2019-09-25 07:17:57,731 [fff08b05-7b9b-4778-997a-3a1197d0a18b@group-8DF37EC4A293:LeaderElection164] INFO  server.RaftServerConfigKeys (ConfUtils.java:logGet(43)) - raft.server.write.element-limit = 4096 (default)
2019-09-25 07:17:57,731 [e99140d1-99dc-4b8a-b769-82908fed16ee@group-A06C3A4C64F6:LeaderElection163] INFO  server.RaftServerConfigKeys (ConfUtils.java:logGet(43)) - raft.server.write.element-limit = 4096 (default)
2019-09-25 07:17:57,732 [fff08b05-7b9b-4778-997a-3a1197d0a18b@group-8DF37EC4A293:LeaderElection164] INFO  server.RaftServerConfigKeys (ConfUtils.java:logGet(43)) - raft.server.watch.timeout = 10s (default)
2019-09-25 07:17:57,732 [e99140d1-99dc-4b8a-b769-82908fed16ee@group-A06C3A4C64F6:LeaderElection163] INFO  server.RaftServerConfigKeys (ConfUtils.java:logGet(43)) - raft.server.watch.timeout = 10s (default)
2019-09-25 07:17:57,732 [fff08b05-7b9b-4778-997a-3a1197d0a18b@group-8DF37EC4A293:LeaderElection164] INFO  server.RaftServerConfigKeys (ConfUtils.java:logGet(43)) - raft.server.watch.timeout.denomination = 1s (default)
2019-09-25 07:17:57,732 [e99140d1-99dc-4b8a-b769-82908fed16ee@group-A06C3A4C64F6:LeaderElection163] INFO  server.RaftServerConfigKeys (ConfUtils.java:logGet(43)) - raft.server.watch.timeout.denomination = 1s (default)
2019-09-25 07:17:57,732 [fff08b05-7b9b-4778-997a-3a1197d0a18b@group-8DF37EC4A293:LeaderElection164] INFO  server.RaftServerConfigKeys (ConfUtils.java:logGet(43)) - raft.server.watch.element-limit = 65536 (default)
2019-09-25 07:17:57,732 [e99140d1-99dc-4b8a-b769-82908fed16ee@group-A06C3A4C64F6:LeaderElection163] INFO  server.RaftServerConfigKeys (ConfUtils.java:logGet(43)) - raft.server.watch.element-limit = 65536 (default)
2019-09-25 07:17:57,735 [fff08b05-7b9b-4778-997a-3a1197d0a18b@group-8DF37EC4A293:LeaderElection164] INFO  impl.RoleInfo (RoleInfo.java:updateAndGet(143)) - fff08b05-7b9b-4778-997a-3a1197d0a18b: start LeaderState
2019-09-25 07:17:57,735 [e99140d1-99dc-4b8a-b769-82908fed16ee@group-A06C3A4C64F6:LeaderElection163] INFO  impl.RoleInfo (RoleInfo.java:updateAndGet(143)) - e99140d1-99dc-4b8a-b769-82908fed16ee: start LeaderState
2019-09-25 07:17:57,735 [fff08b05-7b9b-4778-997a-3a1197d0a18b@group-8DF37EC4A293:LeaderElection164] INFO  segmented.SegmentedRaftLogWorker (SegmentedRaftLogWorker.java:startLogSegment(380)) - fff08b05-7b9b-4778-997a-3a1197d0a18b@group-8DF37EC4A293-SegmentedRaftLogWorker: Starting segment from index:0
2019-09-25 07:17:57,735 [e99140d1-99dc-4b8a-b769-82908fed16ee@group-A06C3A4C64F6:LeaderElection163] INFO  segmented.SegmentedRaftLogWorker (SegmentedRaftLogWorker.java:startLogSegment(380)) - e99140d1-99dc-4b8a-b769-82908fed16ee@group-A06C3A4C64F6-SegmentedRaftLogWorker: Starting segment from index:0
2019-09-25 07:17:57,735 [fff08b05-7b9b-4778-997a-3a1197d0a18b@group-8DF37EC4A293:LeaderElection164] INFO  impl.RaftServerImpl (ServerState.java:setRaftConf(354)) - fff08b05-7b9b-4778-997a-3a1197d0a18b@group-8DF37EC4A293: set configuration 0: [fff08b05-7b9b-4778-997a-3a1197d0a18b:192.168.30.10:38557], old=null at 0
2019-09-25 07:17:57,736 [e99140d1-99dc-4b8a-b769-82908fed16ee@group-A06C3A4C64F6:LeaderElection163] INFO  impl.RaftServerImpl (ServerState.java:setRaftConf(354)) - e99140d1-99dc-4b8a-b769-82908fed16ee@group-A06C3A4C64F6: set configuration 0: [e99140d1-99dc-4b8a-b769-82908fed16ee:192.168.30.10:36618], old=null at 0
2019-09-25 07:17:57,763 [e99140d1-99dc-4b8a-b769-82908fed16ee@group-865B49AB352B-SegmentedRaftLogWorker] INFO  segmented.SegmentedRaftLogWorker (SegmentedRaftLogWorker.java:execute(569)) - e99140d1-99dc-4b8a-b769-82908fed16ee@group-865B49AB352B-SegmentedRaftLogWorker: created new log segment /workdir/hadoop-ozone/ozonefs/target/test-dir/MiniOzoneClusterImpl-78b0c751-90b1-4f70-8119-c134e40e838a/datanode-0/data/ratis/2b7dea2e-3980-4395-9bf6-865b49ab352b/current/log_inprogress_0
2019-09-25 07:17:57,766 [e99140d1-99dc-4b8a-b769-82908fed16ee@group-EC044ED5C702-SegmentedRaftLogWorker] INFO  segmented.SegmentedRaftLogWorker (SegmentedRaftLogWorker.java:execute(569)) - e99140d1-99dc-4b8a-b769-82908fed16ee@group-EC044ED5C702-SegmentedRaftLogWorker: created new log segment /workdir/hadoop-ozone/ozonefs/target/test-dir/MiniOzoneClusterImpl-78b0c751-90b1-4f70-8119-c134e40e838a/datanode-0/data/ratis/aabcf319-ce9a-4566-ab8d-ec044ed5c702/current/log_inprogress_0
2019-09-25 07:17:57,773 [e99140d1-99dc-4b8a-b769-82908fed16ee@group-A06C3A4C64F6-SegmentedRaftLogWorker] INFO  segmented.SegmentedRaftLogWorker (SegmentedRaftLogWorker.java:execute(569)) - e99140d1-99dc-4b8a-b769-82908fed16ee@group-A06C3A4C64F6-SegmentedRaftLogWorker: created new log segment /workdir/hadoop-ozone/ozonefs/target/test-dir/MiniOzoneClusterImpl-78b0c751-90b1-4f70-8119-c134e40e838a/datanode-0/data/ratis/f1c915de-89e7-488a-98e4-a06c3a4c64f6/current/log_inprogress_0
2019-09-25 07:17:57,775 [fff08b05-7b9b-4778-997a-3a1197d0a18b@group-8DF37EC4A293-SegmentedRaftLogWorker] INFO  segmented.SegmentedRaftLogWorker (SegmentedRaftLogWorker.java:execute(569)) - fff08b05-7b9b-4778-997a-3a1197d0a18b@group-8DF37EC4A293-SegmentedRaftLogWorker: created new log segment /workdir/hadoop-ozone/ozonefs/target/test-dir/MiniOzoneClusterImpl-78b0c751-90b1-4f70-8119-c134e40e838a/datanode-1/data/ratis/49029ea1-98ff-470c-883c-8df37ec4a293/current/log_inprogress_0
2019-09-25 07:17:57,797 [Thread-3045] INFO  impl.FollowerState (FollowerState.java:run(106)) - e99140d1-99dc-4b8a-b769-82908fed16ee:group-95F7334F17C7 changes to CANDIDATE, lastRpcTime:5160, electionTimeout:5160ms
2019-09-25 07:17:57,797 [Thread-3045] INFO  impl.RoleInfo (RoleInfo.java:shutdownFollowerState(121)) - e99140d1-99dc-4b8a-b769-82908fed16ee: shutdown FollowerState
2019-09-25 07:17:57,798 [Thread-3045] INFO  impl.RaftServerImpl (RaftServerImpl.java:setRole(174)) - e99140d1-99dc-4b8a-b769-82908fed16ee@group-95F7334F17C7: changes role from  FOLLOWER to CANDIDATE at term 0 for changeToCandidate
2019-09-25 07:17:57,798 [Thread-3045] INFO  impl.RoleInfo (RoleInfo.java:updateAndGet(143)) - e99140d1-99dc-4b8a-b769-82908fed16ee: start LeaderElection
2019-09-25 07:17:57,806 [e99140d1-99dc-4b8a-b769-82908fed16ee@group-95F7334F17C7:LeaderElection165] INFO  impl.LeaderElection (LeaderElection.java:askForVotes(182)) - e99140d1-99dc-4b8a-b769-82908fed16ee@group-95F7334F17C7:LeaderElection165: begin an election at term 1 for -1: [e99140d1-99dc-4b8a-b769-82908fed16ee:192.168.30.10:36618], old=null
2019-09-25 07:17:57,806 [e99140d1-99dc-4b8a-b769-82908fed16ee@group-95F7334F17C7:LeaderElection165] INFO  impl.RoleInfo (RoleInfo.java:shutdownLeaderElection(134)) - e99140d1-99dc-4b8a-b769-82908fed16ee: shutdown LeaderElection
2019-09-25 07:17:57,806 [e99140d1-99dc-4b8a-b769-82908fed16ee@group-95F7334F17C7:LeaderElection165] INFO  impl.RaftServerImpl (RaftServerImpl.java:setRole(174)) - e99140d1-99dc-4b8a-b769-82908fed16ee@group-95F7334F17C7: changes role from CANDIDATE to LEADER at term 1 for changeToLeader
2019-09-25 07:17:57,806 [e99140d1-99dc-4b8a-b769-82908fed16ee@group-95F7334F17C7:LeaderElection165] INFO  impl.RaftServerImpl (ServerState.java:setLeader(253)) - e99140d1-99dc-4b8a-b769-82908fed16ee@group-95F7334F17C7: change Leader from null to e99140d1-99dc-4b8a-b769-82908fed16ee at term 1 for becomeLeader, leader elected after 5176ms
2019-09-25 07:17:57,807 [e99140d1-99dc-4b8a-b769-82908fed16ee@group-95F7334F17C7:LeaderElection165] INFO  server.RaftServerConfigKeys (ConfUtils.java:logGet(43)) - raft.server.staging.catchup.gap = 1000 (default)
2019-09-25 07:17:57,807 [e99140d1-99dc-4b8a-b769-82908fed16ee@group-95F7334F17C7:LeaderElection165] INFO  server.RaftServerConfigKeys (ConfUtils.java:logGet(43)) - raft.server.rpc.sleep.time = 25ms (default)
2019-09-25 07:17:57,807 [e99140d1-99dc-4b8a-b769-82908fed16ee@group-95F7334F17C7:LeaderElection165] INFO  server.RaftServerConfigKeys (ConfUtils.java:logGet(43)) - raft.server.write.element-limit = 4096 (default)
2019-09-25 07:17:57,807 [e99140d1-99dc-4b8a-b769-82908fed16ee@group-95F7334F17C7:LeaderElection165] INFO  server.RaftServerConfigKeys (ConfUtils.java:logGet(43)) - raft.server.watch.timeout = 10s (default)
2019-09-25 07:17:57,807 [e99140d1-99dc-4b8a-b769-82908fed16ee@group-95F7334F17C7:LeaderElection165] INFO  server.RaftServerConfigKeys (ConfUtils.java:logGet(43)) - raft.server.watch.timeout.denomination = 1s (default)
2019-09-25 07:17:57,807 [e99140d1-99dc-4b8a-b769-82908fed16ee@group-95F7334F17C7:LeaderElection165] INFO  server.RaftServerConfigKeys (ConfUtils.java:logGet(43)) - raft.server.watch.element-limit = 65536 (default)
2019-09-25 07:17:57,809 [e99140d1-99dc-4b8a-b769-82908fed16ee@group-95F7334F17C7:LeaderElection165] INFO  impl.RoleInfo (RoleInfo.java:updateAndGet(143)) - e99140d1-99dc-4b8a-b769-82908fed16ee: start LeaderState
2019-09-25 07:17:57,809 [e99140d1-99dc-4b8a-b769-82908fed16ee@group-95F7334F17C7:LeaderElection165] INFO  segmented.SegmentedRaftLogWorker (SegmentedRaftLogWorker.java:startLogSegment(380)) - e99140d1-99dc-4b8a-b769-82908fed16ee@group-95F7334F17C7-SegmentedRaftLogWorker: Starting segment from index:0
2019-09-25 07:17:57,810 [e99140d1-99dc-4b8a-b769-82908fed16ee@group-95F7334F17C7:LeaderElection165] INFO  impl.RaftServerImpl (ServerState.java:setRaftConf(354)) - e99140d1-99dc-4b8a-b769-82908fed16ee@group-95F7334F17C7: set configuration 0: [e99140d1-99dc-4b8a-b769-82908fed16ee:192.168.30.10:36618], old=null at 0
2019-09-25 07:17:57,841 [Thread-3051] INFO  impl.FollowerState (FollowerState.java:run(106)) - fff08b05-7b9b-4778-997a-3a1197d0a18b:group-4E68EEB26FE5 changes to CANDIDATE, lastRpcTime:5133, electionTimeout:5133ms
2019-09-25 07:17:57,841 [Thread-3051] INFO  impl.RoleInfo (RoleInfo.java:shutdownFollowerState(121)) - fff08b05-7b9b-4778-997a-3a1197d0a18b: shutdown FollowerState
2019-09-25 07:17:57,841 [Thread-3051] INFO  impl.RaftServerImpl (RaftServerImpl.java:setRole(174)) - fff08b05-7b9b-4778-997a-3a1197d0a18b@group-4E68EEB26FE5: changes role from  FOLLOWER to CANDIDATE at term 0 for changeToCandidate
2019-09-25 07:17:57,841 [Thread-3051] INFO  impl.RoleInfo (RoleInfo.java:updateAndGet(143)) - fff08b05-7b9b-4778-997a-3a1197d0a18b: start LeaderElection
2019-09-25 07:17:57,857 [e99140d1-99dc-4b8a-b769-82908fed16ee@group-95F7334F17C7-SegmentedRaftLogWorker] INFO  segmented.SegmentedRaftLogWorker (SegmentedRaftLogWorker.java:execute(569)) - e99140d1-99dc-4b8a-b769-82908fed16ee@group-95F7334F17C7-SegmentedRaftLogWorker: created new log segment /workdir/hadoop-ozone/ozonefs/target/test-dir/MiniOzoneClusterImpl-78b0c751-90b1-4f70-8119-c134e40e838a/datanode-0/data/ratis/7d213846-1625-4468-ac6d-95f7334f17c7/current/log_inprogress_0
2019-09-25 07:17:57,857 [fff08b05-7b9b-4778-997a-3a1197d0a18b@group-4E68EEB26FE5:LeaderElection166] INFO  impl.LeaderElection (LeaderElection.java:askForVotes(182)) - fff08b05-7b9b-4778-997a-3a1197d0a18b@group-4E68EEB26FE5:LeaderElection166: begin an election at term 1 for -1: [fff08b05-7b9b-4778-997a-3a1197d0a18b:192.168.30.10:38557], old=null
2019-09-25 07:17:57,858 [fff08b05-7b9b-4778-997a-3a1197d0a18b@group-4E68EEB26FE5:LeaderElection166] INFO  impl.RoleInfo (RoleInfo.java:shutdownLeaderElection(134)) - fff08b05-7b9b-4778-997a-3a1197d0a18b: shutdown LeaderElection
2019-09-25 07:17:57,858 [fff08b05-7b9b-4778-997a-3a1197d0a18b@group-4E68EEB26FE5:LeaderElection166] INFO  impl.RaftServerImpl (RaftServerImpl.java:setRole(174)) - fff08b05-7b9b-4778-997a-3a1197d0a18b@group-4E68EEB26FE5: changes role from CANDIDATE to LEADER at term 1 for changeToLeader
2019-09-25 07:17:57,858 [fff08b05-7b9b-4778-997a-3a1197d0a18b@group-4E68EEB26FE5:LeaderElection166] INFO  impl.RaftServerImpl (ServerState.java:setLeader(253)) - fff08b05-7b9b-4778-997a-3a1197d0a18b@group-4E68EEB26FE5: change Leader from null to fff08b05-7b9b-4778-997a-3a1197d0a18b at term 1 for becomeLeader, leader elected after 5153ms
2019-09-25 07:17:57,858 [fff08b05-7b9b-4778-997a-3a1197d0a18b@group-4E68EEB26FE5:LeaderElection166] INFO  server.RaftServerConfigKeys (ConfUtils.java:logGet(43)) - raft.server.staging.catchup.gap = 1000 (default)
2019-09-25 07:17:57,858 [fff08b05-7b9b-4778-997a-3a1197d0a18b@group-4E68EEB26FE5:LeaderElection166] INFO  server.RaftServerConfigKeys (ConfUtils.java:logGet(43)) - raft.server.rpc.sleep.time = 25ms (default)
2019-09-25 07:17:57,858 [fff08b05-7b9b-4778-997a-3a1197d0a18b@group-4E68EEB26FE5:LeaderElection166] INFO  server.RaftServerConfigKeys (ConfUtils.java:logGet(43)) - raft.server.write.element-limit = 4096 (default)
2019-09-25 07:17:57,858 [fff08b05-7b9b-4778-997a-3a1197d0a18b@group-4E68EEB26FE5:LeaderElection166] INFO  server.RaftServerConfigKeys (ConfUtils.java:logGet(43)) - raft.server.watch.timeout = 10s (default)
2019-09-25 07:17:57,858 [fff08b05-7b9b-4778-997a-3a1197d0a18b@group-4E68EEB26FE5:LeaderElection166] INFO  server.RaftServerConfigKeys (ConfUtils.java:logGet(43)) - raft.server.watch.timeout.denomination = 1s (default)
2019-09-25 07:17:57,859 [fff08b05-7b9b-4778-997a-3a1197d0a18b@group-4E68EEB26FE5:LeaderElection166] INFO  server.RaftServerConfigKeys (ConfUtils.java:logGet(43)) - raft.server.watch.element-limit = 65536 (default)
2019-09-25 07:17:57,860 [fff08b05-7b9b-4778-997a-3a1197d0a18b@group-4E68EEB26FE5:LeaderElection166] INFO  impl.RoleInfo (RoleInfo.java:updateAndGet(143)) - fff08b05-7b9b-4778-997a-3a1197d0a18b: start LeaderState
2019-09-25 07:17:57,861 [fff08b05-7b9b-4778-997a-3a1197d0a18b@group-4E68EEB26FE5:LeaderElection166] INFO  segmented.SegmentedRaftLogWorker (SegmentedRaftLogWorker.java:startLogSegment(380)) - fff08b05-7b9b-4778-997a-3a1197d0a18b@group-4E68EEB26FE5-SegmentedRaftLogWorker: Starting segment from index:0
2019-09-25 07:17:57,861 [fff08b05-7b9b-4778-997a-3a1197d0a18b@group-4E68EEB26FE5:LeaderElection166] INFO  impl.RaftServerImpl (ServerState.java:setRaftConf(354)) - fff08b05-7b9b-4778-997a-3a1197d0a18b@group-4E68EEB26FE5: set configuration 0: [fff08b05-7b9b-4778-997a-3a1197d0a18b:192.168.30.10:38557], old=null at 0
2019-09-25 07:17:57,874 [Thread-3048] INFO  impl.FollowerState (FollowerState.java:run(106)) - e99140d1-99dc-4b8a-b769-82908fed16ee:group-9A7320B9DCA5 changes to CANDIDATE, lastRpcTime:5200, electionTimeout:5200ms
2019-09-25 07:17:57,874 [Thread-3048] INFO  impl.RoleInfo (RoleInfo.java:shutdownFollowerState(121)) - e99140d1-99dc-4b8a-b769-82908fed16ee: shutdown FollowerState
2019-09-25 07:17:57,874 [Thread-3048] INFO  impl.RaftServerImpl (RaftServerImpl.java:setRole(174)) - e99140d1-99dc-4b8a-b769-82908fed16ee@group-9A7320B9DCA5: changes role from  FOLLOWER to CANDIDATE at term 0 for changeToCandidate
2019-09-25 07:17:57,875 [Thread-3048] INFO  impl.RoleInfo (RoleInfo.java:updateAndGet(143)) - e99140d1-99dc-4b8a-b769-82908fed16ee: start LeaderElection
2019-09-25 07:17:57,899 [Thread-3054] INFO  impl.FollowerState (FollowerState.java:run(106)) - fff08b05-7b9b-4778-997a-3a1197d0a18b:group-34E4131D072B changes to CANDIDATE, lastRpcTime:5154, electionTimeout:5147ms
2019-09-25 07:17:57,899 [Thread-3054] INFO  impl.RoleInfo (RoleInfo.java:shutdownFollowerState(121)) - fff08b05-7b9b-4778-997a-3a1197d0a18b: shutdown FollowerState
2019-09-25 07:17:57,899 [Thread-3054] INFO  impl.RaftServerImpl (RaftServerImpl.java:setRole(174)) - fff08b05-7b9b-4778-997a-3a1197d0a18b@group-34E4131D072B: changes role from  FOLLOWER to CANDIDATE at term 0 for changeToCandidate
2019-09-25 07:17:57,899 [Thread-3054] INFO  impl.RoleInfo (RoleInfo.java:updateAndGet(143)) - fff08b05-7b9b-4778-997a-3a1197d0a18b: start LeaderElection
2019-09-25 07:17:57,902 [Thread-3060] INFO  impl.FollowerState (FollowerState.java:run(106)) - fff08b05-7b9b-4778-997a-3a1197d0a18b:group-1779DFDFAF16 changes to CANDIDATE, lastRpcTime:5080, electionTimeout:5080ms
2019-09-25 07:17:57,903 [Thread-3060] INFO  impl.RoleInfo (RoleInfo.java:shutdownFollowerState(121)) - fff08b05-7b9b-4778-997a-3a1197d0a18b: shutdown FollowerState
2019-09-25 07:17:57,903 [Thread-3060] INFO  impl.RaftServerImpl (RaftServerImpl.java:setRole(174)) - fff08b05-7b9b-4778-997a-3a1197d0a18b@group-1779DFDFAF16: changes role from  FOLLOWER to CANDIDATE at term 0 for changeToCandidate
2019-09-25 07:17:57,903 [Thread-3060] INFO  impl.RoleInfo (RoleInfo.java:updateAndGet(143)) - fff08b05-7b9b-4778-997a-3a1197d0a18b: start LeaderElection
2019-09-25 07:17:57,910 [fff08b05-7b9b-4778-997a-3a1197d0a18b@group-4E68EEB26FE5-SegmentedRaftLogWorker] INFO  segmented.SegmentedRaftLogWorker (SegmentedRaftLogWorker.java:execute(569)) - fff08b05-7b9b-4778-997a-3a1197d0a18b@group-4E68EEB26FE5-SegmentedRaftLogWorker: created new log segment /workdir/hadoop-ozone/ozonefs/target/test-dir/MiniOzoneClusterImpl-78b0c751-90b1-4f70-8119-c134e40e838a/datanode-1/data/ratis/7a234c7d-1cf2-4854-97db-4e68eeb26fe5/current/log_inprogress_0
2019-09-25 07:17:57,910 [e99140d1-99dc-4b8a-b769-82908fed16ee@group-9A7320B9DCA5:LeaderElection167] INFO  impl.LeaderElection (LeaderElection.java:askForVotes(182)) - e99140d1-99dc-4b8a-b769-82908fed16ee@group-9A7320B9DCA5:LeaderElection167: begin an election at term 1 for -1: [e99140d1-99dc-4b8a-b769-82908fed16ee:192.168.30.10:36618], old=null
2019-09-25 07:17:57,910 [fff08b05-7b9b-4778-997a-3a1197d0a18b@group-1779DFDFAF16:LeaderElection169] INFO  impl.LeaderElection (LeaderElection.java:askForVotes(182)) - fff08b05-7b9b-4778-997a-3a1197d0a18b@group-1779DFDFAF16:LeaderElection169: begin an election at term 1 for -1: [fff08b05-7b9b-4778-997a-3a1197d0a18b:192.168.30.10:38557], old=null
2019-09-25 07:17:57,910 [fff08b05-7b9b-4778-997a-3a1197d0a18b@group-34E4131D072B:LeaderElection168] INFO  impl.LeaderElection (LeaderElection.java:askForVotes(182)) - fff08b05-7b9b-4778-997a-3a1197d0a18b@group-34E4131D072B:LeaderElection168: begin an election at term 1 for -1: [fff08b05-7b9b-4778-997a-3a1197d0a18b:192.168.30.10:38557], old=null
2019-09-25 07:17:57,911 [fff08b05-7b9b-4778-997a-3a1197d0a18b@group-1779DFDFAF16:LeaderElection169] INFO  impl.RoleInfo (RoleInfo.java:shutdownLeaderElection(134)) - fff08b05-7b9b-4778-997a-3a1197d0a18b: shutdown LeaderElection
2019-09-25 07:17:57,911 [e99140d1-99dc-4b8a-b769-82908fed16ee@group-9A7320B9DCA5:LeaderElection167] INFO  impl.RoleInfo (RoleInfo.java:shutdownLeaderElection(134)) - e99140d1-99dc-4b8a-b769-82908fed16ee: shutdown LeaderElection
2019-09-25 07:17:57,911 [fff08b05-7b9b-4778-997a-3a1197d0a18b@group-1779DFDFAF16:LeaderElection169] INFO  impl.RaftServerImpl (RaftServerImpl.java:setRole(174)) - fff08b05-7b9b-4778-997a-3a1197d0a18b@group-1779DFDFAF16: changes role from CANDIDATE to LEADER at term 1 for changeToLeader
2019-09-25 07:17:57,911 [fff08b05-7b9b-4778-997a-3a1197d0a18b@group-34E4131D072B:LeaderElection168] INFO  impl.RoleInfo (RoleInfo.java:shutdownLeaderElection(134)) - fff08b05-7b9b-4778-997a-3a1197d0a18b: shutdown LeaderElection
2019-09-25 07:17:57,911 [fff08b05-7b9b-4778-997a-3a1197d0a18b@group-1779DFDFAF16:LeaderElection169] INFO  impl.RaftServerImpl (ServerState.java:setLeader(253)) - fff08b05-7b9b-4778-997a-3a1197d0a18b@group-1779DFDFAF16: change Leader from null to fff08b05-7b9b-4778-997a-3a1197d0a18b at term 1 for becomeLeader, leader elected after 5092ms
2019-09-25 07:17:57,911 [e99140d1-99dc-4b8a-b769-82908fed16ee@group-9A7320B9DCA5:LeaderElection167] INFO  impl.RaftServerImpl (RaftServerImpl.java:setRole(174)) - e99140d1-99dc-4b8a-b769-82908fed16ee@group-9A7320B9DCA5: changes role from CANDIDATE to LEADER at term 1 for changeToLeader
2019-09-25 07:17:57,911 [fff08b05-7b9b-4778-997a-3a1197d0a18b@group-34E4131D072B:LeaderElection168] INFO  impl.RaftServerImpl (RaftServerImpl.java:setRole(174)) - fff08b05-7b9b-4778-997a-3a1197d0a18b@group-34E4131D072B: changes role from CANDIDATE to LEADER at term 1 for changeToLeader
2019-09-25 07:17:57,912 [e99140d1-99dc-4b8a-b769-82908fed16ee@group-9A7320B9DCA5:LeaderElection167] INFO  impl.RaftServerImpl (ServerState.java:setLeader(253)) - e99140d1-99dc-4b8a-b769-82908fed16ee@group-9A7320B9DCA5: change Leader from null to e99140d1-99dc-4b8a-b769-82908fed16ee at term 1 for becomeLeader, leader elected after 5242ms
2019-09-25 07:17:57,912 [fff08b05-7b9b-4778-997a-3a1197d0a18b@group-1779DFDFAF16:LeaderElection169] INFO  server.RaftServerConfigKeys (ConfUtils.java:logGet(43)) - raft.server.staging.catchup.gap = 1000 (default)
2019-09-25 07:17:57,912 [e99140d1-99dc-4b8a-b769-82908fed16ee@group-9A7320B9DCA5:LeaderElection167] INFO  server.RaftServerConfigKeys (ConfUtils.java:logGet(43)) - raft.server.staging.catchup.gap = 1000 (default)
2019-09-25 07:17:57,912 [e99140d1-99dc-4b8a-b769-82908fed16ee@group-9A7320B9DCA5:LeaderElection167] INFO  server.RaftServerConfigKeys (ConfUtils.java:logGet(43)) - raft.server.rpc.sleep.time = 25ms (default)
2019-09-25 07:17:57,912 [fff08b05-7b9b-4778-997a-3a1197d0a18b@group-34E4131D072B:LeaderElection168] INFO  impl.RaftServerImpl (ServerState.java:setLeader(253)) - fff08b05-7b9b-4778-997a-3a1197d0a18b@group-34E4131D072B: change Leader from null to fff08b05-7b9b-4778-997a-3a1197d0a18b at term 1 for becomeLeader, leader elected after 5170ms
2019-09-25 07:17:57,912 [e99140d1-99dc-4b8a-b769-82908fed16ee@group-9A7320B9DCA5:LeaderElection167] INFO  server.RaftServerConfigKeys (ConfUtils.java:logGet(43)) - raft.server.write.element-limit = 4096 (default)
2019-09-25 07:17:57,912 [fff08b05-7b9b-4778-997a-3a1197d0a18b@group-1779DFDFAF16:LeaderElection169] INFO  server.RaftServerConfigKeys (ConfUtils.java:logGet(43)) - raft.server.rpc.sleep.time = 25ms (default)
2019-09-25 07:17:57,912 [e99140d1-99dc-4b8a-b769-82908fed16ee@group-9A7320B9DCA5:LeaderElection167] INFO  server.RaftServerConfigKeys (ConfUtils.java:logGet(43)) - raft.server.watch.timeout = 10s (default)
2019-09-25 07:17:57,912 [fff08b05-7b9b-4778-997a-3a1197d0a18b@group-34E4131D072B:LeaderElection168] INFO  server.RaftServerConfigKeys (ConfUtils.java:logGet(43)) - raft.server.staging.catchup.gap = 1000 (default)
2019-09-25 07:17:57,913 [e99140d1-99dc-4b8a-b769-82908fed16ee@group-9A7320B9DCA5:LeaderElection167] INFO  server.RaftServerConfigKeys (ConfUtils.java:logGet(43)) - raft.server.watch.timeout.denomination = 1s (default)
2019-09-25 07:17:57,913 [fff08b05-7b9b-4778-997a-3a1197d0a18b@group-1779DFDFAF16:LeaderElection169] INFO  server.RaftServerConfigKeys (ConfUtils.java:logGet(43)) - raft.server.write.element-limit = 4096 (default)
2019-09-25 07:17:57,913 [e99140d1-99dc-4b8a-b769-82908fed16ee@group-9A7320B9DCA5:LeaderElection167] INFO  server.RaftServerConfigKeys (ConfUtils.java:logGet(43)) - raft.server.watch.element-limit = 65536 (default)
2019-09-25 07:17:57,913 [fff08b05-7b9b-4778-997a-3a1197d0a18b@group-34E4131D072B:LeaderElection168] INFO  server.RaftServerConfigKeys (ConfUtils.java:logGet(43)) - raft.server.rpc.sleep.time = 25ms (default)
2019-09-25 07:17:57,913 [fff08b05-7b9b-4778-997a-3a1197d0a18b@group-1779DFDFAF16:LeaderElection169] INFO  server.RaftServerConfigKeys (ConfUtils.java:logGet(43)) - raft.server.watch.timeout = 10s (default)
2019-09-25 07:17:57,913 [fff08b05-7b9b-4778-997a-3a1197d0a18b@group-34E4131D072B:LeaderElection168] INFO  server.RaftServerConfigKeys (ConfUtils.java:logGet(43)) - raft.server.write.element-limit = 4096 (default)
2019-09-25 07:17:57,913 [fff08b05-7b9b-4778-997a-3a1197d0a18b@group-1779DFDFAF16:LeaderElection169] INFO  server.RaftServerConfigKeys (ConfUtils.java:logGet(43)) - raft.server.watch.timeout.denomination = 1s (default)
2019-09-25 07:17:57,913 [fff08b05-7b9b-4778-997a-3a1197d0a18b@group-34E4131D072B:LeaderElection168] INFO  server.RaftServerConfigKeys (ConfUtils.java:logGet(43)) - raft.server.watch.timeout = 10s (default)
2019-09-25 07:17:57,914 [fff08b05-7b9b-4778-997a-3a1197d0a18b@group-1779DFDFAF16:LeaderElection169] INFO  server.RaftServerConfigKeys (ConfUtils.java:logGet(43)) - raft.server.watch.element-limit = 65536 (default)
2019-09-25 07:17:57,914 [fff08b05-7b9b-4778-997a-3a1197d0a18b@group-34E4131D072B:LeaderElection168] INFO  server.RaftServerConfigKeys (ConfUtils.java:logGet(43)) - raft.server.watch.timeout.denomination = 1s (default)
2019-09-25 07:17:57,914 [fff08b05-7b9b-4778-997a-3a1197d0a18b@group-34E4131D072B:LeaderElection168] INFO  server.RaftServerConfigKeys (ConfUtils.java:logGet(43)) - raft.server.watch.element-limit = 65536 (default)
2019-09-25 07:17:57,916 [e99140d1-99dc-4b8a-b769-82908fed16ee@group-9A7320B9DCA5:LeaderElection167] INFO  impl.RoleInfo (RoleInfo.java:updateAndGet(143)) - e99140d1-99dc-4b8a-b769-82908fed16ee: start LeaderState
2019-09-25 07:17:57,916 [e99140d1-99dc-4b8a-b769-82908fed16ee@group-9A7320B9DCA5:LeaderElection167] INFO  segmented.SegmentedRaftLogWorker (SegmentedRaftLogWorker.java:startLogSegment(380)) - e99140d1-99dc-4b8a-b769-82908fed16ee@group-9A7320B9DCA5-SegmentedRaftLogWorker: Starting segment from index:0
2019-09-25 07:17:57,916 [e99140d1-99dc-4b8a-b769-82908fed16ee@group-9A7320B9DCA5:LeaderElection167] INFO  impl.RaftServerImpl (ServerState.java:setRaftConf(354)) - e99140d1-99dc-4b8a-b769-82908fed16ee@group-9A7320B9DCA5: set configuration 0: [e99140d1-99dc-4b8a-b769-82908fed16ee:192.168.30.10:36618], old=null at 0
2019-09-25 07:17:57,916 [fff08b05-7b9b-4778-997a-3a1197d0a18b@group-1779DFDFAF16:LeaderElection169] INFO  impl.RoleInfo (RoleInfo.java:updateAndGet(143)) - fff08b05-7b9b-4778-997a-3a1197d0a18b: start LeaderState
2019-09-25 07:17:57,916 [fff08b05-7b9b-4778-997a-3a1197d0a18b@group-34E4131D072B:LeaderElection168] INFO  impl.RoleInfo (RoleInfo.java:updateAndGet(143)) - fff08b05-7b9b-4778-997a-3a1197d0a18b: start LeaderState
2019-09-25 07:17:57,917 [fff08b05-7b9b-4778-997a-3a1197d0a18b@group-1779DFDFAF16:LeaderElection169] INFO  segmented.SegmentedRaftLogWorker (SegmentedRaftLogWorker.java:startLogSegment(380)) - fff08b05-7b9b-4778-997a-3a1197d0a18b@group-1779DFDFAF16-SegmentedRaftLogWorker: Starting segment from index:0
2019-09-25 07:17:57,917 [fff08b05-7b9b-4778-997a-3a1197d0a18b@group-34E4131D072B:LeaderElection168] INFO  segmented.SegmentedRaftLogWorker (SegmentedRaftLogWorker.java:startLogSegment(380)) - fff08b05-7b9b-4778-997a-3a1197d0a18b@group-34E4131D072B-SegmentedRaftLogWorker: Starting segment from index:0
2019-09-25 07:17:57,917 [fff08b05-7b9b-4778-997a-3a1197d0a18b@group-1779DFDFAF16:LeaderElection169] INFO  impl.RaftServerImpl (ServerState.java:setRaftConf(354)) - fff08b05-7b9b-4778-997a-3a1197d0a18b@group-1779DFDFAF16: set configuration 0: [fff08b05-7b9b-4778-997a-3a1197d0a18b:192.168.30.10:38557], old=null at 0
2019-09-25 07:17:57,917 [fff08b05-7b9b-4778-997a-3a1197d0a18b@group-34E4131D072B:LeaderElection168] INFO  impl.RaftServerImpl (ServerState.java:setRaftConf(354)) - fff08b05-7b9b-4778-997a-3a1197d0a18b@group-34E4131D072B: set configuration 0: [fff08b05-7b9b-4778-997a-3a1197d0a18b:192.168.30.10:38557], old=null at 0
2019-09-25 07:17:57,957 [Thread-3057] INFO  impl.FollowerState (FollowerState.java:run(106)) - fff08b05-7b9b-4778-997a-3a1197d0a18b:group-7B9AF062645E changes to CANDIDATE, lastRpcTime:5174, electionTimeout:5174ms
2019-09-25 07:17:57,957 [Thread-3057] INFO  impl.RoleInfo (RoleInfo.java:shutdownFollowerState(121)) - fff08b05-7b9b-4778-997a-3a1197d0a18b: shutdown FollowerState
2019-09-25 07:17:57,957 [Thread-3057] INFO  impl.RaftServerImpl (RaftServerImpl.java:setRole(174)) - fff08b05-7b9b-4778-997a-3a1197d0a18b@group-7B9AF062645E: changes role from  FOLLOWER to CANDIDATE at term 0 for changeToCandidate
2019-09-25 07:17:57,957 [Thread-3057] INFO  impl.RoleInfo (RoleInfo.java:updateAndGet(143)) - fff08b05-7b9b-4778-997a-3a1197d0a18b: start LeaderElection
2019-09-25 07:17:57,963 [e99140d1-99dc-4b8a-b769-82908fed16ee@group-9A7320B9DCA5-SegmentedRaftLogWorker] INFO  segmented.SegmentedRaftLogWorker (SegmentedRaftLogWorker.java:execute(569)) - e99140d1-99dc-4b8a-b769-82908fed16ee@group-9A7320B9DCA5-SegmentedRaftLogWorker: created new log segment /workdir/hadoop-ozone/ozonefs/target/test-dir/MiniOzoneClusterImpl-78b0c751-90b1-4f70-8119-c134e40e838a/datanode-0/data/ratis/3c94eac0-6cbb-4a38-bd7c-9a7320b9dca5/current/log_inprogress_0
2019-09-25 07:17:57,963 [fff08b05-7b9b-4778-997a-3a1197d0a18b@group-1779DFDFAF16-SegmentedRaftLogWorker] INFO  segmented.SegmentedRaftLogWorker (SegmentedRaftLogWorker.java:execute(569)) - fff08b05-7b9b-4778-997a-3a1197d0a18b@group-1779DFDFAF16-SegmentedRaftLogWorker: created new log segment /workdir/hadoop-ozone/ozonefs/target/test-dir/MiniOzoneClusterImpl-78b0c751-90b1-4f70-8119-c134e40e838a/datanode-1/data/ratis/7611363a-e320-4eeb-bcce-1779dfdfaf16/current/log_inprogress_0
2019-09-25 07:17:57,963 [fff08b05-7b9b-4778-997a-3a1197d0a18b@group-34E4131D072B-SegmentedRaftLogWorker] INFO  segmented.SegmentedRaftLogWorker (SegmentedRaftLogWorker.java:execute(569)) - fff08b05-7b9b-4778-997a-3a1197d0a18b@group-34E4131D072B-SegmentedRaftLogWorker: created new log segment /workdir/hadoop-ozone/ozonefs/target/test-dir/MiniOzoneClusterImpl-78b0c751-90b1-4f70-8119-c134e40e838a/datanode-1/data/ratis/b0bd3aa2-f71d-459c-9892-34e4131d072b/current/log_inprogress_0
2019-09-25 07:17:57,965 [fff08b05-7b9b-4778-997a-3a1197d0a18b@group-7B9AF062645E:LeaderElection170] INFO  impl.LeaderElection (LeaderElection.java:askForVotes(182)) - fff08b05-7b9b-4778-997a-3a1197d0a18b@group-7B9AF062645E:LeaderElection170: begin an election at term 1 for -1: [fff08b05-7b9b-4778-997a-3a1197d0a18b:192.168.30.10:38557], old=null
2019-09-25 07:17:57,965 [fff08b05-7b9b-4778-997a-3a1197d0a18b@group-7B9AF062645E:LeaderElection170] INFO  impl.RoleInfo (RoleInfo.java:shutdownLeaderElection(134)) - fff08b05-7b9b-4778-997a-3a1197d0a18b: shutdown LeaderElection
2019-09-25 07:17:57,965 [fff08b05-7b9b-4778-997a-3a1197d0a18b@group-7B9AF062645E:LeaderElection170] INFO  impl.RaftServerImpl (RaftServerImpl.java:setRole(174)) - fff08b05-7b9b-4778-997a-3a1197d0a18b@group-7B9AF062645E: changes role from CANDIDATE to LEADER at term 1 for changeToLeader
2019-09-25 07:17:57,966 [fff08b05-7b9b-4778-997a-3a1197d0a18b@group-7B9AF062645E:LeaderElection170] INFO  impl.RaftServerImpl (ServerState.java:setLeader(253)) - fff08b05-7b9b-4778-997a-3a1197d0a18b@group-7B9AF062645E: change Leader from null to fff08b05-7b9b-4778-997a-3a1197d0a18b at term 1 for becomeLeader, leader elected after 5186ms
2019-09-25 07:17:57,966 [fff08b05-7b9b-4778-997a-3a1197d0a18b@group-7B9AF062645E:LeaderElection170] INFO  server.RaftServerConfigKeys (ConfUtils.java:logGet(43)) - raft.server.staging.catchup.gap = 1000 (default)
2019-09-25 07:17:57,966 [fff08b05-7b9b-4778-997a-3a1197d0a18b@group-7B9AF062645E:LeaderElection170] INFO  server.RaftServerConfigKeys (ConfUtils.java:logGet(43)) - raft.server.rpc.sleep.time = 25ms (default)
2019-09-25 07:17:57,966 [fff08b05-7b9b-4778-997a-3a1197d0a18b@group-7B9AF062645E:LeaderElection170] INFO  server.RaftServerConfigKeys (ConfUtils.java:logGet(43)) - raft.server.write.element-limit = 4096 (default)
2019-09-25 07:17:57,966 [fff08b05-7b9b-4778-997a-3a1197d0a18b@group-7B9AF062645E:LeaderElection170] INFO  server.RaftServerConfigKeys (ConfUtils.java:logGet(43)) - raft.server.watch.timeout = 10s (default)
2019-09-25 07:17:57,966 [fff08b05-7b9b-4778-997a-3a1197d0a18b@group-7B9AF062645E:LeaderElection170] INFO  server.RaftServerConfigKeys (ConfUtils.java:logGet(43)) - raft.server.watch.timeout.denomination = 1s (default)
2019-09-25 07:17:57,966 [fff08b05-7b9b-4778-997a-3a1197d0a18b@group-7B9AF062645E:LeaderElection170] INFO  server.RaftServerConfigKeys (ConfUtils.java:logGet(43)) - raft.server.watch.element-limit = 65536 (default)
2019-09-25 07:17:57,968 [fff08b05-7b9b-4778-997a-3a1197d0a18b@group-7B9AF062645E:LeaderElection170] INFO  impl.RoleInfo (RoleInfo.java:updateAndGet(143)) - fff08b05-7b9b-4778-997a-3a1197d0a18b: start LeaderState
2019-09-25 07:17:57,968 [fff08b05-7b9b-4778-997a-3a1197d0a18b@group-7B9AF062645E:LeaderElection170] INFO  segmented.SegmentedRaftLogWorker (SegmentedRaftLogWorker.java:startLogSegment(380)) - fff08b05-7b9b-4778-997a-3a1197d0a18b@group-7B9AF062645E-SegmentedRaftLogWorker: Starting segment from index:0
2019-09-25 07:17:57,969 [fff08b05-7b9b-4778-997a-3a1197d0a18b@group-7B9AF062645E:LeaderElection170] INFO  impl.RaftServerImpl (ServerState.java:setRaftConf(354)) - fff08b05-7b9b-4778-997a-3a1197d0a18b@group-7B9AF062645E: set configuration 0: [fff08b05-7b9b-4778-997a-3a1197d0a18b:192.168.30.10:38557], old=null at 0
2019-09-25 07:17:57,971 [Thread-3063] INFO  impl.FollowerState (FollowerState.java:run(106)) - 90159daf-3c81-4453-92e4-73076a8942a6:group-47C3B64F509D changes to CANDIDATE, lastRpcTime:5099, electionTimeout:5099ms
2019-09-25 07:17:57,971 [Thread-3063] INFO  impl.RoleInfo (RoleInfo.java:shutdownFollowerState(121)) - 90159daf-3c81-4453-92e4-73076a8942a6: shutdown FollowerState
2019-09-25 07:17:57,971 [Thread-3063] INFO  impl.RaftServerImpl (RaftServerImpl.java:setRole(174)) - 90159daf-3c81-4453-92e4-73076a8942a6@group-47C3B64F509D: changes role from  FOLLOWER to CANDIDATE at term 0 for changeToCandidate
2019-09-25 07:17:57,972 [Thread-3063] INFO  impl.RoleInfo (RoleInfo.java:updateAndGet(143)) - 90159daf-3c81-4453-92e4-73076a8942a6: start LeaderElection
2019-09-25 07:17:58,004 [Thread-3066] INFO  impl.FollowerState (FollowerState.java:run(106)) - 90159daf-3c81-4453-92e4-73076a8942a6:group-5829A64D351E changes to CANDIDATE, lastRpcTime:5090, electionTimeout:5080ms
2019-09-25 07:17:58,004 [Thread-3066] INFO  impl.RoleInfo (RoleInfo.java:shutdownFollowerState(121)) - 90159daf-3c81-4453-92e4-73076a8942a6: shutdown FollowerState
2019-09-25 07:17:58,004 [Thread-3069] INFO  impl.FollowerState (FollowerState.java:run(106)) - 90159daf-3c81-4453-92e4-73076a8942a6:group-AD8CA7184C50 changes to CANDIDATE, lastRpcTime:5048, electionTimeout:5026ms
2019-09-25 07:17:58,004 [Thread-3066] INFO  impl.RaftServerImpl (RaftServerImpl.java:setRole(174)) - 90159daf-3c81-4453-92e4-73076a8942a6@group-5829A64D351E: changes role from  FOLLOWER to CANDIDATE at term 0 for changeToCandidate
2019-09-25 07:17:58,004 [Thread-3069] INFO  impl.RoleInfo (RoleInfo.java:shutdownFollowerState(121)) - 90159daf-3c81-4453-92e4-73076a8942a6: shutdown FollowerState
2019-09-25 07:17:58,005 [Thread-3066] INFO  impl.RoleInfo (RoleInfo.java:updateAndGet(143)) - 90159daf-3c81-4453-92e4-73076a8942a6: start LeaderElection
2019-09-25 07:17:58,005 [Thread-3069] INFO  impl.RaftServerImpl (RaftServerImpl.java:setRole(174)) - 90159daf-3c81-4453-92e4-73076a8942a6@group-AD8CA7184C50: changes role from  FOLLOWER to CANDIDATE at term 0 for changeToCandidate
2019-09-25 07:17:58,005 [Thread-3069] INFO  impl.RoleInfo (RoleInfo.java:updateAndGet(143)) - 90159daf-3c81-4453-92e4-73076a8942a6: start LeaderElection
2019-09-25 07:17:58,017 [fff08b05-7b9b-4778-997a-3a1197d0a18b@group-7B9AF062645E-SegmentedRaftLogWorker] INFO  segmented.SegmentedRaftLogWorker (SegmentedRaftLogWorker.java:execute(569)) - fff08b05-7b9b-4778-997a-3a1197d0a18b@group-7B9AF062645E-SegmentedRaftLogWorker: created new log segment /workdir/hadoop-ozone/ozonefs/target/test-dir/MiniOzoneClusterImpl-78b0c751-90b1-4f70-8119-c134e40e838a/datanode-1/data/ratis/8f0a020a-5439-4d93-b975-7b9af062645e/current/log_inprogress_0
2019-09-25 07:17:58,017 [90159daf-3c81-4453-92e4-73076a8942a6@group-AD8CA7184C50:LeaderElection173] INFO  impl.LeaderElection (LeaderElection.java:askForVotes(182)) - 90159daf-3c81-4453-92e4-73076a8942a6@group-AD8CA7184C50:LeaderElection173: begin an election at term 1 for -1: [90159daf-3c81-4453-92e4-73076a8942a6:192.168.30.10:36509], old=null
2019-09-25 07:17:58,017 [90159daf-3c81-4453-92e4-73076a8942a6@group-5829A64D351E:LeaderElection172] INFO  impl.LeaderElection (LeaderElection.java:askForVotes(182)) - 90159daf-3c81-4453-92e4-73076a8942a6@group-5829A64D351E:LeaderElection172: begin an election at term 1 for -1: [90159daf-3c81-4453-92e4-73076a8942a6:192.168.30.10:36509], old=null
2019-09-25 07:17:58,017 [90159daf-3c81-4453-92e4-73076a8942a6@group-47C3B64F509D:LeaderElection171] INFO  impl.LeaderElection (LeaderElection.java:askForVotes(182)) - 90159daf-3c81-4453-92e4-73076a8942a6@group-47C3B64F509D:LeaderElection171: begin an election at term 1 for -1: [90159daf-3c81-4453-92e4-73076a8942a6:192.168.30.10:36509], old=null
2019-09-25 07:17:58,017 [90159daf-3c81-4453-92e4-73076a8942a6@group-5829A64D351E:LeaderElection172] INFO  impl.RoleInfo (RoleInfo.java:shutdownLeaderElection(134)) - 90159daf-3c81-4453-92e4-73076a8942a6: shutdown LeaderElection
2019-09-25 07:17:58,017 [90159daf-3c81-4453-92e4-73076a8942a6@group-AD8CA7184C50:LeaderElection173] INFO  impl.RoleInfo (RoleInfo.java:shutdownLeaderElection(134)) - 90159daf-3c81-4453-92e4-73076a8942a6: shutdown LeaderElection
2019-09-25 07:17:58,018 [90159daf-3c81-4453-92e4-73076a8942a6@group-5829A64D351E:LeaderElection172] INFO  impl.RaftServerImpl (RaftServerImpl.java:setRole(174)) - 90159daf-3c81-4453-92e4-73076a8942a6@group-5829A64D351E: changes role from CANDIDATE to LEADER at term 1 for changeToLeader
2019-09-25 07:17:58,017 [90159daf-3c81-4453-92e4-73076a8942a6@group-47C3B64F509D:LeaderElection171] INFO  impl.RoleInfo (RoleInfo.java:shutdownLeaderElection(134)) - 90159daf-3c81-4453-92e4-73076a8942a6: shutdown LeaderElection
2019-09-25 07:17:58,018 [90159daf-3c81-4453-92e4-73076a8942a6@group-5829A64D351E:LeaderElection172] INFO  impl.RaftServerImpl (ServerState.java:setLeader(253)) - 90159daf-3c81-4453-92e4-73076a8942a6@group-5829A64D351E: change Leader from null to 90159daf-3c81-4453-92e4-73076a8942a6 at term 1 for becomeLeader, leader elected after 5108ms
2019-09-25 07:17:58,018 [90159daf-3c81-4453-92e4-73076a8942a6@group-AD8CA7184C50:LeaderElection173] INFO  impl.RaftServerImpl (RaftServerImpl.java:setRole(174)) - 90159daf-3c81-4453-92e4-73076a8942a6@group-AD8CA7184C50: changes role from CANDIDATE to LEADER at term 1 for changeToLeader
2019-09-25 07:17:58,018 [90159daf-3c81-4453-92e4-73076a8942a6@group-5829A64D351E:LeaderElection172] INFO  server.RaftServerConfigKeys (ConfUtils.java:logGet(43)) - raft.server.staging.catchup.gap = 1000 (default)
2019-09-25 07:17:58,018 [90159daf-3c81-4453-92e4-73076a8942a6@group-47C3B64F509D:LeaderElection171] INFO  impl.RaftServerImpl (RaftServerImpl.java:setRole(174)) - 90159daf-3c81-4453-92e4-73076a8942a6@group-47C3B64F509D: changes role from CANDIDATE to LEADER at term 1 for changeToLeader
2019-09-25 07:17:58,018 [90159daf-3c81-4453-92e4-73076a8942a6@group-5829A64D351E:LeaderElection172] INFO  server.RaftServerConfigKeys (ConfUtils.java:logGet(43)) - raft.server.rpc.sleep.time = 25ms (default)
2019-09-25 07:17:58,018 [90159daf-3c81-4453-92e4-73076a8942a6@group-AD8CA7184C50:LeaderElection173] INFO  impl.RaftServerImpl (ServerState.java:setLeader(253)) - 90159daf-3c81-4453-92e4-73076a8942a6@group-AD8CA7184C50: change Leader from null to 90159daf-3c81-4453-92e4-73076a8942a6 at term 1 for becomeLeader, leader elected after 5066ms
2019-09-25 07:17:58,019 [90159daf-3c81-4453-92e4-73076a8942a6@group-5829A64D351E:LeaderElection172] INFO  server.RaftServerConfigKeys (ConfUtils.java:logGet(43)) - raft.server.write.element-limit = 4096 (default)
2019-09-25 07:17:58,018 [90159daf-3c81-4453-92e4-73076a8942a6@group-47C3B64F509D:LeaderElection171] INFO  impl.RaftServerImpl (ServerState.java:setLeader(253)) - 90159daf-3c81-4453-92e4-73076a8942a6@group-47C3B64F509D: change Leader from null to 90159daf-3c81-4453-92e4-73076a8942a6 at term 1 for becomeLeader, leader elected after 5154ms
2019-09-25 07:17:58,019 [90159daf-3c81-4453-92e4-73076a8942a6@group-5829A64D351E:LeaderElection172] INFO  server.RaftServerConfigKeys (ConfUtils.java:logGet(43)) - raft.server.watch.timeout = 10s (default)
2019-09-25 07:17:58,019 [90159daf-3c81-4453-92e4-73076a8942a6@group-AD8CA7184C50:LeaderElection173] INFO  server.RaftServerConfigKeys (ConfUtils.java:logGet(43)) - raft.server.staging.catchup.gap = 1000 (default)
2019-09-25 07:17:58,019 [90159daf-3c81-4453-92e4-73076a8942a6@group-5829A64D351E:LeaderElection172] INFO  server.RaftServerConfigKeys (ConfUtils.java:logGet(43)) - raft.server.watch.timeout.denomination = 1s (default)
2019-09-25 07:17:58,019 [90159daf-3c81-4453-92e4-73076a8942a6@group-47C3B64F509D:LeaderElection171] INFO  server.RaftServerConfigKeys (ConfUtils.java:logGet(43)) - raft.server.staging.catchup.gap = 1000 (default)
2019-09-25 07:17:58,019 [90159daf-3c81-4453-92e4-73076a8942a6@group-5829A64D351E:LeaderElection172] INFO  server.RaftServerConfigKeys (ConfUtils.java:logGet(43)) - raft.server.watch.element-limit = 65536 (default)
2019-09-25 07:17:58,019 [90159daf-3c81-4453-92e4-73076a8942a6@group-AD8CA7184C50:LeaderElection173] INFO  server.RaftServerConfigKeys (ConfUtils.java:logGet(43)) - raft.server.rpc.sleep.time = 25ms (default)
2019-09-25 07:17:58,019 [90159daf-3c81-4453-92e4-73076a8942a6@group-47C3B64F509D:LeaderElection171] INFO  server.RaftServerConfigKeys (ConfUtils.java:logGet(43)) - raft.server.rpc.sleep.time = 25ms (default)
2019-09-25 07:17:58,020 [90159daf-3c81-4453-92e4-73076a8942a6@group-AD8CA7184C50:LeaderElection173] INFO  server.RaftServerConfigKeys (ConfUtils.java:logGet(43)) - raft.server.write.element-limit = 4096 (default)
2019-09-25 07:17:58,020 [90159daf-3c81-4453-92e4-73076a8942a6@group-47C3B64F509D:LeaderElection171] INFO  server.RaftServerConfigKeys (ConfUtils.java:logGet(43)) - raft.server.write.element-limit = 4096 (default)
2019-09-25 07:17:58,020 [90159daf-3c81-4453-92e4-73076a8942a6@group-AD8CA7184C50:LeaderElection173] INFO  server.RaftServerConfigKeys (ConfUtils.java:logGet(43)) - raft.server.watch.timeout = 10s (default)
2019-09-25 07:17:58,020 [90159daf-3c81-4453-92e4-73076a8942a6@group-47C3B64F509D:LeaderElection171] INFO  server.RaftServerConfigKeys (ConfUtils.java:logGet(43)) - raft.server.watch.timeout = 10s (default)
2019-09-25 07:17:58,020 [90159daf-3c81-4453-92e4-73076a8942a6@group-AD8CA7184C50:LeaderElection173] INFO  server.RaftServerConfigKeys (ConfUtils.java:logGet(43)) - raft.server.watch.timeout.denomination = 1s (default)
2019-09-25 07:17:58,020 [90159daf-3c81-4453-92e4-73076a8942a6@group-47C3B64F509D:LeaderElection171] INFO  server.RaftServerConfigKeys (ConfUtils.java:logGet(43)) - raft.server.watch.timeout.denomination = 1s (default)
2019-09-25 07:17:58,020 [90159daf-3c81-4453-92e4-73076a8942a6@group-AD8CA7184C50:LeaderElection173] INFO  server.RaftServerConfigKeys (ConfUtils.java:logGet(43)) - raft.server.watch.element-limit = 65536 (default)
2019-09-25 07:17:58,021 [90159daf-3c81-4453-92e4-73076a8942a6@group-47C3B64F509D:LeaderElection171] INFO  server.RaftServerConfigKeys (ConfUtils.java:logGet(43)) - raft.server.watch.element-limit = 65536 (default)
2019-09-25 07:17:58,022 [90159daf-3c81-4453-92e4-73076a8942a6@group-5829A64D351E:LeaderElection172] INFO  impl.RoleInfo (RoleInfo.java:updateAndGet(143)) - 90159daf-3c81-4453-92e4-73076a8942a6: start LeaderState
2019-09-25 07:17:58,022 [90159daf-3c81-4453-92e4-73076a8942a6@group-5829A64D351E:LeaderElection172] INFO  segmented.SegmentedRaftLogWorker (SegmentedRaftLogWorker.java:startLogSegment(380)) - 90159daf-3c81-4453-92e4-73076a8942a6@group-5829A64D351E-SegmentedRaftLogWorker: Starting segment from index:0
2019-09-25 07:17:58,022 [90159daf-3c81-4453-92e4-73076a8942a6@group-5829A64D351E:LeaderElection172] INFO  impl.RaftServerImpl (ServerState.java:setRaftConf(354)) - 90159daf-3c81-4453-92e4-73076a8942a6@group-5829A64D351E: set configuration 0: [90159daf-3c81-4453-92e4-73076a8942a6:192.168.30.10:36509], old=null at 0
2019-09-25 07:17:58,024 [90159daf-3c81-4453-92e4-73076a8942a6@group-AD8CA7184C50:LeaderElection173] INFO  impl.RoleInfo (RoleInfo.java:updateAndGet(143)) - 90159daf-3c81-4453-92e4-73076a8942a6: start LeaderState
2019-09-25 07:17:58,024 [90159daf-3c81-4453-92e4-73076a8942a6@group-47C3B64F509D:LeaderElection171] INFO  impl.RoleInfo (RoleInfo.java:updateAndGet(143)) - 90159daf-3c81-4453-92e4-73076a8942a6: start LeaderState
2019-09-25 07:17:58,024 [90159daf-3c81-4453-92e4-73076a8942a6@group-AD8CA7184C50:LeaderElection173] INFO  segmented.SegmentedRaftLogWorker (SegmentedRaftLogWorker.java:startLogSegment(380)) - 90159daf-3c81-4453-92e4-73076a8942a6@group-AD8CA7184C50-SegmentedRaftLogWorker: Starting segment from index:0
2019-09-25 07:17:58,024 [90159daf-3c81-4453-92e4-73076a8942a6@group-47C3B64F509D:LeaderElection171] INFO  segmented.SegmentedRaftLogWorker (SegmentedRaftLogWorker.java:startLogSegment(380)) - 90159daf-3c81-4453-92e4-73076a8942a6@group-47C3B64F509D-SegmentedRaftLogWorker: Starting segment from index:0
2019-09-25 07:17:58,025 [90159daf-3c81-4453-92e4-73076a8942a6@group-AD8CA7184C50:LeaderElection173] INFO  impl.RaftServerImpl (ServerState.java:setRaftConf(354)) - 90159daf-3c81-4453-92e4-73076a8942a6@group-AD8CA7184C50: set configuration 0: [90159daf-3c81-4453-92e4-73076a8942a6:192.168.30.10:36509], old=null at 0
2019-09-25 07:17:58,025 [90159daf-3c81-4453-92e4-73076a8942a6@group-47C3B64F509D:LeaderElection171] INFO  impl.RaftServerImpl (ServerState.java:setRaftConf(354)) - 90159daf-3c81-4453-92e4-73076a8942a6@group-47C3B64F509D: set configuration 0: [90159daf-3c81-4453-92e4-73076a8942a6:192.168.30.10:36509], old=null at 0
2019-09-25 07:17:58,062 [90159daf-3c81-4453-92e4-73076a8942a6@group-47C3B64F509D-SegmentedRaftLogWorker] INFO  segmented.SegmentedRaftLogWorker (SegmentedRaftLogWorker.java:execute(569)) - 90159daf-3c81-4453-92e4-73076a8942a6@group-47C3B64F509D-SegmentedRaftLogWorker: created new log segment /workdir/hadoop-ozone/ozonefs/target/test-dir/MiniOzoneClusterImpl-78b0c751-90b1-4f70-8119-c134e40e838a/datanode-2/data/ratis/67ad4d97-7971-46ff-b9cf-47c3b64f509d/current/log_inprogress_0
2019-09-25 07:17:58,063 [90159daf-3c81-4453-92e4-73076a8942a6@group-5829A64D351E-SegmentedRaftLogWorker] INFO  segmented.SegmentedRaftLogWorker (SegmentedRaftLogWorker.java:execute(569)) - 90159daf-3c81-4453-92e4-73076a8942a6@group-5829A64D351E-SegmentedRaftLogWorker: created new log segment /workdir/hadoop-ozone/ozonefs/target/test-dir/MiniOzoneClusterImpl-78b0c751-90b1-4f70-8119-c134e40e838a/datanode-2/data/ratis/9ea78376-8ac6-4f66-bb81-5829a64d351e/current/log_inprogress_0
2019-09-25 07:17:58,084 [90159daf-3c81-4453-92e4-73076a8942a6@group-AD8CA7184C50-SegmentedRaftLogWorker] INFO  segmented.SegmentedRaftLogWorker (SegmentedRaftLogWorker.java:execute(569)) - 90159daf-3c81-4453-92e4-73076a8942a6@group-AD8CA7184C50-SegmentedRaftLogWorker: created new log segment /workdir/hadoop-ozone/ozonefs/target/test-dir/MiniOzoneClusterImpl-78b0c751-90b1-4f70-8119-c134e40e838a/datanode-2/data/ratis/14de37c8-2284-4f00-8d6c-ad8ca7184c50/current/log_inprogress_0
2019-09-25 07:17:58,095 [Thread-3078] INFO  impl.FollowerState (FollowerState.java:run(106)) - 90159daf-3c81-4453-92e4-73076a8942a6:group-44300EF68272 changes to CANDIDATE, lastRpcTime:5021, electionTimeout:5021ms
2019-09-25 07:17:58,095 [Thread-3078] INFO  impl.RoleInfo (RoleInfo.java:shutdownFollowerState(121)) - 90159daf-3c81-4453-92e4-73076a8942a6: shutdown FollowerState
2019-09-25 07:17:58,096 [Thread-3078] INFO  impl.RaftServerImpl (RaftServerImpl.java:setRole(174)) - 90159daf-3c81-4453-92e4-73076a8942a6@group-44300EF68272: changes role from  FOLLOWER to CANDIDATE at term 0 for changeToCandidate
2019-09-25 07:17:58,096 [Thread-3078] INFO  impl.RoleInfo (RoleInfo.java:updateAndGet(143)) - 90159daf-3c81-4453-92e4-73076a8942a6: start LeaderElection
2019-09-25 07:17:58,113 [90159daf-3c81-4453-92e4-73076a8942a6@group-44300EF68272:LeaderElection174] INFO  impl.LeaderElection (LeaderElection.java:askForVotes(182)) - 90159daf-3c81-4453-92e4-73076a8942a6@group-44300EF68272:LeaderElection174: begin an election at term 1 for -1: [90159daf-3c81-4453-92e4-73076a8942a6:192.168.30.10:36509], old=null
2019-09-25 07:17:58,113 [90159daf-3c81-4453-92e4-73076a8942a6@group-44300EF68272:LeaderElection174] INFO  impl.RoleInfo (RoleInfo.java:shutdownLeaderElection(134)) - 90159daf-3c81-4453-92e4-73076a8942a6: shutdown LeaderElection
2019-09-25 07:17:58,113 [90159daf-3c81-4453-92e4-73076a8942a6@group-44300EF68272:LeaderElection174] INFO  impl.RaftServerImpl (RaftServerImpl.java:setRole(174)) - 90159daf-3c81-4453-92e4-73076a8942a6@group-44300EF68272: changes role from CANDIDATE to LEADER at term 1 for changeToLeader
2019-09-25 07:17:58,113 [90159daf-3c81-4453-92e4-73076a8942a6@group-44300EF68272:LeaderElection174] INFO  impl.RaftServerImpl (ServerState.java:setLeader(253)) - 90159daf-3c81-4453-92e4-73076a8942a6@group-44300EF68272: change Leader from null to 90159daf-3c81-4453-92e4-73076a8942a6 at term 1 for becomeLeader, leader elected after 5044ms
2019-09-25 07:17:58,113 [90159daf-3c81-4453-92e4-73076a8942a6@group-44300EF68272:LeaderElection174] INFO  server.RaftServerConfigKeys (ConfUtils.java:logGet(43)) - raft.server.staging.catchup.gap = 1000 (default)
2019-09-25 07:17:58,114 [90159daf-3c81-4453-92e4-73076a8942a6@group-44300EF68272:LeaderElection174] INFO  server.RaftServerConfigKeys (ConfUtils.java:logGet(43)) - raft.server.rpc.sleep.time = 25ms (default)
2019-09-25 07:17:58,114 [90159daf-3c81-4453-92e4-73076a8942a6@group-44300EF68272:LeaderElection174] INFO  server.RaftServerConfigKeys (ConfUtils.java:logGet(43)) - raft.server.write.element-limit = 4096 (default)
2019-09-25 07:17:58,114 [90159daf-3c81-4453-92e4-73076a8942a6@group-44300EF68272:LeaderElection174] INFO  server.RaftServerConfigKeys (ConfUtils.java:logGet(43)) - raft.server.watch.timeout = 10s (default)
2019-09-25 07:17:58,114 [90159daf-3c81-4453-92e4-73076a8942a6@group-44300EF68272:LeaderElection174] INFO  server.RaftServerConfigKeys (ConfUtils.java:logGet(43)) - raft.server.watch.timeout.denomination = 1s (default)
2019-09-25 07:17:58,114 [90159daf-3c81-4453-92e4-73076a8942a6@group-44300EF68272:LeaderElection174] INFO  server.RaftServerConfigKeys (ConfUtils.java:logGet(43)) - raft.server.watch.element-limit = 65536 (default)
2019-09-25 07:17:58,116 [90159daf-3c81-4453-92e4-73076a8942a6@group-44300EF68272:LeaderElection174] INFO  impl.RoleInfo (RoleInfo.java:updateAndGet(143)) - 90159daf-3c81-4453-92e4-73076a8942a6: start LeaderState
2019-09-25 07:17:58,116 [90159daf-3c81-4453-92e4-73076a8942a6@group-44300EF68272:LeaderElection174] INFO  segmented.SegmentedRaftLogWorker (SegmentedRaftLogWorker.java:startLogSegment(380)) - 90159daf-3c81-4453-92e4-73076a8942a6@group-44300EF68272-SegmentedRaftLogWorker: Starting segment from index:0
2019-09-25 07:17:58,117 [90159daf-3c81-4453-92e4-73076a8942a6@group-44300EF68272:LeaderElection174] INFO  impl.RaftServerImpl (ServerState.java:setRaftConf(354)) - 90159daf-3c81-4453-92e4-73076a8942a6@group-44300EF68272: set configuration 0: [90159daf-3c81-4453-92e4-73076a8942a6:192.168.30.10:36509], old=null at 0
2019-09-25 07:17:58,156 [Thread-3072] INFO  impl.FollowerState (FollowerState.java:run(106)) - 90159daf-3c81-4453-92e4-73076a8942a6:group-555F3790C976 changes to CANDIDATE, lastRpcTime:5159, electionTimeout:5159ms
2019-09-25 07:17:58,156 [Thread-3072] INFO  impl.RoleInfo (RoleInfo.java:shutdownFollowerState(121)) - 90159daf-3c81-4453-92e4-73076a8942a6: shutdown FollowerState
2019-09-25 07:17:58,156 [Thread-3072] INFO  impl.RaftServerImpl (RaftServerImpl.java:setRole(174)) - 90159daf-3c81-4453-92e4-73076a8942a6@group-555F3790C976: changes role from  FOLLOWER to CANDIDATE at term 0 for changeToCandidate
2019-09-25 07:17:58,156 [Thread-3072] INFO  impl.RoleInfo (RoleInfo.java:updateAndGet(143)) - 90159daf-3c81-4453-92e4-73076a8942a6: start LeaderElection
2019-09-25 07:17:58,165 [90159daf-3c81-4453-92e4-73076a8942a6@group-44300EF68272-SegmentedRaftLogWorker] INFO  segmented.SegmentedRaftLogWorker (SegmentedRaftLogWorker.java:execute(569)) - 90159daf-3c81-4453-92e4-73076a8942a6@group-44300EF68272-SegmentedRaftLogWorker: created new log segment /workdir/hadoop-ozone/ozonefs/target/test-dir/MiniOzoneClusterImpl-78b0c751-90b1-4f70-8119-c134e40e838a/datanode-2/data/ratis/f60a9fc4-d1ef-4021-adad-44300ef68272/current/log_inprogress_0
2019-09-25 07:17:58,165 [90159daf-3c81-4453-92e4-73076a8942a6@group-555F3790C976:LeaderElection175] INFO  impl.LeaderElection (LeaderElection.java:askForVotes(182)) - 90159daf-3c81-4453-92e4-73076a8942a6@group-555F3790C976:LeaderElection175: begin an election at term 1 for -1: [90159daf-3c81-4453-92e4-73076a8942a6:192.168.30.10:36509], old=null
2019-09-25 07:17:58,165 [90159daf-3c81-4453-92e4-73076a8942a6@group-555F3790C976:LeaderElection175] INFO  impl.RoleInfo (RoleInfo.java:shutdownLeaderElection(134)) - 90159daf-3c81-4453-92e4-73076a8942a6: shutdown LeaderElection
2019-09-25 07:17:58,165 [90159daf-3c81-4453-92e4-73076a8942a6@group-555F3790C976:LeaderElection175] INFO  impl.RaftServerImpl (RaftServerImpl.java:setRole(174)) - 90159daf-3c81-4453-92e4-73076a8942a6@group-555F3790C976: changes role from CANDIDATE to LEADER at term 1 for changeToLeader
2019-09-25 07:17:58,166 [90159daf-3c81-4453-92e4-73076a8942a6@group-555F3790C976:LeaderElection175] INFO  impl.RaftServerImpl (ServerState.java:setLeader(253)) - 90159daf-3c81-4453-92e4-73076a8942a6@group-555F3790C976: change Leader from null to 90159daf-3c81-4453-92e4-73076a8942a6 at term 1 for becomeLeader, leader elected after 5173ms
2019-09-25 07:17:58,166 [90159daf-3c81-4453-92e4-73076a8942a6@group-555F3790C976:LeaderElection175] INFO  server.RaftServerConfigKeys (ConfUtils.java:logGet(43)) - raft.server.staging.catchup.gap = 1000 (default)
2019-09-25 07:17:58,166 [90159daf-3c81-4453-92e4-73076a8942a6@group-555F3790C976:LeaderElection175] INFO  server.RaftServerConfigKeys (ConfUtils.java:logGet(43)) - raft.server.rpc.sleep.time = 25ms (default)
2019-09-25 07:17:58,166 [90159daf-3c81-4453-92e4-73076a8942a6@group-555F3790C976:LeaderElection175] INFO  server.RaftServerConfigKeys (ConfUtils.java:logGet(43)) - raft.server.write.element-limit = 4096 (default)
2019-09-25 07:17:58,166 [90159daf-3c81-4453-92e4-73076a8942a6@group-555F3790C976:LeaderElection175] INFO  server.RaftServerConfigKeys (ConfUtils.java:logGet(43)) - raft.server.watch.timeout = 10s (default)
2019-09-25 07:17:58,166 [90159daf-3c81-4453-92e4-73076a8942a6@group-555F3790C976:LeaderElection175] INFO  server.RaftServerConfigKeys (ConfUtils.java:logGet(43)) - raft.server.watch.timeout.denomination = 1s (default)
2019-09-25 07:17:58,166 [90159daf-3c81-4453-92e4-73076a8942a6@group-555F3790C976:LeaderElection175] INFO  server.RaftServerConfigKeys (ConfUtils.java:logGet(43)) - raft.server.watch.element-limit = 65536 (default)
2019-09-25 07:17:58,168 [90159daf-3c81-4453-92e4-73076a8942a6@group-555F3790C976:LeaderElection175] INFO  impl.RoleInfo (RoleInfo.java:updateAndGet(143)) - 90159daf-3c81-4453-92e4-73076a8942a6: start LeaderState
2019-09-25 07:17:58,168 [90159daf-3c81-4453-92e4-73076a8942a6@group-555F3790C976:LeaderElection175] INFO  segmented.SegmentedRaftLogWorker (SegmentedRaftLogWorker.java:startLogSegment(380)) - 90159daf-3c81-4453-92e4-73076a8942a6@group-555F3790C976-SegmentedRaftLogWorker: Starting segment from index:0
2019-09-25 07:17:58,169 [90159daf-3c81-4453-92e4-73076a8942a6@group-555F3790C976:LeaderElection175] INFO  impl.RaftServerImpl (ServerState.java:setRaftConf(354)) - 90159daf-3c81-4453-92e4-73076a8942a6@group-555F3790C976: set configuration 0: [90159daf-3c81-4453-92e4-73076a8942a6:192.168.30.10:36509], old=null at 0
2019-09-25 07:17:58,217 [90159daf-3c81-4453-92e4-73076a8942a6@group-555F3790C976-SegmentedRaftLogWorker] INFO  segmented.SegmentedRaftLogWorker (SegmentedRaftLogWorker.java:execute(569)) - 90159daf-3c81-4453-92e4-73076a8942a6@group-555F3790C976-SegmentedRaftLogWorker: created new log segment /workdir/hadoop-ozone/ozonefs/target/test-dir/MiniOzoneClusterImpl-78b0c751-90b1-4f70-8119-c134e40e838a/datanode-2/data/ratis/db3506c9-ae9d-410a-aaf7-555f3790c976/current/log_inprogress_0
2019-09-25 07:17:58,223 [Thread-3075] INFO  impl.FollowerState (FollowerState.java:run(106)) - 90159daf-3c81-4453-92e4-73076a8942a6:group-E9EFF6492E74 changes to CANDIDATE, lastRpcTime:5190, electionTimeout:5190ms
2019-09-25 07:17:58,223 [Thread-3075] INFO  impl.RoleInfo (RoleInfo.java:shutdownFollowerState(121)) - 90159daf-3c81-4453-92e4-73076a8942a6: shutdown FollowerState
2019-09-25 07:17:58,223 [Thread-3075] INFO  impl.RaftServerImpl (RaftServerImpl.java:setRole(174)) - 90159daf-3c81-4453-92e4-73076a8942a6@group-E9EFF6492E74: changes role from  FOLLOWER to CANDIDATE at term 0 for changeToCandidate
2019-09-25 07:17:58,223 [Thread-3075] INFO  impl.RoleInfo (RoleInfo.java:updateAndGet(143)) - 90159daf-3c81-4453-92e4-73076a8942a6: start LeaderElection
2019-09-25 07:17:58,231 [90159daf-3c81-4453-92e4-73076a8942a6@group-E9EFF6492E74:LeaderElection176] INFO  impl.LeaderElection (LeaderElection.java:askForVotes(182)) - 90159daf-3c81-4453-92e4-73076a8942a6@group-E9EFF6492E74:LeaderElection176: begin an election at term 1 for -1: [90159daf-3c81-4453-92e4-73076a8942a6:192.168.30.10:36509], old=null
2019-09-25 07:17:58,231 [90159daf-3c81-4453-92e4-73076a8942a6@group-E9EFF6492E74:LeaderElection176] INFO  impl.RoleInfo (RoleInfo.java:shutdownLeaderElection(134)) - 90159daf-3c81-4453-92e4-73076a8942a6: shutdown LeaderElection
2019-09-25 07:17:58,231 [90159daf-3c81-4453-92e4-73076a8942a6@group-E9EFF6492E74:LeaderElection176] INFO  impl.RaftServerImpl (RaftServerImpl.java:setRole(174)) - 90159daf-3c81-4453-92e4-73076a8942a6@group-E9EFF6492E74: changes role from CANDIDATE to LEADER at term 1 for changeToLeader
2019-09-25 07:17:58,231 [90159daf-3c81-4453-92e4-73076a8942a6@group-E9EFF6492E74:LeaderElection176] INFO  impl.RaftServerImpl (ServerState.java:setLeader(253)) - 90159daf-3c81-4453-92e4-73076a8942a6@group-E9EFF6492E74: change Leader from null to 90159daf-3c81-4453-92e4-73076a8942a6 at term 1 for becomeLeader, leader elected after 5203ms
2019-09-25 07:17:58,231 [90159daf-3c81-4453-92e4-73076a8942a6@group-E9EFF6492E74:LeaderElection176] INFO  server.RaftServerConfigKeys (ConfUtils.java:logGet(43)) - raft.server.staging.catchup.gap = 1000 (default)
2019-09-25 07:17:58,232 [90159daf-3c81-4453-92e4-73076a8942a6@group-E9EFF6492E74:LeaderElection176] INFO  server.RaftServerConfigKeys (ConfUtils.java:logGet(43)) - raft.server.rpc.sleep.time = 25ms (default)
2019-09-25 07:17:58,232 [90159daf-3c81-4453-92e4-73076a8942a6@group-E9EFF6492E74:LeaderElection176] INFO  server.RaftServerConfigKeys (ConfUtils.java:logGet(43)) - raft.server.write.element-limit = 4096 (default)
2019-09-25 07:17:58,232 [90159daf-3c81-4453-92e4-73076a8942a6@group-E9EFF6492E74:LeaderElection176] INFO  server.RaftServerConfigKeys (ConfUtils.java:logGet(43)) - raft.server.watch.timeout = 10s (default)
2019-09-25 07:17:58,232 [90159daf-3c81-4453-92e4-73076a8942a6@group-E9EFF6492E74:LeaderElection176] INFO  server.RaftServerConfigKeys (ConfUtils.java:logGet(43)) - raft.server.watch.timeout.denomination = 1s (default)
2019-09-25 07:17:58,232 [90159daf-3c81-4453-92e4-73076a8942a6@group-E9EFF6492E74:LeaderElection176] INFO  server.RaftServerConfigKeys (ConfUtils.java:logGet(43)) - raft.server.watch.element-limit = 65536 (default)
2019-09-25 07:17:58,234 [90159daf-3c81-4453-92e4-73076a8942a6@group-E9EFF6492E74:LeaderElection176] INFO  impl.RoleInfo (RoleInfo.java:updateAndGet(143)) - 90159daf-3c81-4453-92e4-73076a8942a6: start LeaderState
2019-09-25 07:17:58,234 [90159daf-3c81-4453-92e4-73076a8942a6@group-E9EFF6492E74:LeaderElection176] INFO  segmented.SegmentedRaftLogWorker (SegmentedRaftLogWorker.java:startLogSegment(380)) - 90159daf-3c81-4453-92e4-73076a8942a6@group-E9EFF6492E74-SegmentedRaftLogWorker: Starting segment from index:0
2019-09-25 07:17:58,235 [90159daf-3c81-4453-92e4-73076a8942a6@group-E9EFF6492E74:LeaderElection176] INFO  impl.RaftServerImpl (ServerState.java:setRaftConf(354)) - 90159daf-3c81-4453-92e4-73076a8942a6@group-E9EFF6492E74: set configuration 0: [90159daf-3c81-4453-92e4-73076a8942a6:192.168.30.10:36509], old=null at 0
2019-09-25 07:17:58,282 [90159daf-3c81-4453-92e4-73076a8942a6@group-E9EFF6492E74-SegmentedRaftLogWorker] INFO  segmented.SegmentedRaftLogWorker (SegmentedRaftLogWorker.java:execute(569)) - 90159daf-3c81-4453-92e4-73076a8942a6@group-E9EFF6492E74-SegmentedRaftLogWorker: created new log segment /workdir/hadoop-ozone/ozonefs/target/test-dir/MiniOzoneClusterImpl-78b0c751-90b1-4f70-8119-c134e40e838a/datanode-2/data/ratis/06a700cf-b408-4d0e-9117-e9eff6492e74/current/log_inprogress_0
2019-09-25 07:17:58,745 [main] INFO  ozoneimpl.OzoneContainer (OzoneContainer.java:stop(231)) - Attempting to stop container services.
2019-09-25 07:17:58,745 [ForkJoinPool.commonPool-worker-1] INFO  ozoneimpl.OzoneContainer (OzoneContainer.java:stop(231)) - Attempting to stop container services.
2019-09-25 07:17:58,746 [main] INFO  impl.RaftServerProxy (RaftServerProxy.java:lambda$close$4(314)) - fff08b05-7b9b-4778-997a-3a1197d0a18b: close
2019-09-25 07:17:58,746 [ForkJoinPool.commonPool-worker-1] INFO  impl.RaftServerProxy (RaftServerProxy.java:lambda$close$4(314)) - e99140d1-99dc-4b8a-b769-82908fed16ee: close
2019-09-25 07:17:58,746 [main] INFO  impl.RaftServerImpl (RaftServerImpl.java:lambda$shutdown$3(251)) - fff08b05-7b9b-4778-997a-3a1197d0a18b@group-A5CE5D582FCA: shutdown
2019-09-25 07:17:58,747 [ForkJoinPool.commonPool-worker-1] INFO  impl.RaftServerImpl (RaftServerImpl.java:lambda$shutdown$3(251)) - e99140d1-99dc-4b8a-b769-82908fed16ee@group-9A7320B9DCA5: shutdown
2019-09-25 07:17:58,747 [main] INFO  util.JmxRegister (JmxRegister.java:unregister(73)) - Successfully un-registered JMX Bean with object name Ratis:service=RaftServer,group=group-A5CE5D582FCA,id=fff08b05-7b9b-4778-997a-3a1197d0a18b
2019-09-25 07:17:58,747 [ForkJoinPool.commonPool-worker-1] INFO  util.JmxRegister (JmxRegister.java:unregister(73)) - Successfully un-registered JMX Bean with object name Ratis:service=RaftServer,group=group-9A7320B9DCA5,id=e99140d1-99dc-4b8a-b769-82908fed16ee
2019-09-25 07:17:58,748 [main] INFO  impl.RoleInfo (RoleInfo.java:shutdownLeaderState(104)) - fff08b05-7b9b-4778-997a-3a1197d0a18b: shutdown LeaderState
2019-09-25 07:17:58,748 [ForkJoinPool.commonPool-worker-1] INFO  impl.RoleInfo (RoleInfo.java:shutdownLeaderState(104)) - e99140d1-99dc-4b8a-b769-82908fed16ee: shutdown LeaderState
2019-09-25 07:17:58,749 [main] INFO  impl.PendingRequests (PendingRequests.java:sendNotLeaderResponses(202)) - fff08b05-7b9b-4778-997a-3a1197d0a18b-PendingRequests: sendNotLeaderResponses
2019-09-25 07:17:58,749 [ForkJoinPool.commonPool-worker-1] INFO  impl.PendingRequests (PendingRequests.java:sendNotLeaderResponses(202)) - e99140d1-99dc-4b8a-b769-82908fed16ee-PendingRequests: sendNotLeaderResponses
2019-09-25 07:17:58,750 [main] INFO  impl.StateMachineUpdater (StateMachineUpdater.java:stopAndJoin(125)) - fff08b05-7b9b-4778-997a-3a1197d0a18b@group-A5CE5D582FCA-StateMachineUpdater: set stopIndex = 0
2019-09-25 07:17:58,750 [main] INFO  impl.RaftServerImpl (ServerState.java:close(385)) - fff08b05-7b9b-4778-997a-3a1197d0a18b@group-A5CE5D582FCA: closes. applyIndex: 0
2019-09-25 07:17:58,750 [ForkJoinPool.commonPool-worker-1] INFO  impl.StateMachineUpdater (StateMachineUpdater.java:stopAndJoin(125)) - e99140d1-99dc-4b8a-b769-82908fed16ee@group-9A7320B9DCA5-StateMachineUpdater: set stopIndex = 0
2019-09-25 07:17:58,751 [fff08b05-7b9b-4778-997a-3a1197d0a18b@group-A5CE5D582FCA-SegmentedRaftLogWorker] INFO  segmented.SegmentedRaftLogWorker (SegmentedRaftLogWorker.java:run(313)) - fff08b05-7b9b-4778-997a-3a1197d0a18b@group-A5CE5D582FCA-SegmentedRaftLogWorker was interrupted, exiting. There are 0 tasks remaining in the queue.
2019-09-25 07:17:58,751 [ForkJoinPool.commonPool-worker-1] INFO  impl.RaftServerImpl (ServerState.java:close(385)) - e99140d1-99dc-4b8a-b769-82908fed16ee@group-9A7320B9DCA5: closes. applyIndex: 0
2019-09-25 07:17:58,752 [main] INFO  segmented.SegmentedRaftLogWorker (SegmentedRaftLogWorker.java:close(228)) - fff08b05-7b9b-4778-997a-3a1197d0a18b@group-A5CE5D582FCA-SegmentedRaftLogWorker close()
2019-09-25 07:17:58,752 [e99140d1-99dc-4b8a-b769-82908fed16ee@group-9A7320B9DCA5-SegmentedRaftLogWorker] INFO  segmented.SegmentedRaftLogWorker (SegmentedRaftLogWorker.java:run(313)) - e99140d1-99dc-4b8a-b769-82908fed16ee@group-9A7320B9DCA5-SegmentedRaftLogWorker was interrupted, exiting. There are 0 tasks remaining in the queue.
2019-09-25 07:17:58,756 [main] INFO  impl.RaftServerImpl (RaftServerImpl.java:lambda$shutdown$3(251)) - fff08b05-7b9b-4778-997a-3a1197d0a18b@group-8DF37EC4A293: shutdown
2019-09-25 07:17:58,756 [ForkJoinPool.commonPool-worker-1] INFO  segmented.SegmentedRaftLogWorker (SegmentedRaftLogWorker.java:close(228)) - e99140d1-99dc-4b8a-b769-82908fed16ee@group-9A7320B9DCA5-SegmentedRaftLogWorker close()
2019-09-25 07:17:58,756 [main] INFO  util.JmxRegister (JmxRegister.java:unregister(73)) - Successfully un-registered JMX Bean with object name Ratis:service=RaftServer,group=group-8DF37EC4A293,id=fff08b05-7b9b-4778-997a-3a1197d0a18b
2019-09-25 07:17:58,759 [ForkJoinPool.commonPool-worker-1] INFO  impl.RaftServerImpl (RaftServerImpl.java:lambda$shutdown$3(251)) - e99140d1-99dc-4b8a-b769-82908fed16ee@group-EC044ED5C702: shutdown
2019-09-25 07:17:58,759 [main] INFO  impl.RoleInfo (RoleInfo.java:shutdownLeaderState(104)) - fff08b05-7b9b-4778-997a-3a1197d0a18b: shutdown LeaderState
2019-09-25 07:17:58,760 [ForkJoinPool.commonPool-worker-1] INFO  util.JmxRegister (JmxRegister.java:unregister(73)) - Successfully un-registered JMX Bean with object name Ratis:service=RaftServer,group=group-EC044ED5C702,id=e99140d1-99dc-4b8a-b769-82908fed16ee
2019-09-25 07:17:58,760 [main] INFO  impl.PendingRequests (PendingRequests.java:sendNotLeaderResponses(202)) - fff08b05-7b9b-4778-997a-3a1197d0a18b-PendingRequests: sendNotLeaderResponses
2019-09-25 07:17:58,760 [ForkJoinPool.commonPool-worker-1] INFO  impl.RoleInfo (RoleInfo.java:shutdownLeaderState(104)) - e99140d1-99dc-4b8a-b769-82908fed16ee: shutdown LeaderState
2019-09-25 07:17:58,761 [main] INFO  impl.StateMachineUpdater (StateMachineUpdater.java:stopAndJoin(125)) - fff08b05-7b9b-4778-997a-3a1197d0a18b@group-8DF37EC4A293-StateMachineUpdater: set stopIndex = 0
2019-09-25 07:17:58,761 [ForkJoinPool.commonPool-worker-1] INFO  impl.PendingRequests (PendingRequests.java:sendNotLeaderResponses(202)) - e99140d1-99dc-4b8a-b769-82908fed16ee-PendingRequests: sendNotLeaderResponses
2019-09-25 07:17:58,761 [main] INFO  impl.RaftServerImpl (ServerState.java:close(385)) - fff08b05-7b9b-4778-997a-3a1197d0a18b@group-8DF37EC4A293: closes. applyIndex: 0
2019-09-25 07:17:58,762 [ForkJoinPool.commonPool-worker-1] INFO  impl.StateMachineUpdater (StateMachineUpdater.java:stopAndJoin(125)) - e99140d1-99dc-4b8a-b769-82908fed16ee@group-EC044ED5C702-StateMachineUpdater: set stopIndex = 0
2019-09-25 07:17:58,762 [ForkJoinPool.commonPool-worker-1] INFO  impl.RaftServerImpl (ServerState.java:close(385)) - e99140d1-99dc-4b8a-b769-82908fed16ee@group-EC044ED5C702: closes. applyIndex: 0
2019-09-25 07:17:58,762 [fff08b05-7b9b-4778-997a-3a1197d0a18b@group-8DF37EC4A293-SegmentedRaftLogWorker] INFO  segmented.SegmentedRaftLogWorker (SegmentedRaftLogWorker.java:run(313)) - fff08b05-7b9b-4778-997a-3a1197d0a18b@group-8DF37EC4A293-SegmentedRaftLogWorker was interrupted, exiting. There are 0 tasks remaining in the queue.
2019-09-25 07:17:58,762 [e99140d1-99dc-4b8a-b769-82908fed16ee@group-EC044ED5C702-SegmentedRaftLogWorker] INFO  segmented.SegmentedRaftLogWorker (SegmentedRaftLogWorker.java:run(313)) - e99140d1-99dc-4b8a-b769-82908fed16ee@group-EC044ED5C702-SegmentedRaftLogWorker was interrupted, exiting. There are 0 tasks remaining in the queue.
2019-09-25 07:17:58,763 [main] INFO  segmented.SegmentedRaftLogWorker (SegmentedRaftLogWorker.java:close(228)) - fff08b05-7b9b-4778-997a-3a1197d0a18b@group-8DF37EC4A293-SegmentedRaftLogWorker close()
2019-09-25 07:17:58,763 [ForkJoinPool.commonPool-worker-1] INFO  segmented.SegmentedRaftLogWorker (SegmentedRaftLogWorker.java:close(228)) - e99140d1-99dc-4b8a-b769-82908fed16ee@group-EC044ED5C702-SegmentedRaftLogWorker close()
2019-09-25 07:17:58,766 [main] INFO  impl.RaftServerImpl (RaftServerImpl.java:lambda$shutdown$3(251)) - fff08b05-7b9b-4778-997a-3a1197d0a18b@group-7B9AF062645E: shutdown
2019-09-25 07:17:58,768 [ForkJoinPool.commonPool-worker-1] INFO  impl.RaftServerImpl (RaftServerImpl.java:lambda$shutdown$3(251)) - e99140d1-99dc-4b8a-b769-82908fed16ee@group-6C5CDE498D25: shutdown
2019-09-25 07:17:58,769 [main] INFO  util.JmxRegister (JmxRegister.java:unregister(73)) - Successfully un-registered JMX Bean with object name Ratis:service=RaftServer,group=group-7B9AF062645E,id=fff08b05-7b9b-4778-997a-3a1197d0a18b
2019-09-25 07:17:58,769 [main] INFO  impl.RoleInfo (RoleInfo.java:shutdownLeaderState(104)) - fff08b05-7b9b-4778-997a-3a1197d0a18b: shutdown LeaderState
2019-09-25 07:17:58,769 [ForkJoinPool.commonPool-worker-1] INFO  util.JmxRegister (JmxRegister.java:unregister(73)) - Successfully un-registered JMX Bean with object name Ratis:service=RaftServer,group=group-6C5CDE498D25,id=e99140d1-99dc-4b8a-b769-82908fed16ee
2019-09-25 07:17:58,770 [main] INFO  impl.PendingRequests (PendingRequests.java:sendNotLeaderResponses(202)) - fff08b05-7b9b-4778-997a-3a1197d0a18b-PendingRequests: sendNotLeaderResponses
2019-09-25 07:17:58,770 [ForkJoinPool.commonPool-worker-1] INFO  impl.RoleInfo (RoleInfo.java:shutdownLeaderState(104)) - e99140d1-99dc-4b8a-b769-82908fed16ee: shutdown LeaderState
2019-09-25 07:17:58,770 [main] INFO  impl.StateMachineUpdater (StateMachineUpdater.java:stopAndJoin(125)) - fff08b05-7b9b-4778-997a-3a1197d0a18b@group-7B9AF062645E-StateMachineUpdater: set stopIndex = 0
2019-09-25 07:17:58,771 [ForkJoinPool.commonPool-worker-1] INFO  impl.PendingRequests (PendingRequests.java:sendNotLeaderResponses(202)) - e99140d1-99dc-4b8a-b769-82908fed16ee-PendingRequests: sendNotLeaderResponses
2019-09-25 07:17:58,771 [main] INFO  impl.RaftServerImpl (ServerState.java:close(385)) - fff08b05-7b9b-4778-997a-3a1197d0a18b@group-7B9AF062645E: closes. applyIndex: 0
2019-09-25 07:17:58,771 [ForkJoinPool.commonPool-worker-1] INFO  impl.StateMachineUpdater (StateMachineUpdater.java:stopAndJoin(125)) - e99140d1-99dc-4b8a-b769-82908fed16ee@group-6C5CDE498D25-StateMachineUpdater: set stopIndex = 0
2019-09-25 07:17:58,772 [ForkJoinPool.commonPool-worker-1] INFO  impl.RaftServerImpl (ServerState.java:close(385)) - e99140d1-99dc-4b8a-b769-82908fed16ee@group-6C5CDE498D25: closes. applyIndex: 0
2019-09-25 07:17:58,772 [fff08b05-7b9b-4778-997a-3a1197d0a18b@group-7B9AF062645E-SegmentedRaftLogWorker] INFO  segmented.SegmentedRaftLogWorker (SegmentedRaftLogWorker.java:run(313)) - fff08b05-7b9b-4778-997a-3a1197d0a18b@group-7B9AF062645E-SegmentedRaftLogWorker was interrupted, exiting. There are 0 tasks remaining in the queue.
2019-09-25 07:17:58,772 [e99140d1-99dc-4b8a-b769-82908fed16ee@group-6C5CDE498D25-SegmentedRaftLogWorker] INFO  segmented.SegmentedRaftLogWorker (SegmentedRaftLogWorker.java:run(313)) - e99140d1-99dc-4b8a-b769-82908fed16ee@group-6C5CDE498D25-SegmentedRaftLogWorker was interrupted, exiting. There are 0 tasks remaining in the queue.
2019-09-25 07:17:58,772 [main] INFO  segmented.SegmentedRaftLogWorker (SegmentedRaftLogWorker.java:close(228)) - fff08b05-7b9b-4778-997a-3a1197d0a18b@group-7B9AF062645E-SegmentedRaftLogWorker close()
2019-09-25 07:17:58,773 [ForkJoinPool.commonPool-worker-1] INFO  segmented.SegmentedRaftLogWorker (SegmentedRaftLogWorker.java:close(228)) - e99140d1-99dc-4b8a-b769-82908fed16ee@group-6C5CDE498D25-SegmentedRaftLogWorker close()
2019-09-25 07:17:58,775 [main] INFO  impl.RaftServerImpl (RaftServerImpl.java:lambda$shutdown$3(251)) - fff08b05-7b9b-4778-997a-3a1197d0a18b@group-4E68EEB26FE5: shutdown
2019-09-25 07:17:58,778 [ForkJoinPool.commonPool-worker-1] INFO  impl.RaftServerImpl (RaftServerImpl.java:lambda$shutdown$3(251)) - e99140d1-99dc-4b8a-b769-82908fed16ee@group-A06C3A4C64F6: shutdown
2019-09-25 07:17:58,778 [main] INFO  util.JmxRegister (JmxRegister.java:unregister(73)) - Successfully un-registered JMX Bean with object name Ratis:service=RaftServer,group=group-4E68EEB26FE5,id=fff08b05-7b9b-4778-997a-3a1197d0a18b
2019-09-25 07:17:58,779 [ForkJoinPool.commonPool-worker-1] INFO  util.JmxRegister (JmxRegister.java:unregister(73)) - Successfully un-registered JMX Bean with object name Ratis:service=RaftServer,group=group-A06C3A4C64F6,id=e99140d1-99dc-4b8a-b769-82908fed16ee
2019-09-25 07:17:58,779 [main] INFO  impl.RoleInfo (RoleInfo.java:shutdownLeaderState(104)) - fff08b05-7b9b-4778-997a-3a1197d0a18b: shutdown LeaderState
2019-09-25 07:17:58,779 [ForkJoinPool.commonPool-worker-1] INFO  impl.RoleInfo (RoleInfo.java:shutdownLeaderState(104)) - e99140d1-99dc-4b8a-b769-82908fed16ee: shutdown LeaderState
2019-09-25 07:17:58,780 [main] INFO  impl.PendingRequests (PendingRequests.java:sendNotLeaderResponses(202)) - fff08b05-7b9b-4778-997a-3a1197d0a18b-PendingRequests: sendNotLeaderResponses
2019-09-25 07:17:58,780 [ForkJoinPool.commonPool-worker-1] INFO  impl.PendingRequests (PendingRequests.java:sendNotLeaderResponses(202)) - e99140d1-99dc-4b8a-b769-82908fed16ee-PendingRequests: sendNotLeaderResponses
2019-09-25 07:17:58,780 [main] INFO  impl.StateMachineUpdater (StateMachineUpdater.java:stopAndJoin(125)) - fff08b05-7b9b-4778-997a-3a1197d0a18b@group-4E68EEB26FE5-StateMachineUpdater: set stopIndex = 0
2019-09-25 07:17:58,780 [ForkJoinPool.commonPool-worker-1] INFO  impl.StateMachineUpdater (StateMachineUpdater.java:stopAndJoin(125)) - e99140d1-99dc-4b8a-b769-82908fed16ee@group-A06C3A4C64F6-StateMachineUpdater: set stopIndex = 0
2019-09-25 07:17:58,781 [main] INFO  impl.RaftServerImpl (ServerState.java:close(385)) - fff08b05-7b9b-4778-997a-3a1197d0a18b@group-4E68EEB26FE5: closes. applyIndex: 0
2019-09-25 07:17:58,781 [ForkJoinPool.commonPool-worker-1] INFO  impl.RaftServerImpl (ServerState.java:close(385)) - e99140d1-99dc-4b8a-b769-82908fed16ee@group-A06C3A4C64F6: closes. applyIndex: 0
2019-09-25 07:17:58,782 [fff08b05-7b9b-4778-997a-3a1197d0a18b@group-4E68EEB26FE5-SegmentedRaftLogWorker] INFO  segmented.SegmentedRaftLogWorker (SegmentedRaftLogWorker.java:run(313)) - fff08b05-7b9b-4778-997a-3a1197d0a18b@group-4E68EEB26FE5-SegmentedRaftLogWorker was interrupted, exiting. There are 0 tasks remaining in the queue.
2019-09-25 07:17:58,782 [e99140d1-99dc-4b8a-b769-82908fed16ee@group-A06C3A4C64F6-SegmentedRaftLogWorker] INFO  segmented.SegmentedRaftLogWorker (SegmentedRaftLogWorker.java:run(313)) - e99140d1-99dc-4b8a-b769-82908fed16ee@group-A06C3A4C64F6-SegmentedRaftLogWorker was interrupted, exiting. There are 0 tasks remaining in the queue.
2019-09-25 07:17:58,782 [main] INFO  segmented.SegmentedRaftLogWorker (SegmentedRaftLogWorker.java:close(228)) - fff08b05-7b9b-4778-997a-3a1197d0a18b@group-4E68EEB26FE5-SegmentedRaftLogWorker close()
2019-09-25 07:17:58,782 [ForkJoinPool.commonPool-worker-1] INFO  segmented.SegmentedRaftLogWorker (SegmentedRaftLogWorker.java:close(228)) - e99140d1-99dc-4b8a-b769-82908fed16ee@group-A06C3A4C64F6-SegmentedRaftLogWorker close()
2019-09-25 07:17:58,785 [main] INFO  impl.RaftServerImpl (RaftServerImpl.java:lambda$shutdown$3(251)) - fff08b05-7b9b-4778-997a-3a1197d0a18b@group-34E4131D072B: shutdown
2019-09-25 07:17:58,787 [ForkJoinPool.commonPool-worker-1] INFO  impl.RaftServerImpl (RaftServerImpl.java:lambda$shutdown$3(251)) - e99140d1-99dc-4b8a-b769-82908fed16ee@group-95F7334F17C7: shutdown
2019-09-25 07:17:58,788 [main] INFO  util.JmxRegister (JmxRegister.java:unregister(73)) - Successfully un-registered JMX Bean with object name Ratis:service=RaftServer,group=group-34E4131D072B,id=fff08b05-7b9b-4778-997a-3a1197d0a18b
2019-09-25 07:17:58,788 [ForkJoinPool.commonPool-worker-1] INFO  util.JmxRegister (JmxRegister.java:unregister(73)) - Successfully un-registered JMX Bean with object name Ratis:service=RaftServer,group=group-95F7334F17C7,id=e99140d1-99dc-4b8a-b769-82908fed16ee
2019-09-25 07:17:58,788 [main] INFO  impl.RoleInfo (RoleInfo.java:shutdownLeaderState(104)) - fff08b05-7b9b-4778-997a-3a1197d0a18b: shutdown LeaderState
2019-09-25 07:17:58,788 [ForkJoinPool.commonPool-worker-1] INFO  impl.RoleInfo (RoleInfo.java:shutdownLeaderState(104)) - e99140d1-99dc-4b8a-b769-82908fed16ee: shutdown LeaderState
2019-09-25 07:17:58,789 [main] INFO  impl.PendingRequests (PendingRequests.java:sendNotLeaderResponses(202)) - fff08b05-7b9b-4778-997a-3a1197d0a18b-PendingRequests: sendNotLeaderResponses
2019-09-25 07:17:58,789 [ForkJoinPool.commonPool-worker-1] INFO  impl.PendingRequests (PendingRequests.java:sendNotLeaderResponses(202)) - e99140d1-99dc-4b8a-b769-82908fed16ee-PendingRequests: sendNotLeaderResponses
2019-09-25 07:17:58,789 [main] INFO  impl.StateMachineUpdater (StateMachineUpdater.java:stopAndJoin(125)) - fff08b05-7b9b-4778-997a-3a1197d0a18b@group-34E4131D072B-StateMachineUpdater: set stopIndex = 0
2019-09-25 07:17:58,790 [ForkJoinPool.commonPool-worker-1] INFO  impl.StateMachineUpdater (StateMachineUpdater.java:stopAndJoin(125)) - e99140d1-99dc-4b8a-b769-82908fed16ee@group-95F7334F17C7-StateMachineUpdater: set stopIndex = 0
2019-09-25 07:17:58,790 [main] INFO  impl.RaftServerImpl (ServerState.java:close(385)) - fff08b05-7b9b-4778-997a-3a1197d0a18b@group-34E4131D072B: closes. applyIndex: 0
2019-09-25 07:17:58,790 [ForkJoinPool.commonPool-worker-1] INFO  impl.RaftServerImpl (ServerState.java:close(385)) - e99140d1-99dc-4b8a-b769-82908fed16ee@group-95F7334F17C7: closes. applyIndex: 0
2019-09-25 07:17:58,791 [fff08b05-7b9b-4778-997a-3a1197d0a18b@group-34E4131D072B-SegmentedRaftLogWorker] INFO  segmented.SegmentedRaftLogWorker (SegmentedRaftLogWorker.java:run(313)) - fff08b05-7b9b-4778-997a-3a1197d0a18b@group-34E4131D072B-SegmentedRaftLogWorker was interrupted, exiting. There are 0 tasks remaining in the queue.
2019-09-25 07:17:58,791 [e99140d1-99dc-4b8a-b769-82908fed16ee@group-95F7334F17C7-SegmentedRaftLogWorker] INFO  segmented.SegmentedRaftLogWorker (SegmentedRaftLogWorker.java:run(313)) - e99140d1-99dc-4b8a-b769-82908fed16ee@group-95F7334F17C7-SegmentedRaftLogWorker was interrupted, exiting. There are 0 tasks remaining in the queue.
2019-09-25 07:17:58,791 [main] INFO  segmented.SegmentedRaftLogWorker (SegmentedRaftLogWorker.java:close(228)) - fff08b05-7b9b-4778-997a-3a1197d0a18b@group-34E4131D072B-SegmentedRaftLogWorker close()
2019-09-25 07:17:58,791 [ForkJoinPool.commonPool-worker-1] INFO  segmented.SegmentedRaftLogWorker (SegmentedRaftLogWorker.java:close(228)) - e99140d1-99dc-4b8a-b769-82908fed16ee@group-95F7334F17C7-SegmentedRaftLogWorker close()
2019-09-25 07:17:58,794 [main] INFO  impl.RaftServerImpl (RaftServerImpl.java:lambda$shutdown$3(251)) - fff08b05-7b9b-4778-997a-3a1197d0a18b@group-1779DFDFAF16: shutdown
2019-09-25 07:17:58,796 [ForkJoinPool.commonPool-worker-1] INFO  impl.RaftServerImpl (RaftServerImpl.java:lambda$shutdown$3(251)) - e99140d1-99dc-4b8a-b769-82908fed16ee@group-865B49AB352B: shutdown
2019-09-25 07:17:58,796 [main] INFO  util.JmxRegister (JmxRegister.java:unregister(73)) - Successfully un-registered JMX Bean with object name Ratis:service=RaftServer,group=group-1779DFDFAF16,id=fff08b05-7b9b-4778-997a-3a1197d0a18b
2019-09-25 07:17:58,797 [ForkJoinPool.commonPool-worker-1] INFO  util.JmxRegister (JmxRegister.java:unregister(73)) - Successfully un-registered JMX Bean with object name Ratis:service=RaftServer,group=group-865B49AB352B,id=e99140d1-99dc-4b8a-b769-82908fed16ee
2019-09-25 07:17:58,797 [main] INFO  impl.RoleInfo (RoleInfo.java:shutdownLeaderState(104)) - fff08b05-7b9b-4778-997a-3a1197d0a18b: shutdown LeaderState
2019-09-25 07:17:58,797 [ForkJoinPool.commonPool-worker-1] INFO  impl.RoleInfo (RoleInfo.java:shutdownLeaderState(104)) - e99140d1-99dc-4b8a-b769-82908fed16ee: shutdown LeaderState
2019-09-25 07:17:58,798 [main] INFO  impl.PendingRequests (PendingRequests.java:sendNotLeaderResponses(202)) - fff08b05-7b9b-4778-997a-3a1197d0a18b-PendingRequests: sendNotLeaderResponses
2019-09-25 07:17:58,798 [ForkJoinPool.commonPool-worker-1] INFO  impl.PendingRequests (PendingRequests.java:sendNotLeaderResponses(202)) - e99140d1-99dc-4b8a-b769-82908fed16ee-PendingRequests: sendNotLeaderResponses
2019-09-25 07:17:58,798 [main] INFO  impl.StateMachineUpdater (StateMachineUpdater.java:stopAndJoin(125)) - fff08b05-7b9b-4778-997a-3a1197d0a18b@group-1779DFDFAF16-StateMachineUpdater: set stopIndex = 0
2019-09-25 07:17:58,799 [ForkJoinPool.commonPool-worker-1] INFO  impl.StateMachineUpdater (StateMachineUpdater.java:stopAndJoin(125)) - e99140d1-99dc-4b8a-b769-82908fed16ee@group-865B49AB352B-StateMachineUpdater: set stopIndex = 0
2019-09-25 07:17:58,799 [main] INFO  impl.RaftServerImpl (ServerState.java:close(385)) - fff08b05-7b9b-4778-997a-3a1197d0a18b@group-1779DFDFAF16: closes. applyIndex: 0
2019-09-25 07:17:58,799 [ForkJoinPool.commonPool-worker-1] INFO  impl.RaftServerImpl (ServerState.java:close(385)) - e99140d1-99dc-4b8a-b769-82908fed16ee@group-865B49AB352B: closes. applyIndex: 0
2019-09-25 07:17:58,800 [fff08b05-7b9b-4778-997a-3a1197d0a18b@group-1779DFDFAF16-SegmentedRaftLogWorker] INFO  segmented.SegmentedRaftLogWorker (SegmentedRaftLogWorker.java:run(313)) - fff08b05-7b9b-4778-997a-3a1197d0a18b@group-1779DFDFAF16-SegmentedRaftLogWorker was interrupted, exiting. There are 0 tasks remaining in the queue.
2019-09-25 07:17:58,800 [e99140d1-99dc-4b8a-b769-82908fed16ee@group-865B49AB352B-SegmentedRaftLogWorker] INFO  segmented.SegmentedRaftLogWorker (SegmentedRaftLogWorker.java:run(313)) - e99140d1-99dc-4b8a-b769-82908fed16ee@group-865B49AB352B-SegmentedRaftLogWorker was interrupted, exiting. There are 0 tasks remaining in the queue.
2019-09-25 07:17:58,800 [main] INFO  segmented.SegmentedRaftLogWorker (SegmentedRaftLogWorker.java:close(228)) - fff08b05-7b9b-4778-997a-3a1197d0a18b@group-1779DFDFAF16-SegmentedRaftLogWorker close()
2019-09-25 07:17:58,800 [ForkJoinPool.commonPool-worker-1] INFO  segmented.SegmentedRaftLogWorker (SegmentedRaftLogWorker.java:close(228)) - e99140d1-99dc-4b8a-b769-82908fed16ee@group-865B49AB352B-SegmentedRaftLogWorker close()
2019-09-25 07:17:58,803 [main] INFO  server.GrpcService (GrpcService.java:closeImpl(164)) - fff08b05-7b9b-4778-997a-3a1197d0a18b: shutdown server with port 38557 now
2019-09-25 07:17:58,805 [ForkJoinPool.commonPool-worker-1] INFO  server.GrpcService (GrpcService.java:closeImpl(164)) - e99140d1-99dc-4b8a-b769-82908fed16ee: shutdown server with port 36618 now
2019-09-25 07:17:58,808 [main] INFO  server.GrpcService (GrpcService.java:closeImpl(172)) - fff08b05-7b9b-4778-997a-3a1197d0a18b: shutdown server with port 38557 successfully
2019-09-25 07:17:58,810 [ForkJoinPool.commonPool-worker-1] INFO  server.GrpcService (GrpcService.java:closeImpl(172)) - e99140d1-99dc-4b8a-b769-82908fed16ee: shutdown server with port 36618 successfully
2019-09-25 07:17:58,813 [refreshUsed-/workdir/hadoop-ozone/ozonefs/target/test-dir/MiniOzoneClusterImpl-78b0c751-90b1-4f70-8119-c134e40e838a/datanode-0/data/containers] WARN  fs.CachingGetSpaceUsed (CachingGetSpaceUsed.java:run(183)) - Thread Interrupted waiting to refresh disk information: sleep interrupted
2019-09-25 07:17:58,813 [refreshUsed-/workdir/hadoop-ozone/ozonefs/target/test-dir/MiniOzoneClusterImpl-78b0c751-90b1-4f70-8119-c134e40e838a/datanode-1/data/containers] WARN  fs.CachingGetSpaceUsed (CachingGetSpaceUsed.java:run(183)) - Thread Interrupted waiting to refresh disk information: sleep interrupted
2019-09-25 07:17:58,841 [ForkJoinPool.commonPool-worker-1] INFO  utils.BackgroundService (BackgroundService.java:shutdown(148)) - Shutting down service BlockDeletingService
2019-09-25 07:17:58,842 [main] INFO  utils.BackgroundService (BackgroundService.java:shutdown(148)) - Shutting down service BlockDeletingService
2019-09-25 07:17:58,848 [ForkJoinPool.commonPool-worker-1] INFO  statemachine.DatanodeStateMachine (DatanodeStateMachine.java:stopDaemon(395)) - Ozone container server stopped.
2019-09-25 07:17:58,853 [main] INFO  statemachine.DatanodeStateMachine (DatanodeStateMachine.java:stopDaemon(395)) - Ozone container server stopped.
2019-09-25 07:17:58,856 [ForkJoinPool.commonPool-worker-1] INFO  handler.ContextHandler (ContextHandler.java:doStop(910)) - Stopped o.e.j.w.WebAppContext@23d0944b{/,null,UNAVAILABLE}{/hddsDatanode}
2019-09-25 07:17:58,856 [main] INFO  handler.ContextHandler (ContextHandler.java:doStop(910)) - Stopped o.e.j.w.WebAppContext@3a80c534{/,null,UNAVAILABLE}{/hddsDatanode}
2019-09-25 07:17:58,856 [ForkJoinPool.commonPool-worker-1] INFO  server.AbstractConnector (AbstractConnector.java:doStop(318)) - Stopped ServerConnector@72f24a84{HTTP/1.1,[http/1.1]}{0.0.0.0:0}
2019-09-25 07:17:58,858 [ForkJoinPool.commonPool-worker-1] INFO  handler.ContextHandler (ContextHandler.java:doStop(910)) - Stopped o.e.j.s.ServletContextHandler@5342eec5{/static,jar:file:/home/user/.m2/repository/org/apache/hadoop/hadoop-hdds-container-service/0.5.0-SNAPSHOT/hadoop-hdds-container-service-0.5.0-SNAPSHOT.jar!/webapps/static,UNAVAILABLE}
2019-09-25 07:17:58,858 [main] INFO  server.AbstractConnector (AbstractConnector.java:doStop(318)) - Stopped ServerConnector@fd5689d{HTTP/1.1,[http/1.1]}{0.0.0.0:0}
2019-09-25 07:17:58,860 [ForkJoinPool.commonPool-worker-1] INFO  handler.ContextHandler (ContextHandler.java:doStop(910)) - Stopped o.e.j.s.ServletContextHandler@eb91027{/logs,file:///workdir/hadoop-ozone/ozonefs/target/log,UNAVAILABLE}
2019-09-25 07:17:58,860 [main] INFO  handler.ContextHandler (ContextHandler.java:doStop(910)) - Stopped o.e.j.s.ServletContextHandler@a6dffdb{/static,jar:file:/home/user/.m2/repository/org/apache/hadoop/hadoop-hdds-container-service/0.5.0-SNAPSHOT/hadoop-hdds-container-service-0.5.0-SNAPSHOT.jar!/webapps/static,UNAVAILABLE}
2019-09-25 07:17:58,861 [main] INFO  handler.ContextHandler (ContextHandler.java:doStop(910)) - Stopped o.e.j.s.ServletContextHandler@29699283{/logs,file:///workdir/hadoop-ozone/ozonefs/target/log,UNAVAILABLE}
2019-09-25 07:17:59,584 [Datanode State Machine Thread - 0] INFO  statemachine.DatanodeStateMachine (DatanodeStateMachine.java:lambda$startDaemon$0(350)) - Ozone container server started.
2019-09-25 07:18:03,861 [ForkJoinPool.commonPool-worker-1] INFO  ozoneimpl.OzoneContainer (OzoneContainer.java:stop(231)) - Attempting to stop container services.
2019-09-25 07:18:03,862 [ForkJoinPool.commonPool-worker-1] INFO  impl.RaftServerProxy (RaftServerProxy.java:lambda$close$4(314)) - 90159daf-3c81-4453-92e4-73076a8942a6: close
2019-09-25 07:18:03,862 [ForkJoinPool.commonPool-worker-1] INFO  impl.RaftServerImpl (RaftServerImpl.java:lambda$shutdown$3(251)) - 90159daf-3c81-4453-92e4-73076a8942a6@group-555F3790C976: shutdown
2019-09-25 07:18:03,863 [ForkJoinPool.commonPool-worker-1] INFO  util.JmxRegister (JmxRegister.java:unregister(73)) - Successfully un-registered JMX Bean with object name Ratis:service=RaftServer,group=group-555F3790C976,id=90159daf-3c81-4453-92e4-73076a8942a6
2019-09-25 07:18:03,863 [ForkJoinPool.commonPool-worker-1] INFO  impl.RoleInfo (RoleInfo.java:shutdownLeaderState(104)) - 90159daf-3c81-4453-92e4-73076a8942a6: shutdown LeaderState
2019-09-25 07:18:03,863 [ForkJoinPool.commonPool-worker-1] INFO  impl.PendingRequests (PendingRequests.java:sendNotLeaderResponses(202)) - 90159daf-3c81-4453-92e4-73076a8942a6-PendingRequests: sendNotLeaderResponses
2019-09-25 07:18:03,864 [ForkJoinPool.commonPool-worker-1] INFO  impl.StateMachineUpdater (StateMachineUpdater.java:stopAndJoin(125)) - 90159daf-3c81-4453-92e4-73076a8942a6@group-555F3790C976-StateMachineUpdater: set stopIndex = 0
2019-09-25 07:18:03,864 [ForkJoinPool.commonPool-worker-1] INFO  impl.RaftServerImpl (ServerState.java:close(385)) - 90159daf-3c81-4453-92e4-73076a8942a6@group-555F3790C976: closes. applyIndex: 0
2019-09-25 07:18:03,864 [90159daf-3c81-4453-92e4-73076a8942a6@group-555F3790C976-SegmentedRaftLogWorker] INFO  segmented.SegmentedRaftLogWorker (SegmentedRaftLogWorker.java:run(313)) - 90159daf-3c81-4453-92e4-73076a8942a6@group-555F3790C976-SegmentedRaftLogWorker was interrupted, exiting. There are 0 tasks remaining in the queue.
2019-09-25 07:18:03,865 [ForkJoinPool.commonPool-worker-1] INFO  segmented.SegmentedRaftLogWorker (SegmentedRaftLogWorker.java:close(228)) - 90159daf-3c81-4453-92e4-73076a8942a6@group-555F3790C976-SegmentedRaftLogWorker close()
2019-09-25 07:18:03,868 [ForkJoinPool.commonPool-worker-1] INFO  impl.RaftServerImpl (RaftServerImpl.java:lambda$shutdown$3(251)) - 90159daf-3c81-4453-92e4-73076a8942a6@group-44300EF68272: shutdown
2019-09-25 07:18:03,869 [ForkJoinPool.commonPool-worker-1] INFO  util.JmxRegister (JmxRegister.java:unregister(73)) - Successfully un-registered JMX Bean with object name Ratis:service=RaftServer,group=group-44300EF68272,id=90159daf-3c81-4453-92e4-73076a8942a6
2019-09-25 07:18:03,869 [ForkJoinPool.commonPool-worker-1] INFO  impl.RoleInfo (RoleInfo.java:shutdownLeaderState(104)) - 90159daf-3c81-4453-92e4-73076a8942a6: shutdown LeaderState
2019-09-25 07:18:03,869 [ForkJoinPool.commonPool-worker-1] INFO  impl.PendingRequests (PendingRequests.java:sendNotLeaderResponses(202)) - 90159daf-3c81-4453-92e4-73076a8942a6-PendingRequests: sendNotLeaderResponses
2019-09-25 07:18:03,870 [ForkJoinPool.commonPool-worker-1] INFO  impl.StateMachineUpdater (StateMachineUpdater.java:stopAndJoin(125)) - 90159daf-3c81-4453-92e4-73076a8942a6@group-44300EF68272-StateMachineUpdater: set stopIndex = 0
2019-09-25 07:18:03,870 [ForkJoinPool.commonPool-worker-1] INFO  impl.RaftServerImpl (ServerState.java:close(385)) - 90159daf-3c81-4453-92e4-73076a8942a6@group-44300EF68272: closes. applyIndex: 0
2019-09-25 07:18:03,871 [90159daf-3c81-4453-92e4-73076a8942a6@group-44300EF68272-SegmentedRaftLogWorker] INFO  segmented.SegmentedRaftLogWorker (SegmentedRaftLogWorker.java:run(313)) - 90159daf-3c81-4453-92e4-73076a8942a6@group-44300EF68272-SegmentedRaftLogWorker was interrupted, exiting. There are 0 tasks remaining in the queue.
2019-09-25 07:18:03,871 [ForkJoinPool.commonPool-worker-1] INFO  segmented.SegmentedRaftLogWorker (SegmentedRaftLogWorker.java:close(228)) - 90159daf-3c81-4453-92e4-73076a8942a6@group-44300EF68272-SegmentedRaftLogWorker close()
2019-09-25 07:18:03,874 [ForkJoinPool.commonPool-worker-1] INFO  impl.RaftServerImpl (RaftServerImpl.java:lambda$shutdown$3(251)) - 90159daf-3c81-4453-92e4-73076a8942a6@group-47C3B64F509D: shutdown
2019-09-25 07:18:03,874 [ForkJoinPool.commonPool-worker-1] INFO  util.JmxRegister (JmxRegister.java:unregister(73)) - Successfully un-registered JMX Bean with object name Ratis:service=RaftServer,group=group-47C3B64F509D,id=90159daf-3c81-4453-92e4-73076a8942a6
2019-09-25 07:18:03,874 [ForkJoinPool.commonPool-worker-1] INFO  impl.RoleInfo (RoleInfo.java:shutdownLeaderState(104)) - 90159daf-3c81-4453-92e4-73076a8942a6: shutdown LeaderState
2019-09-25 07:18:03,875 [ForkJoinPool.commonPool-worker-1] INFO  impl.PendingRequests (PendingRequests.java:sendNotLeaderResponses(202)) - 90159daf-3c81-4453-92e4-73076a8942a6-PendingRequests: sendNotLeaderResponses
2019-09-25 07:18:03,875 [ForkJoinPool.commonPool-worker-1] INFO  impl.StateMachineUpdater (StateMachineUpdater.java:stopAndJoin(125)) - 90159daf-3c81-4453-92e4-73076a8942a6@group-47C3B64F509D-StateMachineUpdater: set stopIndex = 0
2019-09-25 07:18:03,875 [ForkJoinPool.commonPool-worker-1] INFO  impl.RaftServerImpl (ServerState.java:close(385)) - 90159daf-3c81-4453-92e4-73076a8942a6@group-47C3B64F509D: closes. applyIndex: 0
2019-09-25 07:18:03,876 [90159daf-3c81-4453-92e4-73076a8942a6@group-47C3B64F509D-SegmentedRaftLogWorker] INFO  segmented.SegmentedRaftLogWorker (SegmentedRaftLogWorker.java:run(313)) - 90159daf-3c81-4453-92e4-73076a8942a6@group-47C3B64F509D-SegmentedRaftLogWorker was interrupted, exiting. There are 0 tasks remaining in the queue.
2019-09-25 07:18:03,876 [ForkJoinPool.commonPool-worker-1] INFO  segmented.SegmentedRaftLogWorker (SegmentedRaftLogWorker.java:close(228)) - 90159daf-3c81-4453-92e4-73076a8942a6@group-47C3B64F509D-SegmentedRaftLogWorker close()
2019-09-25 07:18:03,878 [ForkJoinPool.commonPool-worker-1] INFO  impl.RaftServerImpl (RaftServerImpl.java:lambda$shutdown$3(251)) - 90159daf-3c81-4453-92e4-73076a8942a6@group-5829A64D351E: shutdown
2019-09-25 07:18:03,878 [ForkJoinPool.commonPool-worker-1] INFO  util.JmxRegister (JmxRegister.java:unregister(73)) - Successfully un-registered JMX Bean with object name Ratis:service=RaftServer,group=group-5829A64D351E,id=90159daf-3c81-4453-92e4-73076a8942a6
2019-09-25 07:18:03,879 [ForkJoinPool.commonPool-worker-1] INFO  impl.RoleInfo (RoleInfo.java:shutdownLeaderState(104)) - 90159daf-3c81-4453-92e4-73076a8942a6: shutdown LeaderState
2019-09-25 07:18:03,879 [ForkJoinPool.commonPool-worker-1] INFO  impl.PendingRequests (PendingRequests.java:sendNotLeaderResponses(202)) - 90159daf-3c81-4453-92e4-73076a8942a6-PendingRequests: sendNotLeaderResponses
2019-09-25 07:18:03,879 [ForkJoinPool.commonPool-worker-1] INFO  impl.StateMachineUpdater (StateMachineUpdater.java:stopAndJoin(125)) - 90159daf-3c81-4453-92e4-73076a8942a6@group-5829A64D351E-StateMachineUpdater: set stopIndex = 0
2019-09-25 07:18:03,879 [ForkJoinPool.commonPool-worker-1] INFO  impl.RaftServerImpl (ServerState.java:close(385)) - 90159daf-3c81-4453-92e4-73076a8942a6@group-5829A64D351E: closes. applyIndex: 0
2019-09-25 07:18:03,880 [90159daf-3c81-4453-92e4-73076a8942a6@group-5829A64D351E-SegmentedRaftLogWorker] INFO  segmented.SegmentedRaftLogWorker (SegmentedRaftLogWorker.java:run(313)) - 90159daf-3c81-4453-92e4-73076a8942a6@group-5829A64D351E-SegmentedRaftLogWorker was interrupted, exiting. There are 0 tasks remaining in the queue.
2019-09-25 07:18:03,880 [ForkJoinPool.commonPool-worker-1] INFO  segmented.SegmentedRaftLogWorker (SegmentedRaftLogWorker.java:close(228)) - 90159daf-3c81-4453-92e4-73076a8942a6@group-5829A64D351E-SegmentedRaftLogWorker close()
2019-09-25 07:18:03,883 [ForkJoinPool.commonPool-worker-1] INFO  impl.RaftServerImpl (RaftServerImpl.java:lambda$shutdown$3(251)) - 90159daf-3c81-4453-92e4-73076a8942a6@group-AD8CA7184C50: shutdown
2019-09-25 07:18:03,883 [ForkJoinPool.commonPool-worker-1] INFO  util.JmxRegister (JmxRegister.java:unregister(73)) - Successfully un-registered JMX Bean with object name Ratis:service=RaftServer,group=group-AD8CA7184C50,id=90159daf-3c81-4453-92e4-73076a8942a6
2019-09-25 07:18:03,883 [ForkJoinPool.commonPool-worker-1] INFO  impl.RoleInfo (RoleInfo.java:shutdownLeaderState(104)) - 90159daf-3c81-4453-92e4-73076a8942a6: shutdown LeaderState
2019-09-25 07:18:03,883 [ForkJoinPool.commonPool-worker-1] INFO  impl.PendingRequests (PendingRequests.java:sendNotLeaderResponses(202)) - 90159daf-3c81-4453-92e4-73076a8942a6-PendingRequests: sendNotLeaderResponses
2019-09-25 07:18:03,884 [ForkJoinPool.commonPool-worker-1] INFO  impl.StateMachineUpdater (StateMachineUpdater.java:stopAndJoin(125)) - 90159daf-3c81-4453-92e4-73076a8942a6@group-AD8CA7184C50-StateMachineUpdater: set stopIndex = 0
2019-09-25 07:18:03,884 [ForkJoinPool.commonPool-worker-1] INFO  impl.RaftServerImpl (ServerState.java:close(385)) - 90159daf-3c81-4453-92e4-73076a8942a6@group-AD8CA7184C50: closes. applyIndex: 0
2019-09-25 07:18:03,884 [90159daf-3c81-4453-92e4-73076a8942a6@group-AD8CA7184C50-SegmentedRaftLogWorker] INFO  segmented.SegmentedRaftLogWorker (SegmentedRaftLogWorker.java:run(313)) - 90159daf-3c81-4453-92e4-73076a8942a6@group-AD8CA7184C50-SegmentedRaftLogWorker was interrupted, exiting. There are 0 tasks remaining in the queue.
2019-09-25 07:18:03,885 [ForkJoinPool.commonPool-worker-1] INFO  segmented.SegmentedRaftLogWorker (SegmentedRaftLogWorker.java:close(228)) - 90159daf-3c81-4453-92e4-73076a8942a6@group-AD8CA7184C50-SegmentedRaftLogWorker close()
2019-09-25 07:18:03,887 [ForkJoinPool.commonPool-worker-1] INFO  impl.RaftServerImpl (RaftServerImpl.java:lambda$shutdown$3(251)) - 90159daf-3c81-4453-92e4-73076a8942a6@group-E9EFF6492E74: shutdown
2019-09-25 07:18:03,887 [ForkJoinPool.commonPool-worker-1] INFO  util.JmxRegister (JmxRegister.java:unregister(73)) - Successfully un-registered JMX Bean with object name Ratis:service=RaftServer,group=group-E9EFF6492E74,id=90159daf-3c81-4453-92e4-73076a8942a6
2019-09-25 07:18:03,887 [ForkJoinPool.commonPool-worker-1] INFO  impl.RoleInfo (RoleInfo.java:shutdownLeaderState(104)) - 90159daf-3c81-4453-92e4-73076a8942a6: shutdown LeaderState
2019-09-25 07:18:03,888 [ForkJoinPool.commonPool-worker-1] INFO  impl.PendingRequests (PendingRequests.java:sendNotLeaderResponses(202)) - 90159daf-3c81-4453-92e4-73076a8942a6-PendingRequests: sendNotLeaderResponses
2019-09-25 07:18:03,888 [ForkJoinPool.commonPool-worker-1] INFO  impl.StateMachineUpdater (StateMachineUpdater.java:stopAndJoin(125)) - 90159daf-3c81-4453-92e4-73076a8942a6@group-E9EFF6492E74-StateMachineUpdater: set stopIndex = 0
2019-09-25 07:18:03,888 [ForkJoinPool.commonPool-worker-1] INFO  impl.RaftServerImpl (ServerState.java:close(385)) - 90159daf-3c81-4453-92e4-73076a8942a6@group-E9EFF6492E74: closes. applyIndex: 0
2019-09-25 07:18:03,889 [90159daf-3c81-4453-92e4-73076a8942a6@group-E9EFF6492E74-SegmentedRaftLogWorker] INFO  segmented.SegmentedRaftLogWorker (SegmentedRaftLogWorker.java:run(313)) - 90159daf-3c81-4453-92e4-73076a8942a6@group-E9EFF6492E74-SegmentedRaftLogWorker was interrupted, exiting. There are 0 tasks remaining in the queue.
2019-09-25 07:18:03,889 [ForkJoinPool.commonPool-worker-1] INFO  segmented.SegmentedRaftLogWorker (SegmentedRaftLogWorker.java:close(228)) - 90159daf-3c81-4453-92e4-73076a8942a6@group-E9EFF6492E74-SegmentedRaftLogWorker close()
2019-09-25 07:18:03,891 [ForkJoinPool.commonPool-worker-1] INFO  server.GrpcService (GrpcService.java:closeImpl(164)) - 90159daf-3c81-4453-92e4-73076a8942a6: shutdown server with port 36509 now
2019-09-25 07:18:03,894 [ForkJoinPool.commonPool-worker-1] INFO  server.GrpcService (GrpcService.java:closeImpl(172)) - 90159daf-3c81-4453-92e4-73076a8942a6: shutdown server with port 36509 successfully
2019-09-25 07:18:03,899 [refreshUsed-/workdir/hadoop-ozone/ozonefs/target/test-dir/MiniOzoneClusterImpl-78b0c751-90b1-4f70-8119-c134e40e838a/datanode-2/data/containers] WARN  fs.CachingGetSpaceUsed (CachingGetSpaceUsed.java:run(183)) - Thread Interrupted waiting to refresh disk information: sleep interrupted
2019-09-25 07:18:03,922 [ForkJoinPool.commonPool-worker-1] INFO  utils.BackgroundService (BackgroundService.java:shutdown(148)) - Shutting down service BlockDeletingService
2019-09-25 07:18:03,930 [ForkJoinPool.commonPool-worker-1] INFO  statemachine.DatanodeStateMachine (DatanodeStateMachine.java:stopDaemon(395)) - Ozone container server stopped.
2019-09-25 07:18:03,936 [ForkJoinPool.commonPool-worker-1] INFO  handler.ContextHandler (ContextHandler.java:doStop(910)) - Stopped o.e.j.w.WebAppContext@526893f{/,null,UNAVAILABLE}{/hddsDatanode}
2019-09-25 07:18:03,937 [ForkJoinPool.commonPool-worker-1] INFO  server.AbstractConnector (AbstractConnector.java:doStop(318)) - Stopped ServerConnector@3de45b6c{HTTP/1.1,[http/1.1]}{0.0.0.0:0}
2019-09-25 07:18:03,939 [ForkJoinPool.commonPool-worker-1] INFO  handler.ContextHandler (ContextHandler.java:doStop(910)) - Stopped o.e.j.s.ServletContextHandler@77204651{/static,jar:file:/home/user/.m2/repository/org/apache/hadoop/hadoop-hdds-container-service/0.5.0-SNAPSHOT/hadoop-hdds-container-service-0.5.0-SNAPSHOT.jar!/webapps/static,UNAVAILABLE}
2019-09-25 07:18:03,941 [ForkJoinPool.commonPool-worker-1] INFO  handler.ContextHandler (ContextHandler.java:doStop(910)) - Stopped o.e.j.s.ServletContextHandler@72a33316{/logs,file:///workdir/hadoop-ozone/ozonefs/target/log,UNAVAILABLE}
2019-09-25 07:18:03,942 [main] INFO  ozone.MiniOzoneClusterImpl (MiniOzoneClusterImpl.java:stopSCM(392)) - Stopping the StorageContainerManager
2019-09-25 07:18:03,942 [main] INFO  server.StorageContainerManager (StorageContainerManager.java:stop(808)) - Stopping Replication Manager Service.
2019-09-25 07:18:03,943 [main] INFO  container.ReplicationManager (ReplicationManager.java:stop(204)) - Stopping Replication Monitor Thread.
2019-09-25 07:18:03,943 [main] INFO  server.StorageContainerManager (StorageContainerManager.java:stop(815)) - Stopping Lease Manager of the command watchers
2019-09-25 07:18:03,943 [main] INFO  server.StorageContainerManager (StorageContainerManager.java:stop(822)) - Stopping datanode service RPC server
2019-09-25 07:18:03,943 [main] INFO  server.SCMDatanodeProtocolServer (SCMDatanodeProtocolServer.java:stop(367)) - Stopping the RPC server for DataNodes
2019-09-25 07:18:03,944 [main] INFO  ipc.Server (Server.java:stop(3082)) - Stopping server on 35708
2019-09-25 07:18:03,946 [IPC Server listener on 35708] INFO  ipc.Server (Server.java:run(1185)) - Stopping IPC Server listener on 35708
2019-09-25 07:18:03,948 [IPC Server Responder] INFO  ipc.Server (Server.java:run(1319)) - Stopping IPC Server Responder
2019-09-25 07:18:03,974 [SCM Heartbeat Processing Thread - 0] WARN  node.NodeStateManager (NodeStateManager.java:scheduleNextHealthCheck(655)) - Current Thread is interrupted, shutting down HB processing thread for Node Manager.
2019-09-25 07:18:03,974 [main] INFO  server.StorageContainerManager (StorageContainerManager.java:stop(830)) - Stopping block service RPC server
2019-09-25 07:18:03,975 [main] INFO  server.SCMBlockProtocolServer (SCMBlockProtocolServer.java:stop(155)) - Stopping the RPC server for Block Protocol
2019-09-25 07:18:03,975 [main] INFO  ipc.Server (Server.java:stop(3082)) - Stopping server on 33066
2019-09-25 07:18:03,978 [IPC Server listener on 33066] INFO  ipc.Server (Server.java:run(1185)) - Stopping IPC Server listener on 33066
2019-09-25 07:18:03,978 [main] INFO  server.StorageContainerManager (StorageContainerManager.java:stop(837)) - Stopping the StorageContainerLocationProtocol RPC server
2019-09-25 07:18:03,979 [main] INFO  server.SCMClientProtocolServer (SCMClientProtocolServer.java:stop(159)) - Stopping the RPC server for Client Protocol
2019-09-25 07:18:03,979 [main] INFO  ipc.Server (Server.java:stop(3082)) - Stopping server on 36821
2019-09-25 07:18:03,979 [IPC Server Responder] INFO  ipc.Server (Server.java:run(1319)) - Stopping IPC Server Responder
2019-09-25 07:18:03,984 [IPC Server listener on 36821] INFO  ipc.Server (Server.java:run(1185)) - Stopping IPC Server listener on 36821
2019-09-25 07:18:03,984 [main] INFO  server.StorageContainerManager (StorageContainerManager.java:stop(844)) - Stopping Storage Container Manager HTTP server.
2019-09-25 07:18:03,986 [IPC Server Responder] INFO  ipc.Server (Server.java:run(1319)) - Stopping IPC Server Responder
2019-09-25 07:18:03,987 [main] INFO  handler.ContextHandler (ContextHandler.java:doStop(910)) - Stopped o.e.j.w.WebAppContext@19a7906c{/,null,UNAVAILABLE}{/scm}
2019-09-25 07:18:03,988 [main] INFO  server.AbstractConnector (AbstractConnector.java:doStop(318)) - Stopped ServerConnector@1da5c19d{HTTP/1.1,[http/1.1]}{0.0.0.0:0}
2019-09-25 07:18:03,988 [main] INFO  handler.ContextHandler (ContextHandler.java:doStop(910)) - Stopped o.e.j.s.ServletContextHandler@288409f0{/static,jar:file:/home/user/.m2/repository/org/apache/hadoop/hadoop-hdds-server-scm/0.5.0-SNAPSHOT/hadoop-hdds-server-scm-0.5.0-SNAPSHOT.jar!/webapps/static,UNAVAILABLE}
2019-09-25 07:18:03,989 [main] INFO  handler.ContextHandler (ContextHandler.java:doStop(910)) - Stopped o.e.j.s.ServletContextHandler@727dcc64{/logs,file:///workdir/hadoop-ozone/ozonefs/target/log,UNAVAILABLE}
2019-09-25 07:18:03,990 [main] INFO  server.StorageContainerManager (StorageContainerManager.java:stop(855)) - Stopping Block Manager Service.
2019-09-25 07:18:03,990 [main] INFO  utils.BackgroundService (BackgroundService.java:shutdown(148)) - Shutting down service SCMBlockDeletingService
2019-09-25 07:18:03,991 [main] INFO  utils.BackgroundService (BackgroundService.java:shutdown(148)) - Shutting down service SCMBlockDeletingService
2019-09-25 07:18:03,991 [main] INFO  server.StorageContainerManager (StorageContainerManager.java:stop(877)) - Stopping SCM Event Queue.
2019-09-25 07:18:04,003 [main] INFO  impl.MetricsSystemImpl (MetricsSystemImpl.java:stop(210)) - Stopping HddsDatanode metrics system...
2019-09-25 07:18:04,013 [main] INFO  impl.MetricsSystemImpl (MetricsSystemImpl.java:stop(216)) - HddsDatanode metrics system stopped.
]]></system-out>
  </testcase>
</testsuite>